1.1.1.10.24.2.5.6.2
1.1.1.17.15.2.5.7.18.1
1.1.1.61.42
1.1.1.137.5.1.1.1.30.1
1.1.1.256.19.1.4.4.1
1.1.1.311.5.1
1.1.1.333.10.1.7.2.4
1.1.1.336.5.1.14.5
1.1.1.342.50.6.7.12.12.6.14
1.1.1.421.12.2.4
1.1.1.434.5.1.3
1.1.1.475.5.1.2.2.15
1.1.1.510.5.1.2.1.11.5
1.1.1.670.17.2.8
1.1.1.693.23.2.6.5.5.2
1.1.1.709.16
1.1.1.831.5.1.2.2
1.1.1.833.32.2.24.3
1.1.1.900.12
1.1.1.957.16.1.4.16
1.1.1.1003.13.1.11
1.1.1.1020.13.2.12.1.2
1.1.1.1174.17.2.11.1.1.1
1.1.1.1180.5.1.5
1.1.1.1204.30.1.13.11
1.1.1.1240.11.1.4
1.1.1.1326.5.1.9.1
1.1.1.1362.5.1.7.4.7.5.7
1.1.1.1468.9.2.4.5
1.1.1.1510.5.1.14.2.28.2.20
1.1.1.1517.5.1.6.18.15.3
1.1.1.1574.5.1.5.2.23.2.2
1.1.1.1673.16.2
1.1.1.1674.25.2.9.5.18
1.1.1.1728.5.1.11.3.5
1.1.1.1738.10.3.4
1.1.1.1778.5.1.10
1.1.1.1785.5.1.5.6.17.5.7.2
1.1.1.1817.5.1.7.1
1.1.1.1876.8.1.4.4.9
1.1.1.1908.5.1.4.4
1.1.1.1908.17.1.9.5
1.1.1.2051.14.3.6.10.22
1.1.1.2099.5.1.28.12
1.1.1.2147.5.1.18.3.31
1.1.1.2207.5.1.5.3.3.2.18
1.1.1.2226.5.1.1.1
1.1.1.2227.14.1.6.1
1.1.1.2259.5.1.3.2.12.1.2
1.1.1.2339.27.1.17
1.1.1.2360.5.1
1.1.1.2409.5.1.10.26.10
1.1.1.2486.5.1.2.1.1.1.5
1.1.1.2498.19.1.4.1
1.1.1.2515.14.4.5
1.1.1.2523.9.1.29
1.1.1.2604.5.1
1.1.1.2688.13.1.4
1.1.1.2783.5.1.4.4.17.2
1.1.1.2813.5.1.12.11
1.1.1.2898.10.1.9
1.1.1.2915.5.1.3.19
1.1.1.2954.5.1.5.2
1.1.1.3003.5.1.4.3
1.1.1.3027.5.1
1.1.1.3201.37.2.25
1.1.1.3244.13.2.24
1.1.1.3268.5.1.4.2.3.2.17
1.1.2.3322.27.2.13.8.12.3
1.1.2.3334.30.1.25.12
1.1.2.3545.9.1.14
1.1.2.3620.5.1.26.2.3.2
1.1.2.3623.5.1.3.2.4.1.8
1.1.2.3629.13.1.8.2.3.3
1.1.2.3655.40.2.4
1.1.2.3679.17.1.4
1.1.2.3754.21.3.6.10.29
1.1.2.3779.10.1.4.3
1.1.2.3812.9.1.25
1.1.2.3916.14.2.12
1.1.2.4035.18.2.24.3.10.3
1.1.2.4044.5.1.6.5.16
1.1.2.4095.5.1.3.1
1.1.2.4199.20.1.21.20
1.1.2.4316.14.2.6.11
1.1.2.4346.32.2.24.12
1.1.2.4469.14.1.34.10.5.4.11
1.1.2.4471.5.1
1.1.2.4488.17.2.34
1.1.2.4553.13.1.5.3
1.1.2.4605.5.1.3.2
1.1.2.4894.9.3.4.13
1.1.2.4903.5.1.16.17
1.1.2.5007.14.1.11.21
1.1.2.5011.5.1
1.1.2.5095.15.2.10.2.23
1.1.2.5160.5.1.5.1.6
1.1.2.5264.44.1.8
1.1.2.5274.5.1.1
1.1.2.5336.25.1.25.3
1.1.2.5357.5.1
1.1.2.5435.42
1.1.2.5496.14.4
1.1.2.5512.5.1.2.10
1.1.2.5620.19.1.4.4.1
1.1.2.5685.10.1.4
1.1.2.5717.18.2.14.6.2
1.1.2.5730.16.2.6.1.1
1.1.2.5748.21.1.8
1.1.2.5821.12.2.4
1.1.2.5847.56.4
1.1.2.5866.5.1.3
1.1.2.5887.13.4
1.1.2.6034.8.1.14
1.1.2.6060.17.2.8
1.1.2.6083.23.2.6.5.5.2
1.1.2.6099.16
1.1.2.6183.17.3.13.1.7
1.1.2.6228.14.2.9.15.5
1.1.2.6254.5.1.7.8.20.1.2
1.1.2.6341.16.1.4.16
1.1.2.6566.27.2.18.1.1.3
1.1.2.6596.30.1.13.11
1.1.2.6745.5.1.7.4.7.5.7
1.1.2.6833.9.1.4
1.1.2.6876.3
1.1.2.6881.25.4.14
1.1.2.6886.5.1.6.13.13.3
1.1.2.6943.5.1.5.2.23.2.2
1.1.2.7042.13.3.10.1.5.2
1.1.2.7101.5.1.7.3.5
1.1.2.7127.5.1
1.1.2.7162.5.1.10
1.1.2.7169.5.1.5.8.18.5.7.2
1.1.2.7201.5.1.7.1
1.1.2.7260.8.1.4.4.9
1.1.2.7304.8.1.11.7
1.1.2.7438.14.3.6.10.22
1.1.2.7535.5.1.18.3.31
1.1.2.7595.5.1.5.3.3.2.18
1.1.2.7614.5.1.1.1
1.1.2.7615.14.1.6.1
1.1.2.7653.3
1.1.2.7679.5.1.19.4.10
1.1.2.7692.5.1.3.1
1.1.2.7809.5.1.2.2.16
1.1.2.7883.5.1.2.1.1.1.5
1.1.2.7895.19.1.4.1
1.1.2.7912.14.4.5
1.1.2.7920.9.1.29
1.1.2.8002.5.1
1.1.2.8040.10.1.12
1.1.2.8091.13.1.4
1.1.2.8174.5.1.1.1.12.4
1.1.2.8205.5.1.12.24
1.1.2.8280.5.1.2.1
1.1.2.8348.5.1.5.2
1.1.2.8397.5.1.8.4
1.1.2.8421.5.1
1.1.2.8606.5.1
1.1.2.8606.8.2.8.3
1.1.2.8643.5.1.4.1.2.2.7
1.1.2.8718.3
1.1.2.8748.5.1.1
1.1.2.8945.5.1.17.9
1.1.2.8951.9.1.14
1.1.2.9026.5.1.26.2.3.2
1.1.2.9037.5.1.6.18.25.5
1.1.2.9068.19.5
1.1.2.9109.5.1.2.2
1.1.2.9202.10.1.4.3
1.1.2.9289.9.1.18
1.1.2.9388.10.2.10
1.1.2.9483.14.2.9
1.1.2.9530.5.1.3.1
1.1.2.9632.9.2.4.4
1.1.2.9894.5.1.22
1.1.2.10002.13.1.5.3
1.1.2.10052.5.1.3.2
1.1.2.10121.5.1
1.1.2.10155.5.1.3
1.1.2.10373.9.3.4.13
1.1.2.10482.8.3.8.24
1.1.2.10544.15.3.6.1
1.1.2.10579.5.1.1.7.14
1.1.2.10640.5.1.5.1.6
1.1.2.10740.44.1.8
1.1.2.10750.5.1.1
1.1.2.10779.5.1
1.1.2.10846.5.1
1.1.2.10920.26.2.23.6
1.1.2.11002.5.1.1.1.30.1
1.1.2.11117.14.2.23.31.18.14
1.1.2.11183.5.1
1.1.2.11205.10.1.7.2.4
1.1.2.11208.5.1.14.5
1.1.2.11214.50.6.7.12.12.6.14
1.1.2.11255.5.1
1.1.2.11321.5.1.2
1.1.2.11356.5.1.2.2.15
1.1.2.11375.13.4
1.1.2.11556.17.2.8
1.1.2.11595.16
1.1.2.11721.5.1.2
1.1.2.11736.47.2.12.5.6.4.23
1.1.2.11775.5.1.9.2
1.1.2.11808.8.1.5.8
1.1.2.11846.13.1.11
1.1.2.11863.13.2.12.1.2
1.1.2.12024.5.1.5
1.1.2.12048.30.1.13.11
1.1.2.12068.22.2.11.17.4.1
1.1.2.12201.5.1.7.4.7.5.7
1.1.2.12286.9.1.4
1.1.2.12340.5.1.14.2.28.2.20
1.1.2.12347.5.1.6.18.15.3
1.1.2.12403.19.5.25.11.24
1.1.2.12502.16.2
1.1.2.12503.25.2.9.23.30
1.1.2.12550.5.1.12.3.5
1.1.2.12576.5.1
1.1.2.12611.5.1.10
1.1.2.12618.5.1.5.8.18.5.7.2
1.1.2.12648.5.1.7.1
1.1.2.12707.8.1.4.4.9
1.1.2.12760.5.1.2.2.3.1.20
1.1.2.12766.5.1.17.12.4.1
1.1.2.12875.12.1.4.3
1.1.2.12955.5.1.18.3.31
1.1.2.13033.5.1.1.1
1.1.2.13034.14.1.6.1
1.1.2.13066.5.1.3.2.12.1.2
1.1.2.13096.5.1.2.1.5
1.1.2.13222.9.2.16.7.1
1.1.2.13222.9.2.16.9
1.1.2.13306.5.1.2.1.1.1.5
1.1.2.13318.19.1.4.1
1.1.2.13335.11.1.6.12
1.1.2.13338.31.2.15
1.1.2.13468.13.1.4
1.1.2.13563.5.1.1.1.12.4
1.1.2.13583.5.1.2.12.56
1.1.2.13592.5.1.12.11
1.1.2.13668.5.1.2.1
1.1.2.13795.5.1.8.4
1.1.2.13819.5.1
1.1.2.13998.10.1.8.23
1.1.2.14047.5.1
1.1.2.14067.23.4.14.1.3.6.25
1.1.2.14138.5.1.2.2.3
1.1.2.14149.34.4.6.1.1.1
1.1.2.14153.15.1.7
1.1.2.14334.9.1.14
1.1.2.14425.5.1.6.18.25.5
1.1.2.14456.19.5
1.1.2.14470.40.2.4
1.1.2.14501.5.1.15.1
1.1.2.14553.19.2.11.19.2
1.1.2.14570.5.1.7.2
1.1.2.14601.5.1.2
1.1.2.14629.9.1.25
1.1.2.14676.9.1.18
1.1.2.14726.58.2
1.1.2.14757.10.2.10
1.1.2.14853.14.2.9
1.1.2.15013.9.2.4.4
1.1.2.15279.5.1.19
1.1.2.15290.5.1.3.3.22.2
1.1.3.15378.13.1.5.3
1.1.3.15434.5.1.1.9.3.1
1.1.3.15441.5.1
1.1.3.15502.37.5
1.1.3.15534.5.1.3
1.1.3.15672.6
1.1.3.15747.9.3.4.13
1.1.3.15756.5.1.16.17
1.1.3.15856.5.1.8.1.24.8.19
1.1.3.15859.5.1.2.2.37.1
1.1.3.15895.5.1
1.1.3.15952.5.1.1.7.14
1.1.3.15997.45.1.30
1.1.3.16007.5.1.5.1.6
1.1.3.16094.12.1.5
1.1.3.16095.5.1.2.1.2.1.1
1.1.3.16104.5.1.1
1.1.3.16170.25.1.25.3
1.1.3.16191.5.1
1.1.3.16233.5.1
1.1.3.16263.42
1.1.3.16339.5.1.1.1.30.1
1.1.3.16464.5.1.15.1.6.6.6.5
1.1.3.16465.5.1.1.3
1.1.3.16520.5.1
1.1.3.16542.10.1.7.2.4
1.1.3.16545.5.1.14.5
1.1.3.16658.5.1.3
1.1.3.16692.5.1.17
1.1.3.16734.5.1.2.2.5.13
1.1.3.16912.5.1.18.6
1.1.3.17002.17.3.13.1.7
1.1.3.17041.5.1.2
1.1.3.17146.16.1.4.16
1.1.3.17355.17.2.11.1.1.1
1.1.3.17386.18.1.7.11.18
1.1.3.17542.5.1.7.4.7.5.7
1.1.3.17700.5.1.14.2.28.2.20
1.1.3.17706.65.2.4.16.11
1.1.3.17767.5.1.5.2.23.2.2
1.1.3.17858.11.1.15
1.1.3.17864.13.5.16.13
1.1.3.17865.18.6.18.17.24
1.1.3.17910.5.1.32
1.1.3.17932.5.1
1.1.3.17967.5.1.10
1.1.3.17974.5.1.5.8.18.5.7.2
1.1.3.18006.5.1.7.1
1.1.3.18065.8.1.4.4.9
1.1.3.18118.5.1.2.2.3.1.20
1.1.3.18126.14.4.8
1.1.3.18265.5.1.15.1.4.1.25
1.1.3.18270.5.1.12.11
1.1.3.18299.5.1.14.14
1.1.3.18355.5.1.18.3.31
1.1.3.18415.5.1.5.3.3.2.18
1.1.3.18434.5.1.1.1
1.1.3.18435.14.1.6.1
1.1.3.18467.5.1.3.2.12.1.2
1.1.3.18626.5.1.2.2.16
1.1.3.18705.5.1.2
1.1.3.18726.33.4.5.12.22.4.9
1.1.3.18744.21.3.9
1.1.3.18748.31.2.15
1.1.3.18886.13.1.4
1.1.3.18982.5.1.1.1.12.4
1.1.3.19002.5.1.2.12.56
1.1.3.19011.5.1.12.11
1.1.3.19097.10.1.9
1.1.3.19200.5.1.8.4
1.1.3.19224.5.1
1.1.3.19415.9.1.8
1.1.3.19417.9.1.4
1.1.3.19473.5.1
1.1.3.19496.23.4.14.1.3.5.12
1.1.3.19577.10.1.4.1
1.1.3.19774.5.1.16.2
1.1.3.19780.9.1.14
1.1.3.19855.5.1.26.2.3.2
1.1.3.19866.5.1.6.18.25.5
1.1.3.19892.19.5
1.1.3.19906.40.2.4
1.1.3.19930.17.1.4
1.1.3.20002.51.3.6.7.6
1.1.3.20027.10.1.4.3
1.1.3.20107.9.1.18
1.1.3.20187.10.2.10
1.1.3.20208.5.1
1.1.3.20221.41.1.13.3.2
1.1.3.20230.5.1.5.2
1.1.3.20284.14.2.9
1.1.3.20318.5.1
1.1.3.20388.12.1.8
1.1.3.20458.5.1.5.1.26
1.1.3.20468.6
1.1.3.20612.32.2.24.12
1.1.3.20738.5.1.19
1.1.3.20846.13.1.5.3
1.1.3.20896.5.1.3.2
1.1.3.20903.5.1
1.1.3.20961.5.1
1.1.3.20964.13.2.4
1.1.3.20993.5.1.2
1.1.3.21135.6
1.1.3.21216.9.3.4.13
1.1.3.21325.11.2.4.2
1.1.3.21385.15.3.6.1
1.1.3.21413.5.1.4
1.1.3.21431.11.2.8
1.1.3.21477.5.1.5.1.6
1.1.3.21567.23.4.7.6
1.1.3.21685.24.2.5.6.2
1.1.3.21692.15.2.5.7.18.1
1.1.3.21736.42
1.1.3.21812.5.1.1.1.30.1
1.1.3.21931.25.2.18.10.20.2
1.1.3.21985.5.1
1.1.3.22008.27.2.14.8.1
1.1.3.22021.16.2.6.1.1
1.1.3.22039.21.1.8
1.1.3.22122.5.1.3
1.1.3.22144.18.4
1.1.3.22178.5.1
1.1.3.22186.5.1.9
1.1.3.22356.17.2.8
1.1.3.22395.16
1.1.3.22475.17.3.13.1.7
1.1.3.22515.5.1.2
1.1.3.22570.13.2.4
1.1.3.22632.5.1.2
1.1.3.22666.13.1.23
1.1.3.22683.13.2.12.1.2
1.1.3.22870.17.2.11.1.1.3
1.1.3.22900.30.1.13.11
1.1.3.22919.32.1.23
1.1.3.23061.5.1.7.4.7.5.7
1.1.3.23213.5.1.14.2.28.2.20
1.1.3.23219.65.2.4.16.11
1.1.3.23280.5.1.5.2.23.2.2
1.1.3.23372.16.2
1.1.3.23373.25.2.9.23.30
1.1.3.23416.21.1.9.1.3
1.1.3.23436.5.1
1.1.3.23487.5.1.1.1.2.1.1
1.1.3.23570.8.1.4.4.9
1.1.3.23612.5.1.2.2.3.1.46
1.1.3.23620.14.4.8
1.1.3.23747.14.3.6.10.22
1.1.3.23840.5.1.18.3.31
1.1.3.23915.5.1.1.1
1.1.3.23916.14.1.6.1
1.1.3.23948.5.1.3.2.12.1.2
1.1.3.24028.27.1.17
1.1.3.24049.5.1
1.1.3.24098.5.1.10.26.10
1.1.3.24175.18.1.4.2
1.1.3.24215.21.3.9
1.1.3.24219.31.2.15
1.1.3.24461.5.1.1.1.12.4
1.1.3.24481.5.1.2.12.56
1.1.3.24490.5.1.12.11
1.1.3.24565.5.1.2.1
1.1.3.24632.5.1.5.2
1.1.3.24834.24.2.17.1
1.1.3.24836.5.1.2.2.5
1.1.3.24838.14.1.4
1.1.3.24877.5.1.3
1.1.3.24923.13.2.24
1.1.3.24947.5.1.4.2.3.2.17
1.1.3.25022.5.1.2.2.3
1.1.3.25196.15.3
1.1.3.25228.5.1.17.9
1.1.3.25234.9.1.14
1.1.3.25309.5.1.26.2.3.2
1.1.3.25320.5.1.6.18.25.5
1.1.3.25346.19.5
1.1.3.25360.40.2.4
1.1.3.25384.17.1.4
1.1.3.25452.51.3.6.7.6
1.1.3.25476.10.1.4.3
1.1.3.25556.9.1.18
1.1.3.25641.10.2.10
1.1.3.25662.5.1
1.1.3.25675.41.1.13.3.2
1.1.3.25684.5.1.5.2
1.1.3.25738.14.2.9
1.1.3.25785.5.1.3.1
1.1.3.25890.9.2.4.4
1.1.3.26026.32.2.24.12
1.1.3.26140.5.1.19
1.1.3.26151.5.1.3.3.22.2
1.1.3.26248.13.1.5.3
1.1.3.26304.5.1.1.9.3.1
1.1.3.26408.5.1.2.2.8
1.1.3.26546.6
1.1.3.26621.9.3.4.13
1.1.3.26630.5.1.16.17
1.1.3.26730.11.2.4.2
1.1.3.26819.15.2.10.2.23
1.1.3.26886.38.1.4.9
1.1.3.26971.12.1.5
1.1.3.26972.16.1.4.1.18
1.1.3.27071.5.1
1.1.3.27087.14.3.7.2.16.3.11
1.1.3.27093.15.2.5.7.18.1
1.1.3.27138.42
1.1.3.27216.5.1.1.1.30.1
1.1.3.27277.5.1.2.1
1.1.3.27338.14.2.23.31.18.14
1.1.3.27401.10.1.4
1.1.3.27433.18.2.14.6.2
1.1.3.27446.16.2.6.1.1
1.1.3.27464.21.1.8
1.1.3.27549.5.1.3
1.1.3.27571.18.4
1.1.3.27591.16.3.5
1.1.3.27609.5.1
1.1.3.27617.5.1.9
1.1.3.27793.17.2.8
1.1.3.27832.16
1.1.3.27951.14.2.9.15.5
1.1.3.28051.5.1.2
1.1.3.28287.17.2.11.1.1.1
1.1.3.28317.30.1.13.11
1.1.3.28338.35.2.20.9.9.2
1.1.3.28474.5.1.7.4.7.5.7
1.1.4.127.5.1.14.2.28.2.20
1.1.4.133.65.2.4.16.11
1.1.4.194.5.1.5.2.23.2.2
1.1.4.289.16.2
1.1.4.290.25.2.9.23.30
1.1.4.347.14.1.19.16
1.1.4.356.15
1.1.4.397.5.1.22
1.1.4.404.5.1.5.8.17.9.40.13
1.1.4.434.5.1.7.1
1.1.4.493.8.1.4.4.9
1.1.4.538.8.1.11.7
1.1.4.673.13.1.31.2.5
1.1.4.754.5.1.18.3.31
1.1.4.809.5.1.5.3.3.2.18
1.1.4.828.5.1.1.1
1.1.4.829.14.1.6.1
1.1.4.861.5.1.3.2.12.1.2
1.1.4.941.27.1.17
1.1.4.962.5.1
1.1.4.1011.5.1.10.26.10
1.1.4.1094.18.1.4.2
1.1.4.1134.5.1.18.7.9
1.1.4.1212.5.1
1.1.4.1250.10.1.12
1.1.4.1312.5.1.5.3
1.1.4.1395.5.1.1.1.12.4
1.1.4.1426.5.1.12.24
1.1.4.1512.10.1.9
1.1.4.1574.5.1.5.2
1.1.4.1625.5.1.8.4
1.1.4.1649.5.1
1.1.4.1832.5.1
1.1.4.1832.8.2.8.3
1.1.4.1869.5.1.4.1.2.2.7
1.1.4.1969.5.1.2.2.3
1.1.4.2144.15.3
1.1.4.2172.9.1.14
1.1.4.2258.5.1.6.18.25.5
1.1.4.2284.19.5
1.1.4.2298.40.2.4
1.1.4.2322.17.1.4
1.1.4.2372.19.2.11.19.2
1.1.4.2391.5.1.7.2
1.1.4.2421.5.1.2
1.1.4.2449.9.1.25
1.1.4.2501.5.1
1.1.4.2550.14.2.12
1.1.4.2598.10.2.10
1.1.4.2698.14.2.9
1.1.4.2800.12.1.8
1.1.4.2870.5.1.5.1.26
1.1.4.2880.6
1.1.4.2957.14.3.11.14
1.1.4.3015.32.2.24.12
1.1.4.3131.22.7.7
1.1.4.3140.5.1.2.2.24.2.2
1.1.4.3148.17.2.59
1.1.4.3213.13.1.5.3
1.1.4.3263.14.2.8.3.19
1.1.4.3302.5.1
1.1.4.3332.5.1
1.1.4.3366.37.2.6
1.1.4.3410.5.1.1.6.9.2.60
1.1.4.3410.10.1.6
1.1.4.3499.6
1.1.4.3578.5.1.14.12.5.1
1.1.4.3589.9.3.4.13
1.1.4.3698.8.3.8.24
1.1.4.3742.5.1
1.1.4.3791.8.1.30.2
1.1.4.3795.5.1
1.1.4.3855.5.1.5.1.6
1.1.4.3953.44.1.8
1.1.4.3963.5.1.1
1.1.4.4048.5.1
1.1.4.4121.42
1.1.4.4197.5.1.1.1.30.1
1.1.4.4313.14.2.23.31.18.14
1.1.4.4371.10.1.4
1.1.4.4403.18.2.14.6.2
1.1.4.4421.15.2.14.1.10.2.4
1.1.4.4458.17.3
1.1.4.4515.12.2.4
1.1.4.4528.5.1.3
1.1.4.4559.18.2.8.2
1.1.4.4577.5.1.2.2.15
1.1.4.4596.13.4
1.1.4.4762.17.2.8
1.1.4.4801.16
1.1.4.4881.17.3.13.1.7
1.1.4.4910.5.1.2
1.1.4.5017.5.1.2
1.1.4.5239.17.2.11.1.1.1
1.1.4.5245.5.1.5
1.1.4.5276.18.1.7.11.18
1.1.4.5437.5.1.7.4.7.5.7
1.1.4.5530.9.1.4
1.1.4.5584.5.1.14.2.28.2.20
1.1.4.5591.5.1.6.18.15.3
1.1.4.5646.5.1.5.2.23.2.2
1.1.4.5762.16.2
1.1.4.5763.25.2.9.23.29
1.1.4.5815.13.2.9.3.29
1.1.4.5826.15
1.1.4.5877.5.1.10
1.1.4.5884.5.1.5.8.19.5.7.2
1.1.4.5929.5.1.1.1
1.1.4.5968.8.1.4.4.9
1.1.4.6000.5.1.4.4
1.1.4.6000.17.1.9.5
1.1.4.6222.5.1.18.3.31
1.1.4.6277.14.2.16
1.1.4.6281.5.1.12.3
1.1.4.6290.5.1
1.1.4.6326.15.4.9.9.4.3
1.1.4.6396.5.1
1.1.4.6470.5.1.10.26.10
1.1.4.6548.5.1.3.1.3
1.1.4.6568.27.4.5.12.17.4.13
1.1.4.6586.21.3.9
1.1.4.6590.31.2.15
1.1.4.6667.5.1
1.1.4.6705.10.1.12
1.1.4.6721.13.3.15
1.1.4.6746.13.1.4
1.1.4.6844.5.1.11.30
1.1.4.6880.5.1.12.11
1.1.4.7012.5.1.5.2
1.1.4.7270.5.1
1.1.4.7270.8.2.8.3
1.1.4.7305.5.1
1.1.4.7328.23.4.14.1.3.5.12
1.1.4.7397.5.1.2.2.3
1.1.4.7588.21.4
1.1.4.7671.5.1.6.18.25.5
1.1.4.7693.19.5
1.1.4.7707.40.2.4
1.1.4.7731.17.1.4
1.1.4.7831.5.1.16.9
1.1.4.7852.9.1.25
1.1.4.8013.9.1.5
1.1.4.8050.8.1.4.7
1.1.4.8093.18.2.24.3.10.3
1.1.4.8102.5.1.6.5.16
1.1.4.8128.5.1
1.1.4.8257.9.2.4.4
1.1.4.8491.32.2.15.13
1.1.4.8538.14.1.34.10.5.4.11
1.1.4.8540.5.1
1.1.4.8557.17.2.34
1.1.4.8622.13.1.5.3
1.1.4.8674.5.1.1.9.3.1
1.1.4.8744.5.1
1.1.4.8747.13.2.4
1.1.4.8774.29.2.21.2.6.3.17
1.1.4.8906.6
1.1.4.8986.9.3.4.13
1.1.4.8995.5.1.16.17
1.1.4.9105.14.1.11.21
1.1.4.9109.5.1
1.1.4.9199.15.2.10.2.23
1.1.4.9264.5.1.5.1.6
1.1.4.9357.44.1.8
1.1.4.9367.5.1.1
1.1.4.9393.5.1
1.1.4.9475.5.1.2.1
1.1.4.9478.14.4.5.4.1
1.1.4.9485.15.2.5.7.18.1
1.1.4.9494.19.2.10.2
1.1.4.9529.42
1.1.4.9590.14.4
1.1.4.9606.5.1.2.10
1.1.4.9715.19.1.4.4.1
1.1.4.9771.5.1
1.1.4.9794.27.2.14.8.1
1.1.4.9807.16.2.6.1.1
1.1.4.9825.21.1.8
1.1.4.9900.12.2.4
1.1.4.9926.56.4
1.1.4.9971.5.1.2.1.5.5
1.1.4.10158.5.1.18.6
1.1.4.10248.17.3.13.1.7
1.1.4.10278.5.1.2
1.1.4.10300.5.1.4.2.4
1.1.4.10342.5.1.9.2
1.1.4.10369.17.2.4.2
1.1.4.10407.13.1.11
1.1.4.10424.13.2.12.1.2
1.1.4.10596.5.1.5
1.1.4.10626.30.1.13.11
1.1.4.10661.11.1.4
1.1.4.10746.5.1.9.1
1.1.4.10782.5.1.7.4.7.5.7
1.1.4.10874.9.1.4
1.1.4.10919.3
1.1.4.10928.5.1.6.6
1.1.4.10929.11
1.1.4.10934.25.4.14
1.1.4.10938.39.2.4.11.9
1.1.4.10999.5.1.5.2.23.2.2
1.1.4.11098.11.1.15
1.1.4.11104.13.5.16.13
1.1.4.11105.18.6.18.17.24
1.1.4.11147.13.2.9.3.30
1.1.4.11158.15
1.1.4.11220.28.2.12.8
1.1.4.11227.5.1.1.1.2.1.1
1.1.4.11275.5.1.1.1
1.1.4.11314.8.1.4.4.9
1.1.4.11359.5.1.2.2.3.1.52
1.1.4.11367.14.4.8
1.1.4.11498.14.3.6.10.22
1.1.4.11587.5.1.18.3.31
1.1.4.11647.5.1.5.3.3.2.18
1.1.4.11666.5.1.1.1
1.1.4.11667.14.1.6.1
1.1.4.11699.5.1.3.2.12.1.2
1.1.4.11779.27.1.17
1.1.4.11800.5.1
1.1.4.11849.5.1.10.26.10
1.1.4.11926.18.1.4.2
1.1.4.11966.5.1.18.7.9
1.1.4.12118.5.1.3.2
1.1.4.12201.5.1.1.1.12.4
1.1.4.12221.5.1.2.12.56
1.1.4.12230.5.1.12.11
1.1.4.12326.16.2
1.1.4.12378.5.1.5.2
1.1.4.12429.5.1.8.4
1.1.4.12453.5.1
1.1.4.12589.24.2.17.1
1.1.4.12591.5.1.2.2.5
1.1.4.12593.14.1.4
1.1.4.12638.8.2.4.5
1.1.4.12675.5.1.4.1.2.2.7
1.1.4.12775.5.1.2.2.3
1.1.4.12967.5.1.17.9
1.1.4.12973.9.1.14
1.1.4.13048.5.1.26.2.3.2
1.1.4.13051.5.1.3.2.4.1.8
1.1.4.13057.13.1.8.2.3.3
1.1.4.13113.5.1.2.2
1.1.4.13205.10.1.4.3
1.1.4.13238.9.1.25
1.1.4.13338.58.2
1.1.4.13370.10.2.10
1.1.4.13440.18.2.24.3.10.3
1.1.4.13449.5.1.6.5.16
1.1.4.13478.5.1
1.1.4.13548.12.1.8
1.1.4.13618.5.1.5.1.26
1.1.4.13628.6
1.1.4.13793.18.2.6.22
1.1.4.13831.22.1.29.3
1.1.4.13904.5.1.22
1.1.4.14004.13.1.5.3
1.1.4.14056.5.1.3.2
1.1.4.14118.5.1
1.1.4.14149.5.1.3
1.1.4.14284.6
1.1.4.14363.5.1.14.12.5.1
1.1.4.14374.9.3.4.13
1.1.4.14468.8.3.8.24
1.1.4.14497.11.1.11
1.1.4.14558.8.1.30.2
1.1.4.14588.8.1.9
1.1.4.14637.38.1.4.9
1.1.4.14730.12.1.5
1.1.4.14731.5.1.2.1.2.1.1
1.1.4.14740.5.1.1
1.1.4.14835.5.1
1.1.4.14882.5.1
1.1.4.14912.42
1.1.4.14990.5.1.1.1.30.1
1.1.4.15105.14.2.23.31.18.14
1.1.4.15171.5.1
1.1.4.15193.10.1.7.2.4
1.1.4.15196.5.1.14.5
1.1.4.15202.50.6.7.12.12.6.14
1.1.4.15328.11.1.12.13
1.1.4.15359.5.1.2.1.11.5
1.1.4.15518.17.2.8
1.1.4.15541.23.2.6.5.5.2
1.1.4.15557.16
1.1.4.15637.17.3.13.1.7
1.1.4.15711.5.1.13.23.33.1.11
1.1.4.15749.5.1.9.2
1.1.4.15782.8.1.5.8
1.1.4.15803.16.2
1.1.4.15847.13.2.12.1.2
1.1.4.15999.17.2.11.1.1.1
1.1.4.16005.5.1.5
1.1.4.16026.25.3.38
1.1.4.16057.11.1.4
1.1.4.16181.5.1.7.4.7.5.7
1.1.4.16263.14.1.7.3
1.1.4.16272.5.1.17.13.4.1
1.1.4.16279.27.2.13.14
1.1.4.16306.5.1.14.2.28.2.20
1.1.4.16312.65.2.4.16.11
1.1.4.16372.19.5.25.11.24
1.1.4.16473.13.5.16.13
1.1.4.16474.18.6.18.17.26
1.1.4.16519.5.1.3.3.4
1.1.4.16543.5.1
1.1.4.16582.5.1.10
1.1.4.16589.5.1.5.6.17.5.7.2
1.1.4.16672.8.1.4.4.9
1.1.4.16717.5.1
1.1.4.16719.9.1.6.2
1.1.4.16728.5.1.2.3.18.1
1.1.4.16857.14.3.6.10.22
1.1.4.16942.5.1.18.3.31
1.1.4.16998.14.2.16
1.1.4.17002.5.1.12.3
1.1.4.17011.5.1
1.1.4.17047.15.4.9.9.4.3
1.1.4.17117.5.1
1.1.4.17192.5.1.2.2.16
1.1.4.17272.5.1.3.1.3
1.1.4.17292.27.4.5.12.17.4.13
1.1.4.17310.25.2.18.5
1.1.4.17382.5.1
1.1.4.17420.10.1.12
1.1.4.17436.13.3.15
1.1.4.17462.13.1.4
1.1.4.17551.32
1.1.4.17566.5.1.5.4.10.2
1.1.4.17597.5.1.12.11
1.1.4.17673.5.1.2.1
1.1.4.17687.5.1
1.1.4.17789.5.1.8.4
1.1.4.17813.5.1
1.1.4.17991.5.1.3
1.1.4.18037.13.2.24
1.1.4.18061.5.1.4.2.3.2.17
1.1.4.18136.5.1.2.2.3
1.1.4.18339.9.1.14
1.1.4.18414.5.1.26.2.3.2
1.1.4.18417.5.1.3.2.4.1.8
1.1.4.18423.13.1.8.2.3.3
1.1.4.18442.5.1.1.2
1.1.4.18454.40.2.4
1.1.4.18478.17.1.4
1.1.4.18546.21.3.6.10.29
1.1.4.18570.10.1.4.3
1.1.4.18603.9.1.25
1.1.4.18655.5.1
1.1.4.18756.10.2.10
1.1.4.18829.18.2.24.3.10.3
1.1.4.18838.5.1.6.5.16
1.1.4.18883.5.1.3.1
1.1.4.18989.5.1.5.1.26
1.1.4.18999.6
1.1.4.19041.10.1.4.1
1.1.4.19045.16.1.5
1.1.4.19153.18.2.6.22
1.1.4.19154.5.1.1.1.21.12
1.1.4.19256.5.1.19
1.1.4.19356.13.1.5.3
1.1.4.19412.5.1.1.9.3.1
1.1.4.19714.5.1.14.12.5.1
1.1.4.19725.9.3.4.13
1.1.4.19734.5.1.16.17
1.1.4.19844.5.1.8.1.24.8.8
1.1.4.19847.5.1.2.2.37.1
1.1.4.19883.5.1
1.1.4.19931.5.1.2.1.6.3.8
1.1.4.19956.8.1.9
1.1.4.19963.9.2.4
1.1.4.20000.5.1.5.1.6
1.1.4.20093.12.1.5
1.1.4.20094.16.1.4.1.18
1.1.4.20202.5.1
1.1.4.20226.22.1.34
1.1.4.20266.42
1.1.4.20342.5.1.1.1.30.1
1.1.4.20464.25.2.18.10.31.2
1.1.4.20520.5.1
1.1.4.20549.5.1.1.17.5.1
1.1.4.20559.16.2.6.1.1
1.1.4.20577.21.1.8
1.1.4.20606.5.1
1.1.4.20704.5.1.3
1.1.4.20739.5.1.2.1.11.5
1.1.4.20795.10.1.5
1.1.4.21061.5.1.2
1.1.4.21127.5.1.9.2
1.1.4.21160.8.1.5.8
1.1.4.21198.10.3.36
1.1.4.21402.17.2.11.1.1.3
1.1.4.21408.5.1.5
1.1.4.21429.25.3.38
1.1.4.21460.11.1.4
1.1.4.21581.5.1.7.4.7.5.7
1.1.4.21676.9.1.4
1.1.4.21719.3
1.1.4.21724.25.4.14
1.1.4.21729.5.1.6.13.13.3
1.1.4.21784.5.1.5.2.23.2.2
1.1.4.21900.16.2
1.1.4.21901.25.2.9.23.24.8.32
1.1.4.21954.13.2.9.3.28
1.1.4.21981.5.1
1.1.4.22016.5.1.10
1.1.4.22023.5.1.5.8.19.5.7.2
1.1.4.22068.5.1.1.1
1.1.4.22107.8.1.4.4.9
1.1.4.22158.5.1.2.2.3.1.46
1.1.4.22166.14.4.8
1.1.4.22337.5.1.28.12
1.1.4.22387.5.1.18.3.31
1.1.4.22447.5.1.5.3.3.2.18
1.1.4.22466.5.1.1.1
1.1.4.22467.14.1.6.1
1.1.4.22499.5.1.3.2.12.1.2
1.1.4.22575.5.1
1.1.4.22651.9.2.16.7.1
1.1.4.22651.9.2.16.9
1.1.4.22733.5.1.2
1.1.4.22754.33.4.5.12.22.4.9
1.1.4.22772.21.3.9
1.1.4.22776.31.2.15
1.1.4.22846.5.1
1.1.4.22884.10.1.12
1.1.4.22933.5.1.3.2
1.1.4.23016.9.3.8
1.1.4.23021.14.3
1.1.4.23056.5.1.12.33
1.1.4.23142.10.1.9
1.1.4.23159.5.1.3.19
1.1.4.23193.5.1.5.2
1.1.4.23254.5.1
1.1.4.23439.5.1
1.1.4.23439.8.2.8.3
1.1.4.23476.5.1.4.1.2.2.7
1.1.4.23551.3
1.1.4.23581.5.1.1
1.1.4.23779.9.1.14
1.1.4.23854.5.1.26.2.3.2
1.1.4.23857.5.1.3.2.4.1.8
1.1.4.23863.13.1.8.2.3.3
1.1.4.23916.5.1.2.2
1.1.4.24017.5.1.16.9
1.1.4.24085.9.1.18
1.1.4.24165.10.2.10
1.1.4.24186.5.1
1.1.4.24199.41.1.13.3.2
1.1.4.24208.5.1.5.2
1.1.4.24262.14.2.9
1.1.4.24290.5.1
1.1.4.24356.12.1.8
1.1.4.24422.5.1.5.1.26
1.1.4.24432.6
1.1.4.24651.32.2.15.13
1.1.4.24710.5.1.19
1.1.4.24818.13.1.5.3
1.1.4.24870.5.1.1.9.3.1
1.1.4.24877.5.1
1.1.4.24912.5.1
1.1.4.24942.5.1
1.1.4.24945.13.2.4
1.1.4.24974.37.2.6
1.1.4.25018.5.1.1.6.9.2.16
1.1.4.25018.10.1.6
1.1.4.25107.6
1.1.4.25187.9.3.4.13
1.1.4.25196.5.1.16.17
1.1.4.25300.5.1.8.1.24.8.18
1.1.4.25303.5.1.2.2.37.1
1.1.4.25396.5.1.4
1.1.4.25414.11.2.8
1.1.4.25440.20.3.7.4.7.3
1.1.4.25451.5.1.5.1.6
1.1.4.25544.12.1.5
1.1.4.25545.16.1.4.1.18
1.1.4.25630.8.1.7.2
1.1.4.25651.5.1
1.1.4.25669.9.1.4.1
1.1.4.25678.5.1.10.5
1.1.4.25710.26.2.23.6
1.1.4.25775.14.4
1.1.4.25912.14.2.23.31.18.14
1.1.4.25977.10.1.4
1.1.4.26013.5.1.1.11.6.1
1.1.4.26023.16.2.6.1.1
1.1.4.26041.21.1.8
1.1.4.26162.5.1.2.2.15
1.1.4.26203.5.1.2.1.5.5
1.1.4.26373.17.2.8
1.1.4.26413.16
1.1.4.26493.17.3.13.1.7
1.1.4.26539.5.1.8.1.11.2
1.1.4.26541.19.1.12.6
1.1.4.26649.5.1.2
1.1.4.26867.17.2.11.1.1.1
1.1.4.26873.5.1.5
1.1.4.26904.18.1.7.11.18
1.1.4.27058.5.1.7.4.7.5.7
1.1.4.27157.9.1.4
1.1.4.27215.5.1.14.2.28.2.20
1.1.4.27221.65.2.4.16.11
1.1.4.27281.19.5.25.11.24
1.1.4.27392.13.3.10.1.5.2
1.1.4.27451.5.1.7.3.5
1.1.4.27477.5.1
1.1.4.27512.5.1.10
1.1.4.27519.5.1.5.8.19.5.7.2
1.1.4.27564.5.1.1.1
1.1.4.27603.8.1.4.4.9
1.1.4.27654.5.1.2.2.3.1.46
1.1.4.27662.14.4.8
1.1.4.27794.14.3.6.10.22
1.1.4.27891.5.1.18.3.31
1.1.4.27946.14.2.16
1.1.4.27950.5.1.12.3
1.1.4.27959.5.1
1.1.4.27995.15.4.9.9.4.3
1.1.4.28138.5.1.2.2.16
1.1.4.28231.17.1.11
1.1.4.28244.25.2.19.1.59.3
1.1.4.28313.5.1
1.1.4.28351.10.1.12
1.1.4.28400.13.1.4
1.1.4.28494.5.1.1.1.12.4
1.1.4.28514.5.1.2.12.56
1.1.4.28523.5.1.12.11
1.1.4.28609.10.1.9
1.1.4.28662.5.1.5.2
1.1.4.28717.5.1.8.4
1.1.4.28741.5.1
1.1.4.28870.24.2.17.1
1.1.4.28872.5.1.2.2.5
1.1.4.28874.14.1.4
1.1.4.28957.13.2.24
1.1.4.28981.5.1.4.2.3.2.17
1.1.4.29048.5.1.1
1.1.4.29214.39.1.4
1.1.4.29245.21.4
1.1.4.29326.5.1.6.18.25.5
1.1.4.29357.19.5
1.1.4.29371.40.2.4
1.1.4.29395.17.1.4
1.1.4.29497.10.1.4.3
1.1.4.29530.9.1.25
1.1.4.29577.9.1.18
1.1.4.29667.10.2.10
1.1.4.29742.18.2.24.3.10.3
1.1.4.29751.5.1.6.5.16
1.1.4.29802.5.1.3.1
1.1.4.29909.9.2.4.4
1.1.4.29985.5.1.2.8
1.1.4.30194.5.1.19
1.1.4.30205.5.1.3.3.45.2
1.1.4.30294.13.1.5.3
1.1.4.30342.14.2.8.3.19
1.1.4.30443.5.1.2
1.1.4.30658.9.3.4.13
1.1.4.30768.5.1.8.1.24.8.19
1.1.4.30771.5.1.2.2.37.1
1.1.4.30815.5.1
1.1.4.30872.5.1.1.7.14
1.1.4.30942.38.1.4.9
1.1.4.31030.12.1.5
1.1.4.31031.5.1.2.1.2.1.1
1.1.4.31040.5.1.1
1.1.4.31139.5.1
1.1.4.31181.5.1
1.1.4.31212.42
1.1.4.31288.5.1.1.1.30.1
1.1.4.31402.14.2.23.31.18.14
1.1.4.31462.5.1
1.1.4.31484.10.1.7.2.4
1.1.4.31487.5.1.14.5
1.1.4.31493.50.6.7.12.12.6.14
1.1.4.31624.11.1.12.13
1.1.4.31655.5.1.2.1.11.5
1.1.4.31816.17.2.8
1.1.4.31839.23.2.6.5.5.2
1.1.4.31855.16
1.1.4.31935.17.3.13.1.7
1.1.4.31964.5.1.2
1.1.4.32083.16.1.4.16
1.1.4.32129.13.1.11
1.1.4.32146.13.2.12.1.2
1.1.4.32305.17.2.11.1.1.1
1.1.4.32311.5.1.5
1.1.4.32341.30.1.13.11
1.1.4.32484.5.1.7.4.7.5.7
1.1.4.32494.10.1.10
1.1.4.32583.9.1.4
1.1.4.32626.3
1.1.4.32631.25.4.14
1.1.4.32636.5.1.6.13.13.3
1.1.4.32692.5.1.5.2.23.2.2
1.1.4.32787.13.5.16.13
1.1.4.32789.31.2.5.3.26
1.1.4.32791.5.1
1.1.4.32833.9.1.4.1
1.1.4.32856.5.1
1.1.4.32895.5.1.5.5.3.2.35.12
1.1.4.32927.5.1.7.1
1.1.4.32986.8.1.4.4.9
1.1.4.33039.5.1.2.2.3.1.20
1.1.4.33047.14.4.8
1.1.4.33262.5.1.18.3.31
1.1.4.33323.5.1.5.3.3.2.18
1.1.4.33342.5.1.1.1
1.1.4.33343.14.1.6.1
1.1.4.33386.15.2.18.1.17
1.1.4.33464.27.1.17
1.1.4.33485.5.1
1.1.4.33534.5.1.10.26.10
1.1.4.33718.5.1
1.1.4.33796.13.1.4
1.1.4.33891.5.1.11.27
1.1.4.33927.5.1.12.33
1.1.4.34012.10.1.9
1.1.4.34071.5.1.5.2
1.1.4.34122.5.1.4.3
1.1.4.34146.5.1
1.1.4.34283.24.2.17.1
1.1.4.34285.5.1.2.2.5
1.1.4.34287.14.1.4
1.1.4.34326.5.1.3
1.1.4.34375.5.1
1.1.4.34398.23.4.14.1.3.5.12
1.1.4.34467.30.1.24.12
1.1.4.34671.9.1.14
1.1.4.34746.5.1.26.2.3.2
1.1.4.34757.5.1.6.18.25.5
1.1.4.34788.19.5
1.1.4.34802.40.2.4
1.1.4.34833.5.1.15.1
1.1.4.34903.5.1.7.2
1.1.4.34922.28.2.17
1.1.4.34929.19.2.22
1.1.4.34956.9.1.25
1.1.4.35051.58.2
1.1.4.35082.10.2.10
1.1.4.35103.5.1
1.1.4.35116.41.1.13.3.2
1.1.4.35125.5.1.5.2
1.1.4.35143.26.2.10.6
1.1.4.35180.14.2.9
1.1.4.35211.5.1
1.1.4.35280.12.1.8
1.1.4.35349.20.1.21.20
1.1.4.35626.5.1.10
1.1.4.35729.13.1.5.3
1.1.4.35777.14.2.8.3.19
1.1.4.35852.5.1
1.1.4.35892.5.1.2.2.8
1.1.5.36034.6
1.1.5.36118.17.4.14.7
1.1.5.36226.8.3.8.24
1.1.5.36255.11.1.11
1.1.5.36321.5.1.4
1.1.5.36392.5.1.5.1.6
1.1.5.36482.31.1.8
1.1.5.36492.5.1.1
1.1.5.36518.5.1
1.1.5.36582.5.1
1.1.5.36607.10.1.4
1.1.5.36655.42
1.1.5.36731.5.1.1.1.30.1
1.1.5.36850.25.2.18.10.20.2
1.1.5.36905.10.1.4
1.1.5.36937.18.2.14.6.2
1.1.5.36955.15.2.14.1.10.2.4
1.1.5.36992.17.3
1.1.5.37102.5.1.2.2.15
1.1.5.37139.5.1.2.1.11.5
1.1.5.37306.17.2.8
1.1.5.37345.16
1.1.5.37464.5.1.2.2
1.1.5.37466.32.2.24.3
1.1.5.37493.5.1.7.8.35.1.2
1.1.5.37537.5.1.9.2
1.1.5.37564.17.2.4.2
1.1.5.37781.30.2.26.1.1.9
1.1.5.37806.3
1.1.5.37812.17.1.4.4
1.1.5.37939.5.1.9.1
1.1.5.37972.5.1.7.4.7.5.7
1.1.5.38069.9.1.4
1.1.5.38127.5.1.14.2.28.2.20
1.1.5.38134.5.1.6.18.15.3
1.1.5.38187.5.1.5.2.23.2.2
1.1.5.38285.11.1.15
1.1.5.38291.13.5.16.13
1.1.5.38293.31.2.5.3.24
1.1.5.38295.5.1
1.1.5.38337.5.1.3.3.4
1.1.5.38361.5.1
1.1.5.38396.5.1.10
1.1.5.38403.5.1.5.8.19.5.7.2
1.1.5.38435.5.1.7.1
1.1.5.38494.8.1.4.4.9
1.1.5.38536.5.1.2.2.3.1.46
1.1.5.38542.5.1.17.12.4.1
1.1.5.38653.13.2.13.9.20.1.1.11
1.1.5.38747.5.1.18.3.31
1.1.5.38823.5.1.1.1
1.1.5.38824.14.1.6.1
1.1.5.38856.5.1.3.2.12.1.2
1.1.5.39014.5.1.10.26.10
1.1.5.39091.5.1.3.1.3
1.1.5.39111.27.4.5.12.17.4.13
1.1.5.39129.21.3.9
1.1.5.39133.31.2.15
1.1.5.39196.5.1
1.1.5.39234.10.1.12
1.1.5.39281.5.1.3.2
1.1.5.39360.32
1.1.5.39375.5.1.5.4.10.2
1.1.5.39404.5.1.12.11
1.1.5.39489.10.1.9
1.1.5.39548.5.1.5.2
1.1.5.39639.5.1.1.1
1.1.5.39653.5.1.11.9
1.1.5.39654.5.1
1.1.5.39845.5.1
1.1.5.39865.23.4.14.1.3.6.25
1.1.5.39934.5.1.2.2.3
1.1.5.40144.9.1.14
1.1.5.40219.5.1.26.2.3.2
1.1.5.40230.5.1.6.18.25.5
1.1.5.40260.6
1.1.5.40262.5.1
1.1.5.40338.21.3.6.10.29
1.1.5.40355.28.2.17
1.1.5.40362.19.2.22
1.1.5.40389.9.1.25
1.1.5.40481.14.2.12
1.1.5.40625.14.2.9
1.1.5.40672.5.1.3.1
1.1.5.40774.9.2.4.4
1.1.5.40991.32.2.15.13
1.1.5.41041.14.1.34.10.5.4.11
1.1.5.41043.5.1
1.1.5.41060.17.2.34
1.1.5.41125.13.1.5.3
1.1.5.41179.5.1.1.9.3.1
1.1.5.41243.5.1
1.1.5.41246.10.2.4
1.1.5.41398.6
1.1.5.41473.9.3.4.13
1.1.5.41482.5.1.16.17
1.1.5.41585.5.1.8.1.24.8.19
1.1.5.41588.5.1.2.2.37.1
1.1.5.41624.5.1
1.1.5.41681.5.1.1.7.14
1.1.5.41747.5.1.5.1.6
1.1.5.41834.12.1.5
1.1.5.41835.16.1.4.1.18
1.1.5.41910.25.1.25.3
1.1.5.41931.5.1
1.1.5.41969.5.1
1.1.5.41999.42
1.1.5.42060.14.4
1.1.5.42076.5.1.2.10
1.1.5.42189.5.1.15.1.6.6.6.11
1.1.5.42190.5.1.1.3
1.1.5.42250.5.1
1.1.5.42272.10.1.7.2.4
1.1.5.42275.5.1.14.5
1.1.5.42281.50.6.7.12.12.6.14
1.1.5.42372.5.1.3
1.1.5.42406.5.1.17
1.1.5.42441.5.1.2.1.11.5
1.1.5.42577.8.1.14
1.1.5.42603.17.2.8
1.1.5.42642.16
1.1.5.42778.5.1.8.1.11.2
1.1.5.42780.19.1.12.6
1.1.5.42885.16.1.4.16
1.1.5.42931.13.1.11
1.1.5.42948.13.2.12.1.2
1.1.5.43108.17.2.11.1.1.3
1.1.5.43114.15.2.16.4
1.1.5.43136.5.1.7.3.9
1.1.5.43250.5.1.9.1
1.1.5.43283.5.1.7.4.7.5.7
1.1.5.43323.5.1.1.3
1.1.5.43378.9.1.4
1.1.5.43432.5.1.14.2.28.2.20
1.1.5.43439.5.1.6.18.15.3
1.1.5.43495.5.1.5.2.23.2.2
1.1.5.43587.11.1.15
1.1.5.43593.13.5.16.13
1.1.5.43595.31.2.5.3.24
1.1.5.43597.5.1
1.1.5.43642.5.1.1.1.1.1.14
1.1.5.43654.15
1.1.5.43716.28.2.12.8
1.1.5.43723.5.1.1.1.2.1.1
1.1.5.43753.5.1.7.1
1.1.5.43812.8.1.4.4.9
1.1.5.43864.5.1.2.2.3.1.53
1.1.5.43872.14.4.8
1.1.5.43999.9.2.15.3
1.1.5.44011.12.1.4.3
1.1.5.44060.5.1.28.12
1.1.5.44108.5.1.18.3.31
1.1.5.44163.14.2.16
1.1.5.44167.5.1.12.3
1.1.5.44176.5.1
1.1.5.44212.15.4.9.9.4.3
1.1.5.44282.5.1
1.1.5.44358.9.2.16.7.1
1.1.5.44358.9.2.16.9
1.1.5.44433.5.1.3.1.3
1.1.5.44471.21.3.9
1.1.5.44475.31.2.15
1.1.5.44615.13.1.4
1.1.5.44698.5.1.1.1.12.4
1.1.5.44802.10.1.9
1.1.5.44822.5.1.3.19
1.1.5.44903.5.1.8.4
1.1.5.44927.5.1
1.1.5.45112.5.1.11
1.1.5.45163.5.1
1.1.5.45183.23.4.14.1.3.6.25
1.1.5.45255.5.1.2.2.3
1.1.5.45457.9.1.14
1.1.5.45532.5.1.26.2.3.2
1.1.5.45535.5.1.3.2.4.1.8
1.1.5.45541.13.1.8.2.3.3
1.1.5.45567.40.2.4
1.1.5.45591.17.1.4
1.1.5.45692.10.1.4.3
1.1.5.45725.9.1.25
1.1.5.45850.10.2.10
1.1.5.45871.5.1
1.1.5.45884.41.1.13.3.2
1.1.5.45893.5.1.5.2
1.1.5.45937.5.1.4
1.1.5.45943.10.2.4
1.1.5.45992.5.1.3.1
1.1.5.46095.9.2.4.4
1.1.5.46230.32.2.24.12
1.1.5.46352.5.1.19
1.1.5.46363.5.1.3.3.45.2
1.1.5.46460.13.1.5.3
1.1.5.46514.5.1.1.9.3.1
1.1.5.46606.17.1.11.4
1.1.5.46796.9.3.4.13
1.1.5.46805.5.1.16.17
1.1.5.46916.5.1.2.1.1
1.1.5.46919.5.1.2.2.21.1
1.1.5.46955.5.1
1.1.5.47012.5.1.1.7.14
1.1.5.47081.38.1.4.9
1.1.5.47170.44.1.8
1.1.5.47180.5.1.1
1.1.5.47206.5.1
1.1.5.47252.8.1.7.2
1.1.5.47291.5.1.2.1
1.1.5.47294.14.4.5.4.1
1.1.5.47301.15.2.5.7.18.1
1.1.5.47311.19.2.9.2
1.1.5.47344.42
1.1.5.47420.5.1.1.1.30.1
1.1.5.47536.14.2.23.31.18.14
1.1.5.47596.5.1
1.1.5.47618.10.1.7.2.4
1.1.5.47621.5.1.14.5
1.1.5.47627.50.6.7.12.12.6.14
1.1.5.47770.5.1.2.2.15
1.1.5.47816.5.1.2.2.5.13
1.1.5.47974.17.2.8
1.1.5.48013.16
1.1.5.48093.17.3.13.1.7
1.1.5.48122.5.1.2
1.1.5.48136.5.1.1.1
1.1.5.48177.5.1.9.2
1.1.5.48210.8.1.5.8
1.1.5.48248.13.1.11
1.1.5.48265.13.2.12.1.2
1.1.5.48443.27.2.18.1.1.3
1.1.5.48474.18.1.7.11.18
1.1.5.48621.5.1.7.4.7.5.7
1.1.5.48718.9.1.4
1.1.5.48778.5.1.14.2.28.2.20
1.1.5.48785.5.1.6.18.15.3
1.1.5.48840.5.1.5.2.23.2.2
1.1.5.48956.16.2
1.1.5.48957.25.2.9.23.29
1.1.5.49002.5.1.3.3.4
1.1.5.49068.28.2.12.8
1.1.5.49077.5.1.5.10.9.2.5.7
1.1.5.49109.5.1.7.1
1.1.5.49168.8.1.4.4.9
1.1.5.49219.5.1.2.2.3.1.46
1.1.5.49225.5.1.17.12.4.1
1.1.5.49340.13.1.31.2.5
1.1.5.49385.5.1.28.12
1.1.5.49431.5.1.1.19.4.6
1.1.5.49439.5.1.17.3.13
1.1.5.49501.14.2.16
1.1.5.49505.5.1.12.3
1.1.5.49514.5.1
1.1.5.49550.15.4.9.9.4.3
1.1.5.49620.5.1
1.1.5.49694.5.1.10.26.10
1.1.5.49775.5.1.2
1.1.5.49796.33.4.5.12.22.4.9
1.1.5.49814.21.3.9
1.1.5.49818.31.2.15
1.1.5.49919.10.1.12
1.1.5.49935.13.3.15
1.1.5.49961.13.1.4
1.1.5.50057.9.3.8
1.1.5.50062.14.3
1.1.5.50097.5.1.12.33
1.1.5.50183.10.1.9
1.1.5.50242.5.1.5.2
1.1.5.50293.5.1.4.3
1.1.5.50317.5.1
1.1.5.50446.24.2.17.1
1.1.5.50448.5.1.2.2.5
1.1.5.50450.14.1.4
1.1.5.50495.8.2.4.5
1.1.5.50530.5.1
1.1.5.50550.23.4.14.1.3.6.25
1.1.5.50591.3
1.1.5.50622.16.2.5.3.31.7.5
1.1.5.50817.5.1.16.7
1.1.5.50823.9.1.14
1.1.5.50909.5.1.6.18.25.5
1.1.5.50972.17.1.4
1.1.5.51063.10.1.4.3
1.1.5.51196.58.2
1.1.5.51228.10.2.10
1.1.5.51249.5.1
1.1.5.51298.18.2.24.3.10.3
1.1.5.51307.5.1.6.5.16
1.1.5.51481.5.1.5.1.26
1.1.5.51491.6
1.1.5.51550.9.1.23
1.1.5.51615.32.2.24.12
1.1.5.51671.22.1.29.3
1.1.5.51755.14.1.34.10.5.4.11
1.1.5.51757.5.1
1.1.5.51774.17.2.34
1.1.5.51844.13.1.5.3
1.1.5.51896.5.1.3.2
1.1.5.52128.6
1.1.5.52201.5.1.14.11.7.5
1.1.5.52212.9.3.4.13
1.1.5.52221.5.1.16.17
1.1.5.52334.5.1.8.1.24.8.8
1.1.5.52337.5.1.2.2.37.1
1.1.5.52381.5.1
1.1.5.52429.5.1.2.1.6.3.8
1.1.5.52454.8.1.9
1.1.5.52461.9.2.4
1.1.5.52502.38.1.4.9
1.1.5.52600.44.1.8
1.1.5.52610.5.1.1
1.1.5.52639.5.1
1.1.5.52685.25.1.25.3
1.1.5.52706.5.1
1.1.5.52725.5.1.2.1.1
1.1.5.52731.11.2.10
1.1.5.52782.42
1.1.5.52843.14.4
1.1.5.52859.5.1.2.10
1.1.5.52967.25.2.18.10.20.2
1.1.5.53026.5.1
1.1.5.53048.10.1.7.2.4
1.1.5.53051.5.1.14.5
1.1.5.53057.50.6.7.12.12.6.14
1.1.5.53195.5.1.2.2.15
1.1.5.53230.5.1.2.1.11.5
1.1.5.53394.17.2.8
1.1.5.53434.16
1.1.5.53514.17.3.13.1.7
1.1.5.53555.5.1.2
1.1.5.53577.5.1.4.2.4
1.1.5.53657.16.1.4.16
1.1.5.53703.13.1.11
1.1.5.53720.13.2.12.1.2
1.1.5.53881.14.1.6
1.1.5.53920.30.1.13.11
1.1.5.53955.11.1.4
1.1.5.54076.5.1.7.4.7.5.7
1.1.5.54175.9.1.4
1.1.5.54233.5.1.14.2.28.2.20
1.1.5.54240.5.1.6.18.15.3
1.1.5.54295.5.1.5.2.23.2.2
1.1.5.54411.16.2
1.1.5.54412.25.2.9.23.24.8.32
1.1.5.54467.5.1.3.3.4
1.1.5.54491.5.1
1.1.5.54526.5.1.10
1.1.5.54533.5.1.5.8.19.5.7.2
1.1.5.54578.5.1.1.1
1.1.5.54617.8.1.4.4.9
1.1.5.54667.8.1.11.7
1.1.5.54908.5.1.18.3.31
1.1.5.54993.5.1.1.1
1.1.5.54994.14.1.6.1
1.1.5.55029.15.2.19.1.18
1.1.5.55050.5.1.19.4.10
1.1.5.55063.5.1.3.1
1.1.5.55101.27.1.17
1.1.5.55122.5.1
1.1.5.55171.5.1.10.26.10
1.1.5.55271.25.2.19.1.59.3
1.1.5.55422.5.1.3.2
1.1.5.55500.5.1.1.1.12.4
1.1.5.55531.5.1.12.24
1.1.5.55626.16.2
1.1.5.55678.5.1.5.2
1.1.5.55769.5.1.1.1
1.1.5.55783.5.1.11.9
1.1.5.55784.5.1
1.1.5.55853.6
1.1.5.55869.9.2.13.7
1.1.5.55920.5.1.3
1.1.5.55969.5.1
1.1.5.55989.23.4.14.1.3.6.25
1.1.5.56030.3
1.1.5.56060.5.1.1
1.1.5.56272.9.1.14
1.1.5.56353.5.1.6.4.15.2
1.1.5.56365.5.1.11.1
1.1.5.56422.5.1.2.2
1.1.5.56523.5.1.16.9
1.1.5.56544.9.1.25
1.1.5.56591.9.1.18
1.1.5.56646.58.2
1.1.5.56678.10.2.10
1.1.5.56699.5.1
1.1.5.56712.41.1.13.3.2
1.1.5.56721.5.1.5.2
1.1.5.56764.5.1.4
1.1.5.56770.10.2.4
1.1.5.56800.5.1
1.1.5.56870.12.1.8
1.1.5.56947.9.2.4.4
1.1.5.57043.53.2.16
1.1.5.57114.18.2.6.22
1.1.5.57152.22.1.29.3
1.1.5.57221.14.1.34.10.5.4.11
1.1.5.57223.5.1
1.1.5.57240.17.2.34
1.1.5.57305.13.1.5.3
1.1.5.57355.5.1.3.2
1.1.5.57417.37.5
1.1.5.57565.6
1.1.5.57640.9.3.4.13
1.1.5.57649.5.1.16.17
1.1.5.57753.5.1.8.1.24.8.18
1.1.5.57843.15.2.10.2.23
1.1.5.57897.5.1.5.1.6
1.1.5.57997.44.1.8
1.1.5.58007.5.1.1
1.1.5.58095.5.1
1.1.5.58172.42
1.1.5.58248.5.1.1.1.30.1
1.1.5.58362.14.2.23.31.18.14
1.1.5.58425.5.1
1.1.5.58454.5.1.1.17.5.1
1.1.5.58560.12.2.4
1.1.5.58576.3
1.1.5.58595.18.4
1.1.5.58614.5.1.3
1.1.5.58635.13.4
1.1.5.58812.17.2.8
1.1.5.58851.16
1.1.5.58970.5.1.2.2
1.1.5.58972.32.2.24.3
1.1.5.58999.5.1.7.8.35.1.2
1.1.5.59043.5.1.9.2
1.1.5.59070.17.2.4.2
1.1.5.59297.17.2.11.1.1.3
1.1.5.59327.30.1.13.11
1.1.5.59488.5.1.7.4.7.5.7
1.1.5.59633.5.1.14.2.28.2.20
1.1.5.59639.65.2.4.16.11
1.1.5.59697.19.5.25.11.24
1.1.5.59795.11.1.15
1.1.5.59801.13.5.16.13
1.1.5.59802.18.6.18.17.24
1.1.5.59848.13.2.9.3.27
1.1.5.59875.5.1
1.1.5.59910.5.1.10
1.1.5.59915.5.1.9.3
1.1.5.59967.5.1.1.1
1.1.5.60006.8.1.4.4.9
1.1.5.60057.5.1.2.2.3.1.46
1.1.5.60063.5.1.17.12.4.1
1.1.5.60180.13.2.13.9.20.1.1.11
1.1.5.60261.5.1.18.3.27
1.1.5.60287.5.1.2.2.3.2
1.1.5.60322.14.2.16
1.1.5.60326.5.1.12.3
1.1.5.60335.5.1
1.1.5.60371.15.4.9.9.4.3
1.1.5.60441.5.1
1.1.5.60515.5.1.10.26.10
1.1.5.60606.5.1.1.1.1
1.1.5.60621.14.4.5
1.1.5.60629.9.1.29
1.1.5.60768.13.1.4
1.1.5.60855.101.1.10.5
1.1.5.60857.5.1
1.1.5.60864.5.1.1.1.12.4
1.1.5.60884.5.1.2.12.56
1.1.5.60893.5.1.12.11
1.1.5.60978.10.1.9
1.1.5.61032.5.1.5.2
1.1.5.61090.5.1.8.4
1.1.5.61114.5.1
1.1.5.61289.5.1.3
1.1.5.61338.5.1
1.1.5.61361.23.4.14.1.3.5.12
1.1.5.61402.3
1.1.5.61432.5.1.1
1.1.5.61648.9.1.14
1.1.5.61739.5.1.6.18.25.5
1.1.5.61763.19.5
1.1.5.61777.40.2.4
1.1.5.61801.17.1.4
1.1.5.61885.28.2.17
1.1.5.61892.19.2.22
1.1.5.61919.9.1.25
1.1.5.61969.5.1.2.15
1.1.5.62014.14.2.12
1.1.5.62057.10.2.10
1.1.5.62135.18.2.24.3.10.3
1.1.5.62144.5.1.6.5.16
1.1.5.62239.12.1.8
1.1.5.62305.5.1.5.1.26
1.1.5.62315.6
1.1.5.62444.32.2.24.12
1.1.5.62572.14.1.34.10.5.4.11
1.1.5.62574.5.1
1.1.5.62591.17.2.34
1.1.5.62656.13.1.5.3
1.1.5.62708.5.1.1.9.3.1
1.1.5.62715.5.1
1.1.5.62750.5.1
1.1.5.62815.17.1.11.4
1.1.5.62934.6
1.1.5.63015.9.3.4.13
1.1.5.63024.5.1.16.17
1.1.5.63134.14.1.11.21
1.1.5.63138.5.1
1.1.5.63226.15.2.10.2.23
1.1.5.63294.38.1.4.9
1.1.5.63382.12.1.5
1.1.5.63383.16.1.4.1.18
1.1.5.63505.5.1.2.1
1.1.5.63508.14.4.5.4.1
1.1.5.63515.15.2.5.7.18.1
1.1.5.63559.42
1.1.5.63620.14.4
1.1.5.63636.5.1.2.10
1.1.5.63750.5.1.15.1.6.5.6.11
1.1.5.63751.5.1.1.3
1.1.5.63810.10.1.4
1.1.5.63841.5.1.1.11.6.1
1.1.5.63851.16.2.6.1.1
1.1.5.63869.21.1.8
1.1.5.63995.11.1.12.13
1.1.5.64020.29.4.10.1.4.1
1.1.5.64207.5.1.18.6
1.1.5.64350.5.1.8.1.11.2
1.1.5.64352.19.1.12.6
1.1.5.64461.16.1.4.16
1.1.5.64507.13.1.11
1.1.5.64524.13.2.12.1.2
1.1.5.64685.5.1.5
1.1.5.64715.30.1.13.11
1.1.5.64865.5.1.7.4.7.5.7
1.1.5.64963.9.1.4
1.1.5.65019.5.1.14.2.28.2.20
1.1.5.65025.65.2.4.16.11
1.1.5.65084.5.1.5.2.23.2.2
1.1.5.65176.11.1.15
1.1.5.65182.13.5.16.13
1.1.5.65183.18.6.18.17.24
1.1.5.65229.13.2.9.3.27
1.1.5.65254.5.1
1.1.5.65289.5.1.10
1.1.5.65296.5.1.5.8.18.5.7.2
1.1.5.65379.8.1.4.4.9
1.1.5.65431.5.1.2.2.3.1.53
1.1.5.65439.14.4.8
1.1.5.65571.14.3.6.10.22
1.1.5.65664.5.1.18.3.31
1.1.5.65728.5.1.1.1
1.1.5.65729.14.1.6.1
1.1.5.65764.15.2.19.1.18
1.1.5.65785.5.1.19.4.10
1.1.5.65798.5.1.3.1
1.1.5.65914.5.1.10.26.10
1.1.5.65989.18.1.4.2
1.1.5.66029.25.2.18.5
1.1.5.66116.5.1
1.1.5.66155.10.1.12
1.1.5.66295.32
1.1.5.66310.5.1.5.4.10.2
1.1.5.66341.5.1.12.11
1.1.5.66417.5.1.2.1
1.1.5.66483.5.1.5.2
1.1.5.66532.5.1.8.4
1.1.5.66556.5.1
1.1.5.66666.6
1.1.5.66682.9.2.13.7
1.1.5.66785.5.1.4.1.2.2.7
1.1.5.66885.5.1.2.2.3
1.1.5.67080.9.1.14
1.1.5.67165.5.1.6.18.25.5
1.1.5.67196.19.5
1.1.5.67210.40.2.4
1.1.5.67234.17.1.4
1.1.5.67301.5.1.7.2
1.1.5.67325.19.2.22
1.1.5.67352.9.1.25
1.1.5.67399.9.1.18
1.1.5.67446.14.2.12
1.1.5.67572.18.2.24.3.10.3
1.1.5.67581.5.1.6.5.16
1.1.5.67607.5.1
1.1.5.67677.12.1.8
1.1.5.67742.20.1.21.20
1.1.5.67893.32.2.24.12
1.1.5.67938.22.1.29.3
1.1.5.67971.32.2.15.13
1.1.5.68018.14.1.34.10.5.4.11
1.1.5.68020.5.1
1.1.5.68037.17.2.34
1.1.5.68113.13.1.5.3
1.1.5.68163.5.1.3.2
1.1.5.68237.5.1
1.1.5.68240.13.2.4
1.1.5.68409.6
1.1.5.68484.9.3.4.13
1.1.5.68600.8.3.8.24
1.1.5.68629.11.1.11
1.1.5.68693.5.1.4
1.1.5.68711.11.2.8
1.1.5.68758.5.1.5.1.6
1.1.5.68858.31.1.8
1.1.5.68868.5.1.1
1.1.5.68953.5.1
1.1.5.68969.5.1.2.2.26.5.11
1.1.5.68972.12.2.4.12
1.1.5.69024.42
1.1.5.69085.14.4
1.1.5.69225.25.2.18.10.20.2
1.1.5.69284.5.1
1.1.5.69306.10.1.7.2.4
1.1.5.69309.5.1.14.5
1.1.5.69315.50.6.7.12.12.6.14
1.1.5.69407.5.1.3
1.1.5.69441.5.1.17
1.1.5.69642.17.2.8
1.1.5.69681.16
1.1.5.69761.17.3.13.1.7
1.1.5.69798.5.1.2.2
1.1.5.69800.32.2.24.3
1.1.5.69909.5.1.2
1.1.5.70135.27.2.18.1.1.5
1.1.5.70141.15.2.16.4
1.1.5.70162.25.3.38
1.1.5.70287.5.1.9.1
1.1.5.70320.5.1.7.4.7.5.7
1.1.5.70417.9.1.4
1.1.5.70475.5.1.14.2.28.2.20
1.1.5.70482.5.1.6.18.15.3
1.1.5.70529.17.1.4.1
1.1.5.70538.15.2.7.8.32
1.1.5.70635.11.1.15
1.1.5.70641.13.5.16.13
1.1.5.70642.18.6.18.17.24
1.1.5.70687.5.1.3.3.4
1.1.5.70711.5.1
1.1.5.70764.5.1.5.1.2.11.14.7
1.1.5.70806.5.1.1.1
1.1.5.70845.8.1.4.4.9
1.1.5.70895.8.1.11.7
1.1.5.71032.13.1.31.2.5
1.1.5.71116.5.1.1.19.4.6
1.1.5.71124.5.1.17.3.13
1.1.5.71184.5.1.5.3.3.2.18
1.1.5.71203.5.1.1.1
1.1.5.71204.14.1.6.1
1.1.5.71236.5.1.3.2.12.1.2
1.1.5.71312.5.1
1.1.5.71386.5.1.10.26.10
1.1.5.71464.5.1.2.1.1.1.5
1.1.5.71648.13.1.4
1.1.5.71743.5.1.1.1.12.4
1.1.5.71774.5.1.12.24
1.1.5.71869.5.1.8.5
1.1.5.71909.5.1.5.2
1.1.5.71955.5.1.8.4
1.1.5.71979.5.1
1.1.5.72209.5.1.4.1.2.2.7
1.1.5.72281.22.2.8
1.1.5.72297.10.1.4.1
1.1.5.72482.5.1.16.2
1.1.5.72488.9.1.14
1.1.5.72563.5.1.26.2.3.2
1.1.5.72574.5.1.6.18.25.5
1.1.5.72598.5.1.1.1
1.1.5.72610.40.2.4
1.1.5.72634.17.1.4
1.1.5.72701.5.1.7.2
1.1.5.72728.10.1.4.3
1.1.5.72761.9.1.25
1.1.5.72808.9.1.18
1.1.5.72909.10.2.10
1.1.5.72930.5.1
1.1.5.72943.41.1.13.3.2
1.1.5.72952.5.1.5.2
1.1.5.72970.26.2.10.6
1.1.5.73007.14.2.9
1.1.5.73060.5.1.3.1
1.1.5.73181.20.1.21.20
1.1.5.73323.32.2.24.12
1.1.5.73447.14.1.34.10.5.4.11
1.1.5.73449.5.1
1.1.5.73466.17.2.34
1.1.5.73531.13.1.5.3
1.1.5.73583.5.1.3.2
1.1.5.73682.58.1.41.27
1.1.5.73808.6
1.1.5.73883.9.3.4.13
1.1.5.74000.8.3.8.24
1.1.5.74029.11.1.11
1.1.5.74111.15.2.10.2.23
1.1.5.74175.5.1.5.1.6
1.1.5.74272.31.1.8
1.1.5.74282.5.1.1
1.1.5.74308.5.1
1.1.5.74345.5.1.3.3.39
1.1.5.74382.5.1.2.1
1.1.5.74385.14.4.5.4.1
1.1.5.74392.15.2.5.7.18.1
1.1.5.74431.42
1.1.5.74507.5.1.1.1.30.1
1.1.5.74622.14.2.23.31.18.14
1.1.5.74681.5.1
1.1.5.74703.10.1.7.2.4
1.1.5.74706.5.1.14.5
1.1.5.74851.5.1.17
1.1.5.74868.13.4
1.1.5.75079.5.1.18.6
1.1.5.75211.5.1.2.2
1.1.5.75213.32.2.24.3
1.1.5.75240.5.1.7.8.35.1.2
1.1.5.75284.5.1.9.2
1.1.5.75311.17.2.4.2
1.1.5.75349.13.1.11
1.1.5.75366.13.2.12.1.2
1.1.5.75543.5.1.5
1.1.5.75565.5.1.7.3.9
1.1.5.75688.5.1.9.1
1.1.5.75724.5.1.7.4.7.5.7
1.1.5.75813.9.1.4
1.1.5.75867.5.1.14.2.28.2.20
1.1.5.75874.5.1.6.18.15.3
1.1.5.75931.5.1.5.2.23.2.2
1.1.5.76027.13.3.10.1.5.2
1.1.5.76078.21.1.9.1.3
1.1.5.76098.5.1
1.1.5.76133.5.1.10
1.1.5.76140.5.1.5.8.19.5.7.2
1.1.5.76172.5.1.7.1
1.1.5.76193.5.1.1.1
1.1.5.76232.8.1.4.4.9
1.1.5.76283.5.1.2.2.3.1.46
1.1.5.76289.5.1.17.12.4.1
1.1.5.76408.13.1.31.2.5
1.1.5.76497.5.1.18.3.31
1.1.5.76557.5.1.5.3.3.2.18
1.1.5.76576.5.1.1.1
1.1.5.76577.14.1.6.1
1.1.5.76612.15.2.19.1.18
1.1.5.76633.5.1.19.4.10
1.1.5.76646.5.1.3.1
1.1.5.76684.27.1.17
1.1.5.76705.5.1
1.1.5.76754.5.1.10.26.10
1.1.5.76830.5.1.3.3.9.8.8
1.1.5.76949.5.1
1.1.5.76987.10.1.12
1.1.5.77038.13.1.4
1.1.5.77125.3
1.1.5.77139.5.1.5.4.10.2
1.1.5.77168.5.1.12.11
1.1.5.77253.10.1.9
1.1.5.77270.5.1.3.19
1.1.5.77309.5.1.5.2
1.1.5.77360.5.1.4.3
1.1.5.77384.5.1
1.1.5.77494.6
1.1.5.77510.9.2.13.7
1.1.5.77564.8.2.4.5
1.1.5.77601.5.1.4.1.2.2.7
1.1.5.77690.5.1.2.2.3
1.1.5.77889.9.1.14
1.1.5.77964.5.1.26.2.3.2
1.1.5.77967.5.1.3.2.4.1.8
1.1.5.77973.13.1.8.2.3.3
1.1.5.77986.41.5
1.1.5.78000.40.2.4
1.1.5.78024.17.1.4
1.1.5.78096.51.3.6.7.6
1.1.5.78124.5.1.2
1.1.5.78152.9.1.25
1.1.5.78256.14.2.12
1.1.5.78299.10.2.10
1.1.5.78320.5.1
1.1.5.78333.41.1.13.3.2
1.1.5.78342.5.1.5.2
1.1.5.78396.14.2.9
1.1.5.78424.5.1
1.1.5.78490.12.1.8
1.1.5.78558.9.2.4.4
1.1.5.78795.32.2.15.13
1.1.5.78851.5.1.19
1.1.5.78959.13.1.5.3
1.1.5.79009.5.1.3.2
1.1.5.79075.5.1
1.1.5.79112.16.2.4.3
1.1.5.79314.9.3.4.13
1.1.5.79323.5.1.16.17
1.1.5.79423.5.1.12.1.39.4.33
1.1.5.79426.5.1.2.2.52.1
1.1.5.79514.5.1.4
1.1.5.79593.38.1.4.9
1.1.5.79685.44.1.8
1.1.5.79695.5.1.1
1.1.5.79721.5.1
1.1.5.79759.25.1.25.3
1.1.5.79780.5.1
1.1.5.79827.5.1
1.1.5.79857.42
1.1.5.79933.5.1.1.1.30.1
1.1.5.80052.19.1.4.4.1
1.1.5.80109.10.1.4
1.1.5.80141.18.2.14.6.2
1.1.5.80154.16.2.6.1.1
1.1.5.80172.21.1.8
1.1.5.80201.5.1
1.1.5.80263.12.2.4
1.1.5.80276.5.1.3
1.1.5.80307.18.2.8.2
1.1.5.80324.5.1.17
1.1.5.80360.5.1.2.1.5.5
1.1.5.80524.17.2.8
1.1.5.80563.16
1.1.5.80689.5.1.2
1.1.5.80711.5.1.4.2.4
1.1.5.80753.5.1.9.2
1.1.5.80780.17.2.4.2
1.1.5.80818.13.1.11
1.1.5.80835.13.2.12.1.2
1.1.5.80981.17.2.11.1.1.3
1.1.5.81011.30.1.13.11
1.1.5.81119.5.1.9.1
1.1.5.81156.5.1.7.4.7.5.7
1.1.5.81166.10.1.10
1.1.5.81253.9.1.4
1.1.5.81314.5.1.14.2.28.2.20
1.1.5.81320.65.2.4.16.11
1.1.5.81379.5.1.5.2.23.2.2
1.1.5.81478.16.2
1.1.5.81479.25.2.9.23.25.13.33
1.1.5.81529.5.1.32
1.1.5.81551.5.1
1.1.5.81586.5.1.10
1.1.5.81591.5.1.9.3
1.1.5.81619.11.5.16
1.1.5.81639.5.1.1.1
1.1.5.81678.8.1.4.4.9
1.1.5.81729.5.1.2.2.3.1.46
1.1.5.81735.5.1.17.12.4.1
1.1.5.81833.40.2.8.2
1.1.5.81853.13.2.8.8.12.1.1.4
1.1.5.81941.5.1.1.19.4.6
1.1.5.81949.5.1.17.3.13
1.1.5.82029.5.1.1.1
1.1.5.82030.14.1.6.1
1.1.5.82062.5.1.3.2.12.1.2
1.1.5.82140.5.1
1.1.5.82216.5.1.2.2.16
1.1.5.82290.5.1.3.1.3
1.1.5.82310.27.4.5.12.17.4.13
1.1.5.82328.25.2.18.5
1.1.5.82478.13.1.4
1.1.5.82565.5.1.1.1.12.4
1.1.5.82596.5.1.12.24
1.1.5.82692.16.2
1.1.5.82705.5.1.8.5
1.1.5.82727.8.1.7
1.1.5.82796.5.1
1.1.5.82974.37.2.25
1.1.5.82986.12.1.10
1.1.5.83029.5.1
1.1.5.83052.23.4.14.1.3.5.12
1.1.5.83093.3
1.1.5.83122.30.1.24.12
1.1.5.83321.21.4
1.1.5.83398.5.1.6.4.15.2
1.1.5.83410.5.1.11.1
1.1.5.83446.40.2.4
1.1.5.83470.17.1.4
1.1.5.83516.19.2.11.16.2
1.1.5.83534.5.1.7.2
1.1.5.83566.5.1.2
1.1.5.83594.9.1.25
1.1.5.83641.9.1.18
1.1.5.83688.14.2.12
1.1.5.83735.10.2.10
1.1.5.83837.14.2.9
1.1.5.83884.5.1.3.1
1.1.5.84008.9.2.4.15
1.1.5.84141.32.2.24.12
1.1.5.84259.5.1.23
1.1.5.84264.5.1.2.2.13.2.2
1.1.5.84272.17.2.59
1.1.5.84337.13.1.5.3
1.1.5.84385.14.2.8.3.19
1.1.5.84500.37.2.6
1.1.5.84544.5.1.1.6.9.2.24
1.1.5.84544.10.1.6
1.1.5.84636.6
1.1.5.84715.17.4.14.7
1.1.5.84820.8.3.8.24
1.1.5.84866.5.1
1.1.5.84923.5.1.1.7.14
1.1.5.84990.5.1.5.1.6
1.1.5.85072.31.1.8
1.1.5.85082.5.1.1
1.1.5.85174.5.1
1.1.5.85198.22.1.34
1.1.5.85234.42
1.1.5.85295.14.4
1.1.5.85311.5.1.2.10
1.1.5.85416.14.2.23.31.18.14
1.1.5.85482.5.1
1.1.5.85505.27.2.14.8.1
1.1.5.85518.16.2.6.1.1
1.1.5.85536.21.1.8
1.1.5.85647.18.2.8.2
1.1.5.85664.5.1.17
1.1.5.85681.13.4
1.1.5.85911.16
1.1.5.86042.5.1.2.2
1.1.5.86044.32.2.24.3
1.1.5.86071.5.1.7.8.35.1.2
1.1.5.86115.5.1.9.2
1.1.5.86148.8.1.5.8
1.1.5.86186.13.1.11
1.1.5.86203.13.2.12.1.2
1.1.5.86372.27.2.18.1.1.5
1.1.5.86378.15.2.16.4
1.1.5.86399.25.3.38
1.1.5.86555.5.1.7.4.7.5.7
1.1.5.86714.5.1.14.2.28.2.20
1.1.5.86720.65.2.4.16.11
1.1.5.86779.5.1.5.2.23.2.2
1.1.5.86875.16.2
1.1.5.86876.25.2.9.23.30
1.1.5.86924.13.2.9.3.26
1.1.5.86951.5.1
1.1.5.86986.5.1.10
1.1.5.86993.5.1.5.6.17.5.7.2
1.1.5.87078.8.1.4.4.9
1.1.5.87131.5.1.2.2.3.1.20
1.1.5.87139.14.4.8
1.1.5.87348.5.1.18.3.31
1.1.5.87408.5.1.5.3.3.2.18
1.1.5.87427.5.1.1.1
1.1.5.87428.14.1.6.1
1.1.5.87460.5.1.3.2.12.1.2
1.1.5.87490.5.1.2.1.5
1.1.5.87620.9.2.16.7.1
1.1.5.87620.9.2.16.9
1.1.5.87698.5.1.2.1.1.1.5
1.1.5.87710.19.1.4.1
1.1.5.87727.11.1.6.12
1.1.5.87730.31.2.15
1.1.5.87869.13.1.4
1.1.5.87957.5.1.1.1.12.4
1.1.5.87988.5.1.12.24
1.1.5.88063.5.1.2.1
1.1.5.88077.5.1
1.1.5.88079.5.1.1.1
1.1.5.88122.5.1.5.2
1.1.5.88183.5.1.8.4
1.1.5.88207.5.1
1.1.5.88317.6
1.1.5.88335.16.1.8.2
1.1.5.88386.5.1
1.1.5.88386.8.2.8.3
1.1.5.88423.5.1.4.1.2.2.7
1.1.5.88498.22.2.8
1.1.5.88514.10.1.4.1
1.1.5.88718.9.1.14
1.1.5.88793.5.1.26.2.3.2
1.1.5.88796.5.1.3.2.4.1.8
1.1.5.88802.13.1.8.2.3.3
1.1.5.88828.40.2.4
1.1.5.88852.17.1.4
1.1.5.88920.51.3.6.7.6
1.1.5.88950.5.1.11.8.13
1.1.5.88977.9.1.25
1.1.5.89024.9.1.18
1.1.5.89120.10.2.10
1.1.5.89198.18.2.24.3.10.3
1.1.5.89207.5.1.6.5.16
1.1.5.89233.5.1
1.1.5.89380.5.1.5.1.26
1.1.5.89390.6
1.1.5.89399.11.1.11
1.1.5.89401.5.1
1.1.5.89645.5.1.22
1.1.5.89756.13.1.5.3
1.1.5.89812.5.1.1.9.3.1
1.1.5.90042.6
1.1.5.90117.9.3.4.13
1.1.5.90126.5.1.16.17
1.1.5.90224.8.3.8.24
1.1.5.90253.11.1.11
1.1.5.90323.15.2.10.2.23
1.1.5.90381.5.1.5.1.6
1.1.5.90468.12.1.5
1.1.5.90469.16.1.4.1.18
1.1.5.90566.5.1
1.1.5.90605.5.1
1.1.5.90635.42
1.1.5.90696.14.4
1.1.5.90712.5.1.2.10
1.1.5.90819.14.2.23.31.18.14
1.1.5.90891.10.1.4
1.1.5.90923.18.2.14.6.2
1.1.5.90936.16.2.6.1.1
1.1.5.90954.21.1.8
1.1.5.91073.5.1.17
1.1.5.91108.5.1.2.1.11.5
1.1.5.91274.17.2.8
1.1.5.91297.23.2.6.5.5.2
1.1.5.91313.16
1.1.5.91445.14.2.9.15.5
1.1.5.91474.5.1.13.18.12.1.11
1.1.5.91503.13.2.4
1.1.5.91565.16.1.4.16
1.1.5.91617.13.1.23
1.1.5.91634.13.2.12.1.2
1.1.5.91820.5.1.5
1.1.5.91851.18.1.7.11.18
1.1.5.92010.5.1.7.4.7.5.7
1.1.5.92150.5.1.14.2.28.2.20
1.1.5.92157.5.1.6.18.15.3
1.1.5.92210.5.1.5.2.23.2.2
1.1.5.92326.16.2
1.1.5.92327.25.2.9.23.29
1.1.5.92373.5.1.11.3.5
1.1.5.92399.5.1
1.1.5.92451.5.1.1.11.34.1.1
1.1.5.92486.5.1.7.1
1.1.5.92507.5.1.1.1
1.1.5.92546.8.1.4.4.9
1.1.5.92578.5.1.4.4
1.1.5.92578.17.1.9.5
1.1.5.92819.5.1.18.3.31
1.1.5.92894.5.1.1.1
1.1.5.92895.14.1.6.1
1.1.5.92927.5.1.3.2.12.1.2
1.1.5.93007.27.1.17
1.1.5.93028.5.1
1.1.5.93077.5.1.10.26.10
1.1.5.93159.5.1.2
1.1.5.93198.25.2.18.5
1.1.5.93280.5.1
1.1.5.93318.10.1.12
1.1.5.93367.19.2.4
1.1.5.93466.5.1.4.4.17.2
1.1.5.93496.5.1.12.11
1.1.5.93572.5.1.2.1
1.1.5.93586.5.1
1.1.5.93639.5.1.5.2
1.1.5.93730.5.1.1.1
1.1.5.93744.5.1.11.9
1.1.5.93745.5.1
1.1.5.93936.5.1
1.1.5.93959.23.4.14.1.3.5.12
1.1.5.94002.3
1.1.5.94032.5.1.1
1.1.5.94210.14.3.9.15
1.1.5.94258.5.1.5.1
1.1.5.94295.5.1.26.2.3.2
1.1.5.94298.5.1.3.2.4.1.8
1.1.5.94304.13.1.8.2.3.3
1.1.5.94330.40.2.4
1.1.5.94354.17.1.4
1.1.5.94422.21.3.6.10.29
1.1.5.94446.10.1.4.3
1.1.5.94479.9.1.25
1.1.5.94526.9.1.18
1.1.5.94617.10.2.10
1.1.5.94693.18.2.24.3.10.3
1.1.5.94702.5.1.6.5.16
1.1.5.94734.5.1
1.1.5.94799.12.1.8
1.1.5.94867.9.2.4.4
1.1.5.95141.14.1.34.10.5.4.18
1.1.5.95143.5.1
1.1.5.95160.17.2.34
1.1.5.95225.13.1.5.3
1.1.5.95273.14.2.8.3.19
1.1.5.95348.5.1
1.1.5.95433.5.1.1.6.9.2.29
1.1.5.95433.10.1.6
1.1.5.95528.6
1.1.5.95607.17.4.14.7
1.1.5.95712.8.3.8.24
1.1.5.95776.15.1.10.7
1.1.5.95811.5.1.1.7.14
1.1.5.95873.5.1.5.1.6
1.1.5.95972.12.1.5
1.1.5.95973.16.1.4.1.18
1.1.6.59.25.1.25.3
1.1.6.80.5.1
1.1.6.149.42
1.1.6.225.5.1.1.1.30.1
1.1.6.345.25.2.18.10.36.2
1.1.6.406.5.1
1.1.6.428.10.1.7.2.4
1.1.6.431.5.1.14.5
1.1.6.437.50.6.7.12.12.6.15
1.1.6.519.12.2.4
1.1.6.545.56.4
1.1.6.561.5.1.17
1.1.6.586.5.1.9
1.1.6.766.17.2.8
1.1.6.789.23.2.6.5.5.2
1.1.6.805.16
1.1.6.885.17.3.13.1.7
1.1.6.926.5.1.2
1.1.6.941.47.2.12.5.6.4.23
1.1.6.969.56.2.4
1.1.6.1031.16.1.4.16
1.1.6.1252.17.2.11.1.1.3
1.1.6.1258.5.1.5
1.1.6.1288.30.1.13.11
1.1.6.1447.5.1.7.4.7.5.7
1.1.6.1545.9.1.4
1.1.6.1606.5.1.14.2.28.2.20
1.1.6.1612.65.2.4.16.11
1.1.6.1670.19.5.25.11.24
1.1.6.1778.16.2
1.1.6.1779.25.2.9.23.37
1.1.6.1822.13.2.9.3.28
1.1.6.1833.15
1.1.6.1895.28.2.12.8
1.1.6.1902.5.1.1.1.2.1.1
1.1.6.1982.8.1.4.4.9
1.1.6.2033.5.1.2.2.3.1.46
1.1.6.2041.14.4.8
1.1.6.2164.14.3.6.10.22
1.1.6.2257.5.1.18.3.31
1.1.6.2321.5.1.5.3.3.2.32
1.1.6.2340.5.1.1.1
1.1.6.2341.14.1.6.1
1.1.6.2373.5.1.3.2.12.1.2
1.1.6.2453.27.1.17
1.1.6.2474.5.1
1.1.6.2523.5.1.10.26.10
1.1.6.2602.5.1.2
1.1.6.2622.9.1.14.5
1.1.6.2639.5.1.18.7.9
1.1.6.2774.10.2.8
1.1.6.2877.5.1.1.1.12.4
1.1.6.2898.5.1.1.7.56
1.1.6.2906.5.1.12.11
1.1.6.2981.5.1.2.1
1.1.6.3048.5.1.5.2
1.1.6.3099.5.1.4.3
1.1.6.3123.5.1
1.1.6.3260.24.2.17.1
1.1.6.3262.5.1.2.2.5
1.1.6.3264.14.1.4
1.1.6.3353.5.1
1.1.6.3373.23.4.14.1.3.6.25
1.1.6.3442.5.1.2.2.3
1.1.6.3632.21.4
1.1.6.3703.5.1.26.2.3.2
1.1.6.3714.5.1.6.18.25.5
1.1.6.3740.19.5
1.1.6.3754.40.2.4
1.1.6.3778.17.1.4
1.1.6.3845.5.1.7.2
1.1.6.3879.5.1.16.9
1.1.6.3900.9.1.25
1.1.6.3947.9.1.18
1.1.6.3994.14.2.12
1.1.6.4118.18.2.24.3.10.3
1.1.6.4127.5.1.6.5.16
1.1.6.4153.5.1
1.1.6.4222.12.1.8
1.1.6.4291.20.1.21.20
1.1.6.4467.18.2.6.22
1.1.6.4468.5.1.1.1.21.6
1.1.6.4506.22.1.29.3
1.1.6.4537.32.2.15.13
1.1.6.4596.5.1.19
1.1.6.4607.5.1.3.3.22.2
1.1.6.4707.13.1.5.3
1.1.6.4763.5.1.1.9.3.1
1.1.6.4867.16.2.4.3
1.1.6.4993.6
1.1.6.5078.5.1.14.12.5.1
1.1.6.5089.9.3.4.13
1.1.6.5201.5.1.22
1.1.6.5226.11.1.4
1.1.6.5296.15.2.10.2.23
1.1.6.5360.5.1.5.1.6
1.1.6.5463.44.1.8
1.1.6.5473.5.1.1
1.1.6.5499.5.1
1.1.6.5574.5.1
1.1.6.5649.42
1.1.6.5710.14.4
1.1.6.5726.5.1.2.10
1.1.6.5830.14.2.23.31.18.14
1.1.6.5896.5.1
1.1.6.5918.10.1.7.2.4
1.1.6.5921.5.1.14.5
1.1.6.5927.50.6.7.12.12.6.14
1.2.106.4.2.3
1.2.271.12.6
1.2.318.2.1.1.1.12
1.2.508.2.1.1.1
1.2.526.4.2.2
1.2.614.2.1
1.2.616.4.2.4.4.34.1
1.2.702.6.3.5.2.3.12.32.7
1.2.727.10.5.17.1.10
1.2.745.2.1.9.1
1.2.795.4.2.4.1
1.2.827.6.3.5.3
1.2.846.10.5.11.3.6
1.2.882.2.1
1.2.1202.2.1.4.2.4.1
1.2.1204.4.2.6.2
1.2.1215.2.1.1
1.2.1259.8.4
1.2.1516.4.2.50.1.14
1.2.1691.3
1.2.1760.8.4.8.4.7.1
1.2.1761.10.5.13.1.3
1.2.1866.2.1.2.2.6.1.17
1.2.1896.1
1.2.1994.2.1
1.2.2027.2.1.3.3.3.4.21
1.2.2028.4.2.4.4.11
1.2.2087.2.1
1.2.2101.4.2.7
1.2.2199.2.1
1.2.2206.6.3.7.5
1.2.2328.2.1.6.3
1.2.2416.2.1
1.2.2419.2.1.3
1.2.2531.2.1.1.1
1.2.2626.4.2.7.6.34
1.2.2637.2.1.7.1.5
1.2.2649.4.2.9.1.15.3.5.26
1.2.2727.2.1.1.1
1.2.2786.2.1.1.4.11.3.20
1.2.2786.2.1.3.1.1.3.28
1.2.2823.4.2.4.4.7.1
1.2.2879.6.3.18.5.11.5.10
1.2.2955.2.1.19
1.2.2993.8.4.12
1.2.3191.2.1.4.2.10.3
1.2.3191.2.1.4.2.12
1.2.3310.2.1.13.2.6
1.2.3353.2.1.1
1.2.3467.2.1
1.2.3501.8.4.10.1
1.2.3784.4.2.4
1.2.3785.2.1.1
1.2.3796.8.4.12.5.21.2
1.2.3843.4.2.5.1
1.2.3851.6.3.8
1.2.3879.8.4.14.1.2.2
1.2.3945.2.1.21.4
1.2.3991.6.3.6.3
1.2.4068.2.1
1.2.4223.6.3.16.3.3.2
1.2.4426.2.1.2.3.44.2.4
1.2.4481.2.1.19.1.4.2
1.2.4523.1
1.2.4619.2.1.12.2.3.3
1.2.4636.8.4.8
1.2.4700.2.1
1.2.4761.4.2.4.5.18.2
1.2.4924.2.1.13.1
1.2.4930.4.2
1.2.4986.2.1.5.1
1.2.5040.2.1.2.1.1.1.1
1.2.5062.6.3.5.3
1.2.5181.2.1.3.1
1.2.5244.2.1
1.2.5305.2.1.1.1.12.6.10
1.2.5346.6.3.5.2.11.2
1.2.5406.2.1.8.1.19.2.10
1.2.5507.6.3.13.1.21.4.17
1.2.5550.2.1.2.1
1.2.5670.10.5
1.2.5732.4.2.3.1.1.1
1.2.5736.2.1.9
1.2.5791.5
1.2.5988.4.2.5.3.7
1.5.51.7.2.1.4.1
1.5.77.8.2.1.14.4
1.5.119.6.2.1.2.4
1.5.229.15.2.1.13.5.7.1
1.5.358.8.2.1.4.3.8.3.23
1.5.466.12.2.1.3.1.1.3
1.5.559.21.2.1.6
1.5.613.11.2.1
1.5.632.10.2.1.5.5
1.5.710.10.2.1.5.3.9.1
1.5.826.7.2.1.16.1
1.5.832.8.2.1
1.5.867.11.2.1.15
1.5.926.7.2.1
1.5.933.8.2.1.15.1.67
1.5.1021.17.2.1.5.2
1.5.1030.8.2.1.11.1.9
1.5.1055.17.2.1.17.1.10.5.16
1.5.1072.8.2.1.35.2
1.5.1154.7.2.1.8.2.25.1.5
1.5.1169.17.2.1.10.9.41.1
1.5.1222.8.2.1.12.7.17.5.9
1.5.1421.14.2.1
1.5.1451.10.2.1.12.1.6
1.5.1484.8.2.1.2.2.3
1.5.1684.7.2.1.19
1.5.1818.18.2.1.2.2
1.5.1881.14.2.1.12.2.5.2
1.5.1980.12.2.1.6.3.7
1.5.2131.9.2.1.8.5.22.7.10
1.5.2133.10.2.1.11.1.4
1.5.2262.10.2.1.4.1.1.2
1.5.2418.7.2.1.8.4.19
1.5.2717.7.2.1.5.1
1.5.2748.12.2.1
1.5.3064.8.2.1.3.1.16.2
1.5.3064.8.2.1.4.2.18
1.5.3069.17.2.1.15.1
1.5.3162.11.2.1.19.4.50.1.12
1.5.3190.8.2.1.3.7.30.1.7
1.5.3212.6.2.1.4.1.2.1.24
1.5.3371.8.2.1.3.3
1.5.3598.25.2.1.7.1
1.5.3599.11.2.1.1.1.3.3
1.5.3670.12.2.1.4.4
1.5.3687.6.2.1
1.5.3691.9.2.1.3.2
1.5.3919.7.2.1.7.2.5.1
1.5.4022.7.2.1.2.2.2.1.5.4
1.5.4301.6.2.1.3
1.5.4537.10.2.1.11.9
1.5.4675.11.2.1
1.5.4708.7.2.1.13.5.7.3
1.5.4874.23.2.1.27.8
1.5.4930.12.2.1.10.1
1.5.5041.25.2.1
1.5.5242.13.2.1
1.5.5274.28.2.1.12
1.5.5312.24.2.1.1
1.5.5355.11.2.1
1.5.5502.15.2.1.2
1.5.5714.31.2.1.1.1
1.5.5733.6.2.1.19.2.8.4.14.30
1.5.5879.7.2.1.6.3.3.1.4
1.5.6018.8.2.1.20.3.32.2.9
1.5.6065.20.2.1
1.5.6208.11.2.1.10
1.5.6459.13.2.1.4
1.5.6474.8.2.1.12.3
1.5.6583.11.2.1.2.6.7.1.1
1.5.6722.14.2.1.9
1.5.6757.11.2.1.14.1.4
1.5.6828.9.2.1.4.1.3
1.5.6858.7.2.1.9.1
1.5.7026.10.2.1.1
1.5.7119.9.2.1.12
1.5.7162.7.2.1.19.3
1.5.7164.13.2.1.4.1
1.5.7201.8.2.1.3.2.8.4
1.5.7213.7.2.1
1.5.7282.6.2.1.2.4
1.5.7489.11.2.1.4.3
1.5.7507.9.2.1
1.5.7592.12.2.1.3.1.1.3
1.5.7735.11.2.1
1.5.7754.10.2.1.5.5
1.5.7810.8.2.1.5.1.5.1.1
1.5.7837.6.2.1.16
1.5.8013.11.2.1.15
1.5.8072.7.2.1
1.5.8079.8.2.1.15.1.67
1.5.8308.6.2.1.1.1.18.1.21
1.5.8377.8.2.1.12.7.17.5.9
1.5.8564.14.2.1
1.5.8586.11.2.1.18.1.4.2.14
1.5.8615.8.2.1.1.1.10
1.5.8796.10.2.1.2.2
1.5.8977.7.2.1
1.5.9029.14.2.1.12.2.5.2
1.5.9128.12.2.1.6.3.7
1.5.9159.8.2.1
1.5.9227.6.2.1.1.2.3.5.22
1.5.9248.14.2.1.2.2.5
1.5.9274.9.2.1.8.5.36.9.33
1.5.9276.10.2.1.11.1.4
1.5.9336.12.2.1.35
1.5.9413.12.2.1.5.2.11.2
1.5.9566.7.2.1.8.4.16
1.5.9848.9.2.1.4.3.7.6.20
1.5.10183.16.2.1.7.1.5.1
1.5.10285.11.2.1.19.4.46.1.12
1.5.10329.8.2.1.4
1.5.10487.8.2.1.5.14
1.5.10637.22.2.1.2.1.2.2.5
1.5.10637.22.2.1.2.1.3.1.1
1.5.10648.11.2.1
1.5.10701.25.2.1.7.1
1.5.10702.11.2.1.1.1.3.3
1.5.10792.6.2.1
1.5.10992.7.2.1.7.2.5.1
1.5.11075.9.2.1
1.5.11100.38.2.1.4
1.5.11145.12.2.1.28.1.10
1.5.11215.12.2.1.25.4.13
1.5.11349.6.2.1.3
1.5.11415.7.2.1
1.5.11601.7.2.1
1.5.11690.11.2.1
1.5.11723.7.2.1.14.4
1.5.11888.23.2.1.27.8
1.5.11936.5.2.1.6.1.6
1.5.11947.9.2.1.5.3
1.5.12049.25.2.1
1.5.12288.6.2.1.3.3.3.5
1.5.12295.28.2.1.11
1.5.12333.24.2.1.1
1.5.12369.11.2.1
1.5.12506.14.2.1.26.7
1.5.12703.13.2.1
1.5.12732.8.2.1.5.4.9.9
1.5.12745.13.2.1.16.1.3.1.1.38
1.5.12837.7.2.1.27.2
1.5.12894.7.2.1.6.3.3.1.4
1.5.13034.8.2.1.20.3.32.2.9
1.5.13083.16.2.1.17.5
1.5.13240.10.2.1.31.1.2
1.5.13345.11.2.1.2.2.6.1
1.5.13501.13.2.1.4
1.5.13517.7.2.1.12.3
1.5.13556.7.2.1.20.4
1.5.13626.7.2.1.12.4.3
1.5.13633.7.2.1.6.4
1.5.13757.14.2.1.9
1.5.13862.11.2.1.1.1.1
1.5.13863.15.2.1.1.1.1.1
1.5.14056.10.2.1.1
1.5.14093.16.2.1.25.10
1.5.14097.5.2.1
1.5.14159.9.2.1.13
1.5.14202.7.2.1.19.3
1.5.14204.13.2.1.4.1
1.5.14276.12.2.1.5.4.7.1
1.5.14292.7.2.1
1.5.14430.15.2.1.13.5.7.1
1.5.14543.9.2.1.25.6.15.3
1.5.14561.9.2.1
1.5.14646.12.2.1.3.1.1.3
1.5.14793.11.2.1
1.5.14812.10.2.1.5.5
1.5.14889.10.2.1.5.3.9.1
1.5.15049.11.2.1.15
1.5.15112.9.2.1
1.5.15211.17.2.1.5.2
1.5.15220.8.2.1.11.1.9
1.5.15350.6.2.1.1.1.18.1.21
1.5.15419.8.2.1.12.7.17.5.9
1.5.15624.14.2.1
1.5.15655.13.2.1.25.5.17
1.5.15685.8.2.1.2.2.3
1.5.15832.7.2.1.53.8
1.5.15889.7.2.1.19
1.5.16050.8.2.1.8.3
1.5.16100.14.2.1.12.2.5.2
1.5.16195.12.2.1.6.3.7
1.5.16226.8.2.1
1.5.16350.19.2.1.1.1.2
1.5.16351.6.2.1.4.4.14
1.5.16406.23.2.1.1.1.1.2.34
1.5.16485.7.2.1.8.4.11.2.28
1.5.16495.14.2.1.5.2.24.6
1.5.16528.8.2.1.2.4
1.5.16657.15.2.1.17.1.6.2
1.5.16659.7.2.1.5.3.6
1.5.16939.7.2.1.5.1
1.5.17285.8.2.1.4.2.16.2
1.5.17388.9.2.1.8.1.12
1.5.17418.16.2.1.10
1.5.17433.9.2.1.18.3.7
1.5.17457.10.2.1
1.5.17610.11.2.1.17.7
1.5.17624.8.2.1.5.6
1.5.17780.16.2.1.9.2.11.2
1.5.17791.11.2.1
1.5.17898.11.2.1.5.4
1.5.17943.9.2.1.2.1.8.6
1.5.18147.7.2.1.7.2.5.1
1.5.18250.7.2.1.2.2.2.1.5.4
1.5.18376.12.2.1.25.4.13
1.5.18523.7.2.1.2
1.5.18764.10.2.1.11.9
1.5.18802.7.2.1
1.5.18909.10.2.1.1.1.60
1.5.18916.7.2.1.1.1
1.5.19071.23.2.1.27.8
1.5.19129.12.2.1.9
1.5.19139.8.2.1.37.2
1.5.19461.9.2.1.2.7.33.1.12
1.5.19540.11.2.1
1.5.19868.13.2.1
1.5.19901.31.2.1.1.1
1.5.20058.9.2.1.26
1.5.20080.11.2.1
1.5.20200.8.2.1.20.3.32.2.9
1.5.20253.16.2.1.12.6
1.5.20320.9.2.1.1.1.2.2
1.5.20393.9.2.1.11.6.40
1.5.20652.13.2.1.4
1.5.20667.8.2.1.12.3
1.5.20701.7.2.1.20.4
1.5.20776.7.2.1.12.4.3
1.5.20780.58.2.1.27.1
1.5.20822.6.2.1.2.1.2
1.5.20890.14.2.1.9
1.5.20925.11.2.1.14.1.4
1.5.20995.9.2.1.4.1.3
1.5.21025.7.2.1.9.1
1.5.21232.12.2.1.13.1.4.3.8.3
1.5.21323.9.2.1.12
1.5.21366.7.2.1.19.3
1.5.21368.13.2.1.4.1
1.5.21405.8.2.1.3.2.8.4
1.5.21417.7.2.1
1.5.21483.6.2.1.2.4
1.5.21702.8.2.1.4.3.8.3.23
1.5.21810.12.2.1.3.1.1.3
1.5.21903.21.2.1.6
1.5.21952.11.2.1
1.5.21971.10.2.1.5.5
1.5.22198.11.2.1.15
1.5.22261.9.2.1
1.5.22499.6.2.1.1.1.18.1.21
1.5.22568.8.2.1.12.7.17.5.9
1.5.22757.14.2.1
1.5.22780.24.2.1.18
1.5.22991.10.2.1.2.2
1.5.23221.14.2.1.12.2.5.2
1.5.23319.10.2.1.1.1.1.1.82
1.5.23343.11.2.1.1.1.39.8
1.5.23467.19.2.1.1.1.2
1.5.23468.6.2.1.4.4.14
1.5.23528.23.2.1.1.1.1.2.3
1.5.23607.7.2.1.8.4.11.2.28
1.5.23612.24.2.1.18.1.12.2
1.5.23701.10.2.1.28.5.9
1.5.23749.15.2.1.17.1.6.2
1.5.23751.7.2.1.5.3.6
1.5.24027.9.2.1.4.3.7.6.20
1.5.24093.11.2.1.8.3.6
1.5.24366.10.2.1.4
1.5.24465.11.2.1.19.4.48.1.17
1.5.24495.16.2.1.10
1.5.24510.9.2.1.18.3.7
1.5.24534.10.2.1
1.5.24687.9.2.1
1.5.24735.7.2.1
1.5.24826.16.2.1.16.1.1
1.5.24893.25.2.1.7.1
1.5.24894.11.2.1.1.1.3.3
1.5.24961.11.2.1.5.4
1.5.25203.7.2.1.7.2.5.1
1.5.25286.9.2.1
1.5.25311.38.2.1.4
1.5.25358.12.2.1.6.1.1.1
1.5.25567.6.2.1.3
1.5.25670.14.2.1.2.1
1.5.25807.10.2.1.11.9
1.5.25845.7.2.1
1.5.25941.11.2.1
1.5.25974.7.2.1.13.5.7.3
1.5.26187.5.2.1.6.1.6
1.5.26198.9.2.1.5.3
1.5.26487.13.2.1
1.5.26519.28.2.1.12
1.5.26602.11.2.1
1.5.26904.13.2.1
1.5.27090.9.2.1.26
1.5.27105.7.2.1.1.1.6.1
1.5.27228.8.2.1.20.3.32.2.9
1.5.27281.16.2.1.12.6
1.5.27443.10.2.1.31.1.2
1.5.27548.11.2.1.2.2.6.1
1.5.27720.29.2.1.5.5.9.4.4.7
1.5.27962.14.2.1.9
1.5.28038.8.2.1.3.1.2.4.4.18
1.5.28057.9.2.1.4.1.3
1.5.28087.7.2.1.9.1
1.5.28170.11.2.1.2.1.12.2
1.5.28274.10.2.1.1
1.5.28367.9.2.1.12
1.5.28410.7.2.1.19.3
1.5.28412.13.2.1.4.1
1.5.28449.8.2.1.3.2.8.4
1.5.28461.7.2.1
1.5.28527.6.2.1.2.4
1.5.28632.15.2.1.13.5.7.1
1.5.28742.8.2.1.4.3.8.3.23
1.5.28829.12.2.1.3.1.1.3
1.5.28866.6.2.1.5
1.5.28928.6.2.1.7.1.4.1.6
1.5.28983.11.2.1
1.5.29002.10.2.1.5.5
1.5.29079.10.2.1.5.3.9.1
1.5.29237.11.2.1.15
1.5.29296.7.2.1
1.5.29303.8.2.1.15.1.67
1.5.29445.8.2.1.33.2
1.5.29601.8.2.1.12.7.17.5.9
1.5.29754.7.2.1
1.5.29765.9.2.1.2.1.1.3
1.5.29837.8.2.1.3.3.6
1.5.29868.6.2.1.17.2.4
1.5.30041.10.2.1.2.2
1.5.30241.8.2.1.8.3
1.5.30291.14.2.1.12.2.5.2
1.5.30386.12.2.1.6.3.7
1.5.30537.9.2.1.8.5.22.7.10
1.5.30609.12.2.1.35
1.5.30639.13.2.1.1.2
1.5.30696.7.2.1.8.4.11.2.18
1.5.30706.14.2.1.5.2.24.6
1.5.30804.10.2.1.28.5.9
1.5.30853.7.2.1.8.4.16
1.5.31137.7.2.1.5.1
1.5.31484.10.2.1.7
1.5.31583.11.2.1.19.4.34.1.12
1.5.31613.16.2.1.10
1.5.31629.13.2.1.1
1.5.31653.10.2.1
1.5.31812.9.2.1
1.5.31859.7.2.1
1.5.32030.25.2.1.7.1
1.5.32031.11.2.1.1.1.3.3
1.5.32121.6.2.1
1.5.32337.7.2.1.7.2.5.1
1.5.32420.9.2.1
1.5.32445.38.2.1.4
1.5.32495.12.2.1.6.1.1.1
1.5.32700.7.2.1.2
1.5.32788.8.2.1.8.1
1.5.32936.10.2.1.11.9
1.5.33095.7.2.1.13.5.7.3
1.5.33278.9.2.1.2.1.1.1
1.5.33325.12.2.1.9
1.5.33335.8.2.1.37.2
1.5.33434.25.2.1
1.5.33659.28.2.1.12
1.5.33697.24.2.1.1
1.5.33740.11.2.1
1.5.34090.31.2.1.1.1
1.5.34112.10.2.1.4.1
1.5.34254.7.2.1.6.3.3.1.4
1.5.34400.8.2.1.20.3.32.2.9
1.5.34444.20.2.1
1.5.34451.13.2.1.3.2.17.6
1.5.34588.10.2.1.31.1.2
1.5.34693.11.2.1.2.2.6.1
1.5.34755.14.2.1.4.2
1.5.34945.7.2.1.20.4
1.5.34963.8.2.1.2.2
1.5.35161.5.2.1.6
1.5.35196.11.2.1.14.1.4
1.5.35263.9.2.1.4.1.3
1.5.35293.7.2.1.9.1
1.5.35464.27.2.1.16.8.107.6.22
1.5.35488.12.2.1.13.1.4.3.8.18
1.5.35569.13.2.1.1.1.2.2.6
1.5.35614.7.2.1.19.3
1.5.35616.13.2.1.4.1
1.5.35688.12.2.1.5.4.7.1
1.5.35704.7.2.1
1.5.35842.15.2.1.13.5.7.1
1.5.35949.10.2.1.10.1.28.2
1.5.35964.8.2.1.4.3.8.3.23
1.5.36051.12.2.1.3.1.1.3
1.5.36134.6.2.1.7.1.4.1.6
1.5.36189.11.2.1
1.5.36208.10.2.1.5.5
1.5.36393.7.2.1.16.1
1.5.36399.8.2.1
1.5.36434.11.2.1.15
1.5.36493.7.2.1
1.5.36500.8.2.1.15.1.67
1.5.36620.12.2.1.12.6.18
1.5.36647.8.2.1.27.2
1.5.36720.6.2.1.1.1.18.1.21
1.5.36789.8.2.1.12.7.17.5.9
1.5.36990.14.2.1
1.5.37020.10.2.1.12.1.6
1.5.37053.8.2.1.2.2.3
1.5.37246.7.2.1.11
1.5.37388.8.2.1.8.3
1.5.37438.14.2.1.12.2.5.2
1.5.37537.12.2.1.6.3.7
1.5.37550.15.2.1.6.2.4.3
1.5.37689.19.2.1.1.1.2
1.5.37690.6.2.1.4.4.14
1.5.37757.5.2.1.33.5.7.1.1
1.5.37803.10.2.1
1.5.37843.14.2.1.5.1.22.7
1.5.37994.7.2.1.8.4.16
1.5.38145.8.2.1.1.1
1.5.38276.9.2.1.4.3.7.6.20
1.5.38596.16.2.1.7.1.5.1
1.5.38700.11.2.1.19.4.48.1.17
1.5.38728.9.2.1.4
1.5.38738.11.2.1.10.1.18.9.36
1.5.38763.10.2.1
1.5.38916.11.2.1.17.7
1.5.38930.8.2.1.5.6
1.5.38971.7.2.1
1.5.39065.16.2.1.9.2.11.2
1.5.39076.11.2.1
1.5.39200.12.2.1.4.4
1.5.39217.6.2.1
1.5.39434.7.2.1.7.2.5.1
1.5.39517.9.2.1
1.5.39542.38.2.1.4
1.5.39654.12.2.1.25.4.13
1.5.39786.7.2.1.2
1.5.40147.16.2.1.16.6.59.4.8
1.5.40150.8.2.1.3.3
1.5.40325.9.2.1.2.1.1.1
1.5.40366.12.2.1.10.1
1.5.40704.28.2.1.12
1.5.40742.24.2.1.1
1.5.40785.11.2.1
1.5.40917.14.2.1.11.2
1.5.41115.13.2.1
1.5.41295.9.2.1.26
1.5.41317.11.2.1
1.5.41437.8.2.1.20.3.32.2.9
1.5.41481.20.2.1
1.5.41631.10.2.1.31.1.2
1.5.41736.11.2.1.2.2.6.1
1.5.41798.14.2.1.4.2
1.5.41988.7.2.1.20.4
1.5.42072.11.2.1.2.6.7.1.1
1.5.42188.5.2.1.6
1.5.42288.11.2.1.1.1.1
1.5.42289.15.2.1.1.1.1.1
1.5.42506.10.2.1.1
1.5.42547.26.2.1.1.2.5.3
1.5.42609.9.2.1.12
1.5.42652.7.2.1.19.3
1.5.42654.13.2.1.4.1
1.5.42726.12.2.1.5.4.7.1
1.5.42739.8.2.1.38.5
1.5.42781.6.2.1.2.4
1.5.43013.9.2.1
1.5.43119.12.2.1.3.1.1.3
1.5.43209.6.2.1.7.1.4.1.6
1.5.43264.11.2.1
1.5.43283.10.2.1.5.5
1.5.43361.10.2.1.5.3.9.1
1.5.43476.7.2.1.16.1
1.5.43482.8.2.1
1.5.43517.11.2.1.15
1.5.43576.7.2.1
1.5.43708.15.2.1.2
1.5.43887.8.2.1.12.7.17.5.9
1.5.44088.14.2.1
1.5.44111.24.2.1.17
1.5.44322.10.2.1.2.2
1.5.44506.18.2.1.2.2
1.5.44559.11.2.1.5.1.5
1.5.44569.9.2.1.26.3
1.5.44665.12.2.1.6.3.7
1.5.44696.8.2.1
1.5.44764.6.2.1.1.2.3.5.22
1.5.44781.7.2.1.3.1.3.2.22
1.5.44810.9.2.1.8.5.22.7.10
1.5.44869.5.2.1.17.3.5.1.1
1.5.44953.10.2.1.4.1.1.2
1.5.45094.7.2.1.8.4.16
1.5.45365.7.2.1.5.1
1.5.45721.8.2.1.3.1.16.2
1.5.45721.8.2.1.4.2.18
1.5.45726.17.2.1.15.1
1.5.45819.11.2.1.19.4.50.1.12
1.5.45849.16.2.1.10
1.5.45865.13.2.1.1
1.5.45917.6.2.1
1.5.46042.8.2.1.3.3
1.5.46082.7.2.1
1.5.46252.25.2.1.7.1
1.5.46253.11.2.1.1.1.3.3
1.5.46320.11.2.1.5.4
1.5.46571.7.2.1.7.2.5.1
1.5.46659.9.2.1
1.5.46684.38.2.1.4
1.5.46737.12.2.1.6.1.1.1
1.5.46972.7.2.1.2
1.5.47187.10.2.1.11.9
1.5.47318.11.2.1
1.5.47351.7.2.1.13.5.7.3
1.5.47553.5.2.1.6.1.6
1.5.47564.9.2.1.5.3
1.5.47665.25.2.1
1.5.47901.9.2.1.2.7.33.1.12
1.5.47942.24.2.1.1
1.5.47985.11.2.1
1.5.48303.13.2.1
1.5.48486.7.2.1.6.3.3.1.4
1.5.48618.8.2.1.21.3.50.2.50
1.5.48671.16.2.1.12.6
1.5.48823.9.2.1.11.6.30
1.5.48930.11.2.1.2.2.6.1
1.5.49086.21.2.1.2.1.4.2
1.5.49108.13.2.1.4
1.5.49123.8.2.1.12.3
1.5.49349.5.2.1.6
1.5.49443.9.2.1.4.1.3
1.5.49623.10.2.1
1.5.49663.10.2.1.1
1.5.49776.9.2.1.12
1.5.49819.7.2.1.19.3
1.5.49821.13.2.1.4.1
1.5.49858.8.2.1.3.2.8.4
1.5.49870.7.2.1
1.5.49939.6.2.1.2.4
1.5.50158.8.2.1.4.3.8.3.23
1.5.50267.7.2.1
1.5.50305.6.2.1.5
1.5.50371.7.2.1.13
1.5.50424.11.2.1
1.5.50443.10.2.1.5.5
1.5.50521.10.2.1.5.3.9.1
1.5.50637.7.2.1.16.1
1.5.50643.8.2.1
1.5.50678.11.2.1.15
1.5.50737.7.2.1
1.5.50744.8.2.1.15.1.67
1.5.50886.8.2.1.27.2
1.5.50959.6.2.1.1.1.18.1.21
1.5.51028.8.2.1.12.7.17.5.9
1.5.51218.14.2.1
1.5.51241.24.2.1.18
1.5.51465.10.2.1.2.2
1.5.51654.7.2.1
1.5.51706.14.2.1.12.2.5.2
1.5.51801.12.2.1.6.3.7
1.5.51832.8.2.1
1.5.51956.9.2.1.8.5.22.7.10
1.5.51958.10.2.1.11.1.4
1.5.52011.5.2.1.33.5.7.1.1
1.5.52103.14.2.1.5.1.47.6
1.5.52201.10.2.1.28.5.9
1.5.52253.7.2.1.4.2.5
1.5.52540.7.2.1.5.1
1.5.52896.8.2.1.4.2.16.2
1.5.52973.8.2.1.3.1.3.1
1.5.53004.11.2.1.19.4.28.1.61
1.5.53031.16.2.1.10
1.5.53046.9.2.1.18.3.7
1.5.53200.9.2.1
1.5.53356.16.2.1.9.2.11.2
1.5.53367.11.2.1
1.5.53409.14.2.1.8.5.13.7.11
1.5.53486.12.2.1.4.4
1.5.53503.6.2.1
1.5.53725.7.2.1.7.2.5.1
1.5.53828.7.2.1.2.2.2.1.5.4
1.5.54099.7.2.1.2
1.5.54368.12.2.1
1.5.54486.10.2.1.1.1.60
1.5.54494.7.2.1.10.1
1.5.54709.12.2.1.11.1
1.5.54819.25.2.1
1.5.55056.28.2.1.12
1.5.55094.24.2.1.1
1.5.55130.11.2.1
1.5.55265.9.2.1.17.2.4.2.34
1.5.55446.13.2.1
1.5.55475.8.2.1.5.4.9.9
1.5.55488.13.2.1.16.1.3.1.1.46
1.5.55629.9.2.1.26
1.5.55767.8.2.1.20.3.32.2.9
1.5.55820.16.2.1.12.6
1.5.55971.11.2.1.10
1.5.56076.11.2.1.2.2.6.1
1.5.56232.13.2.1.4
1.5.56247.8.2.1.12.3
1.5.56352.11.2.1.2.6.7.1.1
1.5.56480.14.2.1.9
1.5.56556.8.2.1.3.1.2.4.4.20
1.5.56575.9.2.1.4.1.3
1.5.56605.7.2.1.9.1
1.5.56800.10.2.1.1
1.5.56841.26.2.1.1.2.5.3
1.5.56903.9.2.1.12
1.5.56946.7.2.1.19.3
1.5.56948.13.2.1.4.1
1.5.56985.8.2.1.3.2.8.4
1.5.56997.7.2.1
1.5.57063.6.2.1.2.4
1.5.57168.15.2.1.13.5.7.1
1.5.57281.10.2.1.10.1.28.2
1.5.57296.8.2.1.4.3.8.3.23
1.5.57384.7.2.1
1.5.57474.6.2.1.7.1.4.1.6
1.5.57529.11.2.1
1.5.57548.10.2.1.5.5
1.5.57772.11.2.1.15
1.5.57835.9.2.1
1.5.57843.8.2.1.4.1.2
1.5.57932.17.2.1.5.2
1.5.57941.8.2.1.11.1.9
1.5.57989.8.2.1.27.2
1.5.57992.9.2.1.1.1.3.3
1.5.58066.6.2.1.1.1.18.1.21
1.5.58135.8.2.1.12.7.17.5.9
1.5.58328.14.2.1
1.5.58358.10.2.1.12.1.6
1.5.58391.8.2.1.2.2.3
1.5.58433.20.2.1
1.5.58577.10.2.1.2.2
1.5.58819.11.2.1.5.1.5
1.5.58829.9.2.1.26.3
1.5.58925.12.2.1.6.3.7
1.5.59077.9.2.1.8.5.22.7.10
1.5.59209.7.2.1.8.4.11.2.28
1.5.59215.6.2.1.19.6.35.1.1
1.5.59382.7.2.1.8.4.16
1.5.59551.6.2.1.7.4.5
1.5.59674.7.2.1.5.1
1.5.59705.12.2.1
1.5.60017.8.2.1.3.1.16.2
1.5.60017.8.2.1.4.2.18
1.5.60022.17.2.1.15.1
1.5.60115.11.2.1.19.4.50.1.12
1.5.60145.16.2.1.10
1.5.60160.9.2.1.18.3.7
1.5.60332.8.2.1.3.3
1.5.60372.7.2.1
1.5.60472.16.2.1.10.1.1
1.5.60543.25.2.1.7.1
1.5.60544.11.2.1.1.1.3.3
1.5.60611.11.2.1.5.4
1.5.60667.9.2.1.2.1.8.6
1.5.60873.7.2.1.7.2.5.1
1.5.60956.9.2.1
1.5.60981.38.2.1.4
1.5.61026.11.2.1.28.1.10
1.5.61227.7.2.1.2
1.5.61303.7.2.1
1.5.61471.7.2.1
1.5.61587.16.2.1.16.6.59.4.8
1.5.61590.8.2.1.3.3
1.5.61823.12.2.1.9
1.5.61833.8.2.1.37.2
1.5.62168.9.2.1.2.7.33.1.12
1.5.62209.24.2.1.1
1.5.62252.11.2.1
1.5.62387.9.2.1.17.2.4.2.34
1.5.62581.13.2.1
1.5.62614.31.2.1.1.1
1.5.62636.10.2.1.4.1
1.5.62777.7.2.1.6.3.3.1.4
1.5.62898.13.2.1.23
1.5.62933.33.2.1
1.5.62982.20.2.1
1.5.63108.7.2.1.27.1
1.5.63123.10.2.1.14.1.2
1.5.63228.11.2.1.2.2.6.1
1.5.63290.14.2.1.4.2
1.5.63480.7.2.1.20.4
1.5.63680.14.2.1.9
1.5.63715.11.2.1.14.1.4
1.5.63781.9.2.1.4.1.3
1.5.64003.27.2.1.16.8.18.6.10
1.5.64027.12.2.1.13.1.4.3.8.4
1.5.64098.9.2.1.12
1.5.64141.7.2.1.19.3
1.5.64143.13.2.1.4.1
1.5.64215.12.2.1.5.4.7.1
1.5.64228.8.2.1.38.5
1.5.64270.6.2.1.2.4
1.5.64381.15.2.1.13.5.7.1
1.5.64526.9.2.1
1.5.64612.7.2.1
1.5.64703.6.2.1.7.1.4.1.6
1.5.64753.11.2.1
1.5.64772.10.2.1.5.5
1.5.64849.10.2.1.5.3.9.1
1.5.64958.7.2.1.9.1
1.5.64964.8.2.1
1.5.64999.11.2.1.15
1.5.65058.7.2.1
1.5.65065.8.2.1.15.1.67
1.5.65193.18.2.1.4.1.2
1.5.65219.9.2.1.7.2.3.3
1.5.65376.8.2.1.12.7.17.5.9
1.5.65585.14.2.1
1.5.65615.10.2.1.11.5.7
1.5.65644.8.2.1.2.2.3
1.5.65843.10.2.1.2.2
1.5.66014.18.2.1.2.2
1.5.66077.14.2.1.12.2.5.2
1.5.66172.12.2.1.6.3.7
1.5.66184.15.2.1.8.2.4.3
1.5.66323.9.2.1.8.5.22.7.10
1.5.66325.10.2.1.11.1.4
1.5.66368.7.2.1.19
1.5.66445.7.2.1.8.4.11.2.28
1.5.66455.14.2.1.5.1.24.6
1.5.66548.10.2.1.28.5.9
1.5.66596.15.2.1.17.1.6.2
1.5.66598.7.2.1.5.3.6
1.5.66745.8.2.1.1.1
1.5.66881.7.2.1.5.1
1.5.66912.12.2.1
1.5.67235.8.2.1.3.1.16.2
1.5.67235.8.2.1.4.2.18
1.5.67240.17.2.1.15.1
1.5.67336.11.2.1.19.4.48.1.17
1.5.67366.16.2.1.10
1.5.67382.13.2.1.1
1.5.67406.10.2.1
1.5.67562.8.2.1.3.3
1.5.67603.7.2.1
1.5.67759.14.2.1.6.2.5.1
1.5.67846.12.2.1.4.4
1.5.67863.6.2.1
1.5.67879.9.2.1.2.1.8.6
1.5.68091.7.2.1.7.2.5.1
1.5.68179.9.2.1
1.5.68204.38.2.1.4
1.5.68254.12.2.1.6.1.1.1
1.5.68476.6.2.1.3
1.5.68581.14.2.1.3.1
1.5.68708.12.2.1
1.5.68815.16.2.1.16.6.59.4.8
1.5.68818.8.2.1.3.3
1.5.68992.9.2.1.2.1.1.1
1.5.69031.5.2.1.6.1.6
1.5.69042.9.2.1.5.3
1.5.69144.25.2.1
1.5.69346.13.2.1
1.5.69378.28.2.1.12
1.5.69416.24.2.1.1
1.5.69459.11.2.1
1.5.69587.6.2.1.8.1.12
1.5.69797.31.2.1.1.1
1.5.69973.7.2.1.6.3.3.1.43
1.5.70119.8.2.1.20.3.32.2.9
1.5.70163.20.2.1
1.5.70307.10.2.1.31.1.2
1.5.70412.11.2.1.2.2.6.1
1.5.70474.14.2.1.4.2
1.5.70855.14.2.1.9
1.5.70952.9.2.1.4.1.3
1.5.70982.7.2.1.9.1
1.5.71173.7.2.1.30.6.43.6.14
1.5.71217.12.2.1.27
1.5.71224.7.2.1.44.11.34.4.31
1.5.71231.6.2.1
1.5.71269.9.2.1.13
1.5.71312.7.2.1.19.3
1.5.71314.13.2.1.4.1
1.5.71351.8.2.1.3.2.8.4
1.5.71363.7.2.1
1.5.71432.6.2.1.2.4
1.5.71542.15.2.1.13.5.7.1
1.5.71641.11.2.1.4.3
1.5.71659.9.2.1
1.5.71765.12.2.1.3.1.1.3
1.5.71802.6.2.1.5
1.5.71916.11.2.1
1.5.71935.10.2.1.5.5
1.6.159.8.2.1
1.6.237.8.2.1
1.6.287.8.2.1.8.3.25.1
1.6.404.8.2.1.8
1.6.536.8.2.1.2.1.2.3.18
1.6.769.8.2.1
1.6.868.8.2.1.3
1.6.914.8.2.1.16
1.6.1148.8.2.1.5.5.10
1.6.1355.8.2.1.18
1.6.1369.8.2.1.12.1.13.6.11.16
1.6.1410.8.2.1.13.4
1.6.1415.8.2.1
1.6.1456.8.2.1.27.5.29
1.6.1577.8.2.1.15.6.10.3
1.6.1578.8.2.1
1.6.1616.8.2.1.2.1.5
1.6.1617.8.2.1.4
1.6.1624.8.2.1.8.2.2.1.1
1.6.1680.8.2.1.11.4.23
1.6.1765.8.2.1.12.7.17.4
1.6.1826.8.2.1
1.6.1908.8.2.1.6.1.1
1.6.1915.8.2.1.5.1.13
1.6.1974.8.2.1.17
1.6.2127.8.2.1.10.2.12.2
1.6.2191.8.2.1.5
1.6.2226.8.2.1
1.6.2299.8.2.1.5
1.6.2374.8.2.1.5.2.6.4.46
1.6.2387.8.2.1.3.1
1.6.2471.8.2.1.2
1.6.2505.8.2.1.18
1.6.2584.8.2.1.8.1
1.6.2589.8.2.1
1.6.2707.8.2.1.8.5.20.1.3
1.6.2726.8.2.1.11.1.1
1.6.2836.8.2.1.19
1.6.2886.8.2.1.17.4.4.1.12
1.6.2919.8.2.1
1.6.3265.8.2.1.1.2
1.6.3278.8.2.1.9.5.16.1
1.6.3378.8.2.1.8.1.18.1.1
1.6.3400.8.2.1
1.6.3709.8.2.1.3.1
1.6.3857.8.2.1.32.1.23.2.8
1.6.3857.8.2.1.32.1.25.4.14
1.6.3863.8.2.1
1.6.3907.8.2.1.19
1.6.3966.8.2.1.4.1.15
1.6.3969.8.2.1.4.2
1.6.4010.8.2.1.12
1.6.4065.8.2.1.1.1.1.11
1.6.4135.8.2.1.38
1.6.4281.8.2.1.8.5
1.6.4384.8.2.1
1.6.4437.8.2.1.3.2
1.6.4452.8.2.1.19.6
1.6.4487.8.2.1
1.6.4540.8.2.1
1.6.4557.8.2.1.16.2
1.6.4778.8.2.1.22
1.6.4911.8.2.1.12.4
1.6.4938.8.2.1.2.2
1.6.5137.8.2.1.16.6
1.6.5199.8.2.1.3
1.6.5437.8.2.1
1.6.5447.8.2.1.12
1.6.5572.8.2.1
1.6.5629.8.2.1.16.4.9.2
1.6.5705.8.2.1.13.8
1.6.5760.8.2.1.1.3
1.6.5843.8.2.1.21.1
1.6.5874.8.2.1.8
1.6.5884.8.2.1.3.2.9
1.6.5887.8.2.1.8.3
1.6.5900.8.2.1
1.6.5936.8.2.1.3.1.2
1.6.5997.8.2.1.1
1.6.6081.8.2.1.16.7.13.4
1.6.6147.8.2.1
1.6.6241.8.2.1.11
1.6.6563.8.2.1.6.7
1.6.6568.8.2.1.8
1.6.6582.8.2.1.13.1
1.6.6617.8.2.1
1.6.6698.8.2.1.16
1.6.6816.8.2.1
1.6.6949.8.2.1.4.5.4.2.13
1.6.7073.8.2.1.12.3.12.3
1.6.7205.8.2.1.15.12.22
1.6.7255.8.2.1.10.1.1.1.3
1.6.7256.8.2.1.13.4.15.4
1.6.7320.8.2.1.2.6.22
1.6.7629.8.2.1.7.1
1.6.7632.8.2.1
1.6.7737.8.2.1.9.1.30.7
1.6.7748.8.2.1.3.3
1.6.7931.8.2.1
1.6.8005.8.2.1.1
1.6.8024.8.2.1.5.1
1.6.8038.8.2.1.8.1
1.6.8084.8.2.1.14.1.7.6.8.16
1.6.8175.8.2.1.6.1
1.6.8228.8.2.1
1.6.8382.8.2.1
1.6.8432.8.2.1.8.3.25.1
1.6.8560.8.2.1.8
1.6.8583.8.2.1.3.1.3
1.6.8600.8.2.1
1.6.8618.8.2.1.3.2.3.3
1.6.8701.8.2.1.7
1.6.8792.8.2.1.6.8.16.4.13
1.6.8940.8.2.1
1.6.9043.8.2.1.44.1.1.2
1.6.9051.8.2.1.61.1.26.5.5
1.6.9086.8.2.1.16
1.6.9332.8.2.1
1.6.9339.8.2.1.15.3.7
1.6.9479.8.2.1
1.6.9493.8.2.1.10
1.6.9543.8.2.1.18
1.6.9618.8.2.1.13.4
1.6.9623.8.2.1
1.6.9665.8.2.1.29.5.29
1.6.9788.8.2.1.11.1
1.6.9817.8.2.1.5
1.6.9821.8.2.1.3
1.6.9845.8.2.1.15.3.2.1.3
1.6.9898.8.2.1.2.1.6.1.2
1.6.10000.8.2.1
1.6.10147.8.2.1.6.1.1
1.6.10154.8.2.1.5.1.13
1.6.10206.8.2.1.13.4
1.6.10207.8.2.1.19
1.6.10360.8.2.1.10.2.12.2
1.6.10390.8.2.1.8.3.9.1
1.6.10421.8.2.1.5
1.6.10528.8.2.1.5
1.6.10603.8.2.1.5.2.6.4.46
1.6.10616.8.2.1.3.1
1.6.10640.8.2.1.19.2
1.6.10701.8.2.1.2
1.6.10735.8.2.1.18
1.6.10815.8.2.1.8.1
1.6.10820.8.2.1
1.6.10945.8.2.1.2.1.2.1
1.6.10946.8.2.1.3
1.6.10966.8.2.1.11.1.1
1.6.11070.8.2.1.19
1.6.11089.8.2.1.3.2.15.2.64
1.6.11116.8.2.1.2.1
1.6.11508.8.2.1
1.6.11617.8.2.1.18.1.8.1.1
1.6.11639.8.2.1
1.6.11690.8.2.1.7.1
1.6.11925.8.2.1.3.1
1.6.12073.8.2.1.32.1.23.2.8
1.6.12073.8.2.1.32.1.25.4.14
1.6.12079.8.2.1
1.6.12136.8.2.1.16.3.30.1.5
1.6.12233.8.2.1.12
1.6.12356.8.2.1.6.1.1
1.6.12405.8.2.1
1.6.12456.8.2.1.3.1
1.6.12505.8.2.1.8.5
1.6.12609.8.2.1
1.6.12781.8.2.1
1.6.12793.8.2.1.16.2
1.6.12966.8.2.1.7.1
1.6.13011.8.2.1.7.4.9.3.19
1.6.13152.8.2.1.12.4
1.6.13179.8.2.1.2.2
1.6.13216.8.2.1.29.1.4.2
1.6.13424.8.2.1.3
1.6.13657.8.2.1
1.6.13667.8.2.1.12
1.6.13761.8.2.1.27.1.4.3
1.6.13794.8.2.1.2.3
1.6.13908.8.2.1
1.6.13968.8.2.1.3.1.4.4
1.6.14074.8.2.1.8
1.6.14084.8.2.1.3.2.9
1.6.14100.8.2.1
1.6.14136.8.2.1.3.1.2
1.6.14224.8.2.1
1.6.14281.8.2.1
1.6.14356.8.2.1.14.6
1.6.14381.8.2.1.16.1.3.7
1.6.14447.8.2.1.11
1.6.14783.8.2.1.6.9
1.6.14788.8.2.1.8
1.6.14800.8.2.1.2.4.5.1
1.6.14850.8.2.1.7.1
1.6.14942.8.2.1.16
1.6.15167.8.2.1
1.6.15184.8.2.1.4
1.6.15220.8.2.1.2.2
1.6.15324.8.2.1.2
1.6.15436.8.2.1.15.12.22
1.6.15486.8.2.1.10.1.1.1.3
1.6.15487.8.2.1.13.4.15.4
1.6.15551.8.2.1.2.6.22
1.6.15960.8.2.1.4.1.12.2
1.6.15991.8.2.1
1.6.16160.8.2.1.19
1.6.16234.8.2.1.1
1.6.16252.8.2.1.5.1
1.6.16610.8.2.1
1.6.16660.8.2.1.8.3.25.1
1.6.16788.8.2.1.8
1.6.16838.8.2.1
1.6.16856.8.2.1.3.2.3.3
1.6.16939.8.2.1.7
1.6.17248.8.2.1.2.2.3
1.6.17257.8.2.1.13.5.16.9.36
1.6.17293.8.2.1.16
1.6.17350.8.2.1.3.2
1.6.17357.8.2.1.1.1
1.6.17537.8.2.1
1.6.17544.8.2.1.15.3.7
1.6.17762.8.2.1.14
1.6.17839.8.2.1.10.1.1.4
1.6.17844.8.2.1
1.6.17886.8.2.1.29.5.29
1.6.18011.8.2.1.11.1
1.6.18040.8.2.1.5
1.6.18044.8.2.1.3
1.6.18068.8.2.1.15.3.2.1.3
1.6.18117.8.2.1.12.2.44
1.6.18207.8.2.1.1.7.8.1.1
1.6.18354.8.2.1.6.1.1
1.6.18361.8.2.1.5.1.13
1.6.18413.8.2.1.14.1.41.3
1.6.18557.8.2.1.10.2.12.2
1.6.18587.8.2.1.8.3.9.1
1.6.18614.8.2.1.5
1.6.18663.8.2.1
1.6.18744.8.2.1.5
1.6.18804.8.2.1.2.6.5.1
1.6.18824.8.2.1.33
1.6.18860.8.2.1.19.2
1.6.18922.8.2.1.2
1.6.18956.8.2.1.18
1.6.19042.8.2.1
1.6.19173.8.2.1.2.1.2.1
1.6.19174.8.2.1.3
1.6.19194.8.2.1.11.1.1
1.6.19302.8.2.1.19
1.6.19350.8.2.1.1.1.17.3.4
1.6.19387.8.2.1
1.6.19728.8.2.1
1.6.19837.8.2.1.23.1.8.1.1
1.6.19859.8.2.1
1.6.19872.8.2.1.4.1
1.6.19873.8.2.1
1.6.20111.8.2.1.3.1
1.6.20256.8.2.1.32.1.23.2.8
1.6.20256.8.2.1.32.1.25.4.14
1.6.20262.8.2.1
1.6.20307.8.2.1.21
1.6.20410.8.2.1.12
1.6.20511.8.2.1
1.6.20512.8.2.1.6.3
1.6.20533.8.2.1.6.1.1
1.6.20620.8.2.1.35.9
1.6.20670.8.2.1
1.6.20688.8.2.1.4.3.9.2
1.6.20798.8.2.1
1.6.20862.8.2.1.3.2
1.6.20914.8.2.1
1.6.20967.8.2.1
1.6.20984.8.2.1.16.2
1.6.21211.8.2.1.22
1.6.21328.8.2.1.12.4
1.6.21609.8.2.1.3
1.6.21859.8.2.1.2.1.5
1.6.22014.8.2.1.7.6.10.2
1.6.22090.8.2.1
1.6.22150.8.2.1.3.1.4.4
1.6.22258.8.2.1.8
1.6.22268.8.2.1.3.2.9
1.6.22271.8.2.1.8.3
1.6.22284.8.2.1
1.6.22320.8.2.1.3.1.2
1.6.22381.8.2.1.1
1.6.22455.8.2.1
1.6.22518.8.2.1
1.6.22587.8.2.1
1.6.22643.8.2.1.11
1.6.22968.8.2.1.6.9
1.6.22973.8.2.1.8
1.6.22987.8.2.1.13.1
1.6.23022.8.2.1
1.6.23121.8.2.1.16
1.6.23174.8.2.1.3
1.6.23186.8.2.1
1.6.23339.8.2.1.4
1.6.23465.8.2.1.12.3.12.3
1.6.23587.8.2.1.17.5.23.1.8
1.6.23830.8.2.1.2.2.30.9
1.6.24038.8.2.1.7.1
1.6.24041.8.2.1
1.6.24160.8.2.1.17.2.6.3.16.42
1.6.24194.8.2.1
1.6.24339.8.2.1
1.6.24413.8.2.1.1
1.6.24431.8.2.1.8.1
1.6.24555.8.2.1
1.6.24571.8.2.1
1.6.24744.8.2.1.18.2
1.6.24821.8.2.1
1.6.24871.8.2.1.8.3.25.1
1.6.24976.8.2.1.8
1.6.24999.8.2.1.13.6.22
1.6.25111.8.2.1.7
1.6.25202.8.2.1.6.8.16.4.13
1.6.25340.8.2.1
1.6.25437.8.2.1.13.5.16.9.25
1.6.25479.8.2.1.16
1.6.25536.8.2.1.3.2
1.6.25543.8.2.1.1.1
1.6.25713.8.2.1
1.6.25720.8.2.1.15.3.7
1.6.25862.8.2.1
1.6.25926.8.2.1.18
1.6.26003.8.2.1.10.1.1.4
1.6.26008.8.2.1
1.6.26055.8.2.1.29.5.20
1.6.26178.8.2.1.15.6.10.3
1.6.26179.8.2.1
1.6.26217.8.2.1.2.1.5
1.6.26217.8.2.1.3.2.9.3.18
1.6.26237.8.2.1.15.3.2.1.3
1.6.26293.8.2.1.11.4.23
1.6.26380.8.2.1.3.2
1.6.26512.8.2.1.6.1.1
1.6.26519.8.2.1.5.1.13
1.6.26578.8.2.1.17
1.6.26745.8.2.1.10.2.12.2
1.6.26862.8.2.1
1.6.26915.8.2.1.5.1.2
1.6.27039.8.2.1.19.2
1.6.27101.8.2.1.6
1.6.27134.8.2.1.10
1.6.27220.8.2.1
1.6.27350.8.2.1.2.1.2.1
1.6.27351.8.2.1.3
1.6.27371.8.2.1.11.1.1
1.6.27479.8.2.1.19
1.6.27527.8.2.1.1.1.17.5.20
1.6.28038.8.2.1.23.1.8.1.1
1.6.28060.8.2.1
1.6.28373.8.2.1.3.1
1.6.28519.8.2.1.5.3
1.6.28519.8.2.1.6.1.2.1.30
1.6.28570.8.2.1.19
1.6.28629.8.2.1.4.1.15
1.6.28632.8.2.1.4.2
1.6.28673.8.2.1.12
1.6.28816.8.2.1.6.1.1
1.6.28862.8.2.1
1.6.28945.8.2.1
1.6.29102.8.2.1.2.2
1.6.29120.8.2.1.3.2
1.6.29135.8.2.1.19.6
1.6.29258.8.2.1
1.6.29270.8.2.1.16.2
1.6.29324.8.2.1
1.6.29414.8.2.1.1
1.6.29468.8.2.1.7.1
1.6.29518.8.2.1.13.4.17
1.6.29640.8.2.1.12.4
1.6.29667.8.2.1.2.2
1.6.29704.8.2.1.29.1.4.2
1.6.29917.8.2.1.3
1.6.30158.8.2.1.2.1.1
1.6.30280.8.2.1.2.3
1.6.30323.8.2.1.16.4.9.2
1.6.30377.8.2.1.4.2.3.9
1.6.30407.8.2.1
1.6.30455.8.2.1.3.1.4.4
1.6.30550.8.2.1.8
1.6.30560.8.2.1.3.2.9
1.6.30563.8.2.1.8.3
1.6.30576.8.2.1
1.6.30612.8.2.1.3.1.2
1.6.30828.8.2.1
1.6.30938.8.2.1.17.1.1.1.13
1.6.31254.8.2.1.6.7
1.6.31259.8.2.1.8
1.6.31273.8.2.1.13.1
1.6.31355.8.2.1.5.3.15.4
1.6.31368.8.2.1.1.1.1.1
1.6.31389.8.2.1.11.7.14.1.8
1.6.31436.8.2.1.4
1.6.31502.8.2.1
1.6.31638.8.2.1.4
1.6.31674.8.2.1.2.2
1.6.31761.8.2.1.1
1.6.31873.8.2.1.15.12.22
1.6.31914.8.2.1.15.7
1.6.31994.8.2.1.2.6.22
1.6.32303.8.2.1.7.1
1.6.32306.8.2.1
1.6.32388.8.2.1.6.5
1.6.32415.8.2.1.17.2.6.3.21.28
1.6.32449.8.2.1
1.6.32612.8.2.1.19
1.6.32676.8.2.1.10.5.21
1.6.33048.8.2.1
1.6.33098.8.2.1.8.3.25.1
1.6.33220.8.2.1.8
1.6.33247.8.2.1.3.1.3
1.6.33264.8.2.1
1.6.33282.8.2.1.3.2.3.3
1.6.33365.8.2.1.7
1.6.33601.8.2.1
1.6.33698.8.2.1.13.5.16.9.25
1.6.33734.8.2.1.16
1.6.33967.8.2.1.5.5.10
1.6.33980.8.2.1.15.3.2.4
1.6.34189.8.2.1.18
1.6.34203.8.2.1.12.1.13.6.11.16
1.6.34244.8.2.1.13.4
1.6.34249.8.2.1
1.6.34291.8.2.1.29.5.29
1.6.34414.8.2.1.15.6.10.3
1.6.34415.8.2.1
1.6.34453.8.2.1.2.1.5
1.6.34453.8.2.1.3.2.9.3.18
1.6.34473.8.2.1.15.3.2.1.3
1.6.34526.8.2.1.12.2.22
1.6.34608.8.2.1.12.11
1.6.34738.8.2.1.6.1.1
1.6.34745.8.2.1.5.1.13
1.6.34797.8.2.1.14.1.41.3
1.6.34943.8.2.1.10.2.12.2
1.6.35012.8.2.1.5
1.6.35047.8.2.1
1.6.35117.8.2.1.5
1.6.35180.8.2.1.28.1
1.6.35201.8.2.1.2.2.3.1.20
1.6.35208.8.2.1.3.1
1.6.35232.8.2.1.19.2
1.6.35293.8.2.1.2
1.6.35327.8.2.1.18
1.6.35413.8.2.1
1.6.35547.8.2.1.34.1.4.3
1.6.35547.8.2.1.36.3.6.5.46
1.6.35567.8.2.1.11.1.1
1.6.35671.8.2.1.6.4.11
1.6.35701.8.2.1.3.2.15.2.27
1.6.35728.8.2.1.2.1
1.6.35858.8.2.1.3.1
1.6.36215.8.2.1.8.1.18.1.1
1.6.36237.8.2.1
1.6.36250.8.2.1.4.1
1.6.36251.8.2.1
1.6.36272.8.2.1.9.1
1.6.36521.8.2.1.3.1
1.6.36669.8.2.1.32.1.23.2.8
1.6.36669.8.2.1.32.1.25.4.14
1.6.36675.8.2.1
1.6.36790.8.2.1.4.1.15
1.6.36793.8.2.1.4.2
1.6.36834.8.2.1.12
1.6.36968.8.2.1.6.1.1
1.6.37123.8.2.1.8.5
1.6.37231.8.2.1
1.6.37409.8.2.1
1.6.37478.8.2.1.18.1
1.6.37658.8.2.1.13.4.17
1.6.37796.8.2.1.12.4
1.6.38084.8.2.1.3
1.6.38323.8.2.1.12
1.6.38442.8.2.1
1.6.38499.8.2.1.16.4.9.2
1.6.38569.8.2.1.1.1.1.1
1.6.38636.8.2.1.3.1.4.4
1.6.38703.8.2.1.21.1
1.6.38729.8.2.1.8
1.6.38739.8.2.1.3.2.9
1.6.38755.8.2.1
1.6.38850.8.2.1.1
1.6.39001.8.2.1
1.6.39108.8.2.1.11
1.6.39442.8.2.1.3.1.4
1.6.39452.8.2.1.2.4.5.1
1.6.39613.8.2.1.20
1.6.39682.8.2.1
1.6.39859.8.2.1.4
1.6.39895.8.2.1.2.2
1.6.39985.8.2.1.12.3.12.3
1.6.40114.8.2.1.15.12.22
1.6.40138.8.2.1.9.1.22.5
1.6.40155.8.2.1.15.7
1.6.40541.8.2.1.7.1
1.6.40544.8.2.1
1.6.40650.8.2.1.17.2.6.3.24.25
1.6.40684.8.2.1
1.6.40840.8.2.1
1.6.40914.8.2.1.1
1.6.40932.8.2.1.8.1
1.6.41058.8.2.1
1.6.41074.8.2.1
1.6.41333.8.2.1
1.6.41383.8.2.1.8.3.25.1
1.6.41515.8.2.1.8
1.6.41555.8.2.1
1.6.41573.8.2.1.3.2.3.3
1.6.41645.8.2.1.2.1.2.3.32
1.6.41867.8.2.1
1.6.41969.8.2.1.2.2.19
1.6.41978.8.2.1.13.5.16.9.58
1.6.42014.8.2.1.16
1.6.42241.8.2.1
1.6.42248.8.2.1.15.3.7
1.6.42261.8.2.1.15.3.2.4
1.6.42478.8.2.1.4
1.6.42555.8.2.1.10.1.1.4
1.6.42560.8.2.1
1.6.42602.8.2.1.29.5.29
1.6.42775.8.2.1.5
1.6.42779.8.2.1.3
1.6.42803.8.2.1.15.3.2.1.3
1.6.42857.8.2.1.3
1.6.42953.8.2.1.1.6.15.1.1
1.6.43084.8.2.1.6.1.1
1.6.43091.8.2.1.5.1.13
1.6.43143.8.2.1.14.1.41.3
1.6.43314.8.2.1.10.2.12.2
1.6.43344.8.2.1.8.3.9.1
1.6.43371.8.2.1
1.6.43380.8.2.1.4.1
1.6.43428.8.2.1
1.6.43482.8.2.1.5.1.2
1.6.43570.8.2.1.2.2.3.1.18
1.6.43577.8.2.1.3.1
1.6.43601.8.2.1.19.2
1.6.43663.8.2.1.6
1.6.43784.8.2.1
1.6.43917.8.2.1.34.1.4.3
1.6.43917.8.2.1.36.3.6.5.38
1.6.43937.8.2.1.11.1.1
1.6.44041.8.2.1.19
1.6.44060.8.2.1.3.2.15.2.64
1.6.44087.8.2.1.1.1.17.3.4
1.6.44202.8.2.1.3.1
1.6.44570.8.2.1.18.1.8.1.1
1.6.44592.8.2.1
1.6.44893.8.2.1.3.1
1.6.45026.8.2.1.31.1.21.2.35
1.6.45026.8.2.1.31.1.23.4.41
1.6.45032.8.2.1
1.6.45093.8.2.1.21
1.6.45167.8.2.1.4.1.15
1.6.45170.8.2.1.4.2
1.6.45211.8.2.1.12
1.6.45341.8.2.1.6.1.1
1.6.45620.8.2.1.3.2
1.6.45669.8.2.1
1.6.45730.8.2.1.43.4
1.6.45789.8.2.1.18.1
1.6.45876.8.2.1.1
1.6.45987.8.2.1.13.4.17
1.6.46109.8.2.1.12.4
1.6.46173.8.2.1.29.1.4.2
1.6.46390.8.2.1.3
1.6.46601.8.2.1
1.6.46611.8.2.1.12
1.6.46736.8.2.1.42.8.25.2
1.6.46836.8.2.1.4.2.3.9
1.6.46856.8.2.1.21.8
1.6.46883.8.2.1.6.2.9.2
1.6.46904.8.2.1.1.3
1.6.46966.8.2.1.6.3
1.6.47012.8.2.1.8
1.6.47022.8.2.1.3.2.9
1.6.47038.8.2.1
1.6.47074.8.2.1.3.1.2
1.6.47135.8.2.1.1
1.6.47223.8.2.1.16.7.13.4
1.6.47292.8.2.1
1.6.47716.8.2.1.3.1.4
1.6.47726.8.2.1.2.4.5.1
1.6.47820.8.2.1.1.1.1.5
1.6.47841.8.2.1.11.7.14.1.8
1.6.47897.8.2.1.3
1.6.47909.8.2.1
1.6.48084.8.2.1.4
1.6.48120.8.2.1.2.2
1.6.48231.8.2.1.9
1.6.48235.8.2.1.1.1
1.6.48345.8.2.1.15.12.22
1.6.48386.8.2.1.15.7
1.6.48455.8.2.1.2.6.22
1.6.48770.8.2.1.7.1
1.6.48773.8.2.1
1.6.48877.8.2.1.17.2.6.3.16.30
1.6.49044.8.2.1.19
1.6.49107.8.2.1.9.1.6
1.6.49123.8.2.1.5.1
1.6.49274.8.2.1.6.1
1.6.49501.8.2.1
1.6.49551.8.2.1.8.3.25.1
1.6.49683.8.2.1.8
1.6.49706.8.2.1.13.6.22
1.6.49755.8.2.1.15.3.55.3
1.6.49828.8.2.1.7
1.6.49919.8.2.1.6.8.16.4.13
1.6.50047.8.2.1
1.6.50145.8.2.1.27.1.26.6.5
1.6.50180.8.2.1.16
1.6.50237.8.2.1.3.2
1.6.50244.8.2.1.1.1
1.6.50424.8.2.1
1.6.50431.8.2.1.15.3.7
1.6.50444.8.2.1.15.3.2.4
1.6.50653.8.2.1.4
1.6.50667.8.2.1.12.1.13.6.13.14
1.6.50708.8.2.1.13.4
1.6.50713.8.2.1
1.6.50754.8.2.1.27.5.29
1.6.50897.8.2.1.5
1.6.50901.8.2.1.3
1.6.50925.8.2.1.15.3.2.1.3
1.6.50978.8.2.1.12.2.22
1.6.51201.8.2.1.6.1.1
1.6.51208.8.2.1.5.1.13
1.6.51260.8.2.1.13.4
1.6.51261.8.2.1.19
1.6.51414.8.2.1.10.2.12.2
1.6.51471.8.2.1.5
1.6.51520.8.2.1
1.6.51590.8.2.1.5
1.6.51770.8.2.1.6
1.6.51803.8.2.1.10
1.6.51883.8.2.1.8.1
1.6.51888.8.2.1
1.6.52006.8.2.1.8.5.20.1.3
1.6.52025.8.2.1.11.1.1
1.6.52135.8.2.1.19
1.6.52181.8.2.1.1.1.17.3.4
1.6.52294.8.2.1.3.1
1.6.52561.8.2.1
1.6.52674.8.2.1.18.1.8.1.1
1.6.52696.8.2.1
1.6.52709.8.2.1.4.1
1.6.52710.8.2.1
1.6.52978.8.2.1.3.1
1.6.53107.8.2.1.31.1.21.2.29
1.6.53107.8.2.1.31.1.23.4.35
1.6.53113.8.2.1
1.6.53168.8.2.1.16.3.30.1.5
1.6.53230.8.2.1.4.1.15
1.6.53233.8.2.1.4.2
1.6.53274.8.2.1.12
1.6.53403.8.2.1.6.1.1
1.6.53452.8.2.1
1.6.53552.8.2.1
1.6.53670.8.2.1
1.6.53863.8.2.1
1.6.53930.8.2.1.18.1
1.6.54017.8.2.1.1
1.6.54124.8.2.1.13.4.17
1.6.54264.8.2.1.12.4
1.6.54321.8.2.1.23.7.13.9
1.6.54531.8.2.1.3
1.6.54750.8.2.1.2.1.1
1.6.54872.8.2.1.2.3
1.6.54916.8.2.1.16.4.9.2
1.6.54971.8.2.1.4.2.3.9
1.6.54993.8.2.1
1.6.55053.8.2.1.3.1.4.4
1.6.55109.8.2.1.6.3
1.6.55150.8.2.1.7.5.9.1.1
1.6.55179.8.2.1.11.2.2.2
1.6.55220.8.2.1.3.1.2
1.6.55421.8.2.1
1.6.55459.8.2.1.16.1.3.7
1.6.55533.8.2.1.11
1.6.55858.8.2.1.3.1.4
1.6.55866.8.2.1.5.1
1.6.55987.8.2.1.1.1.1.2
1.6.56009.8.2.1.16
1.6.56250.8.2.1.4.5.4.2.13
1.6.56384.8.2.1.11.5
1.6.56497.8.2.1.27.8.16
1.6.56521.8.2.1.9.1.22.5
1.6.56543.8.2.1.12.1.1
1.6.56833.8.2.1
1.6.56925.8.2.1.7.1
1.6.56928.8.2.1
1.6.57055.8.2.1.17.2.6.3.26.24
1.6.57089.8.2.1
1.6.57251.8.2.1.19
1.6.57325.8.2.1.1
1.6.57343.8.2.1.5.1
1.6.57357.8.2.1.8.1
1.6.57403.8.2.1.14.1.7.6.8.15
1.6.57499.8.2.1.6.1
1.6.57633.8.2.1
1.6.57711.8.2.1
1.6.57761.8.2.1.8.3.25.1
1.6.57889.8.2.1.8
1.6.57933.8.2.1
1.6.57951.8.2.1.3.2.3.3
1.6.58034.8.2.1.7
1.6.58125.8.2.1.6.8.16.4.13
1.6.58168.8.2.1
1.6.58260.8.2.1
1.6.58358.8.2.1.26
1.6.58388.8.2.1.4.3.16
1.6.58442.8.2.1.3.2
1.6.58449.8.2.1.1.1
