1.1.1.12.8.2.5
1.1.1.59.22.2.13
1.1.1.193.29.1.8
1.1.1.203.22.1.4
1.1.1.372.10.1.8
1.1.1.462.26.2.6
1.1.1.468.18.1.8
1.1.1.635.30.2.2
1.1.1.654.5.1.1.6.21.2.5.16
1.1.1.781.5.1
1.1.1.843.10.3.6
1.1.1.899.5.1
1.1.1.1000.15.3.5.4
1.1.1.1069.8.1.3
1.1.1.1095.12.2.2
1.1.1.1106.25.2.11
1.1.1.1128.16.1.1
1.1.1.1138.35.1.29
1.1.1.1139.5.1
1.1.1.1180.11.2.12
1.1.1.1219.5.1.1.1.3.1.2.15
1.1.1.1265.22.2
1.1.1.1269.15.2.6
1.1.1.1450.5.1.2.1.3.1.12.37
1.1.1.1528.13.1.2
1.1.1.1554.16.2.2
1.1.1.1563.9.1.8
1.1.1.1586.5.1.61.1.1.5
1.1.1.1644.5.1
1.1.1.1670.5.1.10.6
1.1.1.1734.8.1.8
1.1.1.1757.14.2
1.1.1.1757.19.1.5
1.1.1.1841.17.2.17
1.1.1.1922.16.1.12
1.1.1.1952.16.2.6.8.3
1.1.1.1967.10.1.15
1.1.1.1986.29.3.14
1.1.1.2029.22.1.8
1.1.1.2049.29.1.12
1.1.1.2124.9.1.22
1.1.1.2137.10.1.2
1.1.1.2248.21.3.4
1.1.1.2317.13.2.11
1.1.1.2347.10.1.1
1.1.1.2361.17.2.8.3
1.1.1.2374.16.2.12.1.5
1.1.1.2488.5.1
1.1.1.2506.14.3.4
1.1.1.2549.5.1.2.1
1.1.1.2572.18.1.1
1.1.1.2607.9.1.6
1.1.1.2676.5.1.3.2.7.3.2
1.1.1.2681.14.1.3
1.1.1.2691.9.1.12
1.1.1.2720.19.2
1.1.1.2727.39.1.29
1.1.1.2731.5.1.5.2.2
1.1.1.2763.43.1.2
1.1.1.2857.9.2.6
1.1.1.2859.13.1.7
1.1.1.2872.18.1.40
1.1.1.2907.9.1.15
1.1.1.2951.13.2.2
1.1.1.2963.30.1.12
1.1.1.3045.20.2.8.18.3
1.1.1.3063.9.2.27
1.1.1.3143.9.1.4
1.1.1.3155.5.1.3.2.20.2
1.1.1.3162.11.2.2
1.1.1.3265.8.3.12
1.1.1.3275.26.1.11
1.1.2.3329.5.1.1.14.3
1.1.2.3377.11.1.1
1.1.2.3432.22.1.6
1.1.2.3448.8.5.16
1.1.2.3594.10.5.12.7
1.1.2.3661.9.5.1
1.1.2.3838.9.1.2
1.1.2.3919.10.1.3
1.1.2.4046.8.1.16
1.1.2.4203.16.4.7
1.1.2.4219.16.1.14
1.1.2.4304.15.2.15.5
1.1.2.4349.28.1.35
1.1.2.4496.8.1.1
1.1.2.4619.9.3.10
1.1.2.4693.30.3.28
1.1.2.4716.8.1.2
1.1.2.4751.5.1.1.14
1.1.2.4770.37.1.22
1.1.2.4800.13.1.4
1.1.2.4806.23.5.6.3
1.1.2.4818.16.1.3
1.1.2.4858.5.1.2
1.1.2.4917.5.1.4.2.24.4
1.1.2.4935.14.1.5
1.1.2.4953.3
1.1.2.5027.10.3.1
1.1.2.5032.5.1
1.1.2.5079.10.1.9
1.1.2.5104.8.1.2
1.1.2.5111.9.1.13
1.1.2.5167.17.1.9
1.1.2.5287.17.2.1
1.1.2.5328.8.1.7
1.1.2.5329.16.1.4
1.1.2.5433.22.2.13
1.1.2.5488.11.2.17
1.1.2.5525.30.1.14
1.1.2.5529.23.3.21.1.2
1.1.2.5671.10.2.7
1.1.2.5770.15.2.22
1.1.2.6175.5.1
1.1.2.6186.27.1.1
1.1.2.6217.24.1.8
1.1.2.6384.15.3.5.4
1.1.2.6413.13.1.14
1.1.2.6451.17
1.1.2.6467.8.1.3
1.1.2.6493.12.2.2
1.1.2.6502.10.2.2
1.1.2.6530.35.1.29
1.1.2.6531.5.1
1.1.2.6611.29.1.9.5.2
1.1.2.6653.22.2
1.1.2.6657.15.2.6
1.1.2.6695.3
1.1.2.6757.17.2.2
1.1.2.6824.17.1.13.6.12
1.1.2.6897.13.1.2
1.1.2.6923.16.2.2
1.1.2.6932.9.1.8
1.1.2.6955.5.1.41.1.1.5
1.1.2.7013.5.1
1.1.2.7020.16.2.9
1.1.2.7095.10.1.5
1.1.2.7107.8.1.8
1.1.2.7141.14.2
1.1.2.7141.19.1.5
1.1.2.7225.17.2.17
1.1.2.7322.39.1.15
1.1.2.7340.17.1.15.6
1.1.2.7354.10.1.15
1.1.2.7373.29.3.14
1.1.2.7416.22.1.8
1.1.2.7436.29.1.12
1.1.2.7512.9.1.22
1.1.2.7525.10.1.2
1.1.2.7693.29.1.15
1.1.2.7708.20.5.48
1.1.2.7716.5.1
1.1.2.7750.16.1.5
1.1.2.7750.16.3.8.3
1.1.2.7754.12.1.4
1.1.2.7773.16.2.12.1.5
1.1.2.7800.10.2.2
1.1.2.7876.29.1.9
1.1.2.7885.5.1
1.1.2.7903.14.3.4
1.1.2.7962.8.1.4
1.1.2.7971.5.1.2.3.8.1.10
1.1.2.8005.9.1.6
1.1.2.8033.10.1.2
1.1.2.8079.5.1.3.2.7.3.2
1.1.2.8084.14.1.3
1.1.2.8094.9.1.12
1.1.2.8130.39.1.29
1.1.2.8134.5.1.5.2.2
1.1.2.8170.12.1.15
1.1.2.8249.9.2.6
1.1.2.8251.13.1.7
1.1.2.8264.18.1.40
1.1.2.8345.13.2.2
1.1.2.8357.30.1.12
1.1.2.8439.20.2.8.18.3
1.1.2.8457.9.2.27
1.1.2.8537.9.1.4
1.1.2.8549.5.1.3.2.20.2
1.1.2.8556.11.2.2
1.1.2.8577.12.1.4
1.1.2.8689.5.1.1.1
1.1.2.8701.8.3.2
1.1.2.8812.5.1.1
1.1.2.8831.22.1.6
1.1.2.8935.5.1
1.1.2.9000.10.5.12.7
1.1.2.9031.19.4.2
1.1.2.9046.5.1.3.5.8.2.8
1.1.2.9088.11.1.4
1.1.2.9314.12.3.4
1.1.2.9341.22.1.13
1.1.2.9372.12.1.2
1.1.2.9487.8.1.35
1.1.2.9499.14.5.1
1.1.2.9634.14.2.9.5.17
1.1.2.9643.17.1.1
1.1.2.9703.9.3.10
1.1.2.9733.15.2.15.13
1.1.2.9818.8.1.5
1.1.2.9905.17.1.1
1.1.2.9942.11.2.2
1.1.2.10110.12.1.4
1.1.2.10164.5.1.12.2
1.1.2.10166.36.3.1
1.1.2.10223.5.1.1.14
1.1.2.10240.19.1.2
1.1.2.10274.13.1.4
1.1.2.10280.23.5.6.3
1.1.2.10292.16.1.3
1.1.2.10332.5.1.2
1.1.2.10388.8.1.3
1.1.2.10406.14.1.5
1.1.2.10424.3
1.1.2.10507.20.1.9
1.1.2.10589.8.1.2
1.1.2.10596.9.1.13
1.1.2.10647.17.1.9
1.1.2.10667.5.1.8.21.9
1.1.2.10763.17.2.1
1.1.2.11058.29.1.8
1.1.2.11068.22.1.4
1.1.2.11109.10.1.2
1.1.2.11121.22.1.14
1.1.2.11168.10.2.7
1.1.2.11257.11.1.1
1.1.2.11343.26.2.6
1.1.2.11349.18.1.8
1.1.2.11521.30.2.2
1.1.2.11540.5.1.1.6.21.2.5.14
1.1.2.11684.17.1.2
1.1.2.11768.31.2.25.7.3.1
1.1.2.11843.15.3.5.4
1.1.2.11924.10.1.18
1.1.2.11942.12.2.2
1.1.2.11953.25.2.11
1.1.2.11958.9.1.13
1.1.2.11973.16.1.1
1.1.2.11983.35.1.29
1.1.2.11984.5.1
1.1.2.12024.11.2.12
1.1.2.12063.29.1.9.5.2
1.1.2.12077.17.3.4
1.1.2.12107.15.2.6
1.1.2.12145.3
1.1.2.12229.17.2.20
1.1.2.12277.17.1.13.6.12
1.1.2.12358.13.1.2
1.1.2.12384.16.2.2
1.1.2.12393.9.1.8
1.1.2.12415.5.1.41.1.1.5
1.1.2.12472.5.1
1.1.2.12483.15.1.4
1.1.2.12489.5.1.7.8.6
1.1.2.12491.17.1.6
1.1.2.12499.26
1.1.2.12543.20.1.2
1.1.2.12556.8.1.8
1.1.2.12590.14.2
1.1.2.12590.19.1.5
1.1.2.12672.17.2.17
1.1.2.12762.27.2.15
1.1.2.12774.10.1.12
1.1.2.12784.17.1.15.6
1.1.2.12798.10.1.15
1.1.2.12817.29.3.14
1.1.2.12932.9.1.22
1.1.2.12945.10.1.2
1.1.2.13055.21.3.4
1.1.2.13118.5.1.2.1.2.1.1
1.1.2.13128.13.1.10.5
1.1.2.13138.5.1.6.3
1.1.2.13141.5.1.2.2.4.3
1.1.2.13152.25.1.9
1.1.2.13180.9.1.6.3
1.1.2.13308.5.1
1.1.2.13326.14.3.4
1.1.2.13370.14.2.10
1.1.2.13458.5.1.1.3.6
1.1.2.13471.9.1.12
1.1.2.13508.39.1.26
1.1.2.13512.5.1.5.2.2
1.1.2.13544.43.1.2
1.1.2.13559.12.1.15
1.1.2.13637.9.2.6
1.1.2.13639.13.1.7
1.1.2.13652.18.1.40
1.1.2.13837.20.2.8.18.3
1.1.2.13855.9.2.27
1.1.2.13935.9.1.4
1.1.2.13947.5.1.3.2.20.2
1.1.2.13954.11.2.2
1.1.2.14051.10.2.7
1.1.2.14144.46.2.1
1.1.2.14151.17.1.1
1.1.2.14170.11.1.1
1.1.2.14236.8.5.16
1.1.2.14374.19.1.5
1.1.2.14379.10.2.2
1.1.2.14384.5.1.4.3.5.3.10
1.1.2.14386.32.3.6
1.1.2.14434.5.1.3.5.8.2.8
1.1.2.14476.9.5.1
1.1.2.14546.16.1.1
1.1.2.14549.29.2.2
1.1.2.14655.9.1.2
1.1.2.14701.12.3.4
1.1.2.14741.12.1.2
1.1.2.14857.8.1.35
1.1.2.14869.14.5.1
1.1.2.14897.18.3.6
1.1.2.14919.8.1.5
1.1.2.15015.14.2.9.5.17
1.1.2.15024.17.1.1
1.1.2.15115.15.2.15.5
1.1.2.15200.8.1.5
1.1.2.15290.17.1.1
1.1.3.15326.11.2.2
1.1.3.15328.5.1.3.2
1.1.3.15492.12.1.4
1.1.3.15543.5.1.12.2
1.1.3.15545.36.3.1
1.1.3.15602.5.1.1.14
1.1.3.15622.11.2.8
1.1.3.15658.5.1
1.1.3.15710.29.2.13
1.1.3.15716.5.1.15
1.1.3.15770.5.1.4.2.26.4
1.1.3.15788.14.1.5
1.1.3.15882.41.3.2
1.1.3.15962.8.1.2
1.1.3.15969.9.1.13
1.1.3.16014.17.1.9
1.1.3.16034.5.1.8.21.9
1.1.3.16117.17.2.1
1.1.3.16154.17.1.16
1.1.3.16162.8.1.7
1.1.3.16163.16.1.4
1.1.3.16261.22.2.13
1.1.3.16395.29.1.8
1.1.3.16405.22.1.4
1.1.3.16449.5.1.2
1.1.3.16459.26.3.7.1.4
1.1.3.16496.16.1.5
1.1.3.16564.9.1.3
1.1.3.16594.23.1.42
1.1.3.16672.13.2.2
1.1.3.16708.9.1.3
1.1.3.16844.30.2.2
1.1.3.16864.5.1.2.1
1.1.3.16994.5.1
1.1.3.17005.27.1.1
1.1.3.17102.39.3.6.16
1.1.3.17189.15.3.5.4
1.1.3.17218.13.1.14
1.1.3.17291.38.3.1
1.1.3.17319.35.1.29
1.1.3.17320.5.1
1.1.3.17401.5.1.2.1.33.2
1.1.3.17411.17.3.4
1.1.3.17446.22.2
1.1.3.17450.15.2.6
1.1.3.17488.3
1.1.3.17554.17.2.2
1.1.3.17577.5.1
1.1.3.17637.5.1.2.1.3.1.12.48
1.1.3.17747.16.2.2
1.1.3.17756.9.1.8
1.1.3.17829.5.1
1.1.3.17946.14.2
1.1.3.17946.19.1.5
1.1.3.18030.17.2.17
1.1.3.18120.27.2.15
1.1.3.18126.14.2.7
1.1.3.18144.17.2.8
1.1.3.18159.16.2.6.8.18
1.1.3.18174.10.1.15
1.1.3.18193.29.3.14
1.1.3.18332.9.1.22
1.1.3.18345.10.1.2
1.1.3.18456.21.3.4
1.1.3.18525.13.2.11
1.1.3.18533.5.1
1.1.3.18567.16.1.5
1.1.3.18567.16.3.8.3
1.1.3.18571.12.1.4
1.1.3.18590.16.2.12.1.5
1.1.3.18617.10.2.2
1.1.3.18788.14.2.10
1.1.3.18876.5.1.1.3.6
1.1.3.18889.9.1.12
1.1.3.18918.19.2
1.1.3.18925.39.1.29
1.1.3.18929.5.1.5.2.2
1.1.3.18978.12.1.15
1.1.3.19056.9.2.6
1.1.3.19058.13.1.7
1.1.3.19071.18.1.40
1.1.3.19106.9.1.15
1.1.3.19242.20.2.8.18.3
1.1.3.19260.9.2.27
1.1.3.19340.9.1.4
1.1.3.19352.5.1.3.2.20.2
1.1.3.19359.11.2.2
1.1.3.19380.12.1.4
1.1.3.19477.10.2.7
1.1.3.19522.8.3.2
1.1.3.19566.5.1.4
1.1.3.19675.8.5.16
1.1.3.19760.5.1
1.1.3.19829.10.5.12.7
1.1.3.19860.19.4.2
1.1.3.19875.5.1.3.5.8.2.8
1.1.3.19912.9.5.1
1.1.3.19973.16.1.1
1.1.3.19976.29.2.2
1.1.3.20086.9.1.2
1.1.3.20132.12.3.4
1.1.3.20171.12.1.2
1.1.3.20288.8.1.35
1.1.3.20326.8.1.2
1.1.3.20358.8.1.5
1.1.3.20459.20.1.18.11
1.1.3.20477.17.1.1
1.1.3.20580.15.2.15.5
1.1.3.20615.28.1.35
1.1.3.20749.17.1.1
1.1.3.20786.11.2.2
1.1.3.20788.5.1.3.2
1.1.3.20951.12.1.4
1.1.3.20963.10.1.24
1.1.3.20979.23.1.6
1.1.3.21002.5.1.12.2
1.1.3.21004.36.3.1
1.1.3.21175.5.1.2
1.1.3.21252.14.1.5
1.1.3.21270.3
1.1.3.21317.11.2.1
1.1.3.21415.21.1.13
1.1.3.21458.5.1.3.1.1.1
1.1.3.21484.17.1.9
1.1.3.21504.5.1.8.21.9
1.1.3.21559.14.4
1.1.3.21570.8.1.5
1.1.3.21625.17.1.16
1.1.3.21665.8.2.34
1.1.3.21687.8.2.5
1.1.3.21734.22.2.13
1.1.3.21868.29.1.8
1.1.3.21878.22.1.4
1.1.3.21917.5.1.1.2.5.2.12
1.1.3.22061.15.2.22
1.1.3.22136.13.2.2
1.1.3.22321.30.2.2
1.1.3.22340.5.1.1.6.21.2.5.31
1.1.3.22369.13.1.2
1.1.3.22386.10.1.3
1.1.3.22467.5.1
1.1.3.22478.27.1.1
1.1.3.22572.5.1.3.1
1.1.3.22726.17
1.1.3.22742.8.1.3
1.1.3.22772.10.2.1
1.1.3.22791.21.1.8
1.1.3.22831.35.1.29
1.1.3.22832.5.1
1.1.3.22916.5.1.2.1
1.1.3.22920.14.1.4
1.1.3.22966.15.2
1.1.3.22969.13.2.27
1.1.3.22987.5.1.3.3
1.1.3.23151.5.1.2.1.3.1.12.36
1.1.3.23260.16.2.2
1.1.3.23269.9.1.8
1.1.3.23343.5.1
1.1.3.23353.15.1.4
1.1.3.23359.5.1.7.8.6
1.1.3.23361.17.1.6
1.1.3.23369.26
1.1.3.23430.33.1.10
1.1.3.23449.9.5.4
1.1.3.23490.22.1.18
1.1.3.23503.13.1.3
1.1.3.23535.17.2.17
1.1.3.23614.27.2.15
1.1.3.23620.14.2.7
1.1.3.23651.16.2.6.8.17
1.1.3.23666.10.1.15
1.1.3.23685.29.3.14
1.1.3.23745.29.1.12
1.1.3.23817.9.1.22
1.1.3.23830.10.1.2
1.1.3.23937.21.3.4
1.1.3.24006.13.2.11
1.1.3.24036.10.1.1
1.1.3.24050.17.2.8.3
1.1.3.24063.16.2.12.1.5
1.1.3.24243.5.1.2.1
1.1.3.24266.18.1.1
1.1.3.24356.26.2.5
1.1.3.24365.11.1.6.1
1.1.3.24399.19.2
1.1.3.24406.39.1.29
1.1.3.24409.16.3.6.6.15.3.8
1.1.3.24457.12.1.15
1.1.3.24534.9.2.6
1.1.3.24536.13.1.7
1.1.3.24549.18.1.40
1.1.3.24629.13.2.2
1.1.3.24641.30.1.12
1.1.3.24734.9.2.13
1.1.3.24944.8.3.12
1.1.3.25028.46.2.1
1.1.3.25056.9.4.14
1.1.3.25111.22.1.6
1.1.3.25127.8.5.16
1.1.3.25283.10.5.12.7
1.1.3.25314.19.4.2
1.1.3.25329.5.1.3.5.8.2.8
1.1.3.25366.9.5.1
1.1.3.25426.18.2.2
1.1.3.25535.9.1.2
1.1.3.25581.12.3.4
1.1.3.25600.22.1.13
1.1.3.25625.12.1.2
1.1.3.25742.8.1.35
1.1.3.25754.14.5.1
1.1.3.25892.14.2.9.5.17
1.1.3.25901.17.1.1
1.1.3.25994.15.2.15.5
1.1.3.26029.28.1.35
1.1.3.26151.17.1.1
1.1.3.26188.11.2.2
1.1.3.26190.5.1.3.2
1.1.3.26359.12.1.4
1.1.3.26417.5.1.12.2
1.1.3.26419.36.3.1
1.1.3.26476.5.1.1.14
1.1.3.26496.11.2.8
1.1.3.26532.5.1
1.1.3.26584.29.2.13
1.1.3.26590.5.1.15
1.1.3.26644.5.1.4.2.24.4
1.1.3.26662.14.1.5
1.1.3.26722.11.2.1
1.1.3.26803.10.1.9
1.1.3.26828.8.1.2
1.1.3.26835.9.1.13
1.1.3.26872.5.1.13
1.1.3.26883.17.1.2
1.1.3.26898.9.1.1
1.1.3.26913.5.1.4.4.8.4.12
1.1.3.26981.20.1.8
1.1.3.27088.8.2.5
1.1.3.27136.22.2.13
1.1.3.27282.21.1.13
1.1.3.27330.10.1.2
1.1.3.27357.12.1.7
1.1.3.27486.15.2.22
1.1.3.27563.13.2.2
1.1.3.27758.30.2.2
1.1.3.27777.5.1.1.6.21.2.5.34
1.1.3.27960.10.3.6
1.1.3.28015.39.3.6.16
1.1.3.28090.22.1.4
1.1.3.28135.11.1.13
1.1.3.28155.17
1.1.3.28171.8.1.3
1.1.3.28201.10.2.1
1.1.3.28220.21.1.8
1.1.3.28332.5.1.1.1.3.1.2.11
1.1.3.28347.17.3.4
1.1.3.28382.22.2
1.1.3.28386.15.2.6
1.1.3.28424.3
1.1.3.28486.17.2.2
1.1.4.62.5.1.2.1.3.1.12.54
1.1.4.174.16.2.2
1.1.4.183.9.1.8
1.1.4.260.5.1
1.1.4.270.15.1.4
1.1.4.276.5.1.7.8.6
1.1.4.278.17.1.6
1.1.4.286.26
1.1.4.343.10.1.5
1.1.4.458.17.2.17
1.1.4.556.39.1.15
1.1.4.563.5.1.8.2
1.1.4.564.14.1.2
1.1.4.591.10.1.15
1.1.4.610.29.3.14
1.1.4.731.22.1.9
1.1.4.744.10.1.2
1.1.4.850.21.3.4
1.1.4.919.13.2.11
1.1.4.949.10.1.1
1.1.4.963.17.2.8.3
1.1.4.976.16.2.12.1.5
1.1.4.1122.27.2.4
1.1.4.1156.15.2.5
1.1.4.1180.18.1.1
1.1.4.1215.9.1.5
1.1.4.1243.10.1.2
1.1.4.1287.10.1.4.4
1.1.4.1371.12.1.1
1.1.4.1391.12.1.15
1.1.4.1471.9.2.6
1.1.4.1473.13.1.7
1.1.4.1486.18.1.40
1.1.4.1524.44.1.11
1.1.4.1571.13.2.2
1.1.4.1583.30.1.12
1.1.4.1667.20.2.8.18.3
1.1.4.1685.9.2.27
1.1.4.1767.9.1.4
1.1.4.1779.5.1.3.2.20.2
1.1.4.1786.11.2.2
1.1.4.1975.46.2.1
1.1.4.2059.22.1.6
1.1.4.2075.8.5.16
1.1.4.2221.10.5.12.7
1.1.4.2241.33
1.1.4.2267.5.1.3.5.8.2.8
1.1.4.2304.9.5.1
1.1.4.2365.16.1.1
1.1.4.2368.29.2.2
1.1.4.2528.12.3.4
1.1.4.2582.12.1.2
1.1.4.2612.52.1.29
1.1.4.2626.25.1.11
1.1.4.2641.3
1.1.4.2702.8.1.35
1.1.4.2748.18.3.6
1.1.4.2770.8.1.5
1.1.4.2871.20.1.18.11
1.1.4.2889.17.1.1
1.1.4.2954.12.1.1
1.1.4.2983.15.2.15.5
1.1.4.3018.28.1.35
1.1.4.3156.8.1.1
1.1.4.3280.9.3.10
1.1.4.3302.11.1.2
1.1.4.3322.12.1.4
1.1.4.3333.9.1.4
1.1.4.3367.52.1.18
1.1.4.3415.9.1.7
1.1.4.3432.5.1.1.11
1.1.4.3449.19.1.2
1.1.4.3485.5.1
1.1.4.3537.29.2.13
1.1.4.3543.5.1.15
1.1.4.3801.8.1.2
1.1.4.3808.9.1.13
1.1.4.3862.17.1.9
1.1.4.3976.17.2.1
1.1.4.4091.36.2.20
1.1.4.4119.22.2.13
1.1.4.4253.29.1.8
1.1.4.4263.22.1.4
1.1.4.4305.10.1.2
1.1.4.4317.22.1.14
1.1.4.4426.24.1.9
1.1.4.4460.11.1.5
1.1.4.4482.15
1.1.4.4482.21.1.15
1.1.4.4570.18.1.8
1.1.4.4775.13.1.2
1.1.4.4792.10.1.3
1.1.4.4873.5.1
1.1.4.5049.22.1.4
1.1.4.5094.11.1.13
1.1.4.5114.17
1.1.4.5130.8.1.3
1.1.4.5156.12.2.2
1.1.4.5165.10.2.2
1.1.4.5203.35.1.29
1.1.4.5204.5.1
1.1.4.5291.5.1.2.1.33.2
1.1.4.5339.15.2
1.1.4.5342.13.2.27
1.1.4.5360.5.1.3.3
1.1.4.5466.5.1
1.1.4.5521.17.1.13.6.12
1.1.4.5602.13.1.2
1.1.4.5612.19.2.1
1.1.4.5626.16.2.2
1.1.4.5635.9.1.8
1.1.4.5674.8.1.2
1.1.4.5700.13.2.6.4
1.1.4.5743.15.1.3
1.1.4.5749.5.1.7.7.5
1.1.4.5751.17.1.6
1.1.4.5759.26
1.1.4.5811.20.1.2
1.1.4.5856.14.2
1.1.4.5856.19.1.5
1.1.4.6014.16.1.12
1.1.4.6044.16.2.6.8.3
1.1.4.6059.10.1.15
1.1.4.6078.29.3.14
1.1.4.6199.22.1.9
1.1.4.6212.10.1.2
1.1.4.6299.13.1.16
1.1.4.6366.5.1.2.1.2.1.1
1.1.4.6379.18.5.2
1.1.4.6402.25.1.9
1.1.4.6430.9.1.6.3
1.1.4.6612.5.1.2.1
1.1.4.6635.18.1.1
1.1.4.6670.9.1.5
1.1.4.6698.10.1.2
1.1.4.6734.5.1.3.2.7.3.2
1.1.4.6739.14.1.3
1.1.4.6749.9.1.12
1.1.4.6778.11.1.5
1.1.4.6787.5.1.1.5.13.3.12
1.1.4.6811.12.1.1
1.1.4.6918.5.1.15.5
1.1.4.6923.10.2.1
1.1.4.6951.8.3.10
1.1.4.7009.13.2.2
1.1.4.7021.30.1.12
1.1.4.7126.9.2.13
1.1.4.7193.25.1.17
1.1.4.7219.5.1.3.2.35.2
1.1.4.7226.11.2.2
1.1.4.7247.12.1.4
1.1.4.7309.10.2.7
1.1.4.7406.10.2.1
1.1.4.7462.5.1.1
1.1.4.7481.22.1.6
1.1.4.7497.8.5.16
1.1.4.7559.32.2.11.1
1.1.4.7630.17.2
1.1.4.7680.5.1.3.5.8.2.8
1.1.4.7713.9.5.1
1.1.4.7878.9.1.2
1.1.4.7949.22.1.13
1.1.4.7978.13.2.14.5
1.1.4.8010.58.1.20
1.1.4.8058.15.2
1.1.4.8104.8.1.16
1.1.4.8119.18.1.1
1.1.4.8136.8.1.2
1.1.4.8168.8.1.5
1.1.4.8259.14.2.9.5.17
1.1.4.8268.17.1.1
1.1.4.8333.12.1.1
1.1.4.8369.5.1.1.1
1.1.4.8395.21.3.2
1.1.4.8454.8.1.5
1.1.4.8565.8.1.1
1.1.4.8734.12.1.4
1.1.4.8746.10.1.24
1.1.4.8784.35.3.5
1.1.4.8946.5.1.2
1.1.4.9009.5.1.4.2.26.4
1.1.4.9027.14.1.5
1.1.4.9045.3
1.1.4.9183.10.1.9
1.1.4.9208.8.1.2
1.1.4.9215.9.1.13
1.1.4.9271.17.1.9
1.1.4.9291.5.1.8.21.9
1.1.4.9380.17.2.1
1.1.4.9416.17.1.16
1.1.4.9424.8.1.7
1.1.4.9425.16.1.4
1.1.4.9456.8.2.34
1.1.4.9480.8.2.5
1.1.4.9527.22.2.13
1.1.4.9582.11.2.17
1.1.4.9620.43.1.8
1.1.4.9624.23.3.21.1.2
1.1.4.9847.15.2.22
1.1.4.9960.10.2.6
1.1.4.9965.5.1.2
1.1.4.10096.30.2.2
1.1.4.10115.5.1.1.6.21.2.5.17
1.1.4.10240.5.1
1.1.4.10335.31.2.25.7.3.1
1.1.4.10404.15.3.5.4
1.1.4.10473.8.1.3
1.1.4.10503.10.2.1
1.1.4.10523.11.2.16
1.1.4.10552.35.1.29
1.1.4.10553.5.1
1.1.4.10641.29.1.9.5.2
1.1.4.10686.22.2
1.1.4.10690.15.2.6
1.1.4.10865.17.1.13.6.12
1.1.4.10979.16.2.2
1.1.4.10988.9.1.8
1.1.4.11011.5.1.61.1.1.5
1.1.4.11069.5.1
1.1.4.11143.20.1.2
1.1.4.11201.23.1.10
1.1.4.11208.23.2
1.1.4.11230.22.1.18
1.1.4.11361.27.2.15
1.1.4.11367.14.2.7
1.1.4.11385.17.2.8
1.1.4.11400.16.2.6.8.18
1.1.4.11415.10.1.15
1.1.4.11434.29.3.14
1.1.4.11496.29.1.12
1.1.4.11564.22.1.9
1.1.4.11577.10.1.2
1.1.4.11688.21.3.4
1.1.4.11757.13.2.11
1.1.4.11787.10.1.1
1.1.4.11801.17.2.8.3
1.1.4.11814.16.2.12.1.5
1.1.4.11954.27.2.4
1.1.4.11967.20.4.9
1.1.4.11991.15.2.5
1.1.4.12006.18.1.1
1.1.4.12099.24.1.9.9
1.1.4.12197.12.1.15
1.1.4.12275.9.2.6
1.1.4.12277.13.1.7
1.1.4.12290.18.1.40
1.1.4.12375.13.2.2
1.1.4.12387.30.1.12
1.1.4.12471.20.2.8.18.3
1.1.4.12489.9.2.27
1.1.4.12781.46.2.1
1.1.4.12839.5.1.1
1.1.4.12858.22.1.6
1.1.4.12874.8.5.16
1.1.4.12957.5.1
1.1.4.13022.10.5.12.7
1.1.4.13092.11.1.4
1.1.4.13264.9.1.2
1.1.4.13308.12.3.4
1.1.4.13354.12.1.2
1.1.4.13451.8.1.16
1.1.4.13463.14.5.1
1.1.4.13486.8.1.2
1.1.4.13518.8.1.5
1.1.4.13619.20.1.18.11
1.1.4.13637.17.1.1
1.1.4.13738.15.2.15.5
1.1.4.13823.10.1.9
1.1.4.13915.17.1.1
1.1.4.13952.11.2.2
1.1.4.13954.5.1.3.2
1.1.4.14107.12.1.4
1.1.4.14140.30.3.28
1.1.4.14158.5.1.12.2
1.1.4.14160.36.3.1
1.1.4.14234.19.1.2
1.1.4.14270.5.1
1.1.4.14322.29.2.13
1.1.4.14328.5.1.15
1.1.4.14493.20.1.9
1.1.4.14506.9.1.1
1.1.4.14609.5.1
1.1.4.14623.5.1.13
1.1.4.14634.17.1.2
1.1.4.14649.9.1.1
1.1.4.14753.17.2.1
1.1.4.14802.8.1.7
1.1.4.14803.16.1.4
1.1.4.14910.22.2.13
1.1.4.15046.29.1.8
1.1.4.15056.22.1.4
1.1.4.15097.10.1.2
1.1.4.15109.22.1.14
1.1.4.15156.10.2.7
1.1.4.15232.10.1.8
1.1.4.15300.10.1.16
1.1.4.15483.30.2.2
1.1.4.15502.5.1.1.6.21.2.5.50
1.1.4.15629.5.1
1.1.4.15640.27.1.1
1.1.4.15653.28.1.9
1.1.4.15742.30.2.25.7.4.1
1.1.4.15824.11.3.4
1.1.4.15908.10.1.18
1.1.4.15926.12.2.2
1.1.4.15935.10.2.2
1.1.4.15963.35.1.29
1.1.4.15964.5.1
1.1.4.16005.11.2.12
1.1.4.16082.22.2
1.1.4.16086.15.2.6
1.1.4.16124.3
1.1.4.16193.17.2.2
1.1.4.16258.15.6.5.2.13.1
1.1.4.16353.16.2.2
1.1.4.16362.9.1.8
1.1.4.16384.5.1.41.1.1.5
1.1.4.16441.5.1
1.1.4.16513.20.1.2
1.1.4.16557.14.2
1.1.4.16557.19.1.5
1.1.4.16565.27.1.6
1.1.4.16637.17.2.17
1.1.4.16735.39.1.15
1.1.4.16742.5.1.8.2
1.1.4.16759.17.1.15.6
1.1.4.16773.10.1.15
1.1.4.16792.29.3.14
1.1.4.16835.22.1.8
1.1.4.16855.29.1.12
1.1.4.16919.22.1.9
1.1.4.16932.10.1.2
1.1.4.17020.13.1.16
1.1.4.17087.5.1.2.1.2.1.1
1.1.4.17100.18.5.2
1.1.4.17123.25.1.9
1.1.4.17151.9.1.6.3
1.1.4.17183.10.2.2
1.1.4.17311.35.1.2
1.1.4.17313.57.1.2
1.1.4.17335.15.2.5
1.1.4.17350.18.1.1
1.1.4.17385.9.1.5
1.1.4.17413.10.1.2
1.1.4.17452.5.1.1.3.6
1.1.4.17465.9.1.12
1.1.4.17502.39.1.26
1.1.4.17506.5.1.5.2.2
1.1.4.17531.10.1.2
1.1.4.17642.9.2.6
1.1.4.17644.13.1.7
1.1.4.17657.18.1.40
1.1.4.17831.20.2.8.18.3
1.1.4.17849.9.2.27
1.1.4.17929.9.1.4
1.1.4.17941.5.1.3.2.20.2
1.1.4.17948.11.2.2
1.1.4.18058.8.3.12
1.1.4.18142.46.2.1
1.1.4.18170.9.4.14
1.1.4.18238.8.5.16
1.1.4.18322.5.1
1.1.4.18388.10.5.12.7
1.1.4.18460.9.5.1
1.1.4.18709.22.1.13
1.1.4.18740.12.1.2
1.1.4.18770.52.1.29
1.1.4.18798.3
1.1.4.18840.8.1.16
1.1.4.18852.14.5.1
1.1.4.18990.20.1.18.11
1.1.4.19008.17.1.1
1.1.4.19098.15.2.15.5
1.1.4.19267.17.1.1
1.1.4.19304.11.2.2
1.1.4.19306.5.1.3.2
1.1.4.19480.25.1.4
1.1.4.19505.30.3.28
1.1.4.19528.8.1.2
1.1.4.19569.11.2.13
1.1.4.19616.13.1.4
1.1.4.19622.23.5.6.3
1.1.4.19634.16.1.3
1.1.4.19673.29.2.13
1.1.4.19679.5.1.15
1.1.4.19748.5.1.4.2.26.4
1.1.4.19870.41.3.2
1.1.4.20007.17.1.9
1.1.4.20027.5.1.8.21.9
1.1.4.20103.20.1.8
1.1.4.20264.22.2.13
1.1.4.20398.29.1.8
1.1.4.20408.22.1.4
1.1.4.20450.5.1.1.2.16.4.6
1.1.4.20608.11.1.1
1.1.4.20676.10.1.16
1.1.4.20858.30.2.2
1.1.4.20877.5.1.1.6.21.2.5.39
1.1.4.20917.50.1.8
1.1.4.20926.9.2.1
1.1.4.21007.5.1
1.1.4.21120.31.2.25.7.3.1
1.1.4.21267.17
1.1.4.21283.8.1.3
1.1.4.21313.10.2.1
1.1.4.21332.21.1.8
1.1.4.21408.11.2.12
1.1.4.21485.22.2
1.1.4.21489.15.2.6
1.1.4.21527.3
1.1.4.21593.17.2.2
1.1.4.21612.5.1
1.1.4.21667.17.1.13.6.12
1.1.4.21740.13.1.2
1.1.4.21750.19.2.1
1.1.4.21764.16.2.2
1.1.4.21773.9.1.8
1.1.4.21812.8.1.2
1.1.4.21838.13.2.6.4
1.1.4.21881.15.1.3
1.1.4.21887.5.1.7.7.5
1.1.4.21889.17.1.6
1.1.4.21897.26
1.1.4.21950.20.1.2
1.1.4.21961.8.1.10
1.1.4.21995.14.2
1.1.4.21995.19.1.5
1.1.4.22160.27.2.15
1.1.4.22166.14.2.7
1.1.4.22197.16.2.6.8.17
1.1.4.22212.10.1.15
1.1.4.22231.29.3.14
1.1.4.22364.22.1.9
1.1.4.22377.10.1.2
1.1.4.22488.21.3.4
1.1.4.22545.5.1.2.1.2.1.1
1.1.4.22558.18.5.2
1.1.4.22581.25.1.9
1.1.4.22609.9.1.6.3
1.1.4.22674.8.1.1
1.1.4.22800.5.1.2.1
1.1.4.22814.18.1.1
1.1.4.22849.9.1.5
1.1.4.22877.10.1.2
1.1.4.22914.24.1.9.9
1.1.4.23101.9.2.6
1.1.4.23103.13.1.7
1.1.4.23116.18.1.40
1.1.4.23151.9.1.15
1.1.4.23190.13.2.2
1.1.4.23202.30.1.12
1.1.4.23272.20.2.8.18.3
1.1.4.23290.9.2.27
1.1.4.23370.9.1.4
1.1.4.23382.5.1.3.2.20.2
1.1.4.23389.11.2.2
1.1.4.23522.5.1.1.1
1.1.4.23534.8.3.2
1.1.4.23682.8.5.16
1.1.4.23828.10.5.12.7
1.1.4.23895.11.1.4
1.1.4.24064.9.1.2
1.1.4.24110.12.3.4
1.1.4.24149.12.1.2
1.1.4.24266.8.1.35
1.1.4.24281.18.1.1
1.1.4.24298.8.1.2
1.1.4.24330.8.1.5
1.1.4.24423.20.1.18.11
1.1.4.24441.17.1.1
1.1.4.24535.18.2.6.3.34.8
1.1.4.24555.21.3.2
1.1.4.24614.8.1.5
1.1.4.24721.17.1.1
1.1.4.24758.11.2.2
1.1.4.24760.5.1.3.2
1.1.4.24912.11.1.2
1.1.4.24932.12.1.4
1.1.4.24944.10.1.24
1.1.4.24975.52.1.18
1.1.4.25023.9.1.7
1.1.4.25040.5.1.1.11
1.1.4.25057.19.1.2
1.1.4.25093.5.1
1.1.4.25147.5.1.2
1.1.4.25210.5.1.4.2.24.4
1.1.4.25228.14.1.5
1.1.4.25246.3
1.1.4.25339.9.1.1
1.1.4.25384.10.1.9
1.1.4.25398.21.1.13
1.1.4.25458.17.1.9
1.1.4.25478.5.1.8.21.9
1.1.4.25554.20.1.8
1.1.4.25767.11.2.17
1.1.4.25852.29.1.8
1.1.4.25862.22.1.4
1.1.4.25904.10.1.2
1.1.4.25916.22.1.14
1.1.4.25963.10.2.7
1.1.4.25988.62.2
1.1.4.26063.15.2.22
1.1.4.26133.10.1.16
1.1.4.26149.26.2.6
1.1.4.26155.18.1.8
1.1.4.26193.9.1.14
1.1.4.26335.30.2.2
1.1.4.26353.12.1.9
1.1.4.26357.8.2.8.3.7
1.1.4.26404.10.1.3
1.1.4.26485.5.1
1.1.4.26496.27.1.1
1.1.4.26509.28.1.9
1.1.4.26550.10.3.6
1.1.4.26605.39.3.6.16
1.1.4.26681.22.1.4
1.1.4.26726.11.1.13
1.1.4.26746.17
1.1.4.26762.8.1.3
1.1.4.26788.12.2.2
1.1.4.26799.25.2.11
1.1.4.26804.9.1.13
1.1.4.26831.35.1.29
1.1.4.26832.5.1
1.1.4.26919.5.1.2.1.33.2
1.1.4.26981.16.3.15
1.1.4.27005.3
1.1.4.27070.17.2.2
1.1.4.27089.5.1
1.1.4.27148.17.1.13.6.12
1.1.4.27262.16.2.2
1.1.4.27271.9.1.8
1.1.4.27307.8.1.2
1.1.4.27333.13.2.6.4
1.1.4.27380.5.1.1.1.26
1.1.4.27445.10.1.5
1.1.4.27457.8.1.8
1.1.4.27491.14.2
1.1.4.27491.19.1.5
1.1.4.27656.27.2.15
1.1.4.27662.14.2.7
1.1.4.27680.17.2.8
1.1.4.27695.16.2.6.8.18
1.1.4.27710.10.1.15
1.1.4.27729.29.3.14
1.1.4.27772.22.1.8
1.1.4.27792.29.1.12
1.1.4.27868.9.1.22
1.1.4.27881.10.1.2
1.1.4.27968.13.1.16
1.1.4.28035.5.1.2.1.2.1.1
1.1.4.28045.13.1.10.5
1.1.4.28055.5.1.6.3
1.1.4.28058.5.1.2.2.4.3
1.1.4.28069.25.1.9
1.1.4.28097.9.1.6.3
1.1.4.28129.10.2.2
1.1.4.28237.12.1.33
1.1.4.28281.18.1.1
1.1.4.28316.9.1.5
1.1.4.28344.10.1.2
1.1.4.28390.5.1.3.2.7.3.2
1.1.4.28403.9.1.12
1.1.4.28439.39.1.29
1.1.4.28443.5.1.5.2.2
1.1.4.28475.43.1.2
1.1.4.28490.12.1.15
1.1.4.28568.9.2.6
1.1.4.28570.13.1.7
1.1.4.28583.18.1.40
1.1.4.28618.9.1.15
1.1.4.28659.13.2.2
1.1.4.28671.30.1.12
1.1.4.28759.20.2.8.18.3
1.1.4.28777.9.2.27
1.1.4.28920.12.1.1
1.1.4.28978.8.3.12
1.1.4.28988.26.1.11
1.1.4.29138.22.1.6
1.1.4.29154.8.5.16
1.1.4.29214.32.2.11.1
1.1.4.29287.17.2
1.1.4.29335.5.1.3.5.8.2.8
1.1.4.29377.9.5.1
1.1.4.29556.9.1.2
1.1.4.29626.22.1.13
1.1.4.29651.12.1.2
1.1.4.29681.52.1.29
1.1.4.29753.8.1.16
1.1.4.29911.14.2.9.5.17
1.1.4.29920.17.1.1
1.1.4.29995.5.1.12.4.33.8
1.1.4.30025.24.2.19.6
1.1.4.30114.8.1.5
1.1.4.30180.31.1.37.13
1.1.4.30205.17.1.1
1.1.4.30242.11.2.2
1.1.4.30244.5.1.3.2
1.1.4.30359.9.3.10
1.1.4.30452.5.1.12.2
1.1.4.30454.36.3.1
1.1.4.30511.5.1.1.14
1.1.4.30530.37.1.22
1.1.4.30560.13.1.4
1.1.4.30566.23.5.6.3
1.1.4.30578.16.1.3
1.1.4.30618.5.1.2
1.1.4.30882.8.1.2
1.1.4.30889.9.1.13
1.1.4.30928.5.1.13
1.1.4.30939.17.1.2
1.1.4.30954.9.1.1
1.1.4.30969.5.1.4.4.8.4.12
1.1.4.31053.17.2.1
1.1.4.31210.22.2.13
1.1.4.31344.29.1.8
1.1.4.31354.22.1.4
1.1.4.31394.10.1.2
1.1.4.31406.22.1.14
1.1.4.31421.5.1
1.1.4.31438.16.1.5
1.1.4.31596.10.1.16
1.1.4.31800.5.1.1.9.6.5.12.2
1.1.4.31927.5.1
1.1.4.32126.15.3.5.4
1.1.4.32189.17
1.1.4.32205.8.1.3
1.1.4.32231.12.2.2
1.1.4.32240.10.2.2
1.1.4.32269.35.1.29
1.1.4.32270.5.1
1.1.4.32357.5.1.2.1
1.1.4.32359.20.2.10
1.1.4.32393.15.2.6
1.1.4.32515.5.1
1.1.4.32574.17.1.13.6.12
1.1.4.32672.16.2.2
1.1.4.32681.9.1.8
1.1.4.32755.5.1
1.1.4.32827.20.1.2
1.1.4.32951.17.2.17
1.1.4.33041.27.2.15
1.1.4.33047.14.2.7
1.1.4.33065.17.2.8
1.1.4.33080.16.2.6.8.18
1.1.4.33095.10.1.15
1.1.4.33114.29.3.14
1.1.4.33239.22.1.9
1.1.4.33252.10.1.2
1.1.4.33442.13.2.11
1.1.4.33472.10.1.1
1.1.4.33486.17.2.8.3
1.1.4.33499.16.2.12.1.5
1.1.4.33622.12.1.37
1.1.4.33630.28.4.9
1.1.4.33686.18.1.1
1.1.4.33721.9.1.6
1.1.4.33786.5.1.1.3.6
1.1.4.33799.9.1.12
1.1.4.33828.19.2
1.1.4.33835.39.1.29
1.1.4.33839.5.1.5.2.2
1.1.4.33971.9.2.6
1.1.4.33973.13.1.7
1.1.4.33986.18.1.40
1.1.4.34024.44.1.11
1.1.4.34068.13.2.2
1.1.4.34080.30.1.12
1.1.4.34164.20.2.8.18.3
1.1.4.34182.9.2.27
1.1.4.34266.10.1.4.1
1.1.4.34379.10.2.7
1.1.4.34410.34.3.20
1.1.4.34510.11.1.1
1.1.4.34574.8.5.16
1.1.4.34720.10.5.12.7
1.1.4.34751.19.4.2
1.1.4.34766.5.1.3.5.8.2.8
1.1.4.34808.9.5.1
1.1.4.34982.9.1.2
1.1.4.35026.12.3.4
1.1.4.35066.12.1.2
1.1.4.35184.8.1.35
1.1.4.35196.14.5.1
1.1.4.35219.8.1.2
1.1.4.35250.8.1.5
1.1.4.35353.16.4.7
1.1.4.35369.16.1.14
1.1.4.35467.15.2.15.5
1.1.4.35552.8.1.5
1.1.4.35616.25.2.4
1.1.4.35632.17.1.1
1.1.4.35669.11.2.2
1.1.4.35671.5.1.3.2
1.1.4.35841.12.1.4
1.1.4.35901.5.1.12.2
1.1.4.35903.36.3.1
1.1.4.35960.5.1.1.14
1.1.4.35980.11.2.8
1.1.5.36074.5.1.2
1.1.5.36132.5.1.4.2.8.9
1.1.5.36150.14.1.5
1.1.5.36168.3
1.1.5.36251.20.1.9
1.1.5.36264.9.1.1
1.1.5.36309.10.1.9
1.1.5.36323.21.1.13
1.1.5.36342.8.1.2
1.1.5.36349.9.1.13
1.1.5.36376.5.1.3.1.1.1
1.1.5.36384.13.3.1
1.1.5.36399.17.1.9
1.1.5.36419.5.1.8.21.9
1.1.5.36475.14.4
1.1.5.36505.17.2.1
1.1.5.36541.17.1.16
1.1.5.36549.8.1.7
1.1.5.36550.16.1.4
1.1.5.36606.63.1.1
1.1.5.36653.22.2.13
1.1.5.36787.29.1.8
1.1.5.36797.22.1.4
1.1.5.36836.5.1.1.2.5.2.12
1.1.5.36960.24.1.9
1.1.5.36994.11.1.5
1.1.5.37073.10.1.16
1.1.5.37089.26.2.6
1.1.5.37095.18.1.8
1.1.5.37271.30.2.2
1.1.5.37290.5.1.1.6.21.2.5.14
1.1.5.37530.31.2.25.7.3.1
1.1.5.37599.15.3.5.4
1.1.5.37628.13.1.14
1.1.5.37673.8.1.3
1.1.5.37699.12.2.2
1.1.5.37708.10.2.2
1.1.5.37748.37.2.28
1.1.5.37806.17.3.6
1.1.5.37828.5.1.2.1.19.2
1.1.5.37874.5.1.1
1.1.5.37897.5.1.3.3
1.1.5.38001.5.1
1.1.5.38060.17.1.13.6.12
1.1.5.38152.32.1.9
1.1.5.38167.16.2.2
1.1.5.38176.9.1.8
1.1.5.38199.5.1.61.1.1.5
1.1.5.38256.5.1
1.1.5.38331.20.1.2
1.1.5.38375.14.2
1.1.5.38375.19.1.5
1.1.5.38459.17.2.17
1.1.5.38538.27.2.15
1.1.5.38550.10.1.12
1.1.5.38560.17.1.15.6
1.1.5.38574.10.1.15
1.1.5.38593.29.3.14
1.1.5.38724.9.1.22
1.1.5.38737.10.1.2
1.1.5.38845.21.3.4
1.1.5.38914.13.2.11
1.1.5.38922.5.1
1.1.5.38956.16.1.5
1.1.5.38956.16.3.8.3
1.1.5.38960.12.1.4
1.1.5.38979.16.2.12.1.5
1.1.5.39164.18.1.1
1.1.5.39199.9.1.6
1.1.5.39227.10.1.2
1.1.5.39262.24.1.9.9
1.1.5.39301.19.2
1.1.5.39308.39.1.29
1.1.5.39312.5.1.5.2.2
1.1.5.39340.10.1.2
1.1.5.39448.9.2.6
1.1.5.39450.13.1.7
1.1.5.39463.18.1.40
1.1.5.39501.44.1.11
1.1.5.39545.13.2.2
1.1.5.39557.30.1.12
1.1.5.39637.5.1.2.1.4.3
1.1.5.39729.9.1.4
1.1.5.39741.5.1.3.2.20.2
1.1.5.39748.11.2.2
1.1.5.39769.12.1.4
1.1.5.39802.12.1.1
1.1.5.39849.10.2.7
1.1.5.39940.46.2.1
1.1.5.39968.9.4.14
1.1.5.40025.22.1.6
1.1.5.40043.8.5.16
1.1.5.40127.5.1
1.1.5.40193.10.5.12.7
1.1.5.40224.19.4.2
1.1.5.40256.14.1.1
1.1.5.40415.9.1.2
1.1.5.40459.12.3.4
1.1.5.40484.10.1.3
1.1.5.40629.8.1.35
1.1.5.40641.14.5.1
1.1.5.40776.14.2.9.5.17
1.1.5.40785.17.1.1
1.1.5.40876.24.2.19.6
1.1.5.41068.8.1.1
1.1.5.41233.12.1.4
1.1.5.41249.12.3.18
1.1.5.41293.8.1.2
1.1.5.41328.5.1.1.14
1.1.5.41348.11.2.8
1.1.5.41384.5.1
1.1.5.41436.29.2.13
1.1.5.41442.5.1.15
1.1.5.41496.5.1.4.2.26.4
1.1.5.41611.41.3.2
1.1.5.41691.8.1.2
1.1.5.41698.9.1.13
1.1.5.41754.17.1.9
1.1.5.41844.20.1.8
1.1.5.41894.17.1.16
1.1.5.41902.8.1.7
1.1.5.41903.16.1.4
1.1.5.41997.22.2.13
1.1.5.42052.11.2.17
1.1.5.42089.30.1.14
1.1.5.42093.23.3.21.1.2
1.1.5.42174.5.1.2
1.1.5.42184.26.3.7.1.4
1.1.5.42235.10.2.7
1.1.5.42311.10.1.8
1.1.5.42386.13.2.2
1.1.5.42714.5.1
1.1.5.42735.9.1.2
1.1.5.42748.28.1.9
1.1.5.42841.39.3.6.16
1.1.5.42928.15.3.5.4
1.1.5.42968.11.1.7
1.1.5.43019.10.2.1
1.1.5.43038.21.1.8
1.1.5.43154.5.1.2.1.2.2
1.1.5.43164.17.3.4
1.1.5.43194.15.2.6
1.1.5.43295.17.2.2
1.1.5.43369.17.1.13.6.12
1.1.5.43475.16.2.2
1.1.5.43484.9.1.8
1.1.5.43558.5.1
1.1.5.43638.10.1.5
1.1.5.43697.23.1.10
1.1.5.43704.23.2
1.1.5.43726.22.1.18
1.1.5.43739.13.1.3
1.1.5.43777.17.2.17
1.1.5.43866.27.2.15
1.1.5.43872.14.2.7
1.1.5.43903.16.2.6.8.17
1.1.5.43918.10.1.15
1.1.5.43937.29.3.14
1.1.5.44085.9.1.22
1.1.5.44098.10.1.2
1.1.5.44185.13.1.16
1.1.5.44252.5.1.2.1.2.1.1
1.1.5.44265.18.5.2
1.1.5.44288.25.1.9
1.1.5.44316.9.1.6.3
1.1.5.44381.8.1.1
1.1.5.44499.5.1.2.1
1.1.5.44513.18.1.1
1.1.5.44605.5.1.1.3.6
1.1.5.44618.9.1.12
1.1.5.44647.19.2
1.1.5.44654.39.1.29
1.1.5.44658.5.1.5.2.2
1.1.5.44694.12.1.15
1.1.5.44762.5.1.2.1.2.2.15.7
1.1.5.44776.18.1.40
1.1.5.44814.44.1.11
1.1.5.44945.20.2.8.18.3
1.1.5.44963.9.2.27
1.1.5.45043.9.1.4
1.1.5.45055.5.1.3.2.20.2
1.1.5.45062.11.2.2
1.1.5.45167.10.2.7
1.1.5.45195.34.3.20
1.1.5.45261.46.2.1
1.1.5.45339.22.1.6
1.1.5.45355.8.5.16
1.1.5.45440.5.1
1.1.5.45506.10.5.12.7
1.1.5.45573.9.5.1
1.1.5.45751.9.1.2
1.1.5.45795.12.3.4
1.1.5.45834.12.1.2
1.1.5.46097.14.2.9.5.17
1.1.5.46106.17.1.1
1.1.5.46198.24.2.19.6
1.1.5.46233.28.1.35
1.1.5.46338.31.1.37.13
1.1.5.46363.17.1.1
1.1.5.46400.11.2.2
1.1.5.46402.5.1.3.2
1.1.5.46578.29.2.9.17.32.4
1.1.5.46622.8.1.2
1.1.5.46668.19.1.2
1.1.5.46702.13.1.4
1.1.5.46708.23.5.6.3
1.1.5.46720.16.1.3
1.1.5.46759.29.2.13
1.1.5.46765.5.1.15
1.1.5.46819.5.1.4.2.26.4
1.1.5.46837.14.1.5
1.1.5.46942.41.3.2
1.1.5.47022.8.1.2
1.1.5.47029.9.1.13
1.1.5.47067.5.1.13
1.1.5.47078.17.1.2
1.1.5.47093.9.1.1
1.1.5.47114.5.1.4.1.2
1.1.5.47193.17.2.1
1.1.5.47272.8.2.34
1.1.5.47296.8.2.5
1.1.5.47342.22.2.13
1.1.5.47476.29.1.8
1.1.5.47486.22.1.4
1.1.5.47528.10.1.2
1.1.5.47540.22.1.14
1.1.5.47672.12.1.4
1.1.5.47741.10.1.16
1.1.5.47757.26.2.6
1.1.5.47763.18.1.8
1.1.5.47790.9.1.3
1.1.5.47939.30.2.2
1.1.5.47958.5.1.1.6.21.2.5.8
1.1.5.48085.5.1
1.1.5.48170.30.2.25.7.4.1
1.1.5.48245.15.3.5.4
1.1.5.48308.17
1.1.5.48324.8.1.3
1.1.5.48354.10.2.1
1.1.5.48373.21.1.8
1.1.5.48378.11.2.16
1.1.5.48407.35.1.29
1.1.5.48408.5.1
1.1.5.48489.5.1.2.1.33.2
1.1.5.48527.22.2
1.1.5.48531.15.2.6
1.1.5.48709.17.1.13.6.12
1.1.5.48796.13.1.2
1.1.5.48806.19.2.1
1.1.5.48820.16.2.2
1.1.5.48829.9.1.8
1.1.5.48868.8.1.2
1.1.5.48894.13.2.6.4
1.1.5.48937.15.1.3
1.1.5.48943.5.1.7.7.5
1.1.5.48945.17.1.6
1.1.5.48953.26
1.1.5.48996.20.1.2
1.1.5.49049.13.2.2
1.1.5.49056.23.2
1.1.5.49133.17.2.17
1.1.5.49221.27.2.15
1.1.5.49233.10.1.12
1.1.5.49243.17.1.15.6
1.1.5.49257.10.1.15
1.1.5.49276.29.3.14
1.1.5.49307.9.1.7
1.1.5.49422.3
1.1.5.49523.13.1.16
1.1.5.49590.5.1.2.1.2.1.1
1.1.5.49603.18.5.2
1.1.5.49626.25.1.9
1.1.5.49654.9.1.6.3
1.1.5.49716.8.1.1
1.1.5.49850.14.2.10
1.1.5.49912.10.1.2
1.1.5.49951.5.1.1.3.6
1.1.5.49964.9.1.12
1.1.5.50034.12.1.1
1.1.5.50142.9.2.6
1.1.5.50144.13.1.7
1.1.5.50157.18.1.40
1.1.5.50195.44.1.11
1.1.5.50239.13.2.2
1.1.5.50251.30.1.12
1.1.5.50335.20.2.8.18.3
1.1.5.50353.9.2.27
1.1.5.50534.10.2.7
1.1.5.50628.46.2.1
1.1.5.50656.9.4.14
1.1.5.50685.5.1.1
1.1.5.50704.22.1.6
1.1.5.50807.5.1
1.1.5.50872.10.5.12.7
1.1.5.50892.33
1.1.5.51122.9.1.2
1.1.5.51212.12.1.2
1.1.5.51309.8.1.16
1.1.5.51355.18.3.6
1.1.5.51377.8.1.5
1.1.5.51482.20.1.18.11
1.1.5.51500.17.1.1
1.1.5.51583.15.2.15.13
1.1.5.51618.28.1.35
1.1.5.51782.8.1.1
1.1.5.51950.12.1.4
1.1.5.51968.12.3.12
1.1.5.52012.8.1.2
1.1.5.52068.11.2.8
1.1.5.52168.5.1.2
1.1.5.52185.20.3.6
1.1.5.52235.5.1.4.2.26.4
1.1.5.52488.5.1.13
1.1.5.52499.17.1.2
1.1.5.52514.9.1.1
1.1.5.52623.17.2.1
1.1.5.52677.8.1.7
1.1.5.52678.16.1.4
1.1.5.52780.22.2.13
1.1.5.52835.11.2.17
1.1.5.52872.30.1.14
1.1.5.52876.23.3.21.1.2
1.1.5.52953.5.1.1.2.5.2.12
1.1.5.53158.10.1.16
1.1.5.53188.18.1.8
1.1.5.53359.30.2.2
1.1.5.53378.5.1.1.6.21.2.5.16
1.1.5.53425.10.1.3
1.1.5.53506.5.1
1.1.5.53517.27.1.1
1.1.5.53700.15.3.5.4
1.1.5.53769.8.1.3
1.1.5.53795.12.2.2
1.1.5.53804.10.2.2
1.1.5.53841.35.1.29
1.1.5.53842.5.1
1.1.5.53897.25.2.24
1.1.5.53935.29.1.9.5.2
1.1.5.53980.22.2
1.1.5.53984.15.2.6
1.1.5.54022.3
1.1.5.54088.17.2.2
1.1.5.54166.17.1.13.6.12
1.1.5.54251.13.1.2
1.1.5.54261.19.2.1
1.1.5.54275.16.2.2
1.1.5.54284.9.1.8
1.1.5.54323.8.1.2
1.1.5.54349.13.2.6.4
1.1.5.54392.15.1.3
1.1.5.54398.5.1.7.7.5
1.1.5.54400.17.1.6
1.1.5.54408.26
1.1.5.54461.20.1.2
1.1.5.54505.14.2
1.1.5.54505.19.1.5
1.1.5.54685.39.1.15
1.1.5.54709.16.2.6.8.17
1.1.5.54724.10.1.15
1.1.5.54743.29.3.14
1.1.5.54885.9.1.22
1.1.5.54898.10.1.2
1.1.5.55015.21.3.4
1.1.5.55064.29.1.15
1.1.5.55079.20.5.48
1.1.5.55109.10.1.1
1.1.5.55123.17.2.8.3
1.1.5.55136.16.2.12.1.5
1.1.5.55264.12.1.33
1.1.5.55293.15.2.5
1.1.5.55309.14.2.10
1.1.5.55403.24.1.9.9
1.1.5.55442.19.2
1.1.5.55449.39.1.29
1.1.5.55453.5.1.5.2.2
1.1.5.55482.8.2.4.1.22
1.1.5.55496.12.1.15
1.1.5.55575.9.2.6
1.1.5.55577.13.1.7
1.1.5.55590.18.1.40
1.1.5.55675.13.2.2
1.1.5.55687.30.1.12
1.1.5.55767.5.1.2.1.4.3
1.1.5.55854.8.4.20
1.1.5.55867.5.1.2.2.8.5
1.1.5.55869.9.1.7
1.1.5.55973.10.2.7
1.1.5.56158.22.1.6
1.1.5.56174.8.5.16
1.1.5.56321.10.5.12.7
1.1.5.56341.33
1.1.5.56353.5.1.9.2
1.1.5.56401.11.1.4
1.1.5.56570.9.1.2
1.1.5.56616.12.3.4
1.1.5.56662.12.1.2
1.1.5.56808.8.1.2
1.1.5.56840.8.1.5
1.1.5.56949.14.2.9.5.17
1.1.5.56958.17.1.1
1.1.5.57065.18.2.6.3.34.8
1.1.5.57085.21.3.2
1.1.5.57144.10.1.9
1.1.5.57248.8.1.1
1.1.5.57407.12.1.4
1.1.5.57421.40.2.9.36.25.15
1.1.5.57469.8.1.2
1.1.5.57515.19.1.2
1.1.5.57551.5.1
1.1.5.57603.29.2.13
1.1.5.57609.5.1.15
1.1.5.57663.5.1.4.2.24.4
1.1.5.57681.14.1.5
1.1.5.57755.5.1.2.2.34.10
1.1.5.57827.10.1.9
1.1.5.57852.8.1.2
1.1.5.57859.9.1.13
1.1.5.57904.17.1.9
1.1.5.57924.5.1.8.21.9
1.1.5.58020.17.2.1
1.1.5.58054.17.1.16
1.1.5.58062.8.1.7
1.1.5.58063.16.1.4
1.1.5.58170.22.2.13
1.1.5.58304.29.1.8
1.1.5.58314.22.1.4
1.1.5.58354.10.1.2
1.1.5.58381.12.1.7
1.1.5.58495.10.1.8
1.1.5.58527.15
1.1.5.58527.21.1.15
1.1.5.58587.13.2.2
1.1.5.58777.30.2.2
1.1.5.58796.5.1.1.6.21.2.5.19
1.1.5.59036.31.2.25.7.3.1
1.1.5.59105.15.3.5.4
1.1.5.59134.13.1.14
1.1.5.59191.8.1.3
1.1.5.59217.12.2.2
1.1.5.59228.25.2.11
1.1.5.59233.9.1.13
1.1.5.59248.16.1.1
1.1.5.59258.35.1.29
1.1.5.59259.5.1
1.1.5.59342.29.1.9.5.2
1.1.5.59393.15.2
1.1.5.59396.13.2.27
1.1.5.59414.5.1.3.3
1.1.5.59500.17.2.2
1.1.5.59519.5.1
1.1.5.59571.5.1.2.1.3.1.12.3
1.1.5.59664.19.2.1
1.1.5.59678.16.2.2
1.1.5.59687.9.1.8
1.1.5.59709.5.1.41.1.1.5
1.1.5.59766.5.1
1.1.5.59844.20.1.2
1.1.5.59855.8.1.10
1.1.5.59889.14.2
1.1.5.59889.19.1.5
1.1.5.59921.5.1.15.2.7.3
1.1.5.59940.14.2
1.1.5.60059.27.2.15
1.1.5.60071.10.1.12
1.1.5.60081.17.1.15.6
1.1.5.60095.10.1.15
1.1.5.60114.29.3.14
1.1.5.60344.13.1.16
1.1.5.60411.5.1.2.1.2.1.1
1.1.5.60424.18.5.2
1.1.5.60447.25.1.9
1.1.5.60475.9.1.6.3
1.1.5.60612.14.3.4
1.1.5.60655.5.1.2.1
1.1.5.60670.14.2.10
1.1.5.60758.5.1.1.3.6
1.1.5.60771.9.1.12
1.1.5.60800.11.1.5
1.1.5.60809.5.1.1.5.13.3.12
1.1.5.60839.38.1.2
1.1.5.60860.12.1.9
1.1.5.60937.9.2.6
1.1.5.60939.13.1.7
1.1.5.60952.18.1.40
1.1.5.61029.13.2.2
1.1.5.61041.30.1.12
1.1.5.61132.20.2.8.18.3
1.1.5.61150.9.2.27
1.1.5.61230.9.1.4
1.1.5.61242.5.1.3.2.20.2
1.1.5.61249.11.2.2
1.1.5.61342.10.2.7
1.1.5.61530.22.1.6
1.1.5.61548.8.5.16
1.1.5.61631.5.1
1.1.5.61688.19.1.5
1.1.5.61693.10.2.2
1.1.5.61698.5.1.4.3.5.3.10
1.1.5.61700.32.3.6
1.1.5.61783.9.5.1
1.1.5.61992.12.3.4
1.1.5.62017.10.1.3
1.1.5.62071.52.1.29
1.1.5.62085.25.1.11
1.1.5.62146.8.1.16
1.1.5.62192.18.3.6
1.1.5.62213.8.1.5
1.1.5.62306.20.1.18.11
1.1.5.62324.17.1.1
1.1.5.62412.15.2.15.5
1.1.5.62447.28.1.35
1.1.5.62599.8.1.1
1.1.5.62750.11.1.2
1.1.5.62831.8.1.2
1.1.5.62974.5.1.2
1.1.5.63038.5.1.4.2.24.4
1.1.5.63056.14.1.5
1.1.5.63074.3
1.1.5.63210.10.1.9
1.1.5.63236.8.1.2
1.1.5.63243.9.1.13
1.1.5.63280.5.1.13
1.1.5.63291.17.1.2
1.1.5.63306.9.1.1
1.1.5.63392.20.1.8
1.1.5.63486.8.2.34
1.1.5.63510.8.2.5
1.1.5.63557.22.2.13
1.1.5.63612.11.2.17
1.1.5.63649.30.1.14
1.1.5.63653.23.3.21.1.2
1.1.5.63735.5.1.2
1.1.5.63745.26.3.7.1.4
1.1.5.63763.11.4.2
1.1.5.63763.11.5.1
1.1.5.63796.10.2.7
1.1.5.63821.62.2
1.1.5.63967.10.1.16
1.1.5.64011.9.1.3
1.1.5.64019.24.2.2
1.1.5.64019.24.3.6
1.1.5.64020.29.4.10.1.3.1
1.1.5.64157.12.1.9
1.1.5.64161.8.2.8.3.9
1.1.5.64289.5.1
1.1.5.64361.10.3.6
1.1.5.64504.15.3.5.4
1.1.5.64575.8.1.3
1.1.5.64601.12.2.2
1.1.5.64612.25.2.11
1.1.5.64634.16.1.1
1.1.5.64644.35.1.29
1.1.5.64645.5.1
1.1.5.64730.29.1.9.5.2
1.1.5.64787.16.3.15
1.1.5.64811.3
1.1.5.64954.17.1.13.6.12
1.1.5.65050.19.2.1
1.1.5.65064.16.2.2
1.1.5.65073.9.1.8
1.1.5.65096.5.1.41.1.1.5
1.1.5.65150.5.1
1.1.5.65225.20.1.2
1.1.5.65268.14.2
1.1.5.65268.19.1.5
1.1.5.65344.17.2.17
1.1.5.65433.27.2.15
1.1.5.65439.14.2.7
1.1.5.65457.17.2.8
1.1.5.65472.16.2.6.8.18
1.1.5.65487.10.1.15
1.1.5.65506.29.3.14
1.1.5.65549.22.1.8
1.1.5.65569.29.1.12
1.1.5.65641.9.1.22
1.1.5.65654.10.1.2
1.1.5.65750.21.3.4
1.1.5.65799.29.1.15
1.1.5.65814.20.5.48
1.1.5.65822.5.1
1.1.5.65856.16.1.5
1.1.5.65856.16.3.8.3
1.1.5.65860.12.1.4
1.1.5.65879.16.2.12.1.5
1.1.5.66030.35.1.2
1.1.5.66032.57.1.2
1.1.5.66076.8.1.4
1.1.5.66085.5.1.2.3.8.1.10
1.1.5.66119.9.1.6
1.1.5.66148.10.1.2
1.1.5.66196.14.2.15.6.7.2.21
1.1.5.66239.39.1.26
1.1.5.66243.5.1.5.2.2
1.1.5.66275.43.1.2
1.1.5.66386.9.2.6
1.1.5.66388.13.1.7
1.1.5.66401.18.1.40
1.1.5.66480.13.2.2
1.1.5.66492.30.1.12
1.1.5.66574.20.2.8.18.3
1.1.5.66592.9.2.27
1.1.5.66667.8.4.20
1.1.5.66680.5.1.2.2.8.5
1.1.5.66682.9.1.7
1.1.5.66741.12.1.1
1.1.5.66891.46.2.1
1.1.5.66947.5.1.1
1.1.5.66966.22.1.6
1.1.5.66982.8.5.16
1.1.5.67129.10.5.12.7
1.1.5.67149.33
1.1.5.67174.5.1.3.5.8.2.8
1.1.5.67216.9.5.1
1.1.5.67378.9.1.2
1.1.5.67424.12.3.4
1.1.5.67449.10.1.3
1.1.5.67508.52.1.29
1.1.5.67522.25.1.11
1.1.5.67583.8.1.16
1.1.5.67598.18.1.1
1.1.5.67615.8.1.2
1.1.5.67647.8.1.5
1.1.5.67746.16.4.7
1.1.5.67762.16.1.14
1.1.5.67856.15.2.15.5
1.1.5.67896.28.1.35
1.1.5.67930.10.1.9
1.1.5.68045.8.1.1
1.1.5.68063.5.1.5.7
1.1.5.68227.12.1.4
1.1.5.68239.10.1.24
1.1.5.68285.35.3.5
1.1.5.68359.11.2.8
1.1.5.68395.5.1
1.1.5.68447.29.2.13
1.1.5.68453.5.1.15
1.1.5.68625.20.1.9
1.1.5.68638.9.1.1
1.1.5.68681.10.1.9
1.1.5.68695.21.1.13
1.1.5.68765.17.1.9
1.1.5.68881.17.2.1
1.1.5.68932.32.2.25
1.1.5.68937.11.1.4
1.1.5.69022.22.2.13
1.1.5.69077.11.2.17
1.1.5.69162.29.1.8
1.1.5.69172.22.1.4
1.1.5.69211.5.1.1.2.5.2.12
1.1.5.69348.25.1.41
1.1.5.69421.13.2.2
1.1.5.69607.30.2.2
1.1.5.69626.5.1.1.6.21.2.5.46
1.1.5.69753.5.1
1.1.5.69764.27.1.1
1.1.5.69810.10.3.6
1.1.5.69865.39.3.6.16
1.1.5.69941.22.1.4
1.1.5.69986.11.1.13
1.1.5.70006.17
1.1.5.70022.8.1.3
1.1.5.70052.10.2.1
1.1.5.70071.21.1.8
1.1.5.70076.11.2.16
1.1.5.70096.35.1.29
1.1.5.70097.5.1
1.1.5.70174.5.1.2.1.15.2
1.1.5.70222.15.2
1.1.5.70225.13.2.27
1.1.5.70243.5.1.3.3
1.1.5.70380.9.2.2
1.1.5.70408.17.1.13.6.12
1.1.5.70534.5.1.1
1.1.5.70549.5.1.25.1.1.5
1.1.5.70606.5.1
1.1.5.70681.20.1.2
1.1.5.70724.9.5.4
1.1.5.70767.14.2.9.6.14.3
1.1.5.70782.14.2
1.1.5.70913.39.1.15
1.1.5.70931.17.1.15.6
1.1.5.70945.10.1.15
1.1.5.70964.29.3.14
1.1.5.71107.3
1.1.5.71225.21.3.4
1.1.5.71282.5.1.2.1.2.1.1
1.1.5.71295.18.5.2
1.1.5.71318.25.1.9
1.1.5.71346.9.1.6.3
1.1.5.71466.5.1
1.1.5.71482.12.1.33
1.1.5.71490.28.4.9
1.1.5.71546.18.1.1
1.1.5.71638.5.1.1.3.6
1.1.5.71651.9.1.12
1.1.5.71739.12.1.15
1.1.5.71812.5.1.15.5
1.1.5.71817.10.2.1
1.1.5.71845.8.3.10
1.1.5.71906.13.2.2
1.1.5.71918.30.1.12
1.1.5.71997.20.2.8.18.3
1.1.5.72015.9.2.27
1.1.5.72095.9.1.4
1.1.5.72107.5.1.3.2.20.2
1.1.5.72114.11.2.2
1.1.5.72165.12.1.1
1.1.5.72235.8.2.5
1.1.5.72268.9.1.31
1.1.5.72286.5.1.4
1.1.5.72376.22.1.6
1.1.5.72392.8.5.16
1.1.5.72537.10.5.12.7
1.1.5.72568.19.4.2
1.1.5.72583.5.1.3.5.8.2.8
1.1.5.72616.9.5.1
1.1.5.72693.9.1.22
1.1.5.72787.9.1.2
1.1.5.72833.12.3.4
1.1.5.72860.22.1.13
1.1.5.72889.13.2.14.5
1.1.5.73011.8.1.35
1.1.5.73185.16.4.7
1.1.5.73201.16.1.14
1.1.5.73285.5.1.5.2.10.8
1.1.5.73326.28.1.35
1.1.5.73474.8.1.1
1.1.5.73642.12.1.4
1.1.5.73655.33.1.9
1.1.5.73704.8.1.2
1.1.5.73846.29.2.13
1.1.5.73852.5.1.15
1.1.5.74025.20.1.9
1.1.5.74038.9.1.1
1.1.5.74095.10.1.9
1.1.5.74120.8.1.2
1.1.5.74127.9.1.13
1.1.5.74182.17.1.9
1.1.5.74295.17.2.1
1.1.5.74348.11.1.4
1.1.5.74363.8.2.34
1.1.5.74387.8.2.5
1.1.5.74429.22.2.13
1.1.5.74563.29.1.8
1.1.5.74573.22.1.4
1.1.5.74614.10.1.2
1.1.5.74626.22.1.14
1.1.5.74725.9.1.3
1.1.5.74755.25.1.41
1.1.5.74823.10.1.16
1.1.5.74839.26.2.6
1.1.5.74845.18.1.8
1.1.5.75017.30.2.2
1.1.5.75036.5.1.1.6.21.2.5.17
1.1.5.75277.31.2.25.7.3.1
1.1.5.75346.15.3.5.4
1.1.5.75427.8.1.3
1.1.5.75457.10.2.1
1.1.5.75476.21.1.8
1.1.5.75481.11.2.16
1.1.5.75502.35.1.29
1.1.5.75503.5.1
1.1.5.75543.11.2.12
1.1.5.75583.5.1.2.1.2.2
1.1.5.75593.17.3.4
1.1.5.75628.22.2
1.1.5.75632.15.2.6
1.1.5.75736.17.2.2
1.1.5.75804.17.1.13.6.12
1.1.5.75885.13.1.2
1.1.5.75911.16.2.2
1.1.5.75920.9.1.8
1.1.5.75996.5.1
1.1.5.76092.33.1.10
1.1.5.76112.14.2
1.1.5.76112.19.1.5
1.1.5.76285.27.2.15
1.1.5.76309.17.1.15.6
1.1.5.76323.10.1.15
1.1.5.76342.29.3.14
1.1.5.76385.22.1.8
1.1.5.76474.9.1.22
1.1.5.76487.10.1.2
1.1.5.76598.21.3.4
1.1.5.76647.29.1.15
1.1.5.76662.20.5.48
1.1.5.76692.10.1.1
1.1.5.76706.17.2.8.3
1.1.5.76719.16.2.12.1.5
1.1.5.76872.18.2.6.1
1.1.5.76917.18.1.1
1.1.5.76952.9.1.5
1.1.5.76980.10.1.2
1.1.5.77026.5.1.3.2.7.3.2
1.1.5.77031.14.1.3
1.1.5.77041.9.1.12
1.1.5.77070.19.2
1.1.5.77077.39.1.29
1.1.5.77081.5.1.5.2.2
1.1.5.77113.43.1.2
1.1.5.77212.9.2.6
1.1.5.77214.13.1.7
1.1.5.77227.18.1.40
1.1.5.77262.9.1.15
1.1.5.77306.13.2.2
1.1.5.77318.30.1.12
1.1.5.77402.20.2.8.18.3
1.1.5.77420.9.2.27
1.1.5.77495.8.4.20
1.1.5.77508.5.1.2.2.8.5
1.1.5.77510.9.1.7
1.1.5.77627.8.2.5
1.1.5.77696.46.2.1
1.1.5.77791.8.5.16
1.1.5.77938.10.5.12.7
1.1.5.78006.9.5.1
1.1.5.78067.16.1.1
1.1.5.78070.29.2.2
1.1.5.78178.9.1.2
1.1.5.78259.10.1.3
1.1.5.78400.8.1.35
1.1.5.78415.18.1.1
1.1.5.78432.8.1.2
1.1.5.78464.8.1.5
1.1.5.78560.14.2.9.5.17
1.1.5.78569.17.1.1
1.1.5.78673.24.2.19.6
1.1.5.78758.8.1.5
1.1.5.78862.17.1.1
1.1.5.78899.11.2.2
1.1.5.78901.5.1.3.2
1.1.5.79065.12.1.4
1.1.5.79134.8.1.2
1.1.5.79169.5.1.1.14
1.1.5.79186.19.1.2
1.1.5.79220.13.1.4
1.1.5.79226.23.5.6.3
1.1.5.79238.16.1.3
1.1.5.79277.29.2.13
1.1.5.79283.5.1.15
1.1.5.79337.5.1.4.2.26.4
1.1.5.79351.14.1.5
1.1.5.79369.3
1.1.5.79415.11.2.1
1.1.5.79459.9.1.1
1.1.5.79502.10.1.9
1.1.5.79516.21.1.13
1.1.5.79535.8.1.2
1.1.5.79542.9.1.13
1.1.5.79579.5.1.13
1.1.5.79590.17.1.2
1.1.5.79605.9.1.1
1.1.5.79708.17.2.1
1.1.5.79751.8.1.7
1.1.5.79752.16.1.4
1.1.5.79855.22.2.13
1.1.5.79989.29.1.8
1.1.5.79999.22.1.4
1.1.5.80203.11.1.1
1.1.5.80318.18.1.8
1.1.5.80349.9.1.2
1.1.5.80349.9.2.8
1.1.5.80489.30.2.2
1.1.5.80508.5.1.1.6.21.2.5.12
1.1.5.80635.5.1
1.1.5.80746.31.2.25.7.3.1
1.1.5.80815.15.3.5.4
1.1.5.80904.12.2.2
1.1.5.80913.10.2.2
1.1.5.80942.35.1.29
1.1.5.80943.5.1
1.1.5.81026.29.1.9.5.2
1.1.5.81063.15.2.6
1.1.5.81244.17.1.13.6.12
1.1.5.81345.19.2.1
1.1.5.81359.16.2.2
1.1.5.81368.9.1.8
1.1.5.81391.5.1.61.1.1.5
1.1.5.81448.5.1
1.1.5.81459.15.1.4
1.1.5.81465.5.1.7.8.6
1.1.5.81467.17.1.6
1.1.5.81475.26
1.1.5.81565.14.2
1.1.5.81565.19.1.5
1.1.5.81597.5.1.15.2.7.3
1.1.5.81616.14.2
1.1.5.81731.27.2.15
1.1.5.81755.17.1.15.6
1.1.5.81769.10.1.15
1.1.5.81788.29.3.14
1.1.5.81831.22.1.8
1.1.5.81932.3
1.1.5.82051.21.3.4
1.1.5.82110.5.1.2.1.2.1.1
1.1.5.82123.18.5.2
1.1.5.82146.25.1.9
1.1.5.82174.9.1.6.3
1.1.5.82329.35.1.2
1.1.5.82331.57.1.2
1.1.5.82379.14.3.17
1.1.5.82468.5.1.1.3.6
1.1.5.82481.9.1.12
1.1.5.82510.19.2
1.1.5.82517.39.1.29
1.1.5.82521.5.1.5.2.2
1.1.5.82547.8.2.4.1.19
1.1.5.82561.12.1.15
1.1.5.82641.9.2.6
1.1.5.82643.13.1.7
1.1.5.82656.18.1.40
1.1.5.82719.9.1.13
1.1.5.82730.6
1.1.5.82814.20.2.8.18.3
1.1.5.82832.9.2.27
1.1.5.82916.9.1.4
1.1.5.82928.5.1.3.2.20.2
1.1.5.82935.11.2.2
1.1.5.83033.10.2.7
1.1.5.83165.11.1.1
1.1.5.83201.5.1.2.3.12.3.2
1.1.5.83289.5.1
1.1.5.83363.17.2
1.1.5.83398.5.1.9.2
1.1.5.83452.9.5.1
1.1.5.83512.18.2.2
1.1.5.83620.9.1.2
1.1.5.83666.12.3.4
1.1.5.83691.10.1.3
1.1.5.83749.52.1.29
1.1.5.83763.25.1.11
1.1.5.83841.8.1.35
1.1.5.83853.14.5.1
1.1.5.84010.14.2.9.5.21
1.1.5.84019.17.1.1
1.1.5.84109.18.2.6.3.34.8
1.1.5.84144.28.1.35
1.1.5.84280.8.1.1
1.1.5.84501.52.1.18
1.1.5.84549.9.1.7
1.1.5.84566.5.1.1.11
1.1.5.84586.11.2.8
1.1.5.84622.5.1
1.1.5.84674.29.2.13
1.1.5.84680.5.1.15
1.1.5.84729.5.1.4.2.8.9
1.1.5.84798.24.3.2
1.1.5.84935.8.1.2
1.1.5.84942.9.1.13
1.1.5.84971.5.1.2.2.2.1
1.1.5.84997.17.1.9
1.1.5.85023.5.1.4.1.2
1.1.5.85065.14.4
1.1.5.85095.17.2.1
1.1.5.85144.8.1.7
1.1.5.85145.16.1.4
1.1.5.85157.13.1.3
1.1.5.85232.22.2.13
1.1.5.85287.11.2.17
1.1.5.85408.10.1.2
1.1.5.85420.22.1.14
1.1.5.85467.10.2.7
1.1.5.85558.15.2.22
1.1.5.85628.10.1.16
1.1.5.85658.18.1.8
1.1.5.85830.30.2.2
1.1.5.85849.5.1.1.6.21.2.5.14
1.1.5.85902.10.1.3
1.1.5.86008.19.1.14
1.1.5.86108.31.2.25.7.3.1
1.1.5.86183.15.3.5.4
1.1.5.86264.8.1.3
1.1.5.86290.12.2.2
1.1.5.86301.25.2.11
1.1.5.86306.9.1.13
1.1.5.86333.35.1.29
1.1.5.86334.5.1
1.1.5.86411.5.1.2.1.16.2
1.1.5.86421.17.3.4
1.1.5.86456.22.2
1.1.5.86460.15.2.6
1.1.5.86567.17.2.2
1.1.5.86590.5.1
1.1.5.86650.5.1.2.1.3.1.12.66
1.1.5.86745.19.2.1
1.1.5.86759.16.2.2
1.1.5.86768.9.1.8
1.1.5.86791.5.1.41.1.1.5
1.1.5.86846.5.1
1.1.5.86856.15.1.4
1.1.5.86862.5.1.7.8.6
1.1.5.86864.17.1.6
1.1.5.86872.26
1.1.5.86920.20.1.2
1.1.5.86931.8.1.10
1.1.5.86965.14.2
1.1.5.86965.19.1.5
1.1.5.87043.17.2.17
1.1.5.87133.27.2.15
1.1.5.87139.14.2.7
1.1.5.87170.16.2.6.8.17
1.1.5.87185.10.1.15
1.1.5.87204.29.3.14
1.1.5.87325.22.1.9
1.1.5.87338.10.1.2
1.1.5.87449.21.3.4
1.1.5.87512.5.1.2.1.2.1.1
1.1.5.87522.13.1.10.5
1.1.5.87532.5.1.6.3
1.1.5.87535.5.1.2.2.4.3
1.1.5.87546.25.1.9
1.1.5.87574.9.1.6.3
1.1.5.87700.5.1
1.1.5.87718.14.3.4
1.1.5.87762.14.2.10
1.1.5.87857.5.1.3.2.7.3.2
1.1.5.87862.14.1.3
1.1.5.87872.9.1.12
1.1.5.87901.11.1.5
1.1.5.87910.5.1.1.5.13.3.12
1.1.5.87936.8.2.4.1.19
1.1.5.87953.12.1.15
1.1.5.88032.9.2.6
1.1.5.88034.13.1.7
1.1.5.88047.18.1.40
1.1.5.88119.13.2.2
1.1.5.88131.30.1.12
1.1.5.88225.20.2.8.18.3
1.1.5.88243.9.2.27
1.1.5.88318.8.4.20
1.1.5.88353.20.1.26
1.1.5.88355.9.1.2
1.1.5.88449.8.2.5
1.1.5.88484.9.1.31
1.1.5.88503.5.1.4
1.1.5.88557.11.1.1
1.1.5.88584.5.1.1
1.1.5.88603.22.1.6
1.1.5.88619.8.5.16
1.1.5.88680.32.2.11.1
1.1.5.88767.10.5.12.7
1.1.5.88834.9.5.1
1.1.5.88894.18.2.2
1.1.5.89003.9.1.2
1.1.5.89073.22.1.13
1.1.5.89104.12.1.2
1.1.5.89134.52.1.29
1.1.5.89148.25.1.11
1.1.5.89209.8.1.16
1.1.5.89224.18.1.1
1.1.5.89241.8.1.2
1.1.5.89273.8.1.5
1.1.5.89381.20.1.18.11
1.1.5.89409.16.1.14
1.1.5.89490.24.2.19.6
1.1.5.89575.8.1.5
1.1.5.89656.17.1.1
1.1.5.89693.11.2.2
1.1.5.89695.5.1.3.2
1.1.5.89914.30.3.28
1.1.5.89937.8.1.2
1.1.5.89972.5.1.1.14
1.1.5.89992.11.2.8
1.1.5.90028.5.1
1.1.5.90080.29.2.13
1.1.5.90086.5.1.15
1.1.5.90140.5.1.4.2.24.4
1.1.5.90154.14.1.5
1.1.5.90172.3
1.1.5.90249.20.1.9
1.1.5.90262.9.1.1
1.1.5.90307.10.1.9
1.1.5.90332.8.1.2
1.1.5.90339.9.1.13
1.1.5.90388.17.1.9
1.1.5.90478.20.1.8
1.1.5.90633.22.2.13
1.1.5.90688.11.2.17
1.1.5.90759.29.1.8
1.1.5.90769.22.1.4
1.1.5.90811.10.1.2
1.1.5.90823.22.1.14
1.1.5.90877.10.2.7
1.1.5.90976.15.2.22
1.1.5.91045.10.1.16
1.1.5.91061.26.2.6
1.1.5.91067.18.1.8
1.1.5.91236.30.2.2
1.1.5.91254.12.1.9
1.1.5.91258.8.2.8.3.7
1.1.5.91385.5.1
1.1.5.91434.24.1.8
1.1.5.91454.10.3.6
1.1.5.91505.5.1.3.1
1.1.5.91677.17
1.1.5.91693.8.1.3
1.1.5.91723.10.2.1
1.1.5.91742.21.1.8
1.1.5.91747.11.2.16
1.1.5.91776.35.1.29
1.1.5.91777.5.1
1.1.5.91866.5.1.2.1.33.2
1.1.5.91876.17.3.4
1.1.5.91911.22.2
1.1.5.91915.15.2.6
1.1.5.92092.5.1.2.1.3.1.12.3
1.1.5.92175.32.1.9
1.1.5.92190.16.2.2
1.1.5.92199.9.1.8
1.1.5.92238.8.1.2
1.1.5.92264.13.2.6.4
1.1.5.92307.15.1.3
1.1.5.92313.5.1.7.7.5
1.1.5.92315.17.1.6
1.1.5.92323.26
1.1.5.92379.8.1.8
1.1.5.92412.9.5.4
1.1.5.92454.22.1.18
1.1.5.92592.16.1.12
1.1.5.92621.16.2.6.8.3
1.1.5.92636.10.1.15
1.1.5.92655.29.3.14
1.1.5.92796.9.1.22
1.1.5.92809.10.1.2
1.1.5.92916.21.3.4
1.1.5.92985.13.2.11
1.1.5.93015.10.1.1
1.1.5.93029.17.2.8.3
1.1.5.93042.16.2.12.1.5
1.1.5.93199.35.1.2
1.1.5.93201.57.1.2
1.1.5.93248.18.1.1
1.1.5.93283.9.1.5
1.1.5.93311.10.1.2
1.1.5.93359.14.2.15.6.7.2.20
1.1.5.93446.10.1.2
1.1.5.93541.9.2.6
1.1.5.93543.13.1.7
1.1.5.93556.18.1.40
1.1.5.93636.13.2.2
1.1.5.93648.30.1.12
1.1.5.93728.5.1.2.1.4.3
1.1.5.93820.9.1.4
1.1.5.93832.5.1.3.2.20.2
1.1.5.93839.11.2.2
1.1.5.93860.12.1.4
1.1.5.93893.12.1.1
1.1.5.93940.10.2.7
1.1.5.93985.8.3.2
1.1.5.94093.5.1.1
1.1.5.94112.22.1.6
1.1.5.94128.8.5.16
1.1.5.94262.5.1.4.3.5.3.10
1.1.5.94264.32.3.6
1.1.5.94336.9.5.1
1.1.5.94505.9.1.2
1.1.5.94551.12.3.4
1.1.5.94570.22.1.13
1.1.5.94601.12.1.2
1.1.5.94631.52.1.29
1.1.5.94704.8.1.16
1.1.5.94742.8.1.2
1.1.5.94773.8.1.5
1.1.5.94869.14.2.9.5.17
1.1.5.94878.17.1.1
1.1.5.94979.15.2.15.5
1.1.5.95064.8.1.5
1.1.5.95133.31.1.37.13
1.1.5.95168.8.1.1
1.1.5.95290.9.3.10
1.1.5.95338.12.1.4
1.1.5.95390.30.1.15
1.1.5.95438.9.1.7
1.1.5.95455.5.1.1.11
1.1.5.95475.11.2.8
1.1.5.95511.5.1
1.1.5.95566.29.2.13
1.1.5.95572.5.1.15
1.1.5.95621.5.1.4.2.8.8
1.1.5.95737.20.1.9
1.1.5.95823.8.1.2
1.1.5.95830.9.1.13
1.1.5.95857.5.1.3.1.1.1
1.1.5.95865.13.3.1
1.1.5.95880.17.1.9
1.1.5.95913.17.3.1
1.1.5.95982.20.1.8
1.1.6.51.8.1.7
1.1.6.52.16.1.4
1.1.6.147.22.2.13
1.1.6.281.29.1.8
1.1.6.291.22.1.4
1.1.6.331.5.1.1.2.21.4.6
1.1.6.391.10.2.7
1.1.6.470.25.1.41
1.1.6.728.30.2.2
1.1.6.748.5.1.2.1
1.1.6.877.5.1
1.1.6.888.27.1.1
1.1.6.971.5.1.3.1
1.1.6.1074.15.3.5.4
1.1.6.1103.13.1.14
1.1.6.1119.11.1.7
1.1.6.1148.10.1.18
1.1.6.1166.12.2.2
1.1.6.1175.10.2.2
1.1.6.1213.35.1.29
1.1.6.1214.5.1
1.1.6.1303.5.1.1.1.3.1.2.13
1.1.6.1316.17.3.4
1.1.6.1351.22.2
1.1.6.1355.15.2.6
1.1.6.1393.3
1.1.6.1536.17.1.13.6.12
1.1.6.1637.19.2.1
1.1.6.1651.16.2.2
1.1.6.1660.9.1.8
1.1.6.1696.8.1.2
1.1.6.1722.13.2.6.4
1.1.6.1765.16.2.6.1.15
1.1.6.1767.25.1.16
1.1.6.1775.26
1.1.6.1818.20.1.2
1.1.6.1876.23.1.10
1.1.6.1883.23.2
1.1.6.1913.13.1.3
1.1.6.1947.17.2.17
1.1.6.2035.27.2.15
1.1.6.2041.14.2.7
1.1.6.2072.16.2.6.8.17
1.1.6.2087.10.1.15
1.1.6.2106.29.3.14
1.1.6.2142.22.1.8
1.1.6.2162.29.1.12
1.1.6.2234.9.1.22
1.1.6.2247.10.1.2
1.1.6.2362.21.3.4
1.1.6.2431.13.2.11
1.1.6.2461.10.1.1
1.1.6.2475.17.2.8.3
1.1.6.2488.16.2.12.1.5
1.1.6.2630.8.2.4
1.1.6.2640.20.4.9
1.1.6.2689.18.1.1
1.1.6.2790.10.1.4.4
1.1.6.2826.19.2
1.1.6.2833.39.1.29
1.1.6.2837.5.1.5.2.2
1.1.6.2873.12.1.15
1.1.6.2950.9.2.6
1.1.6.2952.13.1.7
1.1.6.2965.18.1.40
1.1.6.3045.13.2.2
1.1.6.3057.30.1.12
1.1.6.3141.20.2.8.18.3
1.1.6.3159.9.2.27
1.1.6.3243.10.1.4.1
1.1.6.3311.12.1.1
1.1.6.3357.10.2.7
1.1.6.3448.46.2.1
1.1.6.3526.22.1.6
1.1.6.3542.8.5.16
1.1.6.3603.32.2.11.1
1.1.6.3677.10.5.12.7
1.1.6.3708.19.4.2
1.1.6.3723.5.1.3.5.8.2.8
1.1.6.3760.9.5.1
1.1.6.3926.9.1.2
1.1.6.3972.12.3.4
1.1.6.3997.10.1.3
1.1.6.4056.52.1.29
1.1.6.4129.8.1.16
1.1.6.4144.18.1.1
1.1.6.4161.8.1.2
1.1.6.4192.8.1.5
1.1.6.4295.16.4.7
1.1.6.4311.16.1.14
1.1.6.4412.15.2.15.5
1.1.6.4451.48.2.1
1.1.6.4498.10.1.9
1.1.6.4607.17.1.1
1.1.6.4644.11.2.2
1.1.6.4646.5.1.3.2
1.1.6.4889.8.1.2
1.1.6.5031.29.2.13
1.1.6.5037.5.1.15
1.1.6.5194.20.1.19
1.1.6.5235.9.1.1
1.1.6.5280.10.1.9
1.1.6.5305.8.1.2
1.1.6.5312.9.1.13
1.1.6.5367.17.1.9
1.1.6.5486.17.2.1
1.1.6.5617.36.2.20
1.1.6.5647.22.2.13
1.1.6.5702.11.2.17
1.1.6.5740.43.1.8
1.1.6.5744.23.3.21.1.2
1.1.6.5822.10.1.2
1.1.6.5834.22.1.14
1.1.6.5881.10.2.7
1.2.409.4.2.6.3
1.2.627.6.3.5.5.16.1
1.2.774.4.2.4.4
1.2.894.6.3
1.2.1093.2.1.1.1.1
1.2.1152.2.1.1.1
1.2.1289.2.1.2.1
1.2.1362.2.1.1.3.4.1.19
1.2.1475.2.1.15.5
1.2.1857.10.5.31
1.2.2025.4.2
1.2.2153.2.1.1.1
1.2.2228.4.2.7.4.24.2.1
1.2.2486.6.3.8.1.6.2.3
1.2.2487.8.4.12.1.4.2
1.2.3030.8.4.8.1
1.2.3097.8.4
1.2.3114.2.1.1.1.2
1.2.3142.10.5.25.6.19
1.2.3341.4.2.14.1
1.2.3443.12.6.30.6.10.2.2
1.2.3530.14.7.12.3
1.2.3617.6.3.6
1.2.3716.2.1.27
1.2.3888.8.4.39.3.12.5.11.2
1.2.4190.8.4.11.4.6.3.11.13
1.2.4210.2.1.1.1.1
1.2.4282.6.3.7.5
1.2.4339.2.1.4.2
1.2.4443.2.1.15.1
1.2.4624.6.3.26.3.21.1.17
1.2.4741.2.1.2.1.5.2.6
1.2.4745.8.4
1.2.5040.2.1.2.1.3.1
1.2.5449.2.1.7.3
1.2.5468.4.2.3.1
1.2.5624.10.5.11.3
1.2.5867.2.1
1.2.5924.6.3.6
1.2.5991.2.1.10.5.17
1.4.288.2
1.4.822.2
1.4.822.3
1.4.824.2
1.4.824.4
1.4.840.2
1.4.1059.2
1.4.1204.2
1.4.1284.2
1.4.1284.4
1.4.1305.2
1.4.1305.3
1.4.1421.3.1
1.4.1437.2
1.4.1437.4
1.4.2083.2
1.4.2343.2
1.4.2343.5
1.4.2603.2
1.4.2603.3
1.4.3316.2
1.4.3438.2
1.4.3651.2
1.4.3919.2
1.4.4709.2
1.4.4814.1
1.4.4814.2
1.4.4903.2
1.4.5031.2
1.4.5130.2
1.4.5130.4
1.4.5349.2
1.4.5677.2
1.4.5677.3
1.4.5691.2
1.4.5966.2
1.4.6161.2
1.4.6161.4
1.4.6467.2
1.4.6527.2
1.4.6527.3
1.4.6897.2
1.4.6960.2
1.4.6970.2
1.4.6970.5
1.4.6990.2
1.4.6990.3
1.4.7144.2
1.4.7144.5
1.4.7429.2
1.4.7615.2
1.4.7860.2
1.4.8176.2
1.4.8176.5
1.4.8494.2
1.4.8902.2
1.4.8902.4
1.4.8903.2
1.4.9028.2
1.4.9505.1
1.4.9505.2
1.4.9505.3
1.4.9609.2
1.4.9609.3
1.4.9674.2
1.4.9674.3
1.4.9975.2
1.4.9975.5
1.4.10141.2
1.4.10358.2
1.4.10382.2
1.4.10422.2
1.4.10543.2
1.4.10543.4
1.4.11052.2
1.4.11444.2
1.4.11817.2
1.4.11817.5
1.4.12293.2
1.4.12293.3
1.4.12545.2
1.4.12545.3
1.4.12823.2
1.4.12823.4
1.4.12888.2
1.4.12970.2
1.4.13505.2
1.4.13505.5
1.4.14056.2
1.4.14056.3
1.4.14068.2
1.4.14068.4
1.4.14087.2
1.4.14087.4
1.4.14144.2
1.4.14144.4
1.4.14289.2
1.4.14289.4
1.4.14347.2
1.4.14347.3
1.4.14373.2
1.4.14383.2
1.4.14383.5
1.4.14511.2
1.4.14520.2
1.4.14520.5
1.4.14799.2
1.4.14799.4
1.4.14929.2
1.4.14929.5
1.4.14964.2
1.4.14964.3
1.4.15488.2
1.4.15614.1
1.4.15614.2
1.4.15614.5
1.4.15779.2
1.4.15779.3
1.4.15971.2
1.4.15990.2
1.4.15990.3
1.4.16074.2
1.4.16134.2
1.4.16134.5
1.4.16345.2
1.4.16443.2
1.4.17035.2
1.4.17107.2
1.4.17385.2
1.4.17385.4
1.4.17481.2
1.4.17481.4
1.4.17612.2
1.4.17612.3
1.4.17837.2
1.4.17837.4
1.4.17878.2
1.4.17952.2
1.4.17952.3
1.4.17999.2
1.4.17999.4
1.4.18507.2
1.4.18507.4
1.4.18686.2
1.4.18686.4
1.4.19271.2
1.4.19271.4
1.4.19413.2
1.4.19413.4
1.4.19481.2
1.4.19481.5
1.4.19696.2
1.4.19701.2
1.4.19864.2
1.4.20020.2
1.4.20020.5
1.4.20426.2
1.4.20553.2
1.4.20624.2
1.4.20624.5
1.4.21019.2
1.4.21019.3
1.4.21243.2
1.4.21243.4
1.4.21551.2
1.4.21674.2
1.4.21674.4
1.4.21771.2
1.4.22102.2
1.4.22203.2
1.4.22407.2
1.4.22407.5
1.4.22732.2
1.4.22732.3
1.4.22807.2
1.4.22807.3
1.4.23055.2
1.4.23152.2
1.4.23152.4
1.4.23509.2
1.4.23509.3
1.4.23702.2
1.4.23702.4
1.4.24185.1
1.4.24185.2
1.4.24185.3
1.4.24369.2
1.4.24369.4
1.4.24442.2
1.4.24442.4
1.4.24471.2
1.4.24876.2
1.4.24876.4
1.4.24989.2
1.4.25048.2
1.4.25114.2
1.4.25114.5
1.4.25458.2
1.4.25690.2
1.4.25955.2
1.4.25955.4
1.4.25977.2
1.4.25977.3
1.4.26066.2
1.4.26253.2
1.4.26261.2
1.4.26261.4
1.4.26408.2
1.4.26579.2
1.4.26579.4
1.4.26922.2
1.4.26968.2
1.4.26968.3
1.4.27066.2
1.4.27066.4
1.4.27140.2
1.4.27248.2
1.4.27379.2
1.4.27565.2
1.4.27739.2
1.4.27739.5
1.4.27874.2
1.4.28075.2
1.4.28075.5
1.4.28256.2
1.4.28326.2
1.4.28415.2
1.4.28415.3
1.4.28747.2
1.4.29110.2
1.4.29315.2
1.4.29315.4
1.4.29564.2
1.4.30006.2
1.4.30505.2
1.4.30939.2
1.4.31025.2
1.4.31025.5
1.4.31087.2
1.4.31087.4
1.4.31310.2
1.4.31561.2
1.4.31561.4
1.4.31999.2
1.4.32012.2
1.4.32446.2
1.4.32503.2
1.4.32514.2
1.4.32525.2
1.4.33055.2
1.4.33072.2
1.4.33147.2
1.4.33147.4
1.4.33526.2
1.4.33538.2
1.4.33538.3
1.4.33565.2
1.4.33565.4
1.4.33669.2
1.4.33669.3
1.4.33722.2
1.4.33722.3
1.4.33926.2
1.4.34038.2
1.4.34156.2
1.4.34295.2
1.4.34295.3
1.4.34375.2
1.4.34391.2
1.4.34391.4
1.4.34441.2
1.4.34441.4
1.4.35572.2
1.4.35690.4.1
1.4.35719.2
1.4.35722.2
1.4.35965.2
1.4.35965.4
1.4.36266.2
1.4.36266.4
1.4.36474.2
1.4.36474.3
1.4.36612.2
1.4.36666.2
1.4.36675.2
1.4.36675.3
1.4.36850.2
1.4.36850.5
1.4.37056.2
1.4.37056.3
1.4.37143.2
1.4.37305.2
1.4.37305.5
1.4.37444.2
1.4.37653.2
1.4.37653.3
1.4.37969.2
1.4.37969.4
1.4.38411.2
1.4.38411.3
1.4.38754.2
1.4.38881.2
1.4.39258.2
1.4.39382.2
1.4.39382.4
1.4.39504.2
1.4.39504.4
1.4.39663.2
1.4.39722.2
1.4.39825.2
1.4.39904.2
1.4.39904.4
1.4.40257.2
1.4.40257.3
1.4.40262.2
1.4.40713.2
1.4.40713.4
1.4.41272.2
1.4.41325.2
1.4.41647.2
1.4.41647.5
1.4.41683.2
1.4.41751.2
1.4.41751.5
1.4.42242.2
1.4.42242.4
1.4.42534.2
1.4.42534.5
1.4.42537.2
1.4.42641.2
1.4.42644.2
1.4.42644.3
1.4.42731.2
1.4.42731.4
1.4.42864.2
1.4.43005.2
1.4.43005.4
1.4.43343.2
1.4.43343.4
1.4.43467.2
1.4.43467.5
1.4.43767.2
1.4.43767.5
1.4.44077.2
1.4.44523.2
1.4.44523.4
1.4.44556.2
1.4.44556.4
1.4.44580.2
1.4.44580.4
1.4.44764.2
1.4.44764.3
1.4.44766.2
1.4.44766.3
1.4.44937.2
1.4.44937.3
1.4.45195.2
1.4.45366.2
1.4.45778.2
1.4.45851.2
1.4.45851.5
1.4.45874.2
1.4.45961.2
1.4.46000.2
1.4.46178.2
1.4.46178.5
1.4.46528.2
1.4.46528.4
1.4.46614.2
1.4.46745.2
1.4.47017.2
1.4.47017.3
1.4.47566.2
1.4.47566.4
1.4.47887.2
1.4.47887.4
1.4.48151.2
1.4.48151.3
1.4.48198.2
1.4.48203.2
1.4.48394.2
1.4.48394.4
1.4.48455.2
1.4.48455.4
1.4.48519.2
1.4.48519.4
1.4.48596.2
1.4.48596.5
1.4.48955.2
1.4.48955.5
1.4.48989.2
1.4.48989.4
1.4.49089.2
1.4.49373.2
1.4.49373.4
1.4.49499.2
1.4.49519.2
1.4.49595.2
1.4.50400.2
1.4.50400.4
1.4.50837.2
1.4.50837.3
1.4.51094.2
1.4.51761.2
1.4.51761.5
1.4.52084.2
1.4.52084.3
1.4.52590.2
1.4.52590.5
1.4.52665.2
1.4.52665.3
1.4.52758.2
1.4.53010.2
1.4.53032.2
1.4.53063.2
1.4.53063.3
1.4.53065.2
1.4.53065.4
1.4.53147.2
1.4.53254.2
1.4.53254.4
1.4.53466.2
1.4.53466.5
1.4.53526.2
1.4.53526.3
1.4.53574.2
1.4.53688.2
1.4.53688.5
1.4.54001.2
1.4.54001.4
1.4.54401.2
1.4.54401.4
1.4.54778.2
1.4.54791.2
1.4.54950.2
1.4.54951.2
1.4.54951.5
1.4.55006.2
1.4.55086.2
1.4.55406.2
1.4.55429.2
1.4.55429.4
1.4.55472.2
1.4.55496.2
1.4.55496.4
1.4.56021.2
1.4.56246.2
1.4.56246.5
1.4.56370.2
1.4.56373.2
1.4.56373.4
1.4.56382.2
1.4.56510.2
1.4.56637.2
1.4.56637.3
1.4.56714.2
1.4.56714.4
1.4.57105.2
1.4.57121.2
1.4.57294.2
1.4.57301.2
1.4.57301.4
1.4.57445.2
1.4.57753.2
1.4.57753.5
1.4.57849.2
1.4.58124.2
1.4.58124.4
1.4.58188.2
1.4.58337.2
1.4.58567.4.4
1.4.58597.2
1.4.58795.2
1.4.58831.2
1.4.58957.4.1
1.4.59095.2
1.4.59095.4
1.4.59116.2
1.4.59116.5
1.4.59316.3.1
1.4.59408.2
1.4.59408.5
1.4.59694.2
1.4.59694.3
1.4.59967.2
1.4.60121.2
1.4.60121.5
1.4.60521.2
1.4.60521.5
1.4.60655.2
1.4.60655.5
1.4.61112.2
1.4.61112.4
1.4.61450.2
1.4.61557.2
1.4.61557.4
1.4.61762.1
1.4.61762.2
1.4.61762.4
1.4.61832.2
1.4.62443.2
1.4.62547.2
1.4.62717.2
1.4.62717.5
1.4.62723.2
1.4.63043.2
1.4.63043.4
1.4.63467.2
1.4.63467.5
1.4.63544.2
1.4.63764.2
1.4.64055.2
1.4.64055.3
1.4.64061.2
1.4.64061.5
1.4.64590.2
1.4.64590.4
1.4.64656.2
1.4.65311.2
1.4.65576.2
1.4.65738.2
1.4.65738.4
1.4.66139.2
1.4.66526.2
1.4.66650.2
1.4.66679.2
1.4.66679.4
1.4.66960.2
1.4.66960.3
1.4.67032.2
1.4.67032.4
1.4.67069.2
1.4.67469.2
1.4.67469.3
1.4.67603.2
1.4.67603.4
1.4.67714.2
1.4.68313.2
1.4.68313.4
1.4.68603.2
1.4.68603.4
1.4.69640.2
1.4.69640.3
1.4.69650.2
1.4.69693.2
1.4.69798.2
1.4.69845.2
1.4.69845.4
1.4.70033.2
1.4.70033.3
1.4.70071.2
1.4.70071.4
1.4.70238.2
1.4.70411.2
1.4.70411.3
1.4.70577.2
1.4.70577.5
1.4.70827.2
1.4.70827.4
1.4.71811.2
1.4.71912.2
1.4.71912.3
1.4.71960.2
1.4.72108.2
1.4.72308.2
1.4.72401.2
1.4.72508.2
1.4.72544.2
1.4.72864.2
1.4.72864.4
1.4.72889.2
1.4.72889.4
1.4.72984.2
1.4.72984.3
1.4.73035.2
1.4.73035.3
1.4.73082.2
1.4.73082.4
1.4.73731.2
1.4.73771.2
1.4.73853.2
1.4.74438.2
1.4.75012.2
1.4.75248.2
1.4.75248.3
1.4.75514.2
1.4.75742.2
1.4.75742.4
1.4.75927.2
1.4.75969.2
1.4.75994.2
1.4.76039.2
1.4.76039.4
1.4.76129.2
1.4.76342.2
1.4.76646.2
1.4.77006.2
1.4.77011.2
1.4.77011.3
1.4.77190.2
1.4.77190.4
1.4.77277.2
1.4.77277.5
1.4.77335.2
1.4.77335.4
1.4.77425.2
1.4.77425.3
1.4.77542.2
1.4.77582.2
1.4.78107.2
1.4.78107.4
1.4.78207.2
1.4.78207.4
1.4.78450.2
1.4.78558.2
1.4.78851.2
1.4.78851.5
1.4.78857.2
1.4.78857.4
1.4.79090.2
1.4.79336.2
1.4.79399.2
1.4.79553.2
1.4.79623.2
1.4.80110.2
1.4.80175.2
1.4.80193.2
1.4.80748.2
1.4.81058.2
1.4.81058.4
1.4.81065.2
1.4.81183.2
1.4.81183.4
1.4.81253.2
1.4.81423.2
1.4.81586.2
1.4.81586.4
1.4.81836.2
1.4.81836.4
1.4.82112.2
1.4.82112.3
1.4.82333.2
1.4.82560.2
1.4.82586.2
1.4.82871.2
1.4.83107.2
1.4.83107.4
1.4.83165.2
1.4.83176.2
1.4.83176.3
1.4.83508.2
1.4.83508.4
1.4.83838.2
1.4.83838.4
1.4.83861.2
1.4.83861.3
1.4.83954.2
1.4.84063.2
1.4.84063.5
1.4.84394.2
1.4.84618.2
1.4.84618.4
1.4.84619.1
1.4.84619.2
1.4.84619.3
1.4.84764.2
1.4.84764.5
1.4.84765.2
1.4.84765.4
1.4.84931.2
1.4.84931.4
1.4.85003.2
1.4.85003.5
1.4.85392.2
1.4.85392.4
1.4.85436.2
1.4.85621.2
1.4.85633.2
1.4.85845.2
1.4.85845.4
1.4.86017.2
1.4.86188.2
1.4.86292.2
1.4.86292.3
1.4.86705.2
1.4.87217.1
1.4.87217.2
1.4.87318.2
1.4.87318.4
1.4.87324.2
1.4.87328.2
1.4.87362.2
1.4.88097.2
1.4.88168.2
1.4.88168.4
1.4.88417.2
1.4.88483.2
1.4.89195.2
1.4.89195.4
1.4.89318.2
1.4.89318.5
1.4.89324.2
1.4.89324.4
1.4.89497.1
1.4.89497.2
1.4.89497.4
1.4.89698.2
1.4.89698.3
1.4.89889.2
1.4.90451.2
1.4.90451.4
1.4.90534.2
1.4.90534.3
1.4.90829.2
1.4.90872.2
1.4.90872.4
1.4.90890.2
1.4.90890.4
1.4.91162.2
1.4.91198.2
1.4.91373.2
1.4.91373.5
1.4.91412.2
1.4.91412.4
1.4.91662.2
1.4.91909.2
1.4.91909.4
1.4.91948.2
1.4.92031.2
1.4.92431.2
1.4.92607.2
1.4.92607.4
1.4.92810.2
1.4.92810.4
1.4.92927.2
1.4.92973.2
1.4.92973.5
1.4.93032.2
1.4.93032.5
1.4.93094.2
1.4.93094.4
1.4.93789.2
1.4.93809.2
1.4.93809.4
1.4.93931.2
1.4.94460.2
1.4.94474.2
1.4.94474.4
1.4.94565.2
1.4.94565.3
1.4.94624.2
1.4.94673.2
1.4.94802.2
1.4.94860.2
1.4.94860.3
1.4.95048.2
1.4.95257.2
1.4.95344.2
1.4.95439.2
1.4.95626.2
1.4.95626.5
1.4.95674.2
1.4.95714.2
1.4.96012.2
1.4.96012.3
1.4.96040.2
1.4.96040.3
1.4.96058.2
1.4.96120.2
1.4.96120.5
1.4.96267.2
1.4.96267.5
1.4.96479.2
1.4.96758.2
1.4.96758.3
1.4.97164.2
1.4.97254.2
1.4.97254.4
1.4.97368.2
1.4.97377.2
1.4.97377.4
1.4.97381.2
1.4.97381.4
1.4.97681.2
1.4.97735.1
1.4.97735.2
1.4.97735.4
1.4.97756.2
1.4.97858.2
1.4.97858.3
1.4.98405.2
1.4.98728.2
1.4.98741.2
1.4.98822.2
1.4.98822.4
1.4.99257.2
1.4.99756.2
1.4.99794.2
1.4.99850.2
1.4.99857.2
1.4.100204.2
1.4.100204.4
1.4.100575.2
1.4.100575.4
1.4.100835.2
1.4.100835.5
1.4.100950.2
1.4.100950.3
1.4.101100.2
1.4.101224.2
1.4.101224.4
1.4.101345.2
1.4.101345.5
1.4.101444.2
1.4.101444.4
1.4.101488.2
1.4.101961.2
1.4.101961.3
1.4.102125.2
1.4.102166.2
1.4.102537.2
1.4.102770.2
1.4.102807.2
1.4.102807.3
1.4.102901.2
1.4.102901.3
1.4.103043.2
1.4.103192.2
1.4.103476.2
1.4.103476.4
1.4.103573.2
1.4.103707.2
1.4.103707.5
1.4.103730.2
1.4.104107.2
1.4.104107.5
1.4.104222.2
1.4.104405.2
1.4.104442.2
1.4.104596.2
1.4.104678.2
1.4.104831.1
1.4.104831.2
1.4.104831.4
1.4.104959.2
1.4.105009.2
1.4.105009.5
1.4.105756.2
1.4.105756.4
1.4.105898.2
1.4.105898.5
1.4.105944.2
1.4.105976.2
1.4.106014.2
1.4.106014.3
1.4.106114.2
1.4.106454.2
1.4.106454.4
1.4.106833.2
1.4.106833.4
1.4.106840.2
1.4.106840.5
1.4.106848.2
1.4.106876.2
1.4.107049.2
1.4.107200.2
1.4.107585.2
1.4.107585.4
1.4.107887.2
1.4.107887.3
1.4.108236.2
1.4.108236.3
1.4.108462.2
1.4.108763.2
1.4.108791.2
1.4.108791.3
1.4.108970.2
1.4.109019.2
1.4.109019.4
1.4.109193.2
1.4.109437.2
1.4.109532.2
1.4.109532.5
1.4.109894.2
1.4.109894.4
1.4.109943.2
1.4.109943.3
1.4.110070.2
1.4.110070.4
1.4.110152.2
1.4.110163.2
1.4.110427.2
1.4.110677.2
1.4.110677.4
1.4.110718.2
1.4.110718.4
1.4.110771.2
1.4.110771.4
1.4.110810.2
1.4.110810.3
1.4.110906.2
1.4.110906.4
1.4.110913.2
1.4.110933.2
1.4.111220.2
1.4.111220.4
1.4.111691.2
1.4.111691.4
1.4.111772.2
1.4.111917.2
1.4.111919.2
1.4.111919.4
1.4.112013.2
1.4.112618.2
1.4.112730.2
1.4.112827.2
1.4.112881.2
1.4.113219.2
1.4.113219.4
1.4.113227.2
1.4.113227.3
1.4.113269.2
1.4.113667.2
1.4.113922.2
1.4.113922.4
1.4.113982.2
1.4.114016.2
1.4.114016.5
1.4.114037.2
1.4.114037.4
1.4.114046.2
1.4.114046.4
1.4.114142.2
1.4.114162.2
1.4.114162.4
1.4.114232.2
1.4.114875.2
1.4.115305.2
1.4.115305.3
1.4.115400.2
1.4.115400.4
1.4.115854.2
1.4.116082.2
1.4.116145.2
1.4.116145.5
1.4.116208.2
1.4.116208.3
1.4.116354.2
1.4.116354.5
1.4.116405.2
1.4.116539.2
1.4.116866.2
1.4.116866.5
1.4.116872.2
1.4.116929.2
1.4.116929.4
1.4.117085.2
1.4.117162.2
1.4.117537.2
1.4.117786.2
1.4.117957.2
1.4.117957.5
1.4.118341.2
1.4.118341.5
1.4.118674.2
1.4.118855.2
1.4.118894.2
1.4.119146.2
1.4.119146.5
1.4.119253.2
1.4.119295.2
1.4.119295.4
1.4.119462.2
1.4.119462.4
1.4.119564.2
1.4.119564.4
1.4.119597.2
1.4.119626.2
1.4.119766.2
1.4.120653.2
1.4.121115.2
1.4.121348.2
1.4.121459.2
1.4.121459.4
1.4.121578.2
1.4.121936.2
1.4.121936.3
1.4.122081.2
1.4.122081.4
1.4.122231.2
1.4.122231.4
1.4.122514.2
1.4.123136.2
1.4.123136.5
1.4.123328.2
1.4.123416.2
1.4.123457.2
1.4.123457.5
1.4.123880.2
1.4.123880.3
1.4.124282.2
1.4.124816.2
1.4.124816.3
1.4.124818.2
1.4.124818.4
1.4.124834.2
1.4.125053.2
1.4.125198.2
1.4.125278.2
1.4.125278.4
1.4.125299.2
1.4.125299.3
1.4.125415.3.1
1.4.125431.2
1.4.125431.4
1.4.126082.2
1.4.126342.2
1.4.126342.5
1.4.126602.2
1.4.126602.3
1.4.127316.2
1.4.127438.2
1.4.127651.2
1.4.127919.2
1.4.128709.2
1.4.128814.1
1.4.128814.2
1.4.128903.2
1.4.129031.2
1.4.129130.2
1.4.129130.4
1.4.129349.2
1.4.129677.2
1.4.129677.3
1.4.129691.2
1.4.129966.2
1.4.130161.2
1.4.130161.4
1.4.130467.2
1.4.130527.2
1.4.130527.3
1.4.130897.2
1.4.130960.2
1.4.130970.2
1.4.130970.5
1.4.130990.2
1.4.130990.3
1.4.131144.2
1.4.131144.5
1.4.131429.2
1.4.131616.2
1.4.131861.2
1.4.132177.2
1.4.132177.5
1.4.132495.2
1.4.132906.2
1.4.132906.4
1.4.132907.2
1.4.133032.2
1.4.133509.1
1.4.133509.2
1.4.133509.3
1.4.133613.2
1.4.133613.3
1.4.133678.2
1.4.133678.3
1.4.133979.2
1.4.133979.5
1.4.134145.2
1.4.134362.2
1.4.134386.2
1.4.134426.2
1.4.134547.2
1.4.134547.4
1.4.135056.2
1.4.135448.2
1.4.135821.2
1.4.135821.5
1.4.136297.2
1.4.136297.3
1.4.136548.2
1.4.136548.3
1.4.136826.2
1.4.136826.4
1.4.136891.2
1.4.136973.2
1.4.137508.2
1.4.137508.5
1.4.138061.2
1.4.138061.3
1.4.138073.2
1.4.138073.4
1.4.138092.2
1.4.138092.4
1.4.138149.2
1.4.138149.4
1.4.138294.2
1.4.138294.4
1.4.138352.2
1.4.138352.3
1.4.138378.2
1.4.138388.2
1.4.138388.5
1.4.138516.2
1.4.138525.2
1.4.138525.5
1.4.138804.2
1.4.138804.4
1.4.138934.2
1.4.138934.5
1.4.138969.2
1.4.138969.3
1.4.139493.2
1.4.139619.1
1.4.139619.2
1.4.139619.5
1.4.139784.2
1.4.139784.3
1.4.139976.2
1.4.139995.2
1.4.139995.3
1.4.140079.2
1.4.140139.2
1.4.140139.5
1.4.140350.2
1.4.140448.2
1.4.141040.2
1.4.141112.2
1.4.141390.2
1.4.141390.4
1.4.141486.2
1.4.141486.4
1.4.141617.2
1.4.141617.3
1.4.141842.2
1.4.141842.4
1.4.141883.2
1.4.141957.2
1.4.141957.3
1.4.142004.2
1.4.142004.4
1.4.142512.2
1.4.142512.4
1.4.142691.2
1.4.142691.4
1.4.143276.2
1.4.143276.4
1.4.143418.2
1.4.143418.4
1.4.143486.2
1.4.143486.5
1.4.143701.2
1.4.143706.2
1.4.143869.2
1.4.144025.2
1.4.144025.5
1.4.144431.2
1.4.144558.2
1.4.144629.2
1.4.144629.5
1.4.145024.2
1.4.145024.3
1.4.145249.2
1.4.145249.4
1.4.145557.2
1.4.145684.2
1.4.145684.4
1.4.145781.2
1.4.146112.2
1.4.146213.2
1.4.146417.2
1.4.146417.5
1.4.146742.2
1.4.146742.3
1.4.146817.2
1.4.146817.3
1.4.147065.2
1.4.147162.2
1.4.147162.4
1.4.147519.2
1.4.147519.3
1.4.147712.2
1.4.147712.4
1.4.148195.1
1.4.148195.2
1.4.148195.3
1.4.148379.2
1.4.148379.4
1.4.148452.2
1.4.148452.4
1.4.148481.2
1.4.148886.2
1.4.148886.4
1.4.148999.2
1.4.149058.2
1.4.149124.2
1.4.149124.5
1.4.149468.2
1.4.149700.2
1.4.149965.2
1.4.149965.4
1.4.149987.2
1.4.149987.3
1.4.150076.2
1.4.150263.2
1.4.150271.2
1.4.150271.4
1.4.150418.2
1.4.150589.2
1.4.150589.4
1.4.150932.2
1.4.150978.2
1.4.150978.3
1.4.151076.2
1.4.151076.4
1.4.151150.2
1.4.151258.2
1.4.151389.2
1.4.151575.2
1.4.151749.2
1.4.151749.5
1.4.151884.2
1.4.152084.2
1.4.152084.5
1.4.152265.2
1.4.152335.2
1.4.152424.2
1.4.152424.3
1.4.152756.2
1.5.161.12.2.1.14.2
1.5.225.26.2.1.1.1
1.5.404.11.2.1.8.3.8.2
1.5.595.6.2.1
1.5.602.9.2.1.11.4
1.5.780.9.2.1.25.2
1.5.880.10.2.1.1
1.5.1090.8.2.1.2.2.2.2
1.5.1271.15.2.1.7.2.6.3.30
1.5.1340.9.2.1
1.5.1505.23.2.1.3.1.9.4
1.5.1556.6.2.1.6.4.13
1.5.2002.8.2.1
1.5.2128.6.2.1
1.5.2331.5.2.1
1.5.2334.9.2.1.21.4
1.5.2469.7.2.1.2.2
1.5.2471.8.2.1.3.1
1.5.2511.7.2.1.13.1.5.1
1.5.2779.26.2.1.14.3
1.5.2932.18.2.1
1.5.3057.5.2.1
1.5.3261.8.2.1.3.3.26
1.5.3390.10.2.1.1
1.5.3463.28.2.1.3.1.2.9.15
1.5.3609.13.2.1.3
1.5.3634.24.2.1.1.3.10.4.3.11
1.5.3877.8.2.1.1.1.1.1.2.15
1.5.4019.11.2.1.2.3
1.5.4691.5.2.1.1
1.5.4708.7.2.1.13.5.7.3
1.5.4906.7.2.1.10.3.16
1.5.5474.10.2.1
1.5.5660.10.2.1
1.5.5954.9.2.1.2.10.20.4
1.5.6123.14.2.1
1.5.6221.8.2.1.28.1.5.1
1.5.6227.9.2.1.9.1.3.2
1.5.6420.18.2.1.1
1.5.6585.26.2.1.9.1.10.1
1.5.7363.8.2.1.7.1.8
1.5.7373.7.2.1.3.1.7
1.5.7551.11.2.1.8.3.8.2
1.5.7717.6.2.1
1.5.7724.9.2.1.11.4
1.5.8026.10.2.1.1
1.5.8191.5.2.1.2.4
1.5.8250.7.2.1.3.3.5.3
1.5.8428.15.2.1.7.2.6.3.31
1.5.8638.8.2.1.8.3.12.1.11.58
1.5.8693.6.2.1.6.4.13
1.5.8699.7.2.1.23.2.24.7
1.5.9257.7.2.1.5.3.12.1.11
1.5.9271.6.2.1
1.5.9440.6.2.1.4.1.1
1.5.9475.5.2.1
1.5.9478.9.2.1.21.4
1.5.9617.7.2.1.2.2
1.5.9619.8.2.1.3.1
1.5.9659.7.2.1.13.1.5.1
1.5.9903.26.2.1.21.3
1.5.10385.8.2.1.3.3.26
1.5.10506.10.2.1.1
1.5.10712.13.2.1.3
1.5.10737.24.2.1.1.3.10.4.3.15
1.5.10803.12.2.1
1.5.10851.10.2.1
1.5.10963.14.2.1.2.1.20.5.33.7
1.5.10975.6.2.1.1.3
1.5.11653.13.2.1.42.4
1.5.11706.5.2.1.1
1.5.11723.7.2.1.15.1.6.2
1.5.11920.7.2.1.10.3.16
1.5.11977.7.2.1.16.1.2.1
1.5.12072.7.2.1.1.1.1.1
1.5.12487.10.2.1
1.5.12520.8.2.1.3.4.17.6.10
1.5.12672.10.2.1
1.5.13132.20.2.1.3.1.4.3
1.5.13253.8.2.1.28.1.5.1
1.5.13259.9.2.1.9.1.3.2
1.5.13462.18.2.1.1
1.5.13827.10.2.1.6.2
1.5.14426.26.2.1.1.1
1.5.14605.11.2.1.8.3.8.2
1.5.14775.6.2.1
1.5.14782.9.2.1.11.4
1.5.14959.9.2.1.25.2
1.5.14981.6.2.1
1.5.15019.10.2.1
1.5.15062.10.2.1.1
1.5.15141.8.2.1.3.2.26.7
1.5.15470.15.2.1.7.2.6.3.31
1.5.15543.9.2.1
1.5.15706.23.2.1.3.1.9.4
1.5.15758.13.2.1.6.2.24.2.12
1.5.16021.7.2.1.10.3
1.5.16523.6.2.1.4.1.1
1.5.16567.5.2.1
1.5.16570.9.2.1.21.4
1.5.16712.8.2.1.11
1.5.16744.7.2.1.13.1.5.1
1.5.17278.5.2.1
1.5.17416.8.2.1
1.5.17515.16.2.1.4.3.9.1.8
1.5.17586.10.2.1
1.5.17643.10.2.1.1
1.5.17716.28.2.1.3.1.2.9.15
1.5.17765.33.2.1.3.1.1.1
1.5.17841.13.2.1.2
1.5.17861.19.2.1.5.5.12.2.22.21
1.5.17938.12.2.1
1.5.18105.25.2.1.10.1.5.6
1.5.18247.11.2.1.2.3
1.5.18592.5.2.1.15.13.29
1.5.18854.13.2.1.42.4
1.5.18866.23.2.1.2.2.16.1.2
1.5.18916.7.2.1.2.1.4.1
1.5.19103.7.2.1.10.3.16
1.5.19163.7.2.1.13.1.2.1
1.5.19254.7.2.1.1.1.1.1
1.5.19647.26.2.1.9.2.3.1
1.5.19687.24.2.1.31
1.5.19837.10.2.1
1.5.19936.6.2.1.3.3
1.5.20050.9.2.1.7.2.3.5.33
1.5.20353.15.2.1
1.5.20610.7.2.1.8
1.5.21567.8.2.1.7.1.8
1.5.21577.7.2.1.3.1.7
1.5.21748.11.2.1.8.3.8.2
1.5.21929.13.2.1.16.1
1.5.22105.32.2.1.14.2.3.1
1.5.22168.10.2.1
1.5.22211.10.2.1.1
1.5.22290.8.2.1.3.2.26.7
1.5.22378.5.2.1.2.1.1.1.1
1.5.22600.7.2.1.3.4.21.1
1.5.22828.17.2.1.46.1.3.1.2.36
1.5.22893.13.2.1.6.2.24.2.12
1.5.23804.8.2.1.11
1.5.23836.7.2.1.13.1.5.1
1.5.23909.6.2.1
1.5.24493.8.2.1
1.5.24592.16.2.1.4.3.9.1.8
1.5.24710.13.2.1.9.4.61
1.5.24721.9.2.1.6.3.8
1.5.24772.9.2.1.12
1.5.24813.33.2.1.3.1.1.1
1.5.24904.13.2.1.3
1.5.24924.19.2.1.5.5.12.2.22.14
1.5.25001.12.2.1
1.5.25049.10.2.1
1.5.25161.25.2.1.10.1.5.8
1.5.25957.5.2.1.1
1.5.25974.7.2.1.13.5.7.3
1.5.26167.7.2.1.10.3.16
1.5.26228.7.2.1.16.1.2.1
1.5.26321.11.2.1.6.3
1.5.26460.9.2.1.21
1.5.26702.26.2.1.9.2.3.1
1.5.26742.24.2.1.31
1.5.27010.17.2.1.4.2.3.2
1.5.27107.8.2.1.5.1.1.1
1.5.27456.8.2.1.28.1.5.1
1.5.27462.9.2.1.9.1.3.2
1.5.27665.18.2.1.1
1.5.28628.26.2.1.1.1
1.5.28788.11.2.1.8.3.8.2
1.5.28965.6.2.1
1.5.28972.9.2.1.11.4
1.5.29149.9.2.1.25.2
1.5.29207.10.2.1
1.5.29250.10.2.1.1
1.5.29415.24.2.1.2.2.44.1
1.5.29463.8.2.1.2.2.2.2
1.5.29884.9.2.1.14.5
1.5.29936.13.2.1.6.2.24.2.12
1.5.30212.7.2.1.10.3
1.5.30408.8.2.1
1.5.30534.6.2.1
1.5.30727.10.2.1.20.3.12
1.5.30904.7.2.1.2.2
1.5.30906.8.2.1.3.1
1.5.30951.7.2.1.8.1.5.1
1.5.31611.8.2.1
1.5.31707.8.2.1.3.3.26
1.5.31777.10.2.1
1.5.31835.13.2.1.9.4.61
1.5.31846.9.2.1.6.3.8
1.5.31897.28.2.1.3.1.2.12.16
1.5.32041.13.2.1.3
1.5.32066.24.2.1.1.3.10.4.3.11
1.5.32132.12.2.1
1.5.32180.10.2.1
1.5.32295.25.2.1.10.1.5.6
1.5.33040.8.2.1.28.7.31
1.5.33078.5.2.1.1
1.5.33095.7.2.1.13.5.7.3
1.5.33360.7.2.1.16.1.2.1
1.5.33847.26.2.1.9.2.3.1
1.5.33887.24.2.1.31
1.5.34034.10.2.1
1.5.34068.15.2.1.21.10.14.4.8
1.5.34120.12.2.1.3.3
1.5.34329.9.2.1.2.10.20.4
1.5.34601.8.2.1.28.1.5.1
1.5.34607.9.2.1.9.1.3.2
1.5.34745.6.2.1
1.5.34815.10.2.1
1.5.34836.7.2.1.37
1.5.35838.26.2.1.1.1
1.5.35936.8.2.1.12.1.5.1
1.5.36010.11.2.1.8.3.8.2
1.5.36171.6.2.1
1.5.36178.9.2.1.11.4
1.5.36342.32.2.1.14.2.3.1
1.5.36447.10.2.1.1
1.5.36840.15.2.1.7.2.6.3.31
1.5.36909.9.2.1
1.5.37074.23.2.1.3.1.9.4
1.5.37126.13.2.1.6.2.24.2.12
1.5.37560.8.2.1
1.5.37808.28.2.1
1.5.37864.10.2.1.20.3.12
1.5.37903.5.2.1
1.5.37906.9.2.1.21.4
1.5.38048.8.2.1.11
1.5.38080.7.2.1.13.1.5.1
1.5.38821.16.2.1.4.3.9.1.8
1.5.38892.10.2.1
1.5.38946.16.2.1.9.3.5.1.3
1.5.38957.9.2.1.6.3.8
1.5.39050.33.2.1.3.1.1.1
1.5.39164.24.2.1.1.3.10.4.3.12
1.5.39228.12.2.1
1.5.39276.10.2.1
1.5.39392.25.2.1.10.1.5.6
1.5.40093.13.2.1.42.4
1.5.40105.23.2.1.2.2.16.1.2
1.5.40150.8.2.1.4.1.70.3
1.5.40500.7.2.1.1.1.1.1
1.5.40903.10.2.1
1.5.40931.8.2.1.3.4.17.6.31
1.5.41083.10.2.1
1.5.41171.6.2.1.3.3
1.5.41644.8.2.1.28.1.5.1
1.5.41650.9.2.1.9.1.3.2
1.5.41788.6.2.1
1.5.41858.10.2.1
1.5.41879.7.2.1.37
1.5.42255.10.2.1.6.2
1.5.42865.8.2.1.7.1.8
1.5.42875.7.2.1.3.1.7
1.5.42969.11.2.1.31.2
1.5.43057.11.2.1.8.3.8.2
1.5.43246.6.2.1
1.5.43253.9.2.1.11.4
1.5.43423.32.2.1.14.2.3.1
1.5.43450.6.2.1
1.5.43530.10.2.1.1
1.5.43613.8.2.1.3.2.26.7
1.5.43696.5.2.1.2.1.1.1.1
1.5.43920.7.2.1.4.4.14.1
1.5.44153.17.2.1.46.1.3.1.2.60
1.5.44219.6.2.1.6.4.13
1.5.44225.7.2.1.23.2.24.7
1.5.44807.6.2.1
1.5.45145.7.2.1.2.2
1.5.45147.8.2.1.3.1
1.5.45187.7.2.1.13.1.5.1
1.5.45596.18.2.1
1.5.45714.5.2.1
1.5.45847.8.2.1
1.5.45940.8.2.1.3.3.26
1.5.46058.16.2.1.9.3.5.1.3
1.5.46069.9.2.1.6.3.8
1.5.46263.13.2.1.3
1.5.46283.19.2.1.5.5.12.2.22.14
1.5.46360.12.2.1
1.5.46408.10.2.1
1.5.46529.25.2.1.10.1.5.8
1.5.47041.17.2.1.4.1.1.1.2
1.5.47334.5.2.1.1
1.5.47351.7.2.1.13.5.7.3
1.5.47529.8.2.1.4.2.7.1.51
1.5.47593.7.2.1.13.1.2.1
1.5.48103.10.2.1
1.5.48133.24.2.1.39
1.5.48719.20.2.1.3.1.4.3
1.5.49038.10.2.1
1.5.49059.7.2.1.37
1.5.50023.8.2.1.7.1.8
1.5.50033.7.2.1.3.1.7
1.5.50204.11.2.1.8.3.8.2
1.5.50406.6.2.1
1.5.50413.9.2.1.11.4
1.5.50591.9.2.1.25.2
1.5.50691.10.2.1.1
1.5.51291.6.2.1.1.1
1.5.51351.6.2.1.6.4.13
1.5.51357.7.2.1.23.2.24.7
1.5.51615.7.2.1.10.3
1.5.51953.6.2.1
1.5.52124.10.2.1.20.3.12
1.5.52304.7.2.1.2.2
1.5.52306.8.2.1.3.1
1.5.52346.7.2.1.13.1.5.1
1.5.52889.5.2.1
1.5.53029.8.2.1
1.5.53105.16.2.1.4.3.9.1.8
1.5.53292.28.2.1.3.1.2.9.15
1.5.53341.33.2.1.3.1.1.1
1.5.53450.24.2.1.1.3.10.4.3.13
1.5.53514.12.2.1
1.5.53562.10.2.1
1.5.53683.25.2.1.10.1.5.6
1.5.53825.11.2.1.2.3
1.5.54168.17.2.1.4.1.1.1.2
1.5.54442.20.2.1.1
1.5.54494.7.2.1.11.1.1.1
1.5.54688.7.2.1.10.3.24
1.5.55238.26.2.1.9.2.3.1
1.5.55269.12.2.1
1.5.55418.10.2.1
1.5.55621.9.2.1.7.2.3.5.33
1.5.55646.8.2.1.5.1.1.1
1.5.55868.20.2.1.3.1.4.3
1.5.55929.15.2.1
1.5.55984.8.2.1.28.1.5.1
1.5.55990.9.2.1.9.1.3.2
1.5.56193.18.2.1.1
1.5.56354.26.2.1.9.1.10.1
1.5.57164.26.2.1.1.1
1.5.57268.8.2.1.12.1.5.1
1.5.57342.11.2.1.8.3.8.2
1.5.57511.6.2.1
1.5.57518.9.2.1.11.4
1.5.57742.10.2.1
1.5.57785.10.2.1.1
1.5.58168.7.2.1.4.4.14.1
1.5.58412.23.2.1.3.1.9.4
1.5.58476.6.2.1.10.4.14
1.5.58744.7.2.1.10.3
1.5.58948.8.2.1
1.5.59074.6.2.1
1.5.59291.5.2.1
1.5.59294.9.2.1.21.4
1.5.59436.8.2.1.11
1.5.59468.7.2.1.13.1.5.1
1.5.60010.5.2.1
1.5.60143.8.2.1
1.5.60230.8.2.1.3.3.26
1.5.60348.16.2.1.9.3.5.1.3
1.5.60359.9.2.1.6.3.8
1.5.60406.9.2.1.12
1.5.60554.13.2.1.3
1.5.60574.19.2.1.5.5.12.2.22.34
1.5.60662.12.2.1
1.5.60831.25.2.1.10.1.5.6
1.5.61544.20.2.1.1
1.5.61590.8.2.1.4.1.70.3
1.5.61797.7.2.1.10.3.24
1.5.61858.7.2.1.16.1.2.1
1.5.61949.7.2.1.13.4
1.5.62360.26.2.1.9.2.3.1
1.5.62391.12.2.1
1.5.62549.10.2.1
1.5.62644.12.2.1.3.3
1.5.62852.9.2.1.2.10.20.4
1.5.62901.8.2.1.7.12.18
1.5.63105.9.2.1.20.4.49.8
1.5.63136.8.2.1.28.1.5.1
1.5.63142.9.2.1.9.1.3.2
1.5.63280.6.2.1
1.5.63350.10.2.1
1.5.63371.7.2.1.37
1.5.63748.8.2.1
1.5.64377.26.2.1.1.1
1.5.64482.11.2.1.31.2
1.5.64570.11.2.1.8.3.8.2
1.5.64730.13.2.1.16.1
1.5.64919.9.2.1.25.2
1.5.65012.10.2.1.1
1.5.65238.8.2.1.2.5.9.5
1.5.65504.9.2.1
1.5.65728.10.2.1.16.1
1.5.66194.8.2.1
1.5.66320.6.2.1
1.5.66648.7.2.1.2.2
1.5.66650.8.2.1.3.1
1.5.66690.7.2.1.13.1.5.1
1.5.67228.5.2.1
1.5.67364.8.2.1
1.5.67460.8.2.1.3.3.26
1.5.67578.16.2.1.9.3.5.1.3
1.5.67589.9.2.1.6.3.8
1.5.67785.13.2.1.3
1.5.67810.24.2.1.1.3.10.4.3.13
1.5.67874.12.2.1
1.5.68049.8.2.1.1.1.1.1.2.15
1.5.68535.17.2.1.4.1.1.1.2
1.5.68761.13.2.1.42.4
1.5.68773.23.2.1.2.2.16.1.2
1.5.68818.8.2.1.4.1.70.3
1.5.69072.7.2.1.16.1.2.1
1.5.69319.9.2.1.21
1.5.69572.10.2.1
1.5.69592.16.2.1.2.1.3.1.7
1.5.69741.10.2.1
1.5.70048.9.2.1.2.10.20.4
1.5.70262.15.2.1
1.5.70320.8.2.1.28.1.5.1
1.5.70326.9.2.1.9.1.3.2
1.5.70464.6.2.1
1.5.70534.10.2.1
1.5.70555.7.2.1.37
1.5.70922.10.2.1.6.2
1.5.71538.26.2.1.1.1
1.5.71703.11.2.1.8.3.8.2
1.5.71893.13.2.1.16.1
1.6.662.8.2.1.25.4
1.6.676.8.2.1.4.4.9.4.23
1.6.945.8.2.1.9.3
1.6.1106.8.2.1.5.1.1.4
1.6.1227.8.2.1.21.7.20.2
1.6.1442.8.2.1.3
1.6.1588.8.2.1.8
1.6.1775.8.2.1.2
1.6.1915.8.2.1.4.5
1.6.2025.8.2.1
1.6.2045.8.2.1
1.6.2050.8.2.1.1
1.6.2556.8.2.1.8.1
1.6.2582.8.2.1
1.6.2962.8.2.1.2
1.6.3114.8.2.1
1.6.3352.8.2.1.5.5
1.6.3384.8.2.1.8
1.6.3441.8.2.1.17.2
1.6.3496.8.2.1.4.1
1.6.3662.8.2.1.16.3
1.6.4313.8.2.1
1.6.4565.8.2.1.7
1.6.4860.8.2.1.9.3
1.6.4932.8.2.1.3.1
1.6.5450.8.2.1.21.3.10
1.6.5625.8.2.1.6.2.10.2
1.6.5680.8.2.1.4.1.4.6.10
1.6.5716.8.2.1
1.6.5769.8.2.1.5.1.2.2
1.6.5860.8.2.1.2.1.3.3.59
1.6.5894.8.2.1.1
1.6.5934.8.2.1.8.2.3.2
1.6.6207.8.2.1.6.2.6.3
1.6.6256.8.2.1.6.1.16.1
1.6.6339.8.2.1.4.4.21.9
1.6.6393.8.2.1
1.6.6404.8.2.1.4.2.8.2.7
1.6.6472.8.2.1.1.1
1.6.6489.8.2.1.3
1.6.7222.8.2.1.8.3
1.6.7374.8.2.1.18
1.6.7479.8.2.1.4
1.6.8057.8.2.1.9.5
1.6.8234.8.2.1.2.1.8.2
1.6.8756.8.2.1.15.5
1.6.8830.8.2.1.6.4
1.6.8844.8.2.1.4.4.9.4.16
1.6.9118.8.2.1.6.3.23.5
1.6.9375.8.2.1.2.1
1.6.9424.8.2.1.24.2.42.5
1.6.9466.8.2.1.2.1
1.6.9650.8.2.1.3
1.6.9795.8.2.1.11.2.9
1.6.10004.8.2.1.13.2.12.2
1.6.10154.8.2.1.4.5
1.6.10258.8.2.1
1.6.10278.8.2.1
1.6.10283.8.2.1.1
1.6.10813.8.2.1
1.6.11194.8.2.1.2
1.6.11346.8.2.1.14.6.10
1.6.11585.8.2.1.15.1.9.3.10.8
1.6.11623.8.2.1.8
1.6.11680.8.2.1.17.2
1.6.11720.8.2.1.4.1
1.6.11878.8.2.1.16.3
1.6.12781.8.2.1
1.6.12801.8.2.1.7
1.6.13101.8.2.1.9.3
1.6.13173.8.2.1.3.1
1.6.13670.8.2.1.21.3.10
1.6.13830.8.2.1.41.1.4.2.10.1
1.6.13883.8.2.1.4.1.4.6.5
1.6.13971.8.2.1.5.1.2.2
1.6.14094.8.2.1.1
1.6.14134.8.2.1.8.2.3.2
1.6.14197.8.2.1.2.2.18.5.4
1.6.14212.8.2.1.3.1
1.6.14462.8.2.1.6.1.16.1
1.6.14548.8.2.1.4.4.21.9
1.6.14599.8.2.1
1.6.14610.8.2.1.4.2.8.2.7
1.6.14689.8.2.1.13.1.1.1
1.6.14720.8.2.1.2.1.11
1.6.14726.8.2.1.16.3.13
1.6.15312.8.2.1.29.1
1.6.15453.8.2.1.8.3
1.6.15605.8.2.1.18
1.6.15717.8.2.1.7
1.6.15850.8.2.1.5.1.9
1.6.16054.8.2.1.4.3
1.6.16458.8.2.1.6.3.13.1.48.43
1.6.16996.8.2.1.15.5
1.6.17144.8.2.1
1.6.17325.8.2.1.7.1.24.5
1.6.17386.8.2.1
1.6.17389.8.2.1.6.3.11
1.6.17580.8.2.1.2.1
1.6.17629.8.2.1.24.2.42.5
1.6.17669.8.2.1.2.1
1.6.17871.8.2.1.3
1.6.18018.8.2.1.11.2.9
1.6.18361.8.2.1.4.5
1.6.18455.8.2.1
1.6.18475.8.2.1
1.6.18480.8.2.1.1
1.6.18807.8.2.1.13.7
1.6.19392.8.2.1.1.2.3.1
1.6.19419.8.2.1.2
1.6.19569.8.2.1.14.6.10
1.6.19843.8.2.1.8
1.6.20064.8.2.1.16.3
1.6.21277.8.2.1.9.3
1.6.21561.8.2.1
1.6.22008.8.2.1.26.5.24.1.29.19
1.6.22065.8.2.1.4.1.4.6.10
1.6.22153.8.2.1.5.1.2.2
1.6.22278.8.2.1.1
1.6.22618.8.2.1.10.3
1.6.22658.8.2.1.6.1.16.1
1.6.22741.8.2.1.4.4.21.9
1.6.22793.8.2.1
1.6.22804.8.2.1.4.2.8.2.7
1.6.22900.8.2.1.2.1.11
1.6.22906.8.2.1.16.3.13
1.6.23628.8.2.1.49.2.16
1.6.23784.8.2.1.11
1.6.23878.8.2.1.19
1.6.24094.8.2.1.7.1
1.6.25166.8.2.1.15.5
1.6.25242.8.2.1.5.2.4.1
1.6.25511.8.2.1.7.1.24.5
1.6.26040.8.2.1.3
1.6.26189.8.2.1.8
1.6.26387.8.2.1.22.3
1.6.26519.8.2.1.4.5
1.6.26629.8.2.1
1.6.26649.8.2.1
1.6.26654.8.2.1.1
1.6.26715.8.2.1
1.6.26982.8.2.1.4.3
1.6.27605.8.2.1.2
1.6.27750.8.2.1
1.6.27824.8.2.1.16
1.6.28044.8.2.1.8
1.6.28101.8.2.1.17.2
1.6.28156.8.2.1.4.1
1.6.28326.8.2.1.16.3
1.6.28514.8.2.1
1.6.29233.8.2.1.3
1.6.29259.8.2.1.4.2
1.6.29278.8.2.1.7
1.6.29589.8.2.1.9.3
1.6.29661.8.2.1.3.1
1.6.29869.8.2.1
1.6.30319.8.2.1.6.2.10.2
1.6.30374.8.2.1.4.1.4.6.10
1.6.30458.8.2.1.5.1.2.2
1.6.30570.8.2.1.1
1.6.30610.8.2.1.8.2.3.2
1.6.30673.8.2.1.2.2.18.5.4
1.6.31017.8.2.1.4.4.21.9
1.6.31069.8.2.1
1.6.31080.8.2.1.4.2.8.2.7
1.6.31190.8.2.1.2.1.11
1.6.31196.8.2.1.16.3.13
1.6.31394.8.2.1.22.5.7.2
1.6.31741.8.2.1
1.6.32048.8.2.1.18
1.6.32153.8.2.1.4
1.6.33420.8.2.1.15.5
1.6.33765.8.2.1.9.3
1.6.33928.8.2.1
1.6.34002.8.2.1.11.3
1.6.34058.8.2.1.11.2.39.3
1.6.34098.8.2.1.2.1
1.6.34276.8.2.1.3
1.6.34425.8.2.1.8
1.6.34745.8.2.1.4.5
1.6.34859.8.2.1.2
1.6.35070.8.2.1.20.4.14.1
1.6.35579.8.2.1
1.6.35809.8.2.1.2
1.6.35953.8.2.1.14.6.10
1.6.36017.8.2.1.3.3.53
1.6.36189.8.2.1.5.5
1.6.36221.8.2.1.8
1.6.36308.8.2.1.4.1
1.6.36474.8.2.1.16.3
1.6.36690.8.2.1
1.6.37388.8.2.1.3
1.6.37411.8.2.1
1.6.37745.8.2.1.9.3
1.6.38036.8.2.1
1.6.38326.8.2.1.21.3.10
1.6.38495.8.2.1.6.2.10.2
1.6.38545.8.2.1.4.1.4.6.19
1.6.38586.8.2.1
1.6.38639.8.2.1.5.1.2.2
1.6.38749.8.2.1.1
1.6.39123.8.2.1.6.1.16.1
1.6.39344.8.2.1.13.1.1.1
1.6.39375.8.2.1.2.1.11
1.6.39381.8.2.1.16.3.13
1.6.40284.8.2.1.11
1.6.40391.8.2.1.4
1.6.40597.8.2.1.7.1
1.6.41182.8.2.1.7.4.8.1.8.10
1.6.41693.8.2.1.15.5
1.6.41761.8.2.1.6.4
1.6.41775.8.2.1.4.4.9.4.16
1.6.42045.8.2.1.9.3
1.6.42107.8.2.1.5
1.6.42337.8.2.1.24.2.42.5
1.6.42377.8.2.1.2.1
1.6.42587.8.2.1.3
1.6.42956.8.2.1.1.1.29.2
1.6.42966.8.2.1.2.1.1
1.6.43091.8.2.1.4.5
1.6.43198.8.2.1
1.6.43218.8.2.1
1.6.43223.8.2.1.1
1.6.43284.8.2.1
1.6.43394.8.2.1.23.6
1.6.44153.8.2.1.2
1.6.44307.8.2.1.14.6.10
1.6.44538.8.2.1.15.1.9.3.10.8
1.6.44576.8.2.1.8
1.6.44633.8.2.1.17.2
1.6.44688.8.2.1.4.1
1.6.44846.8.2.1.16.3
1.6.45047.8.2.1
1.6.45730.8.2.1.44.1.4.2
1.6.46058.8.2.1.9.3
1.6.46342.8.2.1
1.6.46614.8.2.1.21.3.10
1.6.46780.8.2.1.41.1.4.2.10.1
1.6.46833.8.2.1.4.1.4.6.19
1.6.46913.8.2.1.5.1.2.2
1.6.47032.8.2.1.1
1.6.47072.8.2.1.8.2.3.2
1.6.47491.8.2.1.4.4.21.9
1.6.47618.8.2.1.13.1.1.1
1.6.47649.8.2.1.2.1.11
1.6.47655.8.2.1.16.3.13
1.6.48509.8.2.1.18
1.6.48619.8.2.1.7
1.6.49354.8.2.1.7.4.8.1.8.8
1.6.49755.8.2.1.16.4
1.6.49766.8.2.1.12.4
1.6.49883.8.2.1.15.5
1.6.50212.8.2.1.7.1.24.5
1.6.50512.8.2.1.21.7.22.2
1.6.50552.8.2.1.2.1
1.6.50740.8.2.1.3
1.6.50775.8.2.1.6.2.2.1
1.6.50820.8.2.1.1.1
1.6.50875.8.2.1.11.2.9
1.6.51208.8.2.1.4.5
1.6.51312.8.2.1
1.6.51332.8.2.1
1.6.51337.8.2.1.1
1.6.51543.8.2.1.20.4.14.1
1.6.51652.8.2.1.4.3
1.6.51881.8.2.1
1.6.52399.8.2.1.14.6.10
1.6.52472.8.2.1.16
1.6.52642.8.2.1.15.1.9.3.10.8
1.6.52680.8.2.1.8
1.6.52766.8.2.1.4.1
1.6.52931.8.2.1.16.3
1.6.53307.8.2.1.5.3
1.6.53842.8.2.1.3
1.6.53865.8.2.1
1.6.54211.8.2.1.9.3
1.6.54483.8.2.1
1.6.54912.8.2.1.6.2.10.2
1.6.54968.8.2.1.4.1.4.6.10
1.6.55056.8.2.1.5.1.2.2
1.6.55218.8.2.1.8.2.3.2
1.6.55281.8.2.1.2.2.18.5.4
1.6.55548.8.2.1.6.1.16.1
1.6.55634.8.2.1.4.4.21.9
1.6.55685.8.2.1
1.6.55696.8.2.1.4.2.8.2.7
1.6.55792.8.2.1.2.1.11
1.6.55798.8.2.1.16.3.13
1.6.55879.8.2.1.1.1.9.8
1.6.56670.8.2.1.11
1.6.56782.8.2.1.7
1.6.57021.8.2.1.17.3
1.6.57376.8.2.1.9.5
1.6.57558.8.2.1.6.3.13.1.48.11
1.6.58089.8.2.1.15.5
1.6.58165.8.2.1.4.5
1.6.58185.8.2.1.4.2
1.6.58417.8.2.1.7.1.60.5
