1.1.1.10.24.2.6.7.6.1.5
1.1.1.184.19.2.29.13
1.1.1.214.5.1.2.1.5
1.1.1.226.5.1.2.9.10
1.1.1.341.45.1.12.4
1.1.1.356.15.3.6.10.5.1.12
1.1.1.368.59.1.10
1.1.1.401.5.1.11.9.13.1.2
1.1.1.405.9.1.5
1.1.1.428.5.1
1.1.1.560.5.1
1.1.1.676.5.1.1.1.36
1.1.1.692.14.2.14.6.8.3
1.1.1.692.14.2.16.2
1.1.1.752.8.1.33.6
1.1.1.941.6
1.1.1.1022.16.2.20.1.1.7.10
1.1.1.1028.15.1.6.5
1.1.1.1070.10.1.4
1.1.1.1093.15.2.6.5.32
1.1.1.1134.15.3
1.1.1.1163.5.1.2.2
1.1.1.1192.30.1.11.10
1.1.1.1351.5.1.2
1.1.1.1407.14.1.5
1.1.1.1429.23.1.10.5
1.1.1.1445.5.1.1.2.3.1
1.1.1.1451.5.1.2.3.6.3
1.1.1.1479.9.1.4.1
1.1.1.1534.5.1.6
1.1.1.1666.8.2.4.1
1.1.1.1709.5.1.4.3.10.2
1.1.1.1727.5.1.7.1.7
1.1.1.1763.10.1.9.7
1.1.1.1835.18.2
1.1.1.1841.17.2.17
1.1.1.1917.5.1.2.2.44
1.1.1.2019.13.1.12.5
1.1.1.2138.27.4.26
1.1.1.2149.15.2.11.1.41.3.2
1.1.1.2150.5.1.12.2.47.3
1.1.1.2207.5.1.5.3.1.5
1.1.1.2212.5.1.1.1.8
1.1.1.2219.15.3.11.8.10.6.19
1.1.1.2226.9.1.7
1.1.1.2235.5.1.3.1.7.1
1.1.1.2253.30.2.8
1.1.1.2453.5.1
1.1.1.2575.11.1.14.4
1.1.1.2585.12.1.9
1.1.1.2752.13.3.15
1.1.1.2834.13.1.4.3
1.1.1.2886.23.1.35
1.1.1.2892.5.1.25
1.1.1.2912.5.1.1.1
1.1.1.2945.5.1.2
1.1.1.3029.3
1.1.1.3085.5.1.1
1.1.1.3109.30.3.41.1.15
1.1.1.3241.24.3.10.6
1.1.2.3304.5.1.7.1.2
1.1.2.3820.17.1.8.6
1.1.2.3986.21.2.18.17
1.1.2.3996.18.1.8
1.1.2.4017.5.1.3
1.1.2.4030.5.1.9.1.1.1
1.1.2.4037.43.2
1.1.2.4291.12.1.4
1.1.2.4330.5.1.2.2.4.1.9
1.1.2.4365.19
1.1.2.4455.5.1.1.1.2
1.1.2.4455.9.1.6.4
1.1.2.4471.5.1
1.1.2.4500.5.1.2.1
1.1.2.4676.5.1.7.1.1.5
1.1.2.4678.5.1.16.5
1.1.2.4688.9.1.5
1.1.2.4715.5.1.3.3.29
1.1.2.4715.5.1.3.3.30
1.1.2.4838.10.1.64.2
1.1.2.4923.11.2.4.1
1.1.2.4944.15.2
1.1.2.4974.14.3
1.1.2.5052.24.2.16.1.1.1
1.1.2.5357.5.1
1.1.2.5375.3
1.1.2.5647.11.2.8
1.1.2.5716.3
1.1.2.5729.5.1.33.7.11.2.2
1.1.2.5754.19.3.10.10.2
1.1.2.5772.3
1.1.2.5801.5.1.11.9.13.1.2
1.1.2.5805.9.1.5
1.1.2.5887.13.4
1.1.2.5951.5.1
1.1.2.6066.5.1.1.1.36
1.1.2.6082.14.2.14.6.8.3
1.1.2.6082.14.2.16.2
1.1.2.6140.13.2.11
1.1.2.6149.5.1.1
1.1.2.6275.5.1.21.2.21.7
1.1.2.6325.6
1.1.2.6422.9.2.9.8
1.1.2.6453.12.1.16
1.1.2.6468.10.1.4
1.1.2.6491.15.2.6.5.32
1.1.2.6526.15.3
1.1.2.6555.5.1.2.2
1.1.2.6584.30.1.11.10
1.1.2.6734.26.3.9.4.10
1.1.2.6788.26.1.11
1.1.2.6807.15.2.28.24
1.1.2.6819.13.2.10.4
1.1.2.6903.5.1.6
1.1.2.7036.31.4.9.10.11.4.36.9
1.1.2.7078.25.2.15.11
1.1.2.7100.5.1.3.1.15
1.1.2.7147.10.1.9.7
1.1.2.7219.18.2
1.1.2.7225.17.2.17
1.1.2.7319.5.1.3.1.18
1.1.2.7406.13.1.12.5
1.1.2.7462.13.2.8.1.3
1.1.2.7526.27.4.26
1.1.2.7537.15.2.11.1.41.3.2
1.1.2.7538.5.1.12.2.47.3
1.1.2.7595.5.1.5.3.1.5
1.1.2.7600.5.1.1.1.8
1.1.2.7607.15.3.11.8.10.6.19
1.1.2.7614.9.1.7
1.1.2.7726.5.1.40
1.1.2.7853.5.1.1
1.1.2.7983.12.1.9
1.1.2.8148.5.1.11.4.50.1.3
1.1.2.8189.5.1.1
1.1.2.8226.13.1.4.3
1.1.2.8278.23.1.35
1.1.2.8281.10.1.10.2
1.1.2.8308.5.1.26.1.2.1
1.1.2.8318.5.1.3.2
1.1.2.8339.5.1.2
1.1.2.8386.26.2.18
1.1.2.8423.3
1.1.2.8479.5.1.1
1.1.2.8503.30.3.41.1.15
1.1.2.8615.5.1.1
1.1.2.8640.22.3.18.1.1
1.1.2.8715.8.2.11.4
1.1.2.8886.5.1
1.1.2.9082.9.1.5
1.1.2.9085.8.1.12.5
1.1.2.9243.17.1.8.6
1.1.2.9271.5.1.3.1
1.1.2.9323.28.1.10
1.1.2.9346.21.2.14.1.2.5.11
1.1.2.9410.21.2.18.17
1.1.2.9420.18.1.8
1.1.2.9439.12.1.8.7
1.1.2.9453.19.3.5.2.17
1.1.2.9471.5.1
1.1.2.9744.5.1.6
1.1.2.9751.5.1.5.1.9
1.1.2.9807.3
1.1.2.9810.5.1.22.17.29
1.1.2.9854.39.2
1.1.2.9879.72.2.4.2
1.1.2.9905.3
1.1.2.10126.5.1.7.1.1.10
1.1.2.10128.5.1.16.5
1.1.2.10141.10.1.17.4
1.1.2.10164.5.1.12.2
1.1.2.10180.6
1.1.2.10180.10.2.27.7
1.1.2.10180.10.2.27.8
1.1.2.10312.10.1.64.2
1.1.2.10387.9.2.9
1.1.2.10415.15.2
1.1.2.10525.5.1
1.1.2.10537.24.2.16.1.1.1
1.1.2.10701.5.1.2
1.1.2.10705.5.1
1.1.2.10713.8.1.7
1.1.2.10846.5.1
1.1.2.10864.3
1.1.2.10936.18.5.6.1.24.7
1.1.2.11049.19.2.29.13
1.1.2.11079.5.1.2.1.5
1.1.2.11092.5.1.12
1.1.2.11213.45.1.12.4
1.1.2.11229.17.1.6.2
1.1.2.11247.14.2.10.8
1.1.2.11375.13.4
1.1.2.11439.5.1
1.1.2.11562.5.1.1.1.36
1.1.2.11578.14.2.14.6.8.3
1.1.2.11578.14.2.16.2
1.1.2.11638.8.1.33.6
1.1.2.11651.20.1.20
1.1.2.11660.5.1
1.1.2.11671.5.1.2.3
1.1.2.11752.5.1.21.2.19.7
1.1.2.11865.16.2.20.1.1.7.10
1.1.2.11871.15.1.6.5
1.1.2.11876.9.2.9.8
1.1.2.11918.5.1.2.1.2.2
1.1.2.11940.15.2.6.5.25
1.1.2.11979.15.3
1.1.2.12008.5.1.2.2
1.1.2.12036.30.1.11.10
1.1.2.12190.5.1.2
1.1.2.12260.15.2.18.15
1.1.2.12272.13.2.10.4
1.1.2.12364.5.1.6
1.1.2.12549.5.1.8.1.19
1.1.2.12596.10.1.9.7
1.1.2.12666.18.2
1.1.2.12672.17.2.17
1.1.2.12848.10.2.4
1.1.2.12890.12.2.9.2
1.1.2.12946.27.4.26
1.1.2.12957.15.2.11.1.41.3.2
1.1.2.12958.5.1.12.2.47.3
1.1.2.13002.5.1
1.1.2.13015.15.2.19.23.9.1.1
1.1.2.13021.21.2.12.34
1.1.2.13023.11.1.21
1.1.2.13026.5.1.1.47.39.7.19
1.1.2.13033.9.1.7
1.1.2.13042.5.1.3.1.7.1
1.1.2.13060.30.2.8
1.1.2.13148.5.1.1.2.3.2
1.1.2.13188.6
1.1.2.13271.5.1
1.1.2.13372.5.1.13.2.7
1.1.2.13404.9.5.8
1.1.2.13408.9.1.4
1.1.2.13533.13.3.15
1.1.2.13614.13.1.4.3
1.1.2.13666.23.1.35
1.1.2.13669.10.1.10.2
1.1.2.13821.3
1.1.2.13877.5.1.1
1.1.2.13901.30.3.41.1.15
1.1.2.14022.37.2.8.13
1.1.2.14044.31.2
1.1.2.14077.5.1
1.1.2.14101.5.1.3.3.25
1.1.2.14148.29.1.4
1.1.2.14271.5.1
1.1.2.14378.12
1.1.2.14637.17.1.8.6
1.1.2.14779.21.2.18.17
1.1.2.14789.18.1.8
1.1.2.14809.12.1.8.7
1.1.2.14823.19.3.5.2.17
1.1.2.14841.5.1
1.1.2.15126.5.1.6
1.1.2.15133.5.1.5.1.9
1.1.2.15189.3
1.1.2.15192.5.1.22.17.29
1.1.2.15236.39.2
1.1.2.15259.5.1.1.1.2
1.1.2.15259.9.1.6.4
1.1.2.15290.3
1.1.3.15505.5.1.8.1.1.9
1.1.3.15507.5.1.17.5
1.1.3.15520.10.1.17.4
1.1.3.15543.5.1.12.2
1.1.3.15559.6
1.1.3.15559.10.2.27.7
1.1.3.15559.10.2.27.8
1.1.3.15608.17.2.4
1.1.3.15671.3
1.1.3.15693.22.2.5
1.1.3.15727.5.1.3.2.6.1.35
1.1.3.15776.11.2.4.1
1.1.3.15797.27.2.8
1.1.3.15801.28.1.16.8
1.1.3.15890.5.1.1.1
1.1.3.16063.5.1.2
1.1.3.16067.5.1
1.1.3.16075.19.1.4.4
1.1.3.16191.5.1
1.1.3.16208.5.1.6.4.35.7.14
1.1.3.16386.19.2.29.13
1.1.3.16416.5.1.2.1.5
1.1.3.16429.5.1.2.9.10
1.1.3.16552.5.1.7.10.5.4.6
1.1.3.16574.17.2.8.7
1.1.3.16592.20.2
1.1.3.16628.5.1.11.9.13.1.3
1.1.3.16634.5.1.2.1.5.2
1.1.3.16635.11.1.10.4
1.1.3.16908.13.2.6.3.14.2.35
1.1.3.16965.8.1.33.6
1.1.3.17130.6
1.1.3.17265.15.2.4.3
1.1.3.17280.20.3.12.7
1.1.3.17315.15.3
1.1.3.17344.5.1.2.2
1.1.3.17373.30.1.11.10
1.1.3.17531.5.1.2
1.1.3.17594.14.1.5
1.1.3.17616.23.1.10.5
1.1.3.17632.5.1.1.2.3.1
1.1.3.17638.5.1.2.3.6.3
1.1.3.17669.9.1.4.1
1.1.3.17727.5.1.3
1.1.3.17909.5.1.25
1.1.3.17952.10.1.9.7
1.1.3.18024.18.2
1.1.3.18030.17.2.17
1.1.3.18346.27.4.26
1.1.3.18357.15.2.11.1.41.3.2
1.1.3.18358.5.1.12.2.47.3
1.1.3.18415.5.1.5.3.1.5
1.1.3.18420.5.1.1.1.8
1.1.3.18427.15.3.11.8.10.6.19
1.1.3.18434.9.1.7
1.1.3.18443.5.1.3.1.7.1
1.1.3.18461.30.2.8
1.1.3.18543.5.1.40
1.1.3.18670.5.1
1.1.3.18765.13.2.11.7
1.1.3.18790.5.1.13.2.7
1.1.3.18822.9.5.8
1.1.3.18826.9.1.4
1.1.3.19033.13.1.4.3
1.1.3.19085.23.1.35
1.1.3.19091.5.1.25
1.1.3.19111.5.1.1.1
1.1.3.19124.5.1.2.1
1.1.3.19226.3
1.1.3.19282.5.1.1
1.1.3.19306.30.3.41.1.15
1.1.3.19436.18.2.4
1.1.3.19470.31.2
1.1.3.19506.5.1
1.1.3.19534.5.1.3.1.3
1.1.3.19548.5.1
1.1.3.19710.5.1
1.1.3.20068.17.1.8.6
1.1.3.20141.28.1.10
1.1.3.20210.5.1.5
1.1.3.20229.17.1.9
1.1.3.20254.19.3.5.2.7
1.1.3.20272.5.1
1.1.3.20590.26.5.6.13.8.4.13
1.1.3.20596.5.1.2.2.4.1.9
1.1.3.20631.19
1.1.3.20668.8.2.9
1.1.3.20718.5.1.1.1.2
1.1.3.20718.9.1.6.4
1.1.3.20749.3
1.1.3.21002.5.1.12.2
1.1.3.21018.6
1.1.3.21018.10.2.27.7
1.1.3.21018.10.2.27.8
1.1.3.21134.3
1.1.3.21155.10.1.30.2
1.1.3.21233.3
1.1.3.21261.15.2
1.1.3.21378.24.2.16.1.1.1
1.1.3.21538.5.1.2
1.1.3.21548.15.2.11
1.1.3.21685.24.2.6.7.6.1.5
1.1.3.21859.19.2.29.13
1.1.3.22020.5.1.33.7.11.2.2
1.1.3.22045.19.3.10.10.2
1.1.3.22063.3
1.1.3.22092.5.1.11.9.13.1.3
1.1.3.22098.5.1.2.1.5.2
1.1.3.22099.11.1.10.4
1.1.3.22178.5.1
1.1.3.22248.5.1
1.1.3.22362.5.1.1.1.36
1.1.3.22378.9.1.4.5
1.1.3.22438.8.1.33.6
1.1.3.22541.5.1.13.23.24.1.2.1
1.1.3.22685.16.2.20.1.1.7.10
1.1.3.22691.15.1.6.5
1.1.3.22696.9.2.9.8
1.1.3.22728.12.1.16
1.1.3.22743.10.1.4
1.1.3.22765.9.2.4.4
1.1.3.22827.15.3
1.1.3.22888.30.1.11.10
1.1.3.23050.5.1.2
1.1.3.23130.23.1.10.5
1.1.3.23146.5.1.1.2.3.1
1.1.3.23152.5.1.2.3.6.3
1.1.3.23182.9.1.4.1
1.1.3.23240.5.1.3
1.1.3.23400.5.1.4.3.23.8
1.1.3.23416.21.1.7.1.7
1.1.3.23529.18.2
1.1.3.23535.17.2.17
1.1.3.23831.27.4.26
1.1.3.23842.15.2.11.1.41.3.2
1.1.3.23843.5.1.12.2.47.3
1.1.3.23897.15.2.19.33.39.1.1
1.1.3.23903.21.2.12.44
1.1.3.23905.11.1.21
1.1.3.23908.5.1.1.57.69.7.19
1.1.3.23915.9.1.7
1.1.3.23924.5.1.3.1.7.1
1.1.3.23942.30.2.8
1.1.3.24142.5.1.1
1.1.3.24269.11.1.14.4
1.1.3.24431.13.3.15
1.1.3.24511.13.1.4.3
1.1.3.24563.23.1.35
1.1.3.24566.10.1.10.2
1.1.3.24623.5.1.2
1.1.3.24670.26.2.18
1.1.3.24756.5.1.1
1.1.3.24779.13.3.27.1.22
1.1.3.24792.26.2.14.11.5.7
1.1.3.24800.5.1.7.5.9
1.1.3.24838.14.1.4
1.1.3.24893.5.1.2.1.15
1.1.3.24920.24.3.10.6
1.1.3.24985.5.1.3.3.25
1.1.3.25032.29.1.4
1.1.3.25162.5.1
1.1.3.25517.17.1.8.6
1.1.3.25605.21.2.14.1.2.5.14
1.1.3.25664.5.1.5
1.1.3.25683.17.1.9
1.1.3.25708.19.3.5.2.7
1.1.3.25726.5.1
1.1.3.25981.12.1.4
1.1.3.26004.26.5.6.13.8.4.26
1.1.3.26010.5.1.2.2.4.1.9
1.1.3.26049.19
1.1.3.26086.8.2.9
1.1.3.26120.5.1.1.1.2
1.1.3.26120.9.1.6.4
1.1.3.26151.3
1.1.3.26346.3
1.1.3.26393.26.1.4
1.1.3.26417.5.1.12.2
1.1.3.26433.6
1.1.3.26433.10.2.27.7
1.1.3.26433.10.2.27.8
1.1.3.26482.17.2.4
1.1.3.26545.3
1.1.3.26567.22.2.5
1.1.3.26601.5.1.3.2.6.1.35
1.1.3.26650.11.2.4.1
1.1.3.26671.27.2.8
1.1.3.26675.28.1.16.8
1.1.3.26731.16.4.11.1
1.1.3.26776.24.2.16.1.1.1
1.1.3.26913.6
1.1.3.26944.5.1.2
1.1.3.27071.5.1
1.1.3.27263.19.2.29.13
1.1.3.27289.5.1.10.2.24.2.13
1.1.3.27432.3
1.1.3.27445.5.1.33.7.11.2.2
1.1.3.27470.19.3.10.10.2
1.1.3.27488.3
1.1.3.27519.5.1.11.9.13.1.3
1.1.3.27525.5.1.2.1.5.2
1.1.3.27526.11.1.10.4
1.1.3.27609.5.1
1.1.3.27679.5.1
1.1.3.27799.5.1.1.1.36
1.1.3.27815.14.2.14.6.8.3
1.1.3.27815.14.2.16.2
1.1.3.27872.22.3.6.1.1
1.1.3.27878.14.2.11.12.17
1.1.3.28129.15.2.6
1.1.3.28135.5.1.11.7.24
1.1.3.28157.12.1.16
1.1.3.28172.10.1.4
1.1.3.28194.9.2.4.4
1.1.3.28250.9.1.5
1.1.3.28276.5.1.2.2
1.1.3.28305.30.1.11.10
1.1.3.28463.26.3.9.4.11
1.1.4.42.8.2.11.5
1.1.4.57.5.1.1.2.3.1
1.1.4.63.5.1.2.3.6.3
1.1.4.96.9.1.4.1
1.1.4.154.5.1.3
1.1.4.326.25.2.15.11
1.1.4.452.18.2
1.1.4.458.17.2.17
1.1.4.553.5.1.3.1.18
1.1.4.745.27.4.26
1.1.4.756.15.2.11.1.41.3.2
1.1.4.757.5.1.12.2.47.3
1.1.4.789.5.1
1.1.4.809.5.1.5.3.1.5
1.1.4.814.5.1.1.1.8
1.1.4.821.15.3.11.8.10.6.19
1.1.4.828.9.1.7
1.1.4.837.5.1.3.1.7.1
1.1.4.855.30.2.8
1.1.4.1059.5.1
1.1.4.1155.17.4
1.1.4.1183.11.1.14.4
1.1.4.1193.12.1.9
1.1.4.1364.26.1.15
1.1.4.1365.17.5.8
1.1.4.1368.5.1.4.1.2.1.10
1.1.4.1410.5.1.1
1.1.4.1448.13.1.4.3
1.1.4.1500.23.1.35
1.1.4.1506.5.1.25
1.1.4.1519.27.1.12
1.1.4.1529.5.1.1.1
1.1.4.1565.5.1.2
1.1.4.1651.3
1.1.4.1707.5.1.1
1.1.4.1734.11.1.7.3
1.1.4.1841.5.1.1
1.1.4.1866.22.3.18.1.1
1.1.4.1906.13.2.4
1.1.4.1932.5.1.3.3.25
1.1.4.1979.29.1.4
1.1.4.2110.5.1
1.1.4.2234.25.3.4
1.1.4.2457.17.1.8.6
1.1.4.2537.28.1.10
1.1.4.2553.38.1.12.7
1.1.4.2626.25.3.8.9
1.1.4.2637.18.1.8
1.1.4.2654.12.1.8.7
1.1.4.2668.19.3.5.2.17
1.1.4.2686.5.1
1.1.4.2961.5.1.4.4.3.1
1.1.4.2993.26.5.6.13.8.4.13
1.1.4.2999.5.1.2.2.4.1.9
1.1.4.3038.19
1.1.4.3077.10.2.12
1.1.4.3120.5.1.12.10.8
1.1.4.3121.14.2.5.3.10
1.1.4.3160.5.1.2.1
1.1.4.3341.5.1.6.1.3.1
1.1.4.3348.10.2.8
1.1.4.3350.8.1.4
1.1.4.3365.32.1.4.1
1.1.4.3379.5.1.18.6
1.1.4.3400.5.1.1.1.5
1.1.4.3400.5.1.1.1.6
1.1.4.3498.3
1.1.4.3520.22.2.5
1.1.4.3606.3
1.1.4.3635.31.2.6.8.7.18
1.1.4.3638.9.1.7.4
1.1.4.3661.18.1.13
1.1.4.3737.17.2.7.1.4.1
1.1.4.4048.5.1
1.1.4.4066.3
1.1.4.4244.19.2.29.13
1.1.4.4274.5.1.2.1.5
1.1.4.4288.5.1.2.9.16
1.1.4.4402.3
1.1.4.4415.5.1.1
1.1.4.4437.15.3.6.3.5.1.26
1.1.4.4449.59.1.10
1.1.4.4492.16.2.6.5
1.1.4.4495.5.1.2.1.8.10.59
1.1.4.4499.9.1.5
1.1.4.4522.5.1
1.1.4.4596.13.4
1.1.4.4660.5.1
1.1.4.4768.5.1.1.1.36
1.1.4.4784.9.1.4.5
1.1.4.4844.8.1.33.6
1.1.4.4951.5.1.21.2.21.7
1.1.4.5002.9.1.11
1.1.4.5088.15.2.6
1.1.4.5094.5.1.11.7.24
1.1.4.5116.12.1.16
1.1.4.5131.10.1.4
1.1.4.5154.15.2.6.5.32
1.1.4.5199.15.3
1.1.4.5228.5.1.2.2
1.1.4.5263.5.1.2.2.6.1.7
1.1.4.5426.5.1.2
1.1.4.5483.14.1.5
1.1.4.5503.16.2.21.9.15.5.9
1.1.4.5516.13.2.10.4
1.1.4.5608.5.1.6
1.1.4.5684.5.1
1.1.4.5700.13.2.6.4
1.1.4.5720.5.1.1.2
1.1.4.5862.10.1.9.7
1.1.4.6009.5.1.2.2.44
1.1.4.6111.13.1.12.5
1.1.4.6157.13.2.8.1.3
1.1.4.6213.27.4.26
1.1.4.6224.15.2.11.1.41.3.2
1.1.4.6225.5.1.12.2.47.3
1.1.4.6257.5.1
1.1.4.6280.16.1.8
1.1.4.6281.5.1.10.1.8
1.1.4.6307.3
1.1.4.6398.5.1.1.2.3.2
1.1.4.6518.5.1
1.1.4.6638.11.1.14.4
1.1.4.6648.12.1.9
1.1.4.6808.5.1.4.1.2.1.21
1.1.4.6862.5.1.1
1.1.4.6901.13.1.4.3
1.1.4.6946.14.3.14.1.1
1.1.4.7003.5.1.2
1.1.4.7148.5.1.1
1.1.4.7175.11.1.7.3
1.1.4.7279.5.1.1
1.1.4.7338.5.1
1.1.4.7360.5.1.3.3.25
1.1.4.7410.29.1.4
1.1.4.7532.5.1
1.1.4.7600.34.2.31.16.22
1.1.4.7860.17.1.8.6
1.1.4.7954.21.2.14.1.2.5.22
1.1.4.8037.9.1.16.9
1.1.4.8059.8.1.19
1.1.4.8075.5.1.3
1.1.4.8088.5.1.9.1.1.1
1.1.4.8095.43.2
1.1.4.8383.35.5.6.13.6.1.14
1.1.4.8391.16.1.4.2
1.1.4.8443.3
1.1.4.8446.5.1.22.17.29
1.1.4.8476.10.2.12
1.1.4.8524.5.1.1.1.2
1.1.4.8524.9.1.6.4
1.1.4.8540.5.1
1.1.4.8569.5.1.2.1
1.1.4.8678.18.2.8
1.1.4.8687.5.1
1.1.4.8761.10.2.8
1.1.4.8764.5.1
1.1.4.8797.44.3.9.7.8
1.1.4.8797.44.3.9.7.9
1.1.4.8905.3
1.1.4.8926.10.1.30.2
1.1.4.8964.5.1
1.1.4.9015.11.2.4.1
1.1.4.9036.15.2
1.1.4.9144.5.1
1.1.4.9156.24.2.16.1.1.1
1.1.4.9325.5.1.2
1.1.4.9478.14.4.6.5.5.1.20
1.1.4.9673.5.1.2.1.7
1.1.4.9685.5.1.2.9.10
1.1.4.9806.5.1.33.7.11.2.2
1.1.4.9831.19.3.10.10.2
1.1.4.9849.3
1.1.4.9880.5.1.11.9.13.1.2
1.1.4.9884.9.1.5
1.1.4.9960.5.1
1.1.4.10021.5.1
1.1.4.10154.13.2.6.3.14.2.26
1.1.4.10211.8.1.33.6
1.1.4.10319.5.1.21.2.21.7
1.1.4.10426.16.2.20.1.1.7.10
1.1.4.10432.15.1.6.5
1.1.4.10474.10.1.4
1.1.4.10496.9.2.4.4
1.1.4.10548.15.3
1.1.4.10614.5.1.2.2.6.1.7
1.1.4.10771.5.1.2
1.1.4.10829.14.1.5
1.1.4.10848.15.2.28.24
1.1.4.10860.13.2.10.4
1.1.4.10959.5.1.3
1.1.4.11133.18.1.13
1.1.4.11467.13.1.12.5
1.1.4.11522.13.2.8.1.3
1.1.4.11578.27.4.26
1.1.4.11589.15.2.11.1.41.3.2
1.1.4.11590.5.1.12.2.47.3
1.1.4.11647.5.1.5.3.1.5
1.1.4.11652.5.1.1.1.8
1.1.4.11659.15.3.11.8.10.6.19
1.1.4.11666.9.1.7
1.1.4.11675.5.1.3.1.7.1
1.1.4.11693.30.2.8
1.1.4.11867.24.2
1.1.4.11891.5.1
1.1.4.11968.11.2.8
1.1.4.11990.17.4
1.1.4.12009.11.1.14.4
1.1.4.12172.26.1.15
1.1.4.12174.22.6.6.1.18
1.1.4.12252.13.1.4.3
1.1.4.12304.23.1.35
1.1.4.12309.8.2.4.6
1.1.4.12369.5.1.2
1.1.4.12455.3
1.1.4.12511.5.1.1
1.1.4.12534.13.3.27.1.22
1.1.4.12547.26.2.14.11.5.7
1.1.4.12555.5.1.7.5.9
1.1.4.12593.14.1.4
1.1.4.12601.5.1
1.1.4.12611.5.1
1.1.4.12647.5.1.1
1.1.4.12672.22.3.18.1.1
1.1.4.12712.13.2.4
1.1.4.12738.5.1.3.3.25
1.1.4.12785.29.1.4
1.1.4.13086.9.1.5
1.1.4.13089.8.1.12.5
1.1.4.13246.17.1.8.6
1.1.4.13317.28.1.10
1.1.4.13392.21.2.18.17
1.1.4.13402.18.1.8
1.1.4.13422.15.4.15
1.1.4.13435.5.1.9.1.1.1
1.1.4.13442.43.2
1.1.4.13725.12.1.4
1.1.4.13749.5.1.6
1.1.4.13756.5.1.5.1.9
1.1.4.13793.18.2.5.21.20.12
1.1.4.13864.39.2
1.1.4.13889.72.2.4.2
1.1.4.13915.3
1.1.4.14094.3
1.1.4.14123.5.1.7.1.1.9
1.1.4.14125.5.1.16.5
1.1.4.14135.9.1.5
1.1.4.14158.5.1.12.2
1.1.4.14174.6
1.1.4.14174.10.2.27.7
1.1.4.14174.10.2.27.8
1.1.4.14283.3
1.1.4.14305.22.2.5
1.1.4.14416.5.1.14.2.25
1.1.4.14522.24.2.16.1.1.1
1.1.4.14795.5.1
1.1.4.14835.5.1
1.1.4.14853.3
1.1.4.15037.19.2.29.13
1.1.4.15067.5.1.2.1.5
1.1.4.15080.5.1.12
1.1.4.15201.45.1.12.4
1.1.4.15216.15.3.6.10.5.1.12
1.1.4.15228.59.1.10
1.1.4.15261.5.1.11.9.13.1.3
1.1.4.15267.5.1.2.1.5.2
1.1.4.15268.11.1.10.4
1.1.4.15409.5.1
1.1.4.15524.5.1.1.1.36
1.1.4.15540.14.2.14.6.8.3
1.1.4.15540.14.2.16.2
1.1.4.15600.8.1.33.6
1.1.4.15711.5.1.13.23.33.1.2.5
1.1.4.15831.54.1.8
1.1.4.15849.16.2.20.1.1.7.10
1.1.4.15855.15.1.6.5
1.1.4.15860.9.2.9.8
1.1.4.15902.5.1.2.1.2.2
1.1.4.15924.15.2.6.5.25
1.1.4.15959.15.3
1.1.4.15988.5.1.2.2
1.1.4.16016.5.1.5
1.1.4.16170.13.2.18.2.4.1
1.1.4.16253.25.2.26
1.1.4.16333.5.1.3
1.1.4.16518.14.1.5.11
1.1.4.16631.18.2
1.1.4.16637.17.2.17
1.1.4.16732.5.1.3.1.1
1.1.4.16825.13.1.12.5
1.1.4.16933.27.4.26
1.1.4.16944.15.2.11.1.41.3.2
1.1.4.16945.5.1.12.2.47.3
1.1.4.17001.16.1.8
1.1.4.17002.5.1.10.1.8
1.1.4.17028.3
1.1.4.17119.5.1.1.2.3.2
1.1.4.17240.5.1
1.1.4.17334.17.4
1.1.4.17353.11.1.14.4
1.1.4.17363.12.1.9
1.1.4.17619.13.1.4.3
1.1.4.17671.23.1.35
1.1.4.17697.5.1.26.1.2.1
1.1.4.17815.3
1.1.4.17871.5.1.1
1.1.4.17895.30.3.41.1.15
1.1.4.18007.5.1.2.1.15
1.1.4.18034.24.3.10.6
1.1.4.18099.5.1.3.3.25
1.1.4.18146.29.1.4
1.1.4.18273.5.1
1.1.4.18611.17.1.8.6
1.1.4.18714.21.2.14.1.2.5.22
1.1.4.18784.21.2.18.23
1.1.4.18794.18.1.8
1.1.4.18811.15.4.15
1.1.4.18824.5.1.9.1.1.1
1.1.4.18831.43.2
1.1.4.19109.5.1.6
1.1.4.19116.5.1.5.1.9
1.1.4.19153.18.2.5.21.20.11
1.1.4.19176.5.1.3.3.9
1.1.4.19199.10.2.12
1.1.4.19236.5.1.1.1.2
1.1.4.19236.9.1.6.4
1.1.4.19267.3
1.1.4.19500.9.1.5
1.1.4.19527.5.1.3.3.29
1.1.4.19527.5.1.3.3.30
1.1.4.19542.5.1.29.37.18.3
1.1.4.19656.22.2.5
1.1.4.19773.14.1.15.11.7.1
1.1.4.19773.14.1.18.14.17.2
1.1.4.19776.9.1.7.4
1.1.4.19812.14.3
1.1.4.19878.5.1.1.1
1.1.4.19939.13.4.14.1
1.1.4.20062.5.1.2
1.1.4.20066.5.1
1.1.4.20074.19.1.4.4
1.1.4.20202.5.1
1.1.4.20219.29.3.16.1.3.1.17
1.1.4.20389.19.2.29.13
1.1.4.20534.3
1.1.4.20557.5.1.15.1.1
1.1.4.20558.5.1.18.4.5.3.14
1.1.4.20583.19.3.10.10.2
1.1.4.20598.14.2.10.8
1.1.4.20637.5.1.11.9.13.1.3
1.1.4.20643.5.1.2.1.5.2
1.1.4.20644.11.1.10.4
1.1.4.20918.5.1.2.6
1.1.4.20919.9.1.7.2
1.1.4.20978.8.1.33.6
1.1.4.21104.5.1.21.2.21.7
1.1.4.21223.5.1.9.6.7.3.2
1.1.4.21232.15.1.6.4
1.1.4.21237.9.2.9.8
1.1.4.21269.12.1.16
1.1.4.21284.10.1.4
1.1.4.21306.9.2.4.4
1.1.4.21362.9.1.5
1.1.4.21419.5.1.5
1.1.4.21570.5.1.2
1.1.4.21629.14.1.5
1.1.4.21649.16.2.21.9.15.5.9
1.1.4.21662.13.2.10.4
1.1.4.21746.5.1.6
1.1.4.21822.5.1
1.1.4.21838.13.2.6.4
1.1.4.21858.5.1.1.2
1.1.4.22001.10.1.9.7
1.1.4.22313.13.2.8.1.3
1.1.4.22353.5.1.2.1.21.8
1.1.4.22378.27.4.26
1.1.4.22389.15.2.11.1.41.3.2
1.1.4.22390.5.1.12.2.47.3
1.1.4.22447.5.1.5.3.1.5
1.1.4.22452.5.1.1.1.8
1.1.4.22459.15.3.11.8.10.6.19
1.1.4.22466.9.1.7
1.1.4.22475.5.1.3.1.7.1
1.1.4.22493.30.2.8
1.1.4.22577.5.1.1.2.3.2
1.1.4.22617.6
1.1.4.22696.5.1
1.1.4.22817.11.1.14.4
1.1.4.22827.12.1.9
1.1.4.22987.26.1.15
1.1.4.22988.17.5.8
1.1.4.22991.5.1.4.1.2.1.10
1.1.4.23040.5.1.1
1.1.4.23078.13.1.4.3
1.1.4.23130.23.1.35
1.1.4.23136.5.1.25
1.1.4.23156.5.1.1.1
1.1.4.23184.5.1.2
1.1.4.23256.3
1.1.4.23312.5.1.1
1.1.4.23336.30.3.41.1.15
1.1.4.23448.5.1.1
1.1.4.23473.22.3.18.1.1
1.1.4.23548.8.2.11.4
1.1.4.23889.9.1.5
1.1.4.23892.8.1.12.5
1.1.4.24046.17.1.8.6
1.1.4.24119.28.1.10
1.1.4.24188.5.1.5
1.1.4.24207.17.1.9
1.1.4.24232.19.3.5.2.7
1.1.4.24250.5.1
1.1.4.24551.16.1.4.2
1.1.4.24585.5.1.5.1.9.3
1.1.4.24603.3
1.1.4.24606.5.1.22.17.29
1.1.4.24636.10.2.12
1.1.4.24690.26.1.9.6
1.1.4.24721.3
1.1.4.24959.10.2.8
1.1.4.24962.5.1
1.1.4.24973.32.1.4.1
1.1.4.24987.5.1.18.6
1.1.4.25008.5.1.1.1.5
1.1.4.25008.5.1.1.1.6
1.1.4.25106.3
1.1.4.25127.10.1.30.2
1.1.4.25165.5.1
1.1.4.25216.11.2.4.1
1.1.4.25237.15.2
1.1.4.25325.12.1.33
1.1.4.25350.5.1.3.1
1.1.4.25351.5.1.1.4.1.1
1.1.4.25513.5.1.2
1.1.4.25517.5.1
1.1.4.25525.19.1.4.4
1.1.4.25651.5.1
1.1.4.25669.9.2.4.1
1.1.4.25726.18.5.6.1.24.7
1.1.4.25843.19.2.29.13
1.1.4.26021.5.1.15.1.1
1.1.4.26022.5.1.18.4.5.3.14
1.1.4.26047.19.3.10.10.2
1.1.4.26065.3
1.1.4.26094.5.1.11.9.13.1.3
1.1.4.26100.5.1.2.1.5.2
1.1.4.26101.11.1.10.4
1.1.4.26256.5.1
1.1.4.26379.5.1.1.1.36
1.1.4.26395.5.1.8.1.4.2.29
1.1.4.26456.8.1.33.6
1.1.4.26720.15.2.6
1.1.4.26726.5.1.11.7.24
1.1.4.26748.12.1.16
1.1.4.26763.10.1.4
1.1.4.26786.15.2.6.5.32
1.1.4.26827.15.3
1.1.4.26856.5.1.2.2
1.1.4.26891.5.1.2.2.6.1.7
1.1.4.27047.26.3.9.4.11
1.1.4.27106.14.1.5
1.1.4.27127.17.2.10.10
1.1.4.27143.13.2.10.4
1.1.4.27184.9.1.4.1
1.1.4.27242.5.1.3
1.1.4.27317.5.1
1.1.4.27333.13.2.6.4
1.1.4.27353.5.1.1.2
1.1.4.27386.31.4.9.12.26.4.13.77
1.1.4.27428.25.2.15.11
1.1.4.27450.5.1.3.1.15
1.1.4.27497.10.1.9.7
1.1.4.27762.13.1.12.5
1.1.4.27818.13.2.8.1.3
1.1.4.27882.27.4.26
1.1.4.27893.15.2.11.1.41.3.2
1.1.4.27894.5.1.12.2.47.3
1.1.4.27949.16.1.8
1.1.4.27950.5.1.10.1.8
1.1.4.27976.3
1.1.4.28065.5.1.1.2.3.2
1.1.4.28186.5.1
1.1.4.28225.30.2.4
1.1.4.28247.33.2.31.7
1.1.4.28263.17.4
1.1.4.28266.11.1.9
1.1.4.28284.11.1.14.4
1.1.4.28294.12.1.9
1.1.4.28464.13.3.15
1.1.4.28545.13.1.4.3
1.1.4.28597.23.1.35
1.1.4.28603.5.1.25
1.1.4.28623.5.1.1.1
1.1.4.28653.5.1.2
1.1.4.28743.3
1.1.4.28799.5.1.1
1.1.4.28823.30.3.41.1.15
1.1.4.28836.5.1.11.5.9
1.1.4.28874.14.1.4
1.1.4.28954.24.3.10.6
1.1.4.29013.5.1.3.3.25
1.1.4.29257.34.2.31.16.22
1.1.4.29538.17.1.8.6
1.1.4.29608.28.2.4
1.1.4.29631.21.2.14.1.2.5.12
1.1.4.29695.21.2.18.23
1.1.4.29705.18.1.8
1.1.4.29725.15.2.14.1.1.1.11
1.1.4.29737.5.1.9.1.1.1
1.1.4.29744.43.2
1.1.4.29989.5.1.6.2.10
1.1.4.30012.12.1.4
1.1.4.30036.5.1.6
1.1.4.30047.5.1.21.1.9
1.1.4.30085.5.1.5.1.9.3
1.1.4.30103.3
1.1.4.30106.5.1.22.17.29
1.1.4.30150.39.2
1.1.4.30176.5.1.5.1.3
1.1.4.30176.5.1.5.1.7
1.1.4.30205.3
1.1.4.30389.3
1.1.4.30420.18.1.16
1.1.4.30452.5.1.12.2
1.1.4.30468.6
1.1.4.30468.10.2.27.7
1.1.4.30468.10.2.27.8
1.1.4.30598.10.1.64.2
1.1.4.30636.5.1
1.1.4.30675.3
1.1.4.30704.31.2.6.8.7.18
1.1.4.30707.9.1.7.4
1.1.4.30730.18.1.13
1.1.4.30969.6
1.1.4.30999.5.1.2
1.1.4.31003.5.1
1.1.4.31011.19.1.4.4
1.1.4.31095.5.1
1.1.4.31139.5.1
1.1.4.31156.5.1.6.4.35.7.14
1.1.4.31335.19.2.29.13
1.1.4.31365.5.1.2.1.5
1.1.4.31377.5.1.2.9.10
1.1.4.31492.45.1.12.4
1.1.4.31507.15.3.6.10.5.1.12
1.1.4.31519.59.1.10
1.1.4.31557.5.1.11.9.13.1.3
1.1.4.31563.5.1.2.1.5.2
1.1.4.31564.11.1.10.4
1.1.4.31705.5.1
1.1.4.31822.5.1.1.1.36
1.1.4.31838.14.2.14.6.8.3
1.1.4.31838.14.2.16.2
1.1.4.31898.8.1.33.6
1.1.4.32067.6
1.1.4.32148.16.2.20.1.1.7.10
1.1.4.32154.15.1.6.5
1.1.4.32159.9.2.9.8
1.1.4.32191.12.1.16
1.1.4.32206.10.1.4
1.1.4.32229.15.2.6.5.32
1.1.4.32265.15.3
1.1.4.32294.5.1.2.2
1.1.4.32329.5.1.2.2.6.1.7
1.1.4.32473.5.1.2
1.1.4.32532.14.1.5
1.1.4.32553.17.2.10.10
1.1.4.32569.13.2.10.4
1.1.4.32650.5.1.6.2.4.3.26
1.1.4.32833.5.1.8.1.20
1.1.4.32945.18.2
1.1.4.32951.17.2.17
1.1.4.33147.13.1.12.5
1.1.4.33197.13.2.8.1.3
1.1.4.33253.27.4.26
1.1.4.33264.15.2.11.1.41.3.2
1.1.4.33265.5.1.12.2.47.3
1.1.4.33323.5.1.5.3.1.5
1.1.4.33328.5.1.1.1.8
1.1.4.33335.15.3.11.8.10.6.19
1.1.4.33342.9.1.7
1.1.4.33552.24.2
1.1.4.33575.5.1
1.1.4.33609.30.2.4
1.1.4.33631.11.2.8
1.1.4.33689.11.1.14.4
1.1.4.33699.12.1.9
1.1.4.33911.5.1.1
1.1.4.33948.13.1.4.3
1.1.4.34000.23.1.35
1.1.4.34006.5.1.25
1.1.4.34019.27.1.12
1.1.4.34029.5.1.1.1
1.1.4.34042.5.1.2.1
1.1.4.34062.5.1.2
1.1.4.34148.3
1.1.4.34204.5.1.1
1.1.4.34227.13.3.27.1.22
1.1.4.34240.26.2.14.11.5.7
1.1.4.34248.5.1.7.5.9
1.1.4.34287.14.1.4
1.1.4.34342.5.1.2.1.15
1.1.4.34372.31.2
1.1.4.34408.5.1
1.1.4.34419.11
1.1.4.34433.5.1.3.3.25
1.1.4.34964.17.1.8.6
1.1.4.35105.5.1.5
1.1.4.35124.17.1.9
1.1.4.35150.19.3.5.2.6
1.1.4.35168.5.1
1.1.4.35454.12.1.4
1.1.4.35478.5.1.6
1.1.4.35485.5.1.5.1.9
1.1.4.35541.3
1.1.4.35544.5.1.22.17.29
1.1.4.35591.39.2
1.1.4.35613.13.4.16.1.1
1.1.4.35613.13.4.16.1.5
1.1.4.35632.3
1.1.4.35828.3
1.1.4.35877.26.1.4
1.1.4.35901.5.1.12.2
1.1.4.35917.6
1.1.4.35917.10.2.27.7
1.1.4.35917.10.2.27.8
1.1.4.35966.17.2.4
1.1.5.36033.3
1.1.5.36054.10.1.30.2
1.1.5.36092.5.1
1.1.5.36138.11.2.4.1
1.1.5.36159.15.2
1.1.5.36275.5.1.3.1
1.1.5.36276.5.1.1.4.1.1
1.1.5.36454.5.1.2
1.1.5.36464.15.2.11
1.1.5.36582.5.1
1.1.5.36600.9.2.4.1
1.1.5.36627.5.1.1.1.14.4
1.1.5.36778.19.2.29.13
1.1.5.36936.3
1.1.5.36949.5.1.1
1.1.5.36971.15.3.6.3.5.1.26
1.1.5.36983.59.1.10
1.1.5.37034.5.1.11.9.13.1.3
1.1.5.37040.5.1.2.1.5.2
1.1.5.37041.11.1.10.4
1.1.5.37189.5.1
1.1.5.37312.5.1.1.1.36
1.1.5.37328.14.2.14.6.8.3
1.1.5.37328.14.2.16.2
1.1.5.37385.22.3.6.1.1
1.1.5.37391.14.2.11.12.17
1.1.5.37514.5.1.21.2.21.7
1.1.5.37674.10.1.4
1.1.5.37697.15.2.6.5.32
1.1.5.37745.5.1.2.4.13.3
1.1.5.37750.3
1.1.5.37800.10.1.7.7
1.1.5.37961.5.1.2
1.1.5.38018.14.1.5
1.1.5.38039.17.2.10.10
1.1.5.38055.13.2.10.4
1.1.5.38096.9.1.4.1
1.1.5.38148.5.1.6.2.4.3.47
1.1.5.38336.14.1.5.11
1.1.5.38381.10.1.9.7
1.1.5.38453.18.2
1.1.5.38459.17.2.17
1.1.5.38738.27.4.26
1.1.5.38749.15.2.11.1.41.3.2
1.1.5.38750.5.1.12.2.47.3
1.1.5.38805.15.2.19.30.36.1.1
1.1.5.38811.21.2.12.41
1.1.5.38813.11.1.21
1.1.5.38816.5.1.1.54.66.7.19
1.1.5.38823.9.1.7
1.1.5.38832.5.1.3.1.7.1
1.1.5.38850.30.2.8
1.1.5.38932.5.1.40
1.1.5.39058.5.1
1.1.5.39167.11.1.14.4
1.1.5.39177.12.1.9
1.1.5.39425.13.1.4.3
1.1.5.39477.23.1.35
1.1.5.39483.5.1.25
1.1.5.39496.27.1.12
1.1.5.39506.5.1.1.1
1.1.5.39519.5.1.2.1
1.1.5.39539.5.1.2
1.1.5.39671.5.1.1
1.1.5.39695.30.3.41.1.15
1.1.5.39842.31.2
1.1.5.39875.5.1
1.1.5.39897.5.1.3.3.25
1.1.5.39944.29.1.4
1.1.5.40078.5.1
1.1.5.40397.17.1.8.6
1.1.5.40468.28.1.10
1.1.5.40551.21.2.18.17
1.1.5.40561.18.1.8
1.1.5.40581.12.1.8.7
1.1.5.40595.19.3.5.2.17
1.1.5.40613.5.1
1.1.5.40887.5.1.6
1.1.5.40894.5.1.5.1.9
1.1.5.40932.5.1.5.1.9.3
1.1.5.40976.10.2.18
1.1.5.41027.35.1.9.17
1.1.5.41043.5.1
1.1.5.41072.5.1.2.1
1.1.5.41220.3
1.1.5.41265.10.1.17.4
1.1.5.41292.5.1.3.3.29
1.1.5.41292.5.1.3.3.30
1.1.5.41334.17.2.4
1.1.5.41397.3
1.1.5.41419.22.2.5
1.1.5.41453.5.1.3.2.6.1.35
1.1.5.41521.14.1.15.11.7.1
1.1.5.41521.14.1.18.14.17.2
1.1.5.41524.9.1.7.4
1.1.5.41547.18.1.13
1.1.5.41619.5.1.1.1
1.1.5.41803.5.1.2
1.1.5.41807.5.1
1.1.5.41815.19.1.4.4
1.1.5.41931.5.1
1.1.5.41947.14.3.7.2.18.5.14
1.1.5.42142.5.1.2.1.7
1.1.5.42154.5.1.2.9.10
1.1.5.42211.11.2.8
1.1.5.42280.45.1.12.4
1.1.5.42295.15.3.6.10.5.1.12
1.1.5.42307.59.1.10
1.1.5.42342.5.1.11.9.13.1.3
1.1.5.42348.5.1.2.1.5.2
1.1.5.42349.11.1.10.4
1.1.5.42494.5.1
1.1.5.42609.5.1.1.1.36
1.1.5.42625.14.2.14.6.8.3
1.1.5.42625.14.2.16.2
1.1.5.42685.8.1.33.6
1.1.5.42869.6
1.1.5.42950.16.2.20.1.1.7.10
1.1.5.42956.15.1.6.5
1.1.5.42961.9.2.9.8
1.1.5.42995.15.2.4.3
1.1.5.43012.9.2.4.4
1.1.5.43068.9.1.5
1.1.5.43125.5.1.5
1.1.5.43272.5.1.2
1.1.5.43335.5.1
1.1.5.43352.15.2.28.24
1.1.5.43364.13.2.10.4
1.1.5.43453.5.1.6.2.4.3.47
1.1.5.43621.25.2.15.11
1.1.5.43771.18.2
1.1.5.43777.17.2.17
1.1.5.44036.13.2.8.1.3
1.1.5.44099.27.4.26
1.1.5.44110.15.2.11.1.41.3.2
1.1.5.44111.5.1.12.2.47.3
1.1.5.44166.16.1.8
1.1.5.44167.5.1.10.1.8
1.1.5.44193.3
1.1.5.44284.5.1.1.2.3.2
1.1.5.44324.6
1.1.5.44403.5.1
1.1.5.44516.11.1.14.4
1.1.5.44669.26.1.20
1.1.5.44671.22.6.6.1.18
1.1.5.44790.23.1.35
1.1.5.44796.5.1.25
1.1.5.44809.27.1.12
1.1.5.44819.5.1.1.1
1.1.5.44892.26.2.18
1.1.5.44929.3
1.1.5.44985.5.1.1
1.1.5.45009.30.3.41.1.15
1.1.5.45127.5.1.2.1.15
1.1.5.45160.31.2
1.1.5.45193.5.1
1.1.5.45204.11
1.1.5.45218.5.1.3.3.25
1.1.5.45265.29.1.4
1.1.5.45390.5.1
1.1.5.45733.17.1.8.6
1.1.5.45804.28.1.10
1.1.5.45873.5.1.5
1.1.5.45892.17.1.9
1.1.5.45910.5.1.1.18.29
1.1.5.45965.5.1.1.16
1.1.5.46208.26.5.6.13.8.2.9
1.1.5.46214.5.1.2.2.4.1.9
1.1.5.46253.19
1.1.5.46292.10.2.12
1.1.5.46308.39.2
1.1.5.46334.5.1.5.1.3
1.1.5.46334.5.1.5.1.7
1.1.5.46363.3
1.1.5.46554.3
1.1.5.46621.5.1.3.3.29
1.1.5.46621.5.1.3.3.30
1.1.5.46636.5.1.29.37.18.3
1.1.5.46742.22.2.5
1.1.5.46776.5.1.3.2.6.1.35
1.1.5.46825.11.2.4.1
1.1.5.46881.14.3
1.1.5.46950.5.1.1.1
1.1.5.47134.5.1.2
1.1.5.47138.5.1
1.1.5.47146.19.1.4.4
1.1.5.47294.14.4.6.5.5.1.20
1.1.5.47333.3
1.1.5.47467.19.2.29.13
1.1.5.47626.45.1.12.4
1.1.5.47641.15.3.6.10.5.1.12
1.1.5.47702.5.1.11.9.13.1.3
1.1.5.47708.5.1.2.1.5.2
1.1.5.47709.11.1.10.4
1.1.5.47980.5.1.1.1.36
1.1.5.47996.14.2.14.6.8.3
1.1.5.47996.14.2.16.2
1.1.5.48056.8.1.33.6
1.1.5.48136.5.1.1.1
1.1.5.48141.12.2.4
1.1.5.48267.16.2.20.1.1.7.10
1.1.5.48273.15.1.6.5
1.1.5.48278.9.2.9.8
1.1.5.48310.12.1.16
1.1.5.48325.10.1.4
1.1.5.48347.9.2.4.4
1.1.5.48403.15.3
1.1.5.48432.5.1.2.2
1.1.5.48461.30.1.11.10
1.1.5.48558.11.1.9
1.1.5.48610.5.1.2
1.1.5.48667.14.1.5
1.1.5.48688.17.2.10.10
1.1.5.48704.13.2.10.4
1.1.5.48747.9.1.4.1
1.1.5.48802.5.1.6
1.1.5.48878.5.1
1.1.5.48894.13.2.6.4
1.1.5.48914.5.1.1.2
1.1.5.48986.9.1.5
1.1.5.49001.14.1.5.11
1.1.5.49040.27.3.44.10
1.1.5.49049.13.2.4.2
1.1.5.49127.18.2
1.1.5.49133.17.2.17
1.1.5.49361.13.2.8.1.3
1.1.5.49401.5.1.1.1
1.1.5.49415.5.1.2.1.7
1.1.5.49430.21.1.22
1.1.5.49441.15.2.11.1.23.3.2
1.1.5.49442.5.1.12.2.29.3
1.1.5.49504.16.1.8
1.1.5.49505.5.1.10.1.8
1.1.5.49531.3
1.1.5.49622.5.1.1.2.3.2
1.1.5.49738.5.1
1.1.5.49852.5.1.13.2.7
1.1.5.49884.9.6.8
1.1.5.50027.26.1.15
1.1.5.50028.17.5.8
1.1.5.50031.5.1.4.1.2.1.10
1.1.5.50081.5.1.1
1.1.5.50119.13.1.4.3
1.1.5.50171.23.1.35
1.1.5.50177.5.1.25
1.1.5.50190.27.1.12
1.1.5.50200.5.1.1.1
1.1.5.50213.5.1.2.1
1.1.5.50233.5.1.2
1.1.5.50319.3
1.1.5.50375.5.1.1
1.1.5.50399.30.3.41.1.15
1.1.5.50412.5.1.11.5.9
1.1.5.50450.14.1.4
1.1.5.50458.5.1
1.1.5.50468.5.1
1.1.5.50504.5.1.1
1.1.5.50560.5.1
1.1.5.50588.8.2.11.4
1.1.5.50632.29.1.4
1.1.5.50885.25.3.4
1.1.5.51104.17.1.8.6
1.1.5.51251.5.1.5
1.1.5.51281.15.2.14.1.1.1.11
1.1.5.51293.5.1.9.1.1.1
1.1.5.51300.43.2
1.1.5.51593.26.5.6.13.8.3.5
1.1.5.51599.5.1.2.2.4.1.9
1.1.5.51638.19
1.1.5.51741.35.1.9.17
1.1.5.51757.5.1
1.1.5.51786.5.1.2.1
1.1.5.51984.10.1.17.4
1.1.5.52011.5.1.3.3.29
1.1.5.52011.5.1.3.3.30
1.1.5.52054.17.2.4
1.1.5.52127.3
1.1.5.52148.10.1.30.2
1.1.5.52263.31.2.6.8.7.11
1.1.5.52266.9.1.7.4
1.1.5.52302.14.3
1.1.5.52437.13.4.14.1
1.1.5.52670.5.1
1.1.5.52706.5.1
1.1.5.52726.5.1.5.4.8
1.1.5.52749.32.1.10
1.1.5.53056.45.1.12.4
1.1.5.53071.15.3.6.10.5.1.12
1.1.5.53083.59.1.10
1.1.5.53119.5.1.11.9.13.1.3
1.1.5.53125.5.1.2.1.5.2
1.1.5.53126.11.1.10.4
1.1.5.53280.5.1
1.1.5.53400.5.1.1.1.36
1.1.5.53416.5.1.8.1.4.2.43
1.1.5.53477.8.1.33.6
1.1.5.53596.5.1.21.2.21.7
1.1.5.53641.6
1.1.5.53722.16.2.20.1.1.7.10
1.1.5.53728.15.1.6.5
1.1.5.53770.10.1.4
1.1.5.53793.15.2.6.5.32
1.1.5.53837.15.3
1.1.5.53908.30.1.11.10
1.1.5.54065.5.1.2
1.1.5.54130.14.1.5
1.1.5.54149.15.2.28.24
1.1.5.54161.13.2.10.4
1.1.5.54202.9.1.4.1
1.1.5.54257.5.1.6
1.1.5.54333.5.1
1.1.5.54349.13.2.6.4
1.1.5.54369.5.1.1.2
1.1.5.54466.14.1.5.11
1.1.5.54511.10.1.9.7
1.1.5.54682.5.1.3.1.18
1.1.5.54835.13.2.8.1.3
1.1.5.54899.27.4.26
1.1.5.54910.15.2.11.1.41.3.2
1.1.5.54911.5.1.12.2.47.3
1.1.5.54962.5.1
1.1.5.54975.15.2.19.23.9.1.1
1.1.5.54981.21.2.12.34
1.1.5.54983.11.1.21
1.1.5.54986.5.1.1.47.39.7.19
1.1.5.54993.9.1.7
1.1.5.55002.5.1.3.1.7.1
1.1.5.55020.30.2.8
1.1.5.55215.5.1
1.1.5.55252.30.2.4
1.1.5.55274.33.2.31.7
1.1.5.55292.17.4
1.1.5.55311.5.1.13.2.7
1.1.5.55343.9.6.8
1.1.5.55515.5.1.1
1.1.5.55552.13.1.4.3
1.1.5.55604.23.1.35
1.1.5.55609.8.2.4.6
1.1.5.55669.5.1.2
1.1.5.55801.5.1.1
1.1.5.55825.30.3.41.1.15
1.1.5.55864.11.1.4
1.1.5.55936.5.1.2.1.15
1.1.5.55966.31.2
1.1.5.55999.5.1
1.1.5.56027.8.2.11.4
1.1.5.56209.5.1
1.1.5.56334.25.3.4
1.1.5.56395.9.1.5
1.1.5.56398.8.1.12.5
1.1.5.56552.17.1.8.6
1.1.5.56625.28.1.10
1.1.5.56701.5.1.5
1.1.5.56720.17.1.9
1.1.5.56738.5.1.1.18.29
1.1.5.56922.5.1
1.1.5.57081.16.1.4.2
1.1.5.57114.18.2.5.21.20.10
1.1.5.57207.5.1.1.1.2
1.1.5.57207.9.1.6.4
1.1.5.57223.5.1
1.1.5.57252.5.1.2.1
1.1.5.57441.10.1.17.4
1.1.5.57468.5.1.3.3.29
1.1.5.57468.5.1.3.3.30
1.1.5.57483.5.1.29.37.18.3
1.1.5.57564.3
1.1.5.57586.22.2.5
1.1.5.57620.5.1.3.2.6.1.35
1.1.5.57669.11.2.4.1
1.1.5.57690.27.2.8
1.1.5.57694.28.1.16.8
1.1.5.57800.24.2.16.1.1.1
1.1.5.57958.5.1.2
1.1.5.57962.5.1
1.1.5.57970.8.1.7
1.1.5.58095.5.1
1.1.5.58113.3
1.1.5.58161.3
1.1.5.58295.19.2.29.13
1.1.5.58325.5.1.2.1.5
1.1.5.58337.5.1.2.9.10
1.1.5.58439.3
1.1.5.58460.29.1.17.11
1.1.5.58478.17.2.8.7
1.1.5.58491.59.1.10
1.1.5.58497.5.1
1.1.5.58537.16.2.6.5
1.1.5.58540.5.1.2.1.8.6.16
1.1.5.58544.9.1.5
1.1.5.58635.13.4
1.1.5.58702.5.1
1.1.5.58818.5.1.1.1.36
1.1.5.58834.14.2.14.6.8.3
1.1.5.58834.14.2.16.2
1.1.5.58891.22.3.6.1.1
1.1.5.58897.14.2.11.12.17
1.1.5.59020.5.1.21.2.21.7
1.1.5.59172.19.3.23
1.1.5.59192.10.1.4
1.1.5.59215.15.2.6.5.32
1.1.5.59254.15.3
1.1.5.59315.30.1.11.10
1.1.5.59477.5.1.2
1.1.5.59536.14.1.5
1.1.5.59557.5.1.1.1.16
1.1.5.59572.5.1.2.3.6.3
1.1.5.59602.9.1.4.1
1.1.5.59660.5.1.3
1.1.5.59834.9.1.5
1.1.5.59895.10.1.9.7
1.1.5.60252.29.4.22
1.1.5.60263.15.2.11.1.37.3.2
1.1.5.60264.5.1.12.2.43.3
1.1.5.60325.16.1.8
1.1.5.60326.5.1.10.1.8
1.1.5.60352.3
1.1.5.60443.5.1.1.2.3.2
1.1.5.60563.5.1
1.1.5.60597.30.2.4
1.1.5.60672.5.1.13.2.7
1.1.5.60704.9.5.8
1.1.5.60708.9.1.4
1.1.5.60824.25
1.1.5.60828.5.1.37.2.4.1.3
1.1.5.60914.13.1.4.3
1.1.5.60966.23.1.35
1.1.5.60972.5.1.25
1.1.5.60990.5.1.1.1
1.1.5.61003.5.1.2.1
1.1.5.61023.5.1.2
1.1.5.61116.3
1.1.5.61172.5.1.1
1.1.5.61196.30.3.41.1.15
1.1.5.61305.5.1.2.1.15
1.1.5.61335.31.2
1.1.5.61371.5.1
1.1.5.61399.8.2.11.4
1.1.5.61692.12
1.1.5.61927.17.1.8.6
1.1.5.61955.5.1.3.1
1.1.5.62001.28.1.10
1.1.5.62085.25.3.8.9
1.1.5.62096.18.1.8
1.1.5.62117.5.1.3
1.1.5.62130.5.1.9.1.1.1
1.1.5.62137.43.2
1.1.5.62399.12.1.4
1.1.5.62422.26.5.6.13.8.4.26
1.1.5.62428.5.1.2.2.4.1.9
1.1.5.62467.19
1.1.5.62558.5.1.1.1.2
1.1.5.62558.9.1.6.4
1.1.5.62574.5.1
1.1.5.62603.5.1.2.1
1.1.5.62830.5.1.3.3.29
1.1.5.62830.5.1.3.3.30
1.1.5.62933.3
1.1.5.62954.10.1.30.2
1.1.5.63044.11.2.4.1
1.1.5.63065.15.2
1.1.5.63183.24.2.16.1.1.1
1.1.5.63321.6
1.1.5.63351.5.1.2
1.1.5.63355.5.1
1.1.5.63363.19.1.4.4
1.1.5.63508.14.4.6.5.5.1.20
1.1.5.63702.5.1.2.1.7
1.1.5.63715.5.1.12
1.1.5.63849.5.1.15.1.1
1.1.5.63850.5.1.18.4.5.3.14
1.1.5.63875.19.3.10.10.2
1.1.5.63890.14.2.10.8
1.1.5.63928.5.1.11.9.13.1.3
1.1.5.63934.5.1.2.1.5.2
1.1.5.63935.11.1.10.4
1.1.5.64080.5.1
1.1.5.64203.13.2.6.3.14.2.18
1.1.5.64260.8.1.33.6
1.1.5.64445.6
1.1.5.64526.16.2.20.1.1.7.10
1.1.5.64532.15.1.6.5
1.1.5.64576.10.1.4
1.1.5.64599.15.2.6.5.32
1.1.5.64640.15.3
1.1.5.64669.5.1.2.2
1.1.5.64703.5.1.2.2.6.1.7
1.1.5.64854.5.1.2
1.1.5.64933.17.2.10.10
1.1.5.64949.13.2.10.4
1.1.5.64988.9.1.4.1
1.1.5.65046.5.1.3
1.1.5.65215.9.1.5
1.1.5.65274.10.1.9.7
1.1.5.65338.18.2
1.1.5.65344.17.2.17
1.1.5.65539.13.1.12.5
1.1.5.65655.27.4.26
1.1.5.65666.15.2.11.1.41.3.2
1.1.5.65667.5.1.12.2.47.3
1.1.5.65710.15.2.19.38.75.1.1
1.1.5.65716.21.2.12.49
1.1.5.65718.11.1.21
1.1.5.65721.5.1.1.62.105.7.19
1.1.5.65728.9.1.7
1.1.5.65737.5.1.3.1.7.1
1.1.5.65755.30.2.8
1.1.5.65832.5.1.40
1.1.5.65958.5.1.1
1.1.5.66097.12.1.9
1.1.5.66264.13.3.15
1.1.5.66363.13.1.4.3
1.1.5.66415.23.1.35
1.1.5.66418.10.1.10.2
1.1.5.66474.5.1.2
1.1.5.66521.26.2.18
1.1.5.66558.3
1.1.5.66614.5.1.1
1.1.5.66638.30.3.41.1.15
1.1.5.66677.11.1.4
1.1.5.66782.22.3.18.1.1
1.1.5.66822.13.2.4
1.1.5.66848.5.1.3.3.25
1.1.5.66895.29.1.4
1.1.5.67017.5.1
1.1.5.67142.25.3.4
1.1.5.67360.17.1.8.6
1.1.5.67433.28.1.10
1.1.5.67522.25.3.8.9
1.1.5.67533.18.1.8
1.1.5.67554.5.1.3
1.1.5.67567.5.1.9.1.1.1
1.1.5.67574.43.2
1.1.5.67843.12.1.4
1.1.5.67869.20.2.6.1.6
1.1.5.67877.5.1.2.2.4.1.9
1.1.5.68004.5.1.1.1.2
1.1.5.68004.9.1.6.4
1.1.5.68020.5.1
1.1.5.68254.10.2.8
1.1.5.68256.10.1.7
1.1.5.68298.44.3.9.7.8
1.1.5.68298.44.3.9.7.9
1.1.5.68408.3
1.1.5.68430.22.2.5
1.1.5.68464.5.1.3.2.6.1.35
1.1.5.68501.3
1.1.5.68530.31.2.6.8.7.18
1.1.5.68533.9.1.7.4
1.1.5.68569.14.3
1.1.5.68654.24.2.16.1.1.1
1.1.5.68819.5.1.2
1.1.5.68823.5.1
1.1.5.68831.19.1.4.4
1.1.5.68953.5.1
1.1.5.68969.5.1.2.2.27.6.16
1.1.5.69153.19.2.29.13
1.1.5.69314.45.1.12.4
1.1.5.69329.15.3.6.10.5.1.12
1.1.5.69346.20.2
1.1.5.69377.5.1.11.9.13.1.3
1.1.5.69383.5.1.2.1.5.2
1.1.5.69384.11.1.10.4
1.1.5.69528.5.1
1.1.5.69648.5.1.1.1.36
1.1.5.69664.14.2.14.6.8.3
1.1.5.69664.14.2.16.2
1.1.5.69724.8.1.33.6
1.1.5.69980.15.2.6
1.1.5.69986.5.1.11.7.24
1.1.5.70008.12.1.16
1.1.5.70023.10.1.4
1.1.5.70045.9.2.4.4
1.1.5.70092.15.3
1.1.5.70152.5.1.5
1.1.5.70309.5.1.2
1.1.5.70388.5.1.3.8.7
1.1.5.70403.13.2.10.4
1.1.5.70444.9.1.4.1
1.1.5.70496.5.1.6.2.4.3.47
1.1.5.70686.14.1.5.11
1.1.5.70910.5.1.3.1.18
1.1.5.71053.13.2.8.1.3
1.1.5.71100.5.1.2.1.7
1.1.5.71115.21.1.22
1.1.5.71126.15.2.11.1.23.3.2
1.1.5.71127.5.1.12.2.29.3
1.1.5.71184.5.1.5.3.1.5
1.1.5.71189.5.1.1.1.8
1.1.5.71196.15.3.11.8.10.6.19
1.1.5.71203.9.1.7
1.1.5.71212.5.1.3.1.7.1
1.1.5.71230.30.2.8
1.1.5.71314.5.1.1.2.3.2
1.1.5.71434.5.1
1.1.5.71491.11.2.8
1.1.5.71549.11.1.14.4
1.1.5.71714.26.1.15
1.1.5.71716.22.6.6.1.18
1.1.5.71758.5.1.1
1.1.5.71795.13.1.4.3
1.1.5.71840.14.3.14.1.1
1.1.5.71879.5.1.3.2
1.1.5.71900.5.1.2
1.1.5.71981.3
1.1.5.72037.5.1.1
1.1.5.72061.30.3.41.1.15
1.1.5.72206.22.3.18.1.1
1.1.5.72238.5.1.1
1.1.5.72258.40.3.9.7.16.5.18
1.1.5.72260.58.2.19.1
1.1.5.72427.5.1
1.1.5.72769.17.1.8.6
1.1.5.72842.28.1.10
1.1.5.72865.21.2.14.1.2.5.11
1.1.5.72932.5.1.5
1.1.5.72951.17.1.9
1.1.5.72977.19.3.5.2.6
1.1.5.72995.5.1
1.1.5.73307.5.1.2.2.4.1.9
1.1.5.73342.19
1.1.5.73433.26.1.9.11
1.1.5.73449.5.1
1.1.5.73478.5.1.2.1
1.1.5.73596.5.1
1.1.5.73669.10.1.17.4
1.1.5.73703.5.1.3.3.27
1.1.5.73703.5.1.3.3.28
1.1.5.73807.3
1.1.5.73829.22.2.5
1.1.5.73863.5.1.3.2.6.1.35
1.1.5.73900.3
1.1.5.73929.31.2.6.8.7.18
1.1.5.73932.9.1.7.4
1.1.5.73969.14.3
1.1.5.74054.29
1.1.5.74062.5.1.1.4.1.4
1.1.5.74236.5.1.2
1.1.5.74240.5.1
1.1.5.74246.5.1.1.2.6
1.1.5.74385.14.4.6.5.5.1.20
1.1.5.74554.19.2.29.13
1.1.5.74584.5.1.2.1.5
1.1.5.74597.5.1.12
1.1.5.74713.5.1.7.10.5.4.6
1.1.5.74735.17.2.8.7
1.1.5.74753.20.2
1.1.5.74784.5.1.11.9.13.1.3
1.1.5.74790.5.1.2.1.5.2
1.1.5.74791.11.1.10.4
1.1.5.74868.13.4
1.1.5.74935.5.1
1.1.5.75075.13.2.6.3.14.2.26
1.1.5.75130.10.1.6.10
1.1.5.75138.14.2.11.12.17
1.1.5.75261.5.1.21.2.21.7
1.1.5.75368.16.2.20.1.1.7.10
1.1.5.75374.15.1.6.5
1.1.5.75408.19.3.23
1.1.5.75428.10.1.4
1.1.5.75450.9.2.4.4
1.1.5.75498.15.3
1.1.5.75527.5.1.2.2
1.1.5.75554.5.1.5
1.1.5.75713.5.1.2
1.1.5.75787.15.2.18.15
1.1.5.75799.13.2.10.4
1.1.5.75891.5.1.6
1.1.5.76021.31.4.9.10.11.4.35.10
1.1.5.76062.5.1.4.3.10.2
1.1.5.76078.21.1.7.1.7
1.1.5.76118.10.1.9.7
1.1.5.76375.13.1.12.5
1.1.5.76488.27.4.26
1.1.5.76499.15.2.11.1.41.3.2
1.1.5.76500.5.1.12.2.47.3
1.1.5.76557.5.1.5.3.1.5
1.1.5.76562.5.1.1.1.8
1.1.5.76569.15.3.11.8.10.6.19
1.1.5.76576.9.1.7
1.1.5.76585.5.1.3.1.7.1
1.1.5.76603.30.2.8
1.1.5.76798.5.1
1.1.5.76830.5.1.4.4
1.1.5.76920.11.1.14.4
1.1.5.76930.12.1.9
1.1.5.77102.13.3.15
1.1.5.77189.13.1.4.3
1.1.5.77241.23.1.35
1.1.5.77247.5.1.25
1.1.5.77267.5.1.1.1
1.1.5.77300.5.1.2
1.1.5.77386.3
1.1.5.77442.5.1.1
1.1.5.77466.30.3.41.1.15
1.1.5.77505.11.1.4
1.1.5.77573.5.1.1
1.1.5.77598.22.3.18.1.1
1.1.5.77630.5.1.1
1.1.5.77653.5.1.3.3.25
1.1.5.77700.29.1.4
1.1.5.77826.5.1
1.1.5.78160.17.1.8.6
1.1.5.78322.5.1.5
1.1.5.78341.17.1.9
1.1.5.78366.19.3.5.2.7
1.1.5.78384.5.1
1.1.5.78684.5.1.6
1.1.5.78691.5.1.5.1.9
1.1.5.78747.3
1.1.5.78750.5.1.22.17.29
1.1.5.78831.35.1.9.17
1.1.5.78862.3
1.1.5.79022.5.1
1.1.5.79079.5.1.5.2
1.1.5.79133.5.1.3.3.27
1.1.5.79133.5.1.3.3.28
1.1.5.79260.22.2.5
1.1.5.79294.5.1.3.2.6.1.35
1.1.5.79341.5.1.2.1.1.1.4
1.1.5.79360.15.2
1.1.5.79475.24.2.16.1.1.1
1.1.5.79649.5.1.2
1.1.5.79653.5.1
1.1.5.79661.19.1.4.4
1.1.5.79780.5.1
1.1.5.79798.3
1.1.5.79980.19.2.29.13
1.1.5.80140.3
1.1.5.80153.5.1.33.7.11.2.2
1.1.5.80178.19.3.10.10.2
1.1.5.80193.14.2.10.8
1.1.5.80243.5.1.11.9.13.1.2
1.1.5.80247.9.1.5
1.1.5.80270.5.1
1.1.5.80410.5.1
1.1.5.80530.5.1.1.1.36
1.1.5.80546.14.2.14.6.8.3
1.1.5.80546.14.2.16.2
1.1.5.80606.8.1.33.6
1.1.5.80730.5.1.21.2.21.7
1.1.5.80837.16.2.20.1.1.7.10
1.1.5.80843.15.1.6.5
1.1.5.80884.15.2.4.3
1.1.5.80902.15.2.6.5.25
1.1.5.80938.15.3
1.1.5.80999.30.1.11.10
1.1.5.81145.13.2.18.2.6.1
1.1.5.81202.14.1.5
1.1.5.81223.17.2.10.10
1.1.5.81239.13.2.10.4
1.1.5.81283.9.1.4.1
1.1.5.81341.5.1.3
1.1.5.81528.5.1.25
1.1.5.81571.10.1.9.7
1.1.5.81821.13.1.12.5
1.1.5.81878.13.2.8.1.3
1.1.5.81925.5.1.2.1.7
1.1.5.81940.21.1.22
1.1.5.81951.15.2.11.1.23.3.2
1.1.5.81952.5.1.12.2.29.3
1.1.5.82011.15.2.19.23.13.1.1
1.1.5.82017.21.2.12.34
1.1.5.82019.11.1.21
1.1.5.82022.5.1.1.47.43.7.19
1.1.5.82029.9.1.7
1.1.5.82038.5.1.3.1.7.1
1.1.5.82056.30.2.8
1.1.5.82142.5.1.1.2.3.2
1.1.5.82182.6
1.1.5.82260.5.1
1.1.5.82354.46.2.4
1.1.5.82368.5.1
1.1.5.82381.5.1.13.2.14
1.1.5.82413.9.5.8
1.1.5.82417.9.1.4
1.1.5.82536.6
1.1.5.82540.5.1.24.2.4.1.3
1.1.5.82580.5.1.1
1.1.5.82618.13.1.4.3
1.1.5.82670.23.1.35
1.1.5.82675.8.2.4.6
1.1.5.82737.44.4.31
1.1.5.82798.3
1.1.5.82854.5.1.1
1.1.5.82877.13.3.27.1.22
1.1.5.82890.26.2.14.11.5.7
1.1.5.82898.5.1.7.5.9
1.1.5.83026.31.2
1.1.5.83062.5.1
1.1.5.83090.8.2.11.4
1.1.5.83333.34.2.31.16.22
1.1.5.83602.17.1.8.6
1.1.5.83675.28.1.10
1.1.5.83763.25.3.8.9
1.1.5.83774.18.1.8
1.1.5.83793.12.1.8.7
1.1.5.83807.19.3.5.2.17
1.1.5.83825.5.1
1.1.5.83978.5.1
1.1.5.84117.20.2.6.1.6
1.1.5.84125.5.1.2.2.4.1.9
1.1.5.84164.19
1.1.5.84203.10.2.18
1.1.5.84238.72.2.4.2
1.1.5.84284.5.1.2.1
1.1.5.84469.5.1.7.1.1.5
1.1.5.84471.5.1.16.5
1.1.5.84484.10.1.17.4
1.1.5.84499.32.1.4.1
1.1.5.84513.5.1.18.6
1.1.5.84534.5.1.1.1.5
1.1.5.84534.5.1.1.1.6
1.1.5.84572.17.2.4
1.1.5.84635.3
1.1.5.84657.22.2.5
1.1.5.84691.5.1.3.2.6.1.35
1.1.5.84757.31.2.6.8.7.11
1.1.5.84760.9.1.7.4
1.1.5.84797.5.1.2.2.47.6
1.1.5.85044.5.1.2
1.1.5.85054.15.2.11
1.1.5.85137.5.1
1.1.5.85174.5.1
1.1.5.85191.29.3.16.1.3.1.17
1.1.5.85326.14.3.11.2.6
1.1.5.85379.5.1.2.1.7
1.1.5.85391.5.1.2.9.10
1.1.5.85517.5.1.33.7.11.2.2
1.1.5.85542.19.3.10.10.2
1.1.5.85560.3
1.1.5.85589.5.1.11.9.13.1.3
1.1.5.85595.5.1.2.1.5.2
1.1.5.85596.11.1.10.4
1.1.5.85681.13.4
1.1.5.85745.5.1
1.1.5.85894.9.1.4.13
1.1.5.85952.10.1.6.10
1.1.5.85960.14.2.11.12.17
1.1.5.86092.5.1.21.2.21.7
1.1.5.86205.16.2.20.1.1.7.10
1.1.5.86211.15.1.6.5
1.1.5.86245.19.3.23
1.1.5.86265.10.1.4
1.1.5.86288.15.2.6.5.32
1.1.5.86329.15.3
1.1.5.86389.5.1.5
1.1.5.86544.13.2.18.2.6.1
1.1.5.86607.14.1.5
1.1.5.86629.23.1.10.5
1.1.5.86645.5.1.1.2.3.1
1.1.5.86651.5.1.2.3.6.3
1.1.5.86683.9.1.4.1
1.1.5.86741.5.1.3
1.1.5.86971.10.1.9.7
1.1.5.87037.18.2
1.1.5.87043.17.2.17
1.1.5.87237.13.1.12.5
1.1.5.87283.13.2.8.1.3
1.1.5.87339.27.4.26
1.1.5.87350.15.2.11.1.41.3.2
1.1.5.87351.5.1.12.2.47.3
1.1.5.87408.5.1.5.3.1.5
1.1.5.87413.5.1.1.1.8
1.1.5.87420.15.3.11.8.10.6.19
1.1.5.87427.9.1.7
1.1.5.87436.5.1.3.1.7.1
1.1.5.87454.30.2.8
1.1.5.87542.5.1.1.2.3.2
1.1.5.87665.5.1
1.1.5.87764.5.1.13.2.7
1.1.5.87796.9.5.8
1.1.5.87800.9.1.4
1.1.5.87925.25
1.1.5.87929.5.1.37.2.4.1.3
1.1.5.87972.5.1.1
1.1.5.88009.13.1.4.3
1.1.5.88061.23.1.35
1.1.5.88113.5.1.2
1.1.5.88209.3
1.1.5.88265.5.1.1
1.1.5.88289.30.3.41.1.15
1.1.5.88328.11.1.4
1.1.5.88395.5.1.1
1.1.5.88420.22.3.18.1.1
1.1.5.88452.5.1.1
1.1.5.88455.13.2
1.1.5.88474.40.3.9.7.16.5.77
1.1.5.88476.58.2.19.1
1.1.5.88654.5.1
1.1.5.88985.17.1.8.6
1.1.5.89055.28.2.4
1.1.5.89078.21.2.14.1.2.5.12
1.1.5.89148.25.3.8.9
1.1.5.89159.18.1.8
1.1.5.89180.5.1.3
1.1.5.89193.5.1.9.1.1.1
1.1.5.89200.43.2
1.1.5.89477.12.1.4
1.1.5.89501.5.1.6
1.1.5.89508.5.1.5.1.9
1.1.5.89546.5.1.5.1.9.3
1.1.5.89564.3
1.1.5.89567.5.1.22.17.29
1.1.5.89630.72.2.4.2
1.1.5.89656.3
1.1.5.89909.9.1.5
1.1.5.89936.5.1.3.3.29
1.1.5.89936.5.1.3.3.30
1.1.5.89978.17.2.4
1.1.5.90041.3
1.1.5.90063.22.2.5
1.1.5.90097.5.1.3.2.6.1.35
1.1.5.90144.5.1.2.1.1.1.4
1.1.5.90163.15.2
1.1.5.90273.5.1.3.1
1.1.5.90274.5.1.1.4.1.1
1.1.5.90437.5.1.2
1.1.5.90441.5.1
1.1.5.90449.19.1.4.4
1.1.5.90566.5.1
1.1.5.90582.14.3.7.2.18.5.14
1.1.5.90727.14.3.11.2.6
1.1.5.90750.19.2.29.13
1.1.5.90780.5.1.2.1.5
1.1.5.90794.5.1.2.9.16
1.1.5.90922.3
1.1.5.90935.5.1.33.7.11.2.2
1.1.5.90960.19.3.10.10.2
1.1.5.90978.16.5.15.1.2.3
1.1.5.91006.5.1.11.9.13.1.3
1.1.5.91012.5.1.2.1.5.2
1.1.5.91013.11.1.10.4
1.1.5.91161.5.1
1.1.5.91280.5.1.1.1.36
1.1.5.91296.14.2.14.6.8.3
1.1.5.91296.14.2.16.2
1.1.5.91356.8.1.33.6
1.1.5.91474.5.1.13.18.12.1.2.11
1.1.5.91549.6
1.1.5.91636.16.2.20.1.1.7.10
1.1.5.91642.15.1.6.5
1.1.5.91647.9.2.9.8
1.1.5.91679.12.1.16
1.1.5.91694.10.1.4
1.1.5.91716.9.2.4.4
1.1.5.91772.15.3
1.1.5.91838.5.1.2.2.6.1.7
1.1.5.91999.13.2.18.2.6.1
1.1.5.92078.5.1.1.1.15
1.1.5.92093.5.1.2.3.6.3
1.1.5.92171.5.1.6.2.4.3.47
1.1.5.92248.5.1
1.1.5.92264.13.2.6.4
1.1.5.92284.5.1.1.2
1.1.5.92354.5.1.4.3.23.8
1.1.5.92372.5.1.7.1.7
1.1.5.92587.5.1.2.2.44
1.1.5.92810.27.4.26
1.1.5.92821.15.2.11.1.41.3.2
1.1.5.92822.5.1.12.2.47.3
1.1.5.92876.15.2.19.33.39.1.1
1.1.5.92882.21.2.12.44
1.1.5.92884.11.1.21
1.1.5.92887.5.1.1.57.69.7.19
1.1.5.92894.9.1.7
1.1.5.92903.5.1.3.1.7.1
1.1.5.92921.30.2.8
1.1.5.93121.5.1.1
1.1.5.93224.46.2.4
1.1.5.93251.11.1.14.4
1.1.5.93261.12.1.9
1.1.5.93518.13.1.4.3
1.1.5.93570.23.1.35
1.1.5.93630.5.1.2
1.1.5.93762.5.1.1
1.1.5.93786.30.3.41.1.15
1.1.5.93933.31.2
1.1.5.93969.5.1
1.1.5.93999.8.2.11.4
1.1.5.94222.32.1.14
1.1.5.94243.5.1.5.1
1.1.5.94244.16.3.5.2.8
1.1.5.94258.5.1.3.1.2
1.1.5.94487.17.1.8.6
1.1.5.94575.21.2.14.1.2.5.14
1.1.5.94645.21.2.18.23
1.1.5.94655.18.1.8
1.1.5.94676.15.2.16.1.1.1.11
1.1.5.94688.5.1.9.1.1.1
1.1.5.94695.43.2
1.1.5.94990.5.1.6
1.1.5.94997.5.1.5.1.9
1.1.5.95053.3
1.1.5.95056.5.1.22.17.29
1.1.5.95103.39.2
1.1.5.95129.5.1.5.1.3
1.1.5.95129.5.1.5.1.7
1.1.5.95143.5.1
1.1.5.95172.5.1.2.1
1.1.5.95325.3
1.1.5.95352.5.1.5.2
1.1.5.95373.26.1.4
1.1.5.95402.5.1.18.6
1.1.5.95423.5.1.1.1.5
1.1.5.95423.5.1.1.1.6
1.1.5.95461.17.2.4
1.1.5.95527.3
1.1.5.95549.22.2.5
1.1.5.95583.5.1.3.2.6.1.35
1.1.5.95649.31.2.6.8.7.11
1.1.5.95652.9.1.7.4
1.1.5.95675.18.1.13
1.1.5.95755.5.1
1.1.5.95767.24.2.16.1.1.1
1.1.6.80.5.1
1.1.6.96.14.3.7.2.18.5.14
1.1.6.272.19.2.29.13
1.1.6.302.5.1.2.1.5
1.1.6.315.5.1.12
1.1.6.436.45.1.12.4
1.1.6.451.15.3.6.10.5.1.12
1.1.6.468.20.2
1.1.6.499.5.1.11.9.13.1.2
1.1.6.503.9.1.5
1.1.6.651.5.1
1.1.6.772.5.1.1.1.39
1.1.6.788.14.2.14.6.8.3
1.1.6.788.14.2.16.2
1.1.6.848.8.1.33.6
1.1.6.957.5.1.21.2.19.7
1.1.6.1015.6
1.1.6.1112.9.2.9.8
1.1.6.1142.5.1.2.1.2.2
1.1.6.1164.15.2.6.5.25
1.1.6.1209.15.3
1.1.6.1276.5.1.2.2.6.1.7
1.1.6.1436.5.1.2
1.1.6.1515.17.2.10.10
1.1.6.1531.13.2.10.4
1.1.6.1575.9.1.4.1
1.1.6.1633.5.1.3
1.1.6.1706.5.1
1.1.6.1722.13.2.6.4
1.1.6.1742.5.1.1.2
1.1.6.1808.9.1.5
1.1.6.1941.18.2
1.1.6.1947.17.2.17
1.1.6.2248.27.4.26
1.1.6.2259.15.2.11.1.41.3.2
1.1.6.2260.5.1.12.2.47.3
1.1.6.2321.5.1.5.3.1.4
1.1.6.2326.5.1.1.1.8
1.1.6.2333.15.3.11.8.10.6.19
1.1.6.2340.9.1.7
1.1.6.2349.5.1.3.1.7.1
1.1.6.2367.30.2.8
1.1.6.2567.5.1
1.1.6.2641.11.2.8
1.1.6.2665.46.2.4
1.1.6.2692.11.1.14.4
1.1.6.2851.5.1.11.4.50.1.3
1.1.6.2892.5.1.1
1.1.6.2927.13.1.4.3
1.1.6.2979.23.1.35
1.1.6.2982.10.1.10.2
1.1.6.3039.5.1.2
1.1.6.3125.3
1.1.6.3181.5.1.1
1.1.6.3204.13.3.27.1.22
1.1.6.3217.26.2.14.11.5.7
1.1.6.3225.5.1.7.5.9
1.1.6.3264.14.1.4
1.1.6.3383.5.1
1.1.6.3405.5.1.3.3.25
1.1.6.3452.29.1.4
1.1.6.3577.5.1
1.1.6.3644.34.2.31.16.22
1.1.6.3908.17.1.8.6
1.1.6.3981.28.1.10
1.1.6.4070.21.2.18.23
1.1.6.4080.18.1.8
1.1.6.4100.15.4.15
1.1.6.4113.5.1.9.1.1.1
1.1.6.4120.43.2
1.1.6.4425.20.2.6.1.6
1.1.6.4436.5.1.30
1.1.6.4467.18.2.5.21.20.5
1.1.6.4522.10.2.12
1.1.6.4576.26.1.9.6
1.1.6.4607.3
1.1.6.4835.19.3.12
1.1.6.4888.5.1.3.3.27
1.1.6.4888.5.1.3.3.28
1.1.6.4992.3
1.1.6.5014.22.2.5
1.1.6.5055.13.2.21
1.1.6.5106.3
1.1.6.5132.14.1.15.11.7.1
1.1.6.5132.14.1.18.14.17.2
1.1.6.5135.9.1.7.4
1.1.6.5171.14.3
1.1.6.5246.5.1.3.1
1.1.6.5247.5.1.1.4.1.1
1.1.6.5530.5.1
1.1.6.5574.5.1
1.1.6.5592.3
1.1.6.5618.45.2.8
1.1.6.5628.5.1
1.1.6.5793.5.1.2.1.7
1.1.6.5805.5.1.2.9.10
1.1.6.5926.45.1.12.4
1.1.6.5942.17.1.6.2
1.1.6.5960.14.2.10.8
1.1.6.5967.28.3.8.1.2.2
1.1.6.5997.5.1.11.9.13.1.2
1.2.1.2.1
1.2.364.2.1
1.2.440.2.1.4.3.6.1
1.2.450.8.4.14.2.6
1.2.482.12.6.9.4.3.1
1.2.574.4.2.6.2.16.1.21
1.2.582.4.2.16.5.27.3.4
1.2.602.4.2.3.4
1.2.726.8.4.14.3
1.2.957.4.2.5.2.13.2.9
1.2.963.6.3.8.2.17.1.1
1.2.1058.16.8.16.3.3.1.7
1.2.1148.4.2.10.1
1.2.1150.4.2.4.3
1.2.1224.4.2.4.1.1.1.1
1.2.1245.2.1.18
1.2.1479.4.2.23.6
1.2.1485.4.2.5
1.2.1642.2.1.10.1.1.1.13
1.2.1652.2.1
1.2.1748.2.1.2.1.5.1
1.2.1965.4.2.5.2
1.2.1984.8.4.8.5
1.2.2018.2.1.9.2.3.2.15.18
1.2.2070.4.2.19.6.22.3
1.2.2325.2.1.5.4
1.2.2496.26.13.33.1
1.2.2513.2.1
1.2.2575.2.1.3.2.14.1
1.2.2678.4.2.8
1.2.2725.6.3.7.1
1.2.2786.2.1.2.1.6
1.2.2880.2.1.3.3.24.11.27
1.2.2882.4.2.5
1.2.2887.8.4.20.4
1.2.2892.18.9.35.2
1.2.2928.1
1.2.3319.10.5.27.4
1.2.3387.6.3.7.1.4.2
1.2.3473.2.1.5.2.4
1.2.3681.4.2.11.3.4
1.2.3746.8.4.12.2
1.2.3786.4.2.7.3
1.2.3803.6.3
1.2.3868.2.1.1.1.5.8.10
1.2.3938.8.4.11
1.2.3948.2.1.3
1.2.4043.4.2.4
1.2.4117.1
1.2.4268.4.2.5.2.4
1.2.4338.2.1.2.4
1.2.4398.4.2
1.2.4558.3
1.2.4577.18.9.20.3.7
1.2.4605.6.3.16.1.1
1.2.4760.2.1.2.3.11.1
1.2.4930.4.2
1.2.4982.2.1.2
1.2.5014.2.1
1.2.5392.4.2.12.2
1.2.5398.6.3.8.3
1.2.5409.6.3.8.2
1.2.5568.8.4.24.6.5.1.7.14
1.2.5622.6.3.7
1.2.5637.6.3.21.1.3.3
1.2.5683.2.1.1.1.20.2.23
1.5.1.10.2.1.6.1
1.5.133.10.2.1.27.5.25.8
1.5.160.5.2.1.9
1.5.186.7.2.1
1.5.236.8.2.1.10.2.2
1.5.356.8.2.1.2.2.6.4.19
1.5.382.7.2.1.10
1.5.464.8.2.1.16
1.5.467.11.2.1
1.5.677.23.2.1
1.5.805.7.2.1.4.1.3
1.5.825.6.2.1
1.5.916.7.2.1.37
1.5.926.7.2.1
1.5.944.13.2.1.3
1.5.1235.17.2.1.1
1.5.1248.13.2.1.5.1.3
1.5.1318.9.2.1.20
1.5.1459.9.2.1.8.2.4
1.5.1662.17.2.1.4.5.22.3.3
1.5.1851.23.2.1.21.3.14.2
1.5.1908.16.2.1.2.1.3.3.21
1.5.1950.8.2.1
1.5.2071.10.2.1.24.5
1.5.2124.10.2.1.2.1
1.5.2181.23.2.1.1.1.9
1.5.2229.8.2.1.2.1
1.5.2290.6.2.1
1.5.2321.7.2.1.18.2.7.2
1.5.2331.5.2.1
1.5.2483.9.2.1.5.1
1.5.2552.10.2.1
1.5.2603.7.2.1
1.5.2641.14.2.1.20
1.5.2717.7.2.1.4.1
1.5.2724.16.2.1.4.1.9.2.6
1.5.2792.14.2.1.15
1.5.2801.14.2.1
1.5.3214.6.2.1
1.5.3233.5.2.1.8.4.31.5
1.5.3497.10.2.1.12.3.9.1
1.5.3568.7.2.1.4.2.4.7.16
1.5.3667.9.2.1.8.2.5.1
1.5.3725.7.2.1.2.1.7.2
1.5.3751.6.2.1.2.2.34.3.13
1.5.4037.13.2.1.6.1
1.5.4180.6.2.1.2.2
1.5.4198.11.2.1.8.1
1.5.4199.17.2.1
1.5.4238.15.2.1.8
1.5.4599.11.2.1.25
1.5.4651.9.2.1
1.5.5186.10.2.1.4.3.14
1.5.5322.8.2.1
1.5.5696.14.2.1.9.1.1.3.8
1.5.5714.31.2.1.2.1.1.1
1.5.5805.10.2.1.17.4.8.2
1.5.5855.7.2.1.1
1.5.5975.19.2.1
1.5.6043.10.2.1.3
1.5.6131.8.2.1
1.5.6138.8.2.1.2.3
1.5.6226.13.2.1.6
1.5.6247.6.2.1.5.3.1.1.9
1.5.6247.6.2.1.5.3.1.1.10
1.5.6276.8.2.1.6.1
1.5.6320.8.2.1.10.2.10
1.5.6398.19.2.1.6
1.5.6439.14.2.1.11.6.28
1.5.6444.8.2.1.7.4.10.5
1.5.6523.11.2.1.11.2.5.6.17
1.5.6548.8.2.1
1.5.6583.11.2.1.3.7.9.3
1.5.6644.6.2.1.8.2
1.5.6688.15.2.1.3
1.5.6905.13.2.1.1
1.5.7065.16.2.1.10
1.5.7088.12.2.1
1.5.7164.13.2.1.3.3.13.1
1.5.7296.10.2.1.27.5.25.8
1.5.7529.7.2.1.10
1.5.7590.8.2.1.50
1.5.7593.11.2.1
1.5.7799.23.2.1
1.5.7803.27.2.1
1.5.7941.9.2.1.9.2.7
1.5.7972.30.2.1.4.3.10
1.5.8062.7.2.1.37
1.5.8072.7.2.1
1.5.8090.13.2.1.3
1.5.8390.17.2.1.1
1.5.8473.20.2.1.21.7.16
1.5.8533.6.2.1.19.4
1.5.8596.7.2.1.11
1.5.8604.6.2.1.9.1.3
1.5.8798.6.2.1.2.1.4.7.7
1.5.8846.7.2.1.8.2.7.1
1.5.8999.23.2.1.21.3.14.2
1.5.9056.16.2.1.2.1.3.3.21
1.5.9098.8.2.1
1.5.9232.11.2.1
1.5.9267.10.2.1.2.1
1.5.9465.7.2.1.19.2.7.2
1.5.9475.5.2.1
1.5.9631.9.2.1.5.1
1.5.9730.7.2.1
1.5.9768.8.2.1.22
1.5.9850.13.2.1.2
1.5.9852.10.2.1.5.6.12.3
1.5.9916.14.2.1.15
1.5.9925.14.2.1
1.5.10077.9.2.1.3
1.5.10131.6.2.1
1.5.10210.9.2.1
1.5.10298.6.2.1
1.5.10357.5.2.1.8.4.36.5
1.5.10609.10.2.1.12.3.9.1
1.5.10770.9.2.1.8.2.5.1
1.5.10781.11.2.1.14
1.5.10861.24.2.1.15.2.10.3.23
1.5.11092.9.2.1
1.5.11286.15.2.1.8
1.5.11623.11.2.1.25
1.5.12190.10.2.1.4.3.23
1.5.12240.6.2.1.1.1
1.5.12278.6.2.1
1.5.12343.8.2.1
1.5.12698.7.2.1.13
1.5.12714.9.2.1.7.1.8.4.8
1.5.12872.20.2.1.16
1.5.12929.6.2.1.2.1
1.5.12991.19.2.1
1.5.13059.10.2.1.3
1.5.13165.8.2.1.2.3
1.5.13217.6.2.1.10.1.2.1
1.5.13258.13.2.1.6
1.5.13279.6.2.1.5.3.1.1.9
1.5.13279.6.2.1.5.3.1.1.10
1.5.13308.8.2.1.6.1
1.5.13440.19.2.1.6
1.5.13481.14.2.1.11.6.28
1.5.13486.8.2.1.7.4.10.5
1.5.13527.9.2.1
1.5.13545.8.2.1.2.1.1
1.5.13598.8.2.1
1.5.13723.15.2.1.3
1.5.13807.12.2.1.2.2
1.5.14100.8.2.1.33
1.5.14204.13.2.1.3.3.13.1
1.5.14326.19.2.1.23.1
1.5.14361.5.2.1.9
1.5.14387.7.2.1
1.5.14437.8.2.1.10.2.2
1.5.14583.7.2.1.10
1.5.14644.8.2.1.50
1.5.14647.11.2.1
1.5.14856.23.2.1
1.5.14980.7.2.1.9.8.9
1.5.15005.17.2.1.3.2
1.5.15006.6.2.1.6.3
1.5.15102.22.2.1.17.3.4
1.5.15132.6.2.1.2.1.2
1.5.15432.17.2.1.1
1.5.15515.20.2.1.21.7.16
1.5.15660.9.2.1.8.2.4
1.5.15867.17.2.1.4.5.22.3.3
1.5.15904.7.2.1.8.2.7.1
1.5.15988.5.2.1.11
1.5.16014.18.2.1
1.5.16070.23.2.1.21.3.14.2
1.5.16127.16.2.1.2.1.3.3.21
1.5.16165.8.2.1
1.5.16290.10.2.1.24.5
1.5.16405.9.2.1.15.2.3
1.5.16456.8.2.1.2.1
1.5.16557.7.2.1.18.2.7.2
1.5.16567.5.2.1
1.5.16826.7.2.1
1.5.16863.14.2.1.22
1.5.16939.7.2.1.4.1
1.5.16946.16.2.1.4.1.9.2.6
1.5.17020.14.2.1.15
1.5.17029.14.2.1
1.5.17183.9.2.1.3
1.5.17237.6.2.1
1.5.17316.9.2.1.29.3
1.5.17401.6.2.1
1.5.17533.15.2.1.1.1.4.3.10
1.5.17557.8.2.1
1.5.17832.7.2.1.6.3.11
1.5.17904.10.2.1.8.2.15
1.5.17920.6.2.1.4.1.27.5.8
1.5.17961.7.2.1.2.1.7.2
1.5.17987.6.2.1.2.2.34.3.13
1.5.18265.13.2.1.6.1
1.5.18422.11.2.1.8.1
1.5.18423.17.2.1
1.5.18462.15.2.1.8
1.5.18824.11.2.1.25
1.5.18867.7.2.1.3.3.21.1
1.5.19261.12.2.1.22.8.9.2
1.5.19368.10.2.1.4.3.23
1.5.19418.10.2.1.44.1.5.2.4
1.5.19430.6.2.1.36.6
1.5.19503.11.2.1.3.2
1.5.19514.8.2.1
1.5.19863.7.2.1.13
1.5.19901.31.2.1.2.1.1.1
1.5.19929.15.2.1
1.5.19936.6.2.1.4.1
1.5.20042.16.2.1.5
1.5.20044.7.2.1.6.1.3
1.5.20095.6.2.1.2.1
1.5.20157.19.2.1
1.5.20225.10.2.1.3
1.5.20408.7.2.1.1.17.64.4
1.5.20434.6.2.1.5.3.1.1.9
1.5.20434.6.2.1.5.3.1.1.10
1.5.20463.8.2.1.6.1
1.5.20507.8.2.1.10.2.10
1.5.20585.19.2.1.6
1.5.20618.6.2.1
1.5.20632.14.2.1.15.3.4
1.5.20637.8.2.1.7.4.10.5
1.5.20690.8.2.1.2.1.1
1.5.20723.11.2.1.11.2.5.12.9
1.5.20748.8.2.1
1.5.20822.6.2.1.1.1
1.5.20856.15.2.1.3
1.5.21071.13.2.1.1
1.5.21073.11.2.1
1.5.21139.12.2.1.2.2
1.5.21140.10.2.1.5.1
1.5.21254.9.2.1.13
1.5.21302.7.2.1
1.5.21368.13.2.1.3.3.13.1
1.5.21497.10.2.1.27.5.25.8
1.5.21700.8.2.1.2.2.6.4.19
1.5.21726.7.2.1.10
1.5.21808.8.2.1.16
1.5.21811.11.2.1
1.5.22015.23.2.1
1.5.22135.7.2.1.4.1.3
1.5.22154.17.2.1.3.2
1.5.22155.6.2.1.6.3
1.5.22251.22.2.1.17.3.4
1.5.22281.6.2.1.2.1.2
1.5.22581.17.2.1.1
1.5.22594.13.2.1.5.1.3
1.5.22714.5.2.1.6.2.7.3.19
1.5.22726.6.2.1.21.6
1.5.22783.9.2.1.43.2.4
1.5.22993.6.2.1.2.1.4.10.15
1.5.23041.7.2.1.8.2.7.1
1.5.23191.23.2.1.21.3.14.2
1.5.23248.16.2.1.2.1.3.3.21
1.5.23290.8.2.1
1.5.23407.10.2.1.24.5
1.5.23527.9.2.1.31.2.3
1.5.23578.8.2.1.2.1
1.5.23641.6.2.1
1.5.23682.5.2.1.14.3.21.3
1.5.23696.28.2.1.20.6.5.8.14
1.5.23949.8.2.1.22
1.5.24029.13.2.1.2
1.5.24031.10.2.1.5.6.12.3
1.5.24098.8.2.1.1
1.5.24100.18.2.1.3.1.19
1.5.24109.14.2.1
1.5.24267.9.2.1.3
1.5.24321.6.2.1
1.5.24388.9.2.1
1.5.24610.15.2.1.1.1.4.3.10
1.5.24634.8.2.1
1.5.24656.15.2.1.10.2
1.5.24967.10.2.1.8.2.15
1.5.24983.6.2.1.4.1.27.5.8
1.5.25059.24.2.1.15.2.8.1.15
1.5.25303.9.2.1
1.5.25455.6.2.1.2.2
1.5.25474.8.2.1.3.1
1.5.25504.15.2.1.4
1.5.25867.11.2.1.25
1.5.25919.9.2.1
1.5.26558.11.2.1.3.2
1.5.26569.8.2.1
1.5.26900.10.2.1.17.4.19.1.6
1.5.26915.9.2.1.7.1.8.4.8
1.5.27072.9.2.1.4.3.11
1.5.27072.9.2.1.5.4.16
1.5.27123.6.2.1.2.1
1.5.27185.19.2.1
1.5.27253.10.2.1.3
1.5.27368.8.2.1.2.3
1.5.27420.6.2.1.10.1.2.1
1.5.27461.13.2.1.6
1.5.27482.6.2.1.5.3.1.1.9
1.5.27482.6.2.1.5.3.1.1.10
1.5.27511.8.2.1.6.1
1.5.27643.19.2.1.6
1.5.27682.15.2.1.10.4.12.1.6
1.5.27727.9.2.1
1.5.27763.15.2.1.3.1.4.8
1.5.27771.11.2.1.2.2.11.6.11
1.5.27796.8.2.1
1.5.27928.15.2.1.3
1.5.28009.12.2.1.2.2
1.5.28133.13.2.1.1
1.5.28313.16.2.1.10
1.5.28336.12.2.1
1.5.28412.13.2.1.3.3.13.1
1.5.28541.10.2.1.27.5.25.8
1.5.28589.7.2.1
1.5.28639.8.2.1.10.2.2
1.5.28740.8.2.1.2.2.6.4.19
1.5.28766.7.2.1.10
1.5.28827.8.2.1.50
1.5.28830.11.2.1
1.5.29046.23.2.1
1.5.29174.7.2.1.4.1.3
1.5.29193.17.2.1.3.2
1.5.29194.6.2.1.6.3
1.5.29286.7.2.1.37
1.5.29296.7.2.1
1.5.29314.13.2.1.3
1.5.29614.17.2.1.1
1.5.29627.13.2.1.5.1.3
1.5.29731.8.2.1
1.5.29780.6.2.1.13.1.13.5
1.5.30043.6.2.1.2.1.4.7.20
1.5.30091.7.2.1.8.2.7.1
1.5.30179.5.2.1.11
1.5.30205.18.2.1
1.5.30261.23.2.1.21.3.14.2
1.5.30318.16.2.1.2.1.3.3.21
1.5.30356.8.2.1
1.5.30477.10.2.1.24.5
1.5.30530.10.2.1.2.1
1.5.30785.5.2.1.14.3.21.3
1.5.30799.28.2.1.20.6.5.8.14
1.5.30918.9.2.1.5.1
1.5.30992.10.2.1
1.5.31040.7.2.1
1.5.31070.19.2.1.4.1.1.7.4
1.5.31137.7.2.1.4.1
1.5.31144.16.2.1.4.1.9.2.6
1.5.31216.14.2.1.15
1.5.31225.14.2.1
1.5.31375.9.2.1.3
1.5.31429.6.2.1
1.5.31506.9.2.1
1.5.31682.7.2.1
1.5.31724.15.2.1.1.1.4.3.10
1.5.31748.8.2.1
1.5.31931.10.2.1.12.3.9.1
1.5.32000.7.2.1.4.2.4.7.16
1.5.32099.9.2.1.8.2.5.1
1.5.32110.11.2.1.14
1.5.32190.24.2.1.15.2.8.1.20
1.5.32437.9.2.1
1.5.32591.6.2.1.2.2
1.5.32609.8.2.1.2.1
1.5.32639.15.2.1.4
1.5.32782.16.2.1.9.1
1.5.32998.11.2.1.25
1.5.33575.10.2.1.4.3.14
1.5.33624.7.2.1.5
1.5.33707.8.2.1
1.5.34058.19.2.1.7.5.10
1.5.34090.31.2.1.2.1.1.1
1.5.34173.10.2.1.17.4.8.2
1.5.34232.20.2.1.21
1.5.34422.10.2.1.3
1.5.34517.8.2.1.2.3
1.5.34606.13.2.1.6
1.5.34627.6.2.1.5.3.1.1.9
1.5.34627.6.2.1.5.3.1.1.10
1.5.34656.8.2.1.6.1
1.5.34804.17.2.1.3
1.5.34844.6.2.1
1.5.34856.8.2.1.14.1.2.6
1.5.34934.8.2.1.2.1.1
1.5.34958.11.2.1.4
1.5.34976.5.2.1.10.3.9.3
1.5.34989.8.2.1
1.5.35087.6.2.1.8.2
1.5.35131.15.2.1.3
1.5.35340.13.2.1.1
1.5.35342.11.2.1
1.5.35510.9.2.1.13
1.5.35573.7.2.1.2.1.2.2
1.5.35616.13.2.1.3.3.13.1
1.5.35738.19.2.1.23.1
1.5.35773.5.2.1.9
1.5.35799.7.2.1
1.5.35849.8.2.1.10.2.2
1.5.35962.8.2.1.2.2.6.4.19
1.5.35988.7.2.1.10
1.5.36049.8.2.1.50
1.5.36052.11.2.1
1.5.36252.23.2.1
1.5.36372.7.2.1.4.1.3
1.5.36392.6.2.1
1.5.36483.7.2.1.37
1.5.36493.7.2.1
1.5.36511.13.2.1.3
1.5.36802.17.2.1.1
1.5.36887.9.2.1.20
1.5.37028.9.2.1.8.2.4
1.5.37222.17.2.1.9.1.10
1.5.37335.9.2.1.6
1.5.37408.23.2.1.21.3.14.2
1.5.37465.16.2.1.2.1.3.3.21
1.5.37507.8.2.1
1.5.37548.9.2.1.12.3
1.5.37629.10.2.1.24.5
1.5.37893.7.2.1.18.2.7.2
1.5.37903.5.2.1
1.5.38121.10.2.1
1.5.38196.8.2.1.22
1.5.38278.13.2.1.2
1.5.38280.10.2.1.5.6.12.3
1.5.38350.14.2.1.15
1.5.38359.14.2.1
1.5.38402.14.2.1.6.1
1.5.38497.9.2.1.3
1.5.38551.6.2.1
1.5.38623.9.2.1
1.5.38839.15.2.1.1.1.4.3.10
1.5.38863.8.2.1
1.5.39117.7.2.1.6.3.11
1.5.39131.10.2.1.3.4.24
1.5.39197.9.2.1.8.2.5.1
1.5.39286.24.2.1.15.2.8.1.15
1.5.39534.9.2.1
1.5.39610.10.2.1
1.5.39725.15.2.1.8
1.5.39960.14.2.1.20.5.10
1.5.40063.11.2.1.25
1.5.40106.7.2.1.3.3.21.1
1.5.40507.12.2.1.22.8.9.2
1.5.40620.10.2.1.4.3.14
1.5.40669.7.2.1.5
1.5.40752.8.2.1
1.5.41110.7.2.1.21
1.5.41126.9.2.1.7.1.8.4.8
1.5.41164.15.2.1
1.5.41171.6.2.1.4.1
1.5.41277.9.2.1.4.3.11
1.5.41277.9.2.1.5.4.16
1.5.41332.6.2.1.2.1
1.5.41394.19.2.1
1.5.41459.10.2.1.3
1.5.41556.8.2.1.2.3
1.5.41608.6.2.1.10.1.2.1
1.5.41649.13.2.1.6
1.5.41670.6.2.1.5.3.1.1.9
1.5.41670.6.2.1.5.3.1.1.10
1.5.41699.8.2.1.6.1
1.5.41847.17.2.1.3
1.5.41887.6.2.1
1.5.41899.8.2.1.14.1.2.6
1.5.41977.8.2.1.2.1.1
1.5.42012.11.2.1.2.2.20.6.11
1.5.42037.8.2.1
1.5.42072.11.2.1.3.7.9.3
1.5.42158.15.2.1.3
1.5.42235.12.2.1.2.2
1.5.42357.13.2.1.12
1.5.42432.12.2.1.2.2
1.5.42433.10.2.1.5.1
1.5.42546.13.2.1.30
1.5.42570.14.2.1
1.5.42574.12.2.1
1.5.42654.13.2.1.3.3.13.1
1.5.42795.10.2.1.27.5.25.8
1.5.42822.5.2.1.9
1.5.43035.7.2.1.10
1.5.43117.8.2.1.16
1.5.43120.11.2.1
1.5.43328.23.2.1
1.5.43475.6.2.1
1.5.43566.7.2.1.37
1.5.43576.7.2.1
1.5.43604.6.2.1.2.1.2
1.5.43900.17.2.1.1
1.5.44020.8.2.1
1.5.44114.14.2.1.44.2.7
1.5.44125.9.2.1.2.7.36
1.5.44324.6.2.1.2.1.4.7.7
1.5.44372.7.2.1.8.2.7.1
1.5.44456.7.2.1.14
1.5.44593.16.2.1.2.1.3.3.21
1.5.44635.8.2.1
1.5.44769.11.2.1
1.5.44803.10.2.1.2.1
1.5.44920.8.2.1.2.1
1.5.44981.6.2.1
1.5.45000.15.2.1.3.1.4.1
1.5.45159.9.2.1.5.1
1.5.45296.8.2.1.22
1.5.45365.7.2.1.4.1
1.5.45372.16.2.1.4.1.9.2.6
1.5.45446.14.2.1.15
1.5.45455.14.2.1
1.5.45910.24.2.1
1.5.45957.15.2.1.1.1.4.3.10
1.5.45981.8.2.1
1.5.46003.15.2.1.10.2
1.5.46326.10.2.1.8.2.15
1.5.46342.6.2.1.4.1.27.5.8
1.5.46418.24.2.1.15.2.8.1.15
1.5.46607.11.2.1.11
1.5.46676.9.2.1
1.5.46810.15.2.1.5
1.5.46911.15.2.1.8
1.5.47249.11.2.1.25
1.5.47296.9.2.1
1.5.47696.12.2.1.28.10.13.5
1.5.47808.10.2.1.4.3.14
1.5.47853.8.2.1.6.6.16
1.5.47870.6.2.1.6.2
1.5.47952.8.2.1
1.5.48299.10.2.1.17.4.19.1.6
1.5.48351.6.2.1
1.5.48462.7.2.1.1
1.5.48521.6.2.1.2.1
1.5.48583.19.2.1
1.5.48643.10.2.1.3
1.5.48752.8.2.1.2.3
1.5.48838.7.2.1.1.17.54.4
1.5.48864.6.2.1.5.3.1.1.9
1.5.48864.6.2.1.5.3.1.1.10
1.5.48893.8.2.1.6.1
1.5.49067.6.2.1
1.5.49078.8.2.1.3.2.18.4
1.5.49164.15.2.1.3.1.4.8
1.5.49172.11.2.1.2.2.11.6.11
1.5.49197.8.2.1
1.5.49319.15.2.1.3
1.5.49396.12.2.1.2.2
1.5.49595.12.2.1.2.2
1.5.49596.10.2.1.5.1
1.5.49707.9.2.1.35
1.5.49755.7.2.1
1.5.49821.13.2.1.3.3.13.1
1.5.49953.10.2.1.27.5.25.8
1.5.50156.8.2.1.2.2.6.4.19
1.5.50182.7.2.1.10
1.5.50264.14.2.1.14
1.5.50488.23.2.1
1.5.50616.7.2.1.4.1.3
1.5.50636.6.2.1
1.5.50727.7.2.1.37
1.5.50737.7.2.1
1.5.50755.13.2.1.3
1.5.51041.17.2.1.1
1.5.51054.13.2.1.5.1.3
1.5.51158.8.2.1
1.5.51187.6.2.1.19.4
1.5.51244.9.2.1.43.2.4
1.5.51467.6.2.1.2.1.4.7.15
1.5.51515.7.2.1.8.2.7.1
1.5.51582.5.2.1.11
1.5.51608.18.2.1
1.5.51676.23.2.1.21.3.14.2
1.5.51733.16.2.1.2.1.3.3.21
1.5.51771.8.2.1
1.5.51896.10.2.1.24.5
1.5.51949.10.2.1.2.1
1.5.52062.8.2.1.2.1
1.5.52182.5.2.1.14.3.21.3
1.5.52196.28.2.1.20.6.5.8.14
1.5.52318.9.2.1.5.1
1.5.52387.10.2.1
1.5.52467.8.2.1.20
1.5.52540.7.2.1.4.1
1.5.52547.16.2.1.4.1.9.2.6
1.5.52624.14.2.1.15
1.5.52633.14.2.1
1.5.52787.9.2.1.3
1.5.52841.6.2.1
1.5.52927.9.2.1.29.3
1.5.53074.5.2.1.8.4.36.5
1.5.53097.9.2.1
1.5.53123.15.2.1.1.1.4.3.10
1.5.53147.8.2.1
1.5.53169.15.2.1.10.2
1.5.53408.7.2.1.6.3.11
1.5.53483.9.2.1.8.2.5.1
1.5.53572.24.2.1.15.2.10.3.18
1.5.53843.13.2.1.6.1
1.5.53962.15.2.1.5
1.5.54041.7.2.1.5.4.62
1.5.54391.11.2.1.25
1.5.54436.10.2.1
1.5.54444.7.2.1.4.3.9.1
1.5.54960.10.2.1.4.3.14
1.5.55008.13.2.1.35.11.13.4.11
1.5.55025.6.2.1.6.2
1.5.55104.8.2.1
1.5.55441.7.2.1.21
1.5.55457.9.2.1.7.1.8.4.8
1.5.55613.16.2.1.5
1.5.55615.7.2.1.6.1.3
1.5.55662.6.2.1.2.1
1.5.55724.19.2.1
1.5.55792.10.2.1.3
1.5.55901.8.2.1.2.3
1.5.55989.13.2.1.6
1.5.56010.6.2.1.5.3.1.1.9
1.5.56010.6.2.1.5.3.1.1.10
1.5.56039.8.2.1.6.1
1.5.56171.19.2.1.6
1.5.56212.14.2.1.11.6.28
1.5.56217.8.2.1.7.4.10.5
1.5.56317.8.2.1
1.5.56352.11.2.1.3.7.9.3
1.5.56446.15.2.1.3
1.5.56527.12.2.1.2.2
1.5.56655.13.2.1.12
1.5.56840.13.2.1.30
1.5.56864.14.2.1
1.5.56882.7.2.1
1.5.56948.13.2.1.3.3.13.1
1.5.57077.10.2.1.27.5.25.8
1.5.57104.5.2.1.9
1.5.57175.8.2.1.10.2.2
1.5.57294.8.2.1.2.2.6.4.19
1.5.57320.7.2.1.10
1.5.57381.14.2.1.48
1.5.57593.23.2.1
1.5.57710.7.2.1.11
1.5.57728.17.2.1.3.2
1.5.57729.6.2.1.6.3
1.5.57825.22.2.1.17.3.4
1.5.57855.13.2.1.3
1.5.57963.16.2.1.14.3
1.5.58148.17.2.1.1
1.5.58268.8.2.1
1.5.58297.6.2.1.19.4
1.5.58366.9.2.1.8.2.4
1.5.58579.6.2.1.2.1.4.7.7
1.5.58627.7.2.1.8.2.7.1
1.5.58711.5.2.1.11
1.5.58737.18.2.1
1.5.58853.16.2.1.2.1.3.3.21
1.5.58895.8.2.1
1.5.58936.9.2.1.12.3
1.5.59017.10.2.1.24.5
1.5.59070.10.2.1.2.1
1.5.59117.9.2.1.3.5
1.5.59132.23.2.1.1.1.9
1.5.59180.8.2.1.2.1
1.5.59250.6.2.1
1.5.59281.7.2.1.18.2.7.2
1.5.59291.5.2.1
1.5.59509.10.2.1
1.5.59562.8.2.1
1.5.59601.8.2.1.20
1.5.59674.7.2.1.4.1
1.5.59681.16.2.1.4.1.9.2.6
1.5.59752.14.2.1.15
1.5.59761.14.2.1
1.5.59915.9.2.1.3
1.5.59969.6.2.1
1.5.60247.15.2.1.1.1.4.3.10
1.5.60271.8.2.1
1.5.60293.15.2.1.10.2
1.5.60513.7.2.1.4.2.4.7.19
1.5.60617.10.2.1.8.2.15
1.5.60685.7.2.1.2.1.7.2
1.5.60711.6.2.1.2.2.34.3.13
1.5.60973.9.2.1
1.5.61117.6.2.1.2.2
1.5.61136.8.2.1.3.1
1.5.61166.15.2.1.4
1.5.61402.14.2.1.20.5.10
1.5.61493.11.2.1.25
1.5.61538.10.2.1
1.5.61546.7.2.1.4.3.9.1
1.5.62075.10.2.1.4.3.14
1.5.62120.8.2.1.6.6.16
1.5.62137.6.2.1.6.2
1.5.62219.8.2.1
1.5.62497.20.2.1.6
1.5.62576.7.2.1.21
1.5.62614.31.2.1.2.1.1.1
1.5.62702.10.2.1.17.4.8.2
1.5.62753.7.2.1.1
1.5.63060.8.2.1.2.3
1.5.63105.9.2.1.20.4.53.3
1.5.63141.13.2.1.6
1.5.63162.6.2.1.5.3.1.1.9
1.5.63162.6.2.1.5.3.1.1.10
1.5.63191.8.2.1.6.1
1.5.63339.17.2.1.3
1.5.63379.6.2.1
1.5.63391.8.2.1.14.1.2.6
1.5.63469.8.2.1.2.1.1
1.5.63522.8.2.1
1.5.63646.15.2.1.3
1.5.63867.13.2.1.12
1.5.63932.12.2.1.2.2
1.5.63933.10.2.1.5.1
1.5.64043.10.2.1.10.1.15
1.5.64067.12.2.1
1.5.64143.13.2.1.3.3.13.1
1.5.64312.5.2.1.9
1.5.64338.7.2.1
1.5.64388.8.2.1.10.2.2
1.5.64548.7.2.1.10
1.5.64609.14.2.1.48
1.5.64816.23.2.1
1.5.64940.7.2.1.11
1.5.65048.7.2.1.37
1.5.65058.7.2.1
1.5.65076.13.2.1.3
1.5.65389.17.2.1.1
1.5.65402.13.2.1.5.1.3
1.5.65625.7.2.1.11
1.5.65633.12.2.1.3
1.5.65845.6.2.1.2.1.4.7.7
1.5.65893.7.2.1.8.2.7.1
1.5.65966.11.2.1.8.1.14
1.5.66047.23.2.1.21.3.14.2
1.5.66104.16.2.1.2.1.3.3.21
1.5.66142.8.2.1
1.5.66263.10.2.1.24.5
1.5.66316.10.2.1.2.1
1.5.66416.8.2.1.2.1
1.5.66488.6.2.1
1.5.66529.5.2.1.14.3.21.3
1.5.66543.28.2.1.20.6.5.8.14
1.5.66662.9.2.1.5.1
1.5.66805.14.2.1.22
1.5.66881.7.2.1.4.1
1.5.66888.16.2.1.4.1.9.2.6
1.5.66959.14.2.1.15
1.5.66968.14.2.1
1.5.67435.7.2.1
1.5.67477.15.2.1.1.1.4.3.10
1.5.67501.8.2.1
1.5.67523.15.2.1.10.2
1.5.67747.7.2.1.4.2.4.7.15
1.5.67843.9.2.1.8.2.5.1
1.5.67897.7.2.1.2.1.7.2
1.5.67923.6.2.1.2.2.34.3.13
1.5.68127.11.2.1.11
1.5.68196.9.2.1
1.5.68327.15.2.1.5
1.5.68413.15.2.1.8
1.5.68649.14.2.1.8.3.5
1.5.68731.11.2.1.25
1.5.68774.7.2.1.3.3.21.1
1.5.69426.8.2.1
1.5.69778.14.2.1.9.1.1.3.12
1.5.69797.31.2.1.2.1.1.1
1.5.69816.6.2.1.19.2.8.1.11.56
1.5.69948.9.2.1.4.3.11
1.5.69948.9.2.1.5.4.16
1.5.70141.10.2.1.3
1.5.70232.8.2.1.2.3
1.5.70325.13.2.1.6
1.5.70346.6.2.1.5.3.1.1.9
1.5.70346.6.2.1.5.3.1.1.10
1.5.70375.8.2.1.6.1
1.5.70523.17.2.1.3
1.5.70563.6.2.1
1.5.70575.8.2.1.14.1.2.6
1.5.70674.11.2.1.2.9.32.14.17
1.5.70699.8.2.1
1.5.70821.15.2.1.3
1.5.70902.12.2.1.2.2
1.5.71037.13.2.1.1
1.5.71104.12.2.1.2.2
1.5.71105.10.2.1.5.1
1.5.71314.13.2.1.3.3.13.1
1.5.71446.10.2.1.27.5.25.8
1.5.71473.5.2.1.9
1.5.71499.7.2.1
1.5.71549.8.2.1.10.2.2
1.5.71681.7.2.1.10
1.5.71763.8.2.1.16
1.5.71766.11.2.1
1.5.71980.23.2.1
1.6.126.8.2.1.6.11.18
1.6.155.8.2.1.11.4.3.2
1.6.156.8.2.1.13
1.6.233.8.2.1
1.6.264.8.2.1.38.5.8.1.2
1.6.279.8.2.1.11.2.10
1.6.287.8.2.1.8.3.25.1
1.6.446.8.2.1.3.2.4.5
1.6.640.8.2.1.2.4
1.6.653.8.2.1.7.1.3.1.18
1.6.736.8.2.1.4.9.34
1.6.747.8.2.1.7.7.20.2
1.6.806.8.2.1
1.6.880.8.2.1.3
1.6.897.8.2.1.3.5.18.1.4
1.6.1119.8.2.1.4.2.19.2.33
1.6.1264.8.2.1
1.6.1391.8.2.1.13
1.6.1571.8.2.1.28.3.25.3
1.6.1730.8.2.1.34
1.6.2117.8.2.1
1.6.2135.8.2.1
1.6.2205.8.2.1.4.2.13.1.3
1.6.2236.8.2.1.3.3
1.6.2282.8.2.1
1.6.2303.8.2.1.12.6.21
1.6.2328.8.2.1
1.6.2385.8.2.1.2.1.2.1.7
1.6.2385.8.2.1.2.1.3.2.13
1.6.2389.8.2.1.1.1.3.1
1.6.2493.8.2.1
1.6.2586.8.2.1.7
1.6.2837.8.2.1.25.3
1.6.2912.8.2.1.3.7.11.5
1.6.2915.8.2.1.13.2
1.6.2975.8.2.1.3.1.20.1
1.6.2983.8.2.1.5.3.6
1.6.3217.8.2.1
1.6.3224.8.2.1.5.1.13.2.3
1.6.3327.8.2.1.20
1.6.3477.8.2.1
1.6.3506.8.2.1.23
1.6.3725.8.2.1.3.3.25
1.6.3852.8.2.1.18.6
1.6.3863.8.2.1
1.6.4030.8.2.1.7.5
1.6.4079.8.2.1.7
1.6.4104.8.2.1.10
1.6.4157.8.2.1.1.1
1.6.4452.8.2.1.19.6
1.6.4477.8.2.1.1.1.13
1.6.4498.8.2.1.5.2.4
1.6.4572.8.2.1.13.2.4.4
1.6.4870.8.2.1.4.4
1.6.4939.8.2.1.5.3
1.6.4971.8.2.1
1.6.5075.8.2.1.2.2.2.1.29
1.6.5102.8.2.1.4.5.7.1
1.6.5544.8.2.1.43.10.9.2
1.6.5550.8.2.1
1.6.5646.8.2.1.6
1.6.5663.8.2.1.1
1.6.5704.8.2.1.11.6
1.6.5716.8.2.1
1.6.6031.8.2.1.5
1.6.6051.8.2.1
1.6.6198.8.2.1
1.6.6207.8.2.1.6.2.10.3
1.6.6247.8.2.1.24.1.1
1.6.6257.8.2.1
1.6.6295.8.2.1.7.2.2.1.1
1.6.6354.8.2.1
1.6.6385.8.2.1.1.1.14
1.6.6464.8.2.1.13
1.6.6596.8.2.1.1.1
1.6.6600.8.2.1.9.3.7.1
1.6.7024.8.2.1.19
1.6.7026.8.2.1.1.3.24.1
1.6.7242.8.2.1
1.6.7255.8.2.1.11.2.5
1.6.7558.8.2.1.2.1.3.1.12
1.6.7587.8.2.1.19.9
1.6.7747.8.2.1.11.4.7
1.6.7747.8.2.1.13.6.11.6.5
1.6.7778.8.2.1.1.1.3
1.6.8038.8.2.1.8.1
1.6.8136.8.2.1.8.8
1.6.8300.8.2.1.11.4.3.2
1.6.8301.8.2.1.13
1.6.8378.8.2.1
1.6.8409.8.2.1.38.5.8.1.2
1.6.8424.8.2.1.11.2.10
1.6.8432.8.2.1.8.3.25.1
1.6.8804.8.2.1.2.4
1.6.8819.8.2.1.9
1.6.8904.8.2.1.5.1.8
1.6.8974.8.2.1.1.1
1.6.8978.8.2.1.4.2.8.1
1.6.9060.8.2.1.84.1.3
1.6.9070.8.2.1.2.2.4
1.6.9312.8.2.1.3.1.28
1.6.9442.8.2.1.5.2.5
1.6.9593.8.2.1.5
1.6.9780.8.2.1.28.3.25.3
1.6.9897.8.2.1.3
1.6.9963.8.2.1.34
1.6.10350.8.2.1
1.6.10368.8.2.1
1.6.10435.8.2.1.4.2.13.1.3
1.6.10511.8.2.1
1.6.10532.8.2.1.12.6.21
1.6.10557.8.2.1
1.6.10614.8.2.1.2.1.2.1.7
1.6.10614.8.2.1.2.1.3.2.13
1.6.10618.8.2.1.1.1.3.1
1.6.10723.8.2.1
1.6.10817.8.2.1.7
1.6.10908.8.2.1.5.3.9
1.6.11071.8.2.1.25.3
1.6.11087.8.2.1.25.1
1.6.11207.8.2.1.3.1.20.1
1.6.11215.8.2.1.5.3.6
1.6.11453.8.2.1.14.3.12
1.6.11562.8.2.1.20
1.6.11690.8.2.1.6.1
1.6.11730.8.2.1.24
1.6.11941.8.2.1.3.3.25
1.6.12068.8.2.1.18.6
1.6.12079.8.2.1
1.6.12238.8.2.1.19.7
1.6.12290.8.2.1.1.1
1.6.12292.8.2.1.4.4.11
1.6.12309.8.2.1.1.1
1.6.12382.8.2.1
1.6.12808.8.2.1.13.2.4.4
1.6.12955.8.2.1.7.1.1.6
1.6.13111.8.2.1.4.4
1.6.13180.8.2.1.5.3
1.6.13218.8.2.1.1
1.6.13318.8.2.1.2.2.2.1.24
1.6.13366.8.2.1.23.1.1.1.41
1.6.13761.8.2.1.26.12.8.4
1.6.13851.8.2.1.5.5.17.3.21
1.6.13869.8.2.1.2.1.9
1.6.13907.8.2.1.11.6
1.6.14241.8.2.1.6
1.6.14311.8.2.1.8.3.15.3
1.6.14358.8.2.1.4.1.55.1
1.6.14388.8.2.1.30.1.2.1
1.6.14453.8.2.1.24.1.1
1.6.14463.8.2.1
1.6.14501.8.2.1.7.2.2.1.1
1.6.14560.8.2.1
1.6.14591.8.2.1.1.1.14
1.6.14690.8.2.1.2.2.4
1.6.14742.8.2.1.3.3.14.1.64
1.6.14818.8.2.1.15.1.15
1.6.14835.8.2.1
1.6.14874.8.2.1.2.1.4.3.5
1.6.14981.8.2.1
1.6.15089.8.2.1
1.6.15166.8.2.1
1.6.15265.8.2.1.17.1.2
1.6.15473.8.2.1
1.6.15486.8.2.1.11.2.5
1.6.15791.8.2.1.19
1.6.15826.8.2.1.40.9
1.6.15892.8.2.1
1.6.15966.8.2.1.7.2.17
1.6.15998.8.2.1.1.1.13
1.6.16362.8.2.1.8.8
1.6.16529.8.2.1
1.6.16533.8.2.1.17.1.1.2.2
1.6.16606.8.2.1
1.6.16637.8.2.1.38.5.8.1.2
1.6.16652.8.2.1.11.2.10
1.6.16660.8.2.1.8.3.25.1
1.6.17031.8.2.1.2.1.1.2.15
1.6.17034.8.2.1.1
1.6.17044.8.2.1.8
1.6.17119.8.2.1.4.9.34
1.6.17130.8.2.1.7.7.20.2
1.6.17145.8.2.1.3.5.18.1
1.6.17187.8.2.1.1.1
1.6.17191.8.2.1.4.2.8.1
1.6.17276.8.2.1.3.5.18.1.4
1.6.17517.8.2.1.3.1.28
1.6.17647.8.2.1.5.2.5
1.6.17812.8.2.1.5
1.6.18003.8.2.1.28.3.25.3
1.6.18167.8.2.1.34
1.6.18213.8.2.1.2.4.17.1.7
1.6.18425.8.2.1
1.6.18547.8.2.1
1.6.18565.8.2.1
1.6.18630.8.2.1.13.2.14.1.8
1.6.18727.8.2.1
1.6.18748.8.2.1.12.6.21
1.6.18773.8.2.1
1.6.18831.8.2.1.13
1.6.18832.8.2.1.17.1.5
1.6.18846.8.2.1.50.2
1.6.18944.8.2.1
1.6.19048.8.2.1.3
1.6.19136.8.2.1.5.3.9
1.6.19303.8.2.1.25.3
1.6.19432.8.2.1.3.1.20.1
1.6.19440.8.2.1.5.3.6
1.6.19673.8.2.1.14.3.12
1.6.19788.8.2.1.14.5.15
1.6.19867.8.2.1.19.1.10.3.3
1.6.19936.8.2.1.2.4.13.1.7
1.6.19981.8.2.1.8.1.2.1
1.6.20127.8.2.1.3.3.25
1.6.20251.8.2.1.18.6
1.6.20262.8.2.1
1.6.20415.8.2.1.19.7
1.6.20478.8.2.1.1.1
1.6.20483.8.2.1.1.4.2.4.11
1.6.20510.8.2.1.1.1
1.6.20880.8.2.1.2.2.9
1.6.20904.8.2.1.1.1.13
1.6.20925.8.2.1.5.2.4
1.6.20992.8.2.1
1.6.20999.8.2.1.12.2.4.5
1.6.21117.8.2.1.1
1.6.21287.8.2.1.4.4
1.6.21412.8.2.1
1.6.21505.8.2.1.2.2.2.1.24
1.6.21554.8.2.1.17.1.1.1.40
1.6.21563.8.2.1.9.1
1.6.21946.8.2.1.43.10.9.2
1.6.21952.8.2.1
1.6.22031.8.2.1.6
1.6.22048.8.2.1.1
1.6.22089.8.2.1.11.6
1.6.22235.8.2.1.4.1.3.1.29
1.6.22415.8.2.1.5
1.6.22485.8.2.1.8.3.15.3
1.6.22626.8.2.1.14.1.6.1
1.6.22649.8.2.1.24.1.1
1.6.22659.8.2.1
1.6.22697.8.2.1.7.2.2.1.1
1.6.22753.8.2.1
1.6.22785.8.2.1.1.1.14
1.6.23001.8.2.1.1.1
1.6.23005.8.2.1.9.3.7.1
1.6.23053.8.2.1.2.1.4.3.5
1.6.23194.8.2.1.15.1
1.6.23418.8.2.1.17.1.2
1.6.23692.8.2.1.14.3.10.4
1.6.23961.8.2.1.19
1.6.23996.8.2.1.40.9
1.6.24169.8.2.1.15.2.29
1.6.24201.8.2.1.1.1.13
1.6.24292.8.2.1.3.1.3
1.6.24543.8.2.1.8.8
1.6.24740.8.2.1
1.6.24744.8.2.1.17.1.1.2.2
1.6.24817.8.2.1
1.6.24848.8.2.1.38.5.8.1.2
1.6.24863.8.2.1.11.2.10
1.6.24871.8.2.1.8.3.25.1
1.6.25018.8.2.1.3.2.4.5
1.6.25214.8.2.1.2.4
1.6.25227.8.2.1.7.1.3.1.29
1.6.25307.8.2.1.5.1.8
1.6.25377.8.2.1
1.6.25446.8.2.1.2.1.19.2.4
1.6.25462.8.2.1.3.5.18.1.4
1.6.25693.8.2.1.3.1.28
1.6.25976.8.2.1.5
1.6.26172.8.2.1.28.3.25.3
1.6.26343.8.2.1.34
1.6.26448.8.2.1.3.3.6.2
1.6.26454.8.2.1
1.6.26735.8.2.1
1.6.26753.8.2.1
1.6.26829.8.2.1.9.2.14.1.11
1.6.26915.8.2.1.8.1.10.2.6
1.6.27010.8.2.1.13
1.6.27011.8.2.1.17.1.5
1.6.27025.8.2.1.50.2
1.6.27226.8.2.1.3
1.6.27313.8.2.1.5.3.9
1.6.27480.8.2.1.25.3
1.6.27561.8.2.1.2.2.9.8
1.6.27564.8.2.1.10.2.5.2
1.6.27573.8.2.1.5.1.7.2
1.6.27618.8.2.1.3.1.20.1
1.6.27626.8.2.1.5.3.6
1.6.27855.8.2.1.11.3.8.5
1.6.27864.8.2.1.5.1.20.3.4
1.6.27989.8.2.1.14.5.15
1.6.28137.8.2.1
1.6.28166.8.2.1.23
1.6.28389.8.2.1.3.3.25
1.6.28510.8.2.1
1.6.28678.8.2.1.19.7
1.6.28743.8.2.1.1.1
1.6.28745.8.2.1.4.4.11
1.6.28762.8.2.1.1.1
1.6.29135.8.2.1.19.6
1.6.29160.8.2.1.1.1.13
1.6.29187.8.2.1
1.6.29285.8.2.1.13.2.4.4
1.6.29424.8.2.1.1
1.6.29457.8.2.1.7.1.1.6
1.6.29599.8.2.1.4.4
1.6.29668.8.2.1.5.3
1.6.29706.8.2.1.1
1.6.29813.8.2.1.4.1.2.1.7
1.6.29862.8.2.1.17.1.1.1.39
1.6.29871.8.2.1.9.1
1.6.30245.8.2.1.34.12.39.11
1.6.30340.8.2.1.6
1.6.30357.8.2.1.1
1.6.30713.8.2.1.30.4.9
1.6.30732.8.2.1
1.6.30774.8.2.1.8.3.15.3
1.6.30887.8.2.1
1.6.30953.8.2.1.1
1.6.30973.8.2.1.7.2.6.1.1
1.6.31029.8.2.1
1.6.31061.8.2.1.1.1.14
1.6.31214.8.2.1.5.4.17.1.92
1.6.31287.8.2.1.1.1
1.6.31291.8.2.1.9.3.7.1
1.6.31299.8.2.1.32.9.22
1.6.31322.8.2.1
1.6.31719.8.2.1.17.1.2
1.6.31918.8.2.1.7.1.6
1.6.31962.8.2.1.14.3.10.4
1.6.32178.8.2.1.7.3
1.6.32232.8.2.1.2.1.3.1.12
1.6.32261.8.2.1.19.9
1.6.32424.8.2.1.15.2.27
1.6.32456.8.2.1.1.1.13
1.6.32811.8.2.1.8.8
1.6.32966.8.2.1.11.4.3.2
1.6.32967.8.2.1.13
1.6.33044.8.2.1
1.6.33075.8.2.1.38.5.8.1.2
1.6.33090.8.2.1.11.2.10
1.6.33098.8.2.1.8.3.25.1
1.6.33464.8.2.1.1.1
1.6.33485.8.2.1.2.4
1.6.33496.8.2.1.1.7.20
1.6.33568.8.2.1.5.1.8
1.6.33638.8.2.1
1.6.33717.8.2.1.3.5.18.1.4
1.6.33939.8.2.1.5
1.6.34076.8.2.1.5.2.5
1.6.34225.8.2.1.13
1.6.34408.8.2.1.28.3.25.3
1.6.34614.8.2.1.2.4.19.1.1
1.6.34674.8.2.1.3.3.6.2
1.6.34680.8.2.1
1.6.34809.8.2.1
1.6.34933.8.2.1
1.6.34951.8.2.1
1.6.35026.8.2.1.4.2.13.1.3
1.6.35057.8.2.1.3.3
1.6.35100.8.2.1
1.6.35121.8.2.1.12.6.21
1.6.35146.8.2.1
1.6.35200.8.2.1
1.6.35206.8.2.1.2.1.11.4.38
1.6.35206.8.2.1.2.1.12.5.44
1.6.35210.8.2.1.1.1.3.1
1.6.35315.8.2.1
1.6.35419.8.2.1.3
1.6.35507.8.2.1.5.3.9
1.6.35699.8.2.1.25.1
1.6.35763.8.2.1.2.2.9.4
1.6.35766.8.2.1.10.2.5.2
1.6.35775.8.2.1.5.1.7.2
1.6.35864.8.2.1
1.6.36161.8.2.1.20
1.6.36245.8.2.1.19.1.10.3.3
1.6.36272.8.2.1.8.7
1.6.36282.8.2.1.15.4
1.6.36289.8.2.1
1.6.36318.8.2.1.23
1.6.36537.8.2.1.3.3.25
1.6.36664.8.2.1.18.6
1.6.36675.8.2.1
1.6.36839.8.2.1.19.7
1.6.36902.8.2.1.1.1
1.6.36904.8.2.1.4.4.11
1.6.36921.8.2.1.1.1
1.6.37302.8.2.1.2.1.3
1.6.37323.8.2.1.1.1.11
1.6.37356.8.2.1
1.6.37755.8.2.1.4.4
1.6.37880.8.2.1
1.6.37938.8.2.1
1.6.37975.8.2.1.2.2.2.1.29
1.6.38026.8.2.1.4.4.4
1.6.38038.8.2.1.9.1
1.6.38414.8.2.1.58.10.9.2
1.6.38420.8.2.1
1.6.38515.8.2.1.9.3.18.1.6
1.6.38528.8.2.1.1
1.6.38568.8.2.1.20.7.24.4
1.6.38586.8.2.1
1.6.38950.8.2.1.8.3.15.3
1.6.39064.8.2.1
1.6.39080.8.2.1
1.6.39114.8.2.1.24.1.1
1.6.39124.8.2.1
1.6.39162.8.2.1.7.2.2.1.1
1.6.39233.8.2.1
1.6.39264.8.2.1.1.1.14
1.6.39345.8.2.1.2.2.4
1.6.39399.8.2.1.21.7.11.4.48
1.6.39470.8.2.1.15.1.15
1.6.39488.8.2.1
1.6.39507.8.2.1
1.6.39522.8.2.1.2.1.4.3.5
1.6.39561.8.2.1.11.1
1.6.39690.8.2.1.15.1
1.6.39940.8.2.1.17.1.2
1.6.40159.8.2.1.7.1.6
1.6.40192.8.2.1.5.2.7.3
1.6.40470.8.2.1.2.1.3.1.12
1.6.40499.8.2.1.19.9
1.6.40659.8.2.1.15.2.27
1.6.40691.8.2.1.1.1.13
1.6.41046.8.2.1.8.8
1.6.41251.8.2.1.10
1.6.41329.8.2.1
1.6.41360.8.2.1.38.5.8.1.2
1.6.41375.8.2.1.11.2.10
1.6.41383.8.2.1.8.3.25.1
1.6.41735.8.2.1.2.4
1.6.41750.8.2.1.9
1.6.41835.8.2.1.4.9.34
1.6.41901.8.2.1.1.1
1.6.41905.8.2.1.4.2.8.1
1.6.41997.8.2.1.3.5.18.1.4
1.6.42075.8.2.1.3.2
1.6.42228.8.2.1.14.3.11.8.21
1.6.42355.8.2.1.5.2.5
1.6.42423.8.2.1.2.1.13
1.6.42528.8.2.1.5
1.6.42731.8.2.1.28.3.25.3
1.6.42855.8.2.1.3
1.6.42918.8.2.1.34
1.6.43020.8.2.1.3.3.6.2
1.6.43026.8.2.1
1.6.43155.8.2.1
1.6.43304.8.2.1
1.6.43322.8.2.1
1.6.43407.8.2.1.4.2.13.1.3
1.6.43482.8.2.1.8.1.10.2.6
1.6.43569.8.2.1
1.6.43575.8.2.1.2.1.11.4.36
1.6.43575.8.2.1.2.1.12.5.42
1.6.43579.8.2.1.1.1.3.1
1.6.43790.8.2.1.3
1.6.43877.8.2.1.5.3.9
1.6.44042.8.2.1.25.3
1.6.44058.8.2.1.25.1
1.6.44208.8.2.1
1.6.44411.8.2.1.14.3.12
1.6.44515.8.2.1.20
1.6.44669.8.2.1
1.6.44698.8.2.1.23
1.6.44909.8.2.1.3.3.25
1.6.44975.8.2.1.22.3
1.6.45021.8.2.1.17.6
1.6.45032.8.2.1
1.6.45112.8.2.1.11.4.7
1.6.45273.8.2.1.1.1
1.6.45275.8.2.1.4.4.11
1.6.45292.8.2.1.1.1
1.6.45638.8.2.1.2.1.3
1.6.45659.8.2.1.1.1.11
1.6.45680.8.2.1.5.2.4
1.6.45886.8.2.1.1
1.6.46068.8.2.1.4.4
1.6.46175.8.2.1.1
1.6.46275.8.2.1.2.2.2.1.24
1.6.46327.8.2.1.9.2.31
1.6.46344.8.2.1.9.1
1.6.46708.8.2.1.34.12.39.11
1.6.46714.8.2.1
1.6.46803.8.2.1.7.3.16.1.6
1.6.46816.8.2.1.1
1.6.46856.8.2.1.20.7.24.5
1.6.46989.8.2.1.6
1.6.47351.8.2.1
1.6.47416.8.2.1
1.6.47444.8.2.1.7.2.2.1.1
1.6.47506.8.2.1
1.6.47538.8.2.1.1.1.14
1.6.47619.8.2.1.2.2.4
1.6.47673.8.2.1.21.7.11.4.48
1.6.47744.8.2.1.15.1.15
1.6.47761.8.2.1
1.6.47780.8.2.1
1.6.47917.8.2.1.15.1
1.6.48174.8.2.1.20
1.6.48179.8.2.1
1.6.48390.8.2.1.7.1.6
1.6.48423.8.2.1.3.1.9.12
1.6.48641.8.2.1.7.3
1.6.48693.8.2.1.19
1.6.48728.8.2.1.40.9
1.6.48886.8.2.1.15.2.27
1.6.48916.8.2.1.5.6.7.2.3
1.6.49235.8.2.1.8.8
1.6.49420.8.2.1.10
1.6.49497.8.2.1
1.6.49528.8.2.1.38.5.8.1.2
1.6.49543.8.2.1.11.2.10
1.6.49551.8.2.1.8.3.25.1
1.6.49725.8.2.1.3.2.4.5
1.6.49931.8.2.1.2.4
1.6.49942.8.2.1.1.7.14
1.6.50014.8.2.1.4.9.34
1.6.50025.8.2.1.7.7.20.2
1.6.50084.8.2.1
1.6.50154.8.2.1.50.1.3
1.6.50164.8.2.1.2.2.4
1.6.50404.8.2.1.3.1.28
1.6.50530.8.2.1.5.2.5
1.6.50598.8.2.1.2.1.13
1.6.50689.8.2.1.13
1.6.50856.8.2.1.28.3.25.3
1.6.51028.8.2.1.34
1.6.51073.8.2.1.2.3.5.1.12
1.6.51404.8.2.1
1.6.51422.8.2.1
1.6.51487.8.2.1.13.2.14.1.8
1.6.51530.8.2.1.3.3
1.6.51573.8.2.1
1.6.51594.8.2.1.12.6.21
1.6.51619.8.2.1
1.6.51646.8.2.1.9.4.3.2
1.6.51680.8.2.1.7.3.10
1.6.51681.8.2.1.9.2.7
1.6.51885.8.2.1.7
1.6.52136.8.2.1.25.3
1.6.52152.8.2.1.25.1
1.6.52300.8.2.1
1.6.52503.8.2.1.11.3.8.5
1.6.52508.8.2.1.24.7.17.1.3
1.6.52619.8.2.1.20
1.6.52704.8.2.1.19.1.10.3.3
1.6.52776.8.2.1.24
1.6.52994.8.2.1.3.3.25
1.6.53060.8.2.1.22.3
1.6.53102.8.2.1.17.6
1.6.53113.8.2.1
1.6.53279.8.2.1.19.7
1.6.53337.8.2.1.1.1
1.6.53339.8.2.1.4.4.11
1.6.53356.8.2.1.1.1
1.6.53429.8.2.1
1.6.53750.8.2.1.2.1.3
1.6.53771.8.2.1.1.1.11
1.6.53810.8.2.1
1.6.54027.8.2.1.1
1.6.54221.8.2.1.4.4
1.6.54345.8.2.1
1.6.54427.8.2.1.2.2.2.1.24
1.6.54476.8.2.1.17.1.1.1.40
1.6.54485.8.2.1.9.1
1.6.54837.8.2.1.43.10.9.2
1.6.54934.8.2.1.6
1.6.54951.8.2.1.1
1.6.54992.8.2.1.11.6
1.6.55132.8.2.1.6
1.6.55296.8.2.1.6
1.6.55367.8.2.1.8.3.15.3
1.6.55466.8.2.1.30.1.2.1
1.6.55505.8.2.1
1.6.55539.8.2.1.24.1.1
1.6.55549.8.2.1
1.6.55587.8.2.1.7.2.2.1.1
1.6.55646.8.2.1
1.6.55677.8.2.1.1.1.14
1.6.55815.8.2.1.8.2.4.5.79
1.6.55895.8.2.1
1.6.55914.8.2.1
1.6.55929.8.2.1.2.1.4.3.5
1.6.55968.8.2.1.11.1
1.6.56154.8.2.1
1.6.56327.8.2.1.9.1
1.6.56543.8.2.1.13.2.5.1.68
1.6.56848.8.2.1.20
1.6.56883.8.2.1.40.9
1.6.57064.8.2.1.15.2.27
1.6.57096.8.2.1.1.1.13
1.6.57206.8.2.1.3
1.6.57357.8.2.1.8.1
1.6.57455.8.2.1.8.8
1.6.57600.8.2.1.6.11.18
1.6.57629.8.2.1.11.4.3.2
1.6.57630.8.2.1.13
1.6.57707.8.2.1
1.6.57738.8.2.1.38.5.8.1.2
1.6.57753.8.2.1.11.2.10
1.6.57761.8.2.1.8.3.25.1
1.6.58137.8.2.1.2.4
1.6.58152.8.2.1.9
1.6.58199.8.2.1.9.4.19.8
1.6.58199.8.2.1.10.1.3.1
1.6.58226.8.2.1.13.9.24.1.5
1.6.58238.8.2.1.7.7.20.2
1.6.58297.8.2.1
1.6.58365.8.2.1.7.1.5
1.6.58375.8.2.1.2.2.4
