1.1.1.6.22.2.20.5.8.1.5
1.1.1.84.5.1.1.1
1.1.1.85.5.1.1.1.11.7
1.1.1.111.14.2.7.1.2
1.1.1.121.15.3.5.4
1.1.1.548.5.1.2
1.1.1.736.20.2.15
1.1.1.906.3
1.1.1.921.33.4.4.7
1.1.1.985.19.2.6.12
1.1.1.992.19.5.14.1.3.1.1
1.1.1.1022.16.2.20.1.2.8
1.1.1.1095.5.1
1.1.1.1097.25.2
1.1.1.1143.20.2.13
1.1.1.1212.5.1.6.12.23.6.15
1.1.1.1313.31.2.7.1.22.1.32
1.1.1.1392.5.1.3.25
1.1.1.1409.9.1.5
1.1.1.1432.5.1.1.8.3
1.1.1.1475.37.2.1
1.1.1.1532.5.1.5.1.2.1.36
1.1.1.1603.8.1.10
1.1.1.1663.16.1.7.1.4.7.23
1.1.1.1821.5.1.4
1.1.1.1895.25.2.4.3
1.1.1.1974.5.1.22
1.1.1.1977.11.3.12.11
1.1.1.2042.15.3.9
1.1.1.2158.5.1.3.21.24
1.1.1.2164.9.3.4.11
1.1.1.2184.12.1.4.3
1.1.1.2271.27.1.10
1.1.1.2540.5.1.52
1.1.1.2731.5.1.7.1.3.2
1.1.1.2735.34.2.22.9
1.1.1.2844.8.1.6
1.1.1.2877.28.2.5
1.1.1.2878.6
1.1.1.2885.18.2.30.22
1.1.1.2916.14.3.15
1.1.1.2948.3
1.1.1.2948.5.1.20.11
1.1.1.3089.33.2.12
1.1.1.3115.5.1.2.1.3
1.1.1.3168.5.1
1.1.1.3223.5.1
1.1.1.3246.5.1
1.1.1.3286.23.2.6.4.8
1.1.2.3443.5.1
1.1.2.3464.5.1.4.1.1
1.1.2.3469.20.1.9
1.1.2.3489.6
1.1.2.3620.5.1.26.2.3.2
1.1.2.3620.8.2.8
1.1.2.3624.5.1.1.6
1.1.2.3638.15.3.14.3
1.1.2.3696.3
1.1.2.3800.15.2.6.1.2.3.10
1.1.2.3820.6
1.1.2.3836.5.1.2.4.13.3
1.1.2.3935.5.1.16.6
1.1.2.4045.5.1.10.1
1.1.2.4126.5.1.16.2
1.1.2.4189.5.1.8
1.1.2.4215.13.1.4.1
1.1.2.4263.5.1.2.2.2.1.2
1.1.2.4284.5.1.1.1
1.1.2.4416.13.2.10
1.1.2.4557.15.1.33
1.1.2.4574.19.4
1.1.2.4683.5.1.2.1.4.1
1.1.2.4826.27.2.13.5.3.2.3
1.1.2.4830.74.3.31.13.2
1.1.2.4892.9.2.15
1.1.2.4893.14.5.6.1.10
1.1.2.4914.8.1.12
1.1.2.4940.15.2.8.2
1.1.2.5020.5.1.4.2.5
1.1.2.5021.5.1.1.1.1
1.1.2.5085.6
1.1.2.5099.14.2.4.2
1.1.2.5181.41.1.4.10
1.1.2.5193.8.2.8
1.1.2.5241.13.1.7
1.1.2.5265.5.1.2.8.19.4
1.1.2.5275.15.2.7.1
1.1.2.5363.24.3.5.7.16
1.1.2.5368.10.1.6.6
1.1.2.5458.5.1.1.1
1.1.2.5459.5.1.1.1.11.7
1.1.2.5579.24.1.5.10.27.1
1.1.2.5699.3
1.1.2.5748.21.1.8
1.1.2.5761.15.1.6
1.1.2.5939.5.1.2
1.1.2.6125.6
1.1.2.6284.5.1.8
1.1.2.6369.19.2.6.12
1.1.2.6376.19.5.14.1.3.1.1
1.1.2.6412.5.1.9.33
1.1.2.6428.5.1.1
1.1.2.6493.5.1
1.1.2.6495.25.2
1.1.2.6535.20.2.13
1.1.2.6604.5.1.6.12.23.6.14
1.1.2.6701.5.1.4
1.1.2.6711.31.2.11.1
1.1.2.6765.16.4.18.1.4.1
1.1.2.6790.9.1.5
1.1.2.6808.27.2.36.29
1.1.2.6826.15.3.10.4.7.1.9
1.1.2.6901.5.1.5.1.2.1.15
1.1.2.6972.8.1.10
1.1.2.7032.16.1.7.1.4.7.26
1.1.2.7205.5.1.4
1.1.2.7280.39.1.14.3
1.1.2.7361.5.1.22
1.1.2.7364.11.3.12.11
1.1.2.7429.15.3.9
1.1.2.7546.5.1.3.21.24
1.1.2.7552.9.3.4.11
1.1.2.7572.12.1.4.3
1.1.2.7634.15.3.24.2
1.1.2.7659.6
1.1.2.7804.5.1.2.1.4.3
1.1.2.7946.6
1.1.2.8043.10.1.5
1.1.2.8134.5.1.7.1.3.2
1.1.2.8138.34.2.22.9
1.1.2.8236.8.1.6
1.1.2.8269.28.2.5
1.1.2.8270.6
1.1.2.8277.18.2.30.22
1.1.2.8300.22.2.15.21.40.1
1.1.2.8342.3
1.1.2.8342.5.1.20.11
1.1.2.8483.33.2.12
1.1.2.8509.5.1.2.1.3
1.1.2.8645.22.4.15.6
1.1.2.8658.5.1.2.1.11.4.15
1.1.2.8658.5.1.2.1.12.5
1.1.2.8842.5.1
1.1.2.8867.5.1.4.1.1
1.1.2.8872.20.1.9
1.1.2.9026.5.1.26.2.3.2
1.1.2.9026.8.2.8
1.1.2.9031.19.1.9
1.1.2.9033.11.2.14.3.4
1.1.2.9223.15.2.6.1.2.3.10
1.1.2.9243.6
1.1.2.9259.5.1.2.4.13.3
1.1.2.9351.5.1
1.1.2.9486.13.3.29.1
1.1.2.9500.19.1.7.2.11.11
1.1.2.9561.5.1.16.2
1.1.2.9623.5.1.8
1.1.2.9643.17.2.4.3
1.1.2.9690.5.1.2.2.2.1.2
1.1.2.9760.5.1.2.4.23
1.1.2.9767.5.1.2.4
1.1.2.9818.8.1.7
1.1.2.9850.23.2.20
1.1.2.9857.9.2.4
1.1.2.9940.11.1.4
1.1.2.10006.15.1.33
1.1.2.10021.19.4
1.1.2.10089.5.1.12.9
1.1.2.10133.5.1.2.1.4.1
1.1.2.10186.5.1.16.3.14.1
1.1.2.10300.27.2.13.5.3.2.3
1.1.2.10304.74.3.31.13.2
1.1.2.10371.9.2.15
1.1.2.10372.14.5.6.1.10
1.1.2.10385.10.1.5
1.1.2.10411.15.2.8.2
1.1.2.10487.5.1.3.1.1.1
1.1.2.10501.15.2.9.2.7
1.1.2.10545.25.2.6.1.3.6
1.1.2.10584.14.2.4.2
1.1.2.10661.41.1.4.10
1.1.2.10717.13.1.7
1.1.2.10741.5.1.2.8.19.4
1.1.2.10751.15.2.7.1
1.1.2.10823.5.1.6.3.1.5
1.1.2.10852.24.3.5.7.7
1.1.2.10857.10.1.6.6
1.1.2.10976.14.2.7.1.2
1.1.2.10986.15.3.5.4
1.1.2.11138.8.1.5
1.1.2.11239.15.1.7
1.1.2.11268.13.2.22.24.58.2
1.1.2.11275.10.2.4
1.1.2.11427.5.1.2
1.1.2.11475.9.1.4
1.1.2.11622.20.2.15
1.1.2.11692.5.1
1.1.2.11761.5.1.8
1.1.2.11828.19.2.6.12
1.1.2.11835.19.5.14.1.3.1.1
1.1.2.11865.16.2.20.1.2.8
1.1.2.11883.5.1.1
1.1.2.11907.5.1.3.1.2.1
1.1.2.11942.5.1
1.1.2.11944.25.2
1.1.2.11988.20.2.13
1.1.2.12021.5.1.4.3.12.4
1.1.2.12056.5.1.6.12.23.6.15
1.1.2.12077.17.3.4
1.1.2.12151.5.1.4
1.1.2.12261.27.2.26.20
1.1.2.12279.15.3.10.4.7.1.9
1.1.2.12362.5.1.5.1.2.1.36
1.1.2.12432.8.1.10
1.1.2.12492.5.1.2.2.21.11.15
1.1.2.12652.5.1.4
1.1.2.12805.5.1.22
1.1.2.12808.11.3.12.11
1.1.2.12867.45.8.4
1.1.2.12966.5.1.3.21.24
1.1.2.12991.15.2.62.44.17.1.4
1.1.2.13094.3
1.1.2.13160.16.2.33.4.20
1.1.2.13215.5.1.9.2.7.2
1.1.2.13356.14.3.15.1
1.1.2.13512.5.1.7.1.3.2
1.1.2.13516.34.2.22.9
1.1.2.13624.8.1.6
1.1.2.13657.28.2.5
1.1.2.13658.6
1.1.2.13665.18.2.30.22
1.1.2.13688.22.2.15.21.40.1
1.1.2.13713.15.2
1.1.2.13736.5.1
1.1.2.13881.33.2.12
1.1.2.13907.5.1.2.1.3
1.1.2.13960.5.1
1.1.2.14062.8.2.4.2
1.1.2.14082.16.2.4
1.1.2.14084.5.1.9.1.22
1.1.2.14096.22.2
1.1.2.14252.5.1.4.1.1
1.1.2.14257.20.1.9
1.1.2.14387.37.4
1.1.2.14421.11.2.14.3.4
1.1.2.14520.3
1.1.2.14617.12.4.8.3
1.1.2.14637.6
1.1.2.14653.5.1.2.4.13.3
1.1.2.14856.13.3.29.1
1.1.2.14870.19.1.7.2.11.11
1.1.2.14936.5.1.16.2
1.1.2.15004.5.1.8
1.1.2.15024.17.2.4.3
1.1.2.15071.5.1.2.2.2.1.2
1.1.2.15142.5.1.2.4.23
1.1.2.15149.5.1.2.3
1.1.2.15200.8.1.7
1.1.2.15232.23.2.20
1.1.2.15245.26.1.11
1.1.3.15324.11.1.4
1.1.3.15382.15.1.33
1.1.3.15397.19.4
1.1.3.15471.5.1.12.9
1.1.3.15512.5.1.2.1.4.1
1.1.3.15565.5.1.16.3.14.1
1.1.3.15677.20.2.4.13
1.1.3.15681.18.1.16
1.1.3.15685.5.1.8.2
1.1.3.15745.9.2.15
1.1.3.15746.14.5.6.1.12
1.1.3.15767.8.1.12
1.1.3.15793.15.2.8.2
1.1.3.15871.8.1.7.1
1.1.3.15871.8.1.7.4
1.1.3.15900.19.1.8
1.1.3.15957.14.2.4.2
1.1.3.16028.41.1.4.10
1.1.3.16105.15.2.7.1
1.1.3.16197.24.3.5.7.16
1.1.3.16202.10.1.6.6
1.1.3.16286.5.1.1.1
1.1.3.16287.5.1.1.1.11.7
1.1.3.16313.14.2.7.1.2
1.1.3.16323.15.3.5.4
1.1.3.16465.5.1.1.3
1.1.3.16569.13.2.8
1.1.3.16634.5.1.1.1
1.1.3.16668.5.1.3.1.1.1.1
1.1.3.16762.16.2.5.5.2
1.1.3.16911.23.2.17
1.1.3.16921.11.3.4
1.1.3.16949.20.2.15
1.1.3.17174.19.2.6.12
1.1.3.17181.19.5.14.1.3.1.1
1.1.3.17217.5.1.9.33
1.1.3.17324.20.2.13
1.1.3.17411.17.3.4
1.1.3.17494.5.1.4
1.1.3.17596.9.1.5
1.1.3.17619.5.1.1.8.3
1.1.3.17665.37.2.1
1.1.3.17792.8.1.10
1.1.3.18010.5.1.4
1.1.3.18181.5.1.22
1.1.3.18184.11.3.12.11
1.1.3.18256.5.1
1.1.3.18366.5.1.3.21.24
1.1.3.18372.9.3.4.11
1.1.3.18392.12.1.4.3
1.1.3.18479.27.1.10
1.1.3.18621.5.1.2.1.4.3
1.1.3.18709.3
1.1.3.18713.28.2.26.1.9.1
1.1.3.18761.5.1.41
1.1.3.18771.8.3.4
1.1.3.18929.5.1.7.1.3.2
1.1.3.18933.34.2.22.9
1.1.3.19043.8.1.6
1.1.3.19076.28.2.5
1.1.3.19077.6
1.1.3.19084.18.2.30.22
1.1.3.19150.5.1
1.1.3.19286.33.2.12
1.1.3.19312.5.1.2.1.3
1.1.3.19443.5.1
1.1.3.19488.11.4.4.2
1.1.3.19510.14.4.39.2
1.1.3.19691.5.1.4.1.1
1.1.3.19696.20.1.9
1.1.3.19855.5.1.26.2.3.2
1.1.3.19855.8.2.8
1.1.3.19860.19.1.9
1.1.3.19862.11.2.14.3.4
1.1.3.19947.3
1.1.3.20048.15.2.6.1.2.3.10
1.1.3.20068.6
1.1.3.20084.5.1.2.4.13.3
1.1.3.20156.19.1.4.10
1.1.3.20287.13.3.29.1
1.1.3.20447.5.1.8
1.1.3.20477.17.2.4.3
1.1.3.20529.5.1.1.1.2
1.1.3.20679.13.2.10
1.1.3.20784.11.1.4
1.1.3.20850.15.1.33
1.1.3.20865.19.4
1.1.3.20976.5.1
1.1.3.20983.5.1.16.6
1.1.3.21024.5.1.16.3.14.1
1.1.3.21071.21.2.16
1.1.3.21140.20.2.4.13
1.1.3.21144.18.1.16
1.1.3.21148.5.1.8.2
1.1.3.21214.9.2.15
1.1.3.21215.14.5.6.1.10
1.1.3.21228.10.1.5
1.1.3.21257.15.2.8.2
1.1.3.21344.5.1.3.1.7
1.1.3.21344.5.1.3.1.10
1.1.3.21353.10.2.21
1.1.3.21386.25.2.6.1.3.6
1.1.3.21421.46.1.35.22
1.1.3.21498.41.1.4.10
1.1.3.21566.18.2.4
1.1.3.21643.5.1.6.3.1.3
1.1.3.21674.5.1.9
1.1.3.21681.22.2.40.5.8.1.5
1.1.3.21759.5.1.1.1
1.1.3.21760.5.1.1.1.11.7
1.1.3.21786.14.2.7.1.2
1.1.3.21796.15.3.5.4
1.1.3.21890.24.1.5.10.27.1
1.1.3.21947.8.1.5
1.1.3.21999.9.1.4
1.1.3.22039.21.1.8
1.1.3.22052.15.1.6
1.1.3.22098.5.1.1.1
1.1.3.22132.5.1.3.1.1.1.1
1.1.3.22236.5.1.2
1.1.3.22264.16.2
1.1.3.22384.5.1.2.1.3
1.1.3.22422.20.2.15
1.1.3.22553.19.3.8.18
1.1.3.22566.5.1.3.7.4
1.1.3.22581.3
1.1.3.22596.33.4.4.7
1.1.3.22654.30.2.4.4
1.1.3.22685.16.2.20.1.2.8
1.1.3.22703.5.1.1
1.1.3.22795.5.1.1
1.1.3.22815.22.2.14
1.1.3.22836.20.2.13
1.1.3.22908.5.1.6.12.23.6.14
1.1.3.22957.13.2.8.4
1.1.3.22987.5.1.3.3
1.1.3.22989.15.1.20
1.1.3.23013.5.1.8
1.1.3.23133.5.1.1.8.3
1.1.3.23178.37.2.1
1.1.3.23305.8.1.10
1.1.3.23362.5.1.2.2.21.19.12
1.1.3.23378.5.1.2.2.3.1
1.1.3.23506.5.1.1.8.10.2
1.1.3.23514.23.1.17.12
1.1.3.23589.25.2.4.3
1.1.3.23673.5.1.22
1.1.3.23676.11.3.12.11
1.1.3.23851.5.1.3.21.24
1.1.3.23857.9.3.4.11
1.1.3.23877.12.1.4.3
1.1.3.23960.27.1.10
1.1.3.24175.13.2.5.5
1.1.3.24232.5.1.41
1.1.3.24415.9.2.8.7
1.1.3.24521.8.1.6
1.1.3.24554.28.2.5
1.1.3.24555.6
1.1.3.24562.18.2.30.22
1.1.3.24606.15.2
1.1.3.24626.3
1.1.3.24626.5.1.20.11
1.1.3.24760.33.2.12
1.1.3.24789.5.1.2
1.1.3.24925.5.1
1.1.3.24980.22.2
1.1.3.25122.5.1
1.1.3.25143.5.1.4.1.1
1.1.3.25148.20.1.9
1.1.3.25195.10.1.7
1.1.3.25309.5.1.26.2.3.2
1.1.3.25309.8.2.8
1.1.3.25314.19.1.9
1.1.3.25316.11.2.14.3.4
1.1.3.25401.3
1.1.3.25497.15.2.6.1.2.3.10
1.1.3.25517.6
1.1.3.25533.5.1.2.4.13.3
1.1.3.25610.5.1
1.1.3.25622.15.1.4
1.1.3.25741.13.3.29.1
1.1.3.25755.19.1.7.2.11.11
1.1.3.25819.5.1.16.2
1.1.3.25881.5.1.8
1.1.3.25901.17.2.4.3
1.1.3.25952.5.1.2.2.2.1.2
1.1.3.25974.5.1.1.1
1.1.3.26094.5.1.5.1.1
1.1.3.26186.11.1.4
1.1.3.26252.15.1.33
1.1.3.26267.19.4
1.1.3.26399.5.1.3.3
1.1.3.26439.5.1.16.3.14.1
1.1.3.26551.20.2.4.13
1.1.3.26555.18.1.16
1.1.3.26559.5.1.8.2
1.1.3.26619.9.2.15
1.1.3.26620.14.5.6.1.10
1.1.3.26641.8.1.12
1.1.3.26667.15.2.8.2
1.1.3.26749.5.1.3.1.7
1.1.3.26749.5.1.3.1.10
1.1.3.26809.6
1.1.3.26823.14.2.4.2
1.1.3.26907.8.1.4
1.1.3.26908.5.1.3.7.14
1.1.3.27048.5.1.6.3.1.9
1.1.3.27077.24.3.5.7.7
1.1.3.27082.10.1.6.6
1.1.3.27161.5.1.1.1
1.1.3.27162.5.1.1.1.11.7
1.1.3.27190.14.2.7.1.2
1.1.3.27200.15.3.5.4
1.1.3.27415.3
1.1.3.27464.21.1.8
1.1.3.27477.15.1.6
1.1.3.27525.5.1.1.1
1.1.3.27559.5.1.3.1.1.1.1
1.1.3.27667.5.1.2
1.1.3.27715.9.1.4
1.1.3.27858.6
1.1.3.27900.13.3.6.4
1.1.3.28080.14.2.11
1.1.3.28224.5.1.1
1.1.3.28240.5.1.7.4
1.1.3.28256.20.2.13
1.1.3.28325.5.1.6.12.23.6.14
1.1.3.28347.17.3.4
1.1.3.28430.5.1.4
1.1.3.28440.31.2.11.1
1.1.3.28494.16.4.18.1.4.1
1.1.4.22.27.2.13.20.55.11
1.1.4.44.5.1.3.7.3
1.1.4.219.8.1.10
1.1.4.279.5.1.2.2.21.17.14
1.1.4.438.5.1.4
1.1.4.513.39.1.14.3
1.1.4.598.5.1.22
1.1.4.601.11.3.12.11
1.1.4.667.16.3.5.2.19.3
1.1.4.765.5.1.3.21.24
1.1.4.771.9.3.4.11
1.1.4.792.10.1.14.8
1.1.4.793.15.1.15.9.22
1.1.4.873.27.1.10
1.1.4.1094.13.2.5.5
1.1.4.1152.5.1.20
1.1.4.1158.17.3.11.1
1.1.4.1253.10.1.5
1.1.4.1330.13.2.11.7
1.1.4.1350.16.2.9.1.8
1.1.4.1458.8.1.6
1.1.4.1491.28.2.5
1.1.4.1492.6
1.1.4.1499.18.2.30.22
1.1.4.1568.3
1.1.4.1568.5.1.20.11
1.1.4.1711.33.2.12
1.1.4.1734.11.1.7.2
1.1.4.1740.5.1.22
1.1.4.1871.22.4.15.6
1.1.4.1884.5.1.2.1.11.4.15
1.1.4.1884.5.1.2.1.12.5
1.1.4.1927.22.2
1.1.4.2070.5.1
1.1.4.2091.5.1.4.1.1
1.1.4.2096.20.1.9
1.1.4.2143.10.1.7
1.1.4.2254.11.2.14.3.4
1.1.4.2339.3
1.1.4.2437.12.4.8.3
1.1.4.2457.6
1.1.4.2464.10.1.6
1.1.4.2477.13.2.5.3.13
1.1.4.2701.13.3.29.1
1.1.4.2859.5.1.8
1.1.4.2889.17.2.4.3
1.1.4.2936.5.1.2.2.2.1.2
1.1.4.2943.5.1
1.1.4.2959.19.2.8
1.1.4.3088.5.1.5.1.1
1.1.4.3102.5.1.6
1.1.4.3217.15.1.33
1.1.4.3234.19.4
1.1.4.3345.5.1.11.1
1.1.4.3504.20.2.4.13
1.1.4.3508.18.1.16
1.1.4.3512.5.1.8.2
1.1.4.3587.9.2.15
1.1.4.3588.14.5.6.1.12
1.1.4.3601.10.1.5
1.1.4.3627.5.1
1.1.4.3657.19.4.10.17
1.1.4.3703.5.1.3.1.1.1
1.1.4.3717.15.2.9.2.7
1.1.4.3747.19.1.8
1.1.4.3878.54.1.5.4.3
1.1.4.3887.8.2.8
1.1.4.3954.5.1.2.8.27.3
1.1.4.3964.15.2.7.1
1.1.4.4025.5.1.6.3.1.4
1.1.4.4054.24.3.5.7.7
1.1.4.4059.10.1.6.6
1.1.4.4093.13.1.4
1.1.4.4144.5.1.1.1
1.1.4.4145.5.1.1.1.11.7
1.1.4.4171.14.2.7.1.2
1.1.4.4181.15.3.5.4
1.1.4.4334.8.1.5
1.1.4.4385.3
1.1.4.4433.28.1.10
1.1.4.4648.5.1.2
1.1.4.4676.16.2
1.1.4.4790.5.1.2.1.3
1.1.4.4828.20.2.15
1.1.4.4960.5.1.8
1.1.4.5039.14.2.11
1.1.4.5156.5.1
1.1.4.5158.25.2
1.1.4.5188.8.1.7
1.1.4.5208.20.2.13
1.1.4.5330.13.2.8.4
1.1.4.5360.5.1.3.3
1.1.4.5362.15.1.20
1.1.4.5387.9.1.4.5
1.1.4.5485.9.1.5
1.1.4.5523.15.3.10.4.7.1.9
1.1.4.5606.5.1.5.1.2.1.36
1.1.4.5752.5.1.2.2.20.6.14
1.1.4.5911.23.1.17.12
1.1.4.5987.25.2.4.3
1.1.4.6066.5.1.22
1.1.4.6069.11.3.12.11
1.1.4.6130.5.1.22.6.11.12
1.1.4.6233.5.1.3.21.24
1.1.4.6239.9.3.4.11
1.1.4.6260.10.1.14.8
1.1.4.6261.15.1.15.9.22
1.1.4.6410.16.2.33.4.20
1.1.4.6553.5.1
1.1.4.6603.5.1.41
1.1.4.6708.10.1.5
1.1.4.6792.5.1.24
1.1.4.6911.8.1.6
1.1.4.6938.5.1.3
1.1.4.6939.15.2
1.1.4.7006.3
1.1.4.7006.5.1.20.11
1.1.4.7152.33.2.12
1.1.4.7175.11.1.7.2
1.1.4.7180.5.1.5
1.1.4.7320.11.4.4.2
1.1.4.7341.13.2.13.2
1.1.4.7355.22.2
1.1.4.7492.5.1
1.1.4.7513.5.1.4.1.1
1.1.4.7518.20.1.9
1.1.4.7560.51.1.32
1.1.4.7602.9.1.43
1.1.4.7621.5.1.1.12.28.1.35
1.1.4.7667.20.3.8.3.4
1.1.4.7690.17.4.8
1.1.4.7748.3
1.1.4.7860.6
1.1.4.7876.5.1.2.4.13.3
1.1.4.7958.17.1.5
1.1.4.8055.5.1.5.1
1.1.4.8103.5.1.10.1
1.1.4.8185.5.1.16.2
1.1.4.8248.5.1.8
1.1.4.8268.17.2.4.3
1.1.4.8315.5.1.2.2.2.1.2
1.1.4.8323.22.2.25.32.25.1
1.1.4.8397.5.1.2.11.12
1.1.4.8403.5.1.2.3
1.1.4.8454.8.1.7
1.1.4.8487.5.1.5.1.1
1.1.4.8626.15.1.33
1.1.4.8641.19.4
1.1.4.8712.5.1.12.9
1.1.4.8758.5.1.11.1
1.1.4.8767.5.1.4.2
1.1.4.8842.21.2.16
1.1.4.8911.20.2.4.13
1.1.4.8915.18.1.16
1.1.4.8919.5.1.8.2
1.1.4.8984.9.2.15
1.1.4.8985.14.5.6.1.12
1.1.4.9006.8.1.12
1.1.4.9032.15.2.8.2
1.1.4.9118.5.1.4.2.5
1.1.4.9119.5.1.1.1.1
1.1.4.9129.10.2.15
1.1.4.9189.6
1.1.4.9203.14.2.4.2
1.1.4.9285.41.1.4.10
1.1.4.9358.5.1.2.8.27.4
1.1.4.9368.15.2.7.1
1.1.4.9434.5.1.6.3.1.2
1.1.4.9465.5.1.9
1.1.4.9472.22.2.40.5.8.1.5
1.1.4.9552.5.1.1.1
1.1.4.9553.5.1.1.1.11.7
1.1.4.9785.9.1.4
1.1.4.9825.21.1.8
1.1.4.9838.15.1.6
1.1.4.10009.5.1.2
1.1.4.10157.23.2.17
1.1.4.10167.11.3.4
1.1.4.10195.20.2.15
1.1.4.10328.5.1.8
1.1.4.10389.19.2.6.12
1.1.4.10396.19.5.14.1.3.1.1
1.1.4.10426.16.2.20.1.2.8
1.1.4.10522.5.1.2
1.1.4.10537.8.1.7
1.1.4.10557.20.2.13
1.1.4.10593.5.1.4.3.12.6
1.1.4.10634.5.1.6.12.23.6.19
1.1.4.10733.31.2.7.1.22.1.32
1.1.4.10814.5.1.6.17
1.1.4.10831.9.1.5
1.1.4.10849.27.2.36.29
1.1.4.10867.15.3.10.4.7.1.9
1.1.4.11028.8.1.10
1.1.4.11257.23.1.17.12
1.1.4.11334.39.1.14.3
1.1.4.11422.5.1.22
1.1.4.11425.11.3.12.11
1.1.4.11598.5.1.3.21.24
1.1.4.11604.9.3.4.11
1.1.4.11624.12.1.4.3
1.1.4.11711.27.1.10
1.1.4.11926.13.2.5.5
1.1.4.11987.5.1.20
1.1.4.11993.17.3.11.1
1.1.4.12076.5.1.2.5.16.1
1.1.4.12109.5.1.10
1.1.4.12138.19.2.10.4
1.1.4.12158.16.2.9.1.8
1.1.4.12262.8.1.6
1.1.4.12295.28.2.5
1.1.4.12296.6
1.1.4.12303.18.2.30.22
1.1.4.12329.29.1.4
1.1.4.12372.3
1.1.4.12372.5.1.20.11
1.1.4.12515.33.2.12
1.1.4.12544.5.1.2
1.1.4.12677.22.4.15.6
1.1.4.12690.5.1.2.1.11.4.15
1.1.4.12690.5.1.2.1.12.5
1.1.4.12733.22.2
1.1.4.12869.5.1
1.1.4.12890.5.1.4.1.1
1.1.4.12895.20.1.9
1.1.4.12915.6
1.1.4.13048.5.1.26.2.3.2
1.1.4.13048.8.2.8
1.1.4.13052.5.1.1.6
1.1.4.13066.15.3.14.3
1.1.4.13226.15.2.6.1.2.3.10
1.1.4.13246.6
1.1.4.13262.5.1.2.4.13.3
1.1.4.13450.5.1.10.1
1.1.4.13464.19.1.7.2.11.11
1.1.4.13607.5.1.8
1.1.4.13637.17.2.4.3
1.1.4.13690.5.1.1.1.2
1.1.4.13718.5.1.1.1
1.1.4.13765.5.1.2.4.23
1.1.4.13772.5.1.2.3
1.1.4.13860.23.2.20
1.1.4.13867.9.2.4
1.1.4.13950.11.1.4
1.1.4.14008.15.1.33
1.1.4.14025.19.4
1.1.4.14130.5.1.2.1.4.1
1.1.4.14180.5.1.16.3.14.1
1.1.4.14289.20.2.4.13
1.1.4.14293.18.1.16
1.1.4.14297.5.1.8.2
1.1.4.14372.9.2.15
1.1.4.14373.14.5.6.1.12
1.1.4.14473.5.1.3.1.1.1
1.1.4.14487.15.2.9.2.7
1.1.4.14566.24.3.16.1.2.1
1.1.4.14658.8.1.4
1.1.4.14659.5.1.3.7.14
1.1.4.14669.8.2.8
1.1.4.14741.15.2.7.1
1.1.4.14812.5.1.6.3.1.2
1.1.4.14841.24.3.5.7.7
1.1.4.14846.10.1.6.6
1.1.4.14935.5.1.1.1
1.1.4.14936.5.1.1.1.11.7
1.1.4.14964.14.2.7.1.2
1.1.4.14974.15.3.5.4
1.1.4.15126.8.1.5
1.1.4.15267.5.1.1.1
1.1.4.15397.5.1.2
1.1.4.15425.16.2
1.1.4.15584.20.2.15
1.1.4.15723.19.3.8.18
1.1.4.15736.5.1.3.7.4
1.1.4.15815.14.2.12
1.1.4.15849.16.2.20.1.2.8
1.1.4.15867.5.1.1
1.1.4.15891.5.1.3.1.2.1
1.1.4.15926.5.1
1.1.4.15928.25.2
1.1.4.15968.20.2.13
1.1.4.16130.5.1.4
1.1.4.16201.16.4.18.1.4.1
1.1.4.16225.27.2.13.20.36.9
1.1.4.16248.5.1.1.7.10.1.1
1.1.4.16259.29.2.13.1.3
1.1.4.16401.8.1.10
1.1.4.16616.23.1.17.12
1.1.4.16780.5.1.22
1.1.4.16783.11.3.12.11
1.1.4.16848.15.3.9
1.1.4.16953.5.1.3.21.24
1.1.4.16960.3
1.1.4.16979.15.2.62.44.21.1.4
1.1.4.17131.16.2.33.4.20
1.1.4.17187.5.1.2.1.4.3
1.1.4.17277.5.1
1.1.4.17331.5.1.20
1.1.4.17337.17.3.11.1
1.1.4.17423.10.1.5
1.1.4.17506.5.1.7.1.3.2
1.1.4.17510.34.2.22.9
1.1.4.17629.8.1.6
1.1.4.17662.28.2.5
1.1.4.17663.6
1.1.4.17670.18.2.30.22
1.1.4.17733.5.1
1.1.4.17875.33.2.12
1.1.4.17901.5.1.2.1.3
1.1.4.17954.5.1
1.1.4.18039.5.1
1.1.4.18094.22.2
1.1.4.18254.5.1.4.1.1
1.1.4.18259.20.1.9
1.1.4.18414.5.1.26.2.3.2
1.1.4.18414.8.2.8
1.1.4.18418.5.1.1.6
1.1.4.18435.3
1.1.4.18437.5.1
1.1.4.18495.3
1.1.4.18591.15.2.6.1.2.3.10
1.1.4.18611.6
1.1.4.18618.10.1.6
1.1.4.18631.13.2.5.3.13
1.1.4.18719.5.1
1.1.4.18839.5.1.10.1
1.1.4.18853.19.1.7.2.11.11
1.1.4.18915.5.1.16.2
1.1.4.18978.5.1.8
1.1.4.19008.17.2.4.3
1.1.4.19056.5.1.2.2.2.1.2
1.1.4.19125.5.1.2.4.23
1.1.4.19132.5.1.2.3
1.1.4.19155.12.1.6
1.1.4.19210.5.1.5.1.1
1.1.4.19302.11.1.4
1.1.4.19360.15.1.33
1.1.4.19375.19.4
1.1.4.19494.18.1.21
1.1.4.19568.25
1.1.4.19642.27.2.13.5.3.2.3
1.1.4.19646.74.3.31.13.2
1.1.4.19723.9.2.15
1.1.4.19724.14.5.6.1.12
1.1.4.19745.8.1.12
1.1.4.19768.5.1
1.1.4.19859.8.1.7.1
1.1.4.19859.8.1.7.4
1.1.4.19888.19.1.8
1.1.4.19938.5.1
1.1.4.20021.41.1.4.10
1.1.4.20179.5.1.6.3.1.5
1.1.4.20208.24.3.5.7.7
1.1.4.20213.10.1.6.6
1.1.4.20230.29.2
1.1.4.20289.5.1.1.1
1.1.4.20290.5.1.1.1.11.7
1.1.4.20316.14.2.7.1.2
1.1.4.20326.15.3.5.4
1.1.4.20420.24.1.5.10.27.1
1.1.4.20480.8.1.5
1.1.4.20577.21.1.8
1.1.4.20590.15.1.6
1.1.4.20643.5.1.1.1
1.1.4.20777.5.1.2
1.1.4.20934.11.3.4
1.1.4.20962.20.2.15
1.1.4.21113.5.1.8
1.1.4.21180.19.2.6.12
1.1.4.21187.19.5.14.1.3.1.1
1.1.4.21223.5.1.11.8.12.9
1.1.4.21244.5.1.1
1.1.4.21336.5.1.2
1.1.4.21352.5.1.7.4
1.1.4.21368.20.2.13
1.1.4.21533.5.1.4
1.1.4.21631.9.1.5
1.1.4.21669.15.3.10.4.7.1.9
1.1.4.21744.5.1.5.1.2.1.15
1.1.4.21890.5.1.2.2.20.6.14
1.1.4.22050.23.1.17.12
1.1.4.22133.48.1.31.11
1.1.4.22219.5.1.22
1.1.4.22222.11.3.12.11
1.1.4.22398.5.1.3.21.24
1.1.4.22404.9.3.4.11
1.1.4.22424.12.1.4.3
1.1.4.22511.27.1.10
1.1.4.22589.16.2.33.4.20
1.1.4.22644.5.1.9.2.7.2
1.1.4.22737.3
1.1.4.22741.28.2.26.1.9.1
1.1.4.22789.5.1.41
1.1.4.22887.10.1.5
1.1.4.22924.5.1.10
1.1.4.22953.19.2.10.4
1.1.4.22973.16.2.9.1.8
1.1.4.23088.8.1.6
1.1.4.23121.28.2.5
1.1.4.23122.6
1.1.4.23129.18.2.30.22
1.1.4.23160.14.3.15
1.1.4.23187.3
1.1.4.23187.5.1.20.11
1.1.4.23316.33.2.12
1.1.4.23342.5.1.2.1.3
1.1.4.23478.22.4.15.6
1.1.4.23491.5.1.2.1.11.4.15
1.1.4.23491.5.1.2.1.12.5
1.1.4.23698.5.1.4.1.1
1.1.4.23703.20.1.9
1.1.4.23723.6
1.1.4.23854.5.1.26.2.3.2
1.1.4.23854.8.2.8
1.1.4.23858.5.1.1.6
1.1.4.23872.15.3.14.3
1.1.4.24046.6
1.1.4.24062.5.1.2.4.13.3
1.1.4.24134.19.1.4.10
1.1.4.24265.13.3.29.1
1.1.4.24411.5.1.8
1.1.4.24441.17.2.4.3
1.1.4.24492.5.1.2.2.2.1.2
1.1.4.24499.5.1
1.1.4.24557.5.1.2.11.12
1.1.4.24563.5.1.2.3
1.1.4.24614.8.1.7
1.1.4.24647.5.1.5.1.1
1.1.4.24756.11.1.4
1.1.4.24822.15.1.33
1.1.4.24837.19.4
1.1.4.24956.5.1.11.1
1.1.4.24965.5.1.4.2
1.1.4.25112.20.2.4.13
1.1.4.25116.18.1.16
1.1.4.25120.5.1.8.2
1.1.4.25185.9.2.15
1.1.4.25186.14.5.6.1.10
1.1.4.25207.8.1.12
1.1.4.25233.15.2.8.2
1.1.4.25315.8.1.7.1
1.1.4.25315.8.1.7.4
1.1.4.25356.5.1
1.1.4.25390.6
1.1.4.25404.46.1.35.22
1.1.4.25472.41.1.4.10
1.1.4.25657.24.3.5.7.16
1.1.4.25662.10.1.6.6
1.1.4.25874.24.1.5.10.27.1
1.1.4.25933.8.1.5
1.1.4.26041.21.1.8
1.1.4.26054.15.1.6
1.1.4.26100.5.1.1.1
1.1.4.26243.5.1.2.1.2.2.11
1.1.4.26292.9.1.4
1.1.4.26402.5.1.2.1.3
1.1.4.26440.20.2.15
1.1.4.26671.14.2.11
1.1.4.26788.5.1
1.1.4.26790.25.2
1.1.4.26836.20.2.13
1.1.4.26958.13.2.8.4
1.1.4.27011.5.1.4
1.1.4.27108.9.1.5
1.1.4.27128.22.3.13
1.1.4.27150.15.3.10.4.7.1.9
1.1.4.27180.37.2.1
1.1.4.27383.5.1.2
1.1.4.27546.23.1.17.12
1.1.4.27629.48.1.31.11
1.1.4.27717.5.1.22
1.1.4.27720.11.3.12.11
1.1.4.27785.15.3.9
1.1.4.27902.5.1.3.21.24
1.1.4.27927.15.2.62.44.17.1.4
1.1.4.28077.16.2.33.4.20
1.1.4.28133.5.1.2.1.4.3
1.1.4.28260.5.1.34
1.1.4.28266.11.1.9
1.1.4.28354.10.1.5
1.1.4.28443.5.1.7.1.3.2
1.1.4.28447.34.2.22.9
1.1.4.28555.8.1.6
1.1.4.28588.28.2.5
1.1.4.28589.6
1.1.4.28596.18.2.30.22
1.1.4.28636.15.2
1.1.4.28656.3
1.1.4.28656.5.1.20.11
1.1.4.28803.33.2.12
1.1.4.28826.5.1.8.4.16.3.18
1.1.4.28936.5.1
1.1.4.28959.5.1
1.1.4.29008.22.2
1.1.4.29149.5.1
1.1.4.29170.5.1.4.1.1
1.1.4.29175.20.1.9
1.1.4.29195.6
1.1.4.29259.9.1.43
1.1.4.29278.5.1.1.12.28.1.35
1.1.4.29322.20.3.8.3.4
1.1.4.29412.3
1.1.4.29518.15.2.6.1.2.3.10
1.1.4.29538.6
1.1.4.29554.5.1.2.4.13.3
1.1.4.29636.5.1
1.1.4.29648.15.1.4
1.1.4.29752.5.1.10.1
1.1.4.29837.5.1.16.2
1.1.4.29900.5.1.8
1.1.4.29920.17.2.4.3
1.1.4.29978.5.1.1.1.2
1.1.4.29995.5.1.8.2
1.1.4.30005.5.1.1.1
1.1.4.30056.5.1.2.4.23
1.1.4.30063.5.1.2.3
1.1.4.30114.8.1.7
1.1.4.30146.23.2.20
1.1.4.30240.11.1.4
1.1.4.30298.15.1.33
1.1.4.30313.19.4
1.1.4.30423.5.1.1.1.1.1
1.1.4.30474.5.1.16.3.14.1
1.1.4.30586.27.2.13.5.3.2.3
1.1.4.30590.74.3.31.13.2
1.1.4.30656.9.2.15
1.1.4.30657.14.5.6.1.12
1.1.4.30670.10.1.5
1.1.4.30696.5.1
1.1.4.30726.19.4.10.17
1.1.4.30783.8.1.7.1
1.1.4.30783.8.1.7.4
1.1.4.30797.5.1.2.3
1.1.4.30820.19.1.8
1.1.4.30877.14.2.4.2
1.1.4.30963.8.1.4
1.1.4.30964.5.1.3.7.14
1.1.4.31041.15.2.7.1
1.1.4.31106.10.1.4
1.1.4.31116.5.1.6.3.1.8
1.1.4.31145.24.3.5.7.7
1.1.4.31150.10.1.6.6
1.1.4.31235.5.1.1.1
1.1.4.31236.5.1.1.1.11.7
1.1.4.31262.14.2.7.1.2
1.1.4.31272.15.3.5.4
1.1.4.31563.5.1.1.1
1.1.4.31693.5.1.2
1.1.4.31882.20.2.15
1.1.4.32016.5.1.2.2.29
1.1.4.32032.3
1.1.4.32047.33.4.4.7
1.1.4.32111.19.2.6.12
1.1.4.32118.19.5.14.1.3.1.1
1.1.4.32148.16.2.20.1.2.8
1.1.4.32166.5.1.1
1.1.4.32231.5.1
1.1.4.32233.25.2
1.1.4.32274.20.2.13
1.1.4.32349.5.1.6.12.23.6.19
1.1.4.32436.5.1.8
1.1.4.32534.9.1.5
1.1.4.32554.22.3.13
1.1.4.32576.15.3.10.4.7.1.9
1.1.4.32650.5.1.6.2.3.2.16
1.1.4.32890.17.1.43
1.1.4.32931.5.1.4
1.1.4.33102.5.1.22
1.1.4.33105.11.3.12.11
1.1.4.33166.5.1.22.6.11.12
1.1.4.33273.5.1.3.21.24
1.1.4.33300.12.1.4.3
1.1.4.33362.15.3.24.2
1.1.4.33650.5.1.20
1.1.4.33652.5.1
1.1.4.33660.6
1.1.4.33759.5.1.2.5.16.1
1.1.4.33839.5.1.7.1.3.2
1.1.4.33843.34.2.22.9
1.1.4.33958.8.1.6
1.1.4.33991.28.2.5
1.1.4.33992.6
1.1.4.33999.18.2.30.22
1.1.4.34065.3
1.1.4.34065.5.1.20.11
1.1.4.34208.33.2.12
1.1.4.34237.5.1.2
1.1.4.34390.11.4.4.2
1.1.4.34428.22.2
1.1.4.34590.5.1.4.1.1
1.1.4.34595.20.1.9
1.1.4.34615.6
1.1.4.34746.5.1.26.2.3.2
1.1.4.34746.8.2.8
1.1.4.34751.19.1.9
1.1.4.34753.11.2.14.3.4
1.1.4.34852.3
1.1.4.34944.12.4.8.3
1.1.4.34964.6
1.1.4.34980.5.1.2.4.13.3
1.1.4.35183.13.3.29.1
1.1.4.35197.19.1.7.2.11.11
1.1.4.35339.5.1.8
1.1.4.35365.13.1.4.1
1.1.4.35419.5.1.1.1.2
1.1.4.35447.5.1.1.1
1.1.4.35494.5.1.2.4.23
1.1.4.35501.5.1.2.3
1.1.4.35552.8.1.7
1.1.4.35587.23.2.20
1.1.4.35667.11.1.4
1.1.4.35733.15.1.33
1.1.4.35748.19.4
1.1.4.35883.5.1.3.3
1.1.4.35923.5.1.16.3.14.1
1.1.5.36039.20.2.4.13
1.1.5.36043.18.1.16
1.1.5.36047.5.1.8.2
1.1.5.36112.9.2.15
1.1.5.36113.14.5.6.1.12
1.1.5.36129.8.1.12
1.1.5.36155.15.2.8.2
1.1.5.36231.5.1.3.1.1.1
1.1.5.36245.15.2.9.2.7
1.1.5.36281.5.1
1.1.5.36315.6
1.1.5.36413.41.1.4.10
1.1.5.36483.5.1.2.12.16.2
1.1.5.36493.15.2.7.1
1.1.5.36559.5.1.6.3.1.2
1.1.5.36588.24.3.5.7.7
1.1.5.36593.10.1.6.6
1.1.5.36627.3
1.1.5.36678.5.1.1.1
1.1.5.36679.5.1.1.1.11.7
1.1.5.36705.14.2.7.1.2
1.1.5.36715.15.3.5.4
1.1.5.36809.24.1.5.10.27.1
1.1.5.36866.8.1.5
1.1.5.36919.3
1.1.5.36967.28.1.10
1.1.5.37005.13.2.22.25.32.2
1.1.5.37012.10.2.4
1.1.5.37040.5.1.1.1
1.1.5.37177.5.1.2
1.1.5.37225.9.1.4
1.1.5.37371.6
1.1.5.37413.13.3.6.4
1.1.5.37523.5.1.8
1.1.5.37584.19.2.6.12
1.1.5.37591.19.5.14.1.3.1.1
1.1.5.37627.5.1.9.33
1.1.5.37699.5.1
1.1.5.37701.25.2
1.1.5.37729.9.1.7
1.1.5.37897.5.1.3.3
1.1.5.37899.15.1.20
1.1.5.37926.40.2.7.1.58.1.16
1.1.5.38020.9.1.5
1.1.5.38040.22.3.13
1.1.5.38062.15.3.10.4.7.1.9
1.1.5.38092.37.2.1
1.1.5.38148.5.1.6.2.3.2.37
1.1.5.38216.8.1.10
1.1.5.38439.5.1.4
1.1.5.38513.25.2.4.3
1.1.5.38581.5.1.22
1.1.5.38584.11.3.12.11
1.1.5.38645.5.1
1.1.5.38758.5.1.3.21.24
1.1.5.38766.5.1.5.3.6.6.3
1.1.5.38787.34.3.5.3.4
1.1.5.38787.34.3.5.3.7
1.1.5.38868.27.1.10
1.1.5.39096.5.1
1.1.5.39151.14.3.15.1
1.1.5.39237.10.1.5
1.1.5.39272.5.1.10
1.1.5.39312.5.1.7.1.3.2
1.1.5.39316.34.2.22.9
1.1.5.39435.8.1.6
1.1.5.39468.28.2.5
1.1.5.39469.6
1.1.5.39476.18.2.30.22
1.1.5.39542.3
1.1.5.39542.5.1.20.11
1.1.5.39675.33.2.12
1.1.5.39701.5.1.2.1.3
1.1.5.39818.5.1
1.1.5.39860.8.2.4.2
1.1.5.39878.13.2.13.2
1.1.5.39892.22.2
1.1.5.40059.5.1.4.1.1
1.1.5.40064.20.1.9
1.1.5.40219.5.1.26.2.3.2
1.1.5.40219.8.2.8
1.1.5.40224.19.1.9
1.1.5.40226.11.2.14.3.4
1.1.5.40377.12.4.8.3
1.1.5.40397.6
1.1.5.40413.5.1.2.4.13.3
1.1.5.40500.5.1.16.6
1.1.5.40628.13.3.29.1
1.1.5.40642.19.1.7.2.11.11
1.1.5.40703.5.1.16.2
1.1.5.40765.5.1.8
1.1.5.40785.17.2.4.3
1.1.5.40832.5.1.2.2.2.1.2
1.1.5.40903.5.1.2.4.23
1.1.5.40910.5.1.2.3
1.1.5.40987.5.1.5.1.1
1.1.5.41129.15.1.33
1.1.5.41146.19.4
1.1.5.41256.18.1.21
1.1.5.41403.20.2.4.13
1.1.5.41407.18.1.16
1.1.5.41411.5.1.8.2
1.1.5.41471.9.2.15
1.1.5.41472.14.5.6.1.12
1.1.5.41493.8.1.12
1.1.5.41516.5.1
1.1.5.41543.19.4.10.17
1.1.5.41600.8.1.7.1
1.1.5.41600.8.1.7.4
1.1.5.41629.19.1.8
1.1.5.41686.14.2.4.2
1.1.5.41770.54.1.5.4.3
1.1.5.41937.24.3.5.7.16
1.1.5.41942.10.1.6.6
1.1.5.42022.5.1.1.1
1.1.5.42023.5.1.1.1.11.7
1.1.5.42190.5.1.1.3
1.1.5.42348.5.1.1.1
1.1.5.42382.5.1.3.1.1.1.1
1.1.5.42481.5.1.2.1.2.2.11
1.1.5.42669.20.2.15
1.1.5.42913.19.2.6.12
1.1.5.42920.19.5.14.1.3.1.1
1.1.5.42950.16.2.20.1.2.8
1.1.5.43042.5.1.2
1.1.5.43058.5.1.7.4
1.1.5.43074.20.2.13
1.1.5.43164.17.3.4
1.1.5.43237.31.2.7.1.22.1.32
1.1.5.43303.16.4.18.1.4.1
1.1.5.43353.27.2.36.29
1.1.5.43371.15.3.10.4.7.1.9
1.1.5.43453.5.1.6.2.3.2.37
1.1.5.43742.5.1.1.8.10.2
1.1.5.43757.5.1.4
1.1.5.43838.48.1.31.11
1.1.5.43925.5.1.22
1.1.5.43928.11.3.12.11
1.1.5.44001.5.1.17.9
1.1.5.44119.5.1.3.21.24
1.1.5.44144.15.2.62.44.17.1.4
1.1.5.44296.16.2.33.4.20
1.1.5.44351.5.1.9.2.7.2
1.1.5.44438.5.1
1.1.5.44488.5.1.41
1.1.5.44658.5.1.7.1.3.2
1.1.5.44659.26.1.21.7
1.1.5.44660.31.3
1.1.5.44781.28.2.5
1.1.5.44782.6
1.1.5.44789.18.2.30.22
1.1.5.44823.14.3.15
1.1.5.44853.5.1
1.1.5.44989.33.2.12
1.1.5.45015.5.1.2.1.3
1.1.5.45068.5.1
1.1.5.45178.8.2.4.2
1.1.5.45213.22.2
1.1.5.45350.5.1
1.1.5.45371.5.1.4.1.1
1.1.5.45376.20.1.9
1.1.5.45532.5.1.26.2.3.2
1.1.5.45532.8.2.8
1.1.5.45536.5.1.1.6
1.1.5.45550.15.3.14.3
1.1.5.45608.3
1.1.5.45713.15.2.6.1.2.3.10
1.1.5.45733.6
1.1.5.45749.5.1.2.4.13.3
1.1.5.45819.19.1.4.10
1.1.5.45964.30.2.8
1.1.5.46023.5.1.16.2
1.1.5.46086.5.1.8
1.1.5.46106.17.2.4.3
1.1.5.46153.5.1.2.2.2.1.2
1.1.5.46304.65.2.30
1.1.5.46398.11.1.4
1.1.5.46464.15.1.33
1.1.5.46481.19.4
1.1.5.46589.18.1.21
1.1.5.46728.27.2.13.5.3.2.3
1.1.5.46732.74.3.31.13.2
1.1.5.46794.9.2.15
1.1.5.46795.14.5.6.1.12
1.1.5.46816.8.1.12
1.1.5.46842.15.2.8.2
1.1.5.46867.5.1
1.1.5.46931.8.1.7.1
1.1.5.46931.8.1.7.4
1.1.5.46960.19.1.8
1.1.5.47017.14.2.4.2
1.1.5.47104.54.1.5.4.3
1.1.5.47171.5.1.2.8.27.3
1.1.5.47181.15.2.7.1
1.1.5.47281.5.1.9
1.1.5.47288.22.2.40.5.8.1.5
1.1.5.47367.5.1.1.1
1.1.5.47368.5.1.1.1.11.7
1.1.5.47394.14.2.7.1.2
1.1.5.47404.15.3.5.4
1.1.5.47498.24.1.5.10.27.1
1.1.5.47557.8.1.5
1.1.5.47708.5.1.1.1
1.1.5.48040.20.2.15
1.1.5.48151.19.3.8.25
1.1.5.48164.5.1.3.7.4
1.1.5.48230.19.2.6.12
1.1.5.48237.19.5.14.1.3.1.1
1.1.5.48267.16.2.20.1.2.8
1.1.5.48285.5.1.1
1.1.5.48377.5.1.2
1.1.5.48392.8.1.7
1.1.5.48412.20.2.13
1.1.5.48573.5.1.8
1.1.5.48652.5.1.6.15
1.1.5.48669.9.1.5
1.1.5.48689.22.3.13
1.1.5.48711.15.3.10.4.7.1.9
1.1.5.48800.5.1.5.1.2.1.36
1.1.5.48946.5.1.2.2.20.6.14
1.1.5.49033.10.1.4
1.1.5.49113.5.1.4
1.1.5.49194.48.1.31.11
1.1.5.49264.5.1.22
1.1.5.49267.11.3.12.11
1.1.5.49295.5.1
1.1.5.49334.16.3.5.2.19.3
1.1.5.49450.5.1.3.21.24
1.1.5.49458.5.1.5.3.6.6.3
1.1.5.49479.26.2.14.18.28.6.2
1.1.5.49479.26.2.15.19.31
1.1.5.49634.16.2.33.4.20
1.1.5.49779.3
1.1.5.49783.28.2.26.1.9.1
1.1.5.49836.14.3.15.1
1.1.5.49922.10.1.5
1.1.5.49993.19.2.10.4
1.1.5.50013.16.2.9.1.8
1.1.5.50129.8.1.6
1.1.5.50162.28.2.5
1.1.5.50163.6
1.1.5.50170.18.2.30.22
1.1.5.50236.3
1.1.5.50236.5.1.20.11
1.1.5.50379.33.2.12
1.1.5.50402.5.1.8.4.16.3.18
1.1.5.50545.8.2.4.2
1.1.5.50564.14.4.39.2
1.1.5.50715.5.1
1.1.5.50740.5.1.4.1.1
1.1.5.50745.20.1.9
1.1.5.50765.6
1.1.5.50905.11.2.14.3.4
1.1.5.50989.3
1.1.5.51084.15.2.6.1.2.3.10
1.1.5.51104.6
1.1.5.51120.5.1.2.4.13.3
1.1.5.51308.5.1.10.1
1.1.5.51394.5.1.16.2
1.1.5.51470.5.1.8
1.1.5.51500.17.2.4.3
1.1.5.51540.5.1.2.2.2.1.2
1.1.5.51699.13.2.10
1.1.5.51848.15.1.33
1.1.5.51865.19.4
1.1.5.51975.18.1.21
1.1.5.52133.20.2.4.13
1.1.5.52137.18.1.16
1.1.5.52141.5.1.8.2
1.1.5.52210.9.2.15
1.1.5.52211.14.5.6.1.12
1.1.5.52232.8.1.12
1.1.5.52255.5.1
1.1.5.52349.8.1.7.1
1.1.5.52349.8.1.7.4
1.1.5.52363.5.1.2.3
1.1.5.52386.19.1.8
1.1.5.52436.5.1
1.1.5.52523.8.1.4
1.1.5.52524.5.1.3.7.14
1.1.5.52534.8.2.8
1.1.5.52601.5.1.2.8.27.3
1.1.5.52611.15.2.7.1
1.1.5.52712.24.3.5.7.16
1.1.5.52717.10.1.6.6
1.1.5.52743.6
1.1.5.52756.5.1
1.1.5.52805.5.1.1.1
1.1.5.52806.5.1.1.1.11.7
1.1.5.52926.24.1.5.10.27.1
1.1.5.52986.8.1.5
1.1.5.53125.5.1.1.1
1.1.5.53176.17.2.10
1.1.5.53268.5.1.2
1.1.5.53423.5.1.2.1.3
1.1.5.53461.20.2.15
1.1.5.53607.42.2.12
1.1.5.53620.5.1.2
1.1.5.53685.19.2.6.12
1.1.5.53692.19.5.14.1.3.1.1
1.1.5.53722.16.2.20.1.2.8
1.1.5.53795.5.1
1.1.5.53797.25.2
1.1.5.53826.8.1.7
1.1.5.53846.20.2.13
1.1.5.53928.5.1.6.12.23.6.14
1.1.5.54028.5.1.4
1.1.5.54115.5.1.6.15
1.1.5.54132.9.1.5
1.1.5.54150.27.2.36.29
1.1.5.54168.15.3.10.4.7.1.9
1.1.5.54198.37.2.1
1.1.5.54255.5.1.5.1.2.1.36
1.1.5.54401.5.1.2.2.20.6.14
1.1.5.54560.23.1.17.12
1.1.5.54643.48.1.31.11
1.1.5.54731.5.1.22
1.1.5.54734.11.3.12.11
1.1.5.54919.5.1.3.21.24
1.1.5.54927.5.1.5.3.6.6.3
1.1.5.54948.26.2.14.18.28.6.2
1.1.5.54948.26.2.15.19.31
1.1.5.55289.5.1.20
1.1.5.55295.17.3.11.1
1.1.5.55381.5.1.2.5.16.1
1.1.5.55413.5.1.10
1.1.5.55453.5.1.7.1.3.2
1.1.5.55457.34.2.22.9
1.1.5.55562.8.1.6
1.1.5.55595.28.2.5
1.1.5.55596.6
1.1.5.55603.18.2.30.22
1.1.5.55629.29.1.4
1.1.5.55672.3
1.1.5.55672.5.1.20.11
1.1.5.55805.33.2.12
1.1.5.55831.5.1.2.1.3
1.1.5.55878.5.1
1.1.5.55984.8.2.4.2
1.1.5.56003.14.4.39.2
1.1.5.56169.5.1
1.1.5.56190.5.1.4.1.1
1.1.5.56195.20.1.9
1.1.5.56359.5.1
1.1.5.56378.15.3.14.3
1.1.5.56552.6
1.1.5.56568.5.1.2.4.13.3
1.1.5.56937.17.2.7.5.6.2
1.1.5.56958.17.2.4.3
1.1.5.57016.5.1.1.1.2
1.1.5.57087.5.1.2.11.12
1.1.5.57093.5.1.2.3
1.1.5.57181.5.1.5.1.1
1.1.5.57309.15.1.33
1.1.5.57324.19.4
1.1.5.57432.18.1.21
1.1.5.57570.20.2.4.13
1.1.5.57574.18.1.16
1.1.5.57578.5.1.8.2
1.1.5.57638.9.2.15
1.1.5.57639.14.5.6.1.10
1.1.5.57660.8.1.12
1.1.5.57686.15.2.8.2
1.1.5.57755.5.1.2.2.38.3
1.1.5.57769.5.1.4.2.5
1.1.5.57770.5.1.1.1.1
1.1.5.57833.6
1.1.5.57847.14.2.4.2
1.1.5.57918.41.1.4.10
1.1.5.57974.13.1.7
1.1.5.57998.5.1.2.8.19.4
1.1.5.58008.15.2.7.1
1.1.5.58072.5.1.6.3.1.2
1.1.5.58101.24.3.5.7.7
1.1.5.58106.10.1.6.6
1.1.5.58195.5.1.1.1
1.1.5.58196.5.1.1.1.11.7
1.1.5.58222.14.2.7.1.2
1.1.5.58232.15.3.5.4
1.1.5.58513.13.2.22.28.30.2
1.1.5.58689.5.1.2.1.2.2.11
1.1.5.58877.6
1.1.5.58919.13.3.6.4
1.1.5.59029.5.1.8
1.1.5.59090.19.2.6.12
1.1.5.59097.19.5.14.1.3.1.1
1.1.5.59133.5.1.9.33
1.1.5.59217.5.1
1.1.5.59219.25.2
1.1.5.59263.20.2.13
1.1.5.59335.5.1.6.12.23.6.14
1.1.5.59384.13.2.8.4
1.1.5.59414.5.1.3.3
1.1.5.59416.15.1.20
1.1.5.59440.5.1.8
1.1.5.59538.9.1.5
1.1.5.59557.12.1.7.2
1.1.5.59598.37.2.1
1.1.5.59726.8.1.10
1.1.5.59947.5.1.12.16.14
1.1.5.60032.48.1.31.11
1.1.5.60102.5.1.22
1.1.5.60105.11.3.12.11
1.1.5.60172.5.1
1.1.5.60272.5.1.3.21.24
1.1.5.60281.5.1.29
1.1.5.60298.9.2.4.1
1.1.5.60299.14.3.5
1.1.5.60455.16.2.33.4.20
1.1.5.60646.5.1.52
1.1.5.60814.5.1.24
1.1.5.60924.8.1.6
1.1.5.60957.28.2.5
1.1.5.60958.6
1.1.5.60965.18.2.30.22
1.1.5.61026.3
1.1.5.61026.5.1.20.11
1.1.5.61176.33.2.12
1.1.5.61202.5.1.2.1.3
1.1.5.61255.5.1
1.1.5.61353.11.4.4.2
1.1.5.61375.14.4.39.2
1.1.5.61564.5.1.4.1.1
1.1.5.61569.20.1.9
1.1.5.61589.6
1.1.5.61701.37.4
1.1.5.61735.11.2.14.3.4
1.1.5.61818.3
1.1.5.61907.12.4.8.3
1.1.5.61927.6
1.1.5.61943.5.1.2.4.13.3
1.1.5.62033.5.1.16.6
1.1.5.62145.5.1.10.1
1.1.5.62294.5.1.8
1.1.5.62324.17.2.4.3
1.1.5.62371.5.1.2.2.2.1.2
1.1.5.62392.5.1.1.1
1.1.5.62519.13.2.10
1.1.5.62660.15.1.33
1.1.5.62675.19.4
1.1.5.62798.18.1.21
1.1.5.62871.21.2.16
1.1.5.62939.20.2.4.13
1.1.5.62943.18.1.16
1.1.5.62947.5.1.8.2
1.1.5.63013.9.2.15
1.1.5.63014.14.5.6.1.10
1.1.5.63035.8.1.12
1.1.5.63061.15.2.8.2
1.1.5.63147.5.1.4.2.5
1.1.5.63148.5.1.1.1.1
1.1.5.63158.10.2.15
1.1.5.63216.6
1.1.5.63315.8.1.4
1.1.5.63316.5.1.3.7.14
1.1.5.63464.5.1.6.3.1.11
1.1.5.63495.5.1.9
1.1.5.63502.22.2.40.5.8.1.5
1.1.5.63582.5.1.1.1
1.1.5.63583.5.1.1.1.11.7
1.1.5.63751.5.1.1.3
1.1.5.63869.21.1.8
1.1.5.63882.15.1.6
1.1.5.63934.5.1.1.1
1.1.5.64068.5.1.2
1.1.5.64096.16.2
1.1.5.64206.23.2.17
1.1.5.64216.11.3.4
1.1.5.64244.20.2.15
1.1.5.64407.5.1.2.2.29
1.1.5.64489.19.2.6.12
1.1.5.64496.19.5.14.1.3.1.1
1.1.5.64526.16.2.20.1.2.8
1.1.5.64601.5.1
1.1.5.64603.25.2
1.1.5.64649.20.2.13
1.1.5.64682.5.1.4.3.12.4
1.1.5.64723.5.1.6.12.23.6.19
1.1.5.64817.5.1.4
1.1.5.64934.22.3.13
1.1.5.64956.15.3.10.4.7.1.9
1.1.5.64984.37.2.1
1.1.5.65113.8.1.10
1.1.5.65323.23.1.17.12
1.1.5.65405.48.1.31.11
1.1.5.65494.5.1.22
1.1.5.65497.11.3.12.11
1.1.5.65562.15.3.9
1.1.5.65675.5.1.3.21.24
1.1.5.65692.26.2.15.20.22
1.1.5.65692.26.2.15.20.25
1.1.5.65989.13.2.5.5
1.1.5.66050.5.1.20
1.1.5.66052.5.1
1.1.5.66060.6
1.1.5.66158.10.1.5
1.1.5.66243.5.1.7.1.3.2
1.1.5.66247.34.2.22.9
1.1.5.66373.8.1.6
1.1.5.66406.28.2.5
1.1.5.66407.6
1.1.5.66414.18.2.30.22
1.1.5.66457.15.2
1.1.5.66477.3
1.1.5.66477.5.1.20.11
1.1.5.66618.33.2.12
1.1.5.66644.5.1.2.1.3
1.1.5.66691.5.1
1.1.5.66757.5.1
1.1.5.66787.22.4.15.6
1.1.5.66800.5.1.2.1.11.4.15
1.1.5.66800.5.1.2.1.12.5
1.1.5.66843.22.2
1.1.5.66977.5.1
1.1.5.66998.5.1.4.1.1
1.1.5.67003.20.1.9
1.1.5.67161.20.3.8.3.4
1.1.5.67251.3
1.1.5.67340.12.4.8.3
1.1.5.67360.6
1.1.5.67376.5.1.2.4.13.3
1.1.5.67465.5.1.16.6
1.1.5.67582.5.1.10.1
1.1.5.67732.5.1.8
1.1.5.67758.13.1.4.1
1.1.5.67808.5.1.1.1.2
1.1.5.67836.5.1.1.1
1.1.5.67903.16.4
1.1.5.67967.5.1.5.1.1
1.1.5.68056.5.1.1
1.1.5.68117.15.1.33
1.1.5.68132.19.4
1.1.5.68206.5.1.12.9
1.1.5.68251.5.1.11.1
1.1.5.68262.5.1
1.1.5.68343.21.2.16
1.1.5.68414.20.2.4.13
1.1.5.68418.18.1.16
1.1.5.68422.5.1.8.2
1.1.5.68482.9.2.15
1.1.5.68483.14.5.6.1.10
1.1.5.68496.10.1.5
1.1.5.68522.5.1
1.1.5.68605.5.1.3.1.1.1
1.1.5.68619.15.2.9.2.7
1.1.5.68687.6
1.1.5.68701.46.1.35.22
1.1.5.68779.41.1.4.10
1.1.5.68859.5.1.2.12.16.2
1.1.5.68869.15.2.7.1
1.1.5.68959.24.3.5.7.16
1.1.5.68964.10.1.6.6
1.1.5.69047.5.1.1.1
1.1.5.69048.5.1.1.1.11.7
1.1.5.69184.24.1.5.10.27.1
1.1.5.69244.8.1.5
1.1.5.69383.5.1.1.1
1.1.5.69417.5.1.3.1.1.1.1
1.1.5.69516.5.1.2
1.1.5.69708.20.2.15
1.1.5.69931.14.2.11
1.1.5.70075.5.1.2
1.1.5.70101.20.2.13
1.1.5.70213.13.2.8.4
1.1.5.70243.5.1.3.3
1.1.5.70245.15.1.20
1.1.5.70274.31.2.7.1.17.1.38
1.1.5.70388.10.1.4.3
1.1.5.70410.15.3.10.4.7.1.9
1.1.5.70440.37.2.1
1.1.5.70496.5.1.6.2.3.2.37
1.1.5.70566.8.1.10
1.1.5.70789.5.1.4
1.1.5.70871.48.1.31.11
1.1.5.70952.5.1.22
1.1.5.70955.11.3.12.11
1.1.5.71026.16.3.5.2.19.3
1.1.5.71135.5.1.3.21.24
1.1.5.71141.9.3.4.11
1.1.5.71161.12.1.4.3
1.1.5.71248.27.1.10
1.1.5.71326.16.2.33.4.20
1.1.5.71510.5.1.20
1.1.5.71512.5.1
1.1.5.71520.6
1.1.5.71575.5.1.27.3.8.3.4
1.1.5.71680.19.2.10.4
1.1.5.71700.16.2.9.1.8
1.1.5.71805.8.1.6
1.1.5.71832.5.1.3
1.1.5.71833.15.2
1.1.5.71903.3
1.1.5.71903.5.1.20.11
1.1.5.72041.33.2.12
1.1.5.72067.5.1.2.1.3
1.1.5.72120.5.1
1.1.5.72181.5.1
1.1.5.72211.22.4.15.6
1.1.5.72224.5.1.2.1.11.4.15
1.1.5.72224.5.1.2.1.12.5
1.1.5.72242.14.4.37.2
1.1.5.72387.5.1
1.1.5.72408.5.1.4.1.1
1.1.5.72413.20.1.9
1.1.5.72563.5.1.26.2.3.2
1.1.5.72563.8.2.8
1.1.5.72568.19.1.9
1.1.5.72570.11.2.14.3.4
1.1.5.72651.3
1.1.5.72749.15.2.6.1.2.3.10
1.1.5.72769.6
1.1.5.72785.5.1.2.4.13.3
1.1.5.72869.17.1.5
1.1.5.73010.13.3.29.1
1.1.5.73095.5.1.16.2
1.1.5.73171.5.1.8
1.1.5.73197.13.1.4.1
1.1.5.73245.5.1.2.2.2.1.2
1.1.5.73393.13.2.10
1.1.5.73535.15.1.33
1.1.5.73552.19.4
1.1.5.73621.5.1.12.9
1.1.5.73660.18.1.25
1.1.5.73744.21.2.16
1.1.5.73813.20.2.4.13
1.1.5.73817.18.1.16
1.1.5.73821.5.1.8.2
1.1.5.73881.9.2.15
1.1.5.73882.14.5.6.1.12
1.1.5.73895.10.1.5
1.1.5.73921.5.1
1.1.5.73955.5.1
1.1.5.74005.5.1.3.1.1.1
1.1.5.74019.15.2.9.2.7
1.1.5.74067.5.1
1.1.5.74090.3
1.1.5.74101.6
1.1.5.74115.14.2.4.2
1.1.5.74196.41.1.4.10
1.1.5.74273.5.1.2.12.16.2
1.1.5.74283.15.2.7.1
1.1.5.74372.5.1.9
1.1.5.74379.22.2.40.5.8.1.5
1.1.5.74413.3
1.1.5.74454.5.1.1.1
1.1.5.74455.5.1.1.1.11.7
1.1.5.74481.14.2.7.1.2
1.1.5.74491.15.3.5.4
1.1.5.74643.8.1.5
1.1.5.74730.13.2.8
1.1.5.74790.5.1.1.1
1.1.5.74922.5.1.2.1.2.2.11
1.1.5.74971.9.1.4
1.1.5.75078.23.2.17
1.1.5.75088.11.3.4
1.1.5.75115.6
1.1.5.75160.13.3.6.4
1.1.5.75270.5.1.8
1.1.5.75331.19.2.6.12
1.1.5.75338.19.5.14.1.3.1.1
1.1.5.75368.16.2.20.1.2.8
1.1.5.75480.5.1.2
1.1.5.75507.20.2.13
1.1.5.75540.5.1.4.3.12.4
1.1.5.75593.17.3.4
1.1.5.75675.31.2.7.1.22.1.32
1.1.5.75744.16.4.18.1.4.1
1.1.5.75768.27.2.13.20.36.9
1.1.5.75788.27.2.26.20
1.1.5.75806.15.3.10.4.7.1.9
1.1.5.75889.5.1.5.1.2.1.36
1.1.5.75956.8.1.10
1.1.5.76017.16.1.7.1.4.9.25
1.1.5.76176.5.1.4
1.1.5.76258.48.1.31.11
1.1.5.76330.5.1.22
1.1.5.76333.11.3.12.11
1.1.5.76398.15.3.9
1.1.5.76399.31.2.4
1.1.5.76402.17.2.9.20.9.3
1.1.5.76508.5.1.3.21.24
1.1.5.76514.9.3.4.11
1.1.5.76534.12.1.4.3
1.1.5.76835.5.1
1.1.5.76891.6
1.1.5.76990.10.1.5
1.1.5.77081.5.1.7.1.3.2
1.1.5.77085.34.2.22.9
1.1.5.77199.8.1.6
1.1.5.77232.28.2.5
1.1.5.77233.6
1.1.5.77240.18.2.30.22
1.1.5.77271.14.3.15
1.1.5.77303.3
1.1.5.77303.5.1.20.11
1.1.5.77446.33.2.12
1.1.5.77472.5.1.2.1.3
1.1.5.77519.5.1
1.1.5.77603.22.4.15.6
1.1.5.77616.5.1.2.1.11.4.15
1.1.5.77616.5.1.2.1.12.5
1.1.5.77634.13.2.9.2
1.1.5.77648.22.2
1.1.5.77807.5.1.4.1.1
1.1.5.77812.20.1.9
1.1.5.77964.5.1.26.2.3.2
1.1.5.77964.8.2.8
1.1.5.77968.5.1.1.6
1.1.5.78041.3
1.1.5.78140.12.4.8.3
1.1.5.78160.6
1.1.5.78176.5.1.2.4.13.3
1.1.5.78275.5.1.16.6
1.1.5.78399.13.3.29.1
1.1.5.78549.5.1.8
1.1.5.78569.17.2.4.3
1.1.5.78622.5.1.1.1.2
1.1.5.78700.5.1.2.4.23
1.1.5.78707.5.1.2.3
1.1.5.78758.8.1.7
1.1.5.78791.5.1.5.1.1
1.1.5.78897.11.1.4
1.1.5.78963.15.1.33
1.1.5.78978.19.4
1.1.5.79044.5.1.12.9
1.1.5.79246.27.2.13.5.3.2.3
1.1.5.79250.74.3.31.13.2
1.1.5.79312.9.2.15
1.1.5.79313.14.5.6.1.12
1.1.5.79334.8.1.12
1.1.5.79356.15.2.8.2
1.1.5.79438.8.1.7.1
1.1.5.79438.8.1.7.4
1.1.5.79508.6
1.1.5.79616.54.1.5.4.3
1.1.5.79686.5.1.2.8.27.3
1.1.5.79696.15.2.7.1
1.1.5.79786.24.3.5.7.16
1.1.5.79791.10.1.6.6
1.1.5.79880.5.1.1.1
1.1.5.79881.5.1.1.1.11.7
1.1.5.79907.14.2.7.1.2
1.1.5.79917.15.3.5.4
1.1.5.80011.24.1.5.10.27.1
1.1.5.80123.3
1.1.5.80172.21.1.8
1.1.5.80185.15.1.6
1.1.5.80214.13.2.22.24.58.2
1.1.5.80221.10.2.4
1.1.5.80398.5.1.2
1.1.5.80590.20.2.15
1.1.5.80739.5.1.8
1.1.5.80800.19.2.6.12
1.1.5.80807.19.5.14.1.3.1.1
1.1.5.80837.16.2.20.1.2.8
1.1.5.80904.5.1
1.1.5.80906.25.2
1.1.5.80947.20.2.13
1.1.5.81019.5.1.6.12.23.6.14
1.1.5.81106.31.2.7.1.22.1.32
1.1.5.81187.5.1.6.15
1.1.5.81204.9.1.5
1.1.5.81224.22.3.13
1.1.5.81246.15.3.10.4.7.1.9
1.1.5.81408.8.1.10
1.1.5.81468.5.1.2.2.21.11.15
1.1.5.81619.5.1.7.3.15.6.13
1.1.5.81621.10.1.4.1
1.1.5.81704.48.1.31.11
1.1.5.81776.5.1.22
1.1.5.81779.11.3.12.11
1.1.5.81960.5.1.3.21.24
1.1.5.81968.5.1.5.3.6.6.3
1.1.5.81987.10.1.61.42
1.1.5.82154.16.2.33.4.20
1.1.5.82211.5.1.2.1.4.2
1.1.5.82295.5.1
1.1.5.82346.31.3.17.12.16
1.1.5.82354.46.2.4
1.1.5.82521.5.1.7.1.3.2
1.1.5.82525.34.2.22.9
1.1.5.82628.8.1.6
1.1.5.82661.28.2.5
1.1.5.82662.6
1.1.5.82669.18.2.30.22
1.1.5.82695.29.1.4
1.1.5.82742.5.1.1.1
1.1.5.82781.5.1.2.1
1.1.5.82858.33.2.12
1.1.5.82887.5.1.2
1.1.5.82941.5.1
1.1.5.82999.5.1
1.1.5.83044.11.4.4.2
1.1.5.83066.14.4.39.2
1.1.5.83245.5.1.4.1.1
1.1.5.83250.20.1.9
1.1.5.83270.6
1.1.5.83335.9.1.43
1.1.5.83354.5.1.1.12.28.1.35
1.1.5.83404.5.1
1.1.5.83426.17.3
1.1.5.83487.3
1.1.5.83582.12.4.8.3
1.1.5.83602.6
1.1.5.83618.5.1.2.4.13.3
1.1.5.83707.5.1.16.6
1.1.5.83840.13.3.29.1
1.1.5.83854.19.1.7.2.11.11
1.1.5.83918.5.1.16.2
1.1.5.83993.17.2.7.5.6.2
1.1.5.84019.17.2.4.3
1.1.5.84069.5.1.2.2.2.1.2
1.1.5.84214.5.1.5.1.1
1.1.5.84341.15.1.33
1.1.5.84356.19.4
1.1.5.84433.5.1.12.9
1.1.5.84476.5.1.2.1.4.1
1.1.5.84641.20.2.4.13
1.1.5.84645.18.1.16
1.1.5.84649.5.1.8.2
1.1.5.84709.9.2.15
1.1.5.84710.14.5.6.1.12
1.1.5.84726.8.1.12
1.1.5.84749.5.1
1.1.5.84825.5.1.3.1.1.1
1.1.5.84839.15.2.9.2.7
1.1.5.84871.19.1.8
1.1.5.84928.22.3.31.1.14.2.14
1.1.5.85013.54.1.5.4.3
1.1.5.85073.5.1.2.12.16.2
1.1.5.85083.15.2.7.1
1.1.5.85180.24.3.5.7.8
1.1.5.85185.10.1.6.6
1.1.5.85202.29.2
1.1.5.85257.5.1.1.1
1.1.5.85258.5.1.1.1.11.7
1.1.5.85338.12.1.5
1.1.5.85437.8.1.5
1.1.5.85496.9.1.4
1.1.5.85536.21.1.8
1.1.5.85549.15.1.6
1.1.5.85595.5.1.1.1
1.1.5.85733.5.1.2
1.1.5.85783.9.1.4
1.1.5.85900.5.1.2.1.3
1.1.5.85937.6
1.1.5.85982.13.3.6.4
1.1.5.86101.5.1.8
1.1.5.86168.19.2.6.12
1.1.5.86175.19.5.14.1.3.1.1
1.1.5.86205.16.2.20.1.2.8
1.1.5.86290.5.1
1.1.5.86292.25.2
1.1.5.86338.20.2.13
1.1.5.86421.17.3.4
1.1.5.86506.10.3.19.10
1.1.5.86609.9.1.5
1.1.5.86632.5.1.1.8.3
1.1.5.86679.37.2.1
1.1.5.86865.5.1.2.2.21.17.14
1.1.5.87020.5.1.12.31.30
1.1.5.87192.5.1.22
1.1.5.87195.11.3.12.11
1.1.5.87256.5.1.22.6.11.12
1.1.5.87359.5.1.3.21.24
1.1.5.87365.9.3.4.11
1.1.5.87385.12.1.4.3
1.1.5.87488.3
1.1.5.87529.5.1.1.1
1.1.5.87554.16.2.33.4.20
1.1.5.87613.5.1.9.2.7.2
1.1.5.87748.14.3.15.1
1.1.5.87915.5.1.24
1.1.5.88019.8.1.6
1.1.5.88052.28.2.5
1.1.5.88053.6
1.1.5.88060.18.2.30.22
1.1.5.88096.15.2
1.1.5.88116.3
1.1.5.88116.5.1.20.11
1.1.5.88269.33.2.12
1.1.5.88295.5.1.2.1.3
1.1.5.88336.29.2.4.1
1.1.5.88342.16.1.9
1.1.5.88425.22.4.15.6
1.1.5.88438.5.1.2.1.11.4.15
1.1.5.88438.5.1.2.1.12.5
1.1.5.88614.5.1
1.1.5.88635.5.1.4.1.1
1.1.5.88640.20.1.9
1.1.5.88681.51.1.32
1.1.5.88793.5.1.26.2.3.2
1.1.5.88793.8.2.8
1.1.5.88797.5.1.1.6
1.1.5.88811.15.3.14.3
1.1.5.88869.3
1.1.5.88965.12.4.8.3
1.1.5.88985.6
1.1.5.89001.5.1.2.4.13.3
1.1.5.89083.5.1
1.1.5.89208.5.1.10.1
1.1.5.89293.5.1.16.2
1.1.5.89369.5.1.8
1.1.5.89403.5.1.1.1.2.1.32
1.1.5.89449.5.1.2.2.2.1.2
1.1.5.89470.5.1.1.1
1.1.5.89517.5.1.2.4.23
1.1.5.89524.5.1.2.4
1.1.5.89575.8.1.7
1.1.5.89606.5.1.5.1.1
1.1.5.89691.11.1.4
1.1.5.89760.15.1.33
1.1.5.89775.19.4
1.1.5.89854.5.1.12.9
1.1.5.89903.18.1.21
1.1.5.90047.20.2.4.13
1.1.5.90051.18.1.16
1.1.5.90055.5.1.8.2
1.1.5.90115.9.2.15
1.1.5.90116.14.5.6.1.10
1.1.5.90137.8.1.12
1.1.5.90159.15.2.8.2
1.1.5.90229.5.1.3.1.1.1
1.1.5.90243.15.2.9.2.7
1.1.5.90279.5.1
1.1.5.90302.3
1.1.5.90313.6
1.1.5.90327.14.2.4.2
1.1.5.90404.54.1.5.4.3
1.1.5.90543.5.1.6.3.1.4
1.1.5.90572.24.3.5.7.7
1.1.5.90577.10.1.6.6
1.1.5.90658.5.1.1.1
1.1.5.90659.5.1.1.1.11.7
1.1.5.90840.8.1.5
1.1.5.90905.3
1.1.5.90954.21.1.8
1.1.5.90967.15.1.6
1.1.5.91012.5.1.1.1
1.1.5.91148.5.1.2.1.2.2.11
1.1.5.91340.20.2.15
1.1.5.91486.19.3.8.18
1.1.5.91499.5.1.3.7.4
1.1.5.91514.3
1.1.5.91529.33.4.4.7
1.1.5.91593.19.2.6.12
1.1.5.91600.19.5.14.1.3.1.1
1.1.5.91636.16.2.20.1.2.8
1.1.5.91654.5.1.1
1.1.5.91746.5.1.2
1.1.5.91761.8.1.7
1.1.5.91781.20.2.13
1.1.5.91817.5.1.4.3.12.6
1.1.5.91876.17.3.4
1.1.5.91958.5.1.8
1.1.5.92078.12.1.7.2
1.1.5.92171.5.1.6.2.3.2.37
1.1.5.92316.5.1.2.2.20.6.14
1.1.5.92332.5.1.2.2.3.1
1.1.5.92490.5.1.4
1.1.5.92565.25.2.4.3
1.1.5.92643.5.1.22
1.1.5.92646.11.3.12.11
1.1.5.92830.5.1.3.21.24
1.1.5.92836.9.3.4.11
1.1.5.92856.12.1.4.3
1.1.5.92939.27.1.10
1.1.5.93163.3
1.1.5.93167.28.2.26.1.9.1
1.1.5.93216.31.3.17.12.16
1.1.5.93224.46.2.4
1.1.5.93321.10.1.5
1.1.5.93398.19.2.10.4
1.1.5.93423.9.2.8.7
1.1.5.93528.8.1.6
1.1.5.93561.28.2.5
1.1.5.93562.6
1.1.5.93569.18.2.30.22
1.1.5.93613.15.2
1.1.5.93633.3
1.1.5.93633.5.1.20.11
1.1.5.93766.33.2.12
1.1.5.93792.5.1.2.1.3
1.1.5.93909.5.1
1.1.5.93951.11.4.4.2
1.1.5.94123.5.1
1.1.5.94144.5.1.4.1.1
1.1.5.94149.20.1.9
1.1.5.94169.6
1.1.5.94237.19.3.5
1.1.5.94265.37.4
1.1.5.94295.5.1.26.2.3.2
1.1.5.94295.8.2.8
1.1.5.94299.5.1.1.6
1.1.5.94313.15.3.14.3
1.1.5.94371.3
1.1.5.94467.15.2.6.1.2.3.10
1.1.5.94487.6
1.1.5.94503.5.1.2.4.13.3
1.1.5.94580.5.1
1.1.5.94703.5.1.10.1
1.1.5.94858.5.1.8
1.1.5.94878.17.2.4.3
1.1.5.94928.5.1.1.1.2
1.1.5.95006.5.1.2.4.23
1.1.5.95013.5.1.2.4
1.1.5.95064.8.1.7
1.1.5.95099.23.2.20
1.1.5.95229.15.1.33
1.1.5.95244.19.4
1.1.5.95379.5.1.3.3
1.1.5.95533.20.2.4.13
1.1.5.95537.18.1.16
1.1.5.95541.5.1.8.2
1.1.5.95601.9.2.15
1.1.5.95602.14.5.6.1.10
1.1.5.95618.8.1.12
1.1.5.95641.5.1
1.1.5.95671.19.4.10.17
1.1.5.95717.5.1.3.1.1.1
1.1.5.95731.15.2.9.2.7
1.1.5.95777.25.2.6.1.22.3
1.1.5.95816.22.3.31.1.14.2.14
1.1.5.95894.41.1.4.10
1.1.5.95906.8.2.8
1.1.6.86.24.3.5.7.16
1.1.6.91.10.1.6.6
1.1.6.172.5.1.1.1
1.1.6.173.5.1.1.1.11.7
1.1.6.199.14.2.7.1.2
1.1.6.209.15.3.5.4
1.1.6.361.8.1.5
1.1.6.638.5.1.2.1.2.2.11
1.1.6.832.20.2.15
1.1.6.980.3
1.1.6.995.33.4.4.7
1.1.6.1059.19.2.6.12
1.1.6.1066.19.5.14.1.3.1.1
1.1.6.1102.5.1.9.33
1.1.6.1131.5.1.3.1.2.1
1.1.6.1166.5.1
1.1.6.1168.25.2
1.1.6.1198.8.1.7
1.1.6.1218.20.2.13
1.1.6.1296.5.1.6.12.23.6.19
1.1.6.1316.17.3.4
1.1.6.1399.5.1.4
1.1.6.1516.22.3.13
1.1.6.1538.15.3.10.4.7.1.9
1.1.6.1768.5.1.2.2.28.5.4
1.1.6.1916.5.1.1.8.10.2
1.1.6.1924.5.1.12.24.13
1.1.6.2008.48.1.31.11
1.1.6.2094.5.1.22
1.1.6.2097.11.3.12.11
1.1.6.2155.15.3.9
1.1.6.2268.5.1.3.21.24
1.1.6.2274.9.3.4.11
1.1.6.2294.12.1.4.3
1.1.6.2385.27.1.10
1.1.6.2606.3
1.1.6.2610.28.2.26.1.9.1
1.1.6.2627.8.1.4
1.1.6.2657.31.3.17.12.16
1.1.6.2665.46.2.4
1.1.6.2837.5.1.7.1.3.2
1.1.6.2841.34.2.22.9
1.1.6.2937.8.1.6
1.1.6.2970.28.2.5
1.1.6.2971.6
1.1.6.2978.18.2.30.22
1.1.6.3022.15.2
1.1.6.3042.3
1.1.6.3042.5.1.20.11
1.1.6.3185.33.2.12
1.1.6.3214.5.1.2
1.1.6.3327.5.1
1.1.6.3368.8.2.4.2
1.1.6.3386.13.2.13.2
1.1.6.3400.22.2
1.1.6.3537.5.1
1.1.6.3558.5.1.4.1.1
1.1.6.3563.20.1.9
1.1.6.3604.51.1.32
1.1.6.3646.9.1.43
1.1.6.3703.5.1.26.2.3.2
1.1.6.3703.8.2.8
1.1.6.3708.19.1.9
1.1.6.3710.11.2.14.3.4
1.1.6.3795.3
1.1.6.3908.6
1.1.6.3924.5.1.2.4.13.3
1.1.6.4013.5.1.16.6
1.1.6.4128.5.1.10.1
1.1.6.4281.5.1.8
1.1.6.4307.13.1.4.1
1.1.6.4361.5.1.1.1.2
1.1.6.4442.5.1.4.2.2
1.1.6.4469.12.1.6
1.1.6.4533.5.1.5.1.1
1.1.6.4642.11.1.4
1.1.6.4711.15.1.33
1.1.6.4726.19.4
1.1.6.4798.5.1.12.9
1.1.6.4847.17.3.19
1.1.6.4929.21.2.16
1.1.6.4998.20.2.4.13
1.1.6.5002.18.1.16
1.1.6.5006.5.1.8.2
1.1.6.5087.9.2.15
1.1.6.5088.14.5.6.1.12
1.1.6.5101.10.1.5
1.1.6.5127.5.1
1.1.6.5217.5.1.3.1.7
1.1.6.5217.5.1.3.1.10
1.1.6.5252.5.1
1.1.6.5286.6
1.1.6.5300.14.2.4.2
1.1.6.5383.54.1.5.4.3
1.1.6.5392.8.2.8
1.1.6.5440.13.1.7
1.1.6.5464.5.1.2.8.19.4
1.1.6.5474.15.2.7.1
1.1.6.5541.10.1.4
1.1.6.5551.5.1.6.3.1.8
1.1.6.5580.24.3.5.7.7
1.1.6.5585.10.1.6.6
1.1.6.5620.19.1.8
1.1.6.5672.5.1.1.1
1.1.6.5673.5.1.1.1.11.7
1.1.6.5851.8.1.5
1.1.6.5952.15.1.7
1.2.244.2.1.7
1.2.564.2.1.3.1
1.2.707.4.2.7.4.5.1
1.2.787.4.2
1.2.808.4.2.2
1.2.884.2.1.3
1.2.950.10.5.13.4
1.2.970.2.1.8
1.2.992.4.2
1.2.1127.4.2.2.1.3.3
1.2.1389.6.3
1.2.1405.6.3.8.1.1
1.2.1424.10.5.19.2
1.2.1424.10.5.20.1.23
1.2.1644.6.3.16
1.2.1667.6.3.7.1.6
1.2.1809.2.1.5.1.2.1.11
1.2.2012.4.2.18
1.2.2260.4.2.19.9.19
1.2.2406.16.8.17.1.7.1
1.2.2608.4.2.4.2.4.3
1.2.2626.4.2.8.1.2.4.17
1.2.2813.10.5.10.2.3.1.34
1.2.2824.6.3.7
1.2.2851.2.1.6.6.43
1.2.2963.4.2.3
1.2.3086.6.3.9
1.2.3132.6.3.7.6
1.2.3182.2.1.23.11.21.8
1.2.3190.2.1
1.2.3195.1
1.2.3340.2.1.12.3.33.6.13
1.2.3384.2.1.12.4.8
1.2.3530.14.7.12.3
1.2.3557.2.1.3.2.6.1
1.2.3783.2.1.1.1.3.3.8
1.2.3887.6.3.35.2.8.2
1.2.3927.2.1.7
1.2.3929.6.3.14
1.2.3936.4.2.6
1.2.3945.2.1.21.4
1.2.3999.2.1
1.2.4223.6.3.16.3.3.2
1.2.4260.12.6.11.3
1.2.4281.4.2.5
1.2.4285.6.3
1.2.4431.2.1.2.1
1.2.4440.8.4.10.4.14.4
1.2.4484.2.1.3.1.1.1
1.2.4512.4.2.4.1.3.3.9
1.2.4512.4.2.6.3
1.2.4531.1
1.2.4619.2.1.10.3.16.5
1.2.4805.2.1.4
1.2.4870.4.2
1.2.4937.2.1
1.2.5047.8.4.7.5.8
1.2.5066.2.1
1.2.5146.2.1.5.1
1.2.5194.4.2
1.2.5340.6.3.5
1.2.5429.6.3.8.1
1.2.5652.6.3.10.1.14.1
1.2.5721.3
1.2.5738.6.3.20.1
1.2.5965.6.3.36
1.4.4736.4.4
1.4.7505.1
1.4.7505.2
1.4.18402.1
1.4.18402.2
1.4.38012.1
1.4.38012.2
1.4.38012.4
1.4.40553.1
1.4.40553.2
1.4.48784.1
1.4.48784.2
1.4.51446.1
1.4.51446.2
1.4.51446.5
1.4.57103.1
1.4.57103.2
1.4.79360.1
1.4.79360.2
1.4.96466.3.1
1.4.98405.1
1.4.98405.2
1.4.106508.1
1.4.106508.2
1.4.106508.3
1.4.106670.1
1.4.106670.2
1.4.119791.1
1.4.119791.2
1.4.119791.3
1.4.123214.1
1.4.123214.2
1.4.128736.4.4
1.4.142407.1
1.4.142407.2
1.5.23.11.2.1.29.2.7.4.12
1.5.169.8.2.1.15.3.27.2
1.5.433.14.2.1.1.1.1
1.5.466.12.2.1.5.2
1.5.633.9.2.1.1.1
1.5.832.8.2.1
1.5.851.9.2.1
1.5.1106.8.2.1.12.2.7.2.10
1.5.1118.7.2.1.12.2.3.4
1.5.1126.12.2.1
1.5.1229.9.2.1.4.1.7.11
1.5.1252.10.2.1.2
1.5.1367.10.2.1.31.10
1.5.1404.8.2.1.9.4
1.5.1534.12.2.1.6.3.6.3.4
1.5.1568.13.2.1.31
1.5.1570.15.2.1
1.5.1623.8.2.1.22
1.5.1768.14.2.1.17
1.5.1776.15.2.1.8.4.1
1.5.1792.8.2.1.5.5.13
1.5.1908.16.2.1.2.1.2.2.11
1.5.2133.10.2.1.14.2.8.7
1.5.2267.7.2.1.3.2.5.1
1.5.2288.6.2.1.10
1.5.2297.9.2.1.24.7.16
1.5.2395.11.2.1.6.1.2
1.5.2501.8.2.1.3.1.4
1.5.2548.6.2.1.9.1.2.2.19
1.5.2600.7.2.1.3.1.2.4.42
1.5.2769.11.2.1.2.1.3.3.46
1.5.2769.11.2.1.2.1.3.3.49
1.5.2822.27.2.1
1.5.2977.7.2.1.8
1.5.2978.11.2.1.11.6.19.2.3
1.5.3064.8.2.1.1.3
1.5.3162.11.2.1.18.3.45
1.5.3228.12.2.1.6
1.5.3280.15.2.1
1.5.3479.8.2.1.4
1.5.3483.15.2.1.9.2.6.4
1.5.3658.7.2.1.5.7.11
1.5.3666.8.2.1.6.5.16.8.19
1.5.3703.10.2.1.1.1.2.4
1.5.3934.17.2.1.1.1.10.2
1.5.3958.13.2.1
1.5.3959.7.2.1.7
1.5.4095.14.2.1
1.5.4114.13.2.1.3.2
1.5.4170.9.2.1.7.2.14
1.5.4275.13.2.1.5.1
1.5.4629.13.2.1.42.4.7.2
1.5.4642.19.2.1
1.5.4950.7.2.1.18.4
1.5.4951.5.2.1.2
1.5.4977.11.2.1.40.2.2
1.5.5002.6.2.1.4.4
1.5.5112.15.2.1.3.1
1.5.5190.9.2.1.13.9
1.5.5419.18.2.1.26.5.11.5.18
1.5.5485.11.2.1.14.2.7
1.5.5527.6.2.1.3
1.5.5600.7.2.1.7
1.5.5642.5.2.1.13.2
1.5.5691.12.2.1.1.6.20.5
1.5.5703.7.2.1.3.2.3.3.19
1.5.5738.8.2.1
1.5.5820.8.2.1.60.2.9.1.1
1.5.5938.6.2.1.1
1.5.6122.30.2.1
1.5.6167.11.2.1
1.5.6219.12.2.1.25
1.5.6382.13.2.1.22.6.20
1.5.6387.10.2.1.29.11
1.5.6391.8.2.1.41.1.3.2
1.5.6430.19.2.1
1.5.6457.6.2.1
1.5.6605.7.2.1.3.4.9
1.5.6627.6.2.1
1.5.6853.18.2.1.11.2.4
1.5.6939.7.2.1.8.2.4.10
1.5.6941.20.2.1
1.5.7045.13.2.1.13.3.7
1.5.7056.5.2.1.10.1.2
1.5.7507.9.2.1
1.5.7592.12.2.1.5.2
1.5.7755.9.2.1.1.1
1.5.7976.9.2.1.10
1.5.7997.23.2.1
1.5.8213.6.2.1.16.7
1.5.8278.10.2.1.20.5.23.4
1.5.8330.11.2.1.17.4.7.7
1.5.8384.9.2.1.4.1.7.11
1.5.8547.8.2.1.9.4
1.5.8671.12.2.1.28.5.6.3.4
1.5.8708.7.2.1
1.5.8715.7.2.1.3.2
1.5.8760.8.2.1.22
1.5.8914.14.2.1.17
1.5.8938.8.2.1.5.5.13
1.5.9056.16.2.1.2.1.2.2.11
1.5.9222.9.2.1
1.5.9276.10.2.1.14.2.8.7
1.5.9437.7.2.1
1.5.9448.16.2.1.6
1.5.9539.11.2.1.6.1.2
1.5.9649.8.2.1.3.1.4
1.5.9692.14.2.1.2.1.1.3.2
1.5.9727.7.2.1.3.1.2.4.13
1.5.9868.22.2.1.16.2.2
1.5.9891.7.2.1.4
1.5.9946.27.2.1
1.5.10098.16.2.1.26.7.15
1.5.10129.8.2.1.10.2
1.5.10285.11.2.1.18.3.41
1.5.10352.12.2.1.6
1.5.10591.8.2.1.4
1.5.10595.15.2.1.9.2.2.2
1.5.10637.22.2.1.2.1.1.1.2
1.5.10761.7.2.1.5.7.11
1.5.10769.8.2.1.6.5.16.8.19
1.5.10801.7.2.1.14.6.44.2
1.5.10986.16.2.1.4.2.4.4
1.5.11007.17.2.1.1.1.10.2
1.5.11031.13.2.1
1.5.11032.7.2.1.7
1.5.11170.13.2.1.3.2
1.5.11234.6.2.1.45
1.5.11235.20.2.1
1.5.11323.13.2.1.5.1
1.5.11495.8.2.1.3.4.14.6.8
1.5.11509.15.2.1.17.7.26.2
1.5.11653.13.2.1.42.4
1.5.11724.6.2.1
1.5.11729.13.2.1.1.1.2.1.2.24
1.5.11812.9.2.1
1.5.11962.7.2.1.11
1.5.11987.20.2.1.7
1.5.12010.6.2.1.4.4
1.5.12194.9.2.1.13.9
1.5.12432.18.2.1.26.5.11.5.18
1.5.12498.11.2.1.14.2.7
1.5.12539.6.2.1.3
1.5.12612.7.2.1.7
1.5.12654.5.2.1.13.2
1.5.12830.17.2.1.12.5.19
1.5.12937.5.2.1.2.2.9.2.3
1.5.13194.11.2.1
1.5.13251.12.2.1.25
1.5.13424.13.2.1.22.6.20
1.5.13429.10.2.1.29.11
1.5.13433.8.2.1.41.1.3.2
1.5.13472.19.2.1
1.5.13499.6.2.1
1.5.13650.6.2.1.2.1.1.1.30
1.5.13672.6.2.1
1.5.13817.9.2.1
1.5.13876.25.2.1.3.1.15.6.18
1.5.13905.10.2.1.6.4
1.5.13965.7.2.1.8.2.4.10
1.5.13967.20.2.1
1.5.14075.13.2.1.13.3.7
1.5.14086.5.2.1.10.1.2
1.5.14113.7.2.1
1.5.14124.6.2.1.6.2
1.5.14370.8.2.1.15.3.27.2
1.5.14561.9.2.1
1.5.14646.12.2.1.5.2
1.5.14813.9.2.1.1.1
1.5.15033.9.2.1
1.5.15281.17.2.1.4
1.5.15314.7.2.1.7.2.4
1.5.15320.10.2.1.19.5.19.4
1.5.15372.11.2.1.17.4.7.7
1.5.15426.9.2.1.4.1.7.11
1.5.15570.10.2.1.31.10
1.5.15607.8.2.1.9.4
1.5.15644.11.2.1.8.1.12
1.5.15737.12.2.1.28.5.6.3.4
1.5.15775.12.2.1.3.1
1.5.15782.10.2.1
1.5.15821.8.2.1.22
1.5.15990.8.2.1.15
1.5.16029.7.2.1.3
1.5.16127.16.2.1.2.1.2.2.11
1.5.16520.7.2.1
1.5.16532.13.2.1.3
1.5.16631.11.2.1.6.1.2
1.5.16734.8.2.1.3.1.4
1.5.16777.14.2.1.2.1.1.3.2
1.5.16789.11.2.1
1.5.16823.7.2.1.3.1.2.4.33
1.5.16971.22.2.1.5.2.2
1.5.16994.11.2.1.2.1.3.3.29
1.5.16994.11.2.1.2.1.3.3.32
1.5.17050.27.2.1
1.5.17204.16.2.1.26.7.15
1.5.17235.8.2.1.10.2
1.5.17285.8.2.1.1.3
1.5.17420.8.2.1.21.4.7
1.5.17586.10.2.1
1.5.17732.8.2.1.4
1.5.17736.15.2.1.9.2.6.4
1.5.17753.7.2.1.19.2.13.4
1.5.17773.9.2.1
1.5.17898.11.2.1.6.1.6.2.28
1.5.17903.11.2.1.3
1.5.17936.7.2.1.12.5.9.2
1.5.17941.11.2.1.4.3.4.3.5.40
1.5.18162.17.2.1.1.1.10.2
1.5.18186.13.2.1
1.5.18187.7.2.1.7
1.5.18323.14.2.1
1.5.18342.13.2.1.3.2
1.5.18395.6.2.1.45
1.5.18396.20.2.1
1.5.18499.13.2.1.5.1
1.5.18678.7.2.1.4
1.5.18854.13.2.1.42.4
1.5.18867.7.2.1.5.2.6.2
1.5.18909.10.2.1.2.2
1.5.18917.6.2.1
1.5.18922.13.2.1.1.1.2.1.4.21
1.5.18995.9.2.1
1.5.19149.7.2.1.11
1.5.19173.20.2.1.7
1.5.19196.6.2.1.4.4
1.5.19372.9.2.1.13.9
1.5.19603.18.2.1.26.5.11.5.18
1.5.19665.5.2.1.9.1.8
1.5.19704.6.2.1.3
1.5.19777.7.2.1.7
1.5.19819.5.2.1.13.2
1.5.19889.7.2.1.3.2.8.3.11
1.5.20004.17.2.1.12.5.19
1.5.20103.5.2.1.2.2.9.2.3
1.5.20346.20.2.1.2
1.5.20569.13.2.1.22.6.20
1.5.20574.10.2.1.29.11
1.5.20578.8.2.1.41.1.3.2
1.5.20650.6.2.1
1.5.20795.6.2.1.2.1.1.1.8
1.5.20823.26.2.1
1.5.21020.18.2.1.11.2.4
1.5.21106.7.2.1.8.2.4.10
1.5.21108.20.2.1
1.5.21213.17.2.1.10.1
1.5.21232.12.2.1.13.1.4.3.11
1.5.21243.15.2.1.1.1.1
1.5.21267.7.2.1
1.5.21278.6.2.1.6.2
1.5.21530.6.2.1.8
1.5.21777.14.2.1.1.1.1
1.5.21810.12.2.1.5.2
1.5.21972.9.2.1.1.1
1.5.22182.9.2.1
1.5.22399.6.2.1.16.7
1.5.22437.11.2.1.1.4.20.1
1.5.22469.10.2.1.20.5.23.4
1.5.22521.11.2.1.17.4.7.7
1.5.22575.9.2.1.4.1.7.11
1.5.22661.9.2.1.4.1
1.5.22662.12.2.1
1.5.22740.8.2.1.9.4
1.5.22872.12.2.1.6.3.6.3.8
1.5.22910.12.2.1.3.1
1.5.22917.10.2.1
1.5.23112.14.2.1.19
1.5.23120.15.2.1.8.4.1
1.5.23136.8.2.1.5.5.13
1.5.23248.16.2.1.2.1.2.2.11
1.5.23618.7.2.1.3.2.5.1
1.5.23639.6.2.1.10
1.5.23650.9.2.1.1.1.15
1.5.23723.11.2.1.6.1.2
1.5.23826.8.2.1.3.1.4
1.5.23869.14.2.1.2.1.1.3.2
1.5.23899.7.2.1.8.6.7.4
1.5.23912.11.2.1.5.5
1.5.23919.20.2.1
1.5.24048.11.2.1.2.1.1
1.5.24075.11.2.1.2.1.3.3.33
1.5.24075.11.2.1.2.1.3.3.36
1.5.24130.27.2.1
1.5.24288.16.2.1.26.7.15
1.5.24319.8.2.1.10.2
1.5.24363.10.2.1.3.3.5.1
1.5.24465.11.2.1.18.3.43
1.5.24497.8.2.1.21.4.7
1.5.24728.6.2.1.12.2
1.5.24782.12.2.1.8.1.15
1.5.24801.7.2.1.7.2.5.1
1.5.24821.9.2.1
1.5.24836.8.2.1
1.5.24961.11.2.1.6.1.6.2.28
1.5.24966.11.2.1.3
1.5.24999.7.2.1.12.5.9.2
1.5.25218.17.2.1.1.1.10.2
1.5.25242.13.2.1
1.5.25243.7.2.1.7
1.5.25370.14.2.1
1.5.25389.13.2.1.3.2
1.5.25445.9.2.1.7.2.14
1.5.25477.16.2.1
1.5.25480.12.2.1.14.2
1.5.25541.13.2.1.5.1
1.5.25910.19.2.1
1.5.26213.7.2.1.11
1.5.26238.20.2.1.7
1.5.26261.6.2.1.4.4
1.5.26759.6.2.1.3
1.5.26830.8.2.1.3
1.5.26866.5.2.1.20.2
1.5.26949.8.2.1
1.5.27034.17.2.1.12.5.19
1.5.27131.5.2.1.2.2.9.2.3
1.5.27397.11.2.1
1.5.27454.12.2.1.25
1.5.27627.13.2.1.22.6.20
1.5.27632.10.2.1.29.11
1.5.27636.8.2.1.41.1.3.2
1.5.27675.19.2.1
1.5.27706.8.2.1.3.2
1.5.27708.7.2.1.3
1.5.27855.7.2.1.3.4.9
1.5.27877.6.2.1
1.5.28019.9.2.1
1.5.28082.18.2.1.11.2.4
1.5.28258.9.2.1
1.5.28293.13.2.1.13.3.7
1.5.28304.5.2.1.10.1.2
1.5.28656.19.2.1.1.2.14.1
1.5.28829.12.2.1.5.2
1.5.29003.9.2.1.1.1
1.5.29221.9.2.1
1.5.29479.8.2.1.12.2.7.2.10
1.5.29491.7.2.1.12.2.3.4
1.5.29499.12.2.1
1.5.29562.11.2.1.12
1.5.29608.9.2.1.4.1.7.11
1.5.29630.14.2.1.3.1.11
1.5.29695.9.2.1.4.1
1.5.29696.12.2.1
1.5.29915.12.2.1.28.5.6.3.4
1.5.29953.12.2.1.3.1
1.5.29960.10.2.1
1.5.29990.9.2.1.3
1.5.30181.8.2.1.15
1.5.30220.7.2.1.3
1.5.30318.16.2.1.2.1.2.2.11
1.5.30713.13.2.1
1.5.30728.7.2.1.23.2.16
1.5.30739.16.2.1.5
1.5.30826.11.2.1.6.1.2
1.5.30946.9.2.1.19.1.14.6.15
1.5.30988.6.2.1.9.1.2.2.19
1.5.31037.7.2.1.3.1.2.4.44
1.5.31169.11.2.1.2.1.1
1.5.31194.10.2.1.2
1.5.31246.27.2.1
1.5.31396.16.2.1.26.7.15
1.5.31427.8.2.1.10.2
1.5.31583.11.2.1.18.3.29
1.5.31615.8.2.1.21.4.7
1.5.31682.7.2.1
1.5.31777.10.2.1
1.5.31913.8.2.1.4
1.5.31917.15.2.1.9.2.6.4
1.5.32090.7.2.1.5.7.11
1.5.32098.8.2.1.6.5.16.8.19
1.5.32130.7.2.1.14.6.44.2
1.5.32352.17.2.1.1.1.10.2
1.5.32376.13.2.1
1.5.32377.7.2.1.7
1.5.32507.14.2.1
1.5.32526.13.2.1.3.2
1.5.32581.9.2.1.7.2.14
1.5.32612.16.2.1
1.5.32615.12.2.1.13.2
1.5.32676.13.2.1.5.1
1.5.32850.7.2.1.4
1.5.33190.9.2.1
1.5.33280.11.2.1.5.3
1.5.33345.7.2.1.11
1.5.33370.20.2.1.7
1.5.33393.6.2.1.4.4
1.5.33579.9.2.1.13.9
1.5.33803.18.2.1.26.5.11.5.18
1.5.33904.6.2.1.3
1.5.33975.8.2.1.3
1.5.34016.5.2.1.13.2
1.5.34078.7.2.1.3.2.8.4.5
1.5.34188.8.2.1.60.2.9.1.1
1.5.34313.6.2.1.1
1.5.34542.13.2.1.45
1.5.34599.12.2.1.25
1.5.34779.12.2.1
1.5.34788.5.2.1.10.2
1.5.34896.18.2.1.4.1.1
1.5.34901.7.2.1
1.5.35048.7.2.1.3.4.9
1.5.35070.6.2.1
1.5.35288.18.2.1.11.2.4
1.5.35375.7.2.1.8.2.4.10
1.5.35377.20.2.1
1.5.35488.12.2.1.13.1.4.3.11
1.5.35499.15.2.1.1.1.1
1.5.35523.7.2.1
1.5.35534.6.2.1.6.2
1.5.35782.8.2.1.15.3.27.2
1.5.35866.19.2.1.1.2.14.1
1.5.36051.12.2.1.5.2
1.5.36209.9.2.1.1.1
1.5.36399.8.2.1
1.5.36418.9.2.1
1.5.36684.7.2.1.7.2.4
1.5.36690.10.2.1.19.5.19.4
1.5.36742.11.2.1.17.4.7.7
1.5.36796.9.2.1.4.1.7.11
1.5.36936.10.2.1.31.10
1.5.36973.8.2.1.9.4
1.5.37105.12.2.1.28.5.6.3.4
1.5.37143.12.2.1.3.1
1.5.37150.10.2.1
1.5.37197.8.2.1.8.3.5
1.5.37337.13.2.1.3
1.5.37359.8.2.1.5.5.13
1.5.37465.16.2.1.2.1.2.2.11
1.5.37850.13.2.1
1.5.37865.7.2.1.23.2.16
1.5.37872.17.2.1.1.2.4.7.7
1.5.37967.11.2.1.6.1.2
1.5.38070.8.2.1.3.1.4
1.5.38117.6.2.1.9.1.2.2.19
1.5.38160.9.2.1.6.1.5
1.5.38166.20.2.1
1.5.38295.5.2.1.5.6.33.1.2
1.5.38328.9.2.1.6.2.35
1.5.38328.9.2.1.7.3.37
1.5.38378.8.2.1.12.2.4.2
1.5.38391.7.2.1
1.5.38518.16.2.1.26.7.15
1.5.38549.8.2.1.10.2
1.5.38700.11.2.1.18.3.43
1.5.38892.10.2.1
1.5.38964.6.2.1.12.2
1.5.39010.8.2.1.27.7.17
1.5.39013.13.2.1.2.2
1.5.39038.7.2.1.7.2.10.2
1.5.39058.9.2.1
1.5.39188.7.2.1.5.7.11
1.5.39196.8.2.1.6.5.16.8.19
1.5.39226.7.2.1.14.6.17.2
1.5.39449.17.2.1.1.1.10.2
1.5.39473.13.2.1
1.5.39474.7.2.1.7
1.5.39618.9.2.1
1.5.39673.6.2.1.45
1.5.39674.20.2.1
1.5.39762.13.2.1.5.1
1.5.39937.8.2.1.3.4.14.6.8
1.5.39951.15.2.1.17.7.26.2
1.5.40093.13.2.1.42.4
1.5.40106.7.2.1.5.2.6.2
1.5.40147.16.2.1.16.6.60.5
1.5.40239.9.2.1
1.5.40327.11.2.1.5.3
1.5.40386.7.2.1.18.4
1.5.40387.5.2.1.2
1.5.40435.6.2.1.4.4
1.5.40624.9.2.1.13.9
1.5.40848.18.2.1.26.5.11.5.18
1.5.40912.6.2.1.2.1.1
1.5.40950.6.2.1.3
1.5.41023.7.2.1.7
1.5.41065.5.2.1.13.2
1.5.41239.17.2.1.12.5.19
1.5.41340.5.2.1.2.2.9.2.3
1.5.41535.8.2.1.14.5.25.1
1.5.41585.11.2.1
1.5.41642.12.2.1.25
1.5.41822.12.2.1
1.5.41831.5.2.1.10.2
1.5.41939.18.2.1.4.1.1
1.5.41944.7.2.1
1.5.42076.15.2.1.6.1.1.1
1.5.42094.7.2.1.3.4.9
1.5.42126.26.2.1
1.5.42245.9.2.1
1.5.42302.25.2.1.3.1.15.6.18
1.5.42331.10.2.1.6.4
1.5.42389.7.2.1.8.2.4.10
1.5.42391.20.2.1
1.5.42525.13.2.1.13.3.7
1.5.42536.5.2.1.10.1.2
1.5.42564.8.2.1.31.1
1.5.42646.13.2.1.3.1.4.1
1.5.42831.8.2.1.15.3.27.2
1.5.43013.9.2.1
1.5.43086.14.2.1.1.1.1
1.5.43119.12.2.1.5.2
1.5.43284.9.2.1.1.1
1.5.43482.8.2.1
1.5.43501.9.2.1
1.5.43717.6.2.1.16.7
1.5.43755.11.2.1.1.4.20.1
1.5.43787.10.2.1.20.5.23.4
1.5.43848.11.2.1.12
1.5.43894.9.2.1.4.1.7.11
1.5.43984.9.2.1.4.1
1.5.43985.12.2.1
1.5.44031.23.2.1.3.2.8.3
1.5.44071.8.2.1.9.4
1.5.44197.12.2.1.27.5.6.3.8
1.5.44234.7.2.1
1.5.44241.7.2.1.3.2
1.5.44286.8.2.1.22
1.5.44458.13.2.1.3
1.5.44480.8.2.1.5.5.13
1.5.44593.16.2.1.2.1.2.2.11
1.5.44759.9.2.1
1.5.44958.7.2.1.3.2.5.1
1.5.44979.6.2.1.10
1.5.44990.9.2.1.1.1.15
1.5.45067.11.2.1.6.1.2
1.5.45177.8.2.1.3.1.4
1.5.45220.14.2.1.2.1.1.3.2
1.5.45259.15.2.1.8.2
1.5.45266.20.2.1
1.5.45397.22.2.1.5.2.2
1.5.45420.11.2.1.2.1.3.3.29
1.5.45420.11.2.1.2.1.3.3.32
1.5.45476.27.2.1
1.5.45641.7.2.1.8
1.5.45642.11.2.1.11.6.19.2.3
1.5.45721.8.2.1.1.3
1.5.45819.11.2.1.18.3.45
1.5.45851.8.2.1.21.4.7
1.5.46128.8.2.1.27.7.17
1.5.46131.13.2.1.2.2
1.5.46320.11.2.1.6.1.6.2.28
1.5.46325.11.2.1.3
1.5.46358.7.2.1.12.5.9.2
1.5.46586.17.2.1.1.1.10.2
1.5.46614.8.2.1.13.1.9.2
1.5.46615.7.2.1.14
1.5.46749.14.2.1
1.5.46768.13.2.1.3.2
1.5.46844.6.2.1.15
1.5.46845.20.2.1
1.5.46879.7.2.1
1.5.46948.13.2.1.5.1
1.5.47036.9.2.1.1.1
1.5.47118.8.2.1.3.4.14.6.8
1.5.47132.15.2.1.17.7.26.2
1.5.47287.19.2.1
1.5.47432.9.2.1
1.5.47579.7.2.1.11
1.5.47603.20.2.1.7
1.5.47626.6.2.1.4.4
1.5.47734.15.2.1.3.1
1.5.47812.9.2.1.13.9
1.5.48048.18.2.1.26.5.11.5.18
1.5.48112.6.2.1.2.1.1
1.5.48150.6.2.1.3
1.5.48223.7.2.1.7
1.5.48265.5.2.1.13.2
1.5.48424.11.2.1.10.1.8
1.5.48529.5.2.1.2.2.9.2.3
1.5.48781.11.2.1
1.5.49009.13.2.1.22.6.20
1.5.49014.10.2.1.29.11
1.5.49018.8.2.1.41.1.3.2
1.5.49106.6.2.1
1.5.49247.8.2.1.4.3.4.1.19
1.5.49247.8.2.1.4.3.4.1.22
1.5.49266.6.2.1
1.5.49406.9.2.1
1.5.49468.18.2.1.11.2.4
1.5.49469.7.2.1.14.3
1.5.49562.7.2.1.8.2.4.10
1.5.49564.20.2.1
1.5.49682.13.2.1.13.3.7
1.5.49693.5.2.1.10.1.2
1.5.49720.7.2.1
1.5.49731.6.2.1.6.2
1.5.49986.6.2.1.8
1.5.50233.14.2.1.1.1.1
1.5.50444.9.2.1.1.1
1.5.50643.8.2.1
1.5.50662.9.2.1
1.5.50923.7.2.1.7.2.4
1.5.50929.10.2.1.19.5.19.4
1.5.50981.11.2.1.17.4.7.7
1.5.51035.9.2.1.4.1.7.11
1.5.51057.14.2.1.3.1.11
1.5.51122.9.2.1.4.1
1.5.51123.12.2.1
1.5.51201.8.2.1.9.4
1.5.51329.12.2.1.28.5.6.3.4
1.5.51366.7.2.1
1.5.51373.7.2.1.3.2
1.5.51414.9.2.1.3
1.5.51584.8.2.1.15
1.5.51623.7.2.1.3
1.5.51733.16.2.1.2.1.2.2.11
1.5.51958.10.2.1.14.2.7.6
1.5.52110.13.2.1
1.5.52125.7.2.1.23.2.16
1.5.52136.16.2.1.5
1.5.52223.11.2.1.6.1.2
1.5.52336.8.2.1.3.1.4
1.5.52383.6.2.1.9.1.2.2.19
1.5.52422.9.2.1.6.1.5
1.5.52571.22.2.1.16.2.2
1.5.52594.7.2.1.4
1.5.52654.27.2.1
1.5.52808.16.2.1.26.7.15
1.5.52839.8.2.1.10.2
1.5.52896.8.2.1.1.3
1.5.53004.11.2.1.18.3.23
1.5.53033.8.2.1.21.4.7
1.5.53069.12.2.1.6
1.5.53308.8.2.1.4
1.5.53312.15.2.1.9.2.6.4
1.5.53329.7.2.1.19.2.13.4
1.5.53349.9.2.1
1.5.53435.11.2.1.16.1.7.3
1.5.53474.7.2.1.5.7.11
1.5.53482.8.2.1.6.5.16.8.19
1.5.53512.7.2.1.14.6.17.2
1.5.53740.17.2.1.1.1.10.2
1.5.53764.13.2.1
1.5.53765.7.2.1.7
1.5.53901.14.2.1
1.5.53920.13.2.1.3.2
1.5.53996.6.2.1.15
1.5.53997.20.2.1
1.5.54075.13.2.1.5.1
1.5.54163.9.2.1.1.1
1.5.54241.7.2.1.4
1.5.54421.13.2.1.42.4.8.1.1
1.5.54444.7.2.1.6.2.6.2
1.5.54486.10.2.1.2.2
1.5.54495.6.2.1
1.5.54500.13.2.1.1.1.2.1.4.21
1.5.54572.9.2.1
1.5.54729.7.2.1.18.4
1.5.54730.5.2.1.2
1.5.54778.6.2.1.4.4
1.5.54964.9.2.1.13.9
1.5.55194.18.2.1.26.5.11.5.18
1.5.55256.5.2.1.9.1.8
1.5.55291.6.2.1.3
1.5.55364.8.2.1.3
1.5.55400.5.2.1.20.2
1.5.55573.17.2.1.12.5.19
1.5.55670.5.2.1.2.2.9.2.3
1.5.55958.13.2.1
1.5.55982.12.2.1.25
1.5.56155.13.2.1.22.6.20
1.5.56160.10.2.1.29.11
1.5.56164.8.2.1.41.1.3.2
1.5.56203.19.2.1
1.5.56230.6.2.1
1.5.56374.7.2.1.3.4.9
1.5.56396.6.2.1
1.5.56537.9.2.1
1.5.56600.18.2.1.11.2.4
1.5.56629.10.2.1.26.5
1.5.56687.7.2.1.8.2.4.10
1.5.56689.20.2.1
1.5.56819.13.2.1.13.3.7
1.5.56830.5.2.1.10.1.2
1.5.56858.8.2.1.31.1
1.5.57113.8.2.1.15.3.27.2
1.5.57549.9.2.1.1.1
1.5.57756.9.2.1
1.5.57997.11.2.1.12
1.5.58030.7.2.1.7.2.4
1.5.58036.10.2.1.19.5.19.4
1.5.58088.11.2.1.17.4.7.7
1.5.58142.9.2.1.4.1.7.11
1.5.58232.9.2.1.4.1
1.5.58233.12.2.1
1.5.58311.8.2.1.9.4
1.5.58416.34.2.1.2.2.2.1
1.5.58488.13.2.1.35
1.5.58490.15.2.1
1.5.58541.8.2.1.22
1.5.58713.8.2.1.15
1.5.58752.7.2.1.3
1.5.58853.16.2.1.2.1.2.2.11
1.5.59248.6.2.1.10
1.5.59257.9.2.1.24.7.16
1.5.59355.11.2.1.6.1.2
1.5.59458.8.2.1.3.1.4
1.5.59505.6.2.1.9.1.2.2.19
1.5.59552.10.2.1.8.5.8.4
1.5.59726.11.2.1.2.1.3.3.46
1.5.59726.11.2.1.2.1.3.3.49
1.5.59782.27.2.1
1.5.59936.16.2.1.26.7.15
1.5.59967.8.2.1.10.2
1.5.60017.8.2.1.1.3
1.5.60115.11.2.1.18.3.45
1.5.60147.8.2.1.21.4.7
1.5.60389.9.2.1
1.5.60422.7.2.1
1.5.60482.8.2.1
1.5.60611.11.2.1.6.1.6.2.28
1.5.60616.11.2.1.3
1.5.60660.7.2.1.12.5.9.2
1.5.60665.11.2.1.4.3.4.3.5.48
1.5.60888.17.2.1.1.1.10.2
1.5.60912.13.2.1
1.5.60913.7.2.1.7
1.5.61051.13.2.1.3.2
1.5.61107.9.2.1.7.2.14
1.5.61139.16.2.1
1.5.61142.12.2.1.14.2
1.5.61203.13.2.1.5.1
1.5.61379.8.2.1.3.4.14.6.8
1.5.61393.15.2.1.17.7.26.2
1.5.61523.13.2.1.42.4.8.1.1
1.5.61546.7.2.1.6.2.6.2
1.5.61587.16.2.1.16.6.60.5
1.5.61686.9.2.1
1.5.61843.7.2.1.11
1.5.61868.20.2.1.7
1.5.61891.6.2.1.4.4
1.5.61996.15.2.1.3.1
1.5.62079.9.2.1.13.9
1.5.62316.18.2.1.26.5.11.5.18
1.5.62378.5.2.1.9.1.8
1.5.62413.6.2.1.3
1.5.62488.7.2.1.7
1.5.62531.5.2.1.24.2
1.5.62602.7.2.1.3.2.8.3.11
1.5.62836.6.2.1.1
1.5.63085.13.2.1.45
1.5.63134.12.2.1.25
1.5.63314.12.2.1
1.5.63323.5.2.1.10.2
1.5.63431.18.2.1.4.1.1
1.5.63436.7.2.1
1.5.63581.7.2.1.3.4.9
1.5.63613.26.2.1
1.5.63806.18.2.1.11.2.4
1.5.63807.7.2.1.14.3
1.5.63899.7.2.1.8.2.4.10
1.5.63901.20.2.1
1.5.64027.12.2.1.13.1.4.3.11
1.5.64038.15.2.1.1.1.1
1.5.64321.8.2.1.15.3.27.2
1.5.64405.19.2.1.1.2.14.1
1.5.64526.9.2.1
1.5.64773.9.2.1.1.1
1.5.64964.8.2.1
1.5.64983.9.2.1
1.5.65224.11.2.1.18
1.5.65254.8.2.1.12.2.7.2.103
1.5.65266.7.2.1.12.2.3.4
1.5.65274.12.2.1
1.5.65337.11.2.1.12
1.5.65383.9.2.1.4.1.7.11
1.5.65405.14.2.1.3.1.11
1.5.65470.9.2.1.4.1
1.5.65471.12.2.1
1.5.65531.10.2.1.31.10
1.5.65568.8.2.1.9.4
1.5.65702.12.2.1.28.5.6.3.4
1.5.65755.7.2.1
1.5.65762.7.2.1.3.2
1.5.65807.8.2.1.22
1.5.65988.8.2.1.5.5.13
1.5.66104.16.2.1.2.1.2.2.11
1.5.66325.10.2.1.14.2.7.6
1.5.66462.13.2.1
1.5.66486.6.2.1.10
1.5.66497.9.2.1.1.1.15
1.5.66570.11.2.1.6.1.2
1.5.66680.8.2.1.3.1.4
1.5.66723.14.2.1.2.1.1.3.2
1.5.66769.8.2.1
1.5.66776.20.2.1
1.5.66933.11.2.1.2.1.3.3.46
1.5.66933.11.2.1.2.1.3.3.49
1.5.66989.27.2.1
1.5.67147.7.2.1.8
1.5.67148.11.2.1.11.6.19.2.3
1.5.67235.8.2.1.1.3
1.5.67336.11.2.1.18.3.43
1.5.67368.8.2.1.21.4.7
1.5.67435.7.2.1
1.5.67596.6.2.1.12.2
1.5.67649.8.2.1.27.7.17
1.5.67652.13.2.1.2.2
1.5.67834.7.2.1.5.7.11
1.5.67842.8.2.1.6.5.16.8.19
1.5.67872.7.2.1.14.6.17.2
1.5.67877.11.2.1.4.3.4.3.5.24
1.5.68106.17.2.1.1.1.10.2
1.5.68134.8.2.1.13.1.9.2
1.5.68135.7.2.1.14
1.5.68266.14.2.1
1.5.68285.13.2.1.3.2
1.5.68361.6.2.1.15
1.5.68362.20.2.1
1.5.68450.13.2.1.5.1
1.5.68530.9.2.1.1.1
1.5.68609.7.2.1.4
1.5.68761.13.2.1.42.4
1.5.68774.7.2.1.5.2.6.2
1.5.68815.16.2.1.16.6.60.5
1.5.68855.8.2.1.36.11.31.2
1.5.68904.9.2.1
1.5.68994.11.2.1.5.3
1.5.69057.7.2.1.11
1.5.69082.20.2.1.7
1.5.69105.6.2.1.4.4
1.5.69215.15.2.1.3.1
1.5.69581.6.2.1.2.1.1
1.5.69614.6.2.1.3
1.5.69685.14.2.1.1
1.5.69702.9.2.1.1.1.6.5
1.5.69703.11.2.1
1.5.69723.5.2.1.13.2
1.5.69773.12.2.1.1.9.25.10
1.5.69785.7.2.1.3.2.3.3.23
1.5.69900.11.2.1.10.1.8
1.5.70032.6.2.1.1
1.5.70211.8.2.1.14.5.68.1
1.5.70318.12.2.1.25
1.5.70498.12.2.1
1.5.70507.5.2.1.10.2
1.5.70615.18.2.1.4.1.1
1.5.70620.7.2.1
1.5.70749.8.2.1.4.3.4.1.19
1.5.70749.8.2.1.4.3.4.1.22
1.5.70770.6.2.1
1.5.70912.9.2.1
1.5.70977.18.2.1.11.2.4
1.5.71071.7.2.1.8.2.4.10
1.5.71073.20.2.1
1.5.71197.13.2.1.15.3.7
1.5.71208.5.2.1.10.1.2
1.5.71482.8.2.1.15.3.27.2
1.5.71659.9.2.1
1.5.71732.14.2.1.1.1.1
1.5.71765.12.2.1.5.2
1.5.71936.9.2.1.1.1
1.6.308.8.2.1.13.2
1.6.496.8.2.1.3.1.78.2.7
1.6.579.8.2.1
1.6.635.8.2.1.10.6.12.3.5.51
1.6.657.8.2.1.18.1.2
1.6.821.8.2.1.14.2.32.2
1.6.1017.8.2.1.19
1.6.1032.8.2.1.3.5
1.6.1040.8.2.1.17.6
1.6.1070.8.2.1.2.1.2
1.6.1086.8.2.1
1.6.1248.8.2.1.2.1.5.3.29
1.6.1274.8.2.1.19.2
1.6.1598.8.2.1.11
1.6.1616.8.2.1.4.3
1.6.1795.8.2.1.16.7.24
1.6.1803.8.2.1.15
1.6.1886.8.2.1.3.1
1.6.2077.8.2.1.1.1.1.4.5
1.6.2123.8.2.1.5.2
1.6.2129.8.2.1.5.1.1.1.4
1.6.2158.8.2.1
1.6.2174.8.2.1.3.2.2.3
1.6.2318.8.2.1.33.2.4.1.19
1.6.2326.8.2.1.47.2.5.1.2
1.6.2348.8.2.1.4.3.6
1.6.2348.8.2.1.4.3.9
1.6.2607.8.2.1.4.3.7.2.14
1.6.2610.8.2.1.3
1.6.2707.8.2.1.9.6
1.6.2819.8.2.1.8.1
1.6.2909.8.2.1.14.2.15.1.29
1.6.3172.8.2.1.6.2
1.6.3348.8.2.1
1.6.3393.8.2.1.14.3.4
1.6.3550.8.2.1
1.6.3697.8.2.1
1.6.3782.8.2.1.1.1.1.1.9
1.6.3934.8.2.1.13.6
1.6.3998.8.2.1.8.3.9.2
1.6.4003.8.2.1.10.1.2.2.23
1.6.4283.8.2.1
1.6.4312.8.2.1.44.7.6
1.6.4540.8.2.1
1.6.4551.8.2.1.9.3.2.1.32.12
1.6.4800.8.2.1.7
1.6.4877.8.2.1.2.4.17.1.2
1.6.5202.8.2.1
1.6.5429.8.2.1.5
1.6.5475.8.2.1.8.2.6
1.6.5549.8.2.1.2.3.14
1.6.5567.8.2.1.31.5.19.6
1.6.5677.8.2.1.17.1.4
1.6.5887.8.2.1.8.3
1.6.5918.8.2.1
1.6.5921.8.2.1.1.1.1.1.1
1.6.6021.8.2.1.5.2
1.6.6175.8.2.1.12.1.4
1.6.6203.8.2.1.20.3.23.5
1.6.6338.8.2.1.1.1.16.4.18
1.6.6442.8.2.1.1.1.1.1
1.6.6443.8.2.1.3.1.4
1.6.6455.8.2.1.27
1.6.6563.8.2.1.7.1.24.2.10
1.6.6720.8.2.1.6.3.6.2.29
1.6.6720.8.2.1.6.3.7.3.31
1.6.6787.8.2.1.5.1
1.6.6802.8.2.1.1.1
1.6.7040.8.2.1.11.4
1.6.7078.8.2.1.7.2
1.6.7082.8.2.1
1.6.7212.8.2.1.1.1
1.6.7229.8.2.1.4.1.1
1.6.7232.8.2.1
1.6.7240.8.2.1.8.1.2.1.2
1.6.7359.8.2.1
1.6.7398.8.2.1.4.2.3.1.3
1.6.7560.8.2.1.2.1.2.4.4
1.6.7725.8.2.1.2.1.1.1
1.6.7771.8.2.1
1.6.7846.8.2.1.1
1.6.8462.8.2.1.13.2
1.6.8656.8.2.1.20.1.17.1.19
1.6.8744.8.2.1.16.2.23
1.6.8799.8.2.1.18.5.6.5.16.6
1.6.8908.8.2.1.4.1
1.6.9187.8.2.1.19
1.6.9202.8.2.1.3.5
1.6.9210.8.2.1.17.6
1.6.9258.8.2.1
1.6.9267.8.2.1.5.2
1.6.9389.8.2.1
1.6.9443.8.2.1.6.3.10.5.25
1.6.9470.8.2.1.10.6
1.6.9589.8.2.1.6.2.7
1.6.9803.8.2.1.15.2.6
1.6.10036.8.2.1.16.7.33
1.6.10044.8.2.1.15
1.6.10125.8.2.1.3.1
1.6.10199.8.2.1.20.11
1.6.10310.8.2.1.1.1.1.4.5
1.6.10356.8.2.1.5.2
1.6.10362.8.2.1.5.1.1.1.4
1.6.10547.8.2.1.33.2.4.1.19
1.6.10555.8.2.1.47.2.5.1.2
1.6.10577.8.2.1.4.3.6
1.6.10577.8.2.1.4.3.9
1.6.10838.8.2.1.4.3.7.2.14
1.6.10841.8.2.1.3
1.6.10944.8.2.1.3.1
1.6.10955.8.2.1.2.4.17.8
1.6.11109.8.2.1.1.1.7.1
1.6.11160.8.2.1.11.1
1.6.11361.8.2.1.1
1.6.11401.8.2.1.6.2
1.6.11632.8.2.1.14.3.4
1.6.11774.8.2.1
1.6.11913.8.2.1
1.6.11998.8.2.1.1.1.1.1.9
1.6.12166.8.2.1.13.6
1.6.12221.8.2.1.8.3.9.2
1.6.12226.8.2.1.10.1.2.2.23
1.6.12507.8.2.1
1.6.12536.8.2.1.44.7.6
1.6.12787.8.2.1.58.7.8.2.31.40
1.6.13041.8.2.1.17
1.6.13118.8.2.1.2.4.17.1.2
1.6.13338.8.2.1.7.1
1.6.13427.8.2.1
1.6.13647.8.2.1.14.6.7.3.16
1.6.13695.8.2.1.8.2.6
1.6.13804.8.2.1.9.3.6.2
1.6.13880.8.2.1.18.1.4
1.6.13914.8.2.1
1.6.14020.8.2.1.6.3
1.6.14087.8.2.1.8.3
1.6.14118.8.2.1
1.6.14121.8.2.1.1.1.1.1.1
1.6.14410.8.2.1.3.1
1.6.14547.8.2.1.1.1.16.4.18
1.6.14662.8.2.1.1.1.1.1
1.6.14663.8.2.1.3.1.4
1.6.14675.8.2.1.27
1.6.14783.8.2.1.7.1.16.2.10
1.6.14964.8.2.1.6.3.6.2.29
1.6.14964.8.2.1.6.3.7.3.31
1.6.15085.8.2.1.10.4.10
1.6.15141.8.2.1.3.2.19.1
1.6.15169.8.2.1.7
1.6.15215.8.2.1.3
1.6.15321.8.2.1.2.1
1.6.15443.8.2.1.1.1
1.6.15460.8.2.1.4.1.1
1.6.15463.8.2.1
1.6.15471.8.2.1.8.1.2.1.2
1.6.15590.8.2.1
1.6.15632.8.2.1.2.1.14.1.2
1.6.15850.8.2.1.1.1
1.6.15991.8.2.1
1.6.16079.8.2.1.1
1.6.16690.8.2.1.13.2
1.6.16794.8.2.1.2.2
1.6.16894.8.2.1.20.1.17.1.19
1.6.16984.8.2.1.20.2.25
1.6.17031.8.2.1.2.1.2.3
1.6.17144.8.2.1
1.6.17400.8.2.1.10
1.6.17410.8.2.1.14.5.6.1
1.6.17450.8.2.1.2.1.2
1.6.17463.8.2.1
1.6.17472.8.2.1.5.2
1.6.17594.8.2.1
1.6.17648.8.2.1.6.3.10.5.25
1.6.17673.8.2.1.10.2
1.6.17808.8.2.1.6.2.7
1.6.18026.8.2.1.15.2.6
1.6.18239.8.2.1.16.7.24
1.6.18242.8.2.1.7.3.4.4.28
1.6.18255.8.2.1.15.2.5
1.6.18332.8.2.1.3.1
1.6.18406.8.2.1.20.11
1.6.18507.8.2.1.1.1.1.4.5
1.6.18553.8.2.1.5.2
1.6.18559.8.2.1.5.1.1.1.4
1.6.18763.8.2.1.33.2.4.1.19
1.6.18771.8.2.1.47.2.5.1.36
1.6.18794.8.2.1.3.1.3.3.10
1.6.18794.8.2.1.3.1.3.3.13
1.6.19073.8.2.1.4.3.12.6.41
1.6.19075.8.2.1.5.4.17
1.6.19172.8.2.1.3.1
1.6.19183.8.2.1.2.4.17.8
1.6.19343.8.2.1.1.1.7.1
1.6.19368.8.2.1.8.4.57
1.6.19584.8.2.1.1
1.6.19809.8.2.1
1.6.19852.8.2.1.14.3.4
1.6.19881.8.2.1.2.1
1.6.19940.8.2.1.6.5
1.6.19951.8.2.1.21.7.10.1.4
1.6.19963.8.2.1.5.1
1.6.19977.8.2.1.16.8.32.1.1.14
1.6.20099.8.2.1
1.6.20184.8.2.1.1.1.1.1.9
1.6.20343.8.2.1.6.5
1.6.20398.8.2.1.8.3.9.2
1.6.20403.8.2.1.10.1.2.2.23
1.6.20492.8.2.1.24.1
1.6.20689.8.2.1.1.1
1.6.20967.8.2.1
1.6.20978.8.2.1.9.3.2.1.32.12
1.6.21233.8.2.1.7
1.6.21294.8.2.1.2.4.17.1.2
1.6.21408.8.2.1.4.2
1.6.21525.8.2.1.7.1
1.6.21612.8.2.1
1.6.21837.8.2.1.5
1.6.21882.8.2.1.8
1.6.21951.8.2.1.2.3.14
1.6.21970.8.2.1
1.6.22062.8.2.1.17.1.4
1.6.22096.8.2.1
1.6.22271.8.2.1.8.3
1.6.22302.8.2.1
1.6.22305.8.2.1.1.1.1.1.1
1.6.22405.8.2.1.5.2
1.6.22585.8.2.1
1.6.22614.8.2.1.30.3
1.6.22614.8.2.1.32.2
1.6.22740.8.2.1.1.1.16.4.18
1.6.22842.8.2.1.1.1.1.1
1.6.22843.8.2.1.3.1.4
1.6.22855.8.2.1.27
1.6.22968.8.2.1.7.1.16.2.10
1.6.23143.8.2.1.6.3.6.2.29
1.6.23143.8.2.1.6.3.7.3.31
1.6.23179.8.2.1.1.1.3.2
1.6.23299.8.2.1.12.3.5.1
1.6.23370.8.2.1.3
1.6.23373.8.2.1.3.3
1.6.23470.8.2.1.7.2
1.6.23474.8.2.1
1.6.23587.8.2.1.16.4.18.5.33
1.6.23624.8.2.1.39.1.15.2.12
1.6.23636.8.2.1.5.1.3.3.7
1.6.23714.8.2.1.17.4.6.1
1.6.23823.8.2.1.6.2
1.6.24145.8.2.1.1.1
1.6.24194.8.2.1
1.6.24259.8.2.1.1
1.6.24607.8.2.1.2.1
1.6.24901.8.2.1.13.2
1.6.25068.8.2.1.3.1.78.2.7
1.6.25154.8.2.1.16.2.23
1.6.25209.8.2.1.18.5.6.5.16.6
1.6.25311.8.2.1.4.1
1.6.25392.8.2.1.14.2.32.2
1.6.25580.8.2.1.19
1.6.25595.8.2.1.3.5
1.6.25603.8.2.1.17.6
1.6.25627.8.2.1.2.1.2
1.6.25648.8.2.1.24.3
1.6.25834.8.2.1.16.5.12
1.6.25853.8.2.1.6.3
1.6.25972.8.2.1.6.2.7
1.6.26199.8.2.1.11
1.6.26414.8.2.1.16.7.24
1.6.26417.8.2.1.7.3.4.4.28
1.6.26430.8.2.1.15.2.5
1.6.26490.8.2.1.3.1
1.6.26681.8.2.1.1.1.1.4.5
1.6.26741.8.2.1.5.2
1.6.26747.8.2.1.5.1.1.1.4
1.6.26800.8.2.1
1.6.26941.8.2.1.8.2.6
1.6.27251.8.2.1.4.3.12.6.41
1.6.27253.8.2.1.5.4.17
1.6.27349.8.2.1.3.1
1.6.27360.8.2.1.2.4.17.8
1.6.27520.8.2.1.1.1.7.1
1.6.27573.8.2.1.5.1.7.2
1.6.27838.8.2.1.8.4.8
1.6.28010.8.2.1
1.6.28053.8.2.1.14.3.4
1.6.28210.8.2.1
1.6.28361.8.2.1
1.6.28446.8.2.1.1.1.1.1.9
1.6.28597.8.2.1.13.6
1.6.28661.8.2.1.8.3.9.2
1.6.28666.8.2.1.10.1.2.2.23
1.6.28964.8.2.1.1.1
1.6.29264.8.2.1.16.3.12.2.45.44
1.6.29297.8.2.1
1.6.29545.8.2.1.7
1.6.29606.8.2.1.2.4.17.1.2
1.6.29833.8.2.1.7.1
1.6.29920.8.2.1
1.6.30143.8.2.1.1
1.6.30181.8.2.1.8
1.6.30247.8.2.1
1.6.30252.8.2.1.1.1.4.1.40
1.6.30269.8.2.1
1.6.30290.8.2.1.9.3.6.2
1.6.30371.8.2.1.17.1.4
1.6.30400.8.2.1.2.2.3.6
1.6.30563.8.2.1.8.3
1.6.30594.8.2.1
1.6.30597.8.2.1.1.1.1.1.1
1.6.30697.8.2.1.18.1.17.3
1.6.30856.8.2.1.12.1.4
1.6.30871.8.2.1.5.10
1.6.31016.8.2.1.1.1.16.4.18
1.6.31132.8.2.1.1.1.1.1
1.6.31133.8.2.1.3.1.4
1.6.31145.8.2.1.27
1.6.31254.8.2.1.7.1.24.2.10
1.6.31344.8.2.1.11.2.6.3
1.6.31395.8.2.1.26.4.7.2
1.6.31402.8.2.1.44.5.22
1.6.31402.8.2.1.44.5.25
1.6.31590.8.2.1.12.3.5.1
1.6.31669.8.2.1.3
1.6.31900.8.2.1.3.2.4.1.23
1.6.32033.8.2.1
1.6.32072.8.2.1.4.2.3.1.3
1.6.32234.8.2.1.2.1.2.4.4
1.6.32400.8.2.1.1.1
1.6.32449.8.2.1
1.6.32925.8.2.1
1.6.33128.8.2.1.13.2
1.6.33320.8.2.1.20.1.17.1.19
1.6.33408.8.2.1.16.2.24
1.6.33480.8.2.1.10.6.12.3.5.5
1.6.33500.8.2.1.20.1.24
1.6.33572.8.2.1.4.1
1.6.33653.8.2.1.14.2.32.2
1.6.33837.8.2.1.19
1.6.33852.8.2.1.3.5
1.6.33860.8.2.1.17.6
1.6.33885.8.2.1.2.1.2
1.6.34021.8.2.1
1.6.34077.8.2.1.6.3.10.5.25
1.6.34102.8.2.1.10.2
1.6.34435.8.2.1.11
1.6.34640.8.2.1.16.7.24
1.6.34643.8.2.1.7.3.4.4.28
1.6.34656.8.2.1.15.2.5
1.6.34716.8.2.1.3.1
1.6.34790.8.2.1.20.11
1.6.34880.8.2.1.29.2.3.3.16
1.6.34892.8.2.1.23
1.6.34939.8.2.1.5.2
1.6.34945.8.2.1.5.1.1.1.4
1.6.35136.8.2.1.33.2.4.1.19
1.6.35144.8.2.1.47.2.5.1.2
1.6.35167.8.2.1.3.1.3.3.10
1.6.35444.8.2.1.4.3.12.6.41
1.6.35446.8.2.1.5.4.17
1.6.35547.8.2.1.33.1
1.6.35667.8.2.1.4.4
1.6.35721.8.2.1.1.1.7.1
1.6.35775.8.2.1.5.1.7.2
1.6.35968.8.2.1.1
1.6.36030.8.2.1.24.9
1.6.36185.8.2.1
1.6.36230.8.2.1.14.3.4
1.6.36259.8.2.1.2.1
1.6.36362.8.2.1
1.6.36509.8.2.1
1.6.36594.8.2.1.1.1.1.1.9
1.6.36758.8.2.1.13.6
1.6.36822.8.2.1.8.3.9.2
1.6.36827.8.2.1.10.1.2.2.23
1.6.37125.8.2.1
1.6.37149.8.2.1.20.6.12.3.28
1.6.37420.8.2.1.3.2.4.3
1.6.37456.8.2.1
1.6.37685.8.2.1.7
1.6.37762.8.2.1.2.4.17.1.2
1.6.37876.8.2.1.4.2
1.6.37995.8.2.1.7.1
1.6.38087.8.2.1
1.6.38310.8.2.1.5
1.6.38350.8.2.1.11.2.5
1.6.38419.8.2.1.2.3.14
1.6.38437.8.2.1.31.5.19.6
1.6.38542.8.2.1.17.1.4
1.6.38742.8.2.1.8.3
1.6.38773.8.2.1
1.6.38776.8.2.1.1.1.1.1.1
1.6.39029.8.2.1.12.1.4
1.6.39048.8.2.1.5.7
1.6.39085.8.2.1
1.6.39317.8.2.1.1.1.1.1
1.6.39318.8.2.1.3.1.4
1.6.39330.8.2.1.27
1.6.39439.8.2.1.1.1.6
1.6.39444.8.2.1
1.6.39635.8.2.1.6.3.6.2.29
1.6.39635.8.2.1.6.3.7.3.31
1.6.39754.8.2.1.6.2.15
1.6.39812.8.2.1.12.3.5.1
1.6.39890.8.2.1.3
1.6.39952.8.2.1.9.4
1.6.39990.8.2.1.7.2
1.6.39994.8.2.1
1.6.40141.8.2.1.3.2.4.1.23
1.6.40214.8.2.1.17.4.6.1
1.6.40311.8.2.1.2.1.14.1.2
1.6.40472.8.2.1.2.1.2.4.4
1.6.40635.8.2.1.1.1
1.6.40684.8.2.1
1.6.40755.8.2.1.1
1.6.41110.8.2.1.2.1
1.6.41263.8.2.1.6.1.28.4.7
1.6.41413.8.2.1.13.2
1.6.41611.8.2.1.20.1.17.1.19
1.6.41681.8.2.1.20.2.37
1.6.41730.8.2.1.10.6.12.3.5.62
1.6.42086.8.2.1.14.3.9.3
1.6.42138.8.2.1
1.6.42167.8.2.1.2.1.2
1.6.42188.8.2.1.24.3
1.6.42302.8.2.1
1.6.42356.8.2.1.6.3.10.5.25
1.6.42381.8.2.1.10.2
1.6.42524.8.2.1.6.2.7
1.6.42988.8.2.1.5.1.4
1.6.42991.8.2.1.11.1
1.6.43002.8.2.1.3.1.3
1.6.43062.8.2.1.3.1
1.6.43136.8.2.1.20.11
1.6.43250.8.2.1.1.1.1.4.5
1.6.43310.8.2.1.5.2
1.6.43316.8.2.1.5.1.1.1.4
1.6.43364.8.2.1.13.2.10.4
1.6.43505.8.2.1.1.1.1
1.6.43537.8.2.1.17
1.6.43815.8.2.1.4.3.12.6.41
1.6.43817.8.2.1.5.4.17
1.6.43917.8.2.1.33.1
1.6.44080.8.2.1.1.1.7.1
1.6.44119.8.2.1.11.1
1.6.44322.8.2.1.1
1.6.44585.8.2.1.14.3.4
1.6.44742.8.2.1
1.6.44881.8.2.1
1.6.44967.8.2.1.7
1.6.45135.8.2.1.6.5
1.6.45199.8.2.1.8.3.9.2
1.6.45204.8.2.1.10.1.2.2.23
1.6.45483.8.2.1
1.6.45507.8.2.1.20.6.12.3.28
1.6.45733.8.2.1.3.2.4.3
1.6.45769.8.2.1
1.6.46014.8.2.1.7
1.6.46075.8.2.1.2.4.17.1.2
1.6.46295.8.2.1.7.1
1.6.46393.8.2.1
1.6.46418.8.2.1
1.6.46591.8.2.1.14.6.7.3.16
1.6.46639.8.2.1.8.2.6
1.6.46713.8.2.1.2.3.14
1.6.46732.8.2.1
1.6.46830.8.2.1.17.1.4
1.6.46885.8.2.1.12.2.5.4
1.6.47025.8.2.1.8.3
1.6.47056.8.2.1
1.6.47059.8.2.1.1.1.1.1.1
1.6.47335.8.2.1.5.7
1.6.47490.8.2.1.1.1.16.4.18
1.6.47591.8.2.1.1.1.1.1
1.6.47592.8.2.1.3.1.4
1.6.47604.8.2.1.27
1.6.47713.8.2.1.1.1.6
1.6.47718.8.2.1
1.6.47802.8.2.1.11.2.6.3
1.6.47864.8.2.1.3.1.9
1.6.47864.8.2.1.3.1.12
1.6.47874.8.2.1
1.6.47902.8.2.1.1.1.3.2
1.6.47981.8.2.1.6.2.15
1.6.48039.8.2.1.12.3.5.1
1.6.48077.8.2.1.11.2.15
1.6.48115.8.2.1.3
1.6.48230.8.2.1.8.1.32.3
1.6.48234.8.2.1.5.7
1.6.48372.8.2.1.3.2.4.1.23
1.6.48494.8.2.1
1.6.48533.8.2.1.4.2.3.1.3
1.6.48862.8.2.1.1.1
1.6.48911.8.2.1
1.6.48963.8.2.1.1
1.6.49432.8.2.1.6.1.28.4.7
1.6.49581.8.2.1.13.2
1.6.49750.8.2.1
1.6.49779.8.2.1.1
1.6.49871.8.2.1.16.2.23
1.6.49926.8.2.1.18.5.6.5.16.6
1.6.49946.8.2.1.20.1.18
1.6.50099.8.2.1.14.2.32.2
1.6.50281.8.2.1.19
1.6.50296.8.2.1.3.5
1.6.50304.8.2.1.17.6
1.6.50337.8.2.1.2.1.2
1.6.50350.8.2.1
1.6.50359.8.2.1.5.2
1.6.50531.8.2.1.6.3.10.5.25
1.6.50556.8.2.1.10.2
1.6.50883.8.2.1.15.2.6
1.6.51099.8.2.1.16.7.24
1.6.51106.8.2.1.16.6.59
1.6.51179.8.2.1.3.1
1.6.51253.8.2.1.20.11
1.6.51364.8.2.1.1.1.1.4.5
1.6.51410.8.2.1.5.2
1.6.51416.8.2.1.5.1.1.1.4
1.6.51445.8.2.1
1.6.51609.8.2.1.33.2.4.1.19
1.6.51617.8.2.1.47.2.5.1.2
1.6.51640.8.2.1.3.1.3.3.10
1.6.51696.8.2.1
1.6.51906.8.2.1.4.3.7.2.14
1.6.51909.8.2.1.3
1.6.52006.8.2.1.9.6
1.6.52118.8.2.1.8.1
1.6.52174.8.2.1.1.1.7.1
1.6.52414.8.2.1.1
1.6.52486.8.2.1.8.4.8
1.6.52689.8.2.1.14.3.4
1.6.52718.8.2.1.12.1.2.2
1.6.52739.8.2.1.14.1.22.4
1.6.52820.8.2.1
1.6.52871.8.2.1.8.11.21.1
1.6.52966.8.2.1
1.6.53052.8.2.1.7
1.6.53198.8.2.1.13.6
1.6.53262.8.2.1.8.3.9.2
1.6.53267.8.2.1.10.1.2.2.23
1.6.53571.8.2.1.1.1
1.6.53874.8.2.1.3.2.4.3
1.6.53910.8.2.1
1.6.54151.8.2.1.7
1.6.54228.8.2.1.2.4.17.1.2
1.6.54341.8.2.1.4.2
1.6.54447.8.2.1.7.1
1.6.54534.8.2.1
1.6.54559.8.2.1
1.6.54734.8.2.1.1
1.6.54773.8.2.1.8
1.6.54839.8.2.1
1.6.54844.8.2.1.1.1.4.1.25
1.6.54861.8.2.1
1.6.54965.8.2.1.17.1.4
1.6.54999.8.2.1
1.6.55202.8.2.1
1.6.55205.8.2.1.1.1.1.1.1
1.6.55488.8.2.1.3.1
1.6.55492.8.2.1
1.6.55510.8.2.1
1.6.55633.8.2.1.1.1.16.4.18
1.6.55734.8.2.1.1.1.1.1
1.6.55735.8.2.1.3.1.4
1.6.55747.8.2.1.27
1.6.55855.8.2.1.1.1.6
1.6.55860.8.2.1.7.3
1.6.56031.8.2.1.6.3.6.2.29
1.6.56031.8.2.1.6.3.7.3.31
1.6.56150.8.2.1.10.4.10
1.6.56277.8.2.1
1.6.56487.8.2.1.1.1.2.2
1.6.56524.8.2.1.3.2.4.1.23
1.6.56600.8.2.1.17.4.6.1
1.6.56697.8.2.1.2.1.14.1.2
1.6.57040.8.2.1.1.1
1.6.57089.8.2.1
1.6.57173.8.2.1.1
1.6.57791.8.2.1.13.2
1.6.57989.8.2.1.20.1.17.1.19
1.6.58077.8.2.1.16.2.23
1.6.58132.8.2.1.18.5.6.5.16.6
1.6.58158.8.2.1.8.1.2
1.6.58312.8.2.1.14.2.32.2
1.6.58397.8.2.1.24
1.6.58486.8.2.1.19
