1.1.1.8.5.1.4.4.10.1
1.1.1.26.19.2.10.2
1.1.1.101.5.1.3.2.2.3
1.1.1.156.35.2.17.31.49
1.1.1.320.14.4.6.1.7.1.51
1.1.1.390.5.1.2.6.12.2
1.1.1.450.49.3.5.2.24.1.5
1.1.1.450.58.2.4.6.3
1.1.1.459.21.2.26.19
1.1.1.485.13.3.39.1.11.2.21
1.1.1.549.18.1.8
1.1.1.649.6
1.1.1.676.5.1.3.3.44.11.24
1.1.1.747.5.1.3.5.27.10
1.1.1.813.5.1.2
1.1.1.822.14.2.5
1.1.1.824.10.2.4
1.1.1.853.5.1.10
1.1.1.989.5.1
1.1.1.1012.8.3.4
1.1.1.1017.5.1
1.1.1.1126.12.1.5
1.1.1.1201.22.5.8
1.1.1.1225.35.2.21.1.1.1
1.1.1.1255.39.5.33
1.1.1.1287.17.1.4.1
1.1.1.1331.5.1.5.1.2
1.1.1.1411.5.1.3
1.1.1.1547.21.3.12.13
1.1.1.1772.5.1.4.4.29.2.26
1.1.1.1816.5.1.5
1.1.1.1843.9.1.4.1
1.1.1.1902.3
1.1.1.2046.5.1.5.19.12
1.1.1.2135.5.1.1.3.17.3.54
1.1.1.2202.14.3.8
1.1.1.2288.5.1
1.1.1.2319.5.1.1
1.1.1.2369.11.2.12.10
1.1.1.2380.5.1.2.1
1.1.1.2451.5.1.3.2.2.1
1.1.1.2486.5.1.2.1.4.3.3
1.1.1.2487.9.1.4
1.1.1.2493.24.1.4
1.1.1.2500.13.1.7.2
1.1.1.2514.9.3.4.4
1.1.1.2620.6
1.1.1.2676.5.1.2.1.5
1.1.1.2718.5.1.1.1.10
1.1.1.2739.24.2
1.1.1.2744.12.1.4
1.1.1.2847.27.2.5.3.18.2.3
1.1.1.2857.9.4.8
1.1.1.2870.5.1.22.23.9
1.1.1.2887.35.2.4.35
1.1.1.2939.5.1.2.1.3
1.1.1.2980.5.1
1.1.1.2985.21.1.4.2
1.1.1.2990.8.1.4.5.12
1.1.1.2990.8.2.8.7
1.1.1.2992.5.1.1
1.1.1.3007.5.1.1
1.1.1.3089.33.3.4.4
1.1.1.3232.5.1.3.3
1.1.1.3282.14.1.6
1.1.2.3310.5.1.5
1.1.2.3335.41.1.4.3
1.1.2.3444.5.1.1.1.6.6
1.1.2.3525.31.2.8.2.30.3
1.1.2.3551.5.1
1.1.2.3608.14.2.15.14.30
1.1.2.3636.10.2.4
1.1.2.3645.5.1.3.1
1.1.2.3732.51.2.7.1.9
1.1.2.3804.5.1.9.2.2.2.3
1.1.2.3804.5.1.12.5.12.1.7
1.1.2.3833.5.1
1.1.2.3912.8.2.4
1.1.2.3922.5.1.14.3
1.1.2.4012.5.1.4.4.15.2.6
1.1.2.4030.5.1.12.2
1.1.2.4110.3
1.1.2.4115.24.2.17.7.15.1
1.1.2.4297.20.2.25
1.1.2.4346.32.2.24.12
1.1.2.4379.21.1.10
1.1.2.4406.5.1.5.2
1.1.2.4419.11.1.4
1.1.2.4424.20.2.8.3
1.1.2.4517.3
1.1.2.4588.5.1
1.1.2.4648.5.1.5.1.1.1.11.34
1.1.2.4700.8.5.4
1.1.2.4701.5.1.1.5.7.4
1.1.2.4793.39.3.7.2.8
1.1.2.4869.5.1.2.2
1.1.2.4928.5.1
1.1.2.4970.11.1.5
1.1.2.4983.19.2.6.6.4
1.1.2.5111.9.1.16
1.1.2.5139.5.1.3
1.1.2.5143.17.1.20.9
1.1.2.5177.5.1.1.14.20
1.1.2.5362.19.1.8
1.1.2.5478.16
1.1.2.5505.24.3.6.11
1.1.2.5524.21.1.4.7
1.1.2.5697.19.2.7.1.66
1.1.2.5758.5.1.1.2
1.1.2.5775.5.1.3.4.17.4
1.1.2.5790.5.1.2.6.12.2
1.1.2.5827.34.2.17.15
1.1.2.5837.12.1.17.8.10
1.1.2.5838.17.2.18
1.1.2.5839.5.1
1.1.2.5847.67.4.32.16
1.1.2.5887.11
1.1.2.5940.18.1.8
1.1.2.6011.37.2
1.1.2.6066.5.1.3.3.44.11.30
1.1.2.6208.3
1.1.2.6215.17.1
1.1.2.6373.5.1
1.1.2.6572.15.3.4.6.1
1.1.2.6593.22.5.8
1.1.2.6643.39.5.33
1.1.2.6674.17.1.4.1
1.1.2.6718.5.1.12.1.3
1.1.2.6792.5.1.3
1.1.2.6823.5.1.1.1.2.1
1.1.2.6916.21.3.12.13
1.1.2.7156.5.1.4.4.29.2.26
1.1.2.7200.5.1.5
1.1.2.7227.9.1.4.1
1.1.2.7433.5.1.5.19.12
1.1.2.7492.14.2.6.1.19.2
1.1.2.7523.5.1.1.3.17.3.40
1.1.2.7590.14.3.8
1.1.2.7686.15.1.7.4
1.1.2.7710.5.1.1
1.1.2.7779.5.1.2.1
1.1.2.7851.5.1.3.2.2.1
1.1.2.7860.5.1
1.1.2.7883.5.1.2.1.4.3.3
1.1.2.7884.9.1.4
1.1.2.7890.24.1.4
1.1.2.7897.13.1.7.2
1.1.2.7911.9.3.4.4
1.1.2.8018.6
1.1.2.8079.5.1.2.1.5
1.1.2.8121.5.1.1.1.10
1.1.2.8142.24.2
1.1.2.8239.27.2.5.3.18.2.3
1.1.2.8249.9.4.8
1.1.2.8262.5.1.22.23.9
1.1.2.8279.36.2.8.36
1.1.2.8333.5.1.2.1.3
1.1.2.8374.5.1
1.1.2.8381.5.1.2
1.1.2.8387.5.1.1.12.5.2
1.1.2.8401.5.1.1
1.1.2.8483.33.3.4.4
1.1.2.8562.10.3.4
1.1.2.8750.5.1.2.1.30
1.1.2.8778.5.1.11.13.17.7
1.1.2.8843.5.1.1.1.6.6
1.1.2.8933.5.1.2.9
1.1.2.8957.5.1
1.1.2.9014.14.2.15.14.30
1.1.2.9144.25.3.4.7
1.1.2.9166.10.1.15
1.1.2.9227.5.1.9.2.2.2.3
1.1.2.9227.5.1.12.5.12.1.7
1.1.2.9256.5.1
1.1.2.9351.5.1
1.1.2.9435.5.1.4.4.15.2.6
1.1.2.9501.12.2.4
1.1.2.9545.3
1.1.2.9550.24.2.17.7.15.1
1.1.2.9725.5.1.1
1.1.2.9742.5.1.3.2.4.2
1.1.2.9889.5.1
1.1.2.9936.5.1.2.1
1.1.2.9938.9.1.4.4
1.1.2.10035.5.1
1.1.2.10062.3
1.1.2.10098.29.3.4.4.4
1.1.2.10194.5.1.1.1.1.1.2
1.1.2.10230.17.7.4.4
1.1.2.10267.39.3.7.2.8
1.1.2.10347.17.2
1.1.2.10553.5.1.2.2
1.1.2.10596.9.1.16
1.1.2.10657.5.1.1.14.20
1.1.2.10709.16.3.5.5.4.3
1.1.2.10825.16.1.7.6.10.5
1.1.2.10851.19.1.8
1.1.2.10967.16
1.1.2.11021.35.2.17.31.49
1.1.2.11192.14.4.6.1.7.1.32
1.1.2.11234.27.3.6.3
1.1.2.11255.5.1
1.1.2.11297.5.1.11.9.14.1
1.1.2.11330.5.1.3.3.20.5.47.31
1.1.2.11330.5.1.3.3.21.6.49
1.1.2.11331.5.1.1.1.1
1.1.2.11340.21.2.19.13
1.1.2.11366.13.3.39.1.11.2.21
1.1.2.11375.11
1.1.2.11428.18.1.8
1.1.2.11535.6
1.1.2.11562.5.1.3.3.44.11.24
1.1.2.11633.5.1.3.5.27.10
1.1.2.11690.19.2.7.2
1.1.2.11694.5.1.2.1.5.4
1.1.2.11707.3
1.1.2.11733.14.2.11.5
1.1.2.11791.8.2.9
1.1.2.11832.5.1
1.1.2.11855.8.3.4
1.1.2.11860.5.1
1.1.2.11971.5.1.6.3.18.5
1.1.2.12023.3
1.1.2.12045.22.5.8
1.1.2.12069.10.1.17
1.1.2.12102.39.5.33
1.1.2.12124.17.1.4.1
1.1.2.12171.5.1.12.1.3
1.1.2.12245.5.1.4.1.3
1.1.2.12276.5.1.1.1.2.1
1.1.2.12311.19.2.7.4.5.1
1.1.2.12377.21.3.12.13
1.1.2.12605.5.1.4.4.29.2.26
1.1.2.12647.5.1.5
1.1.2.12674.9.1.4.1
1.1.2.12744.23.1.15
1.1.2.12774.5.1.3
1.1.2.12868.50.11.10.22.7.3.6
1.1.2.12912.14.2.6.1.34.2
1.1.2.12943.5.1.1.3.17.3.40
1.1.2.13128.13.1.13.2.16.1.5
1.1.2.13173.5.1.35
1.1.2.13306.5.1.2.1.4.3.3
1.1.2.13307.9.1.4
1.1.2.13313.24.1.4
1.1.2.13320.13.1.7.2
1.1.2.13458.5.1.1.3.3
1.1.2.13496.5.1.2.1.11
1.1.2.13520.24.2
1.1.2.13525.12.1.4
1.1.2.13627.27.2.5.3.18.2.3
1.1.2.13637.9.4.8
1.1.2.13650.5.1.22.23.9
1.1.2.13667.36.2.8.36
1.1.2.13724.5.1.2.1.3
1.1.2.13764.5.1
1.1.2.13771.46.2.21
1.1.2.13778.28.2.11.3.10.2
1.1.2.13799.5.1.1
1.1.2.13881.33.3.4.4
1.1.2.14074.5.1
1.1.2.14113.10.2.4.3
1.1.2.14139.14.2.10
1.1.2.14148.29.1.4
1.1.2.14314.31.2.8.2.30.3
1.1.2.14340.5.1
1.1.2.14400.12.1.6.6
1.1.2.14405.5.1
1.1.2.14460.22.2
1.1.2.14554.5.1.17
1.1.2.14566.22.4.5.22
1.1.2.14619.27
1.1.2.14650.5.1
1.1.2.14729.15.2.9.2
1.1.2.14805.5.1.4.4.15.2.6
1.1.2.14871.12.2.4
1.1.2.14900.5.1
1.1.2.14914.26.3.8
1.1.2.15108.20.2.33
1.1.2.15124.5.1.3.2.4.2
1.1.3.15320.5.1.2.1
1.1.3.15322.9.1.4.4
1.1.3.15411.5.1
1.1.3.15480.29.3.4.4.4
1.1.3.15573.5.1.1.1.1.1.2
1.1.3.15711.9.1.6
1.1.3.15781.5.1
1.1.3.15804.5.1
1.1.3.15825.15.2.4
1.1.3.15926.5.1.2.2
1.1.3.15969.9.1.16
1.1.3.16024.5.1.1.14.20
1.1.3.16196.19.1.8
1.1.3.16232.35.1.8
1.1.3.16303.5.1.3.2.2.3
1.1.3.16358.35.2.17.28.49
1.1.3.16468.5.1.5.5.33.8.12
1.1.3.16529.14.4.6.1.7.1.26
1.1.3.16617.5.1.2.6.3.2
1.1.3.16628.5.1.11.9.13.1.1
1.1.3.16670.5.1.1
1.1.3.16679.28.1.11.9
1.1.3.16762.16.2.6.6.5
1.1.3.16908.13.2.6.3.14.2.32
1.1.3.16960.5.1.3.5.27.10
1.1.3.17027.3
1.1.3.17057.5.1.22
1.1.3.17109.3
1.1.3.17178.5.1
1.1.3.17247.5.1
1.1.3.17361.15.3.4.6.1
1.1.3.17403.9.1.7
1.1.3.17436.39.5.33
1.1.3.17467.17.1.4.1
1.1.3.17511.5.1.17.7.13
1.1.3.17598.5.1.3
1.1.3.17712.14.5
1.1.3.17717.9.1.6.15
1.1.3.17740.21.3.12.13
1.1.3.17961.5.1.4.4.29.2.26
1.1.3.18005.5.1.5
1.1.3.18032.9.1.4.1
1.1.3.18102.23.1.15
1.1.3.18265.5.1.15.1.2.2.23
1.1.3.18266.5.1.18.1
1.1.3.18312.14.2.6.1.29.2
1.1.3.18343.5.1.1.3.17.3.40
1.1.3.18410.14.3.8
1.1.3.18496.5.1
1.1.3.18527.5.1.1
1.1.3.18596.5.1.2.1
1.1.3.18668.5.1.3.2.2.1
1.1.3.18708.5.1.4.1.7.1.1
1.1.3.18726.33.4.6.13.25.7.14
1.1.3.18876.5.1.1.3.3
1.1.3.18916.5.1.1.1.10
1.1.3.18937.24.2
1.1.3.19046.27.2.5.3.18.2.3
1.1.3.19056.9.4.8
1.1.3.19069.5.1.22.23.9
1.1.3.19086.35.2.4.35
1.1.3.19138.5.1.2.1.3
1.1.3.19177.5.1
1.1.3.19182.21.1.4.2
1.1.3.19187.8.1.4.5.12
1.1.3.19187.8.2.8.7
1.1.3.19189.5.1.1
1.1.3.19204.5.1.1
1.1.3.19208.5.1
1.1.3.19286.33.3.4.4
1.1.3.19365.10.3.4
1.1.3.19458.5.1.3.3
1.1.3.19503.5.1
1.1.3.19543.5.1.5
1.1.3.19579.5.1.15.1.3
1.1.3.19592.5.1.1.2.10.6.38
1.1.3.19604.5.1.11.13.44.3
1.1.3.19758.5.1.2.9
1.1.3.19786.5.1
1.1.3.19843.14.2.15.14.30
1.1.3.19896.22.2
1.1.3.19983.5.1.9.17.2
1.1.3.20052.5.1.9.2.2.2.3
1.1.3.20052.5.1.12.5.12.1.7
1.1.3.20081.5.1
1.1.3.20150.8.2.4
1.1.3.20158.33.2.12.2
1.1.3.20240.5.1.3
1.1.3.20339.5.1
1.1.3.20353.26.3.8
1.1.3.20366.15.1.4
1.1.3.20573.20.2.33
1.1.3.20612.32.2.24.12
1.1.3.20645.21.1.10
1.1.3.20682.11.1.4
1.1.3.20687.20.2.8.3
1.1.3.20780.5.1.2.1
1.1.3.20782.9.1.4.4
1.1.3.20879.5.1
1.1.3.20938.5.1.5.1.1.1.11.26
1.1.3.20990.24
1.1.3.21032.5.1.1.1.1.1.2
1.1.3.21077.5.1.1.1.7.1.15
1.1.3.21190.17.2
1.1.3.21293.15.2.4
1.1.3.21394.5.1.2.2
1.1.3.21460.17.1.13.8
1.1.3.21494.5.1.1.14.20
1.1.3.21645.16.1.7.6.10.5
1.1.3.21671.9.2.4
1.1.3.21683.5.1.4.4.10.1
1.1.3.21702.19.2.9.2
1.1.3.21776.5.1.3.2.2.3
1.1.3.21831.35.2.17.32.49
1.1.3.21994.14.4.6.1.7.1.51
1.1.3.22049.5.1.1.2
1.1.3.22066.5.1.3.4.16.4
1.1.3.22081.5.1.2.6.12.2
1.1.3.22092.5.1.11.9.13.1.1
1.1.3.22134.5.1.1
1.1.3.22144.29.4.29.14
1.1.3.22237.18.1.8
1.1.3.22335.6
1.1.3.22362.5.1.3.3.44.11.24
1.1.3.22370.16
1.1.3.22433.5.1.3.5.27.10
1.1.3.22501.3
1.1.3.22649.17.4.9.9
1.1.3.22655.5.1.3.1.6
1.1.3.22675.8.3.4
1.1.3.22680.5.1
1.1.3.22876.15.3.4.6.1
1.1.3.22897.22.5.8
1.1.3.22920.14.2.11
1.1.3.22960.15.3.30.2.4
1.1.3.23030.5.1.17.7.13
1.1.3.23109.10.1.4.2
1.1.3.23225.14.5
1.1.3.23230.9.1.6.15
1.1.3.23253.21.3.12.13
1.1.3.23421.17.1.4
1.1.3.23513.13.2.8.10
1.1.3.23521.15.3.6.4
1.1.3.23537.9.1.4.1
1.1.3.23596.23.1.16
1.1.3.23635.35.2.21.6.10.2.5
1.1.3.23742.5.1.5.6.12
1.1.3.23797.14.2.6.1.19.2
1.1.3.23828.5.1.1.3.17.3.40
1.1.3.23977.5.1
1.1.3.24008.5.1.2
1.1.3.24058.11.2.12.10
1.1.3.24069.5.1.2.1
1.1.3.24140.5.1.3.2.2.1
1.1.3.24149.5.1
1.1.3.24197.27.4.6.13.20.7.55
1.1.3.24295.12.1.32
1.1.3.24313.5.1.3.2.5.2
1.1.3.24365.5.1.2
1.1.3.24397.5.1.1.1.10
1.1.3.24524.27.2.5.3.18.2.3
1.1.3.24534.9.4.8
1.1.3.24547.5.1.22.23.9
1.1.3.24564.36.2.8.36
1.1.3.24617.5.1.2.1.3
1.1.3.24658.5.1
1.1.3.24665.5.1.2
1.1.3.24671.5.1.1.12.5.2
1.1.3.24682.21.1.15.15
1.1.3.24687.5.1.7.1.33.2
1.1.3.24694.16.1.8.12.21
1.1.3.24760.33.3.4.4
1.1.3.24997.10.2.4.3
1.1.3.25023.14.2.10
1.1.3.25032.29.1.4
1.1.3.25123.5.1.1.1.6.6
1.1.3.25202.5.1
1.1.3.25210.38.1.4
1.1.3.25214.11.8.8.20.1
1.1.3.25240.5.1
1.1.3.25297.14.2.15.14.30
1.1.3.25350.22.2
1.1.3.25425.5.1.12.4.5.1.5
1.1.3.25433.5.1.9.14.2
1.1.3.25501.5.1.9.2.2.2.3
1.1.3.25501.5.1.12.5.12.1.7
1.1.3.25530.5.1
1.1.3.25610.5.1
1.1.3.25694.5.1.3
1.1.3.25756.12.2.4
1.1.3.25797.11.1.4.1
1.1.3.25803.3
1.1.3.25808.24.2.17.7.15.1
1.1.3.25987.20.2.25
1.1.3.26026.32.2.24.12
1.1.3.26063.21.1.10
1.1.3.26182.5.1.2.1
1.1.3.26184.9.1.4.4
1.1.3.26281.5.1
1.1.3.26314.3
1.1.3.26343.5.1.7.7.8.1.31.33
1.1.3.26403.19.2.8.5.8
1.1.3.26447.5.1.1.1.1.1.2
1.1.3.26585.9.1.6
1.1.3.26655.5.1
1.1.3.26678.5.1
1.1.3.26698.15.2.4
1.1.3.26835.9.1.16
1.1.3.27050.16.1.7.6.10.5
1.1.3.27076.19.1.8
1.1.3.27103.19.2.9.2
1.1.3.27181.16
1.1.3.27235.35.2.17.29.49
1.1.3.27366.5.1.3.1
1.1.3.27413.19.2.7.1.51
1.1.3.27474.5.1.1.2
1.1.3.27491.5.1.3.4.17.4
1.1.3.27508.5.1.2.6.3.2
1.1.3.27519.5.1.11.9.13.1.1
1.1.3.27561.5.1.1
1.1.3.27571.29.4.29.14
1.1.3.27668.18.1.8
1.1.3.27772.6
1.1.3.27799.5.1.3.3.44.11.24
1.1.3.27934.14.1.15
1.1.3.27939.25.1
1.1.3.27970.5.1.10
1.1.3.28022.3
1.1.3.28081.8.1.8.6
1.1.3.28089.5.1.3.2.19.2
1.1.3.28128.3
1.1.3.28293.15.3.4.6.1
1.1.3.28314.22.5.8
1.1.3.28339.10.1.26
1.1.3.28372.39.5.33
1.1.3.28403.17.1.4.1
1.1.3.28447.5.1.12.1.3
1.1.4.22.27.2.13.20.56.1.25
1.1.4.139.14.5
1.1.4.144.9.1.6.15
1.1.4.167.21.3.12.13
1.1.4.433.5.1.5
1.1.4.460.9.1.4.1
1.1.4.667.16.3.5.2.18.2.10
1.1.4.674.22.3.12
1.1.4.742.5.1.1.3.30.3.49
1.1.4.785.5.1.4
1.1.4.804.14.3.8
1.1.4.890.5.1
1.1.4.921.5.1.2
1.1.4.971.11.2.12.10
1.1.4.982.5.1.2.1
1.1.4.1118.23.2.8.1.1
1.1.4.1228.6
1.1.4.1287.10.1.4.1
1.1.4.1461.27.2.5.3.18.2.3
1.1.4.1471.9.4.8
1.1.4.1484.5.1.22.23.9
1.1.4.1501.35.2.4.35
1.1.4.1544.9.1.15
1.1.4.1559.5.1.2.1.3
1.1.4.1614.5.1.2
1.1.4.1629.5.1.1
1.1.4.1633.5.1
1.1.4.1711.33.3.4.4
1.1.4.1792.10.3.4
1.1.4.1944.10.2.4.3
1.1.4.1970.14.2.10
1.1.4.1979.29.1.4
1.1.4.1999.5.1.11.13.17.3
1.1.4.2071.5.1.1.1.6.6
1.1.4.2154.31.2.8.2.30.3
1.1.4.2178.5.1
1.1.4.2234.25.2.4.6
1.1.4.2288.22.2
1.1.4.2373.5.1.17
1.1.4.2406.25.2.7.5.7.1
1.1.4.2439.27
1.1.4.2546.8.2.4
1.1.4.2607.5.1
1.1.4.2650.5.1.4.4.15.2.6
1.1.4.2751.5.1
1.1.4.2765.26.3.8
1.1.4.2778.15.1.4
1.1.4.2976.20.2.33
1.1.4.3015.32.2.24.12
1.1.4.3052.21.1.10
1.1.4.3177.3
1.1.4.3248.5.1
1.1.4.3304.6
1.1.4.3309.5.1.5.1.1.1.11.28
1.1.4.3362.5.1.1
1.1.4.3409.16.1.17.4
1.1.4.3439.17.7.4.4
1.1.4.3538.9.1.6
1.1.4.3665.14.2
1.1.4.3772.38.3.12
1.1.4.3790.6
1.1.4.3808.9.1.16
1.1.4.3873.5.1.18.1.19.9.25
1.1.4.4027.16.1.7.6.10.5
1.1.4.4053.19.1.8
1.1.4.4161.5.1.3.2.2.3
1.1.4.4216.35.2.17.29.49
1.1.4.4383.19.2.7.1.51
1.1.4.4495.5.1.2.1.7.9.55
1.1.4.4523.18.2.7.12
1.1.4.4544.49.3.5.2.24.1.5
1.1.4.4544.58.2.4.6.3
1.1.4.4547.5.1
1.1.4.4561.5.1.1
1.1.4.4565.13.1.21.16
1.1.4.4587.13.3.39.1.11.2.22
1.1.4.4596.11
1.1.4.4649.18.1.8
1.1.4.4732.5.1.2.3
1.1.4.4768.5.1.3.3.44.11.54
1.1.4.4776.16
1.1.4.4839.5.1.3.5.27.10
1.1.4.4890.5.1.1.12.7.3
1.1.4.4896.3
1.1.4.4923.5.1.4.2.5
1.1.4.5040.8.1.8.6
1.1.4.5048.5.1.3.2.17.2
1.1.4.5087.3
1.1.4.5261.5.1.5
1.1.4.5333.15.3.30.2.4
1.1.4.5407.5.1.12.1.3
1.1.4.5487.5.1.3
1.1.4.5520.5.1.1.1.2.1
1.1.4.5555.19.2.7.4.5.1
1.1.4.5619.21.3.12.13
1.1.4.5871.5.1.4.4.29.2.26
1.1.4.5910.13.2.8.10
1.1.4.5918.15.3.6.4
1.1.4.5935.9.1.4.1
1.1.4.5994.3
1.1.4.6210.5.1.1.3.29.3.49
1.1.4.6253.5.1.4
1.1.4.6281.5.1.12.3
1.1.4.6293.5.1.6
1.1.4.6377.19.1.12.6
1.1.4.6423.5.1.35
1.1.4.6441.5.1.2.1
1.1.4.6568.27.4.6.13.20.7.18
1.1.4.6683.6
1.1.4.6734.5.1.2.1.5
1.1.4.6914.27.2.5.3.18.2.3
1.1.4.6925.5.1.3
1.1.4.6997.5.1.2.1.3
1.1.4.7042.5.1
1.1.4.7049.46.2.21
1.1.4.7056.28.2.11.3.10.2
1.1.4.7074.21.1.15.15
1.1.4.7086.16.1.8.12.21
1.1.4.7152.33.3.4.4
1.1.4.7232.10.3.4
1.1.4.7335.5.1
1.1.4.7372.10.2.4.3
1.1.4.7398.14.2.10
1.1.4.7410.29.1.4
1.1.4.7430.5.1.11.13.17.3
1.1.4.7493.5.1.1.1.6.6
1.1.4.7568.9.2.14
1.1.4.7578.43.3.15.1.1.1.16.39
1.1.4.7597.3
1.1.4.7604.5.1
1.1.4.7647.12.1.6.6
1.1.4.7652.5.1
1.1.4.7697.22.2
1.1.4.7772.13.2.26.31.13
1.1.4.7777.12.5.16.6
1.1.4.7844.5.1.8.2.16.4.21
1.1.4.7844.5.1.11.5.26.1.25
1.1.4.7873.5.1
1.1.4.7958.17.1.5
1.1.4.8069.5.1.4.4.15.2.6
1.1.4.8088.5.1.12.2
1.1.4.8119.18.1.4
1.1.4.8149.5.1
1.1.4.8163.26.3.8
1.1.4.8359.14.1.6.1.19
1.1.4.8392.21.2
1.1.4.8392.26.1.8
1.1.4.8586.3
1.1.4.8655.5.1
1.1.4.8721.29.3.4.4.4
1.1.4.8772.5.1.1
1.1.4.8848.5.1.1.1.7.1.15
1.1.4.9007.17.1.4
1.1.4.9020.5.1
1.1.4.9215.9.1.16
1.1.4.9247.17.1.21.9
1.1.4.9281.5.1.1.14.20
1.1.4.9436.16.1.7.6.10.5
1.1.4.9462.9.2.4
1.1.4.9474.5.1.4.4.10.1
1.1.4.9494.19.2.10.2
1.1.4.9572.16
1.1.4.9599.24.3.6.11
1.1.4.9619.34.2.4.2
1.1.4.9780.14.4.6.1.7.1.72
1.1.4.9835.5.1.1.2
1.1.4.9869.5.1.2.6.3.2
1.1.4.9906.34.2.17.15
1.1.4.9916.12.1.13.6.3
1.1.4.9917.17.2.14
1.1.4.9918.5.1
1.1.4.9926.67.4.32.16
1.1.4.10010.18.1.8
1.1.4.10110.6
1.1.4.10154.13.2.6.3.14.2.23
1.1.4.10206.5.1.3.5.27.10
1.1.4.10257.5.1.1.12.7.3
1.1.4.10264.3
1.1.4.10291.5.1.4.2.5
1.1.4.10358.8.2.9
1.1.4.10393.5.1
1.1.4.10416.8.3.4
1.1.4.10421.5.1
1.1.4.10595.3
1.1.4.10612.5.1.5
1.1.4.10623.22.5.8
1.1.4.10646.22.2.12.1.1.1
1.1.4.10676.39.5.33
1.1.4.10707.17.1.4.1
1.1.4.10751.5.1.5.1.2
1.1.4.10833.5.1.3
1.1.4.10864.5.1.1.1.2.1
1.1.4.10886.15.1.14.6
1.1.4.10944.14.5
1.1.4.10949.9.1.6.15
1.1.4.10972.21.3.12.13
1.1.4.11256.13.2.8.10
1.1.4.11264.15.3.6.4
1.1.4.11281.9.1.4.1
1.1.4.11493.5.1.5.6.12
1.1.4.11575.5.1.1.3.30.3.49
1.1.4.11642.14.3.8
1.1.4.11728.5.1
1.1.4.11759.5.1.2
1.1.4.11809.11.2.12.10
1.1.4.11820.5.1.2.1
1.1.4.11950.23.2.8.1.1
1.1.4.12035.12.1.32
1.1.4.12053.5.1.3.2.5.2
1.1.4.12076.5.1.4.2.4.1
1.1.4.12099.15.2.5
1.1.4.12103.17.2.8.15
1.1.4.12136.5.1.1.1.10
1.1.4.12265.27.2.5.3.18.2.3
1.1.4.12275.9.4.8
1.1.4.12288.5.1.22.23.9
1.1.4.12305.35.2.4.35
1.1.4.12348.9.1.15
1.1.4.12363.5.1.2.1.3
1.1.4.12418.5.1.2
1.1.4.12433.5.1.1
1.1.4.12437.5.1
1.1.4.12515.33.3.4.4
1.1.4.12750.10.2.4.3
1.1.4.12776.14.2.10
1.1.4.12785.29.1.4
1.1.4.12805.5.1.11.13.17.3
1.1.4.12870.5.1.1.1.6.6
1.1.4.12955.5.1.2.9
1.1.4.12979.5.1
1.1.4.13036.14.2.15.14.30
1.1.4.13064.10.2.4
1.1.4.13074.5.1
1.1.4.13074.8.2.8
1.1.4.13148.25.3.4.7
1.1.4.13170.10.1.15
1.1.4.13230.5.1.9.2.2.2.3
1.1.4.13230.5.1.12.5.12.1.7
1.1.4.13259.5.1
1.1.4.13341.15.2.9.2
1.1.4.13418.5.1.4.4.15.2.6
1.1.4.13435.5.1.12.2
1.1.4.13465.12.2.4
1.1.4.13469.6
1.1.4.13499.5.1
1.1.4.13513.26.3.8
1.1.4.13526.15.1.4
1.1.4.13731.20.2.25
1.1.4.13747.5.1.3.2.4.2
1.1.4.13851.14.2.7.4.13.2
1.1.4.13899.5.1
1.1.4.13946.5.1.2.1
1.1.4.13948.9.1.4.4
1.1.4.14039.5.1
1.1.4.14091.5.1.7.7.8.1.31.22
1.1.4.14147.8.5.4
1.1.4.14148.5.1.1.5.7.4
1.1.4.14188.5.1.1.1.1.1.2
1.1.4.14212.5.1
1.1.4.14224.19.2.15.40
1.1.4.14323.9.1.6
1.1.4.14438.15.2.4
1.1.4.14539.38.3.12
1.1.4.14557.6
1.1.4.14613.28.2.4.1
1.1.4.14814.16.1.7.6.10.5
1.1.4.14840.19.1.8
1.1.4.14881.35.1.8
1.1.4.14955.16
1.1.4.15009.35.2.17.29.49
1.1.4.15180.14.4.6.1.7.1.32
1.1.4.15250.5.1.2.6.12.2
1.1.4.15261.5.1.11.9.13.1.1
1.1.4.15304.31.3.5.2.14.1.6
1.1.4.15304.40.2.4.6.3
1.1.4.15312.5.1.1.1.20.1.14
1.1.4.15334.13.3.58.1.11.2.23
1.1.4.15398.18.1.8
1.1.4.15497.6
1.1.4.15524.5.1.3.3.44.11.24
1.1.4.15595.5.1.3.5.27.10
1.1.4.15765.8.2.9
1.1.4.15807.18.3
1.1.4.15816.8.1.8.6
1.1.4.15839.8.3.4
1.1.4.15844.5.1
1.1.4.16025.15.3.25.8.10.1
1.1.4.16033.18.3
1.1.4.16038.21
1.1.4.16042.35.2.53.1.1.1
1.1.4.16072.39.5.33
1.1.4.16104.17.1.4.1
1.1.4.16147.5.1.17.7.13
1.1.4.16225.27.2.13.20.37.1.15
1.1.4.16318.14.5
1.1.4.16323.9.1.6.15
1.1.4.16346.21.3.12.13
1.1.4.16576.5.1.4.4.28.2.11
1.1.4.16615.13.2.8.10
1.1.4.16623.15.3.6.4
1.1.4.16639.9.1.4.1
1.1.4.16725.5.1.15.3.7.2.12
1.1.4.16852.5.1.5.19.12
1.1.4.16930.5.1.1.3.30.3.49
1.1.4.17002.5.1.12.3
1.1.4.17014.5.1.6
1.1.4.17098.19.1.12.6
1.1.4.17144.5.1.35
1.1.4.17162.5.1.2.1
1.1.4.17292.27.4.6.13.20.7.18
1.1.4.17398.6
1.1.4.17452.5.1.1.3.3
1.1.4.17490.5.1.2.1.11
1.1.4.17514.24.2
1.1.4.17632.27.2.5.3.18.2.3
1.1.4.17642.9.4.8
1.1.4.17655.5.1.22.23.9
1.1.4.17672.36.2.8.36
1.1.4.17721.5.1.2.1.3
1.1.4.17769.46.2.21
1.1.4.17776.28.2.11.3.10.2
1.1.4.17793.5.1.1
1.1.4.17797.5.1
1.1.4.17875.33.3.4.4
1.1.4.18111.10.2.4.3
1.1.4.18137.14.2.10
1.1.4.18146.29.1.4
1.1.4.18320.5.1.2.9
1.1.4.18345.5.1
1.1.4.18402.14.2.15.14.30
1.1.4.18444.17.2.8.3.5.1
1.1.4.18519.13.2.26.31.13
1.1.4.18525.10.1.5.11
1.1.4.18595.5.1.9.2.2.2.3
1.1.4.18595.5.1.12.5.12.1.7
1.1.4.18719.5.1
1.1.4.18765.5.1
1.1.4.18807.5.1.4.4.15.2.6
1.1.4.18824.5.1.12.2
1.1.4.18854.12.2.4
1.1.4.18898.3
1.1.4.19091.20.2.33
1.1.4.19107.5.1.3.2.4.2
1.1.4.19298.5.1.2.1
1.1.4.19300.9.1.4.4
1.1.4.19389.5.1
1.1.4.19451.5.1.5.1.1.1.11.29
1.1.4.19493.8.2.14.8
1.1.4.19512.8.5.4
1.1.4.19513.5.1.1.5.7.4
1.1.4.19552.5.1
1.1.4.19564.20.1.11.39
1.1.4.19609.39.3.7.2.8
1.1.4.19674.9.1.6
1.1.4.19757.5.1.6.3
1.1.4.19800.5.1
1.1.4.19821.19.2.6.6.4
1.1.4.19914.5.1.2.2
1.1.4.19961.5.1
1.1.4.19981.15.2.9.3.3.6.51
1.1.4.20017.5.1.1.14.20
1.1.4.20181.16.1.7.6.10.5
1.1.4.20207.19.1.8
1.1.4.20306.5.1.3.2.2.3
1.1.4.20361.35.2.17.29.49
1.1.4.20530.5.1.2
1.1.4.20543.5.1
1.1.4.20552.5.1
1.1.4.20587.5.1.1.2
1.1.4.20606.5.1
1.1.4.20626.5.1.2.6.12.2
1.1.4.20637.5.1.11.9.13.1.1
1.1.4.20667.9.1.5
1.1.4.20680.31.3.5.2.14.1.6
1.1.4.20680.40.2.4.6.3
1.1.4.20688.5.1.1.1.20.1.14
1.1.4.20714.13.3.39.1.11.2.23
1.1.4.20778.18.1.8
1.1.4.20872.6
1.1.4.20973.5.1.3.5.27.10
1.1.4.21039.5.1.2
1.1.4.21047.3
1.1.4.21071.22.2.23
1.1.4.21143.8.2.9
1.1.4.21184.5.1
1.1.4.21199.15.1.4
1.1.4.21215.21.2.16
1.1.4.21428.15.3.25.8.10.1
1.1.4.21436.18.3
1.1.4.21441.21
1.1.4.21445.35.2.53.1.1.1
1.1.4.21475.39.5.33
1.1.4.21506.17.1.4.1
1.1.4.21550.5.1.17.7.13
1.1.4.21633.5.1.3
1.1.4.21666.5.1.1.1.2.1
1.1.4.21757.21.3.12.13
1.1.4.22010.5.1.4.4.29.2.26
1.1.4.22049.13.2.8.10
1.1.4.22057.15.3.6.4
1.1.4.22074.9.1.4.1
1.1.4.22181.35.2.21.6.10.2.5
1.1.4.22375.5.1.1.3.54.3.61
1.1.4.22442.14.3.8
1.1.4.22556.19.1.12.7
1.1.4.22602.5.1.35
1.1.4.22736.5.1.4.1.7.1.1
1.1.4.22754.33.4.6.13.25.7.14
1.1.4.22862.6
1.1.4.22914.15.2.5
1.1.4.22918.17.2.8.15
1.1.4.22951.5.1.1.1.10
1.1.4.23017.14.5
1.1.4.23091.27.2.5.3.18.2.3
1.1.4.23101.9.4.8
1.1.4.23114.5.1.22.23.9
1.1.4.23131.35.2.4.35
1.1.4.23177.18.1.4.2
1.1.4.23219.5.1
1.1.4.23224.21.1.4.2
1.1.4.23229.8.1.4.5.12
1.1.4.23229.8.2.8.7
1.1.4.23239.5.1.3.2.3
1.1.4.23247.5.1.1.11.13.1.29
1.1.4.23316.33.3.4.4
1.1.4.23395.10.3.4
1.1.4.23583.5.1.2.1.30
1.1.4.23611.5.1.11.13.17.7
1.1.4.23759.31.2.8.2.30.3
1.1.4.23785.5.1
1.1.4.23842.14.2.15.14.30
1.1.4.23870.10.2.4
1.1.4.23951.25.3.4.7
1.1.4.24030.5.1.8.2.16.4.21
1.1.4.24030.5.1.11.5.26.1.25
1.1.4.24059.5.1
1.1.4.24128.8.2.4
1.1.4.24136.33.2.12.2
1.1.4.24218.5.1.3
1.1.4.24281.18.1.4
1.1.4.24311.5.1
1.1.4.24325.26.3.8
1.1.4.24528.5.1.9.1.4
1.1.4.24552.21.2
1.1.4.24552.26.1.8
1.1.4.24752.5.1.2.1
1.1.4.24754.9.1.4.4
1.1.4.24851.5.1
1.1.4.24914.6
1.1.4.24919.5.1.5.1.1.1.11.36
1.1.4.24970.5.1.1
1.1.4.25017.16.1.17.4
1.1.4.25047.17.7.4.4
1.1.4.25221.5.1
1.1.4.25468.5.1.1.14.20
1.1.4.25656.19.1.8
1.1.4.25757.16
1.1.4.25815.35.2.17.30.14
1.1.4.25989.5.1.35
1.1.4.26007.5.1
1.1.4.26016.5.1
1.1.4.26051.5.1.1.2
1.1.4.26068.5.1.3.4.17.4
1.1.4.26083.5.1.2.6.12.2
1.1.4.26094.5.1.11.9.13.1.1
1.1.4.26137.31.3.5.2.14.1.6
1.1.4.26137.40.2.4.6.3
1.1.4.26146.21.2.26.19
1.1.4.26243.5.1.3.1.3
1.1.4.26379.5.1.3.3.44.11.10
1.1.4.26451.5.1.3.5.27.10
1.1.4.26527.22.3.10.6.11.3
1.1.4.26539.5.1.8.1.11.2
1.1.4.26560.5.1.10
1.1.4.26612.3
1.1.4.26672.8.1.8.6
1.1.4.26680.5.1.3.2.17.2
1.1.4.26719.3
1.1.4.26817.5.1.7.4
1.1.4.26889.5.1.5
1.1.4.26961.15.3.30.2.4
1.1.4.26984.17.1.4.1
1.1.4.27031.5.1.12.1.3
1.1.4.27110.5.1.3
1.1.4.27147.5.1.1.1.2.1
1.1.4.27227.14.5
1.1.4.27232.9.1.6.15
1.1.4.27255.21.3.12.13
1.1.4.27506.5.1.4.4.29.2.26
1.1.4.27545.13.2.8.10
1.1.4.27553.15.3.6.4
1.1.4.27570.9.1.4.1
1.1.4.27789.5.1.5.19.12
1.1.4.27848.14.2.6.1.19.2
1.1.4.27879.5.1.1.3.17.3.40
1.1.4.27950.5.1.12.3
1.1.4.27962.5.1.6
1.1.4.28045.13.1.13.2.16.1.6
1.1.4.28090.5.1.35
1.1.4.28108.5.1.2.1
1.1.4.28232.28.2.16.10.8
1.1.4.28243.17.2.12.12.56
1.1.4.28329.6
1.1.4.28390.5.1.2.1.5
1.1.4.28430.5.1.1.1.10
1.1.4.28451.24.2
1.1.4.28456.12.1.4
1.1.4.28558.27.2.5.3.18.2.3
1.1.4.28568.9.4.8
1.1.4.28581.5.1.22.23.9
1.1.4.28598.35.2.4.35
1.1.4.28647.5.1.2.1.3
1.1.4.28697.46.2.21
1.1.4.28704.28.2.11.3.10.2
1.1.4.28721.5.1.1
1.1.4.28803.33.3.4.4
1.1.4.28918.5.1.10.7
1.1.4.28945.5.1.3.3
1.1.4.28993.9.1.23
1.1.4.29026.26.1.8.2
1.1.4.29050.5.1.2.1.30
1.1.4.29063.5.1.1.2.10.6.25
1.1.4.29075.5.1.11.13.44.3
1.1.4.29150.5.1.1.1.6.6
1.1.4.29254.3
1.1.4.29261.5.1
1.1.4.29302.12.1.6.6
1.1.4.29307.5.1
1.1.4.29361.22.2
1.1.4.29461.10.1.15
1.1.4.29522.5.1.9.2.2.2.3
1.1.4.29522.5.1.12.5.12.1.7
1.1.4.29551.5.1
1.1.4.29636.5.1
1.1.4.29676.5.1
1.1.4.29720.5.1.4.4.15.2.6
1.1.4.29737.5.1.12.2
1.1.4.29814.11.1.4.1
1.1.4.29820.3
1.1.4.30018.20.2.25
1.1.4.30034.5.1.3.2.4.2
1.1.4.30236.5.1.2.1
1.1.4.30238.9.1.4.4
1.1.4.30327.5.1
1.1.4.30386.5.1.7.7.8.1.31.36
1.1.4.30440.5.1.1
1.1.4.30482.5.1.1.1.1.1.2
1.1.4.30553.39.3.7.2.8
1.1.4.30734.14.2
1.1.4.30846.5.1.2.2
1.1.4.30889.9.1.16
1.1.4.31118.16.1.7.6.10.5
1.1.4.31144.19.1.8
1.1.4.31180.35.1.8
1.1.4.31252.5.1.3.2.2.3
1.1.4.31307.35.2.17.29.49
1.1.4.31471.14.4.6.1.7.1.26
1.1.4.31526.45.1.17
1.1.4.31546.5.1.2.6.3.2
1.1.4.31557.5.1.11.9.13.1.1
1.1.4.31600.31.3.5.2.14.1.6
1.1.4.31600.40.2.4.6.3
1.1.4.31608.5.1.1.1.20.1.14
1.1.4.31630.13.3.58.1.11.2.23
1.1.4.31694.18.1.8
1.1.4.31765.37.2
1.1.4.31795.6
1.1.4.31822.5.1.3.3.44.11.31
1.1.4.31893.5.1.3.5.27.10
1.1.4.31944.5.1.1.12.7.3
1.1.4.31950.3
1.1.4.31980.5.1.22
1.1.4.32020.5.1
1.1.4.32115.5.1
1.1.4.32138.8.3.4
1.1.4.32143.5.1
1.1.4.32327.5.1.5
1.1.4.32338.22.5.8
1.1.4.32388.39.5.33
1.1.4.32410.17.1.4.1
1.1.4.32453.5.1.17.7.13
1.1.4.32536.5.1.3
1.1.4.32573.5.1.1.1.2.1
1.1.4.32646.14.1.7
1.1.4.32651.5.1
1.1.4.32663.9.2.12.10
1.1.4.32926.5.1.5
1.1.4.32953.9.1.4.1
1.1.4.33023.23.1.15
1.1.4.33250.5.1.1.3.30.3.49
1.1.4.33318.14.3.8
1.1.4.33393.17.1.9
1.1.4.33444.5.1.1
1.1.4.33494.11.2.12.10
1.1.4.33505.5.1.2.1
1.1.4.33617.28.2.20.10.8
1.1.4.33628.8.1.4.1
1.1.4.33734.6
1.1.4.33759.5.1.4.2.4.1
1.1.4.33786.5.1.1.3.3
1.1.4.33826.5.1.1.1.10
1.1.4.33847.24.2
1.1.4.33961.27.2.5.3.18.2.3
1.1.4.33971.9.4.8
1.1.4.33984.5.1.22.23.9
1.1.4.34001.35.2.4.35
1.1.4.34056.5.1.2.1.3
1.1.4.34111.5.1.2
1.1.4.34126.5.1.1
1.1.4.34208.33.3.4.4
1.1.4.34405.5.1
1.1.4.34446.26.1.8.2
1.1.4.34468.41.1.4.3
1.1.4.34651.31.2.8.2.30.3
1.1.4.34677.5.1
1.1.4.34734.14.2.15.14.30
1.1.4.34792.22.2
1.1.4.34887.5.1.8
1.1.4.34899.5.1.13.13.20.1
1.1.4.34919.5.1.13.3
1.1.4.34946.27
1.1.4.34977.5.1
1.1.4.35054.15.2.9.2
1.1.4.35135.5.1.3
1.1.4.35198.12.2.4
1.1.4.35202.6
1.1.4.35232.5.1
1.1.4.35258.15.1.4
1.1.4.35460.20.2.25
1.1.4.35476.5.1.3.2.4.2
1.1.4.35578.14.2.7.4.13.2
1.1.4.35663.5.1.2.1
1.1.4.35665.9.1.4.4
1.1.4.35762.5.1
1.1.4.35825.5.1.7.7.8.1.25.41
1.1.4.35887.19.2.8.5.8
1.1.4.35931.5.1.1.1.1.1.2
1.1.5.36117.5.1
1.1.5.36143.5.1
1.1.5.36349.9.1.16
1.1.5.36378.17.1.13.8
1.1.5.36409.5.1.1.14.20
1.1.5.36561.16.1.7.6.10.5
1.1.5.36587.19.1.8
1.1.5.36695.5.1.3.2.2.3
1.1.5.36750.35.2.17.29.49
1.1.5.36917.19.2.7.1.51
1.1.5.37034.5.1.11.9.13.1.1
1.1.5.37064.9.1.5
1.1.5.37077.31.3.5.2.14.1.6
1.1.5.37077.40.2.4.6.3
1.1.5.37086.21.2.26.19
1.1.5.37178.18.1.8
1.1.5.37285.6
1.1.5.37312.5.1.3.3.44.11.24
1.1.5.37455.27.2.5
1.1.5.37457.10.2.4
1.1.5.37553.8.2.9
1.1.5.37588.5.1
1.1.5.37724.8.4.12
1.1.5.37745.5.1.2.4.13.3
1.1.5.37787.15.3.4.6.1
1.1.5.37807.22.5
1.1.5.37868.46.2.21
1.1.5.37873.38.2.4
1.1.5.37942.5.1.1.12.15
1.1.5.38022.5.1.3
1.1.5.38059.5.1.1.1.2.1
1.1.5.38144.14.1.7
1.1.5.38149.5.1
1.1.5.38152.29.3.5
1.1.5.38390.5.1.4.4.29.2.26
1.1.5.38434.5.1.5
1.1.5.38461.9.1.4.1
1.1.5.38520.23.1.16
1.1.5.38550.5.1.3
1.1.5.38649.5.1.3.10.9.4.13
1.1.5.38704.14.2.6.1.19.2
1.1.5.38735.5.1.1.3.17.3.40
1.1.5.38885.5.1
1.1.5.38916.5.1.1
1.1.5.38985.5.1.2.1
1.1.5.39056.5.1.3.2.2.1
1.1.5.39111.27.4.6.13.20.7.18
1.1.5.39212.6
1.1.5.39262.15.2.5
1.1.5.39266.17.2.8.15
1.1.5.39299.5.1.1.1.10
1.1.5.39320.24.2
1.1.5.39325.12.1.4
1.1.5.39438.27.2.5.3.18.2.3
1.1.5.39448.9.4.8
1.1.5.39461.5.1.22.23.9
1.1.5.39478.35.2.4.35
1.1.5.39533.5.1.2.1.3
1.1.5.39578.5.1
1.1.5.39585.46.2.21
1.1.5.39592.28.2.11.3.10.2
1.1.5.39606.21.1.15.15
1.1.5.39611.5.1.7.1.33.2
1.1.5.39618.16.1.8.12.21
1.1.5.39675.33.3.4.4
1.1.5.39754.10.3.4
1.1.5.39800.5.1.10.7
1.1.5.39872.5.1
1.1.5.39909.10.2.4.3
1.1.5.39935.14.2.10
1.1.5.39944.29.1.4
1.1.5.40038.9.1.33
1.1.5.40125.5.1.2.9
1.1.5.40150.5.1
1.1.5.40207.14.2.15.14.30
1.1.5.40252.11.1.34
1.1.5.40311.13.2.7.4.13
1.1.5.40317.10.1.5.11
1.1.5.40352.5.1.13.3
1.1.5.40379.27
1.1.5.40410.5.1
1.1.5.40477.8.2.4
1.1.5.40487.5.1.14.3
1.1.5.40577.5.1.4.4.15.2.6
1.1.5.40643.12.2.4
1.1.5.40687.3
1.1.5.40692.24.2.17.7.15.1
1.1.5.40869.20.2.33
1.1.5.40885.5.1.3.2.4.2
1.1.5.41089.3
1.1.5.41160.5.1
1.1.5.41217.5.1.7.7.8.1.31.55
1.1.5.41255.8.2.14.8
1.1.5.41437.9.1.6
1.1.5.41494.17.1.4
1.1.5.41505.5.1.6.3
1.1.5.41551.14.2
1.1.5.41655.5.1.2.2
1.1.5.41698.9.1.16
1.1.5.41765.5.1.18.1.19.9.25
1.1.5.41936.19.1.8
1.1.5.41968.35.1.8
1.1.5.42042.16
1.1.5.42069.24.3.6.11
1.1.5.42088.21.1.4.7
1.1.5.42193.5.1.5.5.33.8.12
1.1.5.42259.14.4.6.1.7.1.56
1.1.5.42331.5.1.2.6.3.2
1.1.5.42342.5.1.11.9.13.1.1
1.1.5.42384.5.1.1
1.1.5.42393.28.1.11.9
1.1.5.42481.5.1.3.1.3
1.1.5.42554.37.2
1.1.5.42609.5.1.3.3.44.11.30
1.1.5.42680.5.1.3.5.27.10
1.1.5.42766.22.3.10.6.11.3
1.1.5.42778.5.1.8.1.11.2
1.1.5.42796.9.3.8.7
1.1.5.42848.3
1.1.5.42917.5.1
1.1.5.42940.8.3.4
1.1.5.42945.5.1
1.1.5.43156.9.1.7
1.1.5.43189.39.5.33
1.1.5.43211.17.1.4.1
1.1.5.43253.5.1.1.12.15
1.1.5.43313.15.2.22.1.3.1
1.1.5.43338.14.2.6.2.16
1.1.5.43368.5.1.1.1.2.1
1.1.5.43403.19.2.7.4.5.1
1.1.5.43449.14.1.7
1.1.5.43454.5.1
1.1.5.43466.9.2.12.10
1.1.5.43752.5.1.5
1.1.5.43779.9.1.4.1
1.1.5.43887.35.2.21.6.10.2.5
1.1.5.44004.16.2.6.3.6.2.19
1.1.5.44096.5.1.1.3.17.3.62
1.1.5.44167.5.1.12.3
1.1.5.44179.5.1.6
1.1.5.44263.19.1.12.7
1.1.5.44309.5.1.35
1.1.5.44453.27.4.6.13.20.7.18
1.1.5.44542.12.1.32
1.1.5.44560.5.1.3.2.5.2
1.1.5.44605.5.1.1.3.3
1.1.5.44645.5.1.1.1.10
1.1.5.44668.5.1.7.5.17.3.7
1.1.5.44754.24.2.4.4
1.1.5.44761.5.1
1.1.5.44774.5.1.22.21.8
1.1.5.44791.35.2.4.35
1.1.5.44840.18.1.4.2
1.1.5.44880.5.1
1.1.5.44887.5.1.2
1.1.5.44893.5.1.1.12.5.2
1.1.5.44907.5.1.1
1.1.5.44989.33.3.4.4
1.1.5.45148.5.1.3.3
1.1.5.45190.5.1
1.1.5.45230.10.2.4.3
1.1.5.45256.14.2.10
1.1.5.45265.29.1.4
1.1.5.45285.5.1.11.13.17.3
1.1.5.45322.18.1.4
1.1.5.45351.5.1.1.1.6.6
1.1.5.45438.5.1.2.9
1.1.5.45463.5.1
1.1.5.45520.14.2.15.14.30
1.1.5.45548.10.2.4
1.1.5.45557.5.1.3.1
1.1.5.45657.10.1.15
1.1.5.45717.5.1.9.2.2.2.3
1.1.5.45717.5.1.12.5.12.1.7
1.1.5.45746.5.1
1.1.5.45813.8.2.4
1.1.5.45821.33.2.12.2
1.1.5.45903.5.1.3
1.1.5.45966.5.1
1.1.5.46007.3
1.1.5.46012.24.2.17.7.15.1
1.1.5.46191.20.2.33
1.1.5.46230.32.2.24.12
1.1.5.46267.21.1.10
1.1.5.46394.5.1.2.1
1.1.5.46396.9.1.4.4
1.1.5.46495.5.1
1.1.5.46551.5.1.7.7.8.1.91.28
1.1.5.46588.8.2.14.8
1.1.5.46606.5.1.5.4
1.1.5.46646.5.1
1.1.5.46658.19.2.15.40
1.1.5.46695.39.3.7.2.8
1.1.5.46760.9.1.6
1.1.5.46830.5.1
1.1.5.46890.19.2.6.6.4
1.1.5.46986.5.1.2.2
1.1.5.47029.9.1.16
1.1.5.47058.15.2.9.3.3.9.2
1.1.5.47099.5.1.7.1.27.6.16
1.1.5.47278.9.2.4
1.1.5.47290.5.1.4.4.10.1
1.1.5.47311.19.2.9.2
1.1.5.47384.5.1.3.2.2.3
1.1.5.47439.35.2.17.32.49
1.1.5.47605.14.4.6.1.7.1.126
1.1.5.47674.30.2.16.2.11.2
1.1.5.47691.5.1.2.6.3.2
1.1.5.47702.5.1.11.9.13.1.1
1.1.5.47732.9.1.5
1.1.5.47745.31.3.5.2.14.1.6
1.1.5.47745.40.2.4.6.3
1.1.5.47754.21.2.26.19
1.1.5.47953.6
1.1.5.47980.5.1.3.3.44.11.24
1.1.5.48051.5.1.3.5.27.10
1.1.5.48102.5.1.1.12.7.3
1.1.5.48108.3
1.1.5.48133.5.1.1.11
1.1.5.48136.5.1.2.1.1.1.26
1.1.5.48193.8.2.9
1.1.5.48234.5.1
1.1.5.48257.8.3.4
1.1.5.48262.5.1
1.1.5.48449.15.3.4.6.1
1.1.5.48517.39.5.33
1.1.5.48548.17.1.4.1
1.1.5.48590.5.1.17.7.13
1.1.5.48671.5.1.3
1.1.5.48708.5.1.1.1.2.1
1.1.5.48730.15.1.14.6
1.1.5.48813.21.3.12.13
1.1.5.49108.5.1.5
1.1.5.49135.9.1.4.1
1.1.5.49233.5.1.3
1.1.5.49334.16.3.5.2.18.2.10
1.1.5.49341.22.3.12
1.1.5.49394.12
1.1.5.49425.5.1.4.1.7
1.1.5.49505.5.1.12.3
1.1.5.49517.5.1.6
1.1.5.49601.19.1.12.6
1.1.5.49647.5.1.35
1.1.5.49665.5.1.2.1
1.1.5.49778.5.1.4.1.7.1.1
1.1.5.49796.33.4.6.13.25.7.14
1.1.5.49897.6
1.1.5.49951.5.1.1.3.3
1.1.5.49991.5.1.1.1.10
1.1.5.50058.14.5
1.1.5.50132.27.2.5.3.18.2.3
1.1.5.50142.9.4.8
1.1.5.50155.5.1.22.23.9
1.1.5.50172.35.2.4.35
1.1.5.50227.5.1.2.1.3
1.1.5.50282.5.1.2
1.1.5.50297.5.1.1
1.1.5.50301.5.1
1.1.5.50379.33.3.4.4
1.1.5.50557.5.1
1.1.5.50623.25.2.12
1.1.5.50632.29.1.4
1.1.5.50716.5.1.1.1.6.6
1.1.5.50805.5.1.2.9
1.1.5.50829.5.1
1.1.5.50885.25.2.4.6
1.1.5.51013.13.2.26.31.13
1.1.5.51018.12.5.16.6
1.1.5.51028.10.1.15
1.1.5.51088.5.1.9.2.2.2.3
1.1.5.51088.5.1.12.5.12.1.7
1.1.5.51117.5.1
1.1.5.51199.15.2.9.2
1.1.5.51276.5.1.4.4.15.2.6
1.1.5.51293.5.1.12.2
1.1.5.51358.5.1
1.1.5.51372.26.3.8
1.1.5.51575.5.1.1
1.1.5.51615.32.2.24.12
1.1.5.51689.5.1.5.2
1.1.5.51702.11.1.4
1.1.5.51707.20.2.8.3
1.1.5.51803.3
1.1.5.51879.5.1
1.1.5.51906.3
1.1.5.51974.8.2.14.8
1.1.5.52180.5.1.2.3
1.1.5.52233.17.1.4
1.1.5.52244.5.1.6.3
1.1.5.52290.5.1
1.1.5.52311.19.2.6.6.4
1.1.5.52412.5.1.2.2
1.1.5.52459.5.1
1.1.5.52479.15.2.9.3.3.6.51
1.1.5.52711.19.1.8
1.1.5.52752.5.1.5.5
1.1.5.52825.16
1.1.5.52852.24.3.6.11
1.1.5.52871.21.1.4.7
1.1.5.53035.14.4.6.1.7.1.51
1.1.5.53091.5.1.7.4.10.2
1.1.5.53108.5.1.2.6.3.2
1.1.5.53119.5.1.11.9.13.1.1
1.1.5.53149.9.1.5
1.1.5.53162.31.3.5.2.14.1.6
1.1.5.53162.40.2.4.6.3
1.1.5.53165.5.1
1.1.5.53178.5.1.2
1.1.5.53205.13.3.39.1.11.2.22
1.1.5.53269.18.1.8
1.1.5.53373.6
1.1.5.53400.5.1.3.3.44.11.24
1.1.5.53472.5.1.3.5.27.10
1.1.5.53541.3
1.1.5.53568.5.1.4.2.5
1.1.5.53689.5.1
1.1.5.53712.8.3.4
1.1.5.53717.5.1
1.1.5.53881.14.1.6
1.1.5.53885.29.2
1.1.5.53890.8.1.5
1.1.5.53917.22.5.8
1.1.5.53940.22.2.12.1.1.1
1.1.5.53970.39.5.33
1.1.5.54001.17.1.4.1
1.1.5.54045.5.1.17.7.13
1.1.5.54134.5.1.3
1.1.5.54165.5.1.1.1.2.1
1.1.5.54268.21.3.12.13
1.1.5.54520.5.1.4.4.29.2.26
1.1.5.54559.13.2.8.10
1.1.5.54567.15.3.6.4
1.1.5.54584.9.1.4.1
1.1.5.54693.25.2.22.6.11.2.3
1.1.5.54865.14.2.6.1.19.2
1.1.5.54896.5.1.1.3.17.3.40
1.1.5.55036.17.1.9
1.1.5.55057.15.1.7.4
1.1.5.55081.5.1.2
1.1.5.55131.11.2.12.10
1.1.5.55142.5.1.2.1
1.1.5.55213.5.1.3.2.2.1
1.1.5.55259.28.2.16.10.8
1.1.5.55270.17.2.12.12.56
1.1.5.55356.6
1.1.5.55381.5.1.4.2.4.1
1.1.5.55403.15.2.5
1.1.5.55407.17.2.8.15
1.1.5.55440.5.1.1.1.10
1.1.5.55461.24.2
1.1.5.55565.27.2.5.3.18.2.3
1.1.5.55575.9.4.8
1.1.5.55588.5.1.22.23.9
1.1.5.55605.35.2.4.35
1.1.5.55648.9.1.15
1.1.5.55663.5.1.2.1.3
1.1.5.55708.5.1
1.1.5.55715.46.2.21
1.1.5.55722.28.2.11.3.10.2
1.1.5.55736.21.1.15.15
1.1.5.55748.16.1.8.12.21
1.1.5.55805.33.3.4.4
1.1.5.55874.5.1
1.1.5.55996.5.1
1.1.5.56062.5.1.2.1.30
1.1.5.56093.26.1.22.6.4
1.1.5.56170.5.1.1.1.6.6
1.1.5.56252.31.2.8.2.30.3
1.1.5.56278.5.1
1.1.5.56334.25.2.4.6
1.1.5.56376.18.2.4
1.1.5.56457.25.3.4.7
1.1.5.56536.5.1.8.2.16.4.21
1.1.5.56536.5.1.11.5.26.1.25
1.1.5.56565.5.1
1.1.5.56649.15.2.9.2
1.1.5.56731.5.1.3
1.1.5.56821.5.1
1.1.5.56835.26.3.8
1.1.5.56848.15.1.4
1.1.5.56922.5.1
1.1.5.57058.5.1.9.1.4
1.1.5.57082.21.2
1.1.5.57082.26.1.8
1.1.5.57172.14.2.7.4.13.2
1.1.5.57269.3
1.1.5.57338.5.1
1.1.5.57394.5.1.5.1.1.1.11.35
1.1.5.57431.8.2.14.8
1.1.5.57493.5.1
1.1.5.57505.19.2.15.40
1.1.5.57604.9.1.6
1.1.5.57661.17.1.4
1.1.5.57674.5.1
1.1.5.57697.5.1
1.1.5.57859.9.1.16
1.1.5.57914.5.1.1.14.20
1.1.5.57966.16.3.5.5.4.3
1.1.5.58074.16.1.7.6.10.5
1.1.5.58100.19.1.8
1.1.5.58212.5.1.3.2.2.3
1.1.5.58267.35.2.17.28.49
1.1.5.58435.5.1.2
1.1.5.58448.5.1
1.1.5.58457.5.1
1.1.5.58460.29.3.25
1.1.5.58469.5.1
1.1.5.58476.24.3.18
1.1.5.58501.5.1.1.2
1.1.5.58540.5.1.2.1.7.5.12
1.1.5.58585.5.1.1
1.1.5.58595.29.4.29.14
1.1.5.58635.11
1.1.5.58689.5.1.3.1.3
1.1.5.58791.6
1.1.5.58818.5.1.3.3.44.11.24
1.1.5.58961.27.2.5
1.1.5.58963.10.2.4
1.1.5.59059.8.2.9
1.1.5.59094.5.1
1.1.5.59246.5.1.6.3.18.5
1.1.5.59303.15.3.4.6.1
1.1.5.59324.22.5.8
1.1.5.59348.9.1.12
1.1.5.59387.15.3.30.2.4
1.1.5.59457.5.1.17.7.13
1.1.5.59540.5.1.3
1.1.5.59645.14.5
1.1.5.59650.9.1.6.15
1.1.5.59671.21.3.12.13
1.1.5.59904.5.1.4.4.29.2.26
1.1.5.59915.10.1.13
1.1.5.59947.5.1.11.15.13.4.15
1.1.5.59956.15.3.6.4
1.1.5.59973.9.1.4.1
1.1.5.60071.5.1.3
1.1.5.60176.5.1.3.10.9.4.13
1.1.5.60248.5.1.4.2.4.4.12
1.1.5.60326.5.1.12.3
1.1.5.60338.5.1.6
1.1.5.60422.19.1.12.6
1.1.5.60468.5.1.35
1.1.5.60486.5.1.2.1
1.1.5.60606.5.1.2.2.6
1.1.5.60620.9.3.4.4
1.1.5.60758.5.1.1.3.3
1.1.5.60927.27.2.5.3.18.2.3
1.1.5.60937.9.4.8
1.1.5.60950.5.1.22.23.9
1.1.5.60967.35.2.4.35
1.1.5.61017.5.1.2.1.3
1.1.5.61059.5.1
1.1.5.61066.46.2.21
1.1.5.61073.28.2.11.3.10.2
1.1.5.61094.5.1.1
1.1.5.61176.33.3.4.4
1.1.5.61368.5.1
1.1.5.61434.5.1.2.1.30
1.1.5.61465.26.1.22.6.4
1.1.5.61543.9.1.33
1.1.5.61629.5.1.2.9
1.1.5.61654.5.1
1.1.5.61714.12.1.6.6
1.1.5.61719.5.1
1.1.5.61767.22.2
1.1.5.61842.13.2.26.31.13
1.1.5.61847.12.5.16.6
1.1.5.61857.10.1.15
1.1.5.61882.5.1.13.3
1.1.5.61909.27
1.1.5.61940.5.1
1.1.5.61974.3
1.1.5.62010.8.2.4
1.1.5.62020.5.1.14.3
1.1.5.62066.5.1
1.1.5.62112.5.1.4.4.15.2.6
1.1.5.62130.5.1.12.2
1.1.5.62195.5.1
1.1.5.62405.20.2.25
1.1.5.62444.32.2.24.12
1.1.5.62481.21.1.10
1.1.5.62522.11.1.4
1.1.5.62527.20.2.8.3
1.1.5.62620.3
1.1.5.62689.5.1
1.1.5.62752.6
1.1.5.62757.5.1.5.1.1.1.11.37
1.1.5.62797.8.2.14.8
1.1.5.62815.5.1.5.4
1.1.5.62877.5.1.1.1.7.1.15
1.1.5.62989.17.2
1.1.5.63049.5.1
1.1.5.63243.9.1.16
1.1.5.63271.5.1.3
1.1.5.63466.16.1.7.6.10.5
1.1.5.63492.9.2.4
1.1.5.63504.5.1.4.4.10.1
1.1.5.63524.19.2.10.2
1.1.5.63602.16
1.1.5.63629.24.3.6.11
1.1.5.63648.21.1.4.7
1.1.5.63754.5.1.5.5.33.8.12
1.1.5.63822.5.1.35
1.1.5.63830.12.1.69
1.1.5.63835.5.1
1.1.5.63844.5.1
1.1.5.63879.5.1.1.2
1.1.5.63900.5.1.8.4.10.2
1.1.5.63917.5.1.2.6.3.2
1.1.5.63928.5.1.11.9.13.1.1
1.1.5.63971.31.3.5.2.14.1.6
1.1.5.63971.40.2.4.6.3
1.1.5.63979.5.1.1.1.20.1.14
1.1.5.64069.18.1.8
1.1.5.64152.5.1.2.3
1.1.5.64203.13.2.6.3.14.2.15
1.1.5.64255.5.1.3.5.27.10
1.1.5.64321.5.1.2
1.1.5.64338.22.3.10.5.12.3
1.1.5.64350.5.1.8.1.11.2
1.1.5.64371.5.1.10
1.1.5.64411.5.1
1.1.5.64424.3
1.1.5.64493.5.1
1.1.5.64516.8.3.4
1.1.5.64521.5.1
1.1.5.64632.12.1.5
1.1.5.64684.3
1.1.5.64701.5.1.5
1.1.5.64712.22.5.8
1.1.5.64767.39.4.12.2.4
1.1.5.64790.17.1.4.1
1.1.5.64834.5.1.17.7.13
1.1.5.64913.10.1.4.2
1.1.5.64953.5.1.1.1.2.1
1.1.5.64975.15.1.14.6
1.1.5.65031.14.5
1.1.5.65036.9.1.6.15
1.1.5.65057.21.3.12.13
1.1.5.65283.5.1.4.4.29.2.26
1.1.5.65322.13.2.8.10
1.1.5.65330.15.3.6.4
1.1.5.65346.9.1.4.1
1.1.5.65566.5.1.5.19.12
1.1.5.65621.14.2.6.1.19.2
1.1.5.65652.5.1.1.3.17.3.40
1.1.5.65771.17.1.9
1.1.5.65792.15.1.7.4
1.1.5.65816.5.1.1
1.1.5.65885.5.1.2.1
1.1.5.65956.5.1.3.2.2.1
1.1.5.65965.5.1
1.1.5.66011.27.4.6.13.20.7.57
1.1.5.66132.6
1.1.5.66227.5.1.2.1.11
1.1.5.66251.24.2
1.1.5.66256.12.1.4
1.1.5.66376.27.2.5.3.18.2.3
1.1.5.66386.9.4.8
1.1.5.66399.5.1.22.23.9
1.1.5.66416.36.2.8.36
1.1.5.66445.21.5.4
1.1.5.66468.5.1.2.1.3
1.1.5.66509.5.1
1.1.5.66516.5.1.2
1.1.5.66522.5.1.1.12.5.2
1.1.5.66536.5.1.1
1.1.5.66618.33.3.4.4
1.1.5.66687.5.1
1.1.5.66739.5.1.10.7
1.1.5.66860.10.2.4.3
1.1.5.66886.14.2.10
1.1.5.66895.29.1.4
1.1.5.66915.5.1.11.13.17.3
1.1.5.66978.5.1.1.1.6.6
1.1.5.67060.31.2.8.2.30.3
1.1.5.67086.5.1
1.1.5.67142.25.2.4.6
1.1.5.67200.22.2
1.1.5.67286.5.1.8
1.1.5.67297.5.1.19.17.15.1
1.1.5.67316.25.2.7.5.7.1
1.1.5.67342.27
1.1.5.67373.5.1
1.1.5.67442.8.2.4
1.1.5.67452.5.1.14.3
1.1.5.67503.5.1
1.1.5.67549.5.1.4.4.15.2.6
1.1.5.67567.5.1.12.2
1.1.5.67598.18.1.4
1.1.5.67628.5.1
1.1.5.67642.26.3.8
1.1.5.67655.15.1.4
1.1.5.67849.20.2.25
1.1.5.67893.32.2.24.12
1.1.5.67958.14.2.7.4.13.2
1.1.5.68146.5.1
1.1.5.68215.29.3.4.4.4
1.1.5.68270.24
1.1.5.68349.5.1.2.1.6.2.14
1.1.5.68355.5.1.4.1.1.1
1.1.5.68448.9.1.6
1.1.5.68557.5.1
1.1.5.68578.19.2.6.6.4
1.1.5.68739.5.1.3
1.1.5.68775.5.1.1.14.20
1.1.5.68958.19.1.8
1.1.5.68990.19.2.9.2
1.1.5.69067.16
1.1.5.69125.35.2.17.30.14
1.1.5.69293.14.4.6.1.7.1.51
1.1.5.69366.5.1.2.6.12.2
1.1.5.69377.5.1.11.9.13.1.1
1.1.5.69419.5.1.1
1.1.5.69428.28.1.11.9
1.1.5.69517.18.1.8
1.1.5.69621.6
1.1.5.69648.5.1.3.3.44.11.24
1.1.5.69719.5.1.3.5.27.10
1.1.5.69789.14.2.5
1.1.5.69791.10.2.4
1.1.5.69820.5.1.10
1.1.5.69872.3
1.1.5.69932.8.1.8.6
1.1.5.69940.5.1.3.2.17.2
1.1.5.69979.3
1.1.5.70161.15.3.25.8.10.1
1.1.5.70216.15.3.30.2.4
1.1.5.70290.5.1.1.12.15
1.1.5.70368.10.1.4.2
1.1.5.70407.5.1.1.1.2.1
1.1.5.70492.14.1.7
1.1.5.70497.5.1
1.1.5.70509.10.1.4.4
1.1.5.70529.17.1.4.1
1.1.5.70786.5.1.3.3.18.3.30
1.1.5.70812.9.1.4.1
1.1.5.71026.16.3.5.2.18.2.10
1.1.5.71033.22.3.12
1.1.5.71110.5.1.4.1.7
1.1.5.71179.14.3.8
1.1.5.71293.19.1.12.6
1.1.5.71339.5.1.35
1.1.5.71357.5.1.2.1
1.1.5.71464.5.1.2.1.4.3.3
1.1.5.71465.9.1.4
1.1.5.71471.24.1.4
1.1.5.71477.28.2.16.14.14
1.1.5.71488.8.1.4.1
1.1.5.71575.12.1.32
1.1.5.71638.5.1.1.3.3
1.1.5.71678.5.1.1.1.10
1.1.5.71808.27.2.5.3.18.2.3
1.1.5.71819.5.1.3
1.1.5.71868.16
1.1.5.71894.5.1.2.1.3
1.1.5.71947.30
1.1.5.71948.5.1.8
1.1.5.71959.5.1.1
1.1.5.71963.5.1
1.1.5.72041.33.3.4.4
1.1.5.72163.5.1.10.7
1.1.5.72261.9.2.30.11
1.1.5.72299.5.1.15.1.3
1.1.5.72312.5.1.1.2.10.6.34
1.1.5.72324.5.1.11.13.44.3
1.1.5.72359.18.1.4
1.1.5.72388.5.1.1.1.6.6
1.1.5.72470.31.2.8.2.30.3
1.1.5.72494.5.1
1.1.5.72551.14.2.15.14.30
1.1.5.72600.17.2.8.3.5.1
1.1.5.72684.9.1.4.1
1.1.5.72753.5.1.9.2.2.2.3
1.1.5.72753.5.1.12.5.12.1.7
1.1.5.72782.5.1
1.1.5.72869.17.1.5
1.1.5.72962.5.1.3
1.1.5.73072.11.1.4.1
1.1.5.73078.3
1.1.5.73278.5.1.9.1.4
1.1.5.73323.32.2.24.12
1.1.5.73356.21.1.10
1.1.5.73383.5.1.5.2
1.1.5.73396.11.1.4
1.1.5.73401.20.2.8.3
1.1.5.73495.3
1.1.5.73566.5.1
1.1.5.73630.29.3.4.4.4
1.1.5.73659.8.2.18.10
1.1.5.73750.5.1.1.1.7.1.15
1.1.5.73847.9.1.6
1.1.5.73978.19.2.6.6.4
1.1.5.74127.9.1.16
1.1.5.74155.5.1.3
1.1.5.74192.5.1.1.14.20
1.1.5.74369.9.2.4
1.1.5.74381.5.1.4.4.10.1
1.1.5.74471.5.1.3.2.2.3
1.1.5.74526.35.2.17.29.49
1.1.5.74690.14.4.6.1.7.1.51
1.1.5.74773.5.1.2.6.12.2
1.1.5.74784.5.1.11.9.13.1.1
1.1.5.74814.9.1.5
1.1.5.74827.31.3.5.2.14.1.6
1.1.5.74827.40.2.4.6.3
1.1.5.74836.21.2.26.19
1.1.5.74868.11
1.1.5.74922.5.1.3.1.3
1.1.5.75031.6
1.1.5.75075.13.2.6.3.14.2.23
1.1.5.75202.27.2.5
1.1.5.75204.10.2.4
1.1.5.75300.8.2.9
1.1.5.75335.5.1
1.1.5.75358.8.3.4
1.1.5.75363.5.1
1.1.5.75542.3
1.1.5.75585.9.1.7
1.1.5.75618.39.5.33
1.1.5.75649.17.1.4.1
1.1.5.75693.5.1.5.1.2
1.1.5.75768.27.2.13.20.37.1.15
1.1.5.75803.5.1.1.1.2.1
1.1.5.75838.19.2.7.4.5.1
1.1.5.75904.21.3.12.13
1.1.5.76083.17.1.4
1.1.5.76127.5.1.4.4.29.2.26
1.1.5.76171.5.1.5
1.1.5.76199.9.1.4.1
1.1.5.76299.5.1.1.1.4.2.9
1.1.5.76402.17.2.9.20.8.2.3
1.1.5.76409.22.3.12
1.1.5.76454.14.2.6.1.19.2
1.1.5.76485.5.1.1.3.17.3.40
1.1.5.76552.14.3.8
1.1.5.76619.17.1.9
1.1.5.76640.15.1.7.4
1.1.5.76664.5.1.1
1.1.5.76714.11.2.12.10
1.1.5.76725.5.1.2.1
1.1.5.76830.5.1.5.1.13.1.16
1.1.5.76850.27.4.6.13.20.7.33
1.1.5.76965.6
1.1.5.77026.5.1.2.1.5
1.1.5.77068.5.1.1.1.10
1.1.5.77089.24.2
1.1.5.77094.12.1.4
1.1.5.77202.27.2.5.3.18.2.3
1.1.5.77212.9.4.8
1.1.5.77225.5.1.22.23.9
1.1.5.77242.35.2.4.35
1.1.5.77294.5.1.2.1.3
1.1.5.77349.5.1.2
1.1.5.77364.5.1.1
1.1.5.77368.5.1
1.1.5.77446.33.3.4.4
1.1.5.77515.5.1
1.1.5.77665.10.2.4.3
1.1.5.77691.14.2.10
1.1.5.77700.29.1.4
1.1.5.77720.5.1.11.13.17.3
1.1.5.77869.31.2.8.2.30.3
1.1.5.77895.5.1
1.1.5.77952.14.2.15.14.30
1.1.5.77980.8.1.4
1.1.5.77990.22.2
1.1.5.78077.5.1.9.17.2
1.1.5.78109.25.2.7.5.7.1
1.1.5.78142.27
1.1.5.78173.5.1
1.1.5.78252.8.2.4
1.1.5.78262.5.1.14.3
1.1.5.78352.5.1.3
1.1.5.78415.18.1.4
1.1.5.78445.5.1
1.1.5.78459.26.3.8
1.1.5.78666.20.2.33
1.1.5.78682.5.1.3.2.4.2
1.1.5.78784.5.1.2.2.21.2
1.1.5.78893.5.1.2.1
1.1.5.78895.9.1.4.4
1.1.5.78992.5.1
1.1.5.79053.29.3.4.4.4
1.1.5.79109.5.1.5.4
1.1.5.79176.17.7.4.4
1.1.5.79213.39.3.7.2.8
1.1.5.79278.9.1.6
1.1.5.79345.13.2.6.14.5.1
1.1.5.79391.15.2.4
1.1.5.79542.9.1.16
1.1.5.79611.5.1.7.1.27.6.19
1.1.5.79785.19.1.8
1.1.5.79826.35.1.8
1.1.5.79897.5.1.3.2.2.3
1.1.5.79952.35.2.17.29.49
1.1.5.80121.19.2.7.1.51
1.1.5.80182.5.1.1.2
1.1.5.80201.5.1
1.1.5.80271.18.2.7.12
1.1.5.80292.49.3.5.2.24.1.5
1.1.5.80292.58.2.4.6.3
1.1.5.80295.5.1
1.1.5.80309.5.1.1
1.1.5.80399.18.1.8
1.1.5.80503.6
1.1.5.80530.5.1.3.3.44.11.24
1.1.5.80601.5.1.3.5.27.10
1.1.5.80667.5.1.2
1.1.5.80675.3
1.1.5.80702.5.1.4.2.5
1.1.5.80769.8.2.9
1.1.5.80804.5.1
1.1.5.80827.8.3.4
1.1.5.80832.5.1
1.1.5.80866.5.1
1.1.5.80987.15.3.4.6.1
1.1.5.81008.22.5.8
1.1.5.81058.39.5.33
1.1.5.81080.17.1.4.1
1.1.5.81122.5.1.1.12.15
1.1.5.81206.5.1.3
1.1.5.81243.5.1.1.1.2.1
1.1.5.81326.14.5
1.1.5.81331.9.1.6.15
1.1.5.81352.21.3.12.13
1.1.5.81580.5.1.4.4.29.2.26
1.1.5.81591.10.1.13
1.1.5.81619.11.4.12.12
1.1.5.81628.15.3.6.4
1.1.5.81645.9.1.4.1
1.1.5.81745.5.1.1.1.4.2.9
1.1.5.81935.5.1.4.1.7
1.1.5.82121.19.1.12.7
1.1.5.82167.5.1.35
1.1.5.82258.5.1.3.2.2.1
1.1.5.82310.27.4.6.13.20.7.18
1.1.5.82468.5.1.1.3.3
1.1.5.82508.5.1.1.1.10
1.1.5.82529.24.2
1.1.5.82534.12.1.4
1.1.5.82631.27.2.5.3.18.2.3
1.1.5.82641.9.4.8
1.1.5.82654.5.1.22.23.9
1.1.5.82671.35.2.4.35
1.1.5.82704.16
1.1.5.82730.11.2.10.8
1.1.5.82763.5.1.2.1.21
1.1.5.82767.30.2.25.14.46
1.1.5.82770.16.3.8
1.1.5.82781.10.1.4.1
1.1.5.82789.5.1.1.11.13.1.19
1.1.5.82858.33.3.4.4
1.1.5.83014.5.1.3.3
1.1.5.83059.5.1
1.1.5.83123.41.1.4.3
1.1.5.83330.3
1.1.5.83337.5.1
1.1.5.83378.12.1.6.6
1.1.5.83383.5.1
1.1.5.83511.5.1.12.4.5.1.5
1.1.5.83517.5.1.17
1.1.5.83550.5.1.13.3
1.1.5.83584.27
1.1.5.83615.5.1
1.1.5.83684.8.2.4
1.1.5.83694.5.1.14.3
1.1.5.83744.5.1
1.1.5.83789.5.1.4.4.15.2.6
1.1.5.83855.12.2.4
1.1.5.83896.11.1.4.1
1.1.5.83902.3
1.1.5.83907.24.2.17.7.15.1
1.1.5.83978.5.1
1.1.5.84035.5.1.2.6.12.1.2
1.1.5.84102.5.1.9.1.4
1.1.5.84141.32.2.24.12
1.1.5.84178.21.1.10
1.1.5.84301.3
1.1.5.84370.5.1
1.1.5.84442.29.3.4.4.4
1.1.5.84543.16.1.17.4
1.1.5.84675.9.1.6
1.1.5.84714.5.1
1.1.5.84727.17.1.4
1.1.5.84738.5.1.6.3
1.1.5.84784.5.1
1.1.5.84794.19.2
1.1.5.84897.5.1.2.2
1.1.5.84942.9.1.16
1.1.5.84970.5.1.1
1.1.5.84974.5.1.7
1.1.5.85008.5.1.18.1.19.9.25
1.1.5.85155.11.1.4
1.1.5.85179.19.1.8
1.1.5.85277.16
1.1.5.85304.24.3.6.11
1.1.5.85323.5.1.41
1.1.5.85491.14.4.6.1.7.1.32
1.1.5.85546.5.1.1.2
1.1.5.85578.5.1.2.6.12.2
1.1.5.85589.5.1.11.9.13.1.1
1.1.5.85632.31.3.5.2.14.1.6
1.1.5.85632.40.2.4.6.3
1.1.5.85635.5.1
1.1.5.85649.5.1.1
1.1.5.85681.11
1.1.5.85734.18.1.8
1.1.5.85844.6
1.1.5.86033.14.2.5
1.1.5.86035.10.2.4
1.1.5.86131.8.2.9
1.1.5.86172.5.1
1.1.5.86195.8.3.4
1.1.5.86200.5.1
1.1.5.86319.5.1.7.4
1.1.5.86398.15.3.25.8.10.1
1.1.5.86413.9.1.7
1.1.5.86446.39.5.33
1.1.5.86477.17.1.4.1
1.1.5.86520.5.1.5.13.10
1.1.5.86611.5.1.3
1.1.5.86668.13
1.1.5.86726.14.5
1.1.5.86731.9.1.6.15
1.1.5.86752.21.3.12.13
1.1.5.86980.5.1.4.4.29.2.26
1.1.5.87020.5.1.11.30.29.3.7
1.1.5.87029.15.3.6.4
1.1.5.87045.9.1.4.1
1.1.5.87115.23.1.15
1.1.5.87154.35.2.21.6.10.2.5
1.1.5.87336.5.1.1.3.30.3.49
1.1.5.87403.14.3.8
1.1.5.87522.13.1.13.2.16.1.5
1.1.5.87567.5.1.35
1.1.5.87663.5.1.3.2.2.1
1.1.5.87698.5.1.2.1.4.3.3
1.1.5.87699.9.1.4
1.1.5.87705.24.1.4
1.1.5.87712.13.1.7.2
1.1.5.87857.5.1.2.1.5
1.1.5.88022.27.2.5.3.18.2.3
1.1.5.88032.9.4.8
1.1.5.88045.5.1.22.23.9
1.1.5.88062.36.2.8.36
1.1.5.88107.5.1.2.1.3
1.1.5.88152.5.1
1.1.5.88159.46.2.21
1.1.5.88166.28.2.11.3.10.2
1.1.5.88187.5.1.1
1.1.5.88269.33.3.4.4
1.1.5.88477.9.2.30.11
1.1.5.88516.5.1.15.1.3
1.1.5.88615.5.1.1.1.6.6
1.1.5.88689.9.2.14
1.1.5.88699.43.3.15.1.1.1.16.59
1.1.5.88724.5.1
1.1.5.88781.14.2.15.14.30
1.1.5.88809.10.2.4
1.1.5.88818.5.1.3.1
1.1.5.88893.5.1.12.4.5.1.5
1.1.5.88901.5.1.9.14.2
1.1.5.88967.27
1.1.5.88998.5.1
1.1.5.89083.5.1
1.1.5.89129.5.1
1.1.5.89175.5.1.4.4.15.2.6
1.1.5.89193.5.1.12.2
1.1.5.89224.18.1.4
1.1.5.89254.5.1
1.1.5.89268.26.3.8
1.1.5.89483.20.2.25
1.1.5.89499.5.1.3.2.4.2
1.1.5.89599.5.1.5.2
1.1.5.89640.5.1
1.1.5.89687.5.1.2.1
1.1.5.89689.9.1.4.4
1.1.5.89789.5.1
1.1.5.89863.29.3.4.4.4
1.1.5.89902.8.2.14.8
1.1.5.89921.8.5.4
1.1.5.89922.5.1.1.5.7.4
1.1.5.90081.9.1.6
1.1.5.90138.17.1.4
1.1.5.90148.13.2.6.14.5.1
1.1.5.90194.15.2.4
1.1.5.90339.9.1.16
1.1.5.90399.5.1.18.1.19.9.25
1.1.5.90545.16.1.7.6.10.5
1.1.5.90571.19.1.8
1.1.5.90604.48.1.22
1.1.5.90678.16
1.1.5.90705.24.3.6.11
1.1.5.90724.5.1.41
1.1.5.90903.19.2.7.1.66
1.1.5.90964.5.1.1.2
1.1.5.90980.15.2.22.2.9.2
1.1.5.90995.5.1.2.6.12.2
1.1.5.91006.5.1.11.9.13.1.1
1.1.5.91036.9.1.5
1.1.5.91049.31.3.5.2.14.1.6
1.1.5.91049.40.2.4.6.3
1.1.5.91058.21.2.26.19
1.1.5.91148.5.1.3.1.3
1.1.5.91280.5.1.3.3.44.11.10
1.1.5.91351.5.1.3.5.27.10
1.1.5.91417.5.1.2
1.1.5.91425.3
1.1.5.91432.17.1
1.1.5.91597.5.1
1.1.5.91626.8.3.4
1.1.5.91631.5.1
1.1.5.91819.3
1.1.5.91836.5.1.5
1.1.5.91868.9.1.7
1.1.5.91901.39.5.33
1.1.5.91932.17.1.4.1
1.1.5.91975.5.1.17.7.13
1.1.5.92058.10.1.4.2
1.1.5.92121.19.2.7.4.5.1
1.1.5.92167.14.1.7
1.1.5.92172.5.1
1.1.5.92175.29.3.5
1.1.5.92485.5.1.5
1.1.5.92513.9.1.4.1
1.1.5.92572.3
1.1.5.92776.14.2.6.1.19.2
1.1.5.92807.5.1.1.3.17.3.40
1.1.5.92956.5.1
1.1.5.92987.5.1.1
1.1.5.93037.11.2.12.10
1.1.5.93048.5.1.2.1
1.1.5.93119.5.1.3.2.2.1
1.1.5.93128.5.1
1.1.5.93162.5.1.4.1.7.1.1
1.1.5.93180.33.4.6.13.25.7.14
1.1.5.93296.6
1.1.5.93359.14.2.15.6.7.2.17
1.1.5.93396.5.1.1.1.10
1.1.5.93531.27.2.5.3.18.2.3
1.1.5.93541.9.4.8
1.1.5.93554.5.1.22.23.9
1.1.5.93571.36.2.8.36
1.1.5.93624.5.1.2.1.3
1.1.5.93669.5.1
1.1.5.93676.46.2.21
1.1.5.93683.28.2.11.3.10.2
1.1.5.93697.21.1.15.15
1.1.5.93702.5.1.7.1.33.2
1.1.5.93709.16.1.8.12.21
1.1.5.93766.33.3.4.4
1.1.5.93845.10.3.4
1.1.5.93891.5.1.10.7
1.1.5.93966.5.1
1.1.5.94034.5.1.2.1.30
1.1.5.94047.5.1.1.2.10.6.25
1.1.5.94059.5.1.11.13.44.3
1.1.5.94124.5.1.1.1.6.6
1.1.5.94205.31.2.8.2.30.3
1.1.5.94226.11.1.4
1.1.5.94278.12.1.6.6
1.1.5.94283.5.1
1.1.5.94311.10.2.4
1.1.5.94320.5.1.3.1
1.1.5.94395.13.2.26.31.13
1.1.5.94401.10.1.5.11
1.1.5.94471.5.1.9.2.2.2.3
1.1.5.94471.5.1.12.5.12.1.7
1.1.5.94500.5.1
1.1.5.94580.5.1
1.1.5.94626.5.1
1.1.5.94671.5.1.4.4.15.2.6
1.1.5.94688.5.1.12.2
1.1.5.94755.5.1
1.1.5.94972.20.2.33
1.1.5.94988.5.1.3.2.4.2
1.1.5.95090.14.2.7.4.13.2
1.1.5.95189.3
1.1.5.95258.5.1
1.1.5.95322.5.1.7.7.8.1.24.72
1.1.5.95383.19.2.8.5.8
1.1.5.95432.16.1.17.4
1.1.5.95567.9.1.6
1.1.5.95606.5.1
1.1.5.95619.17.1.4
1.1.5.95630.5.1.6.3
1.1.5.95679.14.2
1.1.5.95785.5.1.2.2
1.1.5.95830.9.1.16
1.1.5.95859.17.1.13.8
1.1.5.95890.5.1.1.14.20
1.1.6.85.19.1.8
1.1.6.189.5.1.3.2.2.3
1.1.6.244.35.2.17.32.49
1.1.6.415.14.4.6.1.7.1.32
1.1.6.488.5.1.2.6.12.2
1.1.6.535.12.1.17.8.10
1.1.6.536.17.2.18
1.1.6.537.5.1
1.1.6.545.67.4.32.16
1.1.6.638.5.1.3.1.3
1.1.6.772.5.1.3.3.47.17.27
1.1.6.843.5.1.3.5.27.10
1.1.6.912.3
1.1.6.938.14.2.11.5
1.1.6.1063.5.1
1.1.6.1274.5.1.5
1.1.6.1285.22.5.8
1.1.6.1341.39.5.33
1.1.6.1372.17.1.4.1
1.1.6.1416.5.1.17.7.13
1.1.6.1495.10.1.4.2
1.1.6.1535.5.1.1.1.2.1
1.1.6.1618.14.5
1.1.6.1623.9.1.6.15
1.1.6.1644.21.3.12.13
1.1.6.1924.5.1.11.23.12.3.7
1.1.6.1933.15.3.6.4
1.1.6.1949.9.1.4.1
1.1.6.2056.35.2.21.6.10.2.5
1.1.6.2159.5.1.5.19.12
1.1.6.2214.14.2.6.1.19.2
1.1.6.2245.5.1.1.3.17.3.40
1.1.6.2316.14.3.8
1.1.6.2402.5.1
1.1.6.2433.5.1.1
1.1.6.2483.11.2.12.10
1.1.6.2494.5.1.2.1
1.1.6.2565.5.1.3.2.2.1
1.1.6.2605.5.1.4.1.7.1.1
1.1.6.2623.17.1.19.9
1.1.6.2718.12.1.32
1.1.6.2736.5.1.3.2.5.2
1.1.6.2790.10.1.4.1
1.1.6.2824.5.1.1.1.10
1.1.6.2845.24.2
1.1.6.2940.27.2.5.3.18.2.3
1.1.6.2950.9.4.8
1.1.6.2963.5.1.22.23.9
1.1.6.2980.36.2.8.36
1.1.6.3033.5.1.2.1.3
1.1.6.3088.5.1.2
1.1.6.3103.5.1.1
1.1.6.3185.33.3.4.4
1.1.6.3309.5.1.10.7
1.1.6.3380.5.1
1.1.6.3417.10.2.4.3
1.1.6.3443.14.2.10
1.1.6.3452.29.1.4
1.1.6.3472.5.1.11.13.17.3
1.1.6.3509.18.1.4
1.1.6.3538.5.1.1.1.6.6
1.1.6.3612.9.2.14
1.1.6.3622.43.3.15.1.1.1.16.13
1.1.6.3641.3
1.1.6.3648.5.1
1.1.6.3691.14.2.15.14.30
1.1.6.3744.22.2
1.1.6.3829.5.1.8
1.1.6.3841.5.1.13.13.20.1
1.1.6.3892.5.1.8.2.16.4.44
1.1.6.3892.5.1.11.5.26.1.48
1.1.6.3921.5.1
1.1.6.3990.8.2.4
1.1.6.4000.5.1.14.3
1.1.6.4051.5.1
1.1.6.4096.5.1.4.4.15.2.6
1.1.6.4113.5.1.12.2
1.1.6.4144.18.1.4
1.1.6.4174.5.1
1.1.6.4200.15.1.4
1.1.6.4405.20.2.33
1.1.6.4638.5.1.2.1
1.1.6.4640.9.1.4.4
1.1.6.4740.5.1
1.1.6.4773.3
1.1.6.4807.29.3.4.4.4
1.1.6.4864.5.1.5.4
1.1.6.4935.5.1.1.1.7.1.15
1.1.6.5032.9.1.6
1.1.6.5159.5.1
1.1.6.5180.19.2.6.6.4
1.1.6.5312.9.1.16
1.1.6.5341.15.2.9.3.3.9.2
1.1.6.5378.5.1.18.1.19.9.25
1.1.6.5553.16.1.7.6.10.5
1.1.6.5579.19.1.8
1.1.6.5692.16
1.1.6.5719.24.3.6.11
1.1.6.5739.34.2.4.2
1.1.6.5905.14.4.6.1.7.1.32
1.1.6.5947.27.3.6.3
1.1.6.5986.5.1.2.6.3.2
1.2.61.2.1.55.5
1.2.62.4.2.58
1.2.63.6.3.61.7.15.8
1.2.81.2.1.3.2.6.2.20
1.2.245.4.2.8.2.1.3.13
1.2.453.4.2.3.1.1.4.19
1.2.595.5
1.2.638.2.1.1.1.42.1
1.2.665.4.2.3.11.22.1.8
1.2.721.4.2.5
1.2.952.2.1.20.3
1.2.1218.2.1.3.1.17
1.2.1231.10.5
1.2.1240.2.1.2.1.1
1.2.1256.1
1.2.1260.2.1.10.4.12.5
1.2.1344.4.2.8
1.2.1391.4.2.10
1.2.1452.2.1.1.11.10
1.2.1497.2.1.16.2.7.2
1.2.1575.6.3.21.1.22.2
1.2.1609.1
1.2.1801.2.1.5
1.2.1826.10.5.15.5.13
1.2.1933.6.3.8.5
1.2.2054.2.1
1.2.2111.2.1
1.2.2207.2.1
1.2.2433.2.1.2.7.11.2.20
1.2.2467.2.1.1.1.2.1.7
1.2.2637.2.1.5.1.3.1.1
1.2.2640.8.4.18.4
1.2.2686.6.3.17.1
1.2.2766.6.3.4.1
1.2.2876.2.1
1.2.3003.6.3.4.1.6
1.2.3273.4.2.16.1.2.1
1.2.3336.6.3.8.2.21.3.6
1.2.3350.4.2
1.2.3365.2.1
1.2.3886.4.2.30.1.3.1
1.2.3940.12.6.17.2.32.7.11
1.2.3975.5
1.2.4027.2.1.9
1.2.4101.12.6.14
1.2.4120.4.2.5
1.2.4135.6.3.17.4.15
1.2.4195.2.1.2.11.14
1.2.4249.4.2.4.3.5
1.2.4361.14.7.17
1.2.4376.2.1
1.2.4430.6.3.10.2
1.2.4597.2.1.2.2.17
1.2.4637.10.5.17.3.5.1.24
1.2.4673.20.10.26.4
1.2.4874.2.1.8.4
1.2.4886.6.3.15.1.1.1.17.1
1.2.4919.2.1
1.2.5012.2.1
1.2.5060.2.1.3.2.4.1
1.2.5135.2.1.3.1
1.2.5200.8.4.8.1
1.2.5201.2.1.3.3
1.2.5219.4.2.5
1.2.5281.2.1.2.1
1.2.5342.2.1.2
1.2.5343.4.2.9.1.2
1.2.5438.2.1.2.2
1.2.5478.2.1.14.2.10.1
1.2.5514.4.2.7.2
1.2.5674.2.1.26.2
1.2.5675.4.2.29.2.13.1.1
1.2.5766.4.2
1.2.5775.2.1.4.4
1.2.5995.2.1
1.5.55.7.2.1.6.4
1.5.161.12.2.1.14.2
1.5.329.12.2.1.37
1.5.463.9.2.1.14
1.5.519.7.2.1.1.1.8.2
1.5.519.7.2.1.1.1.11
1.5.535.7.2.1.11.2.16
1.5.572.7.2.1.2.1.2.1
1.5.763.19.2.1.55.2
1.5.805.7.2.1.6.3.11.2.3
1.5.923.7.2.1.6.8
1.5.1006.7.2.1
1.5.1028.7.2.1.4
1.5.1129.8.2.1
1.5.1186.14.2.1.7.3.11
1.5.1195.6.2.1
1.5.1450.10.2.1.9.3.3
1.5.1466.7.2.1.9.11.29
1.5.1507.11.2.1.3.2.8.4
1.5.1547.11.2.1.4
1.5.1576.11.2.1.4
1.5.1788.10.2.1.1.4.4.4
1.5.1816.7.2.1
1.5.1894.9.2.1
1.5.1924.15.2.1.18.6.9
1.5.2297.9.2.1.23.6.11.1.14
1.5.2427.7.2.1.11.9.39.8.9
1.5.2602.8.2.1.7
1.5.2708.8.2.1.29.4.15
1.5.2815.6.2.1.3.3.3.1.5
1.5.2877.10.2.1.3.1.16.7
1.5.3011.8.2.1.6
1.5.3030.18.2.1.12.3.7.4.5
1.5.3191.14.2.1.2
1.5.3226.7.2.1.6.2
1.5.3389.9.2.1.8.1.2.2.18
1.5.3395.8.2.1.5.2.8
1.5.3440.12.2.1.8
1.5.3623.11.2.1.14.2.27
1.5.3648.8.2.1
1.5.3795.26.2.1.2.1
1.5.3803.7.2.1.5.3.21
1.5.3814.21.2.1.6.4.7
1.5.3817.7.2.1.9
1.5.3827.13.2.1
1.5.3848.9.2.1.2
1.5.3935.16.2.1.7.5.11
1.5.4024.9.2.1.6.3
1.5.4167.20.2.1.17.1.2
1.5.4184.7.2.1
1.5.4201.13.2.1
1.5.4252.7.2.1.13.1.4
1.5.4255.11.2.1.3.1.1.2
1.5.4303.24.2.1.5.1.2.2.3
1.5.4499.12.2.1.1.1
1.5.4544.7.2.1.22.3.27.4
1.5.4673.10.2.1.4
1.5.4771.8.2.1
1.5.4866.16.2.1.11.5.10
1.5.4908.11.2.1.13.1
1.5.4954.7.2.1.10.3.19
1.5.4955.14.2.1.13.2.5
1.5.4986.8.2.1.11.4.18.3
1.5.5112.15.2.1.2.1
1.5.5195.11.2.1.2.2.4.2.9
1.5.5223.6.2.1
1.5.5355.11.2.1
1.5.5565.15.2.1.3.3
1.5.5582.8.2.1.9
1.5.5658.9.2.1.4.3.4.4.19
1.5.5933.7.2.1
1.5.5985.10.2.1.2.4
1.5.6026.7.2.1.15.5.6
1.5.6031.7.2.1
1.5.6129.7.2.1.3.4.13.6
1.5.6257.8.2.1.10
1.5.6302.7.2.1.1.1.2.1
1.5.6349.6.2.1.3
1.5.6846.11.2.1.9.4.13
1.5.6850.16.2.1.3.1
1.5.6887.26.2.1.3.1.1.1
1.5.7125.13.2.1.19.4
1.5.7253.11.2.1.14.4.4.6.39
1.5.7253.11.2.1.15.5
1.5.7472.12.2.1.37
1.5.7485.10.2.1.4.2
1.5.7589.9.2.1.48
1.5.7634.22.2.1.3.1
1.5.7634.22.2.1.6
1.5.7635.12.2.1.9.3.6.5
1.5.7656.7.2.1.18.2.11
1.5.7694.13.2.1.12.1.2.1
1.5.8069.7.2.1.6.8
1.5.8157.7.2.1
1.5.8249.11.2.1.1.3.1.1
1.5.8341.14.2.1.7.3.11
1.5.8350.6.2.1
1.5.8604.6.2.1.8.5.3.1.7
1.5.8611.8.2.1.7.1
1.5.8643.16.2.1.16.3
1.5.8684.11.2.1.4
1.5.8890.5.2.1.1.1.10.1.5
1.5.8934.10.2.1.1.4.4.4
1.5.8962.7.2.1
1.5.9042.9.2.1
1.5.9072.15.2.1.18.6.9
1.5.9447.7.2.1.1.1.22
1.5.9575.7.2.1.11.9.36.8.9
1.5.9700.16.2.1.1.1
1.5.9729.8.2.1.7
1.5.9829.9.2.1.4.1.6
1.5.9868.22.2.1.14.5.33.1
1.5.9939.6.2.1.3.3.3.1.5
1.5.10001.10.2.1.3.1.16.7
1.5.10049.11.2.1.1.1.17.1.13
1.5.10129.8.2.1.9.1.3.7.12
1.5.10132.7.2.1
1.5.10152.18.2.1.12.3.7.4.5
1.5.10288.8.2.1.1
1.5.10314.8.2.1.7.2.40.12.31
1.5.10350.7.2.1.33.2
1.5.10505.9.2.1.8.1.2.2.18
1.5.10511.8.2.1.5.2.8
1.5.10556.12.2.1.8
1.5.10646.14.2.1
1.5.10726.11.2.1.14.2.28
1.5.10751.8.2.1
1.5.10773.12.2.1.2.2.6
1.5.10852.12.2.1.3
1.5.10897.23.2.1.4.2.7.2.27.33
1.5.10904.25.2.1.14
1.5.10918.8.2.1.12.4.12
1.5.10964.14.2.1.6.1.26
1.5.11008.16.2.1.7.5.11
1.5.11105.8.2.1.7.5
1.5.11108.10.2.1.2.1
1.5.11249.17.2.1
1.5.11300.7.2.1.13.1.4
1.5.11303.11.2.1.3.1.1.2
1.5.11351.24.2.1.5.1.2.2.3
1.5.11526.12.2.1.1.1
1.5.11572.20.2.1
1.5.11664.23.2.1.10.3.11.1
1.5.11664.23.2.1.11.1
1.5.11688.10.2.1.4
1.5.11880.16.2.1.11.5.10
1.5.11965.7.2.1
1.5.11969.9.2.1.2
1.5.11994.8.2.1.11.3.9.3
1.5.12100.8.2.1.20.7
1.5.12199.11.2.1.2.2.4.2.9
1.5.12227.6.2.1
1.5.12369.11.2.1
1.5.12577.15.2.1.3.3
1.5.12594.8.2.1.9
1.5.12670.9.2.1.4.3.4.4.19
1.5.12732.8.2.1.5.4.9.9
1.5.12820.11.2.1.2.1
1.5.13001.10.2.1.2.4
1.5.13042.7.2.1.15.5.6
1.5.13047.7.2.1
1.5.13155.9.2.1.3.2
1.5.13289.8.2.1.10
1.5.13334.7.2.1.1.1.2.1
1.5.13335.7.2.1.7.2.4.4.9
1.5.13391.6.2.1.3
1.5.13550.7.2.1
1.5.13636.12.2.1
1.5.13871.9.2.1.9.4.3.6.6
1.5.14045.5.2.1.9.5
1.5.14138.7.2.1.16.1
1.5.14165.13.2.1.20.4
1.5.14229.6.2.1.12.1
1.5.14300.14.2.1.13.4.15
1.5.14362.12.2.1.14.2
1.5.14530.12.2.1.37
1.5.14643.9.2.1.48
1.5.14698.8.2.1.11.2.4.1.3.15
1.5.14699.8.2.1.8.4
1.5.14714.7.2.1.11.2.16
1.5.14752.7.2.1.2.1.2.1
1.5.14942.19.2.1.55.2
1.5.14978.15.2.1
1.5.15006.6.2.1.5.2.41
1.5.15196.7.2.1
1.5.15218.7.2.1.4
1.5.15239.11.2.1.3.3.8
1.5.15383.14.2.1.7.3.11
1.5.15667.7.2.1.9.11.29
1.5.15708.11.2.1.3.2.9.2
1.5.15750.11.2.1.4
1.5.15776.13.2.1.1.1.1.1.1
1.5.15846.5.2.1.14
1.5.16045.7.2.1
1.5.16113.9.2.1
1.5.16129.8.2.1.11.1.3.3.38
1.5.16528.8.2.1.1.3.16
1.5.16667.7.2.1.11.9.16.4.5
1.5.16825.8.2.1.7
1.5.16930.8.2.1.29.4.15
1.5.16971.22.2.1.3.4.55.1
1.5.17043.6.2.1.3.3.3.1.5
1.5.17107.10.2.1.3.1.16.3
1.5.17155.11.2.1.1.1.17.1.14
1.5.17235.8.2.1.9.1.3.7.12
1.5.17238.7.2.1
1.5.17391.8.2.1.1
1.5.17569.5.2.1.3.2.5.2
1.5.17642.9.2.1.8.1.2.2.18
1.5.17648.8.2.1.5.2.8
1.5.17693.12.2.1.8
1.5.17789.14.2.1
1.5.17855.11.2.1.14.2.27
1.5.17883.10.2.1.28.6
1.5.17893.9.2.1
1.5.17942.5.2.1.10.3
1.5.18031.26.2.1.2.1
1.5.18038.12.2.1.4.1.17
1.5.18047.10.2.1.7.1.1.4.19.4
1.5.18049.13.2.1.12
1.5.18063.33.2.1.11
1.5.18077.9.2.1.2
1.5.18163.16.2.1.7.5.11
1.5.18252.9.2.1.6.3
1.5.18425.13.2.1
1.5.18476.7.2.1.13.1.4
1.5.18479.11.2.1.3.1.1.2
1.5.18520.18.2.1
1.5.18524.9.2.1.10.2.3
1.5.18726.12.2.1.1.1
1.5.18771.7.2.1.22.3.27.4
1.5.18865.13.2.1.9.2
1.5.18884.8.2.1.7
1.5.18943.14.2.1.6.4.9.1
1.5.18963.8.2.1
1.5.19063.16.2.1.11.5.10
1.5.19152.7.2.1
1.5.19156.9.2.1.2
1.5.19180.8.2.1.11.3.9.3
1.5.19377.11.2.1.2.2.4.2.9
1.5.19405.6.2.1
1.5.19503.11.2.1.1.1
1.5.19540.11.2.1
1.5.19742.15.2.1.3.3
1.5.19759.8.2.1.9
1.5.19835.9.2.1.4.3.4.4.19
1.5.19994.11.2.1.2.1
1.5.20167.10.2.1.2.4
1.5.20208.7.2.1.15.5.6
1.5.20213.7.2.1
1.5.20444.8.2.1.10
1.5.20489.7.2.1.1.1.2.1
1.5.20536.6.2.1.3
1.5.20695.7.2.1
1.5.21013.11.2.1.9.4.13
1.5.21017.16.2.1.3.1
1.5.21138.6.2.1.5.4.12.4
1.5.21292.7.2.1.16.1
1.5.21329.13.2.1.19.4
1.5.21454.11.2.1.14.7.11.1.2
1.5.21454.11.2.1.15.8
1.5.21673.12.2.1.37
1.5.21807.9.2.1.14
1.5.21863.7.2.1.1.1.8.2
1.5.21863.7.2.1.1.1.11
1.5.21879.7.2.1.11.2.16
1.5.21916.13.2.1.12.1.2.1
1.5.22135.7.2.1.6.3.11.2.3
1.5.22155.6.2.1.5.2.45
1.5.22344.12.2.1
1.5.22355.7.2.1
1.5.22437.11.2.1.1.4.17.6
1.5.22532.14.2.1.7.3.11
1.5.22541.6.2.1
1.5.22614.11.2.1.3.2.3.2
1.5.22780.24.2.1.22.2
1.5.22790.7.2.1.9.11.30
1.5.22805.6.2.1.3.3
1.5.22832.14.2.1.4.2.18.8.7
1.5.22885.11.2.1.4
1.5.22911.13.2.1.1.1.1.1.1
1.5.22968.7.2.1
1.5.23132.10.2.1.1.4.4.4
1.5.23160.7.2.1
1.5.23234.9.2.1
1.5.23264.15.2.1.18.6.9
1.5.23322.8.2.1.10.3
1.5.23648.20.2.1.4.3.9
1.5.23673.10.2.1.20.1.1.7.27
1.5.23759.7.2.1.11.9.16.4.5
1.5.23877.16.2.1.1.1
1.5.23920.12.2.1.4.3.6.1
1.5.24008.9.2.1.4.1.6
1.5.24087.12.2.1.24.7.21.1
1.5.24123.6.2.1.3.3.3.1.5
1.5.24187.10.2.1.3.1.16.3
1.5.24239.11.2.1.1.1.17.1.13
1.5.24319.8.2.1.9.1.3.7.12
1.5.24322.7.2.1
1.5.24646.5.2.1.3.2.5.2
1.5.24754.9.2.1.12.1.10
1.5.24918.11.2.1.14.2.28
1.5.24946.10.2.1.28.6
1.5.24956.9.2.1
1.5.25050.12.2.1.3
1.5.25089.26.2.1.8.1
1.5.25096.12.2.1.4.1.20
1.5.25105.10.2.1.7.1.1.5.8.1
1.5.25120.13.2.1
1.5.25219.16.2.1.7.5.11
1.5.25316.8.2.1.7.5
1.5.25319.10.2.1.2.1
1.5.25442.20.2.1.17.1.2
1.5.25459.7.2.1
1.5.25502.14.2.1.1
1.5.25518.7.2.1.13.1.4
1.5.25521.11.2.1.3.1.1.2
1.5.25569.24.2.1.5.1.2.2.3
1.5.25769.12.2.1.1.1
1.5.25814.7.2.1.22.3.27.4
1.5.25939.10.2.1.31
1.5.26121.6.2.1.7.5.26
1.5.26133.8.2.1.2.1.8
1.5.26140.14.2.1.7.2.4.4.11
1.5.26171.9.2.1
1.5.26216.7.2.1
1.5.26220.9.2.1.2
1.5.26245.8.2.1.11.3.9.3
1.5.26469.7.2.1.7.2
1.5.26558.11.2.1.1.1
1.5.26602.11.2.1
1.5.26620.8.2.1.3.6.14.2
1.5.26797.15.2.1.3.3
1.5.26811.7.2.1.17.1.11
1.5.26882.9.2.1.4.3.4.4.19
1.5.27024.11.2.1.2.1
1.5.27042.13.2.1
1.5.27195.10.2.1.2.4
1.5.27236.7.2.1.15.5.6
1.5.27241.7.2.1
1.5.27358.9.2.1.3.2
1.5.27492.8.2.1.10
1.5.27537.7.2.1.1.1.2.1
1.5.27538.7.2.1.7.2.4.4.9
1.5.27594.6.2.1.3
1.5.28038.8.2.1.1.1.4
1.5.28075.11.2.1.9.4.13
1.5.28079.16.2.1.3.1
1.5.28231.8.2.1.8.4
1.5.28263.5.2.1.10.9
1.5.28373.13.2.1.19.4
1.5.28498.11.2.1.14.7.11.1.2
1.5.28498.11.2.1.15.8
1.5.28713.12.2.1.37
1.5.28826.9.2.1.48
1.5.28883.14.2.1.5.2
1.5.28884.11.2.1.1
1.5.28886.7.2.1.1
1.5.28907.11.2.1.2.2.14.3.21
1.5.28942.7.2.1.2.1.2.1
1.5.29132.19.2.1.55.2
1.5.29174.7.2.1.6.3.11.2.3
1.5.29194.6.2.1.5.2.45
1.5.29293.7.2.1.6.8
1.5.29388.7.2.1
1.5.29419.6.2.1.11.2.9.2.5
1.5.29502.8.2.1
1.5.29558.6.2.1
1.5.29565.14.2.1.20.3.13
1.5.29645.11.2.1.3.2.3.2
1.5.29835.15.2.1.27.1
1.5.29886.11.2.1.3.2.9.2
1.5.29928.11.2.1.4
1.5.29954.13.2.1.1.1.1.1.1
1.5.30018.7.2.1
1.5.30236.7.2.1
1.5.30304.9.2.1
1.5.30320.8.2.1.11.1.3.3.38
1.5.30735.12.2.1.10
1.5.30751.12.2.1
1.5.30776.10.2.1.20.1.1.1.8
1.5.30862.7.2.1.11.9.36.8.9
1.5.31039.8.2.1.7
1.5.31060.18.2.1.11.5
1.5.31064.7.2.1.4.8
1.5.31128.8.2.1.21.4.15
1.5.31239.6.2.1.3.3.3.1.5
1.5.31347.11.2.1.1.1.17.1.13
1.5.31427.8.2.1.9.1.3.7.12
1.5.31430.7.2.1
1.5.31760.5.2.1.3.2.5.2
1.5.32055.11.2.1.14.2.28
1.5.32080.8.2.1
1.5.32102.12.2.1.2.2.6
1.5.32181.12.2.1.3
1.5.32231.6.2.1.12.1.17
1.5.32254.8.2.1.12.4.76
1.5.32353.16.2.1.7.5.11
1.5.32450.8.2.1.7.5
1.5.32453.10.2.1.2.1
1.5.32578.20.2.1.17.1.2
1.5.32595.7.2.1
1.5.32637.14.2.1.1
1.5.32653.7.2.1.13.1.4
1.5.32656.11.2.1.3.1.1.2
1.5.32701.9.2.1.10.2.3
1.5.32827.17.2.1.3.4
1.5.32898.12.2.1.1.1
1.5.32943.7.2.1.22.3.27.4
1.5.33060.10.2.1.4
1.5.33158.8.2.1
1.5.33247.6.2.1.9
1.5.33261.16.2.1.4.3.5
1.5.33348.7.2.1
1.5.33352.9.2.1.2
1.5.33377.8.2.1.11.3.9.3
1.5.33584.11.2.1.2.2.4.2.9
1.5.33612.6.2.1
1.5.33740.11.2.1
1.5.33942.15.2.1.3.3
1.5.33956.7.2.1.17.1.11
1.5.34032.9.2.1.4.3.4.4.19
1.5.34056.12.2.1
1.5.34308.7.2.1
1.5.34367.10.2.1.2.3
1.5.34407.9.2.1.8.3.14
1.5.34507.9.2.1.3.2
1.5.34637.8.2.1.10
1.5.34682.7.2.1.1.1.2.1
1.5.34683.7.2.1.7.2.4.4.9
1.5.34939.7.2.1
1.5.34960.24.2.1.1
1.5.35281.11.2.1.9.4.13
1.5.35285.16.2.1.3.1
1.5.35322.26.2.1.3.1.1.1
1.5.35452.5.2.1.34.13
1.5.35548.7.2.1.16.1
1.5.35574.14.2.1.4
1.5.35575.10.2.1.8
1.5.35641.6.2.1.12.1
1.5.35712.14.2.1.13.4.15
1.5.35774.12.2.1.14.2
1.5.35936.8.2.1.12.1.6.1.58
1.5.36048.9.2.1.48
1.5.36093.22.2.1.3.1
1.5.36093.22.2.1.6
1.5.36094.12.2.1.9.3.6.5
1.5.36113.11.2.1.2.2.5.1.3
1.5.36148.13.2.1.12.1.2.1
1.5.36372.7.2.1.6.3.11.2.3
1.5.36490.7.2.1.6.8
1.5.36572.12.2.1
1.5.36583.7.2.1
1.5.36615.13.2.1.10
1.5.36753.14.2.1.7.3.11
1.5.36762.6.2.1
1.5.37019.10.2.1.9.3.3
1.5.37035.7.2.1.9.11.29
1.5.37076.11.2.1.3.2.9.2
1.5.37118.11.2.1.4
1.5.37144.13.2.1.1.1.1.1.1
1.5.37204.9.2.1.4.2.5
1.5.37222.17.2.1.8.3
1.5.37232.7.2.1.2.4
1.5.37355.10.2.1.1.4.4.4
1.5.37383.7.2.1
1.5.37451.9.2.1
1.5.37481.15.2.1.18.6.9
1.5.37815.8.2.1.6.3.6.5
1.5.37869.8.2.1.45.7.11
1.5.38003.7.2.1.11.9.36.8.9
1.5.38167.12.2.1.4.3.6.1
1.5.38257.9.2.1.4.1.6
1.5.38303.14.2.1.17.1
1.5.38319.8.2.1.7
1.5.38373.6.2.1.3.3.3.1.5
1.5.38421.10.2.1.3.1.14.3
1.5.38469.11.2.1.1.1.17.1.13
1.5.38549.8.2.1.9.1.3.7.12
1.5.38552.7.2.1
1.5.38729.8.2.1.7.2.40.15.2
1.5.38875.5.2.1.3.2.5.2
1.5.38946.16.2.1.9.3.4.1.2
1.5.39074.14.2.1
1.5.39178.8.2.1
1.5.39277.12.2.1.3
1.5.39333.7.2.1.4
1.5.39337.25.2.1.14
1.5.39351.8.2.1.12.4.12
1.5.39450.16.2.1.7.5.11
1.5.39547.8.2.1.7.5
1.5.39550.10.2.1.2.1
1.5.39602.8.2.1.2.2.4.3
1.5.39688.17.2.1
1.5.39739.7.2.1.13.1.4
1.5.39742.11.2.1.3.1.1.2
1.5.39783.18.2.1
1.5.39787.9.2.1.10.2.3
1.5.39867.8.2.1
1.5.40010.20.2.1
1.5.40104.13.2.1.9.2
1.5.40123.8.2.1.7
1.5.40305.16.2.1.1.5.11.8.25
1.5.40343.11.2.1.4.1
1.5.40390.7.2.1.10.3.19
1.5.40391.14.2.1.13.2.5
1.5.40427.9.2.1.15.5
1.5.40629.11.2.1.2.2.4.2.9
1.5.40657.6.2.1
1.5.40785.11.2.1
1.5.40988.15.2.1.3.3
1.5.41005.8.2.1.9
1.5.41081.9.2.1.4.3.4.4.19
1.5.41229.11.2.1.2.1
1.5.41247.13.2.1
1.5.41404.10.2.1.2.4
1.5.41444.9.2.1.8.3.14
1.5.41546.9.2.1.13.8
1.5.41680.8.2.1.10
1.5.41725.7.2.1.1.1.2.1
1.5.41726.7.2.1.7.2.4.4.9
1.5.41982.7.2.1
1.5.42297.9.2.1.9.4.3.6.6
1.5.42354.8.2.1.2.1.2.2
1.5.42431.10.2.1.2.1.9.6
1.5.42615.13.2.1.19.4
1.5.42679.6.2.1.12.1
1.5.42823.12.2.1.14.2
1.5.42968.7.2.1.30.1.1
1.5.43006.5.2.1.4.4.16
1.5.43116.9.2.1.14
1.5.43171.8.2.1.11.2.4.1.3.11
1.5.43172.8.2.1.8.4
1.5.43188.11.2.1.2.2.14.3.12
1.5.43223.7.2.1.2.1.2.1
1.5.43412.8.2.1.1.1
1.5.43573.7.2.1.6.8
1.5.43584.7.2.1
1.5.43673.7.2.1
1.5.43755.11.2.1.1.4.17.6
1.5.43844.6.2.1
1.5.43851.14.2.1.20.3.13
1.5.43860.6.2.1
1.5.43934.11.2.1.3.2.3.2
1.5.44030.10.2.1.29.3.38.1
1.5.44111.24.2.1.21.2
1.5.44121.10.2.1.12
1.5.44157.14.2.1.4.2.18.8.7
1.5.44210.11.2.1.4
1.5.44302.13.2.1.4.4.13
1.5.44476.10.2.1.1.4.4.4
1.5.44504.7.2.1
1.5.44579.9.2.1
1.5.44609.15.2.1.18.6.9
1.5.44988.20.2.1.4.3.9
1.5.45010.6.2.1.2.2.21.6.10
1.5.45103.7.2.1.11.9.36.8.9
1.5.45228.16.2.1.1.1
1.5.45267.12.2.1.4.3.6.1
1.5.45356.8.2.1.8.3.9
1.5.45397.22.2.1.3.4.55.1
1.5.45469.6.2.1.3.3.3.1.5
1.5.45533.10.2.1.3.1.16.3
1.5.45675.8.2.1.6
1.5.45993.5.2.1.3.2.5.2
1.5.46058.16.2.1.9.3.4.1.2
1.5.46277.11.2.1.14.2.28
1.5.46305.10.2.1.28.6
1.5.46315.9.2.1
1.5.46409.12.2.1.3
1.5.46456.26.2.1.2.1
1.5.46464.7.2.1.5.3.21
1.5.46475.21.2.1.6.4.7
1.5.46478.7.2.1.9
1.5.46488.13.2.1
1.5.46587.16.2.1.7.5.11
1.5.46622.8.2.1
1.5.46689.8.2.1.7.5
1.5.46692.10.2.1.2.1
1.5.46925.7.2.1.13.1.4
1.5.46928.11.2.1.3.1.1.2
1.5.46969.18.2.1
1.5.46973.9.2.1.10.2.3
1.5.47149.12.2.1.1.1
1.5.47194.7.2.1.22.3.27.4
1.5.47316.10.2.1.31
1.5.47380.14.2.1.22.7.10.1
1.5.47400.8.2.1
1.5.47498.11.2.1.13.5.21
1.5.47537.8.2.1.22.1
1.5.47582.7.2.1
1.5.47586.9.2.1.2
1.5.47610.8.2.1.11.3.9.3
1.5.47734.15.2.1.2.1
1.5.47817.11.2.1.2.2.4.2.9
1.5.47845.6.2.1
1.5.47985.11.2.1
1.5.48188.15.2.1.3.3
1.5.48205.8.2.1.9
1.5.48281.9.2.1.4.3.4.4.19
1.5.48379.8.2.1
1.5.48412.11.2.1.2.1
1.5.48593.10.2.1.2.4
1.5.48626.7.2.1.15.5.6
1.5.48631.7.2.1
1.5.48742.9.2.1.3.2
1.5.48874.8.2.1.10
1.5.48919.7.2.1.1.1.2.1
1.5.48920.7.2.1.7.2.4.4.9
1.5.48976.6.2.1.3
1.5.49461.11.2.1.9.4.13
1.5.49465.16.2.1.3.1
1.5.49594.6.2.1.5.4.12.4
1.5.49745.7.2.1.16.1
1.5.49782.13.2.1.19.4
1.5.49910.11.2.1.14.4.4.6.39
1.5.49910.11.2.1.15.5
1.5.50129.12.2.1.37
1.5.50322.14.2.1.5.2
1.5.50323.11.2.1.1
1.5.50325.7.2.1.1
1.5.50346.11.2.1.2.2.14.3.21
1.5.50383.7.2.1.2.1.2.1
1.5.50574.19.2.1.55.2
1.5.50616.7.2.1.6.3.11.2.3
1.5.50734.7.2.1.6.8
1.5.50822.7.2.1
1.5.50854.13.2.1.10
1.5.50992.14.2.1.7.3.11
1.5.51001.6.2.1
1.5.51072.11.2.1.3.2.3.2
1.5.51241.24.2.1.22.2
1.5.51251.7.2.1.9.11.29
1.5.51266.6.2.1.3.3
1.5.51295.16.2.1.4.4
1.5.51342.11.2.1.4
1.5.51442.7.2.1
1.5.51539.11.2.1
1.5.51559.5.2.1.1.1.10.1.5
1.5.51639.7.2.1
1.5.51719.9.2.1
1.5.51735.8.2.1.11.1.3.3.38
1.5.52132.12.2.1.10
1.5.52148.12.2.1
1.5.52173.10.2.1.20.1.1.1.8
1.5.52262.7.2.1.11.9.25.5.29
1.5.52429.7.2.1.4
1.5.52531.8.2.1.29.4.15
1.5.52571.22.2.1.14.5.55.1
1.5.52647.6.2.1.3.3.3.1.5
1.5.52711.10.2.1.3.1.16.3
1.5.52759.11.2.1.1.1.17.1.13
1.5.52839.8.2.1.9.1.3.7.12
1.5.52842.7.2.1
1.5.52862.18.2.1.12.3.7.4.5
1.5.53005.12.2.1.2.1.3.1.2
1.5.53067.7.2.1.33.2
1.5.53159.5.2.1.3.2.5.2
1.5.53269.12.2.1.8
1.5.53365.14.2.1
1.5.53464.8.2.1
1.5.53563.12.2.1.3
1.5.53619.25.2.1.14
1.5.53634.13.2.1
1.5.53655.9.2.1.2
1.5.53741.16.2.1.7.5.11
1.5.53830.9.2.1.6.3
1.5.54011.17.2.1
1.5.54052.7.2.1.8.1.4
1.5.54055.11.2.1.3.1.1.21
1.5.54096.18.2.1
1.5.54100.9.2.1.10.2.3
1.5.54218.17.2.1.3.4
1.5.54333.20.2.1
1.5.54461.8.2.1.7
1.5.54520.14.2.1.23.7.10.1
1.5.54540.8.2.1
1.5.54649.8.2.1.2.1.9
1.5.54656.14.2.1.7.2.4.4.11
1.5.54666.7.2.1.28.1
1.5.54733.7.2.1.10.3.19
1.5.54734.14.2.1.13.2.5
1.5.54770.9.2.1.15.5
1.5.54969.11.2.1.2.2.4.2.9
1.5.54997.6.2.1
1.5.55130.11.2.1
1.5.55328.12.2.1.9.5
1.5.55343.11.2.1.3
1.5.55416.9.2.1.4.3.4.4.19
1.5.55475.8.2.1.5.4.9.9
1.5.55563.11.2.1.2.1
1.5.55581.13.2.1
1.5.55734.10.2.1.2.4
1.5.55775.7.2.1.15.5.6
1.5.55780.7.2.1
1.5.55891.9.2.1.3.2
1.5.56020.8.2.1.10
1.5.56065.7.2.1.1.1.2.1
1.5.56066.7.2.1.7.2.4.4.9
1.5.56122.6.2.1.3
1.5.56556.8.2.1.1.1.4
1.5.56593.11.2.1.9.4.13
1.5.56597.16.2.1.3.1
1.5.56652.8.2.1.2.1.2.2
1.5.56746.8.2.1.8.4
1.5.56872.8.2.1.7.3
1.5.56909.13.2.1.19.4
1.5.57034.11.2.1.14.7.11.1.2
1.5.57034.11.2.1.15.8
1.5.57105.12.2.1.14.2
1.5.57268.8.2.1.12.1.6.1.61
1.5.57437.8.2.1.11.2.4.1.3.20
1.5.57438.8.2.1.8.4
1.5.57453.11.2.1.2.2.5.1.3
1.5.57488.13.2.1.12.1.2.1
1.5.57729.6.2.1.5.2.20
1.5.57917.7.2.1
1.5.57939.7.2.1.4
1.5.58099.14.2.1.7.3.11
1.5.58108.6.2.1
1.5.58182.11.2.1.3.2.3.2
1.5.58357.10.2.1.9.3.3
1.5.58373.7.2.1.9.11.30
1.5.58414.11.2.1.3.2.8.4
1.5.58466.11.2.1.28.4.16
1.5.58496.11.2.1.4
1.5.58768.7.2.1
1.5.58839.9.2.1
1.5.58869.15.2.1.18.6.9
1.5.59257.9.2.1.23.6.11.1.6
1.5.59391.7.2.1.11.9.36.8.9
1.5.59561.7.2.1.6
1.5.59665.8.2.1.29.4.15
1.5.59775.6.2.1.3.3.3.1.5
1.5.59839.10.2.1.3.1.16.3
1.5.59887.11.2.1.1.1.17.1.13
1.5.59967.8.2.1.9.1.3.7.12
1.5.59970.7.2.1
1.5.60283.5.2.1.3.2.5.2
1.5.60348.16.2.1.9.3.4.1.2
1.5.60568.11.2.1.14.2.27
1.5.60596.10.2.1.28.6
1.5.60606.9.2.1
1.5.60666.5.2.1.10.3
1.5.60755.26.2.1.2.1
1.5.60762.12.2.1.4.1.17
1.5.60771.10.2.1.7.1.1.4.19.4
1.5.60773.13.2.1.12
1.5.60787.23.2.1.10
1.5.60889.16.2.1.7.5.11
1.5.60986.8.2.1.7.5
1.5.60989.10.2.1.2.1
1.5.61104.20.2.1.17.1.2
1.5.61121.7.2.1
1.5.61164.14.2.1.1
1.5.61180.7.2.1.13.1.4
1.5.61183.11.2.1.3.1.1.2
1.5.61228.9.2.1.10.2.3
1.5.61309.8.2.1
1.5.61442.20.2.1
1.5.61563.8.2.1.7
1.5.61654.8.2.1
1.5.61758.8.2.1.2.1.20
1.5.61765.14.2.1.7.2.4.4.11
1.5.61775.7.2.1.28.1
1.5.61846.7.2.1
1.5.61850.9.2.1.2
1.5.61875.8.2.1.11.3.9.3
1.5.61996.15.2.1.2.1
1.5.62084.11.2.1.2.2.4.2.9
1.5.62112.6.2.1
1.5.62252.11.2.1
1.5.62470.8.2.1.9
1.5.62547.9.2.1.4.3.4.4.19
1.5.62831.7.2.1
1.5.63050.9.2.1.3.2
1.5.63172.8.2.1.10
1.5.63217.7.2.1.1.1.2.1
1.5.63218.7.2.1.7.2.4.4.9
1.5.63474.7.2.1
1.5.63799.11.2.1.9.4.13
1.5.63803.16.2.1.3.1
1.5.63864.8.2.1.2.1.2.2
1.5.63931.6.2.1.5.4.12.4
1.5.64104.13.2.1.19.4
1.5.64168.6.2.1.12.1
1.5.64313.12.2.1.14.2
1.5.64481.7.2.1.30.1.1
1.5.64519.5.2.1.40.6.17
1.5.64665.8.2.1.11.2.4.1.3.15
1.5.64666.8.2.1.8.4
1.5.64682.11.2.1.2.2.14.3.12
1.5.64717.7.2.1.2.1.2.1
1.5.64902.19.2.1.55.2
1.5.65055.7.2.1.6.8
1.5.65152.7.2.1
1.5.65277.8.2.1
1.5.65333.6.2.1
1.5.65340.14.2.1.20.3.13
1.5.65420.11.2.1.3.2.3.2
1.5.65614.10.2.1.9.3.3
1.5.65615.10.2.1.11.5.11.3
1.5.65630.10.2.1.22
1.5.65715.11.2.1.4
1.5.65823.13.2.1.4.4.13
1.5.65984.10.2.1.1.4.4.4
1.5.66012.7.2.1
1.5.66090.9.2.1
1.5.66106.8.2.1.11.1.3.3.38
1.5.66495.20.2.1.4.3.9
1.5.66520.10.2.1.20.1.1.7.19
1.5.66606.7.2.1.11.9.16.4.5
1.5.66777.12.2.1.4.3.6.1
1.5.66872.8.2.1.29.4.15
1.5.66982.6.2.1.3.3.3.1.5
1.5.67046.10.2.1.3.1.16.3
1.5.67097.18.2.1.5.1.4.7.28
1.5.67181.8.2.1.6
1.5.67513.5.2.1.3.2.5.2
1.5.67578.16.2.1.9.3.4.1.2
1.5.67799.11.2.1.14.2.28
1.5.67824.8.2.1
1.5.67878.5.2.1.10.3
1.5.67967.26.2.1.2.1
1.5.67975.7.2.1.5.3.21
1.5.67986.21.2.1.6.4.7
1.5.67989.7.2.1.9
1.5.67999.13.2.1
1.5.68020.9.2.1.2
1.5.68107.16.2.1.7.5.11
1.5.68142.8.2.1
1.5.68209.8.2.1.7.5
1.5.68212.10.2.1.2.1
1.5.68376.17.2.1
1.5.68427.7.2.1.13.1.4
1.5.68430.11.2.1.3.1.1.2
1.5.68478.24.2.1.5.1.2.2.3
1.5.68586.17.2.1.3.4
1.5.68772.13.2.1.9.2
1.5.68791.8.2.1.7
1.5.68866.8.2.1
1.5.68961.6.2.1.9
1.5.68975.16.2.1.4.3.5
1.5.69015.8.2.1.16.1
1.5.69060.7.2.1
1.5.69064.9.2.1.2
1.5.69089.8.2.1.11.3.9.3
1.5.69215.15.2.1.2.1
1.5.69328.7.2.1.7.2
1.5.69459.11.2.1
1.5.69479.8.2.1.3.8.18.2
1.5.69652.15.2.1.3.3
1.5.69666.7.2.1.17.1.11
1.5.69739.9.2.1.4.3.4.4.19
1.5.69888.11.2.1.2.1
1.5.70027.7.2.1
1.5.70086.10.2.1.2.3
1.5.70126.9.2.1.8.3.14
1.5.70222.9.2.1.13.8
1.5.70356.8.2.1.10
1.5.70401.7.2.1.1.1.2.1
1.5.70402.7.2.1.7.2.4.4.9
1.5.70970.11.2.1.9.4.13
1.5.70974.16.2.1.3.1
1.5.71019.26.2.1.3.1.1.1
1.5.71103.6.2.1.5.4.12.4
1.5.71248.8.2.1.13.4
1.5.71275.13.2.1.20.4
1.5.71403.11.2.1.14.4.4.6.39
1.5.71403.11.2.1.15.5
1.5.71474.12.2.1.14.2
1.5.71624.12.2.1.37
1.5.71637.10.2.1.4.2
1.5.71762.9.2.1.14
1.5.71819.14.2.1.5.2
1.5.71820.11.2.1.1
1.5.71822.7.2.1.1
1.5.71842.7.2.1.11.2.16
1.5.71880.7.2.1.2.1.2.1
1.6.70.8.2.1.1.1
1.6.127.8.2.1.8.2.5
1.6.419.8.2.1.6.1.4.3.2
1.6.465.8.2.1.3.2
1.6.566.8.2.1
1.6.583.8.2.1.2.1.9
1.6.623.8.2.1.3.1.3.2
1.6.780.8.2.1.3.2.4.3
1.6.870.8.2.1.6.1
1.6.889.8.2.1.20.7
1.6.955.8.2.1.1.2.7.4
1.6.956.8.2.1.3.4
1.6.994.8.2.1.31
1.6.1030.8.2.1
1.6.1034.8.2.1.1
1.6.1088.8.2.1.14.2.5.4.20
1.6.1130.8.2.1.3.5
1.6.1142.8.2.1.3.2.2.6.21
1.6.1193.8.2.1.33.5.5.2
1.6.1382.8.2.1.2.2.8
1.6.1396.8.2.1.9.4.9
1.6.1404.8.2.1.43.4.11
1.6.1506.8.2.1.18.1
1.6.1673.8.2.1.1.2
1.6.1734.8.2.1
1.6.1801.8.2.1.10.1.8
1.6.1951.8.2.1.17.12
1.6.2176.8.2.1.2
1.6.2271.8.2.1.1.1.3
1.6.2407.8.2.1.3
1.6.2722.8.2.1.4.1
1.6.2742.8.2.1.12.3.9
1.6.2837.8.2.1.26.1.30.1.19
1.6.2853.8.2.1.25
1.6.3275.8.2.1.2.3
1.6.3346.8.2.1.3.1
1.6.3367.8.2.1.11
1.6.3374.8.2.1.7.4
1.6.3496.8.2.1.4.1
1.6.3496.8.2.1.6.2.4.1.14
1.6.3565.8.2.1.1.1.2.1.2
1.6.3605.8.2.1.6.1.12
1.6.3866.8.2.1.48.3.41.3
1.6.4032.8.2.1.12.2
1.6.4088.8.2.1.2.2.23.3.16
1.6.4136.8.2.1.42.3.8
1.6.4156.8.2.1
1.6.4176.8.2.1.1.1.1.1
1.6.4284.8.2.1.13.8.17.7
1.6.4289.8.2.1.5.2.4.3.12
1.6.4517.8.2.1.1
1.6.4574.8.2.1
1.6.4691.8.2.1.5
1.6.4705.8.2.1.10
1.6.4806.8.2.1.9
1.6.4809.8.2.1.21.2.16
1.6.4867.8.2.1.8.1
1.6.5232.8.2.1.3.2
1.6.5409.8.2.1.2.1.2.2.6
1.6.5586.8.2.1.5
1.6.5614.8.2.1.18
1.6.5639.8.2.1
1.6.5665.8.2.1
1.6.5674.8.2.1
1.6.5782.8.2.1.29.6
1.6.5921.8.2.1.1.1.2.2.2
1.6.5985.8.2.1
1.6.6020.8.2.1.2.1.29.15.44
1.6.6149.8.2.1.6.1.5.3
1.6.6234.8.2.1.20.3.5.1
1.6.6238.8.2.1.5.3.10.8
1.6.6305.8.2.1.4
1.6.6342.8.2.1.1.1.9
1.6.6359.8.2.1.2.2.15.1.3
1.6.6406.8.2.1.10.1.6
1.6.6888.8.2.1
1.6.6924.8.2.1.3
1.6.7191.8.2.1
1.6.7322.8.2.1.2.1.3.3.22
1.6.7385.8.2.1.6.1.2.2
1.6.7406.8.2.1.1.1
1.6.7465.8.2.1.18.8.12
1.6.7470.8.2.1.14
1.6.7691.8.2.1
1.6.7784.8.2.1.1.1.2.2
1.6.7959.8.2.1.2.1.1.1.8.7
1.6.7959.8.2.1.2.1.2.2.10
1.6.7960.8.2.1
1.6.7965.8.2.1
1.6.7974.8.2.1.16.2.17.5.9
1.6.8117.8.2.1.4.3.14.2.18
1.6.8178.8.2.1.5.3.17.2
1.6.8575.8.2.1.4.2.3.3.24
1.6.8746.8.2.1.18.4.31
1.6.8769.8.2.1.17.6.51.6
1.6.8951.8.2.1.2.1.3.3
1.6.9045.8.2.1.52.5.13
1.6.9050.8.2.1
1.6.9067.8.2.1.15.1.13
1.6.9125.8.2.1.1.2.34.9
1.6.9126.8.2.1.3.4
1.6.9164.8.2.1.31
1.6.9200.8.2.1
1.6.9204.8.2.1.1
1.6.9270.8.2.1.17.6.16
1.6.9385.8.2.1.8.2
1.6.9385.8.2.1.9.1.1.1
1.6.9410.8.2.1.17.2.29
1.6.9462.8.2.1.4.1
1.6.9570.8.2.1.4.2.18.8
1.6.9580.8.2.1.11.7.20
1.6.9599.8.2.1.2.3.10.2.6
1.6.9612.8.2.1.13.4.11
1.6.9715.8.2.1.18.1
1.6.9894.8.2.1.1.2
1.6.9967.8.2.1
1.6.10001.8.2.1.5
1.6.10016.8.2.1.32.5.7.1.2
1.6.10042.8.2.1.10.1.8
1.6.10413.8.2.1.22.4.18.6.10
1.6.10503.8.2.1.6.3.10.2.11
1.6.10636.8.2.1.3
1.6.10962.8.2.1
1.6.10982.8.2.1.12.3.9
1.6.11071.8.2.1.26.1.30.1.19
1.6.11089.8.2.1.4.3.18.5.69
1.6.11116.8.2.1.3.1.1.1
1.6.11353.8.2.1
1.6.11603.8.2.1.1.1.4
1.6.11616.8.2.1.12.3
1.6.11720.8.2.1.4.1
1.6.11720.8.2.1.6.2.4.1.20
1.6.11789.8.2.1.1.1.2.1.2
1.6.11816.8.2.1.10.2.4
1.6.12310.8.2.1.5.4.8.1.10
1.6.12358.8.2.1.13.3.6
1.6.12382.8.2.1
1.6.12410.8.2.1.3.6.12.6.18.42
1.6.12508.8.2.1.13.8.17.7
1.6.12513.8.2.1.5.2.4.3.12
1.6.12752.8.2.1.1
1.6.12810.8.2.1
1.6.12927.8.2.1.5
1.6.12942.8.2.1.10
1.6.12993.8.2.1
1.6.13047.8.2.1.9
1.6.13050.8.2.1.21.2.9
1.6.13108.8.2.1.8.1
1.6.13222.8.2.1.3.5.10.2
1.6.13457.8.2.1.3.2
1.6.13635.8.2.1.17
1.6.13754.8.2.1.4
1.6.13822.8.2.1.18
1.6.13846.8.2.1
1.6.13877.8.2.1
1.6.14121.8.2.1.1.1.2.2.2
1.6.14350.8.2.1.5.2
1.6.14358.8.2.1.1.1.50.1
1.6.14440.8.2.1.20.3.6.1
1.6.14444.8.2.1.5.3.10.8
1.6.14511.8.2.1.4
1.6.14551.8.2.1.4.2.8
1.6.14565.8.2.1.2.2.15.1.3
1.6.14872.8.2.1.18.6.5.1
1.6.15201.8.2.1.3
1.6.15259.8.2.1.7
1.6.15422.8.2.1
1.6.15553.8.2.1.2.1.3.3.22
1.6.15619.8.2.1.5.3
1.6.15638.8.2.1
1.6.15702.8.2.1.17.2.9
1.6.15807.8.2.1.8.2
1.6.15989.8.2.1
1.6.16069.8.2.1
1.6.16188.8.2.1.2.1.1.1.8.6
1.6.16188.8.2.1.2.1.2.2.10
1.6.16189.8.2.1
1.6.16194.8.2.1
1.6.16203.8.2.1.16.2.17.5.9
1.6.16343.8.2.1.4.3.14.2.18
1.6.16814.8.2.1.1
1.6.16986.8.2.1.22.4.33
1.6.17257.8.2.1.13.5.16.9.40.2
1.6.17268.8.2.1.6.6
1.6.17329.8.2.1.7.1.1.1
1.6.17406.8.2.1.26.2.5.2.5
1.6.17475.8.2.1.17.6.16
1.6.17590.8.2.1.9.5
1.6.17590.8.2.1.10.1.13.9
1.6.17615.8.2.1.17.2.29
1.6.17709.8.2.1
1.6.17760.8.2.1.12.3.10
1.6.17789.8.2.1.4.2.18.8
1.6.17799.8.2.1.11.7.20
1.6.17831.8.2.1.8
1.6.17938.8.2.1.18.1
1.6.18113.8.2.1.1.2
1.6.18249.8.2.1.8
1.6.18424.8.2.1
1.6.18606.8.2.1.28.4.13.13.31
1.6.18719.8.2.1.6.3.10.2.11
1.6.18820.8.2.1.14.2.4.3
1.6.18821.8.2.1
1.6.18844.8.2.1.43.2.17.2
1.6.18856.8.2.1.3
1.6.19011.8.2.1.11
1.6.19014.8.2.1.5.1
1.6.19073.8.2.1.2.1.4
1.6.19190.8.2.1
1.6.19210.8.2.1.12.3.9
1.6.19303.8.2.1.26.1.30.1.19
1.6.19323.8.2.1.12.1.1
1.6.19576.8.2.1
1.6.19619.8.2.1.7.1.12
1.6.19802.8.2.1.7.6.10
1.6.19808.8.2.1.1.2.2.2
1.6.19836.8.2.1.17.2
1.6.19976.8.2.1.14.6.17.4.15
1.6.20007.8.2.1.6.1.12
1.6.20280.8.2.1.5
1.6.20312.8.2.1
1.6.20487.8.2.1.6.1.23
1.6.20535.8.2.1.13.3.6
1.6.20561.8.2.1
1.6.20589.8.2.1.7.5.16.6
1.6.20690.8.2.1.1.1.3.5
1.6.20725.8.2.1.6.5
1.6.20813.8.2.1.6.1.9.1
1.6.20824.8.2.1.17.5
1.6.20944.8.2.1.1
1.6.21001.8.2.1
1.6.21122.8.2.1.3
1.6.21135.8.2.1.1
1.6.21239.8.2.1.9
1.6.21242.8.2.1.21.2.16
1.6.21284.8.2.1.8.1
1.6.21642.8.2.1.3.2
1.6.21817.8.2.1.2.1.2.2.6
1.6.22003.8.2.1.7.2.35
1.6.22024.8.2.1
1.6.22050.8.2.1
1.6.22059.8.2.1
1.6.22163.8.2.1
1.6.22305.8.2.1.1.1.2.2.2
1.6.22369.8.2.1
1.6.22404.8.2.1.2.1.29.15.44
1.6.22539.8.2.1.14.4
1.6.22612.8.2.1.24
1.6.22640.8.2.1.16.12.21.7
1.6.22707.8.2.1.4
1.6.22744.8.2.1.4.2.8
1.6.22806.8.2.1.10.1.6
1.6.23051.8.2.1.18.6.5.1
1.6.23356.8.2.1.3
1.6.23412.8.2.1.7
1.6.23580.8.2.1
1.6.23624.8.2.1.38.1
1.6.23690.8.2.1
1.6.23736.8.2.1.20.9.25.1.31
1.6.23795.8.2.1.6.1.2.2
1.6.23814.8.2.1.10.1
1.6.23864.8.2.1.17.1.35.3.6
1.6.23977.8.2.1.8.2
1.6.24127.8.2.1.4.3.4
1.6.24192.8.2.1
1.6.24292.8.2.1.3.1.1
1.6.24336.8.2.1.20.5.11.6
1.6.24367.8.2.1.2.1.1.1.8.7
1.6.24367.8.2.1.2.1.2.2.10
1.6.24368.8.2.1
1.6.24373.8.2.1
1.6.24382.8.2.1.16.2.17.5.9
1.6.24524.8.2.1.4.3.14.2.18
1.6.24657.8.2.1.1.1
1.6.24991.8.2.1.6.1.4.3.2
1.6.25037.8.2.1.3.2
1.6.25156.8.2.1.18.4.31
1.6.25179.8.2.1.17.6.51.6
1.6.25351.8.2.1.3.2.4.3
1.6.25454.8.2.1.16.7
1.6.25515.8.2.1.7.1.1.1
1.6.25558.8.2.1.5.3.8.1.8
1.6.25593.8.2.1
1.6.25597.8.2.1.1
1.6.25651.8.2.1.36.6.16
1.6.25953.8.2.1.4.2.18.8
1.6.25963.8.2.1.11.7.20
1.6.25995.8.2.1.8
1.6.26107.8.2.1.18.1
1.6.26286.8.2.1.1.2
1.6.26347.8.2.1
1.6.26424.8.2.1.8
1.6.26555.8.2.1.17.12
1.6.26808.8.2.1.2.2.6.4.9
1.6.26905.8.2.1.12.7.20
1.6.26959.8.2.1.5.1.2.2.8
1.6.27023.8.2.1.43.2.17.2
1.6.27035.8.2.1.3
1.6.27087.8.2.1
1.6.27189.8.2.1.11
1.6.27192.8.2.1.5.1
1.6.27251.8.2.1.2.1.4
1.6.27367.8.2.1
1.6.27387.8.2.1.12.3.9
1.6.27480.8.2.1.26.1.30.1.19
1.6.27500.8.2.1.12.1.1
1.6.27810.8.2.1.10
1.6.27964.8.2.1
1.6.28003.8.2.1.7.6.10
1.6.28009.8.2.1.1.2.2.2
1.6.28037.8.2.1.17.2
1.6.28156.8.2.1.4.1
1.6.28156.8.2.1.6.2.4.1.14
1.6.28225.8.2.1.1.1.2.1.2
1.6.28264.8.2.1.8.2.4
1.6.28527.8.2.1
1.6.28703.8.2.1
1.6.28763.8.2.1.5.4.8.1.9
1.6.28818.8.2.1.13.3.6
1.6.28847.8.2.1.12.7
1.6.28867.8.2.1.3.6.12.6.18.40
1.6.28965.8.2.1.1.1.3.4
1.6.29000.8.2.1.6.5
1.6.29095.8.2.1.2.2
1.6.29189.8.2.1.9.2
1.6.29222.8.2.1.14.9.14.5.19
1.6.29223.8.2.1.19.2
1.6.29317.8.2.1.1.1
1.6.29402.8.2.1.9.5
1.6.29444.8.2.1.10
1.6.29495.8.2.1
1.6.29551.8.2.1.9
1.6.29554.8.2.1.21.2.21
1.6.29596.8.2.1.8.1
1.6.29710.8.2.1.3.5.10.2
1.6.29950.8.2.1.3.2
1.6.30128.8.2.1.17
1.6.30235.8.2.1.14
1.6.30308.8.2.1.18
1.6.30333.8.2.1
1.6.30359.8.2.1
1.6.30368.8.2.1
1.6.30473.8.2.1.31.5
1.6.30597.8.2.1.1.1.2.2.2
1.6.30696.8.2.1.15
1.6.30718.8.2.1
1.6.30830.8.2.1.6.1.5.3
1.6.30930.8.2.1.20.3.6.1
1.6.30983.8.2.1.4
1.6.31020.8.2.1.4.2.8
1.6.31655.8.2.1.3
1.6.31713.8.2.1.7
1.6.31859.8.2.1
1.6.31960.8.2.1
1.6.31996.8.2.1.2.1.3.3.23
1.6.32059.8.2.1.6.1.2.2
1.6.32080.8.2.1.1.1
1.6.32139.8.2.1.18.8.12
1.6.32144.8.2.1.14
1.6.32447.8.2.1
1.6.32507.8.2.1.10.3
1.6.32636.8.2.1.4.5.22.6
1.6.32636.8.2.1.4.5.25
1.6.32636.8.2.1.5.1.1
1.6.32648.8.2.1.8.3.46
1.6.32792.8.2.1.4.3.14.2.18
1.6.32890.8.2.1.1.1
1.6.33236.8.2.1.7
1.6.33410.8.2.1.18.4.32
1.6.33468.8.2.1.3.5.13.2
1.6.33612.8.2.1.3.2.4.3
1.6.33698.8.2.1.13.5.16.9.29.36
1.6.33709.8.2.1.6.6
1.6.33769.8.2.1.4.3.4.3
1.6.33814.8.2.1.33
1.6.33850.8.2.1
1.6.33854.8.2.1.1
1.6.33902.8.2.1.19.2.10
1.6.33961.8.2.1.3.2.2.6.24
1.6.34017.8.2.1.9.5
1.6.34017.8.2.1.10.1.13.9
1.6.34042.8.2.1.17.2.29
1.6.34138.8.2.1
1.6.34216.8.2.1.2.2.8
1.6.34230.8.2.1.9.4.9
1.6.34238.8.2.1.43.4.11
1.6.34343.8.2.1.18.1
1.6.34522.8.2.1.1.2
1.6.34650.8.2.1.8
1.6.34808.8.2.1
1.6.34841.8.2.1.3.1.21
1.6.35004.8.2.1.5.4.47.6.14
1.6.35070.8.2.1.20.4.13.3
1.6.35089.8.2.1.1.1.3
1.6.35195.8.2.1
1.6.35228.8.2.1.3
1.6.35382.8.2.1.11
1.6.35385.8.2.1.5.1
1.6.35444.8.2.1.2.1.4
1.6.35563.8.2.1.4.1
1.6.35667.8.2.1.4.4
1.6.35701.8.2.1.4.3.18.5.32
1.6.35728.8.2.1.3.1.1.1
1.6.35960.8.2.1
1.6.36003.8.2.1.7.1.12
1.6.36045.8.2.1
1.6.36183.8.2.1.3.1
1.6.36204.8.2.1.11
1.6.36211.8.2.1.7.4
1.6.36308.8.2.1.4.1
1.6.36308.8.2.1.6.2.4.1.66
1.6.36377.8.2.1.1.1.2.1.2
1.6.36417.8.2.1.6.1.12
1.6.36922.8.2.1.5.4.8.1.10
1.6.36970.8.2.1.13.3.6
1.6.36996.8.2.1
1.6.37018.8.2.1.1.1.1.1
1.6.37126.8.2.1.13.8.17.7
1.6.37131.8.2.1.5.2.4.3.12
1.6.37158.8.2.1.6.5
1.6.37258.8.2.1.8.5.15.4
1.6.37377.8.2.1.14.9.14.6.10
1.6.37378.8.2.1.19.2
1.6.37553.8.2.1.9.5
1.6.37574.8.2.1.16.3.19.5.8
1.6.37580.8.2.1.1
1.6.37635.8.2.1
1.6.37691.8.2.1.9
1.6.37694.8.2.1.21.2.21
1.6.37752.8.2.1.8.1
1.6.37945.8.2.1.2.5.7.1
1.6.38117.8.2.1.3.2
1.6.38157.8.2.1.1.5.8.2
1.6.38169.8.2.1.5.1
1.6.38290.8.2.1.2.1.2.2.6
1.6.38376.8.2.1.7.4.22.1
1.6.38456.8.2.1.5
1.6.38484.8.2.1.18
1.6.38530.8.2.1
1.6.38539.8.2.1
1.6.38652.8.2.1.29.6
1.6.38687.8.2.1
1.6.38776.8.2.1.1.1.2.2.2
1.6.38836.8.2.1.12.4
1.6.39003.8.2.1.6.1.5.3
1.6.39101.8.2.1.11.10.25.1
1.6.39105.8.2.1.5.3.10.8
1.6.39172.8.2.1.4
1.6.39224.8.2.1.4.2.18
1.6.39238.8.2.1.2.2.15.1.3
1.6.39276.8.2.1.21.7
1.6.39520.8.2.1.13.5.6.4
1.6.39572.8.2.1
1.6.39756.8.2.1.10
1.6.39771.8.2.1.1.1.19.9
1.6.39876.8.2.1.3
1.6.39934.8.2.1.7
1.6.40100.8.2.1
1.6.40189.8.2.1.2.2
1.6.40236.8.2.1.20.9.25.1.34
1.6.40298.8.2.1.5.3
1.6.40317.8.2.1
1.6.40377.8.2.1.18.8.12
1.6.40382.8.2.1.14
1.6.40682.8.2.1
1.6.40868.8.2.1.2.1.1.1.8.7
1.6.40868.8.2.1.2.1.2.2.10
1.6.40869.8.2.1
1.6.40874.8.2.1
1.6.40883.8.2.1.16.2.17.5.9
1.6.41027.8.2.1.4.3.14.2.18
1.6.41530.8.2.1.4.2.3.3.24
1.6.41683.8.2.1.22.4.45
1.6.41718.8.2.1.3.1.3.2
1.6.41878.8.2.1.2.1.3.3
1.6.41978.8.2.1.13.5.16.9.62.33
1.6.41989.8.2.1.6.6
1.6.42048.8.2.1.4.2.4.3.15
1.6.42050.8.2.1
1.6.42095.8.2.1.13
1.6.42191.8.2.1.36.6.16
1.6.42323.8.2.1.17.2.29
1.6.42434.8.2.1.2.2.3.1
1.6.42505.8.2.1.4.2.18.8
1.6.42515.8.2.1.11.7.20
1.6.42547.8.2.1.8
1.6.42666.8.2.1.18.1
1.6.42852.8.2.1.1.2
1.6.42922.8.2.1
1.6.43154.8.2.1
1.6.43299.8.2.1.8.7.25
1.6.43370.8.2.1.21
1.6.43472.8.2.1.7.8.17
1.6.43523.8.2.1.3
1.6.43564.8.2.1
1.6.43597.8.2.1.3
1.6.43649.8.2.1
1.6.43753.8.2.1.11
1.6.43756.8.2.1.5.1
1.6.43815.8.2.1.2.1.4
1.6.43933.8.2.1.4.1
1.6.43953.8.2.1.12.3.9
1.6.44042.8.2.1.26.1.30.1.19
1.6.44060.8.2.1.4.3.18.5.69
1.6.44314.8.2.1
1.6.44357.8.2.1.7.1.12
1.6.44556.8.2.1.1.1.4
1.6.44569.8.2.1.12.3
1.6.44688.8.2.1.4.1
1.6.44688.8.2.1.6.2.4.1.14
1.6.44757.8.2.1.1.1.2.1.2
1.6.44784.8.2.1.10.2.4
1.6.45098.8.2.1
1.6.45293.8.2.1.5.4.8.1.10
1.6.45343.8.2.1.13.3.6
1.6.45369.8.2.1
1.6.45391.8.2.1.1.1.1.1
1.6.45484.8.2.1.12.5.6.5
1.6.45489.8.2.1.5.2.4.3.11
1.6.45516.8.2.1.6.5
1.6.45591.8.2.1.4.4.10.3
1.6.45699.8.2.1.1
1.6.45864.8.2.1.9.5
1.6.45910.8.2.1.4.5.19.6.53
1.6.45964.8.2.1
1.6.46020.8.2.1.9
1.6.46023.8.2.1.21.2.21
1.6.46065.8.2.1.8.1
1.6.46179.8.2.1.3.5.10.2
1.6.46579.8.2.1.17
1.6.46698.8.2.1.14
1.6.46772.8.2.1.18
1.6.46818.8.2.1
1.6.46827.8.2.1
1.6.46923.8.2.1
1.6.46970.8.2.1
1.6.47059.8.2.1.1.1.2.2.2
1.6.47123.8.2.1
1.6.47294.8.2.1.6.1.5.3
1.6.47393.8.2.1.20.3.6.1
1.6.47454.8.2.1.4
1.6.47494.8.2.1.1.1.9
1.6.47550.8.2.1.21.7
1.6.47983.8.2.1.10
1.6.47998.8.2.1.1.1.19.9
1.6.48101.8.2.1.3
1.6.48183.8.2.1.3.2
1.6.48331.8.2.1
1.6.48457.8.2.1.2.1.3.3.30
1.6.48520.8.2.1.6.1.2.2
1.6.48541.8.2.1.1.1
1.6.48604.8.2.1.17.2.9
1.6.48709.8.2.1.8.2
1.6.48919.8.2.1.2.3.24.9.15.45
1.6.49068.8.2.1.4.5.22.6
1.6.49068.8.2.1.4.5.25
1.6.49068.8.2.1.5.1.1
1.6.49078.8.2.1.4.4.13
1.6.49216.8.2.1.4.3.14.2.18
1.6.49277.8.2.1.5.3.17.2
1.6.49698.8.2.1.6.1.4.3.2
1.6.49744.8.2.1.3.2
1.6.49873.8.2.1.18.4.31
1.6.49896.8.2.1.17.6.51.6
1.6.50058.8.2.1.3.2.4.3
1.6.50139.8.2.1.18.5.13
1.6.50144.8.2.1
1.6.50161.8.2.1.15.1.13
1.6.50216.8.2.1.7.1.1.1
1.6.50259.8.2.1.5.3.8.1.8
1.6.50294.8.2.1
1.6.50298.8.2.1.1
1.6.50362.8.2.1.17.6.16
1.6.50609.8.2.1.2.2.3.1
1.6.50680.8.2.1.2.2.8
1.6.50694.8.2.1.9.4.9
1.6.50702.8.2.1.43.4.11
1.6.50974.8.2.1.1.2
1.6.51032.8.2.1
1.6.51104.8.2.1.11.1.50
1.6.51463.8.2.1.22.4.9.5.7
1.6.51543.8.2.1.20.4.13.3
1.6.51562.8.2.1.1.1.3
1.6.51706.8.2.1.7.4.26
1.6.51756.8.2.1
1.6.52021.8.2.1.4.1
1.6.52041.8.2.1.12.3.9
1.6.52136.8.2.1.26.1.30.1.19
1.6.52154.8.2.1.4.3.18.5.69
1.6.52406.8.2.1
1.6.52660.8.2.1.1.1.4
1.6.52673.8.2.1.12.3
1.6.52719.8.2.1.13
1.6.52766.8.2.1.4.1
1.6.52766.8.2.1.6.2.4.1.20
1.6.52835.8.2.1.1.1.2.1.2
1.6.52873.8.2.1.1
1.6.53116.8.2.1.47.3.39.3
1.6.53357.8.2.1.5.4.8.1.10
1.6.53405.8.2.1.13.3.6
1.6.53429.8.2.1
1.6.53457.8.2.1.3.6.12.6.18.39
1.6.53572.8.2.1.1.1.3.4
1.6.53607.8.2.1.6.5
1.6.53697.8.2.1.17.6
1.6.53722.8.2.1.21.1.1.1
1.6.53831.8.2.1.14.9.14.6.10
1.6.53832.8.2.1.19.2
1.6.54005.8.2.1.9.5
1.6.54049.8.2.1.12.3.26
1.6.54067.8.2.1.29.6
1.6.54101.8.2.1
1.6.54157.8.2.1.9
1.6.54160.8.2.1.21.2.21
1.6.54218.8.2.1.8.1
1.6.54598.8.2.1.1.2.3.1
1.6.54712.8.2.1.2.1.2.2.6
1.6.54901.8.2.1.18
1.6.54927.8.2.1
1.6.54953.8.2.1
1.6.54962.8.2.1
1.6.55066.8.2.1
1.6.55113.8.2.1
1.6.55205.8.2.1.1.1.2.2.2
1.6.55298.8.2.1.4
1.6.55423.8.2.1.6.1.5.3
1.6.55526.8.2.1.11.10.25.1
1.6.55530.8.2.1.5.3.10.8
1.6.55597.8.2.1.4
1.6.55637.8.2.1.4.2.8
1.6.55651.8.2.1.2.2.15.1.3
1.6.55698.8.2.1.10.1.6
1.6.55927.8.2.1.13.5.6.4
1.6.56309.8.2.1.9.9.15.6
1.6.56331.8.2.1.3.2
1.6.56392.8.2.1.5.5
1.6.56622.8.2.1.20.9.25.1.30
1.6.56684.8.2.1.5.3
1.6.56703.8.2.1
1.6.56767.8.2.1.17.2.9
1.6.56864.8.2.1.8.2
1.6.57022.8.2.1.2.2.9
1.6.57087.8.2.1
1.6.57279.8.2.1.2.1.1.1.8.8
1.6.57279.8.2.1.2.1.2.2.10
1.6.57280.8.2.1
1.6.57285.8.2.1
1.6.57294.8.2.1.16.2.17.5.9
1.6.57436.8.2.1.4.3.14.2.18
1.6.57502.8.2.1.5.3.17.2
1.6.57601.8.2.1.8.2.5
1.6.57905.8.2.1.7
1.6.58079.8.2.1.18.4.31
1.6.58102.8.2.1.17.6.51.6
1.6.58183.8.2.1
1.6.58271.8.2.1.3.2.4.3
1.6.58352.8.2.1.18.5.13
1.6.58357.8.2.1
1.6.58372.8.2.1.15.1.13
1.6.58386.8.2.1.13.5.6.2
1.6.58421.8.2.1.7.1.1.1
1.6.58464.8.2.1.5.3.8.1.8
1.6.58499.8.2.1
