1.1.1.17.15.2.7.2.7.6.31
1.1.1.24.14.2.24
1.1.1.95.5.1.6.1.1
1.1.1.147.5.1.4.1.33.8.8
1.1.1.285.5.1.4.1.27.5.15
1.1.1.304.5.1.5.1.13
1.1.1.323.15.2
1.1.1.327.14.3.7.18.12.2
1.1.1.340.35.2.4.4
1.1.1.372.5.1.7.1.2
1.1.1.426.3
1.1.1.450.49.3.5.2.24.1.5
1.1.1.529.5.1.2.2.20.9
1.1.1.674.26
1.1.1.683.22.1.13.3
1.1.1.768.17.2.5.2
1.1.1.926.5.1.1.1.3.4.17
1.1.1.996.5.1
1.1.1.1018.5.1
1.1.1.1064.5.1.2.1.3.1.5
1.1.1.1152.29.1.4
1.1.1.1161.21.3.12.9
1.1.1.1163.5.1.3.1.18
1.1.1.1186.54.1.62
1.1.1.1318.22.3.28.18.5.1
1.1.1.1322.5.1.2.2.12
1.1.1.1517.5.1.6.18.16
1.1.1.1517.5.1.10.1.1
1.1.1.1558.5.1.1.16.20
1.1.1.1631.5.1
1.1.1.1666.8.4.4
1.1.1.1830.5.1.29
1.1.1.1916.5.1.1.2.34
1.1.1.1927.5.1.17.1
1.1.1.1935.18.2.9.6
1.1.1.1961.14.4
1.1.1.2031.36.2.20.2.4
1.1.1.2077.5.1.15.3.14
1.1.1.2135.5.1.3.1.1.1
1.1.1.2236.17.3.5.4.5.2.4.10
1.1.1.2265.38.1.15.4
1.1.1.2308.3
1.1.1.2409.8.1.14
1.1.1.2427.9.1.7.2.1
1.1.1.2440.42.1.25
1.1.1.2486.3
1.1.1.2553.42.2.11.10
1.1.1.2555.13
1.1.1.2568.37
1.1.1.2671.15.1.16
1.1.1.2727.39.1.32
1.1.1.2799.20.2.9
1.1.1.2890.5.1.20
1.1.1.2924.14.2.15.1.16
1.1.1.2950.9.1.9
1.1.1.2975.5.1.3.4.8.3.10
1.1.1.2990.8.2.8.7
1.1.1.3041.14.2.5.2.20.2
1.1.1.3105.5.1.2.2.10.1
1.1.1.3189.18.1.11.9
1.1.1.3207.19.2.16
1.1.1.3279.18.1.17.8
1.1.1.3298.51.2
1.1.2.3332.5.1.8.4.11.4
1.1.2.3361.31.3.5.3
1.1.2.3413.33.1.9
1.1.2.3459.29.2.11.15.12
1.1.2.3551.5.1
1.1.2.3629.13.1.9.1.1.1.7
1.1.2.3759.15.1.19
1.1.2.3773.5.1.3.1.2.2
1.1.2.3859.11
1.1.2.3912.8.2.4
1.1.2.3948.5.1.2
1.1.2.3951.5.1.2.2.34.5
1.1.2.3954.9.1.12
1.1.2.3968.9.1.6
1.1.2.3981.15
1.1.2.4030.5.1.12.2
1.1.2.4039.5.1.21
1.1.2.4226.5.1.3
1.1.2.4244.14.1.5
1.1.2.4259.26.3.26.19
1.1.2.4402.5.1.2.1.5
1.1.2.4410.3
1.1.2.4539.33.3.4.2
1.1.2.4608.8.2.4
1.1.2.4618.14.2.8.3.11
1.1.2.4694.9.1.6
1.1.2.4817.12.1.7.19
1.1.2.4842.38.3.6.1.1.4
1.1.2.4906.18.1.21.26
1.1.2.4940.18.1.13
1.1.2.5125.6
1.1.2.5162.19.2.6.3
1.1.2.5195.11.2.15.6
1.1.2.5259.11.1.4
1.1.2.5298.15.2.6.1.1.1.2
1.1.2.5353.34.3.23.13
1.1.2.5392.15.4.5.2.9
1.1.2.5402.5.1.12.8.6.1.22
1.1.2.5469.5.1.6.1.1
1.1.2.5481.5.1.3.1.2
1.1.2.5518.5.1.3.3.21.4.4
1.1.2.5569.21.5
1.1.2.5679.5.1.5.1.28
1.1.2.5708.14.3
1.1.2.5772.14.2.8.15
1.1.2.5773.5.1
1.1.2.5825.16.3.5.7.11
1.1.2.5920.5.1.2.2.20.9
1.1.2.6064.26
1.1.2.6073.22.1.13.3
1.1.2.6141.22
1.1.2.6162.17.2.5.5
1.1.2.6311.14.3.12.7.8.3.3
1.1.2.6380.5.1
1.1.2.6442.9.1.4
1.1.2.6462.5.1.2.1.3.1.17
1.1.2.6501.5.1.11.1.1.5
1.1.2.6544.29.1.4
1.1.2.6553.21.3.12.9
1.1.2.6555.5.1.3.1.18
1.1.2.6711.31.2.10.1
1.1.2.6712.48.2.5
1.1.2.6886.5.1.6.13.14
1.1.2.6886.5.1.10.1.1
1.1.2.6927.5.1.1.16.20
1.1.2.7000.5.1
1.1.2.7036.31.4.10.11.12
1.1.2.7077.20.1.12.5
1.1.2.7214.5.1.29
1.1.2.7309.9.4.4
1.1.2.7315.17.2.6.4.16.3.5
1.1.2.7323.44.2
1.1.2.7324.9.2.12.5
1.1.2.7348.14.4
1.1.2.7418.36.2.20.2.4
1.1.2.7464.5.1.13.2.7
1.1.2.7493.5.1.1
1.1.2.7523.5.1.3.1.1.1
1.1.2.7627.5.1.6.22
1.1.2.7705.9.1.25.2
1.1.2.7809.8.1.6
1.1.2.7827.9.1.7.2.1
1.1.2.7840.42.1.25
1.1.2.7862.5.1
1.1.2.7883.3
1.1.2.7978.5.1
1.1.2.8074.15.1.16
1.1.2.8130.39.1.32
1.1.2.8191.5.1.13
1.1.2.8281.5.1.6.1.22
1.1.2.8296.36.1.12
1.1.2.8319.5.1.3
1.1.2.8344.9.1.9
1.1.2.8369.5.1.3.4.8.3.10
1.1.2.8435.14.2.5.2.20.2
1.1.2.8499.5.1.2.2.10.1
1.1.2.8611.9.1.4.12
1.1.2.8679.5.1.12
1.1.2.8744.34.2
1.1.2.8745.5.1.7.4.25.4
1.1.2.8781.34.2.27.2
1.1.2.8862.29.2.11.20.11
1.1.2.8957.5.1
1.1.2.9037.11.1.4.2
1.1.2.9102.11.3.4.1
1.1.2.9116.9.4.4.5
1.1.2.9182.15.1.19
1.1.2.9196.5.1.3.1.2.2
1.1.2.9338.16.3
1.1.2.9376.5.1.15.1.19
1.1.2.9392.9.1.6
1.1.2.9405.15
1.1.2.9473.5.1.4.3.13
1.1.2.9638.56.2.11.13.14.3.25.4
1.1.2.9654.5.1.18.19.12.1.2
1.1.2.9671.14.1.5
1.1.2.9686.26.3.26.19
1.1.2.9706.5.1.7.1
1.1.2.9718.12.1.4
1.1.2.9836.22.2.4.7
1.1.2.9892.5.1.1.8.2.1
1.1.2.9896.3
1.1.2.9988.33.3.4.2
1.1.2.10055.8.2.4
1.1.2.10063.14.3.5.11.22.7.13
1.1.2.10109.10.1.9
1.1.2.10169.14.1.5
1.1.2.10189.14.1.4
1.1.2.10245.5.1
1.1.2.10247.5.1.6.7.14.9
1.1.2.10291.12.1.7.19
1.1.2.10316.38.3.6.1.1.4
1.1.2.10396.21.3.26.8
1.1.2.10411.18.1.13
1.1.2.10470.31
1.1.2.10610.6
1.1.2.10642.19.2.6.3
1.1.2.10735.11.1.4
1.1.2.10775.39.1.4.22
1.1.2.10842.34.3.23.13
1.1.2.10881.15.4.5.2.9
1.1.2.10890.26.1.4.9
1.1.2.10927.5.1.19.8
1.1.2.10958.5.1.6.1.1
1.1.2.10970.5.1.3.1.2
1.1.2.11012.5.1.4.1.33.8.8
1.1.2.11131.5.1.17
1.1.2.11176.5.1.5.1.28
1.1.2.11195.15.2
1.1.2.11199.14.3.7.18.12.2
1.1.2.11212.35.2.4.4
1.1.2.11254.28.3.6.1.25.4.16
1.1.2.11279.6
1.1.2.11317.5.1.5.12.26.7.10
1.1.2.11318.5.1.2.1.27.8.12.27
1.1.2.11330.5.1.3.3.21.6.49
1.1.2.11408.5.1.2.2.20.9
1.1.2.11560.26
1.1.2.11569.22.1.13.3
1.1.2.11653.15.5
1.1.2.11780.9.5.4.3
1.1.2.11839.5.1
1.1.2.11861.5.1
1.1.2.11897.9.1.4
1.1.2.11911.5.1.7
1.1.2.11997.29.1.4
1.1.2.12006.21.3.12.9
1.1.2.12008.5.1.3.1.18
1.1.2.12030.54.1.62
1.1.2.12165.5.1.2
1.1.2.12347.5.1.6.18.16
1.1.2.12347.5.1.10.1.1
1.1.2.12388.5.1.1.16.20
1.1.2.12459.5.1
1.1.2.12529.10.2.11
1.1.2.12661.5.1.29
1.1.2.12765.53.3.14
1.1.2.12772.14.2.7.8.5.3.8
1.1.2.12792.14.4
1.1.2.12845.5.1
1.1.2.12861.5.1.2
1.1.2.12867.38.3.17.2.4
1.1.2.12887.14.1.4.4
1.1.2.12892.40.1.19.6
1.1.2.12913.5.1.1
1.1.2.12943.5.1.3.1.1.1
1.1.2.12993.5.1.68.1
1.1.2.13043.17.3.5.4.5.2.4.9
1.1.2.13072.38.1.15.4
1.1.2.13124.12.1.4.9
1.1.2.13223.17.1.21
1.1.2.13241.9.1.7.2.1
1.1.2.13254.42.1.25
1.1.2.13264.9.3.4
1.1.2.13306.3
1.1.2.13359.24.2.11.10
1.1.2.13388.13.6.20
1.1.2.13451.5.1.5.1
1.1.2.13508.39.1.29
1.1.2.13581.9.1.12
1.1.2.13583.5.1.1.11.54.5.15
1.1.2.13669.5.1.6.1.22
1.1.2.13684.36.1.12
1.1.2.13710.5.1.13
1.1.2.13833.14.2.5.2.20.2
1.1.2.13897.5.1.2.2.10.1
1.1.2.13985.5.1.1
1.1.2.14002.5.1.3.3.17
1.1.2.14118.18.1.13
1.1.2.14134.5.1.2.2.31.4.4
1.1.2.14134.5.1.3.3.32.5
1.1.2.14153.5.1.1.1.19.1
1.1.2.14247.29.2.11.15.12
1.1.2.14340.5.1
1.1.2.14425.11.1.4.2
1.1.2.14577.15.1.19
1.1.2.14591.14.4
1.1.2.14745.5.1.15.1.32
1.1.2.14761.9.1.6
1.1.2.14774.15
1.1.2.14843.5.1.4.3.13
1.1.2.14914.26.2.4.13
1.1.2.15019.56.2.11.13.14.3.25.4
1.1.2.15035.5.1.18.19.12.1.2
1.1.2.15052.11.2.4.3
1.1.2.15218.22.2.4.7
1.1.2.15254.37.2.9.4.22
1.1.2.15272.11.1.5
1.1.2.15281.3
1.1.3.15364.33.3.4.2
1.1.3.15446.5.1.23.20.36.11.20
1.1.3.15491.10.1.9
1.1.3.15548.14.1.5
1.1.3.15568.14.1.4
1.1.3.15633.3
1.1.3.15644.28.1.26.9
1.1.3.15650.20
1.1.3.15692.17.1.4.1
1.1.3.15699.5.1.3.1
1.1.3.15726.17.3
1.1.3.15759.18.1.21.26
1.1.3.15793.18.1.13
1.1.3.15843.11
1.1.3.15920.23.3.6.5.25
1.1.3.15983.6
1.1.3.16009.19.2.6.3
1.1.3.16091.14.2
1.1.3.16093.5.1
1.1.3.16128.15.2.6.1.1.1.2
1.1.3.16187.34.3.23.13
1.1.3.16222.5.1.2.2.3.9.23
1.1.3.16229.33.2.12
1.1.3.16245.11.1.6.2
1.1.3.16297.5.1.6.1.1
1.1.3.16349.5.1.4.1.33.8.8
1.1.3.16498.5.1.2.1.8.1
1.1.3.16513.5.1.5.1.37
1.1.3.16532.15.2
1.1.3.16536.14.3.7.18.12.2
1.1.3.16549.35.2.4.5
1.1.3.16595.5.1.1.8.9
1.1.3.16654.14.2.5.5.8
1.1.3.16654.20.1.4.1
1.1.3.16742.5.1.2.1.10.14.44.48
1.1.3.16756.5.1.1
1.1.3.16888.5.1.5.2
1.1.3.16901.11.1.7.5
1.1.3.16904.24.1.10.20
1.1.3.16981.17.2.5.2
1.1.3.17115.5.1.1.1.3.6.6
1.1.3.17185.5.1
1.1.3.17261.3
1.1.3.17299.13
1.1.3.17333.29.1.4
1.1.3.17342.21.3.12.9
1.1.3.17344.5.1.3.1.18
1.1.3.17505.5.1.1.6.4.1.29
1.1.3.17706.65.2.4.17
1.1.3.17708.5.1.2
1.1.3.17751.5.1.1.16.20
1.1.3.17772.5.1.3.2.39.4
1.1.3.17861.21.1.9.2
1.1.3.18019.5.1.29
1.1.3.18138.10.2.11.6
1.1.3.18168.14.4
1.1.3.18241.5.1.2.2.33
1.1.3.18274.5.1.8.2.3
1.1.3.18289.9.4.4.2
1.1.3.18313.5.1.1
1.1.3.18343.5.1.3.1.1.1
1.1.3.18444.17.3.5.4.5.2.4.10
1.1.3.18473.38.1.15.4
1.1.3.18516.3
1.1.3.18626.8.1.6
1.1.3.18644.9.1.7.2.1
1.1.3.18657.42.1.25
1.1.3.18721.22.3.20.9
1.1.3.18777.42.2.11.10
1.1.3.18806.13.6.20
1.1.3.18869.5.1.5.1
1.1.3.18925.39.1.32
1.1.3.19000.9.1.12
1.1.3.19002.5.1.1.11.54.5.15
1.1.3.19089.5.1.20
1.1.3.19172.5.1.3.4.8.3.10
1.1.3.19187.8.2.8.7
1.1.3.19238.14.2.5.2.20.2
1.1.3.19302.5.1.2.2.10.1
1.1.3.19394.5.1.6.1.9
1.1.3.19413.17.3
1.1.3.19445.5.1.1
1.1.3.19570.9.1.5
1.1.3.19607.34.2.27.2
1.1.3.19686.29.2.11.15.12
1.1.3.19786.5.1
1.1.3.19866.11.1.4.2
1.1.3.20007.15.1.19
1.1.3.20021.5.1.3.1.2.2
1.1.3.20150.8.2.4
1.1.3.20175.5.1.15.1.7
1.1.3.20191.9.1.6
1.1.3.20204.15
1.1.3.20223.13.1.18
1.1.3.20274.5.1.4.3.13
1.1.3.20337.5.1.1.1
1.1.3.20353.26.2.4.13
1.1.3.20478.20
1.1.3.20487.5.1.18.19.12.1.2
1.1.3.20504.11.2.4.3
1.1.3.20667.5.1.2.1.11.5.18
1.1.3.20673.3
1.1.3.20731.11.1.5
1.1.3.20740.3
1.1.3.20832.33.3.4.2
1.1.3.20899.8.2.4
1.1.3.20908.5.1.23.24.16.4.15
1.1.3.20950.10.1.9
1.1.3.21007.14.1.5
1.1.3.21027.14.1.4
1.1.3.21103.5.1.1
1.1.3.21159.38.3.6.1.1.4
1.1.3.21242.21.3.26.8
1.1.3.21257.18.1.13
1.1.3.21445.6
1.1.3.21479.19.2.6.3
1.1.3.21561.9.2.33.6
1.1.3.21662.34.3.23.13
1.1.3.21692.15.2.7.2.7.6.31
1.1.3.21699.14.2.24
1.1.3.21720.24
1.1.3.21770.5.1.6.1.1
1.1.3.21822.5.1.4.1.33.8.8
1.1.3.21933.5.1.20.12
1.1.3.21945.24.2.6.7.11.1.5
1.1.3.21959.5.1.8.1.7.4.7
1.1.3.21978.5.1.5.1.13
1.1.3.22000.5.1.1.1.6.3
1.1.3.22063.14.3.12.14
1.1.3.22064.19.4
1.1.3.22118.14.2.5.5.8
1.1.3.22118.20.1.4.1
1.1.3.22217.5.1.2.2.20.7
1.1.3.22360.26
1.1.3.22454.17.2.5.2
1.1.3.22570.13.2.4
1.1.3.22601.5.1.1.1.3.4.31
1.1.3.22657.25.2.6.7.5.2
1.1.3.22681.5.1
1.1.3.22717.9.1.4
1.1.3.22737.5.1.2.1.3.1.10
1.1.3.22779.5.1.9
1.1.3.22845.29.1.4
1.1.3.22855.11.1.16.11
1.1.3.22919.32.2.4
1.1.3.23024.5.1.1.6.4.1.2
1.1.3.23219.65.2.4.17
1.1.3.23221.5.1.2
1.1.3.23264.5.1.1.16.20
1.1.3.23285.5.1.3.2.39.4
1.1.3.23373.37.1.4
1.1.3.23383.13.1.10.4
1.1.3.23462.9.1.4
1.1.3.23524.5.1.13
1.1.3.23660.14.4
1.1.3.23713.5.1
1.1.3.23727.5.1.10
1.1.3.23769.5.1.15.3.14
1.1.3.23798.5.1.1
1.1.3.23828.5.1.3.1.1.1
1.1.3.23925.17.3.5.4.5.2.4.26
1.1.3.23954.38.1.15.4
1.1.3.23997.3
1.1.3.24098.8.1.14
1.1.3.24116.9.1.7.2.1
1.1.3.24129.42.1.25
1.1.3.24151.5.1
1.1.3.24217.13.3.4.5
1.1.3.24247.42.2.11.10
1.1.3.24249.13
1.1.3.24262.37
1.1.3.24406.39.1.32
1.1.3.24479.9.1.12
1.1.3.24481.5.1.1.11.54.5.15
1.1.3.24566.5.1.6.1.22
1.1.3.24580.29.2.8
1.1.3.24603.5.1.13
1.1.3.24628.9.1.9
1.1.3.24653.5.1.3.4.8.3.10
1.1.3.24776.5.1.2.2.10.1
1.1.3.24864.37.2.4.7
1.1.3.24884.5.1.14
1.1.3.24955.5.1.6.1.11
1.1.3.25002.18.1.13
1.1.3.25018.5.1.2.2.31.4.4
1.1.3.25018.5.1.3.3.32.5
1.1.3.25092.33.1.9
1.1.3.25138.29.2.11.15.12
1.1.3.25240.5.1
1.1.3.25320.11.1.4.2
1.1.3.25457.15.1.19
1.1.3.25470.5.1.3.1.2.2
1.1.3.25597.16.3
1.1.3.25629.5.1.15.1.3
1.1.3.25645.9.1.6
1.1.3.25658.15
1.1.3.25677.13.1.18
1.1.3.25728.5.1.4.3.13
1.1.3.25795.15.2.8.1.12.2.19
1.1.3.25896.56.2.11.13.14.3.25.4
1.1.3.25902.20
1.1.3.25912.22.3.13.2.3.2.43
1.1.3.25933.14.1.5
1.1.3.25948.26.3.26.19
1.1.3.26085.5.1.2.1.11.5.18
1.1.3.26133.11.1.5
1.1.3.26142.3
1.1.3.26234.33.3.4.2
1.1.3.26315.14.3.5.11.12.7.18
1.1.3.26358.10.1.9
1.1.3.26405.3
1.1.3.26411.12.2.12
1.1.3.26422.14.1.5
1.1.3.26442.14.1.4
1.1.3.26507.3
1.1.3.26518.28.1.26.9
1.1.3.26524.20
1.1.3.26566.17.1.4.1
1.1.3.26573.5.1.3.1
1.1.3.26600.17.3
1.1.3.26633.18.1.21.26
1.1.3.26667.18.1.13
1.1.3.26849.6
1.1.3.26913.5.1.7.7.19.8.23
1.1.3.26968.14.2
1.1.3.26970.5.1
1.1.3.27008.15.2.6.1.1.1.2
1.1.3.27067.34.3.23.13
1.1.3.27093.15.2.7.2.7.6.31
1.1.3.27100.14.2.24
1.1.3.27172.5.1.6.1.1
1.1.3.27184.5.1.3.1.2
1.1.3.27226.5.1.4.1.33.8.8
1.1.3.27282.13
1.1.3.27360.5.1.15
1.1.3.27378.5.1.7.1
1.1.3.27395.5.1.5.1.13
1.1.3.27424.14.3
1.1.3.27488.14.2.8.15
1.1.3.27489.5.1
1.1.3.27545.14.2.5.5.8
1.1.3.27545.20.1.4.1
1.1.3.27648.5.1.2.2.20.7
1.1.3.27797.26
1.1.3.27806.22.1.13.3
1.1.3.27872.22.3.8.1.7.5
1.1.3.28028.5.1.1.1.3.6.6
1.1.3.28092.5.1.5.2
1.1.3.28146.9.1.4
1.1.3.28166.5.1.2.1.3.1.17
1.1.3.28208.5.1.9
1.1.3.28265.29.1.4
1.1.3.28274.21.3.12.9
1.1.3.28276.5.1.3.1.18
1.1.3.28440.31.2.10.1
1.1.3.28441.48.2.5
1.1.4.133.65.2.4.17
1.1.4.135.5.1.2
1.1.4.178.5.1.1.16.20
1.1.4.199.5.1.3.2.39.4
1.1.4.247.5.1
1.1.4.325.20.1.12.5
1.1.4.380.15.2.31.3.9.2
1.1.4.447.5.1.29
1.1.4.543.9.4.4
1.1.4.549.17.2.6.4.16.3.5
1.1.4.557.44.2
1.1.4.558.9.2.12.5
1.1.4.577.8.1.9
1.1.4.586.28.2.17.16.31
1.1.4.638.5.1
1.1.4.653.5.1.2.2.18
1.1.4.683.38.2.12
1.1.4.691.15.2.7.7.8
1.1.4.742.5.1.3.1.1.1
1.1.4.838.17.3.5.4.5.2.4.27
1.1.4.867.38.1.15.4
1.1.4.910.3
1.1.4.1011.8.1.14
1.1.4.1029.9.1.7.2.1
1.1.4.1042.42.1.25
1.1.4.1052.9.3.4
1.1.4.1112.10.1.11.4.9
1.1.4.1135.20.1.9
1.1.4.1153.11.2.10
1.1.4.1161.24.2.11.10
1.1.4.1163.13
1.1.4.1176.37
1.1.4.1281.5.1
1.1.4.1350.16.2.8.12.30.3
1.1.4.1412.5.1.13
1.1.4.1504.5.1.20
1.1.4.1570.9.1.9
1.1.4.1595.5.1.3.4.8.3.10
1.1.4.1663.14.2.5.2.20.2
1.1.4.1837.9.1.4.12
1.1.4.1949.18.1.13
1.1.4.1965.5.1.2.2.31.4.4
1.1.4.1965.5.1.3.3.32.5
1.1.4.2002.34.2.27.2
1.1.4.2040.33.1.9
1.1.4.2086.29.2.11.15.12
1.1.4.2178.5.1
1.1.4.2258.11.1.4.2
1.1.4.2398.15.1.19
1.1.4.2546.8.2.4
1.1.4.2586.5.1.15.1.19
1.1.4.2602.20.1.4
1.1.4.2688.5.1.4.3.13
1.1.4.2765.26.2.4.13
1.1.4.2900.5.1.18.19.12.1.2
1.1.4.2917.11.2.4.3
1.1.4.3075.5.1.2.1.5
1.1.4.3199.33.3.4.2
1.1.4.3279.14.2.8.3.11
1.1.4.3321.10.1.9
1.1.4.3350.8.1.4
1.1.4.3431.33.2
1.1.4.3454.5.1
1.1.4.3456.5.1.6.7.14.9
1.1.4.3519.17.1.4.1
1.1.4.3526.5.1.3.1
1.1.4.3686.11
1.1.4.3770.5.1.6
1.1.4.3822.6
1.1.4.3857.19.2.6.3
1.1.4.3889.11.2.15.6
1.1.4.3948.11.1.4
1.1.4.3987.15.2.6.1.1.1.2
1.1.4.4044.34.3.23.13
1.1.4.4083.15.4.5.2.9
1.1.4.4091.32.2.12
1.1.4.4105.24
1.1.4.4155.5.1.6.1.1
1.1.4.4207.5.1.4.1.33.8.8
1.1.4.4327.5.1.17
1.1.4.4346.5.1.11.1.4.3.69
1.1.4.4365.5.1.5.1.13
1.1.4.4394.14.3
1.1.4.4453.5.1.6.1.3.7.39
1.1.4.4520.3
1.1.4.4544.49.3.5.2.24.1.5
1.1.4.4629.5.1.2.2.20.9
1.1.4.4766.26
1.1.4.4860.17.2.5.2
1.1.4.4987.14.3.12.7.8.3.3
1.1.4.5051.5.1.5.2
1.1.4.5105.9.1.4
1.1.4.5125.5.1.2.1.3.1.17
1.1.4.5164.5.1.11.1.1.5
1.1.4.5174.3
1.1.4.5217.29.1.4
1.1.4.5226.21.3.12.9
1.1.4.5228.5.1.3.1.18
1.1.4.5293.5.1
1.1.4.5389.5.1
1.1.4.5401.5.1.2
1.1.4.5591.5.1.6.18.16
1.1.4.5591.5.1.10.1.1
1.1.4.5630.5.1.1.16.30
1.1.4.5651.3
1.1.4.5659.13.1.8
1.1.4.5798.20.1.12.5
1.1.4.5921.5.1.13
1.1.4.6008.5.1.1.2.34
1.1.4.6019.5.1.17.1
1.1.4.6027.18.2.9.6
1.1.4.6053.14.4
1.1.4.6122.5.1.10
1.1.4.6148.14.1.4.4
1.1.4.6159.5.1.13.2.7
1.1.4.6210.5.1.3.1.1.1
1.1.4.6286.16.4.6.5
1.1.4.6301.15
1.1.4.6304.5.1.1.21.23.3
1.1.4.6324.29.3.36.1.2.4.9
1.1.4.6327.26.4.15.20.10.2
1.1.4.6372.12.1.4.9
1.1.4.6376.3
1.1.4.6470.8.1.14
1.1.4.6488.9.1.7.2.1
1.1.4.6501.42.1.25
1.1.4.6511.9.3.4
1.1.4.6588.13.3.4.5
1.1.4.6616.42.2.11.10
1.1.4.6618.13
1.1.4.6631.37
1.1.4.6866.22.2.7.1
1.1.4.6954.3
1.1.4.6962.5.1
1.1.4.7008.9.1.9
1.1.4.7259.20.2.4.5
1.1.4.7275.9.1.4.12
1.1.4.7339.25.1.12.11
1.1.4.7341.18.1.4
1.1.4.7377.18.1.13
1.1.4.7393.5.1.2.2.31.4.4
1.1.4.7393.5.1.3.3.32.5
1.1.4.7433.34.2.27.2
1.1.4.7508.29.2.11.15.12
1.1.4.7663.29.1.21
1.1.4.7671.11.1.4.2
1.1.4.7899.11
1.1.4.8051.13.2.5.8.21.3
1.1.4.8088.5.1.12.2
1.1.4.8097.5.1.21
1.1.4.8147.5.1.1.1
1.1.4.8163.26.2.4.13
1.1.4.8263.56.2.11.13.14.3.25.4
1.1.4.8279.5.1.18.19.12.1.2
1.1.4.8296.14.1.5
1.1.4.8311.26.3.26.19
1.1.4.8394.8.1.6
1.1.4.8473.5.1.3.1
1.1.4.8474.5.1.2.1.3
1.1.4.8608.33.3.4.2
1.1.4.8681.5.1.4.4.20
1.1.4.8682.22.2.10
1.1.4.8733.10.1.4
1.1.4.8764.5.1
1.1.4.8874.5.1.1
1.1.4.8930.38.3.6.1.1.4
1.1.4.8998.18.1.21.26
1.1.4.9032.18.1.13
1.1.4.9091.31
1.1.4.9229.6
1.1.4.9266.19.2.6.3
1.1.4.9352.11.1.4
1.1.4.9389.35.1.4.13
1.1.4.9453.34.3.23.13
1.1.4.9485.15.2.7.2.7.6.31
1.1.4.9492.14.2.24
1.1.4.9563.5.1.6.1.1
1.1.4.9575.5.1.3.1.2
1.1.4.9612.5.1.3.3.21.4.4
1.1.4.9664.21.5
1.1.4.9747.5.1.7.1
1.1.4.9764.5.1.5.1.13
1.1.4.9786.5.1.1.1.6.3
1.1.4.9904.16.3.5.7.11
1.1.4.9990.5.1.2.2.20.9
1.1.4.10134.5.1.31.13
1.1.4.10147.11.1.7.5
1.1.4.10150.24.1.10.20
1.1.4.10227.17.2.5.2
1.1.4.10347.9.5.4.3
1.1.4.10400.5.1
1.1.4.10422.5.1
1.1.4.10468.5.1.2.1.3.1.5
1.1.4.10510.5.1.9
1.1.4.10566.29.1.4
1.1.4.10576.11.1.16.11
1.1.4.10738.22.3.28.18.5.1
1.1.4.10742.5.1.2.2.12
1.1.4.10938.39.2.4.12
1.1.4.10940.5.1.2
1.1.4.10983.5.1.1.16.20
1.1.4.11056.5.1
1.1.4.11101.21.1.9.2
1.1.4.11130.10.2.11
1.1.4.11196.33.2
1.1.4.11267.5.1.13
1.1.4.11379.10.2.11.6
1.1.4.11409.14.4
1.1.4.11478.5.1.10
1.1.4.11524.5.1.13.2.7
1.1.4.11575.5.1.3.1.1.1
1.1.4.11676.17.3.5.4.5.2.4.10
1.1.4.11705.38.1.15.4
1.1.4.11748.3
1.1.4.11849.8.1.14
1.1.4.11865.5.1.1.1
1.1.4.11878.24.2.10.21
1.1.4.11944.10.1.11.4.9
1.1.4.11967.20.2.4.5
1.1.4.11988.11.2.10
1.1.4.11996.24.2.11.10
1.1.4.12158.16.2.8.12.30.3
1.1.4.12219.9.1.12
1.1.4.12221.5.1.1.11.54.5.15
1.1.4.12308.5.1.20
1.1.4.12374.9.1.9
1.1.4.12399.5.1.3.4.8.3.10
1.1.4.12467.14.2.5.2.20.2
1.1.4.12531.5.1.2.2.10.1
1.1.4.12616.5.1.6.1.3
1.1.4.12635.17.3
1.1.4.12643.9.1.4.11
1.1.4.12755.18.1.13
1.1.4.12771.5.1.2.2.31.4.4
1.1.4.12771.5.1.3.3.32.5
1.1.4.12808.34.2.27.2
1.1.4.12885.29.2.11.15.12
1.1.4.12979.5.1
1.1.4.13057.13.1.9.1.1.1.7
1.1.4.13106.11.3.4.1
1.1.4.13120.9.4.4.5
1.1.4.13186.15.1.19
1.1.4.13199.5.1.3.1.2.2
1.1.4.13285.11
1.1.4.13332.16.3
1.1.4.13358.5.1.15.1.7
1.1.4.13374.9.1.6
1.1.4.13387.15
1.1.4.13435.5.1.12.2
1.1.4.13444.5.1.21
1.1.4.13497.5.1.1.1
1.1.4.13513.26.2.4.13
1.1.4.13648.5.1.18.19.12.1.2
1.1.4.13665.11.2.4.3
1.1.4.13843.22.2.4.7
1.1.4.13902.5.1.1.8.2.1
1.1.4.13906.3
1.1.4.13990.33.3.4.2
1.1.4.14059.8.2.4
1.1.4.14064.5.1.8.1.31
1.1.4.14106.10.1.9
1.1.4.14141.9.1.6
1.1.4.14163.14.1.5
1.1.4.14183.14.1.4
1.1.4.14239.5.1
1.1.4.14241.5.1.6.7.14.9
1.1.4.14304.17.1.4.1
1.1.4.14311.5.1.3.1
1.1.4.14386.9.1.4
1.1.4.14456.11
1.1.4.14537.5.1.6
1.1.4.14671.11.2.15.6
1.1.4.14727.14.2
1.1.4.14729.5.1
1.1.4.14764.15.2.6.1.1.1.2
1.1.4.14831.34.3.23.13
1.1.4.14870.15.4.5.2.9
1.1.4.14878.32.2.12
1.1.4.14894.11.1.6.2
1.1.4.14946.5.1.6.1.1
1.1.4.14958.5.1.3.1.2
1.1.4.15000.5.1.4.1.33.8.8
1.1.4.15119.5.1.17
1.1.4.15164.5.1.5.1.28
1.1.4.15183.15.2
1.1.4.15187.14.3.7.18.12.2
1.1.4.15200.35.2.4.4
1.1.4.15232.5.1.7.1.2
1.1.4.15289.5.1.2.2.6
1.1.4.15304.31.3.5.2.14.1.6
1.1.4.15378.5.1.2.2.20.9
1.1.4.15522.26
1.1.4.15531.22.1.13.3
1.1.4.15616.17.2.5.2
1.1.4.15754.9.5.4.3
1.1.4.15826.5.1.1.1.29.2
1.1.4.15845.5.1
1.1.4.15881.9.1.4
1.1.4.15895.5.1.7
1.1.4.15934.5.1.11.1.1.5
1.1.4.15977.29.1.4
1.1.4.15986.21.3.12.9
1.1.4.15988.5.1.3.1.18
1.1.4.16011.54.1.62
1.1.4.16025.15.3.28.1.3.2
1.1.4.16141.5.1.1.6.4.1.29
1.1.4.16312.65.2.4.17
1.1.4.16314.5.1.2
1.1.4.16357.5.1.1.16.20
1.1.4.16428.5.1
1.1.4.16499.10.2.11
1.1.4.16626.5.1.13
1.1.4.16728.5.1.2.3.17.4.35
1.1.4.16736.44.2
1.1.4.16737.9.2.12.5
1.1.4.16767.14.4
1.1.4.16837.36.2.20.2.4
1.1.4.16879.15.2.7.7.6
1.1.4.16930.5.1.3.1.1.1
1.1.4.17007.16.4.6.5
1.1.4.17022.15
1.1.4.17025.5.1.1.21.23.3
1.1.4.17045.29.3.36.1.2.4.9
1.1.4.17048.26.4.15.20.10.2
1.1.4.17093.12.1.4.9
1.1.4.17097.3
1.1.4.17192.8.1.6
1.1.4.17210.9.1.7.2.1
1.1.4.17223.42.1.25
1.1.4.17233.9.3.4
1.1.4.17313.54.4.10.8.4
1.1.4.17332.11.2.10
1.1.4.17340.24.2.11.10
1.1.4.17447.12
1.1.4.17502.39.1.29
1.1.4.17583.20.2.9
1.1.4.17674.5.1.6.1.22
1.1.4.17755.5.1.3.4.8.3.10
1.1.4.17827.14.2.5.2.20.2
1.1.4.17891.5.1.2.2.10.1
1.1.4.17978.37.2.4.7
1.1.4.17998.5.1.14
1.1.4.18069.5.1.6.1.12
1.1.4.18116.18.1.13
1.1.4.18132.5.1.2.2.31.4.4
1.1.4.18132.5.1.3.3.32.5
1.1.4.18249.29.2.11.15.12
1.1.4.18345.5.1
1.1.4.18423.13.1.9.1.1.1.7
1.1.4.18551.15.1.19
1.1.4.18564.5.1.3.1.2.2
1.1.4.18744.5.1.15.1.19
1.1.4.18760.20.1.4
1.1.4.18824.5.1.12.2
1.1.4.18833.5.1.21
1.1.4.19020.22.3.13.2.3.2.21
1.1.4.19052.26.3.26.17
1.1.4.19197.5.1.2.1.5
1.1.4.19249.11.1.5
1.1.4.19258.3
1.1.4.19342.33.3.4.2
1.1.4.19419.5.1.3.3.15
1.1.4.19506.9.1.6
1.1.4.19587.5.1
1.1.4.19589.5.1.6.9.19.4
1.1.4.19633.12.1.7.19
1.1.4.19655.17.1.4.1
1.1.4.19662.5.1.3.1
1.1.4.19737.18.1.21.26
1.1.4.19908.23.3.6.5.25
1.1.4.19941.21.1.4.4
1.1.4.19966.15
1.1.4.20002.19.2.6.3
1.1.4.20090.14.2
1.1.4.20092.5.1
1.1.4.20198.34.3.23.13
1.1.4.20235.5.1.33.1.1.13.25
1.1.4.20300.5.1.6.1.1
1.1.4.20352.5.1.4.1.33.8.8
1.1.4.20466.5.1.20.12
1.1.4.20478.24.2.6.7.11.1.5
1.1.4.20513.5.1.5.1.13
1.1.4.20554.17.2.4.3
1.1.4.20605.28.3.6.1.25.4.16
1.1.4.20665.5.1.2.2.6
1.1.4.20680.31.3.5.2.14.1.6
1.1.4.20758.5.1.2.2.20.9
1.1.4.20899.5.1.5.2
1.1.4.20912.11.1.7.5
1.1.4.20915.24.1.10.19
1.1.4.20994.17.2.5.2
1.1.4.21132.9.5.4.3
1.1.4.21191.5.1
1.1.4.21258.9.1.4
1.1.4.21278.5.1.2.1.3.1.10
1.1.4.21320.5.1.9
1.1.4.21377.29.1.4
1.1.4.21387.11.1.16.11
1.1.4.21414.54.1.62
1.1.4.21428.15.3.28.1.3.2
1.1.4.21544.5.1.1.6.4.1.29
1.1.4.21729.5.1.6.13.14
1.1.4.21729.5.1.10.1.1
1.1.4.21768.5.1.1.16.30
1.1.4.21789.3
1.1.4.21797.13.1.8
1.1.4.21937.20.1.12.5
1.1.4.22060.5.1.13
1.1.4.22206.14.4
1.1.4.22239.15.2
1.1.4.22269.5.1.2.2.31
1.1.4.22304.14.1.4.4
1.1.4.22315.5.1.13.2.7
1.1.4.22375.5.1.3.1.1.1
1.1.4.22476.17.3.5.4.5.2.4.10
1.1.4.22505.38.1.15.4
1.1.4.22551.12.1.4.9
1.1.4.22555.3
1.1.4.22652.17.1.21
1.1.4.22670.9.1.7.2.1
1.1.4.22689.9.3.4
1.1.4.22749.22.3.20.9
1.1.4.22804.42.2.11.10
1.1.4.22973.16.2.8.12.30.3
1.1.4.23042.5.1.13
1.1.4.23134.5.1.20
1.1.4.23168.16.1.5.6
1.1.4.23189.9.1.9
1.1.4.23214.5.1.3.4.8.3.10
1.1.4.23229.8.2.8.7
1.1.4.23268.14.2.5.2.16.2
1.1.4.23332.5.1.2.2.10.1
1.1.4.23444.9.1.4.12
1.1.4.23512.5.1.12
1.1.4.23577.34.2
1.1.4.23578.5.1.7.4.25.4
1.1.4.23614.34.2.27.2
1.1.4.23693.29.2.11.15.12
1.1.4.23785.5.1
1.1.4.23863.13.1.9.1.1.1.7
1.1.4.23909.11.3.4.1
1.1.4.23923.9.4.4.5
1.1.4.24128.8.2.4
1.1.4.24153.5.1.15.1.7
1.1.4.24169.9.1.6
1.1.4.24182.15
1.1.4.24201.13.1.18
1.1.4.24252.5.1.4.3.13
1.1.4.24309.5.1.1.1
1.1.4.24325.26.2.4.13
1.1.4.24442.20
1.1.4.24452.22.3.13.2.3.2.21
1.1.4.24473.14.1.5
1.1.4.24488.26.3.26.19
1.1.4.24554.8.1.6
1.1.4.24633.5.1.3.1
1.1.4.24634.5.1.2.1.3
1.1.4.24703.11.1.5
1.1.4.24712.3
1.1.4.24804.33.3.4.2
1.1.4.24882.5.1.23.20.36.11.59
1.1.4.24931.10.1.9
1.1.4.24962.5.1
1.1.4.25039.33.2
1.1.4.25062.5.1
1.1.4.25064.5.1.6.7.14.9
1.1.4.25131.38.3.6.1.1.4
1.1.4.25199.18.1.21.26
1.1.4.25233.18.1.13
1.1.4.25346.5.1.30.1.2.2
1.1.4.25428.6
1.1.4.25453.19.2.6.3
1.1.4.25541.14.2
1.1.4.25543.5.1
1.1.4.25580.10.2.10.22
1.1.4.25590.8.1.4
1.1.4.25647.34.3.23.13
1.1.4.25680.14.2.20.1.1
1.1.4.25688.5.1.25.1.1.1.20
1.1.4.25717.5.1.19.8
1.1.4.25748.5.1.6.1.1
1.1.4.25760.5.1.3.1.2
1.1.4.25926.5.1.17
1.1.4.25971.5.1.5.1.28
1.1.4.26018.17.2.4.3
1.1.4.26065.14.2.8.15
1.1.4.26066.5.1
1.1.4.26122.5.1.2.2.6
1.1.4.26137.31.3.5.2.14.1.6
1.1.4.26222.5.1.2.2.20.9
1.1.4.26377.26
1.1.4.26386.22.1.13.3
1.1.4.26472.17.2.5.2
1.1.4.26532.10.4.4
1.1.4.26618.5.1.1.1.3.6.6
1.1.4.26683.5.1.5.2
1.1.4.26737.9.1.4
1.1.4.26757.5.1.2.1.3.1.17
1.1.4.26845.29.1.4
1.1.4.26854.21.3.12.9
1.1.4.26856.5.1.3.1.18
1.1.4.26921.5.1
1.1.4.27025.5.1.2
1.1.4.27221.65.2.4.17
1.1.4.27223.5.1.2
1.1.4.27266.5.1.1.16.20
1.1.4.27292.13.1.8
1.1.4.27386.31.4.10.13.27
1.1.4.27427.20.1.12.5
1.1.4.27556.5.1.13
1.1.4.27674.10.2.11.6
1.1.4.27704.14.4
1.1.4.27774.36.2.20.2.4
1.1.4.27820.5.1.13.2.7
1.1.4.27849.5.1.1
1.1.4.27879.5.1.3.1.1.1
1.1.4.27955.16.4.6.5
1.1.4.27970.15
1.1.4.27973.5.1.1.21.23.3
1.1.4.27993.29.3.36.1.2.4.9
1.1.4.27996.26.4.15.20.10.2
1.1.4.28041.12.1.4.9
1.1.4.28138.8.1.6
1.1.4.28156.9.1.7.2.1
1.1.4.28169.42.1.25
1.1.4.28179.9.3.4
1.1.4.28229.5.1.2.1.2.2.5.15
1.1.4.28247.33.2.32.1.63.1.6
1.1.4.28261.11.2.10
1.1.4.28274.9.1.19
1.1.4.28385.15.1.16
1.1.4.28439.39.1.32
1.1.4.28512.9.1.12
1.1.4.28514.5.1.1.11.54.5.15
1.1.4.28601.5.1.20
1.1.4.28633.5.1.13
1.1.4.28658.9.1.9
1.1.4.28683.5.1.3.4.8.3.10
1.1.4.28755.14.2.5.2.20.2
1.1.4.28819.5.1.2.2.10.1
1.1.4.28899.20.2.4.5
1.1.4.28992.14.3.14
1.1.4.28994.14.3.4
1.1.4.29044.34.2
1.1.4.29045.5.1.7.4.25.4
1.1.4.29078.34.2.27.2
1.1.4.29119.33.1.9
1.1.4.29165.29.2.11.15.12
1.1.4.29235.5.1.20.1.1
1.1.4.29318.29.1.21
1.1.4.29326.11.1.4.2
1.1.4.29477.15.1.19
1.1.4.29491.5.1.3.1.2.2
1.1.4.29655.5.1.15.1.3
1.1.4.29671.20.1.4
1.1.4.29737.5.1.12.2
1.1.4.29746.5.1.21
1.1.4.29812.15.2.8.1.12.2.29
1.1.4.29915.56.2.11.13.14.3.25.4
1.1.4.29932.22.3.13.2.3.2.43
1.1.4.29953.11.2.4.3
1.1.4.30132.22.2.4.7
1.1.4.30187.11.1.5
1.1.4.30196.3
1.1.4.30280.33.3.4.2
1.1.4.30358.14.2.8.3.11
1.1.4.30446.12.2.12
1.1.4.30457.14.1.5
1.1.4.30477.14.1.4
1.1.4.30577.12.1.7.19
1.1.4.30602.38.3.6.1.1.4
1.1.4.30755.11
1.1.4.30840.23.3.6.5.25
1.1.4.30903.6
1.1.4.30969.5.1.7.7.19.8.23
1.1.4.31027.14.2
1.1.4.31029.5.1
1.1.4.31064.15.2.6.1.1.1.2
1.1.4.31135.34.3.23.13
1.1.4.31170.5.1.2.2.3.9.23
1.1.4.31177.33.2.12
1.1.4.31194.11.1.6.2
1.1.4.31246.5.1.6.1.1
1.1.4.31298.5.1.4.1.33.8.8
1.1.4.31416.5.1.17
1.1.4.31440.5.1.2.1.8.1
1.1.4.31455.5.1.5.1.37
1.1.4.31474.15.2
1.1.4.31478.14.3.7.18.12.2
1.1.4.31491.35.2.4.4
1.1.4.31523.9.1.4.2
1.1.4.31585.5.1.2.2.6
1.1.4.31600.31.3.5.2.14.1.6
1.1.4.31674.5.1.2.2.20.9
1.1.4.31820.26
1.1.4.31829.22.1.13.3
1.1.4.31914.17.2.5.2
1.1.4.32006.6
1.1.4.32052.5.1.1.1.3.4.13
1.1.4.32122.5.1
1.1.4.32144.5.1
1.1.4.32180.9.1.4
1.1.4.32200.5.1.2.1.3.1.10
1.1.4.32239.5.1.11.1.1.5
1.1.4.32249.3
1.1.4.32283.29.1.4
1.1.4.32292.21.3.12.9
1.1.4.32294.5.1.3.1.18
1.1.4.32447.5.1.1.6.4.1.2
1.1.4.32636.5.1.6.13.14
1.1.4.32636.5.1.10.1.1
1.1.4.32676.5.1.1.16.39
1.1.4.32697.5.1.3.2.39.4
1.1.4.32742.5.1
1.1.4.32814.20.1.12.5
1.1.4.32940.5.1.29
1.1.4.33059.10.2.11.6
1.1.4.33089.14.4
1.1.4.33158.5.1.10
1.1.4.33199.5.1.13.2.7
1.1.4.33250.5.1.3.1.1.1
1.1.4.33355.5.1.6.22
1.1.4.33381.9.3.8.4
1.1.4.33433.3
1.1.4.33534.8.1.14
1.1.4.33550.5.1.1.1
1.1.4.33613.5.1.2.1.2.2.5.34
1.1.4.33630.28.2.4.5
1.1.4.33652.5.1
1.1.4.33673.5.1.9.3.6.1.15
1.1.4.33682.37
1.1.4.33779.5.1.5.1
1.1.4.33835.39.1.32
1.1.4.33913.5.1.13
1.1.4.34004.5.1.20
1.1.4.34067.9.1.9
1.1.4.34092.5.1.3.4.8.3.10
1.1.4.34160.14.2.5.2.20.2
1.1.4.34224.5.1.2.2.10.1
1.1.4.34313.37.2.4.7
1.1.4.34333.5.1.14
1.1.4.34464.34.2
1.1.4.34465.5.1.7.4.25.4
1.1.4.34494.31.3.5.3
1.1.4.34585.29.2.11.15.12
1.1.4.34677.5.1
1.1.4.34757.11.1.4.2
1.1.4.34910.15.1.19
1.1.4.34921.12
1.1.4.34922.28.2.17
1.1.4.35003.11
1.1.4.35070.5.1.15.1.32
1.1.4.35086.9.1.6
1.1.4.35099.15
1.1.4.35118.13.1.18
1.1.4.35170.5.1.4.3.13
1.1.4.35230.5.1.1.1
1.1.4.35376.5.1.3
1.1.4.35394.11.2.4.3
1.1.4.35570.22.2.4.7
1.1.4.35621.10.1.8
1.1.4.35715.33.3.4.2
1.1.4.35840.10.1.9
1.1.4.35889.3
1.1.4.35906.14.1.5
1.1.4.35926.14.1.4
1.1.4.35991.3
1.1.5.36002.33.3.27
1.1.5.36058.38.3.6.1.1.4
1.1.5.36121.18.1.21.16
1.1.5.36155.18.1.13
1.1.5.36214.31
1.1.5.36271.5.1.30.1.2.2
1.1.5.36363.6
1.1.5.36394.19.2.6.3
1.1.5.36477.9.2.33.6
1.1.5.36514.35.1.4.13
1.1.5.36578.34.3.23.13
1.1.5.36611.5.1.3
1.1.5.36623.10.1.4.5
1.1.5.36637.11.1.6.2
1.1.5.36689.5.1.6.1.1
1.1.5.36741.5.1.4.1.33.8.8
1.1.5.36852.5.1.20.12
1.1.5.36864.24.2.6.7.11.1.5
1.1.5.36899.5.1.5.1.13
1.1.5.36928.14.3
1.1.5.36987.5.1.6.1.3.7.39
1.1.5.37016.6
1.1.5.37062.5.1.2.2.6
1.1.5.37077.31.3.5.2.14.1.6
1.1.5.37158.5.1.2.2.20.9
1.1.5.37310.26
1.1.5.37319.22.1.13.3
1.1.5.37385.22.3.8.1.7.5
1.1.5.37542.9.5.4.3
1.1.5.37595.5.1
1.1.5.37668.5.1.2.1.9.1.5
1.1.5.37707.5.1.11.1.1.5
1.1.5.37756.5.1.37.2.4.1.2
1.1.5.37764.23.1.20.8
1.1.5.37809.5.1.17.1
1.1.5.37830.5.1
1.1.5.37931.22.3.28.18.5.1
1.1.5.37935.5.1.2.2.12
1.1.5.38134.5.1.6.18.16
1.1.5.38134.5.1.10.1.1
1.1.5.38171.5.1.1.12.13
1.1.5.38243.5.1
1.1.5.38288.21.1.9.2
1.1.5.38318.20.1.12.5
1.1.5.38448.5.1.29
1.1.5.38541.53.3.14
1.1.5.38548.14.2.7.8.5.3.8
1.1.5.38568.14.4
1.1.5.38615.5.1
1.1.5.38630.5.1.2.2.18
1.1.5.38676.15.2.7.7.6
1.1.5.38705.5.1.1
1.1.5.38735.5.1.3.1.1.1
1.1.5.38833.17.3.5.4.5.2.4.27
1.1.5.38862.38.1.15.4
1.1.5.38905.3
1.1.5.39014.8.1.14
1.1.5.39032.9.1.7.2.1
1.1.5.39045.42.1.25
1.1.5.39154.24.2.11.10
1.1.5.39308.39.1.32
1.1.5.39391.22.2.7.1
1.1.5.39392.5.1.4.3.11
1.1.5.39481.5.1.20
1.1.5.39544.9.1.9
1.1.5.39691.5.1.2.2.10.1
1.1.5.39781.37.2.4.7
1.1.5.39876.25.1.12.11
1.1.5.39878.18.1.4
1.1.5.39914.18.1.13
1.1.5.39930.5.1.2.2.31.4.4
1.1.5.39930.5.1.3.3.32.5
1.1.5.40006.33.1.9
1.1.5.40054.29.2.11.15.12
1.1.5.40150.5.1
1.1.5.40230.11.1.4.2
1.1.5.40269.5.1.41.16.13.13.32
1.1.5.40288.9.1.4.4
1.1.5.40343.15.1.19
1.1.5.40354.12
1.1.5.40355.28.2.17
1.1.5.40436.11
1.1.5.40477.8.2.4
1.1.5.40513.5.1.2
1.1.5.40516.5.1.2.2.34.5
1.1.5.40519.9.1.12
1.1.5.40533.9.1.6
1.1.5.40546.15
1.1.5.40615.5.1.4.3.13
1.1.5.40780.56.2.11.13.14.3.25.4
1.1.5.40796.5.1.18.19.12.1.2
1.1.5.40813.11.2.4.3
1.1.5.40973.5.1.2.1.11.5.20
1.1.5.41111.33.3.4.2
1.1.5.41186.5.1.3.3.15
1.1.5.41232.10.1.9
1.1.5.41359.3
1.1.5.41370.28.1.26.9
1.1.5.41376.20
1.1.5.41418.17.1.4.1
1.1.5.41425.5.1.3.1
1.1.5.41452.17.3
1.1.5.41485.18.1.21.26
1.1.5.41572.11
1.1.5.41649.23.3.6.5.25
1.1.5.41712.6
1.1.5.41749.19.2.6.3
1.1.5.41774.15.2.7.20.25
1.1.5.41831.14.2
1.1.5.41833.5.1
1.1.5.41871.15.2.6.1.1.1.2
1.1.5.41927.34.3.23.13
1.1.5.41957.15.4.5.2.45
1.1.5.41965.32.2.12
1.1.5.41981.11.1.6.2
1.1.5.42033.5.1.6.1.1
1.1.5.42082.5.1.3.3.21.4.4
1.1.5.42133.21.5
1.1.5.42243.5.1.5.1.28
1.1.5.42262.15.2
1.1.5.42266.14.3.7.18.12.2
1.1.5.42279.35.2.4.4
1.1.5.42311.5.1.7.1.2
1.1.5.42368.14.2.5.5.8
1.1.5.42368.20.1.4.1
1.1.5.42460.5.1.2.2.20.9
1.1.5.42607.26
1.1.5.42616.22.1.13.3
1.1.5.42701.17.2.5.2
1.1.5.42771.10.4.4
1.1.5.42854.5.1.1.1.3.6.6
1.1.5.42924.5.1
1.1.5.42946.5.1
1.1.5.42991.3
1.1.5.43026.5.1.9
1.1.5.43083.29.1.4
1.1.5.43093.11.1.16.11
1.1.5.43120.54.1.45
1.1.5.43141.10.5.4
1.1.5.43242.22.3.28.18.5.1
1.1.5.43246.5.1.2.2.12
1.1.5.43439.5.1.6.18.16
1.1.5.43439.5.1.10.1.1
1.1.5.43479.5.1.1.16.39
1.1.5.43500.5.1.3.2.39.4
1.1.5.43545.5.1
1.1.5.43590.21.1.9.2
1.1.5.43620.20.1.12.5
1.1.5.43692.33.2
1.1.5.43766.5.1.29
1.1.5.43912.14.4
1.1.5.43985.5.1.2.2.33
1.1.5.43998.5.1.2.2.3
1.1.5.44038.5.1.13.2.7
1.1.5.44096.5.1.3.1.1.1
1.1.5.44172.16.4.6.5
1.1.5.44187.15
1.1.5.44190.5.1.1.21.23.3
1.1.5.44210.29.3.36.1.2.4.9
1.1.5.44213.26.4.15.20.10.2
1.1.5.44258.12.1.4.9
1.1.5.44262.3
1.1.5.44359.17.1.21
1.1.5.44377.9.1.7.2.1
1.1.5.44396.9.3.4
1.1.5.44473.13.3.4.5
1.1.5.44503.42.2.11.10
1.1.5.44600.12
1.1.5.44654.39.1.32
1.1.5.44716.9.1.12
1.1.5.44718.5.1.1.11.54.5.14
1.1.5.44794.5.1.20
1.1.5.44831.16.1.5.13
1.1.5.44875.5.1.3.4.8.3.10
1.1.5.44941.14.2.5.2.20.2
1.1.5.45005.5.1.2.2.10.1
1.1.5.45108.5.1.24.13
1.1.5.45118.5.1.14
1.1.5.45235.18.1.13
1.1.5.45251.5.1.2.2.31.4.4
1.1.5.45251.5.1.3.3.32.5
1.1.5.45288.34.2.27.2
1.1.5.45366.29.2.11.15.12
1.1.5.45463.5.1
1.1.5.45541.13.1.9.1.1.1.7
1.1.5.45673.15.1.19
1.1.5.45686.5.1.3.1.2.2
1.1.5.45772.11
1.1.5.45813.8.2.4
1.1.5.45838.5.1.15.1.7
1.1.5.45854.9.1.6
1.1.5.45867.15
1.1.5.45886.13.1.18
1.1.5.45932.5.1.1.1.1
1.1.5.46101.56.2.11.13.14.3.25.4
1.1.5.46117.5.1.18.19.12.1.2
1.1.5.46134.14.1.5
1.1.5.46149.26.3.26.19
1.1.5.46290.5.1.2.1.5
1.1.5.46345.11.1.5
1.1.5.46354.3
1.1.5.46446.33.3.4.2
1.1.5.46524.14.1.30.11
1.1.5.46524.14.1.30.13
1.1.5.46673.5.1
1.1.5.46675.5.1.6.7.14.9
1.1.5.46719.12.1.7.19
1.1.5.46741.17.1.4.1
1.1.5.46748.5.1.3.1
1.1.5.46775.17.3
1.1.5.46808.18.1.21.26
1.1.5.46842.18.1.13
1.1.5.46896.5.1
1.1.5.46980.23.3.6.5.25
1.1.5.47043.6
1.1.5.47108.15.2.7.20.25
1.1.5.47165.11.1.4
1.1.5.47202.35.1.4.13
1.1.5.47269.34.3.23.13
1.1.5.47301.15.2.7.2.7.6.31
1.1.5.47308.14.2.24
1.1.5.47332.5.1.9.24.11.4.17
1.1.5.47378.5.1.6.1.1
1.1.5.47430.5.1.4.1.33.8.8
1.1.5.47550.5.1.17
1.1.5.47572.5.1.7.1
1.1.5.47589.5.1.5.1.13
1.1.5.47608.15.2
1.1.5.47612.14.3.7.18.12.2
1.1.5.47625.35.2.4.4
1.1.5.47670.22.1.9.13
1.1.5.47730.5.1.2.2.6
1.1.5.47745.31.3.5.2.14.1.6
1.1.5.47823.5.1.5.6
1.1.5.47978.26
1.1.5.47987.22.1.13.3
1.1.5.48072.17.2.5.2
1.1.5.48182.9.5.4.3
1.1.5.48241.5.1
1.1.5.48263.5.1
1.1.5.48299.9.1.4
1.1.5.48319.5.1.2.1.3.1.10
1.1.5.48361.5.1.9
1.1.5.48421.29.1.4
1.1.5.48430.21.3.12.9
1.1.5.48432.5.1.3.1.18
1.1.5.48584.5.1.1.6.4.1.19
1.1.5.48785.5.1.6.18.16
1.1.5.48785.5.1.10.1.1
1.1.5.48824.5.1.1.16.30
1.1.5.48845.3
1.1.5.48853.13.1.8
1.1.5.48983.10.2.11
1.1.5.49122.5.1.29
1.1.5.49224.53.3.14
1.1.5.49231.14.2.7.8.5.3.8
1.1.5.49251.14.4
1.1.5.49320.5.1.2.2.22
1.1.5.49350.38.2.12
1.1.5.49363.5.1.13.2.7
1.1.5.49510.16.4.6.5
1.1.5.49525.15
1.1.5.49528.5.1.1.21.23.3
1.1.5.49548.29.3.36.1.2.4.9
1.1.5.49551.26.4.15.20.10.2
1.1.5.49596.12.1.4.9
1.1.5.49600.3
1.1.5.49694.8.1.14
1.1.5.49712.9.1.7.2.1
1.1.5.49731.9.3.4
1.1.5.49791.22.3.20.9
1.1.5.49839.24.2.11.10
1.1.5.49868.13.6.20
1.1.5.49946.12
1.1.5.50013.16.2.8.12.30.3
1.1.5.50083.5.1.13
1.1.5.50175.5.1.20
1.1.5.50238.9.1.9
1.1.5.50263.5.1.3.4.8.3.10
1.1.5.50331.14.2.5.2.20.2
1.1.5.50395.5.1.2.2.10.1
1.1.5.50473.5.1.6.1.3
1.1.5.50492.17.3
1.1.5.50500.9.1.4.11
1.1.5.50617.34.2
1.1.5.50618.5.1.7.4.25.4
1.1.5.50735.29.2.11.20.11
1.1.5.50829.5.1
1.1.5.50909.11.1.4.2
1.1.5.51044.15.1.19
1.1.5.51057.5.1.3.1.2.2
1.1.5.51143.11
1.1.5.51216.5.1.15.1.7
1.1.5.51232.9.1.6
1.1.5.51245.15
1.1.5.51262.5.1.5.2
1.1.5.51293.5.1.12.2
1.1.5.51302.5.1.21
1.1.5.51372.26.2.4.13
1.1.5.51511.5.1.18.19.12.1.2
1.1.5.51536.26.3.26.19
1.1.5.51568.12.1.4
1.1.5.51684.5.1.3.1
1.1.5.51685.5.1.2.1.3
1.1.5.51693.3
1.1.5.51830.33.3.4.2
1.1.5.51899.8.2.4
1.1.5.51907.14.3.5.11.22.7.13
1.1.5.51949.10.1.9
1.1.5.52079.3
1.1.5.52091.5.1.7
1.1.5.52100.23.2.22.5
1.1.5.52152.38.3.6.1.1.4
1.1.5.52224.18.1.21.26
1.1.5.52406.23.3.6.5.25
1.1.5.52439.21.1.4.4
1.1.5.52464.15
1.1.5.52536.11.2.15.6
1.1.5.52595.11.1.4
1.1.5.52635.39.1.4.22
1.1.5.52702.34.3.23.13
1.1.5.52736.27.5.17.7.4
1.1.5.52746.5.1.1.1.3.3.24
1.1.5.52766.24
1.1.5.52816.5.1.6.1.1
1.1.5.52828.5.1.3.1.2
1.1.5.52865.5.1.3.3.21.4.4
1.1.5.52916.21.5
1.1.5.52969.5.1.20.12
1.1.5.52981.24.2.6.7.11.1.5
1.1.5.53019.5.1.5.1.13
1.1.5.53038.15.2
1.1.5.53042.14.3.7.18.12.2
1.1.5.53055.35.2.4.4
1.1.5.53087.5.1.6.1.2.1.4
1.1.5.53147.5.1.2.2.6
1.1.5.53162.31.3.5.2.14.1.6
1.1.5.53249.5.1.2.2.20.9
1.1.5.53398.26
1.1.5.53407.22.1.13.3
1.1.5.53493.17.2.5.2
1.1.5.53623.20.2.4.3
1.1.5.53696.5.1
1.1.5.53718.5.1
1.1.5.53764.5.1.2.1.9.1.5
1.1.5.53803.5.1.11.1.1.5
1.1.5.53855.29.1.4
1.1.5.53865.11.1.16.11
1.1.5.54039.5.1.1.6.4.1.29
1.1.5.54240.5.1.6.18.16
1.1.5.54240.5.1.10.1.1
1.1.5.54279.5.1.1.16.30
1.1.5.54300.3
1.1.5.54308.13.1.8
1.1.5.54448.20.1.12.5
1.1.5.54570.5.1.13
1.1.5.54672.9.4.4
1.1.5.54678.17.2.6.4.16.3.5
1.1.5.54686.44.2
1.1.5.54688.20.1.4.2
1.1.5.54718.14.4
1.1.5.54791.5.1.2.2.33
1.1.5.54826.14.1.4.4
1.1.5.54837.5.1.13.2.7
1.1.5.54866.5.1.1
1.1.5.54896.5.1.3.1.1.1
1.1.5.55003.17.3.5.4.5.2.4.22
1.1.5.55022.14.1.9.4.10.1.11
1.1.5.55076.9.1.25.2
1.1.5.55171.8.1.14
1.1.5.55189.9.1.7.2.1
1.1.5.55202.42.1.25
1.1.5.55256.5.1.2.1.2.2.5.43
1.1.5.55290.11.2.10
1.1.5.55298.24.2.11.10
1.1.5.55327.13.6.20
1.1.5.55449.39.1.32
1.1.5.55517.5.1.13
1.1.5.55608.5.1.20
1.1.5.55674.9.1.9
1.1.5.55821.5.1.2.2.10.1
1.1.5.55907.20.2.4.5
1.1.5.55927.5.1.14
1.1.5.56056.34.2
1.1.5.56057.5.1.7.4.25.4
1.1.5.56065.16
1.1.5.56087.11.1.4.4
1.1.5.56139.33.1.9
1.1.5.56185.29.2.11.15.12
1.1.5.56278.5.1
1.1.5.56365.5.1.12
1.1.5.56415.11.3.4.1
1.1.5.56429.9.4.4.5
1.1.5.56640.16.3
1.1.5.56666.5.1.15.1.7
1.1.5.56682.9.1.6
1.1.5.56695.15
1.1.5.56714.13.1.18
1.1.5.56759.5.1.1.1.1
1.1.5.56819.5.1.1.1
1.1.5.56835.26.2.4.13
1.1.5.56953.56.2.11.13.14.3.65.14
1.1.5.56970.22.3.13.2.3.2.83
1.1.5.56991.11.2.4.3
1.1.5.57084.8.1.6
1.1.5.57164.22.2.4.7
1.1.5.57176.5.1.5.2.5.1.23
1.1.5.57291.33.3.4.2
1.1.5.57358.8.2.4
1.1.5.57406.10.1.9
1.1.5.57520.5.1
1.1.5.57522.5.1.6.7.14.9
1.1.5.57585.17.1.4.1
1.1.5.57592.5.1.3.1
1.1.5.57619.17.3
1.1.5.57652.18.1.21.26
1.1.5.57686.18.1.13
1.1.5.57740.31
1.1.5.57873.6
1.1.5.57899.19.2.6.3
1.1.5.57992.11.1.4
1.1.5.58031.15.2.6.1.1.1.2
1.1.5.58091.34.3.23.13
1.1.5.58130.15.4.5.2.9
1.1.5.58139.26.1.4.9
1.1.5.58160.5.1.9.24.11.4.17
1.1.5.58206.5.1.6.1.1
1.1.5.58258.5.1.4.1.33.8.8
1.1.5.58384.5.1.15
1.1.5.58399.5.1.8.1.7.4.7
1.1.5.58418.5.1.5.1.13
1.1.5.58459.17.1.7.3
1.1.5.58465.8.1.11
1.1.5.58495.5.1.7.1.2
1.1.5.58565.3
1.1.5.58668.5.1.2.2.20.9
1.1.5.58816.26
1.1.5.58825.22.1.13.3
1.1.5.58891.22.3.8.1.7.5
1.1.5.59048.9.5.4.3
1.1.5.59101.5.1
1.1.5.59272.29.1.4
1.1.5.59282.11.1.16.11
1.1.5.59451.5.1.1.6.4.1.2
1.1.5.59639.65.2.4.17
1.1.5.59641.5.1.2
1.1.5.59682.5.1.1.16.30
1.1.5.59753.5.1
1.1.5.59798.21.1.9.2
1.1.5.59831.10.2.12
1.1.5.59959.5.1.13
1.1.5.60062.53.3.14
1.1.5.60069.14.2.7.8.5.3.8
1.1.5.60089.14.4
1.1.5.60142.5.1
1.1.5.60157.5.1.2.2.18
1.1.5.60203.5.1.15.3.14
1.1.5.60331.16.4.6.5
1.1.5.60346.15
1.1.5.60349.5.1.1.21.23.3
1.1.5.60369.29.3.36.1.2.4.9
1.1.5.60372.26.4.15.20.10.2
1.1.5.60417.12.1.4.9
1.1.5.60421.3
1.1.5.60515.8.1.14
1.1.5.60533.9.1.7.2.1
1.1.5.60546.42.1.25
1.1.5.60556.9.3.4
1.1.5.60601.5.1.2.1.2.2.5.18
1.1.5.60659.42.2.11.10
1.1.5.60688.13.6.20
1.1.5.60751.5.1.5.1
1.1.5.60882.9.1.12
1.1.5.60884.5.1.1.11.54.5.15
1.1.5.60970.5.1.20
1.1.5.61028.9.1.9
1.1.5.61128.14.2.5.2.20.2
1.1.5.61192.5.1.2.2.10.1
1.1.5.61276.20.2.4.5
1.1.5.61296.5.1.14
1.1.5.61428.34.2
1.1.5.61429.5.1.7.4.25.4
1.1.5.61437.16
1.1.5.61459.11.1.4.4
1.1.5.61511.33.1.9
1.1.5.61559.29.2.11.15.12
1.1.5.61654.5.1
1.1.5.61739.11.1.4.2
1.1.5.61873.15.1.19
1.1.5.61884.12
1.1.5.61885.28.2.17
1.1.5.62010.8.2.4
1.1.5.62046.5.1.2
1.1.5.62050.5.1.1.1
1.1.5.62050.10.3.8
1.1.5.62061.20.1.4
1.1.5.62130.5.1.12.2
1.1.5.62139.5.1.21
1.1.5.62335.5.1.18.19.12.1.2
1.1.5.62352.14.1.5
1.1.5.62367.26.3.26.19
1.1.5.62503.5.1.2.1.11.5.18
1.1.5.62513.3
1.1.5.62642.33.3.4.2
1.1.5.62720.5.1.23.20.36.11.59
1.1.5.62903.5.1.1
1.1.5.62958.38.3.6.1.1.4
1.1.5.63027.18.1.21.26
1.1.5.63061.18.1.13
1.1.5.63120.31
1.1.5.63257.6
1.1.5.63321.5.1.7.7.19.8.23
1.1.5.63379.14.2
1.1.5.63381.5.1
1.1.5.63418.10.2.10.22
1.1.5.63428.8.1.4
1.1.5.63483.34.3.23.13
1.1.5.63515.15.2.7.2.7.6.31
1.1.5.63522.14.2.24
1.1.5.63593.5.1.6.1.1
1.1.5.63605.5.1.3.1.2
1.1.5.63642.5.1.3.3.21.4.4
1.1.5.63693.21.5
1.1.5.63804.5.1.5.1.28
1.1.5.63846.17.2.4.3
1.1.5.63897.28.3.6.1.25.4.16
1.1.5.63956.5.1.2.2.6
1.1.5.63971.31.3.5.2.14.1.6
1.1.5.64049.5.1.2.2.20.7
1.1.5.64183.5.1.5.2
1.1.5.64196.11.1.7.5
1.1.5.64199.24.1.10.20
1.1.5.64276.17.2.5.2
1.1.5.64343.10.4.4
1.1.5.64397.6
1.1.5.64430.5.1.1.1.3.6.6
1.1.5.64500.5.1
1.1.5.64522.5.1
1.1.5.64570.5.1.2.1.9.1.5
1.1.5.64658.29.1.4
1.1.5.64667.21.3.12.9
1.1.5.64669.5.1.3.1.18
1.1.5.64828.5.1.1.6.4.1.29
1.1.5.65025.65.2.4.17
1.1.5.65027.5.1.2
1.1.5.65068.5.1.1.16.30
1.1.5.65179.21.1.9.2
1.1.5.65212.10.2.12
1.1.5.65333.5.1.13
1.1.5.65451.10.2.11.6
1.1.5.65481.14.4
1.1.5.65551.36.2.20.2.4
1.1.5.65593.15.2.7.7.6
1.1.5.65622.5.1.1
1.1.5.65652.5.1.3.1.1.1
1.1.5.65738.17.3.5.4.5.2.4.23
1.1.5.65757.14.1.9.4.10.1.11
1.1.5.65811.9.1.25.2
1.1.5.65914.8.1.14
1.1.5.65932.9.1.7.2.1
1.1.5.65945.42.1.25
1.1.5.65967.5.1
1.1.5.66032.54.4.10.8.4
1.1.5.66052.5.1
1.1.5.66092.5.1
1.1.5.66189.15.1.16
1.1.5.66195.5.1
1.1.5.66239.39.1.29
1.1.5.66327.20.2.9
1.1.5.66418.5.1.6.1.22
1.1.5.66432.29.2.8
1.1.5.66454.5.1.13
1.1.5.66479.9.1.9
1.1.5.66504.5.1.3.4.8.3.10
1.1.5.66570.14.2.5.2.20.2
1.1.5.66634.5.1.2.2.10.1
1.1.5.66720.20.2.4.7
1.1.5.66759.5.1.1
1.1.5.66865.18.1.13
1.1.5.66881.5.1.2.2.31.4.4
1.1.5.66881.5.1.3.3.32.5
1.1.5.66918.34.2.27.2
1.1.5.66993.29.2.11.15.12
1.1.5.67086.5.1
1.1.5.67157.29.1.21
1.1.5.67165.11.1.4.2
1.1.5.67308.15.1.19
1.1.5.67318.45.2
1.1.5.67442.8.2.4
1.1.5.67478.5.1.2
1.1.5.67481.5.1.2.2.34.5
1.1.5.67484.9.1.12
1.1.5.67498.20.1.4
1.1.5.67567.5.1.12.2
1.1.5.67576.5.1.21
1.1.5.67626.5.1.1.1
1.1.5.67642.26.2.4.13
1.1.5.67769.5.1.3
1.1.5.67783.15.3.4.5
1.1.5.67950.22.2.4.7
1.1.5.67962.5.1.5.2.5.1.23
1.1.5.68099.33.3.4.2
1.1.5.68166.8.2.4
1.1.5.68226.10.1.9
1.1.5.68370.3
1.1.5.68381.28.1.26.9
1.1.5.68387.20
1.1.5.68429.17.1.4.1
1.1.5.68436.5.1.3.1
1.1.5.68463.17.3
1.1.5.68725.6
1.1.5.68760.19.2.6.3
1.1.5.68849.5.1.6
1.1.5.68892.15.2.6.1.1.1.2
1.1.5.68949.34.3.23.13
1.1.5.68977.5.1.1
1.1.5.68986.5.1.5
1.1.5.69008.24
1.1.5.69058.5.1.6.1.1
1.1.5.69070.5.1.3.1.2
1.1.5.69227.5.1.20.12
1.1.5.69239.24.2.6.7.11.1.5
1.1.5.69277.5.1.5.1.13
1.1.5.69296.15.2
1.1.5.69300.14.3.7.18.12.2
1.1.5.69313.35.2.4.4
1.1.5.69348.20.2.40
1.1.5.69403.14.2.5.5.8
1.1.5.69403.20.1.4.1
1.1.5.69497.5.1.2.2.20.7
1.1.5.69646.26
1.1.5.69655.22.1.13.3
1.1.5.69740.17.2.5.2
1.1.5.69878.5.1.1.1.3.6.6
1.1.5.69943.5.1.5.2
1.1.5.69997.9.1.4
1.1.5.70017.5.1.2.1.3.1.17
1.1.5.70059.5.1.9
1.1.5.70110.29.1.4
1.1.5.70120.11.1.16.11
1.1.5.70147.54.1.45
1.1.5.70161.15.3.28.1.3.2
1.1.5.70176.5.1
1.1.5.70279.22.3.28.18.5.1
1.1.5.70283.5.1.2.2.12
1.1.5.70482.5.1.6.18.16
1.1.5.70482.5.1.10.1.1
1.1.5.70505.13.3.14.14
1.1.5.70520.48.1.8.3
1.1.5.70593.5.1
1.1.5.70638.21.1.9.2
1.1.5.70667.10.2.11
1.1.5.70737.9.1.4
1.1.5.70798.5.1.29
1.1.5.70900.9.4.4
1.1.5.70906.17.2.6.4.16.3.5
1.1.5.70914.44.2
1.1.5.70915.9.2.12.5
1.1.5.70939.14.4
1.1.5.71012.5.1.2.2.33
1.1.5.71042.38.2.12
1.1.5.71055.5.1.13.2.7
1.1.5.71213.17.3.5.4.5.2.4.10
1.1.5.71242.38.1.15.4
1.1.5.71288.12.1.4.9
1.1.5.71292.3
1.1.5.71386.8.1.14
1.1.5.71404.9.1.7.2.1
1.1.5.71417.42.1.25
1.1.5.71427.9.3.4
1.1.5.71464.3
1.1.5.71473.13.1.6.3.6
1.1.5.71490.28.2.4.5
1.1.5.71512.5.1
1.1.5.71533.5.1.9.3.6.1.15
1.1.5.71542.37
1.1.5.71633.12
1.1.5.71700.16.2.8.12.30.3
1.1.5.71760.5.1.13
1.1.5.71848.3
1.1.5.71880.5.1.3
1.1.5.71905.9.1.9
1.1.5.71930.5.1.3.4.8.3.10
1.1.5.71993.14.2.5.2.20.2
1.1.5.72057.5.1.2.2.10.1
1.1.5.72144.37.2.4.7
1.1.5.72183.5.1.1
1.1.5.72252.51.2
1.1.5.72290.9.1.5
1.1.5.72327.34.2.27.2
1.1.5.72403.29.2.11.15.12
1.1.5.72494.5.1
1.1.5.72574.11.1.4.2
1.1.5.72708.15.1.19
1.1.5.72722.5.1.3.1.2.2
1.1.5.72857.16.3
1.1.5.72913.9.1.6
1.1.5.72926.15
1.1.5.72945.13.1.18
1.1.5.72997.5.1.4.3.13
1.1.5.73070.15.2.8.1.12.2.29
1.1.5.73208.5.1.3
1.1.5.73226.11.2.4.3
1.1.5.73285.5.1.1.1
1.1.5.73379.5.1.2.1.5
1.1.5.73387.3
1.1.5.73517.33.3.4.2
1.1.5.73586.8.2.4
1.1.5.73590.5.1.4.4.17
1.1.5.73591.22.2.10
1.1.5.73641.10.1.9
1.1.5.73776.5.1.1
1.1.5.73828.17.1.4.1
1.1.5.73835.5.1.3.1
1.1.5.73862.17.3
1.1.5.74141.6
1.1.5.74177.19.2.6.3
1.1.5.74263.5.1.6
1.1.5.74304.35.1.4.13
1.1.5.74360.34.3.23.13
1.1.5.74392.15.2.7.2.7.6.31
1.1.5.74399.14.2.24
1.1.5.74465.5.1.6.1.1
1.1.5.74517.5.1.4.1.33.8.8
1.1.5.74636.5.1.17
1.1.5.74655.5.1.8.1.7.4.7
1.1.5.74674.5.1.5.1.13
1.1.5.74693.15.2
1.1.5.74697.14.3.7.18.12.2
1.1.5.74710.35.2.4.5
1.1.5.74755.20.2.40
1.1.5.74812.5.1.2.2.6
1.1.5.74827.31.3.5.2.14.1.6
1.1.5.74901.5.1.2.2.20.9
1.1.5.75055.5.1.31.13
1.1.5.75068.11.1.7.5
1.1.5.75071.24.1.10.20
1.1.5.75132.17.2.15.14
1.1.5.75289.9.5.4.3
1.1.5.75342.5.1
1.1.5.75364.5.1
1.1.5.75464.5.1.9
1.1.5.75516.29.1.4
1.1.5.75525.21.3.12.9
1.1.5.75527.5.1.3.1.18
1.1.5.75549.54.1.62
1.1.5.75570.10.5.4
1.1.5.75680.22.3.28.18.5.1
1.1.5.75684.5.1.2.2.12
1.1.5.75874.5.1.6.18.16
1.1.5.75874.5.1.10.1.1
1.1.5.75915.5.1.1.16.20
1.1.5.75936.5.1.3.2.39.4
1.1.5.75983.5.1
1.1.5.76021.31.4.10.11.12
1.1.5.76185.5.1.29
1.1.5.76288.53.3.14
1.1.5.76298.5.1.6.1.1.3.3
1.1.5.76317.14.4
1.1.5.76387.36.2.20.2.4
1.1.5.76418.38.2.12
1.1.5.76426.15.2.7.7.8
1.1.5.76455.5.1.1
1.1.5.76485.5.1.3.1.1.1
1.1.5.76586.17.3.5.4.5.2.4.10
1.1.5.76605.14.1.9.4.10.1.11
1.1.5.76659.9.1.25.2
1.1.5.76754.8.1.14
1.1.5.76772.9.1.7.2.1
1.1.5.76791.9.3.4
1.1.5.76904.5.1.9.3.6.1.19
1.1.5.76913.37
1.1.5.77021.15.1.16
1.1.5.77077.39.1.32
1.1.5.77155.22.2.7.1
1.1.5.77156.5.1.4.3.11
1.1.5.77245.5.1.20
1.1.5.77279.14.2.15.1.16
1.1.5.77305.9.1.9
1.1.5.77330.5.1.3.4.8.3.10
1.1.5.77398.14.2.5.2.20.2
1.1.5.77462.5.1.2.2.10.1
1.1.5.77544.5.1.2.13.13
1.1.5.77561.17.3
1.1.5.77569.9.1.4.11
1.1.5.77630.11.1.9.9
1.1.5.77634.18.1.4
1.1.5.77670.18.1.13
1.1.5.77686.5.1.2.2.31.4.4
1.1.5.77686.5.1.3.3.32.5
1.1.5.77723.34.2.27.2
1.1.5.77802.29.2.11.15.12
1.1.5.77895.5.1
1.1.5.77973.13.1.9.1.1.1.7
1.1.5.78101.15.1.19
1.1.5.78199.11
1.1.5.78252.8.2.4
1.1.5.78288.5.1.2
1.1.5.78292.5.1.1.1
1.1.5.78292.10.3.8
1.1.5.78303.9.1.6
1.1.5.78316.15
1.1.5.78335.13.1.18
1.1.5.78386.5.1.4.3.13
1.1.5.78443.5.1.1.1
1.1.5.78459.26.2.4.13
1.1.5.78564.56.2.11.13.14.3.32.11
1.1.5.78580.5.1.18.19.12.1.2
1.1.5.78597.14.1.5
1.1.5.78612.26.3.26.19
1.1.5.78777.5.1.3.1
1.1.5.78778.5.1.2.1.3
1.1.5.78844.11.1.5
1.1.5.78853.3
1.1.5.78945.33.3.4.2
1.1.5.79012.8.2.4
1.1.5.79016.5.1.4.4.17
1.1.5.79017.22.2.10
1.1.5.79064.10.1.9
1.1.5.79191.5.1
1.1.5.79193.5.1.6.7.14.9
1.1.5.79237.12.1.7.19
1.1.5.79259.17.1.4.1
1.1.5.79266.5.1.3.1
1.1.5.79293.17.3
1.1.5.79326.18.1.21.26
1.1.5.79356.18.1.13
1.1.5.79556.6
1.1.5.79620.15.2.7.20.25
1.1.5.79680.11.1.4
1.1.5.79717.35.1.4.13
1.1.5.79776.34.3.23.13
1.1.5.79815.15.4.5.2.9
1.1.5.79823.32.2.12
1.1.5.79839.11.1.6.2
1.1.5.79891.5.1.6.1.1
1.1.5.79943.5.1.4.1.33.8.8
1.1.5.80086.5.1.7.1
1.1.5.80103.5.1.5.1.13
1.1.5.80132.14.3
1.1.5.80200.28.3.6.1.25.4.16
1.1.5.80225.6
1.1.5.80268.3
1.1.5.80292.49.3.5.2.24.1.5
1.1.5.80379.5.1.2.2.20.9
1.1.5.80528.26
1.1.5.80537.22.1.13.3
1.1.5.80622.17.2.5.2
1.1.5.80758.9.5.4.3
1.1.5.80811.5.1
1.1.5.80833.5.1
1.1.5.80880.3
1.1.5.80912.5.1.11.1.1.5
1.1.5.80922.3
1.1.5.80956.29.1.4
1.1.5.80966.11.1.16.11
1.1.5.81111.22.3.28.18.5.1
1.1.5.81115.5.1.2.2.12
1.1.5.81320.65.2.4.17
1.1.5.81322.5.1.2
1.1.5.81363.5.1.1.16.30
1.1.5.81435.5.1
1.1.5.81631.5.1.13
1.1.5.81734.53.3.14
1.1.5.81744.5.1.6.1.1.3.3
1.1.5.81763.14.4
1.1.5.81833.40.2.8.3
1.1.5.81843.5.1.2.16.12.1
1.1.5.81880.5.1.13.2.7
1.1.5.82039.17.3.5.4.5.2.4.16
1.1.5.82068.38.1.15.4
1.1.5.82116.12.1.4.9
1.1.5.82120.3
1.1.5.82216.8.1.6
1.1.5.82234.9.1.7.2.1
1.1.5.82247.42.1.25
1.1.5.82331.54.4.10.8.4
1.1.5.82367.9.1.4
1.1.5.82397.13.6.20
1.1.5.82461.5.1.5.1
1.1.5.82517.39.1.32
1.1.5.82582.5.1.13
1.1.5.82674.5.1.20
1.1.5.82727.8.1.7
1.1.5.82810.14.2.5.2.16.2
1.1.5.82874.5.1.2.2.10.1
1.1.5.82962.18.1.11.9
1.1.5.82980.19.2.16
1.1.5.83001.5.1.1
1.1.5.83119.34.2
1.1.5.83120.5.1.7.4.25.4
1.1.5.83149.31.3.5.3
1.1.5.83240.29.2.11.20.11
1.1.5.83311.5.1.20.1.1
1.1.5.83410.5.1.12
1.1.5.83541.15.1.19
1.1.5.83684.8.2.4
1.1.5.83720.5.1.2
1.1.5.83723.5.1.2.2.34.5
1.1.5.83726.9.1.12
1.1.5.83739.20.1.4
1.1.5.83827.5.1.4.3.13
1.1.5.83894.15.2.8.1.12.2.19
1.1.5.84014.56.2.11.13.14.3.55.20
1.1.5.84031.22.3.10.19.8.3.76
1.1.5.84050.11.2.4.3
1.1.5.84200.5.1.2.1.11.5.18
1.1.5.84248.5.1
1.1.5.84323.33.3.4.2
1.1.5.84565.33.2
1.1.5.84597.3
1.1.5.84608.28.1.26.9
1.1.5.84614.20
1.1.5.84656.17.1.4.1
1.1.5.84663.5.1.3.1
1.1.5.84690.17.3
1.1.5.84718.18.1.21.16
1.1.5.84891.23.3.6.5.25
1.1.5.84956.6
1.1.5.84992.19.2.6.3
1.1.5.85017.15.2.7.20.25
1.1.5.85067.9.2.33.6
1.1.5.85106.15.2.6.1.1.1.2
1.1.5.85170.34.3.23.16
1.1.5.85207.5.1.32.3.21
1.1.5.85268.5.1.6.1.1
1.1.5.85317.5.1.3.3.21.4.4
1.1.5.85370.21.5
1.1.5.85430.5.1.17
1.1.5.85475.5.1.5.1.28
1.1.5.85497.5.1.1.1.6.3
1.1.5.85617.5.1.2.2.6
1.1.5.85632.31.3.5.2.14.1.6
1.1.5.85714.5.1.2.2.20.9
1.1.5.85868.5.1.31.13
1.1.5.85884.9.2.4.8
1.1.5.85888.5.1
1.1.5.85954.17.2.15.14
1.1.5.86120.9.5.4.3
1.1.5.86179.5.1
1.1.5.86201.5.1
1.1.5.86347.29.1.4
1.1.5.86357.11.1.16.11
1.1.5.86384.54.1.45
1.1.5.86398.15.3.28.1.3.2
1.1.5.86514.32.2.13.7.8
1.1.5.86668.15.2.9.1
1.1.5.86720.65.2.4.17
1.1.5.86722.5.1.2
1.1.5.86763.5.1.1.16.30
1.1.5.86833.5.1
1.1.5.86906.10.2.12
1.1.5.87032.5.1.13
1.1.5.87179.14.4
1.1.5.87248.5.1.10
1.1.5.87274.14.1.4.4
1.1.5.87285.5.1.13.2.7
1.1.5.87336.5.1.3.1.1.1
1.1.5.87437.17.3.5.4.5.2.4.10
1.1.5.87466.38.1.15.4
1.1.5.87518.12.1.4.9
1.1.5.87621.17.1.21
1.1.5.87639.9.1.7.2.1
1.1.5.87652.42.1.25
1.1.5.87698.3
1.1.5.87728.13.3.4.5
1.1.5.87751.24.2.11.10
1.1.5.87780.13.6.20
1.1.5.87852.15.1.16
1.1.5.87974.5.1.13
1.1.5.88064.5.1.6.1.22
1.1.5.88093.5.1.13
1.1.5.88118.9.1.9
1.1.5.88221.14.2.5.2.20.2
1.1.5.88285.5.1.2.2.10.1
1.1.5.88391.9.1.4.12
1.1.5.88453.15.2.15.8
1.1.5.88468.51.2
1.1.5.88507.9.1.5
1.1.5.88541.31.3.5.3
1.1.5.88630.29.2.11.15.12
1.1.5.88724.5.1
1.1.5.88802.13.1.9.1.1.1.7
1.1.5.88925.15.1.19
1.1.5.88939.5.1.2.2.8.5
1.1.5.89108.5.1.15.1.19
1.1.5.89124.20.1.4
1.1.5.89193.5.1.12.2
1.1.5.89202.5.1.21
1.1.5.89252.5.1.1.1
1.1.5.89268.26.2.4.13
1.1.5.89416.5.1.3
1.1.5.89430.15.3.4.5
1.1.5.89594.5.1.3.1
1.1.5.89595.5.1.2.1.3
1.1.5.89643.5.1.1.8.2.1
1.1.5.89647.3
1.1.5.89742.33.3.4.2
1.1.5.89819.5.1.3.3.15
1.1.5.89915.9.1.6
1.1.5.90003.3
1.1.5.90014.28.1.26.9
1.1.5.90020.20
1.1.5.90062.17.1.4.1
1.1.5.90069.5.1.3.1
1.1.5.90096.17.3
1.1.5.90129.18.1.21.26
1.1.5.90159.18.1.13
1.1.5.90212.11
1.1.5.90353.6
1.1.5.90383.19.2.6.3
1.1.5.90408.15.2.7.20.25
1.1.5.90465.14.2
1.1.5.90467.5.1
1.1.5.90505.15.2.6.1.1.1.2
1.1.5.90562.34.3.23.13
1.1.5.90592.15.4.5.2.45
1.1.5.90600.32.2.11
1.1.5.90617.11.1.6.2
1.1.5.90669.5.1.6.1.1
1.1.5.90681.5.1.3.1.2
1.1.5.90718.5.1.3.3.21.4.4
1.1.5.90833.5.1.17
1.1.5.90885.5.1.5.1.28
1.1.5.90914.14.3
1.1.5.90978.16.5.13.7
1.1.5.91034.5.1.2.2.6
1.1.5.91049.31.3.5.2.14.1.6
1.1.5.91127.5.1.2.2.20.9
1.1.5.91278.26
1.1.5.91287.22.1.13.3
1.1.5.91372.17.2.5.2
1.1.5.91503.13.2.4
1.1.5.91534.5.1.1.1.3.4.31
1.1.5.91604.5.1
1.1.5.91632.5.1
1.1.5.91668.9.1.4
1.1.5.91688.5.1.2.1.3.1.10
1.1.5.91730.5.1.9
1.1.5.91790.29.1.4
1.1.5.91800.11.1.16.11
1.1.5.91969.5.1.1.6.4.1.2
1.1.5.92157.5.1.6.18.16
1.1.5.92157.5.1.10.1.1
1.1.5.92194.5.1.1.12.13
1.1.5.92215.3
1.1.5.92223.13.1.8
1.1.5.92327.37.1.4
1.1.5.92337.13.1.10.4
1.1.5.92425.9.1.4
1.1.5.92499.5.1.29
1.1.5.92586.5.1.1.2.34
1.1.5.92597.5.1.17.1
1.1.5.92630.14.4
1.1.5.92704.5.1.5.1
1.1.5.92740.32.2.28
1.1.5.92748.15.2.7.7.8
1.1.5.92777.5.1.1
1.1.5.92807.5.1.3.1.1.1
1.1.5.92904.17.3.5.4.5.2.4.21
1.1.5.92933.38.1.15.4
1.1.5.92976.3
1.1.5.93077.8.1.14
1.1.5.93095.9.1.7.2.1
1.1.5.93108.42.1.25
1.1.5.93130.5.1
1.1.5.93175.22.3.20.9
1.1.5.93201.54.4.10.8.4
1.1.5.93235.5.1.9.3.6.1.12
1.1.5.93244.37
1.1.5.93352.15.1.16
1.1.5.93358.5.1
1.1.5.93482.20.2.9
1.1.5.93573.5.1.6.1.22
1.1.5.93610.5.1.13
1.1.5.93635.9.1.9
1.1.5.93782.5.1.2.2.10.1
1.1.5.93872.20.2.4.5
1.1.5.94028.34.2
1.1.5.94029.5.1.7.4.25.4
1.1.5.94062.34.2.27.2
1.1.5.94139.29.2.11.15.12
1.1.5.94226.11.1.4
1.1.5.94304.13.1.9.1.1.1.7
1.1.5.94427.15.1.19
1.1.5.94440.5.1.3.1.2.2
1.1.5.94567.16.3
1.1.5.94605.5.1.15.1.19
1.1.5.94621.20.1.4
1.1.5.94688.5.1.12.2
1.1.5.94697.5.1.21
1.1.5.94753.5.1.1.1
1.1.5.94873.56.2.11.13.14.3.32.11
1.1.5.94889.5.1.18.19.12.1.2
1.1.5.94903.11.2.4.3
1.1.5.95082.22.2.4.7
1.1.5.95211.33.3.4.2
1.1.5.95289.14.2.8.3.11
1.1.5.95337.10.1.9
1.1.5.95385.3
1.1.5.95454.33.2
1.1.5.95486.3
1.1.5.95497.28.1.26.9
1.1.5.95503.20
1.1.5.95548.17.1.4.1
1.1.5.95555.5.1.3.1
1.1.5.95582.17.3
1.1.5.95610.18.1.21.16
1.1.5.95700.11
1.1.5.95844.6
1.1.5.95875.19.2.6.3
1.1.5.95908.11.2.15.6
1.1.5.95969.14.2
1.1.5.95971.5.1
1.1.6.76.34.3.23.13
1.1.6.106.15.4.5.2.45
1.1.6.115.26.1.4.9
1.1.6.133.24
1.1.6.183.5.1.6.1.1
1.1.6.235.5.1.4.1.33.8.8
1.1.6.347.5.1.20.12
1.1.6.359.24.2.6.7.11.1.5
1.1.6.399.5.1.5.1.28
1.1.6.418.15.2
1.1.6.422.14.3.7.18.12.2
1.1.6.435.35.2.4.4
1.1.6.470.20.2.40
1.1.6.523.16.3.5.7.11
1.1.6.617.5.1.2.2.20.7
1.1.6.770.26
1.1.6.779.22.1.13.3
1.1.6.864.17.2.5.2
1.1.6.969.56.2.4
1.1.6.1000.5.1.1.1.3.4.16
1.1.6.1070.5.1
1.1.6.1135.5.1.7
1.1.6.1174.5.1.11.1.1.5
1.1.6.1184.3
1.1.6.1227.29.1.4
1.1.6.1237.11.1.16.11
1.1.6.1410.5.1.1.6.4.1.29
1.1.6.1612.65.2.4.17
1.1.6.1614.5.1.2
1.1.6.1655.5.1.1.16.30
1.1.6.1681.13.1.8
1.1.6.1805.10.2.11
1.1.6.1871.33.2
1.1.6.1936.5.1.13
1.1.6.2081.14.4
1.1.6.2129.5.1
1.1.6.2144.36.2.20.2.4
1.1.6.2186.15.2.7.7.6
1.1.6.2215.5.1.1
1.1.6.2245.5.1.3.1.1.1
1.1.6.2350.17.3.5.4.5.2.4.26
1.1.6.2379.38.1.15.4
1.1.6.2422.3
1.1.6.2523.8.1.14
1.1.6.2541.9.1.7.2.1
1.1.6.2554.42.1.25
1.1.6.2618.22.3.20.10
1.1.6.2640.20.2.4.5
1.1.6.2676.5.1.9.3.6.1.12
1.1.6.2685.37
1.1.6.2784.5.1
1.1.6.2833.39.1.32
1.1.6.2894.5.1.13
1.1.6.2982.5.1.6.1.22
1.1.6.2996.29.2.8
1.1.6.3019.5.1.13
1.1.6.3044.9.1.9
1.1.6.3069.5.1.3.4.8.3.10
1.1.6.3137.14.2.5.2.20.2
1.1.6.3201.5.1.2.2.10.1
1.1.6.3290.37.2.4.7
1.1.6.3329.5.1.1
1.1.6.3384.25.1.12.11
1.1.6.3386.18.1.4
1.1.6.3422.18.1.13
1.1.6.3438.5.1.2.2.31.4.4
1.1.6.3438.5.1.3.3.32.5
1.1.6.3475.34.2.27.2
1.1.6.3553.29.2.11.15.12
1.1.6.3714.11.1.4.2
1.1.6.3852.15.1.19
1.1.6.3990.8.2.4
1.1.6.4026.5.1.2
1.1.6.4029.5.1.2.2.34.5
1.1.6.4032.9.1.12
1.1.6.4046.20.1.4
1.1.6.4113.5.1.12.2
1.1.6.4122.5.1.21
1.1.6.4172.5.1.1.1
1.1.6.4318.5.1.3
1.1.6.4336.11.2.4.3
1.1.6.4519.5.1.3.1
1.1.6.4520.5.1.2.1.3
1.1.6.4589.11.1.5
1.1.6.4598.3
1.1.6.4693.33.3.4.2
1.1.6.4774.14.3.5.11.12.7.18
1.1.6.4961.5.1.1
1.1.6.5013.17.1.4.1
1.1.6.5020.5.1.3.1
1.1.6.5242.5.1.30.1.2.2
1.1.6.5326.6
1.1.6.5362.19.2.6.3
1.1.6.5394.11.2.15.6
1.1.6.5458.11.1.4
1.1.6.5495.35.1.4.13
1.1.6.5570.34.3.23.13
1.1.6.5609.15.4.5.2.9
1.1.6.5617.32.2.12
1.1.6.5683.5.1.6.1.1
1.1.6.5732.5.1.3.3.21.4.4
1.1.6.5784.21.5
1.1.6.5844.5.1.17
1.1.6.5889.5.1.5.1.28
1.1.6.5908.15.2
1.1.6.5912.14.3.7.18.12.2
1.1.6.5925.35.2.4.4
1.1.6.5967.28.3.7.2.26.5.15
1.2.4.2.1.2.3.6.6
1.2.42.2.1.7
1.2.44.2.1
1.2.62.4.2.58
1.2.238.4.2
1.2.408.2.1.2.1.2
1.2.471.4.2.2.1.8
1.2.474.6.3.12
1.2.575.6.3.8.4.20.3
1.2.619.2.1.2.1
1.2.727.10.5.16.4
1.2.811.4.2.3.6.19
1.2.891.2.1.1.2.21.1
1.2.896.2.1.2.2.8.5
1.2.990.4.2
1.2.1014.10.5.31.1.4
1.2.1161.2.1.14.5
1.2.1172.8.4.10.4
1.2.1184.2.1.2.2.3
1.2.1433.4.2.5.3.6.1
1.2.1436.2.1.1.1.4.4
1.2.1441.2.1.1
1.2.1652.2.1
1.2.1774.4.2.17.3.8
1.2.1795.2.1.21.4.18.1.5
1.2.1822.2.1.3.3.8.4
1.2.1839.4.2.14
1.2.1845.2.1
1.2.2019.4.2.10
1.2.2045.8.4.26
1.2.2067.4.2.13
1.2.2441.10.5.21
1.2.2455.8.4
1.2.2461.4.2.6
1.2.2470.2.1.5.2
1.2.2487.8.4.9.2.7.3
1.2.2496.26.13.33.1
1.2.2612.6.3.9.1.10
1.2.2659.8.4.8.3.7
1.2.2682.4.2.4
1.2.2767.8.4.7.2
1.2.2779.4.2.4.3
1.2.2817.3
1.2.2867.2.1.1.7
1.2.2877.1
1.2.2883.6.3
1.2.2895.2.1.1.2.27.3
1.2.2915.4.2
1.2.2919.2.1.12.3.12.2
1.2.2943.6.3.46
1.2.3027.2.1.2.1.4.2.5
1.2.3186.2.1
1.2.3240.6.3
1.2.3310.2.1.11.2
1.2.3336.6.3.6.3.19.1
1.2.3359.3
1.2.3388.8.4.10.3
1.2.3452.2.1
1.2.3485.2.1.35
1.2.3609.4.2.8.2
1.2.3786.4.2.7.3
1.2.3803.6.3
1.2.3813.8.4.16.1.1.1
1.2.3825.10.5.17
1.2.3947.2.1.28.2.2
1.2.4008.2.1.4.2.5
1.2.4052.2.1.3.1
1.2.4120.4.2.5
1.2.4263.18.9.20.2.13.3.6
1.2.4401.2.1.26.4.4
1.2.4628.14.7.36.1
1.2.4663.2.1.5
1.2.4800.2.1.9.1.7
1.2.5063.8.4.6.4.8
1.2.5150.1
1.2.5172.6.3.7
1.2.5424.4.2.5.1
1.2.5560.2.1.3.1.1.6.14
1.2.5726.2.1.1.5.6.4
1.2.5727.4.2.4
1.2.5822.2.1.6.4.13.2
1.5.5.12.2.1.1.1.4.1.12
1.5.18.16.2.1.4
1.5.229.15.2.1.13.5.7.1
1.5.248.15.2.1.2
1.5.314.8.2.1.1.5.5.2.27
1.5.355.12.2.1.3.2.12.8.12
1.5.494.8.2.1.8
1.5.495.26.2.1
1.5.508.10.2.1
1.5.519.7.2.1.1.1.11
1.5.572.7.2.1.2.1.3
1.5.639.22.2.1.25.1.1.1
1.5.802.12.2.1.2.2
1.5.820.8.2.1.8
1.5.923.7.2.1.6.8
1.5.1191.14.2.1
1.5.1200.5.2.1.8.3
1.5.1283.29.2.1.2
1.5.1423.7.2.1.22.9.14
1.5.1551.12.2.1.12.1.16.3
1.5.1636.11.2.1.16.1.2.1.19
1.5.1881.14.2.1.12.2.6
1.5.1937.10.2.1.4.1.7
1.5.2150.8.2.1.4.1.1.1.4
1.5.2164.10.2.1.9.5.8
1.5.2485.22.2.1
1.5.2510.10.2.1.9.4
1.5.2581.19.2.1.3
1.5.2628.6.2.1.11
1.5.2639.10.2.1
1.5.2708.8.2.1.30.5.19.2
1.5.2779.26.2.1.14.3
1.5.2828.7.2.1.29.3
1.5.2862.12.2.1.6
1.5.3083.12.2.1.20.2.6.1.1.11
1.5.3298.12.2.1.1
1.5.3371.8.2.1.3.3
1.5.3575.5.2.1.2
1.5.3692.11.2.1
1.5.3759.9.2.1
1.5.3814.21.2.1.6.4.7
1.5.3857.22.2.1.10.1
1.5.3942.8.2.1.17.9.22.4.47
1.5.4056.6.2.1.7
1.5.4327.10.2.1.12.2.6
1.5.4348.9.2.1.8.5
1.5.4350.6.2.1.5.2.14.3
1.5.4586.7.2.1.12.3.10.1
1.5.4641.8.2.1
1.5.4721.7.2.1
1.5.4723.17.2.1.5
1.5.4790.6.2.1.33.3.7
1.5.4832.8.2.1.9
1.5.4889.7.2.1.6.1.11.1.17
1.5.5133.10.2.1.38.17.35.1.57
1.5.5150.12.2.1.7.3.3.4
1.5.5265.8.2.1.4.2.7.5.9
1.5.5430.16.2.1.9.6
1.5.5547.11.2.1.1.1.1
1.5.5599.8.2.1
1.5.5630.8.2.1.2.1.14.1
1.5.5763.9.2.1.2.1.1.1.14
1.5.5803.12.2.1.12
1.5.5814.7.2.1.44.1.4
1.5.6048.10.2.1.8.1.4.6
1.5.6083.12.2.1.7.1.14
1.5.6297.9.2.1.1.3.5.3
1.5.6398.19.2.1.3
1.5.6796.8.2.1.23.7
1.5.6798.10.2.1
1.5.6832.10.2.1
1.5.6929.13.2.1.5
1.5.6969.6.2.1
1.5.6981.26.2.1.4
1.5.7077.11.2.1.44.1.1
1.5.7088.12.2.1
1.5.7089.8.2.1.12.3.16
1.5.7166.6.2.1.3.1.4
1.5.7176.9.2.1.6.10.23
1.5.7391.15.2.1.2
1.5.7457.8.2.1.1.5.5.2.27
1.5.7496.6.2.1.16.2.12
1.5.7620.8.2.1.8
1.5.7621.26.2.1
1.5.7634.22.2.1.6
1.5.7680.8.2.1.3.1
1.5.7694.13.2.1.12.1.3
1.5.7761.22.2.1.25.1.1.1
1.5.7937.7.2.1
1.5.8069.7.2.1.6.8
1.5.8346.14.2.1
1.5.8355.5.2.1.8.3
1.5.8440.29.2.1.2
1.5.8566.7.2.1.22.9.14
1.5.8688.12.2.1.12.1.16.3
1.5.8773.11.2.1.16.1.2.1.19
1.5.9029.14.2.1.12.2.6
1.5.9085.10.2.1.4.1.7
1.5.9293.8.2.1.4.1.1.1.4
1.5.9307.10.2.1.9.5.8
1.5.9633.22.2.1
1.5.9658.10.2.1.9.4
1.5.9671.11.2.1.5.3
1.5.9755.6.2.1.11
1.5.9765.10.2.1
1.5.9903.26.2.1.21.3
1.5.9952.7.2.1.29.3
1.5.9986.12.2.1.6
1.5.10205.15.2.1.13.3
1.5.10205.15.2.1.15.2.15.8.47.21
1.5.10307.6.2.1.5.2.22.7
1.5.10414.15.2.1.3.1.14
1.5.10418.6.2.1.3.4.25.7.6
1.5.10487.8.2.1.5.14
1.5.10675.11.2.1.2
1.5.10678.5.2.1.2
1.5.10795.9.2.1
1.5.10826.9.2.1.10.1.11.4.11
1.5.10841.9.2.1
1.5.10866.9.2.1.3.4.22.3
1.5.10887.11.2.1.2.1.1
1.5.10904.25.2.1.14
1.5.10940.22.2.1.20.3
1.5.11015.8.2.1.17.9.22.4.47
1.5.11128.10.2.1.5.3.6
1.5.11153.13.2.1.37
1.5.11247.9.2.1.4.3.8
1.5.11375.10.2.1.12.2.6
1.5.11396.9.2.1.8.5
1.5.11398.6.2.1.5.2.14.3
1.5.11492.10.2.1.4.3.27
1.5.11500.7.2.1.3.1
1.5.11610.7.2.1.12.3.10.1
1.5.11733.7.2.1
1.5.11735.17.2.1.5
1.5.11799.6.2.1.33.3.7
1.5.11824.23.2.1.7.1.2
1.5.11846.8.2.1.9
1.5.11903.7.2.1.6.1.11.1.17
1.5.11928.17.2.1
1.5.12100.8.2.1.20.7
1.5.12136.8.2.1.40.2.31.12.39
1.5.12156.12.2.1.7.3.3.4
1.5.12376.12.2.1.2.2.19
1.5.12443.16.2.1.9.6
1.5.12559.11.2.1.1.1.1
1.5.12611.8.2.1
1.5.12642.8.2.1.2.1.14.1
1.5.12772.9.2.1.2.1.1.1.14
1.5.12812.12.2.1.12
1.5.12823.10.2.1.3.3.9
1.5.12917.21.2.1.8.4.10.3
1.5.13064.10.2.1.8.1.4.6
1.5.13091.11.2.1
1.5.13106.12.2.1.2.2.5.1.8
1.5.13329.9.2.1.1.3.5.3
1.5.13374.13.2.1.2.2
1.5.13440.19.2.1.3
1.5.13955.13.2.1.5
1.5.14003.7.2.1.1
1.5.14097.5.2.1
1.5.14119.7.2.1.23
1.5.14134.7.2.1
1.5.14135.11.2.1.4.1.1
1.5.14206.6.2.1.3.1.4
1.5.14216.12.2.1.14.5.13.4.7
1.5.14286.8.2.1.25
1.5.14430.15.2.1.13.5.7.1
1.5.14449.15.2.1.2
1.5.14515.8.2.1.1.5.5.2.27
1.5.14550.6.2.1.16.2.12
1.5.14674.6.2.1.6.1.5
1.5.14738.8.2.1.3.1
1.5.14752.7.2.1.2.1.3
1.5.14819.22.2.1.25.1.1.1
1.5.14995.10.2.1.17
1.5.15001.8.2.1.9
1.5.15388.14.2.1
1.5.15397.5.2.1.8.3
1.5.15482.29.2.1.2
1.5.15626.7.2.1.22.9.14
1.5.15754.9.2.1
1.5.16100.14.2.1.12.2.6
1.5.16135.9.2.1.8.1
1.5.16152.10.2.1.4.1.13
1.5.16370.8.2.1.4.1.1.1.4
1.5.16525.11.2.1.3.3
1.5.16743.10.2.1.9.4
1.5.16756.11.2.1.5.3
1.5.16804.19.2.1.3
1.5.16851.6.2.1.11
1.5.16861.10.2.1
1.5.16930.8.2.1.30.5.19.2
1.5.17056.7.2.1.29.3
1.5.17092.12.2.1.6
1.5.17320.19.2.1.3.2.8.1
1.5.17388.9.2.1.7.1
1.5.17521.6.2.1.4.4.30.3
1.5.17624.8.2.1.5.6
1.5.17815.6.2.1.1.1.10.5.13
1.5.17886.12.2.1.38.2
1.5.17930.9.2.1
1.5.17995.9.2.1
1.5.18047.10.2.1.9.3.8.1.32
1.5.18086.22.2.1.10.1
1.5.18170.8.2.1.17.9.22.4.47
1.5.18284.6.2.1.7
1.5.18559.10.2.1.23.2.6
1.5.18580.9.2.1.8.5
1.5.18582.6.2.1.5.2.14.3
1.5.18659.11.2.1.9.2.3.2
1.5.18671.28.2.1.6
1.5.18811.7.2.1.12.3.10.1
1.5.18926.7.2.1
1.5.18928.17.2.1.5
1.5.18982.6.2.1.33.3.7
1.5.19007.23.2.1.7.1.2
1.5.19029.8.2.1.9
1.5.19086.7.2.1.6.1.11.1.17
1.5.19314.8.2.1.40.2.31.12.22
1.5.19334.12.2.1.7.3.3.4
1.5.19547.12.2.1.2.2.19
1.5.19614.16.2.1.9.6
1.5.19698.14.2.1.3.1
1.5.19724.11.2.1.1.1.1
1.5.19776.8.2.1
1.5.19807.8.2.1.2.1.14.1
1.5.19884.9.2.1.6.1
1.5.19986.12.2.1.12
1.5.19997.10.2.1.3.3.9
1.5.20230.10.2.1.8.1.4.6
1.5.20261.11.2.1
1.5.20270.8.2.1.5
1.5.20334.13.2.1
1.5.20413.9.2.1.6.4.8.1.33
1.5.20484.9.2.1.1.3.5.3
1.5.20585.19.2.1.3
1.5.20999.10.2.1
1.5.21096.13.2.1.5
1.5.21229.8.2.1.6
1.5.21273.7.2.1.23
1.5.21288.10.2.1.6
1.5.21370.6.2.1.3.1.4
1.5.21380.9.2.1.6.10.23
1.5.21592.15.2.1.2
1.5.21658.8.2.1.1.5.5.2.27
1.5.21699.12.2.1.3.2.12.8.12
1.5.21838.8.2.1.8
1.5.21839.26.2.1
1.5.21852.10.2.1
1.5.21863.7.2.1.1.1.11
1.5.21916.13.2.1.12.1.3
1.5.21978.22.2.1.25.1.1.1
1.5.22132.12.2.1.2.2
1.5.22150.8.2.1.9
1.5.22439.9.2.1.4.3
1.5.22537.14.2.1
1.5.22546.5.2.1.8.3
1.5.22606.6.2.1.2.1.5.2
1.5.22628.9.2.1.11
1.5.22683.7.2.1
1.5.22759.7.2.1.22.9.14
1.5.22889.9.2.1
1.5.22961.8.2.1.1.4.7.4.13
1.5.23221.14.2.1.12.2.6
1.5.23277.10.2.1.4.1.7
1.5.23487.8.2.1.4.1.1.1.4
1.5.23501.10.2.1.9.5.8
1.5.23835.10.2.1.9.4
1.5.23848.11.2.1.5.3
1.5.23928.7.2.1.2
1.5.23936.12.2.1.16
1.5.23946.10.2.1
1.5.24084.8.2.1.16.4
1.5.24136.7.2.1.29.3
1.5.24172.12.2.1.6
1.5.24383.15.2.1.18.3
1.5.24383.15.2.1.20.2.15.11.40.24
1.5.24598.6.2.1.4.4.30.3
1.5.24827.17.2.1
1.5.24870.5.2.1.2
1.5.24949.12.2.1.38.2
1.5.24993.9.2.1
1.5.25026.8.2.1.10.2.10
1.5.25039.9.2.1
1.5.25064.9.2.1.3.4.8.3
1.5.25085.11.2.1.2.1.1
1.5.25149.12.2.1.29.15
1.5.25226.8.2.1.17.9.22.4.47
1.5.25337.9.2.1.7.2.2
1.5.25471.10.2.1.9
1.5.25593.10.2.1.12.2.6
1.5.25614.9.2.1.8.5
1.5.25616.6.2.1.5.2.14.3
1.5.25854.7.2.1.12.3.10.1
1.5.25909.8.2.1
1.5.25987.7.2.1
1.5.25989.17.2.1.5
1.5.26053.6.2.1.33.3.7
1.5.26095.8.2.1.9
1.5.26150.7.2.1.6.1.11.1.16
1.5.26382.10.2.1.38.17.35.1.61
1.5.26399.12.2.1.7.3.3.4
1.5.26429.15.2.1.6
1.5.26510.8.2.1.4.2.7.5.9
1.5.26609.12.2.1.2.2.19
1.5.26669.16.2.1.9.6
1.5.26753.14.2.1.3.1
1.5.26779.11.2.1.1.1.1
1.5.26974.9.2.1.2.1.1.1.14
1.5.27004.12.2.1.2.2.6.1.3
1.5.27016.12.2.1.14
1.5.27027.10.2.1.3.3.9
1.5.27258.10.2.1.8.1.4.6
1.5.27289.11.2.1
1.5.27303.12.2.1.2.2.5.1.8
1.5.27532.9.2.1.1.3.5.3
1.5.27577.13.2.1.2.2
1.5.27643.19.2.1.3
1.5.28061.10.2.1
1.5.28153.7.2.1.22
1.5.28219.9.2.1.54
1.5.28325.11.2.1.44.1.1
1.5.28336.12.2.1
1.5.28337.8.2.1.12.3.16
1.5.28414.6.2.1.3.1.4
1.5.28424.9.2.1.6.10.23
1.5.28632.15.2.1.13.5.7.1
1.5.28698.8.2.1.1.6.16.6.25
1.5.28739.12.2.1.3.2.12.8.12
1.5.28857.8.2.1.8
1.5.28858.26.2.1
1.5.28884.11.2.1.1
1.5.28942.7.2.1.2.1.3
1.5.29009.22.2.1.25.1.1.1
1.5.29171.12.2.1.2.2
1.5.29189.8.2.1.9
1.5.29293.7.2.1.6.8
1.5.29550.12.2.1.7.2
1.5.29570.14.2.1
1.5.29579.5.2.1.8.3
1.5.29637.6.2.1.2.1.5.2
1.5.29659.9.2.1.11
1.5.29717.7.2.1
1.5.29932.9.2.1
1.5.30006.16.2.1.18.1.43
1.5.30291.14.2.1.12.2.6
1.5.30326.9.2.1.8.1
1.5.30343.10.2.1.4.1.13
1.5.30575.8.2.1.13.7.21
1.5.30920.22.2.1
1.5.30950.10.2.1.4.2
1.5.31021.19.2.1.3
1.5.31064.7.2.1.3.7.23
1.5.31071.10.2.1.6
1.5.31094.13.2.1.1
1.5.31128.8.2.1.22.5.19.2
1.5.31252.7.2.1.29.3
1.5.31501.15.2.1.18.3
1.5.31501.15.2.1.20.2.15.11.33.6
1.5.31633.14.2.1.6
1.5.32007.5.2.1.2
1.5.32124.9.2.1
1.5.32155.9.2.1.10.1.11.4.11
1.5.32170.9.2.1
1.5.32195.9.2.1.3.4.8.3
1.5.32216.11.2.1.2.1.1
1.5.32276.22.2.1.20.3
1.5.32360.8.2.1.17.9.22.4.47
1.5.32474.9.2.1.7.2.2
1.5.32607.13.2.1.6.1.13
1.5.32736.10.2.1.23.2.6
1.5.32757.9.2.1.8.5
1.5.32759.6.2.1.5.2.14.3
1.5.32782.16.2.1.8.5
1.5.32843.28.2.1.6
1.5.32985.7.2.1.12.3.10.1
1.5.33108.7.2.1
1.5.33110.17.2.1.5
1.5.33177.6.2.1.33.3.7
1.5.33202.23.2.1.7.1.2
1.5.33224.8.2.1.9
1.5.33273.10.2.1.10.5.13.1.1
1.5.33522.10.2.1.38.17.35.1.66
1.5.33539.12.2.1.7.3.3.4
1.5.33650.8.2.1.4.2.7.5.9
1.5.33747.12.2.1.2.2.19
1.5.33814.16.2.1.9.6
1.5.33898.14.2.1.3.1
1.5.33924.11.2.1.1.1.1
1.5.34004.8.2.1.2.1.14.1
1.5.34073.9.2.1.6.1
1.5.34171.12.2.1.12
1.5.34182.7.2.1.44.1.4
1.5.34427.10.2.1.8.1.4.9
1.5.34459.8.2.1.2.1.1.1
1.5.34459.8.2.1.2.1.2.1.3
1.5.34677.9.2.1.1.3.5.3
1.5.34722.13.2.1.2.2
1.5.34763.25.2.1.1.2.7
1.5.34962.20.2.1.5.3
1.5.35267.10.2.1
1.5.35365.13.2.1.5
1.5.35413.7.2.1.1
1.5.35485.8.2.1.6
1.5.35529.7.2.1.23
1.5.35544.10.2.1.6
1.5.35618.6.2.1.3.1.4
1.5.35628.12.2.1.14.5.13.4.7
1.5.35698.8.2.1.25
1.5.35842.15.2.1.13.5.7.1
1.5.35921.8.2.1.1.5.5.2.24
1.5.35961.12.2.1.3.2.12.8.12
1.5.36079.8.2.1.8
1.5.36080.26.2.1
1.5.36093.22.2.1.6
1.5.36148.13.2.1.12.1.3
1.5.36215.22.2.1.25.1.1.1
1.5.36369.12.2.1.2.2
1.5.36387.8.2.1.8
1.5.36490.7.2.1.6.8
1.5.36758.14.2.1
1.5.36767.5.2.1.8.3
1.5.36852.29.2.1.2
1.5.36992.7.2.1.22.9.14
1.5.37122.9.2.1
1.5.37197.8.2.1.7.2.2
1.5.37438.14.2.1.12.2.6
1.5.37494.10.2.1.4.1.7
1.5.37709.8.2.1.4.1.1.1.4
1.5.37724.8.2.1.12.5.11
1.5.38079.10.2.1.9.4
1.5.38150.12.2.1.1.1.3
1.5.38160.9.2.1.5.1
1.5.38175.7.2.1.2
1.5.38183.12.2.1.16
1.5.38193.10.2.1
1.5.38379.6.2.1.14.1.2.4
1.5.38409.6.2.1.18
1.5.38618.15.2.1.13.3
1.5.38618.15.2.1.15.2.15.8.30.20
1.5.38722.6.2.1.5.2.22.10
1.5.38743.14.2.1.8
1.5.38827.6.2.1.4.4.30.3
1.5.38930.8.2.1.5.6
1.5.39100.6.2.1.1.1.10.5.13
1.5.39220.9.2.1
1.5.39253.8.2.1.10.2.10
1.5.39266.9.2.1
1.5.39291.9.2.1.3.4.8.3
1.5.39337.25.2.1.14
1.5.39373.22.2.1.20.3
1.5.39457.8.2.1.17.9.22.4.47
1.5.39571.9.2.1.7.2.2
1.5.39686.9.2.1.4.3.8
1.5.39822.10.2.1.23.2.6
1.5.39843.9.2.1.8.5
1.5.39845.6.2.1.5.2.14.3
1.5.39934.10.2.1.4.3.27
1.5.39942.7.2.1.3.1
1.5.40050.7.2.1.12.3.10.1
1.5.40163.7.2.1
1.5.40166.9.2.1.9
1.5.40226.6.2.1.41.3.7
1.5.40251.23.2.1.7.1.2
1.5.40273.8.2.1.9
1.5.40320.10.2.1.10.5.15.1.1
1.5.40344.5.2.1.2.2
1.5.40347.22.2.1
1.5.40564.8.2.1.40.2.31.12.31
1.5.40584.12.2.1.7.3.3.4
1.5.40695.8.2.1.4.2.7.5.9
1.5.40792.12.2.1.2.2.19
1.5.40859.16.2.1.9.6
1.5.40970.11.2.1.1.1.1
1.5.41022.8.2.1
1.5.41053.8.2.1.2.1.14.1
1.5.41221.12.2.1.12
1.5.41232.10.2.1.3.3.9
1.5.41464.10.2.1.8.1.4.9
1.5.41497.8.2.1.2.1.1.10
1.5.41497.8.2.1.2.1.2.1.28
1.5.41720.9.2.1.1.3.5.3
1.5.41765.13.2.1.2.2
1.5.41806.25.2.1.1.2.7
1.5.42379.13.2.1.5
1.5.42558.11.2.1.23.1.1
1.5.42574.12.2.1
1.5.42575.8.2.1.1.1.11
1.5.42656.6.2.1.3.1.4
1.5.42736.8.2.1.25
1.5.42890.15.2.1.2
1.5.42956.8.2.1.1.5.5.2.27
1.5.43002.19.2.1.32.1.6
1.5.43147.6.2.1.6.1.5
1.5.43223.7.2.1.2.1.3
1.5.43290.22.2.1.25.1.1.1
1.5.43464.10.2.1.17
1.5.43470.8.2.1.8
1.5.43573.7.2.1.6.8
1.5.43757.9.2.1.4.3
1.5.43836.12.2.1.7.2
1.5.43856.14.2.1
1.5.43865.5.2.1.8.3
1.5.43926.6.2.1.2.1.5.2
1.5.43948.9.2.1.11
1.5.44006.7.2.1
1.5.44090.7.2.1.22.9.14
1.5.44214.12.2.1.12.1.16.3
1.5.44297.17.2.1.7.8.40
1.5.44569.9.2.1.27.1.4.2.12
1.5.44622.10.2.1.4.1.7
1.5.44846.25.2.1.9.1.1
1.5.44849.8.2.1.1.3.11.5.26
1.5.45161.22.2.1
1.5.45186.10.2.1.9.4
1.5.45199.11.2.1.5.3
1.5.45275.7.2.1.2
1.5.45283.12.2.1.16
1.5.45293.10.2.1
1.5.45356.8.2.1.9.4.13.2
1.5.45482.7.2.1.29.3
1.5.45518.12.2.1.6
1.5.45740.12.2.1.20.2.6.1.1.10
1.5.45869.14.2.1.6
1.5.45913.6.2.1
1.5.46042.8.2.1.3.3
1.5.46229.5.2.1.2
1.5.46308.12.2.1.38.2
1.5.46352.9.2.1
1.5.46385.8.2.1.10.2.10
1.5.46398.9.2.1
1.5.46423.9.2.1.3.4.8.3
1.5.46475.21.2.1.6.4.7
1.5.46594.8.2.1.17.9.22.4.47
1.5.46710.9.2.1.8.5.14
1.5.46774.8.2.1.20.1
1.5.47008.10.2.1.23.2.6
1.5.47115.10.2.1.4.3.27
1.5.47123.7.2.1.3.1
1.5.47236.7.2.1.12.3.10.1
1.5.47286.8.2.1
1.5.47364.7.2.1
1.5.47366.17.2.1.5
1.5.47419.6.2.1.33.3.7
1.5.47444.23.2.1.7.1.2
1.5.47466.8.2.1.9
1.5.47755.10.2.1.38.17.35.1.19
1.5.47772.12.2.1.7.3.3.4
1.5.48059.16.2.1.9.6
1.5.48144.14.2.1.3.1
1.5.48170.11.2.1.1.1.1
1.5.48222.8.2.1
1.5.48253.8.2.1.2.1.14.1
1.5.48319.9.2.1.6.1
1.5.48404.12.2.1.12
1.5.48415.10.2.1.3.3.9
1.5.48509.21.2.1.8.4.10.3
1.5.48648.10.2.1.8.1.4.6
1.5.48679.11.2.1
1.5.48693.12.2.1.2.2.5.1.8
1.5.48843.9.2.1.6.4.8.1.84
1.5.48914.9.2.1.1.3.5.3
1.5.48959.13.2.1.2.2
1.5.49027.8.2.1.25.5.15
1.5.49447.10.2.1
1.5.49552.13.2.1.5
1.5.49726.7.2.1.23
1.5.49741.10.2.1.6
1.5.49823.6.2.1.3.1.4
1.5.49833.9.2.1.6.10.23
1.5.50048.15.2.1.2
1.5.50114.8.2.1.1.5.5.2.27
1.5.50155.12.2.1.3.2.12.8.12
1.5.50296.8.2.1.8
1.5.50297.26.2.1
1.5.50323.11.2.1.1
1.5.50383.7.2.1.2.1.3
1.5.50450.22.2.1.25.1.1.1
1.5.50613.12.2.1.2.2
1.5.50631.8.2.1.8
1.5.50734.7.2.1.6.8
1.5.50997.14.2.1
1.5.51006.5.2.1.8.3
1.5.51064.6.2.1.2.1.5.2
1.5.51086.9.2.1.11
1.5.51144.7.2.1
1.5.51220.7.2.1.22.9.14
1.5.51346.12.2.1.12.1.16.3
1.5.51430.16.2.1.18.1.27
1.5.51706.14.2.1.12.2.6
1.5.51741.9.2.1.8.1
1.5.51758.10.2.1.4.1.13
1.5.51969.8.2.1.4.1.1.1.4
1.5.51983.10.2.1.9.5.8
1.5.52320.22.2.1
1.5.52345.10.2.1.9.4
1.5.52412.12.2.1.1.1.3
1.5.52422.9.2.1.5.1
1.5.52453.6.2.1.11
1.5.52464.10.2.1
1.5.52531.8.2.1.30.5.19.2
1.5.52660.7.2.1.29.3
1.5.52696.12.2.1.6
1.5.52931.19.2.1.3.2.8.1
1.5.53111.6.2.1.4.4.30.3
1.5.53391.6.2.1.1.1.10.5.13
1.5.53442.6.2.1.2.1
1.5.53506.9.2.1
1.5.53539.8.2.1.10.2.10
1.5.53552.9.2.1
1.5.53577.9.2.1.3.4.22.3
1.5.53598.11.2.1.2.1.1
1.5.53619.25.2.1.14
1.5.53664.22.2.1.10.1
1.5.53748.8.2.1.17.9.22.4.47
1.5.53862.6.2.1.7
1.5.53926.8.2.1.20.1
1.5.54009.9.2.1.4.3.8
1.5.54135.10.2.1.23.2.6
1.5.54234.28.2.1.6
1.5.54378.7.2.1.12.3.10.1
1.5.54504.7.2.1
1.5.54506.17.2.1.5
1.5.54559.6.2.1.33.3.7
1.5.54584.23.2.1.7.1.2
1.5.54606.8.2.1.9
1.5.54907.10.2.1.38.17.35.1.66
1.5.54924.12.2.1.7.3.3.4
1.5.55047.14.2.1.2
1.5.55205.16.2.1.9.6
1.5.55515.9.2.1.2.1.1.1.14
1.5.55555.12.2.1.12
1.5.55566.10.2.1.3.3.9
1.5.55797.10.2.1.8.1.4.6
1.5.55828.11.2.1
1.5.55842.12.2.1.2.2.5.1.8
1.5.56060.9.2.1.1.3.5.3
1.5.56105.13.2.1.2.2
1.5.56171.19.2.1.3
1.5.56579.10.2.1
1.5.56677.13.2.1.5
1.5.56734.9.2.1.54
1.5.56852.11.2.1.23.1.1
1.5.56950.6.2.1.3.1.4
1.5.57168.15.2.1.13.5.7.1
1.5.57187.15.2.1.2
1.5.57253.8.2.1.1.5.5.2.27
1.5.57293.12.2.1.3.2.12.8.12
1.5.57413.6.2.1.6.1.5
1.5.57441.12.2.1
1.5.57488.13.2.1.12.1.3
1.5.57555.22.2.1.25.1.1.1
1.5.57722.8.2.1.12.1.2
1.5.57963.16.2.1.15.1.9.2
1.5.58104.14.2.1
1.5.58113.5.2.1.8.3
1.5.58174.6.2.1.2.1.5.2
1.5.58196.9.2.1.11
1.5.58254.7.2.1
1.5.58330.7.2.1.22.9.14
1.5.58554.11.2.1.16.1.2.1.19
1.5.58829.9.2.1.27.1.4.2.12
1.5.58882.10.2.1.4.1.7
1.5.59113.25.2.1.9.1.1
1.5.59116.8.2.1.1.3.11.5.26
1.5.59467.10.2.1.9.4
1.5.59538.19.2.1.3
1.5.59587.6.2.1.11
1.5.59598.10.2.1
1.5.59665.8.2.1.30.5.19.2
1.5.59788.7.2.1.29.3
1.5.59824.12.2.1.6
1.5.60036.12.2.1.20.2.6.1.1.18
1.5.60332.8.2.1.3.3
1.5.60411.9.2.1.9.4
1.5.60473.17.2.1
1.5.60520.5.2.1.2
1.5.60599.12.2.1.38.2
1.5.60633.6.2.1.4.1.27.5.5
1.5.60654.9.2.1
1.5.60719.9.2.1
1.5.60771.10.2.1.9.3.8.1.32
1.5.60812.22.2.1.10.1
1.5.60896.8.2.1.17.9.22.4.47
1.5.61009.10.2.1.5.3.6
1.5.61034.13.2.1.37
1.5.61133.10.2.1.9
1.5.61263.10.2.1.23.2.6
1.5.61284.9.2.1.8.5
1.5.61286.6.2.1.5.2.14.3
1.5.61376.10.2.1.4.3.27
1.5.61384.7.2.1.3.1
1.5.61480.7.2.1.12.3.10.1
1.5.61604.7.2.1
1.5.61606.17.2.1.7
1.5.61673.6.2.1.33.3.7
1.5.61698.23.2.1.7.1.2
1.5.61720.8.2.1.9
1.5.62019.8.2.1.40.2.31.12.42
1.5.62039.12.2.1.7.3.3.4
1.5.62259.12.2.1.2.2.19
1.5.62327.16.2.1.9.6
1.5.62433.10.2.1.15.1.2
1.5.62487.8.2.1
1.5.62520.9.2.1
1.5.62597.9.2.1.6.1
1.5.62700.12.2.1.12
1.5.62711.7.2.1.44.1.4
1.5.62968.13.2.1
1.5.63000.12.2.1.7.1.14
1.5.63212.9.2.1.1.3.5.3
1.5.63257.13.2.1.2.2
1.5.63298.25.2.1.1.2.7
1.5.63785.10.2.1
1.5.63889.13.2.1.5
1.5.64024.8.2.1.6
1.5.64056.11.2.1.20.1.1
1.5.64067.12.2.1
1.5.64068.8.2.1.12.3.16
1.5.64145.6.2.1.3.1.4
1.5.64155.12.2.1.14.5.13.4.7
1.5.64225.8.2.1.25
1.5.64381.15.2.1.13.5.7.1
1.5.64469.8.2.1.1.5.5.2.26
1.5.64515.19.2.1.32.1.7
1.5.64641.6.2.1.6.1.5
1.5.64717.7.2.1.2.1.3
1.5.64779.22.2.1.25.1.1.1
1.5.64952.8.2.1.12.1.2
1.5.64954.17.2.1.4.2.11
1.5.65055.7.2.1.6.8
1.5.65325.12.2.1.7.2
1.5.65345.14.2.1
1.5.65354.5.2.1.8.3
1.5.65412.6.2.1.2.1.5.2
1.5.65434.9.2.1.11
1.5.65492.7.2.1
1.5.65587.7.2.1.22.9.14
1.5.65818.17.2.1.7.8.40
1.5.66077.14.2.1.12.2.6
1.5.66112.9.2.1.8.1
1.5.66129.10.2.1.4.1.13
1.5.66336.8.2.1.4.1.1.1.4
1.5.66350.10.2.1.9.5.8
1.5.66664.22.2.1
1.5.66689.10.2.1.9.4
1.5.66702.11.2.1.5.3
1.5.66785.7.2.1.2
1.5.66793.12.2.1.16
1.5.66803.10.2.1
1.5.66872.8.2.1.30.5.19.2
1.5.66995.7.2.1.29.3
1.5.67031.12.2.1.6
1.5.67254.12.2.1.20.2.6.1.1.7
1.5.67386.14.2.1.6
1.5.67562.8.2.1.3.3
1.5.67748.6.2.1.2.1.10.1.4
1.5.67751.16.2.1.6
1.5.67770.6.2.1
1.5.67866.9.2.1
1.5.67931.9.2.1
1.5.67986.21.2.1.6.4.7
1.5.68029.22.2.1.10.1
1.5.68114.8.2.1.17.9.22.4.47
1.5.68233.9.2.1.7.2.2
1.5.68291.8.2.1.20.1
1.5.68374.9.2.1.4.3.8
1.5.68502.10.2.1.12.2.6
1.5.68602.28.2.1.6
1.5.68718.7.2.1.12.3.10.1
1.5.68832.7.2.1
1.5.68834.17.2.1.7
1.5.68891.6.2.1.33.3.7
1.5.68916.23.2.1.7.1.2
1.5.68938.8.2.1.9
1.5.68987.10.2.1.10.5.13.1.1
1.5.69238.8.2.1.40.2.31.12.60
1.5.69258.12.2.1.7.3.3.4
1.5.69288.15.2.1.6
1.5.69369.8.2.1.4.2.7.5.9
1.5.69528.16.2.1.9.6
1.5.69603.8.2.1.13.3
1.5.69634.11.2.1.1.1.1
1.5.69711.8.2.1.2.1.8.1
1.5.69840.9.2.1.2.1.1.1.14
1.5.69880.12.2.1.12
1.5.69891.10.2.1.3.3.9
1.5.70146.10.2.1.8.1.4.9
1.5.70178.8.2.1.5
1.5.70396.9.2.1.1.3.5.3
1.5.70441.13.2.1.2.2
1.5.70482.25.2.1.1.2.7
1.5.70956.10.2.1
1.5.71061.13.2.1.5
1.5.71233.8.2.1.14
1.5.71316.6.2.1.3.1.4
1.5.71326.9.2.1.6.10.23
1.5.71542.15.2.1.13.5.7.1
1.5.71609.8.2.1.1.6.16.6.20
1.5.71648.6.2.1.16.2.12
1.5.71793.8.2.1.8
1.5.71794.26.2.1
1.5.71820.11.2.1.1
1.5.71866.8.2.1.3.1
1.5.71880.7.2.1.2.1.3
1.5.71942.22.2.1.25.1.1.1
1.6.125.8.2.1
1.6.143.8.2.1.8.1.20
1.6.502.8.2.1.7
1.6.586.8.2.1.10.5
1.6.623.8.2.1.4.1.2.1
1.6.747.8.2.1.7.7.20.2
1.6.833.8.2.1.4.3.5.1.2
1.6.841.8.2.1.26.5.33.1.26
1.6.1082.8.2.1
1.6.1084.8.2.1.2.2.2.1.2
1.6.1344.8.2.1.8.4.7.3
1.6.1372.8.2.1.2.1.1.7.17
1.6.1422.8.2.1.14.1.11
1.6.1627.8.2.1.21.6.5
1.6.1649.8.2.1.2.2.5
1.6.1920.8.2.1
1.6.1998.8.2.1.13.5.10
1.6.2019.8.2.1.12
1.6.2135.8.2.1
1.6.2160.8.2.1.1.1.4.6.28
1.6.2200.8.2.1.2
1.6.2387.8.2.1.2.1
1.6.2400.8.2.1
1.6.2424.8.2.1.3.2.14.7
1.6.2454.8.2.1.2.2.7
1.6.2526.8.2.1.9.2
1.6.2706.8.2.1.6.3.14
1.6.2707.8.2.1.9.6
1.6.2755.8.2.1
1.6.2835.8.2.1.15.5
1.6.2848.8.2.1.12.1.2.2.50.74
1.6.2942.8.2.1
1.6.3032.8.2.1.1.1
1.6.3192.8.2.1.14.6.15.1
1.6.3300.8.2.1.11
1.6.3301.8.2.1.13.2.6.2.9
1.6.3406.8.2.1.13.1.9.2.3
1.6.3473.8.2.1.6
1.6.3549.8.2.1
1.6.3585.8.2.1.2.2.10.1.7
1.6.3757.8.2.1.4.1.6
1.6.3919.8.2.1.2.1.13.2.4
1.6.3945.8.2.1
1.6.4028.8.2.1.4.3.18
1.6.4064.8.2.1.15.1
1.6.4169.8.2.1.9.6.6.3.12
1.6.4185.8.2.1.16.2
1.6.4308.8.2.1.30.1.6.2.7
1.6.4557.8.2.1.17
1.6.4660.8.2.1.6.1.15
1.6.4754.8.2.1.3.5.7.1
1.6.4974.8.2.1.4.4.29.1
1.6.5010.8.2.1.5.1
1.6.5022.8.2.1.20.1
1.6.5178.8.2.1.3.3.8
1.6.5286.8.2.1.15.4.7.1.25
1.6.5472.8.2.1
1.6.5500.8.2.1.1.1
1.6.5515.8.2.1
1.6.5700.8.2.1.12.1.2
1.6.5758.8.2.1.4.2.10.2.15
1.6.5772.8.2.1
1.6.5774.8.2.1.3
1.6.5896.8.2.1.1.1
1.6.5901.8.2.1.7.7.48.2
1.6.5927.8.2.1
1.6.6027.8.2.1.11.2.7
1.6.6088.8.2.1.8.1.5
1.6.6089.8.2.1.11
1.6.6390.8.2.1
1.6.6398.8.2.1.12
1.6.6469.8.2.1.6.5.6.1
1.6.6512.8.2.1.21.1
1.6.6685.8.2.1
1.6.6751.8.2.1.19.2
1.6.6978.8.2.1.25.5.11.2.25
1.6.7071.8.2.1.8.2
1.6.7132.8.2.1.2.2.9
1.6.7218.8.2.1.7.2.7.4.13
1.6.7269.8.2.1.7
1.6.7344.8.2.1
1.6.7377.8.2.1.8
1.6.7390.8.2.1.11.1.14
1.6.7455.8.2.1.3
1.6.7644.8.2.1.5.1.18
1.6.7675.8.2.1
1.6.7697.8.2.1.19.2.49
1.6.7742.8.2.1.3.3.4
1.6.7816.8.2.1.28
1.6.7922.8.2.1.8
1.6.7923.8.2.1.12
1.6.7959.8.2.1.2.1.2.2.10
1.6.8001.8.2.1.5.5.10
1.6.8022.8.2.1.1.1.3.4
1.6.8032.8.2.1.3.1.12.6
1.6.8091.8.2.1.13.2.31.2
1.6.8111.8.2.1.4.1.4
1.6.8234.8.2.1.2.1.2
1.6.8288.8.2.1.22.1.30
1.6.8661.8.2.1.26.2.24
1.6.8749.8.2.1
1.6.8758.8.2.1
1.6.9002.8.2.1.2.2.12
1.6.9018.8.2.1.8.1.1.3.32
1.6.9261.8.2.1.4
1.6.9280.8.2.1.5.4.12
1.6.9532.8.2.1.8.4.7.3
1.6.9560.8.2.1.5
1.6.9630.8.2.1.14.1.11
1.6.9807.8.2.1
1.6.9822.8.2.1.7.1
1.6.9848.8.2.1.21.6.5
1.6.9870.8.2.1.2.2.5
1.6.10159.8.2.1
1.6.10231.8.2.1.13.5.10
1.6.10252.8.2.1.12
1.6.10368.8.2.1
1.6.10395.8.2.1.3.1.1
1.6.10430.8.2.1.2
1.6.10503.8.2.1.7.4.12.2
1.6.10616.8.2.1.2.1
1.6.10629.8.2.1
1.6.10653.8.2.1.2.1.3.2
1.6.10684.8.2.1.2.2.7
1.6.10756.8.2.1.9.2
1.6.10995.8.2.1
1.6.11069.8.2.1.15.5
1.6.11082.8.2.1.12.1.2.2.50.58
1.6.11170.8.2.1.27
1.6.11264.8.2.1.1.1
1.6.11421.8.2.1.14.6.15.1
1.6.11533.8.2.1.2
1.6.11535.8.2.1.11
1.6.11645.8.2.1.13.1.9.2.3
1.6.11701.8.2.1.17
1.6.11773.8.2.1
1.6.11973.8.2.1.4.1.6
1.6.12117.8.2.1.12.2
1.6.12127.8.2.1.4.3.12.6.11
1.6.12131.8.2.1
1.6.12152.8.2.1.15.6.10
1.6.12177.8.2.1
1.6.12202.8.2.1.10.2
1.6.12259.8.2.1.8
1.6.12283.8.2.1
1.6.12347.8.2.1
1.6.12421.8.2.1.17.2
1.6.12532.8.2.1.30.1.6.2.7
1.6.12793.8.2.1.17
1.6.12896.8.2.1.6.1.15
1.6.13200.8.2.1
1.6.13224.8.2.1
1.6.13255.8.2.1.5.1.9.1
1.6.13403.8.2.1.3.3.8
1.6.13511.8.2.1.15.4.7.1.25
1.6.13692.8.2.1
1.6.13720.8.2.1.1.1
1.6.13903.8.2.1.12.1.2
1.6.13935.8.2.1.16.2.7.1.1
1.6.13954.8.2.1.6.1
1.6.13974.8.2.1
1.6.13976.8.2.1.3
1.6.13991.8.2.1.6
1.6.14096.8.2.1.1.1
1.6.14101.8.2.1.7.7.48.2
1.6.14127.8.2.1
1.6.14203.8.2.1.2.2.33.4
1.6.14208.8.2.1.6.4
1.6.14239.8.2.1.1.1.13.2.21
1.6.14307.8.2.1.1
1.6.14307.8.2.1.3
1.6.14371.8.2.1.6.2.4.4
1.6.14596.8.2.1
1.6.14604.8.2.1.12
1.6.14929.8.2.1
1.6.14985.8.2.1.2.1.3.2
1.6.15090.8.2.1.14.1.3.1.7
1.6.15225.8.2.1.4.1.3.1
1.6.15300.8.2.1.4.2
1.6.15363.8.2.1.2.2.9
1.6.15449.8.2.1.7.2.7.4.13
1.6.15500.8.2.1.7
1.6.15575.8.2.1
1.6.15608.8.2.1.8
1.6.15688.8.2.1.3
1.6.15871.8.2.1.25
1.6.15930.8.2.1.1.1.27
1.6.15965.8.2.1.3.3.3
1.6.16045.8.2.1.27
1.6.16154.8.2.1.6
1.6.16155.8.2.1.10.1.1.3.22
1.6.16188.8.2.1.2.1.2.2.10
1.6.16230.8.2.1.5.5.10
1.6.16250.8.2.1.1.1.3.2
1.6.16317.8.2.1.13.2.31.2
1.6.16337.8.2.1.4.1.4
1.6.16519.8.2.1.34.3.8
1.6.16899.8.2.1.26.2.24
1.6.16989.8.2.1
1.6.16998.8.2.1
1.6.17130.8.2.1.7.7.20.2
1.6.17215.8.2.1.2.2.12
1.6.17232.8.2.1.13
1.6.17466.8.2.1.4
1.6.17485.8.2.1.5.4.12
1.6.17664.8.2.1.12.1
1.6.17779.8.2.1.5
1.6.17851.8.2.1.14.1.11
1.6.18030.8.2.1
1.6.18045.8.2.1.7.1
1.6.18071.8.2.1.21.6.5
1.6.18093.8.2.1.2.2.5
1.6.18113.8.2.1.2.1
1.6.18366.8.2.1
1.6.18438.8.2.1.2.1.2.8.34
1.6.18450.8.2.1.3.2.7.1
1.6.18565.8.2.1
1.6.18592.8.2.1.3.1.1
1.6.18623.8.2.1.2
1.6.18626.8.2.1.3.2
1.6.18631.8.2.1.15.2.3.1.13
1.6.18719.8.2.1.7.4.12.2
1.6.18807.8.2.1.13.7
1.6.18821.8.2.1
1.6.18849.8.2.1
1.6.18873.8.2.1.2.1.3.2
1.6.18905.8.2.1.2.2.7
1.6.18977.8.2.1.9.2
1.6.19223.8.2.1
1.6.19301.8.2.1.15.5
1.6.19314.8.2.1.12.1.2.2.50.48
1.6.19351.8.2.1.9
1.6.19489.8.2.1.1.1
1.6.19641.8.2.1.14.6.15.1
1.6.19759.8.2.1.8
1.6.19906.8.2.1.10.7.32.1.46
1.6.19940.8.2.1.8.2
1.6.19963.8.2.1.5.1
1.6.20159.8.2.1.4.1.6
1.6.20315.8.2.1.9
1.6.20354.8.2.1
1.6.20379.8.2.1.10.2
1.6.20436.8.2.1.9
1.6.20524.8.2.1
1.6.20559.8.2.1.4.1
1.6.20580.8.2.1.12.1.1
1.6.20611.8.2.1.10.2.3.1
1.6.20713.8.2.1.5
1.6.20984.8.2.1.17
1.6.21087.8.2.1.6.1.15
1.6.21162.8.2.1.13.1.8.2.5
1.6.21187.8.2.1.3.5.7.1
1.6.21406.8.2.1
1.6.21442.8.2.1.5.1.9.1
1.6.21588.8.2.1.3.3.8
1.6.21902.8.2.1.1.1
1.6.21917.8.2.1
1.6.21995.8.2.1.14.6
1.6.22085.8.2.1.12.1.2
1.6.22117.8.2.1.16.2.7.1.1
1.6.22136.8.2.1.6.1
1.6.22156.8.2.1.9
1.6.22280.8.2.1.1.1
1.6.22285.8.2.1.7.7.48.2
1.6.22311.8.2.1
1.6.22411.8.2.1.11.2.7
1.6.22481.8.2.1.1
1.6.22481.8.2.1.3
1.6.22563.8.2.1.12
1.6.22618.8.2.1.12.2
1.6.22790.8.2.1
1.6.22798.8.2.1.12
1.6.22868.8.2.1.9
1.6.23108.8.2.1
1.6.23170.8.2.1.10.1.15
1.6.23385.8.2.1.1.1.3.2.3
1.6.23463.8.2.1.8.2
1.6.23523.8.2.1.5
1.6.23606.8.2.1.15.1.4
1.6.23664.8.2.1.7
1.6.23718.8.2.1.31.1
1.6.23787.8.2.1.8
1.6.24053.8.2.1.5.1.18
1.6.24109.8.2.1.20.2.30
1.6.24168.8.2.1.11.1.15
1.6.24237.8.2.1.17.11.28
1.6.24330.8.2.1.8
1.6.24331.8.2.1.12
1.6.24367.8.2.1.2.1.2.2.10
1.6.24409.8.2.1.5.5.10
1.6.24429.8.2.1.4.3.8.2
1.6.24496.8.2.1.13.2.31.2
1.6.24518.8.2.1.4.1.24
1.6.24730.8.2.1.34.3.8
1.6.25074.8.2.1.7
1.6.25159.8.2.1
1.6.25168.8.2.1
1.6.25404.8.2.1.4.3.5.1.2
1.6.25412.8.2.1.26.5.33.1.26
1.6.25661.8.2.1.5.4.12
1.6.25915.8.2.1.8.4.7.3
1.6.25943.8.2.1.5
1.6.26015.8.2.1.13
1.6.26240.8.2.1.21.6.5
1.6.26262.8.2.1.2.2.5
1.6.26524.8.2.1
1.6.26602.8.2.1.13.5.10
1.6.26623.8.2.1.12
1.6.26753.8.2.1
1.6.26788.8.2.1.1.1.25.3.3
1.6.26821.8.2.1.4
1.6.26830.8.2.1.11.2.3.1.16
1.6.27028.8.2.1
1.6.27052.8.2.1.2.1.3.2
1.6.27092.8.2.1.2
1.6.27155.8.2.1.9.2
1.6.27400.8.2.1
1.6.27478.8.2.1.15.5
1.6.27491.8.2.1.12.1.2.2.50.48
1.6.27675.8.2.1.1.1
1.6.28066.8.2.1.13.1.9.2.3
1.6.28133.8.2.1.6
1.6.28209.8.2.1
1.6.28245.8.2.1.2.2.10.1.7
1.6.28421.8.2.1.4.1.6
1.6.28582.8.2.1.2.1.13.2.4
1.6.28608.8.2.1
1.6.28699.8.2.1.9
1.6.28736.8.2.1
1.6.28807.8.2.1
1.6.28878.8.2.1.17.2
1.6.28988.8.2.1.5
1.6.29099.8.2.1.12.2.2.4
1.6.29247.8.2.1.3.2.4
1.6.29270.8.2.1.17
1.6.29367.8.2.1.6.2.4.6
1.6.29688.8.2.1
1.6.29712.8.2.1
1.6.29748.8.2.1.5.1.9.1
1.6.29896.8.2.1.3.3.8
1.6.30004.8.2.1.15.4.7.1
1.6.30201.8.2.1.1.1
1.6.30216.8.2.1
1.6.30242.8.2.1
1.6.30441.8.2.1.6.1
1.6.30461.8.2.1
1.6.30463.8.2.1.3
1.6.30572.8.2.1.1.1
1.6.30577.8.2.1.7.7.48.2
1.6.30603.8.2.1
1.6.30709.8.2.1.22.1.2.4.31
1.6.30770.8.2.1.1
1.6.30770.8.2.1.3
1.6.30933.8.2.1.2.1.2.2
1.6.31066.8.2.1
1.6.31074.8.2.1.12
1.6.31158.8.2.1.9
1.6.31302.8.2.1.3
1.6.31377.8.2.1
1.6.31431.8.2.1.10.1.5
1.6.31679.8.2.1.4.1.3.1
1.6.31750.8.2.1.5.3.7
1.6.31800.8.2.1.2.2.9
1.6.31890.8.2.1.11.1.15
1.6.31934.8.2.1.7
1.6.32018.8.2.1
1.6.32051.8.2.1.8
1.6.32064.8.2.1.11.1.14
1.6.32129.8.2.1.3
1.6.32318.8.2.1.5.1.18
1.6.32373.8.2.1.20.2.30
1.6.32423.8.2.1.11.1.13
1.6.32502.8.2.1.28.4.9
1.6.32502.8.2.1.29.5.11.1
1.6.32606.8.2.1.6
1.6.32607.8.2.1.10.1.1.3.17
1.6.32636.8.2.1.4.5.25
1.6.32665.8.2.1.42.4.7.1
1.6.32676.8.2.1.10.5.19
1.6.32766.8.2.1.13.2.31.2
1.6.32786.8.2.1.4.1.4
1.6.32954.8.2.1.8.1.22
1.6.33325.8.2.1.26.2.24
1.6.33413.8.2.1
1.6.33422.8.2.1
1.6.33468.8.2.1.4.1.2.1
1.6.33665.8.2.1.4.3.5.1.2
1.6.33673.8.2.1.26.5.33.1.26
1.6.33768.8.2.1.1.1.7.4
1.6.33897.8.2.1
1.6.33898.8.2.1.10.3.7
1.6.34093.8.2.1.12.1
1.6.34178.8.2.1.8.4.7.3
1.6.34206.8.2.1.2.1.1.7.17
1.6.34256.8.2.1.14.1.11
1.6.34476.8.2.1.21.6.5
1.6.34498.8.2.1.2.2.5
1.6.34522.8.2.1.2.1
1.6.34573.8.2.1.11.3.15.6
1.6.34750.8.2.1
1.6.34822.8.2.1.2.1.2.8.34
1.6.34837.8.2.1.23
1.6.34865.8.2.1.21.1.1
1.6.34951.8.2.1
1.6.34986.8.2.1.1.1.25.3.3
1.6.35021.8.2.1.2
1.6.35195.8.2.1
1.6.35208.8.2.1.2.1
1.6.35221.8.2.1
1.6.35245.8.2.1.2.1.3.2
1.6.35276.8.2.1.2.2.7
1.6.35348.8.2.1.9.2
1.6.35575.8.2.1.20.2
1.6.35594.8.2.1
1.6.35694.8.2.1.12.1.2.2.13.42
1.6.35881.8.2.1.1.1
1.6.36134.8.2.1.11
1.6.36135.8.2.1.13.2.6.2.9
1.6.36284.8.2.1.20
1.6.36361.8.2.1
1.6.36397.8.2.1.2.2.10.1.7
1.6.36569.8.2.1.4.1.6
1.6.36714.8.2.1.12.2
1.6.36724.8.2.1.4.3.12.6.11
1.6.36728.8.2.1
1.6.36744.8.2.1.22.3.10
1.6.36769.8.2.1
1.6.36860.8.2.1.8
1.6.36895.8.2.1
1.6.36959.8.2.1
1.6.36994.8.2.1.4.1
1.6.37011.8.2.1.9.6.6.3.3
1.6.37027.8.2.1.16.2
1.6.37143.8.2.1.6.3.4
1.6.37402.8.2.1.3.2.4
1.6.37424.8.2.1.15.7.19
1.6.37518.8.2.1.6.2.4.6
1.6.37607.8.2.1.13.1.8.2.5
1.6.37874.8.2.1
1.6.37907.8.2.1
1.6.38063.8.2.1.3.3.8
1.6.38622.8.2.1.6.1
1.6.38642.8.2.1
1.6.38644.8.2.1.3
1.6.38717.8.2.1.9.5
1.6.38751.8.2.1.1.1
1.6.38756.8.2.1.7.7.48.2
1.6.38946.8.2.1.1
1.6.38946.8.2.1.3
1.6.39269.8.2.1
1.6.39276.8.2.1.22.1.15.2.4
1.6.39433.8.2.1.8.1
1.6.39594.8.2.1
1.6.39900.8.2.1.4.1.3.1
1.6.39983.8.2.1.8.2
1.6.40043.8.2.1.5
1.6.40131.8.2.1.11.1.15
1.6.40175.8.2.1.7
1.6.40184.8.2.1.17.2.35.11.10
1.6.40218.8.2.1.31.1
1.6.40287.8.2.1.8
1.6.40367.8.2.1.3
1.6.40556.8.2.1.5.1.18
1.6.40612.8.2.1.20.2.30
1.6.40658.8.2.1.11.1.13
1.6.40727.8.2.1.17.11.27
1.6.40831.8.2.1.8
1.6.40832.8.2.1.12
1.6.40868.8.2.1.2.1.2.2.10
1.6.40910.8.2.1.5.5.10
1.6.40930.8.2.1.4.3.8.2
1.6.40997.8.2.1.13.2.31.2
1.6.41019.8.2.1.4.1.24
1.6.41243.8.2.1.34.3.8
1.6.41616.8.2.1.26.2.24
1.6.41686.8.2.1
1.6.41695.8.2.1
1.6.41718.8.2.1.4.1.2.1
1.6.41929.8.2.1.2.2.12
1.6.41945.8.2.1.8.1.1.3.32
1.6.42048.8.2.1.1.1.7.4
1.6.42201.8.2.1.5.4.12
1.6.42372.8.2.1.12.1
1.6.42495.8.2.1.5
1.6.42567.8.2.1.14.1.11
1.6.42780.8.2.1.7.1
1.6.42806.8.2.1.21.6.5
1.6.42828.8.2.1.2.2.5
1.6.42991.8.2.1.10.4
1.6.43096.8.2.1
1.6.43171.8.2.1.8.1.18
1.6.43192.8.2.1.12
1.6.43322.8.2.1
1.6.43349.8.2.1.3.1.1
1.6.43564.8.2.1
1.6.43577.8.2.1.2.1
1.6.43590.8.2.1
1.6.43614.8.2.1.2.1.3.2
1.6.43654.8.2.1.2
1.6.43719.8.2.1.9.2
1.6.43966.8.2.1
1.6.44040.8.2.1.15.5
1.6.44053.8.2.1.12.1.2.2.50.54
1.6.44088.8.2.1.9
1.6.44129.8.2.1.27
1.6.44225.8.2.1.1.1
1.6.44379.8.2.1.14.6.15.1
1.6.44488.8.2.1.11
1.6.44489.8.2.1.13.2.6.2.9
1.6.44598.8.2.1.13.1.9.2.3
1.6.44665.8.2.1.6
1.6.44741.8.2.1
1.6.44941.8.2.1.4.1.6
1.6.45070.8.2.1.4.1.13
1.6.45146.8.2.1
1.6.45229.8.2.1.3.2.19.3.2
1.6.45266.8.2.1
1.6.45332.8.2.1
1.6.45367.8.2.1.4.1
1.6.45384.8.2.1.9.6.6.3.3
1.6.45400.8.2.1.16.2
1.6.45501.8.2.1.6.3.4
1.6.45594.8.2.1.12.2.2.3
1.6.45737.8.2.1.15.7.19
1.6.45829.8.2.1.6.2.4.6
1.6.45936.8.2.1.13.1.8.2.84
1.6.46157.8.2.1
1.6.46181.8.2.1
1.6.46212.8.2.1.5.1.9.1
1.6.46369.8.2.1.3.3.8
1.6.46432.8.2.1.9.3
1.6.46470.8.2.1.46
1.6.46636.8.2.1
1.6.46664.8.2.1.1.1
1.6.46679.8.2.1
1.6.46705.8.2.1
1.6.46902.8.2.1.4.2.10.2.9
1.6.46916.8.2.1.9
1.6.47034.8.2.1.1.1
1.6.47039.8.2.1.7.7.48.2
1.6.47065.8.2.1
1.6.47230.8.2.1.8.1.5
1.6.47231.8.2.1.11
1.6.47396.8.2.1.2.1.2.2
1.6.47543.8.2.1
1.6.47550.8.2.1.22.1.15.2.4
1.6.47707.8.2.1.8.1
1.6.47829.8.2.1
1.6.47893.8.2.1.10.1.15
1.6.48125.8.2.1.4.1.3.1
1.6.48218.8.2.1.5.3.5.5.14
1.6.48272.8.2.1.2.2.9
1.6.48362.8.2.1.11.1.15
1.6.48406.8.2.1.7
1.6.48479.8.2.1
1.6.48512.8.2.1.8
1.6.48525.8.2.1.11.1.14
1.6.48590.8.2.1.3
1.6.48785.8.2.1.5.1.18
1.6.48840.8.2.1.20.2.30
1.6.48885.8.2.1.11.1.13
1.6.48935.8.2.1.9.9.31
1.6.49038.8.2.1.6
1.6.49039.8.2.1.10.1.1.3.22
1.6.49068.8.2.1.4.5.25
1.6.49121.8.2.1.1.1.3.2
1.6.49188.8.2.1.13.2.31.2
1.6.49210.8.2.1.4.1.24
1.6.49412.8.2.1.34.3.8
1.6.49782.8.2.1.5.2.5.2.54
1.6.49876.8.2.1
1.6.49885.8.2.1
1.6.50025.8.2.1.7.7.20.2
1.6.50111.8.2.1.4.3.5.1.2
1.6.50119.8.2.1.26.5.33.1.26
1.6.50353.8.2.1.4
1.6.50372.8.2.1.5.4.12
1.6.50547.8.2.1.12.1
1.6.50670.8.2.1.2.1.1.7.19
1.6.50720.8.2.1.14.1.11
1.6.50887.8.2.1
1.6.50902.8.2.1.7.1
1.6.50928.8.2.1.21.6.5
1.6.50950.8.2.1.2.2.5
1.6.50974.8.2.1.2.1
1.6.51213.8.2.1
1.6.51285.8.2.1.13.5.10
1.6.51306.8.2.1.12
1.6.51422.8.2.1
1.6.51446.8.2.1.8.2.4
1.6.51480.8.2.1.2
1.6.51483.8.2.1.3.2
1.6.51488.8.2.1.15.2.3.1.13
1.6.51727.8.2.1.3.1.5.1.10.3
1.6.51761.8.2.1.2
1.6.51824.8.2.1.9.2
1.6.52005.8.2.1.6.3.14
1.6.52006.8.2.1.9.6
1.6.52054.8.2.1
1.6.52134.8.2.1.15.5
1.6.52147.8.2.1.12.1.2.2.50.54
1.6.52182.8.2.1.9
1.6.52229.8.2.1.45
1.6.52317.8.2.1.1.1
1.6.52592.8.2.1.8
1.6.52747.8.2.1.11
1.6.52819.8.2.1
1.6.52855.8.2.1.2.2.10.1.7
1.6.53026.8.2.1.4.1.6
1.6.53149.8.2.1.1.1
1.6.53159.8.2.1.4.3.12.6.11
1.6.53163.8.2.1
1.6.53184.8.2.1.15.6.10
1.6.53209.8.2.1
1.6.53300.8.2.1.8
1.6.53394.8.2.1
1.6.53468.8.2.1.17.2
1.6.53595.8.2.1.5
1.6.53856.8.2.1.3.2.4
1.6.53878.8.2.1.15.7.19
1.6.53970.8.2.1.6.2.4.6
1.6.54339.8.2.1
1.6.54364.8.2.1.19.1.9.1
1.6.54510.8.2.1.3.3.8
1.6.54573.8.2.1.9.3
1.6.54610.8.2.1.3.1.5.4.17
1.6.54793.8.2.1.1.1
1.6.54808.8.2.1
1.6.54988.8.2.1.12.1.2
1.6.55020.8.2.1.16.2.7.1.1
1.6.55039.8.2.1.6.1
1.6.55059.8.2.1.9
1.6.55144.8.2.1.4.4
1.6.55176.8.2.1
1.6.55185.8.2.1.25.9.15.2
1.6.55211.8.2.1
1.6.55363.8.2.1.1
1.6.55363.8.2.1.3
1.6.55449.8.2.1.6.3.7.4
1.6.55682.8.2.1
1.6.55690.8.2.1.12
1.6.55760.8.2.1.9
1.6.55805.8.2.1.26.1
1.6.55849.8.2.1.8.1
1.6.55996.8.2.1
1.6.56155.8.2.1.14.1.3.1.7
1.6.56280.8.2.1.28
1.6.56366.8.2.1.5.3.5.5.14
1.6.56430.8.2.1.2.2.9
1.6.56514.8.2.1.11.1.15
1.6.56559.8.2.1.7
1.6.56604.8.2.1.31.1
1.6.56673.8.2.1.8
1.6.56753.8.2.1.3
1.6.56940.8.2.1.5.1.18
1.6.57007.8.2.1.1.1.27
1.6.57063.8.2.1.11.1.13
1.6.57143.8.2.1.28
1.6.57217.8.2.1.7.1.1.1
1.6.57245.8.2.1.6
1.6.57246.8.2.1.10.1.1.4.4
1.6.57279.8.2.1.2.1.2.2.10
1.6.57321.8.2.1.5.5.10
1.6.57341.8.2.1.1.1.3.2
1.6.57351.8.2.1.3.1.12.6
1.6.57410.8.2.1.13.2.31.2
1.6.57430.8.2.1.4.1.4
1.6.57599.8.2.1
1.6.57617.8.2.1.8.1.20
1.6.57994.8.2.1.26.2.24
1.6.58082.8.2.1
1.6.58091.8.2.1
1.6.58192.8.2.1.1.1.28.5.24
1.6.58238.8.2.1.7.7.20.2
1.6.58324.8.2.1.4.3.5.1.2
1.6.58332.8.2.1.26.5.33.1.26
1.6.58388.8.2.1.2.1.8.2
