1.1.1.85.9.4.4.5
1.1.1.91.5.1.1.21.9.2
1.1.1.119.5.1.5
1.1.1.211.17.1.4
1.1.1.220.10.2.10.30
1.1.1.238.22.3
1.1.1.555.5.1.7.4
1.1.1.757.9.1.4.1
1.1.1.763.14.4.19.2
1.1.1.766.5.1.7
1.1.1.954.12.1.6
1.1.1.1032.22.3.16.9
1.1.1.1054.39.2.5.5.2
1.1.1.1064.6
1.1.1.1075.30.2.18.11.21.2
1.1.1.1139.12.1.4.4
1.1.1.1152.23.3.7.1
1.1.1.1185.30.2.45
1.1.1.1261.3
1.1.1.1261.17.1.14
1.1.1.1313.31.2.7.1.22.1.31
1.1.1.1359.16.3.4.14
1.1.1.1360.5.1.1.15.11.7.21
1.1.1.1379.8.2.4.3
1.1.1.1448.24.1.14
1.1.1.1468.5.1.2.2.7
1.1.1.1507.15.3.10.7.24.5
1.1.1.1520.5.1.1.3
1.1.1.1546.5.1
1.1.1.1550.15
1.1.1.1613.22.2.5.8.3
1.1.1.1743.5.1.4.8
1.1.1.1753.11.2.11.16
1.1.1.1879.5.1.1.27.14
1.1.1.2053.5.1
1.1.1.2069.10.1.4.1
1.1.1.2086.5.1
1.1.1.2119.9.3.8.8
1.1.1.2150.5.1.12.2.47.3
1.1.1.2158.10.2.12
1.1.1.2248.21.3.4
1.1.1.2449.5.1.2.8.31.1
1.1.1.2485.21.6.16.1
1.1.1.2494.29.3.6.1.2.6.22
1.1.1.2590.11.1.7
1.1.1.2611.5.1.3
1.1.1.2638.19.1.4.9
1.1.1.2736.3
1.1.1.2746.5.1.1.1.5
1.1.1.2765.5.1.10.1.25.3.18
1.1.1.2807.14.2.6
1.1.1.2856.5.1
1.1.1.2948.5.1.20.11
1.1.1.2997.13.2.11
1.1.1.3007.5.1.1
1.1.1.3123.11.1.28
1.1.1.3134.15.2.6.4
1.1.1.3134.24.3.8.6
1.1.1.3270.5.1.2.1.4.3
1.1.2.3324.5.1
1.1.2.3356.12.3.8.7
1.1.2.3365.9.1.4
1.1.2.3386.5.1.10
1.1.2.3396.33.2.20
1.1.2.3397.14.5.8
1.1.2.3546.8.1.6
1.1.2.3548.20.1.10.12.18
1.1.2.3604.14.2.25.3
1.1.2.3615.11.1.6
1.1.2.3620.8.2.8
1.1.2.3628.5.1.15
1.1.2.3670.5.1.10.2.4.1.2
1.1.2.3782.5.1
1.1.2.3821.22.3.17
1.1.2.3872.5.1.5.1
1.1.2.4034.5.1
1.1.2.4049.5.1.2.2
1.1.2.4269.34.2
1.1.2.4298.3
1.1.2.4397.5.1.22
1.1.2.4416.13.2.11
1.1.2.4429.18.1.11
1.1.2.4440.5.1
1.1.2.4508.36.2
1.1.2.4513.8.1.9
1.1.2.4592.5.1.4
1.1.2.4632.12.3.4
1.1.2.4676.5.1.8.2.6.2
1.1.2.4699.15.2.25.1.3
1.1.2.4846.17.2.11
1.1.2.4944.15.2
1.1.2.4978.5.1.3
1.1.2.5007.14.2.15.26
1.1.2.5064.13.1.4
1.1.2.5076.5.1.3.4.11
1.1.2.5111.9.1.16
1.1.2.5117.5.1
1.1.2.5199.5.1.3.1.5
1.1.2.5245.5.1.2.1.4.1
1.1.2.5253.5.1.7
1.1.2.5301.5.1.15
1.1.2.5394.5.1
1.1.2.5459.9.4.4.5
1.1.2.5465.5.1.1.21.9.2
1.1.2.5494.15.3.5.4.17
1.1.2.5502.15.2.7.2.18.1.2
1.1.2.5561.5.1.2.4
1.1.2.5585.24.1.14.8
1.1.2.5602.22.3
1.1.2.5656.28.2.14
1.1.2.5685.5.1.2.1
1.1.2.5946.5.1.7.4
1.1.2.6150.22.2.7.7.4.5
1.1.2.6160.14.3.11
1.1.2.6314.10.1.4
1.1.2.6338.12.1.6
1.1.2.6385.5.1.8.2
1.1.2.6421.47.3.16.9
1.1.2.6448.5.1.4.1.7
1.1.2.6462.6
1.1.2.6473.30.2.18.11.21.2
1.1.2.6501.5.1.11.1.3.1
1.1.2.6531.12.1.4.4
1.1.2.6544.23.3.7.1
1.1.2.6576.5.1.1
1.1.2.6579.5.1.2.12.21.1
1.1.2.6649.3
1.1.2.6649.17.1.14
1.1.2.6742.16.3.4.14
1.1.2.6743.5.1.1.15.10.7.21
1.1.2.6749.19.2.23.1
1.1.2.6798.3
1.1.2.6819.13.2.10.4
1.1.2.6848.5.1.2.2.9.6.13
1.1.2.6878.9.1.7
1.1.2.6889.5.1.1.3
1.1.2.6915.5.1
1.1.2.6919.15
1.1.2.6982.22.2.5.8.3
1.1.2.7120.53.2.26.2
1.1.2.7137.11.2.11.16
1.1.2.7263.5.1.1.27.14
1.1.2.7305.21.2.4
1.1.2.7323.49.1.21
1.1.2.7440.5.1
1.1.2.7452.10.1.4.1
1.1.2.7473.5.1
1.1.2.7507.9.3.8.8
1.1.2.7538.5.1.12.2.47.3
1.1.2.7546.10.2.12
1.1.2.7663.3
1.1.2.7849.5.1.2.8.31.1
1.1.2.7867.10.1.12
1.1.2.7882.21.6.16.1
1.1.2.7891.29.3.6.1.2.6.22
1.1.2.7978.12.1.4
1.1.2.7988.11.1.7
1.1.2.8009.5.1.3
1.1.2.8038.36.1.4.5
1.1.2.8139.3
1.1.2.8145.10.1.4.5
1.1.2.8160.20.1.13.2
1.1.2.8199.14.2.6
1.1.2.8248.5.1
1.1.2.8342.5.1.20.11
1.1.2.8401.5.1.1
1.1.2.8517.11.1.28
1.1.2.8528.15.2.6.4
1.1.2.8528.24.3.8.6
1.1.2.8651.5.1
1.1.2.8663.15.2.14.2
1.1.2.8756.5.1
1.1.2.8768.5.1.1.1.2
1.1.2.8792.5.1.10
1.1.2.8802.33.2.20
1.1.2.8803.14.5.8
1.1.2.8887.16.2
1.1.2.8946.13
1.1.2.8952.8.1.6
1.1.2.8954.20.1.10.12.23
1.1.2.9010.14.2.25.3
1.1.2.9021.11.1.6
1.1.2.9026.8.2.8
1.1.2.9037.5.1.3.15.15.2.11
1.1.2.9090.15.3.6.24
1.1.2.9122.5.1
1.1.2.9205.5.1
1.1.2.9244.22.3.17
1.1.2.9304.5.1.5.1
1.1.2.9379.18.3.16
1.1.2.9461.10.1.4
1.1.2.9490.5.1.2.2
1.1.2.9653.16
1.1.2.9696.34.2
1.1.2.9726.5.1
1.1.2.9851.5.1.1
1.1.2.9878.52.2
1.1.2.10039.5.1.4
1.1.2.10065.5.1.9.3.30.2
1.1.2.10076.5.1
1.1.2.10109.10.1.9
1.1.2.10126.5.1.8.2.6.2
1.1.2.10153.38.3.29
1.1.2.10179.5.1.18.2
1.1.2.10320.17.2.11
1.1.2.10415.15.2
1.1.2.10442.5.1
1.1.2.10483.17.1.12.28
1.1.2.10596.9.1.16
1.1.2.10602.5.1
1.1.2.10721.5.1.2.1.4.1
1.1.2.10729.5.1.7
1.1.2.10782.44.2.24.1.15
1.1.2.10825.16.1.5.4.2
1.1.2.10883.5.1
1.1.2.10947.5.1.3
1.1.2.10954.5.1.1.2.55.6
1.1.2.10984.5.1.5
1.1.2.11076.17.1.4
1.1.2.11085.10.2.10.30
1.1.2.11104.5.1.1.2.13
1.1.2.11153.21.2.18
1.1.2.11434.5.1.7.4
1.1.2.11643.9.1.4.1
1.1.2.11649.15.2.8.23
1.1.2.11649.15.2.11.1.2.2.13
1.1.2.11666.18.1.16
1.1.2.11694.5.1.2.1.5.4
1.1.2.11703.5.1
1.1.2.11800.15.2.9
1.1.2.11801.5.1.14.15.4.3
1.1.2.11875.22.3.16.9
1.1.2.11984.12.1.4.4
1.1.2.11997.23.3.7.1
1.1.2.12029.30.2.45
1.1.2.12103.49.3.47.1.1.1
1.1.2.12103.49.3.47.1.3.2
1.1.2.12198.16.3.4.14
1.1.2.12199.5.1.1.15.11.7.32
1.1.2.12218.9.1.4.3
1.1.2.12272.13.2.10.4
1.1.2.12300.11.1.31.4
1.1.2.12337.15.3.10.7.24.5
1.1.2.12350.5.1.1.3
1.1.2.12376.5.1
1.1.2.12380.15
1.1.2.12441.22.2.5.8.3
1.1.2.12482.10.3.8
1.1.2.12569.53.2.26.2
1.1.2.12586.11.2.11.16
1.1.2.12710.5.1.1.27.14
1.1.2.12877.9.1.4.10.8
1.1.2.12927.9.3.8.8
1.1.2.12958.5.1.12.2.47.3
1.1.2.12966.10.2.12
1.1.2.13055.21.3.4
1.1.2.13082.5.1
1.1.2.13199.5.1
1.1.2.13268.5.1
1.1.2.13274.18.1.8
1.1.2.13305.21.6.16.1
1.1.2.13314.29.3.6.1.2.6.22
1.1.2.13428.9.1.4.1
1.1.2.13499.13.2.7.1
1.1.2.13517.3
1.1.2.13527.5.1.1.1.5
1.1.2.13546.5.1.10.1.25.3.18
1.1.2.13636.5.1
1.1.2.13736.5.1
1.1.2.13799.5.1.1
1.1.2.13915.11.1.28
1.1.2.13926.15.2.6.4
1.1.2.13926.24.3.8.6
1.1.2.13997.22.1.15
1.1.2.14111.9.1.5
1.1.2.14119.5.1.2.10
1.1.2.14151.13.4.22
1.1.2.14158.9.1.4
1.1.2.14179.5.1.10
1.1.2.14189.33.2.20
1.1.2.14190.14.5.8
1.1.2.14272.16.2
1.1.2.14335.8.1.6
1.1.2.14337.20.1.10.12.18
1.1.2.14394.24.1.4
1.1.2.14425.5.1.3.15.15.2.18
1.1.2.14488.35.3.6
1.1.2.14638.22.3.17
1.1.2.14691.5.1.5.1
1.1.2.14748.18.3.16
1.1.2.14831.10.1.4
1.1.2.14860.5.1.2.2
1.1.2.14969.5.1
1.1.2.14969.9.3.4
1.1.2.15034.16
1.1.2.15077.34.2
1.1.2.15109.3
1.1.2.15233.5.1.1
1.1.2.15242.5.1.1
1.1.2.15257.5.1.3.4
1.1.3.15415.5.1.4
1.1.3.15447.5.1.2.2.5.2
1.1.3.15458.5.1
1.1.3.15491.10.1.9
1.1.3.15504.3
1.1.3.15505.5.1.9.2.6.2
1.1.3.15532.38.3.29
1.1.3.15558.5.1.18.2
1.1.3.15700.5.1.2.2.15
1.1.3.15798.5.1
1.1.3.15831.5.1.2.10.10
1.1.3.15857.5.1.9.2.27.3.5
1.1.3.15969.9.1.16
1.1.3.15975.5.1
1.1.3.16088.24.2.13.5.8
1.1.3.16131.5.1.15
1.1.3.16241.5.1.4.2
1.1.3.16287.9.4.4.5
1.1.3.16293.5.1.1.21.9.2
1.1.3.16321.5.1.5
1.1.3.16413.17.1.4
1.1.3.16422.10.2.10.30
1.1.3.16441.5.1.1.2.19
1.1.3.16602.8.1.8
1.1.3.16678.12
1.1.3.16680.33.3
1.1.3.16705.5.1.3.5
1.1.3.16768.5.1.10.12
1.1.3.16970.9.1.4.1
1.1.3.16976.14.4.19.2
1.1.3.16979.5.1.7
1.1.3.17143.12.1.6
1.1.3.17190.5.1.8.2
1.1.3.17226.47.3.16.9
1.1.3.17246.10.1.7.13
1.1.3.17279.5.1.5.3
1.1.3.17285.19.1.13.25
1.1.3.17320.12.1.4.4
1.1.3.17333.23.3.7.1
1.1.3.17365.5.1.1
1.1.3.17368.5.1.2.12.21.1
1.1.3.17442.3
1.1.3.17442.17.1.14
1.1.3.17539.16.3.4.14
1.1.3.17540.5.1.1.15.11.7.21
1.1.3.17546.19.2.23.1
1.1.3.17563.9.1.4.3
1.1.3.17635.24.1.14
1.1.3.17656.5.1.2.2.12.2.10
1.1.3.17697.15.3.10.7.24.5
1.1.3.17739.5.1
1.1.3.17743.15
1.1.3.17801.22.2.5.8.3
1.1.3.17853.6
1.1.3.17925.33.2.17.2
1.1.3.17942.11.2.11.16
1.1.3.18068.5.1.1.27.14
1.1.3.18135.8.1.9
1.1.3.18327.9.3.8.8
1.1.3.18358.5.1.12.2.47.3
1.1.3.18366.10.2.12
1.1.3.18456.21.3.4
1.1.3.18666.5.1.2.8.31.1
1.1.3.18846.9.1.4.1
1.1.3.18934.3
1.1.3.18940.10.1.4.5
1.1.3.18951.10.1.6.1
1.1.3.19055.5.1
1.1.3.19150.5.1
1.1.3.19194.13.2.11
1.1.3.19204.5.1.1
1.1.3.19320.11.1.28
1.1.3.19331.15.2.6.4
1.1.3.19331.24.3.8.6
1.1.3.19541.9.1.8
1.1.3.19559.5.1.1.1.5
1.1.3.19585.5.1
1.1.3.19596.27.1.4.1
1.1.3.19618.5.1.10
1.1.3.19628.33.2.20
1.1.3.19629.14.5.8
1.1.3.19711.16.2
1.1.3.19719.5.1
1.1.3.19775.13
1.1.3.19781.8.1.6
1.1.3.19783.20.1.10.12.13
1.1.3.19839.14.2.25.3
1.1.3.19850.11.1.6
1.1.3.19855.8.2.8
1.1.3.19866.5.1.3.15.15.2.11
1.1.3.19921.5.1.10.2.4.1.2
1.1.3.20069.22.3.17
1.1.3.20122.5.1.5.1
1.1.3.20178.18.3.16
1.1.3.20262.10.1.4
1.1.3.20291.5.1.2.2
1.1.3.20325.5.1.3.1
1.1.3.20486.16
1.1.3.20545.5.1.1.3.3.3
1.1.3.20574.3
1.1.3.20663.5.1.22
1.1.3.20679.13.2.11
1.1.3.20692.18.1.11
1.1.3.20703.5.1
1.1.3.20883.5.1.4
1.1.3.20909.5.1.2.2.5.2
1.1.3.20921.12.3.4
1.1.3.20950.10.1.9
1.1.3.20975.5.1.9.15
1.1.3.20987.5.1.23
1.1.3.21017.5.1.18.2
1.1.3.21163.17.2.11
1.1.3.21261.15.2
1.1.3.21279.14.2
1.1.3.21299.5.1.2.10.10
1.1.3.21325.11.3.8.7
1.1.3.21437.5.1
1.1.3.21550.5.1
1.1.3.21561.9.1.29.4
1.1.3.21605.5.1.15
1.1.3.21645.16.1.5.4.2
1.1.3.21760.9.4.4.5
1.1.3.21766.5.1.1.21.9.2
1.1.3.21794.5.1.5
1.1.3.21896.24.1.14.8
1.1.3.22142.12
1.1.3.22243.5.1.7.4
1.1.3.22443.9.1.4.1
1.1.3.22449.14.4.19.2
1.1.3.22452.5.1.7
1.1.3.22497.21.3.16.8
1.1.3.22695.22.3.16.9
1.1.3.22723.5.1.4.1.7
1.1.3.22737.6
1.1.3.22748.30.2.18.11.21.2
1.1.3.22832.12.1.4.4
1.1.3.22845.23.3.7.1
1.1.3.22880.5.1.1
1.1.3.22883.5.1.2.12.21.1
1.1.3.23001.5.1.5.4
1.1.3.23058.16.3.4.14
1.1.3.23059.5.1.1.15.11.7.21
1.1.3.23077.23
1.1.3.23079.13.3.9
1.1.3.23149.24.1.14
1.1.3.23171.5.1.2.2.7
1.1.3.23210.15.3.10.7.24.5
1.1.3.23252.5.1
1.1.3.23256.15
1.1.3.23315.22.2.5.8.3
1.1.3.23352.10.3.8
1.1.3.23434.10.1.10.4.1
1.1.3.23447.5.1.5
1.1.3.23479.10.1.19.13
1.1.3.23573.5.1.1.27.14
1.1.3.23629.8.1.9
1.1.3.23749.5.1
1.1.3.23761.10.1.4.1
1.1.3.23778.5.1
1.1.3.23812.9.3.8.8
1.1.3.23843.5.1.12.2.47.3
1.1.3.23851.10.2.12
1.1.3.23937.21.3.4
1.1.3.24138.5.1.2.8.31.1
1.1.3.24156.10.1.12
1.1.3.24309.5.1.2.1.4
1.1.3.24331.5.1.3.1.2
1.1.3.24438.10.1.6.1
1.1.3.24533.5.1
1.1.3.24585.5.1.7.6.8.8
1.1.3.24626.5.1.20.11
1.1.3.24682.21.1.15.15
1.1.3.24797.13.3.5.15
1.1.3.24811.9.1.4.2
1.1.3.24949.5.1.2.1.4.3
1.1.3.24953.3
1.1.3.24995.9.1.5
1.1.3.25003.5.1.2.10
1.1.3.25042.5.1.1.1.7
1.1.3.25067.5.1.10
1.1.3.25076.14.5.8
1.1.3.25163.16.2
1.1.3.25229.13
1.1.3.25235.8.1.6
1.1.3.25237.20.1.10.12.23
1.1.3.25293.14.2.25.3
1.1.3.25304.11.1.6
1.1.3.25309.8.2.8
1.1.3.25320.5.1.3.15.15.2.11
1.1.3.25375.5.1.10.2.4.1.2
1.1.3.25479.5.1
1.1.3.25518.22.3.17
1.1.3.25571.5.1.5.1
1.1.3.25632.18.3.16
1.1.3.25716.10.1.4
1.1.3.25745.5.1.2.2
1.1.3.25959.17.1.23.29
1.1.3.25988.3
1.1.3.26081.5.1.22
1.1.3.26094.5.1.5.1.2
1.1.3.26103.5.1.2.1.2.4
1.1.3.26118.5.1.3.2
1.1.3.26285.5.1.4
1.1.3.26317.5.1.9.3.20.2
1.1.3.26358.10.1.9
1.1.3.26403.19.2.9.6.10
1.1.3.26432.5.1.18.2
1.1.3.26574.5.1.2.2.15
1.1.3.26672.5.1
1.1.3.26704.5.1.2.10.10
1.1.3.26730.11.3.8.7
1.1.3.26762.5.1.2.4.3.2
1.1.3.26788.13.1.4
1.1.3.26800.5.1.3.4.11
1.1.3.26835.9.1.16
1.1.3.26841.5.1
1.1.3.26954.5.1
1.1.3.26965.24.2.13.5.8
1.1.3.27011.5.1.15
1.1.3.27050.16.1.5.4.2
1.1.3.27162.9.4.4.5
1.1.3.27168.5.1.1.21.9.2
1.1.3.27198.5.1.5
1.1.3.27277.5.1.3.1
1.1.3.27306.5.1.1.1.1.1.11
1.1.3.27325.5.1.1.2.5
1.1.3.27401.5.1.2.1
1.1.3.27569.12
1.1.3.27604.12.1.6
1.1.3.27674.5.1.7.4
1.1.3.27879.9.1.6
1.1.3.27929.9.1.10
1.1.3.27938.20.3.4
1.1.3.28044.5.1
1.1.3.28131.5.1.1.1
1.1.3.28152.5.1.4.1.7
1.1.3.28166.6
1.1.3.28177.30.2.18.11.21.2
1.1.3.28265.23.3.7.1
1.1.3.28297.5.1.1
1.1.3.28300.5.1.2.12.21.1
1.1.3.28378.3
1.1.3.28378.17.1.14
1.1.3.28471.16.3.4.14
1.1.3.28472.5.1.1.15.10.7.21
1.1.3.28478.19.2.23.1
1.1.4.60.24.1.14
1.1.4.80.11.1.13.4
1.1.4.124.15.3.10.7.24.5
1.1.4.166.5.1
1.1.4.170.15
1.1.4.229.22.2.5.8.3
1.1.4.269.10.3.8
1.1.4.366.5.1.7.11.42.1.1.8
1.1.4.373.31.2.14
1.1.4.385.20.5
1.1.4.496.5.1.1.27.14
1.1.4.539.21.2.4
1.1.4.557.49.1.21
1.1.4.674.22.1.4.1.1
1.1.4.700.5.1
1.1.4.723.9.1.6.4
1.1.4.757.5.1.12.2.47.3
1.1.4.765.10.2.12
1.1.4.791.31.3
1.1.4.850.21.3.4
1.1.4.1056.5.1
1.1.4.1062.18.1.8
1.1.4.1147.13.4.16
1.1.4.1198.11.1.7
1.1.4.1219.5.1.3
1.1.4.1248.36.1.4.5
1.1.4.1301.5.1.23.11.21
1.1.4.1329.5.1.1.2.45.3
1.1.4.1364.26.1.15
1.1.4.1420.14.2.6
1.1.4.1470.5.1
1.1.4.1568.5.1.20.11
1.1.4.1619.13.2.11
1.1.4.1629.5.1.1
1.1.4.1747.11.1.39
1.1.4.1758.15.2.6.4
1.1.4.1758.24.3.8.6
1.1.4.1877.5.1
1.1.4.1889.15.2.14.2
1.1.4.1942.9.1.5
1.1.4.1950.5.1.2.10
1.1.4.1989.5.1.1.1.7
1.1.4.2013.5.1.10
1.1.4.2023.33.2.20
1.1.4.2024.14.5.8
1.1.4.2111.16.2
1.1.4.2173.8.1.6
1.1.4.2175.20.1.10.12.19
1.1.4.2229.19.1.4
1.1.4.2234.25.3.4
1.1.4.2258.5.1.3.15.15.2.15
1.1.4.2313.5.1.10.2.4.1.2
1.1.4.2458.22.3.17
1.1.4.2464.3
1.1.4.2518.5.1.5.1
1.1.4.2589.18.3.16
1.1.4.2623.5.1.4.3.8.4
1.1.4.2676.10.1.4
1.1.4.2705.5.1.2.2
1.1.4.2899.16
1.1.4.2941.5.1.3.1.1.1
1.1.4.2943.5.1
1.1.4.2977.3
1.1.4.3070.5.1.22
1.1.4.3088.5.1.5.1.2
1.1.4.3168.36.2
1.1.4.3173.8.1.9
1.1.4.3252.5.1.4
1.1.4.3265.5.1.14.6
1.1.4.3291.5.1
1.1.4.3321.10.1.9
1.1.4.3345.5.1.9.7
1.1.4.3398.6
1.1.4.3527.5.1.2.2.15
1.1.4.3618.5.1
1.1.4.3674.5.1.2.10.19
1.1.4.3699.17.1.12.28
1.1.4.3766.5.1
1.1.4.3793.3
1.1.4.3808.9.1.16
1.1.4.3814.5.1
1.1.4.3893.5.1.3.1.5
1.1.4.3942.24.2.13.5.8
1.1.4.3990.5.1.15
1.1.4.4027.16.1.5.4.2
1.1.4.4085.5.1
1.1.4.4145.9.4.4.5
1.1.4.4151.5.1.1.21.9.2
1.1.4.4179.5.1.5
1.1.4.4271.17.1.4
1.1.4.4300.5.1.1.2.25
1.1.4.4371.5.1.2.1
1.1.4.4435.3
1.1.4.4492.16.2.6.5
1.1.4.4655.5.1.7.4
1.1.4.4849.9.1.4.1
1.1.4.4855.14.4.19.2
1.1.4.4858.5.1.7
1.1.4.4990.10.1.4
1.1.4.5090.5.1.1.1
1.1.4.5111.5.1.4.1.7
1.1.4.5125.6
1.1.4.5136.30.2.18.11.21.2
1.1.4.5164.5.1.11.1.3.1
1.1.4.5204.12.1.4.4
1.1.4.5217.23.3.7.1
1.1.4.5374.5.1.5.4
1.1.4.5387.9.1.4.4
1.1.4.5434.16.3.4.14
1.1.4.5435.5.1.1.15.11.7.32
1.1.4.5454.8.2.4.3
1.1.4.5516.13.2.10.4
1.1.4.5545.5.1.2.2.9.6.13
1.1.4.5581.15.3.10.7.24.5
1.1.4.5594.5.1.1.3
1.1.4.5618.5.1
1.1.4.5622.15
1.1.4.5696.25.2.5
1.1.4.5732.24.1.10.1
1.1.4.5852.11.2.11.16
1.1.4.5971.5.1.1.27.14
1.1.4.6140.5.1
1.1.4.6168.5.1
1.1.4.6191.9.1.6.4
1.1.4.6225.5.1.12.2.47.3
1.1.4.6233.10.2.12
1.1.4.6259.31.3
1.1.4.6275.5.1.9.2.15
1.1.4.6296.9.2.10.3
1.1.4.6325.10.1.4
1.1.4.6515.5.1
1.1.4.6548.5.1.3.1.1.1
1.1.4.6653.11.1.7
1.1.4.6674.5.1.3
1.1.4.6703.36.1.4.5
1.1.4.6802.24.2.15.1.2
1.1.4.6874.14.2.6
1.1.4.6919.5.1.16.6.2.1.10
1.1.4.6966.22.1.17
1.1.4.7006.5.1.20.11
1.1.4.7074.21.1.15.15
1.1.4.7184.15.3.6.5.8.2
1.1.4.7200.14.1.15.3
1.1.4.7370.9.1.5
1.1.4.7378.5.1.2.10
1.1.4.7420.5.1.1.1.7
1.1.4.7444.5.1.10
1.1.4.7453.14.5.8
1.1.4.7533.16.2
1.1.4.7541.5.1
1.1.4.7615.10.1.5.1
1.1.4.7620.10.2.4.10
1.1.4.7641.24.1.4
1.1.4.7671.5.1.3.15.15.2.19
1.1.4.7722.5.1.10.2.4.1.2
1.1.4.7861.22.3.17
1.1.4.7912.5.1.5.1
1.1.4.7925.12.1.5
1.1.4.7989.5.1.27
1.1.4.8031.36.2.14.10.16
1.1.4.8092.5.1
1.1.4.8107.5.1.2.2
1.1.4.8135.5.1.3.1
1.1.4.8278.16
1.1.4.8322.17.1.23.29
1.1.4.8323.22.2.25.32.25.1
1.1.4.8394.8.1.6
1.1.4.8487.5.1.5.1.2
1.1.4.8498.18.1.11
1.1.4.8509.5.1
1.1.4.8577.36.2
1.1.4.8582.8.1.9
1.1.4.8659.5.1.4
1.1.4.8733.10.1.4
1.1.4.8758.5.1.9.15
1.1.4.8934.17.2.11
1.1.4.9036.15.2
1.1.4.9063.5.1
1.1.4.9105.14.2.15.26
1.1.4.9168.13.1.4
1.1.4.9180.5.1.3.4.11
1.1.4.9215.9.1.16
1.1.4.9221.5.1
1.1.4.9335.5.1
1.1.4.9346.24.2.13.5.8
1.1.4.9396.44.2.24.1.29
1.1.4.9436.16.1.5.4.2
1.1.4.9553.9.4.4.5
1.1.4.9559.5.1.1.21.9.2
1.1.4.9588.15.3.5.4.17
1.1.4.9596.15.2.7.2.18.1.2
1.1.4.9656.5.1.2.4
1.1.4.9670.17.1.4
1.1.4.9679.10.2.10.30
1.1.4.9697.22.3
1.1.4.10016.5.1.7.4
1.1.4.10216.9.1.4.1
1.1.4.10222.14.4.19.2
1.1.4.10225.5.1.7
1.1.4.10436.22.3.16.9
1.1.4.10458.39.2.5.5.2
1.1.4.10468.6
1.1.4.10479.30.2.18.11.21.2
1.1.4.10553.12.1.4.4
1.1.4.10566.23.3.7.1
1.1.4.10682.3
1.1.4.10682.17.1.14
1.1.4.10733.31.2.7.1.22.1.31
1.1.4.10779.16.3.4.14
1.1.4.10780.5.1.1.15.11.7.21
1.1.4.10801.5.1.1.1.18
1.1.4.10808.16.3.15
1.1.4.10839.3
1.1.4.10860.13.2.10.4
1.1.4.10886.15.1.14.6
1.1.4.10888.13.1.5.2
1.1.4.10931.9.1.11
1.1.4.10971.5.1
1.1.4.10975.15
1.1.4.11038.22.2.5.8.3
1.1.4.11093.6
1.1.4.11167.21.1.9.14.62
1.1.4.11178.9.1.14.3
1.1.4.11203.5.1
1.1.4.11216.26.1.21.36
1.1.4.11317.5.1.1.27.14
1.1.4.11376.8.1.9
1.1.4.11500.5.1
1.1.4.11512.10.1.4.1
1.1.4.11533.5.1
1.1.4.11556.9.1.6.4
1.1.4.11590.5.1.12.2.47.3
1.1.4.11598.10.2.12
1.1.4.11688.21.3.4
1.1.4.11871.5.1.3.3
1.1.4.11888.5.1
1.1.4.11894.18.1.8
1.1.4.11982.13.4.16
1.1.4.12049.5.1.2.1.4
1.1.4.12069.19.1.4.9
1.1.4.12076.5.1.4.2.4.1
1.1.4.12172.26.1.15
1.1.4.12187.35.1.11.2
1.1.4.12274.5.1
1.1.4.12372.5.1.20.11
1.1.4.12423.13.2.11
1.1.4.12433.5.1.1
1.1.4.12552.13.3.5.15
1.1.4.12566.9.1.4.2
1.1.4.12683.5.1
1.1.4.12695.15.2.14.2
1.1.4.12748.9.1.5
1.1.4.12756.5.1.2.10
1.1.4.12795.5.1.1.1.7
1.1.4.12819.5.1.10
1.1.4.12829.33.2.20
1.1.4.12830.14.5.8
1.1.4.12968.13
1.1.4.12974.8.1.6
1.1.4.12976.20.1.10.12.23
1.1.4.13032.14.2.25.3
1.1.4.13043.11.1.6
1.1.4.13048.8.2.8
1.1.4.13056.5.1.15
1.1.4.13094.15.3.6.24
1.1.4.13126.5.1
1.1.4.13247.22.3.17
1.1.4.13298.5.1.5.1
1.1.4.13361.18.3.16
1.1.4.13439.5.1
1.1.4.13454.5.1.2.2
1.1.4.13485.5.1.3.1
1.1.4.13647.16
1.1.4.13706.5.1.1.3.3.3
1.1.4.13732.3
1.1.4.13832.27.2.34.4.50
1.1.4.13861.5.1.1
1.1.4.13888.52.2
1.1.4.14043.5.1.4
1.1.4.14065.5.1.2.2.39.2
1.1.4.14106.10.1.9
1.1.4.14123.5.1.8.2.6.2
1.1.4.14146.15.2.25.1.3
1.1.4.14173.5.1.18.2
1.1.4.14312.5.1.2.2.15
1.1.4.14444.5.1.2.10.10
1.1.4.14469.17.1.12.28
1.1.4.14533.5.1
1.1.4.14580.5.1.1.1
1.1.4.14586.22.2.6.10
1.1.4.14675.5.1.3.1.5
1.1.4.14724.24.2.13.5.8
1.1.4.14767.5.1.15
1.1.4.14814.16.1.5.4.2
1.1.4.14872.5.1
1.1.4.14890.5.1.4.2
1.1.4.14936.9.4.4.5
1.1.4.14942.5.1.1.21.9.2
1.1.4.14972.5.1.5
1.1.4.15064.17.1.4
1.1.4.15073.10.2.10.30
1.1.4.15092.5.1.1.2.13
1.1.4.15141.21.2.18
1.1.4.15404.5.1.7.4
1.1.4.15605.9.1.4.1
1.1.4.15611.14.4.19.2
1.1.4.15614.5.1.7
1.1.4.15774.15.2.9
1.1.4.15775.5.1.14.15.4.3
1.1.4.15826.5.1.2.2
1.1.4.15859.22.3.16.9
1.1.4.15934.5.1.11.1.3.1
1.1.4.15964.12.1.4.4
1.1.4.15977.23.3.7.1
1.1.4.16010.30.2.45
1.1.4.16078.3
1.1.4.16078.17.1.14
1.1.4.16178.16.3.4.14
1.1.4.16179.5.1.1.15.11.7.22
1.1.4.16185.19.2.23.1
1.1.4.16270.21.4.8.8
1.1.4.16303.15.3.10.7.24.5
1.1.4.16345.5.1
1.1.4.16349.15
1.1.4.16410.22.2.5.8.3
1.1.4.16465.6
1.1.4.16536.53.2.26.2
1.1.4.16553.11.2.11.16
1.1.4.16568.5.1.1
1.1.4.16675.5.1.1.27.14
1.1.4.16715.64.2.11.5.5.1
1.1.4.16736.49.1.21
1.1.4.16859.5.1
1.1.4.16871.10.1.4.1
1.1.4.16888.5.1
1.1.4.16911.9.1.6.4
1.1.4.16945.5.1.12.2.47.3
1.1.4.16953.10.2.12
1.1.4.16996.5.1.9.2.15
1.1.4.17017.9.2.10.3
1.1.4.17046.10.1.4
1.1.4.17237.5.1
1.1.4.17243.18.1.8
1.1.4.17272.5.1.3.1.1.1
1.1.4.17326.13.4.16
1.1.4.17368.11.1.7
1.1.4.17389.5.1.3
1.1.4.17418.36.1.4.5
1.1.4.17493.13.2.7.1
1.1.4.17511.3
1.1.4.17520.5.1.7
1.1.4.17533.5.1.10.1.30.3.27
1.1.4.17591.14.2.6
1.1.4.17641.5.1
1.1.4.17689.5.1.4.1
1.1.4.17733.5.1
1.1.4.17793.5.1.1
1.1.4.17909.11.1.28
1.1.4.17920.15.2.6.4
1.1.4.17920.24.3.8.6
1.1.4.18063.5.1.2.1.4.3
1.1.4.18067.3
1.1.4.18109.9.1.5
1.1.4.18117.5.1.2.10
1.1.4.18156.5.1.1.1.7
1.1.4.18181.5.1.10
1.1.4.18191.33.2.20
1.1.4.18192.14.5.8
1.1.4.18274.16.2
1.1.4.18340.8.1.6
1.1.4.18342.20.1.10.12.18
1.1.4.18398.14.2.25.3
1.1.4.18409.11.1.6
1.1.4.18414.8.2.8
1.1.4.18422.5.1.15
1.1.4.18469.5.1.10.2.4.1.2
1.1.4.18573.5.1
1.1.4.18612.22.3.17
1.1.4.18618.3
1.1.4.18672.5.1.5.1
1.1.4.18685.12.1.5
1.1.4.18747.18.3.16
1.1.4.18828.5.1
1.1.4.18843.5.1.2.2
1.1.4.19064.5.1.2
1.1.4.19092.3
1.1.4.19192.5.1.22
1.1.4.19210.5.1.5.1.2
1.1.4.19219.5.1.2.1.2.4
1.1.4.19234.5.1.3.2
1.1.4.19393.5.1.4
1.1.4.19436.12.3.4
1.1.4.19494.13.3.15.12
1.1.4.19511.15.2.25.1.3
1.1.4.19663.5.1.2.2.15
1.1.4.19759.5.1
1.1.4.19816.5.1.3
1.1.4.19845.5.1.9.2.27.3.5
1.1.4.19954.30.2.13.16
1.1.4.20087.24.2.13.5.8
1.1.4.20138.5.1.15
1.1.4.20181.16.1.5.4.2
1.1.4.20290.9.4.4.5
1.1.4.20296.5.1.1.21.9.2
1.1.4.20324.5.1.5
1.1.4.20426.24.1.14.8
1.1.4.20539.41.1.15.1.7.2.51.6
1.1.4.20784.5.1.7.4
1.1.4.20983.9.1.4.1
1.1.4.20989.14.4.19.2
1.1.4.20992.5.1.7
1.1.4.21152.15.2.9
1.1.4.21153.5.1.14.15.4.3
1.1.4.21236.22.3.16.9
1.1.4.21264.5.1.4.1.7
1.1.4.21278.6
1.1.4.21289.30.2.18.11.21.2
1.1.4.21377.23.3.7.1
1.1.4.21413.30.2.45
1.1.4.21481.3
1.1.4.21481.17.1.14
1.1.4.21578.16.3.4.14
1.1.4.21579.5.1.1.15.11.7.21
1.1.4.21585.19.2.23.1
1.1.4.21602.9.1.4.3
1.1.4.21662.13.2.10.4
1.1.4.21690.11.1.31.4
1.1.4.21721.9.1.7
1.1.4.21732.5.1.1.3
1.1.4.21756.5.1
1.1.4.21760.15
1.1.4.21834.25.2.5
1.1.4.21870.24.1.10.1
1.1.4.21974.53.2.26.7
1.1.4.21991.11.2.11.16
1.1.4.22110.5.1.1.27.14
1.1.4.22175.8.1.9
1.1.4.22296.5.1
1.1.4.22324.5.1
1.1.4.22390.5.1.12.2.47.3
1.1.4.22398.10.2.12
1.1.4.22488.21.3.4
1.1.4.22628.5.1
1.1.4.22693.5.1
1.1.4.22699.18.1.8
1.1.4.22832.11.1.7
1.1.4.22853.5.1.3
1.1.4.22882.36.1.4.5
1.1.4.22987.26.1.15
1.1.4.23050.14.2.6
1.1.4.23100.5.1
1.1.4.23187.5.1.20.11
1.1.4.23233.12.1.7.4
1.1.4.23239.5.1.3.2.3
1.1.4.23350.11.1.28
1.1.4.23361.15.2.6.4
1.1.4.23361.24.3.8.6
1.1.4.23484.5.1
1.1.4.23496.15.2.14.2
1.1.4.23589.5.1
1.1.4.23601.5.1.1.1.2
1.1.4.23625.5.1.10
1.1.4.23635.33.2.20
1.1.4.23636.14.5.8
1.1.4.23780.8.1.6
1.1.4.23782.20.1.10.12.18
1.1.4.23838.14.2.25.3
1.1.4.23849.11.1.6
1.1.4.23854.8.2.8
1.1.4.23862.5.1.15
1.1.4.23897.15.3.6.24
1.1.4.23929.5.1
1.1.4.24047.22.3.17
1.1.4.24100.5.1.5.1
1.1.4.24156.18.3.16
1.1.4.24240.10.1.4
1.1.4.24269.5.1.2.2
1.1.4.24297.5.1.3.1
1.1.4.24497.5.1.3.1.1.1
1.1.4.24499.5.1
1.1.4.24554.8.1.6
1.1.4.24647.5.1.5.1.2
1.1.4.24658.18.1.11
1.1.4.24669.5.1
1.1.4.24855.5.1.4
1.1.4.24883.5.1.2.2.5.2
1.1.4.24895.16
1.1.4.24931.10.1.9
1.1.4.24956.5.1.9.15
1.1.4.25006.6
1.1.4.25135.17.2.11
1.1.4.25237.15.2
1.1.4.25255.14.2
1.1.4.25301.5.1.9.2.27.3.5
1.1.4.25381.5.1.3.4.11
1.1.4.25420.5.1
1.1.4.25538.24.2.13.5.8
1.1.4.25584.5.1.7.2.29
1.1.4.25737.5.1.3
1.1.4.25744.5.1.1.2.55.6
1.1.4.25773.15.3.5.4.17
1.1.4.25781.5.1.2
1.1.4.25880.24.1.14.8
1.1.4.25899.5.1.1.2.5
1.1.4.25948.21.2.18
1.1.4.25977.5.1.2.1
1.1.4.26179.5.1.3.5
1.1.4.26251.5.1.7.4
1.1.4.26461.9.1.4.1
1.1.4.26467.14.4.19.2
1.1.4.26470.5.1.7
1.1.4.26541.15.2.8
1.1.4.26722.5.1.1.1
1.1.4.26743.5.1.4.1.7
1.1.4.26757.6
1.1.4.26768.30.2.18.11.21.2
1.1.4.26832.12.1.4.4
1.1.4.26845.23.3.7.1
1.1.4.27055.16.3.4.14
1.1.4.27056.5.1.1.15.10.7.21
1.1.4.27062.19.2.23.1
1.1.4.27079.9.1.4.3
1.1.4.27143.13.2.10.4
1.1.4.27172.5.1.2.2.9.6.13
1.1.4.27212.15.3.10.7.24.5
1.1.4.27254.5.1
1.1.4.27258.15
1.1.4.27329.25.2.5
1.1.4.27365.24.1.10.1
1.1.4.27373.5.1.4.1
1.1.4.27470.53.2.26.2
1.1.4.27487.11.2.11.16
1.1.4.27606.5.1.1.27.14
1.1.4.27671.8.1.9
1.1.4.27796.5.1
1.1.4.27808.10.1.4.1
1.1.4.27829.5.1
1.1.4.27863.9.3.8.8
1.1.4.27894.5.1.12.2.47.3
1.1.4.27902.10.2.12
1.1.4.27944.5.1.9.2.15
1.1.4.27965.9.2.10.3
1.1.4.27994.10.1.4
1.1.4.28183.5.1
1.1.4.28189.18.1.8
1.1.4.28226.3
1.1.4.28229.5.1.1.5.25.5.8
1.1.4.28299.11.1.7
1.1.4.28320.5.1.3
1.1.4.28349.36.1.4.5
1.1.4.28448.3
1.1.4.28458.5.1.1.1.5
1.1.4.28477.5.1.10.1.25.3.18
1.1.4.28567.5.1
1.1.4.28656.5.1.20.11
1.1.4.28721.5.1.1
1.1.4.28833.5.1.61
1.1.4.28847.9.1.4.2
1.1.4.28983.5.1.2.1.4.3
1.1.4.29023.9.1.5
1.1.4.29056.5.1
1.1.4.29067.27.1.4.1
1.1.4.29089.5.1.10
1.1.4.29103.14.5.8
1.1.4.29272.10.1.5.1
1.1.4.29277.10.2.4.10
1.1.4.29296.24.1.4
1.1.4.29326.5.1.3.15.15.2.19
1.1.4.29386.5.1.10.2.4.1.2
1.1.4.29500.5.1
1.1.4.29539.22.3.17
1.1.4.29592.5.1.5.1
1.1.4.29658.18.3.16
1.1.4.29741.5.1
1.1.4.29756.5.1.2.2
1.1.4.29990.5.1.3.3.20.5
1.1.4.30019.3
1.1.4.30147.5.1.1
1.1.4.30156.5.1.1
1.1.4.30160.26.2.14.1.2.4
1.1.4.30171.5.1.2.1
1.1.4.30331.5.1.4
1.1.4.30344.5.1.14.6
1.1.4.30467.5.1.18.2
1.1.4.30606.17.2.11
1.1.4.30687.5.1
1.1.4.30743.5.1.2.10.19
1.1.4.30769.5.1.9.2.27.3.5
1.1.4.30889.9.1.16
1.1.4.30895.5.1
1.1.4.31024.24.2.13.5.8
1.1.4.31067.5.1.15
1.1.4.31118.16.1.5.4.2
1.1.4.31236.9.4.4.5
1.1.4.31242.5.1.1.21.9.2
1.1.4.31270.5.1.5
1.1.4.31362.17.1.4
1.1.4.31371.10.2.10.30
1.1.4.31389.5.1.1.2.19
1.1.4.31531.8.1.8
1.1.4.31700.5.1.7.4
1.1.4.31903.9.1.4.1
1.1.4.31909.14.4.19.2
1.1.4.31912.5.1.7
1.1.4.32080.12.1.6
1.1.4.32158.22.3.16.9
1.1.4.32186.5.1.4.1.7
1.1.4.32200.6
1.1.4.32211.30.2.18.11.21.2
1.1.4.32239.5.1.11.1.3.1
1.1.4.32270.12.1.4.4
1.1.4.32283.23.3.7.1
1.1.4.32389.49.3.47.1.1.1
1.1.4.32389.49.3.47.1.3.2
1.1.4.32481.16.3.4.14
1.1.4.32482.5.1.1.15.11.7.21
1.1.4.32501.9.1.4.3
1.1.4.32569.13.2.10.4
1.1.4.32598.5.1.2.2.9.6.13
1.1.4.32628.9.1.7
1.1.4.32639.5.1.1.3
1.1.4.32664.14.3
1.1.4.32668.15
1.1.4.32724.22.2.5.8.40
1.1.4.32779.6
1.1.4.32795.13.1.9.4
1.1.4.32862.24.1.10.4
1.1.4.32989.5.1.1.27.14
1.1.4.33056.8.1.9
1.1.4.33176.5.1
1.1.4.33208.5.1
1.1.4.33231.9.1.6.4
1.1.4.33265.5.1.12.2.47.3
1.1.4.33273.10.2.12
1.1.4.33404.16.4
1.1.4.33556.5.1.3.3
1.1.4.33610.3
1.1.4.33613.5.1.1.5.25.5.8
1.1.4.33645.13.4.16
1.1.4.33704.11.1.7
1.1.4.33725.5.1.3
1.1.4.33752.19.1.4.9
1.1.4.33759.5.1.4.2.4.1
1.1.4.33844.3
1.1.4.33850.10.1.4.5
1.1.4.33921.14.2.6
1.1.4.33970.5.1
1.1.4.34065.5.1.20.11
1.1.4.34116.13.2.11
1.1.4.34126.5.1.1
1.1.4.34245.13.3.5.15
1.1.4.34255.5.1.14.4
1.1.4.34443.9.1.5
1.1.4.34489.12.3.8.7
1.1.4.34498.9.1.4
1.1.4.34519.5.1.10
1.1.4.34528.14.5.8
1.1.4.34672.8.1.6
1.1.4.34674.20.1.10.12.18
1.1.4.34730.14.2.25.3
1.1.4.34741.11.1.6
1.1.4.34746.8.2.8
1.1.4.34757.5.1.3.15.15.2.11
1.1.4.34820.35.3.6
1.1.4.34884.35.1.14
1.1.4.34965.22.3.17
1.1.4.35016.5.1.5.1
1.1.4.35073.18.3.16
1.1.4.35158.10.1.4
1.1.4.35187.5.1.2.2
1.1.4.35218.5.1.3.1
1.1.4.35435.5.1.1.3.3.3
1.1.4.35461.3
1.1.4.35588.5.1.1
1.1.4.35597.5.1.1
1.1.4.35601.26.2.14.1.2.4
1.1.4.35612.5.1
1.1.4.35624.5.1.2.2.2.3
1.1.4.35766.5.1.4
1.1.4.35779.5.1.14.6
1.1.4.35806.12.3.4
1.1.4.35840.10.1.9
1.1.4.35887.19.2.9.6.10
1.1.4.35916.5.1.18.2
1.1.5.36062.17.2.11
1.1.5.36139.16.5.17
1.1.5.36159.15.2
1.1.5.36186.5.1
1.1.5.36227.17.1.12.28
1.1.5.36306.5.1.3.4.11
1.1.5.36349.9.1.16
1.1.5.36355.5.1
1.1.5.36466.5.1
1.1.5.36477.9.1.29.4
1.1.5.36521.44.2.24.1.29
1.1.5.36561.16.1.5.4.2
1.1.5.36633.5.1.4.2
1.1.5.36679.9.4.4.5
1.1.5.36685.5.1.1.21.9.2
1.1.5.36713.5.1.5
1.1.5.36815.24.1.14.8
1.1.5.36905.5.1.2.1
1.1.5.36969.3
1.1.5.37184.5.1.7.4
1.1.5.37392.9.1.6
1.1.5.37442.9.1.10
1.1.5.37600.5.1.8.2
1.1.5.37636.47.3.16.9
1.1.5.37655.5.1.2
1.1.5.37668.6
1.1.5.37679.30.2.18.11.21.2
1.1.5.37707.5.1.11.1.3.1
1.1.5.37791.5.1.1
1.1.5.37794.5.1.2.12.21.1
1.1.5.37911.5.1.5.4
1.1.5.37926.40.2.7.1.58.1.15
1.1.5.37969.16.3.4.14
1.1.5.37970.5.1.1.15.11.7.21
1.1.5.37991.5.1.1.1.18
1.1.5.38055.13.2.10.4
1.1.5.38084.5.1.2.2.9.6.13
1.1.5.38124.15.3.10.7.24.5
1.1.5.38137.5.1.1.3
1.1.5.38162.17.2.6.1.3.1
1.1.5.38225.22.2.5.8.3
1.1.5.38280.6
1.1.5.38299.13.1.9.4
1.1.5.38354.53.2.26.7
1.1.5.38371.11.2.11.16
1.1.5.38497.5.1.1.27.14
1.1.5.38653.13.2.15.1
1.1.5.38668.10.1.4.1
1.1.5.38685.5.1
1.1.5.38719.9.3.8.8
1.1.5.38750.5.1.12.2.47.3
1.1.5.38758.10.2.12
1.1.5.38766.5.1.5.3.7.7
1.1.5.38845.21.3.4
1.1.5.39054.5.1.2.8.31.1
1.1.5.39091.5.1.3.1.1.1
1.1.5.39182.11.1.7
1.1.5.39203.5.1.3
1.1.5.39232.36.1.4.5
1.1.5.39317.3
1.1.5.39327.5.1.1.1.5
1.1.5.39342.5.1.10.1.30.3.27
1.1.5.39398.14.2.6
1.1.5.39447.5.1
1.1.5.39542.5.1.20.11
1.1.5.39606.21.1.15.15
1.1.5.39636.15.3.8
1.1.5.39639.5.1.1.1
1.1.5.39709.11.1.28
1.1.5.39720.15.2.6.4
1.1.5.39720.24.3.8.6
1.1.5.39822.5.1.1.6
1.1.5.39907.9.1.5
1.1.5.39915.5.1.2.10
1.1.5.39954.5.1.1.1.7
1.1.5.39979.5.1.10
1.1.5.39989.33.2.20
1.1.5.39990.14.5.8
1.1.5.40079.16.2
1.1.5.40145.8.1.6
1.1.5.40147.20.1.10.12.18
1.1.5.40203.14.2.25.3
1.1.5.40214.11.1.6
1.1.5.40219.8.2.8
1.1.5.40230.5.1.3.15.15.2.11
1.1.5.40276.13.2.10.6
1.1.5.40292.5.1
1.1.5.40398.22.3.17
1.1.5.40449.5.1.5.1
1.1.5.40603.10.1.4
1.1.5.40632.5.1.2.2
1.1.5.40795.16
1.1.5.40838.34.2
1.1.5.40870.3
1.1.5.40969.5.1.22
1.1.5.40987.5.1.5.1.2
1.1.5.40998.18.1.11
1.1.5.41009.5.1
1.1.5.41080.36.2
1.1.5.41085.8.1.9
1.1.5.41164.5.1.4
1.1.5.41232.10.1.9
1.1.5.41256.13.3.15.12
1.1.5.41277.38.3.29
1.1.5.41426.5.1.2.2.15
1.1.5.41507.5.1
1.1.5.41560.5.1.2.10.19
1.1.5.41586.5.1.9.2.27.3.5
1.1.5.41698.9.1.16
1.1.5.41704.5.1
1.1.5.41828.24.2.13.5.8
1.1.5.41874.5.1.15
1.1.5.41956.5.1.21.1
1.1.5.41959.5.1
1.1.5.41977.5.1.4.2
1.1.5.42023.9.4.4.5
1.1.5.42029.5.1.1.21.9.2
1.1.5.42058.15.3.5.4.17
1.1.5.42066.15.2.7.2.18.1.2
1.1.5.42125.5.1.2.4
1.1.5.42139.17.1.4
1.1.5.42148.10.2.10.30
1.1.5.42166.5.1.1.2.19
1.1.5.42220.28.2.14
1.1.5.42392.12
1.1.5.42394.33.3
1.1.5.42489.5.1.7.4
1.1.5.42690.9.1.4.1
1.1.5.42696.14.4.19.2
1.1.5.42699.5.1.7
1.1.5.42780.15.2.8
1.1.5.42882.12.1.6
1.1.5.42960.22.3.16.9
1.1.5.42976.5.1.1
1.1.5.43083.23.3.7.1
1.1.5.43119.30.2.28
1.1.5.43190.49.3.47.1.1.1
1.1.5.43190.49.3.47.1.3.2
1.1.5.43237.31.2.7.1.22.1.31
1.1.5.43280.16.3.4.14
1.1.5.43281.5.1.1.15.11.7.21
1.1.5.43287.19.2.23.1
1.1.5.43313.15.2.21.5.6.2
1.1.5.43333.3
1.1.5.43364.13.2.10.4
1.1.5.43392.11.1.31.4
1.1.5.43429.15.3.10.7.24.5
1.1.5.43442.5.1.1.3
1.1.5.43467.14.3
1.1.5.43471.15
1.1.5.43527.22.2.5.8.40
1.1.5.43582.6
1.1.5.43601.13.1.9.4
1.1.5.43663.21.1.9.14.26
1.1.5.43674.9.1.14.3
1.1.5.43699.5.1
1.1.5.43712.26.1.21.36
1.1.5.43815.5.1.1.27.14
1.1.5.43881.8.1.9
1.1.5.44013.9.1.4.10.8
1.1.5.44047.5.1
1.1.5.44080.9.3.8.8
1.1.5.44111.5.1.12.2.47.3
1.1.5.44119.10.2.12
1.1.5.44161.5.1.9.2.15
1.1.5.44182.9.2.10.3
1.1.5.44211.10.1.4
1.1.5.44335.5.1
1.1.5.44400.5.1
1.1.5.44433.5.1.3.1.1.1
1.1.5.44556.5.1.2.1.4
1.1.5.44578.5.1.3.1.2
1.1.5.44669.26.1.20
1.1.5.44684.35.1.11.2
1.1.5.44853.5.1
1.1.5.44907.5.1.1
1.1.5.45023.11.1.28
1.1.5.45034.15.2.6.4
1.1.5.45034.24.3.8.6
1.1.5.45228.9.1.5
1.1.5.45236.5.1.2.10
1.1.5.45275.5.1.1.1.7
1.1.5.45299.5.1.10
1.1.5.45309.33.2.20
1.1.5.45310.14.5.8
1.1.5.45391.16.2
1.1.5.45399.5.1
1.1.5.45458.8.1.6
1.1.5.45460.20.1.10.12.18
1.1.5.45516.14.2.25.3
1.1.5.45527.11.1.6
1.1.5.45532.8.2.8
1.1.5.45540.5.1.15
1.1.5.45582.5.1.10.2.4.1.2
1.1.5.45695.5.1
1.1.5.45734.22.3.17
1.1.5.45785.5.1.5.1
1.1.5.45841.18.3.16
1.1.5.45942.5.1
1.1.5.45977.5.1
1.1.5.46116.16
1.1.5.46160.17.1.23.29
1.1.5.46192.3
1.1.5.46285.5.1.22
1.1.5.46305.5.1.1
1.1.5.46314.5.1.1
1.1.5.46318.26.2.14.1.2.4
1.1.5.46329.5.1.2.1
1.1.5.46499.5.1.4
1.1.5.46589.13.3.15.12
1.1.5.46605.5.1.1.10.2.1.3
1.1.5.46749.5.1.2.2.15
1.1.5.46848.5.1.4.4.40.7
1.1.5.46850.9.2.22
1.1.5.46859.17.1.4
1.1.5.46885.5.1.3
1.1.5.46916.5.1.5.3.5
1.1.5.47029.9.1.16
1.1.5.47035.5.1
1.1.5.47159.24.2.13.5.8
1.1.5.47209.44.2.24.1.29
1.1.5.47368.9.4.4.5
1.1.5.47374.5.1.1.21.9.2
1.1.5.47402.5.1.5
1.1.5.47504.24.1.14.8
1.1.5.47523.5.1.1.2.5
1.1.5.47787.5.1.3.5
1.1.5.47854.5.1.1.14
1.1.5.48061.9.1.4.1
1.1.5.48067.14.4.19.2
1.1.5.48070.5.1.7
1.1.5.48202.15.2.9
1.1.5.48203.5.1.14.15.4.3
1.1.5.48277.22.3.16.9
1.1.5.48305.5.1.4.1.7
1.1.5.48319.6
1.1.5.48330.30.2.18.11.21.2
1.1.5.48408.12.1.4.4
1.1.5.48421.23.3.7.1
1.1.5.48453.5.1.1
1.1.5.48456.5.1.2.12.21.1
1.1.5.48523.3
1.1.5.48523.17.1.14
1.1.5.48618.16.3.4.14
1.1.5.48619.5.1.1.15.11.7.21
1.1.5.48638.9.1.4.3
1.1.5.48646.16.3.15
1.1.5.48704.13.2.10.4
1.1.5.48730.15.1.14.6
1.1.5.48732.13.1.5.2
1.1.5.48775.15.3.10.7.24.5
1.1.5.48788.5.1.1.3
1.1.5.48812.5.1
1.1.5.48816.15
1.1.5.48890.25.2.5
1.1.5.48926.24.1.10.1
1.1.5.49019.53.2.26.2
1.1.5.49028.36.1.7.2.5.5.15
1.1.5.49064.26.1.21.17
1.1.5.49171.5.1.1.27.14
1.1.5.49341.22.1.4.1.1
1.1.5.49372.5.1
1.1.5.49402.15.3.6.1.1.1.7
1.1.5.49424.5.1
1.1.5.49442.5.1.12.2.29.3
1.1.5.49450.10.2.12
1.1.5.49458.5.1.5.3.7.7
1.1.5.49499.5.1.9.2.20
1.1.5.49520.9.2.10.3
1.1.5.49549.10.1.4
1.1.5.49735.5.1
1.1.5.49741.18.1.8
1.1.5.49888.5.1.3
1.1.5.49917.36.1.4.5
1.1.5.50027.26.1.15
1.1.5.50091.14.2.6
1.1.5.50141.5.1
1.1.5.50236.5.1.20.11
1.1.5.50287.13.2.11
1.1.5.50297.5.1.1
1.1.5.50409.5.1.61
1.1.5.50423.9.1.4.2
1.1.5.50642.5.1.1.1.7
1.1.5.50667.5.1.10
1.1.5.50676.14.5.8
1.1.5.50818.13
1.1.5.50824.8.1.6
1.1.5.50826.20.1.10.12.21
1.1.5.50880.19.1.4
1.1.5.50885.25.3.4
1.1.5.50909.5.1.3.15.15.2.15
1.1.5.50963.5.1.10.2.4.1.2
1.1.5.51105.22.3.17
1.1.5.51156.5.1.5.1
1.1.5.51169.12.1.5
1.1.5.51219.18.3.16
1.1.5.51297.5.1
1.1.5.51312.5.1.2.2
1.1.5.51427.5.1
1.1.5.51427.9.3.4
1.1.5.51510.16
1.1.5.51546.34.2
1.1.5.51576.5.1
1.1.5.51672.27.2.34.4.41
1.1.5.51699.13.2.11
1.1.5.51712.18.1.11
1.1.5.51723.5.1
1.1.5.51794.36.2
1.1.5.51799.8.1.9
1.1.5.51883.5.1.4
1.1.5.51909.5.1.9.3.30.2
1.1.5.51949.10.1.9
1.1.5.51975.13.3.15.12
1.1.5.51996.38.3.29
1.1.5.52088.5.1.9.5
1.1.5.52156.17.2.11
1.1.5.52246.5.1
1.1.5.52306.5.1.3
1.1.5.52335.5.1.9.2.27.3.5
1.1.5.52452.30.2.13.16
1.1.5.52540.5.1.3.1.5
1.1.5.52589.24.2.13.5.8
1.1.5.52642.44.2.24.1.15
1.1.5.52733.5.1
1.1.5.52756.5.1
1.1.5.52806.9.4.4.5
1.1.5.52812.5.1.1.21.9.2
1.1.5.52841.15.3.5.4.17
1.1.5.52849.15.2.7.2.18.1.2
1.1.5.52908.5.1.2.4
1.1.5.52932.24.1.14.8
1.1.5.53275.5.1.7.4
1.1.5.53482.9.1.4.1
1.1.5.53488.14.4.19.2
1.1.5.53491.5.1.7
1.1.5.53654.12.1.6
1.1.5.53732.22.3.16.9
1.1.5.53751.5.1.2
1.1.5.53764.6
1.1.5.53775.30.2.18.11.21.2
1.1.5.53803.5.1.11.1.3.1
1.1.5.53842.12.1.4.4
1.1.5.53855.23.3.7.1
1.1.5.53881.14.1.6
1.1.5.53900.5.1.1
1.1.5.53903.5.1.2.17.15.1
1.1.5.53976.3
1.1.5.53976.17.1.14
1.1.5.54073.16.3.4.14
1.1.5.54074.5.1.1.15.11.7.21
1.1.5.54080.19.2.23.1
1.1.5.54097.9.1.4.3
1.1.5.54109.16.3.15
1.1.5.54140.3
1.1.5.54161.13.2.10.4
1.1.5.54190.5.1.2.2.9.6.13
1.1.5.54230.15.3.10.7.24.5
1.1.5.54243.5.1.1.3
1.1.5.54267.5.1
1.1.5.54271.15
1.1.5.54345.25.2.5
1.1.5.54381.24.1.10.1
1.1.5.54484.53.2.26.2
1.1.5.54501.11.2.11.16
1.1.5.54620.5.1.1.27.14
1.1.5.54668.21.2.4
1.1.5.54686.49.1.21
1.1.5.54818.5.1
1.1.5.54846.5.1
1.1.5.54880.9.3.8.8
1.1.5.54911.5.1.12.2.47.3
1.1.5.54919.10.2.12
1.1.5.54927.5.1.5.3.7.7
1.1.5.55015.21.3.4
1.1.5.55211.5.1.2.8.31.1
1.1.5.55253.3
1.1.5.55256.5.1.1.5.26.5.8
1.1.5.55284.13.4.16
1.1.5.55347.5.1.3
1.1.5.55374.19.1.4.9
1.1.5.55381.5.1.4.2.4.1
1.1.5.55458.3
1.1.5.55467.5.1.7
1.1.5.55487.5.1.2.10.31
1.1.5.55525.14.2.6
1.1.5.55574.5.1
1.1.5.55672.5.1.20.11
1.1.5.55736.21.1.15.15
1.1.5.55766.15.3.8
1.1.5.55769.5.1.1.1
1.1.5.55839.11.1.28
1.1.5.55850.15.2.6.4
1.1.5.55850.24.3.8.6
1.1.5.56083.9.1.8.3
1.1.5.56091.25.2
1.1.5.56111.18.2.9.4.10
1.1.5.56210.16.2
1.1.5.56273.8.1.6
1.1.5.56275.20.1.10.12.18
1.1.5.56329.19.1.4
1.1.5.56334.25.3.4
1.1.5.56353.5.1.7.1
1.1.5.56363.5.1.1
1.1.5.56403.15.3.6.24
1.1.5.56435.5.1
1.1.5.56553.22.3.17
1.1.5.56606.5.1.5.1
1.1.5.56669.18.3.16
1.1.5.56769.5.1
1.1.5.56807.5.1.3.1
1.1.5.57032.5.1.2
1.1.5.57033.10.1.4
1.1.5.57084.8.1.6
1.1.5.57153.27.2.34.4.50
1.1.5.57181.5.1.5.1.2
1.1.5.57205.5.1.3.2
1.1.5.57260.36.2
1.1.5.57265.8.1.9
1.1.5.57342.5.1.4
1.1.5.57379.12.3.4
1.1.5.57406.10.1.9
1.1.5.57432.13.3.15.12
1.1.5.57453.38.3.29
1.1.5.57593.5.1.2.2.15
1.1.5.57691.5.1
1.1.5.57754.5.1.9.2.27.3.5
1.1.5.57812.13.1.4
1.1.5.57824.5.1.3.4.11
1.1.5.57859.9.1.16
1.1.5.57865.5.1
1.1.5.57978.5.1.2.1.4.1
1.1.5.57986.5.1.7
1.1.5.58034.5.1.15
1.1.5.58074.16.1.5.4.2
1.1.5.58132.5.1
1.1.5.58196.9.4.4.5
1.1.5.58202.5.1.1.21.9.2
1.1.5.58230.5.1.5
1.1.5.58322.17.1.4
1.1.5.58331.10.2.10.30
1.1.5.58349.5.1.1.2.19
1.1.5.58444.41.1.15.1.7.2.51.6
1.1.5.58537.16.2.6.5
1.1.5.58579.21.1.4
1.1.5.58593.12
1.1.5.58697.5.1.7.4
1.1.5.58898.9.1.6
1.1.5.58948.9.1.10
1.1.5.59106.5.1.8.2
1.1.5.59142.47.3.16.9
1.1.5.59165.5.1.2
1.1.5.59197.30.2.18.12.40.2
1.1.5.59259.12.1.4.4
1.1.5.59272.23.3.7.1
1.1.5.59307.5.1.1
1.1.5.59310.5.1.2.12.21.1
1.1.5.59428.5.1.5.4
1.1.5.59485.16.3.4.14
1.1.5.59486.5.1.1.15.11.7.21
1.1.5.59492.19.2.23.1
1.1.5.59509.9.1.4.3
1.1.5.59569.24.1.9
1.1.5.59591.5.1.2.2.7
1.1.5.59630.15.3.10.7.24.5
1.1.5.59670.5.1
1.1.5.59674.15
1.1.5.59735.22.2.5.8.3
1.1.5.59790.6
1.1.5.59868.53.2.26.2
1.1.5.59885.11.2.11.16
1.1.5.60009.5.1.1.27.14
1.1.5.60180.13.2.15.1
1.1.5.60195.10.1.4.1
1.1.5.60212.5.1
1.1.5.60233.10.3.19.8
1.1.5.60264.5.1.12.2.43.3
1.1.5.60272.10.2.12
1.1.5.60320.5.1.9.2.20
1.1.5.60341.9.2.10.3
1.1.5.60370.10.1.4
1.1.5.60560.5.1
1.1.5.60598.3
1.1.5.60601.5.1.1.5.25.5.8
1.1.5.60728.9.1.4.1
1.1.5.60824.24.2.15.1.2
1.1.5.60841.5.1.10.1.25.3.21
1.1.5.60936.5.1
1.1.5.61026.5.1.20.11
1.1.5.61094.5.1.1
1.1.5.61210.11.1.28
1.1.5.61221.15.2.6.4
1.1.5.61221.24.3.8.6
1.1.5.61455.9.1.8.3
1.1.5.61463.25.2
1.1.5.61483.18.2.9.4.10
1.1.5.61649.8.1.6
1.1.5.61651.20.1.10.12.18
1.1.5.61708.24.1.4
1.1.5.61739.5.1.3.15.15.2.18
1.1.5.61792.5.1.10.2.4.1.2
1.1.5.61928.22.3.17
1.1.5.61982.5.1.5.1
1.1.5.62082.5.1.4.3.8.4
1.1.5.62134.5.1
1.1.5.62149.5.1.2.2
1.1.5.62334.16
1.1.5.62377.34.2
1.1.5.62406.3
1.1.5.62499.5.1.22
1.1.5.62519.13.2.11
1.1.5.62532.18.1.11
1.1.5.62543.5.1
1.1.5.62611.36.2
1.1.5.62616.8.1.9
1.1.5.62693.5.1.4
1.1.5.62721.5.1.2.2.5.2
1.1.5.62733.16
1.1.5.62798.13.3.15.12
1.1.5.62814.5.1.1.10.2.1.3
1.1.5.62962.17.2.11
1.1.5.63065.15.2
1.1.5.63092.5.1
1.1.5.63134.14.2.15.26
1.1.5.63195.13.1.4
1.1.5.63207.5.1.3.4.11
1.1.5.63243.9.1.16
1.1.5.63249.5.1
1.1.5.63376.24.2.13.5.8
1.1.5.63422.5.1.7.2.29
1.1.5.63466.16.1.5.4.2
1.1.5.63583.9.4.4.5
1.1.5.63589.5.1.1.21.9.2
1.1.5.63618.15.3.5.4.17
1.1.5.63626.15.2.7.2.18.1.2
1.1.5.63685.5.1.2.4
1.1.5.63699.17.1.4
1.1.5.63708.10.2.10.30
1.1.5.63727.5.1.1.2.13
1.1.5.63781.28.2.14
1.1.5.63810.5.1.2.1
1.1.5.64008.5.1.3.5
1.1.5.64075.5.1.7.4
1.1.5.64265.9.1.4.1
1.1.5.64271.14.4.19.2
1.1.5.64274.5.1.7
1.1.5.64352.15.2.8
1.1.5.64458.12.1.6
1.1.5.64536.22.3.16.9
1.1.5.64557.5.1.2
1.1.5.64570.6
1.1.5.64581.30.2.18.11.21.2
1.1.5.64645.12.1.4.4
1.1.5.64658.23.3.7.1
1.1.5.64862.16.3.4.14
1.1.5.64863.5.1.1.15.11.7.21
1.1.5.64881.23
1.1.5.64883.13.3.9
1.1.5.64949.13.2.10.4
1.1.5.64975.15.1.14.6
1.1.5.64977.13.1.5.2
1.1.5.65016.15.3.10.7.24.5
1.1.5.65056.5.1
1.1.5.65060.15
1.1.5.65122.22.2.5.8.3
1.1.5.65171.6
1.1.5.65247.33.2.17.2
1.1.5.65264.11.2.11.16
1.1.5.65382.5.1.1.27.14
1.1.5.65448.8.1.9
1.1.5.65573.5.1
1.1.5.65585.10.1.4.1
1.1.5.65602.5.1
1.1.5.65636.9.3.8.8
1.1.5.65667.5.1.12.2.47.3
1.1.5.65675.10.2.12
1.1.5.65750.21.3.4
1.1.5.65954.5.1.2.8.31.1
1.1.5.65972.10.1.12
1.1.5.66045.13.4.16
1.1.5.66092.12.1.4
1.1.5.66102.11.1.7
1.1.5.66123.5.1.3
1.1.5.66153.36.1.4.5
1.1.5.66230.13.2.7.1
1.1.5.66248.3
1.1.5.66258.5.1.1.1.5
1.1.5.66277.5.1.10.1.25.3.18
1.1.5.66335.14.2.6
1.1.5.66385.5.1
1.1.5.66437.5.1.7.6.8.8
1.1.5.66477.5.1.20.11
1.1.5.66536.5.1.1
1.1.5.66652.11.1.28
1.1.5.66663.15.2.6.4
1.1.5.66663.24.3.8.6
1.1.5.66793.5.1
1.1.5.66805.15.2.14.2
1.1.5.66858.9.1.5
1.1.5.66866.5.1.2.10
1.1.5.66905.5.1.1.1.7
1.1.5.66929.5.1.10
1.1.5.66938.14.5.8
1.1.5.67018.16.2
1.1.5.67081.8.1.6
1.1.5.67083.20.1.10.12.18
1.1.5.67137.19.1.4
1.1.5.67142.25.3.4
1.1.5.67165.5.1.3.15.15.2.16
1.1.5.67225.5.1.10.2.4.1.2
1.1.5.67283.35.1.14
1.1.5.67361.22.3.17
1.1.5.67414.5.1.5.1
1.1.5.67519.5.1.4.3.8.4
1.1.5.67571.5.1
1.1.5.67586.5.1.2.2
1.1.5.67614.5.1.3.1
1.1.5.67824.5.1.1.3.3.3
1.1.5.67850.3
1.1.5.67939.27.2.34.4.50
1.1.5.67967.5.1.5.1.2
1.1.5.67978.18.1.11
1.1.5.67989.5.1
1.1.5.68150.5.1.4
1.1.5.68188.16
1.1.5.68226.10.1.9
1.1.5.68251.5.1.9.15
1.1.5.68259.5.1.7.1
1.1.5.68267.5.1.23
1.1.5.68437.5.1.2.2.15
1.1.5.68513.5.1
1.1.5.68573.5.1.3
1.1.5.68601.17.1.12.28
1.1.5.68666.13.1.4
1.1.5.68678.5.1.3.4.11
1.1.5.68717.5.1
1.1.5.68849.5.1.3
1.1.5.68895.5.1.15
1.1.5.68932.32.1.24.12
1.1.5.68973.17.6
1.1.5.69048.9.4.4.5
1.1.5.69054.5.1.1.21.9.2
1.1.5.69083.15.3.5.4.17
1.1.5.69091.5.1.2
1.1.5.69190.24.1.14.8
1.1.5.69427.12
1.1.5.69429.33.3
1.1.5.69458.8.1.8
1.1.5.69523.5.1.7.4
1.1.5.69729.9.1.4.1
1.1.5.69735.14.4.19.2
1.1.5.69738.5.1.7
1.1.5.69982.5.1.1.1
1.1.5.70003.5.1.4.1.7
1.1.5.70017.6
1.1.5.70028.30.2.18.11.21.2
1.1.5.70097.12.1.4.4
1.1.5.70110.23.3.7.1
1.1.5.70146.30.2.28
1.1.5.70257.5.1.5.4
1.1.5.70274.31.2.7.1.17.1.37
1.1.5.70317.16.3.4.14
1.1.5.70318.5.1.1.15.11.7.21
1.1.5.70336.23
1.1.5.70338.13.3.9
1.1.5.70403.13.2.10.4
1.1.5.70432.5.1.2.2.9.6.13
1.1.5.70472.15.3.10.7.24.5
1.1.5.70485.5.1.1.3
1.1.5.70575.22.2.5.8.3
1.1.5.70630.6
1.1.5.70704.53.2.26.2
1.1.5.70722.5.1.5
1.1.5.70754.10.1.19.13
1.1.5.70848.5.1.1.27.14
1.1.5.70896.21.2.4
1.1.5.70914.49.1.21
1.1.5.71033.22.1.4.1.1
1.1.5.71064.5.1
1.1.5.71085.10.3.19.8
1.1.5.71109.5.1
1.1.5.71127.5.1.12.2.29.3
1.1.5.71135.10.2.12
1.1.5.71225.21.3.4
1.1.5.71431.5.1
1.1.5.71463.21.6.16.1
1.1.5.71472.29.3.6.1.2.6.22
1.1.5.71505.13.4.16
1.1.5.71611.5.1.3.1.2
1.1.5.71714.26.1.15
1.1.5.71729.35.1.11.2
1.1.5.71768.14.2.6
1.1.5.71813.5.1.16.6.2.1.10
1.1.5.71903.5.1.20.11
1.1.5.71959.5.1.1
1.1.5.72075.11.1.28
1.1.5.72086.15.2.6.4
1.1.5.72086.24.3.8.6
1.1.5.72217.5.1
1.1.5.72229.15.2.14.2
1.1.5.72305.5.1
1.1.5.72316.27.1.4.1
1.1.5.72338.5.1.10
1.1.5.72347.14.5.8
1.1.5.72428.16.2
1.1.5.72483.13
1.1.5.72489.8.1.6
1.1.5.72491.20.1.10.12.13
1.1.5.72547.14.2.25.3
1.1.5.72558.11.1.6
1.1.5.72563.8.2.8
1.1.5.72574.5.1.3.15.15.2.11
1.1.5.72597.5.1
1.1.5.72598.5.1.2.1.8.1
1.1.5.72625.5.1.10.2.4.1.2
1.1.5.72731.5.1
1.1.5.72770.22.3.17
1.1.5.72823.5.1.5.1
1.1.5.72900.5.1.3
1.1.5.72985.10.1.4
1.1.5.73014.5.1.2.2
1.1.5.73128.5.1
1.1.5.73128.9.3.4
1.1.5.73253.5.1.2
1.1.5.73254.10.1.4
1.1.5.73285.5.1.1.1
1.1.5.73374.5.1.22
1.1.5.73393.13.2.11
1.1.5.73406.18.1.11
1.1.5.73417.5.1
1.1.5.73486.36.2
1.1.5.73491.8.1.9
1.1.5.73570.5.1.4
1.1.5.73641.10.1.9
1.1.5.73660.13.3.19.14
1.1.5.73681.38.3.29
1.1.5.73836.5.1.2.2.15
1.1.5.73912.5.1
1.1.5.73947.17.1.4
1.1.5.73973.5.1.3
1.1.5.74001.17.1.12.28
1.1.5.74092.5.1.3.4.11
1.1.5.74127.9.1.16
1.1.5.74133.5.1
1.1.5.74244.16.3.6.1.4.4
1.1.5.74263.5.1.3
1.1.5.74311.44.2.24.1.29
1.1.5.74345.5.1.2.2.38.1.2
1.1.5.74455.9.4.4.5
1.1.5.74461.5.1.1.21.9.2
1.1.5.74489.5.1.5
1.1.5.74581.17.1.4
1.1.5.74590.10.2.10.30
1.1.5.74609.5.1.1.2.13
1.1.5.74930.5.1.7.4
1.1.5.75139.9.1.6
1.1.5.75189.9.1.10
1.1.5.75378.22.3.16.9
1.1.5.75401.5.1.2
1.1.5.75433.30.2.18.12.40.2
1.1.5.75503.12.1.4.4
1.1.5.75516.23.3.7.1
1.1.5.75548.30.2.45
1.1.5.75624.3
1.1.5.75624.17.1.14
1.1.5.75675.31.2.7.1.22.1.31
1.1.5.75721.16.3.4.14
1.1.5.75722.5.1.1.15.11.7.21
1.1.5.75728.19.2.23.1
1.1.5.75799.13.2.10.4
1.1.5.75828.5.1.2.2.9.6.13
1.1.5.75864.15.3.10.7.24.5
1.1.5.75877.5.1.1.3
1.1.5.75903.5.1
1.1.5.75907.15
1.1.5.75965.22.2.5.8.3
1.1.5.76001.10.1.4
1.1.5.76008.5.1.2.2
1.1.5.76096.10.1.10.4.1
1.1.5.76108.11.2.11.16
1.1.5.76235.5.1.1.27.14
1.1.5.76409.22.1.4.1.1
1.1.5.76435.5.1
1.1.5.76469.9.3.8.8
1.1.5.76500.5.1.12.2.47.3
1.1.5.76508.10.2.12
1.1.5.76598.21.3.4
1.1.5.76795.5.1
1.1.5.76801.18.1.8
1.1.5.76830.5.1.2.2.8.7.7
1.1.5.76935.11.1.7
1.1.5.76956.5.1.3
1.1.5.76985.36.1.4.5
1.1.5.77086.3
1.1.5.77096.5.1.1.1.5
1.1.5.77115.5.1.10.1.25.3.18
1.1.5.77162.14.2.6
1.1.5.77211.5.1
1.1.5.77303.5.1.20.11
1.1.5.77354.13.2.11
1.1.5.77364.5.1.1
1.1.5.77480.11.1.28
1.1.5.77491.15.2.6.4
1.1.5.77491.24.3.8.6
1.1.5.77609.5.1
1.1.5.77621.15.2.14.2
1.1.5.77663.9.1.5
1.1.5.77671.5.1.2.10
1.1.5.77710.5.1.1.1.7
1.1.5.77734.5.1.10
1.1.5.77744.33.2.20
1.1.5.77745.14.5.8
1.1.5.77827.16.2
1.1.5.77890.8.1.6
1.1.5.77892.20.1.10.12.18
1.1.5.77948.14.2.25.3
1.1.5.77959.11.1.6
1.1.5.77964.8.2.8
1.1.5.77972.5.1.15
1.1.5.78015.5.1.10.2.4.1.2
1.1.5.78161.22.3.17
1.1.5.78212.5.1.5.1
1.1.5.78374.10.1.4
1.1.5.78403.5.1.2.2
1.1.5.78431.5.1.3.1
1.1.5.78579.16
1.1.5.78638.5.1.1.3.3.3
1.1.5.78667.3
1.1.5.78791.5.1.5.1.2
1.1.5.78802.18.1.11
1.1.5.78813.5.1
1.1.5.78996.5.1.4
1.1.5.79064.10.1.9
1.1.5.79108.5.1.1.10.2.1.3
1.1.5.79267.5.1.2.2.15
1.1.5.79360.15.2
1.1.5.79377.14.2
1.1.5.79397.5.1.2.10.10
1.1.5.79424.5.1.13.2.42.3.5
1.1.5.79487.13.1.4
1.1.5.79499.5.1.3.4.11
1.1.5.79542.9.1.16
1.1.5.79548.5.1
1.1.5.79674.24.2.13.5.8
1.1.5.79724.44.2.24.1.29
1.1.5.79817.5.1
1.1.5.79835.5.1.4.2
1.1.5.79881.9.4.4.5
1.1.5.79887.5.1.1.21.9.2
1.1.5.79915.5.1.5
1.1.5.80017.24.1.14.8
1.1.5.80034.22.3
1.1.5.80077.14.2
1.1.5.80109.5.1.2.1
1.1.5.80337.5.1.3.5
1.1.5.80405.5.1.7.4
1.1.5.80611.9.1.4.1
1.1.5.80617.14.4.19.2
1.1.5.80620.5.1.7
1.1.5.80847.22.3.16.9
1.1.5.80865.10.1.7.13
1.1.5.80912.5.1.11.1.3.1
1.1.5.80943.12.1.4.4
1.1.5.80956.23.3.7.1
1.1.5.80991.5.1.1
1.1.5.80994.5.1.2.12.21.1
1.1.5.81059.49.3.47.1.1.1
1.1.5.81059.49.3.47.1.3.2
1.1.5.81106.31.2.7.1.22.1.31
1.1.5.81153.16.3.4.14
1.1.5.81154.5.1.1.15.11.7.22
1.1.5.81173.9.1.4.3
1.1.5.81181.16.3.15
1.1.5.81239.13.2.10.4
1.1.5.81267.11.1.31.4
1.1.5.81311.15.3.10.7.24.5
1.1.5.81351.5.1
1.1.5.81355.15
1.1.5.81417.22.2.5.8.3
1.1.5.81458.10.3.8
1.1.5.81544.33.2.17.2
1.1.5.81561.11.2.11.16
1.1.5.81681.5.1.1.27.14
1.1.5.81853.13.2.10.1
1.1.5.81868.10.1.4.1
1.1.5.81889.5.1
1.1.5.81910.10.3.19.8
1.1.5.81934.5.1
1.1.5.81952.5.1.12.2.29.3
1.1.5.81960.10.2.12
1.1.5.81968.5.1.5.3.7.7
1.1.5.82051.21.3.4
1.1.5.82078.5.1
1.1.5.82083.10.2.24
1.1.5.82196.5.1
1.1.5.82256.5.1.2.8.31.1
1.1.5.82290.5.1.3.1.1.1
1.1.5.82343.5.1.2.2.9.2
1.1.5.82364.13.2
1.1.5.82437.9.1.4.1
1.1.5.82526.3
1.1.5.82536.5.1.1.1.5
1.1.5.82552.5.1.2.10.28
1.1.5.82590.14.2.6
1.1.5.82640.5.1
1.1.5.82742.5.1.1.1
1.1.5.82777.18.2.5.16.57
1.1.5.82781.10.1.4.1
1.1.5.82895.13.3.5.15
1.1.5.82905.5.1.14.4
1.1.5.83144.12.3.8.7
1.1.5.83153.9.1.4
1.1.5.83181.9.1.17.7
1.1.5.83348.10.1.5.1
1.1.5.83353.10.2.4.10
1.1.5.83372.24.1.4
1.1.5.83398.5.1.7.1
1.1.5.83408.5.1.1
1.1.5.83461.5.1.10.2.4.1.2
1.1.5.83603.22.3.17
1.1.5.83656.5.1.5.1
1.1.5.83760.5.1.4.3.8.4
1.1.5.83815.10.1.4
1.1.5.83844.5.1.2.2
1.1.5.84074.14.2.24
1.1.5.84196.5.1.22
1.1.5.84214.5.1.5.1.2
1.1.5.84237.52.2
1.1.5.84292.36.2
1.1.5.84297.8.1.9
1.1.5.84374.5.1.4
1.1.5.84387.5.1.14.6
1.1.5.84415.16
1.1.5.84469.5.1.8.2.6.2
1.1.5.84494.33.1.26.3
1.1.5.84532.6
1.1.5.84664.5.1.2.2.15
1.1.5.84740.5.1
1.1.5.84798.19.2.8.1.2.2.4
1.1.5.84821.17.1.12.28
1.1.5.84942.9.1.16
1.1.5.84948.5.1
1.1.5.85056.5.1
1.1.5.85067.9.1.29.4
1.1.5.85109.5.1.15
1.1.5.85258.9.4.4.5
1.1.5.85264.5.1.1.21.9.2
1.1.5.85293.15.3.5.4.17
1.1.5.85301.15.2.7.2.18.1.2
1.1.5.85362.5.1.2.4
1.1.5.85376.17.1.4
1.1.5.85385.10.2.10.30
1.1.5.85403.5.1.1.2.19
1.1.5.85452.21.2.18
1.1.5.85740.5.1.7.4
1.1.5.85961.9.1.6
1.1.5.86140.15.2.9
1.1.5.86141.5.1.14.15.4.3
1.1.5.86215.22.3.16.9
1.1.5.86238.5.1.2
1.1.5.86270.30.2.18.12.40.2
1.1.5.86334.12.1.4.4
1.1.5.86347.23.3.7.1
1.1.5.86383.30.2.28
1.1.5.86452.3
1.1.5.86452.17.1.14
1.1.5.86506.10.3.19.9
1.1.5.86552.16.3.4.14
1.1.5.86553.5.1.1.15.11.7.22
1.1.5.86559.19.2.23.1
1.1.5.86576.9.1.4.3
1.1.5.86648.24.1.14
1.1.5.86671.5.1.4.3.1
1.1.5.86711.15.3.10.7.24.5
1.1.5.86751.5.1
1.1.5.86755.15
1.1.5.86815.22.2.5.8.40
1.1.5.86855.10.3.8
1.1.5.86944.53.2.26.2
1.1.5.86961.11.2.11.16
1.1.5.87081.5.1.1.27.14
1.1.5.87148.8.1.9
1.1.5.87266.5.1
1.1.5.87294.5.1
1.1.5.87317.9.1.6.4
1.1.5.87351.5.1.12.2.47.3
1.1.5.87359.10.2.12
1.1.5.87449.21.3.4
1.1.5.87476.5.1
1.1.5.87597.5.1
1.1.5.87661.5.1.2.8.31.1
1.1.5.87697.21.6.16.1
1.1.5.87706.29.3.6.1.2.6.22
1.1.5.87820.9.1.4.1
1.1.5.87925.24.2.15.1.2
1.1.5.87941.5.1.2.10.28
1.1.5.87982.14.2.6
1.1.5.88031.5.1
1.1.5.88116.5.1.20.11
1.1.5.88187.5.1.1
1.1.5.88303.11.1.28
1.1.5.88314.15.2.6.4
1.1.5.88314.24.3.8.6
1.1.5.88431.5.1
1.1.5.88443.15.2.14.2
1.1.5.88522.5.1
1.1.5.88536.12.3.8.6
1.1.5.88545.9.1.4
1.1.5.88566.5.1.10
1.1.5.88575.14.5.8
1.1.5.88655.16.2
1.1.5.88719.8.1.6
1.1.5.88721.20.1.10.12.22
1.1.5.88777.14.2.25.3
1.1.5.88788.11.1.6
1.1.5.88793.8.2.8
1.1.5.88801.5.1.15
1.1.5.88843.5.1.10.2.4.1.2
1.1.5.88986.22.3.17
1.1.5.89039.5.1.5.1
1.1.5.89111.18.3.16
1.1.5.89145.5.1.4.3.7.4
1.1.5.89197.5.1
1.1.5.89212.5.1.2.2
1.1.5.89240.5.1.3.1
1.1.5.89326.5.1
1.1.5.89326.9.3.4
1.1.5.89455.34.2
1.1.5.89484.3
1.1.5.89606.5.1.5.1.2
1.1.5.89615.5.1.2.1.2.4
1.1.5.89629.52.2
1.1.5.89793.5.1.4
1.1.5.89836.16
1.1.5.89903.13.3.15.12
1.1.5.89920.15.2.25.1.3
1.1.5.90070.5.1.2.2.15
1.1.5.90163.15.2
1.1.5.90180.14.2
1.1.5.90200.5.1.2.10.10
1.1.5.90225.17.1.12.28
1.1.5.90304.5.1.3.4.11
1.1.5.90339.9.1.16
1.1.5.90345.5.1
1.1.5.90462.24.2.13.5.8
1.1.5.90508.5.1.15
1.1.5.90545.16.1.5.4.2
1.1.5.90591.5.1.21.1
1.1.5.90594.5.1
1.1.5.90613.5.1.4.2
1.1.5.90659.9.4.4.5
1.1.5.90665.5.1.1.21.9.2
1.1.5.90694.15.3.5.4.17
1.1.5.90702.15.2.7.2.18.1.2
1.1.5.90777.17.1.4
1.1.5.90806.5.1.1.2.25
1.1.5.90862.28.2.14
1.1.5.90891.5.1.2.1
1.1.5.91156.5.1.7.4
1.1.5.91361.9.1.4.1
1.1.5.91367.14.4.19.2
1.1.5.91370.5.1.7
1.1.5.91562.12.1.6
1.1.5.91646.22.3.16.9
1.1.5.91674.5.1.4.1.7
1.1.5.91688.6
1.1.5.91699.30.2.18.11.21.2
1.1.5.91777.12.1.4.4
1.1.5.91790.23.3.7.1
1.1.5.91907.3
1.1.5.91907.17.1.14
1.1.5.92007.16.3.4.14
1.1.5.92008.5.1.1.15.11.7.22
1.1.5.92026.23
1.1.5.92028.13.3.9
1.1.5.92090.24.1.9
1.1.5.92110.11.1.13.4
1.1.5.92147.15.3.10.7.24.5
1.1.5.92160.5.1.1.3
1.1.5.92185.17.2.6.1.3.1
1.1.5.92260.25.2.5
1.1.5.92296.24.1.10.1
1.1.5.92392.53.2.26.2
1.1.5.92410.5.1.5
1.1.5.92442.10.1.19.13
1.1.5.92549.5.1.1.27.14
1.1.5.92728.5.1
1.1.5.92757.5.1
1.1.5.92791.9.3.8.8
1.1.5.92822.5.1.12.2.47.3
1.1.5.92830.10.2.12
1.1.5.92916.21.3.4
1.1.5.93117.5.1.2.8.31.1
1.1.5.93135.10.1.12
1.1.5.93213.5.1.2.2.9.2
1.1.5.93266.11.1.7
1.1.5.93287.5.1.3
1.1.5.93316.36.1.4.5
1.1.5.93448.5.1.10.1.30.3.27
1.1.5.93490.14.2.6
1.1.5.93540.5.1
1.1.5.93588.5.1.4.1
1.1.5.93633.5.1.20.11
1.1.5.93697.21.1.15.15
1.1.5.93727.15.3.8
1.1.5.93730.5.1.1.1
1.1.5.93800.11.1.28
1.1.5.93811.15.2.6.4
1.1.5.93811.24.3.8.6
1.1.5.93913.5.1.1.6
1.1.5.94040.5.1
1.1.5.94051.27.1.4.1
1.1.5.94073.5.1.10
1.1.5.94083.33.2.20
1.1.5.94084.14.5.8
1.1.5.94206.13.3.12
1.1.5.94223.5.1.2.11.20
1.1.5.94226.5.1.1.1.22.7.27.23
1.1.5.94247.12.2.26
1.1.5.94250.22.2.8.13
1.1.5.94272.24.1.4
1.1.5.94290.18.1.14
1.1.5.94295.8.2.8
1.1.5.94303.5.1.15
1.1.5.94345.5.1.10.2.4.1.2
1.1.5.94488.22.3.17
1.1.5.94541.5.1.5.1
1.1.5.94608.18.3.16
1.1.5.94692.5.1
1.1.5.94707.5.1.2.2
1.1.5.94741.5.1.3.1
1.1.5.94888.16
1.1.5.94944.5.1.1.3.3.3
1.1.5.94973.3
1.1.5.95100.5.1.1
1.1.5.95109.5.1.1
1.1.5.95113.26.2.14.1.2.4
1.1.5.95124.5.1.2.1
1.1.5.95180.36.2
1.1.5.95185.8.1.9
1.1.5.95262.5.1.4
1.1.5.95275.5.1.14.6
1.1.5.95303.12.3.4
1.1.5.95337.10.1.9
1.1.5.95383.19.2.9.6.10
1.1.5.95421.6
1.1.5.95556.5.1.2.2.15
1.1.5.95632.5.1
1.1.5.95688.5.1.2.10.19
1.1.5.95713.17.1.12.28
1.1.5.95830.9.1.16
1.1.5.95836.5.1
1.1.5.95966.24.2.13.5.8
1.1.6.18.5.1.15
1.1.6.105.5.1.21.1
1.1.6.108.5.1
1.1.6.173.9.4.4.5
1.1.6.179.5.1.1.21.9.2
1.1.6.207.5.1.5
1.1.6.299.17.1.4
1.1.6.308.10.2.10.30
1.1.6.376.21.2.18
1.1.6.578.8.1.8
1.1.6.646.5.1.7.4
1.1.6.853.9.1.4.1
1.1.6.859.14.4.19.2
1.1.6.862.5.1.7
1.1.6.1028.12.1.6
1.1.6.1075.5.1.8.2
1.1.6.1111.47.3.16.9
1.1.6.1174.5.1.11.1.3.1
1.1.6.1214.12.1.4.4
1.1.6.1227.23.3.7.1
1.1.6.1347.3
1.1.6.1347.17.1.14
1.1.6.1444.16.3.4.14
1.1.6.1445.5.1.1.15.11.7.21
1.1.6.1463.23
1.1.6.1465.13.3.9
1.1.6.1531.13.2.10.4
1.1.6.1559.11.1.31.4
1.1.6.1603.15.3.10.7.24.5
1.1.6.1643.5.1
1.1.6.1647.15
1.1.6.1718.25.2.5
1.1.6.1754.24.1.10.1
1.1.6.1842.21.1.9.14.60
1.1.6.1853.9.1.14.3
1.1.6.1878.5.1
1.1.6.1891.26.1.21.36
1.1.6.1985.5.1.1.27.14
1.1.6.2050.8.1.9
1.1.6.2166.5.1
1.1.6.2178.10.1.4.1
1.1.6.2195.5.1
1.1.6.2229.9.3.8.8
1.1.6.2260.5.1.12.2.47.3
1.1.6.2268.10.2.12
1.1.6.2362.21.3.4
1.1.6.2563.5.1.2.8.31.1
1.1.6.2654.5.1.2.2.9.2
1.1.6.2732.5.1.2.1.4
1.1.6.2754.5.1.3.1.2
1.1.6.2842.3
1.1.6.2848.10.1.4.5
1.1.6.2863.20.1.13.2
1.1.6.2949.5.1
1.1.6.3001.5.1.7.6.8.8
1.1.6.3042.5.1.20.11
1.1.6.3093.13.2.11
1.1.6.3103.5.1.1
1.1.6.3222.13.3.5.15
1.1.6.3232.5.1.14.4
1.1.6.3415.9.1.5
1.1.6.3423.5.1.2.10
1.1.6.3462.5.1.1.1.7
1.1.6.3486.5.1.10
1.1.6.3496.33.2.20
1.1.6.3497.14.5.8
1.1.6.3578.16.2
1.1.6.3666.22.4.8.2
1.1.6.3687.14.2.25.3
1.1.6.3698.11.1.6
1.1.6.3703.8.2.8
1.1.6.3714.5.1.3.15.15.2.11
1.1.6.3769.5.1.10.2.4.1.2
1.1.6.3826.34.1.14
1.1.6.3909.22.3.17
1.1.6.3962.5.1.5.1
1.1.6.4117.5.1
1.1.6.4132.5.1.2.2
1.1.6.4160.5.1.3.1
1.1.6.4377.5.1.1.3.3.3
1.1.6.4406.3
1.1.6.4507.27.2.34.4.50
1.1.6.4533.5.1.5.1.2
1.1.6.4544.18.1.11
1.1.6.4555.5.1
1.1.6.4744.5.1.4
1.1.6.4776.5.1.9.3.20.2
1.1.6.4863.5.1.1.10.2.1.3
1.1.6.5021.5.1.2.2.15
1.1.6.5118.5.1
1.1.6.5175.5.1.3
1.1.6.5201.10.1.26.11
1.1.6.5277.5.1.3.4.11
1.1.6.5312.9.1.16
1.1.6.5318.5.1
1.1.6.5398.5.1.3.1.5
1.1.6.5444.5.1.2.1.4.1
1.1.6.5452.5.1.7
1.1.6.5502.44.2.24.1.29
1.1.6.5553.16.1.5.4.2
1.1.6.5611.5.1
1.1.6.5673.9.4.4.5
1.1.6.5679.5.1.1.21.9.2
1.1.6.5708.15.3.5.4.17
1.1.6.5716.15.2.7.2.18.1.2
1.1.6.5776.5.1.2.4
1.1.6.5790.17.1.4
1.1.6.5799.10.2.10.30
1.1.6.5817.5.1.1.2.19
1.1.6.5866.21.2.18
1.1.6.5971.8.1.23
1.2.48.6.3.17.3.16.4
1.2.206.3
1.2.265.2.1.1.1
1.2.329.2.1
1.2.451.2.1
1.2.555.28.14.25.1.2
1.2.601.2.1.2
1.2.619.2.1.2.1
1.2.899.3
1.2.973.8.4.14.8.37
1.2.1004.2.1.9
1.2.1029.2.1
1.2.1036.10.5
1.2.1072.2.1.12.1.1.4.6
1.2.1123.4.2.18
1.2.1148.4.2.10.1
1.2.1152.2.1.2.1.19
1.2.1205.2.1
1.2.1224.4.2.4.1.1.1.2
1.2.1225.2.1.1.1
1.2.1234.2.1.16.5
1.2.1404.4.2.3.2.6
1.2.1424.10.5.20.1.22
1.2.1507.2.1.38
1.2.1554.2.1.2.2.12.2.21
1.2.1608.4.2.15.9
1.2.1631.5
1.2.1689.8.4.9.9.10
1.2.1763.14.7.19.5.7
1.2.1832.2.1
1.2.1938.10.5.12.3.3
1.2.1997.6.3.19.6.26.1
1.2.2130.10.5.14.3.19.8
1.2.2147.8.4.13.8.18
1.2.2318.6.3
1.2.2336.2.1.5.1.3
1.2.2455.8.4
1.2.2530.2.1
1.2.2549.2.1.1.1.4.2.10
1.2.2578.2.1
1.2.2650.2.1.2.1
1.2.2693.4.2
1.2.2740.2.1.5
1.2.2763.2.1.1.1
1.2.2834.2.1.12.4
1.2.2879.6.3.17.4.5
1.2.2980.2.1.4.2.3
1.2.3116.2.1.2.3
1.2.3310.2.1.9.2.5.6
1.2.3331.2.1.1.1.15
1.2.3379.2.1
1.2.3411.6.3
1.2.3508.8.4.25
1.2.3550.4.2.5
1.2.3560.6.3
1.2.3745.5
1.2.3775.6.3.8.2.7
1.2.3976.2.1.3.1.29.3
1.2.3999.2.1
1.2.4126.2.1.3.3.21.1.3
1.2.4135.6.3.17.4.15
1.2.4298.2.1.1.6.36.7
1.2.4319.2.1.3.2.7.1.1
1.2.4523.2.1
1.2.4651.4.2.3.1.7.1
1.2.4657.4.2.4
1.2.4703.6.3.17.5.11.7.13
1.2.4918.2.1.1.1.29.9.17.4
1.2.4965.2.1.11.6.15
1.2.4987.2.1.1.1
1.2.5014.2.1
1.2.5029.2.1.9.1.3.1
1.2.5124.2.1
1.2.5144.2.1.2
1.2.5372.4.2.5
1.2.5583.4.2.4.2
1.2.5613.4.2.5.3.10.5
1.2.5719.10.5
1.5.36.8.2.1.18.7.22
1.5.49.9.2.1.8.3.3.4.21
1.5.179.13.2.1.2
1.5.211.8.2.1.5.3.15.1
1.5.337.8.2.1.12.3.10.4
1.5.580.8.2.1.1.5
1.5.659.12.2.1.17.2
1.5.929.11.2.1.6.3
1.5.985.15.2.1.63.10
1.5.1243.11.2.1.8.1.24.5
1.5.1271.15.2.1.7.2.7.4.32
1.5.1327.18.2.1.15.4.9
1.5.1459.9.2.1.8.2.5
1.5.1462.6.2.1
1.5.1470.11.2.1.16.12
1.5.1552.6.2.1.14.3.20
1.5.1623.8.2.1.21
1.5.1680.7.2.1.2
1.5.1689.6.2.1.37.1
1.5.1697.17.2.1.13.4.10
1.5.1817.12.2.1.17.6.12.4.13
1.5.1917.13.2.1.4.1.3.3
1.5.1943.9.2.1.5.4
1.5.2037.8.2.1.37
1.5.2201.8.2.1.1.1.1
1.5.2204.10.2.1.2.2.7.10
1.5.2217.6.2.1.9
1.5.2246.13.2.1.3.3.14.2
1.5.2338.8.2.1.34
1.5.2352.7.2.1
1.5.2377.7.2.1.1.6.10.3.13
1.5.2418.7.2.1.9.5
1.5.2440.25.2.1.27.5.9.2.25
1.5.2614.9.2.1.17.2
1.5.2691.7.2.1.20.3.11
1.5.2725.15.2.1.6.3
1.5.2783.8.2.1.9.5
1.5.2789.9.2.1.3
1.5.2892.9.2.1
1.5.3020.7.2.1.7.2.4.1
1.5.3125.7.2.1
1.5.3180.6.2.1.4.3.19
1.5.3232.7.2.1.4
1.5.3446.5.2.1.1.3.21.3
1.5.3497.10.2.1.12.3.8.2.2
1.5.3524.6.2.1.8.1.1.2.16
1.5.3702.14.2.1.10.3
1.5.3827.13.2.1
1.5.3973.7.2.1.3.3
1.5.3992.11.2.1.6.1.33
1.5.3996.8.2.1.4
1.5.4324.10.2.1.7.1.23.3.10
1.5.4355.17.2.1.3.5.16
1.5.4492.7.2.1.3
1.5.4589.8.2.1.1.2
1.5.4664.12.2.1.11.2.15.9
1.5.4708.7.2.1.13.5.7.3
1.5.4719.6.2.1.5.2.5
1.5.4801.9.2.1.11.2.6
1.5.4940.15.2.1.1.1
1.5.4958.5.2.1
1.5.4959.7.2.1
1.5.5011.8.2.1
1.5.5136.12.2.1.1.1.50
1.5.5617.20.2.1
1.5.5722.12.2.1.19.6
1.5.5820.8.2.1.60.2.9.1.2
1.5.5839.7.2.1.3
1.5.6098.13.2.1
1.5.6125.11.2.1.9.2.3
1.5.6202.14.2.1.7
1.5.6244.10.2.1.4
1.5.6402.9.2.1.5.2.36
1.5.6443.18.2.1.5.2.5.2.9
1.5.6583.11.2.1.2.6.8.2.6
1.5.6971.13.2.1.8.1
1.5.7017.22.2.1.4.3
1.5.7025.7.2.1.4.2.18.4.26
1.5.7074.11.2.1.40.1
1.5.7133.29.2.1.2.1
1.5.7137.7.2.1.1.1
1.5.7160.7.2.1.11.2.8.1.5
1.5.7198.6.2.1.3
1.5.7310.12.2.1.7.1
1.5.7319.11.2.1
1.5.7483.35.2.1.23.5.11.2.6.48
1.5.7702.8.2.1.1.5
1.5.7781.12.2.1.17.2
1.5.8075.11.2.1.6.3
1.5.8131.15.2.1.63.10
1.5.8168.6.2.1.10.2.12
1.5.8188.9.2.1
1.5.8398.11.2.1.8.1.24.5
1.5.8428.15.2.1.7.2.7.4.33
1.5.8596.7.2.1.12
1.5.8689.6.2.1.14.3.20
1.5.8760.8.2.1.21
1.5.8819.11.2.1.20.1.1
1.5.8854.13.2.1.2.1.3.1
1.5.8855.6.2.1
1.5.8858.17.2.1.8.3.4
1.5.8963.12.2.1.17.6.12.4.13
1.5.9065.13.2.1.4.1.3.3
1.5.9091.9.2.1.5.4
1.5.9190.8.2.1.13
1.5.9396.13.2.1.3.3.14.2
1.5.9482.8.2.1.34
1.5.9496.7.2.1
1.5.9521.7.2.1.1.6.10.3.13
1.5.9566.7.2.1.9.5
1.5.9588.25.2.1.27.5.9.2.25
1.5.9741.9.2.1.17.2
1.5.9813.9.2.1.11.3.1.1.4
1.5.9852.10.2.1.5.6.12.3
1.5.9907.8.2.1.9.5
1.5.9913.9.2.1.3
1.5.10019.32.2.1
1.5.10116.11.2.1
1.5.10142.7.2.1.6.2.4.1
1.5.10247.7.2.1
1.5.10303.6.2.1.4.3.19
1.5.10356.7.2.1.4
1.5.10562.5.2.1.1.3.21.3
1.5.10609.10.2.1.12.3.8.2.2
1.5.10626.15.2.1.7
1.5.10918.8.2.1.12.4.12
1.5.11046.7.2.1.3.3
1.5.11065.11.2.1.6.1.33
1.5.11372.10.2.1.7.1.23.3.10
1.5.11403.17.2.1.3.5.16
1.5.11519.7.2.1.3
1.5.11613.8.2.1.1.2
1.5.11663.8.2.1
1.5.11723.7.2.1.15.1.6.2
1.5.11731.6.2.1.10.3.17
1.5.11991.7.2.1.2.5.13
1.5.12019.8.2.1
1.5.12290.10.2.1
1.5.12629.20.2.1
1.5.12715.10.2.1
1.5.12830.17.2.1.12.5.20
1.5.12850.7.2.1.1
1.5.13126.7.2.1
1.5.13148.18.2.1.7.3.10.4.22
1.5.13235.10.2.1.18
1.5.13276.10.2.1.4
1.5.13444.9.2.1.5.2.36
1.5.13485.18.2.1.5.2.5.2.9
1.5.13519.9.2.1.5.1.2.2
1.5.13627.8.2.1.17
1.5.13919.6.2.1.9.3
1.5.13994.9.2.1.24.5
1.5.14055.12.2.1.2.1.30
1.5.14115.15.2.1
1.5.14173.29.2.1.2.1
1.5.14177.7.2.1.1.1
1.5.14200.7.2.1.11.2.8.1.5
1.5.14209.7.2.1.12.7
1.5.14239.10.2.1.11.2.3.2.25
1.5.14255.7.2.1.2
1.5.14380.13.2.1.2
1.5.14412.8.2.1.5.3.15.1
1.5.14690.10.2.1.20.2.5.2
1.5.14760.8.2.1.1.5
1.5.14838.12.2.1.15.2
1.5.15175.15.2.1.68.10
1.5.15440.11.2.1.8.1.24.5
1.5.15470.15.2.1.7.2.7.4.33
1.5.15660.9.2.1.8.2.5
1.5.15663.6.2.1
1.5.15671.11.2.1.16.12
1.5.15795.14.2.1.6.3
1.5.15821.8.2.1.21
1.5.15885.7.2.1.2
1.5.15912.13.2.1.2.1.3.1
1.5.15913.6.2.1
1.5.15916.17.2.1.8.3.4
1.5.16015.7.2.1.3.5
1.5.16046.12.2.1.17.6.12.4.13
1.5.16131.7.2.1.5.1.12.5
1.5.16142.21.2.1.4.2
1.5.16158.9.2.1.5.4
1.5.16256.8.2.1.39
1.5.16416.6.2.1.27.7.7.3
1.5.16428.8.2.1.1.1.1
1.5.16431.10.2.1.2.2.7.4
1.5.16444.6.2.1.9
1.5.16473.13.2.1.3.3.14.2
1.5.16574.8.2.1.34
1.5.16588.7.2.1
1.5.16613.7.2.1.1.6.10.3.13
1.5.16680.25.2.1.27.5.9.2.21
1.5.16837.9.2.1.17.2
1.5.16913.7.2.1.20.3.11
1.5.16947.15.2.1.6.3
1.5.17017.9.2.1.3
1.5.17125.32.2.1
1.5.17222.11.2.1
1.5.17248.7.2.1.6.2.4.1
1.5.17264.8.2.1
1.5.17331.12.2.1.7
1.5.17358.6.2.1
1.5.17406.6.2.1.4.3.19
1.5.17464.16.2.1
1.5.17467.14.2.1.9.1
1.5.17552.6.2.1.11.4
1.5.17562.8.2.1.20.1.24
1.5.17595.17.2.1.1.1.1
1.5.17699.5.2.1.1.3.21.3
1.5.17750.10.2.1.12.3.8.2.2
1.5.17767.9.2.1.6.3.10
1.5.18058.6.2.1.2
1.5.18063.33.2.1.11
1.5.18201.7.2.1.3.3
1.5.18220.11.2.1.6.1.33
1.5.18224.8.2.1.4
1.5.18356.7.2.1.6.2.12.1
1.5.18543.10.2.1.18.2
1.5.18556.10.2.1.18.1.8.4.10
1.5.18587.17.2.1.3.5.16
1.5.18719.7.2.1.3
1.5.18814.8.2.1.1.2
1.5.18909.10.2.1.2.2
1.5.18916.7.2.1.2.1.4.1
1.5.18924.6.2.1.10.3.17
1.5.19177.7.2.1.2.5.13
1.5.19471.8.2.1.2.2.6.1
1.5.19794.20.2.1
1.5.19909.12.2.1.19.6
1.5.19941.8.2.1
1.5.19955.8.2.1
1.5.20004.17.2.1.12.5.20
1.5.20284.19.2.1.14.6
1.5.20301.8.2.1.22
1.5.20334.13.2.1
1.5.20388.14.2.1.7
1.5.20431.10.2.1.4
1.5.20589.9.2.1.5.2.36
1.5.20636.18.2.1.5.2.5.2.9
1.5.20777.8.2.1.17
1.5.21135.9.2.1.24.5
1.5.21150.12.2.1.3
1.5.21171.12.2.1.9.3
1.5.21185.5.2.1
1.5.21269.15.2.1
1.5.21337.29.2.1.2.1
1.5.21341.7.2.1.1.1
1.5.21364.7.2.1.11.2.8.1.5
1.5.21402.6.2.1.3
1.5.21561.11.2.1.2.1.2
1.5.21681.8.2.1.12.3.10.4
1.5.21924.8.2.1.1.5
1.5.21997.12.2.1.15.2
1.5.22324.15.2.1.68.10
1.5.22365.21.2.1.20.3.5
1.5.22589.11.2.1.8.1.24.5
1.5.22613.16.2.1.3.2
1.5.22648.11.2.1
1.5.22686.27.2.1
1.5.22783.9.2.1.43.2.5
1.5.22786.6.2.1
1.5.22794.11.2.1.16.12
1.5.22930.14.2.1.6.3
1.5.23014.11.2.1.20.1.1
1.5.23052.11.2.1.4.1.8
1.5.23161.12.2.1.17.6.12.4.13
1.5.23257.13.2.1.4.1.3.3
1.5.23283.9.2.1.5.4
1.5.23373.8.2.1.39
1.5.23538.6.2.1.27.7.7.3
1.5.23550.8.2.1.1.1.1
1.5.23553.10.2.1.2.2.7.4
1.5.23566.6.2.1.9
1.5.23595.13.2.1.3.3.14.2
1.5.23705.14.2.1.1.1.1.2.8
1.5.23772.25.2.1.27.5.9.2.21
1.5.23992.9.2.1.5.2.1.1.4
1.5.24031.10.2.1.5.6.12.3
1.5.24306.11.2.1
1.5.24332.7.2.1.6.2.4.1
1.5.24348.8.2.1
1.5.24440.6.2.1
1.5.24483.6.2.1.4.3.19
1.5.24541.16.2.1
1.5.24544.14.2.1.9.1
1.5.24629.6.2.1.11.4
1.5.24639.8.2.1.20.1.24
1.5.24756.10.2.1.19.5.10.3
1.5.24815.9.2.1.6.3.10
1.5.25120.13.2.1
1.5.25257.7.2.1.3.3
1.5.25276.11.2.1.6.1.33
1.5.25590.10.2.1.7.1.23.3.10
1.5.25621.17.2.1.3.5.16
1.5.25762.7.2.1.3
1.5.25857.8.2.1.1.2
1.5.25929.7.2.1.23.1
1.5.25974.7.2.1.13.5.7.3
1.5.25985.6.2.1.5.2.5
1.5.26064.9.2.1.11.2.6
1.5.26242.7.2.1.2.5.13
1.5.26306.5.2.1.7.1.3.4
1.5.26385.12.2.1.1.1.50
1.5.26916.10.2.1
1.5.27034.17.2.1.12.5.20
1.5.27047.10.2.1.4.1.20
1.5.27071.22.2.1.1.1
1.5.27323.13.2.1
1.5.27351.18.2.1.7.3.10.4.23
1.5.27438.10.2.1.18
1.5.27479.10.2.1.4
1.5.27647.9.2.1.5.2.36
1.5.27720.29.2.1.7.1
1.5.27747.11.2.1.1.4.4.2.8
1.5.28273.12.2.1.2.1.53
1.5.28322.11.2.1.40.1
1.5.28381.29.2.1.2.1
1.5.28385.7.2.1.1.1
1.5.28408.7.2.1.11.2.8.1.5
1.5.28446.6.2.1.3
1.5.28555.12.2.1.7.1
1.5.28582.13.2.1.2
1.5.28614.8.2.1.5.3.17.1
1.5.28721.8.2.1.12.3.10.4
1.5.28950.8.2.1.1.5
1.5.29028.12.2.1.15.2
1.5.29299.11.2.1.6.3
1.5.29399.6.2.1.10.2.12
1.5.29622.11.2.1.8.1.24.5
1.5.29644.16.2.1.3.2
1.5.29682.11.2.1
1.5.29720.27.2.1
1.5.29766.8.2.1
1.5.29776.9.2.1.10
1.5.29791.16.2.1
1.5.29973.14.2.1.6.3
1.5.29990.9.2.1.2
1.5.30064.11.2.1.20.1.1
1.5.30099.13.2.1.2.1.3.1
1.5.30100.6.2.1
1.5.30103.17.2.1.8.3.4
1.5.30206.7.2.1.3.5
1.5.30237.12.2.1.17.6.12.4.13
1.5.30322.7.2.1.5.1.12.5
1.5.30333.21.2.1.4.2
1.5.30349.9.2.1.5.4
1.5.30443.8.2.1.37
1.5.30657.8.2.1.11
1.5.30676.12.2.1.2.2.2
1.5.30808.14.2.1.1.1.1.2.8
1.5.30853.7.2.1.9.5
1.5.30875.25.2.1.27.5.9.2.25
1.5.31051.9.2.1.17.2
1.5.31108.8.2.1.7.5.14.3.12
1.5.31145.15.2.1.6.3
1.5.31207.8.2.1.9.5
1.5.31213.9.2.1.3
1.5.31414.11.2.1
1.5.31440.7.2.1.6.2.4.1
1.5.31468.12.2.1
1.5.31543.7.2.1
1.5.31601.6.2.1.4.3.19
1.5.31660.16.2.1
1.5.31663.14.2.1.9.1
1.5.31743.6.2.1.11.4
1.5.31753.8.2.1.20.1.24
1.5.31786.17.2.1.1.1.1
1.5.31880.5.2.1.1.4.11.6
1.5.31931.10.2.1.12.3.8.2.2
1.5.31956.6.2.1.8.1.1.2.16
1.5.32254.8.2.1.12.4.76
1.5.32391.7.2.1.3.3
1.5.32410.11.2.1.6.1.33
1.5.32720.10.2.1.18.2
1.5.32733.10.2.1.18.1.8.4.10
1.5.32764.17.2.1.3.5.16
1.5.32891.7.2.1.3
1.5.32988.8.2.1.1.2
1.5.33024.9.2.1.43
1.5.33095.7.2.1.13.5.7.3
1.5.33106.6.2.1.5.2.5
1.5.33374.7.2.1.2.5.13
1.5.33407.13.2.1.7.2
1.5.33525.12.2.1.1.1.50
1.5.33991.20.2.1
1.5.34098.12.2.1.19.6
1.5.34188.8.2.1.60.2.9.1.2
1.5.34207.7.2.1.3
1.5.34472.13.2.1
1.5.34500.18.2.1.7.3.10.4.25
1.5.34583.10.2.1.18
1.5.34624.10.2.1.4
1.5.34817.20.2.1.21.2.5
1.5.35404.9.2.1.24.5
1.5.35464.27.2.1.16.8.107.6.20
1.5.35525.15.2.1
1.5.35587.12.2.1.28.1.1.1
1.5.35612.7.2.1.11.2.8.1.5
1.5.35621.7.2.1.12.7
1.5.35651.10.2.1.11.2.3.2.25
1.5.35667.7.2.1.2
1.5.35792.13.2.1.2
1.5.35824.8.2.1.5.3.15.1
1.5.36156.8.2.1.1.5
1.5.36234.12.2.1.15.2
1.5.36496.11.2.1.6.3
1.5.36552.15.2.1.63.10
1.5.36593.21.2.1.20.3.5
1.5.36810.11.2.1.8.1.24.5
1.5.36840.15.2.1.7.2.7.4.33
1.5.36896.18.2.1.15.4.9
1.5.37028.9.2.1.8.2.5
1.5.37031.6.2.1
1.5.37039.11.2.1.16.12
1.5.37163.14.2.1.6.3
1.5.37240.20.2.1.2
1.5.37244.6.2.1.2.2.4
1.5.37251.6.2.1.29.1
1.5.37384.12.2.1.17.6.12.4.13
1.5.37474.13.2.1.4.1.3.3
1.5.37500.9.2.1.5.4
1.5.37595.8.2.1.37
1.5.37910.8.2.1.34
1.5.37924.7.2.1
1.5.37949.7.2.1.1.6.10.3.13
1.5.37994.7.2.1.9.5
1.5.38016.25.2.1.27.5.9.2.25
1.5.38241.9.2.1.11.3.1.1.4
1.5.38280.10.2.1.5.6.12.3
1.5.38327.7.2.1
1.5.38341.8.2.1.9.5
1.5.38347.9.2.1.3
1.5.38378.8.2.1.12.2.3.1.3
1.5.38439.32.2.1
1.5.38536.11.2.1
1.5.38562.7.2.1.6.2.4.1
1.5.38578.8.2.1
1.5.38675.6.2.1
1.5.38718.6.2.1.4.3.19
1.5.38770.16.2.1
1.5.38773.14.2.1.9.1
1.5.38858.6.2.1.11.4
1.5.38868.8.2.1.20.1.24
1.5.38901.17.2.1.1.1.1
1.5.38982.17.2.1.5.2
1.5.38986.14.2.1.7.3
1.5.39033.14.2.1.6
1.5.39052.9.2.1.6.3.10
1.5.39150.9.2.1
1.5.39351.8.2.1.12.4.12
1.5.39488.7.2.1.3.3
1.5.39507.11.2.1.6.1.33
1.5.39806.10.2.1.18.2
1.5.39819.10.2.1.18.1.8.4.10
1.5.39850.17.2.1.3.5.16
1.5.40053.8.2.1.1.2
1.5.40147.16.2.1.16.6.60.5
1.5.40150.8.2.1.3.3
1.5.40304.8.2.1
1.5.40376.15.2.1.1.1
1.5.40392.30.2.1.2.2.5
1.5.40444.8.2.1
1.5.41040.20.2.1
1.5.41127.10.2.1
1.5.41176.8.2.1
1.5.41190.8.2.1
1.5.41239.17.2.1.12.5.20
1.5.41252.10.2.1.4.1.20
1.5.41276.22.2.1.1.1
1.5.41510.13.2.1
1.5.41626.10.2.1.18
1.5.41667.10.2.1.4
1.5.41860.20.2.1.21.2.5
1.5.42072.11.2.1.2.6.8.2.6
1.5.42345.6.2.1.9.3
1.5.42443.12.2.1.3
1.5.42464.12.2.1.9.3
1.5.42478.5.2.1
1.5.42482.7.2.1.35.2.10.1
1.5.42505.12.2.1.2.1.19
1.5.42555.11.2.1.19.1
1.5.42623.29.2.1.2.1
1.5.42627.7.2.1.1.1
1.5.42650.7.2.1.11.2.8.1.5
1.5.42659.7.2.1.12.7
1.5.42689.10.2.1.11.2.3.2.25
1.5.42705.7.2.1.2
1.5.42841.13.2.1.2
1.5.42859.11.2.1.2.1.2
1.5.43163.10.2.1.20.2.5.2
1.5.43231.8.2.1.1.5
1.5.43310.12.2.1.17.2
1.5.43579.11.2.1.6.3
1.5.43647.15.2.1.68.10
1.5.43683.21.2.1.20.3.5
1.5.43908.11.2.1.8.1.24.5
1.5.43933.16.2.1.3.2
1.5.43971.11.2.1
1.5.44009.27.2.1
1.5.44114.14.2.1.45.3
1.5.44215.6.2.1.14.3.20
1.5.44286.8.2.1.21
1.5.44345.11.2.1.20.1.1
1.5.44380.13.2.1.2.1.3.1
1.5.44381.6.2.1
1.5.44384.17.2.1.8.3.4
1.5.44505.12.2.1.17.6.12.4.13
1.5.44544.11.2.1.7.5.19.6.28
1.5.44602.13.2.1.4.1.3.3
1.5.44628.9.2.1.5.4
1.5.44727.8.2.1.13
1.5.44778.6.2.1
1.5.44908.6.2.1.9
1.5.44937.13.2.1.3.3.14.2
1.5.45024.7.2.1
1.5.45049.7.2.1.1.6.10.3.13
1.5.45094.7.2.1.9.5
1.5.45116.25.2.1.27.5.9.2.25
1.5.45341.9.2.1.11.3.1.1.4
1.5.45373.15.2.1.6.3
1.5.45443.9.2.1.3
1.5.45556.9.2.1
1.5.45684.7.2.1.7.2.4.1
1.5.45700.8.2.1
1.5.45782.7.2.1
1.5.45837.6.2.1.4.3.19
1.5.45976.6.2.1.11.4
1.5.45986.8.2.1.20.1.24
1.5.46103.12.2.1.2.1.8.1
1.5.46151.14.2.1.6
1.5.46182.6.2.1.8.1.1.2.10
1.5.46488.13.2.1
1.5.46632.6.2.1.10.2
1.5.46649.11.2.1.6.1.32
1.5.46992.10.2.1.18.2
1.5.47005.10.2.1.18.1.8.4.10
1.5.47033.9.2.1.6.3.6
1.5.47142.7.2.1.3
1.5.47239.8.2.1.1.2
1.5.47275.9.2.1.43
1.5.47306.7.2.1.23.1
1.5.47351.7.2.1.13.5.7.3
1.5.47362.6.2.1.5.2.5
1.5.47607.7.2.1.2.5.13
1.5.47635.8.2.1
1.5.47758.12.2.1.1.1.50
1.5.47911.8.2.1.2.2.6.1
1.5.48240.20.2.1
1.5.48424.11.2.1.10.1.9
1.5.48446.7.2.1.1
1.5.48713.7.2.1
1.5.48735.18.2.1.7.3.10.4.22
1.5.48818.14.2.1.7
1.5.48861.10.2.1.4
1.5.49040.20.2.1.43.2.23
1.5.49516.6.2.1.29.7
1.5.49591.9.2.1.24.5
1.5.49606.12.2.1.3
1.5.49639.7.2.1.5.2.6.1
1.5.49662.12.2.1.2.1.19
1.5.49722.15.2.1
1.5.49790.29.2.1.2.1
1.5.49794.7.2.1.1.1
1.5.49817.7.2.1.11.2.8.1.5
1.5.49855.6.2.1.3
1.5.50017.11.2.1.2.1.2
1.5.50137.8.2.1.12.3.10.4
1.5.50391.8.2.1.1.5
1.5.50470.12.2.1.17.2
1.5.50740.11.2.1.6.3
1.5.50796.15.2.1.63.10
1.5.50832.21.2.1.20.3.5
1.5.51049.11.2.1.8.1.24.5
1.5.51071.16.2.1.3.2
1.5.51109.11.2.1
1.5.51147.27.2.1
1.5.51244.9.2.1.43.2.5
1.5.51247.6.2.1
1.5.51255.11.2.1.16.12
1.5.51347.6.2.1.14.3.20
1.5.51414.9.2.1.2
1.5.51488.11.2.1.20.1.1
1.5.51609.7.2.1.3.5
1.5.51640.12.2.1.17.6.12.4.13
1.5.51737.7.2.1.5.1.12.5
1.5.51748.21.2.1.4.2
1.5.51764.9.2.1.5.4
1.5.51862.8.2.1.39
1.5.51966.11.2.1.5.3
1.5.52050.6.2.1.9
1.5.52079.13.2.1.3.3.14.2
1.5.52205.14.2.1.1.1.1.2.8
1.5.52253.7.2.1.5.3
1.5.52275.25.2.1.27.5.9.2.45
1.5.52439.9.2.1.24.2
1.5.52514.7.2.1.20.3.11
1.5.52548.15.2.1.6.3
1.5.52621.9.2.1.3
1.5.52729.32.2.1
1.5.52826.11.2.1
1.5.52852.7.2.1.6.2.4.1
1.5.52942.12.2.1.7
1.5.52973.8.2.1.3.1.2.1
1.5.53005.12.2.1.1.1
1.5.53019.6.2.1.4.3.19
1.5.53073.7.2.1.4
1.5.53142.6.2.1.11.4
1.5.53152.8.2.1.20.1.24
1.5.53275.5.2.1.1.3.21.3
1.5.53326.10.2.1.12.3.8.2.2
1.5.53343.9.2.1.6.3.10
1.5.53634.13.2.1
1.5.53779.7.2.1.3.3
1.5.53798.11.2.1.6.1.33
1.5.53802.8.2.1.4
1.5.54119.10.2.1.18.2
1.5.54132.10.2.1.18.1.8.4.10
1.5.54160.9.2.1.6.3.6
1.5.54282.7.2.1.3
1.5.54352.8.2.1.7.1
1.5.54381.8.2.1.1.2
1.5.54436.10.2.1
1.5.54486.10.2.1.2.2
1.5.54494.7.2.1.11.1.1.1
1.5.54502.6.2.1.10.3.17
1.5.54719.15.2.1.1.1
1.5.54735.30.2.1.2.2.5
1.5.54792.13.2.1.7.2
1.5.54910.12.2.1.1.1.50
1.5.55458.10.2.1
1.5.55573.17.2.1.12.5.20
1.5.55586.10.2.1.4.1.20
1.5.55862.7.2.1
1.5.55884.18.2.1.7.3.10.4.22
1.5.55965.14.2.1.38
1.5.56007.10.2.1.4
1.5.56175.9.2.1.5.2.36
1.5.56216.18.2.1.5.2.5.2.9
1.5.56352.11.2.1.2.6.8.2.6
1.5.56643.6.2.1.9.3
1.5.56759.12.2.1.20.5
1.5.56773.5.2.1
1.5.56799.12.2.1.2.1.19
1.5.56849.11.2.1.19.1
1.5.56917.29.2.1.2.1
1.5.56921.7.2.1.1.1
1.5.56944.7.2.1.11.2.8.1.5
1.5.56982.6.2.1.3
1.5.57123.13.2.1.2
1.5.57150.8.2.1.5.3.15.1
1.5.57429.10.2.1.20.2.5.2
1.5.57496.8.2.1.1.5
1.5.57575.12.2.1.17.2
1.5.57896.15.2.1.63.10
1.5.58156.11.2.1.8.1.24.5
1.5.58181.16.2.1.3.2
1.5.58219.11.2.1
1.5.58257.27.2.1
1.5.58366.9.2.1.8.2.5
1.5.58369.6.2.1
1.5.58377.11.2.1.16.12
1.5.58471.8.2.1.3.7.28
1.5.58541.8.2.1.21
1.5.58600.11.2.1.20.1.1
1.5.58635.13.2.1.2.1.3.1
1.5.58636.6.2.1
1.5.58639.17.2.1.8.3.4
1.5.58738.7.2.1.3.5
1.5.58769.12.2.1.17.6.12.4.13
1.5.58804.11.2.1.7.5.11.4.26
1.5.58862.13.2.1.4.1.3.3
1.5.58888.9.2.1.5.4
1.5.58983.8.2.1.39
1.5.59152.8.2.1.1.1.1
1.5.59155.10.2.1.2.2.7.10
1.5.59168.6.2.1.9
1.5.59197.13.2.1.3.3.14.2
1.5.59298.8.2.1.34
1.5.59312.7.2.1
1.5.59337.7.2.1.1.6.10.3.13
1.5.59382.7.2.1.9.5
1.5.59404.25.2.1.27.5.9.2.25
1.5.59573.9.2.1.17.2
1.5.59648.7.2.1.19.3.14
1.5.59682.15.2.1.6.3
1.5.59749.9.2.1.3
1.5.59857.32.2.1
1.5.59954.11.2.1
1.5.59980.7.2.1.6.2.4.1
1.5.59996.8.2.1
1.5.60078.7.2.1
1.5.60133.6.2.1.4.3.19
1.5.60266.6.2.1.11.4
1.5.60276.8.2.1.20.1.24
1.5.60390.9.2.1.10.6.16.3
1.5.60460.6.2.1.16
1.5.60782.6.2.1.2
1.5.60787.23.2.1.10
1.5.60927.7.2.1.3.3
1.5.60946.11.2.1.6.1.33
1.5.61247.10.2.1.18.2
1.5.61260.10.2.1.18.1.8.4.10
1.5.61291.17.2.1.3.5.16
1.5.61483.8.2.1.1.2
1.5.61538.10.2.1
1.5.61587.16.2.1.16.6.60.5
1.5.61590.8.2.1.3.3
1.5.61872.7.2.1.2.5.13
1.5.61936.5.2.1.7.1.3.4
1.5.62178.8.2.1.2.2.6.1
1.5.62500.9.2.1.21
1.5.62622.12.2.1.19.6
1.5.62669.8.2.1
1.5.62737.7.2.1.3
1.5.62959.12.2.1.8
1.5.63015.13.2.1
1.5.63043.18.2.1.7.3.10.4.24
1.5.63117.8.2.1.21.1.38
1.5.63159.10.2.1.4
1.5.63352.20.2.1.21.2.5
1.5.63855.6.2.1.29.7
1.5.63928.9.2.1.24.5
1.5.63943.12.2.1.3
1.5.63964.12.2.1.9.3
1.5.63978.5.2.1
1.5.64003.27.2.1.16.8.18.6.8
1.5.64053.11.2.1.16.1
1.5.64112.29.2.1.2.1
1.5.64116.7.2.1.1.1
1.5.64139.7.2.1.11.2.8.1.5
1.5.64148.7.2.1.12.7
1.5.64178.10.2.1.11.2.3.2.25
1.5.64194.7.2.1.2
1.5.64331.13.2.1.2
1.5.64363.8.2.1.5.3.15.1
1.5.64657.10.2.1.20.2.5.2
1.5.64725.8.2.1.1.5
1.5.64798.12.2.1.15.2
1.5.65061.11.2.1.6.3
1.5.65117.15.2.1.63.10
1.5.65162.21.2.1.20.3.5
1.5.65397.11.2.1.8.1.24.5
1.5.65419.16.2.1.3.2
1.5.65457.11.2.1
1.5.65495.27.2.1
1.5.65625.7.2.1.12
1.5.65722.14.2.1.9.4
1.5.65807.8.2.1.21
1.5.65866.11.2.1.20.1.1
1.5.66013.12.2.1.17.6.12.4.13
1.5.66108.7.2.1.5.1.12.5
1.5.66119.21.2.1.4.2
1.5.66135.9.2.1.5.4
1.5.66229.8.2.1.39
1.5.66333.11.2.1.5.3
1.5.66391.10.2.1.15.13.27.4
1.5.66404.6.2.1.9
1.5.66433.13.2.1.3.3.14.2
1.5.66552.14.2.1.1.1.1.2.8
1.5.66619.25.2.1.27.5.9.2.21
1.5.66855.7.2.1.19.3.14
1.5.66889.15.2.1.6.3
1.5.66956.9.2.1.3
1.5.67190.7.2.1.7.2.4.1
1.5.67214.8.2.1
1.5.67311.6.2.1
1.5.67354.6.2.1.4.3.19
1.5.67413.16.2.1
1.5.67416.14.2.1.9.1
1.5.67496.6.2.1.11.4
1.5.67506.8.2.1.20.1.24
1.5.67624.12.2.1.2.1.8.1
1.5.67672.14.2.1.6
1.5.67703.6.2.1.8.1.1.2.22
1.5.67756.26.2.1.1.1
1.5.67999.13.2.1
1.5.68152.6.2.1.10.2
1.5.68169.11.2.1.6.1.32
1.5.68499.10.2.1.7.1.23.3.10
1.5.68527.9.2.1.6.3.6
1.5.68721.8.2.1.1.2
1.5.68815.16.2.1.16.6.60.5
1.5.68818.8.2.1.3.3
1.5.69086.7.2.1.2.5.13
1.5.69114.8.2.1
1.5.69701.5.2.1.3.1.1.1
1.5.69702.9.2.1.1.1.6.5
1.5.69805.12.2.1.19.6
1.5.69900.11.2.1.10.1.9
1.5.69947.22.2.1.1.1
1.5.70302.10.2.1.18
1.5.70343.10.2.1.4
1.5.70536.20.2.1.21.2.5
1.5.71100.9.2.1.24.5
1.5.71115.12.2.1.3
1.5.71136.12.2.1.9.3
1.5.71150.5.2.1
1.5.71173.7.2.1.30.6.43.6.12
1.5.71181.17.2.1.11.5
1.5.71283.29.2.1.2.1
1.5.71287.7.2.1.1.1
1.5.71310.7.2.1.11.2.8.1.5
1.5.71348.6.2.1.3
1.5.71492.13.2.1.2
1.5.71524.8.2.1.5.3.15.1
1.5.71635.35.2.1.23.5.11.2.6.21
1.5.71888.8.2.1.1.5
1.5.71962.12.2.1.17.2
1.6.25.8.2.1.1.1.21.2
1.6.126.8.2.1.7.1.2.2
1.6.214.8.2.1
1.6.249.8.2.1.8.1.19
1.6.281.8.2.1
1.6.292.8.2.1.4.2.24.4.12
1.6.402.8.2.1.6.1.2
1.6.525.8.2.1.2.2.4.2
1.6.616.8.2.1.2.2.7
1.6.648.8.2.1.6.7
1.6.676.8.2.1.5.1.1
1.6.709.8.2.1.2.2
1.6.744.8.2.1.2.2.8
1.6.770.8.2.1
1.6.806.8.2.1
1.6.857.8.2.1.7.3
1.6.880.8.2.1.4
1.6.897.8.2.1.3.5.17.2
1.6.922.8.2.1
1.6.1032.8.2.1.1.3.16
1.6.1046.8.2.1.5.1.28.5
1.6.1070.8.2.1.1.1.34
1.6.1142.8.2.1.3.2.1.5.18
1.6.1143.8.2.1.1
1.6.1172.8.2.1.9.2.11
1.6.1263.8.2.1.40.1
1.6.1307.8.2.1.5.5.16.2.56
1.6.1340.8.2.1.7.3
1.6.1366.8.2.1.2.1
1.6.1516.8.2.1.7
1.6.1597.8.2.1
1.6.1625.8.2.1.1
1.6.1699.8.2.1.15.2.4.2.13.5
1.6.1712.8.2.1.7.2.4
1.6.1740.8.2.1.2.1
1.6.1914.8.2.1.3
1.6.1965.8.2.1.10.3.8.1
1.6.1970.8.2.1
1.6.2103.8.2.1.16.4.20
1.6.2192.8.2.1.8.9
1.6.2247.8.2.1.11.2.3.2.33
1.6.2374.8.2.1.4.1.3.1.37
1.6.2495.8.2.1
1.6.2934.8.2.1
1.6.3014.8.2.1.4
1.6.3055.8.2.1.5.2.6
1.6.3168.8.2.1.7.1.1.9.32.18
1.6.3210.8.2.1
1.6.3216.8.2.1.2.2.4
1.6.3231.8.2.1.7
1.6.3291.8.2.1.4.3.7.6
1.6.3328.8.2.1
1.6.3597.8.2.1.14.7.12
1.6.3605.8.2.1.6.1.12
1.6.3804.8.2.1.2.2
1.6.3830.8.2.1.29
1.6.3937.8.2.1.2.1
1.6.4143.8.2.1.13.6
1.6.4166.8.2.1.3
1.6.4202.8.2.1.8.3.8
1.6.4219.8.2.1
1.6.4316.8.2.1.50.2.18.3
1.6.4366.8.2.1
1.6.4412.8.2.1.12.1
1.6.4443.8.2.1.8.3
1.6.4486.8.2.1.7.3.7
1.6.4498.8.2.1.6.3
1.6.4554.8.2.1.5.2.3
1.6.4629.8.2.1.19
1.6.4848.8.2.1.1
1.6.4881.8.2.1
1.6.4935.8.2.1.6.1
1.6.4960.8.2.1.10.2
1.6.5009.8.2.1.16.5.29.9.20
1.6.5240.8.2.1
1.6.5565.8.2.1.29.3.13
1.6.5567.8.2.1.31.5.19.6
1.6.5584.8.2.1.2.3.2
1.6.5667.8.2.1.4.4
1.6.5744.8.2.1.19.4
1.6.5764.8.2.1.1.4.14
1.6.5799.8.2.1.27.4.6.2.4
1.6.5837.8.2.1.37.1
1.6.5935.8.2.1.2.1
1.6.5978.8.2.1
1.6.6042.8.2.1.7.2.11.1.6
1.6.6075.8.2.1.6.3
1.6.6138.8.2.1.21
1.6.6474.8.2.1.4
1.6.6673.8.2.1.13.1.2.2.4
1.6.6700.8.2.1.19.8.10
1.6.6986.8.2.1.11.3.7.1.1
1.6.7055.8.2.1.14.5.10
1.6.7139.8.2.1.21
1.6.7266.8.2.1.18.6
1.6.7334.8.2.1.13.1.7.4
1.6.7413.8.2.1.15.2.22
1.6.7423.8.2.1.6.4.15.4.8
1.6.7484.8.2.1.5
1.6.7572.8.2.1.1.1.17
1.6.7597.8.2.1.15.1.1
1.6.8038.8.2.1.9.1.1.1
1.6.8114.8.2.1.2.1
1.6.8125.8.2.1.1.1.1
1.6.8150.8.2.1.6
1.6.8202.8.2.1.15.2.1.1
1.6.8359.8.2.1
1.6.8394.8.2.1.8.1.19
1.6.8426.8.2.1
1.6.8442.8.2.1
1.6.8558.8.2.1.6.1.2
1.6.8685.8.2.1.4.3.7.7
1.6.8762.8.2.1
1.6.8812.8.2.1.6.7
1.6.8844.8.2.1.5.1.1
1.6.8877.8.2.1.2.2
1.6.8913.8.2.1.21
1.6.8941.8.2.1
1.6.8978.8.2.1.4.2.8.1
1.6.8980.8.2.1.11.5
1.6.9060.8.2.1.84.1.4
1.6.9062.8.2.1.91.1
1.6.9094.8.2.1
1.6.9202.8.2.1.1.3.16
1.6.9216.8.2.1.5.1.28.5
1.6.9333.8.2.1.4.1.3.1.1
1.6.9454.8.2.1.7.7.12.3
1.6.9456.8.2.1.1.1
1.6.9489.8.2.1.3.1.4
1.6.9528.8.2.1.7.3
1.6.9554.8.2.1.2.1
1.6.9725.8.2.1.7
1.6.9846.8.2.1.1
1.6.9945.8.2.1.7.2.4
1.6.9973.8.2.1.2.1
1.6.10153.8.2.1.3
1.6.10336.8.2.1.16.4.20
1.6.10422.8.2.1.8.4
1.6.10603.8.2.1.4.1.3.1.37
1.6.10725.8.2.1
1.6.10911.8.2.1.11.3
1.6.11087.8.2.1.25.1
1.6.11145.8.2.1.6.2
1.6.11246.8.2.1.4
1.6.11287.8.2.1.5.2.6
1.6.11397.8.2.1.7.1.1.9.31.3
1.6.11439.8.2.1
1.6.11445.8.2.1.2.2.4
1.6.11474.8.2.1.5.1.40
1.6.11563.8.2.1
1.6.11812.8.2.1.8.1.5.2
1.6.11816.8.2.1.10.2.4
1.6.12020.8.2.1.2.2
1.6.12046.8.2.1.29
1.6.12169.8.2.1.2.1
1.6.12381.8.2.1.2.2
1.6.12395.8.2.1.9.2.6
1.6.12438.8.2.1.8.3.8
1.6.12453.8.2.1.6.4.14.1
1.6.12540.8.2.1.50.2.18.3
1.6.12590.8.2.1
1.6.12781.8.2.1
1.6.12790.8.2.1.5.2.3
1.6.12865.8.2.1.19
1.6.12981.8.2.1
1.6.13089.8.2.1.1
1.6.13122.8.2.1
1.6.13176.8.2.1.6.1
1.6.13255.8.2.1.6.1.1
1.6.13465.8.2.1
1.6.13647.8.2.1.16.2
1.6.13783.8.2.1.11.1.31.4.20
1.6.13789.8.2.1
1.6.13870.8.2.1.5.4
1.6.13933.8.2.1.9
1.6.13968.8.2.1.4.2.8.1.3
1.6.14000.8.2.1.6.5.12.5.14
1.6.14135.8.2.1.2.1
1.6.14252.8.2.1.7.2.30.1.40
1.6.14293.8.2.1.6.3
1.6.14342.8.2.1.9
1.6.14358.8.2.1.4.1.55.1
1.6.14371.8.2.1.6.2.4.4
1.6.14702.8.2.1.6.1.5
1.6.14801.8.2.1.4.6
1.6.14917.8.2.1.13.1.2.2.4
1.6.14944.8.2.1.19.8.10
1.6.15048.8.2.1.4.3.15
1.6.15276.8.2.1
1.6.15289.8.2.1.22.1
1.6.15294.8.2.1.10.5.10
1.6.15351.8.2.1
1.6.15370.8.2.1.21
1.6.15497.8.2.1.18.6
1.6.15565.8.2.1.13.1.7.4
1.6.15646.8.2.1.14.2.11
1.6.15656.8.2.1.6.4.15.4.8
1.6.15813.8.2.1.20.1.3
1.6.15836.8.2.1.15.1.1
1.6.15949.8.2.1.20.3.8.3
1.6.16340.8.2.1.2.1
1.6.16351.8.2.1.1.1.1
1.6.16376.8.2.1.6
1.6.16408.8.2.1.1.1.21.2
1.6.16449.8.2.1.3.6.22.8.14.39
1.6.16588.8.2.1
1.6.16622.8.2.1.8.1.19
1.6.16654.8.2.1
1.6.16670.8.2.1
1.6.16786.8.2.1.6.1.2
1.6.16799.8.2.1.3.2
1.6.16923.8.2.1.4.3.7.7
1.6.17001.8.2.1.8.4
1.6.17026.8.2.1.28.1.1
1.6.17063.8.2.1.29.7.26
1.6.17092.8.2.1.2.2
1.6.17127.8.2.1.2.2.8
1.6.17191.8.2.1.4.2.8.1
1.6.17193.8.2.1.11.5
1.6.17246.8.2.1.8.9.8.2
1.6.17276.8.2.1.3.5.17.2
1.6.17301.8.2.1
1.6.17450.8.2.1.1.1.33
1.6.17538.8.2.1.4.1.3.1.1
1.6.17665.8.2.1.1.1
1.6.17666.8.2.1.2.2.6.1
1.6.17711.8.2.1.2.1.1.5.17
1.6.17747.8.2.1.12.3.7.1.2
1.6.17773.8.2.1.2.1
1.6.17948.8.2.1.7
1.6.18069.8.2.1.1
1.6.18136.8.2.1.15.2.4.2.13.5
1.6.18149.8.2.1.7.2.4
1.6.18176.8.2.1
1.6.18360.8.2.1.3
1.6.18533.8.2.1.16.4.20
1.6.18615.8.2.1.8.4
1.6.18695.8.2.1.6
1.6.18824.8.2.1.26
1.6.18946.8.2.1
1.6.19139.8.2.1.11.3
1.6.19471.8.2.1.4
1.6.19512.8.2.1.5.2.6
1.6.19623.8.2.1
1.6.19625.8.2.1.18.7
1.6.19659.8.2.1
1.6.19665.8.2.1.2.2.4
1.6.19694.8.2.1.5.1.40
1.6.19878.8.2.1.4.5
1.6.19940.8.2.1.6.5
1.6.19999.8.2.1.14.7.12
1.6.20007.8.2.1.6.1.12
1.6.20206.8.2.1.2.2
1.6.20229.8.2.1.19
1.6.20346.8.2.1.2.1
1.6.20559.8.2.1.3.1
1.6.20574.8.2.1.2.9.21
1.6.20620.8.2.1.34.8.20
1.6.20708.8.2.1
1.6.20835.8.2.1
1.6.20868.8.2.1.8.3
1.6.20913.8.2.1.7.3.7
1.6.20925.8.2.1.6.3
1.6.20981.8.2.1.5.2.3
1.6.21056.8.2.1.19
1.6.21178.8.2.1
1.6.21265.8.2.1.1
1.6.21298.8.2.1
1.6.21372.8.2.1
1.6.21442.8.2.1.6.1.1
1.6.21650.8.2.1
1.6.21967.8.2.1.29.3.13
1.6.21970.8.2.1
1.6.22052.8.2.1.4.4
1.6.22115.8.2.1.9
1.6.22150.8.2.1.4.2.8.1.3
1.6.22185.8.2.1.6.5.12.5.16
1.6.22319.8.2.1.2.1
1.6.22362.8.2.1
1.6.22426.8.2.1.7.2.11.1.6
1.6.22467.8.2.1.6.3
1.6.22529.8.2.1.4.2.13.1.24
1.6.22563.8.2.1.12
1.6.22867.8.2.1.4.1.27.1
1.6.22882.8.2.1.6.1.5
1.6.23096.8.2.1.13.1.2.2.4
1.6.23123.8.2.1.19.8.10
1.6.23228.8.2.1.4.3.15
1.6.23274.8.2.1.13.6.20.1
1.6.23429.8.2.1
1.6.23442.8.2.1.22.1
1.6.23447.8.2.1.10.5.10
1.6.23528.8.2.1.10
1.6.23661.8.2.1.10.4
1.6.23745.8.2.1.3.3.10.2
1.6.23775.8.2.1.4
1.6.23821.8.2.1.5.1.1.1.6
1.6.23830.8.2.1.1.1.27.6.11
1.6.23889.8.2.1.5
1.6.23983.8.2.1.20.1.3
1.6.24006.8.2.1.15.1.1
1.6.24105.8.2.1.2.1
1.6.24521.8.2.1.2.1
1.6.24532.8.2.1.1.1.1
1.6.24564.8.2.1.2.3
1.6.24612.8.2.1.1.1.27.2
1.6.24799.8.2.1
1.6.24833.8.2.1.8.1.19
1.6.24865.8.2.1
1.6.24881.8.2.1
1.6.24974.8.2.1.6.1.2
1.6.25097.8.2.1.2.2.4.2
1.6.25099.8.2.1.14.1.1
1.6.25172.8.2.1
1.6.25222.8.2.1.6.7
1.6.25251.8.2.1.28.7.15
1.6.25280.8.2.1.2.2
1.6.25316.8.2.1.21
1.6.25341.8.2.1
1.6.25377.8.2.1
1.6.25428.8.2.1.7.3
1.6.25462.8.2.1.3.5.17.2
1.6.25487.8.2.1
1.6.25595.8.2.1.1.3.16
1.6.25609.8.2.1.5.1.28.5
1.6.25627.8.2.1.1.1.40
1.6.25714.8.2.1.4.1.3.1.1
1.6.25847.8.2.1.8.6
1.6.25872.8.2.1.3.1.4
1.6.25911.8.2.1.7.3
1.6.25937.8.2.1.2.1
1.6.26117.8.2.1.7
1.6.26198.8.2.1
1.6.26238.8.2.1.1
1.6.26312.8.2.1.15.2.4.2.13.5
1.6.26325.8.2.1.7.2.4
1.6.26353.8.2.1.2.1
1.6.26518.8.2.1.3
1.6.26569.8.2.1.10.3.8.1
1.6.26574.8.2.1
1.6.26814.8.2.1.6.3.5.3
1.6.26890.8.2.1.6.3.5.2.9
1.6.26935.8.2.1.6.1
1.6.26995.8.2.1.8.1
1.6.27002.8.2.1.9
1.6.27096.8.2.1.9.1
1.6.27130.8.2.1.9.3
1.6.27316.8.2.1.11.3
1.6.27657.8.2.1.4
1.6.27698.8.2.1.5.2.6
1.6.27816.8.2.1.7.1.2.1.23.21
1.6.27854.8.2.1.10
1.6.27871.8.2.1.7
1.6.27890.8.2.1.1.1.1
1.6.27936.8.2.1.4.3.7.6
1.6.28258.8.2.1.17
1.6.28264.8.2.1.8.2.4
1.6.28468.8.2.1.2.2
1.6.28490.8.2.1.1
1.6.28600.8.2.1.2.1
1.6.28852.8.2.1.2.2.9
1.6.28900.8.2.1.6.3.8
1.6.28981.8.2.1.14.11.15.3
1.6.29045.8.2.1
1.6.29126.8.2.1.8.3
1.6.29169.8.2.1.1.1.5
1.6.29212.8.2.1
1.6.29240.8.2.1
1.6.29259.8.2.1.4.2
1.6.29267.8.2.1.5.2.3
1.6.29519.8.2.1.2.2.5.2
1.6.29577.8.2.1.1
1.6.29610.8.2.1
1.6.29664.8.2.1.6.1
1.6.29748.8.2.1.6.1.1
1.6.29806.8.2.1.7.15.33.2
1.6.29958.8.2.1
1.6.30156.8.2.1
1.6.30238.8.2.1.21
1.6.30269.8.2.1
1.6.30275.8.2.1
1.6.30361.8.2.1.4.4
1.6.30455.8.2.1.4.2.8.1.3
1.6.30490.8.2.1.27.4.6.2.4
1.6.30504.8.2.1.2.2
1.6.30611.8.2.1.2.1
1.6.30722.8.2.1.15
1.6.30756.8.2.1.6.3
1.6.30819.8.2.1.21
1.6.31157.8.2.1.4.1.27.1
1.6.31172.8.2.1.6.1.5
1.6.31391.8.2.1.14.3.5.2.2
1.6.31490.8.2.1.12
1.6.31749.8.2.1.4.2.5
1.6.31788.8.2.1
1.6.31807.8.2.1.21
1.6.31881.8.2.1.14.5.13
1.6.31917.8.2.1
1.6.31931.8.2.1.10.4
1.6.32008.8.2.1.13.1.7.4
1.6.32087.8.2.1.15.2.22
1.6.32097.8.2.1.6.4.15.4.8
1.6.32158.8.2.1.5
1.6.32246.8.2.1.1.1.17
1.6.32271.8.2.1.15.1.1
1.6.32369.8.2.1.2.1
1.6.32789.8.2.1.2.1
1.6.32800.8.2.1.1.1.1
1.6.32862.8.2.1.1.1.21.2
1.6.33025.8.2.1
1.6.33060.8.2.1.8.1.19
1.6.33092.8.2.1
1.6.33108.8.2.1
1.6.33218.8.2.1.6.1.2
1.6.33349.8.2.1.4.3.7.7
1.6.33493.8.2.1.6.7
1.6.33512.8.2.1.56.7.54
1.6.33541.8.2.1.2.2
1.6.33577.8.2.1.21
1.6.33602.8.2.1
1.6.33638.8.2.1
1.6.33689.8.2.1.7.3
1.6.33717.8.2.1.3.5.17.2
1.6.33742.8.2.1
1.6.33852.8.2.1.1.3.16
1.6.33866.8.2.1.5.1.28.5
1.6.33885.8.2.1.1.1.32
1.6.33961.8.2.1.3.2.1.5.21
1.6.33962.8.2.1.1
1.6.33991.8.2.1.6.4.4
1.6.34094.8.2.1.1.1
1.6.34095.8.2.1.2.2.6.1
1.6.34140.8.2.1.2.1.1.5.17
1.6.34174.8.2.1.7.3
1.6.34200.8.2.1.2.1
1.6.34353.8.2.1.7
1.6.34434.8.2.1
1.6.34474.8.2.1.1
1.6.34545.8.2.1.15.2.4.2.13.4
1.6.34557.8.2.1.6.1.2.1.1
1.6.34744.8.2.1.3
1.6.35013.8.2.1.8.4
1.6.35064.8.2.1.15.1
1.6.35197.8.2.1.7
1.6.35317.8.2.1
1.6.35510.8.2.1.11.3
1.6.35671.8.2.1.6.4.9.1
1.6.35699.8.2.1.25.1
1.6.35866.8.2.1.7.3.9
1.6.35904.8.2.1.5.2.6
1.6.36007.8.2.1
1.6.36009.8.2.1.18.7
1.6.36049.8.2.1.9
1.6.36079.8.2.1.1.1.1
1.6.36125.8.2.1.4.3.7.6
1.6.36162.8.2.1
1.6.36256.8.2.1.4.5
1.6.36409.8.2.1.14.7.12
1.6.36417.8.2.1.6.1.12
1.6.36616.8.2.1.2.2
1.6.36642.8.2.1.29
1.6.36761.8.2.1.2.1
1.6.36994.8.2.1.3.1
1.6.37008.8.2.1.3
1.6.37044.8.2.1.8.3.8
1.6.37061.8.2.1
1.6.37262.8.2.1.6.4
1.6.37286.8.2.1.6.10.12
1.6.37332.8.2.1.1.1.5
1.6.37338.8.2.1.14.1.1
1.6.37367.8.2.1
1.6.37395.8.2.1
1.6.37423.8.2.1.10.2.7
1.6.37659.8.2.1.2.2.5.2
1.6.37733.8.2.1.1
1.6.37766.8.2.1
1.6.37840.8.2.1
1.6.37900.8.2.1.21
1.6.38125.8.2.1
1.6.38362.8.2.1.10.2.40.3
1.6.38435.8.2.1.29.3.13
1.6.38437.8.2.1.31.5.19.6
1.6.38454.8.2.1.2.3.2
1.6.38532.8.2.1.4.6
1.6.38636.8.2.1.4.2.8.1.3
1.6.38669.8.2.1.27.4.6.2.4
1.6.38683.8.2.1.2.2
1.6.38697.8.2.1.38.1
1.6.38778.8.2.1.8.1
1.6.38898.8.2.1.12
1.6.38932.8.2.1.6.3
1.6.38992.8.2.1.21
1.6.39357.8.2.1.6.1.5
1.6.39453.8.2.1.4.6
1.6.39615.8.2.1.23.6.8
1.6.39724.8.2.1.4.3.15
1.6.39967.8.2.1.14.5.10
1.6.40048.8.2.1.10
1.6.40122.8.2.1.14.5.13
1.6.40158.8.2.1
1.6.40172.8.2.1.10.4
1.6.40245.8.2.1.3.3.10.2
1.6.40275.8.2.1.4
1.6.40325.8.2.1.14.2.11
1.6.40335.8.2.1.6.4.15.4.8
1.6.40396.8.2.1.5
1.6.40484.8.2.1.1.1.17
1.6.40509.8.2.1.15.1.1
1.6.40608.8.2.1.2.1
1.6.41035.8.2.1.1.1.1
1.6.41067.8.2.1.2.3
1.6.41115.8.2.1.1.1.27.2
1.6.41159.8.2.1.3.6.22.8.14.8
1.6.41253.8.2.1
1.6.41310.8.2.1
1.6.41345.8.2.1.8.1.19
1.6.41377.8.2.1
1.6.41393.8.2.1
1.6.41513.8.2.1.6.1.2
1.6.41635.8.2.1.2.2.4.2
1.6.41698.8.2.1.8.4
1.6.41711.8.2.1.2.2.7
1.6.41743.8.2.1.6.7
1.6.41775.8.2.1.5.1.1
1.6.41808.8.2.1.2.2
1.6.41849.8.2.1.6.1.2.2
1.6.41868.8.2.1
1.6.41905.8.2.1.4.2.8.1
1.6.41907.8.2.1.11.5
1.6.41997.8.2.1.3.5.17.2
1.6.42022.8.2.1
1.6.42143.8.2.1.5.1.54.5
1.6.42167.8.2.1.1.1.34
1.6.42242.8.2.1.4.1.3.1.1
1.6.42373.8.2.1.1.1
1.6.42374.8.2.1.2.2.6.1
1.6.42414.8.2.1.3
1.6.42460.8.2.1.4.3.7
1.6.42489.8.2.1.2.1
1.6.42676.8.2.1.7
1.6.42804.8.2.1.1
1.6.42887.8.2.1.12.2.4.2.13.4
1.6.42900.8.2.1.7.2.4
1.6.42928.8.2.1.2.1
1.6.43090.8.2.1.3
1.6.43382.8.2.1.8.1.5.4
1.6.43456.8.2.1.6.3.5.2.9
1.6.43502.8.2.1.6.1
1.6.43566.8.2.1.7
1.6.43658.8.2.1.9.1
1.6.43880.8.2.1.11.3
1.6.44058.8.2.1.25.1
1.6.44104.8.2.1.29.2
1.6.44210.8.2.1.7.3.9
1.6.44248.8.2.1.5.2.6
1.6.44361.8.2.1
1.6.44363.8.2.1.18.7
1.6.44397.8.2.1
1.6.44403.8.2.1.2.2.4
1.6.44432.8.2.1.5.1.40
1.6.44479.8.2.1.4.3.7.6
1.6.44489.8.2.1.13.2.4.1
1.6.44516.8.2.1
1.6.44780.8.2.1.8.1.5.2
1.6.44784.8.2.1.10.2.4
1.6.44982.8.2.1.9.6
1.6.45138.8.2.1.2.1
1.6.45367.8.2.1.3.1
1.6.45381.8.2.1.3
1.6.45417.8.2.1.8.3.8
1.6.45561.8.2.1
1.6.45626.8.2.1.8.3
1.6.45668.8.2.1.7.3.7
1.6.45680.8.2.1.6.3
1.6.45730.8.2.1.44.1.4.2
1.6.45736.8.2.1.10.2.7
1.6.45905.8.2.1
1.6.46046.8.2.1.1
1.6.46079.8.2.1
1.6.46212.8.2.1.6.1.1
1.6.46591.8.2.1.16.2
1.6.46701.8.2.1.21
1.6.46729.8.2.1.29.3.13
1.6.46732.8.2.1
1.6.46820.8.2.1.4.6
1.6.46908.8.2.1.1.4.14
1.6.46941.8.2.1.31.4.6.2.9
1.6.47073.8.2.1.2.1
1.6.47116.8.2.1
1.6.47183.8.2.1.12
1.6.47217.8.2.1.6.3
1.6.47283.8.2.1.21
1.6.47631.8.2.1.6.1.5
1.6.47727.8.2.1.4.6
1.6.47843.8.2.1.16
1.6.47951.8.2.1.4.3.15
1.6.48170.8.2.1
1.6.48214.8.2.1.10.3.4.2
1.6.48218.8.2.1.5.3.5.5.11
1.6.48260.8.2.1
1.6.48279.8.2.1.21
1.6.48353.8.2.1.14.5.13
1.6.48389.8.2.1
1.6.48403.8.2.1.10.4
1.6.48469.8.2.1.13.1.7.4
1.6.48548.8.2.1.15.2.22
1.6.48558.8.2.1.6.4.15.4.8
1.6.48715.8.2.1.20.1.3
1.6.48738.8.2.1.15.1.1
1.6.48836.8.2.1.2.1
1.6.49213.8.2.1.2.1
1.6.49224.8.2.1.1.1.1
1.6.49249.8.2.1.6
1.6.49331.8.2.1.3.6.22.8.14.6
1.6.49422.8.2.1
1.6.49479.8.2.1
1.6.49513.8.2.1.8.1.19
1.6.49545.8.2.1
1.6.49561.8.2.1
1.6.49681.8.2.1.6.1.2
1.6.49812.8.2.1.4.3.7.7
1.6.49889.8.2.1
1.6.49939.8.2.1.6.7
1.6.49958.8.2.1.56.7.48
1.6.49987.8.2.1.2.2
1.6.50022.8.2.1.2.2.8
1.6.50048.8.2.1
1.6.50084.8.2.1
1.6.50154.8.2.1.50.1.4
1.6.50156.8.2.1.57.1
1.6.50188.8.2.1
1.6.50296.8.2.1.1.3.16
1.6.50337.8.2.1.1.1.33
1.6.50425.8.2.1.4.1.3.1.1
1.6.50455.8.2.1.6.4.4
1.6.50548.8.2.1.1.1
1.6.50549.8.2.1.2.2.6.1
1.6.50589.8.2.1.3
1.6.50635.8.2.1.4.3.7
1.6.50664.8.2.1.2.1
1.6.50819.8.2.1.4.4.16
1.6.50926.8.2.1.1
1.6.50997.8.2.1.15.2.4.2.13.4
1.6.51010.8.2.1.7.2.4
1.6.51038.8.2.1.2.1
1.6.51207.8.2.1.3
1.6.51390.8.2.1.16.4.20
1.6.51472.8.2.1.8.4
1.6.51537.8.2.1.15.1
1.6.51665.8.2.1.8.1
1.6.51672.8.2.1.9
1.6.51690.8.2.1.5.4
1.6.51765.8.2.1.9.1
1.6.51799.8.2.1.9.3
1.6.52152.8.2.1.25.1
1.6.52198.8.2.1.29.2
1.6.52302.8.2.1.7.3.9
1.6.52340.8.2.1.5.2.6
1.6.52464.8.2.1.3.1.2.1.10.4
1.6.52502.8.2.1.10
1.6.52527.8.2.1.1.1.1
1.6.52620.8.2.1
1.6.52867.8.2.1.14.7.12
1.6.52873.8.2.1.1
1.6.53067.8.2.1.9.6
1.6.53080.8.2.1.24
1.6.53201.8.2.1.2.1
1.6.53315.8.2.1.26.3.4
1.6.53428.8.2.1.2.2
1.6.53442.8.2.1.9.2.6
1.6.53490.8.2.1.6.3.8
1.6.53513.8.2.1
1.6.53588.8.2.1.14.11.15.3
1.6.53652.8.2.1
1.6.53708.8.2.1
1.6.53734.8.2.1.6.7.9
1.6.53780.8.2.1.17.5.10.1.2
1.6.53792.8.2.1.25.1.1
1.6.53821.8.2.1
1.6.53849.8.2.1
1.6.53877.8.2.1.10.2.7
1.6.54045.8.2.1
1.6.54125.8.2.1.2.2.5.2
1.6.54199.8.2.1.1
1.6.54308.8.2.1
1.6.54364.8.2.1.20.1.1
1.6.54585.8.2.1
1.6.54748.8.2.1
1.6.54861.8.2.1
1.6.54867.8.2.1
1.6.54955.8.2.1.4.4
1.6.55018.8.2.1.9
1.6.55053.8.2.1.4.2.8.1.3
1.6.55084.8.2.1.31.4.6.2.9
1.6.55219.8.2.1.2.1
1.6.55329.8.2.1.12
1.6.55349.8.2.1.6.3
1.6.55412.8.2.1.21
1.6.55449.8.2.1.6.3.7.4
1.6.55759.8.2.1.4.1.27.1
1.6.55774.8.2.1.6.1.5
1.6.56011.8.2.1.19.8.10
1.6.56113.8.2.1.4.3.15
1.6.56291.8.2.1
1.6.56323.8.2.1.1
1.6.56362.8.2.1.10.3.4.2
1.6.56366.8.2.1.5.3.5.5.11
1.6.56420.8.2.1
1.6.56437.8.2.1.21
1.6.56505.8.2.1.14.5.13
1.6.56556.8.2.1.10.4
1.6.56631.8.2.1.3.3.10.2
1.6.56661.8.2.1.4
1.6.56711.8.2.1.14.2.11
1.6.56721.8.2.1.6.4.15.4.8
1.6.56833.8.2.1
1.6.56870.8.2.1.20.1.3
1.6.56893.8.2.1.15.1.1
1.6.57357.8.2.1.9.1.1.1
1.6.57433.8.2.1.2.1
1.6.57444.8.2.1.1.1.1
1.6.57526.8.2.1.15.2.1.1
1.6.57549.8.2.1.3.6.22.8.14.7
1.6.57600.8.2.1.7.1.2.2
1.6.57686.8.2.1
1.6.57723.8.2.1.8.1.19
1.6.57755.8.2.1
1.6.57771.8.2.1
1.6.57887.8.2.1.6.1.2
1.6.58018.8.2.1.4.3.7.7
1.6.58095.8.2.1
1.6.58145.8.2.1.6.7
1.6.58178.8.2.1.18.1.6
1.6.58210.8.2.1.9.5
1.6.58235.8.2.1.2.2.8
1.6.58261.8.2.1
1.6.58297.8.2.1
1.6.58365.8.2.1.7.1.6
1.6.58367.8.2.1.14.1
