1.1.1.2.28.1.8.3
1.1.1.99.14.5.24.14.5
1.1.1.106.13
1.1.1.183.11.1.20.4.3
1.1.1.184.19.1.25.11
1.1.1.291.11.1.4.8
1.1.1.306.8.3.12.5
1.1.1.329.5.1.3.1.1.1.4
1.1.1.560.5.1
1.1.1.579.22.1.9.4
1.1.1.589.5.1
1.1.1.654.5.1.2.1.2
1.1.1.720.5.1.2.1
1.1.1.836.15.2.7.5
1.1.1.941.6
1.1.1.957.16.3.4
1.1.1.1020.13.2.13.2.12
1.1.1.1022.16.2.20.1.2.8
1.1.1.1053.26.4.5.11.1.1.8.22
1.1.1.1126.12.1.5
1.1.1.1185.41.2.56.17.9
1.1.1.1201.22.5.8
1.1.1.1240.5.1
1.1.1.1250.5.1.10.1
1.1.1.1433.5.1.4.11.15
1.1.1.1434.5.1.7
1.1.1.1520.5.1.2.1
1.1.1.1600.5.1.8.16.25
1.1.1.1637.17.3
1.1.1.1659.11.2.4.1.2
1.1.1.1676.14.1.9
1.1.1.1731.17.1.19.2
1.1.1.1843.5.1.3.8
1.1.1.1885.5.1.7.1
1.1.1.1915.14.3.8.3
1.1.1.1917.5.1.3.3.47
1.1.1.1950.10.1.16
1.1.1.1959.5.1.2.1.2
1.1.1.2010.12.1.4
1.1.1.2014.9.2.4.2
1.1.1.2033.5.1.28.1.3
1.1.1.2057.11.1.24
1.1.1.2138.15.3.9.4.6
1.1.1.2333.5.1.1
1.1.1.2369.11.2.12.12
1.1.1.2391.21.2.15.6.6.1.3
1.1.1.2459.5.1.27.8
1.1.1.2470.5.1.1.2.21.2
1.1.1.2478.5.1.1.6.16.2
1.1.1.2490.17.3.9.5.2
1.1.1.2596.17.2.4
1.1.1.2598.5.1.4
1.1.1.2619.28
1.1.1.2658.5.1.3.2
1.1.1.2671.3
1.1.1.2702.9.1.21
1.1.1.2710.5.1.10.6.19.10.22
1.1.1.2745.5.1.2.1
1.1.1.2857.9.1.4.4
1.1.1.2900.10.1.12.9
1.1.1.2938.58.2.4
1.1.1.3012.5.1.3.1
1.1.1.3038.5.1.2
1.1.1.3094.3
1.1.1.3116.21.2.16.9.5
1.1.1.3209.14
1.1.1.3213.5.1.5
1.1.1.3232.5.1.3.3
1.1.1.3288.12.1.4.2.9
1.1.2.3338.24.2.12
1.1.2.3419.5.1.3.18.6.2
1.1.2.3421.5.1.3
1.1.2.3437.5.1.6.4.10
1.1.2.3495.37.2
1.1.2.3592.14.1.4.1.1
1.1.2.3598.19.2
1.1.2.3629.13.1.6.21.27
1.1.2.3645.5.1.3.1
1.1.2.3658.6
1.1.2.3684.12
1.1.2.3783.5.1
1.1.2.3784.5.1.1.1.9
1.1.2.3878.16.2
1.1.2.3963.9.1.4
1.1.2.3987.26.3.34
1.1.2.4012.5.1.4.4.15.2.6
1.1.2.4044.5.1.4.3.7.1.1
1.1.2.4115.24.2.17.7.15.1
1.1.2.4131.3
1.1.2.4141.5.1.1
1.1.2.4459.5.1
1.1.2.4475.5.1
1.1.2.4482.5.1.1.3
1.1.2.4500.5.1.1.1
1.1.2.4539.33.5.12
1.1.2.4695.10.3.12.18
1.1.2.4777.19.1.9
1.1.2.4804.9.1.4
1.1.2.4812.34.1.8.7
1.1.2.4815.3
1.1.2.4957.41.2.29.22.25.3.42.7
1.1.2.4973.9.1.4.2
1.1.2.4978.9.1.9.4
1.1.2.5028.19.1.8
1.1.2.5152.26
1.1.2.5174.3
1.1.2.5244.9.1.4
1.1.2.5263.26.2.5.3.8
1.1.2.5287.14.2.12.9.8.4
1.1.2.5299.28.3.17
1.1.2.5322.5.1.7.2
1.1.2.5343.14.3.7.4
1.1.2.5533.5.1.3.3.10.1.9
1.1.2.5546.5.1.22.13
1.1.2.5548.5.1.31
1.1.2.5681.8.3.12.5
1.1.2.5710.17.1.22.6
1.1.2.5861.5.1.2.1
1.1.2.5875.5.1.30.1.4.3
1.1.2.5951.5.1
1.1.2.5970.22.1.9.4
1.1.2.5980.5.1
1.1.2.6034.6
1.1.2.6110.5.1.2.1
1.1.2.6274.5.1.18
1.1.2.6325.6
1.1.2.6341.16.3.4
1.1.2.6445.5.1.7.1.40.7
1.1.2.6593.22.5.8
1.1.2.6629.21.4.12
1.1.2.6765.16.4.18.1.4.1
1.1.2.6795.5.1.6.1.3.2
1.1.2.6795.11.1.4
1.1.2.6810.49.2.5.37.17
1.1.2.6889.5.1.2.1
1.1.2.6969.5.1.8.16.25
1.1.2.7006.17.3
1.1.2.7028.11.2.4.1.2
1.1.2.7044.14.1.9
1.1.2.7104.17.1.19.2
1.1.2.7227.5.1.3.8
1.1.2.7269.5.1.7.1
1.1.2.7296.3
1.1.2.7319.5.1.4.1.2.6.11
1.1.2.7346.5.1.2.1.2
1.1.2.7397.12.1.4
1.1.2.7401.9.2.4.2
1.1.2.7420.5.1.28.1.3
1.1.2.7526.15.3.9.4.6
1.1.2.7720.5.1.8.1.24.1.33
1.1.2.7728.3
1.1.2.7735.10.6.8
1.1.2.7767.31.2.4.15
1.1.2.7790.21.2.15.6.6.1.3
1.1.2.7863.5.1.3.2.26.2
1.1.2.7867.10.1.12
1.1.2.7870.22.2.9.7
1.1.2.7887.17.3.9.5.2
1.1.2.7976.14.3.22.8
1.1.2.7994.17.2.4
1.1.2.7996.5.1.4
1.1.2.8017.28
1.1.2.8061.5.1.3.2
1.1.2.8074.3
1.1.2.8105.9.1.21
1.1.2.8113.5.1.10.6.19.10.22
1.1.2.8192.23.1.29.8
1.1.2.8249.9.1.4.4
1.1.2.8295.26.1.4.13
1.1.2.8332.58.2.4
1.1.2.8406.5.1.3.1
1.1.2.8432.5.1.2
1.1.2.8488.3
1.1.2.8510.21.2.16.9.5
1.1.2.8690.5.1.1.1.15.2
1.1.2.8771.18.2.12.3
1.1.2.8818.5.1.3.16.5.2
1.1.2.8820.5.1.3
1.1.2.8836.5.1.6.4.10
1.1.2.8886.5.1
1.1.2.8899.37.2
1.1.2.8943.5.1.13.8.12.1
1.1.2.8998.14.1.4.1.1
1.1.2.9004.19.2
1.1.2.9206.5.1
1.1.2.9207.5.1.1.1.9
1.1.2.9268.9.1.7.5
1.1.2.9310.16.2
1.1.2.9388.10.2.10
1.1.2.9435.5.1.4.4.15.2.6
1.1.2.9452.14.1.4.10
1.1.2.9550.24.2.17.7.15.1
1.1.2.9566.3
1.1.2.9576.5.1.1
1.1.2.9638.56.2.11.13.14.3.24
1.1.2.9747.9.1.7.6
1.1.2.9901.10.1.5.3
1.1.2.9917.11.1.7.5
1.1.2.9988.33.5.12
1.1.2.10197.16.2
1.1.2.10245.5.1
1.1.2.10278.9.1.4
1.1.2.10286.34.1.8.7
1.1.2.10289.3
1.1.2.10428.41.2.29.22.25.3.14.3
1.1.2.10453.14.3.9.7
1.1.2.10544.15.3.6.1
1.1.2.10654.3
1.1.2.10720.9.1.4
1.1.2.10739.26.2.5.3.8
1.1.2.10763.14.2.12.9.8.4
1.1.2.10809.5.1.7.2
1.1.2.10823.5.1.6.3.3.2
1.1.2.10949.17.1.4
1.1.2.11048.11.1.20.4.3
1.1.2.11049.19.1.25.11
1.1.2.11108.17.2.10.7
1.1.2.11110.15.3.10.4.7.2
1.1.2.11152.5.1.3.2.5.1.4
1.1.2.11178.8.3.12.5
1.1.2.11201.5.1.3.1.1.1.4
1.1.2.11439.5.1
1.1.2.11458.22.1.9.4
1.1.2.11468.5.1
1.1.2.11540.5.1.2.1.2
1.1.2.11606.5.1.2.1
1.1.2.11751.5.1.18
1.1.2.11809.13.2.6.11.2.1.16.9
1.1.2.11814.9.1.10.2
1.1.2.11863.13.2.13.2.12
1.1.2.11865.16.2.20.1.2.8
1.1.2.11900.5.1.7.1.15.2
1.1.2.11971.5.1.6.3.18.5
1.1.2.12029.41.2.56.17.9
1.1.2.12045.22.5.8
1.1.2.12082.22.1.7.31.12.1
1.1.2.12262.44.1.4.26
1.1.2.12263.49.2.5.28.18
1.1.2.12350.5.1.2.1
1.1.2.12429.5.1.8.16.25
1.1.2.12465.17.3
1.1.2.12486.12.3.4.6.4
1.1.2.12505.14.1.9
1.1.2.12553.17.1.19.2
1.1.2.12674.5.1.3.8
1.1.2.12717.26.2
1.1.2.12728.23.2
1.1.2.12751.3
1.1.2.12790.5.1.2.1.2
1.1.2.12839.67.1.16
1.1.2.12844.5.1.17
1.1.2.12854.5.1.19.2
1.1.2.12946.15.3.9.4.6
1.1.2.13174.5.1.36
1.1.2.13279.5.1.21.7
1.1.2.13290.5.1.1.2.5.2
1.1.2.13298.5.1.1.6.16.2
1.1.2.13310.17.3.9.5.2
1.1.2.13397.5.1.2
1.1.2.13491.10.2.13.7
1.1.2.13526.5.1.2.1
1.1.2.13550.11.1.12
1.1.2.13585.8.1.15.4
1.1.2.13637.9.1.4.4
1.1.2.13683.26.1.4.13
1.1.2.13723.58.2.4
1.1.2.13804.5.1.3.1
1.1.2.13830.5.1.2
1.1.2.13886.3
1.1.2.13908.21.2.16.9.5
1.1.2.14084.5.1.11.1.26.1.1.21
1.1.2.14152.5.1.4.20
1.1.2.14271.5.1
1.1.2.14284.37.2
1.1.2.14377.5.1.5.16
1.1.2.14460.22.2
1.1.2.14473.6
1.1.2.14508.12
1.1.2.14605.5.1.28
1.1.2.14697.16.2
1.1.2.14757.10.2.10
1.1.2.14780.26.3.34
1.1.2.14805.5.1.4.4.15.2.6
1.1.2.14822.14.1.4.10
1.1.2.14922.10.2.4.18.21
1.1.2.14941.3
1.1.2.14951.5.1.1
1.1.2.15019.56.2.11.13.14.3.24
1.1.2.15062.11.1.5
1.1.2.15129.9.1.7.6
1.1.2.15263.5.1
1.1.2.15286.10.1.5.3
1.1.3.15364.33.5.12
1.1.3.15439.5.1
1.1.3.15576.16.2
1.1.3.15665.32.1.13.13
1.1.3.15809.5.1.26.4.47.2
1.1.3.15828.14.3.5
1.1.3.15832.5.1.3.11.12
1.1.3.15999.14
1.1.3.16021.3
1.1.3.16091.19.3.8.35
1.1.3.16117.14.2.12.9.8.4
1.1.3.16129.28.3.17
1.1.3.16156.5.1
1.1.3.16177.14.3.7.4
1.1.3.16256.5.1.4.2.7
1.1.3.16301.14.5.24.14.5
1.1.3.16308.13
1.1.3.16385.11.1.20.4.3
1.1.3.16386.19.1.25.11
1.1.3.16515.8.3.12.5
1.1.3.16538.5.1.3.1.1.1.4
1.1.3.16697.25.2.14.1.3.3
1.1.3.16784.5.1.1.1.6
1.1.3.16864.5.1.5
1.1.3.16933.5.1.2.1
1.1.3.17130.6
1.1.3.17146.16.3.4
1.1.3.17244.21.3.23.8.32
1.1.3.17416.22.1.7.13.44.1
1.1.3.17621.5.1.7
1.1.3.17776.12.2.8
1.1.3.17789.5.1.8.16.25
1.1.3.17845.20.2.4.2
1.1.3.17915.20.1.17.7
1.1.3.18032.5.1.3.8
1.1.3.18075.26.2
1.1.3.18086.23.2
1.1.3.18109.3
1.1.3.18131.5.1.8.3.8
1.1.3.18134.5.1.1.1
1.1.3.18152.5.1.23.2
1.1.3.18157.10.1.16
1.1.3.18166.5.1.2.1.2
1.1.3.18217.12.1.4
1.1.3.18221.9.2.4.2
1.1.3.18346.15.3.9.4.6
1.1.3.18537.5.1.8.1.24.1.36
1.1.3.18545.3
1.1.3.18552.10.6.8
1.1.3.18584.31.2.4.15
1.1.3.18607.21.2.15.6.6.1.3
1.1.3.18676.5.1.27.8
1.1.3.18711.10.1.18.8
1.1.3.18815.5.1.2
1.1.3.18900.9.1.21
1.1.3.18908.5.1.10.6.19.10.14
1.1.3.18941.15.3.9
1.1.3.19004.8.1.15.4
1.1.3.19056.9.1.4.4
1.1.3.19099.10.1.12.9
1.1.3.19119.18.2.7.1
1.1.3.19137.27.2.4
1.1.3.19209.5.1.3.1
1.1.3.19235.5.1.2
1.1.3.19291.3
1.1.3.19313.21.2.16.9.5
1.1.3.19458.5.1.3.3
1.1.3.19511.26.1.12.6
1.1.3.19534.5.1.1.1
1.1.3.19710.5.1
1.1.3.19724.37.2
1.1.3.19772.26.2.12.1.2.2
1.1.3.19827.14.1.4.1.1
1.1.3.19833.19.2
1.1.3.19896.22.2
1.1.3.19909.6
1.1.3.19935.12
1.1.3.20031.5.1
1.1.3.20032.5.1.1.1.9
1.1.3.20128.16.2
1.1.3.20156.19.1.4.10
1.1.3.20187.10.2.10
1.1.3.20240.5.1.3
1.1.3.20253.14.1.4.9
1.1.3.20514.11.1.5
1.1.3.20722.5.1
1.1.3.20745.10.1.5.3
1.1.3.20761.11.1.7.5
1.1.3.20832.33.5.12
1.1.3.20965.5.1.2.1.1.1
1.1.3.21035.16.2
1.1.3.21128.32.1.13.13
1.1.3.21296.14.3.5
1.1.3.21300.5.1.3.11.12
1.1.3.21331.23.2
1.1.3.21385.15.3.6.1
1.1.3.21469.26
1.1.3.21491.3
1.1.3.21558.5.1.3.1.4.2
1.1.3.21565.5.1.1.1.5
1.1.3.21603.5.1.2
1.1.3.21627.5.1
1.1.3.21643.5.1.6.3.3.2
1.1.3.21774.14.5.24.14.5
1.1.3.21781.13
1.1.3.21858.11.1.20.4.3
1.1.3.21859.19.1.25.11
1.1.3.21965.11.1.4.8
1.1.3.21980.8.3.12.5
1.1.3.22002.5.1.11
1.1.3.22157.5.1
1.1.3.22193.5.1.12.20
1.1.3.22195.16.2.8.2
1.1.3.22248.5.1
1.1.3.22263.11.1.4.5
1.1.3.22340.5.1.2.1.2
1.1.3.22406.5.1.2.1
1.1.3.22543.17.4.6.8
1.1.3.22544.27.2.6
1.1.3.22553.19.3.8.18
1.1.3.22556.15.5.19
1.1.3.22683.13.2.13.2.12
1.1.3.22685.16.2.20.1.2.8
1.1.3.22720.5.1.7.1.15.2
1.1.3.22897.22.5.8
1.1.3.22934.5.1
1.1.3.22985.3
1.1.3.23001.5.1.4.3.9.6
1.1.3.23135.5.1.7
1.1.3.23289.12.2.8
1.1.3.23302.5.1.8.16.25
1.1.3.23356.12.3.4.6.4
1.1.3.23387.8.3.8
1.1.3.23418.10.1.10.6
1.1.3.23537.5.1.3.8
1.1.3.23579.5.1.7.1
1.1.3.23603.3
1.1.3.23625.5.1.8.3.8
1.1.3.23628.5.1.1.1
1.1.3.23644.5.1.23.2
1.1.3.23649.10.1.16
1.1.3.23658.5.1.2.1.2
1.1.3.23707.67.1.16
1.1.3.23712.5.1.17
1.1.3.23831.15.3.9.4.6
1.1.3.24022.5.1.1
1.1.3.24058.11.2.12.12
1.1.3.24080.21.2.15.6.6.1.3
1.1.3.24152.5.1.3.2.26.2
1.1.3.24156.10.1.12
1.1.3.24159.22.2.9.7
1.1.3.24381.9.1.21
1.1.3.24389.5.1.10.6.19.7.15
1.1.3.24416.14.4
1.1.3.24483.8.1.15.4
1.1.3.24534.9.1.4.4
1.1.3.24580.22.2.20.1.1
1.1.3.24597.9.1.9
1.1.3.24616.58.2.4
1.1.3.24707.14.3.31.6.18.7.46
1.1.3.24765.3
1.1.3.24791.14.2.6.5
1.1.3.24968.18.3.27
1.1.3.25045.18.2.12.3
1.1.3.25098.5.1.3.18.6.2
1.1.3.25100.5.1.3
1.1.3.25116.5.1.6.4.10
1.1.3.25162.5.1
1.1.3.25175.37.2
1.1.3.25226.5.1.13.8.12.1
1.1.3.25281.14.1.4.1.1
1.1.3.25287.19.2
1.1.3.25350.22.2
1.1.3.25363.6
1.1.3.25389.12
1.1.3.25480.5.1
1.1.3.25481.5.1.1.1.9
1.1.3.25577.16.2
1.1.3.25641.10.2.10
1.1.3.25694.5.1.3
1.1.3.25707.14.1.4.9
1.1.3.25808.24.2.17.7.15.1
1.1.3.25824.3
1.1.3.25834.5.1.1
1.1.3.25896.56.2.11.13.14.3.24
1.1.3.26124.5.1
1.1.3.26147.10.1.5.3
1.1.3.26163.11.1.7.5
1.1.3.26234.33.5.12
1.1.3.26450.16.2
1.1.3.26539.32.1.13.13
1.1.3.26682.13.1.4.18.45
1.1.3.26701.14.3.5
1.1.3.26705.5.1.3.11.12
1.1.3.26736.23.2
1.1.3.26877.14.1.6.3
1.1.3.26886.38.1.4.4
1.1.3.26899.14.3.6.4.22.4
1.1.3.26901.5.1.4
1.1.3.26968.19.3.8.35
1.1.3.27009.28.3.17
1.1.3.27034.5.1.7.2
1.1.3.27048.5.1.6.3.3.2
1.1.3.27262.11.1.20.4.3
1.1.3.27263.19.1.25.11
1.1.3.27329.17.2.10.7
1.1.3.27331.15.3.10.4.7.2
1.1.3.27382.14.2.19.1.7
1.1.3.27397.8.3.12.5
1.1.3.27426.17.1.22.6
1.1.3.27584.11.1.4
1.1.3.27624.5.1.12.20
1.1.3.27626.16.2.8.2
1.1.3.27679.5.1
1.1.3.27698.22.1.9.4
1.1.3.27708.5.1
1.1.3.27777.5.1.2.1.2
1.1.3.27843.5.1.2.1
1.1.3.27901.8.3.4
1.1.3.28149.5.1.7.1.8.5
1.1.3.28314.22.5.8
1.1.3.28352.22.1.7.23.17.1
1.1.3.28494.16.4.18.1.4.1
1.1.4.46.5.1.9
1.1.4.92.25.2.14.1
1.1.4.203.12.2.8
1.1.4.216.5.1.8.16.25
1.1.4.253.17.3
1.1.4.273.12.3.4.6.4
1.1.4.292.14.1.9
1.1.4.353.35.1.15.41
1.1.4.460.5.1.3.8
1.1.4.502.5.1.7.1
1.1.4.530.3
1.1.4.553.5.1.4.1.2.6.11
1.1.4.556.32.4.10.1
1.1.4.575.3
1.1.4.583.5.1.2
1.1.4.632.67.1.16
1.1.4.637.5.1.17
1.1.4.745.15.3.9.4.6
1.1.4.785.5.1.4
1.1.4.935.5.1.1
1.1.4.971.11.2.12.12
1.1.4.993.21.2.15.6.6.1.3
1.1.4.1067.5.1.21.7
1.1.4.1078.5.1.1.2.5.2
1.1.4.1086.5.1.1.6.16.2
1.1.4.1204.17.2.4
1.1.4.1206.5.1.4
1.1.4.1227.28
1.1.4.1320.5.1.6
1.1.4.1350.16.2.9.1.1
1.1.4.1361.15.2.6.1
1.1.4.1365.17.5.8
1.1.4.1413.23.1.29.8
1.1.4.1471.9.1.4.4
1.1.4.1514.15.1.14
1.1.4.1537.18.2.7.1
1.1.4.1558.58.2.4
1.1.4.1634.5.1.3.1
1.1.4.1660.5.1.2
1.1.4.1742.5.1.8.1.2.1.8.7
1.1.4.1915.18.3.27
1.1.4.1992.18.2.12.3
1.1.4.2046.5.1.3.18.6.2
1.1.4.2048.5.1.3
1.1.4.2064.5.1.6.4.10
1.1.4.2110.5.1
1.1.4.2123.37.2
1.1.4.2219.14.1.4.1.1
1.1.4.2225.19.2
1.1.4.2288.22.2
1.1.4.2301.6
1.1.4.2327.12
1.1.4.2425.5.1.28
1.1.4.2524.16.2
1.1.4.2598.10.2.10
1.1.4.2619.5.1.6
1.1.4.2629.17.1.23.23
1.1.4.2650.5.1.4.4.15.2.6
1.1.4.2667.14.1.4.10
1.1.4.2927.11.1.5
1.1.4.2993.26.5.8.15.13.9.28
1.1.4.3142.5.1
1.1.4.3160.5.1.1.1
1.1.4.3199.33.5.12
1.1.4.3269.17.1.18
1.1.4.3379.5.1.18.6
1.1.4.3454.5.1
1.1.4.3460.8.1.4
1.1.4.3492.32.1.13.13
1.1.4.3649.5.1.1.1.26.2
1.1.4.3671.14.3.5
1.1.4.3675.5.1.3.11.21
1.1.4.3869.3
1.1.4.3952.26.2.5.3.16
1.1.4.3976.14.2.12.9.8.4
1.1.4.3988.28.3.17
1.1.4.4011.5.1.7.2
1.1.4.4025.5.1.6.3.3.2
1.1.4.4159.14.5.24.14.5
1.1.4.4166.13
1.1.4.4243.11.1.20.4.3
1.1.4.4244.19.1.25.11
1.1.4.4278.27.4.23.13.9.3
1.1.4.4304.17.2.10.7
1.1.4.4306.15.3.10.4.7.2
1.1.4.4352.11.1.4.8
1.1.4.4367.8.3.12.5
1.1.4.4396.17.1.22.6
1.1.4.4660.5.1
1.1.4.4675.11.1.4.5
1.1.4.4812.5.1.2.1
1.1.4.4950.5.1.18
1.1.4.5002.9.1.11
1.1.4.5108.5.1.7.1.8.5
1.1.4.5307.5.1
1.1.4.5358.3
1.1.4.5374.5.1.4.3.9.6
1.1.4.5506.13.2.10
1.1.4.5594.5.1.2.1
1.1.4.5667.31.3.26.2
1.1.4.5682.17.1.13.7
1.1.4.5711.5.1
1.1.4.5746.12.3.4.5.3
1.1.4.5765.14.1.9
1.1.4.5823.36.1.15.10
1.1.4.5935.5.1.8.6
1.1.4.5977.5.1.7.1
1.1.4.6007.14.3.8.3
1.1.4.6009.5.1.3.3.47
1.1.4.6042.10.1.16
1.1.4.6051.5.1.2.1.2
1.1.4.6102.12.1.4
1.1.4.6106.9.2.4.2
1.1.4.6213.15.3.9.4.6
1.1.4.6253.5.1.4
1.1.4.6389.5.1.4.1.8
1.1.4.6424.5.1.36
1.1.4.6452.21.2.15.6.6.1.3
1.1.4.6532.14.1.5.4.1
1.1.4.6547.8.3.4
1.1.4.6551.5.1.1.1.10
1.1.4.6659.17.2.4
1.1.4.6661.5.1.4
1.1.4.6682.28
1.1.4.6760.9.1.21
1.1.4.6768.5.1.10.6.19.10.22
1.1.4.6868.5.1.1.1.11
1.1.4.6960.22.1.30.17
1.1.4.6978.18.2.7.1
1.1.4.6996.27.2.4
1.1.4.7099.14.3.31.6.18.7.17
1.1.4.7181.5.1.4.1.1.4.19.39
1.1.4.7423.18.2.12.3
1.1.4.7468.5.1.3.16.5.2
1.1.4.7470.5.1.3
1.1.4.7486.5.1.6.4.10
1.1.4.7532.5.1
1.1.4.7546.37.2
1.1.4.7602.9.1.43
1.1.4.7620.5.1
1.1.4.7697.22.2
1.1.4.7710.6
1.1.4.7736.12
1.1.4.7828.5.1.2.7.16.1
1.1.4.7828.5.1.3.1.4
1.1.4.7837.17.2.5.3.22.1
1.1.4.7997.48.2.9.4
1.1.4.8026.5.1.9.2.13.2.5
1.1.4.8069.5.1.4.4.15.2.6
1.1.4.8102.5.1.4.3.7.1.1
1.1.4.8171.10.2.4.18.21
1.1.4.8190.3
1.1.4.8200.5.1.1
1.1.4.8263.56.2.11.13.14.3.24
1.1.4.8392.21.2
1.1.4.8528.5.1
1.1.4.8544.5.1
1.1.4.8551.5.1.1.3
1.1.4.8569.5.1.1.1
1.1.4.8608.33.5.12
1.1.4.8748.5.1.2.1.1.1
1.1.4.8899.32.1.13.13
1.1.4.9049.41.2.29.22.25.3.42.15
1.1.4.9074.14.3.9.7
1.1.4.9256.26
1.1.4.9278.3
1.1.4.9356.26.2.5.3.16
1.1.4.9380.14.2.12.9.8.4
1.1.4.9418.5.1
1.1.4.9434.5.1.6.3.3.2
1.1.4.9628.5.1.3.3.10.1.9
1.1.4.9641.5.1.22.13
1.1.4.9643.5.1.31
1.1.4.9751.14.2.19.1.7
1.1.4.9766.8.3.12.5
1.1.4.9788.5.1.11
1.1.4.9939.5.1
1.1.4.9966.17.1.5
1.1.4.10021.5.1
1.1.4.10040.22.1.9.4
1.1.4.10050.5.1
1.1.4.10115.5.1.2.1.2
1.1.4.10179.5.1.2.1
1.1.4.10318.5.1.18
1.1.4.10370.22.3.5.5.2.1.2.8
1.1.4.10424.13.2.13.2.12
1.1.4.10426.16.2.20.1.2.8
1.1.4.10457.26.4.5.11.1.1.8.12
1.1.4.10623.22.5.8
1.1.4.10661.5.1
1.1.4.10671.5.1.10.1
1.1.4.10836.5.1.6.1.3.2
1.1.4.10836.11.1.4
1.1.4.10851.49.2.5.37.17
1.1.4.11025.5.1.8.16.25
1.1.4.11062.17.3
1.1.4.11085.20.2.4.2
1.1.4.11155.36.1.15.10
1.1.4.11281.5.1.8.6
1.1.4.11323.5.1.7.1
1.1.4.11350.3
1.1.4.11372.5.1.8.3.8
1.1.4.11375.5.1.1.1
1.1.4.11393.5.1.23.2
1.1.4.11398.10.1.16
1.1.4.11407.5.1.2.1.2
1.1.4.11458.12.1.4
1.1.4.11462.9.2.4.2
1.1.4.11578.15.3.9.4.6
1.1.4.11773.5.1.1
1.1.4.11809.11.2.12.12
1.1.4.11831.21.2.15.6.6.1.3
1.1.4.11899.5.1.21.7
1.1.4.11910.5.1.1.2.5.2
1.1.4.11918.5.1.1.6.16.2
1.1.4.12128.5.1.10.6.20.5.16
1.1.4.12158.16.2.9.1.1
1.1.4.12169.15.2.6.1
1.1.4.12223.8.1.15.4
1.1.4.12275.9.1.4.4
1.1.4.12324.5.1.13
1.1.4.12341.18.2.7.1
1.1.4.12362.58.2.4
1.1.4.12438.5.1.3.1
1.1.4.12464.5.1.2
1.1.4.12520.3
1.1.4.12546.14.2.6.5
1.1.4.12721.18.3.27
1.1.4.12798.18.2.12.3
1.1.4.12845.5.1.3.16.5.2
1.1.4.12847.5.1.3
1.1.4.12863.5.1.6.4.10
1.1.4.12921.37.2
1.1.4.12965.5.1.13.8.12.1
1.1.4.13020.14.1.4.1.1
1.1.4.13026.19.2
1.1.4.13057.13.1.6.21.27
1.1.4.13074.5.1
1.1.4.13209.5.1
1.1.4.13210.5.1.1.1.9
1.1.4.13304.16.2
1.1.4.13370.10.2.10
1.1.4.13418.5.1.4.4.15.2.6
1.1.4.13449.5.1.4.3.7.1.1
1.1.4.13675.11.1.5
1.1.4.13752.9.1.7.6
1.1.4.13851.14.2.6.3.10
1.1.4.13911.10.1.5.3
1.1.4.13927.11.1.7.5
1.1.4.13990.33.5.12
1.1.4.14142.10.3.12.18
1.1.4.14191.16.2
1.1.4.14239.5.1
1.1.4.14277.32.1.13.13
1.1.4.14423.9.1.4.1.7
1.1.4.14441.14.3.5
1.1.4.14445.5.1.3.11.12
1.1.4.14628.14.1.6.3
1.1.4.14637.38.1.4.4
1.1.4.14650.14.3.6.4.22.4
1.1.4.14652.5.1.4
1.1.4.14727.19.3.8.35
1.1.4.14753.14.2.12.9.8.4
1.1.4.14765.28.3.17
1.1.4.14793.14.2
1.1.4.14812.5.1.6.3.3.2
1.1.4.14905.5.1.4.2.7
1.1.4.15036.11.1.20.4.3
1.1.4.15037.19.1.25.11
1.1.4.15096.17.2.10.7
1.1.4.15098.15.3.10.4.7.2
1.1.4.15140.5.1.3.2.5.1.4
1.1.4.15166.8.3.12.5
1.1.4.15189.5.1.3.1.1.1.4
1.1.4.15293.5.1.1.1.3.2
1.1.4.15409.5.1
1.1.4.15424.11.1.4.5
1.1.4.15502.5.1.2.1.2
1.1.4.15568.5.1.2.1
1.1.4.15681.5.1.2.1
1.1.4.15713.17.4.6.8
1.1.4.15714.27.2.6
1.1.4.15723.19.3.8.18
1.1.4.15726.15.5.19
1.1.4.15783.13.2.6.11.2.1.16.16
1.1.4.15788.9.1.10.2
1.1.4.15847.13.2.13.2.12
1.1.4.15849.16.2.20.1.2.8
1.1.4.15884.5.1.7.1.15.2
1.1.4.16010.41.2.56.17.9
1.1.4.16057.5.1
1.1.4.16067.5.1.10.1
1.1.4.16201.16.4.18.1.4.1
1.1.4.16246.5.1.2.6.7.2.6
1.1.4.16247.5.1.4
1.1.4.16398.5.1.8.16.25
1.1.4.16434.17.3
1.1.4.16457.20.2.4.2
1.1.4.16639.5.1.3.8
1.1.4.16682.26.2
1.1.4.16693.23.2
1.1.4.16732.5.1.4.1.2.2.3
1.1.4.16765.5.1.2.1.2
1.1.4.16816.12.1.4
1.1.4.16820.9.2.4.2
1.1.4.16839.5.1.28.1.3
1.1.4.16933.15.3.9.4.6
1.1.4.17110.5.1.4.1.8
1.1.4.17145.5.1.36
1.1.4.17173.21.2.15.6.6.1.3
1.1.4.17248.5.1.21.7
1.1.4.17259.5.1.1.2.5.2
1.1.4.17271.8.3.4
1.1.4.17275.5.1.1.1.10
1.1.4.17374.17.2.4
1.1.4.17376.5.1.4
1.1.4.17397.28
1.1.4.17485.10.2.13.7
1.1.4.17517.5.1.9.1.2.1
1.1.4.17642.9.1.4.4
1.1.4.17688.5.1.1.21.32.6.25
1.1.4.17720.58.2.4
1.1.4.17798.5.1.3.1
1.1.4.17824.5.1.2
1.1.4.17880.3
1.1.4.17902.21.2.16.9.5
1.1.4.18082.18.3.27
1.1.4.18159.18.2.12.3
1.1.4.18273.5.1
1.1.4.18286.37.2
1.1.4.18386.14.1.4.1.1
1.1.4.18392.19.2
1.1.4.18423.13.1.6.21.27
1.1.4.18444.17.2.8.3.5.1
1.1.4.18457.6
1.1.4.18483.12
1.1.4.18574.5.1
1.1.4.18575.5.1.1.1.9
1.1.4.18756.10.2.10
1.1.4.18777.5.1.6
1.1.4.18807.5.1.4.4.15.2.6
1.1.4.18838.5.1.4.3.7.1.1
1.1.4.18904.20.1.12
1.1.4.18920.3
1.1.4.18930.5.1.1
1.1.4.19240.5.1
1.1.4.19263.10.1.5.3
1.1.4.19279.11.1.7.5
1.1.4.19342.33.5.12
1.1.4.19507.10.3.12.18
1.1.4.19587.5.1
1.1.4.19620.9.1.4
1.1.4.19628.34.1.8.7
1.1.4.19631.3
1.1.4.19788.21.1.9.2.29
1.1.4.19811.9.1.4.2
1.1.4.19816.9.1.9.4
1.1.4.20014.3
1.1.4.20090.19.3.8.35
1.1.4.20136.5.1.2
1.1.4.20165.5.1.7.2
1.1.4.20179.5.1.6.3.3.2
1.1.4.20304.14.5.24.14.5
1.1.4.20311.13
1.1.4.20388.11.1.20.4.3
1.1.4.20389.19.1.25.11
1.1.4.20500.11.1.4.8
1.1.4.20515.8.3.12.5
1.1.4.20538.33.2.7.1.2.1.47
1.1.4.20669.5.1.1.1.3.2
1.1.4.20698.5.1.4.7
1.1.4.20802.22.1.9.4
1.1.4.20812.5.1
1.1.4.20877.5.1.2.1.2
1.1.4.20946.5.1.2.1
1.1.4.21103.5.1.18
1.1.4.21161.13.2.6.11.2.1.16.8
1.1.4.21166.9.1.10.2
1.1.4.21220.9.2.4.4
1.1.4.21261.5.1.7.1.15.2
1.1.4.21413.41.2.56.17.9
1.1.4.21460.5.1
1.1.4.21470.5.1.10.1
1.1.4.21652.13.2.8
1.1.4.21652.13.2.10
1.1.4.21732.5.1.2.1
1.1.4.21805.31.3.26.2
1.1.4.21820.17.1.13.7
1.1.4.21849.5.1
1.1.4.21884.12.3.4.5.3
1.1.4.22074.5.1.8.6
1.1.4.22117.26.2
1.1.4.22149.3
1.1.4.22171.5.1.8.3.8
1.1.4.22174.5.1.1.1
1.1.4.22190.5.1.23.2
1.1.4.22195.10.1.16
1.1.4.22204.5.1.2.1.2
1.1.4.22248.9.1.6.3
1.1.4.22378.15.3.9.4.6
1.1.4.22568.5.1.4.1.8
1.1.4.22603.5.1.36
1.1.4.22704.5.1.21.7
1.1.4.22739.10.1.18.8
1.1.4.22838.17.2.4
1.1.4.22840.5.1.4
1.1.4.22861.28
1.1.4.22943.5.1.10.6.20.5.16
1.1.4.22973.16.2.9.1.1
1.1.4.22984.15.2.6.1
1.1.4.22988.17.5.8
1.1.4.23043.23.1.29.17
1.1.4.23101.9.1.4.4
1.1.4.23144.10.1.12.9
1.1.4.23244.5.1.1.1.4.5
1.1.4.23265.5.1.2
1.1.4.23321.3
1.1.4.23343.21.2.16.9.5
1.1.4.23523.5.1.1.1.15.2
1.1.4.23604.18.2.12.3
1.1.4.23729.37.2
1.1.4.23826.14.1.4.1.1
1.1.4.23832.19.2
1.1.4.23863.13.1.6.21.27
1.1.4.24014.5.1.2.7.16.1
1.1.4.24014.5.1.3.1.4
1.1.4.24023.17.2.5.3.22.1
1.1.4.24106.16.2
1.1.4.24134.19.1.4.10
1.1.4.24165.10.2.10
1.1.4.24218.5.1.3
1.1.4.24231.14.1.4.9
1.1.4.24333.10.2.4.18.21
1.1.4.24545.8.1.5.16
1.1.4.24546.13.2.6.20.8.2
1.1.4.24552.21.2
1.1.4.24694.5.1
1.1.4.24717.10.1.5.3
1.1.4.24733.11.1.7.5
1.1.4.24804.33.5.12
1.1.4.24875.5.1
1.1.4.24946.5.1.2.1.1.1
1.1.4.24987.5.1.18.6
1.1.4.25062.5.1
1.1.4.25068.8.1.4
1.1.4.25100.32.1.13.13
1.1.4.25270.18.1.20.2
1.1.4.25274.14.3.9.7
1.1.4.25353.17.2.13.6
1.1.4.25465.3
1.1.4.25541.19.3.8.35
1.1.4.25581.15.3.13.26.12
1.1.4.25613.26.2.5.4
1.1.4.25628.14.3.5.2
1.1.4.25637.14.3.7.4
1.1.4.25739.17.1.4
1.1.4.25842.11.1.20.4.3
1.1.4.25843.19.1.25.11
1.1.4.25903.17.2.10.7
1.1.4.25905.15.3.10.4.7.2
1.1.4.25947.5.1.3.2.5.1.4
1.1.4.25973.8.3.12.5
1.1.4.26006.5.1.1
1.1.4.26126.5.1.1.1.3.2
1.1.4.26171.5.1.30.1.22.4
1.1.4.26198.17.1.5
1.1.4.26256.5.1
1.1.4.26275.22.1.9.4
1.1.4.26285.5.1
1.1.4.26424.5.1.2.1
1.1.4.26543.5.1
1.1.4.26740.5.1.7.1.8.5
1.1.4.26817.5.1.7.4
1.1.4.26935.5.1
1.1.4.27132.10.1.4.3
1.1.4.27300.31.3.26.2
1.1.4.27315.17.1.13.7
1.1.4.27344.5.1
1.1.4.27377.26.1.24.4.20
1.1.4.27394.14.1.9
1.1.4.27454.17.1.19.2
1.1.4.27570.5.1.8.6
1.1.4.27613.26.2
1.1.4.27645.3
1.1.4.27667.5.1.8.3.8
1.1.4.27670.5.1.1.1
1.1.4.27688.5.1.23.2
1.1.4.27693.10.1.16
1.1.4.27702.5.1.2.1.2
1.1.4.27753.12.1.4
1.1.4.27757.9.2.4.2
1.1.4.27776.5.1.28.1.3
1.1.4.27882.15.3.9.4.6
1.1.4.28091.5.1.36
1.1.4.28119.21.2.15.6.6.1.3
1.1.4.28194.5.1.21.7
1.1.4.28205.5.1.1.2.5.2
1.1.4.28217.14.5.5
1.1.4.28222.5.1.1.2.14
1.1.4.28227.10.1.5.7
1.1.4.28305.17.2.4
1.1.4.28307.5.1.4
1.1.4.28328.28
1.1.4.28372.5.1.3.2
1.1.4.28385.3
1.1.4.28414.9.1.21
1.1.4.28422.5.1.10.6.19.10.29
1.1.4.28457.5.1.2.1
1.1.4.28481.11.1.12
1.1.4.28516.8.1.15.4
1.1.4.28568.9.1.4.4
1.1.4.28611.10.1.12.9
1.1.4.28646.58.2.4
1.1.4.28726.5.1.3.1
1.1.4.28752.5.1.2
1.1.4.28808.3
1.1.4.28920.12.4.16.9
1.1.4.28945.5.1.3.3
1.1.4.29125.5.1.3.18.6.2
1.1.4.29127.5.1.3
1.1.4.29143.5.1.6.4.10
1.1.4.29201.37.2
1.1.4.29259.9.1.43
1.1.4.29277.5.1
1.1.4.29361.22.2
1.1.4.29374.6
1.1.4.29400.12
1.1.4.29501.5.1
1.1.4.29502.5.1.1.1.9
1.1.4.29667.10.2.10
1.1.4.29688.5.1.6
1.1.4.29720.5.1.4.4.15.2.6
1.1.4.29751.5.1.4.3.7.1.1
1.1.4.29826.20.1.12
1.1.4.29842.3
1.1.4.29852.5.1.1
1.1.4.29915.56.2.11.13.14.3.24
1.1.4.29963.11.1.5
1.1.4.29995.5.1.8.2
1.1.4.30041.17.1.14
1.1.4.30201.10.1.5.3
1.1.4.30217.11.1.7.5
1.1.4.30280.33.5.12
1.1.4.30348.17.1.18
1.1.4.30485.16.2
1.1.4.30537.19.1.9
1.1.4.30564.9.1.4
1.1.4.30572.34.1.8.7
1.1.4.30575.3
1.1.4.30718.5.1.1.1.26.2
1.1.4.30740.14.3.5
1.1.4.30744.5.1.3.11.21
1.1.4.30933.14.1.6.3
1.1.4.30942.38.1.4.4
1.1.4.30955.14.3.6.4.22.4
1.1.4.30957.5.1.4
1.1.4.31027.19.3.8.35
1.1.4.31053.14.2.12.9.8.4
1.1.4.31065.28.3.17
1.1.4.31093.14.2
1.1.4.31116.5.1.6.3.3.2
1.1.4.31205.5.1.4.2.7
1.1.4.31250.14.5.24.14.5
1.1.4.31257.13
1.1.4.31334.11.1.20.4.3
1.1.4.31335.19.1.25.11
1.1.4.31393.17.2.10.7
1.1.4.31395.15.3.10.4.7.2
1.1.4.31457.8.3.12.5
1.1.4.31480.5.1.3.1.1.1.4
1.1.4.31589.5.1.1.1.3.2
1.1.4.31705.5.1
1.1.4.31724.22.1.9.4
1.1.4.31734.5.1
1.1.4.31800.5.1.2.1.2
1.1.4.31866.5.1.2.1
1.1.4.32004.5.1
1.1.4.32007.3
1.1.4.32017.8.1.4
1.1.4.32067.6
1.1.4.32083.16.3.4
1.1.4.32146.13.2.13.2.12
1.1.4.32148.16.2.20.1.2.8
1.1.4.32183.5.1.7.1.15.2
1.1.4.32338.22.5.8
1.1.4.32374.21.4.12
1.1.4.32557.5.1.8
1.1.4.32558.10.1.4.3
1.1.4.32639.5.1.2.1
1.1.4.32701.12.2.8
1.1.4.32714.5.1.8.16.25
1.1.4.32716.13.3.5
1.1.4.32748.17.3
1.1.4.32771.20.2.4.2
1.1.4.32953.5.1.3.8
1.1.4.32996.26.2
1.1.4.33007.23.2
1.1.4.33030.3
1.1.4.33052.5.1.8.3.8
1.1.4.33055.5.1.1.1
1.1.4.33073.5.1.23.2
1.1.4.33078.10.1.16
1.1.4.33087.5.1.2.1.2
1.1.4.33138.12.1.4
1.1.4.33142.9.2.4.2
1.1.4.33253.15.3.9.4.6
1.1.4.33458.5.1.1
1.1.4.33494.11.2.12.12
1.1.4.33516.21.2.15.6.6.1.3
1.1.4.33589.5.1.1.1.24.2
1.1.4.33601.14.5.5
1.1.4.33606.5.1.1.2.14
1.1.4.33611.10.1.5.7
1.1.4.33710.17.2.4
1.1.4.33712.5.1.4
1.1.4.33733.28
1.1.4.33810.9.1.21
1.1.4.33818.5.1.10.6.19.10.14
1.1.4.33914.23.1.29.17
1.1.4.33971.9.1.4.4
1.1.4.34014.15.1.14
1.1.4.34037.18.2.7.1
1.1.4.34055.27.2.4
1.1.4.34131.5.1.3.1
1.1.4.34157.5.1.2
1.1.4.34213.3
1.1.4.34239.14.2.6.5
1.1.4.34413.5.1.8.2
1.1.4.34471.24.2.12
1.1.4.34621.37.2
1.1.4.34718.14.1.4.1.1
1.1.4.34724.19.2
1.1.4.34792.22.2
1.1.4.34805.6
1.1.4.34840.12
1.1.4.34927.5.1.16.6
1.1.4.34931.9.4.12.5
1.1.4.35022.16.2
1.1.4.35082.10.2.10
1.1.4.35135.5.1.3
1.1.4.35149.14.1.4.10
1.1.4.35404.11.1.5
1.1.4.35578.14.2.6.3.10
1.1.4.35628.5.1.4.2.9.1.1
1.1.4.35644.11.1.7.5
1.1.4.35715.33.5.12
1.1.4.35787.14.2
1.1.4.35790.8.1.7.1
1.1.4.35934.16.2
1.1.5.36027.32.1.13.13
1.1.5.36172.41.2.29.22.25.3.40.15
1.1.5.36197.14.3.9.7
1.1.5.36278.17.2.13.6
1.1.5.36406.3
1.1.5.36474.5.1.3.1.4.2
1.1.5.36481.13.4.13.7.5
1.1.5.36505.14.2.12.9.8.4
1.1.5.36543.5.1
1.1.5.36559.5.1.6.3.3.2
1.1.5.36648.5.1.4.2.7
1.1.5.36693.14.5.24.14.5
1.1.5.36700.13
1.1.5.36777.11.1.20.4.3
1.1.5.36778.19.1.25.11
1.1.5.36886.11.1.4.8
1.1.5.36901.8.3.12.5
1.1.5.36930.17.1.22.6
1.1.5.37066.5.1.1.1.3.2
1.1.5.37111.5.1.30.1.22.4
1.1.5.37189.5.1
1.1.5.37208.22.1.9.4
1.1.5.37218.5.1
1.1.5.37290.5.1.2.1.2
1.1.5.37356.5.1.2.1
1.1.5.37414.8.3.4
1.1.5.37469.15.2.7.5
1.1.5.37513.5.1.18
1.1.5.37565.22.3.5.5.2.1.2.8
1.1.5.37570.9.1.10.2
1.1.5.37652.21.3.35.8.8
1.1.5.37724.8.4.12
1.1.5.37807.22.5
1.1.5.37844.5.1
1.1.5.37895.3
1.1.5.37911.5.1.4.3.9.8
1.1.5.38044.10.1.4.3
1.1.5.38137.5.1.2.1
1.1.5.38213.5.1.8.16.25
1.1.5.38249.17.3
1.1.5.38272.20.2.4.2
1.1.5.38461.5.1.3.8
1.1.5.38503.5.1.7.1
1.1.5.38527.3
1.1.5.38566.5.1.2.1.2
1.1.5.38609.49.1.16
1.1.5.38614.5.1.17
1.1.5.38656.11.1.31
1.1.5.38738.15.3.9.4.6
1.1.5.38772.13.3.4
1.1.5.38926.5.1.8.1.24.1.36
1.1.5.38934.3
1.1.5.38941.10.6.8
1.1.5.38973.31.2.4.15
1.1.5.38996.21.2.15.6.6.1.3
1.1.5.39064.5.1.27.8
1.1.5.39075.5.1.1.2.21.2
1.1.5.39090.8.3.4
1.1.5.39094.5.1.1.1.10
1.1.5.39188.17.2.4
1.1.5.39190.5.1.4
1.1.5.39211.28
1.1.5.39291.5.1.10.6.20.5.16
1.1.5.39326.5.1.2.1
1.1.5.39448.9.1.4.4
1.1.5.39491.15.1.14
1.1.5.39514.18.2.7.1
1.1.5.39532.27.2.4
1.1.5.39631.14.3.31.6.18.7.17
1.1.5.39648.5.1.3.1
1.1.5.39680.3
1.1.5.39702.21.2.16.9.5
1.1.5.39802.12.4.16.9
1.1.5.39957.18.2.12.3
1.1.5.40012.5.1.3.18.6.2
1.1.5.40014.5.1.3
1.1.5.40078.5.1
1.1.5.40091.37.2
1.1.5.40191.14.1.4.1.1
1.1.5.40197.19.2
1.1.5.40285.27.2
1.1.5.40360.5.1.16.6
1.1.5.40364.9.4.12.5
1.1.5.40455.16.2
1.1.5.40528.9.1.4
1.1.5.40552.26.3.34
1.1.5.40577.5.1.4.4.15.2.6
1.1.5.40594.14.1.4.10
1.1.5.40692.24.2.17.7.15.1
1.1.5.40708.3
1.1.5.40718.5.1.1
1.1.5.40780.56.2.11.13.14.3.24
1.1.5.40823.11.1.5
1.1.5.40890.9.1.7.6
1.1.5.41031.5.1
1.1.5.41047.5.1
1.1.5.41054.5.1.1.3
1.1.5.41072.5.1.1.1
1.1.5.41111.33.5.12
1.1.5.41391.32.1.13.13
1.1.5.41535.5.1.1.1.36.2
1.1.5.41557.14.3.5
1.1.5.41561.5.1.3.11.21
1.1.5.41761.3
1.1.5.41788.10.2.15
1.1.5.41831.19.3.8.35
1.1.5.41872.28.3.17
1.1.5.41896.5.1
1.1.5.41917.14.3.7.4
1.1.5.41992.5.1.4.2.7
1.1.5.42097.5.1.3.3.10.1.9
1.1.5.42110.5.1.22.13
1.1.5.42112.5.1.31
1.1.5.42245.8.3.12.5
1.1.5.42268.5.1.3.1.1.1.4
1.1.5.42494.5.1
1.1.5.42513.22.1.9.4
1.1.5.42523.5.1
1.1.5.42577.6
1.1.5.42653.5.1.2.1
1.1.5.42782.5.1
1.1.5.42869.6
1.1.5.42885.16.3.4
1.1.5.42948.13.2.13.2.12
1.1.5.42950.16.2.20.1.2.8
1.1.5.42973.8.2.12.16.26
1.1.5.42983.16.1.4
1.1.5.43119.41.2.39.18.11
1.1.5.43169.22.1.7.13.13.1
1.1.5.43303.16.4.18.1.4.1
1.1.5.43319.5.1.2.5
1.1.5.43322.9.2.14
1.1.5.43355.49.2.5.37.29
1.1.5.43442.5.1.2.1
1.1.5.43504.12.2.8
1.1.5.43517.5.1.8.16.25
1.1.5.43519.13.3.5
1.1.5.43551.17.3
1.1.5.43574.20.2.4.2
1.1.5.43651.36.1.15.11
1.1.5.43779.5.1.3.8
1.1.5.43822.26.2
1.1.5.43855.3
1.1.5.43877.5.1.8.3.8
1.1.5.43880.5.1.1.1
1.1.5.43896.5.1.23.2
1.1.5.43901.10.1.16
1.1.5.43910.5.1.2.1.2
1.1.5.43961.12.1.4
1.1.5.43965.9.2.4.2
1.1.5.44099.15.3.9.4.6
1.1.5.44275.5.1.4.1.8
1.1.5.44310.5.1.36
1.1.5.44417.14.1.5.4.1
1.1.5.44432.8.3.4
1.1.5.44436.5.1.1.1.10
1.1.5.44629.9.1.21
1.1.5.44637.5.1.10.6.19.10.14
1.1.5.44659.22.2.17.3.5
1.1.5.44718.5.1.1.11.54.5.16
1.1.5.44721.24.3.21.8
1.1.5.44763.19.1.16.6
1.1.5.44804.15.1.14
1.1.5.44912.5.1.3.1
1.1.5.44938.5.1.2
1.1.5.44994.3
1.1.5.45016.21.2.16.9.5
1.1.5.45148.5.1.3.3
1.1.5.45198.5.1.8.2
1.1.5.45278.18.2.12.3
1.1.5.45326.5.1.3.3.4.7
1.1.5.45328.5.1.3
1.1.5.45344.5.1.6.4.10
1.1.5.45390.5.1
1.1.5.45404.37.2
1.1.5.45504.14.1.4.1.1
1.1.5.45510.19.2
1.1.5.45541.13.1.6.21.27
1.1.5.45557.5.1.3.1
1.1.5.45570.6
1.1.5.45596.12
1.1.5.45696.5.1
1.1.5.45697.5.1.1.1.9
1.1.5.45791.16.2
1.1.5.45819.19.1.4.10
1.1.5.45850.10.2.10
1.1.5.45903.5.1.3
1.1.5.45915.5.1.1
1.1.5.45971.14.2.9.1.1.1.15
1.1.5.46012.24.2.17.7.15.1
1.1.5.46028.3
1.1.5.46038.5.1.1
1.1.5.46101.56.2.11.13.14.3.24
1.1.5.46359.10.1.5.3
1.1.5.46375.11.1.7.5
1.1.5.46446.33.5.12
1.1.5.46673.5.1
1.1.5.46679.8.1.4
1.1.5.46706.9.1.4
1.1.5.46714.34.1.8.7
1.1.5.46717.3
1.1.5.46855.5.1.1.1.21.6
1.1.5.46880.9.1.4.2
1.1.5.46885.9.1.9.4
1.1.5.47072.14.1.6.3
1.1.5.47081.38.1.4.4
1.1.5.47094.14.3.6.4.22.4
1.1.5.47096.5.1.4
1.1.5.47169.26.2.5.3.16
1.1.5.47193.14.2.12.9.8.4
1.1.5.47235.26.2.5.4
1.1.5.47250.14.3.5.2
1.1.5.47259.14.3.7.4
1.1.5.47337.5.1.4.2.7
1.1.5.47382.14.5.24.14.5
1.1.5.47389.13
1.1.5.47466.11.1.20.4.3
1.1.5.47467.19.1.25.11
1.1.5.47527.17.2.10.7
1.1.5.47529.15.3.10.4.7.2
1.1.5.47576.14.2.19.1.7
1.1.5.47591.8.3.12.5
1.1.5.47614.5.1.3.1.1.1.4
1.1.5.47734.5.1.1.1.3.2
1.1.5.47779.5.1.30.1.22.4
1.1.5.47879.22.1.9.4
1.1.5.47889.5.1
1.1.5.47958.5.1.2.1.2
1.1.5.48024.5.1.2.1
1.1.5.48151.19.3.8.25
1.1.5.48154.15.5.19
1.1.5.48211.13.2.6.11.2.1.16.15
1.1.5.48265.13.2.13.2.12
1.1.5.48267.16.2.20.1.2.8
1.1.5.48302.5.1.7.1.15.2
1.1.5.48503.21.4.12
1.1.5.48693.10.1.4.3
1.1.5.48743.25.2.14.1
1.1.5.48788.5.1.2.1
1.1.5.48861.31.3.26.2
1.1.5.48876.17.1.13.7
1.1.5.48905.5.1
1.1.5.48940.12.3.4.5.3
1.1.5.48959.14.1.9
1.1.5.49049.6
1.1.5.49135.5.1.3.8
1.1.5.49178.26.2
1.1.5.49210.3
1.1.5.49249.5.1.2.1.2
1.1.5.49298.25.1.10.28
1.1.5.49427.8.2.8.3
1.1.5.49431.5.1.1.19.4.6
1.1.5.49464.13.3.4
1.1.5.49613.5.1.4.1.8
1.1.5.49648.5.1.36
1.1.5.49676.21.2.15.6.6.1.3
1.1.5.49746.5.1.21.7
1.1.5.49781.10.1.18.8
1.1.5.49877.5.1.2
1.1.5.49896.28
1.1.5.49975.9.1.21
1.1.5.49983.5.1.10.6.19.10.14
1.1.5.50013.16.2.9.1.1
1.1.5.50024.15.2.6.1
1.1.5.50028.17.5.8
1.1.5.50084.23.1.29.17
1.1.5.50142.9.1.4.4
1.1.5.50185.15.1.14
1.1.5.50208.18.2.7.1
1.1.5.50226.27.2.4
1.1.5.50302.5.1.3.1
1.1.5.50328.5.1.2
1.1.5.50384.3
1.1.5.50565.26.1.12.6
1.1.5.50645.18.2.12.3
1.1.5.50691.5.1.3.16.5.2
1.1.5.50693.5.1.3
1.1.5.50709.5.1.6.4.10
1.1.5.50771.37.2
1.1.5.50815.5.1.12.6
1.1.5.50870.14.1.4.1.1
1.1.5.50876.19.2
1.1.5.50977.12
1.1.5.51067.5.1
1.1.5.51068.5.1.1.1.9
1.1.5.51228.10.2.10
1.1.5.51276.5.1.4.4.15.2.6
1.1.5.51307.5.1.4.3.7.1.1
1.1.5.51380.10.2.4.18.21
1.1.5.51399.3
1.1.5.51409.5.1.1
1.1.5.51745.5.1
1.1.5.51761.5.1
1.1.5.51768.5.1.1.3
1.1.5.51786.5.1.1.1
1.1.5.51830.33.5.12
1.1.5.52115.3
1.1.5.52120.5.1.1.1.21
1.1.5.52124.32.1.23
1.1.5.52278.21.1.9.2.19
1.1.5.52301.9.1.4.2
1.1.5.52306.9.1.9.4
1.1.5.52493.14.1.6.3
1.1.5.52502.38.1.4.4
1.1.5.52515.14.3.6.4.22.4
1.1.5.52517.5.1.4
1.1.5.52599.26.2.5.3.16
1.1.5.52623.14.2.12.9.8.4
1.1.5.52668.14.2
1.1.5.52692.14.3.7.4
1.1.5.52880.5.1.3.3.10.1.9
1.1.5.52893.5.1.22.13
1.1.5.52895.5.1.31
1.1.5.53006.11.1.4.8
1.1.5.53021.8.3.12.5
1.1.5.53044.5.1.3.1.1.1.4
1.1.5.53151.5.1.1.1.3.2
1.1.5.53280.5.1
1.1.5.53299.22.1.9.4
1.1.5.53309.5.1
1.1.5.53378.5.1.2.1.2
1.1.5.53445.5.1.2.1
1.1.5.53595.5.1.18
1.1.5.53641.6
1.1.5.53657.16.3.4
1.1.5.53720.13.2.13.2.12
1.1.5.53722.16.2.20.1.2.8
1.1.5.53748.21.3.35.8.8
1.1.5.53917.22.5.8
1.1.5.53955.5.1
1.1.5.53965.5.1.10.1
1.1.5.54137.5.1.6.1.3.2
1.1.5.54137.11.1.4
1.1.5.54151.44.1.4.35
1.1.5.54152.49.2.5.37.17
1.1.5.54243.5.1.2.1
1.1.5.54316.31.3.26.2
1.1.5.54331.17.1.13.7
1.1.5.54360.5.1
1.1.5.54395.12.3.4.5.3
1.1.5.54584.5.1.8.6
1.1.5.54627.26.2
1.1.5.54659.3
1.1.5.54682.5.1.4.1.2.6.11
1.1.5.54685.32.4.10.1
1.1.5.54702.5.1.23.2
1.1.5.54707.10.1.16
1.1.5.54716.5.1.2.1.2
1.1.5.54767.12.1.4
1.1.5.54771.9.2.4.2
1.1.5.54899.15.3.9.4.6
1.1.5.54933.13.3.4
1.1.5.55095.5.1.1
1.1.5.55131.11.2.12.12
1.1.5.55153.21.2.15.6.6.1.3
1.1.5.55221.5.1.27.8
1.1.5.55232.5.1.1.2.21.2
1.1.5.55244.14.5.5
1.1.5.55249.5.1.1.2.15
1.1.5.55254.10.1.5.7
1.1.5.55336.5.1.2
1.1.5.55355.28
1.1.5.55432.5.1.10.6.20.5.16
1.1.5.55464.5.1.9.1.2.1
1.1.5.55518.23.1.29.8
1.1.5.55575.9.1.4.4
1.1.5.55624.5.1.13
1.1.5.55641.18.2.7.1
1.1.5.55662.58.2.4
1.1.5.55761.14.3.31.6.18.7.17
1.1.5.55778.5.1.3.1
1.1.5.55810.3
1.1.5.55832.21.2.16.9.5
1.1.5.56004.26.1.12.6
1.1.5.56145.5.1.3.18.6.2
1.1.5.56147.5.1.3
1.1.5.56163.5.1.6.4.10
1.1.5.56209.5.1
1.1.5.56222.37.2
1.1.5.56319.14.1.4.1.1
1.1.5.56325.19.2
1.1.5.56520.5.1.2.7.16.1
1.1.5.56520.5.1.3.1.4
1.1.5.56529.17.2.5.3.22.1
1.1.5.56612.16.2
1.1.5.56678.10.2.10
1.1.5.56731.5.1.3
1.1.5.56743.5.1.1
1.1.5.56930.5.1.35.1.9.1
1.1.5.56935.5.1.14.2.17.3
1.1.5.56953.56.2.11.13.14.3.64
1.1.5.57001.11.1.5
1.1.5.57034.15.5.10.1.5.3
1.1.5.57076.13.2.6.20.8.2
1.1.5.57082.21.2
1.1.5.57172.14.2.6.3.10
1.1.5.57211.5.1
1.1.5.57227.5.1
1.1.5.57234.5.1.1.3
1.1.5.57252.5.1.1.1
1.1.5.57291.33.5.12
1.1.5.57363.8.1.7.1
1.1.5.57520.5.1
1.1.5.57526.8.1.4
1.1.5.57558.32.1.13.13
1.1.5.57702.5.1.25.4.47.2
1.1.5.57719.18.1.20.2
1.1.5.57723.14.3.9.7
1.1.5.57889.14
1.1.5.57911.3
1.1.5.57977.9.1.4
1.1.5.57996.26.2.5.3.8
1.1.5.58020.14.2.12.9.8.4
1.1.5.58032.28.3.17
1.1.5.58056.5.1
1.1.5.58072.5.1.6.3.3.2
1.1.5.58165.5.1.4.2.7
1.1.5.58210.14.5.24.14.5
1.1.5.58217.13
1.1.5.58294.11.1.20.4.3
1.1.5.58295.19.1.25.11
1.1.5.58353.17.2.10.7
1.1.5.58355.15.3.10.4.7.2
1.1.5.58405.11.1.4.8
1.1.5.58420.8.3.12.5
1.1.5.58443.33.2.7.1.2.1.47
1.1.5.58609.5.1.2.1
1.1.5.58623.5.1.30.1.4.3
1.1.5.58702.5.1
1.1.5.58721.22.1.9.4
1.1.5.58731.5.1
1.1.5.58796.5.1.2.1.2
1.1.5.58862.5.1.2.1
1.1.5.58920.8.3.4
1.1.5.58975.15.2.7.5
1.1.5.59019.5.1.18
1.1.5.59071.22.3.5.5.2.1.2.8
1.1.5.59076.9.1.10.2
1.1.5.59163.26.4.5.11.1.1.15.13
1.1.5.59246.5.1.6.3.18.5
1.1.5.59324.22.5.8
1.1.5.59361.5.1
1.1.5.59412.3
1.1.5.59428.5.1.4.3.9.6
1.1.5.59558.9.1.6.4
1.1.5.59563.16.1.9
1.1.5.59723.5.1.8.16.25
1.1.5.59759.17.3
1.1.5.59782.20.2.4.2
1.1.5.59973.5.1.8.6
1.1.5.60016.26.2
1.1.5.60048.3
1.1.5.60087.5.1.2.1.2
1.1.5.60136.67.1.16
1.1.5.60141.5.1.17
1.1.5.60183.11.1.31
1.1.5.60252.17.2.5.3.2
1.1.5.60434.5.1.4.1.8
1.1.5.60469.5.1.36
1.1.5.60497.21.2.15.6.6.1.3
1.1.5.60577.5.1.1.1.24.2
1.1.5.60589.14.5.5
1.1.5.60594.5.1.1.2.14
1.1.5.60599.10.1.5.7
1.1.5.60697.5.1.2
1.1.5.60782.9.1.21
1.1.5.60790.5.1.10.6.19.10.14
1.1.5.60824.25
1.1.5.60836.5.1.3.1
1.1.5.60886.8.1.15.4
1.1.5.60937.9.1.4.4
1.1.5.60980.10.1.12.9
1.1.5.60998.18.2.7.1
1.1.5.61016.27.2.4
1.1.5.61099.5.1.3.1
1.1.5.61125.5.1.2
1.1.5.61181.3
1.1.5.61203.21.2.16.9.5
1.1.5.61376.26.1.12.6
1.1.5.61517.5.1.3.18.6.2
1.1.5.61519.5.1.3
1.1.5.61595.37.2
1.1.5.61691.5.1.5.16
1.1.5.61767.22.2
1.1.5.61780.6
1.1.5.61806.12
1.1.5.61890.5.1.16.6
1.1.5.61894.9.4.12.5
1.1.5.61952.9.1.7.5
1.1.5.61988.16.2
1.1.5.62057.10.2.10
1.1.5.62078.5.1.6
1.1.5.62112.5.1.4.4.15.2.6
1.1.5.62144.5.1.4.3.7.1.1
1.1.5.62216.10.2.4.18.40
1.1.5.62562.5.1
1.1.5.62578.5.1
1.1.5.62585.5.1.1.3
1.1.5.62603.5.1.1.1
1.1.5.62642.33.5.12
1.1.5.62713.5.1
1.1.5.62927.32.1.13.13
1.1.5.63078.41.2.29.22.25.3.42.7
1.1.5.63103.14.3.9.7
1.1.5.63285.14.1.6.3
1.1.5.63294.38.1.4.4
1.1.5.63307.14.3.6.4.22.4
1.1.5.63309.5.1.4
1.1.5.63379.19.3.8.35
1.1.5.63419.15.3.13.26.12
1.1.5.63450.5.1.7.2
1.1.5.63464.5.1.6.3.3.2
1.1.5.63657.5.1.3.3.10.1.9
1.1.5.63670.5.1.22.13
1.1.5.63672.5.1.31
1.1.5.63806.8.3.12.5
1.1.5.63834.5.1.1
1.1.5.63960.5.1.1.1.3.2
1.1.5.64000.5.1.49.1.34.8
1.1.5.64025.5.1.12.17
1.1.5.64027.16.2.8.2
1.1.5.64080.5.1
1.1.5.64095.11.1.4.5
1.1.5.64228.5.1.2.1
1.1.5.64354.5.1
1.1.5.64395.5.1
1.1.5.64398.3
1.1.5.64408.8.1.4
1.1.5.64445.6
1.1.5.64461.16.3.4
1.1.5.64524.13.2.13.2.12
1.1.5.64526.16.2.20.1.2.8
1.1.5.64554.21.3.23.8.32
1.1.5.64632.12.1.5
1.1.5.64712.22.5.8
1.1.5.64748.21.4.12
1.1.5.64938.10.1.4.3
1.1.5.65110.5.1.8.16.25
1.1.5.65237.36.1.15.10
1.1.5.65346.5.1.3.8
1.1.5.65389.26.2
1.1.5.65422.3
1.1.5.65444.5.1.8.3.8
1.1.5.65447.5.1.1.1
1.1.5.65465.5.1.23.2
1.1.5.65470.10.1.16
1.1.5.65479.5.1.2.1.2
1.1.5.65530.12.1.4
1.1.5.65534.9.2.4.2
1.1.5.65553.5.1.28.1.3
1.1.5.65655.15.3.9.4.6
1.1.5.65826.5.1.8.1.24.1.33
1.1.5.65834.3
1.1.5.65841.10.6.8
1.1.5.65873.31.2.4.15
1.1.5.65896.21.2.15.6.6.1.3
1.1.5.65968.5.1.3.2.26.2
1.1.5.65972.10.1.12
1.1.5.65982.5.1
1.1.5.66090.14.3.22.8
1.1.5.66108.17.2.4
1.1.5.66110.5.1.4
1.1.5.66131.28
1.1.5.66137.19.1.10
1.1.5.66176.5.1.3.2
1.1.5.66189.3
1.1.5.66222.10.2.13.7
1.1.5.66257.5.1.2.1
1.1.5.66386.9.1.4.4
1.1.5.66432.22.2.20.1.1
1.1.5.66448.9.1.9
1.1.5.66467.58.2.4
1.1.5.66541.5.1.3.1
1.1.5.66567.5.1.2
1.1.5.66623.3
1.1.5.66645.21.2.16.9.5
1.1.5.66741.12.4.16.9
1.1.5.66831.18.3.27
1.1.5.66908.18.2.12.3
1.1.5.66953.5.1.3.16.5.2
1.1.5.66955.5.1.3
1.1.5.66971.5.1.6.4.10
1.1.5.67017.5.1
1.1.5.67030.37.2
1.1.5.67127.14.1.4.1.1
1.1.5.67133.19.2
1.1.5.67200.22.2
1.1.5.67213.6
1.1.5.67239.12
1.1.5.67323.5.1.16.6
1.1.5.67327.9.4.12.5
1.1.5.67420.16.2
1.1.5.67493.9.1.4
1.1.5.67515.5.1.6
1.1.5.67549.5.1.4.4.15.2.6
1.1.5.67581.5.1.4.3.7.1.1
1.1.5.67793.11.1.5
1.1.5.67958.14.2.6.3.10
1.1.5.68008.5.1
1.1.5.68024.5.1
1.1.5.68031.5.1.1.3
1.1.5.68099.33.5.12
1.1.5.68171.8.1.7.1
1.1.5.68241.5.1.2.1.1.1
1.1.5.68402.32.1.13.13
1.1.5.68545.21.1.9.2.19
1.1.5.68568.9.1.4.2
1.1.5.68573.9.1.9.4
1.1.5.68772.3
1.1.5.68857.13.4.13.7.5
1.1.5.68881.14.2.12.9.8.4
1.1.5.68893.28.3.17
1.1.5.68921.26.2.5.4
1.1.5.68939.14.3.7.4
1.1.5.69152.11.1.20.4.3
1.1.5.69153.19.1.25.11
1.1.5.69264.11.1.4.8
1.1.5.69279.8.3.12.5
1.1.5.69302.5.1.3.1.1.1.4
1.1.5.69473.5.1.12.20
1.1.5.69475.16.2.8.2
1.1.5.69528.5.1
1.1.5.69547.22.1.9.4
1.1.5.69557.5.1
1.1.5.69626.5.1.2.1.2
1.1.5.69692.5.1.2.1
1.1.5.69803.15.2.7.5
1.1.5.70000.5.1.7.1.8.5
1.1.5.70146.41.2.39.18.11
1.1.5.70190.5.1
1.1.5.70241.3
1.1.5.70257.5.1.4.3.9.6
1.1.5.70391.5.1.8
1.1.5.70392.10.1.4.3
1.1.5.70485.5.1.2.1
1.1.5.70542.5.1.4.1.2.1.1
1.1.5.70563.5.1.8.16.25
1.1.5.70599.17.3
1.1.5.70622.20.2.4.2
1.1.5.70812.5.1.8.6
1.1.5.70855.26.2
1.1.5.70887.3
1.1.5.70910.5.1.4.1.2.6.11
1.1.5.70913.32.4.10.1
1.1.5.70937.5.1.2.1.2
1.1.5.70988.12.1.4
1.1.5.70992.9.2.4.2
1.1.5.71112.8.2.8.3
1.1.5.71116.5.1.1.19.4.6
1.1.5.71305.5.1.4.1.8
1.1.5.71340.5.1.36
1.1.5.71368.21.2.15.6.6.1.3
1.1.5.71448.5.1.1.1.24.2
1.1.5.71456.5.1.1.6.16.2
1.1.5.71468.17.3.9.5.2
1.1.5.71662.9.1.21
1.1.5.71670.5.1.10.6.19.10.14
1.1.5.71700.16.2.9.1.1
1.1.5.71711.15.2.6.1
1.1.5.71761.23.1.29.8
1.1.5.71893.58.2.4
1.1.5.71964.5.1.3.1
1.1.5.71990.5.1.2
1.1.5.72046.3
1.1.5.72068.21.2.16.9.5
1.1.5.72165.12.4.16.9
1.1.5.72243.26.1.12.6
1.1.5.72363.5.1.3.3.4.7
1.1.5.72365.5.1.3
1.1.5.72381.5.1.6.4.10
1.1.5.72427.5.1
1.1.5.72440.37.2
1.1.5.72480.26.2.12.1.2.9
1.1.5.72535.14.1.4.1.1
1.1.5.72541.19.2
1.1.5.72600.17.2.8.3.5.1
1.1.5.72613.6
1.1.5.72639.12
1.1.5.72732.5.1
1.1.5.72733.5.1.1.1.9
1.1.5.72829.16.2
1.1.5.72909.10.2.10
1.1.5.72962.5.1.3
1.1.5.72976.14.1.4.10
1.1.5.73084.20.1.12
1.1.5.73100.3
1.1.5.73110.5.1.1
1.1.5.73236.11.1.5
1.1.5.73255.15.5.10.1.20.3
1.1.5.73437.5.1
1.1.5.73453.5.1
1.1.5.73460.5.1.1.3
1.1.5.73478.5.1.1.1
1.1.5.73517.33.5.12
1.1.5.73801.32.1.13.13
1.1.5.73943.5.1.1.1.26.2
1.1.5.73968.9.1.4.2
1.1.5.73973.9.1.9.4
1.1.5.74064.17.2.13.6
1.1.5.74167.14
1.1.5.74189.3
1.1.5.74271.13.4.13.7.5
1.1.5.74295.14.2.12.9.8.4
1.1.5.74334.5.1.7.2
1.1.5.74350.14.3.7.4
1.1.5.74424.5.1.4.2.7
1.1.5.74469.14.5.24.14.5
1.1.5.74476.13
1.1.5.74553.11.1.20.4.3
1.1.5.74554.19.1.25.11
1.1.5.74613.17.2.10.7
1.1.5.74615.15.3.10.4.7.2
1.1.5.74661.11.1.4.8
1.1.5.74676.8.3.12.5
1.1.5.74699.5.1.3.1.1.1.4
1.1.5.74816.5.1.1.1.3.2
1.1.5.74856.25.2.14.1.3.3
1.1.5.74935.5.1
1.1.5.74954.22.1.9.4
1.1.5.74964.5.1
1.1.5.75036.5.1.2.1.2
1.1.5.75100.5.1.2.1
1.1.5.75161.8.3.4
1.1.5.75216.15.2.7.5
1.1.5.75260.5.1.18
1.1.5.75312.22.3.5.5.2.1.2.8
1.1.5.75317.9.1.10.2
1.1.5.75366.13.2.13.2.12
1.1.5.75368.16.2.20.1.2.8
1.1.5.75399.26.4.5.11.1.1.8.13
1.1.5.75548.41.2.56.17.9
1.1.5.75598.22.1.7.13.13.1
1.1.5.75744.16.4.18.1.4.1
1.1.5.75790.49.2.5.28.20
1.1.5.75877.5.1.2.1
1.1.5.75940.12.2.8
1.1.5.75953.5.1.8.16.25
1.1.5.75989.17.3
1.1.5.76013.11.2.4.5.5
1.1.5.76029.14.1.9
1.1.5.76080.10.1.10.6
1.1.5.76199.5.1.8.6
1.1.5.76242.26.2
1.1.5.76274.3
1.1.5.76315.5.1.2.1.2
1.1.5.76366.12.1.4
1.1.5.76370.9.2.4.2
1.1.5.76389.5.1.28.1.3
1.1.5.76488.15.3.9.4.6
1.1.5.76678.5.1.1
1.1.5.76714.11.2.12.12
1.1.5.76736.21.2.15.6.6.1.3
1.1.5.76806.5.1.21.7
1.1.5.76817.5.1.1.2.5.2
1.1.5.76829.8.3.4
1.1.5.76833.5.1.6.4.16
1.1.5.76941.17.2.4
1.1.5.76943.5.1.4
1.1.5.76964.28
1.1.5.77008.5.1.3.2
1.1.5.77021.3
1.1.5.77052.9.1.21
1.1.5.77060.5.1.10.6.19.10.22
1.1.5.77095.5.1.2.1
1.1.5.77119.11.1.12
1.1.5.77212.9.1.4.4
1.1.5.77255.10.1.12.9
1.1.5.77293.58.2.4
1.1.5.77369.5.1.3.1
1.1.5.77395.5.1.2
1.1.5.77451.3
1.1.5.77473.21.2.16.9.5
1.1.5.77713.18.2.12.3
1.1.5.77826.5.1
1.1.5.77839.37.2
1.1.5.77936.14.1.4.1.1
1.1.5.77942.19.2
1.1.5.77973.13.1.6.21.27
1.1.5.77990.22.2
1.1.5.78003.6
1.1.5.78029.12
1.1.5.78128.5.1.28
1.1.5.78218.16.2
1.1.5.78299.10.2.10
1.1.5.78352.5.1.3
1.1.5.78365.14.1.4.9
1.1.5.78467.10.2.4.18.21
1.1.5.78564.56.2.11.13.14.3.31
1.1.5.78835.5.1
1.1.5.78858.10.1.5.3
1.1.5.78874.11.1.7.5
1.1.5.78945.33.5.12
1.1.5.79191.5.1
1.1.5.79224.9.1.4
1.1.5.79232.34.1.8.7
1.1.5.79235.3
1.1.5.79394.14.3.5
1.1.5.79398.5.1.3.11.12
1.1.5.79584.14.1.6.3
1.1.5.79593.38.1.4.4
1.1.5.79606.14.3.6.4.22.4
1.1.5.79608.5.1.4
1.1.5.79634.10.2.15
1.1.5.79684.26.2.5.3.16
1.1.5.79708.14.2.12.9.8.4
1.1.5.79745.5.1.7.2
1.1.5.79766.14.3.7.4
1.1.5.79850.5.1.4.2.7
1.1.5.79895.14.5.24.14.5
1.1.5.79902.13
1.1.5.79979.11.1.20.4.3
1.1.5.79980.19.1.25.11
1.1.5.80090.14.2.19.1.7
1.1.5.80105.8.3.12.5
1.1.5.80134.17.1.22.6
1.1.5.80329.25.2.14.1.3.3
1.1.5.80355.17.1.5
1.1.5.80410.5.1
1.1.5.80429.22.1.9.4
1.1.5.80439.5.1
1.1.5.80508.5.1.2.1.2
1.1.5.80574.5.1.2.1
1.1.5.80729.5.1.18
1.1.5.80781.22.3.5.5.2.1.2.8
1.1.5.80786.9.1.10.2
1.1.5.80835.13.2.13.2.12
1.1.5.80837.16.2.20.1.2.8
1.1.5.80863.21.3.35.8.8
1.1.5.81008.22.5.8
1.1.5.81044.21.4.12
1.1.5.81227.5.1.8
1.1.5.81228.10.1.4.3
1.1.5.81279.25.2.14.1
1.1.5.81405.5.1.8.16.25
1.1.5.81441.17.3
1.1.5.81462.12.3.4.6.4
1.1.5.81534.20.1.17.7
1.1.5.81645.5.1.8.6
1.1.5.81688.26.2
1.1.5.81720.3
1.1.5.81761.5.1.2.1.2
1.1.5.81812.12.1.4
1.1.5.81816.9.2.4.2
1.1.5.81856.11.1.26
1.1.5.81937.8.2.8.3
1.1.5.81941.5.1.1.19.4.6
1.1.5.82133.5.1.4.1.8
1.1.5.82168.5.1.36
1.1.5.82192.5.1
1.1.5.82266.5.1.27.8
1.1.5.82277.5.1.1.2.21.2
1.1.5.82289.8.3.4
1.1.5.82293.5.1.1.1.10
1.1.5.82341.13.1.4
1.1.5.82406.5.1.2
1.1.5.82492.9.1.21
1.1.5.82500.5.1.10.6.19.10.14
1.1.5.82535.5.1.2.1
1.1.5.82536.6
1.1.5.82583.23.1.29.8
1.1.5.82641.9.1.4.4
1.1.5.82690.5.1.13
1.1.5.82748.5.1.4.2.4.3
1.1.5.82786.5.1.1.1.4.15
1.1.5.82807.5.1.2
1.1.5.82863.3
1.1.5.82889.14.2.6.5
1.1.5.82982.14
1.1.5.82986.5.1.5
1.1.5.83014.5.1.3.3
1.1.5.83067.26.1.12.6
1.1.5.83126.24.2.12
1.1.5.83220.10.1.11.4
1.1.5.83276.37.2
1.1.5.83335.9.1.43
1.1.5.83353.5.1
1.1.5.83449.6
1.1.5.83475.12
1.1.5.83570.5.1.28
1.1.5.83662.16.2
1.1.5.83735.10.2.10
1.1.5.83756.5.1.6
1.1.5.83789.5.1.4.4.15.2.6
1.1.5.83806.14.1.4.10
1.1.5.83907.24.2.17.7.15.1
1.1.5.83923.3
1.1.5.83933.5.1.1
1.1.5.83986.5.1.35.1.9.1
1.1.5.83991.5.1.14.2.17.3
1.1.5.84014.56.2.11.13.14.3.54
1.1.5.84060.11.1.5
1.1.5.84266.5.1
1.1.5.84284.5.1.1.1
1.1.5.84323.33.5.12
1.1.5.84395.14.2
1.1.5.84398.8.1.7.1
1.1.5.84513.5.1.18.6
1.1.5.84629.32.1.13.13
1.1.5.84772.21.1.9.2.19
1.1.5.84798.19.2.8.1.3.3.5
1.1.5.84982.26
1.1.5.85004.3
1.1.5.85064.5.1.3.1.4.2
1.1.5.85071.13.4.13.7.5
1.1.5.85095.14.2.12.9.8.4
1.1.5.85107.28.3.17
1.1.5.85135.14.2
1.1.5.85227.5.1.4.2.7
1.1.5.85339.12.5.4.2
1.1.5.85347.5.1.39.17
1.1.5.85349.5.1.48
1.1.5.85407.17.2.10.7
1.1.5.85409.15.3.10.4.7.2
1.1.5.85451.5.1.3.2.5.1.4
1.1.5.85477.8.3.12.5
1.1.5.85499.5.1.11
1.1.5.85621.5.1.1.1.3.2
1.1.5.85669.25.2.14.1.3.3
1.1.5.85745.5.1
1.1.5.85766.22.1.9.4
1.1.5.85776.5.1
1.1.5.85849.5.1.2.1.2
1.1.5.85922.5.1.2.1
1.1.5.85983.8.3.4
1.1.5.86047.15.2.7.5
1.1.5.86091.5.1.18
1.1.5.86149.13.2.6.11.2.1.16.8
1.1.5.86154.9.1.10.2
1.1.5.86203.13.2.13.2.12
1.1.5.86205.16.2.20.1.2.8
1.1.5.86236.26.4.5.11.1.1.8.13
1.1.5.86319.5.1.7.4
1.1.5.86383.41.2.39.18.11
1.1.5.86426.22.1.7.13.27.1
1.1.5.86634.5.1.7
1.1.5.86805.5.1.8.16.25
1.1.5.86807.13.3.5
1.1.5.86839.17.3
1.1.5.86859.12.3.4.6.4
1.1.5.86878.14.1.9
1.1.5.87045.5.1.3.8
1.1.5.87088.26.2
1.1.5.87099.23.2
1.1.5.87122.3
1.1.5.87144.5.1.8.3.8
1.1.5.87147.5.1.1.1
1.1.5.87163.5.1.23.2
1.1.5.87168.10.1.16
1.1.5.87177.5.1.2.1.2
1.1.5.87228.12.1.4
1.1.5.87232.9.2.4.2
1.1.5.87339.15.3.9.4.6
1.1.5.87568.5.1.36
1.1.5.87593.5.1
1.1.5.87671.5.1.27.8
1.1.5.87682.5.1.1.2.21.2
1.1.5.87690.5.1.1.6.16.2
1.1.5.87702.17.3.9.5.2
1.1.5.87789.5.1.2
1.1.5.87839.5.1.3.2
1.1.5.87852.3
1.1.5.87883.9.1.21
1.1.5.87891.5.1.10.6.19.10.22
1.1.5.87925.25
1.1.5.87975.23.1.29.8
1.1.5.88032.9.1.4.4
1.1.5.88078.5.1.3.23.39.2.22
1.1.5.88106.58.2.4
1.1.5.88192.5.1.3.1
1.1.5.88218.5.1.2
1.1.5.88274.3
1.1.5.88296.21.2.16.9.5
1.1.5.88459.5.1.1.1.32.13
1.1.5.88590.5.1.3.16.5.2
1.1.5.88592.5.1.3
1.1.5.88608.5.1.6.4.10
1.1.5.88654.5.1
1.1.5.88667.37.2
1.1.5.88765.14.1.4.1.1
1.1.5.88771.19.2
1.1.5.88802.13.1.6.21.27
1.1.5.88818.5.1.3.1
1.1.5.88831.6
1.1.5.88857.12
1.1.5.88943.10.2.8
1.1.5.88952.9.4.12.5
1.1.5.89120.10.2.10
1.1.5.89141.5.1.6
1.1.5.89175.5.1.4.4.15.2.6
1.1.5.89207.5.1.4.3.7.1.1
1.1.5.89282.45.1.27
1.1.5.89298.3
1.1.5.89308.5.1.1
1.1.5.89440.11.1.5
1.1.5.89504.9.1.7.6
1.1.5.89652.10.1.5.3
1.1.5.89668.11.1.7.5
1.1.5.89742.33.5.12
1.1.5.89916.10.3.12.18
1.1.5.90035.32.1.13.13
1.1.5.90197.14.3.5
1.1.5.90201.5.1.3.11.12
1.1.5.90276.17.2.13.6
1.1.5.90395.3
1.1.5.90422.10.2.15
1.1.5.90465.19.3.8.35
1.1.5.90506.28.3.17
1.1.5.90529.5.1.7.2
1.1.5.90543.5.1.6.3.3.2
1.1.5.90628.5.1.4.2.7
1.1.5.90749.11.1.20.4.3
1.1.5.90750.19.1.25.11
1.1.5.90784.27.4.23.13.9.3
1.1.5.90810.17.2.10.7
1.1.5.90812.15.3.10.4.7.2
1.1.5.90887.8.3.12.5
1.1.5.90916.17.1.22.6
1.1.5.91038.5.1.1.1.3.2
1.1.5.91161.5.1
1.1.5.91180.22.1.9.4
1.1.5.91190.5.1
1.1.5.91324.5.1.2.1
1.1.5.91476.17.4.6.8
1.1.5.91477.27.2.6
1.1.5.91486.19.3.8.18
1.1.5.91489.15.5.19
1.1.5.91549.6
1.1.5.91565.16.3.4
1.1.5.91634.13.2.13.2.12
1.1.5.91636.16.2.20.1.2.8
1.1.5.91671.5.1.7.1.15.2
1.1.5.91881.22.1.7.13.44.1
1.1.5.92079.9.1.6.4
1.1.5.92084.16.1.9
1.1.5.92160.5.1.2.1
1.1.5.92231.31.3.26.2
1.1.5.92246.17.1.13.7
1.1.5.92275.5.1
1.1.5.92310.12.3.4.5.3
1.1.5.92341.8.3.8
1.1.5.92376.17.1.19.2
1.1.5.92513.5.1.8.6
1.1.5.92555.5.1.7.1
1.1.5.92585.14.3.8.3
1.1.5.92587.5.1.3.3.47
1.1.5.92619.10.1.16
1.1.5.92628.5.1.2.1.2
1.1.5.92679.12.1.4
1.1.5.92683.9.2.4.2
1.1.5.92810.15.3.9.4.6
1.1.5.93001.5.1.1
1.1.5.93037.11.2.12.12
1.1.5.93059.21.2.15.6.6.1.3
1.1.5.93131.5.1.3.2.26.2
1.1.5.93135.10.1.12
1.1.5.93140.5.1.1.13.31.5.12.20
1.1.5.93165.10.1.18.8
1.1.5.93211.13.1.4
1.1.5.93272.17.2.4
1.1.5.93274.5.1.4
1.1.5.93295.28
1.1.5.93339.5.1.3.2
1.1.5.93352.3
1.1.5.93373.5.1.1
1.1.5.93380.9.1.36
1.1.5.93388.5.1.10.6.19.11.12
1.1.5.93424.14.4
1.1.5.93541.9.1.4.4
1.1.5.93587.5.1.1.21.32.6.25
1.1.5.93623.58.2.4
1.1.5.93722.14.3.31.6.18.7.17
1.1.5.93739.5.1.3.1
1.1.5.93771.3
1.1.5.93793.21.2.16.9.5
1.1.5.93893.12.4.16.9
1.1.5.93974.5.1.3.2.8.1
1.1.5.94099.5.1.3.16.5.2
1.1.5.94101.5.1.3
1.1.5.94117.5.1.6.4.10
1.1.5.94175.37.2
1.1.5.94258.5.1.1.2.4.1
1.1.5.94304.13.1.6.21.27
1.1.5.94320.5.1.3.1
1.1.5.94333.6
1.1.5.94359.12
1.1.5.94450.5.1
1.1.5.94451.5.1.1.1.9
1.1.5.94547.16.2
1.1.5.94617.10.2.10
1.1.5.94638.5.1.6
1.1.5.94671.5.1.4.4.15.2.6
1.1.5.94702.5.1.4.3.7.1.1
1.1.5.94776.10.2.4.18.51
1.1.5.94873.56.2.11.13.14.3.31
1.1.5.94913.11.1.5
1.1.5.94993.9.1.7.6
1.1.5.95090.14.2.6.3.10
1.1.5.95147.5.1
1.1.5.95154.5.1.1.3
1.1.5.95172.5.1.1.1
1.1.5.95211.33.5.12
1.1.5.95279.17.1.18
1.1.5.95402.5.1.18.6
1.1.5.95515.3
1.1.5.95520.5.1.1.1.22
1.1.5.95524.32.1.23
1.1.5.95663.5.1.1.1.26.2
1.1.5.95685.14.3.5
1.1.5.95689.5.1.3.11.21
1.1.5.95776.15.1.10.7
1.1.5.95887.3
1.1.5.95969.19.3.8.35
1.1.6.16.5.1.2
1.1.6.45.5.1.7.2
1.1.6.66.14.3.7.4
1.1.6.187.14.5.24.14.5
1.1.6.194.13
1.1.6.271.11.1.20.4.3
1.1.6.272.19.1.25.11
1.1.6.375.5.1.3.2.5.1.4
1.1.6.401.8.3.12.5
1.1.6.424.5.1.3.1.1.1.4
1.1.6.593.5.1.12.20
1.1.6.595.16.2.8.2
1.1.6.651.5.1
1.1.6.672.22.1.9.4
1.1.6.682.5.1
1.1.6.748.5.1.5
1.1.6.816.5.1.2.1
1.1.6.956.5.1.18
1.1.6.1015.6
1.1.6.1031.16.3.4
1.1.6.1124.8.2.12.16.26
1.1.6.1285.22.5.8
1.1.6.1321.22.1.7.12.12.1
1.1.6.1519.5.1.8
1.1.6.1520.10.1.4.3
1.1.6.1571.25.2.14.1
1.1.6.1689.31.3.26.2
1.1.6.1704.17.1.13.7
1.1.6.1733.5.1
1.1.6.1764.5.1.1
1.1.6.1781.14.1.9
1.1.6.1830.36.1.15.10
1.1.6.1949.5.1.3.8
1.1.6.1992.26.2
1.1.6.2024.3
1.1.6.2046.5.1.8.3.8
1.1.6.2049.5.1.1.1
1.1.6.2065.5.1.23.2
1.1.6.2070.10.1.16
1.1.6.2079.5.1.2.1.2
1.1.6.2123.49.1.16
1.1.6.2128.5.1.17
1.1.6.2146.5.1.28.1.3
1.1.6.2248.15.3.9.4.6
1.1.6.2447.5.1.1
1.1.6.2483.11.2.12.12
1.1.6.2505.21.2.15.6.6.1.3
1.1.6.2573.5.1.27.8
1.1.6.2608.10.1.18.8
1.1.6.2652.13.1.4
1.1.6.2808.9.1.21
1.1.6.2816.5.1.10.6.19.7.15
1.1.6.2897.10.1.4
1.1.6.2899.8.1.7.4
1.1.6.2950.9.1.4.4
1.1.6.2996.22.2.20.1.1
1.1.6.3013.9.1.9
1.1.6.3032.58.2.4
1.1.6.3108.5.1.3.1
1.1.6.3134.5.1.2
1.1.6.3190.3
1.1.6.3216.14.2.6.5
1.1.6.3311.12.4.16.9
1.1.6.3465.18.2.12.3
1.1.6.3513.5.1.3.3.4.7
1.1.6.3515.5.1.3
1.1.6.3531.5.1.6.4.10
1.1.6.3577.5.1
1.1.6.3590.37.2
1.1.6.3646.9.1.43
1.1.6.3675.14.1.4.1.1
1.1.6.3681.19.2
1.1.6.3744.22.2
1.1.6.3757.6
1.1.6.3783.12
1.1.6.3876.5.1.2.7.30.1
1.1.6.3876.5.1.3.1.4
1.1.6.3885.17.2.5.3.22.1
1.1.6.3968.16.2
1.1.6.4041.9.1.4
1.1.6.4063.5.1.6
1.1.6.4096.5.1.4.4.15.2.6
1.1.6.4127.5.1.4.3.7.1.1
1.1.6.4346.11.1.5
1.1.6.4580.5.1
1.1.6.4603.10.1.5.3
1.1.6.4619.11.1.7.5
1.1.6.4693.33.5.12
1.1.6.4986.32.1.13.13
1.1.6.5147.21.1.9.2.29
1.1.6.5170.9.1.4.2
1.1.6.5175.9.1.9.4
1.1.6.5249.17.2.13.6
1.1.6.5374.3
1.1.6.5443.9.1.4
1.1.6.5462.26.2.5.3.8
1.1.6.5486.14.2.12.9.8.4
1.1.6.5528.14.2
1.1.6.5551.5.1.6.3.3.2
1.1.6.5642.5.1.4.2.7
1.1.6.5748.5.1.3.3.10.1.9
1.1.6.5761.5.1.22.13
1.1.6.5763.5.1.31
1.1.6.5821.17.2.10.7
1.1.6.5823.15.3.10.4.7.2
1.1.6.5865.5.1.3.2.5.1.4
1.1.6.5891.8.3.12.5
1.1.6.5914.5.1.3.1.1.1.4
1.2.57.6.3.44.2
1.2.165.4.2.4
1.2.171.2.1
1.2.216.4.2
1.2.270.10.5.15.1.1
1.2.409.4.2.9
1.2.432.3
1.2.562.4.2
1.2.740.4.2.6.1
1.2.741.2.1.3.3.6.3.7
1.2.770.2.1.4.2.3.3
1.2.848.2.1.2.1
1.2.885.4.2.6.3
1.2.892.1
1.2.1225.2.1.3.1.1
1.2.1279.4.2.4.1
1.2.1311.4.2
1.2.1335.2.1.20.3.11.4
1.2.1353.2.1
1.2.1591.6.3.48.1
1.2.1761.10.5.10.2.7.2
1.2.1837.7
1.2.1881.6.3.12.1.5.1
1.2.1885.4.2.21.3
1.2.1906.4.2
1.2.1920.2.1.14.3.12.7.3
1.2.1961.2.1.3.1.3.2
1.2.2182.5
1.2.2486.6.3.6.1
1.2.2486.6.3.7.1
1.2.2486.6.3.8.1.5.1.1
1.2.2575.2.1.2.1.11
1.2.2652.2.1.1.1.1.9
1.2.2771.1
1.2.2804.4.2.7.2.13.3
1.2.3063.10.5.10.4
1.2.3130.2.1.4.4.4.4.5
1.2.3244.4.2.6
1.2.3277.2.1.2.2.9.2.5.24
1.2.3286.6.3.5.1
1.2.3310.2.1.9.2.4.5.25
1.2.3494.2.1.10
1.2.3642.20.10.20.2.7.4.32
1.2.3661.2.1.2.2
1.2.3677.6.3.4.4
1.2.3681.4.2.9.1.2
1.2.3727.6.3.12.1.3.1.2
1.2.3742.2.1.3.3.8.1
1.2.3746.8.4.12.2
1.2.3767.2.1
1.2.3827.2.1.3.2.5.1.18
1.2.3837.2.1.6
1.2.3888.8.4.39.3.12.5.18
1.2.4150.2.1
1.2.4167.6.3.13.1.1.1
1.2.4177.4.2.10
1.2.4223.6.3.17.1.2.2
1.2.4283.2.1.2.2
1.2.4375.2.1.25.14
1.2.4436.2.1.7.1.2.1.3
1.2.4513.2.1.3.1.10.4.12
1.2.4550.2.1.3.1.3.1
1.2.4574.12.6.12
1.2.4660.4.2.19.6
1.2.4753.2.1.12
1.2.4754.2.1
1.2.4768.4.2
1.2.4778.4.2
1.2.4848.10.5.10.1.1
1.2.4937.2.1
1.2.4948.2.1
1.2.4965.2.1.10.5.9.2
1.2.4979.2.1.19.7.17.2
1.2.5296.2.1.9.3.5.1
1.2.5309.2.1.2.2.3.1.11
1.2.5406.2.1.9.1.2.1.3
1.2.5417.12.6.15.5.7
1.2.5432.4.2
1.2.5560.2.1.5.1
1.2.5607.8.4.32.3.6
1.2.5675.4.2.29.2.13.1.1
1.2.5866.2.1.8.9
1.5.59.15.2.1
1.5.125.5.2.1.11.1.15.4
1.5.130.12.2.1.18
1.5.170.12.2.1.2.2.36.4
1.5.277.19.2.1
1.5.282.7.2.1.8
1.5.314.8.2.1.1.5.8.5.35
1.5.340.8.2.1.5.8.20
1.5.418.7.2.1.16.2
1.5.425.7.2.1
1.5.502.8.2.1.2.2
1.5.555.12.2.1.3.3.53.1
1.5.644.6.2.1.17.1.2.1
1.5.691.16.2.1.1.1.8.1.46
1.5.1110.7.2.1
1.5.1223.14.2.1.15
1.5.1238.19.2.1
1.5.1270.13.2.1.6.1.1.6.23.17
1.5.1513.9.2.1.2.1.4.1
1.5.1531.28.2.1.19.2.5.2
1.5.1816.7.2.1
1.5.2022.7.2.1.6
1.5.2081.10.2.1.1.1.3.1
1.5.2392.6.2.1.3.1.1.1
1.5.2478.7.2.1
1.5.3036.9.2.1.10.1.10.8
1.5.3133.15.2.1.1.1.14.2.8.19
1.5.3142.7.2.1.11.1.4.4
1.5.3170.17.2.1.6
1.5.3226.7.2.1.6.2
1.5.3245.9.2.1.4.2.13.1.7
1.5.3261.8.2.1.2.2.20
1.5.3302.9.2.1.2.2.5
1.5.3413.18.2.1.4.2.7
1.5.3422.8.2.1.7.2
1.5.3430.7.2.1.19.13.37.3.5
1.5.3495.15.2.1.8.2.3.1
1.5.3497.10.2.1.12.3.9.1
1.5.3576.15.2.1
1.5.3690.16.2.1
1.5.3712.10.2.1
1.5.3836.10.2.1
1.5.3853.8.2.1.7.1
1.5.3867.11.2.1.7.1.6
1.5.3939.6.2.1.9.2.6.2
1.5.4208.8.2.1.19.3
1.5.4213.8.2.1.28.8.31.1
1.5.4275.13.2.1.4.1
1.5.4325.26.2.1.9
1.5.4506.20.2.1.20.4.6
1.5.4626.12.2.1
1.5.4644.18.2.1.2.1
1.5.4681.10.2.1.13.2
1.5.4830.8.2.1
1.5.4918.6.2.1.15.4.9
1.5.4933.7.2.1.4.2.4
1.5.4945.15.2.1
1.5.5017.18.2.1.2.1.13.1.3
1.5.5032.12.2.1.8.1.2.1.1
1.5.5134.6.2.1.43.1
1.5.5162.6.2.1.24
1.5.5173.8.2.1.2.2.14
1.5.5248.9.2.1.2.1
1.5.5250.14.2.1.7.4.9.2.2
1.5.5270.10.2.1.9.5.8
1.5.5619.8.2.1.17.2.8.3
1.5.5688.6.2.1.22
1.5.5815.8.2.1.48.2
1.5.5868.21.2.1
1.5.5883.14.2.1.10.1.3
1.5.5897.13.2.1
1.5.5977.8.2.1.11.4.13.1
1.5.6039.7.2.1.3.2
1.5.6077.7.2.1.4.1
1.5.6085.12.2.1.9.1.1
1.5.6433.22.2.1.15.3
1.5.6547.10.2.1.3.1.1
1.5.6549.7.2.1.8.2.3.2.16
1.5.6820.9.2.1.6.2
1.5.6827.9.2.1
1.5.6843.9.2.1.6.3.11.4.7
1.5.6983.16.2.1.12
1.5.7012.7.2.1.17.2.72.4.5.12
1.5.7174.8.2.1.17
1.5.7288.5.2.1.11.1.15.4
1.5.7293.12.2.1.18
1.5.7328.9.2.1.1.6
1.5.7361.6.2.1.2.1.5.2.1
1.5.7420.19.2.1
1.5.7425.7.2.1.8
1.5.7457.8.2.1.1.5.8.5.35
1.5.7483.35.2.1.21.3.4
1.5.7484.11.2.1.2.2.5.2.3
1.5.7565.7.2.1.16.2
1.5.7687.10.2.1.3.1.3.3
1.5.7766.6.2.1.17.1.2.1
1.5.7814.8.2.1.4.1.2
1.5.7912.6.2.1.1.1.4.1.9
1.5.8203.20.2.1.8.2.5.1
1.5.8206.30.2.1.5.4.13.4
1.5.8213.6.2.1.16.7
1.5.8218.6.2.1.4
1.5.8234.29.2.1.3.1.7.5.39
1.5.8290.5.2.1
1.5.8308.6.2.1.2.2.21.2
1.5.8378.14.2.1.15
1.5.8393.19.2.1
1.5.8427.13.2.1.6.1.1.4.24.16
1.5.8611.8.2.1.5.2
1.5.8650.9.2.1.2.1.4.1
1.5.8668.28.2.1.19.2.5.2
1.5.8734.23.2.1.12.2.5.1
1.5.8839.14.2.1.33
1.5.8917.9.2.1.2.5.15
1.5.8962.7.2.1
1.5.9137.17.2.1.2.7.14.2
1.5.9174.9.2.1.7
1.5.9176.11.2.1.12
1.5.9257.7.2.1.4.2.10.2.4.3
1.5.9536.6.2.1.3.1.1.1
1.5.9626.7.2.1
1.5.9715.9.2.1.30.10
1.5.9724.9.2.1.9.3.29
1.5.9836.10.2.1.9
1.5.10061.7.2.1.10.1
1.5.10075.5.2.1.3.5
1.5.10129.8.2.1.9.1.4.8.15
1.5.10158.9.2.1.10.1.10.8
1.5.10255.15.2.1.1.1.14.2.8.27
1.5.10264.7.2.1.11.1.4.4
1.5.10350.7.2.1.33.2
1.5.10369.9.2.1.4.2.13.1.7
1.5.10385.8.2.1.2.2.20
1.5.10422.9.2.1.2.2.5
1.5.10529.18.2.1.4.2.7
1.5.10538.8.2.1.7.2
1.5.10546.7.2.1.19.13.37.3.5
1.5.10607.15.2.1.8.2.3.1
1.5.10609.10.2.1.12.3.9.1
1.5.10679.15.2.1
1.5.10794.21.2.1.5.3.38
1.5.10819.9.2.1
1.5.10950.11.2.1.7.1.6
1.5.10979.13.2.1.13.4.15.5
1.5.11012.6.2.1.9.2.6.2
1.5.11160.16.2.1.2.2.37.2.28
1.5.11256.8.2.1.9.3
1.5.11261.8.2.1.18.8.30.1
1.5.11323.13.2.1.4.1
1.5.11373.26.2.1.9
1.5.11533.20.2.1.20.4.6
1.5.11650.12.2.1
1.5.11661.12.2.1.1.1
1.5.11664.23.2.1.10.3.11.1
1.5.11696.10.2.1.13.2
1.5.11844.8.2.1
1.5.11941.10.2.1.13.1.1.1
1.5.12025.18.2.1.2.1.13.1.3
1.5.12040.12.2.1.8.1.2.1.1
1.5.12168.6.2.1.24
1.5.12179.8.2.1.2.2.14
1.5.12253.8.2.1.3.1
1.5.12258.13.2.1.3
1.5.12291.7.2.1.8.1.1
1.5.12631.8.2.1.17.2.8.3
1.5.12883.21.2.1
1.5.12898.14.2.1.9.1.3
1.5.12912.13.2.1
1.5.12993.8.2.1.11.4.13.1
1.5.13055.7.2.1.3.2
1.5.13109.17.2.1.4.1.7
1.5.13373.8.2.1.1.1.2.2
1.5.13475.22.2.1.15.3
1.5.13556.7.2.1.20.4
1.5.13581.6.2.1.1.1.8.5
1.5.13597.10.2.1.3.1.1
1.5.13599.7.2.1.8.2.3.2.16
1.5.13859.13.2.1.11.8.22
1.5.13867.13.2.1.7.4.19.4
1.5.13869.11.2.1.5
1.5.14006.16.2.1.9
1.5.14033.7.2.1.8.1.1
1.5.14332.8.2.1.1.3.7.1.7.15
1.5.14332.8.2.1.4.2.3.2.17
1.5.14371.12.2.1.2.2.36.4
1.5.14478.19.2.1
1.5.14483.7.2.1.8
1.5.14515.8.2.1.1.5.8.5.35
1.5.14540.9.2.1.12
1.5.14619.7.2.1.16.2
1.5.14824.6.2.1.17.1.2.1
1.5.14870.16.2.1.1.1.8.1.41
1.5.15249.13.2.1
1.5.15266.7.2.1.3.2.4.5.18
1.5.15332.5.2.1
1.5.15350.6.2.1.2.2.21.2
1.5.15420.14.2.1.15
1.5.15435.19.2.1
1.5.15469.13.2.1.6.1.1.4.24.16
1.5.15716.9.2.1.2.1.4.1
1.5.15734.28.2.1.19.2.5.2
1.5.15795.14.2.1.5.2.9.12
1.5.15897.14.2.1.42
1.5.15993.12.2.1.3.1.1
1.5.16045.7.2.1
1.5.16204.17.2.1.2.7.14.2
1.5.16241.9.2.1.7
1.5.16300.10.2.1.1.1.3.1
1.5.16628.6.2.1.3.1.1.1
1.5.16718.6.2.1.29.9.21
1.5.17167.7.2.1.10.1
1.5.17181.5.2.1.3.5
1.5.17235.8.2.1.9.1.4.8.15
1.5.17366.8.2.1.8.12.20.1.1.22
1.5.17425.6.2.1
1.5.17489.9.2.1.4.2.20.1.7
1.5.17532.7.2.1.3.1
1.5.17666.18.2.1.4.2.7
1.5.17675.8.2.1.7.2
1.5.17683.7.2.1.19.13.37.3.5
1.5.17748.15.2.1.8.2.3.1
1.5.17815.6.2.1.2.2.12
1.5.17818.13.2.1.5.5.22.4.23
1.5.17865.20.2.1.3
1.5.17870.21.2.1.11.1
1.5.17929.21.2.1.3.2.3
1.5.17948.10.2.1
1.5.18082.8.2.1.7.1
1.5.18096.11.2.1.7.1.6
1.5.18167.6.2.1.9.2.6.2
1.5.18432.8.2.1.19.3
1.5.18437.8.2.1.28.8.31.1
1.5.18499.13.2.1.4.1
1.5.18557.26.2.1.20
1.5.18733.20.2.1.20.4.6
1.5.18851.12.2.1
1.5.18862.12.2.1.1.1
1.5.18867.7.2.1.3.3.21.1
1.5.18868.7.2.1
1.5.19027.8.2.1
1.5.19120.6.2.1
1.5.19135.5.2.1.29.7.5.1
1.5.19135.5.2.1.30.1.1.1.5
1.5.19206.18.2.1.15
1.5.19346.6.2.1.24
1.5.19357.8.2.1.2.2.14
1.5.19428.36.2.1.33
1.5.19662.9.2.1.2.1
1.5.19698.14.2.1.3.1
1.5.19796.8.2.1.17.2.8.3
1.5.20080.11.2.1
1.5.20159.8.2.1.11.4.13.1
1.5.20221.7.2.1.3.2
1.5.20333.7.2.1
1.5.20408.7.2.1.1.17.65.1
1.5.20408.7.2.1.1.17.66.1
1.5.20701.7.2.1.20.4
1.5.20747.10.2.1.3.1.1
1.5.20749.7.2.1.8.2.3.2.16
1.5.20987.9.2.1.15.2
1.5.20994.9.2.1
1.5.21010.9.2.1.6.3.11.4.7
1.5.21053.7.2.1.7.4.6.1
1.5.21073.11.2.1
1.5.21141.6.2.1.9.2.3.2.14
1.5.21150.12.2.1.1
1.5.21192.17.2.1.7.1.1
1.5.21378.8.2.1.17
1.5.21489.5.2.1.11.1.15.4
1.5.21494.12.2.1.18
1.5.21565.6.2.1.2.1.5.2.1
1.5.21621.19.2.1
1.5.21626.7.2.1.8
1.5.21658.8.2.1.1.5.8.5.35
1.5.21684.8.2.1.5.8.20
1.5.21762.7.2.1.16.2
1.5.21769.7.2.1
1.5.21846.8.2.1.2.2
1.5.21899.12.2.1.3.3.53.1
1.5.21909.10.2.1.3.1.3.3
1.5.21983.6.2.1.17.1.2.1
1.5.22029.16.2.1.1.1.8.1.41
1.5.22369.16.2.1.4.2.8.2
1.5.22389.20.2.1.8.2.5.1
1.5.22392.30.2.1.5.4.13.4
1.5.22399.6.2.1.16.7
1.5.22404.6.2.1.4
1.5.22481.5.2.1
1.5.22499.6.2.1.2.2.21.2
1.5.22569.14.2.1.15
1.5.22584.19.2.1
1.5.22624.6.2.1
1.5.22842.6.2.1.23.2
1.5.22854.10.2.1.3.7.8.2
1.5.22869.28.2.1.18.2.5.2
1.5.22930.14.2.1.5.2.9.12
1.5.23034.14.2.1.33
1.5.23115.9.2.1.2.5.19
1.5.23160.7.2.1
1.5.23330.6.2.1
1.5.23358.7.2.1.23
1.5.23417.10.2.1.1.1.3.1
1.5.23702.23.2.1.32.1
1.5.23720.6.2.1.3.1.1.1
1.5.23810.6.2.1.29.9.21
1.5.23892.9.2.1.30.10
1.5.24015.10.2.1.9
1.5.24251.7.2.1.10.1
1.5.24265.5.2.1.3.5
1.5.24319.8.2.1.9.1.4.8.15
1.5.24445.11.2.1.18.7.19.1.1.26
1.5.24473.17.2.1.6
1.5.24502.6.2.1
1.5.24566.9.2.1.4.2.20.1.7
1.5.24609.7.2.1.3.1
1.5.24721.9.2.1.5.2.6.2
1.5.24740.11.2.1.29.3.4.2.4.23
1.5.24741.6.2.1.32.3.8.1.2
1.5.24798.11.2.1.5.2
1.5.24871.15.2.1
1.5.24928.20.2.1.3
1.5.24933.21.2.1.11.1
1.5.24992.21.2.1.3.2.3
1.5.25017.9.2.1
1.5.25129.10.2.1
1.5.25152.11.2.1.2.1.35
1.5.25223.6.2.1.9.2.6.2
1.5.25480.12.2.1.16.1.5.1.1
1.5.25541.13.2.1.4.1
1.5.25591.26.2.1.9
1.5.25662.7.2.1.4.1.23
1.5.25776.20.2.1.20.4.6
1.5.25894.12.2.1
1.5.25912.18.2.1.2.1
1.5.25947.10.2.1.40.2
1.5.26093.8.2.1
1.5.26183.7.2.1.4.1
1.5.26192.10.2.1.13.1.1.1
1.5.26271.18.2.1.15
1.5.26316.7.2.1
1.5.26383.6.2.1.43.1
1.5.26411.6.2.1.24
1.5.26422.8.2.1.2.2.14
1.5.26493.9.2.1.2.1
1.5.26495.14.2.1.7.4.9.2.2
1.5.26515.10.2.1.9.5.8
1.5.26753.14.2.1.3.1
1.5.27006.6.2.1.4.4.17.2
1.5.27098.8.2.1.9
1.5.27187.8.2.1.11.4.13.1
1.5.27249.7.2.1.3.2
1.5.27306.17.2.1.4.1.7
1.5.27576.8.2.1.1.1.2.2
1.5.27795.10.2.1.3.1.1
1.5.27797.7.2.1.8.2.3.2.16
1.5.27824.21.2.1.12.4
1.5.28049.9.2.1.15.2
1.5.28056.9.2.1
1.5.28072.9.2.1.6.3.11.4.7
1.5.28115.7.2.1.7.4.6.1
1.5.28166.21.2.1.13.2.6.1.21
1.5.28221.7.2.1.1.1.2.1.1
1.5.28422.8.2.1.17
1.5.28533.5.2.1.11.1.15.4
1.5.28538.12.2.1.18
1.5.28698.8.2.1.1.6.19.9.33
1.5.28724.8.2.1.5.8.20
1.5.28802.7.2.1.16.2
1.5.29014.6.2.1.17.1.2.1
1.5.29060.16.2.1.1.1.8.1.41
1.5.29483.7.2.1
1.5.29528.16.2.1.5.3.21.9
1.5.29602.14.2.1.15
1.5.29617.19.2.1
1.5.29655.6.2.1
1.5.29894.9.2.1.2.1.4.1
1.5.29912.28.2.1.19.2.5.2
1.5.29973.14.2.1.5.2.9.12
1.5.30084.14.2.1.33
1.5.30184.12.2.1.3.1.1
1.5.30236.7.2.1
1.5.30428.7.2.1.6
1.5.30487.10.2.1.1.1.3.1
1.5.30752.6.2.1
1.5.30805.23.2.1.32.1
1.5.30823.6.2.1.3.1.1.1
1.5.30913.7.2.1
1.5.31359.7.2.1.10.1
1.5.31373.5.2.1.3.5
1.5.31427.8.2.1.9.1.4.8.15
1.5.31466.7.2.1.3.2.3.1.31
1.5.31551.15.2.1.1.1.14.2.8.12
1.5.31562.6.2.1.12.3
1.5.31591.17.2.1.6
1.5.31620.6.2.1
1.5.31707.8.2.1.2.2.20
1.5.31723.7.2.1.3.1
1.5.31846.9.2.1.5.2.6.2
1.5.31865.7.2.1.12.3.6
1.5.31929.15.2.1.8.2.3.1
1.5.31931.10.2.1.12.3.9.1
1.5.32008.15.2.1
1.5.32123.21.2.1.5.3.38
1.5.32148.9.2.1
1.5.32231.6.2.1.11.1
1.5.32286.11.2.1.7.1.6
1.5.32357.6.2.1.9.2.6.2
1.5.32615.12.2.1.15.1.5.1.1
1.5.32676.13.2.1.4.1
1.5.32734.26.2.1.20
1.5.32806.15.2.1.5.1.6
1.5.32818.7.2.1.9
1.5.32905.20.2.1.20.4.6
1.5.33036.13.2.1.20.5.12.5
1.5.33068.10.2.1.13.2
1.5.33222.8.2.1
1.5.33316.6.2.1
1.5.33331.5.2.1.29.7.5.1
1.5.33331.5.2.1.30.1.1.1.5
1.5.33425.12.2.1.8.1.2.1.1
1.5.33523.6.2.1.43.1
1.5.33551.6.2.1.24
1.5.33562.8.2.1.2.2.14
1.5.33635.13.2.1.35.4.42.2.3
1.5.33655.10.2.1.9.5.8
1.5.33898.14.2.1.3.1
1.5.33993.8.2.1.17.2.7.5
1.5.34064.8.2.1
1.5.34183.8.2.1.48.2
1.5.34243.21.2.1
1.5.34258.14.2.1.9.1.3
1.5.34272.13.2.1
1.5.34418.8.2.1
1.5.34721.8.2.1.1.1.2.2
1.5.34748.6.2.1.7
1.5.34755.14.2.1.5.1.6.1.5
1.5.34757.8.2.1
1.5.34945.7.2.1.20.4
1.5.34988.10.2.1.3.1.1
1.5.34990.7.2.1.8.2.3.2.16
1.5.35017.21.2.1.12.4
1.5.35255.9.2.1.15.2
1.5.35262.9.2.1
1.5.35278.9.2.1.6.3.11.4.7
1.5.35342.11.2.1
1.5.35416.16.2.1.9
1.5.35445.7.2.1.17.2.72.4.5.13
1.5.35573.7.2.1.3.1.2
1.5.35744.8.2.1.1.3.7.1.7.15
1.5.35744.8.2.1.4.2.3.2.17
1.5.35783.12.2.1.2.2.36.4
1.5.35889.7.2.1.8
1.5.35921.8.2.1.1.5.8.5.32
1.5.35943.6.2.1.1.2.12
1.5.35949.10.2.1.9.10
1.5.36024.7.2.1.16.2
1.5.36141.10.2.1.3.1.3.3
1.5.36220.6.2.1.17.1.2.1
1.5.36266.16.2.1.1.1.8.1.41
1.5.36597.16.2.1.4.2.8.2
1.5.36702.5.2.1
1.5.36720.6.2.1.2.2.21.2
1.5.36790.14.2.1.15
1.5.36805.19.2.1
1.5.36839.13.2.1.6.1.1.4.24.16
1.5.37084.9.2.1.2.1.4.1
1.5.37102.28.2.1.19.2.5.2
1.5.37163.14.2.1.5.2.9.12
1.5.37257.10.2.1
1.5.37318.12.2.1
1.5.37340.12.2.1.14
1.5.37383.7.2.1
1.5.37580.7.2.1.6
1.5.37639.10.2.1.1.1.3.1
1.5.37826.10.2.1.8.1.3.6
1.5.37964.6.2.1.3.1.1.1
1.5.38054.6.2.1.29.9.21
1.5.38264.10.2.1.9
1.5.38319.8.2.1.7
1.5.38481.7.2.1.10.1
1.5.38495.5.2.1.3.5
1.5.38549.8.2.1.9.1.4.8.15
1.5.38680.11.2.1.18.7.19.1.1.22
1.5.38708.17.2.1.6
1.5.38795.9.2.1.4.2.20.1.7
1.5.38838.7.2.1.3.1
1.5.38957.9.2.1.5.2.6.2
1.5.38977.7.2.1.29.3.6
1.5.39010.8.2.1.27.7.10
1.5.39035.11.2.1.10.3
1.5.39100.6.2.1.2.2.12
1.5.39103.13.2.1.5.5.22.4.23
1.5.39219.21.2.1.5.3.11
1.5.39244.9.2.1
1.5.39383.11.2.1.7.1.6
1.5.39454.6.2.1.9.2.6.2
1.5.39695.8.2.1.9.3
1.5.39700.8.2.1.18.8.30.1
1.5.39762.13.2.1.4.1
1.5.39820.26.2.1.20
1.5.39977.9.2.1.1.1.7
1.5.40090.12.2.1
1.5.40101.12.2.1.1.1
1.5.40106.7.2.1.3.3.21.1
1.5.40107.7.2.1
1.5.40271.8.2.1
1.5.40354.6.2.1.18.4.9
1.5.40369.7.2.1.4.2.4
1.5.40381.15.2.1
1.5.40450.18.2.1.2.1.13.1.3
1.5.40596.6.2.1.24
1.5.40607.8.2.1.2.2.14
1.5.40624.9.2.1.14.1.16.5.13
1.5.40680.13.2.1.35.4.42.2.3
1.5.40700.10.2.1.9.5.8
1.5.41042.8.2.1.17.2.8.3
1.5.41317.11.2.1
1.5.41396.8.2.1.11.4.13.1
1.5.41455.8.2.1
1.5.41764.8.2.1.1.1.2.2
1.5.41791.6.2.1.7
1.5.41798.14.2.1.5.1.6.1.5
1.5.41800.8.2.1
1.5.41988.7.2.1.20.4
1.5.42036.10.2.1.3.1.1
1.5.42038.7.2.1.8.2.3.2.16
1.5.42285.13.2.1.11.8.54
1.5.42293.13.2.1.7.4.19.4
1.5.42295.11.2.1.5
1.5.42434.6.2.1.9.2.3.2.12
1.5.42443.12.2.1.1
1.5.42787.5.2.1.11.1.15.4
1.5.42792.12.2.1.18
1.5.42832.12.2.1.2.2.36.4
1.5.42863.6.2.1.2.1.5.2.1
1.5.42919.19.2.1
1.5.42924.7.2.1.8
1.5.42956.8.2.1.1.5.8.5.35
1.5.42984.20.2.1.1.1.1.2.10
1.5.42986.8.2.1.4
1.5.43071.7.2.1.16.2
1.5.43078.7.2.1
1.5.43295.6.2.1.17.1.2.1
1.5.43342.16.2.1.1.1.8.1.46
1.5.43687.16.2.1.4.2.8.2
1.5.43707.20.2.1.8.2.5.1
1.5.43710.30.2.1.5.4.13.4
1.5.43717.6.2.1.16.7
1.5.43722.6.2.1.4
1.5.43814.8.2.1.2.5.9.2
1.5.43888.14.2.1.15
1.5.43903.19.2.1
1.5.43944.6.2.1
1.5.44030.10.2.1.29.3.38.1
1.5.44167.6.2.1.23.2
1.5.44179.10.2.1.3.7.8.2
1.5.44194.28.2.1.18.2.5.2
1.5.44260.23.2.1.12.2.5.1
1.5.44365.14.2.1.33
1.5.44461.12.2.1.14
1.5.44504.7.2.1
1.5.44674.17.2.1.2.7.14.2
1.5.44711.9.2.1.7
1.5.44713.11.2.1.12
1.5.44783.7.2.1.1.1.2
1.5.45009.15.2.1.30.4
1.5.45064.6.2.1.3.1.1.1
1.5.45154.7.2.1
1.5.45243.9.2.1.30.10
1.5.45252.9.2.1.9.3.29
1.5.45790.15.2.1.1.1.14.2.8.18
1.5.45799.7.2.1.11.1.4.4
1.5.45827.17.2.1.6
1.5.45856.6.2.1
1.5.45923.6.2.1.7
1.5.45940.8.2.1.2.2.20
1.5.45956.7.2.1.3.1
1.5.46069.9.2.1.5.2.6.2
1.5.46088.7.2.1.12.3.6
1.5.46128.8.2.1.27.7.10
1.5.46230.15.2.1
1.5.46287.20.2.1.3
1.5.46292.21.2.1.11.1
1.5.46351.21.2.1.3.2.3
1.5.46376.9.2.1
1.5.46497.10.2.1
1.5.46520.11.2.1.2.1.35
1.5.46591.6.2.1.9.2.6.2
1.5.46618.10.2.1.9.2
1.5.46881.12.2.1.5.3.10.1
1.5.46948.13.2.1.4.1
1.5.47006.26.2.1.20
1.5.47156.20.2.1.20.4.6
1.5.47289.18.2.1.2.1
1.5.47324.10.2.1.40.2
1.5.47464.8.2.1
1.5.47549.7.2.1.4.1
1.5.47558.10.2.1.13.1.1.1
1.5.47641.18.2.1.2.1.13.1.3
1.5.47656.12.2.1.8.1.2.1.1
1.5.47756.6.2.1.43.1
1.5.47784.6.2.1.24
1.5.47795.8.2.1.2.2.14
1.5.47868.36.2.1.3
1.5.48144.14.2.1.3.1
1.5.48242.8.2.1.17.2.8.3
1.5.48475.21.2.1
1.5.48490.14.2.1.10.1.3
1.5.48504.13.2.1
1.5.48585.8.2.1.11.4.13.1
1.5.48639.7.2.1.3.2
1.5.48696.17.2.1.4.1.7
1.5.48838.7.2.1.1.17.55.1
1.5.48838.7.2.1.1.17.56.1
1.5.48958.8.2.1.1.1.2.2
1.5.49070.6.2.1
1.5.49196.10.2.1.3.1.1
1.5.49198.7.2.1.8.2.3.2.16
1.5.49225.21.2.1.12.4
1.5.49435.9.2.1.15.2
1.5.49442.9.2.1
1.5.49458.9.2.1.6.3.11.4.7
1.5.49597.6.2.1.9.2.3.2.14
1.5.49606.12.2.1.1
1.5.49831.8.2.1.17
1.5.49945.5.2.1.11.1.15.4
1.5.49950.12.2.1.18
1.5.50021.6.2.1.2.1.5.2.1
1.5.50077.19.2.1
1.5.50082.7.2.1.8
1.5.50114.8.2.1.1.5.8.5.35
1.5.50140.8.2.1.5.8.20
1.5.50218.7.2.1.16.2
1.5.50225.7.2.1
1.5.50364.9.2.1.2.2
1.5.50455.6.2.1.17.1.2.1
1.5.50502.16.2.1.1.1.8.1.46
1.5.50836.16.2.1.4.2.8.2
1.5.50941.5.2.1
1.5.50959.6.2.1.2.2.21.2
1.5.51029.14.2.1.15
1.5.51044.19.2.1
1.5.51082.6.2.1
1.5.51326.28.2.1.19.2.5.2
1.5.51392.23.2.1.12.2.5.1
1.5.51508.14.2.1.33
1.5.51521.10.2.1
1.5.51587.12.2.1.3.1.1
1.5.51639.7.2.1
1.5.51810.17.2.1.2.7.14.2
1.5.51847.9.2.1.7
1.5.51906.10.2.1.1.1.3.1
1.5.52149.6.2.1
1.5.52202.23.2.1.32.1
1.5.52220.6.2.1.3.1.1.1
1.5.52313.7.2.1
1.5.52771.7.2.1.10.1
1.5.52785.5.2.1.3.5
1.5.52839.8.2.1.9.1.4.8.15
1.5.52868.9.2.1.10.1.10.8
1.5.52968.11.2.1.7.1.20.2
1.5.52973.8.2.1.3.1.2.1
1.5.52979.11.2.1.15.2
1.5.53009.17.2.1.2
1.5.53038.6.2.1
1.5.53067.7.2.1.33.2
1.5.53086.9.2.1.4.2.13.1.7
1.5.53122.7.2.1.3.1
1.5.53242.18.2.1.4.2.7
1.5.53251.8.2.1.7.2
1.5.53259.7.2.1.19.13.37.3.5
1.5.53324.15.2.1.8.2.3.1
1.5.53391.6.2.1.2.2.12
1.5.53394.13.2.1.5.5.22.4.23
1.5.53505.21.2.1.5.3.11
1.5.53530.9.2.1
1.5.53643.10.2.1
1.5.53660.8.2.1.7.1
1.5.53674.11.2.1.7.1.6
1.5.53745.6.2.1.9.2.6.2
1.5.54018.8.2.1.9.3
1.5.54075.13.2.1.4.1
1.5.54133.26.2.1.20
1.5.54197.15.2.1.5.1.6
1.5.54209.7.2.1.9
1.5.54300.9.2.1.1.1.7
1.5.54418.12.2.1
1.5.54433.14.2.1.4.1
1.5.54444.7.2.1.4.3.9.1
1.5.54445.7.2.1
1.5.54604.8.2.1
1.5.54701.6.2.1.35.1.10.3
1.5.54712.7.2.1.4.2.4
1.5.54724.15.2.1
1.5.54810.12.2.1.8.1.2.1.1
1.5.54908.6.2.1.43.1
1.5.54936.6.2.1.24
1.5.54947.8.2.1.2.2.14
1.5.55023.36.2.1.3
1.5.55052.10.2.1.9.5.8
1.5.55253.9.2.1.2.1
1.5.55637.8.2.1.9
1.5.55726.8.2.1.11.4.13.1
1.5.55788.7.2.1.3.2
1.5.55845.17.2.1.4.1.7
1.5.56104.8.2.1.1.1.2.2
1.5.56206.22.2.1.15.3
1.5.56300.6.2.1.1.1.8.5
1.5.56316.10.2.1.3.1.1
1.5.56318.7.2.1.8.2.3.2.16
1.5.56564.12.2.1.10.1.4.2.7
1.5.56574.9.2.1
1.5.56590.9.2.1.6.3.11.4.7
1.5.56736.7.2.1.1.1.2.1.1
1.5.56780.17.2.1.7.1.1
1.5.56958.8.2.1.17
1.5.57069.5.2.1.11.1.15.4
1.5.57074.12.2.1.18
1.5.57114.12.2.1.2.2.36.4
1.5.57216.19.2.1
1.5.57221.7.2.1.8
1.5.57253.8.2.1.1.5.8.5.35
1.5.57275.6.2.1.1.2.12
1.5.57281.10.2.1.9.10
1.5.57356.7.2.1.16.2
1.5.57481.10.2.1.3.1.3.3
1.5.57560.6.2.1.17.1.2.1
1.5.57607.16.2.1.1.1.8.1.46
1.5.57691.6.2.1.1.1.4.1.9
1.5.57968.8.2.1.10.4.23.2.13
1.5.58048.5.2.1
1.5.58066.6.2.1.2.2.21.2
1.5.58136.14.2.1.15
1.5.58151.19.2.1
1.5.58192.6.2.1
1.5.58436.9.2.1
1.5.58620.14.2.1.33
1.5.58716.12.2.1.3.1.1
1.5.58768.7.2.1
1.5.58968.7.2.1.6
1.5.59027.10.2.1.1.1.3.1
1.5.59352.6.2.1.3.1.1.1
1.5.59442.6.2.1.29.9.21
1.5.59899.7.2.1.10.1
1.5.59913.5.2.1.3.5
1.5.59967.8.2.1.9.1.4.8.15
1.5.60086.15.2.1.1.1.14.2.8.26
1.5.60095.7.2.1.11.1.4.4
1.5.60123.17.2.1.6
1.5.60152.6.2.1
1.5.60214.9.2.1.18.5.11.1.7
1.5.60230.8.2.1.2.2.20
1.5.60246.7.2.1.3.1
1.5.60359.9.2.1.5.2.6.2
1.5.60378.7.2.1.12.3.6
1.5.60521.15.2.1
1.5.60578.20.2.1.3
1.5.60583.21.2.1.11.1
1.5.60653.21.2.1.3.2.3
1.5.60672.10.2.1
1.5.60808.12.2.1.21.1
1.5.60822.11.2.1.7.1.6
1.5.60893.6.2.1.9.2.6.2
1.5.61041.16.2.1.2.2.37.2.28
1.5.61142.12.2.1.16.1.5.1.1
1.5.61203.13.2.1.4.1
1.5.61261.26.2.1.20
1.5.61414.7.2.1.1.1.5.1.3
1.5.61520.12.2.1
1.5.61535.14.2.1.4.1
1.5.61546.7.2.1.4.3.9.1
1.5.61547.7.2.1
1.5.61718.8.2.1
1.5.61814.6.2.1
1.5.61829.5.2.1.29.7.5.1
1.5.61829.5.2.1.30.1.1.1.5
1.5.61901.18.2.1.15
1.5.62051.6.2.1.24
1.5.62062.8.2.1.2.2.14
1.5.62135.36.2.1.3
1.5.62375.9.2.1.2.1
1.5.62766.21.2.1
1.5.62781.14.2.1.10.1.3
1.5.62795.13.2.1
1.5.62994.7.2.1.4.1
1.5.63002.12.2.1.9.1.1
1.5.63256.8.2.1.1.1.2.2
1.5.63283.6.2.1.7
1.5.63290.14.2.1.5.1.6.1.5
1.5.63292.8.2.1
1.5.63480.7.2.1.20.4
1.5.63505.6.2.1.1.1.8.5
1.5.63521.10.2.1.3.1.1
1.5.63523.7.2.1.8.2.3.2.16
1.5.63550.21.2.1.12.4
1.5.63773.9.2.1.15.2
1.5.63780.9.2.1
1.5.63796.9.2.1.6.3.11.4.7
1.5.63934.6.2.1.9.2.3.2.14
1.5.63943.12.2.1.1
1.5.63985.17.2.1.7.1.1
1.5.64276.5.2.1.11.1.15.4
1.5.64281.12.2.1.18
1.5.64322.12.2.1.2.2.36.4
1.5.64432.19.2.1
1.5.64437.7.2.1.8
1.5.64469.8.2.1.1.5.8.5.34
1.5.64497.20.2.1.1.1.1.2.10
1.5.64499.8.2.1.4
1.5.64584.7.2.1.16.2
1.5.64784.6.2.1.17.1.2.1
1.5.64830.16.2.1.1.1.8.1.41
1.5.65166.16.2.1.4.2.8.2
1.5.65189.11.2.1.8.2
1.5.65202.11.2.1.5.2.7
1.5.65212.14.2.1.2.1.5.1.68
1.5.65258.7.2.1
1.5.65303.16.2.1.5.3.21.9
1.5.65377.14.2.1.15
1.5.65392.19.2.1
1.5.65430.6.2.1
1.5.65699.28.2.1.19.2.5.2
1.5.65781.23.2.1.12.2.5.1
1.5.65886.14.2.1.33
1.5.65899.10.2.1
1.5.65969.12.2.1.5
1.5.66012.7.2.1
1.5.66214.7.2.1.6
1.5.66273.10.2.1.1.1.3.1
1.5.66549.23.2.1.32.1
1.5.66567.6.2.1.3.1.1.1
1.5.66657.7.2.1
1.5.67316.11.2.1.18.7.19.1.1.11
1.5.67344.17.2.1.6
1.5.67373.6.2.1
1.5.67460.8.2.1.2.2.20
1.5.67476.7.2.1.3.1
1.5.67589.9.2.1.5.2.6.2
1.5.67609.7.2.1.29.3.6
1.5.67649.8.2.1.27.7.10
1.5.67751.16.2.1.8
1.5.67865.21.2.1.5.3.11
1.5.67884.10.2.1
1.5.68008.10.2.1
1.5.68025.8.2.1.7.1
1.5.68039.11.2.1.7.1.6
1.5.68111.6.2.1.9.2.6.2
1.5.68138.10.2.1.9.2
1.5.68383.8.2.1.9.3
1.5.68388.8.2.1.18.8.30.1
1.5.68450.13.2.1.4.1
1.5.68500.26.2.1.9
1.5.68565.15.2.1.5.1.6
1.5.68577.7.2.1.9
1.5.68661.7.2.1.1.1.5.1.3
1.5.68758.12.2.1
1.5.68769.12.2.1.1.1
1.5.68774.7.2.1.3.3.21.1
1.5.68775.7.2.1
1.5.68936.8.2.1
1.5.69027.7.2.1.4.1
1.5.69036.10.2.1.13.1.1.1
1.5.69120.18.2.1.2.1.13.1.3
1.5.69135.12.2.1.8.1.2.1.1
1.5.69270.6.2.1.24
1.5.69281.8.2.1.2.2.14
1.5.69352.9.2.1.2.1
1.5.69354.14.2.1.7.4.9.2.2
1.5.69374.10.2.1.9.5.8
1.5.69689.9.2.1.3
1.5.69977.14.2.1.9.1.3
1.5.69991.13.2.1
1.5.70137.8.2.1
1.5.70170.13.2.1.3.2
1.5.70180.12.2.1.7.1.1
1.5.70440.8.2.1.1.1.2.2
1.5.70467.6.2.1.7
1.5.70474.14.2.1.5.1.6.1.5
1.5.70476.8.2.1
1.5.70698.10.2.1.3.1.1
1.5.70700.7.2.1.8.2.3.2.16
1.5.70727.21.2.1.12.4
1.5.70941.12.2.1.11.7.13.2.38
1.5.70951.9.2.1
1.5.70967.9.2.1.6.3.11.4.7
1.5.71106.6.2.1.9.2.3.2.14
1.5.71115.12.2.1.1
1.5.71157.17.2.1.7.1.1
1.5.71324.8.2.1.17
1.5.71438.5.2.1.11.1.15.4
1.5.71443.12.2.1.18
1.5.71483.12.2.1.2.2.36.4
1.5.71609.8.2.1.1.6.19.9.28
1.5.71635.35.2.1.21.3.4
1.5.71636.11.2.1.2.2.5.2.3
1.5.71717.7.2.1.16.2
1.5.71724.7.2.1
1.5.71947.6.2.1.17.1.2.1
1.5.71994.16.2.1.1.1.8.1.46
1.6.86.8.2.1.3
1.6.406.8.2.1.12.1
1.6.407.8.2.1.2.2.19.2
1.6.434.8.2.1.3.1.3.1
1.6.445.8.2.1.3.2.12
1.6.489.8.2.1.10
1.6.536.8.2.1.2.1.3.4.21.41
1.6.547.8.2.1.8.2.4.8
1.6.628.8.2.1.10
1.6.687.8.2.1.9.2.10.1.20
1.6.747.8.2.1.7.7.20.2
1.6.780.8.2.1.3.2.4.3
1.6.974.8.2.1
1.6.986.8.2.1.4.3.8.4
1.6.1248.8.2.1.5.2.7
1.6.1249.8.2.1.6
1.6.1469.8.2.1
1.6.1484.8.2.1.26.7
1.6.1498.8.2.1.4.1.3
1.6.1853.8.2.1.1.1
1.6.2010.8.2.1
1.6.2055.8.2.1.4.2.7
1.6.2134.8.2.1.2.2.9
1.6.2276.8.2.1.2.2.4
1.6.2395.8.2.1.14.3.6
1.6.2532.8.2.1.8.2
1.6.2535.8.2.1.9.1.6.2
1.6.2584.8.2.1.8.1
1.6.2588.8.2.1.8
1.6.2651.8.2.1.2
1.6.2802.8.2.1.1.1.19.2
1.6.2841.8.2.1.39.4.34.1.23
1.6.2841.8.2.1.41.6.40.6
1.6.2978.8.2.1.5.1
1.6.3001.8.2.1.34.4.28.1.14
1.6.3161.8.2.1.14.4.2.2
1.6.3162.8.2.1.17.7.14.5
1.6.3195.8.2.1.9.6.9.1.1
1.6.3304.8.2.1.1.1.3
1.6.3355.8.2.1.1.1.11
1.6.3423.8.2.1.13.3.43
1.6.3526.8.2.1
1.6.3565.8.2.1.1.1.1.1
1.6.3626.8.2.1.12.4.4.2
1.6.3631.8.2.1
1.6.3634.8.2.1
1.6.3647.8.2.1.2
1.6.3762.8.2.1.5.1.1.1
1.6.3785.8.2.1.3.4
1.6.3950.8.2.1.19.2
1.6.3997.8.2.1.5
1.6.4044.8.2.1.28.6.32.4
1.6.4167.8.2.1.6.3
1.6.4207.8.2.1.2.1.1
1.6.4254.8.2.1.23.6.4
1.6.4274.8.2.1
1.6.4356.8.2.1.9
1.6.4409.8.2.1
1.6.4497.8.2.1.3.1.2.1.4.31
1.6.4771.8.2.1.4.1
1.6.4775.8.2.1.12.2
1.6.4782.8.2.1.7.1
1.6.4782.8.2.1.8.1.13.7.35
1.6.4885.8.2.1.20
1.6.4905.8.2.1.19.11.31.6.5
1.6.5077.8.2.1.7.2.2.2.7
1.6.5150.8.2.1.26.3.14.3.13
1.6.5310.8.2.1.1
1.6.5314.8.2.1.5.1
1.6.5665.8.2.1
1.6.5813.8.2.1
1.6.5880.8.2.1.3.1.1
1.6.5911.8.2.1
1.6.6012.8.2.1
1.6.6081.8.2.1.16.7.13.4
1.6.6147.8.2.1
1.6.6416.8.2.1.1.1
1.6.6423.8.2.1.17
1.6.6505.8.2.1
1.6.6645.8.2.1.3.1.2.1.28.9
1.6.6673.8.2.1.13.1.3.3.5
1.6.6801.8.2.1.2.1.3.1
1.6.6964.8.2.1.3.1.4.2
1.6.7026.8.2.1.1.3.23.5
1.6.7046.8.2.1
1.6.7067.8.2.1.2
1.6.7175.8.2.1.12.2
1.6.7324.8.2.1.5.4.10.9
1.6.7385.8.2.1.4.1.2
1.6.7447.8.2.1
1.6.7510.8.2.1.11.2.5.1
1.6.7513.8.2.1.5
1.6.7562.8.2.1.3.3.13.2
1.6.7602.8.2.1.32.1.8.3.10
1.6.7678.8.2.1.54.4.18
1.6.7728.8.2.1.8
1.6.7837.8.2.1
1.6.7910.8.2.1
1.6.8022.8.2.1.1.1.3.4
1.6.8054.8.2.1
1.6.8063.8.2.1.26.5
1.6.8153.8.2.1.11.2.9
1.6.8562.8.2.1.12.1
1.6.8596.8.2.1.4.1.1.2
1.6.8599.8.2.1.3.2.7.1.3
1.6.8624.8.2.1
1.6.8658.8.2.1
1.6.8855.8.2.1.9.2.10.1.20
1.6.8951.8.2.1.2.1.3.3
1.6.9144.8.2.1
1.6.9156.8.2.1.4.3.8.4
1.6.9346.8.2.1.1.1.10.1
1.6.9443.8.2.1.8.5.15.2.10
1.6.9608.8.2.1.2.2
1.6.9678.8.2.1
1.6.9693.8.2.1.26.7
1.6.9707.8.2.1.4.1.3
1.6.9807.8.2.1
1.6.9898.8.2.1.1.1
1.6.10092.8.2.1.1.1
1.6.10243.8.2.1
1.6.10288.8.2.1.4.2.7
1.6.10367.8.2.1.2.2.9
1.6.10505.8.2.1.2.2.4
1.6.10624.8.2.1.14.3.6
1.6.10762.8.2.1.8.2
1.6.10765.8.2.1.9.1.6.2
1.6.10815.8.2.1.8.1
1.6.10819.8.2.1.8
1.6.10881.8.2.1.11
1.6.11047.8.2.1.1.1
1.6.11075.8.2.1.39.4.34.1.23
1.6.11075.8.2.1.41.6.40.6
1.6.11161.8.2.1.2.1.2
1.6.11210.8.2.1.5.1
1.6.11233.8.2.1.34.4.28.1.14
1.6.11362.8.2.1.4.3.10.5
1.6.11375.8.2.1.10.1.1.2
1.6.11390.8.2.1.9.4.2.2
1.6.11391.8.2.1.12.7.14.5
1.6.11424.8.2.1.9.6.9.1.1
1.6.11535.8.2.1.13
1.6.11539.8.2.1.1.1.3
1.6.11588.8.2.1.4.1.12
1.6.11596.8.2.1
1.6.11662.8.2.1.13.3.43
1.6.11750.8.2.1
1.6.11789.8.2.1.1.1.1.1
1.6.11847.8.2.1
1.6.11850.8.2.1
1.6.11863.8.2.1.2
1.6.11978.8.2.1.5.1.1.1
1.6.12001.8.2.1.3.4
1.6.12182.8.2.1.19.2
1.6.12220.8.2.1.5
1.6.12269.8.2.1.3.1.1.9.28.30
1.6.12401.8.2.1.3.2
1.6.12443.8.2.1.2.1.1
1.6.12478.8.2.1.23.6.4
1.6.12498.8.2.1
1.6.12580.8.2.1.9
1.6.12634.8.2.1
1.6.12719.8.2.1.8.2.2.1
1.6.12736.8.2.1.46.1
1.6.13007.8.2.1.6.1
1.6.13021.8.2.1.4
1.6.13126.8.2.1.20
1.6.13146.8.2.1.19.11.31.6.5
1.6.13254.8.2.1.1.1.3.4.44
1.6.13267.8.2.1
1.6.13377.8.2.1.9
1.6.13534.8.2.1.1
1.6.13538.8.2.1.5.1
1.6.13857.8.2.1.2
1.6.14051.8.2.1.41.4.8.5
1.6.14080.8.2.1.3.1.1
1.6.14111.8.2.1
1.6.14196.8.2.1.8.6
1.6.14720.8.2.1.4.1
1.6.14730.8.2.1
1.6.14850.8.2.1.7.1
1.6.14881.8.2.1
1.6.14885.8.2.1.14.4.19.2
1.6.14917.8.2.1.13.1.3.3.5
1.6.15020.8.2.1.2.4
1.6.15193.8.2.1.5.2.5.3.14.5
1.6.15199.8.2.1.8
1.6.15285.8.2.1
1.6.15311.8.2.1.26
1.6.15406.8.2.1.12.2
1.6.15555.8.2.1.5.4.10.9
1.6.15615.8.2.1.2.1.2.5.6
1.6.15680.8.2.1
1.6.15745.8.2.1.11.2.5.1
1.6.15748.8.2.1.5
1.6.15804.8.2.1.5.1.15.2.39.11
1.6.15841.8.2.1.32.1.8.3.56
1.6.15897.8.2.1.22.5
1.6.15930.8.2.1.2.2.33
1.6.15948.8.2.1
1.6.15950.8.2.1.29
1.6.16143.8.2.1
1.6.16250.8.2.1.1.1.3.2
1.6.16267.8.2.1
1.6.16379.8.2.1.11.2.9
1.6.16458.8.2.1.6.3.13.1.51
1.6.16790.8.2.1.12.1
1.6.16791.8.2.1.2.2.19.2
1.6.16837.8.2.1.3.2.5.1.2
1.6.16862.8.2.1
1.6.16896.8.2.1
1.6.17028.8.2.1.33.1.3.2.5
1.6.17031.8.2.1.2.1.2.3
1.6.17062.8.2.1.27.5.19.6.41.12
1.6.17070.8.2.1.9.2.10.1.67
1.6.17130.8.2.1.7.7.20.2
1.6.17551.8.2.1.1.1.10.1
1.6.17648.8.2.1.8.5.15.2.10
1.6.17754.8.2.1
1.6.17901.8.2.1
1.6.17916.8.2.1.26.7
1.6.17930.8.2.1.4.1.3
1.6.18030.8.2.1
1.6.18216.8.2.1
1.6.18299.8.2.1.1.1
1.6.18441.8.2.1.1.1.7.1.1
1.6.18485.8.2.1.4.2.7
1.6.18564.8.2.1.2.2.9
1.6.18721.8.2.1.2.2.4
1.6.18983.8.2.1.8.2
1.6.18986.8.2.1.9.1.6.2
1.6.19031.8.2.1
1.6.19045.8.2.1
1.6.19104.8.2.1.2
1.6.19270.8.2.1.1.1.19.2
1.6.19280.8.2.1.16.5.9.7
1.6.19307.8.2.1.39.4.34.1.23
1.6.19307.8.2.1.41.6.40.6
1.6.19394.8.2.1.5.1.6
1.6.19435.8.2.1.5.1
1.6.19458.8.2.1.34.4.28.1.14
1.6.19585.8.2.1.4.3.10.5
1.6.19607.8.2.1.4
1.6.19644.8.2.1.9.6.9.1.1
1.6.19759.8.2.1.10
1.6.19763.8.2.1.1.1.3
1.6.19814.8.2.1.8.2.10
1.6.19874.8.2.1.3.2.24.2.33
1.6.19892.8.2.1
1.6.19906.8.2.1.10.7.31.6
1.6.19925.8.2.1.5.2.7
1.6.20028.8.2.1.12.4.4.2
1.6.20033.8.2.1
1.6.20036.8.2.1
1.6.20049.8.2.1.2
1.6.20164.8.2.1.5.1.1.1
1.6.20187.8.2.1.3.4
1.6.20318.8.2.1
1.6.20359.8.2.1.19.2
1.6.20397.8.2.1.5
1.6.20577.8.2.1.9.1.3.4
1.6.20674.8.2.1.41.5.25.2
1.6.20687.8.2.1.1.1.1.1.48
1.6.20712.8.2.1.4.1.1.1
1.6.20924.8.2.1.3.1.2.1.4.74
1.6.21204.8.2.1.4.1
1.6.21208.8.2.1.12.2
1.6.21215.8.2.1.7.1
1.6.21215.8.2.1.8.1.13.7.35
1.6.21302.8.2.1.20
1.6.21322.8.2.1.19.11.31.6.5
1.6.21441.8.2.1.1.1.3.4.36
1.6.21454.8.2.1
1.6.21563.8.2.1.8.1.16.1
1.6.21718.8.2.1.1
1.6.21722.8.2.1.5.1
1.6.22032.8.2.1.2.1.16
1.6.22050.8.2.1
1.6.22264.8.2.1.3.1.1
1.6.22295.8.2.1
1.6.22396.8.2.1
1.6.22816.8.2.1.1.1
1.6.22823.8.2.1.17
1.6.22900.8.2.1.4.1
1.6.23060.8.2.1
1.6.23064.8.2.1.14.4.19.2
1.6.23096.8.2.1.13.1.3.3.5
1.6.23200.8.2.1.2.4
1.6.23330.8.2.1.5.4.5.3
1.6.23348.8.2.1.5.2.5.3.14.33
1.6.23354.8.2.1.8
1.6.23438.8.2.1
1.6.23459.8.2.1.2
1.6.23524.8.2.1.15.2.5.1.5
1.6.23564.8.2.1.12.2
1.6.23733.8.2.1.15
1.6.23778.8.2.1.14.8
1.6.23795.8.2.1.4.1.2
1.6.23915.8.2.1.11.2.5.1
1.6.23918.8.2.1.5
1.6.23974.8.2.1.5.1.15.2.28.28
1.6.24011.8.2.1.32.1.8.3.45
1.6.24093.8.2.1.1
1.6.24145.8.2.1.2.1.7.4.10
1.6.24154.8.2.1.1.3.8
1.6.24250.8.2.1
1.6.24318.8.2.1
1.6.24429.8.2.1.4.3.8.2
1.6.24446.8.2.1
1.6.24567.8.2.1.8.1.1
1.6.24673.8.2.1.3
1.6.24978.8.2.1.12.1
1.6.25006.8.2.1.3.1.3.1
1.6.25017.8.2.1.3.2.12
1.6.25061.8.2.1.10
1.6.25250.8.2.1.26.5.8.3.5.9
1.6.25258.8.2.1.9.2.10.1.31
1.6.25351.8.2.1.3.2.4.3
1.6.25727.8.2.1.1.1.10.1
1.6.25837.8.2.1.20.7.19
1.6.25837.8.2.1.20.7.21
1.6.25845.8.2.1.5.3.10.3
1.6.26070.8.2.1
1.6.26085.8.2.1.26.7
1.6.26099.8.2.1.4.1.3
1.6.26391.8.2.1
1.6.26455.8.2.1
1.6.26614.8.2.1
1.6.26659.8.2.1.4.2.7
1.6.26752.8.2.1.2.2.9
1.6.26908.8.2.1.6.1.3.3.7
1.6.26959.8.2.1.5.1.2.2.8
1.6.27161.8.2.1.8.2
1.6.27164.8.2.1.9.1.6.2
1.6.27209.8.2.1
1.6.27223.8.2.1
1.6.27282.8.2.1.2
1.6.27447.8.2.1.1.1.19.2
1.6.27457.8.2.1.16.5.9.7
1.6.27484.8.2.1.39.4.34.1.23
1.6.27484.8.2.1.41.6.40.6
1.6.27576.8.2.1.7
1.6.27621.8.2.1.5.1
1.6.27644.8.2.1.34.4.28.1.14
1.6.27797.8.2.1.1.4.28.13.3
1.6.27850.8.2.1.18.5.20.1
1.6.27952.8.2.1
1.6.27958.8.2.1.6
1.6.28015.8.2.1.8.2.10
1.6.28083.8.2.1.13.3.43
1.6.28186.8.2.1
1.6.28225.8.2.1.1.1.1.1
1.6.28295.8.2.1
1.6.28298.8.2.1
1.6.28311.8.2.1.2
1.6.28426.8.2.1.5.1.1.1
1.6.28449.8.2.1.3.4
1.6.28613.8.2.1.19.2
1.6.28660.8.2.1.5
1.6.28711.8.2.1.3.1.1.11.28.28
1.6.28858.8.2.1.3.2
1.6.28905.8.2.1.2.1.1
1.6.28949.8.2.1.41.5.25.2
1.6.28962.8.2.1.1.1.1.1.32
1.6.28987.8.2.1.2.1.1.1
1.6.29035.8.2.1.9
1.6.29182.8.2.1.5.1
1.6.29513.8.2.1.2.5.13.4
1.6.29522.8.2.1.1.1.2.2.5
1.6.29614.8.2.1.20
1.6.29634.8.2.1.19.11.31.6.5
1.6.29747.8.2.1.1.1.3.4.37
1.6.29760.8.2.1
1.6.29798.8.2.1.8.8.27.8.23
1.6.29815.8.2.1.10.4.6.4.15
1.6.29871.8.2.1.8.1.16.1
1.6.30027.8.2.1.1
1.6.30031.8.2.1.5.1
1.6.30359.8.2.1
1.6.30527.8.2.1.35.4.16.3
1.6.30556.8.2.1.3.1.1
1.6.30587.8.2.1
1.6.30672.8.2.1.8.6
1.6.30713.8.2.1.32.6
1.6.30828.8.2.1
1.6.30885.8.2.1.1.1.17.2.18
1.6.31190.8.2.1.4.1
1.6.31200.8.2.1
1.6.31336.8.2.1.4.1
1.6.31366.8.2.1.2
1.6.31368.8.2.1.4.3.6
1.6.31457.8.2.1.2.4
1.6.31623.8.2.1.1.1.3
1.6.31647.8.2.1.5.2.5.3.14.17
1.6.31653.8.2.1.8
1.6.31843.8.2.1.12.2
1.6.31998.8.2.1.5.4.10.9
1.6.32059.8.2.1.4.1.2
1.6.32121.8.2.1
1.6.32184.8.2.1.11.2.5.1
1.6.32187.8.2.1.5
1.6.32236.8.2.1.3.3.13.2
1.6.32276.8.2.1.32.1.8.3.10
1.6.32351.8.2.1.11.6.16
1.6.32400.8.2.1.2.1.7.4.15
1.6.32409.8.2.1.1.3.8
1.6.32595.8.2.1
1.6.32716.8.2.1
1.6.32833.8.2.1.7.2.11
1.6.32906.8.2.1.3
1.6.33222.8.2.1.12.1
1.6.33223.8.2.1.2.2.19.2
1.6.33260.8.2.1.4.1.1.2
1.6.33263.8.2.1.3.2.7.1.3
1.6.33288.8.2.1
1.6.33322.8.2.1
1.6.33473.8.2.1.10
1.6.33511.8.2.1.54.5.47.7.24.8
1.6.33519.8.2.1.9.2.10.1.50
1.6.33612.8.2.1.3.2.4.3
1.6.33798.8.2.1
1.6.34077.8.2.1.8.5.15.2.10
1.6.34306.8.2.1
1.6.34321.8.2.1.26.7
1.6.34335.8.2.1.4.1.3
1.6.34617.8.2.1
1.6.34681.8.2.1
1.6.34825.8.2.1.1.1.7.1.1
1.6.34864.8.2.1.15
1.6.34950.8.2.1.2.2.9
1.6.35094.8.2.1.2.2.4
1.6.35216.8.2.1.14.3.6
1.6.35354.8.2.1.8.2
1.6.35357.8.2.1.9.1.6.2
1.6.35402.8.2.1
1.6.35416.8.2.1
1.6.35475.8.2.1.2
1.6.35646.8.2.1.1.1
1.6.35669.8.2.1.1.1.1
1.6.35677.8.2.1.15.3.8
1.6.35778.8.2.1.7
1.6.35851.8.2.1.27.6.7.2.1
1.6.35969.8.2.1.4.3.10.4
1.6.35991.8.2.1.4
1.6.36138.8.2.1.1.1.3
1.6.36192.8.2.1.1.1.11
1.6.36252.8.2.1.3.2.24.2.33
1.6.36338.8.2.1
1.6.36377.8.2.1.1.1.1.1
1.6.36438.8.2.1.12.4.4.2
1.6.36443.8.2.1
1.6.36446.8.2.1
1.6.36459.8.2.1.2
1.6.36574.8.2.1.5.1.1.1
1.6.36597.8.2.1.3.4
1.6.36774.8.2.1.19.2
1.6.36821.8.2.1.5
1.6.36870.8.2.1.3.1.1.9.28.28
1.6.37009.8.2.1.6.3
1.6.37049.8.2.1.2.1.1
1.6.37096.8.2.1.23.6.4
1.6.37116.8.2.1
1.6.37141.8.2.1.1
1.6.37337.8.2.1.6.2
1.6.37417.8.2.1
1.6.37653.8.2.1.2.5.13.4
1.6.37662.8.2.1.1.1.2.2.5
1.6.37770.8.2.1.20
1.6.37790.8.2.1.19.11.31.6.5
1.6.38038.8.2.1.8.1.16.1
1.6.38157.8.2.1.1.5.8.2
1.6.38191.8.2.1.1
1.6.38195.8.2.1.5.1
1.6.38519.8.2.1.4.2.27
1.6.38530.8.2.1
1.6.38735.8.2.1.3.1.1
1.6.38766.8.2.1
1.6.38829.8.2.1.2.2.12.1
1.6.38832.8.2.1.3.2.2.1
1.6.38865.8.2.1
1.6.39001.8.2.1
1.6.39062.8.2.1.1.1.17.2.16
1.6.39291.8.2.1.1.1
1.6.39298.8.2.1.17
1.6.39375.8.2.1.4.1
1.6.39529.8.2.1
1.6.39536.8.2.1.16.3
1.6.39580.8.2.1.7
1.6.39696.8.2.1.2.4
1.6.39844.8.2.1.1.1.3
1.6.39868.8.2.1.5.2.5.3.14.52
1.6.39874.8.2.1.8
1.6.39958.8.2.1
1.6.39979.8.2.1.2
1.6.40044.8.2.1.15.2.5.1.5
1.6.40084.8.2.1.12.2
1.6.40233.8.2.1.15
1.6.40278.8.2.1.14.8
1.6.40294.8.2.1.2.1.2.5.16
1.6.40359.8.2.1
1.6.40422.8.2.1.11.2.5.1
1.6.40425.8.2.1.5
1.6.40474.8.2.1.3.3.13.2
1.6.40514.8.2.1.32.1.8.3.10
1.6.40596.8.2.1.1
1.6.40635.8.2.1.2.1.7.4.18
1.6.40644.8.2.1.1.3.8
1.6.40746.8.2.1
1.6.40819.8.2.1
1.6.40930.8.2.1.4.3.8.2
1.6.40947.8.2.1
1.6.41070.8.2.1.8.1.1
1.6.41183.8.2.1.10
1.6.41517.8.2.1.12.1
1.6.41551.8.2.1.4.1.1.2
1.6.41554.8.2.1.3.2.7.1.3
1.6.41579.8.2.1
1.6.41613.8.2.1
1.6.41645.8.2.1.2.1.3.4.35.53
1.6.41656.8.2.1.8.2.4.8
1.6.41723.8.2.1.10
1.6.41786.8.2.1.9.2.10.1.20
1.6.41878.8.2.1.2.1.3.3
1.6.42356.8.2.1.7.4.14
1.6.42356.8.2.1.8.5.15.2.10
1.6.42644.8.2.1.26.7
1.6.42658.8.2.1.4.1.3
1.6.42750.8.2.1.2.4
1.6.42856.8.2.1
1.6.43027.8.2.1
1.6.43183.8.2.1
1.6.43228.8.2.1.4.2.7
1.6.43321.8.2.1.2.2.9
1.6.43386.8.2.1.6.2
1.6.43475.8.2.1.6.1.3.3.7
1.6.43523.8.2.1.3
1.6.43585.8.2.1.14.3.6
1.6.43725.8.2.1.8.2
1.6.43728.8.2.1.9.1.6.2
1.6.43773.8.2.1
1.6.43787.8.2.1
1.6.43846.8.2.1.2
1.6.44018.8.2.1.1.1
1.6.44046.8.2.1.39.4.34.1.23
1.6.44046.8.2.1.41.6.40.6
1.6.44120.8.2.1.2.1.2
1.6.44195.8.2.1.27.6.7.2.1
1.6.44323.8.2.1.4.3.10.5
1.6.44345.8.2.1.4
1.6.44382.8.2.1.9.6.9.1.1
1.6.44492.8.2.1.1.1.3
1.6.44541.8.2.1.4.1.12
1.6.44549.8.2.1
1.6.44615.8.2.1.13.3.43
1.6.44718.8.2.1
1.6.44757.8.2.1.1.1.1.1
1.6.44815.8.2.1
1.6.44818.8.2.1
1.6.44831.8.2.1.2
1.6.44946.8.2.1.5.1.1.1
1.6.45112.8.2.1.12.5.11
1.6.45151.8.2.1.19.2
1.6.45198.8.2.1.5
1.6.45241.8.2.1.3.1.1.2.8.34
1.6.45382.8.2.1.6.3
1.6.45422.8.2.1.2.1.1
1.6.45459.8.2.1.2.1.2.3.21
1.6.45475.8.2.1.11.1.5.3.4
1.6.45499.8.2.1.1
1.6.45551.8.2.1.9
1.6.45587.8.2.1.18.1.3.1
1.6.45679.8.2.1.3.1.2.1.4.6
1.6.45982.8.2.1.2.5.13.4
1.6.45991.8.2.1.1.1.2.2.5
1.6.46083.8.2.1.20
1.6.46103.8.2.1.19.11.31.6.5
1.6.46211.8.2.1.1.1.3.4.44
1.6.46224.8.2.1
1.6.46344.8.2.1.8.1.16.1
1.6.46818.8.2.1
1.6.46955.8.2.1
1.6.47018.8.2.1.3.1.1
1.6.47049.8.2.1
1.6.47150.8.2.1
1.6.47223.8.2.1.16.7.13.4
1.6.47292.8.2.1
1.6.47349.8.2.1.1.1.17.2.16
1.6.47416.8.2.1
1.6.47417.8.2.1.3.3.1.1
1.6.47565.8.2.1.1.1
1.6.47572.8.2.1.17
1.6.47649.8.2.1.4.1
1.6.47794.8.2.1.4.1
1.6.47818.8.2.1.4
1.6.47820.8.2.1.4.3.6
1.6.47923.8.2.1.2.4
1.6.48075.8.2.1.5.4.5.1
1.6.48093.8.2.1.5.2.5.3.14.28
1.6.48099.8.2.1.8
1.6.48156.8.2.1
1.6.48227.8.2.1.2
1.6.48315.8.2.1.12.2
1.6.48459.8.2.1.5.4.10.9
1.6.48520.8.2.1.4.1.2
1.6.48582.8.2.1
1.6.48647.8.2.1.11.2.5.1
1.6.48650.8.2.1.5
1.6.48706.8.2.1.5.1.15.2.39.13
1.6.48743.8.2.1.32.1.8.3.56
1.6.48818.8.2.1.11.6.16
1.6.48862.8.2.1.2.1.7.4.10
1.6.48871.8.2.1.1.3.8
1.6.48954.8.2.1
1.6.49027.8.2.1
1.6.49121.8.2.1.1.1.3.2
1.6.49138.8.2.1
1.6.49252.8.2.1.11.2.9
1.6.49355.8.2.1.10
1.6.49685.8.2.1.12.1
1.6.49686.8.2.1.2.2.19.2
1.6.49713.8.2.1.3.1.3.1
1.6.49724.8.2.1.3.2.12
1.6.49957.8.2.1.54.5.41.7.35.9
1.6.49965.8.2.1.9.2.10.1.61
1.6.50025.8.2.1.7.7.20.2
1.6.50058.8.2.1.3.2.4.3
1.6.50531.8.2.1.7.4.14
1.6.50531.8.2.1.8.5.15.2.10
1.6.50775.8.2.1.4.1
1.6.50800.8.2.1.17.2.8
1.6.50887.8.2.1
1.6.51076.8.2.1
1.6.51146.8.2.1.1.1
1.6.51297.8.2.1
1.6.51342.8.2.1.4.2.7
1.6.51421.8.2.1.2.2.9
1.6.51567.8.2.1.2.2.4
1.6.51830.8.2.1.8.2
1.6.51833.8.2.1.9.1.6.2
1.6.51883.8.2.1.8.1
1.6.51887.8.2.1.8
1.6.51950.8.2.1.2
1.6.52101.8.2.1.1.1.19.2
1.6.52140.8.2.1.39.4.34.1.23
1.6.52140.8.2.1.41.6.40.6
1.6.52215.8.2.1.18.1.2
1.6.52287.8.2.1.27.6.7.2.1
1.6.52415.8.2.1.4.3.10.4
1.6.52428.8.2.1.10.1.1.2
1.6.52443.8.2.1.9.4.2.2
1.6.52444.8.2.1.12.7.14.5
1.6.52498.8.2.1.18.5.20.1
1.6.52592.8.2.1.10
1.6.52596.8.2.1.1.1.3
1.6.52645.8.2.1.4.1.12
1.6.52653.8.2.1
1.6.52796.8.2.1
1.6.52835.8.2.1.1.1.1.1
1.6.52895.8.2.1.12.4.4.2
1.6.52900.8.2.1
1.6.52903.8.2.1
1.6.52916.8.2.1.2
1.6.53031.8.2.1.5.1.1.1
1.6.53214.8.2.1.19.2
1.6.53261.8.2.1.5
1.6.53309.8.2.1.11.2.13
1.6.53448.8.2.1.3.2
1.6.53556.8.2.1.41.5.25.2
1.6.53569.8.2.1.1.1.1.1.32
1.6.53594.8.2.1.2.1.1.1
1.6.53642.8.2.1.9
1.6.53791.8.2.1.17.3
1.6.54049.8.2.1.13.4
1.6.54119.8.2.1.2.5.13.4
1.6.54128.8.2.1.1.1.2.2.5
1.6.54244.8.2.1.2.2.19
1.6.54376.8.2.1
1.6.54485.8.2.1.8.1.16.1
1.6.54598.8.2.1.1.2.3.1
1.6.54953.8.2.1
1.6.55098.8.2.1
1.6.55159.8.2.1.20
1.6.55168.8.2.1.36.6.1.3
1.6.55195.8.2.1
1.6.55280.8.2.1.8.6
1.6.55421.8.2.1
1.6.55467.8.2.1.3.1
1.6.55708.8.2.1.1.1
1.6.55715.8.2.1.17
1.6.55792.8.2.1.4.1
1.6.55936.8.2.1
1.6.55943.8.2.1.16.3
1.6.55985.8.2.1.2
1.6.55987.8.2.1.4.3.6
1.6.56085.8.2.1.2.4
1.6.56265.8.2.1.3.1.4.2
1.6.56309.8.2.1.10.10
1.6.56320.8.2.1.1.1.25.11
1.6.56375.8.2.1.2
1.6.56619.8.2.1.15
1.6.56664.8.2.1.14.8
1.6.56680.8.2.1.2.1.2.5.16
1.6.56745.8.2.1
1.6.56810.8.2.1.11.2.5.1
1.6.56813.8.2.1.5
1.6.56861.8.2.1.5.1.15.2.25.12
1.6.56898.8.2.1.32.1.8.3.42
1.6.56977.8.2.1
1.6.56979.8.2.1.7.1
1.6.57007.8.2.1.2.2.33
1.6.57040.8.2.1.2.1.7.4.20
1.6.57049.8.2.1.1.3.8
1.6.57164.8.2.1
1.6.57341.8.2.1.1.1.3.2
1.6.57373.8.2.1
1.6.57382.8.2.1.26.5
1.6.57477.8.2.1.7.2.11
1.6.57558.8.2.1.6.3.13.1.51
1.6.57891.8.2.1.12.1
1.6.57892.8.2.1.2.2.19.2
1.6.57929.8.2.1.4.1.1.2
1.6.57932.8.2.1.3.2.7.1.3
1.6.57957.8.2.1
1.6.57991.8.2.1
1.6.58178.8.2.1.17.1.1.1.4.2
1.6.58238.8.2.1.7.7.20.2
1.6.58271.8.2.1.3.2.4.3
1.6.58404.8.2.1.9.10.34.2
