1.1.1.37.5.1.2.1
1.1.1.60.25
1.1.1.105.10.1.10.3
1.1.1.128.5.1.3.2.19
1.1.1.155.26.2
1.1.1.169.52.3
1.1.1.204.5.1.5.2.3
1.1.1.229.12.1.13
1.1.1.267.11.3.31
1.1.1.333.10.1.7.1.3
1.1.1.380.23.3.5.3
1.1.1.402.3
1.1.1.435.3
1.1.1.441.19.1.10.8
1.1.1.465.5.1.20.1.9.3.15
1.1.1.517.10.1.6
1.1.1.563.11.1.9
1.1.1.636.17.1.6
1.1.1.676.9.1.4
1.1.1.700.18.2.4.4
1.1.1.789.5.1.4.3.5
1.1.1.846.45.2.35.2.8
1.1.1.849.5.1
1.1.1.935.5.1.6.1.9
1.1.1.1053.34.1.4.4
1.1.1.1197.5.1
1.1.1.1213.16.2.14
1.1.1.1220.5.1
1.1.1.1359.13.1
1.1.1.1366.13.2.7.6.7
1.1.1.1439.3
1.1.1.1451.5.1.2.3.9.3
1.1.1.1473.6
1.1.1.1490.12.1.12
1.1.1.1491.5.1
1.1.1.1519.9.2.4
1.1.1.1563.9.2.4.2
1.1.1.1650.10.1.15.13
1.1.1.1655.5.1.1
1.1.1.1750.13.5.15.11
1.1.1.1776.5.1.4
1.1.1.1782.26.2.14
1.1.1.1934.5.1
1.1.1.1936.5.1.3.2.2.4
1.1.1.1950.10.1.16
1.1.1.1986.29.2.12.12
1.1.1.2012.16.3.10.1.3.1.15
1.1.1.2051.14.3.7.11.24.9
1.1.1.2104.19.1.8.5
1.1.1.2134.3
1.1.1.2158.5.1.1.19.20
1.1.1.2335.5.1.16
1.1.1.2365.5.1.2.7.12
1.1.1.2454.9.1.5
1.1.1.2542.16.5.6.1.20.1.7
1.1.1.2548.5.1.5
1.1.1.2550.18.1.11.6
1.1.1.2552.32.3.5.3.3
1.1.1.2618.25.1.4.1.10
1.1.1.2783.5.1.5.1.1.1
1.1.1.2828.5.1.11
1.1.1.2865.25.2.6.4
1.1.1.2941.22.2.5.2.2.2.10
1.1.1.2944.9.1.4
1.1.1.2947.5.1.15
1.1.1.3014.5.1
1.1.1.3017.9.1.10.4
1.1.1.3157.5.1
1.1.1.3198.5.1.18.1.3
1.1.2.3309.5.1.3.3.8.2
1.1.2.3591.5.1.3.1
1.1.2.3604.14.2.25.3
1.1.2.3640.5.1.9.1
1.1.2.3651.36.3
1.1.2.3679.17.1.4
1.1.2.3705.24.3.7.1
1.1.2.3757.5.1.3.2.35.13.23
1.1.2.4095.5.1.2.14
1.1.2.4110.5.1
1.1.2.4179.5.1.5.4
1.1.2.4180.15.2.6
1.1.2.4192.5.1.4.6.9.5.12
1.1.2.4198.11.1.5.8
1.1.2.4212.35.2
1.1.2.4263.5.1.3.1.1.1.5
1.1.2.4282.6
1.1.2.4349.21.2.34.1.3.6.16
1.1.2.4376.19.4.13.9
1.1.2.4380.5.1
1.1.2.4489.5.1.3
1.1.2.4604.5.1
1.1.2.4651.14.2.13.4
1.1.2.4684.11.1.4
1.1.2.4731.38.2.11.1
1.1.2.4802.8.1.4
1.1.2.4870.17.4
1.1.2.5000.9.1.4.4
1.1.2.5034.5.1.1
1.1.2.5095.16
1.1.2.5158.5.1.2.1
1.1.2.5233.27.2.33.11
1.1.2.5263.34.1.11
1.1.2.5409.5.1
1.1.2.5434.25
1.1.2.5481.5.1.3.1.6
1.1.2.5535.5.1.6
1.1.2.5590.5.1.3.2.13.3
1.1.2.5631.11.3.31
1.1.2.5700.3
1.1.2.5780.23.3.5.3
1.1.2.5802.3
1.1.2.5832.5.1.3.3.33
1.1.2.5857.14.2.4.2
1.1.2.5908.10.1.6
1.1.2.5954.11.1.9
1.1.2.6066.9.1.4
1.1.2.6090.18.2.4.4
1.1.2.6121.10.2.8
1.1.2.6125.6
1.1.2.6150.29.1.4.2
1.1.2.6151.39.2.4.1
1.1.2.6154.21.2.17.2.3.3
1.1.2.6158.24.2.17.11
1.1.2.6158.34.1.4
1.1.2.6182.12.1.4.8
1.1.2.6448.5.1.2.3.5
1.1.2.6589.5.1
1.1.2.6605.16.2.14
1.1.2.6742.13.1
1.1.2.6749.19.2.25.2.10.4
1.1.2.6774.6
1.1.2.6842.5.1.4.1.2
1.1.2.6888.9.2.4
1.1.2.6932.9.2.4.2
1.1.2.7019.5.1.4.4.32.1.6
1.1.2.7024.5.1.1
1.1.2.7079.34.3.9.6.9.2
1.1.2.7121.5.1.29.1
1.1.2.7134.13.5.15.11
1.1.2.7160.5.1.4
1.1.2.7166.36.2.15
1.1.2.7373.29.2.12.12
1.1.2.7399.16.3.10.1.3.1.15
1.1.2.7438.14.3.7.11.24.9
1.1.2.7522.3
1.1.2.7546.5.1.1.19.20
1.1.2.7692.5.1.3.1
1.1.2.7722.5.1.12
1.1.2.7756.34.3.19.9.3
1.1.2.7940.5.1.2.19.37.1.2
1.1.2.7950.5.1.3
1.1.2.7953.8.1.17.6
1.1.2.7978.12.1.4
1.1.2.8016.25.1.4.1.10
1.1.2.8149.19.1.21
1.1.2.8174.5.1.1.1.12.4
1.1.2.8220.5.1.11
1.1.2.8257.25.2.6.4
1.1.2.8316.5.1.2.4.22
1.1.2.8335.22.2.5.2.2.2.10
1.1.2.8338.9.1.4
1.1.2.8341.5.1.15
1.1.2.8408.5.1
1.1.2.8411.9.1.10.4
1.1.2.8551.5.1
1.1.2.8592.24.2
1.1.2.8622.9.1.15
1.1.2.8648.22.1.4
1.1.2.8689.5.1.1.1
1.1.2.8725.16.3.12.3.23.4
1.1.2.8997.5.1.3.1
1.1.2.9010.14.2.25.3
1.1.2.9045.5.1
1.1.2.9072.23.1.16
1.1.2.9090.15.3.6.24
1.1.2.9132.6
1.1.2.9180.5.1.3.2.14.6.19
1.1.2.9264.14.2.8.1.5
1.1.2.9338.16.3
1.1.2.9469.17.1.9.1
1.1.2.9530.5.1.2.14
1.1.2.9545.5.1
1.1.2.9613.5.1.5.4
1.1.2.9614.15.2.6
1.1.2.9690.5.1.3.1.1.1.5
1.1.2.9697.5.1.2.25.24.2
1.1.2.9700.15.2
1.1.2.9718.12.4.8
1.1.2.9773.32.2.4.3
1.1.2.9805.10.1.4.8.18
1.1.2.9892.16.3.17.20
1.1.2.9913.5.1.9
1.1.2.9956.13
1.1.2.10051.5.1
1.1.2.10085.15.1.9
1.1.2.10134.11.1.4
1.1.2.10170.3
1.1.2.10208.26.2.8
1.1.2.10276.8.1.4
1.1.2.10349.17.4
1.1.2.10477.9.1.4.4
1.1.2.10515.5.1.1.1.2
1.1.2.10568.5.1
1.1.2.10626.3
1.1.2.10638.5.1.2.1
1.1.2.10706.5.1.1
1.1.2.10711.3
1.1.2.10739.34.1.11
1.1.2.10901.5.1.2.1
1.1.2.10916.13.2.15.5
1.1.2.10927.5.1.20.1.12
1.1.2.10970.5.1.3.1.8
1.1.2.10993.5.1.3.2.19
1.1.2.11020.26.2
1.1.2.11034.52.3
1.1.2.11069.5.1.5.2.3
1.1.2.11205.10.1.7.1.3
1.1.2.11259.21.2.7.10.38.11
1.1.2.11325.20.1.8.8
1.1.2.11346.5.1.20.1.9.3.9
1.1.2.11396.10.1.6
1.1.2.11442.11.1.9
1.1.2.11522.17.1.6
1.1.2.11562.9.1.4
1.1.2.11586.18.2.4.4
1.1.2.11681.5.1.11.1.2.1.20
1.1.2.11732.9.4.8.3
1.1.2.11733.5.1.1.10.24.7
1.1.2.11902.5.1.1.3.6
1.1.2.12041.5.1
1.1.2.12057.16.2.14
1.1.2.12198.13.1
1.1.2.12205.13.2.7.4.26
1.1.2.12295.5.1.4.1.2
1.1.2.12320.12.1.12
1.1.2.12321.5.1
1.1.2.12349.9.2.4
1.1.2.12393.9.2.4.2
1.1.2.12403.28.3.4
1.1.2.12480.5.1.4
1.1.2.12482.10.3.8
1.1.2.12570.5.1.29.1
1.1.2.12583.13.5.15.11
1.1.2.12609.5.1.4
1.1.2.12615.36.2.15
1.1.2.12766.5.1.17.12.3.1
1.1.2.12817.29.2.12.12
1.1.2.12845.5.1
1.1.2.12850.5.1.8.2
1.1.2.12875.12.2.8
1.1.2.12942.3
1.1.2.12966.5.1.1.19.20
1.1.2.13144.5.1.8
1.1.2.13167.29.4.8.23
1.1.2.13189.10.2.4
1.1.2.13218.13.1.9
1.1.2.13264.9.3.4
1.1.2.13354.5.1.2.19.38.1.2
1.1.2.13356.19.1.4.1
1.1.2.13358.14.3.5.3.3
1.1.2.13563.5.1.1.1.12.4
1.1.2.13608.5.1.11
1.1.2.13645.25.2.6.4
1.1.2.13699.18.2.8
1.1.2.13703.5.1.2.2
1.1.2.13726.22.2.5.2.2.2.10
1.1.2.13729.9.1.4
1.1.2.13733.5.1
1.1.2.13806.5.1
1.1.2.13809.9.1.10.4
1.1.2.13949.5.1
1.1.2.13977.5.1.15.3.19.1.1
1.1.2.14015.5.1
1.1.2.14113.10.1.6
1.1.2.14372.26.3.8
1.1.2.14385.16.2.9.9
1.1.2.14394.24.1.4
1.1.2.14433.5.1
1.1.2.14466.27.3
1.1.2.14501.5.1.15.1
1.1.2.14529.24.3.7.1
1.1.2.14575.5.1.3.2.15.6.21
1.1.2.14839.17.1.9.1
1.1.2.14900.8.1.8
1.1.2.14994.5.1.5.4
1.1.2.14995.15.2.6
1.1.2.15063.5.1.1.1.15
1.1.2.15071.5.1.3.1.1.1.5
1.1.2.15101.9.1.5
1.1.2.15155.32.2.4.3
1.1.2.15187.10.1.4.8.18
1.1.2.15277.16.3.14.9
1.1.2.15298.5.1.9
1.1.3.15340.13
1.1.3.15420.17.1.18
1.1.3.15467.15.1.9
1.1.3.15513.11.1.4
1.1.3.15549.3
1.1.3.15587.26.2.8
1.1.3.15664.5.1.4.2.25.4
1.1.3.15696.5.1.1.1
1.1.3.15702.5.1.1
1.1.3.15835.5.1.5.1.24.1
1.1.3.15850.9.1.4.4
1.1.3.15883.14.1.5.3
1.1.3.15916.13.1.19.7.13.7
1.1.3.15916.13.1.19.7.14.1
1.1.3.15941.5.1
1.1.3.16005.5.1.2.1
1.1.3.16068.5.1.1
1.1.3.16262.25
1.1.3.16307.10.1.10.3
1.1.3.16330.5.1.3.2.19
1.1.3.16357.26.2
1.1.3.16371.52.3
1.1.3.16406.5.1.5.2.3
1.1.3.16542.10.1.7.1.3
1.1.3.16596.15.2
1.1.3.16602.8.4.4.2.20
1.1.3.16633.5.1.7.3
1.1.3.16644.5.1.26.1.1
1.1.3.16662.19.2.13.6
1.1.3.16685.25.2.14
1.1.3.16845.17.1.6
1.1.3.16861.15.2.7.1
1.1.3.16915.10.2.8.8
1.1.3.17001.12.1.4.8
1.1.3.17124.5.1.6.1.9
1.1.3.17289.9.1.6
1.1.3.17378.5.1
1.1.3.17395.5.1.2.1.26.2.16
1.1.3.17400.8.1.6
1.1.3.17503.5.1.3.1
1.1.3.17539.13.1
1.1.3.17546.19.2.25.2.10.4
1.1.3.17626.3
1.1.3.17663.6
1.1.3.17680.12.1.12
1.1.3.17681.5.1
1.1.3.17756.9.2.4.2
1.1.3.17773.20.4.5.3.1.1
1.1.3.17776.12.1.4.2
1.1.3.17837.18.3.20.14.28
1.1.3.17853.5.1.2.3.6.2
1.1.3.17912.31
1.1.3.17926.5.1.20.1
1.1.3.17939.13.5.15.11
1.1.3.17965.5.1.4
1.1.3.17971.36.2.15
1.1.3.18126.14.4.8
1.1.3.18157.10.1.16
1.1.3.18193.29.2.12.12
1.1.3.18219.16.3.10.1.3.1.15
1.1.3.18342.3
1.1.3.18366.5.1.1.19.20
1.1.3.18539.5.1.12
1.1.3.18573.34.3.19.9.3
1.1.3.18671.9.1.5
1.1.3.18693.11.2.10
1.1.3.18765.13.1.7.4
1.1.3.18774.18.1.13.9
1.1.3.18776.32.3.5.3.3
1.1.3.18982.5.1.1.1.12.4
1.1.3.19027.5.1.11
1.1.3.19064.25.2.6.4
1.1.3.19113.16.3.9.4.14.1.5
1.1.3.19122.11.1.4.1
1.1.3.19140.22.2.5.2.2.2.10
1.1.3.19143.9.1.4
1.1.3.19147.5.1
1.1.3.19211.5.1
1.1.3.19214.9.1.10.4
1.1.3.19354.5.1
1.1.3.19534.5.1.1.1
1.1.3.19541.9.1.8
1.1.3.19826.5.1.3.1
1.1.3.19839.14.2.25.3
1.1.3.19874.5.1
1.1.3.19902.27.3
1.1.3.19930.17.1.4
1.1.3.19956.24.3.7.1
1.1.3.20005.5.1.3.2.12.5.48
1.1.3.20238.5.1.8.8
1.1.3.20243.17.4.8
1.1.3.20270.17.1.9.1
1.1.3.20317.5.1.2.3.16.3.5
1.1.3.20339.8.1.8
1.1.3.20359.16.1.14
1.1.3.20437.5.1.5.4
1.1.3.20438.15.2.6
1.1.3.20451.5.1.9
1.1.3.20515.5.1.1.1.14
1.1.3.20523.22.3.18.9
1.1.3.20566.9.1.5
1.1.3.20615.21.2.34.1.3.6.16
1.1.3.20642.19.4.13.9
1.1.3.20646.5.1
1.1.3.20736.16.3.14.9
1.1.3.20757.5.1.9
1.1.3.20800.13
1.1.3.20895.5.1
1.1.3.20941.14.2.13.4
1.1.3.21008.3
1.1.3.21127.5.1.4.2.24.3
1.1.3.21192.17.4
1.1.3.21303.5.1.5.1.24.1
1.1.3.21312.14.2.6.4.35
1.1.3.21358.5.1.1.1.2
1.1.3.21408.5.1
1.1.3.21475.5.1.2.1
1.1.3.21540.5.1.4.1.3
1.1.3.21565.5.1.2.2
1.1.3.21713.5.1.2.1
1.1.3.21735.25
1.1.3.21780.10.1.6.2
1.1.3.21803.5.1.3.2.19
1.1.3.21830.26.2
1.1.3.21844.52.3
1.1.3.21879.5.1.5.2.3
1.1.3.21901.5.1.3.2.13.3
1.1.3.22071.23.3.5.3
1.1.3.22097.5.1.7.3
1.1.3.22108.5.1.26.1.1
1.1.3.22126.19.2.13.6
1.1.3.22154.14.2.4.2
1.1.3.22160.9.1.4
1.1.3.22251.11.1.9
1.1.3.22322.17.1.6
1.1.3.22362.9.1.4
1.1.3.22388.5.1.7.5.15
1.1.3.22474.12.1.4.8
1.1.3.22610.5.1.6.1.9
1.1.3.22723.5.1.2.3.5
1.1.3.22893.5.1
1.1.3.22909.16.2.14
1.1.3.22917.5.1.4.2.3.1
1.1.3.22989.15.1.20
1.1.3.23006.26.2.6.1.27.2.38
1.1.3.23022.5.1.3.1
1.1.3.23058.13.1
1.1.3.23065.13.2.7.4.26
1.1.3.23140.3
1.1.3.23176.6
1.1.3.23193.12.1.12
1.1.3.23194.5.1
1.1.3.23269.9.2.4.2
1.1.3.23286.20.4.5.3.1.1
1.1.3.23289.12.1.4.2
1.1.3.23350.5.1.4
1.1.3.23352.10.3.8
1.1.3.23421.17.1.4
1.1.3.23443.13.5.15.11
1.1.3.23464.10.1.6
1.1.3.23486.5.1.9.2.6.2
1.1.3.23620.14.4.8
1.1.3.23649.10.1.16
1.1.3.23685.29.2.12.12
1.1.3.23713.5.1
1.1.3.23747.14.3.7.11.24.17
1.1.3.23827.3
1.1.3.23851.5.1.1.19.20
1.1.3.24024.5.1.16
1.1.3.24054.5.1.2.7.12
1.1.3.24236.13.1.4.2
1.1.3.24242.5.1.5
1.1.3.24244.18.1.11.6
1.1.3.24246.32.3.5.3.3
1.1.3.24284.5.1
1.1.3.24461.5.1.1.1.12.4
1.1.3.24505.5.1.11
1.1.3.24542.25.2.6.4
1.1.3.24593.5.1.5
1.1.3.24595.27.1.15
1.1.3.24619.22.2.5.2.2.2.10
1.1.3.24622.9.1.4
1.1.3.24625.5.1.15
1.1.3.24690.5.1
1.1.3.24692.8.1.5.5
1.1.3.24997.10.1.6
1.1.3.25280.5.1.3.1
1.1.3.25293.14.2.25.3
1.1.3.25328.5.1
1.1.3.25356.27.3
1.1.3.25384.17.1.4
1.1.3.25410.24.3.7.1
1.1.3.25455.5.1.3.2.12.5.42
1.1.3.25597.16.3
1.1.3.25692.5.1.8.8
1.1.3.25697.17.4.8
1.1.3.25724.17.1.9.1
1.1.3.25785.5.1.2.14
1.1.3.25803.5.1
1.1.3.25871.5.1.5.4
1.1.3.25872.15.2.6
1.1.3.25952.5.1.3.1.1.1.5
1.1.3.25972.6
1.1.3.26029.21.2.34.1.3.6.16
1.1.3.26060.19.4.13.9
1.1.3.26064.5.1
1.1.3.26138.16.3.14.9
1.1.3.26159.5.1.9
1.1.3.26202.13
1.1.3.26290.17.1.18
1.1.3.26344.18.4
1.1.3.26423.3
1.1.3.26461.26.2.8
1.1.3.26538.5.1.4.2.25.4
1.1.3.26570.5.1.1.1
1.1.3.26576.5.1.1
1.1.3.26708.5.1.5.1.24.1
1.1.3.26717.14.2.6.4.35
1.1.3.26759.46.2.10.1.3.2.14
1.1.3.26767.20.5.13.10.2.4
1.1.3.26819.16
1.1.3.26876.28.1.23
1.1.3.26946.5.1.4.1.3
1.1.3.26972.5.1
1.1.3.27114.5.1.2.1
1.1.3.27137.25
1.1.3.27184.5.1.3.1.8
1.1.3.27207.5.1.3.2.19
1.1.3.27234.26.2
1.1.3.27248.52.3
1.1.3.27285.5.1.2.5
1.1.3.27300.22.2.4
1.1.3.27318.5.1.27
1.1.3.27416.3
1.1.3.27496.23.3.5.3
1.1.3.27524.5.1.7.3
1.1.3.27535.5.1.26.1.1
1.1.3.27553.19.2.13.6
1.1.3.27581.14.2.4.2
1.1.3.27682.11.1.9
1.1.3.27759.17.1.6
1.1.3.27799.9.1.4
1.1.3.27823.18.2.4.4
1.1.3.27854.10.2.8
1.1.3.27858.6
1.1.3.27879.9.3.4.7
1.1.3.27883.5.1.2
1.1.3.27887.14.3.5.2
1.1.3.27892.31.4.7.1.2.2.2
1.1.3.27963.45.2.35.2.8
1.1.3.27966.5.1
1.1.3.28037.5.1.6.1.9
1.1.3.28043.5.1.2.2.9.5.17
1.1.3.28127.5.1
1.1.3.28152.5.1.2.3.5
1.1.3.28310.5.1
1.1.3.28326.16.2.14
1.1.3.28333.5.1
1.1.3.28471.13.1
1.1.3.28478.19.2.25.2.10.4
1.1.4.51.3
1.1.4.77.5.1.2.7.4.4
1.1.4.107.12.1.12
1.1.4.108.5.1
1.1.4.183.9.2.4.2
1.1.4.200.20.4.5.3.1.1
1.1.4.203.12.1.4.2
1.1.4.267.5.1.4
1.1.4.269.10.3.8
1.1.4.327.34.3.9.6.9.2
1.1.4.350.14.1.9
1.1.4.371.5.1.3.15.10.6
1.1.4.396.5.1.18.17.8.4.28
1.1.4.401.36.2.15
1.1.4.574.12.1.5
1.1.4.581.23.3.21
1.1.4.610.29.2.12.12
1.1.4.638.5.1
1.1.4.640.25.3.7.9
1.1.4.741.3
1.1.4.765.5.1.1.19.20
1.1.4.937.5.1.16
1.1.4.967.5.1.2.7.12
1.1.4.1052.9.3.4
1.1.4.1153.5.1.2.2.7
1.1.4.1158.22.1.4.1
1.1.4.1160.14.3.5.3.3
1.1.4.1226.25.1.4.1.10
1.1.4.1304.17.1.10.3
1.1.4.1395.5.1.1.1.12.4
1.1.4.1442.5.1.11
1.1.4.1479.25.2.6.4
1.1.4.1531.16.3.9.4.14.1.5
1.1.4.1540.11.1.4.1
1.1.4.1561.22.2.5.2.2.2.10
1.1.4.1564.9.1.4
1.1.4.1567.5.1.15
1.1.4.1600.29.1.4
1.1.4.1636.5.1
1.1.4.1639.9.1.10.4
1.1.4.1781.5.1
1.1.4.1818.25.2
1.1.4.1848.9.1.15
1.1.4.1874.22.1.4
1.1.4.1944.10.1.6
1.1.4.2218.5.1.3.1
1.1.4.2229.19.1.4
1.1.4.2266.5.1
1.1.4.2294.27.3
1.1.4.2322.17.1.4
1.1.4.2348.24.3.7.1
1.1.4.2396.5.1.3.2.8.4.18
1.1.4.2475.5.1
1.1.4.2484.5.1.3.14.28.9.11
1.1.4.2558.16.2
1.1.4.2684.17.1.9.1
1.1.4.2751.8.1.8
1.1.4.2771.16.1.14
1.1.4.2849.5.1.5.4
1.1.4.2850.15.2.6
1.1.4.2863.5.1.9
1.1.4.2928.5.1.1.1.15
1.1.4.2936.5.1.3.1.1.1.5
1.1.4.2969.9.1.5
1.1.4.3018.21.2.34.1.3.6.16
1.1.4.3049.19.4.13.9
1.1.4.3053.5.1
1.1.4.3130.17.6.4.3
1.1.4.3149.5.1.3
1.1.4.3293.5.1.3.3
1.1.4.3312.14.2.13.4
1.1.4.3421.3
1.1.4.3427.38.1.16
1.1.4.3491.5.1.4.2.23.3
1.1.4.3523.5.1.1.1
1.1.4.3529.5.1.1
1.1.4.3556.54.1.22
1.1.4.3621.3
1.1.4.3678.5.1.5.1.33.1
1.1.4.3693.9.1.4.4
1.1.4.3853.5.1.2.1
1.1.4.3927.27.2.33.11
1.1.4.3952.34.1.11
1.1.4.4094.11.1.6
1.1.4.4098.5.1.2.1
1.1.4.4120.25
1.1.4.4165.10.1.6.2
1.1.4.4188.5.1.3.2.19
1.1.4.4215.26.2
1.1.4.4229.52.3
1.1.4.4264.5.1.5.2.3
1.1.4.4386.3
1.1.4.4453.9.1.11
1.1.4.4462.21.2.7.11.12.14
1.1.4.4496.3
1.1.4.4529.3
1.1.4.4535.19.1.10.8
1.1.4.4567.5.1.26.1.9.3.20
1.1.4.4617.10.1.6
1.1.4.4663.11.1.9
1.1.4.4768.9.1.4
1.1.4.4794.5.1.7.5.15
1.1.4.4880.12.1.4.8
1.1.4.4921.9.4.8.3
1.1.4.4922.5.1.1.10.24.7
1.1.4.5086.5.1
1.1.4.5111.5.1.2.3.5
1.1.4.5268.5.1
1.1.4.5285.5.1.2.1.26.2.16
1.1.4.5290.8.1.6
1.1.4.5362.15.1.20
1.1.4.5434.13.1
1.1.4.5441.13.2.7.4.26
1.1.4.5539.5.1.4.1.2
1.1.4.5564.12.1.12
1.1.4.5565.5.1
1.1.4.5593.9.2.4
1.1.4.5635.9.2.4.2
1.1.4.5653.5.1
1.1.4.5738.17.2.7
1.1.4.5849.13.5.15.11
1.1.4.5875.5.1.4
1.1.4.5881.36.2.15
1.1.4.6026.5.1
1.1.4.6028.5.1.3.2.2.4
1.1.4.6042.10.1.16
1.1.4.6078.29.2.12.12
1.1.4.6104.16.3.10.1.3.1.15
1.1.4.6209.3
1.1.4.6233.5.1.1.19.20
1.1.4.6391.19.1.4.13
1.1.4.6417.29.4.8.23
1.1.4.6511.9.3.4
1.1.4.6538.14.3.24.17
1.1.4.6605.16.5.6.1.20.1.7
1.1.4.6611.5.1.5
1.1.4.6613.18.1.11.6
1.1.4.6615.32.3.5.3.3
1.1.4.6681.25.1.4.1.10
1.1.4.6844.5.1.11.30
1.1.4.6895.5.1.11
1.1.4.6921.5.1.3.2.5.1.31.17
1.1.4.6981.11.1.4.1
1.1.4.6999.22.2.5.2.2.2.10
1.1.4.7002.9.1.4
1.1.4.7005.5.1.15
1.1.4.7082.5.1
1.1.4.7084.8.1.5.5
1.1.4.7221.5.1
1.1.4.7286.9.1.15
1.1.4.7372.10.1.6
1.1.4.7603.14.4
1.1.4.7641.24.1.4
1.1.4.7679.5.1
1.1.4.7703.27.3
1.1.4.7731.17.1.4
1.1.4.7757.24.3.7.1
1.1.4.7797.27.2.39.11
1.1.4.7927.9.1.4
1.1.4.7987.5.1
1.1.4.8072.5.1
1.1.4.8127.5.1.2.3.10.3.5
1.1.4.8149.8.1.8
1.1.4.8238.5.1.5.4
1.1.4.8239.15.2.6
1.1.4.8315.5.1.3.1.1.1.5
1.1.4.8409.32.2.4.3
1.1.4.8441.10.1.4.8.18
1.1.4.8558.5.1.3
1.1.4.8698.5.1
1.1.4.8708.15.1.9
1.1.4.8898.5.1.4.2.24.3
1.1.4.9098.9.1.4.4
1.1.4.9134.5.1.1.1.2
1.1.4.9199.16
1.1.4.9262.5.1.2.1
1.1.4.9327.5.1.4.1.3
1.1.4.9356.34.1.11
1.1.4.9505.5.1.2.1
1.1.4.9528.25
1.1.4.9575.5.1.3.1.6
1.1.4.9630.5.1.6
1.1.4.9688.12.1.13
1.1.4.9726.11.3.31
1.1.4.9857.23.3.5.3
1.1.4.9881.3
1.1.4.9911.5.1.3.3.33.3.22
1.1.4.9936.14.2.4.2
1.1.4.9942.9.1.4
1.1.4.9978.10.1.6
1.1.4.10024.11.1.9
1.1.4.10097.17.1.6
1.1.4.10161.10.2.8.8
1.1.4.10247.12.1.4.8
1.1.4.10289.9.4.8.3
1.1.4.10290.5.1.1.10.24.7
1.1.4.10457.34.1.4.4
1.1.4.10619.5.1
1.1.4.10635.16.2.14
1.1.4.10779.13.1
1.1.4.10786.13.2.7.4.26
1.1.4.10883.5.1.4.1.2
1.1.4.10988.9.2.4.2
1.1.4.11077.18.3.20.14.28
1.1.4.11093.5.1.2.3.6.2
1.1.4.11194.13.2.8
1.1.4.11367.14.4.8
1.1.4.11398.10.1.16
1.1.4.11434.29.2.12.12
1.1.4.11460.16.3.10.1.3.1.15
1.1.4.11498.14.3.7.11.24.17
1.1.4.11574.3
1.1.4.11598.5.1.1.19.20
1.1.4.11775.5.1.16
1.1.4.11805.5.1.2.7.12
1.1.4.11878.24.2.10.21
1.1.4.11988.5.1.2.2.7
1.1.4.11993.22.1.4.1
1.1.4.11995.14.3.5.3.3
1.1.4.12003.3
1.1.4.12024.5.1
1.1.4.12116.8.1.4.12
1.1.4.12174.22.6.8.3
1.1.4.12201.5.1.1.1.12.4
1.1.4.12246.5.1.11
1.1.4.12283.25.2.6.4
1.1.4.12344.11.1.4.1
1.1.4.12365.22.2.5.2.2.2.10
1.1.4.12368.9.1.4
1.1.4.12371.5.1.15
1.1.4.12404.29.1.4
1.1.4.12440.5.1
1.1.4.12443.9.1.10.4
1.1.4.12654.9.1.15
1.1.4.12680.22.1.4
1.1.4.12750.10.1.6
1.1.4.13019.5.1.3.1
1.1.4.13032.14.2.25.3
1.1.4.13068.5.1.9.1
1.1.4.13082.15.3
1.1.4.13094.15.3.6.24
1.1.4.13136.6
1.1.4.13184.5.1.3.2.14.6.19
1.1.4.13332.16.3
1.1.4.13477.5.1.2.2.3.2.4
1.1.4.13499.8.1.8
1.1.4.13519.16.1.14
1.1.4.13597.5.1.5.4
1.1.4.13598.15.2.6
1.1.4.13611.5.1.9
1.1.4.13676.5.1.1.1.14
1.1.4.13684.22.3.18.9
1.1.4.13716.6
1.1.4.13778.32.2.4.3
1.1.4.13813.24.2.10.5.7.3
1.1.4.13902.16.3.17.20
1.1.4.13923.5.1.9
1.1.4.13966.13
1.1.4.14055.5.1
1.1.4.14092.18.4
1.1.4.14131.11.1.4
1.1.4.14164.3
1.1.4.14276.5.1.4.2.23.3
1.1.4.14308.5.1.1.1
1.1.4.14314.5.1.1
1.1.4.14341.54.1.22
1.1.4.14448.5.1.5.1.24.1
1.1.4.14463.9.1.4.4
1.1.4.14627.28.1.23
1.1.4.14709.27.2.34.11
1.1.4.14911.25
1.1.4.14958.5.1.3.1.8
1.1.4.14981.5.1.3.2.19
1.1.4.15008.26.2
1.1.4.15022.52.3
1.1.4.15057.5.1.5.2.3
1.1.4.15193.10.1.7.1.3
1.1.4.15240.23.3.5.3
1.1.4.15266.5.1.7.3
1.1.4.15277.5.1.26.1.1
1.1.4.15293.5.1.1.1.3.2
1.1.4.15297.5.1.7
1.1.4.15316.32.1.36.19
1.1.4.15366.10.1.6
1.1.4.15412.11.1.9
1.1.4.15484.17.1.6
1.1.4.15524.9.1.4
1.1.4.15548.18.2.4.4
1.1.4.15636.12.1.4.8
1.1.4.15886.5.1.1.3.6
1.1.4.16029.5.1.3.1.19
1.1.4.16139.5.1.3.1
1.1.4.16178.13.1
1.1.4.16185.19.2.25.2.10.4
1.1.4.16210.6
1.1.4.16286.12.1.12
1.1.4.16287.5.1
1.1.4.16362.9.2.4.2
1.1.4.16372.28.3.4
1.1.4.16449.18.3.20.14.28
1.1.4.16465.5.1.2.3.6.2
1.1.4.16537.5.1.29.1
1.1.4.16550.13.5.15.11
1.1.4.16580.5.1.4
1.1.4.16586.26.2.14
1.1.4.16728.5.1.2.3.18.1
1.1.4.16792.29.2.12.12
1.1.4.16818.16.3.10.1.3.1.15
1.1.4.16857.14.3.7.11.24.9
1.1.4.16929.3
1.1.4.16953.5.1.1.19.20
1.1.4.17112.19.1.4.13
1.1.4.17138.29.4.8.23
1.1.4.17233.9.3.4
1.1.4.17332.5.1.2.2.7
1.1.4.17337.22.1.4.1
1.1.4.17339.14.3.5.3.3
1.1.4.17347.3
1.1.4.17396.25.1.4.1.10
1.1.4.17613.5.1.11
1.1.4.17650.25.2.6.4
1.1.4.17705.5.1.2.4.22
1.1.4.17723.22.2.5.2.2.2.10
1.1.4.17726.9.1.4
1.1.4.17730.5.1
1.1.4.17800.5.1
1.1.4.17803.9.1.10.4
1.1.4.17943.5.1
1.1.4.18111.10.1.6
1.1.4.18385.5.1.3.1
1.1.4.18398.14.2.25.3
1.1.4.18450.36.3
1.1.4.18478.17.1.4
1.1.4.18504.24.3.7.1
1.1.4.18549.5.1.3.2.35.13.21
1.1.4.18629.5.1
1.1.4.18638.5.1.3.14.28.9.11
1.1.4.18687.9.1.4
1.1.4.18883.5.1.2.14
1.1.4.18898.5.1
1.1.4.18968.5.1.5.4
1.1.4.18969.15.2.6
1.1.4.18982.5.1.9
1.1.4.19056.5.1.3.1.1.1.5
1.1.4.19084.9.1.5
1.1.4.19138.32.2.4.3
1.1.4.19174.24.2.10.5.7.3
1.1.4.19254.16.3.14.9
1.1.4.19275.5.1.9
1.1.4.19318.13
1.1.4.19398.17.1.18
1.1.4.19454.14.2.13.4
1.1.4.19496.11.1.4
1.1.4.19618.8.1.4
1.1.4.19659.5.1.1.1
1.1.4.19665.5.1.1
1.1.4.19692.54.1.22
1.1.4.19762.3
1.1.4.19838.9.1.4.4
1.1.4.19871.14.1.5.3
1.1.4.19904.13.1.19.7.13.7
1.1.4.19904.13.1.19.7.14.1
1.1.4.19928.32.2.24.2
1.1.4.19998.5.1.2.1
1.1.4.20067.5.1.1
1.1.4.20094.5.1
1.1.4.20265.25
1.1.4.20310.10.1.6.2
1.1.4.20333.5.1.3.2.19
1.1.4.20360.26.2
1.1.4.20374.52.3
1.1.4.20409.5.1.5.2.3
1.1.4.20437.12.1.9
1.1.4.20548.8.1.45
1.1.4.20610.21.2.7.10.38.11
1.1.4.20642.5.1.7.3
1.1.4.20653.5.1.26.1.1
1.1.4.20669.5.1.1.1.3.2
1.1.4.20673.5.1.7
1.1.4.20692.32.1.36.19
1.1.4.20746.10.1.6
1.1.4.20859.17.1.6
1.1.4.20928.10.2.8.5
1.1.4.21015.5.1.4.3.5
1.1.4.21072.5.1.4
1.1.4.21264.5.1.2.3.5
1.1.4.21432.5.1.3.1.19
1.1.4.21542.5.1.3.1
1.1.4.21578.13.1
1.1.4.21585.19.2.25.2.10.4
1.1.4.21685.5.1.4.1.2
1.1.4.21731.9.2.4
1.1.4.21773.9.2.4.2
1.1.4.21791.5.1
1.1.4.21876.17.2.7
1.1.4.21975.5.1.29.1
1.1.4.21988.13.5.15.11
1.1.4.22014.5.1.4
1.1.4.22020.36.2.15
1.1.4.22166.14.4.8
1.1.4.22195.10.1.16
1.1.4.22231.29.2.12.12
1.1.4.22238.5.1.22.2.6.1.12
1.1.4.22342.19.1.8.5
1.1.4.22374.3
1.1.4.22398.5.1.1.19.20
1.1.4.22570.19.1.4.13
1.1.4.22596.29.4.8.23
1.1.4.22618.10.2.4
1.1.4.22647.13.1.9
1.1.4.22689.9.3.4
1.1.4.22793.13.1.4.2
1.1.4.22799.5.1.5
1.1.4.22801.18.1.11.6
1.1.4.22803.32.3.5.3.3
1.1.4.22811.3
1.1.4.22860.25.1.4.1.10
1.1.4.22931.8.1.4.12
1.1.4.23072.5.1.11
1.1.4.23109.25.2.6.4
1.1.4.23180.24.2.5.2.2.2.10
1.1.4.23183.9.1.4
1.1.4.23186.5.1.15
1.1.4.23244.9.2.8.7
1.1.4.23384.5.1
1.1.4.23425.24.2
1.1.4.23455.9.1.15
1.1.4.23481.22.1.4
1.1.4.23522.5.1.1.1
1.1.4.23558.16.3.12.3.23.4
1.1.4.23825.5.1.3.1
1.1.4.23838.14.2.25.3
1.1.4.23874.5.1.9.1
1.1.4.23885.46.3
1.1.4.23897.15.3.6.24
1.1.4.23939.6
1.1.4.23983.27.2.39.11
1.1.4.24216.5.1.8.8
1.1.4.24221.17.4.8
1.1.4.24248.17.1.9.1
1.1.4.24289.5.1.2.3.10.3.5
1.1.4.24311.8.1.8
1.1.4.24401.5.1.5.4
1.1.4.24402.15.2.6
1.1.4.24415.5.1.9
1.1.4.24492.5.1.3.1.1.1.5
1.1.4.24512.5.1
1.1.4.24569.32.2.4.3
1.1.4.24601.10.1.4.8.18
1.1.4.24689.17.2.14
1.1.4.24708.16.3.14.9
1.1.4.24729.5.1.9
1.1.4.24772.13
1.1.4.24899.5.1
1.1.4.24903.16.1.31.11
1.1.4.24922.14.2.13.4
1.1.4.25029.3
1.1.4.25035.38.1.16
1.1.4.25099.5.1.4.2.23.3
1.1.4.25294.9.1.4.4
1.1.4.25361.11.5.34
1.1.4.25391.5.1.12.3
1.1.4.25449.5.1.2.1
1.1.4.25518.5.1.1
1.1.4.25545.5.1
1.1.4.25590.8.1.4
1.1.4.25706.13.2.15.5
1.1.4.25717.5.1.20.1.12
1.1.4.25760.5.1.3.1.6
1.1.4.25782.9.2.13.5
1.1.4.25814.26.2
1.1.4.25828.52.3
1.1.4.25863.5.1.5.2.3
1.1.4.25892.5.1.21
1.1.4.26012.8.1.26
1.1.4.26073.23.3.5.3
1.1.4.26099.5.1.7.3
1.1.4.26110.5.1.26.1.1
1.1.4.26126.5.1.1.1.3.2
1.1.4.26130.5.1.7
1.1.4.26152.5.1.20.1.9.3.16
1.1.4.26210.10.1.6
1.1.4.26259.11.1.9
1.1.4.26336.17.1.6
1.1.4.26379.9.1.4
1.1.4.26406.5.1.7.5.15
1.1.4.26492.12.1.4.8
1.1.4.26542.28.6.4
1.1.4.26553.45.2.35.2.8
1.1.4.26556.5.1
1.1.4.26627.5.1.6.1.9
1.1.4.26718.5.1
1.1.4.26743.5.1.2.3.5
1.1.4.26896.5.1
1.1.4.26913.5.1.2.1.26.2.16
1.1.4.26918.8.1.6
1.1.4.27055.13.1
1.1.4.27062.19.2.25.2.10.4
1.1.4.27166.5.1.4.1.2
1.1.4.27178.6
1.1.4.27195.12.1.12
1.1.4.27196.5.1
1.1.4.27271.9.2.4.2
1.1.4.27286.5.1
1.1.4.27370.5.1.1.11.3
1.1.4.27374.21.1.8.6
1.1.4.27429.34.3.9.6.9.2
1.1.4.27471.5.1.29.1
1.1.4.27484.13.5.15.11
1.1.4.27510.5.1.4
1.1.4.27516.36.2.15
1.1.4.27662.14.4.8
1.1.4.27693.10.1.16
1.1.4.27729.29.2.12.12
1.1.4.27755.16.3.10.1.3.1.15
1.1.4.27794.14.3.7.11.24.9
1.1.4.27878.3
1.1.4.27902.5.1.1.19.20
1.1.4.28061.5.1.8
1.1.4.28084.29.4.8.23
1.1.4.28179.9.3.4
1.1.4.28261.5.1.2.2.7
1.1.4.28266.5.1.4.4.12
1.1.4.28266.11.3.4.8
1.1.4.28327.25.1.4.1.10
1.1.4.28494.5.1.1.1.12.4
1.1.4.28539.5.1.11
1.1.4.28576.25.2.6.4
1.1.4.28625.16.3.9.4.14.1.5
1.1.4.28626.5.1.2.7
1.1.4.28649.22.2.5.2.2.2.10
1.1.4.28652.9.1.4
1.1.4.28655.5.1.15
1.1.4.28728.5.1
1.1.4.28731.9.1.10.4
1.1.4.29025.10.1.6
1.1.4.29260.14.4
1.1.4.29296.24.1.4
1.1.4.29334.5.1
1.1.4.29367.27.3
1.1.4.29395.17.1.4
1.1.4.29421.24.3.7.1
1.1.4.29475.5.1.3.2.14.6.19
1.1.4.29802.5.1.2.14
1.1.4.29820.5.1
1.1.4.29890.5.1.5.4
1.1.4.29891.15.2.6
1.1.4.29964.5.1.1.1.14
1.1.4.29972.22.3.18.9
1.1.4.30003.6
1.1.4.30069.32.2.4.3
1.1.4.30101.10.1.4.8.18
1.1.4.30192.16.3.14.9
1.1.4.30213.5.1.9
1.1.4.30256.13
1.1.4.30387.18.4
1.1.4.30425.5.1
1.1.4.30458.3
1.1.4.30496.26.2.8
1.1.4.30562.8.1.4
1.1.4.30690.3
1.1.4.30747.5.1.5.1.33.1
1.1.4.30762.9.1.4.4
1.1.4.30836.13.1.19.7.13.6
1.1.4.30836.13.1.19.7.14.1
1.1.4.30861.5.1
1.1.4.30919.3
1.1.4.30932.28.1.23
1.1.4.31004.5.1.1
1.1.4.31211.25
1.1.4.31256.10.1.6.2
1.1.4.31279.5.1.3.2.19
1.1.4.31306.26.2
1.1.4.31320.52.3
1.1.4.31355.5.1.5.2.3
1.1.4.31484.10.1.7.1.3
1.1.4.31531.8.4.4.2.17
1.1.4.31562.5.1.7.3
1.1.4.31573.5.1.26.1.1
1.1.4.31589.5.1.1.1.3.2
1.1.4.31593.5.1.7
1.1.4.31612.32.1.36.19
1.1.4.31662.10.1.6
1.1.4.31708.11.1.9
1.1.4.31822.9.1.4
1.1.4.31846.18.2.4.4
1.1.4.31934.12.1.4.8
1.1.4.32061.5.1.6.1.9
1.1.4.32186.5.1.2.3.5
1.1.4.32334.5.1
1.1.4.32350.16.2.14
1.1.4.32358.5.1.4.2.3.1
1.1.4.32429.26.2.6.1.11.2.13
1.1.4.32445.5.1.3.1
1.1.4.32481.13.1
1.1.4.32488.13.2.7.4.26
1.1.4.32592.5.1.4.1.2
1.1.4.32638.9.2.4
1.1.4.32681.9.2.4.2
1.1.4.32698.20.4.5.3.1.1
1.1.4.32701.12.1.4.2
1.1.4.32763.18.3.20.14.28
1.1.4.32779.5.1.2.3.6.2
1.1.4.32837.5.1.16
1.1.4.32861.5.1.14.1.2.4.2.10
1.1.4.32884.5.1.23.1.17.1.23
1.1.4.32892.16.2.6
1.1.4.33047.14.4.8
1.1.4.33078.10.1.16
1.1.4.33114.29.2.12.12
1.1.4.33140.16.3.10.1.3.1.15
1.1.4.33249.3
1.1.4.33273.5.1.1.19.20
1.1.4.33460.5.1.16
1.1.4.33490.5.1.2.7.12
1.1.4.33651.5.1.2.2.7
1.1.4.33664.5.1.3
1.1.4.33667.8.1.17.6
1.1.4.33732.25.1.4.1.10
1.1.4.33891.5.1.11.27
1.1.4.33942.5.1.11
1.1.4.33979.25.2.6.4
1.1.4.34031.16.3.9.4.14.1.5
1.1.4.34040.11.1.4.1
1.1.4.34058.22.2.5.2.2.2.10
1.1.4.34061.9.1.4
1.1.4.34064.5.1.15
1.1.4.34097.29.1.4
1.1.4.34133.5.1
1.1.4.34136.9.1.10.4
1.1.4.34445.10.1.6
1.1.4.34717.5.1.3.1
1.1.4.34730.14.2.25.3
1.1.4.34765.5.1
1.1.4.34798.27.3
1.1.4.34833.5.1.15.1
1.1.4.34861.24.3.7.1
1.1.4.34891.16.6.8
1.1.4.34908.5.1.3.2.31.5.26
1.1.4.35133.5.1.8.8
1.1.4.35166.17.1.9.1
1.1.4.35210.5.1.2.2.3.2.4
1.1.4.35232.8.1.8
1.1.4.35251.16.1.14
1.1.4.35329.5.1.5.4
1.1.4.35330.15.2.6
1.1.4.35342.5.1.4.6.9.8.19
1.1.4.35348.11.1.5.8
1.1.4.35362.35.2
1.1.4.35405.5.1.1.1.14
1.1.4.35413.22.3.18.9
1.1.4.35445.6
1.1.4.35507.32.2.4.3
1.1.4.35539.10.1.4.8.18
1.1.4.35624.10.2.4.8
1.1.4.35640.5.1.9
1.1.4.35683.13
1.1.4.35826.18.4
1.1.4.35907.3
1.1.4.35945.26.2.8
1.1.5.36026.5.1.4.2.24.3
1.1.5.36221.9.1.4.4
1.1.5.36286.11.5.34
1.1.5.36316.5.1.12.3
1.1.5.36390.5.1.2.1
1.1.5.36456.5.1.4.1.3
1.1.5.36481.21.1.19
1.1.5.36623.5.1.4.3.9.1
1.1.5.36654.25
1.1.5.36699.10.1.6.2
1.1.5.36722.5.1.3.2.19
1.1.5.36749.26.2
1.1.5.36763.52.3
1.1.5.36798.5.1.5.2.3
1.1.5.36820.5.1.3.2.13.3
1.1.5.36920.3
1.1.5.36987.9.1.11
1.1.5.36996.21.2.7.11.12.14
1.1.5.37039.5.1.7.3
1.1.5.37050.5.1.26.1.1
1.1.5.37066.5.1.1.1.3.2
1.1.5.37070.5.1.7
1.1.5.37092.5.1.20.1.9.3.16
1.1.5.37146.10.1.6
1.1.5.37192.11.1.9
1.1.5.37272.17.1.6
1.1.5.37312.9.1.4
1.1.5.37336.18.2.4.4
1.1.5.37367.10.2.8
1.1.5.37371.6
1.1.5.37392.9.3.4.7
1.1.5.37396.5.1.2
1.1.5.37400.14.3.5.2
1.1.5.37405.31.4.7.1.2.2.2
1.1.5.37647.26.3.8
1.1.5.37723.5.1.16.21
1.1.5.37822.5.1.2.1.12.2.16
1.1.5.37827.8.1.6
1.1.5.37899.15.1.20
1.1.5.37920.5.1.2.7.31
1.1.5.37969.13.1
1.1.5.37976.13.2.7.4.26
1.1.5.38078.5.1.4.1.2
1.1.5.38090.6
1.1.5.38107.12.1.12
1.1.5.38108.5.1
1.1.5.38136.9.2.4
1.1.5.38176.9.2.4.2
1.1.5.38264.18.3.20.14.28
1.1.5.38280.5.1.2.3.6.2
1.1.5.38355.5.1.29.1
1.1.5.38368.13.5.15.11
1.1.5.38394.5.1.4
1.1.5.38400.36.2.15
1.1.5.38542.5.1.17.12.3.1
1.1.5.38593.29.2.12.12
1.1.5.38615.5.1
1.1.5.38617.25.3.7.9
1.1.5.38734.3
1.1.5.38758.5.1.1.19.20
1.1.5.38928.5.1.12
1.1.5.38962.34.3.19.9.3
1.1.5.39059.9.1.5
1.1.5.39081.14.3.29.21
1.1.5.39149.5.1.2.19.38.1.2
1.1.5.39151.19.1.4.1
1.1.5.39153.14.3.5.3.3
1.1.5.39161.3
1.1.5.39210.25.1.4.1.10
1.1.5.39279.8.1.4.12
1.1.5.39419.5.1.11
1.1.5.39456.25.2.6.4
1.1.5.39508.16.3.9.4.14.1.5
1.1.5.39517.11.1.4.1
1.1.5.39535.22.2.5.2.2.2.10
1.1.5.39538.9.1.4
1.1.5.39541.5.1.15
1.1.5.39614.5.1
1.1.5.39616.8.1.5.5
1.1.5.39743.5.1
1.1.5.39909.10.1.6
1.1.5.40190.5.1.3.1
1.1.5.40203.14.2.25.3
1.1.5.40238.5.1
1.1.5.40259.15.1.11.8
1.1.5.40302.6
1.1.5.40341.5.1.3.2.35.13.21
1.1.5.40611.17.1.9.1
1.1.5.40672.5.1.2.14
1.1.5.40687.5.1
1.1.5.40755.5.1.5.4
1.1.5.40756.15.2.6
1.1.5.40824.5.1.1.1.15
1.1.5.40832.5.1.3.1.1.1.5
1.1.5.40862.9.1.5
1.1.5.40916.32.2.4.3
1.1.5.40948.10.1.4.8.18
1.1.5.41026.26.2.39
1.1.5.41061.5.1.3
1.1.5.41218.18.4
1.1.5.41258.11.1.4
1.1.5.41308.38.2.11.1
1.1.5.41390.5.1.4.2.25.4
1.1.5.41422.5.1.1.1
1.1.5.41428.5.1.1
1.1.5.41510.3
1.1.5.41564.5.1.5.1.33.1
1.1.5.41579.9.1.4.4
1.1.5.41612.14.1.5.3
1.1.5.41645.13.1.19.7.13.7
1.1.5.41645.13.1.19.7.14.1
1.1.5.41670.5.1
1.1.5.41728.3
1.1.5.41745.5.1.2.1
1.1.5.41808.5.1.1
1.1.5.41835.5.1
1.1.5.41998.25
1.1.5.42045.5.1.3.1.6
1.1.5.42099.5.1.6
1.1.5.42272.10.1.7.1.3
1.1.5.42319.23.3.5.3
1.1.5.42347.5.1.7.3
1.1.5.42358.5.1.26.1.1
1.1.5.42376.19.2.13.6
1.1.5.42399.25.2.14
1.1.5.42448.10.1.6
1.1.5.42497.11.1.9
1.1.5.42609.9.1.4
1.1.5.42633.18.2.4.4
1.1.5.42722.5.1.4.3.5
1.1.5.42781.28.6.4
1.1.5.42794.8.2.27.4
1.1.5.42863.5.1.6.1.9
1.1.5.42975.5.1.14.17.30
1.1.5.43141.10.6.4.4
1.1.5.43153.8.1.6
1.1.5.43280.13.1
1.1.5.43287.19.2.25.2.10.4
1.1.5.43387.5.1.4.1.2
1.1.5.43412.12.1.12
1.1.5.43413.5.1
1.1.5.43441.9.2.4
1.1.5.43484.9.2.4.2
1.1.5.43501.20.4.5.3.1.1
1.1.5.43504.12.1.4.2
1.1.5.43566.18.3.20.14.28
1.1.5.43582.5.1.2.3.6.2
1.1.5.43622.34.3.9.6.9.2
1.1.5.43646.8.1.6.2
1.1.5.43690.13.2.8
1.1.5.43872.14.4.8
1.1.5.43901.10.1.16
1.1.5.43937.29.2.12.12
1.1.5.43963.16.3.10.1.3.1.15
1.1.5.44011.12.2.8
1.1.5.44065.19.1.8.5
1.1.5.44095.3
1.1.5.44119.5.1.1.19.20
1.1.5.44277.19.1.4.13
1.1.5.44303.29.4.8.23
1.1.5.44325.10.2.4
1.1.5.44354.13.1.9
1.1.5.44396.9.3.4
1.1.5.44423.14.3.24.17
1.1.5.44492.13.1.4.2
1.1.5.44498.5.1.5
1.1.5.44500.18.1.11.6
1.1.5.44502.32.3.5.3.3
1.1.5.44510.3
1.1.5.44531.5.1
1.1.5.44671.22.6.8.3
1.1.5.44698.5.1.1.1.12.4
1.1.5.44770.5.1.4.3
1.1.5.44843.24.2.5.2.2.2.10
1.1.5.44846.9.1.4
1.1.5.44850.5.1
1.1.5.44914.5.1
1.1.5.44917.9.1.10.4
1.1.5.45057.5.1
1.1.5.45096.24.2
1.1.5.45230.10.1.6
1.1.5.45503.5.1.3.1
1.1.5.45516.14.2.25.3
1.1.5.45552.5.1.9.1
1.1.5.45563.36.3
1.1.5.45591.17.1.4
1.1.5.45617.24.3.7.1
1.1.5.45671.5.1.3.2.14.6.19
1.1.5.45901.5.1.8.8
1.1.5.45925.15.2
1.1.5.45927.5.1.6.17.14.1.42
1.1.5.45971.14.2.9.1.3.2.2
1.1.5.45992.5.1.2.12
1.1.5.46007.5.1
1.1.5.46076.5.1.5.4
1.1.5.46077.15.2.6
1.1.5.46153.5.1.3.1.1.1.5
1.1.5.46184.9.1.5
1.1.5.46233.21.2.34.1.3.6.16
1.1.5.46264.19.4.13.9
1.1.5.46268.5.1
1.1.5.46350.16.3.14.9
1.1.5.46371.5.1.9
1.1.5.46414.13
1.1.5.46523.15.2
1.1.5.46552.18.4
1.1.5.46591.11.1.4
1.1.5.46604.5.1
1.1.5.46704.8.1.4
1.1.5.46745.5.1.1.1
1.1.5.46751.5.1.1
1.1.5.46943.14.1.5.3
1.1.5.46976.13.1.19.7.13.7
1.1.5.46976.13.1.19.7.14.1
1.1.5.47001.5.1
1.1.5.47071.28.1.23
1.1.5.47139.5.1.1
1.1.5.47169.34.1.11
1.1.5.47322.5.1.2.1
1.1.5.47343.25
1.1.5.47388.10.1.6.2
1.1.5.47411.5.1.3.2.19
1.1.5.47438.26.2
1.1.5.47452.52.3
1.1.5.47487.5.1.5.2.3
1.1.5.47516.5.1.21
1.1.5.47618.10.1.7.1.3
1.1.5.47679.23.3.5.3
1.1.5.47707.5.1.7.3
1.1.5.47718.5.1.26.1.1
1.1.5.47734.5.1.1.1.3.2
1.1.5.47738.5.1.7
1.1.5.47760.5.1.20.1.9.3.16
1.1.5.47940.17.1.6
1.1.5.47980.9.1.4
1.1.5.48004.18.2.4.4
1.1.5.48092.12.1.4.8
1.1.5.48305.5.1.2.3.5
1.1.5.48466.5.1
1.1.5.48483.5.1.2.1.26.2.16
1.1.5.48488.8.1.6
1.1.5.48489.13.2.4
1.1.5.48558.11.3.8.8
1.1.5.48582.5.1.3.1
1.1.5.48618.13.1
1.1.5.48625.13.2.7.4.26
1.1.5.48727.5.1.4.1.2
1.1.5.48758.12.1.12
1.1.5.48759.5.1
1.1.5.48787.9.2.4
1.1.5.48829.9.2.4.2
1.1.5.48847.5.1
1.1.5.48932.17.2.7
1.1.5.49020.5.1.29.1
1.1.5.49028.36.1.5.12.13.3.3.65
1.1.5.49041.32.5
1.1.5.49074.37.2.15
1.1.5.49225.5.1.17.12.3.1
1.1.5.49276.29.2.12.12
1.1.5.49298.25.1.10.25
1.1.5.49307.9.1.9
1.1.5.49389.49.2.9.5.6
1.1.5.49450.5.1.1.19.20
1.1.5.49615.19.1.4.13
1.1.5.49641.29.4.8.23
1.1.5.49731.9.3.4
1.1.5.49763.11.2.10
1.1.5.49834.5.1.2.19.37.1.2
1.1.5.49836.19.1.4.1
1.1.5.49838.14.3.5.3.3
1.1.5.49895.25.1.4.1.12
1.1.5.50113.5.1.11
1.1.5.50150.25.2.6.4
1.1.5.50202.16.3.9.4.14.1.5
1.1.5.50211.11.1.4.1
1.1.5.50229.22.2.5.2.2.2.10
1.1.5.50232.9.1.4
1.1.5.50235.5.1.15
1.1.5.50268.29.1.4
1.1.5.50304.5.1
1.1.5.50307.9.1.10.4
1.1.5.50511.9.1.15
1.1.5.50598.16.3.12.3.23.4
1.1.5.50869.5.1.3.1
1.1.5.50880.19.1.4
1.1.5.50917.5.1
1.1.5.50972.17.1.4
1.1.5.50998.24.3.7.1
1.1.5.51042.5.1.3.2.14.6.19
1.1.5.51171.9.1.4
1.1.5.51358.8.1.8
1.1.5.51460.5.1.5.4
1.1.5.51461.15.2.6
1.1.5.51474.5.1.9
1.1.5.51540.5.1.3.1.1.1.5
1.1.5.51547.5.1.2.25.24.2
1.1.5.51568.12.4.8
1.1.5.51618.21.2.34.1.3.6.16
1.1.5.51649.19.4.13.9
1.1.5.51656.15.2
1.1.5.51740.26.2.39
1.1.5.51775.5.1.3
1.1.5.51895.5.1
1.1.5.51921.16.3.5.2
1.1.5.51977.11.1.4
1.1.5.52249.3
1.1.5.52328.9.1.4.4
1.1.5.52402.13.1.19.7.13.6
1.1.5.52402.13.1.19.7.14.1
1.1.5.52426.32.2.24.2
1.1.5.52492.28.1.23
1.1.5.52574.27.2.33.11
1.1.5.52599.34.1.11
1.1.5.52750.5.1
1.1.5.52756.5.1
1.1.5.52781.25
1.1.5.52828.5.1.3.1.6
1.1.5.52882.5.1.6
1.1.5.52937.5.1.3.2.13.3
1.1.5.53048.10.1.7.1.3
1.1.5.53096.23.3.5.3
1.1.5.53124.5.1.7.3
1.1.5.53135.5.1.26.1.1
1.1.5.53151.5.1.1.1.3.2
1.1.5.53155.5.1.7
1.1.5.53185.5.1.27.1.9.3.18
1.1.5.53237.10.1.6
1.1.5.53283.11.1.9
1.1.5.53360.17.1.6
1.1.5.53400.9.1.4
1.1.5.53427.5.1.7.5.15
1.1.5.53513.12.1.4.8
1.1.5.53566.9.4.8.3
1.1.5.53567.5.1.1.10.24.7
1.1.5.53635.5.1.6.1.9
1.1.5.53743.26.3.8
1.1.5.53913.5.1
1.1.5.53929.16.2.14
1.1.5.54037.5.1.3.1
1.1.5.54073.13.1
1.1.5.54080.19.2.25.2.10.4
1.1.5.54184.5.1.4.1.2
1.1.5.54196.6
1.1.5.54213.12.1.12
1.1.5.54214.5.1
1.1.5.54242.9.2.4
1.1.5.54284.9.2.4.2
1.1.5.54302.5.1
1.1.5.54387.17.2.7
1.1.5.54485.5.1.29.1
1.1.5.54498.13.5.15.11
1.1.5.54524.5.1.4
1.1.5.54530.36.2.15
1.1.5.54707.10.1.16
1.1.5.54743.29.2.12.12
1.1.5.54769.16.3.10.1.3.1.15
1.1.5.54895.3
1.1.5.54919.5.1.1.19.20
1.1.5.55063.5.1.3.1
1.1.5.55097.5.1.16
1.1.5.55127.5.1.2.7.12
1.1.5.55216.9.1.5
1.1.5.55290.5.1.2.2.7
1.1.5.55295.22.1.4.1
1.1.5.55297.14.3.5.3.3
1.1.5.55354.25.1.4.1.12
1.1.5.55420.8.1.4.12
1.1.5.55500.5.1.1.1.12.4
1.1.5.55546.5.1.11
1.1.5.55583.25.2.6.4
1.1.5.55644.11.1.4.1
1.1.5.55665.22.2.5.2.2.2.10
1.1.5.55668.9.1.4
1.1.5.55671.5.1.15
1.1.5.55744.5.1
1.1.5.55746.8.1.5.5
1.1.5.55885.5.1
1.1.5.56037.16.3.12.3.23.4
1.1.5.56318.5.1.3.1
1.1.5.56329.19.1.4
1.1.5.56380.5.1.9.1
1.1.5.56391.46.3
1.1.5.56403.15.3.6.24
1.1.5.56445.6
1.1.5.56489.27.2.39.11
1.1.5.56640.16.3
1.1.5.56729.5.1.8.8
1.1.5.56752.49.2
1.1.5.56754.5.1.18.17.14.1.42
1.1.5.56799.5.1.2.3.16.3.5
1.1.5.56821.8.1.8
1.1.5.56841.16.1.14
1.1.5.56928.44.3.26
1.1.5.57002.5.1.1.1.15
1.1.5.57010.22.3.18.9
1.1.5.57099.32.2.4.3
1.1.5.57134.24.2.10.5.7.3
1.1.5.57241.5.1.3
1.1.5.57354.5.1
1.1.5.57397.14.2.13.4
1.1.5.57434.11.1.4
1.1.5.57557.5.1.4.2.23.3
1.1.5.57589.5.1.1.1
1.1.5.57595.5.1.1
1.1.5.57747.9.1.4.4
1.1.5.57782.5.1.1
1.1.5.57843.16
1.1.5.57895.5.1.2.1
1.1.5.57963.5.1.1
1.1.5.57968.3
1.1.5.57996.34.1.11
1.1.5.58150.5.1.2.1
1.1.5.58171.25
1.1.5.58216.10.1.10.3
1.1.5.58239.5.1.3.2.19
1.1.5.58266.26.2
1.1.5.58280.52.3
1.1.5.58315.5.1.5.2.3
1.1.5.58453.8.1.45
1.1.5.58476.24.3.18
1.1.5.58504.31.3.13.14.10.3
1.1.5.58541.3
1.1.5.58578.5.1.7.5.3
1.1.5.58605.14.2.4.2
1.1.5.58656.10.1.6
1.1.5.58705.11.1.9
1.1.5.58778.17.1.6
1.1.5.58818.9.1.4
1.1.5.58842.18.2.4.4
1.1.5.58873.10.2.8
1.1.5.58877.6
1.1.5.58898.9.3.4.7
1.1.5.58902.5.1.2
1.1.5.58906.14.3.5.2
1.1.5.58911.31.4.7.1.2.2.2
1.1.5.59163.34.1.4.4
1.1.5.59320.5.1
1.1.5.59336.16.2.14
1.1.5.59416.15.1.20
1.1.5.59433.26.2.6.1.27.2.38
1.1.5.59449.5.1.3.1
1.1.5.59485.13.1
1.1.5.59492.19.2.25.2.10.4
1.1.5.59596.6
1.1.5.59613.12.1.12
1.1.5.59614.5.1
1.1.5.59687.9.2.4.2
1.1.5.59697.28.3.4
1.1.5.59774.18.3.20.14.28
1.1.5.59790.5.1.2.3.6.2
1.1.5.59869.5.1.29.1
1.1.5.59882.13.5.15.11
1.1.5.59908.5.1.4
1.1.5.59913.5.1.3.2.21.5
1.1.5.60063.5.1.17.12.3.1
1.1.5.60114.29.2.12.12
1.1.5.60142.5.1
1.1.5.60144.25.3.7.9
1.1.5.60247.9.1.7
1.1.5.60272.5.1.1.19.20
1.1.5.60436.19.1.4.13
1.1.5.60462.29.4.8.23
1.1.5.60556.9.3.4
1.1.5.60648.16.5.6.1.20.1.7
1.1.5.60654.5.1.5
1.1.5.60656.18.1.11.6
1.1.5.60658.32.3.5.3.3
1.1.5.60864.5.1.1.1.12.4
1.1.5.60908.5.1.11
1.1.5.60945.25.2.6.4
1.1.5.60992.16.3.9.4.20.1.5
1.1.5.61001.11.1.4.1
1.1.5.61019.22.2.5.2.2.2.10
1.1.5.61022.9.1.4
1.1.5.61025.5.1.15
1.1.5.61101.5.1
1.1.5.61104.9.1.10.4
1.1.5.61244.5.1
1.1.5.61273.5.1.1.1.1.8.35.12
1.1.5.61409.16.3.12.3.23.4
1.1.5.61686.26.3.8
1.1.5.61699.16.2.9.9
1.1.5.61708.24.1.4
1.1.5.61747.5.1
1.1.5.61773.27.3
1.1.5.61801.17.1.4
1.1.5.61827.24.3.7.1
1.1.5.61871.5.1.3.2.14.6.19
1.1.5.61948.14.2.8.1.5
1.1.5.62195.8.1.8
1.1.5.62284.5.1.5.4
1.1.5.62285.15.2.6
1.1.5.62298.5.1.9
1.1.5.62371.5.1.3.1.1.1.5
1.1.5.62390.6
1.1.5.62447.21.2.34.1.3.6.16
1.1.5.62478.19.4.13.9
1.1.5.62482.5.1
1.1.5.62509.21
1.1.5.62592.5.1.3
1.1.5.62737.5.1
1.1.5.62741.16.1.31.11
1.1.5.62760.14.2.13.4
1.1.5.62800.11.1.4
1.1.5.62813.5.1
1.1.5.62926.5.1.4.2.24.3
1.1.5.62991.17.4
1.1.5.63127.9.1.4.4
1.1.5.63163.5.1.1.1.2
1.1.5.63226.16
1.1.5.63284.28.1.23
1.1.5.63356.5.1.1
1.1.5.63383.5.1
1.1.5.63426.3
1.1.5.63428.8.1.4
1.1.5.63535.5.1.2.1
1.1.5.63558.25
1.1.5.63605.5.1.3.1.6
1.1.5.63659.5.1.6
1.1.5.63840.8.1.26
1.1.5.63905.23.3.5.3
1.1.5.63933.5.1.7.3
1.1.5.63944.5.1.26.1.1
1.1.5.63960.5.1.1.1.3.2
1.1.5.63964.5.1.7
1.1.5.63983.32.1.36.19
1.1.5.64083.11.1.9
1.1.5.64210.10.2.8.8
1.1.5.64297.5.1.4.3.5
1.1.5.64353.28.6.4
1.1.5.64364.45.2.35.2.8
1.1.5.64367.5.1
1.1.5.64439.5.1.6.1.9
1.1.5.64708.5.1
1.1.5.64724.16.2.14
1.1.5.64826.5.1.3.1
1.1.5.64862.13.1
1.1.5.64869.13.2.7.4.26
1.1.5.64972.5.1.4.1.2
1.1.5.64982.6
1.1.5.64999.12.1.12
1.1.5.65000.5.1
1.1.5.65073.9.2.4.2
1.1.5.65159.5.1.1
1.1.5.65164.31.3.9.3.1.1.13
1.1.5.65171.5.1.2.3.6.2
1.1.5.65248.5.1.20.1
1.1.5.65261.13.5.15.11
1.1.5.65287.5.1.4
1.1.5.65293.36.2.15
1.1.5.65439.14.4.8
1.1.5.65470.10.1.16
1.1.5.65506.29.2.12.12
1.1.5.65532.16.3.10.1.3.1.15
1.1.5.65571.14.3.7.11.24.9
1.1.5.65651.3
1.1.5.65675.5.1.1.19.20
1.1.5.65798.5.1.3.1
1.1.5.65828.5.1.12
1.1.5.65862.34.3.19.9.3
1.1.5.66051.5.1.2.2.7
1.1.5.66064.5.1.3
1.1.5.66067.8.1.17.6
1.1.5.66092.12.1.4
1.1.5.66130.25.1.4.1.10
1.1.5.66357.5.1.11
1.1.5.66394.25.2.6.4
1.1.5.66444.5.1.16
1.1.5.66446.37.1.11
1.1.5.66470.22.2.5.2.2.2.10
1.1.5.66473.9.1.4
1.1.5.66476.5.1.15
1.1.5.66543.5.1
1.1.5.66546.9.1.10.4
1.1.5.66698.5.1
1.1.5.66790.22.1.4
1.1.5.66860.10.1.6
1.1.5.67126.5.1.3.1
1.1.5.67137.19.1.4
1.1.5.67173.5.1
1.1.5.67206.27.3
1.1.5.67234.17.1.4
1.1.5.67260.24.3.7.1
1.1.5.67290.16.6.8
1.1.5.67306.5.1.3.2.26.5.26
1.1.5.67606.5.1.2.3.10.3.5
1.1.5.67628.8.1.8
1.1.5.67648.16.1.14
1.1.5.67722.5.1.5.4
1.1.5.67723.15.2.6
1.1.5.67735.5.1.4.6.9.5.12
1.1.5.67741.11.1.5.8
1.1.5.67755.35.2
1.1.5.67794.5.1.1.1.9
1.1.5.67802.22.3.18.9
1.1.5.67834.6
1.1.5.67896.21.2.34.1.3.6.16
1.1.5.67920.24.2.10.5.7.3
1.1.5.68038.5.1.3
1.1.5.68075.13
1.1.5.68162.5.1
1.1.5.68192.5.1
1.1.5.68202.15.1.9
1.1.5.68401.5.1.4.2.25.4
1.1.5.68433.5.1.1.1
1.1.5.68439.5.1.1
1.1.5.68595.9.1.4.4
1.1.5.68688.5.1.12.3
1.1.5.68824.5.1.1
1.1.5.68857.21.1.19
1.1.5.68985.5.1.6.3.11.1
1.1.5.69001.5.1.2.1
1.1.5.69023.25
1.1.5.69070.5.1.3.1.6
1.1.5.69092.9.2.13.5
1.1.5.69124.26.2
1.1.5.69138.52.3
1.1.5.69173.5.1.5.2.3
1.1.5.69195.5.1.3.2.13.3
1.1.5.69306.10.1.7.1.3
1.1.5.69356.23.3.5.3
1.1.5.69382.5.1.7.3
1.1.5.69393.5.1.26.1.1
1.1.5.69411.19.2.13.6
1.1.5.69434.25.2.14
1.1.5.69531.11.1.9
1.1.5.69608.17.1.6
1.1.5.69648.9.1.4
1.1.5.69672.18.2.4.4
1.1.5.69760.12.1.4.8
1.1.5.69813.45.2.35.2.8
1.1.5.69816.5.1
1.1.5.69887.5.1.6.1.9
1.1.5.69978.5.1
1.1.5.70003.5.1.2.3.5
1.1.5.70165.5.1.3.1.19
1.1.5.70173.8.1.4
1.1.5.70245.15.1.20
1.1.5.70264.5.1.1.2.10
1.1.5.70317.13.1
1.1.5.70324.13.2.7.4.26
1.1.5.70426.5.1.4.1.2
1.1.5.70438.6
1.1.5.70455.12.1.12
1.1.5.70456.5.1
1.1.5.70484.9.2.4
1.1.5.70528.12.1.4.3
1.1.5.70614.18.3.20.14.28
1.1.5.70630.5.1.2.3.6.2
1.1.5.70705.5.1.29.1
1.1.5.70718.13.5.15.11
1.1.5.70739.10.1.6
1.1.5.70762.13.2.14.9
1.1.5.70964.29.2.12.12
1.1.5.70990.16.3.10.1.3.1.15
1.1.5.71135.5.1.1.19.20
1.1.5.71307.19.1.4.13
1.1.5.71333.29.4.8.23
1.1.5.71427.9.3.4
1.1.5.71511.5.1.2.2.7
1.1.5.71524.5.1.3
1.1.5.71527.8.1.17.6
1.1.5.71564.5.1
1.1.5.71716.22.6.8.3
1.1.5.71743.5.1.1.1.12.4
1.1.5.71789.5.1.11
1.1.5.71815.5.1.3.2.5.1.31.25
1.1.5.71877.5.1.2.1.6
1.1.5.71896.22.2.5.2.2.2.10
1.1.5.71899.9.1.4
1.1.5.71902.5.1.15
1.1.5.71935.29.1.4
1.1.5.71966.5.1
1.1.5.71969.9.1.10.4
1.1.5.72109.5.1
1.1.5.72214.22.1.4
1.1.5.72534.5.1.3.1
1.1.5.72547.14.2.25.3
1.1.5.72582.5.1
1.1.5.72606.36.3
1.1.5.72634.17.1.4
1.1.5.72660.24.3.7.1
1.1.5.72706.5.1.3.2.8.4.17
1.1.5.72857.16.3
1.1.5.72898.5.1
1.1.5.72960.5.1.8.8
1.1.5.72993.17.1.9.1
1.1.5.73060.5.1.2.14
1.1.5.73078.5.1
1.1.5.73161.5.1.5.4
1.1.5.73162.15.2.6
1.1.5.73174.5.1.4.6.9.8.35
1.1.5.73180.11.1.5.8
1.1.5.73194.35.2
1.1.5.73237.5.1.1.1.14
1.1.5.73245.5.1.3.1.1.1.5
1.1.5.73326.21.2.34.1.3.6.16
1.1.5.73353.19.4.13.9
1.1.5.73357.5.1
1.1.5.73432.17.2.14
1.1.5.73467.5.1.3
1.1.5.73582.5.1
1.1.5.73607.5.1
1.1.5.73617.15.1.9
1.1.5.73662.11.1.4
1.1.5.73800.5.1.4.2.24.3
1.1.5.73832.5.1.1.1
1.1.5.73838.5.1.1
1.1.5.73995.9.1.4.4
1.1.5.74072.11.5.34
1.1.5.74111.16
1.1.5.74173.5.1.2.1
1.1.5.74241.5.1.1
1.1.5.74271.21.1.19
1.1.5.74430.25
1.1.5.74475.10.1.6.2
1.1.5.74498.5.1.3.2.19
1.1.5.74525.26.2
1.1.5.74539.52.3
1.1.5.74574.5.1.5.2.3
1.1.5.74703.10.1.7.1.3
1.1.5.74763.23.3.5.3
1.1.5.74789.5.1.7.3
1.1.5.74800.5.1.26.1.1
1.1.5.74816.5.1.1.1.3.2
1.1.5.74820.5.1.7
1.1.5.74842.5.1.20.1.9.3.16
1.1.5.74889.10.1.6
1.1.5.74938.11.1.9
1.1.5.75018.17.1.6
1.1.5.75082.10.2.8.8
1.1.5.75111.10.2.8
1.1.5.75115.6
1.1.5.75139.9.3.4.7
1.1.5.75143.5.1.2
1.1.5.75147.14.3.5.2
1.1.5.75152.31.4.7.1.2.2.2
1.1.5.75399.34.1.4.4
1.1.5.75570.10.6.4.4
1.1.5.75582.8.1.6
1.1.5.75721.13.1
1.1.5.75728.19.2.25.2.10.4
1.1.5.75753.6
1.1.5.75822.5.1.4.1.2
1.1.5.75847.12.1.12
1.1.5.75848.5.1
1.1.5.75876.9.2.4
1.1.5.75920.9.2.4.2
1.1.5.75937.20.4.5.3.1.1
1.1.5.75940.12.1.4.2
1.1.5.76003.5.1.3.1.3.3.5
1.1.5.76008.5.1.2.2
1.1.5.76083.17.1.4
1.1.5.76105.13.5.15.11
1.1.5.76131.5.1.4
1.1.5.76137.36.2.15
1.1.5.76289.5.1.17.12.3.1
1.1.5.76299.5.1.2.2.8.2
1.1.5.76342.29.2.12.12
1.1.5.76368.16.3.10.1.3.1.15
1.1.5.76484.3
1.1.5.76508.5.1.1.19.20
1.1.5.76646.5.1.3.1
1.1.5.76680.5.1.16
1.1.5.76710.5.1.2.7.12
1.1.5.76791.9.3.4
1.1.5.76872.18.2.6.1
1.1.5.76885.5.1.2.19.41.1.2
1.1.5.76895.5.1.3
1.1.5.76898.8.1.17.6
1.1.5.76963.25.1.4.1.10
1.1.5.77183.5.1.11
1.1.5.77220.25.2.6.4
1.1.5.77296.22.2.5.2.2.2.10
1.1.5.77299.9.1.4
1.1.5.77302.5.1.15
1.1.5.77335.29.1.4
1.1.5.77371.5.1
1.1.5.77374.9.1.10.4
1.1.5.77526.5.1
1.1.5.77541.10.3.4.15
1.1.5.77580.9.1.15
1.1.5.77606.22.1.4
1.1.5.77665.10.1.6
1.1.5.77935.5.1.3.1
1.1.5.77948.14.2.25.3
1.1.5.77996.27.3
1.1.5.78024.17.1.4
1.1.5.78050.24.3.7.1
1.1.5.78099.5.1.3.2.12.5.48
1.1.5.78350.5.1.8.8
1.1.5.78355.17.4.8
1.1.5.78382.17.1.9.1
1.1.5.78423.5.1.2.3.10.3.5
1.1.5.78445.8.1.8
1.1.5.78539.5.1.5.4
1.1.5.78540.15.2.6
1.1.5.78616.22.3.18.9
1.1.5.78659.9.1.5
1.1.5.78713.32.2.4.3
1.1.5.78745.10.1.4.8.18
1.1.5.78830.26.2.39
1.1.5.78849.16.3.14.9
1.1.5.78870.5.1.9
1.1.5.78913.13
1.1.5.79008.5.1
1.1.5.79040.15.1.9
1.1.5.79107.5.1
1.1.5.79149.38.2.11.1
1.1.5.79222.8.1.4
1.1.5.79263.5.1.1.1
1.1.5.79269.5.1.1
1.1.5.79401.5.1.5.1.24.1
1.1.5.79410.14.2.6.4.35
1.1.5.79509.5.1.12.3
1.1.5.79583.28.1.23
1.1.5.79654.5.1.1
1.1.5.79684.34.1.11
1.1.5.79856.25
1.1.5.79901.10.1.6.2
1.1.5.79924.5.1.3.2.19
1.1.5.79951.26.2
1.1.5.79965.52.3
1.1.5.80000.5.1.5.2.3
1.1.5.80022.5.1.3.2.13.3
1.1.5.80063.11.3.31
1.1.5.80124.3
1.1.5.80205.21.2.7.10.38.11
1.1.5.80244.3
1.1.5.80277.3
1.1.5.80283.19.1.10.8
1.1.5.80315.5.1.26.1.9.3.20
1.1.5.80367.10.1.6
1.1.5.80413.11.1.9
1.1.5.80490.17.1.6
1.1.5.80530.9.1.4
1.1.5.80554.18.2.4.4
1.1.5.80643.5.1.4.3.5
1.1.5.80700.9.4.8.3
1.1.5.80701.5.1.1.10.24.7
1.1.5.80858.26.3.8
1.1.5.81004.5.1
1.1.5.81020.16.2.14
1.1.5.81153.13.1
1.1.5.81160.13.2.7.4.26
1.1.5.81262.5.1.4.1.2
1.1.5.81294.12.1.12
1.1.5.81295.5.1
1.1.5.81368.9.2.4.2
1.1.5.81456.5.1.4
1.1.5.81458.10.3.8
1.1.5.81531.31
1.1.5.81545.5.1.20.1
1.1.5.81558.13.5.15.11
1.1.5.81584.5.1.4
1.1.5.81589.5.1.3.2.21.5
1.1.5.81735.5.1.17.12.3.1
1.1.5.81745.5.1.2.2.8.2
1.1.5.81788.29.2.12.12
1.1.5.81814.16.3.10.1.3.1.15
1.1.5.81960.5.1.1.19.20
1.1.5.82135.19.1.4.13
1.1.5.82161.29.4.8.23
1.1.5.82183.10.2.4
1.1.5.82185.5.1.10.1
1.1.5.82261.9.1.5
1.1.5.82351.5.1.5
1.1.5.82356.5.1.3
1.1.5.82359.8.1.17.14
1.1.5.82374.19.1.8
1.1.5.82565.5.1.1.1.12.4
1.1.5.82612.5.1.11
1.1.5.82649.25.2.6.4
1.1.5.82713.5.1.2.1.6
1.1.5.82740.18.2.6.3
1.1.5.82786.9.2.8.7
1.1.5.82930.5.1
1.1.5.82971.5.1.18.1.3
1.1.5.83100.16.3.12.3.23.4
1.1.5.83191.3
1.1.5.83220.5.1.7.1
1.1.5.83336.14.4
1.1.5.83372.24.1.4
1.1.5.83430.5.1.1.13.3.1
1.1.5.83442.13.4
1.1.5.83470.17.1.4
1.1.5.83496.24.3.7.1
1.1.5.83539.5.1.3.2.8.4.20
1.1.5.83823.17.1.9.1
1.1.5.83884.5.1.2.14
1.1.5.83902.5.1
1.1.5.83984.44.3.26
1.1.5.83998.8.1.12.8
1.1.5.84061.5.1.1.1.14
1.1.5.84069.5.1.3.1.1.1.5
1.1.5.84144.21.2.34.1.3.6.16
1.1.5.84175.19.4.13.9
1.1.5.84179.5.1
1.1.5.84257.33.2.13
1.1.5.84273.5.1.3
1.1.5.84419.5.1
1.1.5.84429.15.1.9
1.1.5.84477.11.1.4
1.1.5.84555.3
1.1.5.84561.38.1.16
1.1.5.84628.5.1.4.2.25.4
1.1.5.84660.5.1.1.1
1.1.5.84666.5.1.1
1.1.5.84743.3
1.1.5.84815.9.1.4.4
1.1.5.84887.13.1.19.7.13.6
1.1.5.84887.13.1.19.7.14.1
1.1.5.84912.5.1
1.1.5.84988.5.1.2.1
1.1.5.85046.5.1.4.1.3
1.1.5.85071.21.1.19
1.1.5.85233.25
1.1.5.85280.5.1.3.1.6
1.1.5.85568.23.3.5.3
1.1.5.85594.5.1.7.3
1.1.5.85605.5.1.26.1.1
1.1.5.85621.5.1.1.1.3.2
1.1.5.85625.5.1.7
1.1.5.85655.5.1.26.1.9.3.21
1.1.5.85702.10.1.6
1.1.5.85748.11.1.9
1.1.5.85831.17.1.6
1.1.5.85904.5.1.7.5.15
1.1.5.85933.10.2.8
1.1.5.85937.6
1.1.5.85961.9.3.4.7
1.1.5.85965.5.1.2
1.1.5.85969.14.3.5.2
1.1.5.85974.31.4.7.1.2.2.2
1.1.5.86236.34.1.4.4
1.1.5.86402.5.1.3.1.19
1.1.5.86410.8.1.4
1.1.5.86552.13.1
1.1.5.86559.19.2.25.2.10.4
1.1.5.86639.3
1.1.5.86665.5.1.2.7.4.4
1.1.5.86677.6
1.1.5.86694.12.1.12
1.1.5.86695.5.1
1.1.5.86768.9.2.4.2
1.1.5.86853.5.1.4
1.1.5.86855.10.3.8
1.1.5.86945.5.1.29.1
1.1.5.86958.13.5.15.11
1.1.5.86984.5.1.4
1.1.5.86990.26.2.14
1.1.5.87139.14.4.8
1.1.5.87168.10.1.16
1.1.5.87204.29.2.12.12
1.1.5.87230.16.3.10.1.3.1.15
1.1.5.87335.3
1.1.5.87359.5.1.1.19.20
1.1.5.87538.5.1.8
1.1.5.87561.29.4.8.23
1.1.5.87586.5.1.22.1
1.1.5.87616.13.1.9
1.1.5.87666.9.1.5
1.1.5.87746.5.1.2.19.37.1.2
1.1.5.87748.19.1.4.1
1.1.5.87750.14.3.5.3.3
1.1.5.87957.5.1.1.1.12.4
1.1.5.88003.5.1.11
1.1.5.88040.25.2.6.4
1.1.5.88084.5.1.4.5.28
1.1.5.88084.6
1.1.5.88109.22.2.5.2.2.2.10
1.1.5.88112.9.1.4
1.1.5.88115.5.1.15
1.1.5.88194.5.1
1.1.5.88197.9.1.10.4
1.1.5.88366.5.1.1.1.1.3.25.17
1.1.5.88372.24.2
1.1.5.88402.9.1.15
1.1.5.88428.22.1.4
1.1.5.88764.5.1.3.1
1.1.5.88777.14.2.25.3
1.1.5.88813.5.1.9.1
1.1.5.88824.36.3
1.1.5.88852.17.1.4
1.1.5.88878.24.3.7.1
1.1.5.88923.5.1.3.2.12.5.42
1.1.5.88943.10.2.8
1.1.5.89232.5.1.2.3.10.3.5
1.1.5.89254.8.1.8
1.1.5.89359.5.1.5.4
1.1.5.89360.15.2.6
1.1.5.89373.5.1.9
1.1.5.89441.5.1.1.1.9
1.1.5.89449.5.1.3.1.1.1.5
1.1.5.89468.6
1.1.5.89530.32.2.4.3
1.1.5.89562.10.1.4.8.18
1.1.5.89643.16.3.17.20
1.1.5.89664.5.1.9
1.1.5.89707.13
1.1.5.89798.17.1.18
1.1.5.89840.5.1
1.1.5.89850.15.1.9
1.1.5.89905.11.1.4
1.1.5.89952.38.2.11.1
1.1.5.90034.5.1.4.2.25.4
1.1.5.90066.5.1.1.1
1.1.5.90072.5.1.1
1.1.5.90204.5.1.5.1.24.1
1.1.5.90219.9.1.4.4
1.1.5.90284.11.5.34
1.1.5.90323.16
1.1.5.90379.5.1.2.1
1.1.5.90442.5.1.1
1.1.5.90469.5.1
1.1.5.90634.25
1.1.5.90681.5.1.3.1.6
1.1.5.90770.5.1.5.2.3
1.1.5.90906.3
1.1.5.90979.5.1
1.1.5.90985.23.3.5.3
1.1.5.91011.5.1.7.3
1.1.5.91022.5.1.26.1.1
1.1.5.91038.5.1.1.1.3.2
1.1.5.91042.5.1.7
1.1.5.91064.5.1.20.1.9.3.16
1.1.5.91115.10.1.6
1.1.5.91164.11.1.9
1.1.5.91237.17.1.6
1.1.5.91280.9.1.4
1.1.5.91304.18.2.4.4
1.1.5.91393.5.1.4.3.5
1.1.5.91457.45.2.35.2.8
1.1.5.91460.5.1
1.1.5.91543.5.1.6.1.9
1.1.5.91674.5.1.2.3.5
1.1.5.91843.5.1
1.1.5.91860.5.1.2.1.26.2.16
1.1.5.91865.8.1.6
1.1.5.91951.26.2.6.1.11.2.13
1.1.5.91967.5.1.3.1
1.1.5.92007.13.1
1.1.5.92014.13.2.7.4.26
1.1.5.92107.5.1.2.7.4.4
1.1.5.92130.12.1.12
1.1.5.92131.5.1
1.1.5.92159.9.2.4
1.1.5.92199.9.2.4.2
1.1.5.92217.5.1
1.1.5.92302.17.2.7
1.1.5.92393.5.1.29.1
1.1.5.92406.13.5.15.11
1.1.5.92427.10.1.6
1.1.5.92450.13.2.15.9
1.1.5.92604.5.1
1.1.5.92619.10.1.16
1.1.5.92655.29.2.12.12
1.1.5.92681.16.3.10.1.3.1.15
1.1.5.92806.3
1.1.5.92830.5.1.1.19.20
1.1.5.93003.5.1.16
1.1.5.93033.5.1.2.7.12
1.1.5.93116.8.4.12
1.1.5.93221.5.1.5
1.1.5.93226.5.1.3
1.1.5.93229.8.1.17.14
1.1.5.93294.25.1.4.1.10
1.1.5.93372.14.2
1.1.5.93466.5.1.5.1.1.1
1.1.5.93512.5.1.11
1.1.5.93549.25.2.6.4
1.1.5.93599.18.2.8
1.1.5.93603.5.1.2.2
1.1.5.93626.22.2.5.2.2.2.10
1.1.5.93629.9.1.4
1.1.5.93632.5.1.15
1.1.5.93705.5.1
1.1.5.93707.8.1.5.5
1.1.5.93834.5.1
1.1.5.94009.16.3.12.3.23.4
1.1.5.94206.13.3.12
1.1.5.94251.5.1.1.14.14.7
1.1.5.94257.5.1.25.2
1.1.5.94263.16.2.9.9
1.1.5.94272.24.1.4
1.1.5.94315.5.1.9.1
1.1.5.94326.36.3
1.1.5.94354.17.1.4
1.1.5.94380.24.3.7.1
1.1.5.94425.5.1.3.2.35.13.21
1.1.5.94567.16.3
1.1.5.94733.5.1.2.3.16.3.5
1.1.5.94755.8.1.8
1.1.5.94848.5.1.5.4
1.1.5.94849.15.2.6
1.1.5.94914.5.1.1.1.16
1.1.5.94922.22.3.18.9
1.1.5.94965.9.1.5
1.1.5.95019.32.2.4.3
1.1.5.95051.10.1.4.8.18
1.1.5.95161.5.1.3
1.1.5.95323.18.4
1.1.5.95444.3
1.1.5.95450.38.1.16
1.1.5.95552.5.1.1.1
1.1.5.95558.5.1.1
1.1.5.95692.5.1.5.1.33.1
1.1.5.95707.9.1.4.4
1.1.5.95745.5.1.1.1.2
1.1.5.95800.5.1
1.1.5.95871.5.1.2.1
1.1.5.95945.27.2.33.11
1.1.5.95973.5.1
1.1.6.126.5.1.2.1
1.1.6.148.25
1.1.6.193.10.1.6.2
1.1.6.216.5.1.3.2.19
1.1.6.243.26.2
1.1.6.257.52.3
1.1.6.292.5.1.5.2.3
1.1.6.318.12.1.13
1.1.6.428.10.1.7.1.3
1.1.6.478.23.3.5.3
1.1.6.500.3
1.1.6.530.5.1.3.3.33
1.1.6.555.14.2.4.2
1.1.6.654.11.1.9
1.1.6.729.17.1.6
1.1.6.745.15.2.7.1
1.1.6.772.9.1.4
1.1.6.796.18.2.4.4
1.1.6.884.12.1.4.8
1.1.6.937.9.4.8.3
1.1.6.938.5.1.1.10.24.7
1.1.6.1009.5.1.6.1.9
1.1.6.1126.5.1.14.17.30
1.1.6.1281.5.1
1.1.6.1297.16.2.14
1.1.6.1304.5.1
1.1.6.1408.5.1.3.1
1.1.6.1444.13.1
1.1.6.1451.13.2.7.4.26
1.1.6.1554.5.1.4.1.2
1.1.6.1586.12.1.12
1.1.6.1587.5.1
1.1.6.1660.9.2.4.2
1.1.6.1675.5.1
1.1.6.1758.5.1.4
1.1.6.1760.10.3.23.18
1.1.6.1869.13.2.8
1.1.6.2041.14.4.8
1.1.6.2070.10.1.16
1.1.6.2106.29.2.12.12
1.1.6.2129.5.1
1.1.6.2164.14.3.7.11.24.9
1.1.6.2244.3
1.1.6.2268.5.1.1.19.20
1.1.6.2449.5.1.16
1.1.6.2479.5.1.2.7.12
1.1.6.2568.9.1.5
1.1.6.2590.11.2.10
1.1.6.2662.5.1.5
1.1.6.2667.5.1.3
1.1.6.2670.8.1.17.14
1.1.6.2707.5.1
1.1.6.2852.19.1.21
1.1.6.2877.5.1.1.1.12.4
1.1.6.2921.5.1.11
1.1.6.2958.25.2.6.4
1.1.6.3009.5.1.5
1.1.6.3011.27.1.15
1.1.6.3035.22.2.5.2.2.2.10
1.1.6.3038.9.1.4
1.1.6.3041.5.1.15
1.1.6.3074.29.1.4
1.1.6.3110.5.1
1.1.6.3113.9.1.10.4
1.1.6.3417.10.1.6
1.1.6.3647.14.4
1.1.6.3674.5.1.3.1
1.1.6.3687.14.2.25.3
1.1.6.3722.5.1
1.1.6.3750.27.3
1.1.6.3778.17.1.4
1.1.6.3804.24.3.7.1
1.1.6.3833.16.6.8
1.1.6.3850.5.1.3.2.31.5.26
1.1.6.4152.5.1.2.3.10.3.5
1.1.6.4174.8.1.8
1.1.6.4193.16.1.14
1.1.6.4271.5.1.5.4
1.1.6.4272.15.2.6
1.1.6.4284.5.1.4.6.9.8.19
1.1.6.4290.11.1.5.8
1.1.6.4304.35.2
1.1.6.4347.5.1.1.1.14
1.1.6.4355.22.3.18.9
1.1.6.4398.9.1.5
1.1.6.4452.63.2.4.3
1.1.6.4488.24.2.10.5.7.3
1.1.6.4575.17.2.14
1.1.6.4594.16.3.14.9
1.1.6.4615.5.1.9
1.1.6.4658.13
1.1.6.4749.17.1.18
1.1.6.4794.15.1.9
1.1.6.4849.11.1.4
1.1.6.4862.5.1
1.1.6.4985.5.1.4.2.24.3
1.1.6.5017.5.1.1.1
1.1.6.5023.5.1.1
1.1.6.5194.15.2.16.2.16.11.23
1.1.6.5257.11.5.34
1.1.6.5296.16
1.1.6.5358.5.1.2.1
1.1.6.5432.27.2.33.11
1.1.6.5462.34.1.11
1.1.6.5621.24.3.6.19.7.2
1.1.6.5648.25
1.1.6.5695.5.1.3.1.6
1.1.6.5750.5.1.6
1.1.6.5918.10.1.7.1.3
1.1.6.5971.8.4.4.2.8
1.1.6.5998.3
1.2.90.4.2.4
1.2.306.2.1
1.2.328.2.1
1.2.491.2.1.2.7.21.4.2
1.2.545.8.4.4.2.37.2
1.2.614.2.1
1.2.638.2.1.1.1.41.1.5
1.2.714.2.1.2.3.9
1.2.1001.4.2.7
1.2.1156.8.4.9.3.33
1.2.1156.8.4.10.1.2.1.15
1.2.1248.4.2.5.3.5.1
1.2.1413.6.3.8
1.2.1435.2.1.3.1.6.1
1.2.1522.2.1.13
1.2.1679.8.4.17.2.6
1.2.1760.8.4.8.4.8.1
1.2.1844.2.1.12.2.15.1.2
1.2.1873.6.3.17.3
1.2.1992.2.1.14.2.14.7.32
1.2.1996.3
1.2.2105.11
1.2.2190.8.4.9.1.15
1.2.2204.2.1.1
1.2.2250.2.1.1.1
1.2.2489.12.6.14.2.9.2.16
1.2.2544.8.4.29
1.2.2582.8.4.16.8
1.2.2811.6.3.6
1.2.2813.10.5.10.2.2.1
1.2.3009.2.1.6.5
1.2.3054.4.2.4.7
1.2.3106.6.3.5.2.4
1.2.3240.6.3
1.2.3369.5
1.2.3387.6.3.8.1.4
1.2.3397.10.5.11
1.2.3655.4.2.10
1.2.3797.2.1.2.2
1.2.3859.2.1.8.5.10.3
1.2.3879.8.4.12.8.27.6
1.2.3989.2.1.3.1.20
1.2.4004.8.4.11.1.3
1.2.4030.3
1.2.4033.2.1.3.1.1.1.7
1.2.4040.2.1
1.2.4046.2.1.1.1
1.2.4046.2.1.2.1.1
1.2.4553.8.4.14.1.2
1.2.4633.2.1.2.2.38.8
1.2.4766.2.1.2.2.3.3
1.2.4887.7
1.2.4978.14.7
1.2.5066.2.1
1.2.5256.6.3.20
1.2.5275.4.2
1.2.5406.2.1.8.1.17.18.25
1.2.5652.6.3.10.1.14.1
1.2.5670.10.5
1.2.5841.10.5.21.1.16.1
1.2.5974.2.1.7
1.5.9.16.2.1.5.1
1.5.18.16.2.1.8
1.5.54.20.2.1.2.1.5
1.5.382.7.2.1.14
1.5.417.13.2.1.15.1.25.7
1.5.466.12.2.1.3.1.1.3
1.5.466.12.2.1.3.1.3.2
1.5.502.8.2.1.2.2
1.5.509.9.2.1.4
1.5.548.14.2.1.12.2.39
1.5.714.13.2.1
1.5.913.12.2.1.27.6.41.8
1.5.923.7.2.1.5.7.45
1.5.936.13.2.1.3.3.7
1.5.968.15.2.1.22.1.3
1.5.1045.35.2.1.4
1.5.1126.12.2.1
1.5.1337.18.2.1.7.6.15
1.5.1610.11.2.1.9
1.5.1686.9.2.1.30.13.12
1.5.1811.12.2.1.3
1.5.1947.20.2.1.14.1.10
1.5.1981.10.2.1
1.5.2086.11.2.1.9.4.7.1.3
1.5.2094.9.2.1.15
1.5.2259.10.2.1.5.1.2
1.5.2260.14.2.1.4.1.10.2.27.28
1.5.2470.26.2.1.6.4.12.5
1.5.2477.14.2.1.3
1.5.2522.11.2.1.1.1.16
1.5.2553.9.2.1.15
1.5.2558.7.2.1.4.4.4.4
1.5.2737.12.2.1.2
1.5.2989.5.2.1.27
1.5.3204.35.2.1.2.1.2.2.4
1.5.3233.5.2.1.10.1.4
1.5.3243.15.2.1
1.5.3245.9.2.1.4.2.12.4.8
1.5.3277.8.2.1
1.5.3314.18.2.1
1.5.3419.9.2.1.3.1.2.2.33
1.5.3543.11.2.1
1.5.3638.12.2.1.19.2
1.5.3708.11.2.1.3.1.5
1.5.3716.15.2.1.2
1.5.3738.15.2.1
1.5.3745.8.2.1.1.1.23
1.5.3757.10.2.1.2
1.5.3770.16.2.1
1.5.3844.6.2.1.3.5.5.3.4
1.5.4166.8.2.1.13.1.15
1.5.4297.15.2.1.20.3.7.2
1.5.4586.7.2.1.12.3.10.1
1.5.4601.9.2.1.30.9
1.5.4630.8.2.1
1.5.4650.12.2.1
1.5.4664.12.2.1.12.1
1.5.4754.12.2.1.10.11.17.9
1.5.4776.14.2.1
1.5.4928.7.2.1.4.7
1.5.5170.10.2.1
1.5.5259.6.2.1.15.1.2.2
1.5.5355.11.2.1
1.5.5477.8.2.1.2
1.5.5488.11.2.1.22.6.13
1.5.5581.7.2.1.5
1.5.5601.14.2.1
1.5.5854.20.2.1.2.2.9.1.7
1.5.5887.9.2.1
1.5.5897.13.2.1
1.5.5900.11.2.1.6.2.8.7.12
1.5.6133.11.2.1.2.1
1.5.6211.34.2.1.17.3
1.5.6405.6.2.1.7
1.5.6635.16.2.1.9.1
1.5.6679.8.2.1.17.2.10.7
1.5.6723.10.2.1
1.5.6858.7.2.1.9.1
1.5.6872.11.2.1.2.2
1.5.6909.5.2.1.6.4.19
1.5.6913.5.2.1.1.6
1.5.7029.11.2.1.12
1.5.7087.8.2.1
1.5.7136.8.2.1.1.1.1
1.5.7137.7.2.1.2.1.1
1.5.7137.7.2.1.3.2
1.5.7178.12.2.1.9
1.5.7315.6.2.1.1.1.1
1.5.7330.9.2.1
1.5.7515.7.2.1.14.1.3.2
1.5.7529.7.2.1.14
1.5.7564.13.2.1.15.1.25.7
1.5.7592.12.2.1.3.1.1.3
1.5.7592.12.2.1.3.1.3.2
1.5.7628.14.2.1.3.3.7
1.5.7669.14.2.1.12.2.34
1.5.7802.10.2.1
1.5.7925.6.2.1
1.5.7988.7.2.1.7
1.5.8059.12.2.1.27.6.41.8
1.5.8069.7.2.1.5.7.45
1.5.8082.13.2.1.3.3.7
1.5.8114.15.2.1.22.1.3
1.5.8191.5.2.1.4.1.34
1.5.8209.5.2.1.5.1.26.10
1.5.8209.5.2.1.5.1.27.1
1.5.8292.7.2.1.1.1.1
1.5.8626.9.2.1.15
1.5.8747.11.2.1.9
1.5.8839.14.2.1.34
1.5.8957.12.2.1.3
1.5.8964.5.2.1.2.2
1.5.9095.20.2.1.14.1.10
1.5.9129.10.2.1
1.5.9138.8.2.1
1.5.9222.9.2.1
1.5.9244.9.2.1.3.3
1.5.9374.7.2.1.7.3.8.2
1.5.9409.10.2.1.5.1.2
1.5.9412.6.2.1.2
1.5.9618.26.2.1.6.4.12.5
1.5.9625.14.2.1.3
1.5.9693.14.2.1.4.2.5.4.11
1.5.9704.12.2.1.7.5
1.5.9857.12.2.1.2
1.5.10061.7.2.1.10.1
1.5.10073.20.2.1.9
1.5.10074.6.2.1
1.5.10111.17.2.1.11.3.6
1.5.10357.5.2.1.10.1.4
1.5.10367.15.2.1
1.5.10369.9.2.1.4.2.12.4.8
1.5.10401.8.2.1
1.5.10434.18.2.1
1.5.10535.9.2.1.3.1.2.2.33
1.5.10741.12.2.1.19.2
1.5.10808.13.2.1.7.6.13
1.5.10816.22.2.1
1.5.10857.17.2.1.6.1.5
1.5.10865.22.2.1.4
1.5.10874.16.2.1
1.5.11345.15.2.1.20.3.7.2
1.5.11490.20.2.1.3
1.5.11610.7.2.1.12.3.10.1
1.5.11625.9.2.1.30.9
1.5.11660.5.2.1
1.5.11679.11.2.1
1.5.11766.12.2.1.10.11.17.8
1.5.11785.14.2.1
1.5.12176.10.2.1
1.5.12267.9.2.1.18.1.7.3
1.5.12369.11.2.1
1.5.12490.8.2.1.2
1.5.12501.23.2.1.22.6.13
1.5.12511.13.2.1.3
1.5.12593.7.2.1.5
1.5.12613.14.2.1
1.5.12736.8.2.1.4.8.20
1.5.12902.9.2.1
1.5.12912.13.2.1
1.5.12915.11.2.1.6.2.8.7.12
1.5.13243.34.2.1.37.3
1.5.13367.15.2.1.4.2.2
1.5.13447.6.2.1.7
1.5.13680.16.2.1.9.1
1.5.13758.10.2.1
1.5.13891.11.2.1.2.2
1.5.13927.11.2.1.26.1.3
1.5.14059.11.2.1.12
1.5.14176.8.2.1.1.1.1
1.5.14177.7.2.1.2.1.1
1.5.14177.7.2.1.3.2
1.5.14216.12.2.1.14.5.14.5.12
1.5.14260.12.2.1.12
1.5.14569.7.2.1.14.1.3.2
1.5.14583.7.2.1.14
1.5.14618.13.2.1.15.1.25.7
1.5.14646.12.2.1.3.1.1.3
1.5.14646.12.2.1.3.1.3.2
1.5.14680.20.2.1
1.5.14689.10.2.1.18.3.6
1.5.14727.14.2.1.12.2.39
1.5.14893.13.2.1
1.5.15074.8.2.1
1.5.15080.15.2.1.1.1
1.5.15158.15.2.1.27.1.3
1.5.15235.35.2.1.4
1.5.15258.17.2.1.3.7.14
1.5.15258.17.2.1.3.7.15
1.5.15334.7.2.1.1.1.1
1.5.15540.13.2.1.11.1.3.3.68
1.5.15782.10.2.1
1.5.15808.11.2.1.9
1.5.15897.14.2.1.43
1.5.16036.8.2.1.3.2.18.2
1.5.16040.12.2.1.3
1.5.16162.20.2.1.14.1.10
1.5.16196.10.2.1
1.5.16205.8.2.1
1.5.16305.11.2.1.9.4.7.1.3
1.5.16313.9.2.1.15
1.5.16483.7.2.1.4.2.4.4.23
1.5.16717.12.2.1.25.5.14.2.3
1.5.16778.14.2.1.4.2.5.4.11
1.5.16784.9.2.1.8.5
1.5.16959.12.2.1.2
1.5.17167.7.2.1.10.1
1.5.17179.20.2.1.9
1.5.17217.17.2.1.11.3.6
1.5.17378.11.2.1.2.1
1.5.17428.11.2.1.5.2.4
1.5.17477.8.2.1.14.6.11
1.5.17487.15.2.1
1.5.17489.9.2.1.4.2.19.4.8
1.5.17503.8.2.1
1.5.17532.7.2.1.4.1.43.1.6
1.5.17562.8.2.1.21.2.28.3
1.5.17672.9.2.1.3.1.2.2.33
1.5.17873.7.2.1.8.3
1.5.17952.15.2.1.2
1.5.17974.15.2.1
1.5.17981.8.2.1.1.1.23
1.5.17993.10.2.1.2
1.5.18006.16.2.1
1.5.18073.6.2.1.35.4.14.4.9
1.5.18346.8.2.1.15.5
1.5.18519.9.2.1
1.5.18811.7.2.1.12.3.10.1
1.5.18826.9.2.1.30.9
1.5.18861.5.2.1
1.5.18968.14.2.1
1.5.19201.7.2.1.4.1.5
1.5.19354.10.2.1
1.5.19540.11.2.1
1.5.19758.7.2.1.5
1.5.19778.14.2.1
1.5.19945.19.2.1.15.1.1.1.12.51
1.5.20057.8.2.1.17.3.24
1.5.20075.18.2.1.10.4.14
1.5.20404.13.2.1.1.11.45
1.5.20813.16.2.1.22.1
1.5.20891.10.2.1
1.5.20971.12.2.1
1.5.21025.7.2.1.9.1
1.5.21039.11.2.1.2.2
1.5.21074.14.2.1.5
1.5.21242.13.2.1.32.1
1.5.21340.8.2.1.1.1.1
1.5.21341.7.2.1.2.1.1
1.5.21341.7.2.1.3.2
1.5.21382.12.2.1.9
1.5.21555.12.2.1.1
1.5.21726.7.2.1.14
1.5.21761.13.2.1.15.1.25.7
1.5.21810.12.2.1.3.1.1.3
1.5.21810.12.2.1.3.1.3.2
1.5.21846.8.2.1.2.2
1.5.21853.9.2.1.4
1.5.21892.14.2.1.12.2.39
1.5.22223.8.2.1
1.5.22229.15.2.1.1.1
1.5.22307.15.2.1.27.1.3
1.5.22378.5.2.1.2.1.3.3.5
1.5.22395.5.2.1.5.1.26.10
1.5.22395.5.2.1.5.1.27.1
1.5.22483.7.2.1.1.1.1
1.5.22819.12.2.1.20
1.5.22917.10.2.1
1.5.23034.14.2.1.34
1.5.23155.12.2.1.3
1.5.23287.20.2.1.14.1.10
1.5.23422.11.2.1.9.4.7.1.3
1.5.23430.9.2.1.15
1.5.23605.7.2.1.4.2.4.4.23
1.5.23809.12.2.1.25.5.14.2.3
1.5.23870.14.2.1.4.2.5.4.11
1.5.23881.12.2.1.7.5
1.5.24036.12.2.1.2
1.5.24251.7.2.1.10.1
1.5.24263.20.2.1.9
1.5.24264.6.2.1
1.5.24301.17.2.1.11.3.6
1.5.24505.11.2.1.5.2.4
1.5.24554.8.2.1.14.6.11
1.5.24564.15.2.1
1.5.24566.9.2.1.4.2.19.4.8
1.5.24580.8.2.1
1.5.24609.7.2.1.4.1.43.1.6
1.5.24639.8.2.1.21.2.28.3
1.5.24726.15.2.1.5
1.5.24936.7.2.1.8.3
1.5.25006.13.2.1.7.6.13
1.5.25014.22.2.1
1.5.25055.17.2.1.6.1.5
1.5.25063.38.2.1.7
1.5.25072.16.2.1
1.5.25137.6.2.1.3.5.5.3.4
1.5.25441.8.2.1.13.1.15
1.5.25563.15.2.1.20.3.7.2
1.5.25854.7.2.1.12.3.10.1
1.5.25869.9.2.1.30.9
1.5.25898.10.2.1.1.1.1.3
1.5.25918.12.2.1
1.5.25929.7.2.1.23.1
1.5.26020.12.2.1.10.11.17.9
1.5.26039.14.2.1
1.5.26266.7.2.1.4.1.5
1.5.26419.10.2.1
1.5.26504.6.2.1.15.1.2.2
1.5.26602.11.2.1
1.5.26616.10.2.1.17.2
1.5.26724.9.2.1.12.6.20
1.5.26828.11.2.1.2.1.21.5
1.5.27072.9.2.1.4.3.8
1.5.27089.8.2.1.17.3.18
1.5.27112.8.2.1.4
1.5.27446.34.2.1.37.3
1.5.27570.15.2.1.4.2.2
1.5.27650.6.2.1.7
1.5.27885.16.2.1.9.1
1.5.27963.10.2.1
1.5.28033.7.2.1.11.5.19.1
1.5.28087.7.2.1.9.1
1.5.28101.11.2.1.2.2
1.5.28137.5.2.1.6.4.30
1.5.28277.11.2.1.12
1.5.28335.8.2.1
1.5.28384.8.2.1.1.1.1
1.5.28385.7.2.1.2.1.1
1.5.28385.7.2.1.3.2
1.5.28426.12.2.1.9
1.5.28560.6.2.1.1.1.1
1.5.28766.7.2.1.14
1.5.28801.13.2.1.15.1.25.7
1.5.28829.12.2.1.3.1.1.3
1.5.28829.12.2.1.3.1.3.2
1.5.28875.16.2.1.7
1.5.28918.8.2.1.2.2.6
1.5.29083.13.2.1
1.5.29283.12.2.1.27.6.41.8
1.5.29293.7.2.1.5.7.45
1.5.29306.13.2.1.3.3.7
1.5.29338.15.2.1.22.1.3
1.5.29428.30.2.1.1
1.5.29499.12.2.1
1.5.29771.7.2.1
1.5.29960.10.2.1
1.5.30084.14.2.1.34
1.5.30227.8.2.1.3.2.18.2
1.5.30231.12.2.1.3
1.5.30353.20.2.1.14.1.10
1.5.30387.10.2.1
1.5.30492.11.2.1.9.4.7.1.3
1.5.30500.9.2.1.15
1.5.30581.6.2.1
1.5.30653.5.2.1.12.3.3.6
1.5.30694.7.2.1.4.2.4.4.13
1.5.30905.26.2.1.6.4.12.5
1.5.30912.14.2.1.3
1.5.30962.11.2.1.1.1.16
1.5.30993.9.2.1.15
1.5.30998.7.2.1.4.4.4.4
1.5.31088.7.2.1.4.2.5.2.4
1.5.31157.12.2.1.2
1.5.31359.7.2.1.10.1
1.5.31371.20.2.1.9
1.5.31372.6.2.1
1.5.31409.17.2.1.11.3.6
1.5.31455.8.2.1.9.5
1.5.31623.11.2.1.5.2.4
1.5.31673.8.2.1.14.6.11
1.5.31680.8.2.1.30.2.2
1.5.31684.10.2.1.3.1
1.5.31691.7.2.1.10.1.1.2
1.5.31723.7.2.1.4.1.13.1.5
1.5.31753.8.2.1.21.2.28.3
1.5.31851.15.2.1.5
1.5.31975.11.2.1
1.5.32070.12.2.1.19.2
1.5.32137.13.2.1.7.6.13
1.5.32145.22.2.1
1.5.32186.17.2.1.6.1.5
1.5.32194.38.2.1.7
1.5.32203.16.2.1
1.5.32577.8.2.1.13.1.15
1.5.32696.9.2.1
1.5.32778.10.2.1.3.1
1.5.32985.7.2.1.12.3.10.1
1.5.33000.9.2.1.30.9
1.5.33051.11.2.1
1.5.33141.12.2.1.10.11.17.9
1.5.33163.14.2.1
1.5.33259.7.2.1
1.5.33281.14.2.1.11.1.15
1.5.33559.10.2.1
1.5.33644.6.2.1.15.1.2.2
1.5.33740.11.2.1
1.5.33869.9.2.1.12.6.20
1.5.33973.11.2.1.2.1.21.5
1.5.34135.10.2.1.2.2.20.3
1.5.34262.9.2.1
1.5.34272.13.2.1
1.5.34275.11.2.1.6.2.8.7.12
1.5.34456.11.2.1.18.1.3
1.5.34591.34.2.1.37.3
1.5.34715.15.2.1.4.2.2
1.5.34818.13.2.1.1
1.5.35078.16.2.1.9.1
1.5.35122.8.2.1.17.2.10.7
1.5.35162.10.2.1
1.5.35293.7.2.1.9.1
1.5.35307.11.2.1.2.2
1.5.35343.14.2.1.5
1.5.35470.8.2.1.28.1.9.2.12
1.5.35498.13.2.1.32.1
1.5.35628.12.2.1.14.5.14.5.12
1.5.35672.12.2.1.12
1.5.35931.11.2.1.6.4.14.6
1.5.35949.10.2.1.9.10
1.5.35988.7.2.1.14
1.5.36023.13.2.1.15.1.25.7
1.5.36051.12.2.1.3.1.1.3
1.5.36051.12.2.1.3.1.3.2
1.5.36087.14.2.1.3.3.7
1.5.36124.8.2.1.2.2.6
1.5.36480.12.2.1.27.6.41.8
1.5.36490.7.2.1.5.7.45
1.5.36503.13.2.1.3.3.7
1.5.36535.15.2.1.22.1.3
1.5.36612.13.2.1.1.1.2.2.56
1.5.36704.7.2.1.1.1.1
1.5.36906.18.2.1.7.6.15
1.5.37150.10.2.1
1.5.37192.56.2.1.12.1
1.5.37248.9.2.1.22.10.10
1.5.37378.12.2.1.3
1.5.37504.20.2.1.14.1.10
1.5.37644.11.2.1.9.4.7.1.3
1.5.37652.9.2.1.15
1.5.37730.6.2.1
1.5.37819.10.2.1.1.1
1.5.38053.12.2.1.25.5.14.2.3
1.5.38091.11.2.1.1.1.16
1.5.38122.9.2.1.15
1.5.38127.7.2.1.4.4.4.4
1.5.38138.11.2.1.4.1
1.5.38285.12.2.1.2
1.5.38481.7.2.1.10.1
1.5.38493.20.2.1.9
1.5.38494.6.2.1
1.5.38531.17.2.1.11.3.6
1.5.38783.8.2.1.14.6.11
1.5.38793.15.2.1
1.5.38795.9.2.1.4.2.19.4.8
1.5.38809.8.2.1
1.5.38838.7.2.1.4.1.43.1.6
1.5.38868.8.2.1.21.2.28.3
1.5.38962.15.2.1.5
1.5.39153.10.2.1.2.2
1.5.39168.12.2.1.19.2
1.5.39233.13.2.1.7.6.13
1.5.39241.22.2.1
1.5.39282.17.2.1.6.1.5
1.5.39290.38.2.1.7
1.5.39299.16.2.1
1.5.39317.12.2.1.1.1
1.5.39782.9.2.1
1.5.39932.20.2.1.3
1.5.40050.7.2.1.12.3.10.1
1.5.40065.9.2.1.30.9
1.5.40100.5.2.1
1.5.40206.20.2.1
1.5.40328.14.2.1.11.1.15
1.5.40364.7.2.1.4.7
1.5.40604.10.2.1
1.5.40689.6.2.1.15.1.2.2
1.5.40785.11.2.1
1.5.40906.8.2.1.2
1.5.40912.6.2.1.6.1.5
1.5.40922.13.2.1.3
1.5.41004.7.2.1.5
1.5.41024.14.2.1
1.5.41180.19.2.1.15.1.1.1.12.61
1.5.41277.9.2.1.4.3.8
1.5.41294.8.2.1.17.3.18
1.5.41312.18.2.1.10.4.14
1.5.41494.15.2.1.9.1
1.5.41634.34.2.1.37.3
1.5.41758.15.2.1.4.2.2
1.5.41861.13.2.1.1
1.5.42149.23.2.1.2.2.2.1
1.5.42189.10.2.1
1.5.42317.11.2.1.2.2
1.5.42353.11.2.1.27.1.3
1.5.42509.11.2.1.12
1.5.42573.5.2.1.48.7
1.5.42626.8.2.1.1.1.1
1.5.42627.7.2.1.2.1.1
1.5.42627.7.2.1.3.2
1.5.42666.12.2.1.14.5.14.5.12
1.5.42710.12.2.1.12
1.5.42853.12.2.1.1
1.5.43021.7.2.1.14.1.3.2
1.5.43035.7.2.1.14
1.5.43070.13.2.1.15.1.25.7
1.5.43119.12.2.1.3.1.1.3
1.5.43119.12.2.1.3.1.3.2
1.5.43153.20.2.1
1.5.43162.10.2.1.18.3.6
1.5.43199.8.2.1.2.2.6
1.5.43365.13.2.1
1.5.43563.12.2.1.27.6.41.8
1.5.43573.7.2.1.5.7.45
1.5.43630.15.2.1.27.1.3
1.5.43696.5.2.1.2.1.3.3.5
1.5.43713.5.2.1.5.1.26.10
1.5.43713.5.2.1.5.1.27.1
1.5.44144.12.2.1.20
1.5.44273.11.2.1.9
1.5.44365.14.2.1.34
1.5.44499.12.2.1.3
1.5.44632.20.2.1.14.1.10
1.5.44666.10.2.1
1.5.44675.8.2.1
1.5.44759.9.2.1
1.5.44776.13.2.1.7.1.2.2.7
1.5.44778.6.2.1
1.5.44950.10.2.1.5.1.2
1.5.44951.14.2.1.4.1.10.2.27.8
1.5.45146.26.2.1.6.4.12.5
1.5.45153.14.2.1.3
1.5.45221.14.2.1.4.2.5.4.11
1.5.45232.12.2.1.7.5
1.5.45385.12.2.1.2
1.5.45653.5.2.1.27
1.5.45859.11.2.1.5.2.4
1.5.45911.7.2.1.10.5.3
1.5.45920.8.2.1.4.2.20
1.5.45921.13.2.1.9
1.5.45956.7.2.1.4.1.13.1.5
1.5.45986.8.2.1.21.2.28.3
1.5.46074.15.2.1.5
1.5.46163.9.2.1.7.2.2.1
1.5.46201.11.2.1
1.5.46295.7.2.1.8.3
1.5.46365.13.2.1.7.6.13
1.5.46373.22.2.1
1.5.46414.17.2.1.6.1.5
1.5.46422.38.2.1.7
1.5.46431.16.2.1
1.5.46505.6.2.1.3.5.5.3.4
1.5.46772.8.2.1.15.5
1.5.46872.9.2.1
1.5.46883.12.2.1.8.1.16
1.5.46968.9.2.1
1.5.47038.7.2.1.6.1
1.5.47113.20.2.1.3
1.5.47236.7.2.1.12.3.10.1
1.5.47251.9.2.1.30.9
1.5.47295.12.2.1
1.5.47306.7.2.1.23.1
1.5.47405.14.2.1
1.5.47523.8.2.1.2.5.16
1.5.47792.10.2.1
1.5.47985.11.2.1
1.5.48106.8.2.1.2
1.5.48204.7.2.1.5
1.5.48224.14.2.1
1.5.48461.20.2.1.2.2.9.1.7
1.5.48494.9.2.1
1.5.48504.13.2.1
1.5.48507.11.2.1.6.2.8.7.12
1.5.48834.13.2.1.1.11.35
1.5.48952.15.2.1.4.2.2
1.5.49041.13.2.1.1
1.5.49274.16.2.1.9.1
1.5.49310.8.2.1.17.2.10.7
1.5.49350.10.2.1
1.5.49524.11.2.1.46.1.3
1.5.49666.11.2.1.12
1.5.49793.8.2.1.1.1.1
1.5.49794.7.2.1.2.1.1
1.5.49794.7.2.1.3.2
1.5.49835.12.2.1.9
1.5.50011.12.2.1.1
1.5.50182.7.2.1.14
1.5.50217.13.2.1.15.1.25.7
1.5.50267.7.2.1
1.5.50314.16.2.1.7
1.5.50357.8.2.1.2.2.6
1.5.50525.13.2.1
1.5.50724.12.2.1.27.6.41.8
1.5.50734.7.2.1.5.7.45
1.5.50747.13.2.1.3.3.7
1.5.50779.15.2.1.22.1.3
1.5.50851.13.2.1.1.1.2.2.56
1.5.50943.7.2.1.1.1.1
1.5.51280.12.2.1.20
1.5.51402.6.2.1.20.3.22.3.7
1.5.51508.14.2.1.34
1.5.51630.8.2.1.3.2.18.2
1.5.51634.12.2.1.3
1.5.51641.5.2.1.2.2
1.5.51768.20.2.1.14.1.10
1.5.51802.10.2.1
1.5.51811.8.2.1
1.5.51911.11.2.1.9.4.7.1.3
1.5.51919.9.2.1.15
1.5.52305.26.2.1.6.4.12.5
1.5.52357.11.2.1.1.1.16
1.5.52388.9.2.1.15
1.5.52393.7.2.1.4.4.4.4
1.5.52495.7.2.1
1.5.52560.12.2.1.2
1.5.52771.7.2.1.10.1
1.5.52783.20.2.1.9
1.5.52784.6.2.1
1.5.52821.17.2.1.11.3.6
1.5.53041.11.2.1.5.2.4
1.5.53074.5.2.1.10.1.4
1.5.53084.15.2.1
1.5.53086.9.2.1.4.2.12.4.8
1.5.53122.7.2.1.4.1.43.1.6
1.5.53152.8.2.1.21.2.28.3
1.5.53248.9.2.1.3.1.2.2.21
1.5.53438.7.2.1.6.2
1.5.53454.12.2.1.19.2
1.5.53519.13.2.1.7.6.13
1.5.53527.22.2.1
1.5.53568.17.2.1.6.1.5
1.5.53576.22.2.1.4
1.5.53585.16.2.1
1.5.53651.6.2.1.3.5.5.3.4
1.5.53924.8.2.1.15.5
1.5.54095.9.2.1
1.5.54165.7.2.1.6.1
1.5.54378.7.2.1.12.3.10.1
1.5.54393.9.2.1.30.9
1.5.54545.14.2.1
1.5.54707.7.2.1.5.1
1.5.54944.10.2.1
1.5.55130.11.2.1
1.5.55257.5.2.1.4.1.13.2.19
1.5.55342.9.2.1.13.6.28.1.51
1.5.55362.11.2.1.2.1.7.2
1.5.55479.8.2.1.4.8.20
1.5.55628.8.2.1.17.3.24
1.5.55651.8.2.1.4
1.5.55974.34.2.1.17.3
1.5.56098.15.2.1.4.2.2
1.5.56178.6.2.1.7
1.5.56404.16.2.1.9.1
1.5.56437.23.2.1.2.2.2.1
1.5.56481.10.2.1
1.5.56551.7.2.1.11.5.19.1
1.5.56605.7.2.1.9.1
1.5.56619.11.2.1.2.2
1.5.56651.11.2.1.27.1.3
1.5.56803.11.2.1.12
1.5.56867.5.2.1.48.7
1.5.56920.8.2.1.1.1.1
1.5.56921.7.2.1.2.1.1
1.5.56921.7.2.1.3.2
1.5.56962.12.2.1.9
1.5.57263.11.2.1.6.4.14.6
1.5.57281.10.2.1.9.10
1.5.57320.7.2.1.14
1.5.57355.13.2.1.15.1.25.7
1.5.57384.7.2.1
1.5.57419.20.2.1
1.5.57428.10.2.1.18.3.6
1.5.57464.8.2.1.2.2.6
1.5.57705.10.2.1.6.2
1.5.57716.7.2.1.33.1.7
1.5.57797.8.2.1
1.5.57803.15.2.1.1.1
1.5.57847.13.2.1.3.3.7
1.5.57879.15.2.1.22.1.3
1.5.57953.11.2.1.6.6.43
1.5.58050.7.2.1.1.1.1
1.5.58528.11.2.1.9
1.5.58620.14.2.1.34
1.5.58759.8.2.1.3.2.18.2
1.5.58763.12.2.1.3
1.5.58892.20.2.1.14.1.10
1.5.59032.11.2.1.9.4.7.1.3
1.5.59040.9.2.1.15
1.5.59207.7.2.1.4.2.4.4.23
1.5.59213.17.2.1.15.3.28.6
1.5.59229.8.2.1.11.5
1.5.59441.12.2.1.25.5.14.2.3
1.5.59479.11.2.1.1.1.16
1.5.59510.9.2.1.15
1.5.59515.7.2.1.4.4.4.4
1.5.59629.7.2.1
1.5.59694.12.2.1.2
1.5.59899.7.2.1.10.1
1.5.59911.20.2.1.9
1.5.59912.6.2.1
1.5.59949.17.2.1.11.3.6
1.5.60155.11.2.1.5.2.4
1.5.60205.18.2.1.13
1.5.60211.19.2.1.13
1.5.60214.9.2.1.18.5.10.4.8
1.5.60246.7.2.1.4.1.13.1.5
1.5.60276.8.2.1.21.2.28.3
1.5.60364.15.2.1.5
1.5.60586.7.2.1.8.3
1.5.60676.15.2.1.2
1.5.60698.15.2.1
1.5.60705.8.2.1.1.1.23
1.5.60717.10.2.1.2
1.5.60730.16.2.1
1.5.60803.11.2.1.10.1.16
1.5.61103.8.2.1.13.1.15
1.5.61223.9.2.1
1.5.61374.20.2.1.3
1.5.61480.7.2.1.12.3.10.1
1.5.61495.9.2.1.30.9
1.5.61637.12.2.1.10.11.17.7
1.5.61659.14.2.1
1.5.61896.7.2.1.4.1.5
1.5.62059.10.2.1
1.5.62252.11.2.1
1.5.62379.5.2.1.4.1.13.2.19
1.5.62469.7.2.1.5
1.5.62489.14.2.1
1.5.62659.10.2.1.2.2.20.3
1.5.62752.20.2.1.2.2.9.1.7
1.5.62785.9.2.1
1.5.62795.13.2.1
1.5.62798.11.2.1.6.2.8.7.12
1.5.62939.15.2.1.32.12
1.5.63126.34.2.1.20.3
1.5.63250.15.2.1.4.2.2
1.5.63353.13.2.1.1
1.5.63681.10.2.1
1.5.63758.12.2.1
1.5.63863.11.2.1.46.1.3
1.5.64009.8.2.1.28.1.9.2.12
1.5.64037.13.2.1.32.1
1.5.64066.8.2.1
1.5.64115.8.2.1.1.1.1
1.5.64116.7.2.1.2.1.1
1.5.64116.7.2.1.3.2
1.5.64155.12.2.1.14.5.14.5.12
1.5.64199.12.2.1.12
1.5.64534.7.2.1.14.1.3.2
1.5.64548.7.2.1.14
1.5.64583.13.2.1.15.1.25.7
1.5.64612.7.2.1
1.5.64647.20.2.1
1.5.64656.10.2.1.18.3.6
1.5.64693.8.2.1.2.2.6
1.5.64853.13.2.1
1.5.64946.7.2.1.33.1.7
1.5.65045.12.2.1.27.6.41.8
1.5.65055.7.2.1.5.7.45
1.5.65068.13.2.1.3.3.7
1.5.65100.15.2.1.22.1.3
1.5.65181.13.2.1.1.1.2.2.56
1.5.65274.12.2.1
1.5.65501.13.2.1.13.1.3.3.17
1.5.65794.11.2.1.9
1.5.65886.14.2.1.34
1.5.66007.12.2.1.3
1.5.66139.20.2.1.14.1.10
1.5.66173.10.2.1
1.5.66278.11.2.1.9.4.7.1.3
1.5.66286.9.2.1.15
1.5.66443.7.2.1.4.2.4.4.23
1.5.66649.26.2.1.6.4.12.5
1.5.66656.14.2.1.3
1.5.66724.14.2.1.4.2.5.4.11
1.5.66738.11.2.1.4.1
1.5.66901.12.2.1.2
1.5.67159.5.2.1.27
1.5.67376.11.2.1.5.2.4
1.5.67426.8.2.1.14.6.11
1.5.67433.8.2.1.30.2.2
1.5.67437.10.2.1.3.1
1.5.67444.7.2.1.10.1.1.2
1.5.67476.7.2.1.4.1.13.1.5
1.5.67506.8.2.1.21.2.28.3
1.5.67594.15.2.1.5
1.5.67722.11.2.1
1.5.67814.12.2.1.19.2
1.5.67888.15.2.1.2
1.5.67910.15.2.1
1.5.67917.8.2.1.1.1.23
1.5.67929.10.2.1.2
1.5.67942.16.2.1
1.5.68016.6.2.1.3.5.5.3.4
1.5.68289.8.2.1.15.5
1.5.68472.15.2.1.20.3.7.2
1.5.68532.7.2.1.6.1
1.5.68718.7.2.1.12.3.10.1
1.5.68733.9.2.1.30.9
1.5.68768.5.2.1
1.5.68877.14.2.1
1.5.68973.7.2.1
1.5.68995.14.2.1.11.1.15
1.5.69278.10.2.1
1.5.69363.6.2.1.15.1.2.2
1.5.69459.11.2.1
1.5.69575.8.2.1.2
1.5.69581.6.2.1.5.1.6.3.33
1.5.69948.9.2.1.4.3.8
1.5.69981.9.2.1
1.5.69991.13.2.1
1.5.69994.11.2.1.6.2.8.7.12
1.5.70310.34.2.1.37.3
1.5.70434.15.2.1.4.2.2
1.5.70537.13.2.1.1
1.5.70778.16.2.1.9.1
1.5.70856.10.2.1
1.5.70982.7.2.1.9.1
1.5.70996.11.2.1.2.2
1.5.71041.5.2.1.6.4.19
1.5.71045.5.2.1.1.6
1.5.71286.8.2.1.1.1.1
1.5.71287.7.2.1.2.1.1
1.5.71287.7.2.1.3.2
1.5.71328.12.2.1.9
1.5.71667.7.2.1.14.1.3.2
1.5.71681.7.2.1.14
1.5.71716.13.2.1.15.1.25.7
1.5.71765.12.2.1.3.1.1.3
1.5.71765.12.2.1.3.1.3.2
1.5.71811.16.2.1.7
1.5.71855.14.2.1.12.2.39
1.6.173.8.2.1.2.2.3
1.6.233.8.2.1
1.6.284.8.2.1.3.7
1.6.362.8.2.1.6.5
1.6.673.8.2.1.5.2
1.6.930.8.2.1.33.4.5
1.6.952.8.2.1
1.6.1040.8.2.1.17.6
1.6.1040.8.2.1.19.1.1
1.6.1299.8.2.1.8
1.6.1429.8.2.1.27
1.6.1576.8.2.1.11
1.6.1709.8.2.1.37.3.32.5
1.6.1755.8.2.1.5.2.1
1.6.1764.8.2.1.5.2
1.6.2026.8.2.1.1.1
1.6.2100.8.2.1.8.2.8
1.6.2111.8.2.1.33.2.7.1.16
1.6.2132.8.2.1.2
1.6.2135.8.2.1
1.6.2142.8.2.1.8.1.1.6
1.6.2318.8.2.1.32.1.1.1.13
1.6.2705.8.2.1.2.2
1.6.2912.8.2.1.5.1.4
1.6.2922.8.2.1.4
1.6.2949.8.2.1.2.1
1.6.3074.8.2.1
1.6.3138.8.2.1.5.1.7.1.18
1.6.3222.8.2.1.3.1.9
1.6.3226.8.2.1
1.6.3279.8.2.1
1.6.3359.8.2.1.1.1.5.1
1.6.3446.8.2.1.13.2.11
1.6.3463.8.2.1.4.3
1.6.3498.8.2.1.11.7.17.2.33
1.6.3510.8.2.1.34.1.2
1.6.3666.8.2.1
1.6.3867.8.2.1.1.1.8.6
1.6.3892.8.2.1
1.6.3920.8.2.1.4
1.6.4006.8.2.1.4.1
1.6.4140.8.2.1.9.3.21.9
1.6.4204.8.2.1.15.3.24.1
1.6.4345.8.2.1.5.4.10.3
1.6.4700.8.2.1.2.2.4.2
1.6.4738.8.2.1.2.2.12.1.30
1.6.4771.8.2.1.4.1
1.6.4882.8.2.1.10.1.2.1.18
1.6.5026.8.2.1.5.3
1.6.5115.8.2.1.21.6
1.6.5412.8.2.1.7.5.11.2
1.6.5536.8.2.1.21.3.7
1.6.5686.8.2.1.3.1.3
1.6.5843.8.2.1.21.1
1.6.5870.8.2.1.23
1.6.5884.8.2.1.2.1.6.1
1.6.5898.8.2.1.1.1.35.2.31
1.6.5934.8.2.1.8.2.3.2
1.6.6404.8.2.1.4.2.7.1.6
1.6.6476.8.2.1.3
1.6.6523.8.2.1.7.4
1.6.6679.8.2.1
1.6.6731.8.2.1.11.5.21
1.6.6785.8.2.1.1
1.6.6837.8.2.1
1.6.7026.8.2.1.2.1.3
1.6.7093.8.2.1.6.5
1.6.7212.8.2.1.2.1.1
1.6.7293.8.2.1.13.4.3.1
1.6.7326.8.2.1.6
1.6.7391.8.2.1.13.3.19
1.6.7427.8.2.1.8.1.18
1.6.7830.8.2.1.18.3.9
1.6.7877.8.2.1
1.6.7945.8.2.1.8
1.6.7989.8.2.1.4.5.10
1.6.8057.8.2.1.9.5
1.6.8135.8.2.1
1.6.8186.8.2.1.3.1
1.6.8233.8.2.1.3.1.3.3
1.6.8318.8.2.1.2.2.3
1.6.8378.8.2.1
1.6.8429.8.2.1.3.7
1.6.8483.8.2.1.10.2.3
1.6.8595.8.2.1.21.2.3.5
1.6.8841.8.2.1.5.2
1.6.8980.8.2.1.12.1
1.6.9027.8.2.1
1.6.9102.8.2.1.33.4.5
1.6.9122.8.2.1
1.6.9210.8.2.1.17.6
1.6.9210.8.2.1.19.1.1
1.6.9227.8.2.1.2.1.1
1.6.9346.8.2.1.2.2.12
1.6.9482.8.2.1.29.2
1.6.9637.8.2.1.27
1.6.9786.8.2.1.3.6.9.3
1.6.9942.8.2.1.18.3.23.5
1.6.9986.8.2.1.5.4.7
1.6.9995.8.2.1.10.6
1.6.10259.8.2.1.1.1
1.6.10287.8.2.1.3.1.2.2.12
1.6.10333.8.2.1.8.2.8
1.6.10344.8.2.1.33.2.7.1.16
1.6.10365.8.2.1.2
1.6.10368.8.2.1
1.6.10375.8.2.1.8.1.1.6
1.6.10390.8.2.1.8.3.8.4
1.6.10547.8.2.1.32.1.1.1.13
1.6.11105.8.2.1
1.6.11155.8.2.1.1
1.6.11160.8.2.1.9.6.22.1.29
1.6.11161.8.2.1.1.1.26.3
1.6.11306.8.2.1
1.6.11369.8.2.1.2.2.7
1.6.11509.8.2.1.14.2
1.6.11595.8.2.1.5.2
1.6.11685.8.2.1.13.2.2.1.21
1.6.11700.8.2.1.13.2.3.1.4
1.6.11722.8.2.1.11.7.17.2.39
1.6.11734.8.2.1.35.1.2
1.6.11833.8.2.1.9.6.10
1.6.11882.8.2.1
1.6.12102.8.2.1.1
1.6.12229.8.2.1.4.1
1.6.12440.8.2.1.15.3.24.1
1.6.12569.8.2.1.5.4.10.3
1.6.12662.8.2.1.5
1.6.12975.8.2.1.2.2.12.1.14
1.6.13123.8.2.1.10.1.2.1.18
1.6.13200.8.2.1
1.6.13225.8.2.1.3.3
1.6.13354.8.2.1.21.6
1.6.13652.8.2.1.7
1.6.13753.8.2.1.2.1.2.2.24
1.6.13762.8.2.1.29.2
1.6.13889.8.2.1.3.1.3
1.6.13938.8.2.1.25.4.6.2
1.6.13944.8.2.1
1.6.13946.8.2.1
1.6.14070.8.2.1.10
1.6.14084.8.2.1.2.1.6.1
1.6.14098.8.2.1.1.1.35.2.31
1.6.14134.8.2.1.8.2.3.2
1.6.14610.8.2.1.4.2.7.1.6
1.6.14625.8.2.1.18.2
1.6.14695.8.2.1.7.1.3.3.12.7
1.6.14923.8.2.1
1.6.14982.8.2.1.8.1.1.1.6
1.6.14998.8.2.1.9.3
1.6.15220.8.2.1.2.2
1.6.15246.8.2.1.4
1.6.15268.8.2.1.10
1.6.15443.8.2.1.2.1.1
1.6.15524.8.2.1.13.4.3.1
1.6.15557.8.2.1.6
1.6.15625.8.2.1.4.1.3.2.2
1.6.15660.8.2.1.8.1.18
1.6.15798.8.2.1.1.1
1.6.15808.8.2.1
1.6.15931.8.2.1.2.1.3.1.5
1.6.15989.8.2.1
1.6.15998.8.2.1.2.2.15.3.4
1.6.16055.8.2.1.10.1.1
1.6.16110.8.2.1
1.6.16161.8.2.1
1.6.16174.8.2.1.8
1.6.16218.8.2.1.4.5.10
1.6.16278.8.2.1.3.3.27
1.6.16361.8.2.1
1.6.16547.8.2.1.2.2.3
1.6.16606.8.2.1
1.6.16657.8.2.1.3.7
1.6.16711.8.2.1.10.2.3
1.6.17054.8.2.1.21.10
1.6.17063.8.2.1.29.7.24
1.6.17145.8.2.1.3.5.18.1
1.6.17161.8.2.1
1.6.17193.8.2.1.12.1
1.6.17309.8.2.1.33.4.5
1.6.17551.8.2.1.2.2.12
1.6.17698.8.2.1.8
1.6.17858.8.2.1.27
1.6.18009.8.2.1.3.6.9.3
1.6.18146.8.2.1.37.3.32.5
1.6.18195.8.2.1.17
1.6.18206.8.2.1.6.3
1.6.18456.8.2.1.1.1
1.6.18530.8.2.1.8.2.8
1.6.18541.8.2.1.33.2.7.1.16
1.6.18562.8.2.1.2
1.6.18565.8.2.1
1.6.18572.8.2.1.8.1.1.6
1.6.18587.8.2.1.8.3.8.4
1.6.18668.8.2.1.4
1.6.18763.8.2.1.32.1.1.1.13
1.6.18829.8.2.1
1.6.19031.8.2.1
1.6.19039.8.2.1.5.2.6.8.18
1.6.19090.8.2.1.7
1.6.19339.8.2.1
1.6.19376.8.2.1.28
1.6.19394.8.2.1.4.4.8.2.3
1.6.19395.8.2.1.7.1.9
1.6.19406.8.2.1.2.1
1.6.19531.8.2.1
1.6.19544.8.2.1
1.6.19592.8.2.1.2.2.7
1.6.19729.8.2.1.14.2
1.6.19773.8.2.1.10.3.11.3
1.6.19818.8.2.1.23.10.32.1.6.3
1.6.19887.8.2.1.2.1.1
1.6.19919.8.2.1.2.2
1.6.19937.8.2.1.2.2.5.3.8
1.6.20068.8.2.1
1.6.20292.8.2.1
1.6.20406.8.2.1.4.1
1.6.20748.8.2.1
1.6.21172.8.2.1.2.2.12.1.14
1.6.21204.8.2.1.4.1
1.6.21299.8.2.1.10.1.2.1.18
1.6.21541.8.2.1.21.6
1.6.21820.8.2.1.7.5.11.2
1.6.21843.8.2.1.15.5.9
1.6.21856.8.2.1.2
1.6.21938.8.2.1.21.3.7
1.6.22071.8.2.1.3.1.3
1.6.22120.8.2.1.25.4.6.2
1.6.22126.8.2.1
1.6.22128.8.2.1
1.6.22254.8.2.1.20
1.6.22268.8.2.1.2.1.6.1
1.6.22282.8.2.1.1.1.35.2.31
1.6.22318.8.2.1.8.2.3.2
1.6.22460.8.2.1
1.6.22804.8.2.1.4.2.7.1.6
1.6.22875.8.2.1.18.1.11.6.44.8
1.6.23102.8.2.1
1.6.23159.8.2.1.11.5.21
1.6.23248.8.2.1
1.6.23399.8.2.1.4
1.6.23421.8.2.1.10
1.6.23485.8.2.1.6.5
1.6.23595.8.2.1.39.2.34.1.1
1.6.23715.8.2.1.18.5.8.2
1.6.23740.8.2.1.5.2.8
1.6.23745.8.2.1.4.1.1
1.6.23745.8.2.1.5.2
1.6.23801.8.2.1.2
1.6.23830.8.2.1.2.2.31.1.26
1.6.23968.8.2.1.1.1
1.6.23978.8.2.1
1.6.24192.8.2.1
1.6.24201.8.2.1.2.2.15.3.4
1.6.24243.8.2.1.3.3.1
1.6.24290.8.2.1
1.6.24353.8.2.1.8
1.6.24397.8.2.1.4.5.10
1.6.24457.8.2.1.3.3.27
1.6.24542.8.2.1
1.6.24758.8.2.1.2.2.3
1.6.24817.8.2.1
1.6.24868.8.2.1.3.7
1.6.25251.8.2.1.28.7.13
1.6.25322.8.2.1
1.6.25495.8.2.1.33.4.5
1.6.25603.8.2.1.17.6
1.6.25603.8.2.1.19.1.1
1.6.25727.8.2.1.2.2.12
1.6.25865.8.2.1.29.2
1.6.26023.8.2.1.41.8.22.2.18
1.6.26177.8.2.1.11
1.6.26322.8.2.1.37.3.33.5
1.6.26366.8.2.1.5.4.7
1.6.26378.8.2.1.9.4.22
1.6.26630.8.2.1.1.1
1.6.26658.8.2.1.3.1.2.2.12
1.6.26710.8.2.1.13
1.6.26729.8.2.1.8.2.16.1.12
1.6.26750.8.2.1.2
1.6.26753.8.2.1
1.6.26760.8.2.1.5.3.11.5
1.6.26813.8.2.1.3.1
1.6.26867.8.2.1.4
1.6.26929.8.2.1.3.1.8
1.6.27008.8.2.1
1.6.27209.8.2.1
1.6.27217.8.2.1.5.2.6.8.18
1.6.27268.8.2.1.7
1.6.27516.8.2.1
1.6.27562.8.2.1.5
1.6.27570.8.2.1.1
1.6.27592.8.2.1.2.1
1.6.27725.8.2.1
1.6.27774.8.2.1.5.1.7.1.18
1.6.27842.8.2.1.1.2.25.1
1.6.27862.8.2.1.3.1.16
1.6.27866.8.2.1
1.6.27974.8.2.1.10.3.11.3
1.6.28019.8.2.1.23.10.32.1.6.3
1.6.28106.8.2.1.13.2.11
1.6.28123.8.2.1.4.3
1.6.28158.8.2.1.11.7.17.2.33
1.6.28170.8.2.1.34.1.2
1.6.28281.8.2.1.9.6.10
1.6.28330.8.2.1
1.6.28530.8.2.1.13.4.8.5
1.6.28555.8.2.1
1.6.28583.8.2.1.4
1.6.28669.8.2.1.4.1
1.6.28767.8.2.1.1.1
1.6.28902.8.2.1.13.3.24.1
1.6.29023.8.2.1.5.4.10.3
1.6.29180.8.2.1.9.1.3.1
1.6.29321.8.2.1.1.2.5.3
1.6.29357.8.2.1.2
1.6.29477.8.2.1.2.2.12.1.14
1.6.29611.8.2.1.10.1.2.1.18
1.6.29688.8.2.1
1.6.29713.8.2.1.3.3
1.6.29849.8.2.1.21.6
1.6.30147.8.2.1.6.3.6
1.6.30234.8.2.1.10
1.6.30380.8.2.1.3.1.3
1.6.30425.8.2.1.16.4.6.2
1.6.30431.8.2.1
1.6.30433.8.2.1
1.6.30546.8.2.1.10
1.6.30560.8.2.1.2.1.6.1
1.6.30574.8.2.1.1.1.35.2.31
1.6.30610.8.2.1.8.2.3.2
1.6.31080.8.2.1.4.2.7.1.6
1.6.31095.8.2.1.18.2
1.6.31165.8.2.1.18.1.11.6.40.7
1.6.31523.8.2.1
1.6.31674.8.2.1.2.2
1.6.31700.8.2.1.4
1.6.31722.8.2.1.10
1.6.31759.8.2.1
1.6.31879.8.2.1.10.1.3.3.8
1.6.32000.8.2.1.6
1.6.32065.8.2.1.13.3.19
1.6.32101.8.2.1.8.1.18
1.6.32447.8.2.1
1.6.32456.8.2.1.2.2.15.3.4
1.6.32504.8.2.1
1.6.32511.8.2.1.21.1.14.2.8.45
1.6.32562.8.2.1
1.6.32613.8.2.1
1.6.32626.8.2.1.8
1.6.32727.8.2.1.3.3.27
1.6.32810.8.2.1
1.6.32984.8.2.1.2.2.3
1.6.33044.8.2.1
1.6.33095.8.2.1.3.7
1.6.33259.8.2.1.21.2.3.5
1.6.33427.8.2.1.7.2.2.2
1.6.33512.8.2.1.56.7.52
1.6.33750.8.2.1.33.4.5
1.6.33860.8.2.1.17.6
1.6.33860.8.2.1.19.1.1
1.6.33917.8.2.1
1.6.34127.8.2.1.8
1.6.34263.8.2.1.27
1.6.34413.8.2.1.11
1.6.34555.8.2.1.37.3.32.5
1.6.34595.8.2.1.5.2.1
1.6.34863.8.2.1.11.1.2
1.6.34863.8.2.1.11.1.5
1.6.34902.8.2.1.3.1.1
1.6.34921.8.2.1.2.1
1.6.34948.8.2.1.2
1.6.34951.8.2.1
1.6.34958.8.2.1.5.3.11.5
1.6.35136.8.2.1.32.1.1.1.13
1.6.35402.8.2.1
1.6.35410.8.2.1.5.2.6.8.18
1.6.35461.8.2.1.7
1.6.35717.8.2.1
1.6.35764.8.2.1.5
1.6.35772.8.2.1.1
1.6.35824.8.2.1.3.1
1.6.35923.8.2.1
1.6.35976.8.2.1.2.2.7
1.6.36036.8.2.1
1.6.36175.8.2.1.21.1
1.6.36196.8.2.1.1.1.5.1
1.6.36264.8.2.1.8.5.27
1.6.36282.8.2.1.13.2.3.1.46
1.6.36310.8.2.1.11.7.17.2.85
1.6.36322.8.2.1.34.1.2
1.6.36478.8.2.1
1.6.36699.8.2.1.1
1.6.36830.8.2.1.4.1
1.6.37046.8.2.1.15.3.24.1
1.6.37181.8.2.1
1.6.37437.8.2.1
1.6.37457.8.2.1.4.1.3.3
1.6.37476.8.2.1.7
1.6.37508.8.2.1.2
1.6.37617.8.2.1.2.2.12.1.14
1.6.37767.8.2.1.10.1.2.1.18
1.6.37913.8.2.1
1.6.38011.8.2.1.21.6
1.6.38026.8.2.1.6.6
1.6.38293.8.2.1.7.5.11.2
1.6.38314.8.2.1.13.5.8.1.4
1.6.38406.8.2.1.36.3.20
1.6.38551.8.2.1.3.1.3
1.6.38616.8.2.1.24.5.5.1
1.6.38703.8.2.1.21.1
1.6.38725.8.2.1.12
1.6.38739.8.2.1.2.1.6.1
1.6.38753.8.2.1.1.1.35.2.31
1.6.38780.8.2.1
1.6.38832.8.2.1.3.2.2.1
1.6.39350.8.2.1.7.1.3.3.12.17
1.6.39399.8.2.1.21.7.14.7
1.6.39588.8.2.1
1.6.39604.8.2.1.8.1.4.1.4
1.6.39657.8.2.1.23
1.6.39744.8.2.1
1.6.39895.8.2.1.2.2
1.6.39921.8.2.1.4
1.6.39943.8.2.1.10
1.6.40005.8.2.1.6.5
1.6.40120.8.2.1.10.1.3.3.8
1.6.40215.8.2.1.18.5.8.2
1.6.40240.8.2.1.5.2.8
1.6.40245.8.2.1.4.1.1
1.6.40245.8.2.1.5.2
1.6.40304.8.2.1.4.1.3.2.2
1.6.40339.8.2.1.8.1.18
1.6.40682.8.2.1
1.6.40691.8.2.1.2.2.15.3.4
1.6.40739.8.2.1.18.3.9
1.6.40786.8.2.1
1.6.40854.8.2.1.8
1.6.40898.8.2.1.4.5.10
1.6.40958.8.2.1.3.3.27
1.6.41045.8.2.1
1.6.41129.8.2.1.6.5.11.2
1.6.41269.8.2.1.2.2.3
1.6.41329.8.2.1
1.6.41380.8.2.1.3.7
1.6.41434.8.2.1.10.2.3
1.6.41473.8.2.1.6.5
1.6.41550.8.2.1.21.2.3.5
1.6.41772.8.2.1.5.2
1.6.41907.8.2.1.12.1
1.6.41954.8.2.1
1.6.42030.8.2.1.33.4.5
1.6.42138.8.2.1
1.6.42252.8.2.1.22.5.11.1.2
1.6.42406.8.2.1.8
1.6.42574.8.2.1.27
1.6.42630.8.2.1.3.1.7
1.6.42734.8.2.1.6.3.15
1.6.42897.8.2.1.34.3.32.5
1.6.42943.8.2.1.5.2.1
1.6.42952.8.2.1.5.2
1.6.42966.8.2.1.4.3
1.6.43199.8.2.1.1.1
1.6.43227.8.2.1.3.1.2.2.12
1.6.43279.8.2.1.13
1.6.43319.8.2.1.2
1.6.43322.8.2.1
1.6.43329.8.2.1.8.1.1.6
1.6.43344.8.2.1.8.3.8.4
1.6.43433.8.2.1.4
1.6.43496.8.2.1.3.1.8
1.6.43773.8.2.1
1.6.43781.8.2.1.5.2.6.8.18
1.6.43832.8.2.1.7
1.6.44076.8.2.1
1.6.44114.8.2.1.1
1.6.44119.8.2.1.9.6.22.1.8
1.6.44120.8.2.1.1.1.26.3
1.6.44168.8.2.1.3.1
1.6.44267.8.2.1
1.6.44330.8.2.1.2.2.7
1.6.44548.8.2.1.5.2
1.6.44638.8.2.1.13.2.11
1.6.44655.8.2.1.4.3
1.6.44690.8.2.1.11.7.17.2.33
1.6.44702.8.2.1.34.1.2
1.6.44801.8.2.1.9.6.10
1.6.44850.8.2.1
1.6.45056.8.2.1.1
1.6.45207.8.2.1.4.1
1.6.45419.8.2.1.15.3.24.1
1.6.45539.8.2.1.5.4.10.3
1.6.45750.8.2.1
1.6.45770.8.2.1.4.1.3.3
1.6.45787.8.2.1.7
1.6.45819.8.2.1.2
1.6.45899.8.2.1
1.6.45946.8.2.1.2.2.12.1.93
1.6.46080.8.2.1.10.1.2.1.18
1.6.46157.8.2.1
1.6.46182.8.2.1.3.3
1.6.46311.8.2.1.21.6
1.6.46332.8.2.1.14.7
1.6.46484.8.2.1
1.6.46596.8.2.1.7
1.6.46697.8.2.1.10
1.6.46839.8.2.1.3.1.3
1.6.46881.8.2.1.16.4.6.2
1.6.47008.8.2.1.20
1.6.47022.8.2.1.2.1.6.1
1.6.47036.8.2.1.1.1.35.2.31
1.6.47072.8.2.1.8.2.3.2
1.6.47624.8.2.1.7.1.3.3.12.23
1.6.47673.8.2.1.21.7.14.7
1.6.47882.8.2.1.11.5.21
1.6.47971.8.2.1
1.6.48120.8.2.1.2.2
1.6.48351.8.2.1.10.1.3.3.8
1.6.48461.8.2.1.6
1.6.48526.8.2.1.13.3.19
1.6.48562.8.2.1.8.1.18
1.6.48700.8.2.1.1.1
1.6.48710.8.2.1
1.6.48921.8.2.1.2.1
1.6.48947.8.2.1.18.3.9
1.6.48994.8.2.1
1.6.49045.8.2.1
1.6.49058.8.2.1.8
1.6.49095.8.2.1.2.2.4
1.6.49149.8.2.1.3.3.27
1.6.49234.8.2.1
1.6.49285.8.2.1.3.1
1.6.49438.8.2.1.2.2.3
1.6.49497.8.2.1
1.6.49548.8.2.1.3.7
1.6.49602.8.2.1.10.2.3
1.6.49641.8.2.1.6.5
1.6.49958.8.2.1.56.7.46
1.6.50196.8.2.1.33.4.5
1.6.50304.8.2.1.17.6
1.6.50304.8.2.1.19.1.1
1.6.50435.8.2.1.22.5.11.1.2
1.6.50581.8.2.1.8
1.6.50727.8.2.1.27
1.6.50862.8.2.1.12.1.1
1.6.51007.8.2.1.37.3.32.5
1.6.51053.8.2.1.5.2.1
1.6.51313.8.2.1.1.1
1.6.51341.8.2.1.3.1.2.2.12
1.6.51387.8.2.1.8.2.8
1.6.51398.8.2.1.33.2.7.1.16
1.6.51419.8.2.1.2
1.6.51422.8.2.1
1.6.51429.8.2.1.8.1.1.6
1.6.51609.8.2.1.32.1.1.1.13
1.6.52004.8.2.1.2.2
1.6.52170.8.2.1
1.6.52208.8.2.1.1
1.6.52215.8.2.1.16.4.14
1.6.52222.8.2.1
1.6.52236.8.2.1.67.1
1.6.52260.8.2.1.3.1
1.6.52359.8.2.1
1.6.52422.8.2.1.2.2.7
1.6.52490.8.2.1.1.2.25.1
1.6.52511.8.2.1.27.9.21.1
1.6.52562.8.2.1.14.2
1.6.52652.8.2.1.5.2
1.6.52746.8.2.1.7.3.11.4.4
1.6.52768.8.2.1.11.7.17.2.39
1.6.52780.8.2.1.35.1.2
1.6.52935.8.2.1
1.6.53117.8.2.1.1.1.8.6
1.6.53270.8.2.1.4.1
1.6.53307.8.2.1.5.3
1.6.53494.8.2.1.15.1
1.6.53630.8.2.1.5.4.10.3
1.6.53891.8.2.1
1.6.53911.8.2.1.4.1.3.3
1.6.53928.8.2.1.7
1.6.53960.8.2.1.2
1.6.54082.8.2.1.2.2.12.1.80
1.6.54240.8.2.1.2.1.5
1.6.54463.8.2.1.21.6
1.6.54619.8.2.1
1.6.54715.8.2.1.7.5.11.2
1.6.54739.8.2.1.6.3.6
1.6.54829.8.2.1.21.3.7
1.6.54974.8.2.1.3.1.3
1.6.55023.8.2.1.25.4.6.2
1.6.55029.8.2.1
1.6.55031.8.2.1
1.6.55150.8.2.1.5.3.6.2.6
1.6.55152.8.2.1
1.6.55180.8.2.1.13
1.6.55218.8.2.1.8.2.3.2
1.6.55696.8.2.1.4.2.7.1.6
1.6.55767.8.2.1.18.1.11.6.44.8
1.6.56053.8.2.1.23
1.6.56503.8.2.1.10.1.3.3.8
1.6.56583.8.2.1.13.4.3.1
1.6.56601.8.2.1.18.5.8.2
1.6.56626.8.2.1.5.2.8
1.6.56631.8.2.1.4.1.1
1.6.56631.8.2.1.5.2
1.6.56690.8.2.1.4.1.3.2.2
1.6.56725.8.2.1.8.1.18
1.6.56841.8.2.1.8.4.7.1
1.6.56855.8.2.1.1.1
1.6.56865.8.2.1
1.6.57008.8.2.1.2.1.3.1.5
1.6.57087.8.2.1
1.6.57096.8.2.1.2.2.15.3.4
1.6.57157.8.2.1.18.3.9
1.6.57204.8.2.1
1.6.57213.8.2.1.1.1
1.6.57252.8.2.1
1.6.57265.8.2.1.8
1.6.57309.8.2.1.4.5.10
1.6.57376.8.2.1.9.5
1.6.57454.8.2.1
1.6.57510.8.2.1.3.1
1.6.57647.8.2.1.2.2.3
1.6.57707.8.2.1
1.6.57758.8.2.1.3.7
1.6.57812.8.2.1.10.2.3
1.6.57928.8.2.1.21.2.3.5
1.6.58178.8.2.1.18.1.4
