1.1.1.250.13.2.10.3
1.1.1.313.5.1.4.1.7.10
1.1.1.329.9.1.4.5.1
1.1.1.467.5.1
1.1.1.620.17.2.9.8.23
1.1.1.633.5.1.3.3.13.3
1.1.1.648.5.1.14.2
1.1.1.691.9.1.12.3
1.1.1.763.14.4.17.1
1.1.1.815.23.2.6.11.8
1.1.1.876.16.2.9
1.1.1.1007.29.1.26.12
1.1.1.1123.15.2.6.1.1
1.1.1.1159.14.1.5
1.1.1.1197.5.1
1.1.1.1354.28.1.18.11
1.1.1.1370.10.1.4
1.1.1.1380.13.5.6.1
1.1.1.1444.8.1.4
1.1.1.1557.9.1.25
1.1.1.1678.29.2
1.1.1.1761.32.2.27.1.1.1.1
1.1.1.1793.5.1.1.1.3
1.1.1.1860.32.3.4
1.1.1.1918.5.1
1.1.1.2006.9.3.8
1.1.1.2008.23.2.17.11.17
1.1.1.2085.10.1.4
1.1.1.2087.8.1.5
1.1.1.2192.5.1.9.1.3.3.20
1.1.1.2247.5.1
1.1.1.2303.5.1.10
1.1.1.2338.5.1.8.7
1.1.1.2355.5.1.4.7
1.1.1.2357.5.1.1.5.42.2.36
1.1.1.2426.22.2.30.1.37.2.4
1.1.1.2487.9.1.4
1.1.1.2610.39.3.20.15
1.1.1.2635.14.2
1.1.1.2701.3
1.1.1.2749.11.1.23
1.1.1.2769.11.2.4.1.1
1.1.1.2787.17.2.4
1.1.1.2807.23.1.10
1.1.1.2836.5.1.12.1.1
1.1.1.2859.5.1.3
1.1.1.2965.5.1.4.1
1.1.1.3153.5.1
1.1.1.3194.5.1
1.1.1.3199.13.1.25.2
1.1.1.3240.13.4.16.15.29.2.4
1.1.1.3271.5.1.1.1.14.1
1.1.1.3293.9.2.4
1.1.2.3424.12.1.4.2
1.1.2.3445.26.1.4.1
1.1.2.3563.5.1
1.1.2.3606.5.1.6.6.26
1.1.2.3757.5.1.1.12
1.1.2.3775.23.2.13.8.7
1.1.2.3810.10.2.13.4.13
1.1.2.3830.5.1.3.1.21.6
1.1.2.3911.5.1.2.2.10.2.1
1.1.2.3996.15.2
1.1.2.4027.18.2
1.1.2.4047.17.3.4.11.7
1.1.2.4071.15.2.12.1.18.2.6
1.1.2.4085.15.4.21.15
1.1.2.4088.40.2
1.1.2.4088.45.2.4.6
1.1.2.4152.13
1.1.2.4295.5.1
1.1.2.4323.11.1.5
1.1.2.4370.17.2.8.11
1.1.2.4424.20.2.7.2.10
1.1.2.4530.5.1.2.1
1.1.2.4594.5.1.3.1.2.2.32
1.1.2.4602.9.2.8
1.1.2.4607.6
1.1.2.4693.26.3.17.11.4
1.1.2.4698.3
1.1.2.4714.39.2.22.2.11.3
1.1.2.4738.5.1.1.1.17.3.5
1.1.2.4754.3
1.1.2.4830.74.3.31.11
1.1.2.4970.11.1.5
1.1.2.4972.18.1.4.5
1.1.2.5011.5.1
1.1.2.5031.15.2.5.2.10.1.12
1.1.2.5088.17.2.12
1.1.2.5095.15.2.8.3
1.1.2.5101.14.3.4.11
1.1.2.5111.9.1.16
1.1.2.5180.32.2.13
1.1.2.5186.5.1
1.1.2.5283.13
1.1.2.5328.6
1.1.2.5341.12.1.8.8
1.1.2.5614.13.2.10.3
1.1.2.5655.17.3.4
1.1.2.5658.5.1.1
1.1.2.5665.5.1.9.4.10.2
1.1.2.5688.5.1.1.2.38
1.1.2.5713.5.1.2.8.14.2
1.1.2.5756.42.1
1.1.2.6009.16.3.12.16
1.1.2.6021.5.1.4
1.1.2.6081.9.1.12.3
1.1.2.6158.24.2.17.11
1.1.2.6200.5.1
1.1.2.6259.5.1.6.2.2
1.1.2.6271.29.1.13.10
1.1.2.6281.5.1
1.1.2.6295.5.1
1.1.2.6399.5.1.13
1.1.2.6515.5.1.12.5.17.1.44
1.1.2.6551.14.1.5
1.1.2.6589.5.1
1.1.2.6727.16.1.4
1.1.2.6737.9.1.7.6
1.1.2.6760.22.2.16.12
1.1.2.6765.16.4.18.1.2.1
1.1.2.6833.9.1.4
1.1.2.6882.34.2.22.2.12.1
1.1.2.6926.9.1.25
1.1.2.7046.29.2
1.1.2.7073.5.1
1.1.2.7145.32.2.27.1.1.1.1
1.1.2.7177.5.1.1.1.3
1.1.2.7244.32.3.4
1.1.2.7288.17.2.6.8
1.1.2.7291.21.1.10
1.1.2.7393.9.3.8
1.1.2.7395.23.2.17.11.17
1.1.2.7456.10.2.24
1.1.2.7472.10.1.4
1.1.2.7474.8.1.5
1.1.2.7491.5.1.17.1
1.1.2.7580.5.1.9.1.3.3.20
1.1.2.7639.20
1.1.2.7747.5.1.55
1.1.2.7826.22.2.30.1.43.2.7
1.1.2.7868.8.1.4.2
1.1.2.7884.9.1.4
1.1.2.8008.39.3.20.15
1.1.2.8104.3
1.1.2.8160.20.6.12.9.4
1.1.2.8199.23.1.10
1.1.2.8228.5.1.12.1.1
1.1.2.8251.5.1.3
1.1.2.8359.5.1.4.1
1.1.2.8547.5.1
1.1.2.8638.8.2.4.1
1.1.2.8738.16.2.14
1.1.2.8809.5.1.4.13.22.3.48
1.1.2.8823.12.1.4.2
1.1.2.8844.26.1.4.1
1.1.2.8892.9.1.12.4
1.1.2.8969.5.1
1.1.2.9012.5.1.6.6.26
1.1.2.9123.15.3.12.18.23.1.1.1
1.1.2.9147.46.2.18.14
1.1.2.9180.5.1.1.15
1.1.2.9198.23.2.13.8.7
1.1.2.9253.5.1.3.1.51.7
1.1.2.9325.17.1.6
1.1.2.9334.5.1.2
1.1.2.9347.38.4.14.1.4.1
1.1.2.9381.5.1.3.12.24.5
1.1.2.9420.15.2
1.1.2.9488.17.3.4.11.8
1.1.2.9520.15.4.21.15
1.1.2.9523.40.2
1.1.2.9523.45.2.4.6
1.1.2.9587.13
1.1.2.9656.5.1
1.1.2.9782.5.1
1.1.2.9856.21.2.5.25.24
1.1.2.9938.5.1
1.1.2.9979.5.1.2.1
1.1.2.10041.5.1.3.1.2.2.32
1.1.2.10049.9.2.8
1.1.2.10054.6
1.1.2.10077.9.1.4
1.1.2.10211.5.1.13.9.13.2.22
1.1.2.10226.3
1.1.2.10304.74.3.31.11
1.1.2.10388.6
1.1.2.10459.13.1.5
1.1.2.10511.15.2.5.4.3
1.1.2.10577.16.2
1.1.2.10586.14.3.4.11
1.1.2.10596.9.1.16
1.1.2.10660.32.2.13
1.1.2.10759.13
1.1.2.10827.5.1.4.3
1.1.2.11114.17.1.15.22
1.1.2.11135.5.1.1.1
1.1.2.11138.8.1.5
1.1.2.11155.5.1.1
1.1.2.11162.5.1.9.4.10.2
1.1.2.11185.5.1.4.1.7.10
1.1.2.11201.9.1.4.5.1
1.1.2.11348.5.1
1.1.2.11506.17.2.9.8.26
1.1.2.11519.5.1.3.3.13.3
1.1.2.11534.5.1.14.2
1.1.2.11577.9.1.12.3
1.1.2.11736.47.2.14.2.7
1.1.2.11748.29.1.13.10
1.1.2.11758.5.1
1.1.2.11790.5.1.9.4
1.1.2.11850.29.1.26.12
1.1.2.11931.20
1.1.2.12004.14.1.5
1.1.2.12041.5.1
1.1.2.12180.16.1.4
1.1.2.12193.28.1.18.11
1.1.2.12209.10.1.4
1.1.2.12212.31.2.4.2
1.1.2.12252.14
1.1.2.12286.9.1.4
1.1.2.12387.9.1.25
1.1.2.12507.29.2
1.1.2.12545.5.1.1.8
1.1.2.12594.32.2.27.1.1.1.1
1.1.2.12626.5.1.1.1.3
1.1.2.12691.32.3.4
1.1.2.12768.5.1
1.1.2.12833.5.1.3.2
1.1.2.12834.5.1
1.1.2.12835.22.2.9.1
1.1.2.12837.50.1.12.12
1.1.2.12903.5.1.3.3.21.8
1.1.2.12911.5.1.17.1
1.1.2.13054.5.1
1.1.2.13159.5.1.25.1.9
1.1.2.13177.15.2.50.1.7.1
1.1.2.13210.16.3.9.4
1.1.2.13240.22.2.30.1.26.2.5
1.1.2.13307.9.1.4
1.1.2.13481.3
1.1.2.13530.11.1.23
1.1.2.13549.22.2.5.4.5.3
1.1.2.13586.3
1.1.2.13616.5.1.12.1.1
1.1.2.13639.5.1.3
1.1.2.13945.5.1
1.1.2.13995.12.4.20
1.1.2.14042.5.1.2.7.21.4.14
1.1.2.14200.8.2.4.15
1.1.2.14209.5.1.2.1.7
1.1.2.14232.13.2.10.1.5
1.1.2.14277.9.1.12.4
1.1.2.14352.5.1
1.1.2.14397.8.1.9.1
1.1.2.14485.5.1
1.1.2.14575.5.1.1.18
1.1.2.14594.5.1.2
1.1.2.14627.10.2.13.4.12
1.1.2.14647.5.1.3.1.21.6
1.1.2.14713.15.2.6
1.1.2.14716.15.1.8
1.1.2.14750.5.1.3.13.37.7
1.1.2.14789.15.2
1.1.2.14858.17.3.4.11.8
1.1.2.14892.5.1.6.1.23.1.2
1.1.2.14896.5.1.7
1.1.2.14962.13
1.1.2.15037.5.1
1.1.2.15106.5.1
1.1.2.15164.5.1
1.1.2.15221.13.3.17.20.10.1
1.1.2.15238.21.2.5.25.25
1.1.3.15322.5.1
1.1.3.15355.5.1.2.1
1.1.3.15418.17.1.9.8
1.1.3.15434.6
1.1.3.15434.17.1.8
1.1.3.15459.9.1.4
1.1.3.15590.5.1.13.9.13.2.22
1.1.3.15605.3
1.1.3.15714.21.1.9.4
1.1.3.15715.26.2.10.6.14
1.1.3.15808.44.2.22.11
1.1.3.15859.5.1.2.2.37.1
1.1.3.15950.16.2
1.1.3.15959.14.3.4.11
1.1.3.15969.9.1.16
1.1.3.16027.32.2.13
1.1.3.16113.13
1.1.3.16162.6
1.1.3.16175.12.1.8.8
1.1.3.16457.5.1.2.15.52
1.1.3.16474.5.1
1.1.3.16496.5.1.2.2.8.6
1.1.3.16522.5.1.4.1.7.10
1.1.3.16538.9.1.4.5.1
1.1.3.16552.5.1.6.9.3
1.1.3.16742.3
1.1.3.16829.17.2.9.8.23
1.1.3.16842.5.1.3.3.13.3
1.1.3.16871.29.1.8
1.1.3.16905.35.1.20.32
1.1.3.16976.14.4.17.1
1.1.3.17019.5.1
1.1.3.17080.16.2.9
1.1.3.17204.5.1.13
1.1.3.17249.5.1.3.1
1.1.3.17274.20
1.1.3.17289.9.1.6
1.1.3.17304.5.1.12.5.17.1.52
1.1.3.17340.14.1.5
1.1.3.17378.5.1
1.1.3.17534.28.1.18.11
1.1.3.17557.10.2.4.2
1.1.3.17631.8.1.4
1.1.3.17750.9.1.25
1.1.3.17950.32.2.27.1.1.1.1
1.1.3.17982.5.1.1.1.3
1.1.3.18049.32.3.4
1.1.3.18213.9.3.8
1.1.3.18215.23.2.17.11.17
1.1.3.18266.5.1.18.1
1.1.3.18288.5.1.3.2.3.1
1.1.3.18311.5.1.17.1
1.1.3.18400.5.1.9.1.3.3.20
1.1.3.18455.5.1
1.1.3.18511.5.1.10
1.1.3.18564.5.1.55
1.1.3.18643.22.2.30.1.43.2.7
1.1.3.18681.23.2.21
1.1.3.18899.3
1.1.3.18962.13.2.8.9
1.1.3.19005.3
1.1.3.19035.5.1.12.1.1
1.1.3.19058.5.1.3
1.1.3.19350.5.1
1.1.3.19399.5.1.2.3
1.1.3.19403.5.1.1.5.16
1.1.3.19468.5.1.2.2.5.4.14
1.1.3.19515.9.2.4
1.1.3.19593.19.2
1.1.3.19639.8.2.4.15
1.1.3.19648.5.1.2.1.7
1.1.3.19671.13.2.10.1.5
1.1.3.19715.37.2.6.1.8
1.1.3.19798.5.1
1.1.3.19841.5.1.6.6.26
1.1.3.20005.5.1.1.9
1.1.3.20023.23.2.13.8.7
1.1.3.20078.5.1.3.1.51.7
1.1.3.20145.5.1.1.4.16
1.1.3.20149.5.1.2.2.5.2.6
1.1.3.20180.5.1.3.12.12.8
1.1.3.20229.14.2
1.1.3.20289.17.3.4.11.8
1.1.3.20313.17.1.6.7
1.1.3.20333.5.1.2
1.1.3.20489.5.1
1.1.3.20571.5.1
1.1.3.20636.17.2.8.11
1.1.3.20687.20.2.7.2.10
1.1.3.20782.5.1
1.1.3.20823.5.1.2.1
1.1.3.20885.5.1.3.1.2.2.32
1.1.3.20893.9.2.8
1.1.3.20898.6
1.1.3.20964.13.2.4
1.1.3.21067.5.1.4.2
1.1.3.21233.5.1.2.1
1.1.3.21353.5.1.12
1.1.3.21423.9.1.7.3
1.1.3.21497.32.2.13
1.1.3.21647.5.1.4.3
1.1.3.21924.15.2.6
1.1.3.21947.8.1.5
1.1.3.21987.5.1.4.1.7.10
1.1.3.22004.5.1.2.1.2.1.56.8
1.1.3.22047.42.1
1.1.3.22306.17.2.9.8.23
1.1.3.22319.5.1.3.3.13.3
1.1.3.22334.5.1.14.2
1.1.3.22377.5.1.2.1.2
1.1.3.22449.14.4.17.1
1.1.3.22553.19.3.8.23
1.1.3.22565.16.3
1.1.3.22670.29.1.26.12
1.1.3.22776.5.1.25.1.2.1
1.1.3.22852.14.1.5
1.1.3.22893.5.1
1.1.3.22958.5.1.14
1.1.3.23053.28.1.18.11
1.1.3.23069.10.1.4
1.1.3.23074.5.1.2.13.6
1.1.3.23145.8.1.4
1.1.3.23263.9.1.25
1.1.3.23387.5.1
1.1.3.23554.32.3.4
1.1.3.23701.5.1.3.2
1.1.3.23702.5.1
1.1.3.23703.22.2.9.1
1.1.3.23705.50.1.12.12
1.1.3.23777.10.1.4
1.1.3.23779.8.1.5
1.1.3.23796.5.1.17.1
1.1.3.23884.18.3
1.1.3.23936.5.1
1.1.3.23992.5.1.10
1.1.3.24027.5.1.8.7
1.1.3.24044.5.1.4.7
1.1.3.24046.5.1.1.5.42.2.36
1.1.3.24115.22.2.30.1.37.2.4
1.1.3.24157.8.1.4.2
1.1.3.24178.5.1
1.1.3.24284.5.1
1.1.3.24351.31.2
1.1.3.24380.3
1.1.3.24421.10.1.9
1.1.3.24428.11.1.33
1.1.3.24449.13.2.8.11.41.7
1.1.3.24484.3
1.1.3.24513.5.1.12.1.1
1.1.3.24536.5.1.3
1.1.3.24643.5.1.4.1
1.1.3.24830.5.1.3.1.49.3
1.1.3.24919.13.4.16.15.21.2.4
1.1.3.25103.12.1.4.2
1.1.3.25124.26.1.4.1
1.1.3.25168.9.1.12.4
1.1.3.25252.5.1
1.1.3.25295.5.1.6.6.26
1.1.3.25455.5.1.1.9
1.1.3.25472.23.2.13.8.7
1.1.3.25527.5.1.3.1.51.7
1.1.3.25593.5.1.2
1.1.3.25606.38.4.14.1.4.1
1.1.3.25634.5.1.3.12.8.3
1.1.3.25683.14.2
1.1.3.25743.17.3.4.11.8
1.1.3.25775.15.4.21.15
1.1.3.25778.40.2
1.1.3.25778.45.2.4.6
1.1.3.25845.13
1.1.3.25917.5.1.2.1.2.4
1.1.3.25961.5.1
1.1.3.25985.5.1
1.1.3.26054.17.2.8.11
1.1.3.26184.5.1
1.1.3.26225.5.1.2.1
1.1.3.26288.17.1.9.8
1.1.3.26304.6
1.1.3.26304.17.1.8
1.1.3.26307.5.1
1.1.3.26322.9.1.4
1.1.3.26327.43.2.18.5
1.1.3.26380.8.1.5.8
1.1.3.26402.5.1.3.2.6.1
1.1.3.26406.19.2.6.3
1.1.3.26464.5.1.13.9.13.2.22
1.1.3.26479.3
1.1.3.26588.21.1.9.4
1.1.3.26589.26.2.10.6.14
1.1.3.26757.25.5.6.1.14.15
1.1.3.26812.17.2.12
1.1.3.26819.15.2.8.3
1.1.3.26825.14.3.4.11
1.1.3.26835.9.1.16
1.1.3.27052.5.1.4.3
1.1.3.27087.14.3.7.2.18.1
1.1.3.27335.17.1.15.22
1.1.3.27372.5.1.10.1
1.1.3.27383.23.2.24.3.9
1.1.3.27404.5.1.1.2.23
1.1.3.27429.5.1.2.8.14.2
1.1.3.27472.42.1
1.1.3.27746.17.2.9.8.26
1.1.3.27756.5.1.3.3.45.3
1.1.3.27771.5.1.14.2
1.1.3.27814.9.1.12.3
1.1.3.27902.5.1
1.1.3.27993.16.2.9
1.1.3.28205.5.1.25.1.2.1
1.1.3.28272.14.1.5
1.1.3.28310.5.1
1.1.3.28456.16.1.4
1.1.3.28466.9.1.7.6
1.1.3.28489.22.2.16.11
1.1.3.28494.16.4.18.1.2.1
1.1.4.6.5.1
1.1.4.33.6
1.1.4.56.8.1.4
1.1.4.177.9.1.25
1.1.4.294.29.2
1.1.4.321.5.1
1.1.4.375.5.1
1.1.4.382.9.1.16
1.1.4.412.5.1.1.1.3
1.1.4.477.32.3.4
1.1.4.521.17.2.6.8
1.1.4.626.5.1.3.2
1.1.4.627.5.1
1.1.4.628.22.2.9.1
1.1.4.630.50.1.12.12
1.1.4.699.10.1.4
1.1.4.701.8.1.5
1.1.4.720.17.2.7.2
1.1.4.849.5.1
1.1.4.905.5.1.10
1.1.4.940.5.1.8.7
1.1.4.957.5.1.4.7
1.1.4.959.5.1.1.5.42.2.36
1.1.4.1028.22.2.30.1.37.2.4
1.1.4.1097.5.1
1.1.4.1218.39.3.20.15
1.1.4.1328.13.2.15.1
1.1.4.1356.14.2
1.1.4.1365.5.1
1.1.4.1383.13.2.8.11.21.7
1.1.4.1420.23.1.10
1.1.4.1450.5.1.12.1.1
1.1.4.1473.5.1.3
1.1.4.1585.5.1.4.1
1.1.4.1777.5.1
1.1.4.1864.8.2.4.1
1.1.4.2051.12.1.4.2
1.1.4.2072.26.1.4.1
1.1.4.2116.9.1.12.4
1.1.4.2190.5.1
1.1.4.2396.5.1.1.18
1.1.4.2406.25.2.7.5.6.9
1.1.4.2414.5.1.2
1.1.4.2447.10.2.13.4.12
1.1.4.2467.5.1.10.1.2.1
1.1.4.2541.5.1.1.4.16
1.1.4.2545.5.1.2.2.5.2.6
1.1.4.2591.5.1.3.12.24.5
1.1.4.2637.15.2
1.1.4.2703.17.3.4.11.8
1.1.4.2727.15.2.12.1.18.2.6
1.1.4.2743.5.1.6.1.15.1.12
1.1.4.2747.5.1.7
1.1.4.2902.5.1
1.1.4.2945.9.1.4
1.1.4.2974.5.1
1.1.4.3043.17.2.8.11
1.1.4.3190.5.1.2.1
1.1.4.3254.5.1.3.1.2.2.32
1.1.4.3260.5.1.3.1.1
1.1.4.3286.9.1.4
1.1.4.3426.17.3.19
1.1.4.3435.3
1.1.4.3541.21.1.9.4
1.1.4.3542.26.2.10.6.14
1.1.4.3606.5.1.2.1
1.1.4.3726.5.1.3.2.7
1.1.4.3798.11.2.13.10
1.1.4.3808.9.1.16
1.1.4.3972.13
1.1.4.4029.5.1.4.3
1.1.4.4279.38.1.8
1.1.4.4310.17.1.15.22
1.1.4.4331.5.1.1.1
1.1.4.4334.8.1.5
1.1.4.4374.5.1.1.2.23
1.1.4.4399.5.1.2.8.14.2
1.1.4.4569.5.1
1.1.4.4724.9.2.38
1.1.4.4783.5.1.2.1.2
1.1.4.4855.14.4.17.1
1.1.4.4935.5.1.9.3.4
1.1.4.4947.29.1.13.10
1.1.4.4957.5.1
1.1.4.4971.5.1
1.1.4.5179.5.1.12.5.17.1.44
1.1.4.5224.14.1.5
1.1.4.5268.5.1
1.1.4.5331.5.1.14
1.1.4.5388.5.1.3.3
1.1.4.5416.16.1.4
1.1.4.5429.28.1.18.11
1.1.4.5445.10.1.4
1.1.4.5455.13.5.6.1
1.1.4.5530.9.1.4
1.1.4.5610.5.1.12
1.1.4.5629.9.1.25
1.1.4.5693.5.1.2
1.1.4.5767.29.2
1.1.4.5794.5.1
1.1.4.5813.5.1.1.8
1.1.4.5860.32.2.27.1.1.1.1
1.1.4.5892.5.1.1.1.3
1.1.4.5952.32.3.4
1.1.4.6010.5.1
1.1.4.6098.9.3.8
1.1.4.6100.23.2.17.11.17
1.1.4.6167.10.1.4
1.1.4.6169.8.1.5
1.1.4.6188.17.2.7.2
1.1.4.6290.3
1.1.4.6409.5.1.25.1.9
1.1.4.6427.15.2.50.1.7.1
1.1.4.6487.22.2.30.1.37.2.4
1.1.4.6531.5.1.7.3.20
1.1.4.6673.39.3.20.15
1.1.4.6721.5.1.1.10
1.1.4.6759.3
1.1.4.6775.17.1.5
1.1.4.6823.13.2.8.9
1.1.4.6850.5.1
1.1.4.6874.23.1.10
1.1.4.6903.5.1.12.1.1
1.1.4.7023.5.1.4.1
1.1.4.7217.5.1
1.1.4.7302.5.1.4.3.31
1.1.4.7459.5.1.4.13.22.3.59
1.1.4.7473.12.1.4.2
1.1.4.7494.26.1.4.1
1.1.4.7537.37.2.6.1.8
1.1.4.7595.15.2.8.6
1.1.4.7644.8.1.9.1
1.1.4.7811.10.2.8
1.1.4.7817.17.2.10.5
1.1.4.7850.10.2.13.4.13
1.1.4.7870.5.1.3.1.21.6
1.1.4.7935.11.1.4
1.1.4.7955.38.4.14.1.4.1
1.1.4.7993.5.1.2.2
1.1.4.8085.18.2
1.1.4.8105.17.3.4.11.7
1.1.4.8123.17.1.6.8
1.1.4.8143.5.1.2
1.1.4.8211.13
1.1.4.8281.5.1
1.1.4.8324.9.1.4
1.1.4.8418.5.1
1.1.4.8492.5.1.2
1.1.4.8599.5.1.2.1
1.1.4.8662.17.1.9.8
1.1.4.8669.14.3.22
1.1.4.8674.6
1.1.4.8674.17.1.8
1.1.4.8747.13.2.4
1.1.4.8767.5.1.2.1
1.1.4.8798.66.1.8
1.1.4.8838.5.1.4.2
1.1.4.9080.13.1.5
1.1.4.9109.5.1
1.1.4.9129.5.1.6
1.1.4.9192.17.2.12
1.1.4.9199.15.2.8.3
1.1.4.9205.14.3.4.11
1.1.4.9215.9.1.16
1.1.4.9284.32.2.13
1.1.4.9376.13
1.1.4.9424.6
1.1.4.9438.5.1.4.3
1.1.4.9475.5.1.1.1.3.1
1.1.4.9709.13.2.10.3
1.1.4.9752.23.2.24.3.9
1.1.4.9773.5.1.4.1.7.10
1.1.4.9790.5.1.2.1.2.1.77.22
1.1.4.9833.42.1
1.1.4.10081.17.2.9.8.23
1.1.4.10094.5.1.3.3.13.3
1.1.4.10109.5.1.14.2
1.1.4.10151.35.1.20.32
1.1.4.10222.14.4.17.1
1.1.4.10303.5.1.9.3.4
1.1.4.10315.29.1.13.10
1.1.4.10325.5.1
1.1.4.10357.5.1.9.4
1.1.4.10411.29.1.26.12
1.1.4.10507.5.1.25.1.2.1
1.1.4.10528.5.1.12.5.17.1.25
1.1.4.10573.14.1.5
1.1.4.10619.5.1
1.1.4.10774.28.1.18.11
1.1.4.10790.10.1.4
1.1.4.10874.9.1.4
1.1.4.10902.13.2
1.1.4.10935.34.2.22.2.12.14
1.1.4.10982.9.1.25
1.1.4.11145.5.1.1.8
1.1.4.11238.5.1.1.1.3
1.1.4.11298.32.3.4
1.1.4.11342.17.2.6.8
1.1.4.11345.21.1.10
1.1.4.11454.9.3.8
1.1.4.11456.23.2.17.11.17
1.1.4.11516.10.2.24
1.1.4.11532.10.1.4
1.1.4.11534.8.1.5
1.1.4.11553.17.2.7.2
1.1.4.11632.5.1.9.1.3.3.20
1.1.4.11687.5.1
1.1.4.11743.5.1.10
1.1.4.11778.5.1.8.7
1.1.4.11795.5.1.4.7
1.1.4.11797.5.1.1.5.42.2.36
1.1.4.11873.40.1.4
1.1.4.11929.5.1
1.1.4.12024.5.1
1.1.4.12066.14.2
1.1.4.12076.5.1.4.2.5.1
1.1.4.12088.5.1
1.1.4.12164.14.2
1.1.4.12173.5.1
1.1.4.12187.35.6.12.9.11
1.1.4.12224.3
1.1.4.12254.5.1.12.1.1
1.1.4.12277.5.1.3
1.1.4.12329.19.2.11.14.10.3.5
1.1.4.12389.5.1.4.1
1.1.4.12585.5.1.3.1.49.3
1.1.4.12604.5.1.1.1
1.1.4.12621.5.1.2.3
1.1.4.12625.5.1.1.5.10
1.1.4.12670.8.2.4.1
1.1.4.12836.5.1.4.13.22.3.47
1.1.4.12850.12.1.4.2
1.1.4.12871.26.1.4.1
1.1.4.12991.5.1
1.1.4.13034.5.1.6.6.26
1.1.4.13127.15.3.12.18.23.1.1.1
1.1.4.13151.46.2.18.14
1.1.4.13184.5.1.1.15
1.1.4.13201.23.2.13.8.7
1.1.4.13236.10.2.13.4.13
1.1.4.13256.5.1.3.1.21.6
1.1.4.13319.17.1.6
1.1.4.13328.5.1.2
1.1.4.13363.5.1.3.12.12.8
1.1.4.13402.15.2
1.1.4.13432.18.2
1.1.4.13452.17.3.4.11.7
1.1.4.13469.5.1.14
1.1.4.13493.5.1.2
1.1.4.13502.5.1.4
1.1.4.13650.5.1
1.1.4.13729.5.1
1.1.4.13787.5.1
1.1.4.13866.21.2.5.25.24
1.1.4.13948.5.1
1.1.4.13981.5.1.2.1
1.1.4.14045.5.1.3.1.2.2.32
1.1.4.14053.9.2.8
1.1.4.14058.6
1.1.4.14070.9.1.4
1.1.4.14075.43.2.18.5
1.1.4.14140.26.3.17.11.4
1.1.4.14145.3
1.1.4.14209.5.1.1.5.14.4.15
1.1.4.14218.5.1.2.19.32.4
1.1.4.14326.21.1.9.4
1.1.4.14327.26.2.10.6.14
1.1.4.14408.8.2.4.5
1.1.4.14497.5.1.5
1.1.4.14580.5.1.1.1
1.1.4.14749.13
1.1.4.14802.6
1.1.4.14816.5.1.4.3
1.1.4.15102.17.1.15.22
1.1.4.15123.5.1.1.1
1.1.4.15126.8.1.5
1.1.4.15143.5.1.1
1.1.4.15150.5.1.9.4.10.2
1.1.4.15173.5.1.4.1.7.10
1.1.4.15189.9.1.4.5.1
1.1.4.15468.17.2.10.18.14
1.1.4.15481.5.1.3.3.13.3
1.1.4.15496.5.1.14.2
1.1.4.15539.9.1.12.3
1.1.4.15611.14.4.17.1
1.1.4.15723.19.3.8.23
1.1.4.15735.16.3
1.1.4.15764.5.1.9.4
1.1.4.15836.15.2.20.4.50
1.1.4.15915.20
1.1.4.15948.5.1.12.5.17.1.34
1.1.4.15984.14.1.5
1.1.4.16173.45.1.18.11
1.1.4.16196.22.2.16.11
1.1.4.16201.16.4.18.1.2.1
1.1.4.16236.6
1.1.4.16281.5.1.3.1.2.2.34
1.1.4.16356.9.1.25
1.1.4.16515.5.1.1.8
1.1.4.16597.5.1.1.1.3
1.1.4.16656.32.3.4
1.1.4.16812.9.3.8
1.1.4.16814.23.2.17.11.17
1.1.4.16887.10.1.4
1.1.4.16889.8.1.5
1.1.4.16908.17.2.7.2
1.1.4.17130.5.1.25.1.9
1.1.4.17148.15.2.50.1.7.1
1.1.4.17209.22.2.30.1.43.2.7
1.1.4.17388.39.3.20.15
1.1.4.17436.5.1.1.10
1.1.4.17475.3
1.1.4.17537.11.2.4.1.1
1.1.4.17591.23.1.10
1.1.4.17621.5.1.12.1.1
1.1.4.17644.5.1.3
1.1.4.17939.5.1
1.1.4.18033.13.4.16.15.21.2.4
1.1.4.18202.8.2.4.15
1.1.4.18211.5.1.2.1.7
1.1.4.18234.13.2.10.1.5
1.1.4.18279.9.1.12.4
1.1.4.18357.5.1
1.1.4.18400.5.1.6.6.26
1.1.4.18549.5.1.1.12
1.1.4.18566.23.2.13.8.7
1.1.4.18601.10.2.13.4.13
1.1.4.18621.5.1.10.1.2.1
1.1.4.18695.11.1.4
1.1.4.18715.38.4.14.1.4.1
1.1.4.18749.5.1.3.12.24.5
1.1.4.18794.15.2
1.1.4.18821.18.2
1.1.4.18841.17.3.4.11.7
1.1.4.18873.15.4.21.15
1.1.4.18876.40.2
1.1.4.18876.45.2.4.6
1.1.4.18941.13
1.1.4.19025.5.1.2.1.2.4
1.1.4.19046.5.1.1.1
1.1.4.19089.5.1
1.1.4.19147.5.1
1.1.4.19300.5.1
1.1.4.19333.5.1.2.1
1.1.4.19396.17.1.9.8
1.1.4.19412.6
1.1.4.19412.17.1.8
1.1.4.19488.5.1.4
1.1.4.19505.26.3.17.11.4
1.1.4.19510.3
1.1.4.19526.39.2.22.2.11.3
1.1.4.19549.5.1.1.5.7.3.6
1.1.4.19558.5.1.2.19.32.4
1.1.4.19569.5.1.6.43
1.1.4.19646.74.3.31.11
1.1.4.19677.21.1.9.4
1.1.4.19678.26.2.10.6.14
1.1.4.19847.5.1.2.2.37.1
1.1.4.19930.15.1.8
1.1.4.19941.14.3.5
1.1.4.20020.32.2.13
1.1.4.20183.5.1.4.3
1.1.4.20457.15.2.6
1.1.4.20480.8.1.5
1.1.4.20489.5.1.10.1
1.1.4.20522.5.1.4.1.7.10
1.1.4.20543.9.1.23.11.2
1.1.4.20585.42.1
1.1.4.20698.13.1.4.1.13
1.1.4.20843.17.2.9.8.23
1.1.4.20856.5.1.3.3.13.3
1.1.4.20871.5.1.14.2
1.1.4.20916.33.1.4.4
1.1.4.20989.14.4.17.1
1.1.4.21041.23.2.6.11.8
1.1.4.21088.5.1.6.2.2
1.1.4.21100.29.1.13.10
1.1.4.21110.5.1
1.1.4.21142.5.1.9.4
1.1.4.21204.10.3.4.13
1.1.4.21207.12.1.6
1.1.4.21214.5.1
1.1.4.21317.5.1.25.1.2.1
1.1.4.21384.14.1.5
1.1.4.21573.28.1.18.11
1.1.4.21596.10.2.4.2
1.1.4.21676.9.1.4
1.1.4.21701.5.1.1
1.1.4.21725.34.2.22.2.12.1
1.1.4.21748.5.1.12
1.1.4.21767.9.1.25
1.1.4.21831.5.1.2
1.1.4.21933.5.1
1.1.4.21952.5.1.1.8
1.1.4.21999.32.2.27.1.1.1.1
1.1.4.22031.5.1.1.1.3
1.1.4.22091.32.3.4
1.1.4.22141.17.2.6.8
1.1.4.22144.21.1.10
1.1.4.22244.5.1.3.2.18.2
1.1.4.22245.5.1.1.2
1.1.4.22246.8.1.8.3
1.1.4.22323.10.1.4
1.1.4.22325.8.1.5
1.1.4.22432.5.1.9.1.3.3.20
1.1.4.22487.5.1
1.1.4.22521.22.1.16.2
1.1.4.22588.5.1.25.1.9
1.1.4.22606.15.2.50.1.7.1
1.1.4.22639.16.3.9.4
1.1.4.22669.22.2.30.1.26.2.5
1.1.4.22679.5.1.15.3
1.1.4.22709.23.2.21
1.1.4.22852.39.3.20.15
1.1.4.22901.9.1.10
1.1.4.22979.14.2
1.1.4.22988.5.1
1.1.4.23005.13.2.8.9
1.1.4.23050.23.1.10
1.1.4.23080.5.1.12.1.1
1.1.4.23103.5.1.3
1.1.4.23204.5.1.4.1
1.1.4.23380.5.1
1.1.4.23471.8.2.4.1
1.1.4.23571.16.2.14
1.1.4.23646.8.2.4.15
1.1.4.23655.5.1.2.1.7
1.1.4.23678.13.2.10.1.5
1.1.4.23797.5.1
1.1.4.23840.5.1.6.6.26
1.1.4.23930.15.3.12.18.23.1.1.1
1.1.4.23954.46.2.18.14
1.1.4.23997.10.2.8
1.1.4.24003.17.2.10.5
1.1.4.24056.5.1.3.1.65.7
1.1.4.24123.5.1.1.4.16
1.1.4.24127.5.1.2.2.5.2.6
1.1.4.24158.5.1.3.12.12.8
1.1.4.24207.14.2
1.1.4.24267.17.3.4.11.8
1.1.4.24285.17.1.6.8
1.1.4.24305.5.1.2
1.1.4.24457.5.1.2.1.2.4
1.1.4.24501.9.1.4
1.1.4.24578.5.1
1.1.4.24652.5.1.2
1.1.4.24754.5.1
1.1.4.24795.5.1.2.1
1.1.4.24858.17.1.9.8
1.1.4.24865.14.3.22
1.1.4.24870.6
1.1.4.24870.17.1.8
1.1.4.24945.13.2.4
1.1.4.24965.5.1.2.1
1.1.4.25034.17.3.19
1.1.4.25043.3
1.1.4.25280.13.1.5
1.1.4.25303.5.1.2.2.37.1
1.1.4.25329.5.1.1
1.1.4.25406.9.1.7.3
1.1.4.25471.32.2.13
1.1.4.25580.10.1.6.20.4
1.1.4.25635.12.1.8.7
1.1.4.25909.17.1.15.22
1.1.4.25930.5.1.1.1
1.1.4.25933.8.1.5
1.1.4.25950.5.1.1
1.1.4.25957.5.1.9.4.10.2
1.1.4.25980.5.1.1.2.38
1.1.4.26007.9.1.4.5.3
1.1.4.26049.42.1
1.1.4.26154.5.1
1.1.4.26323.17.2.9.8.26
1.1.4.26333.5.1.3.3.45.3
1.1.4.26393.14.3.21.17.8.1.27
1.1.4.26467.14.4.17.1
1.1.4.26532.10.3.4
1.1.4.26541.15.2.5
1.1.4.26583.16.2.9
1.1.4.26852.14.1.5
1.1.4.26896.5.1
1.1.4.26959.5.1.14
1.1.4.27040.16.1.4
1.1.4.27050.9.1.7.6
1.1.4.27073.10.2.4.2
1.1.4.27157.9.1.4
1.1.4.27265.9.1.25
1.1.4.27326.5.1.2
1.1.4.27369.3
1.1.4.27396.29.2
1.1.4.27423.5.1
1.1.4.27495.32.2.27.1.1.1.1
1.1.4.27527.5.1.1.1.3
1.1.4.27587.32.3.4
1.1.4.27637.17.2.6.8
1.1.4.27640.21.1.10
1.1.4.27749.9.3.8
1.1.4.27751.23.2.17.11.17
1.1.4.27812.10.2.24
1.1.4.27828.10.1.4
1.1.4.27830.8.1.5
1.1.4.27847.5.1.17.1
1.1.4.28076.5.1.25.1.9
1.1.4.28094.15.2.50.1.7.1
1.1.4.28155.22.2.30.1.43.2.7
1.1.4.28271.5.1.4.8.6.7
1.1.4.28319.39.3.20.15
1.1.4.28413.3
1.1.4.28461.11.1.23
1.1.4.28480.22.2.5.4.5.3
1.1.4.28517.3
1.1.4.28547.5.1.12.1.1
1.1.4.28570.5.1.3
1.1.4.28673.5.1.4.1
1.1.4.28866.5.1.3.1.49.3
1.1.4.28915.5.1
1.1.4.28953.13.4.16.15.29.2.4
1.1.4.28984.5.1.1.1.14.1
1.1.4.29038.16.2.14
1.1.4.29064.19.2
1.1.4.29130.12.1.4.2
1.1.4.29151.26.1.4.1
1.1.4.29252.15.2.8.6
1.1.4.29299.8.1.9.1
1.1.4.29475.5.1.1.15
1.1.4.29493.23.2.13.8.7
1.1.4.29528.10.2.13.4.13
1.1.4.29548.5.1.3.1.21.6
1.1.4.29612.11.1.4
1.1.4.29632.38.4.14.1.4.1
1.1.4.29660.5.1.3.13.8.3
1.1.4.29705.15.2
1.1.4.29734.18.2
1.1.4.29754.17.3.4.11.7
1.1.4.29778.15.2.12.1.18.2.6
1.1.4.29792.15.4.21.15
1.1.4.29795.40.2
1.1.4.29795.45.2.4.6
1.1.4.29863.13
1.1.4.29937.5.1.2.1.2.4
1.1.4.29986.10.1.7
1.1.4.29986.10.2.4
1.1.4.30016.5.1
1.1.4.30078.5.1
1.1.4.30135.13.3.17.20.10.1
1.1.4.30152.21.2.5.25.25
1.1.4.30238.5.1
1.1.4.30271.5.1.2.1
1.1.4.30333.5.1.3.1.2.2.32
1.1.4.30339.5.1.3.1.1
1.1.4.30365.9.1.4
1.1.4.30370.43.2.18.5
1.1.4.30499.5.1.13.9.13.2.22
1.1.4.30514.3
1.1.4.30590.74.3.31.11
1.1.4.30675.5.1.2.1
1.1.4.30771.5.1.2.2.37.1
1.1.4.30793.21.2.31.10
1.1.4.30870.16.2
1.1.4.30879.14.3.4.11
1.1.4.30889.9.1.16
1.1.4.31049.13
1.1.4.31120.5.1.4.3
1.1.4.31399.17.1.15.22
1.1.4.31419.5.1.4.1.2.1
1.1.4.31438.5.1.2.2.22.5
1.1.4.31464.5.1.4.1.7.10
1.1.4.31480.9.1.4.5.1
1.1.4.31763.16.3.12.18
1.1.4.31775.5.1.4
1.1.4.31837.9.1.12.3
1.1.4.31909.14.4.17.1
1.1.4.32017.8.1.4
1.1.4.32020.10.4.8.3
1.1.4.32133.29.1.26.12
1.1.4.32254.5.1.12.5.17.1.44
1.1.4.32290.14.1.5
1.1.4.32334.5.1
1.1.4.32476.28.1.18.11
1.1.4.32492.10.1.4
1.1.4.32495.10.2.4.2
1.1.4.32583.9.1.4
1.1.4.32632.34.2.22.2.12.1
1.1.4.32654.29.3.7
1.1.4.32675.9.1.25
1.1.4.32721.30.1.23.2
1.1.4.32802.5.1.1.1.1.2
1.1.4.32810.5.1
1.1.4.32829.5.1.1.8
1.1.4.32866.15.1.5.27
1.1.4.32903.5.1.1.1.3
1.1.4.32970.32.3.4
1.1.4.33134.9.3.8
1.1.4.33136.23.2.17.11.17
1.1.4.33191.10.2.24
1.1.4.33207.10.1.4
1.1.4.33209.8.1.5
1.1.4.33228.17.2.7.2
1.1.4.33308.5.1.9.1.3.3.20
1.1.4.33367.20
1.1.4.33428.5.1.10
1.1.4.33463.5.1.8.7
1.1.4.33480.5.1.4.7
1.1.4.33482.5.1.1.5.42.2.36
1.1.4.33724.39.3.20.15
1.1.4.33749.14.2
1.1.4.33759.5.1.4.2.5.1
1.1.4.33809.3
1.1.4.33871.13.2.8.9
1.1.4.33897.5.1
1.1.4.33921.23.1.10
1.1.4.33950.5.1.12.1.1
1.1.4.33973.5.1.3
1.1.4.34082.5.1.4.1
1.1.4.34279.5.1.3.1.28.9
1.1.4.34370.5.1.2.2.5.4.14
1.1.4.34458.16.2.14
1.1.4.34538.8.2.4.15
1.1.4.34547.5.1.2.1.7
1.1.4.34570.13.2.10.1.5
1.1.4.34689.5.1
1.1.4.34732.5.1.6.6.26
1.1.4.34817.5.1
1.1.4.34877.5.1.2.9.10.3
1.1.4.34891.16.6.8
1.1.4.34908.5.1.1.18
1.1.4.34925.14.2.9.2.3
1.1.4.34954.10.2.13.4.12
1.1.4.34974.5.1.3.1.21.6
1.1.4.35038.15.2.6
1.1.4.35041.15.1.8
1.1.4.35075.5.1.3.12.37.7
1.1.4.35124.14.2
1.1.4.35185.17.3.4.11.8
1.1.4.35202.5.1.14
1.1.4.35226.5.1.2
1.1.4.35458.5.1
1.1.4.35516.5.1
1.1.4.35593.21.2.5.25.25
1.1.4.35665.5.1
1.1.4.35706.5.1.2.1
1.1.4.35768.5.1.3.1.2.2.32
1.1.4.35774.5.1.3.1.1
1.1.4.35785.5.1
1.1.4.35864.8.1.5.8
1.1.4.35886.5.1.3.2.6.1
1.1.4.35890.19.2.6.3
1.1.4.35948.5.1.13.9.13.2.22
1.1.4.35963.3
1.1.5.36203.13.1.5
1.1.5.36255.5.1.5
1.1.5.36338.26.1.13.3
1.1.5.36349.9.1.16
1.1.5.36412.32.2.13
1.1.5.36501.13
1.1.5.36549.6
1.1.5.36563.5.1.4.3
1.1.5.36843.15.2.6
1.1.5.36866.8.1.5
1.1.5.36875.5.1.10.1
1.1.5.36908.5.1.1.2.23
1.1.5.36933.5.1.2.8.14.2
1.1.5.37094.5.1
1.1.5.37256.17.2.9.8.26
1.1.5.37269.5.1.3.3.13.3
1.1.5.37284.5.1.14.2
1.1.5.37327.9.1.12.3
1.1.5.37415.5.1
1.1.5.37498.5.1.6.2.2
1.1.5.37510.29.1.13.10
1.1.5.37520.5.1
1.1.5.37552.5.1.9.4
1.1.5.37614.5.1.13
1.1.5.37759.21.1.12
1.1.5.37867.37.1.9.5.11.3.25
1.1.5.37964.28.1.18.11
1.1.5.37980.10.1.4
1.1.5.38069.9.1.4
1.1.5.38170.9.1.25
1.1.5.38306.5.1.1.1.1.2
1.1.5.38314.5.1
1.1.5.38333.5.1.1.8
1.1.5.38379.32.2.27.1.1.1.1
1.1.5.38411.5.1.1.1.3
1.1.5.38478.32.3.4
1.1.5.38544.5.1
1.1.5.38605.8.3.4.2.20
1.1.5.38607.32.1.12.19
1.1.5.38684.10.1.4
1.1.5.38686.8.1.5
1.1.5.38703.5.1.17.1
1.1.5.38844.5.1
1.1.5.38900.5.1.10
1.1.5.38953.5.1.55
1.1.5.39031.22.2.30.1.37.2.4
1.1.5.39202.39.3.20.15
1.1.5.39251.5.1
1.1.5.39346.11.2.4.1.1
1.1.5.39398.23.1.10
1.1.5.39427.5.1.12.1.1
1.1.5.39450.5.1.3
1.1.5.39559.5.1.4.1
1.1.5.39739.5.1
1.1.5.39797.5.1
1.1.5.39840.5.1.2.7.21.4.14
1.1.5.40017.12.1.4.2
1.1.5.40039.5.1.3.1.5
1.1.5.40084.9.1.12.4
1.1.5.40162.5.1
1.1.5.40205.5.1.6.6.26
1.1.5.40293.15.3.12.7.10.1.1.47
1.1.5.40341.5.1.1.12
1.1.5.40358.14.2.9.2.3
1.1.5.40387.10.2.13.4.12
1.1.5.40407.5.1.3.1.21.6
1.1.5.40472.5.1.1.4.16
1.1.5.40476.5.1.2.2.5.2.6
1.1.5.40561.15.2
1.1.5.40630.17.3.4.11.8
1.1.5.40662.15.4.21.15
1.1.5.40665.40.2
1.1.5.40665.45.2.4.6
1.1.5.40729.13
1.1.5.40798.5.1
1.1.5.40867.5.1
1.1.5.40925.5.1
1.1.5.40992.5.1.2
1.1.5.41102.5.1.2.1
1.1.5.41167.17.1.9.8
1.1.5.41174.14.3.22
1.1.5.41179.6
1.1.5.41179.17.1.8
1.1.5.41196.9.1.4
1.1.5.41201.43.2.18.5
1.1.5.41246.10.2.4
1.1.5.41251.5.1.26.5.27
1.1.5.41291.39.2.22.2.11.3
1.1.5.41315.5.1.1.1.17.3.5
1.1.5.41331.3
1.1.5.41440.21.1.9.4
1.1.5.41441.26.2.10.6.14
1.1.5.41588.5.1.2.2.37.1
1.1.5.41679.16.2
1.1.5.41688.14.3.4.11
1.1.5.41698.9.1.16
1.1.5.41902.6
1.1.5.41915.12.1.8.8
1.1.5.42182.5.1.2.15.52
1.1.5.42199.5.1
1.1.5.42219.17.3.4
1.1.5.42222.5.1.1
1.1.5.42229.5.1.9.4.10.2
1.1.5.42252.5.1.4.1.7.10
1.1.5.42268.9.1.4.5.1
1.1.5.42552.16.3.12.16
1.1.5.42564.5.1.4
1.1.5.42624.9.1.12.3
1.1.5.42696.14.4.17.1
1.1.5.42771.10.3.4
1.1.5.42780.15.2.5
1.1.5.42819.16.2.9
1.1.5.42935.29.1.26.12
1.1.5.43004.20
1.1.5.43023.5.1.25.1.2.1
1.1.5.43090.14.1.5
1.1.5.43275.28.1.18.11
1.1.5.43298.22.2.16.11
1.1.5.43303.16.4.18.1.2.1
1.1.5.43378.9.1.4
1.1.5.43457.29.3.7
1.1.5.43478.9.1.25
1.1.5.43524.30.1.23.2
1.1.5.43608.5.1.1.1.1.2
1.1.5.43616.5.1
1.1.5.43796.32.3.4
1.1.5.43846.17.2.6.8
1.1.5.43957.9.3.8
1.1.5.43959.23.2.17.11.17
1.1.5.44030.10.2.24
1.1.5.44046.10.1.4
1.1.5.44048.8.1.5
1.1.5.44148.18.1.10
1.1.5.44295.5.1.25.1.9
1.1.5.44313.15.2.50.1.7.1
1.1.5.44346.16.3.9.4
1.1.5.44376.22.2.30.1.26.2.5
1.1.5.44386.5.1.15.3
1.1.5.44416.5.1.7.3.20
1.1.5.44531.5.1
1.1.5.44628.3
1.1.5.44664.21.1.14
1.1.5.44670.5.1
1.1.5.44684.35.6.12.9.11
1.1.5.44766.15.1.5.4
1.1.5.45053.5.1
1.1.5.45158.5.1.2.2.5.4.14
1.1.5.45318.22.4.6.5.22
1.1.5.45331.12.1.4.2
1.1.5.45352.26.1.4.1
1.1.5.45395.37.2.6.1.8
1.1.5.45475.5.1
1.1.5.45518.5.1.6.6.26
1.1.5.45671.5.1.1.15
1.1.5.45688.23.2.13.8.7
1.1.5.45723.10.2.13.4.13
1.1.5.45743.5.1.3.1.21.6
1.1.5.45808.5.1.1.4.16
1.1.5.45812.5.1.2.2.5.2.6
1.1.5.45843.5.1.3.12.12.8
1.1.5.45892.14.2
1.1.5.45925.15.2
1.1.5.45979.25.1.11.10
1.1.5.46049.13
1.1.5.46119.5.1
1.1.5.46162.5.1
1.1.5.46189.5.1
1.1.5.46258.17.2.8.11
1.1.5.46310.21.2.5.22.27
1.1.5.46396.5.1
1.1.5.46437.5.1.2.1
1.1.5.46502.17.1.9.8
1.1.5.46509.14.3.22
1.1.5.46514.6
1.1.5.46514.17.1.8
1.1.5.46531.16.1.19
1.1.5.46535.24.2.18.5
1.1.5.46583.5.1.4
1.1.5.46620.39.2.22.2.11.3
1.1.5.46643.5.1.1.5.7.3.6
1.1.5.46652.5.1.2.19.32.4
1.1.5.46732.74.3.31.11
1.1.5.46763.21.1.9.4
1.1.5.46764.26.2.10.6.14
1.1.5.46865.14.4
1.1.5.46919.5.1.2.2.21.1
1.1.5.47010.16.2
1.1.5.47019.14.3.4.11
1.1.5.47029.9.1.16
1.1.5.47189.13
1.1.5.47257.12.1.8.7
1.1.5.47291.5.1.1.1.3.1
1.1.5.47533.17.1.15.22
1.1.5.47554.5.1.1.1
1.1.5.47557.8.1.5
1.1.5.47566.5.1.10.1
1.1.5.47577.23.2.24.3.9
1.1.5.47598.5.1.4.1.7.10
1.1.5.47614.9.1.4.5.1
1.1.5.47762.5.1
1.1.5.47851.13.2.8.12.10.1.1
1.1.5.47853.5.1.1
1.1.5.47924.17.2.9.8.26
1.1.5.47937.5.1.3.3.13.3
1.1.5.47952.5.1.14.2
1.1.5.47995.9.1.12.3
1.1.5.48067.14.4.17.1
1.1.5.48136.5.1.2.1.2.2
1.1.5.48151.19.3.8.30
1.1.5.48163.16.3
1.1.5.48192.5.1.9.4
1.1.5.48252.29.1.26.12
1.1.5.48358.5.1.25.1.2.1
1.1.5.48383.5.1.12.5.17.1.25
1.1.5.48428.14.1.5
1.1.5.48466.5.1
1.1.5.48613.28.1.18.11
1.1.5.48629.10.1.4
1.1.5.48632.31.2.4.2
1.1.5.48718.9.1.4
1.1.5.48804.5.1.12
1.1.5.48823.9.1.25
1.1.5.48887.5.1.2
1.1.5.48961.29.2
1.1.5.48998.5.1.1.8
1.1.5.49040.23.2
1.1.5.49085.5.1.1.1.3
1.1.5.49152.32.3.4
1.1.5.49202.17.2.6.8
1.1.5.49205.21.1.10
1.1.5.49227.5.1
1.1.5.49288.8.3.4.2.20
1.1.5.49291.5.1.22
1.1.5.49371.10.1.4
1.1.5.49373.8.1.5
1.1.5.49400.14.3.8.3
1.1.5.49408.5.1.29.4
1.1.5.49633.5.1.25.1.9
1.1.5.49651.15.2.50.1.7.1
1.1.5.49711.22.2.30.1.37.2.4
1.1.5.49721.5.1.15.3
1.1.5.49751.23.2.21
1.1.5.49887.30.3.20.8
1.1.5.49935.5.1.1.10
1.1.5.49974.3
1.1.5.50019.14.2
1.1.5.50028.5.1
1.1.5.50046.13.2.8.9
1.1.5.50091.23.1.10
1.1.5.50121.5.1.12.1.1
1.1.5.50144.5.1.3
1.1.5.50253.5.1.4.1
1.1.5.50442.5.1.3.1.49.3
1.1.5.50461.5.1.1.1
1.1.5.50478.5.1.2.3
1.1.5.50482.5.1.1.5.10
1.1.5.50527.5.1.4.3.31
1.1.5.50569.9.2.4
1.1.5.50611.16.2.14
1.1.5.50682.5.1.4.13.22.3.60
1.1.5.50696.12.1.4.2
1.1.5.50717.26.1.4.1
1.1.5.50841.5.1
1.1.5.51042.5.1.1.15
1.1.5.51059.23.2.13.8.7
1.1.5.51114.5.1.3.1.51.7
1.1.5.51179.11.1.4
1.1.5.51221.5.1.3.12.12.8
1.1.5.51290.18.2
1.1.5.51310.17.3.4.11.7
1.1.5.51334.15.2.12.1.18.2.6
1.1.5.51350.5.1.6.1.15.1.12
1.1.5.51354.5.1.7
1.1.5.51420.13
1.1.5.51513.5.1
1.1.5.51643.17.2.8.11
1.1.5.51707.20.2.7.2.10
1.1.5.51821.5.1.2.1
1.1.5.51885.5.1.3.1.2.2.32
1.1.5.51893.9.2.8
1.1.5.51898.6
1.1.5.51914.9.1.4
1.1.5.51919.43.2.18.5
1.1.5.51970.5.1.20.5.35
1.1.5.52010.39.2.22.2.11.3
1.1.5.52048.5.1.4.2
1.1.5.52337.5.1.2.2.37.1
1.1.5.52359.21.2.31.10
1.1.5.52428.15.1.8
1.1.5.52439.14.3.5
1.1.5.52619.13
1.1.5.52677.6
1.1.5.52690.12.1.8.8
1.1.5.52761.15.2
1.1.5.52960.15.2.6
1.1.5.52983.5.1.1.1
1.1.5.52986.8.1.5
1.1.5.52995.5.1.10.1
1.1.5.53028.5.1.4.1.7.10
1.1.5.53044.9.1.4.5.1
1.1.5.53187.5.1
1.1.5.53344.17.2.9.8.26
1.1.5.53357.5.1.3.3.13.3
1.1.5.53372.5.1.14.2
1.1.5.53414.14.3.21.17.8.1.41
1.1.5.53488.14.4.17.1
1.1.5.53533.5.1
1.1.5.53580.5.1.9.3.4
1.1.5.53592.29.1.13.10
1.1.5.53707.29.1.26.12
1.1.5.53817.5.1.12.5.17.1.44
1.1.5.53862.14.1.5
1.1.5.53913.5.1
1.1.5.54068.28.1.18.11
1.1.5.54091.10.2.4.2
1.1.5.54175.9.1.4
1.1.5.54259.5.1.12
1.1.5.54278.9.1.25
1.1.5.54342.5.1.2
1.1.5.54444.5.1
1.1.5.54463.5.1.1.8
1.1.5.54509.32.2.27.1.1.1.1
1.1.5.54541.5.1.1.1.3
1.1.5.54601.32.3.4
1.1.5.54651.17.2.6.8
1.1.5.54654.21.1.10
1.1.5.54763.9.3.8
1.1.5.54765.23.2.17.11.17
1.1.5.54845.10.1.4
1.1.5.54847.8.1.5
1.1.5.54864.5.1.17.1
1.1.5.55014.5.1
1.1.5.55100.5.1.8.7
1.1.5.55117.5.1.4.7
1.1.5.55119.5.1.1.5.42.2.33
1.1.5.55188.22.2.30.1.37.2.4
1.1.5.55346.30.3.20.8
1.1.5.55371.14.2
1.1.5.55381.5.1.4.2.5.1
1.1.5.55488.22.2.10.4
1.1.5.55525.23.1.10
1.1.5.55554.5.1.12.1.1
1.1.5.55577.5.1.3
1.1.5.55629.19.2.11.14.10.3.5
1.1.5.55689.5.1.4.1
1.1.5.55964.5.1.2.2.5.4.14
1.1.5.56008.9.2.4
1.1.5.56050.16.2.14
1.1.5.56150.12.1.4.2
1.1.5.56171.26.1.4.1
1.1.5.56215.9.1.12.4
1.1.5.56290.5.1
1.1.5.56436.15.3.12.18.23.1.1.1
1.1.5.56460.46.2.18.14
1.1.5.56503.10.2.8
1.1.5.56509.17.2.10.5
1.1.5.56542.10.2.13.4.13
1.1.5.56562.5.1.3.1.21.6
1.1.5.56627.17.1.6
1.1.5.56636.5.1.2
1.1.5.56671.5.1.3.12.12.8
1.1.5.56720.14.2
1.1.5.56752.49.2
1.1.5.56795.17.1.6.7
1.1.5.56815.5.1.2
1.1.5.56975.5.1.2.1.2.4
1.1.5.57108.5.1
1.1.5.57282.5.1.2.1
1.1.5.57344.5.1.3.1.2.2.32
1.1.5.57352.9.2.8
1.1.5.57357.6
1.1.5.57426.5.1.4
1.1.5.57467.39.2.22.2.11.3
1.1.5.57490.5.1.1.5.7.3.6
1.1.5.57499.5.1.2.19.32.4
1.1.5.57607.21.1.9.4
1.1.5.57608.26.2.10.6.14
1.1.5.57701.44.2.21.11
1.1.5.57729.13.1.5
1.1.5.57779.16.2.6.9.8
1.1.5.57836.17.2.12
1.1.5.57843.15.2.8.3
1.1.5.57849.14.3.4.11
1.1.5.57859.9.1.16
1.1.5.57917.32.2.13
1.1.5.58016.13
1.1.5.58062.6
1.1.5.58076.5.1.4.3
1.1.5.58359.17.1.15.22
1.1.5.58427.5.1.4.1.7.10
1.1.5.58448.9.1.23.11.2
1.1.5.58762.17.2.9.8.23
1.1.5.58775.5.1.3.3.13.3
1.1.5.58790.5.1.14.2
1.1.5.58833.9.1.12.3
1.1.5.58921.5.1
1.1.5.59004.5.1.6.2.2
1.1.5.59016.29.1.13.10
1.1.5.59026.5.1
1.1.5.59058.5.1.9.4
1.1.5.59120.5.1.13
1.1.5.59279.14.1.5
1.1.5.59320.5.1
1.1.5.59385.5.1.14
1.1.5.59480.28.1.18.11
1.1.5.59503.10.2.4.2
1.1.5.59662.5.1.9
1.1.5.59681.9.1.25
1.1.5.59846.5.1.1.8
1.1.5.59893.32.2.27.1.1.1.1
1.1.5.59990.32.3.4
1.1.5.60040.17.2.6.8
1.1.5.60043.21.1.10
1.1.5.60065.5.1
1.1.5.60130.5.1.3.2
1.1.5.60131.5.1
1.1.5.60132.22.2.9.1
1.1.5.60134.50.1.12.12
1.1.5.60211.10.1.4
1.1.5.60213.8.1.5
1.1.5.60231.5.1.1.1.3.1
1.1.5.60287.5.1.2.2.3.2
1.1.5.60454.5.1.25.1.9
1.1.5.60472.15.2.50.1.7.1
1.1.5.60532.22.2.30.1.37.2.4
1.1.5.60781.3
1.1.5.60797.17.1.5
1.1.5.60845.11.2.4.1.1
1.1.5.60887.3
1.1.5.60916.5.1.12.1.1
1.1.5.60939.5.1.3
1.1.5.61043.5.1.4.1
1.1.5.61240.5.1
1.1.5.61333.5.1.2.2.5.4.14
1.1.5.61380.9.2.4
1.1.5.61422.16.2.14
1.1.5.61522.12.1.4.2
1.1.5.61544.5.1.3.1.5
1.1.5.61666.5.1
1.1.5.61711.8.1.9.1
1.1.5.61871.5.1.1.15
1.1.5.61888.14.2.9.2.3
1.1.5.61917.10.2.13.4.12
1.1.5.61937.5.1.3.1.21.6
1.1.5.62005.5.1.1.4.16
1.1.5.62009.5.1.2.2.5.2.6
1.1.5.62096.15.2
1.1.5.62127.18.2
1.1.5.62147.17.3.4.11.7
1.1.5.62171.15.2.12.1.18.2.6
1.1.5.62187.5.1.6.1.15.1.12
1.1.5.62191.5.1.7
1.1.5.62337.5.1
1.1.5.62403.5.1
1.1.5.62472.17.2.8.11
1.1.5.62527.20.2.7.2.12
1.1.5.62633.5.1.2.1
1.1.5.62696.17.1.9.8
1.1.5.62703.14.3.22
1.1.5.62708.6
1.1.5.62708.17.1.8
1.1.5.62792.5.1.4
1.1.5.62829.39.2.22.2.11.3
1.1.5.62867.5.1.4.2
1.1.5.63109.13.1.5
1.1.5.63138.5.1
1.1.5.63158.5.1.6
1.1.5.63219.17.2.12
1.1.5.63226.15.2.8.3
1.1.5.63232.5.1.2.3.3
1.1.5.63243.9.1.16
1.1.5.63418.10.1.6.20.4
1.1.5.63440.5.1.9.6
1.1.5.63468.5.1.4.3
1.1.5.63505.5.1.1.1.3.1
1.1.5.63743.5.1.2.15.46
1.1.5.63759.14.2.4
1.1.5.63780.17.3.4
1.1.5.63783.5.1.1
1.1.5.63790.5.1.9.4.10.2
1.1.5.63813.5.1.1.2.38
1.1.5.63835.9.1.4.5.3
1.1.5.63877.42.1
1.1.5.64144.9.2.38
1.1.5.64200.35.1.20.32
1.1.5.64271.14.4.17.1
1.1.5.64343.10.3.4
1.1.5.64352.15.2.5
1.1.5.64408.8.1.4
1.1.5.64411.10.4.8.3
1.1.5.64511.29.1.26.12
1.1.5.64629.15.2.6.1.1
1.1.5.64665.14.1.5
1.1.5.64708.5.1
1.1.5.64857.28.1.18.11
1.1.5.64873.10.1.4
1.1.5.64878.5.1.2.13.6
1.1.5.64963.9.1.4
1.1.5.65048.5.1.9
1.1.5.65067.9.1.25
1.1.5.65227.5.1.1.8
1.1.5.65272.32.2.27.1.1.1.1
1.1.5.65304.5.1.1.1.3
1.1.5.65363.32.3.4
1.1.5.65413.17.2.6.8
1.1.5.65526.9.3.8
1.1.5.65528.23.2.17.11.17
1.1.5.65601.10.1.4
1.1.5.65603.8.1.5
1.1.5.65620.5.1.17.1
1.1.5.65749.5.1
1.1.5.65853.5.1.55
1.1.5.65931.22.2.30.1.37.2.4
1.1.5.65974.5.1.3.2.34.3.22
1.1.5.65992.5.1
1.1.5.66122.39.3.20.15
1.1.5.66212.3
1.1.5.66261.11.1.23
1.1.5.66281.11.2.4.1.1
1.1.5.66335.23.1.10
1.1.5.66365.5.1.12.1.1
1.1.5.66388.5.1.3
1.1.5.66494.5.1.4.1
1.1.5.66736.5.1
1.1.5.66780.8.2.4.1
1.1.5.66944.5.1.4.13.22.3.59
1.1.5.66958.12.1.4.2
1.1.5.66979.26.1.4.1
1.1.5.67023.9.1.12.4
1.1.5.67098.5.1
1.1.5.67276.5.1.2.9.10.3
1.1.5.67290.16.6.8
1.1.5.67306.5.1.1.18
1.1.5.67316.25.2.7.5.6.10
1.1.5.67321.29.3.9.2.3
1.1.5.67350.10.2.13.4.12
1.1.5.67370.5.1.3.1.21.6
1.1.5.67437.5.1.1.4.16
1.1.5.67441.5.1.2.2.5.2.6
1.1.5.67533.15.2
1.1.5.67564.18.2
1.1.5.67584.17.3.4.11.7
1.1.5.67602.17.1.6.8
1.1.5.67622.5.1.2
1.1.5.67847.5.1
1.1.5.67972.5.1.2
1.1.5.68055.35.2.11.19
1.1.5.68090.5.1.2.1
1.1.5.68152.5.1.3.1.2.2.32
1.1.5.68160.9.2.8
1.1.5.68165.6
1.1.5.68240.13.2.4
1.1.5.68259.5.1.6.3
1.1.5.68299.66.1.8
1.1.5.68339.5.1.4.2
1.1.5.68451.21.1.9.4
1.1.5.68452.26.2.10.6.14
1.1.5.68501.5.1.2.1
1.1.5.68629.5.1.5
1.1.5.68703.9.1.7.3
1.1.5.68778.32.2.13
1.1.5.68877.13
1.1.5.69218.15.2.6
1.1.5.69241.5.1.1.1
1.1.5.69244.8.1.5
1.1.5.69253.5.1.10.1
1.1.5.69286.5.1.4.1.7.10
1.1.5.69302.9.1.4.5.1
1.1.5.69592.17.2.9.8.26
1.1.5.69605.5.1.3.3.13.3
1.1.5.69620.5.1.14.2
1.1.5.69663.9.1.12.3
1.1.5.69735.14.4.17.1
1.1.5.69780.5.1
1.1.5.69843.16.2.9
1.1.5.70056.5.1.25.1.2.1
1.1.5.70081.5.1.12.5.17.1.25
1.1.5.70117.14.1.5
1.1.5.70214.5.1.14
1.1.5.70312.28.1.18.11
1.1.5.70328.10.1.4
1.1.5.70333.5.1.2.13.6
1.1.5.70417.9.1.4
1.1.5.70499.27.1.11.8
1.1.5.70520.45.3
1.1.5.70683.5.1.1.8
1.1.5.70829.32.3.4
1.1.5.70879.17.2.6.8
1.1.5.70882.21.1.10
1.1.5.70984.9.3.8
1.1.5.70986.23.2.17.11.17
1.1.5.71063.10.1.4
1.1.5.71065.8.1.5
1.1.5.71083.5.1.1.1.3.1
1.1.5.71093.5.1.15.4
1.1.5.71169.5.1.9.1.3.3.20
1.1.5.71224.5.1
1.1.5.71258.22.1.16.2
1.1.5.71325.5.1.25.1.9
1.1.5.71343.15.2.50.1.7.1
1.1.5.71403.22.2.30.1.37.2.4
1.1.5.71465.9.1.4
1.1.5.71564.5.1
1.1.5.71588.25.1.4
1.1.5.71661.3
1.1.5.71706.14.2
1.1.5.71715.5.1
1.1.5.71729.35.6.12.9.11
1.1.5.71768.23.1.10
1.1.5.71797.5.1.12.1.1
1.1.5.71920.5.1.4.1
1.1.5.72105.5.1
1.1.5.72160.5.1
1.1.5.72204.8.2.4.1
1.1.5.72231.16
1.1.5.72247.9.2.4
1.1.5.72263.5.1.1.3
1.1.5.72313.19.2
1.1.5.72355.22.4.6.5.22
1.1.5.72368.12.1.4.2
1.1.5.72389.26.1.4.1
1.1.5.72433.9.1.12.4
1.1.5.72506.5.1
1.1.5.72549.5.1.6.6.26
1.1.5.72676.5.1.2.9.10.3
1.1.5.72706.5.1.1.18
1.1.5.72724.23.2.13.8.7
1.1.5.72759.10.2.13.4.13
1.1.5.72779.5.1.3.1.21.6
1.1.5.72844.17.1.6
1.1.5.72853.5.1.2
1.1.5.72866.38.4.14.1.4.1
1.1.5.72902.5.1.10.3.25.3
1.1.5.72951.14.2
1.1.5.73012.17.3.4.11.8
1.1.5.73036.15.2.12.1.18.2.6
1.1.5.73050.15.4.21.15
1.1.5.73053.40.2
1.1.5.73053.45.2.4.6
1.1.5.73121.13
1.1.5.73300.11.1.5
1.1.5.73347.17.2.8.11
1.1.5.73401.20.2.7.2.10
1.1.5.73508.5.1.2.1
1.1.5.73572.5.1.3.1.2.2.32
1.1.5.73580.9.2.8
1.1.5.73585.6
1.1.5.73702.37.2.25.2.9.2
1.1.5.73740.5.1.4.2
1.1.5.73850.21.1.9.4
1.1.5.73851.26.2.10.6.14
1.1.5.73900.5.1.2.1
1.1.5.73953.14.4
1.1.5.74029.5.1.5
1.1.5.74042.11.1.6
1.1.5.74104.17.2.12
1.1.5.74111.15.2.8.3
1.1.5.74117.14.3.4.11
1.1.5.74127.9.1.16
1.1.5.74195.32.2.13
1.1.5.74291.13
1.1.5.74382.5.1.1.1.3.1
1.1.5.74619.17.1.15.22
1.1.5.74640.5.1.1.1
1.1.5.74643.8.1.5
1.1.5.74683.5.1.4.1.7.10
1.1.5.74699.9.1.4.5.1
1.1.5.74713.5.1.6.9.3
1.1.5.74844.5.1
1.1.5.75002.17.2.9.8.26
1.1.5.75015.5.1.3.3.13.3
1.1.5.75030.5.1.14.2
1.1.5.75072.35.1.20.32
1.1.5.75162.5.1
1.1.5.75245.5.1.6.2.2
1.1.5.75257.29.1.13.10
1.1.5.75267.5.1
1.1.5.75299.5.1.9.4
1.1.5.75353.29.1.26.12
1.1.5.75461.5.1.25.1.2.1
1.1.5.75486.5.1.12.5.17.1.25
1.1.5.75523.14.1.5
1.1.5.75716.28.1.18.11
1.1.5.75739.22.2.16.12
1.1.5.75744.16.4.18.1.2.1
1.1.5.75779.6
1.1.5.75813.9.1.4
1.1.5.75914.9.1.25
1.1.5.76031.29.2
1.1.5.76116.32.2.27.1.1.1.1
1.1.5.76148.5.1.1.1.3
1.1.5.76216.32.3.4
1.1.5.76266.17.2.6.8
1.1.5.76269.21.1.10
1.1.5.76291.5.1
1.1.5.76362.9.3.8
1.1.5.76364.23.2.17.11.17
1.1.5.76434.10.1.4
1.1.5.76436.8.1.5
1.1.5.76453.5.1.17.1
1.1.5.76542.5.1.9.1.3.3.20
1.1.5.76597.5.1
1.1.5.76683.5.1.8.7
1.1.5.76700.5.1.4.7
1.1.5.76702.5.1.1.5.42.2.33
1.1.5.76771.22.2.30.1.37.2.4
1.1.5.76781.5.1.15.3
1.1.5.76831.18.1.17
1.1.5.76955.39.3.20.15
1.1.5.77051.3
1.1.5.77099.11.1.23
1.1.5.77118.22.2.5.4.5.3
1.1.5.77162.23.1.10
1.1.5.77191.5.1.12.1.1
1.1.5.77214.5.1.3
1.1.5.77320.5.1.4.1
1.1.5.77547.5.1.2.3
1.1.5.77551.5.1.1.5.9
1.1.5.77596.8.2.4.1
1.1.5.77623.16
1.1.5.77755.8.2.4.15
1.1.5.77764.5.1.2.1.7
1.1.5.77787.13.2.10.1.5
1.1.5.77832.9.1.12.4
1.1.5.77907.5.1
1.1.5.77950.5.1.6.6.26
1.1.5.78099.5.1.1.9
1.1.5.78109.25.2.7.5.6.10
1.1.5.78117.5.1.2
1.1.5.78150.10.2.13.4.12
1.1.5.78170.5.1.3.1.21.6
1.1.5.78251.5.1.2.2.10.2.1
1.1.5.78341.14.2
1.1.5.78401.17.3.4.11.8
1.1.5.78419.17.1.6.8
1.1.5.78439.5.1.2
1.1.5.78582.5.1
1.1.5.78664.5.1
1.1.5.78722.5.1
1.1.5.78796.5.1.2
1.1.5.78895.5.1
1.1.5.78936.5.1.2.1
1.1.5.78998.5.1.3.1.2.2.32
1.1.5.79006.9.2.8
1.1.5.79011.6
1.1.5.79032.9.1.4
1.1.5.79087.8.1.5.8
1.1.5.79132.37.2.25.2.9.2
1.1.5.79156.5.1.1.1.17.3.5
1.1.5.79172.3
1.1.5.79250.74.3.31.11
1.1.5.79281.21.1.9.4
1.1.5.79282.26.2.10.6.14
1.1.5.79426.5.1.2.2.52.1
1.1.5.79449.5.1.1
1.1.5.79531.26.1.13.3
1.1.5.79542.9.1.16
1.1.5.79704.13
1.1.5.79751.6
1.1.5.79764.12.1.8.8
1.1.5.80046.13.2.10.3
1.1.5.80091.23.2.24.3.9
1.1.5.80112.5.1.1.2.23
1.1.5.80137.5.1.2.8.14.2
1.1.5.80180.42.1
1.1.5.80317.5.1
1.1.5.80474.17.2.9.8.26
1.1.5.80487.5.1.3.3.13.3
1.1.5.80502.5.1.14.2
1.1.5.80545.9.1.12.3
1.1.5.80617.14.4.17.1
1.1.5.80669.23.2.6.11.8
1.1.5.80714.5.1.9.3.4
1.1.5.80726.29.1.13.10
1.1.5.80736.5.1
1.1.5.80768.5.1.9.4
1.1.5.80822.29.1.26.12
1.1.5.80868.5.1.3.1
1.1.5.80893.20
1.1.5.80927.5.1.12.5.17.1.34
1.1.5.80963.14.1.5
1.1.5.81004.5.1
1.1.5.81148.45.1.18.11
1.1.5.81164.10.1.4
1.1.5.81167.10.2.4.2
1.1.5.81253.9.1.4
1.1.5.81343.5.1.9
1.1.5.81362.9.1.25
1.1.5.81569.32.2.27.1.1.1.1
1.1.5.81662.32.3.4
1.1.5.81712.17.2.6.8
1.1.5.81715.21.1.10
1.1.5.81737.5.1
1.1.5.81808.9.3.8
1.1.5.81810.23.2.17.11.17
1.1.5.81872.10.2.24
1.1.5.81888.10.1.4
1.1.5.81890.8.1.5
1.1.5.81908.5.1.1.1.3.1
1.1.5.81918.5.1.15.4
1.1.5.82050.5.1
1.1.5.82083.10.2.24
1.1.5.82153.5.1.25.1.9
1.1.5.82171.15.2.50.1.7.1
1.1.5.82233.22.2.30.1.43.2.7
1.1.5.82452.5.1
1.1.5.82491.3
1.1.5.82553.22.2.10.4
1.1.5.82590.23.1.10
1.1.5.82620.5.1.12.1.1
1.1.5.82643.5.1.3
1.1.5.82695.19.2.11.14.10.3.5
1.1.5.82926.5.1
1.1.5.82967.5.1
1.1.5.82972.13.1.25.2
1.1.5.82989.5.1
1.1.5.83024.5.1.2.2.5.4.14
1.1.5.83071.9.2.4
1.1.5.83113.16.2.14
1.1.5.83200.5.1.1.1.8.5.36
1.1.5.83226.5.1.1
1.1.5.83328.15.2.8.6
1.1.5.83375.8.1.9.1
1.1.5.83430.10.3.4
1.1.5.83539.5.1.1.18
1.1.5.83559.5.1.2
1.1.5.83592.10.2.13.4.12
1.1.5.83612.5.1.3.1.21.6
1.1.5.83679.5.1.1.4.16
1.1.5.83683.5.1.2.2.5.2.6
1.1.5.83774.15.2
1.1.5.83842.17.3.4.11.8
1.1.5.83874.15.4.21.15
1.1.5.83877.40.2
1.1.5.83877.45.2.4.6
1.1.5.83944.13
1.1.5.83996.16.3
1.1.5.84169.17.2.8.11
1.1.5.84314.5.1.2.1
1.1.5.84376.5.1.3.1.2.2.32
1.1.5.84382.5.1.3.1.1
1.1.5.84393.5.1
1.1.5.84560.17.3.19
1.1.5.84569.3
1.1.5.84678.21.1.9.4
1.1.5.84679.26.2.10.6.14
1.1.5.84794.19.2
1.1.5.84848.5.1.3.2.7
1.1.5.84921.16.2
1.1.5.84931.9.1.7.4
1.1.5.84942.9.1.16
1.1.5.84976.17.3.10
1.1.5.85091.13
1.1.5.85144.6
1.1.5.85155.11.3.8.8
1.1.5.85413.17.1.15.22
1.1.5.85434.5.1.1.1
1.1.5.85437.8.1.5
1.1.5.85454.5.1.1
1.1.5.85461.5.1.9.4.10.2
1.1.5.85484.5.1.4.1.7.10
1.1.5.85501.5.1.2.1.2.1.37.19
1.1.5.85544.42.1
1.1.5.85657.5.1
1.1.5.85815.17.2.10.18.17
1.1.5.85828.5.1.3.3.13.3
1.1.5.85843.5.1.14.2
1.1.5.85890.21.1.8.9
1.1.5.85984.5.1
1.1.5.86024.5.1
1.1.5.86076.5.1.6.2.2
1.1.5.86088.29.1.13.10
1.1.5.86098.5.1
1.1.5.86130.5.1.9.4
1.1.5.86190.29.1.26.12
1.1.5.86354.14.1.5
1.1.5.86547.45.1.18.11
1.1.5.86570.10.2.4.2
1.1.5.86644.8.1.4
1.1.5.86743.5.1.9
1.1.5.86762.9.1.25
1.1.5.86812.30.1.23.2
1.1.5.86880.29.2
1.1.5.86922.5.1.1.8
1.1.5.86969.32.2.27.1.1.1.1
1.1.5.87001.5.1.1.1.3
1.1.5.87062.32.3.4
1.1.5.87224.9.3.8
1.1.5.87226.23.2.17.11.17
1.1.5.87293.10.1.4
1.1.5.87295.8.1.5
1.1.5.87314.17.2.7.2
1.1.5.87393.5.1.9.1.3.3.20
1.1.5.87448.5.1
1.1.5.87553.5.1.25.1.9
1.1.5.87571.15.2.50.1.7.1
1.1.5.87608.16.3.9.4
1.1.5.87638.22.2.30.1.26.2.5
1.1.5.87699.9.1.4
1.1.5.87882.3
1.1.5.87898.17.1.5
1.1.5.87942.12.1.4.1.34
1.1.5.87982.23.1.10
1.1.5.88011.5.1.12.1.1
1.1.5.88034.5.1.3
1.1.5.88133.5.1.4.1
1.1.5.88418.8.2.4.1
1.1.5.88445.16
1.1.5.88479.5.1.1.3
1.1.5.88581.5.1.4.13.22.3.42
1.1.5.88595.12.1.4.2
1.1.5.88616.26.1.4.1
1.1.5.88660.9.1.12.4
1.1.5.88736.5.1
1.1.5.88779.5.1.6.6.26
1.1.5.88923.5.1.1.9
1.1.5.88941.14.2.10.2.5
1.1.5.88975.10.2.13.4.12
1.1.5.88995.5.1.3.1.21.6
1.1.5.89059.11.1.4
1.1.5.89079.38.4.14.1.4.1
1.1.5.89113.5.1.3.12.24.5
1.1.5.89159.15.2
1.1.5.89190.18.2
1.1.5.89210.17.3.4.11.7
1.1.5.89228.17.1.6.8
1.1.5.89248.5.1.2
1.1.5.89319.13
1.1.5.89481.5.1
1.1.5.89539.5.1
1.1.5.89689.5.1
1.1.5.89733.5.1.2.1
1.1.5.89796.17.1.9.8
1.1.5.89812.6
1.1.5.89812.17.1.8
1.1.5.89897.5.1.4
1.1.5.89914.26.3.17.11.4
1.1.5.89919.3
1.1.5.89935.39.2.22.2.11.3
1.1.5.89959.5.1.1.1.17.3.5
1.1.5.89975.3
1.1.5.90084.21.1.9.4
1.1.5.90085.26.2.10.6.14
1.1.5.90253.5.1.5
1.1.5.90316.17.2.12
1.1.5.90323.15.2.8.3
1.1.5.90329.14.3.4.11
1.1.5.90339.9.1.16
1.1.5.90547.5.1.4.3
1.1.5.90785.38.1.8
1.1.5.90816.17.1.15.22
1.1.5.90837.5.1.1.1
1.1.5.90840.8.1.5
1.1.5.90861.17.3.4
1.1.5.90864.5.1.1
1.1.5.90871.5.1.9.4.10.2
1.1.5.90894.5.1.1.2.38
1.1.5.90919.5.1.2.8.14.2
1.1.5.90962.42.1
1.1.5.91066.5.1
1.1.5.91221.17.2.9.8.23
1.1.5.91234.5.1.3.3.13.3
1.1.5.91295.9.1.12.3
1.1.5.91367.14.4.17.1
1.1.5.91419.23.2.6.11.8
1.1.5.91486.19.3.8.23
1.1.5.91498.16.3
1.1.5.91621.29.1.26.12
1.1.5.91727.5.1.25.1.2.1
1.1.5.91752.5.1.12.5.17.1.25
1.1.5.91797.14.1.5
1.1.5.91843.5.1
1.1.5.92002.45.1.18.11
1.1.5.92018.10.1.4
1.1.5.92023.5.1.2.13.6
1.1.5.92193.9.1.25
1.1.5.92257.5.1.2
1.1.5.92341.5.1
1.1.5.92462.5.1.1.1.3
1.1.5.92530.32.3.4
1.1.5.92588.5.1
1.1.5.92675.9.3.8
1.1.5.92677.23.2.17.11.17
1.1.5.92756.10.1.4
1.1.5.92758.8.1.5
1.1.5.92775.5.1.17.1
1.1.5.92863.18.3
1.1.5.92915.5.1
1.1.5.92971.5.1.10
1.1.5.93006.5.1.8.7
1.1.5.93023.5.1.4.7
1.1.5.93025.5.1.1.5.42.2.36
1.1.5.93094.22.2.30.1.37.2.4
1.1.5.93138.8.1.13.10
1.1.5.93286.39.3.20.15
1.1.5.93379.3
1.1.5.93429.10.1.9
1.1.5.93452.11.2.4.1.1
1.1.5.93470.17.2.4
1.1.5.93490.23.1.10
1.1.5.93520.5.1.12.1.1
1.1.5.93543.5.1.3
1.1.5.93650.5.1.4.1
1.1.5.93830.5.1
1.1.5.93888.5.1
1.1.5.93931.5.1.2.7.21.4.14
1.1.5.94022.16.2.14
1.1.5.94048.19.2
1.1.5.94090.5.1.4.13.22.3.34
1.1.5.94104.12.1.4.2
1.1.5.94125.26.1.4.1
1.1.5.94226.5.1.1.1.25.1
1.1.5.94275.8.1.9.1
1.1.5.94425.5.1.1.12
1.1.5.94442.23.2.13.8.7
1.1.5.94477.10.2.13.4.13
1.1.5.94497.5.1.3.1.21.6
1.1.5.94563.5.1.2
1.1.5.94576.38.4.14.1.4.1
1.1.5.94610.5.1.3.12.24.5
1.1.5.94655.15.2
1.1.5.94685.18.2
1.1.5.94705.17.3.4.11.7
1.1.5.94729.17.1.6.7
1.1.5.94749.5.1.2
1.1.5.94891.5.1
1.1.5.94970.5.1
1.1.5.95028.5.1
1.1.5.95105.21.2.5.27.27
1.1.5.95202.5.1.2.1
1.1.5.95264.5.1.3.1.2.2.32
1.1.5.95270.5.1.3.1.1
1.1.5.95360.8.1.5.8
1.1.5.95382.5.1.3.2.6.1
1.1.5.95386.19.2.6.3
1.1.5.95449.17.3.19
1.1.5.95458.3
1.1.5.95570.21.1.9.4
1.1.5.95571.26.2.10.6.14
1.1.5.95741.15.2.5.4.3
1.1.5.95809.16.2
1.1.5.95819.9.1.7.4
1.1.5.95830.9.1.16
1.1.5.95893.32.2.13
1.1.5.95899.5.1
1.1.6.51.6
1.1.6.64.12.1.8.8
1.1.6.338.15.2.6
1.1.6.361.8.1.5
1.1.6.378.5.1.1
1.1.6.385.5.1.9.4.10.2
1.1.6.408.5.1.4.1.7.10
1.1.6.424.9.1.4.5.1
1.1.6.558.24.2.12.9
1.1.6.713.17.2.9.8.23
1.1.6.726.5.1.3.3.13.3
1.1.6.755.29.1.8
1.1.6.787.9.1.12.3
1.1.6.859.14.4.17.1
1.1.6.904.5.1
1.1.6.941.47.2.14.2.7
1.1.6.953.29.1.13.10
1.1.6.1089.5.1.13
1.1.6.1155.20
1.1.6.1189.5.1.12.5.17.1.34
1.1.6.1234.14.1.5
1.1.6.1281.5.1
1.1.6.1439.28.1.18.11
1.1.6.1455.10.1.4
1.1.6.1460.5.1.2.13.6
1.1.6.1545.9.1.4
1.1.6.1635.5.1.9
1.1.6.1654.9.1.25
1.1.6.1715.5.1.2
1.1.6.1783.29.2
1.1.6.1820.5.1.1.8
1.1.6.1966.32.3.4
1.1.6.2016.17.2.6.8
1.1.6.2019.21.1.10
1.1.6.2119.8.3.4.2.8
1.1.6.2121.32.1.12.19
1.1.6.2194.10.1.4
1.1.6.2196.8.1.5
1.1.6.2213.5.1.17.1
1.1.6.2302.5.1.10.2.5
1.1.6.2361.5.1
1.1.6.2417.5.1.10
1.1.6.2452.5.1.8.7
1.1.6.2469.5.1.4.7
1.1.6.2471.5.1.1.5.42.2.36
1.1.6.2540.22.2.30.1.37.2.4
1.1.6.2578.23.2.21
1.1.6.2707.5.1
1.1.6.2769.5.1
1.1.6.2807.3
1.1.6.2863.20.6.12.9.4
1.1.6.2900.3
1.1.6.2929.5.1.12.1.1
1.1.6.2952.5.1.3
1.1.6.3059.5.1.4.1
1.1.6.3256.5.1.3.1.28.9
1.1.6.3306.5.1
1.1.6.3350.5.1.4.3.35
1.1.6.3505.22.4.6.5.22
1.1.6.3518.12.1.4.2
1.1.6.3539.26.1.4.1
1.1.6.3583.9.1.12.4
1.1.6.3639.15.2.8.6
1.1.6.3689.5.1.6.6.26
1.1.6.3820.5.1.2.9.10.3
1.1.6.3833.16.6.8
1.1.6.3850.5.1.1.18
1.1.6.3867.23.2.13.8.9
1.1.6.3898.10.2.13.4.13
1.1.6.3918.5.1.3.1.21.6
1.1.6.3985.5.1.1.4.16
1.1.6.3989.5.1.2.2.5.2.6
1.1.6.4080.15.2
1.1.6.4110.18.2
1.1.6.4130.17.3.4.11.7
1.1.6.4148.17.1.6.8
1.1.6.4168.5.1.2
1.1.6.4403.5.1
1.1.6.4461.5.1
1.1.6.4538.5.1.2
1.1.6.4640.5.1
1.1.6.4684.5.1.2.1
1.1.6.4747.17.1.9.8
1.1.6.4763.6
1.1.6.4763.17.1.8
1.1.6.4766.5.1
1.1.6.4781.9.1.4
1.1.6.4786.43.2.18.5
1.1.6.4842.5.1.5
1.1.6.4887.37.2.25.2.9.2
1.1.6.4925.5.1.4.2
1.1.6.5035.21.1.9.4
1.1.6.5036.26.2.10.6.14
1.1.6.5106.5.1.2.1
1.1.6.5225.5.1.2
1.1.6.5289.17.2.12
1.1.6.5296.15.2.8.3
1.1.6.5302.14.3.4.11
1.1.6.5312.9.1.16
1.1.6.5482.13
1.1.6.5555.5.1.4.3
1.1.6.5827.17.1.15.22
1.1.6.5848.5.1.1.1
1.1.6.5851.8.1.5
1.1.6.5868.5.1.1
1.1.6.5875.5.1.9.4.10.2
1.1.6.5898.5.1.4.1.7.10
1.1.6.5914.9.1.4.5.1
1.2.25.4.2.3.2.1
1.2.161.2.1.2.1.1.1
1.2.355.4.2.17.1.15
1.2.375.10.5.13.2
1.2.391.6.3
1.2.440.2.1.4.3.5.1
1.2.477.2.1.2.2.2
1.2.563.2.1
1.2.623.4.2
1.2.741.2.1.2.2.2
1.2.770.2.1.4.2.3.3
1.2.1497.2.1.17.1.1
1.2.1536.6.3.4.1
1.2.1542.4.2.18
1.2.1672.8.4.14.3
1.2.1765.4.2.5.2
1.2.1819.4.2.16.1.19.4.14
1.2.1826.10.5.16.6
1.2.1929.6.3.28.4
1.2.1934.2.1.1
1.2.2049.16.8
1.2.2088.2.1.1.1.4.6
1.2.2125.2.1.1.1
1.2.2236.2.1.3
1.2.2335.1
1.2.2564.4.2.4.1
1.2.2566.8.4.16
1.2.2640.8.4.18.4
1.2.2893.2.1.1.1
1.2.2921.4.2
1.2.2935.2.1
1.2.3019.10.5.10.5.26.1.2
1.2.3081.10.5.19.5.30.6.59
1.2.3227.4.2
1.2.3506.4.2.21.1.12
1.2.3579.2.1
1.2.3736.6.3
1.2.3777.10.5.14.4
1.2.3806.6.3
1.2.3945.2.1.21.4
1.2.4073.2.1
1.2.4125.8.4.14.1.4.1
1.2.4249.3
1.2.4405.4.2.31.2.12.1
1.2.4477.6.3.8.3.5.2.5
1.2.4523.2.1
1.2.4553.8.4.14.1.2
1.2.4738.2.1.4.4.20.3.36
1.2.4757.4.2.2
1.2.4774.4.2
1.2.4779.2.1.5.2.6
1.2.4834.2.1.3.4.14
1.2.4933.2.1
1.2.5010.2.1.11.3.9.6.14
1.2.5087.6.3.14.3.14.1.1
1.2.5205.6.3.5.2.24.3
1.2.5236.2.1.2.2.4.1
1.2.5280.2.1
1.2.5292.3
1.2.5383.2.1.1.7.21.4
1.2.5495.2.1.1.1
1.2.5499.6.3.5.2.17
1.2.5777.4.2.12
1.2.5802.4.2.5.2.4
1.2.5807.4.2.11.3.15
1.2.5914.2.1.2.1.1
1.2.5917.8.4
1.3.6001
1.5.6.10.2.1.3.1
1.5.54.20.2.1.4.2.5.2
1.5.138.5.2.1.8.2.41.1
1.5.217.40.2.1.16.9.20.3
1.5.340.8.2.1.6.9.24.2.8.1
1.5.668.14.2.1.16.4.10
1.5.744.6.2.1.17
1.5.754.8.2.1.40.3.6.2
1.5.824.8.2.1.13.5.35.5.24
1.5.870.9.2.1
1.5.986.13.2.1
1.5.1211.8.2.1.7
1.5.1298.8.2.1
1.5.1419.6.2.1
1.5.1455.7.2.1.1
1.5.1542.6.2.1.3.3.10
1.5.1675.13.2.1.13
1.5.1690.10.2.1.42.2.3.5.62
1.5.1757.12.2.1
1.5.1874.7.2.1.15.2
1.5.1913.13.2.1.2.1.1
1.5.1924.15.2.1.19.1
1.5.2033.11.2.1.20.9.12
1.5.2275.7.2.1.11.4.6
1.5.2297.9.2.1.23.6.11.1.13
1.5.2308.7.2.1.6.14.31
1.5.2341.7.2.1
1.5.2542.23.2.1.5.1
1.5.2547.17.2.1.1
1.5.2623.8.2.1.1.1.19.6
1.5.2832.9.2.1.3.2.16.1
1.5.2919.6.2.1.14.6.23.2.14
1.5.2974.13.2.1
1.5.3083.12.2.1.17.3
1.5.3142.7.2.1.9.1.3
1.5.3187.15.2.1
1.5.3489.9.2.1.1.1.3.1
1.5.3670.12.2.1.4.4
1.5.3677.12.2.1.17.4
1.5.4017.9.2.1.30.8.16.3
1.5.4041.7.2.1.17.1
1.5.4150.11.2.1.24.1.15.3.13
1.5.4340.13.2.1.3.13
1.5.4358.8.2.1.7.10.21.2
1.5.4373.18.2.1
1.5.4397.24.2.1.19.9.20.1.3
1.5.4421.10.2.1.18.9.16.3.2
1.5.4498.12.2.1.2
1.5.4581.7.2.1
1.5.4669.12.2.1.18.1.2
1.5.4692.11.2.1.3.1
1.5.4992.10.2.1.18.2
1.5.5084.8.2.1.3
1.5.5097.10.2.1.7
1.5.5211.20.2.1
1.5.5248.9.2.1.3.1.51.11
1.5.5281.8.2.1.2.1.1.2.2.29
1.5.5341.9.2.1.19.3.5
1.5.5345.13.2.1.8
1.5.5549.15.2.1
1.5.5556.9.2.1.17
1.5.5596.14.2.1.11.2
1.5.5609.8.2.1
1.5.5647.11.2.1.8.3
1.5.5727.6.2.1.2
1.5.5827.16.2.1.7.2.2
1.5.5898.8.2.1.3.1.1.1
1.5.5971.8.2.1
1.5.6048.10.2.1.6.4
1.5.6073.9.2.1.5.1.4.1
1.5.6106.5.2.1.12.9
1.5.6281.6.2.1.14
1.5.6300.7.2.1.8.2
1.5.6425.8.2.1.6.1.1.1.14
1.5.6555.7.2.1.10.1.3
1.5.6618.11.2.1.7
1.5.6636.13.2.1.1.1
1.5.6711.7.2.1
1.5.6738.18.2.1.8.1.28
1.5.6850.16.2.1.3.1
1.5.6987.18.2.1.23.4.17.9
1.5.6988.8.2.1
1.5.7009.14.2.1
1.5.7016.12.2.1.1.1.3.1
1.5.7028.6.2.1.10.3.12.1.1
1.5.7039.7.2.1
1.5.7161.7.2.1.16.2.6.1
1.5.7167.7.2.1.6.2
1.5.7332.10.2.1
1.5.7339.22.2.1
1.5.7369.19.2.1
1.5.7485.10.2.1.6.2.4.3.5.50
1.5.7790.14.2.1.16.4.10
1.5.7882.7.2.1.3.2
1.5.7885.21.2.1.3.2.6.1
1.5.7914.5.2.1.1.1
1.5.8016.9.2.1
1.5.8132.13.2.1
1.5.8140.16.2.1.6.2
1.5.8214.8.2.1.2.2.35
1.5.8248.13.2.1
1.5.8366.8.2.1.7
1.5.8455.8.2.1
1.5.8562.6.2.1
1.5.8679.6.2.1.3.3.10
1.5.8721.8.2.1.1.1
1.5.8812.7.2.1.3.6.3
1.5.8840.8.2.1.39.8.4.1
1.5.8903.12.2.1
1.5.9022.7.2.1.15.2
1.5.9061.13.2.1.2.1.1
1.5.9072.15.2.1.19.1
1.5.9181.17.2.1
1.5.9189.11.2.1.8.1.17
1.5.9320.38.2.1.22.1
1.5.9354.6.2.1.10.3.10.2
1.5.9377.22.2.1
1.5.9432.6.2.1.3.1.3
1.5.9445.14.2.1.2
1.5.9485.7.2.1
1.5.9681.13.2.1.6.2
1.5.9688.12.2.1.17.5.7
1.5.9750.8.2.1.1.1.19.6
1.5.9956.9.2.1.3.2.16.1
1.5.10019.32.2.1
1.5.10041.6.2.1.14.6.23.2.14
1.5.10098.16.2.1.26.7.11
1.5.10135.9.2.1.6.4.12.11
1.5.10264.7.2.1.9.1.3
1.5.10601.9.2.1.1.1.3.1
1.5.10629.15.2.1.16.1.15.2
1.5.10657.6.2.1.5.5
1.5.10674.9.2.1.40.2.5.4
1.5.11133.10.2.1.6.1
1.5.11210.14.2.1.16
1.5.11239.14.2.1.8.1.1.1
1.5.11388.13.2.1.3.13
1.5.11406.8.2.1.7.10.21.2
1.5.11422.18.2.1
1.5.11446.24.2.1.19.9.20.1.3
1.5.11470.10.2.1.18.9.16.3.2
1.5.11509.15.2.1.17.7.23.3.24
1.5.11525.12.2.1.2
1.5.11605.7.2.1
1.5.11684.12.2.1.31.1.7
1.5.11707.11.2.1.3.1
1.5.11837.14.2.1
1.5.11931.6.2.1.17.7.15
1.5.12000.10.2.1.18.2
1.5.12215.20.2.1
1.5.12302.8.2.1.2.1.1.2.20.22
1.5.12355.9.2.1.14.7.22
1.5.12359.13.2.1.8
1.5.12561.15.2.1
1.5.12568.9.2.1.17
1.5.12608.14.2.1.11.2
1.5.12621.8.2.1
1.5.12659.11.2.1.8.3
1.5.12703.13.2.1
1.5.12838.11.2.1.1
1.5.12913.8.2.1.3.1.1.1
1.5.12987.8.2.1
1.5.13064.10.2.1.6.4
1.5.13159.21.2.1.1.1
1.5.13313.6.2.1.14
1.5.13332.7.2.1.8.2
1.5.13467.8.2.1.6.1.1.1.14
1.5.13527.9.2.1
1.5.13560.17.2.1.6.1.3
1.5.13605.7.2.1.10.1.3
1.5.13633.7.2.1.6.4
1.5.13663.13.2.1.3
1.5.13681.13.2.1.1.1
1.5.13746.7.2.1
1.5.13769.7.2.1.8.1.4
1.5.13874.7.2.1
1.5.14002.10.2.1.8.5.19.2
1.5.14010.18.2.1.20.4.13.6
1.5.14011.8.2.1
1.5.14058.6.2.1.10.3.12.1.1
1.5.14069.7.2.1
1.5.14201.7.2.1.16.2.6.1
1.5.14207.7.2.1.6.2
1.5.14262.9.2.1
1.5.14339.5.2.1.8.2.12.1
1.5.14418.40.2.1.16.9.20.3
1.5.14542.7.2.1.20.3
1.5.14847.14.2.1.16.4.10
1.5.14923.6.2.1.17
1.5.14933.8.2.1.40.3.6.2
1.5.15052.9.2.1
1.5.15139.14.2.1.3.2
1.5.15176.13.2.1
1.5.15247.8.2.1.2.2.14
1.5.15408.8.2.1.7
1.5.15497.8.2.1
1.5.15622.6.2.1
1.5.15656.7.2.1.1
1.5.15745.6.2.1.3.3.10
1.5.15785.14.2.1
1.5.15880.13.2.1.13
1.5.15898.8.2.1.48.12.9.1
1.5.15976.12.2.1
1.5.16093.7.2.1.15.2
1.5.16129.8.2.1.11.1.1.1.35
1.5.16252.11.2.1.20.9.12
1.5.16515.6.2.1.3.1.3
1.5.16544.7.2.1.6.6.28
1.5.16577.7.2.1
1.5.16766.13.2.1.6.2
1.5.16773.12.2.1.17.5.7
1.5.16846.8.2.1.1.1.19.6
1.5.17060.9.2.1.3.2.16.1
1.5.17125.32.2.1
1.5.17147.6.2.1.14.6.23.2.14
1.5.17204.16.2.1.26.7.11
1.5.17241.9.2.1.6.4.12.11
1.5.17364.9.2.1.6
1.5.17461.15.2.1
1.5.17541.11.2.1.1.1.17.5
1.5.17562.8.2.1.18.2.19.1.12
1.5.17742.9.2.1.1.1.3.1
1.5.17770.10.2.1.7.1.13.1
1.5.17773.9.2.1
1.5.17800.6.2.1.5.5
1.5.17820.8.2.1.1.1.1.1
1.5.17920.6.2.1.4.1.28.1
1.5.18245.9.2.1.30.8.16.3
1.5.18269.7.2.1.17.1
1.5.18371.14.2.1.16
1.5.18572.13.2.1.3.13
1.5.18590.8.2.1.7.10.21.2
1.5.18605.18.2.1
1.5.18629.24.2.1.19.9.20.1.3
1.5.18653.10.2.1.18.9.16.3.2
1.5.18725.12.2.1.2
1.5.18806.7.2.1
1.5.18883.8.2.1.2.1.10
1.5.18896.7.2.1.5.4
1.5.19020.14.2.1
1.5.19186.10.2.1.18.2
1.5.19267.12.2.1.3.1.2
1.5.19269.10.2.1.6.3
1.5.19393.20.2.1
1.5.19470.10.2.1.6.2
1.5.19505.7.2.1.9
1.5.19526.9.2.1.14.7.22
1.5.19530.13.2.1.8
1.5.19726.15.2.1
1.5.19733.9.2.1.17
1.5.19773.14.2.1.11.2
1.5.19786.8.2.1
1.5.19824.11.2.1.8.3
1.5.19868.13.2.1
1.5.19914.6.2.1.2
1.5.19949.8.2.1
1.5.20153.8.2.1
1.5.20230.10.2.1.6.4
1.5.20247.5.2.1.8.15.24.1
1.5.20276.15.2.1.5.2
1.5.20287.7.2.1
1.5.20468.6.2.1.14
1.5.20487.7.2.1.8.2
1.5.20705.17.2.1.6.1.3
1.5.20755.7.2.1.10.1.3
1.5.20780.58.2.1.27.1
1.5.20806.7.2.1.8
1.5.20814.13.2.1.1.1
1.5.20879.7.2.1
1.5.20906.18.2.1.8.1.28
1.5.21017.16.2.1.3.1
1.5.21076.5.2.1.9.6
1.5.21192.17.2.1.6.1.3.1.1
1.5.21211.8.2.1.24.1.3.1.3
1.5.21215.11.2.1
1.5.21305.6.2.1.1.1
1.5.21365.7.2.1.16.2.6.1
1.5.21371.7.2.1.6.2
1.5.21502.5.2.1.8.2.41.1
1.5.21540.13.2.1.23.5.18.2
1.5.21543.22.2.1
1.5.21554.14.2.1.13.2.7.2
1.5.21573.19.2.1
1.5.21684.8.2.1.6.9.24.2.8.1
1.5.22006.14.2.1.16.4.10
1.5.22086.16.2.1.5.1.16.3
1.5.22201.9.2.1
1.5.22288.14.2.1.3.2
1.5.22325.13.2.1
1.5.22333.16.2.1.6.2
1.5.22400.8.2.1.2.2.35
1.5.22436.13.2.1
1.5.22557.8.2.1.7
1.5.22755.6.2.1
1.5.22880.6.2.1.3.3.10
1.5.22920.14.2.1
1.5.23007.7.2.1.3.6.3
1.5.23035.8.2.1.39.8.4.1
1.5.23103.12.2.1
1.5.23214.7.2.1.15.2
1.5.23253.13.2.1.2.1.1
1.5.23264.15.2.1.19.1
1.5.23369.11.2.1.20.9.12
1.5.23514.38.2.1.22.1
1.5.23626.7.2.1.11.4.6
1.5.23858.13.2.1.6.2
1.5.23865.12.2.1.17.5.7
1.5.23920.12.2.1.4.3.6.1
1.5.23985.8.2.1
1.5.24079.9.2.1.3.1.4.3.54
1.5.24140.9.2.1.3.2.16.1
1.5.24231.6.2.1.14.6.23.2.14
1.5.24288.16.2.1.26.7.11
1.5.24325.9.2.1.6.4.12.11
1.5.24445.11.2.1.18.7.16.3.9
1.5.24538.15.2.1
1.5.24618.11.2.1.1.1.17.5
1.5.24639.8.2.1.18.2.19.1.12
1.5.24756.10.2.1.18.4.5.4
1.5.24787.10.2.1
1.5.24818.10.2.1.7.1.13.1
1.5.24821.9.2.1
1.5.24865.8.2.1.18.2.4.1
1.5.24983.6.2.1.4.1.28.1
1.5.25425.11.2.1.24.1.15.3.13
1.5.25606.13.2.1.3.13
1.5.25624.8.2.1.7.10.21.2
1.5.25639.18.2.1
1.5.25647.8.2.1.7.1.8
1.5.25691.10.2.1.18.9.16.3.2
1.5.25768.12.2.1.2
1.5.25849.7.2.1
1.5.25936.10.2.1.27.3.21
1.5.25958.11.2.1.3.1
1.5.26171.9.2.1
1.5.26180.9.2.1.3.1.9
1.5.26251.10.2.1.18.2
1.5.26337.8.2.1.3
1.5.26350.10.2.1.7
1.5.26493.9.2.1.3.1.58.11
1.5.26526.8.2.1.2.1.1.2.2.37
1.5.26560.7.2.1.9
1.5.26588.9.2.1.19.3.5
1.5.26592.13.2.1.8
1.5.26722.26.2.1
1.5.26781.15.2.1
1.5.26788.9.2.1.17
1.5.26871.11.2.1.8.3
1.5.26904.13.2.1
1.5.26934.10.2.1.12.4.18.7.19
1.5.26939.16.2.1.27.6
1.5.27181.8.2.1
1.5.27258.10.2.1.6.4
1.5.27275.5.2.1.8.15.24.1
1.5.27331.5.2.1.12.8
1.5.27362.21.2.1.1.1
1.5.27516.6.2.1.14
1.5.27535.7.2.1.8.2
1.5.27670.8.2.1.6.1.1.1.14
1.5.27727.9.2.1
1.5.27803.7.2.1.10.1.3
1.5.27868.11.2.1.7
1.5.27886.13.2.1.1.1
1.5.27951.7.2.1
1.5.27974.17.2.1.22.7.21.2.4
1.5.28079.16.2.1.3.1
1.5.28210.6.2.1
1.5.28244.10.2.1.22.2.2
1.5.28276.6.2.1.10.3.12.1.1
1.5.28287.7.2.1
1.5.28409.7.2.1.16.2.6.1
1.5.28415.7.2.1.6.2
1.5.28620.40.2.1.16.9.20.3
1.5.28656.19.2.1.1.2.14.1
1.5.28724.8.2.1.6.9.24.2.8.1
1.5.29037.14.2.1.16.4.10
1.5.29113.6.2.1.17
1.5.29123.8.2.1.40.3.6.2
1.5.29240.9.2.1
1.5.29590.8.2.1.7
1.5.29923.6.2.1.3.3.10
1.5.29963.14.2.1
1.5.30057.7.2.1.3.6.3
1.5.30085.8.2.1.39.8.4.1
1.5.30169.12.2.1
1.5.30284.7.2.1.15.2
1.5.30320.8.2.1.11.1.1.1.35
1.5.30439.11.2.1.20.9.12
1.5.30569.10.2.1.6.1.1.1
1.5.30593.38.2.1.10.1
1.5.30627.6.2.1.10.3.10.2
1.5.30675.6.2.1.11.3
1.5.30719.9.2.1.2
1.5.30752.6.2.1
1.5.30982.23.2.1.5.1
1.5.30987.17.2.1.1
1.5.31076.11.2.1.7.3.5.1
1.5.31076.11.2.1.7.3.7.2
1.5.31256.9.2.1.3.2.16.1
1.5.31339.6.2.1.14.6.23.2.14
1.5.31396.16.2.1.26.7.11
1.5.31433.9.2.1.6.4.12.11
1.5.31558.6.2.1.7.1.5
1.5.31657.15.2.1
1.5.31732.11.2.1.1.1.17.5
1.5.31753.8.2.1.18.2.19.1.12
1.5.31923.9.2.1.1.1.3.1
1.5.32461.7.2.1.11.1
1.5.32561.11.2.1.3.1.1.1.14
1.5.32749.13.2.1.3.13
1.5.32767.8.2.1.7.10.21.2
1.5.32806.15.2.1.6.2.9
1.5.32829.8.2.1.8
1.5.32897.12.2.1.2
1.5.32980.7.2.1
1.5.33056.12.2.1.31.1.7
1.5.33079.11.2.1.3.1
1.5.33215.14.2.1
1.5.33383.10.2.1.18.2
1.5.33477.8.2.1.3
1.5.33490.10.2.1.7
1.5.33600.20.2.1
1.5.33666.8.2.1.2.1.1.2.2.33
1.5.33726.9.2.1.19.3.5
1.5.33730.13.2.1.8
1.5.33867.26.2.1
1.5.33926.15.2.1
1.5.33933.9.2.1.17
1.5.34021.11.2.1.8.3
1.5.34103.6.2.1.2
1.5.34139.8.2.1
1.5.34195.16.2.1.7.2.3
1.5.34273.8.2.1.3.1.1.1
1.5.34427.10.2.1.6.4
1.5.34480.5.2.1.12.16
1.5.34511.21.2.1.1.1
1.5.34661.6.2.1.14
1.5.34680.7.2.1.8.2
1.5.34781.6.2.1.33.1
1.5.34834.10.2.1.26.1.9.7.6
1.5.34949.17.2.1.6.1.3
1.5.34967.15.2.1.5.1.13.8
1.5.34996.7.2.1.10.1.3
1.5.35061.11.2.1.7
1.5.35079.13.2.1.1.1
1.5.35177.18.2.1.8.1.27
1.5.35285.16.2.1.3.1
1.5.35345.5.2.1.9.6
1.5.35412.10.2.1.8.5.19.2
1.5.35420.18.2.1.20.4.13.6
1.5.35421.8.2.1
1.5.35442.14.2.1
1.5.35471.11.2.1
1.5.35613.7.2.1.16.2.6.1
1.5.35619.7.2.1.6.2
1.5.35674.9.2.1
1.5.35751.5.2.1.8.2.12.1
1.5.35830.40.2.1.16.9.20.3
1.5.35866.19.2.1.1.2.14.1
1.5.35927.8.2.1.11
1.5.35928.9.2.1.12.2.2.9
1.5.35945.12.2.1.2.5
1.5.36243.14.2.1.16.4.10
1.5.36323.16.2.1.5.1.16.3
1.5.36391.8.2.1.13.5.35.5.24
1.5.36437.9.2.1
1.5.36553.13.2.1
1.5.36561.16.2.1.6.2
1.5.36778.8.2.1.7
1.5.36867.8.2.1
1.5.36988.6.2.1
1.5.37024.7.2.1.1
1.5.37113.6.2.1.3.3.10
1.5.37153.14.2.1
1.5.37233.18.2.1.1
1.5.37252.10.2.1.33.4.14
1.5.37431.7.2.1.15.2
1.5.37470.13.2.1.2.1.1
1.5.37481.15.2.1.19.1
1.5.37591.11.2.1.20.9.12
1.5.37742.38.2.1.10.1
1.5.37772.6.2.1.10.1.3.3
1.5.37813.7.2.1
1.5.37856.9.2.1.2
1.5.37880.7.2.1.15.2.13
1.5.37913.7.2.1
1.5.38111.23.2.1.5.1
1.5.38116.17.2.1.1
1.5.38167.12.2.1.4.3.6.1
1.5.38299.14.2.1
1.5.38320.8.2.1.10.7
1.5.38439.32.2.1
1.5.38461.6.2.1.14.6.23.2.14
1.5.38518.16.2.1.26.7.11
1.5.38555.9.2.1.6.4.12.11
1.5.38680.11.2.1.18.7.16.3.9
1.5.38767.15.2.1
1.5.38847.11.2.1.1.1.17.5
1.5.38868.8.2.1.18.2.19.1.12
1.5.39055.10.2.1.7.1.13.1
1.5.39058.9.2.1
1.5.39085.6.2.1.5.5
1.5.39105.8.2.1.1.1.1.1
1.5.39200.12.2.1.4.4
1.5.39207.12.2.1.17.4
1.5.39558.7.2.1.11.1
1.5.39649.14.2.1.16
1.5.39678.14.2.1.8.1.1.1
1.5.39835.13.2.1.3.13
1.5.39853.8.2.1.7.10.21.2
1.5.39886.9.2.1.4.2.40.6.11
1.5.39912.10.2.1.18.9.16.3.2
1.5.39951.15.2.1.17.7.23.3.24
1.5.40045.7.2.1
1.5.40122.8.2.1.2.1.10
1.5.40135.7.2.1.5.4
1.5.40264.14.2.1
1.5.40312.14.2.1.3.1.2.1
1.5.40517.8.2.1.42
1.5.40530.10.2.1.7
1.5.40645.20.2.1
1.5.40711.8.2.1.2.1.1.2.2.25
1.5.40771.9.2.1.19.3.5
1.5.40775.13.2.1.8
1.5.40972.15.2.1
1.5.40979.9.2.1.17
1.5.41019.14.2.1.11.2
1.5.41032.8.2.1
1.5.41070.11.2.1.8.3
1.5.41115.13.2.1
1.5.41145.10.2.1.12.4.18.7.19
1.5.41150.16.2.1.27.6
1.5.41184.8.2.1
1.5.41390.8.2.1
1.5.41464.10.2.1.6.4
1.5.41518.5.2.1.12.8
1.5.41536.6.2.1.3.2
1.5.41550.21.2.1.1.1
1.5.41704.6.2.1.14
1.5.41723.7.2.1.8.2
1.5.41824.6.2.1.33.1
1.5.41877.10.2.1.26.1.9.7.6
1.5.41992.17.2.1.6.1.3
1.5.42044.7.2.1.10.1.3
1.5.42200.17.2.1.22.7.20.3.10
1.5.42300.7.2.1
1.5.42508.6.2.1.10.3.12.1.1
1.5.42519.7.2.1
1.5.42651.7.2.1.16.2.6.1
1.5.42657.7.2.1.6.2
1.5.42712.9.2.1
1.5.42800.5.2.1.8.2.41.1
1.5.42852.14.2.1.23.2.7.2
1.5.42871.19.2.1
1.5.42988.9.2.1.7.4.10.3.30.14
1.5.43005.10.2.1
1.5.43319.14.2.1.16.4.10
1.5.43395.6.2.1.17
1.5.43405.8.2.1.40.3.6.2
1.5.43474.8.2.1.13.5.34.9.50
1.5.43520.9.2.1
1.5.43611.14.2.1.3.2
1.5.43648.13.2.1
1.5.43656.16.2.1.6.2
1.5.43718.8.2.1.2.2.35
1.5.43754.13.2.1
1.5.43876.8.2.1.7
1.5.44086.6.2.1
1.5.44205.6.2.1.3.3.10
1.5.44247.8.2.1.1.1
1.5.44338.7.2.1.3.6.3
1.5.44366.8.2.1.39.8.4.1
1.5.44444.12.2.1
1.5.44598.13.2.1.2.1.1
1.5.44609.15.2.1.19.1
1.5.44718.17.2.1
1.5.44726.11.2.1.8.1.17
1.5.44842.10.2.1.6.1.1.1
1.5.44884.6.2.1.10.1.3.3
1.5.44966.7.2.1.11.4.6
1.5.45013.7.2.1
1.5.45209.13.2.1.6.2
1.5.45216.12.2.1.17.5.7
1.5.45267.12.2.1.4.3.6.1
1.5.45486.9.2.1.3.2.16.1
1.5.45583.6.2.1.14.6.23.2.14
1.5.45638.13.2.1
1.5.45740.12.2.1.17.3
1.5.45799.7.2.1.9.1.3
1.5.45894.8.2.1
1.5.45965.11.2.1.1.1.17.5
1.5.45986.8.2.1.18.2.19.1.12
1.5.46100.7.2.1.1.1.7.1
1.5.46224.8.2.1.18.2.4.1
1.5.46342.6.2.1.4.1.28.1
1.5.46627.10.2.1
1.5.46849.14.2.1.8.1.1.1
1.5.46857.13.2.1
1.5.46883.12.2.1.8.1.16
1.5.47021.13.2.1.3.13
1.5.47056.7.2.1.2.2.7
1.5.47069.24.2.1.25.9.20.1.3
1.5.47093.10.2.1.18.9.16.3.2
1.5.47132.15.2.1.17.7.23.3.24
1.5.47148.12.2.1.2
1.5.47231.7.2.1
1.5.47313.10.2.1.27.3.21
1.5.47335.11.2.1.3.1
1.5.47457.14.2.1
1.5.47546.9.2.1.3.1.9
1.5.47616.10.2.1.18.2
1.5.47706.8.2.1.48
1.5.47719.10.2.1.7
1.5.47833.20.2.1
1.5.47865.10.2.1
1.5.47910.10.2.1.6.2
1.5.47971.9.2.1.19.3.5
1.5.47975.13.2.1.8
1.5.48172.15.2.1
1.5.48179.9.2.1.17
1.5.48219.14.2.1.11.2
1.5.48232.8.2.1
1.5.48270.11.2.1.8.3
1.5.48303.13.2.1
1.5.48336.10.2.1.12.4.18.7.11
1.5.48341.16.2.1.27.6
1.5.48347.14.2.1.10
1.5.48434.11.2.1.1
1.5.48505.8.2.1.3.1.1.1
1.5.48579.8.2.1
1.5.48648.10.2.1.6.4
1.5.48665.5.2.1.8.15.24.1
1.5.48746.21.2.1.1.1
1.5.48806.8.2.1.16
1.5.48898.6.2.1.14
1.5.48917.7.2.1.8.2
1.5.49057.10.2.1.26.1.9.7.6
1.5.49204.7.2.1.10.1.3
1.5.49257.11.2.1.9
1.5.49275.13.2.1.1.1
1.5.49361.17.2.1.22.7.20.3.10
1.5.49465.16.2.1.3.1
1.5.49665.6.2.1.10.3.12.1.1
1.5.49676.7.2.1
1.5.49758.6.2.1.1.1
1.5.49818.7.2.1.16.2.6.1
1.5.49824.7.2.1.6.2
1.5.49958.5.2.1.8.2.41.1
1.5.49996.13.2.1.23.5.18.2
1.5.49999.22.2.1
1.5.50010.14.2.1.13.2.7.2
1.5.50029.19.2.1
1.5.50140.8.2.1.6.9.24.2.8.1
1.5.50479.14.2.1.16.4.10
1.5.50555.6.2.1.17
1.5.50565.8.2.1.40.3.6.2
1.5.50635.8.2.1.13.5.35.5.24
1.5.50681.9.2.1
1.5.50797.13.2.1
1.5.50805.16.2.1.6.2
1.5.51017.8.2.1.7
1.5.51216.6.2.1
1.5.51337.6.2.1.3.3.10
1.5.51379.8.2.1.1.1
1.5.51416.6.2.1.9.2
1.5.51481.7.2.1.3.6.3
1.5.51509.8.2.1.39.8.4.1
1.5.51516.8.2.1.11
1.5.51572.12.2.1
1.5.51699.7.2.1.15.2
1.5.51735.8.2.1.11.1.1.1.35
1.5.51858.11.2.1.20.9.12
1.5.51996.38.2.1.22.1
1.5.52026.6.2.1.10.1.3.3
1.5.52116.9.2.1.2
1.5.52149.6.2.1
1.5.52377.23.2.1.5.1
1.5.52382.17.2.1.1
1.5.52448.8.2.1.1.1.19.6
1.5.52664.9.2.1.3.2.16.1
1.5.52729.32.2.1
1.5.52751.6.2.1.14.6.23.2.14
1.5.52808.16.2.1.26.7.11
1.5.52845.9.2.1.6.4.12.11
1.5.52976.10.2.1.11.2
1.5.53131.11.2.1.1.1.17.5
1.5.53152.8.2.1.18.2.19.1.12
1.5.53318.9.2.1.1.1.3.1
1.5.53346.10.2.1.7.1.13.1
1.5.53349.9.2.1
1.5.53376.6.2.1.5.5
1.5.53396.8.2.1.1.1.1.1
1.5.53422.10.2.1.1
1.5.53486.12.2.1.4.4
1.5.53493.12.2.1.17.4
1.5.53823.9.2.1.30.8.16.3
1.5.53847.7.2.1.17.1
1.5.54001.14.2.1.8.1.1.1
1.5.54148.13.2.1.3.13
1.5.54183.10.2.1.4.1.14
1.5.54197.15.2.1.6.2.9
1.5.54220.8.2.1.8
1.5.54373.7.2.1
1.5.54460.8.2.1.2.1.10
1.5.54473.7.2.1.5.4
1.5.54597.14.2.1
1.5.54699.5.2.1.28
1.5.54862.8.2.1.3
1.5.54875.10.2.1.7
1.5.54985.20.2.1
1.5.55020.10.2.1
1.5.55063.8.2.1.2.1.1.2.2.35
1.5.55116.9.2.1.14.7.22
1.5.55120.13.2.1.8
1.5.55323.6.2.1.6
1.5.55405.11.2.1.8.3
1.5.55446.13.2.1
1.5.55720.8.2.1
1.5.55797.10.2.1.6.4
1.5.55814.5.2.1.8.15.24.1
1.5.55895.21.2.1.1.1
1.5.56044.6.2.1.14
1.5.56063.7.2.1.8.2
1.5.56198.8.2.1.6.1.1.1.14
1.5.56324.7.2.1.10.1.3
1.5.56387.11.2.1.7
1.5.56405.13.2.1.1.1
1.5.56469.7.2.1
1.5.56492.17.2.1.22.7.21.2.4
1.5.56597.16.2.1.3.1
1.5.56725.6.2.1
1.5.56780.17.2.1.6.1.3.1.1
1.5.56802.6.2.1.10.3.12.1.1
1.5.56813.7.2.1
1.5.56885.6.2.1.1.1
1.5.56945.7.2.1.16.2.6.1
1.5.56951.7.2.1.6.2
1.5.57082.5.2.1.8.2.41.1
1.5.57156.40.2.1.16.9.20.3
1.5.57259.8.2.1.11
1.5.57260.9.2.1.12.2.2.9
1.5.57277.12.2.1.2.5
1.5.57584.14.2.1.16.4.10
1.5.57661.7.2.1.3.2
1.5.57664.21.2.1.3.2.6.1
1.5.57693.5.2.1.1.1
1.5.57775.9.2.1
1.5.57897.13.2.1
1.5.57956.20.2.1
1.5.58124.8.2.1.7
1.5.58326.6.2.1
1.5.58362.7.2.1.1
1.5.58593.7.2.1.3.6.3
1.5.58621.8.2.1.39.8.4.1
1.5.58699.12.2.1
1.5.58858.13.2.1.2.1.1
1.5.58869.15.2.1.19.1
1.5.58979.11.2.1.20.9.12
1.5.59109.10.2.1.6.1.1.1
1.5.59257.9.2.1.23.6.11.1.5
1.5.59268.7.2.1.6.14.31
1.5.59301.7.2.1
1.5.59499.23.2.1.5.1
1.5.59504.17.2.1.1
1.5.59582.8.2.1.1.1.19.6
1.5.59792.9.2.1.3.2.16.1
1.5.59857.32.2.1
1.5.59879.6.2.1.14.6.23.2.14
1.5.59936.16.2.1.26.7.11
1.5.59973.9.2.1.6.4.12.11
1.5.60036.12.2.1.17.3
1.5.60095.7.2.1.9.1.3
1.5.60189.8.2.1
1.5.60255.11.2.1.1.1.17.5
1.5.60276.8.2.1.18.2.19.1.12
1.5.60390.9.2.1.9.5.11.8
1.5.60427.12.2.1
1.5.60445.7.2.1
1.5.60463.27.2.1.3.6
1.5.61014.10.2.1.6.1
1.5.61087.11.2.1.24.1.15.3.13
1.5.61276.13.2.1.3.13
1.5.61294.8.2.1.7.10.21.2
1.5.61328.9.2.1.4.2.40.6.11
1.5.61354.10.2.1.18.9.16.3.2
1.5.61393.15.2.1.17.7.23.3.24
1.5.61404.15.2.1.10.6.7
1.5.61475.7.2.1
1.5.61562.8.2.1.2.1.10
1.5.61575.7.2.1.5.4
1.5.61711.14.2.1
1.5.61881.10.2.1.18.2
1.5.61968.8.2.1.3
1.5.61981.10.2.1.7
1.5.62100.20.2.1
1.5.62132.10.2.1
1.5.62177.10.2.1.6.2
1.5.62238.9.2.1.19.3.5
1.5.62242.13.2.1.8
1.5.62437.15.2.1
1.5.62444.9.2.1.29
1.5.62484.14.2.1.11.2
1.5.62536.11.2.1.8.3
1.5.62581.13.2.1
1.5.62627.6.2.1.2
1.5.62663.8.2.1
1.5.62725.16.2.1.7.2.3
1.5.62796.8.2.1.3.1.1.1
1.5.62951.9.2.1.21.2
1.5.62965.11.2.1.2.1.7
1.5.62990.9.2.1.5.1.4.1
1.5.63023.5.2.1.12.9
1.5.63054.21.2.1.1.1
1.5.63196.6.2.1.14
1.5.63215.7.2.1.8.2
1.5.63316.6.2.1.33.1
1.5.63369.10.2.1.26.1.9.7.6
1.5.63484.17.2.1.6.1.3
1.5.63529.7.2.1.10.1.3
1.5.63669.7.2.1
1.5.63696.18.2.1.8.1.28
1.5.63803.16.2.1.3.1
1.5.63985.17.2.1.6.1.3.1.1
1.5.64010.11.2.1
1.5.64140.7.2.1.16.2.6.1
1.5.64146.7.2.1.6.2
1.5.64201.9.2.1
1.5.64290.5.2.1.8.2.12.1
1.5.64369.40.2.1.16.9.20.3
1.5.64405.19.2.1.1.2.14.1
1.5.64501.9.2.1.7.4.10.3.30.21
1.5.64518.10.2.1
1.5.64807.14.2.1.16.4.10
1.5.64883.6.2.1.17
1.5.64893.8.2.1.40.3.6.2
1.5.64956.15.2.1.5
1.5.65002.9.2.1
1.5.65118.13.2.1
1.5.65365.8.2.1.7
1.5.65583.6.2.1
1.5.65710.6.2.1.3.3.10
1.5.65768.8.2.1.1.1
1.5.65859.7.2.1.3.6.3
1.5.65887.8.2.1.39.8.4.1
1.5.65894.8.2.1.11
1.5.65957.12.2.1
1.5.66070.7.2.1.15.2
1.5.66106.8.2.1.11.1.1.1.35
1.5.66225.11.2.1.20.9.12
1.5.66471.9.2.1.5.1.3
1.5.66712.13.2.1.6.2
1.5.66719.12.2.1.17.5.7
1.5.66777.12.2.1.4.3.6.1
1.5.66999.9.2.1.3.2.16.1
1.5.67090.6.2.1.14.6.23.2.14
1.5.67144.13.2.1
1.5.67254.12.2.1.17.3
1.5.67316.11.2.1.18.7.16.3.9
1.5.67410.15.2.1
1.5.67485.11.2.1.1.1.17.5
1.5.67506.8.2.1.18.2.19.1.12
1.5.67621.7.2.1.1.1.7.1
1.5.67846.12.2.1.4.4
1.5.67853.12.2.1.17.4
1.5.68147.10.2.1
1.5.68220.7.2.1.11.1
1.5.68366.14.2.1.8.1.1.1
1.5.68515.13.2.1.3.13
1.5.68549.8.2.1.24
1.5.68565.15.2.1.6.2.9
1.5.68588.8.2.1.8
1.5.68651.15.2.1.10.6.7
1.5.68713.7.2.1
1.5.68790.8.2.1.2.1.10
1.5.68803.7.2.1.5.4
1.5.68929.14.2.1
1.5.69024.9.2.1.3.1.9
1.5.69095.10.2.1.18.2
1.5.69187.8.2.1.3
1.5.69200.10.2.1.7
1.5.69352.9.2.1.3.1.58.11
1.5.69385.8.2.1.2.1.1.2.2.33
1.5.69445.9.2.1.19.3.5
1.5.69449.13.2.1.8
1.5.69636.15.2.1
1.5.69643.9.2.1.17
1.5.69702.9.2.1.4.1
1.5.69728.11.2.1.8.3
1.5.69810.6.2.1.2
1.5.69992.8.2.1.3.1.1.1
1.5.70146.10.2.1.6.4
1.5.70212.6.2.1.3.2
1.5.70226.21.2.1.1.1
1.5.70380.6.2.1.14
1.5.70399.7.2.1.8.2
1.5.70500.6.2.1.33.1
1.5.70553.10.2.1.26.1.9.7.6
1.5.70669.7.2.1
1.5.70706.7.2.1.10.1.3
1.5.70761.13.2.1.3
1.5.70779.13.2.1.1.1
1.5.70844.7.2.1
1.5.70867.17.2.1.22.7.21.2.4
1.5.70974.16.2.1.3.1
1.5.71157.17.2.1.6.1.3.1.1
1.5.71173.7.2.1.30.6.43.6.30
1.5.71311.7.2.1.16.2.6.1
1.5.71317.7.2.1.6.2
1.5.71451.5.2.1.8.2.40.1
1.5.71530.40.2.1.16.9.20.3
1.5.71637.10.2.1.6.2.4.3.5.23
1.5.71971.14.2.1.16.4.10
1.6.42.8.2.1.2.1.6
1.6.62.8.2.1.8.3
1.6.151.8.2.1.7
1.6.445.8.2.1.2.1.3.2.20
1.6.614.8.2.1.8.3.37
1.6.678.8.2.1.7.3
1.6.1104.8.2.1.2.1.1.1
1.6.1132.8.2.1.1
1.6.1263.8.2.1.40.1
1.6.1364.8.2.1.17.5
1.6.1398.8.2.1.13
1.6.1635.8.2.1.2.1.1.1
1.6.1638.8.2.1.1.1
1.6.1693.8.2.1
1.6.1861.8.2.1.10.2
1.6.1882.8.2.1
1.6.1951.8.2.1.16.11.25.6
1.6.1955.8.2.1
1.6.2119.8.2.1.5.4.6.1.3.14
1.6.2124.8.2.1.7
1.6.2213.8.2.1.4.2.2.3
1.6.2213.8.2.1.4.2.4.2
1.6.2223.8.2.1.21.2
1.6.2359.8.2.1.2.1.2.4
1.6.2372.8.2.1.11.7.15.1
1.6.2605.8.2.1.3.3
1.6.2607.8.2.1.4.3.6.1.11
1.6.2658.8.2.1.6.3.6.3
1.6.2736.8.2.1.1.1.4.1.2
1.6.2807.8.2.1.3
1.6.2851.8.2.1.19.2.5.5
1.6.2995.8.2.1.21.1
1.6.3012.8.2.1.9
1.6.3168.8.2.1.4.2
1.6.3209.8.2.1
1.6.3216.8.2.1.3.3.5.6
1.6.3249.8.2.1.1.1.8.5
1.6.3355.8.2.1.2.2
1.6.3413.8.2.1.2.1
1.6.3534.8.2.1.3.1
1.6.3589.8.2.1.10.1
1.6.3736.8.2.1
1.6.3960.8.2.1.3.1.1.4.51
1.6.4254.8.2.1.25.1.7
1.6.4289.8.2.1.4.1.2.1.10
1.6.4347.8.2.1.13
1.6.4373.8.2.1.32.1.5.3.25
1.6.4434.8.2.1.2.1.1.1
1.6.4512.8.2.1.6
1.6.4768.8.2.1.5
1.6.4802.8.2.1.10.2
1.6.4808.8.2.1.20.1.15
1.6.4864.8.2.1.3.1.8.2
1.6.4983.8.2.1.1.1.6.5
1.6.5102.8.2.1.4.5.7.1
1.6.5204.8.2.1.1.1.1.1.23.6
1.6.5234.8.2.1.7.3.17
1.6.5259.8.2.1.1
1.6.5507.8.2.1.2.7
1.6.5510.8.2.1.8
1.6.5561.8.2.1
1.6.5693.8.2.1.1
1.6.5695.8.2.1
1.6.5806.8.2.1.1.3.1.1.19
1.6.5965.8.2.1.3.1
1.6.5970.8.2.1.7.1
1.6.5985.8.2.1
1.6.6045.8.2.1.4.4.13
1.6.6063.8.2.1
1.6.6097.8.2.1.8.4.21.10
1.6.6188.8.2.1.2.2
1.6.6327.8.2.1.13
1.6.6454.8.2.1.25
1.6.6491.8.2.1.11.5
1.6.6603.8.2.1.1.1.1.1
1.6.6642.8.2.1
1.6.6729.8.2.1.4.3.5
1.6.6811.8.2.1.6.3.14
1.6.6847.8.2.1.15.1.34.2.4
1.6.6969.8.2.1.4.3
1.6.7132.8.2.1.2.2.6.3
1.6.7141.8.2.1.25.7.7.6.4
1.6.7209.8.2.1.8.6.31
1.6.7568.8.2.1
1.6.7618.8.2.1.22.7.25
1.6.7704.8.2.1.2.2
1.6.7832.8.2.1.5.1.3.2.3
1.6.7911.8.2.1
1.6.8038.8.2.1.10.2.5
1.6.8192.8.2.1.5.1.3.4
1.6.8204.8.2.1.25.2.11.1.8
1.6.8214.8.2.1.4.2.4.1
1.6.8296.8.2.1.7
1.6.8596.8.2.1.4.1.2.1
1.6.8778.8.2.1.1.3.6.2.1
1.6.8786.8.2.1
1.6.8846.8.2.1.7.3
1.6.8908.8.2.1.4.1
1.6.9050.8.2.1
1.6.9327.8.2.1.3.1.7
1.6.9354.8.2.1.3.1.4.4.10
1.6.9371.8.2.1.1.1.7
1.6.9454.8.2.1.7.7.12.3
1.6.9552.8.2.1.17.5
1.6.9599.8.2.1.2.3.12.1.7
1.6.9856.8.2.1.2.1.1.1
1.6.9859.8.2.1.1.1
1.6.9917.8.2.1.5.1.3.2
1.6.10100.8.2.1.10.2
1.6.10121.8.2.1
1.6.10352.8.2.1.5.4.6.1.3.14
1.6.10357.8.2.1.7
1.6.10443.8.2.1.4.2.2.3
1.6.10443.8.2.1.4.2.4.2
1.6.10453.8.2.1.21.2
1.6.10588.8.2.1.2.1.2.4
1.6.10601.8.2.1.11.7.15.1
1.6.10836.8.2.1.3.3
1.6.10838.8.2.1.4.3.6.1.11
1.6.10976.8.2.1.1.1.4.1.2
1.6.11045.8.2.1.13
1.6.11085.8.2.1.19.2.5.5
1.6.11167.8.2.1.23.5.12.2
1.6.11227.8.2.1.21.1
1.6.11244.8.2.1.9
1.6.11397.8.2.1.4.2
1.6.11438.8.2.1
1.6.11445.8.2.1.3.3.5.6
1.6.11452.8.2.1.10.2
1.6.11484.8.2.1.6.1.54.5
1.6.11532.8.2.1.48.1.3.2.10.23
1.6.11652.8.2.1.2.1
1.6.11758.8.2.1.3.1
1.6.11952.8.2.1
1.6.12092.8.2.1.16.3.60.1
1.6.12195.8.2.1.2
1.6.12314.8.2.1.11.6
1.6.12388.8.2.1.6.3
1.6.12478.8.2.1.25.1.7
1.6.12513.8.2.1.4.1.2.1.10
1.6.12571.8.2.1.13
1.6.12597.8.2.1.32.1.5.3.25
1.6.12747.8.2.1.6
1.6.13003.8.2.1.10.7.15.10.18
1.6.13043.8.2.1.20.2
1.6.13049.8.2.1.20.1.8
1.6.13105.8.2.1.3.1.8.2
1.6.13194.8.2.1.1.1.8.1.3
1.6.13429.8.2.1.1.1.1.1.27.10
1.6.13459.8.2.1.7.3.17
1.6.13484.8.2.1.1
1.6.13727.8.2.1.2.7
1.6.13730.8.2.1.8
1.6.13774.8.2.1
1.6.13802.8.2.1.5.3.7.1
1.6.13896.8.2.1.1
1.6.13898.8.2.1
1.6.14009.8.2.1.10
1.6.14165.8.2.1.3.1
1.6.14170.8.2.1.7.1
1.6.14229.8.2.1
1.6.14256.8.2.1.6
1.6.14312.8.2.1.2.2.7.4
1.6.14397.8.2.1.4
1.6.14536.8.2.1.13
1.6.14550.8.2.1.2.2
1.6.14674.8.2.1.25
1.6.14723.8.2.1.13.1.2
1.6.14726.8.2.1.16.3.6
1.6.14818.8.2.1.16.2
1.6.14895.8.2.1.7.2
1.6.14978.8.2.1.4.3.6
1.6.15057.8.2.1.16.5
1.6.15090.8.2.1.14.1.2.5
1.6.15093.8.2.1
1.6.15271.8.2.1.2.2.5.1.2
1.6.15342.8.2.1.4.1
1.6.15363.8.2.1.2.2.6.3
1.6.15372.8.2.1.25.7.7.6.4
1.6.15440.8.2.1.8.6.31
1.6.15849.8.2.1.15.5.13.9.90
1.6.15936.8.2.1.1
1.6.15952.8.2.1.33.1.2.7.10.27
1.6.16001.8.2.1.7.4.18.3
1.6.16060.8.2.1.18.4.8.7
1.6.16144.8.2.1
1.6.16425.8.2.1.2.1.6
1.6.16527.8.2.1.10.4.20.7.6
1.6.16815.8.2.1
1.6.17014.8.2.1.2.2.4.2.6
1.6.17258.8.2.1.1.1.2.2
1.6.17376.8.2.1.5
1.6.17532.8.2.1.3.1.7
1.6.17559.8.2.1.3.1.4.4.10
1.6.17576.8.2.1.1.1.7
1.6.17665.8.2.1.1.1
1.6.17771.8.2.1.17.5
1.6.17818.8.2.1.17.4.8.3.8
1.6.18079.8.2.1.2.1.1.1
1.6.18082.8.2.1.1.1
1.6.18130.8.2.1
1.6.18307.8.2.1.10.2
1.6.18328.8.2.1
1.6.18441.8.2.1.1.1.8.2
1.6.18549.8.2.1.5.4.6.1.3.14
1.6.18554.8.2.1.7
1.6.18684.8.2.1
1.6.18804.8.2.1.3.1.2
1.6.19073.8.2.1.4.3.11.5.38
1.6.19204.8.2.1.1.1.4.1.2
1.6.19276.8.2.1.13
1.6.19452.8.2.1.21.1
1.6.19469.8.2.1.9
1.6.19658.8.2.1
1.6.19665.8.2.1.3.3.5.6
1.6.19672.8.2.1.10.2
1.6.19704.8.2.1.6.1.54.5
1.6.19991.8.2.1.24.1
1.6.20138.8.2.1
1.6.20275.8.2.1.16.3.60.1
1.6.20328.8.2.1
1.6.20372.8.2.1.2
1.6.20611.8.2.1.11.1.1.1.1
1.6.20645.8.2.1
1.6.20658.8.2.1.20
1.6.20692.8.2.1
1.6.20733.8.2.1.1.2.23
1.6.20755.8.2.1.19.6.11
1.6.20859.8.2.1.2.1.1.1
1.6.20881.8.2.1.3.1
1.6.20939.8.2.1.6
1.6.21143.8.2.1.20.1.2.1
1.6.21201.8.2.1.5
1.6.21235.8.2.1.10.2
1.6.21241.8.2.1.20.1.15
1.6.21281.8.2.1.3.1.8.2
1.6.21369.8.2.1.25.1.3.3.30
1.6.21373.8.2.1.2.4
1.6.21614.8.2.1.1.1.1.1.22.4
1.6.21644.8.2.1.7.3.17
1.6.21680.8.2.1.2.4.15
1.6.21684.8.2.1.9.1.27.2.7
1.6.21909.8.2.1.2.7
1.6.21912.8.2.1.8
1.6.21963.8.2.1
1.6.22078.8.2.1.1
1.6.22080.8.2.1
1.6.22192.8.2.1.9.6.29
1.6.22349.8.2.1.3.1
1.6.22354.8.2.1.7.1
1.6.22369.8.2.1
1.6.22430.8.2.1.6
1.6.22486.8.2.1.2.2.7.4
1.6.22587.8.2.1
1.6.22602.8.2.1.4
1.6.22729.8.2.1.13
1.6.22743.8.2.1.2.2
1.6.22854.8.2.1.25
1.6.22903.8.2.1.13.1.2
1.6.22906.8.2.1.16.3.6
1.6.23008.8.2.1.1.1.1.1
1.6.23074.8.2.1.7.2
1.6.23157.8.2.1.4.3.5
1.6.23237.8.2.1.16.5
1.6.23261.8.2.1.1
1.6.23274.8.2.1.13.6.20.1
1.6.23424.8.2.1.2.2.5.1.2
1.6.23530.8.2.1.14.2.2.2.12
1.6.23607.8.2.1
1.6.24027.8.2.1.22.7.25
1.6.24116.8.2.1.2.2
1.6.24156.8.2.1.7.1
1.6.24157.8.2.1.9.3
1.6.24204.8.2.1.7.4.18.3
1.6.24245.8.2.1.5.1.3.2.3
1.6.24319.8.2.1
1.6.24629.8.2.1.2.1.6
1.6.24649.8.2.1.8.3
1.6.24738.8.2.1.10.4.20.7.6
1.6.25017.8.2.1.2.1.3.2.20
1.6.25188.8.2.1.1.3.6.2.1
1.6.25196.8.2.1
1.6.25311.8.2.1.4.1
1.6.25557.8.2.1.1.5.12
1.6.25708.8.2.1.3.1.7
1.6.25736.8.2.1.4
1.6.25753.8.2.1.1.1.7
1.6.25935.8.2.1.17.5
1.6.25982.8.2.1.17.4.8.3.8
1.6.26248.8.2.1.2.1.1.1
1.6.26251.8.2.1.1.1
1.6.26306.8.2.1
1.6.26465.8.2.1.10.2
1.6.26486.8.2.1
1.6.26555.8.2.1.16.11.25.6
1.6.26559.8.2.1
1.6.26737.8.2.1.5.4.6.1.3.13
1.6.26742.8.2.1.7
1.6.26884.8.2.1.20.2
1.6.26892.8.2.1.1.1
1.6.26992.8.2.1.2.1
1.6.27084.8.2.1
1.6.27251.8.2.1.4.3.11.5.38
1.6.27381.8.2.1.1.1.4.1.2
1.6.27453.8.2.1.13
1.6.27638.8.2.1.21.1
1.6.27655.8.2.1.9
1.6.27846.8.2.1.9.4
1.6.27890.8.2.1.3.3.12.1
1.6.27946.8.2.1.1.1.3.1
1.6.28073.8.2.1.2.1
1.6.28194.8.2.1.3.1
1.6.28249.8.2.1.10.1
1.6.28400.8.2.1
1.6.28623.8.2.1.3.1.1.4.51
1.6.28920.8.2.1
1.6.28933.8.2.1.20
1.6.28967.8.2.1
1.6.29008.8.2.1.1.2.23
1.6.29025.8.2.1.7.6.23
1.6.29052.8.2.1.32.1.5.3.32
1.6.29117.8.2.1.2.1.1.1
1.6.29220.8.2.1.9.5.7
1.6.29509.8.2.1.6
1.6.29547.8.2.1.10.2
1.6.29553.8.2.1.20.1.20
1.6.29593.8.2.1.3.1.8.2
1.6.29682.8.2.1.1.1.8.1.3
1.6.29922.8.2.1.1.1.1.1.22.4
1.6.29952.8.2.1.7.3.17
1.6.29977.8.2.1.1
1.6.30208.8.2.1.2.7
1.6.30211.8.2.1.8
1.6.30228.8.2.1.40.8
1.6.30288.8.2.1.5.3.7.1
1.6.30387.8.2.1.1
1.6.30389.8.2.1
1.6.30496.8.2.1.8.5.3.1.18
1.6.30641.8.2.1.3.1
1.6.30646.8.2.1.7.1
1.6.30726.8.2.1.26.2.14
1.6.30744.8.2.1
1.6.30778.8.2.1
1.6.30883.8.2.1.6.3.13
1.6.31005.8.2.1.13
1.6.31019.8.2.1.2.2
1.6.31144.8.2.1.25
1.6.31193.8.2.1.13.1.2
1.6.31196.8.2.1.16.3.6
1.6.31356.8.2.1.9.1
1.6.31416.8.2.1.6
1.6.31493.8.2.1.1
1.6.31497.8.2.1.6.2.12
1.6.31533.8.2.1.15.1.34.2.4
1.6.31558.8.2.1
1.6.31779.8.2.1.4.1
1.6.31800.8.2.1.2.2.6.3
1.6.31809.8.2.1.25.7.7.6.4
1.6.31877.8.2.1.8.6.31
1.6.32242.8.2.1
1.6.32292.8.2.1.22.7.25
1.6.32352.8.2.1.13
1.6.32380.8.2.1.2.2
1.6.32411.8.2.1.7.1
1.6.32412.8.2.1.9.3
1.6.32459.8.2.1.7.4.18.3
1.6.32596.8.2.1
1.6.32882.8.2.1.5.4
1.6.32962.8.2.1.7
1.6.33260.8.2.1.4.1.2.1
1.6.33451.8.2.1.9.7.24
1.6.33572.8.2.1.4.1
1.6.33699.8.2.1.1.1.2.2
1.6.33980.8.2.1.17.1.1.3
1.6.34094.8.2.1.1.1
1.6.34198.8.2.1.17.5
1.6.34232.8.2.1.13
1.6.34484.8.2.1.2.1.1.1
1.6.34487.8.2.1.1.1
1.6.34539.8.2.1
1.6.34691.8.2.1.10.2
1.6.34712.8.2.1
1.6.34825.8.2.1.1.1.8.2
1.6.34878.8.2.1.23.4.17.7
1.6.34935.8.2.1.5.4.6.1.11.1
1.6.34940.8.2.1.7
1.6.35034.8.2.1.4.2.2.3
1.6.35034.8.2.1.4.2.4.2
1.6.35044.8.2.1.21.2
1.6.35187.8.2.1
1.6.35444.8.2.1.4.3.11.5.38
1.6.35644.8.2.1.13
1.6.35697.8.2.1.19.2.5.5
1.6.35824.8.2.1.2.1
1.6.35840.8.2.1.8.5.12.3
1.6.36038.8.2.1.13.1.4.1
1.6.36042.8.2.1.17.4
1.6.36079.8.2.1.3.3.12.1
1.6.36192.8.2.1.2.2
1.6.36346.8.2.1.3.1
1.6.36401.8.2.1.10.1
1.6.36548.8.2.1
1.6.36688.8.2.1.16.3.60.1
1.6.36784.8.2.1.3.1.1.4.51
1.6.36926.8.2.1.11.6
1.6.37096.8.2.1.25.1.7
1.6.37131.8.2.1.4.1.2.1.10
1.6.37166.8.2.1.1.2.23
1.6.37188.8.2.1.19.6.11
1.6.37375.8.2.1.9.5.7
1.6.37574.8.2.1.17.1.3.3.7
1.6.37574.8.2.1.19.1.3.2
1.6.37588.8.2.1.20.1.2.1
1.6.37649.8.2.1.6
1.6.37687.8.2.1.10.2
1.6.37693.8.2.1.20.1.20
1.6.37749.8.2.1.3.1.8.2
1.6.37837.8.2.1.25.1.3.3.30
1.6.37841.8.2.1.2.4
1.6.38089.8.2.1.1.1.1.1.22.8
1.6.38119.8.2.1.7.3.17
1.6.38365.8.2.1.3.1.2.4
1.6.38431.8.2.1
1.6.38558.8.2.1.1
1.6.38560.8.2.1
1.6.38675.8.2.1.8.5.3.1.18
1.6.38816.8.2.1.8.10.18.3
1.6.38893.8.2.1.3.1
1.6.38901.8.2.1.3.2.22
1.6.38920.8.2.1
1.6.38951.8.2.1.2.2.7.4
1.6.39060.8.2.1.6.3.13
1.6.39203.8.2.1.15.7.49
1.6.39223.8.2.1.2.2
1.6.39329.8.2.1.25
1.6.39378.8.2.1.13.1.2
1.6.39381.8.2.1.16.3.6
1.6.39470.8.2.1.16.2
1.6.39651.8.2.1.4.1.10.3
1.6.39733.8.2.1.16.5
1.6.39760.8.2.1.2
1.6.40050.8.2.1.14.2.2.2.12
1.6.40118.8.2.1.8.6.31
1.6.40480.8.2.1
1.6.40530.8.2.1.22.7.25
1.6.40619.8.2.1.2.2
1.6.40646.8.2.1.7.1
1.6.40647.8.2.1.9.3
1.6.40694.8.2.1.7.4.18.3
1.6.40741.8.2.1.5.1.3.2.3
1.6.40820.8.2.1
1.6.41132.8.2.1.16
1.6.41551.8.2.1.4.1.2.1
1.6.41709.8.2.1.7.6.17
1.6.41777.8.2.1.7.3
1.6.41979.8.2.1.1.1.2.2
1.6.42234.8.2.1.26
1.6.42237.8.2.1.31.3
1.6.42261.8.2.1.17.1.1.3
1.6.42373.8.2.1.1.1
1.6.42487.8.2.1.17.5
1.6.42534.8.2.1.17.4.8.3.8
1.6.42814.8.2.1.2.1.1.1
1.6.42817.8.2.1.1.1
1.6.43037.8.2.1.10.2
1.6.43058.8.2.1
1.6.43306.8.2.1.5.4.6.1.27.14
1.6.43311.8.2.1.7
1.6.43390.8.2.1
1.6.43415.8.2.1.4.2.2.3
1.6.43415.8.2.1.4.2.4.2
1.6.43425.8.2.1.21.2
1.6.43450.8.2.1.20.2
1.6.43458.8.2.1.1.1
1.6.43549.8.2.1.15.4.28
1.6.43556.8.2.1
1.6.43646.8.2.1
1.6.43815.8.2.1.4.3.11.5.38
1.6.43947.8.2.1.1.1.4.1.2
1.6.44016.8.2.1.13
1.6.44056.8.2.1.19.2.5.5
1.6.44126.8.2.1.23.5.12.2
1.6.44168.8.2.1.2.1
1.6.44184.8.2.1.8.5.12.3
1.6.44396.8.2.1
1.6.44403.8.2.1.3.3.5.6
1.6.44410.8.2.1.10.2
1.6.44433.8.2.1.3.3.49.1
1.6.44605.8.2.1.2.1
1.6.44726.8.2.1.3.1
1.6.44920.8.2.1
1.6.45045.8.2.1.16.3.58.1
1.6.45073.8.2.1.10.3
1.6.45120.8.2.1
1.6.45161.8.2.1.3.1.1.4.51
1.6.45297.8.2.1.11.6
1.6.45437.8.2.1
1.6.45443.8.2.1.9.1.40
1.6.45459.8.2.1.4.2.5
1.6.45489.8.2.1.4.1.2.1.9
1.6.45524.8.2.1.1.2.23
1.6.45541.8.2.1.7.6.23
1.6.45568.8.2.1.32.1.5.3.32
1.6.45617.8.2.1.2.1.1.1
1.6.45694.8.2.1.6
1.6.45978.8.2.1.6
1.6.46016.8.2.1.10.2
1.6.46022.8.2.1.20.1.20
1.6.46062.8.2.1.3.1.8.2
1.6.46151.8.2.1.1.2.11.1.16
1.6.46395.8.2.1.1.1.1.1.22.8
1.6.46453.8.2.1.2.9.40
1.6.46457.8.2.1.9.1.52.2.11
1.6.46671.8.2.1.2.7
1.6.46674.8.2.1.8
1.6.46691.8.2.1.41.8
1.6.46725.8.2.1
1.6.46846.8.2.1.1
1.6.46848.8.2.1
1.6.46882.8.2.1.4.1
1.6.46948.8.2.1.1.3.1.1.24
1.6.47103.8.2.1.3.1
1.6.47108.8.2.1.7.1
1.6.47123.8.2.1
1.6.47178.8.2.1.3.1
1.6.47186.8.2.1.3.2.22
1.6.47205.8.2.1
1.6.47242.8.2.1
1.6.47347.8.2.1.6.3.13
1.6.47479.8.2.1.13
1.6.47603.8.2.1.25
1.6.47652.8.2.1.13.1.2
1.6.47655.8.2.1.16.3.6
1.6.47744.8.2.1.16.2
1.6.47880.8.2.1.4.3.5
1.6.47960.8.2.1.16.5
1.6.47987.8.2.1.2
1.6.48251.8.2.1.4.1
1.6.48272.8.2.1.2.2.6.3
1.6.48281.8.2.1.25.7.7.6.4
1.6.48349.8.2.1.8.6.31
1.6.48759.8.2.1.22.7.25
1.6.48819.8.2.1.13
1.6.48847.8.2.1.2.2
1.6.48873.8.2.1.7.1
1.6.48874.8.2.1.9.3
1.6.48924.8.2.1.4.1
1.6.48949.8.2.1.5.1.3.2.3
1.6.49028.8.2.1
1.6.49291.8.2.1.5.1.3.4
1.6.49360.8.2.1.21.2.6.1
1.6.49724.8.2.1.2.1.3.2.20
1.6.49791.8.2.1.3.1.4.1
1.6.49905.8.2.1.1.3.6.2.1
1.6.49913.8.2.1
1.6.50144.8.2.1
1.6.50258.8.2.1.1.5.12
1.6.50419.8.2.1.3.1.7
1.6.50444.8.2.1.17.1.1.3
1.6.50548.8.2.1.1.1
1.6.50662.8.2.1.17.5
1.6.50696.8.2.1.13
1.6.50936.8.2.1.2.1.1.1
1.6.50939.8.2.1.1.1
1.6.50991.8.2.1
1.6.51154.8.2.1.10.2
1.6.51175.8.2.1
1.6.51406.8.2.1.5.4.6.1.3.14
1.6.51411.8.2.1.7
1.6.51662.8.2.1.2.1
1.6.51753.8.2.1
1.6.51904.8.2.1.3.3
1.6.51906.8.2.1.4.3.6.1.11
1.6.51957.8.2.1.6.3.6.3
1.6.52035.8.2.1.1.1.4.1.2
1.6.52106.8.2.1.3
1.6.52150.8.2.1.19.2.5.5
1.6.52260.8.2.1.2.1
1.6.52276.8.2.1.8.5.12.3
1.6.52454.8.2.1.5.1
1.6.52494.8.2.1.9.4
1.6.52527.8.2.1.3.3.12.1
1.6.52804.8.2.1.3.1
1.6.52859.8.2.1.10.1
1.6.53005.8.2.1
1.6.53076.8.2.1.16.1
1.6.53138.8.2.1.7
1.6.53224.8.2.1.3.1.1.4.51
1.6.53361.8.2.1.11.6
1.6.53435.8.2.1.6.3
1.6.53540.8.2.1.20
1.6.53574.8.2.1
1.6.53615.8.2.1.1.2.23
1.6.53632.8.2.1.7.6.23
1.6.53659.8.2.1.32.1.5.3.32
1.6.53829.8.2.1.9.5.7
1.6.54115.8.2.1.6
1.6.54153.8.2.1.10.2
1.6.54159.8.2.1.20.1.20
1.6.54215.8.2.1.3.1.8.2
1.6.54305.8.2.1.25.1.3.3.30
1.6.54309.8.2.1.2.4
1.6.54536.8.2.1.1.1.1.1.22.4
1.6.54589.8.2.1.7
1.6.54595.8.2.1.7.2.4
1.6.54800.8.2.1.2.7
1.6.54803.8.2.1.8
1.6.54981.8.2.1.1
1.6.54983.8.2.1
1.6.55091.8.2.1.1.3.1.1.24
1.6.55249.8.2.1.3.1
1.6.55254.8.2.1.7.1
1.6.55324.8.2.1.3.1
1.6.55332.8.2.1.3.2.22
1.6.55371.8.2.1
1.6.55475.8.2.1.4
1.6.55622.8.2.1.13
1.6.55636.8.2.1.2.2
1.6.55746.8.2.1.25
1.6.55795.8.2.1.13.1.2
1.6.55798.8.2.1.16.3.6
1.6.55975.8.2.1.5.1
1.6.56047.8.2.1.4.1.10.3
1.6.56122.8.2.1.16.5
1.6.56155.8.2.1.14.1.2.5
1.6.56158.8.2.1
1.6.56270.8.2.1.4.3
1.6.56430.8.2.1.2.2.6.3
1.6.56439.8.2.1.25.7.7.6.4
1.6.56501.8.2.1.8.6.25
1.6.56830.8.2.1
1.6.56914.8.2.1.22.7.25
1.6.57017.8.2.1.5
1.6.57051.8.2.1.7.1
1.6.57052.8.2.1.9.3
1.6.57099.8.2.1.7.4.18.3
1.6.57159.8.2.1.5.1.3.2.3
1.6.57357.8.2.1.10.2.5
1.6.57516.8.2.1.5.1.3.4
1.6.57528.8.2.1.25.2.11.1.8
1.6.57625.8.2.1.7
1.6.57929.8.2.1.4.1.2.1
1.6.58111.8.2.1.1.3.6.2.1
1.6.58119.8.2.1
1.6.58183.8.2.1
1.6.58357.8.2.1
1.6.58360.8.2.1.3.1
1.6.58463.8.2.1.1.5.12
