1.1.1.181.8.2.9.8
1.1.1.184.19.2.29.14
1.1.1.322.5.1.14.4.9.2
1.1.1.390.5.1.3.1.2
1.1.1.392.5.1
1.1.1.514.5.1.3
1.1.1.670.17.3.4
1.1.1.840.13.2.20.6.8
1.1.1.881.13.2.4
1.1.1.881.13.3.4
1.1.1.1048.5.1.1.2.21
1.1.1.1070.5.1
1.1.1.1347.18.3.10.5.12
1.1.1.1350.13.3.14.6
1.1.1.1360.5.1.4.3.5
1.1.1.1386.3
1.1.1.1387.18.2.7.6.4.1
1.1.1.1406.5.1.16
1.1.1.1450.5.1.2.1.3.1.7.35
1.1.1.1572.5.1.4.2.6
1.1.1.1575.5.1.6.3.24
1.1.1.1595.15.2.9
1.1.1.1607.5.1.2.6.31.1.2
1.1.1.1655.11.3.4.4
1.1.1.1675.42.2.7.1.3.1
1.1.1.1724.16.1.5.3
1.1.1.1747.5.1.2.1.15
1.1.1.1843.5.1.3.8
1.1.1.1871.5.1.5.4
1.1.1.1908.5.1.4.4
1.1.1.1958.9.1.7
1.1.1.1983.5.1.3.1.2
1.1.1.2097.15.2.22
1.1.1.2135.5.1.3.1.2.1.6
1.1.1.2164.9.2.22
1.1.1.2338.5.1.9
1.1.1.2412.17.2.7.2.17
1.1.1.2440.37.2.19.7.7
1.1.1.2586.5.1.3
1.1.1.2598.11.2.4
1.1.1.2600.5.1.5.1.4.2
1.1.1.2702.5.1.17.5.14
1.1.1.2707.18.3.19
1.1.1.2755.5.1
1.1.1.2819.12.1.4
1.1.1.2839.5.1.15
1.1.1.2850.15.3
1.1.1.2968.9.2.8.2
1.1.1.3036.5.1
1.1.1.3074.5.1.26.15
1.1.1.3162.11.1.17
1.1.1.3215.5.1.6.4.20.4.77
1.1.1.3296.34.2.18.2.5
1.1.2.3349.23.1.38.12
1.1.2.3420.5.1
1.1.2.3433.10.1.6
1.1.2.3469.20.3.6
1.1.2.3558.5.1
1.1.2.3587.5.1.1.8.13
1.1.2.3740.16.3.14.2.4.1
1.1.2.3758.18
1.1.2.3773.5.1.3.1.2.2
1.1.2.3774.14.2.6.1.3
1.1.2.3781.5.1
1.1.2.3785.5.1.3.10
1.1.2.3913.5.1.5
1.1.2.3942.22.2.11
1.1.2.4025.5.1.11.7
1.1.2.4044.5.1.5.4.13
1.1.2.4047.17.3.4.11.7
1.1.2.4128.5.1.1
1.1.2.4134.5.1
1.1.2.4157.5.1.2.15.8.2
1.1.2.4172.15.1.13.2
1.1.2.4217.5.1.2.1.4
1.1.2.4222.5.1
1.1.2.4296.5.1.16
1.1.2.4316.14.2.8.2
1.1.2.4328.5.1.10
1.1.2.4352.10.2.24.10
1.1.2.4362.14.3
1.1.2.4492.19.2.11.1.1
1.1.2.4513.8.2.4.3
1.1.2.4579.20.1.17.10
1.1.2.4597.29.1.11.15
1.1.2.4610.5.1.2.1.3.1
1.1.2.4652.26.3.27
1.1.2.4706.5.1.7.1.1.1
1.1.2.4714.39.2.22.2.10.2.50
1.1.2.4720.17.4.4.1
1.1.2.4765.5.1.2.1
1.1.2.4812.31.2
1.1.2.4836.5.1.57.3.15.3.15
1.1.2.4941.5.1.1.2.30.7.30
1.1.2.5057.14.2.12.12
1.1.2.5075.5.1.5.1.2
1.1.2.5117.5.1
1.1.2.5160.5.1.1.2.2.1
1.1.2.5268.5.1.2.3.3
1.1.2.5273.17.4.32
1.1.2.5322.5.1.8.1.6
1.1.2.5322.5.1.8.1.8
1.1.2.5422.53.1.15
1.1.2.5646.24.1.11
1.1.2.5655.17.4.4
1.1.2.5701.5.1.1.2
1.1.2.5703.22.4
1.1.2.5790.5.1.3.1.2
1.1.2.5792.5.1
1.1.2.5905.5.1.3
1.1.2.6060.17.3.4
1.1.2.6255.5.1.9.1.22
1.1.2.6423.17.1.22.15
1.1.2.6468.5.1
1.1.2.6622.31.1.38.24
1.1.2.6629.21.2.4.22
1.1.2.6630.5.1.1.28.9.3
1.1.2.6731.16.5.21
1.1.2.6733.21.1.4.2
1.1.2.6743.5.1.4.3.5
1.1.2.6764.5.1.2.2
1.1.2.6787.5.1.2
1.1.2.6823.8.1.7.4
1.1.2.6941.5.1.4.2.6
1.1.2.6944.5.1.6.3.24
1.1.2.6964.15.2.9
1.1.2.6976.5.1.2.6.31.1.2
1.1.2.7024.11.3.4.10
1.1.2.7043.30.2.7.1.3.1
1.1.2.7076.9.1.6.2
1.1.2.7096.9.3.4.5
1.1.2.7227.5.1.3.8
1.1.2.7255.5.1.5.4
1.1.2.7345.9.1.7
1.1.2.7370.5.1.3.1.2
1.1.2.7484.15.2.21
1.1.2.7523.5.1.3.1.2.1.6
1.1.2.7552.9.2.22
1.1.2.7639.20
1.1.2.7736.15.8
1.1.2.7812.17.2.7.2.23
1.1.2.7840.37.2.19.7.7
1.1.2.7971.5.1.1.2.4.3.3
1.1.2.7984.5.1.3
1.1.2.7996.11.2.4
1.1.2.7998.5.1.5.1.4.2
1.1.2.8105.5.1.17.5.14
1.1.2.8110.18.3.19
1.1.2.8187.5.1
1.1.2.8211.12.1.4
1.1.2.8231.5.1.15
1.1.2.8242.15.3
1.1.2.8362.9.2.8.2
1.1.2.8430.5.1
1.1.2.8468.5.1.26.15
1.1.2.8556.11.1.17
1.1.2.8568.6
1.1.2.8653.3
1.1.2.8702.10.1.4
1.1.2.8760.15.2.8.1.5.2.10
1.1.2.8778.11.2.8
1.1.2.8819.5.1
1.1.2.8832.10.1.6
1.1.2.8887.16.2
1.1.2.8964.5.1
1.1.2.8993.5.1.1.8.13
1.1.2.9076.19.1.10.5
1.1.2.9081.13.2.8.5
1.1.2.9166.10.1.15
1.1.2.9181.18
1.1.2.9196.5.1.3.1.2.2
1.1.2.9197.14.2.6.1.3
1.1.2.9204.5.1
1.1.2.9208.5.1.3.10
1.1.2.9341.17.4.10.7.2
1.1.2.9357.14.2
1.1.2.9364.5.1
1.1.2.9442.5.1
1.1.2.9450.15.2.5.3
1.1.2.9488.17.3.4.11.8
1.1.2.9506.34.2.16.2.8
1.1.2.9563.5.1.1
1.1.2.9569.5.1
1.1.2.9591.18.2.15.8.7.2
1.1.2.9606.15.1.13.2
1.1.2.9648.16.2.17.15
1.1.2.9724.5.1.5.1.2
1.1.2.9749.29.2.13.1.3
1.1.2.9787.5.1.2.1.4
1.1.2.9928.19.2.16.4
1.1.2.9947.5.1.3.1.17
1.1.2.9975.5.1.1
1.1.2.10026.20.1.17.10
1.1.2.10044.29.1.11.15
1.1.2.10057.5.1.2.1.3.1
1.1.2.10062.9.1.9
1.1.2.10078.17.1.8.5
1.1.2.10101.5.1.3.3.18
1.1.2.10177.14.3.6
1.1.2.10286.31.2
1.1.2.10310.5.1.57.3.15.3.15
1.1.2.10412.5.1.1.2.24.4.2
1.1.2.10444.8.1.5
1.1.2.10459.13.1.5
1.1.2.10543.5.1.1
1.1.2.10553.5.1.1.1.7.2.6
1.1.2.10602.5.1
1.1.2.10640.5.1.1.2.2.1
1.1.2.10744.5.1.2.3.3
1.1.2.10749.17.4.32
1.1.2.10809.5.1.8.1.42
1.1.2.10809.5.1.8.1.44
1.1.2.10820.17.2
1.1.2.10949.17.6.4
1.1.2.11046.8.2.9.8
1.1.2.11049.19.2.29.14
1.1.2.11147.5.1.4.1
1.1.2.11194.5.1.14.4.9.2
1.1.2.11276.14.1.5.9
1.1.2.11314.21.3.8
1.1.2.11393.5.1.3
1.1.2.11556.17.3.4
1.1.2.11724.41.1.8.7
1.1.2.11736.47.2.12.5.6.4.26
1.1.2.11877.17.1.22.15
1.1.2.11930.17.1.8.4
1.1.2.12079.5.1.3
1.1.2.12186.5.1.6
1.1.2.12189.13.3.14.6
1.1.2.12199.5.1.4.3.5
1.1.2.12215.5.1
1.1.2.12224.5.1.1.5.8.9
1.1.2.12243.5.1.4.3.3.1.2
1.1.2.12276.8.1.7.4
1.1.2.12300.5.1.27.1.1.3
1.1.2.12309.5.1.5.1.13.10
1.1.2.12402.5.1.4.2.6
1.1.2.12424.15.2.9
1.1.2.12436.5.1.2.6.31.1.2
1.1.2.12504.42.2.7.1.3.1
1.1.2.12547.5.1.1
1.1.2.12674.5.1.3.8
1.1.2.12702.5.1.5.4
1.1.2.12789.9.1.7
1.1.2.12814.5.1.3.1.2
1.1.2.12904.5.1.4
1.1.2.12943.5.1.3.1.2.1.6
1.1.2.12972.5.1
1.1.2.13123.11.1.5.5
1.1.2.13226.17.2.7.2.6
1.1.2.13254.37.2.19.7.7
1.1.2.13368.25.2.16.1.2
1.1.2.13380.8.1.5.3
1.1.2.13400.5.1.3
1.1.2.13459.23.4.26
1.1.2.13482.5.1.16.4.13
1.1.2.13536.5.1
1.1.2.13598.12.1.4
1.1.2.13619.5.1.15
1.1.2.13630.15.3
1.1.2.13751.18.2.20.3
1.1.2.13828.5.1
1.1.2.13866.5.1.26.15
1.1.2.13954.11.1.17
1.1.2.13985.11.1.5
1.1.2.14007.5.1.9.1.2
1.1.2.14098.13.3.16.10.8
1.1.2.14121.5.1.2.2.56.2
1.1.2.14147.16.2.11.1.18
1.1.2.14272.16.2
1.1.2.14347.5.1
1.1.2.14373.10.1.4.4
1.1.2.14566.22.4.5.22
1.1.2.14576.18
1.1.2.14589.15.2
1.1.2.14591.20.4.4.5
1.1.2.14723.17.4.12
1.1.2.14812.5.1
1.1.2.14820.15.2.5.3
1.1.2.14858.17.3.4.11.8
1.1.2.14876.34.2.16.2.8
1.1.2.14938.5.1.1
1.1.2.14944.5.1
1.1.2.14987.15.1.13.2
1.1.2.15029.16.2.17.15
1.1.2.15107.5.1.24
1.1.2.15131.29.2.13.1.3
1.1.2.15169.5.1.2.1.4
1.1.3.15312.19.2.16.4
1.1.3.15331.5.1.3.1.17
1.1.3.15402.20.1.17.10
1.1.3.15436.10.5.4.15.14
1.1.3.15483.5.1.3.3.18
1.1.3.15556.14.3.6
1.1.3.15640.5.1.5.2.3
1.1.3.15688.39.2.8
1.1.3.15794.11.1.5.2
1.1.3.15915.8.1.16.3
1.1.3.15926.5.1.1.1.7.2.6
1.1.3.15975.5.1
1.1.3.16007.5.1.1.2.2.1
1.1.3.16098.5.1.2.2.5
1.1.3.16103.17.4.32
1.1.3.16157.5.1.1
1.1.3.16383.8.2.9.8
1.1.3.16386.19.2.29.14
1.1.3.16531.5.1.14.4.9.2
1.1.3.16558.5.1.6.2.28.5
1.1.3.16617.5.1.3.1.2
1.1.3.16619.5.1
1.1.3.16682.13.2.6.1.2.2
1.1.3.16685.26
1.1.3.16724.14.2.8.1
1.1.3.16727.22.3.10.1.4.2.23
1.1.3.16806.15.1.4.2
1.1.3.16880.27.2.4
1.1.3.16883.3
1.1.3.16922.11.1.5.4
1.1.3.17044.41.1.8.7
1.1.3.17085.13.2.4
1.1.3.17085.13.3.4
1.1.3.17242.5.1.1.2.21
1.1.3.17273.17.1.8.4
1.1.3.17413.5.1.3
1.1.3.17527.18.3.10.5.12
1.1.3.17530.13.3.14.6
1.1.3.17540.5.1.4.3.5
1.1.3.17560.5.1
1.1.3.17573.5.1.1.8.3.2
1.1.3.17593.5.1.16
1.1.3.17637.5.1.2.1.3.1.7.46
1.1.3.17765.5.1.4.2.6
1.1.3.17768.5.1.6.3.24
1.1.3.17784.15.2.9
1.1.3.17796.5.1.2.6.31.1.2
1.1.3.17842.58.2.10.9.34
1.1.3.17875.40.2
1.1.3.17908.5.1.18.1.4
1.1.3.17930.5.1.9
1.1.3.18032.5.1.3.8
1.1.3.18060.5.1.5.4
1.1.3.18145.22.5
1.1.3.18165.9.1.7
1.1.3.18190.5.1.3.1.2
1.1.3.18303.20.1.13.11
1.1.3.18343.5.1.3.1.2.1.6
1.1.3.18372.9.2.22
1.1.3.18553.15.8
1.1.3.18629.17.2.7.2.23
1.1.3.18657.37.2.19.7.7
1.1.3.18686.13.1.8
1.1.3.18786.25.2.16.1.2
1.1.3.18798.8.1.5.3
1.1.3.18818.5.1.3
1.1.3.18877.23.4.26
1.1.3.18900.5.1.17.5.14
1.1.3.18905.18.3.19
1.1.3.18947.5.1
1.1.3.19017.12.1.4
1.1.3.19038.5.1.15
1.1.3.19049.15.3
1.1.3.19165.18.2.20.3
1.1.3.19233.5.1
1.1.3.19271.5.1.26.15
1.1.3.19359.11.1.17
1.1.3.19371.6
1.1.3.19438.13.2.8
1.1.3.19523.10.1.4
1.1.3.19589.15.2.8.1.5.2.23
1.1.3.19604.11.2.8
1.1.3.19711.16.2
1.1.3.19793.5.1
1.1.3.19822.5.1.1.8.13
1.1.3.20006.18
1.1.3.20021.5.1.3.1.2.2
1.1.3.20022.14.2.6.1.3
1.1.3.20029.5.1
1.1.3.20033.5.1.3.10
1.1.3.20151.13.1.7.2
1.1.3.20289.17.3.4.11.8
1.1.3.20330.20.2.10.4
1.1.3.20389.17.3.7.6
1.1.3.20392.9.1.6.5
1.1.3.20422.14.5.11.1
1.1.3.20429.9.1.9.3
1.1.3.20481.16.2.17.15
1.1.3.20572.5.1.24
1.1.3.20594.5.1.13
1.1.3.20618.10.2.24.10
1.1.3.20628.14.3
1.1.3.20772.19.2.16.4
1.1.3.20791.5.1.3.1.17
1.1.3.20819.5.1.1
1.1.3.20870.20.1.17.10
1.1.3.20888.29.1.11.15
1.1.3.20900.10.1.5.2.2
1.1.3.20924.5.1.4.2.6
1.1.3.20942.26.3.27
1.1.3.21015.14.3.6
1.1.3.21096.5.1.8
1.1.3.21153.5.1.23.3.14.3.15
1.1.3.21258.5.1.1.2.24.4.2
1.1.3.21317.11.3.8
1.1.3.21325.11.3.8.3
1.1.3.21384.5.1.1
1.1.3.21394.5.1.1.1.7.2.6
1.1.3.21437.5.1
1.1.3.21477.5.1.1.2.2.1
1.1.3.21549.9.1.4
1.1.3.21573.5.1
1.1.3.21595.5.1.3.1
1.1.3.21628.5.1.1
1.1.3.21640.17.2
1.1.3.21856.8.2.9.8
1.1.3.21859.19.2.29.14
1.1.3.21889.19.2.14
1.1.3.21935.5.1
1.1.3.21956.5.1.4.1
1.1.3.21996.5.1.14.4.9.2
1.1.3.22081.5.1.3.1.2
1.1.3.22083.5.1
1.1.3.22200.5.1.5.1.1
1.1.3.22283.15.1.4.2
1.1.3.22356.17.3.4
1.1.3.22377.6
1.1.3.22518.41.1.8.7
1.1.3.22697.17.1.22.15
1.1.3.22743.5.1
1.1.3.22806.30.1.19
1.1.3.22923.9.1.8
1.1.3.22928.5.1.4.2.7
1.1.3.22950.5.1
1.1.3.22987.5.1.4.1.5.1.8
1.1.3.23046.18.3.10.5.12
1.1.3.23049.13.3.14.6
1.1.3.23059.5.1.4.3.5
1.1.3.23079.19.1.15
1.1.3.23086.5.1.9.1
1.1.3.23109.5.1.2.1.3.2.4
1.1.3.23109.5.1.2.1.4.3.7
1.1.3.23151.5.1.2.1.3.1.7.34
1.1.3.23278.5.1.4.2.6
1.1.3.23281.5.1.6.3.24
1.1.3.23297.15.2.9
1.1.3.23309.5.1.2.6.31.1.2
1.1.3.23381.15
1.1.3.23415.16.1.5.3
1.1.3.23537.5.1.3.8
1.1.3.23565.5.1.5.4
1.1.3.23637.5.1.2.1
1.1.3.23657.9.1.7
1.1.3.23682.5.1.3.1.2
1.1.3.23789.15.2.21
1.1.3.23828.5.1.3.1.2.1.6
1.1.3.23886.6
1.1.3.24027.5.1.9
1.1.3.24101.17.2.7.2.17
1.1.3.24129.37.2.19.7.7
1.1.3.24299.11.1.7.5
1.1.3.24381.5.1.17.5.19
1.1.3.24386.18.3.19
1.1.3.24434.5.1
1.1.3.24496.12.1.4
1.1.3.24516.5.1.15
1.1.3.24527.15.3
1.1.3.24646.9.2.8.2
1.1.3.24692.8.3.4
1.1.3.24745.5.1.26.15
1.1.3.24780.30.2
1.1.3.24895.9.2.4.4
1.1.3.24982.13.3.16.10.8
1.1.3.25005.5.1.2.2.56.2
1.1.3.25031.16.2.11.1.18
1.1.3.25099.5.1
1.1.3.25112.10.1.6
1.1.3.25163.16.2
1.1.3.25194.5.1.21
1.1.3.25247.5.1
1.1.3.25276.5.1.1.8.13
1.1.3.25425.9.1.4.1
1.1.3.25456.18
1.1.3.25470.5.1.3.1.2.2
1.1.3.25471.14.2.6.1.3
1.1.3.25478.5.1
1.1.3.25482.5.1.3.10
1.1.3.25600.17.4.10.7.2
1.1.3.25616.14.2
1.1.3.25743.17.3.4.11.8
1.1.3.25761.34.2.16.2.8
1.1.3.25821.5.1.1
1.1.3.25827.5.1
1.1.3.25849.18.2.15.8.7.2
1.1.3.25864.15.1.13.2
1.1.3.25905.16.2.17.15
1.1.3.25986.5.1.16
1.1.3.26008.5.1.13
1.1.3.26046.14.3
1.1.3.26174.19.2.16.4
1.1.3.26193.5.1.3.1.17
1.1.3.26221.5.1.1
1.1.3.26272.20.1.17.10
1.1.3.26306.10.3.12.18.14
1.1.3.26314.9.1.9
1.1.3.26350.9.1.5.9
1.1.3.26397.5.1
1.1.3.26406.22.2.4
1.1.3.26430.14.3.6
1.1.3.26514.5.1.5.2.3
1.1.3.26562.39.2.8
1.1.3.26668.11.1.5.2
1.1.3.26722.11.3.8
1.1.3.26730.11.3.8.3
1.1.3.26767.20.5.13.10.2.4
1.1.3.26781.14.2.12.12
1.1.3.26799.5.1.5.1.2
1.1.3.26841.5.1
1.1.3.26875.14.4
1.1.3.26953.12.2.15
1.1.3.26984.5.1
1.1.3.27034.5.1.8.1.14
1.1.3.27034.5.1.8.1.16
1.1.3.27045.17.2
1.1.3.27260.8.2.9.8
1.1.3.27263.19.2.29.14
1.1.3.27347.3
1.1.3.27417.5.1.1.2
1.1.3.27419.22.4
1.1.3.27508.5.1.3.1.2
1.1.3.27510.5.1
1.1.3.27595.16.2.11.1.2.2
1.1.3.27602.15.1.6.1.2.2
1.1.3.27631.5.1.5.1.1
1.1.3.27793.17.3.4
1.1.3.27998.13.2.4
1.1.3.27998.13.3.4
1.1.3.28172.5.1
1.1.3.28235.30.1.19
1.1.3.28349.5.1.3
1.1.3.28460.16.5.21
1.1.3.28462.21.1.4.2
1.1.3.28472.5.1.4.3.5
1.1.3.28493.5.1.2.2
1.1.4.21.15.2.6
1.1.4.62.5.1.2.1.3.1.7.52
1.1.4.80.5.1.9.1.1.3
1.1.4.85.5.1.2.1
1.1.4.192.5.1.4.2.6
1.1.4.195.5.1.6.3.24
1.1.4.211.15.2.9
1.1.4.223.5.1.2.6.31.1.2
1.1.4.291.42.2.7.1.3.1
1.1.4.324.9.1.6.2
1.1.4.344.9.3.4.5
1.1.4.367.5.1.9.13.58
1.1.4.391.8.3.12.15.3
1.1.4.460.5.1.3.8
1.1.4.488.5.1.5.4
1.1.4.525.13.1.13
1.1.4.607.5.1.3.1.2
1.1.4.666.5.1
1.1.4.711.15.2.21
1.1.4.742.5.1.3.1.2.1.6
1.1.4.940.5.1.9
1.1.4.1014.17.2.7.2.17
1.1.4.1042.37.2.19.7.7
1.1.4.1194.5.1.3
1.1.4.1206.11.2.4
1.1.4.1208.5.1.5.1.4.2
1.1.4.1277.8.1.6
1.1.4.1306.5.1.15
1.1.4.1320.9.1.12.13
1.1.4.1408.5.1
1.1.4.1432.12.1.4
1.1.4.1453.5.1.15
1.1.4.1464.15.3
1.1.4.1588.9.2.8.2
1.1.4.1658.5.1
1.1.4.1696.5.1.26.15
1.1.4.1786.11.1.17
1.1.4.1798.6
1.1.4.1879.3
1.1.4.1929.13.3.16.10.8
1.1.4.1952.5.1.2.2.56.2
1.1.4.1978.16.2.11.1.18
1.1.4.1999.11.2.8
1.1.4.2047.5.1
1.1.4.2060.10.1.6
1.1.4.2096.20.3.6
1.1.4.2111.16.2
1.1.4.2142.5.1.21
1.1.4.2185.5.1
1.1.4.2214.5.1.1.8.13
1.1.4.2397.18
1.1.4.2411.8.1.4.3
1.1.4.2467.5.1.7.16.7
1.1.4.2472.15.2.15
1.1.4.2547.5.1.5
1.1.4.2567.14.2
1.1.4.2574.5.1
1.1.4.2657.5.1
1.1.4.2665.15.2.5.3
1.1.4.2703.17.3.4.11.8
1.1.4.2801.17.3.7.6
1.1.4.2804.9.1.6.5
1.1.4.2834.14.5.11.1
1.1.4.2841.9.1.9.3
1.1.4.2894.16.2.17.15
1.1.4.2975.5.1.24
1.1.4.2997.5.1.13
1.1.4.3035.14.3
1.1.4.3152.19.2.11.1.1
1.1.4.3173.8.2.4.3
1.1.4.3239.20.1.17.10
1.1.4.3267.12.1.10.3.24
1.1.4.3293.5.1.1.1.7
1.1.4.3313.26.3.27
1.1.4.3515.39.2.8
1.1.4.3631.5.1.5.1.1
1.1.4.3772.38.2.8.6
1.1.4.3814.5.1
1.1.4.3855.5.1.1.2.2.1
1.1.4.3957.5.1.2.3.3
1.1.4.3962.17.4.32
1.1.4.4011.5.1.8.1.6
1.1.4.4011.5.1.8.1.8
1.1.4.4022.17.2
1.1.4.4241.8.2.9.8
1.1.4.4244.19.2.29.14
1.1.4.4275.16.3.13.3.5
1.1.4.4387.5.1.1.2
1.1.4.4389.22.4
1.1.4.4478.5.1.1
1.1.4.4614.5.1.3
1.1.4.4762.17.3.4
1.1.4.4783.6
1.1.4.4913.41.1.8.7
1.1.4.4932.5.1.5.1.1
1.1.4.5131.5.1
1.1.4.5301.5.1.4.2.7
1.1.4.5323.5.1
1.1.4.5360.5.1.4.1.5.1.8
1.1.4.5422.5.1.6
1.1.4.5425.13.3.14.6
1.1.4.5435.5.1.4.3.5
1.1.4.5482.5.1.16
1.1.4.5520.8.1.7.4
1.1.4.5553.5.1.5.1.23.8
1.1.4.5644.5.1.4.2.6
1.1.4.5647.5.1.6.3.24
1.1.4.5674.8.1.4.2
1.1.4.5677.6
1.1.4.5689.9.1.35.4
1.1.4.5742.5.1.4
1.1.4.5764.42.2.7.1.3.1
1.1.4.5797.9.1.6.2
1.1.4.5814.8.1.4.4
1.1.4.5839.5.1.19
1.1.4.5935.5.1.8.6
1.1.4.5963.5.1.5.4
1.1.4.6000.5.1.4.4
1.1.4.6050.9.1.7
1.1.4.6075.5.1.3.1.2
1.1.4.6179.15.2.21
1.1.4.6210.5.1.3.1.2.1.6
1.1.4.6239.9.2.22
1.1.4.6371.11.1.5.5
1.1.4.6392.28.1.15.18
1.1.4.6473.17.2.7.2.17
1.1.4.6501.37.2.19.7.7
1.1.4.6649.5.1.3
1.1.4.6661.11.2.4
1.1.4.6663.5.1.5.1.4.2
1.1.4.6760.5.1.17.5.14
1.1.4.6765.18.3.19
1.1.4.6769.5.1.11.7.21
1.1.4.6886.12.1.4
1.1.4.6906.5.1.15
1.1.4.7026.9.2.8.2
1.1.4.7084.8.3.4
1.1.4.7137.5.1.26.15
1.1.4.7226.11.1.17
1.1.4.7238.6
1.1.4.7357.13.3.16.10.8
1.1.4.7380.5.1.2.2.56.2
1.1.4.7409.16.2.11.1.3
1.1.4.7430.11.2.8
1.1.4.7469.5.1
1.1.4.7482.10.1.6
1.1.4.7533.16.2
1.1.4.7560.45.4.25
1.1.4.7587.13.2.6.5.6.1
1.1.4.7621.16.1.7.4
1.1.4.7827.6
1.1.4.7831.5.1.16.9
1.1.4.7837.17.2.5.3.22.1
1.1.4.7949.17.4.10.7.2
1.1.4.7981.5.1.6
1.1.4.8021.8.1.14
1.1.4.8083.5.1.11.7
1.1.4.8102.5.1.5.4.13
1.1.4.8105.17.3.4.11.7
1.1.4.8140.20.2.10.4
1.1.4.8187.5.1.1
1.1.4.8193.5.1
1.1.4.8216.5.1.2.15.8.2
1.1.4.8231.15.1.13.2
1.1.4.8273.16.2.17.15
1.1.4.8387.5.1.13
1.1.4.8423.5.1.2.1.4
1.1.4.8561.19.2.11.1.1
1.1.4.8582.8.2.4.3
1.1.4.8646.20.1.17.10
1.1.4.8676.10.3.12.18.15
1.1.4.8702.16.4.43.10.9
1.1.4.8724.5.1.3.3.18
1.1.4.8793.31.3.16.16.9
1.1.4.8806.33.4.4.1
1.1.4.8867.5.1.8
1.1.4.8924.5.1.23.3.14.3.15
1.1.4.9033.5.1.1.2.30.7.30
1.1.4.9065.8.1.5
1.1.4.9080.13.1.5
1.1.4.9161.14.2.12.12
1.1.4.9179.5.1.5.1.2
1.1.4.9221.5.1
1.1.4.9264.5.1.1.2.2.1
1.1.4.9334.12.2.15
1.1.4.9361.5.1.2.3.3
1.1.4.9366.17.4.32
1.1.4.9419.5.1.1
1.1.4.9431.17.2
1.1.4.9782.5.1.14.4.9.2
1.1.4.9869.5.1.3.1.2
1.1.4.9871.5.1
1.1.4.9975.5.1.3
1.1.4.10168.11.1.5.4
1.1.4.10281.41.1.8.7
1.1.4.10300.5.1.5.1.1
1.1.4.10452.5.1.1.2.21
1.1.4.10474.5.1
1.1.4.10767.18.3.10.5.12
1.1.4.10770.13.3.14.6
1.1.4.10780.5.1.4.3.5
1.1.4.10806.5.1.1.11.17.6
1.1.4.10828.5.1.16
1.1.4.10864.8.1.7.4
1.1.4.10886.18.1.20.14
1.1.4.10893.5.1.1.17
1.1.4.10997.5.1.4.2.6
1.1.4.11000.5.1.6.3.24
1.1.4.11020.15.2.9
1.1.4.11032.5.1.2.6.31.1.2
1.1.4.11082.58.2.10.9.34
1.1.4.11115.40.2
1.1.4.11146.8.1.4.4
1.1.4.11281.5.1.8.6
1.1.4.11309.5.1.5.4
1.1.4.11386.22.5
1.1.4.11406.9.1.7
1.1.4.11431.5.1.3.1.2
1.1.4.11544.15.2.21
1.1.4.11575.5.1.3.1.2.1.6
1.1.4.11778.5.1.9
1.1.4.11852.17.2.7.2.17
1.1.4.11874.16.1.5.11
1.1.4.11875.30.1.21
1.1.4.12039.11.1.7.5
1.1.4.12118.5.1.1.13.11.3.7
1.1.4.12236.12.1.4
1.1.4.12257.5.1.15
1.1.4.12268.15.3
1.1.4.12392.9.2.8.2
1.1.4.12462.5.1
1.1.4.12500.5.1.26.15
1.1.4.12535.30.2
1.1.4.12640.5.1.2.11.11.2
1.1.4.12685.3
1.1.4.12735.13.3.16.10.8
1.1.4.12758.5.1.2.2.56.2
1.1.4.12784.16.2.11.1.18
1.1.4.12805.11.2.8
1.1.4.12846.5.1
1.1.4.12859.10.1.6
1.1.4.12895.20.3.6
1.1.4.12986.5.1
1.1.4.13015.5.1.1.8.13
1.1.4.13081.10.2.4.1
1.1.4.13085.5.1.9.1.7.3
1.1.4.13170.10.1.15
1.1.4.13185.18
1.1.4.13199.5.1.3.1.2.2
1.1.4.13200.14.2.6.1.3
1.1.4.13207.5.1
1.1.4.13211.5.1.3.10
1.1.4.13335.17.4.12
1.1.4.13430.5.1.11.7
1.1.4.13449.5.1.5.4.13
1.1.4.13452.17.3.4.11.7
1.1.4.13490.20.2.10.4
1.1.4.13549.17.3.7.6
1.1.4.13552.9.1.6.5
1.1.4.13582.14.5.11.1
1.1.4.13589.9.1.9.3
1.1.4.13642.16.2.17.15
1.1.4.13730.5.1.16
1.1.4.13754.29.2.13.1.3
1.1.4.13792.13.1.4.15.8
1.1.4.13795.45.3.18
1.1.4.13938.19.2.16.4
1.1.4.13957.5.1.3.1.17
1.1.4.14030.20.1.17.10
1.1.4.14048.29.1.11.15
1.1.4.14060.5.1.2.2.4.2
1.1.4.14098.9.1.5.9
1.1.4.14171.14.3.6
1.1.4.14300.39.2.8
1.1.4.14411.5.1.2.1.2
1.1.4.14539.38.2.8.6
1.1.4.14626.14.4
1.1.4.14734.5.1.2.2.5
1.1.4.14739.17.4.32
1.1.4.14794.10.1.25
1.1.4.14809.17.2
1.1.4.15034.8.2.9.8
1.1.4.15037.19.2.29.14
1.1.4.15135.5.1.4.1
1.1.4.15182.5.1.14.4.9.2
1.1.4.15250.5.1.3.1.2
1.1.4.15252.5.1
1.1.4.15363.5.1.3
1.1.4.15444.15.1.4.2
1.1.4.15518.17.3.4
1.1.4.15681.5.1.2.1
1.1.4.15692.5.1.5
1.1.4.15861.17.1.22.15
1.1.4.15914.17.1.8.4
1.1.4.16162.20.3.4.3
1.1.4.16168.5.1.11
1.1.4.16179.5.1.4.3.5
1.1.4.16200.5.1.2.2
1.1.4.16224.15.2.6
1.1.4.16257.10.2.10.6.10
1.1.4.16371.5.1.4.2.6
1.1.4.16393.15.2.9
1.1.4.16405.5.1.2.6.31.1.2
1.1.4.16454.58.2.10.9.34
1.1.4.16484.40.2
1.1.4.16516.12.1.5.4
1.1.4.16639.5.1.3.8
1.1.4.16667.5.1.5.4
1.1.4.16717.5.1
1.1.4.16764.9.1.7
1.1.4.16789.5.1.3.1.2
1.1.4.16899.15.2.21
1.1.4.16930.5.1.3.1.2.1.6
1.1.4.17092.11.1.5.5
1.1.4.17113.28.1.15.18
1.1.4.17195.17.2.7.2.23
1.1.4.17223.37.2.19.7.7
1.1.4.17311.28
1.1.4.17364.5.1.3
1.1.4.17376.11.2.4
1.1.4.17378.5.1.5.1.4.2
1.1.4.17453.23.4.26
1.1.4.17476.5.1.16.4.13
1.1.4.17603.12.1.4
1.1.4.17624.5.1.15
1.1.4.17635.15.3
1.1.4.17710.51.1.30.3
1.1.4.17748.18.2.20.3
1.1.4.17822.5.1
1.1.4.17860.5.1.26.15
1.1.4.17948.11.1.17
1.1.4.18009.9.2.4.4
1.1.4.18096.13.3.16.10.8
1.1.4.18119.5.1.2.2.56.2
1.1.4.18145.16.2.11.1.18
1.1.4.18352.5.1
1.1.4.18381.5.1.1.8.13
1.1.4.18532.16.3.22.2.4.1
1.1.4.18550.18
1.1.4.18564.5.1.3.1.2.2
1.1.4.18565.14.2.6.1.3
1.1.4.18572.5.1
1.1.4.18576.5.1.3.10
1.1.4.18621.5.1.7.16.7
1.1.4.18626.15.2.15
1.1.4.18709.17.4.10.7.2
1.1.4.18725.14.2
1.1.4.18732.5.1
1.1.4.18819.5.1.11.7
1.1.4.18838.5.1.5.4.13
1.1.4.18841.17.3.4.11.7
1.1.4.18859.34.2.16.2.8
1.1.4.18917.5.1.1
1.1.4.18923.5.1
1.1.4.18946.5.1.2.15.8.2
1.1.4.18961.15.1.13.2
1.1.4.19013.16.2.17.15
1.1.4.19090.5.1.24
1.1.4.19114.29.2.13.1.3
1.1.4.19152.13.1.4.15.8
1.1.4.19157.5.1.7.7
1.1.4.19290.19.2.16.4
1.1.4.19309.5.1.3.1.17
1.1.4.19380.20.1.17.10
1.1.4.19414.10.5.4.15.14
1.1.4.19455.26.3.27
1.1.4.19518.5.1.7.1.1.1
1.1.4.19526.39.2.22.2.10.2.50
1.1.4.19532.17.4.4.1
1.1.4.19628.31.2
1.1.4.19651.20.2.8
1.1.4.19772.5.1.5.1.1
1.1.4.19903.8.1.16.3
1.1.4.19914.5.1.1.1.7.2.6
1.1.4.20000.5.1.1.2.2.1
1.1.4.20106.5.1
1.1.4.20128.5.1.3.1
1.1.4.20165.5.1.8.1.46
1.1.4.20165.5.1.8.1.48
1.1.4.20176.17.2
1.1.4.20253.53.1.15
1.1.4.20386.8.2.9.8
1.1.4.20389.19.2.29.14
1.1.4.20468.5.1
1.1.4.20531.9.2.4
1.1.4.20626.5.1.3.1.2
1.1.4.20628.5.1
1.1.4.20743.5.1.3
1.1.4.20891.27.2.4
1.1.4.20894.3
1.1.4.21064.41.1.8.7
1.1.4.21084.5.1.9.1.12
1.1.4.21199.15.1.4
1.1.4.21238.17.1.22.15
1.1.4.21284.5.1
1.1.4.21347.30.1.19
1.1.4.21566.18.3.10.5.12
1.1.4.21569.13.3.14.6
1.1.4.21579.5.1.4.3.5
1.1.4.21599.5.1
1.1.4.21608.5.1.1.5.8.7
1.1.4.21628.5.1.16
1.1.4.21666.8.1.7.4
1.1.4.21690.5.1.27.1.1.3
1.1.4.21782.5.1.4.2.6
1.1.4.21785.5.1.6.3.24
1.1.4.21812.8.1.4.2
1.1.4.21815.6
1.1.4.21827.9.1.35.4
1.1.4.21880.5.1.4
1.1.4.21936.9.1.6.2
1.1.4.21953.8.1.4.4
1.1.4.21979.5.1.8
1.1.4.22074.5.1.8.6
1.1.4.22102.5.1.5.4
1.1.4.22183.5.1.2.1
1.1.4.22203.9.1.7
1.1.4.22228.5.1.3.1.2
1.1.4.22335.15.2.22
1.1.4.22375.5.1.3.1.2.1.6
1.1.4.22550.11.1.5.5
1.1.4.22571.28.1.15.18
1.1.4.22655.17.2.7.2.6
1.1.4.22676.10.1.4.4
1.1.4.22714.13.1.8
1.1.4.22828.5.1.3
1.1.4.22840.11.2.4
1.1.4.22842.5.1.5.1.4.2
1.1.4.22933.5.1.1.13.11.3.7
1.1.4.23062.12.1.4
1.1.4.23083.5.1.15
1.1.4.23094.15.3
1.1.4.23207.9.2.8.2
1.1.4.23263.5.1
1.1.4.23301.5.1.26.15
1.1.4.23389.11.1.17
1.1.4.23401.6
1.1.4.23486.3
1.1.4.23535.10.1.4
1.1.4.23593.15.2.8.1.5.2.10
1.1.4.23611.11.2.8
1.1.4.23792.5.1
1.1.4.23821.5.1.1.8.13
1.1.4.23884.41.2.4.1
1.1.4.23888.5.1.9.1.7.3
1.1.4.24013.6
1.1.4.24017.5.1.16.9
1.1.4.24023.17.2.5.3.22.1
1.1.4.24129.13.1.7.2
1.1.4.24267.17.3.4.11.8
1.1.4.24302.20.2.10.4
1.1.4.24357.17.3.7.6
1.1.4.24360.9.1.6.5
1.1.4.24379.18.2.7.6.7.2
1.1.4.24394.15.1.13.2
1.1.4.24445.16.2.17.15
1.1.4.24528.5.1.7.2.6
1.1.4.24546.13.2.7.21.14
1.1.4.24583.5.1.2.1.4
1.1.4.24673.5.1
1.1.4.24744.19.2.16.4
1.1.4.24763.5.1.3.1.17
1.1.4.24791.5.1.1
1.1.4.24842.20.1.17.10
1.1.4.24872.10.5.4.15.14
1.1.4.24923.26.3.27
1.1.4.25125.5.1.23.3.14.3.15
1.1.4.25234.5.1.1.2.30.7.30
1.1.4.25280.13.1.5
1.1.4.25300.5.1.8.1.26.2.2
1.1.4.25361.11.3.26.26
1.1.4.25380.5.1.5.1.2
1.1.4.25420.5.1
1.1.4.25451.5.1.1.2.2.1
1.1.4.25557.5.1
1.1.4.25614.35.1.14.7.9
1.1.4.25624.9.1.6
1.1.4.25739.17.6.4
1.1.4.25780.22.2
1.1.4.25840.8.2.9.8
1.1.4.25843.19.2.29.14
1.1.4.25942.5.1.4.1
1.1.4.26083.5.1.3.1.2
1.1.4.26085.5.1
1.1.4.26207.5.1.3
1.1.4.26373.17.3.4
1.1.4.26547.13.2.12.13.10
1.1.4.26588.13.2.4
1.1.4.26588.13.3.4
1.1.4.26763.5.1
1.1.4.26929.5.1.4.2.7
1.1.4.26951.5.1
1.1.4.27044.16.5.21
1.1.4.27046.21.1.4.2
1.1.4.27056.5.1.4.3.5
1.1.4.27076.5.1
1.1.4.27085.5.1.1.5.8.7
1.1.4.27105.5.1.16
1.1.4.27147.8.1.7.4
1.1.4.27280.5.1.4.2.6
1.1.4.27307.8.1.4.2
1.1.4.27310.6
1.1.4.27322.9.1.35.4
1.1.4.27375.26.2.9.8.5.3.2
1.1.4.27393.30.2.7.1.3.1
1.1.4.27426.9.1.6.2
1.1.4.27446.9.3.4.5
1.1.4.27570.5.1.8.6
1.1.4.27598.5.1.5.4
1.1.4.27681.22.5
1.1.4.27701.9.1.7
1.1.4.27726.5.1.3.1.2
1.1.4.27840.15.2.21
1.1.4.27879.5.1.3.1.2.1.6
1.1.4.27908.5.1
1.1.4.28040.11.1.5.5
1.1.4.28141.17.2.7.2.23
1.1.4.28169.37.2.19.7.7
1.1.4.28295.5.1.3
1.1.4.28307.11.2.4
1.1.4.28309.5.1.5.1.4.2
1.1.4.28414.5.1.17.5.14
1.1.4.28419.18.3.19
1.1.4.28467.5.1
1.1.4.28529.12.1.4
1.1.4.28550.5.1.15
1.1.4.28561.15.3
1.1.4.28676.9.2.8.2
1.1.4.28750.5.1
1.1.4.28788.5.1.26.15
1.1.4.29010.13.3.16.10.8
1.1.4.29060.15.2.8.1.5.2.10
1.1.4.29075.11.2.8
1.1.4.29126.5.1
1.1.4.29139.10.1.6
1.1.4.29216.5.1.1
1.1.4.29244.13.2.6.5.6.1
1.1.4.29278.16.1.7.4
1.1.4.29461.10.1.15
1.1.4.29476.18
1.1.4.29491.5.1.3.1.2.2
1.1.4.29492.14.2.6.1.3
1.1.4.29499.5.1
1.1.4.29503.5.1.3.10
1.1.4.29626.17.4.10.7.2
1.1.4.29642.14.2
1.1.4.29732.5.1.11.7
1.1.4.29751.5.1.5.4.13
1.1.4.29754.17.3.4.11.7
1.1.4.29839.5.1.1
1.1.4.29845.5.1
1.1.4.29868.5.1.2.15.8.2
1.1.4.29883.15.1.13.2
1.1.4.29925.16.2.17.15
1.1.4.30017.5.1.16
1.1.4.30043.5.1.8
1.1.4.30083.5.1.2.1.4
1.1.4.30228.19.2.16.4
1.1.4.30247.5.1.3.1.17
1.1.4.30318.20.1.17.10
1.1.4.30346.12.1.10.3.24
1.1.4.30393.9.1.5.9
1.1.4.30465.14.3.6
1.1.4.30525.5.1.2.1
1.1.4.30572.31.2
1.1.4.30596.5.1.57.3.15.3.15
1.1.4.30700.5.1.5.1.1
1.1.4.30835.8.1.16.3
1.1.4.30846.5.1.1.1.7.2.6
1.1.4.30895.5.1
1.1.4.30931.14.4
1.1.4.31034.5.1.2.2.5
1.1.4.31039.17.4.32
1.1.4.31094.10.1.25
1.1.4.31113.17.2
1.1.4.31332.8.2.9.8
1.1.4.31335.19.2.29.14
1.1.4.31473.5.1.14.4.9.2
1.1.4.31546.5.1.3.1.2
1.1.4.31548.5.1
1.1.4.31659.5.1.3
1.1.4.31816.17.3.4
1.1.4.31967.41.1.8.7
1.1.4.32010.5.1.1.1
1.1.4.32160.17.1.22.15
1.1.4.32206.5.1
1.1.4.32367.31.1.38.24
1.1.4.32374.21.2.4.22
1.1.4.32375.5.1.1.28.9.3
1.1.4.32469.18.3.10.5.12
1.1.4.32472.13.3.14.6
1.1.4.32482.5.1.4.3.5
1.1.4.32498.5.1
1.1.4.32511.5.1.1.8.3.2
1.1.4.32531.5.1.16
1.1.4.32573.8.1.7.4
1.1.4.32690.5.1.4.2.6
1.1.4.32693.5.1.6.3.24
1.1.4.32709.15.2.9
1.1.4.32721.25.2.19.1.33.11.7
1.1.4.32768.58.2.10.9.34
1.1.4.32813.9.1.6.2
1.1.4.32831.5.1.1
1.1.4.32854.17.1.4.19
1.1.4.32873.10.1.9.1
1.1.4.32881.5.1.8.4.12.4
1.1.4.32953.5.1.3.8
1.1.4.32981.5.1.5.4
1.1.4.33066.22.5
1.1.4.33086.9.1.7
1.1.4.33111.5.1.3.1.2
1.1.4.33219.15.2.21
1.1.4.33250.5.1.3.1.2.1.6
1.1.4.33367.20
1.1.4.33463.5.1.9
1.1.4.33537.17.2.7.2.17
1.1.4.33558.5.1.15
1.1.4.33700.5.1.3
1.1.4.33712.11.2.4
1.1.4.33714.5.1.5.1.4.2
1.1.4.33787.23.4.26
1.1.4.33810.5.1.17.5.14
1.1.4.33815.18.3.19
1.1.4.33933.12.1.4
1.1.4.33953.5.1.15
1.1.4.33964.15.3
1.1.4.34085.9.2.8.2
1.1.4.34155.5.1
1.1.4.34193.5.1.26.15
1.1.4.34228.30.2
1.1.4.34344.9.2.4.4
1.1.4.34430.13.3.16.10.14
1.1.4.34482.23.1.38.12
1.1.4.34595.20.3.6
1.1.4.34684.5.1
1.1.4.34713.5.1.1.8.13
1.1.4.34899.5.1.13.13.20.1
1.1.4.34909.18
1.1.4.34922.28.2.17
1.1.4.34924.5.1.4.1.5
1.1.4.35048.17.4.12
1.1.4.35141.5.1.3.3
1.1.4.35146.5.1.3.3
1.1.4.35185.17.3.4.11.8
1.1.4.35223.20.2.10.4
1.1.4.35281.17.3.7.6
1.1.4.35284.9.1.6.5
1.1.4.35314.14.5.11.1
1.1.4.35321.9.1.9.3
1.1.4.35367.5.1.2.1.4
1.1.4.35372.5.1
1.1.4.35459.5.1.16
1.1.4.35483.29.2.13.1.3
1.1.4.35521.5.1.2.1.4
1.1.4.35655.19.2.16.4
1.1.4.35674.5.1.3.1.17
1.1.4.35702.5.1.1
1.1.4.35753.20.1.17.10
1.1.4.35783.3
1.1.4.35809.11.1.4.2
1.1.4.35832.9.1.5.9
1.1.4.35881.5.1
1.1.4.35890.22.2.4
1.1.4.35914.14.3.6
1.1.4.35998.5.1.5.2.3
1.1.5.36052.5.1.23.3.14.3.15
1.1.5.36156.5.1.1.2.30.7.28
1.1.5.36188.8.1.5
1.1.5.36203.13.1.5
1.1.5.36286.11.3.26.26
1.1.5.36305.5.1.5.1.2
1.1.5.36355.5.1
1.1.5.36392.5.1.1.2.2.1
1.1.5.36465.9.1.4
1.1.5.36486.5.1.2.3.3
1.1.5.36491.17.4.32
1.1.5.36544.5.1.1
1.1.5.36556.17.2
1.1.5.36775.8.2.9.8
1.1.5.36778.19.2.29.14
1.1.5.36854.5.1
1.1.5.36921.5.1.1.2
1.1.5.36923.22.4
1.1.5.37013.14.1.5.9
1.1.5.37143.5.1.3
1.1.5.37306.17.3.4
1.1.5.37473.13.2.20.6.8
1.1.5.37494.5.1.9.1.37
1.1.5.37674.5.1
1.1.5.37763.5.1.7.10.13.4.6.22
1.1.5.37838.5.1.4.2.7
1.1.5.37860.5.1
1.1.5.37897.5.1.4.1.5.3.6
1.1.5.37957.18.3.10.5.12
1.1.5.37960.13.3.14.6
1.1.5.37970.5.1.4.3.5
1.1.5.38017.5.1.16
1.1.5.38059.8.1.7.4
1.1.5.38185.5.1.4.2.6
1.1.5.38188.5.1.6.3.24
1.1.5.38208.15.2.9
1.1.5.38220.5.1.2.6.31.1.2
1.1.5.38269.58.2.10.9.34
1.1.5.38317.9.1.6.2
1.1.5.38334.12.1.5.4
1.1.5.38461.5.1.3.8
1.1.5.38489.5.1.5.4
1.1.5.38565.9.1.7
1.1.5.38590.5.1.3.1.2
1.1.5.38649.5.1.2.9.5.7
1.1.5.38649.17.3.4
1.1.5.38696.15.2.21
1.1.5.38735.5.1.3.1.2.1.6
1.1.5.38794.6
1.1.5.38942.15.8
1.1.5.39017.17.2.7.2.17
1.1.5.39045.37.2.19.7.7
1.1.5.39178.5.1.3
1.1.5.39190.11.2.4
1.1.5.39192.5.1.5.1.4.2
1.1.5.39281.5.1.1.13.11.3.7
1.1.5.39410.12.1.4
1.1.5.39430.5.1.15
1.1.5.39441.15.3
1.1.5.39562.9.2.8.2
1.1.5.39616.8.3.4
1.1.5.39665.15.2.7.1
1.1.5.39748.11.1.17
1.1.5.39760.6
1.1.5.39820.27.16.6.4.11.2.14
1.1.5.39894.13.3.16.10.8
1.1.5.39917.5.1.2.2.56.2
1.1.5.39943.16.2.11.1.18
1.1.5.40013.5.1
1.1.5.40026.10.1.6
1.1.5.40079.16.2
1.1.5.40157.5.1
1.1.5.40186.5.1.1.8.13
1.1.5.40257.19.2.6.3.7
1.1.5.40324.16.3.22.2.4.1
1.1.5.40342.18
1.1.5.40355.28.2.17
1.1.5.40357.5.1.4.1.5
1.1.5.40478.5.1.5
1.1.5.40507.22.2.11
1.1.5.40584.5.1
1.1.5.40592.15.2.5.3
1.1.5.40630.17.3.4.11.8
1.1.5.40648.34.2.16.2.8
1.1.5.40705.5.1.1
1.1.5.40711.5.1
1.1.5.40733.18.2.15.8.7.2
1.1.5.40748.15.1.13.2
1.1.5.40790.16.2.17.15
1.1.5.40868.5.1.24
1.1.5.40892.29.2.13.1.3
1.1.5.40930.5.1.2.1.4
1.1.5.41064.19.2.11.1.1
1.1.5.41085.8.2.4.3
1.1.5.41151.20.1.17.10
1.1.5.41181.10.5.4.15.14
1.1.5.41224.9.1.5.9
1.1.5.41283.5.1.7.1.1.1
1.1.5.41291.39.2.22.2.10.2.50
1.1.5.41297.17.4.4.1
1.1.5.41366.5.1.5.2.3
1.1.5.41414.39.2.8
1.1.5.41520.5.1.5.1.1
1.1.5.41644.8.1.16.3
1.1.5.41655.5.1.1.1.7.2.6
1.1.5.41704.5.1
1.1.5.41747.5.1.1.2.2.1
1.1.5.41771.68.1.19
1.1.5.41847.5.1
1.1.5.41897.5.1.1
1.1.5.42210.24.1.13
1.1.5.42219.17.4.4
1.1.5.42261.5.1.14.4.9.2
1.1.5.42331.5.1.3.1.2
1.1.5.42333.5.1
1.1.5.42396.13.2.6.1.2.2
1.1.5.42399.26
1.1.5.42410.16.2.11.1.2.2
1.1.5.42417.15.1.6.1.2.2
1.1.5.42445.5.1.3
1.1.5.42603.17.3.4
1.1.5.42786.13.2.12.13.10
1.1.5.42824.13.2.4
1.1.5.42824.13.3.4
1.1.5.42962.17.1.22.15
1.1.5.43003.17.1.8.4
1.1.5.43053.30.1.19
1.1.5.43166.5.1.3
1.1.5.43268.18.3.10.5.12
1.1.5.43271.13.3.14.6
1.1.5.43281.5.1.4.3.5
1.1.5.43302.5.1.2.2
1.1.5.43333.5.1.13
1.1.5.43368.8.1.7.4
1.1.5.43392.5.1.27.1.1.3
1.1.5.43401.5.1.5.1.13.10
1.1.5.43493.5.1.4.2.6
1.1.5.43496.5.1.6.3.24
1.1.5.43512.15.2.9
1.1.5.43524.25.2.19.1.33.11.7
1.1.5.43571.58.2.10.9.34
1.1.5.43619.9.1.6.2
1.1.5.43639.9.3.4.5
1.1.5.43779.5.1.3.8
1.1.5.43807.5.1.5.4
1.1.5.43850.13.1.13
1.1.5.43889.5.1.2.1
1.1.5.43909.9.1.7
1.1.5.43934.5.1.3.1.2
1.1.5.44058.15.2.22
1.1.5.44096.5.1.3.1.2.1.6
1.1.5.44257.11.1.5.5
1.1.5.44278.28.1.15.18
1.1.5.44362.17.2.7.2.6
1.1.5.44383.10.1.4.4
1.1.5.44546.11.1.7.5
1.1.5.44606.23.4.26
1.1.5.44629.5.1.17.5.14
1.1.5.44634.18.3.19
1.1.5.44730.6
1.1.5.44759.5.1.1.1.3
1.1.5.44868.18.2.20.3
1.1.5.44936.5.1
1.1.5.44974.5.1.26.15
1.1.5.45062.11.1.17
1.1.5.45129.9.2.4.4
1.1.5.45215.13.3.16.10.14
1.1.5.45238.5.1.2.2.56.2
1.1.5.45264.16.2.11.1.18
1.1.5.45285.11.2.8
1.1.5.45317.14.3
1.1.5.45327.5.1
1.1.5.45340.10.1.6
1.1.5.45391.16.2
1.1.5.45470.5.1
1.1.5.45499.5.1.1.8.13
1.1.5.45657.10.1.15
1.1.5.45672.18
1.1.5.45686.5.1.3.1.2.2
1.1.5.45687.14.2.6.1.3
1.1.5.45694.5.1
1.1.5.45698.5.1.3.10
1.1.5.45814.13.1.7.2
1.1.5.45910.11.1.7
1.1.5.45914.5.1.7.2
1.1.5.45937.3
1.1.5.46025.5.1.1
1.1.5.46031.5.1
1.1.5.46054.5.1.2.15.8.2
1.1.5.46069.15.1.13.2
1.1.5.46111.16.2.17.15
1.1.5.46190.5.1.24
1.1.5.46207.21.1.20
1.1.5.46212.5.1.13
1.1.5.46250.14.3
1.1.5.46386.19.2.16.4
1.1.5.46405.5.1.3.1.17
1.1.5.46433.5.1.1
1.1.5.46486.20.1.17.10
1.1.5.46516.10.5.4.15.14
1.1.5.46558.9.1.5.9
1.1.5.46612.5.1.7.1.1.1
1.1.5.46620.39.2.22.2.10.2.50
1.1.5.46626.17.4.4.1
1.1.5.46714.31.2
1.1.5.46737.20.2.8
1.1.5.46843.9.1.4.2
1.1.5.46975.8.1.16.3
1.1.5.46986.5.1.1.1.7.2.6
1.1.5.47035.5.1
1.1.5.47070.14.4
1.1.5.47105.68.1.19
1.1.5.47174.5.1.2.3.3
1.1.5.47179.17.4.32
1.1.5.47236.35.1.14.7.9
1.1.5.47246.9.1.6
1.1.5.47464.8.2.9.8
1.1.5.47467.19.2.29.14
1.1.5.47607.5.1.14.4.9.2
1.1.5.47691.5.1.3.1.2
1.1.5.47693.5.1
1.1.5.47806.14.2.8.1
1.1.5.47809.22.3.10.1.4.2.23
1.1.5.47974.17.3.4
1.1.5.48125.41.1.8.7
1.1.5.48142.16.2.4.9
1.1.5.48279.17.1.22.15
1.1.5.48325.5.1
1.1.5.48496.31.1.38.24
1.1.5.48503.21.2.4.22
1.1.5.48504.5.1.1.28.9.3
1.1.5.48606.18.3.10.5.12
1.1.5.48609.13.3.14.6
1.1.5.48619.5.1.4.3.5
1.1.5.48635.5.1
1.1.5.48644.5.1.1.5.8.9
1.1.5.48666.5.1.16
1.1.5.48708.8.1.7.4
1.1.5.48730.18.1.20.14
1.1.5.48838.5.1.4.2.6
1.1.5.48841.5.1.6.3.24
1.1.5.48868.8.1.4.2
1.1.5.48871.6
1.1.5.48883.9.1.35.4
1.1.5.48936.5.1.4
1.1.5.48958.42.2.7.1.3.1
1.1.5.48999.12.1.5.4
1.1.5.49135.5.1.3.8
1.1.5.49163.5.1.5.4
1.1.5.49248.9.1.7
1.1.5.49273.5.1.3.1.2
1.1.5.49333.5.1
1.1.5.49383.15.2.22
1.1.5.49595.11.1.5.5
1.1.5.49616.28.1.15.18
1.1.5.49697.17.2.7.2.17
1.1.5.49718.10.1.4.4
1.1.5.49756.13.1.8
1.1.5.49848.25.2.16.1.2
1.1.5.49860.8.1.5.3
1.1.5.49880.5.1.3
1.1.5.49952.23.4.26
1.1.5.49975.5.1.17.5.14
1.1.5.49980.18.3.19
1.1.5.50103.12.1.4
1.1.5.50124.5.1.15
1.1.5.50135.15.3
1.1.5.50256.9.2.8.2
1.1.5.50326.5.1
1.1.5.50364.5.1.26.15
1.1.5.50497.5.1.2.11.11.2
1.1.5.50577.17.1.9.10
1.1.5.50631.16.2.11.1.12
1.1.5.50692.5.1
1.1.5.50705.10.1.6
1.1.5.50836.5.1
1.1.5.50865.5.1.1.8.13
1.1.5.50938.5.1.8.8.18
1.1.5.51028.10.1.15
1.1.5.51043.18
1.1.5.51057.5.1.3.1.2.2
1.1.5.51058.14.2.6.1.3
1.1.5.51065.5.1
1.1.5.51069.5.1.3.10
1.1.5.51193.17.4.12
1.1.5.51288.5.1.11.7
1.1.5.51307.5.1.5.4.13
1.1.5.51310.17.3.4.11.7
1.1.5.51396.5.1.1
1.1.5.51402.5.1
1.1.5.51445.14.5.11.1
1.1.5.51452.9.1.9.3
1.1.5.51505.16.2.17.15
1.1.5.51574.5.1.5.1.2
1.1.5.51592.21.1.20
1.1.5.51597.5.1.13
1.1.5.51635.14.3
1.1.5.51778.19.2.11.1.1
1.1.5.51799.8.2.4.3
1.1.5.51817.5.1.1
1.1.5.51870.20.1.17.10
1.1.5.51888.29.1.11.15
1.1.5.51901.5.1.2.1.3.1
1.1.5.51906.9.1.9
1.1.5.51941.5.1.3.8.43
1.1.5.52002.5.1.7.1.1.1
1.1.5.52010.39.2.22.2.10.2.50
1.1.5.52016.17.4.4.1
1.1.5.52086.5.1.5.2.3
1.1.5.52146.5.1.23.3.14.3.15
1.1.5.52259.5.1.5.1.1
1.1.5.52401.8.1.16.3
1.1.5.52412.5.1.1.1.7.2.6
1.1.5.52491.14.4
1.1.5.52604.5.1.2.3.3
1.1.5.52609.17.4.32
1.1.5.52669.10.1.25
1.1.5.52971.5.1
1.1.5.53037.5.1.14.4.9.2
1.1.5.53108.5.1.3.1.2
1.1.5.53110.5.1
1.1.5.53234.5.1.3
1.1.5.53394.17.3.4
1.1.5.53558.41.1.8.7
1.1.5.53577.5.1.5.1.1
1.1.5.53770.5.1
1.1.5.54061.18.3.10.5.12
1.1.5.54064.13.3.14.6
1.1.5.54074.5.1.4.3.5
1.1.5.54094.5.1
1.1.5.54107.5.1.1.8.3.2
1.1.5.54129.5.1.16
1.1.5.54165.8.1.7.4
1.1.5.54293.5.1.4.2.6
1.1.5.54296.5.1.6.3.24
1.1.5.54323.8.1.4.2
1.1.5.54326.6
1.1.5.54338.9.1.35.4
1.1.5.54391.5.1.4
1.1.5.54447.9.1.6.2
1.1.5.54464.12.1.5.4
1.1.5.54489.5.1.9
1.1.5.54584.5.1.8.6
1.1.5.54612.5.1.5.4
1.1.5.54695.5.1.2.1
1.1.5.54715.9.1.7
1.1.5.54740.5.1.3.1.2
1.1.5.54857.15.2.21
1.1.5.54896.5.1.3.1.2.1.6
1.1.5.55100.5.1.9
1.1.5.55174.17.2.7.2.17
1.1.5.55202.37.2.19.7.7
1.1.5.55307.25.2.16.1.2
1.1.5.55319.8.1.5.3
1.1.5.55339.5.1.3
1.1.5.55422.5.1.1.13.11.3.7
1.1.5.55476.11.1.18
1.1.5.55513.5.1
1.1.5.55537.12.1.4
1.1.5.55557.5.1.15
1.1.5.55568.15.3
1.1.5.55692.9.2.8.2
1.1.5.55746.8.3.4
1.1.5.55795.15.2.7.1
1.1.5.55871.15.2
1.1.5.55938.9.2.4.4
1.1.5.56016.17.1.9.10
1.1.5.56146.5.1
1.1.5.56159.10.1.6
1.1.5.56285.5.1
1.1.5.56314.5.1.1.8.13
1.1.5.56390.41.2.4.1
1.1.5.56394.5.1.9.1.7.3
1.1.5.56519.6
1.1.5.56523.5.1.16.9
1.1.5.56529.17.2.5.3.22.1
1.1.5.56643.17.4.12
1.1.5.56738.11.1.7
1.1.5.56742.5.1.7.2
1.1.5.56764.3
1.1.5.56812.20.2.10.4
1.1.5.56871.17.3.7.6
1.1.5.56874.9.1.6.5
1.1.5.56893.18.2.7.6.7.2
1.1.5.56917.11.4.4.1
1.1.5.56963.16.2.17.15
1.1.5.57058.5.1.7.2.6
1.1.5.57076.13.2.7.21.14
1.1.5.57113.13.1.4.15.8
1.1.5.57116.45.3.18
1.1.5.57244.19.2.11.1.1
1.1.5.57265.8.2.4.3
1.1.5.57329.20.1.17.10
1.1.5.57347.29.1.11.15
1.1.5.57360.5.1.2.1.3.1
1.1.5.57398.26.3.27
1.1.5.57459.5.1.7.1.1.1
1.1.5.57467.39.2.22.2.10.2.50
1.1.5.57473.17.4.4.1
1.1.5.57581.39.2.8
1.1.5.57687.11.1.5.2
1.1.5.57729.13.1.5
1.1.5.57753.5.1.8.1.26.2.2
1.1.5.57805.14.2.12.12
1.1.5.57823.5.1.5.1.2
1.1.5.57865.5.1
1.1.5.57897.5.1.1.2.2.1
1.1.5.58001.5.1.2.3.3
1.1.5.58006.17.4.32
1.1.5.58057.5.1.1
1.1.5.58069.17.2
1.1.5.58292.8.2.9.8
1.1.5.58295.19.2.29.14
1.1.5.58371.3
1.1.5.58396.5.1.4.1
1.1.5.58436.9.2.4
1.1.5.58523.5.1.1
1.1.5.58653.5.1.3
1.1.5.58812.17.3.4
1.1.5.58979.13.2.20.6.8
1.1.5.59000.5.1.9.1.37
1.1.5.59158.5.1.1.2.21
1.1.5.59192.5.1
1.1.5.59355.5.1.4.2.7
1.1.5.59377.5.1
1.1.5.59414.5.1.4.1.5.1.8
1.1.5.59473.18.3.10.5.12
1.1.5.59476.13.3.14.6
1.1.5.59486.5.1.4.3.5
1.1.5.59506.5.1
1.1.5.59515.5.1.1.5.8.7
1.1.5.59535.5.1.16
1.1.5.59571.5.1.2.1.3.1.7.1
1.1.5.59696.5.1.4.2.6
1.1.5.59718.15.2.9
1.1.5.59730.5.1.2.6.31.1.2
1.1.5.59779.58.2.10.9.34
1.1.5.59812.40.2
1.1.5.59847.8.1.4.4
1.1.5.59873.5.1.9
1.1.5.59926.12.2.4.2
1.1.5.59973.5.1.8.6
1.1.5.60001.5.1.5.4
1.1.5.60086.9.1.7
1.1.5.60111.5.1.3.1.2
1.1.5.60176.5.1.2.9.5.7
1.1.5.60176.17.3.4
1.1.5.60223.15.2.21
1.1.5.60416.11.1.5.5
1.1.5.60437.28.1.15.18
1.1.5.60518.17.2.7.2.17
1.1.5.60546.37.2.19.7.7
1.1.5.60668.25.2.16.1.2
1.1.5.60680.8.1.5.3
1.1.5.60700.5.1.3
1.1.5.60759.23.4.26
1.1.5.60782.5.1.17.5.14
1.1.5.60787.18.3.19
1.1.5.60791.5.1.11.7.21
1.1.5.60830.19.2
1.1.5.60899.12.1.4
1.1.5.60919.5.1.15
1.1.5.60930.15.3
1.1.5.61046.9.2.8.2
1.1.5.61123.5.1
1.1.5.61161.5.1.26.15
1.1.5.61249.11.1.17
1.1.5.61307.9.2.4.4
1.1.5.61388.17.1.9.10
1.1.5.61518.5.1
1.1.5.61531.10.1.6
1.1.5.61661.5.1
1.1.5.61687.10.1.4.4
1.1.5.61857.10.1.15
1.1.5.61872.18
1.1.5.61885.28.2.17
1.1.5.61887.5.1.4.1.5
1.1.5.62011.5.1.5
1.1.5.62040.22.2.11
1.1.5.62125.5.1.11.7
1.1.5.62144.5.1.5.4.13
1.1.5.62147.17.3.4.11.7
1.1.5.62240.17.3.7.6
1.1.5.62243.9.1.6.5
1.1.5.62262.18.2.7.6.7.2
1.1.5.62277.15.1.13.2
1.1.5.62329.16.2.17.15
1.1.5.62404.5.1.16
1.1.5.62426.5.1.13
1.1.5.62464.14.3
1.1.5.62595.19.2.11.1.1
1.1.5.62616.8.2.4.3
1.1.5.62680.20.1.17.10
1.1.5.62710.10.5.4.15.14
1.1.5.62741.16.1.29.9.5
1.1.5.62761.26.3.27
1.1.5.62821.5.1.7.1.1.1
1.1.5.62829.39.2.22.2.10.2.50
1.1.5.62835.17.4.4.1
1.1.5.62896.5.1.8
1.1.5.62952.5.1.23.3.14.3.15
1.1.5.63062.5.1.1.2.30.7.30
1.1.5.63094.8.1.5
1.1.5.63109.13.1.5
1.1.5.63188.14.2.12.12
1.1.5.63206.5.1.5.1.2
1.1.5.63249.5.1
1.1.5.63283.14.4
1.1.5.63395.5.1
1.1.5.63450.5.1.8.1.20
1.1.5.63450.5.1.8.1.22
1.1.5.63461.17.2
1.1.5.63780.17.4.4
1.1.5.63917.5.1.3.1.2
1.1.5.63919.5.1
1.1.5.64032.5.1.5.1.1
1.1.5.64175.27.2.4
1.1.5.64178.3
1.1.5.64358.13.2.12.13.10
1.1.5.64401.5.1.1.1
1.1.5.64552.5.1.1.2.21
1.1.5.64576.5.1
1.1.5.64741.31.1.38.24
1.1.5.64748.21.2.4.22
1.1.5.64749.5.1.1.28.9.3
1.1.5.64850.18.3.10.5.12
1.1.5.64853.13.3.14.6
1.1.5.64863.5.1.4.3.5
1.1.5.64883.19.1.15
1.1.5.64890.5.1.9.1
1.1.5.64913.5.1.2.1.3.2.4
1.1.5.64913.5.1.2.1.4.3.7
1.1.5.64953.8.1.7.4
1.1.5.64975.18.1.20.14
1.1.5.65082.5.1.4.2.6
1.1.5.65085.5.1.6.3.24
1.1.5.65105.15.2.9
1.1.5.65117.5.1.2.6.31.1.2
1.1.5.65164.31.3.9.3.2.2.16
1.1.5.65193.40.2
1.1.5.65228.8.1.4.4
1.1.5.65346.5.1.3.8
1.1.5.65374.5.1.5.4
1.1.5.65417.13.1.13
1.1.5.65458.22.5
1.1.5.65478.9.1.7
1.1.5.65503.5.1.3.1.2
1.1.5.65613.15.2.21
1.1.5.65652.5.1.3.1.2.1.6
1.1.5.65699.6
1.1.5.65842.15.8
1.1.5.65917.17.2.7.2.17
1.1.5.65945.37.2.19.7.7
1.1.5.66085.5.1.1.2.4.3.3
1.1.5.66098.5.1.3
1.1.5.66110.11.2.4
1.1.5.66112.5.1.5.1.4.2
1.1.5.66213.5.1.16.4.18
1.1.5.66267.5.1
1.1.5.66347.12.1.4
1.1.5.66368.5.1.15
1.1.5.66379.15.3
1.1.5.66497.9.2.8.2
1.1.5.66565.5.1
1.1.5.66603.5.1.26.15
1.1.5.66684.15.2
1.1.5.66795.3
1.1.5.66845.13.3.16.10.8
1.1.5.66868.5.1.2.2.56.2
1.1.5.66894.16.2.11.1.18
1.1.5.66915.11.2.8
1.1.5.66954.5.1
1.1.5.66967.10.1.6
1.1.5.67018.16.2
1.1.5.67093.5.1
1.1.5.67122.5.1.1.8.13
1.1.5.67156.18.1.11.28.15
1.1.5.67297.5.1.19.17.15.1
1.1.5.67307.18
1.1.5.67318.45.2
1.1.5.67320.21.2
1.1.5.67443.5.1.5
1.1.5.67472.22.2.11
1.1.5.67562.5.1.11.7
1.1.5.67581.5.1.5.4.13
1.1.5.67584.17.3.4.11.7
1.1.5.67619.20.2.10.4
1.1.5.67678.17.3.7.6
1.1.5.67681.9.1.6.5
1.1.5.67700.18.2.7.6.7.2
1.1.5.67715.15.1.13.2
1.1.5.67760.5.1.2.1.4
1.1.5.67765.5.1
1.1.5.67848.5.1.16
1.1.5.67875.5.1.10
1.1.5.67899.10.2.24.10
1.1.5.68041.19.2.11.1.1
1.1.5.68049.5.1.1.1
1.1.5.68066.5.1.3.1.30
1.1.5.68137.20.1.17.10
1.1.5.68155.29.1.11.15
1.1.5.68168.5.1.2.1.3.1
1.1.5.68196.16.4.29.9.6
1.1.5.68218.5.1.3.3.18
1.1.5.68294.31.3.16.16.9
1.1.5.68307.33.4.4.1
1.1.5.68355.5.1.4.1.1.1
1.1.5.68377.5.1.5.2.3
1.1.5.68425.39.2.8
1.1.5.68526.5.1.5.1.1
1.1.5.68659.14.2.12.12
1.1.5.68677.5.1.5.1.2
1.1.5.68717.5.1
1.1.5.68758.5.1.1.2.2.1
1.1.5.68862.5.1.2.3.3
1.1.5.68867.17.4.32
1.1.5.68922.35.1.14.7.9
1.1.5.69090.22.2
1.1.5.69150.8.2.9.8
1.1.5.69153.19.2.29.14
1.1.5.69229.5.1
1.1.5.69295.5.1.14.4.9.2
1.1.5.69366.5.1.3.1.2
1.1.5.69368.5.1
1.1.5.69431.13.2.6.1.2.2
1.1.5.69434.26
1.1.5.69445.16.2.11.1.2.2
1.1.5.69452.15.1.6.1.2.2
1.1.5.69480.5.1.5.1.1
1.1.5.69642.17.3.4
1.1.5.69807.13.2.20.6.8
1.1.5.69848.13.2.4
1.1.5.69848.13.3.4
1.1.5.70023.5.1
1.1.5.70172.5.1.1.11
1.1.5.70179.9.1.8
1.1.5.70184.5.1.4.2.7
1.1.5.70206.5.1
1.1.5.70243.5.1.4.1.5.1.8
1.1.5.70305.18.3.10.5.12
1.1.5.70308.13.3.14.6
1.1.5.70318.5.1.4.3.5
1.1.5.70338.19.1.15
1.1.5.70345.5.1.9.1
1.1.5.70368.5.1.2.1.3.2.4
1.1.5.70368.5.1.2.1.4.3.7
1.1.5.70407.8.1.7.4
1.1.5.70536.5.1.17.12.11.3.6
1.1.5.70538.15.2.9.1.33
1.1.5.70558.15.2.9
1.1.5.70570.5.1.2.6.31.1.2
1.1.5.70619.58.2.10.9.34
1.1.5.70652.40.2
1.1.5.70684.12.1.5.4
1.1.5.70709.5.1.9
1.1.5.70768.12.2.4.2
1.1.5.70812.5.1.8.6
1.1.5.70840.5.1.5.4
1.1.5.70936.9.1.7
1.1.5.70961.5.1.3.1.2
1.1.5.71025.5.1
1.1.5.71075.15.2.21
1.1.5.71287.11.1.5.5
1.1.5.71308.28.1.15.18
1.1.5.71389.17.2.7.2.17
1.1.5.71417.37.2.19.7.7
1.1.5.71579.11.1.7.5
1.1.5.71639.23.4.26
1.1.5.71662.5.1.17.5.14
1.1.5.71667.18.3.19
1.1.5.71756.5.1
1.1.5.71780.12.1.4
1.1.5.71800.5.1.15
1.1.5.71923.9.2.8.2
1.1.5.71988.5.1
1.1.5.72026.5.1.26.15
1.1.5.72114.11.1.17
1.1.5.72219.3
1.1.5.72250.34.2.18.2.5
1.1.5.72309.15.2.8.1.5.2.19
1.1.5.72324.11.2.8
1.1.5.72354.14.3
1.1.5.72364.5.1
1.1.5.72377.10.1.6
1.1.5.72428.16.2
1.1.5.72501.5.1
1.1.5.72530.5.1.1.8.13
1.1.5.72707.18
1.1.5.72722.5.1.3.1.2.2
1.1.5.72723.14.2.6.1.3
1.1.5.72730.5.1
1.1.5.72734.5.1.3.10
1.1.5.72860.17.4.10.7.2
1.1.5.72892.5.1.6
1.1.5.72968.5.1.3.3
1.1.5.72973.5.1.3.3
1.1.5.73012.17.3.4.11.8
1.1.5.73097.5.1.1
1.1.5.73103.5.1
1.1.5.73146.14.5.11.1
1.1.5.73153.9.1.9.3
1.1.5.73199.5.1.2.1.4
1.1.5.73204.5.1
1.1.5.73278.5.1.7.2.6
1.1.5.73305.5.1.10
1.1.5.73329.10.2.24.10
1.1.5.73339.14.3
1.1.5.73470.19.2.11.1.1
1.1.5.73491.8.2.4.3
1.1.5.73557.20.1.17.10
1.1.5.73575.29.1.11.15
1.1.5.73587.5.1.2.2.4.2
1.1.5.73633.5.1.3.3.18
1.1.5.73651.28.1.4
1.1.5.73702.37.2.25.2.8.1.6
1.1.5.73708.17.4.4.1
1.1.5.73769.5.1.8
1.1.5.73824.39.2.8
1.1.5.73925.5.1.5.1.1
1.1.5.74072.11.3.26.26
1.1.5.74091.5.1.5.1.2
1.1.5.74133.5.1
1.1.5.74175.5.1.1.2.2.1
1.1.5.74276.5.1.2.3.3
1.1.5.74281.17.4.32
1.1.5.74334.5.1.8.1.14
1.1.5.74334.5.1.8.1.16
1.1.5.74551.8.2.9.8
1.1.5.74554.19.2.29.14
1.1.5.74652.5.1.4.1
1.1.5.74692.5.1.14.4.9.2
1.1.5.74719.5.1.6.2.28.5
1.1.5.74773.5.1.3.1.2
1.1.5.74775.5.1
1.1.5.74886.5.1.3
1.1.5.75089.11.1.5.4
1.1.5.75220.13.2.20.6.8
1.1.5.75241.5.1.9.1.37
1.1.5.75394.5.1.1.2.21
1.1.5.75428.5.1
1.1.5.75595.5.1.3
1.1.5.75709.18.3.10.5.12
1.1.5.75712.13.3.14.6
1.1.5.75722.5.1.4.3.5
1.1.5.75743.5.1.2.2
1.1.5.75767.15.2.6
1.1.5.75803.8.1.7.4
1.1.5.75836.5.1.5.1.23.8
1.1.5.75929.5.1.4.2.6
1.1.5.75932.5.1.6.3.24
1.1.5.75948.15.2.9
1.1.5.75960.5.1.2.6.31.1.2
1.1.5.76028.30.2.7.1.3.1
1.1.5.76077.16.1.5.3
1.1.5.76097.5.1.1.20.11
1.1.5.76199.5.1.8.6
1.1.5.76227.5.1.5.4
1.1.5.76314.9.1.7
1.1.5.76339.5.1.3.1.2
1.1.5.76446.15.2.21
1.1.5.76485.5.1.3.1.2.1.6
1.1.5.76683.5.1.9
1.1.5.76757.17.2.7.2.17
1.1.5.76778.10.1.4.4
1.1.5.76931.5.1.3
1.1.5.76943.11.2.4
1.1.5.76945.5.1.5.1.4.2
1.1.5.77052.5.1.17.5.14
1.1.5.77057.18.3.19
1.1.5.77105.5.1
1.1.5.77174.12.1.4
1.1.5.77194.5.1.15
1.1.5.77205.15.3
1.1.5.77323.9.2.8.2
1.1.5.77393.5.1
1.1.5.77431.5.1.26.15
1.1.5.77512.15.2
1.1.5.77544.10.1.6
1.1.5.77566.5.1.2.11.11.2
1.1.5.77611.3
1.1.5.77650.13.3.16.10.8
1.1.5.77673.5.1.2.2.56.2
1.1.5.77699.16.2.11.1.18
1.1.5.77720.11.2.8
1.1.5.77827.16.2
1.1.5.77902.5.1
1.1.5.77931.5.1.1.8.13
1.1.5.78100.18
1.1.5.78114.8.1.4.3
1.1.5.78253.5.1.5
1.1.5.78282.22.2.11
1.1.5.78401.17.3.4.11.8
1.1.5.78436.20.2.10.4
1.1.5.78491.17.3.7.6
1.1.5.78494.9.1.6.5
1.1.5.78524.14.5.11.1
1.1.5.78531.9.1.9.3
1.1.5.78574.16.2.17.15
1.1.5.78665.5.1.24
1.1.5.78689.29.2.13.1.3
1.1.5.78727.5.1.2.1.4
1.1.5.78885.19.2.16.4
1.1.5.78904.5.1.3.1.17
1.1.5.78932.5.1.1
1.1.5.78983.20.1.17.10
1.1.5.79001.29.1.11.15
1.1.5.79013.5.1.2.2.4.2
1.1.5.79056.5.1.3.3.18
1.1.5.79117.3
1.1.5.79132.37.2.25.2.8.1.6
1.1.5.79138.17.4.4.1
1.1.5.79232.31.2
1.1.5.79255.20.2.8
1.1.5.79357.5.1.1.2.24.6.9
1.1.5.79415.11.3.8
1.1.5.79480.14.2.12.12
1.1.5.79498.5.1.5.1.2
1.1.5.79548.5.1
1.1.5.79582.14.4
1.1.5.79617.68.1.19
1.1.5.79689.5.1.2.3.3
1.1.5.79694.17.4.32
1.1.5.79745.5.1.8.1.6
1.1.5.79745.5.1.8.1.8
1.1.5.79977.8.2.9.8
1.1.5.79980.19.2.29.14
1.1.5.80010.19.2.14
1.1.5.80125.5.1.1.2
1.1.5.80127.22.4
1.1.5.80222.14.1.5.9
1.1.5.80364.5.1.3
1.1.5.80524.17.3.4
1.1.5.80692.41.1.8.7
1.1.5.80711.5.1.5.1.1
1.1.5.80892.17.1.8.4
1.1.5.81037.31.1.38.24
1.1.5.81044.21.2.4.22
1.1.5.81045.5.1.1.28.9.3
1.1.5.81143.5.1.11
1.1.5.81154.5.1.4.3.5
1.1.5.81170.5.1
1.1.5.81179.5.1.1.5.8.7
1.1.5.81201.5.1.16
1.1.5.81243.8.1.7.4
1.1.5.81267.5.1.27.1.1.3
1.1.5.81272.5.1.2.1
1.1.5.81377.5.1.4.2.6
1.1.5.81380.5.1.6.3.24
1.1.5.81400.15.2.9
1.1.5.81412.5.1.2.6.31.1.2
1.1.5.81527.5.1.18.1.4
1.1.5.81602.12.2.4.2
1.1.5.81645.5.1.8.6
1.1.5.81673.5.1.5.4
1.1.5.81760.9.1.7
1.1.5.81785.5.1.3.1.2
1.1.5.81900.15.2.21
1.1.5.82115.11.1.5.5
1.1.5.82136.28.1.15.18
1.1.5.82219.17.2.7.2.23
1.1.5.82247.37.2.19.7.7
1.1.5.82378.5.1.3.2.2
1.1.5.82389.8.1.5.3
1.1.5.82409.5.1.3
1.1.5.82469.23.4.26
1.1.5.82492.5.1.17.5.14
1.1.5.82497.18.3.19
1.1.5.82542.19.2
1.1.5.82578.5.1
1.1.5.82602.12.1.4
1.1.5.82623.5.1.15
1.1.5.82634.15.3
1.1.5.82749.21.3.4.9
1.1.5.82805.5.1
1.1.5.82843.5.1.26.15
1.1.5.82878.30.2
1.1.5.82935.11.1.17
1.1.5.83079.17.1.9.10
1.1.5.83137.23.1.38.12
1.1.5.83186.25.4.13.11.26
1.1.5.83215.5.1
1.1.5.83292.5.1.1
1.1.5.83320.13.2.6.5.6.1
1.1.5.83354.16.1.7.4
1.1.5.83440.11.1.13.9
1.1.5.83511.9.1.4.1
1.1.5.83540.18
1.1.5.83556.8.1.4.3
1.1.5.83685.5.1.5
1.1.5.83714.22.2.11
1.1.5.83796.5.1
1.1.5.83804.15.2.5.3
1.1.5.83842.17.3.4.11.8
1.1.5.83860.34.2.16.2.8
1.1.5.83920.5.1.1
1.1.5.83926.5.1
1.1.5.83949.5.1.2.15.8.2
1.1.5.83973.11.4.4.1
1.1.5.84024.16.2.17.15
1.1.5.84102.5.1.7.2.6
1.1.5.84123.5.1.10
1.1.5.84161.14.3
1.1.5.84254.20.1.17
1.1.5.84276.19.2.11.1.1
1.1.5.84297.8.2.4.3
1.1.5.84361.20.1.17.10
1.1.5.84391.3
1.1.5.84445.5.1.3.3.18
1.1.5.84604.5.1.5.2.3
1.1.5.84652.39.2.8
1.1.5.84753.5.1.5.1.1
1.1.5.84886.8.1.16.3
1.1.5.84897.5.1.1.1.7.2.6
1.1.5.84948.5.1
1.1.5.84990.5.1.1.2.2.1
1.1.5.85014.68.1.19
1.1.5.85055.9.1.4
1.1.5.85076.5.1.2.3.3
1.1.5.85081.17.4.32
1.1.5.85136.10.1.25
1.1.5.85446.5.1.4.1
1.1.5.85493.5.1.14.4.9.2
1.1.5.85578.5.1.3.1.2
1.1.5.85580.5.1
1.1.5.85699.5.1.3
1.1.5.85891.29.1.16
1.1.5.86051.13.2.20.6.8
1.1.5.86072.5.1.9.1.37
1.1.5.86231.5.1.1.2.21
1.1.5.86265.5.1
1.1.5.86409.5.1.1.11
1.1.5.86423.5.1.3
1.1.5.86542.5.1.11
1.1.5.86553.5.1.4.3.5
1.1.5.86573.5.1
1.1.5.86586.5.1.1.8.3.2
1.1.5.86606.5.1.16
1.1.5.86650.5.1.2.1.3.1.7.64
1.1.5.86669.5.1.6
1.1.5.86777.5.1.4.2.6
1.1.5.86780.5.1.6.3.24
1.1.5.86800.15.2.9
1.1.5.86812.25.2.19.1.33.11.7
1.1.5.86877.42.2.7.1.3.1
1.1.5.86923.8.1.4.4
1.1.5.87045.5.1.3.8
1.1.5.87073.5.1.5.4
1.1.5.87156.5.1.2.1
1.1.5.87176.9.1.7
1.1.5.87201.5.1.3.1.2
1.1.5.87305.15.2.21
1.1.5.87336.5.1.3.1.2.1.6
1.1.5.87365.9.2.22
1.1.5.87517.11.1.5.5
1.1.5.87624.17.2.7.2.6
1.1.5.87652.37.2.19.7.7
1.1.5.87760.25.2.16.1.2
1.1.5.87772.8.1.5.3
1.1.5.87792.5.1.3
1.1.5.87883.5.1.17.5.14
1.1.5.87888.18.3.19
1.1.5.87892.5.1.11.7.21
1.1.5.87931.19.2
1.1.5.87970.5.1
1.1.5.87994.12.1.4
1.1.5.88014.5.1.15
1.1.5.88025.15.3
1.1.5.88136.9.2.8.2
1.1.5.88216.5.1
1.1.5.88254.5.1.26.15
1.1.5.88433.3
1.1.5.88466.34.2.26.2.5
1.1.5.88526.15.2.8.1.5.2.19
1.1.5.88591.5.1
1.1.5.88604.10.1.6
1.1.5.88655.16.2
1.1.5.88681.45.4.25
1.1.5.88706.20.3.18
1.1.5.88731.5.1
1.1.5.88760.5.1.1.8.13
1.1.5.88893.9.1.4.1
1.1.5.88924.18
1.1.5.88939.5.1.2.2.8.5
1.1.5.88940.9.1.7.1
1.1.5.89073.17.4.10.7.2
1.1.5.89089.14.2
1.1.5.89096.5.1
1.1.5.89188.5.1.11.7
1.1.5.89207.5.1.5.4.13
1.1.5.89210.17.3.4.11.7
1.1.5.89245.20.2.10.4
1.1.5.89295.5.1.1
1.1.5.89301.5.1
1.1.5.89344.14.5.11.1
1.1.5.89351.9.1.9.3
1.1.5.89407.5.1.2.1.4
1.1.5.89412.5.1
1.1.5.89482.5.1.16
1.1.5.89506.29.2.13.1.3
1.1.5.89544.5.1.2.1.4
1.1.5.89679.19.2.16.4
1.1.5.89698.5.1.3.1.17
1.1.5.89729.5.1.1
1.1.5.89780.20.1.17.10
1.1.5.89814.10.5.4.15.14
1.1.5.89844.16.4.29.9.6
1.1.5.89866.5.1.3.3.18
1.1.5.89927.5.1.7.1.1.1
1.1.5.89935.39.2.22.2.10.2.50
1.1.5.89941.17.4.4.1
1.1.5.90010.5.1.5.2.3
1.1.5.90058.39.2.8
1.1.5.90160.5.1.1.2.24.6.9
1.1.5.90284.11.3.26.26
1.1.5.90303.5.1.5.1.2
1.1.5.90345.5.1
1.1.5.90381.5.1.1.2.2.1
1.1.5.90405.68.1.19
1.1.5.90481.5.1
1.1.5.90529.5.1.8.1.6
1.1.5.90529.5.1.8.1.8
1.1.5.90540.17.2
1.1.5.90747.8.2.9.8
1.1.5.90750.19.2.29.14
1.1.5.90781.16.3.13.3.5
1.1.5.90861.17.4.4
1.1.5.90907.5.1.1.2
1.1.5.90909.22.4
1.1.5.90995.5.1.3.1.2
1.1.5.90997.5.1
1.1.5.91077.16.2.11.1.2.2
1.1.5.91084.15.1.6.1.2.2
1.1.5.91112.5.1.3
1.1.5.91274.17.3.4
1.1.5.91648.17.1.22.15
1.1.5.91694.5.1
1.1.5.91878.5.1.3
1.1.5.91997.5.1.11
1.1.5.92008.5.1.4.3.5
1.1.5.92028.19.1.15
1.1.5.92035.5.1.9.1
1.1.5.92058.5.1.2.1.3.2.4
1.1.5.92058.5.1.2.1.4.3.7
1.1.5.92092.5.1.2.1.3.1.7.1
1.1.5.92110.5.1.9.1.1.3
1.1.5.92119.5.1.5.1.13.10
1.1.5.92208.5.1.4.2.6
1.1.5.92211.5.1.6.3.24
1.1.5.92238.8.1.4.2
1.1.5.92241.6
1.1.5.92253.9.1.35.4
1.1.5.92306.5.1.4
1.1.5.92335.15
1.1.5.92369.16.1.5.3
1.1.5.92513.5.1.8.6
1.1.5.92541.5.1.5.4
1.1.5.92578.5.1.4.4
1.1.5.92607.9.1.17
1.1.5.92627.9.1.7
1.1.5.92652.5.1.3.1.2
1.1.5.92768.15.2.21
1.1.5.92807.5.1.3.1.2.1.6
1.1.5.92836.9.2.22
1.1.5.92865.6
1.1.5.93006.5.1.9
1.1.5.93080.17.2.7.2.17
1.1.5.93108.37.2.19.7.7
1.1.5.93262.5.1.3
1.1.5.93274.11.2.4
1.1.5.93276.5.1.5.1.4.2
1.1.5.93380.5.1.32.5.13
1.1.5.93385.18.3.19
1.1.5.93502.12.1.4
1.1.5.93523.5.1.15
1.1.5.93534.15.3
1.1.5.93653.9.2.8.2
1.1.5.93707.8.3.4
1.1.5.93756.15.2.7.1
1.1.5.93839.11.1.17
1.1.5.93851.6
1.1.5.93911.27.16.6.4.11.2.14
1.1.5.93986.10.1.4
1.1.5.94044.15.2.8.1.5.2.10
1.1.5.94059.11.2.8
1.1.5.94100.5.1
1.1.5.94113.10.1.6
1.1.5.94149.20.3.6
1.1.5.94244.16.3.7.1
1.1.5.94254.17.2.17.13
1.1.5.94290.15.3.9.4.4.3.5
1.1.5.94408.16.3.22.2.4.1
1.1.5.94426.18
1.1.5.94440.5.1.3.1.2.2
1.1.5.94441.14.2.6.1.3
1.1.5.94448.5.1
1.1.5.94452.5.1.3.10
1.1.5.94570.17.4.10.7.2
1.1.5.94586.14.2
1.1.5.94593.5.1
1.1.5.94683.5.1.11.7
1.1.5.94702.5.1.5.4.13
1.1.5.94705.17.3.4.11.7
1.1.5.94746.20.2.10.4
1.1.5.94800.17.3.7.6
1.1.5.94803.9.1.6.5
1.1.5.94833.14.5.11.1
1.1.5.94840.9.1.9.3
1.1.5.94883.16.2.17.15
1.1.5.94971.5.1.24
1.1.5.94995.29.2.13.1.3
1.1.5.95033.5.1.2.1.4
1.1.5.95164.19.2.11.1.1
1.1.5.95185.8.2.4.3
1.1.5.95249.20.1.17.10
1.1.5.95277.12.1.10.3.24
1.1.5.95329.9.1.5.9
1.1.5.95377.5.1
1.1.5.95386.22.2.4
1.1.5.95493.5.1.5.2.3
1.1.5.95544.39.2.8
1.1.5.95645.5.1.5.1.1
1.1.5.95774.5.1.1
1.1.5.95785.5.1.1.1.7.2.6
1.1.5.95836.5.1
1.1.5.95873.5.1.1.2.2.1
1.1.5.95956.13.1.4
1.1.5.95985.5.1
1.1.6.45.5.1.8.1.45
1.1.6.45.5.1.8.1.47
1.1.6.269.8.2.9.8
1.1.6.272.19.2.29.14
1.1.6.349.5.1
1.1.6.370.5.1.4.1
1.1.6.417.5.1.14.4.9.2
1.1.6.488.5.1.3.1.2
1.1.6.490.5.1
1.1.6.565.16.2.11.1.2.2
1.1.6.572.15.1.6.1.2.2
1.1.6.600.5.1.5.1.1
1.1.6.766.17.3.4
1.1.6.929.41.1.8.7
1.1.6.941.47.2.12.5.6.4.26
1.1.6.1113.17.1.22.15
1.1.6.1154.17.1.8.4
1.1.6.1318.5.1.3
1.1.6.1432.18.3.10.5.12
1.1.6.1435.13.3.14.6
1.1.6.1445.5.1.4.3.5
1.1.6.1465.19.1.15
1.1.6.1472.5.1.9.1
1.1.6.1495.5.1.2.1.3.2.4
1.1.6.1495.5.1.2.1.4.3.7
1.1.6.1535.8.1.7.4
1.1.6.1559.5.1.27.1.1.3
1.1.6.1564.5.1.2.1
1.1.6.1669.5.1.4.2.6
1.1.6.1696.8.1.4.2
1.1.6.1699.6
1.1.6.1711.9.1.35.4
1.1.6.1761.15.4.24
1.1.6.1780.42.2.7.1.3.1
1.1.6.1821.8.1.4.4
1.1.6.1949.5.1.3.8
1.1.6.1977.5.1.5.4
1.1.6.2058.5.1.2.1
1.1.6.2078.9.1.7
1.1.6.2103.5.1.3.1.2
1.1.6.2206.15.2.21
1.1.6.2245.5.1.3.1.2.1.6
1.1.6.2274.9.2.22
1.1.6.2452.5.1.9
1.1.6.2526.17.2.7.2.17
1.1.6.2554.37.2.19.7.7
1.1.6.2583.13.1.8
1.1.6.2722.11.1.7.5
1.1.6.2780.8.1.30
1.1.6.2808.5.1.17.5.19
1.1.6.2813.18.3.19
1.1.6.2890.5.1
1.1.6.2912.12.1.4
1.1.6.2932.5.1.15
1.1.6.2943.15.3
1.1.6.3062.9.2.8.2
1.1.6.3132.5.1
1.1.6.3170.5.1.26.15
1.1.6.3205.30.2
1.1.6.3402.13.3.16.10.8
1.1.6.3425.5.1.2.2.56.2
1.1.6.3451.16.2.11.1.18
1.1.6.3472.11.2.8
1.1.6.3504.14.3
1.1.6.3514.5.1
1.1.6.3527.10.1.6
1.1.6.3563.20.3.6
1.1.6.3604.45.4.25
1.1.6.3631.13.2.6.5.6.1
1.1.6.3670.5.1.1.10.13
1.1.6.3841.5.1.13.13.20.1
1.1.6.3851.18
1.1.6.3865.9.1.7.5
1.1.6.3875.6
1.1.6.3879.5.1.16.9
1.1.6.3885.17.2.5.3.22.1
1.1.6.3991.5.1.5
1.1.6.4020.22.2.11
1.1.6.4108.5.1.11.7
1.1.6.4127.5.1.5.4.13
1.1.6.4130.17.3.4.11.7
1.1.6.4165.20.2.10.4
1.1.6.4223.17.3.7.6
1.1.6.4226.9.1.6.5
1.1.6.4256.14.5.11.1
1.1.6.4263.9.1.9.3
1.1.6.4309.5.1.2.1.4
1.1.6.4314.5.1
1.1.6.4404.5.1.24
1.1.6.4423.5.1.1.1
1.1.6.4431.5.1.10
1.1.6.4466.13.1.4.15.8
1.1.6.4471.5.1.7.7
1.1.6.4559.5.1
1.1.6.4630.19.2.16.4
1.1.6.4649.5.1.3.1.17
1.1.6.4680.5.1.1
1.1.6.4731.20.1.17.10
1.1.6.4765.10.3.12.18.14
1.1.6.4773.9.1.9
1.1.6.4788.5.1
1.1.6.4810.5.1.3.3.18
1.1.6.4872.3
1.1.6.4887.37.2.25.2.8.1.6
1.1.6.4893.17.4.4.1
1.1.6.4954.5.1.8
1.1.6.5009.39.2.8
1.1.6.5131.5.1.5.1.1
1.1.6.5195.25.3
1.1.6.5257.11.3.26.26
1.1.6.5276.5.1.5.1.2
1.1.6.5318.5.1
1.1.6.5360.5.1.1.2.2.1
1.1.6.5467.5.1.2.3.3
1.1.6.5472.17.4.32
1.1.6.5529.10.1.25
1.1.6.5548.17.2
1.1.6.5860.5.1.4.1
1.1.6.5907.5.1.14.4.9.2
1.1.6.5986.5.1.3.1.2
1.1.6.5988.5.1
1.2.117.4.2.9.3.7.1
1.2.178.6.3.9
1.2.316.4.2.2
1.2.706.2.1.3
1.2.727.10.5.19.1.2
1.2.1038.4.2.15.9.16
1.2.1175.14.7.20.2
1.2.1306.2.1.1.2.4.8.28
1.2.1319.2.1.3
1.2.1354.2.1.2.2.5.2
1.2.1360.4.2.2.1.1.1
1.2.1391.4.2.12
1.2.1446.3
1.2.1484.2.1.3
1.2.1516.4.2.48.3.8
1.2.1698.2.1.1.1.3.4
1.2.1715.8.4
1.2.1861.18.9.37.6.6.5.19
1.2.1866.2.1.2.2.7.2.21
1.2.1910.6.3
1.2.1931.2.1.2.2.5
1.2.1997.6.3.19.6.27.1.7
1.2.2029.6.3.9.4
1.2.2136.6.3.30
1.2.2172.22.11.35.9.40
1.2.2274.10.5.19
1.2.2420.4.2
1.2.2534.4.2.4
1.2.2683.6.3
1.2.2707.8.4.24.6.24
1.2.2817.4.2
1.2.3198.2.1.2.2.21.3.4
1.2.3229.2.1.2.2.8
1.2.3269.6.3.7.1
1.2.3307.2.1
1.2.3440.6.3.23.2.3
1.2.3465.4.2.41.6.6
1.2.3499.4.2.5
1.2.3755.4.2.3.2.7.2
1.2.3877.4.2.5.5.18
1.2.3882.14.7.20.4.7.1
1.2.3886.4.2.29.2.3.1
1.2.4307.8.4.10.7.7.3
1.2.4438.4.2.4.2.5.1.7
1.2.4445.2.1.1.1
1.2.4563.2.1.2.2.3.1
1.2.4651.4.2.3.1.5.1.1
1.2.4712.8.4.8
1.2.4737.2.1.1
1.2.4752.4.2
1.2.4867.6.3.7.5.15.3.11
1.2.4972.2.1.9
1.2.5106.6.3
1.2.5158.11
1.2.5290.8.4.17.1.1
1.2.5378.4.2.7.6.12
1.2.5389.2.1.10.1.32
1.2.5478.2.1.14.2.10.1
1.2.5502.2.1.5
1.2.5514.4.2.5.2
1.2.5670.10.5
1.2.5736.2.1.5
1.2.5888.4.2.9.1.3
1.2.5896.2.1.3
1.2.5939.6.3.20
1.2.5949.2.1.14.2.3.1.16
1.4.27901.1
1.4.109623.1
1.4.121191.1
1.4.151911.1
1.5.54.20.2.1.3.1.3.2
1.5.68.17.2.1.33.6
1.5.136.16.2.1.31.1
1.5.331.6.2.1.2.1.24.3
1.5.577.22.2.1.7.4.7.3
1.5.623.14.2.1.8
1.5.656.11.2.1.14.1
1.5.752.6.2.1.29.2
1.5.1022.6.2.1.8.1
1.5.1040.7.2.1.6
1.5.1055.17.2.1.17.1.10.5.19
1.5.1131.13.2.1.22
1.5.1420.14.2.1.10.6.6.1.4.20
1.5.1457.8.2.1.5.6.8.3.15
1.5.1502.13.2.1
1.5.1511.11.2.1.19.5.8
1.5.1516.9.2.1.8.3.7.3.7
1.5.1518.18.2.1.4.3
1.5.1576.11.2.1.6
1.5.1662.17.2.1.3.4.21
1.5.1684.7.2.1.13
1.5.1736.6.2.1.7
1.5.1817.12.2.1.15.4.8.2.9
1.5.1835.9.2.1.25.4
1.5.1980.12.2.1.7.4.9
1.5.2014.6.2.1.31.1.1.1.2
1.5.2490.26.2.1
1.5.2498.7.2.1.5.1.2.2.6
1.5.2604.20.2.1.10.4
1.5.2668.11.2.1.18
1.5.2832.9.2.1.4.3.22.6
1.5.2923.8.2.1.14.5.41.8.19
1.5.3068.8.2.1.9
1.5.3098.9.2.1.4.9.42
1.5.3127.7.2.1.1.1
1.5.3159.14.2.1
1.5.3274.5.2.1.1.1.3.1.7
1.5.3303.6.2.1.7
1.5.3395.8.2.1.3.3
1.5.3438.19.2.1.7.2
1.5.3601.11.2.1.2.2
1.5.3614.7.2.1.7.5.11.1.25
1.5.3627.7.2.1
1.5.3778.18.2.1.9
1.5.3783.8.2.1.9
1.5.4080.7.2.1.2.2.8.1
1.5.4109.13.2.1.3.1.3.2.9
1.5.4221.7.2.1.10.2.2
1.5.4269.22.2.1
1.5.4594.11.2.1
1.5.4671.11.2.1
1.5.4914.8.2.1.7.4.13
1.5.4936.6.2.1.8.2.11.3
1.5.4989.13.2.1.7.2.1
1.5.5098.17.2.1.10.1.1
1.5.5120.7.2.1.3.1.6.5.55
1.5.5207.8.2.1.9.2.10.1
1.5.5248.9.2.1.2.1
1.5.5281.8.2.1.2.1.1.2.2.29
1.5.5434.8.2.1.4.1.5.1
1.5.5462.15.2.1.8.8.22
1.5.5469.10.2.1.1.1.8
1.5.5658.9.2.1.4.3.3.3.10
1.5.5689.7.2.1.4.5.17
1.5.5732.14.2.1.17.2.5
1.5.5802.10.2.1
1.5.5873.9.2.1.15.3
1.5.5946.27.2.1.12.1.1
1.5.5962.11.2.1.6.4.20.1
1.5.6023.8.2.1
1.5.6038.6.2.1.6.5
1.5.6072.8.2.1.3.1
1.5.6122.30.2.1
1.5.6136.10.2.1.5
1.5.6235.15.2.1.5.2.10.4.7
1.5.6331.8.2.1.4.1.2
1.5.6507.8.2.1.22
1.5.6661.15.2.1.1
1.5.6679.8.2.1.16.1.9.6.14
1.5.6815.7.2.1
1.5.6849.8.2.1
1.5.6857.6.2.1.5
1.5.6940.10.2.1.12.6.20.5.30
1.5.6940.10.2.1.13.7.24.4
1.5.6948.9.2.1
1.5.6979.9.2.1.14.4
1.5.7012.7.2.1.18.3.75
1.5.7115.8.2.1.4.2.5.4
1.5.7234.9.2.1.5.1.17.2
1.5.7299.16.2.1.31.1
1.5.7474.6.2.1.2.1.24.3
1.5.7577.7.2.1.17
1.5.7699.22.2.1.7.4.7.3
1.5.7745.14.2.1.8
1.5.7778.11.2.1.14.1
1.5.8175.6.2.1.4
1.5.8205.13.2.1.1.1.1.1.2
1.5.8224.16.2.1
1.5.8254.21.2.1
1.5.8563.14.2.1.10.6.6.1.4.53
1.5.8592.6.2.1.6
1.5.8648.6.2.1.18
1.5.8653.9.2.1.8.3.7.3.7
1.5.8655.18.2.1.4.3
1.5.8708.7.2.1
1.5.8793.36.2.1.4.1.2
1.5.8798.6.2.1.2.1.3.6.5
1.5.8826.6.2.1.13
1.5.8890.5.2.1.1.1.8.6.23
1.5.8963.12.2.1.15.4.8.2.9
1.5.8968.7.2.1.9.4.14.1
1.5.9128.12.2.1.7.4.9
1.5.9162.12.2.1.3.3.6.1.27
1.5.9186.11.2.1.7
1.5.9251.9.2.1.5.1.1
1.5.9332.9.2.1.25
1.5.9365.14.2.1.3.1.8
1.5.9458.13.2.1.2.1.2
1.5.9638.26.2.1
1.5.9646.7.2.1.5.1.2.2.6
1.5.9731.20.2.1.10.4
1.5.9956.9.2.1.4.3.22.6
1.5.10025.9.2.1
1.5.10045.8.2.1.14.5.41.8.19
1.5.10132.7.2.1
1.5.10220.9.2.1.4.9.31
1.5.10249.7.2.1.1.1
1.5.10282.14.2.1
1.5.10308.5.2.1.8.5
1.5.10398.5.2.1.1.1.3.1.7
1.5.10423.6.2.1.7
1.5.10511.8.2.1.3.3
1.5.10554.19.2.1.7.2
1.5.10639.7.2.1.5.1
1.5.10704.11.2.1.2.2
1.5.10717.7.2.1.7.5.12.1.25
1.5.10730.7.2.1
1.5.10882.18.2.1.9
1.5.10886.17.2.1.9
1.5.11165.8.2.1.12
1.5.11211.18.2.1
1.5.11269.7.2.1.10.2.2
1.5.11317.22.2.1
1.5.11618.11.2.1
1.5.11658.16.2.1.2
1.5.11686.11.2.1
1.5.11783.9.2.1.41
1.5.11928.17.2.1
1.5.11931.6.2.1.16.6.12.1.34
1.5.11947.9.2.1.5.3
1.5.11997.13.2.1.7.2.1
1.5.12100.8.2.1.21.1.6.3.7
1.5.12121.7.2.1.3.1.6.5.34
1.5.12211.8.2.1.9.2.10.1
1.5.12250.10.2.1
1.5.12253.8.2.1.1.1.5.2
1.5.12253.8.2.1.3.1
1.5.12302.8.2.1.2.1.1.2.20.22
1.5.12447.8.2.1.4.1.5.1
1.5.12475.15.2.1.8.8.22
1.5.12482.10.2.1.1.1.8
1.5.12670.9.2.1.4.3.3.3.10
1.5.12708.8.2.1.7.13.23.2.8
1.5.12743.7.2.1.3
1.5.12811.10.2.1
1.5.12888.9.2.1.15.3
1.5.12923.7.2.1.2.4.1
1.5.12949.11.2.1.3
1.5.12983.10.2.1.11.3
1.5.13039.8.2.1
1.5.13054.6.2.1.6.5
1.5.13092.6.2.1.4.7.13.8
1.5.13267.15.2.1.5.2.10.4.7
1.5.13545.8.2.1.4.1.3.2
1.5.13563.9.2.1.8
1.5.13828.10.2.1.1.1.11.1
1.5.13863.15.2.1.3.2
1.5.13966.10.2.1.12.6.20.5.30
1.5.13966.10.2.1.13.7.24.4
1.5.13974.9.2.1
1.5.14283.20.2.1.15.1.1
1.5.14337.16.2.1.8.1
1.5.14532.6.2.1.2.1.24.3
1.5.14631.7.2.1.17
1.5.14757.22.2.1.7.4.7.3
1.5.14803.14.2.1.8
1.5.14835.11.2.1.12.1
1.5.14931.6.2.1.29.2
1.5.15125.27.2.1.7.4
1.5.15212.6.2.1.8.1
1.5.15230.7.2.1.6
1.5.15244.7.2.1.7
1.5.15261.10.2.1
1.5.15264.6.2.1.3.9.18.10
1.5.15623.14.2.1.10.6.6.1.4.59
1.5.15658.8.2.1.5.2.1.1.2
1.5.15703.13.2.1
1.5.15714.11.2.1.22.5.12
1.5.15719.9.2.1.8.3.7.3.7
1.5.15721.18.2.1.4.3
1.5.15776.13.2.1.1.1.3.1.2
1.5.15842.18.2.1.2
1.5.15867.17.2.1.3.4.21
1.5.15889.7.2.1.13
1.5.15955.6.2.1.7
1.5.16046.12.2.1.15.4.8.2.9
1.5.16049.10.2.1.5.1.4.2
1.5.16195.12.2.1.7.4.9
1.5.16229.12.2.1.3.3.6.1.27
1.5.16404.5.2.1.10.1.2
1.5.16435.10.2.1.8.6.17
1.5.16644.13.2.1.1.4.14
1.5.16657.15.2.1.17.1.6.2
1.5.16702.8.2.1
1.5.16731.7.2.1.3.1.2.3.4
1.5.16827.20.2.1.10.4
1.5.16890.11.2.1.18
1.5.17060.9.2.1.4.3.22.6
1.5.17131.9.2.1
1.5.17151.8.2.1.14.5.41.8.19
1.5.17238.7.2.1
1.5.17290.6.2.1.4
1.5.17294.12.2.1.4
1.5.17512.9.2.1.18.1.3
1.5.17528.7.2.1.8.8.41
1.5.17551.8.2.1.8.1.7
1.5.17565.19.2.1.26.1
1.5.17648.8.2.1.3.3
1.5.17691.19.2.1.7.2
1.5.17782.7.2.1.12.1
1.5.17829.9.2.1
1.5.17846.7.2.1.7.5.11.1.43
1.5.17859.20.2.1.1.1
1.5.18014.18.2.1.9
1.5.18019.8.2.1.9
1.5.18308.7.2.1.2.2.8.1
1.5.18337.13.2.1.3.1.3.2.9
1.5.18372.18.2.1
1.5.18445.7.2.1.10.2.2
1.5.18493.22.2.1
1.5.18819.11.2.1
1.5.18859.16.2.1.2
1.5.18909.10.2.1.1.1.62.2
1.5.19112.9.2.1.1
1.5.19113.8.2.1.5.1.5
1.5.19139.8.2.1.37.2
1.5.19183.13.2.1.7.2.1
1.5.19279.10.2.1.1.1.1
1.5.19299.7.2.1.3.1.6.5.17
1.5.19389.8.2.1.9.2.10.1
1.5.19461.9.2.1.1.6.30
1.5.19470.10.2.1.6.2
1.5.19618.8.2.1.4.1.5.1
1.5.19640.10.2.1.5.5.16
1.5.19648.6.2.1.13
1.5.19835.9.2.1.4.3.3.3.10
1.5.19875.9.2.1.1.14.17.1.3
1.5.19919.14.2.1.17.2.5
1.5.19985.10.2.1
1.5.20089.7.2.1.2.5.3
1.5.20115.11.2.1.3
1.5.20149.10.2.1.11.3
1.5.20205.8.2.1
1.5.20220.6.2.1.6.5
1.5.20262.7.2.1.4.8.8.2
1.5.20321.8.2.1.2.2.7
1.5.20422.15.2.1.5.2.18.4.7
1.5.20518.8.2.1.4.1.2
1.5.20690.8.2.1.4.1.3.2
1.5.20708.9.2.1.7
1.5.20777.8.2.1.13
1.5.21016.8.2.1
1.5.21024.6.2.1.5
1.5.21107.10.2.1.12.6.20.5.30
1.5.21107.10.2.1.13.7.24.4
1.5.21115.9.2.1
1.5.21193.8.2.1.8.2.2
1.5.21438.9.2.1.5.1.17.2
1.5.21500.16.2.1.31.1
1.5.21675.6.2.1.2.1.24.3
1.5.21921.22.2.1.7.4.7.3
1.5.21962.14.2.1.8
1.5.21994.11.2.1.12.1
1.5.22043.6.2.1.9.1.1.1.3
1.5.22274.27.2.1.7.4
1.5.22391.13.2.1.1.1.1.1.2
1.5.22410.16.2.1
1.5.22445.21.2.1
1.5.22652.12.2.1.1
1.5.22756.14.2.1.10.6.6.1.4.33
1.5.22836.14.2.1.15.8.43
1.5.22911.13.2.1.1.1.3.1.2
1.5.22988.36.2.1.4.1.2
1.5.22993.6.2.1.2.1.3.9.13
1.5.23021.6.2.1.13
1.5.23161.12.2.1.15.4.8.2.9
1.5.23319.10.2.1.1.1.3.1.83
1.5.23346.15.2.1.3.2.2.2.8
1.5.23526.5.2.1.26.1.4
1.5.23557.10.2.1.9.6.17
1.5.23660.15.2.1.1.2.11
1.5.23736.13.2.1.1.4.14
1.5.23749.15.2.1.17.1.6.2
1.5.23794.8.2.1
1.5.23823.7.2.1.3.1.2.3.4
1.5.24096.8.2.1
1.5.24140.9.2.1.4.3.22.6
1.5.24235.8.2.1.14.5.41.8.19
1.5.24322.7.2.1
1.5.24370.12.2.1.10.2.3
1.5.24398.9.2.1.4.9.31
1.5.24450.11.2.1
1.5.24462.14.2.1
1.5.24589.9.2.1.18.1.3
1.5.24605.7.2.1.8.8.41
1.5.24628.8.2.1.8.1.7
1.5.24642.19.2.1.26.1
1.5.24741.6.2.1.33.4.11
1.5.24830.6.2.1.2.2.5.4
1.5.24896.11.2.1.2.2
1.5.24909.7.2.1.7.5.12.1.25
1.5.24922.20.2.1.1.1
1.5.25080.18.2.1.9
1.5.25084.17.2.1.9
1.5.25355.6.2.1.15.3.7.1
1.5.25384.13.2.1.3.1.3.2.9
1.5.25491.10.2.1.8.2.6.1.17
1.5.25535.22.2.1
1.5.25667.7.2.1.2.1
1.5.25862.11.2.1
1.5.25937.11.2.1
1.5.26037.9.2.1.41
1.5.26141.5.2.1.11.6.14.1.34.34
1.5.26180.9.2.1.1.1.2.3.6
1.5.26198.9.2.1.5.3
1.5.26248.13.2.1.7.2.1
1.5.26351.17.2.1.10.6.6.1.34
1.5.26369.7.2.1.3.1.6.5.59
1.5.26458.8.2.1.17.2
1.5.26493.9.2.1.2.1
1.5.26526.8.2.1.2.1.1.2.2.37
1.5.26632.7.2.1
1.5.26652.14.2.1.20.2.8.5
1.5.26655.7.2.1.26.7
1.5.26673.8.2.1.4.1.5.1
1.5.26695.10.2.1.5.5.16
1.5.26703.6.2.1.13
1.5.26882.9.2.1.4.3.3.3.10
1.5.26909.8.2.1.7.11.35.2.12
1.5.27015.10.2.1
1.5.27117.7.2.1.2.2.1
1.5.27143.11.2.1.3
1.5.27177.10.2.1.11.3
1.5.27233.8.2.1
1.5.27248.6.2.1.6.5
1.5.27290.7.2.1.4.8.8.2
1.5.27470.15.2.1.5.2.10.4.7
1.5.27755.8.2.1.22
1.5.28078.8.2.1
1.5.28086.6.2.1.5
1.5.28171.8.2.1.6.1.17
1.5.28252.18.2.1.1
1.5.28363.8.2.1.4.2.5.4
1.5.28482.9.2.1.5.1.17.2
1.5.28544.16.2.1.31.1
1.5.28569.14.2.1
1.5.28715.6.2.1.2.1.24.3
1.5.28814.7.2.1.17
1.5.28947.22.2.1.7.4.7.3
1.5.28993.14.2.1.8
1.5.29025.11.2.1.12.1
1.5.29121.6.2.1.29.2
1.5.29406.6.2.1.4
1.5.29504.13.2.1.22
1.5.29686.12.2.1.1
1.5.29747.7.2.1
1.5.29802.8.2.1.5.4.9.3
1.5.29839.16.2.1.1.1
1.5.29892.11.2.1.22.5.12
1.5.29897.9.2.1.8.3.7.3.7
1.5.29899.18.2.1.4.3
1.5.29954.13.2.1.1.1.3.1.2
1.5.30038.36.2.1.4.1.2
1.5.30043.6.2.1.2.1.3.6.18
1.5.30071.6.2.1.13
1.5.30148.6.2.1.7
1.5.30237.12.2.1.15.4.8.2.9
1.5.30240.10.2.1.5.1.4.2
1.5.30386.12.2.1.7.4.9
1.5.30420.6.2.1.31.1.1.1.2
1.5.30544.7.2.1
1.5.30559.11.2.1.20.5
1.5.30605.9.2.1.25
1.5.30638.17.2.1.2
1.5.30755.18.2.1.5
1.5.30925.26.2.1
1.5.30933.7.2.1.5.1.2.2.6
1.5.31041.20.2.1.10.4
1.5.31082.19.2.1.4
1.5.31256.9.2.1.4.3.22.6
1.5.31343.8.2.1.14.5.41.8.19
1.5.31430.7.2.1
1.5.31488.12.2.1.13.3.5
1.5.31516.9.2.1.4.9.32
1.5.31545.7.2.1.1.1
1.5.31563.7.2.1.2.5.9
1.5.31580.14.2.1
1.5.31719.7.2.1.8.5.11
1.5.31742.8.2.1.8.1.7
1.5.31756.19.2.1.26.1
1.5.31865.7.2.1.14.2.2.1.9
1.5.32033.11.2.1.2.2
1.5.32046.7.2.1.7.5.12.1.25
1.5.32059.7.2.1
1.5.32211.18.2.1.9
1.5.32215.17.2.1.9
1.5.32492.6.2.1.15.3.7.1
1.5.32521.13.2.1.3.1.3.2.9
1.5.32626.10.2.1.8.2.6.1.17
1.5.32670.22.2.1
1.5.32790.8.2.1.2.1.4
1.5.32806.15.2.1.2.1
1.5.32993.11.2.1
1.5.33030.18.2.1.10.1.5
1.5.33058.11.2.1
1.5.33308.9.2.1.1
1.5.33309.8.2.1.5.1.5
1.5.33335.8.2.1.37.2
1.5.33380.13.2.1.7.2.1
1.5.33491.17.2.1.10.6.6.1.39
1.5.33509.7.2.1.3.1.6.5.64
1.5.33596.8.2.1.9.2.10.1
1.5.33666.8.2.1.2.1.1.2.2.33
1.5.33818.8.2.1.4.1.5.1
1.5.33840.10.2.1.5.5.16
1.5.33848.6.2.1.13
1.5.34032.9.2.1.4.3.3.3.10
1.5.34068.15.2.1.21.10.13.3.6
1.5.34108.14.2.1.17.2.5
1.5.34170.10.2.1
1.5.34248.9.2.1.15.3
1.5.34321.27.2.1.12.1.1
1.5.34414.5.2.1.2.2
1.5.34414.5.2.1.3.1.3.3.5
1.5.34451.13.2.1.2.1.12.1.8
1.5.34615.15.2.1.5.2.10.4.7
1.5.34934.8.2.1.4.1.3.2
1.5.34952.9.2.1.7
1.5.35104.15.2.1.1
1.5.35122.8.2.1.16.1.9.6.14
1.5.35284.8.2.1
1.5.35292.6.2.1.5
1.5.35376.10.2.1.12.6.20.5.30
1.5.35376.10.2.1.13.7.24.4
1.5.35384.9.2.1
1.5.35445.7.2.1.18.3.75
1.5.35458.12.2.1
1.5.35695.20.2.1.15.1.1
1.5.35749.16.2.1.8.1
1.5.35884.7.2.1.1.3
1.5.35930.7.2.1
1.5.36036.7.2.1.17
1.5.36153.22.2.1.7.4.7.3
1.5.36199.14.2.1.8
1.5.36231.11.2.1.12.1
1.5.36280.6.2.1.9.1.1.1.3
1.5.36620.12.2.1.13.1.1
1.5.36989.14.2.1.10.6.6.1.4.20
1.5.37026.8.2.1.5.6.8.3.15
1.5.37071.13.2.1
1.5.37082.11.2.1.22.5.12
1.5.37087.9.2.1.8.3.7.3.7
1.5.37089.18.2.1.4.3
1.5.37144.13.2.1.1.1.3.1.2
1.5.37202.8.2.1.6
1.5.37209.7.2.1.10.2.7.1.1
1.5.37219.12.2.1.3.3.5
1.5.37246.7.2.1.5
1.5.37269.7.2.1.3.4
1.5.37271.5.2.1.4.4
1.5.37302.6.2.1.7
1.5.37384.12.2.1.15.4.8.2.9
1.5.37387.10.2.1.5.1.4.2
1.5.37537.12.2.1.7.4.9
1.5.37572.6.2.1.31.1.1.1.2
1.5.37754.9.2.1.25
1.5.37820.10.2.1.5.1.2.2
1.5.38038.8.2.1
1.5.38067.7.2.1.3.1.2.3.4
1.5.38383.16.2.1.2.3
1.5.38445.9.2.1
1.5.38465.8.2.1.14.5.41.8.19
1.5.38552.7.2.1
1.5.38633.9.2.1.4.9.32
1.5.38685.11.2.1
1.5.38697.14.2.1
1.5.38723.5.2.1.8.5
1.5.38818.9.2.1.18.1.3
1.5.38834.7.2.1.8.8.41
1.5.38857.8.2.1.8.1.7
1.5.38871.19.2.1.26.1
1.5.39067.7.2.1.12.1
1.5.39114.9.2.1
1.5.39123.6.2.1.22.8.15.2
1.5.39157.7.2.1
1.5.39307.18.2.1.9
1.5.39312.8.2.1.9
1.5.39589.6.2.1.15.3.7.1
1.5.39650.18.2.1
1.5.39708.7.2.1.10.2.2
1.5.39756.22.2.1
1.5.39880.6.2.1.33.15
1.5.40058.11.2.1
1.5.40098.16.2.1.2
1.5.40147.16.2.1.16.6.59.4.10.25
1.5.40336.8.2.1
1.5.40347.22.2.1
1.5.40350.8.2.1.10.4.18
1.5.40372.6.2.1.8.2.11.3
1.5.40395.13.2.1.8.2.5.2
1.5.40417.18.2.1.2.8.14.5.4
1.5.40531.17.2.1.10.6.7.1.1
1.5.40549.7.2.1.3.1.6.5.26
1.5.40641.8.2.1.9.2.10.1
1.5.40711.8.2.1.2.1.1.2.2.25
1.5.40863.8.2.1.4.1.5.1
1.5.40891.15.2.1.8.8.22
1.5.40898.10.2.1.1.1.8
1.5.41081.9.2.1.4.3.3.3.10
1.5.41120.8.2.1.7.15.24.2.6
1.5.41220.10.2.1
1.5.41326.7.2.1.2.5.3
1.5.41352.11.2.1.3
1.5.41386.10.2.1.11.3
1.5.41451.5.2.1.2.2
1.5.41451.5.2.1.3.1.3.3.5
1.5.41488.13.2.1.2.1.12.1.8
1.5.41535.8.2.1.14.5.24.4
1.5.41658.15.2.1.5.2.10.4.7
1.5.41977.8.2.1.4.1.3.2
1.5.41995.9.2.1.8
1.5.42256.10.2.1.1.1.11.1
1.5.42289.15.2.1.3.2
1.5.42390.10.2.1.12.6.20.5.30
1.5.42390.10.2.1.13.7.24.4
1.5.42398.9.2.1
1.5.42486.6.2.1.1.1.2
1.5.42733.20.2.1.15.1.1
1.5.42798.16.2.1.31.1
1.5.43228.22.2.1.7.4.7.3
1.5.43274.14.2.1.8
1.5.43307.11.2.1.14.1
1.5.43403.6.2.1.29.2
1.5.43445.6.2.1.3.3.13.10.31
1.5.43597.27.2.1.7.4
1.5.43709.13.2.1.1.1.1.1.2
1.5.43728.16.2.1
1.5.43763.21.2.1
1.5.43975.12.2.1.1
1.5.44087.14.2.1.10.6.6.1.4.56
1.5.44161.14.2.1.15.8.43
1.5.44234.7.2.1
1.5.44319.36.2.1.4.1.2
1.5.44324.6.2.1.2.1.3.6.5
1.5.44352.6.2.1.13
1.5.44423.6.2.1.7
1.5.44505.12.2.1.15.4.8.2.9
1.5.44523.9.2.1.25.4
1.5.44665.12.2.1.7.4.9
1.5.44699.12.2.1.3.3.6.1.27
1.5.44723.11.2.1.7
1.5.44780.8.2.1.2.1.1
1.5.44817.7.2.1
1.5.44832.11.2.1.20.5
1.5.44866.9.2.1.9
1.5.45000.15.2.1.1.2.11
1.5.45009.15.2.1.30.4
1.5.45166.26.2.1
1.5.45174.7.2.1.5.1.2.2.6
1.5.45397.22.2.1.3.4.55.1
1.5.45486.9.2.1.4.3.22.6
1.5.45587.8.2.1.14.5.41.8.19
1.5.45725.8.2.1.9
1.5.45755.9.2.1.4.9.42
1.5.45784.7.2.1.1.1
1.5.45816.14.2.1
1.5.45919.20.2.1.2.10
1.5.45952.7.2.1.8.5.11
1.5.45975.8.2.1.8.1.7
1.5.45989.19.2.1.26.1
1.5.46088.7.2.1.14.2.2.1.9
1.5.46255.11.2.1.2.2
1.5.46268.7.2.1.7.5.12.1.25
1.5.46281.20.2.1.1.1
1.5.46439.18.2.1.9
1.5.46444.8.2.1.9
1.5.46734.6.2.1.15.3.7.1
1.5.46763.13.2.1.3.1.3.2.9
1.5.46806.6.2.1.2.1
1.5.46894.7.2.1.10.2.2
1.5.46942.22.2.1
1.5.47052.12.2.1.18.5
1.5.47244.11.2.1
1.5.47280.10.2.1.54
1.5.47314.11.2.1
1.5.47546.9.2.1.1.1.2.2.5
1.5.47564.9.2.1.5.3
1.5.47613.13.2.1.7.2.1
1.5.47720.17.2.1.10.1.1
1.5.47742.7.2.1.3.1.6.5.17
1.5.47829.8.2.1.9.2.10.1
1.5.47901.9.2.1.1.6.30
1.5.47910.10.2.1.6.2
1.5.48063.8.2.1.4.1.5.1
1.5.48091.15.2.1.8.8.22
1.5.48098.10.2.1.1.1.8
1.5.48281.9.2.1.4.3.3.3.10
1.5.48310.9.2.1.1.12.29.1.3
1.5.48350.8.2.1.1.1.3
1.5.48403.10.2.1
1.5.48480.9.2.1.15.3
1.5.48515.7.2.1.2.4.1
1.5.48541.11.2.1.3
1.5.48575.10.2.1.11.3
1.5.48623.8.2.1
1.5.48638.6.2.1.6.5
1.5.48680.7.2.1.4.8.8.2
1.5.48852.15.2.1.5.2.18.4.7
1.5.49026.7.2.1
1.5.49156.8.2.1.22
1.5.49292.15.2.1.1
1.5.49310.8.2.1.16.1.9.6.14
1.5.49464.8.2.1
1.5.49563.10.2.1.12.6.20.5.30
1.5.49563.10.2.1.13.7.24.4
1.5.49571.9.2.1
1.5.49643.6.2.1.1.1.2
1.5.49891.9.2.1.5.1.17.2
1.5.49956.16.2.1.31.1
1.5.50131.6.2.1.2.1.24.3
1.5.50388.22.2.1.7.4.7.3
1.5.50434.14.2.1.8
1.5.50467.11.2.1.14.1
1.5.50563.6.2.1.29.2
1.5.50859.12.2.1.13.1.1
1.5.51113.12.2.1.1
1.5.51217.14.2.1.10.6.6.1.4.35
1.5.51301.20.2.1.5
1.5.51311.15.2.1.2.2.4.4.42
1.5.51313.18.2.1.4.3
1.5.51366.7.2.1
1.5.51462.36.2.1.4.1.2
1.5.51467.6.2.1.2.1.3.6.13
1.5.51495.6.2.1.13
1.5.51532.8.2.1.2.2.12.1
1.5.51559.5.2.1.1.1.8.6.23
1.5.51640.12.2.1.15.4.8.2.9
1.5.51645.7.2.1.9.4.14.1
1.5.51801.12.2.1.7.4.9
1.5.51835.12.2.1.3.3.6.1.27
1.5.51966.11.2.1.5.3
1.5.52008.9.2.1.25
1.5.52152.18.2.1.5
1.5.52236.13.2.1.1.4.14
1.5.52249.15.2.1.17.1.6.2
1.5.52325.26.2.1
1.5.52333.7.2.1.5.1.2.2.6
1.5.52571.22.2.1.14.5.55.1
1.5.52664.9.2.1.4.3.22.6
1.5.52735.9.2.1
1.5.52755.8.2.1.14.5.41.8.19
1.5.52842.7.2.1
1.5.52901.6.2.1.4
1.5.52905.12.2.1.4
1.5.52961.15.2.1.16.1.2.1
1.5.52989.11.2.1
1.5.53001.14.2.1
1.5.53097.9.2.1
1.5.53102.9.2.1.12.1.3
1.5.53118.7.2.1.8.8.41
1.5.53141.8.2.1.8.1.7
1.5.53155.19.2.1.26.1
1.5.53267.19.2.1.7.2
1.5.53358.7.2.1.12.1
1.5.53405.9.2.1
1.5.53443.7.2.1
1.5.53593.18.2.1.9
1.5.53597.17.2.1.9
1.5.53886.7.2.1.2.2.8.1
1.5.53915.13.2.1.3.1.3.2.9
1.5.53958.6.2.1.2.1
1.5.54035.20.2.1.2.3.30
1.5.54069.22.2.1
1.5.54197.15.2.1.2.1
1.5.54386.11.2.1
1.5.54424.10.2.1.7
1.5.54486.10.2.1.1.1.62.2
1.5.54657.5.2.1.11.6.14.1.34.37
1.5.54666.7.2.1.27.3
1.5.54697.14.2.1.23
1.5.54715.6.2.1.8.2.11.3
1.5.54738.13.2.1.8.2.5.2
1.5.54760.18.2.1.2.8.14.5.4
1.5.54876.17.2.1.10.6.6.1.39
1.5.54894.7.2.1.3.1.6.5.64
1.5.54981.8.2.1.9.2.10.1
1.5.55063.8.2.1.2.1.1.2.2.35
1.5.55209.8.2.1.4.1.5.1
1.5.55231.10.2.1.5.5.16
1.5.55239.6.2.1.13
1.5.55298.7.2.1.1
1.5.55416.9.2.1.4.3.3.3.10
1.5.55451.8.2.1.7.15.24.2.10
1.5.55486.7.2.1.3
1.5.55554.10.2.1
1.5.55656.7.2.1.2.2.1
1.5.55682.11.2.1.3
1.5.55716.10.2.1.11.3
1.5.55772.8.2.1
1.5.55787.6.2.1.6.5
1.5.55829.7.2.1.4.8.8.2
1.5.55998.15.2.1.5.2.10.4.7
1.5.56280.8.2.1.23
1.5.56596.8.2.1
1.5.56604.6.2.1.5
1.5.56688.10.2.1.12.6.20.5.30
1.5.56688.10.2.1.13.7.24.4
1.5.56696.9.2.1
1.5.56781.8.2.1.8.2.2
1.5.57018.9.2.1.5.1.17.2
1.5.57080.16.2.1.31.1
1.5.57262.7.2.1
1.5.57368.7.2.1.17
1.5.57493.22.2.1.7.4.7.3
1.5.57539.14.2.1.8
1.5.57572.11.2.1.14.1
1.5.57621.6.2.1.9.1.1.1.3
1.5.57933.6.2.1.8.1
1.5.57951.7.2.1.6
1.5.57963.16.2.1.16.2.14
1.5.58223.12.2.1.1
1.5.58327.14.2.1.10.6.6.1.4.35
1.5.58364.8.2.1.5.6.8.3.15
1.5.58409.13.2.1
1.5.58416.34.2.1.4.1.3
1.5.58447.7.2.1.3
1.5.58496.11.2.1.6
1.5.58574.36.2.1.4.1.2
1.5.58579.6.2.1.2.1.3.6.5
1.5.58607.6.2.1.13
1.5.58678.6.2.1.7
1.5.58769.12.2.1.15.4.8.2.9
1.5.58925.12.2.1.7.4.9
1.5.58960.6.2.1.31.1.1.1.2
1.5.59084.7.2.1
1.5.59099.11.2.1.20.5
1.5.59159.10.2.1.8.6.17
1.5.59426.8.2.1
1.5.59455.7.2.1.3.1.2.3.4
1.5.59563.20.2.1.9.5
1.5.59792.9.2.1.4.3.22.6
1.5.59863.9.2.1
1.5.59883.8.2.1.14.5.41.8.19
1.5.59970.7.2.1
1.5.60021.8.2.1.9
1.5.60051.9.2.1.4.9.41
1.5.60080.7.2.1.1.1
1.5.60112.14.2.1
1.5.60242.7.2.1.8.5.11
1.5.60265.8.2.1.8.1.7
1.5.60279.19.2.1.26.1
1.5.60378.7.2.1.14.2.2.1.9
1.5.60440.9.2.1
1.5.60476.6.2.1.2.2.5.4
1.5.60546.11.2.1.2.2
1.5.60559.7.2.1.7.5.11.1.25
1.5.60572.20.2.1.1.1
1.5.60738.18.2.1.9
1.5.60743.8.2.1.9
1.5.61046.8.2.1.12
1.5.61153.10.2.1.8.2.6.1.17
1.5.61197.22.2.1
1.5.61322.6.2.1.33.15
1.5.61488.11.2.1
1.5.61526.10.2.1.7
1.5.61766.5.2.1.11.6.14.1.34.38
1.5.61775.7.2.1.27.3
1.5.61806.9.2.1.1
1.5.61807.8.2.1.5.1.5
1.5.61833.8.2.1.37.2
1.5.61878.13.2.1.7.2.1
1.5.61982.17.2.1.10.1.1
1.5.62004.7.2.1.3.1.6.5.37
1.5.62096.8.2.1.9.2.10.1
1.5.62168.9.2.1.1.6.30
1.5.62177.10.2.1.6.2
1.5.62331.8.2.1.4.1.5.1
1.5.62353.10.2.1.5.5.16
1.5.62361.6.2.1.13
1.5.62547.9.2.1.4.3.3.3.10
1.5.62588.9.2.1.1.16.18.1.3
1.5.62632.14.2.1.17.2.5
1.5.62699.10.2.1
1.5.62771.9.2.1.15.3
1.5.62844.27.2.1.12.1.1
1.5.62870.12.2.1.2.1.20
1.5.62941.8.2.1
1.5.62989.8.2.1.3.1
1.5.63150.15.2.1.5.2.10.4.7
1.5.63469.8.2.1.4.1.3.2
1.5.63487.9.2.1.8
1.5.63802.8.2.1
1.5.63900.10.2.1.12.6.20.5.30
1.5.63900.10.2.1.13.7.24.4
1.5.63908.9.2.1
1.5.63986.8.2.1.8.2.2
1.5.63997.12.2.1
1.5.64094.8.2.1.4.2.5.4
1.5.64222.20.2.1.15.1.1
1.5.64288.16.2.1.8.1
1.5.64596.7.2.1.17
1.5.64722.22.2.1.7.4.7.3
1.5.64763.14.2.1.8
1.5.64795.11.2.1.12.1
1.5.64891.6.2.1.29.2
1.5.65193.18.2.1.4.1.5
1.5.65279.13.2.1.22
1.5.65461.12.2.1.1
1.5.65584.14.2.1.10.6.6.1.4.120
1.5.65621.6.2.1.6
1.5.65661.6.2.1
1.5.65674.10.2.1.36.1.5
1.5.65684.15.2.1.2.2.4.4.73
1.5.65686.18.2.1.4.3
1.5.65755.7.2.1
1.5.65840.36.2.1.4.1.2
1.5.65845.6.2.1.2.1.3.6.5
1.5.65873.6.2.1.13
1.5.65936.6.2.1.7
1.5.66013.12.2.1.15.4.8.2.9
1.5.66031.9.2.1.25.4
1.5.66172.12.2.1.7.4.9
1.5.66206.6.2.1.31.1.1.1.2
1.5.66333.11.2.1.5.3
1.5.66367.6.2.1.10.2.3
1.5.66395.10.2.1.21.17.37
1.5.66507.15.2.1.1.2.11
1.5.66583.13.2.1.1.4.14
1.5.66596.15.2.1.17.1.6.2
1.5.66669.26.2.1
1.5.66677.7.2.1.5.1.2.2.6
1.5.66832.11.2.1.18
1.5.66999.9.2.1.4.3.22.6
1.5.67094.8.2.1.14.5.41.8.19
1.5.67239.8.2.1.9
1.5.67269.9.2.1.4.9.42
1.5.67321.11.2.1
1.5.67333.14.2.1
1.5.67472.7.2.1.8.5.11
1.5.67495.8.2.1.8.1.7
1.5.67509.19.2.1.26.1
1.5.67609.7.2.1.31.2.2.1.9
1.5.67777.11.2.1.2.2
1.5.67790.7.2.1.7.5.12.1.41
1.5.67803.7.2.1
1.5.67950.18.2.1.9
1.5.67955.8.2.1.9
1.5.68251.6.2.1.15.3.7.1
1.5.68280.13.2.1.3.1.3.2.9
1.5.68323.6.2.1.2.1
1.5.68396.7.2.1.10.2.2
1.5.68444.22.2.1
1.5.68565.15.2.1.2.1
1.5.68726.11.2.1
1.5.68766.16.2.1.2
1.5.68875.9.2.1.11
1.5.69018.10.2.1.3
1.5.69024.9.2.1.1.1.2.2.5
1.5.69042.9.2.1.5.3
1.5.69092.13.2.1.7.2.1
1.5.69201.17.2.1.10.1.1
1.5.69223.7.2.1.3.1.6.5.55
1.5.69317.8.2.1.17.2
1.5.69352.9.2.1.2.1
1.5.69385.8.2.1.2.1.1.2.2.33
1.5.69491.7.2.1
1.5.69511.14.2.1.20.2.8.5
1.5.69514.7.2.1.26.7
1.5.69532.8.2.1.4.1.5.1
1.5.69560.15.2.1.8.8.22
1.5.69567.10.2.1.1.1.8
1.5.69739.9.2.1.4.3.3.3.10
1.5.69771.7.2.1.4.8.22
1.5.69815.14.2.1.17.2.5
1.5.69879.10.2.1
1.5.69967.9.2.1.4.2
1.5.70040.27.2.1.12.1.1
1.5.70133.5.2.1.2.2
1.5.70133.5.2.1.3.1.3.3.5
1.5.70170.13.2.1.2.1.12.1.8
1.5.70211.8.2.1.14.5.67.4
1.5.70334.15.2.1.5.2.10.4.7
1.5.70663.8.2.1.23
1.5.70923.10.2.1.1.1.11.1
1.5.70973.8.2.1
1.5.70981.6.2.1.5
1.5.71072.10.2.1.12.6.20.5.30
1.5.71072.10.2.1.13.7.24.4
1.5.71080.9.2.1
1.5.71158.8.2.1.8.2.2
1.5.71384.9.2.1.5.1.17.2
1.5.71449.16.2.1.31.1
1.5.71626.6.2.1.2.1.24.3
1.5.71885.22.2.1.7.4.7.3
1.5.71926.14.2.1.8
1.5.71959.11.2.1.14.1
1.6.268.8.2.1.1.1.13.3
1.6.394.8.2.1
1.6.408.8.2.1.7
1.6.447.8.2.1
1.6.464.8.2.1.1.5
1.6.564.8.2.1.18.4.16.5
1.6.579.8.2.1
1.6.662.8.2.1.25.4
1.6.712.8.2.1.2.2.13.2.7
1.6.806.8.2.1
1.6.834.8.2.1
1.6.838.8.2.1.15.2.26.3.16.78
1.6.976.8.2.1.16.3
1.6.1034.8.2.1.3
1.6.1110.8.2.1.3.3.13
1.6.1119.8.2.1.3.1.18
1.6.1146.8.2.1.3.3.7.10.33
1.6.1211.8.2.1.6
1.6.1267.8.2.1.6.2.9.11
1.6.1307.8.2.1.4.4.15
1.6.1449.8.2.1.14
1.6.1456.8.2.1.28.6.31.2.2
1.6.1499.8.2.1
1.6.1506.8.2.1.17.5.19.3.4
1.6.1579.8.2.1.3.1.3.5.36
1.6.1618.8.2.1.3.1.12.2
1.6.1673.8.2.1.3.1.14.1.3
1.6.1775.8.2.1.1
1.6.1836.8.2.1
1.6.1880.8.2.1
1.6.1902.8.2.1.10.3.14.5
1.6.2074.8.2.1.8.1.35
1.6.2091.8.2.1.26.1.8
1.6.2224.8.2.1.3.3.23.4.6
1.6.2326.8.2.1.47.2.4.2
1.6.2384.8.2.1.12.2
1.6.2508.8.2.1
1.6.2622.8.2.1.4.1.12.5.15
1.6.2752.8.2.1.3.2.4
1.6.2760.8.2.1
1.6.2851.8.2.1.19.2.5.5
1.6.2860.8.2.1.2.3.30.1
1.6.2956.8.2.1.4.1.36
1.6.2975.8.2.1.3.1.22.2.13
1.6.3002.8.2.1.2.2.8
1.6.3098.8.2.1.20.8.30.4
1.6.3162.8.2.1.18.8.16.7.8
1.6.3228.8.2.1
1.6.3265.8.2.1.5.1.4.8
1.6.3345.8.2.1.3.1
1.6.3537.8.2.1.1.1.6
1.6.3711.8.2.1
1.6.3722.8.2.1.5.4.11.1
1.6.3912.8.2.1.28.1.34.2
1.6.3929.8.2.1.4.1.10
1.6.4064.8.2.1.12.3.17.6.17
1.6.4155.8.2.1.3.3.8
1.6.4382.8.2.1.3.3.7
1.6.4426.8.2.1.3.1
1.6.4477.8.2.1.3.1
1.6.4490.8.2.1.3
1.6.4599.8.2.1.4.3.9
1.6.4612.8.2.1.9.6
1.6.4660.8.2.1.7.2
1.6.4696.8.2.1.5.1.7.4
1.6.4717.8.2.1.1.5.1.1
1.6.4761.8.2.1.9.3.6.5.2
1.6.4764.8.2.1.17
1.6.4823.8.2.1
1.6.4877.8.2.1.3.5.18.2
1.6.4936.8.2.1.1.1.1
1.6.4964.8.2.1.19
1.6.4991.8.2.1.5.3
1.6.4991.8.2.1.6.1.7
1.6.5003.8.2.1
1.6.5115.8.2.1.21.6
1.6.5204.8.2.1.1.1.1.1.23.6
1.6.5256.8.2.1
1.6.5354.8.2.1.15.5.2.1.3
1.6.5378.8.2.1.7.1.11.2
1.6.5407.8.2.1.1.1.1
1.6.5412.8.2.1.5.3.6
1.6.5481.8.2.1.9
1.6.5577.8.2.1.8.2
1.6.5611.8.2.1.11.4.6
1.6.5651.8.2.1.5
1.6.5701.8.2.1.16
1.6.5907.8.2.1.6.2.1
1.6.5937.8.2.1.3
1.6.5959.8.2.1.14
1.6.6024.8.2.1.19.8.61.2.6
1.6.6078.8.2.1.11.2
1.6.6134.8.2.1.12.5.11
1.6.6156.8.2.1.6.5.23
1.6.6287.8.2.1.1.1.16.6.22
1.6.6392.8.2.1.8.3.21.2.9
1.6.6630.8.2.1.8
1.6.6759.8.2.1
1.6.6780.8.2.1.17.3.27
1.6.6803.8.2.1.1
1.6.6875.8.2.1.1.1
1.6.7074.8.2.1.16.3.6
1.6.7161.8.2.1
1.6.7176.8.2.1.13.3.2
1.6.7221.8.2.1.3.5
1.6.7234.8.2.1.8.4
1.6.7313.8.2.1.25
1.6.7449.8.2.1.6.5.10.3
1.6.7631.8.2.1.1.1.19.15
1.6.8065.8.2.1.3.3.15
1.6.8173.8.2.1.4
1.6.8413.8.2.1.1.1.13.3
1.6.8564.8.2.1.7
1.6.8585.8.2.1.1.1.6.1.36
1.6.8597.8.2.1
1.6.8605.8.2.1
1.6.8880.8.2.1.2.2.13.2.7
1.6.8978.8.2.1.6.1
1.6.9014.8.2.1.2.9
1.6.9114.8.2.1
1.6.9146.8.2.1.16.3
1.6.9204.8.2.1.3
1.6.9304.8.2.1.3.1.20
1.6.9312.8.2.1.3.1.26
1.6.9339.8.2.1.14.2.4.2.3
1.6.9464.8.2.1.13.3
1.6.9489.8.2.1.2.2.11.4
1.6.9657.8.2.1.14
1.6.9665.8.2.1.30.6.31.5.12
1.6.9708.8.2.1
1.6.9715.8.2.1.17.5.19.3.4
1.6.9791.8.2.1.3.1.3.1.23
1.6.9895.8.2.1.1
1.6.10016.8.2.1.32.5.6.1
1.6.10075.8.2.1
1.6.10119.8.2.1
1.6.10141.8.2.1.10.3.14.5
1.6.10192.8.2.1.11.6.19.1.4
1.6.10206.8.2.1.13.4
1.6.10307.8.2.1.8.1.35
1.6.10324.8.2.1.26.1.8
1.6.10613.8.2.1.12.2
1.6.10738.8.2.1
1.6.10853.8.2.1.4.1.12.5.15
1.6.10953.8.2.1.1.1.9
1.6.10992.8.2.1.3.2.4
1.6.11000.8.2.1
1.6.11049.8.2.1.5.3.7
1.6.11188.8.2.1.4.1.5
1.6.11207.8.2.1.3.1.22.2.13
1.6.11234.8.2.1.2.2.8
1.6.11330.8.2.1.20.8.30.4
1.6.11374.8.2.1
1.6.11391.8.2.1.13.8.16.7.7
1.6.11527.8.2.1
1.6.11761.8.2.1.1.1.6
1.6.11927.8.2.1
1.6.11938.8.2.1.5.4.11.1
1.6.12141.8.2.1.26.3
1.6.12161.8.2.1.4.1.10
1.6.12279.8.2.1.3.3.12
1.6.12607.8.2.1.3.3.7
1.6.12835.8.2.1.4.3.9
1.6.12848.8.2.1.9.6
1.6.12896.8.2.1.7.2
1.6.12932.8.2.1.5.1.7.4
1.6.12954.8.2.1.1.5.1.1
1.6.13003.8.2.1.8.5.10
1.6.13064.8.2.1
1.6.13118.8.2.1.3.5.18.2
1.6.13177.8.2.1.1.1.1
1.6.13210.8.2.1.10
1.6.13230.8.2.1.9.3.5.7.22
1.6.13354.8.2.1.21.6
1.6.13429.8.2.1.1.1.1.1.27.10
1.6.13481.8.2.1
1.6.13578.8.2.1.15.5.2.1.3
1.6.13602.8.2.1.7.1.11.2
1.6.13623.8.2.1.10.5.18.3.11
1.6.13635.8.2.1.19
1.6.13701.8.2.1.9
1.6.13745.8.2.1.6.3.2.3
1.6.13819.8.2.1.11.4.6
1.6.13862.8.2.1.4
1.6.13904.8.2.1.16
1.6.14107.8.2.1.6.2.1
1.6.14137.8.2.1.3
1.6.14159.8.2.1.14
1.6.14238.8.2.1.2.1.10.2.4
1.6.14296.8.2.1.11.2
1.6.14306.8.2.1
1.6.14327.8.2.1.13.1.2.2.4
1.6.14358.8.2.1.1.1.48.1.6
1.6.14493.8.2.1.1.1.16.6.22
1.6.14598.8.2.1.8.3.21.2.9
1.6.14637.8.2.1
1.6.14855.8.2.1.5
1.6.14998.8.2.1.9.3
1.6.15035.8.2.1.9.3.6
1.6.15047.8.2.1.1
1.6.15168.8.2.1.3.1.9.1.12
1.6.15192.8.2.1.3.2
1.6.15276.8.2.1
1.6.15327.8.2.1.12.5.4
1.6.15330.8.2.1.16.8
1.6.15392.8.2.1
1.6.15407.8.2.1.13.3.2
1.6.15452.8.2.1.3.5
1.6.15465.8.2.1.8.4
1.6.15544.8.2.1.25
1.6.15682.8.2.1.6.5.10.3
1.6.15807.8.2.1.8.2
1.6.15946.8.2.1.14.7
1.6.16293.8.2.1.4
1.6.16641.8.2.1.1.1.13.3
1.6.16792.8.2.1.7
1.6.16843.8.2.1
1.6.17023.8.2.1.16
1.6.17095.8.2.1.2.2.13.2.7
1.6.17191.8.2.1.6.1
1.6.17227.8.2.1.2.9
1.6.17321.8.2.1
1.6.17341.8.2.1.20.7.19
1.6.17388.8.2.1.1
1.6.17406.8.2.1.26.2.5.2.7
1.6.17509.8.2.1.3.1.20
1.6.17517.8.2.1.3.1.26
1.6.17544.8.2.1.14.2.4.2.3
1.6.17668.8.2.1.7.1.1.6
1.6.17711.8.2.1.1.1.8
1.6.17760.8.2.1.12.3.10
1.6.17878.8.2.1.14
1.6.17886.8.2.1.30.6.31.5.12
1.6.17931.8.2.1
1.6.17938.8.2.1.17.5.19.3.4
1.6.18014.8.2.1.3.1.3.1.23
1.6.18115.8.2.1.1
1.6.18138.8.2.1.21.4.12
1.6.18171.8.2.1.7.5
1.6.18282.8.2.1
1.6.18326.8.2.1
1.6.18348.8.2.1.10.3.14.5
1.6.18399.8.2.1.11.6.19.1.4
1.6.18447.8.2.1.9.3.10
1.6.18504.8.2.1.8.1.35
1.6.18521.8.2.1.26.1.8
1.6.18830.8.2.1.8.1
1.6.18959.8.2.1
1.6.19039.8.2.1.5.2.8.2.5
1.6.19181.8.2.1.1.1.9
1.6.19220.8.2.1.3.2.4
1.6.19228.8.2.1
1.6.19281.8.2.1.19.3.4
1.6.19413.8.2.1.4.1.31
1.6.19432.8.2.1.3.1.22.2.13
1.6.19459.8.2.1.2.2.8
1.6.19597.8.2.1
1.6.19792.8.2.1.10.2.4
1.6.19800.8.2.1.1.1.5
1.6.19910.8.2.1.17.5.10
1.6.19943.8.2.1.19.7.32
1.6.19955.8.2.1.31.4.10.4.16
1.6.19963.8.2.1.4.6.10.5.28
1.6.20113.8.2.1
1.6.20124.8.2.1.5.4.11.1
1.6.20335.8.2.1.3
1.6.20472.8.2.1.14.4.9
1.6.20556.8.2.1.15.8.23
1.6.20596.8.2.1
1.6.20628.8.2.1.17.1.28
1.6.20654.8.2.1.9.5
1.6.20796.8.2.1.3.3.7
1.6.20851.8.2.1.3.1
1.6.20904.8.2.1.3.1
1.6.20917.8.2.1.3
1.6.21026.8.2.1.4.3.9
1.6.21039.8.2.1.9.6
1.6.21087.8.2.1.7.2
1.6.21197.8.2.1.17
1.6.21294.8.2.1.3.5.18.2
1.6.21358.8.2.1.7.2
1.6.21386.8.2.1.25.1.1
1.6.21417.8.2.1.5.2.14.5.14
1.6.21541.8.2.1.21.6
1.6.21614.8.2.1.1.1.1.1.22.4
1.6.21762.8.2.1.15.5.2.1.3
1.6.21786.8.2.1.7.1.11.2
1.6.21815.8.2.1.1.1.1
1.6.21820.8.2.1.5.3.6
1.6.21886.8.2.1.7.5.19
1.6.22003.8.2.1.7.2.26
1.6.22024.8.2.1
1.6.22036.8.2.1.5
1.6.22086.8.2.1.16
1.6.22291.8.2.1.6.2.1
1.6.22321.8.2.1.3
1.6.22343.8.2.1.14
1.6.22408.8.2.1.19.8.61.2.6
1.6.22470.8.2.1.11.2
1.6.22480.8.2.1
1.6.22689.8.2.1.1.1.16.6.22
1.6.22792.8.2.1.8.3.21.2.9
1.6.22865.8.2.1.4.1
1.6.23034.8.2.1.8
1.6.23215.8.2.1.9.3.6
1.6.23227.8.2.1.1
1.6.23347.8.2.1.3.2
1.6.23429.8.2.1
1.6.23466.8.2.1.16.3.6
1.6.23550.8.2.1
1.6.23565.8.2.1.13.3.2
1.6.23715.8.2.1.18.5.8.2
1.6.23845.8.2.1.12.1.1
1.6.23977.8.2.1.8.2
1.6.24040.8.2.1.1.1.19.15
1.6.24075.8.2.1
1.6.24132.8.2.1
1.6.24422.8.2.1.9.6
1.6.24472.8.2.1.4
1.6.24852.8.2.1.1.1.13.3
1.6.24980.8.2.1.7
1.6.25019.8.2.1
1.6.25036.8.2.1.1.5
1.6.25283.8.2.1.2.2.13.2.7
1.6.25377.8.2.1
1.6.25405.8.2.1
1.6.25409.8.2.1.15.2.26.3.16.31
1.6.25507.8.2.1
1.6.25527.8.2.1.20.7.19
1.6.25597.8.2.1.3
1.6.25685.8.2.1.3.1.20
1.6.25693.8.2.1.3.1.26
1.6.25720.8.2.1.14.2.4.2.3
1.6.25794.8.2.1.6
1.6.25850.8.2.1.1.1
1.6.25872.8.2.1.2.2.11.4
1.6.26047.8.2.1.14
1.6.26055.8.2.1.30.6.22.5.12
1.6.26100.8.2.1
1.6.26107.8.2.1.17.5.19.3.4
1.6.26180.8.2.1.3.1.3.5.36
1.6.26286.8.2.1.3.1.14.1.3
1.6.26455.8.2.1
1.6.26484.8.2.1
1.6.26506.8.2.1.10.3.14.5
1.6.26678.8.2.1.8.1.35
1.6.26907.8.2.1.1
1.6.27009.8.2.1.8.1
1.6.27133.8.2.1.4.2
1.6.27137.8.2.1
1.6.27217.8.2.1.5.2.8.2.5
1.6.27358.8.2.1.1.1.9
1.6.27397.8.2.1.3.2.4
1.6.27405.8.2.1
1.6.27458.8.2.1.19.3.4
1.6.27599.8.2.1.4.1.31
1.6.27618.8.2.1.3.1.22.2.13
1.6.27645.8.2.1.2.2.8
1.6.27868.8.2.1
1.6.27993.8.2.1.10.2.4
1.6.28001.8.2.1.1.1.5
1.6.28197.8.2.1.1.1.6
1.6.28375.8.2.1
1.6.28386.8.2.1.5.4.11.1
1.6.28575.8.2.1.28.1.34.2
1.6.28592.8.2.1.4.1.10
1.6.28729.8.2.1.14.4
1.6.28839.8.2.1.1.7.24
1.6.28929.8.2.1.9.5
1.6.29061.8.2.1
1.6.29160.8.2.1.3.1
1.6.29173.8.2.1.4.1.2.4.18
1.6.29318.8.2.1.6
1.6.29345.8.2.1
1.6.29456.8.2.1.1.5.1.1
1.6.29504.8.2.1.18.2.10
1.6.29525.8.2.1.9.5
1.6.29528.8.2.1.1.1.11.2
1.6.29606.8.2.1.3.5.18.2
1.6.29665.8.2.1.1.1.1
1.6.29698.8.2.1.10
1.6.29849.8.2.1.21.6
1.6.29922.8.2.1.1.1.1.1.22.4
1.6.29974.8.2.1
1.6.30071.8.2.1.15.5.2.1.3
1.6.30095.8.2.1.7.1.11.2
1.6.30116.8.2.1.10.5.18.3.11
1.6.30128.8.2.1.19
1.6.30185.8.2.1.7.5.19
1.6.30305.8.2.1.11.4.6
1.6.30345.8.2.1.5
1.6.30583.8.2.1.6.2.1
1.6.30613.8.2.1.3
1.6.30635.8.2.1.14
1.6.30705.8.2.1.8.2.9
1.6.30759.8.2.1.11.2
1.6.30769.8.2.1
1.6.30815.8.2.1.12.5.11
1.6.30837.8.2.1.6.5.23
1.6.30964.8.2.1.19
1.6.31068.8.2.1.8.3.21.2.9
1.6.31107.8.2.1
1.6.31155.8.2.1.4.1
1.6.31321.8.2.1.1.1.2
1.6.31473.8.2.1.3.1.3
1.6.31489.8.2.1.2
1.6.31646.8.2.1.3.2
1.6.31764.8.2.1.11.6.5
1.6.31767.8.2.1.15.9
1.6.31829.8.2.1
1.6.31844.8.2.1.13.3.2
1.6.31987.8.2.1.25
1.6.32123.8.2.1.6.5.10.3
1.6.32305.8.2.1.1.1.19.15
1.6.32389.8.2.1
1.6.32533.8.2.1.6
1.6.32742.8.2.1.4
1.6.32930.8.2.1.7.6.12.13.50
1.6.33079.8.2.1.1.1.13.3
1.6.33224.8.2.1.7
1.6.33249.8.2.1.1.1.6.1.6
1.6.33261.8.2.1
1.6.33269.8.2.1
1.6.33544.8.2.1.2.2.13.2.7
1.6.33638.8.2.1
1.6.33666.8.2.1
1.6.33670.8.2.1.15.2.26.3.16.31
1.6.33779.8.2.1.5.3.9
1.6.33793.8.2.1.3.1.7.1.26
1.6.33799.8.2.1.6.6.10.3
1.6.33854.8.2.1.3
1.6.33901.8.2.1.17.1.21
1.6.33932.8.2.1.13
1.6.33965.8.2.1.3.3.7.10.36
1.6.34097.8.2.1.7.1.1.6
1.6.34140.8.2.1.1.1.8
1.6.34283.8.2.1.14
1.6.34291.8.2.1.30.6.31.5.12
1.6.34336.8.2.1
1.6.34343.8.2.1.17.5.19.3.4
1.6.34416.8.2.1.3.1.3.5.36
1.6.34524.8.2.1.1
1.6.34547.8.2.1.21.4.12
1.6.34681.8.2.1
1.6.34710.8.2.1
1.6.34732.8.2.1.10.3.14.5
1.6.34783.8.2.1.11.6.19.1.4
1.6.34831.8.2.1.9.3.10
1.6.34877.8.2.1.21
1.6.34896.8.2.1.31.1.33.3.10
1.6.35045.8.2.1.3.3.23.4.6
1.6.35070.8.2.1.18.2.5.2
1.6.35205.8.2.1.7.6
1.6.35330.8.2.1
1.6.35410.8.2.1.5.2.8.2.5
1.6.35539.8.2.1
1.6.35591.8.2.1.3.2.4
1.6.35599.8.2.1
1.6.35648.8.2.1.5.3.7
1.6.35803.8.2.1.4.1.14
1.6.35851.8.2.1.28.7.9
1.6.35851.8.2.1.29.8.16
1.6.35981.8.2.1
1.6.36064.8.2.1.1.1.30.2
1.6.36182.8.2.1.3.1
1.6.36349.8.2.1.1.1.6
1.6.36523.8.2.1
1.6.36534.8.2.1.5.4.11.1
1.6.36753.8.2.1.4.1.10
1.6.36888.8.2.1.14.4
1.6.36991.8.2.1.15.8.23
1.6.37229.8.2.1.3.3.7
1.6.37269.8.2.1
1.6.37323.8.2.1.3.1
1.6.37332.8.2.1.2.2.10.2.30
1.6.37474.8.2.1.1
1.6.37496.8.2.1
1.6.37644.8.2.1.18.2.10
1.6.37665.8.2.1.9.5
1.6.37668.8.2.1.1.1.11.2
1.6.37708.8.2.1
1.6.37762.8.2.1.3.5.18.2
1.6.37826.8.2.1.7.2
1.6.37854.8.2.1.25.1.1
1.6.38011.8.2.1.21.6
1.6.38089.8.2.1.1.1.1.1.22.8
1.6.38235.8.2.1.15.5.2.1.3
1.6.38259.8.2.1.7.1.11.2
1.6.38288.8.2.1.1.1.1
1.6.38293.8.2.1.5.3.6
1.6.38360.8.2.1
1.6.38447.8.2.1.8.2
1.6.38481.8.2.1.11.4.6
1.6.38513.8.2.1.6.12
1.6.38523.8.2.1.6.4.37.5.12
1.6.38762.8.2.1.6.2.1
1.6.38784.8.2.1.8.3.3
1.6.38785.8.2.1.10.1.6
1.6.38882.8.2.1
1.6.38884.8.2.1.8
1.6.38903.8.2.1
1.6.38935.8.2.1.11.2
1.6.38945.8.2.1
1.6.38988.8.2.1.12.5.11
1.6.39010.8.2.1.6.5.23
1.6.39154.8.2.1.1.1.16.6.22
1.6.39271.8.2.1.8.3.21.2.9
1.6.39428.8.2.1.3.1.3.1
1.6.39506.8.2.1.1.1.2
1.6.39552.8.2.1.15.1
1.6.39711.8.2.1.9.3.6
1.6.39723.8.2.1.1
1.6.39867.8.2.1.3.2
1.6.39986.8.2.1.16.3.6
1.6.40070.8.2.1
1.6.40085.8.2.1.13.3.2
1.6.40215.8.2.1.18.5.8.2
1.6.40361.8.2.1.6.5.10.3
1.6.40543.8.2.1.1.1.19.15
1.6.40578.8.2.1
1.6.40923.8.2.1.9.6
1.6.40973.8.2.1.4
1.6.41189.8.2.1.2
1.6.41364.8.2.1.1.1.13.3
1.6.41505.8.2.1
1.6.41519.8.2.1.7
1.6.41540.8.2.1.1.1.6.1.36
1.6.41552.8.2.1
1.6.41560.8.2.1
1.6.41811.8.2.1.2.2.13.2.7
1.6.41905.8.2.1.6.1
1.6.41941.8.2.1.2.9
1.6.42059.8.2.1.2
1.6.42131.8.2.1.5.1.2
1.6.42224.8.2.1.4.1.3
1.6.42228.8.2.1.14.3.10.7.18
1.6.42248.8.2.1.14.2.4.2.3
1.6.42376.8.2.1.7.1.1.6
1.6.42413.8.2.1.1.1.12.1.8
1.6.42420.8.2.1
1.6.42594.8.2.1.14
1.6.42602.8.2.1.30.6.31.5.12
1.6.42659.8.2.1
1.6.42666.8.2.1.17.5.19.3.4
1.6.42742.8.2.1.7
1.6.42853.8.2.1.1
1.6.42889.8.2.1.18.4.12
1.6.43027.8.2.1
1.6.43056.8.2.1
1.6.43078.8.2.1.10.3.14.5
1.6.43129.8.2.1.11.6.19.1.4
1.6.43247.8.2.1.8.1.35
1.6.43426.8.2.1.3.3.23.4.6
1.6.43474.8.2.1.1
1.6.43574.8.2.1.7.6
1.6.43701.8.2.1
1.6.43781.8.2.1.5.2.8.2.5
1.6.43909.8.2.1
1.6.43963.8.2.1.3.2.4
1.6.43971.8.2.1
1.6.44020.8.2.1.5.3.7
1.6.44147.8.2.1.4.1.5
1.6.44195.8.2.1.28.7.9
1.6.44195.8.2.1.29.8.16
1.6.44291.8.2.1.20.8.30.4
1.6.44335.8.2.1
1.6.44729.8.2.1.1.1.6
1.6.44895.8.2.1
1.6.44906.8.2.1.5.4.11.1
1.6.45127.8.2.1.3
1.6.45259.8.2.1.14.4
1.6.45364.8.2.1.15.8.23
1.6.45576.8.2.1
1.6.45609.8.2.1.3.1
1.6.45659.8.2.1.3.1
1.6.45672.8.2.1.3
1.6.45722.8.2.1.34.1.2.1
1.6.45785.8.2.1.1
1.6.45807.8.2.1
1.6.45895.8.2.1.11.4.6.8.43
1.6.45973.8.2.1.18.2.10
1.6.45994.8.2.1.9.5
1.6.45997.8.2.1.1.1.11.2
1.6.46075.8.2.1.3.5.18.2
1.6.46139.8.2.1.7.2
1.6.46167.8.2.1.10
1.6.46187.8.2.1.9.3.5.7.22
1.6.46311.8.2.1.21.6
1.6.46395.8.2.1.1.1.1.1.22.8
1.6.46522.8.2.1.15.5.2.1.3
1.6.46546.8.2.1.7.1.11.2
1.6.46567.8.2.1.10.5.18.3.11
1.6.46579.8.2.1.19
1.6.46645.8.2.1.9
1.6.46769.8.2.1.11.4.6
1.6.46811.8.2.1.6.4.35.5.12
1.6.47045.8.2.1.6.2.1
1.6.47075.8.2.1.3
1.6.47097.8.2.1.14
1.6.47167.8.2.1
1.6.47169.8.2.1.8
1.6.47188.8.2.1
1.6.47220.8.2.1.11.2
1.6.47279.8.2.1.12.5.11
1.6.47301.8.2.1.6.5.23
1.6.47436.8.2.1.1.1.12.3.34
1.6.47545.8.2.1.8.3.21.2.9
1.6.47702.8.2.1.3.1.3.1
1.6.47779.8.2.1.1.1.2
1.6.47938.8.2.1.9.3.6
1.6.47950.8.2.1.1
1.6.48092.8.2.1.3.2
1.6.48198.8.2.1
1.6.48233.8.2.1.2.4.40.4.12
1.6.48301.8.2.1
1.6.48316.8.2.1.13.3.2
1.6.48448.8.2.1.25
1.6.48584.8.2.1.6.5.10.3
1.6.48709.8.2.1.8.2
1.6.48772.8.2.1.1.1.19.15
1.6.49090.8.2.1
1.6.49164.8.2.1.4
1.6.49272.8.2.1.4
1.6.49532.8.2.1.1.1.13.3
1.6.49673.8.2.1
1.6.49687.8.2.1.7
1.6.49726.8.2.1
1.6.49743.8.2.1.1.5
1.6.49798.8.2.1.1
1.6.49990.8.2.1.2.2.13.2.7
1.6.50084.8.2.1
1.6.50112.8.2.1
1.6.50116.8.2.1.15.2.26.3.16.32
1.6.50208.8.2.1
1.6.50228.8.2.1.20.7.19
1.6.50298.8.2.1.3
1.6.50396.8.2.1.3.1.20
1.6.50404.8.2.1.3.1.26
1.6.50431.8.2.1.14.2.4.2.3
1.6.50496.8.2.1.15
1.6.50551.8.2.1.7.1.1.6
1.6.50588.8.2.1.1.1.12.1.8
1.6.50595.8.2.1
1.6.50747.8.2.1.14
1.6.50754.8.2.1.28.6.31.2.2
1.6.50789.8.2.1.13.3.7
1.6.50807.8.2.1.35.1.3.3.15
1.6.50871.8.2.1.3.1.3.1.58
1.6.50976.8.2.1.1
1.6.51129.8.2.1
1.6.51173.8.2.1
1.6.51195.8.2.1.10.3.14.5
1.6.51246.8.2.1.11.6.19.1.4
1.6.51260.8.2.1.13.4
1.6.51361.8.2.1.8.1.35
1.6.51378.8.2.1.26.1.8
1.6.51543.8.2.1.18.2.5.2
1.6.51731.8.2.1.7.6.23.6
1.6.51802.8.2.1.4.2
1.6.51806.8.2.1
1.6.51921.8.2.1.4.1.12.5.15
1.6.52051.8.2.1.3.2.4
1.6.52059.8.2.1
1.6.52238.8.2.1.5.4.28.9.36
1.6.52287.8.2.1.28.7.9
1.6.52287.8.2.1.29.8.16
1.6.52383.8.2.1.20.8.30.4
1.6.52427.8.2.1
1.6.52444.8.2.1.13.8.16.7.7
1.6.52512.8.2.1.1.1.1.1
1.6.52807.8.2.1.1.1.6
1.6.52980.8.2.1
1.6.52991.8.2.1.5.4.11.1
1.6.53173.8.2.1.26.3
1.6.53193.8.2.1.4.1.10
1.6.53331.8.2.1.57.4.8
1.6.53536.8.2.1.9.5
1.6.53668.8.2.1.3.3.7
1.6.53771.8.2.1.3.1
1.6.53784.8.2.1.1.1.17.2.19
1.6.53926.8.2.1.1
1.6.53948.8.2.1
1.6.54036.8.2.1.11.4.6.8.43
1.6.54067.8.2.1.29.6
1.6.54110.8.2.1.18.2.10
1.6.54131.8.2.1.9.5
1.6.54134.8.2.1.1.1.11.2
1.6.54174.8.2.1
1.6.54228.8.2.1.3.5.18.2
1.6.54294.8.2.1.7.2
1.6.54321.8.2.1.23.7.12.8.38
1.6.54463.8.2.1.21.6
1.6.54536.8.2.1.1.1.1.1.22.4
1.6.54657.8.2.1.15.5.2.1.3
1.6.54681.8.2.1.7.1.11.2
1.6.54710.8.2.1.1.1.1
1.6.54715.8.2.1.5.3.6
1.6.54777.8.2.1.7.5.19
1.6.54898.8.2.1.11.4.6
1.6.54939.8.2.1.5
1.6.54989.8.2.1.16
1.6.55149.8.2.1
1.6.55191.8.2.1.6.2.1
1.6.55221.8.2.1.3
1.6.55243.8.2.1.14
1.6.55313.8.2.1
1.6.55315.8.2.1.8
1.6.55334.8.2.1
1.6.55352.8.2.1.11.2
1.6.55362.8.2.1
1.6.55408.8.2.1.12.5.11
1.6.55430.8.2.1.6.5.23
1.6.55579.8.2.1.1.1.16.6.22
1.6.55684.8.2.1.8.3.21.2.9
1.6.55757.8.2.1.4.1
1.6.55844.8.2.1.3.1.3.1
1.6.55913.8.2.1.1.1.2
1.6.55959.8.2.1.15.1
1.6.56100.8.2.1.9.3.6
1.6.56112.8.2.1.1
1.6.56221.8.2.1.3.3
1.6.56310.8.2.1.3.3
1.6.56346.8.2.1
1.6.56390.8.2.1.1.1
1.6.56459.8.2.1
1.6.56475.8.2.1.4.1
1.6.56601.8.2.1.18.5.8.2
1.6.56747.8.2.1.6.5.10.3
1.6.56864.8.2.1.8.2
1.6.56927.8.2.1.1.1.19.15
1.6.57027.8.2.1
1.6.57384.8.2.1.3.3.15
1.6.57497.8.2.1.4
1.6.57742.8.2.1.1.1.13.3
1.6.57893.8.2.1.7
1.6.57918.8.2.1.1.1.6.1.6
1.6.57930.8.2.1
1.6.57938.8.2.1
1.6.58297.8.2.1
1.6.58325.8.2.1
1.6.58329.8.2.1.15.2.26.3.16.22
1.6.58413.8.2.1
1.6.58433.8.2.1.20.7.19
