1.1.1.104.5.1.3.2.8
1.1.1.113.5.1.2.2.9
1.1.1.128.5.1.1.6
1.1.1.138.15.2
1.1.1.343.11.1.5.4
1.1.1.427.5.1
1.1.1.440.9.2.4.6
1.1.1.465.5.1.19.2
1.1.1.541.8.3.8.4
1.1.1.549.27.1.15.6
1.1.1.645.25.3.14.26.16
1.1.1.668.5.1.1.5.9
1.1.1.679.18
1.1.1.692.14.2.17.1
1.1.1.732.5.1.1.3.1.1
1.1.1.749.5.1.2.2.6
1.1.1.768.17.2.6.1.27
1.1.1.795.11.1.7
1.1.1.872.15.2.5.4
1.1.1.996.5.1
1.1.1.1040.5.1.3
1.1.1.1102.5.1.7.1
1.1.1.1237.37.2.8
1.1.1.1289.16.2.11.1.1.1
1.1.1.1352.5.1.3.7
1.1.1.1403.5.1.4.1.3.2
1.1.1.1430.26
1.1.1.1440.5.1.2.2.23
1.1.1.1452.10.2.8
1.1.1.1463.14.4.19.1.12.3
1.1.1.1479.5.1.3
1.1.1.1541.13.4.5.7.14
1.1.1.1564.12
1.1.1.1586.5.1.61.1.1.5
1.1.1.1590.5.1.3.2.15
1.1.1.1608.5.1
1.1.1.1679.5.1.11.8
1.1.1.1730.15.3.10.1.2
1.1.1.1789.34.2.25.1.22
1.1.1.1810.15.2.5.2
1.1.1.1960.9.3.12.4.7
1.1.1.2023.14.1.4
1.1.1.2127.5.1.1
1.1.1.2179.5.1.1.3.12
1.1.1.2258.3
1.1.1.2355.5.1.1.4.28
1.1.1.2428.18.1.4.3.2
1.1.1.2440.42.1.25
1.1.1.2474.5.1.7.5.12.6.14
1.1.1.2480.11.1.6.1
1.1.1.2490.17.3.12.1.14
1.1.1.2494.29.3.6.1.4.1
1.1.1.2511.13.2.12.11.4.3.10
1.1.1.2544.22.2
1.1.1.2577.25.2.11.3
1.1.1.2582.5.1.2.1
1.1.1.2585.12.1.9
1.1.1.2622.5.1.9.9
1.1.1.2702.5.1.17.5.14
1.1.1.2703.14.3.5.8
1.1.1.2857.9.2.8
1.1.1.2878.5.1.8.2.3.7.12
1.1.1.2885.18.2.30.24
1.1.1.3089.33.3.4.4
1.1.1.3117.31.2.24.17
1.1.1.3154.14.1.4
1.1.1.3207.19.2.16
1.1.1.3241.24.3.10.6
1.1.1.3284.10.1.8
1.1.2.3400.22.2.6.1
1.1.2.3495.37.2
1.1.2.3518.15.2.17.6.10
1.1.2.3579.5.1.4
1.1.2.3611.5.1.25.1.46
1.1.2.3623.5.1.3.2.4.1.10
1.1.2.3636.10.3.4.27
1.1.2.3727.5.1.4
1.1.2.3779.5.1.3.3.22.5.20
1.1.2.3781.5.1
1.1.2.3846.5.1.11.2.11.1.16.5
1.1.2.4002.3
1.1.2.4002.5.1
1.1.2.4034.5.1
1.1.2.4038.51.2.16.6
1.1.2.4061.9.2.4
1.1.2.4071.15.2.13.1.1
1.1.2.4074.10.1.15.17
1.1.2.4119.5.1.1.1
1.1.2.4134.5.1
1.1.2.4139.28.3.6.3.7.2.7
1.1.2.4346.32.2.24.12
1.1.2.4378.5.1.18.2
1.1.2.4424.20.2.8.3
1.1.2.4460.5.1.3.1.2
1.1.2.4615.5.1.2.1.1.8.11
1.1.2.4655.8.1.38.3
1.1.2.4757.14.1.4
1.1.2.4777.19.2.4
1.1.2.4806.27.1.4
1.1.2.4816.20.1.22
1.1.2.4859.14.2.4
1.1.2.4921.9.3.21.14
1.1.2.4944.15.2
1.1.2.5001.5.1.1
1.1.2.5038.14.3.6.3.8
1.1.2.5095.16
1.1.2.5102.20
1.1.2.5179.14.2.6
1.1.2.5197.27.2.23.15.15.6
1.1.2.5286.9.1.11.8.7
1.1.2.5303.10.2.4
1.1.2.5353.25.2.11
1.1.2.5638.15.2.8
1.1.2.5694.5.1.3.1.64
1.1.2.5932.8.3.8.4
1.1.2.5940.27.1.15.6
1.1.2.6036.25.2.4.7
1.1.2.6058.5.1.1.5.9
1.1.2.6069.18
1.1.2.6082.14.2.17.1
1.1.2.6121.10.2.8
1.1.2.6123.5.1.2.1.1.1
1.1.2.6140.16.2.20.7
1.1.2.6162.17.2.6.1.3
1.1.2.6316.5.1
1.1.2.6380.5.1
1.1.2.6500.5.1.7.1
1.1.2.6676.16.2.11.1.1.1
1.1.2.6817.9.1.8
1.1.2.6826.15.3.10.4.7.1.9
1.1.2.6857.21
1.1.2.6862.5.1.13.38.21
1.1.2.6862.5.1.14.39
1.1.2.6871.18.1.40
1.1.2.6910.13.4.5.7.14
1.1.2.6933.12
1.1.2.6955.5.1.41.1.1.5
1.1.2.6959.5.1.3.2.15
1.1.2.6977.5.1
1.1.2.7047.5.1.11.8
1.1.2.7103.15.3.10.1.2
1.1.2.7173.34.2.25.1.23
1.1.2.7194.15.2.5.2
1.1.2.7347.9.3.12.4.7
1.1.2.7410.14.1.4
1.1.2.7515.5.1.1
1.1.2.7567.5.1.1.3.12
1.1.2.7671.11.2.10
1.1.2.7739.29.2.18.13.12
1.1.2.7828.18.1.4.3.2
1.1.2.7840.42.1.25
1.1.2.7887.17.3.12.1.14
1.1.2.7891.29.3.6.1.4.1
1.1.2.7908.13.2.12.11.4.3.10
1.1.2.7946.6
1.1.2.7976.14.3.23.1.14.2
1.1.2.7983.12.1.9
1.1.2.8020.5.1.9.9
1.1.2.8030.16.2
1.1.2.8105.5.1.17.5.14
1.1.2.8106.14.3.5.8
1.1.2.8145.5.1.8.9.29.5
1.1.2.8178.9.1.4
1.1.2.8249.9.2.8
1.1.2.8270.5.1.8.2.3.7.12
1.1.2.8277.18.2.30.24
1.1.2.8483.33.3.4.4
1.1.2.8511.31.2.24.17
1.1.2.8548.14.1.4
1.1.2.8644.17.3.13.4
1.1.2.8650.38.3
1.1.2.8684.5.1
1.1.2.8806.22.2.6.1
1.1.2.8899.37.2
1.1.2.8985.5.1.4
1.1.2.9017.5.1.25.1.46
1.1.2.9030.8.1.5.2
1.1.2.9150.8.1.29.4
1.1.2.9202.5.1.3.3.22.5.39
1.1.2.9204.5.1
1.1.2.9266.12.1.4.2
1.1.2.9286.14.2.5
1.1.2.9363.6
1.1.2.9425.3
1.1.2.9425.5.1
1.1.2.9504.15.1.17.6
1.1.2.9509.10.1.7.7
1.1.2.9554.5.1.1.1
1.1.2.9569.5.1
1.1.2.9574.28.3.6.3.7.2.7
1.1.2.9746.5.1.4.1.5
1.1.2.9752.5.1.7.3
1.1.2.9803.5.1.9
1.1.2.9860.15.3.5.4
1.1.2.9882.17.1.11.4
1.1.2.10104.8.1.14.3
1.1.2.10167.5.1.2.5.4.8
1.1.2.10229.14.1.4
1.1.2.10251.8.2.4
1.1.2.10280.27.1.4
1.1.2.10290.20.1.22
1.1.2.10333.14.2.4
1.1.2.10395.5.1.7
1.1.2.10415.15.2
1.1.2.10456.5.1.4.2.9
1.1.2.10478.5.1.1
1.1.2.10519.5.1.4.1.5
1.1.2.10587.20
1.1.2.10659.14.2.6
1.1.2.10697.5.1
1.1.2.10762.9.1.11.8.7
1.1.2.10784.70.2.4
1.1.2.10842.25.2.11
1.1.2.10892.3
1.1.2.10978.5.1.2.2.9
1.1.2.10993.5.1.1.6
1.1.2.11003.15.2
1.1.2.11215.11.1.5.4
1.1.2.11346.5.1.19.2
1.1.2.11420.8.3.8.4
1.1.2.11428.27.1.15.6
1.1.2.11531.25.3.14.26.16
1.1.2.11554.5.1.1.5.9
1.1.2.11565.18
1.1.2.11578.14.2.17.1
1.1.2.11618.5.1.1.3.1.1
1.1.2.11635.5.1.2.2.6
1.1.2.11671.5.1.2.3
1.1.2.11682.8.1.5
1.1.2.11785.5.1.19.1
1.1.2.11790.5.1.9.4
1.1.2.11839.5.1
1.1.2.11926.5.1
1.1.2.11949.5.1.7.1
1.1.2.12126.16.2.11.1.1.1
1.1.2.12191.5.1.3.7
1.1.2.12230.5.1
1.1.2.12238.5.1
1.1.2.12270.9.1.8
1.1.2.12279.15.3.10.4.7.1.9
1.1.2.12312.5.1.9.2.4.3.33
1.1.2.12371.13.4.5.7.14
1.1.2.12394.12
1.1.2.12415.5.1.41.1.1.5
1.1.2.12419.5.1.3.2.15
1.1.2.12436.10.4.4
1.1.2.12508.5.1.11.8
1.1.2.12552.15.3.10.1.2
1.1.2.12622.34.2.25.1.23
1.1.2.12791.9.3.12.4.7
1.1.2.12935.5.1.1
1.1.2.12988.39.3.22
1.1.2.13009.10.2.9.12
1.1.2.13065.3
1.1.2.13081.39
1.1.2.13129.21.2.5.13.1.1
1.1.2.13155.5.1.3.1.22.2.28
1.1.2.13155.5.1.3.1.22.2.31
1.1.2.13242.18.1.4.3.2
1.1.2.13254.42.1.25
1.1.2.13274.18.1.8
1.1.2.13294.5.1.7.5.12.6.6
1.1.2.13300.11.1.6.1
1.1.2.13310.17.3.12.1.14
1.1.2.13314.29.3.6.1.4.1
1.1.2.13331.13.2.12.11.4.3.10
1.1.2.13377.17.3.4
1.1.2.13482.5.1.16.4.13
1.1.2.13482.5.1.17.5
1.1.2.13567.9.1.4
1.1.2.13637.9.2.8
1.1.2.13658.5.1.8.2.3.7.12
1.1.2.13665.18.2.30.24
1.1.2.13695.5.1
1.1.2.13702.9.1.4
1.1.2.13779.5.1
1.1.2.13881.33.3.4.4
1.1.2.13909.31.2.24.17
1.1.2.13946.14.1.4
1.1.2.13990.10.4.16
1.1.2.14048.14.2.9
1.1.2.14117.5.1.3.3.48.1
1.1.2.14284.37.2
1.1.2.14307.15.2.17.6.10
1.1.2.14368.5.1.1.2.5.1.3
1.1.2.14482.3
1.1.2.14600.5.1.2.1.5
1.1.2.14621.5.1
1.1.2.14663.5.1.11.2.12.2.16.61
1.1.2.14673.14.2.5
1.1.2.14795.3
1.1.2.14795.5.1
1.1.2.14874.15.1.17.6
1.1.2.14879.10.1.7.7
1.1.2.14944.5.1
1.1.2.14949.28.3.6.3.7.2.7
1.1.2.15134.5.1.7.3
1.1.2.15185.5.1.9
1.1.2.15241.5.1.8.3
1.1.2.15242.10.1.5
1.1.2.15264.5.1.3.1.2
1.1.3.15486.8.1.14.3
1.1.3.15546.5.1.2.5.4.8
1.1.3.15667.45.2.21
1.1.3.15679.5.1.4.3.21
1.1.3.15712.5.1
1.1.3.15774.9.3.21.14
1.1.3.15798.9.1.4.16
1.1.3.15851.5.1.1
1.1.3.15887.5.1.3.1.23.3.3
1.1.3.15960.20
1.1.3.16026.14.2.6
1.1.3.16059.5.1
1.1.3.16116.9.1.11.8.7
1.1.3.16133.10.2.4
1.1.3.16187.25.2.11
1.1.3.16234.5.1.2.1.3.2
1.1.3.16306.5.1.3.2.8
1.1.3.16315.5.1.2.2.9
1.1.3.16330.5.1.1.6
1.1.3.16340.15.2
1.1.3.16508.26
1.1.3.16599.5.1.2.17.17.5
1.1.3.16661.11.1.4.1
1.1.3.16694.5.1.3.9.12.5
1.1.3.16719.40.1.4.4
1.1.3.16756.5.1.4
1.1.3.16763.5.1.2.1
1.1.3.16857.11.1.6.24
1.1.3.16945.5.1.1.3.1.1
1.1.3.16962.5.1.2.2.6
1.1.3.16981.17.2.6.1.27
1.1.3.17076.15.2.5.4
1.1.3.17185.5.1
1.1.3.17234.5.1.3
1.1.3.17269.5.1
1.1.3.17289.3
1.1.3.17469.16.2.11.1.1.1
1.1.3.17532.5.1.3.7
1.1.3.17590.5.1.4.1.3.2
1.1.3.17617.26
1.1.3.17627.5.1.2.2.23
1.1.3.17641.15.1.7
1.1.3.17652.14.4.19.1.12.3
1.1.3.17669.5.1.3
1.1.3.17734.13.4.5.7.61
1.1.3.17757.12
1.1.3.17772.15.2.4
1.1.3.17779.5.1.3.2.17
1.1.3.17796.10.4.4
1.1.3.17978.34.2.25.1.23
1.1.3.17999.15.2.5.2
1.1.3.18147.21.3.4
1.1.3.18167.9.3.12.4.7
1.1.3.18229.10.3.4
1.1.3.18289.9.1.5
1.1.3.18301.5.1
1.1.3.18335.5.1.1
1.1.3.18387.5.1.1.3.12
1.1.3.18466.3
1.1.3.18556.29.2.18.13.12
1.1.3.18645.18.1.4.3.2
1.1.3.18657.42.1.25
1.1.3.18690.9.2.11
1.1.3.18713.28.2.26.1.8.3.14
1.1.3.18725.22
1.1.3.18732.23.1.4.2
1.1.3.18734.5.1.5.5.3
1.1.3.18795.17.3.4
1.1.3.18900.5.1.17.5.14
1.1.3.18901.14.3.5.8
1.1.3.18940.5.1.8.9.29.5
1.1.3.18986.9.1.4
1.1.3.19056.9.2.8
1.1.3.19077.5.1.8.2.3.7.12
1.1.3.19084.18.2.30.24
1.1.3.19112.5.1
1.1.3.19113.19.1.14
1.1.3.19286.33.3.4.4
1.1.3.19314.31.2.24.17
1.1.3.19351.14.1.4
1.1.3.19474.14.2.9
1.1.3.19550.5.1
1.1.3.19724.37.2
1.1.3.19814.5.1.4
1.1.3.19846.5.1.25.1.46
1.1.3.19859.8.1.5.2
1.1.3.19885.14.3.6
1.1.3.19999.18.3.5.2
1.1.3.20027.5.1.3.3.22.5.20
1.1.3.20029.5.1
1.1.3.20094.5.1.11.2.11.1.16.4
1.1.3.20104.14.2.5
1.1.3.20303.9.2.4
1.1.3.20314.22.2.8
1.1.3.20379.5.1.7
1.1.3.20389.17.3.8.1
1.1.3.20590.26.5.6.13.10.6.18
1.1.3.20612.32.2.24.12
1.1.3.20644.5.1.18.2
1.1.3.20687.20.2.8.3
1.1.3.20723.5.1.3.1.2
1.1.3.20945.8.1.38.3
1.1.3.20988.8.1.29
1.1.3.21005.5.1.2.5.4.9
1.1.3.21130.45.2.21
1.1.3.21142.5.1.4.3.21
1.1.3.21176.14.2.4
1.1.3.21241.5.1.7
1.1.3.21261.15.2
1.1.3.21317.11.1.8.8
1.1.3.21362.5.1.4.1.5
1.1.3.21406.27.3.4.17
1.1.3.21496.14.2.6
1.1.3.21534.5.1
1.1.3.21607.10.2.4
1.1.3.21662.25.2.11
1.1.3.21779.5.1.3.2.8
1.1.3.21788.5.1.2.2.9
1.1.3.21803.5.1.1.6
1.1.3.21813.15.2
1.1.3.22125.11.1.4.1
1.1.3.22229.8.3.8.4
1.1.3.22237.27.1.15.6
1.1.3.22331.25.3.14.26.16
1.1.3.22354.5.1.1.5.9
1.1.3.22366.5.1
1.1.3.22418.5.1.1.3.1.1
1.1.3.22454.17.2.6.1.27
1.1.3.22552.5.1
1.1.3.22569.5.1.1.12.14.4.24.6
1.1.3.22776.5.1.25.1.1.1
1.1.3.22798.5.1.2.6.2.1
1.1.3.22819.9.2.8.6
1.1.3.22960.21.1.35
1.1.3.22997.5.1
1.1.3.23051.5.1.3.7
1.1.3.23104.15.2.13
1.1.3.23131.26
1.1.3.23141.5.1.2.2.23
1.1.3.23155.15.1.7
1.1.3.23166.14.4.19.1.12.3
1.1.3.23182.5.1.3
1.1.3.23247.13.4.5.7.61
1.1.3.23270.12
1.1.3.23285.15.2.4
1.1.3.23292.5.1.3.2.17
1.1.3.23310.5.1
1.1.3.23387.5.1
1.1.3.23491.14.1.4
1.1.3.23501.71.2.35.22.4.1
1.1.3.23639.21.3.4
1.1.3.23659.9.3.12.4.7
1.1.3.23820.5.1.1
1.1.3.23872.5.1.1.3.12
1.1.3.23891.10.2.9.22
1.1.3.23947.3
1.1.3.24044.5.1.1.4.28
1.1.3.24117.18.1.4.3.2
1.1.3.24129.42.1.25
1.1.3.24165.5.1.1.1.54.6.21
1.1.3.24183.5.1.2
1.1.3.24196.16
1.1.3.24203.23.1.4.2
1.1.3.24205.5.1.5.5.3
1.1.3.24238.27.2
1.1.3.24271.25.2.11.3
1.1.3.24276.5.1.2.1
1.1.3.24288.22.2.9.8
1.1.3.24321.35.2.14.15
1.1.3.24381.5.1.17.5.19
1.1.3.24382.14.3.5.8
1.1.3.24465.9.1.4
1.1.3.24534.9.2.8
1.1.3.24555.5.1.8.2.3.7.12
1.1.3.24562.18.2.30.24
1.1.3.24691.25.1.10
1.1.3.24704.20
1.1.3.24760.33.3.4.4
1.1.3.24792.26.2.14.11.4.6.5
1.1.3.24920.24.3.10.6
1.1.3.25001.5.1.3.3.48.1
1.1.3.25079.22.2.6.1
1.1.3.25175.37.2
1.1.3.25268.5.1.4
1.1.3.25300.5.1.25.1.46
1.1.3.25313.8.1.5.2
1.1.3.25339.14.3.6
1.1.3.25449.18.3.5.2
1.1.3.25476.5.1.3.3.22.5.20
1.1.3.25478.5.1
1.1.3.25543.5.1.11.2.12.2.16.4
1.1.3.25553.14.2.5
1.1.3.25759.15.1.17.6
1.1.3.25764.10.1.7.7
1.1.3.25812.5.1.1.1
1.1.3.25827.5.1
1.1.3.25832.28.3.6.3.7.2.7
1.1.3.26026.32.2.24.12
1.1.3.26062.5.1.18.2
1.1.3.26125.5.1.3.1.2
1.1.3.26353.8.1.17.20
1.1.3.26420.5.1.2.5.4.9
1.1.3.26541.45.2.21
1.1.3.26553.5.1.4.3.21
1.1.3.26586.5.1
1.1.3.26648.9.3.21.14
1.1.3.26672.9.1.4.16
1.1.3.26722.11.1.8.8
1.1.3.26758.32
1.1.3.26762.9.1.4.4
1.1.3.26819.16
1.1.3.26826.20
1.1.3.26906.5.1.20.12.28
1.1.3.26909.9.1.4
1.1.3.26938.26.3
1.1.3.26995.17.1.4.1.1
1.1.3.27013.10.2.4
1.1.3.27067.25.2.11
1.1.3.27192.5.1.2.2.9
1.1.3.27207.5.1.1.6
1.1.3.27217.15.2
1.1.3.27410.5.1.3.1.49
1.1.3.27552.11.1.4.1
1.1.3.27593.5.1.3.21.6.3
1.1.3.27660.8.3.8.4
1.1.3.27668.27.1.15.6
1.1.3.27768.25.3.14.25.16
1.1.3.27791.5.1.1.5.9
1.1.3.27802.18
1.1.3.27815.14.2.17.1
1.1.3.27854.10.2.8
1.1.3.27856.5.1.2.1.1.1
1.1.3.27872.22.3.9.1.2
1.1.3.27892.31.4.7.1.1.1.1
1.1.3.27921.5.1.1.1
1.1.3.27989.15.2.5.4
1.1.3.28131.3
1.1.3.28205.5.1.25.1.1.1
1.1.3.28227.5.1.2.6.2.1
1.1.3.28240.5.1.10.3.17.1.18
1.1.3.28405.16.2.11.1.1.1
1.1.4.52.5.1.2.2.23
1.1.4.77.10.2.4
1.1.4.92.25.2.14.1
1.1.4.96.5.1.3
1.1.4.161.13.4.5.7.61
1.1.4.184.12
1.1.4.199.15.2.4
1.1.4.206.5.1.3.2.17
1.1.4.224.5.1
1.1.4.295.5.1.11.8
1.1.4.348.31.1.35.25
1.1.4.408.34.2.25.1.22
1.1.4.577.5.1
1.1.4.586.28.2.16.15.29.8
1.1.4.714.20.2.5
1.1.4.734.5.1.1
1.1.4.783.5.1.5
1.1.4.860.3
1.1.4.957.5.1.1.4.28
1.1.4.1030.18.1.4.3.2
1.1.4.1042.42.1.25
1.1.4.1062.18.1.8
1.1.4.1082.5.1.7.5.12.6.6
1.1.4.1088.11.1.6.1
1.1.4.1102.5.1.2
1.1.4.1128.12.2.4.5
1.1.4.1155.21.1.8
1.1.4.1155.21.5.12
1.1.4.1156.5.1
1.1.4.1185.25.2.11.3
1.1.4.1190.5.1.2.1
1.1.4.1193.12.1.9
1.1.4.1230.5.1.9.9
1.1.4.1240.16.2
1.1.4.1303.6
1.1.4.1306.5.1.15
1.1.4.1307.15.2
1.1.4.1399.9.1.4
1.1.4.1471.9.2.8
1.1.4.1492.5.1.8.2.3.7.12
1.1.4.1499.18.2.30.24
1.1.4.1530.5.1
1.1.4.1531.19.1.14
1.1.4.1711.33.3.4.4
1.1.4.1724.10.1.4
1.1.4.1778.14.1.4
1.1.4.1870.17.3.13.4
1.1.4.1876.38.3
1.1.4.1948.5.1.3.3.48.1
1.1.4.2027.22.2.6.1
1.1.4.2123.37.2
1.1.4.2206.5.1.4
1.1.4.2251.17.3.9.4.23
1.1.4.2277.14.3.6
1.1.4.2420.5.1.2.1.5
1.1.4.2441.5.1
1.1.4.2466.16.1
1.1.4.2573.6
1.1.4.2717.9.2.4
1.1.4.2727.15.2.13.1.1
1.1.4.2730.10.1.15.17
1.1.4.2791.5.1.7
1.1.4.2801.17.3.8.1
1.1.4.2945.5.1.1.3
1.1.4.2993.26.5.6.13.10.6.18
1.1.4.3015.32.2.24.12
1.1.4.3051.5.1.18.2
1.1.4.3127.13.3.6.1.20
1.1.4.3276.5.1.2.1.1.9.12
1.1.4.3316.8.1.38.3
1.1.4.3383.12.3.19
1.1.4.3438.14.1.4
1.1.4.3460.8.2.4
1.1.4.3494.45.2.21
1.1.4.3506.5.1.4.3.21
1.1.4.3539.5.1
1.1.4.3612.38.2.18.21.16
1.1.4.3654.13.1.5
1.1.4.3658.27.3.6
1.1.4.3694.5.1.1
1.1.4.3731.8.2.8.4
1.1.4.3767.5.1.3.3
1.1.4.3799.17
1.1.4.3891.27.2.23.15.12.5
1.1.4.3975.9.1.11.8.7
1.1.4.3992.10.2.4
1.1.4.4044.25.2.11
1.1.4.4164.5.1.3.2.8
1.1.4.4173.5.1.2.2.9
1.1.4.4188.5.1.1.6
1.1.4.4198.15.2
1.1.4.4380.5.1.3.1.49
1.1.4.4421.15.2.15.1.1
1.1.4.4521.5.1
1.1.4.4534.9.2.4.6
1.1.4.4567.5.1.25.2
1.1.4.4641.8.3.8.4
1.1.4.4649.27.1.15.6
1.1.4.4738.38.2.4.16
1.1.4.4760.5.1.1.5.9
1.1.4.4772.5.1
1.1.4.4824.5.1.1.3.1.1
1.1.4.4841.5.1.2.2.6
1.1.4.4860.17.2.6.1.27
1.1.4.4992.5.1
1.1.4.5033.12.2.4
1.1.4.5090.3
1.1.4.5163.5.1.7.1
1.1.4.5191.9.2.8.14
1.1.4.5252.21.2.19.2.6.2.4.16
1.1.4.5333.21.1.35
1.1.4.5370.5.1
1.1.4.5427.5.1.3.7
1.1.4.5479.5.1.4.1.3.2
1.1.4.5514.9.1.8
1.1.4.5523.15.3.10.4.7.1.9
1.1.4.5556.5.1.9.2.4.3.35
1.1.4.5614.5.1.3.9.5
1.1.4.5636.12
1.1.4.5667.31.3.24.4.7
1.1.4.5681.13.2.5.4.5.1
1.1.4.5768.5.1.11.8
1.1.4.5819.10.1.9.8
1.1.4.5888.34.2.25.1.24
1.1.4.6052.9.3.12.4.7
1.1.4.6115.14.1.4
1.1.4.6182.20.2.5
1.1.4.6202.5.1.1
1.1.4.6251.5.1.5
1.1.4.6379.18.1.16
1.1.4.6389.11.3.16
1.1.4.6405.5.1.3.1.22.2.28
1.1.4.6405.5.1.3.1.22.2.31
1.1.4.6489.18.1.4.3.2
1.1.4.6501.42.1.25
1.1.4.6554.5.1.5
1.1.4.6567.16
1.1.4.6574.23.1.4.2
1.1.4.6576.5.1.5.5.3
1.1.4.6607.22.2
1.1.4.6640.25.2.11.3
1.1.4.6645.5.1.2.1
1.1.4.6648.12.1.9
1.1.4.6685.5.1.9.9
1.1.4.6695.16.2
1.1.4.6760.5.1.17.5.14
1.1.4.6761.14.3.5.8
1.1.4.6938.10.1.9.13
1.1.4.6945.9.1.8.6
1.1.4.7057.5.1
1.1.4.7083.25.1.10
1.1.4.7096.20
1.1.4.7152.33.3.4.4
1.1.4.7165.10.1.4
1.1.4.7181.5.1.4.1.2.1.5
1.1.4.7188.5.1.1.1
1.1.4.7218.14.1.4
1.1.4.7306.14.2.9
1.1.4.7376.5.1.3.3.48.1
1.1.4.7456.22.2.6.1
1.1.4.7546.37.2
1.1.4.7616.15.2.8
1.1.4.7689.16.6.14
1.1.4.7776.5.1.2.1.17.2.23
1.1.4.7824.43.2.11.1.4
1.1.4.7827.17.1.9
1.1.4.7886.5.1.11.2.11.1.16.72
1.1.4.8011.5.1
1.1.4.8039.9.1.29.14
1.1.4.8051.11
1.1.4.8092.5.1
1.1.4.8096.51.2.16.6
1.1.4.8119.14.2.9.1.3.3
1.1.4.8124.22.2.8
1.1.4.8193.5.1
1.1.4.8198.28.3.6.3.7.2.7
1.1.4.8324.5.1.1.1
1.1.4.8383.35.5.6.13.8.3.19
1.1.4.8439.5.1.9
1.1.4.8529.5.1.3.1.2
1.1.4.8727.8.1.14.3
1.1.4.8901.45.2.21
1.1.4.8913.5.1.4.3.21
1.1.4.8947.14.2.4
1.1.4.9013.9.3.21.14
1.1.4.9036.15.2
1.1.4.9077.5.1.4.2.9
1.1.4.9099.5.1.1
1.1.4.9138.5.1.4.1.5
1.1.4.9199.16
1.1.4.9206.20
1.1.4.9283.14.2.6
1.1.4.9321.5.1
1.1.4.9379.9.1.11.8.7
1.1.4.9398.70.2.4
1.1.4.9453.25.2.11
1.1.4.9733.15.2.8
1.1.4.9850.19.4.13.13
1.1.4.10002.8.3.8.4
1.1.4.10010.27.1.15.6
1.1.4.10106.25.3.14.26.16
1.1.4.10125.5.1.4
1.1.4.10191.5.1.1.3.1.1
1.1.4.10208.5.1.2.2.6
1.1.4.10227.17.2.6.1.27
1.1.4.10352.5.1.19.1
1.1.4.10357.5.1.9.4
1.1.4.10400.5.1
1.1.4.10444.5.1.3
1.1.4.10507.5.1.25.1.1.1
1.1.4.10540.9.2.8.14
1.1.4.10603.21.2.19.2.6.1.20.7
1.1.4.10658.37.2.8
1.1.4.10709.16.2.11.1.1.1
1.1.4.10772.5.1.3.7
1.1.4.10811.17.1.12
1.1.4.10825.5.1.4.1.3.2
1.1.4.10858.9.1.8
1.1.4.10867.15.3.10.4.7.1.9
1.1.4.10906.5.1.7.1.3.1.29
1.1.4.10924.5.1
1.1.4.10966.13.4.5.7.59
1.1.4.10989.12
1.1.4.11011.5.1.61.1.1.5
1.1.4.11015.5.1.3.2.15
1.1.4.11033.5.1
1.1.4.11151.10.1.9.8
1.1.4.11388.21.3.4
1.1.4.11408.9.3.12.4.7
1.1.4.11471.14.1.4
1.1.4.11547.20.2.5
1.1.4.11567.5.1.1
1.1.4.11619.5.1.1.3.12
1.1.4.11698.3
1.1.4.11795.5.1.1.4.28
1.1.4.11867.30.1.12.4
1.1.4.11894.18.1.8
1.1.4.11914.5.1.7.5.12.6.6
1.1.4.11920.11.1.6.1
1.1.4.11934.5.1.2
1.1.4.11960.12.2.4.5
1.1.4.11990.21.1.8
1.1.4.11990.21.5.12
1.1.4.11991.5.1
1.1.4.12011.25.2.11.3
1.1.4.12016.5.1.2.1
1.1.4.12028.22.2.9.8
1.1.4.12118.5.1.1.13.11.3.7
1.1.4.12205.9.1.4
1.1.4.12275.9.2.8
1.1.4.12296.5.1.8.2.3.7.12
1.1.4.12303.18.2.30.24
1.1.4.12515.33.3.4.4
1.1.4.12547.26.2.14.11.4.6.5
1.1.4.12676.17.3.13.4
1.1.4.12682.38.3
1.1.4.12754.5.1.3.3.48.1
1.1.4.12833.22.2.6.1
1.1.4.12921.37.2
1.1.4.13007.5.1.4
1.1.4.13039.5.1.25.1.46
1.1.4.13051.5.1.3.2.4.1.10
1.1.4.13064.10.3.4.27
1.1.4.13154.8.1.29.4
1.1.4.13205.5.1.3.3.22.5.20
1.1.4.13207.5.1
1.1.4.13272.5.1.11.2.11.1.16.5
1.1.4.13408.3
1.1.4.13408.5.1
1.1.4.13439.5.1
1.1.4.13443.51.2.16.6
1.1.4.13469.9.1.18.7
1.1.4.13539.5.1.7
1.1.4.13549.17.3.8.1
1.1.4.13751.5.1.4.1.5
1.1.4.13757.5.1.7.3
1.1.4.13798.6
1.1.4.13806.5.1.2.30.36
1.1.4.13820.11.2.11
1.1.4.13870.15.3.5.4
1.1.4.13892.17.1.11.4
1.1.4.14101.8.1.17.20
1.1.4.14161.5.1.2.5.4.8
1.1.4.14245.8.2.4
1.1.4.14279.45.2.21
1.1.4.14291.5.1.4.3.21
1.1.4.14324.5.1
1.1.4.14397.18.1.13.2
1.1.4.14464.5.1.1
1.1.4.14495.14.1
1.1.4.14507.11.2.4.2
1.1.4.14534.5.1.3.3
1.1.4.14589.5.1
1.1.4.14657.5.1.20.12.28
1.1.4.14673.27.2.23.15.12.6
1.1.4.14752.9.1.11.8.7
1.1.4.14769.10.2.4
1.1.4.14831.25.2.11
1.1.4.14883.5.1.2.1.3.2
1.1.4.14966.5.1.2.2.9
1.1.4.14981.5.1.1.6
1.1.4.14991.15.2
1.1.4.15203.11.1.5.4
1.1.4.15390.8.3.8.4
1.1.4.15398.27.1.15.6
1.1.4.15493.25.3.14.25.16
1.1.4.15516.5.1.1.5.9
1.1.4.15527.18
1.1.4.15540.14.2.17.1
1.1.4.15580.5.1.1.3.1.1
1.1.4.15597.5.1.2.2.6
1.1.4.15616.17.2.6.1.27
1.1.4.15653.28.1.12
1.1.4.15722.5.1
1.1.4.15739.5.1.1.12.14.4.24.10
1.1.4.15759.5.1.19.1
1.1.4.15764.5.1.9.4
1.1.4.15910.5.1
1.1.4.15933.5.1.7.1
1.1.4.16054.37.2.8
1.1.4.16106.16.2.11.1.1.1
1.1.4.16170.13.2.18.2.4.1
1.1.4.16259.29.2.13.1.3
1.1.4.16282.5.1.2.1.3.3.7
1.1.4.16340.13.4.5.7.61
1.1.4.16363.12
1.1.4.16384.5.1.41.1.1.5
1.1.4.16388.5.1.3.2.15
1.1.4.16405.10.4.4
1.1.4.16521.5.1.6.5.14.11
1.1.4.16593.34.2.25.1.22
1.1.4.16766.9.3.12.4.7
1.1.4.16829.14.1.4
1.1.4.16902.20.2.5
1.1.4.16922.5.1.1
1.1.4.16976.39.3.22
1.1.4.17100.18.1.16
1.1.4.17110.11.3.16
1.1.4.17126.5.1.3.1.22.2.28
1.1.4.17126.5.1.3.1.22.2.31
1.1.4.17211.18.1.4.3.2
1.1.4.17223.42.1.25
1.1.4.17243.18.1.8
1.1.4.17261.11.2.12.5
1.1.4.17278.5.1.5
1.1.4.17291.16
1.1.4.17298.23.1.4.2
1.1.4.17300.5.1.5.5.3
1.1.4.17334.21.1.8
1.1.4.17334.21.5.12
1.1.4.17335.5.1
1.1.4.17355.25.2.11.3
1.1.4.17360.5.1.2.1
1.1.4.17363.12.1.9
1.1.4.17400.5.1.9.9
1.1.4.17410.16.2
1.1.4.17476.5.1.16.4.13
1.1.4.17476.5.1.17.5
1.1.4.17642.9.2.8
1.1.4.17663.5.1.8.2.3.7.12
1.1.4.17670.18.2.30.24
1.1.4.17777.5.1
1.1.4.17875.33.3.4.4
1.1.4.17903.31.2.24.17
1.1.4.17940.14.1.4
1.1.4.18034.24.3.10.6
1.1.4.18115.5.1.3.3.48.1
1.1.4.18286.37.2
1.1.4.18373.5.1.4
1.1.4.18405.5.1.25.1.46
1.1.4.18417.5.1.3.2.4.1.10
1.1.4.18430.11.1.19.29
1.1.4.18442.5.1.2.1.26.1
1.1.4.18523.5.1.2.1.17.2.23
1.1.4.18570.5.1.3.3.22.5.20
1.1.4.18572.5.1
1.1.4.18620.16.1
1.1.4.18731.6
1.1.4.18828.5.1
1.1.4.18832.51.2.16.6
1.1.4.18857.15.1.17.6
1.1.4.18862.10.1.7.7
1.1.4.18923.5.1
1.1.4.18928.28.3.6.3.7.2.7
1.1.4.19117.5.1.7.3
1.1.4.19159.6
1.1.4.19167.5.1.2.21.16
1.1.4.19241.5.1.3.1.2
1.1.4.19458.8.1.38.3
1.1.4.19593.8.2.4
1.1.4.19622.27.1.4
1.1.4.19632.20.1.22
1.1.4.19675.5.1
1.1.4.19751.28.2.16.2.3.10.27
1.1.4.19839.5.1.1
1.1.4.19875.5.1.3.1.23.3.3
1.1.4.19942.27
1.1.4.19957.5.1
1.1.4.20019.14.2.6
1.1.4.20056.26.3
1.1.4.20140.10.2.4
1.1.4.20198.25.2.11
1.1.4.20309.5.1.3.2.8
1.1.4.20318.5.1.2.2.9
1.1.4.20333.5.1.1.6
1.1.4.20343.15.2
1.1.4.20770.8.3.8.4
1.1.4.20778.27.1.15.6
1.1.4.20868.25.3.14.25.16
1.1.4.20958.5.1.1.3.1.1
1.1.4.20975.5.1.2.2.6
1.1.4.20994.17.2.6.1.27
1.1.4.21021.11.1.7
1.1.4.21137.5.1.19.1
1.1.4.21142.5.1.9.4
1.1.4.21191.5.1
1.1.4.21317.5.1.25.1.1.1
1.1.4.21339.5.1.2.6.2.1
1.1.4.21352.5.1.10.3.17.1.18
1.1.4.21457.37.2.8
1.1.4.21508.16.2.11.1.1.1
1.1.4.21571.5.1.3.7
1.1.4.21625.5.1.4.1.3.2
1.1.4.21660.9.1.8
1.1.4.21669.15.3.10.4.7.1.9
1.1.4.21702.11.2.4.5
1.1.4.21714.18.1.40
1.1.4.21752.5.1.3.9.5
1.1.4.21774.12
1.1.4.21805.31.3.24.4.7
1.1.4.21819.13.2.5.4.5.1
1.1.4.21906.10.3.4
1.1.4.22027.34.2.25.1.24
1.1.4.22185.21.3.4
1.1.4.22205.9.3.12.4.7
1.1.4.22367.5.1.1
1.1.4.22419.5.1.1.3.12
1.1.4.22498.3
1.1.4.22558.18.1.16
1.1.4.22568.11.3.16
1.1.4.22584.5.1.3.1.22.2.28
1.1.4.22584.5.1.3.1.22.2.31
1.1.4.22671.18.1.4.3.2
1.1.4.22699.18.1.8
1.1.4.22719.37.2.23
1.1.4.22741.28.2.26.1.8.3.14
1.1.4.22753.22
1.1.4.22760.23.1.4.2
1.1.4.22762.5.1.5.5.3
1.1.4.22795.27.2
1.1.4.22819.25.2.11.3
1.1.4.22824.5.1.2.1
1.1.4.22827.12.1.9
1.1.4.22864.5.1.9.9
1.1.4.22874.16.2
1.1.4.22933.5.1.1.13.11.3.7
1.1.4.23101.9.2.8
1.1.4.23122.5.1.8.2.3.7.12
1.1.4.23129.18.2.30.24
1.1.4.23316.33.3.4.4
1.1.4.23344.31.2.24.17
1.1.4.23381.14.1.4
1.1.4.23477.17.3.13.4
1.1.4.23483.38.3
1.1.4.23517.5.1
1.1.4.23729.37.2
1.1.4.23752.15.2.17.6.10
1.1.4.23813.5.1.4
1.1.4.23845.5.1.25.1.46
1.1.4.23857.5.1.3.2.4.1.10
1.1.4.23870.10.3.4.27
1.1.4.23957.8.1.29.4
1.1.4.24010.43.2.11.1.4
1.1.4.24013.17.1.9
1.1.4.24072.5.1.11.2.12.2.16.13
1.1.4.24082.14.2.5
1.1.4.24281.14.2.9.1.3.3
1.1.4.24286.22.2.8
1.1.4.24347.5.1.7
1.1.4.24357.17.3.8.1
1.1.4.24501.5.1.1.3
1.1.4.24542.13.3.4.11
1.1.4.24599.5.1.9
1.1.4.24695.5.1.3.1.2
1.1.4.24926.8.1.38.3
1.1.4.24991.12.3.19
1.1.4.25046.14.1.4
1.1.4.25068.8.2.4
1.1.4.25102.45.2.21
1.1.4.25114.5.1.4.3.21
1.1.4.25148.14.2.4
1.1.4.25214.9.3.21.14
1.1.4.25237.15.2
1.1.4.25277.5.1.4.2.9
1.1.4.25295.5.1.1
1.1.4.25340.11.2.4.2
1.1.4.25470.14.2.6
1.1.4.25507.26.3
1.1.4.25568.17.1.4.1.1
1.1.4.25585.29.1.22
1.1.4.25616.5.1.4.2.6.2
1.1.4.25647.25.2.11
1.1.4.25679.5.1
1.1.4.26152.5.1.19.2
1.1.4.26243.6
1.1.4.26351.5.1.6
1.1.4.26371.5.1.1.11.9
1.1.4.26382.18
1.1.4.26436.5.1.1.3.1.1
1.1.4.26453.5.1.2.2.6
1.1.4.26472.17.2.6.1.27
1.1.4.26509.28.1.12
1.1.4.26579.15.2.5.4
1.1.4.26665.12.2.4
1.1.4.26722.3
1.1.4.26795.5.1.7.1
1.1.4.26880.21.2.19.2.6.2.4.16
1.1.4.26961.21.1.35
1.1.4.26986.16.2.11.1.1.1
1.1.4.27102.5.1.4.1.3.2
1.1.4.27141.9.1.8
1.1.4.27150.15.3.10.4.7.1.9
1.1.4.27184.5.1.3
1.1.4.27249.13.4.5.7.61
1.1.4.27272.12
1.1.4.27300.31.3.24.4.7
1.1.4.27314.13.2.5.4.5.1
1.1.4.27397.5.1.11.8
1.1.4.27453.15.3.10.1.2
1.1.4.27523.34.2.25.1.24
1.1.4.27683.21.3.4
1.1.4.27703.9.3.12.4.7
1.1.4.27766.14.1.4
1.1.4.27871.5.1.1
1.1.4.27924.39.3.22
1.1.4.28046.21.2.5.13.1.1
1.1.4.28072.5.1.3.1.22.2.28
1.1.4.28072.5.1.3.1.22.2.31
1.1.4.28157.18.1.4.3.2
1.1.4.28169.42.1.25
1.1.4.28189.18.1.8
1.1.4.28207.11.2.12.5
1.1.4.28223.9.3.13.4
1.1.4.28229.5.1.1.5.27.2
1.1.4.28241.5.1.3.5.38.1.29
1.1.4.28263.21.1.8
1.1.4.28265.5.1.2.2.10
1.1.4.28286.25.2.11.3
1.1.4.28291.5.1.2.1
1.1.4.28294.12.1.9
1.1.4.28331.5.1.9.9
1.1.4.28341.16.2
1.1.4.28414.5.1.17.5.14
1.1.4.28415.14.3.5.8
1.1.4.28498.9.1.4
1.1.4.28568.9.2.8
1.1.4.28589.5.1.8.2.3.7.12
1.1.4.28596.18.2.30.24
1.1.4.28624.5.1
1.1.4.28625.20.1.14
1.1.4.28705.5.1
1.1.4.28803.33.3.4.4
1.1.4.28829.39.2.32
1.1.4.28954.24.3.10.6
1.1.4.29098.5.1.3.3
1.1.4.29106.22.2.6.1
1.1.4.29201.37.2
1.1.4.29273.15.2.8
1.1.4.29444.13.1.10.12
1.1.4.29497.5.1.3.3.22.5.20
1.1.4.29499.5.1
1.1.4.29564.5.1.11.2.12.2.16.5
1.1.4.29574.14.2.5
1.1.4.29710.3
1.1.4.29710.5.1
1.1.4.29741.5.1
1.1.4.29745.51.2.16.6
1.1.4.29768.9.2.4
1.1.4.29778.15.2.13.1.1
1.1.4.29781.10.1.15.17
1.1.4.29845.5.1
1.1.4.29850.28.3.6.3.7.2.7
1.1.4.30048.5.1.23.3
1.1.4.30099.5.1.9
1.1.4.30155.5.1.8.3
1.1.4.30156.10.1.5
1.1.4.30180.27.2.33.12.19
1.1.4.30355.5.1.2.1.1.9.12
1.1.4.30396.8.1.17.20
1.1.4.30455.5.1.2.5.4.15
1.1.4.30517.14.1.4
1.1.4.30537.19.2.4
1.1.4.30566.27.1.4
1.1.4.30576.20.1.22
1.1.4.30619.14.2.4
1.1.4.30681.38.2.18.21.16
1.1.4.30723.13.1.5
1.1.4.30727.27.3.6
1.1.4.30763.5.1.1
1.1.4.30794.24
1.1.4.30803.5.1.4
1.1.4.30880.20
1.1.4.30962.5.1.20.12.28
1.1.4.30965.9.1.4
1.1.4.30995.5.1
1.1.4.31052.9.1.11.8.7
1.1.4.31069.10.2.4
1.1.4.31135.25.2.11
1.1.4.31182.5.1.2.1.3.2
1.1.4.31255.5.1.3.2.8
1.1.4.31264.5.1.2.2.9
1.1.4.31279.5.1.1.6
1.1.4.31289.15.2
1.1.4.31450.26
1.1.4.31494.11.1.5.4
1.1.4.31528.5.1.2.9.14.8
1.1.4.31686.8.3.8.4
1.1.4.31694.27.1.15.6
1.1.4.31791.8.2.8.2
1.1.4.31814.5.1.1.5.9
1.1.4.31825.18
1.1.4.31838.14.2.17.1
1.1.4.31878.5.1.1.3.1.1
1.1.4.31895.5.1.2.2.6
1.1.4.31914.17.2.6.1.27
1.1.4.31999.15.2.5.4
1.1.4.32020.10.4.8.6.37
1.1.4.32122.5.1
1.1.4.32238.5.1.7.1
1.1.4.32318.21.2.19.2.6.2.4.19
1.1.4.32412.16.2.11.1.1.1
1.1.4.32474.5.1.3.7
1.1.4.32528.5.1.4.1.3.2
1.1.4.32567.9.1.8
1.1.4.32576.15.3.10.4.7.1.9
1.1.4.32607.21
1.1.4.32612.5.1.13.38.21
1.1.4.32612.5.1.14.39
1.1.4.32621.18.1.40
1.1.4.32661.9.1.6.4
1.1.4.32662.18.1.4
1.1.4.32682.12
1.1.4.32697.15.2.4
1.1.4.32704.5.1.3.2.17
1.1.4.32802.5.1.1.1.1.2
1.1.4.32920.15.2.5.2
1.1.4.33068.21.3.4
1.1.4.33088.9.3.12.4.7
1.1.4.33151.14.1.4
1.1.4.33222.20.2.5
1.1.4.33242.5.1.1
1.1.4.33295.5.1.1.3.12
1.1.4.33399.11.2.10
1.1.4.33480.5.1.1.4.28
1.1.4.33552.30.1.12.4
1.1.4.33591.11.2.12.5
1.1.4.33607.9.3.13.4
1.1.4.33613.5.1.1.5.27.2
1.1.4.33626.5.1.3.5.38.1.28
1.1.4.33660.6
1.1.4.33691.25.2.11.3
1.1.4.33696.5.1.2.1
1.1.4.33699.12.1.9
1.1.4.33736.5.1.9.9
1.1.4.33810.5.1.17.5.14
1.1.4.33811.14.3.5.8
1.1.4.33850.5.1.8.9.29.5
1.1.4.33971.9.2.8
1.1.4.33992.5.1.8.2.3.7.12
1.1.4.33999.18.2.30.24
1.1.4.34030.5.1
1.1.4.34031.19.1.14
1.1.4.34208.33.3.4.4
1.1.4.34240.26.2.14.11.4.6.5
1.1.4.34376.14.2.8
1.1.4.34621.37.2
1.1.4.34644.15.2.17.6.10
1.1.4.34705.5.1.4
1.1.4.34737.5.1.25.1.46
1.1.4.34750.8.1.5.2
1.1.4.34814.3
1.1.4.34880.5.1.19.1.6
1.1.4.34948.5.1
1.1.4.34990.5.1.11.2.11.1.16.61
1.1.4.35202.9.1.18.7
1.1.4.35271.5.1.7
1.1.4.35281.17.3.8.1
1.1.4.35480.5.1.4.1.5
1.1.4.35486.5.1.7.3
1.1.4.35537.5.1.9
1.1.4.35596.5.1.8.3
1.1.4.35597.10.1.5
1.1.4.35615.17.3.8.19
1.1.4.35620.5.1
1.1.4.35835.8.1.17.20
1.1.4.35904.5.1.2.5.4.9
1.1.5.36029.45.2.21
1.1.5.36041.5.1.4.3.21
1.1.5.36075.14.2.4
1.1.5.36136.9.3.21.14
1.1.5.36159.15.2
1.1.5.36200.5.1.4.2.9
1.1.5.36222.5.1.1
1.1.5.36253.14.1
1.1.5.36265.11.2.4.2
1.1.5.36411.14.2.6
1.1.5.36448.26.3
1.1.5.36504.9.1.11.8.7
1.1.5.36523.70.2.4
1.1.5.36578.25.2.11
1.1.5.36608.5.1.3.1
1.1.5.36624.15.2.9.3
1.1.5.36627.5.1.1.1.14.4
1.1.5.36698.5.1.3.2.8
1.1.5.36707.5.1.2.2.9
1.1.5.36722.5.1.1.6
1.1.5.36732.15.2
1.1.5.36914.5.1.3.1.49
1.1.5.36955.15.2.15.1.1
1.1.5.37092.5.1.19.2
1.1.5.37170.8.3.8.4
1.1.5.37178.27.1.15.6
1.1.5.37281.25.3.14.26.16
1.1.5.37304.5.1.1.5.9
1.1.5.37315.18
1.1.5.37328.14.2.17.1
1.1.5.37367.10.2.8
1.1.5.37369.5.1.2.1.1.1
1.1.5.37385.22.3.9.1.2
1.1.5.37405.31.4.7.1.1.1.1
1.1.5.37434.5.1.1.1
1.1.5.37450.34.2.4
1.1.5.37547.5.1.19.1
1.1.5.37552.5.1.9.4
1.1.5.37595.5.1
1.1.5.37644.5.1.3
1.1.5.37706.5.1.7.1
1.1.5.37907.5.1
1.1.5.37918.17.1.24
1.1.5.37962.5.1.3.7
1.1.5.38014.5.1.4.1.3.2
1.1.5.38053.9.1.8
1.1.5.38062.15.3.10.4.7.1.9
1.1.5.38096.5.1.3
1.1.5.38153.37.2.12.7.9
1.1.5.38155.12.1.7.5
1.1.5.38177.12
1.1.5.38199.5.1.61.1.1.5
1.1.5.38203.5.1.3.2.15
1.1.5.38220.10.4.4
1.1.5.38306.5.1.1.1.1.2
1.1.5.38339.5.1.6.5.14.9
1.1.5.38407.34.2.25.1.24
1.1.5.38428.15.2.5.2
1.1.5.38567.9.3.12.4.7
1.1.5.38727.5.1.1
1.1.5.38781.5.1.11
1.1.5.38799.10.2.9.19
1.1.5.38855.3
1.1.5.38945.29.2.18.13.12
1.1.5.39033.18.1.4.3.2
1.1.5.39045.42.1.25
1.1.5.39078.20.1.14.5
1.1.5.39097.5.1.5
1.1.5.39110.16
1.1.5.39117.23.1.4.2
1.1.5.39119.5.1.5.5.3
1.1.5.39169.25.2.11.3
1.1.5.39174.5.1.2.1
1.1.5.39177.12.1.9
1.1.5.39214.5.1.9.9
1.1.5.39224.16.2
1.1.5.39281.5.1.1.13.11.3.7
1.1.5.39448.9.2.8
1.1.5.39469.5.1.8.2.3.7.12
1.1.5.39476.18.2.30.24
1.1.5.39507.5.1
1.1.5.39508.19.1.14
1.1.5.39593.5.1
1.1.5.39615.25.1.10
1.1.5.39628.20
1.1.5.39661.8.4.4.1
1.1.5.39675.33.3.4.4
1.1.5.39703.31.2.24.17
1.1.5.39740.14.1.4
1.1.5.39846.14.2.9
1.1.5.39913.5.1.3.3.48.1
1.1.5.39993.22.2.6.1
1.1.5.40091.37.2
1.1.5.40178.5.1.4
1.1.5.40210.5.1.25.1.46
1.1.5.40223.8.1.5.2
1.1.5.40243.25.1.12
1.1.5.40244.5.1.1.10.6.6.7
1.1.5.40258.5.1
1.1.5.40315.5.1.2.1.17.2.17
1.1.5.40381.5.1
1.1.5.40423.5.1.11.2.12.2.16.13
1.1.5.40567.3
1.1.5.40567.5.1
1.1.5.40646.15.1.17.6
1.1.5.40651.10.1.7.7
1.1.5.40696.5.1.1.1
1.1.5.40711.5.1
1.1.5.40716.28.3.6.3.7.2.7
1.1.5.40889.5.1.4.1.5
1.1.5.40895.5.1.7.3
1.1.5.40946.5.1.9
1.1.5.41032.5.1.3.1.2
1.1.5.41227.8.1.17.20
1.1.5.41393.45.2.21
1.1.5.41405.5.1.4.3.21
1.1.5.41438.5.1
1.1.5.41499.28.2.16.2.3.10.27
1.1.5.41540.13.1.5
1.1.5.41544.27.3.6
1.1.5.41580.5.1.1
1.1.5.41616.5.1.3.1.23.3.3
1.1.5.41689.20
1.1.5.41799.5.1
1.1.5.41858.17.1.4.1.1
1.1.5.41876.10.2.4
1.1.5.41927.25.2.11
1.1.5.41970.5.1.2.1.3.2
1.1.5.42282.11.1.5.4
1.1.5.42375.11.1.4.1
1.1.5.42408.5.1.3.9.12.5
1.1.5.42426.5.1.10.1
1.1.5.42481.6
1.1.5.42579.25.2.4.7
1.1.5.42601.5.1.1.5.9
1.1.5.42612.18
1.1.5.42625.14.2.17.1
1.1.5.42665.5.1.1.3.1.1
1.1.5.42682.5.1.2.2.6
1.1.5.42701.17.2.6.1.27
1.1.5.42728.11.1.7
1.1.5.42748.28.1.12
1.1.5.42815.15.2.5.4
1.1.5.42924.5.1
1.1.5.42968.5.1.1.1.4
1.1.5.42999.5.1
1.1.5.43023.5.1.25.1.1.1
1.1.5.43045.5.1.2.6.2.1
1.1.5.43058.5.1.10.3.17.1.18
1.1.5.43213.16.2.11.1.1.1
1.1.5.43273.5.1.3.7
1.1.5.43362.9.1.8
1.1.5.43371.15.3.10.4.7.1.9
1.1.5.43404.5.1.9.2.4.3.33
1.1.5.43464.9.1.6.4
1.1.5.43465.18.1.4
1.1.5.43485.12
1.1.5.43500.15.2.4
1.1.5.43507.5.1.3.2.17
1.1.5.43608.5.1.1.1.1.2
1.1.5.43644.17.1.7.4
1.1.5.43737.71.2.35.22.4.1
1.1.5.43891.21.3.4
1.1.5.43911.9.3.12.4.7
1.1.5.43973.10.3.4
1.1.5.44088.5.1.1
1.1.5.44141.39.3.22
1.1.5.44148.18.1.10
1.1.5.44265.18.1.16
1.1.5.44275.11.3.16
1.1.5.44291.5.1.3.1.22.2.28
1.1.5.44291.5.1.3.1.22.2.31
1.1.5.44378.18.1.4.3.2
1.1.5.44439.5.1.5
1.1.5.44452.16
1.1.5.44459.23.1.4.2
1.1.5.44461.5.1.5.5.3
1.1.5.44494.27.2
1.1.5.44518.25.2.11.3
1.1.5.44523.5.1.2.1
1.1.5.44535.22.2.9.8
1.1.5.44568.35.2.14.15
1.1.5.44629.5.1.17.5.14
1.1.5.44630.14.3.5.8
1.1.5.44702.9.1.4
1.1.5.44722.29.4.24.1
1.1.5.44782.5.1.8.2.3.8.27
1.1.5.44789.18.2.30.24
1.1.5.44989.33.3.4.4
1.1.5.45017.31.2.24.17
1.1.5.45054.14.1.4
1.1.5.45164.14.2.9
1.1.5.45234.5.1.3.3.48.1
1.1.5.45404.37.2
1.1.5.45491.5.1.4
1.1.5.45523.5.1.25.1.46
1.1.5.45535.5.1.3.2.4.1.10
1.1.5.45548.10.3.4.27
1.1.5.45640.13.1.10.12
1.1.5.45692.5.1.3.3.22.5.20
1.1.5.45694.5.1
1.1.5.45759.5.1.11.2.11.1.16.5
1.1.5.45911.5.1.3.4.8.3
1.1.5.45917.19.1.15
1.1.5.45949.24.1.4
1.1.5.45965.5.1.1.16
1.1.5.45968.17.2.6.1.1.2.6
1.1.5.46016.5.1.1.1
1.1.5.46031.5.1
1.1.5.46036.28.3.6.3.7.2.7
1.1.5.46208.26.5.6.13.10.4.14
1.1.5.46230.32.2.24.12
1.1.5.46266.5.1.18.2
1.1.5.46313.5.1.8.3
1.1.5.46314.10.1.5
1.1.5.46338.27.2.33.12.19
1.1.5.46561.8.1.17.20
1.1.5.46597.27.1.4
1.1.5.46679.8.2.4
1.1.5.46708.27.1.4
1.1.5.46718.20.1.22
1.1.5.46761.5.1
1.1.5.46823.9.3.21.14
1.1.5.46848.5.1.4.4.40.7
1.1.5.46910.15.3.5
1.1.5.46947.5.1.3.1.23.3.3
1.1.5.47020.20
1.1.5.47130.5.1
1.1.5.47192.9.1.11.8.7
1.1.5.47211.70.2.4
1.1.5.47238.5.1.4.2.6.2
1.1.5.47269.25.2.11
1.1.5.47387.5.1.3.2.8
1.1.5.47396.5.1.2.2.9
1.1.5.47411.5.1.1.6
1.1.5.47421.15.2
1.1.5.47628.11.1.5.4
1.1.5.47670.22.1.9.13
1.1.5.47760.5.1.19.2
1.1.5.47801.40.1.4.4
1.1.5.47838.5.1.3
1.1.5.47949.25.3.14.25.16
1.1.5.47972.5.1.1.5.9
1.1.5.47983.18
1.1.5.47996.14.2.17.1
1.1.5.48036.5.1.1.3.1.1
1.1.5.48053.5.1.2.2.6
1.1.5.48072.17.2.6.1.27
1.1.5.48150.5.1
1.1.5.48167.5.1.1.12.14.4.40.9
1.1.5.48187.5.1.19.1
1.1.5.48192.5.1.9.4
1.1.5.48241.5.1
1.1.5.48358.5.1.25.1.1.1
1.1.5.48395.9.2.8.14
1.1.5.48550.16.2.11.1.1.1
1.1.5.48611.5.1.3.7
1.1.5.48649.17.1.12
1.1.5.48663.5.1.4.1.3.2
1.1.5.48702.9.1.8
1.1.5.48711.15.3.10.4.7.1.9
1.1.5.48743.25.2.14.1
1.1.5.48747.5.1.3
1.1.5.48808.5.1.3.9.5
1.1.5.48830.12
1.1.5.48861.31.3.24.4.7
1.1.5.48875.13.2.5.4.5.1
1.1.5.48962.5.1.11.8
1.1.5.49004.5.1.6.5.14.11
1.1.5.49029.5.1.2.1.10.1
1.1.5.49081.34.2.25.1.14
1.1.5.49102.15.2.5.2
1.1.5.49250.9.3.12.4.7
1.1.5.49308.19.3.4
1.1.5.49387.29.2.5.5.3.2.5
1.1.5.49473.5.1.11
1.1.5.49487.11
1.1.5.49603.18.1.16
1.1.5.49613.11.3.16
1.1.5.49629.5.1.3.1.22.2.28
1.1.5.49629.5.1.3.1.22.2.31
1.1.5.49713.18.1.4.3.2
1.1.5.49741.18.1.8
1.1.5.49760.9.2.11
1.1.5.49783.28.2.26.1.8.3.14
1.1.5.49795.22
1.1.5.49802.23.1.4.2
1.1.5.49804.5.1.5.5.3
1.1.5.49857.17.3.4
1.1.5.49899.5.1.9.9
1.1.5.49909.16.2
1.1.5.49975.5.1.17.5.14
1.1.5.49976.14.3.5.8
1.1.5.50142.9.2.8
1.1.5.50163.5.1.8.2.3.7.12
1.1.5.50170.18.2.30.24
1.1.5.50201.5.1
1.1.5.50202.19.1.14
1.1.5.50379.33.3.4.4
1.1.5.50405.39.2.32
1.1.5.50531.14.2.9
1.1.5.50679.22.2.6.1
1.1.5.50771.37.2
1.1.5.50857.5.1.4
1.1.5.50922.25.1.12
1.1.5.50923.5.1.1.10.6.6.7
1.1.5.51017.5.1.2.1.17.2.23
1.1.5.51063.5.1.3.3.22.5.20
1.1.5.51065.5.1
1.1.5.51130.5.1.11.2.11.1.16.4
1.1.5.51297.5.1
1.1.5.51301.51.2.16.6
1.1.5.51324.9.2.4
1.1.5.51334.15.2.13.1.1
1.1.5.51337.10.1.15.17
1.1.5.51402.5.1
1.1.5.51407.28.3.6.3.7.2.7
1.1.5.51593.26.5.6.13.10.5.10
1.1.5.51615.32.2.24.12
1.1.5.51707.20.2.8.3
1.1.5.51746.5.1.3.1.2
1.1.5.51944.8.1.14.3
1.1.5.52118.5.1
1.1.5.52135.5.1.4.3.21
1.1.5.52169.14.2.4
1.1.5.52238.28.2.16.2.3.10.27
1.1.5.52329.5.1.1
1.1.5.52360.24
1.1.5.52369.5.1.4
1.1.5.52440.27
1.1.5.52455.5.1
1.1.5.52522.5.1.20.12.28
1.1.5.52538.27.2.23.15.12.6
1.1.5.52622.9.1.11.8.7
1.1.5.52644.70.2.4
1.1.5.52702.25.2.11
1.1.5.52733.10.1.4
1.1.5.53058.11.1.5.4
1.1.5.53185.5.1.26.2
1.1.5.53261.8.3.8.4
1.1.5.53269.27.1.15.6
1.1.5.53369.25.3.14.26.16
1.1.5.53392.5.1.1.5.9
1.1.5.53403.18
1.1.5.53457.5.1.1.3.1.1
1.1.5.53493.17.2.6.1.27
1.1.5.53531.9.1.14
1.1.5.53606.34.1.4.7.4
1.1.5.53696.5.1
1.1.5.53740.5.1.3
1.1.5.53802.5.1.7.1
1.1.5.53829.9.2.8.14
1.1.5.53952.37.2.8
1.1.5.54003.16.2.11.1.1.1
1.1.5.54066.5.1.3.7
1.1.5.54112.17.1.12
1.1.5.54126.5.1.4.1.3.2
1.1.5.54159.9.1.8
1.1.5.54168.15.3.10.4.7.1.9
1.1.5.54202.5.1.3
1.1.5.54263.5.1.3.9.5
1.1.5.54285.12
1.1.5.54316.31.3.24.4.7
1.1.5.54330.13.2.5.4.5.1
1.1.5.54417.10.3.4
1.1.5.54469.5.1.6.5.14.9
1.1.5.54537.34.2.25.1.24
1.1.5.54697.21.3.4
1.1.5.54717.9.3.12.4.7
1.1.5.54779.10.3.4
1.1.5.54888.5.1.1
1.1.5.54942.5.1.11
1.1.5.54969.10.2.9.12
1.1.5.55042.11.2.10
1.1.5.55117.5.1.1.4.28
1.1.5.55190.18.1.4.3.2
1.1.5.55202.42.1.25
1.1.5.55234.11.2.12.5
1.1.5.55250.9.3.13.4
1.1.5.55256.5.1.1.5.28.2
1.1.5.55268.5.1.3.5.38.1.29
1.1.5.55292.21.1.8
1.1.5.55292.21.5.12
1.1.5.55293.5.1
1.1.5.55316.17.3.4
1.1.5.55358.5.1.9.9
1.1.5.55422.5.1.1.13.11.3.7
1.1.5.55504.9.1.4
1.1.5.55575.9.2.8
1.1.5.55596.5.1.8.2.3.7.12
1.1.5.55603.18.2.30.24
1.1.5.55723.5.1
1.1.5.55745.25.1.10
1.1.5.55758.20
1.1.5.55791.8.4.4.1
1.1.5.55805.33.3.4.4
1.1.5.55833.31.2.24.17
1.1.5.55970.14.2.9
1.1.5.56084.14.2.10.1
1.1.5.56222.37.2
1.1.5.56245.15.2.17.6.10
1.1.5.56306.5.1.4
1.1.5.56376.18.3.4.35
1.1.5.56463.8.1.29.4
1.1.5.56516.43.2.11.1.4
1.1.5.56519.17.1.9
1.1.5.56578.5.1.11.2.12.2.16.14
1.1.5.56588.14.2.5
1.1.5.56739.5.1.3.4.8.3
1.1.5.56745.19.1.15
1.1.5.56776.24.1.4
1.1.5.56796.22.2.8
1.1.5.56861.5.1.7
1.1.5.56871.17.3.8.1
1.1.5.56926.22.1.12.14
1.1.5.57072.13.3.4.11
1.1.5.57119.6
1.1.5.57127.5.1.2.30.36
1.1.5.57141.11.2.11
1.1.5.57212.5.1.3.1.2
1.1.5.57401.8.1.38.3
1.1.5.57526.8.2.4
1.1.5.57560.45.2.21
1.1.5.57572.5.1.4.3.21
1.1.5.57605.5.1
1.1.5.57667.9.3.21.14
1.1.5.57691.9.1.4.16
1.1.5.57726.5.1.4.2.9
1.1.5.57748.5.1.1
1.1.5.57786.14.3.6.3.8
1.1.5.57843.16
1.1.5.57850.20
1.1.5.57916.14.2.6
1.1.5.57954.5.1
1.1.5.58019.9.1.11.8.7
1.1.5.58036.10.2.4
1.1.5.58091.25.2.11
1.1.5.58141.3
1.1.5.58215.5.1.3.2.8
1.1.5.58224.5.1.2.2.9
1.1.5.58239.5.1.1.6
1.1.5.58249.15.2
1.1.5.58464.5.1.5.3.5
1.1.5.58468.31.3
1.1.5.58473.10.1.18
1.1.5.58566.9.1.4
1.1.5.58689.6
1.1.5.58787.25.3.14.26.16
1.1.5.58810.5.1.1.5.9
1.1.5.58821.18
1.1.5.58834.14.2.17.1
1.1.5.58873.10.2.8
1.1.5.58875.5.1.2.1.1.1
1.1.5.58891.22.3.9.1.2
1.1.5.58911.31.4.7.1.1.1.1
1.1.5.58940.5.1.1.1
1.1.5.58956.34.2.4
1.1.5.59053.5.1.19.1
1.1.5.59058.5.1.9.4
1.1.5.59101.5.1
1.1.5.59150.5.1.3
1.1.5.59224.5.1.7.1
1.1.5.59387.21.1.35
1.1.5.59424.5.1
1.1.5.59478.5.1.3.7
1.1.5.59532.5.1.4.1.3.2
1.1.5.59563.5.1.4.1.1.3.5
1.1.5.59575.15.1.7
1.1.5.59586.14.4.19.1.12.3
1.1.5.59602.5.1.3
1.1.5.59666.5.1.3.9.5
1.1.5.59688.12
1.1.5.59709.5.1.41.1.1.5
1.1.5.59713.5.1.3.2.15
1.1.5.59730.10.4.16
1.1.5.59916.19.2.4
1.1.5.59921.5.1.15.2.8.1.8
1.1.5.60088.9.3.12.4.7
1.1.5.60226.20.2.5
1.1.5.60239.13.2.7.5.10
1.1.5.60292.10.1.4
1.1.5.60293.5.1.4
1.1.5.60308.11
1.1.5.60424.18.1.16
1.1.5.60434.11.3.16
1.1.5.60450.5.1.3.1.22.2.28
1.1.5.60450.5.1.3.1.22.2.31
1.1.5.60534.18.1.4.3.2
1.1.5.60546.42.1.25
1.1.5.60579.11.2.12.5
1.1.5.60595.9.3.13.4
1.1.5.60601.5.1.1.5.27.2
1.1.5.60617.13.2.12.12.5.1.6
1.1.5.60650.22.2
1.1.5.60677.17.3.4
1.1.5.60782.5.1.17.5.14
1.1.5.60783.14.3.5.8
1.1.5.60868.9.1.4
1.1.5.60937.9.2.8
1.1.5.60958.5.1.8.2.3.7.12
1.1.5.60965.18.2.30.24
1.1.5.60991.5.1
1.1.5.60992.19.1.14
1.1.5.61074.5.1
1.1.5.61176.33.3.4.4
1.1.5.61204.31.2.24.17
1.1.5.61241.14.1.4
1.1.5.61339.14.2.9
1.1.5.61456.14.2.10.1
1.1.5.61595.37.2
1.1.5.61682.5.1.1.2.5.1.3
1.1.5.61732.17.3.9.4.28
1.1.5.61846.5.1.2.1.17.2.23
1.1.5.61911.5.1
1.1.5.61950.12.1.4.2
1.1.5.62102.3
1.1.5.62102.5.1
1.1.5.62134.5.1
1.1.5.62138.51.2.16.6
1.1.5.62161.9.2.4
1.1.5.62171.15.2.13.1.1
1.1.5.62174.10.1.15.17
1.1.5.62230.5.1.7
1.1.5.62240.17.3.8.1
1.1.5.62422.26.5.6.13.10.6.31
1.1.5.62444.32.2.24.12
1.1.5.62480.5.1.18.2
1.1.5.62527.20.2.8.3
1.1.5.62563.5.1.3.1.2
1.1.5.62764.8.1.38.3
1.1.5.62806.27.1.4
1.1.5.62929.45.2.21
1.1.5.62941.5.1.4.3.21
1.1.5.62975.14.2.4
1.1.5.63042.9.3.21.14
1.1.5.63065.15.2
1.1.5.63106.5.1.4.2.9
1.1.5.63128.5.1.1
1.1.5.63167.5.1.4.1.5
1.1.5.63226.16
1.1.5.63314.5.1.20.12.28
1.1.5.63317.9.1.4
1.1.5.63347.5.1
1.1.5.63406.17.1.4.1.1
1.1.5.63423.29.1.22
1.1.5.63483.25.2.11
1.1.5.63897.28.3.7.1
1.1.5.64016.5.1
1.1.5.64061.8.3.8.4
1.1.5.64069.27.1.15.6
1.1.5.64155.5.1.15
1.1.5.64240.5.1.1.3.1.1
1.1.5.64276.17.2.6.1.27
1.1.5.64303.11.1.7
1.1.5.64390.15.2.5.4
1.1.5.64411.10.4.8.6.37
1.1.5.64500.5.1
1.1.5.64544.5.1.3
1.1.5.64608.5.1.7.1
1.1.5.64692.21.2.19.2.6.1.15.16
1.1.5.64762.12.1.5.6.2
1.1.5.64767.45.1.17
1.1.5.64792.16.2.11.1.1.1
1.1.5.64855.5.1.3.7
1.1.5.64908.15.2.13
1.1.5.64947.9.1.8
1.1.5.64956.15.3.10.4.7.1.9
1.1.5.64988.5.1.3
1.1.5.65052.5.1.3.9.5
1.1.5.65074.12
1.1.5.65096.5.1.41.1.1.5
1.1.5.65100.5.1.3.2.15
1.1.5.65117.10.4.4
1.1.5.65233.10.1.9.8
1.1.5.65460.21.3.4
1.1.5.65480.9.3.12.4.7
1.1.5.65543.14.1.4
1.1.5.65644.5.1.1
1.1.5.65686.5.1.6
1.1.5.65704.10.2.9.27
1.1.5.65777.11.2.10
1.1.5.65845.29.2.18.13.12
1.1.5.65933.18.1.4.3.2
1.1.5.65945.42.1.25
1.1.5.65979.5.1.22
1.1.5.65983.25.1.12.6
1.1.5.65997.5.1.2
1.1.5.66010.16
1.1.5.66017.23.1.4.2
1.1.5.66019.5.1.5.5.3
1.1.5.66060.6
1.1.5.66090.14.3.23.1.14.2
1.1.5.66097.12.1.9
1.1.5.66134.5.1.9.9
1.1.5.66145.16.2
1.1.5.66213.5.1.16.4.18
1.1.5.66213.5.1.17.5
1.1.5.66386.9.2.8
1.1.5.66407.5.1.8.2.3.7.12
1.1.5.66414.18.2.30.24
1.1.5.66618.33.3.4.4
1.1.5.66646.31.2.24.17
1.1.5.66786.17.3.13.4
1.1.5.66792.38.3
1.1.5.66864.5.1.3.3.48.1
1.1.5.66941.22.2.6.1
1.1.5.67030.37.2
1.1.5.67053.15.2.17.6.10
1.1.5.67114.5.1.4
1.1.5.67279.5.1.19.1.6
1.1.5.67344.5.1
1.1.5.67386.5.1.11.2.11.1.16.68
1.1.5.67396.14.2.5
1.1.5.67539.3
1.1.5.67539.5.1
1.1.5.67571.5.1
1.1.5.67575.51.2.16.6
1.1.5.67598.14.2.9.1.3.3
1.1.5.67603.22.2.8
1.1.5.67668.5.1.7
1.1.5.67678.17.3.8.1
1.1.5.67869.20.2.6.1.12
1.1.5.67893.32.2.24.12
1.1.5.67913.5.1.2.30.31
1.1.5.67927.11.2.11
1.1.5.68009.5.1.3.1.2
1.1.5.68221.8.1.14.3
1.1.5.68268.8.1.29
1.1.5.68404.45.2.21
1.1.5.68416.5.1.4.3.21
1.1.5.68449.5.1
1.1.5.68507.38.2.18.21.16
1.1.5.68596.5.1.1
1.1.5.68627.14.1
1.1.5.68639.11.2.4.2
1.1.5.68777.14.2.6
1.1.5.68815.5.1
1.1.5.68880.9.1.11.8.7
1.1.5.68897.10.2.4
1.1.5.68924.5.1.4.2.6.2
1.1.5.68949.25.2.11
1.1.5.68970.5.1.5.5
1.1.5.69316.11.1.5.4
1.1.5.69410.11.1.4.1
1.1.5.69443.5.1.3.9.12.5
1.1.5.69509.8.3.8.4
1.1.5.69517.27.1.15.6
1.1.5.69617.25.3.14.25.16
1.1.5.69640.5.1.1.5.9
1.1.5.69651.18
1.1.5.69664.14.2.17.1
1.1.5.69704.5.1.1.3.1.1
1.1.5.69721.5.1.2.2.6
1.1.5.69740.17.2.6.1.27
1.1.5.69778.9.1.14
1.1.5.69839.15.2.5.4
1.1.5.69925.12.2.4
1.1.5.69982.3
1.1.5.70056.5.1.25.1.1.1
1.1.5.70216.21.1.35
1.1.5.70253.5.1
1.1.5.70310.5.1.3.7
1.1.5.70363.15.2.13
1.1.5.70384.10.1.7
1.1.5.70401.9.1.8
1.1.5.70410.15.3.10.4.7.1.9
1.1.5.70444.5.1.3
1.1.5.70499.27.2.15.11
1.1.5.70504.8.2.12.4
1.1.5.70549.5.1.25.1.1.5
1.1.5.70553.5.1.3.2.15
1.1.5.70570.10.4.4
1.1.5.70689.5.1.6.5.14.11
1.1.5.70767.14.2.9.6.15.1.21
1.1.5.70938.9.3.12.4.7
1.1.5.71000.10.3.4
1.1.5.71078.20.2.5
1.1.5.71156.5.1.1.3.12
1.1.5.71235.3
1.1.5.71295.18.1.16
1.1.5.71305.11.3.16
1.1.5.71321.5.1.3.1.22.2.28
1.1.5.71321.5.1.3.1.22.2.31
1.1.5.71405.18.1.4.3.2
1.1.5.71417.42.1.25
1.1.5.71452.5.1.7.5.12.6.22
1.1.5.71458.11.1.6.1
1.1.5.71468.17.3.12.1.14
1.1.5.71472.29.3.6.1.4.1
1.1.5.71486.5.1.3.5.44.1.43
1.1.5.71520.6
1.1.5.71551.25.2.11.3
1.1.5.71556.5.1.2.1
1.1.5.71568.22.2.9.8
1.1.5.71601.36.2.18.16
1.1.5.71662.5.1.17.5.14
1.1.5.71663.14.3.5.8
1.1.5.71747.9.1.4
1.1.5.71832.10.1.9.13
1.1.5.71839.9.1.8.6
1.1.5.72041.33.3.4.4
1.1.5.72069.31.2.24.17
1.1.5.72106.14.1.4
1.1.5.72210.17.3.13.4
1.1.5.72216.38.3
1.1.5.72440.37.2
1.1.5.72463.15.2.17.6.10
1.1.5.72522.5.1.4
1.1.5.72554.5.1.25.1.46
1.1.5.72567.8.1.5.2
1.1.5.72593.14.3.6
1.1.5.72598.5.1.2.1.8.1
1.1.5.72679.5.1.19.1.6
1.1.5.72728.5.1.3.3.22.5.20
1.1.5.72730.5.1
1.1.5.72795.5.1.11.2.11.1.16.5
1.1.5.72805.14.2.5
1.1.5.73026.9.2.4
1.1.5.73036.15.2.13.1.1
1.1.5.73039.10.1.15.17
1.1.5.73103.5.1
1.1.5.73108.28.3.6.3.7.2.7
1.1.5.73323.32.2.24.12
1.1.5.73355.5.1.18.2
1.1.5.73401.20.2.8.3
1.1.5.73438.5.1.3.1.2
1.1.5.73636.8.1.14.3
1.1.5.73803.45.2.21
1.1.5.73815.5.1.4.3.21
1.1.5.73848.5.1
1.1.5.73906.38.2.18.21.16
1.1.5.73996.5.1.1
1.1.5.74027.14.1
1.1.5.74039.11.1.7.4
1.1.5.74111.16
1.1.5.74118.20
1.1.5.74194.14.2.6
1.1.5.74232.5.1
1.1.5.74294.9.1.11.8.7
1.1.5.74313.70.2.4
1.1.5.74360.25.2.11
1.1.5.74474.5.1.3.2.8
1.1.5.74483.5.1.2.2.9
1.1.5.74498.5.1.1.6
1.1.5.74508.15.2
1.1.5.74842.5.1.19.2
1.1.5.74853.5.1.3.15.9.5
1.1.5.74922.6
1.1.5.75027.25.3.14.26.16
1.1.5.75046.5.1.4
1.1.5.75111.10.2.8
1.1.5.75113.5.1.2.1.1.1
1.1.5.75152.31.4.7.1.1.1.1
1.1.5.75181.5.1.1.1
1.1.5.75197.34.2.4
1.1.5.75294.5.1.19.1
1.1.5.75299.5.1.9.4
1.1.5.75342.5.1
1.1.5.75386.5.1.3
1.1.5.75461.5.1.25.1.1.1
1.1.5.75651.16.2.11.1.1.1
1.1.5.75714.5.1.3.7
1.1.5.75797.9.1.8
1.1.5.75806.15.3.10.4.7.1.9
1.1.5.75839.5.1.9.2.4.3.35
1.1.5.75898.13.4.5.7.14
1.1.5.75921.12
1.1.5.75936.15.2.4
1.1.5.75943.5.1.3.2.17
1.1.5.75960.10.4.4
1.1.5.76032.5.1.11.8
1.1.5.76165.15.2.5.2
1.1.5.76316.9.3.12.4.7
1.1.5.76379.14.1.4
1.1.5.76477.5.1.1
1.1.5.76529.5.1.1.3.12
1.1.5.76625.11.2.10
1.1.5.76700.5.1.1.4.28
1.1.5.76773.18.1.4.3.2
1.1.5.76801.18.1.8
1.1.5.76819.11.2.12.5
1.1.5.76836.5.1.5
1.1.5.76849.16
1.1.5.76855.5.1.14.2.5
1.1.5.76855.11.1.4.2
1.1.5.76891.6
1.1.5.76922.25.2.11.3
1.1.5.76927.5.1.2.1
1.1.5.76930.12.1.9
1.1.5.76967.5.1.9.9
1.1.5.76977.16.2
1.1.5.77052.5.1.17.5.14
1.1.5.77053.14.3.5.8
1.1.5.77212.9.2.8
1.1.5.77233.5.1.8.2.3.7.12
1.1.5.77240.18.2.30.24
1.1.5.77446.33.3.4.4
1.1.5.77474.31.2.24.17
1.1.5.77602.17.3.13.4
1.1.5.77608.38.3
1.1.5.77669.5.1.3.3.48.1
1.1.5.77839.37.2
1.1.5.77862.15.2.17.6.10
1.1.5.77923.5.1.4
1.1.5.77955.5.1.25.1.46
1.1.5.77967.5.1.3.2.4.1.10
1.1.5.77978.30.1.13
1.1.5.77981.9.1.4
1.1.5.78093.18.3.5.2
1.1.5.78123.5.1.2.1.5
1.1.5.78144.5.1
1.1.5.78186.5.1.11.2.12.2.16.19
1.1.5.78415.14.2.9.1.3.3
1.1.5.78420.22.2.8
1.1.5.78481.5.1.7
1.1.5.78491.17.3.8.1
1.1.5.78686.5.1.4.1.5
1.1.5.78692.5.1.7.3
1.1.5.78743.5.1.9
1.1.5.78836.5.1.3.1.2
1.1.5.79059.8.1.14.3
1.1.5.79100.27.1.4
1.1.5.79175.14.1.4
1.1.5.79197.8.2.4
1.1.5.79226.27.1.4
1.1.5.79236.20.1.22
1.1.5.79279.5.1
1.1.5.79340.28.2.16.2.3.10.27
1.1.5.79360.15.2
1.1.5.79415.11.1.8.8
1.1.5.79460.11.2.4.2
1.1.5.79645.5.1
1.1.5.79707.9.1.11.8.7
1.1.5.79726.70.2.4
1.1.5.79776.25.2.11
1.1.5.79828.5.1.2.1.3.2
1.1.5.79900.5.1.3.2.8
1.1.5.79909.5.1.2.2.9
1.1.5.79924.5.1.1.6
1.1.5.79934.15.2
1.1.5.80118.5.1.3.1.49
1.1.5.80269.5.1
1.1.5.80282.9.2.4.6
1.1.5.80315.5.1.25.2
1.1.5.80326.5.1.3.15.9.5
1.1.5.80391.8.3.8.4
1.1.5.80399.27.1.15.6
1.1.5.80499.25.3.14.26.16
1.1.5.80522.5.1.1.5.9
1.1.5.80533.18
1.1.5.80546.14.2.17.1
1.1.5.80586.5.1.1.3.1.1
1.1.5.80603.5.1.2.2.6
1.1.5.80622.17.2.6.1.27
1.1.5.80649.11.1.7
1.1.5.80763.5.1.19.1
1.1.5.80768.5.1.9.4
1.1.5.80811.5.1
1.1.5.80855.5.1.3
1.1.5.80888.5.1
1.1.5.80911.5.1.7.1
1.1.5.81082.16.2.11.1.1.1
1.1.5.81145.13.2.18.2.6.1
1.1.5.81184.17.1.12
1.1.5.81198.5.1.4.1.3.2
1.1.5.81237.9.1.8
1.1.5.81246.15.3.10.4.7.1.9
1.1.5.81279.25.2.14.1
1.1.5.81283.5.1.3
1.1.5.81347.5.1.3.9.5
1.1.5.81369.12
1.1.5.81391.5.1.61.1.1.5
1.1.5.81395.5.1.3.2.15
1.1.5.81412.10.4.4
1.1.5.81484.10.3.4
1.1.5.81592.19.2.4
1.1.5.81619.5.1.7.3.14.5.12
1.1.5.81619.5.1.7.3.15.6.13
1.1.5.81762.9.3.12.4.7
1.1.5.81825.14.1.4
1.1.5.81903.20.2.5
1.1.5.81984.39.3.22
1.1.5.82005.10.2.9.12
1.1.5.82061.3
1.1.5.82077.39
1.1.5.82123.18.1.16
1.1.5.82133.11.3.16
1.1.5.82149.5.1.3.1.22.2.28
1.1.5.82149.5.1.3.1.22.2.31
1.1.5.82235.18.1.4.3.2
1.1.5.82247.42.1.25
1.1.5.82279.11.2.12.5
1.1.5.82296.5.1.5
1.1.5.82309.16
1.1.5.82316.23.1.4.2
1.1.5.82318.5.1.5.5.3
1.1.5.82386.17.3.4
1.1.5.82492.5.1.17.5.14
1.1.5.82493.14.3.5.8
1.1.5.82569.9.1.4
1.1.5.82641.9.2.8
1.1.5.82662.5.1.8.2.3.7.12
1.1.5.82669.18.2.30.24
1.1.5.82858.33.3.4.4
1.1.5.82890.26.2.14.11.4.6.5
1.1.5.82927.14.1.4
1.1.5.82980.19.2.16
1.1.5.83030.14.2.9
1.1.5.83276.37.2
1.1.5.83349.15.2.8
1.1.5.83421.14.3.5.29.25.3
1.1.5.83441.8.1.4
1.1.5.83565.5.1.2.1.5
1.1.5.83586.5.1
1.1.5.83628.5.1.11.2.11.1.16.42
1.1.5.83638.14.2.5
1.1.5.83779.3
1.1.5.83779.5.1
1.1.5.83858.15.1.17.6
1.1.5.83863.10.1.7.7
1.1.5.83911.5.1.1.1
1.1.5.83926.5.1
1.1.5.83931.28.3.6.3.7.2.7
1.1.5.83982.22.1.12.14
1.1.5.84117.20.2.6.1.12
1.1.5.84141.32.2.24.12
1.1.5.84177.5.1.18.2
1.1.5.84241.17.1.11.4
1.1.5.84448.8.1.14.3
1.1.5.84517.12.3.19
1.1.5.84631.45.2.21
1.1.5.84643.5.1.4.3.21
1.1.5.84676.5.1
1.1.5.84732.28.2.16.2.3.10.25
1.1.5.84816.5.1.1
1.1.5.84854.5.1.4
1.1.5.85038.26.3
1.1.5.85094.9.1.11.8.7
1.1.5.85111.10.2.4
1.1.5.85170.25.2.11
1.1.5.85561.19.4.13.13
1.1.5.85655.5.1.25.2
1.1.5.85666.5.1.3.15.9.5
1.1.5.85726.8.3.8.4
1.1.5.85734.27.1.15.6
1.1.5.85840.25.3.14.26.16
1.1.5.85859.5.1.4
1.1.5.85933.10.2.8
1.1.5.85935.5.1.2.1.1.1
1.1.5.85974.31.4.7.1.1.1.1
1.1.5.86003.5.1.1.1
1.1.5.86022.9.1.14
1.1.5.86125.5.1.19.1
1.1.5.86130.5.1.9.4
1.1.5.86179.5.1
1.1.5.86223.5.1.3
1.1.5.86297.5.1.7.1
1.1.5.86479.16.2.11.1.1.1
1.1.5.86544.13.2.18.2.6.1
1.1.5.86603.5.1.4.1.3.2
1.1.5.86630.26
1.1.5.86640.5.1.2.2.23
1.1.5.86665.10.2.4
1.1.5.86683.5.1.3
1.1.5.86747.5.1.3.9.5
1.1.5.86769.12
1.1.5.86791.5.1.41.1.1.5
1.1.5.86795.5.1.3.2.15
1.1.5.86881.5.1.11.8
1.1.5.86997.34.2.25.1.22
1.1.5.87158.21.3.4
1.1.5.87178.9.3.12.4.7
1.1.5.87241.14.1.4
1.1.5.87308.20.2.5
1.1.5.87328.5.1.1
1.1.5.87380.5.1.1.3.12
1.1.5.87459.3
1.1.5.87475.39
1.1.5.87523.21.2.5.13.1.1
1.1.5.87549.5.1.3.1.22.2.28
1.1.5.87549.5.1.3.1.22.2.31
1.1.5.87585.3
1.1.5.87640.18.1.4.3.2
1.1.5.87652.42.1.25
1.1.5.87686.5.1.7.5.12.6.15
1.1.5.87692.11.1.6.1
1.1.5.87702.17.3.12.1.14
1.1.5.87706.29.3.6.1.4.1
1.1.5.87723.13.2.12.11.4.3.10
1.1.5.87769.17.3.4
1.1.5.87883.5.1.17.5.14
1.1.5.87884.14.3.5.8
1.1.5.87961.9.1.4
1.1.5.88032.9.2.8
1.1.5.88053.5.1.8.2.3.7.12
1.1.5.88060.18.2.30.24
1.1.5.88167.5.1
1.1.5.88269.33.3.4.4
1.1.5.88297.31.2.24.17
1.1.5.88424.17.3.13.4
1.1.5.88430.38.3
1.1.5.88578.22.2.6.1
1.1.5.88667.37.2
1.1.5.88752.5.1.4
1.1.5.88784.5.1.25.1.46
1.1.5.88809.10.3.4.27
1.1.5.88917.18.3.5.2
1.1.5.88950.5.1.10.7.9
1.1.5.88969.5.1
1.1.5.89011.5.1.11.2.11.1.16.25
1.1.5.89021.14.2.5
1.1.5.89095.6
1.1.5.89165.3
1.1.5.89165.5.1
1.1.5.89197.5.1
1.1.5.89201.51.2.16.6
1.1.5.89224.14.2.9.1.3.3
1.1.5.89229.22.2.8
1.1.5.89301.5.1
1.1.5.89306.28.3.6.3.7.2.7
1.1.5.89509.5.1.7.3
1.1.5.89560.5.1.9
1.1.5.89633.17.1.11.4
1.1.5.89869.8.1.14.3
1.1.5.90037.45.2.21
1.1.5.90049.5.1.4.3.21
1.1.5.90082.5.1
1.1.5.90143.28.2.16.2.3.10.27
1.1.5.90163.15.2
1.1.5.90220.5.1.1
1.1.5.90251.14.1
1.1.5.90263.11.2.4.2
1.1.5.90323.16
1.1.5.90330.20
1.1.5.90433.5.1
1.1.5.90492.17.1.4.1.1
1.1.5.90510.10.2.4
1.1.5.90562.25.2.11
1.1.5.90606.5.1.2.1.3.2
1.1.5.90851.6
1.1.5.90900.5.1.3.1.64
1.1.5.90978.16.5.13.7
1.1.5.91064.5.1.19.2
1.1.5.91075.5.1.3.15.9.5
1.1.5.91093.5.1.10.1
1.1.5.91148.6
1.1.5.91252.5.1.6
1.1.5.91272.5.1.1.11.9
1.1.5.91283.18
1.1.5.91296.14.2.17.1
1.1.5.91336.5.1.1.3.1.1
1.1.5.91353.5.1.2.2.6
1.1.5.91372.17.2.6.1.27
1.1.5.91399.11.1.7
1.1.5.91485.5.1
1.1.5.91502.5.1.1.12.14.4.24.16
1.1.5.91604.5.1
1.1.5.91727.5.1.25.1.1.1
1.1.5.91764.9.2.8.14
1.1.5.91827.21.2.19.2.6.1.20.7
1.1.5.91934.16.2.11.1.1.1
1.1.5.91999.13.2.18.2.6.1
1.1.5.92053.15.2.13
1.1.5.92084.5.1.4.1.1.3.5
1.1.5.92107.10.2.4
1.1.5.92122.5.1.9.2.4.3.33
1.1.5.92176.37.2.12.7.9
1.1.5.92178.12.1.7.5
1.1.5.92200.12
1.1.5.92231.31.3.24.4.7
1.1.5.92245.13.2.5.4.5.1
1.1.5.92341.5.1
1.1.5.92375.15.3.10.1.2
1.1.5.92455.14.1.4
1.1.5.92479.15.2.5.2
1.1.5.92629.9.3.12.4.7
1.1.5.92691.10.3.4
1.1.5.92799.5.1.1
1.1.5.92851.5.1.1.3.12
1.1.5.92870.10.2.9.22
1.1.5.92926.3
1.1.5.93023.5.1.1.4.28
1.1.5.93096.18.1.4.3.2
1.1.5.93108.42.1.25
1.1.5.93145.46.2.21
1.1.5.93167.28.2.26.1.8.3.14
1.1.5.93179.22
1.1.5.93186.23.1.4.2
1.1.5.93188.5.1.5.5.3
1.1.5.93253.25.2.11.3
1.1.5.93258.5.1.2.1
1.1.5.93261.12.1.9
1.1.5.93298.5.1.9.9
1.1.5.93308.16.2
1.1.5.93364.5.1.3.2.21.1
1.1.5.93380.5.1.32.5.13
1.1.5.93381.14.3.5.8
1.1.5.93541.9.2.8
1.1.5.93562.5.1.8.2.3.7.12
1.1.5.93569.18.2.30.24
1.1.5.93595.5.1
1.1.5.93602.9.1.4
1.1.5.93684.5.1
1.1.5.93706.25.1.10
1.1.5.93719.20
1.1.5.93752.8.4.4.1
1.1.5.93766.33.3.4.4
1.1.5.93794.31.2.24.17
1.1.5.93831.14.1.4
1.1.5.93937.14.2.9
1.1.5.93972.39.4.24.1
1.1.5.94087.22.2.6.1
1.1.5.94175.37.2
1.1.5.94198.15.2.17.6.10
1.1.5.94232.46.2
1.1.5.94248.21.1.12
1.1.5.94298.5.1.3.2.4.1.10
1.1.5.94311.10.3.4.27
1.1.5.94399.5.1.2.1.17.2.23
1.1.5.94446.5.1.3.3.22.5.20
1.1.5.94448.5.1
1.1.5.94513.5.1.11.2.11.1.16.5
1.1.5.94523.14.2.5
1.1.5.94592.6
1.1.5.94661.3
1.1.5.94661.5.1
1.1.5.94692.5.1
1.1.5.94696.51.2.16.6
1.1.5.94719.9.2.4
1.1.5.94730.22.2.8
1.1.5.94790.5.1.7
1.1.5.94800.17.3.8.1
1.1.5.94992.5.1.4.1.5
1.1.5.94998.5.1.7.3
1.1.5.95049.5.1.9
1.1.5.95108.5.1.8.3
1.1.5.95109.10.1.5
1.1.5.95133.27.2.33.12.19
1.1.5.95286.5.1.2.1.1.9.12
1.1.5.95332.8.1.17.20
1.1.5.95406.12.3.19
1.1.5.95518.5.1
1.1.5.95535.5.1.4.3.21
1.1.5.95568.5.1
1.1.5.95624.28.2.16.2.3.10.28
1.1.5.95668.13.1.5
1.1.5.95672.27.3.6
1.1.5.95708.5.1.1
1.1.5.95749.5.1.4.1.5
1.1.5.95892.14.2.6
1.1.5.95910.27.2.23.15.15.6
1.1.6.20.10.2.4
1.1.6.76.25.2.11
1.1.6.117.3
1.1.6.192.5.1.3.2.8
1.1.6.201.5.1.2.2.9
1.1.6.216.5.1.1.6
1.1.6.226.15.2
1.1.6.438.11.1.5.4
1.1.6.563.5.1.3.16.6.3
1.1.6.638.6
1.1.6.741.11.1.6.24
1.1.6.764.5.1.1.5.12
1.1.6.775.18
1.1.6.788.14.2.17.1
1.1.6.828.5.1.1.3.1.1
1.1.6.845.5.1.2.2.6
1.1.6.864.17.2.6.1.27
1.1.6.902.9.1.14
1.1.6.967.34.1.4.7.4
1.1.6.1070.5.1
1.1.6.1119.5.1.1.1.26
1.1.6.1150.5.1
1.1.6.1173.5.1.7.1
1.1.6.1201.9.2.8.14
1.1.6.1265.21.2.19.2.6.2.9.8
1.1.6.1374.16.2.11.1.1.1
1.1.6.1437.5.1.3.7
1.1.6.1490.15.2.13
1.1.6.1529.9.1.8
1.1.6.1538.15.3.10.4.7.1.9
1.1.6.1571.25.2.14.1
1.1.6.1575.5.1.3
1.1.6.1639.5.1.3.9.5
1.1.6.1661.12
1.1.6.1689.31.3.24.4.7
1.1.6.1703.13.2.5.4.5.1
1.1.6.1784.5.1.11.8
1.1.6.1826.10.1.9.8
1.1.6.1902.5.1.1.1.4.3
1.1.6.1902.9.5.23.18
1.1.6.1911.71.2.35.22.4.1
1.1.6.2060.21.3.4
1.1.6.2080.9.3.12.4.7
1.1.6.2237.5.1.1
1.1.6.2289.5.1.1.3.12
1.1.6.2372.3
1.1.6.2469.5.1.1.4.28
1.1.6.2542.18.1.4.3.2
1.1.6.2554.42.1.25
1.1.6.2587.9.2.11
1.1.6.2610.28.2.26.1.8.3.14
1.1.6.2625.3
1.1.6.2633.12.2.4.5
1.1.6.2694.25.2.11.3
1.1.6.2699.5.1.2.1
1.1.6.2711.22.2.9.8
1.1.6.2744.35.2.14.15
1.1.6.2808.5.1.17.5.19
1.1.6.2809.14.3.5.8
1.1.6.2848.5.1.8.9.29.5
1.1.6.2881.9.1.4
1.1.6.2950.9.2.8
1.1.6.2971.5.1.8.2.3.7.12
1.1.6.2978.18.2.30.24
1.1.6.3185.33.3.4.4
1.1.6.3217.26.2.14.11.4.6.5
1.1.6.3354.14.2.9
1.1.6.3421.5.1.3.3.48.1
1.1.6.3590.37.2
1.1.6.3665.5.1.2.3.17
1.1.6.3694.5.1.25.1.46
1.1.6.3733.14.3.6
1.1.6.3823.5.1.19.1.6
1.1.6.3872.43.2.11.1.18
1.1.6.3875.17.1.9
1.1.6.3934.5.1.11.2.11.1.16.38
1.1.6.3944.14.2.5
1.1.6.4086.3
1.1.6.4086.5.1
1.1.6.4117.5.1
1.1.6.4121.51.2.16.6
1.1.6.4144.14.2.9.1.3.3
1.1.6.4149.22.2.8
1.1.6.4213.5.1.7
1.1.6.4223.17.3.8.1
1.1.6.4425.20.2.6.1.12
1.1.6.4473.6
1.1.6.4481.5.1.2.21.16
1.1.6.4495.11.2.11
1.1.6.4581.5.1.3.1.2
1.1.6.4813.8.1.14.3
1.1.6.4855.27.1.4
1.1.6.4988.45.2.21
1.1.6.5000.5.1.4.3.21
1.1.6.5033.5.1
1.1.6.5049.3
1.1.6.5112.38.2.18.21.16
1.1.6.5194.20.1.21.5
1.1.6.5236.11.2.4.2
1.1.6.5296.16
1.1.6.5303.20
1.1.6.5396.27.2.23.15.12.5
1.1.6.5485.9.1.11.8.7
1.1.6.5504.70.2.4
1.1.6.5570.25.2.11
1.1.6.5618.45.2.8
1.1.6.5928.11.1.5.4
1.2.55.2.1.35.1.13.5.11
1.2.141.6.3.9.6.10.2
1.2.239.2.1.4
1.2.245.4.2.8.2.2.4.14
1.2.399.4.2
1.2.426.2.1.1
1.2.482.12.6.9.4.4.1
1.2.545.8.4.4.2.37.2
1.2.551.19
1.2.574.4.2.6.2.17.1.5
1.2.645.2.1
1.2.673.6.3.21.6
1.2.735.8.4
1.2.772.2.1.8.4.10.1.5.1
1.2.852.6.3.7.2
1.2.891.2.1.1.2.21.1
1.2.971.4.2.11
1.2.1020.6.3.37.1
1.2.1053.6.3.8
1.2.1097.2.1.3.1.3.3
1.2.1100.3
1.2.1148.4.2.10.1
1.2.1224.4.2.4.1.1.1.1
1.2.1339.6.3.10.4.5.1.5.2
1.2.1346.8.4
1.2.1494.6.3.15
1.2.1581.4.2
1.2.1639.6.3
1.2.1642.2.1.10.1.2.2
1.2.1650.10.5.33.7.30.3.10
1.2.1667.6.3.7.1.6
1.2.1722.2.1.3
1.2.1736.2.1.32.7
1.2.1822.2.1.2.2.2.1.1
1.2.1861.18.9.37.6.7.6.20
1.2.1897.4.2.2.1.2.2.11
1.2.1915.6.3.8.1.5.3
1.2.2103.8.4.23.6.8
1.2.2213.4.2.5.6.15
1.2.2359.2.1.7.3
1.2.2447.2.1
1.2.2471.4.2.9.2.6.5
1.2.2492.18.9.23.2
1.2.2708.10.5.29.3.7.3.7
1.2.2902.4.2.2.1
1.2.2975.8.4.15.6
1.2.3019.10.5.11.1.5.2
1.2.3048.6.3.7
1.2.3079.6.3.7
1.2.3218.4.2.49.1.27.1.4.18
1.2.3250.8.4
1.2.3269.6.3.5.4.9.6
1.2.3291.4.2.7
1.2.3321.14.7.30.3.23.1.6
1.2.3344.10.5.25.5.4.1.29
1.2.3372.2.1
1.2.3459.8.4
1.2.3463.8.4
1.2.3652.2.1
1.2.3659.2.1.2.1
1.2.3695.2.1.1.1
1.2.3742.2.1.3.3.11.1
1.2.3843.4.2.2.1
1.2.3928.4.2.12
1.2.3987.8.4.9.2.12.7
1.2.4153.6.3
1.2.4249.4.2.4.3.5
1.2.4288.6.3.9
1.2.4338.2.1.5.3
1.2.4484.2.1.1.1.3
1.2.4490.2.1.2.1
1.2.4543.2.1.28.8
1.2.4819.14.7.16.5.22.2
1.2.4960.4.2
1.2.5074.2.1.10.5
1.2.5074.2.1.14.1
1.2.5212.4.2.15
1.2.5304.6.3.10.3.7
1.2.5418.2.1.1
1.2.5547.3
1.2.5726.2.1.1.5.6.4
1.2.5877.2.1.19.1.1
1.2.5894.2.1.1.1.9.1.7
1.2.5954.2.1.2.2.5
1.5.100.17.2.1.8.4
1.5.105.15.2.1.2.1
1.5.138.5.2.1.8.2.40.4
1.5.358.8.2.1.1.1
1.5.359.15.2.1.5.4.11
1.5.506.15.2.1.7.1
1.5.520.9.2.1
1.5.574.13.2.1.2.1
1.5.773.9.2.1.7
1.5.908.7.2.1.17.1.28.2.2
1.5.1105.9.2.1.9.3
1.5.1154.7.2.1.8.2.24.9
1.5.1191.14.2.1
1.5.1253.13.2.1.1
1.5.1389.10.2.1
1.5.1459.9.2.1.8.2.4
1.5.1541.5.2.1.12.4.9.5
1.5.1639.6.2.1
1.5.1651.6.2.1.7.2
1.5.1662.17.2.1.4.5.23.4.4.48
1.5.1728.9.2.1.19.2
1.5.1792.8.2.1.5.5.13
1.5.1840.6.2.1.3
1.5.1847.5.2.1.9
1.5.1852.12.2.1
1.5.2002.8.2.1
1.5.2026.10.2.1.7.1.1.1
1.5.2180.7.2.1.8.1
1.5.2186.7.2.1.2.1.2
1.5.2219.8.2.1.16.5.12.1
1.5.2266.12.2.1.2.1.3
1.5.2392.6.2.1.2.15.37.1.12
1.5.2483.9.2.1.3.1.1.1
1.5.2739.13.2.1.1.1.36
1.5.2751.17.2.1.15.1.75.1.15
1.5.2778.12.2.1.11.2
1.5.2928.20.2.1
1.5.3084.7.2.1.21.3.9.2
1.5.3098.9.2.1.5.10.50
1.5.3147.8.2.1.4
1.5.3173.8.2.1.3.4.14
1.5.3206.7.2.1.3.1.5
1.5.3237.10.2.1
1.5.3241.22.2.1
1.5.3265.15.2.1.15.3
1.5.3487.8.2.1.16.4.8.2
1.5.3495.15.2.1.8.2.6.1
1.5.3586.10.2.1
1.5.3660.8.2.1.7.8.13
1.5.3666.8.2.1.7.1.1.1.1
1.5.3815.16.2.1.1.1
1.5.4153.8.2.1.34
1.5.4199.17.2.1
1.5.4263.11.2.1.4.2.11
1.5.4528.8.2.1.2.2
1.5.4543.9.2.1.20.1.22.1.29
1.5.4623.6.2.1.30
1.5.4860.13.2.1.4.2.7
1.5.4925.9.2.1.28
1.5.4990.6.2.1
1.5.5033.11.2.1.9.2.4
1.5.5104.20.2.1
1.5.5248.9.2.1.2.1
1.5.5313.7.2.1.4.1.2.1
1.5.5469.10.2.1.3.1.11.1.8
1.5.5536.20.2.1
1.5.5685.7.2.1.17
1.5.5762.8.2.1.4.2.3.1.6
1.5.5767.15.2.1
1.5.6227.9.2.1.8.1.4.1
1.5.6329.14.2.1
1.5.6349.6.2.1.1
1.5.6369.22.2.1.7.3.5
1.5.6382.13.2.1.25.9.31.7.28
1.5.6391.8.2.1.43.3.8.4
1.5.6496.6.2.1.3
1.5.6501.16.2.1.8.1.5.2
1.5.6554.9.2.1.7.1.3.1.1
1.5.6576.5.2.1.3
1.5.6637.14.2.1.8
1.5.6769.12.2.1
1.5.6847.8.2.1.13.2.21
1.5.6941.20.2.1
1.5.6954.9.2.1.8.1
1.5.6961.9.2.1.3.3.10.2
1.5.7035.11.2.1.2.1.8.2.30
1.5.7096.24.2.1
1.5.7127.7.2.1
1.5.7263.17.2.1.8.4
1.5.7268.15.2.1.2.1
1.5.7494.9.2.1
1.5.7696.13.2.1.2.1
1.5.7900.17.2.1.18
1.5.8054.7.2.1.17.1.28.2.2
1.5.8209.5.2.1.5.1.24.8.21.33
1.5.8271.22.2.1
1.5.8274.8.2.1.11
1.5.8346.14.2.1
1.5.8410.8.2.1.10.2.5
1.5.8523.9.2.1.40.1.2
1.5.8537.8.2.1.1.1.15
1.5.8596.7.2.1.11
1.5.8605.23.2.1.12.4
1.5.8635.9.2.1.3.2
1.5.8644.7.2.1.1.1
1.5.8678.5.2.1.34.6.9.5
1.5.8776.6.2.1
1.5.8788.6.2.1.7.2
1.5.8938.8.2.1.5.5.13
1.5.8988.6.2.1.3
1.5.8995.5.2.1.9
1.5.9000.12.2.1
1.5.9156.7.2.1.2.1.2
1.5.9159.8.2.1
1.5.9341.18.2.1.6.11.10
1.5.9363.6.2.1.9.5
1.5.9419.6.2.1.14.1.4
1.5.9442.11.2.1.3.3
1.5.9536.6.2.1.2.15.37.1.12
1.5.9631.9.2.1.3.1.1.1
1.5.9859.13.2.1.1.1.14
1.5.9874.28.2.1.6.3
1.5.9902.11.2.1.18.2
1.5.10015.8.2.1.14.1.1.1
1.5.10096.14.2.1.17.3.7.1.11
1.5.10220.9.2.1.5.10.39
1.5.10270.8.2.1.13
1.5.10318.16.2.1.10
1.5.10320.13.2.1.11.5.11
1.5.10361.10.2.1
1.5.10365.22.2.1
1.5.10389.15.2.1.15.3
1.5.10599.8.2.1.16.4.8.2
1.5.10607.15.2.1.8.2.6.1
1.5.10689.10.2.1
1.5.10763.8.2.1.7.8.13
1.5.10769.8.2.1.7.1.1.1.1
1.5.10890.12.2.1.1.3
1.5.10964.14.2.1.3.2
1.5.10965.10.2.1.1.1
1.5.11311.11.2.1.4.2.11
1.5.11555.8.2.1.2.2
1.5.11647.6.2.1.30
1.5.11724.6.2.1
1.5.11874.13.2.1.4.2.7
1.5.11998.6.2.1
1.5.12041.11.2.1.9.2.4
1.5.12253.8.2.1.3.1
1.5.12334.7.2.1.4.1.2.1
1.5.12482.10.2.1.3.1.11.1.8
1.5.12548.20.2.1
1.5.12714.9.2.1.6.5
1.5.12732.8.2.1.5.4.9.9
1.5.12771.8.2.1.4.2.3.1.6
1.5.12776.15.2.1
1.5.13259.9.2.1.8.1.4.1
1.5.13411.22.2.1.7.3.5
1.5.13424.13.2.1.25.9.31.7.28
1.5.13433.8.2.1.43.3.8.4
1.5.13542.7.2.1.2.1.1.4.12
1.5.13604.9.2.1.7.1.3.1.1
1.5.13618.10.2.1.4
1.5.13682.14.2.1.8
1.5.13800.12.2.1
1.5.13872.12.2.1.2.1.7.2.8
1.5.13967.20.2.1
1.5.13980.9.2.1.8.1
1.5.13989.8.2.1.10.4.4.3
1.5.14042.9.2.1.5.2.3.4.12
1.5.14045.5.2.1.9.5
1.5.14065.11.2.1.2.1.8.2.30
1.5.14139.34.2.1.1.1
1.5.14167.7.2.1
1.5.14302.7.2.1.4.2
1.5.14339.5.2.1.8.2.11.3
1.5.14548.9.2.1
1.5.14674.6.2.1.7.1.4.1
1.5.14688.14.2.1.16
1.5.14754.13.2.1.2.1
1.5.14952.9.2.1.7
1.5.14967.7.2.1.6.2
1.5.14988.10.2.1.3.8
1.5.15006.6.2.1.7.1
1.5.15071.8.2.1.1.3
1.5.15092.7.2.1.2.3.8
1.5.15388.14.2.1
1.5.15452.8.2.1.10.2.5
1.5.15592.10.2.1
1.5.15660.9.2.1.8.2.4
1.5.15744.5.2.1.34.6.9.5
1.5.15752.9.2.1.5.5
1.5.15856.6.2.1.7.2
1.5.15867.17.2.1.4.5.23.4.4.84
1.5.15947.9.2.1.19.2
1.5.16009.10.2.1.21
1.5.16029.7.2.1.3
1.5.16031.15.2.1.10.3
1.5.16066.5.2.1.9
1.5.16071.12.2.1
1.5.16129.8.2.1.11.1.2.2.37
1.5.16132.7.2.1
1.5.16223.7.2.1.2.1.2
1.5.16226.8.2.1
1.5.16245.10.2.1.7.1.1.1
1.5.16406.23.2.1.4.3.5
1.5.16446.8.2.1.16.5.12.1
1.5.16502.24.2.1.24
1.5.16525.11.2.1.3.3
1.5.16530.8.2.1
1.5.16628.6.2.1.2.15.37.1.12
1.5.16719.10.2.1.1.1.32.5.7
1.5.16961.13.2.1.1.1.36
1.5.16977.28.2.1.6.3
1.5.17121.8.2.1.14.1.1.1
1.5.17202.14.2.1.17.3.7.1.11
1.5.17311.12.2.1.19.7
1.5.17320.19.2.1.3.2.8.1
1.5.17320.19.2.1.5.1
1.5.17334.6.2.1
1.5.17430.15.2.1.8.4.6
1.5.17430.15.2.1.8.4.9
1.5.17481.10.2.1
1.5.17485.22.2.1
1.5.17571.15.2.1
1.5.17740.8.2.1.16.4.8.2
1.5.17748.15.2.1.8.2.6.1
1.5.17866.8.2.1
1.5.17898.11.2.1.6.1.7.3.34
1.5.17903.11.2.1.5
1.5.17941.11.2.1.4.3.5.4
1.5.18112.9.2.1
1.5.18423.17.2.1
1.5.18487.11.2.1.4.2.11
1.5.18755.8.2.1.2.2
1.5.18770.9.2.1.20.1.22.1.29
1.5.18848.6.2.1.30
1.5.18915.9.2.1
1.5.18917.6.2.1
1.5.18945.8.2.1.1.1.2.1.9
1.5.19057.13.2.1.4.2.7
1.5.19184.6.2.1
1.5.19284.8.2.1.1.1
1.5.19502.12.2.1.9.1.3.3
1.5.19506.26.2.1.1.2.8.2.13
1.5.19649.6.2.1.19.5.15
1.5.19713.20.2.1
1.5.20266.6.2.1.5.2.12.2
1.5.20326.14.2.1.2.1.12
1.5.20411.13.2.1
1.5.20516.14.2.1
1.5.20556.22.2.1.7.3.5
1.5.20569.13.2.1.25.9.31.7.28
1.5.20578.8.2.1.43.3.8.4
1.5.20687.7.2.1.2.1.1.4.12
1.5.20754.9.2.1.7.1.3.1.1
1.5.20768.10.2.1.4
1.5.20815.14.2.1.8
1.5.20937.12.2.1
1.5.21014.8.2.1.13.2.21
1.5.21108.20.2.1
1.5.21121.9.2.1.8.1
1.5.21130.8.2.1.10.4.4.3
1.5.21138.6.2.1.6.5
1.5.21155.9.2.1
1.5.21181.7.2.1
1.5.21228.14.2.1.2.2.2
1.5.21243.15.2.1.2.2
1.5.21293.34.2.1.1.1
1.5.21302.7.2.1
1.5.21331.7.2.1
1.5.21464.17.2.1.8.4
1.5.21469.15.2.1.2.1
1.5.21502.5.2.1.8.2.40.4
1.5.21702.8.2.1.1.1
1.5.21703.15.2.1.5.4.11
1.5.21850.15.2.1.7.1
1.5.21864.9.2.1
1.5.21918.13.2.1.2.1
1.5.22097.13.2.1.15.2.2
1.5.22155.6.2.1.7.1
1.5.22220.8.2.1.1.3
1.5.22241.7.2.1.2.3.8
1.5.22395.5.2.1.5.1.24.8.21.15
1.5.22462.22.2.1
1.5.22465.8.2.1.11
1.5.22537.14.2.1
1.5.22714.5.2.1.8.1.2
1.5.22715.7.2.1
1.5.22730.8.2.1.1.1.20
1.5.22783.9.2.1.43.2.4
1.5.22834.7.2.1.9.2.21.9
1.5.22879.5.2.1.12.4.9.5
1.5.22887.9.2.1.5.5
1.5.23136.8.2.1.5.5.13
1.5.23179.9.2.1.6
1.5.23187.5.2.1.9
1.5.23192.12.2.1
1.5.23362.10.2.1.7.1.1.1
1.5.23528.23.2.1.4.3.5
1.5.23568.8.2.1.16.5.12.1
1.5.23617.12.2.1.2.1.3
1.5.23656.7.2.1.13.2
1.5.23720.6.2.1.2.15.37.1.12
1.5.23811.10.2.1.1.1.32.5.7
1.5.24038.13.2.1.1.1.14
1.5.24286.14.2.1.17.3.7.1.11
1.5.24380.8.2.1
1.5.24398.9.2.1.5.10.39
1.5.24426.7.2.1.3.1.2.5
1.5.24449.8.2.1.7
1.5.24476.8.2.1.3.4.14
1.5.24507.15.2.1.8.4.6
1.5.24507.15.2.1.8.4.9
1.5.24558.10.2.1
1.5.24562.22.2.1
1.5.24881.10.2.1
1.5.24929.8.2.1
1.5.24961.11.2.1.6.1.7.3.34
1.5.24966.11.2.1.5
1.5.25168.9.2.1
1.5.25343.33.2.1
1.5.25428.8.2.1.34
1.5.25474.8.2.1.4.1.1.1
1.5.25529.11.2.1.4.2.11
1.5.25642.7.2.1.12.8.23.6
1.5.25798.8.2.1.2.2
1.5.25813.9.2.1.20.1.22.1.29
1.5.25891.6.2.1.30
1.5.26125.7.2.1.4
1.5.26249.6.2.1
1.5.26301.15.2.1.7.1.2.2.2
1.5.26493.9.2.1.2.1
1.5.26557.12.2.1.9.1.3.3
1.5.26561.26.2.1.1.2.8.2.13
1.5.26652.14.2.1.20.2.8.5
1.5.26652.14.2.1.22.4.19.1.25
1.5.26704.6.2.1.19.5.15
1.5.26768.20.2.1
1.5.26915.9.2.1.6.5
1.5.26973.8.2.1.4.2.3.1.6
1.5.26978.15.2.1
1.5.27047.10.2.1.3.3
1.5.27075.8.2.1.6
1.5.27107.8.2.1.5.1.1.1
1.5.27110.11.2.1
1.5.27462.9.2.1.8.1.4.1
1.5.27614.22.2.1.7.3.5
1.5.27627.13.2.1.25.9.31.7.28
1.5.27636.8.2.1.43.3.8.4
1.5.27744.6.2.1.3
1.5.27749.16.2.1.8.1.5.2
1.5.27764.8.2.1.5
1.5.27802.9.2.1.7.1.3.1.1
1.5.27816.10.2.1.4
1.5.27887.14.2.1.8
1.5.28002.12.2.1
1.5.28076.8.2.1.13.2.21
1.5.28166.21.2.1.13.2.4.2
1.5.28187.9.2.1.16.2
1.5.28196.8.2.1.10.4.4.4
1.5.28260.9.2.1.6.6.30.2.3
1.5.28263.5.2.1.10.9
1.5.28283.11.2.1.2.1.8.2.30
1.5.28344.24.2.1
1.5.28375.7.2.1
1.5.28508.17.2.1.8.4
1.5.28513.15.2.1.2.1
1.5.28742.8.2.1.1.1
1.5.28743.15.2.1.5.4.11
1.5.28870.11.2.1.1.1
1.5.28944.13.2.1.2.1
1.5.29142.9.2.1.7
1.5.29194.6.2.1.7.1
1.5.29278.7.2.1.17.1.28.2.2
1.5.29478.9.2.1.9.3
1.5.29570.14.2.1
1.5.29630.14.2.1.3.1.12
1.5.29727.9.2.1
1.5.29749.10.2.1.1.1.1.1.52
1.5.29766.8.2.1
1.5.29838.15.2.1.5.5.10.3.7
1.5.29879.8.2.1.2.2.3.5
1.5.29922.5.2.1.34.6.9.5
1.5.29930.9.2.1.5.5
1.5.30200.10.2.1.21
1.5.30220.7.2.1.3
1.5.30222.15.2.1.10.3
1.5.30257.5.2.1.9
1.5.30262.12.2.1
1.5.30320.8.2.1.11.1.2.2.37
1.5.30323.7.2.1
1.5.30408.8.2.1
1.5.30432.10.2.1.7.1.1.1
1.5.30569.10.2.1.6.1.1.1
1.5.30614.18.2.1.6.11.10
1.5.30636.6.2.1.9.5
1.5.30718.7.2.1.2.2.15.1
1.5.30823.6.2.1.2.15.37.1.12
1.5.30918.9.2.1.3.1.1.1
1.5.31159.13.2.1.1.1.36
1.5.31394.14.2.1.17.3.7.1.11
1.5.31498.8.2.1
1.5.31516.9.2.1.5.10.40
1.5.31568.8.2.1.13
1.5.31594.8.2.1.3.4.14
1.5.31625.15.2.1.8.4.6
1.5.31625.15.2.1.8.4.9
1.5.31677.10.2.1
1.5.31711.15.2.1.15.3
1.5.31762.15.2.1
1.5.31921.8.2.1.16.4.8.2
1.5.31929.15.2.1.8.2.6.1
1.5.32018.10.2.1
1.5.32092.8.2.1.7.8.13
1.5.32098.8.2.1.7.1.1.1.1
1.5.32302.9.2.1
1.5.32480.33.2.1
1.5.32564.8.2.1.13
1.5.32609.8.2.1.3.1.1.1
1.5.32664.11.2.1.4.2.11
1.5.32800.9.2.1
1.5.32927.8.2.1.2.2
1.5.32942.9.2.1.20.1.22.1.29
1.5.33257.7.2.1.12
1.5.33381.6.2.1
1.5.33426.11.2.1.9.2.4
1.5.33626.8.2.1.9.11
1.5.33698.7.2.1.4.1.2.1
1.5.33849.6.2.1.19.5.15
1.5.33913.20.2.1
1.5.34455.6.2.1.13
1.5.34607.9.2.1.8.1.4.1
1.5.34760.6.2.1.6
1.5.34777.10.2.1.24
1.5.34901.7.2.1
1.5.34931.7.2.1.2.1.1.4.12
1.5.34995.9.2.1.7.1.3.1.1
1.5.35009.10.2.1.4
1.5.35080.14.2.1.8
1.5.35208.12.2.1
1.5.35282.8.2.1.13.2.21
1.5.35377.20.2.1
1.5.35390.9.2.1.8.1
1.5.35399.8.2.1.10.4.4.3
1.5.35449.9.2.1.30.10.85.2.3
1.5.35452.5.2.1.34.13
1.5.35484.14.2.1.2.2.2
1.5.35499.15.2.1.2.2
1.5.35549.34.2.1.1.1
1.5.35714.7.2.1.4.2
1.5.35751.5.2.1.8.2.11.3
1.5.35964.8.2.1.1.1
1.5.35965.15.2.1.5.4.11
1.5.36150.13.2.1.2.1
1.5.36334.13.2.1.15.2.2
1.5.36475.7.2.1.17.1.28.2.2
1.5.36758.14.2.1
1.5.36822.8.2.1.10.2.5
1.5.36958.10.2.1
1.5.37028.9.2.1.8.2.4
1.5.37112.5.2.1.34.6.9.5
1.5.37120.9.2.1.5.5
1.5.37260.22.2.1.1.1
1.5.37329.12.2.1
1.5.37359.8.2.1.5.5.13
1.5.37404.5.2.1.9
1.5.37409.12.2.1
1.5.37560.8.2.1
1.5.37584.10.2.1.7.1.1.1
1.5.37759.16.2.1.36.7.13
1.5.37855.7.2.1.2.2.15.1
1.5.37964.6.2.1.2.15.37.1.12
1.5.38055.10.2.1.1.1.32.5.7
1.5.38287.13.2.1.1.1.14
1.5.38317.7.2.1.17
1.5.38435.8.2.1.14.1.1.1
1.5.38516.14.2.1.17.3.7.1.11
1.5.38633.9.2.1.5.10.40
1.5.38661.7.2.1.3.1.2.5
1.5.38684.8.2.1.7
1.5.38711.8.2.1.3.4.14
1.5.38733.16.2.1.10
1.5.38735.13.2.1.11.5.11
1.5.38787.10.2.1
1.5.38791.22.2.1
1.5.38877.15.2.1
1.5.39190.8.2.1.7.8.13
1.5.39196.8.2.1.7.1.1.1.1
1.5.39399.9.2.1
1.5.39577.33.2.1
1.5.39750.11.2.1.4.2.11
1.5.40087.6.2.1.30
1.5.40150.8.2.1.4.1.71.1.17
1.5.40298.6.2.1.7.1.5.5.15
1.5.40361.9.2.1.31
1.5.40671.8.2.1.9.11
1.5.40743.7.2.1.4.1.2.1
1.5.40898.10.2.1.3.1.11.1.8
1.5.40959.20.2.1
1.5.41126.9.2.1.6.5
1.5.41252.10.2.1.3.3
1.5.41280.8.2.1.6
1.5.41650.9.2.1.8.1.4.1
1.5.41803.6.2.1.6
1.5.41820.10.2.1.24
1.5.41944.7.2.1
1.5.41974.7.2.1.2.1.1.4.12
1.5.42043.9.2.1.7.1.3.1.1
1.5.42065.5.2.1.3
1.5.42121.12.2.1.9.6.18
1.5.42228.12.2.1
1.5.42298.12.2.1.2.1.7.2.8
1.5.42391.20.2.1
1.5.42404.9.2.1.8.1
1.5.42413.8.2.1.10.4.4.3
1.5.42431.10.2.1.3.2
1.5.42448.9.2.1
1.5.42474.7.2.1
1.5.42482.7.2.1.35.2.10.1
1.5.42515.11.2.1.2.1.8.2.30
1.5.42582.24.2.1
1.5.42617.7.2.1
1.5.42762.17.2.1.8.4
1.5.42767.15.2.1.2.1
1.5.42800.5.2.1.8.2.40.4
1.5.43147.6.2.1.7.1.4.1
1.5.43161.14.2.1.16
1.5.43225.13.2.1.2.1
1.5.43415.13.2.1.8.2.2
1.5.43457.10.2.1.3.8
1.5.43558.7.2.1.17.1.28.2.2
1.5.43713.5.2.1.5.1.24.8.21.16
1.5.43780.22.2.1
1.5.43783.8.2.1.11
1.5.43856.14.2.1
1.5.43920.7.2.1.1.1.4.1.22
1.5.44016.9.2.1
1.5.44056.10.2.1
1.5.44114.14.2.1.44.2.7
1.5.44159.7.2.1.9.2.21.9
1.5.44204.5.2.1.33.6.9.5
1.5.44314.6.2.1.7.2
1.5.44415.9.2.1.19.2
1.5.44480.8.2.1.5.5.13
1.5.44528.6.2.1.3
1.5.44693.7.2.1.2.1.2
1.5.44696.8.2.1
1.5.44842.10.2.1.6.1.1.1
1.5.44871.16.2.1.20.5.11
1.5.44910.8.2.1.16.5.12.1
1.5.44996.7.2.1.13.2
1.5.45064.6.2.1.2.15.37.1.12
1.5.45159.9.2.1.3.1.1.1
1.5.45387.13.2.1.1.1.36
1.5.45403.28.2.1.6.3
1.5.45592.20.2.1
1.5.45741.7.2.1.21.3.9.2
1.5.45755.9.2.1.5.10.50
1.5.45804.8.2.1.4
1.5.45830.8.2.1.3.4.14
1.5.45861.15.2.1.8.4.6
1.5.45861.15.2.1.8.4.9
1.5.45944.15.2.1.15.3
1.5.46099.6.2.1
1.5.46240.10.2.1
1.5.46288.8.2.1
1.5.46320.11.2.1.6.1.7.3.34
1.5.46325.11.2.1.5
1.5.46476.16.2.1.1.1
1.5.46536.9.2.1
1.5.46623.19.2.1.14
1.5.46637.17.2.1.5.1
1.5.46722.33.2.1
1.5.46816.18.2.1.14
1.5.46936.11.2.1.4.2.11
1.5.47178.8.2.1.2.2
1.5.47193.9.2.1.20.1.22.1.31
1.5.47382.8.2.1.1.1.2.1.8
1.5.47491.6.2.1.7.1.5.5.15
1.5.47614.6.2.1
1.5.47657.11.2.1.9.2.4
1.5.47726.20.2.1
1.5.47943.7.2.1.4.1.2.1
1.5.48098.10.2.1.3.1.11.1.8
1.5.48159.20.2.1
1.5.48367.11.2.1.3.2.36
1.5.48385.8.2.1.12.6
1.5.48841.13.2.1
1.5.48996.22.2.1.7.3.5
1.5.49009.13.2.1.25.9.31.7.28
1.5.49145.6.2.1.3
1.5.49150.16.2.1.8.1.5.2
1.5.49165.8.2.1.5
1.5.49203.9.2.1.7.1.3.1.1
1.5.49217.10.2.1.4
1.5.49276.14.2.1.8
1.5.49389.12.2.1
1.5.49462.8.2.1.13.2.21
1.5.49485.8.2.1
1.5.49564.20.2.1
1.5.49577.9.2.1.8.1
1.5.49586.8.2.1.10.4.4.3
1.5.49594.6.2.1.6.5
1.5.49611.9.2.1
1.5.49639.7.2.1.5.2.6.1
1.5.49672.11.2.1.2.1.8.2.30
1.5.49746.34.2.1.1.1
1.5.49755.7.2.1
1.5.49784.7.2.1
1.5.49920.17.2.1.8.4
1.5.49925.15.2.1.2.1
1.5.49958.5.2.1.8.2.40.4
1.5.50158.8.2.1.1.1
1.5.50159.15.2.1.5.4.11
1.5.50309.11.2.1.1.1
1.5.50385.13.2.1.2.1
1.5.50584.9.2.1.7
1.5.50719.7.2.1.17.1.28.2.2
1.5.50997.14.2.1
1.5.51057.14.2.1.3.1.12
1.5.51154.9.2.1
1.5.51191.8.2.1.1.1.15
1.5.51244.9.2.1.43.2.4
1.5.51300.8.2.1.12.1.8.1
1.5.51336.5.2.1.34.6.9.5
1.5.51524.22.2.1.1.1
1.5.51603.10.2.1.21
1.5.51623.7.2.1.3
1.5.51625.15.2.1.10.3
1.5.51665.6.2.1.3
1.5.51672.5.2.1.9
1.5.51677.12.2.1
1.5.51735.8.2.1.11.1.2.2.37
1.5.51738.7.2.1
1.5.51829.7.2.1.2.1.2
1.5.51832.8.2.1
1.5.51851.10.2.1.7.1.1.1
1.5.51958.10.2.1.14.2.7.6
1.5.52013.16.2.1.36.7.13
1.5.52052.8.2.1.16.5.12.1
1.5.52115.7.2.1.2.2.15.1
1.5.52220.6.2.1.2.15.37.1.12
1.5.52318.9.2.1.3.1.1.1
1.5.52498.9.2.1.6.4.12
1.5.52562.13.2.1.1.1.36
1.5.52725.8.2.1.14.1.1.1
1.5.52806.14.2.1.17.3.7.1.11
1.5.52922.12.2.1.19.7
1.5.52931.19.2.1.3.2.8.1
1.5.52931.19.2.1.5.1
1.5.52945.6.2.1
1.5.52960.7.2.1
1.5.52988.8.2.1.33
1.5.53012.8.2.1.3.4.9
1.5.53043.15.2.1.8.4.6
1.5.53043.15.2.1.8.4.9
1.5.53078.10.2.1
1.5.53082.22.2.1
1.5.53316.8.2.1.16.4.8.2
1.5.53324.15.2.1.8.2.6.1
1.5.53476.8.2.1.7.8.13
1.5.53482.8.2.1.7.1.1.1.1
1.5.53690.9.2.1
1.5.53968.18.2.1.14
1.5.54063.11.2.1.4.2.11
1.5.54191.9.2.1
1.5.54415.6.2.1.30
1.5.54495.6.2.1
1.5.54522.8.2.1.1.1.2.1.8
1.5.54641.7.2.1.12
1.5.54704.11.2.1.1.2.5.5.18
1.5.54811.11.2.1.9.2.4
1.5.55095.7.2.1.4.1.2.1
1.5.55240.6.2.1.19.5.15
1.5.55457.9.2.1.6.5
1.5.55475.8.2.1.5.4.9.9
1.5.55514.8.2.1.4.2.3.1.6
1.5.55519.15.2.1
1.5.55586.10.2.1.3.3
1.5.55646.8.2.1.5.1.1.1
1.5.55649.11.2.1
1.5.55990.9.2.1.8.1.4.1
1.5.56142.22.2.1.7.3.5
1.5.56155.13.2.1.25.9.31.7.28
1.5.56164.8.2.1.43.3.8.4
1.5.56269.6.2.1.3
1.5.56274.16.2.1.8.1.5.2
1.5.56323.9.2.1.7.1.3.1.1
1.5.56345.5.2.1.3
1.5.56406.14.2.1.8
1.5.56520.12.2.1
1.5.56594.8.2.1.13.2.21
1.5.56689.20.2.1
1.5.56702.9.2.1.8.1
1.5.56711.8.2.1.10.4.4.3
1.5.56769.7.2.1
1.5.56809.11.2.1.2.1.8.2.30
1.5.56873.34.2.1.1.1
1.5.56882.7.2.1
1.5.56911.7.2.1
1.5.57044.17.2.1.8.4
1.5.57049.15.2.1.2.1
1.5.57082.5.2.1.8.2.40.4
1.5.57296.8.2.1.1.1
1.5.57297.15.2.1.5.4.11
1.5.57413.6.2.1.7.1.4.1
1.5.57427.14.2.1.16
1.5.57490.13.2.1.2.1
1.5.57679.17.2.1.18
1.5.57729.6.2.1.7.1
1.5.57794.8.2.1.1.3
1.5.57815.7.2.1.2.3.8
1.5.58104.14.2.1
1.5.58168.7.2.1.1.1.4.1.22
1.5.58264.9.2.1
1.5.58301.8.2.1.1.1.15
1.5.58366.9.2.1.8.2.4
1.5.58557.6.2.1
1.5.58569.6.2.1.7.2
1.5.58670.9.2.1.19.2
1.5.58732.10.2.1.21
1.5.58752.7.2.1.3
1.5.58754.15.2.1.10.3
1.5.58787.9.2.1.6
1.5.58948.8.2.1
1.5.58972.10.2.1.7.1.1.1
1.5.59109.10.2.1.6.1.1.1
1.5.59131.7.2.1.8.1
1.5.59137.7.2.1.2.1.2
1.5.59170.8.2.1.16.5.12.1
1.5.59352.6.2.1.2.15.37.1.12
1.5.59443.10.2.1.1.1.32.5.7
1.5.59632.9.2.1.6.4.12
1.5.59696.13.2.1.1.1.36
1.5.59708.17.2.1.15.1.75.1.15
1.5.59853.8.2.1.14.1.1.1
1.5.59934.14.2.1.17.3.7.1.11
1.5.60037.7.2.1.21.3.9.2
1.5.60051.9.2.1.5.10.49
1.5.60100.8.2.1.4
1.5.60126.8.2.1.3.4.14
1.5.60157.15.2.1.8.4.6
1.5.60157.15.2.1.8.4.9
1.5.60234.15.2.1.15.3
1.5.60531.10.2.1
1.5.60579.8.2.1
1.5.60611.11.2.1.6.1.7.3.34
1.5.60616.11.2.1.5
1.5.60665.11.2.1.4.3.5.4
1.5.60802.6.2.1
1.5.60838.9.2.1
1.5.61090.8.2.1.34
1.5.61136.8.2.1.4.1.1.1
1.5.61191.11.2.1.4.2.11
1.5.61517.6.2.1.30
1.5.61590.8.2.1.4.1.71.1.17
1.5.61750.7.2.1.6
1.5.61879.6.2.1
1.5.61931.15.2.1.7.1.2.2.2
1.5.61988.20.2.1
1.5.62210.7.2.1.4.1.2.1
1.5.62362.6.2.1.19.5.15
1.5.62422.20.2.1
1.5.62951.9.2.1.21.2
1.5.63142.9.2.1.8.1.4.1
1.5.63274.6.2.1.1
1.5.63295.6.2.1.6
1.5.63312.10.2.1.24
1.5.63436.7.2.1
1.5.63466.7.2.1.2.1.1.4.12
1.5.63528.9.2.1.7.1.3.1.1
1.5.63542.10.2.1.4
1.5.63608.12.2.1.9.6.18
1.5.63727.12.2.1
1.5.63800.8.2.1.13.2.21
1.5.63823.8.2.1
1.5.63901.20.2.1
1.5.63914.9.2.1.8.1
1.5.63923.8.2.1.10.4.4.3
1.5.63931.6.2.1.6.5
1.5.63948.9.2.1
1.5.63974.7.2.1
1.5.64023.14.2.1.2.2.2
1.5.64038.15.2.1.2.2
1.5.64075.24.2.1
1.5.64106.7.2.1
1.5.64251.17.2.1.8.4
1.5.64256.15.2.1.2.1
1.5.64290.5.2.1.8.2.11.3
1.5.64641.6.2.1.7.1.4.1
1.5.64655.14.2.1.16
1.5.64719.13.2.1.2.1
1.5.64912.9.2.1.7
1.5.64927.7.2.1.6.2
1.5.65040.7.2.1.17.1.28.2.2
1.5.65253.9.2.1.9.3
1.5.65345.14.2.1
1.5.65405.14.2.1.3.1.12
1.5.65553.10.2.1
1.5.65625.7.2.1.11
1.5.65672.7.2.1.26.5
1.5.65709.5.2.1.34.6.9.5
1.5.65717.9.2.1.5.5
1.5.65835.6.2.1.7.2
1.5.65902.22.2.1.1.1
1.5.65928.9.2.1.19.2
1.5.65988.8.2.1.5.5.13
1.5.66036.6.2.1.3
1.5.66043.5.2.1.9
1.5.66048.12.2.1
1.5.66106.8.2.1.11.1.2.2.37
1.5.66109.7.2.1
1.5.66194.8.2.1
1.5.66218.10.2.1.7.1.1.1
1.5.66325.10.2.1.14.2.7.6
1.5.66366.7.2.1.8.1
1.5.66406.8.2.1.16.5.12.1
1.5.66503.7.2.1.13.2
1.5.66567.6.2.1.2.15.37.1.12
1.5.66662.9.2.1.3.1.1.1
1.5.66903.13.2.1.1.1.36
1.5.66915.17.2.1.15.1.75.1.15
1.5.67208.6.2.1
1.5.67255.7.2.1.21.3.9.2
1.5.67269.9.2.1.5.10.50
1.5.67297.7.2.1.3.1.2.5
1.5.67320.8.2.1.7
1.5.67347.8.2.1.3.4.14
1.5.67378.15.2.1.8.4.6
1.5.67378.15.2.1.8.4.9
1.5.67430.10.2.1
1.5.67464.15.2.1.15.3
1.5.67620.6.2.1
1.5.67748.6.2.1.1.1
1.5.67836.8.2.1.7.8.13
1.5.67842.8.2.1.7.1.1.1.1
1.5.67877.11.2.1.4.3.5.4
1.5.67987.16.2.1.1.1
1.5.68143.19.2.1.14
1.5.68157.17.2.1.5.1
1.5.68239.33.2.1
1.5.68333.18.2.1.14
1.5.68438.11.2.1.4.2.11
1.5.68559.9.2.1
1.5.68680.11.2.1.11.3.22
1.5.68755.6.2.1.30
1.5.68818.8.2.1.4.1.71.1.17
1.5.68971.7.2.1.12
1.5.69093.6.2.1
1.5.69136.11.2.1.9.2.4
1.5.69207.20.2.1
1.5.69352.9.2.1.2.1
1.5.69417.7.2.1.4.1.2.1
1.5.69511.14.2.1.20.2.8.5
1.5.69511.14.2.1.22.4.19.1.25
1.5.69567.10.2.1.3.1.11.1.8
1.5.69623.20.2.1
1.5.69839.8.2.1.4.2.3.1.6
1.5.69844.15.2.1
1.5.69951.8.2.1.6
1.5.70174.11.2.1.6.3.22.1
1.5.70326.9.2.1.8.1.4.1
1.5.70458.6.2.1.1
1.5.70479.6.2.1.6
1.5.70496.10.2.1.24
1.5.70620.7.2.1
1.5.70652.6.2.1.3
1.5.70657.16.2.1.8.1.5.2
1.5.70705.9.2.1.7.1.3.1.1
1.5.70719.10.2.1.4
1.5.70780.14.2.1.8
1.5.70895.12.2.1
1.5.70971.8.2.1.13.2.21
1.5.71073.20.2.1
1.5.71086.9.2.1.8.1
1.5.71095.8.2.1.10.4.4.3
1.5.71103.6.2.1.6.5
1.5.71120.9.2.1
1.5.71146.7.2.1
1.5.71186.7.2.1.8.4.5.3.43
1.5.71249.34.2.1.1.1
1.5.71277.7.2.1
1.5.71413.17.2.1.8.4
1.5.71418.15.2.1.2.1
1.5.71451.5.2.1.8.2.39.4
1.5.71646.9.2.1
1.5.71806.11.2.1.1.1
1.5.71882.13.2.1.2.1
1.6.77.8.2.1.8.3.8
1.6.99.8.2.1.18.3
1.6.237.8.2.1
1.6.264.8.2.1.38.5.9.1.5
1.6.438.8.2.1.4.2.8.5.8.34
1.6.469.8.2.1.7.3
1.6.586.8.2.1.10.5
1.6.657.8.2.1.18.1.3
1.6.787.8.2.1.4.1.4
1.6.806.8.2.1
1.6.872.8.2.1.8.2.1
1.6.880.8.2.1.3
1.6.962.8.2.1.9.5
1.6.992.8.2.1.20.4
1.6.1119.8.2.1.4.2.20.3.34.15
1.6.1176.8.2.1
1.6.1238.8.2.1.16.11
1.6.1258.8.2.1.35.5.23
1.6.1274.8.2.1.19.2
1.6.1328.8.2.1.7.5.9.2.24
1.6.1401.8.2.1.21
1.6.1497.8.2.1.1.1.2.3
1.6.1635.8.2.1.2.1.1.1
1.6.1672.8.2.1
1.6.1682.8.2.1.16.3.5.1.4
1.6.1771.8.2.1.9.2.28
1.6.1780.8.2.1
1.6.1811.8.2.1.36.1
1.6.1952.8.2.1.3.1
1.6.2057.8.2.1.3.3
1.6.2344.8.2.1.8
1.6.2493.8.2.1
1.6.2563.8.2.1.13.2.22.3
1.6.2602.8.2.1.14
1.6.2736.8.2.1.4.1.2.1.4.57
1.6.2755.8.2.1
1.6.2756.8.2.1.5.1
1.6.2821.8.2.1.2.2.8
1.6.2841.8.2.1.41.6.41.1
1.6.2848.8.2.1.11.3.2.4
1.6.2877.8.2.1.25
1.6.3168.8.2.1.4.2
1.6.3355.8.2.1.2.2
1.6.3380.8.2.1.2
1.6.3393.8.2.1.14.3.6
1.6.3397.8.2.1.2.5.10.2
1.6.3619.8.2.1.2.1
1.6.3791.8.2.1.9
1.6.3988.8.2.1.17
1.6.4030.8.2.1.7.5
1.6.4407.8.2.1.11.1.3.2
1.6.4484.8.2.1.14.3.6
1.6.4575.8.2.1.16.4.8
1.6.4575.8.2.1.18.6
1.6.4699.8.2.1.7.3.14.2.11
1.6.4776.8.2.1.18
1.6.4896.8.2.1.10.5.7.6
1.6.4922.8.2.1.9.6.7
1.6.5107.8.2.1
1.6.5131.8.2.1.13.1.3.2
1.6.5142.8.2.1
1.6.5152.8.2.1
1.6.5335.8.2.1.33.1
1.6.5348.8.2.1.6
1.6.5413.8.2.1.5
1.6.5684.8.2.1.8.6
1.6.5723.8.2.1.16.2.5.2.7
1.6.5897.8.2.1.4.3
1.6.6083.8.2.1
1.6.6162.8.2.1.11.8.31
1.6.6247.8.2.1.26.3
1.6.6425.8.2.1.24.9.9
1.6.6446.8.2.1.7
1.6.6469.8.2.1.6.5.5.4
1.6.6605.8.2.1.4
1.6.6680.8.2.1.1
1.6.6691.8.2.1.7
1.6.6740.8.2.1.4
1.6.6837.8.2.1
1.6.6967.8.2.1.14.1.5
1.6.7020.8.2.1
1.6.7082.8.2.1
1.6.7190.8.2.1
1.6.7218.8.2.1.6.1.2.1.5
1.6.7222.8.2.1.8.3
1.6.7266.8.2.1.19.1
1.6.7425.8.2.1
1.6.7563.8.2.1
1.6.7647.8.2.1.2.1
1.6.7751.8.2.1.5.2.7
1.6.8004.8.2.1
1.6.8057.8.2.1.9.5
1.6.8111.8.2.1.5.2.7
1.6.8213.8.2.1
1.6.8232.8.2.1.5.5.12.2.3
1.6.8257.8.2.1.4.3
1.6.8258.8.2.1.2.1
1.6.8382.8.2.1
1.6.8409.8.2.1.38.5.9.1.5
1.6.8629.8.2.1.15.8
1.6.8653.8.2.1
1.6.8749.8.2.1
1.6.8899.8.2.1.6.1.29
1.6.8959.8.2.1.18
1.6.8978.8.2.1.4.2.8.1
1.6.8978.8.2.1.6.1
1.6.8980.8.2.1.11.5
1.6.9060.8.2.1.84.1.3
1.6.9110.8.2.1
1.6.9132.8.2.1.9.5
1.6.9162.8.2.1.20.4
1.6.9293.8.2.1.2.1.2.2
1.6.9405.8.2.1.3.3.7.1
1.6.9435.8.2.1.16.11
1.6.9453.8.2.1
1.6.9470.8.2.1.10.6
1.6.9516.8.2.1.7.5.9.2.24
1.6.9607.8.2.1.8.1.1
1.6.9706.8.2.1.1.1.2.3
1.6.9856.8.2.1.2.1.1.1
1.6.9893.8.2.1
1.6.10021.8.2.1
1.6.10052.8.2.1.36.1
1.6.10290.8.2.1.3.3
1.6.10490.8.2.1.7
1.6.10573.8.2.1.8
1.6.10723.8.2.1
1.6.10794.8.2.1.13.11.22.3
1.6.10833.8.2.1.14
1.6.10976.8.2.1.4.1.2.1.4.34
1.6.10995.8.2.1
1.6.10996.8.2.1.5.1
1.6.11075.8.2.1.41.6.41.1
1.6.11082.8.2.1.11.3.2.4
1.6.11109.8.2.1.3.1.1
1.6.11111.8.2.1.4
1.6.11116.8.2.1.1.1.14.2.8
1.6.11160.8.2.1.9.6.21.8
1.6.11397.8.2.1.4.2
1.6.11463.8.2.1
1.6.11619.8.2.1.2
1.6.11632.8.2.1.14.3.6
1.6.11636.8.2.1.2.5.10.2
1.6.11688.8.2.1
1.6.12007.8.2.1.9
1.6.12200.8.2.1.7.2.7.1.4
1.6.12211.8.2.1.10
1.6.12264.8.2.1.7.1
1.6.12352.8.2.1
1.6.12445.8.2.1
1.6.12632.8.2.1.11.1.3.2
1.6.12693.8.2.1.14.7.34.4
1.6.12737.8.2.1
1.6.12811.8.2.1.16.4.8
1.6.12811.8.2.1.18.6
1.6.12935.8.2.1.7.3.14.2.11
1.6.13011.8.2.1.7.4.9.3.17
1.6.13137.8.2.1.10.5.7.6
1.6.13163.8.2.1.9.6.7
1.6.13346.8.2.1
1.6.13389.8.2.1.15.9
1.6.13559.8.2.1.33.1
1.6.13572.8.2.1.6
1.6.13637.8.2.1.5.4.1.1.5
1.6.13887.8.2.1.8.6
1.6.13954.8.2.1.7.1
1.6.14056.8.2.1.2.1.8
1.6.14097.8.2.1.4.3
1.6.14453.8.2.1.26.3
1.6.14614.8.2.1.1.1
1.6.14630.8.2.1
1.6.14645.8.2.1.2.1.1
1.6.14666.8.2.1.7
1.6.14801.8.2.1.6.2.11.1.9
1.6.14835.8.2.1
1.6.14844.8.2.1
1.6.14864.8.2.1
1.6.14924.8.2.1.1
1.6.14935.8.2.1.7
1.6.14988.8.2.1.8.2.9.1.22
1.6.15118.8.2.1.5.3
1.6.15203.8.2.1.3.3.4
1.6.15421.8.2.1
1.6.15449.8.2.1.6.1.2.1.5
1.6.15453.8.2.1.8.3
1.6.15497.8.2.1.19.1
1.6.15623.8.2.1.1
1.6.15658.8.2.1
1.6.15874.8.2.1
1.6.16157.8.2.1.13.2
1.6.16157.8.2.1.14.1.3.1.27
1.6.16233.8.2.1
1.6.16278.8.2.1.3.3.27
1.6.16337.8.2.1.5.2.7
1.6.16453.8.2.1.12.1.36
1.6.16610.8.2.1
1.6.16637.8.2.1.38.5.9.1.5
1.6.16867.8.2.1.15.8
1.6.16891.8.2.1
1.6.16989.8.2.1
1.6.17050.8.2.1.6
1.6.17172.8.2.1.24
1.6.17191.8.2.1.4.2.8.1
1.6.17191.8.2.1.6.1
1.6.17193.8.2.1.11.5
1.6.17257.8.2.1.13.5.18.11.44
1.6.17317.8.2.1
1.6.17373.8.2.1.1.1
1.6.17380.8.2.1
1.6.17381.8.2.1.7.4
1.6.17498.8.2.1.2.1.2.2
1.6.17610.8.2.1.3.3.7.1
1.6.17640.8.2.1.16.11
1.6.17673.8.2.1.10.2
1.6.17733.8.2.1.7.5.9.2.22
1.6.17741.8.2.1.18.3
1.6.17818.8.2.1.17.4.9.4.11
1.6.17825.8.2.1.1.1.1.1.23
1.6.17825.8.2.1.3.1
1.6.17929.8.2.1.1.1.2.3
1.6.18079.8.2.1.2.1.1.1
1.6.18112.8.2.1
1.6.18119.8.2.1.17.3.5.1.4
1.6.18207.8.2.1.2.8
1.6.18224.8.2.1
1.6.18242.8.2.1.7.3.3.3.27
1.6.18242.8.2.1.7.3.4.4.28
1.6.18246.8.2.1
1.6.18265.8.2.1.6.2.4.3
1.6.18448.8.2.1
1.6.18487.8.2.1.3.3
1.6.18706.8.2.1.7
1.6.18789.8.2.1.8
1.6.18944.8.2.1
1.6.19068.8.2.1.10.3.2.2.23
1.6.19204.8.2.1.4.1.2.1.4.31
1.6.19223.8.2.1
1.6.19224.8.2.1.5.1
1.6.19307.8.2.1.41.6.41.1
1.6.19314.8.2.1.11.3.2.4
1.6.19343.8.2.1.3.1.1
1.6.19345.8.2.1.4
1.6.19350.8.2.1.1.1.14.2.8
1.6.19362.8.2.1.13.13.24.8
1.6.19380.8.2.1.5.1
1.6.19598.8.2.1.9.1.2.1.9
1.6.19683.8.2.1
1.6.19839.8.2.1.2
1.6.19852.8.2.1.14.3.6
1.6.19856.8.2.1.2.5.10.2
1.6.19925.8.2.1.5.2.7
1.6.19988.8.2.1
1.6.20021.8.2.1.2.1
1.6.20193.8.2.1.9
1.6.20377.8.2.1.7.2.7.1.4
1.6.20388.8.2.1.10
1.6.20493.8.2.1.29.5.10
1.6.20529.8.2.1
1.6.20574.8.2.1.4.1
1.6.20729.8.2.1.17.4
1.6.20803.8.2.1.18
1.6.20911.8.2.1.14.3.6
1.6.21002.8.2.1.15.4.8
1.6.21002.8.2.1.17.6
1.6.21209.8.2.1.18
1.6.21313.8.2.1.10.5.7.6
1.6.21339.8.2.1.9.6.7
1.6.21533.8.2.1
1.6.21563.8.2.1.9.1
1.6.21743.8.2.1.33.1
1.6.21756.8.2.1.6
1.6.21821.8.2.1.5
1.6.22069.8.2.1.8.6
1.6.22136.8.2.1.7.1
1.6.22200.8.2.1.10.2
1.6.22237.8.2.1.6.1.1
1.6.22242.8.2.1.10.4.10
1.6.22281.8.2.1.4.3
1.6.22557.8.2.1.5.2.5
1.6.22585.8.2.1
1.6.22649.8.2.1.26.3
1.6.22825.8.2.1.24.9.9
1.6.22846.8.2.1.7
1.6.22857.8.2.1
1.6.23010.8.2.1.4
1.6.23043.8.2.1
1.6.23103.8.2.1.1
1.6.23114.8.2.1.7
1.6.23168.8.2.1.4
1.6.23248.8.2.1
1.6.23358.8.2.1.3.3.4
1.6.23474.8.2.1
1.6.23579.8.2.1
1.6.23603.8.2.1.6.1.3
1.6.23661.8.2.1.11.1
1.6.23692.8.2.1.14.3.10.4
1.6.23736.8.2.1.21.1
1.6.23864.8.2.1.15.4
1.6.23870.8.2.1.2.2
1.6.24056.8.2.1.2.1
1.6.24240.8.2.1.4.1
1.6.24412.8.2.1
1.6.24457.8.2.1.3.3.27
1.6.24518.8.2.1.5.2.27
1.6.24664.8.2.1.8.3.8
1.6.24686.8.2.1.4.2
1.6.24821.8.2.1
1.6.24848.8.2.1.38.5.9.1.5
1.6.24948.8.2.1.4.3
1.6.25010.8.2.1.4.2.8.5.8.4
1.6.25041.8.2.1.7.3
1.6.25159.8.2.1
1.6.25302.8.2.1.6.1.29
1.6.25358.8.2.1.4.1.4
1.6.25377.8.2.1
1.6.25446.8.2.1.2.1.19.2.4
1.6.25503.8.2.1
1.6.25555.8.2.1.25.4
1.6.25674.8.2.1.2.1.2.2
1.6.25844.8.2.1
1.6.25853.8.2.1.6.3
1.6.25899.8.2.1.7.5.9.2.24
1.6.25982.8.2.1.17.4.9.4.11
1.6.25989.8.2.1.1.1.1.1.23
1.6.25989.8.2.1.3.1
1.6.26029.8.2.1.50.12
1.6.26098.8.2.1.1.1.2.3
1.6.26248.8.2.1.2.1.1.1
1.6.26285.8.2.1
1.6.26295.8.2.1.16.3.5.1.4
1.6.26382.8.2.1.7.2
1.6.26387.8.2.1.23.1.13
1.6.26399.8.2.1
1.6.26417.8.2.1.7.3.3.3.27
1.6.26417.8.2.1.7.3.4.4.28
1.6.26421.8.2.1
1.6.26440.8.2.1.6.2.4.3
1.6.26556.8.2.1.3.1
1.6.26661.8.2.1.3.3
1.6.26687.8.2.1.5.1.4.1
1.6.26944.8.2.1.4.4
1.6.27246.8.2.1.10.3.2.2.23
1.6.27381.8.2.1.4.1.2.1.4.31
1.6.27400.8.2.1
1.6.27401.8.2.1.5.1
1.6.27484.8.2.1.41.6.41.1
1.6.27491.8.2.1.11.3.2.4
1.6.27520.8.2.1.3.1.1
1.6.27522.8.2.1.4
1.6.27527.8.2.1.1.1.14.2.8
1.6.27564.8.2.1.11.3
1.6.27716.8.2.1.23.3
1.6.27811.8.2.1.13.2
1.6.27850.8.2.1.18.5.23.1
1.6.27943.8.2.1
1.6.28040.8.2.1.2
1.6.28053.8.2.1.14.3.6
1.6.28057.8.2.1.2.5.10.2
1.6.28455.8.2.1.9
1.6.28651.8.2.1.17
1.6.28706.8.2.1.5.5
1.6.28812.8.2.1
1.6.28907.8.2.1
1.6.29004.8.2.1.17.4
1.6.29166.8.2.1.14.1.6
1.6.29289.8.2.1.19.1.8
1.6.29437.8.2.1.11.7.17.7.42
1.6.29518.8.2.1.13.4.13
1.6.29625.8.2.1.10.5.7.6
1.6.29651.8.2.1.9.6.7
1.6.29841.8.2.1
1.6.29871.8.2.1.9.1
1.6.30052.8.2.1.33.1
1.6.30065.8.2.1.6
1.6.30130.8.2.1.5.4.1.1.5
1.6.30247.8.2.1
1.6.30341.8.2.1.2.1.6
1.6.30378.8.2.1.8.6
1.6.30418.8.2.1.6.2.7
1.6.30441.8.2.1.7.1
1.6.30532.8.2.1.2.1.8
1.6.30573.8.2.1.4.3
1.6.30843.8.2.1.11.8.31
1.6.31084.8.2.1.1.1
1.6.31100.8.2.1
1.6.31115.8.2.1.2.1.1
1.6.31136.8.2.1.7
1.6.31147.8.2.1
1.6.31211.8.2.1
1.6.31299.8.2.1.31.8.19.6.8
1.6.31373.8.2.1.7.6.12.6.18
1.6.31383.8.2.1.7
1.6.31400.8.2.1.38.1
1.6.31429.8.2.1.4
1.6.31471.8.2.1
1.6.31523.8.2.1
1.6.31657.8.2.1.3.3.4
1.6.31858.8.2.1
1.6.31890.8.2.1.7.4.10
1.6.31931.8.2.1.11.1
1.6.31962.8.2.1.14.3.10.4
1.6.32099.8.2.1
1.6.32237.8.2.1
1.6.32321.8.2.1.2.1
1.6.32502.8.2.1.29.5.10.3
1.6.32609.8.2.1.13.2
1.6.32609.8.2.1.14.1.3.1.22
1.6.32727.8.2.1.3.3.27
1.6.32786.8.2.1.5.2.7
1.6.32897.8.2.1.8.3.8
1.6.32920.8.2.1.2.2.4
1.6.33048.8.2.1
1.6.33075.8.2.1.38.5.9.1.5
1.6.33293.8.2.1.15.8
1.6.33317.8.2.1
1.6.33413.8.2.1
1.6.33563.8.2.1.6.1.29
1.6.33619.8.2.1.4.1.4
1.6.33638.8.2.1
1.6.33698.8.2.1.13.5.18.11.33
1.6.33812.8.2.1.22.6
1.6.33995.8.2.1
1.6.34037.8.2.1.3.3.7.1
1.6.34069.8.2.1.16.11
1.6.34102.8.2.1.10.2
1.6.34162.8.2.1.7.5.9.2.22
1.6.34235.8.2.1.21
1.6.34334.8.2.1.1.1.2.3
1.6.34484.8.2.1.2.1.1.1
1.6.34521.8.2.1
1.6.34528.8.2.1.17.3.5.1.4
1.6.34609.8.2.1.15.12
1.6.34614.8.2.1.2.4.21.2.6
1.6.34625.8.2.1
1.6.34643.8.2.1.7.3.3.3.27
1.6.34643.8.2.1.7.3.4.4.28
1.6.34647.8.2.1
1.6.34666.8.2.1.6.2.4.3
1.6.34832.8.2.1
1.6.34865.8.2.1.20.6.13.7.8.44
1.6.35162.8.2.1.8
1.6.35180.8.2.1.27.11
1.6.35315.8.2.1
1.6.35439.8.2.1.10.3.2.2.23
1.6.35576.8.2.1.1.3
1.6.35594.8.2.1
1.6.35595.8.2.1.5.1
1.6.35653.8.2.1.9.2.4
1.6.35683.8.2.1.4
1.6.35694.8.2.1.11.3.2.4
1.6.35721.8.2.1.3.1.1
1.6.35723.8.2.1.4
1.6.35728.8.2.1.1.1.14.2.8
1.6.35766.8.2.1.11.3
1.6.35982.8.2.1.9.1.2.1.9
1.6.36192.8.2.1.2.2
1.6.36217.8.2.1.2
1.6.36230.8.2.1.14.3.6
1.6.36234.8.2.1.2.5.10.2
1.6.36270.8.2.1
1.6.36431.8.2.1.2.1
1.6.36603.8.2.1.9
1.6.36812.8.2.1.17
1.6.36865.8.2.1.7.1
1.6.36964.8.2.1
1.6.37162.8.2.1.17.4
1.6.37329.8.2.1.14.1.6
1.6.37451.8.2.1.1.1.3.1.6
1.6.37451.8.2.1.2.1.3.1
1.6.37658.8.2.1.13.4.13
1.6.37781.8.2.1.10.5.7.6
1.6.37807.8.2.1.9.6.7
1.6.38003.8.2.1
1.6.38038.8.2.1.9.1
1.6.38216.8.2.1.33.1
1.6.38229.8.2.1.6
1.6.38294.8.2.1.5
1.6.38380.8.2.1
1.6.38549.8.2.1.8.6
1.6.38592.8.2.1.12.2.5.2.8
1.6.38622.8.2.1.7.1
1.6.38717.8.2.1.8.4.4
1.6.38752.8.2.1.4.3
1.6.39016.8.2.1.11.8.31
1.6.39048.8.2.1.5.7
1.6.39282.8.2.1
1.6.39300.8.2.1.24.9.9
1.6.39321.8.2.1.7
1.6.39453.8.2.1.6.2.11.1.12
1.6.39483.8.2.1.19
1.6.39488.8.2.1
1.6.39589.8.2.1.1
1.6.39606.8.2.1.4
1.6.39665.8.2.1.3
1.6.39744.8.2.1
1.6.39794.8.2.1.5.3
1.6.39878.8.2.1.3.3.4
1.6.39994.8.2.1
1.6.40099.8.2.1
1.6.40131.8.2.1.7.4.10
1.6.40172.8.2.1.11.1
1.6.40192.8.2.1.5.2.7.3
1.6.40236.8.2.1.21.1
1.6.40302.8.2.1.1
1.6.40337.8.2.1
1.6.40475.8.2.1
1.6.40559.8.2.1.2.1
1.6.40913.8.2.1
1.6.40958.8.2.1.3.3.27
1.6.41019.8.2.1.5.2.27
1.6.41169.8.2.1.8.13
1.6.41333.8.2.1
1.6.41360.8.2.1.38.5.9.1.5
1.6.41584.8.2.1.15.8
1.6.41608.8.2.1
1.6.41686.8.2.1
1.6.41846.8.2.1.3.1
1.6.41886.8.2.1.18
1.6.41905.8.2.1.4.2.8.1
1.6.41905.8.2.1.6.1
1.6.41907.8.2.1.11.5
1.6.41978.8.2.1.13.5.18.11.66
1.6.42087.8.2.1.17.2.16.4.24.10
1.6.42214.8.2.1.2.1.2.2
1.6.42251.8.2.1
1.6.42280.8.2.1
1.6.42318.8.2.1.3.3.7.1
1.6.42348.8.2.1.16.11
1.6.42381.8.2.1.10.2
1.6.42435.8.2.1.4.1.13
1.6.42534.8.2.1.17.4.9.4.11
1.6.42541.8.2.1.1.1.1.1.23
1.6.42541.8.2.1.3.1
1.6.42657.8.2.1.1.1.2.3
1.6.42814.8.2.1.2.1.1.1
1.6.42851.8.2.1
1.6.42861.8.2.1.9
1.6.42991.8.2.1.10.4
1.6.43012.8.2.1.6.2.4.3
1.6.43230.8.2.1.3.3
1.6.43256.8.2.1.5.1.4.1
1.6.43522.8.2.1.4.1.1.1.10
1.6.43810.8.2.1.10.3.2.2.23
1.6.43947.8.2.1.4.1.2.1.4.30
1.6.43966.8.2.1
1.6.43967.8.2.1.5.1
1.6.44046.8.2.1.41.6.41.1
1.6.44053.8.2.1.11.3.2.4
1.6.44080.8.2.1.3.1.1
1.6.44082.8.2.1.4
1.6.44087.8.2.1.1.1.14.2.8
1.6.44099.8.2.1.13.13.24.8
1.6.44119.8.2.1.9.6.21.7
1.6.44336.8.2.1.9.1.2.1.9
1.6.44421.8.2.1
1.6.44572.8.2.1.2
1.6.44585.8.2.1.14.3.6
1.6.44589.8.2.1.2.5.10.2
1.6.44975.8.2.1.21.2.2
1.6.45189.8.2.1.17
1.6.45236.8.2.1.8.1
1.6.45337.8.2.1
1.6.45424.8.2.1
1.6.45520.8.2.1.17.4
1.6.45580.8.2.1.9.4.12
1.6.45666.8.2.1.14.3.6
1.6.45730.8.2.1.43.4
1.6.45764.8.2.1.1.1.3.1.6
1.6.45764.8.2.1.2.1.3.1
1.6.45896.8.2.1.14
1.6.45987.8.2.1.13.4.13
1.6.46094.8.2.1.10.5.7.6
1.6.46120.8.2.1.9.6.7
1.6.46303.8.2.1
1.6.46344.8.2.1.9.1
1.6.46429.8.2.1.18.2.6
1.6.46503.8.2.1.33.1
1.6.46516.8.2.1.6
1.6.46581.8.2.1.5.4.1.1.5
1.6.46837.8.2.1.8.6
1.6.46874.8.2.1.6.2.7
1.6.46991.8.2.1.2.1.7
1.6.46996.8.2.1.10.4.10
1.6.47035.8.2.1.4.3
1.6.47225.8.2.1
1.6.47307.8.2.1.11.8.31
1.6.47335.8.2.1.5.7
1.6.47556.8.2.1
1.6.47574.8.2.1.24.9.9
1.6.47595.8.2.1.7
1.6.47727.8.2.1.6.2.11.1.12
1.6.47761.8.2.1
1.6.47825.8.2.1.7.6.12.6.18
1.6.47835.8.2.1.7
1.6.47859.8.2.1.8.2
1.6.47891.8.2.1.4
1.6.47971.8.2.1
1.6.48021.8.2.1.5.3
1.6.48103.8.2.1.3.3.4
1.6.48330.8.2.1
1.6.48362.8.2.1.7.4.10
1.6.48403.8.2.1.11.1
1.6.48560.8.2.1
1.6.48788.8.2.1.2.1
1.6.49041.8.2.1.13.2
1.6.49041.8.2.1.14.1.3.1.27
1.6.49076.8.2.1.8.2.24.9
1.6.49094.8.2.1
1.6.49149.8.2.1.3.3.27
1.6.49210.8.2.1.5.2.27
1.6.49341.8.2.1.8.13
1.6.49368.8.2.1.35.3
1.6.49501.8.2.1
1.6.49528.8.2.1.38.5.9.1.5
1.6.49717.8.2.1.4.2.8.5.8.29
1.6.49748.8.2.1.7.3
1.6.49775.8.2.1.24.3.15.1
1.6.49876.8.2.1
1.6.50065.8.2.1.4.1.4
1.6.50084.8.2.1
1.6.50154.8.2.1.50.1.3
1.6.50204.8.2.1
1.6.50256.8.2.1.25.4
1.6.50385.8.2.1.2.1.2.2
1.6.50434.8.2.1
1.6.50459.8.2.1
1.6.50523.8.2.1.16.11
1.6.50556.8.2.1.10.2
1.6.50610.8.2.1.4.1.13
1.6.50699.8.2.1.21
1.6.50775.8.2.1.6.2.2.1
1.6.50936.8.2.1.2.1.1.1
1.6.50973.8.2.1
1.6.50980.8.2.1.17.3.5.1.4
1.6.51069.8.2.1
1.6.51073.8.2.1.2.3.7.2.6
1.6.51084.8.2.1
1.6.51344.8.2.1.3.3
1.6.51635.8.2.1.8
1.6.51703.8.2.1
1.6.51862.8.2.1.13.11.22.3
1.6.51901.8.2.1.14
1.6.52035.8.2.1.4.1.2.1.4.37
1.6.52054.8.2.1
1.6.52055.8.2.1.5.1
1.6.52120.8.2.1.2.2.8
1.6.52140.8.2.1.41.6.41.1
1.6.52147.8.2.1.11.3.2.4
1.6.52174.8.2.1.3.1.1
1.6.52176.8.2.1.4
1.6.52181.8.2.1.1.1.14.2.8
1.6.52193.8.2.1.13.13.24.8
1.6.52214.8.2.1.12.3
1.6.52255.8.2.1
1.6.52257.8.2.1
1.6.52498.8.2.1.18.5.23.1
1.6.52676.8.2.1.2
1.6.52689.8.2.1.14.3.6
1.6.52693.8.2.1.2.5.10.2
1.6.52731.8.2.1.5.2
1.6.52888.8.2.1.2.1
1.6.53060.8.2.1.21.2.2
1.6.53252.8.2.1.17
1.6.53399.8.2.1
1.6.53611.8.2.1.17.4
1.6.53777.8.2.1.12.1.1
1.6.53905.8.2.1.1.1.3.1.6
1.6.53905.8.2.1.2.1.3.1
1.6.54037.8.2.1.14
1.6.54124.8.2.1.13.4.13
1.6.54275.8.2.1.9.6.7
1.6.54330.8.2.1.41.3
1.6.54455.8.2.1
1.6.54485.8.2.1.9.1
1.6.54570.8.2.1.18.2.6
1.6.54638.8.2.1.33.1
1.6.54651.8.2.1.6
1.6.54716.8.2.1.5
1.6.54839.8.2.1
1.6.54882.8.2.1.7.3
1.6.54935.8.2.1.2.1.6
1.6.54972.8.2.1.8.6
1.6.55039.8.2.1.7.1
1.6.55134.8.2.1.2.1.7
1.6.55139.8.2.1.10.4.10
1.6.55436.8.2.1.11.8.31
1.6.55539.8.2.1.26.3
1.6.55717.8.2.1.24.9.9
1.6.55738.8.2.1.7
1.6.55749.8.2.1
1.6.55890.8.2.1.19
1.6.55895.8.2.1
1.6.55992.8.2.1.7.6.12.6.18
1.6.56002.8.2.1.7
1.6.56268.8.2.1.14.1.5
1.6.56312.8.2.1.6.2
1.6.56320.8.2.1.1.1.26.1
1.6.56406.8.2.1.29.4
1.6.56483.8.2.1.17.3.16.3
1.6.56514.8.2.1.7.4.10
1.6.56556.8.2.1.11.1
1.6.56622.8.2.1.21.1
1.6.56688.8.2.1.1
1.6.56723.8.2.1
1.6.56943.8.2.1.2.1
1.6.57248.8.2.1.13.2
1.6.57248.8.2.1.14.1.3.1.9
1.6.57324.8.2.1
1.6.57376.8.2.1.9.5
1.6.57430.8.2.1.5.2.7
1.6.57553.8.2.1.12.1.36
1.6.57711.8.2.1
1.6.57738.8.2.1.38.5.9.1.5
1.6.57962.8.2.1.15.8
1.6.57986.8.2.1
1.6.58082.8.2.1
1.6.58158.8.2.1.8.1.3
1.6.58278.8.2.1.4.1.4
1.6.58297.8.2.1
1.6.58365.8.2.1.7.1.5
1.6.58409.8.2.1
1.6.58461.8.2.1.25.4
