1.1.1.90.5.1
1.1.1.107.5.1.1.1
1.1.1.122.5.1.2.2.4
1.1.1.125.5.1.1.4
1.1.1.142.5.1.1
1.1.1.400.5.1.2
1.1.1.462.22.4.6.1.2.3
1.1.1.475.5.1.1.1.13.1.4
1.1.1.558.17
1.1.1.589.5.1
1.1.1.649.9.1.10
1.1.1.701.9.1.5.1
1.1.1.714.25.1.4.3
1.1.1.839.8.1.18.3
1.1.1.899.9.1.8.6
1.1.1.1002.5.1.2.2.3.1
1.1.1.1083.15.3
1.1.1.1204.30.1.13.14
1.1.1.1207.16.4.13
1.1.1.1360.5.1.1.15.9.5.15
1.1.1.1379.8.1.4
1.1.1.1442.5.1.1
1.1.1.1550.17.1.14.6.18
1.1.1.1565.6
1.1.1.1574.5.1.2.3
1.1.1.1655.11.1.6
1.1.1.1740.9.1.6
1.1.1.1803.22.1.22.12
1.1.1.1823.13.1.11.2
1.1.1.1832.16.3.4
1.1.1.1855.15.2
1.1.1.1919.5.1.4
1.1.1.2026.5.1.2.9.10
1.1.1.2053.5.1
1.1.1.2058.3
1.1.1.2077.5.1.18.6
1.1.1.2257.12.1.24
1.1.1.2368.19.2.4
1.1.1.2393.52.2.4
1.1.1.2437.13.1.5.1
1.1.1.2468.5.1.30.1.20
1.1.1.2511.13.2.12.11.5.4
1.1.1.2579.5.1
1.1.1.2647.12.1.4.15
1.1.1.2661.5.1.1.1.16.1
1.1.1.2661.5.1.3.1.2.1.2
1.1.1.2765.5.1.7.7.16
1.1.1.2777.5.1.24
1.1.1.2785.5.1
1.1.1.2805.10.1.5.3
1.1.1.2819.12.1.4
1.1.1.2857.9.2.8
1.1.1.2942.31.3.9
1.1.1.3155.5.1.3.2.20.2
1.1.1.3195.18.2
1.1.1.3258.18.1.11.8
1.1.1.3265.8.2.10.7
1.1.1.3266.5.1
1.1.1.3270.5.1.4.1.6.2
1.1.1.3296.34.2.16.13.26
1.1.2.3338.24.2.12
1.1.2.3367.5.1.5
1.1.2.3393.9.1.10
1.1.2.3396.33.1.16.9
1.1.2.3398.5.1.1.2.14
1.1.2.3450.9.1.5.2
1.1.2.3575.13.2.5.8.5.6.13.22
1.1.2.3578.9.1.4
1.1.2.3617.15.2.7.7
1.1.2.3661.9.6.8.9
1.1.2.3705.24.3.7.1
1.1.2.3757.5.1.4.3.36
1.1.2.3864.19.3.11.11
1.1.2.3932.39.1.11.9
1.1.2.4084.5.1
1.1.2.4105.19.1.12.7
1.1.2.4240.14.2
1.1.2.4249.5.1.3
1.1.2.4352.10.2.24.8.4
1.1.2.4457.11.1.4.16
1.1.2.4465.8.1.7
1.1.2.4488.17.2.34
1.1.2.4587.22.2.9.4
1.1.2.4597.29.5.4
1.1.2.4622.3
1.1.2.4628.5.1.1.25.21.3
1.1.2.4631.5.1.1.1
1.1.2.4635.11.1.4.2
1.1.2.4684.5.1
1.1.2.4763.13.1.14.3
1.1.2.4777.17
1.1.2.4806.27.1.4
1.1.2.4828.45.2.23.11
1.1.2.4869.12.2.12
1.1.2.4957.41.2.27.20.21
1.1.2.4960.5.1.3.27.29.2
1.1.2.5000.9.4.4
1.1.2.5126.5.1.4.3
1.1.2.5241.5.1.1.14.21
1.1.2.5245.5.1.3.1.2.2.12
1.1.2.5265.5.1.3.9
1.1.2.5300.39.5.9
1.1.2.5464.5.1
1.1.2.5498.16.3.12
1.1.2.5512.5.1.4.1.5.1
1.1.2.5646.24.1.11
1.1.2.5693.12.1.12
1.1.2.5711.22.2.23
1.1.2.5758.8.3.12.8
1.1.2.5800.5.1.2
1.1.2.5866.5.1.1
1.1.2.5949.17
1.1.2.5980.5.1
1.1.2.6018.23.1.10
1.1.2.6040.26.1.8.5
1.1.2.6091.9.1.5.1
1.1.2.6104.25.1.4.3
1.1.2.6144.5.1.4.2.3
1.1.2.6232.8.1.11.2
1.1.2.6292.5.1.26
1.1.2.6399.5.1.15
1.1.2.6424.22.2.24.1.27
1.1.2.6481.15.3
1.1.2.6596.30.1.13.14
1.1.2.6599.16.4.13
1.1.2.6720.13.2.19
1.1.2.6732.9.1.32.12
1.1.2.6743.5.1.1.15.8.5.15
1.1.2.6765.16.4.16.8.12.6
1.1.2.6847.25.1.8
1.1.2.6919.17.1.14.6.18
1.1.2.6934.6
1.1.2.6943.5.1.2.3
1.1.2.7024.11.1.6
1.1.2.7125.5.1.8
1.1.2.7187.22.1.22.12
1.1.2.7207.13.1.11.2
1.1.2.7216.16.3.4
1.1.2.7239.15.2
1.1.2.7319.10.1.9.3.5
1.1.2.7413.5.1.2.9.10
1.1.2.7440.5.1
1.1.2.7442.30.2.27
1.1.2.7643.5.1
1.1.2.7739.35.1.23.15
1.1.2.7792.52.2.4
1.1.2.7837.13.1.5.1
1.1.2.7869.17.1.8.5
1.1.2.7908.13.2.12.11.5.4
1.1.2.7979.17.5.9.3
1.1.2.8050.12.1.4.9
1.1.2.8064.5.1.1.1.16.1
1.1.2.8064.5.1.3.1.2.1.2
1.1.2.8164.5.1.2.25.10.3.33
1.1.2.8197.10.1.49.16
1.1.2.8211.12.1.4
1.1.2.8249.9.2.8
1.1.2.8296.29
1.1.2.8336.31.3.9
1.1.2.8549.5.1.3.2.20.2
1.1.2.8584.14.3.8
1.1.2.8594.58.1.4
1.1.2.8662.10.1.11.6
1.1.2.8665.11.1.8
1.1.2.8709.3
1.1.2.8722.9.1.4
1.1.2.8799.9.1.10
1.1.2.8802.33.1.16.8
1.1.2.8804.5.1.1.2.14
1.1.2.8925.5.1.8.11
1.1.2.8981.13.2.5.8.5.6.13.21
1.1.2.8984.9.1.4
1.1.2.9023.15.2.7.7
1.1.2.9074.5.1.1.4
1.1.2.9089.5.1.2.18.14
1.1.2.9174.25.2.16.1.2
1.1.2.9180.5.1.4.3.15
1.1.2.9296.19.3.11.11
1.1.2.9324.33.3.7.1
1.1.2.9360.5.1.2.1.4.1.2
1.1.2.9362.5.1
1.1.2.9458.5.1
1.1.2.9519.5.1
1.1.2.9540.19.1.12.7
1.1.2.9667.14.2
1.1.2.9676.5.1.3
1.1.2.9787.5.1.2.1.2.1
1.1.2.9881.5.1.13.4.25
1.1.2.9891.5.1
1.1.2.9912.35.2.5.5.10.1
1.1.2.10034.22.2.9.4
1.1.2.10044.29.5.4
1.1.2.10067.3
1.1.2.10070.5.1.15.7.41
1.1.2.10134.5.1
1.1.2.10187.16.2.22.4.4
1.1.2.10194.5.1.1.1.1.1.2
1.1.2.10236.9.1.4.6
1.1.2.10251.5.1.3.3
1.1.2.10280.27.1.4
1.1.2.10302.45.2.23.11
1.1.2.10348.12.2.8
1.1.2.10392.14.1.12.1.2.2
1.1.2.10428.41.2.27.20.21
1.1.2.10431.5.1.3.27.29.2
1.1.2.10477.9.4.4
1.1.2.10550.5.1.2.1.14.4
1.1.2.10553.5.1.2.2
1.1.2.10611.5.1.4.3
1.1.2.10675.14
1.1.2.10717.5.1.1.5.22
1.1.2.10721.5.1.3.1.2.2.12
1.1.2.10741.5.1.3.9
1.1.2.10781.39.1.22.29
1.1.2.10953.5.1
1.1.2.10987.5.1.2.2.4
1.1.2.10990.5.1.1.4
1.1.2.11007.5.1.1
1.1.2.11147.5.1.3.3.7.2
1.1.2.11238.5.1
1.1.2.11280.5.1.21
1.1.2.11296.5.1.2
1.1.2.11343.22.4.6.1.2.3
1.1.2.11356.5.1.1.1.13.1.4
1.1.2.11437.17
1.1.2.11468.5.1
1.1.2.11535.9.1.10
1.1.2.11587.9.1.5.1
1.1.2.11600.25.1.4.3
1.1.2.11682.8.6.8
1.1.2.11724.41.1.8.4
1.1.2.11769.5.1
1.1.2.11845.5.1.2.2.3.1
1.1.2.12048.30.1.13.14
1.1.2.12051.16.4.13
1.1.2.12173.13.2.19
1.1.2.12199.5.1.1.15.9.5.26
1.1.2.12214.5.1.1.5
1.1.2.12380.17.1.14.6.18
1.1.2.12395.6
1.1.2.12528.13.3.13.1
1.1.2.12574.5.1.9
1.1.2.12636.22.1.22.12
1.1.2.12654.13.1.11.2
1.1.2.12663.16.3.4
1.1.2.12686.15.2
1.1.2.12716.14
1.1.2.12725.13.1.13
1.1.2.12760.5.1.1.1.1
1.1.2.12852.15.1.14.11
1.1.2.12859.9.3.12.10
1.1.2.12874.10.2.4
1.1.2.12878.14.1.13
1.1.2.13064.12.1.24
1.1.2.13202.5.1.13.1.4.2.4
1.1.2.13210.16.3.9.4
1.1.2.13251.13.1.5.1
1.1.2.13288.5.1.30.1.4
1.1.2.13331.13.2.12.11.5.4
1.1.2.13377.17.3.4
1.1.2.13436.12.1.4.15
1.1.2.13448.5.1.8.1.1.5
1.1.2.13546.5.1.7.7.16
1.1.2.13553.19.1.9.2
1.1.2.13585.5.1.10.1.2
1.1.2.13598.12.1.4
1.1.2.13637.9.2.8
1.1.2.13684.29
1.1.2.13727.31.3.9
1.1.2.13947.5.1.3.2.20.2
1.1.2.13989.37.2
1.1.2.14066.18.1.4.3
1.1.2.14070.5.1.1.1.1.7.28.18
1.1.2.14093.12.1.4.2
1.1.2.14160.5.1.5
1.1.2.14186.9.1.10
1.1.2.14189.33.1.16.8
1.1.2.14191.5.1.1.2.14
1.1.2.14238.9.1.5.2
1.1.2.14364.13.2.5.8.5.6.13.44
1.1.2.14367.9.1.4
1.1.2.14415.18.1.11.28.20
1.1.2.14476.9.6.8.9
1.1.2.14529.24.3.7.1
1.1.2.14571.15.1
1.1.2.14575.5.1.4.3.16
1.1.2.14683.19.3.11.11
1.1.2.14713.20.1.12
1.1.2.14734.3
1.1.2.14828.5.1
1.1.2.14888.12.1.7
1.1.2.14892.5.1.6.1.22.5
1.1.2.14916.17.2.7.1.1
1.1.2.15048.14.2
1.1.2.15059.5.1.3
1.1.2.15169.5.1.2.1.2.1
1.1.2.15261.11.1.4.16
1.1.2.15297.35.2.5.5.10.1
1.1.3.15410.22.2.9.4
1.1.3.15449.3
1.1.3.15452.5.1.15.7.16
1.1.3.15460.17.1.8.5
1.1.3.15513.5.1
1.1.3.15566.16.2.22.4.4
1.1.3.15573.5.1.1.1.1.1.2
1.1.3.15639.5.1
1.1.3.15808.44.2.24.2.45
1.1.3.15850.9.4.4
1.1.3.15856.5.1.8.1.26.2.2
1.1.3.15923.5.1.2.1.30.7
1.1.3.15926.5.1.2.2
1.1.3.15984.5.1.4.3
1.1.3.16042.14
1.1.3.16081.5.1.18
1.1.3.16130.39.5.9
1.1.3.16292.5.1
1.1.3.16309.5.1.1.1
1.1.3.16324.5.1.2.2.4
1.1.3.16327.5.1.1.4
1.1.3.16344.5.1.1
1.1.3.16486.5.1.11.15.29.4
1.1.3.16627.5.1.2
1.1.3.16681.5.1.1.12
1.1.3.16765.5.1.1.2
1.1.3.16917.17.2.6
1.1.3.16927.25.1.4.3
1.1.3.17044.41.1.8.4
1.1.3.17102.39.3.5.15.8
1.1.3.17204.5.1.15
1.1.3.17265.15.2.4.3
1.1.3.17292.5.1
1.1.3.17386.18.1.7.11.21
1.1.3.17387.9.1.13
1.1.3.17540.5.1.1.15.9.5.15
1.1.3.17559.5.1.1.5
1.1.3.17629.5.1.1
1.1.3.17655.25.1.8
1.1.3.17743.17.1.14.6.18
1.1.3.17758.6
1.1.3.17767.5.1.2.3
1.1.3.17880.5.1
1.1.3.17992.22.1.22.12
1.1.3.18012.13.1.11.2
1.1.3.18021.16.3.4
1.1.3.18044.15.2
1.1.3.18074.14
1.1.3.18083.13.1.13
1.1.3.18118.5.1.1.1.1
1.1.3.18131.5.1.8.3.9
1.1.3.18132.5.1.1.1
1.1.3.18240.5.1.2.17.22
1.1.3.18272.11.1.20
1.1.3.18273.5.1.6
1.1.3.18465.12.1.24
1.1.3.18556.35.1.23.15
1.1.3.18609.52.2.4
1.1.3.18654.13.1.5.1
1.1.3.18682.5.1
1.1.3.18795.17.3.4
1.1.3.18854.12.1.4.15
1.1.3.18866.5.1.8.1.1.5
1.1.3.19004.5.1.10.1.2
1.1.3.19017.12.1.4
1.1.3.19056.9.2.8
1.1.3.19141.31.3.9
1.1.3.19352.5.1.3.2.20.2
1.1.3.19387.14.3.8
1.1.3.19399.5.1.3.1
1.1.3.19400.5.1.1
1.1.3.19436.18.2.4
1.1.3.19495.18.1.4.3
1.1.3.19499.5.1.1.1.1.6.15.10
1.1.3.19530.3
1.1.3.19625.9.1.10
1.1.3.19628.33.1.16.8
1.1.3.19630.5.1.1.2.14
1.1.3.19677.9.1.5.2
1.1.3.19750.5.1.8.11
1.1.3.19810.13.2.5.8.5.6.13.42
1.1.3.19813.9.1.4
1.1.3.19852.15.2.7.7
1.1.3.19912.9.6.8.9
1.1.3.19956.24.3.7.1
1.1.3.20005.5.1.4.3.13
1.1.3.20114.19.3.11.11
1.1.3.20162.35.6.53
1.1.3.20259.5.1
1.1.3.20324.17.2.4
1.1.3.20355.17.2.7.1.1
1.1.3.20409.5.1.2
1.1.3.20500.14.2
1.1.3.20511.5.1.3
1.1.3.20544.14.1.9
1.1.3.20589.21.1.20
1.1.3.20618.10.2.24.8.4
1.1.3.20720.11.1.4.16
1.1.3.20756.35.2.5.5.10.1
1.1.3.20878.22.2.9.4
1.1.3.20888.29.5.4
1.1.3.20911.3
1.1.3.20917.5.1.1.16.21.3
1.1.3.20920.5.1.1.1
1.1.3.20966.23
1.1.3.21025.16.2.22.4.4
1.1.3.21032.5.1.1.1.1.1.2
1.1.3.21080.5.1.19.1.6
1.1.3.21191.12.2.8
1.1.3.21238.5.1.3.1.5.2
1.1.3.21275.11.2.13.23
1.1.3.21391.5.1.2.1.14.4
1.1.3.21394.5.1.2.2
1.1.3.21446.5.1.4.3
1.1.3.21512.14
1.1.3.21553.5.1.2.1.2.1.7
1.1.3.21567.23.4.7.6
1.1.3.21578.5.1
1.1.3.21586.33.5
1.1.3.21604.16.5.9
1.1.3.21669.17.3
1.1.3.21765.5.1
1.1.3.21782.5.1.1.1
1.1.3.21797.5.1.2.2.4
1.1.3.21800.5.1.1.4
1.1.3.21817.5.1.1
1.1.3.21956.5.1.3.3.7.2
1.1.3.22049.8.3.12.8
1.1.3.22091.5.1.2
1.1.3.22246.17
1.1.3.22335.9.1.10
1.1.3.22400.25.1.4.3
1.1.3.22518.41.1.8.4
1.1.3.22574.14.2.5
1.1.3.22665.5.1.14.2
1.1.3.22756.15.3
1.1.3.22785.5.1.2.10.16.1
1.1.3.22900.30.1.13.14
1.1.3.22903.16.4.13
1.1.3.22941.5.1
1.1.3.22996.32.2
1.1.3.23059.5.1.1.15.9.5.15
1.1.3.23076.5.1
1.1.3.23143.5.1.1
1.1.3.23256.17.1.14.6.18
1.1.3.23271.6
1.1.3.23280.5.1.2.3
1.1.3.23430.33.4.8
1.1.3.23435.5.1.1.20.11
1.1.3.23506.15.1.4.5
1.1.3.23526.16.3.4
1.1.3.23549.15.2
1.1.3.23612.5.1.1.1.1
1.1.3.23625.5.1.8.3.9
1.1.3.23626.5.1.1.1
1.1.3.23634.24.4.13.4
1.1.3.23723.5.1.2.13.15
1.1.3.23749.5.1
1.1.3.23751.30.2.27
1.1.3.23769.5.1.18.6
1.1.3.23857.9.2.22
1.1.3.23946.12.1.24
1.1.3.24057.19.2.4
1.1.3.24082.52.2.4
1.1.3.24126.13.1.5.1
1.1.3.24158.17.1.8.5
1.1.3.24273.5.1
1.1.3.24338.5.1.1
1.1.3.24348.5.1.2.15.8
1.1.3.24350.18.2.20.1.4
1.1.3.24420.23.2.15.22
1.1.3.24483.5.1.10.1.2
1.1.3.24496.12.1.4
1.1.3.24534.9.2.8
1.1.3.24587.18
1.1.3.24620.31.3.9
1.1.3.24937.18.1.11.8
1.1.3.24944.8.2.10.7
1.1.3.24945.5.1
1.1.3.24949.5.1.3.2.9.1.29.4
1.1.3.24977.12.1.4.2
1.1.3.25049.26.1.8.6
1.1.3.25073.5.1.3.5
1.1.3.25074.14.4.7.2.12
1.1.3.25077.5.1.1.2.8
1.1.3.25129.9.1.5.2
1.1.3.25264.13.2.5.8.5.6.13.21
1.1.3.25267.9.1.4
1.1.3.25306.15.2.7.7
1.1.3.25366.9.6.8.9
1.1.3.25410.24.3.7.1
1.1.3.25455.5.1.4.3.13
1.1.3.25563.19.3.11.11
1.1.3.25713.5.1
1.1.3.25774.5.1
1.1.3.25929.14.2
1.1.3.25938.5.1.3
1.1.3.26003.21.1.20
1.1.3.26103.10.1.7
1.1.3.26122.11.1.4.16
1.1.3.26158.35.2.5.5.10.1
1.1.3.26280.22.2.9.4
1.1.3.26319.3
1.1.3.26323.5.1.1.1.3.5.7
1.1.3.26368.28.1.4
1.1.3.26440.16.2.22.4.4
1.1.3.26447.5.1.1.1.1.1.2
1.1.3.26513.5.1
1.1.3.26681.24.4.24
1.1.3.26850.5.1.4.3
1.1.3.26957.5.1.5
1.1.3.26972.5.1
1.1.3.26972.16.1.4.1.18
1.1.3.26989.5.1
1.1.3.26998.5.1.1.6
1.1.3.27010.39.5.9
1.1.3.27167.5.1
1.1.3.27201.5.1.2.2.4
1.1.3.27204.5.1.1.4
1.1.3.27221.5.1.1
1.1.3.27372.5.1.8.3.9.5
1.1.3.27409.12.1.12
1.1.3.27427.22.2.23
1.1.3.27474.8.3.12.8
1.1.3.27518.5.1.2
1.1.3.27590.11.2.4.18
1.1.3.27677.17
1.1.3.27708.5.1
1.1.3.27772.9.1.10
1.1.3.27824.9.1.5.1
1.1.3.27837.25.1.4.3
1.1.3.27875.13.2.6.4.10
1.1.3.27921.5.1.2.1.4.8
1.1.3.27955.8.1.11.2
1.1.3.28015.39.3.5.15.8
1.1.3.28093.23.2.8.4.2
1.1.3.28135.11.1.16.9
1.1.3.28185.15.3
1.1.3.28214.5.1.2.10.16.1
1.1.3.28317.30.1.13.14
1.1.3.28320.16.4.13
1.1.3.28449.13.2.19
1.1.3.28461.9.1.32.11
1.1.3.28472.5.1.1.15.8.5.15
1.1.3.28494.16.4.16.8.12.6
1.1.4.54.5.1.1
1.1.4.170.17.1.14.6.18
1.1.4.185.6
1.1.4.194.5.1.2.3
1.1.4.422.22.1.22.12
1.1.4.440.13.1.11.2
1.1.4.449.16.3.4
1.1.4.472.15.2
1.1.4.553.10.1.9.3.5
1.1.4.645.25.3.28.16
1.1.4.652.5.1.2.9.7
1.1.4.672.28.2.25.13.7.1
1.1.4.675.5.1.4
1.1.4.691.15.2.10.10
1.1.4.722.5.1.1.2.9.3
1.1.4.771.9.2.22
1.1.4.859.12.1.24
1.1.4.970.19.2.4
1.1.4.995.52.2.4
1.1.4.1039.13.1.5.1
1.1.4.1076.5.1.30.1.4
1.1.4.1116.10.5.4.1
1.1.4.1187.5.1
1.1.4.1259.11.3.4.1
1.1.4.1273.20.1.11.3
1.1.4.1275.9.3.4.9
1.1.4.1284.5.1
1.1.4.1353.16.2.5.13
1.1.4.1418.10.1.49.16
1.1.4.1432.12.1.4
1.1.4.1471.9.2.8
1.1.4.1562.31.3.9
1.1.4.1779.5.1.3.2.20.2
1.1.4.1820.59.1.4
1.1.4.1888.10.1.11.6
1.1.4.1891.11.1.8
1.1.4.1924.12.1.4.2
1.1.4.2020.9.1.10
1.1.4.2023.33.1.16.9
1.1.4.2025.5.1.1.2.14
1.1.4.2077.9.1.5.2
1.1.4.2202.13.2.5.8.5.6.13.43
1.1.4.2205.9.1.4
1.1.4.2248.18.1.11.28.15
1.1.4.2304.9.6.8.9
1.1.4.2348.24.3.7.1
1.1.4.2392.15.1
1.1.4.2396.5.1.4.3.9
1.1.4.2510.19.3.11.11
1.1.4.2570.5.1.2.1.4.1.2
1.1.4.2572.5.1
1.1.4.2673.5.1
1.1.4.2739.12.1.7
1.1.4.2743.5.1.6.1.14.2
1.1.4.2767.17.2.7.1.1
1.1.4.2821.5.1.2
1.1.4.2913.14.2
1.1.4.2924.5.1.3
1.1.4.2992.21.1.20
1.1.4.3122.5.1.2
1.1.4.3130.5.1
1.1.4.3130.17.6.4.8.14
1.1.4.3148.17.2.59
1.1.4.3247.22.2.9.4
1.1.4.3283.3
1.1.4.3287.5.1.1.1.3.5.7
1.1.4.3405.23.1.13.6
1.1.4.3409.16.1.17.4
1.1.4.3427.38.1.16
1.1.4.3445.9.1.4.6
1.1.4.3460.5.1.3.3
1.1.4.3626.5.1
1.1.4.3649.5.1.1.1.23
1.1.4.3693.9.4.4
1.1.4.3772.38.3.12
1.1.4.3823.5.1.4.3
1.1.4.3954.5.1.3.9
1.1.4.3989.39.5.9
1.1.4.4150.5.1
1.1.4.4167.5.1.1.1
1.1.4.4182.5.1.2.2.4
1.1.4.4185.5.1.1.4
1.1.4.4202.5.1.1
1.1.4.4339.21.2.5.5.10.1
1.1.4.4379.12.1.12
1.1.4.4397.22.2.23
1.1.4.4492.16.2.5.4.1
1.1.4.4577.5.1.1.1.13.1.4
1.1.4.4658.17
1.1.4.4699.14.3.5.8.7
1.1.4.4742.26.1.8.5
1.1.4.4806.25.1.4.3
1.1.4.4913.41.1.8.4
1.1.4.4968.5.1.26
1.1.4.5052.23.2.8.4.2
1.1.4.5066.11.1.4.2
1.1.4.5094.11.1.16.9
1.1.4.5144.15.3
1.1.4.5259.5.1.10.1.2
1.1.4.5276.18.1.7.11.21
1.1.4.5277.9.1.13
1.1.4.5314.5.1
1.1.4.5369.32.2
1.1.4.5409.13.2.19
1.1.4.5435.5.1.1.15.9.5.26
1.1.4.5454.8.1.4
1.1.4.5544.25.1.8
1.1.4.5622.17.1.14.6.28
1.1.4.5637.6
1.1.4.5646.5.1.2.3
1.1.4.5902.22.1.22.12
1.1.4.5947.15.2
1.1.4.6011.5.1.4
1.1.4.6118.5.1.2.9.10
1.1.4.6127.23
1.1.4.6131.20.4.8
1.1.4.6140.5.1
1.1.4.6141.5.1.1.1.15
1.1.4.6190.5.1.1.2.8.3
1.1.4.6289.5.1
1.1.4.6305.3
1.1.4.6337.8.1.4.30
1.1.4.6454.52.2.4
1.1.4.6498.13.1.5.1
1.1.4.6532.14.1.5.2
1.1.4.6642.5.1
1.1.4.6715.12.1.4.9
1.1.4.6726.5.1.2
1.1.4.6844.9.1.17
1.1.4.6872.10.1.5.3
1.1.4.6886.12.1.4
1.1.4.6929.5.1
1.1.4.7000.31.3.9
1.1.4.7219.5.1.3.2.35.2
1.1.4.7254.14.3.8
1.1.4.7327.18.1.4.3
1.1.4.7331.5.1.1.1.1.6.15.16
1.1.4.7352.12.1.4.2
1.1.4.7450.5.1.3.5
1.1.4.7451.14.4.7.2.12
1.1.4.7454.5.1.1.2.8
1.1.4.7499.9.1.5.2
1.1.4.7590.5.1.16.13.9
1.1.4.7614.10.1.6.12
1.1.4.7662.18.1.11.28.20
1.1.4.7713.9.6.8.9
1.1.4.7757.24.3.7.1
1.1.4.7904.19.3.11.11
1.1.4.8134.17.2.4
1.1.4.8165.17.2.7.1.1
1.1.4.8292.14.2
1.1.4.8301.5.1.3
1.1.4.8356.5.1.10.2
1.1.4.8382.30.1.22
1.1.4.8423.5.1.2.1.2.1
1.1.4.8526.11.1.4.16
1.1.4.8534.8.1.7
1.1.4.8557.17.2.34
1.1.4.8654.22.2.9.4
1.1.4.8749.23
1.1.4.8767.14.5.4.2
1.1.4.8804.5.1.1
1.1.4.8804.8.1.5
1.1.4.8851.5.1.19.1.6
1.1.4.9049.41.2.27.20.21
1.1.4.9052.5.1.3.27.29.2
1.1.4.9098.9.4.4
1.1.4.9230.5.1.4.3
1.1.4.9299.14
1.1.4.9338.5.1.5
1.1.4.9358.5.1.3.9
1.1.4.9395.30.3
1.1.4.9395.39.1.22.20
1.1.4.9460.17.3
1.1.4.9558.5.1
1.1.4.9592.16.3.12
1.1.4.9606.5.1.4.1.5.1
1.1.4.9835.8.3.12.8
1.1.4.9879.5.1.2
1.1.4.10019.17
1.1.4.10050.5.1
1.1.4.10110.9.1.10
1.1.4.10163.17.2.6
1.1.4.10173.25.1.4.3
1.1.4.10281.41.1.8.4
1.1.4.10336.5.1
1.1.4.10406.5.1.2.2.3.1
1.1.4.10487.15.3
1.1.4.10516.5.1.2.10.16.1
1.1.4.10610.5.1.10.1.2
1.1.4.10626.30.1.13.14
1.1.4.10629.16.4.13
1.1.4.10780.5.1.1.15.9.5.15
1.1.4.10886.18.1.20.12.10
1.1.4.10975.17.1.14.6.18
1.1.4.10990.6
1.1.4.10999.5.1.2.3
1.1.4.11120.5.1
1.1.4.11129.13.3.13.1
1.1.4.11169.10.2.9.7
1.1.4.11248.22.1.22.12
1.1.4.11293.15.2
1.1.4.11359.5.1.1.1.1
1.1.4.11372.5.1.8.3.9
1.1.4.11373.5.1.1.1
1.1.4.11474.5.1.2.9.10
1.1.4.11500.5.1
1.1.4.11502.30.2.27
1.1.4.11555.5.1.1.2.9.3
1.1.4.11604.9.2.22
1.1.4.11697.12.1.24
1.1.4.11808.19.2.4
1.1.4.11833.52.2.4
1.1.4.11862.20.1.18.7
1.1.4.11908.5.1.30.1.4
1.1.4.11948.10.5.4.1
1.1.4.12013.5.1
1.1.4.12081.12.1.4.11
1.1.4.12094.5.1.8.1.1.5
1.1.4.12161.16.2.5.13
1.1.4.12184.10.2.4
1.1.4.12191.5.1.2.25.17.8.27
1.1.4.12223.5.1.10.1.2
1.1.4.12236.12.1.4
1.1.4.12275.9.2.8
1.1.4.12366.31.3.9
1.1.4.12621.5.1.3.1
1.1.4.12622.5.1.1
1.1.4.12694.10.1.11.6
1.1.4.12697.11.1.8
1.1.4.12730.12.1.4.2
1.1.4.12826.9.1.10
1.1.4.12829.33.1.16.9
1.1.4.12831.5.1.1.2.14
1.1.4.12876.9.1.5.2
1.1.4.12947.5.1.8.11
1.1.4.13003.13.2.5.8.5.6.13.39
1.1.4.13006.9.1.4
1.1.4.13045.15.2.7.7
1.1.4.13075.8.1.7.2.1
1.1.4.13093.5.1.2.18.14
1.1.4.13178.25.2.16.1.2
1.1.4.13184.5.1.4.3.15
1.1.4.13290.19.3.11.11
1.1.4.13318.33.3.7.1
1.1.4.13345.35.6.50
1.1.4.13484.17.2.4
1.1.4.13515.17.2.7.1.1
1.1.4.13569.5.1.2
1.1.4.13661.14.2
1.1.4.13672.5.1.3
1.1.4.13705.14.1.9
1.1.4.13811.5.1
1.1.4.13891.5.1.13.4.25
1.1.4.13901.5.1
1.1.4.13922.35.2.5.5.10.1
1.1.4.14038.22.2.9.4
1.1.4.14048.29.5.4
1.1.4.14067.3
1.1.4.14071.5.1.1.1.3.5.7
1.1.4.14131.5.1
1.1.4.14181.16.2.22.4.4
1.1.4.14188.5.1.1.1.1.1.2
1.1.4.14210.5.1.4.2
1.1.4.14230.9.1.4.6
1.1.4.14245.5.1.3.3
1.1.4.14422.5.1.5
1.1.4.14463.9.4.4
1.1.4.14539.38.3.12
1.1.4.14766.39.5.9
1.1.4.14941.5.1
1.1.4.14975.5.1.2.2.4
1.1.4.14978.5.1.1.4
1.1.4.14995.5.1.1
1.1.4.15135.5.1.3.3.7.2
1.1.4.15140.10.1.8.6
1.1.4.15260.5.1.2
1.1.4.15407.17
1.1.4.15497.9.1.10
1.1.4.15549.9.1.5.1
1.1.4.15562.25.1.4.3
1.1.4.15692.5.1.2
1.1.4.15743.5.1
1.1.4.15827.5.1.2.3.40.2.32.19
1.1.4.15836.15.2.21.5.51
1.1.4.16012.5.1.4.3.9
1.1.4.16026.25.3.41
1.1.4.16164.9.3.8.6
1.1.4.16179.5.1.1.15.9.5.16
1.1.4.16201.16.4.16.8.12.6
1.1.4.16270.21.1.4.2.1
1.1.4.16349.17.1.14.6.18
1.1.4.16364.6
1.1.4.16489.5.1
1.1.4.16498.13.3.13.1
1.1.4.16541.5.1.8
1.1.4.16607.22.1.22.12
1.1.4.16628.16.3.4
1.1.4.16651.15.2
1.1.4.16681.14
1.1.4.16690.13.1.13
1.1.4.16732.10.1.9.3.5
1.1.4.16832.5.1.2.9.10
1.1.4.16859.5.1
1.1.4.16861.30.2.27
1.1.4.16879.15.2.10.10
1.1.4.16910.5.1.1.2.9.3
1.1.4.17010.5.1
1.1.4.17026.3
1.1.4.17058.8.1.4.30
1.1.4.17175.52.2.4
1.1.4.17220.13.1.5.1
1.1.4.17257.5.1.30.1.4
1.1.4.17357.5.1
1.1.4.17430.12.1.4.9
1.1.4.17441.5.1.2
1.1.4.17533.5.1.7.7.21
1.1.4.17589.10.1.5.3
1.1.4.17603.12.1.4
1.1.4.17642.9.2.8
1.1.4.17724.31.3.9
1.1.4.17941.5.1.3.2.20.2
1.1.4.18051.18.1.11.8
1.1.4.18058.8.2.10.7
1.1.4.18059.5.1
1.1.4.18063.5.1.3.2.9.1.29.4
1.1.4.18091.12.1.4.2
1.1.4.18163.26.1.8.6
1.1.4.18188.9.1.10
1.1.4.18191.33.1.16.8
1.1.4.18193.5.1.1.2.14
1.1.4.18240.9.1.5.2
1.1.4.18312.5.1.8.11
1.1.4.18369.13.2.5.8.5.6.13.26
1.1.4.18372.9.1.4
1.1.4.18411.15.2.7.7
1.1.4.18460.9.6.8.9
1.1.4.18504.24.3.7.1
1.1.4.18549.5.1.4.3.36
1.1.4.18664.19.3.11.11
1.1.4.18728.5.1.2.1.4.1.2
1.1.4.18730.5.1
1.1.4.18872.5.1
1.1.4.18893.19.1.12.7
1.1.4.19035.5.1.15.13
1.1.4.19043.5.1.1.8.15
1.1.4.19066.5.1.1.6
1.1.4.19172.5.1
1.1.4.19219.10.1.7
1.1.4.19238.11.1.4.16
1.1.4.19274.35.2.5.5.10.1
1.1.4.19388.22.2.9.4
1.1.4.19426.3
1.1.4.19432.5.1.1.15.12.4
1.1.4.19435.5.1.1.1
1.1.4.19439.11.1.4.2
1.1.4.19485.5.1.1
1.1.4.19496.5.1
1.1.4.19550.5.1.4.2
1.1.4.19593.5.1.3.3
1.1.4.19622.27.1.4
1.1.4.19644.45.2.23.11
1.1.4.19767.5.1
1.1.4.19838.9.4.4
1.1.4.19844.5.1.8.1.26.2.2
1.1.4.19911.5.1.2.1.30.7
1.1.4.19914.5.1.2.2
1.1.4.19967.5.1.9.2
1.1.4.20035.14
1.1.4.20080.5.1.18
1.1.4.20094.5.1
1.1.4.20094.16.1.4.1.18
1.1.4.20111.5.1
1.1.4.20119.33.5
1.1.4.20137.16.5.9
1.1.4.20295.5.1
1.1.4.20312.5.1.1.1
1.1.4.20327.5.1.2.2.4
1.1.4.20330.5.1.1.4
1.1.4.20347.5.1.1
1.1.4.20489.5.1.8.3.9.6
1.1.4.20499.13.1.4.5
1.1.4.20587.8.3.12.8
1.1.4.20636.5.1.2
1.1.4.20704.5.1.1
1.1.4.20787.17
1.1.4.20812.5.1
1.1.4.20872.9.1.10
1.1.4.20930.17.2.6
1.1.4.20935.11.1.5.4
1.1.4.20940.25.1.4.3
1.1.4.21064.41.1.8.4
1.1.4.21121.5.1
1.1.4.21204.10.3.4.15
1.1.4.21297.15.3
1.1.4.21326.5.1.2.10.16.1
1.1.4.21415.5.1.4.3.9
1.1.4.21429.25.3.41
1.1.4.21579.5.1.1.15.9.5.15
1.1.4.21598.5.1.1.5
1.1.4.21760.17.1.14.6.28
1.1.4.21775.6
1.1.4.21784.5.1.2.3
1.1.4.22041.22.1.22.12
1.1.4.22086.15.2
1.1.4.22116.14
1.1.4.22125.13.1.13
1.1.4.22158.5.1.1.1.1
1.1.4.22171.5.1.8.3.9
1.1.4.22172.5.1.1.1
1.1.4.22180.24.4.13.4
1.1.4.22268.5.1.2.17.20
1.1.4.22287.21.4.8
1.1.4.22296.5.1
1.1.4.22297.5.1.1.1.15
1.1.4.22355.6
1.1.4.22404.9.2.22
1.1.4.22497.12.1.24
1.1.4.22631.5.1.13.1.4.2.4
1.1.4.22639.16.3.9.4
1.1.4.22710.5.1
1.1.4.22821.5.1
1.1.4.22893.11.3.4.1
1.1.4.22909.5.1.23.1.1.3
1.1.4.22976.16.2.5.13
1.1.4.23020.5.1.3.1.2.2
1.1.4.23048.10.1.49.25
1.1.4.23062.12.1.4
1.1.4.23101.9.2.8
1.1.4.23181.33.3.9
1.1.4.23240.22.2
1.1.4.23382.5.1.3.2.20.2
1.1.4.23417.14.3.8
1.1.4.23427.58.1.4
1.1.4.23495.10.1.11.6
1.1.4.23498.11.1.8
1.1.4.23542.3
1.1.4.23555.9.1.4
1.1.4.23632.9.1.10
1.1.4.23635.33.1.16.9
1.1.4.23637.5.1.1.2.14
1.1.4.23684.9.1.5.2
1.1.4.23809.13.2.5.8.5.6.13.19
1.1.4.23812.9.1.4
1.1.4.23851.15.2.7.7
1.1.4.23896.5.1.2.18.14
1.1.4.24092.19.3.11.11
1.1.4.24140.35.6.53
1.1.4.24237.5.1
1.1.4.24296.17.2.4
1.1.4.24327.17.2.7.1.1
1.1.4.24469.14.2
1.1.4.24478.5.1.3
1.1.4.24583.5.1.2.1.2.1
1.1.4.24692.11.1.4.18
1.1.4.24728.35.2.5.5.10.1
1.1.4.24850.22.2.9.4
1.1.4.24885.3
1.1.4.24903.16.1.29.9.5
1.1.4.24947.23
1.1.4.24965.14.5.4.2
1.1.4.25013.23.1.13.6
1.1.4.25017.16.1.17.4
1.1.4.25035.38.1.16
1.1.4.25053.9.1.4.6
1.1.4.25068.5.1.3.3
1.1.4.25251.11.2.13.23
1.1.4.25294.9.4.4
1.1.4.25429.5.1.4.3
1.1.4.25486.14
1.1.4.25531.5.1.18
1.1.4.25545.5.1
1.1.4.25545.16.1.4.1.18
1.1.4.25562.5.1
1.1.4.25571.5.1.1.6
1.1.4.25583.5.1.5.31
1.1.4.25583.5.1.6.1.23
1.1.4.25616.5.1.4.2.4.1
1.1.4.25743.5.1
1.1.4.25777.16.3.12
1.1.4.25797.14.3.14.7.12.6
1.1.4.25797.14.3.15.1.1.1
1.1.4.25942.5.1.3.3.7.2
1.1.4.25947.10.1.8.6
1.1.4.26051.8.3.12.8
1.1.4.26093.5.1.2
1.1.4.26149.22.4.6.1.2.3
1.1.4.26162.5.1.1.1.13.1.4
1.1.4.26254.17
1.1.4.26285.5.1
1.1.4.26355.5.1.10
1.1.4.26418.25.1.4.3
1.1.4.26526.5.1
1.1.4.26546.8.1.10.10
1.1.4.26605.39.3.5.15.8
1.1.4.26684.23.2.8.4.2
1.1.4.26726.11.1.16.9
1.1.4.26776.15.3
1.1.4.26887.5.1.10.1.2
1.1.4.26904.18.1.7.11.21
1.1.4.26905.9.1.13
1.1.4.26942.5.1
1.1.4.27033.13.2.19
1.1.4.27045.9.1.32.11
1.1.4.27056.5.1.1.15.8.5.15
1.1.4.27075.5.1.1.5
1.1.4.27171.25.1.8
1.1.4.27258.17.1.14.6.18
1.1.4.27273.6
1.1.4.27375.26.2.9.8.5.3.1
1.1.4.27475.5.1.9
1.1.4.27537.22.1.22.12
1.1.4.27582.15.2
1.1.4.27612.14
1.1.4.27621.13.1.13
1.1.4.27654.5.1.1.1.1
1.1.4.27667.5.1.8.3.9
1.1.4.27668.5.1.1.1
1.1.4.27769.5.1.2.9.10
1.1.4.27796.5.1
1.1.4.27798.30.2.27
1.1.4.27958.5.1
1.1.4.27974.3
1.1.4.28006.8.1.4.30
1.1.4.28121.52.2.4
1.1.4.28166.13.1.5.1
1.1.4.28203.5.1.30.1.4
1.1.4.28288.5.1
1.1.4.28361.12.1.4.9
1.1.4.28375.5.1.1.1.16.1
1.1.4.28375.5.1.3.1.2.1.2
1.1.4.28477.5.1.7.7.16
1.1.4.28484.19.1.9.2
1.1.4.28516.5.1.10.1.2
1.1.4.28529.12.1.4
1.1.4.28568.9.2.8
1.1.4.28650.31.3.9
1.1.4.28929.5.1.21.1.1.3
1.1.4.28971.18.1.11.8
1.1.4.28978.8.2.10.7
1.1.4.28979.5.1
1.1.4.28983.5.1.4.1.6.2
1.1.4.29005.12.1.4.2
1.1.4.29096.9.1.10
1.1.4.29104.5.1.1.2.8
1.1.4.29156.9.1.5.2
1.1.4.29271.10.1.6.12
1.1.4.29317.18.1.11.28.20
1.1.4.29377.9.6.8.9
1.1.4.29421.24.3.7.1
1.1.4.29469.25.2.16.1.2
1.1.4.29475.5.1.4.3.15
1.1.4.29584.19.3.11.11
1.1.4.29791.5.1
1.1.4.29949.14.2
1.1.4.29960.5.1.3
1.1.4.30083.5.1.2.1.2.1
1.1.4.30178.5.1.16
1.1.4.30212.35.2.5.5.10.1
1.1.4.30326.22.2.9.4
1.1.4.30362.3
1.1.4.30366.5.1.1.1.3.5.7
1.1.4.30475.16.2.22.4.4
1.1.4.30482.5.1.1.1.1.1.2
1.1.4.30523.13.1.14.3
1.1.4.30537.17
1.1.4.30566.27.1.4
1.1.4.30588.45.2.23.11
1.1.4.30695.5.1
1.1.4.30718.5.1.1.1.23
1.1.4.30762.9.4.4
1.1.4.30768.5.1.8.1.26.2.2
1.1.4.30843.5.1.2.1.30.7
1.1.4.30846.5.1.2.2
1.1.4.30904.5.1.4.3
1.1.4.31017.5.1.18
1.1.4.31066.39.5.9
1.1.4.31241.5.1
1.1.4.31258.5.1.1.1
1.1.4.31273.5.1.2.2.4
1.1.4.31276.5.1.1.4
1.1.4.31293.5.1.1
1.1.4.31424.18.4.24.2
1.1.4.31437.3
1.1.4.31556.5.1.2
1.1.4.31703.17
1.1.4.31734.5.1
1.1.4.31772.14.2
1.1.4.31772.23.1.10
1.1.4.31795.9.1.16
1.1.4.31847.9.1.5.1
1.1.4.31860.25.1.4.3
1.1.4.31967.41.1.8.4
1.1.4.32025.14.6.5
1.1.4.32128.5.1.2.2.3.1
1.1.4.32219.15.3
1.1.4.32325.5.1.10.1.2
1.1.4.32341.30.1.13.14
1.1.4.32344.16.4.13
1.1.4.32482.5.1.1.15.9.5.15
1.1.4.32497.5.1.1.5
1.1.4.32597.25.1.8
1.1.4.32668.17.1.14.6.37
1.1.4.32683.6
1.1.4.32692.5.1.2.3
1.1.4.32719.5.1.18.20
1.1.4.32913.22.1.22.12
1.1.4.32933.13.1.11.2
1.1.4.32942.16.3.4
1.1.4.32965.15.2
1.1.4.32995.14
1.1.4.33004.13.1.13
1.1.4.33039.5.1.1.1.1
1.1.4.33052.5.1.8.3.9
1.1.4.33053.5.1.1.1
1.1.4.33154.5.1.2.9.10
1.1.4.33163.23
1.1.4.33167.20.4.8
1.1.4.33176.5.1
1.1.4.33177.5.1.1.1.15
1.1.4.33230.5.1.1.2.9.3
1.1.4.33279.5.1
1.1.4.33371.5.1
1.1.4.33493.19.2.4
1.1.4.33518.52.2.4
1.1.4.33547.20.1.18.7
1.1.4.33587.5.1.2.2.23.1.21
1.1.4.33693.5.1
1.1.4.33764.12.1.4.11
1.1.4.33776.5.1.8.1.1.5
1.1.4.33891.9.1.17
1.1.4.33919.10.1.49.25
1.1.4.33933.12.1.4
1.1.4.33971.9.2.8
1.1.4.34059.31.3.9
1.1.4.34255.5.1.15.1
1.1.4.34397.18.1.4.3
1.1.4.34401.5.1.1.1.1.6.15.17
1.1.4.34425.12.1.4.2
1.1.4.34471.24.2.12
1.1.4.34500.5.1.5
1.1.4.34525.5.1.3.5
1.1.4.34526.14.4.7.2.12
1.1.4.34529.5.1.1.2.8
1.1.4.34576.9.1.5.2
1.1.4.34701.13.2.5.8.5.6.13.40
1.1.4.34704.9.1.4
1.1.4.34743.15.2.7.7
1.1.4.34808.9.6.8.9
1.1.4.34861.24.3.7.1
1.1.4.34904.15.1
1.1.4.34908.5.1.4.3.32
1.1.4.35008.19.3.11.11
1.1.4.35038.20.1.12
1.1.4.35059.3
1.1.4.35155.5.1
1.1.4.35217.17.2.4
1.1.4.35247.31.4.11.1.31
1.1.4.35301.5.1.2
1.1.4.35390.14.2
1.1.4.35401.5.1.3
1.1.4.35434.14.1.9
1.1.4.35521.5.1.2.1.2.1
1.1.4.35614.9.1.5.8
1.1.4.35621.10.1.8
1.1.4.35625.15.3.7.11
1.1.4.35639.35.2.5.5.10.1
1.1.4.35761.22.2.9.4
1.1.4.35801.20.2.4.8
1.1.4.35805.5.1.1.7
1.1.4.35924.16.2.22.4.4
1.1.4.35931.5.1.1.1.1.1.2
1.1.4.35997.5.1
1.1.5.36172.41.2.27.20.21
1.1.5.36175.5.1.3.27.29.2
1.1.5.36221.9.4.4
1.1.5.36364.5.1.4.3
1.1.5.36427.14
1.1.5.36469.5.1.2.1.2.1.7
1.1.5.36483.5.1.3.13
1.1.5.36520.30.3
1.1.5.36520.39.1.22.20
1.1.5.36684.5.1
1.1.5.36701.5.1.1.1
1.1.5.36716.5.1.2.2.4
1.1.5.36719.5.1.1.4
1.1.5.36736.5.1.1
1.1.5.36875.5.1.8.3.9.6
1.1.5.36913.12.1.12
1.1.5.36931.22.2.23
1.1.5.37017.5.1.21
1.1.5.37033.5.1.2
1.1.5.37089.22.4.6.1.2.3
1.1.5.37102.5.1.1.1.13.1.4
1.1.5.37187.17
1.1.5.37218.5.1
1.1.5.37285.9.1.10
1.1.5.37337.9.1.5.1
1.1.5.37350.25.1.4.3
1.1.5.37388.13.2.6.4.10
1.1.5.37434.5.1.2.1.4.8
1.1.5.37472.8.1.18.3
1.1.5.37531.5.1
1.1.5.37687.15.3
1.1.5.37799.3
1.1.5.37813.22.2.6
1.1.5.37851.5.1
1.1.5.37906.32.2
1.1.5.37970.5.1.1.15.9.5.15
1.1.5.38083.25.1.8
1.1.5.38164.15
1.1.5.38178.6
1.1.5.38187.5.1.2.3
1.1.5.38359.5.1.9
1.1.5.38421.22.1.22.12
1.1.5.38441.13.1.11.2
1.1.5.38450.16.3.4
1.1.5.38473.15.2
1.1.5.38536.5.1.1.1.1
1.1.5.38622.25.3.28.16
1.1.5.38629.5.1.2.9.7
1.1.5.38657.3
1.1.5.38676.15.2.10.10
1.1.5.38854.12.1.24
1.1.5.38945.35.1.23.15
1.1.5.38998.52.2.4
1.1.5.39042.13.1.5.1
1.1.5.39073.5.1.30.1.20
1.1.5.39171.5.1
1.1.5.39244.12.1.4.9
1.1.5.39257.5.1.8.1.1.5
1.1.5.39342.5.1.7.7.21
1.1.5.39396.10.1.5.3
1.1.5.39410.12.1.4
1.1.5.39448.9.2.8
1.1.5.39536.31.3.9
1.1.5.39741.5.1.3.2.20.2
1.1.5.39811.5.1.21.1.1.3
1.1.5.39864.18.1.4.3
1.1.5.39868.5.1.1.1.1.7.28.5
1.1.5.39889.12.1.4.2
1.1.5.39961.26.1.8.6
1.1.5.39986.9.1.10
1.1.5.39989.33.1.16.8
1.1.5.39991.5.1.1.2.14
1.1.5.40045.9.1.5.2
1.1.5.40117.5.1.8.11
1.1.5.40174.13.2.5.8.5.6.13.30
1.1.5.40177.9.1.4
1.1.5.40216.15.2.7.7
1.1.5.40270.10.1.4.18
1.1.5.40341.5.1.4.3.36
1.1.5.40441.19.3.11.11
1.1.5.40497.39.1.11.9
1.1.5.40600.5.1
1.1.5.40661.5.1
1.1.5.40682.19.1.12.7
1.1.5.40809.14.2
1.1.5.40820.5.1.3
1.1.5.40930.5.1.2.1.2.1
1.1.5.41029.11.1.4.29
1.1.5.41037.8.1.7
1.1.5.41060.17.2.34
1.1.5.41159.22.2.9.4
1.1.5.41193.3
1.1.5.41197.5.1.1.1.3.6.14
1.1.5.41258.5.1
1.1.5.41365.5.1
1.1.5.41515.5.1
1.1.5.41535.5.1.1.1.33
1.1.5.41579.9.4.4
1.1.5.41585.5.1.8.1.26.2.2
1.1.5.41652.5.1.2.1.30.7
1.1.5.41655.5.1.2.2
1.1.5.41713.5.1.4.3
1.1.5.41821.5.1.18
1.1.5.41835.5.1
1.1.5.41835.16.1.4.1.18
1.1.5.41852.5.1
1.1.5.41861.5.1.1.6
1.1.5.41873.39.5.9
1.1.5.42028.5.1
1.1.5.42062.16.3.12
1.1.5.42076.5.1.4.1.5.1
1.1.5.42208.20
1.1.5.42210.24.1.13
1.1.5.42341.5.1.2
1.1.5.42395.5.1.1.12
1.1.5.42492.17
1.1.5.42523.5.1
1.1.5.42561.14.2
1.1.5.42561.23.1.10
1.1.5.42583.26.1.8.5
1.1.5.42634.9.1.5.1
1.1.5.42647.25.1.4.3
1.1.5.42765.5.1
1.1.5.42785.8.1.10.10
1.1.5.42841.39.3.5.15.8
1.1.5.42930.5.1.2.2.3.1
1.1.5.42967.12.1.4
1.1.5.42995.15.2.4.3
1.1.5.43032.5.1.2.10.16.1
1.1.5.43121.5.1.4.3.9
1.1.5.43136.10.1.11.5
1.1.5.43281.5.1.1.15.9.5.15
1.1.5.43303.16.4.16.8.12.6
1.1.5.43471.17.1.14.6.37
1.1.5.43486.6
1.1.5.43495.5.1.2.3
1.1.5.43522.5.1.18.20
1.1.5.43665.10.2.9.7
1.1.5.43742.15.1.4.5
1.1.5.43759.13.1.11.2
1.1.5.43768.16.3.4
1.1.5.43791.15.2
1.1.5.43821.14
1.1.5.43830.13.1.13
1.1.5.43864.5.1.1.1.1
1.1.5.43877.5.1.8.3.9
1.1.5.43878.5.1.1.1
1.1.5.43886.24.4.13.4
1.1.5.43984.5.1.2.17.22
1.1.5.44010.10.2.4
1.1.5.44014.14.1.13
1.1.5.44125.5.1
1.1.5.44175.5.1
1.1.5.44191.3
1.1.5.44223.8.1.4.30
1.1.5.44338.5.1.13.1.4.2.4
1.1.5.44346.16.3.9.4
1.1.5.44417.14.1.5.2
1.1.5.44520.5.1
1.1.5.44585.5.1.1
1.1.5.44593.45.3.23.1.3.2
1.1.5.44594.5.1.2
1.1.5.44681.10.2.4
1.1.5.44688.5.1.2.25.17.13.25
1.1.5.44721.24.1.13.5
1.1.5.44764.24.2.17.8
1.1.5.44844.33.3.9
1.1.5.45055.5.1.3.2.20.2
1.1.5.45088.14.3.8
1.1.5.45098.58.1.4
1.1.5.45182.18.1.4.3
1.1.5.45186.5.1.1.1.1.7.28.23
1.1.5.45210.12.1.4.2
1.1.5.45306.9.1.10
1.1.5.45309.33.1.16.8
1.1.5.45311.5.1.1.2.14
1.1.5.45324.34.2.19.7
1.1.5.45357.9.1.5.2
1.1.5.45430.5.1.8.11
1.1.5.45487.13.2.5.8.5.6.13.20
1.1.5.45490.9.1.4
1.1.5.45529.15.2.7.7
1.1.5.45573.9.6.8.9
1.1.5.45617.24.3.7.1
1.1.5.45665.25.2.16.1.2
1.1.5.45671.5.1.4.3.15
1.1.5.45777.19.3.11.11
1.1.5.45825.35.6.53
1.1.5.46002.19.1.12.7
1.1.5.46130.14.2
1.1.5.46139.5.1.3
1.1.5.46336.5.1.16
1.1.5.46370.35.2.5.5.10.1
1.1.5.46494.22.2.9.4
1.1.5.46580.5.1.1
1.1.5.46591.5.1
1.1.5.46644.5.1.4.2
1.1.5.46664.9.1.4.6
1.1.5.46679.5.1.3.3
1.1.5.46708.27.1.4
1.1.5.46730.45.2.23.11
1.1.5.46855.5.1.1.1.18
1.1.5.46983.5.1.2.1.30.7
1.1.5.46986.5.1.2.2
1.1.5.47044.5.1.4.3
1.1.5.47152.5.1.18
1.1.5.47171.5.1.3.9
1.1.5.47208.39.1.22.20
1.1.5.47238.5.1.4.2.4.1
1.1.5.47276.17.3
1.1.5.47373.5.1
1.1.5.47390.5.1.1.1
1.1.5.47405.5.1.2.2.4
1.1.5.47408.5.1.1.4
1.1.5.47425.5.1.1
1.1.5.47566.5.1.8.3.9.6
1.1.5.47575.9.1.15.8
1.1.5.47667.15.2.5.5
1.1.5.47701.5.1.2
1.1.5.47757.22.4.6.1.2.3
1.1.5.47770.5.1.1.1.13.1.4
1.1.5.47889.5.1
1.1.5.47953.9.1.10
1.1.5.48005.9.1.5.1
1.1.5.48018.25.1.4.3
1.1.5.48125.41.1.8.4
1.1.5.48171.5.1
1.1.5.48247.5.1.2.2.3.1
1.1.5.48338.15.3
1.1.5.48367.5.1.2.10.16.1
1.1.5.48474.18.1.7.11.21
1.1.5.48475.9.1.13
1.1.5.48619.5.1.1.15.9.5.15
1.1.5.48634.5.1.1.5
1.1.5.48730.18.1.20.12.10
1.1.5.48816.17.1.14.6.28
1.1.5.48831.6
1.1.5.48840.5.1.2.3
1.1.5.48982.13.3.13.1
1.1.5.49095.22.1.22.12
1.1.5.49115.13.1.11.2
1.1.5.49124.16.3.4
1.1.5.49147.15.2
1.1.5.49177.14
1.1.5.49186.13.1.13
1.1.5.49219.5.1.1.1.1
1.1.5.49296.5.1
1.1.5.49319.5.1.2.17.11
1.1.5.49339.28.2.25.13.7.1
1.1.5.49342.5.1.4
1.1.5.49401.5.1.1.1
1.1.5.49513.5.1
1.1.5.49529.3
1.1.5.49561.8.1.4.30
1.1.5.49678.52.2.4
1.1.5.49752.5.1
1.1.5.49857.17.3.4
1.1.5.49929.12.1.4.9
1.1.5.49940.5.1.2
1.1.5.50016.16.2.5.13
1.1.5.50061.5.1.3.1.2.2
1.1.5.50089.10.1.49.25
1.1.5.50103.12.1.4
1.1.5.50142.9.2.8
1.1.5.50230.31.3.9
1.1.5.50478.5.1.3.1
1.1.5.50479.5.1.1
1.1.5.50549.18.1.4.3
1.1.5.50553.5.1.1.1.1.7.28.11
1.1.5.50571.5.1.2.18.7
1.1.5.50582.3
1.1.5.50595.9.1.4
1.1.5.50649.26.1.8.6
1.1.5.50673.5.1.3.5
1.1.5.50674.14.4.7.2.12
1.1.5.50677.5.1.1.2.8
1.1.5.50797.5.1.8.11
1.1.5.50853.13.2.5.8.5.6.13.20
1.1.5.50856.9.1.4
1.1.5.50899.18.1.11.28.15
1.1.5.50954.13.4.17
1.1.5.50998.24.3.7.1
1.1.5.51036.25.2.16.1.2
1.1.5.51042.5.1.4.3.15
1.1.5.51148.19.3.11.11
1.1.5.51203.35.6.50
1.1.5.51346.12.1.7
1.1.5.51350.5.1.6.1.14.2
1.1.5.51374.17.2.7.1.1
1.1.5.51521.9.1.18
1.1.5.51526.5.1.13.3
1.1.5.51743.11.1.4.29
1.1.5.51751.8.1.7
1.1.5.51774.17.2.34
1.1.5.51878.22.2.9.4
1.1.5.51888.29.5.4
1.1.5.51911.3
1.1.5.51915.5.1.1.1.3.5.7
1.1.5.51977.5.1
1.1.5.52085.5.1
1.1.5.52099.14.2.15.5
1.1.5.52254.5.1
1.1.5.52328.9.4.4
1.1.5.52334.5.1.8.1.26.2.2
1.1.5.52409.5.1.2.1.30.7
1.1.5.52412.5.1.2.2
1.1.5.52465.5.1.9.2
1.1.5.52601.5.1.3.9
1.1.5.52641.30.3
1.1.5.52641.39.1.22.29
1.1.5.52811.5.1
1.1.5.52845.16.3.12
1.1.5.52859.5.1.4.1.5.1
1.1.5.52995.5.1.8.3.9.6
1.1.5.53005.13.1.4.5
1.1.5.53118.5.1.2
1.1.5.53195.5.1.1.1.13.1.4
1.1.5.53278.17
1.1.5.53309.5.1
1.1.5.53373.9.1.10
1.1.5.53439.25.1.4.3
1.1.5.53558.41.1.8.4
1.1.5.53611.20.1.14.5
1.1.5.53702.5.1.2.2.3.1
1.1.5.53783.15.3
1.1.5.53920.30.1.13.14
1.1.5.53923.16.4.13
1.1.5.54074.5.1.1.15.9.5.15
1.1.5.54093.5.1.1.5
1.1.5.54189.25.1.8
1.1.5.54271.17.1.14.6.28
1.1.5.54286.6
1.1.5.54295.5.1.2.3
1.1.5.54551.22.1.22.12
1.1.5.54596.15.2
1.1.5.54626.14
1.1.5.54635.13.1.13
1.1.5.54682.10.1.9.3.5
1.1.5.54692.14.4.14.4
1.1.5.54790.5.1.2.17.22
1.1.5.54809.21.4.8
1.1.5.54818.5.1
1.1.5.54819.5.1.1.1.15
1.1.5.55130.19.2.4
1.1.5.55155.52.2.4
1.1.5.55199.13.1.5.1
1.1.5.55230.5.1.30.1.20
1.1.5.55316.17.3.4
1.1.5.55386.12.1.4.11
1.1.5.55398.5.1.8.1.1.5
1.1.5.55490.5.1.2.8.41.6.20
1.1.5.55523.10.1.49.16
1.1.5.55537.12.1.4
1.1.5.55575.9.2.8
1.1.5.55666.31.3.9
1.1.5.55863.13.1.7
1.1.5.55868.5.1
1.1.5.55988.18.1.4.3
1.1.5.55992.5.1.1.1.1.7.28.37
1.1.5.56010.5.1.2.18.7
1.1.5.56021.3
1.1.5.56034.9.1.4
1.1.5.56092.5.1.5
1.1.5.56176.9.1.5.2
1.1.5.56302.13.2.5.8.5.6.13.16
1.1.5.56305.9.1.4
1.1.5.56360.24.1.10.10.5
1.1.5.56402.5.1.2.18.14
1.1.5.56598.19.3.11.11
1.1.5.56626.33.3.7.1
1.1.5.56653.35.6.50
1.1.5.56806.17.2.4
1.1.5.56837.17.2.7.1.1
1.1.5.56987.14.2
1.1.5.56998.5.1.3
1.1.5.57033.10.1.4
1.1.5.57132.5.1
1.1.5.57209.11.1.4.16
1.1.5.57217.8.1.7
1.1.5.57240.17.2.34
1.1.5.57337.22.2.9.4
1.1.5.57347.29.5.4
1.1.5.57374.20.2.4.8
1.1.5.57378.5.1.1.7
1.1.5.57382.11.1.4.2
1.1.5.57423.5.1.1
1.1.5.57434.5.1
1.1.5.57491.5.1.4.2
1.1.5.57511.9.1.4.6
1.1.5.57526.5.1.3.3
1.1.5.57701.44.2.23.2.45
1.1.5.57747.9.4.4
1.1.5.57874.5.1.4.3
1.1.5.57932.14
1.1.5.57974.5.1.1.5.22
1.1.5.57978.5.1.3.1.2.2.12
1.1.5.57998.5.1.3.9
1.1.5.58033.39.5.9
1.1.5.58201.5.1
1.1.5.58218.5.1.1.1
1.1.5.58233.5.1.2.2.4
1.1.5.58236.5.1.1.4
1.1.5.58253.5.1.1
1.1.5.58396.5.1.3.3.7.2
1.1.5.58537.16.2.5.4.1
1.1.5.58579.21.1.4
1.1.5.58614.5.1.1
1.1.5.58700.17
1.1.5.58731.5.1
1.1.5.58791.9.1.10
1.1.5.58843.9.1.5.1
1.1.5.58856.25.1.4.3
1.1.5.58894.13.2.6.4.10
1.1.5.58940.5.1.2.1.4.8
1.1.5.58978.8.1.18.3
1.1.5.59037.5.1
1.1.5.59120.5.1.15
1.1.5.59205.15.3
1.1.5.59327.30.1.13.14
1.1.5.59330.16.4.13
1.1.5.59368.5.1
1.1.5.59423.32.2
1.1.5.59486.5.1.1.15.9.5.15
1.1.5.59505.5.1.1.5
1.1.5.59674.17.1.14.6.28
1.1.5.59689.6
1.1.5.59817.5.1
1.1.5.59829.9.1.4
1.1.5.59939.5.1.7.1.1
1.1.5.59951.5.1.3
1.1.5.59985.15.2
1.1.5.60015.14
1.1.5.60024.13.1.13
1.1.5.60057.5.1.1.1.1
1.1.5.60149.25.3.28.16
1.1.5.60156.5.1.2.9.7
1.1.5.60184.3
1.1.5.60203.5.1.18.6
1.1.5.60290.28.1.12.4
1.1.5.60334.5.1
1.1.5.60350.3
1.1.5.60382.8.1.4.30
1.1.5.60499.52.2.4
1.1.5.60543.13.1.5.1
1.1.5.60575.5.1.2.2.23.1.19
1.1.5.60617.13.2.12.12.6.2
1.1.5.60677.17.3.4
1.1.5.60736.12.1.4.15
1.1.5.60748.5.1.8.1.1.5
1.1.5.60841.5.1.7.7.16
1.1.5.60852.69.2.4.6
1.1.5.60886.5.1.10.1.2
1.1.5.60899.12.1.4
1.1.5.60937.9.2.8
1.1.5.61020.31.3.9
1.1.5.61242.5.1.3.2.20.2
1.1.5.61273.5.1.2.2.5.2
1.1.5.61360.18.1.4.3
1.1.5.61364.5.1.1.1.1.6.15.29
1.1.5.61382.5.1.2.18.7
1.1.5.61393.3
1.1.5.61406.9.1.4
1.1.5.61464.5.1.5
1.1.5.61550.9.1.5.2
1.1.5.61621.5.1.8.11
1.1.5.61678.13.2.5.8.5.6.13.18
1.1.5.61681.9.1.4
1.1.5.61729.18.1.11.28.20
1.1.5.61783.9.6.8.9
1.1.5.61827.24.3.7.1
1.1.5.61865.25.2.16.1.2
1.1.5.61871.5.1.4.3.15
1.1.5.62030.39.1.11.9
1.1.5.62183.12.1.7
1.1.5.62187.5.1.6.1.14.2
1.1.5.62210.31.4.11.1.20
1.1.5.62348.14.2
1.1.5.62357.5.1.3
1.1.5.62421.21.1.20
1.1.5.62560.11.1.4.16
1.1.5.62568.8.1.7
1.1.5.62591.17.2.34
1.1.5.62688.22.2.9.4
1.1.5.62723.3
1.1.5.62781.20.3.13.9
1.1.5.62789.5.1.1
1.1.5.62800.5.1
1.1.5.62880.5.1.19.1.6
1.1.5.62990.12.2.8
1.1.5.63078.41.2.27.20.21
1.1.5.63081.5.1.3.27.29.2
1.1.5.63127.9.4.4
1.1.5.63258.5.1.4.3
1.1.5.63369.5.1.18
1.1.5.63383.5.1
1.1.5.63383.16.1.4.1.18
1.1.5.63400.5.1
1.1.5.63409.5.1.1.6
1.1.5.63421.5.1.5.31
1.1.5.63421.5.1.6.1.23
1.1.5.63490.17.3
1.1.5.63588.5.1
1.1.5.63622.16.3.12
1.1.5.63636.5.1.4.1.5.1
1.1.5.63879.8.3.12.8
1.1.5.63927.5.1.2
1.1.5.64078.17
1.1.5.64119.14.3.5.8.7
1.1.5.64159.5.1.10
1.1.5.64212.17.2.6
1.1.5.64217.11.1.5.4
1.1.5.64222.25.1.4.3
1.1.5.64337.5.1.2.4
1.1.5.64357.8.1.10.10
1.1.5.64416.9.1.4.7
1.1.5.64506.5.1.2.2.3.1
1.1.5.64589.15.3
1.1.5.64699.5.1.10.1.2
1.1.5.64715.30.1.13.14
1.1.5.64718.16.4.13
1.1.5.64863.5.1.1.15.9.5.15
1.1.5.64880.5.1
1.1.5.64975.18.1.20.12.10
1.1.5.65060.17.1.14.6.28
1.1.5.65075.6
1.1.5.65084.5.1.2.3
1.1.5.65198.5.1
1.1.5.65210.9.1.4
1.1.5.65252.5.1.8
1.1.5.65314.22.1.22.12
1.1.5.65335.16.3.4
1.1.5.65358.15.2
1.1.5.65388.14
1.1.5.65397.13.1.13
1.1.5.65431.5.1.1.1.1
1.1.5.65444.5.1.8.3.9
1.1.5.65445.5.1.1.1
1.1.5.65546.5.1.2.9.10
1.1.5.65573.5.1
1.1.5.65575.30.2.27
1.1.5.65593.15.2.10.10
1.1.5.65681.5.1
1.1.5.65845.35.1.23.15
1.1.5.65898.52.2.4
1.1.5.65942.13.1.5.1
1.1.5.65974.5.1.3.2.34.3.25
1.1.5.66030.28
1.1.5.66093.17.5.9.3
1.1.5.66165.12.1.4.9
1.1.5.66179.5.1.1.1.16.1
1.1.5.66179.5.1.3.1.2.1.2
1.1.5.66277.5.1.7.7.16
1.1.5.66333.10.1.5.3
1.1.5.66347.12.1.4
1.1.5.66386.9.2.8
1.1.5.66439.18
1.1.5.66471.31.3.9
1.1.5.66676.13.1.7
1.1.5.66681.5.1
1.1.5.66750.5.1.21.1.1.3
1.1.5.66804.10.1.11.6
1.1.5.66807.11.1.8
1.1.5.66840.12.1.4.2
1.1.5.66935.5.1.3.5
1.1.5.66936.14.4.7.2.12
1.1.5.66939.5.1.1.2.8
1.1.5.66984.9.1.5.2
1.1.5.67110.13.2.5.8.5.6.13.52
1.1.5.67113.9.1.4
1.1.5.67216.9.6.8.9
1.1.5.67260.24.3.7.1
1.1.5.67302.15.1
1.1.5.67306.5.1.4.3.27
1.1.5.67406.19.3.11.11
1.1.5.67462.39.1.11.9
1.1.5.67613.17.2.4
1.1.5.67644.17.2.7.1.1
1.1.5.67780.10.1.12.3
1.1.5.67790.5.1.3
1.1.5.67823.14.1.9
1.1.5.67867.5.1.1.1
1.1.5.67899.10.2.24.8.4
1.1.5.67918.5.1
1.1.5.68006.11.1.4.16
1.1.5.68014.8.1.7
1.1.5.68037.17.2.34
1.1.5.68145.22.2.9.4
1.1.5.68155.29.5.4
1.1.5.68242.23
1.1.5.68305.5.1.1
1.1.5.68305.8.1.5
1.1.5.68354.39.2.16.11.3
1.1.5.68376.5.1
1.1.5.68521.5.1
1.1.5.68595.9.4.4
1.1.5.68726.5.1.4.3
1.1.5.68793.14
1.1.5.68837.5.1.18
1.1.5.68853.16
1.1.5.68859.5.1.3.13
1.1.5.68894.39.5.9
1.1.5.68924.5.1.4.2.4.1
1.1.5.69053.5.1
1.1.5.69087.16.3.12
1.1.5.69107.14.3.14.7.12.6
1.1.5.69107.14.3.15.1.1.1
1.1.5.69253.5.1.8.3.9.6
1.1.5.69376.5.1.2
1.1.5.69430.5.1.1.12
1.1.5.69526.17
1.1.5.69557.5.1
1.1.5.69621.9.1.10
1.1.5.69673.9.1.5.1
1.1.5.69686.25.1.4.3
1.1.5.69806.8.1.18.3
1.1.5.69865.39.3.5.15.8
1.1.5.69944.23.2.8.4.2
1.1.5.69958.11.1.4.2
1.1.5.69986.11.1.16.9
1.1.5.70036.15.3
1.1.5.70065.5.1.2.10.16.1
1.1.5.70148.5.1.4.3.9
1.1.5.70162.25.3.41
1.1.5.70197.5.1
1.1.5.70252.32.2
1.1.5.70318.5.1.1.15.9.5.15
1.1.5.70335.5.1
1.1.5.70431.25.1.8
1.1.5.70513.16.1.5.13.12
1.1.5.70525.5.1
1.1.5.70531.33.2.11.11.34.1
1.1.5.70657.5.1
1.1.5.70666.13.3.13.1
1.1.5.70781.5.1.7.1.1
1.1.5.70791.13.1.11.2
1.1.5.70824.15.2
1.1.5.70854.14
1.1.5.70863.13.1.13
1.1.5.70910.10.1.9.3.5
1.1.5.71011.5.1.2.17.22
1.1.5.71031.28.2.25.13.7.1
1.1.5.71034.5.1.4
1.1.5.71141.9.2.22
1.1.5.71234.12.1.24
1.1.5.71370.52.2.4
1.1.5.71414.13.1.5.1
1.1.5.71446.5.1.2.2.23.1.19
1.1.5.71553.5.1
1.1.5.71618.5.1.1
1.1.5.71626.45.3.23.1.3.2
1.1.5.71627.5.1.2
1.1.5.71703.16.2.5.13
1.1.5.71726.10.2.4
1.1.5.71733.5.1.2.25.17.8.27
1.1.5.71766.10.1.49.16
1.1.5.71780.12.1.4
1.1.5.71823.5.1
1.1.5.71897.31.3.9
1.1.5.72107.5.1.3.2.20.2
1.1.5.72174.5.1.21.1.1.3
1.1.5.72228.10.1.11.6
1.1.5.72230.10.1.4.3.12
1.1.5.72250.34.2.16.13.26
1.1.5.72344.5.1.3.5
1.1.5.72345.14.4.7.2.12
1.1.5.72348.5.1.1.2.8
1.1.5.72361.34.2.19.7
1.1.5.72394.9.1.5.2
1.1.5.72518.13.2.5.8.5.6.13.16
1.1.5.72521.9.1.4
1.1.5.72560.15.2.7.7
1.1.5.72616.9.6.8.9
1.1.5.72660.24.3.7.1
1.1.5.72702.15.1
1.1.5.72706.5.1.4.3.9
1.1.5.72815.19.3.11.11
1.1.5.72843.33.3.7.1
1.1.5.72982.5.1
1.1.5.73049.5.1
1.1.5.73222.14.2
1.1.5.73233.5.1.3
1.1.5.73254.10.1.4
1.1.5.73329.10.2.24.8.4
1.1.5.73435.11.1.4.23
1.1.5.73443.8.1.7
1.1.5.73466.17.2.34
1.1.5.73565.22.2.9.4
1.1.5.73575.29.5.4
1.1.5.73611.16.4.43.10.9
1.1.5.73662.5.1
1.1.5.73753.5.1.19.1.6
1.1.5.73920.5.1
1.1.5.73943.5.1.1.1.23
1.1.5.73995.9.4.4
1.1.5.74142.5.1.4.3
1.1.5.74210.14
1.1.5.74251.5.1.18
1.1.5.74267.16
1.1.5.74273.5.1.3.13
1.1.5.74310.39.1.22.20
1.1.5.74367.17.3
1.1.5.74460.5.1
1.1.5.74477.5.1.1.1
1.1.5.74492.5.1.2.2.4
1.1.5.74495.5.1.1.4
1.1.5.74512.5.1.1
1.1.5.74652.5.1.3.3.7.2
1.1.5.74783.5.1.2
1.1.5.74839.22.4.6.1.2.3
1.1.5.74933.17
1.1.5.74964.5.1
1.1.5.75031.9.1.10
1.1.5.75084.17.2.6
1.1.5.75094.25.1.4.3
1.1.5.75135.13.2.6.4.10
1.1.5.75181.5.1.2.1.4.8
1.1.5.75219.8.1.18.3
1.1.5.75278.5.1
1.1.5.75348.5.1.2.2.3.1
1.1.5.75441.15.3
1.1.5.75470.5.1.2.10.16.1
1.1.5.75550.5.1.4.3.9
1.1.5.75565.10.1.11.5
1.1.5.75722.5.1.1.15.9.5.15
1.1.5.75744.16.4.16.8.12.6
1.1.5.75827.25.1.8
1.1.5.75907.17.1.14.6.18
1.1.5.75922.6
1.1.5.75931.5.1.2.3
1.1.5.76092.33.4.8
1.1.5.76158.22.1.22.12
1.1.5.76178.13.1.11.2
1.1.5.76211.15.2
1.1.5.76241.14
1.1.5.76250.13.1.13
1.1.5.76283.5.1.1.1.1
1.1.5.76382.5.1.2.9.10
1.1.5.76399.31.2.4
1.1.5.76407.28.2.25.13.7.1
1.1.5.76410.5.1.4
1.1.5.76426.15.2.10.10
1.1.5.76514.9.2.22
1.1.5.76713.19.2.4
1.1.5.76738.52.2.4
1.1.5.76815.5.1.30.1.4
1.1.5.76872.18.2.6.1
1.1.5.76924.5.1
1.1.5.76997.12.1.4.9
1.1.5.77011.5.1.1.1.16.1
1.1.5.77011.5.1.3.1.2.1.2
1.1.5.77115.5.1.7.7.16
1.1.5.77160.10.1.5.3
1.1.5.77174.12.1.4
1.1.5.77212.9.2.8
1.1.5.77297.31.3.9
1.1.5.77504.13.1.7
1.1.5.77509.5.1
1.1.5.77548.5.1.1
1.1.5.77620.10.1.11.6
1.1.5.77622.10.1.4.3.12
1.1.5.77645.12.1.4.2
1.1.5.77741.9.1.10
1.1.5.77744.33.1.16.9
1.1.5.77746.5.1.1.2.14
1.1.5.77793.9.1.5.2
1.1.5.77919.13.2.5.8.5.6.13.39
1.1.5.77922.9.1.4
1.1.5.77961.15.2.7.7
1.1.5.78006.9.6.8.9
1.1.5.78050.24.3.7.1
1.1.5.78099.5.1.4.3.13
1.1.5.78204.19.3.11.11
1.1.5.78272.39.1.11.9
1.1.5.78371.5.1
1.1.5.78430.17.2.4
1.1.5.78461.17.2.7.1.1
1.1.5.78511.5.1.2
1.1.5.78593.14.2
1.1.5.78602.5.1.3
1.1.5.78637.14.1.9
1.1.5.78727.5.1.2.1.2.1
1.1.5.78833.11.1.4.29
1.1.5.78869.35.2.5.5.10.1
1.1.5.78991.22.2.9.4
1.1.5.79001.29.5.4
1.1.5.79033.17.1.8.5
1.1.5.79182.9.1.4.6
1.1.5.79197.5.1.3.3
1.1.5.79226.27.1.4
1.1.5.79248.45.2.23.11
1.1.5.79374.21.2.9.1.17
1.1.5.79423.5.1.12.1.41.2.2
1.1.5.79557.5.1.4.3
1.1.5.79667.5.1.18
1.1.5.79686.5.1.3.9
1.1.5.79723.30.3
1.1.5.79723.39.1.22.20
1.1.5.79886.5.1
1.1.5.79903.5.1.1.1
1.1.5.79918.5.1.2.2.4
1.1.5.79921.5.1.1.4
1.1.5.79938.5.1.1
1.1.5.80079.5.1.1.3.3.3
1.1.5.80117.12.1.12
1.1.5.80135.22.2.23
1.1.5.80182.8.3.12.8
1.1.5.80226.5.1.21
1.1.5.80242.5.1.2
1.1.5.80408.17
1.1.5.80439.5.1
1.1.5.80503.9.1.10
1.1.5.80555.9.1.5.1
1.1.5.80568.25.1.4.3
1.1.5.80692.41.1.8.4
1.1.5.80747.5.1
1.1.5.80817.5.1.2.2.3.1
1.1.5.80884.15.2.4.3
1.1.5.81011.30.1.13.14
1.1.5.81014.16.4.13
1.1.5.81142.5.1.3
1.1.5.81154.5.1.1.15.9.5.16
1.1.5.81169.5.1.1.5
1.1.5.81355.17.1.14.6.28
1.1.5.81370.6
1.1.5.81379.5.1.2.3
1.1.5.81549.5.1.8
1.1.5.81615.5.1.7.1.1
1.1.5.81657.15.2
1.1.5.81687.14
1.1.5.81696.13.1.13
1.1.5.81729.5.1.1.1.1
1.1.5.81828.5.1.2.9.10
1.1.5.81857.3
1.1.5.82060.12.1.24
1.1.5.82199.5.1.13.1.13.2.4
1.1.5.82244.13.1.5.1
1.1.5.82275.5.1.30.1.20
1.1.5.82329.28
1.1.5.82386.17.3.4
1.1.5.82445.12.1.4.15
1.1.5.82458.5.1.8.1.1.5
1.1.5.82555.5.1.2.8.38.6.22
1.1.5.82588.10.1.49.16
1.1.5.82602.12.1.4
1.1.5.82641.9.2.8
1.1.5.82905.5.1.15.1
1.1.5.82928.5.1.3.2.20.2
1.1.5.82968.18.2
1.1.5.83051.18.1.4.3
1.1.5.83055.5.1.1.1.1.6.15.14
1.1.5.83073.5.1.2.18.7
1.1.5.83084.3
1.1.5.83097.9.1.4
1.1.5.83126.24.2.12
1.1.5.83155.5.1.5
1.1.5.83189.5.1.9.4.37
1.1.5.83202.5.1
1.1.5.83323.5.1.16.13.9
1.1.5.83347.10.1.6.12
1.1.5.83405.24.1.10.10.5
1.1.5.83452.9.6.8.9
1.1.5.83496.24.3.7.1
1.1.5.83535.15.1
1.1.5.83539.5.1.4.3.9
1.1.5.83648.19.3.11.11
1.1.5.83704.39.1.11.9
1.1.5.83812.5.1
1.1.5.83873.5.1
1.1.5.84046.14.2
1.1.5.84057.5.1.3
1.1.5.84240.5.1.13.4.25
1.1.5.84250.8.1.4
1.1.5.84257.33.2.18.4
1.1.5.84272.17.2.59
1.1.5.84369.22.2.9.4
1.1.5.84423.16.4.29.9.6
1.1.5.84477.5.1
1.1.5.84493.19.2.9
1.1.5.84539.23.1.13.6
1.1.5.84543.16.1.17.4
1.1.5.84561.38.1.16
1.1.5.84603.5.1
1.1.5.84748.5.1
1.1.5.84794.19.2
1.1.5.84815.9.4.4
1.1.5.84894.5.1.2.1.30.7
1.1.5.84897.5.1.2.2
1.1.5.84957.5.1.4.3
1.1.5.85059.5.1.2.1.2.1.7
1.1.5.85073.5.1.3.13
1.1.5.85108.39.5.9
1.1.5.85263.5.1
1.1.5.85297.16.3.12
1.1.5.85311.5.1.4.1.5.1
1.1.5.85446.5.1.3.3.7.2
1.1.5.85451.10.1.8.6
1.1.5.85546.8.3.12.8
1.1.5.85588.5.1.2
1.1.5.85743.17
1.1.5.85776.5.1
1.1.5.85844.9.1.10
1.1.5.85916.25.1.4.3
1.1.5.85957.13.2.6.4.10
1.1.5.86003.5.1.2.1.4.8
1.1.5.86050.8.1.18.3
1.1.5.86109.5.1
1.1.5.86185.5.1.2.2.3.1
1.1.5.86278.15.3
1.1.5.86385.5.1.4.3.9
1.1.5.86399.25.3.41
1.1.5.86541.5.1.3
1.1.5.86553.5.1.1.15.9.5.16
1.1.5.86572.5.1.1.5
1.1.5.86642.5.1.1
1.1.5.86668.15.2.8.1.1
1.1.5.86669.5.1.4.1
1.1.5.86755.17.1.14.6.28
1.1.5.86770.6
1.1.5.86779.5.1.2.3
1.1.5.86810.5.1.18.20
1.1.5.86904.9.1.4
1.1.5.86949.5.1.8
1.1.5.87011.22.1.22.12
1.1.5.87024.5.1.3
1.1.5.87034.16.3.4
1.1.5.87057.15.2
1.1.5.87087.14
1.1.5.87096.13.1.13
1.1.5.87131.5.1.1.1.1
1.1.5.87144.5.1.8.3.9
1.1.5.87145.5.1.1.1
1.1.5.87153.24.4.13.4
1.1.5.87244.5.1.2.9.10
1.1.5.87253.23
1.1.5.87257.20.4.8
1.1.5.87266.5.1
1.1.5.87267.5.1.1.1.15
1.1.5.87316.5.1.1.2.9.3
1.1.5.87458.12.1.24
1.1.5.87600.5.1.13.1.13.2.4
1.1.5.87608.16.3.9.4
1.1.5.87649.13.1.5.1
1.1.5.87680.5.1.30.1.20
1.1.5.87723.13.2.12.11.5.4
1.1.5.87769.17.3.4
1.1.5.87828.12.1.4.15
1.1.5.87842.5.1.1.1.16.1
1.1.5.87842.5.1.3.1.2.1.2
1.1.5.87947.5.1.3.4.8.6.22
1.1.5.87980.10.1.49.16
1.1.5.87994.12.1.4
1.1.5.88032.9.2.8
1.1.5.88110.31.3.9
1.1.5.88327.13.1.7
1.1.5.88366.5.1.2.2.5.2
1.1.5.88374.58.1.4
1.1.5.88442.10.1.11.6
1.1.5.88444.10.1.4.3.12
1.1.5.88466.34.2.24.11.5
1.1.5.88547.5.1.5
1.1.5.88572.5.1.3.5
1.1.5.88573.14.4.7.2.12
1.1.5.88576.5.1.1.2.8
1.1.5.88621.9.1.5.2
1.1.5.88700.10.6.4
1.1.5.88748.13.2.5.8.5.6.13.66
1.1.5.88751.9.1.4
1.1.5.88790.15.2.7.7
1.1.5.88834.9.6.8.9
1.1.5.88878.24.3.7.1
1.1.5.88923.5.1.4.3.13
1.1.5.89031.19.3.11.11
1.1.5.89092.5.1.2.1.4.1.2
1.1.5.89094.5.1
1.1.5.89239.17.2.4
1.1.5.89270.17.2.7.1.1
1.1.5.89427.10.1.12.3
1.1.5.89437.5.1.3
1.1.5.89544.5.1.2.1.2.1
1.1.5.89615.10.1.7
1.1.5.89632.5.1.13.4.25
1.1.5.89642.5.1
1.1.5.89663.35.2.5.5.10.1
1.1.5.89788.22.2.9.4
1.1.5.89826.3
1.1.5.89886.20.3.13.9
1.1.5.89894.5.1.1
1.1.5.89905.5.1
1.1.5.90009.5.1
1.1.5.90177.21.2.9.1.17
1.1.5.90219.9.4.4
1.1.5.90354.5.1.4.3
1.1.5.90455.5.1.18
1.1.5.90469.5.1
1.1.5.90469.16.1.4.1.18
1.1.5.90486.5.1
1.1.5.90495.5.1.1.6
1.1.5.90507.39.5.9
1.1.5.90664.5.1
1.1.5.90698.16.3.12
1.1.5.90712.5.1.4.1.5.1
1.1.5.90899.12.1.12
1.1.5.90917.22.2.23
1.1.5.90964.8.3.12.8
1.1.5.91005.5.1.2
1.1.5.91061.22.4.6.1.2.3
1.1.5.91159.17
1.1.5.91190.5.1
1.1.5.91256.5.1.10
1.1.5.91305.9.1.5.1
1.1.5.91318.25.1.4.3
1.1.5.91449.8.1.11.2
1.1.5.91507.14.2.5
1.1.5.91616.5.1.14.2
1.1.5.91707.15.3
1.1.5.91736.5.1.2.10.16.1
1.1.5.91834.5.1.10.1.2
1.1.5.91851.18.1.7.11.21
1.1.5.91852.9.1.13
1.1.5.91996.5.1.3
1.1.5.92008.5.1.1.15.9.5.16
1.1.5.92025.5.1
1.1.5.92187.15
1.1.5.92201.6
1.1.5.92210.5.1.2.3
1.1.5.92397.5.1.8
1.1.5.92472.22.1.22.12
1.1.5.92492.13.1.11.2
1.1.5.92525.15.2
1.1.5.92589.5.1.4
1.1.5.92702.5.1.2.17.22
1.1.5.92719.21.4.8
1.1.5.92728.5.1
1.1.5.92730.30.2.34
1.1.5.92748.15.2.10.10
1.1.5.92925.12.1.24
1.1.5.93036.19.2.4
1.1.5.93061.52.2.4
1.1.5.93105.13.1.5.1
1.1.5.93139.13.3.21
1.1.5.93199.28
1.1.5.93255.5.1
1.1.5.93328.12.1.4.9
1.1.5.93342.5.1.1.1.16.1
1.1.5.93342.5.1.3.1.2.1.2
1.1.5.93428.23.2.15.22
1.1.5.93448.5.1.7.7.21
1.1.5.93460.5.1.24
1.1.5.93468.5.1
1.1.5.93488.10.1.5.3
1.1.5.93502.12.1.4
1.1.5.93541.9.2.8
1.1.5.93627.31.3.9
1.1.5.93832.5.1.3.2.20.2
1.1.5.93867.14.3.8
1.1.5.93902.5.1.21.1.1.3
1.1.5.93958.18.1.4.3
1.1.5.93962.5.1.1.1.1.6.15.5
1.1.5.93993.3
1.1.5.94006.9.1.4
1.1.5.94080.9.1.10
1.1.5.94083.33.1.16.9
1.1.5.94085.5.1.1.2.14
1.1.5.94130.9.1.5.2
1.1.5.94208.5.1.8
1.1.5.94248.17.5.6.1.7.3.24
1.1.5.94292.15.2.7.12
1.1.5.94336.9.6.8.9
1.1.5.94380.24.3.7.1
1.1.5.94425.5.1.4.3.36
1.1.5.94533.19.3.11.11
1.1.5.94589.5.1.2.1.4.1.2
1.1.5.94591.5.1
1.1.5.94740.17.2.4
1.1.5.94770.31.4.11.1.31
1.1.5.94820.5.1.2
1.1.5.94910.5.1.3
1.1.5.94943.14.1.9
1.1.5.95033.5.1.2.1.2.1
1.1.5.95131.5.1.16
1.1.5.95137.8.1.7
1.1.5.95160.17.2.34
1.1.5.95257.22.2.9.4
1.1.5.95293.3
1.1.5.95299.5.1.1.25.21.3
1.1.5.95302.5.1.1.1
1.1.5.95306.11.1.4.2
1.1.5.95428.23.1.13.6
1.1.5.95432.16.1.17.4
1.1.5.95450.38.1.16
1.1.5.95492.5.1
1.1.5.95640.5.1
1.1.5.95663.5.1.1.1.23
1.1.5.95707.9.4.4
1.1.5.95782.5.1.2.1.33.4
1.1.5.95785.5.1.2.2
1.1.5.95845.5.1.4.3
1.1.5.95958.16.2.6.1.10
1.1.5.95973.5.1
1.1.5.95973.16.1.4.1.18
1.1.5.95990.5.1
1.1.5.95998.33.5
1.1.6.17.16.5.9
1.1.6.178.5.1
1.1.6.195.5.1.1.1
1.1.6.210.5.1.2.2.4
1.1.6.213.5.1.1.4
1.1.6.230.5.1.1
1.1.6.370.5.1.3.3.7.2
1.1.6.375.10.1.8.6
1.1.6.498.5.1.2
1.1.6.649.17
1.1.6.682.5.1
1.1.6.797.9.1.5.1
1.1.6.810.25.1.4.3
1.1.6.929.41.1.8.4
1.1.6.973.14.2.5
1.1.6.1089.5.1.15
1.1.6.1118.12.1.4
1.1.6.1272.5.1.10.1.2
1.1.6.1288.30.1.13.14
1.1.6.1291.16.4.13
1.1.6.1445.5.1.1.15.9.5.15
1.1.6.1462.5.1
1.1.6.1647.17.1.14.6.28
1.1.6.1662.6
1.1.6.1804.13.3.13.1
1.1.6.1844.10.2.9.7
1.1.6.1916.15.1.4.5
1.1.6.1928.5.1.3
1.1.6.1938.16.3.4
1.1.6.1961.15.2
1.1.6.1991.14
1.1.6.2000.13.1.13
1.1.6.2033.5.1.1.1.1
1.1.6.2046.5.1.8.3.9
1.1.6.2047.5.1.1.1
1.1.6.2055.24.4.13.4
1.1.6.2139.5.1.2.13.15
1.1.6.2166.5.1
1.1.6.2168.30.2.27
1.1.6.2186.15.2.10.10
1.1.6.2307.5.1
1.1.6.2371.12.1.24
1.1.6.2482.19.2.4
1.1.6.2507.52.2.4
1.1.6.2551.13.1.5.1
1.1.6.2579.5.1
1.1.6.2696.5.1
1.1.6.2761.5.1.1
1.1.6.2775.5.1
1.1.6.2778.11.1.20.3
1.1.6.2787.5.1
1.1.6.2867.5.1.2.25.10.3.33
1.1.6.2899.5.1.2.1.2
1.1.6.2912.12.1.4
1.1.6.2950.9.2.8
1.1.6.3003.18
1.1.6.3036.31.3.9
1.1.6.3232.5.1.15.1
1.1.6.3320.5.1.21.1.1.3
1.1.6.3372.18.1.4.3
1.1.6.3376.5.1.1.1.1.7.28.17
1.1.6.3397.12.1.4.2
1.1.6.3493.9.1.10
1.1.6.3496.33.1.16.9
1.1.6.3498.5.1.1.2.14
1.1.6.3511.34.2.19.7
1.1.6.3544.9.1.5.2
1.1.6.3663.5.1.1.1.7.3
1.1.6.3700.15.2.7.7
1.1.6.3760.9.6.8.9
1.1.6.3804.24.3.7.1
1.1.6.3846.15.1
1.1.6.3850.5.1.4.3.32
1.1.6.3954.19.3.11.11
1.1.6.4010.39.1.11.9
1.1.6.4159.17.2.4
1.1.6.4189.31.4.11.1.31
1.1.6.4243.5.1.2
1.1.6.4332.14.2
1.1.6.4343.5.1.3
1.1.6.4376.14.1.9
1.1.6.4486.5.1
1.1.6.4578.11.1.4.18
1.1.6.4614.35.2.5.5.10.1
1.1.6.4739.22.2.9.4
1.1.6.4778.3
1.1.6.4782.5.1.1.1.3.5.7
1.1.6.4845.5.1.8.4.3.4.5
1.1.6.4849.5.1
1.1.6.4938.5.1.19.1.6
1.1.6.5126.5.1
1.1.6.5327.5.1.4.3
1.1.6.5440.5.1.1.14.21
1.1.6.5444.5.1.3.1.2.2.12
1.1.6.5464.5.1.3.9
1.1.6.5501.30.3
1.1.6.5501.39.1.22.20
1.1.6.5678.5.1
1.1.6.5712.16.3.12
1.1.6.5726.5.1.4.1.5.1
1.1.6.5860.5.1.3.3.7.2
1.1.6.5865.10.1.8.6
1.1.6.5951.5.1
1.1.6.5996.5.1.2
1.2.35.2.1.1.4.8.1.1
1.2.254.3
1.2.373.6.3.6.1.11
1.2.405.2.1.9
1.2.491.2.1.2.7.24.1.6
1.2.514.4.2.5.2.8
1.2.578.4.2.11.2.10
1.2.708.6.3.8.5.8.3
1.2.735.8.4
1.2.767.8.4.13.2
1.2.775.2.1.4.1.28.5.14
1.2.923.8.4.9.1.2.2
1.2.1235.2.1.3
1.2.1453.4.2.4
1.2.1482.6.3.8
1.2.1510.2.1.41.4.18
1.2.1543.2.1.2.1.3.3
1.2.1633.2.1.4.1.1
1.2.1657.4.2.36.8
1.2.1686.2.1.2.5
1.2.1850.6.3.14.4
1.2.1895.6.3.5.1
1.2.2040.2.1
1.2.2228.4.2.7.4.26.4
1.2.2249.2.1.2.2.13
1.2.2348.2.1.24.1.4.3
1.2.2358.2.1
1.2.2440.7
1.2.2450.2.1.1.1.1.8.25
1.2.2489.12.6.14.2.6.2
1.2.2591.2.1.2.1.2.2.65
1.2.2608.4.2.3.1.3.2.10
1.2.2649.4.2.8.3
1.2.2668.4.2.3.3.7.2
1.2.2690.2.1
1.2.2838.6.3.4.1
1.2.2900.2.1.2.2
1.2.2946.4.2.4.6.16.2
1.2.2981.2.1
1.2.3169.4.2.3.4.8
1.2.3208.2.1.32
1.2.3284.2.1.3
1.2.3459.8.4
1.2.3567.2.1.1
1.2.3598.8.4.13
1.2.3735.4.2.3.2.8.1
1.2.3773.2.1.4.1.2.2.4
1.2.3782.20.10.29.1.4.1.1
1.2.3837.2.1.1
1.2.4256.4.2.2
1.2.4277.6.3
1.2.4339.2.1.5.1
1.2.4405.4.2.32.1.2.2.8
1.2.4505.2.1.1
1.2.4518.4.2.4
1.2.4525.4.2.11.6.29.1.36.14
1.2.4562.12.6.40.7.9.3.13
1.2.4669.12.6.12
1.2.4719.4.2.27.1.20
1.2.4747.2.1.1.2.5.1.8
1.2.4769.2.1.5.1.7.1
1.2.4785.4.2.5.5.15
1.2.4861.2.1.5.1.3
1.2.4917.2.1
1.2.4953.2.1.2.2
1.2.5033.2.1.6.2
1.2.5052.2.1.10.6.10.1.3.24
1.2.5130.4.2.7.2.6.2.8
1.2.5246.2.1.15.5.8
1.2.5406.2.1.8.1.18.1.1
1.2.5416.10.5.11.1.2.1
1.2.5792.8.4.8
1.2.5925.8.4.9.4.7
1.5.67.14.2.1.28.3
1.5.282.7.2.1.3
1.5.462.13.2.1.10.4.2.6.10
1.5.466.12.2.1.3.1.1.3
1.5.506.15.2.1.7.1
1.5.569.13.2.1
1.5.675.7.2.1.6
1.5.695.25.2.1
1.5.699.8.2.1.7.3
1.5.710.10.2.1.5.3.5.7
1.5.842.9.2.1.1.3.5
1.5.855.9.2.1.4.1.1
1.5.861.9.2.1.5.4.12
1.5.905.14.2.1.8.3
1.5.1039.9.2.1.3
1.5.1142.8.2.1.9.2.8
1.5.1204.10.2.1.6.4
1.5.1466.7.2.1.7.9.22
1.5.1485.6.2.1.2
1.5.1644.13.2.1.7.1.18
1.5.1660.9.2.1.18
1.5.1681.18.2.1.4
1.5.1781.8.2.1.7
1.5.1816.7.2.1
1.5.1817.12.2.1.15.4.8.2.7.9
1.5.1925.12.2.1.2.2.4.5
1.5.2026.10.2.1.6.5.12.7
1.5.2119.8.2.1.11
1.5.2177.7.2.1
1.5.2208.10.2.1.9.6.17
1.5.2262.10.2.1.5.2
1.5.2392.6.2.1.2.15.35.2
1.5.2569.15.2.1
1.5.2577.17.2.1.8
1.5.2919.6.2.1.14.6.21.3
1.5.3008.9.2.1.5
1.5.3044.8.2.1.9.3.14.3.10
1.5.3142.7.2.1.10.2.6
1.5.3226.7.2.1.7.1.8.1
1.5.3268.7.2.1
1.5.3348.18.2.1.6
1.5.3377.8.2.1.5.3.37.1.3
1.5.3487.8.2.1.16.4.6.3
1.5.3508.8.2.1.15
1.5.3530.10.2.1.11
1.5.3691.9.2.1.3.2
1.5.3858.20.2.1.13.1
1.5.4020.10.2.1.1.1
1.5.4173.18.2.1.1
1.5.4180.6.2.1.1.1.5.2.4
1.5.4215.7.2.1.2.2.5
1.5.4329.7.2.1.19.4.8
1.5.4411.9.2.1
1.5.4794.7.2.1.2.7.11.1.10
1.5.5012.8.2.1.6
1.5.5121.33.2.1.4.2.8
1.5.5154.9.2.1.1.1.6.4
1.5.5363.9.2.1.1
1.5.5564.10.2.1.40.2.3.2.16
1.5.5732.14.2.1.17.2.3.1
1.5.5843.14.2.1.2.6.16
1.5.5862.20.2.1.2
1.5.5878.14.2.1.4.2
1.5.5997.7.2.1.13
1.5.6036.11.2.1.1.1.4.4
1.5.6039.7.2.1.3.2
1.5.6047.7.2.1.5.2
1.5.6257.8.2.1.10
1.5.6284.8.2.1.1
1.5.6310.5.2.1.16
1.5.6361.8.2.1.7.4.9.6.9
1.5.6432.15.2.1.12.3
1.5.6472.18.2.1.10.2.10.11
1.5.6694.13.2.1.16.3.11.1.5
1.5.6915.17.2.1.5.2.4
1.5.6986.10.2.1.18.3.9
1.5.7010.16.2.1.16.1.71
1.5.7152.11.2.1.3.1.2.1
1.5.7579.7.2.1.26.12.61
1.5.7588.13.2.1.44.4.2.1.48
1.5.7592.12.2.1.3.1.1.3
1.5.7680.8.2.1.3.1
1.5.7797.7.2.1.6
1.5.7849.8.2.1.1.1.5.4.7
1.5.7883.13.2.1
1.5.7990.7.2.1.13
1.5.8001.9.2.1.4.1.1
1.5.8007.9.2.1.5.4.12
1.5.8051.14.2.1.8.3
1.5.8175.6.2.1.1
1.5.8250.7.2.1.3.3.8.1
1.5.8359.10.2.1.6.4
1.5.8601.10.2.1.3.1
1.5.8615.8.2.1.1.1.13
1.5.8616.12.2.1.5.1
1.5.8619.9.2.1.3
1.5.8781.13.2.1.7.1.18
1.5.8795.9.2.1.8.5.9
1.5.8799.9.2.1.4.3
1.5.8888.15.2.1.6.5
1.5.8927.8.2.1.7
1.5.8962.7.2.1
1.5.8963.12.2.1.15.4.8.2.7.38
1.5.9073.12.2.1.2.2.4.5
1.5.9262.8.2.1.14
1.5.9357.7.2.1
1.5.9440.6.2.1.2.5.16.1.1
1.5.9536.6.2.1.2.15.35.2
1.5.9709.18.2.1.22.8.27
1.5.9868.22.2.1.14.5.33.1
1.5.10041.6.2.1.14.6.21.3
1.5.10166.8.2.1.9.3.14.3.10
1.5.10203.7.2.1.7
1.5.10264.7.2.1.10.2.6
1.5.10350.7.2.1.34.1.13.1
1.5.10392.7.2.1
1.5.10468.18.2.1.6
1.5.10493.8.2.1.5.3.37.1.3
1.5.10599.8.2.1.16.4.6.3
1.5.10636.8.2.1.4.1.1
1.5.10941.20.2.1.23.1
1.5.11091.8.2.1.2.4
1.5.11133.10.2.1.7.1.18.3.3
1.5.11232.7.2.1.32
1.5.11238.6.2.1.5.3.7.5.71
1.5.11240.17.2.1.11.2.12.4
1.5.11263.7.2.1.2.2.5
1.5.11377.7.2.1.19.4.8
1.5.11410.9.2.1.4
1.5.11460.9.2.1
1.5.11476.8.2.1.11.1.15
1.5.11803.7.2.1.2.7.11.1.12
1.5.12020.8.2.1.6
1.5.12122.33.2.1.4.2.8
1.5.12160.9.2.1.1.1.6.4
1.5.12351.6.2.1.8.2.4.3
1.5.12377.9.2.1.1
1.5.12576.10.2.1.40.2.3.2.16
1.5.12854.14.2.1.2.3.25
1.5.12877.20.2.1.2
1.5.12893.14.2.1.4.2
1.5.13013.7.2.1.13
1.5.13052.11.2.1.1.1.4.4
1.5.13055.7.2.1.3.2
1.5.13063.7.2.1.5.2
1.5.13079.11.2.1.6.1
1.5.13117.10.2.1.21.7.27.1.5
1.5.13229.9.2.1
1.5.13289.8.2.1.10
1.5.13316.8.2.1.1
1.5.13403.8.2.1.7.4.9.6.9
1.5.13474.15.2.1.12.3
1.5.13521.9.2.1
1.5.13580.10.2.1.3.1.6.4.6
1.5.13627.8.2.1.13
1.5.13729.13.2.1.16.3.11.1.37
1.5.13816.8.2.1.3.8.27.1
1.5.14009.10.2.1.15.3.5
1.5.14192.11.2.1.3.1.2.1
1.5.14633.7.2.1.26.12.61
1.5.14642.13.2.1.44.4.2.1.48
1.5.14646.12.2.1.3.1.1.3
1.5.14690.10.2.1.20.2.5.2
1.5.14738.8.2.1.3.1
1.5.14749.13.2.1
1.5.14854.7.2.1.6
1.5.14874.25.2.1
1.5.14878.8.2.1.7.3
1.5.14889.10.2.1.5.3.5.7
1.5.15024.9.2.1.1.3.5
1.5.15037.9.2.1.4.1.1
1.5.15043.9.2.1.5.4.12
1.5.15229.9.2.1.3
1.5.15401.10.2.1.6.4
1.5.15408.8.2.1.9
1.5.15667.7.2.1.7.9.22
1.5.15686.6.2.1.2
1.5.15847.12.2.1.19.9.50
1.5.15865.9.2.1.18
1.5.15886.18.2.1.4
1.5.16045.7.2.1
1.5.16046.12.2.1.15.4.8.2.7.7
1.5.16141.13.2.1.1.1
1.5.16245.10.2.1.6.5.8.10
1.5.16338.8.2.1.11
1.5.16485.7.2.1.7.3.6.1
1.5.16523.6.2.1.2.5.16.1.1
1.5.16628.6.2.1.2.15.35.2
1.5.16717.12.2.1.25.5.11.1
1.5.16788.9.2.1.13.2.5
1.5.16800.17.2.1.5
1.5.16971.22.2.1.3.4.55.1
1.5.17147.6.2.1.14.6.21.3
1.5.17306.13.2.1.6.4.34
1.5.17366.8.2.1.8.12.19.7.45
1.5.17457.10.2.1
1.5.17571.15.2.1
1.5.17607.7.2.1.9
1.5.17630.8.2.1.5.3.23.1.3
1.5.17740.8.2.1.16.4.6.3
1.5.17777.7.2.1.1.3.2
1.5.18087.20.2.1.13.1
1.5.18248.10.2.1.1.1
1.5.18393.7.2.1.32
1.5.18399.6.2.1.5.3.7.5.32
1.5.18403.8.2.1.11.9
1.5.18439.7.2.1.2.2.5
1.5.18561.7.2.1.30.4.8
1.5.18643.9.2.1
1.5.18662.7.2.1.16
1.5.18986.7.2.1.2.7.11.1.17
1.5.19128.14.2.1
1.5.19300.33.2.1.4.2.8
1.5.19338.9.2.1.1.1.6.4
1.5.19421.5.2.1
1.5.19522.6.2.1.8.2.4.3
1.5.19548.9.2.1.1
1.5.19741.10.2.1.40.2.3.2.42
1.5.19919.14.2.1.17.2.3.1
1.5.19965.7.2.1.3
1.5.20022.10.2.1.13.1.10
1.5.20025.12.2.1.16.4.21
1.5.20058.9.2.1.21.3
1.5.20179.7.2.1.13
1.5.20218.11.2.1.1.1.4.4
1.5.20221.7.2.1.3.2
1.5.20229.7.2.1.5.2
1.5.20267.11.2.1.7
1.5.20284.19.2.1.14.6
1.5.20405.6.2.1
1.5.20444.8.2.1.10
1.5.20471.8.2.1.1
1.5.20497.5.2.1.16
1.5.20548.8.2.1.7.4.9.6.9
1.5.20596.6.2.1.23.8.48.8.16
1.5.20665.18.2.1.10.2.10.11
1.5.20784.19.2.1.35.1.1.1
1.5.20862.13.2.1.16.3.11.1.37
1.5.21041.16.2.1.8.2
1.5.21082.6.2.1.4.2.4
1.5.21192.17.2.1.6.1.6.2.4
1.5.21356.11.2.1.3.1.2.1
1.5.21806.13.2.1.10.4.2.6.10
1.5.21810.12.2.1.3.1.1.3
1.5.21850.15.2.1.7.1
1.5.22013.7.2.1.6
1.5.22033.25.2.1
1.5.22037.8.2.1.7.3
1.5.22043.6.2.1.9.1.2.2.6
1.5.22173.9.2.1.1.3.5
1.5.22186.9.2.1.4.1.1
1.5.22192.9.2.1.5.4.12
1.5.22365.21.2.1.20.3.4
1.5.22371.9.2.1.7
1.5.22442.11.2.1.2.1.9
1.5.22550.10.2.1.6.4
1.5.22709.8.2.1
1.5.22790.7.2.1.7.9.23
1.5.22812.8.2.1.1.2.2
1.5.22814.8.2.1
1.5.22970.13.2.1.5
1.5.22990.9.2.1.8.5.9
1.5.22994.9.2.1.4.3
1.5.23052.11.2.1.3.3
1.5.23125.8.2.1.7
1.5.23160.7.2.1
1.5.23161.12.2.1.15.4.8.2.7.16
1.5.23265.12.2.1.2.2.4.5
1.5.23362.10.2.1.6.13.5.5
1.5.23455.8.2.1.11
1.5.23607.7.2.1.7.3.6.1
1.5.23720.6.2.1.2.15.35.2
1.5.23809.12.2.1.25.5.11.1
1.5.23886.18.2.1.22.8.27
1.5.23899.7.2.1.7.5.6.3.9
1.5.23922.7.2.1.2.1.2.2
1.5.23927.11.2.1.15
1.5.24231.6.2.1.14.6.21.3
1.5.24379.12.2.1.11
1.5.24445.11.2.1.18.7.17.4.12
1.5.24534.10.2.1
1.5.24671.6.2.1.7.4.7.7
1.5.24687.9.2.1
1.5.24695.10.2.1.2.7.34
1.5.25146.14.2.1.17
1.5.25302.8.2.1.2.4
1.5.25448.18.2.1.1
1.5.25455.6.2.1.1.1.5.2.4
1.5.25490.7.2.1.6.10.35
1.5.25595.7.2.1.19.4.8
1.5.25681.9.2.1
1.5.26057.7.2.1.2.7.11.1.15
1.5.26370.33.2.1.4.2.8
1.5.26403.9.2.1.1.1.6.4
1.5.26610.9.2.1.1
1.5.26796.10.2.1.40.3.3.2.33
1.5.26803.14.2.1.1.1.2.1.39
1.5.26942.8.2.1.8.6.48.1.8.84
1.5.27057.12.2.1.9.4.12
1.5.27073.38.2.1.2.2.4.7.25
1.5.27090.9.2.1.21.3
1.5.27110.11.2.1
1.5.27207.7.2.1.13
1.5.27246.11.2.1.1.1.4.4
1.5.27249.7.2.1.3.2
1.5.27257.7.2.1.5.2
1.5.27432.9.2.1
1.5.27492.8.2.1.10
1.5.27519.8.2.1.1
1.5.27606.8.2.1.7.4.9.6.9
1.5.27677.15.2.1.12.3
1.5.27934.13.2.1.16.3.11.1.37
1.5.28018.8.2.1.3.8.27.1
1.5.28103.16.2.1.8.2
1.5.28144.8.2.1.6.5.16
1.5.28170.11.2.1.2.1.12.2
1.5.28210.6.2.1
1.5.28224.11.2.1.2.2.1.2
1.5.28400.11.2.1.3.1.2.1
1.5.28676.8.2.1.2
1.5.28816.7.2.1.26.12.60
1.5.28825.13.2.1.44.4.2.1.48
1.5.28829.12.2.1.3.1.1.3
1.5.28939.13.2.1
1.5.29044.7.2.1.6
1.5.29064.25.2.1
1.5.29068.8.2.1.7.3
1.5.29079.10.2.1.5.3.5.7
1.5.29212.9.2.1.1.3.5
1.5.29225.9.2.1.4.1.1
1.5.29231.9.2.1.5.4.12
1.5.29275.14.2.1.8.3
1.5.29406.6.2.1.1
1.5.29515.8.2.1.9.2.8
1.5.29583.10.2.1.6.4
1.5.29590.8.2.1.9
1.5.30020.13.2.1.5
1.5.30040.9.2.1.8.5.9
1.5.30044.9.2.1.4.3
1.5.30236.7.2.1
1.5.30237.12.2.1.15.4.8.2.7.9
1.5.30332.13.2.1.1.1
1.5.30432.10.2.1.6.5.12.7
1.5.30525.8.2.1.11
1.5.30564.10.2.1
1.5.30630.7.2.1
1.5.30696.7.2.1.7.3.6.1
1.5.30727.10.2.1.19.2.7
1.5.30823.6.2.1.2.15.35.2
1.5.31009.15.2.1
1.5.31017.17.2.1.8
1.5.31339.6.2.1.14.6.21.3
1.5.31469.13.2.1.9
1.5.31497.12.2.1.11
1.5.31559.15.2.1.10
1.5.31653.10.2.1
1.5.31714.7.2.1
1.5.31762.15.2.1
1.5.31796.6.2.1.16.4.14.7
1.5.31812.9.2.1
1.5.31820.10.2.1.2.7.34
1.5.31921.8.2.1.16.4.6.3
1.5.31940.8.2.1.19
1.5.31962.10.2.1.11
1.5.32277.20.2.1.23.1
1.5.32436.8.2.1.2.4
1.5.32584.18.2.1.1
1.5.32591.6.2.1.1.1.5.2.4
1.5.32625.7.2.1.6.10.35
1.5.32738.7.2.1.30.4.8
1.5.32775.12.2.1.2.1.29
1.5.32778.10.2.1.3.1
1.5.32834.14.2.1.6
1.5.33181.7.2.1.2.7.11.1.10
1.5.33324.14.2.1
1.5.33510.33.2.1.4.2.8
1.5.33543.9.2.1.1.1.6.4
1.5.33748.9.2.1.1
1.5.33941.10.2.1.40.3.3.2.33
1.5.33948.14.2.1.1.1.2.1.39
1.5.34108.14.2.1.17.2.3.1
1.5.34211.14.2.1.2.6.18
1.5.34237.20.2.1.2
1.5.34253.14.2.1.4.2
1.5.34379.7.2.1.13
1.5.34418.8.2.1
1.5.34426.7.2.1.5.2
1.5.34577.9.2.1
1.5.34637.8.2.1.10
1.5.34664.8.2.1.1
1.5.34754.14.2.1.1.1.1
1.5.34968.12.2.1.1.1.2
1.5.34969.13.2.1.4.3.7
1.5.35137.13.2.1.16.3.11.1.5
1.5.35351.6.2.1.4.2.4
1.5.35419.10.2.1.15.3.5
1.5.35443.16.2.1.16.1.71
1.5.35604.11.2.1.3.1.2.1
1.5.36038.7.2.1.26.12.61
1.5.36047.13.2.1.44.4.2.1.48
1.5.36051.12.2.1.3.1.1.3
1.5.36250.7.2.1.6
1.5.36270.25.2.1
1.5.36274.8.2.1.7.3
1.5.36280.6.2.1.9.1.2.2.6
1.5.36409.9.2.1.1.3.5
1.5.36422.9.2.1.4.1.1
1.5.36428.9.2.1.5.4.12
1.5.36472.14.2.1.8.3
1.5.36593.21.2.1.20.3.4
1.5.36599.9.2.1.7
1.5.36603.11.2.1.1
1.5.36771.10.2.1.6.4
1.5.36778.8.2.1.9
1.5.37035.7.2.1.7.9.22
1.5.37054.6.2.1.2
1.5.37220.10.2.1.5.1.1
1.5.37243.6.2.1.4.1.1.1.13
1.5.37348.8.2.1.7
1.5.37383.7.2.1
1.5.37384.12.2.1.15.4.8.2.7.9
1.5.37482.12.2.1.2.2.4.5
1.5.37584.10.2.1.6.5.12.7
1.5.37677.8.2.1.11
1.5.37834.10.2.1.2.7.13.4
1.5.37864.10.2.1.19.2.7
1.5.37964.6.2.1.2.15.35.2
1.5.38053.12.2.1.25.5.11.1
1.5.38149.9.2.1.11.3.16
1.5.38169.7.2.1.2.1.2.2
1.5.38174.11.2.1.15
1.5.38308.9.2.1
1.5.38461.6.2.1.14.6.21.3
1.5.38616.7.2.1.7
1.5.38680.11.2.1.18.7.17.4.12
1.5.38763.10.2.1
1.5.38877.15.2.1
1.5.38913.7.2.1.9
1.5.38936.8.2.1.5.3.23.1.3
1.5.39062.7.2.1.1.3.2
1.5.39374.20.2.1.23.1
1.5.39533.8.2.1.2.4
1.5.39610.10.2.1
1.5.39671.7.2.1.32
1.5.39677.6.2.1.5.3.7.5.42
1.5.39679.17.2.1.11.2.12.4
1.5.39702.7.2.1.2.2.5
1.5.39824.7.2.1.30.4.8
1.5.39902.9.2.1
1.5.39918.8.2.1.11.1.15
1.5.40154.24.2.1.1.2.75.2
1.5.40230.7.2.1.2.7.11.1.15
1.5.40445.8.2.1.6
1.5.40550.33.2.1.4.2.8
1.5.40588.9.2.1.1.1.6.4
1.5.40793.9.2.1.1
1.5.40987.10.2.1.40.3.3.2.16
1.5.41153.8.2.1.8.6.48.1.8.56
1.5.41200.7.2.1.3
1.5.41262.12.2.1.9.4.12
1.5.41278.38.2.1.2.2.4.7.25
1.5.41295.9.2.1.21.3
1.5.41416.7.2.1.13
1.5.41455.8.2.1
1.5.41463.7.2.1.5.2
1.5.41620.9.2.1
1.5.41680.8.2.1.10
1.5.41707.8.2.1.1
1.5.41797.14.2.1.1.1.1
1.5.42164.13.2.1.16.3.11.1.5
1.5.42244.8.2.1.3.8.27.1
1.5.42642.11.2.1.3.1.2.1
1.5.43115.13.2.1.10.4.2.6.10
1.5.43119.12.2.1.3.1.1.3
1.5.43163.10.2.1.20.2.5.2
1.5.43220.13.2.1
1.5.43326.7.2.1.6
1.5.43346.25.2.1
1.5.43350.8.2.1.7.3
1.5.43361.10.2.1.5.3.5.7
1.5.43434.12.2.1.7.3
1.5.43492.9.2.1.1.3.5
1.5.43505.9.2.1.4.1.1
1.5.43511.9.2.1.5.4.12
1.5.43555.14.2.1.8.3
1.5.43683.21.2.1.20.3.4
1.5.43689.9.2.1.7
1.5.43760.11.2.1.2.1.9
1.5.43809.7.2.1
1.5.43869.10.2.1.6.4
1.5.43876.8.2.1.9
1.5.43918.10.2.1.9.1
1.5.44137.8.2.1.1.2.2
1.5.44139.8.2.1
1.5.44321.9.2.1.8.5.9
1.5.44325.9.2.1.4.3
1.5.44469.8.2.1.7
1.5.44504.7.2.1
1.5.44505.12.2.1.15.4.8.2.7.9
1.5.44610.12.2.1.2.2.4.5
1.5.44798.8.2.1.11
1.5.44837.10.2.1
1.5.44899.10.2.1.4.2.1
1.5.44953.10.2.1.5.2
1.5.45000.15.2.1.3.1.4.1
1.5.45064.6.2.1.2.15.35.2
1.5.45237.18.2.1.22.8.27
1.5.45269.7.2.1.2.1.2.2
1.5.45274.11.2.1.15
1.5.45583.6.2.1.14.6.21.3
1.5.45672.9.2.1.5
1.5.45799.7.2.1.10.2.6
1.5.45947.7.2.1
1.5.46019.18.2.1.21
1.5.46048.8.2.1.5.3.37.1.3
1.5.46166.25.2.1.3
1.5.46188.10.2.1.11
1.5.46514.14.2.1.17
1.5.46675.8.2.1.2.4
1.5.46824.12.2.1
1.5.46842.7.2.1.2
1.5.46848.6.2.1.5.3.7.5.20
1.5.46854.11.2.1.7
1.5.46888.7.2.1.2.2.5
1.5.47010.7.2.1.30.4.8
1.5.47034.19.2.1.8.1
1.5.47041.17.2.1.6.1.1
1.5.47083.9.2.1
1.5.47099.8.2.1.11.1.15
1.5.47423.7.2.1.2.7.11.1.16
1.5.47636.8.2.1.6
1.5.47743.33.2.1.4.2.8
1.5.47776.9.2.1.1.1.6.4
1.5.47993.9.2.1.1
1.5.48187.10.2.1.40.2.3.2.52
1.5.48450.14.2.1.2.3.24
1.5.48469.20.2.1.2
1.5.48485.14.2.1.4.2
1.5.48605.7.2.1.13
1.5.48636.11.2.1.1.1.4.4
1.5.48639.7.2.1.3.2
1.5.48647.7.2.1.5.2
1.5.48704.10.2.1.21.7.27.1.5
1.5.48835.6.2.1
1.5.48874.8.2.1.10
1.5.48901.8.2.1.1
1.5.48988.8.2.1.7.4.9.6.9
1.5.49121.18.2.1.10.2.10.11
1.5.49325.13.2.1.16.3.11.1.5
1.5.49405.8.2.1.3.8.27.1
1.5.49809.11.2.1.3.1.2.1
1.5.50082.7.2.1.3
1.5.50262.13.2.1.10.4.2.6.10
1.5.50371.7.2.1.11
1.5.50380.13.2.1
1.5.50486.7.2.1.6
1.5.50506.25.2.1
1.5.50510.8.2.1.7.3
1.5.50521.10.2.1.5.3.5.7
1.5.50653.9.2.1.1.3.5
1.5.50666.9.2.1.4.1.1
1.5.50672.9.2.1.5.4.12
1.5.50716.14.2.1.8.3
1.5.50832.21.2.1.20.3.4
1.5.50838.9.2.1.7
1.5.50842.11.2.1.1
1.5.51010.10.2.1.6.4
1.5.51017.8.2.1.9
1.5.51251.7.2.1.7.9.22
1.5.51273.8.2.1.1.2.2
1.5.51275.8.2.1
1.5.51309.8.2.1.5.1.10.3
1.5.51444.13.2.1.5
1.5.51464.9.2.1.8.5.9
1.5.51468.9.2.1.4.3
1.5.51557.15.2.1.6.5
1.5.51639.7.2.1
1.5.51640.12.2.1.15.4.8.2.7.21
1.5.51747.13.2.1.1.1
1.5.51851.10.2.1.6.5.8.10
1.5.51944.8.2.1.11
1.5.51964.8.2.1.2.1
1.5.52041.10.2.1.3.2.1
1.5.52094.10.2.1.2.5.38.3
1.5.52124.10.2.1.19.2.7
1.5.52220.6.2.1.2.15.35.2
1.5.52404.15.2.1
1.5.52411.9.2.1.6.3.10
1.5.52751.6.2.1.14.6.21.3
1.5.52876.8.2.1.9.3.14.3.10
1.5.52917.13.2.1.6.4.34
1.5.53067.7.2.1.34.1.13.1
1.5.53184.6.2.1.7.4.7.7
1.5.53200.9.2.1
1.5.53208.10.2.1.2.7.34
1.5.53316.8.2.1.16.4.6.3
1.5.53353.7.2.1.1.3.2
1.5.53665.20.2.1.13.1
1.5.53826.10.2.1.1.1
1.5.53976.12.2.1
1.5.53994.7.2.1.2
1.5.54000.6.2.1.5.3.7.5.20
1.5.54002.17.2.1.11.2.12.4
1.5.54047.11.2.1.1
1.5.54137.7.2.1.30.4.8
1.5.54161.19.2.1.8.1
1.5.54168.17.2.1.6.1.1
1.5.54225.14.2.1.6
1.5.54563.7.2.1.2.7.11.1.16
1.5.54895.33.2.1.4.2.8
1.5.54928.9.2.1.1.1.6.4
1.5.55112.6.2.1.8.2.4.3
1.5.55138.9.2.1.1
1.5.55331.7.2.1.6.2
1.5.55596.12.2.1.9.4.12
1.5.55629.9.2.1.21.3
1.5.55649.11.2.1
1.5.55746.7.2.1.13
1.5.55785.11.2.1.1.1.4.4
1.5.55788.7.2.1.3.2
1.5.55796.7.2.1.5.2
1.5.55853.10.2.1.21.7.27.1.5
1.5.56020.8.2.1.10
1.5.56047.8.2.1.1
1.5.56134.8.2.1.7.4.9.6.9
1.5.56205.15.2.1.12.3
1.5.56245.18.2.1.10.2.10.11
1.5.56299.10.2.1.3.1.6.4.6
1.5.56452.13.2.1.16.3.11.1.5
1.5.56536.8.2.1.3.8.27.1
1.5.56621.16.2.1.8.2
1.5.56725.6.2.1
1.5.56739.11.2.1.2.2.1.2
1.5.56780.17.2.1.6.1.6.2.4
1.5.56936.11.2.1.3.1.2.1
1.5.57221.7.2.1.3
1.5.57370.7.2.1.26.12.61
1.5.57379.13.2.1.44.4.2.1.48
1.5.57429.10.2.1.20.2.5.2
1.5.57591.7.2.1.6
1.5.57611.25.2.1
1.5.57615.8.2.1.7.3
1.5.57621.6.2.1.9.1.2.2.6
1.5.57662.13.2.1
1.5.57747.9.2.1.1.3.5
1.5.57760.9.2.1.4.1.1
1.5.57766.9.2.1.5.4.12
1.5.57950.9.2.1.3
1.5.58117.10.2.1.6.4
1.5.58124.8.2.1.9
1.5.58166.10.2.1.9.1
1.5.58373.7.2.1.7.9.23
1.5.58392.6.2.1.2
1.5.58433.20.2.1
1.5.58562.13.2.1.7.1.18
1.5.58576.9.2.1.8.5.9
1.5.58580.9.2.1.4.3
1.5.58768.7.2.1
1.5.58769.12.2.1.15.4.8.2.7.7
1.5.58870.12.2.1.2.2.4.5
1.5.58972.10.2.1.6.5.12.7
1.5.59065.8.2.1.11
1.5.59104.10.2.1
1.5.59128.7.2.1
1.5.59209.7.2.1.7.3.6.1
1.5.59352.6.2.1.2.15.35.2
1.5.59441.12.2.1.25.5.11.1
1.5.59526.15.2.1
1.5.59534.17.2.1.8
1.5.59556.7.2.1
1.5.59879.6.2.1.14.6.21.3
1.5.60095.7.2.1.10.2.6
1.5.60237.7.2.1
1.5.60309.18.2.1.21
1.5.60338.8.2.1.5.3.37.1.3
1.5.60813.20.2.1.13.1
1.5.60972.8.2.1.2.4
1.5.61014.10.2.1.7.1.18.3.3
1.5.61110.18.2.1.1
1.5.61117.6.2.1.1.1.5.2.4
1.5.61152.7.2.1.6.10.35
1.5.61265.7.2.1.30.4.8
1.5.61298.9.2.1.4
1.5.61344.9.2.1
1.5.61360.8.2.1.11.1.15
1.5.61587.16.2.1.16.6.59.4.10.26
1.5.61594.24.2.1.1.2.75.2
1.5.61677.7.2.1.2.7.11.1.4
1.5.61822.14.2.1
1.5.62005.33.2.1.4.2.8
1.5.62043.9.2.1.1.1.6.4
1.5.62260.9.2.1.1
1.5.62632.14.2.1.17.2.3.1
1.5.62679.7.2.1.3
1.5.62741.14.2.1.2.6.18
1.5.62760.20.2.1.2
1.5.62776.14.2.1.4.2
1.5.62871.11.2.1
1.5.62905.6.2.1.4.1.3
1.5.62953.15.2.1.24.3.10.7
1.5.63172.8.2.1.10
1.5.63199.8.2.1.1
1.5.63289.14.2.1.1.1.1
1.5.63504.10.2.1.3.1.6.4.6
1.5.63652.13.2.1.16.3.11.1.37
1.5.63985.17.2.1.6.1.6.2.4
1.5.64131.11.2.1.3.1.2.1
1.5.64598.7.2.1.26.12.61
1.5.64607.13.2.1.44.4.2.1.48
1.5.64657.10.2.1.20.2.5.2
1.5.64714.13.2.1
1.5.64814.7.2.1.6
1.5.64834.25.2.1
1.5.64838.8.2.1.7.3
1.5.64849.10.2.1.5.3.5.7
1.5.64974.9.2.1.1.3.5
1.5.64987.9.2.1.4.1.1
1.5.64993.9.2.1.5.4.12
1.5.65037.14.2.1.8.3
1.5.65162.21.2.1.20.3.4
1.5.65168.9.2.1.7
1.5.65172.11.2.1.1
1.5.65290.8.2.1.9.2.8
1.5.65358.10.2.1.6.4
1.5.65628.14.2.1.19.3.13
1.5.65645.6.2.1.2
1.5.65665.18.2.1
1.5.65682.8.2.1.5.1.15.3
1.5.65842.9.2.1.8.5.9
1.5.65846.9.2.1.4.3
1.5.65977.8.2.1.7
1.5.66012.7.2.1
1.5.66013.12.2.1.15.4.8.2.7.11
1.5.66118.13.2.1.1.1
1.5.66218.10.2.1.6.5.12.7
1.5.66311.8.2.1.11
1.5.66331.8.2.1.2.1
1.5.66363.7.2.1
1.5.66445.7.2.1.7.3.6.1
1.5.66467.15.2.1
1.5.66567.6.2.1.2.15.35.2
1.5.66751.6.2.1.12
1.5.66763.13.2.1
1.5.66779.7.2.1.2.1.2.2
1.5.66784.11.2.1.15
1.5.67090.6.2.1.14.6.21.3
1.5.67178.9.2.1.5
1.5.67210.7.2.1
1.5.67316.11.2.1.18.7.17.4.12
1.5.67406.10.2.1
1.5.67467.7.2.1
1.5.67539.18.2.1.21
1.5.67568.8.2.1.5.3.37.1.3
1.5.67687.10.2.1.13
1.5.67709.10.2.1.11
1.5.67755.8.2.1.6.1.3
1.5.68030.20.2.1.13.1
1.5.68195.8.2.1.2.4
1.5.68341.12.2.1
1.5.68359.7.2.1.2
1.5.68365.6.2.1.5.3.7.5.20
1.5.68367.17.2.1.11.2.12.4
1.5.68390.7.2.1.2.2.5
1.5.68504.7.2.1.19.4.8
1.5.68528.19.2.1.8.1
1.5.68535.17.2.1.6.1.1.1.1
1.5.68593.14.2.1.6
1.5.68702.9.2.1
1.5.68815.16.2.1.16.6.59.4.10.29
1.5.68822.24.2.1.1.2.75.2
1.5.68895.7.2.1.2.7.11.1.1
1.5.69115.8.2.1.6
1.5.69224.33.2.1.4.2.8
1.5.69262.9.2.1.1.1.6.4
1.5.69467.9.2.1.1
1.5.69651.10.2.1.40.2.3.2.22
1.5.69658.14.2.1.1.1.2.1.28
1.5.69815.14.2.1.17.2.3.1
1.5.69949.38.2.1.2.2.4.7.39
1.5.69972.14.2.1.4.2
1.5.70098.7.2.1.13
1.5.70137.8.2.1
1.5.70145.7.2.1.5.2
1.5.70175.11.2.1.8
1.5.70188.21.2.1.3.2.11
1.5.70296.9.2.1
1.5.70356.8.2.1.10
1.5.70383.8.2.1.1
1.5.70473.14.2.1.1.1.1
1.5.70827.13.2.1.16.3.11.1.37
1.5.70911.8.2.1.3.8.27.1
1.5.71047.17.2.1.5.2.4
1.5.71157.17.2.1.6.1.6.2.4
1.5.71231.6.2.1
1.5.71302.11.2.1.3.1.2.1
1.5.71587.8.2.1.2
1.5.71761.13.2.1.10.4.2.6.10
1.5.71765.12.2.1.3.1.1.3
1.5.71866.8.2.1.3.1
1.5.71877.13.2.1
1.5.71978.7.2.1.6
1.5.71998.25.2.1
1.6.17.8.2.1.2
1.6.175.8.2.1.3.2.7
1.6.193.8.2.1.23
1.6.287.8.2.1.8.3.25.1
1.6.302.8.2.1.8.4
1.6.411.8.2.1.4.1
1.6.475.8.2.1.2.2.60
1.6.512.8.2.1
1.6.547.8.2.1.8.2.4.8
1.6.614.8.2.1.9.4.39
1.6.615.8.2.1
1.6.832.8.2.1.10.4.6.3.10
1.6.832.8.2.1.11.1
1.6.894.8.2.1.2.1.11.2.24
1.6.914.8.2.1.19
1.6.921.8.2.1.2
1.6.1114.8.2.1.9
1.6.1142.8.2.1.3.2.2.6.24
1.6.1412.8.2.1.15.2
1.6.1659.8.2.1.1
1.6.1701.8.2.1.21.4.12
1.6.1805.8.2.1.22.5.19.2.3
1.6.1928.8.2.1
1.6.2001.8.2.1.19.9.18
1.6.2149.8.2.1.4
1.6.2193.8.2.1.11.11.22.5.21
1.6.2204.8.2.1.3.1
1.6.2241.8.2.1.9.4
1.6.2404.8.2.1.3.3
1.6.2644.8.2.1.9.7.15.1
1.6.2692.8.2.1.16.2.3
1.6.2726.8.2.1.9.2
1.6.2811.8.2.1.2
1.6.2995.8.2.1.21.1
1.6.3029.8.2.1.3.3
1.6.3067.8.2.1.10.1.8
1.6.3093.8.2.1.16.7.29.3.7
1.6.3240.8.2.1.1
1.6.3258.8.2.1.1
1.6.3303.8.2.1.4.1.11
1.6.3333.8.2.1
1.6.3355.8.2.1.2.2
1.6.3541.8.2.1
1.6.3629.8.2.1.18.3.10.2.21
1.6.3999.8.2.1.3.1.6
1.6.4005.8.2.1.2
1.6.4006.8.2.1.4.1
1.6.4058.8.2.1.1.1
1.6.4060.8.2.1.5
1.6.4064.8.2.1.15.1
1.6.4173.8.2.1.3
1.6.4212.8.2.1.1
1.6.4223.8.2.1.6
1.6.4551.8.2.1.9.3.4.3.36
1.6.4598.8.2.1.1.1
1.6.4619.8.2.1.2
1.6.4726.8.2.1.3.1.2
1.6.4991.8.2.1.7.2.11
1.6.5188.8.2.1.8
1.6.5289.8.2.1.21
1.6.5525.8.2.1.2
1.6.5639.8.2.1
1.6.5679.8.2.1.1.1
1.6.5701.8.2.1.14.2
1.6.5754.8.2.1.2.1
1.6.5789.8.2.1.8.1.22
1.6.5824.8.2.1.7.4.19
1.6.5851.8.2.1.2
1.6.5866.8.2.1
1.6.5872.8.2.1.4.8
1.6.6005.8.2.1.13.1.2
1.6.6040.8.2.1.3.2.2.1
1.6.6074.8.2.1.4.1.3
1.6.6190.8.2.1.2.2.5
1.6.6297.8.2.1.12.1.6
1.6.6298.8.2.1.14.1.8.1
1.6.6305.8.2.1.4
1.6.6328.8.2.1.19.2
1.6.6368.8.2.1.2
1.6.6384.8.2.1.1.1.1
1.6.6402.8.2.1.21.1
1.6.6418.8.2.1.1
1.6.6511.8.2.1
1.6.6565.8.2.1
1.6.6589.8.2.1
1.6.6981.8.2.1.2.1.1
1.6.7027.8.2.1.3.2.5.1
1.6.7040.8.2.1.9.2.5
1.6.7073.8.2.1.12.3.12.3
1.6.7097.8.2.1
1.6.7110.8.2.1
1.6.7137.8.2.1.15
1.6.7396.8.2.1.5.2
1.6.7448.8.2.1.2.1.1.1
1.6.7466.8.2.1.3.3
1.6.7631.8.2.1.1.1.19.15
1.6.7662.8.2.1
1.6.7729.8.2.1.9.4.8.4
1.6.7875.8.2.1.1.1.27.1.1
1.6.8100.8.2.1.5.1
1.6.8132.8.2.1.17
1.6.8157.8.2.1.6.3.13.5
1.6.8157.8.2.1.6.3.14.1.6
1.6.8175.8.2.1.2.2
1.6.8252.8.2.1.2.5.9.4
1.6.8320.8.2.1.3.2.7
1.6.8338.8.2.1.23
1.6.8432.8.2.1.8.3.25.1
1.6.8456.8.2.1.8.4
1.6.8567.8.2.1.4.1
1.6.8620.8.2.1
1.6.8633.8.2.1.3.4.35
1.6.8766.8.2.1.11.4
1.6.8830.8.2.1.6.4
1.6.9000.8.2.1.8.1.4.1.16
1.6.9066.8.2.1.8.2.6
1.6.9086.8.2.1.19
1.6.9093.8.2.1.2
1.6.9238.8.2.1.2.2
1.6.9274.8.2.1.5
1.6.9454.8.2.1.5.5.5
1.6.9620.8.2.1.15.2
1.6.9880.8.2.1.1
1.6.9934.8.2.1.2.2.6.3.12
1.6.10016.8.2.1.32.5.6.1
1.6.10046.8.2.1.22.5.19.2.3
1.6.10167.8.2.1
1.6.10234.8.2.1.19.9.18
1.6.10382.8.2.1.4
1.6.10423.8.2.1.11.6.1.1.10
1.6.10434.8.2.1.3.1
1.6.10555.8.2.1.47.2.4.2
1.6.10633.8.2.1.3.3
1.6.10872.8.2.1.5.3
1.6.10966.8.2.1.9.2
1.6.11045.8.2.1.16
1.6.11087.8.2.1.24.1
1.6.11227.8.2.1.21.1
1.6.11261.8.2.1.3.3
1.6.11299.8.2.1.10.1.8
1.6.11325.8.2.1.16.7.29.3.7
1.6.11485.8.2.1.7.2.58.4.13
1.6.11510.8.2.1
1.6.11538.8.2.1.15.1.11
1.6.11568.8.2.1
1.6.11765.8.2.1
1.6.11845.8.2.1.3.2.11.3.9
1.6.12124.8.2.1.5.1.2
1.6.12222.8.2.1.3.1.6
1.6.12228.8.2.1.2
1.6.12229.8.2.1.4.1
1.6.12236.8.2.1.15.6.8.1.9.27
1.6.12278.8.2.1.4
1.6.12283.8.2.1
1.6.12410.8.2.1.2.5.7.1.1
1.6.12411.8.2.1
1.6.12446.8.2.1.4
1.6.12641.8.2.1.10.4
1.6.12665.8.2.1.8.1
1.6.12693.8.2.1.13.6.30.4
1.6.12698.8.2.1
1.6.12775.8.2.1.34.1.2.1
1.6.12787.8.2.1.58.7.10.4.35
1.6.12834.8.2.1.1.1
1.6.12855.8.2.1.2
1.6.13038.8.2.1.9
1.6.13232.8.2.1.2.2.9
1.6.13413.8.2.1.8
1.6.13514.8.2.1.21
1.6.13747.8.2.1.12.7.12.2.11
1.6.13882.8.2.1.1.1
1.6.13904.8.2.1.14.2
1.6.13921.8.2.1.12.1.3.2
1.6.14022.8.2.1.4.4.15.4
1.6.14054.8.2.1.7
1.6.14066.8.2.1
1.6.14072.8.2.1.4.4
1.6.14202.8.2.1.12.4.27
1.6.14250.8.2.1.3.2.21.6
1.6.14292.8.2.1.4.1.3
1.6.14503.8.2.1.12.1.6
1.6.14504.8.2.1.14.1.8.1
1.6.14511.8.2.1.4
1.6.14537.8.2.1.19.2
1.6.14574.8.2.1.2
1.6.14590.8.2.1.1.1.1
1.6.14608.8.2.1.21.1
1.6.14630.8.2.1
1.6.14785.8.2.1
1.6.14804.8.2.1
1.6.14856.8.2.1
1.6.15111.8.2.1.12.1
1.6.15282.8.2.1.7.2.5
1.6.15368.8.2.1.15
1.6.15681.8.2.1.2.1.1.1
1.6.16008.8.2.1.7
1.6.16108.8.2.1.1.1.27.1.1
1.6.16326.8.2.1.5.1
1.6.16358.8.2.1.17
1.6.16383.8.2.1.6.3.13.5
1.6.16383.8.2.1.6.3.14.1.6
1.6.16400.8.2.1.2
1.6.16458.8.2.1.5.2.3
1.6.16473.8.2.1.3.1.2
1.6.16549.8.2.1.3.2.7
1.6.16567.8.2.1.23
1.6.16660.8.2.1.8.3.25.1
1.6.16684.8.2.1.8.4
1.6.16798.8.2.1.1
1.6.16858.8.2.1
1.6.16871.8.2.1.3.4.35
1.6.17002.8.2.1.12.4.59.2
1.6.17014.8.2.1.2.2.4.2.8
1.6.17014.8.2.1.3.3.6.3
1.6.17213.8.2.1.8.1.4.1.16
1.6.17273.8.2.1.2.1.10.2.2
1.6.17293.8.2.1.19
1.6.17300.8.2.1.2
1.6.17434.8.2.1
1.6.17479.8.2.1.5
1.6.17709.8.2.1
1.6.17710.8.2.1.16.2
1.6.17834.8.2.1.16.3
1.6.17841.8.2.1.11.2
1.6.18099.8.2.1
1.6.18258.8.2.1.2
1.6.18374.8.2.1
1.6.18441.8.2.1.3.1
1.6.18444.8.2.1
1.6.18579.8.2.1.4
1.6.18616.8.2.1.11.6.1.1.10
1.6.18628.8.2.1.10.5
1.6.18643.8.2.1.1.2.11.7
1.6.18661.8.2.1.1.1
1.6.18771.8.2.1.47.2.4.2
1.6.18853.8.2.1.3.3
1.6.19194.8.2.1.9.2
1.6.19452.8.2.1.21.1
1.6.19486.8.2.1.3.3
1.6.19524.8.2.1.10.1.8
1.6.19550.8.2.1.7
1.6.19705.8.2.1.7.2.58.4.13
1.6.19730.8.2.1
1.6.19762.8.2.1.12.1.42
1.6.19958.8.2.1.1.1.1.7
1.6.20031.8.2.1.18.3.10.2.22
1.6.20399.8.2.1.3.1.6
1.6.20405.8.2.1.2
1.6.20406.8.2.1.4.1
1.6.20413.8.2.1.15.6.8.1.9.26
1.6.20461.8.2.1
1.6.20465.8.2.1.4.3.5
1.6.20588.8.2.1.3.1.4
1.6.20621.8.2.1.2.2
1.6.20632.8.2.1.9.1.36.6.14
1.6.20978.8.2.1.9.3.4.3.36
1.6.21025.8.2.1.1.1
1.6.21046.8.2.1.2
1.6.21358.8.2.1.7.2
1.6.21419.8.2.1.2.2.18
1.6.21598.8.2.1.8
1.6.21688.8.2.1.8
1.6.21700.8.2.1.53
1.6.21927.8.2.1.2
1.6.22064.8.2.1.1.1
1.6.22086.8.2.1.14.2
1.6.22103.8.2.1.12.1.3.2
1.6.22239.8.2.1.2
1.6.22250.8.2.1
1.6.22256.8.2.1.4.7
1.6.22389.8.2.1.13.1.2
1.6.22424.8.2.1.3.2.2.1
1.6.22466.8.2.1.4.1.3
1.6.22596.8.2.1
1.6.22699.8.2.1.12.1.6
1.6.22700.8.2.1.14.1.8.1
1.6.22707.8.2.1.4
1.6.22730.8.2.1.19.2
1.6.22768.8.2.1.2
1.6.22784.8.2.1.1.1.1
1.6.22802.8.2.1.21.1
1.6.22818.8.2.1.1
1.6.22970.8.2.1
1.6.22994.8.2.1
1.6.23035.8.2.1
1.6.23435.8.2.1.7.2.5
1.6.23465.8.2.1.12.3.12.3
1.6.23489.8.2.1
1.6.23502.8.2.1
1.6.23526.8.2.1.4
1.6.23826.8.2.1.16.3.9
1.6.23844.8.2.1.7.2
1.6.24040.8.2.1.1.1.19.15
1.6.24211.8.2.1.7
1.6.24288.8.2.1.1.1.27.1.1
1.6.24505.8.2.1.5.1
1.6.24539.8.2.1.17
1.6.24760.8.2.1.3.2.7
1.6.24778.8.2.1.23
1.6.24871.8.2.1.8.3.25.1
1.6.24895.8.2.1.8.4
1.6.24983.8.2.1.4.1
1.6.25047.8.2.1.2.2.60
1.6.25084.8.2.1
1.6.25176.8.2.1.11.4
1.6.25403.8.2.1.10.4.6.3.10
1.6.25403.8.2.1.11.1
1.6.25459.8.2.1.2.1.30.3.7
1.6.25479.8.2.1.19
1.6.25486.8.2.1.2
1.6.25655.8.2.1.5
1.6.25998.8.2.1.16.3
1.6.26005.8.2.1.11.2
1.6.26031.8.2.1.3.2
1.6.26272.8.2.1.1
1.6.26314.8.2.1.21.4.12
1.6.26433.8.2.1.2
1.6.26532.8.2.1
1.6.26605.8.2.1.19.9.18
1.6.26769.8.2.1.5.7.16
1.6.26787.8.2.1.1.5.15
1.6.26814.8.2.1.6.3.5.3
1.6.26816.8.2.1.8.1.1
1.6.26842.8.2.1.1.2.11.7
1.6.26860.8.2.1.1.1
1.6.27032.8.2.1.3.3
1.6.27130.8.2.1.9.3
1.6.27371.8.2.1.9.2
1.6.27638.8.2.1.21.1
1.6.27672.8.2.1.3.3
1.6.27711.8.2.1.10.3.9
1.6.27731.8.2.1.7
1.6.27875.8.2.1.13
1.6.28201.8.2.1
1.6.28293.8.2.1.3.2.11.3.9
1.6.28509.8.2.1.7.2.28.4
1.6.28515.8.2.1
1.6.28662.8.2.1.3.1.6
1.6.28668.8.2.1.2
1.6.28669.8.2.1.4.1
1.6.28676.8.2.1.15.6.8.1.9.25
1.6.28736.8.2.1
1.6.28867.8.2.1.2.5.7.1.1
1.6.28868.8.2.1
1.6.28908.8.2.1.4
1.6.28974.8.2.1.21
1.6.29264.8.2.1.16.3.14.4.49
1.6.29726.8.2.1.22.5.17
1.6.29906.8.2.1.8
1.6.30006.8.2.1.7
1.6.30157.8.2.1.12.3.19.6.4
1.6.30222.8.2.1.35.3.20
1.6.30333.8.2.1
1.6.30373.8.2.1.1.1
1.6.30480.8.2.1.8.1.15
1.6.30507.8.2.1.2.1.3.1.12
1.6.30530.8.2.1.7
1.6.30542.8.2.1
1.6.30548.8.2.1.4.4
1.6.30678.8.2.1.12.4.27
1.6.30717.8.2.1.10.2
1.6.30755.8.2.1.4.1.3
1.6.30860.8.2.1
1.6.30975.8.2.1.12.1.6
1.6.30976.8.2.1.14.1.8.1
1.6.30983.8.2.1.4
1.6.31006.8.2.1.19.2
1.6.31044.8.2.1.2
1.6.31060.8.2.1.1.1.1
1.6.31078.8.2.1.21.1
1.6.31100.8.2.1
1.6.31256.8.2.1
1.6.31280.8.2.1
1.6.31317.8.2.1.5.2.13.8
1.6.31334.8.2.1.1
1.6.31390.8.2.1
1.6.31759.8.2.1
1.6.31805.8.2.1.15
1.6.31896.8.2.1
1.6.32070.8.2.1.5.2
1.6.32122.8.2.1.2.1.1.1
1.6.32140.8.2.1.3.3
1.6.32305.8.2.1.1.1.19.15
1.6.32336.8.2.1
1.6.32351.8.2.1.10.5.12.3.10
1.6.32466.8.2.1.7
1.6.32538.8.2.1.4.1.28.4.12
1.6.32557.8.2.1.24
1.6.32648.8.2.1.10.5
1.6.32682.8.2.1.23
1.6.32775.8.2.1.5.1
1.6.32807.8.2.1.17
1.6.32837.8.2.1.6.3.13.5
1.6.32837.8.2.1.6.3.14.1.10
1.6.32854.8.2.1.2
1.6.32986.8.2.1.3.2.7
1.6.33004.8.2.1.23
1.6.33098.8.2.1.8.3.25.1
1.6.33122.8.2.1.8.4
1.6.33227.8.2.1.4.1
1.6.33284.8.2.1
1.6.33297.8.2.1.3.4.36
1.6.33428.8.2.1.3.1.4.2
1.6.33664.8.2.1.10.4.6.3.10
1.6.33664.8.2.1.11.1
1.6.33714.8.2.1.2.1.10.2.2
1.6.33734.8.2.1.19
1.6.33741.8.2.1.2
1.6.33792.8.2.1.4.1.1.9
1.6.33905.8.2.1.6
1.6.33940.8.2.1.7.3
1.6.33961.8.2.1.3.2.2.6.27
1.6.34138.8.2.1
1.6.34139.8.2.1.16.2
1.6.34246.8.2.1.15.2
1.6.34508.8.2.1.1
1.6.34659.8.2.1.2
1.6.34758.8.2.1
1.6.34825.8.2.1.3.1
1.6.34828.8.2.1
1.6.34967.8.2.1.5.7.16
1.6.34985.8.2.1.1.5.15
1.6.35014.8.2.1.11.6.1.1.10
1.6.35025.8.2.1.3.1
1.6.35144.8.2.1.47.2.4.2
1.6.35225.8.2.1.3.3
1.6.35567.8.2.1.9.2
1.6.35644.8.2.1.16
1.6.35699.8.2.1.24.1
1.6.35839.8.2.1
1.6.35878.8.2.1.3.3
1.6.35916.8.2.1.10.1.8
1.6.35935.8.2.1.2.2.8.3.7
1.6.36038.8.2.1.12.3
1.6.36137.8.2.1.4.1.11
1.6.36167.8.2.1
1.6.36192.8.2.1.2.2
1.6.36353.8.2.1
1.6.36441.8.2.1.18.3.10.2.21
1.6.36721.8.2.1.5.1.2
1.6.36823.8.2.1.3.1.6
1.6.36829.8.2.1.2
1.6.36830.8.2.1.4.1
1.6.36837.8.2.1.15.6.8.1.9.25
1.6.36895.8.2.1
1.6.37015.8.2.1.3
1.6.37054.8.2.1.1
1.6.37065.8.2.1.6
1.6.37135.8.2.1
1.6.37262.8.2.1.8.2
1.6.37275.8.2.1
1.6.37826.8.2.1.7.2
1.6.37888.8.2.1.15.8.15.2.20
1.6.38073.8.2.1.8
1.6.38171.8.2.1.4
1.6.38396.8.2.1.15.8.14.5.4
1.6.38544.8.2.1.1.1
1.6.38659.8.2.1.8.1.22
1.6.38686.8.2.1.2.1.3.1.12
1.6.38711.8.2.1.2
1.6.38722.8.2.1.1.5.14.7
1.6.38727.8.2.1.4.4
1.6.38858.8.2.1.13.1.2
1.6.38931.8.2.1.4.1.3
1.6.39164.8.2.1.12.1.6
1.6.39165.8.2.1.14.1.8.1
1.6.39172.8.2.1.4
1.6.39247.8.2.1.2
1.6.39263.8.2.1.1.1.1
1.6.39293.8.2.1.1
1.6.39437.8.2.1
1.6.39456.8.2.1
1.6.39502.8.2.1.5.2.13.8
1.6.39535.8.2.1.13
1.6.39952.8.2.1.7.2.19
1.6.39985.8.2.1.12.3.12.3
1.6.40009.8.2.1
1.6.40022.8.2.1
1.6.40046.8.2.1.4
1.6.40137.8.2.1
1.6.40360.8.2.1.2.1.1.1
1.6.40378.8.2.1.3.3
1.6.40543.8.2.1.1.1.19.15
1.6.40701.8.2.1.7
1.6.40784.8.2.1.1.1.27.1.1
1.6.41006.8.2.1.5.1
1.6.41042.8.2.1.17
1.6.41195.8.2.1
1.6.41271.8.2.1.3.2.7
1.6.41289.8.2.1.23
1.6.41383.8.2.1.8.3.25.1
1.6.41407.8.2.1.8.4
1.6.41522.8.2.1.4.1
1.6.41575.8.2.1
1.6.41588.8.2.1.3.4.35
1.6.41656.8.2.1.8.2.4.8
1.6.41699.8.2.1.12.4.71.2
1.6.41709.8.2.1.8.7.19
1.6.41710.8.2.1
1.6.41761.8.2.1.6.4
1.6.41927.8.2.1.8.1.4.1.16
1.6.41994.8.2.1.2.1.10.2.2
1.6.42014.8.2.1.19
1.6.42021.8.2.1.2
1.6.42195.8.2.1.5
1.6.42226.8.2.1.13.2.8
1.6.42413.8.2.1.1.1.12.1.6.7
1.6.42550.8.2.1.16.3
1.6.42557.8.2.1.11.2
1.6.42741.8.2.1
1.6.42838.8.2.1.1
1.6.42984.8.2.1.16.4.16.1
1.6.42984.8.2.1.19.1.1
1.6.43005.8.2.1.2
1.6.43104.8.2.1
1.6.43174.8.2.1.14.5.26
1.6.43336.8.2.1.4
1.6.43406.8.2.1.3.1
1.6.43504.8.2.1.7.1.4.4
1.6.43527.8.2.1
1.6.43594.8.2.1.3.3
1.6.43687.8.2.1.4.4.3
1.6.43937.8.2.1.9.2
1.6.44016.8.2.1.16
1.6.44058.8.2.1.24.1
1.6.44183.8.2.1
1.6.44222.8.2.1.3.3
1.6.44260.8.2.1.10.1.8
1.6.44286.8.2.1.16.7.29.3.7
1.6.44491.8.2.1.4.1.11
1.6.44521.8.2.1
1.6.44733.8.2.1
1.6.44813.8.2.1.3.2.11.3.9
1.6.45200.8.2.1.3.1.6
1.6.45206.8.2.1.2
1.6.45207.8.2.1.4.1
1.6.45266.8.2.1
1.6.45388.8.2.1.3
1.6.45425.8.2.1.4
1.6.45493.8.2.1
1.6.46139.8.2.1.7.2
1.6.46189.8.2.1.2.2.9
1.6.46379.8.2.1.8
1.6.46441.8.2.1.4.3.27
1.6.46461.8.2.1.8
1.6.46474.8.2.1.53
1.6.46685.8.2.1.36.3.20
1.6.46801.8.2.1.4.7
1.6.46832.8.2.1.1.1
1.6.46898.8.2.1.2.1
1.6.46966.8.2.1.9.1.19
1.6.46993.8.2.1.2
1.6.47004.8.2.1
1.6.47010.8.2.1.4.7
1.6.47143.8.2.1.13.1.2
1.6.47216.8.2.1.4.1.3
1.6.47446.8.2.1.12.1.6
1.6.47447.8.2.1.14.1.8.1
1.6.47454.8.2.1.4
1.6.47480.8.2.1.19.2
1.6.47521.8.2.1.2
1.6.47537.8.2.1.1.1.1
1.6.47567.8.2.1.1
1.6.47711.8.2.1
1.6.47730.8.2.1
1.6.47775.8.2.1.5.2.13.8
1.6.47792.8.2.1.1
1.6.47842.8.2.1
1.6.48206.8.2.1.14
1.6.48277.8.2.1.15
1.6.48368.8.2.1
1.6.48531.8.2.1.5.2
1.6.48583.8.2.1.2.1.1.1
1.6.48772.8.2.1.1.1.19.15
1.6.48803.8.2.1
1.6.48818.8.2.1.10.5.12.3.10
1.6.48919.8.2.1.2.3.24.9.23
1.6.48921.8.2.1.2.1
1.6.48992.8.2.1.1.1.27.1.1
1.6.49107.8.2.1.9.1.4
1.6.49112.8.2.1.5
1.6.49197.8.2.1.5.1
1.6.49231.8.2.1.17
1.6.49256.8.2.1.6.3.13.5
1.6.49256.8.2.1.6.3.14.1.6
1.6.49274.8.2.1.2.2
1.6.49440.8.2.1.3.2.7
1.6.49458.8.2.1.23
1.6.49551.8.2.1.8.3.25.1
1.6.49575.8.2.1.8.4
1.6.49690.8.2.1.4.1
1.6.49758.8.2.1.2.1.58
1.6.49790.8.2.1.6.5
1.6.49893.8.2.1.11.4
1.6.50110.8.2.1.10.4.6.3.10
1.6.50110.8.2.1.11.1
1.6.50160.8.2.1.8.2.6
1.6.50180.8.2.1.19
1.6.50187.8.2.1.2
1.6.50321.8.2.1
1.6.50366.8.2.1.5
1.6.50494.8.2.1.12.1.2.2
1.6.50588.8.2.1.1.1.12.1.6.7
1.6.50710.8.2.1.15.2
1.6.50960.8.2.1.1
1.6.50999.8.2.1.21.4.12
1.6.51221.8.2.1
1.6.51288.8.2.1.19.9.18
1.6.51436.8.2.1.4
1.6.51473.8.2.1.11.6.1.1.10
1.6.51485.8.2.1.10.5
1.6.51500.8.2.1.1.2.11.7
1.6.51518.8.2.1.1.1
1.6.51617.8.2.1.47.2.4.2
1.6.51799.8.2.1.9.3
1.6.51943.8.2.1.9.7.15.1
1.6.51991.8.2.1.16.2.3
1.6.52025.8.2.1.9.2
1.6.52110.8.2.1.2
1.6.52152.8.2.1.24.1
1.6.52252.8.2.1.3.1
1.6.52275.8.2.1
1.6.52314.8.2.1.3.3
1.6.52352.8.2.1.10.1.8
1.6.52378.8.2.1.16.7.29.3.7
1.6.52563.8.2.1
1.6.52595.8.2.1.12.1.42
1.6.52625.8.2.1
1.6.52811.8.2.1
1.6.52898.8.2.1.18.3.10.2.19
1.6.53156.8.2.1.5.1.2
1.6.53263.8.2.1.3.1.6
1.6.53269.8.2.1.2
1.6.53270.8.2.1.4.1
1.6.53277.8.2.1.15.6.8.1.9.22
1.6.53457.8.2.1.2.5.7.1.1
1.6.53458.8.2.1
1.6.53506.8.2.1.6
1.6.53517.8.2.1.6
1.6.53581.8.2.1.21
1.6.53722.8.2.1.21.1.3.2.14
1.6.53723.8.2.1
1.6.54070.8.2.1.3.1.2
1.6.54294.8.2.1.7.2
1.6.54353.8.2.1.15.8.15.2.20
1.6.54520.8.2.1.8
1.6.54582.8.2.1.4.3.27
1.6.54611.8.2.1.3.1.11
1.6.54749.8.2.1.12.3.19.6.4
1.6.54818.8.2.1.2
1.6.54927.8.2.1
1.6.54967.8.2.1.1.1
1.6.54989.8.2.1.14.2
1.6.55006.8.2.1.12.1.3.2
1.6.55109.8.2.1.9.1.19
1.6.55136.8.2.1.2
1.6.55150.8.2.1.5.3.6.2.11.16
1.6.55286.8.2.1.12.4.27
1.6.55348.8.2.1.4.1.3.1.10
1.6.55589.8.2.1.12.1.6
1.6.55590.8.2.1.14.1.8.1
1.6.55597.8.2.1.4
1.6.55623.8.2.1.19.2
1.6.55660.8.2.1.2
1.6.55676.8.2.1.1.1.1
1.6.55694.8.2.1.21.1
1.6.55710.8.2.1.1
1.6.55804.8.2.1
1.6.55853.8.2.1
1.6.55909.8.2.1.5.2.13.8
1.6.55942.8.2.1.13
1.6.56354.8.2.1.14
1.6.56384.8.2.1.11.5
1.6.56435.8.2.1.15
1.6.56520.8.2.1
1.6.56746.8.2.1.2.1.1.1
1.6.56927.8.2.1.1.1.19.15
1.6.56963.8.2.1.2.4
1.6.56978.8.2.1.3.1.4
1.6.57106.8.2.1.7
1.6.57202.8.2.1.1.1.27.1.1
1.6.57419.8.2.1.5.1
1.6.57451.8.2.1.17
1.6.57481.8.2.1.6.3.13.5
1.6.57481.8.2.1.6.3.14.1.10
1.6.57499.8.2.1.2.2
1.6.57558.8.2.1.5.2.3
1.6.57648.8.2.1.1.1.7.1.8
1.6.57665.8.2.1.23
1.6.57761.8.2.1.8.3.25.1
1.6.57785.8.2.1.8.4
1.6.57896.8.2.1.4.1
1.6.57953.8.2.1
1.6.57966.8.2.1.3.4.36
1.6.58099.8.2.1.11.4
1.6.58323.8.2.1.10.4.6.3.10
1.6.58323.8.2.1.11.1
1.6.58371.8.2.1.8.2.6
1.6.58389.8.2.1.6
