1.1.1.8.10.2.4.3
1.1.1.60.36.1.26.16
1.1.1.122.5.1.3.3.6.4.4
1.1.1.251.18.3.12.1.3.1.1
1.1.1.319.9.2.11
1.1.1.322.5.1.14.4.9.2
1.1.1.391.14.2.5.7.11
1.1.1.394.31.2
1.1.1.398.5.1.34.2.6
1.1.1.414.24.3.9
1.1.1.433.5.1.1
1.1.1.477.5.1
1.1.1.530.18.1.14
1.1.1.541.8.2.4.3
1.1.1.666.8.4.4
1.1.1.670.17.3.4
1.1.1.749.5.1.2.2.6
1.1.1.895.11.1.10.3
1.1.1.958.16.1.5.21
1.1.1.976.5.1
1.1.1.991.5.1.1
1.1.1.1040.8.1.9.5
1.1.1.1045.11.2.4.1
1.1.1.1073.13.1.10.6
1.1.1.1077.15.2
1.1.1.1164.26.1.12.8
1.1.1.1190.9.1.10.2
1.1.1.1200.5.1.5.2.8
1.1.1.1258.5.1.1.1
1.1.1.1319.9.1.38.5.2
1.1.1.1541.13.4.5.7.14
1.1.1.1707.15.2.6
1.1.1.1783.34
1.1.1.1832.16.2.39
1.1.1.1871.5.1.4.3
1.1.1.1882.8.2.11
1.1.1.1904.5.1.6.12.14
1.1.1.1981.18.2.7.2.8.1
1.1.1.2032.5.1.21.3.6.1.30
1.1.1.2036.5.1
1.1.1.2180.5.1.3.4
1.1.1.2245.16.7.9
1.1.1.2279.31.1.21
1.1.1.2289.12.1.6.7
1.1.1.2372.9.1.4.19
1.1.1.2409.5.1.10.26.8
1.1.1.2556.11.1.12
1.1.1.2593.5.1.14.2.26.9
1.1.1.2604.5.1
1.1.1.2617.11.3.4.20
1.1.1.2719.5.1.5.1
1.1.1.2731.5.1.7.1.3.2
1.1.1.2763.43.1.4.2
1.1.1.2958.17.2.16
1.1.1.2977.5.1.3.2.12.1.17
1.1.1.3089.33.4.8
1.1.1.3109.30.3.44.2.18
1.1.1.3154.14.1.4
1.1.1.3270.13.1.9.4
1.1.1.3297.46.1.4.1
1.1.2.3372.3
1.1.2.3427.5.1
1.1.2.3505.5.1
1.1.2.3521.44.1.21
1.1.2.3661.9.1.11.2
1.1.2.3701.19.3.25
1.1.2.4036.33.2.6.1
1.1.2.4044.5.1.4.3.5.4
1.1.2.4059.5.1.1.2.16
1.1.2.4079.5.1.1
1.1.2.4088.45.1.8
1.1.2.4099.8.1.5
1.1.2.4211.22
1.1.2.4265.24.1.10
1.1.2.4283.19.2.11.1.3
1.1.2.4354.5.1.29.3.8.7.6
1.1.2.4453.5.1.12.3.28.1.1
1.1.2.4552.10.1.5.6
1.1.2.4560.22.2
1.1.2.4723.9.1.5.10
1.1.2.4769.24.3.9.2.6.5.4
1.1.2.4807.5.1
1.1.2.4835.15.3.55.1.11.1.8
1.1.2.4893.14.5.6.1.6
1.1.2.4895.14.4.12
1.1.2.4980.5.1.4.1
1.1.2.5045.5.1.2.2.7
1.1.2.5072.17.2.27.1
1.1.2.5100.27.1.8.5
1.1.2.5184.5.1.14
1.1.2.5244.9.1.4
1.1.2.5245.5.1.1.2.8.5
1.1.2.5265.5.1.2.8.21.1.14
1.1.2.5318.5.1.1.16.13.1
1.1.2.5320.5.1.2.2.13.1.2
1.1.2.5395.5.1.1.1
1.1.2.5434.36.1.26.16
1.1.2.5575.11.3.4.5
1.1.2.5615.18.3.12.1.3.1.1
1.1.2.5701.5.1.1.2
1.1.2.5764.43.2.8.9
1.1.2.5766.63.1.4
1.1.2.5791.14.2.5.7.11
1.1.2.5794.31.2
1.1.2.5798.5.1.34.2.6
1.1.2.5814.24.3.9
1.1.2.5829.5.1.23.3
1.1.2.5837.6
1.1.2.5868.5.1
1.1.2.5921.18.1.14
1.1.2.5932.8.2.4.3
1.1.2.6056.8.4.4
1.1.2.6060.17.3.4
1.1.2.6137.5.1
1.1.2.6140.16.2.20.7
1.1.2.6180.17.2
1.1.2.6191.14.2
1.1.2.6288.5.1.2
1.1.2.6342.16.1.5.21
1.1.2.6360.5.1
1.1.2.6375.5.1.1
1.1.2.6430.9.2.4.13
1.1.2.6434.9.1.4.18
1.1.2.6471.13.1.10.6
1.1.2.6475.15.2
1.1.2.6556.26.1.12.8
1.1.2.6582.9.1.10.2
1.1.2.6592.5.1.5.2.8
1.1.2.6646.5.1.1.1
1.1.2.6702.5.1.10.7.12.4
1.1.2.6709.5.1.8.3.18.2.6
1.1.2.6721.5.1
1.1.2.6848.5.1.2.2.11.8
1.1.2.6879.5.1
1.1.2.6910.13.4.5.7.14
1.1.2.7167.44
1.1.2.7216.16.2.39
1.1.2.7255.5.1.4.3
1.1.2.7266.8.2.11
1.1.2.7281.44.2.16.1
1.1.2.7289.25.4.6
1.1.2.7368.18.2.7.2.8.1
1.1.2.7419.5.1.21.3.6.1.30
1.1.2.7423.5.1
1.1.2.7568.5.1.3.4
1.1.2.7633.10.2.21.18
1.1.2.7643.5.1
1.1.2.7687.28.3.10
1.1.2.7748.17.3.15.31
1.1.2.7771.19.1.8.4
1.1.2.7809.5.1.2.2.14
1.1.2.7862.5.1
1.1.2.7978.12.4.8.2
1.1.2.7991.5.1.14.2.26.9
1.1.2.8002.5.1
1.1.2.8015.11.3.4.20
1.1.2.8122.5.1.5.1
1.1.2.8134.5.1.7.1.3.2
1.1.2.8156.16.2.21.8.2.1.7
1.1.2.8324.5.1
1.1.2.8352.17.2.16
1.1.2.8371.5.1.3.2.12.1.17
1.1.2.8483.33.4.8
1.1.2.8503.30.3.44.2.18
1.1.2.8548.14.1.4
1.1.2.8655.33.1.4.18.6
1.1.2.8667.24.1.10.7
1.1.2.8733.41.2.5.9.14.1
1.1.2.8747.9.6.24
1.1.2.8826.5.1
1.1.2.8909.5.1
1.1.2.9469.17.1.11.2.5
1.1.2.9495.14.4.5.3.9.1.3
1.1.2.9514.5.1.1
1.1.2.9523.45.1.8
1.1.2.9534.8.1.5
1.1.2.9588.5.1.1.12.22.8.20
1.1.2.9692.24.1.10
1.1.2.9789.17.1.4.9
1.1.2.10001.10.1.5.6
1.1.2.10109.10.1.9
1.1.2.10211.5.1.13.9.11.3
1.1.2.10243.5.1.5
1.1.2.10281.5.1
1.1.2.10309.15.3.55.1.11.1.8
1.1.2.10372.14.5.6.1.6
1.1.2.10374.14.4.12
1.1.2.10516.12.1.4
1.1.2.10516.12.3.8.5.2
1.1.2.10530.5.1.2.2.7
1.1.2.10553.5.1.2.2
1.1.2.10585.27.1.8.5
1.1.2.10663.58.1.18.14
1.1.2.10683.21.2.8
1.1.2.10720.9.1.4
1.1.2.10721.5.1.1.2.8.5
1.1.2.10741.5.1.2.8.21.1.14
1.1.2.10884.5.1.1.1
1.1.2.10909.5.1.10
1.1.2.10928.5.1.23
1.1.2.10944.5.1
1.1.2.10987.5.1.3.3.6.4.4
1.1.2.11110.15.3.10.4.8.1
1.1.2.11115.22.2.16.25.10.7.18
1.1.2.11115.22.2.16.25.11.8.19
1.1.2.11191.9.2.11
1.1.2.11194.5.1.14.4.9.2
1.1.2.11245.5.1.2.5.11
1.1.2.11280.5.1.17
1.1.2.11294.5.1.22.2.6
1.1.2.11319.5.1.2.1.34.12
1.1.2.11321.5.1.1
1.1.2.11358.5.1
1.1.2.11409.18.1.14
1.1.2.11420.8.2.4.3
1.1.2.11552.8.4.4
1.1.2.11556.17.3.4
1.1.2.11635.5.1.2.2.6
1.1.2.11690.19.2.6.1.1.1
1.1.2.11809.13.2.6.11.1.6
1.1.2.11809.13.2.6.11.4.1.2
1.1.2.11819.5.1
1.1.2.11834.5.1.1
1.1.2.11885.9.2.4.28
1.1.2.11889.9.1.4.33
1.1.2.11925.5.1.7
1.1.2.12009.26.1.12.8
1.1.2.12034.9.1.10.2
1.1.2.12044.5.1.5.2.8
1.1.2.12083.10.1.7
1.1.2.12152.5.1.10.7.12.4
1.1.2.12159.5.1.8.3.18.2.6
1.1.2.12174.5.1
1.1.2.12210.5.1.3.3.4.2
1.1.2.12371.13.4.5.7.14
1.1.2.12436.10.4.4
1.1.2.12561.5.1.15
1.1.2.12616.44
1.1.2.12663.16.2.39
1.1.2.12702.5.1.4.3
1.1.2.12739.16.1.11.9.10
1.1.2.12745.10.1.7.7
1.1.2.12764.43.2.24.11.15.1
1.1.2.12812.18.2.7.2.8.1
1.1.2.12861.10.1.4.18
1.1.2.13052.16.7.9
1.1.2.13090.5.1.6.1
1.1.2.13108.8.2.4.1
1.1.2.13177.15.2.47.9.73.3.10
1.1.2.13210.16.3.9.4
1.1.2.13215.12.1.4
1.1.2.13222.9.2.16.7.2
1.1.2.13410.5.1.20
1.1.2.13496.12.3.8
1.1.2.13512.5.1.7.1.3.2
1.1.2.13544.43.1.4.2
1.1.2.13712.5.1.2.1.3.1
1.1.2.13761.9.1.13.11
1.1.2.13881.33.4.8
1.1.2.13901.30.3.44.2.18
1.1.2.13946.14.1.4
1.1.2.14012.5.1
1.1.2.14017.5.1
1.1.2.14059.20.2.4.1.8
1.1.2.14070.5.1.2.2.5
1.1.2.14165.3
1.1.2.14294.5.1
1.1.2.14310.44.1.21
1.1.2.14476.9.1.11.2
1.1.2.14525.19.3.25
1.1.2.14622.5.1.1.1
1.1.2.14839.17.1.11.2.5
1.1.2.14865.14.4.5.3.9.1.3
1.1.2.14884.5.1.1
1.1.2.14888.3
1.1.2.14904.11
1.1.2.14964.40.1.23.10
1.1.2.14970.5.1.1.1.27.2
1.1.2.15073.24.1.10
1.1.2.15092.14.1.16.7.6.1.9
1.1.2.15171.17.1.4.9
1.1.2.15241.5.1.8.3
1.1.3.15377.10.1.5.6
1.1.3.15419.22.2.10.9.5.3.30.46
1.1.3.15491.10.1.9
1.1.3.15501.32.2.4.16
1.1.3.15590.5.1.13.9.11.3
1.1.3.15623.5.1.3.11.22
1.1.3.15687.28.1.10.4
1.1.3.15703.5.1.3.1.21.6
1.1.3.15746.14.5.6.1.8
1.1.3.15748.14.4.12
1.1.3.15888.11.1.7
1.1.3.15892.15.2.11
1.1.3.15926.5.1.2.2
1.1.3.15958.27.1.8.5
1.1.3.16030.58.1.18.14
1.1.3.16046.26.2.14.25
1.1.3.16047.31.4.19.27.8.6
1.1.3.16083.28.2.40.17
1.1.3.16095.5.1.2.1.1.2.2
1.1.3.16153.5.1.2.2.13.1.2
1.1.3.16245.11.1.6.2
1.1.3.16246.5.1.1
1.1.3.16262.36.1.26.16
1.1.3.16324.5.1.3.3.6.4.4
1.1.3.16528.9.2.11
1.1.3.16531.5.1.14.4.9.2
1.1.3.16552.5.1.7.10.6.5
1.1.3.16559.17.1.8
1.1.3.16586.5.1.2
1.1.3.16618.14.2.5.7.11
1.1.3.16621.31.2
1.1.3.16625.5.1.34.2.6
1.1.3.16653.5.1.3.2.15.1
1.1.3.16726.14.3.11.8.9.4.11
1.1.3.16880.27.2.4
1.1.3.16962.5.1.2.2.6
1.1.3.16999.17.2
1.1.3.17010.14.2
1.1.3.17147.16.1.5.21
1.1.3.17165.5.1
1.1.3.17180.5.1.1
1.1.3.17234.8.1.9.5
1.1.3.17239.11.2.4.1
1.1.3.17267.31.4.9
1.1.3.17345.26.1.12.8
1.1.3.17371.9.1.10.2
1.1.3.17381.5.1.5.2.9
1.1.3.17417.10.1.7
1.1.3.17439.5.1.1.1
1.1.3.17500.11.1.6.15.7
1.1.3.17656.5.1.2.2.14.4
1.1.3.17734.13.4.5.7.61
1.1.3.17796.10.4.4
1.1.3.17894.15.2.6
1.1.3.17972.44
1.1.3.18021.16.2.39
1.1.3.18060.5.1.4.3
1.1.3.18097.16.1.11.9.10
1.1.3.18103.10.1.7.7
1.1.3.18188.18.2.7.2.8.1
1.1.3.18241.10.1.4.2
1.1.3.18388.5.1.3.4
1.1.3.18453.16.7.9
1.1.3.18487.31.1.21
1.1.3.18497.12.1.6.7
1.1.3.18565.17.3.15.31
1.1.3.18588.19.1.8.4
1.1.3.18626.5.1.2.2.14
1.1.3.18694.5.1.3.1
1.1.3.18828.5.1.20
1.1.3.18917.5.1.5.1
1.1.3.18929.5.1.7.1.3.2
1.1.3.18954.5.1.1.1.63.6.20
1.1.3.19174.5.1.3.2.12.1.17
1.1.3.19286.33.4.8
1.1.3.19306.30.3.44.2.18
1.1.3.19351.14.1.4
1.1.3.19485.20.2.4.1.8
1.1.3.19492.11.2.4
1.1.3.19499.5.1.2.2.5
1.1.3.19559.5.1.1.1.5
1.1.3.19577.5.1.1.3
1.1.3.19734.5.1
1.1.3.19912.9.1.11.2
1.1.3.19952.19.3.25
1.1.3.20270.17.1.11.2.5
1.1.3.20301.5.1.1.2.16
1.1.3.20307.5.1.2.1.1
1.1.3.20331.13.1.17
1.1.3.20343.11
1.1.3.20400.30.5.10.1.1
1.1.3.20528.14.2.10.1.6.7
1.1.3.20535.38.1.8
1.1.3.20557.14.1.16.7.6.1.9
1.1.3.20620.5.1.29.3.8.7.6
1.1.3.20716.5.1.12.3.28.1.1
1.1.3.20845.10.1.5.6
1.1.3.20950.10.1.9
1.1.3.21047.5.1.5.1.3.2
1.1.3.21050.5.1
1.1.3.21064.5.1.2.6
1.1.3.21086.12.3.8.4
1.1.3.21152.15.3.21.1.10.1.8
1.1.3.21215.14.5.6.1.6
1.1.3.21217.14.4.12
1.1.3.21359.12.1.4
1.1.3.21359.12.3.8.5.2
1.1.3.21371.5.1.2.2.7
1.1.3.21394.5.1.2.2
1.1.3.21422.55.2.4.25
1.1.3.21422.55.4.12
1.1.3.21500.58.1.18.14
1.1.3.21520.21.2.8
1.1.3.21562.18.2.18.8
1.1.3.21567.23.4.6
1.1.3.21593.9.1.9
1.1.3.21622.5.1.1.16.13.1
1.1.3.21624.5.1.2.2.13.1.2
1.1.3.21683.10.2.4.3
1.1.3.21735.36.1.26.16
1.1.3.21797.5.1.3.3.6.4.4
1.1.3.21886.11.3.4.5
1.1.3.21911.22.3.5.3
1.1.3.21918.14.2
1.1.3.21928.5.1.1
1.1.3.21993.9.2.11
1.1.3.21996.5.1.14.4.9.2
1.1.3.22055.43.2.8.9
1.1.3.22057.63.1.4
1.1.3.22082.14.2.5.7.11
1.1.3.22085.31.2
1.1.3.22089.5.1.34.2.6
1.1.3.22117.5.1.3.2.15.1
1.1.3.22218.18.1.14
1.1.3.22229.8.2.4.3
1.1.3.22352.8.4.4
1.1.3.22356.17.3.4
1.1.3.22435.5.1.2.2.6
1.1.3.22472.17.2
1.1.3.22483.14.2
1.1.3.22569.5.1.1.12.15.5
1.1.3.22632.9.1.8
1.1.3.22651.17.1.4.3
1.1.3.22705.9.2.4.28
1.1.3.22709.9.1.4.33
1.1.3.22746.13.1.10.6
1.1.3.22750.15.2
1.1.3.22860.26.1.12.8
1.1.3.22886.9.1.10.2
1.1.3.22896.5.1.5.2.8
1.1.3.22987.5.1.3.3
1.1.3.23009.5.1.15.1.17
1.1.3.23019.11.1.6.15.40
1.1.3.23070.5.1.3.3.4.2
1.1.3.23247.13.4.5.7.61
1.1.3.23398.15.2.6
1.1.3.23425.17.1.4.6
1.1.3.23487.5.1.1.1.1.1.9
1.1.3.23526.16.2.23
1.1.3.23565.5.1.4.3
1.1.3.23576.8.2.11
1.1.3.23597.10.1.7.15
1.1.3.23680.18.2.7.2.8.1
1.1.3.23727.5.1.11
1.1.3.23873.5.1.3.4
1.1.3.23934.16.7.9
1.1.3.23968.31.1.21
1.1.3.23978.12.1.6.7
1.1.3.24061.9.1.4.19
1.1.3.24098.5.1.10.26.8
1.1.3.24151.5.1
1.1.3.24250.11.1.12
1.1.3.24310.5.1.3.2.3
1.1.3.24321.35.2.14.15
1.1.3.24398.5.1.5.1
1.1.3.24411.15.1.4
1.1.3.24413.18.3.11.16.10
1.1.3.24426.20.2.15.17.7.5
1.1.3.24441.5.1.1.1.34.6.16
1.1.3.24605.5.1.2.1.3.1
1.1.3.24636.17.2.16
1.1.3.24655.5.1.3.2.12.1.17
1.1.3.24760.33.4.8
1.1.3.24779.25.1.31.2
1.1.3.24792.26.2.14.11.5.7
1.1.3.24819.18.1.9
1.1.3.24832.5.1
1.1.3.24950.9.1.11.3
1.1.3.25054.6
1.1.3.25106.5.1
1.1.3.25185.5.1
1.1.3.25366.9.1.11.2
1.1.3.25406.19.3.25
1.1.3.25623.26.2.4.1
1.1.3.25724.17.1.11.2.5
1.1.3.25750.14.4.5.3.9.1.3
1.1.3.25769.5.1.1
1.1.3.25778.45.1.8
1.1.3.25789.8.1.5
1.1.3.25846.5.1.1.12.22.8.20
1.1.3.25954.24.1.10
1.1.3.25973.19.2.11.1.3
1.1.3.26038.16.2.5
1.1.3.26247.10.1.5.6
1.1.3.26289.22.2.10.9.5.3.30.24
1.1.3.26358.10.1.9
1.1.3.26368.24.1.16.12.23.9.12
1.1.3.26464.5.1.13.9.11.3
1.1.3.26497.5.1.3.11.22
1.1.3.26561.28.1.10.4
1.1.3.26577.5.1.3.1.21.6
1.1.3.26620.14.5.6.1.6
1.1.3.26622.14.4.12
1.1.3.26769.5.1.2.2.7
1.1.3.26796.17.2.27.1
1.1.3.26824.27.1.8.5
1.1.3.26884.3
1.1.3.26911.14.3.6.3.6
1.1.3.26926.17.2.7.2.4
1.1.3.26927.5.1.9.4.7.10
1.1.3.27085.11.3.8.6
1.1.3.27137.36.1.26.16
1.1.3.27201.5.1.3.3.6.4.4
1.1.3.27294.15.2.8
1.1.3.27331.15.3.10.4.8.1
1.1.3.27336.22.2.16.25.10.7.22
1.1.3.27336.22.2.16.25.11.8.23
1.1.3.27417.5.1.1.2
1.1.3.27480.43.2.8.9
1.1.3.27482.63.1.4
1.1.3.27509.14.2.5.7.11
1.1.3.27512.31.2
1.1.3.27516.5.1.34.2.6
1.1.3.27544.5.1.3.2.15.1
1.1.3.27649.18.1.14
1.1.3.27660.8.2.4.3
1.1.3.27789.8.4.4
1.1.3.27793.17.3.4
1.1.3.27872.22.3.9.1.2
1.1.3.27934.14.1.15
1.1.3.28077.5.1.6
1.1.3.28137.5.1.7.3.5
1.1.3.28139.3
1.1.3.28175.13.1.10.6
1.1.3.28179.15.2
1.1.3.28277.26.1.12.8
1.1.3.28303.9.1.10.2
1.1.3.28313.5.1.5.2.8
1.1.3.28353.10.1.7
1.1.3.28375.5.1.1.1
1.1.3.28431.5.1.10.7.12.4
1.1.3.28438.5.1.8.3.18.2.6
1.1.3.28450.5.1
1.1.4.161.13.4.5.7.61
1.1.4.402.44
1.1.4.449.16.2.39
1.1.4.488.5.1.4.3
1.1.4.499.8.2.11
1.1.4.514.44.2.16.1
1.1.4.522.25.4.5.8.8.4.41
1.1.4.605.18.2.7.2.8.1
1.1.4.653.10.1.4.2
1.1.4.669.5.1.3
1.1.4.789.5.1
1.1.4.847.16.7.9
1.1.4.881.31.1.21
1.1.4.891.12.1.6.7
1.1.4.974.9.1.4.19
1.1.4.1011.5.1.10.26.8
1.1.4.1164.11.1.12
1.1.4.1201.5.1.14.2.26.9
1.1.4.1212.5.1
1.1.4.1225.11.3.4.20
1.1.4.1303.6
1.1.4.1328.13.2.13.1
1.1.4.1375.5.1.1.1.14.6.23
1.1.4.1578.17.2.16
1.1.4.1599.16.2.18.8.6
1.1.4.1734.11.1.7.4
1.1.4.1778.14.1.4
1.1.4.1881.33.1.4.18.6
1.1.4.1893.24.1.10.7
1.1.4.2054.5.1
1.1.4.2133.5.1
1.1.4.2150.46.1.21
1.1.4.2304.9.1.11.2
1.1.4.2344.19.3.25
1.1.4.2442.5.1.1.1
1.1.4.2684.17.1.11.2.5
1.1.4.2715.5.1.1.2.16
1.1.4.2735.5.1.1
1.1.4.2755.11
1.1.4.2812.30.5.10.1.1
1.1.4.2938.24.1.10
1.1.4.2945.5.1.1.3
1.1.4.2959.16.3.6.1.19.3.12
1.1.4.3027.16.2.5
1.1.4.3212.10.1.5.6
1.1.4.3220.22.2
1.1.4.3321.10.1.9
1.1.4.3452.5.1.5
1.1.4.3514.28.1.10.4
1.1.4.3530.5.1.3.1.20.5
1.1.4.3588.14.5.6.1.8
1.1.4.3590.14.4.12
1.1.4.3644.9.1.6
1.1.4.3739.15.2.11
1.1.4.3878.66.1.4.2
1.1.4.3954.5.1.2.8.29.1.3
1.1.4.4007.5.1.1.16.13.1
1.1.4.4009.5.1.2.2.13.1.2
1.1.4.4086.5.1.1.1
1.1.4.4120.36.1.26.16
1.1.4.4182.5.1.3.3.6.4.4
1.1.4.4275.16.3.11.1.2
1.1.4.4306.15.3.10.4.8.1
1.1.4.4311.22.2.16.25.10.7.16
1.1.4.4311.22.2.16.25.11.8.17
1.1.4.4387.5.1.1.2
1.1.4.4478.9.3.8.11
1.1.4.4489.20.1.4.6
1.1.4.4508.24.3.9
1.1.4.4527.5.1.1
1.1.4.4579.5.1
1.1.4.4630.18.1.14
1.1.4.4641.8.2.4.3
1.1.4.4758.8.4.4
1.1.4.4762.17.3.4
1.1.4.4841.5.1.2.2.6
1.1.4.4878.17.2
1.1.4.4888.10.5.4
1.1.4.4964.5.1.2
1.1.4.5017.9.1.8
1.1.4.5036.5.1.9
1.1.4.5096.5.1.7.3.5
1.1.4.5098.3
1.1.4.5134.13.1.10.6
1.1.4.5138.15.2
1.1.4.5229.26.1.12.8
1.1.4.5271.5.1.5.2.9
1.1.4.5360.5.1.3.3
1.1.4.5391.17.2.24.8
1.1.4.5410.5.1
1.1.4.5614.5.1.3.9.5
1.1.4.5720.5.1.2.1.3.2.5
1.1.4.5882.44
1.1.4.5963.5.1.4.3
1.1.4.5974.8.2.11
1.1.4.5996.5.1.6.12.14
1.1.4.6073.18.2.7.2.8.1
1.1.4.6122.5.1.11
1.1.4.6132.5.1.1.7.6.2
1.1.4.6257.5.1
1.1.4.6356.8.2.4.1
1.1.4.6427.15.2.47.9.73.3.10
1.1.4.6470.5.1.10.26.8
1.1.4.6619.11.1.12
1.1.4.6656.5.1.14.2.26.9
1.1.4.6667.5.1
1.1.4.6680.11.3.4.20
1.1.4.6788.31.2.13
1.1.4.6815.5.1.1.1.14.6.23
1.1.4.6964.9.1.6
1.1.4.7016.17.2.16
1.1.4.7038.9.1.7.6
1.1.4.7175.11.1.7.4
1.1.4.7218.14.1.4
1.1.4.7317.20.2.4.1.8
1.1.4.7324.11.2.4
1.1.4.7331.5.1.2.2.5
1.1.4.7476.5.1
1.1.4.7621.5.1.1.12.30.3.44
1.1.4.7713.9.1.11.2
1.1.4.7753.19.3.25
1.1.4.7932.5.1.1
1.1.4.8094.33.2.6.1
1.1.4.8102.5.1.4.3.5.4
1.1.4.8112.14.4.5.3.9.1.3
1.1.4.8141.13.1.17
1.1.4.8153.11
1.1.4.8317.24.1.10
1.1.4.8324.5.1.1.1
1.1.4.8343.5.1.5
1.1.4.8359.14.1.5.2
1.1.4.8425.17.1.4.9
1.1.4.8522.5.1.12.3.28.1.1
1.1.4.8621.10.1.5.6
1.1.4.8663.22.2.10.9.5.3.30.47
1.1.4.8733.10.1.4
1.1.4.8809.9.1.5.10
1.1.4.8818.5.1.2.2
1.1.4.8821.5.1
1.1.4.8835.5.1.2.6
1.1.4.8857.12.3.8.4
1.1.4.8923.15.3.21.1.10.1.8
1.1.4.8985.14.5.6.1.8
1.1.4.8987.14.4.12
1.1.4.9135.12.1.4
1.1.4.9135.12.3.8.5.2
1.1.4.9149.5.1.2.2.7
1.1.4.9176.17.2.27.1
1.1.4.9204.27.1.8.5
1.1.4.9287.58.1.18.14
1.1.4.9307.21.2.8
1.1.4.9358.5.1.2.8.29.1.17
1.1.4.9413.5.1.1.16.13.1
1.1.4.9415.5.1.2.2.13.1.2
1.1.4.9528.36.1.26.16
1.1.4.9710.18.3.12.1.3.1.1
1.1.4.9742.5.1
1.1.4.9779.9.2.11
1.1.4.9782.5.1.14.4.9.2
1.1.4.9841.43.2.8.9
1.1.4.9843.63.1.4
1.1.4.9870.14.2.5.7.11
1.1.4.9873.31.2
1.1.4.9877.5.1.34.2.6
1.1.4.9893.24.3.9
1.1.4.9908.5.1.23.3
1.1.4.9916.6
1.1.4.9991.18.1.14
1.1.4.10002.8.2.4.3
1.1.4.10208.5.1.2.2.6
1.1.4.10245.17.2
1.1.4.10255.10.5.4
1.1.4.10370.22.3.5.5.2.1.7
1.1.4.10380.5.1
1.1.4.10395.5.1.1
1.1.4.10444.8.1.9.5
1.1.4.10449.11.2.4.1
1.1.4.10477.13.1.10.6
1.1.4.10481.15.2
1.1.4.10581.26.1.12.8
1.1.4.10622.5.1.5.2.8
1.1.4.10679.5.1.1.1
1.1.4.10739.9.1.38.5.2
1.1.4.10888.13.5.4
1.1.4.10932.5.1
1.1.4.10966.13.4.5.7.59
1.1.4.11227.5.1.1.1.1.1.3
1.1.4.11309.5.1.4.3
1.1.4.11320.8.2.11
1.1.4.11335.44.2.16.1
1.1.4.11343.25.4.6
1.1.4.11429.18.2.7.2.8.1
1.1.4.11478.5.1.11
1.1.4.11620.5.1.3.4
1.1.4.11685.16.7.9
1.1.4.11719.31.1.21
1.1.4.11729.12.1.6.7
1.1.4.11812.9.1.4.19
1.1.4.11849.5.1.10.26.8
1.1.4.12050.5.1.3.2.3
1.1.4.12182.5.1.6.2.34
1.1.4.12382.17.2.16
1.1.4.12403.16.2.18.8.6
1.1.4.12515.33.4.8
1.1.4.12534.25.1.31.2
1.1.4.12547.26.2.14.11.5.7
1.1.4.12574.18.1.9
1.1.4.12587.5.1
1.1.4.12687.33.1.4.18.6
1.1.4.12699.24.1.10.7
1.1.4.12853.5.1
1.1.4.12931.5.1
1.1.4.13441.33.2.6.1
1.1.4.13449.5.1.4.3.5.4
1.1.4.13459.14.4.5.3.9.1.3
1.1.4.13491.13.1.17
1.1.4.13503.11
1.1.4.13560.30.5.10.1.1
1.1.4.13689.14.2.10.1.6.7
1.1.4.13696.38.1.8
1.1.4.13717.19.2.11.1.3
1.1.4.13793.18.2.5.21.18
1.1.4.13798.6
1.1.4.14003.10.1.5.6
1.1.4.14011.22.2
1.1.4.14106.10.1.9
1.1.4.14237.5.1.5
1.1.4.14299.28.1.10.4
1.1.4.14315.5.1.3.1.21.6
1.1.4.14373.14.5.6.1.8
1.1.4.14375.14.4.12
1.1.4.14515.5.1.2.2.7
1.1.4.14635.3
1.1.4.14660.17.1.4.2
1.1.4.14731.5.1.2.1.1.2.2
1.1.4.14800.18.2.8.1.12.1
1.1.4.14873.5.1.1.1
1.1.4.14895.5.1.1
1.1.4.14911.36.1.26.16
1.1.4.14975.5.1.3.3.6.4.4
1.1.4.15098.15.3.10.4.8.1
1.1.4.15103.22.2.16.25.10.7.18
1.1.4.15103.22.2.16.25.11.8.19
1.1.4.15179.9.2.11
1.1.4.15182.5.1.14.4.9.2
1.1.4.15251.14.2.5.7.11
1.1.4.15254.31.2
1.1.4.15258.5.1.34.2.6
1.1.4.15286.5.1.3.2.15.1
1.1.4.15292.5.1.6
1.1.4.15379.18.1.14
1.1.4.15390.8.2.4.3
1.1.4.15514.8.4.4
1.1.4.15518.17.3.4
1.1.4.15597.5.1.2.2.6
1.1.4.15634.17.2
1.1.4.15645.14.2
1.1.4.15739.5.1.1.12.15.5.25
1.1.4.15783.13.2.6.11.1.6
1.1.4.15783.13.2.6.11.4.1.2
1.1.4.15793.5.1
1.1.4.15811.9.1.13.13
1.1.4.15869.9.2.4.28
1.1.4.15873.9.1.4.33
1.1.4.15909.5.1.7
1.1.4.15989.26.1.12.8
1.1.4.16075.5.1.1.1
1.1.4.16136.11.1.6.15.7
1.1.4.16271.26.7
1.1.4.16340.13.4.5.7.61
1.1.4.16405.10.4.4
1.1.4.16528.5.1.7
1.1.4.16587.34
1.1.4.16628.16.2.23
1.1.4.16667.5.1.4.3
1.1.4.16704.16.1.11.9.10
1.1.4.16709.5.1.11.1.4.1.5
1.1.4.16787.18.2.7.2.8.1
1.1.4.16838.5.1.21.3.6.1.30
1.1.4.16842.5.1
1.1.4.17077.8.2.4.1
1.1.4.17148.15.2.47.9.73.3.10
1.1.4.17192.5.1.2.2.14
1.1.4.17371.5.1.14.2.26.9
1.1.4.17382.5.1
1.1.4.17395.11.3.4.20
1.1.4.17490.12.3.8
1.1.4.17506.5.1.7.1.3.2
1.1.4.17530.10.3.15
1.1.4.17531.10.1.4.2
1.1.4.17689.5.1.4.1
1.1.4.17759.10.1.9.1
1.1.4.17875.33.4.8
1.1.4.17895.30.3.44.2.18
1.1.4.17940.14.1.4
1.1.4.18064.9.1.11.3
1.1.4.18168.6
1.1.4.18296.5.1
1.1.4.18460.9.1.11.2
1.1.4.18500.19.3.25
1.1.4.18692.5.1.1
1.1.4.18830.33.2.6.1
1.1.4.18838.5.1.4.3.5.4
1.1.4.18848.14.4.5.3.9.1.3
1.1.4.18867.5.1.1
1.1.4.18876.45.1.8
1.1.4.18887.8.1.5
1.1.4.19058.24.1.10
1.1.4.19066.5.1.4.3
1.1.4.19075.14.2.12.15.46.4.11
1.1.4.19153.18.2.5.21.18
1.1.4.19159.6
1.1.4.19355.10.1.5.6
1.1.4.19397.22.2.10.9.5.3.30.19
1.1.4.19473.5.1.1.1.5
1.1.4.19535.9.1.5.10
1.1.4.19586.5.1.18.3.5.1.11
1.1.4.19623.5.1
1.1.4.19650.9.1.4.1
1.1.4.19666.5.1.3.1.20.4
1.1.4.19724.14.5.6.1.8
1.1.4.19726.14.4.12
1.1.4.19751.36.1.4
1.1.4.19782.9.1.6
1.1.4.19802.3
1.1.4.19818.5.1.4.1
1.1.4.19876.11.1.7
1.1.4.19880.15.2.11
1.1.4.19914.5.1.2.2
1.1.4.19939.13.4.14.1
1.1.4.20023.58.1.18.14
1.1.4.20043.21.2.8
1.1.4.20082.28.2.40.17
1.1.4.20126.9.1.9
1.1.4.20265.36.1.26.16
1.1.4.20327.5.1.3.3.6.4.4
1.1.4.20416.11.3.4.5
1.1.4.20444.22.3.5.3
1.1.4.20451.14.2
1.1.4.20461.5.1.1
1.1.4.20531.9.2.4
1.1.4.20596.5.1.2.5.11
1.1.4.20627.14.2.5.7.11
1.1.4.20630.31.2
1.1.4.20634.5.1.34.2.6
1.1.4.20662.5.1.3.2.15.1
1.1.4.20668.5.1.6
1.1.4.20706.5.1
1.1.4.20759.18.1.14
1.1.4.20770.8.2.4.3
1.1.4.20891.27.2.4
1.1.4.20975.5.1.2.2.6
1.1.4.21161.13.2.6.11.1.6
1.1.4.21161.13.2.6.11.4.1.2
1.1.4.21171.5.1
1.1.4.21186.5.1.1
1.1.4.21246.9.2.4.28
1.1.4.21250.9.1.4.33
1.1.4.21287.13.1.10.6
1.1.4.21291.15.2
1.1.4.21392.26.1.12.8
1.1.4.21478.5.1.1.1
1.1.4.21539.11.1.6.15.7
1.1.4.21722.5.1
1.1.4.21752.5.1.3.9.5
1.1.4.21858.5.1.2.1.3.2.5
1.1.4.21966.5.1.15
1.1.4.22021.44
1.1.4.22102.5.1.4.3
1.1.4.22134.53.2.33.1
1.1.4.22142.25.4.6
1.1.4.22226.18.2.7.2.8.1
1.1.4.22269.10.1.4.2
1.1.4.22288.5.1.1.6.4.2
1.1.4.22353.5.1.2.1.21.8
1.1.4.22420.5.1.3.4
1.1.4.22485.16.7.9
1.1.4.22535.8.2.4.1
1.1.4.22606.15.2.47.9.73.3.10
1.1.4.22639.16.3.9.4
1.1.4.22644.12.1.4
1.1.4.22651.9.2.16.7.2
1.1.4.22674.8.2.4
1.1.4.22835.5.1.14.2.26.9
1.1.4.22846.5.1
1.1.4.22859.11.3.4.20
1.1.4.22997.5.1.1.1.18.6.23
1.1.4.23174.5.1.2.1.1.1
1.1.4.23197.17.2.16
1.1.4.23216.5.1.3.2.12.1.17
1.1.4.23234.26.1.11
1.1.4.23316.33.4.8
1.1.4.23336.30.3.44.2.18
1.1.4.23381.14.1.4
1.1.4.23488.33.1.4.18.6
1.1.4.23500.24.1.10.7
1.1.4.23566.41.2.5.9.14.1
1.1.4.23580.9.6.24
1.1.4.23739.5.1
1.1.4.23755.44.1.21
1.1.4.24248.17.1.11.2.5
1.1.4.24274.14.4.5.3.9.1.3
1.1.4.24303.13.1.17
1.1.4.24315.11
1.1.4.24375.3
1.1.4.24494.24.1.10
1.1.4.24501.5.1.1.3
1.1.4.24585.5.1.5.1.7
1.1.4.24817.10.1.5.6
1.1.4.24859.22.2.10.9.5.3.30.26
1.1.4.24931.10.1.9
1.1.4.25060.5.1.5
1.1.4.25124.15.3.21.1.10.1.8
1.1.4.25186.14.5.6.1.6
1.1.4.25188.14.4.12
1.1.4.25377.17.2.27.1
1.1.4.25405.55.2.4.25
1.1.4.25405.55.4.12
1.1.4.25474.58.1.18.14
1.1.4.25494.21.2.8
1.1.4.25533.28.2.40.17
1.1.4.25616.5.1.4.2.6.2
1.1.4.25665.11.3.8.4
1.1.4.25718.5.1.23
1.1.4.25734.5.1
1.1.4.25870.11.3.4.5
1.1.4.25905.15.3.10.4.8.1
1.1.4.25910.22.2.16.25.10.7.22
1.1.4.25910.22.2.16.25.11.8.23
1.1.4.26057.43.2.8.9
1.1.4.26059.63.1.4
1.1.4.26084.14.2.5.7.11
1.1.4.26087.31.2
1.1.4.26091.5.1.34.2.6
1.1.4.26119.5.1.3.2.15.1
1.1.4.26125.5.1.6
1.1.4.26164.5.1
1.1.4.26223.18.1.14
1.1.4.26369.8.4.4
1.1.4.26373.17.3.4
1.1.4.26453.5.1.2.2.6
1.1.4.26490.17.2
1.1.4.26501.14.2
1.1.4.26649.9.1.8
1.1.4.26668.5.1.9
1.1.4.26728.5.1.7.3.5
1.1.4.26730.3
1.1.4.26766.13.1.10.6
1.1.4.26770.15.2
1.1.4.26857.26.1.12.8
1.1.4.26899.5.1.5.2.9
1.1.4.27012.5.1.10.7.12.4
1.1.4.27019.5.1.8.3.18.2.6
1.1.4.27034.5.1
1.1.4.27249.13.4.5.7.61
1.1.4.27353.5.1.2.1.3.2.5
1.1.4.27462.5.1.15
1.1.4.27517.44
1.1.4.27598.5.1.4.3
1.1.4.27630.53.2.33.1
1.1.4.27638.25.4.6
1.1.4.27724.18.2.7.2.8.1
1.1.4.27775.5.1.21.3.6.1.30
1.1.4.27779.5.1
1.1.4.28025.8.2.4.1
1.1.4.28094.15.2.47.9.73.3.10
1.1.4.28138.5.1.2.2.14
1.1.4.28302.5.1.14.2.26.9
1.1.4.28313.5.1
1.1.4.28326.11.3.4.20
1.1.4.28431.5.1.5.1
1.1.4.28443.5.1.7.1.3.2
1.1.4.28475.43.1.4.2
1.1.4.28635.5.1.2.1.3.1
1.1.4.28666.17.2.16
1.1.4.28687.10.1.9.1
1.1.4.28803.33.4.8
1.1.4.28823.30.3.44.2.18
1.1.4.28855.18.1.9
1.1.4.28868.5.1
1.1.4.28983.13.1.9.4
1.1.4.29033.41.2.5.9.50.1
1.1.4.29047.9.6.24
1.1.4.29133.5.1
1.1.4.29219.3
1.1.4.29278.5.1.1.12.30.3.44
1.1.4.29377.9.1.11.2
1.1.4.29417.19.3.25
1.1.4.29649.26.2.4.1
1.1.4.29743.33.2.6.1
1.1.4.29751.5.1.4.3.5.4
1.1.4.29766.5.1.1.2.16
1.1.4.29786.5.1.1
1.1.4.29795.45.1.8
1.1.4.29806.8.1.5
1.1.4.29977.14.2.10.1.6.7
1.1.4.29984.38.1.8
1.1.4.30004.19.2.11.1.3
1.1.4.30085.5.1.5.1.7
1.1.4.30155.5.1.8.3
1.1.4.30293.10.1.5.6
1.1.4.30420.18.1.16
1.1.4.30499.5.1.13.9.11.3
1.1.4.30529.24.3.9.2.6.5.4
1.1.4.30567.5.1
1.1.4.30595.15.3.55.1.11.1.8
1.1.4.30657.14.5.6.1.8
1.1.4.30659.14.4.12
1.1.4.30713.9.1.6
1.1.4.30805.29
1.1.4.30812.15.2.25
1.1.4.30846.5.1.2.2
1.1.4.30878.27.1.8.5
1.1.4.30940.3
1.1.4.30967.14.3.6.3.6
1.1.4.30982.17.2.7.2.4
1.1.4.30983.5.1.9.4.7.10
1.1.4.31019.28.2.40.17
1.1.4.31031.5.1.2.1.1.2.2
1.1.4.31104.5.1.13.31.12
1.1.4.31194.11.1.6.2
1.1.4.31195.5.1.1
1.1.4.31211.36.1.26.16
1.1.4.31273.5.1.3.3.6.4.4
1.1.4.31395.15.3.10.4.8.1
1.1.4.31400.22.2.16.25.10.7.18
1.1.4.31400.22.2.16.25.11.8.19
1.1.4.31470.9.2.11
1.1.4.31473.5.1.14.4.9.2
1.1.4.31547.14.2.5.7.11
1.1.4.31550.31.2
1.1.4.31554.5.1.34.2.6
1.1.4.31582.5.1.3.2.15.1
1.1.4.31588.5.1.6
1.1.4.31675.18.1.14
1.1.4.31686.8.2.4.3
1.1.4.31812.8.4.4
1.1.4.31816.17.3.4
1.1.4.31895.5.1.2.2.6
1.1.4.31932.17.2
1.1.4.31942.10.5.4
1.1.4.32017.5.1
1.1.4.32084.16.1.5.21
1.1.4.32102.5.1
1.1.4.32117.5.1.1
1.1.4.32168.9.2.4.28
1.1.4.32172.9.1.4.33
1.1.4.32209.13.1.10.6
1.1.4.32213.15.2
1.1.4.32295.26.1.12.8
1.1.4.32337.5.1.5.2.8
1.1.4.32432.5.1.15.1.17
1.1.4.32442.11.1.6.15.40
1.1.4.32598.5.1.2.2.11.8
1.1.4.32629.5.1
1.1.4.32661.9.1.6.4
1.1.4.32793.15.2
1.1.4.32893.24
1.1.4.32942.16.2.39
1.1.4.32981.5.1.4.3
1.1.4.33018.16.1.11.9.10
1.1.4.33024.10.1.7.7
1.1.4.33109.18.2.7.2.8.1
1.1.4.33158.5.1.11
1.1.4.33168.5.1.1.7.6.2
1.1.4.33296.5.1.3.4
1.1.4.33361.10.2.21.18
1.1.4.33371.5.1
1.1.4.33414.5.1.4
1.1.4.33497.9.1.4.19
1.1.4.33534.5.1.10.26.8
1.1.4.33707.5.1.14.2.26.9
1.1.4.33718.5.1
1.1.4.33731.11.3.4.20
1.1.4.33827.5.1.5.1
1.1.4.33839.5.1.7.1.3.2
1.1.4.33863.5.1.1.1.17.6.37
1.1.4.34075.17.2.16
1.1.4.34096.16.2.18.8.6
1.1.4.34208.33.4.8
1.1.4.34227.25.1.31.2
1.1.4.34240.26.2.14.11.5.7
1.1.4.34268.8.1.11
1.1.4.34281.5.1
1.1.4.34387.20.2.4.1.8
1.1.4.34394.11.2.4
1.1.4.34401.5.1.2.2.5
1.1.4.34453.41.2.5.9.50.1
1.1.4.34505.3
1.1.4.34631.5.1
1.1.4.34647.44.1.21
1.1.4.34808.9.1.11.2
1.1.4.34857.19.3.25
1.1.4.34949.5.1.1.1
1.1.4.35166.17.1.11.2.5
1.1.4.35192.14.4.5.3.9.1.3
1.1.4.35224.13.1.17
1.1.4.35236.11
1.1.4.35292.30.5.10.1.1
1.1.4.35361.22
1.1.4.35418.14.2.10.1.6.7
1.1.4.35425.38.1.8
1.1.4.35446.19.2.11.1.3
1.1.4.35523.17.1.4.9
1.1.4.35596.5.1.8.3
1.1.4.35728.10.1.5.6
1.1.4.35793.5.1
1.1.4.35840.10.1.9
1.1.4.35948.5.1.13.9.11.3
1.1.4.35981.5.1.3.11.22
1.1.5.36051.15.3.21.1.10.1.8
1.1.5.36113.14.5.6.1.8
1.1.5.36302.17.2.27.1
1.1.5.36415.58.1.18.14
1.1.5.36435.21.2.8
1.1.5.36483.5.1.2.12.18.1.2
1.1.5.36538.5.1.1.16.13.1
1.1.5.36540.5.1.2.2.13.1.2
1.1.5.36596.11.3.8.4
1.1.5.36638.5.1.1
1.1.5.36654.36.1.26.16
1.1.5.36716.5.1.3.3.6.4.4
1.1.5.36805.11.3.4.5
1.1.5.36830.22.3.5.3
1.1.5.36837.14.2
1.1.5.36847.5.1.1
1.1.5.36921.5.1.1.2
1.1.5.37017.5.1.17
1.1.5.37031.5.1.22.2.6
1.1.5.37059.5.1.3.2.15.1
1.1.5.37065.5.1.6
1.1.5.37104.5.1
1.1.5.37159.18.1.14
1.1.5.37170.8.2.4.3
1.1.5.37302.8.4.4
1.1.5.37306.17.3.4
1.1.5.37385.22.3.9.1.2
1.1.5.37450.34.4.8.9
1.1.5.37565.22.3.5.5.2.1.7
1.1.5.37575.5.1
1.1.5.37590.5.1.1
1.1.5.37644.8.1.9.5
1.1.5.37677.13.1.10.6
1.1.5.37681.15.2
1.1.5.37769.5.1.1
1.1.5.37797.9.1.10.2
1.1.5.37804.16.2.10
1.1.5.37897.5.1.3.3
1.1.5.37921.9.1.9.9
1.1.5.37932.9.1.38.5.2
1.1.5.38155.12.1.7.5
1.1.5.38220.10.4.4
1.1.5.38297.15.2
1.1.5.38346.5.1.7
1.1.5.38401.44
1.1.5.38450.16.2.39
1.1.5.38489.5.1.4.3
1.1.5.38500.8.2.11
1.1.5.38521.10.1.7.15
1.1.5.38540.43.2.24.11.15.1
1.1.5.38588.18.2.7.2.8.1
1.1.5.38630.10.1.4.2
1.1.5.38649.17.3.4
1.1.5.38842.16.7.9
1.1.5.38876.31.1.21
1.1.5.38886.12.1.6.7
1.1.5.38954.17.3.15.31
1.1.5.38977.19.1.8.4
1.1.5.39014.5.1.10.26.8
1.1.5.39078.20.1.14.3
1.1.5.39185.5.1.14.2.26.9
1.1.5.39196.5.1
1.1.5.39209.11.3.4.20
1.1.5.39300.5.1.5.1
1.1.5.39312.5.1.7.1.3.2
1.1.5.39339.10.3.15
1.1.5.39340.10.1.4.2
1.1.5.39552.17.2.16
1.1.5.39574.9.1.7.6
1.1.5.39675.33.4.8
1.1.5.39695.30.3.44.2.18
1.1.5.39740.14.1.4
1.1.5.39857.20.2.4.1.8
1.1.5.39868.5.1.2.2.5
1.1.5.39966.6
1.1.5.40020.5.1
1.1.5.40101.5.1
1.1.5.40382.5.1.1.1
1.1.5.40611.17.1.11.2.5
1.1.5.40637.14.4.5.3.9.1.3
1.1.5.40656.5.1.1
1.1.5.40665.45.1.8
1.1.5.40676.8.1.5
1.1.5.40730.5.1.1.12.22.8.20
1.1.5.40834.24.1.10
1.1.5.40853.14.1.16.7.6.1.9
1.1.5.40932.5.1.5.1.7
1.1.5.41124.10.1.5.6
1.1.5.41132.22.2
1.1.5.41168.22.2.10.9.5.3.30.48
1.1.5.41232.10.1.9
1.1.5.41300.9.1.5.10
1.1.5.41349.5.1.3.11.22
1.1.5.41413.28.1.10.4
1.1.5.41429.5.1.3.1.20.5
1.1.5.41472.14.5.6.1.8
1.1.5.41474.14.4.12
1.1.5.41499.36.1.4
1.1.5.41530.9.1.6
1.1.5.41617.11.1.7
1.1.5.41621.15.2.11
1.1.5.41655.5.1.2.2
1.1.5.41687.27.1.8.5
1.1.5.41770.54.1.7.6.14
1.1.5.41782.5.1.2.2.13
1.1.5.41823.28.2.40.17
1.1.5.41891.5.1.1.16.13.1
1.1.5.41893.5.1.2.2.13.1.2
1.1.5.41945.11.3.8.6
1.1.5.41960.5.1.1.1
1.1.5.41981.11.1.6.2
1.1.5.41982.5.1.1
1.1.5.41998.36.1.26.16
1.1.5.42258.9.2.11
1.1.5.42261.5.1.14.4.9.2
1.1.5.42332.14.2.5.7.11
1.1.5.42335.31.2
1.1.5.42339.5.1.34.2.6
1.1.5.42367.5.1.3.2.15.1
1.1.5.42461.18.1.14
1.1.5.42599.8.4.4
1.1.5.42603.17.3.4
1.1.5.42682.5.1.2.2.6
1.1.5.42740.14.2
1.1.5.42886.16.1.5.21
1.1.5.42904.5.1
1.1.5.42919.5.1.1
1.1.5.42968.5.1.4.1
1.1.5.42969.5.1.3.4.16.1.5
1.1.5.42997.31.4.9
1.1.5.43098.26.1.12.8
1.1.5.43170.10.1.7
1.1.5.43243.9.1.38.5.2
1.1.5.43393.19.1.37
1.1.5.43464.9.1.6.4
1.1.5.43599.15.2
1.1.5.43723.5.1.1.1.1.1.3
1.1.5.43768.16.2.39
1.1.5.43807.5.1.4.3
1.1.5.43839.53.2.33.1
1.1.5.43847.25.4.5.8.8.4.35
1.1.5.43932.18.2.7.2.8.1
1.1.5.43985.10.1.4.2
1.1.5.44242.8.2.4.1
1.1.5.44313.15.2.47.9.73.3.10
1.1.5.44346.16.3.9.4
1.1.5.44351.12.1.4
1.1.5.44358.9.2.16.7.2
1.1.5.44381.8.2.4
1.1.5.44557.5.1.3.2.3
1.1.5.44568.35.2.14.15
1.1.5.44646.5.1.5.1
1.1.5.44658.5.1.7.1.3.2
1.1.5.44679.5.1.6.2.34
1.1.5.44837.5.1.2.1.1.1
1.1.5.44877.5.1.3.2.12.1.17
1.1.5.44989.33.4.8
1.1.5.45009.30.3.44.2.18
1.1.5.45054.14.1.4
1.1.5.45175.20.2.4.1.8
1.1.5.45186.5.1.2.2.5
1.1.5.45334.5.1
1.1.5.45414.5.1
1.1.5.45573.9.1.11.2
1.1.5.45613.19.3.25
1.1.5.45938.5.1.10.4.6.1.63
1.1.5.45950.5.1.4.3.11
1.1.5.45965.5.1.1.16
1.1.5.46155.24.1.10
1.1.5.46175.14.1.16.7.6.1.9
1.1.5.46242.16.2.5
1.1.5.46313.5.1.8.3
1.1.5.46459.10.1.5.6
1.1.5.46467.22.2
1.1.5.46503.22.2.10.9.5.3.30.20
1.1.5.46573.15.1.7.2
1.1.5.46629.9.1.5.10
1.1.5.46671.5.1.5
1.1.5.46709.5.1
1.1.5.46736.9.1.4.1
1.1.5.46752.5.1.3.1.21.5
1.1.5.46795.14.5.6.1.8
1.1.5.46797.14.4.12
1.1.5.46871.3
1.1.5.46887.5.1.4.1
1.1.5.46914.22.2.8.12.17.4
1.1.5.46948.11.1.7
1.1.5.46952.15.2.11
1.1.5.46986.5.1.2.2
1.1.5.47018.27.1.8.5
1.1.5.47079.3
1.1.5.47104.54.1.7.6.14
1.1.5.47117.17.2.6.3.10
1.1.5.47118.5.1.8.5.13.4
1.1.5.47154.28.2.40.17
1.1.5.47171.5.1.2.8.29.1.3
1.1.5.47238.5.1.4.2.6.2
1.1.5.47343.36.1.26.16
1.1.5.47405.5.1.3.3.6.4.4
1.1.5.47494.11.3.4.5
1.1.5.47529.15.3.10.4.8.1
1.1.5.47534.22.2.16.25.10.7.22
1.1.5.47534.22.2.16.25.11.8.23
1.1.5.47604.9.2.11
1.1.5.47607.5.1.14.4.9.2
1.1.5.47659.5.1.2
1.1.5.47692.14.2.5.7.11
1.1.5.47695.31.2
1.1.5.47699.5.1.34.2.6
1.1.5.47727.5.1.3.2.15.1
1.1.5.47733.5.1.6
1.1.5.47772.5.1
1.1.5.47808.14.3.11.8.9.4.11
1.1.5.47838.5.1.2
1.1.5.47970.8.4.4
1.1.5.47974.17.3.4
1.1.5.48053.5.1.2.2.6
1.1.5.48090.17.2
1.1.5.48100.10.5.4
1.1.5.48167.5.1.1.12.15.5.41
1.1.5.48211.13.2.6.11.1.6
1.1.5.48211.13.2.6.11.4.1.2
1.1.5.48221.5.1
1.1.5.48236.5.1.1
1.1.5.48287.9.2.4.28
1.1.5.48291.9.1.4.33
1.1.5.48328.13.1.10.6
1.1.5.48332.15.2
1.1.5.48433.26.1.12.8
1.1.5.48459.9.1.10.2
1.1.5.48469.5.1.5.2.9
1.1.5.48520.5.1.1.1
1.1.5.48569.5.1.14.1.17
1.1.5.48579.11.1.6.15.40
1.1.5.48630.5.1.3.3.4.2
1.1.5.48808.5.1.3.9.5
1.1.5.48914.5.1.2.1.3.2.5
1.1.5.49029.5.1.2.1.10.1
1.1.5.49050.18.3.6.1
1.1.5.49075.45
1.1.5.49124.16.2.39
1.1.5.49163.5.1.4.3
1.1.5.49195.53.2.33.1
1.1.5.49203.25.4.6
1.1.5.49223.43.2.24.11.15.1
1.1.5.49271.18.2.7.2.8.1
1.1.5.49320.10.1.4.2
1.1.5.49336.5.1.3
1.1.5.49580.8.2.4.1
1.1.5.49651.15.2.47.9.73.3.10
1.1.5.49694.5.1.10.26.8
1.1.5.49716.8.2.4
1.1.5.49764.5.1.3.1
1.1.5.49894.11.3.4.13
1.1.5.50038.5.1.1.1.14.6.23
1.1.5.50246.17.2.16
1.1.5.50267.16.2.18.8.6
1.1.5.50379.33.4.8
1.1.5.50399.30.3.44.2.18
1.1.5.50431.18.1.9
1.1.5.50444.5.1
1.1.5.50542.20.2.4.1.8
1.1.5.50553.5.1.2.2.5
1.1.5.50606.41.2.5.9.14.1
1.1.5.50654.6
1.1.5.50699.5.1
1.1.5.50781.5.1
1.1.5.50994.19.3.25
1.1.5.51176.5.1.1
1.1.5.51299.33.2.6.1
1.1.5.51307.5.1.4.3.5.4
1.1.5.51322.5.1.1.2.16
1.1.5.51342.5.1.1
1.1.5.51362.11
1.1.5.51422.40.1.23.10
1.1.5.51428.5.1.1.1.27.2
1.1.5.51542.24.1.10
1.1.5.51627.16.2.5
1.1.5.51843.10.1.5.6
1.1.5.51851.22.2
1.1.5.51949.10.1.9
1.1.5.51959.24.1.16.12.19.11.22
1.1.5.51964.8.1.6
1.1.5.52019.9.1.5.10
1.1.5.52028.5.1.2.2
1.1.5.52031.5.1
1.1.5.52045.5.1.2.6
1.1.5.52069.5.1.3.11.22
1.1.5.52145.15.3.21.1.10.1.8
1.1.5.52211.14.5.6.1.8
1.1.5.52213.14.4.12
1.1.5.52238.36.1.4
1.1.5.52272.9.1.6
1.1.5.52292.3
1.1.5.52308.5.1.4.1
1.1.5.52371.29
1.1.5.52378.15.2.25
1.1.5.52412.5.1.2.2
1.1.5.52437.13.4.14.1
1.1.5.52500.3
1.1.5.52525.17.1.4.2
1.1.5.52601.5.1.2.8.29.1.3
1.1.5.52675.18.2.8.1.13.1
1.1.5.52781.36.1.26.16
1.1.5.52922.11.3.4.5
1.1.5.52947.22.3.5.3
1.1.5.52954.14.2
1.1.5.52964.5.1.1
1.1.5.53034.9.2.11
1.1.5.53037.5.1.14.4.9.2
1.1.5.53109.14.2.5.7.11
1.1.5.53112.31.2
1.1.5.53116.5.1.34.2.6
1.1.5.53144.5.1.3.2.15.1
1.1.5.53150.5.1.6
1.1.5.53197.5.1
1.1.5.53250.18.1.14
1.1.5.53261.8.2.4.3
1.1.5.53390.8.4.4
1.1.5.53394.17.3.4
1.1.5.53474.5.1.2.2.6
1.1.5.53511.17.2
1.1.5.53522.14.2
1.1.5.53658.16.1.5.21
1.1.5.53676.5.1
1.1.5.53691.5.1.1
1.1.5.53740.8.1.9.5
1.1.5.53773.13.1.10.6
1.1.5.53777.15.2
1.1.5.53870.26.1.12.8
1.1.5.53906.9.1.10.2
1.1.5.53916.5.1.5.2.8
1.1.5.53973.5.1.1.1
1.1.5.54034.11.1.6.15.7
1.1.5.54263.5.1.3.9.5
1.1.5.54369.5.1.2.1.3.2.5
1.1.5.54531.44
1.1.5.54612.5.1.4.3
1.1.5.54644.53.2.33.1
1.1.5.54652.25.4.6
1.1.5.54738.18.2.7.2.8.1
1.1.5.54791.10.1.4.2
1.1.5.54810.5.1.1.6.4.2
1.1.5.55012.16.7.9
1.1.5.55058.28.3.10
1.1.5.55134.9.1.4.19
1.1.5.55171.5.1.10.26.8
1.1.5.55353.11.3.4.13
1.1.5.55441.5.1.5.1
1.1.5.55453.5.1.7.1.3.2
1.1.5.55482.5.1.16.3.20.1.8
1.1.5.55682.17.2.16
1.1.5.55704.9.1.7.6
1.1.5.55805.33.4.8
1.1.5.55825.30.3.44.2.18
1.1.5.55867.5.1.2.2.7.4.12
1.1.5.55981.20.2.4.1.8
1.1.5.55992.5.1.2.2.5
1.1.5.56045.41.2.5.9.14.1
1.1.5.56059.9.6.24
1.1.5.56153.5.1
1.1.5.56232.5.1
1.1.5.56248.44.1.21
1.1.5.56353.5.1.7.1
1.1.5.56765.5.1.10.4.6.1.63
1.1.5.56777.5.1.4.3.11
1.1.5.56789.25.1.6.1.1
1.1.5.56813.13.1.17
1.1.5.56825.11
1.1.5.56889.3
1.1.5.56924.15.2.30
1.1.5.57015.14.2.10.1.6.7
1.1.5.57022.38.1.8
1.1.5.57047.5.1.2.6.31
1.1.5.57114.18.2.5.21.18
1.1.5.57119.6
1.1.5.57304.10.1.5.6
1.1.5.57366.5.1
1.1.5.57406.10.1.9
1.1.5.57416.32.2.4.16
1.1.5.57476.9.1.5.10
1.1.5.57518.5.1.5
1.1.5.57580.28.1.10.4
1.1.5.57596.5.1.3.1.21.6
1.1.5.57639.14.5.6.1.6
1.1.5.57641.14.4.12
1.1.5.57793.5.1.2.2.7
1.1.5.57820.17.2.27.1
1.1.5.57848.27.1.8.5
1.1.5.57920.58.1.18.14
1.1.5.57940.21.2.8
1.1.5.57977.9.1.4
1.1.5.57978.5.1.1.2.8.5
1.1.5.57998.5.1.2.8.21.1.14
1.1.5.58051.5.1.1.16.13.1
1.1.5.58053.5.1.2.2.13.1.2
1.1.5.58133.5.1.1.1
1.1.5.58171.36.1.26.16
1.1.5.58233.5.1.3.3.6.4.4
1.1.5.58355.15.3.10.4.8.1
1.1.5.58360.22.2.16.25.10.7.18
1.1.5.58360.22.2.16.25.11.8.19
1.1.5.58436.9.2.4
1.1.5.58523.9.3.8.11
1.1.5.58534.20.1.4.6
1.1.5.58553.24.3.9
1.1.5.58570.5.1.1
1.1.5.58570.15.1.5
1.1.5.58582.5.1.9.1
1.1.5.58616.5.1
1.1.5.58669.18.1.14
1.1.5.58808.8.4.4
1.1.5.58812.17.3.4
1.1.5.58891.22.3.9.1.2
1.1.5.58956.34.4.8.9
1.1.5.59071.22.3.5.5.2.1.7
1.1.5.59081.5.1
1.1.5.59096.5.1.1
1.1.5.59150.8.1.9.5
1.1.5.59155.11.2.4.1
1.1.5.59195.13.1.10.7
1.1.5.59199.15.2
1.1.5.59287.26.1.12.8
1.1.5.59313.9.1.10.2
1.1.5.59323.5.1.5.2.8
1.1.5.59414.5.1.3.3
1.1.5.59436.5.1.15.1.17
1.1.5.59446.11.1.6.15.40
1.1.5.59666.5.1.3.9.5
1.1.5.59730.10.4.16
1.1.5.59860.5.1.15
1.1.5.59913.5.1.4.1.3
1.1.5.59934.44
1.1.5.60001.5.1.4.3
1.1.5.60033.53.2.33.1
1.1.5.60041.25.4.6
1.1.5.60061.43.2.24.11.15.1
1.1.5.60109.18.2.7.2.8.1
1.1.5.60157.10.1.4.2
1.1.5.60176.17.3.4
1.1.5.60278.5.1.14
1.1.5.60401.8.2.4.1
1.1.5.60472.15.2.47.9.73.3.10
1.1.5.60515.5.1.10.26.8
1.1.5.60710.5.1.20
1.1.5.60810.31.2.13
1.1.5.60839.38.1.4.2
1.1.5.61036.17.2.16
1.1.5.61056.9.1.13.11
1.1.5.61176.33.4.8
1.1.5.61196.30.3.44.2.18
1.1.5.61241.14.1.4
1.1.5.61350.20.2.4.1.8
1.1.5.61357.11.2.4
1.1.5.61364.5.1.2.2.5
1.1.5.61417.41.2.5.9.14.1
1.1.5.61431.9.6.24
1.1.5.61525.5.1
1.1.5.61605.5.1
1.1.5.61783.9.1.11.2
1.1.5.61823.19.3.25
1.1.5.61912.5.1.1.1
1.1.5.61965.30.2.13.7.10.5
1.1.5.62136.33.2.6.1
1.1.5.62144.5.1.4.3.5.4
1.1.5.62159.5.1.1.2.16
1.1.5.62179.5.1.1
1.1.5.62199.11
1.1.5.62258.3
1.1.5.62373.24.1.10
1.1.5.62391.19.2.11.1.3
1.1.5.62456.16.2.5
1.1.5.62556.5.1.12.3.28.1.1
1.1.5.62655.10.1.5.6
1.1.5.62697.22.2.10.9.5.3.30.27
1.1.5.62780.15.1.7.2
1.1.5.62838.9.1.5.10
1.1.5.62847.5.1.2.2
1.1.5.62850.5.1
1.1.5.62864.5.1.2.6
1.1.5.62886.12.3.8.4
1.1.5.62951.15.3.21.1.10.1.8
1.1.5.63014.14.5.6.1.6
1.1.5.63016.14.4.12
1.1.5.63164.12.1.4
1.1.5.63164.12.3.8.5.2
1.1.5.63176.5.1.2.2.7
1.1.5.63203.17.2.27.1
1.1.5.63230.31
1.1.5.63292.3
1.1.5.63319.14.3.6.3.6
1.1.5.63334.17.2.7.2.4
1.1.5.63335.5.1.9.4.7.10
1.1.5.63371.28.2.40.17
1.1.5.63558.36.1.26.16
1.1.5.63888.5.1.2.5.11
1.1.5.63918.14.2.5.7.11
1.1.5.63921.31.2
1.1.5.63925.5.1.34.2.6
1.1.5.63953.5.1.3.2.15.1
1.1.5.63959.5.1.6
1.1.5.64050.18.1.14
1.1.5.64061.8.2.4.3
1.1.5.64175.27.2.4
1.1.5.64257.5.1.2.2.6
1.1.5.64408.5.1
1.1.5.64411.10.4.8.7
1.1.5.64462.16.1.5.21
1.1.5.64480.5.1
1.1.5.64495.5.1.1
1.1.5.64544.8.1.9.5
1.1.5.64549.11.2.4.1
1.1.5.64579.13.1.10.6
1.1.5.64583.15.2
1.1.5.64670.26.1.12.8
1.1.5.64711.5.1.5.2.8
1.1.5.64823.11.1.6.15.7
1.1.5.64874.5.1.3.3.4.2
1.1.5.65052.5.1.3.9.5
1.1.5.65117.10.4.4
1.1.5.65294.44
1.1.5.65335.16.2.23
1.1.5.65374.5.1.4.3
1.1.5.65406.53.2.33.1
1.1.5.65414.25.4.5.8.8.4.35
1.1.5.65501.18.2.7.2.8.1
1.1.5.65552.5.1.21.3.6.1.30
1.1.5.65556.5.1
1.1.5.65747.16.7.9
1.1.5.65793.28.3.10
1.1.5.65854.17.3.15.31
1.1.5.65877.19.1.8.4
1.1.5.65914.5.1.10.26.8
1.1.5.65967.5.1
1.1.5.66092.12.4.8.2
1.1.5.66105.5.1.14.2.26.9
1.1.5.66116.5.1
1.1.5.66129.11.3.4.20
1.1.5.66227.12.3.8
1.1.5.66243.5.1.7.1.3.2
1.1.5.66275.43.1.4.2
1.1.5.66454.5.1.13
1.1.5.66456.5.1.2.1.3.1
1.1.5.66487.17.2.16
1.1.5.66506.5.1.3.2.12.1.17
1.1.5.66618.33.4.8
1.1.5.66638.30.3.44.2.18
1.1.5.66680.5.1.2.2.7.4.12
1.1.5.66797.33.1.4.18.6
1.1.5.66809.24.1.10.7
1.1.5.66961.5.1
1.1.5.67040.5.1
1.1.5.67056.44.1.21
1.1.5.67216.9.1.11.2
1.1.5.67256.19.3.25
1.1.5.67345.5.1.1.1
1.1.5.67573.33.2.6.1
1.1.5.67581.5.1.4.3.5.4
1.1.5.67591.14.4.5.3.9.1.3
1.1.5.67620.13.1.17
1.1.5.67632.11
1.1.5.67696.3
1.1.5.67754.22
1.1.5.67807.14.2.10.1.6.7
1.1.5.67814.38.1.8
1.1.5.67835.19.2.11.1.3
1.1.5.67901.5.1.29.3.9
1.1.5.68002.5.1.12.3.28.1.1
1.1.5.68112.10.1.5.6
1.1.5.68174.5.1
1.1.5.68226.10.1.9
1.1.5.68310.9.1.5.10
1.1.5.68319.5.1.2.2
1.1.5.68322.5.1
1.1.5.68336.5.1.2.6
1.1.5.68360.5.1.3.21.16
1.1.5.68424.28.1.10.4
1.1.5.68440.5.1.3.1.21.6
1.1.5.68483.14.5.6.1.6
1.1.5.68485.14.4.12
1.1.5.68539.9.1.6
1.1.5.68559.3
1.1.5.68575.5.1.4.1
1.1.5.68647.5.1.2.2.7
1.1.5.68674.17.2.27.1
1.1.5.68702.55.2.4.25
1.1.5.68702.55.4.12
1.1.5.68781.58.1.18.14
1.1.5.68801.21.2.8
1.1.5.68842.5.1
1.1.5.68859.5.1.2.12.18.1.2
1.1.5.68924.5.1.4.2.6.2
1.1.5.68967.5.1.15.6.22
1.1.5.69023.36.1.26.16
1.1.5.69180.11.3.4.5
1.1.5.69205.22.3.5.3
1.1.5.69212.14.2
1.1.5.69222.5.1.1
1.1.5.69292.9.2.11
1.1.5.69295.5.1.14.4.9.2
1.1.5.69340.5.1.2
1.1.5.69367.14.2.5.7.11
1.1.5.69370.31.2
1.1.5.69374.5.1.34.2.6
1.1.5.69402.5.1.3.2.15.1
1.1.5.69498.18.1.14
1.1.5.69509.8.2.4.3
1.1.5.69638.8.4.4
1.1.5.69642.17.3.4
1.1.5.69721.5.1.2.2.6
1.1.5.69758.17.2
1.1.5.69769.14.2
1.1.5.69909.9.1.8
1.1.5.69928.5.1.9
1.1.5.69988.5.1.7.3.5
1.1.5.69990.3
1.1.5.70026.13.1.10.6
1.1.5.70030.15.2
1.1.5.70125.26.1.12.8
1.1.5.70243.5.1.3.3
1.1.5.70280.9.1.38.5.2
1.1.5.70329.5.1.3.3.4.2
1.1.5.70504.8.2.12.4
1.1.5.70523.10.3.8.15.18
1.1.5.70570.10.4.4
1.1.5.70763.5.1.3
1.1.5.70776.44
1.1.5.70840.5.1.4.3
1.1.5.70872.53.2.33.1
1.1.5.70880.25.4.6
1.1.5.70959.18.2.7.2.8.1
1.1.5.71012.10.1.4.2
1.1.5.71028.5.1.3
1.1.5.71157.5.1.3.4
1.1.5.71222.16.7.9
1.1.5.71272.8.2.4.1
1.1.5.71343.15.2.47.9.73.3.10
1.1.5.71386.5.1.10.26.8
1.1.5.71601.36.2.18.16
1.1.5.71724.5.1.6.2.34
1.1.5.71885.5.1
1.1.5.71913.17.2.16
1.1.5.71934.16.2.18.8.6
1.1.5.72041.33.4.8
1.1.5.72061.30.3.44.2.18
1.1.5.72106.14.1.4
1.1.5.72221.33.1.4.18.6
1.1.5.72231.15.3.9
1.1.5.72251.46.1.4.1
1.1.5.72276.5.1
1.1.5.72277.5.1.6.3.4.2.2.39
1.1.5.72297.5.1.1.3
1.1.5.72371.5.1
1.1.5.72450.5.1
1.1.5.72466.44.1.21
1.1.5.72616.9.1.11.2
1.1.5.72656.19.3.25
1.1.5.72993.17.1.11.2.5
1.1.5.73024.5.1.1.2.16
1.1.5.73044.5.1.1
1.1.5.73048.3
1.1.5.73053.45.1.8
1.1.5.73123.40.1.23.10
1.1.5.73129.5.1.1.1.27.2
1.1.5.73193.22
1.1.5.73247.24.1.10
1.1.5.73331.5.1.29.3.8.7.6
1.1.5.73530.10.1.5.6
1.1.5.73538.22.2
1.1.5.73641.10.1.9
1.1.5.73651.24.1.16.12.19.10.16
1.1.5.73711.9.1.5.10
1.1.5.73720.5.1.2.2
1.1.5.73723.5.1
1.1.5.73737.5.1.2.6
1.1.5.73759.12.3.8.4
1.1.5.73823.28.1.10.4
1.1.5.73839.5.1.3.1.21.6
1.1.5.73882.14.5.6.1.8
1.1.5.73884.14.4.12
1.1.5.73938.9.1.6
1.1.5.73959.3
1.1.5.73975.5.1.4.1
1.1.5.74044.25.2.9.7.13.6
1.1.5.74054.31.4.7
1.1.5.74088.17.2.27.1
1.1.5.74116.27.1.8.5
1.1.5.74198.58.1.18.14
1.1.5.74218.21.2.8
1.1.5.74256.5.1
1.1.5.74273.5.1.2.12.18.1.2
1.1.5.74414.5.1.31
1.1.5.74430.36.1.26.16
1.1.5.74492.5.1.3.3.6.4.4
1.1.5.74615.15.3.10.4.8.1
1.1.5.74620.22.2.16.25.10.7.18
1.1.5.74620.22.2.16.25.11.8.19
1.1.5.74689.9.2.11
1.1.5.74692.5.1.14.4.9.2
1.1.5.74713.5.1.7.10.6.5
1.1.5.74720.17.1.8
1.1.5.74747.5.1.2
1.1.5.74774.14.2.5.7.11
1.1.5.74777.31.2
1.1.5.74781.5.1.34.2.6
1.1.5.74809.5.1.3.2.15.1
1.1.5.74815.5.1.6
1.1.5.74902.18.1.14
1.1.5.75197.34.4.8.9
1.1.5.75312.22.3.5.5.2.1.7
1.1.5.75322.5.1
1.1.5.75337.5.1.1
1.1.5.75386.8.1.9.5
1.1.5.75391.11.2.4.1
1.1.5.75431.13.1.10.7
1.1.5.75435.15.2
1.1.5.75528.26.1.12.8
1.1.5.75599.10.1.7
1.1.5.75621.5.1.1.1
1.1.5.75681.9.1.38.5.2
1.1.5.75898.13.4.5.7.14
1.1.5.75960.10.4.4
1.1.5.76060.15.2.6
1.1.5.76087.17.1.4.6
1.1.5.76138.44
1.1.5.76227.5.1.4.3
1.1.5.76259.53.2.33.1
1.1.5.76267.25.4.6
1.1.5.76287.43.2.24.11.15.1
1.1.5.76337.18.2.7.2.8.1
1.1.5.76388.5.1.21.3.6.1.30
1.1.5.76392.5.1
1.1.5.76404.5.1.3
1.1.5.76530.5.1.3.4
1.1.5.76595.16.7.9
1.1.5.76641.28.3.10
1.1.5.76717.9.1.4.19
1.1.5.76754.5.1.10.26.8
1.1.5.76776.9.2.4
1.1.5.76855.3
1.1.5.76938.5.1.14.2.26.9
1.1.5.76949.5.1
1.1.5.76962.11.3.4.20
1.1.5.77069.5.1.5.1
1.1.5.77081.5.1.7.1.3.2
1.1.5.77113.43.1.4.2
1.1.5.77313.17.2.16
1.1.5.77334.16.2.18.8.6
1.1.5.77446.33.4.8
1.1.5.77466.30.3.44.2.18
1.1.5.77508.5.1.2.2.7.4.12
1.1.5.77613.33.1.4.18.6
1.1.5.77623.15.3.9
1.1.5.77849.5.1
1.1.5.77865.44.1.21
1.1.5.78006.9.1.11.2
1.1.5.78046.19.3.25
1.1.5.78145.5.1.1.1
1.1.5.78382.17.1.11.2.5
1.1.5.78408.14.4.5.3.9.1.3
1.1.5.78437.13.1.17
1.1.5.78449.11
1.1.5.78502.30.5.10.1.1
1.1.5.78621.14.2.10.1.6.4
1.1.5.78628.38.1.8
1.1.5.78650.14.1.16.7.6.1.9
1.1.5.78729.17.1.4.9
1.1.5.78958.10.1.5.6
1.1.5.79064.10.1.9
1.1.5.79141.9.1.5.10
1.1.5.79189.5.1.5
1.1.5.79227.5.1
1.1.5.79254.9.1.4.1
1.1.5.79270.5.1.3.1.20.4
1.1.5.79313.14.5.6.1.8
1.1.5.79315.14.4.12
1.1.5.79468.5.1.2.2.7
1.1.5.79495.17.2.27.1
1.1.5.79591.3
1.1.5.79616.54.1.7.6.14
1.1.5.79628.5.1.2.2.13
1.1.5.79669.28.2.40.17
1.1.5.79686.5.1.2.8.29.1.3
1.1.5.79741.5.1.1.16.13.1
1.1.5.79743.5.1.2.2.13.1.2
1.1.5.79818.5.1.1.1
1.1.5.79840.5.1.1
1.1.5.79856.36.1.26.16
1.1.5.79918.5.1.3.3.6.4.4
1.1.5.80007.11.3.4.5
1.1.5.80047.18.3.12.1.3.1.1
1.1.5.80081.5.1
1.1.5.80125.5.1.1.2
1.1.5.80191.5.1.2.5.11
1.1.5.80226.5.1.17
1.1.5.80240.5.1.22.2.6
1.1.5.80256.24.3.9
1.1.5.80275.5.1.1
1.1.5.80380.18.1.14
1.1.5.80391.8.2.4.3
1.1.5.80520.8.4.4
1.1.5.80524.17.3.4
1.1.5.80603.5.1.2.2.6
1.1.5.80781.22.3.5.5.2.1.7
1.1.5.80791.5.1
1.1.5.80806.5.1.1
1.1.5.80855.8.1.9.5
1.1.5.80886.31.4.9
1.1.5.80971.26.1.12.8
1.1.5.80997.9.1.10.2
1.1.5.81007.5.1.5.2.8
1.1.5.81112.9.1.38.5.2
1.1.5.81347.5.1.3.9.5
1.1.5.81412.10.4.4
1.1.5.81513.15.2.6
1.1.5.81589.5.1.4.1.3
1.1.5.81610.44
1.1.5.81673.5.1.4.3
1.1.5.81705.53.2.33.1
1.1.5.81713.25.4.6
1.1.5.81733.43.2.24.11.15.1
1.1.5.81783.18.2.7.2.8.1
1.1.5.81833.40.3.4.1
1.1.5.82048.16.7.9
1.1.5.82100.8.2.4.1
1.1.5.82171.15.2.47.9.73.3.10
1.1.5.82216.5.1.2.2.14
1.1.5.82419.5.1.20
1.1.5.82509.5.1.5.1
1.1.5.82521.5.1.7.1.3.2
1.1.5.82547.5.1.16.3.17.1.10
1.1.5.82758.42.2.5.22.9
1.1.5.82858.33.4.8
1.1.5.82877.25.1.31.2
1.1.5.82890.26.2.14.11.5.7
1.1.5.82927.14.1.4
1.1.5.83041.20.2.4.1.8
1.1.5.83048.11.2.4
1.1.5.83055.5.1.2.2.5
1.1.5.83108.41.2.5.9.14.1
1.1.5.83160.3
1.1.5.83201.11.1.9
1.1.5.83286.5.1
1.1.5.83295.3
1.1.5.83354.5.1.1.12.30.3.44
1.1.5.83398.5.1.7.1
1.1.5.83452.9.1.11.2
1.1.5.83492.19.3.25
1.1.5.83587.5.1.1.1
1.1.5.83823.17.1.11.2.5
1.1.5.83849.14.4.5.3.9.1.3
1.1.5.83868.5.1.1
1.1.5.83877.45.1.8
1.1.5.83888.8.1.5
1.1.5.83980.15.2.30
1.1.5.84071.24.1.10
1.1.5.84080.3
1.1.5.84113.5.1
1.1.5.84153.16.2.5
1.1.5.84336.10.1.5.6
1.1.5.84401.5.1
1.1.5.84587.5.1.3.11.22
1.1.5.84651.28.1.10.4
1.1.5.84667.5.1.3.1.21.6
1.1.5.84710.14.5.6.1.8
1.1.5.84732.36.1.4
1.1.5.84766.9.1.6
1.1.5.84786.3
1.1.5.84856.29
1.1.5.84863.15.2.25
1.1.5.84897.5.1.2.2
1.1.5.84928.22.3.31.1.15.3.18
1.1.5.85013.54.1.7.6.14
1.1.5.85026.17.2.6.3.10
1.1.5.85027.5.1.8.5.13.4
1.1.5.85073.5.1.2.12.18.1.2
1.1.5.85142.18.2.8.1.12.1
1.1.5.85216.28.3.12.11
1.1.5.85233.36.1.26.16
1.1.5.85409.15.3.10.4.8.1
1.1.5.85414.22.2.16.25.10.7.18
1.1.5.85414.22.2.16.25.11.8.19
1.1.5.85490.9.2.11
1.1.5.85493.5.1.14.4.9.2
1.1.5.85552.43.2.8.9
1.1.5.85554.63.1.4
1.1.5.85579.14.2.5.7.11
1.1.5.85582.31.2
1.1.5.85586.5.1.34.2.6
1.1.5.85614.5.1.3.2.15.1
1.1.5.85620.5.1.6
1.1.5.85715.18.1.14
1.1.5.85726.8.2.4.3
1.1.5.86013.14.2
1.1.5.86149.13.2.6.11.1.6
1.1.5.86149.13.2.6.11.4.1.2
1.1.5.86159.5.1
1.1.5.86174.5.1.1
1.1.5.86223.8.1.9.5
1.1.5.86228.11.2.4.1
1.1.5.86268.13.1.10.7
1.1.5.86272.15.2
1.1.5.86362.26.1.12.8
1.1.5.86427.10.1.7
1.1.5.86449.5.1.1.1
1.1.5.86498.5.1.2.2.6.3.25
1.1.5.86512.5.1.18
1.1.5.86671.5.1.5.4
1.1.5.86747.5.1.3.9.5
1.1.5.86936.5.1.15
1.1.5.86991.34
1.1.5.87034.16.2.23
1.1.5.87073.5.1.4.3
1.1.5.87110.16.1.11.9.10
1.1.5.87116.10.1.7.7
1.1.5.87199.18.2.7.2.8.1
1.1.5.87248.5.1.11
1.1.5.87258.5.1.1.7.6.2
1.1.5.87381.5.1.3.4
1.1.5.87446.16.7.9
1.1.5.87484.5.1.6.1
1.1.5.87502.8.2.4.1
1.1.5.87571.15.2.47.9.73.3.10
1.1.5.87608.16.3.9.4
1.1.5.87613.12.1.4
1.1.5.87620.9.2.16.7.2
1.1.5.87802.5.1.20
1.1.5.87911.31.2.13
1.1.5.87936.5.1.16.3.17.1.10
1.1.5.88079.5.1.4.2
1.1.5.88095.5.1.2.1.3.1
1.1.5.88126.17.2.16
1.1.5.88148.9.1.7.6
1.1.5.88269.33.4.8
1.1.5.88289.30.3.44.2.18
1.1.5.88331.5.1.2.2.7.4.12
1.1.5.88435.33.1.4.18.6
1.1.5.88445.15.3.9
1.1.5.88467.46.1.4.1
1.1.5.88492.10.2.13
1.1.5.88514.5.1.1.3
1.1.5.88552.3
1.1.5.88598.5.1
1.1.5.88834.9.1.11.2
1.1.5.88874.19.3.25
1.1.5.88970.5.1.1.1
1.1.5.89199.33.2.6.1
1.1.5.89207.5.1.4.3.5.4
1.1.5.89217.14.4.5.3.9.1.3
1.1.5.89246.13.1.17
1.1.5.89258.11
1.1.5.89321.40.1.23.10
1.1.5.89327.5.1.1.1.27.2
1.1.5.89451.24.1.10
1.1.5.89469.19.2.11.1.3
1.1.5.89546.5.1.5.1.7
1.1.5.89755.10.1.5.6
1.1.5.89797.22.2.10.9.5.3.30.45
1.1.5.89885.15.1.7.2
1.1.5.89944.9.1.5.10
1.1.5.89993.5.1.3.11.22
1.1.5.90057.28.1.10.4
1.1.5.90073.5.1.3.1.21.6
1.1.5.90116.14.5.6.1.6
1.1.5.90118.14.4.12
1.1.5.90300.17.2.27.1
1.1.5.90328.27.1.8.5
1.1.5.90404.54.1.7.6.14
1.1.5.90416.5.1.2.2.13
1.1.5.90457.28.2.40.17
1.1.5.90525.5.1.1.16.13.1
1.1.5.90527.5.1.2.2.13.1.2
1.1.5.90580.11.3.8.6
1.1.5.90595.5.1.1.1
1.1.5.90618.5.1.1
1.1.5.90634.36.1.26.16
1.1.5.90781.16.3.11.1.2
1.1.5.90812.15.3.10.4.8.1
1.1.5.90817.22.2.16.25.10.7.16
1.1.5.90817.22.2.16.25.11.8.17
1.1.5.90907.5.1.1.2
1.1.5.90970.43.2.8.9
1.1.5.90972.63.1.4
1.1.5.90996.14.2.5.7.11
1.1.5.90999.31.2
1.1.5.91003.5.1.34.2.6
1.1.5.91031.5.1.3.2.15.1
1.1.5.91037.5.1.6
1.1.5.91128.18.1.14
1.1.5.91270.8.4.4
1.1.5.91274.17.3.4
1.1.5.91353.5.1.2.2.6
1.1.5.91502.5.1.1.12.15.5
1.1.5.91566.16.1.5.21
1.1.5.91584.5.1
1.1.5.91599.5.1.1
1.1.5.91656.9.2.4.28
1.1.5.91660.9.1.4.33
1.1.5.91697.13.1.10.6
1.1.5.91701.15.2
1.1.5.91805.26.1.12.8
1.1.5.91846.5.1.5.2.9
1.1.5.91882.10.1.7
1.1.5.91904.5.1.1.1
1.1.5.91954.5.1.15.1.17
1.1.5.91964.11.1.6.15.40
1.1.5.92019.5.1.3.3.4.2
1.1.5.92178.12.1.7.5
1.1.5.92284.5.1.2.1.3.2.5
1.1.5.92352.15.2.6
1.1.5.92451.5.1.1.11.33.10.13
1.1.5.92541.5.1.4.3
1.1.5.92552.8.2.11
1.1.5.92574.5.1.6.12.14
1.1.5.92650.18.2.7.2.8.1
1.1.5.92705.5.1.7.2.35
1.1.5.92720.5.1.1.6.4.2
1.1.5.92852.5.1.3.4
1.1.5.92913.16.7.9
1.1.5.92947.31.1.21
1.1.5.92957.12.1.6.7
1.1.5.93040.9.1.4.19
1.1.5.93077.5.1.10.26.8
1.1.5.93130.5.1
1.1.5.93269.5.1.14.2.26.9
1.1.5.93280.5.1
1.1.5.93293.11.3.4.20
1.1.5.93434.20.2.15.17.7.5
1.1.5.93445.10.3.15
1.1.5.93446.10.1.4.2
1.1.5.93588.5.1.4.1
1.1.5.93610.5.1.13
1.1.5.93612.5.1.2.1.3.1
1.1.5.93643.17.2.16
1.1.5.93665.9.1.7.6
1.1.5.93766.33.4.8
1.1.5.93786.30.3.44.2.18
1.1.5.93831.14.1.4
1.1.5.93948.20.2.4.1.8
1.1.5.93955.11.2.4
1.1.5.93962.5.1.2.2.5
1.1.5.94017.41.2.5.9.14.1
1.1.5.94031.9.6.24
1.1.5.94107.5.1
1.1.5.94185.5.1
1.1.5.94201.44.1.21
1.1.5.94252.9.1.4.4
1.1.5.94336.9.1.11.2
1.1.5.94376.19.3.25
1.1.5.94694.33.2.6.1
1.1.5.94702.5.1.4.3.5.4
1.1.5.94717.5.1.1.2.16
1.1.5.94723.5.1.2.1.1
1.1.5.94747.13.1.17
1.1.5.94759.11
1.1.5.94811.30.5.10.1.1
1.1.5.94927.14.2.10.1.6.9
1.1.5.94934.38.1.8
1.1.5.94956.14.1.16.7.6.1.9
1.1.5.95035.17.1.4.9
1.1.5.95108.5.1.8.3
1.1.5.95224.10.1.5.6
1.1.5.95337.10.1.9
1.1.5.95476.5.1.3.11.22
1.1.5.95543.28.1.10.4
1.1.5.95559.5.1.3.1.21.6
1.1.5.95602.14.5.6.1.6
1.1.5.95624.36.1.4
1.1.5.95658.9.1.6
1.1.5.95746.12.1.4
1.1.5.95746.12.3.8.5.2
1.1.5.95760.5.1.2.2.7
1.1.5.95785.5.1.2.2
1.1.5.95816.22.3.31.1.15.3.18
1.1.5.95897.5.1.14
1.1.6.94.11.3.8.6
1.1.6.109.5.1.1.1
1.1.6.148.36.1.26.16
1.1.6.210.5.1.3.3.6.4.4
1.1.6.325.22.3.5.3
1.1.6.332.14.2
1.1.6.342.5.1.1
1.1.6.414.9.2.11
1.1.6.417.5.1.14.4.9.2
1.1.6.462.5.1.2
1.1.6.489.14.2.5.7.11
1.1.6.492.31.2
1.1.6.496.5.1.34.2.6
1.1.6.512.24.3.9
1.1.6.527.5.1.23.3
1.1.6.535.6
1.1.6.618.18.1.14
1.1.6.762.8.4.4
1.1.6.766.17.3.4
1.1.6.845.5.1.2.2.6
1.1.6.882.17.2
1.1.6.893.14.2
1.1.6.967.34.1.4.8
1.1.6.1032.16.1.5.21
1.1.6.1050.5.1
1.1.6.1065.5.1.1
1.1.6.1119.5.1.4.1
1.1.6.1120.5.1.3.4.16.1.5
1.1.6.1149.5.1.7
1.1.6.1242.26.1.12.8
1.1.6.1284.5.1.5.2.8
1.1.6.1322.10.1.7
1.1.6.1344.5.1.1.1
1.1.6.1405.11.1.6.15.7
1.1.6.1456.5.1.3.3.4.2
1.1.6.1639.5.1.3.9.5
1.1.6.1742.5.1.2.1.3.2.5
1.1.6.1902.5.1.1.1.1.1.3
1.1.6.1938.16.2.23
1.1.6.1977.5.1.4.3
1.1.6.2009.53.2.33.1
1.1.6.2017.25.4.6
1.1.6.2101.18.2.7.2.8.1
1.1.6.2145.5.1.21.3.6.1.30
1.1.6.2149.5.1
1.1.6.2290.5.1.3.4
1.1.6.2359.16.7.9
1.1.6.2393.31.1.21
1.1.6.2403.12.1.6.7
1.1.6.2486.9.1.4.19
1.1.6.2523.5.1.10.26.8
1.1.6.2591.5.1.3.1
1.1.6.2733.5.1.3.2.3
1.1.6.2744.35.2.14.15
1.1.6.2825.5.1.5.1
1.1.6.2837.5.1.7.1.3.2
1.1.6.2859.16.2.21.8.2.1.7
1.1.6.3021.5.1.2.1.3.1
1.1.6.3052.17.2.16
1.1.6.3073.16.2.18.8.6
1.1.6.3185.33.4.8
1.1.6.3204.25.1.31.2
1.1.6.3217.26.2.14.11.5.7
1.1.6.3245.8.1.11
1.1.6.3258.5.1
1.1.6.3365.20.2.4.1.8
1.1.6.3376.5.1.2.2.5
1.1.6.3521.5.1
1.1.6.3760.9.1.11.2
1.1.6.3800.19.3.25
1.1.6.4119.33.2.6.1
1.1.6.4127.5.1.4.3.5.4
1.1.6.4137.14.4.5.3.9.1.3
1.1.6.4166.13.1.17
1.1.6.4178.11
1.1.6.4234.30.5.10.1.1
1.1.6.4303.22
1.1.6.4360.14.2.10.1.6.7
1.1.6.4367.38.1.8
1.1.6.4389.14.1.16.7.6.1.9
1.1.6.4467.18.2.5.21.18
1.1.6.4473.6
1.1.6.4706.10.1.5.6
1.1.6.4748.22.2.10.9.5.3.30.11
1.1.6.4896.9.1.5.10
1.1.6.4905.5.1.2.2
1.1.6.4908.5.1
1.1.6.4922.5.1.2.6
1.1.6.4944.12.3.8.4
1.1.6.5008.28.1.10.4
1.1.6.5024.5.1.3.1.20.5
1.1.6.5088.14.5.6.1.8
1.1.6.5090.14.4.12
1.1.6.5141.9.1.6
1.1.6.5161.3
1.1.6.5177.5.1.4.1
1.1.6.5200.5.1.18
1.1.6.5273.17.2.27.1
1.1.6.5301.27.1.8.5
1.1.6.5383.66.1.4.2
1.1.6.5443.9.1.4
1.1.6.5444.5.1.1.2.8.5
1.1.6.5464.5.1.2.8.21.1.14
1.1.6.5539.5.1.13.31.13
1.1.6.5612.5.1.1.1
1.1.6.5631.5.1.5.3.18
1.1.6.5648.36.1.26.16
1.1.6.5823.15.3.10.4.8.1
1.1.6.5828.22.2.16.25.10.7.18
1.1.6.5828.22.2.16.25.11.8.19
1.1.6.5904.9.2.11
1.1.6.5907.5.1.14.4.9.2
1.1.6.5958.5.1.2.5.11
1.1.6.5987.14.2.5.7.11
1.1.6.5990.31.2
1.1.6.5994.5.1.34.2.6
1.2.48.6.3.17.3.19.3.12
1.2.293.2.1
1.2.437.4.2.16.1
1.2.574.4.2.6.2.17.1.5
1.2.769.4.2
1.2.772.2.1.8.4.10.1.6
1.2.848.2.1.7
1.2.973.8.4.13.7.35.2.14
1.2.1194.2.1.1.1.1
1.2.1253.2.1.2
1.2.1341.9
1.2.1416.12.6.20.1.1.1.26
1.2.1416.12.6.21.2.5
1.2.1434.2.1.6
1.2.1638.4.2.3.3
1.2.1761.10.5.10.2.5.1
1.2.1822.2.1.2.2.2.1.1
1.2.1951.3
1.2.2022.1
1.2.2205.4.2.4.2.5
1.2.2326.2.1.3.1.1.3
1.2.2348.2.1.24.1.1.4
1.2.2382.2.1.2.2.11.2
1.2.2392.6.3.9
1.2.2601.5
1.2.2614.2.1.11.1.11
1.2.2665.2.1
1.2.2726.2.1.1.1
1.2.2871.2.1.3.1.7.1
1.2.2926.4.2.5.1.2.2.31
1.2.3004.2.1.3
1.2.3136.6.3.12
1.2.3191.2.1.4.2.10.4
1.2.3224.16.8.63.2
1.2.3276.4.2.20.2
1.2.3456.2.1.19.3.1
1.2.3487.6.3.39.1
1.2.3501.8.4.10.1
1.2.3509.10.5.37.2.18
1.2.3697.2.1.2.1
1.2.3727.6.3.11.3.10.4.4
1.2.3972.8.4
1.2.4008.2.1.4.2.5
1.2.4091.14.7.12
1.2.4259.10.5.8.2
1.2.4268.4.2.6.3.8
1.2.4277.6.3
1.2.4339.2.1.2.2
1.2.4528.4.2.3.2.5
1.2.4529.6.3.7.6
1.2.4678.2.1.2
1.2.4862.2.1
1.2.5020.10.5
1.2.5040.2.1.2.1.2.2
1.2.5180.6.3.6.2.6.1
1.2.5341.7
1.2.5408.4.2.5
1.2.5642.2.1
1.2.5720.2.1.10
1.2.5752.6.3.13
1.2.5815.6.3.9
1.2.5918.2.1.8.5.9.3.17
1.5.24.8.2.1
1.5.168.6.2.1.13
1.5.221.12.2.1.1
1.5.222.5.2.1
1.5.331.6.2.1.2.1.24.3
1.5.500.13.2.1.1.1
1.5.501.18.2.1
1.5.695.25.2.1
1.5.860.8.2.1.3.2.6.6.21
1.5.869.11.2.1
1.5.905.14.2.1.8.3
1.5.908.7.2.1.17.1.28.2.2
1.5.1085.7.2.1.6
1.5.1260.11.2.1.2
1.5.1478.8.2.1.8
1.5.1629.12.2.1.44.2
1.5.1817.12.2.1.17.6.13.5
1.5.2194.7.2.1.11.2.25.4.32
1.5.2219.8.2.1.16.5.12.1
1.5.2401.12.2.1.9.1.8
1.5.2427.7.2.1.12.1
1.5.2569.15.2.1
1.5.2582.9.2.1.4
1.5.2604.20.2.1.10.4
1.5.2719.13.2.1
1.5.2746.8.2.1.4
1.5.2913.9.2.1.4.1.17
1.5.3137.8.2.1.3.1.1.1
1.5.3146.13.2.1.3
1.5.3212.6.2.1.4.1.1.1
1.5.3317.9.2.1.2.5.8
1.5.3512.8.2.1.12.4.10.1.9
1.5.3663.18.2.1
1.5.3746.15.2.1.4.1.28.2.2
1.5.3791.7.2.1.8
1.5.3941.6.2.1.12.4.12.5
1.5.3953.16.2.1.4.3.7
1.5.4180.6.2.1.1.1.6.3.11
1.5.4275.13.2.1.3.1.13.1.14
1.5.4510.28.2.1
1.5.4708.7.2.1.13.5.7.3
1.5.5018.7.2.1
1.5.5045.7.2.1.16.9.33.1.3
1.5.5205.28.2.1.2.2.2.1
1.5.5262.11.2.1.5
1.5.5275.29.2.1.14.7.21
1.5.5291.25.2.1.7
1.5.5356.9.2.1.12.5.10
1.5.5428.9.2.1.7.5.30.1.5
1.5.5606.10.2.1.3.1.17.4
1.5.5733.6.2.1.19.2.6.2.10
1.5.5766.6.2.1.1
1.5.5965.9.2.1.6.1
1.5.5972.14.2.1.14.1.2.2.8.9
1.5.5977.8.2.1.11.4.12.1
1.5.5990.9.2.1.10.2.7.1.14
1.5.6002.15.2.1
1.5.6011.21.2.1.9.10.26.1.2
1.5.6051.12.2.1.4.4.7.4
1.5.6053.16.2.1.12.1.2.1
1.5.6302.7.2.1.2.2.6.4.36
1.5.6315.13.2.1.14.1.1
1.5.6394.9.2.1.7
1.5.6422.5.2.1.2.1.3
1.5.6553.6.2.1.1.3
1.5.6581.18.2.1.4
1.5.6876.7.2.1.12.1.1.2.13
1.5.6939.7.2.1.8.2.6.1.27
1.5.7015.36.2.1.29.1.1.1
1.5.7110.7.2.1
1.5.7132.8.2.1.33.5.11
1.5.7320.6.2.1.3.2.6.4.14
1.5.7373.7.2.1.1.1.1
1.5.7474.6.2.1.2.1.24.3
1.5.7499.8.2.1
1.5.7579.7.2.1.26.12.57
1.5.7626.13.2.1.22.1.2
1.5.7626.13.2.1.23.2.4.4
1.5.8006.8.2.1.3.2.6.6.30
1.5.8015.11.2.1
1.5.8051.14.2.1.8.3
1.5.8054.7.2.1.17.1.28.2.2
1.5.8250.7.2.1.3.3.9.1
1.5.8310.8.2.1.5.4
1.5.8410.8.2.1.12.4
1.5.8417.11.2.1.2
1.5.8603.9.2.1.7
1.5.8608.9.2.1.1.1.1
1.5.8766.12.2.1.44.2
1.5.8846.7.2.1.8.2.7.1
1.5.8963.12.2.1.17.6.13.5
1.5.9413.12.2.1.4.1.6
1.5.9575.7.2.1.12.1
1.5.9679.7.2.1.3
1.5.9722.12.2.1.3.1.23
1.5.9731.20.2.1.10.4
1.5.10035.9.2.1.6.1.16
1.5.10133.7.2.1.2
1.5.10183.16.2.1.7.1.5.2
1.5.10259.8.2.1.3.1.1.1
1.5.10269.13.2.1.12
1.5.10437.9.2.1.2.5.8
1.5.10584.9.2.1.12.3
1.5.10621.14.2.1.13
1.5.10766.18.2.1
1.5.10798.10.2.1
1.5.10838.7.2.1
1.5.10922.7.2.1
1.5.11014.6.2.1.12.4.12.5
1.5.11026.16.2.1.4.3.7
1.5.11073.7.2.1.8.4
1.5.11080.7.2.1.9.4.42.1
1.5.11095.11.2.1
1.5.11096.8.2.1
1.5.11241.12.2.1.3.3.7
1.5.11323.13.2.1.3.1.13.1.14
1.5.11537.28.2.1
1.5.11581.11.2.1
1.5.11655.8.2.1.8
1.5.11723.7.2.1.15.1.6.2
1.5.12026.7.2.1
1.5.12053.7.2.1.16.9.33.1.3
1.5.12209.28.2.1.2.2.2.1
1.5.12275.10.2.1
1.5.12291.7.2.1.6.4
1.5.12296.29.2.1.13.3.14
1.5.12312.25.2.1.7
1.5.12370.9.2.1.12.5.10
1.5.12441.9.2.1.7.5.30.1.5
1.5.12618.10.2.1.3.1.17.4
1.5.12775.6.2.1.1
1.5.12917.21.2.1.8.4.12.1
1.5.12983.10.2.1.13.1.4
1.5.12983.10.2.1.14.2.8.2
1.5.12988.14.2.1.21.1.2.2.8.6
1.5.12993.8.2.1.11.4.12.1
1.5.13006.9.2.1.10.2.7.1.14
1.5.13018.15.2.1
1.5.13027.21.2.1.9.10.26.1.2
1.5.13071.8.2.1.2.8
1.5.13334.7.2.1.2.2.6.4.36
1.5.13362.12.2.1.1
1.5.13436.9.2.1.7
1.5.13464.5.2.1.2.1.3
1.5.13603.6.2.1.1.3
1.5.13695.11.2.1.5
1.5.13767.7.2.1.4
1.5.13876.25.2.1.4.2.20
1.5.13880.13.2.1
1.5.13965.7.2.1.8.2.6.1.27
1.5.14092.8.2.1.23.8.13
1.5.14123.7.2.1
1.5.14151.7.2.1.4
1.5.14172.8.2.1.34.5.11
1.5.14369.6.2.1.13
1.5.14422.12.2.1.1
1.5.14423.5.2.1
1.5.14532.6.2.1.2.1.24.3
1.5.14553.8.2.1
1.5.14633.7.2.1.26.12.57
1.5.14677.13.2.1.1
1.5.14679.7.2.1
1.5.14874.25.2.1
1.5.14967.7.2.1.6.2
1.5.14968.9.2.1
1.5.15042.8.2.1.3.2.6.6.36
1.5.15051.11.2.1
1.5.15092.7.2.1.2.3.8
1.5.15282.12.2.1
1.5.15352.8.2.1.5.4
1.5.15452.8.2.1.12.4
1.5.15459.11.2.1.2
1.5.15679.8.2.1.8
1.5.15827.12.2.1.43.2
1.5.15904.7.2.1.8.2.7.1
1.5.16446.8.2.1.16.5.12.1
1.5.16494.19.2.1.1
1.5.16640.14.2.1.3.3.9
1.5.16667.7.2.1.12.1
1.5.16764.7.2.1.3
1.5.16805.9.2.1.4
1.5.16827.20.2.1.10.4
1.5.16941.13.2.1
1.5.17007.14.2.1.2.2
1.5.17141.9.2.1.6.1.16
1.5.17239.7.2.1.2
1.5.17285.8.2.1.4.2.16.3
1.5.17321.8.2.1.2.1
1.5.17351.22.2.1.14.8.13
1.5.17461.15.2.1
1.5.17462.6.2.1
1.5.17465.11.2.1
1.5.17547.9.2.1.2.1
1.5.17763.8.2.1.3.3
1.5.17933.10.2.1
1.5.17982.15.2.1.4.1.28.2.2
1.5.18027.7.2.1.8
1.5.18169.6.2.1.12.4.12.5
1.5.18181.16.2.1.4.3.7
1.5.18405.7.2.1.19
1.5.18499.13.2.1.3.1.13.1.14
1.5.18737.28.2.1
1.5.18856.8.2.1.8
1.5.18916.7.2.1.2.1.4.1
1.5.19261.12.2.1.22.8.9.2
1.5.19387.28.2.1.2.2.2.1
1.5.19446.6.2.1.3.1.1
1.5.19462.8.2.1.1.1.1
1.5.19481.25.2.1.7
1.5.19612.9.2.1.7.5.30.1.5
1.5.19647.26.2.1.9.2.3.1
1.5.19783.10.2.1.3.1.17.4
1.5.20083.5.2.1
1.5.20149.10.2.1.13.1.4
1.5.20149.10.2.1.14.2.8.2
1.5.20154.14.2.1.21.1.2.2.8.6
1.5.20159.8.2.1.11.4.12.1
1.5.20172.9.2.1.10.2.7.1.14
1.5.20184.15.2.1
1.5.20193.21.2.1.9.10.26.1.2
1.5.20237.8.2.1.2.8
1.5.20334.13.2.1
1.5.20489.7.2.1.2.2.6.4.36
1.5.20502.13.2.1.14.1.1
1.5.20581.9.2.1.7
1.5.20605.17.2.1.16.5.10.1.3
1.5.20753.6.2.1.1.3
1.5.20828.11.2.1.16
1.5.21042.10.2.1.13
1.5.21106.7.2.1.8.2.6.1.27
1.5.21194.7.2.1.12.2.25.1
1.5.21277.7.2.1
1.5.21307.5.2.1.7
1.5.21336.8.2.1.33.5.11
1.5.21525.8.2.1.11.1.2.1.25
1.5.21577.7.2.1.1.1.1
1.5.21675.6.2.1.2.1.24.3
1.5.21844.13.2.1.1.1
1.5.21845.18.2.1
1.5.22033.25.2.1
1.5.22191.8.2.1.3.2.6.6.42
1.5.22200.11.2.1
1.5.22241.7.2.1.2.3.8
1.5.22437.11.2.1.1.4.18.1.34
1.5.22501.8.2.1.5.4
1.5.22602.13.2.1.5
1.5.22644.6.2.1.2.1.3.1.3
1.5.22945.8.2.1.5.7.11.2.4
1.5.23041.7.2.1.8.2.7.1
1.5.23057.6.2.1.15.2.2.1
1.5.23568.8.2.1.16.5.12.1
1.5.23612.24.2.1.16.2.7
1.5.23696.28.2.1.20.6.6.9.17.32
1.5.23732.14.2.1.3.3.9
1.5.23759.7.2.1.12.1
1.5.23856.7.2.1.3
1.5.23903.17.2.1.1
1.5.23915.8.2.1.2.1.2.2
1.5.24046.8.2.1.2
1.5.24225.9.2.1.4.1.19
1.5.24323.7.2.1.2
1.5.24433.8.2.1.2.3.8
1.5.24538.15.2.1
1.5.24539.6.2.1
1.5.24542.11.2.1
1.5.24624.9.2.1.2.1
1.5.24655.13.2.1.7
1.5.24669.7.2.1.3.1
1.5.24783.5.2.1.2.2.20.12.32.32
1.5.24811.8.2.1.3.3
1.5.24996.10.2.1
1.5.25036.7.2.1
1.5.25087.19.2.1.9.2.4.9.15
1.5.25225.6.2.1.12.4.12.5
1.5.25237.16.2.1.4.3.7
1.5.25284.7.2.1.8.4
1.5.25291.7.2.1.9.4.42.1
1.5.25306.11.2.1
1.5.25307.8.2.1
1.5.25455.6.2.1.1.1.6.3.11
1.5.25541.13.2.1.3.1.13.1.15
1.5.25780.28.2.1
1.5.25974.7.2.1.13.5.7.3
1.5.26507.11.2.1.5
1.5.26520.29.2.1.14.7.21
1.5.26536.25.2.1.7
1.5.26603.9.2.1.12.5.10
1.5.26667.9.2.1.7.5.15.1.5
1.5.26702.26.2.1.9.2.3.1
1.5.26977.6.2.1.1
1.5.27047.10.2.1.3.3
1.5.27115.8.2.1.1.1.9.5
1.5.27177.10.2.1.13.1.4
1.5.27177.10.2.1.14.2.8.2
1.5.27182.14.2.1.21.1.2.2.8.6
1.5.27187.8.2.1.11.4.12.1
1.5.27200.9.2.1.10.2.7.1.14
1.5.27212.15.2.1
1.5.27221.21.2.1.9.10.26.1.2
1.5.27265.8.2.1.2.8
1.5.27537.7.2.1.2.2.6.4.36
1.5.27565.12.2.1.1
1.5.27639.9.2.1.7
1.5.27667.5.2.1.2.1.3
1.5.27707.9.2.1.2.1.2
1.5.27715.8.2.1.24
1.5.27801.6.2.1.1.3
1.5.27823.10.2.1.10
1.5.27900.11.2.1.5
1.5.28104.10.2.1.13
1.5.28170.11.2.1.2.1.11
1.5.28208.21.2.1
1.5.28247.8.2.1.1.3
1.5.28358.7.2.1
1.5.28380.8.2.1.33.5.11
1.5.28624.12.2.1.1
1.5.28625.5.2.1
1.5.28715.6.2.1.2.1.24.3
1.5.28816.7.2.1.26.12.56
1.5.28865.7.2.1.3
1.5.28912.14.2.1
1.5.29064.25.2.1
1.5.29230.8.2.1.3.2.6.6.42
1.5.29239.11.2.1
1.5.29275.14.2.1.8.3
1.5.29278.7.2.1.17.1.28.2.2
1.5.29458.7.2.1.6
1.5.29529.15.2.1.1.1.26.10.3
1.5.29561.16.2.1.6.4.41.10.16
1.5.29630.14.2.1.3.1.17
1.5.29633.7.2.1.11.6.37
1.5.29678.6.2.1.3.2.4.1.3
1.5.29818.12.2.1.6.1
1.5.29985.6.2.1.1.1.1.3.33
1.5.29997.9.2.1.11.11.32.8.7
1.5.30091.7.2.1.8.2.7.1
1.5.30705.19.2.1.1
1.5.30799.28.2.1.20.6.6.9.17.10
1.5.30862.7.2.1.12.1
1.5.31009.15.2.1
1.5.31022.9.2.1.4
1.5.31041.20.2.1.10.4
1.5.31139.13.2.1
1.5.31167.8.2.1.2
1.5.31333.9.2.1.4.1.19
1.5.31431.7.2.1.2
1.5.31555.8.2.1.3.1.1.1
1.5.31567.13.2.1.12
1.5.31657.15.2.1
1.5.31658.6.2.1
1.5.31661.11.2.1
1.5.31691.7.2.1.10.1.1.2
1.5.31738.9.2.1.2.1
1.5.31794.7.2.1.12.5
1.5.31944.8.2.1.12.4.10.1.9
1.5.32095.18.2.1
1.5.32127.10.2.1
1.5.32167.7.2.1
1.5.32220.9.2.1.6
1.5.32258.7.2.1
1.5.32359.6.2.1.12.4.12.5
1.5.32371.16.2.1.4.3.7
1.5.32418.7.2.1.8.4
1.5.32425.7.2.1.9.4.42.1
1.5.32440.11.2.1
1.5.32441.8.2.1
1.5.32591.6.2.1.1.1.6.3.11
1.5.32676.13.2.1.3.1.13.1.15
1.5.32909.28.2.1
1.5.33028.7.2.1.4
1.5.33095.7.2.1.13.5.7.3
1.5.33438.7.2.1.16.9.33.1.3
1.5.33594.28.2.1.2.2.2.1
1.5.33647.11.2.1.5
1.5.33660.29.2.1.14.7.21
1.5.33676.25.2.1.7
1.5.33741.9.2.1.12.5.10
1.5.33812.9.2.1.7.5.30.1.5
1.5.33847.26.2.1.9.2.3.1
1.5.34346.11.2.1.8
1.5.34350.12.2.1.3.2.24.3.15.5
1.5.34372.9.2.1.10.2.7.1.38
1.5.34384.15.2.1
1.5.34393.21.2.1.9.10.26.1.2
1.5.34430.12.2.1.4.4.7.4
1.5.34432.16.2.1.12.1.2.1
1.5.34682.7.2.1.2.2.6.4.36
1.5.34710.12.2.1.1
1.5.34754.14.2.1.2.2
1.5.34834.10.2.1.25.6
1.5.34895.12.2.1.2
1.5.34962.20.2.1.6.1
1.5.34994.6.2.1.1.3
1.5.35016.10.2.1.10
1.5.35311.7.2.1.12.1.1.2.13
1.5.35375.7.2.1.8.2.6.1.27
1.5.35533.7.2.1
1.5.35559.6.2.1.1
1.5.35581.14.2.1.12
1.5.35781.6.2.1.13
1.5.35834.12.2.1.1
1.5.35835.5.2.1
1.5.36038.7.2.1.26.12.57
1.5.36085.13.2.1.22.1.2
1.5.36085.13.2.1.23.2.4.4
1.5.36118.14.2.1
1.5.36270.25.2.1
1.5.36427.8.2.1.3.2.6.6.21
1.5.36436.11.2.1
1.5.36472.14.2.1.8.3
1.5.36475.7.2.1.17.1.28.2.2
1.5.36630.10.2.1
1.5.36722.8.2.1.5.4
1.5.36822.8.2.1.12.4
1.5.36829.11.2.1.2
1.5.37047.8.2.1.8
1.5.37178.8.2.1.5.7.11.2.4
1.5.37771.6.2.1
1.5.37842.19.2.1.1
1.5.38003.7.2.1.12.1
1.5.38162.8.2.1.2.1.2.2
1.5.38455.9.2.1.6.1.16
1.5.38553.7.2.1.2
1.5.38596.16.2.1.7.1.5.2
1.5.38668.8.2.1.2.3.8
1.5.38767.15.2.1
1.5.38768.6.2.1
1.5.38771.11.2.1
1.5.38853.9.2.1.2.1
1.5.38985.12.2.1.2.1
1.5.39048.8.2.1.3.3
1.5.39193.18.2.1
1.5.39223.10.2.1
1.5.39263.7.2.1
1.5.39318.20.2.1.4
1.5.39355.7.2.1
1.5.39456.6.2.1.12.4.12.5
1.5.39468.16.2.1.4.3.7
1.5.39515.7.2.1.8.4
1.5.39522.7.2.1.9.4.42.1
1.5.39537.11.2.1
1.5.39538.8.2.1
1.5.39680.12.2.1.3.3.7
1.5.39762.13.2.1.3.1.13.1.14
1.5.39991.12.2.1.3.2
1.5.40019.11.2.1
1.5.40095.8.2.1.8
1.5.40451.7.2.1
1.5.40507.12.2.1.22.8.9.2
1.5.40639.28.2.1.2.2.2.1
1.5.40692.11.2.1.5
1.5.40705.29.2.1.14.7.21
1.5.40721.25.2.1.7
1.5.40786.9.2.1.12.5.10
1.5.40857.9.2.1.7.5.30.1.5
1.5.41029.10.2.1.3.1.17.4
1.5.41155.13.2.1.13
1.5.41252.10.2.1.3.3
1.5.41320.5.2.1
1.5.41386.10.2.1.13.1.4
1.5.41386.10.2.1.14.2.8.2
1.5.41391.14.2.1.21.1.2.2.8.6
1.5.41396.8.2.1.11.4.12.1
1.5.41409.9.2.1.10.2.7.1.14
1.5.41421.15.2.1
1.5.41430.21.2.1.9.10.26.1.2
1.5.41467.12.2.1.4.4.7.4
1.5.41469.16.2.1.12.1.2.1
1.5.41725.7.2.1.2.2.6.4.36
1.5.41753.12.2.1.1
1.5.41797.14.2.1.2.2
1.5.41877.10.2.1.25.6
1.5.41938.12.2.1.2
1.5.42042.6.2.1.1.3
1.5.42070.18.2.1.4
1.5.42131.11.2.1.16
1.5.42302.25.2.1.4.2.20
1.5.42306.13.2.1
1.5.42389.7.2.1.8.2.6.1.27
1.5.42425.21.2.1
1.5.42490.9.2.1
1.5.42622.8.2.1.33.5.11
1.5.42830.6.2.1.13
1.5.42875.7.2.1.1.1.1
1.5.43150.13.2.1.1
1.5.43152.7.2.1
1.5.43193.14.2.1
1.5.43346.25.2.1
1.5.43510.8.2.1.3.2.6.6.21
1.5.43519.11.2.1
1.5.43555.14.2.1.8.3
1.5.43558.7.2.1.17.1.28.2.2
1.5.43755.11.2.1.1.4.18.1.34
1.5.43815.6.2.1.4.1.14
1.5.43847.16.2.1.6.4.38.12.47
1.5.43920.7.2.1.1.1.4.1.27
1.5.43922.13.2.1.5
1.5.43967.6.2.1.3.2.4.1.3
1.5.44292.12.2.1.44.2
1.5.44372.7.2.1.8.2.7.1
1.5.44505.12.2.1.17.6.13.5
1.5.44883.6.2.1
1.5.44910.8.2.1.16.5.12.1
1.5.45000.15.2.1.3.1.3.5
1.5.45103.7.2.1.12.1
1.5.45207.7.2.1.3
1.5.45250.12.2.1.3.1.23
1.5.45262.8.2.1.2.1.2.2
1.5.45367.13.2.1
1.5.45433.14.2.1.2.2
1.5.45577.9.2.1.4.1.17
1.5.45794.8.2.1.3.1.1.1
1.5.45803.13.2.1.3
1.5.45898.6.2.1
1.5.45971.9.2.1.2.1
1.5.46002.13.2.1.7
1.5.46170.8.2.1.12.3.3.1.3
1.5.46355.10.2.1
1.5.46395.7.2.1
1.5.46452.7.2.1.8
1.5.46593.6.2.1.12.4.12.5
1.5.46607.11.2.1.12
1.5.46613.5.2.1
1.5.46657.7.2.1.8.4
1.5.46664.7.2.1.9.4.41.1
1.5.46679.11.2.1
1.5.46680.8.2.1
1.5.46856.14.2.1.11
1.5.46948.13.2.1.3.1.13.1.14
1.5.47160.28.2.1
1.5.47351.7.2.1.13.5.7.3
1.5.47586.9.2.1.3
1.5.47642.7.2.1
1.5.47669.7.2.1.16.9.33.1.3
1.5.47696.12.2.1.28.10.13.5
1.5.47827.28.2.1.2.2.2.1
1.5.47886.6.2.1.3.1.1
1.5.47902.8.2.1.1.1.1
1.5.47921.25.2.1.7
1.5.47986.9.2.1.12.5.10
1.5.48057.9.2.1.7.5.30.1.5
1.5.48229.10.2.1.3.1.17.4
1.5.48509.21.2.1.8.4.12.1
1.5.48575.10.2.1.13.1.4
1.5.48575.10.2.1.14.2.8.2
1.5.48580.14.2.1.21.1.2.2.8.6
1.5.48585.8.2.1.11.4.12.1
1.5.48598.9.2.1.10.2.7.1.14
1.5.48611.14.2.1.10.6.41
1.5.48655.8.2.1.2.8
1.5.48919.7.2.1.2.2.6.4.36
1.5.48947.12.2.1.1
1.5.49022.8.2.1.14
1.5.49057.10.2.1.25.6
1.5.49202.6.2.1.1.3
1.5.49224.10.2.1.10
1.5.49287.10.2.1.3
1.5.49469.7.2.1.15.1.9
1.5.49495.9.2.1.23.1.38.1.15
1.5.49509.15.2.1
1.5.49562.7.2.1.8.2.6.1.27
1.5.49647.9.2.1
1.5.49699.8.2.1.24.9.14
1.5.49730.7.2.1
1.5.49760.5.2.1.7
1.5.49789.8.2.1.33.5.11
1.5.49981.8.2.1.11.1.2.1.25
1.5.50033.7.2.1.1.1.1
1.5.50131.6.2.1.2.1.24.3
1.5.50278.14.2.1.18
1.5.50304.7.2.1.3
1.5.50351.14.2.1
1.5.50506.25.2.1
1.5.50671.8.2.1.3.2.6.6.21
1.5.50680.11.2.1
1.5.50716.14.2.1.8.3
1.5.50719.7.2.1.17.1.28.2.2
1.5.50869.10.2.1
1.5.50961.8.2.1.5.4
1.5.51057.14.2.1.3.1.17
1.5.51060.7.2.1.11.6.37
1.5.51105.6.2.1.3.2.4.1.3
1.5.51407.6.2.1.7.3.6
1.5.51421.9.2.1.11.7.16.5.2
1.5.51515.7.2.1.8.2.7.1
1.5.51640.12.2.1.17.6.13.5
1.5.52025.6.2.1
1.5.52052.8.2.1.16.5.12.1
1.5.52102.19.2.1.1
1.5.52196.28.2.1.20.6.6.9.17.13
1.5.52232.14.2.1.3.3.9
1.5.52262.7.2.1.12.1
1.5.52404.15.2.1
1.5.52427.5.2.1.14.6.13.2
1.5.52542.13.2.1
1.5.52611.14.2.1.2.2
1.5.52745.9.2.1.6.1.16
1.5.52843.7.2.1.2
1.5.52896.8.2.1.4.2.16.3
1.5.52932.8.2.1.2.1
1.5.53137.9.2.1.2.1
1.5.53168.13.2.1.7
1.5.53182.7.2.1.3.1
1.5.53339.8.2.1.3.3
1.5.53479.18.2.1
1.5.53509.10.2.1
1.5.53549.7.2.1
1.5.53602.9.2.1.6
1.5.53747.6.2.1.12.4.12.5
1.5.53759.16.2.1.4.3.7
1.5.54003.12.2.1.3.3.7
1.5.54075.13.2.1.3.1.13.1.54
1.5.54314.12.2.1.3.2
1.5.54342.11.2.1
1.5.54421.13.2.1.42.4.10.3.10
1.5.54494.7.2.1.11.1.1.1
1.5.54823.7.2.1.16.9.33.1.3
1.5.54979.28.2.1.2.2.2.1
1.5.55057.29.2.1.14.7.21
1.5.55073.25.2.1.7
1.5.55131.9.2.1.12.5.10
1.5.55203.9.2.1.7.5.30.1.5
1.5.55238.26.2.1.9.2.3.1
1.5.55518.6.2.1.1
1.5.55586.10.2.1.3.3
1.5.55654.8.2.1.1.1.9.5
1.5.55716.10.2.1.13.1.4
1.5.55716.10.2.1.14.2.8.2
1.5.55721.14.2.1.21.1.2.2.8.6
1.5.55726.8.2.1.11.4.12.1
1.5.55739.9.2.1.10.2.7.1.14
1.5.55751.15.2.1
1.5.55760.21.2.1.9.10.26.1.2
1.5.55804.8.2.1.2.8
1.5.56065.7.2.1.2.2.6.4.36
1.5.56093.12.2.1.1
1.5.56167.9.2.1.7
1.5.56195.5.2.1.2.1.3
1.5.56322.6.2.1.1.3
1.5.56350.18.2.1.4
1.5.56419.11.2.1.5
1.5.56622.10.2.1.13
1.5.56687.7.2.1.8.2.6.1.27
1.5.56723.21.2.1
1.5.56784.9.2.1
1.5.56887.5.2.1.7
1.5.56916.8.2.1.33.5.11
1.5.57112.6.2.1.13
1.5.57160.12.2.1.1
1.5.57161.5.2.1
1.5.57370.7.2.1.26.12.57
1.5.57395.14.2.1.18
1.5.57416.13.2.1.1
1.5.57418.7.2.1
1.5.57458.14.2.1
1.5.57611.25.2.1
1.5.57765.8.2.1.3.2.6.6.23
1.5.57774.11.2.1
1.5.57815.7.2.1.2.3.8
1.5.57972.10.2.1
1.5.57998.12.2.1
1.5.58068.8.2.1.5.4
1.5.58168.7.2.1.1.1.4.1.27
1.5.58170.13.2.1.5
1.5.58215.6.2.1.3.2.4.1.3
1.5.58385.8.2.1.8
1.5.58430.9.2.1
1.5.58547.12.2.1.44.2
1.5.58627.7.2.1.8.2.7.1
1.5.59145.7.2.1.11.2.25.4.53
1.5.59170.8.2.1.16.5.12.1
1.5.59215.6.2.1.17.4.29
1.5.59391.7.2.1.12.1
1.5.59526.15.2.1
1.5.59539.9.2.1.4
1.5.59563.20.2.1.9.5
1.5.59676.13.2.1
1.5.59703.8.2.1.4
1.5.59739.14.2.1.2.2
1.5.59873.9.2.1.6.1.16
1.5.59971.7.2.1.2
1.5.60090.8.2.1.3.1.1.1
1.5.60099.13.2.1.3
1.5.60193.6.2.1
1.5.60261.9.2.1.2.1
1.5.60292.13.2.1.7
1.5.60657.10.2.1
1.5.60706.15.2.1.4.1.28.2.2
1.5.60751.7.2.1.8
1.5.60895.6.2.1.12.4.12.5
1.5.60907.16.2.1.4.3.7
1.5.60954.7.2.1.8.4
1.5.60961.7.2.1.9.4.42.1
1.5.60976.11.2.1
1.5.60977.8.2.1
1.5.61117.6.2.1.1.1.6.3.11
1.5.61203.13.2.1.3.1.13.1.15
1.5.61423.12.2.1.3.2
1.5.61451.11.2.1
1.5.61523.13.2.1.42.4.10.3.10
1.5.62094.28.2.1.2.2.2.1
1.5.62153.6.2.1.3.1.1
1.5.62169.8.2.1.1.1.1
1.5.62188.25.2.1.7
1.5.62253.9.2.1.12.5.10
1.5.62325.9.2.1.7.5.30.1.5
1.5.62360.26.2.1.9.2.3.1
1.5.62450.14.2.1.9
1.5.62494.10.2.1.3.1.17.4
1.5.62506.20.2.1
1.5.62878.8.2.1.6.3.5.2.3.3
1.5.62898.13.2.1.19
1.5.62918.5.2.1.11
1.5.62967.20.2.1.6.3
1.5.63217.7.2.1.2.2.6.4.36
1.5.63245.12.2.1.1
1.5.63289.14.2.1.2.2
1.5.63369.10.2.1.25.6
1.5.63430.12.2.1.2
1.5.63527.6.2.1.1.3
1.5.63549.10.2.1.10
1.5.63618.11.2.1.16
1.5.63807.7.2.1.15.1.9
1.5.63834.9.2.1.20.1.38.1.15
1.5.63848.15.2.1
1.5.63899.7.2.1.8.2.6.1.27
1.5.63987.7.2.1.12.2.25.1
1.5.64089.7.2.1
1.5.64111.8.2.1.33.5.11
1.5.64320.6.2.1.13
1.5.64373.12.2.1.1
1.5.64374.5.2.1
1.5.64598.7.2.1.26.12.57
1.5.64623.14.2.1.18
1.5.64644.13.2.1.1
1.5.64646.7.2.1
1.5.64687.14.2.1
1.5.64834.25.2.1
1.5.64927.7.2.1.6.2
1.5.64928.9.2.1
1.5.64992.8.2.1.3.2.6.6.21
1.5.65001.11.2.1
1.5.65037.14.2.1.8.3
1.5.65040.7.2.1.17.1.28.2.2
1.5.65225.12.2.1
1.5.65233.7.2.1.29
1.5.65304.15.2.1.1.1.26.10.3
1.5.65336.16.2.1.6.4.41.10.16
1.5.65405.14.2.1.3.1.17
1.5.65408.7.2.1.11.6.37
1.5.65453.6.2.1.3.2.4.1.3
1.5.65638.8.2.1.11
1.5.65813.12.2.1.44.2
1.5.65893.7.2.1.8.2.7.1
1.5.66013.12.2.1.17.6.13.5
1.5.66406.8.2.1.16.5.12.1
1.5.66454.19.2.1.1
1.5.66543.28.2.1.20.6.6.9.17.31
1.5.66579.14.2.1.3.3.9
1.5.66606.7.2.1.12.1
1.5.66710.7.2.1.3
1.5.66755.19.2.1.23
1.5.66772.8.2.1.13.1.2.2
1.5.66883.13.2.1
1.5.66910.8.2.1.4
1.5.66946.14.2.1.2.2
1.5.67084.9.2.1.4.1.19
1.5.67304.8.2.1.2.3.8
1.5.67410.15.2.1
1.5.67411.6.2.1
1.5.67414.11.2.1
1.5.67444.7.2.1.10.1.1.2
1.5.67491.9.2.1.2.1
1.5.67522.13.2.1.7
1.5.67691.8.2.1.12.5.4.1.15
1.5.67747.7.2.1.6.1
1.5.67839.18.2.1
1.5.67869.10.2.1
1.5.67918.15.2.1.4.1.28.2.2
1.5.67963.7.2.1.8
1.5.68113.6.2.1.12.4.12.5
1.5.68127.11.2.1.12
1.5.68133.5.2.1
1.5.68177.7.2.1.8.4
1.5.68184.7.2.1.9.4.41.1
1.5.68199.11.2.1
1.5.68200.8.2.1
1.5.68368.12.2.1.3.3.7
1.5.68450.13.2.1.3.1.13.1.14
1.5.68670.12.2.1.3.2
1.5.68685.7.2.1
1.5.68763.8.2.1.8
1.5.69121.7.2.1
1.5.69148.7.2.1.16.9.33.1.3
1.5.69366.11.2.1.5
1.5.69379.29.2.1.14.7.21
1.5.69395.25.2.1.7
1.5.69526.9.2.1.7.5.15.1.5
1.5.69816.6.2.1.19.2.6.2.10
1.5.69843.6.2.1.1
1.5.70065.11.2.1.8
1.5.70069.12.2.1.3.2.24.3.15.72
1.5.70091.9.2.1.10.2.7.1.38
1.5.70103.15.2.1
1.5.70112.21.2.1.9.10.26.1.2
1.5.70149.12.2.1.4.4.7.4
1.5.70151.16.2.1.12.1.2.1
1.5.70401.7.2.1.2.2.6.4.36
1.5.70429.12.2.1.1
1.5.70473.14.2.1.2.2
1.5.70553.10.2.1.25.6
1.5.70614.12.2.1.2
1.5.70704.6.2.1.1.3
1.5.70726.10.2.1.10
1.5.70793.11.2.1.5
1.5.71071.7.2.1.8.2.6.1.27
1.5.71261.7.2.1.4
1.5.71282.8.2.1.34.5.11
1.5.71481.6.2.1.13
1.5.71534.12.2.1.1
1.5.71535.5.2.1
1.5.71626.6.2.1.2.1.24.3
1.5.71651.8.2.1
1.5.71801.7.2.1.3
1.5.71998.25.2.1
1.6.99.8.2.1.18.3
1.6.190.8.2.1.18
1.6.264.8.2.1.38.5.9.1.5
1.6.537.8.2.1.1
1.6.572.8.2.1.1
1.6.657.8.2.1.18.1.8
1.6.664.8.2.1.2.2.24
1.6.706.8.2.1.8
1.6.847.8.2.1.36.4.49
1.6.894.8.2.1.4.2.5.1.2
1.6.902.8.2.1.3.2.38
1.6.1081.8.2.1.3.1.1.1.24.7
1.6.1401.8.2.1.21
1.6.1422.8.2.1.15.2.26.4
1.6.1581.8.2.1.6
1.6.1691.8.2.1.2.3.29
1.6.1902.8.2.1.10.3.13.4
1.6.1958.8.2.1.2.1.32
1.6.2058.8.2.1.6.1
1.6.2161.8.2.1.4
1.6.2236.8.2.1.3.3
1.6.2368.8.2.1
1.6.2440.8.2.1.12
1.6.2516.8.2.1.16.3.5.1.8
1.6.2707.8.2.1.8.5.20.1.1
1.6.2864.8.2.1.4
1.6.2973.8.2.1.3.2.3.1.1
1.6.2997.8.2.1.27.5
1.6.2997.8.2.1.28.1.8.5
1.6.3020.8.2.1
1.6.3057.8.2.1
1.6.3170.8.2.1.4.3
1.6.3239.8.2.1.29.5.22
1.6.3340.8.2.1.16.3.16.6
1.6.3374.8.2.1.7.4
1.6.3427.8.2.1.17.2
1.6.3473.8.2.1.6
1.6.3559.8.2.1.15
1.6.3775.8.2.1.4
1.6.3776.8.2.1.5
1.6.3835.8.2.1.4.3
1.6.4015.8.2.1.10
1.6.4106.8.2.1
1.6.4134.8.2.1
1.6.4178.8.2.1.6.4.11
1.6.4360.8.2.1
1.6.4488.8.2.1.1.1.4
1.6.4545.8.2.1
1.6.4648.8.2.1
1.6.4681.8.2.1.10.4
1.6.4682.8.2.1.1
1.6.4820.8.2.1
1.6.4887.8.2.1
1.6.4890.8.2.1.22
1.6.5000.8.2.1.14
1.6.5089.8.2.1
1.6.5126.8.2.1.5.1
1.6.5173.8.2.1.18
1.6.5202.8.2.1
1.6.5215.8.2.1.29.1.2
1.6.5246.8.2.1.1
1.6.5251.8.2.1.10.2.4.3
1.6.5271.8.2.1.29
1.6.5428.8.2.1.30.3.9
1.6.5704.8.2.1.9
1.6.5901.8.2.1.7.7.50.1
1.6.5964.8.2.1.2.1.1.1.13
1.6.5972.8.2.1.10.2.5.2
1.6.5994.8.2.1.2
1.6.6017.8.2.1.13.12.20.8.12
1.6.6050.8.2.1.12.6
1.6.6247.8.2.1.26.3
1.6.6309.8.2.1.15
1.6.6321.8.2.1.8.2
1.6.6380.8.2.1.35.1.7.3.17
1.6.6460.8.2.1.3.2.3.2.42
1.6.6484.8.2.1.2
1.6.6491.8.2.1.8.2.6
1.6.6563.8.2.1.5.6.23.1.7
1.6.6565.8.2.1
1.6.6570.8.2.1.14
1.6.6602.8.2.1.15.6
1.6.6697.8.2.1.13
1.6.6888.8.2.1
1.6.6972.8.2.1.14.1.1.1.11
1.6.7046.8.2.1
1.6.7073.8.2.1.12.3.11
1.6.7123.8.2.1
1.6.7170.8.2.1.20.1.2
1.6.7184.8.2.1
1.6.7305.8.2.1.2
1.6.7327.8.2.1.8.2.6
1.6.7358.8.2.1.26.4.9.4
1.6.7559.8.2.1.7.5
1.6.7711.8.2.1.1.5
1.6.7853.8.2.1.6
1.6.7873.8.2.1.10.2.21
1.6.7929.8.2.1.1
1.6.8008.8.2.1
1.6.8096.8.2.1.20.4.5.1
1.6.8157.8.2.1.6.3.13.5
1.6.8257.8.2.1.4.3
1.6.8258.8.2.1.3.1.6.2
1.6.8335.8.2.1.18
1.6.8409.8.2.1.38.5.9.1.5
1.6.8630.8.2.1.16.9.24
1.6.8769.8.2.1.18.7.53
1.6.8827.8.2.1.1.1.8.5.8
1.6.8832.8.2.1.2.2.23
1.6.8874.8.2.1.8
1.6.9026.8.2.1.16.3.12.6
1.6.9074.8.2.1.3.2.23
1.6.9236.8.2.1.2.2.7.5.19
1.6.9491.8.2.1
1.6.9607.8.2.1.8.1.1
1.6.9630.8.2.1.15.2.26.4
1.6.9907.8.2.1.6.4.17.4
1.6.10141.8.2.1.10.3.13.4
1.6.10186.8.2.1.11.3
1.6.10192.8.2.1.9.4.14
1.6.10291.8.2.1.6.1
1.6.10395.8.2.1.5.1.2
1.6.10597.8.2.1
1.6.10670.8.2.1.12
1.6.10746.8.2.1.16.3.5.1.8
1.6.10945.8.2.1.2.1.2.2
1.6.11101.8.2.1.2.1.1
1.6.11142.8.2.1
1.6.11145.8.2.1.7.1
1.6.11205.8.2.1.3.2.3.1.1
1.6.11229.8.2.1.27.5
1.6.11229.8.2.1.28.1.8.5
1.6.11252.8.2.1
1.6.11289.8.2.1
1.6.11399.8.2.1.4.3
1.6.11468.8.2.1.12.3.16
1.6.11575.8.2.1.16.3.16.6
1.6.11666.8.2.1.17.2
1.6.11701.8.2.1.17
1.6.11783.8.2.1.15
1.6.11812.8.2.1.8.1.5.2
1.6.11991.8.2.1.4
1.6.11992.8.2.1.5
1.6.12051.8.2.1.4.3
1.6.12197.8.2.1.10.1
1.6.12237.8.2.1.17
1.6.12380.8.2.1
1.6.12413.8.2.1.6.2.14.7
1.6.12584.8.2.1
1.6.12702.8.2.1
1.6.12712.8.2.1.24
1.6.12781.8.2.1
1.6.12884.8.2.1
1.6.12917.8.2.1.10.4
1.6.12918.8.2.1.1
1.6.13061.8.2.1
1.6.13128.8.2.1
1.6.13131.8.2.1.22
1.6.13332.8.2.1
1.6.13398.8.2.1.18
1.6.13427.8.2.1
1.6.13440.8.2.1.29.1.2
1.6.13471.8.2.1.1
1.6.13476.8.2.1.10.2.4.3
1.6.13496.8.2.1.29
1.6.13763.8.2.1.35.3.19.6
1.6.13907.8.2.1.9
1.6.13986.8.2.1.2.3.1
1.6.14101.8.2.1.7.7.50.1
1.6.14164.8.2.1.2.1.1.1.13
1.6.14172.8.2.1.10.2.5.2
1.6.14195.8.2.1.3.1.4
1.6.14260.8.2.1.4.7.4.1
1.6.14311.8.2.1.8.3.16.1
1.6.14371.8.2.1.6.2.4.4
1.6.14453.8.2.1.26.3
1.6.14515.8.2.1.15
1.6.14586.8.2.1.35.1.7.3.17
1.6.14687.8.2.1.11
1.6.14783.8.2.1.5.8.15.1.7
1.6.14785.8.2.1
1.6.14790.8.2.1.14
1.6.14881.8.2.1
1.6.14941.8.2.1.13
1.6.15006.8.2.1.1.1.1.1.9
1.6.15024.8.2.1
1.6.15041.8.2.1.5.3
1.6.15082.8.2.1.4.2.4.1
1.6.15085.8.2.1.12.6.15
1.6.15089.8.2.1
1.6.15218.8.2.1.4.1.5
1.6.15242.8.2.1.17.3.24
1.6.15285.8.2.1
1.6.15401.8.2.1.20.1.2
1.6.15415.8.2.1
1.6.15536.8.2.1.2
1.6.15558.8.2.1.8.2.6
1.6.15589.8.2.1.26.4.9.4
1.6.15943.8.2.1.1.5
1.6.16086.8.2.1.6
1.6.16106.8.2.1.10.2.21
1.6.16158.8.2.1.17.1
1.6.16237.8.2.1
1.6.16322.8.2.1.20.4.5.1
1.6.16383.8.2.1.6.3.13.5
1.6.16475.8.2.1.6.3
1.6.16564.8.2.1.18
1.6.16637.8.2.1.38.5.9.1.5
1.6.16868.8.2.1.16.9.24
1.6.17004.8.2.1.4.3.67
1.6.17050.8.2.1.11
1.6.17055.8.2.1.5
1.6.17089.8.2.1.8
1.6.17236.8.2.1.24
1.6.17262.8.2.1.1.1
1.6.17273.8.2.1.4.2.5.1.2
1.6.17281.8.2.1.3.2.38
1.6.17385.8.2.1.24.1.3.1
1.6.17461.8.2.1.3.1.1.1.20.7
1.6.17758.8.2.1
1.6.17819.8.2.1.18.5
1.6.17825.8.2.1.1.1.1.1.23
1.6.17851.8.2.1.15.2.26.4
1.6.18206.8.2.1.12
1.6.18348.8.2.1.10.3.13.4
1.6.18393.8.2.1.11.3
1.6.18399.8.2.1.9.4.14
1.6.18488.8.2.1.6.1
1.6.18592.8.2.1.5.1.2
1.6.18626.8.2.1.3.2
1.6.18771.8.2.1.45.4.21.2.33
1.6.18890.8.2.1.12
1.6.18967.8.2.1.16.3.5.1.8
1.6.19173.8.2.1.2.1.2.2
1.6.19335.8.2.1.2.1.1
1.6.19366.8.2.1
1.6.19396.8.2.1.10.1.13.2.1
1.6.19430.8.2.1.3.2.3.1.1
1.6.19454.8.2.1.27.5
1.6.19454.8.2.1.28.1.8.5
1.6.19477.8.2.1
1.6.19514.8.2.1
1.6.19688.8.2.1.12.3.16
1.6.19906.8.2.1.10.7.32.1.46
1.6.19915.8.2.1.8
1.6.19933.8.2.1.1.1.4.4
1.6.19968.8.2.1.1
1.6.20177.8.2.1.4
1.6.20178.8.2.1.5
1.6.20234.8.2.1.4.3
1.6.20374.8.2.1.10.1
1.6.20414.8.2.1.17
1.6.20594.8.2.1
1.6.20718.8.2.1
1.6.20915.8.2.1.1.1.4
1.6.20972.8.2.1
1.6.21075.8.2.1
1.6.21117.8.2.1.1
1.6.21118.8.2.1.2
1.6.21304.8.2.1
1.6.21307.8.2.1.22
1.6.21519.8.2.1
1.6.21583.8.2.1.18
1.6.21612.8.2.1
1.6.21625.8.2.1.29.1.2
1.6.21689.8.2.1.12.1.1
1.6.21836.8.2.1.30.3.9
1.6.22089.8.2.1.9
1.6.22200.8.2.1.10.2
1.6.22285.8.2.1.7.7.50.1
1.6.22348.8.2.1.2.1.1.1.13
1.6.22356.8.2.1.10.2.5.2
1.6.22378.8.2.1.2
1.6.22401.8.2.1.13.12.20.8.12
1.6.22434.8.2.1.4.7.4.1
1.6.22485.8.2.1.8.3.16.1
1.6.22563.8.2.1.12
1.6.22582.8.2.1
1.6.22649.8.2.1.26.3
1.6.22711.8.2.1.15
1.6.22723.8.2.1.8.2
1.6.22780.8.2.1.35.1.7.3.17
1.6.22861.8.2.1.34.3.14.2
1.6.22863.8.2.1.37.2.23.1.40
1.6.22916.8.2.1.2.1.1
1.6.22968.8.2.1.5.8.15.1.7
1.6.22970.8.2.1
1.6.22975.8.2.1.14
1.6.23007.8.2.1.15.6
1.6.23060.8.2.1
1.6.23120.8.2.1.13
1.6.23184.8.2.1.10.2
1.6.23204.8.2.1
1.6.23221.8.2.1.5.3
1.6.23251.8.2.1.8.4.25.2
1.6.23259.8.2.1.6
1.6.23371.8.2.1.5.2
1.6.23373.8.2.1.4.1.8
1.6.23395.8.2.1.16.3.34
1.6.23438.8.2.1
1.6.23465.8.2.1.12.3.11
1.6.23559.8.2.1.20.1.2
1.6.23573.8.2.1
1.6.23710.8.2.1.3.1.2.1.16
1.6.23741.8.2.1.7
1.6.23745.8.2.1.3.3.10.2
1.6.24132.8.2.1
1.6.24266.8.2.1.6
1.6.24286.8.2.1.10.2.21
1.6.24337.8.2.1.1
1.6.24416.8.2.1
1.6.24501.8.2.1.20.4.5.1
1.6.24686.8.2.1.4.2
1.6.24688.8.2.1.2.1
1.6.24691.8.2.1.13.1
1.6.24775.8.2.1.18
1.6.24848.8.2.1.38.5.9.1.5
1.6.25179.8.2.1.18.7.53
1.6.25235.8.2.1.6
1.6.25277.8.2.1.8
1.6.25418.8.2.1.36.4.49
1.6.25459.8.2.1.4.2.5.1.2
1.6.25467.8.2.1.3.2.38
1.6.25559.8.2.1.7.1.11.4
1.6.25638.8.2.1.3.1.1.1.20.17
1.6.25874.8.2.1
1.6.25983.8.2.1.18.5
1.6.25989.8.2.1.1.1.1.1.23
1.6.26182.8.2.1.6
1.6.26304.8.2.1.2.3.29
1.6.26506.8.2.1.10.3.13.4
1.6.26562.8.2.1.2.1.32
1.6.26662.8.2.1.6.1
1.6.26789.8.2.1.4
1.6.26809.8.2.1.1.1.1
1.6.26825.8.2.1.19.3
1.6.26947.8.2.1.6.3.8.1
1.6.26990.8.2.1.3.1.21.1
1.6.27069.8.2.1.12
1.6.27145.8.2.1.16.3.5.1.15
1.6.27350.8.2.1.2.1.2.2
1.6.27512.8.2.1.2.1.1
1.6.27616.8.2.1.3.2.3.1.1
1.6.27640.8.2.1.27.5
1.6.27640.8.2.1.28.1.8.5
1.6.27663.8.2.1
1.6.27700.8.2.1
1.6.27842.8.2.1.1.2.23.6
1.6.27942.8.2.1.5.1
1.6.28087.8.2.1.17.2
1.6.28219.8.2.1.15
1.6.28439.8.2.1.4
1.6.28440.8.2.1.5
1.6.28499.8.2.1.7.2.2.1.21
1.6.28500.8.2.1.4.1.6.4
1.6.28513.8.2.1.7.6.8.1
1.6.28677.8.2.1.17
1.6.28870.8.2.1.6.2.14.7
1.6.28993.8.2.1
1.6.29039.8.2.1
1.6.29169.8.2.1.2.2.10.1.13
1.6.29259.8.2.1.4.2
1.6.29424.8.2.1.1
1.6.29425.8.2.1.2
1.6.29616.8.2.1
1.6.29619.8.2.1.22
1.6.29827.8.2.1
1.6.29891.8.2.1.18
1.6.29920.8.2.1
1.6.29933.8.2.1.29.1.2
1.6.29964.8.2.1.1
1.6.29989.8.2.1.29
1.6.30140.8.2.1.4
1.6.30252.8.2.1.1.1.3.2
1.6.30396.8.2.1.4.1.2
1.6.30577.8.2.1.7.7.50.1
1.6.30640.8.2.1.2.1.1.1.13
1.6.30648.8.2.1.10.2.5.2
1.6.30671.8.2.1.3.1.4
1.6.30731.8.2.1.34.4
1.6.30774.8.2.1.8.3.16.1
1.6.30887.8.2.1
1.6.30987.8.2.1.15
1.6.30999.8.2.1.8.2
1.6.31056.8.2.1.35.1.7.3.17
1.6.31151.8.2.1.34.3.14.2
1.6.31153.8.2.1.37.2.23.1.36
1.6.31254.8.2.1.5.6.23.1.7
1.6.31256.8.2.1
1.6.31261.8.2.1.14
1.6.31461.8.2.1
1.6.31672.8.2.1.4.1.5
1.6.31696.8.2.1.17.3.24
1.6.31838.8.2.1.20.1.2
1.6.31852.8.2.1
1.6.31979.8.2.1.2
1.6.32001.8.2.1.8.2.6
1.6.32032.8.2.1.26.4.9.4
1.6.32233.8.2.1.7.5
1.6.32387.8.2.1.1.5
1.6.32389.8.2.1
1.6.32538.8.2.1.4.1.28.4.8
1.6.32555.8.2.1.17
1.6.32610.8.2.1.17.1
1.6.32771.8.2.1.20.4.5.1
1.6.32837.8.2.1.6.3.13.5
1.6.32921.8.2.1
1.6.33001.8.2.1.18
1.6.33075.8.2.1.38.5.9.1.5
1.6.33294.8.2.1.16.9.24
1.6.33501.8.2.1.25
1.6.33538.8.2.1.8
1.6.33679.8.2.1.36.4.49
1.6.33703.8.2.1.1.1
1.6.33714.8.2.1.4.2.5.1.2
1.6.33722.8.2.1.3.2.38
1.6.33896.8.2.1.3.1.1.1.16.11
1.6.33906.8.2.1
1.6.34235.8.2.1.21
1.6.34256.8.2.1.15.2.26.4
1.6.34418.8.2.1.6
1.6.34607.8.2.1.6
1.6.34732.8.2.1.10.3.13.4
1.6.34777.8.2.1.11.3
1.6.34783.8.2.1.9.4.14
1.6.34894.8.2.1
1.6.34987.8.2.1.4
1.6.35057.8.2.1.3.3
1.6.35070.8.2.1.18.2.6.1
1.6.35262.8.2.1.12
1.6.35338.8.2.1.16.3.5.1.8
1.6.35547.8.2.1.34.1.4.4
1.6.35653.8.2.1.9.2.2
1.6.35713.8.2.1.2.1.1
1.6.35755.8.2.1.2.1.2.1
1.6.35820.8.2.1.3.2.3.1.1
1.6.35841.8.2.1.2.2
1.6.35869.8.2.1.10.2.9.2.2
1.6.35906.8.2.1
1.6.36036.8.2.1
1.6.36070.8.2.1.4.3.4
1.6.36174.8.2.1.16.3.16.6
1.6.36211.8.2.1.7.4
1.6.36371.8.2.1.15
1.6.36587.8.2.1.4
1.6.36588.8.2.1.5
1.6.36647.8.2.1.4.3
1.6.36838.8.2.1.17
1.6.37020.8.2.1.6.4.11
1.6.37137.8.2.1.18.4.19.5
1.6.37149.8.2.1.20.6.14.5.31
1.6.37332.8.2.1.2.2.9.1.20
1.6.37411.8.2.1
1.6.37705.8.2.1
1.6.37772.8.2.1
1.6.37775.8.2.1.22
1.6.37989.8.2.1
1.6.38058.8.2.1.18
1.6.38087.8.2.1
1.6.38100.8.2.1.29.1.2
1.6.38309.8.2.1.30.3.9
1.6.38568.8.2.1.20.7.22
1.6.38756.8.2.1.7.7.50.1
1.6.38829.8.2.1.2.2.11.1
1.6.38847.8.2.1.2
1.6.38870.8.2.1.13.12.20.8.14
1.6.38904.8.2.1.9.4
1.6.38950.8.2.1.8.3.16.1
1.6.39032.8.2.1
1.6.39064.8.2.1
1.6.39114.8.2.1.26.3
1.6.39176.8.2.1.15
1.6.39259.8.2.1.35.1.7.3.17
1.6.39342.8.2.1.11
1.6.39391.8.2.1.2.1.1
1.6.39438.8.2.1
1.6.39443.8.2.1.5.1.6.2.18
1.6.39529.8.2.1
1.6.39612.8.2.1
1.6.39680.8.2.1.26.2
1.6.39700.8.2.1
1.6.39717.8.2.1.5.3
1.6.39755.8.2.1.9
1.6.39771.8.2.1.1.1.19.9
1.6.39893.8.2.1.4.1.5
1.6.39917.8.2.1.17.3.24
1.6.39958.8.2.1
1.6.39985.8.2.1.12.3.11
1.6.40079.8.2.1.20.1.2
1.6.40093.8.2.1
1.6.40210.8.2.1.3.1.2.1.19
1.6.40241.8.2.1.7
1.6.40245.8.2.1.3.3.10.2
1.6.40471.8.2.1.7.5
1.6.40626.8.2.1.1.5
1.6.40762.8.2.1.6
1.6.40782.8.2.1.10.2.21
1.6.40838.8.2.1.1
1.6.40917.8.2.1
1.6.41002.8.2.1.20.4.5.1
1.6.41197.8.2.1
1.6.41199.8.2.1.8.2
1.6.41286.8.2.1.18
1.6.41360.8.2.1.38.5.9.1.5
1.6.41585.8.2.1.16.9.24
1.6.41646.8.2.1.1
1.6.41701.8.2.1.4.3.79
1.6.41758.8.2.1.1.1.8.5.8
1.6.41763.8.2.1.2.2.23
1.6.41805.8.2.1.8
1.6.41953.8.2.1.16.3.12.6
1.6.41983.8.2.1.1.1
1.6.41994.8.2.1.4.2.5.1.2
1.6.42002.8.2.1.3.2.38
1.6.42097.8.2.1.4.3.6.1
1.6.42178.8.2.1.3.1.1.1.25.8
1.6.42415.8.2.1.6.2
1.6.42535.8.2.1.18.5
1.6.42541.8.2.1.1.1.1.1.23
1.6.42567.8.2.1.15.2.26.4
1.6.42877.8.2.1
1.6.42952.8.2.1.11
1.6.43078.8.2.1.10.3.13.4
1.6.43123.8.2.1.11.3
1.6.43129.8.2.1.9.4.14
1.6.43231.8.2.1.6.1
1.6.43349.8.2.1.5.1.2
1.6.43631.8.2.1.12
1.6.43709.8.2.1.16.3.5.1.15
1.6.43917.8.2.1.34.1.4.4
1.6.44072.8.2.1.2.1.1
1.6.44101.8.2.1
1.6.44104.8.2.1.30.1
1.6.44164.8.2.1.3.2.3.1.1
1.6.44185.8.2.1.2.2
1.6.44213.8.2.1.10.2.9.2.2
1.6.44250.8.2.1
1.6.44426.8.2.1.12.3.16
1.6.44528.8.2.1.16.3.16.6
1.6.44619.8.2.1.17.2
1.6.44751.8.2.1.15
1.6.44780.8.2.1.8.1.5.2
1.6.44959.8.2.1.16.1.1
1.6.44959.8.2.1.17.2.2
1.6.45216.8.2.1.10
1.6.45393.8.2.1.6.4.11
1.6.45495.8.2.1.18.4.19.5
1.6.45507.8.2.1.20.6.14.5.31
1.6.45555.8.2.1
1.6.45670.8.2.1.1.1.4
1.6.45730.8.2.1.44.1.4.2
1.6.45886.8.2.1.1
1.6.45887.8.2.1.2
1.6.46085.8.2.1
1.6.46088.8.2.1.22
1.6.46289.8.2.1
1.6.46364.8.2.1.18
1.6.46393.8.2.1
1.6.46406.8.2.1.29.1.2
1.6.46434.8.2.1.13
1.6.46462.8.2.1.12.1.1
1.6.46744.8.2.1.18.8.15.1.40
1.6.46856.8.2.1.20.7.22
1.6.47039.8.2.1.7.7.50.1
1.6.47102.8.2.1.2.1.1.1.13
1.6.47110.8.2.1.10.2.5.2
1.6.47132.8.2.1.2
1.6.47155.8.2.1.13.12.20.8.12
1.6.47189.8.2.1.9.4
1.6.47322.8.2.1.16
1.6.47351.8.2.1
1.6.47458.8.2.1.15
1.6.47533.8.2.1.35.1.7.3.17
1.6.47616.8.2.1.11
1.6.47665.8.2.1.2.1.1
1.6.47712.8.2.1
1.6.47717.8.2.1.5.1.6.2.18
1.6.47907.8.2.1.10.2
1.6.47927.8.2.1
1.6.47944.8.2.1.5.3
1.6.47982.8.2.1.9
1.6.47998.8.2.1.1.1.19.9
1.6.48118.8.2.1.4.1.5
1.6.48146.8.2.1.4.2.18
1.6.48214.8.2.1.11.1.2.2.6
1.6.48230.8.2.1.8.1.34.1.8
1.6.48310.8.2.1.20.1.2
1.6.48324.8.2.1
1.6.48440.8.2.1.2
1.6.48462.8.2.1.8.2.6
1.6.48493.8.2.1.26.4.9.4
1.6.48854.8.2.1.1.5
1.6.48931.8.2.1.15.1.2
1.6.48970.8.2.1.6
1.6.48990.8.2.1.10.2.21
1.6.49042.8.2.1.17.1
1.6.49109.8.2.1
1.6.49193.8.2.1.20.4.5.1
1.6.49256.8.2.1.6.3.13.5
1.6.49368.8.2.1.35.3
1.6.49370.8.2.1.2.1
1.6.49373.8.2.1.13.1
1.6.49455.8.2.1.18
1.6.49528.8.2.1.38.5.9.1.5
1.6.49748.8.2.1.8
1.6.49896.8.2.1.18.7.53
1.6.49947.8.2.1.25
1.6.49984.8.2.1.8
1.6.50125.8.2.1.36.4.49
1.6.50168.8.2.1.3.2.23
1.6.50260.8.2.1.7.1.11.4
1.6.50348.8.2.1.3.1.1.1.20.18
1.6.50590.8.2.1.6.2
1.6.50699.8.2.1.21
1.6.50720.8.2.1.15.2.26.4
1.6.50842.8.2.1.3.3.22
1.6.50989.8.2.1.2.3.29
1.6.51195.8.2.1.10.3.13.4
1.6.51240.8.2.1.11.3
1.6.51246.8.2.1.9.4.14
1.6.51345.8.2.1.6.1
1.6.51483.8.2.1.3.2
1.6.51530.8.2.1.3.3
1.6.51543.8.2.1.18.2.6.1
1.6.51660.8.2.1.3.1.35.1
1.6.51738.8.2.1.12
1.6.51814.8.2.1.16.3.5.1.15
1.6.52006.8.2.1.8.5.20.1.1
1.6.52166.8.2.1.2.1.1
1.6.52195.8.2.1
1.6.52198.8.2.1.30.1
1.6.52219.8.2.1.26
1.6.52277.8.2.1.2.2
1.6.52305.8.2.1.10.2.9.2.2
1.6.52342.8.2.1
1.6.52490.8.2.1.1.2.23.6
1.6.52518.8.2.1.4.3.4
1.6.52632.8.2.1.16.3.16.6
1.6.52829.8.2.1.15
1.6.53044.8.2.1.16.1.1
1.6.53044.8.2.1.17.2.2
1.6.53083.8.2.1.2.2.24
1.6.53278.8.2.1.17
1.6.53427.8.2.1
1.6.53460.8.2.1.6.2.14.7
1.6.53600.8.2.1
1.6.53646.8.2.1
1.6.53781.8.2.1.18.6.13.4.10
1.6.53865.8.2.1
1.6.54027.8.2.1.1
1.6.54028.8.2.1.2
1.6.54171.8.2.1
1.6.54244.8.2.1.3.3.20.3
1.6.54441.8.2.1
1.6.54505.8.2.1.18
1.6.54534.8.2.1
1.6.54547.8.2.1.29.1.2
1.6.54575.8.2.1.13
1.6.54731.8.2.1.4
1.6.54844.8.2.1.1.1.3.2
1.6.54882.8.2.1.7.3
1.6.54992.8.2.1.9
1.6.55185.8.2.1.25.9.17.1
1.6.55248.8.2.1.2.1.1.1.13
1.6.55256.8.2.1.10.2.5.2
1.6.55279.8.2.1.3.1.4
1.6.55335.8.2.1.9.4
1.6.55367.8.2.1.8.3.16.1
1.6.55449.8.2.1.6.3.7.4
1.6.55539.8.2.1.26.3
1.6.55601.8.2.1.15
1.6.55672.8.2.1.35.1.7.3.17
1.6.55753.8.2.1.34.3.14.2
1.6.55755.8.2.1.37.2.23.1.40
1.6.55854.8.2.1
1.6.55859.8.2.1.5.1.6.2.18
1.6.55936.8.2.1
1.6.56008.8.2.1.13
1.6.56089.8.2.1
1.6.56106.8.2.1.5.3
1.6.56147.8.2.1.4.2.4.1
1.6.56150.8.2.1.12.6.15
1.6.56154.8.2.1
1.6.56273.8.2.1.12.5.22.3.3
1.6.56274.8.2.1.16
1.6.56362.8.2.1.11.1.2.2.6
1.6.56384.8.2.1.10
1.6.56468.8.2.1.20.1.2
1.6.56483.8.2.1.17.3.16.3
1.6.56538.8.2.1.15.1.15
1.6.56596.8.2.1.3.1.2.1.15
1.6.56627.8.2.1.7
1.6.56631.8.2.1.3.3.10.2
1.6.57020.8.2.1.13.4.25.4
1.6.57027.8.2.1
1.6.57180.8.2.1.6
1.6.57200.8.2.1.10.2.21
1.6.57249.8.2.1.17.1
1.6.57328.8.2.1
1.6.57415.8.2.1.20.4.5.1
1.6.57481.8.2.1.6.3.13.5
1.6.57662.8.2.1.18
1.6.57738.8.2.1.38.5.9.1.5
1.6.57963.8.2.1.16.9.24
1.6.58102.8.2.1.18.7.53
1.6.58158.8.2.1.11.3
1.6.58170.8.2.1.4
1.6.58207.8.2.1.4.1.9
1.6.58338.8.2.1.36.4.49
1.6.58379.8.2.1.3.2.24
1.6.58465.8.2.1.7.1.11.4
