1.1.1.110.5.1.3.2
1.1.1.218.5.1.1.14.4
1.1.1.227.10.1.8.11
1.1.1.231.29.2.15.7.17
1.1.1.251.18.3.12.1.2.8.6
1.1.1.316.5.1
1.1.1.365.28.2.15.15.13
1.1.1.372.5.1.7.1.2
1.1.1.445.5.1
1.1.1.456.12
1.1.1.545.5.1.2.2.7
1.1.1.589.5.1
1.1.1.650.10.1.4.3
1.1.1.654.9.2.11.4
1.1.1.710.5.1
1.1.1.774.5.1.2
1.1.1.824.10.2.4
1.1.1.855.5.1.4.12
1.1.1.981.16.2.5.10.22.1
1.1.1.1005.5.1.2.7.18.4.14
1.1.1.1028.5.1.1.3.9
1.1.1.1095.12.3.8
1.1.1.1148.5.1.5.1.1.1.1
1.1.1.1292.9.1.11.3
1.1.1.1382.15.2.5
1.1.1.1389.18.4.11
1.1.1.1434.5.1.7
1.1.1.1596.9.1.16.9
1.1.1.1603.5.1.5
1.1.1.1645.17.1.4.1
1.1.1.1698.28.1.4
1.1.1.1735.16.1.15.6
1.1.1.1772.5.1.8.4.9
1.1.1.1791.17.2.5.10
1.1.1.1793.5.1.1.1.3
1.1.1.1908.5.1.4.4
1.1.1.1959.9.1.6
1.1.1.1965.5.1.7
1.1.1.1986.17.2
1.1.1.1994.5.1.10.5.15
1.1.1.2023.14.1.4
1.1.1.2033.12.1.32
1.1.1.2034.9.2.4.2
1.1.1.2048.20.1.8
1.1.1.2053.5.1
1.1.1.2135.5.1.1.3.17.3.47.9
1.1.1.2198.5.1.4.2.4.4.16
1.1.1.2347.5.1.5.2.28
1.1.1.2364.5.1.1.4.8.12.23
1.1.1.2487.5.1.1
1.1.1.2503.5.1.1
1.1.1.2542.14
1.1.1.2611.5.1.1
1.1.1.2627.9.1.8.6
1.1.1.2671.5.1.12
1.1.1.2771.5.1.8.2.4
1.1.1.2783.5.1.4.4.17.2
1.1.1.2899.5.1.4
1.1.1.2912.10.3.14.9
1.1.1.3134.15.2.7.1.6.1.11.9
1.1.1.3261.54.2.31
1.1.2.3306.5.1.1.2.4.9
1.1.2.3318.19.2.4.26
1.1.2.3345.5.1.24.2.36
1.1.2.3357.17.4
1.1.2.3474.14.2.23
1.1.2.3495.44.1.26.9.14
1.1.2.3558.5.1
1.1.2.3586.51.1.23
1.1.2.3710.9.1.7
1.1.2.3736.5.1.2.1.13
1.1.2.3754.19
1.1.2.3885.5.1
1.1.2.3939.11.1.5.1
1.1.2.3954.9.1.12
1.1.2.3985.10.1.4
1.1.2.4126.3
1.1.2.4172.5.1.8.6.10.5.43.8
1.1.2.4180.15.2.6
1.1.2.4218.5.1.6.3.5
1.1.2.4232.8.1.4
1.1.2.4316.14.2.8.2
1.1.2.4456.18.3.12
1.1.2.4596.14.5.10
1.1.2.4698.10.1.22.3
1.1.2.4716.8.1.4
1.1.2.4826.27.2.13.5.2.1.1
1.1.2.4861.33.3.7.1.6
1.1.2.4950.5.1.44.2.9.4
1.1.2.5064.13.1.4
1.1.2.5086.5.1.12.3.5
1.1.2.5097.5.1.1.3.33.3
1.1.2.5106.31.2.14
1.1.2.5109.60.2.13.21
1.1.2.5158.5.1.1.1.2.2.4
1.1.2.5217.17.2
1.1.2.5261.9.1.4.4
1.1.2.5303.10.1.8
1.1.2.5318.5.1.2.1.1.1
1.1.2.5323.5.1.2.1.2
1.1.2.5340.5.1.2
1.1.2.5410.22.1.8
1.1.2.5550.17.1.8.3
1.1.2.5557.13.2
1.1.2.5579.24.1.5.10.27.1
1.1.2.5579.28.2.4.1
1.1.2.5615.18.3.12.1.2.8.6
1.1.2.5711.26.1.28
1.1.2.5762.20.3.8.1.3.1.10
1.1.2.5772.14.2.8.15
1.1.2.5844.22.2.10.4.8.4
1.1.2.5936.5.1.2.2.7
1.1.2.5980.5.1
1.1.2.6041.31.1.10
1.1.2.6100.5.1
1.1.2.6168.5.1.2
1.1.2.6365.16.2.5.10.22.1
1.1.2.6415.31.2.39.45
1.1.2.6448.5.1.3.4
1.1.2.6493.12.3.8
1.1.2.6540.5.1.5.1.1.1.1
1.1.2.6632.5.1.1
1.1.2.6635.11.2.4
1.1.2.6679.9.1.11.3
1.1.2.6711.31.2.11.1
1.1.2.6768.5.1.2.1.1.1.3
1.1.2.6774.5.1.14.7.5
1.1.2.6810.49.2.5.37.17
1.1.2.6837.3
1.1.2.6965.9.1.16.9
1.1.2.6972.5.1.5
1.1.2.7014.17.1.4.1
1.1.2.7066.28.1.4
1.1.2.7108.16.1.15.6
1.1.2.7156.5.1.8.4.9
1.1.2.7175.17.2.5.10
1.1.2.7177.5.1.1.1.3
1.1.2.7346.9.1.6
1.1.2.7352.5.1.7
1.1.2.7373.17.2
1.1.2.7381.5.1.10.5.15
1.1.2.7410.14.1.4
1.1.2.7420.12.1.32
1.1.2.7421.9.2.4.2
1.1.2.7435.20.1.8
1.1.2.7523.5.1.1.3.17.3.33.11
1.1.2.7586.5.1.4.2.4.4.16
1.1.2.7648.35.3.18.1
1.1.2.7755.29.2.17.7
1.1.2.7862.5.1
1.1.2.7884.5.1.1
1.1.2.7900.5.1.1
1.1.2.8009.5.1.1
1.1.2.8025.5.1.6
1.1.2.8074.5.1.12
1.1.2.8160.20.6.12.11
1.1.2.8294.17.1.17.7
1.1.2.8315.5.1
1.1.2.8528.15.2.7.1.6.1.11.9
1.1.2.8623.14.3
1.1.2.8659.5.1.1
1.1.2.8698.9.1.4
1.1.2.8715.8.2.11.7.2
1.1.2.8732.30
1.1.2.8759.5.1.1.1
1.1.2.8877.14.2.23
1.1.2.8899.44.1.26.9.14
1.1.2.8964.5.1
1.1.2.8992.51.1.23
1.1.2.9148.5.1
1.1.2.9161.8.1.16.5
1.1.2.9314.12.3.4
1.1.2.9320.12.1.12
1.1.2.9371.5.1.2
1.1.2.9409.10.1.4
1.1.2.9561.3
1.1.2.9606.5.1.8.6.10.5.31.28
1.1.2.9614.15.2.6
1.1.2.9782.5.1
1.1.2.9824.16.2.17.9.7.8
1.1.2.9832.5.1.13.26
1.1.2.10043.14.5.10
1.1.2.10072.5.1.3.1
1.1.2.10089.5.1.12.9
1.1.2.10152.33.1.23.8
1.1.2.10300.27.2.13.5.2.1.1
1.1.2.10335.33.3.7.1.6
1.1.2.10421.5.1.44.2.9.4
1.1.2.10471.5.1.20
1.1.2.10485.31.2.6.1.1.8
1.1.2.10566.5.1.5
1.1.2.10573.5.1.2.2.3
1.1.2.10591.31.2.14
1.1.2.10594.60.2.13.21
1.1.2.10638.5.1.1.1.2.2.4
1.1.2.10737.9.1.4.4
1.1.2.10784.70.1.15
1.1.2.10810.5.1.2.1.2
1.1.2.10975.5.1.3.2
1.1.2.11083.5.1.1.14.4
1.1.2.11093.10.1.21.8
1.1.2.11188.5.1
1.1.2.11240.20.3.8.1.3.1.10
1.1.2.11254.28.3.6.1.25.4.16
1.1.2.11326.5.1.3.3.5
1.1.2.11424.5.1.2.2.7
1.1.2.11468.5.1
1.1.2.11536.10.1.4.3
1.1.2.11540.9.2.11.4
1.1.2.11596.5.1
1.1.2.11657.23.7
1.1.2.11809.18.3.4.10.3
1.1.2.11824.16.2.5.15.12.1
1.1.2.11848.5.1.2.7.18.4.14
1.1.2.11871.5.1.1.3.9
1.1.2.11902.5.1.2.4
1.1.2.11926.5.1
1.1.2.11942.12.3.8
1.1.2.11993.5.1.5.1.1.1.1
1.1.2.12129.9.1.11.3
1.1.2.12222.8.2.8.7
1.1.2.12226.16.1.7.4
1.1.2.12263.49.2.5.28.18
1.1.2.12290.3
1.1.2.12425.9.1.16.9
1.1.2.12432.5.1.5
1.1.2.12473.17.1.4.1
1.1.2.12525.18.2.26
1.1.2.12557.16.1.15.6
1.1.2.12605.5.1.8.4.9
1.1.2.12624.17.2.5.10
1.1.2.12626.5.1.1.1.3
1.1.2.12790.9.1.6
1.1.2.12796.5.1.7
1.1.2.12817.17.2
1.1.2.12869.67.1.19
1.1.2.12877.9.1.4.11.9
1.1.2.12943.5.1.1.3.17.3.33.12
1.1.2.12971.8.1.7
1.1.2.13006.5.1
1.1.2.13007.10.3.16.6
1.1.2.13012.14.2.5.16.4
1.1.2.13166.20.2.4.20
1.1.2.13210.16.3.9.4
1.1.2.13307.5.1.1
1.1.2.13323.5.1.1
1.1.2.13408.5.1.7.2.15.4.7.33
1.1.2.13421.17.2.9
1.1.2.13427.5.1
1.1.2.13429.5.1.1.1.2.2.9.1
1.1.2.13449.17.1.20.13
1.1.2.13549.22.2.6.5.6.4.2
1.1.2.13682.17.1.17.7
1.1.2.13926.15.2.7.1.6.1.11.9
1.1.2.13990.10.4.16
1.1.2.14064.5.1.1.3.2.2.15
1.1.2.14082.16.2.4
1.1.2.14102.5.1.4.4.27.4
1.1.2.14123.8.1.5.6
1.1.2.14125.28.2.6.12
1.1.2.14136.14.2.4
1.1.2.14144.46.1.13
1.1.2.14198.5.1.33.23
1.1.2.14262.14.2.23
1.1.2.14284.44.1.26.9.14
1.1.2.14347.5.1
1.1.2.14373.5.1.2.1
1.1.2.14380.3
1.1.2.14548.17.3
1.1.2.14549.29.1.4
1.1.2.14556.5.1.2.2.6.1.2
1.1.2.14701.12.3.4
1.1.2.14739.25.3.4.45
1.1.2.14778.10.1.4
1.1.2.14936.3
1.1.2.14987.5.1.8.6.10.5.18.87
1.1.2.14995.15.2.6
1.1.2.15164.5.1
1.1.2.15206.16.2.17.9.7.8
1.1.2.15214.5.1.13.26
1.1.2.15260.18.3.12
1.1.3.15420.5.1.12.11.10
1.1.3.15454.5.1.3.1
1.1.3.15471.5.1.12.9
1.1.3.15531.33.1.23.8
1.1.3.15617.25.2.14.3.13.1
1.1.3.15677.20.2.4.12
1.1.3.15707.5.1
1.1.3.15728.20.1.10
1.1.3.15800.17.1.11.5
1.1.3.15844.5.1.15
1.1.3.15907.9.1.20
1.1.3.15939.5.1.5
1.1.3.15946.5.1.2.2.3
1.1.3.15964.31.2.14
1.1.3.15967.60.2.13.21
1.1.3.16005.5.1.1.1.2.2.4
1.1.3.16091.19.2.4.27
1.1.3.16133.10.1.8
1.1.3.16157.5.1.4
1.1.3.16174.5.1.2
1.1.3.16312.5.1.3.2
1.1.3.16420.5.1.1.14.4
1.1.3.16430.10.1.8.11
1.1.3.16455.14.4
1.1.3.16525.5.1
1.1.3.16584.28.2.15.15.13
1.1.3.16595.5.1.1.8.9
1.1.3.16714.22.1.14
1.1.3.16861.19.1.4.6
1.1.3.16862.5.1.3.3.4
1.1.3.16882.5.1.5.10.12
1.1.3.16987.5.1.2
1.1.3.17059.5.1.4.17
1.1.3.17111.22.2.13.9
1.1.3.17170.16.2.5.10.22.1
1.1.3.17220.31.2.39.45
1.1.3.17239.11.3.8.4
1.1.3.17269.5.1
1.1.3.17329.5.1.5.1.1.1.1
1.1.3.17472.9.1.11.3
1.1.3.17570.5.1.2
1.1.3.17574.8.1.9.7
1.1.3.17621.5.1.7
1.1.3.17785.9.1.16.9
1.1.3.17792.5.1.5
1.1.3.17830.17.1.4.1
1.1.3.17841.40
1.1.3.17886.18.2.25
1.1.3.17961.5.1.8.4.9
1.1.3.17980.17.2.5.10
1.1.3.17982.5.1.1.1.3
1.1.3.18166.9.1.6
1.1.3.18172.5.1.7
1.1.3.18193.17.2
1.1.3.18201.5.1.10.5.15
1.1.3.18229.10.3.4
1.1.3.18272.11.1.20
1.1.3.18343.5.1.1.3.17.3.33.27
1.1.3.18406.5.1.4.2.4.4.16
1.1.3.18572.29.2.17.7
1.1.3.18727.5.1.8.15.30.1.26
1.1.3.18826.5.1.7.2.15.4.7.20
1.1.3.18839.17.2.9
1.1.3.18845.5.1
1.1.3.18847.5.1.1.1.2.2.9.1
1.1.3.18867.17.1.20.13
1.1.3.19098.5.1.4
1.1.3.19111.10.4.4.1
1.1.3.19331.15.2.7.1.6.1.11.9
1.1.3.19489.22.1.8.8
1.1.3.19510.14.4.39.2
1.1.3.19519.9.1.4
1.1.3.19534.11.2.4.2.5
1.1.3.19557.22.1.11
1.1.3.19571.5.1.2.2.16.1
1.1.3.19588.5.1.1.1
1.1.3.19637.5.1.33.23
1.1.3.19701.14.2.23
1.1.3.19724.44.1.26.9.14
1.1.3.19793.5.1
1.1.3.19821.51.1.23
1.1.3.19975.17.3
1.1.3.19976.29.1.4
1.1.3.19987.11.1.4.8
1.1.3.20002.49
1.1.3.20132.12.3.4
1.1.3.20138.12.1.12
1.1.3.20212.11.4.4
1.1.3.20217.5.1
1.1.3.20429.5.1.3.1
1.1.3.20438.15.2.6
1.1.3.20463.5.1
1.1.3.20528.14.2.10.1.6.7
1.1.3.20590.29.1.4
1.1.3.20719.18.3.12
1.1.3.20887.14.5.10
1.1.3.20970.22.2.9.6.21.3
1.1.3.20987.5.1.18
1.1.3.21140.20.2.4.12
1.1.3.21178.33.3.7.1.6
1.1.3.21267.5.1.44.2.9.4
1.1.3.21310.5.1.9.9.25.1.23
1.1.3.21406.27.3.4.18
1.1.3.21475.5.1.1.1.2.2.4
1.1.3.21562.18.2.18.8
1.1.3.21564.8.1.4.1
1.1.3.21607.10.1.8
1.1.3.21622.5.1.2.1.1.1
1.1.3.21628.5.1.4
1.1.3.21785.5.1.3.2
1.1.3.21890.24.1.5.10.27.1
1.1.3.21890.28.2.4.1
1.1.3.21990.5.1
1.1.3.22053.20.3.8.1.3.1.10
1.1.3.22063.14.3.12.14
1.1.3.22183.25.1.15
1.1.3.22233.5.1.2.2.7
1.1.3.22336.10.1.4.3
1.1.3.22340.9.2.11.4
1.1.3.22396.5.1
1.1.3.22460.5.1.2
1.1.3.22635.5.1.3.2.4.2
1.1.3.22635.9.1.4.3.2
1.1.3.22638.19
1.1.3.22668.5.1.2.7.18.4.18
1.1.3.22691.5.1.1.3.9
1.1.3.22723.5.1.3.4
1.1.3.22770.5.1
1.1.3.22776.5.1.24.1
1.1.3.22841.5.1.5.1.1.1.6
1.1.3.22987.5.1.3.3
1.1.3.22990.8.1.5.5
1.1.3.23082.16.1.8.22
1.1.3.23089.5.1.3.1.3.2.37
1.1.3.23094.13.1.18
1.1.3.23135.5.1.7
1.1.3.23298.9.1.16.9
1.1.3.23305.5.1.5
1.1.3.23344.17.1.4.1
1.1.3.23389.17.1.4
1.1.3.23473.30.2.12.8
1.1.3.23658.9.1.6
1.1.3.23664.5.1.7
1.1.3.23685.17.2
1.1.3.23744.20.1.8
1.1.3.23828.5.1.1.3.17.3.33.13
1.1.3.23889.5.1.26
1.1.3.23894.14.2.5.26.34
1.1.3.24036.5.1.5.2.28
1.1.3.24053.5.1.1.4.8.12.23
1.1.3.24151.5.1
1.1.3.24177.5.1.2.1.1.10.37
1.1.3.24198.5.1.8.15.25.1.67
1.1.3.24308.12.1.9.5.2
1.1.3.24332.5.1.1.1
1.1.3.24449.13.2.8.11.43
1.1.3.24579.17.1.17.7
1.1.3.24589.5.1.1.8.9
1.1.3.24793.36.2.20.6.3
1.1.3.24809.16.2.44.12
1.1.3.24861.3
1.1.3.24940.54.2.31
1.1.3.24986.5.1.4.4.27.4
1.1.3.25007.8.1.5.6
1.1.3.25009.28.2.6.12
1.1.3.25020.14.2.4
1.1.3.25028.46.1.13
1.1.3.25153.14.2.23
1.1.3.25175.44.1.26.9.14
1.1.3.25217.14.1.4.27
1.1.3.25247.5.1
1.1.3.25275.51.1.23
1.1.3.25426.18.1.4
1.1.3.25437.11.1.4.8
1.1.3.25452.49
1.1.3.25581.12.3.4
1.1.3.25666.11.4.4
1.1.3.25671.5.1
1.1.3.25819.3
1.1.3.25864.5.1.8.6.10.5.31.19
1.1.3.25872.15.2.6
1.1.3.25913.5.1.15.1
1.1.3.26004.29.1.4
1.1.3.26121.18.3.12
1.1.3.26290.5.1.12.11.10
1.1.3.26329.9.1.10
1.1.3.26368.28.1.4
1.1.3.26380.8.1.5.8
1.1.3.26402.5.1.3.2.7.1.15
1.1.3.26491.25.2.14.3.13.1
1.1.3.26551.20.2.4.12
1.1.3.26581.5.1
1.1.3.26602.20.1.10
1.1.3.26674.17.1.11.5
1.1.3.26715.5.1.9.9.25.1.23
1.1.3.26759.46.2.10.1.1.18
1.1.3.26788.13.1.4
1.1.3.26810.5.1.12.3.5
1.1.3.26821.5.1.1.3.33.3
1.1.3.26830.31.2.14
1.1.3.26833.60.2.13.21
1.1.3.26885.26.1.8.5
1.1.3.26968.19.2.4.27
1.1.3.26980.5.1.1.2.29.2
1.1.3.27013.10.1.8
1.1.3.27035.5.1.2.1.2
1.1.3.27189.5.1.3.2
1.1.3.27297.5.1.3.1.1
1.1.3.27315.5.1.13.1.9.3.6
1.1.3.27352.5.1
1.1.3.27427.26.1.28
1.1.3.27478.20.3.8.1.3.1.10
1.1.3.27488.14.2.8.15
1.1.3.27614.25.1.15
1.1.3.27664.5.1.2.2.7
1.1.3.27708.5.1
1.1.3.27773.10.1.4.3
1.1.3.27777.9.2.11.4
1.1.3.27833.5.1
1.1.3.27893.5.1.1.1.3.1
1.1.3.27896.9.1.25.7
1.1.3.27972.5.1.4.12
1.1.3.28024.22.2.13.9
1.1.3.28093.17.2.11.4.2.4
1.1.3.28103.19.1.12.6
1.1.3.28128.10.1.4.8
1.1.3.28152.5.1.3.4
1.1.3.28199.5.1
1.1.3.28205.5.1.24.1
1.1.3.28261.5.1.5.1.1.3.1
1.1.3.28408.9.1.11.3
1.1.3.28440.31.2.11.1
1.1.3.28497.5.1.2.1.1.1.3
1.1.4.5.5.1.6.10.6
1.1.4.46.5.1.9
1.1.4.212.9.1.16.9
1.1.4.219.5.1.5
1.1.4.261.17.1.4.1
1.1.4.314.28.1.4
1.1.4.372.19.2.8
1.1.4.410.17.2.5.10
1.1.4.412.5.1.1.1.3
1.1.4.589.5.1.7
1.1.4.610.17.2
1.1.4.674.22.1.4.2.2
1.1.4.681.5.1.7.2
1.1.4.742.5.1.1.3.30.3.42.12
1.1.4.800.5.1.4.2.4.4.16
1.1.4.949.5.1.5.2.28
1.1.4.966.5.1.1.4.8.12.23
1.1.4.1096.5.1.2.1.1.10.16
1.1.4.1135.20.2.4
1.1.4.1219.5.1.1
1.1.4.1235.5.1.6
1.1.4.1320.9.2.16
1.1.4.1383.13.2.8.11.23
1.1.4.1513.5.1.4
1.1.4.1529.10.4.4.1
1.1.4.1758.15.2.7.1.6.1.16.8
1.1.4.1849.14.3
1.1.4.1885.5.1.1
1.1.4.1933.5.1.4.4.27.4
1.1.4.1954.8.1.5.6
1.1.4.1956.28.2.6.12
1.1.4.1967.14.2.4
1.1.4.1975.46.1.13
1.1.4.2101.14.2.23
1.1.4.2123.44.1.26.9.14
1.1.4.2185.5.1
1.1.4.2213.51.1.23
1.1.4.2367.17.3
1.1.4.2368.29.1.4
1.1.4.2375.5.1.2.2.6.1.2
1.1.4.2528.12.3.4
1.1.4.2534.12.1.12
1.1.4.2581.5.1.2
1.1.4.2841.5.1.3.1
1.1.4.2850.15.2.6
1.1.4.2875.5.1
1.1.4.2993.29.1.4
1.1.4.3098.24
1.1.4.3256.14.5.5.8.9.1.2
1.1.4.3302.5.1
1.1.4.3360.5.1.2
1.1.4.3393.5.1
1.1.4.3401.19.1.12
1.1.4.3424.17.2.14
1.1.4.3504.20.2.4.12
1.1.4.3534.5.1
1.1.4.3638.5.1.2.2.13.2
1.1.4.3669.3
1.1.4.3687.5.1.15
1.1.4.3701.31.2.6.1.1.8
1.1.4.3754.9.1.20
1.1.4.3783.5.1.19
1.1.4.3803.31.2.14
1.1.4.3806.60.2.13.21
1.1.4.3853.5.1.1.1.2.2.4
1.1.4.3911.17.2
1.1.4.3950.9.1.4.4
1.1.4.3992.10.1.8
1.1.4.4007.5.1.2.1.1.1
1.1.4.4012.5.1.2.1.2
1.1.4.4170.5.1.3.2
1.1.4.4278.27.4.23.13.12
1.1.4.4289.10.1.8.11
1.1.4.4397.26.1.28
1.1.4.4446.28.2.15.15.13
1.1.4.4453.5.1.6.1.3.7.39
1.1.4.4539.5.1
1.1.4.4551.15.1.5.10.11
1.1.4.4645.5.1.2.2.7
1.1.4.4743.31.1.10
1.1.4.4802.5.1
1.1.4.4866.5.1.2
1.1.4.4887.15.3.5.4
1.1.4.5020.5.1.3.2.4.2
1.1.4.5020.9.1.4.3.2
1.1.4.5023.19
1.1.4.5052.17.2.11.4.2.4
1.1.4.5062.19.1.12.6
1.1.4.5087.10.1.4.8
1.1.4.5111.5.1.3.4
1.1.4.5156.12.3.8
1.1.4.5213.5.1.5.1.1.1.49
1.1.4.5360.5.1.3.3
1.1.4.5363.8.1.5.5
1.1.4.5391.5.1.13.10.17
1.1.4.5457.5.1.3
1.1.4.5463.17.1.14.5
1.1.4.5506.13.2.10
1.1.4.5534.3
1.1.4.5677.5.1.3
1.1.4.5725.19.1.12.7
1.1.4.5787.28.1.4
1.1.4.5871.5.1.8.4.9
1.1.4.5890.17.2.5.10
1.1.4.5892.5.1.1.1.3
1.1.4.6000.5.1.4.4
1.1.4.6051.9.1.6
1.1.4.6057.5.1.7
1.1.4.6078.17.2
1.1.4.6086.5.1.10.5.15
1.1.4.6115.14.1.4
1.1.4.6141.5.1.3.1.2.1.1
1.1.4.6210.5.1.1.3.29.3.42.9
1.1.4.6271.25.3.5.10.7
1.1.4.6273.5.1.3
1.1.4.6416.20.2.4.20
1.1.4.6548.5.1.5.2.6.5.17
1.1.4.6569.5.1.8.15.25.1.30
1.1.4.6605.14
1.1.4.6674.5.1.1
1.1.4.6690.5.1.6
1.1.4.6721.5.1.1.10
1.1.4.6959.11.1.25.9
1.1.4.6970.22.1.15.7
1.1.4.7177.25.2
1.1.4.7199.5.1.9.1.3.1
1.1.4.7287.14.3
1.1.4.7321.22.1.8.8
1.1.4.7341.13.2.13.2
1.1.4.7361.5.1.4.4.27.4
1.1.4.7382.8.1.5.6
1.1.4.7384.28.2.6.12
1.1.4.7395.14.2.4
1.1.4.7406.10.1.5
1.1.4.7523.14.2.23
1.1.4.7546.44.1.26.9.14
1.1.4.7607.3
1.1.4.7782.8.1.31.11
1.1.4.7837.20.2.15.8.3
1.1.4.7960.17.2.4
1.1.4.7993.5.1.5.2
1.1.4.8018.5.1.1.1
1.1.4.8185.3
1.1.4.8231.5.1.8.6.10.5.43.8
1.1.4.8239.15.2.6
1.1.4.8383.38.1.4
1.1.4.8418.5.1
1.1.4.8460.16.2.17.9.7.8
1.1.4.8468.5.1.13.26
1.1.4.8525.18.3.12
1.1.4.8665.5.1.2.1.1
1.1.4.8712.5.1.12.9
1.1.4.8753.22.2.9.6.21.3
1.1.4.8770.5.1.2
1.1.4.8911.20.2.4.12
1.1.4.8949.33.3.7.1.6
1.1.4.8967.20.1.10
1.1.4.9042.5.1.44.2.9.4
1.1.4.9092.5.1.20
1.1.4.9168.13.1.4
1.1.4.9190.5.1.12.3.5
1.1.4.9201.5.1.1.3.33.3
1.1.4.9210.31.2.14
1.1.4.9213.60.2.13.21
1.1.4.9262.5.1.1.1.2.2.4
1.1.4.9354.9.1.4.4
1.1.4.9398.70.1.15
1.1.4.9413.5.1.2.1.1.1
1.1.4.9419.5.1.4
1.1.4.9475.5.1.3.1
1.1.4.9645.17.1.8.3
1.1.4.9652.13.2
1.1.4.9677.5.1.1.14.4
1.1.4.9686.10.1.8.11
1.1.4.9690.29.2.15.7.17
1.1.4.9710.18.3.12.1.2.8.6
1.1.4.9776.5.1
1.1.4.9839.20.3.8.1.3.1.10
1.1.4.9923.22.2.10.4.8.4
1.1.4.10006.5.1.2.2.7
1.1.4.10050.5.1
1.1.4.10111.10.1.4.3
1.1.4.10115.9.2.11.4
1.1.4.10127.5.1.2.17.16
1.1.4.10233.5.1.2
1.1.4.10254.15.3.5.4
1.1.4.10258.5.1.2.3.6.4
1.1.4.10370.27.3.4.10.3
1.1.4.10376.14.2.10
1.1.4.10385.16.2.5.34.12.1
1.1.4.10409.5.1.2.7.18.4.14
1.1.4.10432.5.1.1.3.9
1.1.4.10449.11.3.8.4
1.1.4.10501.5.1
1.1.4.10507.5.1.24.1
1.1.4.10562.5.1.5.1.1.1.30
1.1.4.10712.9.1.11.3
1.1.4.10804.5.1.9.5.15
1.1.4.10808.16.1.7.4
1.1.4.10851.49.2.5.37.17
1.1.4.10878.3
1.1.4.11021.9.1.16.9
1.1.4.11028.5.1.5
1.1.4.11070.17.1.4.1
1.1.4.11081.40
1.1.4.11126.18.2.25
1.1.4.11178.5.1.10.2.7
1.1.4.11210.10.1.4.29
1.1.4.11238.5.1.1.1.3
1.1.4.11407.9.1.6
1.1.4.11413.5.1.7
1.1.4.11434.17.2
1.1.4.11442.5.1.10.5.15
1.1.4.11471.14.1.4
1.1.4.11495.20.1.8
1.1.4.11575.5.1.1.3.30.3.42.14
1.1.4.11638.5.1.4.2.4.4.16
1.1.4.11787.5.1.5.2.28
1.1.4.11804.5.1.1.4.8.12.23
1.1.4.11862.20.1.18.7
1.1.4.11928.5.1.2.1.1.10.16
1.1.4.12048.12.1.9.5.2
1.1.4.12058.9.1.8.10
1.1.4.12095.17.1.20.13
1.1.4.12187.35.6.12.11
1.1.4.12321.12.1.6.7
1.1.4.12333.22.1.14.7
1.1.4.12548.36.2.20.6.3
1.1.4.12564.16.2.44.12
1.1.4.12606.9.2.15
1.1.4.12655.14.3
1.1.4.12691.5.1.1
1.1.4.12739.5.1.4.4.27.4
1.1.4.12760.8.1.5.6
1.1.4.12762.28.2.6.12
1.1.4.12773.14.2.4
1.1.4.12781.46.1.13
1.1.4.12900.14.2.23
1.1.4.12921.44.1.26.9.14
1.1.4.12986.5.1
1.1.4.13014.51.1.23
1.1.4.13152.5.1
1.1.4.13165.8.1.16.5
1.1.4.13308.12.3.4
1.1.4.13314.12.1.12
1.1.4.13353.5.1.2
1.1.4.13391.10.1.4
1.1.4.13589.5.1.3.1
1.1.4.13598.15.2.6
1.1.4.13623.5.1
1.1.4.13689.14.2.10.1.6.7
1.1.4.13787.5.1
1.1.4.13839.5.1.4.1
1.1.4.14047.14.5.10
1.1.4.14063.17.2
1.1.4.14077.9.1.10
1.1.4.14145.10.1.22.3
1.1.4.14289.20.2.4.12
1.1.4.14319.5.1
1.1.4.14457.5.1.15
1.1.4.14471.31.2.6.1.1.8
1.1.4.14550.5.1.19
1.1.4.14565.12
1.1.4.14636.26.1.8.5
1.1.4.14693.17.2
1.1.4.14727.19.2.4.27
1.1.4.14769.10.1.8
1.1.4.14796.10.1.6.11
1.1.4.14963.5.1.3.2
1.1.4.15071.5.1.1.14.4
1.1.4.15081.10.1.21.8
1.1.4.15176.5.1
1.1.4.15225.28.2.15.15.13
1.1.4.15232.5.1.7.1.2
1.1.4.15310.12
1.1.4.15394.5.1.2.2.7
1.1.4.15498.10.1.4.3
1.1.4.15502.9.2.11.4
1.1.4.15558.5.1
1.1.4.15622.5.1.2
1.1.4.15663.3
1.1.4.15783.18.3.4.10.3
1.1.4.15798.16.2.5.15.12.1
1.1.4.15825.5.1
1.1.4.15855.5.1.1.3.9
1.1.4.15886.5.1.2.4
1.1.4.15910.5.1
1.1.4.15926.12.3.8
1.1.4.15973.5.1.5.1.1.1.1
1.1.4.16109.9.1.11.3
1.1.4.16204.5.1.2.1.1.1.3
1.1.4.16210.5.1.14.7.5
1.1.4.16247.5.1.4
1.1.4.16394.9.1.16.9
1.1.4.16401.5.1.5
1.1.4.16442.17.1.4.1
1.1.4.16453.40
1.1.4.16495.18.2.25
1.1.4.16576.5.1.8.4.9
1.1.4.16595.17.2.5.10
1.1.4.16597.5.1.1.1.3
1.1.4.16716.11.2.4
1.1.4.16765.9.1.6
1.1.4.16771.5.1.7
1.1.4.16792.17.2
1.1.4.16800.5.1.10.5.15
1.1.4.16829.14.1.4
1.1.4.16839.12.1.32
1.1.4.16840.9.2.4.2
1.1.4.16854.20.1.8
1.1.4.16930.5.1.1.3.30.3.42.12
1.1.4.16958.8.1.7
1.1.4.16992.26.3.5.10.7
1.1.4.16994.5.1.3
1.1.4.17137.20.2.4.20
1.1.4.17272.5.1.5.2.6.5.8
1.1.4.17293.5.1.8.15.25.1.30
1.1.4.17389.5.1.1
1.1.4.17405.5.1.6
1.1.4.17436.5.1.1.10
1.1.4.17539.5.1.8.2.4
1.1.4.17566.5.1.5.4.10.2
1.1.4.17688.5.1.1.21.31.5.18
1.1.4.17704.5.1
1.1.4.17920.15.2.7.1.6.1.11.9
1.1.4.17975.3
1.1.4.18054.54.2.31
1.1.4.18100.5.1.4.4.27.4
1.1.4.18121.8.1.5.6
1.1.4.18123.28.2.6.12
1.1.4.18134.14.2.4
1.1.4.18142.46.1.13
1.1.4.18200.5.1.33.23
1.1.4.18264.14.2.23
1.1.4.18286.44.1.26.9.14
1.1.4.18352.5.1
1.1.4.18380.51.1.23
1.1.4.18528.5.1.1.4.9.1.8
1.1.4.18546.19
1.1.4.18739.5.1.2
1.1.4.18783.10.1.4
1.1.4.18915.3
1.1.4.18961.5.1.8.6.10.5.43.11
1.1.4.18969.15.2.6
1.1.4.18994.5.1
1.1.4.19021.5.1.15.1
1.1.4.19147.5.1
1.1.4.19237.18.3.12
1.1.4.19398.5.1.12.11.10
1.1.4.19488.5.1.4
1.1.4.19510.10.1.22.3
1.1.4.19528.8.1.4
1.1.4.19642.27.2.13.5.2.1.1
1.1.4.19670.5.1
1.1.4.19776.5.1.2.2.23.2
1.1.4.19803.5.1.4.2.18.1.12
1.1.4.19895.9.1.20
1.1.4.19926.19.1.9.19
1.1.4.19930.5.1.1.1.2
1.1.4.19936.5.1.9.13
1.1.4.19998.5.1.1.1.2.2.4
1.1.4.20090.19.2.4.27
1.1.4.20102.5.1.1.2.29.2
1.1.4.20140.10.1.8
1.1.4.20166.5.1.2.1.2
1.1.4.20315.5.1.3.2
1.1.4.20420.24.1.5.10.27.1
1.1.4.20420.28.2.4.1
1.1.4.20434.5.1.15.1.9.4.8
1.1.4.20439.29.2.15.8.6
1.1.4.20525.5.1
1.1.4.20542.24.3
1.1.4.20591.20.3.8.1.3.1.10
1.1.4.20605.28.3.6.1.25.4.16
1.1.4.20686.12
1.1.4.20774.5.1.2.2.7
1.1.4.20812.5.1
1.1.4.20873.10.1.4.3
1.1.4.20877.9.2.11.4
1.1.4.20893.5.1.5.10.12
1.1.4.21000.5.1.2
1.1.4.21161.18.3.4.10.3
1.1.4.21176.16.2.5.15.12.1
1.1.4.21232.5.1.1.2.18
1.1.4.21264.5.1.3.4
1.1.4.21311.5.1
1.1.4.21317.5.1.24.1
1.1.4.21373.5.1.5.1.1.3.1
1.1.4.21511.9.1.11.3
1.1.4.21606.8.2.8.7
1.1.4.21609.8.1.9.7
1.1.4.21652.13.2.10
1.1.4.21680.3
1.1.4.21815.5.1.3
1.1.4.21863.19.1.12.7
1.1.4.21926.28.1.4
1.1.4.21962.16.1.17.6
1.1.4.22010.5.1.8.4.9
1.1.4.22029.17.2.5.10
1.1.4.22031.5.1.1.1.3
1.1.4.22204.9.1.6
1.1.4.22210.5.1.7
1.1.4.22231.17.2
1.1.4.22240.5.1.1.1.2
1.1.4.22297.5.1.3.1.2.1.1
1.1.4.22375.5.1.1.3.54.3.54.6
1.1.4.22438.5.1.4.2.4.4.16
1.1.4.22595.20.2.4.20
1.1.4.22639.16.3.9.4
1.1.4.22755.5.1.8.15.30.1.26
1.1.4.22853.5.1.1
1.1.4.22869.5.1.6
1.1.4.22905.5.1.1
1.1.4.22910.17.1.35.13
1.1.4.23021.14.3
1.1.4.23025.5.1.1.1.5.3
1.1.4.23143.5.1.4
1.1.4.23156.10.3.14.9
1.1.4.23361.15.2.7.1.6.1.11.9
1.1.4.23456.14.3
1.1.4.23492.5.1.1
1.1.4.23531.9.1.4
1.1.4.23548.8.2.11.7.2
1.1.4.23565.30
1.1.4.23592.5.1.1.1
1.1.4.23644.5.1.33.23
1.1.4.23708.14.2.23
1.1.4.23729.44.1.26.9.14
1.1.4.23792.5.1
1.1.4.23820.51.1.23
1.1.4.23955.5.1
1.1.4.23968.8.1.16.5
1.1.4.24023.20.2.15.8.3
1.1.4.24110.12.3.4
1.1.4.24116.12.1.12
1.1.4.24190.11.4.4
1.1.4.24195.5.1
1.1.4.24394.5.1.8.6.10.5.47.11
1.1.4.24402.15.2.6
1.1.4.24427.5.1
1.1.4.24453.5.1.15.1
1.1.4.24517.5.1.2.12.22
1.1.4.24546.13.2.6.20.8.2
1.1.4.24578.5.1
1.1.4.24620.16.2.17.9.7.8
1.1.4.24628.5.1.13.26
1.1.4.24691.35.3.12
1.1.4.24861.5.1.2.1.1
1.1.4.24912.5.1
1.1.4.24951.22.2.9.6.21.3
1.1.4.24968.5.1.2
1.1.4.25001.5.1
1.1.4.25009.19.1.12
1.1.4.25032.17.2.14
1.1.4.25112.20.2.4.12
1.1.4.25150.33.3.7.1.6
1.1.4.25168.20.1.10
1.1.4.25243.5.1.44.2.9.4
1.1.4.25356.5.1
1.1.4.25391.5.1.11.2.3.3.8
1.1.4.25449.5.1.1.1.2.2.4
1.1.4.25541.19.2.4.27
1.1.4.25553.5.1.1.2.29.2
1.1.4.25634.5.1.2
1.1.4.25688.3
1.1.4.25874.24.1.5.10.27.1
1.1.4.25874.28.2.4.1
1.1.4.25889.5.1.7.1.9.4.8
1.1.4.26055.20.3.8.1.3.1.10
1.1.4.26065.14.2.8.15
1.1.4.26143.12
1.1.4.26241.30.3.7.2.3
1.1.4.26243.5.1.2.1.3.3
1.1.4.26246.13.2.11.1.11.3.12
1.1.4.26285.5.1
1.1.4.26355.5.1.12
1.1.4.26414.5.1
1.1.4.26478.5.1.2
1.1.4.26519.3
1.1.4.26527.22.3.10.6.11.3
1.1.4.26562.5.1.4.12
1.1.4.26614.22.2.13.9
1.1.4.26652.5.1.3.2.4.2
1.1.4.26652.9.1.4.3.2
1.1.4.26655.19
1.1.4.26684.17.2.11.4.2.4
1.1.4.26694.19.1.12.6
1.1.4.26719.10.1.4.8
1.1.4.26743.5.1.3.4
1.1.4.26788.12.3.8
1.1.4.26841.5.1.5.1.1.1.1
1.1.4.26989.9.1.11.3
1.1.4.27083.8.2.8.7
1.1.4.27086.8.1.9.7
1.1.4.27132.10.1.4.3
1.1.4.27161.3
1.1.4.27310.5.1.3
1.1.4.27358.19.1.12.7
1.1.4.27416.28.1.4
1.1.4.27458.16.1.15.6
1.1.4.27506.5.1.8.4.9
1.1.4.27525.17.2.5.10
1.1.4.27527.5.1.1.1.3
1.1.4.27702.9.1.6
1.1.4.27708.5.1.7
1.1.4.27729.17.2
1.1.4.27737.5.1.10.5.15
1.1.4.27766.14.1.4
1.1.4.27776.12.1.32
1.1.4.27777.9.2.4.2
1.1.4.27791.20.1.8
1.1.4.27879.5.1.1.3.17.3.33.11
1.1.4.27907.8.1.7
1.1.4.27940.26.3.5.10.7
1.1.4.27942.5.1.3
1.1.4.28083.20.2.4.20
1.1.4.28219.10.2.9.8
1.1.4.28320.5.1.1
1.1.4.28336.5.1.6
1.1.4.28385.5.1.12
1.1.4.28480.22.2.6.5.6.4.2
1.1.4.28610.5.1.4
1.1.4.28623.10.4.4.1
1.1.4.28845.16.2.48.12
1.1.4.28919.5.1.13.1.39
1.1.4.28974.54.2.31
1.1.4.29014.5.1.4.4.27.4
1.1.4.29032.30
1.1.4.29059.5.1.1.1
1.1.4.29180.14.2.23
1.1.4.29201.44.1.26.9.14
1.1.4.29264.3
1.1.4.29426.9.1.7
1.1.4.29442.34.1.4
1.1.4.29456.8.1.16.5
1.1.4.29650.31.3.5
1.1.4.29694.10.1.4
1.1.4.29837.3
1.1.4.29883.5.1.8.6.10.5.43.5
1.1.4.29891.15.2.6
1.1.4.29933.5.1.15.1
1.1.4.29977.14.2.10.1.6.7
1.1.4.30041.17.1.14
1.1.4.30078.5.1
1.1.4.30120.16.2.17.9.7.8
1.1.4.30128.5.1.13.26
1.1.4.30335.14.5.5.8.9.1.2
1.1.4.30372.9.1.10
1.1.4.30438.5.1.2
1.1.4.30586.27.2.13.5.2.1.1
1.1.4.30621.33.3.7.1.6
1.1.4.30639.20.1.10
1.1.4.30707.5.1.2.2.13.2
1.1.4.30738.3
1.1.4.30756.5.1.15
1.1.4.30827.9.1.20
1.1.4.30859.5.1.5
1.1.4.30866.5.1.2.2.3
1.1.4.30884.31.2.14
1.1.4.30887.60.2.13.21
1.1.4.30941.26.1.8.5
1.1.4.31027.19.2.4.27
1.1.4.31069.10.1.8
1.1.4.31096.10.1.6.11
1.1.4.31261.5.1.3.2
1.1.4.31369.5.1.1.14.4
1.1.4.31378.10.1.8.11
1.1.4.31467.5.1
1.1.4.31516.28.2.15.15.13
1.1.4.31523.9.1.4.2
1.1.4.31606.12
1.1.4.31690.5.1.2.2.7
1.1.4.31734.5.1
1.1.4.31796.10.1.4.6
1.1.4.31800.9.2.11.4
1.1.4.31856.5.1
1.1.4.31920.5.1.2
1.1.4.31941.15.3.5.4
1.1.4.31982.5.1.4.17
1.1.4.32107.16.2.5.10.22.1
1.1.4.32131.5.1.2.7.18.4.14
1.1.4.32154.5.1.1.3.9
1.1.4.32186.5.1.3.4
1.1.4.32231.12.3.8
1.1.4.32279.5.1.5.1.1.1.1
1.1.4.32377.5.1.1
1.1.4.32380.11.2.4
1.1.4.32415.9.1.11.3
1.1.4.32508.5.1.2
1.1.4.32512.8.1.9.7
1.1.4.32558.10.1.4.3
1.1.4.32587.3
1.1.4.32658.33.2.19.12
1.1.4.32710.9.1.16.9
1.1.4.32756.17.1.4.1
1.1.4.32767.40
1.1.4.32803.17.1.4
1.1.4.32879.5.1.3.1.2.1.14
1.1.4.32901.17.2.5.10
1.1.4.32903.5.1.1.1.3
1.1.4.33087.9.1.6
1.1.4.33093.5.1.7
1.1.4.33114.17.2
1.1.4.33122.5.1.10.5.15
1.1.4.33151.14.1.4
1.1.4.33177.5.1.3.1.2.1.1
1.1.4.33250.5.1.1.3.30.3.42.9
1.1.4.33278.8.1.7
1.1.4.33314.5.1.4.2.4.4.16
1.1.4.33380.5.1.14
1.1.4.33472.5.1.5.2.28
1.1.4.33489.5.1.1.4.8.12.23
1.1.4.33547.20.1.18.7
1.1.4.33603.10.2.9.8
1.1.4.33725.5.1.1
1.1.4.33741.9.1.8.6
1.1.4.33777.17.1.20.13
1.1.4.34013.5.1.4
1.1.4.34029.10.4.4.1
1.1.4.34241.36.2.20.6.3
1.1.4.34257.12.1.6.1
1.1.4.34310.3
1.1.4.34391.22.1.8.8
1.1.4.34434.5.1.4.4.27.4
1.1.4.34452.30
1.1.4.34478.5.1.24.2.50
1.1.4.34490.17.4
1.1.4.34536.5.1.33.23
1.1.4.34600.14.2.23
1.1.4.34621.44.1.26.9.14
1.1.4.34684.5.1
1.1.4.34712.51.1.23
1.1.4.35026.12.3.4
1.1.4.35064.25.3.4.45
1.1.4.35107.11.4.4
1.1.4.35112.5.1
1.1.4.35321.5.1.3.1
1.1.4.35330.15.2.6
1.1.4.35368.5.1.6.3.5
1.1.4.35382.8.1.4
1.1.4.35418.14.2.10.1.6.7
1.1.4.35516.5.1
1.1.4.35558.16.2.17.9.7.8
1.1.4.35566.5.1.13.26
1.1.4.35770.14.5.5.8.9.1.2
1.1.4.35864.8.1.5.8
1.1.4.35886.5.1.3.2.7.1.15
1.1.4.35975.25.2.14.3.13.1
1.1.5.36039.20.2.4.12
1.1.5.36077.33.3.7.1.6
1.1.5.36095.20.1.10
1.1.5.36165.5.1.44.2.9.4
1.1.5.36215.5.1.20
1.1.5.36229.31.2.6.1.1.8
1.1.5.36281.5.1
1.1.5.36316.5.1.11.2.3.3.8
1.1.5.36330.9.4.16
1.1.5.36344.31.2.14
1.1.5.36347.60.2.13.23
1.1.5.36390.5.1.1.1.2.2.4
1.1.5.36480.8.1.4.2
1.1.5.36523.70.1.15
1.1.5.36538.5.1.2.1.1.1
1.1.5.36544.5.1.4
1.1.5.36704.5.1.3.2
1.1.5.36809.24.1.5.10.27.1
1.1.5.36809.28.2.4.1
1.1.5.36931.26.1.28
1.1.5.36980.28.2.15.15.13
1.1.5.36987.5.1.6.1.3.7.39
1.1.5.37083.12
1.1.5.37174.5.1.2.2.7
1.1.5.37218.5.1
1.1.5.37286.10.1.4.3
1.1.5.37290.9.2.11.4
1.1.5.37346.5.1
1.1.5.37406.5.1.1.1.3.1
1.1.5.37409.9.1.25.7
1.1.5.37448.5.1
1.1.5.37450.34.1.36
1.1.5.37457.10.2.4
1.1.5.37565.27.3.4.10.3
1.1.5.37580.16.2.5.15.12.1
1.1.5.37630.31.2.39.45
1.1.5.37649.10.1.7.13
1.1.5.37699.12.3.8
1.1.5.37753.24.2.15
1.1.5.37807.22.5
1.1.5.37897.5.1.3.3
1.1.5.37900.8.1.5.5
1.1.5.37994.5.1.9.5.15
1.1.5.37998.17.3.6
1.1.5.38044.10.1.4.3
1.1.5.38073.3
1.1.5.38209.9.1.16.9
1.1.5.38216.5.1.5
1.1.5.38257.17.1.4.1
1.1.5.38268.40
1.1.5.38307.17.1.4
1.1.5.38390.5.1.8.4.9
1.1.5.38409.17.2.5.10
1.1.5.38411.5.1.1.1.3
1.1.5.38566.9.1.6
1.1.5.38572.5.1.7
1.1.5.38593.17.2
1.1.5.38650.15.1.8
1.1.5.38653.13.2.16.1.1.1
1.1.5.38735.5.1.1.3.17.3.33.10
1.1.5.38797.5.1.21
1.1.5.38802.14.2.5.23.31
1.1.5.38961.29.2.17.7
1.1.5.39091.5.1.5.2.6.5.8
1.1.5.39112.5.1.8.15.25.1.30
1.1.5.39203.5.1.1
1.1.5.39219.5.1.6
1.1.5.39258.17.1.20.13
1.1.5.39348.5.1.8.2.4
1.1.5.39375.5.1.5.4.10.2
1.1.5.39490.5.1.4
1.1.5.39506.10.4.4.1
1.1.5.39720.15.2.7.1.6.1.11.47
1.1.5.39778.3
1.1.5.39801.5.1.13.1.39
1.1.5.39862.5.1.1.3.2.2.15
1.1.5.39878.13.2.13.2
1.1.5.39898.5.1.4.4.27.4
1.1.5.39919.8.1.5.6
1.1.5.39921.28.2.6.12
1.1.5.39932.14.2.4
1.1.5.39940.46.1.13
1.1.5.40069.14.2.23
1.1.5.40091.44.1.26.9.14
1.1.5.40157.5.1
1.1.5.40185.51.1.23
1.1.5.40280.5.1.1.17.20.17
1.1.5.40320.5.1.1.4.9.1.8
1.1.5.40338.19
1.1.5.40459.12.3.4
1.1.5.40465.12.1.12
1.1.5.40504.11.1.5.1
1.1.5.40519.9.1.12
1.1.5.40550.10.1.4
1.1.5.40703.3
1.1.5.40748.5.1.8.6.10.5.31.21
1.1.5.40756.15.2.6
1.1.5.40925.5.1
1.1.5.41028.44.3.12
1.1.5.41170.5.1.2.1.1
1.1.5.41203.9.1.10
1.1.5.41251.5.1.26.5.27
1.1.5.41276.33.1.23.8
1.1.5.41293.8.1.4
1.1.5.41343.25.2.14.3.13.1
1.1.5.41403.20.2.4.12
1.1.5.41433.5.1
1.1.5.41454.20.1.10
1.1.5.41524.5.1.2.2.23.2
1.1.5.41555.3
1.1.5.41573.5.1.15
1.1.5.41636.9.1.20
1.1.5.41668.5.1.5
1.1.5.41675.5.1.2.2.3
1.1.5.41693.31.2.14
1.1.5.41696.60.2.13.21
1.1.5.41745.5.1.1.1.2.2.4
1.1.5.41831.19.2.4.27
1.1.5.41843.5.1.1.2.29.2
1.1.5.41876.10.1.8
1.1.5.41891.5.1.2.1.1.1
1.1.5.41897.5.1.4
1.1.5.41914.5.1.2
1.1.5.42114.17.1.8.3
1.1.5.42121.13.2
1.1.5.42146.5.1.1.14.4
1.1.5.42155.10.1.8.11
1.1.5.42180.14.4
1.1.5.42255.5.1
1.1.5.42304.28.2.15.15.13
1.1.5.42311.5.1.7.1.2
1.1.5.42479.30.3.7.2.3
1.1.5.42481.5.1.2.1.3.3
1.1.5.42484.13.2.11.1.11.3.12
1.1.5.42523.5.1
1.1.5.42584.31.1.10
1.1.5.42643.5.1
1.1.5.42707.5.1.2
1.1.5.42758.3
1.1.5.42766.22.3.10.6.11.3
1.1.5.42798.5.1.4.12
1.1.5.42850.22.2.13.9
1.1.5.42909.16.2.5.10.22.1
1.1.5.42933.5.1.2.7.18.4.14
1.1.5.42956.5.1.1.3.9
1.1.5.42999.5.1
1.1.5.43017.5.1
1.1.5.43023.5.1.24.1
1.1.5.43079.5.1.5.1.1.3.1
1.1.5.43141.5.1
1.1.5.43216.9.1.11.3
1.1.5.43306.5.1.2.1.1.1.3
1.1.5.43312.5.1.14.7.5
1.1.5.43326.33.2.15
1.1.5.43355.49.2.5.37.29
1.1.5.43382.3
1.1.5.43461.33.2.19.12
1.1.5.43513.9.1.16.9
1.1.5.43559.17.1.4.1
1.1.5.43570.40
1.1.5.43609.17.1.4
1.1.5.43674.5.1.10.2.7
1.1.5.43706.10.1.4.29
1.1.5.43910.9.1.6
1.1.5.43916.5.1.7
1.1.5.43937.17.2
1.1.5.43945.5.1.10.5.15
1.1.5.43973.10.3.4
1.1.5.44005.33.1.15
1.1.5.44013.9.1.4.11.9
1.1.5.44096.5.1.1.3.17.3.55.16
1.1.5.44124.8.1.7
1.1.5.44157.26.3.5.10.7
1.1.5.44159.5.1.3
1.1.5.44302.20.2.4.20
1.1.5.44346.16.3.9.4
1.1.5.44433.5.1.5.2.6.5.38
1.1.5.44454.5.1.8.15.25.1.30
1.1.5.44555.12.1.9.5.2
1.1.5.44579.5.1.1.1
1.1.5.44684.35.6.12.11
1.1.5.44803.5.1.4
1.1.5.44819.10.3.14.9
1.1.5.45034.15.2.7.1.6.1.11.9
1.1.5.45180.5.1.1.3.2.2.15
1.1.5.45219.5.1.4.4.27.4
1.1.5.45240.8.1.5.6
1.1.5.45242.28.2.6.12
1.1.5.45253.14.2.4
1.1.5.45261.46.1.13
1.1.5.45381.14.2.23
1.1.5.45404.44.1.26.9.14
1.1.5.45470.5.1
1.1.5.45622.9.1.7
1.1.5.45638.34.1.4
1.1.5.45652.8.1.16.5
1.1.5.45795.12.3.4
1.1.5.45801.12.1.12
1.1.5.45833.5.1.2
1.1.5.45875.11.4.4
1.1.5.45880.5.1
1.1.5.46023.3
1.1.5.46069.5.1.8.6.10.5.43.19
1.1.5.46077.15.2.6
1.1.5.46208.29.1.4
1.1.5.46505.5.1.2.1.1
1.1.5.46532.5.1.3.3.43.1
1.1.5.46537.9.1.10
1.1.5.46583.5.1.4
1.1.5.46604.8.3.14.7
1.1.5.46622.8.1.4
1.1.5.46728.27.2.13.5.2.1.1
1.1.5.46756.5.1
1.1.5.46777.20.1.10
1.1.5.46848.5.1.7.1.2.3.41.16
1.1.5.46872.5.1.4.2.11.1.49
1.1.5.46902.23.1.11.3
1.1.5.46967.9.1.20
1.1.5.46999.5.1.5
1.1.5.47006.5.1.2.2.3
1.1.5.47024.31.2.14
1.1.5.47027.60.2.13.21
1.1.5.47080.26.1.8.5
1.1.5.47167.9.1.4.4
1.1.5.47211.70.1.15
1.1.5.47256.5.1.2
1.1.5.47291.5.1.3.1
1.1.5.47393.5.1.3.2
1.1.5.47498.24.1.5.10.27.1
1.1.5.47498.28.2.4.1
1.1.5.47513.5.1.7.1.9.4.8
1.1.5.47601.5.1
1.1.5.47654.5.1.23
1.1.5.47670.22.1.9.13
1.1.5.47751.12
1.1.5.47796.22.1.14
1.1.5.47846.5.1.2.1.4.3.7
1.1.5.47889.5.1
1.1.5.47954.10.1.4.3
1.1.5.47958.9.2.11.4
1.1.5.48014.5.1
1.1.5.48078.5.1.2
1.1.5.48099.15.3.5.4
1.1.5.48211.18.3.4.10.3
1.1.5.48217.14.2.10
1.1.5.48226.16.2.5.34.12.1
1.1.5.48250.5.1.2.7.18.4.14
1.1.5.48273.5.1.1.3.9
1.1.5.48305.5.1.3.4
1.1.5.48352.5.1
1.1.5.48358.5.1.24.1
1.1.5.48417.5.1.5.1.1.1.30
1.1.5.48506.5.1.1
1.1.5.48509.11.2.4
1.1.5.48553.9.1.11.3
1.1.5.48642.8.2.8.7
1.1.5.48646.16.1.7.4
1.1.5.48693.10.1.4.3
1.1.5.48722.3
1.1.5.48871.5.1.3
1.1.5.48919.19.1.12.7
1.1.5.48979.18.2.26
1.1.5.49028.36.1.6.1.2.2.9
1.1.5.49058.10.1.4.10
1.1.5.49083.17.2.5.10
1.1.5.49085.5.1.1.1.3
1.1.5.49249.9.1.6
1.1.5.49255.5.1.7
1.1.5.49276.17.2
1.1.5.49308.19.3.4
1.1.5.49341.22.1.4.2.2
1.1.5.49348.5.1.7.2
1.1.5.49412.14.2
1.1.5.49495.34.3.5.18.12
1.1.5.49497.5.1.3
1.1.5.49640.20.2.4.20
1.1.5.49797.5.1.8.15.30.1.26
1.1.5.49888.5.1.1
1.1.5.49904.5.1.6
1.1.5.49935.5.1.1.10
1.1.5.50062.14.3
1.1.5.50066.5.1.1.1.5.3
1.1.5.50184.5.1.4
1.1.5.50200.10.4.4.1
1.1.5.50421.16.2.48.12
1.1.5.50463.9.2.15
1.1.5.50512.14.3
1.1.5.50547.5.1.1.3.2.2.15
1.1.5.50564.14.4.39.2
1.1.5.50588.8.2.11.7.2
1.1.5.50605.30
1.1.5.50628.46.1.13
1.1.5.50750.14.2.23
1.1.5.50771.44.1.26.9.14
1.1.5.50836.5.1
1.1.5.50864.51.1.23
1.1.5.51023.8.1.31.11
1.1.5.51211.5.1.2
1.1.5.51253.11.4.4
1.1.5.51394.3
1.1.5.51452.5.1.3.1
1.1.5.51461.15.2.6
1.1.5.51486.5.1
1.1.5.51593.29.1.4
1.1.5.51679.5.1.4.1
1.1.5.51742.44.3.12
1.1.5.51887.14.5.10
1.1.5.51970.5.1.20.5.35
1.1.5.51995.33.1.23.8
1.1.5.52012.8.1.4
1.1.5.52063.25.2.14.3.13.1
1.1.5.52133.20.2.4.12
1.1.5.52171.33.3.7.1.6
1.1.5.52266.5.1.2.2.13.2
1.1.5.52293.5.1.4.2.18.1.21
1.1.5.52393.9.1.20
1.1.5.52424.19.1.9.19
1.1.5.52428.5.1.1.1.2
1.1.5.52434.5.1.9.13
1.1.5.52501.26.1.8.5
1.1.5.52558.17.2
1.1.5.52597.9.1.4.4
1.1.5.52644.70.1.15
1.1.5.52671.10.1.6.11
1.1.5.52689.5.1.2
1.1.5.52897.17.1.8.3
1.1.5.52904.13.2
1.1.5.52926.24.1.5.10.27.1
1.1.5.52926.28.2.4.1
1.1.5.53031.5.1
1.1.5.53080.28.2.15.15.13
1.1.5.53087.5.1.6.1.2.1.4
1.1.5.53169.15.1.5.10.11
1.1.5.53265.5.1.2.2.7
1.1.5.53309.5.1
1.1.5.53374.10.1.4.3
1.1.5.53378.9.2.11.4
1.1.5.53435.5.1
1.1.5.53499.5.1.2
1.1.5.53681.16.2.5.10.22.1
1.1.5.53705.5.1.2.7.18.4.14
1.1.5.53728.5.1.1.3.9
1.1.5.53745.10.1.7.13
1.1.5.53795.12.3.8
1.1.5.53851.5.1.5.1.1.1.49
1.1.5.54006.9.1.11.3
1.1.5.54031.15.1.5
1.1.5.54104.5.1.2
1.1.5.54109.16.1.7.4
1.1.5.54152.49.2.5.37.17
1.1.5.54179.3
1.1.5.54326.5.1.3
1.1.5.54374.19.1.12.7
1.1.5.54437.28.1.4
1.1.5.54520.5.1.8.4.9
1.1.5.54539.17.2.5.10
1.1.5.54541.5.1.1.1.3
1.1.5.54716.9.1.6
1.1.5.54722.5.1.7
1.1.5.54743.17.2
1.1.5.54751.5.1.10.5.15
1.1.5.54779.10.3.4
1.1.5.54819.5.1.3.1.2.1.1
1.1.5.54896.5.1.1.3.17.3.33.8
1.1.5.54966.5.1
1.1.5.54967.10.3.16.6
1.1.5.54972.14.2.5.16.4
1.1.5.55021.5.1.3.1.6.2.5
1.1.5.55109.5.1.5.2.28
1.1.5.55126.5.1.1.4.8.12.23
1.1.5.55246.10.2.9.8
1.1.5.55347.5.1.1
1.1.5.55363.9.1.8.6
1.1.5.55399.17.1.20.13
1.1.5.55621.12.1.6.7
1.1.5.55633.22.1.14.7
1.1.5.55850.15.2.7.1.6.1.11.19
1.1.5.55867.5.1.2.2.4.1.7
1.1.5.55882.9.1.6
1.1.5.55986.5.1.1.3.2.2.15
1.1.5.56003.14.4.39.2
1.1.5.56027.8.2.11.7.2
1.1.5.56044.30
1.1.5.56200.14.2.23
1.1.5.56222.44.1.26.9.14
1.1.5.56285.5.1
1.1.5.56354.6
1.1.5.56461.5.1
1.1.5.56474.8.1.16.5
1.1.5.56529.20.2.15.8.3
1.1.5.56616.12.3.4
1.1.5.56622.12.1.12
1.1.5.56661.5.1.2
1.1.5.56703.11.4.4
1.1.5.56708.5.1
1.1.5.56920.9.1.25.7.4
1.1.5.56928.44.3.26
1.1.5.56971.5.1.15.1
1.1.5.57015.14.2.10.1.6.7
1.1.5.57046.26.1.8
1.1.5.57076.13.2.6.20.8.2
1.1.5.57108.5.1
1.1.5.57160.5.1.4.1
1.1.5.57208.18.3.12
1.1.5.57346.14.5.10
1.1.5.57426.5.1.4
1.1.5.57452.33.1.23.8
1.1.5.57469.8.1.4
1.1.5.57570.20.2.4.12
1.1.5.57600.5.1
1.1.5.57621.20.1.10
1.1.5.57693.17.1.11.5
1.1.5.57741.5.1.20
1.1.5.57812.13.1.4
1.1.5.57834.5.1.12.3.5
1.1.5.57845.5.1.1.3.33.3
1.1.5.57854.31.2.14
1.1.5.57857.60.2.13.21
1.1.5.57895.5.1.1.1.2.2.4
1.1.5.57994.9.1.4.4
1.1.5.58036.10.1.8
1.1.5.58051.5.1.2.1.1.1
1.1.5.58057.5.1.4
1.1.5.58221.5.1.3.2
1.1.5.58329.5.1.1.14.4
1.1.5.58338.10.1.8.11
1.1.5.58376.5.1
1.1.5.58430.5.1
1.1.5.58447.24.3
1.1.5.58488.28.2.15.15.13
1.1.5.58495.5.1.7.1.2
1.1.5.58687.30.3.7.2.3
1.1.5.58689.5.1.2.1.3.3
1.1.5.58692.13.2.11.1.11.3.12
1.1.5.58731.5.1
1.1.5.58792.10.1.4.3
1.1.5.58796.9.2.11.4
1.1.5.58852.5.1
1.1.5.58912.5.1.1.1.3.1
1.1.5.58915.9.1.25.7
1.1.5.58954.5.1
1.1.5.58956.34.1.36
1.1.5.58963.10.2.4
1.1.5.59071.27.3.4.10.3
1.1.5.59086.16.2.5.15.12.1
1.1.5.59136.31.2.39.45
1.1.5.59155.11.3.8.4
1.1.5.59170.5.1
1.1.5.59217.12.3.8
1.1.5.59268.5.1.5.1.1.1.1
1.1.5.59414.5.1.3.3
1.1.5.59417.8.1.5.5
1.1.5.59513.8.2.8.7
1.1.5.59516.8.1.9.7
1.1.5.59558.9.1.6.4
1.1.5.59719.9.1.16.9
1.1.5.59726.5.1.5
1.1.5.59767.17.1.4.1
1.1.5.59778.40
1.1.5.59823.18.2.25
1.1.5.59856.16.1.17.6
1.1.5.59904.5.1.8.4.9
1.1.5.60087.9.1.6
1.1.5.60093.5.1.7
1.1.5.60114.17.2
1.1.5.60177.15.1.8
1.1.5.60180.13.2.16.1.1.1
1.1.5.60248.5.1.4.2.4.4.5.1
1.1.5.60316.34.3.5.18.12
1.1.5.60318.5.1.3
1.1.5.60461.20.2.4.20
1.1.5.60591.10.2.9.8
1.1.5.60608.5.1.5.1.1
1.1.5.60648.14
1.1.5.60708.5.1.7.2.15.4.7.29
1.1.5.60721.17.2.9
1.1.5.60727.5.1
1.1.5.60729.5.1.1.1.2.2.8.1
1.1.5.60749.17.1.20.13
1.1.5.60847.5.1.8.2.4
1.1.5.60979.5.1.4
1.1.5.60990.10.4.4.1
1.1.5.61221.15.2.7.1.6.1.11.9
1.1.5.61354.22.1.8.8
1.1.5.61375.14.4.39.2
1.1.5.61399.8.2.11.7.2
1.1.5.61416.30
1.1.5.61574.14.2.23
1.1.5.61595.44.1.26.9.14
1.1.5.61661.5.1
1.1.5.61687.5.1.2.1
1.1.5.61694.3
1.1.5.61852.8.1.31.11
1.1.5.61968.24.1.20
1.1.5.61992.12.3.4
1.1.5.61998.12.1.12
1.1.5.62037.11.1.5.1
1.1.5.62050.10.3.8
1.1.5.62051.15.6.9.9.42.7.4.1
1.1.5.62277.5.1.8.6.10.5.47.8
1.1.5.62285.15.2.6
1.1.5.62310.5.1
1.1.5.62422.29.1.4
1.1.5.62559.18.3.12
1.1.5.62699.5.1.2.1.1
1.1.5.62750.5.1
1.1.5.62792.5.1.4
1.1.5.62813.8.3.14.7
1.1.5.62831.8.1.4
1.1.5.62939.20.2.4.12
1.1.5.62977.33.3.7.1.6
1.1.5.63071.5.1.44.2.9.4
1.1.5.63121.5.1.20
1.1.5.63195.13.1.4
1.1.5.63217.5.1.12.3.5
1.1.5.63229.21.2.6.1
1.1.5.63238.31.2.14
1.1.5.63241.60.2.13.23
1.1.5.63293.26.1.8.5
1.1.5.63379.19.2.4.27
1.1.5.63391.5.1.1.2.29.2
1.1.5.63451.5.1.2.1.2
1.1.5.63505.5.1.3.1
1.1.5.63674.17.1.8.3
1.1.5.63681.13.2
1.1.5.63706.5.1.1.14.4
1.1.5.63716.10.1.21.8
1.1.5.63741.14.4
1.1.5.63883.20.3.8.1.3.1.10
1.1.5.63897.28.3.6.1.25.4.16
1.1.5.63977.12
1.1.5.64021.5.1.12.2.3.2
1.1.5.64065.5.1.2.2.7
1.1.5.64159.5.1.12
1.1.5.64177.5.1.5.10.12
1.1.5.64282.5.1.2
1.1.5.64338.22.3.10.5.12.3
1.1.5.64373.5.1.4.12
1.1.5.64426.22.2.13.9
1.1.5.64485.16.2.5.10.22.1
1.1.5.64509.5.1.2.7.18.4.14
1.1.5.64532.5.1.1.3.9
1.1.5.64549.11.3.8.4
1.1.5.64601.12.3.8
1.1.5.64654.5.1.5.1.1.1.1
1.1.5.64751.5.1.1
1.1.5.64754.11.2.4
1.1.5.64795.9.1.11.3
1.1.5.64886.16.1.8.22
1.1.5.64893.5.1.3.1.3.2.37
1.1.5.64898.13.1.18
1.1.5.64938.10.1.4.3
1.1.5.64967.3
1.1.5.65106.9.1.16.9
1.1.5.65113.5.1.5
1.1.5.65151.17.1.4.1
1.1.5.65204.18.2.25
1.1.5.65283.5.1.8.4.9
1.1.5.65302.17.2.5.10
1.1.5.65304.5.1.1.1.3
1.1.5.65479.9.1.6
1.1.5.65485.5.1.7
1.1.5.65506.17.2
1.1.5.65514.5.1.10.5.15
1.1.5.65543.14.1.4
1.1.5.65553.12.1.32
1.1.5.65554.9.2.4.2
1.1.5.65568.20.1.8
1.1.5.65652.5.1.1.3.17.3.33.11
1.1.5.65680.8.1.7
1.1.5.65702.5.1.22
1.1.5.65707.14.2.5.31.70
1.1.5.65756.5.1.3.1.6.2.5
1.1.5.65861.29.2.17.7
1.1.5.65967.5.1
1.1.5.65991.5.1.2.1.1.15.39
1.1.5.66012.5.1.8.15.25.1.69
1.1.5.66123.5.1.1
1.1.5.66189.5.1.12
1.1.5.66283.5.1.8.2.4
1.1.5.66310.5.1.5.4.10.2
1.1.5.66431.17.1.17.7
1.1.5.66442.5.1.1
1.1.5.66663.15.2.7.1.6.1.11.9
1.1.5.66680.5.1.2.2.4.1.7
1.1.5.66695.9.1.6
1.1.5.66716.3
1.1.5.66740.5.1.13.1.39
1.1.5.66801.5.1.1
1.1.5.66849.5.1.4.4.27.4
1.1.5.66870.8.1.5.6
1.1.5.66872.28.2.6.12
1.1.5.66883.14.2.4
1.1.5.66891.46.1.13
1.1.5.67008.14.2.23
1.1.5.67030.44.1.26.9.14
1.1.5.67093.5.1
1.1.5.67121.51.1.23
1.1.5.67424.12.3.4
1.1.5.67430.12.1.12
1.1.5.67469.11.1.5.1
1.1.5.67484.9.1.12
1.1.5.67715.5.1.8.6.10.5.47.11
1.1.5.67723.15.2.6
1.1.5.67761.5.1.6.3.5
1.1.5.67775.8.1.4
1.1.5.67807.14.2.10.1.6.7
1.1.5.67867.5.1.1.1
1.1.5.67946.5.1.4.1
1.1.5.68005.18.3.12
1.1.5.68154.14.5.10
1.1.5.68206.5.1.12.9
1.1.5.68246.22.2.9.6.21.3
1.1.5.68267.5.1.18
1.1.5.68353.30.2
1.1.5.68414.20.2.4.12
1.1.5.68444.5.1
1.1.5.68465.20.1.10
1.1.5.68533.5.1.2.2.13.2
1.1.5.68560.5.1.4.2.18.1.25
1.1.5.68603.31.2.6.1.1.8
1.1.5.68666.13.1.4
1.1.5.68688.5.1.11.2.3.3.25
1.1.5.68756.5.1.1.1.2.2.4
1.1.5.68853.16
1.1.5.68856.8.1.4.2
1.1.5.68897.10.1.8
1.1.5.69184.24.1.5.10.27.1
1.1.5.69184.28.2.4.1
1.1.5.69289.5.1
1.1.5.69338.28.2.15.15.13
1.1.5.69348.20.2.40
1.1.5.69463.25.1.15
1.1.5.69513.5.1.2.2.7
1.1.5.69557.5.1
1.1.5.69622.10.1.4.3
1.1.5.69626.9.2.11.4
1.1.5.69682.5.1
1.1.5.69746.5.1.2
1.1.5.69791.10.2.4
1.1.5.69822.5.1.4.12
1.1.5.69874.22.2.13.9
1.1.5.69912.5.1.3.2.4.2
1.1.5.69912.9.1.4.3.2
1.1.5.69915.19
1.1.5.69944.17.2.11.4.2.4
1.1.5.69954.19.1.12.6
1.1.5.69979.10.1.4.8
1.1.5.70003.5.1.3.4
1.1.5.70050.5.1
1.1.5.70056.5.1.24.1
1.1.5.70106.5.1.5.1.1.1.1
1.1.5.70243.5.1.3.3
1.1.5.70246.8.1.5.5
1.1.5.70341.16.1.8.22
1.1.5.70348.5.1.3.1.3.2.37
1.1.5.70353.13.1.18
1.1.5.70375.30.1.9
1.1.5.70392.10.1.4.3
1.1.5.70421.3
1.1.5.70559.9.1.16.9
1.1.5.70566.5.1.5
1.1.5.70607.17.1.4.1
1.1.5.70618.40
1.1.5.70663.18.2.25
1.1.5.70748.30.2.12.8
1.1.5.70937.9.1.6
1.1.5.70943.5.1.7
1.1.5.70964.17.2
1.1.5.70972.5.1.10.5.15
1.1.5.71000.10.3.4
1.1.5.71033.22.1.4.2.2
1.1.5.71040.5.1.7.2
1.1.5.71097.14.2
1.1.5.71175.5.1.4.2.4.4.16
1.1.5.71332.20.2.4.20
1.1.5.71465.5.1.1
1.1.5.71587.5.1.3.1.1.1
1.1.5.71597.5.1.1.1.2
1.1.5.71612.5.1.1.1
1.1.5.71729.35.6.12.11
1.1.5.71853.11.1.25.9
1.1.5.71951.10.1.7
1.1.5.72086.15.2.7.1.6.1.11.9
1.1.5.72141.3
1.1.5.72164.5.1.13.1.39
1.1.5.72225.5.1.1
1.1.5.72237.9.1.4
1.1.5.72242.14.4.37.2
1.1.5.72258.40.3.10.1.1.1.3.35
1.1.5.72273.17.1.14.5
1.1.5.72291.5.1.2.2.16.1
1.1.5.72308.5.1.1.1
1.1.5.72418.14.2.23
1.1.5.72440.44.1.26.9.14
1.1.5.72501.5.1
1.1.5.72529.51.1.23
1.1.5.72689.5.1.1.1.8
1.1.5.72833.12.3.4
1.1.5.72839.12.1.12
1.1.5.72871.17.2.4
1.1.5.72934.11.4.4
1.1.5.72939.5.1
1.1.5.73095.3
1.1.5.73153.5.1.3.1
1.1.5.73162.15.2.6
1.1.5.73200.5.1.6.3.5
1.1.5.73214.8.1.4
1.1.5.73267.5.1.2.3.46
1.1.5.73434.35.3.12
1.1.5.73574.14.5.10
1.1.5.73621.5.1.12.9
1.1.5.73651.28.1.4
1.1.5.73680.33.1.23.8
1.1.5.73704.8.1.4
1.1.5.73813.20.2.4.12
1.1.5.73843.5.1
1.1.5.73864.20.1.10
1.1.5.73932.5.1.2.2.13.2
1.1.5.73960.5.1.4.2.11.1.25
1.1.5.74003.31.2.6.1.1.8
1.1.5.74067.5.1
1.1.5.74102.5.1.12.3.5
1.1.5.74113.5.1.1.3.33.3
1.1.5.74122.31.2.14
1.1.5.74125.60.2.13.21
1.1.5.74173.5.1.1.1.2.2.4
1.1.5.74267.16
1.1.5.74270.8.1.4.2
1.1.5.74313.70.1.15
1.1.5.74335.5.1.2.1.2
1.1.5.74382.5.1.3.1
1.1.5.74407.3
1.1.5.74480.5.1.3.2
1.1.5.74588.5.1.1.14.4
1.1.5.74598.10.1.21.8
1.1.5.74686.5.1
1.1.5.74745.28.2.15.15.13
1.1.5.74755.20.2.40
1.1.5.74833.12
1.1.5.74920.30.3.7.2.3
1.1.5.74922.5.1.2.1.3.3
1.1.5.74925.13.2.11.1.11.3.12
1.1.5.74964.5.1
1.1.5.75032.10.1.4.3
1.1.5.75036.9.2.11.4
1.1.5.75048.5.1.2.17.16
1.1.5.75153.5.1.1.1.3.1
1.1.5.75156.9.1.25.7
1.1.5.75195.5.1
1.1.5.75197.34.1.36
1.1.5.75204.10.2.4
1.1.5.75312.27.3.4.10.3
1.1.5.75327.16.2.5.15.12.1
1.1.5.75351.5.1.2.7.18.4.14
1.1.5.75374.5.1.1.3.9
1.1.5.75391.11.3.8.4
1.1.5.75406.5.1
1.1.5.75455.5.1
1.1.5.75461.5.1.24.1
1.1.5.75512.5.1.5.1.1.1.1
1.1.5.75570.5.1
1.1.5.75654.9.1.11.3
1.1.5.75747.5.1.2.1.1.1.3
1.1.5.75753.5.1.14.7.5
1.1.5.75790.49.2.5.28.20
1.1.5.75817.3
1.1.5.75949.9.1.16.9
1.1.5.75956.5.1.5
1.1.5.75997.17.1.4.1
1.1.5.76051.28.1.4
1.1.5.76127.5.1.8.4.9
1.1.5.76146.17.2.5.10
1.1.5.76148.5.1.1.1.3
1.1.5.76315.9.1.6
1.1.5.76321.5.1.7
1.1.5.76342.17.2
1.1.5.76350.5.1.10.5.15
1.1.5.76379.14.1.4
1.1.5.76389.12.1.32
1.1.5.76390.9.2.4.2
1.1.5.76409.22.1.4.2.2
1.1.5.76416.5.1.7.2
1.1.5.76485.5.1.1.3.17.3.33.12
1.1.5.76548.5.1.4.2.4.4.16
1.1.5.76604.5.1.3.1.6.2.5
1.1.5.76692.5.1.5.2.28
1.1.5.76709.5.1.1.4.8.12.23
1.1.5.76851.5.1.8.15.25.1.45
1.1.5.76956.5.1.1
1.1.5.76972.5.1.6
1.1.5.77021.5.1.12
1.1.5.77118.22.2.6.5.6.4.2
1.1.5.77139.5.1.5.4.10.2
1.1.5.77254.5.1.4
1.1.5.77267.10.3.14.9
1.1.5.77491.15.2.7.1.6.1.11.9
1.1.5.77508.5.1.2.2.4.1.7
1.1.5.77523.9.1.6
1.1.5.77581.14.3
1.1.5.77617.5.1.1
1.1.5.77629.9.1.4
1.1.5.77634.13.2.9.2
1.1.5.77654.5.1.4.4.27.4
1.1.5.77675.8.1.5.6
1.1.5.77677.28.2.6.12
1.1.5.77688.14.2.4
1.1.5.77696.46.1.13
1.1.5.77753.5.1.33.23
1.1.5.77817.14.2.23
1.1.5.77839.44.1.26.9.14
1.1.5.77902.5.1
1.1.5.77930.51.1.23
1.1.5.78069.17.3
1.1.5.78070.29.1.4
1.1.5.78081.11.1.4.8
1.1.5.78096.49
1.1.5.78225.5.1
1.1.5.78279.11.1.5.1
1.1.5.78292.10.3.8
1.1.5.78293.15.6.9.9.42.7.4.1
1.1.5.78324.11.4.4
1.1.5.78329.5.1
1.1.5.78531.5.1.3.1
1.1.5.78540.15.2.6
1.1.5.78621.14.2.10.1.6.4
1.1.5.78722.5.1
1.1.5.78764.16.2.17.9.7.8
1.1.5.78772.5.1.13.26
1.1.5.78784.5.1.2.2.21.2
1.1.5.78832.44.3.12
1.1.5.79000.14.5.10
1.1.5.79044.5.1.12.9
1.1.5.79076.12.3.4
1.1.5.79087.8.1.5.8
1.1.5.79107.8.3.14.7
1.1.5.79134.8.1.4
1.1.5.79246.27.2.13.5.2.1.1
1.1.5.79274.5.1
1.1.5.79295.20.1.10
1.1.5.79366.5.1.44.2.9.4
1.1.5.79408.5.1.9.9.25.1.23
1.1.5.79487.13.1.4
1.1.5.79509.5.1.11.2.3.3.25
1.1.5.79523.9.4.16
1.1.5.79537.31.2.14
1.1.5.79540.60.2.13.23
1.1.5.79592.26.1.8.5
1.1.5.79682.9.1.4.4
1.1.5.79726.70.1.15
1.1.5.79741.5.1.2.1.1.1
1.1.5.79746.5.1.2.1.2
1.1.5.79763.5.1.2
1.1.5.79906.5.1.3.2
1.1.5.80011.24.1.5.10.27.1
1.1.5.80011.28.2.4.1
1.1.5.80047.18.3.12.1.2.8.6
1.1.5.80135.26.1.28
1.1.5.80186.20.3.8.1.3.1.10
1.1.5.80200.28.3.6.1.25.4.16
1.1.5.80287.5.1
1.1.5.80299.15.1.5.10.11
1.1.5.80395.5.1.2.2.7
1.1.5.80439.5.1
1.1.5.80504.10.1.4.3
1.1.5.80508.9.2.11.4
1.1.5.80564.5.1
1.1.5.80628.5.1.2
1.1.5.80781.27.3.4.10.3
1.1.5.80796.16.2.5.15.12.1
1.1.5.80820.5.1.2.7.18.4.14
1.1.5.80843.5.1.1.3.9
1.1.5.80888.5.1
1.1.5.80904.12.3.8
1.1.5.80952.5.1.5.1.1.1.1
1.1.5.81047.5.1.1
1.1.5.81050.11.2.4
1.1.5.81085.9.1.11.3
1.1.5.81177.8.2.8.7
1.1.5.81181.16.1.7.4
1.1.5.81228.10.1.4.3
1.1.5.81257.3
1.1.5.81401.9.1.16.9
1.1.5.81408.5.1.5
1.1.5.81449.17.1.4.1
1.1.5.81504.28.1.4
1.1.5.81580.5.1.8.4.9
1.1.5.81621.5.1.6.3
1.1.5.81761.9.1.6
1.1.5.81767.5.1.7
1.1.5.81788.17.2
1.1.5.81796.5.1.10.5.15
1.1.5.81825.14.1.4
1.1.5.81853.13.2.11.1.1.1
1.1.5.81922.14.2
1.1.5.82002.5.1
1.1.5.82003.10.3.16.6
1.1.5.82008.14.2.5.16.8
1.1.5.82160.20.2.4.20
1.1.5.82290.5.1.5.2.6.5.8
1.1.5.82311.5.1.8.15.25.1.30
1.1.5.82417.5.1.7.2.15.4.10.27
1.1.5.82430.17.2.9
1.1.5.82436.5.1
1.1.5.82438.5.1.1.1.2.2.8.1
1.1.5.82459.17.1.20.13
1.1.5.82687.12.1.6.7
1.1.5.82891.36.2.20.6.3
1.1.5.82907.12.1.6.1
1.1.5.83045.22.1.8.8
1.1.5.83066.14.4.39.2
1.1.5.83090.8.2.11.7.2
1.1.5.83107.30
1.1.5.83133.5.1.24.2.50
1.1.5.83145.17.4
1.1.5.83255.14.2.23
1.1.5.83276.44.1.26.9.14
1.1.5.83340.3
1.1.5.83399.6
1.1.5.83512.18.1.4
1.1.5.83519.5.1.2.2.6.1.2
1.1.5.83666.12.3.4
1.1.5.83672.12.1.12
1.1.5.83711.11.1.5.1
1.1.5.83726.9.1.12
1.1.5.83918.3
1.1.5.83976.9.1.25.7.4
1.1.5.83984.44.3.26
1.1.5.84091.5.1.2.12.5
1.1.5.84378.14.5.5.8.9.1.2
1.1.5.84433.5.1.12.9
1.1.5.84494.29.3.22.1.1
1.1.5.84527.5.1
1.1.5.84535.19.1.12
1.1.5.84558.17.2.14
1.1.5.84581.25.2.14.3.13.1
1.1.5.84641.20.2.4.12
1.1.5.84671.5.1
1.1.5.84692.20.1.10
1.1.5.84760.5.1.2.2.13.2
1.1.5.84787.5.1.4.2.18.1.21
1.1.5.84823.31.2.6.1.1.7
1.1.5.84878.9.1.20
1.1.5.84910.5.1.5
1.1.5.84917.5.1.2.2.3
1.1.5.84937.31.2.14
1.1.5.84940.60.2.13.23
1.1.5.84988.5.1.1.1.2.2.4
1.1.5.85070.8.1.4.2
1.1.5.85111.10.1.8
1.1.5.85138.10.1.6.11
1.1.5.85212.3
1.1.5.85351.17.1.8.3
1.1.5.85358.13.2
1.1.5.85383.5.1.1.14.4
1.1.5.85392.10.1.8.11
1.1.5.85487.5.1
1.1.5.85550.20.3.8.1.3.1.10
1.1.5.85639.15.1.5.10.11
1.1.5.85730.5.1.2.2.7
1.1.5.85776.5.1
1.1.5.85845.10.1.4.3
1.1.5.85849.9.2.11.4
1.1.5.85861.5.1.2.17.16
1.1.5.85912.5.1
1.1.5.85975.5.1.1.1.3.1
1.1.5.85978.9.1.25.7
1.1.5.86035.10.2.4
1.1.5.86149.18.3.4.10.3
1.1.5.86164.16.2.5.15.12.1
1.1.5.86188.5.1.2.7.18.4.14
1.1.5.86211.5.1.1.3.9
1.1.5.86228.11.3.8.4
1.1.5.86243.5.1
1.1.5.86290.12.3.8
1.1.5.86343.5.1.5.1.1.1.1
1.1.5.86482.9.1.11.3
1.1.5.86583.5.1.2
1.1.5.86587.8.1.9.7
1.1.5.86634.5.1.7
1.1.5.86801.9.1.16.9
1.1.5.86847.17.1.4.1
1.1.5.86898.18.2.26
1.1.5.86932.16.1.17.6
1.1.5.86980.5.1.8.4.9
1.1.5.86999.17.2.5.10
1.1.5.87001.5.1.1.1.3
1.1.5.87177.9.1.6
1.1.5.87183.5.1.7
1.1.5.87204.17.2
1.1.5.87212.5.1.10.5.15
1.1.5.87241.14.1.4
1.1.5.87267.5.1.3.1.2.1.1
1.1.5.87336.5.1.1.3.30.3.42.9
1.1.5.87399.5.1.4.2.4.4.16
1.1.5.87560.20.2.4.20
1.1.5.87608.16.3.9.4
1.1.5.87699.5.1.1
1.1.5.87715.5.1.1
1.1.5.87800.5.1.7.2.15.4.7.32
1.1.5.87813.17.2.9
1.1.5.87819.5.1
1.1.5.87821.5.1.1.1.2.2.8.1
1.1.5.87852.5.1.12
1.1.5.88078.5.1.1.21.31.5.18
1.1.5.88083.24.4.4.1
1.1.5.88314.15.2.7.1.6.1.11.9
1.1.5.88331.5.1.2.2.4.1.7
1.1.5.88403.14.3
1.1.5.88439.5.1.1
1.1.5.88451.9.1.4
1.1.5.88474.40.3.10.1.1.1.3.36
1.1.5.88489.17.1.14.5
1.1.5.88508.5.1.2.2.16.1
1.1.5.88525.5.1.1.1
1.1.5.88537.17.4
1.1.5.88645.14.2.23
1.1.5.88667.44.1.26.9.14
1.1.5.88731.5.1
1.1.5.88759.51.1.23
1.1.5.88894.18.1.4
1.1.5.88905.11.1.4.8
1.1.5.88920.49
1.1.5.89103.5.1.2
1.1.5.89293.3
1.1.5.89351.5.1.3.1
1.1.5.89360.15.2.6
1.1.5.89385.5.1
1.1.5.89408.5.1.6.3.5
1.1.5.89422.8.1.4
1.1.5.89539.5.1
1.1.5.89581.16.2.17.9.7.8
1.1.5.89589.5.1.13.26
1.1.5.89798.5.1.12.11.10
1.1.5.89854.5.1.12.9
1.1.5.89897.5.1.4
1.1.5.89919.10.1.22.3
1.1.5.89937.8.1.4
1.1.5.89987.25.2.14.3.13.1
1.1.5.90047.20.2.4.12
1.1.5.90077.5.1
1.1.5.90098.20.1.10
1.1.5.90169.5.1.44.2.9.4
1.1.5.90213.5.1.15
1.1.5.90227.31.2.6.1.1.7
1.1.5.90279.5.1
1.1.5.90314.5.1.12.3.5
1.1.5.90325.5.1.1.3.33.3
1.1.5.90334.31.2.14
1.1.5.90337.60.2.13.21
1.1.5.90379.5.1.1.1.2.2.4
1.1.5.90465.19.2.4.27
1.1.5.90477.5.1.1.2.29.2
1.1.5.90510.10.1.8
1.1.5.90525.5.1.2.1.1.1
1.1.5.90530.5.1.2.1.2
1.1.5.90784.27.4.23.13.12
1.1.5.90795.10.1.8.11
1.1.5.90917.26.1.28
1.1.5.90968.20.3.8.1.3.1.10
1.1.5.90978.16.5.13.7
1.1.5.91055.12
1.1.5.91146.30.3.7.2.3
1.1.5.91148.5.1.2.1.3.3
1.1.5.91151.13.2.11.1.11.3.12
1.1.5.91190.5.1
1.1.5.91256.5.1.12
1.1.5.91314.5.1
1.1.5.91378.5.1.2
1.1.5.91589.16.2.5.10.22.1
1.1.5.91619.5.1.2.7.18.4.9
1.1.5.91642.5.1.1.3.9
1.1.5.91674.5.1.3.4
1.1.5.91721.5.1
1.1.5.91727.5.1.24.1
1.1.5.91786.5.1.5.1.1.1.30
1.1.5.91937.9.1.11.3
1.1.5.92031.16.1.8.22
1.1.5.92038.5.1.3.1.3.2.37
1.1.5.92043.13.1.18
1.1.5.92079.9.1.6.4
1.1.5.92241.5.1.3
1.1.5.92289.19.1.12.7
1.1.5.92343.17.1.4
1.1.5.92380.16.1.15.6
1.1.5.92436.30.2.12.8
1.1.5.92462.5.1.1.1.3
1.1.5.92578.5.1.4.4
1.1.5.92628.9.1.6
1.1.5.92634.5.1.7
1.1.5.92655.17.2
1.1.5.92663.5.1.10.5.15
1.1.5.92691.10.3.4
1.1.5.92728.5.1
1.1.5.92738.6
1.1.5.92807.5.1.1.3.17.3.33.8
1.1.5.92868.5.1.26
1.1.5.92873.14.2.5.26.34
1.1.5.93015.5.1.5.2.28
1.1.5.93032.5.1.1.4.8.12.23
1.1.5.93130.5.1
1.1.5.93181.5.1.8.15.30.1.26
1.1.5.93287.5.1.1
1.1.5.93303.5.1.6
1.1.5.93352.5.1.12
1.1.5.93454.5.1.8.2.4
1.1.5.93466.5.1.4.4.17.2
1.1.5.93587.5.1.1.21.31.5.18
1.1.5.93811.15.2.7.1.6.1.11.52
1.1.5.93892.5.1.13.1.39
1.1.5.93952.22.1.8.8
1.1.5.93982.9.1.4
1.1.5.93999.8.2.11.7.2
1.1.5.94016.30
1.1.5.94043.5.1.1.1
1.1.5.94154.14.2.23
1.1.5.94175.44.1.26.9.14
1.1.5.94214.5.1.1
1.1.5.94258.5.1.5.1
1.1.5.94404.5.1.1.4.9.1.8
1.1.5.94422.19
1.1.5.94551.12.3.4
1.1.5.94600.5.1.2
1.1.5.94644.10.1.4
1.1.5.94840.5.1.3.1
1.1.5.94849.15.2.6
1.1.5.94927.14.2.10.1.6.9
1.1.5.95028.5.1
1.1.5.95070.16.2.17.9.7.8
1.1.5.95078.5.1.13.26
1.1.5.95266.14.5.5.8.9.1.2
1.1.5.95349.12.3.4
1.1.5.95360.8.1.5.8
1.1.5.95382.5.1.3.2.7.1.15
1.1.5.95416.5.1
1.1.5.95424.19.1.12
1.1.5.95447.17.2.14
1.1.5.95470.25.2.14.3.13.1
1.1.5.95533.20.2.4.12
1.1.5.95563.5.1
1.1.5.95584.20.1.10
1.1.5.95652.5.1.2.2.13.2
1.1.5.95683.3
1.1.5.95701.5.1.15
1.1.5.95715.31.2.6.1.1.7
1.1.5.95798.5.1.5
1.1.5.95805.5.1.2.2.3
1.1.5.95825.31.2.14
1.1.5.95828.60.2.13.23
1.1.5.95871.5.1.1.1.2.2.4
1.1.5.95929.17.2
1.1.5.95958.14
1.1.5.95969.19.2.4.27
1.1.5.95981.5.1.1.2.29.2
1.1.6.20.10.1.8
1.1.6.46.5.1.2.1.2
1.1.6.63.5.1.2
1.1.6.198.5.1.3.2
1.1.6.306.5.1.1.14.4
1.1.6.316.10.1.21.8
1.1.6.320.29.2.15.7.11
1.1.6.411.5.1
1.1.6.460.28.2.15.15.13
1.1.6.470.20.2.40
1.1.6.542.22.2.10.4.8.4
1.1.6.583.25.1.15
1.1.6.636.30.3.7.2.3
1.1.6.638.5.1.2.1.3.3
1.1.6.641.13.2.11.1.11.3.12
1.1.6.682.5.1
1.1.6.745.19.1.4.6
1.1.6.746.5.1.3.3.4
1.1.6.806.5.1
1.1.6.870.5.1.2
1.1.6.1055.16.2.5.10.22.1
1.1.6.1105.31.2.39.45
1.1.6.1121.5.1.5.1.18
1.1.6.1126.5.1.15.18
1.1.6.1150.5.1
1.1.6.1166.12.3.8
1.1.6.1223.5.1.5.1.1.1.39
1.1.6.1377.9.1.11.3
1.1.6.1468.16.1.8.22
1.1.6.1475.5.1.3.1.3.2.37
1.1.6.1480.13.1.18
1.1.6.1520.10.1.4.3
1.1.6.1549.3
1.1.6.1699.5.1.3
1.1.6.1747.19.1.12.7
1.1.6.1801.18.2.26
1.1.6.1853.5.1.10.2.7
1.1.6.1885.10.1.4.29
1.1.6.2079.9.1.6
1.1.6.2085.5.1.7
1.1.6.2106.17.2
1.1.6.2146.12.1.32
1.1.6.2147.9.2.4.2
1.1.6.2161.20.1.8
1.1.6.2245.5.1.1.3.17.3.33.11
1.1.6.2310.5.1.2
1.1.6.2461.5.1.5.2.28
1.1.6.2478.5.1.1.4.8.12.23
1.1.6.2731.12.1.9.5.2
1.1.6.2755.5.1.1.1
1.1.6.2863.20.6.12.11
1.1.6.2995.17.1.17.7
1.1.6.3005.5.1.1.8.9
1.1.6.3218.36.2.20.6.3
1.1.6.3234.12.1.6.1
1.1.6.3287.3
1.1.6.3310.5.1.13.1.39
1.1.6.3370.5.1.1.3.2.2.15
1.1.6.3386.13.2.13.2
1.1.6.3406.5.1.4.4.27.4
1.1.6.3427.8.1.5.6
1.1.6.3429.28.2.6.12
1.1.6.3440.14.2.4
1.1.6.3448.46.1.13
1.1.6.3568.14.2.23
1.1.6.3590.44.1.26.9.14
1.1.6.3651.3
1.1.6.3669.57.1.31
1.1.6.3885.20.2.15.8.3
1.1.6.3972.12.3.4
1.1.6.3978.12.1.12
1.1.6.4017.11.1.5.1
1.1.6.4032.9.1.12
1.1.6.4069.10.1.4
1.1.6.4263.5.1.3.1
1.1.6.4272.15.2.6
1.1.6.4310.5.1.6.3.5
1.1.6.4324.8.1.4
1.1.6.4360.14.2.10.1.6.7
1.1.6.4423.5.1.1.1
1.1.6.4461.5.1
1.1.6.4514.5.1.4.1
1.1.6.4577.35.3.12
1.1.6.4749.5.1.12.11.10
1.1.6.4798.5.1.12.9
1.1.6.4842.5.1.5
1.1.6.4862.8.3.14.7
1.1.6.4889.8.1.4
1.1.6.4998.20.2.4.12
1.1.6.5028.5.1
1.1.6.5135.5.1.2.2.23.2
1.1.6.5162.5.1.4.2.18.1.12
1.1.6.5252.5.1
1.1.6.5287.5.1.12.3.5
1.1.6.5298.5.1.1.3.33.3
1.1.6.5307.31.2.14
1.1.6.5310.60.2.13.21
1.1.6.5358.5.1.1.1.2.2.4
1.1.6.5416.17.2
1.1.6.5460.9.1.4.4
1.1.6.5504.70.1.15
1.1.6.5531.10.1.6.11
1.1.6.5765.17.1.8.3
1.1.6.5772.13.2
1.1.6.5797.5.1.1.14.4
1.1.6.5806.10.1.8.11
1.1.6.5901.5.1
1.1.6.5953.20.3.8.1.3.1.10
1.1.6.5967.28.3.7.2.26.5.15
1.2.71.22.11.89.19
1.2.143.2.1.12.1
1.2.149.3
1.2.243.4.2.7.1.6
1.2.252.2.1.1.1.2.9
1.2.293.2.1
1.2.408.2.1.2.1.1
1.2.440.2.1.1.1.10
1.2.611.4.2.31
1.2.898.2.1.2.2.2
1.2.915.4.2.4
1.2.956.2.1.2
1.2.978.2.1.4.1.42
1.2.1002.6.3
1.2.1010.2.1.12.2.1.1
1.2.1163.2.1.2.2.16
1.2.1400.4.2.4.1.5
1.2.1437.2.1
1.2.1465.4.2.2.1.5
1.2.1564.6.3.4.1
1.2.1575.6.3.19.2.18
1.2.1766.6.3
1.2.1820.6.3.20.2.4.2
1.2.1910.6.3
1.2.1993.4.2
1.2.2115.6.3.7
1.2.2206.6.3.7.5
1.2.2236.2.1.3
1.2.2373.9
1.2.2398.2.1.1.1
1.2.2415.2.1
1.2.2514.2.1.8.1.13.1
1.2.2543.6.3.19
1.2.2650.2.1.3.2
1.2.2652.2.1.4.2.6.2.19
1.2.2753.8.4.19.3
1.2.2873.6.3.8
1.2.2917.4.2.9.2
1.2.2942.4.2.39.3.5
1.2.3208.2.1.32
1.2.3276.4.2.20.2
1.2.3315.2.1.18
1.2.3340.2.1.12.3.32.5.12
1.2.3374.4.2.3
1.2.3406.12.6
1.2.3507.6.3.23.2
1.2.3520.2.1.1
1.2.3609.4.2.8.2
1.2.3742.2.1.1.1.2.1
1.2.3779.14.7.16
1.2.3796.8.4.12.5.21.2
1.2.3817.4.2.3.5
1.2.3965.8.4.9
1.2.3987.8.4.9.2.11.6.18
1.2.4112.4.2
1.2.4126.2.1.3.3.22.1
1.2.4161.6.3.7.1
1.2.4229.2.1.1.1
1.2.4234.2.1
1.2.4317.2.1.8.5
1.2.4444.2.1.2.2.23.2.24
1.2.4513.2.1.1.1.8
1.2.4612.2.1.1.1.3
1.2.4760.2.1.2.3.10.4
1.2.4820.2.1.2.2
1.2.4850.2.1.1.2.3.2
1.2.4861.2.1.4.1
1.2.4900.3
1.2.4909.6.3.12.10
1.2.4969.2.1.3.1
1.2.4986.2.1.5.1
1.2.5056.2.1.5.1
1.2.5164.4.2.4.3.3
1.2.5224.4.2.3.1.11
1.2.5318.2.1
1.2.5366.4.2.3
1.2.5468.4.2.3.1
1.2.5470.2.1
1.2.5552.4.2.4
1.2.5565.2.1.18.2
1.2.5787.1
1.2.5879.6.3.21.2.4
1.2.5935.4.2
1.2.5947.4.2.11.8.17.4
1.2.5957.8.4.12.1.3
1.5.37.8.2.1.19.8
1.5.59.15.2.1
1.5.170.12.2.1.2.2.39
1.5.188.15.2.1.21
1.5.243.21.2.1
1.5.393.9.2.1.7.1.12
1.5.498.11.2.1.2.1.9.1
1.5.665.11.2.1.7.3.10.10
1.5.668.14.2.1.17.1
1.5.936.13.2.1.5.1
1.5.941.9.2.1.15
1.5.1072.8.2.1.37.2.5.2
1.5.1155.13.2.1
1.5.1200.5.2.1.8.3
1.5.1261.19.2.1.3
1.5.1293.10.2.1.8.4.9.6
1.5.1406.15.2.1.12.3.30
1.5.1523.7.2.1
1.5.1584.10.2.1.4
1.5.1712.13.2.1.9.2.5.3.15
1.5.1728.9.2.1.17.2.37.8.25
1.5.1799.7.2.1.16.2.15.5
1.5.1916.12.2.1
1.5.1943.9.2.1.5.4
1.5.2015.11.2.1.2.1.1
1.5.2024.15.2.1.1
1.5.2076.9.2.1.9.2.5.3.11
1.5.2160.8.2.1.21.4
1.5.2252.8.2.1.9.1.19
1.5.2267.7.2.1.5.2.3.1
1.5.2275.7.2.1.11.4.6
1.5.2405.8.2.1
1.5.2517.7.2.1.13.1.1.2.12
1.5.2785.14.2.1.15.5
1.5.2827.10.2.1.22.2
1.5.2861.13.2.1.1.1.3
1.5.2987.19.2.1.25.6.12.7.9
1.5.3242.6.2.1
1.5.3313.9.2.1.2.1.1.8
1.5.3329.21.2.1.1.1.1.1.25
1.5.3384.15.2.1.5.2.5
1.5.3525.21.2.1.1.1.6
1.5.3541.6.2.1.9.9.54.1
1.5.3688.8.2.1.3.1.5
1.5.3707.23.2.1.11.4.8
1.5.3787.10.2.1
1.5.3991.15.2.1.3.1.30.5.11.3
1.5.4170.9.2.1.7.2.20
1.5.4193.10.2.1
1.5.4239.11.2.1.12.2
1.5.4330.20.2.1
1.5.4507.11.2.1.23.7.10.9
1.5.4528.8.2.1.1.1.1.2
1.5.4632.30.2.1.2.1.3
1.5.4708.7.2.1.15.1.12.5
1.5.4850.9.2.1
1.5.4883.8.2.1.18.2
1.5.4928.7.2.1.6.1.14.2.30
1.5.4970.7.2.1.25.2.4
1.5.4986.8.2.1.11.4.18.3
1.5.5037.12.2.1.4.7
1.5.5129.10.2.1.28
1.5.5401.7.2.1.11
1.5.5477.8.2.1.2
1.5.5538.15.2.1.5
1.5.5663.8.2.1.11
1.5.6055.8.2.1.23.4.4
1.5.6083.12.2.1.6.2
1.5.6382.13.2.1.22.6.19
1.5.6567.7.2.1.7
1.5.6719.6.2.1.2
1.5.6825.10.2.1.3.2.7
1.5.6888.6.2.1
1.5.6898.11.2.1.6.6
1.5.6934.9.2.1.16
1.5.6943.7.2.1
1.5.6967.10.2.1.1
1.5.7027.9.2.1.8.1.8.3.3
1.5.7328.9.2.1.4
1.5.7386.21.2.1
1.5.7540.9.2.1.7.1.12
1.5.7787.11.2.1.7.3.10.10
1.5.7790.14.2.1.17.1
1.5.8082.13.2.1.5.1
1.5.8087.9.2.1.15
1.5.8234.29.2.1.3.1.8.6.41.35
1.5.8355.5.2.1.8.3
1.5.8418.19.2.1.3
1.5.8450.10.2.1.8.4.9.6
1.5.8549.15.2.1.12.3.43
1.5.8589.7.2.1.2.1.6
1.5.8611.8.2.1.7.1
1.5.8660.7.2.1
1.5.8792.11.2.1
1.5.8873.13.2.1.9.2.5.3.15
1.5.8886.15.2.1.1.1.1.1
1.5.8893.10.2.1.17.4
1.5.8945.7.2.1.16.2.15.5
1.5.9064.12.2.1
1.5.9091.9.2.1.5.4
1.5.9138.8.2.1
1.5.9163.10.2.1.5
1.5.9224.8.2.1.7.1.1
1.5.9303.8.2.1.21.4
1.5.9375.6.2.1.1.1.1.1.1
1.5.9402.8.2.1.9.1.19
1.5.9413.12.2.1.5.2.11.2
1.5.9432.6.2.1.3.1.3
1.5.9665.7.2.1.13.1.1.2.12
1.5.9829.9.2.1.1.1.10.3
1.5.9909.14.2.1.15.5
1.5.9951.10.2.1.22.2
1.5.9985.13.2.1.1.1.3
1.5.10129.8.2.1.10.2
1.5.10203.7.2.1.7
1.5.10289.10.2.1.5
1.5.10316.8.2.1.12.1.1.2.40
1.5.10366.6.2.1
1.5.10433.9.2.1.2.1.1.16
1.5.10449.21.2.1.1.1.1.1.29
1.5.10500.15.2.1.5.2.5
1.5.10629.15.2.1.16.1.17
1.5.10648.11.2.1
1.5.10773.12.2.1.4.4.11.4.12
1.5.10793.8.2.1.3.1.32
1.5.10806.11.2.1.4.3.6.2.5
1.5.10821.25.2.1
1.5.11064.15.2.1.3.1.30.5.11.3
1.5.11076.7.2.1
1.5.11237.11.2.1.1.5.2
1.5.11287.11.2.1.12.2
1.5.11378.20.2.1
1.5.11508.5.2.1
1.5.11534.11.2.1.23.7.10.11
1.5.11555.8.2.1.1.1.1.2
1.5.11864.9.2.1
1.5.11897.8.2.1.18.2
1.5.11946.8.2.1.2.1.3.3
1.5.11994.8.2.1.11.3.9.3
1.5.12045.12.2.1.4.7
1.5.12130.10.2.1.28
1.5.12414.7.2.1.11
1.5.12490.8.2.1.2
1.5.12550.15.2.1.5
1.5.12675.8.2.1.11
1.5.12820.11.2.1.2.1
1.5.13072.13.2.1.7.11.19
1.5.13106.12.2.1.2.2.5.1.7
1.5.13133.7.2.1.3.3
1.5.13234.12.2.1.14
1.5.13424.13.2.1.22.6.19
1.5.13572.15.2.1.4.1.3.1.18.12
1.5.13653.9.2.1
1.5.13754.6.2.1.2
1.5.13886.16.2.1.9
1.5.13906.12.2.1.2.1.1.1
1.5.13960.9.2.1.16
1.5.13969.7.2.1
1.5.14034.12.2.1.12.2.5
1.5.14057.9.2.1.8.1.8.11.39
1.5.14093.16.2.1.25.10
1.5.14134.7.2.1
1.5.14371.12.2.1.2.2.39
1.5.14389.15.2.1.21
1.5.14444.21.2.1
1.5.14594.9.2.1.7.1.12
1.5.14844.11.2.1.7.3.10.9
1.5.14847.14.2.1.17.1
1.5.14971.9.2.1.1.1.17.5.6
1.5.15122.12.2.1.3.1
1.5.15397.5.2.1.8.3
1.5.15460.19.2.1.3
1.5.15492.10.2.1.8.4.9.6
1.5.15609.15.2.1.12.3.30
1.5.15726.7.2.1
1.5.15947.9.2.1.17.2.32.8.18
1.5.15993.12.2.1.3.1.1
1.5.16158.9.2.1.5.4
1.5.16205.8.2.1
1.5.16230.10.2.1.5
1.5.16243.15.2.1.1
1.5.16295.9.2.1.9.2.5.3.11
1.5.16380.8.2.1.21.4
1.5.16515.6.2.1.3.1.3
1.5.16657.15.2.1.17.1.6.2
1.5.16750.7.2.1.13.1.1.2.12
1.5.17055.10.2.1.22.2
1.5.17091.13.2.1.1.3.3
1.5.17235.8.2.1.10.2
1.5.17306.13.2.1.6.4.34
1.5.17392.10.2.1.5
1.5.17420.8.2.1.20.3.6
1.5.17486.6.2.1
1.5.17562.8.2.1.20.1.22.2
1.5.17637.15.2.1.5.2.5
1.5.17770.10.2.1.7.1.14.1.3
1.5.17791.11.2.1
1.5.17941.11.2.1.4.3.4.3.11
1.5.18023.10.2.1
1.5.18219.15.2.1.3.1.30.5.11.3
1.5.18398.11.2.1.1.5.2
1.5.18417.10.2.1
1.5.18463.11.2.1.12.2
1.5.18562.20.2.1
1.5.18734.11.2.1.23.7.10.9
1.5.18755.8.2.1.1.1.1.2
1.5.18909.10.2.1.2.2
1.5.19047.9.2.1
1.5.19080.8.2.1.18.2
1.5.19180.8.2.1.11.3.9.3
1.5.19308.10.2.1.28
1.5.19467.10.2.1
1.5.19585.7.2.1.11
1.5.19647.26.2.1.10.1.3.1
1.5.19653.9.2.1.3.1.25.1.1
1.5.19699.11.2.1.2.2
1.5.19715.15.2.1.5
1.5.19840.8.2.1.11
1.5.19994.11.2.1.2.1
1.5.20240.12.2.1.5
1.5.20292.7.2.1.3.4
1.5.20569.13.2.1.22.6.19
1.5.20596.6.2.1.23.8.48.8.16
1.5.20614.5.2.1.1.8.13
1.5.20798.9.2.1
1.5.20887.6.2.1.2
1.5.20992.10.2.1.3.2.7
1.5.21064.11.2.1.6.6
1.5.21101.9.2.1.16
1.5.21110.7.2.1
1.5.21193.8.2.1.8.2.5
1.5.21536.10.2.1.19.3.7
1.5.21554.14.2.1.11.8.11
1.5.21587.21.2.1
1.5.21737.9.2.1.7.1.12
1.5.21842.11.2.1.2.1.9.1
1.5.22003.11.2.1.7.3.10.9
1.5.22006.14.2.1.17.1
1.5.22104.13.2.1.9
1.5.22127.7.2.1.52.5.20.5.8
1.5.22271.12.2.1.3.1
1.5.22546.5.2.1.8.3
1.5.22603.14.2.1.1.2.1
1.5.22613.16.2.1.2.1.1
1.5.22680.31.2.1.6.1
1.5.22742.15.2.1.12.3.43
1.5.22861.7.2.1
1.5.22987.11.2.1
1.5.23064.11.2.1.3.2.7
1.5.23143.7.2.1.16.2.15.5
1.5.23256.12.2.1
1.5.23283.9.2.1.5.4
1.5.23347.10.2.1.5
1.5.23360.15.2.1.1
1.5.23412.9.2.1.9.2.5.3.11
1.5.23497.8.2.1.21.4
1.5.23618.7.2.1.5.2.3.1
1.5.23626.7.2.1.11.4.6
1.5.23656.7.2.1.13.2
1.5.23749.15.2.1.17.1.6.2
1.5.23842.7.2.1.13.1.1.2.12
1.5.23920.12.2.1.4.3.8.2
1.5.23924.6.2.1.6.2
1.5.23935.17.2.1.12.4
1.5.24008.9.2.1.1.1.10.3
1.5.24085.9.2.1.20.4.12.1.4
1.5.24135.10.2.1.22.2
1.5.24171.13.2.1.1.3.3
1.5.24319.8.2.1.10.2
1.5.24379.12.2.1.11
1.5.24497.8.2.1.20.3.6
1.5.24563.6.2.1
1.5.24639.8.2.1.20.1.22.2
1.5.24699.12.2.1.9
1.5.24818.10.2.1.7.1.14.1.3
1.5.24837.7.2.1.10.5
1.5.24863.9.2.1
1.5.25004.11.2.1.4.3.6.2.5
1.5.25019.25.2.1
1.5.25275.15.2.1.3.1.30.5.11.3
1.5.25287.7.2.1
1.5.25343.33.2.1
1.5.25445.9.2.1.7.2.20
1.5.25468.10.2.1
1.5.25477.16.2.1
1.5.25505.11.2.1.8.2
1.5.25596.20.2.1
1.5.25777.11.2.1.23.7.10.9
1.5.25798.8.2.1.1.1.1.2
1.5.25900.9.2.1.1
1.5.25974.7.2.1.15.1.12.5
1.5.26140.14.2.1.7.2.4.4.12
1.5.26144.8.2.1.4.3
1.5.26197.8.2.1.2.1.3.3
1.5.26245.8.2.1.11.3.9.3
1.5.26378.10.2.1.28
1.5.26702.26.2.1.10.1.3.1
1.5.26708.9.2.1.3.1.25.1.1
1.5.26754.11.2.1.2.2
1.5.26770.15.2.1.5
1.5.26939.16.2.1.27.6
1.5.27024.11.2.1.2.1
1.5.27268.12.2.1.5
1.5.27303.12.2.1.2.2.5.1.7
1.5.27336.7.2.1.3.4
1.5.27437.12.2.1.14
1.5.27627.13.2.1.22.6.19
1.5.27700.10.2.1
1.5.27720.29.2.1.6.6
1.5.27959.6.2.1.2
1.5.28054.10.2.1.3.2.7
1.5.28126.11.2.1.6.6
1.5.28166.21.2.1.13.2.2.6
1.5.28230.8.2.1
1.5.28275.9.2.1.8.1.8.11.30
1.5.28572.25.2.1.1
1.5.28591.15.2.1.21
1.5.28777.9.2.1.7.1.12
1.5.29034.11.2.1.7.3.10.9
1.5.29037.14.2.1.17.1
1.5.29166.7.2.1.3.3.7.4.16
1.5.29306.13.2.1.5.1
1.5.29311.9.2.1.15
1.5.29445.8.2.1.35.2.5.2
1.5.29533.8.2.1.9.4
1.5.29579.5.2.1.8.3
1.5.29633.7.2.1.12.1.2
1.5.29644.16.2.1.2.1.1
1.5.29714.31.2.1.6.1
1.5.29783.10.2.1.4
1.5.29852.16.2.1.1.1.6.4
1.5.29904.7.2.1
1.5.29994.13.2.1.2.6.20
1.5.30037.11.2.1
1.5.30121.11.2.1.2.3.16
1.5.30140.8.2.1.3.1.1
1.5.30184.12.2.1.3.1.1
1.5.30349.9.2.1.5.4
1.5.30421.11.2.1.2.1.1
1.5.30430.15.2.1.1
1.5.30482.9.2.1.9.2.5.3.11
1.5.30571.8.2.1
1.5.30655.9.2.1.7
1.5.30718.7.2.1.2.2.15.1
1.5.30719.9.2.1.2
1.5.30751.12.2.1
1.5.30957.7.2.1.13.1.1.2.12
1.5.31064.7.2.1.4.8
1.5.31209.14.2.1.15.5
1.5.31251.10.2.1.22.2
1.5.31283.9.2.1.10.7.21
1.5.31427.8.2.1.10.2
1.5.31477.8.2.1.18.5.10.2
1.5.31497.12.2.1.11
1.5.31615.8.2.1.20.3.6
1.5.31753.8.2.1.20.1.22.2
1.5.31824.12.2.1.9
1.5.31957.21.2.1.1.1.6
1.5.31973.6.2.1.9.9.54.1
1.5.32102.12.2.1.4.4.11.4.12
1.5.32122.8.2.1.3.1.32
1.5.32135.11.2.1.4.3.6.2.5
1.5.32150.25.2.1
1.5.32236.6.2.1.5.5
1.5.32409.15.2.1.3.1.30.5.11.3
1.5.32421.7.2.1
1.5.32480.33.2.1
1.5.32581.9.2.1.7.2.20
1.5.32604.10.2.1
1.5.32612.16.2.1
1.5.32640.11.2.1.8.2
1.5.32739.20.2.1
1.5.32906.11.2.1.23.7.10.9
1.5.32927.8.2.1.1.1.1.2
1.5.33095.7.2.1.15.1.12.5
1.5.33242.9.2.1
1.5.33264.21.2.1.13.7.16
1.5.33377.8.2.1.11.3.9.3
1.5.33430.12.2.1.4.7
1.5.33518.10.2.1.28
1.5.33785.7.2.1.11
1.5.33847.26.2.1.10.1.3.1
1.5.33853.9.2.1.3.1.25.1.1
1.5.33899.11.2.1.2.2
1.5.33915.15.2.1.5
1.5.34037.8.2.1.11
1.5.34064.8.2.1
1.5.34434.8.2.1.23.4.4
1.5.34582.12.2.1.14
1.5.34765.7.2.1.4
1.5.34775.7.2.1.18
1.5.34840.5.2.1.1.5.3
1.5.34900.8.2.1
1.5.34957.9.2.1.3.1.2.3.11.14
1.5.35152.8.2.1.6.2.7.13.46
1.5.35157.10.2.1.14.6.18.1.7
1.5.35260.10.2.1.3.2.7
1.5.35323.6.2.1
1.5.35333.11.2.1.6.6
1.5.35370.9.2.1.16
1.5.35379.7.2.1
1.5.35466.6.2.1
1.5.35783.12.2.1.2.2.39
1.5.35801.15.2.1.21
1.5.35999.9.2.1.7.1.12
1.5.36240.11.2.1.7.3.10.9
1.5.36243.14.2.1.17.1
1.5.36341.13.2.1.9
1.5.36364.7.2.1.52.5.20.5.8
1.5.36503.13.2.1.5.1
1.5.36508.9.2.1.15
1.5.36647.8.2.1.29.2.5.2
1.5.36767.5.2.1.8.3
1.5.36830.19.2.1.3
1.5.36862.10.2.1.8.4.9.6
1.5.36975.15.2.1.12.3.30
1.5.37094.7.2.1
1.5.37263.12.2.1.10
1.5.37294.8.2.1.3.1.1
1.5.37340.12.2.1.14
1.5.37366.7.2.1.16.2.15.5
1.5.37473.12.2.1
1.5.37500.9.2.1.5.4
1.5.37573.11.2.1.2.1.1
1.5.37582.15.2.1.1
1.5.37634.9.2.1.9.2.5.3.11
1.5.37719.8.2.1.21.4
1.5.37800.10.2.1.15
1.5.37803.10.2.1
1.5.37855.7.2.1.2.2.15.1
1.5.37856.9.2.1.2
1.5.38086.7.2.1.13.1.1.2.12
1.5.38150.12.2.1.2.2
1.5.38167.12.2.1.4.3.8.2
1.5.38171.6.2.1.6.2
1.5.38182.17.2.1.12.4
1.5.38257.9.2.1.1.1.10.3
1.5.38317.7.2.1.11
1.5.38343.14.2.1.15.5
1.5.38404.9.2.1.12
1.5.38549.8.2.1.10.2
1.5.38616.7.2.1.7
1.5.38731.8.2.1.12.1.1.2.11
1.5.38792.6.2.1
1.5.38868.8.2.1.20.1.22.2
1.5.38943.15.2.1.5.2.5
1.5.39055.10.2.1.7.1.14.1.3
1.5.39076.11.2.1
1.5.39218.8.2.1.3.1.5
1.5.39231.11.2.1.4.3.6.2.5
1.5.39246.25.2.1
1.5.39506.15.2.1.3.1.30.5.11.3
1.5.39518.7.2.1
1.5.39577.33.2.1
1.5.39676.11.2.1.1.5.2
1.5.39726.11.2.1.12.2
1.5.39825.20.2.1
1.5.39950.5.2.1
1.5.39977.9.2.1.2.2.9.2.13.8
1.5.39994.25.2.1.6.1
1.5.40147.16.2.1.16.6.60.5
1.5.40291.9.2.1
1.5.40364.7.2.1.6.1.14.2.25
1.5.40558.10.2.1.28
1.5.40830.7.2.1.11
1.5.40906.8.2.1.2
1.5.40961.15.2.1.5
1.5.41086.8.2.1.11
1.5.41150.16.2.1.27.6
1.5.41229.11.2.1.2.1
1.5.41471.8.2.1.23.4.4
1.5.41535.8.2.1.14.5.25.1
1.5.41625.12.2.1.14
1.5.41808.7.2.1.4
1.5.41818.7.2.1.18
1.5.41883.5.2.1.1.5.3
1.5.41943.8.2.1
1.5.42056.7.2.1.7
1.5.42179.8.2.1.6.2.7.13.46
1.5.42184.10.2.1.14.6.18.1.7
1.5.42312.16.2.1.9
1.5.42332.12.2.1.2.1.1.1
1.5.42384.9.2.1.16
1.5.42393.7.2.1
1.5.42487.12.2.1.3.3.5.2.2
1.5.42507.9.2.1.8.1.8.11.20
1.5.42832.12.2.1.2.2.39
1.5.42852.14.2.1.21.3.3
1.5.42885.21.2.1
1.5.43046.9.2.1.7.1.12
1.5.43316.11.2.1.7.3.10.10
1.5.43319.14.2.1.17.1
1.5.43422.13.2.1.9
1.5.43594.12.2.1.3.1
1.5.43865.5.2.1.8.3
1.5.43923.14.2.1.1.2.1
1.5.43933.16.2.1.2.1.1
1.5.44003.31.2.1.6.1
1.5.44073.15.2.1.12.3.30
1.5.44186.7.2.1
1.5.44318.11.2.1
1.5.44399.13.2.1.9.2.5.3.15
1.5.44415.9.2.1.17.2.37.8.25
1.5.44461.12.2.1.14
1.5.44487.7.2.1.16.2.15.5
1.5.44601.12.2.1
1.5.44628.9.2.1.5.4
1.5.44675.8.2.1
1.5.44700.10.2.1.5
1.5.44761.8.2.1.7.1.1
1.5.44844.8.2.1
1.5.44943.8.2.1.9.1.19
1.5.44958.7.2.1.5.2.3.1
1.5.44966.7.2.1.11.4.6
1.5.44996.7.2.1.13.2
1.5.45193.7.2.1.13.1.1.2.12
1.5.45250.12.2.1.1.1
1.5.45267.12.2.1.4.3.8.2
1.5.45271.6.2.1.6.2
1.5.45282.17.2.1.12.4
1.5.45481.10.2.1.22.2
1.5.45517.13.2.1.1.3.3
1.5.45651.19.2.1.25.6.12.7.9
1.5.45851.8.2.1.20.3.6
1.5.45986.8.2.1.20.1.22.2
1.5.46055.15.2.1.5.2.5
1.5.46183.21.2.1.1.1.6
1.5.46199.6.2.1.9.9.54.1
1.5.46222.9.2.1
1.5.46363.11.2.1.4.3.6.2.5
1.5.46378.25.2.1
1.5.46448.10.2.1
1.5.46648.15.2.1.3.1.29.3.4.1
1.5.46660.7.2.1
1.5.46722.33.2.1
1.5.46847.11.2.1.1.4.16
1.5.46912.11.2.1.12.2
1.5.47011.20.2.1
1.5.47131.5.2.1
1.5.47157.11.2.1.23.7.10.11
1.5.47178.8.2.1.1.1.1.2
1.5.47278.9.2.1
1.5.47351.7.2.1.15.1.12.5
1.5.47484.9.2.1
1.5.47502.21.2.1.11.4.32
1.5.47563.8.2.1.2.1.3.3
1.5.47610.8.2.1.11.3.9.3
1.5.47661.12.2.1.4.7
1.5.47690.24.2.1
1.5.47751.10.2.1.28
1.5.47907.10.2.1
1.5.48030.7.2.1.11
1.5.48106.8.2.1.2
1.5.48145.11.2.1.2.2
1.5.48161.15.2.1.5
1.5.48341.16.2.1.27.6
1.5.48412.11.2.1.2.1
1.5.48658.12.2.1.5
1.5.48693.12.2.1.2.2.5.1.7
1.5.48720.7.2.1.3.3
1.5.49009.13.2.1.22.6.19
1.5.49063.5.2.1.1.5.3
1.5.49252.10.2.1.1.1.14.1
1.5.49340.8.2.1.6.2.7.13.46
1.5.49345.10.2.1.14.6.18.1.7
1.5.49440.10.2.1.3.2.7
1.5.49557.9.2.1.16
1.5.49566.7.2.1
1.5.49644.12.2.1.3.3.5.2.2
1.5.49664.9.2.1.8.1.8.11.20
1.5.49992.10.2.1.19.3.7
1.5.50010.14.2.1.11.8.11
1.5.50043.21.2.1
1.5.50193.9.2.1.7.1.12
1.5.50476.11.2.1.7.3.10.10
1.5.50479.14.2.1.17.1
1.5.50608.7.2.1.3.3.7.4.16
1.5.50747.13.2.1.5.1
1.5.50752.9.2.1.15
1.5.50886.8.2.1.29.2.5.2
1.5.51006.5.2.1.8.3
1.5.51060.7.2.1.12.1.2
1.5.51071.16.2.1.2.1.1
1.5.51141.31.2.1.6.1
1.5.51203.15.2.1.12.3.43
1.5.51318.7.2.1
1.5.51461.11.2.1
1.5.51527.12.2.1.10
1.5.51555.15.2.1.1.1.1.1
1.5.51562.10.2.1.17.4
1.5.51587.12.2.1.3.1.1
1.5.51764.9.2.1.5.4
1.5.51811.8.2.1
1.5.51836.10.2.1.5
1.5.51849.15.2.1.1
1.5.51901.9.2.1.9.2.5.3.11
1.5.51979.8.2.1.21.4
1.5.52115.7.2.1.2.2.15.1
1.5.52116.9.2.1.2
1.5.52148.12.2.1
1.5.52249.15.2.1.17.1.6.2
1.5.52352.7.2.1.13.1.1.2.12
1.5.52659.10.2.1.22.2
1.5.52695.13.2.1.1.3.3
1.5.52839.8.2.1.10.2
1.5.52917.13.2.1.6.4.34
1.5.53005.12.2.1.2.1.4.2.7
1.5.53033.8.2.1.20.3.6
1.5.53083.6.2.1
1.5.53152.8.2.1.20.1.22.2
1.5.53212.12.2.1.9
1.5.53346.10.2.1.7.1.14.1.3
1.5.53367.11.2.1
1.5.53504.8.2.1.3.1.5
1.5.53517.11.2.1.4.3.6.2.5
1.5.53532.25.2.1
1.5.53797.15.2.1.3.1.30.5.11.3
1.5.53999.11.2.1.1.4.16
1.5.54041.7.2.1.6.5.65.17
1.5.54138.20.2.1
1.5.54300.9.2.1.2.2.9.2.11.6
1.5.54317.25.2.1.6.1
1.5.54436.10.2.1
1.5.54486.10.2.1.2.2
1.5.54656.14.2.1.7.2.4.4.12
1.5.54707.7.2.1.7.1.6.6.20
1.5.54815.12.2.1.4.7
1.5.54903.10.2.1.28
1.5.55176.7.2.1.11
1.5.55238.26.2.1.10.1.3.1
1.5.55244.9.2.1.3.1.25.1.1
1.5.55257.5.2.1.4.1.15.1
1.5.55421.8.2.1.11
1.5.55563.11.2.1.2.1
1.5.55807.12.2.1.5
1.5.55842.12.2.1.2.2.5.1.7
1.5.55869.7.2.1.3.3
1.5.56155.13.2.1.22.6.19
1.5.56291.15.2.1.4.1.3.1.2.18
1.5.56336.7.2.1.7
1.5.56477.6.2.1.2
1.5.56572.10.2.1.3.2.7
1.5.56630.12.2.1.2.1.1.1
1.5.56682.9.2.1.16
1.5.56691.7.2.1
1.5.56745.8.2.1
1.5.56781.8.2.1.8.2.5
1.5.56801.9.2.1.8.1.8.11.20
1.5.57114.12.2.1.2.2.39
1.5.57131.13.2.1.21.1.6
1.5.57182.21.2.1
1.5.57331.9.2.1.7.1.12
1.5.57445.10.2.1.30.3
1.5.57581.11.2.1.7.3.10.10
1.5.57584.14.2.1.17.1
1.5.57706.18.2.1.8.2.3.4.8
1.5.57847.13.2.1.5.1
1.5.57852.9.2.1.15
1.5.57989.8.2.1.29.2.5.2
1.5.58113.5.2.1.8.3
1.5.58171.14.2.1.1.2.1
1.5.58181.16.2.1.2.1.1
1.5.58251.31.2.1.6.1
1.5.58313.15.2.1.12.3.43
1.5.58504.10.2.1.4
1.5.58573.11.2.1
1.5.58670.9.2.1.17.2.32.8.18
1.5.58716.12.2.1.3.1.1
1.5.58861.12.2.1
1.5.58888.9.2.1.5.4
1.5.58961.11.2.1.2.1.1
1.5.58970.15.2.1.1
1.5.59022.9.2.1.9.2.5.3.11
1.5.59111.8.2.1
1.5.59474.7.2.1.13.1.1.2.12
1.5.59787.10.2.1.22.2
1.5.59823.13.2.1.1.3.3
1.5.59967.8.2.1.10.2
1.5.60147.8.2.1.20.3.6
1.5.60276.8.2.1.20.1.22.2
1.5.60345.15.2.1.5.2.5
1.5.60483.7.2.1.10.5
1.5.60665.11.2.1.4.3.4.3.11
1.5.60747.10.2.1
1.5.60945.15.2.1.3.1.30.5.11.3
1.5.60957.7.2.1
1.5.61107.9.2.1.7.2.20
1.5.61130.10.2.1
1.5.61139.16.2.1
1.5.61167.11.2.1.8.2
1.5.61266.20.2.1
1.5.61392.5.2.1
1.5.61426.25.2.1.6.1
1.5.61538.10.2.1
1.5.61587.16.2.1.16.6.60.5
1.5.61765.14.2.1.7.2.4.4.12
1.5.61875.8.2.1.11.3.9.3
1.5.62013.10.2.1.28
1.5.62174.10.2.1
1.5.62298.7.2.1.11
1.5.62360.26.2.1.10.1.3.1
1.5.62366.9.2.1.3.1.25.1.1
1.5.62379.5.2.1.4.1.15.1
1.5.62424.15.2.1.5
1.5.62552.8.2.1.11
1.5.63000.12.2.1.6.2
1.5.63028.7.2.1.3.4
1.5.63117.8.2.1.18.8.34
1.5.63300.7.2.1.4
1.5.63310.7.2.1.18
1.5.63375.5.2.1.1.5.3
1.5.63435.8.2.1
1.5.63496.15.2.1.4.1.3.1.18.14
1.5.63677.6.2.1.2
1.5.63778.10.2.1.3.2.7
1.5.63894.9.2.1.16
1.5.63903.7.2.1
1.5.63986.8.2.1.8.2.5
1.5.64005.6.2.1
1.5.64283.11.2.1.22
1.5.64322.12.2.1.2.2.39
1.5.64340.15.2.1.21
1.5.64559.9.2.1.7.1.12
1.5.64804.11.2.1.7.3.10.9
1.5.64807.14.2.1.17.1
1.5.65068.13.2.1.5.1
1.5.65073.9.2.1.15
1.5.65308.8.2.1.9.4
1.5.65316.6.2.1.18
1.5.65354.5.2.1.8.3
1.5.65408.7.2.1.12.1.2
1.5.65419.16.2.1.2.1.1
1.5.65489.31.2.1.6.1
1.5.65570.15.2.1.12.3.30
1.5.65618.7.2.1.2.1.16
1.5.65691.7.2.1
1.5.65839.11.2.1
1.5.65928.9.2.1.17.2.32.8.18
1.5.65969.12.2.1.5
1.5.65995.7.2.1.16.2.15.5
1.5.66135.9.2.1.5.4
1.5.66207.11.2.1.2.1.1
1.5.66216.15.2.1.1
1.5.66268.9.2.1.9.2.5.3.11
1.5.66346.8.2.1.21.4
1.5.66377.8.2.1.5.4.6.1.33
1.5.66471.9.2.1.5.1.3
1.5.66503.7.2.1.13.2
1.5.66596.15.2.1.17.1.6.2
1.5.66696.7.2.1.13.1.1.2.12
1.5.66777.12.2.1.4.3.8.2
1.5.66781.6.2.1.6.2
1.5.66792.17.2.1.12.4
1.5.66994.10.2.1.22.2
1.5.67030.13.2.1.1.3.3
1.5.67157.19.2.1.25.6.12.7.9
1.5.67368.8.2.1.20.3.6
1.5.67506.8.2.1.20.1.22.2
1.5.67575.15.2.1.5.2.5
1.5.67704.21.2.1.1.1.6
1.5.67720.6.2.1.9.9.54.1
1.5.67864.8.2.1.3.1.5
1.5.67877.11.2.1.4.3.4.3.11
1.5.67959.10.2.1
1.5.68168.15.2.1.3.1.29.3.4.1
1.5.68180.7.2.1
1.5.68239.33.2.1
1.5.68364.11.2.1.1.4.16
1.5.68414.11.2.1.12.2
1.5.68505.20.2.1
1.5.68673.25.2.1.6.1
1.5.68815.16.2.1.16.6.60.5
1.5.68956.9.2.1
1.5.68978.21.2.1.13.7.16
1.5.69041.8.2.1.2.1.3.3
1.5.69089.8.2.1.11.3.9.3
1.5.69140.12.2.1.4.7
1.5.69232.10.2.1.28
1.5.69575.8.2.1.2
1.5.69625.15.2.1.5
1.5.69744.8.2.1.11
1.5.69888.11.2.1.2.1
1.5.70153.8.2.1.23.4.4
1.5.70189.20.2.1.8.1
1.5.70211.8.2.1.14.5.68.1
1.5.70301.12.2.1.14
1.5.70484.7.2.1.4
1.5.70494.7.2.1.18
1.5.70559.5.2.1.1.5.3
1.5.70619.8.2.1
1.5.70754.10.2.1.1.1.14.1
1.5.70852.6.2.1.2
1.5.70949.10.2.1.3.2.7
1.5.71020.6.2.1
1.5.71030.11.2.1.6.6
1.5.71066.9.2.1.16
1.5.71075.7.2.1
1.5.71158.8.2.1.8.2.5
1.5.71483.12.2.1.2.2.39
1.5.71501.15.2.1.21
1.5.71692.9.2.1.7.1.12
1.5.71968.11.2.1.7.3.10.10
1.5.71971.14.2.1.17.1
1.6.81.8.2.1.2.1.3
1.6.110.8.2.1.5
1.6.543.8.2.1.5.3.3.3
1.6.596.8.2.1
1.6.638.8.2.1.2
1.6.665.8.2.1.3
1.6.676.8.2.1.4.4.10.5
1.6.683.8.2.1.2.1
1.6.695.8.2.1
1.6.709.8.2.1.1.1.7.3
1.6.826.8.2.1.9.1.2.2.7
1.6.1040.8.2.1.19.1.1
1.6.1042.8.2.1.21.3.5.2
1.6.1083.8.2.1.9.1.1.1
1.6.1101.8.2.1.1.1.8
1.6.1184.8.2.1.13
1.6.1201.8.2.1.10.4.18
1.6.1249.8.2.1.6
1.6.1384.8.2.1.4.2
1.6.1493.8.2.1.2.1.2.2.8
1.6.1563.8.2.1.11.1.6
1.6.1577.8.2.1.16.7
1.6.1781.8.2.1.3.2
1.6.1811.8.2.1.36.1
1.6.2065.8.2.1.4
1.6.2097.8.2.1.4
1.6.2111.8.2.1.35.2.4
1.6.2166.8.2.1
1.6.2192.8.2.1.9.10
1.6.2370.8.2.1.6.3.7
1.6.2438.8.2.1
1.6.2453.8.2.1.8.2.4
1.6.2516.8.2.1.16.3.4.1
1.6.2589.8.2.1
1.6.2625.8.2.1.15.8.24
1.6.2644.8.2.1.9.7.15.1
1.6.2665.8.2.1
1.6.2860.8.2.1.1.2.19
1.6.2918.8.2.1
1.6.3014.8.2.1.2.5
1.6.3039.8.2.1.2.1.12.2.31
1.6.3103.8.2.1.10.5.3.3.20
1.6.3278.8.2.1.9.5.16.1
1.6.3400.8.2.1
1.6.3423.8.2.1.12.2.35
1.6.3446.8.2.1.12.1.2
1.6.3823.8.2.1
1.6.3825.8.2.1.22.7
1.6.3919.8.2.1.2.1.12.1.1.7
1.6.3940.8.2.1.7.4.37.2
1.6.4003.8.2.1.8.1
1.6.4003.8.2.1.10.1.3.3.28
1.6.4026.8.2.1.14.5
1.6.4103.8.2.1.7.7.28.5.5
1.6.4358.8.2.1.12.2.3.1
1.6.4546.8.2.1.15.1.10.3
1.6.4708.8.2.1.29
1.6.4837.8.2.1.2
1.6.4928.8.2.1.4.1.3.2
1.6.4934.8.2.1
1.6.5010.8.2.1.5.1
1.6.5203.8.2.1.2.2.7.2
1.6.5251.8.2.1.10.2.4.3
1.6.5411.8.2.1.4.2
1.6.5421.8.2.1.23.3.15.5
1.6.5436.8.2.1
1.6.5463.8.2.1.62.8.28.1
1.6.5639.8.2.1
1.6.6053.8.2.1.2.2.6.2.5
1.6.6088.8.2.1.7.2
1.6.6100.8.2.1.5.1
1.6.6165.8.2.1.2.1.4.1
1.6.6324.8.2.1.8.3
1.6.6527.8.2.1.15.2.14.6
1.6.6639.8.2.1.6.1.2.3.11.6
1.6.6834.8.2.1.5.1.1.7.13
1.6.6943.8.2.1.14
1.6.7064.8.2.1.24
1.6.7143.8.2.1
1.6.7208.8.2.1.6.4.28
1.6.7396.8.2.1.8.3.14.1.1
1.6.7562.8.2.1.5.1
1.6.7588.8.2.1.23.1.20.6.3
1.6.7791.8.2.1.4
1.6.7816.8.2.1.28
1.6.8118.8.2.1.8.7.21.1.26
1.6.8234.8.2.1.1.1.1.1.19
1.6.8260.8.2.1.7.3.9
1.6.8758.8.2.1
1.6.8802.8.2.1.2
1.6.8833.8.2.1.3
1.6.8844.8.2.1.4.4.10.5
1.6.8851.8.2.1.2.1
1.6.8863.8.2.1
1.6.8877.8.2.1.1.1.7.3
1.6.8998.8.2.1.3
1.6.9055.8.2.1.75.6.29
1.6.9210.8.2.1.19.1.1
1.6.9212.8.2.1.21.3.5.2
1.6.9258.8.2.1
1.6.9284.8.2.1.3
1.6.9376.8.2.1.1.1.3.1.15
1.6.9379.8.2.1.4.3.15
1.6.9404.8.2.1.2.1.1
1.6.9443.8.2.1.8.5.15.2.10
1.6.9604.8.2.1
1.6.9702.8.2.1.2.1.2.2.8
1.6.9772.8.2.1.11.1.6
1.6.9788.8.2.1.10.3
1.6.9907.8.2.1.6.4.18.1.5
1.6.10008.8.2.1
1.6.10022.8.2.1.3.6
1.6.10052.8.2.1.36.1
1.6.10193.8.2.1
1.6.10206.8.2.1.13.4
1.6.10298.8.2.1.4
1.6.10330.8.2.1.4
1.6.10344.8.2.1.35.2.4
1.6.10395.8.2.1.4.2
1.6.10401.8.2.1.5.1.1
1.6.10422.8.2.1.9.5
1.6.10599.8.2.1.6.3.7
1.6.10668.8.2.1
1.6.10683.8.2.1.8.2.4
1.6.10746.8.2.1.16.3.4.1
1.6.10820.8.2.1
1.6.10856.8.2.1.15.8.24
1.6.10872.8.2.1.5.3
1.6.10882.8.2.1.18.2.3
1.6.11094.8.2.1.6
1.6.11116.8.2.1.2.1
1.6.11246.8.2.1.2.5
1.6.11271.8.2.1.2.1.12.2.31
1.6.11335.8.2.1.10.5.3.3.20
1.6.11508.8.2.1
1.6.11639.8.2.1
1.6.11662.8.2.1.12.2.35
1.6.11685.8.2.1.12.1.1
1.6.12039.8.2.1
1.6.12041.8.2.1.22.7
1.6.12172.8.2.1.7.4.37.2
1.6.12226.8.2.1.8.1
1.6.12226.8.2.1.10.1.3.3.28
1.6.12264.8.2.1.9.2
1.6.12293.8.2.1.5.5
1.6.12327.8.2.1.17.1.14
1.6.12582.8.2.1.12.2.3.1
1.6.12656.8.2.1.37.1
1.6.12722.8.2.1.14
1.6.12945.8.2.1.29
1.6.13078.8.2.1.2
1.6.13169.8.2.1.4.1.3.2
1.6.13175.8.2.1
1.6.13255.8.2.1.5.1.9.1
1.6.13428.8.2.1.2.2.7.2
1.6.13476.8.2.1.10.2.4.3
1.6.13634.8.2.1.15.2
1.6.13639.8.2.1.3.1.6.1.15
1.6.13656.8.2.1
1.6.13683.8.2.1.62.8.28.1
1.6.13763.8.2.1.35.3.19.6
1.6.14017.8.2.1.4.1.5.5
1.6.14315.8.2.1.5.1
1.6.14397.8.2.1.4
1.6.14533.8.2.1.19.6
1.6.14746.8.2.1.12.7.22.2
1.6.14873.8.2.1.20
1.6.15058.8.2.1.6
1.6.15065.8.2.1.8
1.6.15183.8.2.1.2.1.10.2.3
1.6.15224.8.2.1
1.6.15253.8.2.1.21.3.6.2
1.6.15309.8.2.1.21.2.1
1.6.15374.8.2.1
1.6.15439.8.2.1.6.4.28
1.6.15806.8.2.1.6
1.6.15827.8.2.1.44.1.20.11.49
1.6.15849.8.2.1.16.6.15
1.6.16018.8.2.1.24.2.7
1.6.16045.8.2.1.27
1.6.16272.8.2.1.27.1.7.2
1.6.16344.8.2.1.8.7.21.1.26
1.6.16458.8.2.1.5.2.5
1.6.16998.8.2.1
1.6.17009.8.2.1.5.1.75.4.30
1.6.17033.8.2.1.8.1.7.2.24
1.6.17056.8.2.1.7
1.6.17063.8.2.1.32.1.3.1
1.6.17066.8.2.1.2.1
1.6.17078.8.2.1
1.6.17092.8.2.1.1.1.7.3
1.6.17211.8.2.1.3
1.6.17357.8.2.1.2.1
1.6.17410.8.2.1.17.2.4
1.6.17463.8.2.1
1.6.17489.8.2.1.3
1.6.17581.8.2.1.1.1.3.1.15
1.6.17586.8.2.1.3.3.6
1.6.17609.8.2.1.2.1.1
1.6.17648.8.2.1.8.5.15.2.10
1.6.17925.8.2.1.2.1.2.2.8
1.6.17995.8.2.1.11.1.6
1.6.18011.8.2.1.10.3
1.6.18183.8.2.1.2.1.11
1.6.18216.8.2.1
1.6.18225.8.2.1.3.1
1.6.18261.8.2.1.9.3
1.6.18400.8.2.1
1.6.18413.8.2.1.13.4
1.6.18495.8.2.1.4
1.6.18527.8.2.1.4
1.6.18541.8.2.1.35.2.4
1.6.18598.8.2.1.5.1.1
1.6.18615.8.2.1.9.5
1.6.18812.8.2.1.2
1.6.18888.8.2.1
1.6.18904.8.2.1.7.4.8
1.6.18967.8.2.1.16.3.4.1
1.6.19051.8.2.1.11.3.23
1.6.19089.8.2.1.4.3.6.3.11
1.6.19328.8.2.1.6
1.6.19471.8.2.1.2.5
1.6.19496.8.2.1.2.1.12.2.31
1.6.19558.8.2.1.16.8.9.7.9
1.6.19728.8.2.1
1.6.19859.8.2.1
1.6.19874.8.2.1.2.1.21
1.6.19886.8.2.1.7.4.19
1.6.19897.8.2.1
1.6.19958.8.2.1.1.1.1.7
1.6.20224.8.2.1.12.2
1.6.20349.8.2.1.7.4.23.2
1.6.20403.8.2.1.8.1
1.6.20403.8.2.1.10.1.3.3.28
1.6.20483.8.2.1.2.1.1.1.3.33
1.6.20504.8.2.1.5
1.6.20769.8.2.1.2.1.3.1
1.6.20828.8.2.1
1.6.20973.8.2.1.15.1.10.3
1.6.21142.8.2.1.15.4.8
1.6.21254.8.2.1.2
1.6.21345.8.2.1.4.1.3.2
1.6.21442.8.2.1.5.1.9.1
1.6.21613.8.2.1.2.2.7.2
1.6.21819.8.2.1.4.2
1.6.21829.8.2.1.23.3.15.5
1.6.21864.8.2.1.4.1.2.2.18
1.6.22006.8.2.1.20
1.6.22024.8.2.1
1.6.22163.8.2.1
1.6.22489.8.2.1.5.1
1.6.22591.8.2.1
1.6.22602.8.2.1.1
1.6.22602.8.2.1.4
1.6.22636.8.2.1.9.8.11
1.6.22726.8.2.1.8.3
1.6.22931.8.2.1.29.3.25.2
1.6.23052.8.2.1.20
1.6.23238.8.2.1.5
1.6.23245.8.2.1.5.1.1.3.4
1.6.23338.8.2.1.2.1.1.2.3
1.6.23386.8.2.1.4.3.10.1
1.6.23406.8.2.1.21.3.6.2
1.6.23456.8.2.1.24
1.6.23532.8.2.1
1.6.23588.8.2.1.20.1.28.5.19
1.6.23976.8.2.1.6
1.6.23997.8.2.1.44.1.20.11.38
1.6.24221.8.2.1.24.2.7
1.6.24237.8.2.1.17.11.28
1.6.24451.8.2.1.27.1.7.2
1.6.24525.8.2.1.8.7.21.1.26
1.6.24668.8.2.1.2.1.3
1.6.24692.8.2.1.4
1.6.25168.8.2.1
1.6.25212.8.2.1.2
1.6.25244.8.2.1.6
1.6.25251.8.2.1.31.1.3.1
1.6.25254.8.2.1.2.1
1.6.25266.8.2.1
1.6.25280.8.2.1.1.1.7.3
1.6.25333.8.2.1.4.2.3.1
1.6.25397.8.2.1.9.1.2.2.7
1.6.25543.8.2.1.2.1
1.6.25603.8.2.1.19.1.1
1.6.25605.8.2.1.21.3.5.2
1.6.25665.8.2.1.3
1.6.25783.8.2.1.7
1.6.25807.8.2.1.14.4
1.6.25837.8.2.1.20.7.21
1.6.26094.8.2.1.2.1.2.2.8
1.6.26164.8.2.1.11.1.6
1.6.26178.8.2.1.16.7
1.6.26391.8.2.1
1.6.26400.8.2.1.3.1
1.6.26436.8.2.1.9.3
1.6.26669.8.2.1.4
1.6.26707.8.2.1.3.2.3
1.6.26729.8.2.1.10.2.4
1.6.26794.8.2.1
1.6.26921.8.2.1.2.1.3
1.6.26989.8.2.1
1.6.26993.8.2.1.2
1.6.27067.8.2.1
1.6.27087.8.2.1
1.6.27133.8.2.1.4.2
1.6.27145.8.2.1.16.3.4.1
1.6.27229.8.2.1.11.3.23
1.6.27267.8.2.1.4.3.6.3.11
1.6.27505.8.2.1.6
1.6.27657.8.2.1.2.5
1.6.27682.8.2.1.2.1.12.2.31
1.6.27739.8.2.1.16.8.9.7.9
1.6.27850.8.2.1.16.3.14.1
1.6.27890.8.2.1.4.4.15
1.6.28060.8.2.1
1.6.28083.8.2.1.12.2.35
1.6.28106.8.2.1.12.1.2
1.6.28487.8.2.1.1.4
1.6.28513.8.2.1.4.3.3
1.6.28582.8.2.1.2.1.12.1.1.7
1.6.28603.8.2.1.7.4.37.2
1.6.28666.8.2.1.8.1
1.6.28666.8.2.1.10.1.3.3.28
1.6.28706.8.2.1.7.2
1.6.28746.8.2.1.5.5
1.6.29037.8.2.1.12.2.3.1
1.6.29447.8.2.1.29
1.6.29523.8.2.1.4.4.10.1
1.6.29566.8.2.1.2
1.6.29657.8.2.1.4.1.3.2
1.6.29663.8.2.1
1.6.29748.8.2.1.5.1.9.1
1.6.29921.8.2.1.2.2.7.2
1.6.29969.8.2.1.10.2.4.3
1.6.30127.8.2.1.15.2
1.6.30132.8.2.1.3.1.6.1.15
1.6.30163.8.2.1.4.1.2.2.16
1.6.30252.8.2.1.1.1.3.2
1.6.30333.8.2.1
1.6.30720.8.2.1
1.6.30734.8.2.1.2.2.6.2.5
1.6.30781.8.2.1.14.1
1.6.30846.8.2.1.2.1.4.1
1.6.30860.8.2.1
1.6.30883.8.2.1.6.3.13
1.6.31002.8.2.1.8.3
1.6.31218.8.2.1.14.8.25.2
1.6.31330.8.2.1.7.1.2.8.18.1
1.6.31393.8.2.1
1.6.31520.8.2.1.5.1.1.7.13
1.6.31637.8.2.1.2.1.19.5.10
1.6.31678.8.2.1
1.6.31707.8.2.1.21.3.6.2
1.6.31754.8.2.1.6
1.6.31811.8.2.1
1.6.31876.8.2.1.6.4.28
1.6.32070.8.2.1.8.3.14.1.1
1.6.32236.8.2.1.5.1
1.6.32262.8.2.1.23.1.20.6.3
1.6.32476.8.2.1.24.2.7
1.6.32502.8.2.1.28.4.9
1.6.32509.8.2.1
1.6.32638.8.2.1.3.2.28.10
1.6.32721.8.2.1.27.1.7.2
1.6.32793.8.2.1.8.7.21.1.26
1.6.32821.8.2.1.3
1.6.32901.8.2.1.2.1.3
1.6.33422.8.2.1
1.6.33437.8.2.1.8
1.6.33440.8.2.1.1
1.6.33483.8.2.1.2
1.6.33505.8.2.1.34
1.6.33512.8.2.1.59.1.3.1
1.6.33515.8.2.1.2.1
1.6.33527.8.2.1
1.6.33541.8.2.1.1.1.7.3
1.6.33594.8.2.1.4.2.3.1
1.6.33658.8.2.1.9.1.2.2.7
1.6.33860.8.2.1.19.1.1
1.6.33862.8.2.1.21.3.5.2
1.6.34004.8.2.1.3
1.6.34013.8.2.1.3.3.6
1.6.34036.8.2.1.2.1.1
1.6.34077.8.2.1.8.5.15.2.10
1.6.34218.8.2.1.4.2
1.6.34330.8.2.1.2.1.2.2.8
1.6.34400.8.2.1.11.1.6
1.6.34414.8.2.1.16.7
1.6.34617.8.2.1
1.6.34626.8.2.1.3.1
1.6.34662.8.2.1.9.3
1.6.34784.8.2.1
1.6.34797.8.2.1.13.4
1.6.34870.8.2.1.3.2.6.1.1
1.6.34902.8.2.1.1.1.46.6
1.6.34924.8.2.1.2.2.4
1.6.34992.8.2.1
1.6.35013.8.2.1.9.5
1.6.35188.8.2.1
1.6.35192.8.2.1.1
1.6.35260.8.2.1
1.6.35275.8.2.1.8.2.4
1.6.35338.8.2.1.16.3.4.1
1.6.35422.8.2.1.11.3.23
1.6.35460.8.2.1.4.3.6.3.11
1.6.35706.8.2.1.6
1.6.35728.8.2.1.2.1
1.6.35863.8.2.1.6.2.8.3
1.6.35888.8.2.1.2.1.12.2.19
1.6.35942.8.2.1.17.8.9.7.9
1.6.36079.8.2.1.4.4.15
1.6.36237.8.2.1
1.6.36252.8.2.1.2.1.21
1.6.36264.8.2.1.7.4.18
1.6.36635.8.2.1
1.6.36637.8.2.1.22.7
1.6.36764.8.2.1.7.4.37.2
1.6.36827.8.2.1.8.1
1.6.36827.8.2.1.10.1.3.3.28
1.6.36865.8.2.1.9.2
1.6.36905.8.2.1.5.5
1.6.36939.8.2.1.17.1.14
1.6.37202.8.2.1.2.1.3.1
1.6.37272.8.2.1.1.1.1.1.1
1.6.37451.8.2.1.3.1.2.2
1.6.37587.8.2.1.15.4.8
1.6.37663.8.2.1.4.4.10.1
1.6.37722.8.2.1.2
1.6.37813.8.2.1.4.1.3.2
1.6.37893.8.2.1.8.4.20.2.16
1.6.37907.8.2.1
1.6.37912.8.2.1.6.9
1.6.38088.8.2.1.2.2.7.2
1.6.38292.8.2.1.4.2
1.6.38302.8.2.1.23.3.15.5
1.6.38339.8.2.1.62.8.28.1
1.6.38513.8.2.1.6.12
1.6.38818.8.2.1
1.6.38908.8.2.1.5
1.6.38954.8.2.1.5.1
1.6.39019.8.2.1.2.1.4.1
1.6.39060.8.2.1.6.3.13
1.6.39195.8.2.1.9
1.6.39521.8.2.1.15
1.6.39599.8.2.1.1
1.6.39734.8.2.1.5
1.6.39741.8.2.1.5.1.1.3.4
1.6.39767.8.2.1.27.4
1.6.39858.8.2.1.2.1.19.5.10
1.6.39899.8.2.1
1.6.39928.8.2.1.21.3.6.2
1.6.39976.8.2.1.24
1.6.40052.8.2.1
1.6.40117.8.2.1.6.4.28
1.6.40474.8.2.1.5.1
1.6.40500.8.2.1.23.1.20.6.3
1.6.40711.8.2.1.24.2.7
1.6.40727.8.2.1.17.11.27
1.6.40952.8.2.1.27.1.7.2
1.6.41028.8.2.1.8.7.21.1.26
1.6.41652.8.2.1.5.3.3.3
1.6.41695.8.2.1
1.6.41733.8.2.1.2
1.6.41775.8.2.1.4.4.10.5
1.6.41782.8.2.1.2.1
1.6.41794.8.2.1
1.6.41808.8.2.1.1.1.7.3
1.6.41925.8.2.1.3
1.6.42074.8.2.1.1.1.11.1
1.6.42139.8.2.1.21.5.12
1.6.42205.8.2.1.3
1.6.42288.8.2.1.13
1.6.42317.8.2.1.2.1.1
1.6.42356.8.2.1.8.5.15.2.10
1.6.42653.8.2.1.2.1.2.2.8
1.6.42723.8.2.1.11.1.6
1.6.43008.8.2.1.9.3
1.6.43130.8.2.1
1.6.43143.8.2.1.13.4
1.6.43238.8.2.1.4
1.6.43276.8.2.1.3.2.3
1.6.43355.8.2.1.5.1.1
1.6.43372.8.2.1.3.1
1.6.43382.8.2.1.8.1.6.5
1.6.43386.8.2.1.8.1.2.1.40
1.6.43488.8.2.1.2.1.3
1.6.43557.8.2.1
1.6.43561.8.2.1.1
1.6.43629.8.2.1
1.6.43649.8.2.1
1.6.43709.8.2.1.16.3.4.1
1.6.43793.8.2.1.11.3.23
1.6.43831.8.2.1.4.3.6.3.11
1.6.44065.8.2.1.6
1.6.44207.8.2.1.6.2.8.3
1.6.44232.8.2.1.2.1.12.2.19
1.6.44296.8.2.1.10.5.3.3.20
1.6.44433.8.2.1.3.3.50.1.3
1.6.44592.8.2.1
1.6.44615.8.2.1.12.2.35
1.6.44638.8.2.1.12.1.2
1.6.44994.8.2.1.20.3.6.2.14.9
1.6.44999.8.2.1
1.6.45102.8.2.1.8.1.1
1.6.45141.8.2.1.7.4.23.2
1.6.45204.8.2.1.8.1
1.6.45204.8.2.1.10.1.3.3.28
1.6.45227.8.2.1.14.5
1.6.45236.8.2.1.10.2
1.6.45276.8.2.1.5.5
1.6.45310.8.2.1.17.1.14
1.6.45468.8.2.1.11.1.8.1
1.6.45553.8.2.1.12.2.3.1
1.6.45764.8.2.1.3.1.2.2
1.6.45992.8.2.1.4.4.10.1
1.6.46035.8.2.1.2
1.6.46126.8.2.1.4.1.3.2
1.6.46212.8.2.1.5.1.9.1
1.6.46394.8.2.1.2.2.7.2
1.6.46578.8.2.1.15.2
1.6.46583.8.2.1.3.1.6.1.15
1.6.46600.8.2.1
1.6.46627.8.2.1.62.8.28.1
1.6.46801.8.2.1.4.7
1.6.46923.8.2.1
1.6.47193.8.2.1.5
1.6.47230.8.2.1.7.2
1.6.47245.8.2.1.20.1
1.6.47310.8.2.1.2.1.4.1
1.6.47347.8.2.1.6.3.13
1.6.47476.8.2.1.19.6
1.6.47788.8.2.1.7.1.2.8.18.1
1.6.47961.8.2.1.5
1.6.47968.8.2.1.5.1.1.3.4
1.6.47994.8.2.1.27.4
1.6.48083.8.2.1.2.1.1.2.3
1.6.48124.8.2.1
1.6.48149.8.2.1.5.2.27.1
1.6.48224.8.2.1.11.7.19.1.1
1.6.48283.8.2.1
1.6.48348.8.2.1.6.4.28
1.6.48531.8.2.1.8.3.14.1.1
1.6.48708.8.2.1.6
1.6.48729.8.2.1.44.1.20.11.49
1.6.48925.8.2.1.2
1.6.48935.8.2.1.9.9.31
1.6.49075.8.2.1.3.3.17.6
1.6.49143.8.2.1.27.1.7.2
1.6.49217.8.2.1.8.7.21.1.26
1.6.49298.8.2.1.6.2
1.6.49374.8.2.1.4
1.6.49885.8.2.1
1.6.49929.8.2.1.2
1.6.49951.8.2.1.34
1.6.49958.8.2.1.59.1.3.1
1.6.49961.8.2.1.2.1
1.6.49973.8.2.1
1.6.49987.8.2.1.1.1.7.3
1.6.50104.8.2.1.9.1.2.2.7
1.6.50149.8.2.1.41.6.29
1.6.50244.8.2.1.2.1
1.6.50304.8.2.1.19.1.1
1.6.50306.8.2.1.21.3.5.2
1.6.50350.8.2.1
1.6.50376.8.2.1.3
1.6.50467.8.2.1.13
1.6.50488.8.2.1.7
1.6.50531.8.2.1.8.5.15.2.10
1.6.50682.8.2.1.4.2
1.6.50848.8.2.1.11.1.6
1.6.51076.8.2.1
1.6.51085.8.2.1.3.1
1.6.51247.8.2.1
1.6.51260.8.2.1.13.4
1.6.51352.8.2.1.4
1.6.51384.8.2.1.4
1.6.51398.8.2.1.35.2.4
1.6.51472.8.2.1.9.5
1.6.51659.8.2.1
1.6.51663.8.2.1.2
1.6.51736.8.2.1
1.6.51756.8.2.1
1.6.51802.8.2.1.4.2
1.6.51814.8.2.1.16.3.4.1
1.6.51888.8.2.1
1.6.51924.8.2.1.15.8.24
1.6.51943.8.2.1.9.7.15.1
1.6.51964.8.2.1
1.6.52159.8.2.1.6
1.6.52299.8.2.1.6.2.8.3
1.6.52324.8.2.1.2.1.12.2.19
1.6.52388.8.2.1.10.5.3.3.20
1.6.52498.8.2.1.16.3.14.1
1.6.52527.8.2.1.4.4.15
1.6.52561.8.2.1
1.6.52696.8.2.1
1.6.52711.8.2.1.2.1.21
1.6.52730.8.2.1.4.1.17
1.6.53078.8.2.1.22.5.14.1.6.7
1.6.53081.8.2.1.29.1
1.6.53204.8.2.1.7.4.37.2
1.6.53267.8.2.1.8.1
1.6.53267.8.2.1.10.1.3.3.28
1.6.53340.8.2.1.5.5
1.6.53374.8.2.1.17.1.14
1.6.53644.8.2.1.12.2.3.1
1.6.53701.8.2.1
1.6.53905.8.2.1.3.1.2.2
1.6.54129.8.2.1.4.4.10.1
1.6.54188.8.2.1.2
1.6.54281.8.2.1.4.1.3.2
1.6.54358.8.2.1.8.4.20.2.16
1.6.54364.8.2.1.19.1.9.1
1.6.54535.8.2.1.2.2.7.2
1.6.54714.8.2.1.4.2
1.6.54724.8.2.1.23.3.15.5
1.6.54755.8.2.1.4.1.2.2.16
1.6.54844.8.2.1.1.1.3.2
1.6.54927.8.2.1
1.6.55066.8.2.1
1.6.55339.8.2.1.18
1.6.55374.8.2.1.14.1
1.6.55475.8.2.1.4
1.6.55619.8.2.1.19.6
1.6.55928.8.2.1.15
1.6.56123.8.2.1.6
1.6.56130.8.2.1.8
1.6.56244.8.2.1.14
1.6.56310.8.2.1.2.2.25.1
1.6.56318.8.2.1
1.6.56372.8.2.1.11.7.19.1.1
1.6.56441.8.2.1
1.6.56478.8.2.1.2
1.6.56500.8.2.1.6.4.22
1.6.56863.8.2.1.6
1.6.56884.8.2.1.44.1.20.11.35
1.6.57116.8.2.1.24.2.7
1.6.57143.8.2.1.28
1.6.57437.8.2.1.8.7.21.1.26
1.6.57465.8.2.1.3
1.6.57558.8.2.1.5.2.5
1.6.57584.8.2.1.5
1.6.58091.8.2.1
1.6.58135.8.2.1.2
1.6.58170.8.2.1.7
1.6.58183.8.2.1
1.6.58192.8.2.1.1.1.29.6
1.6.58317.8.2.1.9.1.2.2.7
1.6.58449.8.2.1.2.1
