1.1.1.16.10.1.1
1.1.1.51.10.1.3
1.1.1.117.9.1.1
1.1.1.131.5.1.2.3.20.7.16
1.1.1.159.8.1.6
1.1.1.217.8.6.6
1.1.1.218.9.2.7
1.1.1.322.5.1.14.4.9.2
1.1.1.421.12.2.2
1.1.1.434.8.2.1
1.1.1.510.5.1.3.2.15.2.30
1.1.1.639.11.3.8.4
1.1.1.659.11.2.2
1.1.1.670.17.3.4
1.1.1.831.5.1.2.2
1.1.1.871.5.1.37.1.2.2.9
1.1.1.921.33.3.2
1.1.1.962.10.2.9
1.1.1.984.14.1.4.10
1.1.1.1040.8.1.7
1.1.1.1114.19.1.7
1.1.1.1128.16.1.2
1.1.1.1171.11.1.4
1.1.1.1178.24.1.1
1.1.1.1201.22.2.17
1.1.1.1237.33.2.6.4.3
1.1.1.1238.49.1.5
1.1.1.1322.11.2.8
1.1.1.1332.8.1.4
1.1.1.1347.26.1.11
1.1.1.1388.13.1.10
1.1.1.1675.42.2.7.1.3.1
1.1.1.1781.21.1.10
1.1.1.1854.10.1.1
1.1.1.1860.32.1.15
1.1.1.1879.8.1.7
1.1.1.1886.17.2.10
1.1.1.1925.10.3.9
1.1.1.1931.24.1.9
1.1.1.1941.9.3.5
1.1.1.2053.5.1
1.1.1.2066.14.2.15.4.13
1.1.1.2128.3
1.1.1.2249.30.1.1
1.1.1.2324.5.1.5
1.1.1.2369.11.2.9
1.1.1.2369.11.4.17
1.1.1.2442.14.1.10
1.1.1.2451.9.1.7
1.1.1.2514.9.1.24
1.1.1.2578.11.1.1
1.1.1.2588.29.3.28.16
1.1.1.2698.5.1.4
1.1.1.2706.10.1.3
1.1.1.2744.12.1.4
1.1.1.2746.9.2.1
1.1.1.2769.11.1.2
1.1.1.2831.20.1.11
1.1.1.2847.27.2.6.4.23.5
1.1.1.2915.14.1.1
1.1.1.2925.29.3.6
1.1.1.2986.10.1.1
1.1.1.2994.26.2.2
1.1.1.3076.9.2.10.3
1.1.1.3089.33.4.5
1.1.1.3199.17.2.8.4
1.1.1.3224.22.2.20
1.1.1.3263.9.1.1
1.1.2.3395.22.1.9
1.1.2.3427.9.1.7
1.1.2.3522.9.3.2
1.1.2.3546.8.1.3
1.1.2.3661.9.3.17
1.1.2.3801.14.1.2
1.1.2.3833.9.2.2
1.1.2.3889.26.5.32
1.1.2.3991.22.1.2
1.1.2.4085.15.3.14
1.1.2.4092.18.1.9
1.1.2.4216.18.2.6.5.9
1.1.2.4266.11.1.4
1.1.2.4273.9.3.12
1.1.2.4276.5.1.6.10
1.1.2.4308.5.1.1.24
1.1.2.4380.14.3.1
1.1.2.4443.9.1.3
1.1.2.4453.5.1.11.2.25
1.1.2.4462.8.2.2
1.1.2.4525.31.1.2
1.1.2.4588.5.1
1.1.2.4607.12.1.9
1.1.2.4691.11.1.2
1.1.2.4788.8.1.1
1.1.2.4817.5.1.1.15.9
1.1.2.4817.12.1.7.19
1.1.2.4827.40.1.19
1.1.2.4849.14.3.2
1.1.2.4909.9.2.6
1.1.2.5023.9.2.6
1.1.2.5104.8.2.1
1.1.2.5152.31.2.20
1.1.2.5236.16.2.5
1.1.2.5421.44.1.1
1.1.2.5425.10.1.3
1.1.2.5505.24.3.6.11
1.1.2.5573.9.1.1
1.1.2.5642.24.2.1
1.1.2.5701.5.1.1.2
1.1.2.5741.10.1.1
1.1.2.5821.12.2.2
1.1.2.5897.11.1.2
1.1.2.5990.12
1.1.2.6031.13.3.8.6
1.1.2.6049.11.2.2
1.1.2.6060.17.3.4
1.1.2.6208.10.1.8
1.1.2.6261.5.1.4.2.8.3.5
1.1.2.6322.9.1.1
1.1.2.6346.10.2.9
1.1.2.6368.14.1.4.10
1.1.2.6484.5.1.22.6.5.1
1.1.2.6505.30.1.12
1.1.2.6563.11.1.4
1.1.2.6570.24.1.1
1.1.2.6593.22.2.17
1.1.2.6628.5.1.4
1.1.2.6685.35.1.14
1.1.2.6751.11.1.2
1.1.2.6776.39.2.1
1.1.2.6880.20.3.10
1.1.2.7043.30.2.7.1.3.1
1.1.2.7165.31.1.11
1.1.2.7238.10.1.1
1.1.2.7244.32.1.15
1.1.2.7263.8.1.7
1.1.2.7270.17.2.10
1.1.2.7440.5.1
1.1.2.7449.14.2.15.4.13
1.1.2.7498.10.1.16
1.1.2.7499.18.2.5
1.1.2.7516.3
1.1.2.7695.10.1.4
1.1.2.7714.5.1.6.3.19.4.9
1.1.2.7720.5.1.7.6
1.1.2.7732.9.1.1
1.1.2.7768.40.1.2
1.1.2.7842.14.1.10
1.1.2.7851.9.1.7
1.1.2.7911.9.1.24
1.1.2.7931.17.1.29
1.1.2.7986.29.3.28.16
1.1.2.8101.5.1.4
1.1.2.8109.10.1.3
1.1.2.8223.20.1.11
1.1.2.8239.27.2.6.4.23.5
1.1.2.8384.12.1.2
1.1.2.8470.9.2.10.3
1.1.2.8483.33.4.5
1.1.2.8566.12.1.1
1.1.2.8778.11.3.2
1.1.2.8801.22.1.9
1.1.2.8826.9.1.7
1.1.2.8952.8.1.3
1.1.2.9031.19.3.1
1.1.2.9035.10.2.6
1.1.2.9109.10.2.9
1.1.2.9112.12.1.9
1.1.2.9112.12.2.13
1.1.2.9224.14.1.2
1.1.2.9256.9.2.2
1.1.2.9316.16.1.6
1.1.2.9415.22.1.2
1.1.2.9451.12.3.2
1.1.2.9520.15.3.14
1.1.2.9527.18.1.9
1.1.2.9647.5.1.2.1.1
1.1.2.9693.11.1.4
1.1.2.9737.5.1.1.32
1.1.2.9750.10.1.17
1.1.2.9763.34.2.5
1.1.2.9875.27.1.4.2
1.1.2.10035.5.1
1.1.2.10054.12.1.9
1.1.2.10158.12.2.10
1.1.2.10262.8.1.1
1.1.2.10291.5.1.1.15.9
1.1.2.10291.12.1.7.19
1.1.2.10301.40.1.19
1.1.2.10323.14.3.2
1.1.2.10578.12.1.2
1.1.2.10589.8.2.1
1.1.2.10663.58.2.20
1.1.2.10683.21.2.5
1.1.2.10818.11.2.6
1.1.2.10982.9.1.1
1.1.2.10996.5.1.2.3.20.7.16
1.1.2.11024.8.1.6
1.1.2.11082.8.6.6
1.1.2.11083.9.2.7
1.1.2.11194.5.1.14.4.9.2
1.1.2.11385.11.1.2
1.1.2.11474.3
1.1.2.11525.11.3.8.4
1.1.2.11545.11.2.2
1.1.2.11556.17.3.4
1.1.2.11679.8.1.1
1.1.2.11707.10.1.8
1.1.2.11715.3
1.1.2.11734.19.4.18.11.12.2
1.1.2.11735.42.1.8
1.1.2.11738.5.1.4.2.6.3.5
1.1.2.11794.25.1.14
1.1.2.11827.14.1.4.10
1.1.2.11973.16.1.2
1.1.2.12016.11.1.4
1.1.2.12045.22.2.17
1.1.2.12082.27.4.1
1.1.2.12083.5.1.2.3.5
1.1.2.12083.10.1.7
1.1.2.12135.35.1.14
1.1.2.12186.13.1.8
1.1.2.12252.14
1.1.2.12504.42.2.7.1.3.1
1.1.2.12614.31.1.11
1.1.2.12685.10.1.1
1.1.2.12691.32.1.15
1.1.2.12838.58.2.5
1.1.2.12846.15.4.7.2.10.2
1.1.2.12903.12.2.8
1.1.2.12918.10.1.16
1.1.2.12919.18.2.5
1.1.2.12936.3
1.1.2.13056.30.1.1
1.1.2.13130.9.1.4.4
1.1.2.13334.9.1.24
1.1.2.13345.17.1.18
1.1.2.13408.5.1.7.2.15.4.5
1.1.2.13478.5.1.4
1.1.2.13527.9.2.1
1.1.2.13611.20.1.11
1.1.2.13627.27.2.6.4.23.5
1.1.2.13868.9.2.10.3
1.1.2.13881.33.4.5
1.1.2.14080.9.1.25
1.1.2.14188.22.1.9
1.1.2.14203.5.1
1.1.2.14203.12.1.4
1.1.2.14218.48.1.16
1.1.2.14311.9.3.2
1.1.2.14335.8.1.3
1.1.2.14418.20.1.12
1.1.2.14419.8.1.2
1.1.2.14423.10.2.6
1.1.2.14476.9.3.17
1.1.2.14547.12.2.5
1.1.2.14650.9.2.2
1.1.2.14784.22.1.2
1.1.2.14821.12.3.2
1.1.2.15028.5.1.2.1.1
1.1.2.15074.11.1.4
1.1.2.15081.9.3.12
1.1.2.15084.5.1.6.10
1.1.2.15119.5.1.1.24
1.1.2.15132.10.1.17
1.1.2.15266.8.2.2
1.1.3.15350.48.1.2
1.1.3.15411.5.1
1.1.3.15537.12.2.10
1.1.3.15668.54.2.26.22.35.2.65
1.1.3.15731.50.4.1
1.1.3.15762.9.2.6
1.1.3.15951.12.1.2
1.1.3.15962.8.2.1
1.1.3.15999.19.2.14
1.1.3.16030.58.2.20
1.1.3.16222.13.3.6
1.1.3.16319.9.1.1
1.1.3.16333.5.1.2.3.20.7.16
1.1.3.16361.8.1.6
1.1.3.16419.8.6.6
1.1.3.16420.9.2.7
1.1.3.16531.5.1.14.4.9.2
1.1.3.16797.10.1.16
1.1.3.16806.5.1.2.1
1.1.3.16848.11.3.8.4
1.1.3.16880.27.1.4
1.1.3.17027.10.1.8
1.1.3.17035.3
1.1.3.17075.5.1.37.1.2.2.9
1.1.3.17151.10.2.9
1.1.3.17173.14.1.4.10
1.1.3.17234.8.1.7
1.1.3.17265.15.2.1
1.1.3.17352.11.1.4
1.1.3.17359.24.1.1
1.1.3.17416.27.4.1
1.1.3.17417.5.1.2.3.5
1.1.3.17417.10.1.7
1.1.3.17478.35.1.14
1.1.3.17506.5.1
1.1.3.17512.8.1.4
1.1.3.17527.26.1.11
1.1.3.17548.11.1.2
1.1.3.17566.5.1.4.2.5.5
1.1.3.17709.13.1.3
1.1.3.17721.9.1.4
1.1.3.17777.5.1.2.6.13.4
1.1.3.17970.31.1.11
1.1.3.18043.10.1.1
1.1.3.18049.32.1.15
1.1.3.18224.5.1.4.7.8.3
1.1.3.18272.11.1.20
1.1.3.18318.10.1.16
1.1.3.18319.18.2.5
1.1.3.18336.3
1.1.3.18457.30.1.1
1.1.3.18531.5.1.6.3.20.4.12
1.1.3.18537.5.1.7.6
1.1.3.18549.9.1.1
1.1.3.18585.40.1.2
1.1.3.18659.14.1.10
1.1.3.18668.9.1.7
1.1.3.18826.5.1.7.2.15.4.5
1.1.3.18896.5.1.4
1.1.3.18904.10.1.3
1.1.3.19030.20.1.11
1.1.3.19046.27.2.6.4.23.5
1.1.3.19183.10.1.1
1.1.3.19191.26.2.2
1.1.3.19273.9.2.10.3
1.1.3.19286.33.4.5
1.1.3.19369.12.1.1
1.1.3.19444.22.2.20
1.1.3.19509.9.1.25
1.1.3.19554.5.1
1.1.3.19556.17.6.6
1.1.3.19596.27.2.5
1.1.3.19604.11.3.2
1.1.3.19627.22.1.9
1.1.3.19642.5.1
1.1.3.19642.12.1.4
1.1.3.19657.48.1.16
1.1.3.19781.8.1.3
1.1.3.19860.19.3.1
1.1.3.19864.10.2.6
1.1.3.19912.9.3.17
1.1.3.19974.12.2.5
1.1.3.20049.14.1.2
1.1.3.20081.9.2.2
1.1.3.20134.16.1.6
1.1.3.20168.5.1.34.2
1.1.3.20252.12.3.2
1.1.3.20371.12
1.1.3.20461.18.1.6
1.1.3.20480.5.1.2.1.1
1.1.3.20546.9.3.12
1.1.3.20549.5.1.6.10
1.1.3.20584.5.1.1.24
1.1.3.20646.14.3.1
1.1.3.20668.8.11.1
1.1.3.20706.9.1.3
1.1.3.20716.5.1.11.2.25
1.1.3.20725.8.2.2
1.1.3.20879.5.1
1.1.3.20898.12.1.9
1.1.3.20979.23.2.11
1.1.3.20996.12.2.10
1.1.3.21065.10.3.13
1.1.3.21090.14.1.3
1.1.3.21107.18.2.2
1.1.3.21131.54.2.26.22.34.2.3
1.1.3.21166.14.3.2
1.1.3.21430.21.2.2
1.1.3.21431.11.1.1
1.1.3.21469.31.2.20
1.1.3.21500.58.2.20
1.1.3.21520.21.2.5
1.1.3.21638.11.2.6
1.1.3.21691.10.1.1
1.1.3.21726.10.1.3
1.1.3.21792.9.1.1
1.1.3.21806.5.1.2.3.20.7.16
1.1.3.21834.8.1.6
1.1.3.21884.9.1.1
1.1.3.21934.19.1.34
1.1.3.21934.19.2.39
1.1.3.21996.5.1.14.4.9.2
1.1.3.22032.10.1.1
1.1.3.22155.10.1.12
1.1.3.22156.19.1.18
1.1.3.22274.10.1.16
1.1.3.22283.5.1.2.1
1.1.3.22325.11.3.8.4
1.1.3.22345.11.2.2
1.1.3.22356.17.3.4
1.1.3.22501.10.1.8
1.1.3.22509.3
1.1.3.22546.5.1.3
1.1.3.22596.33.3.2
1.1.3.22759.5.1.22.6.5.1
1.1.3.22768.8.1.15
1.1.3.22776.9.1.28
1.1.3.22867.11.1.4
1.1.3.22874.24.1.1
1.1.3.22897.22.2.17
1.1.3.22937.15.2.6
1.1.3.22938.10.2.4
1.1.3.23025.5.1
1.1.3.23031.8.1.4
1.1.3.23046.26.1.11
1.1.3.23222.13.1.3
1.1.3.23234.9.1.4
1.1.3.23290.5.1.2.6.13.4
1.1.3.23376.24.2.9.5.32
1.1.3.23548.10.1.1
1.1.3.23554.32.1.15
1.1.3.23573.8.1.7
1.1.3.23580.17.2.10
1.1.3.23706.58.2.5
1.1.3.23714.15.4.7.2.11.2
1.1.3.23749.5.1
1.1.3.23758.14.2.15.4.13
1.1.3.23803.10.1.16
1.1.3.23804.18.2.5
1.1.3.23821.3
1.1.3.23938.30.1.1
1.1.3.24013.5.1.5
1.1.3.24058.11.2.9
1.1.3.24058.11.4.17
1.1.3.24131.14.1.10
1.1.3.24140.9.1.7
1.1.3.24175.18.1.2
1.1.3.24272.11.1.1
1.1.3.24288.22.2.10.1.8
1.1.3.24314.17.2.1
1.1.3.24322.50.1.6
1.1.3.24330.11.1.5
1.1.3.24377.5.1.4
1.1.3.24385.10.1.3
1.1.3.24508.20.1.11
1.1.3.24524.27.2.6.4.23.5
1.1.3.24594.11.1.12
1.1.3.24668.12.1.2
1.1.3.24747.9.2.10.3
1.1.3.24760.33.4.5
1.1.3.24797.17.1.14.16
1.1.3.24829.52.1.1
1.1.3.24873.73.1.11.9
1.1.3.24942.9.1.1
1.1.3.25106.9.1.7
1.1.3.25235.8.1.3
1.1.3.25314.19.3.1
1.1.3.25318.10.2.6
1.1.3.25366.9.3.17
1.1.3.25498.14.1.2
1.1.3.25530.9.2.2
1.1.3.25623.20.4.6.6
1.1.3.25706.12.3.2
1.1.3.25775.15.3.14
1.1.3.25782.18.1.9
1.1.3.25904.5.1.2.1.1
1.1.3.25963.9.3.39
1.1.3.25966.5.1.6.44
1.1.3.25998.5.1.1.24
1.1.3.26064.14.3.1
1.1.3.26086.8.11.1
1.1.3.26114.27.1.4.2
1.1.3.26127.8.2.2
1.1.3.26281.5.1
1.1.3.26372.39.1.10
1.1.3.26411.12.2.10
1.1.3.26542.54.2.26.22.35.2.65
1.1.3.26605.50.4.1
1.1.3.26636.9.2.6
1.1.3.26688.17.1.4
1.1.3.26828.8.2.1
1.1.3.26893.18.1.11
1.1.3.27002.9.1.1
1.1.3.27023.30.1.12
1.1.3.27030.24.1.2
1.1.3.27043.11.2.6
1.1.3.27092.10.1.1
1.1.3.27128.10.1.3
1.1.3.27196.9.1.1
1.1.3.27210.5.1.2.3.20.7.16
1.1.3.27238.8.1.6
1.1.3.27304.9.1.1
1.1.3.27417.5.1.1.2
1.1.3.27457.10.1.1
1.1.3.27582.10.1.13
1.1.3.27714.3
1.1.3.27762.11.3.8.4
1.1.3.27782.11.2.2
1.1.3.27793.17.3.4
1.1.3.27896.9.2.26
1.1.3.27988.5.1.37.1.2.2.9
1.1.3.28112.12.2.11
1.1.3.28188.5.1.22.6.5.1
1.1.3.28197.8.1.15
1.1.3.28205.9.1.28
1.1.3.28284.11.1.4
1.1.3.28291.24.1.1
1.1.3.28314.22.2.17
1.1.3.28352.27.4.1
1.1.3.28353.5.1.2.3.5
1.1.3.28353.10.1.7
1.1.3.28414.35.1.14
1.1.3.28480.11.1.2
1.1.4.9.22.2.1
1.1.4.33.6
1.1.4.136.13.1.3
1.1.4.148.9.1.4
1.1.4.204.5.1.2.6.13.4
1.1.4.291.42.2.7.1.3.1
1.1.4.400.31.1.11
1.1.4.471.10.1.1
1.1.4.477.32.1.15
1.1.4.496.8.1.7
1.1.4.503.17.2.10
1.1.4.563.9.2.6
1.1.4.631.58.2.5
1.1.4.639.15.4.7.2.10.2
1.1.4.735.3
1.1.4.851.30.1.1
1.1.4.926.5.1.5
1.1.4.971.11.2.9
1.1.4.971.11.4.17
1.1.4.1094.18.1.2
1.1.4.1153.11.3.1
1.1.4.1154.12.3.2
1.1.4.1186.11.1.1
1.1.4.1196.29.3.28.16
1.1.4.1277.8.1.3
1.1.4.1358.10.1.9
1.1.4.1445.20.1.11
1.1.4.1461.27.2.6.4.23.5
1.1.4.1604.16.3.6
1.1.4.1616.26.2.2
1.1.4.1698.9.2.10.3
1.1.4.1711.33.4.5
1.1.4.1796.12.1.1
1.1.4.1999.11.3.2
1.1.4.2022.22.1.9
1.1.4.2054.9.1.7
1.1.4.2151.9.3.2
1.1.4.2173.8.1.3
1.1.4.2251.20.1.12
1.1.4.2252.8.1.2
1.1.4.2256.10.2.6
1.1.4.2304.9.3.17
1.1.4.2366.12.2.5
1.1.4.2530.16.1.6
1.1.4.2632.22.1.2
1.1.4.2666.12.3.2
1.1.4.2783.12
1.1.4.2873.18.1.6
1.1.4.2893.5.1.2.1.1
1.1.4.2987.5.1.1.24
1.1.4.3053.14.3.1
1.1.4.3113.5.1.3.6.20
1.1.4.3185.31.1.2
1.1.4.3248.5.1
1.1.4.3267.5.1.5.2
1.1.4.3471.8.1.1
1.1.4.3495.54.2.26.22.33.2.29
1.1.4.3661.18.3.5
1.1.4.3801.8.2.1
1.1.4.3930.16.2.5
1.1.4.4020.11.2.6
1.1.4.4111.10.1.3
1.1.4.4177.9.1.1
1.1.4.4191.5.1.2.3.20.7.16
1.1.4.4219.8.1.6
1.1.4.4387.5.1.1.2
1.1.4.4515.12.2.2
1.1.4.4528.8.2.1
1.1.4.4606.11.1.2
1.1.4.4686.10.1.16
1.1.4.4731.8.3.1
1.1.4.4751.11.2.2
1.1.4.4762.17.3.4
1.1.4.4896.10.1.8
1.1.4.4904.3
1.1.4.4937.5.1.4.2.8.3.5
1.1.4.5071.12.2.11
1.1.4.5147.5.1.22.6.5.1
1.1.4.5168.30.1.12
1.1.4.5236.11.1.4
1.1.4.5243.24.1.1
1.1.4.5310.15.2.6
1.1.4.5311.10.2.4
1.1.4.5422.13.1.8
1.1.4.5613.29.2.6
1.1.4.5764.42.2.7.1.3.1
1.1.4.5835.15.1.2
1.1.4.5880.31.1.11
1.1.4.5946.10.1.1
1.1.4.5952.32.1.15
1.1.4.5971.8.1.7
1.1.4.5978.17.2.10
1.1.4.6017.10.3.9
1.1.4.6023.24.1.9
1.1.4.6033.9.3.5
1.1.4.6140.5.1
1.1.4.6203.3
1.1.4.6302.24.2
1.1.4.6314.43.1.1
1.1.4.6381.5.1.9
1.1.4.6537.9.1.16
1.1.4.6641.11.1.1
1.1.4.6651.29.3.28.16
1.1.4.6756.5.1.4
1.1.4.6764.10.1.3
1.1.4.6846.9.1.10
1.1.4.6851.8.1.2
1.1.4.6898.20.1.11
1.1.4.6914.27.2.6.4.23.5
1.1.4.7139.9.2.10.3
1.1.4.7152.33.4.5
1.1.4.7213.15.1.16
1.1.4.7213.15.1.17
1.1.4.7236.12.1.1
1.1.4.7268.73.1.11.9
1.1.4.7430.11.3.2
1.1.4.7476.9.1.7
1.1.4.7557.18.1.2
1.1.4.7572.25.1.1
1.1.4.7596.5.1
1.1.4.7669.10.2.6
1.1.4.7688.11.4.5
1.1.4.7713.9.3.17
1.1.4.7821.11.1.6.5
1.1.4.7873.9.2.2
1.1.4.7987.5.1
1.1.4.8118.9.1.4
1.1.4.8272.5.1.2.1.1
1.1.4.8512.9.1.3
1.1.4.8522.5.1.11.2.25
1.1.4.8531.8.2.2
1.1.4.8594.31.1.2
1.1.4.8655.5.1
1.1.4.8836.10.3.13
1.1.4.8861.14.1.3
1.1.4.8878.18.2.2
1.1.4.8902.54.2.26.22.34.2.3
1.1.4.8937.14.3.2
1.1.4.8970.50.4.1
1.1.4.9001.9.2.6
1.1.4.9121.9.2.6
1.1.4.9208.8.2.1
1.1.4.9256.31.2.20
1.1.4.9287.58.2.20
1.1.4.9307.21.2.5
1.1.4.9429.11.2.6
1.1.4.9484.10.1.1
1.1.4.9519.10.1.3
1.1.4.9599.24.3.6.11
1.1.4.9676.8.6.6
1.1.4.9677.9.2.7
1.1.4.9737.24.2.1
1.1.4.9740.10.1.12
1.1.4.9782.5.1.14.4.9.2
1.1.4.9818.10.1.1
1.1.4.9900.12.2.2
1.1.4.9937.10.1.13
1.1.4.9938.19.1.19
1.1.4.9971.5.1.3.2.9.2.22
1.1.4.10100.11.3.8.4
1.1.4.10121.9.2.9
1.1.4.10126.14.2.7
1.1.4.10126.14.2.10
1.1.4.10257.13.1.6
1.1.4.10264.10.1.8
1.1.4.10272.3
1.1.4.10305.5.1.4.2.8.3.5
1.1.4.10361.25.1.14
1.1.4.10372.25.1.10
1.1.4.10388.14.1.4.10
1.1.4.10444.8.1.7
1.1.4.10490.5.1.22.6.5.1
1.1.4.10499.8.1.15
1.1.4.10507.9.1.28
1.1.4.10588.11.1.4
1.1.4.10623.22.2.17
1.1.4.10658.33.2.6.4.3
1.1.4.10659.49.1.5
1.1.4.10742.11.2.8
1.1.4.10752.8.1.4
1.1.4.10767.26.1.11
1.1.4.10933.20.3.10
1.1.4.10941.13.1.3
1.1.4.10953.9.1.4
1.1.4.11292.10.1.1
1.1.4.11298.32.1.15
1.1.4.11317.8.1.7
1.1.4.11324.17.2.10
1.1.4.11500.5.1
1.1.4.11509.14.2.15.4.13
1.1.4.11568.3
1.1.4.11689.30.1.1
1.1.4.11764.5.1.5
1.1.4.11809.11.2.9
1.1.4.11809.11.4.17
1.1.4.11879.11.1.3
1.1.4.11926.18.1.2
1.1.4.11988.11.3.1
1.1.4.11989.12.3.2
1.1.4.12012.11.1.1
1.1.4.12028.22.2.10.1.8
1.1.4.12113.16.1.4.6
1.1.4.12166.10.1.9
1.1.4.12249.20.1.11
1.1.4.12265.27.2.6.4.23.5
1.1.4.12408.16.3.6
1.1.4.12420.26.2.2
1.1.4.12502.9.2.10.3
1.1.4.12515.33.4.5
1.1.4.12584.52.1.1
1.1.4.12602.13.1.3
1.1.4.12805.11.3.2
1.1.4.12828.22.1.9
1.1.4.12853.9.1.7
1.1.4.12974.8.1.3
1.1.4.13113.10.2.9
1.1.4.13116.12.1.9
1.1.4.13116.12.2.13
1.1.4.13227.14.1.2
1.1.4.13259.9.2.2
1.1.4.13310.16.1.6
1.1.4.13351.5.1.34.2
1.1.4.13397.22.1.2
1.1.4.13531.12
1.1.4.13621.18.1.6
1.1.4.13641.5.1.2.1.1
1.1.4.13707.9.3.12
1.1.4.13710.5.1.6.10
1.1.4.13742.5.1.1.24
1.1.4.13755.10.1.17
1.1.4.13885.27.1.4.2
1.1.4.13976.48.1.2
1.1.4.14039.5.1
1.1.4.14058.12.1.9
1.1.4.14138.11.1.2
1.1.4.14152.12.2.10
1.1.4.14256.8.1.1
1.1.4.14280.54.2.26.22.33.2.29
1.1.4.14428.47.1.4
1.1.4.14644.18.1.11
1.1.4.14712.16.2.5
1.1.4.14779.30.1.12
1.1.4.14786.24.1.2
1.1.4.14807.11.2.6
1.1.4.14970.9.1.1
1.1.4.14984.5.1.2.3.20.7.16
1.1.4.15012.8.1.6
1.1.4.15070.8.6.6
1.1.4.15071.9.2.7
1.1.4.15182.5.1.14.4.9.2
1.1.4.15359.5.1.3.2.15.2.30
1.1.4.15435.10.1.16
1.1.4.15444.5.1.2.1
1.1.4.15487.11.3.8.4
1.1.4.15507.11.2.2
1.1.4.15518.17.3.4
1.1.4.15716.5.1.3
1.1.4.15768.25.1.14
1.1.4.15802.5.1.7
1.1.4.15825.5.1
1.1.4.15832.9.1.8
1.1.4.15938.30.1.12
1.1.4.15996.11.1.4
1.1.4.16003.24.1.1
1.1.4.16054.33.2.6.4.3
1.1.4.16055.49.1.5
1.1.4.16115.35.1.14
1.1.4.16142.5.1
1.1.4.16148.8.1.4
1.1.4.16187.11.1.2
1.1.4.16212.39.2.1
1.1.4.16236.6
1.1.4.16315.13.1.3
1.1.4.16327.9.1.4
1.1.4.16585.21.1.10
1.1.4.16650.10.1.1
1.1.4.16656.32.1.15
1.1.4.16742.9.2.6
1.1.4.16859.5.1
1.1.4.16868.14.2.15.4.13
1.1.4.16923.3
1.1.4.17023.24.2
1.1.4.17035.43.1.1
1.1.4.17102.5.1.9
1.1.4.17332.11.3.1
1.1.4.17333.12.3.2
1.1.4.17356.11.1.1
1.1.4.17366.29.3.28.16
1.1.4.17472.5.1.4
1.1.4.17537.11.1.2
1.1.4.17554.3
1.1.4.17616.20.1.11
1.1.4.17632.27.2.6.4.23.5
1.1.4.17708.34.1.10
1.1.4.17862.9.2.10.3
1.1.4.17875.33.4.5
1.1.4.17987.73.1.11.9
1.1.4.18056.9.1.1
1.1.4.18190.22.1.9
1.1.4.18205.5.1
1.1.4.18205.12.1.4
1.1.4.18220.48.1.16
1.1.4.18340.8.1.3
1.1.4.18460.9.3.17
1.1.4.18592.14.1.2
1.1.4.18789.22.1.2
1.1.4.18873.15.3.14
1.1.4.18880.18.1.9
1.1.4.18992.18.1.6
1.1.4.19012.5.1.2.1.1
1.1.4.19102.5.1.1.24
1.1.4.19115.10.1.17
1.1.4.19230.27.1.4.2
1.1.4.19243.8.2.2
1.1.4.19328.48.1.2
1.1.4.19389.5.1
1.1.4.19483.9.1.5
1.1.4.19503.11.1.2
1.1.4.19604.8.1.1
1.1.4.19633.5.1.1.15.9
1.1.4.19633.12.1.7.19
1.1.4.19643.40.1.19
1.1.4.19740.9.2.6
1.1.4.19961.5.1
1.1.4.20023.58.2.20
1.1.4.20043.21.2.5
1.1.4.20174.11.2.6
1.1.4.20228.13.1.2
1.1.4.20252.44.1.1
1.1.4.20256.10.1.3
1.1.4.20322.9.1.1
1.1.4.20336.5.1.2.3.20.7.16
1.1.4.20364.8.1.6
1.1.4.20414.9.1.1
1.1.4.20467.19.1.34
1.1.4.20467.19.2.39
1.1.4.20531.9.2.4
1.1.4.20570.10.1.1
1.1.4.20739.5.1.3.2.15.2.30
1.1.4.20795.10.1.2
1.1.4.20862.11.3.8.4
1.1.4.20882.11.2.2
1.1.4.20891.27.1.4
1.1.4.21047.10.1.8
1.1.4.21055.3
1.1.4.21090.5.1.4.2.8.3.5
1.1.4.21146.25.1.14
1.1.4.21179.14.1.4.10
1.1.4.21211.8.1.1
1.1.4.21215.18.3
1.1.4.21300.5.1.22.6.5.1
1.1.4.21309.8.1.15
1.1.4.21317.9.1.28
1.1.4.21399.11.1.4
1.1.4.21406.24.1.1
1.1.4.21457.33.2.6.4.3
1.1.4.21458.49.1.5
1.1.4.21517.35.1.14
1.1.4.21545.5.1
1.1.4.21551.8.1.4
1.1.4.21566.26.1.11
1.1.4.21587.11.1.2
1.1.4.21723.20.3.10
1.1.4.21751.29.2.6
1.1.4.22019.31.1.11
1.1.4.22085.10.1.1
1.1.4.22091.32.1.15
1.1.4.22252.17.4.5.11.15.3.16.9
1.1.4.22296.5.1
1.1.4.22368.3
1.1.4.22489.30.1.1
1.1.4.22560.5.1.9
1.1.4.22820.11.1.1
1.1.4.22830.29.3.28.16
1.1.4.22928.16.1.4.6
1.1.4.22981.10.1.9
1.1.4.22994.10.1.2
1.1.4.23025.5.1.1.1.5.3
1.1.4.23075.20.1.11
1.1.4.23091.27.2.6.4.23.5
1.1.4.23159.14.1.1
1.1.4.23225.10.1.1
1.1.4.23303.9.2.10.3
1.1.4.23316.33.4.5
1.1.4.23399.12.1.1
1.1.4.23611.11.3.2
1.1.4.23634.22.1.9
1.1.4.23649.5.1
1.1.4.23649.12.1.4
1.1.4.23664.48.1.16
1.1.4.23756.9.3.2
1.1.4.23780.8.1.3
1.1.4.23916.10.2.9
1.1.4.23919.12.1.9
1.1.4.23919.12.2.13
1.1.4.24007.11.1.6.5
1.1.4.24059.9.2.2
1.1.4.24112.16.1.6
1.1.4.24146.5.1.34.2
1.1.4.24230.12.3.2
1.1.4.24280.9.1.4
1.1.4.24425.18.1.6
1.1.4.24444.5.1.2.1.1
1.1.4.24512.13.1.8
1.1.4.24672.9.1.3
1.1.4.24685.5.1.1
1.1.4.24697.8.2.2
1.1.4.24851.5.1
1.1.4.25079.8.1.1
1.1.4.25103.54.2.26.22.33.2.29
1.1.4.25138.14.3.2
1.1.4.25171.50.4.1
1.1.4.25202.9.2.6
1.1.4.25362.10.1.6
1.1.4.25413.21.2.2
1.1.4.25414.11.1.1
1.1.4.25474.58.2.20
1.1.4.25494.21.2.5
1.1.4.25619.3
1.1.4.25782.9.2.11
1.1.4.25784.29.2.27
1.1.4.25787.5.1.6
1.1.4.25818.8.1.6
1.1.4.25868.9.1.1
1.1.4.26034.10.1.1
1.1.4.26203.5.1.3.2.9.2.13
1.1.4.26248.10.1.2
1.1.4.26291.3
1.1.4.26339.11.3.8.4
1.1.4.26373.17.3.4
1.1.4.26578.5.1.37.1.2.2.9
1.1.4.26703.12.2.11
1.1.4.26779.5.1.22.6.5.1
1.1.4.26864.11.1.4
1.1.4.26871.24.1.1
1.1.4.26938.15.2.6
1.1.4.26939.10.2.4
1.1.4.26995.35.1.14
1.1.4.27064.11.1.2
1.1.4.27224.13.1.3
1.1.4.27236.9.1.4
1.1.4.27393.30.2.7.1.3.1
1.1.4.27515.31.1.11
1.1.4.27581.10.1.1
1.1.4.27587.32.1.15
1.1.4.27796.5.1
1.1.4.27805.14.2.15.4.13
1.1.4.27854.10.1.16
1.1.4.27855.18.2.5
1.1.4.27872.3
1.1.4.27971.24.2
1.1.4.27983.43.1.1
1.1.4.28047.9.1.4.4
1.1.4.28261.11.3.1
1.1.4.28262.12.3.2
1.1.4.28287.11.1.1
1.1.4.28297.29.3.28.16
1.1.4.28410.5.1.4
1.1.4.28418.10.1.3
1.1.4.28456.12.1.4
1.1.4.28458.9.2.1
1.1.4.28542.20.1.11
1.1.4.28558.27.2.6.4.23.5
1.1.4.28790.9.2.10.3
1.1.4.28803.33.4.5
1.1.4.28865.52.1.1
1.1.4.28908.73.1.11.9
1.1.4.28937.22.2.20
1.1.4.28976.9.1.1
1.1.4.29067.27.2.5
1.1.4.29075.11.3.2
1.1.4.29097.8.2.1
1.1.4.29133.9.1.7
1.1.4.29212.18.1.2
1.1.4.29214.39.1.1
1.1.4.29215.16.1.8
1.1.4.29253.5.1
1.1.4.29324.10.2.6
1.1.4.29377.9.3.17
1.1.4.29447.8.1.4
1.1.4.29519.14.1.2
1.1.4.29551.9.2.2
1.1.4.29649.20.4.6.6
1.1.4.29700.22.1.2
1.1.4.29792.15.3.14
1.1.4.29799.18.1.9
1.1.4.29924.5.1.2.1.1
1.1.4.29997.5.1.6.6
1.1.4.30029.5.1.1.25
1.1.4.30041.17.2.1
1.1.4.30170.5.1.2.1.20.1.4
1.1.4.30181.39.2.2
1.1.4.30266.48.1.2
1.1.4.30327.5.1
1.1.4.30346.5.1.5.2
1.1.4.30446.12.2.10
1.1.4.30548.8.1.1
1.1.4.30577.5.1.1.15.9
1.1.4.30577.12.1.7.19
1.1.4.30587.40.1.19
1.1.4.30609.14.3.2
1.1.4.30642.50.4.1
1.1.4.30730.18.3.5
1.1.4.30871.12.1.2
1.1.4.30882.8.2.1
1.1.4.30949.18.1.11
1.1.4.31079.30.1.12
1.1.4.31086.24.1.2
1.1.4.31111.11.2.6
1.1.4.31170.13.3.6
1.1.4.31268.9.1.1
1.1.4.31282.5.1.2.3.20.7.16
1.1.4.31310.8.1.6
1.1.4.31368.8.6.6
1.1.4.31369.9.2.7
1.1.4.31473.5.1.14.4.9.2
1.1.4.31655.5.1.3.2.15.2.30
1.1.4.31744.12
1.1.4.31785.13.3.8.6
1.1.4.31805.11.2.2
1.1.4.31816.17.3.4
1.1.4.31950.10.1.8
1.1.4.31958.3
1.1.4.31998.5.1.37.1.2.2.9
1.1.4.32047.33.3.2
1.1.4.32088.10.2.9
1.1.4.32110.14.1.4.10
1.1.4.32243.30.1.12
1.1.4.32302.11.1.4
1.1.4.32309.24.1.1
1.1.4.32338.22.2.17
1.1.4.32373.5.1.4
1.1.4.32448.5.1
1.1.4.32454.8.1.4
1.1.4.32469.26.1.11
1.1.4.32504.5.1.4.2.5.5
1.1.4.32630.20.3.10
1.1.4.32702.5.1.2.6.13.4
1.1.4.32793.20.1.11
1.1.4.32891.11.1.2
1.1.4.32964.10.1.1
1.1.4.32970.32.1.15
1.1.4.33176.5.1
1.1.4.33243.3
1.1.4.33449.5.1.5
1.1.4.33494.11.2.9
1.1.4.33494.11.4.17
1.1.4.33563.23.1.2
1.1.4.33572.13
1.1.4.33692.11.1.1
1.1.4.33702.29.3.28.16
1.1.4.33806.5.1.4
1.1.4.33814.10.1.3
1.1.4.33860.10.1.2
1.1.4.33893.9.1.10
1.1.4.33898.8.1.2
1.1.4.33945.20.1.11
1.1.4.33961.27.2.6.4.23.5
1.1.4.34101.16.3.6
1.1.4.34113.26.2.2
1.1.4.34195.9.2.10.3
1.1.4.34208.33.4.5
1.1.4.34278.52.1.1
1.1.4.34322.73.1.11.9
1.1.4.34541.5.1
1.1.4.34541.12.1.4
1.1.4.34556.48.1.16
1.1.4.34648.9.3.2
1.1.4.34672.8.1.3
1.1.4.34751.19.3.1
1.1.4.34755.10.2.6
1.1.4.34808.9.3.17
1.1.4.34922.28.1.10
1.1.4.34977.9.2.2
1.1.4.35148.12.3.2
1.1.4.35263.12
1.1.4.35366.18.2.6.5.9
1.1.4.35436.9.3.12
1.1.4.35439.5.1.6.10
1.1.4.35484.10.1.17
1.1.4.35610.5.1.3.6.24
1.1.4.35762.5.1
1.1.4.35781.5.1.5.2
1.1.4.35856.56.1.10
1.1.4.35895.12.2.10
1.1.5.36006.18.2.2
1.1.5.36030.54.2.26.22.34.2.3
1.1.5.36065.14.3.2
1.1.5.36098.50.4.1
1.1.5.36124.9.2.6
1.1.5.36287.10.1.6
1.1.5.36342.8.2.1
1.1.5.36415.58.2.20
1.1.5.36435.21.2.5
1.1.5.36554.11.2.6
1.1.5.36601.10.3.5
1.1.5.36604.44.2.5
1.1.5.36711.9.1.1
1.1.5.36725.5.1.2.3.20.7.16
1.1.5.36753.8.1.6
1.1.5.36803.9.1.1
1.1.5.36853.19.1.34
1.1.5.36853.19.2.39
1.1.5.36921.5.1.1.2
1.1.5.37139.5.1.3.2.15.2.30
1.1.5.37224.3
1.1.5.37275.11.3.8.4
1.1.5.37295.11.2.2
1.1.5.37306.17.3.4
1.1.5.37409.9.2.26
1.1.5.37450.34.2.2
1.1.5.37464.5.1.2.2
1.1.5.37500.5.1.4.2.8.3.5
1.1.5.37556.25.1.14
1.1.5.37583.14.1.4.10
1.1.5.37644.8.1.7
1.1.5.37690.5.1.22.6.5.1
1.1.5.37711.30.1.12
1.1.5.37740.17.1.4
1.1.5.37769.10.1.3
1.1.5.37785.24.1.1
1.1.5.37805.9.3.25
1.1.5.37847.15.2.6
1.1.5.37848.10.2.4
1.1.5.37870.27.3.17
1.1.5.37935.11.2.8
1.1.5.37942.8.1.3
1.1.5.37957.26.1.11
1.1.5.37995.19.3.17
1.1.5.38160.9.1.1
1.1.5.38297.20.1.11
1.1.5.38399.31.1.11
1.1.5.38472.10.1.1
1.1.5.38478.32.1.15
1.1.5.38497.8.1.7
1.1.5.38504.17.2.10
1.1.5.38608.40.2.5
1.1.5.38616.15.4.7.2.10.2
1.1.5.38665.14.2.15.4.13
1.1.5.38710.10.1.16
1.1.5.38711.18.2.5
1.1.5.38728.3
1.1.5.38772.13.2.5
1.1.5.38781.8.1.20
1.1.5.38846.30.1.1
1.1.5.38920.5.1.6.3.20.4.12
1.1.5.38926.5.1.7.6
1.1.5.38938.9.1.1
1.1.5.38974.40.1.2
1.1.5.39047.14.1.10
1.1.5.39056.9.1.7
1.1.5.39080.9.1.21
1.1.5.39140.17.1.18
1.1.5.39170.11.1.1
1.1.5.39180.29.3.28.16
1.1.5.39276.16.1.4.6
1.1.5.39327.9.2.1
1.1.5.39346.11.1.2
1.1.5.39363.3
1.1.5.39422.20.1.11
1.1.5.39438.27.2.6.4.23.5
1.1.5.39675.33.4.5
1.1.5.39758.12.1.1
1.1.5.39790.73.1.11.9
1.1.5.39819.22.2.20
1.1.5.39988.22.1.9
1.1.5.40020.9.1.7
1.1.5.40145.8.1.3
1.1.5.40224.19.3.1
1.1.5.40228.10.2.6
1.1.5.40278.31.1.6
1.1.5.40355.28.1.10
1.1.5.40410.9.2.2
1.1.5.40461.16.1.6
1.1.5.40556.22.1.2
1.1.5.40593.12.3.2
1.1.5.40662.15.3.14
1.1.5.40669.18.1.9
1.1.5.40789.5.1.2.1.1
1.1.5.40835.11.1.4
1.1.5.40842.9.3.12
1.1.5.40845.5.1.6.10
1.1.5.40880.5.1.1.25
1.1.5.40893.10.1.17
1.1.5.41012.9.1.3
1.1.5.41023.5.1.14.3.26.2.5
1.1.5.41034.8.2.2
1.1.5.41097.31.1.2
1.1.5.41160.5.1
1.1.5.41251.8.5.1
1.1.5.41394.54.2.26.22.35.2.65
1.1.5.41457.50.4.1
1.1.5.41488.9.2.6
1.1.5.41547.18.3.5
1.1.5.41680.12.1.2
1.1.5.41691.8.2.1
1.1.5.41865.9.1.1
1.1.5.42069.24.3.6.11
1.1.5.42145.8.6.6
1.1.5.42146.9.2.7
1.1.5.42261.5.1.14.4.9.2
1.1.5.42441.5.1.3.2.15.2.42
1.1.5.42486.10.1.2
1.1.5.42533.12
1.1.5.42574.13.3.8.6
1.1.5.42592.11.2.2
1.1.5.42603.17.3.4
1.1.5.42814.5.1.37.1.2.2.9
1.1.5.42890.10.2.9
1.1.5.42912.14.1.4.10
1.1.5.42967.12.2.2
1.1.5.42995.15.2.1
1.1.5.43015.8.1.15
1.1.5.43023.9.1.28
1.1.5.43105.11.1.4
1.1.5.43112.24.1.1
1.1.5.43169.27.4.1
1.1.5.43170.5.1.2.3.5
1.1.5.43170.10.1.7
1.1.5.43246.11.2.8
1.1.5.43253.8.1.3
1.1.5.43268.26.1.11
1.1.5.43289.11.1.2
1.1.5.43327.8.1.2
1.1.5.43327.8.2.5
1.1.5.43505.5.1.2.6.13.4
1.1.5.43599.20.1.11
1.1.5.43790.10.1.1
1.1.5.43796.32.1.15
1.1.5.43968.5.1.4.7.8.3
1.1.5.44089.3
1.1.5.44188.24.2
1.1.5.44200.43.1.1
1.1.5.44267.5.1.9
1.1.5.44422.9.1.16
1.1.5.44519.11.1.1
1.1.5.44535.22.2.10.1.8
1.1.5.44561.17.2.1
1.1.5.44569.50.1.6
1.1.5.44577.11.1.5
1.1.5.44625.5.1.4
1.1.5.44633.10.1.3
1.1.5.44822.14.1.1
1.1.5.44890.12.1.2
1.1.5.44976.9.2.10.3
1.1.5.44989.33.4.5
1.1.5.45285.11.3.2
1.1.5.45308.22.1.9
1.1.5.45334.9.1.7
1.1.5.45458.8.1.3
1.1.5.45573.9.3.17
1.1.5.45643.8.1.4
1.1.5.45714.14.1.2
1.1.5.45746.9.2.2
1.1.5.45797.16.1.6
1.1.5.45831.5.1.34.2
1.1.5.45921.23.2.2
1.1.5.45989.18.1.9
1.1.5.46110.5.1.2.1.1
1.1.5.46164.9.3.39
1.1.5.46167.5.1.6.44
1.1.5.46268.14.3.1
1.1.5.46328.5.1.2.1.20.1.4
1.1.5.46339.39.2.2
1.1.5.46495.5.1
1.1.5.46690.8.1.1
1.1.5.46719.5.1.1.15.9
1.1.5.46719.12.1.7.19
1.1.5.46729.40.1.19
1.1.5.46780.50.4.1
1.1.5.46811.9.2.6
1.1.5.46911.5.1.3.4.8.1
1.1.5.47011.12.1.2
1.1.5.47022.8.2.1
1.1.5.47088.18.1.11
1.1.5.47241.3
1.1.5.47300.10.1.1
1.1.5.47400.9.1.1
1.1.5.47414.5.1.2.3.20.7.16
1.1.5.47442.8.1.6
1.1.5.47492.9.1.1
1.1.5.47607.5.1.14.4.9.2
1.1.5.47899.12
1.1.5.47943.11.3.8.4
1.1.5.47963.11.2.2
1.1.5.47974.17.3.4
1.1.5.48108.10.1.8
1.1.5.48116.3
1.1.5.48144.25.3.4.8
1.1.5.48196.25.1.14
1.1.5.48213.25.1.10
1.1.5.48229.14.1.4.10
1.1.5.48341.5.1.22.6.5.1
1.1.5.48350.8.1.15
1.1.5.48358.9.1.28
1.1.5.48440.11.1.4
1.1.5.48447.24.1.1
1.1.5.48502.5.1.4
1.1.5.48585.5.1
1.1.5.48591.8.1.4
1.1.5.48606.26.1.11
1.1.5.48807.29.2.6
1.1.5.48958.42.2.7.1.3.1
1.1.5.49073.32.1.11
1.1.5.49146.10.1.1
1.1.5.49152.32.1.15
1.1.5.49410.28.1.10
1.1.5.49464.13.2.5
1.1.5.49473.8.1.20
1.1.5.49526.24.2
1.1.5.49538.43.1.1
1.1.5.49605.5.1.9
1.1.5.49825.17.1.18
1.1.5.49884.9.3.1
1.1.5.49971.5.1.4
1.1.5.49979.10.1.3
1.1.5.50021.10.1.9
1.1.5.50066.5.1.1.1.5.3
1.1.5.50116.20.1.11
1.1.5.50132.27.2.6.4.23.5
1.1.5.50272.16.3.6
1.1.5.50284.26.2.2
1.1.5.50366.9.2.10.3
1.1.5.50379.33.4.5
1.1.5.50441.52.1.1
1.1.5.50459.13.1.3
1.1.5.50563.9.1.25
1.1.5.50572.9.1.1
1.1.5.50699.9.1.7
1.1.5.50824.8.1.3
1.1.5.50902.20.1.12
1.1.5.50903.8.1.2
1.1.5.50907.10.2.6
1.1.5.50934.11.1.9
1.1.5.51085.14.1.2
1.1.5.51117.9.2.2
1.1.5.51209.5.1.34.2
1.1.5.51484.18.1.6
1.1.5.51504.5.1.2.1.1
1.1.5.51543.11.1.4
1.1.5.51550.9.2.4
1.1.5.51587.5.1.1.32
1.1.5.51726.9.1.3
1.1.5.51737.5.1.14.3.26.2.5
1.1.5.51748.8.2.2
1.1.5.51879.5.1
1.1.5.51898.12.1.9
1.1.5.51970.8.5.1
1.1.5.52046.10.3.13
1.1.5.52123.21.1.15.5
1.1.5.52159.14.3.2
1.1.5.52227.9.2.6
1.1.5.52459.5.1
1.1.5.52509.18.1.11
1.1.5.52577.16.2.5
1.1.5.52654.30.1.12
1.1.5.52661.24.1.2
1.1.5.52772.10.1.3
1.1.5.52852.24.3.6.11
1.1.5.52920.9.1.1
1.1.5.52970.19.1.34
1.1.5.52970.19.2.39
1.1.5.53037.5.1.14.4.9.2
1.1.5.53230.5.1.3.2.15.2.30
1.1.5.53319.12
1.1.5.53363.11.3.8.4
1.1.5.53383.11.2.2
1.1.5.53394.17.3.4
1.1.5.53541.10.1.8
1.1.5.53549.3
1.1.5.53582.5.1.4.2.8.3.5
1.1.5.53662.10.2.9
1.1.5.53684.14.1.4.10
1.1.5.53740.8.1.7
1.1.5.53786.5.1.22.6.5.1
1.1.5.53807.30.1.12
1.1.5.53877.11.1.4
1.1.5.53917.22.2.17
1.1.5.53952.33.2.6.4.3
1.1.5.53953.49.1.5
1.1.5.54012.35.1.14
1.1.5.54040.5.1
1.1.5.54046.8.1.4
1.1.5.54061.26.1.11
1.1.5.54082.11.1.2
1.1.5.54100.5.1.4.2.5.5
1.1.5.54262.29.2.6
1.1.5.54529.31.1.11
1.1.5.54595.10.1.1
1.1.5.54601.32.1.15
1.1.5.54774.5.1.4.7.8.3
1.1.5.54818.5.1
1.1.5.54871.10.1.16
1.1.5.54872.18.2.5
1.1.5.54889.3
1.1.5.54933.13.2.5
1.1.5.54942.8.1.20
1.1.5.55016.30.1.1
1.1.5.55066.10.1.4
1.1.5.55086.5.1.5
1.1.5.55131.11.2.9
1.1.5.55131.11.4.17
1.1.5.55204.14.1.10
1.1.5.55213.9.1.7
1.1.5.55290.11.3.1
1.1.5.55291.12.3.2
1.1.5.55343.9.3.1
1.1.5.55417.16.1.4.6
1.1.5.55549.20.1.11
1.1.5.55565.27.2.6.4.23.5
1.1.5.55805.33.4.5
1.1.5.55916.73.1.11.9
1.1.5.56002.9.1.25
1.1.5.56011.9.1.1
1.1.5.56153.9.1.7
1.1.5.56249.9.3.2
1.1.5.56273.8.1.3
1.1.5.56422.10.2.9
1.1.5.56425.12.1.9
1.1.5.56425.12.2.13
1.1.5.56513.11.1.6.5
1.1.5.56565.9.2.2
1.1.5.56618.16.1.6
1.1.5.56659.5.1.34.2
1.1.5.56749.23.2.2
1.1.5.56853.12
1.1.5.56962.5.1.2.1.1
1.1.5.57035.10.4.4
1.1.5.57201.27.1.4.2
1.1.5.57214.8.2.2
1.1.5.57277.31.1.2
1.1.5.57338.5.1
1.1.5.57357.12.1.9
1.1.5.57537.8.1.1
1.1.5.57561.54.2.26.22.33.2.29
1.1.5.57624.50.4.1
1.1.5.57655.9.2.6
1.1.5.57772.9.2.6
1.1.5.57852.8.2.1
1.1.5.57889.19.2.14
1.1.5.57920.58.2.20
1.1.5.57940.21.2.5
1.1.5.58067.11.2.6
1.1.5.58228.9.1.1
1.1.5.58242.5.1.2.3.20.7.16
1.1.5.58270.8.1.6
1.1.5.58328.8.6.6
1.1.5.58329.9.2.7
1.1.5.58436.9.2.4
1.1.5.58503.26.1.6
1.1.5.58560.12.2.2
1.1.5.58645.11.1.2
1.1.5.58694.10.1.2
1.1.5.58781.11.3.8.4
1.1.5.58801.11.2.2
1.1.5.58812.17.3.4
1.1.5.58915.9.2.26
1.1.5.58956.34.2.2
1.1.5.58970.5.1.2.2
1.1.5.59006.5.1.4.2.8.3.5
1.1.5.59062.25.1.14
1.1.5.59089.14.1.4.10
1.1.5.59150.8.1.7
1.1.5.59208.5.1.22.6.5.1
1.1.5.59248.16.1.2
1.1.5.59294.11.1.4
1.1.5.59301.24.1.1
1.1.5.59324.22.2.17
1.1.5.59364.15.2.6
1.1.5.59365.10.2.4
1.1.5.59452.5.1
1.1.5.59458.8.1.4
1.1.5.59473.26.1.11
1.1.5.59494.11.1.2
1.1.5.59565.17.2.1
1.1.5.59642.13.1.3
1.1.5.59654.9.1.4
1.1.5.59665.29.2.6
1.1.5.59915.10.1.10
1.1.5.59984.10.1.1
1.1.5.59990.32.1.15
1.1.5.60135.58.2.5
1.1.5.60143.15.4.7.2.10.2
1.1.5.60192.14.2.15.4.13
1.1.5.60347.24.2
1.1.5.60359.43.1.1
1.1.5.60426.5.1.9
1.1.5.60620.9.1.24
1.1.5.60708.5.1.7.2.15.4.5
1.1.5.60778.5.1.4
1.1.5.60786.10.1.3
1.1.5.60845.11.1.2
1.1.5.60911.20.1.11
1.1.5.60927.27.2.6.4.23.5
1.1.5.61163.9.2.10.3
1.1.5.61176.33.4.5
1.1.5.61285.73.1.11.9
1.1.5.61374.9.1.25
1.1.5.61383.9.1.1
1.1.5.61525.9.1.7
1.1.5.61649.8.1.3
1.1.5.61732.20.1.12
1.1.5.61733.8.1.2
1.1.5.61737.10.2.6
1.1.5.61783.9.3.17
1.1.5.61885.28.1.10
1.1.5.61940.9.2.2
1.1.5.61994.16.1.6
1.1.5.62091.22.1.2
1.1.5.62308.18.1.6
1.1.5.62328.5.1.2.1.1
1.1.5.62374.11.1.4
1.1.5.62381.9.3.12
1.1.5.62384.5.1.6.10
1.1.5.62482.14.3.1
1.1.5.62546.9.1.3
1.1.5.62556.5.1.11.2.25
1.1.5.62565.8.2.2
1.1.5.62628.31.1.2
1.1.5.62689.5.1
1.1.5.62787.9.1.5
1.1.5.62865.10.3.13
1.1.5.62890.14.1.3
1.1.5.62907.18.2.2
1.1.5.62930.54.2.26.22.34.2.3
1.1.5.62965.14.3.2
1.1.5.63030.9.2.6
1.1.5.63150.9.2.6
1.1.5.63236.8.2.1
1.1.5.63301.18.1.11
1.1.5.63446.24.1.2
1.1.5.63459.11.2.6
1.1.5.63514.10.1.1
1.1.5.63549.10.1.3
1.1.5.63629.24.3.6.11
1.1.5.63705.8.6.6
1.1.5.63706.9.2.7
1.1.5.63862.10.1.1
1.1.5.64106.10.1.16
1.1.5.64151.8.3.1
1.1.5.64175.27.1.4
1.1.5.64389.5.1.37.1.2.2.9
1.1.5.64466.10.2.9
1.1.5.64488.14.1.4.10
1.1.5.64544.8.1.7
1.1.5.64592.5.1.22.6.5.1
1.1.5.64620.19.1.7
1.1.5.64634.16.1.2
1.1.5.64677.11.1.4
1.1.5.64712.22.2.17
1.1.5.64747.5.1.4
1.1.5.64801.35.1.14
1.1.5.64829.5.1
1.1.5.64835.8.1.4
1.1.5.64850.26.1.11
1.1.5.65028.13.1.3
1.1.5.65040.9.1.4
1.1.5.65051.29.2.6
1.1.5.65292.31.1.11
1.1.5.65357.10.1.1
1.1.5.65363.32.1.15
1.1.5.65573.5.1
1.1.5.65582.14.2.15.4.13
1.1.5.65627.10.1.16
1.1.5.65628.18.2.5
1.1.5.65645.3
1.1.5.65686.8.1.15
1.1.5.65751.30.1.1
1.1.5.65801.10.1.4
1.1.5.65820.5.1.6.3.19.4.9
1.1.5.65826.5.1.7.6
1.1.5.65838.9.1.1
1.1.5.65874.40.1.2
1.1.5.65947.14.1.10
1.1.5.65956.9.1.7
1.1.5.65989.18.1.2
1.1.5.66100.29.3.28.16
1.1.5.66209.5.1.4
1.1.5.66258.9.2.1
1.1.5.66281.11.1.2
1.1.5.66298.3
1.1.5.66360.20.1.11
1.1.5.66376.27.2.6.4.23.5
1.1.5.66519.12.1.2
1.1.5.66605.9.2.10.3
1.1.5.66618.33.4.5
1.1.5.66729.73.1.11.9
1.1.5.66758.22.2.20
1.1.5.66915.11.3.2
1.1.5.66961.9.1.7
1.1.5.67057.9.3.2
1.1.5.67081.8.1.3
1.1.5.67163.10.2.6
1.1.5.67216.9.3.17
1.1.5.67373.9.2.2
1.1.5.67426.16.1.6
1.1.5.67528.22.1.2
1.1.5.67597.9.1.4
1.1.5.67660.12
1.1.5.67759.18.2.6.5.9
1.1.5.67825.9.3.12
1.1.5.67828.5.1.6.10
1.1.5.67992.9.1.3
1.1.5.68002.5.1.11.2.25
1.1.5.68011.8.2.2
1.1.5.68059.21.1.1
1.1.5.68085.48.1.2
1.1.5.68146.5.1
1.1.5.68165.12.1.9
1.1.5.68337.10.3.13
1.1.5.68405.54.2.26.22.35.2.77
1.1.5.68468.50.4.1
1.1.5.68710.21.2.2
1.1.5.68711.11.1.1
1.1.5.68781.58.2.20
1.1.5.68801.21.2.5
1.1.5.68937.11.1.1
1.1.5.68970.10.1.8
1.1.5.68975.12.1.1
1.1.5.69014.10.1.3
1.1.5.69092.9.2.11
1.1.5.69094.29.2.27
1.1.5.69097.5.1.6
1.1.5.69128.8.1.6
1.1.5.69178.9.1.1
1.1.5.69228.19.1.34
1.1.5.69228.19.2.39
1.1.5.69295.5.1.14.4.9.2
1.1.5.69567.12
1.1.5.69611.11.3.8.4
1.1.5.69631.11.2.2
1.1.5.69642.17.3.4
1.1.5.69798.5.1.2.2
1.1.5.69838.5.1.37.1.2.2.9
1.1.5.69963.12.2.11
1.1.5.70039.5.1.22.6.5.1
1.1.5.70048.8.1.15
1.1.5.70056.9.1.28
1.1.5.70132.11.1.4
1.1.5.70139.24.1.1
1.1.5.70193.15.2.6
1.1.5.70194.10.2.4
1.1.5.70283.11.2.8
1.1.5.70290.8.1.3
1.1.5.70305.26.1.11
1.1.5.70823.10.1.1
1.1.5.70829.32.1.15
1.1.5.70995.5.1.4.7.8.3
1.1.5.71095.28.1.10
1.1.5.71226.30.1.1
1.1.5.71297.5.1.9
1.1.5.71552.11.1.1
1.1.5.71568.22.2.10.1.8
1.1.5.71602.51.1.6
1.1.5.71610.11.1.5
1.1.5.71658.5.1.4
1.1.5.71666.10.1.3
1.1.5.71708.10.1.9
1.1.5.71792.20.1.11
1.1.5.71808.27.2.6.4.23.5
1.1.5.71939.16.3.6
1.1.5.72028.9.2.10.3
1.1.5.72041.33.4.5
1.1.5.72153.73.1.11.9
1.1.5.72182.22.2.20
1.1.5.72241.9.1.23
1.1.5.72269.5.1
1.1.5.72316.27.2.5
1.1.5.72324.11.3.2
1.1.5.72371.9.1.7
1.1.5.72467.9.3.2
1.1.5.72489.8.1.3
1.1.5.72568.19.3.1
1.1.5.72572.10.2.6
1.1.5.72616.9.3.17
1.1.5.72750.14.1.2
1.1.5.72782.9.2.2
1.1.5.72835.16.1.6
1.1.5.72898.5.1
1.1.5.72975.12.3.2
1.1.5.73050.15.3.14
1.1.5.73057.18.1.9
1.1.5.73198.18.2.6.5.9
1.1.5.73256.10.4.4
1.1.5.73357.14.3.1
1.1.5.73420.9.1.3
1.1.5.73431.5.1.14.3.26.2.5
1.1.5.73440.8.2.2
1.1.5.73503.31.1.2
1.1.5.73566.5.1
1.1.5.73585.12.1.9
1.1.5.73657.10.1.1
1.1.5.73699.10.1.2
1.1.5.73738.10.3.13
1.1.5.73763.14.1.3
1.1.5.73780.18.2.2
1.1.5.73804.54.2.26.22.34.2.3
1.1.5.73867.50.4.1
1.1.5.74073.10.1.6
1.1.5.74120.8.2.1
1.1.5.74167.19.2.14
1.1.5.74198.58.2.20
1.1.5.74218.21.2.5
1.1.5.74323.30.1.12
1.1.5.74330.24.1.2
1.1.5.74348.11.1.1
1.1.5.74391.10.1.1
1.1.5.74487.9.1.1
1.1.5.74501.5.1.2.3.20.7.16
1.1.5.74529.8.1.6
1.1.5.74587.8.6.6
1.1.5.74588.9.2.7
1.1.5.74692.5.1.14.4.9.2
1.1.5.74878.11.1.2
1.1.5.74927.10.1.2
1.1.5.74970.3
1.1.5.75021.11.3.8.4
1.1.5.75042.9.2.9
1.1.5.75047.14.2.7
1.1.5.75047.14.2.10
1.1.5.75156.9.2.26
1.1.5.75197.34.2.2
1.1.5.75211.5.1.2.2
1.1.5.75247.5.1.4.2.8.3.5
1.1.5.75303.25.1.14
1.1.5.75330.14.1.4.10
1.1.5.75386.8.1.7
1.1.5.75444.5.1.22.6.5.1
1.1.5.75453.8.1.15
1.1.5.75461.9.1.28
1.1.5.75535.11.1.4
1.1.5.75598.27.4.1
1.1.5.75599.5.1.2.3.5
1.1.5.75599.10.1.7
1.1.5.75684.11.2.8
1.1.5.75694.8.1.4
1.1.5.75709.26.1.11
1.1.5.75730.11.1.2
1.1.5.75755.39.2.1
1.1.5.75779.6
1.1.5.75941.5.1.2.6.13.4
1.1.5.76028.30.2.7.1.3.1
1.1.5.76136.31.1.11
1.1.5.76210.10.1.1
1.1.5.76216.32.1.15
1.1.5.76460.10.1.16
1.1.5.76461.18.2.5
1.1.5.76478.3
1.1.5.76599.30.1.1
1.1.5.76649.10.1.4
1.1.5.76669.5.1.5
1.1.5.76714.11.2.9
1.1.5.76714.11.4.17
1.1.5.76876.17.1.23
1.1.5.76923.11.1.1
1.1.5.76933.29.3.28.16
1.1.5.77048.5.1.4
1.1.5.77056.10.1.3
1.1.5.77096.9.2.1
1.1.5.77127.3
1.1.5.77186.20.1.11
1.1.5.77202.27.2.6.4.23.5
1.1.5.77270.14.1.1
1.1.5.77280.29.3.6
1.1.5.77339.16.3.6
1.1.5.77351.26.2.2
1.1.5.77433.9.2.10.3
1.1.5.77446.33.4.5
1.1.5.77720.11.3.2
1.1.5.77743.22.1.9
1.1.5.77758.5.1
1.1.5.77758.12.1.4
1.1.5.77773.48.1.16
1.1.5.77866.9.3.2
1.1.5.77890.8.1.3
1.1.5.78006.9.3.17
1.1.5.78068.12.2.5
1.1.5.78173.9.2.2
1.1.5.78229.26.5.32
1.1.5.78364.12.3.2
1.1.5.78414.9.1.4
1.1.5.78573.5.1.2.1.1
1.1.5.78639.9.3.12
1.1.5.78642.5.1.6.10
1.1.5.78677.5.1.1.25
1.1.5.78690.10.1.17
1.1.5.78816.9.1.3
1.1.5.78827.5.1.14.3.26.2.5
1.1.5.78838.8.2.2
1.1.5.78992.5.1
1.1.5.79011.12.1.9
1.1.5.79129.10.1.2
1.1.5.79208.8.1.1
1.1.5.79237.5.1.1.15.9
1.1.5.79237.12.1.7.19
1.1.5.79247.40.1.19
1.1.5.79298.50.4.1
1.1.5.79329.9.2.6
1.1.5.79535.8.2.1
1.1.5.79600.18.1.11
1.1.5.79913.9.1.1
1.1.5.79927.5.1.2.3.20.7.16
1.1.5.79955.8.1.6
1.1.5.80005.9.1.1
1.1.5.80079.10.1.5
1.1.5.80125.5.1.1.2
1.1.5.80165.10.1.1
1.1.5.80263.12.2.2
1.1.5.80276.8.2.1
1.1.5.80349.5.1.1.1
1.1.5.80360.5.1.3.2.9.2.27
1.1.5.80449.12
1.1.5.80493.11.3.8.4
1.1.5.80513.11.2.2
1.1.5.80524.17.3.4
1.1.5.80675.10.1.8
1.1.5.80683.3
1.1.5.80716.5.1.4.2.8.3.5
1.1.5.80772.25.1.14
1.1.5.80799.14.1.4.10
1.1.5.80855.8.1.7
1.1.5.80884.15.2.1
1.1.5.80916.30.1.12
1.1.5.80978.11.1.4
1.1.5.80985.24.1.1
1.1.5.81008.22.2.17
1.1.5.81043.5.1.4
1.1.5.81115.11.2.8
1.1.5.81122.8.1.3
1.1.5.81323.13.1.3
1.1.5.81335.9.1.4
1.1.5.81346.29.2.6
1.1.5.81591.10.1.10
1.1.5.81656.10.1.1
1.1.5.81662.32.1.15
1.1.5.81851.9.2.2
1.1.5.81865.14.2.15.4.13
1.1.5.81920.28.1.10
1.1.5.81992.19.1.10
1.1.5.82052.30.1.1
1.1.5.82125.5.1.9
1.1.5.82184.15.1.5.2.6.2.3
1.1.5.82249.14.1.10
1.1.5.82258.9.1.7
1.1.5.82417.5.1.7.2.15.4.8
1.1.5.82488.5.1.4
1.1.5.82496.10.1.3
1.1.5.82615.20.1.11
1.1.5.82631.27.2.6.4.23.5
1.1.5.82845.9.2.10.3
1.1.5.82858.33.4.5
1.1.5.82972.17.2.8.4
1.1.5.83000.22.2.20
1.1.5.83065.9.1.25
1.1.5.83074.9.1.1
1.1.5.83174.10.1.14
1.1.5.83286.13.1.48
1.1.5.83291.33.1.25
1.1.5.83329.5.1
1.1.5.83452.9.3.17
1.1.5.83615.9.2.2
1.1.5.83668.16.1.6
1.1.5.83769.22.1.2
1.1.5.83805.12.3.2
1.1.5.83874.15.3.14
1.1.5.83881.18.1.9
1.1.5.84023.5.1.2.1.1
1.1.5.84036.26.1.4
1.1.5.84086.13.1.5
1.1.5.84179.14.3.1
1.1.5.84234.27.1.4.2
1.1.5.84309.31.1.2
1.1.5.84370.5.1
1.1.5.84389.5.1.5.2
1.1.5.84632.54.2.26.22.35.2.65
1.1.5.84695.50.4.1
1.1.5.84721.9.2.6
1.1.5.84922.12.1.2
1.1.5.84935.8.2.1
1.1.5.84982.31.2.20
1.1.5.85121.30.1.12
1.1.5.85128.24.1.2
1.1.5.85200.13.1.2
1.1.5.85304.24.3.6.11
1.1.5.85382.8.6.6
1.1.5.85383.9.2.7
1.1.5.85493.5.1.14.4.9.2
1.1.5.85529.10.1.1
1.1.5.85691.11.1.2
1.1.5.85782.3
1.1.5.85834.11.3.8.4
1.1.5.85855.9.2.9
1.1.5.85860.14.2.7
1.1.5.85860.14.2.10
1.1.5.85884.9.1.6
1.1.5.85891.29.1.13
1.1.5.85978.9.2.26
1.1.5.86042.5.1.2.2
1.1.5.86078.5.1.4.2.8.3.5
1.1.5.86134.25.1.14
1.1.5.86167.14.1.4.10
1.1.5.86223.8.1.7
1.1.5.86281.5.1.22.6.5.1
1.1.5.86369.11.1.4
1.1.5.86376.24.1.1
1.1.5.86426.27.4.1
1.1.5.86427.5.1.2.3.5
1.1.5.86427.10.1.7
1.1.5.86521.8.1.4
1.1.5.86561.11.1.2
1.1.5.86579.5.1.4.2.5.5
1.1.5.86723.13.1.3
1.1.5.86735.9.1.4
1.1.5.86746.29.2.6
1.1.5.86877.42.2.7.1.3.1
1.1.5.86989.21.1.10
1.1.5.87056.10.1.1
1.1.5.87062.32.1.15
1.1.5.87266.5.1
1.1.5.87329.3
1.1.5.87450.30.1.1
1.1.5.87524.9.1.4.4
1.1.5.87654.14.1.10
1.1.5.87663.9.1.7
1.1.5.87726.9.1.24
1.1.5.87737.17.1.18
1.1.5.87800.5.1.7.2.15.4.5
1.1.5.87879.5.1.4
1.1.5.87887.10.1.3
1.1.5.88006.20.1.11
1.1.5.88022.27.2.6.4.23.5
1.1.5.88256.9.2.10.3
1.1.5.88269.33.4.5
1.1.5.88342.5.1.4.1.12.4.21
1.1.5.88485.5.1
1.1.5.88598.9.1.7
1.1.5.88678.18.1.2
1.1.5.88693.25.1.1
1.1.5.88719.8.1.3
1.1.5.88834.9.3.17
1.1.5.88946.19.2.6
1.1.5.88998.9.2.2
1.1.5.89154.22.1.2
1.1.5.89223.9.1.4
1.1.5.89281.33.2.17
1.1.5.89383.18.1.6
1.1.5.89404.5.1.1
1.1.5.89452.11.1.4
1.1.5.89459.9.3.12
1.1.5.89462.5.1.6.10
1.1.5.89507.10.1.17
1.1.5.89520.34.2.5
1.1.5.89626.27.1.4.2
1.1.5.89789.5.1
1.1.5.89892.9.1.5
1.1.5.89912.11.1.2
1.1.5.90038.54.2.26.22.35.2.65
1.1.5.90101.50.4.1
1.1.5.90132.9.2.6
1.1.5.90285.10.1.6
1.1.5.90332.8.2.1
1.1.5.90499.9.1.1
1.1.5.90538.11.2.6
1.1.5.90705.24.3.6.11
1.1.5.90907.5.1.1.2
1.1.5.90947.10.1.1
1.1.5.91108.5.1.3.2.15.2.42
1.1.5.91153.10.1.2
1.1.5.91240.11.3.8.4
1.1.5.91274.17.3.4
1.1.5.91425.10.1.8
1.1.5.91479.5.1.3
1.1.5.91529.33.3.2
1.1.5.91570.10.2.9
1.1.5.91592.14.1.4.10
1.1.5.91710.5.1.22.6.5.1
1.1.5.91719.8.1.15
1.1.5.91727.9.1.28
1.1.5.91812.11.1.4
1.1.5.91881.27.4.1
1.1.5.91882.5.1.2.3.5
1.1.5.91882.10.1.7
1.1.5.91970.5.1
1.1.5.91976.8.1.4
1.1.5.92086.17.2.1
1.1.5.92183.9.1.1
1.1.5.92330.24.2.9.5.31
1.1.5.92524.10.1.1
1.1.5.92530.32.1.15
1.1.5.92549.8.1.7
1.1.5.92556.17.2.10
1.1.5.92595.10.3.9
1.1.5.92601.24.1.9
1.1.5.92686.5.1.4.7.8.3
1.1.5.92728.5.1
1.1.5.92782.10.1.16
1.1.5.92783.18.2.5
1.1.5.92800.3
1.1.5.92917.30.1.1
1.1.5.92992.5.1.5
1.1.5.93037.11.2.9
1.1.5.93037.11.4.17
1.1.5.93110.14.1.10
1.1.5.93119.9.1.7
1.1.5.93254.11.1.1
1.1.5.93264.29.3.28.16
1.1.5.93376.18.2.15.1.9
1.1.5.93384.10.1.3
1.1.5.93452.11.1.2
1.1.5.93515.20.1.11
1.1.5.93531.27.2.6.4.23.5
1.1.5.93766.33.4.5
1.1.5.93849.12.1.1
1.1.5.93881.73.1.11.9
1.1.5.93910.22.2.20
1.1.5.94051.27.2.5
1.1.5.94059.11.3.2
1.1.5.94082.22.1.9
1.1.5.94107.9.1.7
1.1.5.94202.9.3.2
1.1.5.94336.9.3.17
1.1.5.94468.14.1.2
1.1.5.94500.9.2.2
1.1.5.94650.22.1.2
1.1.5.94882.5.1.2.1.1
1.1.5.94945.9.3.12
1.1.5.94948.5.1.6.10
1.1.5.94996.10.1.17
1.1.5.95009.34.2.5
1.1.5.95123.5.1.2.1.20.1.4
1.1.5.95134.39.2.2
1.1.5.95197.31.1.2
1.1.5.95258.5.1
1.1.5.95277.5.1.5.2
1.1.5.95523.21.1.15.5
1.1.5.95587.50.4.1
1.1.5.95613.9.2.6
1.1.5.95675.18.3.5
1.1.5.95810.12.1.2
1.1.5.95823.8.2.1
1.1.6.139.10.1.3
1.1.6.205.9.1.1
1.1.6.219.5.1.2.3.20.7.16
1.1.6.247.8.1.6
1.1.6.305.8.6.6
1.1.6.306.9.2.7
1.1.6.348.19.1.34
1.1.6.348.19.2.39
1.1.6.417.5.1.14.4.9.2
1.1.6.519.12.2.2
1.1.6.643.10.1.2
1.1.6.732.11.3.8.4
1.1.6.766.17.3.4
1.1.6.912.10.1.8
1.1.6.920.3
1.1.6.939.19.4.18.11.12.2
1.1.6.940.42.1.8
1.1.6.943.5.1.4.2.6.3.5
1.1.6.995.33.3.2
1.1.6.1036.10.2.9
1.1.6.1058.14.1.4.10
1.1.6.1118.12.2.2
1.1.6.1178.30.1.12
1.1.6.1249.11.1.4
1.1.6.1256.24.1.1
1.1.6.1285.22.2.17
1.1.6.1321.27.4.1
1.1.6.1322.5.1.2.3.5
1.1.6.1322.10.1.7
1.1.6.1383.35.1.14
1.1.6.1411.5.1
1.1.6.1417.8.1.4
1.1.6.1432.26.1.11
1.1.6.1615.13.1.3
1.1.6.1627.9.1.4
1.1.6.1638.29.2.6
1.1.6.1749.13.3
1.1.6.1780.42.2.7.1.3.1
1.1.6.1960.10.1.1
1.1.6.1966.32.1.15
1.1.6.2122.40.2.5
1.1.6.2130.15.4.7.2.11.2
1.1.6.2166.5.1
1.1.6.2175.14.2.15.4.13
1.1.6.2220.10.1.16
1.1.6.2221.18.2.5
1.1.6.2238.3
1.1.6.2363.30.1.1
1.1.6.2438.5.1.5
1.1.6.2483.11.2.9
1.1.6.2483.11.4.17
1.1.6.2556.14.1.10
1.1.6.2565.9.1.7
1.1.6.2695.11.1.1
1.1.6.2711.22.2.10.1.8
1.1.6.2737.17.2.1
1.1.6.2745.50.1.6
1.1.6.2753.11.1.5
1.1.6.2780.8.1.27
1.1.6.2804.5.1.4
1.1.6.2812.10.1.3
1.1.6.2924.20.1.11
1.1.6.2940.27.2.6.4.23.5
1.1.6.3010.11.1.12
1.1.6.3078.16.3.6
1.1.6.3090.26.2.2
1.1.6.3172.9.2.10.3
1.1.6.3185.33.4.5
1.1.6.3255.52.1.1
1.1.6.3283.9.1.3
1.1.6.3299.73.1.11.9
1.1.6.3328.22.2.20
1.1.6.3472.11.3.2
1.1.6.3495.22.1.9
1.1.6.3521.9.1.7
1.1.6.3601.18.1.2
1.1.6.3616.25.1.1
1.1.6.3640.5.1
1.1.6.3708.19.3.1
1.1.6.3712.10.2.6
1.1.6.3760.9.3.17
1.1.6.3869.11.1.6.13
1.1.6.3921.9.2.2
1.1.6.3974.16.1.6
1.1.6.4075.22.1.2
1.1.6.4143.9.1.4
1.1.6.4205.12
1.1.6.4308.18.2.6.5.9
1.1.6.4378.9.3.12
1.1.6.4381.5.1.6.10
1.1.6.4416.5.1.1.24
1.1.6.4440.9.1.4
1.1.6.4440.9.2.7
1.1.6.4446.14.2
1.1.6.4558.9.1.3
1.1.6.4571.5.1.1
1.1.6.4583.8.2.2
1.1.6.4740.5.1
1.1.6.4884.10.1.2
1.1.6.4923.10.3.13
1.1.6.4948.14.1.3
1.1.6.4965.18.2.2
1.1.6.4989.54.2.26.22.34.2.3
1.1.6.5198.17.2.8
1.1.6.5258.10.1.6
1.1.6.5305.8.2.1
1.1.6.5435.16.2.5
1.1.6.5514.30.1.12
1.1.6.5521.24.1.2
1.1.6.5546.11.2.6
1.1.6.5719.24.3.6.11
1.1.6.5796.8.6.6
1.1.6.5797.9.2.7
1.1.6.5907.5.1.14.4.9.2
1.2.168.10.5.9.2.7
1.2.312.2.1
1.2.394.4.2.11
1.2.437.4.2.15.8
1.2.733.4.2.5.2.3.2.4
1.2.871.4.2.6
1.2.1259.8.4
1.2.1302.1
1.2.2029.6.3.9.4
1.2.2496.26.13.32.1
1.2.2890.14.7.32.7
1.2.3003.6.3.5.2.8.1
1.2.3040.6.3.12.2.14.7.24
1.2.3155.6.3.6
1.2.3475.2.1.9
1.2.3646.2.1.2
1.2.3879.8.4.14.1.2.2
1.2.4229.1
1.2.4418.4.2.5.3.35
1.2.4443.2.1.14.5
1.2.4734.4.2.10
1.2.4742.2.1.2.1
1.2.5298.2.1.1
1.4.12.2
1.4.14.2
1.4.14.4
1.4.818.2
1.4.860.2
1.4.1373.2
1.4.1468.2
1.4.1731.2
1.4.1809.2
1.4.2350.2
1.4.2350.5
1.4.2420.2
1.4.2420.5
1.4.2461.2
1.4.2461.3
1.4.2768.2
1.4.2768.4
1.4.2784.2
1.4.2784.4
1.4.3165.2
1.4.3165.4
1.4.3468.2
1.4.3503.2
1.4.3503.3
1.4.3673.2
1.4.3673.4
1.4.3688.2
1.4.3688.3
1.4.3731.2
1.4.3773.2
1.4.3836.2
1.4.3836.5
1.4.3942.2
1.4.4305.2
1.4.4790.2
1.4.4790.4
1.4.5052.2
1.4.5052.4
1.4.5187.2
1.4.5260.2
1.4.5260.4
1.4.5586.2
1.4.5586.4
1.4.5596.2
1.4.5596.5
1.4.5717.2
1.4.5717.4
1.4.5772.2
1.4.5772.3
1.4.5773.2
1.4.6179.2
1.4.6179.4
1.4.6229.2
1.4.6336.2
1.4.6533.2
1.4.6533.4
1.4.6572.2
1.4.6572.5
1.4.6847.2
1.4.6847.4
1.4.6895.2
1.4.6895.5
1.4.6989.2
1.4.6989.4
1.4.7032.2
1.4.7051.2
1.4.7051.5
1.4.7475.2
1.4.7475.4
1.4.7481.2
1.4.7731.2
1.4.7731.3
1.4.7883.2
1.4.8159.2
1.4.8159.4
1.4.8233.2
1.4.8233.4
1.4.8571.2
1.4.8670.2
1.4.8670.4
1.4.8758.2
1.4.8758.3
1.4.9360.2
1.4.9360.4
1.4.9377.2
1.4.9377.4
1.4.9563.2
1.4.10540.2
1.4.10600.2
1.4.10607.2
1.4.10607.3
1.4.10615.2
1.4.10772.2
1.4.10772.5
1.4.10806.2
1.4.10806.5
1.4.10812.2
1.4.11040.2
1.4.11040.4
1.4.11110.2
1.4.11110.3
1.4.11247.2
1.4.11514.2
1.4.11514.4
1.4.11792.2
1.4.11792.4
1.4.11800.2
1.4.11868.2
1.4.12072.2
1.4.12382.2
1.4.12421.2
1.4.12421.5
1.4.12847.2
1.4.13092.2
1.4.13092.3
1.4.13287.2
1.4.13287.5
1.4.13518.2
1.4.13518.3
1.4.13618.2
1.4.13618.4
1.4.13757.2
1.4.13757.3
1.4.14252.2
1.4.14252.4
1.4.14325.2
1.4.14457.2
1.4.14457.3
1.4.14579.2
1.4.14579.3
1.4.14626.2
1.4.14626.5
1.4.14698.2
1.4.14819.2
1.4.14819.4
1.4.14879.2
1.4.15547.2
1.4.15696.2
1.4.15696.4
1.4.15858.2
1.4.15858.4
1.4.16090.2
1.4.16117.2
1.4.16117.4
1.4.16244.2
1.4.16527.2
1.4.16527.4
1.4.16612.2
1.4.16881.2
1.4.16881.4
1.4.17056.2
1.4.17056.3
1.4.17431.2
1.4.17617.2
1.4.17617.5
1.4.18141.2
1.4.18141.3
1.4.19400.2
1.4.19491.2
1.4.19491.4
1.4.19850.2
1.4.20082.2
1.4.20096.2
1.4.20582.2
1.4.20582.4
1.4.20659.2
1.4.20725.2
1.4.20725.5
1.4.20771.2
1.4.20864.2
1.4.20864.4
1.4.21003.2
1.4.21070.2
1.4.21070.3
1.4.21079.2
1.4.21079.4
1.4.21354.2
1.4.21358.2
1.4.21358.3
1.4.21455.2
1.4.21569.2
1.4.21569.4
1.4.21608.2
1.4.21608.4
1.4.21709.2
1.4.21709.4
1.4.21930.2
1.4.21930.3
1.4.21973.2
1.4.21973.5
1.4.22082.2
1.4.22082.3
1.4.22427.2
1.4.22427.3
1.4.22444.2
1.4.22444.4
1.4.22485.2
1.4.22510.2
1.4.22510.4
1.4.23207.2
1.4.23207.4
1.4.23692.2
1.4.23705.2
1.4.23705.4
1.4.23770.2
1.4.23770.5
1.4.23859.2
1.4.23859.5
1.4.24277.2
1.4.24330.2
1.4.24330.4
1.4.24575.2
1.4.24575.4
1.4.24868.2
1.4.24888.2
1.4.24894.2
1.4.24894.4
1.4.25110.2
1.4.25129.2
1.4.25129.4
1.4.25134.2
1.4.25134.4
1.4.25706.2
1.4.25990.2
1.4.25990.4
1.4.26290.2
1.4.26353.2
1.4.26353.4
1.4.26387.2
1.4.26387.3
1.4.26407.2
1.4.26510.2
1.4.26633.2
1.4.26854.2
1.4.27305.2
1.4.27305.5
1.4.27377.2
1.4.27409.2
1.4.27409.4
1.4.27855.2
1.4.27855.3
1.4.27994.2
1.4.28065.2
1.4.28065.4
1.4.28219.2
1.4.28219.3
1.4.28304.2
1.4.28397.2
1.4.28397.5
1.4.28478.2
1.4.28521.2
1.4.28881.2
1.4.28881.4
1.4.29058.2
1.4.29058.4
1.4.29866.2
1.4.30039.2
1.4.30073.2
1.4.30073.4
1.4.30091.2
1.4.30184.2
1.4.30843.2
1.4.31197.2
1.4.31224.2
1.4.31313.2
1.4.31595.2
1.4.31718.2
1.4.32007.2
1.4.32105.2
1.4.32172.2
1.4.32451.2
1.4.32603.2
1.4.32603.4
1.4.32657.2
1.4.32657.4
1.4.32700.2
1.4.32700.5
1.4.33029.2
1.4.33029.4
1.4.33037.2
1.4.33037.5
1.4.33299.2
1.4.33299.4
1.4.33382.2
1.4.33382.5
1.4.33390.2
1.4.33390.3
1.4.33451.2
1.4.33451.3
1.4.33864.2
1.4.33864.3
1.4.34135.2
1.4.34135.3
1.4.34267.2
1.4.34290.2
1.4.34290.3
1.4.34635.2
1.4.34635.3
1.4.34748.2
1.4.34959.2
1.4.35107.2
1.4.35558.2
1.4.35861.2
1.4.35861.3
1.4.36005.2
1.4.36005.3
1.4.36048.2
1.4.36048.4
1.4.36777.2
1.4.36777.5
1.4.36895.2
1.4.37412.2
1.4.37412.5
1.4.37610.2
1.4.37610.5
1.4.37905.2
1.4.37905.4
1.4.38005.2
1.4.38355.2
1.4.38372.2
1.4.38668.2
1.4.38873.2
1.4.38985.2
1.4.39012.2
1.4.39012.4
1.4.39445.2
1.4.40095.2
1.4.40311.2
1.4.40551.2
1.4.40551.3
1.4.40695.2
1.4.40778.2
1.4.40993.2
1.4.40993.4
1.4.41025.2
1.4.41025.5
1.4.41092.2
1.4.41092.3
1.4.41115.2
1.4.41165.2
1.4.41165.4
1.4.41212.2
1.4.41406.2
1.4.41498.2
1.4.41536.2
1.4.41600.2
1.4.41600.5
1.4.42059.2
1.4.42327.2
1.4.42327.5
1.4.42442.2
1.4.42697.2
1.4.42853.2
1.4.42853.3
1.4.43000.2
1.4.43052.2
1.4.43052.3
1.4.43217.2
1.4.43345.2
1.4.43570.2
1.4.43590.2
1.4.43590.5
1.4.44014.2
1.4.44014.4
1.4.44157.2
1.4.44157.4
1.4.44853.2
1.4.45164.2
1.4.45333.2
1.4.45444.2
1.4.45444.4
1.4.45452.2
1.4.45452.4
1.4.45469.2
1.4.45469.4
1.4.45757.2
1.4.46036.2
1.4.46432.2
1.4.47963.2
1.4.47963.4
1.4.48087.2
1.4.48677.2
1.4.48906.2
1.4.48963.2
1.4.48963.4
1.4.49035.2
1.4.49051.2
1.4.49051.5
1.4.49228.2
1.4.49228.4
1.4.49231.2
1.4.49231.4
1.4.49490.2
1.4.49490.4
1.4.49712.2
1.4.49712.4
1.4.49771.2
1.4.49771.4
1.4.49851.2
1.4.50067.2
1.4.50067.3
1.4.50288.2
1.4.50288.4
1.4.50300.2
1.4.50466.2
1.4.50466.4
1.4.50593.2
1.4.50593.4
1.4.50666.2
1.4.50666.5
1.4.50909.2
1.4.50909.4
1.4.51073.2
1.4.51213.2
1.4.51213.4
1.4.51284.2
1.4.51284.3
1.4.51339.2
1.4.51387.2
1.4.51416.2
1.4.51416.4
1.4.51508.2
1.4.51508.4
1.4.51859.2
1.4.51859.3
1.4.51897.2
1.4.51939.2
1.4.52053.2
1.4.52066.2
1.4.52066.4
1.4.52314.2
1.4.52314.5
1.4.52566.2
1.4.52595.2
1.4.52996.2
1.4.52996.4
1.4.53078.2
1.4.53088.2
1.4.53207.2
1.4.53207.3
1.4.53455.2
1.4.53595.2
1.4.53595.4
1.4.53919.2
1.4.53919.5
1.4.53965.2
1.4.54023.2
1.4.54023.5
1.4.54187.2
1.4.54187.3
1.4.54451.2
1.4.54451.4
1.4.54566.2
1.4.54594.2
1.4.54594.4
1.4.54740.2
1.4.54740.3
1.4.54847.2
1.4.54847.4
1.4.54899.2
1.4.54899.4
1.4.55196.2
1.4.55196.5
1.4.55224.2
1.4.55301.2
1.4.55301.4
1.4.55375.2
1.4.55497.2
1.4.55747.2
1.4.55747.4
1.4.55774.2
1.4.55774.4
1.4.55890.2
1.4.55908.2
1.4.55908.4
1.4.55966.2
1.4.55966.4
1.4.56230.2
1.4.56342.2
1.4.56576.2
1.4.56576.4
1.4.56632.2
1.4.56669.2
1.4.56669.4
1.4.56884.2
1.4.57055.2
1.4.57123.2
1.4.57123.4
1.4.57129.2
1.4.57344.2
1.4.57383.2
1.4.57497.2
1.4.57497.4
1.4.57577.2
1.4.57577.4
1.4.57588.2
1.4.57588.4
1.4.57601.2
1.4.57601.3
1.4.57652.2
1.4.57652.3
1.4.58063.2
1.4.58071.2
1.4.58551.2
1.4.58938.2
1.4.58958.2
1.4.58958.3
1.4.59096.2
1.4.59261.2
1.4.59261.5
1.4.59705.2
1.4.59705.4
1.4.59795.2
1.4.59986.2
1.4.60126.2
1.4.60126.3
1.4.60133.2
1.4.60133.4
1.4.60174.2
1.4.60174.4
1.4.60260.2
1.4.60534.2
1.4.60534.3
1.4.60622.2
1.4.60727.2
1.4.60727.3
1.4.61324.2
1.4.61324.4
1.4.61764.2
1.4.62011.2
1.4.62258.2
1.4.62359.2
1.4.62455.2
1.4.62594.2
1.4.62594.3
1.4.62714.2
1.4.62714.4
1.4.62779.2
1.4.62779.4
1.4.62963.2
1.4.63088.2
1.4.63101.2
1.4.63450.2
1.4.63609.2
1.4.63609.5
1.4.63821.2
1.4.63858.2
1.4.63862.2
1.4.64264.2
1.4.64264.4
1.4.64314.2
1.4.64541.2
1.4.64778.2
1.4.64778.3
1.4.64875.2
1.4.64875.3
1.4.65417.2
1.4.65609.2
1.4.65748.2
1.4.65748.3
1.4.65883.2
1.4.65883.4
1.4.66189.2
1.4.66279.2
1.4.66279.3
1.4.66372.2
1.4.66372.5
1.4.66417.2
1.4.66770.2
1.4.66959.2
1.4.67241.2
1.4.67822.2
1.4.67822.4
1.4.67939.2
1.4.67939.5
1.4.67963.2
1.4.67963.5
1.4.68036.2
1.4.68036.3
1.4.68272.2
1.4.68295.2
1.4.68295.4
1.4.68546.2
1.4.68874.2
1.4.68927.2
1.4.68927.4
1.4.69211.2
1.4.69226.2
1.4.69226.3
1.4.69380.2
1.4.69380.5
1.4.69459.2
1.4.69665.2
1.4.69993.2
1.4.70031.2
1.4.70067.2
1.4.70067.4
1.4.70092.2
1.4.70175.2
1.4.70175.3
1.4.70241.2
1.4.70409.2
1.4.70409.4
1.4.70491.2
1.4.70491.5
1.4.70566.2
1.4.71034.2
1.4.71034.4
1.4.71042.2
1.4.71042.3
1.4.71134.2
1.4.71134.5
1.4.71269.2
1.4.71984.2
1.4.72173.2
1.4.72173.5
1.4.72236.2
1.4.72236.4
1.4.72316.2
1.4.72316.3
1.4.72459.2
1.4.72934.2
1.4.73081.2
1.4.73081.3
1.4.73148.2
1.4.73148.4
1.4.73259.2
1.4.73330.2
1.4.73330.5
1.4.73488.2
1.4.73612.2
1.4.73612.4
1.4.73674.2
1.4.73685.2
1.4.73685.5
1.4.73722.2
1.4.73722.4
1.4.73986.2
1.4.73986.4
1.4.74116.2
1.4.74116.3
1.4.74262.2
1.4.74300.2
1.4.74300.5
1.4.74357.2
1.4.74398.2
1.4.74398.4
1.4.74478.2
1.4.74577.2
1.4.74577.5
1.4.74749.2
1.4.74814.2
1.4.74814.4
1.4.75108.2
1.4.75108.3
1.4.75468.2
1.4.75937.2
1.4.76185.2
1.4.76185.5
1.4.76236.2
1.4.76236.4
1.4.76245.2
1.4.76245.5
1.4.76316.2
1.4.76316.4
1.4.76367.2
1.4.76367.4
1.4.76541.2
1.4.76668.2
1.4.76668.4
1.4.76681.2
1.4.76681.4
1.4.76743.2
1.4.76869.2
1.4.76869.4
1.4.77036.2
1.4.77036.4
1.4.77178.2
1.4.77393.2
1.4.77393.4
1.4.77711.2
1.4.77711.4
1.4.77897.2
1.4.77929.2
1.4.78436.2
1.4.78889.2
1.4.78956.2
1.4.79085.2
1.4.79085.4
1.4.79124.2
1.4.79124.4
1.4.79208.2
1.4.79208.3
1.4.79322.2
1.4.79819.2
1.4.79892.2
1.4.79954.2
1.4.79954.3
1.4.80312.2
1.4.81151.2
1.4.81255.2
1.4.81400.2
1.4.81400.4
1.4.81576.2
1.4.81731.2
1.4.81731.5
1.4.81829.2
1.4.81829.4
1.4.81863.2
1.4.81881.2
1.4.81881.3
1.4.82088.2
1.4.82088.3
1.4.82138.2
1.4.82205.2
1.4.82205.4
1.4.82221.2
1.4.82221.3
1.4.82311.2
1.4.82706.2
1.4.82706.5
1.4.82739.2
1.4.82741.2
1.4.82753.2
1.4.82753.4
1.4.82866.2
1.4.82984.2
1.4.83002.2
1.4.83002.4
1.4.83079.2
1.4.83079.4
1.4.83268.2
1.4.83422.2
1.4.83513.2
1.4.83655.2
1.4.83655.4
1.4.83761.2
1.4.83761.3
1.4.83875.2
1.4.83942.2
1.4.83942.4
1.4.84072.2
1.4.84092.2
1.4.84092.4
1.4.84170.2
1.4.84293.2
1.4.84293.5
1.4.84358.2
1.4.84389.2
1.4.84501.2
1.4.84501.4
1.4.84608.2
1.4.84927.2
1.4.85046.2
1.4.85314.2
1.4.85314.5
1.4.85458.2
1.4.85493.2
1.4.85493.3
1.4.85876.2
1.4.86355.2
1.4.86476.2
1.4.86476.3
1.4.86598.2
1.4.86598.4
1.4.86611.2
1.4.86611.4
1.4.86694.2
1.4.86694.4
1.4.86741.2
1.4.86741.4
1.4.87329.2
1.4.87602.2
1.4.87602.4
1.4.87656.2
1.4.87740.2
1.4.87858.2
1.4.87858.3
1.4.88064.2
1.4.88064.3
1.4.88179.2
1.4.88367.2
1.4.88367.3
1.4.88527.2
1.4.88527.3
1.4.88547.2
1.4.88547.3
1.4.88562.2
1.4.88766.2
1.4.88766.4
1.4.88950.2
1.4.88972.2
1.4.88972.5
1.4.89076.2
1.4.89076.4
1.4.89098.2
1.4.89098.5
1.4.89196.2
1.4.89425.2
1.4.89822.2
1.4.89822.4
1.4.89837.2
1.4.89837.3
1.4.89955.2
1.4.89996.2
1.4.89996.3
1.4.90331.2
1.4.90331.4
1.4.90538.2
1.4.90736.2
1.4.90936.2
1.4.90936.5
1.4.91012.2
1.4.91431.2
1.4.92143.2
1.4.92143.5
1.4.92246.2
1.4.92856.2
1.4.93388.2
1.4.93483.2
1.4.93483.5
1.4.93613.2
1.4.93613.4
1.4.94401.2
1.4.94401.5
1.4.94431.2
1.4.94452.2
1.4.94452.3
1.4.94619.2
1.4.95096.2
1.4.95096.4
1.4.95161.2
1.4.95230.2
1.4.95230.3
1.4.95351.2
1.4.95351.5
1.4.95517.2
1.4.95540.2
1.4.95540.4
1.4.95679.2
1.4.95799.2
1.4.95799.5
1.4.95957.2
1.4.95957.4
1.4.96378.2
1.4.96552.2
1.4.96657.2
1.4.96657.4
1.4.97382.2
1.4.97382.3
1.4.97951.2
1.4.97962.2
1.4.98010.2
1.4.98334.2
1.4.98334.4
1.4.98429.2
1.4.98429.5
1.4.98668.2
1.4.98668.5
1.4.98771.2
1.4.98771.5
1.4.98848.2
1.4.98848.4
1.4.98924.2
1.4.98924.5
1.4.98986.2
1.4.98996.2
1.4.99173.2
1.4.99295.2
1.4.99295.3
1.4.99412.2
1.4.99423.2
1.4.99464.2
1.4.99464.5
1.4.99781.2
1.4.99781.5
1.4.99993.2
1.4.100024.2
1.4.100024.4
1.4.100149.2
1.4.100149.5
1.4.100226.2
1.4.100226.3
1.4.100273.2
1.4.100273.3
1.4.100405.2
1.4.100405.3
1.4.100903.2
1.4.101103.2
1.4.101236.2
1.4.101236.3
1.4.101268.2
1.4.101449.2
1.4.101521.2
1.4.101521.5
1.4.101784.2
1.4.101784.4
1.4.102026.2
1.4.102026.4
1.4.102398.2
1.4.102663.2
1.4.102663.5
1.4.102894.2
1.4.102894.5
1.4.103159.2
1.4.103159.4
1.4.103256.2
1.4.103256.5
1.4.103355.2
1.4.103355.4
1.4.103455.2
1.4.103455.4
1.4.103749.2
1.4.103924.2
1.4.103924.5
1.4.104234.2
1.4.104289.2
1.4.104289.5
1.4.104313.2
1.4.104313.3
1.4.104317.2
1.4.104317.5
1.4.104326.2
1.4.104464.2
1.4.104464.4
1.4.104699.2
1.4.104750.2
1.4.105056.2
1.4.105284.2
1.4.105638.2
1.4.105638.4
1.4.105832.2
1.4.105832.4
1.4.106468.2
1.4.106468.5
1.4.106694.2
1.4.106694.3
1.4.106765.2
1.4.106765.4
1.4.106814.2
1.4.106895.2
1.4.106895.4
1.4.106920.2
1.4.107003.2
1.4.107104.2
1.4.107104.4
1.4.107185.2
1.4.107185.4
1.4.107361.2
1.4.107361.5
1.4.107499.2
1.4.107565.2
1.4.107565.3
1.4.107629.2
1.4.107629.5
1.4.107656.2
1.4.107773.2
1.4.107773.5
1.4.107776.2
1.4.108055.2
1.4.108055.5
1.4.108140.2
1.4.108150.2
1.4.108150.5
1.4.108336.2
1.4.108336.5
1.4.108376.2
1.4.108376.5
1.4.108436.2
1.4.108499.2
1.4.108546.2
1.4.108546.5
1.4.108676.2
1.4.108676.3
1.4.108781.2
1.4.108781.4
1.4.109261.2
1.4.109261.3
1.4.109294.2
1.4.109456.2
1.4.109586.2
1.4.109986.2
1.4.109986.5
1.4.109991.2
1.4.110082.2
1.4.110082.5
1.4.110126.2
1.4.110126.5
1.4.110184.2
1.4.110320.2
1.4.110320.4
1.4.110337.2
1.4.110337.5
1.4.110872.2
1.4.110872.3
1.4.111379.2
1.4.111379.5
1.4.111642.2
1.4.111642.4
1.4.111900.2
1.4.111900.4
1.4.112094.2
1.4.112094.4
1.4.112192.2
1.4.112308.2
1.4.112308.5
1.4.112430.2
1.4.112445.2
1.4.112445.4
1.4.112467.2
1.4.112467.4
1.4.112487.2
1.4.112487.5
1.4.112551.2
1.4.112886.2
1.4.112886.4
1.4.112893.2
1.4.112896.2
1.4.112896.4
1.4.112921.2
1.4.112921.5
1.4.112939.2
1.4.112969.2
1.4.112969.4
1.4.113073.2
1.4.113093.2
1.4.113093.4
1.4.113342.2
1.4.113828.2
1.4.113840.2
1.4.113851.2
1.4.113851.4
1.4.114098.2
1.4.114145.2
1.4.114199.2
1.4.114758.2
1.4.115041.2
1.4.115041.4
1.4.115166.2
1.4.115188.2
1.4.115191.2
1.4.115194.2
1.4.115194.5
1.4.115603.2
1.4.115710.2
1.4.115823.2
1.4.115823.4
1.4.115829.2
1.4.115829.4
1.4.115898.2
1.4.115898.4
1.4.115994.2
1.4.115994.5
1.4.116018.2
1.4.116018.5
1.4.116374.2
1.4.116704.2
1.4.116704.5
1.4.116767.2
1.4.116772.2
1.4.116772.5
1.4.117171.2
1.4.117385.2
1.4.117385.3
1.4.117709.2
1.4.117752.2
1.4.117752.4
1.4.117815.2
1.4.117967.2
1.4.117967.5
1.4.118140.2
1.4.118140.4
1.4.118256.2
1.4.118256.5
1.4.118415.2
1.4.118415.5
1.4.118491.2
1.4.118491.4
1.4.118958.2
1.4.118958.5
1.4.118990.2
1.4.118990.4
1.4.119238.2
1.4.119238.4
1.4.119842.2
1.4.119888.2
1.4.119888.3
1.4.120138.2
1.4.120138.3
1.4.120562.2
1.4.120562.4
1.4.120758.2
1.4.120758.4
1.4.120761.2
1.4.120761.3
1.4.120971.2
1.4.121059.2
1.4.121118.2
1.4.121118.3
1.4.121331.2
1.4.121592.2
1.4.121776.2
1.4.121776.3
1.4.121907.2
1.4.121977.2
1.4.121977.3
1.4.122003.2
1.4.122003.4
1.4.122024.2
1.4.122024.4
1.4.122281.2
1.4.122281.3
1.4.122303.2
1.4.122303.3
1.4.122453.2
1.4.122453.5
1.4.122741.2
1.4.122776.2
1.4.122776.4
1.4.123239.2
1.4.123331.2
1.4.123686.2
1.4.123686.4
1.4.123932.2
1.4.124006.2
1.4.124008.2
1.4.124008.4
1.4.124812.2
1.4.124854.2
1.4.125367.2
1.4.125462.2
1.4.125730.2
1.4.125808.2
1.4.126349.2
1.4.126349.5
1.4.126419.2
1.4.126419.5
1.4.126460.2
1.4.126460.3
1.4.126767.2
1.4.126767.4
1.4.126783.2
1.4.126783.4
1.4.127165.2
1.4.127165.4
1.4.127468.2
1.4.127503.2
1.4.127503.3
1.4.127673.2
1.4.127673.4
1.4.127688.2
1.4.127688.3
1.4.127731.2
1.4.127773.2
1.4.127836.2
1.4.127836.5
1.4.127942.2
1.4.128305.2
1.4.128790.2
1.4.128790.4
1.4.129052.2
1.4.129052.4
1.4.129187.2
1.4.129260.2
1.4.129260.4
1.4.129586.2
1.4.129586.4
1.4.129596.2
1.4.129596.5
1.4.129717.2
1.4.129717.4
1.4.129772.2
1.4.129772.3
1.4.129773.2
1.4.130179.2
1.4.130179.4
1.4.130229.2
1.4.130336.2
1.4.130533.2
1.4.130533.4
1.4.130572.2
1.4.130572.5
1.4.130847.2
1.4.130847.4
1.4.130895.2
1.4.130895.5
1.4.130989.2
1.4.130989.4
1.4.131032.2
1.4.131051.2
1.4.131051.5
1.4.131475.2
1.4.131475.4
1.4.131481.2
1.4.131732.2
1.4.131732.3
1.4.131884.2
1.4.132160.2
1.4.132160.4
1.4.132234.2
1.4.132234.4
1.4.132575.2
1.4.132674.2
1.4.132674.4
1.4.132762.2
1.4.132762.3
1.4.133364.2
1.4.133364.4
1.4.133381.2
1.4.133381.4
1.4.133567.2
1.4.134544.2
1.4.134604.2
1.4.134611.2
1.4.134611.3
1.4.134619.2
1.4.134776.2
1.4.134776.5
1.4.134810.2
1.4.134810.5
1.4.134816.2
1.4.135044.2
1.4.135044.4
1.4.135114.2
1.4.135114.3
1.4.135251.2
1.4.135518.2
1.4.135518.4
1.4.135796.2
1.4.135796.4
1.4.135804.2
1.4.135872.2
1.4.136076.2
1.4.136386.2
1.4.136425.2
1.4.136425.5
1.4.136850.2
1.4.137095.2
1.4.137095.3
1.4.137290.2
1.4.137290.5
1.4.137523.2
1.4.137523.3
1.4.137623.2
1.4.137623.4
1.4.137762.2
1.4.137762.3
1.4.138257.2
1.4.138257.4
1.4.138330.2
1.4.138462.2
1.4.138462.3
1.4.138584.2
1.4.138584.3
1.4.138631.2
1.4.138631.5
1.4.138703.2
1.4.138824.2
1.4.138824.4
1.4.138884.2
1.4.139552.2
1.4.139701.2
1.4.139701.4
1.4.139863.2
1.4.139863.4
1.4.140095.2
1.4.140122.2
1.4.140122.4
1.4.140249.2
1.4.140532.2
1.4.140532.4
1.4.140617.2
1.4.140886.2
1.4.140886.4
1.4.141061.2
1.4.141061.3
1.4.141436.2
1.4.141622.2
1.4.141622.5
1.4.142146.2
1.4.142146.3
1.4.143405.2
1.4.143496.2
1.4.143496.4
1.4.143855.2
1.4.144087.2
1.4.144101.2
1.4.144587.2
1.4.144587.4
1.4.144664.2
1.4.144730.2
1.4.144730.5
1.4.144776.2
1.4.144869.2
1.4.144869.4
1.4.145008.2
1.4.145076.2
1.4.145076.3
1.4.145085.2
1.4.145085.4
1.4.145360.2
1.4.145364.2
1.4.145364.3
1.4.145461.2
1.4.145618.2
1.4.145618.4
1.4.145719.2
1.4.145719.4
1.4.145940.2
1.4.145940.3
1.4.145983.2
1.4.145983.5
1.4.146092.2
1.4.146092.3
1.4.146437.2
1.4.146437.3
1.4.146454.2
1.4.146454.4
1.4.146495.2
1.4.146520.2
1.4.146520.4
1.4.147217.2
1.4.147217.4
1.4.147702.2
1.4.147715.2
1.4.147715.4
1.4.147780.2
1.4.147780.5
1.4.147869.2
1.4.147869.5
1.4.148287.2
1.4.148340.2
1.4.148340.4
1.4.148585.2
1.4.148585.4
1.4.148878.2
1.4.148898.2
1.4.148904.2
1.4.148904.4
1.4.149120.2
1.4.149139.2
1.4.149139.4
1.4.149144.2
1.4.149144.4
1.4.149716.2
1.4.150000.2
1.4.150000.4
1.4.150300.2
1.4.150363.2
1.4.150363.4
1.4.150397.2
1.4.150397.3
1.4.150417.2
1.4.150520.2
1.4.150643.2
1.4.150864.2
1.4.151315.2
1.4.151315.5
1.4.151387.2
1.4.151419.2
1.4.151419.4
1.4.151865.2
1.4.151865.3
1.4.152004.2
1.4.152074.2
1.4.152074.4
1.4.152228.2
1.4.152228.3
1.4.152313.2
1.4.152406.2
1.4.152406.5
1.4.152487.2
1.4.152530.2
1.4.152890.2
1.4.152890.4
1.5.55.7.2.1.6.4
1.5.331.6.2.1.1.3
1.5.617.12.2.1.9
1.5.709.8.2.1.2
1.5.762.8.2.1
1.5.1021.17.2.1.5.2
1.5.1059.25.2.1.7.1.17
1.5.1515.14.2.1.5
1.5.1526.12.2.1
1.5.1989.16.2.1.20.2
1.5.2560.11.2.1.3.3.9.3
1.5.2929.13.2.1.6.1.14
1.5.2949.9.2.1.6.1.44.6.3
1.5.3029.8.2.1.11.2.5
1.5.3358.10.2.1.8.6.8.1
1.5.4883.8.2.1.18.2
1.5.5586.12.2.1
1.5.5619.8.2.1.18.3.11.3
1.5.6536.17.2.1.32.2.3.7
1.5.6834.13.2.1.6.2
1.5.7145.6.2.1
1.5.7474.6.2.1.1.3
1.5.7739.12.2.1.9
1.5.7846.5.2.1
1.5.8207.15.2.1.1
1.5.8330.11.2.1.17.4.5.5.25
1.5.8652.14.2.1.5
1.5.8663.12.2.1
1.5.8823.10.2.1
1.5.10151.8.2.1.11.2.5
1.5.10406.7.2.1.9
1.5.10478.10.2.1.8.6.8.1
1.5.11897.8.2.1.18.2
1.5.12598.12.2.1
1.5.12631.8.2.1.18.3.11.3
1.5.13586.17.2.1.17.2.3.7
1.5.13807.12.2.1.2.2
1.5.14047.8.2.1.13.3
1.5.14185.6.2.1
1.5.14326.19.2.1.22.1
1.5.14532.6.2.1.1.3
1.5.14797.12.2.1.9
1.5.14888.8.2.1.2
1.5.14941.8.2.1
1.5.14970.10.2.1.13.4
1.5.15211.17.2.1.5.2
1.5.15252.10.2.1.15
1.5.15372.11.2.1.17.4.5.5.25
1.5.15718.14.2.1.5
1.5.15729.12.2.1
1.5.17534.9.2.1.4
1.5.17825.26.2.1.18.1
1.5.19080.8.2.1.18.2
1.5.19763.12.2.1
1.5.19796.8.2.1.18.3.11.3
1.5.20037.12.2.1.8.4.18
1.5.20074.16.2.1.6.4.22.1
1.5.20736.17.2.1.32.2.3.7
1.5.21001.13.2.1.6.2
1.5.21064.11.2.1.6.6
1.5.21200.8.2.1.3.2
1.5.21349.6.2.1
1.5.21675.6.2.1.1.3
1.5.21956.12.2.1.9
1.5.22393.15.2.1.1
1.5.22521.11.2.1.17.4.5.5.25
1.5.22804.9.2.1.7.1
1.5.22864.12.2.1
1.5.23018.10.2.1
1.5.24611.9.2.1.4
1.5.26144.8.2.1.4.3
1.5.26857.7.2.1.7.2.20.2.59
1.5.27070.10.2.1.11.2.16
1.5.27108.9.2.1.3.1
1.5.27784.17.2.1.32.2.3.7
1.5.28009.12.2.1.2.2
1.5.28063.13.2.1.6.2
1.5.28265.8.2.1.14.2
1.5.28393.6.2.1
1.5.28715.6.2.1.1.3
1.5.28987.12.2.1.9
1.5.29078.8.2.1.2
1.5.29131.8.2.1
1.5.29432.25.2.1.5.3.21
1.5.29553.11.2.1.6
1.5.29896.14.2.1.5
1.5.29907.12.2.1
1.5.30068.10.2.1
1.5.30395.16.2.1.20.2
1.5.30571.8.2.1
1.5.31000.11.2.1.3.3.9.3
1.5.31725.9.2.1.4
1.5.33993.8.2.1.18.3.10.3
1.5.34220.7.2.1.2.1.3
1.5.34415.12.2.1.6.1.4
1.5.34743.24.2.1
1.5.34761.8.2.1.7
1.5.34763.25.2.1.1.2.7
1.5.35269.13.2.1.6.2
1.5.35454.8.2.1.38.2
1.5.35597.6.2.1
1.5.35738.19.2.1.22.1
1.5.36193.12.2.1.9
1.5.36628.6.2.1.5
1.5.36742.11.2.1.17.4.5.5.25
1.5.37086.14.2.1.5
1.5.37097.12.2.1
1.5.37262.5.2.1.5.2.5.2
1.5.38840.9.2.1.4
1.5.39110.26.2.1.18.1
1.5.40003.13.2.1.13.4
1.5.41009.12.2.1
1.5.41042.8.2.1.18.3.11.3
1.5.41275.10.2.1.11.2.16
1.5.41311.16.2.1.6.4.22.1
1.5.41452.12.2.1.6.1.4
1.5.41786.24.2.1
1.5.41804.8.2.1.7
1.5.41806.25.2.1.1.2.7
1.5.42025.17.2.1.32.2.3.7
1.5.42235.12.2.1.2.2
1.5.42497.8.2.1.3.2
1.5.42635.6.2.1
1.5.43268.12.2.1.9
1.5.43360.8.2.1.2
1.5.43410.9.2.1.56.4.26
1.5.43711.15.2.1.1
1.5.43839.11.2.1.6
1.5.44189.12.2.1
1.5.44349.10.2.1
1.5.44844.8.2.1
1.5.45593.13.2.1.6.1.14
1.5.45613.9.2.1.6.1.44.6.3
1.5.45958.9.2.1.4
1.5.46029.10.2.1.8.6.8.9
1.5.48209.12.2.1
1.5.48242.8.2.1.18.3.11.3
1.5.49185.17.2.1.32.2.3.7
1.5.49396.12.2.1.2.2
1.5.49449.13.2.1.6.2
1.5.49654.8.2.1.3.2
1.5.49802.6.2.1
1.5.50131.6.2.1.1.3
1.5.50428.12.2.1.9
1.5.50520.8.2.1.2
1.5.50573.8.2.1
1.5.50867.6.2.1.5
1.5.50981.11.2.1.17.4.5.5.25
1.5.51265.9.2.1.7.1
1.5.51309.8.2.1.5.1.6.4.17
1.5.51321.12.2.1
1.5.51492.10.2.1
1.5.51526.5.2.1.5.2.5.2
1.5.52395.11.2.1.3.3.9.3
1.5.52861.8.2.1.11.2.5
1.5.53124.9.2.1.4
1.5.53401.26.2.1.18.1
1.5.54287.20.2.1
1.5.54326.13.2.1.13.4
1.5.55391.7.2.1.7.2.20.2.72
1.5.55608.12.2.1.8.4.18
1.5.55647.9.2.1.3.1
1.5.56305.17.2.1.17.2.3.7
1.5.56527.12.2.1.2.2
1.5.56581.13.2.1.6.2
1.5.56791.8.2.1.3.2
1.5.56929.6.2.1
1.5.57533.12.2.1.9
1.5.57932.17.2.1.5.2
1.5.57970.12.2.1.14
1.5.58088.11.2.1.17.4.5.5.25
1.5.58429.12.2.1.2
1.5.58430.9.2.1
1.5.58604.10.2.1
1.5.59111.8.2.1
1.5.59517.11.2.1.3.3.9.3
1.5.60248.9.2.1.4
1.5.60319.10.2.1.8.6.8.9
1.5.61404.15.2.1.9.5.3.5
1.5.61435.13.2.1.13.4
1.5.62474.12.2.1
1.5.62522.7.2.1.11.2.29.2.16
1.5.62930.13.2.1
1.5.62942.11.2.1
1.5.63278.24.2.1
1.5.63296.8.2.1.7
1.5.63298.25.2.1.1.2.7
1.5.63510.17.2.1.17.2.3.7
1.5.63787.13.2.1.6.2
1.5.63993.8.2.1.3.2
1.5.64124.6.2.1
1.5.64757.12.2.1.9
1.5.64848.8.2.1.2
1.5.64901.8.2.1
1.5.65328.11.2.1.6
1.5.65682.8.2.1.5.1.11.4.48
1.5.65694.12.2.1
1.5.65870.10.2.1
1.5.65904.5.2.1.5.2.5.2
1.5.66181.16.2.1.20.2
1.5.67100.18.2.1.10.1.2
1.5.67119.9.2.1.6.1.34.7.7
1.5.67478.9.2.1.4
1.5.67549.10.2.1.8.6.8.9
1.5.68651.15.2.1.9.5.3.3
1.5.69946.10.2.1.15.2.6
1.5.70134.12.2.1.6.1.4
1.5.70462.24.2.1
1.5.70480.8.2.1.7
1.5.70482.25.2.1.1.2.7
1.5.70687.17.2.1.32.2.3.7
1.5.70902.12.2.1.2.2
1.5.70958.13.2.1.6.2
1.5.71030.11.2.1.6.6
1.5.71295.6.2.1
1.5.71626.6.2.1.1.3
1.5.71920.12.2.1.9
1.6.69.8.2.1
1.6.297.8.2.1.13.2
1.6.437.8.2.1.7.3.14
1.6.560.8.2.1.1
1.6.967.8.2.1.4.2.4.1.13
1.6.1085.8.2.1.4.4
1.6.1366.8.2.1.2.1
1.6.2568.8.2.1.22
1.6.2665.8.2.1
1.6.2985.8.2.1.10.6.11
1.6.3135.8.2.1.1.1.4
1.6.3158.8.2.1
1.6.3690.8.2.1.2.4.5.5.7
1.6.3863.8.2.1
1.6.5064.8.2.1
1.6.5314.8.2.1.4.2.7.1
1.6.5432.8.2.1.2.1
1.6.5478.8.2.1.1.2.7.1.2
1.6.5835.8.2.1.25
1.6.5897.8.2.1.1.1
1.6.6075.8.2.1.8.1.2.3
1.6.6425.8.2.1.25.1.1
1.6.7430.8.2.1.4
1.6.8063.8.2.1.25.4.3.1.21
1.6.8172.8.2.1
1.6.8225.8.2.1.17
1.6.8451.8.2.1.1.1
1.6.8592.8.2.1.12.1.20
1.6.8732.8.2.1.7
1.6.9137.8.2.1.4.2.4.1.13
1.6.9264.8.2.1
1.6.9374.8.2.1.7.1
1.6.9554.8.2.1.2.1
1.6.10799.8.2.1.22
1.6.10904.8.2.1.16.5.8.3.27
1.6.11217.8.2.1.10.6.11
1.6.11368.8.2.1.20.1.2
1.6.11906.8.2.1.2.4.5.5.7
1.6.12079.8.2.1
1.6.12351.8.2.1.50.5
1.6.12998.8.2.1
1.6.13009.8.2.1.3.1.1
1.6.13307.8.2.1
1.6.13538.8.2.1.4.2.7.1
1.6.13698.8.2.1.1.2.7.1.2
1.6.13842.8.2.1.6.1
1.6.14043.8.2.1.4
1.6.14097.8.2.1.1.1
1.6.14220.8.2.1.19.3.2.4
1.6.14293.8.2.1.8.1.2.3
1.6.14645.8.2.1.3.2.3
1.6.15663.8.2.1.4
1.6.16275.8.2.1.34.5
1.6.16449.8.2.1.5.8.29
1.6.16679.8.2.1.1.1
1.6.16831.8.2.1.15.1.1.5.3
1.6.16972.8.2.1.3
1.6.17348.8.2.1.2.2.3.1.18
1.6.17469.8.2.1
1.6.17579.8.2.1.7.1
1.6.17584.8.2.1.1.1.1
1.6.17773.8.2.1.2.1
1.6.19016.8.2.1.2
1.6.19132.8.2.1.16.5.8.3.12
1.6.19442.8.2.1.10.6.11
1.6.19591.8.2.1.20.1.2
1.6.20092.8.2.1.2.4.5.5.7
1.6.20262.8.2.1
1.6.20495.8.2.1
1.6.20528.8.2.1.21.5
1.6.21494.8.2.1
1.6.21722.8.2.1.4.2.7.1
1.6.21884.8.2.1.1
1.6.22225.8.2.1.3
1.6.22281.8.2.1.1.1
1.6.22467.8.2.1.8.1.2.3
1.6.22825.8.2.1.25.1.1
1.6.23832.8.2.1.1
1.6.24132.8.2.1
1.6.24454.8.2.1.34.5
1.6.24607.8.2.1.2.1
1.6.24656.8.2.1
1.6.24691.8.2.1.12.3
1.6.24890.8.2.1.1.1
1.6.25009.8.2.1.7.3.14
1.6.25142.8.2.1.7
1.6.25534.8.2.1.2.2.3.1.18
1.6.25645.8.2.1
1.6.25756.8.2.1
1.6.25937.8.2.1.2.1
1.6.26757.8.2.1.16.4.11.3.7.15
1.6.26814.8.2.1.6.3.5.3
1.6.27194.8.2.1.2
1.6.27309.8.2.1.13.7.17.2.4
1.6.27628.8.2.1.10.6.11
1.6.27771.8.2.1.1.1.4
1.6.27968.8.2.1.3.1.2.1
1.6.28354.8.2.1.2.4.5.5.7
1.6.28811.8.2.1.21.5
1.6.29242.8.2.1.8.4.10.9
1.6.30031.8.2.1.4.2.7.1
1.6.30183.8.2.1.1
1.6.30240.8.2.1
1.6.30516.8.2.1.3
1.6.30573.8.2.1.1.1
1.6.30707.8.2.1.9.4
1.6.30718.8.2.1
1.6.30756.8.2.1.8.1.2.3
1.6.31115.8.2.1.3.2.3
1.6.32104.8.2.1.4
1.6.32388.8.2.1.6.5
1.6.32668.8.2.1.7.4
1.6.32724.8.2.1.34.5
1.6.32889.8.2.1
1.6.33117.8.2.1.1.1
1.6.33256.8.2.1.12.1.20
1.6.33396.8.2.1.7
1.6.34011.8.2.1.1.1.1
1.6.34200.8.2.1.2.1
1.6.34955.8.2.1.16.4.11.3.7.3
1.6.35070.8.2.1.20.4.14.1
1.6.35387.8.2.1.2
1.6.35503.8.2.1.16.5.8.3.12
1.6.35830.8.2.1.12
1.6.35863.8.2.1.6.2.6
1.6.35975.8.2.1.20.1.2
1.6.36502.8.2.1.2.4.5.5.7
1.6.36675.8.2.1
1.6.36963.8.2.1.50.5
1.6.37397.8.2.1.8.4.10.9
1.6.37964.8.2.1
1.6.38195.8.2.1.4.2.7.1
1.6.38351.8.2.1.1
1.6.38695.8.2.1.26
1.6.38752.8.2.1.1.1
1.6.38932.8.2.1.8.1.2.3
1.6.39300.8.2.1.25.1.1
1.6.39801.8.2.1.1.1
1.6.40342.8.2.1.4
1.6.40955.8.2.1.34.5
1.6.41110.8.2.1.2.1
1.6.41159.8.2.1.5.8.29
1.6.41402.8.2.1.1.1
1.6.41547.8.2.1.12.1.20
1.6.41669.8.2.1.3
1.6.42067.8.2.1.1.1.1.2.2
1.6.42078.8.2.1
1.6.42185.8.2.1
1.6.42489.8.2.1.2.1
1.6.42633.8.2.1.10.1.1.3
1.6.43461.8.2.1.2.1.4.1
1.6.43758.8.2.1.2
1.6.43873.8.2.1.13.7.17.2.4
1.6.44174.8.2.1.12
1.6.44207.8.2.1.6.2.6
1.6.44329.8.2.1.20.1.2
1.6.44874.8.2.1.2.4.5.5.7
1.6.45032.8.2.1
1.6.45336.8.2.1.21.5
1.6.45441.8.2.1.2.1
1.6.46264.8.2.1
1.6.46642.8.2.1.1.2.7.1.2
1.6.46703.8.2.1
1.6.46792.8.2.1.6.1
1.6.46978.8.2.1.25
1.6.47035.8.2.1.1.1
1.6.47217.8.2.1.8.1.2.3
1.6.47574.8.2.1.25.1.1
1.6.48028.8.2.1.1.1
1.6.48565.8.2.1.4
1.6.49146.8.2.1.34.5
1.6.49271.8.2.1
1.6.49331.8.2.1.5.8.29
1.6.49373.8.2.1.12.3
1.6.49570.8.2.1.1.1
1.6.49716.8.2.1.7.3.14
1.6.49859.8.2.1.7
1.6.50235.8.2.1.2.2.3.1.18
1.6.50306.8.2.1.21.3.5.2
1.6.50356.8.2.1
1.6.50664.8.2.1.2.1
1.6.51543.8.2.1.20.4.14.1
1.6.51720.8.2.1.11.2
1.6.51867.8.2.1.22
1.6.51964.8.2.1
1.6.52266.8.2.1.12
1.6.52299.8.2.1.6.2.6
1.6.52421.8.2.1.20.1.2
1.6.52959.8.2.1.2.4.5.5.7
1.6.53070.8.2.1.1.1.15.1.1
1.6.53113.8.2.1
1.6.53398.8.2.1.50.5
1.6.53851.8.2.1.8.4.10.9
1.6.54416.8.2.1
1.6.54775.8.2.1.1
1.6.55121.8.2.1.25
1.6.55177.8.2.1.2.1
1.6.55349.8.2.1.8.1.2.3
1.6.55717.8.2.1.25.1.1
1.6.56728.8.2.1.4
1.6.57027.8.2.1
1.6.57382.8.2.1.25.4.3.1.22
1.6.57496.8.2.1
1.6.57549.8.2.1.5.8.29
1.6.57780.8.2.1.1.1
1.6.57925.8.2.1.12.1.20
1.6.58065.8.2.1.7
1.6.58440.8.2.1.2.2.3.1.18
