1.1.1.91.5.1.2.22.14
1.1.1.136.15.4
1.1.1.139.5.1.2.1.8
1.1.1.185.5.1.1.1.7
1.1.1.322.10.1.4.1
1.1.1.365.28.2.16.16
1.1.1.389.5.1.2
1.1.1.394.31.2
1.1.1.475.5.1.1.1.12.3.6.1
1.1.1.480.10.1.7.2
1.1.1.495.37.1.13.6
1.1.1.520.5.1.5
1.1.1.590.3
1.1.1.606.3
1.1.1.668.8.2.10
1.1.1.673.11
1.1.1.730.3
1.1.1.736.13.3.6.6
1.1.1.755.38.1.19
1.1.1.832.13.2.9
1.1.1.999.5.1
1.1.1.1093.15.2.8.1.33.5
1.1.1.1111.5.1.14.24
1.1.1.1119.14.3
1.1.1.1337.5.1.10
1.1.1.1430.35.1.16
1.1.1.1443.5.1
1.1.1.1519.9.1.16
1.1.1.1565.6
1.1.1.1596.9.3.4.3
1.1.1.1607.5.1.4.1.2.2
1.1.1.1634.15.2.29.10
1.1.1.1643.10.2.11.6
1.1.1.1645.5.1.2.1.3
1.1.1.1687.10.1.4.12
1.1.1.1740.5.1.2.1.3.1.9
1.1.1.1757.14.2
1.1.1.1789.46.2.33
1.1.1.1876.8.2.8.19
1.1.1.1920.9.2.10.5
1.1.1.2006.9.3.8
1.1.1.2097.15.2.21.11
1.1.1.2119.9.1.6
1.1.1.2136.5.1.1
1.1.1.2170.5.1.14.1.3.2
1.1.1.2257.12.2.4
1.1.1.2300.3
1.1.1.2481.19.1.16.10
1.1.1.2487.9.1.4
1.1.1.2514.9.2.30
1.1.1.2527.5.1.8.1.3.1
1.1.1.2556.5.1.8
1.1.1.2622.5.1.9.9
1.1.1.2699.11.2.9.11
1.1.1.2719.14.1.11.3
1.1.1.2745.5.1.2.1
1.1.1.2846.18.3.9.5.15
1.1.1.2848.5.1.1.1.2
1.1.1.2887.35.1.25
1.1.1.2896.5.1.13.1.5.1.18
1.1.1.2972.5.1.4
1.1.1.3032.17.1.30.12
1.1.1.3050.5.1.6.1.9
1.1.1.3082.5.1.3.3.5
1.1.1.3087.10.2.4.2
1.1.1.3125.18.2.11
1.1.1.3216.5.1.2.1
1.1.1.3223.5.1
1.1.1.3224.22.10.12.7.5
1.1.2.3338.24.2.12
1.1.2.3557.5.1.7.2.5.4.2
1.1.2.3628.8.1.4.17
1.1.2.3691.5.1.1.1.3.9
1.1.2.3705.24.3.7.1
1.1.2.3771.5.1.2.1.1.1.1.12
1.1.2.3807.5.1.10.7
1.1.2.3872.11.2.4.1
1.1.2.3902.13.2.11.1.3
1.1.2.3991.15.2.14.28.15.4.14
1.1.2.3994.5.1.21.1
1.1.2.4044.5.1.4.3.5.4
1.1.2.4049.12.2.4.3
1.1.2.4054.5.1.13.2
1.1.2.4095.5.1.2.14
1.1.2.4138.23.2.4.1
1.1.2.4313.5.1
1.1.2.4322.5.1
1.1.2.4352.10.2.24.8.5
1.1.2.4359.5.1
1.1.2.4457.11.1.4.13
1.1.2.4532.11.3.4.3
1.1.2.4630.28.2.13.1.8
1.1.2.4645.5.1
1.1.2.4702.22.1.15.9
1.1.2.4860.28.1.4.1
1.1.2.5028.13
1.1.2.5039.5.1.9
1.1.2.5058.19.4.17.15.13
1.1.2.5127.14.2.11.10.31
1.1.2.5190.5.1.1.19
1.1.2.5211.25.2.9.10.4.2
1.1.2.5234.37.3.6.3
1.1.2.5315.33.2.19
1.1.2.5318.5.1.1.16.11.2
1.1.2.5465.5.1.2.22.14
1.1.2.5497.3
1.1.2.5512.5.1.3.1.12
1.1.2.5550.17.1.8.4
1.1.2.5555.5.1.3
1.1.2.5561.5.1.2.4
1.1.2.5696.5.1
1.1.2.5757.3
1.1.2.5762.21
1.1.2.5789.5.1.2
1.1.2.5794.31.2
1.1.2.5864.5.1.4.1.5
1.1.2.5871.10.1.7.2
1.1.2.5889.24.1.28.11
1.1.2.5911.5.1.5
1.1.2.5981.3
1.1.2.6008.16.1.9
1.1.2.6058.8.2.10
1.1.2.6063.11
1.1.2.6120.3
1.1.2.6123.3
1.1.2.6157.19.1.16.9
1.1.2.6225.17.1.12
1.1.2.6225.17.2.4.3
1.1.2.6383.5.1
1.1.2.6491.15.2.8.1.33.5
1.1.2.6501.5.1.11.1.1.5
1.1.2.6510.28.3.8.6.4
1.1.2.6723.5.1.11.1.2
1.1.2.6817.9.1.8
1.1.2.6830.5.1.1.5.8.2
1.1.2.6883.5.1.1.1
1.1.2.6934.6
1.1.2.6965.9.3.4.3
1.1.2.6976.5.1.4.1.2.2
1.1.2.7003.15.2.29.10
1.1.2.7012.10.2.11.6
1.1.2.7014.5.1.2.1.3
1.1.2.7055.10.1.4.12
1.1.2.7121.9.2.8
1.1.2.7141.14.2
1.1.2.7173.46.2.33
1.1.2.7260.8.2.8.19
1.1.2.7321.24.1.16
1.1.2.7334.18.3.11.20.4.1
1.1.2.7393.9.3.8
1.1.2.7507.9.1.6
1.1.2.7524.5.1.1
1.1.2.7558.5.1.14.1.3.2
1.1.2.7698.5.1.2.10.25
1.1.2.7735.5.1.1
1.1.2.7858.5.1.28.6
1.1.2.7884.9.1.4
1.1.2.7911.9.2.30
1.1.2.7924.5.1.8.1.3.1
1.1.2.7937.5.1.10.9.25
1.1.2.7946.3
1.1.2.8020.5.1.9.9
1.1.2.8102.11.2.9.11
1.1.2.8122.14.1.11.3
1.1.2.8238.18.3.9.5.15
1.1.2.8240.5.1.1.1.2
1.1.2.8279.36.1.4.35
1.1.2.8288.11.1.5.9
1.1.2.8290.3
1.1.2.8366.5.1.4
1.1.2.8426.17.1.30.12
1.1.2.8444.5.1.6.1.9
1.1.2.8476.5.1.3.3.5
1.1.2.8481.10.2.4.2
1.1.2.8564.5.1
1.1.2.8577.5.1.1.1
1.1.2.8643.5.1.4.1.5.1
1.1.2.8945.10.2.8.5.19
1.1.2.8963.5.1.7.2.5.4.2
1.1.2.9033.5.1.5.2.8
1.1.2.9037.5.1.4.16.18.3.4
1.1.2.9092.41.1.9.5
1.1.2.9124.5.1.14.2
1.1.2.9132.6
1.1.2.9194.5.1.2.1.6.10.20.1
1.1.2.9231.5.1.1.1.17.2
1.1.2.9304.11.2.4.1
1.1.2.9336.5.1.1.2.4
1.1.2.9415.15.2.14.28.15.4.14
1.1.2.9418.5.1.21.1
1.1.2.9490.12.2.4.3
1.1.2.9530.5.1.2.14
1.1.2.9573.23.2.4.1
1.1.2.9746.5.1.3.1
1.1.2.9771.5.1.15
1.1.2.9787.5.1.2.1.2.2
1.1.2.9880.77.4.12.3.23
1.1.2.9882.14.2.6.1.30.13
1.1.2.9981.11.3.4.3
1.1.2.10075.15.3.14
1.1.2.10155.12.1.8.3.1
1.1.2.10232.3
1.1.2.10247.5.1.5.6.9
1.1.2.10250.5.1.8.12.28
1.1.2.10334.28.1.4.1
1.1.2.10490.5.1
1.1.2.10509.8.1.5
1.1.2.10543.10.2.4.14
1.1.2.10612.14.2.11.10.31
1.1.2.10667.5.1.7.20.7.2
1.1.2.10954.5.1.2.3.60
1.1.2.11001.15.4
1.1.2.11004.5.1.2.1.8
1.1.2.11050.5.1.1.1.7
1.1.2.11194.10.1.4.1
1.1.2.11250.5.1
1.1.2.11356.5.1.1.1.12.3.6.1
1.1.2.11361.10.1.7.2
1.1.2.11377.24.1.28.11
1.1.2.11399.5.1.5
1.1.2.11435.14.2
1.1.2.11469.3
1.1.2.11554.8.2.10
1.1.2.11559.11
1.1.2.11616.3
1.1.2.11622.13.3.6.6
1.1.2.11641.38.1.19
1.1.2.11719.5.1.7.4.1
1.1.2.11769.5.1
1.1.2.11842.5.1
1.1.2.11925.5.1.4
1.1.2.11940.15.2.8.1.26.5
1.1.2.11958.9.2.19.28.24
1.1.2.12103.49.3.47.1.3.2
1.1.2.12176.5.1.11.1.2
1.1.2.12270.9.1.8
1.1.2.12283.5.1.1.5.8.2
1.1.2.12395.6
1.1.2.12425.9.3.4.3
1.1.2.12436.5.1.4.1.2.2
1.1.2.12462.15.2.29.10
1.1.2.12471.10.2.11.6
1.1.2.12473.5.1.2.1.3
1.1.2.12516.10.1.4.12
1.1.2.12570.9.2.8
1.1.2.12590.14.2
1.1.2.12622.46.2.33
1.1.2.12707.8.2.8.19
1.1.2.12766.5.1.17.12.3.1
1.1.2.12769.13.3.11.6.5.2.21
1.1.2.12778.18.3.18.13.11.1
1.1.2.12927.9.1.6
1.1.2.12944.5.1.1
1.1.2.13064.12.2.4
1.1.2.13116.13.2.7.6.13.7.9
1.1.2.13151.13.1.4.4
1.1.2.13301.19.1.16.10
1.1.2.13307.9.1.4
1.1.2.13338.31.3.4
1.1.2.13351.5.1.10.9.26
1.1.2.13443.39.6.21.43
1.1.2.13479.11.2.9.11
1.1.2.13526.5.1.2.1
1.1.2.13549.22.2.6.5.8.1.2
1.1.2.13626.18.3.9.5.15
1.1.2.13628.5.1.1.1.2
1.1.2.13667.36.1.4.35
1.1.2.13676.11.1.5.9
1.1.2.13678.3
1.1.2.13755.5.1.4
1.1.2.13824.17.1.30.12
1.1.2.13842.5.1.6.1.9
1.1.2.13874.5.1.3.3.5
1.1.2.13879.10.2.4.2
1.1.2.14019.5.1.2.1
1.1.2.14346.5.1.7.2.5.4.2
1.1.2.14421.5.1.5.2.33
1.1.2.14425.5.1.4.16.18.3.4
1.1.2.14484.5.1.14
1.1.2.14515.5.1.1.1.3.4
1.1.2.14529.24.3.7.1
1.1.2.14616.5.1.8.7
1.1.2.14624.5.1.10.7
1.1.2.14691.11.2.4.1
1.1.2.14717.5.1.1
1.1.2.14784.15.2.14.28.15.4.14
1.1.2.14787.5.1.21.1
1.1.2.14860.12.2.4.3
1.1.2.14906.5.1
1.1.2.14910.11
1.1.2.14948.23.2.4.1
1.1.2.15128.5.1.3.1
1.1.2.15153.5.1.15
1.1.2.15169.5.1.2.1.2.2
1.1.2.15261.11.1.4.13
1.1.3.15357.11.3.4.3
1.1.3.15534.12.1.8.3.1
1.1.3.15620.5.1.6.3.4.1
1.1.3.15717.5.1.18.3.5.6
1.1.3.15720.10.1.15
1.1.3.15859.11.2.10
1.1.3.15860.5.1.4.7
1.1.3.15864.5.1
1.1.3.15888.5.1.2
1.1.3.15916.13.1.17.5.7.5.17
1.1.3.15985.14.2.11.10.31
1.1.3.16034.5.1.7.20.7.2
1.1.3.16209.24.2.18
1.1.3.16293.5.1.2.22.14
1.1.3.16338.15.4
1.1.3.16341.5.1.2.1.8
1.1.3.16387.5.1.1.1.7
1.1.3.16456.31.1.13
1.1.3.16531.10.1.4.1
1.1.3.16616.5.1.2
1.1.3.16621.31.2
1.1.3.16691.22.3.13
1.1.3.16711.5.1.1.1.1
1.1.3.16731.5.1.13.3.23
1.1.3.16815.3
1.1.3.16892.16.2.7
1.1.3.16943.3
1.1.3.16949.13.3.6.6
1.1.3.16968.38.1.19
1.1.3.17039.5.1.7.4.1
1.1.3.17188.5.1
1.1.3.17299.15.4.12.14
1.1.3.17517.5.1.10
1.1.3.17617.35.1.16
1.1.3.17630.5.1
1.1.3.17758.6
1.1.3.17785.9.3.4.3
1.1.3.17796.5.1.4.1.2.2
1.1.3.17828.10.2.11.6
1.1.3.17830.5.1.2.1.3
1.1.3.17877.17.2.9
1.1.3.17926.9.2.8
1.1.3.17946.14.2
1.1.3.17978.46.2.33
1.1.3.18065.8.2.8.19
1.1.3.18126.14.4.8
1.1.3.18149.15
1.1.3.18213.9.3.8
1.1.3.18327.9.1.6
1.1.3.18344.5.1.1
1.1.3.18378.5.1.14.1.3.2
1.1.3.18465.12.2.4
1.1.3.18508.3
1.1.3.18552.5.1.1
1.1.3.18748.31.3.4
1.1.3.18770.3
1.1.3.18861.39.6.21.43
1.1.3.18897.11.2.9.11
1.1.3.18917.14.1.11.3
1.1.3.18964.5.1.1
1.1.3.19045.18.3.9.5.15
1.1.3.19047.5.1.1.1.2
1.1.3.19086.35.1.25
1.1.3.19095.5.1.13.1.5.1.18
1.1.3.19169.5.1.4
1.1.3.19229.17.1.30.12
1.1.3.19247.5.1.6.1.9
1.1.3.19279.5.1.3.3.5
1.1.3.19284.10.2.4.2
1.1.3.19322.18.2.11
1.1.3.19367.5.1
1.1.3.19380.5.1.1.1
1.1.3.19443.5.1
1.1.3.19444.22.10.12.7.21
1.1.3.19774.10.2.8.5.9
1.1.3.19792.5.1.7.2.5.4.2
1.1.3.19862.5.1.5.2.8
1.1.3.19866.5.1.4.16.18.3.4
1.1.3.19942.5.1.1.1.3.9
1.1.3.19956.24.3.7.1
1.1.3.19996.15.3
1.1.3.20019.5.1.2.1.1.1.1.61
1.1.3.20056.5.1.1.1.17.2
1.1.3.20122.11.2.4.1
1.1.3.20145.5.1.2.1.5.2.5
1.1.3.20223.13.1.18
1.1.3.20291.12.2.4.3
1.1.3.20296.5.1.13.2
1.1.3.20345.5.1
1.1.3.20349.11
1.1.3.20618.10.2.24.8.5
1.1.3.20625.5.1
1.1.3.20720.11.1.4.13
1.1.3.20825.11.3.4.3
1.1.3.20919.28.2.13.1.8
1.1.3.20935.5.1
1.1.3.20964.13.2.4
1.1.3.20993.12.1.7.33.22
1.1.3.21095.8.2.9
1.1.3.21117.11.1.4
1.1.3.21177.28.1.4.1
1.1.3.21384.10.2.4.14
1.1.3.21447.14.2.11.10.31
1.1.3.21504.5.1.7.20.7.2
1.1.3.21619.33.2.19
1.1.3.21622.5.1.1.16.11.2
1.1.3.21766.5.1.2.22.14
1.1.3.21811.15.4
1.1.3.21814.5.1.2.1.8
1.1.3.21860.5.1.1.1.7
1.1.3.21996.10.1.4.1
1.1.3.22048.3
1.1.3.22053.21
1.1.3.22080.5.1.2
1.1.3.22085.31.2
1.1.3.22160.5.1.11
1.1.3.22163.18.3.4.1
1.1.3.22183.25.1.15
1.1.3.22208.5.1.5
1.1.3.22292.3
1.1.3.22354.8.2.10
1.1.3.22359.11
1.1.3.22375.5.1.1
1.1.3.22416.3
1.1.3.22422.13.3.6.6
1.1.3.22441.38.1.19
1.1.3.22513.5.1.7.4.1
1.1.3.22655.5.1.2.2.3.1.2
1.1.3.22661.5.1.3.1
1.1.3.22857.5.1.2.2
1.1.3.23036.5.1.10
1.1.3.23131.35.1.16
1.1.3.23144.5.1
1.1.3.23271.6
1.1.3.23298.9.3.4.3
1.1.3.23309.5.1.4.1.2.2
1.1.3.23342.10.2.11.6
1.1.3.23344.5.1.2.1.3
1.1.3.23382.29.3
1.1.3.23419.15.3.15.10
1.1.3.23449.9.5.4
1.1.3.23501.76.2.4.1
1.1.3.23570.8.2.8.19
1.1.3.23620.14.4.8
1.1.3.23641.15
1.1.3.23812.9.1.6
1.1.3.23829.5.1.1
1.1.3.23863.5.1.14.1.3.2
1.1.3.23886.6
1.1.3.23946.12.2.4
1.1.3.23989.3
1.1.3.24147.5.1.28.6
1.1.3.24170.8.1.6.5
1.1.3.24219.31.3.4
1.1.3.24250.5.1.8
1.1.3.24378.11.2.9.10
1.1.3.24398.14.1.11.3
1.1.3.24421.10.1.9
1.1.3.24425.5.1.5
1.1.3.24523.18.3.9.5.15
1.1.3.24525.5.1.1.1.2
1.1.3.24564.36.1.4.35
1.1.3.24573.11.1.5.9
1.1.3.24575.3
1.1.3.24650.5.1.4
1.1.3.24753.5.1.3.3.5
1.1.3.24758.10.2.4.2
1.1.3.24901.17.3.14.15.12
1.1.3.25193.39.2
1.1.3.25228.10.2.8.5.19
1.1.3.25246.5.1.7.2.5.4.2
1.1.3.25316.5.1.5.2.8
1.1.3.25320.5.1.4.16.18.3.4
1.1.3.25396.5.1.1.1.3.9
1.1.3.25410.24.3.7.1
1.1.3.25446.15.3
1.1.3.25468.5.1.2.1.1.1.1.40
1.1.3.25505.5.1.1.1.17.2
1.1.3.25571.11.2.4.1
1.1.3.25595.5.1.1.2.4
1.1.3.25677.13.1.18
1.1.3.25745.12.2.4.3
1.1.3.25785.5.1.2.14
1.1.3.25831.23.2.4.1
1.1.3.25915.14.1.4
1.1.3.26043.5.1
1.1.3.26122.11.1.4.13
1.1.3.26227.11.3.4.3
1.1.3.26326.32.3.11.1.7
1.1.3.26329.9.1.10
1.1.3.26397.5.1
1.1.3.26408.5.1.3.3.12.1.23.9
1.1.3.26494.5.1.6.3.4.1
1.1.3.26591.5.1.18.3.5.6
1.1.3.26764.5.1.1.8.4
1.1.3.26766.5.1.5.3
1.1.3.26782.19.4.17.15.13
1.1.3.26851.14.2.11.10.31
1.1.3.26912.5.1.3.3.7.3.9.6
1.1.3.27023.30.3.8
1.1.3.27168.5.1.2.22.14
1.1.3.27215.15.4
1.1.3.27218.5.1.2.1.8
1.1.3.27264.5.1.1.1.7
1.1.3.27277.5.1.3.1
1.1.3.27296.5.1.1.1.3.3.7
1.1.3.27412.5.1
1.1.3.27473.3
1.1.3.27478.21
1.1.3.27507.5.1.2
1.1.3.27512.31.2
1.1.3.27595.16.2.8.7.1
1.1.3.27614.25.1.15
1.1.3.27639.5.1.5
1.1.3.27675.14.2
1.1.3.27709.3
1.1.3.27791.8.2.10
1.1.3.27796.11
1.1.3.27853.3
1.1.3.27856.3
1.1.3.27900.13.3.7.1.12.2.8
1.1.3.27948.17.1.12
1.1.3.27948.17.2.4.3
1.1.3.28089.5.1.4.3
1.1.3.28452.5.1.11.1.2
1.1.4.55.5.1
1.1.4.66.26.1.8
1.1.4.185.6
1.1.4.212.9.3.4.3
1.1.4.223.5.1.4.1.2.2
1.1.4.250.15.2.29.10
1.1.4.259.10.2.11.6
1.1.4.261.5.1.2.1.3
1.1.4.303.10.1.4.12
1.1.4.408.46.2.33
1.1.4.493.8.2.8.19
1.1.4.555.24.1.16
1.1.4.743.5.1.1
1.1.4.859.12.2.4
1.1.4.902.3
1.1.4.1089.19.1.16.10
1.1.4.1140.16.2.11.10.13.2
1.1.4.1164.5.1.8
1.1.4.1230.5.1.9.9
1.1.4.1304.5.1.4.2.7.1
1.1.4.1325.5.1.2.1.27
1.1.4.1356.14.2
1.1.4.1361.15.2.6.1
1.1.4.1460.18.3.9.5.15
1.1.4.1462.5.1.1.1.2
1.1.4.1501.35.1.25
1.1.4.1510.5.1.13.1.5.1.18
1.1.4.1545.12.2.4
1.1.4.1592.5.1.4
1.1.4.1654.17.1.30.12
1.1.4.1672.5.1.6.1.9
1.1.4.1704.5.1.3.3.5
1.1.4.1709.10.2.4.2
1.1.4.1794.5.1
1.1.4.1869.5.1.4.1.5.1
1.1.4.2141.39.2
1.1.4.2184.5.1.7.2.5.4.2
1.1.4.2254.5.1.5.2.28
1.1.4.2258.5.1.4.16.18.3.4
1.1.4.2334.5.1.1.1.3.9
1.1.4.2348.24.3.7.1
1.1.4.2436.5.1.8.7
1.1.4.2444.5.1.10.7
1.1.4.2518.11.2.4.1
1.1.4.2541.5.1.2.1.5.2.5
1.1.4.2632.15.2.34.32.9.5.9
1.1.4.2635.5.1.21.1
1.1.4.2705.12.2.4.3
1.1.4.2710.5.1.13.2
1.1.4.2757.5.1
1.1.4.2761.11
1.1.4.3032.5.1
1.1.4.3121.18.1.10.16
1.1.4.3124.15.2.10
1.1.4.3192.11.3.4.3
1.1.4.3300.5.1.13.1.1.1
1.1.4.3366.41.1.11.6.1
1.1.4.3441.3
1.1.4.3456.5.1.5.6.9
1.1.4.3459.5.1.8.12.28
1.1.4.3544.5.1.18.3.5.6
1.1.4.3563.5.1.26.1
1.1.4.3706.5.1
1.1.4.3733.5.1.14
1.1.4.3762.20.3.6
1.1.4.3824.14.2.11.10.31
1.1.4.3884.5.1.1.8
1.1.4.3905.25.2.9.10.4.2
1.1.4.3928.37.3.6.3
1.1.4.4004.33.2.14
1.1.4.4007.5.1.1.16.11.2
1.1.4.4151.5.1.2.22.14
1.1.4.4196.15.4
1.1.4.4199.5.1.2.1.8
1.1.4.4245.5.1.1.1.7
1.1.4.4279.38.1.8
1.1.4.4382.5.1
1.1.4.4446.28.2.16.16
1.1.4.4475.5.1.2.8.19
1.1.4.4495.5.1.4.2.9
1.1.4.4577.5.1.1.1.12.3.6.1
1.1.4.4582.10.1.7.2
1.1.4.4598.24.1.28.11
1.1.4.4620.5.1.5
1.1.4.4656.14.2
1.1.4.4760.8.2.10
1.1.4.4765.11
1.1.4.4781.5.1.1
1.1.4.4822.3
1.1.4.4828.13.3.6.6
1.1.4.4847.38.1.19
1.1.4.4908.5.1.7.4.1
1.1.4.5048.5.1.4.3
1.1.4.5154.15.2.8.1.33.5
1.1.4.5164.5.1.11.1.1.5
1.1.4.5174.5.1.4.25
1.1.4.5412.5.1.11.1.2
1.1.4.5514.9.1.8
1.1.4.5527.5.1.1.5.8.2
1.1.4.5593.9.1.16
1.1.4.5637.6
1.1.4.5678.5.1.5
1.1.4.5690.17.1.43
1.1.4.5724.5.1.2
1.1.4.5776.10.1.4.12
1.1.4.5856.14.2
1.1.4.5888.46.2.33
1.1.4.5924.8.1.7.2
1.1.4.5968.8.2.8.19
1.1.4.6012.9.2.10.5
1.1.4.6098.9.3.8
1.1.4.6211.5.1.1
1.1.4.6263.39.2.13.12.12.2
1.1.4.6364.13.2.7.6.13.3.3
1.1.4.6401.13.1.4.4
1.1.4.6590.31.3.4
1.1.4.6619.5.1.8
1.1.4.6685.5.1.9.9
1.1.4.6723.5.1.1.2.24
1.1.4.6757.11.2.9.11
1.1.4.6771.5.1.2.12.34.3.5
1.1.4.6797.3
1.1.4.6798.15.3.10.1
1.1.4.6800.9.1.8.2
1.1.4.6825.5.1.1
1.1.4.6913.18.3.9.5.15
1.1.4.6915.5.1.1.1.2
1.1.4.6959.5.1.18.11.3.1.1
1.1.4.7030.5.1.4
1.1.4.7145.5.1.3.3.5
1.1.4.7150.10.2.4.2
1.1.4.7183.10.1.4
1.1.4.7234.5.1
1.1.4.7247.5.1.1.1
1.1.4.7602.9.2.4.7
1.1.4.7666.3
1.1.4.7671.5.1.4.16.18.3.4
1.1.4.7743.5.1.1.1.3.9
1.1.4.7757.24.3.7.1
1.1.4.7847.5.1.10.7
1.1.4.7912.11.2.4.1
1.1.4.7942.15.1.4.1
1.1.4.8045.56.1.17.9
1.1.4.8051.13.2.5.8.21.3
1.1.4.8059.3
1.1.4.8102.5.1.4.3.5.4
1.1.4.8107.12.2.4.3
1.1.4.8155.5.1
1.1.4.8159.11
1.1.4.8197.23.2.4.1
1.1.4.8407.5.1.15
1.1.4.8423.5.1.2.1.2.2
1.1.4.8526.11.1.4.13
1.1.4.8601.11.3.4.3
1.1.4.8747.13.2.4
1.1.4.8866.8.2.9
1.1.4.8888.11.1.4
1.1.4.8948.28.1.4.1
1.1.4.9124.16.3.12.6
1.1.4.9162.19.4.17.15.13
1.1.4.9231.14.2.11.10.31
1.1.4.9291.5.1.7.20.7.2
1.1.4.9410.33.2.19
1.1.4.9413.5.1.1.16.11.2
1.1.4.9559.5.1.2.22.14
1.1.4.9591.3
1.1.4.9606.5.1.3.1.12
1.1.4.9645.17.1.8.4
1.1.4.9650.5.1.3
1.1.4.9656.5.1.2.4
1.1.4.9782.10.1.4.1
1.1.4.9834.3
1.1.4.9839.21
1.1.4.9868.5.1.2
1.1.4.9873.31.2
1.1.4.9908.5.1.23.3
1.1.4.9942.5.1.11
1.1.4.9945.18.3.4.1
1.1.4.9961.5.1.3
1.1.4.9981.5.1.5
1.1.4.10017.14.2
1.1.4.10051.3
1.1.4.10067.3
1.1.4.10138.16.2.7
1.1.4.10189.3
1.1.4.10195.13.3.6.6
1.1.4.10214.38.1.19
1.1.4.10276.5.1.7.4.1
1.1.4.10336.5.1
1.1.4.10403.5.1
1.1.4.10523.5.1
1.1.4.10578.5.1.2.2
1.1.4.10757.5.1.10
1.1.4.10858.9.1.8
1.1.4.10871.5.1.1.5.8.2
1.1.4.10886.18.1.20.12.11
1.1.4.10936.5.1.1.1
1.1.4.10990.6
1.1.4.11021.9.3.4.3
1.1.4.11032.5.1.4.1.2.2
1.1.4.11059.15.2.29.10
1.1.4.11068.10.2.11.6
1.1.4.11070.5.1.2.1.3
1.1.4.11117.17.2.9
1.1.4.11235.5.1.3.1.2.1
1.1.4.11270.8.1.7.2
1.1.4.11314.8.2.8.19
1.1.4.11367.14.4.8
1.1.4.11390.15
1.1.4.11454.9.3.8
1.1.4.11576.5.1.1
1.1.4.11610.5.1.14.1.3.2
1.1.4.11697.12.2.4
1.1.4.11740.3
1.1.4.11921.19.1.16.10
1.1.4.11975.5.1.2.14.11.3
1.1.4.12116.8.1.4.6
1.1.4.12164.14.2
1.1.4.12264.18.3.9.5.15
1.1.4.12266.5.1.1.1.2
1.1.4.12305.35.1.25
1.1.4.12319.5.1.3
1.1.4.12349.12.2.4
1.1.4.12396.5.1.4
1.1.4.12458.17.1.30.12
1.1.4.12476.5.1.6.1.9
1.1.4.12508.5.1.3.3.5
1.1.4.12513.10.2.4.2
1.1.4.12675.5.1.4.1.5.1
1.1.4.12967.10.2.8.5.19
1.1.4.12985.5.1.7.2.5.4.2
1.1.4.13056.8.1.4.17
1.1.4.13096.41.1.9.7
1.1.4.13136.6
1.1.4.13197.5.1.2.1.1.1.1.1
1.1.4.13233.5.1.10.7
1.1.4.13298.11.2.4.1
1.1.4.13330.5.1.1.2.4
1.1.4.13397.15.2.14.28.15.4.14
1.1.4.13400.5.1.21.1
1.1.4.13449.5.1.4.3.5.4
1.1.4.13454.12.2.4.3
1.1.4.13505.5.1
1.1.4.13509.11
1.1.4.13751.5.1.3.1
1.1.4.13776.5.1.15
1.1.4.13890.77.4.12.3.23
1.1.4.13892.14.2.6.1.30.13
1.1.4.13983.11.3.4.3
1.1.4.14074.32.3.11.1.7
1.1.4.14077.9.1.10
1.1.4.14149.12.1.8.3.1
1.1.4.14226.3
1.1.4.14241.5.1.5.6.9
1.1.4.14244.5.1.8.12.28
1.1.4.14329.5.1.18.3.5.6
1.1.4.14332.10.1.15
1.1.4.14348.5.1.26.1
1.1.4.14476.5.1
1.1.4.14497.11.1.11
1.1.4.14508.16.3.6.7.14
1.1.4.14529.20.3.6
1.1.4.14600.13.3.5.11.4.4.15
1.1.4.14666.5.1.1.8
1.1.4.14687.25.2.9.10.4.2
1.1.4.14710.37.3.6.3
1.1.4.14779.30.3.8
1.1.4.14942.5.1.2.22.14
1.1.4.14989.15.4
1.1.4.14992.5.1.2.1.8
1.1.4.15038.5.1.1.1.7
1.1.4.15182.10.1.4.1
1.1.4.15225.28.2.16.16
1.1.4.15249.5.1.2
1.1.4.15254.31.2
1.1.4.15328.5.1.8.11.19
1.1.4.15344.37.1.13.6
1.1.4.15369.5.1.5
1.1.4.15453.3
1.1.4.15516.8.2.10
1.1.4.15521.11
1.1.4.15578.3
1.1.4.15584.13.3.6.6
1.1.4.15603.38.1.19
1.1.4.15743.5.1
1.1.4.15909.5.1.4
1.1.4.15924.15.2.8.1.26.5
1.1.4.15934.5.1.11.1.1.5
1.1.4.15943.28.3.8.6.4
1.1.4.16153.5.1.10
1.1.4.16270.21.1.4.2.2
1.1.4.16364.6
1.1.4.16394.9.3.4.3
1.1.4.16405.5.1.4.1.2.2
1.1.4.16431.15.2.29.10
1.1.4.16440.10.2.11.6
1.1.4.16442.5.1.2.1.3
1.1.4.16486.17.2.9
1.1.4.16537.9.2.8
1.1.4.16557.14.2
1.1.4.16593.46.2.33
1.1.4.16672.8.2.8.19
1.1.4.16728.5.1.2.3.18.1
1.1.4.16734.24.1.16
1.1.4.16812.9.3.8
1.1.4.16931.5.1.1
1.1.4.17085.13.2.7.6.13.3.3
1.1.4.17122.13.1.4.4
1.1.4.17319.5.1.2.14.10.3
1.1.4.17400.5.1.9.9
1.1.4.17438.5.1.1.2.24
1.1.4.17473.11.2.9.11
1.1.4.17631.18.3.9.5.15
1.1.4.17633.5.1.1.1.2
1.1.4.17672.36.1.4.35
1.1.4.17676.12.4.12
1.1.4.17752.5.1.4
1.1.4.17818.17.1.30.12
1.1.4.17836.5.1.6.1.9
1.1.4.17868.5.1.3.3.5
1.1.4.17873.10.2.4.2
1.1.4.18015.17.3.14.15.12
1.1.4.18351.5.1.7.2.5.4.2
1.1.4.18422.8.1.4.17
1.1.4.18490.5.1.1.1.3.9
1.1.4.18504.24.3.7.1
1.1.4.18562.5.1.2.1.1.1.1.12
1.1.4.18598.5.1.10.7
1.1.4.18672.11.2.4.1
1.1.4.18702.15.1.4.1
1.1.4.18789.15.2.14.34.14.4.9
1.1.4.18792.5.1.21.1
1.1.4.18838.5.1.4.3.5.4
1.1.4.18843.12.2.4.3
1.1.4.18883.5.1.2.14
1.1.4.18927.23.2.4.1
1.1.4.19023.14.1.4
1.1.4.19111.5.1.3.1
1.1.4.19136.5.1.15
1.1.4.19238.11.1.4.13
1.1.4.19335.11.3.4.3
1.1.4.19434.28.2.13.1.8
1.1.4.19448.5.1
1.1.4.19486.18.3.4
1.1.4.19514.22.1.15.9
1.1.4.19589.5.1.5.8.14
1.1.4.19592.5.1.8.14.33
1.1.4.19680.5.1.18.3.5.6
1.1.4.19699.5.1.26.1
1.1.4.19847.11.2.10
1.1.4.19848.5.1.4.7
1.1.4.19852.5.1
1.1.4.19876.5.1.2
1.1.4.19904.13.1.17.5.7.5.17
1.1.4.19968.14.2.16.10.10
1.1.4.20027.5.1.7.20.7.2
1.1.4.20296.5.1.2.22.14
1.1.4.20341.15.4
1.1.4.20344.5.1.2.1.8
1.1.4.20390.5.1.1.1.7
1.1.4.20532.14.4.5.2
1.1.4.20586.3
1.1.4.20601.5.1
1.1.4.20625.5.1.2
1.1.4.20630.31.2
1.1.4.20702.5.1.4.1.18
1.1.4.20709.10.1.7.2
1.1.4.20724.37.1.13.6
1.1.4.20749.5.1.5
1.1.4.20785.14.2
1.1.4.20813.3
1.1.4.20829.3
1.1.4.20903.16.2.7
1.1.4.20956.3
1.1.4.20962.13.3.6.6
1.1.4.20981.38.1.19
1.1.4.21059.5.1.7.4.1
1.1.4.21121.5.1
1.1.4.21207.5.1.1.17
1.1.4.21389.5.1.2.2
1.1.4.21556.5.1.10
1.1.4.21660.9.1.8
1.1.4.21673.5.1.1.5.8.2
1.1.4.21726.5.1.1.1
1.1.4.21775.6
1.1.4.21816.5.1.5
1.1.4.21828.17.1.43
1.1.4.21862.5.1.2
1.1.4.21915.10.1.4.8
1.1.4.21975.9.2.8
1.1.4.21995.14.2
1.1.4.22027.46.2.33
1.1.4.22063.8.1.7.2
1.1.4.22107.8.2.8.19
1.1.4.22166.14.4.8
1.1.4.22187.15
1.1.4.22239.21.2.12.7.3
1.1.4.22245.5.1.1.2
1.1.4.22335.15.2.21.11
1.1.4.22376.5.1.1
1.1.4.22410.5.1.14.1.3.2
1.1.4.22497.12.2.4
1.1.4.22543.13.2.7.6.12.2.3
1.1.4.22580.13.1.4.4
1.1.4.22776.31.3.4
1.1.4.22864.5.1.9.9
1.1.4.22931.8.1.4.6
1.1.4.22979.14.2
1.1.4.22984.15.2.6.1
1.1.4.23007.5.1.1
1.1.4.23090.18.3.9.5.15
1.1.4.23092.5.1.1.1.2
1.1.4.23131.35.1.25
1.1.4.23140.5.1.13.1.5.1.18
1.1.4.23211.5.1.4
1.1.4.23259.17.1.30.12
1.1.4.23277.5.1.6.1.9
1.1.4.23309.5.1.3.3.5
1.1.4.23314.10.2.4.2
1.1.4.23397.5.1
1.1.4.23476.5.1.4.1.5.1
1.1.4.23791.5.1.7.2.5.4.2
1.1.4.23862.8.1.4.17
1.1.4.23899.41.1.9.5
1.1.4.23931.5.1.14.2
1.1.4.23939.6
1.1.4.24034.5.1.1.1.31.2
1.1.4.24100.11.2.4.1
1.1.4.24123.5.1.2.1.5.2.5
1.1.4.24201.13.1.18
1.1.4.24269.12.2.4.3
1.1.4.24317.5.1
1.1.4.24321.11
1.1.4.24402.15.2.13
1.1.4.24455.14.1.4
1.1.4.24567.5.1.15
1.1.4.24583.5.1.2.1.2.2
1.1.4.24692.11.1.4.15
1.1.4.24797.11.3.4.3
1.1.4.24896.10.1.7.8
1.1.4.24910.5.1.13.1.1.1
1.1.4.24945.13.2.4
1.1.4.24974.41.1.11.6.1
1.1.4.25049.3
1.1.4.25064.5.1.5.6.9
1.1.4.25067.5.1.8.12.28
1.1.4.25149.28.1.4.1
1.1.4.25303.11.2.10
1.1.4.25304.5.1.4.7
1.1.4.25308.5.1
1.1.4.25328.29.2
1.1.4.25341.16.3.6.7.28
1.1.4.25361.11.3.26.29
1.1.4.25430.14.2.11.10.31
1.1.4.25478.5.1.7.20.7.2
1.1.4.25679.5.1
1.1.4.25744.5.1.2.3.60
1.1.4.25776.3
1.1.4.25796.9.2.13.5
1.1.4.25844.5.1.1.1.7
1.1.4.25992.5.1.41
1.1.4.26050.3
1.1.4.26055.21
1.1.4.26082.5.1.2
1.1.4.26087.31.2
1.1.4.26162.5.1.1.1.12.3.6.1
1.1.4.26167.10.1.7.2
1.1.4.26188.5.1.3.4.22.2.2
1.1.4.26213.5.1.5
1.1.4.26286.3
1.1.4.26371.8.2.10
1.1.4.26376.11
1.1.4.26434.3
1.1.4.26440.13.3.6.6
1.1.4.26459.38.1.19
1.1.4.26680.5.1.4.3
1.1.4.26786.15.2.8.1.33.5
1.1.4.26804.9.2.19.28.24
1.1.4.27036.5.1.11.1.2
1.1.4.27141.9.1.8
1.1.4.27154.5.1.1.5.8.2
1.1.4.27273.6
1.1.4.27311.5.1.5
1.1.4.27323.17.1.43
1.1.4.27357.5.1.2
1.1.4.27405.10.1.4.12
1.1.4.27471.9.2.8
1.1.4.27491.14.2
1.1.4.27523.46.2.33
1.1.4.27559.8.1.7.2
1.1.4.27603.8.2.8.19
1.1.4.27662.14.4.8
1.1.4.27685.15
1.1.4.27749.9.3.8
1.1.4.27863.9.1.6
1.1.4.27880.5.1.1
1.1.4.28033.13.2.7.6.13.3.3
1.1.4.28068.13.1.4.4
1.1.4.28250.16.2.11.10.11.6
1.1.4.28331.5.1.9.9
1.1.4.28411.11.2.9.11
1.1.4.28431.14.1.11.3
1.1.4.28480.22.2.6.5.8.1.2
1.1.4.28557.18.3.9.5.15
1.1.4.28559.5.1.1.1.2
1.1.4.28598.35.1.25
1.1.4.28607.5.1.13.1.5.1.18
1.1.4.28680.5.1.4
1.1.4.28746.17.1.30.12
1.1.4.28764.5.1.6.1.9
1.1.4.28796.5.1.3.3.5
1.1.4.28801.10.2.4.2
1.1.4.28929.5.1.21.1.3.1
1.1.4.28936.5.1
1.1.4.28937.22.10.12.7.5
1.1.4.29259.9.2.4.7
1.1.4.29321.3
1.1.4.29326.5.1.4.16.18.3.4
1.1.4.29407.5.1.1.1.3.9
1.1.4.29421.24.3.7.1
1.1.4.29489.5.1.2.1.1.1.1.1
1.1.4.29525.5.1.10.7
1.1.4.29592.11.2.4.1
1.1.4.29619.15.1.4.1
1.1.4.29700.15.2.14.34.14.4.6
1.1.4.29703.5.1.21.1
1.1.4.29751.5.1.4.3.5.4
1.1.4.29756.12.2.4.3
1.1.4.29761.5.1.13.2
1.1.4.29802.5.1.2.14
1.1.4.29849.23.2.4.1
1.1.4.29935.14.1.4
1.1.4.30067.5.1.15
1.1.4.30083.5.1.2.1.2.2
1.1.4.30273.11.3.4.3
1.1.4.30369.32.3.11.1.7
1.1.4.30372.9.1.10
1.1.4.30443.12.1.7.3.3
1.1.4.30620.28.1.4.1
1.1.4.30771.11.2.10
1.1.4.30772.5.1.4.7
1.1.4.30776.5.1
1.1.4.30804.26.2.19.9
1.1.4.30836.13.1.17.5.7.4.8
1.1.4.30905.14.2.11.10.31
1.1.4.30968.5.1.3.3.7.3.9.5
1.1.4.31079.30.3.8
1.1.4.31157.24.2.18
1.1.4.31242.5.1.2.22.14
1.1.4.31287.15.4
1.1.4.31290.5.1.2.1.8
1.1.4.31336.5.1.1.1.7
1.1.4.31473.10.1.4.1
1.1.4.31516.28.2.16.16
1.1.4.31545.5.1.2
1.1.4.31550.31.2
1.1.4.31624.5.1.8.11.19
1.1.4.31640.37.1.13.6
1.1.4.31665.5.1.5
1.1.4.31735.3
1.1.4.31762.16.1.9
1.1.4.31814.8.2.10
1.1.4.31819.11
1.1.4.31876.3
1.1.4.31882.13.3.6.6
1.1.4.31901.38.1.19
1.1.4.31962.5.1.7.4.1
1.1.4.32125.5.1
1.1.4.32229.15.2.8.1.33.5
1.1.4.32239.5.1.11.1.1.5
1.1.4.32249.5.1.4.24
1.1.4.32389.49.3.47.1.3.2
1.1.4.32459.5.1.10
1.1.4.32567.9.1.8
1.1.4.32580.5.1.1.5.8.2
1.1.4.32633.5.1.1.1
1.1.4.32638.9.1.16
1.1.4.32683.6
1.1.4.32710.9.3.4.3
1.1.4.32721.25.2.19.1.35.1
1.1.4.32745.15.2.29.10
1.1.4.32754.10.2.11.6
1.1.4.32756.5.1.2.1.3
1.1.4.32796.18.2.11.1.10
1.1.4.32850.13.2.10.5
1.1.4.32899.46.2.33
1.1.4.32986.8.2.8.19
1.1.4.33047.14.4.8
1.1.4.33070.15
1.1.4.33134.9.3.8
1.1.4.33251.5.1.1
1.1.4.33286.5.1.14.1.3.2
1.1.4.33425.3
1.1.4.33567.5.1.13.1
1.1.4.33638.5.1.2.14.11.3
1.1.4.33660.3
1.1.4.33736.5.1.9.9
1.1.4.33771.39.6.21.43
1.1.4.33807.11.2.9.11
1.1.4.33827.14.1.11.3
1.1.4.33873.5.1.1
1.1.4.33960.18.3.9.5.15
1.1.4.33962.5.1.1.1.2
1.1.4.34001.35.1.25
1.1.4.34010.5.1.13.1.5.1.18
1.1.4.34089.5.1.4
1.1.4.34151.17.1.30.12
1.1.4.34169.5.1.6.1.9
1.1.4.34201.5.1.3.3.5
1.1.4.34206.10.2.4.2
1.1.4.34350.17.3.14.15.12
1.1.4.34471.24.2.12
1.1.4.34683.5.1.7.2.5.4.2
1.1.4.34753.5.1.5.2.8
1.1.4.34757.5.1.4.16.18.3.4
1.1.4.34816.5.1.14
1.1.4.34847.5.1.1.1.3.4
1.1.4.34861.24.3.7.1
1.1.4.34943.5.1.30.12
1.1.4.34951.5.1.10.7
1.1.4.35016.11.2.4.1
1.1.4.35042.5.1.1
1.1.4.35118.13.1.18
1.1.4.35140.5.1.5.1.3.1
1.1.4.35187.12.2.4.3
1.1.4.35238.5.1
1.1.4.35242.11
1.1.4.35480.5.1.3.1
1.1.4.35505.5.1.15
1.1.4.35521.5.1.2.1.2.2
1.1.4.35614.9.1.5.5
1.1.4.35708.11.3.4.3
1.1.4.35881.5.1
1.1.4.35892.5.1.3.3.12.1.23.9
1.1.4.35978.5.1.6.3.4.1
1.1.5.36016.11.1.4
1.1.5.36076.28.1.4.1
1.1.5.36234.5.1
1.1.5.36255.11.1.11
1.1.5.36266.16.3.6.7.14
1.1.5.36286.11.3.26.29
1.1.5.36365.14.2.11.10.31
1.1.5.36419.5.1.7.20.7.2
1.1.5.36535.33.2.19
1.1.5.36538.5.1.1.16.11.2
1.1.5.36685.5.1.2.22.14
1.1.5.36730.15.4
1.1.5.36733.5.1.2.1.8
1.1.5.36779.5.1.1.1.7
1.1.5.36916.5.1
1.1.5.36980.28.2.16.16
1.1.5.37102.5.1.1.1.12.3.6.1
1.1.5.37107.10.1.7.2
1.1.5.37124.37.1.13.6
1.1.5.37149.5.1.5
1.1.5.37219.3
1.1.5.37304.8.2.10
1.1.5.37309.11
1.1.5.37366.3
1.1.5.37369.3
1.1.5.37413.13.3.7.1.12.2.8
1.1.5.37465.13.2.9
1.1.5.37531.5.1
1.1.5.37598.5.1
1.1.5.37697.15.2.8.1.33.5
1.1.5.37707.5.1.11.1.1.5
1.1.5.37716.28.3.8.6.4
1.1.5.37947.5.1.10
1.1.5.38053.9.1.8
1.1.5.38066.5.1.1.5.8.2
1.1.5.38178.6
1.1.5.38209.9.3.4.3
1.1.5.38220.5.1.4.1.2.2
1.1.5.38246.15.2.29.10
1.1.5.38255.10.2.11.6
1.1.5.38257.5.1.2.1.3
1.1.5.38300.18.2.11.1.10
1.1.5.38355.9.2.8
1.1.5.38375.14.2
1.1.5.38407.46.2.33
1.1.5.38494.8.2.8.19
1.1.5.38542.5.1.17.12.3.1
1.1.5.38545.13.3.11.6.5.2.21
1.1.5.38554.18.3.18.13.11.1
1.1.5.38603.5.1.3.1.3.1
1.1.5.38604.3
1.1.5.38719.9.1.6
1.1.5.38736.5.1.1
1.1.5.38792.21.1.13
1.1.5.38794.6
1.1.5.38854.12.2.4
1.1.5.38897.3
1.1.5.38941.5.1.1
1.1.5.39133.31.3.4
1.1.5.39146.5.1.10.9.26
1.1.5.39214.5.1.9.9
1.1.5.39279.8.1.4.6
1.1.5.39300.14.1.11.3
1.1.5.39326.5.1.2.1
1.1.5.39437.18.3.9.5.15
1.1.5.39439.5.1.1.1.2
1.1.5.39478.35.1.25
1.1.5.39487.5.1.13.1.5.1.18
1.1.5.39566.5.1.4
1.1.5.39668.5.1.3.4.6
1.1.5.39673.10.2.4.2
1.1.5.39756.5.1
1.1.5.39769.5.1.1.1
1.1.5.39811.5.1.21.1.3.1
1.1.5.39818.5.1
1.1.5.39819.22.10.12.7.5
1.1.5.40156.5.1.7.2.5.4.2
1.1.5.40226.5.1.5.2.8
1.1.5.40230.5.1.4.16.18.3.4
1.1.5.40244.5.1.2.11
1.1.5.40272.12.1.4.36
1.1.5.40283.6
1.1.5.40294.5.1.14.2
1.1.5.40302.6
1.1.5.40376.5.1.30.12
1.1.5.40384.5.1.10.7
1.1.5.40449.11.2.4.1
1.1.5.40472.5.1.2.1.5.2.5
1.1.5.40556.15.2.14.28.15.4.14
1.1.5.40559.5.1.21.1
1.1.5.40632.12.2.4.3
1.1.5.40672.5.1.2.14
1.1.5.40715.23.2.4.1
1.1.5.40756.15.2.13
1.1.5.40889.5.1.3.1
1.1.5.40914.5.1.15
1.1.5.40930.5.1.2.1.2.2
1.1.5.41029.11.1.4.26
1.1.5.41104.11.3.4.3
1.1.5.41200.32.3.11.1.7
1.1.5.41203.9.1.10
1.1.5.41279.69.1.50.28
1.1.5.41346.5.1.6.3.4.1
1.1.5.41443.5.1.18.3.5.6
1.1.5.41446.10.1.15
1.1.5.41588.11.2.10
1.1.5.41589.5.1.4.7
1.1.5.41593.5.1
1.1.5.41617.5.1.2
1.1.5.41645.13.1.17.5.7.5.17
1.1.5.41714.14.2.11.10.31
1.1.5.41771.68.1.19
1.1.5.41771.68.3.4.12.15
1.1.5.41787.5.1.2.1.21.5
1.1.5.41888.33.2.19
1.1.5.41891.5.1.1.16.11.2
1.1.5.42029.5.1.2.22.14
1.1.5.42061.3
1.1.5.42076.5.1.3.1.12
1.1.5.42114.17.1.8.4
1.1.5.42119.5.1.3
1.1.5.42125.5.1.2.4
1.1.5.42181.31.1.13
1.1.5.42261.10.1.4.1
1.1.5.42304.28.2.16.16
1.1.5.42330.5.1.2
1.1.5.42335.31.2
1.1.5.42405.22.3.13
1.1.5.42410.16.2.8.7.1
1.1.5.42426.12.1.15.4
1.1.5.42451.5.1.5
1.1.5.42490.14.2
1.1.5.42524.3
1.1.5.42551.16.1.9
1.1.5.42601.8.2.10
1.1.5.42606.11
1.1.5.42663.3
1.1.5.42669.13.3.6.6
1.1.5.42688.38.1.19
1.1.5.42927.5.1
1.1.5.43095.5.1.2.2
1.1.5.43190.49.3.47.1.3.2
1.1.5.43258.5.1.10
1.1.5.43362.9.1.8
1.1.5.43375.5.1.1.5.8.2
1.1.5.43486.6
1.1.5.43513.9.3.4.3
1.1.5.43524.25.2.19.1.35.1
1.1.5.43548.15.2.29.10
1.1.5.43557.10.2.11.6
1.1.5.43559.5.1.2.1.3
1.1.5.43602.18.2.11.1.10
1.1.5.43737.76.2.4.1
1.1.5.43812.8.2.8.19
1.1.5.43872.14.4.8
1.1.5.43893.15
1.1.5.43957.9.3.8
1.1.5.44058.15.2.21.11
1.1.5.44080.9.1.6
1.1.5.44097.5.1.1
1.1.5.44250.13.2.7.6.13.3.3
1.1.5.44287.13.1.4.4
1.1.5.44475.31.3.4
1.1.5.44626.11.2.9.11
1.1.5.44646.14.1.11.3
1.1.5.44664.21.1.14
1.1.5.44668.5.1.9.1.1.4.9
1.1.5.44730.6
1.1.5.44753.5.1.8.7.8
1.1.5.44756.15.2.6.4.11.1.16
1.1.5.44791.35.1.25
1.1.5.44800.5.1.13.1.5.1.33
1.1.5.44872.5.1.4
1.1.5.44932.17.1.30.12
1.1.5.44950.5.1.6.1.9
1.1.5.44982.5.1.3.3.5
1.1.5.44987.10.2.4.2
1.1.5.45135.17.3.14.15.12
1.1.5.45324.34.2.19.7
1.1.5.45469.5.1.7.2.5.4.2
1.1.5.45540.8.1.4.17
1.1.5.45603.5.1.1.1.3.9
1.1.5.45617.24.3.7.1
1.1.5.45684.5.1.2.1.1.1.1.1
1.1.5.45720.5.1.10.7
1.1.5.45785.11.2.4.1
1.1.5.45808.5.1.2.1.5.2.5
1.1.5.45886.13.1.18
1.1.5.45925.15.2
1.1.5.45943.10.2.4
1.1.5.45992.5.1.2.12
1.1.5.46035.23.2.4.1
1.1.5.46077.15.2.13
1.1.5.46247.5.1
1.1.5.46439.11.3.4.3
1.1.5.46534.13.3.11.1.49
1.1.5.46537.9.1.10
1.1.5.46581.18.3.4
1.1.5.46608.5.1.20.7
1.1.5.46660.3
1.1.5.46675.5.1.5.6.9
1.1.5.46678.5.1.8.12.28
1.1.5.46766.5.1.18.3.5.6
1.1.5.46919.11.2.10
1.1.5.46920.5.1.4.7
1.1.5.46924.5.1
1.1.5.46948.5.1.2
1.1.5.46976.13.1.17.5.7.5.17
1.1.5.47045.14.2.11.10.31
1.1.5.47105.68.1.19
1.1.5.47105.68.3.4.12.15
1.1.5.47374.5.1.2.22.14
1.1.5.47419.15.4
1.1.5.47422.5.1.2.1.8
1.1.5.47468.5.1.1.1.7
1.1.5.47607.10.1.4.1
1.1.5.47690.5.1.2
1.1.5.47695.31.2
1.1.5.47770.5.1.1.1.12.3.6.1
1.1.5.47775.10.1.7.2
1.1.5.47793.5.1.1.1.1
1.1.5.47813.5.1.13.3.23
1.1.5.47851.19.1.12
1.1.5.47890.3
1.1.5.47972.8.2.10
1.1.5.47977.11
1.1.5.48034.3
1.1.5.48040.13.3.6.6
1.1.5.48059.38.1.19
1.1.5.48120.5.1.7.4.1
1.1.5.48171.5.1
1.1.5.48244.5.1
1.1.5.48378.5.1
1.1.5.48596.5.1.10
1.1.5.48702.9.1.8
1.1.5.48715.5.1.1.5.8.2
1.1.5.48730.18.1.20.12.11
1.1.5.48787.9.1.16
1.1.5.48831.6
1.1.5.48872.5.1.5
1.1.5.48884.17.1.43
1.1.5.48918.5.1.2
1.1.5.48970.10.1.4.12
1.1.5.49020.9.2.8
1.1.5.49081.46.2.33
1.1.5.49168.8.2.8.19
1.1.5.49225.5.1.17.12.3.1
1.1.5.49228.13.3.11.6.5.2.21
1.1.5.49237.18.3.18.13.11.1
1.1.5.49286.5.1.3.1.3.1
1.1.5.49287.3
1.1.5.49289.18.2.15.11
1.1.5.49383.15.2.21.11
1.1.5.49427.5.1.11.6.4
1.1.5.49588.13.2.7.6.13.3.3
1.1.5.49625.13.1.4.4
1.1.5.49818.31.3.4
1.1.5.49831.5.1.10.9.25
1.1.5.49899.5.1.9.9
1.1.5.49937.5.1.1.2.24
1.1.5.49972.11.2.9.11
1.1.5.50019.14.2
1.1.5.50048.5.1.1
1.1.5.50131.18.3.9.5.15
1.1.5.50133.5.1.1.1.2
1.1.5.50172.35.1.25
1.1.5.50181.5.1.13.1.5.1.18
1.1.5.50260.5.1.4
1.1.5.50322.17.1.30.12
1.1.5.50340.5.1.6.1.9
1.1.5.50372.5.1.3.3.5
1.1.5.50377.10.2.4.2
1.1.5.50575.19.1.8
1.1.5.50817.10.2.8.5.17
1.1.5.50835.5.1.7.2.5.4.2
1.1.5.50905.5.1.5.2.28
1.1.5.50909.5.1.4.16.18.3.4
1.1.5.50923.5.1.2.11
1.1.5.50984.5.1.1.1.3.9
1.1.5.50998.24.3.7.1
1.1.5.51055.5.1.2.1.1.1.1.1
1.1.5.51092.5.1.1.1.17.2
1.1.5.51156.11.2.4.1
1.1.5.51186.15.1.4.1
1.1.5.51262.5.1.5.2
1.1.5.51307.5.1.4.3.5.4
1.1.5.51312.12.2.4.3
1.1.5.51317.5.1.13.2
1.1.5.51364.5.1
1.1.5.51368.11
1.1.5.51406.23.2.4.1
1.1.5.51632.5.1
1.1.5.51743.11.1.4.26
1.1.5.51823.11.3.4.3
1.1.5.51918.32.3.11.1.7
1.1.5.51966.5.1.2.10
1.1.5.51998.69.1.50.28
1.1.5.52066.5.1.6.3.4.1
1.1.5.52107.11.1.4
1.1.5.52170.28.1.4.1
1.1.5.52337.11.2.10
1.1.5.52338.5.1.4.7
1.1.5.52342.5.1
1.1.5.52370.26.2.19.9
1.1.5.52402.13.1.17.5.7.4.8
1.1.5.52466.14.2.16.10.10
1.1.5.52531.5.1.1.8
1.1.5.52552.25.2.9.10.4.2
1.1.5.52575.37.3.6.3
1.1.5.52654.30.3.8
1.1.5.52812.5.1.2.22.14
1.1.5.52844.3
1.1.5.52859.5.1.3.1.12
1.1.5.52897.17.1.8.4
1.1.5.52902.5.1.3
1.1.5.52908.5.1.2.4
1.1.5.53037.10.1.4.1
1.1.5.53080.28.2.16.16
1.1.5.53107.5.1.2
1.1.5.53112.31.2
1.1.5.53176.17.2.10
1.1.5.53195.5.1.1.1.12.3.6.1
1.1.5.53200.10.1.7.2
1.1.5.53215.37.1.13.6
1.1.5.53240.5.1.5
1.1.5.53310.3
1.1.5.53392.8.2.10
1.1.5.53397.11
1.1.5.53455.3
1.1.5.53461.13.3.6.6
1.1.5.53480.38.1.19
1.1.5.53553.5.1.7.4.1
1.1.5.53626.3
1.1.5.53699.5.1
1.1.5.53793.15.2.8.1.33.5
1.1.5.53803.5.1.11.1.1.5
1.1.5.53812.28.3.8.6.4
1.1.5.53867.5.1.2.2
1.1.5.54051.5.1.10
1.1.5.54159.9.1.8
1.1.5.54172.5.1.1.5.8.2
1.1.5.54242.9.1.16
1.1.5.54286.6
1.1.5.54327.5.1.5
1.1.5.54339.17.1.43
1.1.5.54373.5.1.2
1.1.5.54426.10.1.4.8
1.1.5.54485.9.2.8
1.1.5.54505.14.2
1.1.5.54537.46.2.33
1.1.5.54573.8.1.7.2
1.1.5.54617.8.2.8.19
1.1.5.54684.24.1.16
1.1.5.54699.15
1.1.5.54763.9.3.8
1.1.5.54880.9.1.6
1.1.5.54897.5.1.1
1.1.5.55069.5.1.2.10.25
1.1.5.55277.16.2.11.10.11.6
1.1.5.55358.5.1.9.9
1.1.5.55393.39.6.21.43
1.1.5.55420.8.1.4.6
1.1.5.55441.14.1.11.3
1.1.5.55564.18.3.9.5.15
1.1.5.55566.5.1.1.1.2
1.1.5.55605.35.1.25
1.1.5.55619.5.1.3
1.1.5.55649.12.2.4
1.1.5.55696.5.1.4
1.1.5.55798.5.1.3.4.6
1.1.5.55803.10.2.4.2
1.1.5.55841.18.2.11
1.1.5.55944.17.3.14.15.12
1.1.5.56014.19.1.8
1.1.5.56284.5.1.7.2.5.4.2
1.1.5.56405.41.1.9.5
1.1.5.56437.5.1.14.2
1.1.5.56445.6
1.1.5.56539.5.1.10.7
1.1.5.56606.11.2.4.1
1.1.5.56638.5.1.1.2.4
1.1.5.56714.13.1.18
1.1.5.56752.49.2
1.1.5.56770.10.2.4
1.1.5.56827.5.1
1.1.5.56831.11
1.1.5.56973.14.1.4
1.1.5.57097.5.1.15
1.1.5.57209.11.1.4.13
1.1.5.57284.11.3.4.3
1.1.5.57377.53.4.17
1.1.5.57391.5.1
1.1.5.57424.18.3.4
1.1.5.57455.69.1.50.28
1.1.5.57507.3
1.1.5.57522.5.1.5.6.9
1.1.5.57525.5.1.8.12.28
1.1.5.57610.5.1.18.3.5.6
1.1.5.57613.10.1.15
1.1.5.57755.5.1.2.2.34.10
1.1.5.57776.20.2
1.1.5.57787.5.1.9
1.1.5.57806.19.4.17.15.13
1.1.5.57875.14.2.11.10.31
1.1.5.57924.5.1.7.20.7.2
1.1.5.58048.33.2.14
1.1.5.58051.5.1.1.16.11.2
1.1.5.58202.5.1.2.22.14
1.1.5.58247.15.4
1.1.5.58250.5.1.2.1.8
1.1.5.58296.5.1.1.1.7
1.1.5.58437.14.4.5.2
1.1.5.58488.28.2.16.16
1.1.5.58520.5.1.2.5.8
1.1.5.58540.5.1.4.2.9
1.1.5.58612.5.1.4.1.5
1.1.5.58619.10.1.7.2
1.1.5.58637.24.1.28.11
1.1.5.58659.5.1.5
1.1.5.58732.3
1.1.5.58748.3
1.1.5.58810.8.2.10
1.1.5.58815.11
1.1.5.58872.3
1.1.5.58875.3
1.1.5.58919.13.3.7.1.12.2.8
1.1.5.58971.13.2.9
1.1.5.59037.5.1
1.1.5.59104.5.1
1.1.5.59215.15.2.8.1.33.5
1.1.5.59233.9.2.19.28.24
1.1.5.59284.5.1.2.2
1.1.5.59463.5.1.10
1.1.5.59689.6
1.1.5.59719.9.3.4.3
1.1.5.59730.5.1.4.1.2.2
1.1.5.59756.15.2.29.10
1.1.5.59765.10.2.11.6
1.1.5.59767.5.1.2.1.3
1.1.5.59814.17.2.9
1.1.5.59869.9.2.8
1.1.5.59889.14.2
1.1.5.59932.24.2.10
1.1.5.59962.8.1.7.2
1.1.5.60006.8.2.8.19
1.1.5.60063.5.1.17.12.3.1
1.1.5.60066.13.3.11.6.5.2.21
1.1.5.60075.18.3.18.13.11.1
1.1.5.60233.5.1
1.1.5.60251.5.1.13.1.7.1.2
1.1.5.60295.6
1.1.5.60409.13.2.7.6.13.3.3
1.1.5.60446.13.1.4.4
1.1.5.60620.9.2.30
1.1.5.60633.5.1.8.1.3.1
1.1.5.60743.39.6.21.43
1.1.5.60779.11.2.9.11
1.1.5.60793.5.1.2.12.34.3.5
1.1.5.60819.3
1.1.5.60820.15.3.10.1
1.1.5.60822.9.1.8.2
1.1.5.60926.18.3.9.5.15
1.1.5.60928.5.1.1.1.2
1.1.5.60967.35.1.25
1.1.5.60976.5.1.13.1.5.1.18
1.1.5.61050.5.1.4
1.1.5.61119.17.1.30.12
1.1.5.61137.5.1.6.1.9
1.1.5.61169.5.1.3.3.5
1.1.5.61174.10.2.4.2
1.1.5.61212.18.2.11
1.1.5.61313.17.3.14.15.12
1.1.5.61386.19.1.8
1.1.5.61660.5.1.7.2.5.4.2
1.1.5.61735.5.1.5.2.33
1.1.5.61739.5.1.4.16.18.3.4
1.1.5.61813.5.1.1.1.3.9
1.1.5.61827.24.3.7.1
1.1.5.61906.5.1.30.12
1.1.5.61914.5.1.10.7
1.1.5.61982.11.2.4.1
1.1.5.62005.5.1.2.1.5.2.5
1.1.5.62091.15.2.34.32.9.5.6
1.1.5.62094.5.1.21.1
1.1.5.62144.5.1.4.3.5.4
1.1.5.62149.12.2.4.3
1.1.5.62154.5.1.13.2
1.1.5.62201.5.1
1.1.5.62205.11
1.1.5.62461.5.1
1.1.5.62560.11.1.4.13
1.1.5.62635.11.3.4.3
1.1.5.62748.5.1.13.1.1.1
1.1.5.62790.18.3.4
1.1.5.62817.5.1.20.7
1.1.5.62895.8.2.9
1.1.5.62916.11.1.4
1.1.5.62976.28.1.4.1
1.1.5.63153.16.3.12.6
1.1.5.63189.19.4.17.15.13
1.1.5.63259.14.2.11.10.31
1.1.5.63320.5.1.3.3.7.3.9.8
1.1.5.63439.5.1
1.1.5.63589.5.1.2.22.14
1.1.5.63621.3
1.1.5.63636.5.1.3.1.12
1.1.5.63674.17.1.8.4
1.1.5.63679.5.1.3
1.1.5.63685.5.1.2.4
1.1.5.63742.31.1.13
1.1.5.63825.5.1.41
1.1.5.63878.3
1.1.5.63893.5.1
1.1.5.63916.5.1.2
1.1.5.63921.31.2
1.1.5.63995.5.1.8.11.19
1.1.5.64018.5.1.4
1.1.5.64040.5.1.5
1.1.5.64076.14.2
1.1.5.64187.16.2.7
1.1.5.64238.3
1.1.5.64244.13.3.6.6
1.1.5.64263.38.1.19
1.1.5.64503.5.1
1.1.5.64599.15.2.8.1.33.5
1.1.5.64617.5.1.14.27
1.1.5.64625.14.3
1.1.5.64766.34.2.4.9
1.1.5.64840.5.1.10
1.1.5.64947.9.1.8
1.1.5.64960.5.1.1.5.8.2
1.1.5.64975.18.1.20.12.11
1.1.5.65075.6
1.1.5.65106.9.3.4.3
1.1.5.65117.5.1.4.1.2.2
1.1.5.65149.10.2.11.6
1.1.5.65151.5.1.2.1.3
1.1.5.65195.17.2.9
1.1.5.65248.9.2.8
1.1.5.65268.14.2
1.1.5.65300.46.2.33
1.1.5.65379.8.2.8.19
1.1.5.65439.14.4.8
1.1.5.65462.15
1.1.5.65526.9.3.8
1.1.5.65636.9.1.6
1.1.5.65653.5.1.1
1.1.5.65699.6
1.1.5.65804.5.1.2.10.25
1.1.5.65841.5.1.1
1.1.5.65963.5.1.28.6
1.1.5.65984.33.1.22.15
1.1.5.66038.5.1.2.14.10.3
1.1.5.66060.3
1.1.5.66134.5.1.9.9
1.1.5.66210.11.2.9.10
1.1.5.66375.18.3.9.5.15
1.1.5.66377.5.1.1.1.2
1.1.5.66416.36.1.4.35
1.1.5.66425.11.1.5.9
1.1.5.66427.3
1.1.5.66501.5.1.4
1.1.5.66561.17.1.30.12
1.1.5.66579.5.1.6.1.9
1.1.5.66611.5.1.3.3.5
1.1.5.66616.10.2.4.2
1.1.5.66750.5.1.21.1.3.1
1.1.5.66757.5.1
1.1.5.66758.22.10.12.7.5
1.1.5.66770.31.2.14
1.1.5.66785.5.1.4.1.5.1
1.1.5.67092.5.1.7.2.5.4.2
1.1.5.67160.3
1.1.5.67165.5.1.4.16.18.3.4
1.1.5.67246.5.1.1.1.3.9
1.1.5.67260.24.3.7.1
1.1.5.67339.5.1.30.12
1.1.5.67347.5.1.10.7
1.1.5.67414.11.2.4.1
1.1.5.67437.5.1.2.1.5.2.5
1.1.5.67528.15.2.34.32.9.5.9
1.1.5.67531.5.1.21.1
1.1.5.67581.5.1.4.3.5.4
1.1.5.67586.12.2.4.3
1.1.5.67634.5.1
1.1.5.67638.11
1.1.5.67899.10.2.24.8.5
1.1.5.68006.11.1.4.13
1.1.5.68054.30.1.9.13
1.1.5.68092.11.3.4.3
1.1.5.68240.13.2.4
1.1.5.68274.8.1.37.27.33
1.1.5.68454.5.1.18.3.5.6
1.1.5.68457.10.1.15
1.1.5.68608.5.1
1.1.5.68629.11.1.11
1.1.5.68640.16.3.6.7.14
1.1.5.68660.19.4.17.15.13
1.1.5.68727.14.2.11.10.31
1.1.5.68785.5.1.7.20.7.2
1.1.5.68854.26.2.14.9.21
1.1.5.69054.5.1.2.22.14
1.1.5.69086.3
1.1.5.69106.9.2.13.5
1.1.5.69154.5.1.1.1.7
1.1.5.69295.10.1.4.1
1.1.5.69365.5.1.2
1.1.5.69370.31.2
1.1.5.69440.22.3.13
1.1.5.69445.16.2.8.7.1
1.1.5.69463.25.1.15
1.1.5.69488.5.1.5
1.1.5.69558.3
1.1.5.69640.8.2.10
1.1.5.69645.11
1.1.5.69702.3
1.1.5.69708.13.3.6.6
1.1.5.69727.38.1.19
1.1.5.69799.13.2.9
1.1.5.69940.5.1.4.3
1.1.5.70076.5.1
1.1.5.70122.5.1.2.2
1.1.5.70295.5.1.10
1.1.5.70401.9.1.8
1.1.5.70414.5.1.1.5.8.2
1.1.5.70484.9.1.16
1.1.5.70529.5.1
1.1.5.70559.9.3.4.3
1.1.5.70570.5.1.4.1.2.2
1.1.5.70596.15.2.29.10
1.1.5.70605.10.2.11.6
1.1.5.70607.5.1.2.1.3
1.1.5.70654.17.2.9
1.1.5.70705.9.2.8
1.1.5.70724.9.5.4
1.1.5.70774.24.2.10
1.1.5.70801.8.1.7.2
1.1.5.70845.8.2.8.19
1.1.5.70912.24.1.16
1.1.5.70925.18.3.11.20.4.1
1.1.5.70984.9.3.8
1.1.5.71085.5.1
1.1.5.71112.5.1.11.6.4
1.1.5.71147.5.1.14.1.3.2
1.1.5.71234.12.2.4
1.1.5.71280.13.2.7.6.12.2.3
1.1.5.71317.13.1.4.4
1.1.5.71459.19.1.16.10
1.1.5.71465.9.1.4
1.1.5.71498.5.1.2.14.11.3
1.1.5.71520.3
1.1.5.71659.11.2.9.11
1.1.5.71706.14.2
1.1.5.71807.18.3.9.5.15
1.1.5.71809.5.1.1.1.2
1.1.5.71853.5.1.18.11.3.1.1
1.1.5.71927.5.1.4
1.1.5.71984.17.1.30.12
1.1.5.72002.5.1.6.1.9
1.1.5.72034.5.1.3.3.5
1.1.5.72039.10.2.4.2
1.1.5.72174.5.1.21.1.3.1
1.1.5.72181.5.1
1.1.5.72182.22.10.12.7.5
1.1.5.72194.31.2.14
1.1.5.72209.5.1.4.1.5.1
1.1.5.72361.34.2.19.7
1.1.5.72482.10.2.8.5.9
1.1.5.72500.5.1.7.2.5.4.2
1.1.5.72570.5.1.5.2.8
1.1.5.72574.5.1.4.16.18.3.4
1.1.5.72646.5.1.1.1.3.9
1.1.5.72660.24.3.7.1
1.1.5.72720.5.1.2.1.1.1.1.29
1.1.5.72756.5.1.10.7
1.1.5.72823.11.2.4.1
1.1.5.72855.5.1.1.2.4
1.1.5.72945.13.1.18
1.1.5.72967.5.1.5.1.3.1
1.1.5.73014.12.2.4.3
1.1.5.73019.5.1.13.2
1.1.5.73060.5.1.2.14
1.1.5.73107.23.2.4.1
1.1.5.73299.5.1
1.1.5.73329.10.2.24.8.5
1.1.5.73336.5.1
1.1.5.73435.11.1.4.20
1.1.5.73510.11.3.4.3
1.1.5.73605.5.1.16.1.4
1.1.5.73655.29.4.6.7.10.3
1.1.5.73656.5.1.2.1
1.1.5.73682.58.2.45.30.26
1.1.5.73699.5.1.4.1
1.1.5.73768.8.2.9
1.1.5.73790.11.1.4
1.1.5.73853.5.1.18.3.5.6
1.1.5.74008.5.1
1.1.5.74029.11.1.11
1.1.5.74043.20.1.8.5
1.1.5.74072.11.3.26.29
1.1.5.74143.14.2.11.10.31
1.1.5.74163.5.1.9.5.3
1.1.5.74202.5.1.7.20.7.2
1.1.5.74268.26.2.14.9.23
1.1.5.74323.30.3.8
1.1.5.74461.5.1.2.22.14
1.1.5.74506.15.4
1.1.5.74509.5.1.2.1.8
1.1.5.74555.5.1.1.1.7
1.1.5.74692.10.1.4.1
1.1.5.74772.5.1.2
1.1.5.74777.31.2
1.1.5.74850.22.3.13
1.1.5.74870.24.1.28.11
1.1.5.74892.5.1.5
1.1.5.74965.3
1.1.5.75059.16.2.7
1.1.5.75110.3
1.1.5.75113.3
1.1.5.75160.13.3.7.1.12.2.8
1.1.5.75212.13.2.9
1.1.5.75278.5.1
1.1.5.75345.5.1
1.1.5.75481.5.1
1.1.5.75699.5.1.10
1.1.5.75797.9.1.8
1.1.5.75810.5.1.1.5.8.2
1.1.5.75876.9.1.16
1.1.5.75922.6
1.1.5.75949.9.3.4.3
1.1.5.75960.5.1.4.1.2.2
1.1.5.75986.15.2.29.10
1.1.5.75995.10.2.11.6
1.1.5.75997.5.1.2.1.3
1.1.5.76040.10.1.4.12
1.1.5.76081.15.3.15.10
1.1.5.76112.14.2
1.1.5.76144.46.2.33
1.1.5.76188.8.1.7.2
1.1.5.76232.8.2.8.19
1.1.5.76289.5.1.17.12.3.1
1.1.5.76292.13.3.11.6.5.2.21
1.1.5.76303.18.3.18.13.20.1
1.1.5.76362.9.3.8
1.1.5.76469.9.1.6
1.1.5.76486.5.1.1
1.1.5.76520.5.1.14.1.3.2
1.1.5.76652.5.1.2.10.25
1.1.5.76831.18.1.17
1.1.5.76871.13.1.4.2.1
1.1.5.76882.5.1.10.9.29
1.1.5.76891.3
1.1.5.76967.5.1.9.9
1.1.5.77049.11.2.9.11
1.1.5.77069.14.1.11.3
1.1.5.77095.5.1.2.1
1.1.5.77118.22.2.6.5.8.1.2
1.1.5.77201.18.3.9.5.15
1.1.5.77203.5.1.1.1.2
1.1.5.77242.35.1.25
1.1.5.77251.5.1.13.1.5.1.18
1.1.5.77327.5.1.4
1.1.5.77389.17.1.30.12
1.1.5.77407.5.1.6.1.9
1.1.5.77439.5.1.3.3.5
1.1.5.77444.10.2.4.2
1.1.5.77601.5.1.4.1.5.1
1.1.5.77901.5.1.7.2.5.4.2
1.1.5.77972.8.1.4.17
1.1.5.78036.5.1.1.1.3.9
1.1.5.78050.24.3.7.1
1.1.5.78090.15.3
1.1.5.78139.5.1.8.7
1.1.5.78147.5.1.10.7
1.1.5.78212.11.2.4.1
1.1.5.78242.13.2.11.1.3
1.1.5.78335.13.1.18
1.1.5.78403.12.2.4.3
1.1.5.78451.5.1
1.1.5.78455.11
1.1.5.78540.15.2.13
1.1.5.78686.5.1.3.1
1.1.5.78711.5.1.15
1.1.5.78727.5.1.2.1.2.2
1.1.5.78785.16.2.7.5
1.1.5.78833.11.1.4.26
1.1.5.78938.11.3.4.3
1.1.5.79114.5.1.5.6
1.1.5.79129.5.1.4.1
1.1.5.79178.3
1.1.5.79193.5.1.5.6.9
1.1.5.79196.5.1.8.12.28
1.1.5.79284.5.1.18.3.5.6
1.1.5.79426.11.2.10
1.1.5.79427.5.1.4.7
1.1.5.79431.5.1
1.1.5.79448.5.1
1.1.5.79461.16.3.6.7.15
1.1.5.79481.19.4.17.15.13
1.1.5.79558.14.2.11.10.31
1.1.5.79617.68.1.19
1.1.5.79617.68.3.4.12.15
1.1.5.79633.5.1.2.1.21.5
1.1.5.79738.33.2.14
1.1.5.79741.5.1.1.16.11.2
1.1.5.79887.5.1.2.22.14
1.1.5.79932.15.4
1.1.5.79935.5.1.2.1.8
1.1.5.79981.5.1.1.1.7
1.1.5.80120.5.1
1.1.5.80181.3
1.1.5.80196.5.1
1.1.5.80323.22.3.13
1.1.5.80347.11.1.4.2
1.1.5.80370.5.1.5
1.1.5.80440.3
1.1.5.80522.8.2.10
1.1.5.80527.11
1.1.5.80584.3
1.1.5.80590.13.3.6.6
1.1.5.80609.38.1.19
1.1.5.80687.5.1.7.4.1
1.1.5.80747.5.1
1.1.5.80814.5.1
1.1.5.80902.15.2.8.1.26.5
1.1.5.80912.5.1.11.1.1.5
1.1.5.80922.5.1.4.24
1.1.5.80968.5.1.2.2
1.1.5.81059.49.3.47.1.3.2
1.1.5.81127.5.1.10
1.1.5.81237.9.1.8
1.1.5.81250.5.1.1.5.8.2
1.1.5.81370.6
1.1.5.81401.9.3.4.3
1.1.5.81412.5.1.4.1.2.2
1.1.5.81438.15.2.29.10
1.1.5.81447.10.2.11.6
1.1.5.81449.5.1.2.1.3
1.1.5.81493.10.1.4.8
1.1.5.81545.9.2.8
1.1.5.81565.14.2
1.1.5.81608.24.2.10
1.1.5.81619.11.5.16
1.1.5.81634.8.1.7.2
1.1.5.81678.8.2.8.19
1.1.5.81735.5.1.17.12.3.1
1.1.5.81738.13.3.11.6.5.2.21
1.1.5.81749.18.3.18.13.20.1
1.1.5.81808.9.3.8
1.1.5.81910.5.1
1.1.5.81937.5.1.11.6.4
1.1.5.82060.12.2.4
1.1.5.82108.13.2.7.6.13.3.3
1.1.5.82145.13.1.4.4
1.1.5.82337.5.1.2.14.10.3
1.1.5.82489.11.2.9.11
1.1.5.82509.14.1.11.3
1.1.5.82535.5.1.2.1
1.1.5.82630.18.3.9.5.15
1.1.5.82632.5.1.1.1.2
1.1.5.82671.35.1.25
1.1.5.82685.5.1.3
1.1.5.82751.12.1.15.2
1.1.5.82801.17.1.30.12
1.1.5.82819.5.1.6.1.9
1.1.5.82851.5.1.3.3.5
1.1.5.82856.10.2.4.2
1.1.5.82999.5.1
1.1.5.83000.22.10.12.7.20
1.1.5.83077.19.1.8
1.1.5.83126.24.2.12
1.1.5.83196.9.2.8
1.1.5.83202.5.1
1.1.5.83335.9.2.4.7
1.1.5.83421.14.3.7.1
1.1.5.83482.5.1.1.1.3.9
1.1.5.83496.24.3.7.1
1.1.5.83581.5.1.8.7
1.1.5.83589.5.1.10.7
1.1.5.83656.11.2.4.1
1.1.5.83679.5.1.2.1.5.2.5
1.1.5.83769.15.2.34.32.9.5.9
1.1.5.83772.5.1.21.1
1.1.5.83844.12.2.4.3
1.1.5.83884.5.1.2.14
1.1.5.83930.23.2.4.1
1.1.5.84158.5.1
1.1.5.84239.77.4.12.3.23
1.1.5.84241.14.2.6.1.30.13
1.1.5.84316.11.3.4.3
1.1.5.84416.10.1.7.8
1.1.5.84500.41.1.11.6.1
1.1.5.84584.5.1.6.3.4.1
1.1.5.84681.5.1.18.3.5.6
1.1.5.84828.5.1
1.1.5.84855.26.2.19.9
1.1.5.84887.13.1.17.5.7.4.8
1.1.5.84958.14.2.11.10.31
1.1.5.85014.68.1.19
1.1.5.85014.68.3.4.12.15
1.1.5.85121.30.3.8
1.1.5.85264.5.1.2.22.14
1.1.5.85296.3
1.1.5.85311.5.1.3.1.12
1.1.5.85351.17.1.8.4
1.1.5.85356.5.1.3
1.1.5.85362.5.1.2.4
1.1.5.85493.10.1.4.1
1.1.5.85545.3
1.1.5.85550.21
1.1.5.85577.5.1.2
1.1.5.85582.31.2
1.1.5.85663.22.3.13
1.1.5.85683.24.1.28.11
1.1.5.85705.5.1.5
1.1.5.85777.3
1.1.5.85872.16.2.7
1.1.5.85932.3
1.1.5.85935.3
1.1.5.85982.13.3.7.1.12.2.8
1.1.5.86043.13.2.9
1.1.5.86109.5.1
1.1.5.86182.5.1
1.1.5.86288.15.2.8.1.33.5
1.1.5.86306.9.2.19.28.24
1.1.5.86359.5.1.2.2
1.1.5.86526.5.1.10
1.1.5.86630.35.1.16
1.1.5.86643.5.1
1.1.5.86654.26.1.8
1.1.5.86669.5.1.4.2
1.1.5.86770.6
1.1.5.86801.9.3.4.3
1.1.5.86812.25.2.19.1.35.1
1.1.5.86836.15.2.29.10
1.1.5.86845.10.2.11.6
1.1.5.86847.5.1.2.1.3
1.1.5.86889.10.1.4.12
1.1.5.86945.9.2.8
1.1.5.86965.14.2
1.1.5.86997.46.2.33
1.1.5.87078.8.2.8.19
1.1.5.87139.14.4.8
1.1.5.87160.15
1.1.5.87224.9.3.8
1.1.5.87337.5.1.1
1.1.5.87371.5.1.14.1.3.2
1.1.5.87458.12.2.4
1.1.5.87510.13.2.7.6.13.7.9
1.1.5.87545.13.1.4.4
1.1.5.87693.19.1.16.10
1.1.5.87699.9.1.4
1.1.5.87730.31.3.4
1.1.5.87743.5.1.10.9.25
1.1.5.87880.11.2.9.11
1.1.5.87894.5.1.2.12.34.3.5
1.1.5.87920.3
1.1.5.87921.15.3.10.1
1.1.5.88021.18.3.9.5.15
1.1.5.88023.5.1.1.1.2
1.1.5.88062.36.1.4.35
1.1.5.88066.12.4.12
1.1.5.88140.5.1.4
1.1.5.88212.17.1.30.12
1.1.5.88230.5.1.6.1.9
1.1.5.88262.5.1.3.3.5
1.1.5.88267.10.2.4.2
1.1.5.88305.18.2.11
1.1.5.88347.5.1
1.1.5.88423.5.1.4.1.5.1
1.1.5.88730.5.1.7.2.5.4.2
1.1.5.88801.8.1.4.17
1.1.5.88864.5.1.1.1.3.9
1.1.5.88878.24.3.7.1
1.1.5.88914.15.3
1.1.5.88964.5.1.30.12
1.1.5.88972.5.1.10.7
1.1.5.89039.11.2.4.1
1.1.5.89066.15.1.4.1
1.1.5.89154.15.2.34.32.9.5.9
1.1.5.89157.5.1.21.1
1.1.5.89207.5.1.4.3.5.4
1.1.5.89212.12.2.4.3
1.1.5.89260.5.1
1.1.5.89264.11
1.1.5.89305.23.2.4.1
1.1.5.89503.5.1.3.1
1.1.5.89528.5.1.15
1.1.5.89544.5.1.2.1.2.2
1.1.5.89631.77.4.12.3.23
1.1.5.89633.14.2.6.1.30.13
1.1.5.89735.11.3.4.3
1.1.5.89837.10.1.7.8
1.1.5.89895.18.3.4
1.1.5.89923.22.1.15.9
1.1.5.89990.5.1.6.3.4.1
1.1.5.90087.5.1.18.3.5.6
1.1.5.90232.5.1
1.1.5.90253.11.1.11
1.1.5.90264.16.3.6.7.14
1.1.5.90284.11.3.26.29
1.1.5.90355.14.2.11.10.31
1.1.5.90405.68.1.19
1.1.5.90405.68.3.4.12.15
1.1.5.90421.5.1.2.1.21.5
1.1.5.90522.33.2.19
1.1.5.90525.5.1.1.16.11.2
1.1.5.90665.5.1.2.22.14
1.1.5.90697.3
1.1.5.90712.5.1.3.1.12
1.1.5.90751.5.1.1.1.7
1.1.5.90785.38.1.8
1.1.5.90902.5.1
1.1.5.90963.3
1.1.5.90968.21
1.1.5.90994.5.1.2
1.1.5.90999.31.2
1.1.5.91072.22.3.13
1.1.5.91077.16.2.8.7.1
1.1.5.91093.12.1.15.4
1.1.5.91118.5.1.5
1.1.5.91191.3
1.1.5.91207.3
1.1.5.91272.8.2.10
1.1.5.91277.11
1.1.5.91334.3
1.1.5.91340.13.3.6.6
1.1.5.91359.38.1.19
1.1.5.91442.17.1.12
1.1.5.91442.17.2.4.3
1.1.5.91612.5.1.3.1
1.1.5.91747.5.1
1.1.5.91802.5.1.2.2
1.1.5.91981.5.1.10
1.1.5.92096.26.1.8
1.1.5.92159.9.1.16
1.1.5.92201.6
1.1.5.92242.5.1.5
1.1.5.92254.17.1.43
1.1.5.92288.5.1.2
1.1.5.92336.29.3
1.1.5.92393.9.2.8
1.1.5.92412.9.5.4
1.1.5.92459.5.1.3.1.2.1
1.1.5.92502.8.1.7.2
1.1.5.92546.8.2.8.19
1.1.5.92590.9.2.10.5
1.1.5.92675.9.3.8
1.1.5.92791.9.1.6
1.1.5.92808.5.1.1
1.1.5.92842.5.1.14.1.3.2
1.1.5.92865.6
1.1.5.92925.12.2.4
1.1.5.92968.3
1.1.5.93126.5.1.28.6
1.1.5.93207.5.1.2.14.10.3
1.1.5.93298.5.1.9.9
1.1.5.93377.11.2.24.7
1.1.5.93429.10.1.9
1.1.5.93530.18.3.9.5.15
1.1.5.93532.5.1.1.1.2
1.1.5.93571.36.1.4.35
1.1.5.93575.12.4.12
1.1.5.93657.5.1.4
1.1.5.93759.5.1.3.4.6
1.1.5.93764.10.2.4.2
1.1.5.93802.18.2.11
1.1.5.93847.5.1
1.1.5.93860.5.1.1.1
1.1.5.93902.5.1.21.1.3.1
1.1.5.93909.5.1
1.1.5.93910.22.10.12.7.5
1.1.5.94233.56.3.6.1.2.3.5
1.1.5.94303.8.1.4.17
1.1.5.94366.5.1.1.1.3.9
1.1.5.94380.24.3.7.1
1.1.5.94438.5.1.2.1.1.1.1.14
1.1.5.94474.5.1.10.7
1.1.5.94541.11.2.4.1
1.1.5.94565.5.1.1.2.4
1.1.5.94650.15.2.14.34.14.4.9
1.1.5.94653.5.1.21.1
1.1.5.94702.5.1.4.3.5.4
1.1.5.94707.12.2.4.3
1.1.5.94712.5.1.13.2
1.1.5.94761.5.1
1.1.5.94765.11
1.1.5.94849.15.2.13
1.1.5.94992.5.1.3.1
1.1.5.95017.5.1.15
1.1.5.95033.5.1.2.1.2.2
1.1.5.95204.11.3.4.3
1.1.5.95377.5.1
1.1.5.95389.19.1.8.9.6
1.1.5.95473.5.1.6.3.4.1
1.1.5.95573.5.1.18.3.5.6
1.1.5.95720.5.1
1.1.5.95739.8.1.5
1.1.5.95774.5.1.4
1.1.5.95846.14.2.11.10.31
1.1.5.95903.5.1.1.19
1.1.5.95923.25.2.9.10.4.2
1.1.5.95946.37.3.6.3
1.1.6.179.5.1.2.22.14
1.1.6.224.15.4
1.1.6.227.5.1.2.1.8
1.1.6.273.5.1.1.1.7
1.1.6.417.10.1.4.1
1.1.6.487.5.1.2
1.1.6.492.31.2
1.1.6.560.44.3.13
1.1.6.565.16.2.8.7.1
1.1.6.583.25.1.15
1.1.6.608.5.1.5
1.1.6.683.3
1.1.6.699.3
1.1.6.764.8.2.10
1.1.6.769.11
1.1.6.826.3
1.1.6.832.13.3.6.6
1.1.6.851.38.1.19
1.1.6.924.5.1.7.4.1
1.1.6.1073.5.1
1.1.6.1149.5.1.4
1.1.6.1164.15.2.8.1.26.5
1.1.6.1174.5.1.11.1.1.5
1.1.6.1184.5.1.4.25
1.1.6.1239.5.1.2.2
1.1.6.1422.5.1.10
1.1.6.1529.9.1.8
1.1.6.1542.5.1.1.5.8.2
1.1.6.1662.6
1.1.6.1700.5.1.5
1.1.6.1712.17.1.43
1.1.6.1746.5.1.2
1.1.6.1792.10.1.4.12
1.1.6.1911.76.2.4.1
1.1.6.1982.8.2.8.19
1.1.6.2041.14.4.8
1.1.6.2062.15
1.1.6.2114.14.3.16.2.6.1.21.8
1.1.6.2229.9.1.6
1.1.6.2246.5.1.1
1.1.6.2280.5.1.14.1.3.2
1.1.6.2371.12.2.4
1.1.6.2414.3
1.1.6.2648.5.1.2.14.11.3
1.1.6.2773.5.1
1.1.6.2805.11.2.9.10
1.1.6.2825.14.1.11.3
1.1.6.2848.5.1.8.9.28.4.14
1.1.6.2939.18.3.9.5.15
1.1.6.2941.5.1.1.1.2
1.1.6.2980.36.1.4.35
1.1.6.2989.11.1.5.9
1.1.6.2991.3
1.1.6.3066.5.1.4
1.1.6.3128.17.1.30.12
1.1.6.3146.5.1.6.1.9
1.1.6.3178.5.1.3.3.5
1.1.6.3183.10.2.4.2
1.1.6.3320.5.1.21.1.3.1
1.1.6.3327.5.1
1.1.6.3328.22.10.12.7.5
1.1.6.3340.31.2.14
1.1.6.3511.34.2.19.7
1.1.6.3646.9.2.4.7
1.1.6.3710.5.1.5.2.8
1.1.6.3714.5.1.4.16.18.3.4
1.1.6.3790.5.1.1.1.3.9
1.1.6.3804.24.3.7.1
1.1.6.3895.5.1.10.7
1.1.6.3962.11.2.4.1
1.1.6.3985.5.1.2.1.5.2.5
1.1.6.4075.15.2.14.34.14.4.9
1.1.6.4078.5.1.21.1
1.1.6.4127.5.1.4.3.5.4
1.1.6.4132.12.2.4.3
1.1.6.4180.5.1
1.1.6.4184.11
1.1.6.4578.11.1.4.15
1.1.6.4686.11.3.4.3
1.1.6.4785.32.3.11.1.7
1.1.6.4839.5.1
1.1.6.4845.3
1.1.6.4869.5.1.5.6
1.1.6.4884.5.1.4.1
1.1.6.4953.8.2.9
1.1.6.4975.11.1.4
1.1.6.5038.5.1.18.3.5.6
1.1.6.5063.5.1
1.1.6.5224.20.2.17
1.1.6.5226.11.1.4
1.1.6.5237.16.3.6.7.15
1.1.6.5257.11.3.26.29
1.1.6.5328.14.2.11.10.31
1.1.6.5389.5.1.1.8
1.1.6.5410.25.2.9.10.4.2
1.1.6.5433.37.3.6.3
1.1.6.5514.30.3.8
1.1.6.5679.5.1.2.22.14
1.1.6.5711.3
1.1.6.5726.5.1.3.1.12
1.1.6.5765.17.1.8.4
1.1.6.5770.5.1.3
1.1.6.5776.5.1.2.4
1.1.6.5907.10.1.4.1
1.1.6.5963.5.1
1.1.6.5985.5.1.2
1.1.6.5990.31.2
1.2.55.1
1.2.104.8.4.8
1.2.143.2.1.12.1
1.2.189.2.1.6
1.2.402.2.1.2.3.6.1
1.2.431.2.1.4.6
1.2.453.4.2.3.1.1.4.20
1.2.484.15
1.2.645.2.1
1.2.697.4.2.6.1.5
1.2.964.8.4.10.1
1.2.1461.8.4.9.1.26
1.2.1651.12.6
1.2.1686.2.1.2.6
1.2.1795.2.1.19.2.5
1.2.1911.2.1.11
1.2.1958.2.1.1.1
1.2.1969.2.1.3
1.2.1973.4.2.7
1.2.2044.6.3.14
1.2.2140.14.7.44.2
1.2.2153.2.1.1.1
1.2.2331.4.2.20.6.9
1.2.2451.4.2.5.4.13.3.5
1.2.2489.12.6.14.2.6.2
1.2.2556.12.6.19.1.2.1.20.15
1.2.2742.2.1
1.2.2770.4.2.2.3.18.3.15
1.2.2838.6.3.4.1
1.2.2861.6.3.8.3.4.1.40
1.2.2865.4.2.6.6.12.3
1.2.3019.10.5.10.5.26.1.4
1.2.3052.4.2
1.2.3297.8.4.19
1.2.3350.4.2
1.2.3359.4.2.9.1
1.2.3388.8.4.10.3
1.2.3654.2.1.7.3.7
1.2.3691.8.4.4.1.1.1.2
1.2.3736.6.3
1.2.3741.8.4.11.3
1.2.3779.14.7.17
1.2.3877.4.2.6.6.24
1.2.3940.12.6.17.2.32.7.10
1.2.3963.4.2.2.1.2
1.2.4075.4.2.6.3.12
1.2.4168.8.4.19
1.2.4171.4.2.2.1.9
1.2.4235.2.1.1.1.13
1.2.4244.2.1.2
1.2.4444.2.1.2.2.23.2.25
1.2.4908.4.2.9.7.12.2
1.2.5044.2.1.1
1.2.5058.2.1.1
1.2.5135.2.1.4.1
1.2.5167.10.5.12.5
1.2.5180.6.3.6.2.4.1
1.2.5334.10.5.13.2
1.2.5416.10.5.10.8.14.4
1.2.5451.2.1.9.2.17
1.2.5473.4.2.3.2.1
1.2.5495.2.1.2.1.2.1
1.2.5513.2.1.2.1
1.2.5527.2.1.1.1.25.6
1.2.5560.2.1.3.1.5.3
1.2.5674.2.1.25.1.1
1.2.5743.4.2.4.1.3
1.2.5892.2.1.2.2
1.2.5901.6.3
1.5.66.9.2.1.20.2.2
1.5.132.7.2.1.25.3.16
1.5.137.13.2.1.2
1.5.327.11.2.1.32.13
1.5.432.6.2.1.2.2.5.1.5
1.5.558.12.2.1.1
1.5.558.12.2.1.3
1.5.564.6.2.1.13.1.1
1.5.671.7.2.1.25.1.4.1
1.5.964.10.2.1.18.1
1.5.1027.10.2.1.3.2.2
1.5.1126.12.2.1
1.5.1339.24.2.1.3.1
1.5.1413.19.2.1.22.1.4
1.5.1421.14.2.1
1.5.1570.15.2.1
1.5.1647.38.2.1.13.3.27
1.5.1731.8.2.1
1.5.1794.19.2.1
1.5.1817.12.2.1.15.4.8.2.7.10
1.5.2016.7.2.1.4
1.5.2068.14.2.1.19.1.1.1
1.5.2076.9.2.1.8.1.2.2.4
1.5.2076.9.2.1.9.2.4.2.6
1.5.2148.12.2.1.4
1.5.2276.7.2.1.14
1.5.2373.8.2.1.6
1.5.2466.8.2.1.8.2.1.1.1
1.5.2532.8.2.1.14.2
1.5.2583.10.2.1.2.2
1.5.2651.13.2.1.18.11.21.1
1.5.2675.9.2.1.11.6.21
1.5.2708.8.2.1.31.6.22
1.5.2765.11.2.1.19.4
1.5.2771.10.2.1.7.5.21.2
1.5.2919.6.2.1.14.6.23.2.16
1.5.3050.23.2.1
1.5.3219.11.2.1.4.4.7.8.15.3
1.5.3325.13.2.1.2.1.19.9
1.5.3438.19.2.1.8.1.10
1.5.3489.9.2.1.1.1.2.1
1.5.3491.6.2.1
1.5.3495.15.2.1.8.2.2.3.1
1.5.3525.21.2.1.1.1.7
1.5.3623.11.2.1.14.2.20
1.5.3626.6.2.1.20.1.33.5.2
1.5.3635.7.2.1.6.2
1.5.3677.12.2.1.19.1
1.5.3780.8.2.1.4.1.20.6.6
1.5.3884.12.2.1.13
1.5.3935.16.2.1.4.2.4.2.19
1.5.4029.9.2.1
1.5.4043.13.2.1.2.1
1.5.4119.15.2.1.19.2
1.5.4377.7.2.1.15
1.5.4473.8.2.1.5.2
1.5.4601.9.2.1.29.8.11.6.26
1.5.4720.8.2.1.1.1.6.3.7
1.5.4798.11.2.1.3
1.5.4986.8.2.1.9.2.11.4
1.5.5054.16.2.1.8
1.5.5088.7.2.1.10
1.5.5134.6.2.1.41.20
1.5.5222.5.2.1
1.5.5281.8.2.1.2.1.4.1.4
1.5.5355.11.2.1
1.5.5359.7.2.1.6.1
1.5.5409.7.2.1.19.1.6.2.11
1.5.5472.11.2.1
1.5.5479.14.2.1.2.2.3
1.5.5732.14.2.1.17.2.3.2
1.5.5795.8.2.1
1.5.5861.17.2.1.1
1.5.5889.8.2.1.4.1.5
1.5.5972.14.2.1.14.1.1.1.3
1.5.6183.7.2.1.20.4.9
1.5.6325.9.2.1.16.1.17.1.19
1.5.6425.8.2.1.6.1.2.2.15
1.5.6427.9.2.1.1.1
1.5.6591.8.2.1.18.2
1.5.6614.16.2.1
1.5.6647.6.2.1
1.5.6679.8.2.1.16.1.9.6.17
1.5.6786.11.2.1.6
1.5.6883.8.2.1.19.1.7.2
1.5.6932.14.2.1.11.4
1.5.7085.6.2.1.7.4
1.5.7231.7.2.1.1.1.6
1.5.7234.9.2.1.4.6
1.5.7295.7.2.1.25.3.16
1.5.7300.13.2.1.2
1.5.7323.17.2.1.12
1.5.7337.11.2.1.12.7
1.5.7470.11.2.1.32.14
1.5.7574.21.2.1.13.7.45
1.5.7680.8.2.1.1.1.3.2.14
1.5.7686.6.2.1.9.1.1
1.5.7793.7.2.1.25.1.4.1
1.5.7867.11.2.1.12.1
1.5.7942.8.2.1.2.2.4.2.18
1.5.8250.7.2.1.3.3.8.1
1.5.8500.8.2.1.1.1.2.1
1.5.8505.8.2.1.1.4
1.5.8556.19.2.1.22.1.4
1.5.8564.14.2.1
1.5.8721.8.2.1.1.1
1.5.8784.38.2.1.13.3.27
1.5.8840.8.2.1.38.7.1.1
1.5.8940.19.2.1
1.5.8963.12.2.1.15.4.8.2.7.39
1.5.9291.12.2.1.4
1.5.9432.6.2.1.2.2.1.1
1.5.9432.6.2.1.4.2.7
1.5.9443.11.2.1.2.2
1.5.9517.8.2.1.6
1.5.9614.8.2.1.8.2.1.1.1
1.5.9674.10.2.1.9.2
1.5.9715.9.2.1.32.2
1.5.9793.7.2.1.3.2.6.3
1.5.9831.7.2.1.6
1.5.9887.11.2.1.27.4
1.5.9897.7.2.1.3.3.6.2
1.5.10041.6.2.1.14.6.23.2.16
1.5.10085.18.2.1.5.1.27.2.7
1.5.10140.7.2.1.17
1.5.10172.23.2.1
1.5.10445.13.2.1.2.1.19.17
1.5.10554.19.2.1.8.1.10
1.5.10601.9.2.1.1.1.2.1
1.5.10603.6.2.1
1.5.10607.15.2.1.8.2.2.3.1
1.5.10726.11.2.1.14.2.21
1.5.10729.6.2.1.20.1.34.5.2
1.5.10738.7.2.1.6.2
1.5.10787.11.2.1.35.4.23
1.5.10855.8.2.1.1.1
1.5.10884.8.2.1.4.1.16.6.6
1.5.11008.16.2.1.4.2.4.2.19
1.5.11176.7.2.1.6.1.3.4
1.5.11215.12.2.1.26.1.1.5
1.5.11426.7.2.1.16
1.5.11625.9.2.1.29.8.11.6.14
1.5.11726.6.2.1.5
1.5.11732.8.2.1.1.1.18.2.4
1.5.11807.5.2.1.2
1.5.11837.14.2.1
1.5.11958.8.2.1.2.2.15.6.24.8
1.5.11994.8.2.1.9.1.2.2
1.5.12062.16.2.1.8
1.5.12075.15.2.1.1.1.1
1.5.12091.8.2.1.6.2.37.2.12
1.5.12136.8.2.1.43.5
1.5.12226.5.2.1
1.5.12302.8.2.1.2.1.4.1.4
1.5.12369.11.2.1
1.5.12373.7.2.1.6.1
1.5.12422.7.2.1.19.1.6.2.11
1.5.12485.11.2.1
1.5.12492.14.2.1.2.2.3
1.5.12731.7.2.1.1.1
1.5.12804.8.2.1
1.5.12876.17.2.1.1
1.5.12904.8.2.1.4.1.5
1.5.12936.6.2.1.11.2.4
1.5.12988.14.2.1.21.1.1.1.3
1.5.13125.10.2.1.2.2.10
1.5.13133.7.2.1.3.3
1.5.13210.7.2.1.20.4.9
1.5.13367.15.2.1.2.4.9.3.14
1.5.13372.7.2.1.7.2.9
1.5.13467.8.2.1.6.1.2.2.15
1.5.13469.9.2.1.1.1
1.5.13686.12.2.1.1
1.5.13712.8.2.1.2.1.3
1.5.13816.8.2.1.4.1.2
1.5.13879.23.2.1.11.3
1.5.13902.8.2.1.2
1.5.13958.14.2.1.11.4
1.5.14281.9.2.1.6.1.5
1.5.14338.13.2.1.2
1.5.14528.11.2.1.32.13
1.5.14628.21.2.1.13.7.45
1.5.14738.8.2.1.1.1.3.2.19
1.5.14744.6.2.1.9.1.1
1.5.14850.7.2.1.25.1.4.1
1.5.14983.7.2.1.15
1.5.15012.12.2.1.3.1
1.5.15135.7.2.1.5.2.9
1.5.15154.10.2.1.23.1
1.5.15217.10.2.1.3.2.2
1.5.15542.24.2.1.3.1
1.5.15616.19.2.1.22.1.4
1.5.15624.14.2.1
1.5.15852.11.2.1.34
1.5.15898.8.2.1.47.11.6.3
1.5.15950.8.2.1
1.5.16030.18.2.1.6.6
1.5.16046.12.2.1.15.4.8.2.7.8
1.5.16287.14.2.1.19.1.1.1
1.5.16295.9.2.1.8.1.2.2.4
1.5.16295.9.2.1.9.2.4.2.6
1.5.16343.10.2.1.27
1.5.16368.12.2.1.4
1.5.16502.24.2.1.21
1.5.16515.6.2.1.2.2.1.1
1.5.16515.6.2.1.4.2.7
1.5.16609.8.2.1.6
1.5.16717.12.2.1.25.5.11.1
1.5.16759.10.2.1.9.2
1.5.16806.10.2.1.2.2
1.5.16873.13.2.1.18.11.21.1
1.5.16897.9.2.1.11.6.21
1.5.16930.8.2.1.31.6.22
1.5.16990.11.2.1.27.4
1.5.17147.6.2.1.14.6.23.2.16
1.5.17191.18.2.1.5.1.27.2.7
1.5.17246.7.2.1.17
1.5.17271.23.2.1
1.5.17439.6.2.1.37.1.2.1
1.5.17440.10.2.1.2.1.1.1.23
1.5.17442.17.2.1
1.5.17571.15.2.1
1.5.17691.19.2.1.8.1.10
1.5.17742.9.2.1.1.1.2.1
1.5.17744.6.2.1
1.5.17748.15.2.1.8.2.2.3.1
1.5.17770.10.2.1.9.1.2
1.5.17818.13.2.1.5.5.22.4.21
1.5.17855.11.2.1.14.2.20
1.5.17858.6.2.1.20.1.33.5.2
1.5.17921.32.2.1.6.2.5.5.21
1.5.18016.8.2.1.4.1.20.6.6
1.5.18114.17.2.1.1.2.2
1.5.18163.16.2.1.4.2.4.2.19
1.5.18257.9.2.1
1.5.18271.13.2.1.2.1
1.5.18376.12.2.1.26.1.1.5
1.5.18609.7.2.1.15
1.5.18700.8.2.1.5.2
1.5.18826.9.2.1.29.8.11.6.14
1.5.18919.6.2.1.5
1.5.18925.8.2.1.1.1.18.2.4
1.5.18943.14.2.1.6.4.9.1
1.5.18990.5.2.1.2
1.5.19020.14.2.1
1.5.19145.8.2.1.2.2.27.12.37.48
1.5.19180.8.2.1.9.1.2.2
1.5.19243.16.2.1.7
1.5.19269.10.2.1.7.1.7
1.5.19314.8.2.1.43.5
1.5.19404.5.2.1
1.5.19471.8.2.1.2.2.8.2.14
1.5.19540.11.2.1
1.5.19544.7.2.1.6.1
1.5.19593.7.2.1.19.1.6.2.11
1.5.19653.9.2.1.3.1.23.2
1.5.19884.9.2.1.5.5
1.5.19919.14.2.1.17.2.3.2
1.5.19978.8.2.1
1.5.20044.7.2.1.7.2.14.11.21
1.5.20102.6.2.1.11.2.4
1.5.20154.14.2.1.21.1.1.1.3
1.5.20284.19.2.1.13.5.22
1.5.20292.7.2.1.3.4
1.5.20369.7.2.1.20.4.9
1.5.20512.9.2.1.16.1.17.1.19
1.5.20613.7.2.1.2.7
1.5.20817.31.2.1.13
1.5.20845.8.2.1.2.1.3
1.5.21047.12.2.1.21.1.22
1.5.21099.14.2.1.11.4
1.5.21180.6.2.1
1.5.21211.8.2.1.24.1.3.1.3
1.5.21435.7.2.1.1.1.6
1.5.21438.9.2.1.4.6
1.5.21496.7.2.1.25.3.16
1.5.21501.13.2.1.2
1.5.21540.13.2.1.23.5.18.2
1.5.21541.6.2.1.1.1
1.5.21671.11.2.1.32.13
1.5.21776.6.2.1.2.2.5.1.5
1.5.21902.12.2.1.1
1.5.21902.12.2.1.3
1.5.21908.6.2.1.13.1.1
1.5.21929.13.2.1.13.2.3.1.36
1.5.22009.7.2.1.25.1.4.1
1.5.22068.11.2.1.2.1
1.5.22161.12.2.1.3.1
1.5.22284.7.2.1.5.2.9
1.5.22361.22.2.1.14.4.10.1.43
1.5.22644.6.2.1.2.1.2.1
1.5.22675.8.2.1.30.2
1.5.22683.7.2.1
1.5.22694.8.2.1.1.1.2.1
1.5.22699.8.2.1.1.4
1.5.22749.19.2.1.22.1.4
1.5.22757.14.2.1
1.5.22974.10.2.1.3.1.9
1.5.23035.8.2.1.38.7.1.1
1.5.23084.8.2.1.2.1.31.4
1.5.23138.19.2.1
1.5.23161.12.2.1.15.4.8.2.7.17
1.5.23349.8.2.1.8
1.5.23404.14.2.1.19.1.1.1
1.5.23412.9.2.1.8.1.2.2.4
1.5.23412.9.2.1.9.2.4.2.6
1.5.23460.10.2.1.27
1.5.23485.12.2.1.4
1.5.23627.7.2.1.14
1.5.23644.10.2.1
1.5.23704.6.2.1.3.1.6.4.4
1.5.23809.12.2.1.25.5.11.1
1.5.23851.10.2.1.9.2
1.5.23892.9.2.1.32.2
1.5.23904.8.2.1.3.1.9.2
1.5.23974.7.2.1.3.2.6.3
1.5.24010.7.2.1.6
1.5.24071.11.2.1.19.4
1.5.24231.6.2.1.14.6.23.2.16
1.5.24275.18.2.1.5.1.27.2.7
1.5.24330.7.2.1.17
1.5.24355.23.2.1
1.5.24516.6.2.1.37.1.2.1
1.5.24517.10.2.1.2.1.1.1.7
1.5.24519.17.2.1
1.5.24725.9.2.1.3
1.5.24752.6.2.1.8
1.5.24818.10.2.1.9.1.2
1.5.24918.11.2.1.14.2.21
1.5.24921.6.2.1.20.1.34.5.2
1.5.24984.32.2.1.6.2.5.5.21
1.5.25053.8.2.1.1.1
1.5.25082.8.2.1.4.1.16.6.6
1.5.25149.12.2.1.27.13.26
1.5.25149.12.2.1.28.14.32
1.5.25149.12.2.1.29.15
1.5.25170.17.2.1.1.2.2
1.5.25219.16.2.1.4.2.4.2.19
1.5.25394.15.2.1.19.2
1.5.25743.8.2.1.5.2
1.5.25869.9.2.1.29.8.11.6.14
1.5.25986.8.2.1.1.1.6.3.7
1.5.26061.11.2.1.3
1.5.26209.8.2.1.2.2.15.6.24.49
1.5.26245.8.2.1.9.1.2.2
1.5.26307.10.2.1.1
1.5.26341.7.2.1.10
1.5.26383.6.2.1.41.20
1.5.26469.7.2.1.6.1.1
1.5.26526.8.2.1.2.1.4.1.4
1.5.26602.11.2.1
1.5.26606.7.2.1.6.1
1.5.26708.9.2.1.3.1.23.2
1.5.26942.8.2.1.8.6.48.1.8.85
1.5.27074.16.2.1.6.2
1.5.27101.8.2.1.15.6
1.5.27130.6.2.1.11.2.4
1.5.27182.14.2.1.21.1.1.1.3
1.5.27336.7.2.1.3.4
1.5.27413.7.2.1.20.4.9
1.5.27570.15.2.1.2.4.9.3.14
1.5.27575.7.2.1.7.2.9
1.5.27670.8.2.1.6.1.2.2.15
1.5.27672.9.2.1.1.1
1.5.27767.10.2.1
1.5.27841.8.2.1.24.2
1.5.27864.16.2.1
1.5.27891.12.2.1.1
1.5.27917.8.2.1.2.1.3
1.5.28018.8.2.1.4.1.2
1.5.28109.12.2.1.21.1.22
1.5.28333.6.2.1.7.4
1.5.28479.7.2.1.1.1.6
1.5.28482.9.2.1.4.6
1.5.28540.7.2.1.25.3.16
1.5.28545.13.2.1.2
1.5.28570.10.2.1.9.3.4
1.5.28711.11.2.1.32.13
1.5.28811.21.2.1.13.7.44
1.5.28928.6.2.1.7.1.4.1.2
1.5.28930.7.2.1.1
1.5.29040.7.2.1.25.1.4.1
1.5.29200.12.2.1.3.1
1.5.29499.12.2.1
1.5.29667.19.2.1.3
1.5.29678.6.2.1.3.2.3.1
1.5.29709.8.2.1.30.2
1.5.29717.7.2.1
1.5.29760.6.2.1
1.5.30024.10.2.1.3.1.4
1.5.30085.8.2.1.38.7.1.1
1.5.30134.12.2.1
1.5.30143.8.2.1
1.5.30221.18.2.1.6.6
1.5.30237.12.2.1.15.4.8.2.7.10
1.5.30422.7.2.1.4
1.5.30474.14.2.1.19.1.1.1
1.5.30482.9.2.1.8.1.2.2.4
1.5.30482.9.2.1.9.2.4.2.6
1.5.30561.9.2.1.25
1.5.30720.18.2.1.4.1.1.1
1.5.30720.18.2.1.5.2.3
1.5.30733.9.2.1.1
1.5.30807.6.2.1.3.1.6.4.4
1.5.30901.8.2.1.8.2.1.1.1
1.5.30972.8.2.1.14.2
1.5.31023.10.2.1.2.2
1.5.31076.11.2.1.7.3.7.2
1.5.31128.8.2.1.23.6.22
1.5.31190.11.2.1.21.8
1.5.31339.6.2.1.14.6.23.2.16
1.5.31383.18.2.1.5.1.27.2.7
1.5.31438.7.2.1.17
1.5.31635.6.2.1.8.1.2.1
1.5.31636.10.2.1.2.1.1.1.7
1.5.31638.17.2.1
1.5.31762.15.2.1
1.5.31850.9.2.1.3
1.5.31872.7.2.1.11
1.5.31923.9.2.1.1.1.2.1
1.5.31925.6.2.1
1.5.31957.21.2.1.1.1.7
1.5.32055.11.2.1.14.2.21
1.5.32058.6.2.1.20.1.34.5.2
1.5.32067.7.2.1.6.2
1.5.32116.11.2.1.35.4.23
1.5.32184.8.2.1.1.1
1.5.32213.8.2.1.4.1.16.6.6
1.5.32304.17.2.1.1.2.2
1.5.32353.16.2.1.4.2.4.2.19
1.5.32531.15.2.1.19.2
1.5.32872.8.2.1.5.2
1.5.33000.9.2.1.29.8.11.6.26
1.5.33107.8.2.1.1.1.6.3.7
1.5.33185.5.2.1.2
1.5.33215.14.2.1
1.5.33341.8.2.1.2.2.27.12.37.41
1.5.33377.8.2.1.9.1.2.2
1.5.33447.16.2.1.8
1.5.33481.7.2.1.10
1.5.33523.6.2.1.41.20
1.5.33611.5.2.1
1.5.33666.8.2.1.2.1.4.1.4
1.5.33740.11.2.1
1.5.33744.7.2.1.6.1
1.5.33793.7.2.1.19.1.6.2.11
1.5.33853.9.2.1.3.1.23.2
1.5.34073.9.2.1.5.3
1.5.34108.14.2.1.17.2.3.2
1.5.34163.8.2.1
1.5.34236.17.2.1.1
1.5.34264.8.2.1.4.1.5
1.5.34350.12.2.1.2.1.23.2.12
1.5.34485.7.2.1.3.4
1.5.34715.15.2.1.2.4.9.3.14
1.5.34720.7.2.1.7.2.9
1.5.34839.7.2.1.2.4
1.5.35034.8.2.1.24.2
1.5.35057.16.2.1
1.5.35090.6.2.1
1.5.35122.8.2.1.16.1.9.6.17
1.5.35318.8.2.1.19.1.7.2
1.5.35368.14.2.1.11.4
1.5.35587.12.2.1.28.1.1.1
1.5.35693.9.2.1.6.1.5
1.5.35750.13.2.1.2
1.5.35936.8.2.1.13.2.10
1.5.36033.21.2.1.13.7.45
1.5.36134.6.2.1.7.1.4.1.2
1.5.36136.7.2.1.1
1.5.36246.7.2.1.25.1.4.1
1.5.36305.11.2.1.2.1
1.5.36589.22.2.1.14.4.10.1.43
1.5.36908.24.2.1.3.1
1.5.36982.19.2.1.22.1.4
1.5.36990.14.2.1
1.5.37209.7.2.1.10.2.9.3.5
1.5.37222.17.2.1.10.2.12.5
1.5.37235.6.2.1.6.2.7.1
1.5.37288.12.2.1
1.5.37297.8.2.1
1.5.37361.19.2.1
1.5.37384.12.2.1.15.4.8.2.7.10
1.5.37574.7.2.1.4
1.5.37626.14.2.1.19.1.1.1
1.5.37634.9.2.1.8.1.2.2.4
1.5.37634.9.2.1.9.2.4.2.6
1.5.37682.10.2.1.27
1.5.37707.12.2.1.4
1.5.37808.28.2.1
1.5.37857.18.2.1.4.1.1.1
1.5.37857.18.2.1.5.2.3
1.5.37945.8.2.1.6
1.5.38053.12.2.1.25.5.11.1
1.5.38101.8.2.1.14.2
1.5.38221.7.2.1.3.2.6.3
1.5.38259.7.2.1.6
1.5.38461.6.2.1.14.6.23.2.16
1.5.38505.18.2.1.5.1.27.2.7
1.5.38560.7.2.1.17
1.5.38585.23.2.1
1.5.38745.6.2.1.8.1.2.1
1.5.38746.10.2.1.2.1.1.1.37
1.5.38748.17.2.1
1.5.38877.15.2.1
1.5.38961.9.2.1.3
1.5.38983.8.2.1.1.1.10
1.5.39055.10.2.1.9.1.2
1.5.39103.13.2.1.5.5.22.4.21
1.5.39149.19.2.1.15.1.14.2.8
1.5.39156.6.2.1.6.1.1.1.10
1.5.39165.7.2.1.6.2
1.5.39207.12.2.1.19.1
1.5.39280.8.2.1.1.1
1.5.39309.8.2.1.4.1.16.6.6
1.5.39401.17.2.1.1.2.2
1.5.39450.16.2.1.4.2.4.2.19
1.5.39611.7.2.1.4.1.11.1
1.5.39621.12.2.1.14.1.5.2
1.5.39654.12.2.1.26.1.1.5
1.5.39983.8.2.1.2.2
1.5.40003.13.2.1.13.4
1.5.40065.9.2.1.29.8.11.6.26
1.5.40234.5.2.1.2
1.5.40264.14.2.1
1.5.40489.16.2.1.7
1.5.40521.7.2.1.49
1.5.40564.8.2.1.43.5
1.5.40656.5.2.1
1.5.40711.8.2.1.2.1.4.1.4
1.5.40785.11.2.1
1.5.40789.7.2.1.6.1
1.5.40838.7.2.1.19.1.6.2.11
1.5.40901.11.2.1
1.5.41153.8.2.1.8.6.48.1.8.57
1.5.41213.8.2.1
1.5.41279.16.2.1.6.2
1.5.41339.6.2.1.11.2.4
1.5.41391.14.2.1.21.1.1.1.3
1.5.41601.7.2.1.20.4.9
1.5.41758.15.2.1.2.4.9.3.14
1.5.41763.7.2.1.7.2.9
1.5.41882.7.2.1.2.4
1.5.42008.10.2.1
1.5.42123.11.2.1.13.2.4.2.33
1.5.42244.8.2.1.4.1.2
1.5.42305.23.2.1.11.3
1.5.42328.8.2.1.2
1.5.42382.14.2.1.11.4
1.5.42473.6.2.1
1.5.42731.9.2.1.6.1.5
1.5.42794.7.2.1.25.3.16
1.5.42799.13.2.1.2
1.5.42972.8.2.1.3
1.5.43085.6.2.1.2.2.5.1.5
1.5.43209.6.2.1.7.1.4.1.2
1.5.43211.7.2.1.1
1.5.43322.7.2.1.25.1.4.1
1.5.43452.7.2.1.6
1.5.43607.7.2.1.5.2.9
1.5.43679.22.2.1.14.4.10.1.43
1.5.43956.19.2.1.3
1.5.43967.6.2.1.3.2.3.1
1.5.43998.8.2.1.30.2
1.5.44006.7.2.1
1.5.44080.19.2.1.22.1.4
1.5.44088.14.2.1
1.5.44247.8.2.1.1.1
1.5.44309.7.2.1.7
1.5.44366.8.2.1.38.7.1.1
1.5.44418.8.2.1
1.5.44482.19.2.1
1.5.44505.12.2.1.15.4.8.2.7.10
1.5.44834.9.2.1.25
1.5.44967.7.2.1.14
1.5.44984.10.2.1
1.5.45045.8.2.1.6
1.5.45142.8.2.1.8.2.1.1.1
1.5.45202.10.2.1.9.2
1.5.45243.9.2.1.32.2
1.5.45321.7.2.1.3.2.6.3
1.5.45356.8.2.1.10.5.16
1.5.45416.11.2.1.27.4
1.5.45583.6.2.1.14.6.23.2.16
1.5.45707.23.2.1
1.5.45871.6.2.1.8.1.2.1
1.5.45872.10.2.1.2.1.1.1.7
1.5.45874.17.2.1
1.5.45913.6.2.1
1.5.46073.9.2.1.3
1.5.46095.7.2.1.11
1.5.46145.6.2.1.4.4
1.5.46183.21.2.1.1.1.7
1.5.46277.11.2.1.14.2.21
1.5.46280.6.2.1.20.1.34.5.2
1.5.46343.32.2.1.6.2.5.5.21
1.5.46412.8.2.1.1.1
1.5.46441.8.2.1.4.1.16.6.6
1.5.46517.12.2.1.27.13.26
1.5.46517.12.2.1.28.14.32
1.5.46517.12.2.1.29.15
1.5.46538.17.2.1.1.2.2
1.5.46587.16.2.1.4.2.4.2.19
1.5.46631.13.2.1
1.5.47251.9.2.1.29.8.11.6.26
1.5.47363.8.2.1.1.1.6.3.7
1.5.47380.14.2.1.22.7.10.1
1.5.47427.5.2.1.2
1.5.47457.14.2.1
1.5.47515.11.2.1
1.5.47575.8.2.1.2.2.15.6.24.47
1.5.47610.8.2.1.9.1.2.2
1.5.47678.16.2.1.8
1.5.47710.7.2.1.55
1.5.47756.6.2.1.41.20
1.5.47844.5.2.1
1.5.47911.8.2.1.2.2.8.2.14
1.5.47985.11.2.1
1.5.47989.7.2.1.6.1
1.5.48038.7.2.1.19.1.6.2.11
1.5.48101.11.2.1
1.5.48319.9.2.1.5.5
1.5.48396.8.2.1
1.5.48468.17.2.1.1
1.5.48496.8.2.1.4.1.5
1.5.48528.6.2.1.11.2.4
1.5.48580.14.2.1.21.1.1.1.3
1.5.48720.7.2.1.3.3
1.5.48952.15.2.1.2.4.9.3.14
1.5.48957.7.2.1.7.2.9
1.5.49062.7.2.1.2.4
1.5.49168.10.2.1
1.5.49310.8.2.1.16.1.9.6.17
1.5.49405.8.2.1.4.1.2
1.5.49472.8.2.1.22.5
1.5.49555.14.2.1.11.4
1.5.49888.7.2.1.1.1.6
1.5.49891.9.2.1.4.6
1.5.49952.7.2.1.25.3.16
1.5.49957.13.2.1.2
1.5.49996.13.2.1.23.5.18.2
1.5.49997.6.2.1.1.1
1.5.50127.11.2.1.32.13
1.5.50232.6.2.1.2.2.5.1.5
1.5.50369.8.2.1.10
1.5.50375.6.2.1.22.1.1
1.5.50482.7.2.1.25.1.4.1
1.5.50828.22.2.1.14.4.10.1.43
1.5.51094.19.2.1.3
1.5.51105.6.2.1.3.2.3.1
1.5.51136.8.2.1.30.2
1.5.51144.7.2.1
1.5.51210.19.2.1.22.1.4
1.5.51218.14.2.1
1.5.51379.8.2.1.1.1
1.5.51448.10.2.1.3.1.4
1.5.51509.8.2.1.38.7.1.1
1.5.51624.18.2.1.6.6
1.5.51640.12.2.1.15.4.8.2.7.22
1.5.51893.14.2.1.19.1.1.1
1.5.51901.9.2.1.8.1.2.2.4
1.5.51901.9.2.1.9.2.4.2.6
1.5.51967.12.2.1.11
1.5.52117.18.2.1.4.1.1.1
1.5.52117.18.2.1.5.2.3
1.5.52130.9.2.1.1
1.5.52204.6.2.1.3.1.6.4.4
1.5.52301.8.2.1.8.2.1.1.1
1.5.52367.8.2.1.14.2
1.5.52492.7.2.1.3.2.6.3
1.5.52531.8.2.1.31.6.22
1.5.52590.11.2.1.27.4
1.5.52600.7.2.1.3.3.6.2
1.5.52751.6.2.1.14.6.23.2.16
1.5.52795.18.2.1.5.1.27.2.7
1.5.52850.7.2.1.17
1.5.52882.23.2.1
1.5.52961.15.2.1.18.3.10.3
1.5.53094.9.2.1.1.1.1.1.1
1.5.53267.19.2.1.8.1.10
1.5.53318.9.2.1.1.1.2.1
1.5.53320.6.2.1
1.5.53324.15.2.1.8.2.2.3.1
1.5.53346.10.2.1.9.1.2
1.5.53394.13.2.1.5.5.22.4.21
1.5.53441.12.2.1.3.3.18.2.11
1.5.53451.7.2.1.6.2
1.5.53493.12.2.1.19.1
1.5.53566.8.2.1.1.1
1.5.53595.8.2.1.4.1.16.6.6
1.5.53692.17.2.1.1.2.2
1.5.53741.16.2.1.4.2.4.2.19
1.5.53835.9.2.1
1.5.53849.13.2.1.2.1
1.5.54263.8.2.1.5.2
1.5.54306.8.2.1.2.2
1.5.54326.13.2.1.13.4
1.5.54393.9.2.1.29.8.11.6.14
1.5.54497.6.2.1.5
1.5.54503.8.2.1.1.1.18.2.4
1.5.54520.14.2.1.23.7.10.1
1.5.54567.5.2.1.2
1.5.54597.14.2.1
1.5.54832.16.2.1.8
1.5.54866.7.2.1.10
1.5.54908.6.2.1.41.20
1.5.54996.5.2.1
1.5.55063.8.2.1.2.1.4.1.4
1.5.55130.11.2.1
1.5.55134.7.2.1.6.1
1.5.55184.7.2.1.19.1.6.2.11
1.5.55244.9.2.1.3.1.23.2
1.5.55244.9.2.1.5.1.2
1.5.55317.8.2.1.1.1.2.1
1.5.55474.7.2.1.1.1
1.5.55547.8.2.1
1.5.55615.7.2.1.7.2.14.11.21
1.5.55640.8.2.1.15.6
1.5.55669.6.2.1.11.2.4
1.5.55721.14.2.1.21.1.1.1.3
1.5.55861.10.2.1.2.2.10
1.5.55869.7.2.1.3.3
1.5.55945.7.2.1.20.4.9
1.5.56098.15.2.1.2.4.9.3.14
1.5.56103.7.2.1.7.2.9
1.5.56198.8.2.1.6.1.2.2.15
1.5.56200.9.2.1.1.1
1.5.56360.8.2.1.18.2
1.5.56383.16.2.1
1.5.56410.12.2.1.1
1.5.56536.8.2.1.4.1.2
1.5.56680.14.2.1.11.4
1.5.56768.6.2.1
1.5.57015.7.2.1.1.1.6
1.5.57018.9.2.1.4.6
1.5.57076.7.2.1.25.3.16
1.5.57081.13.2.1.2
1.5.57268.8.2.1.13.2.10
1.5.57365.21.2.1.13.7.45
1.5.57474.6.2.1.7.1.4.1.2
1.5.57476.7.2.1.1
1.5.57587.7.2.1.25.1.4.1
1.5.57646.11.2.1.2.1
1.5.57702.13.2.1
1.5.57735.12.2.1.3.1
1.5.57875.10.2.1.18.1
1.5.57938.10.2.1.3.2.2
1.5.58204.19.2.1.3
1.5.58215.6.2.1.3.2.3.1
1.5.58246.8.2.1.30.2
1.5.58254.7.2.1
1.5.58320.19.2.1.22.1.4
1.5.58328.14.2.1
1.5.58490.15.2.1
1.5.58565.38.2.1.13.3.27
1.5.58621.8.2.1.38.7.1.1
1.5.58673.8.2.1
1.5.58753.18.2.1.6.6
1.5.58769.12.2.1.15.4.8.2.7.8
1.5.58962.7.2.1.4
1.5.59014.14.2.1.19.1.1.1
1.5.59022.9.2.1.8.1.2.2.4
1.5.59022.9.2.1.9.2.4.2.6
1.5.59101.9.2.1.25
1.5.59222.24.2.1.29
1.5.59233.8.2.1
1.5.59234.10.2.1.1.1.2.1
1.5.59333.8.2.1.6
1.5.59441.12.2.1.25.5.11.1
1.5.59489.8.2.1.14.2
1.5.59540.10.2.1.2.2
1.5.59626.7.2.1.3.2.6.3
1.5.59665.8.2.1.31.6.22
1.5.59722.11.2.1.19.4
1.5.59879.6.2.1.14.6.23.2.16
1.5.59923.18.2.1.5.1.27.2.7
1.5.59978.7.2.1.17
1.5.60003.23.2.1
1.5.60166.6.2.1.37.1.2.1
1.5.60167.10.2.1.2.1.1.1.7
1.5.60169.17.2.1
1.5.60363.9.2.1.3
1.5.60385.7.2.1.11
1.5.60465.7.2.1
1.5.60568.11.2.1.14.2.20
1.5.60571.6.2.1.20.1.33.5.2
1.5.60740.8.2.1.4.1.20.6.6
1.5.60840.17.2.1.1.2.2
1.5.60889.16.2.1.4.2.4.2.19
1.5.61056.15.2.1.19.2
1.5.61435.13.2.1.13.4
1.5.61495.9.2.1.29.8.11.6.14
1.5.61681.5.2.1.2
1.5.61711.14.2.1
1.5.61839.8.2.1.2.2.27.12.37.50
1.5.61875.8.2.1.9.1.2.2
1.5.61937.10.2.1.1
1.5.61972.7.2.1.10
1.5.62019.8.2.1.43.5
1.5.62111.5.2.1
1.5.62178.8.2.1.2.2.8.2.14
1.5.62252.11.2.1
1.5.62256.7.2.1.6.1
1.5.62306.7.2.1.19.1.6.2.11
1.5.62366.9.2.1.3.1.23.2
1.5.62366.9.2.1.5.1.2
1.5.62597.9.2.1.5.5
1.5.62632.14.2.1.17.2.3.2
1.5.62692.8.2.1
1.5.62759.17.2.1.1
1.5.62787.8.2.1.4.1.5
1.5.62878.8.2.1.5.2.3
1.5.62942.11.2.1
1.5.63028.7.2.1.3.4
1.5.63250.15.2.1.2.4.9.3.14
1.5.63255.7.2.1.7.2.9
1.5.63374.7.2.1.2.4
1.5.63567.8.2.1.24.2
1.5.63610.11.2.1.13.2.4.2.32
1.5.63635.8.2.1.2.1.3
1.5.63744.11.2.1.6
1.5.63746.8.2.1.15
1.5.63810.8.2.1.22.5
1.5.63892.14.2.1.11.4
1.5.63973.6.2.1
1.5.64064.6.2.1.7.4
1.5.64220.9.2.1.6.1.5
1.5.64283.11.2.1.23
1.5.64289.13.2.1.2
1.5.64485.8.2.1.3
1.5.64593.21.2.1.13.7.45
1.5.64703.6.2.1.7.1.4.1.2
1.5.64705.7.2.1.1
1.5.64730.13.2.1.13.2.3.1.36
1.5.64810.7.2.1.25.1.4.1
1.5.65158.22.2.1.14.4.10.1.43
1.5.65274.12.2.1
1.5.65442.19.2.1.3
1.5.65453.6.2.1.3.2.3.1
1.5.65484.8.2.1.30.2
1.5.65492.7.2.1
1.5.65503.24.2.1.3.1
1.5.65577.19.2.1.22.1.4
1.5.65585.14.2.1
1.5.65768.8.2.1.1.1
1.5.65830.7.2.1.7
1.5.65887.8.2.1.38.7.1.1
1.5.65931.8.2.1
1.5.65990.19.2.1
1.5.66013.12.2.1.15.4.8.2.7.12
1.5.66208.7.2.1.4
1.5.66260.14.2.1.19.1.1.1
1.5.66268.9.2.1.8.1.2.2.4
1.5.66268.9.2.1.9.2.4.2.6
1.5.66334.12.2.1.11
1.5.66491.10.2.1
1.5.66551.6.2.1.3.1.6.4.4
1.5.66645.8.2.1.8.2.1.1.1
1.5.66705.10.2.1.9.2
1.5.66815.13.2.1.18.11.21.1
1.5.66839.9.2.1.11.6.21
1.5.66872.8.2.1.31.6.22
1.5.66929.11.2.1.19.4
1.5.67090.6.2.1.14.6.23.2.16
1.5.67221.23.2.1
1.5.67388.6.2.1.8.1.2.1
1.5.67389.10.2.1.2.1.1.1.7
1.5.67391.17.2.1
1.5.67593.9.2.1.3
1.5.67616.7.2.1.11
1.5.67704.21.2.1.1.1.7
1.5.67799.11.2.1.14.2.21
1.5.67802.6.2.1.20.1.34.5.2
1.5.67811.7.2.1.6.2
1.5.67853.12.2.1.19.1
1.5.67952.8.2.1.4.1.20.6.6
1.5.68056.12.2.1.13
1.5.68107.16.2.1.4.2.4.2.19
1.5.68151.13.2.1
1.5.68631.8.2.1.5.2
1.5.68676.9.2.1.8.5
1.5.68733.9.2.1.29.8.11.6.44
1.5.68899.5.2.1.2
1.5.68929.14.2.1
1.5.69053.8.2.1.2.2.15.6.24.45
1.5.69089.8.2.1.9.1.2.2
1.5.69157.16.2.1.8
1.5.69191.7.2.1.10
1.5.69238.8.2.1.43.5
1.5.69328.7.2.1.6.1.1
1.5.69385.8.2.1.2.1.4.1.4
1.5.69459.11.2.1
1.5.69463.7.2.1.6.1
1.5.69570.11.2.1
1.5.69815.14.2.1.17.2.3.2
1.5.69872.8.2.1
1.5.69950.16.2.1.6.2
1.5.69983.8.2.1.4.1.5
1.5.70069.12.2.1.2.1.23.2.12
1.5.70194.12.2.1.10.1.26
1.5.70278.7.2.1.20.4.9
1.5.70434.15.2.1.2.4.9.3.14
1.5.70439.7.2.1.7.2.9
1.5.70558.7.2.1.2.4
1.5.70784.12.2.1.1
1.5.70810.8.2.1.2.1.3
1.5.70911.8.2.1.4.1.2
1.5.71015.8.2.1.15.1.25.6
1.5.71064.14.2.1.11.4
1.5.71145.6.2.1
1.5.71234.14.2.1.15.4
1.5.71242.17.2.1.2.2
1.5.71381.7.2.1.1.1.6
1.5.71384.9.2.1.4.6
1.5.71445.7.2.1.25.3.16
1.5.71450.13.2.1.2
1.5.71622.11.2.1.32.13
1.5.71731.6.2.1.2.2.5.1.5
1.5.71866.8.2.1.1.1.3.2.28
1.5.71872.6.2.1.9.1.1
1.5.71893.13.2.1.13.2.3.1.36
1.5.71974.7.2.1.25.1.4.1
1.6.127.8.2.1.8.2.6
1.6.147.8.2.1.2.2.4.1.1
1.6.235.8.2.1.6.2
1.6.284.8.2.1.3.7
1.6.309.8.2.1.4
1.6.398.8.2.1.4.3.3
1.6.447.8.2.1
1.6.525.8.2.1.1.1.1
1.6.616.8.2.1.2.2.5
1.6.616.8.2.1.3.3.12.8
1.6.698.8.2.1.6.3.30.3.3
1.6.762.8.2.1.16.5
1.6.843.8.2.1.30.2
1.6.1094.8.2.1.4
1.6.1493.8.2.1.2.1.2.2.10
1.6.1506.8.2.1.17.5.21.2
1.6.1560.8.2.1.3.3.21
1.6.1626.8.2.1.9
1.6.1782.8.2.1.5.5.7
1.6.1798.8.2.1
1.6.1831.8.2.1.5
1.6.1880.8.2.1
1.6.1915.8.2.1.5.1.13
1.6.2009.8.2.1.1.2
1.6.2213.8.2.1.4.2.4.2
1.6.2247.8.2.1.9.3.8.1
1.6.2275.8.2.1.3.2.3.1.2
1.6.2535.8.2.1.8.2
1.6.2594.8.2.1.6.1.7.1
1.6.2660.8.2.1.4
1.6.2795.8.2.1
1.6.2891.8.2.1.29.2.5.1.1
1.6.2896.8.2.1.3.3.6.3
1.6.3029.8.2.1.3.3
1.6.3138.8.2.1.5.1.7.1.12.15
1.6.3165.8.2.1.25.4.29
1.6.3211.8.2.1.11.8.18
1.6.3304.8.2.1.1.1.1
1.6.3340.8.2.1.16.3.17.1.9
1.6.3343.8.2.1.24.8.25.8.18
1.6.3350.8.2.1
1.6.3417.8.2.1.2.2.23.1.4
1.6.3538.8.2.1.3.3.20
1.6.3539.8.2.1
1.6.3560.8.2.1.17.1
1.6.3636.8.2.1.8
1.6.3644.8.2.1.2
1.6.3798.8.2.1
1.6.3934.8.2.1.13.6
1.6.3940.8.2.1.7.4.38.1.9
1.6.4234.8.2.1
1.6.4437.8.2.1.1.1
1.6.4482.8.2.1.12
1.6.4550.8.2.1.5
1.6.4613.8.2.1
1.6.4777.8.2.1
1.6.4793.8.2.1.2.4
1.6.4865.8.2.1.5.3
1.6.4877.8.2.1.3.5.19.1
1.6.4927.8.2.1.17.1.2
1.6.5075.8.2.1.4.4.7.3.34
1.6.5112.8.2.1.14.1
1.6.5204.8.2.1.1.1.4.2.34
1.6.5279.8.2.1.4.3.31.1
1.6.5601.8.2.1.29.2
1.6.5701.8.2.1.14.3
1.6.5785.8.2.1
1.6.5920.8.2.1.16.3.9
1.6.5972.8.2.1.9.1.1
1.6.6193.8.2.1
1.6.6243.8.2.1.15.2
1.6.6276.8.2.1.8.1
1.6.6310.8.2.1.19.1.11.1
1.6.6383.8.2.1.5.1.2.2.3
1.6.6387.8.2.1.11.3.20.1.8
1.6.6410.8.2.1.19.1.1
1.6.6494.8.2.1.3.2.4
1.6.6741.8.2.1.13
1.6.6780.8.2.1.17.3.30
1.6.6816.8.2.1
1.6.6897.8.2.1.16.1.3
1.6.6928.8.2.1.22.4.7.2
1.6.6973.8.2.1.15.2.5.5.21.11
1.6.6999.8.2.1.13
1.6.7209.8.2.1.8.6.31
1.6.7334.8.2.1.13.1.7.4
1.6.7360.8.2.1
1.6.7374.8.2.1.23
1.6.7442.8.2.1
1.6.7448.8.2.1.1.1.2.2.9
1.6.7516.8.2.1.9.3.12
1.6.7524.8.2.1.26
1.6.7568.8.2.1
1.6.7713.8.2.1.8.2.25.5
1.6.7784.8.2.1.3.2
1.6.7843.8.2.1.14
1.6.7870.8.2.1.1.2.9.1
1.6.8003.8.2.1.4.2.2
1.6.8014.8.2.1.8.5.8.3.26
1.6.8044.8.2.1.19
1.6.8082.8.2.1.8
1.6.8271.8.2.1.8
1.6.8292.8.2.1.2.2.4.1.1
1.6.8380.8.2.1.6.2
1.6.8429.8.2.1.3.7
1.6.8463.8.2.1.4
1.6.8554.8.2.1.4.3.3
1.6.8744.8.2.1.17.3.25.4.15
1.6.8750.8.2.1.2.2
1.6.8779.8.2.1
1.6.8866.8.2.1.6.3.30.3.3
1.6.8904.8.2.1.6.2
1.6.9035.8.2.1.27
1.6.9279.8.2.1.3.2.5
1.6.9328.8.2.1.4.2.5.1
1.6.9454.8.2.1.7.7.10.1.14
1.6.9473.8.2.1.4.1
1.6.9702.8.2.1.2.1.2.2.10
1.6.9715.8.2.1.17.5.21.2
1.6.9769.8.2.1.3.3.21
1.6.9847.8.2.1.9
1.6.10023.8.2.1.5.9.16
1.6.10039.8.2.1
1.6.10119.8.2.1
1.6.10154.8.2.1.5.1.13
1.6.10242.8.2.1.1.2
1.6.10443.8.2.1.4.2.4.2
1.6.10482.8.2.1
1.6.10504.8.2.1.11.8.17.1.2
1.6.10765.8.2.1.8.2
1.6.10825.8.2.1.6.1.7.1
1.6.10872.8.2.1.5.3
1.6.11034.8.2.1.1.1.3.2
1.6.11123.8.2.1.13.1.9.6.5
1.6.11128.8.2.1.3.3.6.3
1.6.11159.8.2.1.3.1
1.6.11167.8.2.1.23.5.13.1.3
1.6.11261.8.2.1.3.3
1.6.11369.8.2.1.1.1.4.1.11
1.6.11394.8.2.1.20.4.29
1.6.11440.8.2.1.11.8.18
1.6.11469.8.2.1.15.6
1.6.11539.8.2.1.1.1.1
1.6.11575.8.2.1.16.3.17.1.9
1.6.11578.8.2.1.24.8.25.8.18
1.6.11656.8.2.1.2.2.23.1.4
1.6.11762.8.2.1.3.3.20
1.6.11763.8.2.1
1.6.11852.8.2.1.8
1.6.11860.8.2.1.2
1.6.12014.8.2.1
1.6.12166.8.2.1.13.6
1.6.12172.8.2.1.7.4.38.1.9
1.6.12313.8.2.1
1.6.12458.8.2.1
1.6.12786.8.2.1.54
1.6.12849.8.2.1
1.6.13032.8.2.1.10
1.6.13106.8.2.1.5.3
1.6.13118.8.2.1.3.5.19.1
1.6.13168.8.2.1.17.1.2
1.6.13318.8.2.1.4.4.7.3.29
1.6.13351.8.2.1.14.1
1.6.13429.8.2.1.1.1.4.2.38
1.6.13504.8.2.1.4.3.31.1
1.6.13803.8.2.1.8
1.6.13809.8.2.1.9.2
1.6.13904.8.2.1.14.3
1.6.14053.8.2.1.5
1.6.14120.8.2.1.16.3.9
1.6.14172.8.2.1.9.1.1
1.6.14278.8.2.1.5
1.6.14361.8.2.1.5.5.8.3
1.6.14388.8.2.1.31.1.3.1
1.6.14449.8.2.1.15.2
1.6.14482.8.2.1.8.1
1.6.14516.8.2.1.19.1.11.1
1.6.14589.8.2.1.5.1.2.2.3
1.6.14593.8.2.1.11.3.20.1.8
1.6.14726.8.2.1.16.3.7
1.6.14726.8.2.1.16.3.16.4
1.6.15035.8.2.1.10.4.9.2.1
1.6.15049.8.2.1.5.4.18.1
1.6.15139.8.2.1.11.5.11
1.6.15220.8.2.1.3.1.5.2
1.6.15440.8.2.1.8.6.31
1.6.15565.8.2.1.13.1.7.4
1.6.15591.8.2.1
1.6.15605.8.2.1.23
1.6.15675.8.2.1
1.6.15681.8.2.1.1.1.2.2.9
1.6.15751.8.2.1.9.3.12
1.6.15759.8.2.1.26
1.6.15944.8.2.1.6.5.37.2.2
1.6.15989.8.2.1
1.6.16076.8.2.1.15
1.6.16103.8.2.1.1.2.9.1
1.6.16232.8.2.1.4.2.2
1.6.16243.8.2.1.8.5.8.2.26
1.6.16261.8.2.1.14
1.6.16308.8.2.1.8
1.6.16504.8.2.1.8
1.6.16608.8.2.1.6.2
1.6.16657.8.2.1.3.7
1.6.16691.8.2.1.4
1.6.16782.8.2.1.4.3.3
1.6.16984.8.2.1.21.3.27.4.19
1.6.16990.8.2.1.2.2
1.6.17081.8.2.1.6.3.30.3.3
1.6.17164.8.2.1
1.6.17385.8.2.1.23.1
1.6.17484.8.2.1.3.2.5
1.6.17533.8.2.1.4.2.5.1
1.6.17664.8.2.1.11.4.7.8
1.6.17925.8.2.1.2.1.2.2.10
1.6.17938.8.2.1.17.5.21.2
1.6.17992.8.2.1.3.3.21
1.6.18070.8.2.1.9
1.6.18226.8.2.1.5.4.7
1.6.18277.8.2.1.5
1.6.18326.8.2.1
1.6.18361.8.2.1.5.1.13
1.6.18444.8.2.1
1.6.18647.8.2.1
1.6.18720.8.2.1.11.8.17.1.2
1.6.18804.8.2.1.2.6.5.1
1.6.18986.8.2.1.8.2
1.6.19059.8.2.1
1.6.19263.8.2.1
1.6.19354.8.2.1.15.1.2.1
1.6.19360.8.2.1.7.9.15.3
1.6.19486.8.2.1.3.3
1.6.19592.8.2.1.1.1.4.1.11
1.6.19618.8.2.1.4
1.6.19660.8.2.1.11.8.18
1.6.19689.8.2.1.15.6
1.6.19763.8.2.1.1.1.1
1.6.19800.8.2.1.3.2.5
1.6.19803.8.2.1.2
1.6.19872.8.2.1.1.5.13
1.6.19957.8.2.1.37.2.14
1.6.20038.8.2.1.8
1.6.20046.8.2.1.2
1.6.20200.8.2.1
1.6.20343.8.2.1.6.5
1.6.20349.8.2.1.7.4.24.1.9
1.6.20585.8.2.1
1.6.20731.8.2.1
1.6.20862.8.2.1.1.1
1.6.20909.8.2.1.12
1.6.20977.8.2.1.5
1.6.21040.8.2.1
1.6.21210.8.2.1
1.6.21226.8.2.1.2.4
1.6.21282.8.2.1.5.3
1.6.21294.8.2.1.3.5.19.1
1.6.21344.8.2.1.17.1.2
1.6.21505.8.2.1.4.4.7.3.29
1.6.21538.8.2.1.14.1
1.6.21614.8.2.1.1.1.4.2.33
1.6.21829.8.2.1.25.1.1.1.6
1.6.22086.8.2.1.14.3
1.6.22304.8.2.1.16.3.9
1.6.22356.8.2.1.9.1.1
1.6.22452.8.2.1.5
1.6.22557.8.2.1.8.5
1.6.22582.8.2.1
1.6.22599.8.2.1.3.3
1.6.22645.8.2.1.15.2
1.6.22678.8.2.1.8.1
1.6.22712.8.2.1.19.1.11.1
1.6.22783.8.2.1.5.1.2.2.3
1.6.22787.8.2.1.11.3.20.1.8
1.6.22810.8.2.1.19.1.1
1.6.22906.8.2.1.16.3.7
1.6.22906.8.2.1.16.3.16.4
1.6.23215.8.2.1.10.4.9.2.1
1.6.23229.8.2.1.5.4.18.1
1.6.23296.8.2.1.4.1.3
1.6.23778.8.2.1.14.8
1.6.23784.8.2.1.16
1.6.23842.8.2.1.27
1.6.23921.8.2.1.9.3.12
1.6.23929.8.2.1.26
1.6.24192.8.2.1
1.6.24256.8.2.1.14
1.6.24283.8.2.1.1.2.9.1
1.6.24411.8.2.1.4.2.2
1.6.24440.8.2.1.14
1.6.24487.8.2.1.8
1.6.24688.8.2.1.4.2.7.3
1.6.24715.8.2.1.8
1.6.24819.8.2.1.6.2
1.6.24868.8.2.1.3.7
1.6.24902.8.2.1.4
1.6.24970.8.2.1.19.3.12
1.6.25019.8.2.1
1.6.25097.8.2.1.1.1.1
1.6.25154.8.2.1.17.3.25.4.15
1.6.25160.8.2.1.2.2
1.6.25189.8.2.1
1.6.25269.8.2.1.6.3.30.3.3
1.6.25307.8.2.1.6.2
1.6.25414.8.2.1.30.2
1.6.25660.8.2.1.3.2.5
1.6.25709.8.2.1.4.2.5.1
1.6.25856.8.2.1.4.1
1.6.26094.8.2.1.2.1.2.2.10
1.6.26107.8.2.1.17.5.21.2
1.6.26161.8.2.1.3.3.21
1.6.26239.8.2.1.9
1.6.26401.8.2.1.5.4.7
1.6.26484.8.2.1
1.6.26519.8.2.1.5.1.13
1.6.26613.8.2.1.1.2
1.6.26846.8.2.1
1.6.26908.8.2.1.6.1.2.2.2
1.6.27164.8.2.1.8.2
1.6.27237.8.2.1
1.6.27440.8.2.1
1.6.27533.8.2.1
1.6.27540.8.2.1.17.1.2.1
1.6.27672.8.2.1.3.3
1.6.27774.8.2.1.5.1.7.1.12.19
1.6.27817.8.2.1.9.3
1.6.27846.8.2.1.9.4
1.6.28001.8.2.1.3.2.5
1.6.28004.8.2.1.2
1.6.28077.8.2.1.2.2.23.1.4
1.6.28198.8.2.1.3.3.20
1.6.28199.8.2.1
1.6.28300.8.2.1.8
1.6.28308.8.2.1.2
1.6.28462.8.2.1
1.6.28597.8.2.1.13.6
1.6.28603.8.2.1.7.4.38.1.9
1.6.28703.8.2.1
1.6.29006.8.2.1
1.6.29061.8.2.1
1.6.29097.8.2.1.5
1.6.29120.8.2.1.1.1
1.6.29263.8.2.1.12
1.6.29386.8.2.1.22.2.32.3
1.6.29538.8.2.1.2.4
1.6.29594.8.2.1.5.3
1.6.29606.8.2.1.3.5.19.1
1.6.29656.8.2.1.17.1.2
1.6.29846.8.2.1.14.1
1.6.29922.8.2.1.1.1.4.2.33
1.6.29997.8.2.1.4.3.31.1
1.6.30225.8.2.1
1.6.30289.8.2.1.8
1.6.30295.8.2.1.9.2
1.6.30476.8.2.1
1.6.30529.8.2.1.5
1.6.30596.8.2.1.16.3.9
1.6.30648.8.2.1.9.1.1
1.6.30938.8.2.1.17.1.2.2.17.13
1.6.30988.8.2.1.19.1.11.1
1.6.31059.8.2.1.5.1.2.2.3
1.6.31063.8.2.1.11.3.20.1.8
1.6.31196.8.2.1.16.3.7
1.6.31196.8.2.1.16.3.16.4
1.6.31394.8.2.1.22.5.7.2
1.6.31395.8.2.1.27.1
1.6.31400.8.2.1.38.1
1.6.31473.8.2.1.5.1.6.2.1
1.6.31502.8.2.1
1.6.31587.8.2.1.4.1.3
1.6.31674.8.2.1.3.1.5.2
1.6.31752.8.2.1.1.8.16.6
1.6.31877.8.2.1.8.6.31
1.6.32008.8.2.1.13.1.7.4
1.6.32034.8.2.1
1.6.32048.8.2.1.23
1.6.32116.8.2.1
1.6.32122.8.2.1.1.1.2.2.9
1.6.32190.8.2.1.9.3.12
1.6.32198.8.2.1.26
1.6.32242.8.2.1
1.6.32447.8.2.1
1.6.32526.8.2.1.22
1.6.32676.8.2.1.9.4.16
1.6.32710.8.2.1.14
1.6.32757.8.2.1.8
1.6.32919.8.2.1.31.3.13
1.6.32958.8.2.1.2.2.4.1.1
1.6.33046.8.2.1.6.2
1.6.33095.8.2.1.3.7
1.6.33129.8.2.1.4
1.6.33214.8.2.1.4.3.3
1.6.33408.8.2.1.17.3.26.4.15
1.6.33414.8.2.1.2.2
1.6.33456.8.2.1.18.10
1.6.33530.8.2.1.6.3.30.3.3
1.6.33568.8.2.1.6.2
1.6.33675.8.2.1.30.2
1.6.34093.8.2.1.11.4.7.8
1.6.34330.8.2.1.2.1.2.2.10
1.6.34343.8.2.1.17.5.21.2
1.6.34397.8.2.1.3.3.21
1.6.34475.8.2.1.9
1.6.34627.8.2.1.5.4.7
1.6.34710.8.2.1
1.6.34745.8.2.1.5.1.13
1.6.34828.8.2.1
1.6.35034.8.2.1.4.2.4.2
1.6.35093.8.2.1.3.2.3.1.2
1.6.35180.8.2.1.28.1
1.6.35201.8.2.1.2.2.5.1
1.6.35357.8.2.1.8.2
1.6.35430.8.2.1
1.6.35633.8.2.1.1.1.3.2
1.6.35736.8.2.1
1.6.35737.8.2.1.7.1.13
1.6.35744.8.2.1.16.7.28.8
1.6.35878.8.2.1.3.3
1.6.35976.8.2.1.1.1.4.1.11
1.6.36002.8.2.1.4
1.6.36038.8.2.1.13.1.3.3
1.6.36138.8.2.1.1.1.1
1.6.36174.8.2.1.16.3.17.1.9
1.6.36180.8.2.1.6.2.2.3.16
1.6.36187.8.2.1
1.6.36250.8.2.1.1.5.13
1.6.36350.8.2.1.3.3.20
1.6.36351.8.2.1
1.6.36448.8.2.1.8
1.6.36456.8.2.1.2
1.6.36610.8.2.1
1.6.36758.8.2.1.13.6
1.6.36764.8.2.1.7.4.38.1.9
1.6.36925.8.2.1
1.6.37076.8.2.1
1.6.37135.8.2.1
1.6.37164.8.2.1
1.6.37423.8.2.1.10.2.8
1.6.37425.8.2.1.1.1
1.6.37537.8.2.1.22.2.32.3
1.6.37570.8.2.1.12.5
1.6.37678.8.2.1.2.4
1.6.37750.8.2.1.5.3
1.6.37762.8.2.1.3.5.19.1
1.6.37812.8.2.1.17.1.2
1.6.37975.8.2.1.4.4.7.3.34
1.6.38008.8.2.1.14.1
1.6.38089.8.2.1.1.1.4.2.33
1.6.38302.8.2.1.25.1.1.1.6
1.6.38471.8.2.1.29.2
1.6.38655.8.2.1
1.6.38775.8.2.1.16.3.9
1.6.38817.8.2.1.13
1.6.39110.8.2.1.15.2
1.6.39143.8.2.1.8.1
1.6.39177.8.2.1.19.1.11.1
1.6.39262.8.2.1.5.1.2.2.3
1.6.39266.8.2.1.11.3.20.1.8
1.6.39381.8.2.1.16.3.7
1.6.39381.8.2.1.16.3.16.4
1.6.39645.8.2.1
1.6.39651.8.2.1.2.2
1.6.39671.8.2.1.12
1.6.39711.8.2.1.10.4.9.2.1
1.6.39725.8.2.1.5.4.18.1
1.6.39809.8.2.1.4.1.3
1.6.39895.8.2.1.3.1.5.2
1.6.40118.8.2.1.8.6.31
1.6.40278.8.2.1.14.8
1.6.40284.8.2.1.16
1.6.40354.8.2.1
1.6.40360.8.2.1.1.1.2.2.9
1.6.40428.8.2.1.9.3.12
1.6.40436.8.2.1.26
1.6.40480.8.2.1
1.6.40628.8.2.1.2.1.1.5.10
1.6.40682.8.2.1
1.6.40752.8.2.1.14
1.6.40779.8.2.1.1.2.9.1
1.6.40912.8.2.1.4.2.2
1.6.40941.8.2.1.14
1.6.40988.8.2.1.8
1.6.41195.8.2.1
1.6.41228.8.2.1.8
1.6.41248.8.2.1.2
1.6.41331.8.2.1.6.2
1.6.41380.8.2.1.3.7
1.6.41414.8.2.1.4
1.6.41509.8.2.1.4.3.3
1.6.41635.8.2.1.1.1.1
1.6.41681.8.2.1.21.3.39.4.68
1.6.41687.8.2.1.2.2
1.6.41711.8.2.1.2.2.5
1.6.41711.8.2.1.3.3.12.6
1.6.41797.8.2.1.6.3.30.3.3
1.6.41848.8.2.1
1.6.41860.8.2.1.27.4
1.6.41962.8.2.1.27
1.6.42200.8.2.1.3.2.5
1.6.42237.8.2.1.33.1
1.6.42372.8.2.1.11.4.7.8
1.6.42413.8.2.1.1.1.12.1.6.8
1.6.42653.8.2.1.2.1.2.2.10
1.6.42666.8.2.1.17.5.21.2
1.6.42720.8.2.1.3.3.21
1.6.42753.8.2.1.14.1.3.2
1.6.42805.8.2.1.9
1.6.42965.8.2.1.2.1
1.6.43056.8.2.1
1.6.43091.8.2.1.5.1.13
1.6.43182.8.2.1.1.2
1.6.43298.8.2.1.5.4.19.6.17.13
1.6.43415.8.2.1.4.2.4.2
1.6.43475.8.2.1.6.1.2.2.2
1.6.43529.8.2.1.5.1.2.3
1.6.43570.8.2.1.2.2.5.1
1.6.43728.8.2.1.8.2
1.6.43801.8.2.1
1.6.44005.8.2.1.1.1.3.2
1.6.44091.8.2.1.15.1.2.1
1.6.44097.8.2.1.7.9.15.3
1.6.44118.8.2.1.3.1
1.6.44126.8.2.1.23.5.13.1.3
1.6.44222.8.2.1.3.3
1.6.44330.8.2.1.1.1.4.1.11
1.6.44356.8.2.1.4
1.6.44427.8.2.1.15.6
1.6.44492.8.2.1.1.1.1
1.6.44528.8.2.1.16.3.17.1.9
1.6.44531.8.2.1.24.8.25.8.18
1.6.44609.8.2.1.2.2.23.1.4
1.6.44730.8.2.1.3.3.20
1.6.44731.8.2.1
1.6.44820.8.2.1.8
1.6.44828.8.2.1.2
1.6.45135.8.2.1.6.5
1.6.45141.8.2.1.7.4.24.1.9
1.6.45296.8.2.1
1.6.45493.8.2.1
1.6.45522.8.2.1
1.6.45576.8.2.1
1.6.45620.8.2.1.1.1
1.6.45736.8.2.1.10.2.8
1.6.45738.8.2.1.1.1
1.6.45848.8.2.1.22.2.32.3
1.6.46007.8.2.1.2.4
1.6.46063.8.2.1.5.3
1.6.46075.8.2.1.3.5.19.1
1.6.46125.8.2.1.17.1.2
1.6.46275.8.2.1.4.4.7.3.29
1.6.46308.8.2.1.14.1
1.6.46395.8.2.1.1.1.4.2.33
1.6.46584.8.2.1.7
1.6.46688.8.2.1
1.6.46759.8.2.1.25.2
1.6.47058.8.2.1.16.3.9
1.6.47110.8.2.1.9.1.1
1.6.47402.8.2.1.20.3
1.6.47425.8.2.1.13.1
1.6.47459.8.2.1.19.1.11.1
1.6.47536.8.2.1.5.1.2.2.3
1.6.47540.8.2.1.11.3.20.1.8
1.6.47655.8.2.1.16.3.7
1.6.47655.8.2.1.16.3.16.4
1.6.47938.8.2.1.10.4.9.2.1
1.6.47952.8.2.1.5.4.18.1
1.6.48036.8.2.1.4.1.3
1.6.48120.8.2.1.3.1.5.2
1.6.48150.8.2.1.9.1.1
1.6.48183.8.2.1.1.2.2.2
1.6.48349.8.2.1.8.6.31
1.6.48469.8.2.1.13.1.7.4
1.6.48495.8.2.1
1.6.48509.8.2.1.23
1.6.48577.8.2.1
1.6.48583.8.2.1.1.1.2.2.9
1.6.48653.8.2.1.9.3.12
1.6.48661.8.2.1.26
1.6.48855.8.2.1.6.5.29.2.2
1.6.48960.8.2.1.14
1.6.48987.8.2.1.1.2.9.1
1.6.49111.8.2.1.2.1
1.6.49132.8.2.1.14
1.6.49179.8.2.1.8
1.6.49370.8.2.1.4.2.9.3
1.6.49397.8.2.1.8
1.6.49417.8.2.1.2
1.6.49499.8.2.1.6.2
1.6.49548.8.2.1.3.7
1.6.49582.8.2.1.4
1.6.49677.8.2.1.4.3.3
1.6.49726.8.2.1
1.6.49871.8.2.1.17.3.25.4.15
1.6.49877.8.2.1.2.2
1.6.49906.8.2.1
1.6.49976.8.2.1.6.3.30.3.3
1.6.50040.8.2.1.16.5
1.6.50121.8.2.1.30.2
1.6.50371.8.2.1.3.2.5
1.6.50420.8.2.1.4.2.5.1
1.6.50547.8.2.1.11.4.7.8
1.6.50588.8.2.1.1.1.12.1.6.8
1.6.50793.8.2.1.5.2
1.6.50808.8.2.1
1.6.50845.8.2.1.3.3.33
1.6.50927.8.2.1.9
1.6.51086.8.2.1.5.4.7
1.6.51103.8.2.1.4.3.32.5.21
1.6.51124.8.2.1.5
1.6.51173.8.2.1
1.6.51208.8.2.1.5.1.13
1.6.51296.8.2.1.1.2
1.6.51504.8.2.1
1.6.51566.8.2.1.3.2.3.1.2
1.6.51833.8.2.1.8.2
1.6.51893.8.2.1.6.1.7.1
1.6.51959.8.2.1.4
1.6.52094.8.2.1
1.6.52185.8.2.1.15.1.2.1
1.6.52191.8.2.1.7.9.15.3
1.6.52212.8.2.1.3.1
1.6.52314.8.2.1.3.3
1.6.52422.8.2.1.1.1.4.1.11
1.6.52465.8.2.1.5.3
1.6.52494.8.2.1.9.4
1.6.52596.8.2.1.1.1.1
1.6.52632.8.2.1.16.3.17.1.9
1.6.52635.8.2.1.24.8.25.8.18
1.6.52709.8.2.1.1.5.13
1.6.52808.8.2.1.3.3.20
1.6.52809.8.2.1
1.6.52830.8.2.1.17.1
1.6.52905.8.2.1.8
1.6.52913.8.2.1.2
1.6.53198.8.2.1.13.6
1.6.53204.8.2.1.7.4.38.1.9
1.6.53360.8.2.1
1.6.53613.8.2.1
1.6.53877.8.2.1.10.2.8
1.6.53879.8.2.1.1.1
1.6.53989.8.2.1.22.2.32.3
1.6.54144.8.2.1.2.4
1.6.54216.8.2.1.5.3
1.6.54228.8.2.1.3.5.19.1
1.6.54247.8.2.1.9.1.2.2
1.6.54255.8.2.1.7.7.18.1
1.6.54280.8.2.1.17.1.2
1.6.54427.8.2.1.4.4.7.3.29
1.6.54460.8.2.1.14.1
1.6.54536.8.2.1.1.1.4.2.33
1.6.54724.8.2.1.25.1.1.1.6
1.6.54888.8.2.1.9.2
1.6.54989.8.2.1.14.3
1.6.55204.8.2.1.16.3.9
1.6.55256.8.2.1.9.1.1
1.6.55466.8.2.1.31.1.3.1
1.6.55535.8.2.1.15.2
1.6.55568.8.2.1.8.1
1.6.55602.8.2.1.19.1.11.1
1.6.55675.8.2.1.5.1.2.2.3
1.6.55679.8.2.1.11.3.20.1.8
1.6.55702.8.2.1.19.1.1
1.6.55798.8.2.1.16.3.7
1.6.55798.8.2.1.16.3.16.4
1.6.56041.8.2.1
1.6.56047.8.2.1.2.2
1.6.56060.8.2.1.5.4.17
1.6.56100.8.2.1.10.4.9.2.1
1.6.56114.8.2.1.5.4.18.1
1.6.56208.8.2.1.4
1.6.56276.8.2.1.22.3.31.6.11.50
1.6.56305.8.2.1
1.6.56331.8.2.1.1.2.2.4
1.6.56486.8.2.1.1.6.21.2
1.6.56501.8.2.1.8.6.25
1.6.56664.8.2.1.14.8
1.6.56670.8.2.1.16
1.6.56740.8.2.1
1.6.56746.8.2.1.1.1.2.2.9
1.6.56816.8.2.1.9.3.12
1.6.56824.8.2.1.26
1.6.56833.8.2.1
1.6.57087.8.2.1
1.6.57170.8.2.1.14
1.6.57197.8.2.1.1.2.9.1
1.6.57323.8.2.1.4.2.2
1.6.57334.8.2.1.8.5.8.2.26
1.6.57363.8.2.1.19
1.6.57401.8.2.1.8
1.6.57601.8.2.1.8.2.6
1.6.57621.8.2.1.2.2.4.1.1
1.6.57709.8.2.1.6.2
1.6.57758.8.2.1.3.7
1.6.57792.8.2.1.4
1.6.57883.8.2.1.4.3.3
1.6.58077.8.2.1.17.3.25.4.15
1.6.58083.8.2.1.2.2
1.6.58112.8.2.1
1.6.58253.8.2.1.16.5
1.6.58334.8.2.1.30.2
