1.1.1.40.5.1.7
1.1.1.90.15.1.8
1.1.1.110.5.1.6.2.5.1
1.1.1.118.14.2
1.1.1.128.5.1.1.6
1.1.1.148.11
1.1.1.181.8.3.13.12.4
1.1.1.234.20.1.10
1.1.1.235.8.1.4
1.1.1.326.9.2.4.14
1.1.1.343.11.1.5.5
1.1.1.349.25.2.39.2.5.3
1.1.1.390.5.1.4.2
1.1.1.393.26.1.18.16.34
1.1.1.446.5.1.9
1.1.1.456.17.2.4.2
1.1.1.524.5.1.5
1.1.1.535.13.2
1.1.1.573.5.1.1.1.2.2.7
1.1.1.578.5.1
1.1.1.663.5.1.5.1.7.3.15
1.1.1.716.46.1.15
1.1.1.773.10.2.18
1.1.1.829.5.1.8.2.4
1.1.1.883.9.1.9
1.1.1.990.5.1
1.1.1.1005.5.1.1.6.16.2
1.1.1.1139.3
1.1.1.1174.17.2.12.2.6
1.1.1.1178.16.2.9.1
1.1.1.1181.16.3.16.4
1.1.1.1387.18.2.7.6.4.1
1.1.1.1520.5.1.2.1
1.1.1.1557.3
1.1.1.1576.5.1.14
1.1.1.1700.5.1
1.1.1.1817.5.1.7.1
1.1.1.1885.5.1.8.1.1.2.25
1.1.1.1905.5.1.1.11.1.6.31
1.1.1.1912.19.4.8
1.1.1.1927.5.1.14.9.4
1.1.1.1977.5.1
1.1.1.1978.26.1.18
1.1.1.1986.29.5.8
1.1.1.2033.12.1.32
1.1.1.2154.24.2.18.11
1.1.1.2198.11.1.8
1.1.1.2218.5.1.2.2.5.2.6
1.1.1.2254.35.5.9.29.5.1.1
1.1.1.2277.24.4.10.1.3.3.7
1.1.1.2327.5.1.2.7
1.1.1.2357.5.1.1.5.43.3.46
1.1.1.2413.10.4.4.4
1.1.1.2417.5.1.2.1
1.1.1.2449.5.1.3.1.1
1.1.1.2490.17.3.11.7
1.1.1.2495.3
1.1.1.2540.5.1.43
1.1.1.2617.11.2.22
1.1.1.2618.16.4.6.23
1.1.1.2642.9.1.10.8
1.1.1.2727.39.1.32
1.1.1.2752.13.3.18
1.1.1.2758.17.2.4
1.1.1.2849.10.1.9.2
1.1.1.2878.5.1.8.2.3.7.13
1.1.1.2916.5.1.1
1.1.1.2941.22.2.5.2.2.2.15.62
1.1.1.2969.8.1.7
1.1.1.3005.5.1.3.1.1.1
1.1.1.3074.5.1.27.1.20.1.7.2
1.1.1.3105.5.1.2.2.10.1
1.1.1.3167.5.1.7.1
1.1.1.3204.13.1.6.3
1.1.1.3218.5.1.1.5.1
1.1.1.3237.15.2.9.6.17
1.1.1.3270.5.1.1.3
1.1.2.3373.17.2
1.1.2.3378.5.1.2.2.2.2
1.1.2.3534.5.1.2.6.4.1.1
1.1.2.3614.5.1.11.1.4.11
1.1.2.3619.5.1.23.1.10.12.11
1.1.2.3658.5.1.2.1.5
1.1.2.3711.5.1.3
1.1.2.3813.5.1
1.1.2.3846.5.1.9.5
1.1.2.3958.5.1.2.2.40
1.1.2.4011.43.1.4
1.1.2.4028.5.1.3.2.9
1.1.2.4066.5.1.2
1.1.2.4086.20.8.9.19
1.1.2.4236.5.1
1.1.2.4302.8.1.4
1.1.2.4364.13.2.15.9.11.9.10
1.1.2.4368.15.2.17.7.6
1.1.2.4471.5.1
1.1.2.4494.5.1.6
1.1.2.4684.5.1
1.1.2.4745.17.2.8.2
1.1.2.4829.54.3
1.1.2.4831.80
1.1.2.4842.38.3.6.1.1.4
1.1.2.4883.5.1.4.2.5.2
1.1.2.4985.5.1.1.10.8.3.11
1.1.2.5039.14.1.17.7.18
1.1.2.5090.12.1.7
1.1.2.5198.5.1.25
1.1.2.5254.5.1.1
1.1.2.5318.5.1.2.1.1.1
1.1.2.5332.17.2.8
1.1.2.5376.16.2.25
1.1.2.5464.15.1.8
1.1.2.5494.15.3.5.4.16
1.1.2.5543.5.1.4.8
1.1.2.5569.21.5
1.1.2.5598.20.1.10
1.1.2.5599.8.1.4
1.1.2.5666.27.1.4
1.1.2.5706.5.1.3
1.1.2.5744.5.1.2.2
1.1.2.5790.5.1.4.2
1.1.2.5793.26.1.18.16.34
1.1.2.5915.5.1.5
1.1.2.5926.13.2
1.1.2.5964.5.1.1.1.2.2.7
1.1.2.5969.5.1
1.1.2.6053.5.1.5.1.7.3.21
1.1.2.6106.46.1.15
1.1.2.6135.24.1.13.8
1.1.2.6167.10.2.18
1.1.2.6220.22.1.10.8.5
1.1.2.6304.5.1.23.2.9
1.1.2.6310.9.1.5.2
1.1.2.6374.5.1
1.1.2.6442.9.1.4
1.1.2.6531.3
1.1.2.6566.27.2.19.2.6
1.1.2.6570.16.2.9.1
1.1.2.6572.15.4.8.8.2
1.1.2.6616.5.1.4.2
1.1.2.6732.3
1.1.2.6844.5.1
1.1.2.6889.5.1.2.1
1.1.2.6926.3
1.1.2.7068.5.1
1.1.2.7096.9.2.10
1.1.2.7201.5.1.7.1
1.1.2.7269.5.1.8.1.1.2.25
1.1.2.7322.32.4.10.1
1.1.2.7324.5.1.2.5.6
1.1.2.7364.5.1
1.1.2.7365.26.1.18
1.1.2.7373.29.5.8
1.1.2.7420.12.1.32
1.1.2.7542.24.2.18.11
1.1.2.7586.11.1.8
1.1.2.7606.5.1.2.2.5.2.6
1.1.2.7675.12.6.16.15
1.1.2.7699.15
1.1.2.7748.17.2.11.24
1.1.2.7813.10.4.4.4
1.1.2.7817.5.1.2.1
1.1.2.7849.5.1.3.1.1
1.1.2.7852.14.5.26
1.1.2.7887.17.3.11.7
1.1.2.7892.3
1.1.2.7935.10.1.7.1
1.1.2.8015.11.2.22
1.1.2.8016.16.4.6.23
1.1.2.8043.10.1.5
1.1.2.8130.39.1.32
1.1.2.8241.10.1.9.2
1.1.2.8270.5.1.8.2.3.7.13
1.1.2.8335.22.2.5.2.2.2.15.45
1.1.2.8363.8.1.7
1.1.2.8399.5.1.3.1.1.1
1.1.2.8468.5.1.27.1.20.1.7.2
1.1.2.8499.5.1.2.2.10.1
1.1.2.8561.5.1.7.1
1.1.2.8592.35.1.17.23
1.1.2.8620.5.1.2.3.11
1.1.2.8651.5.1
1.1.2.8663.15.2.14.2
1.1.2.8780.29.1.22.8.23
1.1.2.8940.5.1.2.1.5
1.1.2.9020.5.1.11.1.4.11
1.1.2.9025.5.1.23.1.10.12.11
1.1.2.9083.11.1.7.3
1.1.2.9137.5.1.12.4.19
1.1.2.9318.37.2.16.8
1.1.2.9385.11.1.4
1.1.2.9434.43.1.4
1.1.2.9452.14.1.4.7
1.1.2.9455.35.2.17.12
1.1.2.9472.15.2
1.1.2.9500.19.1.6.1.3
1.1.2.9521.20.8.9.19
1.1.2.9731.51.1.4
1.1.2.9782.5.1
1.1.2.9791.13.1.4.2
1.1.2.9798.15.2.5
1.1.2.9900.11.2.4.8
1.1.2.9924.9.4.4.2
1.1.2.9936.5.1.2.1
1.1.2.10008.3
1.1.2.10083.9.1.4.1
1.1.2.10134.5.1
1.1.2.10183.5.1.3.11
1.1.2.10217.17.2.8.2
1.1.2.10303.54.3
1.1.2.10305.80
1.1.2.10316.38.3.6.1.1.4
1.1.2.10362.5.1.4.2.5.2
1.1.2.10457.14.1.8.3
1.1.2.10502.5.1.10.3.8.3.32.5
1.1.2.10677.5.1.8.1.3
1.1.2.10730.5.1.1
1.1.2.10768.5.1
1.1.2.10792.10.2.19.20
1.1.2.10865.16.2.25
1.1.2.10904.5.1.7
1.1.2.10953.15.1.8
1.1.2.10975.5.1.6.2.5.1
1.1.2.10983.14.2
1.1.2.10993.5.1.1.6
1.1.2.11013.11
1.1.2.11046.8.3.13.12.4
1.1.2.11110.15.3.10.4.7.2
1.1.2.11116.5.1
1.1.2.11163.27.1.4
1.1.2.11198.9.2.4.14
1.1.2.11215.11.1.5.5
1.1.2.11221.25.2.39.2.5.3
1.1.2.11272.5.1
1.1.2.11290.5.1.5.4
1.1.2.11297.5.1.11.9.13.3
1.1.2.11326.5.1.3.3.7
1.1.2.11403.5.1.5
1.1.2.11414.13.2
1.1.2.11452.5.1.1.1.2.2.7
1.1.2.11457.5.1
1.1.2.11549.5.1.5.1.7.3.15
1.1.2.11602.46.1.15
1.1.2.11713.16.2.16.1.1
1.1.2.11713.16.2.18.1.4.3.28
1.1.2.11833.5.1
1.1.2.11848.5.1.1.6.16.2
1.1.2.11897.9.1.4
1.1.2.11936.5.1.1.1.1
1.1.2.11984.3
1.1.2.12021.5.1.3.2.9
1.1.2.12025.16.3.16.4
1.1.2.12297.5.1
1.1.2.12350.5.1.2.1
1.1.2.12387.3
1.1.2.12436.10.4.4
1.1.2.12648.5.1.7.1
1.1.2.12718.5.1.21
1.1.2.12771.9.1.6.6
1.1.2.12808.5.1
1.1.2.12809.26.1.18
1.1.2.12817.29.5.8
1.1.2.12859.9.3.12.15
1.1.2.12962.24.2.18.11
1.1.2.13024.5.1.1.45.32.2.6
1.1.2.13061.35.5.9.29.5.1.1
1.1.2.13101.18.2.8
1.1.2.13159.5.1.28.1.17
1.1.2.13168.5.1
1.1.2.13213.6
1.1.2.13227.10.4.4.4
1.1.2.13231.5.1.2.1
1.1.2.13310.17.3.11.7
1.1.2.13315.3
1.1.2.13349.10.1.7.1
1.1.2.13428.5.1.3.2
1.1.2.13431.9.1.10.10
1.1.2.13488.23.2.6.15.20.1.10.5
1.1.2.13508.39.1.29
1.1.2.13533.13.3.18
1.1.2.13539.17.2.4
1.1.2.13629.10.1.9.2
1.1.2.13658.5.1.8.2.3.7.13
1.1.2.13726.22.2.5.2.2.2.15.16
1.1.2.13729.9.3.8.7
1.1.2.13752.8.1.7
1.1.2.13775.10.1.35
1.1.2.13797.5.1.3.1.1.1
1.1.2.13866.5.1.27.1.20.1.7.2
1.1.2.13897.5.1.2.2.10.1
1.1.2.13959.5.1.7.1
1.1.2.14007.5.1.12.1.13
1.1.2.14056.17.1.5.2
1.1.2.14067.23.4.15.2
1.1.2.14166.17.2
1.1.2.14171.5.1.2.2.2.2
1.1.2.14323.5.1.2.6.4.1.1
1.1.2.14410.5.1.1.1
1.1.2.14473.5.1.2.1.5
1.1.2.14560.33.1.8
1.1.2.14592.8.1.4
1.1.2.14630.5.1
1.1.2.14663.5.1.9.5
1.1.2.14740.30.4
1.1.2.14754.11.1.4
1.1.2.14804.43.1.4
1.1.2.14822.14.1.4.7
1.1.2.14825.35.2.17.12
1.1.2.14842.15.2
1.1.2.14870.19.1.6.1.3
1.1.2.14977.8.1.5
1.1.2.15113.8.1.4
1.1.2.15164.5.1
1.1.2.15173.13.1.4.2
1.1.2.15180.15.2.5
1.1.2.15285.11.2.4.8
1.1.3.15308.9.4.4.2
1.1.3.15320.5.1.2.1
1.1.3.15384.3
1.1.3.15435.3
1.1.3.15465.9.1.4.1
1.1.3.15513.5.1
1.1.3.15562.5.1.3.11
1.1.3.15596.17.2.8.2
1.1.3.15608.17.1.8
1.1.3.15651.5.1.14.1.1
1.1.3.15699.5.1.3.1
1.1.3.15836.5.1.2.2.2.1.5
1.1.3.16044.5.1.8.1.3
1.1.3.16166.17.2.8
1.1.3.16209.24.1.14.13
1.1.3.16292.15.1.8
1.1.3.16312.5.1.6.2.5.1
1.1.3.16320.14.2
1.1.3.16330.5.1.1.6
1.1.3.16350.3
1.1.3.16383.8.3.13.12.4
1.1.3.16535.9.2.4.14
1.1.3.16557.5.1.1.7.15
1.1.3.16566.17.1.4.1
1.1.3.16617.5.1.4.2
1.1.3.16620.26.1.18.16.34
1.1.3.16666.5.1.19.1.18
1.1.3.16694.5.1.4.1.1.1.16
1.1.3.16735.5.1.2
1.1.3.16875.5.1.15.1.10.9.18
1.1.3.16901.5.1.1.1
1.1.3.16929.46.1.15
1.1.3.16986.10.2.18
1.1.3.17033.16.2.16.1.1
1.1.3.17033.16.2.18.1.4.3.31
1.1.3.17087.9.1.9
1.1.3.17179.5.1
1.1.3.17279.5.1.1.1.1
1.1.3.17320.3
1.1.3.17355.17.2.12.2.6
1.1.3.17359.16.2.9.1
1.1.3.17361.15.4.8.8.2
1.1.3.17395.10.3.8
1.1.3.17711.9.4.4.2
1.1.3.17750.3
1.1.3.17796.10.4.4
1.1.3.18006.5.1.7.1
1.1.3.18076.5.1.21
1.1.3.18138.5.1.1
1.1.3.18184.5.1
1.1.3.18185.26.1.18
1.1.3.18193.29.5.8
1.1.3.18231.9.1.9
1.1.3.18266.5.1.16.2.5.2.32
1.1.3.18362.24.2.18.11
1.1.3.18406.11.1.8
1.1.3.18426.5.1.2.2.5.2.6
1.1.3.18462.35.5.9.29.5.1.1
1.1.3.18485.24.4.10.1.3.3.7
1.1.3.18565.17.2.11.24
1.1.3.18630.10.4.4.4
1.1.3.18634.5.1.2.1
1.1.3.18666.5.1.3.1.1
1.1.3.18761.5.1.32
1.1.3.18846.5.1.3.2
1.1.3.18849.9.1.11.10
1.1.3.18925.39.1.32
1.1.3.18944.5.1.11
1.1.3.18952.15.2.9.2
1.1.3.19048.10.1.9.2
1.1.3.19077.5.1.8.2.3.7.13
1.1.3.19113.19.2.4.6
1.1.3.19140.22.2.5.2.2.2.15.41
1.1.3.19143.9.3.8.7
1.1.3.19166.8.1.7
1.1.3.19202.5.1.3.1.1.1
1.1.3.19271.5.1.27.1.20.1.7.2
1.1.3.19302.5.1.2.2.10.1
1.1.3.19364.5.1.7.1
1.1.3.19395.15.2
1.1.3.19414.8.1.8
1.1.3.19438.17.3.24.12
1.1.3.19449.17.1.10
1.1.3.19463.15.2.9.6.17
1.1.3.19482.17.1.5.2
1.1.3.19496.23.4.15.2
1.1.3.19549.17.1.8
1.1.3.19606.29.1.22.8.50
1.1.3.19849.5.1.11.1.4.11
1.1.3.19854.5.1.23.1.10.12.11
1.1.3.19909.5.1.2.1.5
1.1.3.19984.5.1
1.1.3.20094.5.1.9.5
1.1.3.20136.37.2.16.8
1.1.3.20184.11.1.4
1.1.3.20238.5.1.9.1.8.3
1.1.3.20253.14.1.4.6
1.1.3.20256.35.2.17.12
1.1.3.20273.15.2
1.1.3.20578.8.1.4
1.1.3.20630.13.2.15.9.11.9.10
1.1.3.20634.15.2.17.7.6
1.1.3.20744.11.2.4.8
1.1.3.20768.9.4.4.2
1.1.3.20780.5.1.2.1
1.1.3.20852.3
1.1.3.21021.5.1.3.11
1.1.3.21062.5.1.2.1.10.4.6.48
1.1.3.21074.5.1
1.1.3.21159.38.3.6.1.1.4
1.1.3.21205.5.1.4.2.5.2
1.1.3.21304.5.1.2.2.2.1.5
1.1.3.21514.5.1.8.1.3
1.1.3.21622.5.1.2.1.1.1
1.1.3.21716.5.1.7
1.1.3.21765.15.1.8
1.1.3.21785.5.1.6.2.5.1
1.1.3.21793.14.2
1.1.3.21803.5.1.1.6
1.1.3.21823.11
1.1.3.21856.8.3.13.12.4
1.1.3.21909.23.1.15
1.1.3.21915.10.1.7
1.1.3.22035.5.1.2.2
1.1.3.22081.5.1.4.2
1.1.3.22084.26.1.18.16.34
1.1.3.22130.5.1.19.1.18
1.1.3.22212.5.1.5
1.1.3.22223.13.2
1.1.3.22349.5.1.5.1.7.3.15
1.1.3.22402.46.1.15
1.1.3.22459.10.2.18
1.1.3.22507.16.2.16.1.1
1.1.3.22507.16.2.18.1.4.3.26
1.1.3.22542.5.1.1.1
1.1.3.22661.5.1.3.1
1.1.3.22668.5.1.1.6.16.2
1.1.3.22717.9.1.4
1.1.3.22832.3
1.1.3.22870.17.2.12.2.6
1.1.3.22874.16.2.9.1
1.1.3.22876.15.4.8.8.2
1.1.3.23086.5.1.9.1
1.1.3.23224.9.4.4.2
1.1.3.23263.3
1.1.3.23349.3
1.1.3.23391.5.1
1.1.3.23446.6
1.1.3.23465.15.3.6.3
1.1.3.23579.5.1.8.1.1.2.25
1.1.3.23676.5.1
1.1.3.23677.26.1.18
1.1.3.23685.29.5.8
1.1.3.23726.5.1.3
1.1.3.23847.24.2.18.11
1.1.3.23906.5.1.1.55.62.2.6
1.1.3.23943.35.5.9.29.5.1.1
1.1.3.23966.24.4.10.1.3.3.7
1.1.3.24016.5.1.2.7
1.1.3.24046.5.1.1.5.43.3.46
1.1.3.24102.10.4.4.4
1.1.3.24106.5.1.2.1
1.1.3.24138.5.1.3.1.1
1.1.3.24141.14.5.26
1.1.3.24175.13.2.7.2
1.1.3.24232.5.1.32
1.1.3.24318.5.1.16.3.3
1.1.3.24331.11.1.4
1.1.3.24352.3
1.1.3.24369.5.1.5.8.3.2.6
1.1.3.24406.39.1.32
1.1.3.24431.13.3.18
1.1.3.24439.15.2.9.2
1.1.3.24526.10.1.9.2
1.1.3.24555.5.1.8.2.3.7.13
1.1.3.24619.22.2.5.2.2.2.15.28
1.1.3.24647.8.1.7
1.1.3.24682.16.2.10.13
1.1.3.24745.5.1.27.1.20.1.7.41
1.1.3.24776.5.1.2.2.10.1
1.1.3.24838.5.1.1.1.1
1.1.3.24875.3
1.1.3.24916.15.2.10.5.9
1.1.3.24949.5.1.1.3
1.1.3.25056.9.4.16.8.12
1.1.3.25223.5.1.2.1.5
1.1.3.25303.5.1.11.1.4.11
1.1.3.25308.5.1.23.1.10.12.11
1.1.3.25363.5.1.2.1.5
1.1.3.25434.5.1
1.1.3.25543.5.1.9.5
1.1.3.25638.11.1.4
1.1.3.25692.5.1.9.1.8.3
1.1.3.25707.14.1.4.6
1.1.3.25710.35.2.17.12
1.1.3.25727.15.2
1.1.3.25755.19.1.6.1.3
1.1.3.25776.20.8.9.19
1.1.3.25992.8.1.4
1.1.3.26048.13.2.15.8.9.3.7
1.1.3.26052.15.2.17.7.6
1.1.3.26146.11.2.4.8
1.1.3.26170.9.4.4.2
1.1.3.26182.5.1.2.1
1.1.3.26254.3
1.1.3.26305.3
1.1.3.26436.5.1.3.11
1.1.3.26470.17.2.8.2
1.1.3.26482.17.1.8
1.1.3.26525.5.1.14.1.1
1.1.3.26573.5.1.3.1
1.1.3.26610.5.1.4.2.5.2
1.1.3.26709.5.1.2.2.2.1.5
1.1.3.26814.12.1.7
1.1.3.26918.9.1.6.2
1.1.3.26940.5.1
1.1.3.27117.5.1.7
1.1.3.27167.15.1.8
1.1.3.27189.5.1.6.2.5.1
1.1.3.27197.14.2
1.1.3.27207.5.1.1.6
1.1.3.27227.3
1.1.3.27260.8.3.13.12.4
1.1.3.27331.15.3.10.4.7.2
1.1.3.27337.5.1
1.1.3.27422.5.1.3
1.1.3.27460.5.1.2.2
1.1.3.27508.5.1.4.2
1.1.3.27511.26.1.18.16.34
1.1.3.27557.5.1.19.1.18
1.1.3.27593.5.1.4.1.1.1.9
1.1.3.27643.5.1.5
1.1.3.27654.13.2
1.1.3.27692.5.1.1.1.2.2.7
1.1.3.27697.5.1
1.1.3.27749.5.1.3.2.31.9
1.1.3.27786.5.1.5.1.7.3.15
1.1.3.27839.46.1.15
1.1.3.27868.24.1.13.8
1.1.3.27870.5.1
1.1.3.27883.5.1.1
1.1.3.27940.5.1
1.1.3.27943.37.1.6.3.3
1.1.3.28000.9.1.9
1.1.3.28072.24
1.1.3.28146.9.1.4
1.1.3.28287.17.2.12.2.6
1.1.3.28291.16.2.9.1
1.1.3.28293.15.4.8.8.2
1.1.3.28461.3
1.1.4.77.5.1.2.7.7.2
1.1.4.138.9.4.4.2
1.1.4.177.3
1.1.4.266.3
1.1.4.316.5.1
1.1.4.344.9.2.10
1.1.4.434.5.1.7.1
1.1.4.502.5.1.8.1.1.2.25
1.1.4.556.32.4.10.1
1.1.4.558.5.1.2.5.6
1.1.4.563.9.4.16
1.1.4.601.5.1
1.1.4.602.26.1.18
1.1.4.610.29.5.8
1.1.4.669.5.1.5
1.1.4.761.24.2.18.11
1.1.4.800.11.1.8
1.1.4.820.5.1.2.2.5.2.6
1.1.4.856.35.5.9.29.5.1.1
1.1.4.879.24.4.10.1.3.3.7
1.1.4.929.5.1.2.7
1.1.4.959.5.1.1.5.43.3.46
1.1.4.1015.10.4.4.4
1.1.4.1019.5.1.2.1
1.1.4.1094.13.2.7.2
1.1.4.1122.22.3.12
1.1.4.1149.11.1.7.4
1.1.4.1225.11.2.22
1.1.4.1226.16.4.6.23
1.1.4.1253.10.1.5
1.1.4.1260.16.4.5
1.1.4.1293.5.1.17.10.5.2.3
1.1.4.1313.5.1.2.2.13.1
1.1.4.1338.5.1
1.1.4.1368.5.1.4.1.3.1.1
1.1.4.1463.10.1.9.2
1.1.4.1492.5.1.8.2.3.7.13
1.1.4.1531.19.2.4.6
1.1.4.1561.22.2.5.2.2.2.15.1
1.1.4.1589.8.1.7
1.1.4.1600.29.1.4
1.1.4.1627.5.1.3.1.1.1
1.1.4.1696.5.1.27.1.20.1.7.2
1.1.4.1791.5.1.7.1
1.1.4.1818.36.1.13.6
1.1.4.1846.5.1.2.3.11
1.1.4.1877.5.1
1.1.4.1889.15.2.14.2
1.1.4.2001.29.1.22.8.23
1.1.4.2161.39.1.25.12
1.1.4.2243.5.1.1.1
1.1.4.2301.5.1.2.1.5
1.1.4.2379.33.1.8
1.1.4.2412.8.1.4
1.1.4.2450.5.1
1.1.4.2497.14.2
1.1.4.2532.37.2.16.8
1.1.4.2595.11.1.4
1.1.4.2621.5.1
1.1.4.2649.43.1.4
1.1.4.2667.14.1.4.7
1.1.4.2670.35.2.17.12
1.1.4.2687.15.2
1.1.4.2722.5.1.2
1.1.4.2981.8.1.4
1.1.4.3037.13.2.15.8.9.3.7
1.1.4.3041.15.2.17.7.6
1.1.4.3106.5.1.35
1.1.4.3110.5.1.7.5
1.1.4.3134.5.1.7.20
1.1.4.3154.5.1.6
1.1.4.3299.16.4.7
1.1.4.3429.5.1.5.1.4.2.33.52
1.1.4.3526.5.1.3.1
1.1.4.3561.5.1.17.10
1.1.4.3667.14.1.4
1.1.4.3679.5.1.2.2.2.1.19
1.1.4.3718.5.1.10.3.8.3.36.13
1.1.4.3892.5.1.25
1.1.4.4007.5.1.2.1.1.1
1.1.4.4067.16.2.25
1.1.4.4101.5.1.7
1.1.4.4150.15.1.8
1.1.4.4170.5.1.6.2.5.1
1.1.4.4178.14.2
1.1.4.4188.5.1.1.6
1.1.4.4208.3
1.1.4.4241.8.3.13.12.4
1.1.4.4306.15.3.10.4.7.2
1.1.4.4312.5.1
1.1.4.4392.5.1.3
1.1.4.4421.15.2.15.1.2
1.1.4.4472.5.1.3.3.8.3
1.1.4.4483.5.1.4.26.8.8
1.1.4.4495.5.1.2.1.7.9.54
1.1.4.4540.5.1.9
1.1.4.4624.5.1.5
1.1.4.4635.13.2
1.1.4.4755.5.1.5.1.7.3.45
1.1.4.4808.46.1.15
1.1.4.4865.10.2.18
1.1.4.4887.15.3.7.1.6.1
1.1.4.4902.16.2.16.1.1
1.1.4.4902.16.2.18.1.4.3.63
1.1.4.4980.5.1.23.2.9
1.1.4.4986.9.1.5.2
1.1.4.5105.9.1.4
1.1.4.5204.3
1.1.4.5239.17.2.12.2.6
1.1.4.5243.16.2.9.1
1.1.4.5247.13.2.14.4
1.1.4.5285.10.3.8
1.1.4.5541.5.1
1.1.4.5594.5.1.2.1
1.1.4.5629.3
1.1.4.5649.5.1.7.2.3
1.1.4.5789.5.1
1.1.4.5928.12.4.4.9
1.1.4.5977.5.1.8.1.1.2.25
1.1.4.5997.5.1.1.11.1.6.31
1.1.4.6004.19.4.8
1.1.4.6019.5.1.14.9.4
1.1.4.6069.5.1
1.1.4.6070.26.1.18
1.1.4.6078.29.5.8
1.1.4.6121.5.1.3
1.1.4.6133.5.1.2.2.6
1.1.4.6229.24.2.18.11
1.1.4.6285.5.1.1.1.24.3
1.1.4.6301.15
1.1.4.6323.24.2.34.6
1.1.4.6326.21.2.8.5
1.1.4.6334.36.2
1.1.4.6349.18.2.8
1.1.4.6385.16.2.6.3
1.1.4.6409.5.1.28.1.17
1.1.4.6418.5.1
1.1.4.6474.10.4.4.4
1.1.4.6478.5.1.2.1
1.1.4.6518.14.1.4.2
1.1.4.6548.5.1.2.2.8.1
1.1.4.6603.5.1.32
1.1.4.6680.11.2.22
1.1.4.6681.16.4.6.23
1.1.4.6708.10.1.5
1.1.4.6798.15.3.10.1
1.1.4.6808.5.1.4.1.3.1.1
1.1.4.6917.13
1.1.4.6938.10.1.9.14
1.1.4.6999.22.2.5.2.2.2.15.26
1.1.4.7027.8.1.7
1.1.4.7053.10.1.35
1.1.4.7074.16.2.10.13
1.1.4.7137.5.1.27.1.20.1.7.33
1.1.4.7231.5.1.7.1
1.1.4.7269.78.3.16.12
1.1.4.7284.5.1.2.3.11
1.1.4.7314.17.1.5.2
1.1.4.7328.23.4.15.2
1.1.4.7432.29.1.22.8.23
1.1.4.7585.5.1.13
1.1.4.7657.5.1.1.1
1.1.4.7710.5.1.2.1.5
1.1.4.7778.17.6
1.1.4.7842.5.1.6.1.13.1.15.67
1.1.4.7853.5.1
1.1.4.7886.5.1.9.5
1.1.4.8068.41.1.4
1.1.4.8086.5.1.3.2.9
1.1.4.8118.5.1.1
1.1.4.8418.5.1
1.1.4.8427.13.1.4.2
1.1.4.8434.15.2.5
1.1.4.8540.5.1
1.1.4.8563.5.1.6
1.1.4.8628.3
1.1.4.8675.3
1.1.4.8833.5.1.2.1.10.4.6.62
1.1.4.8845.5.1
1.1.4.8930.38.3.6.1.1.4
1.1.4.9078.14.1.8.3
1.1.4.9194.12.1.7
1.1.4.9301.5.1.8.1.3
1.1.4.9413.5.1.2.1.1.1
1.1.4.9508.5.1.7
1.1.4.9558.15.1.8
1.1.4.9588.15.3.5.4.16
1.1.4.9638.5.1.4.8
1.1.4.9664.21.5
1.1.4.9693.20.1.10
1.1.4.9694.8.1.4
1.1.4.9821.5.1.2.2
1.1.4.9869.5.1.4.2
1.1.4.9872.26.1.18.16.34
1.1.4.9914.16.3.5.4.5.1.8
1.1.4.9985.5.1.5
1.1.4.9996.13.2
1.1.4.10034.5.1.1.1.2.2.7
1.1.4.10039.5.1
1.1.4.10147.5.1.1.1
1.1.4.10175.46.1.15
1.1.4.10232.10.2.18
1.1.4.10254.15.3.7.1.6.1
1.1.4.10270.16.2.16.1.1
1.1.4.10270.16.2.18.1.4.3.26
1.1.4.10394.5.1
1.1.4.10409.5.1.1.6.16.2
1.1.4.10553.3
1.1.4.10593.5.1.3.2.9
1.1.4.10598.13.2.14.4
1.1.4.10885.5.1
1.1.4.10924.5.1
1.1.4.10943.9.4.4.2
1.1.4.10982.3
1.1.4.11001.5.1.14
1.1.4.11274.12.4.4.9
1.1.4.11323.5.1.8.1.1.2.25
1.1.4.11379.5.1.1
1.1.4.11425.5.1
1.1.4.11426.26.1.18
1.1.4.11434.29.5.8
1.1.4.11477.5.1.3
1.1.4.11594.24.2.18.11
1.1.4.11638.11.1.8
1.1.4.11658.5.1.2.2.5.2.6
1.1.4.11694.35.5.9.29.5.1.1
1.1.4.11717.24.4.10.1.3.3.7
1.1.4.11767.5.1.2.7
1.1.4.11797.5.1.1.5.43.3.46
1.1.4.11853.10.4.4.4
1.1.4.11857.5.1.2.1
1.1.4.11886.5.1.2.1.41.8.17
1.1.4.11926.13.2.7.2
1.1.4.11954.22.3.12
1.1.4.11984.11.1.7.4
1.1.4.12076.5.1.2.5.16.1
1.1.4.12103.17.2.8.15
1.1.4.12146.5.1
1.1.4.12174.22.6.6.1.21
1.1.4.12267.10.1.9.2
1.1.4.12296.5.1.8.2.3.7.13
1.1.4.12365.22.2.5.2.2.2.15.1
1.1.4.12393.8.1.7
1.1.4.12404.29.1.4
1.1.4.12431.5.1.3.1.1.1
1.1.4.12500.5.1.27.1.20.1.7.2
1.1.4.12531.5.1.2.2.10.1
1.1.4.12593.5.1.1.1.1
1.1.4.12608.14
1.1.4.12617.15.2
1.1.4.12636.8.1.8
1.1.4.12652.5.1.2.3.11
1.1.4.12683.5.1
1.1.4.12695.15.2.14.2
1.1.4.12807.29.1.22.8.23
1.1.4.12962.5.1.2.1.5
1.1.4.13042.5.1.11.1.4.11
1.1.4.13047.5.1.23.1.10.12.11
1.1.4.13080.5.1
1.1.4.13087.11.1.7.3
1.1.4.13141.5.1.12.4.19
1.1.4.13239.5.1
1.1.4.13272.5.1.9.5
1.1.4.13312.37.2.16.8
1.1.4.13367.11.1.4
1.1.4.13417.43.1.4
1.1.4.13433.5.1.3.2.9
1.1.4.13464.19.1.6.1.3
1.1.4.13736.8.1.4
1.1.4.13787.5.1
1.1.4.13808.5.1
1.1.4.13910.11.2.4.8
1.1.4.13934.9.4.4.2
1.1.4.13946.5.1.2.1
1.1.4.14131.5.1
1.1.4.14177.5.1.3.11
1.1.4.14311.5.1.3.1
1.1.4.14346.5.1.17.10
1.1.4.14449.5.1.2.2.2.1.5
1.1.4.14488.5.1.10.3.8.3.36.8
1.1.4.14590.15.2.6
1.1.4.14615.43.3.23.8.7.2.2
1.1.4.14674.5.1.25
1.1.4.14854.16.2.25
1.1.4.14941.15.1.8
1.1.4.14963.5.1.6.2.5.1
1.1.4.14971.14.2
1.1.4.14981.5.1.1.6
1.1.4.15001.3
1.1.4.15034.8.3.13.12.4
1.1.4.15098.15.3.10.4.7.2
1.1.4.15104.5.1
1.1.4.15151.27.1.4
1.1.4.15186.9.2.4.14
1.1.4.15203.11.1.5.5
1.1.4.15209.25.2.39.2.5.3
1.1.4.15250.5.1.4.2
1.1.4.15253.26.1.18.16.34
1.1.4.15299.27.1.12.13.13.1.13
1.1.4.15310.17.2.4.2
1.1.4.15330.33.1.25.20.28
1.1.4.15373.5.1.5
1.1.4.15384.13.2
1.1.4.15465.29.1.16
1.1.4.15511.5.1.5.1.7.3.15
1.1.4.15564.46.1.15
1.1.4.15621.10.2.18
1.1.4.15674.5.1.1.1.7.2.12
1.1.4.15712.5.1.1.1
1.1.4.15739.5.1.4.2
1.1.4.15881.9.1.4
1.1.4.15920.5.1.1.1.1
1.1.4.15964.3
1.1.4.15999.17.2.12.2.6
1.1.4.16003.16.2.9.1
1.1.4.16006.16.3.16.4
1.1.4.16018.5.1.17
1.1.4.16021.5.1
1.1.4.16033.23.2.4
1.1.4.16317.9.4.4.2
1.1.4.16356.3
1.1.4.16405.10.4.4
1.1.4.16683.5.1.21
1.1.4.16723.14.2
1.1.4.16735.32.4.10.1
1.1.4.16737.5.1.2.5.6
1.1.4.16783.5.1
1.1.4.16784.26.1.18
1.1.4.16792.29.5.8
1.1.4.16839.12.1.32
1.1.4.16949.24.2.18.11
1.1.4.17006.5.1.1.1.24.3
1.1.4.17022.15
1.1.4.17044.24.2.34.6
1.1.4.17047.21.2.8.5
1.1.4.17055.36.2
1.1.4.17070.18.2.8
1.1.4.17106.16.2.6.3
1.1.4.17130.5.1.28.1.17
1.1.4.17139.5.1
1.1.4.17196.10.4.4.4
1.1.4.17200.5.1.2.1
1.1.4.17272.5.1.2.2.8.1
1.1.4.17328.11.1.7.4
1.1.4.17395.11.2.22
1.1.4.17396.16.4.6.23
1.1.4.17423.10.1.5
1.1.4.17482.23.2.6.15.20.1.10.8
1.1.4.17502.39.1.29
1.1.4.17526.13.1.6.21
1.1.4.17634.10.1.9.2
1.1.4.17663.5.1.8.2.3.7.13
1.1.4.17723.22.2.5.2.2.2.15.28
1.1.4.17726.9.3.8.7
1.1.4.17749.8.1.7
1.1.4.17773.10.1.35
1.1.4.17791.5.1.3.1.1.1
1.1.4.17860.5.1.27.1.20.1.7.2
1.1.4.17891.5.1.2.2.10.1
1.1.4.17953.5.1.7.1
1.1.4.17989.3
1.1.4.18030.15.2.10.5.9
1.1.4.18063.5.1.1.3
1.1.4.18170.9.4.16.8.12
1.1.4.18328.5.1.2.6.4.1.1
1.1.4.18408.5.1.11.1.4.11
1.1.4.18413.5.1.23.1.10.12.11
1.1.4.18457.5.1.2.1.5
1.1.4.18604.5.1
1.1.4.18651.14.2
1.1.4.18753.11.1.4
1.1.4.18779.5.1.3.2
1.1.4.18806.43.1.4
1.1.4.18822.5.1.3.2.9
1.1.4.18853.19.1.6.1.3
1.1.4.18874.20.8.9.19
1.1.4.19096.8.1.4
1.1.4.19147.5.1
1.1.4.19169.5.1
1.1.4.19177.5.1.5.5
1.1.4.19262.11.2.4.8
1.1.4.19286.9.4.4.2
1.1.4.19298.5.1.2.1
1.1.4.19362.3
1.1.4.19413.3
1.1.4.19496.5.1
1.1.4.19581.5.1.4
1.1.4.19645.54.3
1.1.4.19662.5.1.3.1
1.1.4.19697.5.1.17.10
1.1.4.19823.5.1.1.10.8.3.11
1.1.4.19928.32.2.22.7
1.1.4.19958.15.2.6
1.1.4.20037.5.1.8.1.3
1.1.4.20058.5.1
1.1.4.20148.10.2.19.22
1.1.4.20219.29.3.19.2.7.4.27
1.1.4.20295.15.1.8
1.1.4.20315.5.1.6.2.5.1
1.1.4.20323.14.2
1.1.4.20333.5.1.1.6
1.1.4.20353.3
1.1.4.20386.8.3.13.12.4
1.1.4.20442.23.1.15
1.1.4.20448.10.1.7
1.1.4.20535.5.1.9
1.1.4.20537.22.5.5
1.1.4.20544.14.1
1.1.4.20573.5.1.2.2
1.1.4.20626.5.1.4.2
1.1.4.20629.26.1.18.16.34
1.1.4.20675.27.1.12.13.13.1.13
1.1.4.20686.17.2.4.2
1.1.4.20753.5.1.5
1.1.4.20764.13.2
1.1.4.20795.10.1.5
1.1.4.20801.5.1
1.1.4.20886.5.1.5.1.7.3.15
1.1.4.20912.5.1.1.1
1.1.4.20942.46.1.15
1.1.4.20999.10.2.18
1.1.4.21053.16.2.16.1.1
1.1.4.21053.16.2.18.1.4.3.23
1.1.4.21185.5.1
1.1.4.21258.9.1.4
1.1.4.21402.17.2.12.2.6
1.1.4.21406.16.2.9.1
1.1.4.21409.16.3.16.4
1.1.4.21421.5.1.17
1.1.4.21424.5.1
1.1.4.21436.23.2.4
1.1.4.21687.5.1
1.1.4.21732.5.1.2.1
1.1.4.21767.3
1.1.4.21787.5.1.7.2.3
1.1.4.21928.5.1
1.1.4.22067.12.4.4.9
1.1.4.22118.5.1.21
1.1.4.22222.5.1
1.1.4.22223.26.1.18
1.1.4.22231.29.5.8
1.1.4.22289.5.1.2.2.6
1.1.4.22394.24.2.18.11
1.1.4.22438.11.1.8
1.1.4.22458.5.1.2.2.5.2.6
1.1.4.22494.35.5.9.29.5.1.1
1.1.4.22518.8.3.8.5
1.1.4.22528.18.2.8
1.1.4.22564.16.2.6.3
1.1.4.22588.5.1.28.1.17
1.1.4.22597.5.1
1.1.4.22642.6
1.1.4.22656.10.4.4.4
1.1.4.22660.5.1.2.1
1.1.4.22789.5.1.32
1.1.4.22859.11.2.22
1.1.4.22860.16.4.6.23
1.1.4.22887.10.1.5
1.1.4.22894.16.4.5
1.1.4.22918.17.2.8.15
1.1.4.22961.5.1
1.1.4.22991.5.1.4.1.3.1.1
1.1.4.22995.15.2.7.2
1.1.4.23093.10.1.9.2
1.1.4.23122.5.1.8.2.3.7.13
1.1.4.23160.5.1.1
1.1.4.23180.24.2.5.2.2.2.15.36
1.1.4.23208.8.1.7
1.1.4.23301.5.1.27.1.20.1.7.2
1.1.4.23332.5.1.2.2.10.1
1.1.4.23394.5.1.7.1
1.1.4.23425.35.1.17.23
1.1.4.23453.5.1.2.3.11
1.1.4.23484.5.1
1.1.4.23496.15.2.14.2
1.1.4.23613.29.1.22.8.23
1.1.4.23768.5.1.2.6.4.1.1
1.1.4.23848.5.1.11.1.4.11
1.1.4.23853.5.1.23.1.10.12.11
1.1.4.23890.11.1.7.3
1.1.4.23944.5.1.12.4.19
1.1.4.24028.5.1.6.1.13.1.15.9
1.1.4.24072.5.1.9.5
1.1.4.24114.37.2.16.8
1.1.4.24162.11.1.4
1.1.4.24216.5.1.9.1.8.3
1.1.4.24231.14.1.4.6
1.1.4.24234.35.2.17.12
1.1.4.24251.15.2
1.1.4.24280.5.1.1
1.1.4.24578.5.1
1.1.4.24587.13.1.4.2
1.1.4.24594.15.2.5
1.1.4.24716.11.2.4.8
1.1.4.24740.9.4.4.2
1.1.4.24752.5.1.2.1
1.1.4.24824.3
1.1.4.24871.3
1.1.4.24909.16.4.7
1.1.4.25037.5.1.5.1.4.2.33.57
1.1.4.25131.38.3.6.1.1.4
1.1.4.25176.5.1.4.2.5.2
1.1.4.25267.23.1.10
1.1.4.25271.23.2.23.1.3.4
1.1.4.25278.14.1.8.3
1.1.4.25488.5.1.8.1.3
1.1.4.25509.5.1
1.1.4.25624.9.3.8.17
1.1.4.25670.5.1.2.6.3.4.10
1.1.4.25696.30.1.10.4
1.1.4.25743.15.1.8
1.1.4.25773.15.3.5.4.16
1.1.4.25807.12
1.1.4.25840.8.3.13.12.4
1.1.4.25905.15.3.10.4.7.2
1.1.4.25911.5.1
1.1.4.25958.27.1.4
1.1.4.26001.5.1.1.1.69
1.1.4.26008.14.1
1.1.4.26037.5.1.2.2
1.1.4.26083.5.1.4.2
1.1.4.26086.26.1.18.16.34
1.1.4.26132.27.1.12.13.13.1.13
1.1.4.26143.17.2.4.2
1.1.4.26217.5.1.5
1.1.4.26228.13.2
1.1.4.26269.5.1.1.1.2.2.4
1.1.4.26274.5.1
1.1.4.26326.5.1.3.2.31.9
1.1.4.26364.5.1.18
1.1.4.26420.46.1.15
1.1.4.26477.10.2.18
1.1.4.26528.5.1.13.3
1.1.4.26531.5.1.2.1.8
1.1.4.26590.9.1.9
1.1.4.26737.9.1.4
1.1.4.26832.3
1.1.4.26867.17.2.12.2.6
1.1.4.26871.16.2.9.1
1.1.4.26875.13.2.14.4
1.1.4.26913.10.3.8
1.1.4.27045.3
1.1.4.27168.5.1
1.1.4.27226.9.4.4.2
1.1.4.27265.3
1.1.4.27283.53.2.15
1.1.4.27418.5.1
1.1.4.27446.9.2.10
1.1.4.27563.12.4.4.9
1.1.4.27614.5.1.21
1.1.4.27674.5.1.1
1.1.4.27720.5.1
1.1.4.27721.26.1.18
1.1.4.27729.29.5.8
1.1.4.27776.12.1.32
1.1.4.27898.24.2.18.11
1.1.4.27954.5.1.1.1.24.3
1.1.4.27970.15
1.1.4.27992.24.2.34.6
1.1.4.27995.21.2.8.5
1.1.4.28003.36.2
1.1.4.28018.18.2.8
1.1.4.28076.5.1.28.1.17
1.1.4.28085.5.1
1.1.4.28142.10.4.4.4
1.1.4.28146.5.1.2.1
1.1.4.28257.11.1.21.4
1.1.4.28326.11.2.22
1.1.4.28327.16.4.6.23
1.1.4.28354.10.1.5
1.1.4.28397.3
1.1.4.28439.39.1.32
1.1.4.28464.13.3.18
1.1.4.28470.17.2.4
1.1.4.28560.10.1.9.2
1.1.4.28589.5.1.8.2.3.7.13
1.1.4.28649.22.2.5.2.2.2.15.20
1.1.4.28677.8.1.7
1.1.4.28701.10.1.35
1.1.4.28719.5.1.3.1.1.1
1.1.4.28788.5.1.27.1.20.1.7.2
1.1.4.28819.5.1.2.2.10.1
1.1.4.28874.5.1.1.1.1
1.1.4.28910.3
1.1.4.28931.5.1.1.5.1
1.1.4.28950.15.2.9.6.17
1.1.4.28983.5.1.1.3
1.1.4.29077.29.1.22.8.50
1.1.4.29242.5.1.13
1.1.4.29312.5.1.1.1
1.1.4.29374.5.1.2.1.5
1.1.4.29427.5.1.3
1.1.4.29531.5.1
1.1.4.29564.5.1.9.5
1.1.4.29664.11.1.4
1.1.4.29690.5.1.3.2
1.1.4.29719.43.1.4
1.1.4.29735.5.1.3.2.9
1.1.4.29773.5.1.2
1.1.4.29793.20.8.9.19
1.1.4.30078.5.1
1.1.4.30087.13.1.4.2
1.1.4.30094.15.2.5
1.1.4.30162.5.1.11.1.3
1.1.4.30166.5.1.7.5
1.1.4.30200.11.2.4.8
1.1.4.30224.9.4.4.2
1.1.4.30236.5.1.2.1
1.1.4.30300.3
1.1.4.30471.5.1.3.11
1.1.4.30505.17.2.8.2
1.1.4.30589.54.3
1.1.4.30591.80
1.1.4.30602.38.3.6.1.1.4
1.1.4.30736.14.1.4
1.1.4.30748.5.1.2.2.2.1.19
1.1.4.30805.31.3.25.13
1.1.4.30974.9.1.6.2
1.1.4.31157.24.1.14.13
1.1.4.31241.15.1.8
1.1.4.31261.5.1.6.2.5.1
1.1.4.31269.14.2
1.1.4.31279.5.1.1.6
1.1.4.31299.3
1.1.4.31332.8.3.13.12.4
1.1.4.31395.15.3.10.4.7.2
1.1.4.31401.5.1
1.1.4.31477.9.2.4.14
1.1.4.31494.11.1.5.5
1.1.4.31500.25.2.39.2.5.3
1.1.4.31546.5.1.4.2
1.1.4.31549.26.1.18.16.34
1.1.4.31595.27.1.12.13.13.1.13
1.1.4.31606.17.2.4.2
1.1.4.31626.33.1.25.20.28
1.1.4.31669.5.1.5
1.1.4.31680.13.2
1.1.4.31718.5.1.1.1.2.2.7
1.1.4.31723.5.1
1.1.4.31809.5.1.5.1.7.3.22
1.1.4.31862.46.1.15
1.1.4.31919.10.2.18
1.1.4.31941.15.3.7.1.6.1
1.1.4.31956.16.2.16.1.1
1.1.4.31956.16.2.18.1.4.3.63
1.1.4.32017.8.1.4
1.1.4.32116.5.1
1.1.4.32131.5.1.1.6.16.2
1.1.4.32180.9.1.4
1.1.4.32270.3
1.1.4.32305.17.2.12.2.6
1.1.4.32309.16.2.9.1
1.1.4.32313.13.2.14.4
1.1.4.32361.5.1.4.2
1.1.4.32594.5.1
1.1.4.32639.5.1.2.1
1.1.4.32675.3
1.1.4.32805.5.1
1.1.4.32858.9.6.4.1
1.1.4.32927.5.1.7.1
1.1.4.32997.5.1.21
1.1.4.33059.5.1.1
1.1.4.33105.5.1
1.1.4.33106.26.1.18
1.1.4.33114.29.5.8
1.1.4.33157.5.1.3
1.1.4.33169.5.1.2.2.6
1.1.4.33269.24.2.18.11
1.1.4.33314.11.1.8
1.1.4.33334.5.1.2.2.5.2.6
1.1.4.33379.5.1.10
1.1.4.33387.5.1.3
1.1.4.33452.5.1.2.7
1.1.4.33482.5.1.1.5.43.3.46
1.1.4.33538.10.4.4.4
1.1.4.33542.5.1.2.1
1.1.4.33571.5.1.1.14.4
1.1.4.33575.14.1.4.2
1.1.4.33647.11.1.7.4
1.1.4.33731.11.2.22
1.1.4.33732.16.4.6.23
1.1.4.33759.5.1.2.5.16.1
1.1.4.33835.39.1.32
1.1.4.33861.15.2.7.2
1.1.4.33963.10.1.9.2
1.1.4.33992.5.1.8.2.3.7.13
1.1.4.34031.19.2.4.6
1.1.4.34058.22.2.5.2.2.2.15.77
1.1.4.34086.8.1.7
1.1.4.34097.29.1.4
1.1.4.34124.5.1.3.1.1.1
1.1.4.34193.5.1.27.1.20.1.7.2
1.1.4.34224.5.1.2.2.10.1
1.1.4.34263.3
1.1.4.34287.5.1.1.1.1
1.1.4.34324.3
1.1.4.34365.15.2.10.5.9
1.1.4.34384.17.1.5.2
1.1.4.34398.23.4.15.2
1.1.4.34506.17.2
1.1.4.34511.5.1.2.2.2.2
1.1.4.34660.5.1.2.6.4.1.1
1.1.4.34740.5.1.11.1.4.11
1.1.4.34745.5.1.23.1.10.12.11
1.1.4.34805.5.1.2.1.5
1.1.4.34957.5.1
1.1.4.34990.5.1.9.5
1.1.4.35065.30.4
1.1.4.35079.11.1.4
1.1.4.35133.5.1.9.1.8.3
1.1.4.35142.16.2
1.1.4.35149.14.1.4.7
1.1.4.35152.35.2.17.12
1.1.4.35169.15.2
1.1.4.35197.19.1.6.1.3
1.1.4.35386.5.1
1.1.4.35465.8.1.4
1.1.4.35516.5.1
1.1.4.35525.13.1.4.2
1.1.4.35532.15.2.5
1.1.4.35603.5.1.11.1.3
1.1.4.35607.5.1.7.5
1.1.4.35651.9.4.4.2
1.1.4.35663.5.1.2.1
1.1.4.35735.3
1.1.4.35920.5.1.3.11
1.1.4.35954.17.2.8.2
1.1.4.35966.17.1.8
1.1.5.36058.38.3.6.1.1.4
1.1.5.36116.27.1.4
1.1.5.36201.14.1.8.3
1.1.5.36246.5.1.10.3.8.3.32.5
1.1.5.36332.5.1
1.1.5.36429.5.1.8.1.3
1.1.5.36450.5.1
1.1.5.36538.5.1.2.1.1.1
1.1.5.36684.15.1.8
1.1.5.36704.5.1.6.2.5.1
1.1.5.36712.14.2
1.1.5.36722.5.1.1.6
1.1.5.36742.3
1.1.5.36775.8.3.13.12.4
1.1.5.36828.23.1.15
1.1.5.36834.10.1.7
1.1.5.36926.5.1.3
1.1.5.36955.15.2.15.1.2
1.1.5.37009.5.1
1.1.5.37027.5.1.5.4
1.1.5.37072.27.1.12.13.13.1.13
1.1.5.37083.17.2.4.2
1.1.5.37153.5.1.5
1.1.5.37164.13.2
1.1.5.37202.5.1.1.1.2.2.7
1.1.5.37207.5.1
1.1.5.37299.5.1.5.1.7.3.15
1.1.5.37352.46.1.15
1.1.5.37381.24.1.13.8
1.1.5.37383.5.1
1.1.5.37396.5.1.1
1.1.5.37462.5.1.8.2.25
1.1.5.37589.5.1
1.1.5.37746.5.1
1.1.5.37781.30.2.27.2.6
1.1.5.37785.16.2.9.1
1.1.5.37787.15.4.8.8.2
1.1.5.37801.15.2.12
1.1.5.37822.10.3.8
1.1.5.37918.17.1.24
1.1.5.38080.5.1
1.1.5.38137.5.1.2.1
1.1.5.38170.3
1.1.5.38189.5.1.14
1.1.5.38220.10.4.4
1.1.5.38309.5.1
1.1.5.38435.5.1.7.1
1.1.5.38503.5.1.8.1.1.2.25
1.1.5.38547.9.1.6.6
1.1.5.38584.5.1
1.1.5.38585.26.1.18
1.1.5.38593.29.5.8
1.1.5.38754.24.2.18.11
1.1.5.38814.5.1.1.52.59.2.6
1.1.5.38851.35.5.9.29.5.1.1
1.1.5.38874.24.4.10.1.3.3.7
1.1.5.38954.17.2.11.24
1.1.5.39018.10.4.4.4
1.1.5.39022.5.1.2.1
1.1.5.39054.5.1.3.1.1
1.1.5.39091.5.1.2.2.8.1
1.1.5.39144.10.1.7.1
1.1.5.39209.11.2.22
1.1.5.39210.16.4.6.23
1.1.5.39237.10.1.5
1.1.5.39266.17.2.8.15
1.1.5.39308.39.1.32
1.1.5.39335.13.1.6.10
1.1.5.39440.10.1.9.2
1.1.5.39469.5.1.8.2.3.7.13
1.1.5.39508.19.2.4.6
1.1.5.39535.22.2.5.2.2.2.15.29
1.1.5.39563.8.1.7
1.1.5.39589.10.1.35
1.1.5.39606.16.2.10.13
1.1.5.39638.14.1.4
1.1.5.39691.5.1.2.2.10.1
1.1.5.39753.5.1.7.1
1.1.5.39792.3
1.1.5.39813.5.1.1.5.1
1.1.5.39854.17.1.5.2
1.1.5.39865.23.4.15.2
1.1.5.39968.9.4.16.8.12
1.1.5.40133.5.1.2.6.4.1.1
1.1.5.40213.5.1.11.1.4.11
1.1.5.40218.5.1.23.1.10.12.11
1.1.5.40264.5.1.27.1.5
1.1.5.40307.5.1.12.4.19
1.1.5.40390.5.1
1.1.5.40423.5.1.9.5
1.1.5.40463.37.2.16.8
1.1.5.40523.5.1.2.2.40
1.1.5.40576.43.1.4
1.1.5.40594.14.1.4.7
1.1.5.40597.35.2.17.12
1.1.5.40614.15.2
1.1.5.40642.19.1.6.1.3
1.1.5.40663.20.8.9.19
1.1.5.40925.5.1
1.1.5.40934.13.1.4.2
1.1.5.40941.15.2.5
1.1.5.41043.5.1
1.1.5.41066.5.1.6
1.1.5.41180.3
1.1.5.41258.5.1
1.1.5.41322.17.2.8.2
1.1.5.41334.17.1.8
1.1.5.41377.5.1.14.1.1
1.1.5.41425.5.1.3.1
1.1.5.41553.14.1.4
1.1.5.41565.5.1.2.2.2.1.19
1.1.5.41787.12.1.8
1.1.5.41891.5.1.2.1.1.1
1.1.5.41906.17.2.8
1.1.5.41948.5.1.5
1.1.5.41956.5.1.21.1
1.1.5.42028.15.1.8
1.1.5.42058.15.3.5.4.16
1.1.5.42107.5.1.4.8
1.1.5.42133.21.5
1.1.5.42230.27.1.4
1.1.5.42265.9.2.4.14
1.1.5.42282.11.1.5.5
1.1.5.42288.25.2.39.2.5.3
1.1.5.42331.5.1.4.2
1.1.5.42334.26.1.18.16.34
1.1.5.42380.5.1.19.1.18
1.1.5.42408.5.1.4.1.1.1.16
1.1.5.42455.5.1.5
1.1.5.42466.13.2
1.1.5.42507.5.1.1.1.2.2.4
1.1.5.42512.5.1
1.1.5.42596.5.1.5.1.7.3.21
1.1.5.42649.46.1.15
1.1.5.42706.10.2.18
1.1.5.42767.5.1.13.3
1.1.5.42770.5.1.2.1.8
1.1.5.42826.9.1.9
1.1.5.42918.5.1
1.1.5.42933.5.1.1.6.16.2
1.1.5.43009.5.1.1.1.1
1.1.5.43108.17.2.12.2.6
1.1.5.43112.16.2.9.1
1.1.5.43127.5.1.17
1.1.5.43130.5.1
1.1.5.43389.5.1
1.1.5.43442.5.1.2.1
1.1.5.43478.3
1.1.5.43611.5.1
1.1.5.43639.9.2.10
1.1.5.43753.5.1.7.1
1.1.5.43823.5.1.21
1.1.5.43928.5.1
1.1.5.43929.26.1.18
1.1.5.43937.29.5.8
1.1.5.43975.9.1.9
1.1.5.44115.24.2.18.11
1.1.5.44171.5.1.1.1.24.3
1.1.5.44187.15
1.1.5.44209.24.2.34.6
1.1.5.44212.21.2.8.5
1.1.5.44220.36.2
1.1.5.44235.18.2.8
1.1.5.44271.16.2.6.3
1.1.5.44295.5.1.28.1.17
1.1.5.44304.5.1
1.1.5.44349.6
1.1.5.44363.10.4.4.4
1.1.5.44367.5.1.2.1
1.1.5.44403.14.1.4.2
1.1.5.44433.5.1.2.2.8.1
1.1.5.44488.5.1.32
1.1.5.44565.5.1.16.3.3
1.1.5.44578.11.1.4
1.1.5.44654.39.1.32
1.1.5.44671.22.6.6.1.21
1.1.5.44730.6
1.1.5.44758.5.1.9
1.1.5.44782.5.1.8.2.3.8.28
1.1.5.44823.5.1.1
1.1.5.44843.24.2.5.2.2.2.15.15
1.1.5.44846.9.3.8.7
1.1.5.44869.8.1.7
1.1.5.44905.5.1.3.1.1.1
1.1.5.44974.5.1.27.1.20.1.7.2
1.1.5.45005.5.1.2.2.10.1
1.1.5.45067.5.1.7.1
1.1.5.45096.35.1.17.23
1.1.5.45153.15.2.9.6.17
1.1.5.45172.17.1.5.2
1.1.5.45183.23.4.15.2
1.1.5.45287.29.1.22.8.23
1.1.5.45446.5.1.2.6.4.1.1
1.1.5.45526.5.1.11.1.4.11
1.1.5.45531.5.1.23.1.10.12.11
1.1.5.45570.5.1.2.1.5
1.1.5.45623.5.1.3
1.1.5.45726.5.1
1.1.5.45759.5.1.9.5
1.1.5.45799.37.2.16.8
1.1.5.45847.11.1.4
1.1.5.45901.5.1.9.1.8.3
1.1.5.45914.5.1.10.2.7.11.39
1.1.5.45919.19.1.14
1.1.5.45964.30.1.4.2
1.1.5.45968.17.2.6.1.2.3
1.1.5.45981.5.1
1.1.5.46252.13.2.15.8.9.3.7
1.1.5.46256.15.2.17.7.6
1.1.5.46320.5.1.11.1.3
1.1.5.46324.5.1.7.5
1.1.5.46358.11.2.4.8
1.1.5.46382.9.4.4.2
1.1.5.46394.5.1.2.1
1.1.5.46515.3
1.1.5.46591.5.1
1.1.5.46731.54.3
1.1.5.46748.5.1.3.1
1.1.5.46892.5.1.1.10.8.3.11
1.1.5.47219.10.2.19.20
1.1.5.47246.9.3.8.17
1.1.5.47325.5.1.7
1.1.5.47332.5.1.9.24.7.3
1.1.5.47373.15.1.8
1.1.5.47393.5.1.6.2.5.1
1.1.5.47401.14.2
1.1.5.47411.5.1.1.6
1.1.5.47431.11
1.1.5.47464.8.3.13.12.4
1.1.5.47529.15.3.10.4.7.2
1.1.5.47535.5.1
1.1.5.47611.9.2.4.14
1.1.5.47628.11.1.5.5
1.1.5.47634.25.2.39.2.5.3
1.1.5.47667.15.2.5.5
1.1.5.47691.5.1.4.2
1.1.5.47694.26.1.18.16.34
1.1.5.47740.27.1.12.13.13.1.13
1.1.5.47751.17.2.4.2
1.1.5.47817.5.1.2
1.1.5.47821.5.1.21.13
1.1.5.47873.5.1.1.1.2.2.25
1.1.5.47878.5.1
1.1.5.47967.5.1.5.1.7.3.15
1.1.5.48020.46.1.15
1.1.5.48077.10.2.18
1.1.5.48099.15.3.7.1.6.1
1.1.5.48114.16.2.16.1.1
1.1.5.48114.16.2.18.1.4.3.63
1.1.5.48167.5.1.4.2
1.1.5.48235.5.1
1.1.5.48250.5.1.1.6.16.2
1.1.5.48299.9.1.4
1.1.5.48408.3
1.1.5.48443.27.2.19.2.6
1.1.5.48447.16.2.9.1
1.1.5.48449.15.4.8.8.2
1.1.5.48483.10.3.8
1.1.5.48490.5.1.3.3.8.3
1.1.5.48729.5.1
1.1.5.48788.5.1.2.1
1.1.5.48823.3
1.1.5.48843.5.1.7.2.3
1.1.5.49027.31.1.4.5
1.1.5.49109.5.1.7.1
1.1.5.49179.5.1.21
1.1.5.49230.9.1.6.6
1.1.5.49267.5.1
1.1.5.49268.26.1.18
1.1.5.49276.29.5.8
1.1.5.49310.9.1.9
1.1.5.49336.5.1.5
1.1.5.49446.24.2.18.11
1.1.5.49509.5.1.1.1.24.3
1.1.5.49525.15
1.1.5.49547.24.2.34.6
1.1.5.49550.21.2.8.5
1.1.5.49558.36.2
1.1.5.49573.18.2.8
1.1.5.49609.16.2.6.3
1.1.5.49633.5.1.28.1.17
1.1.5.49642.5.1
1.1.5.49698.10.4.4.4
1.1.5.49702.5.1.2.1
1.1.5.49829.10.1.7.1
1.1.5.49894.11.2.22
1.1.5.49895.16.4.6.16
1.1.5.49922.10.1.5
1.1.5.50001.5.1
1.1.5.50031.5.1.4.1.3.1.1
1.1.5.50134.10.1.9.2
1.1.5.50163.5.1.8.2.3.7.13
1.1.5.50202.19.2.4.6
1.1.5.50229.22.2.5.2.2.2.15.32
1.1.5.50257.8.1.7
1.1.5.50268.29.1.4
1.1.5.50295.5.1.3.1.1.1
1.1.5.50364.5.1.27.1.20.1.7.2
1.1.5.50395.5.1.2.2.10.1
1.1.5.50450.5.1.1.1.1
1.1.5.50465.14
1.1.5.50474.15.2
1.1.5.50493.8.1.8
1.1.5.50509.5.1.2.3.11
1.1.5.50539.17.1.5.2
1.1.5.50550.23.4.15.2
1.1.5.50575.19.1.8
1.1.5.50656.9.4.16.8.12
1.1.5.50812.5.1.2.1.2.1.2
1.1.5.50894.5.1.1.1
1.1.5.50939.17.1.4
1.1.5.50948.13.2.6.7.22
1.1.5.51019.17.6
1.1.5.51130.5.1.9.5
1.1.5.51225.11.1.4
1.1.5.51275.43.1.4
1.1.5.51291.5.1.3.2.9
1.1.5.51329.5.1.2
1.1.5.51435.8.1.5
1.1.5.51581.51.1.4
1.1.5.51637.13.2.15.8.9.3.7
1.1.5.51641.15.2.17.7.6
1.1.5.51757.5.1
1.1.5.51780.5.1.6
1.1.5.51925.9.1.14.12
1.1.5.51977.5.1
1.1.5.52043.5.1.2.1.10.4.9.7
1.1.5.52054.17.1.8
1.1.5.52152.38.3.6.1.1.4
1.1.5.52183.6
1.1.5.52313.5.1.1.10.8.3.11
1.1.5.52371.31.3.25.13
1.1.5.52426.32.2.22.7
1.1.5.52456.15.2.6
1.1.5.52539.5.1.25
1.1.5.52628.5.1
1.1.5.52681.17.2.8
1.1.5.52726.5.1.7.1.11.2.10
1.1.5.52733.5.1
1.1.5.52762.5.1.8
1.1.5.52811.15.1.8
1.1.5.52841.15.3.5.4.16
1.1.5.52890.5.1.4.8
1.1.5.52916.21.5
1.1.5.52945.23.1.15
1.1.5.52951.10.1.7
1.1.5.53041.9.2.4.14
1.1.5.53058.11.1.5.5
1.1.5.53064.25.2.39.2.5.3
1.1.5.53108.5.1.4.2
1.1.5.53111.26.1.18.16.34
1.1.5.53157.27.1.12.13.13.1.13
1.1.5.53244.5.1.5
1.1.5.53255.13.2
1.1.5.53293.5.1.1.1.2.2.7
1.1.5.53298.5.1
1.1.5.53387.5.1.5.1.7.3.15
1.1.5.53441.46.1.15
1.1.5.53498.10.2.18
1.1.5.53547.16.2.16.1.1
1.1.5.53547.16.2.18.1.4.3.30
1.1.5.53622.5.1
1.1.5.53690.5.1
1.1.5.53705.5.1.1.6.16.2
1.1.5.53842.3
1.1.5.53886.5.1.10
1.1.5.54186.5.1
1.1.5.54243.5.1.2.1
1.1.5.54278.3
1.1.5.54298.5.1.7.2.3
1.1.5.54439.5.1
1.1.5.54577.12.4.4.9
1.1.5.54628.5.1.21
1.1.5.54685.32.4.10.1
1.1.5.54687.5.1.2.1.1.4.24
1.1.5.54734.5.1
1.1.5.54735.26.1.18
1.1.5.54743.29.5.8
1.1.5.54781.9.1.9
1.1.5.54811.5.1.2.2.6
1.1.5.54915.24.2.18.11
1.1.5.54984.5.1.1.45.32.2.6
1.1.5.55021.5.1.2.2
1.1.5.55030.5.1.3
1.1.5.55046.12.6.16.15
1.1.5.55070.15
1.1.5.55089.5.1.2.7
1.1.5.55119.5.1.1.5.43.3.43
1.1.5.55175.10.4.4.4
1.1.5.55179.5.1.2.1
1.1.5.55211.5.1.3.1.1
1.1.5.55274.33.2.32.1.63.1.4
1.1.5.55286.11.1.7.4
1.1.5.55353.11.2.22
1.1.5.55354.16.4.6.16
1.1.5.55381.5.1.2.5.16.1
1.1.5.55407.17.2.8.15
1.1.5.55449.39.1.32
1.1.5.55475.16.3.9
1.1.5.55567.10.1.9.2
1.1.5.55596.5.1.8.2.3.7.13
1.1.5.55665.22.2.5.2.2.2.15.1
1.1.5.55693.8.1.7
1.1.5.55719.10.1.35
1.1.5.55736.16.2.10.13
1.1.5.55768.14.1.4
1.1.5.55821.5.1.2.2.10.1
1.1.5.55918.3
1.1.5.55959.15.2.10.5.9
1.1.5.55978.17.1.5.2
1.1.5.55989.23.4.15.2
1.1.5.56014.19.1.8
1.1.5.56096.5.1
1.1.5.56099.30.3.18.11
1.1.5.56261.5.1.2.6.4.1.1
1.1.5.56343.5.1.1.1
1.1.5.56396.11.1.7.3
1.1.5.56450.5.1.12.4.19
1.1.5.56534.5.1.6.1.13.1.15.9
1.1.5.56545.5.1
1.1.5.56578.5.1.9.5
1.1.5.56620.37.2.16.8
1.1.5.56675.11.1.4
1.1.5.56729.5.1.9.1.8.3
1.1.5.56742.5.1.10.2.7.11.39
1.1.5.56747.19.1.14
1.1.5.57108.5.1
1.1.5.57129.5.1
1.1.5.57223.5.1
1.1.5.57246.5.1.6
1.1.5.57311.3
1.1.5.57434.5.1
1.1.5.57592.5.1.3.1
1.1.5.57629.5.1.4.2.5.2
1.1.5.57716.23.1.10
1.1.5.57720.23.2.23.1.3.4
1.1.5.57727.14.1.8.3
1.1.5.57787.14.1.17.7.18
1.1.5.57838.12.1.7
1.1.5.57934.5.1.8.1.3
1.1.5.57987.5.1.1
1.1.5.58051.5.1.2.1.1.1
1.1.5.58114.16.2.25
1.1.5.58153.5.1.7
1.1.5.58160.5.1.9.24.7.3
1.1.5.58201.15.1.8
1.1.5.58221.5.1.6.2.5.1
1.1.5.58229.14.2
1.1.5.58239.5.1.1.6
1.1.5.58259.3
1.1.5.58292.8.3.13.12.4
1.1.5.58355.15.3.10.4.7.2
1.1.5.58361.5.1
1.1.5.58440.5.1.9
1.1.5.58442.22.5.5
1.1.5.58449.14.1
1.1.5.58464.5.1.5.3.6
1.1.5.58528.5.1.4.26.8.4
1.1.5.58540.5.1.2.1.7.5.11
1.1.5.58570.15.1.5
1.1.5.58581.43.4.6.15.14
1.1.5.58663.5.1.5
1.1.5.58674.13.2
1.1.5.58715.5.1.1.1.2.2.4
1.1.5.58720.5.1
1.1.5.58805.5.1.5.1.7.3.15
1.1.5.58858.46.1.15
1.1.5.58887.24.1.13.8
1.1.5.58889.5.1
1.1.5.58902.5.1.1
1.1.5.58968.5.1.8.2.25
1.1.5.59095.5.1
1.1.5.59259.3
1.1.5.59297.17.2.12.2.6
1.1.5.59301.16.2.9.1
1.1.5.59303.15.4.8.8.2
1.1.5.59644.9.4.4.2
1.1.5.59681.3
1.1.5.59730.10.4.16
1.1.5.59966.12.4.4.9
1.1.5.60017.5.1.21
1.1.5.60068.9.1.6.6
1.1.5.60105.5.1
1.1.5.60106.26.1.18
1.1.5.60114.29.5.8
1.1.5.60268.24.2.18.11
1.1.5.60330.5.1.1.1.24.3
1.1.5.60346.15
1.1.5.60368.24.2.34.6
1.1.5.60371.21.2.8.5
1.1.5.60379.36.2
1.1.5.60394.18.2.8
1.1.5.60430.16.2.6.3
1.1.5.60454.5.1.28.1.17
1.1.5.60463.5.1
1.1.5.60519.10.4.4.4
1.1.5.60523.5.1.2.1
1.1.5.60563.14.1.4.2
1.1.5.60646.5.1.43
1.1.5.60728.5.1.3.2
1.1.5.60731.9.1.10.10
1.1.5.60820.15.3.10.1
1.1.5.60929.10.1.9.2
1.1.5.60958.5.1.8.2.3.7.13
1.1.5.60992.19.2.4.6
1.1.5.61019.22.2.5.2.2.2.15.22
1.1.5.61047.8.1.7
1.1.5.61070.10.1.35
1.1.5.61092.5.1.3.1.1.1
1.1.5.61161.5.1.27.1.20.1.7.2
1.1.5.61192.5.1.2.2.10.1
1.1.5.61254.5.1.7.1
1.1.5.61287.3
1.1.5.61328.15.2.10.5.9
1.1.5.61347.17.1.5.2
1.1.5.61361.23.4.15.2
1.1.5.61386.19.1.8
1.1.5.61468.5.1
1.1.5.61471.30.3.18.11
1.1.5.61637.5.1.2.6.4.1.1
1.1.5.61724.5.1.1.1
1.1.5.61780.5.1.2.1.5
1.1.5.61848.17.6
1.1.5.61920.5.1
1.1.5.61996.37.2.16.8
1.1.5.62054.21.1.17
1.1.5.62080.5.1
1.1.5.62111.43.1.4
1.1.5.62128.5.1.3.2.9
1.1.5.62166.5.1.2
1.1.5.62410.8.1.4
1.1.5.62466.13.2.15.8.9.3.7
1.1.5.62470.15.2.17.7.6
1.1.5.62574.5.1
1.1.5.62597.5.1.6
1.1.5.62662.3
1.1.5.62709.3
1.1.5.62747.16.4.7
1.1.5.62800.5.1
1.1.5.62862.5.1.2.1.10.4.9.7
1.1.5.62874.5.1
1.1.5.62958.38.3.6.1.1.4
1.1.5.63004.5.1.4.2.5.2
1.1.5.63107.14.1.8.3
1.1.5.63221.12.1.7
1.1.5.63326.9.1.6.2
1.1.5.63538.5.1.7
1.1.5.63588.15.1.8
1.1.5.63618.15.3.5.4.16
1.1.5.63667.5.1.4.8
1.1.5.63693.21.5
1.1.5.63791.27.1.4
1.1.5.63830.5.1.65
1.1.5.63836.14.1
1.1.5.63865.5.1.2.2
1.1.5.63917.5.1.4.2
1.1.5.63920.26.1.18.16.34
1.1.5.63966.27.1.12.13.13.1.13
1.1.5.63977.17.2.4.2
1.1.5.63997.33.1.25.20.28
1.1.5.64044.5.1.5
1.1.5.64055.13.2
1.1.5.64168.5.1.18
1.1.5.64196.5.1.1.1
1.1.5.64224.46.1.15
1.1.5.64281.10.2.18
1.1.5.64336.11
1.1.5.64339.5.1.13.3
1.1.5.64342.5.1.2.1.8
1.1.5.64408.8.1.4
1.1.5.64494.5.1
1.1.5.64509.5.1.1.6.16.2
1.1.5.64645.3
1.1.5.64682.5.1.3.2.9
1.1.5.64687.13.2.14.4
1.1.5.64735.5.1.4.2
1.1.5.64974.5.1
1.1.5.65030.9.4.4.2
1.1.5.65067.3
1.1.5.65117.10.4.4
1.1.5.65390.5.1.21
1.1.5.65451.5.1.1
1.1.5.65497.5.1
1.1.5.65498.26.1.18
1.1.5.65506.29.5.8
1.1.5.65553.12.1.32
1.1.5.65671.24.2.18.11
1.1.5.65719.5.1.1.60.98.2.6
1.1.5.65756.5.1.2.2
1.1.5.65765.5.1.3
1.1.5.65781.12.6.16.15
1.1.5.65805.15
1.1.5.65854.17.2.11.24
1.1.5.65918.10.4.4.4
1.1.5.65922.5.1.2.1
1.1.5.65954.5.1.3.1.1
1.1.5.65957.14.5.26
1.1.5.65989.13.2.7.2
1.1.5.66047.11.1.7.4
1.1.5.66129.11.2.22
1.1.5.66130.16.4.6.23
1.1.5.66158.10.1.5
1.1.5.66201.5.1.12.9.5.2.3
1.1.5.66219.23.2.6.15.25.1.11.2
1.1.5.66239.39.1.29
1.1.5.66264.13.3.18
1.1.5.66270.17.2.4
1.1.5.66378.10.1.9.2
1.1.5.66407.5.1.8.2.3.7.13
1.1.5.66470.22.2.5.2.2.2.15.13
1.1.5.66498.8.1.7
1.1.5.66534.5.1.3.1.1.1
1.1.5.66603.5.1.27.1.20.1.7.2
1.1.5.66634.5.1.2.2.10.1
1.1.5.66731.3
1.1.5.66752.5.1.1.5.1
1.1.5.66793.5.1
1.1.5.66805.15.2.14.2
1.1.5.66917.29.1.22.8.23
1.1.5.67069.5.1.2.6.4.1.1
1.1.5.67151.5.1.1.1
1.1.5.67213.5.1.2.1.5
1.1.5.67353.5.1
1.1.5.67386.5.1.9.5
1.1.5.67428.37.2.16.8
1.1.5.67488.5.1.2.2.40
1.1.5.67517.5.1
1.1.5.67548.43.1.4
1.1.5.67565.5.1.3.2.9
1.1.5.67597.5.1.1
1.1.5.67854.8.1.4
1.1.5.67915.5.1
1.1.5.68020.5.1
1.1.5.68043.5.1.6
1.1.5.68119.3
1.1.5.68200.9.1.4.1
1.1.5.68334.5.1.2.1.10.4.6.31
1.1.5.68346.5.1
1.1.5.68357.31.3.20
1.1.5.68388.5.1.14.1.1
1.1.5.68436.5.1.3.1
1.1.5.68473.5.1.4.2.5.2
1.1.5.68580.5.1.1.10.8.3.11
1.1.5.68620.5.1.10.3.8.3.25.5
1.1.5.68795.5.1.8.1.3
1.1.5.68905.10.2.19.22
1.1.5.68973.17.6
1.1.5.69004.5.1.7
1.1.5.69053.15.1.8
1.1.5.69083.15.3.5.4.16
1.1.5.69117.12
1.1.5.69150.8.3.13.12.4
1.1.5.69203.23.1.15
1.1.5.69209.10.1.7
1.1.5.69299.9.2.4.14
1.1.5.69316.11.1.5.5
1.1.5.69322.25.2.39.2.5.3
1.1.5.69366.5.1.4.2
1.1.5.69369.26.1.18.16.34
1.1.5.69415.5.1.19.1.18
1.1.5.69443.5.1.4.1.1.1.16
1.1.5.69492.5.1.5
1.1.5.69503.13.2
1.1.5.69541.5.1.1.1.2.2.7
1.1.5.69546.5.1
1.1.5.69635.5.1.5.1.7.3.15
1.1.5.69688.46.1.15
1.1.5.69745.10.2.18
1.1.5.69796.5.1.8.2.4
1.1.5.69850.9.1.9
1.1.5.69997.9.1.4
1.1.5.70097.3
1.1.5.70135.27.2.19.2.6
1.1.5.70139.16.2.9.1
1.1.5.70154.5.1.17
1.1.5.70157.5.1
1.1.5.70263.3
1.1.5.70345.5.1.9.1
1.1.5.70428.5.1
1.1.5.70485.5.1.2.1
1.1.5.70570.10.4.4
1.1.5.70721.6
1.1.5.70740.15.3.6.3
1.1.5.70805.12.4.4.9
1.1.5.70856.5.1.21
1.1.5.70913.32.4.10.1
1.1.5.70915.5.1.2.5.6
1.1.5.70955.5.1
1.1.5.70956.26.1.18
1.1.5.70964.29.5.8
1.1.5.71002.9.1.9
1.1.5.71028.5.1.5
1.1.5.71131.24.2.18.11
1.1.5.71175.11.1.8
1.1.5.71195.5.1.2.2.5.2.6
1.1.5.71231.35.5.9.29.5.1.1
1.1.5.71255.8.3.8.5
1.1.5.71265.18.2.8
1.1.5.71301.16.2.6.3
1.1.5.71325.5.1.28.1.17
1.1.5.71334.5.1
1.1.5.71390.10.4.4.4
1.1.5.71394.5.1.2.1
1.1.5.71434.14.1.4.2
1.1.5.71468.17.3.11.7
1.1.5.71473.3
1.1.5.71507.11.1.7.4
1.1.5.71589.30.4.6.11.3.2
1.1.5.71611.11.1.4
1.1.5.71688.5.1
1.1.5.71716.22.6.6.1.21
1.1.5.71811.13
1.1.5.71832.10.1.9.14
1.1.5.71896.22.2.5.2.2.2.15.32
1.1.5.71924.8.1.7
1.1.5.71935.29.1.4
1.1.5.71957.5.1.3.1.1.1
1.1.5.72026.5.1.27.1.20.1.7.2
1.1.5.72057.5.1.2.2.10.1
1.1.5.72119.5.1.7.1
1.1.5.72155.3
1.1.5.72176.5.1.1.5.1
1.1.5.72217.5.1
1.1.5.72229.15.2.14.2
1.1.5.72235.5.1
1.1.5.72326.29.1.22.8.50
1.1.5.72557.5.1.11.1.4.11
1.1.5.72562.5.1.23.1.10.12.11
1.1.5.72613.5.1.2.1.5
1.1.5.72762.5.1
1.1.5.72795.5.1.9.5
1.1.5.72837.37.2.16.8
1.1.5.72906.11.1.4
1.1.5.72960.5.1.9.1.8.3
1.1.5.72969.16.2
1.1.5.72976.14.1.4.7
1.1.5.72979.35.2.17.12
1.1.5.72996.15.2
1.1.5.73031.5.1.2
1.1.5.73051.20.8.9.19
1.1.5.73136.8.1.5
1.1.5.73218.5.1
1.1.5.73341.13.2.15.9.11.9.10
1.1.5.73345.15.2.17.7.6
1.1.5.73449.5.1
1.1.5.73472.5.1.6
1.1.5.73615.9.1.4.1
1.1.5.73662.5.1
1.1.5.73692.5.1.9.4.14.2
1.1.5.73699.5.1.4.1
1.1.5.73735.5.1.2.1.10.4.9.3
1.1.5.73747.5.1
1.1.5.73835.5.1.3.1
1.1.5.73980.5.1.1.10.8.3.11
1.1.5.74020.5.1.10.3.8.3.25.5
1.1.5.74044.25.2.12.1.1.2
1.1.5.74106.12.1.7
1.1.5.74212.5.1.8.1.3
1.1.5.74410.5.1.19.2.43
1.1.5.74460.15.1.8
1.1.5.74480.5.1.6.2.5.1
1.1.5.74488.14.2
1.1.5.74498.5.1.1.6
1.1.5.74518.3
1.1.5.74551.8.3.13.12.4
1.1.5.74615.15.3.10.4.7.2
1.1.5.74621.5.1
1.1.5.74696.9.2.4.14
1.1.5.74718.5.1.1.7.15
1.1.5.74727.17.1.4.1
1.1.5.74773.5.1.4.2
1.1.5.74776.26.1.18.16.34
1.1.5.74822.27.1.12.13.13.1.13
1.1.5.74833.17.2.4.2
1.1.5.74853.5.1.4.1.1.1.13
1.1.5.74896.5.1.5
1.1.5.74907.13.2
1.1.5.74948.5.1.1.1.2.2.4
1.1.5.74953.5.1
1.1.5.75068.5.1.1.1
1.1.5.75096.46.1.15
1.1.5.75143.5.1.1
1.1.5.75209.5.1.8.2.25
1.1.5.75336.5.1
1.1.5.75351.5.1.1.6.16.2
1.1.5.75503.3
1.1.5.75540.5.1.3.2.9
1.1.5.75544.16.3.16.4
1.1.5.75556.5.1.17
1.1.5.75559.5.1
1.1.5.75824.5.1
1.1.5.75877.5.1.2.1
1.1.5.75914.3
1.1.5.75960.10.4.4
1.1.5.76053.5.1
1.1.5.76172.5.1.7.1
1.1.5.76192.12.4.4.9
1.1.5.76243.5.1.21
1.1.5.76297.5.1.1
1.1.5.76333.5.1
1.1.5.76334.26.1.18
1.1.5.76342.29.5.8
1.1.5.76389.12.1.32
1.1.5.76404.5.1.5
1.1.5.76504.24.2.18.11
1.1.5.76548.11.1.8
1.1.5.76568.5.1.2.2.5.2.6
1.1.5.76604.5.1.2.2
1.1.5.76613.5.1.3
1.1.5.76629.12.6.16.15
1.1.5.76653.15
1.1.5.76672.5.1.2.7
1.1.5.76702.5.1.1.5.43.3.43
1.1.5.76758.10.4.4.4
1.1.5.76762.5.1.2.1
1.1.5.76880.10.1.7.1
1.1.5.76962.11.2.22
1.1.5.76963.16.4.6.23
1.1.5.76990.10.1.5
1.1.5.77077.39.1.32
1.1.5.77102.13.3.18
1.1.5.77108.17.2.4
1.1.5.77204.10.1.9.2
1.1.5.77233.5.1.8.2.3.7.13
1.1.5.77271.5.1.1
1.1.5.77296.22.2.5.2.2.2.15.9
1.1.5.77324.8.1.7
1.1.5.77335.29.1.4
1.1.5.77362.5.1.3.1.1.1
1.1.5.77431.5.1.27.1.20.1.7.2
1.1.5.77462.5.1.2.2.10.1
1.1.5.77562.8.1.8
1.1.5.77578.5.1.2.3.11
1.1.5.77609.5.1
1.1.5.77621.15.2.14.2
1.1.5.77627.5.1
1.1.5.77722.29.1.22.8.23
1.1.5.77878.5.1.2.6.4.1.1
1.1.5.77958.5.1.11.1.4.11
1.1.5.77963.5.1.23.1.10.12.11
1.1.5.78003.5.1.2.1.5
1.1.5.78078.5.1
1.1.5.78115.8.1.4
1.1.5.78153.5.1
1.1.5.78186.5.1.9.5
1.1.5.78296.21.1.17
1.1.5.78350.5.1.9.1.8.3
1.1.5.78365.14.1.4.6
1.1.5.78368.35.2.17.12
1.1.5.78385.15.2
1.1.5.78414.5.1.1
1.1.5.78722.5.1
1.1.5.78731.13.1.4.2
1.1.5.78738.15.2.5
1.1.5.78857.11.2.4.8
1.1.5.78881.9.4.4.2
1.1.5.78893.5.1.2.1
1.1.5.78965.3
1.1.5.79038.9.1.4.1
1.1.5.79122.5.1.9.4.14.2
1.1.5.79129.5.1.4.1
1.1.5.79163.17.2.8.2
1.1.5.79249.54.3
1.1.5.79266.5.1.3.1
1.1.5.79402.5.1.2.2.2.1.5
1.1.5.79525.5.1
1.1.5.79633.12.1.8
1.1.5.79741.5.1.2.1.1.1
1.1.5.79755.17.2.8
1.1.5.79799.16.2.25
1.1.5.79886.15.1.8
1.1.5.79906.5.1.6.2.5.1
1.1.5.79914.14.2
1.1.5.79924.5.1.1.6
1.1.5.79944.3
1.1.5.79977.8.3.13.12.4
1.1.5.80030.20.1.10
1.1.5.80031.8.1.4
1.1.5.80130.5.1.3
1.1.5.80168.5.1.2.2
1.1.5.80218.5.1
1.1.5.80236.5.1.5.4
1.1.5.80288.5.1.9
1.1.5.80326.5.1.4.1.1.1.13
1.1.5.80374.5.1.5
1.1.5.80385.13.2
1.1.5.80423.5.1.1.1.2.2.7
1.1.5.80428.5.1
1.1.5.80517.5.1.5.1.7.3.15
1.1.5.80570.46.1.15
1.1.5.80627.10.2.18
1.1.5.80681.16.2.16.1.1
1.1.5.80681.16.2.18.1.4.3.23
1.1.5.80805.5.1
1.1.5.80820.5.1.1.6.16.2
1.1.5.80898.5.1.1.1.1
1.1.5.80943.3
1.1.5.80981.17.2.12.2.6
1.1.5.80985.16.2.9.1
1.1.5.80987.15.4.8.8.2
1.1.5.81031.5.1.4.2
1.1.5.81138.5.1.4
1.1.5.81264.5.1
1.1.5.81325.9.4.4.2
1.1.5.81362.3
1.1.5.81381.5.1.14
1.1.5.81412.10.4.4
1.1.5.81506.5.1
1.1.5.81619.11.5.16
1.1.5.81638.12.4.4.9
1.1.5.81689.5.1.21
1.1.5.81743.5.1.1
1.1.5.81779.5.1
1.1.5.81780.26.1.18
1.1.5.81788.29.5.8
1.1.5.81848.6
1.1.5.81851.5.1.1.1.1.1.35
1.1.5.81956.24.2.18.11
1.1.5.82020.5.1.1.45.36.2.6
1.1.5.82057.35.5.9.29.5.1.1
1.1.5.82083.10.1.20.4
1.1.5.82093.18.2.8
1.1.5.82129.16.2.6.3
1.1.5.82153.5.1.28.1.17
1.1.5.82162.5.1
1.1.5.82188.5.1
1.1.5.82190.13.2.8
1.1.5.82220.10.4.4.4
1.1.5.82224.5.1.2.1
1.1.5.82256.5.1.3.1.1
1.1.5.82290.5.1.2.2.8.1
1.1.5.82345.26.2.15.7
1.1.5.82437.5.1.3.2
1.1.5.82440.9.1.11.10
1.1.5.82517.39.1.32
1.1.5.82633.10.1.9.2
1.1.5.82662.5.1.8.2.3.7.13
1.1.5.82735.27.2.16.11.1
1.1.5.82751.5.1.6
1.1.5.82781.5.1.1.4.67.10
1.1.5.82843.5.1.27.1.20.1.7.2
1.1.5.82874.5.1.2.2.10.1
1.1.5.82940.5.1.7.1
1.1.5.82977.13.1.6.3
1.1.5.82994.5.1.1.7.16
1.1.5.83005.17.1.10
1.1.5.83019.15.2.9.6.17
1.1.5.83038.17.1.5.2
1.1.5.83052.23.4.15.2
1.1.5.83077.19.1.8
1.1.5.83161.17.2
1.1.5.83166.5.1.2.2.2.2
1.1.5.83318.5.1.13
1.1.5.83388.5.1.1.1
1.1.5.83449.5.1.2.1.5
1.1.5.83523.33.1.8
1.1.5.83557.8.1.4
1.1.5.83595.5.1
1.1.5.83628.5.1.9.5
1.1.5.83670.37.2.16.8
1.1.5.83732.21.1.17
1.1.5.83758.5.1
1.1.5.83788.43.1.4
1.1.5.83806.14.1.4.7
1.1.5.83809.35.2.17.12
1.1.5.83826.15.2
1.1.5.83854.19.1.6.1.3
1.1.5.83875.20.8.9.19
1.1.5.84042.5.1
1.1.5.84163.13.2.15.8.9.3.7
1.1.5.84167.15.2.17.7.6
1.1.5.84260.17.1.4.15.6
1.1.5.84278.5.1.6
1.1.5.84343.3
1.1.5.84427.9.1.4.1
1.1.5.84477.5.1
1.1.5.84563.5.1.5.1.4.2.33.31
1.1.5.84572.17.1.8
1.1.5.84615.5.1.14.1.1
1.1.5.84663.5.1.3.1
1.1.5.84713.27.1.4
1.1.5.84800.5.1.1.3.11.6.11
1.1.5.84840.5.1.10.3.8.3.25.5
1.1.5.84856.31.3.25.13
1.1.5.85040.5.1
1.1.5.85148.17.2.8
1.1.5.85191.29.3.19.2.7.4.27
1.1.5.85215.5.1.19.2.42
1.1.5.85263.15.1.8
1.1.5.85293.15.3.5.4.16
1.1.5.85344.5.1.21.12
1.1.5.85370.21.5
1.1.5.85409.15.3.10.4.7.2
1.1.5.85415.5.1
1.1.5.85462.27.1.4
1.1.5.85532.5.1.2.2
1.1.5.85578.5.1.4.2
1.1.5.85581.26.1.18.16.34
1.1.5.85627.27.1.12.13.13.1.13
1.1.5.85666.5.1.4.1.1.1.13
1.1.5.85709.5.1.5
1.1.5.85720.13.2
1.1.5.85760.5.1.1.1.2.2.7
1.1.5.85765.5.1
1.1.5.85812.29.1.16
1.1.5.85918.46.1.15
1.1.5.85965.5.1.1
1.1.5.86040.5.1.8.2.4
1.1.5.86173.5.1
1.1.5.86188.5.1.1.6.16.2
1.1.5.86334.3
1.1.5.86372.27.2.19.2.6
1.1.5.86376.16.2.9.1
1.1.5.86391.5.1.17
1.1.5.86394.5.1
1.1.5.86537.5.1.4
1.1.5.86665.5.1.2.7.7.2
1.1.5.86725.9.4.4.2
1.1.5.86762.3
1.1.5.86852.3
1.1.5.87089.5.1.21
1.1.5.87195.5.1
1.1.5.87196.26.1.18
1.1.5.87204.29.5.8
1.1.5.87247.5.1.3
1.1.5.87259.5.1.2.2.6
1.1.5.87355.24.2.18.11
1.1.5.87399.11.1.8
1.1.5.87419.5.1.2.2.5.2.6
1.1.5.87455.35.5.9.29.5.1.1
1.1.5.87495.18.2.8
1.1.5.87553.5.1.28.1.17
1.1.5.87562.5.1
1.1.5.87589.5.1
1.1.5.87591.13.2.8
1.1.5.87611.6
1.1.5.87625.10.4.4.4
1.1.5.87629.5.1.2.1
1.1.5.87661.5.1.3.1.1
1.1.5.87702.17.3.11.7
1.1.5.87707.3
1.1.5.87741.10.1.7.1
1.1.5.87820.5.1.3.2
1.1.5.87823.9.1.10.10
1.1.5.87921.15.3.10.1
1.1.5.88024.10.1.9.2
1.1.5.88053.5.1.8.2.3.7.13
1.1.5.88109.22.2.5.2.2.2.15.20
1.1.5.88137.8.1.7
1.1.5.88163.10.1.35
1.1.5.88185.5.1.3.1.1.1
1.1.5.88254.5.1.27.1.20.1.7.2
1.1.5.88285.5.1.2.2.10.1
1.1.5.88372.35.1.17.9
1.1.5.88400.5.1.2.3.11
1.1.5.88431.5.1
1.1.5.88443.15.2.14.2
1.1.5.88449.5.1
1.1.5.88553.17.2
1.1.5.88558.5.1.2.2.2.2
1.1.5.88705.8.1.4.10
1.1.5.88787.5.1.11.1.4.11
1.1.5.88792.5.1.23.1.10.12.11
1.1.5.88831.5.1.2.1.5
1.1.5.88902.5.1
1.1.5.88978.5.1
1.1.5.89011.5.1.9.5
1.1.5.89117.11.1.4
1.1.5.89143.5.1
1.1.5.89174.43.1.4
1.1.5.89191.5.1.3.2.9
1.1.5.89223.5.1.1
1.1.5.89334.8.1.5
1.1.5.89539.5.1
1.1.5.89548.13.1.4.2
1.1.5.89555.15.2.5
1.1.5.89651.11.2.4.8
1.1.5.89675.9.4.4.2
1.1.5.89687.5.1.2.1
1.1.5.89762.3
1.1.5.89813.3
1.1.5.89848.9.1.4.1
1.1.5.89905.5.1
1.1.5.89966.17.2.8.2
1.1.5.89978.17.1.8
1.1.5.90021.5.1.14.1.1
1.1.5.90069.5.1.3.1
1.1.5.90106.5.1.4.2.5.2
1.1.5.90205.5.1.2.2.2.1.5
1.1.5.90244.5.1.10.3.8.3.36.14
1.1.5.90318.12.1.7
1.1.5.90421.12.1.8
1.1.5.90525.5.1.2.1.1.1
1.1.5.90583.5.1.5
1.1.5.90591.5.1.21.1
1.1.5.90664.15.1.8
1.1.5.90694.15.3.5.4.16
1.1.5.90747.8.3.13.12.4
1.1.5.90812.15.3.10.4.7.2
1.1.5.90818.5.1
1.1.5.90856.5.1
1.1.5.90872.27.1.4
1.1.5.90912.5.1.3
1.1.5.90950.5.1.2.2
1.1.5.90995.5.1.4.2
1.1.5.90998.26.1.18.16.34
1.1.5.91044.27.1.12.13.13.1.13
1.1.5.91055.17.2.4.2
1.1.5.91075.5.1.4.1.1.1.13
1.1.5.91122.5.1.5
1.1.5.91133.13.2
1.1.5.91174.5.1.1.1.2.2.4
1.1.5.91179.5.1
1.1.5.91265.5.1.18
1.1.5.91320.46.1.15
1.1.5.91377.10.2.18
1.1.5.91437.22.1.10.8.5
1.1.5.91475.5.1.1.1
1.1.5.91598.5.1
1.1.5.91612.5.1.3.1
1.1.5.91619.5.1.1.6.16.2
1.1.5.91668.9.1.4
1.1.5.91777.3
1.1.5.91817.5.1.3.2.9
1.1.5.91822.13.2.14.4
1.1.5.91860.10.3.8
1.1.5.91992.5.1.4
1.1.5.92035.5.1.9.1
1.1.5.92107.5.1.2.7.7.2
1.1.5.92160.5.1.2.1
1.1.5.92193.3
1.1.5.92213.5.1.7.2.3
1.1.5.92345.5.1
1.1.5.92409.6
1.1.5.92428.15.3.6.3
1.1.5.92486.5.1.7.1
1.1.5.92506.12.4.4.9
1.1.5.92555.5.1.8.1.1.2.25
1.1.5.92575.5.1.1.11.1.6.31
1.1.5.92582.19.4.8
1.1.5.92597.5.1.14.9.4
1.1.5.92646.5.1
1.1.5.92647.26.1.18
1.1.5.92655.29.5.8
1.1.5.92693.9.1.9
1.1.5.92721.5.1.2.2.6
1.1.5.92826.24.2.18.11
1.1.5.92885.5.1.1.55.62.2.6
1.1.5.92922.35.5.9.29.5.1.1
1.1.5.92945.24.4.10.1.3.3.7
1.1.5.92995.5.1.2.7
1.1.5.93025.5.1.1.5.43.3.46
1.1.5.93081.10.4.4.4
1.1.5.93085.5.1.2.1
1.1.5.93117.5.1.3.1.1
1.1.5.93120.14.5.26
1.1.5.93215.26.2.15.7
1.1.5.93293.11.2.22
1.1.5.93294.16.4.6.23
1.1.5.93321.10.1.5
1.1.5.93406.5.1
1.1.5.93441.13.1.6.10
1.1.5.93533.10.1.9.2
1.1.5.93562.5.1.8.2.3.7.13
1.1.5.93626.22.2.5.2.2.2.15.34
1.1.5.93654.8.1.7
1.1.5.93680.10.1.35
1.1.5.93697.16.2.10.13
1.1.5.93729.14.1.4
1.1.5.93782.5.1.2.2.10.1
1.1.5.93844.5.1.7.1
1.1.5.93883.3
1.1.5.93904.5.1.1.5.1
1.1.5.93945.17.1.5.2
1.1.5.93959.23.4.15.2
1.1.5.94061.29.1.22.8.50
1.1.5.94254.5.1
1.1.5.94290.15.3.9.4.5.4.6.14
1.1.5.94294.5.1.23.1.13.5.8
1.1.5.94333.5.1.2.1.5
1.1.5.94480.5.1
1.1.5.94513.5.1.9.5
1.1.5.94614.11.1.4
1.1.5.94640.5.1.3.2
1.1.5.94670.43.1.4
1.1.5.94686.5.1.3.2.9
1.1.5.94977.8.1.4
1.1.5.95028.5.1
1.1.5.95037.13.1.4.2
1.1.5.95044.15.2.5
1.1.5.95115.5.1.11.1.3
1.1.5.95119.5.1.7.5
1.1.5.95143.5.1
1.1.5.95166.5.1.6
1.1.5.95231.3
1.1.5.95452.5.1.5.1.4.2.33.19
1.1.5.95461.17.1.8
1.1.5.95504.5.1.14.1.1
1.1.5.95555.5.1.3.1
1.1.5.95592.5.1.4.2.5.2
1.1.5.95605.27.1.4
1.1.5.95681.14.1.4
1.1.5.95693.5.1.2.2.2.1.19
1.1.5.95732.5.1.10.3.8.3.36.16
1.1.5.95910.27.2.24.1.3
1.1.6.28.10.2.19.22
1.1.6.55.17.2.8
1.1.6.97.5.1.5
1.1.6.105.5.1.21.1
1.1.6.129.5.1.7
1.1.6.178.15.1.8
1.1.6.198.5.1.6.2.5.1
1.1.6.206.14.2
1.1.6.216.5.1.1.6
1.1.6.236.11
1.1.6.269.8.3.13.12.4
1.1.6.323.23.1.15
1.1.6.329.10.1.7
1.1.6.386.27.1.4
1.1.6.421.9.2.4.14
1.1.6.438.11.1.5.5
1.1.6.444.25.2.39.2.5.3
1.1.6.488.5.1.4.2
1.1.6.491.26.1.18.16.34
1.1.6.563.5.1.4.1.1.1.9
1.1.6.612.5.1.5
1.1.6.623.13.2
1.1.6.666.5.1.1.1.2.2.4
1.1.6.671.5.1
1.1.6.759.5.1.15.1.10.9.18
1.1.6.812.46.1.15
1.1.6.869.10.2.18
1.1.6.918.16.2.16.1.1
1.1.6.918.16.2.18.1.4.3.31
1.1.6.1064.5.1
1.1.6.1160.5.1.1.1.1
1.1.6.1214.3
1.1.6.1252.17.2.12.2.6
1.1.6.1256.16.2.9.1
1.1.6.1260.13.2.14.4
1.1.6.1472.5.1.9.1
1.1.6.1556.5.1
1.1.6.1617.9.4.4.2
1.1.6.1654.3
1.1.6.1672.53.2.15
1.1.6.1757.3
1.1.6.1993.5.1.21
1.1.6.2097.5.1
1.1.6.2098.26.1.18
1.1.6.2106.29.5.8
1.1.6.2146.12.1.32
1.1.6.2264.24.2.18.11
1.1.6.2332.5.1.2.2.5.2.6
1.1.6.2368.35.5.9.29.5.1.1
1.1.6.2391.24.4.10.1.3.3.7
1.1.6.2441.5.1.2.7
1.1.6.2471.5.1.1.5.43.3.46
1.1.6.2527.10.4.4.4
1.1.6.2531.5.1.2.1
1.1.6.2563.5.1.3.1.1
1.1.6.2627.5.1
1.1.6.2656.26.2.15.7
1.1.6.2741.5.1.16.3.3
1.1.6.2754.11.1.4
1.1.6.2796.5.1.17.10.5.2.3
1.1.6.2833.39.1.32
1.1.6.2942.10.1.9.2
1.1.6.2971.5.1.8.2.3.7.13
1.1.6.3035.22.2.5.2.2.2.15.37
1.1.6.3063.8.1.7
1.1.6.3074.29.1.4
1.1.6.3101.5.1.3.1.1.1
1.1.6.3170.5.1.27.1.20.1.7.2
1.1.6.3201.5.1.2.2.10.1
1.1.6.3240.3
1.1.6.3264.5.1.1.1.1
1.1.6.3301.3
1.1.6.3322.5.1.1.5.1
1.1.6.3362.17.1.5.2
1.1.6.3373.23.4.15.2
1.1.6.3474.29.1.22.8.23
1.1.6.3629.5.1.13
1.1.6.3697.5.1.11.1.4.11
1.1.6.3702.5.1.23.1.10.12.11
1.1.6.3757.5.1.2.1.5
1.1.6.3890.5.1.6.1.13.1.38.33
1.1.6.3901.5.1
1.1.6.3934.5.1.9.5
1.1.6.3976.37.2.16.8
1.1.6.4036.5.1.2.2.40
1.1.6.4065.5.1.3.2
1.1.6.4095.43.1.4
1.1.6.4111.5.1.3.2.9
1.1.6.4143.5.1.1
1.1.6.4328.5.1
1.1.6.4410.8.1.4
1.1.6.4461.5.1
1.1.6.4483.5.1
1.1.6.4602.11.2.4.8
1.1.6.4626.9.4.4.2
1.1.6.4638.5.1.2.1
1.1.6.4713.3
1.1.6.4764.3
1.1.6.4792.9.1.4.1
1.1.6.4849.5.1
1.1.6.4877.5.1.9.4.14.2
1.1.6.4884.5.1.4.1
1.1.6.4920.5.1.2.1.10.4.9.3
1.1.6.4932.5.1
1.1.6.5020.5.1.3.1
1.1.6.5056.5.1.1.4
1.1.6.5182.5.1.1.10.8.3.11
1.1.6.5191.5.1.2.1
1.1.6.5291.12.1.7
1.1.6.5397.5.1.25
1.1.6.5453.5.1.1
1.1.6.5593.16.2.25
1.1.6.5623.5.1.6.8.12
1.1.6.5678.15.1.8
1.1.6.5708.15.3.5.4.16
1.1.6.5758.5.1.4.8
1.1.6.5784.21.5
1.1.6.5823.15.3.10.4.7.2
1.1.6.5829.5.1
1.1.6.5876.27.1.4
1.1.6.5911.9.2.4.14
1.1.6.5928.11.1.5.5
1.1.6.5934.25.2.39.2.5.3
1.1.6.5986.5.1.4.2
1.1.6.5989.26.1.18.16.34
1.2.4.2.1.2.3.6.6
1.2.31.4.2.3.5
1.2.58.8.4.49.4.10.3.16
1.2.110.6.3.9.1.4.1.9
1.2.180.10.5
1.2.194.2.1.9.1.5
1.2.266.2.1.1
1.2.281.20.10
1.2.354.2.1.14.4.3
1.2.421.8.4.11
1.2.659.2.1.11
1.2.770.2.1.4.2.3.3
1.2.810.2.1.2.5.14.3.6
1.2.844.6.3.5.4
1.2.908.2.1.3.1
1.2.990.4.2
1.2.1112.4.2.6.1.14.6
1.2.1151.2.1
1.2.1218.2.1.4.1.3.3
1.2.1248.4.2.6.4
1.2.1398.2.1
1.2.1479.4.2.24.1.14.1
1.2.1698.2.1.2.1.4.2
1.2.1749.4.2.4.3
1.2.1869.8.4.8.4.10.1.27
1.2.1933.6.3.8.5
1.2.1992.2.1.12.4
1.2.2027.2.1.3.3.4.5
1.2.2079.4.2
1.2.2141.2.1.2.2.7
1.2.2267.6.3.6.4.7.2
1.2.2282.2.1.29
1.2.2349.2.1.2.2.2
1.2.2375.2.1
1.2.2399.1
1.2.2406.16.8.17.1.7.1
1.2.2460.2.1.2.1.7
1.2.2546.12.6.32.1
1.2.2610.2.1.1
1.2.2638.4.2.13
1.2.2757.6.3.37.1
1.2.2888.10.5.24.3.14.5.10
1.2.2915.4.2
1.2.2916.2.1.8.1.1
1.2.2941.2.1.37.1.1
1.2.2960.6.3.23.3.10
1.2.2984.2.1.1
1.2.2997.6.3.6.1.2.1
1.2.3084.2.1.5
1.2.3165.4.2.9.1.23.5
1.2.3181.20.10
1.2.3260.4.2.2.3
1.2.3265.4.2.4
1.2.3382.2.1.7
1.2.3433.1
1.2.3557.2.1.3.2.5.4.8
1.2.3573.2.1.6
1.2.3578.2.1.3.2.5.2
1.2.3622.2.1.2.1.16
1.2.3670.6.3.18.2
1.2.3715.1
1.2.3741.8.4.11.3
1.2.3754.2.1.1.1.2
1.2.3762.2.1.2.1
1.2.3883.16.8.22
1.2.3928.4.2.13
1.2.4041.2.1
1.2.4074.2.1.2.2.7
1.2.4126.2.1.3.3.22.1
1.2.4135.6.3.16.3.13.2
1.2.4151.2.1.5.1.2
1.2.4172.5
1.2.4231.6.3.12.2
1.2.4282.6.3.7.5
1.2.4401.2.1.28.1.5.6.27
1.2.4439.6.3.6.4.10
1.2.4523.2.1
1.2.4562.11
1.2.4588.3
1.2.4610.2.1.1.4.3.6
1.2.4680.2.1.3.6
1.2.4686.6.3
1.2.4690.4.2.3.2
1.2.4778.4.2
1.2.5029.2.1.8.1.2.1.2.19
1.2.5032.2.1.1.1.3.1.2
1.2.5087.6.3.14.3.12.8
1.2.5111.2.1.1.3
1.2.5115.10.5.14
1.2.5192.8.4.10.3.16
1.2.5360.2.1
1.2.5553.6.3.5.1
1.2.5671.2.1.22.7
1.2.5672.4.2
1.2.5726.2.1.1.5.6.4
1.2.5769.4.2.4.4.16
1.5.36.8.2.1.17.6.21.1.17
1.5.205.19.2.1.26.3
1.5.336.18.2.1.7
1.5.359.15.2.1.5.4.12
1.5.451.6.2.1.6.4
1.5.512.7.2.1.8.1.28
1.5.634.8.2.1.5
1.5.698.8.2.1
1.5.1154.7.2.1.5.2
1.5.1442.10.2.1.2
1.5.1452.12.2.1.15.2
1.5.1524.15.2.1.9.3
1.5.1580.15.2.1
1.5.1813.8.2.1.4.1
1.5.1893.7.2.1.15.2.2
1.5.1906.12.2.1
1.5.1934.9.2.1.1.1
1.5.2062.8.2.1.8.3
1.5.2131.9.2.1.8.5.23.8
1.5.2334.9.2.1.21.4
1.5.2385.13.2.1.17.11.28
1.5.2394.7.2.1.4.1.2.2.2
1.5.2449.8.2.1.2.2.2
1.5.2491.24.2.1.5.1.7
1.5.2505.16.2.1
1.5.2578.15.2.1.2
1.5.2791.12.2.1.11.8.24.2
1.5.2802.7.2.1.34.3.5.1
1.5.2893.8.2.1.11.3.4
1.5.2906.8.2.1.5.4
1.5.2978.11.2.1.9.4.15
1.5.3123.7.2.1.5.2.12
1.5.3172.7.2.1
1.5.3199.16.2.1
1.5.3227.10.2.1.11.5.24
1.5.3257.11.2.1.4.4.6.3
1.5.3329.21.2.1.2.2.5.1
1.5.3397.14.2.1.10.1
1.5.3426.7.2.1.10.6.27.7
1.5.3491.6.2.1
1.5.3504.8.2.1.7.1.1.1.1
1.5.3626.6.2.1.20.1.36.3.10
1.5.3637.20.2.1
1.5.3660.8.2.1.8.9
1.5.3677.12.2.1.17.4
1.5.3766.8.2.1.4.1.2.2
1.5.3779.7.2.1.1
1.5.3824.9.2.1.15.1.6.1
1.5.4043.13.2.1.1.1
1.5.4047.12.2.1.7
1.5.4217.7.2.1.4.4
1.5.4339.8.2.1.37.10
1.5.4641.8.2.1
1.5.4682.15.2.1
1.5.4692.11.2.1.2.2.3.2
1.5.4697.10.2.1.14.5.10.3.3
1.5.4786.13.2.1.21.4.2
1.5.4851.8.2.1.17.1.1
1.5.5220.11.2.1
1.5.5250.14.2.1.5.2.6
1.5.5309.7.2.1.2.2.15.2.5
1.5.5341.9.2.1.20.1.1.2
1.5.5516.10.2.1
1.5.5744.10.2.1.10
1.5.5915.17.2.1.23.4.5
1.5.5933.7.2.1
1.5.5954.9.2.1.2.10.22.1
1.5.6119.10.2.1.3
1.5.6230.11.2.1
1.5.6247.6.2.1.5.3.3.3.21.49
1.5.6402.9.2.1.4.1.23.2
1.5.6467.15.2.1
1.5.6472.18.2.1.8.2
1.5.6492.10.2.1.18
1.5.6542.9.2.1.7.1
1.5.6643.6.2.1.5.1.1.1.5.36
1.5.6714.9.2.1
1.5.6771.10.2.1.9
1.5.6873.10.2.1.3
1.5.7074.11.2.1.40.1
1.5.7103.10.2.1.39.8.12
1.5.7143.14.2.1
1.5.7197.25.2.1
1.5.7316.8.2.1.9.2
1.5.7337.11.2.1.12.7
1.5.7356.10.2.1.1
1.5.7477.10.2.1.5.3.7.2.3
1.5.7481.11.2.1.19
1.5.7506.11.2.1.5.1.8
1.5.7584.19.2.1.36.2.6.13.33.9
1.5.7630.7.2.1.3.1.6
1.5.7650.10.2.1.4.1.15.5
1.5.7756.8.2.1.5
1.5.7825.6.2.1.2.2
1.5.7879.13.2.1.4.1
1.5.7919.6.2.1.5
1.5.7991.16.2.1
1.5.8275.7.2.1.13.4.10.3.4
1.5.8578.9.2.1.12
1.5.8604.6.2.1.10.2.18
1.5.8661.15.2.1.9.3
1.5.8793.36.2.1.3.3.17
1.5.8959.8.2.1.4.1
1.5.9041.7.2.1.15.2.2
1.5.9054.12.2.1
1.5.9082.9.2.1.1.1
1.5.9274.9.2.1.8.5.37.10
1.5.9478.9.2.1.21.4
1.5.9529.13.2.1.17.11.28
1.5.9538.7.2.1.4.1.2.2.2
1.5.9597.8.2.1.2.2.2
1.5.9639.24.2.1.5.1.7
1.5.9653.16.2.1
1.5.9707.7.2.1
1.5.9721.19.2.1.9.7.16
1.5.9781.12.2.1
1.5.9848.9.2.1.3.2.5
1.5.9915.12.2.1.11.8.24.2
1.5.9926.7.2.1.34.3.5.1
1.5.10018.7.2.1.18.4.10.5
1.5.10098.16.2.1.27.8.18
1.5.10245.7.2.1.5.2.12
1.5.10351.10.2.1.38.5.29
1.5.10381.11.2.1.4.4.6.3
1.5.10449.21.2.1.2.2.5.1
1.5.10513.14.2.1.10.1
1.5.10542.7.2.1.10.6.27.7
1.5.10603.6.2.1
1.5.10614.8.2.1.11.1.1.1.1
1.5.10729.6.2.1.20.1.37.3.10
1.5.10740.20.2.1
1.5.10763.8.2.1.8.9
1.5.10859.11.2.1.7.2.8
1.5.10861.24.2.1.15.2.7.1
1.5.10883.7.2.1.1
1.5.10929.9.2.1.7
1.5.11068.11.2.1
1.5.11129.6.2.1.7
1.5.11239.14.2.1.6.4.10.8
1.5.11265.7.2.1.4.4
1.5.11387.8.2.1.37.10
1.5.11566.9.2.1.10.4
1.5.11697.15.2.1
1.5.11707.11.2.1.2.2.3.2
1.5.11712.10.2.1.14.5.10.3.3
1.5.11784.26.2.1
1.5.11795.13.2.1.21.7.3
1.5.11865.8.2.1.17.1.1
1.5.11976.14.2.1.13.2.4
1.5.12224.11.2.1
1.5.12256.6.2.1.2.2.5
1.5.12330.7.2.1.2.2.15.2.5
1.5.12355.9.2.1.15.1.1.8
1.5.12528.10.2.1
1.5.12753.10.2.1.16
1.5.12925.24.2.1.9
1.5.13139.11.2.1.11.3.9.4.14
1.5.13262.11.2.1
1.5.13279.6.2.1.5.3.3.3.21.40
1.5.13444.9.2.1.4.1.23.2
1.5.13509.15.2.1
1.5.13540.10.2.1.15
1.5.13592.9.2.1.7.1
1.5.13650.6.2.1.4.3
1.5.13749.9.2.1
1.5.13866.7.2.1.3.1
1.5.13892.10.2.1.2
1.5.13904.8.2.1.4.2.27.7
1.5.14055.12.2.1.2.1.29
1.5.14102.13.2.1.3
1.5.14144.14.2.1.12
1.5.14183.14.2.1
1.5.14239.10.2.1.11.2.2.1.24
1.5.14406.19.2.1.26.3
1.5.14537.18.2.1.7
1.5.14560.11.2.1.5.1.8
1.5.14638.19.2.1.36.2.6.13.33.9
1.5.14814.8.2.1.5
1.5.14877.8.2.1
1.5.14963.5.2.1.37.7.21.5.17
1.5.15076.8.2.1.2.4.12.1
1.5.15317.6.2.1.12.2.6.2.19
1.5.15644.11.2.1.5.4.8.6.10
1.5.15655.13.2.1.27.7.21.2.17.60
1.5.15727.15.2.1.9.3
1.5.15752.9.2.1.5.5
1.5.16042.8.2.1.4.1
1.5.16112.7.2.1.15.2.2
1.5.16125.12.2.1
1.5.16149.9.2.1.1.1
1.5.16281.8.2.1.8.3
1.5.16350.19.2.1.2.2
1.5.16528.8.2.1.2.4
1.5.16570.9.2.1.21.4
1.5.16621.13.2.1.17.11.28
1.5.16630.7.2.1.4.1.2.2.2
1.5.16689.8.2.1.2.2.2
1.5.16724.7.2.1.10
1.5.16738.16.2.1
1.5.16788.9.2.1.11.8.21.2
1.5.16801.15.2.1.2
1.5.17010.5.2.1.6.1
1.5.17019.12.2.1.11.8.23.2
1.5.17030.7.2.1.34.3.5.1
1.5.17124.7.2.1.18.4.10.5
1.5.17204.16.2.1.27.8.18
1.5.17291.9.2.1.8.6.18
1.5.17384.13.2.1.6.3
1.5.17522.8.2.1
1.5.17565.19.2.1.26.1
1.5.17598.8.2.1.2.1.3
1.5.17650.14.2.1.10.1
1.5.17679.7.2.1.10.6.27.7
1.5.17744.6.2.1
1.5.17759.13.2.1.6
1.5.17858.6.2.1.20.1.36.3.10
1.5.17898.11.2.1.6.1.7.3.35
1.5.17920.6.2.1.4.1.28.1
1.5.18002.8.2.1.4.1.2.2
1.5.18015.7.2.1.1
1.5.18063.33.2.1.9.2
1.5.18271.13.2.1.1.1
1.5.18275.12.2.1.7
1.5.18441.7.2.1.4.4
1.5.18571.8.2.1.48.10
1.5.18905.7.2.1.7
1.5.18978.13.2.1.21.4.2
1.5.19048.8.2.1.17.1.1
1.5.19162.14.2.1.10.2.4
1.5.19402.11.2.1
1.5.19437.6.2.1
1.5.19448.10.2.1
1.5.19502.12.2.1.6.4.6.1.20
1.5.19526.9.2.1.15.1.1.8
1.5.20091.24.2.1.9
1.5.20244.10.2.1.10
1.5.20298.11.2.1.11.3.9.3.37
1.5.20408.7.2.1.2.18.70.2
1.5.20434.6.2.1.5.3.3.3.21.50
1.5.20589.9.2.1.4.1.23.2
1.5.20660.15.2.1
1.5.20665.18.2.1.8.2
1.5.20685.10.2.1.18
1.5.20742.9.2.1.7.1
1.5.20795.6.2.1.4.3
1.5.20882.9.2.1
1.5.20939.10.2.1.9
1.5.21040.10.2.1.2
1.5.21256.7.2.1.2
1.5.21298.14.2.1.12
1.5.21347.14.2.1
1.5.21401.25.2.1
1.5.21541.6.2.1.1.1
1.5.21680.18.2.1.7
1.5.21703.15.2.1.5.4.12
1.5.21795.6.2.1.6.4
1.5.21856.7.2.1.8.1.28
1.5.21973.8.2.1.5
1.5.22036.8.2.1
1.5.22122.8.2.1.39
1.5.22225.8.2.1.2.4.12.1
1.5.22466.7.2.1.13.4.10.3.4
1.5.22606.6.2.1.2.1.5.2
1.5.22771.9.2.1.12
1.5.22780.24.2.1.24.3
1.5.22862.15.2.1.8.3
1.5.22887.9.2.1.5.5
1.5.22988.36.2.1.3.3.30
1.5.23157.8.2.1.4.1
1.5.23233.7.2.1.15.2.2
1.5.23246.12.2.1
1.5.23274.9.2.1.1.1
1.5.23398.8.2.1.8.3
1.5.23467.19.2.1.2.2
1.5.23713.13.2.1.17.11.28
1.5.23722.7.2.1.4.1.2.2.2
1.5.23781.8.2.1.2.2.2
1.5.23816.7.2.1.10
1.5.23830.16.2.1
1.5.23884.7.2.1
1.5.23962.12.2.1
1.5.24027.9.2.1.3.2.5
1.5.24085.9.2.1.20.4.11.1
1.5.24110.7.2.1.22.3.5.1
1.5.24208.9.2.1.6
1.5.24218.8.2.1.5.4
1.5.24288.16.2.1.27.8.18
1.5.24475.7.2.1
1.5.24599.8.2.1
1.5.24642.19.2.1.26.1
1.5.24664.14.2.1.9
1.5.24737.11.2.1.25.5.18.1.5.19
1.5.24758.10.2.1.24
1.5.24807.13.2.1.6
1.5.24921.6.2.1.20.1.37.3.10
1.5.24961.11.2.1.6.1.7.3.35
1.5.24983.6.2.1.4.1.28.1
1.5.25057.11.2.1.7.2.8
1.5.25059.24.2.1.15.2.7.1
1.5.25081.7.2.1.1
1.5.25279.11.2.1
1.5.25337.9.2.1.8.3.4
1.5.25605.8.2.1.37.10
1.5.25909.8.2.1
1.5.25948.15.2.1
1.5.25958.11.2.1.2.2.3.2
1.5.25963.10.2.1.14.5.10.3.3
1.5.26038.26.2.1
1.5.26049.13.2.1.21.7.3
1.5.26227.14.2.1.13.2.4
1.5.26495.14.2.1.5.2.6
1.5.26557.12.2.1.6.4.6.1.13
1.5.26588.9.2.1.20.1.1.2
1.5.26884.37.2.1.10.2
1.5.26955.10.2.1.10
1.5.27006.6.2.1.4.4.14.2.19
1.5.27119.24.2.1.9
1.5.27272.10.2.1.10
1.5.27342.11.2.1.11.3.9.3.15
1.5.27465.11.2.1
1.5.27482.6.2.1.5.3.3.3.21.41
1.5.27647.9.2.1.4.1.23.2
1.5.27697.20.2.1
1.5.27718.12.2.1.33.2.6.1
1.5.27740.10.2.1.15
1.5.27790.9.2.1.7.1
1.5.27954.9.2.1
1.5.28102.10.2.1.2
1.5.28273.12.2.1.2.1.52
1.5.28322.11.2.1.40.1
1.5.28351.10.2.1.39.8.12
1.5.28391.14.2.1
1.5.28445.25.2.1
1.5.28569.14.2.1
1.5.28608.19.2.1.26.3
1.5.28686.9.2.1
1.5.28720.18.2.1.7
1.5.28743.15.2.1.5.4.12
1.5.28821.19.2.1.36.2.6.13.33.14
1.5.29004.8.2.1.5
1.5.29067.8.2.1
1.5.29637.6.2.1.2.1.5.2
1.5.29827.14.2.1.12.4.9
1.5.29838.15.2.1.5.5.10.3.9.33
1.5.29849.7.2.1.1
1.5.29857.9.2.1.3.1.1
1.5.29905.15.2.1.9.3
1.5.29930.9.2.1.5.5
1.5.30038.36.2.1.3.3.25
1.5.30121.11.2.1.3.4.18.6
1.5.30233.8.2.1.4.1
1.5.30303.7.2.1.15.2.2
1.5.30316.12.2.1
1.5.30340.9.2.1.1.1
1.5.30468.8.2.1.8.3
1.5.30537.9.2.1.8.5.23.8
1.5.30548.7.2.1.7.9
1.5.30589.6.2.1
1.5.30816.13.2.1.17.11.28
1.5.30825.7.2.1.4.1.2.2.2
1.5.30884.8.2.1.2.2.2
1.5.30926.24.2.1.5.1.7
1.5.31018.15.2.1.2
1.5.31215.12.2.1.11.8.24.2
1.5.31226.7.2.1.34.3.5.1
1.5.31282.8.2.1.9.6.16
1.5.31318.15.2.1.1.5.16.7.36
1.5.31326.8.2.1.5.4
1.5.31396.16.2.1.27.8.18
1.5.31477.8.2.1.18.5.10.2
1.5.31541.7.2.1.5.2.12
1.5.31593.7.2.1
1.5.31703.11.2.1.13.6.8.5
1.5.31756.19.2.1.26.1
1.5.31789.8.2.1.2.1.2
1.5.31861.11.2.1.8.3.6.1.5.13
1.5.31925.6.2.1
1.5.31936.8.2.1.11.1.1.1.1
1.5.32058.6.2.1.20.1.37.3.10
1.5.32069.20.2.1
1.5.32092.8.2.1.8.9
1.5.32188.11.2.1.7.2.8
1.5.32190.24.2.1.15.2.7.1
1.5.32212.7.2.1.1
1.5.32221.6.2.1.8.5
1.5.32265.9.2.1.7
1.5.32413.11.2.1
1.5.32474.9.2.1.8.3.4
1.5.32748.8.2.1.48.10
1.5.33069.15.2.1
1.5.33079.11.2.1.2.2.3.2
1.5.33084.10.2.1.14.5.10.3.3
1.5.33173.13.2.1.21.4.2
1.5.33243.8.2.1.17.1.1
1.5.33359.14.2.1.13.2.4
1.5.33609.11.2.1
1.5.33635.13.2.1.33.2.39
1.5.33694.7.2.1.2.2.15.2.5
1.5.33726.9.2.1.20.1.1.2
1.5.34115.8.2.1.10.3.17
1.5.34123.14.2.1.4.1.8.3.12
1.5.34290.17.2.1.23.4.5
1.5.34308.7.2.1
1.5.34406.10.2.1
1.5.34491.11.2.1.11.3.9.3.17
1.5.34610.11.2.1
1.5.34627.6.2.1.5.3.3.3.21.9
1.5.34781.6.2.1.34.1
1.5.34808.7.2.1.14.4
1.5.34878.8.2.1.3.1
1.5.34888.14.2.1
1.5.34891.13.2.1.10.5.14.1
1.5.34929.10.2.1.18
1.5.34983.9.2.1.7.1
1.5.35086.6.2.1.5.1.1.1.5.35
1.5.35156.9.2.1
1.5.35210.10.2.1.9
1.5.35308.10.2.1.3
1.5.35512.7.2.1.2
1.5.35554.14.2.1.12
1.5.35595.14.2.1
1.5.35651.10.2.1.11.2.2.1.24
1.5.35818.19.2.1.26.3
1.5.35939.14.2.1.21.3.30
1.5.35965.15.2.1.5.4.12
1.5.36043.19.2.1.36.2.6.13.33.14
1.5.36089.7.2.1.3.1.6
1.5.36109.10.2.1.4.1.15.5
1.5.36210.8.2.1.5
1.5.36273.8.2.1
1.5.36359.8.2.1.39
1.5.36687.6.2.1.12.2.6.2.10
1.5.37011.10.2.1.2
1.5.37021.12.2.1.15.2
1.5.37095.15.2.1.9.3
1.5.37120.9.2.1.5.5
1.5.37271.5.2.1.4.4
1.5.37380.8.2.1.4.1
1.5.37450.7.2.1.15.2.2
1.5.37463.12.2.1
1.5.37491.9.2.1.1.1
1.5.37620.8.2.1.8.3
1.5.37689.19.2.1.2.2
1.5.37738.6.2.1
1.5.37906.9.2.1.21.4
1.5.37957.13.2.1.17.11.28
1.5.37966.7.2.1.4.1.2.2.2
1.5.38025.8.2.1.2.2.2
1.5.38060.7.2.1.10
1.5.38074.16.2.1
1.5.38149.9.2.1.12.4.19.13.49
1.5.38209.12.2.1
1.5.38276.9.2.1.3.2.5
1.5.38349.12.2.1.11.8.24.2
1.5.38360.7.2.1.34.3.5.1
1.5.38379.6.2.1.14.1.2.4
1.5.38403.8.2.1.10.1.5
1.5.38438.7.2.1.18.4.10.5
1.5.38518.16.2.1.27.8.18
1.5.38710.7.2.1
1.5.38828.8.2.1
1.5.38871.19.2.1.26.1
1.5.38904.8.2.1.2.1.3
1.5.38973.11.2.1.25.5.18.1.5.8
1.5.39044.13.2.1.6
1.5.39156.6.2.1.6.1.4.3.10
1.5.39167.20.2.1
1.5.39190.8.2.1.8.9
1.5.39207.12.2.1.17.4
1.5.39284.11.2.1.7.2.8
1.5.39286.24.2.1.15.2.7.1
1.5.39308.7.2.1.1
1.5.39362.9.2.1.7
1.5.39510.11.2.1
1.5.39571.9.2.1.8.3.4
1.5.39613.7.2.1.4.4.8
1.5.39678.14.2.1.6.4.10.8
1.5.39704.7.2.1.4.4
1.5.39834.8.2.1.48.10
1.5.40144.7.2.1.7
1.5.40222.13.2.1.29.4.31
1.5.40292.8.2.1.17.1.1
1.5.40312.14.2.1.3.1.3.1
1.5.40654.11.2.1
1.5.40680.13.2.1.33.2.39
1.5.40739.7.2.1.2.2.15.2.5
1.5.40771.9.2.1.20.1.1.2
1.5.40939.10.2.1
1.5.41328.24.2.1.9
1.5.41443.10.2.1
1.5.41653.11.2.1
1.5.41670.6.2.1.5.3.3.3.21.43
1.5.41824.6.2.1.34.1
1.5.41851.7.2.1.14.4
1.5.41921.8.2.1.3.1
1.5.41931.14.2.1
1.5.41934.13.2.1.10.5.14.1
1.5.41972.10.2.1.18
1.5.42031.9.2.1.7.1
1.5.42183.9.2.1
1.5.42292.7.2.1.3.1
1.5.42318.10.2.1.2
1.5.42330.8.2.1.4.2.27.7
1.5.42505.12.2.1.2.1.18
1.5.42555.11.2.1.19.1
1.5.42589.10.2.1.28.8.12
1.5.42633.14.2.1
1.5.42689.10.2.1.11.2.2.1.24
1.5.42982.29.2.1.1.5.5.1.9
1.5.43002.19.2.1.31.3
1.5.43012.11.2.1.5.1.8
1.5.43104.6.2.1.6.4
1.5.43285.8.2.1.5
1.5.43349.8.2.1
1.5.43784.7.2.1.13.4.10.3.4
1.5.43926.6.2.1.2.1.5.2
1.5.44102.9.2.1.12
1.5.44111.24.2.1.23.3
1.5.44114.14.2.1.45.3
1.5.44126.16.2.1.5
1.5.44187.15.2.1.8.3
1.5.44319.36.2.1.3.3.17
1.5.44501.8.2.1.4.1
1.5.44578.7.2.1.17.2.2
1.5.44591.12.2.1
1.5.44619.9.2.1.1.1
1.5.44810.9.2.1.8.5.23.8
1.5.44821.7.2.1.7.9
1.5.45007.7.2.1.17.1.3.3.30
1.5.45057.13.2.1.17.11.28
1.5.45066.7.2.1.4.1.2.2.2
1.5.45125.8.2.1.2.2.2
1.5.45167.24.2.1.5.1.7
1.5.45181.16.2.1
1.5.45235.7.2.1
1.5.45249.19.2.1.9.7.16
1.5.45309.12.2.1
1.5.45436.5.2.1.6.1
1.5.45445.12.2.1.11.8.23.2
1.5.45456.7.2.1.34.3.5.1
1.5.45557.8.2.1.8.3.4
1.5.45570.8.2.1.5.4
1.5.45642.11.2.1.9.4.15
1.5.45780.7.2.1.5.2.12
1.5.45829.7.2.1
1.5.45901.7.2.1.20
1.5.45936.11.2.1.4.4.6.3
1.5.45989.19.2.1.26.1
1.5.46013.7.2.1.9.2.32
1.5.46084.11.2.1.8.3.6.1.5.8
1.5.46161.14.2.1.4
1.5.46280.6.2.1.20.1.37.3.10
1.5.46320.11.2.1.6.1.7.3.35
1.5.46342.6.2.1.4.1.28.1
1.5.46416.11.2.1.7.2.8
1.5.46418.24.2.1.15.2.7.1
1.5.46440.7.2.1.1
1.5.46485.9.2.1.15.1.6.1
1.5.46652.11.2.1
1.5.46711.7.2.1.9
1.5.46849.14.2.1.6.4.10.8
1.5.46890.7.2.1.4.4
1.5.47020.8.2.1.48.10
1.5.47286.8.2.1
1.5.47325.15.2.1
1.5.47335.11.2.1.2.2.3.2
1.5.47340.10.2.1.14.5.10.3.3
1.5.47415.13.2.1.21.4.2
1.5.47485.8.2.1.17.1.1
1.5.47498.11.2.1.14.6
1.5.47592.14.2.1.10.2.4
1.5.47842.11.2.1
1.5.47855.7.2.1.1
1.5.47877.6.2.1
1.5.47888.10.2.1
1.5.47939.7.2.1.2.2.15.2.5
1.5.47971.9.2.1.20.1.1.2
1.5.48283.37.2.1.10.2
1.5.48363.14.2.1.14.5.24
1.5.48371.15.2.1.4.1
1.5.48517.24.2.1.9
1.5.48662.10.2.1.10
1.5.48726.11.2.1.11.3.9.4.14
1.5.48838.7.2.1.2.18.60.2
1.5.48864.6.2.1.5.3.3.3.21.42
1.5.49031.7.2.1.36.9
1.5.49116.15.2.1
1.5.49121.18.2.1.8.2
1.5.49141.10.2.1.18
1.5.49191.9.2.1.7.1
1.5.49282.6.2.1.5.1.1.1.5.51
1.5.49344.9.2.1
1.5.49487.7.2.1.9.6.27
1.5.49662.12.2.1.2.1.18
1.5.49709.7.2.1.2
1.5.49751.14.2.1.12
1.5.49800.14.2.1
1.5.49854.25.2.1
1.5.49997.6.2.1.1.1
1.5.50136.18.2.1.7
1.5.50159.15.2.1.5.4.12
1.5.50251.6.2.1.6.4
1.5.50445.8.2.1.5
1.5.50509.8.2.1
1.5.50926.6.2.1.12.2.6.2.10
1.5.51064.6.2.1.2.1.5.2
1.5.51232.9.2.1.12
1.5.51241.24.2.1.24.3
1.5.51319.15.2.1.9.3
1.5.51462.36.2.1.3.3.25
1.5.51532.8.2.1.2.2.12.1
1.5.51636.8.2.1.4.1
1.5.51718.7.2.1.15.2.2
1.5.51731.12.2.1
1.5.51755.9.2.1.1.1
1.5.51887.8.2.1.8.3
1.5.51956.9.2.1.8.5.23.8
1.5.52213.13.2.1.17.11.28
1.5.52222.7.2.1.4.1.2.2.2
1.5.52284.8.2.1.2.2.2
1.5.52326.24.2.1.5.1.7
1.5.52340.16.2.1
1.5.52411.9.2.1.7.4.13.5.40
1.5.52430.8.2.1.9.4.5
1.5.52480.12.2.1
1.5.52614.5.2.1.6.1
1.5.52623.12.2.1.11.8.23.2
1.5.52634.7.2.1.34.3.5.1
1.5.52728.7.2.1.18.4.10.5
1.5.52808.16.2.1.27.8.18
1.5.52902.9.2.1.8.6.18
1.5.53011.7.2.1
1.5.53068.10.2.1.38.5.29
1.5.53112.8.2.1
1.5.53155.19.2.1.26.1
1.5.53177.14.2.1.9
1.5.53226.46.2.1.3.1
1.5.53255.7.2.1.10.6.27.7
1.5.53320.6.2.1
1.5.53335.13.2.1.6
1.5.53453.20.2.1
1.5.53476.8.2.1.8.9
1.5.53493.12.2.1.17.4
1.5.53570.11.2.1.7.2.8
1.5.53572.24.2.1.15.2.7.1
1.5.53594.7.2.1.1
1.5.53603.6.2.1.8.5
1.5.53849.13.2.1.1.1
1.5.53853.12.2.1.7
1.5.54001.14.2.1.6.4.10.8
1.5.54147.8.2.1.48.10
1.5.54352.8.2.1.7.1
1.5.54482.7.2.1.7
1.5.54555.13.2.1.21.4.2
1.5.54994.11.2.1
1.5.55032.6.2.1
1.5.55091.7.2.1.2.2.15.2.5
1.5.55116.9.2.1.15.1.1.8
1.5.55280.10.2.1
1.5.55496.10.2.1.16
1.5.55658.24.2.1.9
1.5.55811.10.2.1.10
1.5.55993.11.2.1
1.5.56010.6.2.1.5.3.3.3.21.44
1.5.56175.9.2.1.4.1.23.2
1.5.56240.15.2.1
1.5.56245.18.2.1.8.2
1.5.56265.10.2.1.18
1.5.56311.9.2.1.7.1
1.5.56472.9.2.1
1.5.56620.10.2.1.2
1.5.56628.8.2.1.24.3.3.5
1.5.56754.19.2.1.13
1.5.56799.12.2.1.2.1.18
1.5.56849.11.2.1.19.1
1.5.56878.14.2.1.12
1.5.56927.14.2.1
1.5.56981.25.2.1
1.5.57144.19.2.1.26.3
1.5.57271.14.2.1.21.3.30
1.5.57297.15.2.1.5.4.12
1.5.57375.19.2.1.36.2.6.13.33.14
1.5.57449.10.2.1.2.1.14.2
1.5.57550.8.2.1.5
1.5.57614.8.2.1
1.5.57658.13.2.1.4.1
1.5.57698.6.2.1.5
1.5.57799.8.2.1.2.4.12.1
1.5.58033.6.2.1.12.2.6.2.42
1.5.58174.6.2.1.2.1.5.2
1.5.58349.10.2.1.2
1.5.58359.12.2.1.15.2
1.5.58500.15.2.1
1.5.58574.36.2.1.3.3.17
1.5.58765.8.2.1.4.1
1.5.58838.7.2.1.17.2.2
1.5.58851.12.2.1
1.5.58879.9.2.1.1.1
1.5.59008.8.2.1.8.3
1.5.59077.9.2.1.8.5.23.8
1.5.59088.7.2.1.7.9
1.5.59294.9.2.1.21.4
1.5.59345.13.2.1.17.11.28
1.5.59354.7.2.1.4.1.2.2.2
1.5.59413.8.2.1.2.2.2
1.5.59448.7.2.1.10
1.5.59462.16.2.1
1.5.59535.15.2.1.2
1.5.59614.12.2.1
1.5.59742.5.2.1.6.1
1.5.59751.12.2.1.11.8.23.2
1.5.59762.7.2.1.34.3.5.1
1.5.59856.7.2.1.18.4.10.5
1.5.59936.16.2.1.27.8.18
1.5.60076.7.2.1.5.2.12
1.5.60125.7.2.1
1.5.60196.7.2.1.20
1.5.60226.11.2.1.4.4.6.3
1.5.60279.19.2.1.26.1
1.5.60303.7.2.1.9.2.32
1.5.60374.11.2.1.8.3.6.1.5.8
1.5.60392.10.2.1.15
1.5.60437.24.2.1.9.5.16
1.5.60445.7.2.1
1.5.60571.6.2.1.20.1.36.3.10
1.5.60611.11.2.1.6.1.7.3.35
1.5.60726.8.2.1.4.1.2.2
1.5.60739.7.2.1.1
1.5.60787.23.2.1.7
1.5.60949.11.2.1
1.5.61010.6.2.1.7
1.5.61275.8.2.1.48.10
1.5.61584.7.2.1.7
1.5.61669.13.2.1.21.4.2
1.5.61857.14.2.1.13.2.4
1.5.62109.11.2.1
1.5.62122.7.2.1.1
1.5.62144.6.2.1
1.5.62155.10.2.1
1.5.62206.7.2.1.2.2.15.2.5
1.5.62238.9.2.1.20.1.1.2
1.5.62402.10.2.1
1.5.62639.8.2.1.10.3.17
1.5.62647.14.2.1.4.1.8.3.12
1.5.62813.17.2.1.23.4.5
1.5.62831.7.2.1
1.5.62852.9.2.1.2.10.22.1
1.5.63034.11.2.1.11.3.9.3.16
1.5.63104.8.2.1
1.5.63145.11.2.1
1.5.63162.6.2.1.5.3.3.3.21.10
1.5.63316.6.2.1.34.1
1.5.63343.7.2.1.14.4
1.5.63413.8.2.1.3.1
1.5.63423.14.2.1
1.5.63426.13.2.1.10.5.14.1
1.5.63464.10.2.1.18
1.5.63516.9.2.1.7.1
1.5.63672.9.2.1
1.5.63729.10.2.1.9
1.5.63825.7.2.1.9.6.27
1.5.64053.11.2.1.16.1
1.5.64082.10.2.1.39.8.12
1.5.64122.14.2.1
1.5.64178.10.2.1.11.2.2.1.24
1.5.64357.19.2.1.26.3
1.5.64408.14.2.1
1.5.64495.29.2.1.1.5.5.1.9
1.5.64515.19.2.1.31.3
1.5.64525.11.2.1.5.1.8
1.5.64603.19.2.1.36.2.6.13.33.9
1.5.64774.8.2.1.5
1.5.64837.8.2.1
1.5.64923.5.2.1.37.7.21.5.17
1.5.65412.6.2.1.2.1.5.2
1.5.65606.10.2.1.2
1.5.65615.10.2.1.11.5.13.4
1.5.65634.11.2.1.2.3.10
1.5.65692.15.2.1.9.3
1.5.65717.9.2.1.5.5
1.5.65840.36.2.1.3.3.17
1.5.66009.8.2.1.4.1
1.5.66089.7.2.1.15.2.2
1.5.66102.12.2.1
1.5.66126.9.2.1.1.1
1.5.66254.8.2.1.8.3
1.5.66323.9.2.1.8.5.23.8
1.5.66560.13.2.1.17.11.28
1.5.66569.7.2.1.4.1.2.2.2
1.5.66628.8.2.1.2.2.2
1.5.66670.24.2.1.5.1.7
1.5.66684.16.2.1
1.5.66752.13.2.1.17
1.5.66949.5.2.1.6.1
1.5.66958.12.2.1.11.8.23.2
1.5.66969.7.2.1.34.3.5.1
1.5.67067.9.2.1.6
1.5.67077.8.2.1.5.4
1.5.67148.11.2.1.9.4.15
1.5.67346.7.2.1
1.5.67456.11.2.1.13.6.8.5
1.5.67509.19.2.1.26.1
1.5.67533.7.2.1.9.2.32
1.5.67605.11.2.1.25.5.18.1.5.8
1.5.67681.10.2.1.3.3.8
1.5.67802.6.2.1.20.1.37.3.10
1.5.67813.20.2.1
1.5.67836.8.2.1.8.9
1.5.67853.12.2.1.17.4
1.5.67938.8.2.1.4.1.2.2
1.5.67951.7.2.1.1
1.5.67996.9.2.1.15.1.6.1
1.5.68172.11.2.1
1.5.68233.9.2.1.8.3.4
1.5.68366.14.2.1.6.4.10.8
1.5.68392.7.2.1.4.4
1.5.68514.8.2.1.37.10
1.5.68705.8.2.1.3.1.4.2.23
1.5.68812.7.2.1.7
1.5.68876.26.2.1
1.5.68887.13.2.1.21.7.5
1.5.68957.8.2.1.17.1.1
1.5.69071.14.2.1.13.2.4
1.5.69354.14.2.1.5.2.6
1.5.69413.7.2.1.2.2.15.2.5
1.5.69445.9.2.1.20.1.1.2
1.5.69821.10.2.1.4
1.5.69912.9.2.1.12.2
1.5.70009.17.2.1.23.4.5
1.5.70027.7.2.1
1.5.70125.10.2.1
1.5.70329.11.2.1
1.5.70346.6.2.1.5.3.3.3.21.110
1.5.70500.6.2.1.34.1
1.5.70527.7.2.1.14.4
1.5.70597.8.2.1.3.1
1.5.70607.14.2.1
1.5.70610.13.2.1.10.5.14.1
1.5.70648.10.2.1.18
1.5.70693.9.2.1.7.1
1.5.70847.9.2.1
1.5.70997.10.2.1.3
1.5.71218.13.2.1.35.4.11
1.5.71254.14.2.1.12
1.5.71293.14.2.1
1.5.71347.25.2.1
1.5.71518.19.2.1.26.3
1.5.71597.9.2.1
1.5.71629.10.2.1.5.3.7.2.3
1.5.71633.11.2.1.19
1.5.71658.11.2.1.5.1.8
1.5.71750.6.2.1.6.4
1.5.71937.8.2.1.5
1.6.1.8.2.1
1.6.95.8.2.1.9
1.6.295.8.2.1.10.4.28.1
1.6.381.8.2.1.10
1.6.498.8.2.1.13
1.6.544.8.2.1.3.2.15
1.6.600.8.2.1.34
1.6.872.8.2.1.8.2.3.7
1.6.901.8.2.1.1.7
1.6.984.8.2.1
1.6.1130.8.2.1.3.5
1.6.1375.8.2.1.5
1.6.1419.8.2.1.8.1.2.11
1.6.1506.8.2.1.18.1
1.6.1837.8.2.1.5
1.6.1929.8.2.1.31.2.3.10.11
1.6.1948.8.2.1.8.5.8
1.6.1970.8.2.1
1.6.2019.8.2.1.3
1.6.2069.8.2.1.1.4.18
1.6.2166.8.2.1
1.6.2178.8.2.1.9.3.14
1.6.2223.8.2.1.21.2
1.6.2296.8.2.1
1.6.2389.8.2.1.3.1.10
1.6.2452.8.2.1.7
1.6.2475.8.2.1.7.5.2.1.7
1.6.2496.8.2.1.3.8.28.5
1.6.2683.8.2.1.8.1
1.6.2778.8.2.1.6.2.12
1.6.2940.8.2.1.16
1.6.3019.8.2.1
1.6.3059.8.2.1.6.1.5
1.6.3224.8.2.1.5.1.14.3.5
1.6.3268.8.2.1.2.1.2.2
1.6.3343.8.2.1.24.8.28.3.10
1.6.3380.8.2.1.3
1.6.3413.8.2.1.2.1
1.6.3499.8.2.1.13.8
1.6.3505.8.2.1
1.6.3520.8.2.1.4.3.6.3
1.6.3538.8.2.1.1.1.13
1.6.3605.8.2.1.4.3.9.2
1.6.3617.8.2.1.2
1.6.3715.8.2.1.6.3
1.6.3893.8.2.1.2.2.4.2.2
1.6.3930.8.2.1.6.3.21
1.6.4147.8.2.1
1.6.4179.8.2.1
1.6.4184.8.2.1.12.8.18.4
1.6.4289.8.2.1.6.3.6.2
1.6.4412.8.2.1.12.1
1.6.4424.8.2.1.19.1.16.1.21
1.6.4527.8.2.1.4.2.4.2.19.10
1.6.4536.8.2.1.20.11.21
1.6.4636.8.2.1.49.6
1.6.4679.8.2.1.13.1.13.2.4
1.6.4715.8.2.1.4
1.6.4802.8.2.1.10.2
1.6.5015.8.2.1.1.1
1.6.5115.8.2.1.22.1
1.6.5148.8.2.1.22
1.6.5227.8.2.1.14
1.6.5262.8.2.1.1.1.7.3
1.6.5629.8.2.1.16.4.9.2
1.6.5710.8.2.1.2.1.2.2.5
1.6.5718.8.2.1.9
1.6.5733.8.2.1
1.6.5765.8.2.1.2
1.6.5795.8.2.1.23
1.6.5828.8.2.1.6.1.1.12
1.6.5858.8.2.1.8.4
1.6.5883.8.2.1.5.2
1.6.5908.8.2.1.20
1.6.5976.8.2.1.6.3.4.3.2
1.6.6007.8.2.1
1.6.6019.8.2.1
1.6.6124.8.2.1.1.1.3.2.8
1.6.6259.8.2.1.2.2.3
1.6.6276.8.2.1.8.1
1.6.6295.8.2.1.7.2.3.2.9.17
1.6.6334.8.2.1.6.1
1.6.6378.8.2.1.22.1.1.2.1
1.6.6469.8.2.1.6.5.6.1
1.6.6745.8.2.1.17.2.17.3
1.6.6882.8.2.1.3
1.6.6902.8.2.1.2.1
1.6.6983.8.2.1.6
1.6.7231.8.2.1.3.1
1.6.7266.8.2.1.18.6
1.6.7419.8.2.1.10.2
1.6.7425.8.2.1
1.6.7503.8.2.1.5.1
1.6.7601.8.2.1.26.3
1.6.7622.8.2.1.34.4
1.6.7725.8.2.1.1.3.3.7.12
1.6.7766.8.2.1.1.7
1.6.7868.8.2.1.11.1.7.1.6.4
1.6.7953.8.2.1.1.3.13
1.6.8013.8.2.1.6
1.6.8102.8.2.1.3.3
1.6.8657.8.2.1.23.1.21.2.23
1.6.8772.8.2.1.1.1
1.6.9044.8.2.1.45.2.4
1.6.9053.8.2.1.64.2
1.6.9073.8.2.1.1.5
1.6.9154.8.2.1
1.6.9304.8.2.1.4.2.24.2
1.6.9379.8.2.1.5.4.17.8
1.6.9570.8.2.1.4.2.16.6.9
1.6.9627.8.2.1.8.1.2.7
1.6.9715.8.2.1.18.1
1.6.9818.8.2.1
1.6.9941.8.2.1.16.1.19.2.23
1.6.10076.8.2.1.5
1.6.10168.8.2.1.31.2.3.10.11
1.6.10252.8.2.1.3
1.6.10302.8.2.1.1.4.18
1.6.10391.8.2.1.5
1.6.10413.8.2.1.22.4.21.9.18
1.6.10453.8.2.1.21.2
1.6.10525.8.2.1
1.6.10618.8.2.1.3.1.10
1.6.10648.8.2.1.4.5.15
1.6.10682.8.2.1.7
1.6.10705.8.2.1.7.5.2.1.7
1.6.10726.8.2.1.3.8.28.5
1.6.10875.8.2.1
1.6.10916.8.2.1.22.3
1.6.11018.8.2.1.6.2.12
1.6.11147.8.2.1.3.1.7
1.6.11251.8.2.1
1.6.11291.8.2.1.6.1.5
1.6.11453.8.2.1.14.3.15
1.6.11578.8.2.1.24.8.28.3.10
1.6.11619.8.2.1.3
1.6.11652.8.2.1.2.1
1.6.11700.8.2.1.13.2.4.2.6
1.6.11723.8.2.1.13.8
1.6.11744.8.2.1.4.3.6.3
1.6.11762.8.2.1.1.1.13
1.6.11815.8.2.1.9.1.3.3.6.13
1.6.11931.8.2.1.6.3
1.6.12162.8.2.1.6.3.21
1.6.12413.8.2.1.6.2.16.1
1.6.12420.8.2.1.13.5.19.2
1.6.12513.8.2.1.6.3.6.2
1.6.12645.8.2.1.17
1.6.12762.8.2.1.4.2.4.2.19.37
1.6.12771.8.2.1.20.11.21
1.6.12872.8.2.1.49.6
1.6.12915.8.2.1.13.1.13.2.4
1.6.12952.8.2.1.4
1.6.13043.8.2.1.20.2
1.6.13261.8.2.1.2.6
1.6.13354.8.2.1.22.1
1.6.13452.8.2.1.14
1.6.13487.8.2.1.1.1.7.3
1.6.13828.8.2.1
1.6.13919.8.2.1.2
1.6.13929.8.2.1.4.2.4.3.7
1.6.13954.8.2.1.7.1
1.6.13968.8.2.1.5.3.12
1.6.14000.8.2.1.6.5.10.3.8
1.6.14055.8.2.1.12.3
1.6.14083.8.2.1.5.2
1.6.14108.8.2.1.20
1.6.14176.8.2.1.6.3.4.3.2
1.6.14337.8.2.1.10.1.11
1.6.14465.8.2.1.2.2.3
1.6.14482.8.2.1.8.1
1.6.14501.8.2.1.7.2.3.2.9.8
1.6.14543.8.2.1.6.1
1.6.14584.8.2.1.22.1.1.2.1
1.6.14695.8.2.1.8.1.1.1
1.6.14749.8.2.1
1.6.14770.8.2.1.2.1.8.2
1.6.14858.8.2.1
1.6.15001.8.2.1
1.6.15062.8.2.1.16.1.7.3
1.6.15118.8.2.1.6.1.20
1.6.15144.8.2.1.12.4
1.6.15235.8.2.1.3.2.7
1.6.15462.8.2.1.3.1
1.6.15497.8.2.1.18.6
1.6.15652.8.2.1.10.2
1.6.15658.8.2.1
1.6.15738.8.2.1.5.1
1.6.15840.8.2.1.26.3
1.6.15946.8.2.1.15.1.6.4
1.6.15947.8.2.1.17.2.3.1.12
1.6.15973.8.2.1.22.3.30.5.7
1.6.15979.8.2.1
1.6.16101.8.2.1.11.1.7.1.15.11
1.6.16182.8.2.1.1.3.13
1.6.16242.8.2.1.6
1.6.16295.8.2.1
1.6.16328.8.2.1.3.3
1.6.16429.8.2.1.2.2
1.6.16451.8.2.1.10.10.32.11
1.6.16471.8.2.1.1.2.4.4.7
1.6.16598.8.2.1.9.6
1.6.16895.8.2.1.23.1.21.2.23
1.6.17257.8.2.1.13.5.18.11.46.3
1.6.17262.8.2.1.1.1
1.6.17280.8.2.1.1.7
1.6.17329.8.2.1.5.2.5.2
1.6.17509.8.2.1.4.2.24.2
1.6.17789.8.2.1.4.2.16.6.24
1.6.17848.8.2.1.8.1.2.4
1.6.17891.8.2.1.4
1.6.17938.8.2.1.18.1
1.6.18041.8.2.1
1.6.18283.8.2.1.5
1.6.18375.8.2.1.31.2.3.10.11
1.6.18499.8.2.1.1.4.18
1.6.18588.8.2.1.5
1.6.18606.8.2.1.28.4.16.16.39
1.6.18741.8.2.1
1.6.18844.8.2.1.44.1.1
1.6.18868.8.2.1.4.5.15
1.6.18903.8.2.1.6
1.6.18926.8.2.1.7.5.2.1.23
1.6.18947.8.2.1.3.8.28.5
1.6.19073.8.2.1.4.3.15.2.45
1.6.19144.8.2.1.22.3
1.6.19246.8.2.1.6.2.12
1.6.19368.8.2.1.6.2.48
1.6.19476.8.2.1
1.6.19516.8.2.1.6.1.5
1.6.19605.8.2.1.26.1.9.1.6.18
1.6.19673.8.2.1.14.3.15
1.6.19772.8.2.1.6.3.7
1.6.19805.8.2.1.8.4.22.3.1
1.6.19839.8.2.1.3
1.6.19933.8.2.1.1.1.2.2.4.7
1.6.19956.8.2.1.32
1.6.19969.8.2.1.1.1
1.6.20007.8.2.1.4.3.9.2
1.6.20019.8.2.1.2
1.6.20117.8.2.1.6.3
1.6.20217.8.2.1.2.2.5.3
1.6.20293.8.2.1.2.2.4.2.2
1.6.20340.8.2.1.1.1.3
1.6.20595.8.2.1.6.5
1.6.20606.8.2.1.1.1.28.8.19.43
1.6.20758.8.2.1.28.9
1.6.20849.8.2.1.12.1.24.1.11
1.6.20954.8.2.1.4.2.4.2.19.10
1.6.20963.8.2.1.20.11.21
1.6.21063.8.2.1.49.6
1.6.21112.8.2.1.8
1.6.21119.8.2.1.11.2
1.6.21143.8.2.1.20.1.3.1
1.6.21235.8.2.1.10.2
1.6.21448.8.2.1.2.6
1.6.21541.8.2.1.22.1
1.6.21562.8.2.1.6.4.11
1.6.21637.8.2.1.14
1.6.21680.8.2.1.4.6
1.6.22014.8.2.1.7.6.10.2
1.6.22101.8.2.1.2
1.6.22111.8.2.1.4.2.4.3.7
1.6.22136.8.2.1.7.1
1.6.22150.8.2.1.5.3.12
1.6.22185.8.2.1.6.5.10.3.10
1.6.22201.8.2.1
1.6.22218.8.2.1.23.1.1.6
1.6.22267.8.2.1.5.2
1.6.22292.8.2.1.20
1.6.22360.8.2.1.6.3.4.3.2
1.6.22391.8.2.1
1.6.22403.8.2.1
1.6.22513.8.2.1.1.1.3.2.8
1.6.22661.8.2.1.2.2.3
1.6.22678.8.2.1.8.1
1.6.22697.8.2.1.7.2.3.2.9.22
1.6.22736.8.2.1.6.1
1.6.22778.8.2.1.22.1.1.2.1
1.6.22875.8.2.1.19.1.1.1
1.6.22955.8.2.1.2.1.8.2
1.6.23037.8.2.1
1.6.23172.8.2.1.18.4
1.6.23274.8.2.1.13.6.21.1
1.6.23371.8.2.1.6.1
1.6.23386.8.2.1.5.4.15
1.6.23637.8.2.1
1.6.23651.8.2.1.22
1.6.23661.8.2.1.10.4
1.6.23821.8.2.1.4.2
1.6.23821.8.2.1.5.1.1.1.5
1.6.23908.8.2.1.5.1
1.6.24010.8.2.1.26.3
1.6.24031.8.2.1.34.4
1.6.24103.8.2.1.29.7
1.6.24141.8.2.1.2.1
1.6.24143.8.2.1.2.2.3.1.6
1.6.24176.8.2.1.30.3.42.5.46
1.6.24182.8.2.1
1.6.24281.8.2.1.11.1.7.1.6.4
1.6.24361.8.2.1.1.3.13
1.6.24421.8.2.1.6
1.6.24474.8.2.1
1.6.24507.8.2.1.3.3
1.6.24684.8.2.1.1.2.4.4.24
1.6.24809.8.2.1.9.6
1.6.24958.8.2.1.19.6.15
1.6.25070.8.2.1.13
1.6.25182.8.2.1.1.1
1.6.25438.8.2.1.15.6
1.6.25466.8.2.1.1.7
1.6.25515.8.2.1.5.2.5.2
1.6.25685.8.2.1.4.2.24.2
1.6.25953.8.2.1.4.2.16.6.9
1.6.26012.8.2.1.8.1.2.4
1.6.26060.8.2.1.4
1.6.26107.8.2.1.18.1
1.6.26533.8.2.1.31.2.3.10.11
1.6.26552.8.2.1.8.5.8
1.6.26574.8.2.1
1.6.26623.8.2.1.3
1.6.26673.8.2.1.1.4.18
1.6.26794.8.2.1
1.6.26809.8.2.1.1.1.3
1.6.27023.8.2.1.44.1.1
1.6.27047.8.2.1.4.5.15
1.6.27102.8.2.1.7.2.10
1.6.27130.8.2.1.10.1.1
1.6.27251.8.2.1.4.3.15.2.45
1.6.27321.8.2.1.22.3
1.6.27423.8.2.1.6.2.12
1.6.27554.8.2.1.20
1.6.27662.8.2.1
1.6.27702.8.2.1.6.1.5
1.6.27716.8.2.1.26.3
1.6.27789.8.2.1.12.1.20.9
1.6.27864.8.2.1.5.1.21.4.6
1.6.27973.8.2.1.6.3.4
1.6.28006.8.2.1.8.4.22.3.1
1.6.28040.8.2.1.3
1.6.28073.8.2.1.2.1
1.6.28159.8.2.1.13.8
1.6.28165.8.2.1
1.6.28180.8.2.1.4.3.6.3
1.6.28198.8.2.1.1.1.13
1.6.28263.8.2.1.7.1.3.3.6.7
1.6.28379.8.2.1.6.3
1.6.28556.8.2.1.2.2.4.2.2
1.6.28593.8.2.1.6.3.21
1.6.28870.8.2.1.6.2.16.1
1.6.28877.8.2.1.13.5.19.2
1.6.29233.8.2.1.5.2
1.6.29240.8.2.1
1.6.29247.8.2.1.1.1.15.2.27
1.6.29320.8.2.1
1.6.29419.8.2.1.8
1.6.29426.8.2.1.11.2
1.6.29454.8.2.1.4
1.6.29547.8.2.1.10.2
1.6.29754.8.2.1.2.6
1.6.29849.8.2.1.22.1
1.6.29870.8.2.1.6.4.11
1.6.29945.8.2.1.14
1.6.29980.8.2.1.1.1.7.3
1.6.30323.8.2.1.16.4.9.2
1.6.30404.8.2.1.3.3.6.3.14
1.6.30413.8.2.1.24.4.18
1.6.30441.8.2.1.7.1
1.6.30455.8.2.1.5.3.12
1.6.30486.8.2.1.23
1.6.30509.8.2.1.7.1.1.5
1.6.30531.8.2.1.12.3
1.6.30559.8.2.1.5.2
1.6.30584.8.2.1.20
1.6.30652.8.2.1.6.3.4.3.2
1.6.30805.8.2.1.1.1.3.2.8
1.6.30973.8.2.1.7.2.7.2.9.16
1.6.31012.8.2.1.6.1
1.6.31054.8.2.1.22.1.1.2.1
1.6.31165.8.2.1.19.1.1.1
1.6.31433.8.2.1.18.4
1.6.31689.8.2.1.3.2.7
1.6.31921.8.2.1.7
1.6.31931.8.2.1.10.4
1.6.32093.8.2.1.10.2
1.6.32099.8.2.1
1.6.32177.8.2.1.5.1
1.6.32275.8.2.1.26.3
1.6.32296.8.2.1.34.4
1.6.32367.8.2.1.39.15
1.6.32396.8.2.1.2.1
1.6.32398.8.2.1.2.2.3.1.11
1.6.32431.8.2.1.30.3.40.5.52
1.6.32437.8.2.1
1.6.32547.8.2.1.4.1.1.1
1.6.32553.8.2.1
1.6.32634.8.2.1.1.3.13
1.6.32639.8.2.1.5.4
1.6.32744.8.2.1
1.6.32777.8.2.1.3.3
1.6.32824.8.2.1.4
1.6.32919.8.2.1.30.2.8
1.6.33321.8.2.1.23.1.21.2.23
1.6.33427.8.2.1.7.2.3.1
1.6.33436.8.2.1.5.1.11.3
1.6.33698.8.2.1.13.5.18.11.35.37
1.6.33703.8.2.1.1.1
1.6.33721.8.2.1.1.7
1.6.34209.8.2.1.5
1.6.34253.8.2.1.8.1.2.11
1.6.34296.8.2.1.4
1.6.34343.8.2.1.18.1
1.6.34554.8.2.1.35.1.28.2.20
1.6.34759.8.2.1.31.2.3.10.11
1.6.34833.8.2.1.15.3.7
1.6.34863.8.2.1.10.2.4.4
1.6.34871.8.2.1.7.4.10.5.7
1.6.34992.8.2.1
1.6.35004.8.2.1.5.4.50.9.22
1.6.35044.8.2.1.21.2
1.6.35114.8.2.1
1.6.35210.8.2.1.3.1.10
1.6.35240.8.2.1.4.5.15
1.6.35274.8.2.1.7
1.6.35297.8.2.1.7.5.2.1.7
1.6.35318.8.2.1.3.8.28.5
1.6.35444.8.2.1.4.3.15.2.45
1.6.35515.8.2.1.22.3
1.6.35617.8.2.1.6.2.12
1.6.35756.8.2.1.4
1.6.35908.8.2.1.6.1.5
1.6.35989.8.2.1.26.1.9.1.6.9
1.6.36060.8.2.1.4
1.6.36180.8.2.1.6.2.5.3.10
1.6.36217.8.2.1.3
1.6.36282.8.2.1.13.2.4.2.48
1.6.36311.8.2.1.13.8
1.6.36317.8.2.1
1.6.36332.8.2.1.4.3.6.3
1.6.36350.8.2.1.1.1.13
1.6.36417.8.2.1.4.3.9.2
1.6.36429.8.2.1.2
1.6.36527.8.2.1.6.3
1.6.36754.8.2.1.6.3.21
1.6.37021.8.2.1
1.6.37026.8.2.1.12.8.18.4
1.6.37191.8.2.1.28.9
1.6.37266.8.2.1.20
1.6.37388.8.2.1.5.2
1.6.37395.8.2.1
1.6.37402.8.2.1.1.1.15.2.18
1.6.37471.8.2.1.8.1
1.6.37569.8.2.1.6.1.2.6.33
1.6.37588.8.2.1.20.1.3.1
1.6.37687.8.2.1.10.2
1.6.37893.8.2.1.10.1.21.3.17
1.6.37917.8.2.1.4.2.3.1.3
1.6.37930.8.2.1.12.5
1.6.38011.8.2.1.22.1
1.6.38037.8.2.1.6.4.11
1.6.38112.8.2.1.14
1.6.38499.8.2.1.16.4.9.2
1.6.38573.8.2.1.5
1.6.38587.8.2.1.5
1.6.38602.8.2.1
1.6.38622.8.2.1.7.1
1.6.38636.8.2.1.5.3.12
1.6.38665.8.2.1.23
1.6.38688.8.2.1.7.1.1.5
1.6.38738.8.2.1.5.2
1.6.38763.8.2.1.20
1.6.38816.8.2.1.9.1.3.3
1.6.38860.8.2.1
1.6.38978.8.2.1.1.1.3.2.8
1.6.39126.8.2.1.2.2.3
1.6.39143.8.2.1.8.1
1.6.39162.8.2.1.7.2.3.2.9.13
1.6.39211.8.2.1.8.1
1.6.39257.8.2.1.22.1.1.2.1
1.6.39350.8.2.1.8.1.1.1
1.6.39446.8.2.1.9.5
1.6.39598.8.2.1.4.4.12.5
1.6.39675.8.2.1.16.4.11.6
1.6.39794.8.2.1.6.1.13
1.6.39910.8.2.1.3.2.7
1.6.40162.8.2.1.7
1.6.40172.8.2.1.10.4
1.6.40331.8.2.1.10.2
1.6.40337.8.2.1
1.6.40415.8.2.1.5.1
1.6.40513.8.2.1.26.3
1.6.40534.8.2.1.34.4
1.6.40606.8.2.1.29.7
1.6.40631.8.2.1.2.1
1.6.40633.8.2.1.2.2.3.1.14
1.6.40666.8.2.1.30.3.40.5.54
1.6.40672.8.2.1
1.6.40777.8.2.1.11.1.7.1.6.4
1.6.40862.8.2.1.1.3.13
1.6.40922.8.2.1.6
1.6.40975.8.2.1
1.6.41008.8.2.1.3.3
1.6.41139.8.2.1.11.5
1.6.41191.8.2.1.6.4.11
1.6.41492.8.2.1.10
1.6.41612.8.2.1.23.1.21.2.23
1.6.41653.8.2.1.3.2.15
1.6.41978.8.2.1.13.5.18.11.68.34
1.6.41983.8.2.1.1.1
1.6.42001.8.2.1.1.7
1.6.42505.8.2.1.4.2.16.6.11
1.6.42564.8.2.1.8.1.2.4
1.6.42607.8.2.1.37
1.6.42666.8.2.1.18.1
1.6.42736.8.2.1.5.1.19
1.6.42776.8.2.1
1.6.42896.8.2.1.32.1.28.2.21
1.6.43105.8.2.1.31.2.3.10.11
1.6.43192.8.2.1.3
1.6.43242.8.2.1.1.4.18
1.6.43345.8.2.1.5
1.6.43372.8.2.1.1.1.3.1.32
1.6.43425.8.2.1.21.2
1.6.43579.8.2.1.3.1.10
1.6.43609.8.2.1.4.5.15
1.6.43664.8.2.1.7.2.10
1.6.43692.8.2.1.3.1.4
1.6.43815.8.2.1.4.3.15.2.45
1.6.43885.8.2.1.22.3
1.6.43989.8.2.1.6.2.12
1.6.44106.8.2.1.3.1.37
1.6.44252.8.2.1.6.1.5
1.6.44343.8.2.1.26.1.9.1.6.15
1.6.44411.8.2.1.14.3.15
1.6.44531.8.2.1.24.8.28.3.10
1.6.44572.8.2.1.3
1.6.44605.8.2.1.2.1
1.6.44691.8.2.1.13.8
1.6.44697.8.2.1
1.6.44712.8.2.1.4.3.6.3
1.6.44730.8.2.1.1.1.13
1.6.44783.8.2.1.9.1.3.3.6.13
1.6.44899.8.2.1.6.3
1.6.45132.8.2.1.1.1.3
1.6.45394.8.2.1
1.6.45399.8.2.1.12.8.18.4
1.6.45443.8.2.1.8.1
1.6.45595.8.2.1.1.1
1.6.45607.8.2.1.12.1.15.1.24
1.6.45709.8.2.1.4.2.4.2.19.10
1.6.45718.8.2.1.20.11.21
1.6.45782.8.2.1.8.1
1.6.45881.8.2.1.8
1.6.45888.8.2.1.11.2
1.6.45917.8.2.1.6.3
1.6.46016.8.2.1.10.2
1.6.46218.8.2.1.2.6
1.6.46311.8.2.1.22.1
1.6.46330.8.2.1
1.6.46343.8.2.1.6.4.11
1.6.46414.8.2.1.6
1.6.46453.8.2.1.4.11
1.6.46778.8.2.1
1.6.46861.8.2.1.1
1.6.46869.8.2.1.6.5.14
1.6.46886.8.2.1.18.3
1.6.46909.8.2.1.2
1.6.46937.8.2.1.27
1.6.46971.8.2.1.6.1.1.6
1.6.47021.8.2.1.5.2
1.6.47046.8.2.1.20
1.6.47114.8.2.1.6.3.4.3.2
1.6.47145.8.2.1
1.6.47269.8.2.1.1.1.3.2.8
1.6.47319.8.2.1
1.6.47417.8.2.1.3.3.3.2.15.12
1.6.47425.8.2.1.13.1
1.6.47444.8.2.1.7.2.3.2.9.13
1.6.47486.8.2.1.6.1
1.6.47531.8.2.1.22.1.1.2.1
1.6.47624.8.2.1.8.1.1.1
1.6.47720.8.2.1.9.5
1.6.47895.8.2.1.18.4
1.6.48021.8.2.1.6.1.13
1.6.48058.8.2.1.9
1.6.48135.8.2.1.3.2.6.2.17
1.6.48153.8.2.1
1.6.48393.8.2.1.7
1.6.48403.8.2.1.10.4
1.6.48554.8.2.1.10.2
1.6.48560.8.2.1
1.6.48640.8.2.1.5.1
1.6.48742.8.2.1.26.3
1.6.48763.8.2.1.34.4
1.6.48834.8.2.1.39.15
1.6.48858.8.2.1.2.1
1.6.48860.8.2.1.2.2.3.1.6
1.6.48893.8.2.1.30.3.40.5.46
1.6.48899.8.2.1
1.6.48985.8.2.1.11.1.7.1.6.4
1.6.49066.8.2.1.1.3.13
1.6.49111.8.2.1.2.1
1.6.49166.8.2.1
1.6.49199.8.2.1.3.3
1.6.49311.8.2.1.6.6
1.6.49363.8.2.1.29.1.4
1.6.49489.8.2.1.9.6
1.6.49660.8.2.1.10
1.6.49782.8.2.1.2.2.5
1.6.49784.8.2.1
1.6.49899.8.2.1.1.1
1.6.50138.8.2.1.11.4.13
1.6.50147.8.2.1.30.2
1.6.50167.8.2.1.1.5
1.6.50216.8.2.1.5.2.5.2
1.6.50396.8.2.1.4.2.24.2
1.6.50673.8.2.1.5
1.6.50717.8.2.1.8.1.2.11
1.6.50861.8.2.1.8.5
1.6.50898.8.2.1
1.6.51006.8.2.1.35.1.28.2.21
1.6.51130.8.2.1.5
1.6.51222.8.2.1.31.2.3.10.11
1.6.51306.8.2.1.3
1.6.51356.8.2.1.1.4.18
1.6.51463.8.2.1.22.4.12.8.15
1.6.51587.8.2.1
1.6.51688.8.2.1.2.1.1
1.6.51720.8.2.1.13.1.2
1.6.51771.8.2.1.7.2.10
1.6.51799.8.2.1.10.1.1
1.6.51982.8.2.1.8.1
1.6.52077.8.2.1.6.2.12
1.6.52200.8.2.1.3.1.37
1.6.52344.8.2.1.6.1.5
1.6.52635.8.2.1.24.8.28.3.10
1.6.52676.8.2.1.3
1.6.52746.8.2.1.7.3.12.5.6
1.6.52769.8.2.1.13.8
1.6.52790.8.2.1.4.3.6.3
1.6.52808.8.2.1.1.1.13
1.6.52871.8.2.1.8.11.20.4.24.8
1.6.52875.8.2.1.6.3
1.6.52886.8.2.1.2
1.6.52984.8.2.1.6.3
1.6.53194.8.2.1.6.3.21
1.6.53460.8.2.1.6.2.16.1
1.6.53467.8.2.1.13.5.19.2
1.6.53717.8.2.1.7.3.3.2.5
1.6.53842.8.2.1.5.2
1.6.53849.8.2.1
1.6.53856.8.2.1.1.1.15.2.18
1.6.53923.8.2.1.8.1
1.6.54022.8.2.1.8
1.6.54029.8.2.1.11.2
1.6.54058.8.2.1
1.6.54153.8.2.1.10.2
1.6.54358.8.2.1.10.1.21.3.17
1.6.54370.8.2.1.2.6
1.6.54463.8.2.1.22.1
1.6.54484.8.2.1.6.4.11
1.6.54555.8.2.1.6
1.6.54591.8.2.1.10.2
1.6.54879.8.2.1.3.1
1.6.54916.8.2.1.16.4.9.2
1.6.55004.8.2.1.2
1.6.55014.8.2.1.4.2.4.3.7
1.6.55039.8.2.1.7.1
1.6.55053.8.2.1.5.3.12
1.6.55080.8.2.1.27
1.6.55114.8.2.1.6.1.1.6
1.6.55153.8.2.1.12.2
1.6.55192.8.2.1.20
1.6.55260.8.2.1.6.3.4.3.2
1.6.55398.8.2.1.1.1.3.2.8
1.6.55551.8.2.1.2.2.3
1.6.55568.8.2.1.8.1
1.6.55587.8.2.1.7.2.3.2.9.6
1.6.55629.8.2.1.6.1
1.6.55670.8.2.1.22.1.1.2.1
1.6.55767.8.2.1.19.1.1.1
1.6.56127.8.2.1.16.1.7.3
1.6.56285.8.2.1.3
1.6.56546.8.2.1.19
1.6.56556.8.2.1.10.4
1.6.56717.8.2.1.10.2
1.6.56723.8.2.1
1.6.56803.8.2.1.5.1
1.6.56897.8.2.1.26.3
1.6.56918.8.2.1.34.4
1.6.57036.8.2.1.2.1
1.6.57038.8.2.1.2.2.3.1.16
1.6.57071.8.2.1.30.3.40.5.56
1.6.57077.8.2.1
1.6.57195.8.2.1.11.1.7.1.6.4
1.6.57273.8.2.1.1.3.13
1.6.57333.8.2.1.6
1.6.57421.8.2.1.3.3
1.6.57468.8.2.1.4
1.6.57529.8.2.1.30.3
1.6.57551.8.2.1.10.10.32.11
1.6.57696.8.2.1.9.6
1.6.57990.8.2.1.23.1.21.2.23
1.6.58105.8.2.1.1.1
1.6.58351.8.2.1.11.4.13
1.6.58360.8.2.1.1.10.27.1.7.27
1.6.58378.8.2.1.1.5
1.6.58421.8.2.1.5.2.5.2
