1.1.1.6.22.2.20.5.7.1
1.1.1.43.17.4.7.2.6.1.2
1.1.1.85.9.4.4.6.4
1.1.1.147.5.1.4.1.36.11.12
1.1.1.151.13.4.9.10.39
1.1.1.156.35.2.17.31.50
1.1.1.220.5.1.1.26.18.1
1.1.1.270.9.1.6
1.1.1.326.9.2.4.3
1.1.1.327.14.3.8.1.1
1.1.1.347.5.1.16
1.1.1.485.13.3.39.1.11.2.21
1.1.1.490.5.1.5.2.12.3.26
1.1.1.513.15.2
1.1.1.517.5.1.1.1.1
1.1.1.559.5.1.35.1.9
1.1.1.589.5.1
1.1.1.609.3
1.1.1.619.12.1.6.5
1.1.1.626.16.1.5.3.6
1.1.1.700.18.2.4.3
1.1.1.735.5.1.3.1
1.1.1.997.5.1
1.1.1.1119.14.3
1.1.1.1217.5.1.3.3
1.1.1.1273.40.2.20.1.3.3
1.1.1.1574.5.1.5.2.23.2.2
1.1.1.1579.28.1.30.13
1.1.1.1589.39.1.18
1.1.1.1656.5.1.1
1.1.1.1665.5.1.4.2.3
1.1.1.1833.9.2.11
1.1.1.1855.15.2
1.1.1.1916.5.1.1.2.31
1.1.1.2013.5.1
1.1.1.2027.5.1.1.1.5.4.11
1.1.1.2049.29.1.14
1.1.1.2082.5.1
1.1.1.2122.5.1
1.1.1.2200.16
1.1.1.2357.5.1.1.5.42.2.39
1.1.1.2401.8.1.4.6
1.1.1.2412.17.2.7.2.17
1.1.1.2426.22.2.30.1.35.3
1.1.1.2445.5.1.3.5.20.4
1.1.1.2556.5.1.8
1.1.1.2639.24.2.6.14
1.1.1.2741.16.4.6.7.11
1.1.1.2781.5.1.3.2.13.7.6
1.1.1.2927.3
1.1.1.2927.12.1.5.10
1.1.1.2941.22.2.7.4.5.4
1.1.1.2943.9.1.17
1.1.1.3120.5.1.6.1.1
1.1.1.3127.13.4.14
1.1.1.3137.24.2.16.13
1.1.1.3226.6
1.1.1.3245.22.3
1.1.1.3251.13.2.5.2.19
1.1.2.3432.22.1.8
1.1.2.3433.10.2.4.4.3
1.1.2.3435.27.3.19.6
1.1.2.3501.10.1.29.9
1.1.2.3616.5.1.1
1.1.2.3638.15.3.14.3
1.1.2.3640.5.1.7.4.4
1.1.2.3648.3
1.1.2.3930.12.1.4.2
1.1.2.3973.5.1.19.3.57
1.1.2.4010.30.2.10.9.39.3
1.1.2.4080.14.2.8.22
1.1.2.4084.5.1
1.1.2.4112.5.1
1.1.2.4185.9.2.9
1.1.2.4224.27.3.10.15.8.1
1.1.2.4237.8.1.5.2
1.1.2.4266.11.2.10.10
1.1.2.4359.10.1.4
1.1.2.4402.5.1.3.2.21.4
1.1.2.4469.14.1.33.9.2.1.4
1.1.2.4488.17.2.34
1.1.2.4559.17.1.17.13
1.1.2.4578.5.1.22.15
1.1.2.4580.25.3.23.16.9.3.16
1.1.2.4582.5.1
1.1.2.4699.15.2.25.1.3
1.1.2.4701.5.1.2.1.2.1.23
1.1.2.4712.14.2.9.1.2.8.39
1.1.2.4721.22.5.9
1.1.2.4774.15.2.13.7
1.1.2.4866.5.1.2.2
1.1.2.4880.5.1.13
1.1.2.4917.5.1.4.2.24.4
1.1.2.4928.5.1
1.1.2.5110.69.2.7.6.17.2.10
1.1.2.5168.5.1
1.1.2.5256.5.1.2
1.1.2.5268.5.1.2.3.3
1.1.2.5285.16.3.6
1.1.2.5298.23.2.15.5
1.1.2.5364.12.2.4.1
1.1.2.5412.6
1.1.2.5420.23.3
1.1.2.5459.9.4.4.6.4
1.1.2.5519.5.1.3.5.7
1.1.2.5524.21.1.4.8
1.1.2.5634.9.1.6
1.1.2.5644.17.2.8
1.1.2.5655.17.1.11
1.1.2.5705.5.1.15
1.1.2.5734.5.1.1
1.1.2.5742.5.1.2.1.2.2.18
1.1.2.5827.34.2.17.15
1.1.2.5883.5.1.2.4.2.1.5
1.1.2.5904.15.2
1.1.2.5908.5.1.1.1.1
1.1.2.5950.5.1.35.1.9
1.1.2.5980.5.1
1.1.2.6004.3
1.1.2.6009.16.2.8.7
1.1.2.6014.21.1.13.11.6
1.1.2.6090.18.2.4.3
1.1.2.6125.6
1.1.2.6237.11.1.9
1.1.2.6381.5.1
1.1.2.6384.15.3.6.1
1.1.2.6517.13.3.19.1.3
1.1.2.6609.5.1.3.3
1.1.2.6636.13.2.12.11
1.1.2.6661.40.2.20.1.3.3
1.1.2.6687.50.2.31.2
1.1.2.6786.5.1
1.1.2.6793.16.1.4
1.1.2.6834.14.3
1.1.2.6943.5.1.5.2.23.2.2
1.1.2.6948.18.1.10.7
1.1.2.6958.39.1.18
1.1.2.7025.5.1.1
1.1.2.7075.17.1.4
1.1.2.7217.9.2.11
1.1.2.7239.15.2
1.1.2.7400.5.1
1.1.2.7414.5.1.1.1.5.4.11
1.1.2.7436.29.1.14
1.1.2.7469.5.1
1.1.2.7510.5.1
1.1.2.7588.16
1.1.2.7659.6
1.1.2.7735.5.1.1
1.1.2.7747.9.1.60
1.1.2.7812.17.2.7.2.23
1.1.2.7826.22.2.30.1.41.4
1.1.2.7845.5.1.3.5.20.4
1.1.2.7874.12.2.11.15
1.1.2.8144.16.4.6.7.11
1.1.2.8146.3
1.1.2.8176.5.1.8.6
1.1.2.8178.5.1.1.5.27
1.1.2.8325.5.1.4.1.12
1.1.2.8335.22.2.7.4.5.4
1.1.2.8337.9.1.17
1.1.2.8514.5.1.6.1.1
1.1.2.8521.13.4.14
1.1.2.8531.24.2.16.13
1.1.2.8831.22.1.8
1.1.2.8832.10.2.4.4.3
1.1.2.8834.27.3.19.6
1.1.2.8905.10.1.29.9
1.1.2.8935.5.1
1.1.2.9022.5.1.1
1.1.2.9067.14.1.4.1
1.1.2.9071.5.1.28.18.17.2
1.1.2.9090.15.3.6.24
1.1.2.9264.22.2.4.1
1.1.2.9272.5.1.3.1
1.1.2.9355.13.2.25.1.10.1.13
1.1.2.9397.5.1.19.3.26
1.1.2.9433.30.2.10.9.16.3
1.1.2.9515.14.2.8.12
1.1.2.9519.5.1
1.1.2.9547.5.1
1.1.2.9619.9.2.9
1.1.2.9634.14.2.10.6
1.1.2.9654.5.1.18.19.10.3
1.1.2.9664.19.3.18.9
1.1.2.9693.11.2.10.10
1.1.2.9712.18.2.13.7.5.2
1.1.2.9838.36.4.6.1.3.4.31.30
1.1.2.9851.5.1.1
1.1.2.9878.52.2
1.1.2.9892.16.3.17.22
1.1.2.9912.35.2.5.5.10.1
1.1.2.10025.5.1.22.15
1.1.2.10027.25.3.23.16.9.3.16
1.1.2.10029.5.1
1.1.2.10153.38.3.29
1.1.2.10154.52.2.36.19.21.6.21
1.1.2.10176.6
1.1.2.10341.14.2.10.4
1.1.2.10359.5.1.13
1.1.2.10595.69.2.7.6.17.2.18
1.1.2.10631.3
1.1.2.10648.5.1
1.1.2.10732.5.1.2
1.1.2.10744.5.1.2.3.3
1.1.2.10761.16.3.6
1.1.2.10776.53.1.11
1.1.2.10781.30.3
1.1.2.10853.12.2.4.1
1.1.2.10909.5.1.11
1.1.2.10927.5.1.19.8
1.1.2.10947.5.1.4.6
1.1.2.11012.5.1.4.1.36.11.12
1.1.2.11016.13.4.9.10.39
1.1.2.11021.35.2.17.31.50
1.1.2.11085.5.1.1.26.18.1
1.1.2.11198.9.2.4.3
1.1.2.11199.14.3.8.1.1
1.1.2.11219.5.1.16
1.1.2.11335.9.1.4
1.1.2.11366.13.3.39.1.11.2.21
1.1.2.11371.5.1.5.2.12.3.26
1.1.2.11392.15.2
1.1.2.11396.5.1.1.1.1
1.1.2.11438.5.1.35.1.9
1.1.2.11468.5.1
1.1.2.11495.3
1.1.2.11505.12.1.6.5
1.1.2.11512.16.1.5.3.6
1.1.2.11586.18.2.4.3
1.1.2.11621.5.1.3.1
1.1.2.11811.15.2.5.10
1.1.2.11812.5.1.1.1.6.2
1.1.2.11840.5.1
1.1.2.11901.12.1.6
1.1.2.11971.5.1.7.1.3.3.12
1.1.2.12022.5.1.1.1.1
1.1.2.12061.5.1.3.3
1.1.2.12093.5.1.1.2.2
1.1.2.12111.40.2.20.1.3.4
1.1.2.12137.50.2.31.2
1.1.2.12287.14.3
1.1.2.12300.5.1.27.1.1.2
1.1.2.12300.6
1.1.2.12309.5.1.4.4
1.1.2.12403.19.5.25.11.24
1.1.2.12408.18.1.10.7
1.1.2.12418.39.1.18
1.1.2.12483.3
1.1.2.12664.9.2.11
1.1.2.12686.15.2
1.1.2.12774.5.1.7
1.1.2.12879.8.2.9
1.1.2.12883.5.1.2.1.11.3
1.1.2.12898.5.1.1.1.2.7
1.1.2.12930.5.1
1.1.2.13151.13.1.4.4
1.1.2.13226.17.2.7.2.6
1.1.2.13240.22.2.30.1.24.2
1.1.2.13461.3
1.1.2.13522.16.4.6.7.11
1.1.2.13565.5.1.8.6
1.1.2.13567.5.1.1.5.27
1.1.2.13712.10.1.4.7
1.1.2.13726.22.2.7.4.5.4
1.1.2.13728.9.1.17
1.1.2.13912.5.1.6.1.1
1.1.2.13919.13.4.14
1.1.2.13929.24.2.16.13
1.1.2.13979.5.1.1.1.1.2
1.1.2.14021.23.2.5.11
1.1.2.14216.28.1.10.3.22
1.1.2.14223.9.2.8.4.1
1.1.2.14290.10.1.29.9
1.1.2.14395.29.3.5.6.16.1.12
1.1.2.14455.14.1.4.1
1.1.2.14541.21.1.21
1.1.2.14707.5.1.4.1.17.5
1.1.2.14732.30.2.36.21
1.1.2.14766.5.1.19.3.26
1.1.2.14803.30.2.10.9.39.3
1.1.2.14978.5.1.3.2
1.1.2.15000.9.2.9
1.1.2.15015.14.2.10.6
1.1.2.15035.5.1.18.19.10.3
1.1.2.15045.19.3.18.9
1.1.2.15074.11.2.10.10
1.1.2.15233.5.1.1
1.1.2.15245.16.2.7.2.9.2
1.1.2.15257.5.1.3.4
1.1.2.15277.16.3.14.11
1.1.2.15297.35.2.5.5.10.1
1.1.3.15401.5.1.22.15
1.1.3.15403.25.3.23.16.9.3.16
1.1.3.15405.5.1
1.1.3.15426.5.1.1.2
1.1.3.15532.38.3.29
1.1.3.15533.52.2.36.19.21.6.21
1.1.3.15555.6
1.1.3.15613.8.1.15
1.1.3.15733.5.1.12
1.1.3.15770.5.1.4.2.26.4
1.1.3.15781.5.1
1.1.3.15888.11.2.4
1.1.3.15968.69.2.7.6.17.2.18
1.1.3.16015.5.1
1.1.3.16088.29.3.12.11
1.1.3.16098.5.1.2.2.5
1.1.3.16115.16.3.6
1.1.3.16128.23.2.15.5
1.1.3.16198.12.2.4.1
1.1.3.16246.5.1.2
1.1.3.16287.9.4.4.6.4
1.1.3.16353.13.4.9.7.39
1.1.3.16358.35.2.17.28.50
1.1.3.16422.5.1.1.26.18.1
1.1.3.16494.5.1
1.1.3.16535.9.2.4.3
1.1.3.16536.14.3.8.1.1
1.1.3.16705.5.1.2.4.2.1.4
1.1.3.16727.22.3.9.6
1.1.3.16730.5.1.9.5.14
1.1.3.16775.5.1.3.5.38.5.4
1.1.3.16806.5.1.2.1
1.1.3.16818.3
1.1.3.16828.12.1.6.5
1.1.3.16835.16.1.5.3.6
1.1.3.16948.5.1.3.1
1.1.3.17186.5.1
1.1.3.17189.15.3.6.1
1.1.3.17306.13.3.19.1.3
1.1.3.17395.10.3.8
1.1.3.17427.5.1.1.2.2
1.1.3.17454.40.2.20.1.3.3
1.1.3.17480.50.2.31.2
1.1.3.17767.5.1.5.2.23.2.2
1.1.3.17778.25.1.16
1.1.3.17920.8.1.4.1
1.1.3.18022.9.2.11
1.1.3.18044.15.2
1.1.3.18141.5.1.5
1.1.3.18220.5.1
1.1.3.18237.5.1.18
1.1.3.18330.5.1
1.1.3.18408.16
1.1.3.18552.5.1.1
1.1.3.18564.9.1.60
1.1.3.18629.17.2.7.2.23
1.1.3.18643.22.2.30.1.41.4
1.1.3.18662.5.1.3.5.20.4
1.1.3.18688.9.1.12.2
1.1.3.18879.3
1.1.3.18939.16.4.6.7.11
1.1.3.18984.5.1.8.6
1.1.3.18986.5.1.1.5.27
1.1.3.19130.21.1.4.2
1.1.3.19140.22.2.7.4.5.4
1.1.3.19142.9.1.17
1.1.3.19317.5.1.6.1.1
1.1.3.19324.13.4.14
1.1.3.19334.24.2.16.13
1.1.3.19655.28.1.10.3.22
1.1.3.19662.9.2.8.4.1
1.1.3.19730.10.1.29.9
1.1.3.19851.5.1.1
1.1.3.19891.14.1.4.1
1.1.3.19996.15.3
1.1.3.20144.5.1.1.1.9
1.1.3.20161.30.2.39.21
1.1.3.20196.5.1.19.3.26
1.1.3.20238.5.1.8.8
1.1.3.20312.18.3
1.1.3.20319.10.1.4.1.1
1.1.3.20359.16.1.14
1.1.3.20443.9.2.9
1.1.3.20457.6
1.1.3.20460.5.1
1.1.3.20487.5.1.18.19.10.3
1.1.3.20497.19.3.18.9
1.1.3.20538.19.1.12.3
1.1.3.20625.10.1.4
1.1.3.20668.8.5.4.1.1
1.1.3.20736.16.3.14.11
1.1.3.20756.35.2.5.5.10.1
1.1.3.20869.5.1.22.15
1.1.3.20871.25.3.23.16.9.3.16
1.1.3.20873.5.1
1.1.3.20987.5.1.23
1.1.3.20991.5.1.19.27.16
1.1.3.21014.6
1.1.3.21202.5.1.13
1.1.3.21310.5.1.7.7.19.5
1.1.3.21342.5.1.11
1.1.3.21432.5.1.1
1.1.3.21485.5.1
1.1.3.21562.18.1.14.6
1.1.3.21585.17.4.6.8.17
1.1.3.21676.5.1.15
1.1.3.21681.22.2.40.5.7.1
1.1.3.21760.9.4.4.6.4
1.1.3.21822.5.1.4.1.36.11.12
1.1.3.21826.13.4.9.10.39
1.1.3.21831.35.2.17.32.50
1.1.3.21998.5.1.9
1.1.3.22025.5.1.1
1.1.3.22033.5.1.2.1.2.2.18
1.1.3.22197.33.1.4
1.1.3.22203.15.1.28.8
1.1.3.22247.5.1.35.1.9
1.1.3.22283.5.1.2.1
1.1.3.22295.3
1.1.3.22305.12.1.6.5
1.1.3.22312.16.1.5.3.6
1.1.3.22388.5.1.6.4.13
1.1.3.22421.5.1.3.1
1.1.3.22558.3
1.1.3.22805.20.1.12
1.1.3.22811.5.1.17.2.5
1.1.3.22913.5.1.3.3
1.1.3.22917.9.1.4
1.1.3.22952.29.1.13.8
1.1.3.22975.5.1
1.1.3.23280.5.1.5.2.23.2.2
1.1.3.23291.25.1.16
1.1.3.23353.3
1.1.3.23473.30.2.12.8
1.1.3.23502.79
1.1.3.23516.5.1.19.20
1.1.3.23527.9.2.11
1.1.3.23549.15.2
1.1.3.23724.5.1.1.1.5.4.11
1.1.3.23745.29.1.14
1.1.3.23774.5.1
1.1.3.23815.5.1
1.1.3.24046.5.1.1.5.42.2.39
1.1.3.24090.8.1.4.6
1.1.3.24101.17.2.7.2.17
1.1.3.24115.22.2.30.1.35.3
1.1.3.24134.5.1.3.5.20.4
1.1.3.24163.12.2.11.15
1.1.3.24250.5.1.8
1.1.3.24421.5.1.1
1.1.3.24463.5.1.8.6
1.1.3.24465.5.1.1.5.27
1.1.3.24605.10.1.4.7
1.1.3.24619.22.2.7.4.5.4
1.1.3.24621.9.1.17
1.1.3.24844.19.2.16
1.1.3.24924.22.3
1.1.3.24930.13.2.5.2.19
1.1.3.25075.5.1
1.1.3.25111.22.1.8
1.1.3.25112.10.2.4.4.3
1.1.3.25114.27.3.19.6
1.1.3.25181.10.1.29.9
1.1.3.25194.5.1.21
1.1.3.25305.5.1.1
1.1.3.25345.14.1.4.1
1.1.3.25446.15.3
1.1.3.25614.13.2.25.1.10.1.16
1.1.3.25650.5.1.19.3.26
1.1.3.25692.5.1.8.8
1.1.3.25774.5.1
1.1.3.25805.5.1
1.1.3.25877.9.2.9
1.1.3.25892.14.2.10.6
1.1.3.25926.19.3.18.9
1.1.3.25956.10.2.9.9
1.1.3.26036.5.1.23.16.31.6
1.1.3.26043.10.1.4
1.1.3.26086.8.5.4.1.1
1.1.3.26094.5.1.5.1.2
1.1.3.26118.5.1.3.2
1.1.3.26138.16.3.14.11
1.1.3.26158.35.2.5.5.10.1
1.1.3.26271.5.1.22.15
1.1.3.26273.25.3.23.16.9.3.16
1.1.3.26275.5.1
1.1.3.26296.5.1.1.2
1.1.3.26403.19.2.9.6.10
1.1.3.26406.22.1.11.4
1.1.3.26429.6
1.1.3.26487.8.1.15
1.1.3.26607.5.1.12
1.1.3.26644.5.1.4.2.24.4
1.1.3.26655.5.1
1.1.3.26715.5.1.7.7.19.5
1.1.3.26747.5.1.11
1.1.3.26762.5.1.2.4.3.2
1.1.3.26834.69.2.7.6.17.2.10
1.1.3.26880.5.1
1.1.3.26895.8.1.8
1.1.3.26965.29.3.12.11
1.1.3.27008.23.2.15.5
1.1.3.27078.12.2.4.1
1.1.3.27120.17.4.7.2.6.1.2
1.1.3.27162.9.4.4.6.4
1.1.3.27230.13.4.9.7.39
1.1.3.27235.35.2.17.29.50
1.1.3.27421.5.1.15
1.1.3.27450.5.1.1
1.1.3.27458.5.1.2.1.2.2.18
1.1.3.27602.15.1.5.7.7.1.7
1.1.3.27628.33.1.4
1.1.3.27634.15.1.28.8
1.1.3.27678.5.1.35.1.9
1.1.3.27708.5.1
1.1.3.27735.3
1.1.3.27745.12.1.6.5
1.1.3.27750.5.1.1
1.1.3.27823.18.2.4.3
1.1.3.27858.6
1.1.3.28059.5.1.1
1.1.3.28234.20.1.12
1.1.3.28239.5.1.1.3.11.9.5
1.1.3.28330.5.1.3.3
1.1.3.28363.5.1.1.2.2
1.1.3.28390.40.2.20.1.3.3
1.1.3.28416.50.2.31.2
1.1.4.80.5.1.9.1.1.2
1.1.4.80.6
1.1.4.194.5.1.5.2.23.2.2
1.1.4.205.25.1.16
1.1.4.270.3
1.1.4.323.17.1.4
1.1.4.360.5.1.2
1.1.4.450.9.2.11
1.1.4.472.15.2
1.1.4.648.15.2.12.1.2.6.3
1.1.4.696.5.1
1.1.4.802.16
1.1.4.959.5.1.1.5.42.2.39
1.1.4.1003.8.1.4.6
1.1.4.1014.17.2.7.2.17
1.1.4.1028.22.2.30.1.35.3
1.1.4.1119.5.1.1.1
1.1.4.1164.5.1.8
1.1.4.1303.5.1.2.1.33.1
1.1.4.1312.5.1.5.3
1.1.4.1353.16.2.7.1
1.1.4.1365.17.2.8
1.1.4.1397.5.1.8.6
1.1.4.1399.5.1.1.5.27
1.1.4.1548.5.1.2
1.1.4.1561.22.2.7.4.5.4
1.1.4.1563.9.1.17
1.1.4.1751.13.4.14
1.1.4.1761.24.2.16.13
1.1.4.2059.22.1.8
1.1.4.2060.10.2.4.4.3
1.1.4.2062.27.3.19.6
1.1.4.2129.10.1.29.9
1.1.4.2142.5.1.21
1.1.4.2283.14.1.4.1
1.1.4.2360.21.1.21
1.1.4.2540.5.1.1.1.9
1.1.4.2565.13.2.22.1.11.2.6
1.1.4.2606.5.1.2.1.7.4
1.1.4.2648.30.2.10.9.28.3
1.1.4.2727.15.2.11.7
1.1.4.2771.16.1.14
1.1.4.2855.9.2.9
1.1.4.2869.6
1.1.4.2872.5.1
1.1.4.2900.5.1.18.19.10.3
1.1.4.2910.19.3.18.9
1.1.4.2939.5.1.2
1.1.4.2958.11.1.8
1.1.4.3025.5.1.23.16.31.6
1.1.4.3032.10.1.4
1.1.4.3077.5.1.1
1.1.4.3088.5.1.5.1.2
1.1.4.3101.27.3.5.5
1.1.4.3130.17.6.4.5
1.1.4.3148.17.2.59
1.1.4.3219.17.1.17.13
1.1.4.3238.5.1.22.15
1.1.4.3240.25.3.23.16.9.3.16
1.1.4.3242.5.1
1.1.4.3364.5.1.4.2.35
1.1.4.3386.5.1.3.1.3
1.1.4.3409.16.1.17.3
1.1.4.3560.35.2.15.8.11.4
1.1.4.3560.35.2.16.9.15.1
1.1.4.3567.5.1.10
1.1.4.3733.13.1.19
1.1.4.3807.69.2.7.6.17.2.10
1.1.4.3842.12.1.14
1.1.4.3863.5.1
1.1.4.3957.5.1.2.3.3
1.1.4.3974.16.3.6
1.1.4.3987.23.2.15.5
1.1.4.4055.12.2.4.1
1.1.4.4145.9.4.4.6.4
1.1.4.4211.13.4.9.7.39
1.1.4.4216.35.2.17.29.50
1.1.4.4391.5.1.15
1.1.4.4426.20.2.6.6.5.3.19
1.1.4.4493.5.1.2.2
1.1.4.4587.13.3.39.1.11.2.22
1.1.4.4592.5.1.5.2.12.3.27
1.1.4.4613.15.2
1.1.4.4617.5.1.1.1.1
1.1.4.4659.5.1.35.1.9
1.1.4.4699.14.3.7.10.12
1.1.4.4719.13.2.7
1.1.4.4722.10.2.15.7.7
1.1.4.4794.5.1.6.4.13
1.1.4.4827.5.1.3.1
1.1.4.5285.10.3.8
1.1.4.5325.29.1.13.8
1.1.4.5348.5.1
1.1.4.5531.14.3
1.1.4.5553.5.1.4.4
1.1.4.5646.5.1.5.2.23.2.2
1.1.4.5796.17.1.4
1.1.4.5830.5.1.2
1.1.4.5913.5.1.19.20
1.1.4.5947.15.2
1.1.4.6008.5.1.1.2.31
1.1.4.6105.5.1
1.1.4.6119.5.1.1.1.5.4.11
1.1.4.6144.5.1.2.1.5.3
1.1.4.6164.5.1
1.1.4.6289.5.1
1.1.4.6401.13.1.4.4
1.1.4.6462.8.1.4.6
1.1.4.6473.17.2.7.2.17
1.1.4.6487.22.2.30.1.35.3
1.1.4.6534.15.2.11
1.1.4.6619.5.1.8
1.1.4.6795.12.1.7.1
1.1.4.6841.21.2
1.1.4.6847.10.1.5
1.1.4.6944.3
1.1.4.6989.21.1.4.2
1.1.4.6999.22.2.7.4.5.4
1.1.4.7001.9.1.17
1.1.4.7191.5.1.4
1.1.4.7207.5.1.2.3
1.1.4.7452.5.1
1.1.4.7481.22.1.8
1.1.4.7482.10.2.4.4.3
1.1.4.7484.27.3.19.6
1.1.4.7552.10.1.29.9
1.1.4.7560.45.4.25
1.1.4.7642.29.3.5.6.18.1.52
1.1.4.7690.17.4.8
1.1.4.7692.14.1.8.7
1.1.4.7924.27.2.10.11
1.1.4.8007.14.3.14.7
1.1.4.8015.5.1
1.1.4.8067.28.2.18.11.10.3
1.1.4.8129.10.1.4.1.1
1.1.4.8244.9.2.9
1.1.4.8259.14.2.10.6
1.1.4.8279.5.1.18.19.10.3
1.1.4.8289.19.3.18.9
1.1.4.8319.10.2.9.9
1.1.4.8476.5.1.1
1.1.4.8487.5.1.5.1.2
1.1.4.8490.16.3
1.1.4.8538.14.1.33.9.2.1.4
1.1.4.8557.17.2.34
1.1.4.8645.5.1.22.15
1.1.4.8647.25.3.23.16.9.3.16
1.1.4.8649.5.1
1.1.4.8790.5.1.1.13.12.17.30
1.1.4.8807.38.5.9
1.1.4.8972.5.1.12
1.1.4.9009.5.1.4.2.26.4
1.1.4.9020.5.1
1.1.4.9214.69.2.7.6.17.2.10
1.1.4.9272.5.1
1.1.4.9361.5.1.2.3.3
1.1.4.9378.16.3.6
1.1.4.9390.49.1.11
1.1.4.9395.30.3
1.1.4.9467.5.1.15
1.1.4.9472.22.2.40.5.7.1
1.1.4.9511.17.4.7.2.6.1.2
1.1.4.9553.9.4.4.6.4
1.1.4.9613.5.1.3.5.7
1.1.4.9619.34.2.4.3
1.1.4.9679.5.1.1.26.18.1
1.1.4.9729.9.1.6
1.1.4.9784.5.1.9
1.1.4.9811.5.1.1
1.1.4.9819.5.1.2.1.2.2.18
1.1.4.9906.34.2.17.15
1.1.4.9974.15.2
1.1.4.9978.5.1.1.1.1
1.1.4.10020.5.1.35.1.9
1.1.4.10050.5.1
1.1.4.10070.3
1.1.4.10080.12.1.6.5
1.1.4.10087.16.1.5.3.6
1.1.4.10194.5.1.3.1
1.1.4.10401.5.1
1.1.4.10404.15.3.6.1
1.1.4.10594.5.1.1.1.1
1.1.4.10639.5.1.3.3
1.1.4.10694.40.2.20.1.3.3
1.1.4.10834.16.1.4
1.1.4.10875.14.3
1.1.4.10999.5.1.5.2.23.2.2
1.1.4.11004.28.1.30.13
1.1.4.11014.39.1.18
1.1.4.11162.5.1.2
1.1.4.11259.5.1.19.20
1.1.4.11293.15.2
1.1.4.11382.5.1.5
1.1.4.11461.5.1
1.1.4.11475.5.1.1.1.5.4.11
1.1.4.11496.29.1.14
1.1.4.11529.5.1
1.1.4.11640.16
1.1.4.11797.5.1.1.5.42.2.39
1.1.4.11841.8.1.4.6
1.1.4.11852.17.2.7.2.17
1.1.4.11881.5.1.1.6
1.1.4.11951.5.1.1.1
1.1.4.12070.24.2.6.14
1.1.4.12075.10.1.5
1.1.4.12103.17.2.8.15
1.1.4.12161.16.2.7.1
1.1.4.12203.5.1.8.6
1.1.4.12205.5.1.1.5.27
1.1.4.12352.5.1.2
1.1.4.12365.22.2.7.4.5.4
1.1.4.12367.9.1.17
1.1.4.12609.8.1.15.8
1.1.4.12858.22.1.8
1.1.4.12859.10.2.4.4.3
1.1.4.12861.27.3.19.6
1.1.4.12927.10.1.29.9
1.1.4.12957.5.1
1.1.4.13044.5.1.1
1.1.4.13066.15.3.14.3
1.1.4.13068.5.1.7.4.4
1.1.4.13075.8.1.7.2.1
1.1.4.13094.15.3.6.24
1.1.4.13344.30.2.36.21
1.1.4.13379.5.1.19.3.26
1.1.4.13416.30.2.10.9.39.3
1.1.4.13479.10.1.4.1.1
1.1.4.13519.16.1.14
1.1.4.13603.9.2.9
1.1.4.13617.6
1.1.4.13620.5.1
1.1.4.13648.5.1.18.19.10.3
1.1.4.13658.19.3.18.9
1.1.4.13699.19.1.12.3
1.1.4.13792.13.1.4.15.7
1.1.4.13810.14.1.4
1.1.4.13848.5.1.3.2
1.1.4.13861.5.1.1
1.1.4.13888.52.2
1.1.4.13902.16.3.17.22
1.1.4.13922.35.2.5.5.10.1
1.1.4.14010.17.1.17.13
1.1.4.14029.5.1.22.15
1.1.4.14031.25.3.23.16.9.3.16
1.1.4.14033.5.1
1.1.4.14146.15.2.25.1.3
1.1.4.14148.5.1.2.1.2.1.23
1.1.4.14170.6
1.1.4.14345.35.2.15.8.11.4
1.1.4.14345.35.2.16.9.15.1
1.1.4.14352.5.1.10
1.1.4.14578.8.1.4.8
1.1.4.14614.33.5
1.1.4.14631.5.1
1.1.4.14646.8.1.8
1.1.4.14724.29.3.12.11
1.1.4.14734.5.1.2.2.5
1.1.4.14751.16.3.6
1.1.4.14764.23.2.15.5
1.1.4.14842.12.2.4.1
1.1.4.14895.5.1.2
1.1.4.14936.9.4.4.6.4
1.1.4.15004.13.4.9.7.39
1.1.4.15009.35.2.17.29.50
1.1.4.15073.5.1.1.26.18.1
1.1.4.15186.9.2.4.3
1.1.4.15187.14.3.8.1.1
1.1.4.15207.5.1.16
1.1.4.15291.9.1.5
1.1.4.15328.6
1.1.4.15334.13.3.58.1.11.2.23
1.1.4.15339.5.1.5.2.12.3.28
1.1.4.15362.15.2
1.1.4.15366.5.1.1.1.1
1.1.4.15408.5.1.35.1.9
1.1.4.15444.5.1.2.1
1.1.4.15456.3
1.1.4.15467.12.1.7.15
1.1.4.15474.16.1.5.3.6
1.1.4.15548.18.2.4.3
1.1.4.15583.5.1.3.1
1.1.4.15728.3
1.1.4.15785.15.2.5.10
1.1.4.15786.5.1.1.1.6.2
1.1.4.15824.11.3.4
1.1.4.15885.12.1.6
1.1.4.15950.13.3.19.1.3
1.1.4.16033.23.2.4
1.1.4.16090.40.2.20.1.3.3
1.1.4.16260.43.2.19.9.7
1.1.4.16263.14.1.7.3
1.1.4.16270.21.2.8
1.1.4.16372.19.5.25.11.24
1.1.4.16377.18.1.10.7
1.1.4.16387.39.1.18
1.1.4.16618.5.1.19.20
1.1.4.16629.9.2.11
1.1.4.16651.15.2
1.1.4.16715.64.2.11.5.5.1
1.1.4.16819.5.1
1.1.4.16833.5.1.1.1.5.4.11
1.1.4.16855.29.1.14
1.1.4.16884.5.1
1.1.4.17010.5.1
1.1.4.17122.13.1.4.4
1.1.4.17195.17.2.7.2.23
1.1.4.17209.22.2.30.1.41.4
1.1.4.17455.3
1.1.4.17516.16.4.6.7.11
1.1.4.17710.47.2.23.18.44.8.64
1.1.4.17723.22.2.7.4.5.4
1.1.4.17725.9.1.17
1.1.4.17906.5.1.6.1.1
1.1.4.17913.13.4.14
1.1.4.17923.24.2.16.13
1.1.4.18038.22.3
1.1.4.18044.13.2.5.2.19
1.1.4.18218.28.1.10.3.22
1.1.4.18225.9.2.8.4.1
1.1.4.18292.10.1.29.9
1.1.4.18410.5.1.1
1.1.4.18437.5.1
1.1.4.18439.5.1.5
1.1.4.18447.3
1.1.4.18684.27.2.10.11
1.1.4.18723.13.2.25.1.10.1.24
1.1.4.18764.5.1.2.1.7.4
1.1.4.18805.30.2.10.9.28.3
1.1.4.18872.5.1
1.1.4.18900.5.1
1.1.4.18974.9.2.9
1.1.4.18988.6
1.1.4.18991.5.1
1.1.4.19059.5.1.2
1.1.4.19152.13.1.4.15.7
1.1.4.19155.12.1.6
1.1.4.19171.14.1.4
1.1.4.19199.5.1.1
1.1.4.19210.5.1.5.1.2
1.1.4.19234.5.1.3.2
1.1.4.19254.16.3.14.11
1.1.4.19274.35.2.5.5.10.1
1.1.4.19379.5.1.22.15
1.1.4.19381.25.3.23.16.9.3.16
1.1.4.19383.5.1
1.1.4.19404.5.1.1.2
1.1.4.19511.15.2.25.1.3
1.1.4.19513.5.1.2.1.2.1.19
1.1.4.19524.14.2.9.1.2.8.39
1.1.4.19533.22.5.9
1.1.4.19567.17.2.20
1.1.4.19696.35.2.15.8.11.4
1.1.4.19696.35.2.16.9.15.1
1.1.4.19703.5.1.10
1.1.4.19748.5.1.4.2.26.4
1.1.4.19876.11.2.4
1.1.4.19987.12.1.14
1.1.4.20008.5.1
1.1.4.20087.29.3.12.11
1.1.4.20118.17.4.6.8.17
1.1.4.20209.12.2.4.1
1.1.4.20251.23.3
1.1.4.20290.9.4.4.6.4
1.1.4.20356.13.4.9.7.39
1.1.4.20361.35.2.17.29.50
1.1.4.20536.17.2.4.4
1.1.4.20563.5.1.1
1.1.4.20571.5.1.2.1.2.2.30
1.1.4.20619.13.2.20.22
1.1.4.20667.9.1.5
1.1.4.20714.13.3.39.1.11.2.23
1.1.4.20719.5.1.5.2.12.3.28
1.1.4.20742.15.2
1.1.4.20746.5.1.1.1.1
1.1.4.20788.5.1.35.1.9
1.1.4.20812.5.1
1.1.4.20832.3
1.1.4.20842.12.1.6.5
1.1.4.20849.16.1.5.3.6
1.1.4.20961.5.1.3.1
1.1.4.21072.3
1.1.4.21163.15.2.5.10
1.1.4.21164.5.1.1.1.6.2
1.1.4.21192.5.1
1.1.4.21346.20.1.12
1.1.4.21351.5.1.1.3.11.9.5
1.1.4.21436.23.2.4
1.1.4.21493.40.2.20.1.3.3
1.1.4.21519.50.2.31.2
1.1.4.21677.14.3
1.1.4.21690.5.1.27.1.1.2
1.1.4.21690.6
1.1.4.21784.5.1.5.2.23.2.2
1.1.4.21935.17.1.4
1.1.4.22052.5.1.19.20
1.1.4.22086.15.2
1.1.4.22265.5.1.18
1.1.4.22300.5.1.2.1.5.3
1.1.4.22320.5.1
1.1.4.22355.6
1.1.4.22440.16
1.1.4.22580.13.1.4.4
1.1.4.22655.17.2.7.2.6
1.1.4.22669.22.2.30.1.24.2
1.1.4.22716.12.1.12.2
1.1.4.22918.17.2.8.15
1.1.4.22976.16.2.7.1
1.1.4.22988.17.2.8
1.1.4.23027.31
1.1.4.23173.15.2.11.4.2
1.1.4.23180.24.2.7.4.5.4
1.1.4.23182.9.1.17
1.1.4.23347.5.1.6.1.1
1.1.4.23354.13.4.14
1.1.4.23364.24.2.16.13
1.1.4.23662.28.1.10.3.22
1.1.4.23669.9.2.8.4.1
1.1.4.23735.10.1.29.9
1.1.4.23850.5.1.1
1.1.4.23872.15.3.14.3
1.1.4.23874.5.1.7.4.4
1.1.4.23897.15.3.6.24
1.1.4.24122.5.1.1.1.9
1.1.4.24139.30.2.39.21
1.1.4.24174.5.1.19.3.26
1.1.4.24216.5.1.8.8
1.1.4.24291.10.1.4.1.1
1.1.4.24407.9.2.9
1.1.4.24421.6
1.1.4.24424.5.1
1.1.4.24466.19.3.18.9
1.1.4.24495.5.1.2
1.1.4.24530.10.2.4
1.1.4.24636.5.1.1
1.1.4.24647.5.1.5.1.2
1.1.4.24708.16.3.14.11
1.1.4.24728.35.2.5.5.10.1
1.1.4.24841.5.1.22.15
1.1.4.24843.25.3.23.16.9.3.16
1.1.4.24845.5.1
1.1.4.24972.5.1.4.2.46
1.1.4.24994.5.1.3.1.3
1.1.4.25017.16.1.17.3
1.1.4.25173.5.1.12
1.1.4.25221.5.1
1.1.4.25344.6
1.1.4.25415.5.1.1
1.1.4.25442.3
1.1.4.25459.5.1
1.1.4.25538.29.3.12.11
1.1.4.25583.5.1.5.31
1.1.4.25658.12.2.4.1
1.1.4.25680.18.1.24
1.1.4.25701.5.1.1.2
1.1.4.25717.5.1.19.8
1.1.4.25737.5.1.4.6
1.1.4.25810.13.4.9.8.4
1.1.4.25815.35.2.17.30.15
1.1.4.25998.5.1.11.28.63
1.1.4.26027.5.1.1
1.1.4.26035.5.1.2.1.2.2.30
1.1.4.26124.9.1.5
1.1.4.26179.5.1.2.4.2.1.8
1.1.4.26206.15.2
1.1.4.26210.5.1.1.1.1
1.1.4.26246.13.2.9.1.6
1.1.4.26255.5.1.35.1.9
1.1.4.26285.5.1
1.1.4.26312.3
1.1.4.26322.12.1.6.5
1.1.4.26327.5.1.1
1.1.4.26406.5.1.6.4.13
1.1.4.26439.5.1.3.1
1.1.4.26817.5.1.10.1.3.5.7
1.1.4.26913.10.3.8
1.1.4.26953.29.1.13.8
1.1.4.26997.50.2.31.2
1.1.4.27158.14.3
1.1.4.27281.19.5.25.11.24
1.1.4.27425.17.1.4
1.1.4.27548.5.1.19.20
1.1.4.27582.15.2
1.1.4.27677.5.1.5
1.1.4.27756.5.1
1.1.4.27770.5.1.1.1.5.4.11
1.1.4.27792.29.1.14
1.1.4.27825.5.1
1.1.4.27866.5.1
1.1.4.27958.5.1
1.1.4.28068.13.1.4.4
1.1.4.28141.17.2.7.2.23
1.1.4.28155.22.2.30.1.41.4
1.1.4.28216.5.1.4.2
1.1.4.28453.16.4.6.7.11
1.1.4.28496.5.1.8.6
1.1.4.28498.5.1.1.5.27
1.1.4.28635.10.1.4.7
1.1.4.28649.22.2.7.4.5.4
1.1.4.28651.9.1.17
1.1.4.28880.19.2.16
1.1.4.28939.6
1.1.4.28958.22.3
1.1.4.28964.13.2.5.2.19
1.1.4.29138.22.1.8
1.1.4.29139.10.2.4.4.3
1.1.4.29141.27.3.19.6
1.1.4.29207.10.1.29.9
1.1.4.29216.5.1.1
1.1.4.29297.29.3.5.7.7.1.2
1.1.4.29356.14.1.4.1
1.1.4.29604.27.2.10.11
1.1.4.29640.13.2.25.1.10.1.14
1.1.4.29675.5.1.2.1.7.4
1.1.4.29718.30.2.10.9.16.3
1.1.4.29778.15.2.11.7
1.1.4.29791.5.1
1.1.4.29822.5.1
1.1.4.29896.9.2.9
1.1.4.29911.14.2.10.6
1.1.4.29946.19.3.18.9
1.1.4.30147.5.1.1
1.1.4.30159.16.2.7.2.9.2
1.1.4.30171.5.1.2.1
1.1.4.30192.16.3.14.11
1.1.4.30212.35.2.5.5.10.1
1.1.4.30317.5.1.22.15
1.1.4.30319.25.3.23.16.9.3.16
1.1.4.30321.5.1
1.1.4.30464.6
1.1.4.30534.15.2.13.7
1.1.4.30644.5.1.12
1.1.4.30888.69.2.7.6.17.2.18
1.1.4.30936.5.1
1.1.4.30951.8.1.8
1.1.4.31024.29.3.12.11
1.1.4.31034.5.1.2.2.5
1.1.4.31051.16.3.6
1.1.4.31064.23.2.15.5
1.1.4.31146.12.2.4.1
1.1.4.31195.5.1.2
1.1.4.31236.9.4.4.6.4
1.1.4.31302.13.4.9.7.39
1.1.4.31307.35.2.17.29.50
1.1.4.31371.5.1.1.26.18.1
1.1.4.31436.5.1
1.1.4.31477.9.2.4.3
1.1.4.31478.14.3.8.1.1
1.1.4.31498.5.1.16
1.1.4.31587.9.1.5
1.1.4.31624.6
1.1.4.31630.13.3.58.1.11.2.23
1.1.4.31635.5.1.5.2.12.3.28
1.1.4.31658.15.2
1.1.4.31662.5.1.1.1.1
1.1.4.31704.5.1.35.1.9
1.1.4.31734.5.1
1.1.4.31758.3
1.1.4.31763.16.2.8.9
1.1.4.31768.21.1.13.11.8
1.1.4.31846.18.2.4.3
1.1.4.31881.5.1.3.1
1.1.4.32123.5.1
1.1.4.32256.13.3.19.1.3
1.1.4.32354.5.1.3.3
1.1.4.32358.9.1.4
1.1.4.32381.13.2.12.11
1.1.4.32397.40.2.20.1.3.4
1.1.4.32584.14.3
1.1.4.32692.5.1.5.2.23.2.2
1.1.4.32703.25.1.16
1.1.4.32812.17.1.4
1.1.4.32848.5.1.1
1.1.4.32943.9.2.11
1.1.4.32965.15.2
1.1.4.33062.5.1.5
1.1.4.33141.5.1
1.1.4.33155.5.1.1.1.5.4.11
1.1.4.33180.5.1.2.1.5.3
1.1.4.33204.5.1
1.1.4.33316.16
1.1.4.33404.16.4
1.1.4.33482.5.1.1.5.42.2.39
1.1.4.33526.8.1.4.6
1.1.4.33537.17.2.7.2.17
1.1.4.33567.5.1.10.8.1.1.3.27
1.1.4.33600.5.1.4.2
1.1.4.33753.24.2.6.14
1.1.4.33758.10.1.5
1.1.4.33789.3
1.1.4.33849.16.4.6.7.11
1.1.4.33851.3
1.1.4.33884.5.1.1.3.11
1.1.4.33888.21.2
1.1.4.33894.10.1.5
1.1.4.34048.21.1.4.2
1.1.4.34058.22.2.7.4.5.4
1.1.4.34060.9.1.17
1.1.4.34250.5.1.13.1.10.2.8
1.1.4.34263.5.1.3
1.1.4.34293.19.2.16
1.1.4.34527.5.1
1.1.4.34554.28.1.10.3.22
1.1.4.34561.9.2.8.4.1
1.1.4.34627.10.1.29.9
1.1.4.34742.5.1.1
1.1.4.34787.14.1.4.1
1.1.4.34940.23.3.22.5.8
1.1.4.35032.5.1.4.1.17.5
1.1.4.35057.30.2.36.21
1.1.4.35091.5.1.19.3.26
1.1.4.35133.5.1.8.8
1.1.4.35212.10.1.4.1.1
1.1.4.35251.16.1.14
1.1.4.35335.9.2.9
1.1.4.35374.27.3.10.15.8.1
1.1.4.35387.8.1.5.2
1.1.4.35428.19.1.12.3
1.1.4.35575.5.1.3.2
1.1.4.35588.5.1.1
1.1.4.35592.5.1
1.1.4.35600.16.2.7.2.9.2
1.1.4.35612.5.1
1.1.4.35620.5.1
1.1.4.35624.10.2.4.10
1.1.4.35639.35.2.5.5.10.1
1.1.4.35752.5.1.22.15
1.1.4.35754.25.3.23.16.9.3.16
1.1.4.35756.5.1
1.1.4.35887.19.2.9.6.10
1.1.4.35890.22.1.11.4
1.1.4.35913.6
1.1.4.35971.8.1.15
1.1.5.36083.14.2.10.4
1.1.5.36100.5.1.12
1.1.5.36132.5.1.4.2.8.9
1.1.5.36143.5.1
1.1.5.36269.6
1.1.5.36348.69.2.7.6.20.2.30
1.1.5.36400.5.1
1.1.5.36479.5.1.1.1.10
1.1.5.36486.5.1.2.3.3
1.1.5.36503.16.3.6
1.1.5.36515.49.1.11
1.1.5.36520.30.3
1.1.5.36589.12.2.4.1
1.1.5.36638.5.1.2
1.1.5.36679.9.4.4.6.4
1.1.5.36745.13.4.9.7.39
1.1.5.36750.35.2.17.29.50
1.1.5.36925.5.1.15
1.1.5.36960.20.2.6.6.5.3.19
1.1.5.37064.9.1.5
1.1.5.37119.5.1.2.4.2.1.8
1.1.5.37142.15.2
1.1.5.37146.5.1.1.1.1
1.1.5.37188.5.1.35.1.9
1.1.5.37218.5.1
1.1.5.37245.3
1.1.5.37255.12.1.6.5
1.1.5.37262.16.1.5.3.6
1.1.5.37336.18.2.4.3
1.1.5.37371.6
1.1.5.37476.11.1.9
1.1.5.37567.15.2.5.10
1.1.5.37568.5.1.1.1.6.2
1.1.5.37596.5.1
1.1.5.37657.3
1.1.5.37727.5.1.6.1.4
1.1.5.37745.5.1.3.5
1.1.5.37822.10.3.8
1.1.5.37862.29.1.13.8
1.1.5.37885.5.1
1.1.5.38070.14.3
1.1.5.38187.5.1.5.2.23.2.2
1.1.5.38192.28.1.30.13
1.1.5.38202.39.1.18
1.1.5.38316.17.1.4
1.1.5.38451.9.2.11
1.1.5.38473.15.2
1.1.5.38550.5.1.7
1.1.5.38625.15.2.12.1.2.6.3
1.1.5.38681.5.1
1.1.5.38722.5.1
1.1.5.38941.5.1.1
1.1.5.38953.9.1.60
1.1.5.39006.8.1.4.6
1.1.5.39017.17.2.7.2.17
1.1.5.39031.22.2.30.1.35.3
1.1.5.39050.5.1.3.5.20.4
1.1.5.39266.17.2.8.15
1.1.5.39322.16.4.6.7.11
1.1.5.39525.21.1.4.2
1.1.5.39535.22.2.7.4.5.4
1.1.5.39537.9.1.17
1.1.5.39637.5.1.1.3
1.1.5.39649.5.1.2.2
1.1.5.39706.5.1.6.1.1
1.1.5.39713.13.4.14
1.1.5.39723.24.2.16.13
1.1.5.39822.5.1.1.6
1.1.5.40025.22.1.8
1.1.5.40026.10.2.4.4.3
1.1.5.40028.27.3.19.6
1.1.5.40097.10.1.29.9
1.1.5.40127.5.1
1.1.5.40215.5.1.1
1.1.5.40245.25.1.12
1.1.5.40247.13.2.6.6.15.10.22
1.1.5.40373.23.3.22.5.8
1.1.5.40471.5.1.1.1.9
1.1.5.40495.12.1.4.2
1.1.5.40538.5.1.19.3.57
1.1.5.40575.30.2.10.9.39.3
1.1.5.40657.14.2.8.12
1.1.5.40661.5.1
1.1.5.40689.5.1
1.1.5.40761.9.2.9
1.1.5.40776.14.2.10.6
1.1.5.40796.5.1.18.19.10.3
1.1.5.40806.19.3.18.9
1.1.5.40835.11.2.10.10
1.1.5.40976.5.1.7
1.1.5.40987.5.1.5.1.2
1.1.5.41041.14.1.33.9.2.1.4
1.1.5.41060.17.2.34
1.1.5.41131.17.1.17.13
1.1.5.41150.5.1.22.15
1.1.5.41152.25.3.23.16.9.3.16
1.1.5.41154.5.1
1.1.5.41277.38.3.29
1.1.5.41278.52.2.36.19.21.9.22
1.1.5.41289.14.2.9.1.2.8.39
1.1.5.41298.22.5.9
1.1.5.41339.8.1.15
1.1.5.41459.5.1.12
1.1.5.41496.5.1.4.2.26.4
1.1.5.41617.11.2.4
1.1.5.41697.69.2.7.6.17.2.18
1.1.5.41734.12.1.14
1.1.5.41755.5.1
1.1.5.41828.29.3.12.11
1.1.5.41871.23.2.15.5
1.1.5.41938.12.2.4.1
1.1.5.41982.5.1.2
1.1.5.42023.9.4.4.6.4
1.1.5.42083.5.1.3.5.7
1.1.5.42088.21.1.4.8
1.1.5.42148.5.1.1.26.18.1
1.1.5.42219.17.1.11
1.1.5.42265.9.2.4.3
1.1.5.42266.14.3.8.1.1
1.1.5.42286.5.1.16
1.1.5.42417.15.1.5.7.7.1.7
1.1.5.42444.15.2
1.1.5.42448.5.1.1.1.1
1.1.5.42484.13.2.9.1.6
1.1.5.42493.5.1.35.1.9
1.1.5.42523.5.1
1.1.5.42547.3
1.1.5.42552.16.2.8.7
1.1.5.42557.21.1.13.11.6
1.1.5.42633.18.2.4.3
1.1.5.42668.5.1.3.1
1.1.5.42789.11.1.9
1.1.5.42925.5.1
1.1.5.42928.15.3.6.1
1.1.5.43052.20.1.12
1.1.5.43057.5.1.1.3.11.9.5
1.1.5.43180.5.1.1.2.2
1.1.5.43198.40.2.20.1.3.4
1.1.5.43379.14.3
1.1.5.43392.5.1.27.1.1.2
1.1.5.43392.6
1.1.5.43401.5.1.4.4
1.1.5.43495.5.1.5.2.23.2.2
1.1.5.43506.25.1.16
1.1.5.43618.17.1.4
1.1.5.43658.5.1.2
1.1.5.43738.79
1.1.5.43769.9.2.11
1.1.5.43791.15.2
1.1.5.43964.5.1
1.1.5.43981.5.1.18
1.1.5.44015.8.2.9
1.1.5.44019.5.1.2.1.11.3
1.1.5.44043.5.1
1.1.5.44083.5.1
1.1.5.44175.5.1
1.1.5.44287.13.1.4.4
1.1.5.44362.17.2.7.2.6
1.1.5.44376.22.2.30.1.24.2
1.1.5.44419.15.2.11
1.1.5.44608.3
1.1.5.44663.11.1.6.2
1.1.5.44700.5.1.8.6
1.1.5.44702.5.1.1.5.27
1.1.5.44718.13.1.4
1.1.5.44836.15.2.11.4.2
1.1.5.44843.24.2.7.4.5.4
1.1.5.44845.9.1.17
1.1.5.45020.5.1.6.1.1
1.1.5.45027.13.4.14
1.1.5.45037.24.2.16.13
1.1.5.45339.22.1.8
1.1.5.45340.10.2.4.4.3
1.1.5.45342.27.3.19.6
1.1.5.45410.10.1.29.9
1.1.5.45440.5.1
1.1.5.45528.5.1.1
1.1.5.45550.15.3.14.3
1.1.5.45552.5.1.7.4.4
1.1.5.45560.3
1.1.5.45807.5.1.1.1.9
1.1.5.45824.30.2.39.21
1.1.5.45859.5.1.19.3.26
1.1.5.45901.5.1.8.8
1.1.5.46009.5.1
1.1.5.46082.9.2.9
1.1.5.46097.14.2.10.6
1.1.5.46117.5.1.18.19.10.3
1.1.5.46127.19.3.18.9
1.1.5.46157.10.2.9.9
1.1.5.46240.5.1.23.16.31.6
1.1.5.46247.10.1.4
1.1.5.46292.5.1.1
1.1.5.46305.5.1.1
1.1.5.46317.16.2.7.2.9.2
1.1.5.46329.5.1.2.1
1.1.5.46350.16.3.14.11
1.1.5.46370.35.2.5.5.10.1
1.1.5.46466.17.1.17.13
1.1.5.46485.5.1.22.15
1.1.5.46487.25.3.23.16.9.3.16
1.1.5.46489.5.1
1.1.5.46604.5.1
1.1.5.46605.5.1.1.10.2.1.3
1.1.5.46606.5.1.6.1.8.1.6
1.1.5.46618.14.2.9.1.2.8.39
1.1.5.46627.22.5.9
1.1.5.46782.5.1.12
1.1.5.46819.5.1.4.2.26.4
1.1.5.46830.5.1
1.1.5.46948.11.2.4
1.1.5.47028.69.2.7.6.17.2.18
1.1.5.47075.5.1
1.1.5.47090.8.1.8
1.1.5.47174.5.1.2.3.3
1.1.5.47191.16.3.6
1.1.5.47203.49.1.11
1.1.5.47208.30.3
1.1.5.47283.5.1.15
1.1.5.47288.22.2.40.5.7.1
1.1.5.47328.17.4.7.2.6.1.2
1.1.5.47368.9.4.4.6.4
1.1.5.47430.5.1.4.1.36.11.12
1.1.5.47434.13.4.9.10.39
1.1.5.47439.35.2.17.32.50
1.1.5.47611.9.2.4.3
1.1.5.47612.14.3.8.1.1
1.1.5.47632.5.1.16
1.1.5.47732.9.1.5
1.1.5.47787.5.1.2.4.2.1.8
1.1.5.47809.22.3.9.6
1.1.5.47812.5.1.9.5.14
1.1.5.47861.5.1.3.5.33.6.14
1.1.5.47889.5.1
1.1.5.47913.3
1.1.5.47923.12.1.6.5
1.1.5.47930.16.1.5.3.6
1.1.5.48004.18.2.4.3
1.1.5.48039.5.1.3.1
1.1.5.48156.3
1.1.5.48242.5.1
1.1.5.48245.15.3.6.1
1.1.5.48483.10.3.8
1.1.5.48510.13.2.12.11
1.1.5.48535.40.2.20.1.3.3
1.1.5.48719.14.3
1.1.5.48840.5.1.5.2.23.2.2
1.1.5.49125.9.2.11
1.1.5.49147.15.2
1.1.5.49233.5.1.7
1.1.5.49316.5.1.18
1.1.5.49368.5.1
1.1.5.49408.5.1.29.4
1.1.5.49513.5.1
1.1.5.49625.13.1.4.4
1.1.5.49686.8.1.4.6
1.1.5.49697.17.2.7.2.17
1.1.5.49711.22.2.30.1.35.3
1.1.5.49758.9.1.12.2
1.1.5.49954.3
1.1.5.50016.16.2.7.1
1.1.5.50028.17.2.8
1.1.5.50068.31
1.1.5.50219.21.1.4.2
1.1.5.50229.22.2.7.4.5.4
1.1.5.50231.9.1.17
1.1.5.50466.8.1.15.8
1.1.5.50675.5.1
1.1.5.50704.22.1.8
1.1.5.50705.10.2.4.4.3
1.1.5.50707.27.3.19.6
1.1.5.50777.10.1.29.9
1.1.5.50807.5.1
1.1.5.50924.25.1.12
1.1.5.50926.13.2.6.6.15.10.22
1.1.5.51168.27.2.10.11
1.1.5.51202.30.2.36.21
1.1.5.51237.5.1.19.3.26
1.1.5.51274.30.2.10.9.16.3
1.1.5.51436.11
1.1.5.51466.9.2.9
1.1.5.51480.6
1.1.5.51483.5.1
1.1.5.51511.5.1.18.19.10.3
1.1.5.51525.5.1.11.5.22.2
1.1.5.51543.11.2.10.10
1.1.5.51562.18.2.13.4.8.2
1.1.5.51625.5.1.23.16.31.6
1.1.5.51632.10.1.4
1.1.5.51685.5.1.3.2.19.4
1.1.5.51755.14.1.33.9.2.1.4
1.1.5.51774.17.2.34
1.1.5.51850.17.1.17.13
1.1.5.51869.5.1.22.15
1.1.5.51871.25.3.23.16.9.3.16
1.1.5.51873.5.1
1.1.5.51996.38.3.29
1.1.5.51997.52.2.36.19.21.9.20
1.1.5.52008.14.2.9.1.2.8.39
1.1.5.52017.22.5.9
1.1.5.52059.8.1.15
1.1.5.52100.23.2.22.5
1.1.5.52192.35.1.28.16
1.1.5.52235.5.1.4.2.26.4
1.1.5.52496.5.1
1.1.5.52511.8.1.8
1.1.5.52604.5.1.2.3.3
1.1.5.52621.16.3.6
1.1.5.52636.53.1.11
1.1.5.52641.30.3
1.1.5.52713.12.2.4.1
1.1.5.52736.27.5.18.8
1.1.5.52806.9.4.4.6.4
1.1.5.52866.5.1.3.5.7
1.1.5.52871.21.1.4.8
1.1.5.53041.9.2.4.3
1.1.5.53042.14.3.8.1.1
1.1.5.53062.5.1.16
1.1.5.53149.9.1.5
1.1.5.53205.13.3.39.1.11.2.22
1.1.5.53210.5.1.5.2.12.3.27
1.1.5.53233.15.2
1.1.5.53237.5.1.1.1.1
1.1.5.53279.5.1.35.1.9
1.1.5.53309.5.1
1.1.5.53333.3
1.1.5.53343.12.1.6.5
1.1.5.53350.16.1.5.3.6
1.1.5.53427.5.1.6.4.13
1.1.5.53460.5.1.3.1
1.1.5.53697.5.1
1.1.5.53700.15.3.6.1
1.1.5.53933.5.1.3.3
1.1.5.53988.40.2.20.1.3.3
1.1.5.54014.50.2.31.2
1.1.5.54135.16.1.4
1.1.5.54176.14.3
1.1.5.54295.5.1.5.2.23.2.2
1.1.5.54446.17.1.4
1.1.5.54562.5.1.19.20
1.1.5.54596.15.2
1.1.5.54770.5.1
1.1.5.54787.5.1.18
1.1.5.54822.5.1.2.1.5.3
1.1.5.54842.5.1
1.1.5.54883.5.1
1.1.5.55119.5.1.1.5.42.2.36
1.1.5.55163.8.1.4.6
1.1.5.55174.17.2.7.2.17
1.1.5.55188.22.2.30.1.35.3
1.1.5.55207.5.1.3.5.20.4
1.1.5.55243.5.1.4.2
1.1.5.55375.24.2.6.14
1.1.5.55380.10.1.5
1.1.5.55407.17.2.8.15
1.1.5.55463.16.4.6.7.11
1.1.5.55484.5.1
1.1.5.55488.26.1.14.6
1.1.5.55502.5.1.8.6
1.1.5.55504.5.1.1.5.27
1.1.5.55652.5.1.2
1.1.5.55665.22.2.7.4.5.4
1.1.5.55667.9.1.17
1.1.5.55767.5.1.1.3
1.1.5.55779.5.1.2.2
1.1.5.55836.5.1.6.1.1
1.1.5.55843.13.4.14
1.1.5.56158.22.1.8
1.1.5.56159.10.2.4.4.3
1.1.5.56161.27.3.19.6
1.1.5.56228.10.1.29.9
1.1.5.56378.15.3.14.3
1.1.5.56380.5.1.7.4.4
1.1.5.56403.15.3.6.24
1.1.5.56652.30.2.36.21
1.1.5.56687.5.1.19.3.26
1.1.5.56729.5.1.8.8
1.1.5.56801.10.1.4.1.1
1.1.5.56841.16.1.14
1.1.5.56949.14.2.10.6
1.1.5.56984.19.3.18.9
1.1.5.57025.19.1.12.3
1.1.5.57046.22.3
1.1.5.57060.10.2.4
1.1.5.57113.13.1.4.15.7
1.1.5.57131.14.1.4
1.1.5.57169.5.1.3.2
1.1.5.57181.5.1.5.1.2
1.1.5.57205.5.1.3.2
1.1.5.57221.14.1.33.9.2.1.4
1.1.5.57240.17.2.34
1.1.5.57328.5.1.22.15
1.1.5.57330.25.3.23.16.9.3.16
1.1.5.57332.5.1
1.1.5.57453.38.3.29
1.1.5.57454.52.2.36.19.21.9.17
1.1.5.57465.14.2.9.1.2.8.39
1.1.5.57474.22.5.9
1.1.5.57626.5.1.12
1.1.5.57663.5.1.4.2.24.4
1.1.5.57674.5.1
1.1.5.57858.69.2.7.6.17.2.10
1.1.5.57905.5.1
1.1.5.57989.5.1.2
1.1.5.58001.5.1.2.3.3
1.1.5.58018.16.3.6
1.1.5.58031.23.2.15.5
1.1.5.58102.12.2.4.1
1.1.5.58156.17.4.7.2.6.1.2
1.1.5.58196.9.4.4.6.4
1.1.5.58262.13.4.9.7.39
1.1.5.58267.35.2.17.28.50
1.1.5.58331.5.1.1.26.18.1
1.1.5.58441.17.2.4.4
1.1.5.58538.5.1.2.2
1.1.5.58631.5.1.2.4.2.1.5
1.1.5.58652.15.2
1.1.5.58656.5.1.1.1.1
1.1.5.58692.13.2.9.1.6
1.1.5.58701.5.1.35.1.9
1.1.5.58731.5.1
1.1.5.58751.3
1.1.5.58761.12.1.6.5
1.1.5.58768.16.1.5.3.6
1.1.5.58842.18.2.4.3
1.1.5.58877.6
1.1.5.58982.11.1.9
1.1.5.59073.15.2.5.10
1.1.5.59074.5.1.1.1.6.2
1.1.5.59102.5.1
1.1.5.59105.15.3.6.1
1.1.5.59170.5.1
1.1.5.59246.5.1.7.1.3.3.12
1.1.5.59340.5.1.3.3
1.1.5.59379.29.1.13.8
1.1.5.59402.5.1
1.1.5.59697.19.5.25.11.24
1.1.5.59702.18.1.10.7
1.1.5.59712.39.1.18
1.1.5.59985.15.2
1.1.5.60071.5.1.7
1.1.5.60152.15.2.12.1.2.6.3
1.1.5.60208.5.1
1.1.5.60334.5.1
1.1.5.60446.13.1.4.4
1.1.5.60507.8.1.4.6
1.1.5.60518.17.2.7.2.17
1.1.5.60532.22.2.30.1.35.3
1.1.5.60588.5.1.4.2
1.1.5.60761.3
1.1.5.60817.12.1.7.1
1.1.5.60859.5.1.2
1.1.5.60866.5.1.8.6
1.1.5.60868.5.1.1.5.27
1.1.5.61009.21.1.4.2
1.1.5.61019.22.2.7.4.5.4
1.1.5.61021.9.1.17
1.1.5.61207.5.1.6.1.1
1.1.5.61214.13.4.14
1.1.5.61224.24.2.16.13
1.1.5.61530.22.1.8
1.1.5.61531.10.2.4.4.3
1.1.5.61533.27.3.19.6
1.1.5.61601.10.1.29.9
1.1.5.61631.5.1
1.1.5.61709.29.3.5.6.16.1.12
1.1.5.61762.14.1.4.1
1.1.5.61903.23.3.22.5.8
1.1.5.61948.22.2.4.1
1.1.5.61956.5.1.3.1
1.1.5.62004.5.1.1.1.9
1.1.5.62028.12.1.4.2
1.1.5.62065.5.1.2.1.7.4
1.1.5.62110.30.2.10.9.39.3
1.1.5.62290.9.2.9
1.1.5.62304.6
1.1.5.62307.5.1
1.1.5.62335.5.1.18.19.10.3
1.1.5.62345.19.3.18.9
1.1.5.62374.11.2.10.10
1.1.5.62454.5.1.23.16.31.6
1.1.5.62461.10.1.4
1.1.5.62506.5.1.2.9
1.1.5.62572.14.1.33.9.2.1.4
1.1.5.62591.17.2.34
1.1.5.62679.5.1.22.15
1.1.5.62681.25.3.23.16.9.3.16
1.1.5.62683.5.1
1.1.5.62813.5.1
1.1.5.62814.5.1.1.10.2.1.3
1.1.5.62815.5.1.6.1.8.1.6
1.1.5.62827.14.2.9.1.2.8.39
1.1.5.62836.22.5.9
1.1.5.63001.5.1.13
1.1.5.63038.5.1.4.2.24.4
1.1.5.63049.5.1
1.1.5.63242.69.2.7.6.28.2.45
1.1.5.63288.5.1
1.1.5.63303.8.1.8
1.1.5.63376.29.3.12.11
1.1.5.63421.5.1.5.31
1.1.5.63497.5.1.15
1.1.5.63502.22.2.40.5.7.1
1.1.5.63541.17.4.7.2.6.1.2
1.1.5.63583.9.4.4.6.4
1.1.5.63643.5.1.3.5.7
1.1.5.63648.21.1.4.8
1.1.5.63708.5.1.1.26.18.1
1.1.5.63780.17.1.11
1.1.5.63828.33.3.58.1.66.1.2
1.1.5.63855.5.1.1
1.1.5.63863.5.1.2.1.2.2.30
1.1.5.63958.9.1.5
1.1.5.63995.6
1.1.5.64008.5.1.2.4.2.1.10
1.1.5.64029.33.1.4
1.1.5.64035.15.1.28.8
1.1.5.64079.5.1.35.1.9
1.1.5.64119.14.3.7.10.12
1.1.5.64139.13.2.7
1.1.5.64142.10.2.15.7.7
1.1.5.64243.5.1.3.1
1.1.5.64501.5.1
1.1.5.64504.15.3.6.1
1.1.5.64559.3
1.1.5.64625.14.3
1.1.5.64683.5.1.1.1.1
1.1.5.64728.5.1.3.3
1.1.5.64755.13.2.12.11
1.1.5.64803.50.2.31.2
1.1.5.64964.14.3
1.1.5.65084.5.1.5.2.23.2.2
1.1.5.65089.18.1.10.7
1.1.5.65099.39.1.18
1.1.5.65242.8.1.4.1
1.1.5.65325.5.1.19.20
1.1.5.65336.9.2.11
1.1.5.65358.15.2
1.1.5.65454.5.1.5
1.1.5.65533.5.1
1.1.5.65547.5.1.1.1.5.4.11
1.1.5.65569.29.1.14
1.1.5.65598.5.1
1.1.5.65639.5.1
1.1.5.65841.5.1.1
1.1.5.65853.9.1.60
1.1.5.65906.8.1.4.6
1.1.5.65917.17.2.7.2.17
1.1.5.65931.22.2.30.1.35.3
1.1.5.65950.5.1.3.5.20.4
1.1.5.65978.5.1.19.15.40
1.1.5.66190.11.2.4.2
1.1.5.66253.16.4.6.7.11
1.1.5.66456.10.1.4.7
1.1.5.66470.22.2.7.4.5.4
1.1.5.66472.9.1.17
1.1.5.66649.5.1.6.1.1
1.1.5.66656.13.4.14
1.1.5.66767.5.1
1.1.5.66937.5.1
1.1.5.66966.22.1.8
1.1.5.66967.10.2.4.4.3
1.1.5.66969.27.3.19.6
1.1.5.67036.10.1.29.9
1.1.5.67195.14.1.4.1
1.1.5.67336.23.3.22.5.8
1.1.5.67436.5.1.1.1.9
1.1.5.67460.12.1.4.2
1.1.5.67502.5.1.2.1.7.4
1.1.5.67547.30.2.10.9.39.3
1.1.5.67608.10.1.4.1.1
1.1.5.67648.16.1.14
1.1.5.67728.9.2.9
1.1.5.67767.27.3.10.15.8.1
1.1.5.67780.10.1.12.3
1.1.5.67817.19.1.12.3
1.1.5.67903.16.4
1.1.5.67917.14.1.4
1.1.5.67955.5.1.3.2
1.1.5.67967.5.1.5.1.2
1.1.5.68018.14.1.33.9.2.1.4
1.1.5.68037.17.2.34
1.1.5.68136.5.1.22.15
1.1.5.68138.25.3.23.16.9.3.16
1.1.5.68140.5.1
1.1.5.68267.5.1.23
1.1.5.68271.5.1.19.21.27
1.1.5.68291.5.1.1.13.12.10.31
1.1.5.68308.38.5.9
1.1.5.68470.5.1.12
1.1.5.68712.5.1.1
1.1.5.68745.12.1.14
1.1.5.68766.5.1
1.1.5.68862.5.1.2.3.3
1.1.5.68879.16.3.6
1.1.5.68892.23.2.15.5
1.1.5.68960.12.2.4.1
1.1.5.69048.9.4.4.6.4
1.1.5.69120.13.4.9.8.4
1.1.5.69125.35.2.17.30.15
1.1.5.69299.9.2.4.3
1.1.5.69300.14.3.8.1.1
1.1.5.69320.5.1.16
1.1.5.69452.15.1.5.7.7.1.7
1.1.5.69477.33.1.4
1.1.5.69483.15.1.28.8
1.1.5.69527.5.1.35.1.9
1.1.5.69557.5.1
1.1.5.69581.3
1.1.5.69591.12.1.6.5
1.1.5.69598.16.1.5.3.6
1.1.5.69672.18.2.4.3
1.1.5.69707.5.1.3.1
1.1.5.70083.13.3.19.1.3
1.1.5.70208.29.1.13.8
1.1.5.70231.5.1
1.1.5.70418.14.3
1.1.5.70538.15.2.7.8.32
1.1.5.70552.39.1.18
1.1.5.70748.30.2.12.8
1.1.5.70788.3
1.1.5.70824.15.2
1.1.5.70991.5.1
1.1.5.71008.5.1.18
1.1.5.71060.5.1
1.1.5.71093.5.1.15.4
1.1.5.71177.16
1.1.5.71317.13.1.4.4
1.1.5.71378.8.1.4.6
1.1.5.71389.17.2.7.2.17
1.1.5.71403.22.2.30.1.35.3
1.1.5.71641.3
1.1.5.71703.16.2.7.1
1.1.5.71745.5.1.8.6
1.1.5.71747.5.1.1.5.27
1.1.5.71838.3
1.1.5.71886.5.1.4.1.12
1.1.5.71896.22.2.7.4.5.4
1.1.5.71898.9.1.17
1.1.5.72072.5.1.6.1.1
1.1.5.72079.13.4.14
1.1.5.72089.24.2.16.13
1.1.5.72191.5.1
1.1.5.72346.5.1
1.1.5.72376.22.1.8
1.1.5.72377.10.2.4.4.3
1.1.5.72379.27.3.19.6
1.1.5.72446.10.1.29.9
1.1.5.72559.5.1.1
1.1.5.72595.5.1.1
1.1.5.72603.3
1.1.5.72918.5.1.19.3.26
1.1.5.72960.5.1.8.8
1.1.5.73036.15.2.11.7
1.1.5.73049.5.1
1.1.5.73080.5.1
1.1.5.73137.11
1.1.5.73167.9.2.9
1.1.5.73206.27.3.10.15.8.1
1.1.5.73219.8.1.5.2
1.1.5.73248.5.1.2
1.1.5.73280.10.2.4
1.1.5.73336.10.1.4
1.1.5.73379.5.1.3.2.21.4
1.1.5.73447.14.1.33.9.2.1.4
1.1.5.73466.17.2.34
1.1.5.73537.17.1.17.13
1.1.5.73556.5.1.22.15
1.1.5.73558.25.3.23.16.9.3.16
1.1.5.73560.5.1
1.1.5.73681.38.3.29
1.1.5.73682.52.2.36.19.21.9.20
1.1.5.73699.10.1.4.4
1.1.5.73709.22.5.9
1.1.5.73869.5.1.12
1.1.5.74126.69.2.7.6.17.2.10
1.1.5.74183.5.1
1.1.5.74276.5.1.2.3.3
1.1.5.74293.16.3.6
1.1.5.74305.49.1.11
1.1.5.74310.30.3
1.1.5.74374.5.1.15
1.1.5.74379.22.2.40.5.7.1
1.1.5.74414.5.1.32
1.1.5.74455.9.4.4.6.4
1.1.5.74521.13.4.9.7.39
1.1.5.74526.35.2.17.29.50
1.1.5.74590.5.1.1.26.18.1
1.1.5.74696.9.2.4.3
1.1.5.74697.14.3.8.1.1
1.1.5.74814.9.1.5
1.1.5.74864.5.1.2.4.2.1.4
1.1.5.74885.15.2
1.1.5.74889.5.1.1.1.1
1.1.5.74925.13.2.9.1.6
1.1.5.74934.5.1.35.1.9
1.1.5.74964.5.1
1.1.5.74991.3
1.1.5.75001.12.1.6.5
1.1.5.75008.16.1.5.3.6
1.1.5.75115.6
1.1.5.75223.11.1.9
1.1.5.75314.15.2.5.10
1.1.5.75315.5.1.1.1.6.2
1.1.5.75343.5.1
1.1.5.75346.15.3.6.1
1.1.5.75489.11.1.20.10
1.1.5.75541.5.1.1.1.1
1.1.5.75609.5.1.1.2.2
1.1.5.75636.40.2.20.1.3.3
1.1.5.75814.14.3
1.1.5.75836.5.1.4.4
1.1.5.75931.5.1.5.2.23.2.2
1.1.5.75942.25.1.16
1.1.5.76211.15.2
1.1.5.76299.5.1.1.1.5.3.12
1.1.5.76369.5.1
1.1.5.76383.5.1.1.1.5.4.11
1.1.5.76431.5.1
1.1.5.76472.5.1
1.1.5.76550.16
1.1.5.76702.5.1.1.5.42.2.36
1.1.5.76746.8.1.4.6
1.1.5.76757.17.2.7.2.17
1.1.5.76771.22.2.30.1.35.3
1.1.5.77091.16.4.6.7.11
1.1.5.77282.3
1.1.5.77282.12.1.5.10
1.1.5.77296.22.2.7.4.5.4
1.1.5.77298.9.1.17
1.1.5.77477.5.1.6.1.1
1.1.5.77484.13.4.14
1.1.5.77771.28.1.10.3.22
1.1.5.77778.9.2.8.4.1
1.1.5.77845.10.1.29.9
1.1.5.77960.5.1.1
1.1.5.77985.36.1.24.7
1.1.5.78090.15.3
1.1.5.78270.12.1.4.2
1.1.5.78308.5.1.19.3.15
1.1.5.78350.5.1.8.8
1.1.5.78418.15.2
1.1.5.78425.10.1.4.1.1
1.1.5.78545.9.2.9
1.1.5.78560.14.2.10.6
1.1.5.78580.5.1.18.19.10.3
1.1.5.78590.19.3.18.9
1.1.5.78631.19.1.12.3
1.1.5.78780.5.1.5.4
1.1.5.78791.5.1.5.1.2
1.1.5.78849.16.3.14.11
1.1.5.78869.35.2.5.5.10.1
1.1.5.78982.5.1.22.15
1.1.5.78984.25.3.23.16.9.3.16
1.1.5.78986.5.1
1.1.5.79107.5.1
1.1.5.79108.5.1.1.10.2.1.3
1.1.5.79109.5.1.6.1.8.1.6
1.1.5.79129.10.1.4.4
1.1.5.79139.22.5.9
1.1.5.79300.5.1.12
1.1.5.79337.5.1.4.2.26.4
1.1.5.79374.19
1.1.5.79408.5.1.7.7.19.5
1.1.5.79541.69.2.7.6.20.2.47
1.1.5.79587.5.1
1.1.5.79602.8.1.8
1.1.5.79689.5.1.2.3.3
1.1.5.79706.16.3.6
1.1.5.79718.49.1.11
1.1.5.79723.30.3
1.1.5.79787.12.2.4.1
1.1.5.79840.5.1.2
1.1.5.79881.9.4.4.6.4
1.1.5.79947.13.4.9.7.39
1.1.5.79952.35.2.17.29.50
1.1.5.80066.9.1.6
1.1.5.80129.5.1.15
1.1.5.80158.5.1.1
1.1.5.80166.5.1.2.1.2.2.18
1.1.5.80337.5.1.2.4.2.1.4
1.1.5.80363.15.2
1.1.5.80367.5.1.1.1.1
1.1.5.80409.5.1.35.1.9
1.1.5.80439.5.1
1.1.5.80463.3
1.1.5.80473.12.1.6.5
1.1.5.80480.16.1.5.3.6
1.1.5.80554.18.2.4.3
1.1.5.80589.5.1.3.1
1.1.5.80783.15.2.5.10
1.1.5.80784.5.1.1.1.6.2
1.1.5.80812.5.1
1.1.5.80815.15.3.6.1
1.1.5.80929.13.3.19.1.3
1.1.5.81024.5.1.3.3
1.1.5.81051.13.2.12.11
1.1.5.81067.40.2.20.1.3.4
1.1.5.81254.14.3
1.1.5.81267.5.1.27.1.1.2
1.1.5.81267.6
1.1.5.81379.5.1.5.2.23.2.2
1.1.5.81384.28.1.30.13
1.1.5.81394.39.1.18
1.1.5.81459.3
1.1.5.81539.8.1.4.1
1.1.5.81623.5.1.6.9
1.1.5.81657.15.2
1.1.5.81745.5.1.1.1.5.3.12
1.1.5.81815.5.1
1.1.5.81829.5.1.1.1.5.4.11
1.1.5.81885.5.1
1.1.5.81918.5.1.15.4
1.1.5.82145.13.1.4.4
1.1.5.82219.17.2.7.2.23
1.1.5.82233.22.2.30.1.41.4
1.1.5.82252.5.1.3.5.20.4
1.1.5.82364.13.2
1.1.5.82367.3
1.1.5.82471.3
1.1.5.82531.16.4.6.7.11
1.1.5.82549.5.1
1.1.5.82553.26.1.14.6
1.1.5.82567.5.1.8.6
1.1.5.82569.5.1.1.5.27
1.1.5.82720.14.2.17.5.4
1.1.5.82900.5.1.13.1.10.2.8
1.1.5.82910.8.3.8.3
1.1.5.83282.10.1.29.9
1.1.5.83292.5.1.1
1.1.5.83373.29.3.5.7.7.1.2
1.1.5.83426.17.3
1.1.5.83429.14.2.9
1.1.5.83508.21.1.21
1.1.5.83678.5.1.1.1.9
1.1.5.83702.12.1.4.2
1.1.5.83743.5.1.2.1.7.4
1.1.5.83787.30.2.10.9.16.3
1.1.5.83873.5.1
1.1.5.83904.5.1
1.1.5.84010.14.2.10.6
1.1.5.84043.8.1.5.2
1.1.5.84072.29.6.15.1.5
1.1.5.84104.10.2.4
1.1.5.84151.5.1.23.16.31.6
1.1.5.84158.10.1.4
1.1.5.84203.5.1.7
1.1.5.84214.5.1.5.1.2
1.1.5.84237.52.2
1.1.5.84257.33.2.15
1.1.5.84272.17.2.59
1.1.5.84360.5.1.22.15
1.1.5.84362.25.3.23.16.9.3.16
1.1.5.84364.5.1
1.1.5.84494.33.1.26.3
1.1.5.84498.5.1.34.2.12
1.1.5.84520.5.1.3.1.3
1.1.5.84543.16.1.17.3
1.1.5.84577.8.1.15
1.1.5.84697.5.1.12
1.1.5.84729.5.1.4.2.8.9
1.1.5.84941.69.2.7.6.20.2.32
1.1.5.84998.5.1
1.1.5.85069.5.1.1.1.10
1.1.5.85076.5.1.2.3.3
1.1.5.85093.16.3.6
1.1.5.85106.23.2.15.5
1.1.5.85181.12.2.4.1
1.1.5.85216.28.3.12.12
1.1.5.85258.9.4.4.6.4
1.1.5.85317.14.1.7
1.1.5.85323.5.1.42
1.1.5.85385.5.1.1.26.18.1
1.1.5.85495.5.1.9
1.1.5.85522.5.1.1
1.1.5.85530.5.1.2.1.2.2.18
1.1.5.85619.9.1.5
1.1.5.85677.5.1.2.4.2.1.4
1.1.5.85698.15.2
1.1.5.85702.5.1.1.1.1
1.1.5.85744.5.1.35.1.9
1.1.5.85776.5.1
1.1.5.85803.3
1.1.5.85814.12.1.7.15
1.1.5.85821.16.1.5.3.6
1.1.5.85904.5.1.6.4.13
1.1.5.85937.6
1.1.5.86054.11.1.9
1.1.5.86151.15.2.5.10
1.1.5.86152.5.1.1.1.6.2
1.1.5.86180.5.1
1.1.5.86183.15.3.6.1
1.1.5.86319.5.1.10.1.3.5.7
1.1.5.86437.5.1.1.2.2
1.1.5.86464.40.2.20.1.3.3
1.1.5.86779.5.1.5.2.23.2.2
1.1.5.86784.18.1.10.7
1.1.5.86794.39.1.18
1.1.5.86856.3
1.1.5.87035.9.2.11
1.1.5.87057.15.2
1.1.5.87231.5.1
1.1.5.87245.5.1.1.1.5.4.11
1.1.5.87270.5.1.2.1.5.3
1.1.5.87290.5.1
1.1.5.87401.16
1.1.5.87545.13.1.4.4
1.1.5.87624.17.2.7.2.6
1.1.5.87638.22.2.30.1.24.2
1.1.5.87657.5.1.3.5.20.4
1.1.5.87918.12.1.7.1
1.1.5.87938.5.1
1.1.5.87943.17.2.5
1.1.5.87959.5.1.8.6
1.1.5.87961.5.1.1.5.27
1.1.5.88095.10.1.4.7
1.1.5.88109.22.2.7.4.5.4
1.1.5.88111.9.1.17
1.1.5.88300.5.1.6.1.1
1.1.5.88307.13.4.14
1.1.5.88574.5.1
1.1.5.88603.22.1.8
1.1.5.88604.10.2.4.4.3
1.1.5.88606.27.3.19.6
1.1.5.88673.10.1.29.9
1.1.5.88681.45.4.25
1.1.5.88708.3
1.1.5.88789.5.1.1
1.1.5.88811.15.3.14.3
1.1.5.88813.5.1.7.4.4
1.1.5.88821.3
1.1.5.88914.15.3
1.1.5.88948.14.3.5
1.1.5.88961.23.3.22.5.8
1.1.5.89051.27.2.10.11
1.1.5.89087.13.2.25.1.10.1.14
1.1.5.89128.5.1.2.1.7.4
1.1.5.89173.30.2.10.9.39.3
1.1.5.89227.15.2
1.1.5.89234.10.1.4.1.1
1.1.5.89335.11
1.1.5.89365.9.2.9
1.1.5.89379.6
1.1.5.89382.5.1
1.1.5.89414.27.3.10.15.8.1
1.1.5.89427.10.1.12.3
1.1.5.89452.11.2.10.10
1.1.5.89595.5.1.3.2.19.4
1.1.5.89606.5.1.5.1.2
1.1.5.89629.52.2
1.1.5.89643.16.3.17.22
1.1.5.89663.35.2.5.5.10.1
1.1.5.89779.5.1.22.15
1.1.5.89781.25.3.23.16.9.3.16
1.1.5.89783.5.1
1.1.5.89804.5.1.1.2
1.1.5.89920.15.2.25.1.3
1.1.5.89922.5.1.2.1.2.1.19
1.1.5.89933.14.2.9.1.2.8.39
1.1.5.89942.22.5.9
1.1.5.89983.8.1.15
1.1.5.90103.5.1.12
1.1.5.90140.5.1.4.2.24.4
1.1.5.90177.19
1.1.5.90267.6
1.1.5.90338.69.2.7.6.17.2.10
1.1.5.90372.3
1.1.5.90389.5.1
1.1.5.90462.29.3.12.11
1.1.5.90505.23.2.15.5
1.1.5.90573.12.2.4.1
1.1.5.90618.5.1.2
1.1.5.90659.9.4.4.6.4
1.1.5.90718.14.1.7
1.1.5.90724.5.1.42
1.1.5.90861.17.1.11
1.1.5.90911.5.1.15
1.1.5.90940.5.1.1
1.1.5.90948.5.1.2.1.2.2.18
1.1.5.91036.9.1.5
1.1.5.91084.15.1.5.7.7.1.7
1.1.5.91111.15.2
1.1.5.91115.5.1.1.1.1
1.1.5.91151.13.2.9.1.6
1.1.5.91160.5.1.35.1.9
1.1.5.91190.5.1
1.1.5.91210.3
1.1.5.91220.12.1.6.5
1.1.5.91227.16.1.5.3.6
1.1.5.91304.18.2.4.3
1.1.5.91339.5.1.3.1
1.1.5.91491.3
1.1.5.91605.5.1
1.1.5.91818.5.1.1.1.1
1.1.5.91860.10.3.8
1.1.5.91892.5.1.1.2.2
1.1.5.91919.40.2.20.1.3.3
1.1.5.92110.5.1.9.1.1.2
1.1.5.92110.6
1.1.5.92119.5.1.4.4
1.1.5.92210.5.1.5.2.23.2.2
1.1.5.92436.30.2.12.8
1.1.5.92525.15.2
1.1.5.92586.5.1.1.2.31
1.1.5.92682.5.1
1.1.5.92699.5.1.18
1.1.5.92753.5.1
1.1.5.92794.5.1
1.1.5.93025.5.1.1.5.42.2.39
1.1.5.93069.8.1.4.6
1.1.5.93080.17.2.7.2.17
1.1.5.93094.22.2.30.1.35.3
1.1.5.93113.5.1.3.5.20.4
1.1.5.93142.21.1.10.4
1.1.5.93353.11.2.4.2
1.1.5.93429.5.1.1
1.1.5.93464.5.1.3.2.13.7.6
1.1.5.93612.10.1.4.7
1.1.5.93626.22.2.7.4.5.4
1.1.5.93628.9.1.17
1.1.5.93728.5.1.1.3
1.1.5.93740.5.1.2.2
1.1.5.93797.5.1.6.1.1
1.1.5.93804.13.4.14
1.1.5.93814.24.2.16.13
1.1.5.93913.5.1.1.6
1.1.5.94112.22.1.8
1.1.5.94113.10.2.4.4.3
1.1.5.94115.27.3.19.6
1.1.5.94181.10.1.29.9
1.1.5.94217.5.1.4.6
1.1.5.94273.29.3.5.6.16.1.12
1.1.5.94291.5.1.1
1.1.5.94313.15.3.14.3
1.1.5.94315.5.1.7.4.4
1.1.5.94323.3
1.1.5.94584.13.2.25.1.10.1.16
1.1.5.94625.5.1.2.1.7.4
1.1.5.94669.30.2.10.9.39.3
1.1.5.94735.10.1.4.1.1
1.1.5.94854.9.2.9
1.1.5.94869.14.2.10.6
1.1.5.94889.5.1.18.19.10.3
1.1.5.94898.5.1.2.1.1.1.10
1.1.5.94937.19.1.12.3
1.1.5.95087.5.1.3.2
1.1.5.95100.5.1.1
1.1.5.95104.5.1
1.1.5.95112.16.2.7.2.9.2
1.1.5.95124.5.1.2.1
1.1.5.95141.14.1.33.9.2.1.11
1.1.5.95160.17.2.34
1.1.5.95248.5.1.22.15
1.1.5.95250.25.3.23.16.9.3.16
1.1.5.95252.5.1
1.1.5.95383.19.2.9.6.10
1.1.5.95386.22.1.11.4
1.1.5.95409.5.1.3.1.3
1.1.5.95432.16.1.17.3
1.1.5.95466.8.1.15
1.1.5.95589.5.1.12
1.1.5.95621.5.1.4.2.8.8
1.1.5.95829.69.2.7.6.20.2.32
1.1.5.95881.5.1
1.1.5.95966.29.3.12.11
1.1.5.95997.17.4.6.8.17
1.1.6.87.12.2.4.1
1.1.6.173.9.4.4.6.4
1.1.6.235.5.1.4.1.36.11.12
1.1.6.239.13.4.9.10.39
1.1.6.244.35.2.17.32.50
1.1.6.308.5.1.1.26.18.1
1.1.6.421.9.2.4.3
1.1.6.422.14.3.8.1.1
1.1.6.442.5.1.16
1.1.6.525.34.2.17.15
1.1.6.572.15.1.5.7.7.1.7
1.1.6.597.33.1.4
1.1.6.603.15.1.28.8
1.1.6.641.13.2.9.1.6
1.1.6.650.5.1.35.1.9
1.1.6.682.5.1
1.1.6.702.3
1.1.6.712.12.1.6.5
1.1.6.719.16.1.5.3.6
1.1.6.796.18.2.4.3
1.1.6.831.5.1.3.1
1.1.6.1071.5.1
1.1.6.1074.15.3.6.1
1.1.6.1301.5.1.3.3
1.1.6.1332.5.1.1.2.2
1.1.6.1359.40.2.20.1.3.3
1.1.6.1385.50.2.31.2
1.1.6.1546.14.3
1.1.6.1559.5.1.27.1.1.2
1.1.6.1559.6
1.1.6.1670.19.5.25.11.24
1.1.6.1761.16
1.1.6.1837.5.1.2
1.1.6.1912.79
1.1.6.1939.9.2.11
1.1.6.1961.15.2
1.1.6.2140.5.1.1.1.5.4.11
1.1.6.2162.29.1.14
1.1.6.2191.5.1
1.1.6.2232.5.1
1.1.6.2314.16
1.1.6.2471.5.1.1.5.42.2.39
1.1.6.2515.8.1.4.6
1.1.6.2526.17.2.7.2.17
1.1.6.2540.22.2.30.1.35.3
1.1.6.2559.5.1.3.5.20.4
1.1.6.2585.9.1.12.2
1.1.6.2624.20
1.1.6.2847.16.4.6.7.11
1.1.6.2849.3
1.1.6.2879.5.1.8.6
1.1.6.2881.5.1.1.5.27
1.1.6.3021.10.1.4.7
1.1.6.3035.22.2.7.4.5.4
1.1.6.3037.9.1.17
1.1.6.3227.5.1.13.1.10.2.8
1.1.6.3240.5.1.3
1.1.6.3270.19.2.16
1.1.6.3285.25.2
1.1.6.3337.5.1
1.1.6.3526.22.1.8
1.1.6.3527.10.2.4.4.3
1.1.6.3529.27.3.19.6
1.1.6.3596.10.1.29.9
1.1.6.3604.45.4.25
1.1.6.3699.5.1.1
1.1.6.3739.14.1.4.1
1.1.6.3984.5.1.1.1.9
1.1.6.4008.12.1.4.2
1.1.6.4050.5.1.2.1.7.4
1.1.6.4094.30.2.10.9.39.3
1.1.6.4154.10.1.4.1.1
1.1.6.4193.16.1.14
1.1.6.4277.9.2.9
1.1.6.4316.27.3.10.15.8.1
1.1.6.4329.8.1.5.2
1.1.6.4370.19.1.12.3
1.1.6.4466.13.1.4.15.7
1.1.6.4469.12.1.6
1.1.6.4485.14.1.4
1.1.6.4522.5.1.1
1.1.6.4533.5.1.5.1.2
1.1.6.4594.16.3.14.11
1.1.6.4614.35.2.5.5.10.1
1.1.6.4730.5.1.22.15
1.1.6.4732.25.3.23.16.9.3.16
1.1.6.4734.5.1
1.1.6.4755.5.1.1.2
1.1.6.4862.5.1
1.1.6.4863.5.1.1.10.2.1.3
1.1.6.4864.5.1.6.1.8.1.6
1.1.6.4884.10.1.4.4
1.1.6.4894.22.5.9
1.1.6.5067.5.1.10
1.1.6.5188.24.2.12.24
1.1.6.5191.5.1.1.1.1
1.1.6.5215.5.1.11
1.1.6.5240.6
1.1.6.5311.69.2.7.6.17.2.10
1.1.6.5347.12.1.14
1.1.6.5368.5.1
1.1.6.5455.5.1.2
1.1.6.5467.5.1.2.3.3
1.1.6.5484.16.3.6
1.1.6.5496.49.1.11
1.1.6.5501.30.3
1.1.6.5581.12.2.4.1
1.1.6.5631.5.1.5.3.19
1.1.6.5673.9.4.4.6.4
1.1.6.5733.5.1.3.5.7
1.1.6.5739.34.2.4.3
1.1.6.5799.5.1.1.26.18.1
1.1.6.5911.9.2.4.3
1.1.6.5912.14.3.8.1.1
1.1.6.5932.5.1.16
1.2.124.2.1.3
1.2.186.4.2.4.4.15
1.2.258.2.1.3.3.15
1.2.355.4.2.17.1.5
1.2.368.8.4.9.4
1.2.491.2.1.2.7.21.4.1
1.2.745.2.1.8.7
1.2.855.2.1.1.1.1.1
1.2.858.8.4.6.2.7.2
1.2.1009.4.2
1.2.1104.2.1.1
1.2.1106.2.1.5.4
1.2.1122.2.1.15.6.14
1.2.1211.2.1.1.1.2.1.16.48
1.2.1332.12.6.17.1.5
1.2.1446.3
1.2.1462.10.5.10.2
1.2.1691.4.2.3.1
1.2.1735.11
1.2.1830.8.4.7.5.28.9
1.2.1866.2.1.2.2.6.1.17
1.2.1872.4.2.13.7.17
1.2.1895.6.3.5.1
1.2.2080.2.1.40.11
1.2.2325.2.1.1.5.10.2
1.2.2326.2.1.5.2.4.3
1.2.2406.16.8.14.3
1.2.2467.2.1.1.1.2.1.11
1.2.2489.12.6.14.2.7.1
1.2.2602.8.4.23.1.5
1.2.2646.2.1
1.2.2652.2.1.5.3.9.5
1.2.2688.4.2.2.1
1.2.2871.2.1.3.1.5.1.1
1.2.2897.2.1.3
1.2.3026.6.3.34.5
1.2.3052.4.2
1.2.3082.1
1.2.3198.2.1.2.2.21.3.4
1.2.3243.2.1.2.1.13.6
1.2.3307.2.1
1.2.3427.2.1
1.2.3554.4.2.10
1.2.3735.4.2.3.2.10.1
1.2.3772.4.2
1.2.3778.12.6.15
1.2.3790.4.2.4
1.2.3805.4.2.10.4
1.2.3807.2.1.15.3
1.2.3886.4.2.30.1.1.1
1.2.4011.2.1.2.1.2.2.13
1.2.4186.10.5.15.10.30
1.2.4306.6.3.8.5.3
1.2.4365.2.1.1
1.2.4375.2.1.24.13.19.7
1.2.4474.4.2
1.2.4503.6.3.8.4.8.1
1.2.4765.4.2.9.2.4.1.21.23
1.2.4766.2.1.1.1.2.2.16.24
1.2.4847.8.4.7
1.2.4860.8.4.11.1.1.1.7
1.2.4867.6.3.7.5.15.3.11
1.2.4984.4.2
1.2.5007.6.3.6.1.2.1.4
1.2.5082.6.3.6
1.2.5130.4.2.7.2.4.3
1.2.5328.6.3.4
1.2.5406.2.1.8.1.18.1.2
1.2.5481.8.4.23
1.2.5587.2.1.10.4
1.2.5591.2.1.6.1.1.6.17.18
1.2.5670.10.5
1.2.5814.4.2.3.4.10.2.29
1.2.5841.10.5.21.1.17.1
1.2.5962.2.1
1.5.76.8.2.1.12
1.5.366.13.2.1.14.6.22
1.5.572.7.2.1.2.1.2.1
1.5.625.8.2.1.13.3.1
1.5.627.7.2.1.3.2.13
1.5.667.9.2.1.15.3.5
1.5.742.11.2.1.9
1.5.752.6.2.1.30.1.4.1.2.47
1.5.840.7.2.1.2
1.5.886.8.2.1.6.1
1.5.1162.8.2.1.1.1
1.5.1360.20.2.1.20
1.5.1674.8.2.1
1.5.1800.9.2.1
1.5.1987.10.2.1.16.9.20.2.5
1.5.2572.10.2.1.4.8.16
1.5.2809.10.2.1
1.5.2927.15.2.1.1.1.1.1.4
1.5.2977.7.2.1.7
1.5.3042.8.2.1
1.5.3068.8.2.1.9
1.5.3108.14.2.1.9.1
1.5.3144.8.2.1.4.6.22
1.5.3400.6.2.1
1.5.3487.8.2.1.16.4.7.1.7
1.5.3549.7.2.1
1.5.3554.7.2.1.2
1.5.3728.5.2.1.3
1.5.3881.11.2.1
1.5.3924.15.2.1.4.1
1.5.3966.12.2.1
1.5.3980.7.2.1.3
1.5.4401.5.2.1.29.6
1.5.4404.13.2.1.6.3.7.1
1.5.4521.10.2.1.4
1.5.4668.10.2.1.4
1.5.5154.9.2.1.1.1.7.1.91
1.5.5447.8.2.1.5.3
1.5.5546.15.2.1.14.3.2
1.5.5564.10.2.1.40.2.3.2.16
1.5.5610.9.2.1.7.4.22.2.12
1.5.5738.8.2.1
1.5.5820.8.2.1.60.2.9.1.2
1.5.5877.8.2.1.2.1.2
1.5.5977.8.2.1.11.4.13.1
1.5.6023.8.2.1
1.5.6202.14.2.1.7
1.5.6206.15.2.1.8.3.23
1.5.6257.8.2.1.9
1.5.6378.11.2.1
1.5.6440.7.2.1.14.2.5.1
1.5.6443.18.2.1.5.2.5.2.11
1.5.6451.7.2.1.5.5.7.1.19
1.5.6483.10.2.1
1.5.6711.7.2.1
1.5.6803.12.2.1
1.5.6932.14.2.1.10.3.10.2.5
1.5.6940.10.2.1.12.6.20.5.30
1.5.7133.29.2.1.1.1
1.5.7160.7.2.1.11.2.8.1.6.1
1.5.7202.13.2.1.1.1.1.1
1.5.7223.9.2.1.7.3.11.3
1.5.7253.11.2.1.14.4.4.6.40
1.5.7384.7.2.1
1.5.7478.10.2.1.11
1.5.7515.7.2.1.14.1.1.3.4
1.5.7694.13.2.1.12.1.2.1
1.5.7747.8.2.1.13.3.1
1.5.7749.7.2.1.3.2.13
1.5.7789.9.2.1.15.3.5
1.5.7846.5.2.1
1.5.7861.14.2.1.5.4
1.5.7875.8.2.1.9.3.6.2.9
1.5.7881.10.2.1.4.2.15.2.4.7
1.5.8032.8.2.1.6.1
1.5.8180.13.2.1
1.5.8302.11.2.1
1.5.8505.8.2.1.2.1.10
1.5.8513.9.2.1.17
1.5.8580.24.2.1.2.2
1.5.8635.9.2.1.3.2
1.5.8639.18.2.1
1.5.8889.18.2.1
1.5.8946.9.2.1
1.5.9137.17.2.1.3.8.18
1.5.9172.8.2.1.3.2
1.5.9693.14.2.1.5.3
1.5.9716.8.2.1.2.2.4
1.5.9933.10.2.1
1.5.10085.18.2.1.5.1.27.2.7
1.5.10098.16.2.1.26.7.14
1.5.10164.8.2.1
1.5.10230.14.2.1.9.1
1.5.10267.8.2.1.6
1.5.10516.6.2.1
1.5.10599.8.2.1.16.4.7.1.7
1.5.10639.7.2.1.4.3.8
1.5.10822.32.2.1
1.5.10831.6.2.1.30.1.12
1.5.10997.15.2.1.4.1
1.5.11039.12.2.1
1.5.11053.7.2.1.3
1.5.11071.6.2.1
1.5.11164.9.2.1.7.2
1.5.11213.10.2.1
1.5.11215.12.2.1.27.2
1.5.11231.9.2.1
1.5.11450.5.2.1.29.6
1.5.11453.13.2.1.6.3.7.1
1.5.11548.10.2.1.4
1.5.11603.9.2.1.9.1.6.1
1.5.11683.10.2.1.17
1.5.12020.8.2.1.7
1.5.12160.9.2.1.1.1.7.1.23
1.5.12267.9.2.1.18.1.7.3
1.5.12460.8.2.1.5.3
1.5.12558.15.2.1.14.3.2
1.5.12576.10.2.1.40.2.3.2.16
1.5.12622.9.2.1.7.4.22.2.12
1.5.12746.11.2.1
1.5.12830.17.2.1.12.5.20
1.5.12892.8.2.1.2.1.2
1.5.12993.8.2.1.11.4.13.1
1.5.13039.8.2.1
1.5.13235.10.2.1.18
1.5.13237.8.2.1.21.5.13
1.5.13289.8.2.1.9
1.5.13337.11.2.1.1.1.1
1.5.13420.11.2.1
1.5.13482.7.2.1.14.2.5.1
1.5.13485.18.2.1.5.2.5.2.11
1.5.13493.7.2.1.5.5.7.1.19
1.5.13545.8.2.1.5.1.1.1
1.5.13746.7.2.1
1.5.13783.13.2.1.22
1.5.13958.14.2.1.10.3.10.2.5
1.5.13966.10.2.1.12.6.20.5.30
1.5.13988.8.2.1.6
1.5.14151.7.2.1.5
1.5.14173.29.2.1.1.1
1.5.14200.7.2.1.11.2.8.1.6.1
1.5.14211.11.2.1.2.1.7.2
1.5.14288.9.2.1.33.1.2
1.5.14300.14.2.1.13.4.16
1.5.14569.7.2.1.14.1.1.3.4
1.5.14752.7.2.1.2.1.2.1
1.5.14805.8.2.1.13.3.1
1.5.14807.7.2.1.3.2.13
1.5.14846.9.2.1.15.3.5
1.5.14921.11.2.1.9
1.5.14931.6.2.1.30.1.4.1.2.47
1.5.15022.7.2.1.2
1.5.15344.11.2.1
1.5.15563.20.2.1.20
1.5.15764.9.2.1.16.8
1.5.15879.8.2.1
1.5.16204.17.2.1.3.8.18
1.5.16239.8.2.1.3.2
1.5.16717.12.2.1.25.5.12.1
1.5.16778.14.2.1.5.3
1.5.16788.9.2.1.11.8.23.1
1.5.16794.8.2.1.3.1.11
1.5.17037.10.2.1
1.5.17086.7.2.1
1.5.17191.18.2.1.5.1.27.2.7
1.5.17204.16.2.1.26.7.14
1.5.17260.16.2.1.7.1
1.5.17290.6.2.1.4
1.5.17309.9.2.1
1.5.17328.6.2.1.1.1.4.5
1.5.17653.6.2.1
1.5.17740.8.2.1.16.4.7.1.7
1.5.17782.7.2.1.11.4.16
1.5.17816.7.2.1.2.2.14.7
1.5.17964.5.2.1.3
1.5.18152.15.2.1.4.1
1.5.18194.12.2.1
1.5.18208.7.2.1.3
1.5.18350.15.2.1
1.5.18356.7.2.1.6.2.11.3
1.5.18374.10.2.1
1.5.18376.12.2.1.27.2
1.5.18392.9.2.1
1.5.18633.5.2.1.29.6
1.5.18636.13.2.1.6.3.7.1
1.5.18748.10.2.1.4
1.5.18804.9.2.1.9.1.6.1
1.5.19263.7.2.1.4
1.5.19338.9.2.1.1.1.7.1.23
1.5.19504.12.2.1
1.5.19660.11.2.1
1.5.19688.5.2.1.1.3
1.5.19723.15.2.1.14.3.2
1.5.19741.10.2.1.40.2.3.2.42
1.5.19787.9.2.1.7.4.22.2.12
1.5.20004.17.2.1.12.5.20
1.5.20019.8.2.1.2.2.7.5.5.2
1.5.20061.9.2.1.5
1.5.20159.8.2.1.11.4.13.1
1.5.20205.8.2.1
1.5.20388.14.2.1.7
1.5.20392.15.2.1.8.3.23
1.5.20444.8.2.1.9
1.5.20565.11.2.1
1.5.20615.18.2.1
1.5.20633.7.2.1.18.2.5.1
1.5.20636.18.2.1.5.2.5.2.11
1.5.20644.7.2.1.5.5.7.1.19
1.5.20676.10.2.1
1.5.20690.8.2.1.5.1.1.1
1.5.20879.7.2.1
1.5.20980.11.2.1.8
1.5.21099.14.2.1.10.3.10.2.5
1.5.21107.10.2.1.12.6.20.5.30
1.5.21129.8.2.1.6
1.5.21140.10.2.1.7.2.25.8
1.5.21337.29.2.1.1.1
1.5.21364.7.2.1.11.2.8.1.6.1
1.5.21406.13.2.1.1.1.1.1
1.5.21427.9.2.1.7.3.11.3
1.5.21445.18.2.1.11.3.25
1.5.21454.11.2.1.14.7.11.1.3
1.5.21537.11.2.1
1.5.21710.13.2.1.14.6.22
1.5.21916.13.2.1.12.1.2.1
1.5.21964.8.2.1.13.3.1
1.5.21966.7.2.1.3.2.13
1.5.22005.9.2.1.15.3.5
1.5.22043.6.2.1.10.2.4
1.5.22171.7.2.1.2
1.5.22493.11.2.1
1.5.22614.11.2.1.3.2.6.1
1.5.22699.8.2.1.2.1.10
1.5.22708.6.2.1.6
1.5.22773.24.2.1.2.2
1.5.22899.9.2.1.16.8
1.5.22942.15.2.1.3
1.5.23144.9.2.1
1.5.23175.6.2.1.13.1.2.2
1.5.23319.10.2.1.1.1.1.1.82
1.5.23809.12.2.1.25.5.12.1
1.5.23870.14.2.1.5.3
1.5.23893.8.2.1.2.2.4
1.5.23929.9.2.1.5.4
1.5.24085.9.2.1.18.2.8
1.5.24117.10.2.1
1.5.24166.7.2.1
1.5.24275.18.2.1.5.1.27.2.7
1.5.24288.16.2.1.26.7.14
1.5.24344.16.2.1.7.1
1.5.24370.12.2.1.10.2.3
1.5.24408.14.2.1.9.1
1.5.24448.10.2.1.2.1.21
1.5.24735.7.2.1
1.5.24783.5.2.1.2.2.23.1.4
1.5.24830.6.2.1.2.2.4.3.2
1.5.24853.7.2.1.2
1.5.25020.32.2.1
1.5.25033.15.2.1.1.1.1.1.6
1.5.25208.15.2.1.4.1
1.5.25250.12.2.1
1.5.25264.7.2.1.3
1.5.25282.6.2.1
1.5.25486.12.2.1
1.5.25670.14.2.1.2.1
1.5.25672.9.2.1.1.1.6.4
1.5.25674.21.2.1.13.3.7.1
1.5.25791.10.2.1.4
1.5.25847.9.2.1.9.1.6.1
1.5.26403.9.2.1.1.1.7.1.95
1.5.26438.9.2.1.6.1.5.8
1.5.26467.18.2.1.18.8
1.5.26616.10.2.1.18.1.2
1.5.26651.8.2.1.18.4
1.5.26743.5.2.1.1.3
1.5.26778.15.2.1.14.3.2
1.5.26796.10.2.1.40.3.3.2.33
1.5.26838.6.2.1.9.7.43
1.5.26949.8.2.1
1.5.27034.17.2.1.12.5.20
1.5.27071.22.2.1.1.1
1.5.27187.8.2.1.11.4.13.1
1.5.27233.8.2.1
1.5.27438.10.2.1.18
1.5.27440.8.2.1.21.5.13
1.5.27492.8.2.1.9
1.5.27540.11.2.1.1.1.1
1.5.27623.11.2.1
1.5.27677.15.2.1.14.2.11.1
1.5.27698.9.2.1.7.4.10
1.5.27951.7.2.1
1.5.27985.13.2.1.22
1.5.28154.6.2.1
1.5.28171.8.2.1.6.1.17
1.5.28195.8.2.1.6
1.5.28381.29.2.1.1.1
1.5.28408.7.2.1.11.2.8.1.6.1
1.5.28450.13.2.1.1.1.1.1
1.5.28471.9.2.1.7.3.11.3
1.5.28489.18.2.1.11.3.25
1.5.28498.11.2.1.14.7.11.1.3
1.5.28750.13.2.1.14.6.22
1.5.28942.7.2.1.2.1.2.1
1.5.28995.8.2.1.13.3.1
1.5.28997.7.2.1.3.2.13
1.5.29036.9.2.1.15.3.5
1.5.29111.11.2.1.9
1.5.29121.6.2.1.30.1.4.1.2.32
1.5.29210.7.2.1.2
1.5.29256.8.2.1.6.1
1.5.29645.11.2.1.3.2.6.1
1.5.29879.8.2.1.2.2.3.5
1.5.29942.9.2.1.16.8
1.5.30393.10.2.1.16.9.20.2.5
1.5.30763.6.2.1
1.5.31012.10.2.1.4.8.16
1.5.31074.10.2.1.3.1.3.1
1.5.31233.10.2.1
1.5.31383.18.2.1.5.1.27.2.7
1.5.31396.16.2.1.26.7.14
1.5.31488.12.2.1.13.3.5
1.5.31526.14.2.1.9.1
1.5.31565.8.2.1.6
1.5.31691.7.2.1.10.1.1.2
1.5.31859.7.2.1
1.5.31921.8.2.1.16.4.7.1.7
1.5.31981.7.2.1
1.5.31986.7.2.1.2
1.5.32151.32.2.1
1.5.32160.6.2.1.30.1.12
1.5.32342.15.2.1.4.1
1.5.32384.12.2.1
1.5.32398.7.2.1.3
1.5.32416.6.2.1
1.5.32621.12.2.1
1.5.32813.16.2.1.6.1
1.5.32816.9.2.1.3.2.3.4.31.3
1.5.32920.10.2.1.4
1.5.33055.10.2.1.17
1.5.33286.12.2.1.2.1
1.5.33408.15.2.1.1
1.5.33543.9.2.1.1.1.7.1.100
1.5.33888.5.2.1.1.3
1.5.33923.15.2.1.14.3.2
1.5.33941.10.2.1.40.3.3.2.33
1.5.33984.6.2.1.8.5.38.2.47
1.5.34134.8.2.1.16.7
1.5.34188.8.2.1.60.2.9.1.2
1.5.34252.8.2.1.2.1.2
1.5.34410.9.2.1.2.1.4.1
1.5.34415.12.2.1.6.1.10
1.5.34583.10.2.1.18
1.5.34585.8.2.1.21.5.13
1.5.34637.8.2.1.9
1.5.34685.11.2.1.1.1.1
1.5.34841.18.2.1
1.5.34872.14.2.1.5.1.1
1.5.34920.10.2.1
1.5.34934.8.2.1.5.1.1.1
1.5.35248.11.2.1.8
1.5.35368.14.2.1.10.3.10.2.5
1.5.35376.10.2.1.12.6.20.5.30
1.5.35398.8.2.1.6
1.5.35559.6.2.1.2
1.5.35612.7.2.1.11.2.8.1.6.1
1.5.35623.11.2.1.2.1.7.2
1.5.35700.9.2.1.33.1.2
1.5.35712.14.2.1.13.4.16
1.5.35939.14.2.1.20.2.19
1.5.35972.13.2.1.14.6.22
1.5.36148.13.2.1.12.1.2.1
1.5.36201.8.2.1.13.3.1
1.5.36203.7.2.1.3.2.13
1.5.36242.9.2.1.15.3.5
1.5.36280.6.2.1.10.2.4
1.5.36407.7.2.1.2
1.5.36453.8.2.1.6.1
1.5.36714.11.2.1
1.5.36929.20.2.1.20
1.5.37132.9.2.1.16.8
1.5.37175.15.2.1.3
1.5.37211.11.2.1.13.5
1.5.37313.8.2.1
1.5.37367.9.2.1
1.5.37544.6.2.1.4
1.5.38053.12.2.1.25.5.12.1
1.5.38145.8.2.1.3.2
1.5.38176.9.2.1.5.4
1.5.38367.10.2.1
1.5.38505.18.2.1.5.1.27.2.7
1.5.38518.16.2.1.26.7.14
1.5.38574.16.2.1.7.1
1.5.38643.14.2.1.9.1
1.5.38683.10.2.1.2.1.21
1.5.38971.7.2.1
1.5.39017.6.2.1.12
1.5.39067.7.2.1.11.4.16
1.5.39101.7.2.1.2.2.14.7
1.5.39247.32.2.1
1.5.39260.15.2.1.1.1.1.1.6
1.5.39439.15.2.1.4.1
1.5.39481.12.2.1
1.5.39495.7.2.1.3
1.5.39513.6.2.1
1.5.39652.10.2.1
1.5.39654.12.2.1.27.2
1.5.39670.9.2.1
1.5.39895.13.2.1.6.3.7.1
1.5.39991.12.2.1.2.1.8.2.22
1.5.40445.8.2.1.7
1.5.40588.9.2.1.1.1.7.1.23
1.5.40876.8.2.1.5.3
1.5.40969.15.2.1.14.3.2
1.5.40987.10.2.1.40.3.3.2.16
1.5.41033.9.2.1.7.4.22.2.12
1.5.41239.17.2.1.12.5.20
1.5.41276.22.2.1.1.1
1.5.41298.9.2.1.5
1.5.41396.8.2.1.11.4.13.1
1.5.41447.9.2.1.2.1.4.1
1.5.41452.12.2.1.6.1.10
1.5.41626.10.2.1.18
1.5.41628.8.2.1.21.5.13
1.5.41680.8.2.1.9
1.5.41728.11.2.1.1.1.1
1.5.41884.18.2.1
1.5.41915.14.2.1.5.1.1
1.5.41963.10.2.1
1.5.41977.8.2.1.5.1.1.1
1.5.42211.13.2.1.22
1.5.42382.14.2.1.10.3.10.2.5
1.5.42390.10.2.1.12.6.20.5.30
1.5.42412.8.2.1.6
1.5.42433.10.2.1.7.2.22.8
1.5.42623.29.2.1.1.1
1.5.42650.7.2.1.11.2.8.1.6.1
1.5.42661.11.2.1.2.1.7.2
1.5.42739.8.2.1.37.4.7.7.18
1.5.43002.19.2.1.31.3
1.5.43021.7.2.1.14.1.1.3.4
1.5.43223.7.2.1.2.1.2.1
1.5.43276.8.2.1.13.3.1
1.5.43278.7.2.1.3.2.13
1.5.43318.9.2.1.15.3.5
1.5.43393.11.2.1.9
1.5.43403.6.2.1.30.1.4.1.2.42
1.5.43449.11.2.1
1.5.43490.7.2.1.2
1.5.43536.8.2.1.6.1
1.5.43934.11.2.1.3.2.6.1
1.5.44031.23.2.1.1.1.2.1.33
1.5.44031.23.2.1.1.1.3.2
1.5.44104.24.2.1.2.2
1.5.44488.9.2.1
1.5.44674.17.2.1.3.8.18
1.5.44709.8.2.1.3.2
1.5.45221.14.2.1.5.3
1.5.45244.8.2.1.2.2.4
1.5.45276.9.2.1.5.4
1.5.45463.10.2.1
1.5.45512.7.2.1
1.5.45591.15.2.1.1.1.1.1.4
1.5.45641.7.2.1.7
1.5.45696.16.2.1.7.1
1.5.45725.8.2.1.9
1.5.45765.14.2.1.9.1
1.5.45801.8.2.1.4.6.22
1.5.46082.7.2.1
1.5.46135.6.2.1.12
1.5.46207.7.2.1
1.5.46212.7.2.1.2
1.5.46379.32.2.1
1.5.46392.15.2.1.1.1.1.1.6
1.5.46576.15.2.1.4.1
1.5.46655.6.2.1
1.5.46776.32.2.1.6.1
1.5.46841.6.2.1.16.5
1.5.46882.8.2.1
1.5.47073.5.2.1.35.6
1.5.47076.13.2.1.6.3.7.1
1.5.47171.10.2.1.4
1.5.47636.8.2.1.7
1.5.47776.9.2.1.1.1.7.1.53
1.5.48076.8.2.1.5.3
1.5.48134.5.2.1.1.3
1.5.48169.15.2.1.14.3.2
1.5.48187.10.2.1.40.2.3.2.52
1.5.48233.9.2.1.7.4.22.2.12
1.5.48372.19.2.1
1.5.48424.11.2.1.10.1.9
1.5.48484.8.2.1.2.1.2
1.5.48585.8.2.1.11.4.13.1
1.5.48623.8.2.1
1.5.48818.14.2.1.7
1.5.48822.15.2.1.8.3.13
1.5.48874.8.2.1.9
1.5.48922.11.2.1.1.1.1
1.5.49005.11.2.1
1.5.49064.18.2.1
1.5.49069.8.2.1
1.5.49132.10.2.1
1.5.49372.13.2.1.22
1.5.49428.11.2.1.8
1.5.49555.14.2.1.10.3.10.2.5
1.5.49563.10.2.1.12.6.20.5.30
1.5.49585.8.2.1.6
1.5.49596.10.2.1.7.2.25.8
1.5.49790.29.2.1.1.1
1.5.49817.7.2.1.11.2.8.1.6.1
1.5.49859.13.2.1.1.1.1.1
1.5.49880.9.2.1.7.3.11.3
1.5.49910.11.2.1.14.4.4.6.40
1.5.49993.11.2.1
1.5.50166.13.2.1.14.6.22
1.5.50383.7.2.1.2.1.2.1
1.5.50436.8.2.1.13.3.1
1.5.50438.7.2.1.3.2.13
1.5.50478.9.2.1.15.3.5
1.5.50553.11.2.1.9
1.5.50563.6.2.1.30.1.4.1.2.31
1.5.50651.7.2.1.2
1.5.50697.8.2.1.6.1
1.5.50953.11.2.1
1.5.51072.11.2.1.3.2.6.1
1.5.51234.24.2.1.2.2
1.5.51558.18.2.1
1.5.51810.17.2.1.3.8.18
1.5.51845.8.2.1.3.2
1.5.52160.6.2.1
1.5.52407.10.2.1.4.8.16
1.5.52641.10.2.1
1.5.52690.7.2.1
1.5.52795.18.2.1.5.1.27.2.7
1.5.52808.16.2.1.26.7.14
1.5.52874.8.2.1
1.5.52901.6.2.1.4
1.5.52920.9.2.1
1.5.52939.6.2.1.1.1.4.5
1.5.53229.6.2.1
1.5.53316.8.2.1.16.4.7.1.7
1.5.53358.7.2.1.11.4.16
1.5.53392.7.2.1.2.2.14.7
1.5.53533.32.2.1
1.5.53546.15.2.1.1.1.1.1.6
1.5.53730.15.2.1.4.1
1.5.53772.12.2.1
1.5.53786.7.2.1.3
1.5.53928.32.2.1.6.1
1.5.53993.6.2.1.16.5
1.5.54204.16.2.1.6.1
1.5.54207.9.2.1.3.2.3.4.11.1
1.5.54314.12.2.1.2.1.8.2.20
1.5.54793.15.2.1.1
1.5.54928.9.2.1.1.1.7.1.100
1.5.55251.11.2.1
1.5.55311.9.2.1.1.1
1.5.55326.17.2.1.3
1.5.55337.7.2.1.5.2
1.5.55372.6.2.1.9.7.29
1.5.55489.11.2.1
1.5.55573.17.2.1.12.5.20
1.5.55726.8.2.1.11.4.13.1
1.5.55772.8.2.1
1.5.55965.14.2.1.38
1.5.55969.15.2.1.8.3.21
1.5.56020.8.2.1.9
1.5.56068.11.2.1.1.1.1
1.5.56151.11.2.1
1.5.56213.7.2.1.14.2.5.1
1.5.56216.18.2.1.5.2.5.2.11
1.5.56224.7.2.1.5.5.7.1.19
1.5.56256.10.2.1
1.5.56469.7.2.1
1.5.56503.13.2.1.22
1.5.56680.14.2.1.10.3.10.2.5
1.5.56688.10.2.1.12.6.20.5.30
1.5.56710.8.2.1.6
1.5.56917.29.2.1.1.1
1.5.56944.7.2.1.11.2.8.1.6.1
1.5.56986.13.2.1.1.1.1.1
1.5.57007.9.2.1.7.3.11.3
1.5.57025.18.2.1.11.3.25
1.5.57034.11.2.1.14.7.11.1.3
1.5.57271.14.2.1.20.2.19
1.5.57304.13.2.1.14.6.22
1.5.57488.13.2.1.12.1.2.1
1.5.57541.8.2.1.13.3.1
1.5.57543.7.2.1.3.2.13
1.5.57583.9.2.1.15.3.5
1.5.57621.6.2.1.10.2.4
1.5.57654.8.2.1.9.3.6.2.13
1.5.57660.10.2.1.4.2.15.2.4.45
1.5.57723.15.2.1.2.2
1.5.57745.7.2.1.2
1.5.58060.11.2.1
1.5.58182.11.2.1.3.2.6.1
1.5.58451.9.2.1.7.3.6.1.5
1.5.58783.6.2.1.13.1.2.2
1.5.58932.6.2.1.4
1.5.59121.8.2.1.12.1
1.5.59441.12.2.1.25.5.12.1
1.5.59529.10.2.1.4.8.16
1.5.59769.10.2.1
1.5.59818.7.2.1
1.5.59923.18.2.1.5.1.27.2.7
1.5.59936.16.2.1.26.7.14
1.5.59992.16.2.1.7.1
1.5.60021.8.2.1.9
1.5.60061.14.2.1.9.1
1.5.60097.8.2.1.4.6.22
1.5.60372.7.2.1
1.5.60462.7.2.1
1.5.60476.6.2.1.2.2.4.3.2
1.5.60499.7.2.1.2
1.5.60688.5.2.1.3
1.5.60878.15.2.1.4.1
1.5.60920.12.2.1
1.5.60934.7.2.1.3
1.5.60952.6.2.1
1.5.61045.9.2.1.7.2
1.5.61148.12.2.1
1.5.61337.13.2.1.6.3.7.1
1.5.61423.12.2.1.2.1.8.2.8
1.5.61473.9.2.1.9.1.6.1
1.5.61943.7.2.1.13.5.6.1
1.5.62043.9.2.1.1.1.7.1.23
1.5.62373.11.2.1
1.5.62450.14.2.1.12
1.5.62658.8.2.1.16.7
1.5.62775.8.2.1.2.1.2
1.5.62886.34.2.1
1.5.62944.16.2.1.1
1.5.63117.8.2.1.21.1.38
1.5.63120.8.2.1.4.2.10
1.5.63172.8.2.1.9
1.5.63220.11.2.1.1.1.1
1.5.63376.18.2.1
1.5.63407.14.2.1.5.1.1
1.5.63455.10.2.1
1.5.63469.8.2.1.5.1.1.1
1.5.63669.7.2.1
1.5.63892.14.2.1.10.3.10.2.5
1.5.63900.10.2.1.12.6.20.5.30
1.5.63922.8.2.1.6
1.5.63933.10.2.1.7.2.25.8
1.5.64112.29.2.1.1.1
1.5.64139.7.2.1.11.2.8.1.6.1
1.5.64150.11.2.1.2.1.7.2
1.5.64228.8.2.1.37.4.7.7.18
1.5.64515.19.2.1.31.3
1.5.64534.7.2.1.14.1.1.3.4
1.5.64717.7.2.1.2.1.2.1
1.5.64765.8.2.1.13.3.1
1.5.64767.7.2.1.3.2.13
1.5.64806.9.2.1.15.3.5
1.5.64881.11.2.1.9
1.5.64891.6.2.1.30.1.4.1.2.46
1.5.64953.15.2.1.2.2
1.5.64972.7.2.1.2
1.5.65018.8.2.1.6.1
1.5.65212.14.2.1.3.2.8.4
1.5.65420.11.2.1.3.2.6.1
1.5.65524.20.2.1.20
1.5.65659.11.2.1.9.2.10.3
1.5.65666.17.2.1
1.5.65996.9.2.1
1.5.66179.10.2.1.16.9.20.2.5
1.5.66724.14.2.1.5.3
1.5.66745.8.2.1.3.2
1.5.66786.9.2.1.5.4
1.5.66976.10.2.1
1.5.67025.7.2.1
1.5.67147.7.2.1.7
1.5.67239.8.2.1.9
1.5.67279.14.2.1.9.1
1.5.67319.10.2.1.2.1.21
1.5.67444.7.2.1.10.1.1.2
1.5.67603.7.2.1
1.5.67656.6.2.1.12
1.5.67728.7.2.1
1.5.67733.7.2.1.2
1.5.67900.5.2.1.3
1.5.68053.11.2.1
1.5.68096.15.2.1.4.1
1.5.68175.6.2.1
1.5.68293.32.2.1.6.1
1.5.68358.6.2.1.16.5
1.5.68572.16.2.1.6.1
1.5.68575.9.2.1.3.2.3.4.31.2
1.5.68670.12.2.1.2.1.8.2.8
1.5.68857.9.2.1.1.2.4
1.5.69000.12.2.1.2.1
1.5.69115.8.2.1.7
1.5.69262.9.2.1.1.1.7.1.23
1.5.69297.9.2.1.6.1.5.8
1.5.69326.18.2.1.18.8
1.5.69510.8.2.1.18.4
1.5.69545.8.2.1.5.3
1.5.69598.21.2.1.10.1.8.1.4
1.5.69633.15.2.1.14.3.2
1.5.69651.10.2.1.40.2.3.2.22
1.5.69900.11.2.1.10.1.9
1.5.69947.22.2.1.1.1
1.5.69971.8.2.1.2.1.2
1.5.70129.9.2.1.2.1.4.1
1.5.70134.12.2.1.6.1.10
1.5.70302.10.2.1.18
1.5.70304.8.2.1.21.5.13
1.5.70356.8.2.1.9
1.5.70404.11.2.1.1.1.1
1.5.70560.18.2.1
1.5.70591.14.2.1.5.1.1
1.5.70639.10.2.1
1.5.70844.7.2.1
1.5.70878.13.2.1.22
1.5.71064.14.2.1.10.3.10.2.5
1.5.71072.10.2.1.12.6.20.5.30
1.5.71094.8.2.1.6
1.5.71105.10.2.1.7.2.25.8
1.5.71261.7.2.1.5
1.5.71283.29.2.1.1.1
1.5.71310.7.2.1.11.2.8.1.6.1
1.5.71352.13.2.1.1.1.1.1
1.5.71373.9.2.1.7.3.11.3
1.5.71403.11.2.1.14.4.4.6.40
1.5.71630.10.2.1.11
1.5.71667.7.2.1.14.1.1.3.4
1.5.71880.7.2.1.2.1.2.1
1.5.71928.8.2.1.13.3.1
1.5.71930.7.2.1.3.2.13
1.5.71970.9.2.1.15.3.5
1.6.40.8.2.1.13.1.8
1.6.51.8.2.1.16.5
1.6.173.8.2.1.1.1.2
1.6.256.8.2.1.15
1.6.678.8.2.1.7.3
1.6.781.8.2.1.5.1.6
1.6.862.8.2.1.3.1.1.2
1.6.1069.8.2.1.9.5
1.6.1244.8.2.1
1.6.1284.8.2.1
1.6.1323.8.2.1
1.6.1456.8.2.1.27.5.29
1.6.1463.8.2.1.3.3.4.1.7
1.6.1493.8.2.1.2.1.3.3.11
1.6.1904.8.2.1.15.1
1.6.1965.8.2.1.10.3.8.1
1.6.2024.8.2.1.4.1.4.2.4
1.6.2156.8.2.1.4.2.3.2.5
1.6.2211.8.2.1.9.2
1.6.2560.8.2.1.1
1.6.2594.8.2.1.6.1.7.1
1.6.2607.8.2.1.4.3.7.2.13
1.6.2632.8.2.1.6.1
1.6.2735.8.2.1
1.6.2764.8.2.1.1
1.6.2772.8.2.1
1.6.2817.8.2.1.2
1.6.3135.8.2.1.2.2
1.6.3202.8.2.1.14.1.4.2.3
1.6.3265.8.2.1.5.1.3.7.5
1.6.3481.8.2.1.26
1.6.3796.8.2.1.18.6.6
1.6.3814.8.2.1.3.2.3
1.6.3832.8.2.1.38.1.10.2
1.6.3986.8.2.1.13
1.6.3999.8.2.1.2.2
1.6.4058.8.2.1.1.1
1.6.4262.8.2.1.42.6.17.1.13.2
1.6.4268.8.2.1.52.2.6.1
1.6.4373.8.2.1.32.1.5.3.28
1.6.4382.8.2.1.3.3.7
1.6.4384.8.2.1
1.6.4582.8.2.1.11.2.15.8.14
1.6.4616.8.2.1.7.4
1.6.4773.8.2.1.10.1.4
1.6.4942.8.2.1.1.1
1.6.4987.8.2.1.1.1.2
1.6.5036.8.2.1.4
1.6.5112.8.2.1.14.1
1.6.5115.8.2.1.21.6
1.6.5231.8.2.1.1.1.29.3
1.6.5513.8.2.1.21.7.22.12.8
1.6.5563.8.2.1.18
1.6.5617.8.2.1.24.1
1.6.5799.8.2.1.27.4.6.2.4
1.6.5837.8.2.1.37.1
1.6.6025.8.2.1.8
1.6.6238.8.2.1.5.3.11.1.29
1.6.6338.8.2.1.1.1.16.4.18
1.6.6415.8.2.1.5.3.8.5
1.6.6527.8.2.1.15.2.15.1
1.6.6540.8.2.1.20
1.6.7056.8.2.1.2.2.4.1
1.6.7059.8.2.1.6
1.6.7074.8.2.1.16.3.6
1.6.7104.8.2.1.17
1.6.7230.8.2.1.2
1.6.7270.8.2.1
1.6.7305.8.2.1.3
1.6.7351.8.2.1
1.6.7416.8.2.1.3.1
1.6.7462.8.2.1.10
1.6.7470.8.2.1.15
1.6.7487.8.2.1.13.1.7.3
1.6.7502.8.2.1.7.4.6.1
1.6.7570.8.2.1.3.2.10.3
1.6.7723.8.2.1.5
1.6.7928.8.2.1.20.5.11.6
1.6.8022.8.2.1.3.1.2
1.6.8079.8.2.1.3.2.2
1.6.8117.8.2.1.1.2.4.3
1.6.8134.8.2.1.5.5.14
1.6.8172.8.2.1
1.6.8191.8.2.1.1.1.17.7
1.6.8203.8.2.1.23
1.6.8207.8.2.1.34.5.26.6
1.6.8318.8.2.1.1.1.2
1.6.8401.8.2.1.15
1.6.8600.8.2.1
1.6.8756.8.2.1.15.5
1.6.8846.8.2.1.7.3
1.6.8951.8.2.1.3.1.3.3.26
1.6.9044.8.2.1.48.1.1.3
1.6.9110.8.2.1
1.6.9245.8.2.1.10.3.6.2.2
1.6.9441.8.2.1
1.6.9482.8.2.1.29.2
1.6.9489.8.2.1.2.2.11.3
1.6.9511.8.2.1
1.6.9665.8.2.1.29.5.29
1.6.9672.8.2.1.3.3.4.1.7
1.6.9702.8.2.1.2.1.3.3.11
1.6.10143.8.2.1.15.1
1.6.10257.8.2.1.4.1.4.2.4
1.6.10389.8.2.1.4.2.3.2.5
1.6.10441.8.2.1.9.2
1.6.10791.8.2.1.1
1.6.10825.8.2.1.6.1.7.1
1.6.10838.8.2.1.4.3.7.2.13
1.6.10863.8.2.1.6.1
1.6.10953.8.2.1.1.1.9
1.6.10975.8.2.1
1.6.11004.8.2.1.1
1.6.11012.8.2.1
1.6.11053.8.2.1.5
1.6.11431.8.2.1.14.1.4.2.3
1.6.11498.8.2.1.22.1.7.2.14
1.6.11703.8.2.1.26.3.7
1.6.12012.8.2.1.18.6.6
1.6.12030.8.2.1.3.2.3
1.6.12048.8.2.1.38.1.10.2
1.6.12086.8.2.1.9.2
1.6.12104.8.2.1.9.2
1.6.12209.8.2.1.6
1.6.12222.8.2.1.2.2
1.6.12486.8.2.1.42.6.17.1.13.2
1.6.12492.8.2.1.52.2.6.1
1.6.12597.8.2.1.32.1.5.3.28
1.6.12607.8.2.1.3.3.7
1.6.12609.8.2.1
1.6.12818.8.2.1.11.2.15.8.14
1.6.12852.8.2.1.7.4
1.6.13279.8.2.1.4
1.6.13351.8.2.1.14.1
1.6.13354.8.2.1.21.6
1.6.13456.8.2.1.1.1.29.3
1.6.13733.8.2.1.21.7.22.12.8
1.6.13777.8.2.1.23
1.6.13914.8.2.1
1.6.13979.8.2.1.1.2
1.6.14000.8.2.1.6.5.12.5.14
1.6.14192.8.2.1.11.2.7.2
1.6.14203.8.2.1.3.3.36
1.6.14239.8.2.1.1.1.13.2.13
1.6.14444.8.2.1.5.3.11.1.24
1.6.14547.8.2.1.1.1.16.4.18
1.6.14631.8.2.1.2.1
1.6.14734.8.2.1.2.2.7.1
1.6.14746.8.2.1.12.7.23.1
1.6.14759.8.2.1.20
1.6.15160.8.2.1.3.1
1.6.15193.8.2.1.5.2.6.4.16
1.6.15288.8.2.1
1.6.15295.8.2.1.2.2.4.1
1.6.15301.8.2.1.2
1.6.15327.8.2.1.12.5.4
1.6.15341.8.2.1.2.1.1
1.6.15461.8.2.1.2
1.6.15501.8.2.1
1.6.15536.8.2.1.3
1.6.15582.8.2.1
1.6.15649.8.2.1.3.1
1.6.15694.8.2.1.7
1.6.15702.8.2.1.17.2.10
1.6.15722.8.2.1.10.8
1.6.15737.8.2.1.7.4.6.1
1.6.15808.8.2.1
1.6.15810.8.2.1.15
1.6.15900.8.2.1
1.6.15946.8.2.1.15.1.5.3.8
1.6.16250.8.2.1.3.1.2
1.6.16291.8.2.1
1.6.16295.8.2.1
1.6.16305.8.2.1.3.2.2
1.6.16343.8.2.1.1.2.4.3
1.6.16360.8.2.1.5.5.14
1.6.16423.8.2.1.13.1.8
1.6.16436.8.2.1.12.5
1.6.16521.8.2.1
1.6.16547.8.2.1.1.1.2
1.6.16629.8.2.1.15
1.6.16838.8.2.1
1.6.16952.8.2.1
1.6.16996.8.2.1.15.5
1.6.17063.8.2.1.32.1.2.10
1.6.17063.8.2.1.32.1.3.1
1.6.17154.8.2.1.12.2
1.6.17168.8.2.1.6.2.4
1.6.17253.8.2.1.3.1.1.2
1.6.17317.8.2.1
1.6.17365.8.2.1.11
1.6.17397.8.2.1
1.6.17449.8.2.1.9.5
1.6.17646.8.2.1
1.6.17683.8.2.1
1.6.17711.8.2.1.2.1.1.5.12
1.6.17728.8.2.1
1.6.17886.8.2.1.29.5.29
1.6.17895.8.2.1.3.3.4.2.6
1.6.17925.8.2.1.2.1.3.3.11
1.6.18350.8.2.1.15.1
1.6.18454.8.2.1.14.3.4.2.4
1.6.18586.8.2.1.4.2.3.2.5
1.6.19059.8.2.1
1.6.19073.8.2.1.4.3.12.6.40
1.6.19181.8.2.1.1.1.9
1.6.19203.8.2.1
1.6.19232.8.2.1.1
1.6.19240.8.2.1
1.6.19285.8.2.1.5
1.6.19651.8.2.1.14.1.4.2.3
1.6.19718.8.2.1.22.1.7.2.14
1.6.19901.8.2.1
1.6.19909.8.2.1.9
1.6.20198.8.2.1.18.6.6
1.6.20231.8.2.1.28.1.13.2
1.6.20269.8.2.1.9.2
1.6.20386.8.2.1.6
1.6.20399.8.2.1.2.2
1.6.20461.8.2.1
1.6.20685.8.2.1.5.1.2.4.40.45
1.6.20782.8.2.1.7
1.6.20796.8.2.1.3.3.7
1.6.20798.8.2.1
1.6.21009.8.2.1.11.2.15.9.8
1.6.21043.8.2.1.7.4
1.6.21206.8.2.1.10.1.4
1.6.21466.8.2.1.4
1.6.21538.8.2.1.14.1
1.6.21541.8.2.1.21.6
1.6.21641.8.2.1.1.1.29.3
1.6.21915.8.2.1.20.6.22.12.8
1.6.21965.8.2.1.18
1.6.22003.8.2.1.11.1.3.13
1.6.22096.8.2.1
1.6.22158.8.2.1.14.9.25.2.15.8
1.6.22185.8.2.1.6.5.12.5.16
1.6.22211.8.2.1.1
1.6.22409.8.2.1.8
1.6.22640.8.2.1.16.12.22.1.45
1.6.22740.8.2.1.1.1.16.4.18
1.6.22815.8.2.1.5.3.8.5
1.6.22931.8.2.1.29.3.26.1
1.6.22944.8.2.1.20
1.6.23319.8.2.1
1.6.23348.8.2.1.5.2.6.4.16
1.6.23441.8.2.1
1.6.23448.8.2.1.2.2.4.1
1.6.23451.8.2.1.6
1.6.23466.8.2.1.16.3.6
1.6.23496.8.2.1.17
1.6.23625.8.2.1.42
1.6.23665.8.2.1
1.6.23710.8.2.1.3.1.2.1.17
1.6.23775.8.2.1.5.3
1.6.23855.8.2.1.12.6.13
1.6.23864.8.2.1.17.1.36.4
1.6.23892.8.2.1.13.1.7.3
1.6.23907.8.2.1.7.4.6.1
1.6.23978.8.2.1
1.6.23980.8.2.1.15
1.6.24090.8.2.1.14.1.1.1.9
1.6.24134.8.2.1
1.6.24141.8.2.1.1.3.11
1.6.24336.8.2.1.20.5.11.6
1.6.24429.8.2.1.6.1.2
1.6.24470.8.2.1
1.6.24474.8.2.1
1.6.24484.8.2.1.3.2.2
1.6.24524.8.2.1.1.2.4.3
1.6.24541.8.2.1.5.5.14
1.6.24627.8.2.1.13.1.8
1.6.24638.8.2.1.16.5
1.6.24732.8.2.1
1.6.24758.8.2.1.1.1.2
1.6.24840.8.2.1.15
1.6.25166.8.2.1.15.5
1.6.25251.8.2.1.31.1.2.7
1.6.25352.8.2.1.5.1.6
1.6.25433.8.2.1.3.1.1.2
1.6.25503.8.2.1
1.6.25551.8.2.1.11
1.6.25558.8.2.1.5.3.7.2
1.6.25626.8.2.1.9.5
1.6.25788.8.2.1.4
1.6.25865.8.2.1.29.2
1.6.25872.8.2.1.2.2.11.3
1.6.25894.8.2.1
1.6.26055.8.2.1.29.5.20
1.6.26064.8.2.1.3.3.4.2.6
1.6.26094.8.2.1.2.1.3.3.11
1.6.26508.8.2.1.15.1
1.6.26569.8.2.1.10.3.8.1
1.6.26628.8.2.1.4.1.4.2.4
1.6.26778.8.2.1.3
1.6.26892.8.2.1.1.1
1.6.26990.8.2.1.3.1.19.3.5
1.6.27237.8.2.1
1.6.27251.8.2.1.4.3.12.6.40
1.6.27358.8.2.1.1.1.9
1.6.27380.8.2.1
1.6.27409.8.2.1.1
1.6.27417.8.2.1
1.6.27462.8.2.1.5
1.6.27771.8.2.1.2.2
1.6.27843.8.2.1.3
1.6.27930.8.2.1.4.1.8.3
1.6.28141.8.2.1.26
1.6.28460.8.2.1.18.6.6
1.6.28649.8.2.1.13
1.6.28662.8.2.1.2.2
1.6.28960.8.2.1.5.1.2.4.24.5
1.6.29052.8.2.1.32.1.5.3.35
1.6.29061.8.2.1
1.6.29111.8.2.1.1.1.2.4.16
1.6.29224.8.2.1.2.1
1.6.29296.8.2.1
1.6.29371.8.2.1.4.1.1.1
1.6.29398.8.2.1.2.2.45
1.6.29524.8.2.1
1.6.29723.8.2.1.11
1.6.29772.8.2.1.4
1.6.29846.8.2.1.14.1
1.6.29849.8.2.1.21.6
1.6.29949.8.2.1.1.1.29.3
1.6.30214.8.2.1.20.6.22.11.8
1.6.30263.8.2.1.21.7.7.4.48
1.6.30311.8.2.1.24.1
1.6.30400.8.2.1.2.2.3.6
1.6.30466.8.2.1.17.1
1.6.30490.8.2.1.27.4.6.2.4
1.6.30668.8.2.1.11.2.7.2
1.6.30708.8.2.1.17
1.6.31016.8.2.1.1.1.16.4.18
1.6.31101.8.2.1.2.1
1.6.31218.8.2.1.14.8.26.1
1.6.31231.8.2.1.20
1.6.31311.8.2.1.16.2.4.2
1.6.31424.8.2.1.5.1.15.2
1.6.31552.8.2.1.21
1.6.31647.8.2.1.5.2.6.4.16
1.6.31751.8.2.1.11
1.6.31764.8.2.1.11.6.5
1.6.31778.8.2.1.2.1.1
1.6.31900.8.2.1.4.1.2.2.29
1.6.31935.8.2.1
1.6.31979.8.2.1.3
1.6.32025.8.2.1
1.6.32090.8.2.1.3.1
1.6.32136.8.2.1.10
1.6.32144.8.2.1.15
1.6.32161.8.2.1.13.1.7.3
1.6.32176.8.2.1.7.4.6.1
1.6.32244.8.2.1.3.2.10.3
1.6.32396.8.2.1.1.6.5
1.6.32556.8.2.1.21.1
1.6.32639.8.2.1.5.4
1.6.32740.8.2.1
1.6.32744.8.2.1
1.6.32754.8.2.1.3.2.2
1.6.32792.8.2.1.1.2.4.3
1.6.32809.8.2.1.5.5.14
1.6.32877.8.2.1.14.1.11.1.7
1.6.32880.8.2.1.22.2.8.6
1.6.32984.8.2.1.1.1.2
1.6.33067.8.2.1.15
1.6.33264.8.2.1
1.6.33420.8.2.1.15.5
1.6.33512.8.2.1.59.1.2.11
1.6.33613.8.2.1.5.1.6
1.6.33694.8.2.1.3.1.1.2
1.6.33809.8.2.1.2.1.2.5.8
1.6.33874.8.2.1.13.4.8.6
1.6.33884.8.2.1.9.5
1.6.33920.8.2.1
1.6.34075.8.2.1
1.6.34112.8.2.1
1.6.34140.8.2.1.2.1.1.5.12
1.6.34157.8.2.1
1.6.34291.8.2.1.29.5.29
1.6.34300.8.2.1.3.3.4.2.6
1.6.34330.8.2.1.2.1.3.3.11
1.6.34734.8.2.1.15.1
1.6.34842.8.2.1.2
1.6.34976.8.2.1.3
1.6.35032.8.2.1.9.2
1.6.35430.8.2.1
1.6.35444.8.2.1.4.3.12.6.40
1.6.35603.8.2.1.1
1.6.35611.8.2.1
1.6.35665.8.2.1.7.2
1.6.35666.8.2.1.1.1.4
1.6.36038.8.2.1.13.1.1.1.2
1.6.36119.8.2.1.4.1.8.3
1.6.36293.8.2.1.40
1.6.36608.8.2.1.18.6.6
1.6.36626.8.2.1.3.2.3
1.6.36644.8.2.1.38.1.10.2
1.6.36682.8.2.1.9.2
1.6.36701.8.2.1.9.2
1.6.36810.8.2.1.13
1.6.36823.8.2.1.2.2
1.6.37104.8.2.1.42.6.17.1.13.2
1.6.37110.8.2.1.52.2.6.1
1.6.37215.8.2.1.7
1.6.37229.8.2.1.3.3.7
1.6.37231.8.2.1
1.6.37379.8.2.1.2.1
1.6.37456.8.2.1
1.6.37457.8.2.1.4.1.2.2.9
1.6.37522.8.2.1.4.1.1.1
1.6.37549.8.2.1.2.2.45
1.6.37664.8.2.1
1.6.37883.8.2.1.7.3.13.1.14
1.6.37933.8.2.1.17.5.38
1.6.37945.8.2.1.4.2
1.6.38008.8.2.1.14.1
1.6.38011.8.2.1.21.6
1.6.38116.8.2.1.1.1.29.3
1.6.38375.8.2.1.4
1.6.38433.8.2.1.18
1.6.38487.8.2.1.24.1
1.6.38567.8.2.1.18.5.12.5.5.4
1.6.38669.8.2.1.27.4.6.2.4
1.6.38697.8.2.1.38.1
1.6.38829.8.2.1.2.2.12.1
1.6.38875.8.2.1
1.6.39105.8.2.1.5.3.11.1.17
1.6.39290.8.2.1.5.3.8.5
1.6.39598.8.2.1.4.4.12.5
1.6.39772.8.2.1.4
1.6.39868.8.2.1.5.2.6.4.16
1.6.39968.8.2.1.2.2.4.1
1.6.39971.8.2.1.6
1.6.39986.8.2.1.16.3.6
1.6.40016.8.2.1.17
1.6.40141.8.2.1.4.1.2.2.29
1.6.40176.8.2.1
1.6.40210.8.2.1.3.1.2.1.20
1.6.40275.8.2.1.5.3
1.6.40328.8.2.1.3.1
1.6.40374.8.2.1.10
1.6.40382.8.2.1.15
1.6.40399.8.2.1.13.1.7.3
1.6.40414.8.2.1.7.4.6.1
1.6.40482.8.2.1.3.2.10.3
1.6.40593.8.2.1.14.1.1.1.9
1.6.40631.8.2.1.1.6.7
1.6.40743.8.2.1
1.6.40837.8.2.1.20.5.11.6
1.6.40930.8.2.1.6.1.2
1.6.40971.8.2.1
1.6.40975.8.2.1
1.6.40985.8.2.1.3.2.2
1.6.41027.8.2.1.1.1.7.6
1.6.41044.8.2.1.5.5.14
1.6.41131.8.2.1.6
1.6.41146.8.2.1.12.5
1.6.41245.8.2.1
1.6.41269.8.2.1.1.1.2
1.6.41352.8.2.1.15
1.6.41555.8.2.1
1.6.41693.8.2.1.15.5
1.6.41777.8.2.1.7.3
1.6.41878.8.2.1.3.1.3.3.26
1.6.41974.8.2.1.3.1.1.2
1.6.42114.8.2.1.15.2
1.6.42166.8.2.1.9.5
1.6.42354.8.2.1
1.6.42391.8.2.1
1.6.42602.8.2.1.29.5.29
1.6.42612.8.2.1.4
1.6.42653.8.2.1.2.1.3.3.11
1.6.43080.8.2.1.15.1
1.6.43197.8.2.1.4.1.4.2.4
1.6.43343.8.2.1.4.2.3.2.5
1.6.43389.8.2.1.16.2.9.2.42
1.6.43413.8.2.1.9.2
1.6.43458.8.2.1.1.1
1.6.43801.8.2.1
1.6.43815.8.2.1.4.3.12.6.40
1.6.43946.8.2.1
1.6.43975.8.2.1.1
1.6.43983.8.2.1
1.6.44024.8.2.1.5
1.6.44389.8.2.1.14.1.4.2.3
1.6.44473.8.2.1.4.1.8.3
1.6.44673.8.2.1.26
1.6.44977.8.2.1.9
1.6.44987.8.2.1.2.3.21
1.6.45005.8.2.1.2.3.6
1.6.45008.8.2.1
1.6.45039.8.2.1.9.2
1.6.45058.8.2.1.9.2
1.6.45071.8.2.1.1.1.17
1.6.45187.8.2.1.13
1.6.45200.8.2.1.2.2
1.6.45467.8.2.1
1.6.45469.8.2.1.2.2.6.1
1.6.45475.8.2.1.10.1.1
1.6.45568.8.2.1.32.1.5.3.35
1.6.45576.8.2.1
1.6.45769.8.2.1
1.6.45770.8.2.1.4.1.2.2.9
1.6.45833.8.2.1.4.1.1.1
1.6.45860.8.2.1.2.2.45
1.6.45993.8.2.1
1.6.46236.8.2.1.4
1.6.46308.8.2.1.14.1
1.6.46311.8.2.1.21.6
1.6.46677.8.2.1.21.7.22.11.8
1.6.46727.8.2.1.18
1.6.46855.8.2.1.18.5.12.5.5.6
1.6.46918.8.2.1.14.9.25.2.15.8
1.6.46941.8.2.1.31.4.6.2.9
1.6.47160.8.2.1
1.6.47490.8.2.1.1.1.16.4.18
1.6.47564.8.2.1.5.3.8.5
1.6.47999.8.2.1.4
1.6.48064.8.2.1
1.6.48093.8.2.1.5.2.6.4.16
1.6.48220.8.2.1.2.2.10
1.6.48233.8.2.1.2.4.40.4.12
1.6.48250.8.2.1.2.1.1
1.6.48372.8.2.1.4.1.2.2.29
1.6.48407.8.2.1
1.6.48440.8.2.1.3
1.6.48486.8.2.1
1.6.48551.8.2.1.3.1
1.6.48596.8.2.1.7
1.6.48604.8.2.1.17.2.10
1.6.48624.8.2.1.10.8
1.6.48639.8.2.1.7.4.6.1
1.6.48710.8.2.1
1.6.48712.8.2.1.15
1.6.48858.8.2.1.1.6.7
1.6.49121.8.2.1.3.1.2
1.6.49162.8.2.1
1.6.49166.8.2.1
1.6.49176.8.2.1.3.2.2
1.6.49216.8.2.1.1.2.4.3
1.6.49233.8.2.1.5.5.14
1.6.49271.8.2.1
1.6.49290.8.2.1.1.1.17.7
1.6.49318.8.2.1.12.5
1.6.49414.8.2.1
1.6.49438.8.2.1.1.1.2
1.6.49520.8.2.1.15
1.6.49883.8.2.1.15.5
1.6.49958.8.2.1.59.1.2.11
1.6.50059.8.2.1.5.1.6
1.6.50138.8.2.1.14.1.1.4
1.6.50204.8.2.1
1.6.50252.8.2.1.11
1.6.50259.8.2.1.5.3.7.2
1.6.50336.8.2.1.9.5
1.6.50493.8.2.1.4
1.6.50529.8.2.1
1.6.50566.8.2.1
1.6.50754.8.2.1.27.5.29
1.6.50764.8.2.1.6.1.8
1.6.50800.8.2.1.16.1.3.6
1.6.51197.8.2.1.15.1
1.6.51311.8.2.1.4.1.4.2.4
1.6.51443.8.2.1.4.2.3.2.5
1.6.51660.8.2.1.3.1.33.3.5
1.6.51859.8.2.1.1
1.6.51893.8.2.1.6.1.7.1
1.6.51906.8.2.1.4.3.7.2.13
1.6.51931.8.2.1.6.1
1.6.52034.8.2.1
1.6.52063.8.2.1.1
1.6.52071.8.2.1
1.6.52116.8.2.1.2
1.6.52491.8.2.1.3
1.6.52551.8.2.1.46.1.7.2.35
1.6.52749.8.2.1.20.3.7
1.6.53062.8.2.1.9
1.6.53072.8.2.1.2.3.21
1.6.53082.8.2.1.1.1.20.5
1.6.53089.8.2.1
1.6.53123.8.2.1
1.6.53250.8.2.1.13
1.6.53263.8.2.1.2.2
1.6.53311.8.2.1.15.3.7.2
1.6.53567.8.2.1.5.1.2.4.24.3
1.6.53659.8.2.1.32.1.5.3.35
1.6.53668.8.2.1.3.3.7
1.6.53670.8.2.1
1.6.53722.8.2.1.21.1.1.1
1.6.53833.8.2.1.2.1
1.6.53910.8.2.1
1.6.53911.8.2.1.4.1.2.2.9
1.6.53974.8.2.1.4.1.1.1
1.6.54001.8.2.1.2.2.45
1.6.54130.8.2.1
1.6.54254.8.2.1.5.5.11
1.6.54348.8.2.1.7.3.13.1.14
1.6.54388.8.2.1.4
1.6.54460.8.2.1.14.1
1.6.54463.8.2.1.21.6
1.6.54806.8.2.1.20.6.22.11.8
1.6.54855.8.2.1.21.7.7.4.33
1.6.54904.8.2.1.24.1
1.6.54999.8.2.1
1.6.55061.8.2.1.14.9.25.2.15.8
1.6.55084.8.2.1.31.4.6.2.9
1.6.55150.8.2.1.5.3.6.2.8
1.6.55179.8.2.1.11.2.2.2
1.6.55276.8.2.1.11.2.7.2
1.6.55306.8.2.1
1.6.55530.8.2.1.5.3.11.1.23
1.6.55633.8.2.1.1.1.16.4.18
1.6.55707.8.2.1.5.3.8.5
1.6.55879.8.2.1.1.1.9.8
1.6.56226.8.2.1
1.6.56368.8.2.1.2.2.10
1.6.56390.8.2.1.1.1
1.6.56524.8.2.1.4.1.2.2.29
1.6.56560.8.2.1
1.6.56596.8.2.1.3.1.2.1.16
1.6.56661.8.2.1.5.3
1.6.56714.8.2.1.3.1
1.6.56759.8.2.1.7
1.6.56767.8.2.1.17.2.10
1.6.56787.8.2.1.10.8
1.6.56802.8.2.1.7.4.6.1
1.6.56865.8.2.1
1.6.56867.8.2.1.15
1.6.57029.8.2.1
1.6.57036.8.2.1.1.3.16
1.6.57341.8.2.1.3.1.2
1.6.57398.8.2.1.3.2.2
1.6.57436.8.2.1.1.2.4.3
1.6.57453.8.2.1.5.5.14
1.6.57496.8.2.1
1.6.57515.8.2.1.1.1.17.7
1.6.57527.8.2.1.23
1.6.57536.8.2.1.12.5
1.6.57647.8.2.1.1.1.2
1.6.57730.8.2.1.15
1.6.57933.8.2.1
1.6.58089.8.2.1.15.5
1.6.58183.8.2.1
1.6.58272.8.2.1.5.1.6
1.6.58351.8.2.1.14.1.1.4
1.6.58409.8.2.1
1.6.58457.8.2.1.11
1.6.58464.8.2.1.5.3.7.2
