1.1.1.24.19.1.28
1.1.1.54.25.2.14.10.9.1
1.1.1.60.27.4.22.14.4
1.1.1.63.5.1.3.2.17.1.5.12
1.1.1.128.5.1.1.6
1.1.1.287.9.1.22.9
1.1.1.314.5.1
1.1.1.332.5.1.1
1.1.1.334.15.2.11.3.9.2
1.1.1.343.6
1.1.1.372.10.1.11.2
1.1.1.444.14.2.5.18.5
1.1.1.513.24.1.10
1.1.1.541.5.1.1
1.1.1.594.18.6.18.1.6.3
1.1.1.618.29.2.26.1.11
1.1.1.629.9.2.8.7
1.1.1.714.25.1.4.1
1.1.1.730.5.1.4.8.12
1.1.1.749.5.1.1.1.4.1
1.1.1.752.5.1.29
1.1.1.754.26.2.14.9
1.1.1.762.9.2.11.4
1.1.1.784.8.3.12.10
1.1.1.804.6
1.1.1.831.5.1.2.2
1.1.1.921.33.1.9
1.1.1.986.29.3.13
1.1.1.1003.13.1.11
1.1.1.1056.65.2.4.17
1.1.1.1061.5.1.3.5.18.2
1.1.1.1112.21.2.21.1
1.1.1.1131.5.1.3.1.13.14.21.11
1.1.1.1133.5.1.1.3.1.1.35
1.1.1.1172.5.1.4.2.5
1.1.1.1350.5.1.1.1
1.1.1.1397.10.1.4
1.1.1.1413.25.1.11
1.1.1.1422.5.1.8
1.1.1.1436.26.1.5.7
1.1.1.1478.27.1.10.6
1.1.1.1524.21.3.4.12
1.1.1.1597.14.5
1.1.1.1624.5.1.8.8.5.5
1.1.1.1721.5.1.1
1.1.1.1747.5.1.3.1.3.5.30
1.1.1.1887.25.1.21.7
1.1.1.1918.5.1
1.1.1.2006.9.3.8
1.1.1.2154.24.2.18.11
1.1.1.2374.16.2.11.4.11.1.9
1.1.1.2439.26.3.14
1.1.1.2439.32.1.18.6
1.1.1.2449.5.1.2.8.28.5.7.18
1.1.1.2453.15.1.4.23
1.1.1.2478.5.1.1.6.16.2
1.1.1.2494.29.3.7.1.3.1
1.1.1.2502.15.2.9.4.6
1.1.1.2591.6
1.1.1.2676.5.1.3.2.9.1.1
1.1.1.2683.5.1
1.1.1.2726.27.2.24.1.7
1.1.1.2735.34.1.18.2
1.1.1.2802.9.2.9
1.1.1.2878.5.1.8.2.3.7.13
1.1.1.2896.5.1.12.2
1.1.1.2912.10.3.14.11
1.1.1.2931.5.1
1.1.1.2944.9.1.4
1.1.1.2954.5.1.5.2
1.1.1.2975.5.1.3.4.10.5
1.1.1.3244.17.2.8.8
1.1.1.3294.5.1.5.4.17
1.1.1.3300.3
1.1.2.3433.5.1.1.5.14.1
1.1.2.3469.20.3.8.11
1.1.2.3586.51.1.23
1.1.2.3659.19.6.4.9.11
1.1.2.3660.24.9
1.1.2.3667.16.2.8
1.1.2.4118.22.2.6.4.2.1
1.1.2.4161.5.1
1.1.2.4259.26.3.27.1.12.2
1.1.2.4262.57.5.10.1.2.1
1.1.2.4302.5.1.3.1.1.1.18
1.1.2.4516.39
1.1.2.4602.9.2.8
1.1.2.4613.5.1.6.5.17
1.1.2.4658.5.1.17
1.1.2.4747.9.1.15
1.1.2.4769.24.3.9.2.5.4.2
1.1.2.4784.15.2.5.4
1.1.2.4792.27.2.7.1.34.13
1.1.2.4842.38.3.5.6.2.2
1.1.2.4921.5.1.8.3
1.1.2.4927.23.1.11
1.1.2.4932.5.1
1.1.2.4942.5.1.16
1.1.2.5012.13.3.6.6.31.1.4
1.1.2.5123.5.1.2.2.6.3
1.1.2.5147.9.2.10.30
1.1.2.5319.9.3.4
1.1.2.5353.34.1.15.7
1.1.2.5428.25.2.14.39.11.2
1.1.2.5434.27.4.22.14.4
1.1.2.5437.5.1.3.2.17.1.5.7
1.1.2.5524.13.4.29.1.14.3
1.1.2.5568.16.2.4
1.1.2.5643.5.1.2.2.18.3
1.1.2.5657.5.1
1.1.2.5696.5.1
1.1.2.5702.14.2.5.2.3.1
1.1.2.5716.10.1.4.2
1.1.2.5720.14.2.23.9.6.1
1.1.2.5724.9.1.7.1
1.1.2.5767.5.1
1.1.2.5904.24.1.8
1.1.2.5932.5.1.1
1.1.2.5985.18.6.18.1.6.3
1.1.2.6016.5.1.2.15.10.2.11
1.1.2.6104.25.1.4.1
1.1.2.6120.5.1.4.8.12
1.1.2.6148.15.3.14
1.1.2.6179.5.1.3
1.1.2.6308.5.1.1.8
1.1.2.6370.29.3.13
1.1.2.6459.5.1.3.5.12.2
1.1.2.6523.5.1.3.1.15.3.50.15
1.1.2.6525.5.1.1.3.1.1.64
1.1.2.6564.5.1.4.2.6
1.1.2.6753.9.1.11.6
1.1.2.6762.42.1.8
1.1.2.6795.5.1.3.3.3.1.1
1.1.2.6795.5.1.5.1.6
1.1.2.6802.17.1.20.7
1.1.2.6812.5.1.2.40.22.6
1.1.2.6812.5.1.3.41.24.9.21
1.1.2.6893.21.3.4.12
1.1.2.6966.14.5
1.1.2.6993.5.1.8.8.5.5
1.1.2.7082.17.2
1.1.2.7128.5.1.2.1.4
1.1.2.7271.25.1.21.7
1.1.2.7393.9.3.8
1.1.2.7456.10.2.24
1.1.2.7542.24.2.18.11
1.1.2.7773.16.2.11.4.5.1.10
1.1.2.7839.26.3.14
1.1.2.7839.32.1.18.6
1.1.2.7849.5.1.2.8.28.5.10.6
1.1.2.7853.5.1.6
1.1.2.7876.25.2.7.2.54.5
1.1.2.7891.29.3.7.1.3.1
1.1.2.7899.15.2.9.4.6
1.1.2.7989.6
1.1.2.8079.5.1.3.2.9.1.1
1.1.2.8086.5.1
1.1.2.8129.27.2.24.1.7
1.1.2.8138.34.1.18.2
1.1.2.8270.5.1.8.2.3.7.13
1.1.2.8325.5.1.3.3
1.1.2.8338.9.1.4
1.1.2.8348.5.1.5.2
1.1.2.8369.5.1.3.4.10.5
1.1.2.8695.5.1.9
1.1.2.8780.25.3.15
1.1.2.8832.5.1.1.5.13.1
1.1.2.8872.20.3.8.11
1.1.2.8945.5.1.17.9
1.1.2.8992.51.1.23
1.1.2.9074.5.1.1.4
1.1.2.9087.25.1.8.16.4
1.1.2.9089.5.1.2.18.7
1.1.2.9364.5.1
1.1.2.9553.22.2.6.4.2.1
1.1.2.9595.5.1
1.1.2.9686.26.3.27.1.12.2
1.1.2.9689.57.5.10.1.2.1
1.1.2.9806.15.2.5.9
1.1.2.9819.5.1.1.1
1.1.2.9857.9.2.4
1.1.2.9889.5.1
1.1.2.10049.9.2.8
1.1.2.10058.13.4.5
1.1.2.10107.5.1.17
1.1.2.10219.9.1.15
1.1.2.10258.15.2.5.4
1.1.2.10266.27.2.7.1.42.9
1.1.2.10316.38.3.5.6.2.2
1.1.2.10393.5.1.17.2.4.1
1.1.2.10403.5.1
1.1.2.10413.5.1.16
1.1.2.10489.15.2.10.1.6
1.1.2.10608.5.1.2.2.6.3
1.1.2.10816.19.4.4
1.1.2.10842.34.1.15.7
1.1.2.10923.5.1.1.8.2.3
1.1.2.10927.5.1.21.2.14
1.1.2.10993.5.1.1.6
1.1.2.11144.13.3.4.1
1.1.2.11154.5.1
1.1.2.11186.5.1
1.1.2.11204.5.1.1
1.1.2.11206.15.2.11.3.9.2
1.1.2.11215.6
1.1.2.11254.28.3.6.1.25.4.17
1.1.2.11275.10.1.12
1.1.2.11326.5.1.1.1.2.2.30
1.1.2.11392.24.1.8
1.1.2.11420.5.1.1
1.1.2.11515.9.2.8.7
1.1.2.11600.25.1.4.1
1.1.2.11616.5.1.4.8.12
1.1.2.11635.5.1.1.1.4.1
1.1.2.11638.5.1.29
1.1.2.11640.26.2.14.9
1.1.2.11647.24.1.11
1.1.2.11677.5.1.2
1.1.2.11732.9.5.4
1.1.2.11829.29.3.13
1.1.2.11844.28.1.4.4
1.1.2.11846.13.1.11
1.1.2.11958.9.3.23
1.1.2.11976.5.1.3.1.13.4.9.8
1.1.2.11978.5.1.1.3.1.1.23
1.1.2.12017.13.1.4
1.1.2.12189.5.1.1.1
1.1.2.12247.14.4.6.4.8.2.5
1.1.2.12247.14.4.6.4.9.3.14
1.1.2.12265.5.1.2.31.23.4
1.1.2.12265.5.1.3.32.25.7.31
1.1.2.12312.5.1.9.2.3.2.26
1.1.2.12354.21.3.4.12
1.1.2.12426.14.5
1.1.2.12452.5.1.8.8.5.5
1.1.2.12577.5.1.2.1.4
1.1.2.12722.5.1
1.1.2.12764.43.2.24.11.15.1
1.1.2.12768.5.1
1.1.2.12835.22.2.9.1
1.1.2.12867.38.3.17.2.5
1.1.2.12962.24.2.18.11
1.1.2.13180.5.1.1
1.1.2.13253.26.3.14
1.1.2.13253.32.1.18.6
1.1.2.13272.19.2.6.1.4
1.1.2.13298.5.1.1.6.16.2
1.1.2.13314.29.3.7.1.3.1
1.1.2.13322.15.2.9.4.6
1.1.2.13341.3
1.1.2.13464.5.1
1.1.2.13507.27.2.21.1.7
1.1.2.13516.34.1.18.2
1.1.2.13658.5.1.8.2.3.7.13
1.1.2.13696.5.1
1.1.2.13717.3
1.1.2.13729.9.1.4
1.1.2.13782.3
1.1.2.13987.19.1.9.6.11
1.1.2.14023.5.1.1.1
1.1.2.14036.5.1
1.1.2.14042.5.1.1.6.17
1.1.2.14048.14.2.6
1.1.2.14057.22.2
1.1.2.14215.6
1.1.2.14219.5.1.1.6.23
1.1.2.14257.20.3.8.11
1.1.2.14474.19.6.4.9.11
1.1.2.14475.24.9
1.1.2.14704.8.1.5.12
1.1.2.14740.30.4
1.1.2.14925.17.2.6.21.26.8.7
1.1.2.15070.36.5.10.1.2.1
1.1.2.15113.5.1.3.1.1.1.5
1.1.2.15188.15.2.5.9
1.1.2.15201.5.1.1.1
1.1.2.15241.5.1.7.2.4.4.41
1.1.3.15426.5.1.1.2
1.1.3.15429.5.1
1.1.3.15442.14.4.5.6.25
1.1.3.15489.5.1.17
1.1.3.15598.9.1.15
1.1.3.15650.22.2.6.3
1.1.3.15682.27.1.11
1.1.3.15774.5.1.8.3
1.1.3.15780.23.1.11
1.1.3.15785.5.1
1.1.3.15797.23.2.22
1.1.3.15860.5.1.3.6.46
1.1.3.15902.41.2
1.1.3.15981.5.1.2.2.6.3
1.1.3.15994.15.1.4
1.1.3.15996.34.1.22.5
1.1.3.16152.9.3.4
1.1.3.16187.34.1.15.7
1.1.3.16262.27.4.22.14.11
1.1.3.16265.5.1.3.2.24.1.5.10
1.1.3.16330.5.1.1.6
1.1.3.16507.13
1.1.3.16523.5.1
1.1.3.16541.5.1.1
1.1.3.16543.15.2.11.3.9.2
1.1.3.16595.5.1.2.9.10
1.1.3.16664.15.3.9.4.7.1.2
1.1.3.16838.9.2.8.7
1.1.3.16927.25.1.4.1
1.1.3.16943.5.1.4.8.12
1.1.3.16962.5.1.1.1.4.1
1.1.3.16965.5.1.29
1.1.3.16967.26.2.14.9
1.1.3.16975.9.2.11.4
1.1.3.16998.5.1.3
1.1.3.17052.9.4.8
1.1.3.17175.29.3.13
1.1.3.17253.37.1.4.2
1.1.3.17312.5.1.3.1.15.3.58.10
1.1.3.17314.5.1.1.3.1.1.72
1.1.3.17353.5.1.4.2.5
1.1.3.17397.22.2.16
1.1.3.17507.14.4.9.4.5.4.8
1.1.3.17530.5.1.1.1
1.1.3.17550.9.1.11.6
1.1.3.17584.10.1.4
1.1.3.17600.25.1.11
1.1.3.17609.5.1.8
1.1.3.17623.26.1.5.7
1.1.3.17668.27.1.10.6
1.1.3.17786.14.5
1.1.3.17812.5.1.8.8.5.5
1.1.3.17864.5.1
1.1.3.17900.11.2.10
1.1.3.17933.5.1.2.1.4
1.1.3.18080.5.1
1.1.3.18121.35.2.25
1.1.3.18213.9.3.8
1.1.3.18252.9.1.4.1
1.1.3.18256.5.1
1.1.3.18274.5.1.8.2.3
1.1.3.18287.5.1.1.1.27.3.4
1.1.3.18362.24.2.18.11
1.1.3.18590.16.2.11.4.5.1.10
1.1.3.18656.26.3.14
1.1.3.18656.32.1.18.6
1.1.3.18666.5.1.2.8.28.5.10.6
1.1.3.18670.15.1.4.23
1.1.3.18694.9.1.8
1.1.3.18720.17.2.15.7
1.1.3.18727.5.1.8.15.29.3
1.1.3.18727.5.1.8.15.30.1.23
1.1.3.18751.3
1.1.3.18882.5.1
1.1.3.18924.27.2.24.1.7
1.1.3.18933.34.1.18.2
1.1.3.19077.5.1.8.2.3.7.13
1.1.3.19095.5.1.12.2
1.1.3.19112.11.1.4.2
1.1.3.19143.9.1.4
1.1.3.19172.5.1.3.4.10.5
1.1.3.19386.5.1.5
1.1.3.19398.5.1.3.1.13
1.1.3.19413.17.3
1.1.3.19468.5.1.1.1.1
1.1.3.19474.14.2.6
1.1.3.19483.22.2
1.1.3.19516.5.1.5.4.17
1.1.3.19606.25.3.15
1.1.3.19654.6
1.1.3.19658.5.1.1.6.23
1.1.3.19696.20.3.8.11
1.1.3.19774.5.1.16.2
1.1.3.19821.51.1.23
1.1.3.19910.19.6.4.9.11
1.1.3.19911.24.9
1.1.3.19918.16.2.8
1.1.3.20334.15.1.8.1
1.1.3.20370.5.1.8.6.2
1.1.3.20410.17.4.8
1.1.3.20528.14.2.10.1.5.6.10
1.1.3.20578.5.1.3.1.1.1.5
1.1.3.20585.5.1.7.1.22
1.1.3.20893.9.2.8
1.1.3.20904.14.4.5.10.5
1.1.3.20948.5.1.17
1.1.3.21071.21.2.16
1.1.3.21086.12.1.11
1.1.3.21106.8.2.8.4.4
1.1.3.21145.27.1.11
1.1.3.21159.38.3.5.6.2.2
1.1.3.21239.5.1.8.2.4.1
1.1.3.21249.5.1
1.1.3.21259.5.1.16
1.1.3.21310.5.1.6.6.16
1.1.3.21333.15.3
1.1.3.21334.5.1.21.1.5
1.1.3.21422.49
1.1.3.21443.5.1.2.2.6.3
1.1.3.21464.9.2.10.29
1.1.3.21623.9.3.4
1.1.3.21636.19.4.4
1.1.3.21662.34.1.15.7
1.1.3.21729.25.2.14.10.19.2
1.1.3.21735.27.4.22.14.4
1.1.3.21738.5.1.3.2.17.1.5.40
1.1.3.21803.5.1.1.6
1.1.3.21953.13.3.4.1
1.1.3.21961.9.1.26.9
1.1.3.21988.5.1
1.1.3.22007.19.1.4.4
1.1.3.22011.14.2.23.11.5.1
1.1.3.22015.9.1.7.1
1.1.3.22058.5.1
1.1.3.22128.15.3.9.4.7.1.2
1.1.3.22229.5.1.1
1.1.3.22304.29.2.26.1.11
1.1.3.22315.9.2.8.7
1.1.3.22368.37.2.13.13
1.1.3.22400.25.1.4.1
1.1.3.22416.5.1.4.8.12
1.1.3.22435.5.1.1.1.4.1
1.1.3.22438.5.1.29
1.1.3.22440.26.2.14.9
1.1.3.22448.9.2.11.4
1.1.3.22471.5.1.3
1.1.3.22526.9.4.8
1.1.3.22596.33.1.9
1.1.3.22647.5.1.5.10.29
1.1.3.22666.13.1.23
1.1.3.22734.5.1.3.5.12.2
1.1.3.22819.9.2.8.7.2
1.1.3.22821.33.1.14.10
1.1.3.22868.5.1.4.2.5
1.1.3.23026.14.4.9.4.5.4.8
1.1.3.23049.5.1.1.1
1.1.3.23114.37.1.22
1.1.3.23123.5.1.8
1.1.3.23137.26.1.5.7
1.1.3.23181.27.1.10.6
1.1.3.23299.14.5
1.1.3.23326.5.1.8.8.5.5
1.1.3.23412.5.1.1
1.1.3.23422.5.1.3
1.1.3.23437.5.1.2.1.17
1.1.3.23581.25.1.21.7
1.1.3.23615.35.2.25
1.1.3.23703.22.2.9.1
1.1.3.23732.26.1.17.17
1.1.3.23847.24.2.18.11
1.1.3.24063.16.2.11.4.11.1.9
1.1.3.24128.26.3.14
1.1.3.24128.32.1.18.6
1.1.3.24138.5.1.2.8.28.5.7.18
1.1.3.24142.5.1.6
1.1.3.24165.5.1.1.1.55.7
1.1.3.24166.5.1.3.2.4.3
1.1.3.24198.5.1.8.15.24.3
1.1.3.24198.5.1.8.15.25.1.64
1.1.3.24222.3
1.1.3.24343.5.1
1.1.3.24370.5.1.2.1
1.1.3.24405.27.2.24.1.7
1.1.3.24415.9.1.4.1
1.1.3.24421.10.1.9
1.1.3.24555.5.1.8.2.3.7.13
1.1.3.24590.9.1.4.2
1.1.3.24610.3
1.1.3.24622.9.1.4
1.1.3.24632.5.1.5.2
1.1.3.24653.5.1.3.4.10.5
1.1.3.24691.25.1.10
1.1.3.24868.5.1.9
1.1.3.24894.15.2.4
1.1.3.24908.11.2.4.2.2
1.1.3.24910.27.2
1.1.3.24923.17.2.8.8
1.1.3.25056.9.2.8.3
1.1.3.25112.5.1.1.5.14.1
1.1.3.25148.20.3.8.11
1.1.3.25228.5.1.17.9
1.1.3.25275.51.1.23
1.1.3.25364.19.6.4.9.11
1.1.3.25365.24.9
1.1.3.25372.16.2.8
1.1.3.25584.8.1.5.12
1.1.3.25811.22.2.6.4.2.1
1.1.3.25853.5.1
1.1.3.25948.26.3.27.1.12.2
1.1.3.25951.57.5.10.1.2.1
1.1.3.25992.5.1.3.1.1.1.18
1.1.3.25999.5.1.7.1.22
1.1.3.26138.16.2.10.4
1.1.3.26296.5.1.1.2
1.1.3.26299.5.1
1.1.3.26310.13.2.5
1.1.3.26330.5.1.1.4
1.1.3.26356.5.1.17
1.1.3.26373.44.2.14.1
1.1.3.26472.9.1.15
1.1.3.26524.22.2.6.3
1.1.3.26556.27.1.11
1.1.3.26648.5.1.8.3
1.1.3.26654.23.1.11
1.1.3.26659.5.1
1.1.3.26671.23.2.22
1.1.3.26715.5.1.6.6.16
1.1.3.26738.15.3
1.1.3.26739.5.1.21.1.5
1.1.3.26847.5.1.2.2.6.3
1.1.3.26868.5.1.1
1.1.3.26907.8.4.12
1.1.3.27041.19.4.4
1.1.3.27067.34.1.15.7
1.1.3.27131.25.2.14.10.9.1
1.1.3.27137.27.4.22.14.4
1.1.3.27140.5.1.3.2.17.1.5.12
1.1.3.27207.5.1.1.6
1.1.3.27369.21.3.4.1
1.1.3.27412.5.1
1.1.3.27418.14.2.5.2.3.1
1.1.3.27432.10.1.4.2
1.1.3.27436.14.2.23.9.6.1
1.1.3.27440.9.1.7.1
1.1.3.27483.5.1
1.1.3.27555.15.3.9.4.7.1.2
1.1.3.27660.5.1.1
1.1.3.27752.9.2.8.6
1.1.3.27837.25.1.4.1
1.1.3.27853.5.1.4.8.12
1.1.3.27879.9.3.4.6
1.1.3.27888.16.1.6.10
1.1.3.27912.5.1.3.3.33
1.1.3.28072.26.2.5.27.25.1.17
1.1.3.28137.5.1.6.2.3
1.1.3.28163.5.1.3.5.12.2
1.1.3.28243.9.2.34.11
1.1.3.28285.5.1.4.2.5
1.1.3.28482.9.1.11.6
1.1.3.28491.42.1.8
1.1.4.25.8.3.8.10
1.1.4.48.26.1.5.7
1.1.4.95.27.1.10.6
1.1.4.213.14.5
1.1.4.240.5.1.8.8.5.5
1.1.4.330.17.2
1.1.4.367.10.1.15.2
1.1.4.380.15.2.28.29.7.2
1.1.4.504.25.1.21.7
1.1.4.525.13.1.14
1.1.4.628.22.2.9.1
1.1.4.663.14.2.8.8.10.5.2
1.1.4.712.10.2.34.9
1.1.4.722.5.1.1.2.9.3
1.1.4.761.24.2.18.11
1.1.4.976.16.2.11.4.11.1.9
1.1.4.1041.26.3.14
1.1.4.1041.32.1.18.6
1.1.4.1060.19.2.6.1.4
1.1.4.1086.5.1.1.6.16.2
1.1.4.1121.17.1.5.10
1.1.4.1122.22.3.12
1.1.4.1123.5.1
1.1.4.1199.6
1.1.4.1294.8.1.9
1.1.4.1310.8.1.7
1.1.4.1336.16.2.6
1.1.4.1350.16.2.9.1.2
1.1.4.1492.5.1.8.2.3.7.13
1.1.4.1510.5.1.12.2
1.1.4.1530.11.1.4.2
1.1.4.1552.3
1.1.4.1564.9.1.4
1.1.4.1574.5.1.5.2
1.1.4.1810.8.1.4.1
1.1.4.2001.25.3.15
1.1.4.2060.5.1.1.5.14.1
1.1.4.2096.20.3.8.11
1.1.4.2213.51.1.23
1.1.4.2302.19.6.4.9.11
1.1.4.2303.24.9
1.1.4.2310.16.2.8
1.1.4.2574.5.1
1.1.4.2782.5.1.8.6.2
1.1.4.2822.17.4.8
1.1.4.2935.36.5.10.1.2.1
1.1.4.2949.17
1.1.4.2981.5.1.3.1.1.1.5
1.1.4.2988.5.1.7.1.22
1.1.4.3097.21.2.4.12
1.1.4.3131.20
1.1.4.3176.39
1.1.4.3261.5.1.4.2.2.2
1.1.4.3274.5.1.2.6.32
1.1.4.3295.16.1.8
1.1.4.3319.5.1.17
1.1.4.3351.13.3.6.1.1.2
1.1.4.3427.38.6.4
1.1.4.3467.15.2.5.4
1.1.4.3475.27.2.7.1.42.9
1.1.4.3509.27.1.11
1.1.4.3611.33.1.15.14.10
1.1.4.3618.5.1
1.1.4.3634.26.1.4.2
1.1.4.3640.32
1.1.4.3705.15.2.10.1.6
1.1.4.3749.41.2
1.1.4.3820.5.1.2.2.6.3
1.1.4.4008.9.3.4
1.1.4.4018.19.4.4
1.1.4.4044.34.1.15.7
1.1.4.4114.25.2.14.10.19.2
1.1.4.4120.27.4.22.14.4
1.1.4.4123.5.1.3.2.17.1.5.9
1.1.4.4188.5.1.1.6
1.1.4.4279.38.1.8
1.1.4.4348.9.1.29.9
1.1.4.4382.5.1
1.1.4.4388.14.2.5.2.3.1
1.1.4.4402.10.1.4.2
1.1.4.4406.14.2.23.9.6.1
1.1.4.4410.9.1.7.1
1.1.4.4453.5.1.6.1.3.7.40
1.1.4.4454.5.1
1.1.4.4538.14.2.5.18.5
1.1.4.4613.24.1.8
1.1.4.4641.5.1.1
1.1.4.4704.10.1.4.5
1.1.4.4720.5.1.1.1
1.1.4.4774.37.2.13.13
1.1.4.4806.25.1.4.1
1.1.4.4822.5.1.4.8.12
1.1.4.4841.5.1.1.1.4.1
1.1.4.4844.5.1.29
1.1.4.4846.26.2.14.9
1.1.4.4854.9.2.11.4
1.1.4.4877.5.1.3
1.1.4.4921.9.5.4
1.1.4.4984.5.1.1.8
1.1.4.5032.5.1.5.10.29
1.1.4.5096.5.1.6.2.3
1.1.4.5122.5.1.3.5.12.2
1.1.4.5191.9.2.8.15.4
1.1.4.5193.33.1.14.10
1.1.4.5237.5.1.4.2.5
1.1.4.5287.22.2.16
1.1.4.5425.5.1.1.1
1.1.4.5473.10.1.4
1.1.4.5489.25.1.11
1.1.4.5498.5.1.8
1.1.4.5506.13.2.19.10
1.1.4.5507.9.1.23.13
1.1.4.5556.5.1.9.2.3.2.28
1.1.4.5598.21.3.4.12
1.1.4.5676.5.1
1.1.4.5706.17.1.5
1.1.4.5843.5.1.2
1.1.4.5979.25.1.21.7
1.1.4.6010.5.1
1.1.4.6098.9.3.8
1.1.4.6130.5.1.21.5.8
1.1.4.6151.9.1.31.20
1.1.4.6180.10.2.34.9
1.1.4.6190.5.1.1.2.8.3
1.1.4.6229.24.2.18.11
1.1.4.6326.13
1.1.4.6430.5.1.1
1.1.4.6500.26.3.14
1.1.4.6500.32.1.18.6
1.1.4.6520.34.2.10.10
1.1.4.6569.5.1.8.15.24.3
1.1.4.6569.5.1.8.15.25.1.27
1.1.4.6593.3
1.1.4.6654.6
1.1.4.6734.5.1.3.2.9.1.1
1.1.4.6741.5.1
1.1.4.6784.5.1.3.1.5.3.3
1.1.4.6792.5.1.18
1.1.4.6797.5.1
1.1.4.6869.9.2.9
1.1.4.6938.10.1.9.14
1.1.4.6971.27.2.18
1.1.4.7002.9.1.4
1.1.4.7012.5.1.5.2
1.1.4.7060.3
1.1.4.7083.25.1.10
1.1.4.7263.5.1.9
1.1.4.7306.14.2.6
1.1.4.7315.22.2
1.1.4.7432.25.3.15
1.1.4.7482.5.1.1.5.13.1
1.1.4.7518.20.3.8.11
1.1.4.7588.21.4
1.1.4.7604.5.1
1.1.4.7711.19.6.4.9.11
1.1.4.7712.24.9
1.1.4.7719.16.2.8
1.1.4.7807.11.2.8
1.1.4.7928.5.1.2
1.1.4.7931.5.1
1.1.4.8008.30.4.5.11
1.1.4.8144.15.1.8.1
1.1.4.8174.17.2.6.21.26.10.25
1.1.4.8220.5.1
1.1.4.8311.26.3.27.1.12.2
1.1.4.8314.57.5.10.1.2.1
1.1.4.8328.17
1.1.4.8379.13.2.7
1.1.4.8442.15.2.5.9
1.1.4.8455.5.1.1.1
1.1.4.8585.39
1.1.4.8678.15.3.6.26.25
1.1.4.8730.5.1.17
1.1.4.8789.22.2.8
1.1.4.8842.21.2.16
1.1.4.8857.12.1.11
1.1.4.8877.8.2.8.4.4
1.1.4.8916.27.1.11
1.1.4.8930.38.3.5.6.2.2
1.1.4.9013.5.1.8.3
1.1.4.9019.23.1.11
1.1.4.9024.5.1
1.1.4.9034.5.1.16
1.1.4.9110.13.3.6.6.31.1.4
1.1.4.9227.5.1.2.2.6.3
1.1.4.9251.9.2.10.30
1.1.4.9414.9.3.4
1.1.4.9427.18.4.4
1.1.4.9453.34.1.15.7
1.1.4.9492.19.1.28
1.1.4.9522.25.2.14.10.9.1
1.1.4.9528.27.4.22.14.4
1.1.4.9531.5.1.3.2.17.1.5.32
1.1.4.9618.13.4.29.1.14.3
1.1.4.9663.16.2.4
1.1.4.9738.5.1.2.2.18.3
1.1.4.9774.5.1
1.1.4.9793.19.1.4.4
1.1.4.9797.14.2.23.11.5.1
1.1.4.9801.9.1.7.1
1.1.4.9844.5.1
1.1.4.9913.5.1.7
1.1.4.9974.24.1.10
1.1.4.10002.5.1.1
1.1.4.10055.18.6.18.1.6.3
1.1.4.10090.9.2.8.7
1.1.4.10173.25.1.4.1
1.1.4.10189.5.1.4.8.12
1.1.4.10208.5.1.1.1.4.1
1.1.4.10211.5.1.29
1.1.4.10213.26.2.14.9
1.1.4.10221.9.2.11.4
1.1.4.10244.5.1.3
1.1.4.10257.5.1.1.12.11.1.1
1.1.4.10289.9.5.4
1.1.4.10390.29.3.13
1.1.4.10405.28.1.4.4
1.1.4.10407.13.1.11
1.1.4.10460.65.2.4.17
1.1.4.10465.5.1.3.5.18.2
1.1.4.10523.11.2.16
1.1.4.10540.9.2.8.15.4
1.1.4.10542.33.1.14.10
1.1.4.10589.13.1.4
1.1.4.10770.5.1.1.1
1.1.4.10819.10.1.4
1.1.4.10836.5.1.3.3.3.1.1
1.1.4.10836.5.1.5.1.6
1.1.4.10843.17.1.20.7
1.1.4.10853.5.1.2.40.22.6
1.1.4.10853.5.1.3.41.24.9.21
1.1.4.10905.5.1.5
1.1.4.11022.14.5
1.1.4.11049.5.1.8.8.5.5
1.1.4.11104.5.1
1.1.4.11172.5.1.13
1.1.4.11209.5.1
1.1.4.11224.15.2
1.1.4.11235.5.1.1.9.10.6.18
1.1.4.11325.25.1.21.7
1.1.4.11362.35.2.25
1.1.4.11454.9.3.8
1.1.4.11483.26.1.17.17
1.1.4.11516.10.2.24
1.1.4.11545.10.2.34.9
1.1.4.11555.5.1.1.2.9.3
1.1.4.11594.24.2.18.11
1.1.4.11814.16.2.11.4.11.1.9
1.1.4.11873.34.2.14
1.1.4.11885.5.1.1.7.36.7
1.1.4.11892.19.2.6.1.4
1.1.4.11918.5.1.1.6.16.2
1.1.4.11953.17.1.5.10
1.1.4.11954.22.3.12
1.1.4.11955.5.1
1.1.4.11973.10.2.30
1.1.4.12144.16.2.6
1.1.4.12158.16.2.9.1.2
1.1.4.12296.5.1.8.2.3.7.13
1.1.4.12334.27.2.17
1.1.4.12356.3
1.1.4.12368.9.1.4
1.1.4.12378.5.1.5.2
1.1.4.12620.5.1.3.1.7
1.1.4.12635.17.3
1.1.4.12807.25.3.15
1.1.4.12859.5.1.1.5.13.1
1.1.4.12895.20.3.8.11
1.1.4.12967.5.1.17.9
1.1.4.13014.51.1.23
1.1.4.13074.8.2.8
1.1.4.13091.25.1.8.16.4
1.1.4.13093.5.1.2.18.7
1.1.4.13312.42.1.4.2
1.1.4.13494.15.1.8.1
1.1.4.13530.5.1.8.6.2
1.1.4.13570.17.4.8
1.1.4.13689.14.2.10.1.5.6.10
1.1.4.13736.5.1.3.1.1.1.18
1.1.4.13813.24.2.10.5.8.4
1.1.4.13867.9.2.4
1.1.4.13899.5.1
1.1.4.14053.9.2.8
1.1.4.14061.21.3.13.9.12
1.1.4.14078.5.1.1.4
1.1.4.14104.5.1.17
1.1.4.14252.15.2.5.4
1.1.4.14260.27.2.7.1.42.9
1.1.4.14294.27.1.11
1.1.4.14412.8.1.11.7
1.1.4.14475.15.2.10.1.6
1.1.4.14592.11.1.4.3.7
1.1.4.14619.5.1.1
1.1.4.14658.8.4.12
1.1.4.14805.18.4.4
1.1.4.14831.34.1.15.7
1.1.4.14911.27.4.22.14.11
1.1.4.14914.5.1.3.2.24.1.5.10
1.1.4.14981.5.1.1.6
1.1.4.15132.13.3.4.1
1.1.4.15142.5.1
1.1.4.15174.5.1
1.1.4.15192.5.1.1
1.1.4.15194.15.2.11.3.9.2
1.1.4.15203.6
1.1.4.15232.10.1.11.2
1.1.4.15297.12.2.4.4
1.1.4.15362.24.1.10
1.1.4.15390.5.1.1
1.1.4.15477.9.2.8.7
1.1.4.15562.25.1.4.1
1.1.4.15578.5.1.4.8.12
1.1.4.15597.5.1.1.1.4.1
1.1.4.15600.5.1.29
1.1.4.15602.26.2.14.9
1.1.4.15610.9.2.11.4
1.1.4.15633.5.1.3
1.1.4.15696.9.4.8
1.1.4.15804.9.1.7.5
1.1.4.15956.5.1.3.1.15.3.40.7
1.1.4.15958.5.1.1.3.1.1.54
1.1.4.15997.5.1.4.2.5
1.1.4.16143.14.4.9.4.5.4.8
1.1.4.16189.9.1.11.6
1.1.4.16198.42.1.8
1.1.4.16228.8.3.8.10
1.1.4.16248.5.1.1.7.9.1.4.52
1.1.4.16282.5.1.1.1
1.1.4.16395.14.5
1.1.4.16421.5.1.8.8.5.5
1.1.4.16473.5.1
1.1.4.16544.5.1.2.1.4
1.1.4.16687.5.1
1.1.4.16727.14.2.24.1.11.5.13
1.1.4.16812.9.3.8
1.1.4.16900.10.2.34.9
1.1.4.16910.5.1.1.2.9.3
1.1.4.16949.24.2.18.11
1.1.4.17047.13
1.1.4.17151.5.1.1
1.1.4.17222.26.3.14
1.1.4.17222.32.1.18.6
1.1.4.17241.19.2.6.1.4
1.1.4.17268.8.3.4
1.1.4.17293.5.1.8.15.24.3
1.1.4.17293.5.1.8.15.25.1.27
1.1.4.17317.10.2.30
1.1.4.17369.6
1.1.4.17458.5.1
1.1.4.17501.27.2.21.1.7
1.1.4.17510.34.1.18.2
1.1.4.17586.9.2.9
1.1.4.17663.5.1.8.2.3.7.13
1.1.4.17713.5.1
1.1.4.17726.9.1.4
1.1.4.17982.5.1.9
1.1.4.18008.15.2.4
1.1.4.18022.11.2.4.2.2
1.1.4.18024.27.2
1.1.4.18037.17.2.8.8
1.1.4.18170.9.2.8.3
1.1.4.18217.6
1.1.4.18221.5.1.1.6.23
1.1.4.18259.20.3.8.11
1.1.4.18380.51.1.23
1.1.4.18458.19.6.4.9.11
1.1.4.18459.24.9
1.1.4.18466.16.2.8
1.1.4.18688.5.1.2
1.1.4.18691.5.1
1.1.4.18732.5.1
1.1.4.18905.5.1.1.3.7
1.1.4.18950.5.1
1.1.4.19041.10.1.4.1
1.1.4.19052.26.3.27.1.7.1
1.1.4.19055.57.5.10.1.2.1
1.1.4.19096.5.1.3.1.1.1.5
1.1.4.19174.24.2.10.5.8.4
1.1.4.19179.25.2
1.1.4.19404.5.1.1.2
1.1.4.19407.5.1
1.1.4.19417.5.1.3.20.29
1.1.4.19461.5.1.17
1.1.4.19586.5.1.17.2.3
1.1.4.19600.15.2.5.4
1.1.4.19608.27.2.7.1.47.9
1.1.4.19647.79.4.33.1.2.4
1.1.4.19750.14.2.9.9
1.1.4.19759.5.1
1.1.4.19773.14.1.17.13.11
1.1.4.19778.32
1.1.4.19848.5.1.3.6.46
1.1.4.19890.41.2
1.1.4.19962.5.1.4.4.39.2
1.1.4.20172.19.4.4
1.1.4.20198.34.1.15.7
1.1.4.20259.25.2.14.40.15.2
1.1.4.20265.27.4.22.14.4
1.1.4.20268.5.1.3.2.17.1.5.7
1.1.4.20333.5.1.1.6
1.1.4.20486.13.3.4.1
1.1.4.20496.9.1.13.3
1.1.4.20523.5.1
1.1.4.20528.22.3.32.7
1.1.4.20547.5.1.40
1.1.4.20605.28.3.6.1.25.4.17
1.1.4.20673.12.2.4.4
1.1.4.20742.24.1.10
1.1.4.20770.5.1.1
1.1.4.20817.18.6.18.1.6.3
1.1.4.20841.29.2.26.1.11
1.1.4.20852.9.2.8.7
1.1.4.20940.25.1.4.1
1.1.4.20956.5.1.4.8.12
1.1.4.20975.5.1.1.1.4.1
1.1.4.20978.5.1.29
1.1.4.20980.26.2.14.9
1.1.4.20988.9.2.11.4
1.1.4.21010.8.3.12.10
1.1.4.21030.6
1.1.4.21181.29.3.13
1.1.4.21198.10.3.36
1.1.4.21200.5.1.2.1
1.1.4.21275.5.1.3.5.12.2
1.1.4.21355.9.2.34.11
1.1.4.21400.5.1.4.2.5
1.1.4.21546.14.4.9.4.5.4.8
1.1.4.21569.5.1.1.1
1.1.4.21589.9.1.11.6
1.1.4.21619.10.1.4
1.1.4.21635.25.1.11
1.1.4.21644.5.1.8
1.1.4.21652.13.2.19.10
1.1.4.21653.9.1.23.13
1.1.4.21702.5.1.4.2.3.2.8
1.1.4.21736.21.3.4.12
1.1.4.21814.5.1
1.1.4.21844.17.1.5
1.1.4.21982.5.1.2.1.10
1.1.4.22122.5.1
1.1.4.22161.35.2.25
1.1.4.22282.9.1.4.2
1.1.4.22307.9.1.31.20
1.1.4.22355.6
1.1.4.22394.24.2.18.11
1.1.4.22609.5.1.1
1.1.4.22676.5.1.2.4.16.8.13
1.1.4.22676.5.1.2.4.17.9.16
1.1.4.22697.19.2.6.1.4
1.1.4.22719.42.1.28
1.1.4.22748.17.2.15.7
1.1.4.22755.5.1.8.15.29.3
1.1.4.22755.5.1.8.15.30.1.23
1.1.4.22779.3
1.1.4.22833.6
1.1.4.22959.16.2.6
1.1.4.22973.16.2.9.1.2
1.1.4.23122.5.1.8.2.3.7.13
1.1.4.23140.5.1.12.2
1.1.4.23156.10.3.14.11
1.1.4.23183.9.1.4
1.1.4.23193.5.1.5.2
1.1.4.23214.5.1.3.4.10.5
1.1.4.23528.5.1.9
1.1.4.23613.25.3.15
1.1.4.23661.6
1.1.4.23665.5.1.1.6.23
1.1.4.23703.20.3.8.11
1.1.4.23820.51.1.23
1.1.4.23894.25.1.8.16.4
1.1.4.23896.5.1.2.18.7
1.1.4.23993.11.2.8
1.1.4.24306.15.1.8.1
1.1.4.24336.17.2.7.2.24
1.1.4.24383.5.1
1.1.4.24488.26.3.27.1.12.2
1.1.4.24491.57.5.10.1.2.1
1.1.4.24508.5.1.3.1.3.1
1.1.4.24524.23.2.24.18.14.3
1.1.4.24532.12.1.8
1.1.4.24537.26.1.4.7
1.1.4.24602.15.2.5.9
1.1.4.24615.5.1.1.1
1.1.4.24878.14.4.5.6.25
1.1.4.24905.16.1.8
1.1.4.24929.5.1.17
1.1.4.25035.38.6.4
1.1.4.25075.15.2.5.4
1.1.4.25083.27.2.7.1.42.9
1.1.4.25117.27.1.11
1.1.4.25131.38.3.5.6.2.2
1.1.4.25214.5.1.8.3
1.1.4.25220.23.1.11
1.1.4.25225.5.1
1.1.4.25235.5.1.16
1.1.4.25269.3
1.1.4.25304.5.1.3.6.46
1.1.4.25344.6
1.1.4.25350.12.2.8
1.1.4.25405.49
1.1.4.25426.5.1.2.2.6.3
1.1.4.25439.15.1.4
1.1.4.25590.8.1.4
1.1.4.25630.5.1.2.1.22.1
1.1.4.25647.34.1.15.7
1.1.4.25713.5.1.1.8.2.7
1.1.4.25717.5.1.21.2.14
1.1.4.25939.13.3.4.1
1.1.4.25949.5.1
1.1.4.26011.5.1.21
1.1.4.26060.5.1
1.1.4.26130.12.2.4.4
1.1.4.26206.24.1.10
1.1.4.26246.13.2.10.2
1.1.4.26329.9.2.8.6
1.1.4.26348.5.1
1.1.4.26418.25.1.4.1
1.1.4.26434.5.1.4.8.12
1.1.4.26453.5.1.1.1.4.1
1.1.4.26456.5.1.29
1.1.4.26458.26.2.14.9
1.1.4.26466.9.2.11.4
1.1.4.26489.5.1.3
1.1.4.26664.5.1.5.10.29
1.1.4.26728.5.1.6.2.3
1.1.4.26754.5.1.3.5.12.2
1.1.4.26804.9.3.23
1.1.4.26824.5.1.3.1.16.12.11.12
1.1.4.26826.5.1.1.3.1.1.25
1.1.4.26865.5.1.4.2.5
1.1.4.26915.22.2.16
1.1.4.27066.9.1.11.6
1.1.4.27096.10.1.4
1.1.4.27112.25.1.11
1.1.4.27121.5.1.8
1.1.4.27134.17.1.5.2
1.1.4.27183.27.1.10.6
1.1.4.27309.5.1
1.1.4.27339.17.1.5
1.1.4.27432.17.2
1.1.4.27478.5.1.2.1.4
1.1.4.27618.5.1
1.1.4.27657.35.2.25
1.1.4.27749.9.3.8
1.1.4.27812.10.2.24
1.1.4.27898.24.2.18.11
1.1.4.27995.13
1.1.4.28097.5.1.1
1.1.4.28168.26.3.14
1.1.4.28168.32.1.18.6
1.1.4.28187.19.2.6.1.4
1.1.4.28214.8.3.4
1.1.4.28229.5.1.2.1.1.1.2
1.1.4.28233.37.2.22.16.16
1.1.4.28237.5.1.30.22
1.1.4.28300.6
1.1.4.28390.5.1.3.2.9.1.1
1.1.4.28438.27.2.24.1.7
1.1.4.28447.34.1.18.2
1.1.4.28589.5.1.8.2.3.7.13
1.1.4.28607.5.1.12.2
1.1.4.28624.11.1.4.2
1.1.4.28640.3
1.1.4.28652.9.1.4
1.1.4.28662.5.1.5.2
1.1.4.28892.8.1.4.1
1.1.4.28903.5.1.9
1.1.4.28957.17.2.8.8
1.1.4.29077.25.3.15
1.1.4.29139.5.1.1.5.14.1
1.1.4.29175.20.3.8.11
1.1.4.29245.21.4
1.1.4.29261.5.1
1.1.4.29375.19.6.4.9.11
1.1.4.29376.24.9
1.1.4.29383.16.2.8
1.1.4.29827.5.1.1.3.7
1.1.4.29872.5.1
1.1.4.29977.14.2.10.1.5.6.51
1.1.4.30030.11.1.4.3
1.1.4.30102.15.2.5.9
1.1.4.30115.5.1.1.1
1.1.4.30155.5.1.7.2.4.4.41
1.1.4.30340.5.1.4.2.2.2
1.1.4.30353.5.1.2.6.32
1.1.4.30373.5.1.1.4
1.1.4.30399.5.1.17
1.1.4.30507.9.1.15
1.1.4.30529.24.3.9.2.5.4.2
1.1.4.30544.15.2.5.4
1.1.4.30552.27.2.7.1.34.13
1.1.4.30602.38.3.5.6.2.2
1.1.4.30680.33.1.15.14.10
1.1.4.30687.5.1
1.1.4.30703.26.1.4.2
1.1.4.30709.32
1.1.4.30772.5.1.3.6.46
1.1.4.30822.41.2
1.1.4.30901.5.1.2.2.6.3
1.1.4.30924.5.1.1
1.1.4.30963.8.4.12
1.1.4.31106.10.1.4
1.1.4.31109.19.4.4
1.1.4.31135.34.1.15.7
1.1.4.31211.27.4.22.14.11
1.1.4.31214.5.1.3.2.24.1.5.10
1.1.4.31279.5.1.1.6
1.1.4.31449.13
1.1.4.31465.5.1
1.1.4.31483.5.1.1
1.1.4.31485.15.2.11.3.9.2
1.1.4.31494.6
1.1.4.31524.14.2.5
1.1.4.31593.12.2.4.4
1.1.4.31658.24.1.10
1.1.4.31686.5.1.1
1.1.4.31739.18.6.18.1.6.3
1.1.4.31770.5.1.2.15.12.2.11
1.1.4.31860.25.1.4.1
1.1.4.31876.5.1.4.8.12
1.1.4.31895.5.1.1.1.4.1
1.1.4.31898.5.1.29
1.1.4.31900.26.2.14.9
1.1.4.31908.9.2.11.4
1.1.4.31931.5.1.3
1.1.4.31975.9.4.8
1.1.4.32047.33.1.9
1.1.4.32112.29.3.13
1.1.4.32129.13.1.11
1.1.4.32197.5.1.3.5.12.2
1.1.4.32262.5.1.3.1.15.3.50.15
1.1.4.32264.5.1.1.3.1.1.64
1.1.4.32303.5.1.4.2.5
1.1.4.32449.14.4.9.4.5.4.8
1.1.4.32472.5.1.1.1
1.1.4.32522.10.1.4
1.1.4.32538.25.1.11
1.1.4.32547.5.1.8
1.1.4.32560.17.1.5.2
1.1.4.32711.14.5
1.1.4.32735.5.1.8.8.5.5
1.1.4.32787.5.1
1.1.4.32857.5.1.2.2.5
1.1.4.33001.5.1
1.1.4.33042.35.2.25
1.1.4.33134.9.3.8
1.1.4.33166.5.1.21.5.8
1.1.4.33191.10.2.24
1.1.4.33220.10.2.34.9
1.1.4.33230.5.1.1.2.9.3
1.1.4.33269.24.2.18.11
1.1.4.33499.16.2.11.4.11.1.9
1.1.4.33557.17.1.10.7.11.5.14
1.1.4.33557.17.1.11.1.4
1.1.4.33558.5.1.12.3
1.1.4.33577.34.2.10.10
1.1.4.33598.8.3.4
1.1.4.33613.5.1.2.1.1.1.2
1.1.4.33618.37.2.26.16.16
1.1.4.33622.5.1.34.22
1.1.4.33636.10.2.30
1.1.4.33705.6
1.1.4.33792.5.1
1.1.4.33834.27.2.24.1.7
1.1.4.33843.34.1.18.2
1.1.4.33885.5.1.4.2
1.1.4.33992.5.1.8.2.3.7.13
1.1.4.34010.5.1.12.2
1.1.4.34030.11.1.4.2
1.1.4.34061.9.1.4
1.1.4.34071.5.1.5.2
1.1.4.34306.17.2.7
1.1.4.34317.5.1.9
1.1.4.34343.15.2.4
1.1.4.34357.11.2.4.2.2
1.1.4.34359.27.2
1.1.4.34370.5.1.1.1.1
1.1.4.34376.14.2.6
1.1.4.34385.22.2
1.1.4.34553.6
1.1.4.34557.5.1.1.6.23
1.1.4.34595.20.3.8.11
1.1.4.34712.51.1.23
1.1.4.34806.19.6.4.9.11
1.1.4.34807.24.9
1.1.4.34939.13.2.11.1
1.1.4.35065.30.4
1.1.4.35227.15.1.8.1
1.1.4.35262.5.1.8.6.2
1.1.4.35302.17.4.8
1.1.4.35418.14.2.10.1.5.6.4
1.1.4.35465.5.1.3.1.1.1.18
1.1.4.35540.15.2.5.9
1.1.4.35553.5.1.1.1
1.1.4.35596.5.1.7.2.4.4.49
1.1.4.35775.5.1.4.2.2.2
1.1.4.35788.5.1.2.3.4
1.1.4.35838.5.1.17
1.1.4.35857.61.2.14.1
1.1.4.35956.9.1.15
1.1.5.36005.8.2.8.4.4
1.1.5.36044.27.1.11
1.1.5.36058.38.3.5.6.2.2
1.1.5.36136.5.1.8.3
1.1.5.36142.23.1.11
1.1.5.36147.5.1
1.1.5.36157.5.1.16
1.1.5.36233.15.2.10.1.6
1.1.5.36269.6
1.1.5.36275.12.2.8
1.1.5.36361.5.1.2.2.6.3
1.1.5.36381.5.1.1.24.10.1.2
1.1.5.36539.9.3.4
1.1.5.36552.18.4.4
1.1.5.36578.34.1.15.7
1.1.5.36654.27.4.22.14.11
1.1.5.36657.5.1.3.2.24.1.5.9
1.1.5.36722.5.1.1.6
1.1.5.36872.13.3.4.1
1.1.5.36882.9.1.13.3
1.1.5.36916.5.1
1.1.5.36922.14.2.5.2.3.1
1.1.5.36936.10.1.4.2
1.1.5.36940.14.2.23.9.6.1
1.1.5.36944.9.1.7.1
1.1.5.36987.5.1.6.1.3.7.40
1.1.5.36988.5.1
1.1.5.37012.10.1.12
1.1.5.37070.12.2.4.4
1.1.5.37142.24.1.10
1.1.5.37265.9.2.8.7
1.1.5.37350.25.1.4.1
1.1.5.37366.5.1.4.8.12
1.1.5.37392.9.3.4.6
1.1.5.37401.16.1.6.10
1.1.5.37425.5.1.3.3.33
1.1.5.37585.29.3.13
1.1.5.37659.5.1.8.3.4.1.30
1.1.5.37665.5.1.3.12
1.1.5.37732.15.2.8.3.4
1.1.5.37745.5.1.3.5
1.1.5.37824.22.2.16
1.1.5.37960.5.1.1.1
1.1.5.38008.10.1.4
1.1.5.38024.25.1.11
1.1.5.38033.5.1.8
1.1.5.38046.17.1.5.2
1.1.5.38095.27.1.10.6
1.1.5.38210.14.5
1.1.5.38236.5.1.8.8.5.5
1.1.5.38291.5.1
1.1.5.38362.5.1.2.1.10
1.1.5.38505.25.1.21.7
1.1.5.38540.43.2.24.11.15.1
1.1.5.38544.5.1
1.1.5.38641.9.1.4.1
1.1.5.38645.5.1
1.1.5.38754.24.2.18.11
1.1.5.38792.21.1.13
1.1.5.38979.16.2.11.4.5.1.10
1.1.5.39044.26.3.14
1.1.5.39044.32.1.18.6
1.1.5.39054.5.1.2.8.28.5.7.5
1.1.5.39058.15.1.4.23
1.1.5.39112.5.1.8.15.24.3
1.1.5.39112.5.1.8.15.25.1.27
1.1.5.39136.3
1.1.5.39183.6
1.1.5.39307.27.2.24.1.7
1.1.5.39316.34.1.18.2
1.1.5.39469.5.1.8.2.3.7.13
1.1.5.39487.5.1.12.2
1.1.5.39507.11.1.4.2
1.1.5.39538.9.1.4
1.1.5.39548.5.1.5.2
1.1.5.39615.25.1.10
1.1.5.39775.5.1.6
1.1.5.39785.5.1.9
1.1.5.39822.5.1.1.6
1.1.5.39834.5.1
1.1.5.39840.5.1.1.6.17
1.1.5.39846.14.2.6
1.1.5.39855.22.2
1.1.5.39968.9.2.8.3
1.1.5.40026.5.1.1.5.14.1
1.1.5.40064.20.3.8.11
1.1.5.40185.51.1.23
1.1.5.40267.14.1.39.13.10
1.1.5.40269.5.1.41.16.14.14.35
1.1.5.40271.20.2.22
1.1.5.40372.13.2.11.1
1.1.5.40695.22.2.6.4.2.1
1.1.5.40737.5.1
1.1.5.40831.36.5.10.1.2.1
1.1.5.40949.15.2.5.9
1.1.5.41088.39
1.1.5.41184.5.1.3.20.29
1.1.5.41204.5.1.1.4
1.1.5.41230.5.1.17
1.1.5.41324.9.1.15
1.1.5.41376.22.2.6.3
1.1.5.41408.27.1.11
1.1.5.41498.14.2.9.9
1.1.5.41507.5.1
1.1.5.41521.14.1.17.13.11
1.1.5.41526.32
1.1.5.41589.5.1.3.6.46
1.1.5.41631.41.2
1.1.5.41710.5.1.2.2.6.3
1.1.5.41892.9.3.4
1.1.5.41927.34.1.15.7
1.1.5.41953.15.2
1.1.5.41998.27.4.22.14.11
1.1.5.42001.5.1.3.2.24.1.5.12
1.1.5.42088.13.4.29.1.14.3
1.1.5.42132.16.2.4
1.1.5.42221.5.1
1.1.5.42253.5.1
1.1.5.42271.5.1.1
1.1.5.42273.15.2.11.3.9.2
1.1.5.42282.6
1.1.5.42311.10.1.11.2
1.1.5.42378.15.3.9.4.7.1.2
1.1.5.42444.24.1.10
1.1.5.42484.13.2.10.2
1.1.5.42528.18.6.18.1.6.3
1.1.5.42559.5.1.2.15.10.2.11
1.1.5.42647.25.1.4.1
1.1.5.42663.5.1.4.8.12
1.1.5.42682.5.1.1.1.4.1
1.1.5.42685.5.1.29
1.1.5.42687.26.2.14.9
1.1.5.42695.9.2.11.4
1.1.5.42717.8.3.12.10
1.1.5.42914.29.3.13
1.1.5.42931.13.1.11
1.1.5.42980.5.1.2
1.1.5.43061.9.2.34.11
1.1.5.43106.5.1.4.2.5
1.1.5.43271.5.1.1.1
1.1.5.43291.9.1.11.6
1.1.5.43300.42.1.8
1.1.5.43347.17.1.23.7
1.1.5.43357.5.1.2.40.34.2
1.1.5.43357.5.1.3.41.36.5.4
1.1.5.43404.5.1.9.2.3.2.26
1.1.5.43514.14.5
1.1.5.43538.5.1.8.8.5.5
1.1.5.43593.5.1
1.1.5.43625.17.2
1.1.5.43668.5.1.13
1.1.5.43705.5.1
1.1.5.43720.6
1.1.5.43827.5.1
1.1.5.43850.13.1.14
1.1.5.43867.35.2.25
1.1.5.43957.9.3.8
1.1.5.43998.5.1.2.2.4
1.1.5.44030.10.2.24
1.1.5.44115.24.2.18.11
1.1.5.44212.13
1.1.5.44316.5.1.1
1.1.5.44383.5.1.2.4.16.8.13
1.1.5.44383.5.1.2.4.17.9.16
1.1.5.44405.34.2.10.10
1.1.5.44454.5.1.8.15.24.3
1.1.5.44454.5.1.8.15.25.1.27
1.1.5.44478.3
1.1.5.44611.5.1
1.1.5.44653.27.2.24.1.7
1.1.5.44659.22.2.17.3.6
1.1.5.44664.21.1.14
1.1.5.44723.5.1.2.2
1.1.5.44756.15.2.7.1
1.1.5.44782.5.1.8.2.3.8.28
1.1.5.44800.5.1.12.2
1.1.5.44819.10.3.14.11
1.1.5.44846.9.1.4
1.1.5.44875.5.1.3.4.10.5
1.1.5.45087.5.1.5
1.1.5.45108.5.1.25.1
1.1.5.45128.15.2.4
1.1.5.45158.5.1.1.1.1
1.1.5.45164.14.2.6
1.1.5.45173.22.2
1.1.5.45287.25.3.15
1.1.5.45340.5.1.1.5.12.1
1.1.5.45376.20.3.8.11
1.1.5.45498.51.1.23
1.1.5.45571.19.6.4.9.11
1.1.5.45572.24.9
1.1.5.45579.16.2.8
1.1.5.45799.42.1.4.2
1.1.5.45914.5.1.10.2.6.10.34
1.1.5.46015.22.2.6.4.2.1
1.1.5.46058.5.1
1.1.5.46149.26.3.27.1.12.2
1.1.5.46152.57.5.10.1.2.1
1.1.5.46203.5.1.7.1.21
1.1.5.46313.5.1.7.2.4.4.20
1.1.5.46518.9.2.10.25
1.1.5.46538.5.1.1.4
1.1.5.46564.5.1.17
1.1.5.46686.15.2.5.4
1.1.5.46694.27.2.7.1.42.9
1.1.5.46733.79.4.33.1.2.4
1.1.5.46823.5.1.8.3
1.1.5.46829.23.1.11
1.1.5.46834.5.1
1.1.5.46903.28.2.12.5
1.1.5.46920.5.1.3.6.30
1.1.5.46962.41.2
1.1.5.47041.5.1.2.2.6.3
1.1.5.47063.5.1.1
1.1.5.47252.5.1.2.1.22.1
1.1.5.47269.34.1.15.7
1.1.5.47343.27.4.22.14.11
1.1.5.47346.5.1.3.2.24.1.5.37
1.1.5.47411.5.1.1.6
1.1.5.47563.13.3.4.1
1.1.5.47599.5.1
1.1.5.47617.5.1.1
1.1.5.47619.15.2.11.3.9.2
1.1.5.47628.6
1.1.5.47672.5.1.2
1.1.5.47673.18
1.1.5.47738.12.2.4.4
1.1.5.47894.18.6.18.1.6.3
1.1.5.47922.29.2.26.1.14
1.1.5.47933.9.2.8.7
1.1.5.48018.25.1.4.1
1.1.5.48034.5.1.4.8.12
1.1.5.48053.5.1.1.1.4.1
1.1.5.48056.5.1.29
1.1.5.48058.26.2.14.9
1.1.5.48066.9.2.11.4
1.1.5.48089.5.1.3
1.1.5.48231.29.3.13
1.1.5.48248.13.1.11
1.1.5.48316.5.1.3.5.12.2
1.1.5.48378.11.2.16
1.1.5.48395.9.2.8.15.4
1.1.5.48397.33.1.14.10
1.1.5.48441.5.1.4.2.6
1.1.5.48485.22.2.16
1.1.5.48586.14.4.9.4.5.4.8
1.1.5.48609.5.1.1.1
1.1.5.48657.10.1.4
1.1.5.48673.25.1.11
1.1.5.48682.5.1.8
1.1.5.48695.17.1.5.2
1.1.5.48746.27.1.10.6
1.1.5.48792.21.3.4.12
1.1.5.48870.5.1
1.1.5.49037.17.4
1.1.5.49057.5.1
1.1.5.49183.5.1
1.1.5.49223.43.2.24.11.15.1
1.1.5.49227.5.1
1.1.5.49330.14.2.8.8.10.5.10
1.1.5.49355.9.1.15.11
1.1.5.49386.24.1.4.3
1.1.5.49401.5.1.1.1
1.1.5.49446.24.2.18.11
1.1.5.49550.13
1.1.5.49654.5.1.1
1.1.5.49718.5.1.2.4.16.8.12
1.1.5.49718.5.1.2.4.17.9.15
1.1.5.49739.19.2.6.1.4
1.1.5.49764.9.1.8
1.1.5.49790.17.2.15.7
1.1.5.49797.5.1.8.15.29.3
1.1.5.49797.5.1.8.15.30.1.23
1.1.5.49821.3
1.1.5.49957.5.1
1.1.5.49999.16.2.6
1.1.5.50013.16.2.9.1.2
1.1.5.50163.5.1.8.2.3.7.13
1.1.5.50181.5.1.12.2
1.1.5.50201.11.1.4.2
1.1.5.50232.9.1.4
1.1.5.50242.5.1.5.2
1.1.5.50477.5.1.3.1.7
1.1.5.50492.17.3
1.1.5.50531.14.2.6
1.1.5.50540.22.2
1.1.5.50570.12.1.4.2
1.1.5.50656.9.2.8.3
1.1.5.50705.5.1.1.5.13.1
1.1.5.50745.20.3.8.11
1.1.5.50817.5.1.16.7
1.1.5.50864.51.1.23
1.1.5.50951.12.1.7.10.4
1.1.5.50953.8.2.8.15
1.1.5.50960.16.2.8
1.1.5.51175.5.1
1.1.5.51383.17.2.6.21.26.8.7
1.1.5.51536.26.3.27.1.12.2
1.1.5.51539.57.5.10.1.2.1
1.1.5.51588.5.1.7.1.29
1.1.5.51802.39
1.1.5.51893.9.2.8
1.1.5.51902.13.4.5
1.1.5.51921.16.3.7.2
1.1.5.51947.5.1.17
1.1.5.52100.23.2.23.1.4.2
1.1.5.52138.27.1.11
1.1.5.52152.38.3.5.6.2.2
1.1.5.52237.14.2.9.9
1.1.5.52246.5.1
1.1.5.52262.26.1.4.2
1.1.5.52268.32
1.1.5.52338.5.1.3.6.46
1.1.5.52388.41.2
1.1.5.52460.5.1.4.4.39.2
1.1.5.52484.5.1.1
1.1.5.52523.8.4.12
1.1.5.52702.34.1.15.7
1.1.5.52746.5.1.2.2
1.1.5.52775.25.2.14.10.19.2
1.1.5.52781.27.4.22.14.4
1.1.5.52784.5.1.3.2.17.1.5.9
1.1.5.52871.13.4.29.1.14.3
1.1.5.52915.16.2.4
1.1.5.52992.13.3.4.1
1.1.5.53002.9.1.13.3
1.1.5.53029.5.1
1.1.5.53047.5.1.1
1.1.5.53049.15.2.11.3.9.2
1.1.5.53058.6
1.1.5.53087.5.1.7.2
1.1.5.53155.12.2.4.4
1.1.5.53233.24.1.10
1.1.5.53261.5.1.1
1.1.5.53314.18.6.18.1.6.3
1.1.5.53353.9.2.8.7
1.1.5.53439.25.1.4.1
1.1.5.53455.5.1.4.8.12
1.1.5.53474.5.1.1.1.4.1
1.1.5.53477.5.1.29
1.1.5.53479.26.2.14.9
1.1.5.53487.9.2.11.4
1.1.5.53510.5.1.3
1.1.5.53566.9.5.4
1.1.5.53619.17.2
1.1.5.53686.29.3.13
1.1.5.53703.13.1.11
1.1.5.53755.5.1.8.3.4.1.23
1.1.5.53761.5.1.3.12
1.1.5.53829.9.2.8.15.4
1.1.5.53831.33.1.14.10
1.1.5.54041.14.4.9.4.5.4.8
1.1.5.54064.5.1.1.1
1.1.5.54084.9.1.11.6
1.1.5.54120.10.1.4
1.1.5.54137.5.1.3.3.3.1.1
1.1.5.54137.5.1.5.1.6
1.1.5.54144.17.1.20.7
1.1.5.54154.5.1.2.40.22.6
1.1.5.54154.5.1.3.41.24.9.21
1.1.5.54201.27.1.10.6
1.1.5.54247.21.3.4.12
1.1.5.54325.5.1
1.1.5.54355.17.1.5
1.1.5.54492.5.1.2.1.4
1.1.5.54632.5.1
1.1.5.54763.9.3.8
1.1.5.54804.9.1.4.2
1.1.5.54829.9.1.31.20
1.1.5.54915.24.2.18.11
1.1.5.55136.16.2.11.4.11.1.9
1.1.5.55201.26.3.14
1.1.5.55201.32.1.18.6
1.1.5.55211.5.1.2.8.28.5.7.39
1.1.5.55215.15.1.4.23
1.1.5.55241.8.3.4
1.1.5.55256.5.1.2.1.1.1.2
1.1.5.55260.37.2.22.16.16
1.1.5.55264.5.1.30.22
1.1.5.55448.27.2.24.1.7
1.1.5.55457.34.1.18.2
1.1.5.55596.5.1.8.2.3.7.13
1.1.5.55634.27.2.17
1.1.5.55656.3
1.1.5.55668.9.1.4
1.1.5.55678.5.1.5.2
1.1.5.55745.25.1.10
1.1.5.55900.8.1.4.1
1.1.5.55911.5.1.9
1.1.5.55937.15.2.4
1.1.5.55951.11.2.4.2.2
1.1.5.55953.27.2
1.1.5.55964.5.1.1.1.1
1.1.5.55970.14.2.6
1.1.5.55979.22.2
1.1.5.56009.12.1.4.2
1.1.5.56098.18.2.4.6
1.1.5.56159.5.1.1.5.14.1
1.1.5.56195.20.3.8.11
1.1.5.56313.51.1.23
1.1.5.56400.25.1.8.16.4
1.1.5.56402.5.1.2.18.7
1.1.5.56499.11.2.8
1.1.5.56742.5.1.10.2.6.10.34
1.1.5.56816.15.1.8.1
1.1.5.56852.5.1.8.6.2
1.1.5.56897.5.1
1.1.5.56925.11.1.36
1.1.5.57015.14.2.10.1.5.6.91
1.1.5.57054.13.2.21.7.36.6
1.1.5.57062.12.1.8
1.1.5.57067.26.1.4.7
1.1.5.57134.24.2.10.5.8.4
1.1.5.57268.39
1.1.5.57352.9.2.8
1.1.5.57361.5.1.6
1.1.5.57404.5.1.17
1.1.5.57533.15.2.5.4
1.1.5.57541.27.2.7.1.42.9
1.1.5.57575.27.1.11
1.1.5.57667.5.1.8.3
1.1.5.57673.23.1.11
1.1.5.57678.5.1
1.1.5.57690.23.2.22
1.1.5.57718.3
1.1.5.57759.6
1.1.5.57871.5.1.2.2.6.3
1.1.5.57884.15.1.4
1.1.5.57886.34.1.22.5
1.1.5.58052.9.3.4
1.1.5.58065.18.4.4
1.1.5.58091.34.1.15.7
1.1.5.58171.27.4.22.14.11
1.1.5.58174.5.1.3.2.24.1.5.5
1.1.5.58239.5.1.1.6
1.1.5.58393.21.3.4.1
1.1.5.58401.9.1.26.9
1.1.5.58428.5.1
1.1.5.58433.22.3.32.7
1.1.5.58452.5.1.40
1.1.5.58495.10.1.11.2
1.1.5.58579.21.1.4
1.1.5.58652.24.1.8
1.1.5.58692.13.2.10.2
1.1.5.58736.18.6.18.1.6.3
1.1.5.58771.9.2.8.7
1.1.5.58856.25.1.4.1
1.1.5.58872.5.1.4.8.12
1.1.5.58898.9.3.4.6
1.1.5.58907.16.1.6.10
1.1.5.58931.5.1.3.3.33
1.1.5.58970.5.1.2.2
1.1.5.59091.29.3.13
1.1.5.59173.5.1.3
1.1.5.59178.13.2
1.1.5.59233.9.3.23
1.1.5.59251.5.1.3.1.13.4.9.33
1.1.5.59253.5.1.1.3.1.1.23
1.1.5.59295.5.1.4.2.5
1.1.5.59453.14.4.9.4.5.4.8
1.1.5.59476.5.1.1.1
1.1.5.59496.9.1.11.6
1.1.5.59526.10.1.4
1.1.5.59542.25.1.11
1.1.5.59551.5.1.8
1.1.5.59561.5.1.14.9
1.1.5.59561.11.3.4
1.1.5.59601.27.1.10.6
1.1.5.59720.14.5
1.1.5.59746.5.1.8.8.5.5
1.1.5.59801.5.1
1.1.5.59876.5.1.2.1.4
1.1.5.59925.18.5.4.8
1.1.5.60021.5.1
1.1.5.60061.43.2.24.11.15.1
1.1.5.60065.5.1
1.1.5.60132.22.2.9.1
1.1.5.60168.9.1.4.1
1.1.5.60172.5.1
1.1.5.60224.10.2.34.9
1.1.5.60268.24.2.18.11
1.1.5.60371.13
1.1.5.60475.5.1.1
1.1.5.60545.26.3.14
1.1.5.60545.32.1.18.6
1.1.5.60565.34.2.10.10
1.1.5.60586.8.3.4
1.1.5.60601.5.1.2.1.1.1.2
1.1.5.60608.5.1.2.4.17
1.1.5.60764.5.1
1.1.5.60806.5.1.3.1.5.3.3
1.1.5.60814.5.1.18
1.1.5.60819.5.1
1.1.5.60958.5.1.8.2.3.7.13
1.1.5.60976.5.1.12.2
1.1.5.60991.11.1.4.2
1.1.5.61022.9.1.4
1.1.5.61032.5.1.5.2
1.1.5.61077.3
1.1.5.61273.5.1.1.1.1.8.36
1.1.5.61273.5.1.3.3
1.1.5.61280.5.1.9
1.1.5.61306.15.2.4
1.1.5.61320.11.2.4.2.2
1.1.5.61322.27.2
1.1.5.61333.5.1.1.1.1
1.1.5.61339.14.2.6
1.1.5.61348.22.2
1.1.5.61381.12.1.4.2
1.1.5.61470.18.2.4.6
1.1.5.61531.5.1.1.5.14.1
1.1.5.61569.20.3.8.11
1.1.5.61781.19.6.4.9.11
1.1.5.61782.24.9
1.1.5.61789.16.2.8
1.1.5.61902.13.2.11.1
1.1.5.61996.42.1.4.2
1.1.5.62219.17.2.7.2.43
1.1.5.62266.5.1
1.1.5.62367.26.3.27.1.12.2
1.1.5.62370.57.5.10.1.2.1
1.1.5.62410.5.1.3.1.1.1.18
1.1.5.62417.5.1.7.1.22
1.1.5.62619.39
1.1.5.62716.14.4.5.6.25
1.1.5.62743.16.1.8
1.1.5.62767.5.1.17
1.1.5.62871.21.2.16
1.1.5.62886.12.1.11
1.1.5.62906.8.2.8.4.4
1.1.5.62944.27.1.11
1.1.5.62958.38.3.5.6.2.2
1.1.5.63042.5.1.8.3
1.1.5.63048.23.1.11
1.1.5.63053.5.1
1.1.5.63063.5.1.16
1.1.5.63139.13.3.6.6.31.1.4
1.1.5.63255.5.1.2.2.6.3
1.1.5.63276.5.1.1
1.1.5.63315.8.4.12
1.1.5.63428.8.1.4
1.1.5.63457.19.4.4
1.1.5.63483.34.1.15.7
1.1.5.63522.19.1.28
1.1.5.63552.25.2.14.10.9.1
1.1.5.63558.27.4.22.14.4
1.1.5.63561.5.1.3.2.17.1.5.34
1.1.5.63648.13.4.29.1.14.3
1.1.5.63692.16.2.4
1.1.5.63782.5.1
1.1.5.63839.5.1.21
1.1.5.63964.12.2.4.4
1.1.5.64061.5.1.1
1.1.5.64124.10.1.4.5
1.1.5.64140.5.1.1.1
1.1.5.64222.25.1.4.1
1.1.5.64238.5.1.4.8.12
1.1.5.64257.5.1.1.1.4.1
1.1.5.64260.5.1.29
1.1.5.64262.26.2.14.9
1.1.5.64270.9.2.11.4
1.1.5.64292.8.3.12.10
1.1.5.64312.6
1.1.5.64413.5.1
1.1.5.64490.29.3.13
1.1.5.64505.28.1.4.4
1.1.5.64507.13.1.11
1.1.5.64561.5.1.8.3.4.1.23
1.1.5.64567.5.1.3.12
1.1.5.64618.21.2.21.1
1.1.5.64637.5.1.3.1.13.13.21.11
1.1.5.64639.5.1.1.3.1.1.35
1.1.5.64678.13.1.4
1.1.5.64830.14.4.9.4.5.4.8
1.1.5.64853.5.1.1.1
1.1.5.64918.37.1.22
1.1.5.64927.5.1.8
1.1.5.64940.17.1.5.2
1.1.5.64987.27.1.10.6
1.1.5.65107.14.5
1.1.5.65133.5.1.8.8.5.5
1.1.5.65182.5.1
1.1.5.65255.5.1.2.1.4
1.1.5.65394.5.1
1.1.5.65417.13.1.14
1.1.5.65434.35.2.25
1.1.5.65526.9.3.8
1.1.5.65671.24.2.18.11
1.1.5.65879.16.2.11.4.5.1.10
1.1.5.65944.26.3.14
1.1.5.65944.32.1.18.6
1.1.5.65954.5.1.2.8.28.5.7.5
1.1.5.65958.5.1.6
1.1.5.66012.5.1.8.15.24.3
1.1.5.66012.5.1.8.15.25.1.66
1.1.5.66036.10.2.30
1.1.5.66103.6
1.1.5.66202.5.1.2.1
1.1.5.66238.27.2.21.1.7
1.1.5.66247.34.1.18.2
1.1.5.66330.9.2.9
1.1.5.66407.5.1.8.2.3.7.13
1.1.5.66442.9.2.9.11
1.1.5.66461.3
1.1.5.66473.9.1.4
1.1.5.66483.5.1.5.2
1.1.5.66504.5.1.3.4.10.5
1.1.5.66724.5.1.9
1.1.5.66769.23.2
1.1.5.66917.25.3.15
1.1.5.66967.5.1.1.5.13.1
1.1.5.67003.20.3.8.11
1.1.5.67121.51.1.23
1.1.5.67214.19.6.4.9.11
1.1.5.67215.24.9
1.1.5.67222.16.2.8
1.1.5.67335.13.2.11.1
1.1.5.67623.15.1.8.1
1.1.5.67659.5.1.8.6.2
1.1.5.67704.5.1
1.1.5.67807.14.2.10.1.5.6.1
1.1.5.67854.5.1.3.1.1.1.18
1.1.5.67861.5.1.7.1.22
1.1.5.67920.24.2.10.5.8.4
1.1.5.68160.9.2.8
1.1.5.68169.5.1.6
1.1.5.68224.5.1.17
1.1.5.68290.22.2.8
1.1.5.68343.21.2.16
1.1.5.68387.22.2.6.3
1.1.5.68419.27.1.11
1.1.5.68506.33.1.15.14.10
1.1.5.68513.5.1
1.1.5.68529.26.1.4.2
1.1.5.68535.32
1.1.5.68607.15.2.10.1.6
1.1.5.68702.49
1.1.5.68723.5.1.2.2.6.3
1.1.5.68949.34.1.15.7
1.1.5.69017.25.2.14.10.19.2
1.1.5.69023.27.4.22.14.4
1.1.5.69026.5.1.3.2.17.1.5.13
1.1.5.69250.13.3.4.1
1.1.5.69260.9.1.13.3
1.1.5.69287.5.1
1.1.5.69305.5.1.1
1.1.5.69307.15.2.11.3.9.2
1.1.5.69316.6
1.1.5.69348.25.1.44.7
1.1.5.69413.15.3.9.4.7.1.2
1.1.5.69509.5.1.1
1.1.5.69562.18.6.18.1.6.3
1.1.5.69601.9.2.8.7
1.1.5.69686.25.1.4.1
1.1.5.69702.5.1.4.8.12
1.1.5.69721.5.1.1.1.4.1
1.1.5.69724.5.1.29
1.1.5.69726.26.2.14.9
1.1.5.69734.9.2.11.4
1.1.5.69757.5.1.3
1.1.5.69798.5.1.2.2
1.1.5.69924.5.1.5.10.29
1.1.5.69988.5.1.6.2.3
1.1.5.70014.5.1.3.5.12.2
1.1.5.70076.11.2.16
1.1.5.70089.5.1.3.1.15.3.31.5
1.1.5.70091.5.1.1.3.1.1.45
1.1.5.70133.5.1.4.2.6
1.1.5.70308.5.1.1.1
1.1.5.70375.30.2.4.4
1.1.5.70383.5.1.5.5.19.6.12
1.1.5.70394.17.1.5.2
1.1.5.70443.27.1.10.6
1.1.5.70560.14.5
1.1.5.70586.5.1.8.8.5.5
1.1.5.70641.5.1
1.1.5.70712.5.1.2.1.4
1.1.5.70767.21.2.8.4
1.1.5.70860.5.1
1.1.5.70984.9.3.8
1.1.5.71022.14.2.8.8.10.11.20
1.1.5.71047.9.1.15.11
1.1.5.71076.10.2.34.9
1.1.5.71131.24.2.18.11
1.1.5.71346.5.1.1
1.1.5.71416.26.3.14
1.1.5.71416.32.1.18.6
1.1.5.71436.34.2.10.10
1.1.5.71456.5.1.1.6.16.2
1.1.5.71472.29.3.7.1.3.1
1.1.5.71478.37.2.22.20.22
1.1.5.71482.5.1.30.26
1.1.5.71496.10.2.30
1.1.5.71644.5.1
1.1.5.71686.16.2.6
1.1.5.71700.16.2.9.1.2
1.1.5.71832.10.1.9.14
1.1.5.71864.27.2.17
1.1.5.71886.5.1.3.3
1.1.5.71899.9.1.4
1.1.5.71909.5.1.5.2
1.1.5.72148.5.1.9
1.1.5.72193.23.2
1.1.5.72248.5.1.5.4.17
1.1.5.72254.3
1.1.5.72262.5.1.1
1.1.5.72326.25.3.15
1.1.5.72377.5.1.1.5.12.1
1.1.5.72413.20.3.8.11
1.1.5.72482.5.1.16.2
1.1.5.72529.51.1.23
1.1.5.72614.19.6.4.9.11
1.1.5.72615.24.9
1.1.5.72622.16.2.8
1.1.5.73085.5.1.1.3.7
1.1.5.73244.36.5.10.1.2.1
1.1.5.73274.23.2.24.18.14.3
1.1.5.73282.12.1.8
1.1.5.73290.11.3.12.11
1.1.5.73494.39
1.1.5.73580.9.2.8
1.1.5.73639.5.1.17
1.1.5.73655.33.2.16
1.1.5.73699.5.1.3.6.6.2
1.1.5.73701.25.2.16
1.1.5.73744.21.2.16
1.1.5.73759.12.1.11
1.1.5.73779.8.2.8.4.4
1.1.5.73818.27.1.11
1.1.5.73905.33.1.15.14.10
1.1.5.73912.5.1
1.1.5.73928.26.1.4.2
1.1.5.73934.32
1.1.5.74007.15.2.10.1.6
1.1.5.74061.12.2.8
1.1.5.74139.5.1.2.2.6.3
1.1.5.74360.34.1.15.7
1.1.5.74430.27.4.22.14.11
1.1.5.74433.5.1.3.2.24.1.5.40
1.1.5.74498.5.1.1.6
1.1.5.74649.13.3.4.1
1.1.5.74657.9.1.26.9
1.1.5.74684.5.1
1.1.5.74702.5.1.1
1.1.5.74704.15.2.11.3.9.2
1.1.5.74755.25.1.44.7
1.1.5.74820.12.2.4.4
1.1.5.74885.24.1.8
1.1.5.74925.13.2.10.2
1.1.5.75011.9.2.8.7
1.1.5.75094.25.1.4.1
1.1.5.75110.5.1.4.8.12
1.1.5.75132.17.1.11.13.9
1.1.5.75139.9.3.4.6
1.1.5.75148.16.1.6.10
1.1.5.75172.5.1.3.3.33
1.1.5.75332.29.3.13
1.1.5.75349.13.1.11
1.1.5.75409.5.1.3
1.1.5.75414.13.2
1.1.5.75481.11.2.16
1.1.5.75495.5.1.3.1.11.3.31.5
1.1.5.75497.5.1.1.3.1.1.45
1.1.5.75536.13.1.4
1.1.5.75712.5.1.1.1
1.1.5.75732.9.1.11.6
1.1.5.75741.42.1.8
1.1.5.75771.8.3.8.10
1.1.5.75792.5.1.2.31.25.5
1.1.5.75792.5.1.3.32.27.8.32
1.1.5.75839.5.1.9.2.3.2.28
1.1.5.75881.21.3.4.12
1.1.5.75950.14.5
1.1.5.75976.5.1.8.8.5.5
1.1.5.76074.5.1.1
1.1.5.76084.5.1.3
1.1.5.76099.5.1.2.1.17
1.1.5.76247.5.1
1.1.5.76287.43.2.24.11.15.1
1.1.5.76291.5.1
1.1.5.76362.9.3.8
1.1.5.76504.24.2.18.11
1.1.5.76719.16.2.11.4.11.1.9
1.1.5.76778.5.1.2.4.16.8.12
1.1.5.76778.5.1.2.4.17.9.15
1.1.5.76799.19.2.6.1.4
1.1.5.76826.8.3.4
1.1.5.76851.5.1.8.15.24.3
1.1.5.76851.5.1.8.15.25.1.42
1.1.5.76936.6
1.1.5.77026.5.1.3.2.9.1.1
1.1.5.77033.5.1
1.1.5.77076.27.2.24.1.7
1.1.5.77085.34.1.18.2
1.1.5.77233.5.1.8.2.3.7.13
1.1.5.77251.5.1.12.2
1.1.5.77267.10.3.14.11
1.1.5.77286.5.1
1.1.5.77299.9.1.4
1.1.5.77309.5.1.5.2
1.1.5.77540.25.3.8
1.1.5.77546.5.1.3.1.6
1.1.5.77561.17.3
1.1.5.77722.25.3.15
1.1.5.77770.6
1.1.5.77774.5.1.1.6.23
1.1.5.77812.20.3.8.11
1.1.5.77930.51.1.23
1.1.5.78004.19.6.4.9.11
1.1.5.78005.24.9
1.1.5.78012.16.2.8
1.1.5.78440.15.1.8.1
1.1.5.78470.17.2.7.2.24
1.1.5.78512.17.4.8
1.1.5.78612.26.3.27.1.12.2
1.1.5.78621.14.2.10.1.5.3.11
1.1.5.78746.15.2.5.9
1.1.5.78759.5.1.1.1
1.1.5.79006.9.2.8
1.1.5.79062.5.1.17
1.1.5.79080.5.1
1.1.5.79129.5.1.3.6.6.2
1.1.5.79131.25.2.16
1.1.5.79165.9.1.15
1.1.5.79204.15.2.5.4
1.1.5.79212.27.2.7.1.42.9
1.1.5.79251.79.4.33.1.2.4
1.1.5.79339.14.2.9.9
1.1.5.79348.5.1
1.1.5.79358.5.1.16
1.1.5.79408.5.1.6.6.16
1.1.5.79427.5.1.3.6.61
1.1.5.79554.5.1.2.2.6.3
1.1.5.79575.5.1.1
1.1.5.79742.9.3.4
1.1.5.79776.34.1.15.7
1.1.5.79856.27.4.22.14.11
1.1.5.79859.5.1.3.2.24.1.5.10
1.1.5.79924.5.1.1.6
1.1.5.80120.5.1
1.1.5.80126.14.2.5.2.3.1
1.1.5.80140.10.1.4.2
1.1.5.80144.14.2.23.9.6.1
1.1.5.80148.9.1.7.1
1.1.5.80200.28.3.6.1.25.4.17
1.1.5.80221.10.1.12
1.1.5.80286.14.2.5.18.5
1.1.5.80363.24.1.10
1.1.5.80444.18.6.18.1.6.3
1.1.5.80472.29.2.26.1.14
1.1.5.80483.9.2.8.7
1.1.5.80568.25.1.4.1
1.1.5.80584.5.1.4.8.12
1.1.5.80603.5.1.1.1.4.1
1.1.5.80606.5.1.29
1.1.5.80608.26.2.14.9
1.1.5.80616.9.2.11.4
1.1.5.80638.8.3.12.10
1.1.5.80658.6
1.1.5.80700.9.5.4
1.1.5.80801.29.3.13
1.1.5.80816.28.1.4.4
1.1.5.80818.13.1.11
1.1.5.80872.37.1.4.2
1.1.5.80935.5.1.3.1.15.3.40.7
1.1.5.80937.5.1.1.3.1.1.54
1.1.5.80979.5.1.4.2.5
1.1.5.81192.10.1.4
1.1.5.81208.25.1.11
1.1.5.81217.5.1.8
1.1.5.81230.17.1.5.2
1.1.5.81282.27.1.10.6
1.1.5.81402.14.5
1.1.5.81428.5.1.8.8.5.5
1.1.5.81519.11.2.10
1.1.5.81552.5.1.2.1.4
1.1.5.81601.18.5.4.8
1.1.5.81693.5.1
1.1.5.81733.43.2.24.11.15.1
1.1.5.81737.5.1
1.1.5.81808.9.3.8
1.1.5.81841.16.2.24
1.1.5.81872.10.2.24
1.1.5.81901.10.2.34.9
1.1.5.81956.24.2.18.11
1.1.5.82174.5.1.1
1.1.5.82246.26.3.14
1.1.5.82246.32.1.18.6
1.1.5.82256.5.1.2.8.28.5.10.16
1.1.5.82260.15.1.4.23
1.1.5.82286.8.3.4
1.1.5.82311.5.1.8.15.24.3
1.1.5.82311.5.1.8.15.25.1.27
1.1.5.82335.10.2.30
1.1.5.82474.5.1
1.1.5.82516.27.2.24.1.7
1.1.5.82525.34.1.18.2
1.1.5.82662.5.1.8.2.3.7.13
1.1.5.82700.27.2.16
1.1.5.82958.16.2.9.7.25.2.48
1.1.5.83024.5.1.1.1.1
1.1.5.83030.14.2.6
1.1.5.83039.22.2
1.1.5.83072.12.1.4.2
1.1.5.83196.9.2.8
1.1.5.83250.20.3.8.11
1.1.5.83321.21.4
1.1.5.83337.5.1
1.1.5.83450.19.6.4.9.11
1.1.5.83451.24.9
1.1.5.83458.16.2.8
1.1.5.83670.42.1.4.2
1.1.5.83910.22.2.6.4.2.1
1.1.5.83953.5.1
1.1.5.83981.11.1.36
1.1.5.84068.36.5.10.1.2.1
1.1.5.84098.23.2.24.18.14.3
1.1.5.84106.12.1.8
1.1.5.84110.17.4.8.6
1.1.5.84300.39
1.1.5.84383.5.1.4.2.2.2
1.1.5.84396.5.1.2.3.4
1.1.5.84451.5.1.17
1.1.5.84561.38.6.4
1.1.5.84614.22.2.6.3
1.1.5.84646.27.1.11
1.1.5.84731.14.2.9.9
1.1.5.84740.5.1
1.1.5.84756.26.1.4.2
1.1.5.84762.32
1.1.5.84827.15.2.10.1.6
1.1.5.84873.41.2
1.1.5.84954.5.1.2.2.6.3
1.1.5.84977.38.2.24.19
1.1.5.85170.34.1.15.10
1.1.5.85233.27.4.22.14.11
1.1.5.85236.5.1.3.2.24.1.5.14
1.1.5.85369.16.2.4
1.1.5.85443.13.3.4.1
1.1.5.85453.5.1
1.1.5.85485.5.1
1.1.5.85504.19.1.4.4
1.1.5.85508.14.2.23.11.5.1
1.1.5.85512.9.1.7.1
1.1.5.85555.5.1
1.1.5.85625.12.2.4.4
1.1.5.85698.24.1.8
1.1.5.85726.5.1.1
1.1.5.85824.9.2.8.7
1.1.5.85880.16.3
1.1.5.85916.25.1.4.1
1.1.5.85932.5.1.4.8.12
1.1.5.85954.17.1.11.13.9
1.1.5.85961.9.3.4.6
1.1.5.85970.16.1.6.10
1.1.5.85994.5.1.3.3.33
1.1.5.86042.5.1.2.2
1.1.5.86169.29.3.13
1.1.5.86186.13.1.11
1.1.5.86246.5.1.3
1.1.5.86251.13.2
1.1.5.86306.9.3.23
1.1.5.86326.5.1.3.1.16.12.11.29
1.1.5.86328.5.1.1.3.1.1.25
1.1.5.86370.5.1.4.2.6
1.1.5.86514.32.2.14.8.19.1
1.1.5.86563.9.1.11.6
1.1.5.86597.10.1.4
1.1.5.86613.25.1.11
1.1.5.86622.5.1.8
1.1.5.86636.26.1.5.7
1.1.5.86682.27.1.10.6
1.1.5.86802.14.5
1.1.5.86826.5.1.8.8.5.5
1.1.5.86952.5.1.2.1.4
1.1.5.87093.5.1
1.1.5.87134.35.2.25
1.1.5.87224.9.3.8
1.1.5.87256.5.1.21.5.8
1.1.5.87277.9.1.31.20
1.1.5.87306.10.2.34.9
1.1.5.87316.5.1.1.2.9.3
1.1.5.87355.24.2.18.11
1.1.5.87574.5.1.1
1.1.5.87651.26.3.14
1.1.5.87651.32.1.18.6
1.1.5.87661.5.1.2.8.28.5.8.12
1.1.5.87665.15.1.4.23
1.1.5.87690.5.1.1.6.16.2
1.1.5.87706.29.3.7.1.3.1
1.1.5.87714.15.2.9.4.6
1.1.5.87733.3
1.1.5.87857.5.1.3.2.9.1.1
1.1.5.87864.5.1
1.1.5.87907.5.1.3.1.5.3.3
1.1.5.87915.5.1.18
1.1.5.87920.5.1
1.1.5.88053.5.1.8.2.3.7.13
1.1.5.88100.3
1.1.5.88112.9.1.4
1.1.5.88122.5.1.5.2
1.1.5.88170.3
1.1.5.88366.5.1.3.3
1.1.5.88464.5.1.9
1.1.5.88470.3
1.1.5.88478.5.1.1
1.1.5.88604.5.1.1.5.13.1
1.1.5.88640.20.3.8.11
1.1.5.88759.51.1.23
1.1.5.88832.19.6.4.9.11
1.1.5.88833.24.9
1.1.5.88840.16.2.8
1.1.5.88960.13.2.11.1
1.1.5.89052.46.1.21.8
1.1.5.89096.5.1
1.1.5.89249.15.1.8.1
1.1.5.89283.5.1.1.23.16
1.1.5.89448.36.5.10.1.2.1
1.1.5.89563.15.2.5.9
1.1.5.89576.5.1.1.1
1.1.5.89640.5.1
1.1.5.89643.16.2.13.15
1.1.5.89804.5.1.1.2
1.1.5.89807.5.1
1.1.5.89817.5.1.3.20.29
1.1.5.89872.5.1.17
1.1.5.89968.9.1.15
1.1.5.90020.22.2.6.3
1.1.5.90052.27.1.11
1.1.5.90142.14.2.9.9
1.1.5.90151.5.1
1.1.5.90161.5.1.16
1.1.5.90231.15.2.10.1.6
1.1.5.90267.6
1.1.5.90273.12.2.8
1.1.5.90351.5.1.2.2.6.3
1.1.5.90526.9.3.4
1.1.5.90536.19.4.4
1.1.5.90562.34.1.15.7
1.1.5.90588.15.2
1.1.5.90634.27.4.22.14.11
1.1.5.90637.5.1.3.2.24.1.5.12
1.1.5.90785.38.1.8
1.1.5.90863.5.1
1.1.5.90902.5.1
1.1.5.90908.14.2.5.2.3.1
1.1.5.90922.10.1.4.2
1.1.5.90926.14.2.23.9.6.1
1.1.5.90930.9.1.7.1
1.1.5.90973.5.1
1.1.5.90978.16.5.15.1.1.2.7
1.1.5.91042.12.2.4.4
1.1.5.91111.24.1.10
1.1.5.91151.13.2.10.2
1.1.5.91195.18.6.18.1.6.3
1.1.5.91219.29.2.26.1.11
1.1.5.91230.9.2.8.7
1.1.5.91249.5.1
1.1.5.91318.25.1.4.1
1.1.5.91334.5.1.4.8.12
1.1.5.91353.5.1.1.1.4.1
1.1.5.91356.5.1.29
1.1.5.91358.26.2.14.9
1.1.5.91366.9.2.11.4
1.1.5.91388.8.3.12.10
1.1.5.91408.6
1.1.5.91529.33.1.9
1.1.5.91594.29.3.13
1.1.5.91617.13.1.23
1.1.5.91685.5.1.3.5.12.2
1.1.5.91747.11.2.16
1.1.5.91764.9.2.8.15.4
1.1.5.91766.33.1.14.10
1.1.5.91813.13.1.4
1.1.5.91862.22.2.16
1.1.5.91971.14.4.9.4.5.4.8
1.1.5.92063.37.1.22
1.1.5.92072.5.1.8
1.1.5.92082.5.1.14.9
1.1.5.92082.11.3.4
1.1.5.92122.5.1.9.2.3.2.26
1.1.5.92240.5.1
1.1.5.92270.17.1.5
1.1.5.92366.5.1.1
1.1.5.92400.5.1.2.1.4
1.1.5.92459.5.1.1.19.42.6.18
1.1.5.92557.25.1.21.7
1.1.5.92588.5.1
1.1.5.92675.9.3.8
1.1.5.92714.9.1.4.2
1.1.5.92826.24.2.18.11
1.1.5.93042.16.2.11.4.11.1.9
1.1.5.93107.26.3.14
1.1.5.93107.32.1.18.6
1.1.5.93117.5.1.2.8.28.5.7.18
1.1.5.93121.5.1.6
1.1.5.93145.51.1.26
1.1.5.93174.17.2.15.7
1.1.5.93181.5.1.8.15.29.3
1.1.5.93181.5.1.8.15.30.1.23
1.1.5.93205.10.2.30
1.1.5.93267.6
1.1.5.93367.19.1.13
1.1.5.93404.16.2.6
1.1.5.93423.9.1.4.1
1.1.5.93429.10.1.9
1.1.5.93485.9.2.9
1.1.5.93562.5.1.8.2.3.7.13
1.1.5.93596.5.1
1.1.5.93617.3
1.1.5.93629.9.1.4
1.1.5.93639.5.1.5.2
1.1.5.93706.25.1.10
1.1.5.93876.5.1.9
1.1.5.93913.5.1.1.6
1.1.5.93925.5.1
1.1.5.93931.5.1.1.6.17
1.1.5.93937.14.2.6
1.1.5.93946.22.2
1.1.5.93979.5.1.9
1.1.5.94061.25.3.15
1.1.5.94113.5.1.1.5.13.1
1.1.5.94149.20.3.8.11
1.1.5.94210.14.3.9.15
1.1.5.94236.5.1
1.1.5.94254.5.1
1.1.5.94334.19.6.4.9.11
1.1.5.94335.24.9
1.1.5.94342.16.2.8
1.1.5.94593.5.1
1.1.5.94750.15.1.8.1
1.1.5.94779.17.2.7.2.54
1.1.5.94821.17.4.8
1.1.5.94927.14.2.10.1.5.8.12
1.1.5.94977.5.1.3.1.1.1.5
1.1.5.95052.15.2.5.9
1.1.5.95065.5.1.1.1
1.1.5.95108.5.1.7.2.4.4.49
1.1.5.95188.39
1.1.5.95271.5.1.4.2.2.2
1.1.5.95284.5.1.2.6.32
1.1.5.95335.5.1.17
1.1.5.95353.5.1
1.1.5.95450.38.6.4
1.1.5.95503.22.2.6.3
1.1.5.95538.27.1.11
1.1.5.95623.14.2.9.9
1.1.5.95632.5.1
1.1.5.95648.26.1.4.2
1.1.5.95654.32
1.1.5.95719.15.2.10.1.6
1.1.5.95842.5.1.2.2.6.3
1.1.5.95862.5.1.1.24.10.1.2
1.1.6.76.34.1.15.7
1.1.6.102.15.2
1.1.6.142.25.2.14.10.19.2
1.1.6.148.27.4.22.14.4
1.1.6.151.5.1.3.2.17.1.5.9
1.1.6.216.5.1.1.6
1.1.6.367.13.3.4.1
1.1.6.377.5.1
1.1.6.409.5.1
1.1.6.427.5.1.1
1.1.6.429.15.2.11.3.9.2
1.1.6.438.6
1.1.6.470.25.1.44.7
1.1.6.641.13.2.10.2
1.1.6.687.18.6.18.1.6.3
1.1.6.722.9.2.8.7
1.1.6.810.25.1.4.1
1.1.6.826.5.1.4.8.12
1.1.6.845.5.1.1.1.4.1
1.1.6.848.5.1.29
1.1.6.850.26.2.14.9
1.1.6.858.9.2.11.4
1.1.6.881.5.1.3
1.1.6.937.9.5.4
1.1.6.995.33.1.9
1.1.6.1060.29.3.13
1.1.6.1201.9.2.8.15.4
1.1.6.1203.33.1.14.10
1.1.6.1250.5.1.4.2.5
1.1.6.1412.14.4.9.4.5.4.8
1.1.6.1435.5.1.1.1
1.1.6.1500.37.1.22
1.1.6.1509.5.1.8
1.1.6.1522.17.1.5.2
1.1.6.1574.27.1.10.6
1.1.6.1698.5.1
1.1.6.1728.17.1.5
1.1.6.1847.5.1.13
1.1.6.1884.5.1
1.1.6.1899.6
1.1.6.1997.5.1
1.1.6.2036.35.2.25
1.1.6.2264.24.2.18.11
1.1.6.2488.16.2.11.4.11.1.9
1.1.6.2553.26.3.14
1.1.6.2553.32.1.18.6
1.1.6.2563.5.1.2.8.28.5.7.18
1.1.6.2567.15.1.4.23
1.1.6.2591.9.1.8
1.1.6.2617.17.2.15.7
1.1.6.2624.29.2.28.18
1.1.6.2627.5.1
1.1.6.2629.16.1.4
1.1.6.2646.10.2.30
1.1.6.2797.5.1.2.1
1.1.6.2832.27.2.24.1.7
1.1.6.2841.34.1.18.2
1.1.6.2898.5.1.2.8.60.1
1.1.6.2971.5.1.8.2.3.7.13
1.1.6.3006.9.1.4.2
1.1.6.3026.3
1.1.6.3038.9.1.4
1.1.6.3048.5.1.5.2
1.1.6.3284.14.2.7
1.1.6.3294.5.1.9
1.1.6.3339.23.2
1.1.6.3354.14.2.6
1.1.6.3363.22.2
1.1.6.3474.25.3.15
1.1.6.3527.5.1.1.5.12.1
1.1.6.3563.20.3.8.11
1.1.6.3632.21.4
1.1.6.3648.5.1
1.1.6.3660.37.2
1.1.6.3669.57.1.31
1.1.6.3758.19.6.4.9.11
1.1.6.3759.24.9
1.1.6.3766.16.2.8
1.1.6.3976.42.1.4.2
1.1.6.4169.15.1.8.1
1.1.6.4204.5.1.8.6.2
1.1.6.4244.17.4.8
1.1.6.4360.14.2.10.1.5.6.4
1.1.6.4410.5.1.3.1.1.1.5
1.1.6.4417.5.1.7.1.22
1.1.6.4488.24.2.10.5.8.4
1.1.6.4755.5.1.1.2
1.1.6.4758.5.1
1.1.6.4769.13.2.5
1.1.6.4816.5.1.17
1.1.6.4884.5.1.3.6.6.2
1.1.6.4886.25.2.16
1.1.6.4929.21.2.16
1.1.6.4944.12.1.11
1.1.6.4964.8.2.8.4.4
1.1.6.5003.27.1.11
1.1.6.5111.33.1.15.14.10
1.1.6.5118.5.1
1.1.6.5132.14.1.17.13.11
1.1.6.5137.32
1.1.6.5191.5.1.2.1
1.1.6.5207.18.1.10.1.9.7.32
1.1.6.5240.6
1.1.6.5246.12.2.8
1.1.6.5324.5.1.2.2.6.3
1.1.6.5541.10.1.4
1.1.6.5544.19.4.4
1.1.6.5570.34.1.15.7
1.1.6.5648.27.4.22.14.11
1.1.6.5651.5.1.3.2.24.1.5.10
1.1.6.5738.13.4.29.1.14.3
1.1.6.5783.16.2.4
1.1.6.5857.13.3.4.1
1.1.6.5867.5.1
1.1.6.5899.5.1
1.1.6.5917.5.1.1
1.1.6.5919.15.2.11.3.9.2
1.1.6.5928.6
1.1.6.5967.28.3.8.1.1.1.1
1.2.57.6.3.46.1.2.1.2
1.2.252.2.1.1.1.2.9
1.2.427.3
1.2.513.2.1.3
1.2.531.2.1
1.2.540.10.5.20.7
1.2.565.2.1.1
1.2.585.4.2.12.3.5.3.13
1.2.815.12.6
1.2.873.8.4.13.6
1.2.1010.2.1.13.1.3.1.16
1.2.1096.8.4.9.7.11.1
1.2.1132.4.2.12.3.8.1
1.2.1137.2.1.1.1.10
1.2.1145.6.3.6.3.12.4.11
1.2.1157.10.5.12.3.8
1.2.1514.4.2
1.2.1564.6.3.4.1
1.2.1624.8.4.12.8.27
1.2.1647.4.2.23.1.16.5
1.2.1647.4.2.24.2.18.8.8
1.2.1721.4.2.2.1.4.1.5
1.2.1951.4.2
1.2.2084.4.2.3.1.1
1.2.2137.8.4.35.1.36
1.2.2202.2.1
1.2.2222.6.3.4
1.2.2524.6.3.33.3
1.2.2564.4.2.4.1
1.2.2626.4.2.5.4.29.4.7
1.2.2693.4.2
1.2.2735.2.1.2.1.3.1
1.2.2804.4.2.7.2.14.1
1.2.2888.10.5.24.3.16.1
1.2.3141.8.4.24.5.14
1.2.3229.2.1.1.1.5.4
1.2.3255.2.1.1.1.19.8
1.2.3269.6.3.5.4.6.3.5
1.2.3331.2.1.2.2.17
1.2.3340.2.1.11.2.31
1.2.3426.2.1
1.2.3530.14.7.12.3
1.2.3663.2.1.1.1.4.2
1.2.3669.4.2.16.3.7.1
1.2.3706.4.2.20.3.11
1.2.3727.6.3.12.1.3.1.3
1.2.3736.6.3
1.2.3782.20.10.28.12.14.2
1.2.3832.2.1.2.4
1.2.3839.2.1
1.2.3907.4.2.6.1.12.8
1.2.3907.4.2.6.1.13.1.37
1.2.3928.4.2.13
1.2.3987.8.4.9.2.14.1.2
1.2.4039.10.5.12.2
1.2.4084.2.1.2.3
1.2.4153.6.3
1.2.4226.2.1
1.2.4401.2.1.28.1.7.1.1
1.2.4481.2.1.19.1.6.2
1.2.4559.6.3.27.5.7.1.5
1.2.4941.5
1.2.4961.1
1.2.5126.2.1.1.1
1.2.5130.4.2.3.3.6
1.2.5179.4.2.4.1
1.2.5475.8.4.7
1.2.5492.3
1.2.5553.6.3.5.1
1.2.5697.2.1
1.2.5836.2.1
1.2.5855.2.1.7.6.10
1.5.138.5.2.1.8.2.41.1
1.5.235.12.2.1.8.4.5.4
1.5.280.9.2.1.7
1.5.342.9.2.1.1.1.1
1.5.432.6.2.1.2.2.6.2
1.5.510.9.2.1.6.2.13
1.5.625.8.2.1.15.2.2
1.5.743.9.2.1
1.5.847.19.2.1
1.5.885.7.2.1.2.1.49
1.5.903.9.2.1.1
1.5.915.14.2.1.35
1.5.922.10.2.1.4
1.5.929.11.2.1.9.3.63.1.1
1.5.963.8.2.1.14.8.30.8.12
1.5.1021.17.2.1.5.2
1.5.1175.7.2.1.15.4.10.4.9
1.5.1278.12.2.1.6
1.5.1340.9.2.1
1.5.1370.14.2.1.4.2.3.2.32.15
1.5.1374.6.2.1.6
1.5.1432.7.2.1.3.3.6
1.5.1691.8.2.1.44.4
1.5.1748.12.2.1.1.1
1.5.1749.21.2.1.5
1.5.1777.28.2.1.1
1.5.1838.10.2.1.6
1.5.1975.20.2.1.4.2
1.5.2015.11.2.1.1.1
1.5.2189.15.2.1.7.1.20
1.5.2208.10.2.1.11.8.27
1.5.2233.21.2.1
1.5.2269.20.2.1.2
1.5.2542.23.2.1.5.1
1.5.2598.12.2.1.3
1.5.2671.7.2.1.3.3.15.2.11
1.5.2687.6.2.1.14.1.2.1
1.5.3017.11.2.1.1.1.3.10.14
1.5.3096.19.2.1.2.8.39
1.5.3124.9.2.1.7.4.21
1.5.3157.20.2.1
1.5.3197.14.2.1.1
1.5.3199.16.2.1
1.5.3257.11.2.1.4.4.6.3
1.5.3334.16.2.1
1.5.3478.12.2.1.12.1
1.5.3660.8.2.1.8.9
1.5.3708.11.2.1.1.1.1.1.14
1.5.3747.14.2.1.6.3
1.5.3920.13.2.1.10.3.10.1.8
1.5.4062.11.2.1.2
1.5.4153.8.2.1.31
1.5.4213.8.2.1.28.8.32.1.2
1.5.4403.7.2.1.1
1.5.4463.13.2.1.26.8.7
1.5.4624.8.2.1.32.1
1.5.4632.30.2.1.1.1
1.5.4659.9.2.1
1.5.4698.23.2.1
1.5.4764.10.2.1.16.3
1.5.4776.14.2.1
1.5.4791.15.2.1.36
1.5.5044.11.2.1.14.7.28
1.5.5071.18.2.1.2.1.7.5.25
1.5.5248.9.2.1.4.1.2.1
1.5.5346.6.2.1.10.4
1.5.5379.10.2.1.1.1.2
1.5.5402.9.2.1.16.7.8.2
1.5.5411.13.2.1.20
1.5.5445.14.2.1
1.5.5565.15.2.1.3.3
1.5.5598.11.2.1.5
1.5.5624.24.2.1
1.5.5648.14.2.1
1.5.5660.10.2.1
1.5.5679.7.2.1.6
1.5.5797.10.2.1.3.3
1.5.6077.7.2.1.6.2.3.1.4
1.5.6143.11.2.1.14.4.22.1.11
1.5.6591.8.2.1.17.1.1
1.5.6776.8.2.1.7.2.4.9
1.5.6986.10.2.1.17.2.6.7.16
1.5.7089.8.2.1.13.4
1.5.7112.15.2.1.56.4.10.1
1.5.7131.17.2.1.30
1.5.7135.7.2.1.1.1
1.5.7301.5.2.1.9.3
1.5.7332.10.2.1
1.5.7423.9.2.1.7
1.5.7487.6.2.1
1.5.7495.8.2.1.14.5
1.5.7495.8.2.1.15.1.9.2.13
1.5.7629.8.2.1.4.4.12.4.101
1.5.7747.8.2.1.15.2.2
1.5.8031.7.2.1.2.1.49
1.5.8049.9.2.1.1
1.5.8061.14.2.1.35
1.5.8068.10.2.1.4
1.5.8075.11.2.1.9.3.63.1.1
1.5.8109.8.2.1.14.8.30.8.12
1.5.8178.11.2.1.12
1.5.8331.7.2.1.1.1.2.2.3
1.5.8435.12.2.1.6
1.5.8523.9.2.1.40.1.3.6
1.5.8528.19.2.1.49.3.4.7.15
1.5.8842.14.2.1
1.5.8922.14.2.1.1.1
1.5.8923.28.2.1.2
1.5.8986.10.2.1.3
1.5.9123.20.2.1.4.2
1.5.9345.8.2.1.17.3.4
1.5.9367.6.2.1.2.1.1
1.5.9383.16.2.1
1.5.9425.8.2.1.3.1.5
1.5.9726.7.2.1.14.8.45.1.3
1.5.9795.12.2.1.5
1.5.10136.11.2.1.9
1.5.10218.19.2.1.2.8.28
1.5.10246.9.2.1.7.4.21
1.5.10280.20.2.1
1.5.10316.8.2.1.12.1.1.2.37
1.5.10381.11.2.1.4.4.6.3
1.5.10454.16.2.1
1.5.10590.7.2.1.12.3.5.1.10
1.5.10763.8.2.1.8.9
1.5.10806.11.2.1.4.3.7.3.7
1.5.10846.6.2.1.5.1.14.5
1.5.10993.13.2.1.10.3.10.1.8
1.5.11133.10.2.1.4.6.8
1.5.11209.7.2.1.3
1.5.11215.12.2.1.26.1.2.1.42
1.5.11244.11.2.1
1.5.11261.8.2.1.18.8.31.1.2
1.5.11452.7.2.1.1
1.5.11500.7.2.1.4.1.3
1.5.11509.15.2.1.17.7.24.1
1.5.11601.7.2.1
1.5.11648.8.2.1.32.1
1.5.11657.13.2.1.1.2
1.5.11713.23.2.1
1.5.11785.14.2.1
1.5.11800.15.2.1.36
1.5.12052.11.2.1.14.7.28
1.5.12262.5.2.1.3.1.1
1.5.12267.9.2.1.18.1.7.3
1.5.12360.6.2.1.10.4
1.5.12392.10.2.1.1.1.2
1.5.12415.9.2.1.16.7.8.2
1.5.12424.13.2.1.20
1.5.12458.14.2.1
1.5.12577.15.2.1.3.3
1.5.12610.11.2.1.5
1.5.12636.24.2.1
1.5.12660.14.2.1
1.5.12672.10.2.1
1.5.12691.7.2.1.6
1.5.12806.10.2.1.3.3
1.5.13099.22.2.1.1.10.19
1.5.13133.7.2.1.3.3
1.5.13170.11.2.1.14.4.28.1.11
1.5.13541.9.2.1.19.5.5.2
1.5.13566.7.2.1.14.1.3
1.5.13613.8.2.1.5.3
1.5.13634.8.2.1.4.4.17.3
1.5.13808.7.2.1.1.1
1.5.13905.10.2.1.6.4
1.5.14009.10.2.1.14.2.2.4.13
1.5.14171.17.2.1.31
1.5.14175.7.2.1.1.1
1.5.14330.7.2.1.2.1.4.3
1.5.14339.5.2.1.8.2.12.1
1.5.14436.12.2.1.8.4.5.4
1.5.14481.9.2.1.7
1.5.14540.9.2.1.5
1.5.14543.9.2.1.23.4.11
1.5.14549.8.2.1.14.5
1.5.14549.8.2.1.15.1.9.2.8
1.5.14690.10.2.1.20.2.5.2
1.5.14805.8.2.1.15.2.2
1.5.14922.9.2.1
1.5.14971.9.2.1.2.1
1.5.15012.12.2.1.3.1
1.5.15029.19.2.1
1.5.15092.7.2.1.1.2.7.2.2.66
1.5.15153.8.2.1.19.6.12.5.19
1.5.15211.17.2.1.5.2
1.5.15373.7.2.1.1.1.2.2.3
1.5.15477.12.2.1.6
1.5.15543.9.2.1
1.5.15573.14.2.1.4.2.3.2.24.54
1.5.15577.6.2.1.6
1.5.15635.7.2.1.3.3.6
1.5.15900.14.2.1
1.5.15967.12.2.1.1.1
1.5.15968.21.2.1.5
1.5.15995.17.2.1.1
1.5.16054.8.2.1.11.5.17
1.5.16190.20.2.1.4.2
1.5.16391.12.2.1.3.5.13.7
1.5.16410.14.2.1.14
1.5.16435.10.2.1.10.8.27
1.5.16460.21.2.1
1.5.16508.8.2.1.5.1.5
1.5.16644.13.2.1.1.4.15
1.5.16821.12.2.1.3
1.5.16893.7.2.1.3.3.15.2.7
1.5.16909.6.2.1.14.1.2.1
1.5.17242.11.2.1.9
1.5.17320.19.2.1.2.1.4.4.15
1.5.17320.19.2.1.2.1.4.4.16.18
1.5.17336.7.2.1.15.2.2.1.35.21
1.5.17344.7.2.1.2.2.5
1.5.17420.8.2.1.20.3.3
1.5.17516.8.2.1.6.5.11.2
1.5.17586.10.2.1
1.5.17731.12.2.1.12.1
1.5.17886.12.2.1.34.2.8
1.5.17898.11.2.1.6.1.7.3.33
1.5.17898.11.2.1.6.1.7.3.35
1.5.17983.14.2.1.6.3
1.5.18038.12.2.1.6.3
1.5.18148.13.2.1.10.3.10.1.8
1.5.18290.11.2.1.2
1.5.18370.7.2.1.3
1.5.18376.12.2.1.26.1.2.1.3
1.5.18437.8.2.1.28.8.32.1.2
1.5.18635.7.2.1.1
1.5.18690.13.2.1.22.6.16
1.5.18802.7.2.1
1.5.18849.8.2.1.32.1
1.5.18858.13.2.1.1.2
1.5.18956.10.2.1.35.3
1.5.18968.14.2.1
1.5.18983.15.2.1.36
1.5.19236.15.2.1.6.2.13
1.5.19426.10.2.1.30
1.5.19436.9.2.1.2.1
1.5.19503.11.2.1.4.1.5
1.5.19531.6.2.1.10.4
1.5.19563.10.2.1.1.1.2
1.5.19586.9.2.1.16.7.8.2
1.5.19595.13.2.1.20
1.5.19629.14.2.1
1.5.19653.9.2.1.3.1.27.1
1.5.19742.15.2.1.3.3
1.5.19775.11.2.1.5
1.5.19801.24.2.1
1.5.19825.14.2.1
1.5.19837.10.2.1
1.5.19856.7.2.1.6
1.5.19945.19.2.1.15.1.2.2.15.52
1.5.19980.10.2.1.3.3
1.5.20247.5.2.1.8.15.23.3
1.5.20266.6.2.1.5.2.11.1.10
1.5.20292.7.2.1.3.4
1.5.20414.12.2.1
1.5.20686.9.2.1.22.7.9.2
1.5.20712.5.2.1.13.1.15
1.5.20763.8.2.1.5.3
1.5.20784.19.2.1.34.3.17.9.22
1.5.20945.12.2.1.1.3.5.9
1.5.20982.7.2.1.1.1.19
1.5.21144.7.2.1
1.5.21198.10.2.1.18.2
1.5.21228.14.2.1.2.2.3
1.5.21335.17.2.1.30
1.5.21339.7.2.1.1.1
1.5.21502.5.2.1.8.2.41.1
1.5.21540.13.2.1.23.5.18.2
1.5.21624.9.2.1.7
1.5.21686.9.2.1.1.1.1
1.5.21776.6.2.1.2.2.6.2
1.5.21854.9.2.1.6.2.13
1.5.21964.8.2.1.15.2.2
1.5.22161.12.2.1.3.1
1.5.22178.19.2.1
1.5.22241.7.2.1.1.2.7.2.2.21
1.5.22302.8.2.1.19.6.12.5.19
1.5.22522.7.2.1.1.1.2.2.3
1.5.22619.10.2.1.4.2.4.1.17
1.5.22659.10.2.1
1.5.22714.5.2.1.8.1.3.1
1.5.22768.7.2.1.3.3.7
1.5.23037.14.2.1
1.5.23094.15.2.1.3
1.5.23121.28.2.1.1
1.5.23178.10.2.1.3.3.10.1.15
1.5.23315.20.2.1.4.2
1.5.23532.14.2.1.14
1.5.23557.10.2.1.11.8.27
1.5.23582.21.2.1
1.5.23620.20.2.1.2
1.5.23736.13.2.1.1.4.15
1.5.23912.11.2.1.3.3.3.1.12
1.5.23928.7.2.1.2
1.5.23976.12.2.1.5
1.5.24326.11.2.1.9
1.5.24396.19.2.1.2.8.28
1.5.24425.12.2.1.6
1.5.24460.20.2.1
1.5.24497.8.2.1.20.3.3
1.5.24593.8.2.1.6.5.11.2
1.5.24716.11.2.1.1.1.17.4
1.5.24768.10.2.1.4.3.7
1.5.24781.18.2.1.6
1.5.24949.12.2.1.34.2.8
1.5.24961.11.2.1.6.1.7.3.33
1.5.24961.11.2.1.6.1.7.3.35
1.5.25004.11.2.1.4.3.7.3.7
1.5.25044.6.2.1.5.1.6.4
1.5.25096.12.2.1.6.3
1.5.25204.13.2.1.10.3.10.1.8
1.5.25333.6.2.1.7
1.5.25338.10.2.1.10.5.13.3.6
1.5.25428.8.2.1.31
1.5.25488.18.2.1.2.6.19
1.5.25672.9.2.1.3.3.11.1.1
1.5.25733.13.2.1.26.8.7
1.5.25845.7.2.1
1.5.25892.8.2.1.32.1
1.5.25964.23.2.1
1.5.26039.14.2.1
1.5.26054.15.2.1.36
1.5.26301.15.2.1.6.2.13
1.5.26493.9.2.1.4.1.2.1
1.5.26558.11.2.1.4.1.5
1.5.26593.6.2.1.10.4
1.5.26623.18.2.1.2
1.5.26684.14.2.1
1.5.26708.9.2.1.3.1.27.1
1.5.26797.15.2.1.3.3
1.5.26829.6.2.1.1
1.5.26851.10.2.1.18.1
1.5.26872.14.2.1
1.5.26896.9.2.1.6.3.2.1.12
1.5.26996.11.2.1.10.3.10.1
1.5.27275.5.2.1.8.15.23.3
1.5.27296.22.2.1.1.2.12
1.5.27336.7.2.1.3.4
1.5.27373.11.2.1.14.4.28.1.11
1.5.27811.8.2.1.5.3
1.5.27841.8.2.1.23.1.1
1.5.27974.17.2.1.22.7.22.3
1.5.28010.7.2.1.1.1
1.5.28044.7.2.1.1.1.5
1.5.28221.7.2.1.3.2.3.1
1.5.28337.8.2.1.13.4
1.5.28360.15.2.1.56.4.10.1
1.5.28379.17.2.1.30
1.5.28383.7.2.1.1.1
1.5.28546.5.2.1.9.3
1.5.28638.12.2.1.8.4.5.4
1.5.28726.9.2.1.1.1.1
1.5.28877.13.2.1.10.3.5
1.5.28995.8.2.1.15.2.2
1.5.29112.9.2.1
1.5.29200.12.2.1.3.1
1.5.29217.19.2.1
1.5.29255.7.2.1.2.1.49
1.5.29273.9.2.1.1
1.5.29285.14.2.1.35
1.5.29292.10.2.1.4
1.5.29299.11.2.1.9.3.63.1.1
1.5.29333.8.2.1.14.8.30.8.12
1.5.29556.7.2.1.16.1.25
1.5.29650.10.2.1.4.2.4.1.39
1.5.29693.10.2.1
1.5.29749.10.2.1.1.1.1.1.53.28
1.5.29751.7.2.1.4.1.5.5.70
1.5.30087.14.2.1
1.5.30121.11.2.1.3.4.18.6
1.5.30133.7.2.1.6.1.8.3
1.5.30160.12.2.1.1.1
1.5.30161.21.2.1.5
1.5.30186.17.2.1.1
1.5.30245.8.2.1.11.5.17
1.5.30381.20.2.1.4.2
1.5.30421.11.2.1.1.1
1.5.30618.8.2.1.17.3.4
1.5.30642.8.2.1.5
1.5.30670.26.2.1.7.5.21.2
1.5.30716.7.2.1.3.1.1.1.1
1.5.30982.23.2.1.5.1
1.5.31035.12.2.1.9
1.5.31078.6.2.1.4.3.8.1.1
1.5.31106.11.2.1.2.3.5.1
1.5.31434.11.2.1.9
1.5.31514.19.2.1.2.8.29
1.5.31542.9.2.1.7.4.21
1.5.31578.20.2.1
1.5.31615.8.2.1.20.3.3
1.5.31703.11.2.1.13.6.8.5
1.5.31777.10.2.1
1.5.31841.11.2.1.1.1.18.3
1.5.31912.12.2.1.12.1
1.5.32092.8.2.1.8.9
1.5.32135.11.2.1.4.3.7.3.7
1.5.32175.6.2.1.5.1.14.5
1.5.32220.9.2.1.2
1.5.32246.12.2.1.23.3.63.14
1.5.32338.13.2.1.10.3.10.1.8
1.5.32470.6.2.1.12
1.5.32475.10.2.1.10.5.13.3.6
1.5.32564.8.2.1.10
1.5.32623.18.2.1.2.6.19
1.5.32778.10.2.1.3.1
1.5.32862.13.2.1.22.6.16
1.5.33085.23.2.1
1.5.33151.10.2.1.16.3
1.5.33163.14.2.1
1.5.33178.15.2.1.36
1.5.33294.7.2.1.1.1
1.5.33437.11.2.1.14.7.28
1.5.33633.10.2.1.32.1.36
1.5.33731.6.2.1.10.4
1.5.33763.10.2.1.1.1.2
1.5.33786.9.2.1.16.7.8.2
1.5.33795.13.2.1.20
1.5.33829.14.2.1
1.5.33853.9.2.1.3.1.27.1
1.5.33942.15.2.1.3.3
1.5.33974.6.2.1.1
1.5.33998.24.2.1
1.5.34022.14.2.1
1.5.34034.10.2.1
1.5.34053.7.2.1.6
1.5.34135.10.2.1.2.2.21.4
1.5.34165.10.2.1.3.3
1.5.34453.7.2.1.7
1.5.34485.7.2.1.3.4
1.5.34930.9.2.1.22.7.9.2
1.5.34956.5.2.1.11.4.13.7.6
1.5.35004.8.2.1.5.3
1.5.35034.8.2.1.23.1.1
1.5.35216.12.2.1.1.3.5.9
1.5.35243.7.2.1.15.3.3.7
1.5.35250.7.2.1.1.1.29
1.5.35419.10.2.1.14.2.2.4.13
1.5.35484.14.2.1.2.2.3
1.5.35742.7.2.1.2.1.4.3
1.5.35751.5.2.1.8.2.12.1
1.5.35848.12.2.1.8.4.5.4
1.5.35887.9.2.1.10
1.5.36088.8.2.1.4.4.12.4.101
1.5.36201.8.2.1.15.2.2
1.5.36414.19.2.1
1.5.36452.7.2.1.2.1.49
1.5.36470.9.2.1.1
1.5.36482.14.2.1.35
1.5.36489.10.2.1.4
1.5.36496.11.2.1.9.3.63.1.1
1.5.36530.8.2.1.14.8.30.8.12
1.5.36743.7.2.1.1.1.2.2.3
1.5.36847.12.2.1.6
1.5.36909.9.2.1
1.5.36939.14.2.1.4.2.3.2.32.15
1.5.36943.6.2.1.6
1.5.37001.7.2.1.3.3.6
1.5.37222.17.2.1.8.3
1.5.37254.9.2.1
1.5.37287.7.2.1.6.1.8.3
1.5.37324.26.2.1.40.1.1.2.4
1.5.37343.13.2.1.18.1
1.5.37344.28.2.1.19
1.5.37392.8.2.1.11.5.17
1.5.37532.20.2.1.4.2
1.5.37573.11.2.1.1.1
1.5.37763.8.2.1.47.3.4
1.5.37815.8.2.1.3.2.10.4
1.5.37853.7.2.1.3.1.1.1.1
1.5.38111.23.2.1.5.1
1.5.38156.18.2.1.9
1.5.38175.7.2.1.2
1.5.38223.12.2.1.5
1.5.38556.11.2.1.9
1.5.38631.19.2.1.2.8.29
1.5.38660.12.2.1.6
1.5.38695.20.2.1
1.5.38731.8.2.1.12.1.1.2.8
1.5.38822.8.2.1.6.5.11.2
1.5.38892.10.2.1
1.5.38952.11.2.1.1.3.6.1
1.5.39010.8.2.1.27.7.11
1.5.39137.14.2.1.7.1.3
1.5.39148.9.2.1
1.5.39190.8.2.1.8.9
1.5.39231.11.2.1.4.3.7.3.7
1.5.39271.6.2.1.5.1.6.4
1.5.39435.13.2.1.10.3.10.1.8
1.5.39572.10.2.1.10.5.13.3.6
1.5.39648.7.2.1.3
1.5.39654.12.2.1.26.1.2.1.13
1.5.39683.11.2.1
1.5.39700.8.2.1.18.8.31.1.2
1.5.39890.11.2.1.12.5
1.5.39894.7.2.1.1
1.5.39942.7.2.1.4.1.3
1.5.39951.15.2.1.17.7.24.1
1.5.40088.8.2.1.32.1
1.5.40097.13.2.1.1.2
1.5.40227.15.2.1.44
1.5.40482.15.2.1.6.2.13
1.5.40678.10.2.1.32.1.36
1.5.40776.6.2.1.10.4
1.5.40808.10.2.1.1.1.2
1.5.40831.9.2.1.16.7.8.2
1.5.40840.13.2.1.20
1.5.40874.14.2.1
1.5.40988.15.2.1.3.3
1.5.41021.11.2.1.5
1.5.41047.24.2.1
1.5.41071.14.2.1
1.5.41083.10.2.1
1.5.41101.7.2.1.5.1.1
1.5.41180.19.2.1.15.1.2.2.15.62
1.5.41215.10.2.1.3.3
1.5.41492.21.2.1.2.1.19
1.5.41543.8.2.1
1.5.41561.11.2.1.14.4.40.1.11
1.5.41973.9.2.1.22.7.9.2
1.5.42200.17.2.1.22.7.21.4
1.5.42236.7.2.1.1.1
1.5.42331.10.2.1.6.4
1.5.42431.10.2.1.1.1
1.5.42437.7.2.1
1.5.42495.10.2.1.6.1
1.5.42575.8.2.1.2.2
1.5.42621.17.2.1.30
1.5.42625.7.2.1.1.1
1.5.42800.5.2.1.8.2.41.1
1.5.42922.9.2.1.7
1.5.42988.9.2.1.10.1.22
1.5.42993.6.2.1.16.4.25.8
1.5.43001.11.2.1
1.5.43085.6.2.1.2.2.6.2
1.5.43163.10.2.1.20.2.5.2
1.5.43276.8.2.1.15.2.2
1.5.43394.9.2.1
1.5.43497.19.2.1
1.5.43535.7.2.1.2.1.49
1.5.43553.9.2.1.1
1.5.43565.14.2.1.35
1.5.43572.10.2.1.4
1.5.43625.8.2.1.19.6.12.5.19
1.5.43842.7.2.1.16.1.22
1.5.43939.10.2.1.4.2.4.1.17
1.5.43982.10.2.1
1.5.44041.6.2.1.6
1.5.44099.7.2.1.3.3.7
1.5.44368.14.2.1
1.5.44435.12.2.1.1.1
1.5.44436.21.2.1.5
1.5.44464.13.2.1.18.1
1.5.44465.28.2.1.19
1.5.44526.10.2.1.6
1.5.44660.20.2.1.4.2
1.5.44853.12.2.1.3.8.19.10
1.5.44875.8.2.1.31.3.4
1.5.44899.10.2.1.6.4.11
1.5.44924.21.2.1
1.5.44960.20.2.1.2
1.5.45275.7.2.1.2
1.5.45323.12.2.1.5
1.5.45681.11.2.1.1.1.3.10.14
1.5.45753.19.2.1.2.8.39
1.5.45781.9.2.1.7.4.21
1.5.45814.20.2.1
1.5.45851.8.2.1.20.3.3
1.5.45936.11.2.1.4.4.6.3
1.5.46064.11.2.1.1.2.6.1
1.5.46128.8.2.1.27.7.11
1.5.46308.12.2.1.34.2.8
1.5.46320.11.2.1.6.1.7.3.33
1.5.46320.11.2.1.6.1.7.3.35
1.5.46363.11.2.1.4.3.7.3.7
1.5.46403.6.2.1.5.1.6.4
1.5.46572.13.2.1.10.3.10.1.8
1.5.46627.10.2.1
1.5.46706.6.2.1.7
1.5.46714.8.2.1.2
1.5.46887.11.2.1.2.4.12
1.5.47045.11.2.1
1.5.47075.7.2.1.1
1.5.47123.7.2.1.4.1.3
1.5.47132.15.2.1.17.7.24.1
1.5.47341.23.2.1
1.5.47393.10.2.1.35.3
1.5.47405.14.2.1
1.5.47420.15.2.1.36
1.5.47668.11.2.1.14.7.28
1.5.47866.8.2.1.5.2
1.5.47876.9.2.1.2.1
1.5.47976.6.2.1.10.4
1.5.48008.10.2.1.1.1.2
1.5.48031.9.2.1.16.7.8.2
1.5.48040.13.2.1.20
1.5.48074.14.2.1
1.5.48188.15.2.1.3.3
1.5.48221.11.2.1.5
1.5.48247.24.2.1
1.5.48271.14.2.1
1.5.48295.9.2.1.6.3.2.1.12
1.5.48376.12.2.1.15.7
1.5.48398.10.2.1.3.3
1.5.48665.5.2.1.8.15.23.3
1.5.48686.22.2.1.1.2.12
1.5.48720.7.2.1.3.3
1.5.48757.11.2.1.14.4.28.1.11
1.5.48844.12.2.1
1.5.49212.8.2.1.5.3
1.5.49234.19.2.1.11.1.23.4.14
1.5.49361.17.2.1.22.7.21.4
1.5.49397.7.2.1.1.1
1.5.49420.7.2.1.12.6
1.5.49430.7.2.1.1.1.19
1.5.49510.23.2.1.17.1.4.3.26.83
1.5.49600.7.2.1
1.5.49652.10.2.1.6.1
1.5.49788.17.2.1.30
1.5.49792.7.2.1.1.1
1.5.49958.5.2.1.8.2.41.1
1.5.49996.13.2.1.23.5.18.2
1.5.50080.9.2.1.7
1.5.50142.9.2.1.1.1.1
1.5.50232.6.2.1.2.2.6.2
1.5.50275.11.2.1.8.2
1.5.50316.13.2.1.10.3.5
1.5.50436.8.2.1.15.2.2
1.5.50554.9.2.1
1.5.50658.19.2.1
1.5.50696.7.2.1.2.1.49
1.5.50714.9.2.1.1
1.5.50726.14.2.1.35
1.5.50733.10.2.1.4
1.5.50740.11.2.1.9.3.63.1.1
1.5.50774.8.2.1.14.8.30.8.12
1.5.50982.7.2.1.1.1.2.2.3
1.5.51077.10.2.1.4.2.4.1.39
1.5.51120.10.2.1
1.5.51182.19.2.1.5.2.49.2.2
1.5.51229.7.2.1.3.3.7
1.5.51511.14.2.1
1.5.51518.9.2.1
1.5.51589.17.2.1.1
1.5.51663.10.2.1.3
1.5.51796.20.2.1.4.2
1.5.52017.8.2.1.47.3.4
1.5.52041.10.2.1.5.4.11
1.5.52066.21.2.1
1.5.52113.7.2.1.3.1.1.1.1
1.5.52236.13.2.1.1.4.15
1.5.52377.23.2.1.5.1
1.5.52418.18.2.1.9
1.5.52510.6.2.1.14.1.2.1
1.5.52846.11.2.1.9
1.5.52931.19.2.1.2.1.4.4.15
1.5.52931.19.2.1.2.1.4.4.16.19
1.5.52947.7.2.1.15.2.2.1.35.22
1.5.52958.8.2.1.8
1.5.52999.20.2.1
1.5.53033.8.2.1.20.3.3
1.5.53106.8.2.1.6.5.11.2
1.5.53307.12.2.1.12.1
1.5.53435.11.2.1.15.3
1.5.53441.12.2.1.4.1.1.1
1.5.53476.8.2.1.8.9
1.5.53517.11.2.1.4.3.7.3.7
1.5.53557.6.2.1.5.1.6.4
1.5.53602.9.2.1.2
1.5.53726.13.2.1.10.3.10.1.8
1.5.53868.11.2.1.2
1.5.54006.11.2.1
1.5.54172.11.2.1
1.5.54253.13.2.1.22.6.16
1.5.54368.12.2.1
1.5.54416.8.2.1.32.1
1.5.54533.10.2.1.35.3
1.5.54545.14.2.1
1.5.54560.15.2.1.36
1.5.54822.11.2.1.14.7.28
1.5.55021.8.2.1.5.2
1.5.55031.9.2.1.2.1
1.5.55121.6.2.1.10.4
1.5.55154.10.2.1.1.1.2
1.5.55177.9.2.1.16.7.8.2
1.5.55186.13.2.1.20
1.5.55220.14.2.1
1.5.55244.9.2.1.3.1.27.1
1.5.55328.12.2.1.9.5
1.5.55363.6.2.1.1
1.5.55385.10.2.1.18.1
1.5.55406.14.2.1
1.5.55418.10.2.1
1.5.55432.7.2.1.5.1.1
1.5.55549.10.2.1.3.3
1.5.55814.5.2.1.8.15.23.3
1.5.55835.22.2.1.1.2.12
1.5.55869.7.2.1.3.3
1.5.55906.11.2.1.14.4.28.1.11
1.5.56283.11.2.1.29.6.22
1.5.56360.8.2.1.17.1.1
1.5.56492.17.2.1.22.7.22.3
1.5.56528.7.2.1.1.1
1.5.56629.10.2.1.26.5
1.5.56736.7.2.1.3.2.3.1
1.5.56789.10.2.1.6.1
1.5.56915.17.2.1.30
1.5.56919.7.2.1.1.1
1.5.57082.5.2.1.8.2.41.1
1.5.57174.12.2.1.8.4.5.4
1.5.57219.9.2.1.7
1.5.57392.11.2.1.8.2
1.5.57429.10.2.1.20.2.5.2
1.5.57541.8.2.1.15.2.2
1.5.57735.12.2.1.3.1
1.5.57752.19.2.1
1.5.57815.7.2.1.1.2.7.2.2.66
1.5.57839.7.2.1.2.1.3.1
1.5.57874.8.2.1.14.8.30.8.12
1.5.57932.17.2.1.5.2
1.5.58089.7.2.1.1.1.2.2.3
1.5.58187.10.2.1.4.2.4.1.17
1.5.58230.10.2.1
1.5.58292.19.2.1.5.2.49.2.2
1.5.58339.7.2.1.3.3.6
1.5.58623.14.2.1
1.5.58690.12.2.1.1.1
1.5.58691.21.2.1.5
1.5.58718.17.2.1.1
1.5.58786.10.2.1.3.3.10.1.15
1.5.58920.20.2.1.4.2
1.5.58961.11.2.1.1.1
1.5.59140.15.2.1.7.1.20
1.5.59159.10.2.1.10.8.27
1.5.59184.21.2.1
1.5.59227.7.2.1.7.1.3.2.7
1.5.59499.23.2.1.5.1
1.5.59551.6.2.1.7.4.6
1.5.59552.10.2.1.8.5.8.4
1.5.59974.11.2.1.9
1.5.60049.19.2.1.2.8.38
1.5.60077.9.2.1.7.4.21
1.5.60110.20.2.1
1.5.60147.8.2.1.20.3.3
1.5.60226.11.2.1.4.4.6.3
1.5.60354.11.2.1.1.1.7.2
1.5.60402.10.2.1.4.3.7
1.5.60418.10.2.1.6
1.5.60599.12.2.1.34.2.8
1.5.60611.11.2.1.6.1.7.3.33
1.5.60611.11.2.1.6.1.7.3.35
1.5.60707.14.2.1.6.3
1.5.60762.12.2.1.6.3
1.5.60802.6.2.1
1.5.60874.13.2.1.10.3.10.1.8
1.5.61014.10.2.1.4.6.8
1.5.61090.8.2.1.31
1.5.61150.18.2.1.2.6.19
1.5.61332.11.2.1.12.5
1.5.61336.7.2.1.1
1.5.61384.7.2.1.4.1.3
1.5.61393.15.2.1.17.7.24.1
1.5.61471.7.2.1
1.5.61518.8.2.1.32.1
1.5.61647.10.2.1.16.3
1.5.61659.14.2.1
1.5.61674.15.2.1.36
1.5.61931.15.2.1.6.2.13
1.5.61955.18.2.1.2.1.8.4.7
1.5.62133.8.2.1.5.2
1.5.62143.9.2.1.2.1
1.5.62243.6.2.1.10.4
1.5.62276.10.2.1.1.1.2
1.5.62299.9.2.1.16.7.8.2
1.5.62308.13.2.1.20
1.5.62342.14.2.1
1.5.62366.9.2.1.3.1.27.1
1.5.62486.11.2.1.5
1.5.62537.14.2.1
1.5.62549.10.2.1
1.5.62567.7.2.1.5.1.1
1.5.62659.10.2.1.2.2.21.4
1.5.62694.10.2.1.3.3
1.5.62994.7.2.1.6.2.3.1.4
1.5.63028.7.2.1.3.4
1.5.63465.9.2.1.22.7.9.2
1.5.63490.7.2.1.14.1.3
1.5.63537.8.2.1.5.3
1.5.63567.8.2.1.23.1.1
1.5.63734.8.2.1.7.2.4.9
1.5.63768.7.2.1.1.1.5
1.5.63849.23.2.1.17.1.4.3.26.24
1.5.63937.7.2.1
1.5.63991.10.2.1.18.2
1.5.64023.14.2.1.2.2.3
1.5.64068.8.2.1.13.4
1.5.64091.15.2.1.56.4.10.1
1.5.64110.17.2.1.30
1.5.64114.7.2.1.1.1
1.5.64290.5.2.1.8.2.12.1
1.5.64387.12.2.1.8.4.5.4
1.5.64435.9.2.1.7
1.5.64501.9.2.1.10.1.22
1.5.64506.6.2.1.16.4.25.8
1.5.64514.11.2.1
1.5.64620.11.2.1.8.2
1.5.64657.10.2.1.20.2.5.2
1.5.64765.8.2.1.15.2.2
1.5.64879.6.2.1.4
1.5.64882.9.2.1
1.5.64936.6.2.1.3.1
1.5.64979.19.2.1
1.5.65017.7.2.1.2.1.49
1.5.65035.9.2.1.1
1.5.65047.14.2.1.35
1.5.65054.10.2.1.4
1.5.65061.11.2.1.9.3.63.1.1
1.5.65095.8.2.1.14.8.30.8.12
1.5.65212.14.2.1.3.2.8.4
1.5.65331.7.2.1.16.1.25
1.5.65425.10.2.1.4.2.4.1.39
1.5.65468.10.2.1
1.5.65504.9.2.1
1.5.65534.14.2.1.4.2.3.2.24.115
1.5.65538.6.2.1.6
1.5.65596.7.2.1.3.3.6
1.5.65889.14.2.1
1.5.65896.9.2.1
1.5.65948.12.2.1.1.1
1.5.65949.21.2.1.5
1.5.65972.13.2.1.9.2
1.5.65973.28.2.1.10
1.5.66034.10.2.1.6
1.5.66167.20.2.1.4.2
1.5.66207.11.2.1.1.1
1.5.66395.10.2.1.23.19.47
1.5.66420.21.2.1
1.5.66465.7.2.1.2.2.4.3.6
1.5.66583.13.2.1.1.4.15
1.5.66766.9.2.1.3.2.4.4.7
1.5.66785.7.2.1.2
1.5.66835.7.2.1.3.3.15.2.7
1.5.67100.18.2.1.9.2.9.2
1.5.67187.11.2.1.1.1.3.10.14
1.5.67267.19.2.1.2.8.39
1.5.67296.12.2.1.6
1.5.67331.20.2.1
1.5.67368.8.2.1.20.3.3
1.5.67456.11.2.1.13.6.8.5
1.5.67584.11.2.1.1.3.6.1
1.5.67649.8.2.1.27.7.11
1.5.67753.8.2.1.15.2
1.5.67836.8.2.1.8.9
1.5.67919.14.2.1.6.3
1.5.68092.13.2.1.10.3.10.1.8
1.5.68147.10.2.1
1.5.68229.6.2.1.7
1.5.68234.10.2.1.10.5.13.3.6
1.5.68371.11.2.1
1.5.68388.8.2.1.18.8.31.1.2
1.5.68621.13.2.1.22.6.16
1.5.68676.9.2.1.7.4.7.6
1.5.68708.12.2.1
1.5.68756.8.2.1.32.1
1.5.68765.13.2.1.1.2
1.5.68866.8.2.1
1.5.68877.14.2.1
1.5.68892.15.2.1.36
1.5.69008.7.2.1.1.1
1.5.69147.11.2.1.14.7.28
1.5.69352.9.2.1.4.1.2.1
1.5.69450.6.2.1.10.4
1.5.69482.18.2.1.2
1.5.69543.14.2.1
1.5.69652.15.2.1.3.3
1.5.69684.9.2.1.2.1.5
1.5.69729.14.2.1
1.5.69741.10.2.1
1.5.69759.7.2.1.5.1.1
1.5.69874.10.2.1.3.3
1.5.70219.8.2.1
1.5.70237.11.2.1.14.4.40.1.11
1.5.70667.9.2.1.31.3.11
1.5.70714.8.2.1.5.3
1.5.70736.19.2.1.11.1.23.4.14
1.5.70867.17.2.1.22.7.22.3
1.5.70903.7.2.1.1.1
1.5.71109.7.2.1
1.5.71167.9.2.1.12.8
1.5.71186.7.2.1.8.4.5.3.44
1.5.71281.17.2.1.31
1.5.71285.7.2.1.1.1
1.5.71451.5.2.1.8.2.40.1
1.5.71548.12.2.1.8.4.5.4
1.5.71639.6.2.1
1.5.71647.8.2.1.14.5
1.5.71647.8.2.1.15.1.9.2.13
1.5.71731.6.2.1.2.2.6.2
1.5.71813.13.2.1.10.3.5
1.5.71928.8.2.1.15.2.2
1.6.61.8.2.1.2.1.3.1.5
1.6.146.8.2.1.2.1.2.1
1.6.192.8.2.1.21
1.6.226.8.2.1.4
1.6.279.8.2.1.10.1.5
1.6.290.8.2.1
1.6.409.8.2.1.5.3
1.6.416.8.2.1.1.1
1.6.496.8.2.1.2.1
1.6.563.8.2.1.12
1.6.601.8.2.1.39
1.6.624.8.2.1
1.6.686.8.2.1.6
1.6.787.8.2.1.4.1.5.1
1.6.790.8.2.1.11
1.6.985.8.2.1.7.3.7.2
1.6.1155.8.2.1.3
1.6.1163.8.2.1.24.3
1.6.1224.8.2.1.16
1.6.1251.8.2.1.11.5
1.6.1328.8.2.1.6.4.8.1.17
1.6.1382.8.2.1.1.1.5
1.6.1571.8.2.1.30.2
1.6.1667.8.2.1.2
1.6.1685.8.2.1.4
1.6.1702.8.2.1.27
1.6.1761.8.2.1
1.6.1774.8.2.1.17.4.32.4.22
1.6.2170.8.2.1.6.2.6
1.6.2229.8.2.1.6.1.4
1.6.2243.8.2.1
1.6.2313.8.2.1.19.1.17
1.6.2406.8.2.1.2.1
1.6.2752.8.2.1.1.1
1.6.2752.8.2.1.2.1.1.1.13.60
1.6.2848.8.2.1.12.1.1.1.47
1.6.2856.8.2.1.31.3
1.6.2857.8.2.1.33
1.6.2947.8.2.1.28.1
1.6.2974.8.2.1.6.5.15.1.5
1.6.3179.8.2.1.1
1.6.3195.8.2.1.9.6.10.2.2
1.6.3304.8.2.1.3.3.16.4
1.6.3380.8.2.1.3
1.6.3446.8.2.1.12.1.4
1.6.3565.8.2.1.2.2.3
1.6.3619.8.2.1.2.1
1.6.3717.8.2.1.11.1.8.3
1.6.3884.8.2.1.6.1.4
1.6.3893.8.2.1.2.2.6.1.1
1.6.3955.8.2.1.15
1.6.3967.8.2.1.2
1.6.4057.8.2.1.2.3.8
1.6.4088.8.2.1.3.1
1.6.4174.8.2.1.6.1.2.2
1.6.4181.8.2.1.9
1.6.4224.8.2.1.7.4
1.6.4234.8.2.1
1.6.4239.8.2.1
1.6.4263.8.2.1.45.2.22
1.6.4320.8.2.1.4.2.3.3.22
1.6.4484.8.2.1.15.4
1.6.4616.8.2.1.4.1.16
1.6.4696.8.2.1.5.1.7.4
1.6.4862.8.2.1.1.1
1.6.4919.8.2.1.3.1.5.2.4
1.6.4939.8.2.1.5.3
1.6.5037.8.2.1
1.6.5144.8.2.1.18
1.6.5209.8.2.1.10.2
1.6.5314.8.2.1.3.1.4
1.6.5393.8.2.1.8.1.1.3
1.6.5412.8.2.1.7.5.11.2
1.6.5479.8.2.1.4.1.1
1.6.5528.8.2.1.5.1
1.6.5549.8.2.1.1.2.11.2.5
1.6.5621.8.2.1
1.6.5635.8.2.1.25.1.13
1.6.5738.8.2.1.10.1
1.6.5809.8.2.1.7
1.6.6063.8.2.1
1.6.6081.8.2.1.17.8.19
1.6.6165.8.2.1.2.1.1.1.34
1.6.6262.8.2.1
1.6.6378.8.2.1.20.3
1.6.6405.8.2.1.7.2.11.4.13.7
1.6.6688.8.2.1.22.3
1.6.6890.8.2.1.1.1.4.2
1.6.6928.8.2.1.22.4.6.1.18
1.6.6972.8.2.1.13.1.2.2
1.6.7135.8.2.1.11.5.5
1.6.7231.8.2.1.3.1
1.6.7312.8.2.1.22.4
1.6.7321.8.2.1.5.1.29
1.6.7327.8.2.1.7.1.2
1.6.7330.8.2.1.5.2.5.1
1.6.7403.8.2.1
1.6.7425.8.2.1
1.6.7476.8.2.1.10.4.12.2
1.6.7568.8.2.1
1.6.7713.8.2.1.9.3
1.6.7735.8.2.1
1.6.7738.8.2.1.13.1.2.2
1.6.7816.8.2.1.29
1.6.7818.8.2.1.5.1
1.6.7845.8.2.1.2.1.1.2
1.6.7928.8.2.1.20.5.12.1
1.6.7949.8.2.1.5.1.2.1.2
1.6.8108.8.2.1
1.6.8168.8.2.1.3.2
1.6.8202.8.2.1.16.3.5
1.6.8291.8.2.1.2.1.2.1
1.6.8337.8.2.1.21
1.6.8371.8.2.1.4
1.6.8424.8.2.1.10.1.5
1.6.8438.8.2.1.5
1.6.8482.8.2.1.4.3.12
1.6.8565.8.2.1.5.3
1.6.8662.8.2.1.31.2.36.6
1.6.8734.8.2.1.15.1.5
1.6.8764.8.2.1.8
1.6.8825.8.2.1.11.3
1.6.8854.8.2.1.6
1.6.8959.8.2.1.19.3
1.6.9155.8.2.1.7.3.7.2
1.6.9281.8.2.1
1.6.9350.8.2.1.6.2.18.3
1.6.9359.8.2.1.11.3
1.6.9379.8.2.1.5.4.17.8
1.6.9399.8.2.1.9.4
1.6.9414.8.2.1.6
1.6.9445.8.2.1.3.7
1.6.9516.8.2.1.6.4.8.1.17
1.6.9579.8.2.1.9.5.16.6.11
1.6.9780.8.2.1.30.2
1.6.9888.8.2.1.2
1.6.9906.8.2.1.3
1.6.9935.8.2.1.8
1.6.10014.8.2.1.29
1.6.10192.8.2.1.11.6.19.1.5
1.6.10408.8.2.1.7.4.3.3.20
1.6.10408.8.2.1.9.1.8.2
1.6.10481.8.2.1.12.2.20.5
1.6.10542.8.2.1.19.1.17
1.6.10635.8.2.1.2.1
1.6.10886.8.2.1.2
1.6.10992.8.2.1.1.1
1.6.10992.8.2.1.2.1.1.1.13.37
1.6.11032.8.2.1.1.1.31.3.8
1.6.11046.8.2.1.17.3
1.6.11082.8.2.1.12.1.1.1.47
1.6.11093.8.2.1.7.5.21.1
1.6.11094.8.2.1.3
1.6.11173.8.2.1.3.4.11.1
1.6.11206.8.2.1.6.5.15.1.5
1.6.11354.8.2.1.17.1
1.6.11360.8.2.1
1.6.11408.8.2.1.1
1.6.11424.8.2.1.9.6.10.2.2
1.6.11539.8.2.1.3.3.16.4
1.6.11592.8.2.1
1.6.11619.8.2.1.3
1.6.11685.8.2.1.13.2.2.1.14
1.6.11789.8.2.1.2.2.3
1.6.11933.8.2.1.11.1.8.3
1.6.12121.8.2.1.19.6.21
1.6.12131.8.2.1
1.6.12187.8.2.1.15
1.6.12277.8.2.1.1.1.17.14.38
1.6.12417.8.2.1.10
1.6.12458.8.2.1
1.6.12463.8.2.1
1.6.12487.8.2.1.45.2.22
1.6.12544.8.2.1.4.2.3.3.22
1.6.12674.8.2.1
1.6.12740.8.2.1
1.6.12852.8.2.1.4.1.16
1.6.12932.8.2.1.5.1.7.4
1.6.12983.8.2.1.8.1
1.6.13103.8.2.1.1.1
1.6.13160.8.2.1.3.1.5.2.4
1.6.13180.8.2.1.5.3
1.6.13242.8.2.1.5.7
1.6.13280.8.2.1
1.6.13367.8.2.1.25.3
1.6.13375.8.2.1.4.2.7
1.6.13434.8.2.1.10.2
1.6.13538.8.2.1.3.1.4
1.6.13699.8.2.1.4.1.1
1.6.13747.8.2.1.14.1
1.6.13844.8.2.1.1.1.4.1.1
1.6.13861.8.2.1.2.3.8.2
1.6.13959.8.2.1.19.8.21.1
1.6.14015.8.2.1.6.2.4
1.6.14260.8.2.1.3.6.1
1.6.14299.8.2.1.19.10.24
1.6.14361.8.2.1.7.1.4
1.6.14468.8.2.1
1.6.14584.8.2.1.20.3
1.6.14611.8.2.1.7.2.11.4.13.7
1.6.14826.8.2.1.7.7.19.6
1.6.14861.8.2.1.4
1.6.14932.8.2.1.22.3
1.6.15039.8.2.1.20.3
1.6.15125.8.2.1.5.3.27.1
1.6.15163.8.2.1.15
1.6.15366.8.2.1.11.5.5
1.6.15462.8.2.1.3.1
1.6.15543.8.2.1.22.4
1.6.15552.8.2.1.5.1.29
1.6.15558.8.2.1.7.1.2
1.6.15561.8.2.1.5.2.5.1
1.6.15658.8.2.1
1.6.15701.8.2.1
1.6.15944.8.2.1.6.5.38.3
1.6.15960.8.2.1.2.1.8.8.11
1.6.15961.8.2.1.8.1.2.2
1.6.16078.8.2.1.2.1.1.4
1.6.16178.8.2.1.5.1.2.1.2
1.6.16566.8.2.1.21
1.6.16601.8.2.1.8.2.10
1.6.16652.8.2.1.10.1.5
1.6.16666.8.2.1.5
1.6.16710.8.2.1.4.3.12
1.6.16900.8.2.1.31.2.36.6
1.6.16975.8.2.1.4.1.3
1.6.17002.8.2.1.10.2.55
1.6.17069.8.2.1.6
1.6.17144.8.2.1
1.6.17172.8.2.1.25.3
1.6.17486.8.2.1
1.6.17555.8.2.1.6.2.18.3
1.6.17564.8.2.1.11.3
1.6.17604.8.2.1.9.4
1.6.17619.8.2.1.6
1.6.17650.8.2.1.3.7
1.6.17733.8.2.1.6.4.8.1.15
1.6.17798.8.2.1.9.5.16.6.11
1.6.18003.8.2.1.30.2
1.6.18107.8.2.1.2
1.6.18122.8.2.1.4
1.6.18139.8.2.1.27
1.6.18399.8.2.1.11.6.19.1.5
1.6.18441.8.2.1.1.1.8.2
1.6.18600.8.2.1.7.2.5.8.24
1.6.18665.8.2.1.8.5.11
1.6.18758.8.2.1.19.1.17
1.6.18855.8.2.1.2.1
1.6.19114.8.2.1.26.5.17
1.6.19220.8.2.1.1.1
1.6.19220.8.2.1.2.1.1.1.13.34
1.6.19314.8.2.1.12.1.1.1.47
1.6.19327.8.2.1.15.3.4.1
1.6.19328.8.2.1.3
1.6.19404.8.2.1.10.1
1.6.19431.8.2.1.6.5.15.1.5
1.6.19577.8.2.1.16.1
1.6.19583.8.2.1
1.6.19605.8.2.1.26.1.8.1
1.6.19629.8.2.1.10.1.45
1.6.19644.8.2.1.9.6.10.2.2
1.6.19763.8.2.1.3.3.16.4
1.6.19839.8.2.1.3
1.6.19871.8.2.1
1.6.19886.8.2.1.7.4.21
1.6.20021.8.2.1.2.1
1.6.20119.8.2.1.11.1.8.3
1.6.20284.8.2.1.2.1.1
1.6.20293.8.2.1.2.2.6.1.1
1.6.20312.8.2.1
1.6.20364.8.2.1.15
1.6.20459.8.2.1.7
1.6.20604.8.2.1.4.1.26
1.6.20632.8.2.1.7.2
1.6.20724.8.2.1.2.1.1.5.33
1.6.20733.8.2.1.2.1
1.6.20911.8.2.1.15.4
1.6.21043.8.2.1.4.1.16
1.6.21180.8.2.1.8.1
1.6.21279.8.2.1.1.1
1.6.21336.8.2.1.3.1.5.2.4
1.6.21386.8.2.1.23.7
1.6.21404.8.2.1
1.6.21429.8.2.1.5.7
1.6.21467.8.2.1
1.6.21562.8.2.1.5.3.6
1.6.21619.8.2.1.10.2
1.6.21722.8.2.1.3.1.4
1.6.21801.8.2.1.8.1.1.3
1.6.21820.8.2.1.7.5.11.2
1.6.21930.8.2.1.5.1
1.6.21951.8.2.1.1.2.11.2.5
1.6.22020.8.2.1.16.1.14
1.6.22141.8.2.1.19.8.21.1
1.6.22228.8.2.1
1.6.22434.8.2.1.3.6.1
1.6.22473.8.2.1.19.10.24
1.6.22558.8.2.1.4
1.6.22664.8.2.1
1.6.22778.8.2.1.20.3
1.6.22805.8.2.1.7.2.11.4.13.13
1.6.23040.8.2.1.4
1.6.23111.8.2.1.22.3
1.6.23219.8.2.1.20.3
1.6.23288.8.2.1.6.4
1.6.23322.8.2.1.21
1.6.23524.8.2.1.17.2.3.1
1.6.23714.8.2.1.17.4.4.2
1.6.23740.8.2.1.5.2.10
1.6.24133.8.2.1.6.5
1.6.24237.8.2.1.18.12.29
1.6.24258.8.2.1.2.1.1.2
1.6.24336.8.2.1.20.5.12.1
1.6.24357.8.2.1.5.1.2.1.2
1.6.24648.8.2.1.2.1.3.1.5
1.6.24777.8.2.1.21
1.6.24812.8.2.1.8.2.10
1.6.24863.8.2.1.10.1.5
1.6.24877.8.2.1.5
1.6.24981.8.2.1.5.3
1.6.24988.8.2.1.1.1
1.6.25068.8.2.1.2.1
1.6.25144.8.2.1.15.1.5
1.6.25174.8.2.1.8
1.6.25257.8.2.1.6
1.6.25358.8.2.1.4.1.5.1
1.6.25361.8.2.1.11
1.6.25662.8.2.1
1.6.25731.8.2.1.6.2.18.3
1.6.25741.8.2.1.12.3
1.6.25825.8.2.1.26.6.4
1.6.25837.8.2.1.21.8.30.1.2.9
1.6.25839.8.2.1.23.10.33.3.5
1.6.25899.8.2.1.6.4.8.1.17
1.6.25962.8.2.1.9.5.16.6.11
1.6.26172.8.2.1.30.2
1.6.26280.8.2.1.2
1.6.26298.8.2.1.4
1.6.26315.8.2.1.27
1.6.26374.8.2.1
1.6.26799.8.2.1.1.1.34.2.9
1.6.26800.8.2.1
1.6.26864.8.2.1.8.5.11
1.6.26884.8.2.1.23.1
1.6.26947.8.2.1.6.3.8.1
1.6.27034.8.2.1.2.1
1.6.27098.8.2.1
1.6.27292.8.2.1.26.5.17
1.6.27397.8.2.1.1.1
1.6.27397.8.2.1.2.1.1.1.13.34
1.6.27491.8.2.1.12.1.1.1.47
1.6.27504.8.2.1.15.3.4.1
1.6.27505.8.2.1.3
1.6.27590.8.2.1.10.1
1.6.27617.8.2.1.6.5.15.1.5
1.6.27836.8.2.1.6
1.6.27930.8.2.1.3.3
1.6.28040.8.2.1.3
1.6.28106.8.2.1.12.1.4
1.6.28225.8.2.1.2.2.3
1.6.28381.8.2.1.11.1.8.3
1.6.28556.8.2.1.2.2.6.1.1
1.6.28618.8.2.1.15
1.6.28630.8.2.1.2
1.6.28719.8.2.1.1.1.17.16.38
1.6.28731.8.2.1
1.6.28874.8.2.1.10
1.6.28999.8.2.1.2.1.1.5.36
1.6.29008.8.2.1.2.1
1.6.29102.8.2.1.2.2
1.6.29169.8.2.1.3.3
1.6.29321.8.2.1.1.2.5.3
1.6.29348.8.2.1.15.2.18.1.1
1.6.29489.8.2.1.7.2
1.6.29591.8.2.1.1.1
1.6.29648.8.2.1.3.1.5.2.4
1.6.29668.8.2.1.5.3
1.6.29735.8.2.1.5.7
1.6.29773.8.2.1
1.6.29870.8.2.1.5.3.6
1.6.29927.8.2.1.10.2
1.6.30031.8.2.1.3.1.4
1.6.30242.8.2.1
1.6.30315.8.2.1
1.6.30329.8.2.1.25.1.13
1.6.30446.8.2.1.19.8.21.1
1.6.30519.8.2.1
1.6.30744.8.2.1
1.6.30762.8.2.1.19.10.24
1.6.30846.8.2.1.2.1.1.1.34
1.6.30903.8.2.1
1.6.30959.8.2.1.8
1.6.31054.8.2.1.20.3
1.6.31081.8.2.1.7.2.11.4.13.13
1.6.31297.8.2.1.29.7
1.6.31311.8.2.1.18.1
1.6.31380.8.2.1.26.3
1.6.31399.8.2.1.31.4.15
1.6.31579.8.2.1.6.5
1.6.31803.8.2.1.11.5.5
1.6.31890.8.2.1.8.5.11.2.12
1.6.31986.8.2.1.22.4
1.6.31995.8.2.1.5.1.29
1.6.32001.8.2.1.7.1.2
1.6.32004.8.2.1.5.2.5.1
1.6.32077.8.2.1
1.6.32099.8.2.1
1.6.32150.8.2.1.11.4.12.2
1.6.32242.8.2.1
1.6.32630.8.2.1.5.1.2.1.2
1.6.32637.8.2.1.7.3.8
1.6.32662.8.2.1.37.1.2.1
1.6.32668.8.2.1.7.4
1.6.32783.8.2.1
1.6.32957.8.2.1.2.1.2.1
1.6.33003.8.2.1.21
1.6.33037.8.2.1.4
1.6.33090.8.2.1.10.1.5
1.6.33104.8.2.1.5
1.6.33225.8.2.1.5.3
1.6.33232.8.2.1.1.1
1.6.33319.8.2.1
1.6.33326.8.2.1.31.2.36.6
1.6.33398.8.2.1.15.1.5
1.6.33469.8.2.1
1.6.33496.8.2.1.3.1
1.6.33518.8.2.1.6
1.6.33619.8.2.1.4.1.5.1
1.6.33622.8.2.1.11
1.6.33974.8.2.1.3
1.6.33987.8.2.1
1.6.34031.8.2.1.9.4
1.6.34048.8.2.1.11
1.6.34079.8.2.1.3.7
1.6.34162.8.2.1.6.4.8.1.15
1.6.34216.8.2.1.1.1.5
1.6.34408.8.2.1.30.2
1.6.34516.8.2.1.2
1.6.34531.8.2.1.4
1.6.34548.8.2.1.27
1.6.34783.8.2.1.11.6.19.1.5
1.6.34825.8.2.1.1.1.8.2
1.6.34996.8.2.1.5.6.34.3.15
1.6.35050.8.2.1.6.1.4
1.6.35131.8.2.1.19.1.17
1.6.35227.8.2.1.2.1
1.6.35485.8.2.1.26.5.17
1.6.35591.8.2.1.1.1
1.6.35591.8.2.1.2.1.1.1.11.29
1.6.35631.8.2.1.1.1.31.3.8
1.6.35645.8.2.1.17.3
1.6.35694.8.2.1.12.1.1.1.10
1.6.35705.8.2.1.7.5.21.1
1.6.35706.8.2.1.3
1.6.35743.8.2.1
1.6.35790.8.2.1.8.1.3.2
1.6.35821.8.2.1.6.5.15.1.5
1.6.35930.8.2.1
1.6.35961.8.2.1.16.1
1.6.35967.8.2.1
1.6.35989.8.2.1.26.1.8.1
1.6.36013.8.2.1.10.1.45
1.6.36027.8.2.1.19
1.6.36119.8.2.1.3.3
1.6.36138.8.2.1.3.3.16.4
1.6.36217.8.2.1.3
1.6.36249.8.2.1
1.6.36264.8.2.1.7.4.20
1.6.36377.8.2.1.2.2.3
1.6.36431.8.2.1.2.1
1.6.36529.8.2.1.11.1.8.3
1.6.36718.8.2.1.19.6.21
1.6.36728.8.2.1
1.6.36779.8.2.1.15
1.6.36791.8.2.1.2
1.6.36878.8.2.1.1.1.17.14.38
1.6.36890.8.2.1
1.6.37016.8.2.1.6.1.2.2
1.6.37023.8.2.1.9
1.6.37066.8.2.1.7.4
1.6.37076.8.2.1
1.6.37081.8.2.1
1.6.37105.8.2.1.45.2.22
1.6.37157.8.2.1.2.1.1.15.43
1.6.37166.8.2.1.2.1
1.6.37499.8.2.1.15.2.20.1.1
1.6.37629.8.2.1.7.2
1.6.37747.8.2.1.1.1
1.6.37804.8.2.1.3.1.5.2.4
1.6.37823.8.2.1.18.1.2.6
1.6.37854.8.2.1.23.7
1.6.37872.8.2.1
1.6.37893.8.2.1.9.5
1.6.37924.8.2.1
1.6.38037.8.2.1.5.3.6
1.6.38094.8.2.1.10.2
1.6.38195.8.2.1.3.1.4
1.6.38274.8.2.1.8.1.1.3
1.6.38293.8.2.1.7.5.11.2
1.6.38376.8.2.1.7.4.22.1
1.6.38395.8.2.1
1.6.38398.8.2.1.20.9
1.6.38419.8.2.1.1.2.11.2.5
1.6.38491.8.2.1
1.6.38504.8.2.1.24
1.6.38607.8.2.1.10.1
1.6.38627.8.2.1.19.8.21.1
1.6.38938.8.2.1.19.10.24
1.6.39019.8.2.1.2.1.1.1.34
1.6.39079.8.2.1.2.1.1.1
1.6.39129.8.2.1
1.6.39257.8.2.1.20.3
1.6.39480.8.2.1.10.2
1.6.39509.8.2.1.8.2.6.1.7
1.6.39597.8.2.1.2.2.10.4.72
1.6.39598.8.2.1.4.4.12.5
1.6.39600.8.2.1.4.2
1.6.39715.8.2.1.20.3
1.6.39801.8.2.1.2.1.3.4
1.6.40044.8.2.1.17.2.3.1
1.6.40131.8.2.1.8.5.11.2.12
1.6.40214.8.2.1.17.4.4.2
1.6.40240.8.2.1.5.2.10
1.6.40337.8.2.1
1.6.40388.8.2.1.10.4.12.2
1.6.40480.8.2.1
1.6.40628.8.2.1.2.1.2.6
1.6.40727.8.2.1.18.12.29.7.9
1.6.40727.8.2.1.19.13.33.1
1.6.40754.8.2.1.2.1.1.2
1.6.40837.8.2.1.20.5.12.1
1.6.40858.8.2.1.5.1.2.1.2
1.6.41129.8.2.1.7.1.3
1.6.41288.8.2.1.21
1.6.41322.8.2.1.4
1.6.41375.8.2.1.10.1.5
1.6.41389.8.2.1.5
1.6.41433.8.2.1.4.3.12
1.6.41520.8.2.1.5.3
1.6.41610.8.2.1
1.6.41617.8.2.1.31.2.36.6
1.6.41672.8.2.1.4.1.16
1.6.41719.8.2.1
1.6.41756.8.2.1.11.3
1.6.41785.8.2.1.6
1.6.41886.8.2.1.19.3
1.6.41967.8.2.1.2
1.6.42077.8.2.1.4.2.7.4
1.6.42133.8.2.1
1.6.42202.8.2.1
1.6.42255.8.2.1.3
1.6.42268.8.2.1
1.6.42312.8.2.1.9.4
1.6.42327.8.2.1.6
1.6.42358.8.2.1.3.7
1.6.42435.8.2.1.1.1.6
1.6.42514.8.2.1.9.5.16.6.11
1.6.42731.8.2.1.30.2
1.6.42846.8.2.1.2
1.6.42865.8.2.1.18.11.16
1.6.42890.8.2.1.24
1.6.42949.8.2.1
1.6.42962.8.2.1.6.1.2.3.11
1.6.43129.8.2.1.11.6.19.1.5
1.6.43364.8.2.1.9.3.6.1.24
1.6.43430.8.2.1.8.6.30
1.6.43450.8.2.1.23.1
1.6.43596.8.2.1.2.1
1.6.43660.8.2.1
1.6.43856.8.2.1.26.5.17
1.6.43963.8.2.1.1.1
1.6.43963.8.2.1.2.1.1.1.13.33
1.6.44003.8.2.1.1.1.31.3.8
1.6.44017.8.2.1.17.3
1.6.44053.8.2.1.12.1.1.1.47
1.6.44064.8.2.1.7.5.21.1
1.6.44065.8.2.1.3
1.6.44132.8.2.1.3.4.11.1
1.6.44165.8.2.1.6.5.15.1.5
1.6.44315.8.2.1.17.1
1.6.44321.8.2.1
1.6.44343.8.2.1.26.1.8.1
1.6.44367.8.2.1.10.1.45
1.6.44382.8.2.1.9.6.10.2.2
1.6.44473.8.2.1.3.3
1.6.44492.8.2.1.3.3.16.4
1.6.44545.8.2.1
1.6.44572.8.2.1.3
1.6.44638.8.2.1.12.1.4
1.6.44757.8.2.1.2.2.3
1.6.44901.8.2.1.11.1.8.3
1.6.45073.8.2.1.8.1.3
1.6.45098.8.2.1
1.6.45156.8.2.1.15
1.6.45168.8.2.1.2
1.6.45249.8.2.1.1.1.17.7.18
1.6.45261.8.2.1
1.6.45389.8.2.1.6.1.2.2
1.6.45396.8.2.1.9
1.6.45515.8.2.1.2.1.1.15.43
1.6.45524.8.2.1.2.1
1.6.45666.8.2.1.15.4
1.6.45810.8.2.1.15.2.20.1.1
1.6.45958.8.2.1.7.2
1.6.46060.8.2.1.1.1
1.6.46117.8.2.1.3.1.5.2.4
1.6.46199.8.2.1.5.7
1.6.46237.8.2.1
1.6.46343.8.2.1.5.3.6
1.6.46400.8.2.1.10.2
1.6.46487.8.2.1.24
1.6.46643.8.2.1.4.1.1
1.6.46705.8.2.1
1.6.46713.8.2.1.1.2.11.2.5
1.6.46794.8.2.1.2.2.7
1.6.46951.8.2.1.7
1.6.47223.8.2.1.17.8.19
1.6.47310.8.2.1.2.1.1.1.34
1.6.47531.8.2.1.20.3
1.6.47752.8.2.1.7.7.19.6
1.6.47832.8.2.1.26.3
1.6.47857.8.2.1.4
1.6.47942.8.2.1.20.3
1.6.48028.8.2.1.2.1.3.4
1.6.48067.8.2.1.11
1.6.48275.8.2.1.11.5.5
1.6.48362.8.2.1.8.5.11.2.12
1.6.48447.8.2.1.22.4
1.6.48456.8.2.1.5.1.29
1.6.48462.8.2.1.7.1.2
1.6.48465.8.2.1.5.2.5.1
1.6.48538.8.2.1
1.6.48560.8.2.1
1.6.48603.8.2.1
1.6.48855.8.2.1.6.5.30.3
1.6.48935.8.2.1.10.10.33.8.5
1.6.48935.8.2.1.11.11.37.1
1.6.48962.8.2.1.2.1.1.2
1.6.49062.8.2.1.5.1.2.1.2
1.6.49094.8.2.1
1.6.49267.8.2.1.3.2
1.6.49457.8.2.1.21
1.6.49492.8.2.1.8.2.10
1.6.49543.8.2.1.10.1.5
1.6.49557.8.2.1.5
1.6.49601.8.2.1.4.3.12
1.6.49688.8.2.1.5.3
1.6.49695.8.2.1.1.1
1.6.49861.8.2.1.15.1.5
1.6.49891.8.2.1.8
1.6.49942.8.2.1.3.1
1.6.49964.8.2.1.6
1.6.50065.8.2.1.4.1.5.1
1.6.50068.8.2.1.11
1.6.50373.8.2.1
1.6.50438.8.2.1.3
1.6.50451.8.2.1
1.6.50509.8.2.1.16
1.6.50533.8.2.1.3.7
1.6.50610.8.2.1.1.1.6
1.6.50680.8.2.1.1.1.5
1.6.50856.8.2.1.30.2
1.6.50968.8.2.1.2
1.6.50983.8.2.1.4
1.6.51000.8.2.1.27
1.6.51246.8.2.1.11.6.19.1.5
1.6.51457.8.2.1.5
1.6.51523.8.2.1.6.1.4
1.6.51604.8.2.1.19.1.17
1.6.51767.8.2.1
1.6.52051.8.2.1.1.1
1.6.52051.8.2.1.2.1.1.1.13.40
1.6.52147.8.2.1.12.1.1.1.47
1.6.52158.8.2.1.7.5.21.1
1.6.52159.8.2.1.3
1.6.52254.8.2.1.5
1.6.52407.8.2.1.17.1
1.6.52413.8.2.1
1.6.52484.8.2.1.6
1.6.52596.8.2.1.3.3.16.4
1.6.52649.8.2.1
1.6.52676.8.2.1.3
1.6.52708.8.2.1
1.6.52731.8.2.1.6.1.19
1.6.52835.8.2.1.2.2.3
1.6.52888.8.2.1.2.1
1.6.52986.8.2.1.11.1.8.3
1.6.53153.8.2.1.8.5.15
1.6.53163.8.2.1
1.6.53219.8.2.1.15
1.6.53231.8.2.1.2
1.6.53319.8.2.1.34.1.8
1.6.53464.8.2.1.10
1.6.53518.8.2.1.7.4
1.6.53606.8.2.1.2.1.1.5.36
1.6.53615.8.2.1.2.1
1.6.53951.8.2.1.15.2.20.1.1
1.6.54213.8.2.1.1.1
1.6.54272.8.2.1.3.1.5.2.4
1.6.54337.8.2.1
1.6.54358.8.2.1.9.5
1.6.54389.8.2.1
1.6.54484.8.2.1.5.3.6
1.6.54541.8.2.1.10.2
1.6.54622.8.2.1.26
1.6.54715.8.2.1.7.5.11.2
1.6.54821.8.2.1.5.1
1.6.54908.8.2.1
1.6.54921.8.2.1.24
1.6.55044.8.2.1.19.8.21.1
1.6.55094.8.2.1.7
1.6.55144.8.2.1.5.1.3.2.8
1.6.55355.8.2.1.19.10.24
1.6.55439.8.2.1.2.1.1.1.34
1.6.55554.8.2.1
1.6.55670.8.2.1.20.3
1.6.55697.8.2.1.7.2.11.4.13.7
1.6.55887.8.2.1.10.2
1.6.55916.8.2.1.8.2.6.1.7
1.6.55999.8.2.1.26.3
1.6.56104.8.2.1.20.3
1.6.56194.8.2.1.2.1
1.6.56226.8.2.1
1.6.56229.8.2.1.2.1.3.4.20
1.6.56273.8.2.1.13.6
1.6.56433.8.2.1.11.5.5
1.6.56514.8.2.1.8.5.11.2.12
1.6.56600.8.2.1.17.4.4.2
1.6.56626.8.2.1.5.2.10
1.6.56723.8.2.1
1.6.56766.8.2.1
1.6.57028.8.2.1.6.4
1.6.57143.8.2.1.29
1.6.57145.8.2.1.5.1
1.6.57172.8.2.1.2.1.1.2
1.6.57269.8.2.1.5.1.2.1.2
1.6.57492.8.2.1.3.2
1.6.57526.8.2.1.16.3.5
1.6.57620.8.2.1.2.1.2.1
1.6.57664.8.2.1.21
1.6.57700.8.2.1.8
1.6.57753.8.2.1.10.1.5
1.6.57767.8.2.1.5
1.6.57811.8.2.1.4.3.12
1.6.57894.8.2.1.5.3
1.6.57901.8.2.1.1.1
1.6.57995.8.2.1.31.2.36.6
1.6.58067.8.2.1.15.1.5
1.6.58188.8.2.1.11.2.12.3.3
1.6.58278.8.2.1.4.1.5.1
1.6.58281.8.2.1.11
