1.1.1.17.15.2.5.7.18.1
1.1.1.98.9.3.19.8
1.1.1.159.5.1.1
1.1.1.302.5.1.9.3.1.1
1.1.1.395.11.1.22.20.35
1.1.1.429.18.2.8.1.13
1.1.1.474.5.1.35.10
1.1.1.635.30.3.4
1.1.1.675.5.1
1.1.1.692.14.2.17.1
1.1.1.709.16
1.1.1.831.8.1.8.6
1.1.1.846.45.2.35.2.9.2
1.1.1.869.9.1.35.13
1.1.1.981.16.2.6.11
1.1.1.988.3
1.1.1.1001.28.1.4.4
1.1.1.1030.5.1.10.6.14.3
1.1.1.1056.65.1.24
1.1.1.1131.5.1.2.1
1.1.1.1133.5.1.3.1.4.3
1.1.1.1348.5.1.2
1.1.1.1447.5.1
1.1.1.1518.5.1.1
1.1.1.1563.9.2.4.2
1.1.1.1615.5.1
1.1.1.1636.12.1.4.1
1.1.1.1785.5.1.5.6.17.5.8
1.1.1.1801.13.3
1.1.1.1912.19.1.14.4
1.1.1.1915.14.3.8.3
1.1.1.1945.5.1.2
1.1.1.2017.5.1.3.6.6.1.1
1.1.1.2073.22.3.4
1.1.1.2158.5.1.1.19.19
1.1.1.2164.9.3.4.14.2
1.1.1.2187.11.2.9.8
1.1.1.2212.5.1.1.1.8
1.1.1.2369.11.1.8.6
1.1.1.2417.5.1.2.1
1.1.1.2487.9.1.4
1.1.1.2516.12.1.9.9.4
1.1.1.2532.5.1.20.2
1.1.1.2578.11.1.4
1.1.1.2710.5.1.8.4.8.8.19
1.1.1.2720.19.2
1.1.1.2735.34.1.18.2
1.1.1.2792.5.1.3
1.1.1.2819.12.1.4
1.1.1.2857.9.1.4.1
1.1.1.2898.10.1.9
1.1.1.3010.5.1.3.1.7.3
1.1.1.3050.5.1.6.1.7
1.1.1.3241.24.3.10.6
1.1.1.3257.5.1.23.1.2.2.6.1
1.1.1.3275.26.2.17
1.1.1.3286.21
1.1.2.3301.22.1.16
1.1.2.3334.25.2.21.11.23.8.2
1.1.2.3432.22.1.8
1.1.2.3505.5.1
1.1.2.3532.5.1.16
1.1.2.3541.24.2.40.29
1.1.2.3555.43.3.27.29
1.1.2.3733.8.2.8.3
1.1.2.3746.3
1.1.2.3770.5.1.3.1.2.2.28
1.1.2.3889.26.1.19.11
1.1.2.3982.14.1.6
1.1.2.4066.10.1.6.3
1.1.2.4095.5.1.2.14
1.1.2.4316.14.2.7.1.2
1.1.2.4317.5.1.2.1
1.1.2.4474.11.1.12
1.1.2.4534.27.2.10.6
1.1.2.4683.5.1.2.1.4.1
1.1.2.4684.5.1
1.1.2.4720.17.2.17.7
1.1.2.4746.5.1.9.3.6
1.1.2.4854.5.1
1.1.2.4883.11.2.14.7
1.1.2.4892.5.1
1.1.2.4898.3
1.1.2.5000.9.1.4.3
1.1.2.5007.14.2.15.28
1.1.2.5084.3
1.1.2.5105.20.2.16
1.1.2.5119.5.1.11.2.30.2
1.1.2.5214.5.1.6
1.1.2.5271.5.1.7.1.2.1.17
1.1.2.5368.5.1.1.3
1.1.2.5372.9.1.6.3.5
1.1.2.5389.22.1.8
1.1.2.5474.38.2.17
1.1.2.5484.5.1.1.1.2.2
1.1.2.5568.16.2.4
1.1.2.5677.5.1.9.3.16.3
1.1.2.5752.9.1.4
1.1.2.5795.11.1.22.20.35
1.1.2.6024.5.1.12
1.1.2.6065.5.1
1.1.2.6082.14.2.17.1
1.1.2.6099.16
1.1.2.6243.19.1.29
1.1.2.6260.14.2.14
1.1.2.6365.16.2.6.11
1.1.2.6372.3
1.1.2.6448.11.1.8
1.1.2.6506.40.1.22
1.1.2.6523.5.1.2.1
1.1.2.6525.5.1.3.1.4.3
1.1.2.6633.5.1.3.7
1.1.2.6732.5.1.23
1.1.2.6887.5.1.1
1.1.2.6932.9.2.4.2
1.1.2.6946.33.1.10
1.1.2.6984.5.1
1.1.2.7005.12.1.4.1
1.1.2.7133.8.1.6
1.1.2.7169.5.1.5.8.18.5.8
1.1.2.7185.13.3
1.1.2.7302.9.2.4.5
1.1.2.7309.5.1.2.2.6
1.1.2.7404.5.1.3.6.6.1.1
1.1.2.7546.5.1.1.19.19
1.1.2.7552.9.3.4.14.2
1.1.2.7575.11.2.9.8
1.1.2.7600.5.1.1.1.8
1.1.2.7687.35.3.4.11
1.1.2.7711.9.1.19
1.1.2.7729.5.1.3.1
1.1.2.7766.23.1.4.11
1.1.2.7817.5.1.2.1
1.1.2.7864.3
1.1.2.7884.9.1.4
1.1.2.7913.12.1.9.9.4
1.1.2.7929.5.1.20.2
1.1.2.7979.17.5.9.3
1.1.2.8026.5.1.8.3.5.1
1.1.2.8034.5.1.4.4
1.1.2.8113.5.1.8.4.8.8.19
1.1.2.8123.19.2
1.1.2.8138.34.1.18.2
1.1.2.8185.13.1.4.3
1.1.2.8211.12.1.4
1.1.2.8249.9.1.4.1
1.1.2.8281.3
1.1.2.8300.22.2.15.21.40.1
1.1.2.8404.5.1.3.1.7.3
1.1.2.8444.5.1.6.1.7
1.1.2.8563.5.1.1
1.1.2.8656.41.1.9.29.7
1.1.2.8689.5.1.1.1
1.1.2.8747.9.5.20.14
1.1.2.8760.15.2.7.3
1.1.2.8831.22.1.8
1.1.2.8909.5.1
1.1.2.8947.5.1.13.7
1.1.2.8961.43.3.27.29
1.1.2.9079.13.1.17.3
1.1.2.9193.5.1.1.1.1
1.1.2.9318.42.1.4.2
1.1.2.9406.14.1.6
1.1.2.9443.15.4
1.1.2.9500.19.1.6.1.8
1.1.2.9530.5.1.2.14
1.1.2.9724.9.1.9.6
1.1.2.9742.5.1.2.1.3.1.1
1.1.2.9743.15.2.7.3
1.1.2.9865.5.1.18.9
1.1.2.9867.19.2.18.8
1.1.2.9892.16.1.9.14
1.1.2.9905.5.1.3.3.23.1.4
1.1.2.9955.5.1.3
1.1.2.9983.27.2.10.6
1.1.2.10065.5.1.9.3.30.2
1.1.2.10133.5.1.2.1.4.1
1.1.2.10134.5.1
1.1.2.10164.5.1.12.2
1.1.2.10189.5.1.26.2.9.2.4
1.1.2.10218.5.1.9.3.6
1.1.2.10240.14.2.6.1
1.1.2.10328.5.1
1.1.2.10362.11.2.14.7
1.1.2.10371.5.1
1.1.2.10375.26.2.4
1.1.2.10458.9.1.4
1.1.2.10477.9.1.4.3
1.1.2.10491.22.1.22
1.1.2.10507.20.1.12
1.1.2.10590.20.2.16
1.1.2.10604.5.1.11.2.30.2
1.1.2.10689.5.1.3.1.2.2.4
1.1.2.10747.5.1.7.1.2.1.17
1.1.2.10857.5.1.1.3
1.1.2.10861.9.1.6.3.5
1.1.2.10878.22.1.8
1.1.2.10923.5.1.1.8.2.3
1.1.2.10963.38.2.17
1.1.2.11024.5.1.1
1.1.2.11174.5.1.9.3.16.3
1.1.2.11291.11.1.10.7.2
1.1.2.11318.9.2.11.7
1.1.2.11328.5.1
1.1.2.11355.5.1.35.10
1.1.2.11521.30.3.4
1.1.2.11561.5.1
1.1.2.11578.14.2.17.1
1.1.2.11595.16
1.1.2.11677.6
1.1.2.11717.11.1.4.2
1.1.2.11737.5.1.5
1.1.2.11824.16.2.6.16
1.1.2.11831.3
1.1.2.11844.28.1.4.4
1.1.2.11873.5.1.10.6.14.3
1.1.2.11933.5.1
1.1.2.11976.5.1.2.1
1.1.2.11978.5.1.3.1.4.3
1.1.2.12090.23.1.10.29
1.1.2.12187.5.1.2
1.1.2.12237.12.1.6
1.1.2.12348.5.1.1
1.1.2.12393.9.2.4.2
1.1.2.12406.33.1.10
1.1.2.12443.5.1
1.1.2.12464.12.1.4.1
1.1.2.12618.5.1.5.8.18.5.8
1.1.2.12634.13.3
1.1.2.12757.9.2.4.5
1.1.2.12760.5.1.3.3.9.2.39
1.1.2.12866.33.1.10.7.15
1.1.2.12966.5.1.1.19.19
1.1.2.12971.8.1.7
1.1.2.12972.9.1.4.4.4
1.1.2.12984.12.4.12
1.1.2.12993.5.1.67.1.28
1.1.2.13023.11.1.21
1.1.2.13111.9.1.11.5
1.1.2.13167.29.2.13
1.1.2.13210.16.3.9.4
1.1.2.13231.5.1.2.1
1.1.2.13307.9.1.4
1.1.2.13335.11.1.6.14.4
1.1.2.13343.5.1.9.3
1.1.2.13489.5.1.1
1.1.2.13516.34.1.18.2
1.1.2.13573.11.2.11.9
1.1.2.13598.12.1.4
1.1.2.13637.9.1.4.1
1.1.2.13669.3
1.1.2.13688.22.2.15.21.40.1
1.1.2.13802.5.1.3.1.7.3
1.1.2.13842.5.1.6.1.7
1.1.2.13982.8.2.4.1
1.1.2.14021.23.2.6.1.1
1.1.2.14294.5.1
1.1.2.14321.5.1.16
1.1.2.14330.24.2.40.29
1.1.2.14344.43.3.27.29
1.1.2.14412.5.1.3
1.1.2.14588.10.1.4.15
1.1.2.14591.20.2.12.7.3
1.1.2.14704.8.1.5.12
1.1.2.14775.14.1.6
1.1.2.14813.15.4
1.1.2.14870.19.1.6.1.8
1.1.2.14889.5.1
1.1.2.14900.8.1.8
1.1.2.14918.9.1.7
1.1.2.14925.17.2.5.20.23
1.1.2.14929.5.1.11.3.6
1.1.2.15124.5.1.2.1.3.1.1
1.1.2.15125.15.2.7.3
1.1.2.15248.5.1.3.1
1.1.2.15249.5.1.7.2.2.3.10
1.1.2.15277.16.1.6.3
1.1.2.15290.5.1.3.3.21.1.5
1.1.3.15339.5.1.3
1.1.3.15359.27.2.10.6
1.1.3.15447.5.1.2.2.5.2
1.1.3.15512.5.1.2.1.4.1
1.1.3.15513.5.1
1.1.3.15543.5.1.12.2
1.1.3.15568.5.1.26.2.9.2.4
1.1.3.15597.5.1.9.3.6
1.1.3.15617.25.2.13.2.8.15.69
1.1.3.15672.6
1.1.3.15745.5.1
1.1.3.15751.3
1.1.3.15838.5.1
1.1.3.15850.9.1.4.3
1.1.3.15856.5.1.8.1.26.2.2
1.1.3.15863.5.1.1.7.54.1
1.1.3.15891.5.1.2.1.4.1
1.1.3.15903.9.1.4.19
1.1.3.15963.20.2.16
1.1.3.15977.5.1.11.2.30.2
1.1.3.16051.5.1.4.4.10.3.7
1.1.3.16101.5.1.7.1.2.1.6
1.1.3.16152.5.1.4
1.1.3.16202.5.1.1.3
1.1.3.16217.9.1.6
1.1.3.16300.9.3.19.8
1.1.3.16361.5.1.1
1.1.3.16511.5.1.9.3.25.2
1.1.3.16573.14.2.12
1.1.3.16622.11.1.22.20.35
1.1.3.16657.5.1.1
1.1.3.16758.3
1.1.3.16804.5.1
1.1.3.16844.30.3.4
1.1.3.16922.5.1.1
1.1.3.16923.22.1.4
1.1.3.17037.11.1.4.2
1.1.3.17052.9.5.4
1.1.3.17073.9.1.35.13
1.1.3.17170.16.2.6.11
1.1.3.17177.3
1.1.3.17247.5.1
1.1.3.17265.15.2.4.3
1.1.3.17276.5.1
1.1.3.17312.5.1.2.1
1.1.3.17314.5.1.3.1.4.3
1.1.3.17384.5.1
1.1.3.17424.23.1.10.29
1.1.3.17528.5.1.2
1.1.3.17634.5.1
1.1.3.17722.5.1.3.4
1.1.3.17756.9.2.4.2
1.1.3.17774.5.1.1
1.1.3.17803.5.1
1.1.3.17974.5.1.5.8.18.5.8
1.1.3.17990.13.3
1.1.3.18115.9.2.4.5
1.1.3.18118.5.1.3.3.9.2.39
1.1.3.18224.5.1.3.6.6.1.1
1.1.3.18366.5.1.1.19.19
1.1.3.18372.9.3.4.14.2
1.1.3.18395.11.2.9.8
1.1.3.18420.5.1.1.1.8
1.1.3.18528.9.1.19
1.1.3.18546.5.1.3.1
1.1.3.18583.23.1.4.11
1.1.3.18634.5.1.2.1
1.1.3.18753.5.1.9.3
1.1.3.18908.5.1.8.4.8.8.11
1.1.3.18918.19.2
1.1.3.18933.34.1.18.2
1.1.3.18992.11.2.11.9
1.1.3.19017.12.1.4
1.1.3.19056.9.1.4.1
1.1.3.19097.10.1.9
1.1.3.19207.5.1.3.1.7.3
1.1.3.19247.5.1.6.1.7
1.1.3.19416.17.1.4
1.1.3.19570.9.1.5
1.1.3.19575.5.1.3.1.2
1.1.3.19589.15.2.7.3
1.1.3.19734.5.1
1.1.3.19776.5.1.13.7
1.1.3.19790.43.3.27.29
1.1.3.19987.5.1
1.1.3.20018.5.1.3.1.2.2.53
1.1.3.20136.42.1.4.2
1.1.3.20145.5.1.4.2
1.1.3.20205.14.1.6
1.1.3.20208.5.1
1.1.3.20339.8.1.8
1.1.3.20357.9.1.7
1.1.3.20369.5.1.5
1.1.3.20371.19.4.4.17
1.1.3.20388.12.1.8
1.1.3.20589.14.2.14
1.1.3.20589.21.2.4.6.4
1.1.3.20736.16.1.6.3
1.1.3.20749.5.1.3.3.21.1.5
1.1.3.20799.5.1.3
1.1.3.20827.27.2.10.6
1.1.3.20909.5.1.2.2.5.2
1.1.3.20968.5.1.2.5
1.1.3.20977.11.1.4
1.1.3.21002.5.1.12.2
1.1.3.21027.5.1.26.2.9.2.4
1.1.3.21062.5.1.2.1.10.4.9
1.1.3.21135.6
1.1.3.21171.5.1
1.1.3.21205.11.2.14.7
1.1.3.21214.5.1
1.1.3.21218.26.2.4
1.1.3.21306.5.1
1.1.3.21312.14.2.6.4.34
1.1.3.21325.11.3.8.3
1.1.3.21326.16.4.9.8.1
1.1.3.21338.5.1
1.1.3.21439.5.1.11.2.11.2
1.1.3.21526.5.1.3.1.2.2.4
1.1.3.21598.26.1.9
1.1.3.21692.15.2.5.7.18.1
1.1.3.21773.9.3.19.8
1.1.3.21834.5.1.1
1.1.3.21976.5.1.9.3.1.1
1.1.3.21999.5.1.19.4
1.1.3.22043.9.1.4
1.1.3.22086.11.1.22.20.35
1.1.3.22121.5.1.1
1.1.3.22281.5.1
1.1.3.22321.30.3.4
1.1.3.22361.5.1
1.1.3.22395.16
1.1.3.22511.11.1.4.2
1.1.3.22526.9.5.4
1.1.3.22534.3
1.1.3.22542.12.3.4.5
1.1.3.22639.26.2.21
1.1.3.22661.15.1.8.4
1.1.3.22693.5.1.10.6.14.3
1.1.3.22723.11.1.8
1.1.3.22776.5.1.24.1
1.1.3.22787.5.1
1.1.3.22815.22.2.14
1.1.3.23047.5.1.2
1.1.3.23148.5.1
1.1.3.23235.5.1.3.4
1.1.3.23269.9.2.4.2
1.1.3.23287.5.1.1
1.1.3.23317.5.1
1.1.3.23442.8.1.6
1.1.3.23487.5.1.1.1.2.1.2
1.1.3.23487.5.1.1.1.4.3.6
1.1.3.23506.5.1.1.8.10.2
1.1.3.23520.5.1.10.4
1.1.3.23609.9.2.4.5
1.1.3.23612.5.1.3.3.9.2.65
1.1.3.23731.17.4.8.9.5
1.1.3.23765.22.3.4
1.1.3.23851.5.1.1.19.19
1.1.3.23857.9.3.4.14.2
1.1.3.23880.11.2.9.6
1.1.3.23905.11.1.21
1.1.3.24058.11.1.8.6
1.1.3.24106.5.1.2.1
1.1.3.24153.3
1.1.3.24224.5.1.9.3
1.1.3.24272.11.1.4
1.1.3.24389.5.1.8.4.8.5.12
1.1.3.24399.19.2
1.1.3.24415.9.1.4.1
1.1.3.24471.11.2.11.9
1.1.3.24496.12.1.4
1.1.3.24534.9.1.4.1
1.1.3.24566.3
1.1.3.24830.5.1.3.1.49.3
1.1.3.24834.24.2.17.1
1.1.3.24876.10.3.12
1.1.3.24920.24.3.10.6
1.1.3.24936.5.1.23.1.2.2.6.1
1.1.3.25111.22.1.8
1.1.3.25185.5.1
1.1.3.25202.3
1.1.3.25230.5.1.13.7
1.1.3.25244.43.3.27.29
1.1.3.25437.5.1
1.1.3.25467.5.1.3.1.2.2.47
1.1.3.25584.8.1.5.12
1.1.3.25659.14.1.6
1.1.3.25662.5.1
1.1.3.25755.19.1.6.1.8
1.1.3.25785.5.1.2.14
1.1.3.26003.14.2.14
1.1.3.26003.21.2.4.6.4
1.1.3.26104.15.4.9.5
1.1.3.26106.19.2.18.8
1.1.3.26138.16.1.6.3
1.1.3.26151.5.1.3.3.21.1.5
1.1.3.26201.5.1.3
1.1.3.26229.27.2.10.6
1.1.3.26308.22.2.15
1.1.3.26317.5.1.9.3.20.2
1.1.3.26368.28.1.4
1.1.3.26387.5.1
1.1.3.26390.14.2
1.1.3.26417.5.1.12.2
1.1.3.26442.5.1.26.2.9.2.4
1.1.3.26471.5.1.9.3.6
1.1.3.26491.25.2.13.2.8.15.69
1.1.3.26546.6
1.1.3.26610.11.2.14.7
1.1.3.26619.5.1
1.1.3.26625.3
1.1.3.26711.5.1
1.1.3.26717.14.2.6.4.34
1.1.3.26730.11.3.8.3
1.1.3.26731.16.4.9.8.1
1.1.3.26743.5.1
1.1.3.26808.3
1.1.3.26829.20.2.16
1.1.3.26843.5.1.11.2.30.2
1.1.3.26931.5.1.4.4.10.3.7
1.1.3.27030.15.2.9
1.1.3.27082.5.1.1.3
1.1.3.27093.15.2.5.7.18.1
1.1.3.27177.38.2.17
1.1.3.27238.5.1.1
1.1.3.27393.5.1.9.3.1.1
1.1.3.27468.9.1.4
1.1.3.27513.11.1.22.20.35
1.1.3.27548.5.1.1
1.1.3.27588.17.2.4
1.1.3.27758.30.3.4
1.1.3.27798.5.1
1.1.3.27815.14.2.17.1
1.1.3.27832.16
1.1.3.27963.45.2.35.2.9.1
1.1.3.27986.9.1.35.13
1.1.3.28063.5.1.1.16.9
1.1.3.28152.11.1.8
1.1.3.28205.5.1.24.1
1.1.3.28216.5.1
1.1.3.28240.5.1.7.4
1.1.3.28245.10.4.4
1.1.3.28360.23.1.10.29
1.1.3.28461.5.1.23
1.1.4.59.5.1
1.1.4.77.5.1.2.7.7.2
1.1.4.149.5.1.3.4
1.1.4.183.9.2.4.2
1.1.4.201.5.1.1
1.1.4.231.5.1
1.1.4.252.12.1.4.1
1.1.4.381.24.2.5.8.1.1.13
1.1.4.404.5.1.5.8.17.9.41
1.1.4.420.13.3
1.1.4.536.9.2.4.5
1.1.4.543.5.1.2.2.6
1.1.4.569.13.2.6.11.7
1.1.4.687.22.3.4
1.1.4.765.5.1.1.19.19
1.1.4.771.9.3.4.14.2
1.1.4.795.39.2.11.10.5.3.5
1.1.4.814.5.1.1.1.8
1.1.4.971.11.1.8.6
1.1.4.1019.5.1.2.1
1.1.4.1134.5.1.18.7.11.4
1.1.4.1186.11.1.4
1.1.4.1236.5.1.8.3.5.1
1.1.4.1244.5.1.4.4
1.1.4.1314.17.1.8
1.1.4.1350.16.2.9.1.2
1.1.4.1350.16.2.10.2.9.1.8
1.1.4.1406.13.1.4.3
1.1.4.1432.12.1.4
1.1.4.1471.9.1.4.1
1.1.4.1512.10.1.9
1.1.4.1607.5.1
1.1.4.1632.5.1.3.1.7.3
1.1.4.1672.5.1.6.1.7
1.1.4.1882.41.1.9.29.7
1.1.4.2059.22.1.8
1.1.4.2133.5.1
1.1.4.2160.26.1.18.10
1.1.4.2168.24.2.37.23
1.1.4.2182.43.3.27.29
1.1.4.2234.25.3.4
1.1.4.2245.5.1.3
1.1.4.2406.25.2.7.5.9.1.23
1.1.4.2411.5.1.3.2.12.2
1.1.4.2532.42.1.4.2
1.1.4.2541.5.1.4.2
1.1.4.2617.5.1
1.1.4.2640.5.1.23.1.9.1
1.1.4.2658.15.4
1.1.4.2722.10.1.6.3
1.1.4.2740.5.1
1.1.4.2751.8.1.8
1.1.4.2769.9.1.7
1.1.4.2781.5.1.5
1.1.4.2783.19.4.4.17
1.1.4.2800.12.1.8
1.1.4.2992.14.2.14
1.1.4.2992.21.2.4.6.4
1.1.4.3105.5.1.33.2
1.1.4.3130.17.3.4.8
1.1.4.3135.11.1.7.2
1.1.4.3194.27.2.10.6
1.1.4.3302.11.1.4
1.1.4.3345.5.1.11.1
1.1.4.3379.5.1.18.6
1.1.4.3407.5.1.21
1.1.4.3430.19.2.10.3.6
1.1.4.3449.14.2.6.1
1.1.4.3499.6
1.1.4.3587.5.1
1.1.4.3591.26.2.4
1.1.4.3681.5.1
1.1.4.3693.9.1.4.3
1.1.4.3707.22.1.22
1.1.4.3723.14.2.10.1
1.1.4.3738.5.1.2.1.4.1
1.1.4.3750.9.1.4.19
1.1.4.3802.20.2.16
1.1.4.3816.5.1.11.2.30.2
1.1.4.3908.5.1.6
1.1.4.3960.5.1.7.1.2.1.6
1.1.4.4059.5.1.1.3
1.1.4.4063.9.1.6.3.5
1.1.4.4080.22.1.8
1.1.4.4158.9.3.19.8
1.1.4.4219.5.1.1
1.1.4.4363.5.1.9.3.1.1
1.1.4.4485.13.3
1.1.4.4523.18.2.8.1.13
1.1.4.4576.5.1.35.10
1.1.4.4693.5.1
1.1.4.4725.5.1.1.24.19.2.27
1.1.4.4767.5.1
1.1.4.4801.16
1.1.4.4906.11.1.4.2
1.1.4.4936.14.2.17
1.1.4.5024.26.2.21
1.1.4.5111.11.1.8
1.1.4.5169.40.1.22
1.1.4.5188.8.1.7
1.1.4.5274.5.1
1.1.4.5423.5.1.2
1.1.4.5592.5.1.1
1.1.4.5635.9.2.4.2
1.1.4.5650.22.2
1.1.4.5848.8.1.6
1.1.4.5884.5.1.5.8.19.5.8
1.1.4.5900.13.3
1.1.4.5917.5.1.10.4
1.1.4.5940.17.5.4
1.1.4.6004.19.1.14.4
1.1.4.6007.14.3.8.3
1.1.4.6037.5.1.2
1.1.4.6109.5.1.3.6.6.1.1
1.1.4.6126.17.4.8.9.5
1.1.4.6233.5.1.1.19.19
1.1.4.6239.9.3.4.14.2
1.1.4.6263.39.2.11.10.5.3.5
1.1.4.6280.16.1.8
1.1.4.6326.21.3.12.9
1.1.4.6359.9.1.11.5
1.1.4.6417.29.2.13
1.1.4.6478.5.1.2.1
1.1.4.6595.5.1.9.3
1.1.4.6641.11.1.4
1.1.4.6691.5.1.8.3.5.1
1.1.4.6699.5.1.4.4
1.1.4.6768.5.1.8.4.8.8.19
1.1.4.6792.5.1.18
1.1.4.6856.5.1.4
1.1.4.6886.12.1.4
1.1.4.6917.15.2.10.3.8.2
1.1.4.6919.5.1.16.6.2.1.12
1.1.4.7233.5.1.1
1.1.4.7481.22.1.8
1.1.4.7583.27.1.11.9
1.1.4.7659.5.1.3
1.1.4.7804.14.4
1.1.4.7816.21.1.9.12.3
1.1.4.7928.5.1.2
1.1.4.7936.5.1.1.1.26.1.11
1.1.4.7989.5.1.28
1.1.4.8052.5.1
1.1.4.8149.8.1.8
1.1.4.8167.9.1.7
1.1.4.8174.17.2.5.20.23
1.1.4.8178.5.1.11.3.6
1.1.4.8382.23.2.16
1.1.4.8382.30.2.4.6.2
1.1.4.8472.5.1.18.1.8.3
1.1.4.8543.11.1.13
1.1.4.8603.27.2.10.6
1.1.4.8751.5.1.2.5
1.1.4.8758.5.1.11.1
1.1.4.8806.33.2.14.3
1.1.4.8833.5.1.2.1.10.4.9
1.1.4.8906.6
1.1.4.8942.5.1
1.1.4.8984.5.1
1.1.4.8990.3
1.1.4.9079.9.1.4
1.1.4.9098.9.1.4.3
1.1.4.9105.14.2.15.28
1.1.4.9188.3
1.1.4.9209.20.2.16
1.1.4.9223.5.1.11.2.30.2
1.1.4.9313.5.1.3.1.2.2.4
1.1.4.9364.5.1.7.1.2.1.20
1.1.4.9475.5.1.4.1
1.1.4.9485.15.2.5.7.18.1
1.1.4.9568.38.2.17
1.1.4.9578.5.1.1.1.2.2
1.1.4.9663.16.2.4
1.1.4.9762.5.1.9.3.1.1
1.1.4.9785.5.1.19.4
1.1.4.9829.9.1.4
1.1.4.9874.11.1.22.20.35
1.1.4.10096.30.3.4
1.1.4.10168.5.1.1
1.1.4.10169.22.1.4
1.1.4.10274.11.1.4.2
1.1.4.10304.14.2.17
1.1.4.10385.16.2.6.35
1.1.4.10392.3
1.1.4.10405.28.1.4.4
1.1.4.10434.5.1.10.6.14.3
1.1.4.10460.65.1.24
1.1.4.10507.5.1.24.1
1.1.4.10518.5.1
1.1.4.10537.8.1.7
1.1.4.10768.5.1.2
1.1.4.10901.5.1.5.2
1.1.4.10954.5.1.3.4
1.1.4.10988.9.2.4.2
1.1.4.11040.5.1
1.1.4.11061.12.1.4.1
1.1.4.11227.5.1.1.1.2.1.2
1.1.4.11227.5.1.1.1.4.3.6
1.1.4.11246.13.3
1.1.4.11263.5.1.10.4
1.1.4.11356.9.2.4.5
1.1.4.11359.5.1.3.3.9.2.71
1.1.4.11465.5.1.3.6.6.1.1
1.1.4.11482.17.4.8.9.5
1.1.4.11598.5.1.1.19.19
1.1.4.11604.9.3.4.14.2
1.1.4.11627.11.2.9.8
1.1.4.11652.5.1.1.1.8
1.1.4.11809.11.1.8.6
1.1.4.11857.5.1.2.1
1.1.4.11966.5.1.18.7.11.4
1.1.4.11978.5.1.3.25.15.5
1.1.4.12002.18.1
1.1.4.12012.11.1.4
1.1.4.12128.5.1.8.4.9.3.13
1.1.4.12158.16.2.9.1.2
1.1.4.12158.16.2.10.2.9.1.11
1.1.4.12211.11.2.11.9
1.1.4.12236.12.1.4
1.1.4.12275.9.1.4.1
1.1.4.12411.5.1
1.1.4.12436.5.1.3.1.7.3
1.1.4.12476.5.1.6.1.7
1.1.4.12585.5.1.3.1.49.3
1.1.4.12589.24.2.17.1
1.1.4.12598.5.1.8.1.6
1.1.4.12688.41.1.9.29.7
1.1.4.12858.22.1.8
1.1.4.12931.5.1
1.1.4.12969.5.1.13.7
1.1.4.12983.43.3.27.29
1.1.4.13196.5.1.3.1.2.2.24
1.1.4.13312.42.1.4.2
1.1.4.13388.14.1.6
1.1.4.13464.19.1.6.1.8
1.1.4.13499.8.1.8
1.1.4.13517.9.1.7
1.1.4.13529.5.1.5
1.1.4.13531.19.4.4.17
1.1.4.13548.12.1.8
1.1.4.13747.5.1.2.1.3.1.1
1.1.4.13748.15.2.7.3
1.1.4.13875.5.1.18.9
1.1.4.13877.19.2.18.8
1.1.4.13902.16.1.9.14
1.1.4.13915.5.1.3.3.23.1.4
1.1.4.13965.5.1.3
1.1.4.13985.27.2.10.6
1.1.4.14065.5.1.2.2.39.2
1.1.4.14130.5.1.2.1.4.1
1.1.4.14131.5.1
1.1.4.14158.5.1.12.2
1.1.4.14183.5.1.26.2.9.2.4
1.1.4.14215.27.1.11.12
1.1.4.14234.14.2.6.1
1.1.4.14284.6
1.1.4.14372.5.1
1.1.4.14376.26.2.4
1.1.4.14412.5.1.7.6.15.4
1.1.4.14451.5.1
1.1.4.14463.9.1.4.3
1.1.4.14477.22.1.22
1.1.4.14493.20.1.12
1.1.4.14690.5.1.6
1.1.4.14737.5.1.7.1.2.1.6
1.1.4.14786.15.2.9
1.1.4.14846.5.1.1.3
1.1.4.14850.9.1.6.3.5
1.1.4.14867.22.1.8
1.1.4.14951.38.2.17
1.1.4.15012.5.1.1
1.1.4.15162.5.1.9.3.16.3
1.1.4.15255.11.1.22.20.35
1.1.4.15442.5.1
1.1.4.15483.30.3.4
1.1.4.15523.5.1
1.1.4.15540.14.2.17.1
1.1.4.15557.16
1.1.4.15683.5.1.1.1.13
1.1.4.15696.9.5.4
1.1.4.15704.3
1.1.4.15712.12.3.4.5
1.1.4.15798.16.2.6.16
1.1.4.15827.5.1.1.2.38
1.1.4.15857.5.1.10.6.14.3
1.1.4.15917.5.1
1.1.4.15939.40.1.22
1.1.4.15956.5.1.2.1
1.1.4.15958.5.1.3.1.4.3
1.1.4.16278.14.2
1.1.4.16328.5.1.3.4
1.1.4.16362.9.2.4.2
1.1.4.16375.33.1.10
1.1.4.16412.5.1
1.1.4.16433.12.1.4.1
1.1.4.16549.8.1.6
1.1.4.16589.5.1.5.6.17.5.8
1.1.4.16605.13.3
1.1.4.16622.5.1.10.4
1.1.4.16715.64.2.13.1
1.1.4.16823.5.1.3.6.6.1.1
1.1.4.16875.22.3.4
1.1.4.16953.5.1.1.19.19
1.1.4.16958.8.1.7
1.1.4.16972.12.4.12
1.1.4.16981.5.1.67.1.34
1.1.4.17001.16.1.8
1.1.4.17047.21.3.12.9
1.1.4.17080.9.1.11.5
1.1.4.17138.29.2.13
1.1.4.17200.5.1.2.1
1.1.4.17322.5.1.3.25.14.5
1.1.4.17346.18.1
1.1.4.17356.11.1.4
1.1.4.17406.5.1.8.3.5.1
1.1.4.17414.5.1.4.4
1.1.4.17483.5.1.1
1.1.4.17510.34.1.18.2
1.1.4.17562.17.1.20.8
1.1.4.17576.5.1.3
1.1.4.17603.12.1.4
1.1.4.17642.9.1.4.1
1.1.4.17674.3
1.1.4.17796.5.1.3.1.7.3
1.1.4.17836.5.1.6.1.7
1.1.4.17990.10.3.12
1.1.4.18034.24.3.10.6
1.1.4.18050.5.1.23.1.2.2.6.1
1.1.4.18296.5.1
1.1.4.18326.5.1.16
1.1.4.18335.24.2.40.29
1.1.4.18349.43.3.27.29
1.1.4.18538.3
1.1.4.18561.5.1.3.1.2.2.26
1.1.4.18688.5.1.2
1.1.4.18696.5.1.1.1.26.1.11
1.1.4.18775.5.1
1.1.4.18797.5.1.23.1.9.1
1.1.4.18853.19.1.6.1.8
1.1.4.18883.5.1.2.14
1.1.4.18905.5.1.1.3.3
1.1.4.18908.5.1.14.6.17
1.1.4.19107.5.1.2.1.3.1.1
1.1.4.19108.15.2.7.3
1.1.4.19220.15.4.9.5
1.1.4.19222.19.2.18.8
1.1.4.19254.16.1.6.3
1.1.4.19267.5.1.3.3.21.1.5
1.1.4.19317.5.1.3
1.1.4.19337.27.2.10.6
1.1.4.19486.15.3
1.1.4.19494.18.1.21
1.1.4.19496.5.1
1.1.4.19532.17.2.17.7
1.1.4.19555.27.1.11.12
1.1.4.19575.5.1
1.1.4.19723.5.1
1.1.4.19729.3
1.1.4.19838.9.1.4.3
1.1.4.19844.5.1.8.1.26.2.2
1.1.4.19851.5.1.1.7.54.1
1.1.4.19879.5.1.2.1.4.1
1.1.4.19891.9.1.4.19
1.1.4.20049.5.1.3.1.2.2.4
1.1.4.20131.26.1.9
1.1.4.20213.5.1.1.3
1.1.4.20217.9.1.6.3.5
1.1.4.20226.22.1.34
1.1.4.20230.29.2
1.1.4.20303.9.3.19.8
1.1.4.20364.5.1.1
1.1.4.20511.5.1.9.3.1.1
1.1.4.20550.20.2.8
1.1.4.20581.9.1.4
1.1.4.20631.11.1.22.20.35
1.1.4.20858.30.3.4
1.1.4.20935.5.1.1
1.1.4.20936.22.1.4
1.1.4.21057.11.1.4.2
1.1.4.21074.5.1.5.11
1.1.4.21089.14.2.14
1.1.4.21176.16.2.6.16
1.1.4.21183.3
1.1.4.21196.12.4.23.9
1.1.4.21234.5.1.10.5.23.3
1.1.4.21264.11.1.8
1.1.4.21317.5.1.24.1
1.1.4.21328.5.1
1.1.4.21352.5.1.7.4
1.1.4.21357.10.4.4
1.1.4.21567.5.1.2
1.1.4.21730.5.1.1
1.1.4.21773.9.2.4.2
1.1.4.21788.22.2
1.1.4.21987.8.1.6
1.1.4.22023.5.1.5.8.19.5.8
1.1.4.22039.13.3
1.1.4.22056.5.1.10.4
1.1.4.22155.9.2.4.5
1.1.4.22158.5.1.3.3.9.2.65
1.1.4.22246.8.1.8.7
1.1.4.22251.12.3.4.10
1.1.4.22398.5.1.1.19.19
1.1.4.22404.9.3.4.14.2
1.1.4.22427.11.2.9.8
1.1.4.22452.5.1.1.1.8
1.1.4.22522.5.1
1.1.4.22538.9.1.11.5
1.1.4.22596.29.2.13
1.1.4.22639.16.3.9.4
1.1.4.22660.5.1.2.1
1.1.4.22781.5.1.9.3
1.1.4.22810.18.1
1.1.4.22820.11.1.4
1.1.4.22870.5.1.8.3.5.1
1.1.4.22878.5.1.4.4
1.1.4.22943.5.1.8.4.9.3.13
1.1.4.22973.16.2.9.1.2
1.1.4.22973.16.2.10.2.9.1.11
1.1.4.23016.9.1.7
1.1.4.23032.15.1.6.2.3
1.1.4.23062.12.1.4
1.1.4.23101.9.1.4.1
1.1.4.23142.10.1.9
1.1.4.23277.5.1.6.1.7
1.1.4.23396.5.1.1
1.1.4.23489.41.1.9.29.7
1.1.4.23522.5.1.1.1
1.1.4.23580.9.5.20.14
1.1.4.23593.15.2.7.3
1.1.4.23739.5.1
1.1.4.23766.5.1.16
1.1.4.23775.24.2.40.29
1.1.4.23789.43.3.27.29
1.1.4.23990.14.4
1.1.4.24002.21.1.9.12.3
1.1.4.24114.42.1.4.2
1.1.4.24123.5.1.4.2
1.1.4.24183.14.1.6
1.1.4.24186.5.1
1.1.4.24311.8.1.8
1.1.4.24329.9.1.7
1.1.4.24335.12.1.4.20
1.1.4.24339.9.1.7.5
1.1.4.24356.12.1.8
1.1.4.24528.5.1.9.1.2
1.1.4.24539.45.1.22.22
1.1.4.24632.5.1.18.1.8.3
1.1.4.24674.5.1.5
1.1.4.24708.16.1.6.3
1.1.4.24721.5.1.3.3.21.1.5
1.1.4.24771.5.1.3
1.1.4.24799.27.2.10.6
1.1.4.24883.5.1.2.2.5.2
1.1.4.24912.11.1.4
1.1.4.24949.5.1.2.5
1.1.4.24956.5.1.11.1
1.1.4.24987.5.1.18.6
1.1.4.25015.5.1.21
1.1.4.25038.19.2.10.3.6
1.1.4.25057.14.2.6.1
1.1.4.25107.6
1.1.4.25143.5.1
1.1.4.25176.11.2.14.7
1.1.4.25185.5.1
1.1.4.25191.3
1.1.4.25279.9.1.4
1.1.4.25294.9.1.4.3
1.1.4.25300.5.1.8.1.26.2.2
1.1.4.25307.5.1.1.7.54.1
1.1.4.25321.17.4
1.1.4.25345.3
1.1.4.25346.5.1.28.4.7.4
1.1.4.25353.17.2.13.3
1.1.4.25389.3
1.1.4.25422.5.1.11.2.11.2
1.1.4.25500.5.1.3.1.2.2.4
1.1.4.25597.36.2.19.12
1.1.4.25598.48.1.10
1.1.4.25662.5.1.1.3
1.1.4.25676.5.1
1.1.4.25713.5.1.1.8.2.7
1.1.4.25753.38.2.17
1.1.4.25763.5.1.1.1.2.2
1.1.4.25818.5.1.1
1.1.4.25969.5.1.9.3.16.3
1.1.4.25998.11.1.15
1.1.4.26014.20.2.8
1.1.4.26045.9.1.4
1.1.4.26088.11.1.22.20.35
1.1.4.26161.5.1.35.10
1.1.4.26335.30.3.4
1.1.4.26378.5.1
1.1.4.26413.16
1.1.4.26536.17.2.10.2.9.1.4
1.1.4.26553.45.2.35.2.9.2
1.1.4.26576.9.1.35.13
1.1.4.26656.26.2.21
1.1.4.26743.11.1.8
1.1.4.26824.5.1.2.1
1.1.4.26826.5.1.3.1.4.3
1.1.4.26902.5.1
1.1.4.26970.5.1.2.1.19.4
1.1.4.27045.5.1.23
1.1.4.27237.5.1.3.4
1.1.4.27271.9.2.4.2
1.1.4.27483.8.1.6
1.1.4.27519.5.1.5.8.19.5.8
1.1.4.27535.13.3
1.1.4.27552.5.1.10.4
1.1.4.27651.9.2.4.5
1.1.4.27654.5.1.3.3.9.2.65
1.1.4.27760.5.1.3.6.6.1.1
1.1.4.27902.5.1.1.19.19
1.1.4.27907.8.1.7
1.1.4.27908.9.1.4.4.4
1.1.4.27920.12.4.12
1.1.4.27929.5.1.67.1.30
1.1.4.27949.16.1.8
1.1.4.27995.21.3.12.9
1.1.4.28028.9.1.11.5
1.1.4.28084.29.2.13
1.1.4.28146.5.1.2.1
1.1.4.28221.18.2
1.1.4.28245.5.1.20.2
1.1.4.28287.11.1.4
1.1.4.28337.5.1.8.3.5.1
1.1.4.28345.5.1.4.4
1.1.4.28422.5.1.8.4.8.8.26
1.1.4.28432.19.2
1.1.4.28447.34.1.18.2
1.1.4.28504.11.2.11.9
1.1.4.28529.12.1.4
1.1.4.28568.9.1.4.1
1.1.4.28609.10.1.9
1.1.4.28724.5.1.3.1.7.3
1.1.4.28764.5.1.6.1.7
1.1.4.28866.5.1.3.1.49.3
1.1.4.28870.24.2.17.1
1.1.4.28921.17.1.17.10
1.1.4.28954.24.3.10.6
1.1.4.28970.5.1.23.1.2.2.6.1
1.1.4.28988.26.2.17
1.1.4.29047.9.5.20.14
1.1.4.29060.15.2.7.3
1.1.4.29138.22.1.8
1.1.4.29240.27.1.11.9
1.1.4.29314.5.1.3
1.1.4.29488.5.1.3.1.2.2.24
1.1.4.29605.46.1.21.8
1.1.4.29613.5.1.1.1.2.1.1
1.1.4.29686.5.1
1.1.4.29773.10.1.6.3
1.1.4.29802.5.1.2.14
1.1.4.29827.5.1.1.3.3
1.1.4.29830.5.1.14.6.17
1.1.4.30034.5.1.2.1.3.1.1
1.1.4.30035.15.2.7.3
1.1.4.30162.5.1.9.1.1.1
1.1.4.30172.5.1.7.2.7.3
1.1.4.30192.16.1.6.3
1.1.4.30205.5.1.3.3.44.1.5
1.1.4.30255.5.1.3
1.1.4.30275.27.2.10.6
1.1.4.30423.5.1.1.1.1.1
1.1.4.30452.5.1.12.2
1.1.4.30477.5.1.26.2.9.2.4
1.1.4.30506.5.1.9.3.6
1.1.4.30614.5.1
1.1.4.30656.5.1
1.1.4.30660.26.2.4
1.1.4.30750.5.1
1.1.4.30762.9.1.4.3
1.1.4.30768.5.1.8.1.26.2.2
1.1.4.30775.5.1.1.7.54.1
1.1.4.30810.17.2.13.7.4.1
1.1.4.30823.9.1.4.19
1.1.4.30883.20.2.16
1.1.4.30897.5.1.11.2.30.2
1.1.4.30987.5.1.4.4.10.3.7
1.1.4.31037.5.1.7.1.2.1.6
1.1.4.31086.15.2.9
1.1.4.31150.5.1.1.3
1.1.4.31165.9.1.6
1.1.4.31249.9.3.19.8
1.1.4.31310.5.1.1
1.1.4.31453.5.1.9.3.25.2
1.1.4.31551.11.1.22.20.35
1.1.4.31778.5.1.12
1.1.4.31821.5.1
1.1.4.31838.14.2.17.1
1.1.4.31855.16
1.1.4.31960.11.1.4.2
1.1.4.31975.9.5.4
1.1.4.31996.9.1.35.13
1.1.4.32107.16.2.6.11
1.1.4.32114.3
1.1.4.32127.28.1.4.4
1.1.4.32156.5.1.10.6.14.3
1.1.4.32186.11.1.8
1.1.4.32244.40.1.22
1.1.4.32262.5.1.2.1
1.1.4.32264.5.1.3.1.4.3
1.1.4.32378.5.1.3.7
1.1.4.32470.5.1.2
1.1.4.32637.5.1.1
1.1.4.32681.9.2.4.2
1.1.4.32699.5.1.1
1.1.4.32726.5.1
1.1.4.32747.12.1.4.1
1.1.4.32884.5.1.23.1.16.2
1.1.4.32895.5.1.5.5.3.2.36
1.1.4.32911.13.3
1.1.4.33036.9.2.4.5
1.1.4.33039.5.1.3.3.9.2.39
1.1.4.33145.5.1.3.6.6.1.1
1.1.4.33162.17.4.8.9.5
1.1.4.33273.5.1.1.19.19
1.1.4.33278.8.1.7
1.1.4.33279.9.1.4.4.4
1.1.4.33303.11.2.9.8
1.1.4.33328.5.1.1.1.8
1.1.4.33389.20.1.12
1.1.4.33494.11.1.8.6
1.1.4.33542.5.1.2.1
1.1.4.33605.18.2
1.1.4.33641.5.1.3.25.15.5
1.1.4.33692.11.1.4
1.1.4.33818.5.1.8.4.8.8.11
1.1.4.33828.19.2
1.1.4.33843.34.1.18.2
1.1.4.33903.5.1.5
1.1.4.33933.12.1.4
1.1.4.33971.9.1.4.1
1.1.4.34012.10.1.9
1.1.4.34104.5.1
1.1.4.34129.5.1.3.1.7.3
1.1.4.34169.5.1.6.1.7
1.1.4.34279.5.1.3.1.28.9
1.1.4.34283.24.2.17.1
1.1.4.34325.10.3.12
1.1.4.34467.25.2.20.11.37.8.2
1.1.4.34631.5.1
1.1.4.34658.5.1.16
1.1.4.34667.24.2.40.29
1.1.4.34681.43.3.27.29
1.1.4.35029.8.1.5.12
1.1.4.35100.14.1.6
1.1.4.35103.5.1
1.1.4.35197.19.1.6.1.8
1.1.4.35232.8.1.8
1.1.4.35249.9.1.7
1.1.4.35261.5.1.5
1.1.4.35263.19.4.4.17
1.1.4.35280.12.1.8
1.1.4.35476.5.1.2.1.3.1.1
1.1.4.35477.15.2.7.3
1.1.4.35603.5.1.9.1.1.1
1.1.4.35632.5.1.3.3.22.1.3
1.1.4.35682.5.1.3
1.1.4.35710.27.2.10.6
1.1.4.35871.5.1
1.1.4.35874.14.2
1.1.4.35901.5.1.12.2
1.1.4.35926.5.1.26.2.9.2.4
1.1.4.35955.5.1.9.3.6
1.1.4.35975.25.2.13.2.8.15.69
1.1.5.36034.6
1.1.5.36070.5.1
1.1.5.36112.5.1
1.1.5.36116.27.1.4
1.1.5.36116.27.3.4
1.1.5.36202.9.1.4
1.1.5.36221.9.1.4.3
1.1.5.36235.22.1.22
1.1.5.36251.20.1.12
1.1.5.36270.3
1.1.5.36271.5.1.28.4.7.4
1.1.5.36278.17.2.13.3
1.1.5.36314.3
1.1.5.36343.20.2.16
1.1.5.36357.5.1.11.2.33.2
1.1.5.36441.5.1.3.1.2.2.4
1.1.5.36489.5.1.7.1.2.1.5
1.1.5.36593.5.1.1.3
1.1.5.36608.5.1.2.1
1.1.5.36692.9.3.19.8
1.1.5.36753.5.1.1
1.1.5.36897.5.1.9.3.1.1
1.1.5.37028.11.1.10.7.2
1.1.5.37101.5.1.35.10
1.1.5.37271.30.3.4
1.1.5.37311.5.1
1.1.5.37328.14.2.17.1
1.1.5.37345.16
1.1.5.37464.8.1.8.6
1.1.5.37482.19.1.29
1.1.5.37499.14.2.14
1.1.5.37580.16.2.6.16
1.1.5.37587.3
1.1.5.37712.40.1.22
1.1.5.37729.9.1.7
1.1.5.37738.5.1
1.1.5.37958.5.1.2
1.1.5.38135.5.1.1
1.1.5.38176.9.2.4.2
1.1.5.38227.5.1
1.1.5.38248.12.1.4.1
1.1.5.38367.8.1.6
1.1.5.38403.5.1.5.8.19.5.8
1.1.5.38419.13.3
1.1.5.38533.9.2.4.5
1.1.5.38536.5.1.3.3.9.2.65
1.1.5.38672.22.3.4
1.1.5.38758.5.1.1.19.19
1.1.5.38791.5.1.1
1.1.5.38813.11.1.21
1.1.5.38917.9.1.19
1.1.5.38935.5.1.3.1
1.1.5.38972.23.1.4.11
1.1.5.39022.5.1.2.1
1.1.5.39138.5.1.9.3
1.1.5.39160.18.1
1.1.5.39170.11.1.4
1.1.5.39220.5.1.8.3.5.1
1.1.5.39228.5.1.4.4
1.1.5.39291.5.1.8.4.9.3.13
1.1.5.39301.19.2
1.1.5.39316.34.1.18.2
1.1.5.39371.17.1.20.8
1.1.5.39385.10.1.4.3
1.1.5.39410.12.1.4
1.1.5.39448.9.1.4.1
1.1.5.39489.10.1.9
1.1.5.39640.26.1.13
1.1.5.39755.5.1.1
1.1.5.39803.17.1.17.10
1.1.5.39828.5.1
1.1.5.40025.22.1.8
1.1.5.40101.5.1
1.1.5.40131.5.1.16
1.1.5.40140.24.2.40.29
1.1.5.40154.43.3.27.29
1.1.5.40259.15.1.11.8
1.1.5.40330.3
1.1.5.40463.42.1.4.2
1.1.5.40472.5.1.4.2
1.1.5.40547.14.1.6
1.1.5.40585.15.4
1.1.5.40642.19.1.6.1.8
1.1.5.40672.5.1.2.14
1.1.5.40885.5.1.2.1.3.1.1
1.1.5.40886.15.2.7.3
1.1.5.41046.11.1.13
1.1.5.41106.27.2.10.6
1.1.5.41256.18.1.21
1.1.5.41258.5.1
1.1.5.41297.17.2.17.7
1.1.5.41323.5.1.9.3.6
1.1.5.41343.25.2.13.2.8.13.41
1.1.5.41398.6
1.1.5.41471.5.1
1.1.5.41477.3
1.1.5.41567.5.1
1.1.5.41579.9.1.4.3
1.1.5.41585.5.1.8.1.26.2.2
1.1.5.41592.5.1.1.7.54.1
1.1.5.41620.5.1.2.1.4.1
1.1.5.41632.9.1.4.19
1.1.5.41692.20.2.16
1.1.5.41706.5.1.11.2.30.2
1.1.5.41788.5.1.6
1.1.5.41942.5.1.1.3
1.1.5.41956.5.1.21.1
1.1.5.42038.38.2.17
1.1.5.42048.5.1.1.1.2.2
1.1.5.42132.16.2.4
1.1.5.42241.5.1.9.3.16.3
1.1.5.42336.11.1.22.20.35
1.1.5.42371.5.1.1
1.1.5.42567.5.1.12
1.1.5.42608.5.1
1.1.5.42625.14.2.17.1
1.1.5.42642.16
1.1.5.42775.17.2.10.2.9.1.4
1.1.5.42795.13.1.28.5
1.1.5.42812.9.1.35.13
1.1.5.42909.16.2.6.11
1.1.5.42916.3
1.1.5.42929.28.1.4.4
1.1.5.42958.5.1.10.6.14.3
1.1.5.42995.15.2.4.3
1.1.5.43006.5.1
1.1.5.43023.5.1.24.1
1.1.5.43034.5.1
1.1.5.43058.5.1.7.4
1.1.5.43063.10.4.4
1.1.5.43177.23.1.10.29
1.1.5.43269.5.1.2
1.1.5.43313.15.2.21.5.7.1
1.1.5.43326.41.2.23
1.1.5.43440.5.1.1
1.1.5.43484.9.2.4.2
1.1.5.43502.5.1.1
1.1.5.43529.5.1
1.1.5.43550.12.1.4.1
1.1.5.43723.5.1.1.1.2.1.2
1.1.5.43723.5.1.1.1.4.3.6
1.1.5.43742.5.1.1.8.10.2
1.1.5.43861.9.2.4.5
1.1.5.43864.5.1.3.3.9.2.72
1.1.5.43968.5.1.3.6.6.1.1
1.1.5.44119.5.1.1.19.19
1.1.5.44124.8.1.7
1.1.5.44125.9.1.4.4.4
1.1.5.44137.12.4.12
1.1.5.44146.5.1.67.1.30
1.1.5.44166.16.1.8
1.1.5.44212.21.3.12.9
1.1.5.44245.9.1.11.5
1.1.5.44303.29.2.13
1.1.5.44346.16.3.9.4
1.1.5.44367.5.1.2.1
1.1.5.44480.5.1.9.3
1.1.5.44509.18.1
1.1.5.44519.11.1.4
1.1.5.44637.5.1.8.4.8.8.11
1.1.5.44647.19.2
1.1.5.44659.22.2.17.3.6
1.1.5.44708.11.2.11.9
1.1.5.44730.6
1.1.5.44802.10.1.9
1.1.5.44910.5.1.3.1.7.3
1.1.5.44950.5.1.6.1.7
1.1.5.45070.5.1.6
1.1.5.45339.22.1.8
1.1.5.45414.5.1
1.1.5.45444.5.1.16
1.1.5.45453.24.2.40.29
1.1.5.45467.43.3.27.29
1.1.5.45683.5.1.3.1.2.2.24
1.1.5.45799.42.1.4.2
1.1.5.45808.5.1.4.2
1.1.5.45868.14.1.6
1.1.5.45871.5.1
1.1.5.45911.5.1.3.4.8.3
1.1.5.45964.30.1.4.7
1.1.5.45992.5.1.2.12
1.1.5.46207.14.2.14
1.1.5.46207.21.2.4.6.4
1.1.5.46320.5.1.9.1.1.1
1.1.5.46330.5.1.7.2.7.3
1.1.5.46350.16.1.6.3
1.1.5.46363.5.1.3.3.44.1.5
1.1.5.46413.5.1.3
1.1.5.46441.27.2.10.6
1.1.5.46567.6
1.1.5.46581.15.3
1.1.5.46589.18.1.21
1.1.5.46591.5.1
1.1.5.46626.17.2.17.7
1.1.5.46649.27.1.11.12
1.1.5.46668.14.2.6.1
1.1.5.46794.5.1
1.1.5.46800.3
1.1.5.46907.5.1.1
1.1.5.46916.5.1.5.3.7
1.1.5.46923.5.1.1.7.38.1
1.1.5.46951.5.1.2.1.4.1
1.1.5.46963.9.1.4.19
1.1.5.47023.20.2.16
1.1.5.47037.5.1.11.2.30.2
1.1.5.47122.5.1.4.4.10.3.7
1.1.5.47177.5.1.7.1.2.1.6
1.1.5.47291.5.1.4.1
1.1.5.47301.15.2.5.7.18.1
1.1.5.47381.9.3.19.8
1.1.5.47442.5.1.1
1.1.5.47587.5.1.9.3.1.1
1.1.5.47667.15.2.5.5
1.1.5.47696.11.1.22.20.35
1.1.5.47769.5.1.35.10
1.1.5.47825.26.2.19
1.1.5.47844.5.1
1.1.5.47939.30.3.4
1.1.5.47979.5.1
1.1.5.47996.14.2.17.1
1.1.5.48013.16
1.1.5.48118.11.1.4.2
1.1.5.48135.5.1.5.2.12.4.10.1
1.1.5.48142.5.1
1.1.5.48143.15.1.9.3
1.1.5.48226.16.2.6.35
1.1.5.48233.3
1.1.5.48246.28.1.4.4
1.1.5.48275.5.1.10.6.14.3
1.1.5.48305.11.1.8
1.1.5.48358.5.1.24.1
1.1.5.48369.5.1
1.1.5.48392.8.1.7
1.1.5.48472.5.1
1.1.5.48507.5.1.3.7
1.1.5.48607.5.1.2
1.1.5.48786.5.1.1
1.1.5.48829.9.2.4.2
1.1.5.48844.22.2
1.1.5.49077.5.1.5.10.9.2.6
1.1.5.49093.13.3
1.1.5.49216.9.2.4.5
1.1.5.49219.5.1.3.3.9.2.65
1.1.5.49293.11.2.4.13
1.1.5.49423.5.1
1.1.5.49450.5.1.1.19.19
1.1.5.49484.5.1.29.2.43
1.1.5.49504.16.1.8
1.1.5.49550.21.3.12.9
1.1.5.49583.9.1.11.5
1.1.5.49641.29.2.13
1.1.5.49702.5.1.2.1
1.1.5.49823.5.1.9.3
1.1.5.49905.5.1.8.3.5.1
1.1.5.49913.5.1.4.4
1.1.5.49983.5.1.8.4.8.8.11
1.1.5.50013.16.2.9.1.2
1.1.5.50013.16.2.10.2.9.1.11
1.1.5.50057.9.1.7
1.1.5.50073.15.1.6.2.3
1.1.5.50103.12.1.4
1.1.5.50142.9.1.4.1
1.1.5.50183.10.1.9
1.1.5.50275.5.1
1.1.5.50300.5.1.3.1.7.3
1.1.5.50340.5.1.6.1.7
1.1.5.50442.5.1.3.1.49.3
1.1.5.50446.24.2.17.1
1.1.5.50455.5.1.8.1.6
1.1.5.50621.5.1.12.1
1.1.5.50704.22.1.8
1.1.5.50781.5.1
1.1.5.50819.5.1.13.7
1.1.5.50833.43.3.27.29
1.1.5.50885.25.3.4
1.1.5.50896.5.1.3
1.1.5.51054.5.1.3.1.2.2.24
1.1.5.51172.5.1.2
1.1.5.51180.5.1.1.1.26.1.11
1.1.5.51246.14.1.6
1.1.5.51249.5.1
1.1.5.51329.10.1.6.3
1.1.5.51347.5.1
1.1.5.51358.8.1.8
1.1.5.51376.9.1.7
1.1.5.51383.17.2.5.20.23
1.1.5.51387.5.1.11.3.6
1.1.5.51574.9.1.9.6
1.1.5.51592.14.2.14
1.1.5.51592.21.2.4.6.4
1.1.5.51683.5.1.18.1.8.3
1.1.5.51760.11.1.12
1.1.5.51825.27.2.10.6
1.1.5.51909.5.1.9.3.30.2
1.1.5.51975.18.1.21
1.1.5.51977.5.1
1.1.5.52016.17.2.17.7
1.1.5.52043.5.1.2.1.10.4.12
1.1.5.52063.25.2.13.2.8.5.26
1.1.5.52128.6
1.1.5.52164.5.1
1.1.5.52210.5.1
1.1.5.52216.3
1.1.5.52328.9.1.4.3
1.1.5.52334.5.1.8.1.26.2.2
1.1.5.52341.5.1.1.7.54.1
1.1.5.52376.17.2.13.7.4.1
1.1.5.52389.9.1.4.19
1.1.5.52555.5.1.6
1.1.5.52607.5.1.7.1.2.1.6
1.1.5.52661.15.2.9
1.1.5.52717.5.1.1.3
1.1.5.52724.19
1.1.5.52731.11.2.10
1.1.5.52733.5.1
1.1.5.52821.38.2.17
1.1.5.52831.5.1.1.1.2.2
1.1.5.52915.16.2.4
1.1.5.53017.5.1.9.3.1.1
1.1.5.53113.11.1.22.20.35
1.1.5.53194.5.1.35.10
1.1.5.53359.30.3.4
1.1.5.53399.5.1
1.1.5.53434.16
1.1.5.53551.11.1.4.2
1.1.5.53581.14.2.17
1.1.5.53681.16.2.6.11
1.1.5.53688.3
1.1.5.53701.28.1.4.4
1.1.5.53730.5.1.10.6.14.3
1.1.5.53808.40.1.22
1.1.5.54062.5.1.2
1.1.5.54241.5.1.1
1.1.5.54284.9.2.4.2
1.1.5.54299.22.2
1.1.5.54533.5.1.5.8.19.5.8
1.1.5.54549.13.3
1.1.5.54566.5.1.10.4
1.1.5.54665.9.2.4.5
1.1.5.54672.5.1.2.2.6
1.1.5.54774.5.1.3.6.6.1.1
1.1.5.54919.5.1.1.19.19
1.1.5.54953.5.1.29.2.41
1.1.5.54983.11.1.21
1.1.5.55032.20.1.12
1.1.5.55058.35.3.4.11
1.1.5.55131.11.1.8.6
1.1.5.55179.5.1.2.1
1.1.5.55248.18.2
1.1.5.55272.5.1.20.2
1.1.5.55432.5.1.8.4.9.3.13
1.1.5.55442.19.2
1.1.5.55457.34.1.18.2
1.1.5.55511.13.1.4.3
1.1.5.55537.12.1.4
1.1.5.55575.9.1.4.1
1.1.5.55770.26.1.13
1.1.5.55880.5.1.16.1.6.2.18
1.1.5.55919.10.3.12
1.1.5.56059.9.5.20.14
1.1.5.56158.22.1.8
1.1.5.56232.5.1
1.1.5.56259.5.1.16
1.1.5.56268.24.2.40.29
1.1.5.56282.43.3.27.29
1.1.5.56334.25.3.4
1.1.5.56345.5.1.3
1.1.5.56371.5.1.1.12.13.5
1.1.5.56496.14.4
1.1.5.56508.21.1.9.12.3
1.1.5.56620.42.1.4.2
1.1.5.56696.14.1.6
1.1.5.56699.5.1
1.1.5.56739.5.1.3.4.8.3
1.1.5.56821.8.1.8
1.1.5.56839.9.1.7
1.1.5.56851.5.1.5
1.1.5.56853.19.4.4.17
1.1.5.56870.12.1.8
1.1.5.57058.5.1.9.1.2
1.1.5.57069.45.1.22.22
1.1.5.57193.9.2.14.13
1.1.5.57226.11.1.12
1.1.5.57286.27.2.10.6
1.1.5.57424.15.3
1.1.5.57432.18.1.21
1.1.5.57434.5.1
1.1.5.57473.17.2.17.7
1.1.5.57496.27.1.11.12
1.1.5.57515.14.2.6.1
1.1.5.57565.6
1.1.5.57629.11.2.14.7
1.1.5.57638.5.1
1.1.5.57644.3
1.1.5.57728.9.1.4
1.1.5.57747.9.1.4.3
1.1.5.57753.5.1.8.1.26.2.2
1.1.5.57832.3
1.1.5.57853.20.2.16
1.1.5.57867.5.1.11.2.30.2
1.1.5.57946.5.1.3.1.2.2.4
1.1.5.58004.5.1.7.1.2.1.17
1.1.5.58106.5.1.1.3
1.1.5.58110.9.1.6.3.5
1.1.5.58127.22.1.8
1.1.5.58209.9.3.19.8
1.1.5.58270.5.1.1
1.1.5.58416.5.1.9.3.1.1
1.1.5.58455.20.2.8
1.1.5.58530.13.3
1.1.5.58581.43.4.7.16.17
1.1.5.58777.30.3.4
1.1.5.58817.5.1
1.1.5.58834.14.2.17.1
1.1.5.58851.16
1.1.5.58970.8.1.8.6
1.1.5.58988.19.1.29
1.1.5.59005.14.2.14
1.1.5.59086.16.2.6.16
1.1.5.59093.3
1.1.5.59251.5.1.2.1
1.1.5.59253.5.1.3.1.4.3
1.1.5.59474.5.1.2
1.1.5.59655.5.1.3.4
1.1.5.59687.9.2.4.2
1.1.5.59700.33.1.10
1.1.5.59737.5.1
1.1.5.59758.12.1.4.1
1.1.5.59916.19.2.4
1.1.5.59955.5.1.2.2
1.1.5.59978.17.5.4
1.1.5.60054.9.2.4.5
1.1.5.60057.5.1.3.3.9.2.65
1.1.5.60199.22.3.4
1.1.5.60272.5.1.1.19.19
1.1.5.60303.5.1.2
1.1.5.60325.16.1.8
1.1.5.60371.21.3.12.9
1.1.5.60404.9.1.11.5
1.1.5.60462.29.2.13
1.1.5.60523.5.1.2.1
1.1.5.60593.18.2
1.1.5.60622.12.1.9.9.4
1.1.5.60638.5.1.20.2
1.1.5.60790.5.1.8.4.8.8.11
1.1.5.60814.5.1.18
1.1.5.60874.11.2.11.9
1.1.5.60899.12.1.4
1.1.5.60937.9.1.4.1
1.1.5.60978.10.1.9
1.1.5.61097.5.1.3.1.7.3
1.1.5.61137.5.1.6.1.7
1.1.5.61257.5.1.6
1.1.5.61288.10.3.12
1.1.5.61431.9.5.20.14
1.1.5.61530.22.1.8
1.1.5.61605.5.1
1.1.5.61635.5.1.16
1.1.5.61644.24.2.40.29
1.1.5.61658.43.3.27.29
1.1.5.61726.5.1.3
1.1.5.61996.42.1.4.2
1.1.5.62005.5.1.4.2
1.1.5.62076.5.1
1.1.5.62166.10.1.6.3
1.1.5.62184.5.1
1.1.5.62195.8.1.8
1.1.5.62212.9.1.7
1.1.5.62218.12.1.4.20
1.1.5.62222.9.1.7.5
1.1.5.62239.12.1.8
1.1.5.62421.14.2.14
1.1.5.62421.21.2.4.6.4
1.1.5.62577.11.1.13
1.1.5.62637.27.2.10.6
1.1.5.62721.5.1.2.2.5.2
1.1.5.62750.11.1.4
1.1.5.62790.15.3
1.1.5.62798.18.1.21
1.1.5.62800.5.1
1.1.5.62835.17.2.17.7
1.1.5.62862.5.1.2.1.10.4.12
1.1.5.62934.6
1.1.5.62970.5.1
1.1.5.63004.11.2.14.7
1.1.5.63013.5.1
1.1.5.63019.3
1.1.5.63108.9.1.4
1.1.5.63127.9.1.4.3
1.1.5.63134.14.2.15.28
1.1.5.63215.3
1.1.5.63237.20.2.16
1.1.5.63251.5.1.11.2.41.2
1.1.5.63339.5.1.4.4.10.3.7
1.1.5.63435.36.2.18.11.38.4
1.1.5.63446.15.2.11
1.1.5.63505.5.1.4.1
1.1.5.63515.15.2.5.7.18.1
1.1.5.63598.38.2.17
1.1.5.63608.5.1.1.1.2.2
1.1.5.63692.16.2.4
1.1.5.63802.5.1.9.3.16.3
1.1.5.63830.12.1.69
1.1.5.63842.20.2.8
1.1.5.63873.9.1.4
1.1.5.63922.11.1.22.20.35
1.1.5.64113.5.1
1.1.5.64145.5.1.1.24.19.2.27
1.1.5.64217.5.1.1
1.1.5.64218.22.1.4
1.1.5.64337.5.1.2.4
1.1.5.64347.17.2.10.2.9.1.4
1.1.5.64364.45.2.35.2.9.2
1.1.5.64387.9.1.35.13
1.1.5.64485.16.2.6.11
1.1.5.64492.3
1.1.5.64505.28.1.4.4
1.1.5.64534.5.1.10.6.14.3
1.1.5.64637.5.1.2.1
1.1.5.64639.5.1.3.1.4.3
1.1.5.64752.5.1.3.7
1.1.5.64776.5.1.2.1.19.4
1.1.5.64851.5.1.2
1.1.5.65041.5.1.3.4
1.1.5.65073.9.2.4.2
1.1.5.65087.33.1.10
1.1.5.65124.5.1
1.1.5.65296.5.1.5.8.18.5.8
1.1.5.65312.13.3
1.1.5.65329.5.1.10.4
1.1.5.65428.9.2.4.5
1.1.5.65431.5.1.3.3.9.2.72
1.1.5.65537.5.1.3.6.6.1.1
1.1.5.65589.22.3.4
1.1.5.65675.5.1.1.19.19
1.1.5.65680.8.1.7
1.1.5.65681.9.1.4.4.4
1.1.5.65696.5.1.1.2.33
1.1.5.65718.11.1.21
1.1.5.65767.20.1.12
1.1.5.65793.35.3.4.11
1.1.5.65817.9.1.19
1.1.5.65835.5.1.3.1
1.1.5.65872.23.1.4.11
1.1.5.65922.5.1.2.1
1.1.5.65969.3
1.1.5.66041.5.1.3.25.14.5
1.1.5.66093.17.5.9.3
1.1.5.66141.5.1.1.1.5.1
1.1.5.66149.5.1.4.4
1.1.5.66220.5.1.1
1.1.5.66247.34.1.18.2
1.1.5.66320.5.1.3
1.1.5.66347.12.1.4
1.1.5.66386.9.1.4.1
1.1.5.66418.3
1.1.5.66539.5.1.3.1.7.3
1.1.5.66579.5.1.6.1.7
1.1.5.66693.5.1.16.1.6.2.17
1.1.5.66742.17.1.17.10
1.1.5.66798.41.1.9.29.7
1.1.5.66966.22.1.8
1.1.5.67040.5.1
1.1.5.67067.5.1.16
1.1.5.67076.24.2.40.29
1.1.5.67090.43.3.27.29
1.1.5.67142.25.3.4
1.1.5.67153.5.1.3
1.1.5.67316.25.2.7.5.9.1.31
1.1.5.67318.57.1.8.7.1
1.1.5.67428.42.1.4.2
1.1.5.67437.5.1.4.2
1.1.5.67513.5.1
1.1.5.67628.8.1.8
1.1.5.67646.9.1.7
1.1.5.67658.5.1.5
1.1.5.67660.19.4.4.17
1.1.5.67677.12.1.8
1.1.5.67866.5.1.4
1.1.5.67867.5.1.2.1.33.6
1.1.5.68023.11.1.12
1.1.5.68074.5.1.3
1.1.5.68094.27.2.10.6
1.1.5.68244.5.1.2.5
1.1.5.68251.5.1.11.1
1.1.5.68307.33.2.14.3
1.1.5.68334.5.1.2.1.10.4.9
1.1.5.68409.6
1.1.5.68473.11.2.14.7
1.1.5.68482.5.1
1.1.5.68486.26.2.4
1.1.5.68595.9.1.4.3
1.1.5.68609.22.1.22
1.1.5.68625.20.1.12
1.1.5.68686.3
1.1.5.68719.5.1.11.2.11.2
1.1.5.68807.5.1.3.1.2.2.4
1.1.5.68865.5.1.7.1.2.1.5
1.1.5.68964.5.1.1.3
1.1.5.68973.17.6
1.1.5.69063.38.2.17
1.1.5.69073.5.1.1.1.2.2
1.1.5.69128.5.1.1
1.1.5.69275.5.1.9.3.1.1
1.1.5.69371.11.1.22.20.35
1.1.5.69406.5.1.1
1.1.5.69607.30.3.4
1.1.5.69647.5.1
1.1.5.69664.14.2.17.1
1.1.5.69681.16
1.1.5.69798.8.1.8.6
1.1.5.69813.45.2.35.2.9.2
1.1.5.69836.9.1.35.13
1.1.5.69916.26.2.21
1.1.5.70003.11.1.8
1.1.5.70056.5.1.24.1
1.1.5.70067.5.1
1.1.5.70089.5.1.2.1
1.1.5.70091.5.1.3.1.4.3
1.1.5.70306.5.1.2
1.1.5.70483.5.1.1
1.1.5.70510.15.2.6.8
1.1.5.70528.12.1.4.3
1.1.5.70577.5.1
1.1.5.70598.12.1.4.1
1.1.5.70764.5.1.5.1.2.11.15
1.1.5.70893.9.2.4.5
1.1.5.70900.5.1.2.2.6
1.1.5.70995.5.1.3.6.6.1.1
1.1.5.71108.5.1
1.1.5.71135.5.1.1.19.19
1.1.5.71141.9.3.4.14.2
1.1.5.71164.11.2.9.8
1.1.5.71189.5.1.1.1.8
1.1.5.71259.5.1
1.1.5.71275.9.1.11.5
1.1.5.71333.29.2.13
1.1.5.71394.5.1.2.1
1.1.5.71465.9.1.4
1.1.5.71501.5.1.3.25.15.5
1.1.5.71552.11.1.4
1.1.5.71589.30.4.6.11.3.2
1.1.5.71670.5.1.8.4.8.8.11
1.1.5.71700.16.2.9.1.2
1.1.5.71700.16.2.10.2.9.1.11
1.1.5.71754.13.1.4.3
1.1.5.71780.12.1.4
1.1.5.71811.15.2.10.3.8.2
1.1.5.71813.5.1.16.6.2.1.12
1.1.5.71942.5.1
1.1.5.71962.5.1.3.1.7.3
1.1.5.72002.5.1.6.1.7
1.1.5.72166.17.1.17.10
1.1.5.72222.41.1.9.29.7
1.1.5.72290.9.1.5
1.1.5.72295.5.1.3.1.2
1.1.5.72309.15.2.7.3
1.1.5.72376.22.1.8
1.1.5.72450.5.1
1.1.5.72478.5.1.1.4.6
1.1.5.72484.5.1.13.7
1.1.5.72498.43.3.27.29
1.1.5.72719.5.1.3.1.2.2.22
1.1.5.72837.42.1.4.2
1.1.5.72927.14.1.6
1.1.5.72930.5.1
1.1.5.73031.10.1.6.3
1.1.5.73060.5.1.2.14
1.1.5.73085.5.1.1.3.3
1.1.5.73088.5.1.14.6.17
1.1.5.73278.5.1.9.1.2
1.1.5.73292.11.2.8.7
1.1.5.73294.5.1.2.1
1.1.5.73452.11.1.12
1.1.5.73512.27.2.10.6
1.1.5.73651.28.1.4
1.1.5.73660.18.1.25
1.1.5.73662.5.1
1.1.5.73708.17.2.17.7
1.1.5.73735.5.1.2.1.10.4.12
1.1.5.73808.6
1.1.5.73881.5.1
1.1.5.73885.26.2.4
1.1.5.73995.9.1.4.3
1.1.5.74009.22.1.22
1.1.5.74025.20.1.12
1.1.5.74051.9.1.4.19.5
1.1.5.74064.17.2.13.3
1.1.5.74100.3
1.1.5.74121.20.2.16
1.1.5.74135.5.1.11.2.30.2
1.1.5.74224.5.1.3.1.2.2.4
1.1.5.74279.5.1.7.1.2.1.5
1.1.5.74330.15.2.9
1.1.5.74382.5.1.4.1
1.1.5.74392.15.2.5.7.18.1
1.1.5.74468.9.3.19.8
1.1.5.74529.5.1.1
1.1.5.74672.5.1.9.3.1.1
1.1.5.74734.14.2.12
1.1.5.74778.5.1
1.1.5.74778.11.1.22.20.35
1.1.5.75017.30.3.4
1.1.5.75089.5.1.1
1.1.5.75090.22.1.4
1.1.5.75211.8.1.8.6
1.1.5.75229.19.1.29
1.1.5.75246.14.2.14
1.1.5.75327.16.2.6.16
1.1.5.75334.3
1.1.5.75347.28.1.4.4
1.1.5.75376.5.1.10.6.14.3
1.1.5.75461.5.1.24.1
1.1.5.75472.5.1
1.1.5.75495.5.1.2.1
1.1.5.75497.5.1.3.1.4.3
1.1.5.75606.23.1.10.29
1.1.5.75710.5.1.2
1.1.5.75875.5.1.1
1.1.5.75920.9.2.4.2
1.1.5.75938.5.1.1
1.1.5.75967.5.1
1.1.5.75988.12.1.4.1
1.1.5.76104.8.1.6
1.1.5.76140.5.1.5.8.19.5.8
1.1.5.76156.13.3
1.1.5.76280.9.2.4.5
1.1.5.76283.5.1.3.3.9.2.65
1.1.5.76373.5.1.3.6.6.1.1
1.1.5.76422.22.3.4
1.1.5.76508.5.1.1.19.19
1.1.5.76514.9.3.4.14.2
1.1.5.76537.11.2.9.8
1.1.5.76562.5.1.1.1.8
1.1.5.76615.20.1.12
1.1.5.76641.35.3.4.11
1.1.5.76714.11.1.8.6
1.1.5.76762.5.1.2.1
1.1.5.76860.5.1.12.7.12.1.5.39
1.1.5.76874.5.1.14.2
1.1.5.76923.11.1.4
1.1.5.76973.5.1.8.3.5.1
1.1.5.76981.5.1.4.4
1.1.5.77060.5.1.8.4.8.8.19
1.1.5.77070.19.2
1.1.5.77085.34.1.18.2
1.1.5.77135.17.1.20.8
1.1.5.77149.10.1.4.3
1.1.5.77174.12.1.4
1.1.5.77212.9.1.4.1
1.1.5.77253.10.1.9
1.1.5.77342.5.1
1.1.5.77367.5.1.3.1.7.3
1.1.5.77407.5.1.6.1.7
1.1.5.77614.41.1.9.29.7
1.1.5.77849.5.1
1.1.5.77876.5.1.16
1.1.5.77885.24.2.40.29
1.1.5.77899.43.3.27.29
1.1.5.78081.5.1
1.1.5.78109.25.2.7.5.9.1.53
1.1.5.78114.5.1.3.2.12.2
1.1.5.78229.26.1.19.11
1.1.5.78317.14.1.6
1.1.5.78320.5.1
1.1.5.78445.8.1.8
1.1.5.78463.9.1.7
1.1.5.78469.12.1.4.20
1.1.5.78473.9.1.7.5
1.1.5.78490.12.1.8
1.1.5.78682.5.1.2.1.3.1.1
1.1.5.78683.15.2.7.3
1.1.5.78776.5.1.18.1.8.3
1.1.5.78849.16.1.6.3
1.1.5.78862.5.1.3.3.21.1.5
1.1.5.78912.5.1.3
1.1.5.78940.27.2.10.6
1.1.5.79094.5.1
1.1.5.79097.14.2
1.1.5.79138.17.2.17.7
1.1.5.79164.5.1.9.3.6
1.1.5.79186.14.2.6.1
1.1.5.79312.5.1
1.1.5.79318.3
1.1.5.79404.5.1
1.1.5.79410.14.2.6.4.34
1.1.5.79423.5.1.12.1.41.2.2
1.1.5.79430.5.1.1.7.69.1
1.1.5.79507.3
1.1.5.79536.20.2.16
1.1.5.79550.5.1.11.2.33.2
1.1.5.79634.5.1.6
1.1.5.79692.5.1.7.1.2.1.6
1.1.5.79791.5.1.1.3
1.1.5.79795.9.1.6.3.5
1.1.5.79812.22.1.8
1.1.5.79894.9.3.19.8
1.1.5.79955.5.1.1
1.1.5.80101.5.1.9.3.1.1
1.1.5.80176.9.1.4
1.1.5.80237.11.1.10.7.2
1.1.5.80271.18.2.8.1.13
1.1.5.80489.30.3.4
1.1.5.80529.5.1
1.1.5.80546.14.2.17.1
1.1.5.80563.16
1.1.5.80685.11.1.4.2
1.1.5.80715.14.2.17
1.1.5.80796.16.2.6.16
1.1.5.80803.3
1.1.5.80816.28.1.4.4
1.1.5.80845.5.1.10.6.14.3
1.1.5.80866.5.1
1.1.5.80884.15.2.4.3
1.1.5.80895.5.1
1.1.5.80917.40.1.22
1.1.5.80935.5.1.2.1
1.1.5.80937.5.1.3.1.4.3
1.1.5.81048.5.1.3.7
1.1.5.81139.8.1.4.2
1.1.5.81336.5.1.3.4
1.1.5.81368.9.2.4.2
1.1.5.81419.5.1
1.1.5.81440.12.1.4.1
1.1.5.81592.19.2.4
1.1.5.81627.5.1.10.4
1.1.5.81726.9.2.4.5
1.1.5.81729.5.1.3.3.9.2.65
1.1.5.81819.5.1.3.6.6.1.1
1.1.5.81837.17.4.8.9.5
1.1.5.81851.9.3.4
1.1.5.81933.5.1
1.1.5.81960.5.1.1.19.19
1.1.5.81980.12.4.12
1.1.5.81991.5.1.9
1.1.5.82019.11.1.21
1.1.5.82103.9.1.11.5
1.1.5.82161.29.2.13
1.1.5.82205.34.1.4.5
1.1.5.82224.5.1.2.1
1.1.5.82340.5.1.3.25.14.5
1.1.5.82500.5.1.8.4.8.8.11
1.1.5.82510.19.2
1.1.5.82525.34.1.18.2
1.1.5.82576.13.1.4.3
1.1.5.82602.12.1.4
1.1.5.82641.9.1.4.1
1.1.5.82819.5.1.6.1.7
1.1.5.82943.5.1.6
1.1.5.83122.25.2.20.11.37.8.2
1.1.5.83286.5.1
1.1.5.83287.5.1.3.2
1.1.5.83316.27.1.11.9
1.1.5.83390.5.1.3
1.1.5.83416.5.1.1.12.13.5
1.1.5.83552.5.1.2
1.1.5.83556.5.1.3.4.23.11
1.1.5.83670.42.1.4.2
1.1.5.83679.5.1.4.2
1.1.5.83754.5.1
1.1.5.83797.15.4
1.1.5.83854.19.1.6.1.8
1.1.5.83884.5.1.2.14
1.1.5.84085.5.1.24.1
1.1.5.84102.5.1.9.1.2
1.1.5.84114.20.2.8
1.1.5.84226.9.2.14.13
1.1.5.84254.20.1.17
1.1.5.84318.27.2.10.6
1.1.5.84476.5.1.2.1.4.1
1.1.5.84477.5.1
1.1.5.84513.5.1.18.6
1.1.5.84541.5.1.21
1.1.5.84564.19.2.10.3.6
1.1.5.84581.25.2.13.2.8.10.40
1.1.5.84636.6
1.1.5.84709.5.1
1.1.5.84713.27.1.4
1.1.5.84713.27.3.4
1.1.5.84815.9.1.4.3
1.1.5.84829.22.1.22
1.1.5.84845.14.2.10.1
1.1.5.84861.17.2.13.7.4.1
1.1.5.84874.9.1.4.19
1.1.5.84936.20.2.16
1.1.5.84950.5.1.11.2.33.2
1.1.5.85031.5.1.4.4.10.3.7
1.1.5.85079.5.1.7.1.2.1.5
1.1.5.85128.15.2.9
1.1.5.85185.5.1.1.3
1.1.5.85189.9.1.6.3.5
1.1.5.85198.22.1.34
1.1.5.85202.29.2
1.1.5.85273.38.2.17
1.1.5.85283.5.1.1.1.2.2
1.1.5.85326.14.3.10.1.1
1.1.5.85369.16.2.4
1.1.5.85473.5.1.9.3.16.3
1.1.5.85496.5.1.19.4
1.1.5.85540.9.1.4
1.1.5.85583.11.1.22.20.35
1.1.5.85830.30.3.4
1.1.5.85882.47.1.13
1.1.5.85911.16
1.1.5.86042.8.1.8.6
1.1.5.86060.19.1.29
1.1.5.86077.14.2.14
1.1.5.86164.16.2.6.16
1.1.5.86171.3
1.1.5.86184.28.1.4.4
1.1.5.86213.5.1.10.6.14.3
1.1.5.86326.5.1.2.1
1.1.5.86328.5.1.3.1.4.3
1.1.5.86434.23.1.10.29
1.1.5.86538.8.1.4.2
1.1.5.86647.5.1
1.1.5.86665.5.1.2.7.7.2
1.1.5.86736.5.1.3.4
1.1.5.86768.9.2.4.2
1.1.5.86782.33.1.10
1.1.5.86817.5.1
1.1.5.86838.12.1.4.1
1.1.5.86993.5.1.5.6.17.5.8
1.1.5.87009.13.3
1.1.5.87028.5.1.2.2
1.1.5.87128.9.2.4.5
1.1.5.87131.5.1.3.3.9.2.39
1.1.5.87235.5.1.3.6.6.1.1
1.1.5.87252.17.4.8.9.5
1.1.5.87359.5.1.1.19.19
1.1.5.87365.9.3.4.14.2
1.1.5.87388.11.2.9.8
1.1.5.87413.5.1.1.1.8
1.1.5.87505.9.1.11.5
1.1.5.87561.29.2.13
1.1.5.87608.16.3.9.4
1.1.5.87629.5.1.2.1
1.1.5.87699.9.1.4
1.1.5.87727.11.1.6.14.4
1.1.5.87735.5.1.9.3
1.1.5.87891.5.1.8.4.8.8.19
1.1.5.87915.5.1.18
1.1.5.87968.13.1.4.3
1.1.5.87994.12.1.4
1.1.5.88032.9.1.4.1
1.1.5.88064.3
1.1.5.88190.5.1.3.1.7.3
1.1.5.88230.5.1.6.1.7
1.1.5.88436.41.1.9.29.7
1.1.5.88507.9.1.5
1.1.5.88512.5.1.3.1.2
1.1.5.88526.15.2.7.3
1.1.5.88603.22.1.8
1.1.5.88714.5.1.16.11
1.1.5.88728.43.3.27.29
1.1.5.88905.5.1
1.1.5.88935.5.1.3.1.2.2.48
1.1.5.89052.46.1.21.8
1.1.5.89060.5.1.1.1.2.1.1
1.1.5.89139.5.1
1.1.5.89254.8.1.8
1.1.5.89272.9.1.7
1.1.5.89283.5.1.1.23.12
1.1.5.89286.5.1.14.6.26
1.1.5.89499.5.1.2.1.3.1.1
1.1.5.89500.15.2.7.3
1.1.5.89593.5.1.18.1.8.3
1.1.5.89616.15.4.9.5
1.1.5.89618.19.2.18.8
1.1.5.89643.16.1.9.14
1.1.5.89656.5.1.3.3.23.1.4
1.1.5.89706.5.1.3
1.1.5.89737.27.2.10.6
1.1.5.89895.15.3
1.1.5.89903.18.1.21
1.1.5.89905.5.1
1.1.5.89941.17.2.17.7
1.1.5.89967.5.1.9.3.6
1.1.5.89987.25.2.13.2.8.13.41
1.1.5.90042.6
1.1.5.90106.11.2.14.7
1.1.5.90115.5.1
1.1.5.90121.3
1.1.5.90207.5.1
1.1.5.90219.9.1.4.3
1.1.5.90233.22.1.22
1.1.5.90249.20.1.12
1.1.5.90268.3
1.1.5.90269.5.1.28.4.7.4
1.1.5.90276.17.2.13.3
1.1.5.90312.3
1.1.5.90333.20.2.16
1.1.5.90347.5.1.11.2.30.2
1.1.5.90422.5.1.6
1.1.5.90577.5.1.1.3
1.1.5.90591.5.1.21.1
1.1.5.90674.38.2.17
1.1.5.90684.5.1.1.1.2.2
1.1.5.90727.14.3.10.1.1
1.1.5.90883.5.1.9.3.16.3
1.1.5.90958.9.1.4
1.1.5.91000.11.1.22.20.35
1.1.5.91236.30.3.4
1.1.5.91279.5.1
1.1.5.91296.14.2.17.1
1.1.5.91313.16
1.1.5.91457.45.2.35.2.9.1
1.1.5.91467.3
1.1.5.91475.12.3.4.5
1.1.5.91589.16.2.6.11
1.1.5.91596.3
1.1.5.91612.15.1.8.4
1.1.5.91644.5.1.10.6.14.3
1.1.5.91674.11.1.8
1.1.5.91727.5.1.24.1
1.1.5.91738.5.1
1.1.5.91761.8.1.7
1.1.5.91849.5.1
1.1.5.91889.23.1.10.29
1.1.5.91993.8.1.4.2
1.1.5.92107.5.1.2.7.7.2
1.1.5.92158.5.1.1
1.1.5.92199.9.2.4.2
1.1.5.92214.22.2
1.1.5.92405.8.1.6
1.1.5.92451.5.1.1.11.34.1.2
1.1.5.92451.5.1.1.11.36.3.6
1.1.5.92470.13.3
1.1.5.92582.19.1.14.4
1.1.5.92585.14.3.8.3
1.1.5.92616.5.1.1
1.1.5.92686.5.1.3.6.6.1.1
1.1.5.92744.22.3.4
1.1.5.92830.5.1.1.19.19
1.1.5.92836.9.3.4.14.2
1.1.5.92859.11.2.9.6
1.1.5.92884.11.1.21
1.1.5.93037.11.1.8.6
1.1.5.93085.5.1.2.1
1.1.5.93132.3
1.1.5.93210.5.1.3.25.14.5
1.1.5.93254.11.1.4
1.1.5.93304.5.1.8.3.5.1
1.1.5.93312.5.1.4.4
1.1.5.93388.5.1.8.4.8.9.9
1.1.5.93423.9.1.4.1
1.1.5.93475.5.1.3
1.1.5.93502.12.1.4
1.1.5.93541.9.1.4.1
1.1.5.93573.3
1.1.5.93731.26.1.13
1.1.5.93846.5.1.1
1.1.5.93894.17.1.17.10
1.1.5.93919.5.1
1.1.5.94031.9.5.20.14
1.1.5.94044.15.2.7.3
1.1.5.94112.22.1.8
1.1.5.94185.5.1
1.1.5.94414.3
1.1.5.94437.5.1.3.1.2.2.26
1.1.5.94554.8.1.5.12
1.1.5.94636.5.1
1.1.5.94755.8.1.8
1.1.5.94772.9.1.7
1.1.5.94778.12.1.4.20
1.1.5.94782.9.1.7.5
1.1.5.94799.12.1.8
1.1.5.94988.5.1.2.1.3.1.1
1.1.5.94989.15.2.7.3
1.1.5.95115.5.1.9.1.1.1
1.1.5.95125.5.1.7.2.7.3
1.1.5.95146.11.1.13
1.1.5.95206.27.2.10.6
1.1.5.95367.5.1
1.1.5.95370.14.2
1.1.5.95402.5.1.18.6
1.1.5.95430.5.1.21
1.1.5.95453.19.2.10.3.6
1.1.5.95470.25.2.13.2.8.10.40
1.1.5.95528.6
1.1.5.95592.11.2.14.7
1.1.5.95601.5.1
1.1.5.95605.27.1.4
1.1.5.95605.27.3.4
1.1.5.95695.5.1
1.1.5.95707.9.1.4.3
1.1.5.95721.22.1.22
1.1.5.95737.20.1.12
1.1.5.95824.20.2.16
1.1.5.95838.5.1.11.2.33.2
1.1.5.95926.5.1.6
1.1.6.11.35.1.9
1.1.6.91.5.1.1.3
1.1.6.105.5.1.21.1
1.1.6.186.9.3.19.8
1.1.6.247.5.1.1
1.1.6.397.5.1.9.3.16.3
1.1.6.493.11.1.22.20.35
1.1.6.728.30.3.4
1.1.6.771.5.1
1.1.6.788.14.2.17.1
1.1.6.805.16
1.1.6.922.11.1.4.2
1.1.6.942.5.1.5
1.1.6.1055.16.2.6.11
1.1.6.1062.3
1.1.6.1157.5.1
1.1.6.1179.40.1.22
1.1.6.1198.8.1.7
1.1.6.1329.23.1.10.29
1.1.6.1433.5.1.2
1.1.6.1628.5.1.3.4
1.1.6.1660.9.2.4.2
1.1.6.1902.5.1.1.1.2.1.2
1.1.6.1902.5.1.2.1.2.1
1.1.6.1916.5.1.1.8.10.2
1.1.6.1932.5.1.2.2
1.1.6.2030.9.2.4.5
1.1.6.2033.5.1.3.3.9.2.65
1.1.6.2182.22.3.4
1.1.6.2268.5.1.1.19.19
1.1.6.2274.9.3.4.14.2
1.1.6.2297.11.2.9.8
1.1.6.2326.5.1.1.1.8
1.1.6.2483.11.1.8.6
1.1.6.2531.5.1.2.1
1.1.6.2639.5.1.18.7.11.3
1.1.6.2651.5.1.3.25.15.5
1.1.6.2695.11.1.4
1.1.6.2816.5.1.8.4.8.5.12
1.1.6.2826.19.2
1.1.6.2841.34.1.18.2
1.1.6.2888.13.1.4.3
1.1.6.2912.12.1.4
1.1.6.2950.9.1.4.1
1.1.6.2982.3
1.1.6.3081.5.1
1.1.6.3106.5.1.3.1.7.3
1.1.6.3146.5.1.6.1.7
1.1.6.3256.5.1.3.1.28.9
1.1.6.3260.24.2.17.1
1.1.6.3312.17.1.17.10
1.1.6.3526.22.1.8
1.1.6.3627.27.1.11.9
1.1.6.3865.5.1.2.1
1.1.6.3976.42.1.4.2
1.1.6.3985.5.1.4.2
1.1.6.4061.5.1
1.1.6.4174.8.1.8
1.1.6.4191.9.1.7
1.1.6.4203.5.1.5
1.1.6.4205.19.4.4.17
1.1.6.4222.12.1.8
1.1.6.4422.5.1.4
1.1.6.4423.5.1.2.1.33.6
1.1.6.4518.5.1.18.1.8.3
1.1.6.4560.5.1.5
1.1.6.4594.16.1.6.3
1.1.6.4607.5.1.3.3.21.1.5
1.1.6.4657.5.1.3
1.1.6.4688.27.2.10.6
1.1.6.4767.22.2.15
1.1.6.4776.5.1.9.3.20.2
1.1.6.4829.8.2.4.1
1.1.6.4847.17.3.19
1.1.6.4849.5.1
1.1.6.4893.17.2.17.7
1.1.6.4920.5.1.2.1.10.4.12
1.1.6.4993.6
1.1.6.5087.5.1
1.1.6.5091.26.2.4
1.1.6.5194.15.2.16.2.16.11.22
1.1.6.5201.10.1.26.13
1.1.6.5211.5.1
1.1.6.5241.3
1.1.6.5242.5.1.28.4.7.4
1.1.6.5249.17.2.13.3
1.1.6.5285.3
1.1.6.5306.20.2.16
1.1.6.5320.5.1.11.2.30.2
1.1.6.5413.5.1.6
1.1.6.5470.5.1.7.1.2.1.17
1.1.6.5521.15.2.9
1.1.6.5585.5.1.1.3
1.1.6.5589.9.1.6.3.5
1.1.6.5606.22.1.8
1.1.6.5688.38.2.17
1.1.6.5698.5.1.1.1.2.2
1.1.6.5783.16.2.4
1.1.6.5887.5.1.9.3.16.3
1.1.6.5991.11.1.22.20.35
1.2.59.10.5.50.5.13.6
1.2.141.6.3.9.6.8.1
1.2.142.8.4
1.2.207.6.3.5.3.15
1.2.317.6.3.7
1.2.377.14.7.22
1.2.482.12.6.9.4.4.1
1.2.502.4.2.3
1.2.574.4.2.6.2.17.1.2
1.2.634.6.3.6
1.2.696.2.1.2
1.2.745.2.1.8.7
1.2.865.4.2.21.1.17
1.2.900.6.3.7
1.2.1005.4.2
1.2.1081.1
1.2.1127.4.2.2.1.3.3
1.2.1134.2.1.2.1
1.2.1148.4.2.10.1
1.2.1180.4.2
1.2.1192.4.2.2.1.15.1
1.2.1234.2.1.18.1
1.2.1249.6.3.9.1.11.3
1.2.1381.4.2
1.2.1536.6.3.3.3.5.1
1.2.1642.2.1.9.3.7.3
1.2.1828.4.2.3.2.14.2
1.2.1844.2.1.12.2.15.1.2
1.2.1865.2.1.3.2.6
1.2.1881.6.3.13.1.2
1.2.2267.6.3.6.4.7.2
1.2.2325.2.1.5.4
1.2.2428.4.2.16
1.2.2566.8.4.20
1.2.2576.2.1.4.1.9.1.52
1.2.2622.2.1.17.8
1.2.2823.4.2.5.1.1
1.2.2824.6.3.10.4
1.2.2860.4.2.4.1.2
1.2.2880.2.1.3.3.24.11.27
1.2.2887.8.4.20.4
1.2.2891.16.8.34
1.2.2935.2.1
1.2.2997.6.3.6.1.1.1
1.2.3009.2.1.2.1.4
1.2.3097.8.4
1.2.3128.4.2.7.3.5
1.2.3188.2.1.1.4.7
1.2.3354.4.2.3.5.9.3
1.2.3439.4.2.20.3
1.2.3479.4.2.16.3.29.3
1.2.3675.2.1.1
1.2.3727.6.3.12.1.3.1.3
1.2.3728.8.4.15
1.2.3813.8.4.18.3.5
1.2.3888.8.4.39.3.12.5.15
1.2.3945.2.1.23.2.41
1.2.4201.2.1.5
1.2.4264.20.10.27.4.6.1
1.2.4281.4.2.4
1.2.4496.6.3.4
1.2.4502.4.2.5.1.2.2.6.8
1.2.4580.4.2
1.2.4633.2.1.2.2.41.1
1.2.4651.4.2.3.1.7.1
1.2.4862.2.1
1.2.4909.6.3.12.10
1.2.4928.2.1.20.3.10.1
1.2.4987.2.1.1.1
1.2.5014.2.1
1.2.5066.2.1
1.2.5068.2.1.3.2
1.2.5220.6.3.8.1.2.2.2
1.2.5290.8.4.16.3.7.1.6.4
1.2.5475.8.4.7
1.2.5480.6.3.19.5.11.6.9
1.2.5641.3
1.2.5769.4.2.5.1.2
1.2.5834.10.5
1.2.5853.2.1.4
1.2.5860.4.2.5
1.2.5944.2.1.4.5.8
1.5.9.16.2.1.7.2.10.5.13
1.5.59.15.2.1
1.5.358.8.2.1.1.1
1.5.499.9.2.1.5.1.12.2.2
1.5.672.16.2.1.28.2
1.5.756.13.2.1.44.5.10
1.5.852.10.2.1.1.2.1.2.3
1.5.994.6.2.1
1.5.1025.6.2.1.13
1.5.1056.9.2.1.19.2.12
1.5.1072.8.2.1.35.2
1.5.1109.7.2.1.1
1.5.1168.13.2.1.8.7.27
1.5.1169.17.2.1.11.1
1.5.1239.15.2.1.1
1.5.1367.10.2.1.31.10
1.5.1379.9.2.1
1.5.1389.10.2.1
1.5.1659.13.2.1.11.5.17
1.5.1787.12.2.1
1.5.1925.12.2.1.2.2.3.4.44.3
1.5.1947.20.2.1.14.1.10
1.5.1975.20.2.1.4.2
1.5.2081.10.2.1.3.1.7
1.5.2262.10.2.1.4.1.2
1.5.2416.24.2.1.5
1.5.2422.12.2.1.3.2.31
1.5.2468.9.2.1
1.5.2517.7.2.1.13.1.4.2.8
1.5.2547.17.2.1.5
1.5.2559.7.2.1.1.1
1.5.2591.14.2.1.1.4
1.5.2639.10.2.1
1.5.2750.9.2.1.10.5.54.11
1.5.2771.10.2.1.5.3.10
1.5.2791.12.2.1.11.8.24.2
1.5.2791.12.2.1.12.1.1.1
1.5.2801.14.2.1
1.5.2853.9.2.1.7.4
1.5.2877.10.2.1.1.1.10
1.5.2915.9.2.1.4
1.5.3010.11.2.1.2
1.5.3166.7.2.1.3.1
1.5.3212.6.2.1.4.1.2.1.26.25
1.5.3222.8.2.1.3.1
1.5.3268.7.2.1
1.5.3329.21.2.1.3.1
1.5.3400.6.2.1
1.5.3428.13.2.1.13
1.5.3539.7.2.1.1.1.35
1.5.3629.6.2.1
1.5.3634.24.2.1.1.3.11.5.8
1.5.3670.12.2.1.4.4
1.5.3687.6.2.1
1.5.3738.15.2.1
1.5.3808.6.2.1.6.1.2.2
1.5.3884.12.2.1.11
1.5.4017.9.2.1.30.8.16.3
1.5.4168.10.2.1.2.2.3.4.18.2
1.5.4172.8.2.1.5.1
1.5.4182.24.2.1
1.5.4297.15.2.1.20.3.10.1
1.5.4373.18.2.1
1.5.4528.8.2.1.1.1.1.2
1.5.4697.10.2.1.13.4.6.4.6
1.5.4914.8.2.1.7.4.8.10
1.5.5071.18.2.1.2.1.7.5.25
1.5.5078.11.2.1
1.5.5309.7.2.1.2.2.17.1.2
1.5.5355.11.2.1
1.5.5378.8.2.1.3
1.5.5383.10.2.1.3
1.5.5578.12.2.1.7.1.15
1.5.5658.9.2.1.4.3.4.4.17
1.5.5682.16.2.1.8.3
1.5.5841.6.2.1.12.4
1.5.5873.9.2.1.15.3
1.5.6011.21.2.1.9.10.26.1.1
1.5.6120.13.2.1.8.1.6.5
1.5.6190.6.2.1.9.2.13.8
1.5.6314.10.2.1
1.5.6472.18.2.1.8.2
1.5.6569.10.2.1
1.5.6583.11.2.1.2.6.8.2.8
1.5.6653.8.2.1.6.3
1.5.6885.9.2.1.24.1.2.1.1
1.5.6939.7.2.1.6.2
1.5.7074.11.2.1.40.1
1.5.7173.8.2.1.11
1.5.7314.9.2.1.3.1
1.5.7794.16.2.1.28.2
1.5.7887.5.2.1.6
1.5.7985.7.2.1
1.5.7998.10.2.1.1.1.3.4.12
1.5.8191.5.2.1.4.1.35.2
1.5.8264.13.2.1
1.5.8322.6.2.1.10
1.5.8394.15.2.1.1
1.5.8519.13.2.1
1.5.8535.19.2.1
1.5.8600.10.2.1.21
1.5.8644.7.2.1.1.1
1.5.8875.9.2.1.17.5.11
1.5.8933.12.2.1
1.5.9073.12.2.1.2.2.3.4.44.3
1.5.9095.20.2.1.14.1.10
1.5.9123.20.2.1.4.2
1.5.9143.7.2.1.13
1.5.9376.8.2.1.3.2
1.5.9437.7.2.1
1.5.9564.24.2.1.5
1.5.9570.12.2.1.3.2.28
1.5.9616.9.2.1
1.5.9665.7.2.1.13.1.4.2.8
1.5.9688.12.2.1.18.6.11
1.5.9765.10.2.1
1.5.9896.14.2.1.11.7.49
1.5.9915.12.2.1.11.8.24.2
1.5.9915.12.2.1.12.1.1.1
1.5.9925.14.2.1
1.5.9977.9.2.1.7.4
1.5.10001.10.2.1.1.1.10
1.5.10037.9.2.1.4
1.5.10129.8.2.1.9.1.2.6.8
1.5.10332.7.2.1.8
1.5.10346.8.2.1.30.2
1.5.10392.7.2.1
1.5.10449.21.2.1.3.1
1.5.10516.6.2.1
1.5.10544.13.2.1.13
1.5.10590.7.2.1.12.3.5.1.10
1.5.10732.6.2.1
1.5.10737.24.2.1.1.3.11.5.8
1.5.10792.6.2.1
1.5.10801.7.2.1.14.6.44.2
1.5.10846.6.2.1.5.1.14.5
1.5.11225.10.2.1.9.1.25.6.46
1.5.11230.6.2.1.29.3.29.9.59.4
1.5.11345.15.2.1.20.3.10.1
1.5.11422.18.2.1
1.5.11555.8.2.1.1.1.1.2
1.5.11659.7.2.1.7.3
1.5.11663.8.2.1
1.5.11712.10.2.1.13.4.6.4.6
1.5.11925.10.2.1.4.1.2.2.24
1.5.11947.9.2.1.6.1
1.5.12253.8.2.1.1.1.5.2
1.5.12330.7.2.1.2.2.17.1.2
1.5.12369.11.2.1
1.5.12391.8.2.1.3
1.5.12396.10.2.1.3
1.5.12590.12.2.1.7.1.15
1.5.12670.9.2.1.4.3.4.4.17
1.5.12694.16.2.1.8.3
1.5.12852.6.2.1.10.1
1.5.12888.9.2.1.15.3
1.5.12924.6.2.1.1.1
1.5.13027.21.2.1.9.10.26.1.1
1.5.13217.6.2.1.9.2.13.8
1.5.13233.11.2.1
1.5.13352.9.2.1
1.5.13616.14.2.1.3.2.2.1.19
1.5.13627.8.2.1.13
1.5.13640.9.2.1.12.2
1.5.13642.9.2.1.14.2.8
1.5.13653.9.2.1
1.5.13694.26.2.1.3.1.1.1.2.30
1.5.13863.15.2.1.1.1.1.1
1.5.13965.7.2.1.6.2
1.5.14124.6.2.1.6.2
1.5.14211.11.2.1.2.1.8.1.25
1.5.14261.7.2.1
1.5.14303.12.2.1.8.1.1
1.5.14676.7.2.1.4
1.5.14697.7.2.1.7.4
1.5.14851.16.2.1.28.2
1.5.14935.13.2.1.44.5.10
1.5.14978.15.2.1
1.5.15006.6.2.1.7.1
1.5.15034.10.2.1.1.2.1.2.18
1.5.15184.6.2.1
1.5.15215.6.2.1.13
1.5.15248.11.2.1.6
1.5.15364.6.2.1.10
1.5.15436.15.2.1.1
1.5.15570.10.2.1.31.10
1.5.15582.9.2.1
1.5.15592.10.2.1
1.5.15762.10.2.1
1.5.15864.13.2.1.11.5.17
1.5.16016.13.2.1.2.1
1.5.16139.14.2.1.18.4.7.2
1.5.16162.20.2.1.14.1.10
1.5.16190.20.2.1.4.2
1.5.16210.7.2.1.13
1.5.16300.10.2.1.3.1.7
1.5.16495.14.2.1.5.2.25
1.5.16497.13.2.1.7.2
1.5.16520.7.2.1
1.5.16662.12.2.1.3.2.8
1.5.16705.25.2.1.8.6
1.5.16708.6.2.1.1.1.1
1.5.16750.7.2.1.13.1.4.2.8
1.5.16773.12.2.1.18.6.11
1.5.16814.14.2.1.1.4
1.5.16861.10.2.1
1.5.16996.10.2.1.5.3.10
1.5.17019.12.2.1.11.8.23.2
1.5.17019.12.2.1.12.1.1.1
1.5.17029.14.2.1
1.5.17081.9.2.1.7.4
1.5.17107.10.2.1.1.1.10
1.5.17143.9.2.1.4
1.5.17235.8.2.1.9.1.2.6.8
1.5.17320.19.2.1.4.1
1.5.17436.7.2.1.22
1.5.17512.9.2.1.16.7.11.3
1.5.17537.13.2.1.1.1
1.5.17565.19.2.1.26.1
1.5.17581.5.2.1.6.4.15.4
1.5.17604.11.2.1.2.5
1.5.17653.6.2.1
1.5.17681.13.2.1.13
1.5.17924.8.2.1
1.5.17936.7.2.1.12.5.9.2
1.5.17974.15.2.1
1.5.18245.9.2.1.30.8.16.3
1.5.18256.10.2.1.12.3.12.4.7
1.5.18386.10.2.1.9.1.25.6.7
1.5.18391.6.2.1.29.3.29.9.20.10
1.5.18605.18.2.1
1.5.18755.8.2.1.1.1.1.2
1.5.18860.7.2.1.7.3
1.5.18903.9.2.1.3.1.48
1.5.19257.14.2.1.12
1.5.19502.12.2.1.6.4.8.1.3
1.5.19540.11.2.1
1.5.19562.8.2.1.3
1.5.19567.10.2.1.3
1.5.19755.12.2.1.7.1.15
1.5.19835.9.2.1.4.3.4.4.17
1.5.19859.16.2.1.8.3
1.5.20022.10.2.1.11.4.8
1.5.20055.17.2.1.11.10
1.5.20090.6.2.1.1.1
1.5.20193.21.2.1.9.10.26.1.1
1.5.20320.9.2.1.1.1.2.2
1.5.20376.6.2.1.9.2.13.8
1.5.20408.7.2.1.1.17.64.4
1.5.20501.10.2.1
1.5.20665.18.2.1.8.2
1.5.20766.14.2.1.3.2.2.1.19
1.5.20777.8.2.1.13
1.5.20787.8.2.1.2
1.5.20798.9.2.1
1.5.21048.9.2.1.2.2.31
1.5.21106.7.2.1.6.2
1.5.21138.6.2.1.6.5
1.5.21140.10.2.1.6.1.21
1.5.21249.10.2.1.1
1.5.21278.6.2.1.6.2
1.5.21377.8.2.1.11
1.5.21585.15.2.1
1.5.21702.8.2.1.1.1
1.5.21843.9.2.1.5.1.12.2.2
1.5.22010.16.2.1.28.2
1.5.22087.7.2.1.2.2.4.2.5
1.5.22155.6.2.1.7.1
1.5.22183.10.2.1.1.2.1.2.24
1.5.22378.5.2.1.2.1.3.3.6.10
1.5.22455.13.2.1
1.5.22513.6.2.1.10
1.5.22585.15.2.1.1
1.5.22711.19.2.1.7.1
1.5.22715.7.2.1
1.5.22728.19.2.1
1.5.22806.12.2.1.1
1.5.22897.10.2.1
1.5.23064.11.2.1.1.1.13.1
1.5.23131.12.2.1
1.5.23265.12.2.1.2.2.3.4.44.3
1.5.23287.20.2.1.14.1.10
1.5.23315.20.2.1.4.2
1.5.23322.8.2.1.10.3
1.5.23417.10.2.1.3.1.7
1.5.23612.24.2.1.18.1.13
1.5.23754.12.2.1.3.2.8
1.5.23797.25.2.1.8.6
1.5.23800.6.2.1.1.1.1
1.5.23842.7.2.1.13.1.4.2.8
1.5.23865.12.2.1.18.6.11
1.5.23908.9.2.1.7.6.16.3
1.5.23946.10.2.1
1.5.24077.10.2.1.5.3.10
1.5.24098.8.2.1.1
1.5.24109.14.2.1
1.5.24161.9.2.1.7.4
1.5.24187.10.2.1.1.1.10
1.5.24227.9.2.1.4
1.5.24319.8.2.1.9.1.2.6.8
1.5.24363.10.2.1.1.1.1
1.5.24371.8.2.1
1.5.24469.7.2.1.3.1
1.5.24513.7.2.1.22
1.5.24589.9.2.1.16.7.11.3
1.5.24614.13.2.1.1.1
1.5.24642.19.2.1.26.1
1.5.24740.11.2.1.28.2.3.1.2
1.5.24781.18.2.1.6
1.5.24862.7.2.1.11.8.16.5.16
1.5.24987.8.2.1
1.5.24999.7.2.1.12.5.9.2
1.5.25044.6.2.1.5.1.6.4
1.5.25443.10.2.1.2.2.3.4.18.2
1.5.25447.8.2.1.5.1
1.5.25457.24.2.1
1.5.25563.15.2.1.20.3.10.1
1.5.25639.18.2.1
1.5.25670.14.2.1.2.1
1.5.25798.8.2.1.1.1.1.2
1.5.25963.10.2.1.13.4.6.4.6
1.5.26172.11.2.1.13
1.5.26198.9.2.1.6.1
1.5.26324.18.2.1.2.1.7.4.20
1.5.26331.11.2.1
1.5.26557.12.2.1.6.4.8.1.3
1.5.26602.11.2.1
1.5.26622.7.2.1.1
1.5.26628.7.2.1.2
1.5.26882.9.2.1.4.3.4.4.17
1.5.26897.13.2.1.12.1.11
1.5.27087.17.2.1.11.9
1.5.27105.7.2.1.1.1.4.1
1.5.27118.6.2.1.1.1
1.5.27221.21.2.1.9.10.26.1.1
1.5.27420.6.2.1.9.2.13.8
1.5.27436.11.2.1
1.5.27555.9.2.1
1.5.27718.12.2.1.33.2.5.1.14
1.5.27718.12.2.1.34.1
1.5.27719.9.2.1.2.2.2.1
1.5.27814.14.2.1.3.2.2.1.19
1.5.27899.26.2.1.3.1.1.1.2.33
1.5.28110.9.2.1.2.2.31
1.5.28217.8.2.1.51.9.6
1.5.28322.11.2.1.40.1
1.5.28421.8.2.1.11
1.5.28559.9.2.1.3.1
1.5.28742.8.2.1.1.1
1.5.29041.16.2.1.28.2
1.5.29125.13.2.1.44.5.10
1.5.29194.6.2.1.7.1
1.5.29222.10.2.1.1.2.1.2.24
1.5.29416.11.2.1.3.1
1.5.29445.8.2.1.33.2
1.5.29482.7.2.1.1
1.5.29544.16.2.1.6.5.11.3.12
1.5.29618.15.2.1.1
1.5.29668.10.2.1
1.5.29749.10.2.1.3.1
1.5.29815.26.2.1
1.5.29940.10.2.1
1.5.30207.13.2.1.2.1
1.5.30330.14.2.1.18.4.7.2
1.5.30353.20.2.1.14.1.10
1.5.30381.20.2.1.4.2
1.5.30487.10.2.1.3.1.7
1.5.30706.14.2.1.5.2.25
1.5.30706.14.2.1.6.3.28.8.21.1
1.5.30726.10.2.1
1.5.30851.24.2.1.5
1.5.30857.12.2.1.3.2.28
1.5.30903.9.2.1
1.5.30957.7.2.1.13.1.4.2.8
1.5.30987.17.2.1.5
1.5.30999.7.2.1.1.1
1.5.31031.14.2.1.1.4
1.5.31197.13.2.1.12.1.3.6.4
1.5.31215.12.2.1.11.8.24.2
1.5.31215.12.2.1.12.1.1.1
1.5.31225.14.2.1
1.5.31277.9.2.1.7.4
1.5.31335.9.2.1.4
1.5.31427.8.2.1.9.1.2.6.8
1.5.31489.8.2.1
1.5.31587.7.2.1.3.1
1.5.31714.7.2.1
1.5.31728.13.2.1.1.1
1.5.31756.19.2.1.26.1
1.5.31772.5.2.1.6.4.15.4
1.5.31971.7.2.1.1.1.35
1.5.32061.6.2.1
1.5.32066.24.2.1.1.3.11.5.8
1.5.32121.6.2.1
1.5.32130.7.2.1.14.6.44.2
1.5.32175.6.2.1.5.1.14.5
1.5.32579.10.2.1.2.2.3.4.18.2
1.5.32583.8.2.1.5.1
1.5.32593.24.2.1
1.5.32778.10.2.1.3.1
1.5.32927.8.2.1.1.1.1.2
1.5.33037.6.2.1
1.5.33084.10.2.1.13.4.6.4.6
1.5.33301.8.2.1.14
1.5.33464.18.2.1.2.1.7.5.25
1.5.33471.11.2.1
1.5.33694.7.2.1.2.2.17.1.2
1.5.33740.11.2.1
1.5.33762.8.2.1.3
1.5.33767.10.2.1.3
1.5.34002.6.2.1.3.6
1.5.34032.9.2.1.4.3.4.4.17
1.5.34209.6.2.1.12.4
1.5.34248.9.2.1.15.3
1.5.34393.21.2.1.9.10.26.1.1
1.5.34553.7.2.1.10.7
1.5.34581.11.2.1
1.5.34605.12.2.1.1
1.5.34700.9.2.1
1.5.34891.13.2.1.10.5.14.1
1.5.35007.14.2.1.3.2.2.1.19
1.5.35096.8.2.1.6.3
1.5.35320.9.2.1.24.1.2.1.1
1.5.35375.7.2.1.6.2
1.5.35505.10.2.1.1
1.5.35534.6.2.1.6.2
1.5.35623.11.2.1.2.1.8.1.25
1.5.35673.7.2.1
1.5.35715.12.2.1.8.1.1
1.5.35964.8.2.1.1.1
1.5.36247.16.2.1.28.2
1.5.36324.7.2.1.2.2.4.2.5
1.5.36419.10.2.1.1.2.1.2.3
1.5.36612.13.2.1.1.1.2.2.57.36
1.5.36647.8.2.1.27.2
1.5.36734.6.2.1.10
1.5.36806.15.2.1.1
1.5.36936.10.2.1.31.10
1.5.36948.9.2.1
1.5.36958.10.2.1
1.5.37130.10.2.1
1.5.37220.10.2.1.4.4.8
1.5.37354.12.2.1
1.5.37482.12.2.1.2.2.3.4.44.3
1.5.37504.20.2.1.14.1.10
1.5.37532.20.2.1.4.2
1.5.37639.10.2.1.3.1.7
1.5.37804.9.2.1.2.3
1.5.37829.11.2.1
1.5.37843.14.2.1.5.1.23
1.5.37843.14.2.1.6.2.26.9.32.8
1.5.37863.10.2.1
1.5.37992.24.2.1.5
1.5.37998.12.2.1.3.2.28
1.5.38041.25.2.1.8.6
1.5.38044.6.2.1.1.1.1
1.5.38086.7.2.1.13.1.4.2.8
1.5.38116.17.2.1.5
1.5.38128.7.2.1.1.1
1.5.38193.10.2.1
1.5.38332.14.2.1.12.8.51
1.5.38349.12.2.1.11.8.24.2
1.5.38349.12.2.1.12.1.1.1
1.5.38359.14.2.1
1.5.38421.10.2.1.1.1.8
1.5.38457.9.2.1.4
1.5.38549.8.2.1.9.1.2.6.8
1.5.38704.7.2.1.3.1
1.5.38818.9.2.1.16.7.11.3
1.5.38843.13.2.1.1.1
1.5.38871.19.2.1.26.1
1.5.38887.5.2.1.6.4.15.4
1.5.38910.11.2.1.2.5
1.5.39010.8.2.1.27.7.11
1.5.39159.6.2.1
1.5.39164.24.2.1.1.3.11.5.8
1.5.39200.12.2.1.4.4
1.5.39217.6.2.1
1.5.39226.7.2.1.14.6.17.2
1.5.39271.6.2.1.5.1.6.4
1.5.39551.18.2.1.1.1.4
1.5.39606.10.2.1.9.2
1.5.39664.10.2.1.9.1.25.6.17
1.5.39669.6.2.1.29.3.29.9.30.6
1.5.39994.25.2.1.5.4
1.5.40099.7.2.1.7.3
1.5.40142.9.2.1.3.1.48
1.5.40344.5.2.1.3.1.6
1.5.40350.8.2.1.10.4.13.3
1.5.40503.14.2.1.12
1.5.40739.7.2.1.2.2.17.1.2
1.5.40785.11.2.1
1.5.40807.8.2.1.3
1.5.40812.10.2.1.3
1.5.41001.12.2.1.7.1.15
1.5.41051.6.2.1.3.6
1.5.41081.9.2.1.4.3.4.4.17
1.5.41106.16.2.1.16.5
1.5.41292.17.2.1.11.9
1.5.41327.6.2.1.1.1
1.5.41430.21.2.1.9.10.26.1.1
1.5.41490.7.2.1.4.3
1.5.41608.6.2.1.9.2.13.8
1.5.41624.11.2.1
1.5.41743.9.2.1
1.5.41934.13.2.1.10.5.14.1
1.5.42058.10.2.1
1.5.42072.11.2.1.2.6.8.2.8
1.5.42289.15.2.1.1.1.1.1
1.5.42389.7.2.1.6.2
1.5.42431.10.2.1.3.2
1.5.42433.10.2.1.6.1.18
1.5.42555.11.2.1.19.1
1.5.42661.11.2.1.2.1.8.1.25
1.5.42711.7.2.1
1.5.43149.7.2.1.4
1.5.43170.7.2.1.7.4
1.5.43323.16.2.1.28.2
1.5.43407.13.2.1.44.5.10
1.5.43502.10.2.1.1.2.1.2.3
1.5.43696.5.2.1.2.1.3.3.6.11
1.5.43773.13.2.1
1.5.43830.16.2.1.6.5.8.5.43
1.5.43904.15.2.1.1
1.5.43957.10.2.1
1.5.44031.23.2.1.3.2.8.3
1.5.44046.9.2.1
1.5.44056.10.2.1
1.5.44129.8.2.1.3.11
1.5.44475.12.2.1
1.5.44610.12.2.1.2.2.3.4.44.16
1.5.44632.20.2.1.14.1.10
1.5.44660.20.2.1.4.2
1.5.44680.7.2.1.13
1.5.44953.10.2.1.4.1.2
1.5.45092.24.2.1.5
1.5.45098.12.2.1.3.2.28
1.5.45144.9.2.1
1.5.45193.7.2.1.13.1.4.2.8
1.5.45216.12.2.1.18.6.11
1.5.45293.10.2.1
1.5.45422.10.2.1.5.3.10
1.5.45445.12.2.1.11.8.23.2
1.5.45445.12.2.1.12.1.1.1
1.5.45455.14.2.1
1.5.45507.9.2.1.7.4
1.5.45533.10.2.1.1.1.10
1.5.45579.9.2.1.4
1.5.45674.11.2.1.2
1.5.45823.7.2.1.3.1
1.5.45947.7.2.1
1.5.45961.13.2.1.1.1
1.5.45989.19.2.1.26.1
1.5.46128.8.2.1.27.7.11
1.5.46197.7.2.1.1.1.35
1.5.46221.7.2.1.11.8.15.5.13
1.5.46346.8.2.1
1.5.46358.7.2.1.12.5.9.2
1.5.46403.6.2.1.5.1.6.4
1.5.46469.6.2.1.6.1.2.2
1.5.46840.9.2.1.12.1
1.5.47045.11.2.1
1.5.47178.8.2.1.1.1.1.2
1.5.47340.10.2.1.13.4.6.4.6
1.5.47375.9.2.1.4.3.7.5
1.5.47538.12.2.1.2.1.1
1.5.47564.9.2.1.6.1
1.5.47692.14.2.1.18
1.5.47939.7.2.1.2.2.17.1.2
1.5.47985.11.2.1
1.5.48007.8.2.1.3
1.5.48012.10.2.1.3
1.5.48201.12.2.1.7.1.15
1.5.48281.9.2.1.4.3.4.4.17
1.5.48296.13.2.1.12.1.11
1.5.48422.14.2.1
1.5.48448.6.2.1.10.1
1.5.48480.9.2.1.15.3
1.5.48516.6.2.1.1.1
1.5.48838.7.2.1.1.17.54.4
1.5.48937.9.2.1
1.5.49073.17.2.1.1.1.1.5
1.5.49121.18.2.1.8.2
1.5.49215.14.2.1.3.2.2.1.19
1.5.49252.10.2.1.1.1.14.1
1.5.49283.10.2.1.9.3.8.5.15.57
1.5.49502.21.2.1.3
1.5.49562.7.2.1.6.2
1.5.49594.6.2.1.6.5
1.5.49596.10.2.1.6.1.21
1.5.49731.6.2.1.6.2
1.5.49830.8.2.1.11
1.5.50041.15.2.1
1.5.50158.8.2.1.1.1
1.5.50483.16.2.1.28.2
1.5.50567.13.2.1.44.5.10
1.5.50663.10.2.1.1.2.1.2.3
1.5.50851.13.2.1.1.1.2.2.57.69
1.5.50886.8.2.1.27.2
1.5.50973.6.2.1.10
1.5.51045.15.2.1.1
1.5.51095.10.2.1
1.5.51176.6.2.1.46.9
1.5.51189.19.2.1
1.5.51267.12.2.1.1
1.5.51544.9.2.1.19.4.13
1.5.51610.13.2.1.2.1
1.5.51664.9.2.1.6.2
1.5.51745.14.2.1.18.4.7.2
1.5.51768.20.2.1.14.1.10
1.5.51796.20.2.1.4.2
1.5.51816.7.2.1.13
1.5.51906.10.2.1.3.1.7
1.5.52089.9.2.1
1.5.52103.14.2.1.5.1.48
1.5.52103.14.2.1.6.2.51.8.15.4
1.5.52123.10.2.1
1.5.52251.24.2.1.1
1.5.52257.12.2.1.3.2.17
1.5.52303.9.2.1
1.5.52352.7.2.1.13.1.4.2.8
1.5.52382.17.2.1.5
1.5.52394.7.2.1.1.1
1.5.52464.10.2.1
1.5.52599.14.2.1.11.7.49
1.5.52623.12.2.1.11.8.23.2
1.5.52623.12.2.1.12.1.1.1
1.5.52633.14.2.1
1.5.52685.9.2.1.7.4
1.5.52711.10.2.1.1.1.10
1.5.52747.9.2.1.4
1.5.52839.8.2.1.9.1.2.6.8
1.5.52931.19.2.1.4.1
1.5.53049.7.2.1.22
1.5.53063.8.2.1.30.2
1.5.53102.9.2.1.10.4.4.3
1.5.53127.13.2.1.1.1
1.5.53155.19.2.1.26.1
1.5.53229.6.2.1
1.5.53257.13.2.1.13
1.5.53445.6.2.1
1.5.53450.24.2.1.1.3.11.5.8
1.5.53486.12.2.1.4.4
1.5.53503.6.2.1
1.5.53512.7.2.1.14.6.17.2
1.5.53557.6.2.1.5.1.6.4
1.5.53823.9.2.1.30.8.16.3
1.5.53992.9.2.1.12.1
1.5.54172.11.2.1
1.5.54317.25.2.1.5.4
1.5.54436.10.2.1
1.5.54480.9.2.1.3.1.48
1.5.54515.9.2.1.4.3.7.5
1.5.54695.24.2.1.21.2.9.2
1.5.54849.18.2.1.2.1.7.5.25
1.5.54856.11.2.1
1.5.55091.7.2.1.2.2.17.1.2
1.5.55130.11.2.1
1.5.55153.8.2.1.3
1.5.55158.10.2.1.3
1.5.55416.9.2.1.4.3.4.4.17
1.5.55437.16.2.1.16.5
1.5.55626.17.2.1.11.10
1.5.55644.7.2.1.1.1.4.1
1.5.55657.6.2.1.1.1
1.5.55760.21.2.1.9.10.26.1.1
1.5.55952.6.2.1.9.2.13.8
1.5.56083.9.2.1
1.5.56245.18.2.1.8.2
1.5.56338.10.2.1
1.5.56352.11.2.1.2.6.8.2.8
1.5.56418.26.2.1.3.1.1.1.2.34
1.5.56687.7.2.1.6.2
1.5.56732.8.2.1.51.9.6
1.5.56849.11.2.1.19.1
1.5.56957.8.2.1.11
1.5.57296.8.2.1.1.1
1.5.57415.7.2.1.4
1.5.57436.7.2.1.7.4
1.5.57588.16.2.1.28.2
1.5.57666.5.2.1.6
1.5.57729.6.2.1.7.1
1.5.57757.10.2.1.1.2.1.2.5
1.5.57905.6.2.1
1.5.57936.6.2.1.13
1.5.57953.11.2.1.7.7.45.1.14.77
1.5.57967.6.2.1.7.1.18.1.10
1.5.57989.8.2.1.27.2
1.5.58080.6.2.1.10
1.5.58152.15.2.1.1
1.5.58205.10.2.1
1.5.58286.6.2.1.46.9
1.5.58299.19.2.1
1.5.58739.13.2.1.2.1
1.5.58870.12.2.1.2.2.3.4.44.15
1.5.58892.20.2.1.14.1.10
1.5.58920.20.2.1.4.2
1.5.59027.10.2.1.3.1.7
1.5.59215.6.2.1.19.6.35.1.2
1.5.59380.24.2.1.5
1.5.59386.12.2.1.3.2.28
1.5.59429.25.2.1.8.6
1.5.59432.6.2.1.1.1.1
1.5.59474.7.2.1.13.1.4.2.8
1.5.59504.17.2.1.5
1.5.59516.7.2.1.1.1
1.5.59548.14.2.1.1.4
1.5.59598.10.2.1
1.5.59707.9.2.1.10.5.54.11
1.5.59728.10.2.1.5.3.10
1.5.59751.12.2.1.11.8.23.2
1.5.59751.12.2.1.12.1.1.1
1.5.59761.14.2.1
1.5.59813.9.2.1.7.4
1.5.59839.10.2.1.1.1.10
1.5.59875.9.2.1.4
1.5.59967.8.2.1.9.1.2.6.8
1.5.60119.7.2.1.3.1
1.5.60163.7.2.1.22
1.5.60237.7.2.1
1.5.60251.13.2.1.1.1
1.5.60279.19.2.1.26.1
1.5.60418.10.2.1.6
1.5.60421.7.2.1.1.1.12
1.5.60648.8.2.1
1.5.60660.7.2.1.12.5.9.2
1.5.60698.15.2.1
1.5.61105.10.2.1.2.2.3.4.18.2
1.5.61109.8.2.1.5.1
1.5.61119.24.2.1
1.5.61426.25.2.1.5.4
1.5.61538.10.2.1
1.5.61582.9.2.1.3.1.48
1.5.61955.18.2.1.2.1.8.4.7
1.5.61962.11.2.1
1.5.62206.7.2.1.2.2.17.1.2
1.5.62252.11.2.1
1.5.62275.8.2.1.3
1.5.62280.10.2.1.3
1.5.62466.12.2.1.7.1.22
1.5.62518.8.2.1
1.5.62547.9.2.1.4.3.4.4.17
1.5.62572.16.2.1.16.5
1.5.62739.6.2.1.12.4
1.5.62771.9.2.1.15.3
1.5.63096.7.2.1.10.7
1.5.63235.9.2.1
1.5.63426.13.2.1.10.5.14.1
1.5.63540.14.2.1.3.2.2.1.19
1.5.63841.21.2.1.3
1.5.63899.7.2.1.6.2
1.5.63931.6.2.1.6.5
1.5.63933.10.2.1.6.1.21
1.5.64053.11.2.1.16.1
1.5.64150.11.2.1.2.1.8.1.25
1.5.64200.7.2.1
1.5.64643.7.2.1.4
1.5.64664.7.2.1.7.4
1.5.64811.16.2.1.28.2
1.5.64895.13.2.1.44.5.10
1.5.64984.10.2.1.1.2.1.2.3
1.5.65181.13.2.1.1.1.2.2.57.80
1.5.65196.8.2.1.13
1.5.65257.7.2.1.1
1.5.65319.16.2.1.6.5.11.3.12
1.5.65393.15.2.1.1
1.5.65443.10.2.1
1.5.65531.10.2.1.31.10
1.5.65543.9.2.1
1.5.65553.10.2.1
1.5.65670.23.2.1
1.5.65983.12.2.1
1.5.66116.14.2.1.18.4.7.2
1.5.66139.20.2.1.14.1.10
1.5.66167.20.2.1.4.2
1.5.66273.10.2.1.3.1.7
1.5.66455.14.2.1.5.1.25
1.5.66455.14.2.1.6.2.28.8.31.23
1.5.66601.12.2.1.3.2.8
1.5.66647.9.2.1
1.5.66696.7.2.1.13.1.4.2.8
1.5.66719.12.2.1.18.6.11
1.5.66761.11.2.1.5.1.1.1.38.5
1.5.66803.10.2.1
1.5.66914.9.2.1.10.5.54.11
1.5.66935.10.2.1.5.3.10
1.5.66958.12.2.1.11.8.23.2
1.5.66958.12.2.1.12.1.1.1
1.5.66968.14.2.1
1.5.67020.9.2.1.7.4
1.5.67046.10.2.1.1.1.10
1.5.67086.9.2.1.4
1.5.67180.11.2.1.2
1.5.67340.7.2.1.3.1
1.5.67467.7.2.1
1.5.67481.13.2.1.1.1
1.5.67509.19.2.1.26.1
1.5.67649.8.2.1.27.7.11
1.5.67718.7.2.1.1.1.35
1.5.67805.6.2.1
1.5.67810.24.2.1.1.3.11.5.8
1.5.67846.12.2.1.4.4
1.5.67863.6.2.1
1.5.67872.7.2.1.14.6.17.2
1.5.67910.15.2.1
1.5.67980.6.2.1.6.1.2.2
1.5.68056.12.2.1.11
1.5.68213.18.2.1.1.1.4
1.5.68357.9.2.1.12.1
1.5.68472.15.2.1.20.3.10.1
1.5.68673.25.2.1.5.4
1.5.68705.8.2.1.3.1.3.1.20
1.5.68767.7.2.1.7.3
1.5.68810.9.2.1.3.1.48
1.5.69016.12.2.1.2.1.1
1.5.69042.9.2.1.6.1
1.5.69174.18.2.1.2.1.7.5.25
1.5.69181.11.2.1
1.5.69413.7.2.1.2.2.17.1.2
1.5.69459.11.2.1
1.5.69481.7.2.1.1
1.5.69487.7.2.1.2
1.5.69739.9.2.1.4.3.4.4.17
1.5.69764.16.2.1.16.5
1.5.69898.14.2.1
1.5.69928.14.2.1.10.4
1.5.69932.6.2.1.12
1.5.69967.9.2.1.4.2
1.5.70112.21.2.1.9.10.26.1.1
1.5.70171.7.2.1
1.5.70285.6.2.1.9.2.13.8
1.5.70300.11.2.1
1.5.70419.9.2.1
1.5.70610.13.2.1.10.5.14.1
1.5.70717.14.2.1.3.2.2.1.19
1.5.70754.10.2.1.1.1.14.1
1.5.70792.26.2.1.3.1.1.1.2.38
1.5.71017.9.2.1.20.1.2.1.1
1.5.71071.7.2.1.6.2
1.5.71103.6.2.1.6.5
1.5.71105.10.2.1.6.1.21
1.5.71323.8.2.1.11
1.5.71975.16.2.1.28.2
1.6.66.8.2.1.1
1.6.181.8.2.1.10.5.14.1.1
1.6.200.8.2.1
1.6.264.8.2.1.38.5.9.1.2
1.6.416.8.2.1.2.1.1.4
1.6.434.8.2.1.1.1.2.3.9
1.6.549.8.2.1.11.5.17
1.6.601.8.2.1.39
1.6.698.8.2.1.6.3.31.1
1.6.806.8.2.1
1.6.845.8.2.1
1.6.1112.8.2.1.5.5.15
1.6.1407.8.2.1.1.1
1.6.1429.8.2.1.27
1.6.1462.8.2.1.2.1.1
1.6.1518.8.2.1
1.6.1691.8.2.1.1.2.24.1
1.6.1765.8.2.1.12.7.18
1.6.1979.8.2.1.3
1.6.2033.8.2.1.4
1.6.2138.8.2.1.11
1.6.2300.8.2.1
1.6.2318.8.2.1.32.1.1.1.12
1.6.2326.8.2.1.47.2.5.1.5.5
1.6.2353.8.2.1.5.2.4.7.11
1.6.2385.8.2.1.2.1.2.1.7
1.6.2647.8.2.1.14.9.18.4.19
1.6.2649.8.2.1.3.1
1.6.2700.8.2.1.7.4.3.7.40
1.6.2755.8.2.1
1.6.2788.8.2.1.4.7.30.5
1.6.2904.8.2.1.3.3.5.1
1.6.2951.8.2.1.3.3
1.6.2993.8.2.1.18.8.20.2
1.6.3074.8.2.1
1.6.3159.8.2.1.12.1.1
1.6.3195.8.2.1.9.6.10.2.2
1.6.3197.8.2.1.14
1.6.3249.8.2.1.2.2.9
1.6.3353.8.2.1.9.1.9
1.6.3404.8.2.1.7.1.2
1.6.3422.8.2.1
1.6.3626.8.2.1.12.4.4.2
1.6.3675.8.2.1.8
1.6.3766.8.2.1
1.6.3999.8.2.1.1.1.1.1.10.20
1.6.4039.8.2.1
1.6.4132.8.2.1.32
1.6.4440.8.2.1.2.1
1.6.4497.8.2.1.3.1.1.1
1.6.4498.8.2.1.6.3
1.6.4536.8.2.1.19.10.15
1.6.4759.8.2.1.7
1.6.4762.8.2.1.12.5
1.6.4882.8.2.1.8.2
1.6.4941.8.2.1.9.4.27.5.7
1.6.5056.8.2.1.2.1
1.6.5229.8.2.1.16.3.25
1.6.5322.8.2.1.9
1.6.5464.8.2.1.64
1.6.5613.8.2.1.16
1.6.5638.8.2.1
1.6.5797.8.2.1
1.6.5824.8.2.1.5.2.15.6.30.9
1.6.5867.8.2.1.11.5.18
1.6.5879.8.2.1
1.6.5934.8.2.1.8.2.4.1
1.6.5939.8.2.1.6.1.2
1.6.6191.8.2.1
1.6.6203.8.2.1.20.3.23.5
1.6.6298.8.2.1.16.2.4
1.6.6516.8.2.1.4.7
1.6.6577.8.2.1.1
1.6.6681.8.2.1.5.1.3.10
1.6.6700.8.2.1.19.8.12
1.6.6714.8.2.1.6.1.2
1.6.6722.8.2.1.7.3.8.5
1.6.6750.8.2.1.15.4
1.6.6766.8.2.1.3.3.8.5.6
1.6.6964.8.2.1.2.2.31.4
1.6.7002.8.2.1.22
1.6.7078.8.2.1.7.2
1.6.7166.8.2.1.13.3.15.1.3
1.6.7266.8.2.1.18.6
1.6.7383.8.2.1
1.6.7399.8.2.1
1.6.7508.8.2.1.8
1.6.7725.8.2.1.1.3.4.8
1.6.7775.8.2.1.2.2.3.2
1.6.7827.8.2.1.9
1.6.7870.8.2.1.1.2.12.2.4.5
1.6.7928.8.2.1.21.1.1
1.6.8030.8.2.1
1.6.8216.8.2.1.11
1.6.8326.8.2.1.10.5.14.1.1
1.6.8345.8.2.1
1.6.8409.8.2.1.38.5.9.1.2
1.6.8571.8.2.1.16.3.16.5.16.28
1.6.8600.8.2.1
1.6.8723.8.2.1.23
1.6.8764.8.2.1.8
1.6.8866.8.2.1.6.3.31.1
1.6.8958.8.2.1.6.2
1.6.8978.8.2.1.4.2.8.1
1.6.9304.8.2.1.4.2.25.1.11
1.6.9615.8.2.1.1.1
1.6.9637.8.2.1.27
1.6.9671.8.2.1.2.1.1
1.6.9727.8.2.1
1.6.9985.8.2.1
1.6.10212.8.2.1.3
1.6.10266.8.2.1.4
1.6.10371.8.2.1.11
1.6.10403.8.2.1.4.1
1.6.10529.8.2.1
1.6.10547.8.2.1.32.1.1.1.12
1.6.10555.8.2.1.47.2.5.1.5.5
1.6.10582.8.2.1.5.2.4.7.11
1.6.10614.8.2.1.2.1.2.1.7
1.6.10878.8.2.1.8.1.1
1.6.10939.8.2.1.7.4.3.7.59
1.6.10955.8.2.1.2.4.17.8
1.6.10962.8.2.1
1.6.10995.8.2.1
1.6.11105.8.2.1
1.6.11136.8.2.1.3.3.5.1
1.6.11225.8.2.1.18.8.20.2
1.6.11306.8.2.1
1.6.11388.8.2.1.7.1.1
1.6.11424.8.2.1.9.6.10.2.2
1.6.11426.8.2.1.14
1.6.11519.8.2.1.33.1.28.2.7
1.6.11587.8.2.1.2
1.6.11643.8.2.1.7.1.2
1.6.11661.8.2.1
1.6.11891.8.2.1.8
1.6.11982.8.2.1
1.6.12083.8.2.1.52
1.6.12222.8.2.1.1.1.1.1.10.22
1.6.12348.8.2.1
1.6.12388.8.2.1.8.1
1.6.12643.8.2.1.12
1.6.12656.8.2.1.37.1
1.6.12723.8.2.1.16.2
1.6.12771.8.2.1.19.10.15
1.6.12995.8.2.1.6.1.5
1.6.13001.8.2.1.6.3.7.5.11.65
1.6.13123.8.2.1.8.2
1.6.13185.8.2.1.7
1.6.13199.8.2.1.12.1.2.4
1.6.13299.8.2.1.2.1
1.6.13454.8.2.1.16.3.25
1.6.13546.8.2.1.9
1.6.13627.8.2.1
1.6.13684.8.2.1.64
1.6.13750.8.2.1.5.3.2.3
1.6.13821.8.2.1.16
1.6.13835.8.2.1
1.6.13845.8.2.1.2.1.9
1.6.14022.8.2.1.5.5.18.3.39.10
1.6.14069.8.2.1.3.1.7
1.6.14079.8.2.1
1.6.14134.8.2.1.8.2.4.1
1.6.14139.8.2.1.6.1.2
1.6.14339.8.2.1.5.4
1.6.14356.8.2.1.14.6
1.6.14414.8.2.1
1.6.14504.8.2.1.16.2.4
1.6.14925.8.2.1.5.1.3.10
1.6.14944.8.2.1.19.8.12
1.6.14958.8.2.1.6.1.2
1.6.15233.8.2.1
1.6.15251.8.2.1.14.1.1
1.6.15397.8.2.1.13.3.15.1.3
1.6.15497.8.2.1.18.6
1.6.15630.8.2.1.20.2
1.6.15743.8.2.1.8
1.6.15994.8.2.1
1.6.16103.8.2.1.1.2.12.2.4.12
1.6.16158.8.2.1.16.3.8.4.32
1.6.16443.8.2.1.7.2.6.4.12
1.6.16555.8.2.1.10.5.14.1.1
1.6.16574.8.2.1
1.6.16637.8.2.1.38.5.9.1.2
1.6.16829.8.2.1.8
1.6.16838.8.2.1
1.6.16960.8.2.1.2.1.3
1.6.17002.8.2.1.10.2.55
1.6.17063.8.2.1.30.1
1.6.17081.8.2.1.6.3.31.1
1.6.17171.8.2.1.12.2
1.6.17191.8.2.1.4.2.8.1
1.6.17357.8.2.1.1.1
1.6.17509.8.2.1.4.2.25.1.11
1.6.17858.8.2.1.27
1.6.17894.8.2.1.2.1.1
1.6.17950.8.2.1
1.6.18128.8.2.1.1.2.24.1
1.6.18145.8.2.1.34.12
1.6.18207.8.2.1.1.7.8.1.2
1.6.18207.8.2.1.3.1.11.3
1.6.18463.8.2.1.4
1.6.18568.8.2.1.11
1.6.18599.8.2.1.2.2.7.4
1.6.18745.8.2.1
1.6.18763.8.2.1.32.1.1.1.12
1.6.18771.8.2.1.47.2.5.1.39.5
1.6.18795.8.2.1.8.1.2.1.2
1.6.18831.8.2.1.13
1.6.19103.8.2.1.5.2.8
1.6.19167.8.2.1.7.4.3.7.44
1.6.19183.8.2.1.2.4.17.8
1.6.19190.8.2.1
1.6.19223.8.2.1
1.6.19256.8.2.1.4.7.30.5
1.6.19339.8.2.1
1.6.19350.8.2.1.2.2.20.4
1.6.19408.8.2.1.3.3
1.6.19450.8.2.1.18.8.20.2
1.6.19531.8.2.1
1.6.19644.8.2.1.9.6.10.2.2
1.6.19646.8.2.1.14
1.6.19813.8.2.1.5
1.6.19863.8.2.1.7.1.2
1.6.19872.8.2.1.4.1
1.6.19919.8.2.1.2.2
1.6.19967.8.2.1.4.1
1.6.19969.8.2.1.1.1
1.6.20028.8.2.1.12.4.4.2
1.6.20077.8.2.1.8
1.6.20168.8.2.1
1.6.20266.8.2.1.52
1.6.20399.8.2.1.1.1.1.1.10.21
1.6.20525.8.2.1
1.6.20865.8.2.1.2.1
1.6.20924.8.2.1.3.1.1.1
1.6.20925.8.2.1.6.3
1.6.20963.8.2.1.19.10.15
1.6.21192.8.2.1.7
1.6.21195.8.2.1.12.5
1.6.21299.8.2.1.8.2
1.6.21486.8.2.1.2.1
1.6.21639.8.2.1.16.3.25
1.6.21730.8.2.1.9
1.6.22003.8.2.1.7.2.33
1.6.22009.8.2.1
1.6.22023.8.2.1
1.6.22214.8.2.1.10
1.6.22251.8.2.1.8.4.13
1.6.22263.8.2.1
1.6.22318.8.2.1.8.2.4.1
1.6.22323.8.2.1.6.1.2
1.6.22614.8.2.1.30.3
1.6.22700.8.2.1.16.2.4
1.6.22982.8.2.1.1
1.6.23104.8.2.1.5.1.3.10
1.6.23123.8.2.1.19.8.12
1.6.23137.8.2.1.6.1.2
1.6.23182.8.2.1.6.1.8.3
1.6.23308.8.2.1.4.2.3.1
1.6.23404.8.2.1.14.1.1
1.6.23470.8.2.1.7.2
1.6.23555.8.2.1.13.3.15.1.3
1.6.23661.8.2.1.10.4
1.6.23793.8.2.1
1.6.23913.8.2.1.8
1.6.24197.8.2.1
1.6.24283.8.2.1.1.2.12.2.4.5
1.6.24336.8.2.1.21.1.1
1.6.24653.8.2.1.1
1.6.24766.8.2.1.10.5.14.1.1
1.6.24785.8.2.1
1.6.24848.8.2.1.38.5.9.1.2
1.6.24988.8.2.1.2.1.1.4
1.6.25006.8.2.1.1.1.2.3.9
1.6.25133.8.2.1.23
1.6.25174.8.2.1.8
1.6.25251.8.2.1.29.1
1.6.25269.8.2.1.6.3.31.1
1.6.25329.8.2.1
1.6.25377.8.2.1
1.6.25416.8.2.1
1.6.25543.8.2.1.1.1
1.6.25685.8.2.1.4.2.25.1.11
1.6.25773.8.2.1.1.2
1.6.26023.8.2.1.41.8.22.2.18
1.6.26063.8.2.1.2.1.1
1.6.26119.8.2.1
1.6.26304.8.2.1.1.2.24.1
1.6.26321.8.2.1.34.12
1.6.26365.8.2.1
1.6.26380.8.2.1.4
1.6.26583.8.2.1.3
1.6.26637.8.2.1.4
1.6.26756.8.2.1.11
1.6.26929.8.2.1.3.1.7
1.6.26941.8.2.1.9.1.1.4.5.14
1.6.26971.8.2.1.5.2.5.1.2
1.6.27010.8.2.1.13
1.6.27103.8.2.1.9
1.6.27281.8.2.1.5.2.8
1.6.27344.8.2.1.7.4.3.7.36
1.6.27360.8.2.1.2.4.17.8
1.6.27367.8.2.1
1.6.27400.8.2.1
1.6.27433.8.2.1.4.7.30.5
1.6.27516.8.2.1
1.6.27527.8.2.1.1.1.17.5.22.53
1.6.27594.8.2.1.3.3
1.6.27636.8.2.1.18.8.20.2
1.6.27792.8.2.1.18.2.25
1.6.27836.8.2.1.6
1.6.27938.8.2.1.9
1.6.28014.8.2.1.5
1.6.28064.8.2.1.7.1.2
1.6.28082.8.2.1
1.6.28339.8.2.1.8
1.6.28430.8.2.1
1.6.28519.8.2.1.5.3
1.6.28529.8.2.1.9.3.7.6.44
1.6.28662.8.2.1.1.1.1.1.10.20
1.6.28808.8.2.1
1.6.29106.8.2.1.11
1.6.29123.8.2.1.2.1
1.6.29497.8.2.1.6.1.5
1.6.29504.8.2.1.18.2.5.2
1.6.29611.8.2.1.8.2
1.6.29673.8.2.1.7
1.6.29687.8.2.1.12.1.2.4
1.6.29947.8.2.1.16.3.25
1.6.30039.8.2.1.9
1.6.30120.8.2.1
1.6.30307.8.2.1.16
1.6.30332.8.2.1
1.6.30404.8.2.1.3.3.7.4
1.6.30488.8.2.1
1.6.30545.8.2.1.3.1.7
1.6.30555.8.2.1
1.6.30610.8.2.1.8.2.4.1
1.6.30615.8.2.1.6.1.2
1.6.30860.8.2.1
1.6.30976.8.2.1.16.2.4
1.6.31268.8.2.1.1
1.6.31355.8.2.1.5.3.15.4
1.6.31373.8.2.1.9.1.3.3
1.6.31443.8.2.1.15.1.1
1.6.31599.8.2.1.4.2.3.1
1.6.31687.8.2.1
1.6.31705.8.2.1.14.1.1
1.6.31834.8.2.1.13.3.15.1.3
1.6.31931.8.2.1.10.4
1.6.32057.8.2.1
1.6.32073.8.2.1
1.6.32182.8.2.1.8
1.6.32452.8.2.1
1.6.32610.8.2.1.16.3.8.4.27
1.6.32886.8.2.1.1
1.6.32992.8.2.1.10.5.14.1.1
1.6.33011.8.2.1
1.6.33075.8.2.1.38.5.9.1.2
1.6.33232.8.2.1.2.1.1.4
1.6.33264.8.2.1
1.6.33387.8.2.1.23
1.6.33512.8.2.1.57.1
1.6.33530.8.2.1.6.3.31.1
1.6.33590.8.2.1
1.6.33638.8.2.1
1.6.33677.8.2.1
1.6.33801.8.2.1.2.2
1.6.33933.8.2.1.14.5.17
1.6.34241.8.2.1.1.1
1.6.34263.8.2.1.27
1.6.34299.8.2.1.2.1.1
1.6.34355.8.2.1
1.6.34537.8.2.1.1.2.24.1
1.6.34554.8.2.1.34.12
1.6.34608.8.2.1.13
1.6.34609.8.2.1.15.12
1.6.34856.8.2.1.2.2.6
1.6.34954.8.2.1.11
1.6.35118.8.2.1
1.6.35136.8.2.1.32.1.1.1.12
1.6.35144.8.2.1.47.2.5.1.5.5
1.6.35172.8.2.1.7
1.6.35206.8.2.1.2.1.11.4.38
1.6.35474.8.2.1.5.2.8
1.6.35541.8.2.1.17
1.6.35546.8.2.1.31
1.6.35594.8.2.1
1.6.35667.8.2.1.4.4
1.6.35674.8.2.1
1.6.35717.8.2.1
1.6.35837.8.2.1.2.4
1.6.35923.8.2.1
1.6.36027.8.2.1.19
1.6.36190.8.2.1.9.1.9
1.6.36241.8.2.1.7.1.2
1.6.36250.8.2.1.4.1
1.6.36438.8.2.1.12.4.4.2
1.6.36487.8.2.1.8
1.6.36578.8.2.1
1.6.36731.8.2.1.14.10
1.6.36823.8.2.1.1.1.1.1.10.20
1.6.36960.8.2.1
1.6.37637.8.2.1.6.1.5
1.6.37644.8.2.1.18.2.5.2
1.6.37767.8.2.1.8.2
1.6.37956.8.2.1.2.1
1.6.38114.8.2.1.16.3.25
1.6.38203.8.2.1.9
1.6.38340.8.2.1.64
1.6.38483.8.2.1.16
1.6.38512.8.2.1.3
1.6.38513.8.2.1.7.1.15.3
1.6.38667.8.2.1
1.6.38724.8.2.1.5.2.8
1.6.38734.8.2.1
1.6.38822.8.2.1.2
1.6.38899.8.2.1.21.2
1.6.39165.8.2.1.16.2.4
1.6.39428.8.2.1.3.1.2.1
1.6.39435.8.2.1.2.1
1.6.39446.8.2.1.9.5
1.6.39590.8.2.1.5.1.3.6
1.6.39615.8.2.1.23.6.10
1.6.39629.8.2.1.6.1.2
1.6.39679.8.2.1.24.3.9.1.1
1.6.39821.8.2.1.4.2.3.1
1.6.39908.8.2.1
1.6.39926.8.2.1.14.1.1
1.6.39990.8.2.1.7.2
1.6.40075.8.2.1.13.3.15.1.3
1.6.40172.8.2.1.10.4
1.6.40309.8.2.1.20.2
1.6.40420.8.2.1.8
1.6.40687.8.2.1
1.6.40736.8.2.1.9
1.6.40779.8.2.1.1.2.12.2.4.5
1.6.40837.8.2.1.21.1.1
1.6.41153.8.2.1.7.2.6.4.12
1.6.41277.8.2.1.10.5.14.1.1
1.6.41296.8.2.1
1.6.41360.8.2.1.38.5.9.1.2
1.6.41526.8.2.1.16.3.16.5.16.39
1.6.41555.8.2.1
1.6.41658.8.2.1.11.5.17
1.6.41699.8.2.1.10.2.67
1.6.41797.8.2.1.6.3.31.1
1.6.41885.8.2.1.6.2
1.6.41905.8.2.1.4.2.8.1
1.6.42225.8.2.1.7
1.6.42297.8.2.1.6.2.5.5
1.6.42574.8.2.1.27
1.6.42621.8.2.1.1.1.3
1.6.42678.8.2.1
1.6.42870.8.2.1.6.4
1.6.42953.8.2.1.1.6.15.1.2
1.6.42953.8.2.1.2.7.17
1.6.42984.8.2.1.16.4.13.7
1.6.43206.8.2.1.4
1.6.43325.8.2.1.11
1.6.43357.8.2.1.4.1
1.6.43496.8.2.1.3.1.7
1.6.43504.8.2.1.7.1.3.3.37
1.6.43505.8.2.1.1.1.4.2
1.6.43542.8.2.1.4.2.13
1.6.43575.8.2.1.2.1.11.4.36
1.6.43665.8.2.1.9
1.6.43845.8.2.1.5.2.8
1.6.43911.8.2.1.17
1.6.43916.8.2.1.31
1.6.43966.8.2.1
1.6.44076.8.2.1
1.6.44087.8.2.1.2.2.20.4
1.6.44181.8.2.1.2.4
1.6.44267.8.2.1
1.6.44382.8.2.1.9.6.10.2.2
1.6.44384.8.2.1.14
1.6.44540.8.2.1.2
1.6.44596.8.2.1.7.1.2
1.6.44614.8.2.1
1.6.44859.8.2.1.8
1.6.44950.8.2.1
1.6.45036.8.2.1.51
1.6.45200.8.2.1.1.1.1.1.10.30
1.6.45333.8.2.1
1.6.45467.8.2.1
1.6.45623.8.2.1.2.1
1.6.45679.8.2.1.3.1.1.1
1.6.45680.8.2.1.6.3
1.6.45718.8.2.1.19.10.15
1.6.45966.8.2.1.6.1.5
1.6.45973.8.2.1.18.2.5.2
1.6.46080.8.2.1.8.2
1.6.46147.8.2.1.1.1.4.1.10
1.6.46156.8.2.1.12.1.2.4
1.6.46256.8.2.1.2.1
1.6.46487.8.2.1.20
1.6.46491.8.2.1.1.1.17.5.6
1.6.46571.8.2.1
1.6.46628.8.2.1.64
1.6.46737.8.2.1
1.6.46771.8.2.1.16
1.6.46785.8.2.1
1.6.46801.8.2.1.5.1.13.3
1.6.46862.8.2.1.3.1
1.6.46939.8.2.1
1.6.46966.8.2.1.5.2.15.6.35.11
1.6.47005.8.2.1.8.4.13
1.6.47017.8.2.1
1.6.47072.8.2.1.8.2.4.1
1.6.47077.8.2.1.6.1.2
1.6.47184.8.2.1.19.13
1.6.47447.8.2.1.16.2.4
1.6.47702.8.2.1.3.1.2.1
1.6.47709.8.2.1.2.1
1.6.47720.8.2.1.9.5
1.6.47825.8.2.1.9.1.3.3
1.6.47859.8.2.1.8.2
1.6.47905.8.2.1.6.1.8.3
1.6.48048.8.2.1.4.2.3.1
1.6.48133.8.2.1
1.6.48154.8.2.1.14.3.6.3.4
1.6.48234.8.2.1.5.7
1.6.48306.8.2.1.13.3.15.1.3
1.6.48403.8.2.1.10.4
1.6.48518.8.2.1
1.6.48534.8.2.1
1.6.48645.8.2.1.8
1.6.48944.8.2.1.9
1.6.48987.8.2.1.1.2.12.2.4.5
1.6.49042.8.2.1.16.3.8.4.32
1.6.49107.8.2.1.8.3.8.2
1.6.49325.8.2.1.7.2.6.4.12
1.6.49446.8.2.1.10.5.14.1.1
1.6.49465.8.2.1
1.6.49528.8.2.1.38.5.9.1.2
1.6.49695.8.2.1.2.1.1.4
1.6.49713.8.2.1.1.1.2.3.9
1.6.49850.8.2.1.23
1.6.49891.8.2.1.8
1.6.49958.8.2.1.57.1
1.6.49976.8.2.1.6.3.31.1
1.6.50084.8.2.1
1.6.50123.8.2.1
1.6.50244.8.2.1.1.1
1.6.50396.8.2.1.4.2.25.1.11
1.6.50478.8.2.1.1.2
1.6.50705.8.2.1.1.1
1.6.50727.8.2.1.27
1.6.50767.8.2.1.17
1.6.50989.8.2.1.1.2.24.1
1.6.51069.8.2.1
1.6.51266.8.2.1.3
1.6.51320.8.2.1.4
1.6.51425.8.2.1.11
1.6.51591.8.2.1
1.6.51609.8.2.1.32.1.1.1.12
1.6.51617.8.2.1.47.2.5.1.5.5
1.6.51644.8.2.1.5.1.2.1.2
1.6.51680.8.2.1.7.3.10
1.6.51690.8.2.1.5.4
1.6.51728.8.2.1.5.3.7
1.6.51772.8.2.1.9
1.6.51946.8.2.1.14.9.18.4.19
1.6.51948.8.2.1.3.1
1.6.51999.8.2.1.7.4.3.7.40
1.6.52054.8.2.1
1.6.52087.8.2.1.4.7.30.5
1.6.52170.8.2.1
1.6.52181.8.2.1.2.2.20.4
1.6.52273.8.2.1.2.4
1.6.52359.8.2.1
1.6.52441.8.2.1.7.1.1
1.6.52484.8.2.1.6
1.6.52644.8.2.1.2
1.6.52700.8.2.1.7.1.2
1.6.52709.8.2.1.4.1
1.6.52895.8.2.1.12.4.4.2
1.6.52944.8.2.1.8
1.6.53035.8.2.1
1.6.53116.8.2.1.47.3.40.1.51
1.6.53140.8.2.1.2.1.2.2.4
1.6.53263.8.2.1.1.1.1.1.10.17
1.6.53307.8.2.1.5.3
1.6.53395.8.2.1
1.6.53435.8.2.1.8.1
1.6.53717.8.2.1.7.3.2.1.2
1.6.54068.8.2.1.2.2.4
1.6.54103.8.2.1.6.1.5
1.6.54110.8.2.1.18.2.5.2
1.6.54408.8.2.1.2.1
1.6.54591.8.2.1.8.1.41.6
1.6.54622.8.2.1.22
1.6.54626.8.2.1.1.1.17.5.6
1.6.54900.8.2.1.16
1.6.54926.8.2.1
1.6.55082.8.2.1
1.6.55109.8.2.1.5.2.15.6.35.11
1.6.55149.8.2.1
1.6.55168.8.2.1.36.6.2.1.3
1.6.55218.8.2.1.8.2.4.1
1.6.55223.8.2.1.6.1.2
1.6.55330.8.2.1.19.13
1.6.55590.8.2.1.16.2.4
1.6.55809.8.2.1.4.7
1.6.55844.8.2.1.3.1.2.1
1.6.55851.8.2.1.2.1
1.6.55992.8.2.1.9.1.3.3
1.6.56011.8.2.1.19.8.12
1.6.56025.8.2.1.6.1.2
1.6.56071.8.2.1.10.1.1
1.6.56265.8.2.1.2.2.31.4
1.6.56282.8.2.1.2.2
1.6.56309.8.2.1.7.7.11
1.6.56464.8.2.1.13.3.15.1.3
1.6.56556.8.2.1.10.4
1.6.56695.8.2.1.20.2
1.6.56808.8.2.1.8
1.6.57092.8.2.1
1.6.57154.8.2.1.9
1.6.57197.8.2.1.1.2.12.2.4.5
1.6.57249.8.2.1.16.3.8.4.14
1.6.57349.8.2.1
1.6.57543.8.2.1.7.2.6.4.12
1.6.57653.8.2.1.10.5.14.1.1
1.6.57672.8.2.1
1.6.57738.8.2.1.38.5.9.1.2
1.6.57901.8.2.1.2.1.1.4
1.6.57933.8.2.1
1.6.58056.8.2.1.23
1.6.58097.8.2.1.8
1.6.58187.8.2.1
1.6.58297.8.2.1
1.6.58336.8.2.1
1.6.58449.8.2.1.1.1
