1.1.1.73.8.1.3
1.1.1.250.5.1.1.1
1.1.1.298.10.1.12
1.1.1.341.45.5.2
1.1.1.368.53.2.5
1.1.1.439.10.1.20
1.1.1.494.25.2.4.16
1.1.1.659.5.1
1.1.1.695.18.1.9
1.1.1.696.33.1.21
1.1.1.706.28.1.6
1.1.1.724.3
1.1.1.747.12.1.1
1.1.1.881.13.1.4
1.1.1.1105.17.1.7.9
1.1.1.1213.21.1.16
1.1.1.1250.8.1.14
1.1.1.1444.8.2.1
1.1.1.1474.28.1.15
1.1.1.1500.9.1.2
1.1.1.1588.29.1.6
1.1.1.1640.10.1.4
1.1.1.1650.10.2.16
1.1.1.1722.17.1.3
1.1.1.1890.21.1.11
1.1.1.1909.28.3.24
1.1.1.1924.12.1.22
1.1.1.1976.8.1.29
1.1.1.2024.9.1.3
1.1.1.2048.20.4.6
1.1.1.2073.22.1.9
1.1.1.2088.12.1.2
1.1.1.2164.9.3.2
1.1.1.2376.10.2.2
1.1.1.2487.9.1.1
1.1.1.2514.9.2.28
1.1.1.2628.8.1.2
1.1.1.2646.11.3.10
1.1.1.2680.8.2.17
1.1.1.2706.10.1.5.4
1.1.1.2836.5.1.9.10
1.1.1.2879.9.2.2
1.1.1.2924.18.1.16
1.1.1.3012.9.1.4
1.1.1.3111.14.2
1.1.1.3285.18.1.1
1.1.1.3299.9.1.1
1.1.2.3363.5.1.13
1.1.2.3400.20
1.1.2.3445.26.1.1
1.1.2.3460.12.1.1
1.1.2.3620.5.1.24.2.16.1
1.1.2.3690.9.4.1
1.1.2.3785.9.1.2
1.1.2.3863.14.2.7
1.1.2.3969.8.1.3
1.1.2.3976.10.1.39
1.1.2.3976.10.2.42
1.1.2.3997.5.1.2.3.4.2
1.1.2.4048.8.1.2
1.1.2.4087.31.2.16.1.1.2.12
1.1.2.4138.23.2.1
1.1.2.4273.9.1.2
1.1.2.4315.9.1.3
1.1.2.4322.5.1
1.1.2.4335.18.1.1
1.1.2.4450.14.2.10.6
1.1.2.4474.11.3.8
1.1.2.4531.12.1.2
1.1.2.4568.17.2.15
1.1.2.4682.5.1.3.1.19.4.16
1.1.2.4849.14.3.4.5.2
1.1.2.4875.46.2.1
1.1.2.4968.12.1.3
1.1.2.4971.9.1.4
1.1.2.5005.14.2
1.1.2.5047.9.1.12
1.1.2.5086.10.1.14
1.1.2.5095.19.1.12
1.1.2.5145.12.1.25.20
1.1.2.5156.11.1.2
1.1.2.5164.16.2.9.3.2
1.1.2.5193.8.3.2
1.1.2.5206.5.1.3.1
1.1.2.5292.5.1.16.12.17
1.1.2.5395.5.1.1.1
1.1.2.5447.8.1.3
1.1.2.5471.3
1.1.2.5477.10.3.5
1.1.2.5495.9.3.16
1.1.2.5496.19.2.25
1.1.2.5568.16.4.2
1.1.2.5578.19.4.21
1.1.2.5614.5.1.1.1
1.1.2.5655.17.2.2
1.1.2.5743.9.1.3
1.1.2.5764.43.1.2
1.1.2.5766.63.1.4
1.1.2.5889.17.2.23.9.5.3.5
1.1.2.6049.5.1
1.1.2.6085.18.1.9
1.1.2.6086.33.1.21
1.1.2.6096.28.1.6
1.1.2.6114.3
1.1.2.6186.27.1.2
1.1.2.6209.18.2.1
1.1.2.6434.9.1.2
1.1.2.6504.14.3.5
1.1.2.6574.8.1.5
1.1.2.6605.21.1.16
1.1.2.6628.13.3.1
1.1.2.6636.5.1.1.1.2.4
1.1.2.6728.9.1.3
1.1.2.6783.24.1.21
1.1.2.6856.18.1.25
1.1.2.6957.29.1.6
1.1.2.7009.10.1.4
1.1.2.7072.12.1.2
1.1.2.7113.21.1.28.6
1.1.2.7281.44.2.16.1
1.1.2.7363.8.1.29
1.1.2.7411.9.1.3
1.1.2.7435.20.4.6
1.1.2.7475.12.1.2
1.1.2.7552.9.3.2
1.1.2.7645.28.1.4
1.1.2.7647.30.1.9
1.1.2.7681.5.1.1
1.1.2.7775.10.2.2
1.1.2.7874.12.2.8
1.1.2.7884.9.1.1
1.1.2.7911.9.2.28
1.1.2.8049.11.3.10
1.1.2.8083.8.2.17
1.1.2.8109.10.1.5.4
1.1.2.8228.5.1.9.10
1.1.2.8271.9.2.2
1.1.2.8320.14.1.12
1.1.2.8406.9.1.4
1.1.2.8505.14.2
1.1.2.8669.45.1.21.11
1.1.2.8754.9.1.4
1.1.2.8774.5.1.6.3.4
1.1.2.8806.20
1.1.2.8844.26.1.1
1.1.2.8863.12.1.1
1.1.2.9026.5.1.24.2.16.1
1.1.2.9107.19.1.2
1.1.2.9154.5.1.3.2.6
1.1.2.9162.13.2.20.1.2.2
1.1.2.9208.9.1.2
1.1.2.9295.14.2.7
1.1.2.9369.8.2.2
1.1.2.9393.8.1.3
1.1.2.9400.10.1.39
1.1.2.9400.10.2.42
1.1.2.9421.5.1.2.3.4.2
1.1.2.9489.8.1.2
1.1.2.9522.31.2.16.1.1.5.2
1.1.2.9573.23.2.1
1.1.2.9626.10.3.5
1.1.2.9924.9.1.4
1.1.2.9980.12.1.2
1.1.2.10015.17.2.15
1.1.2.10119.32.4.10
1.1.2.10132.5.1.3.1.19.4.16
1.1.2.10181.9.2.9.10
1.1.2.10323.14.3.4.5.2
1.1.2.10341.19.2.1
1.1.2.10354.46.2.1
1.1.2.10439.12.1.3
1.1.2.10516.12.1.2
1.1.2.10532.9.1.12
1.1.2.10630.5.1.2.1.15
1.1.2.10636.11.1.2
1.1.2.10644.16.2.9.3.2
1.1.2.10677.10.1.2
1.1.2.10704.10.2.2
1.1.2.10768.8.2.4.1
1.1.2.10779.5.1
1.1.2.10884.5.1.1.1
1.1.2.10960.3
1.1.2.10966.10.3.5
1.1.2.11185.5.1.3.3
1.1.2.11213.45.5.2
1.1.2.11377.17.2.23.9.5.3.5
1.1.2.11581.18.1.9
1.1.2.11582.33.1.21
1.1.2.11592.28.1.6
1.1.2.11610.3
1.1.2.11633.12.1.1
1.1.2.11651.20.1.18
1.1.2.11656.18.4.5
1.1.2.11708.18.2.1
1.1.2.11889.9.1.2
1.1.2.11952.17.1.7.9
1.1.2.12057.21.1.16
1.1.2.12181.9.1.3
1.1.2.12330.9.1.2
1.1.2.12403.28.3.1
1.1.2.12417.29.1.6
1.1.2.12468.10.1.4
1.1.2.12480.8.3.16
1.1.2.12545.10.4.10
1.1.2.12772.19.1.10
1.1.2.12807.8.1.29
1.1.2.12862.21.1.5
1.1.2.13269.9.1.9
1.1.2.13307.9.1.1
1.1.2.13404.9.3.5
1.1.2.13414.31.2.1
1.1.2.13419.18.2.9.4
1.1.2.13435.11.3.10
1.1.2.13616.5.1.9.10
1.1.2.13659.9.2.2
1.1.2.13777.19.2.5.5
1.1.2.13804.9.1.4
1.1.2.13903.14.2
1.1.2.14136.14.2.1
1.1.2.14156.5.1.8
1.1.2.14248.12.1.1
1.1.2.14514.9.4.1
1.1.2.14682.14.2.7
1.1.2.14762.8.1.3
1.1.2.14769.10.1.39
1.1.2.14769.10.2.42
1.1.2.14790.5.1.2.3.4.2
1.1.2.14859.8.1.2
1.1.2.14948.23.2.1
1.1.2.15007.10.3.5
1.1.2.15081.9.1.2
1.1.3.15308.9.1.4
1.1.3.15356.12.1.2
1.1.3.15391.17.2.15
1.1.3.15511.5.1.3.1.19.4.16
1.1.3.15560.9.2.9.10
1.1.3.15648.9.2.2
1.1.3.15652.5.1.2.3.10.6
1.1.3.15817.44.1.14
1.1.3.15995.20.3.8.5.13
1.1.3.16003.11.1.2
1.1.3.16011.16.2.9.3.2
1.1.3.16044.10.1.2
1.1.3.16066.10.2.2
1.1.3.16081.10.1.22
1.1.3.16082.23.1.34
1.1.3.16091.19.1.5
1.1.3.16122.5.1.16.12.17
1.1.3.16275.8.1.3
1.1.3.16587.24.2.19.5
1.1.3.16709.8.1.4.6
1.1.3.16726.14.3.10.7.8.3.9
1.1.3.16921.11.1.11
1.1.3.16937.3
1.1.3.16960.12.1.1
1.1.3.17005.27.1.2
1.1.3.17028.18.2.1
1.1.3.17085.13.1.4
1.1.3.17363.8.1.5
1.1.3.17631.8.2.1
1.1.3.17664.28.1.15
1.1.3.17690.9.1.2
1.1.3.17769.14.1.15
1.1.3.17777.15.1.4
1.1.3.17825.10.1.5
1.1.3.17864.13.1.8
1.1.3.17904.9.1.2
1.1.3.17914.10.1.4
1.1.3.18183.8.1.29
1.1.3.18250.9.1.1
1.1.3.18372.9.3.2
1.1.3.18592.10.2.2
1.1.3.18822.9.3.5
1.1.3.18832.31.2.1
1.1.3.18837.18.2.9.4
1.1.3.18853.11.3.10
1.1.3.18904.10.1.5.4
1.1.3.19035.5.1.9.10
1.1.3.19078.9.2.2
1.1.3.19124.9.1.2
1.1.3.19209.9.1.4
1.1.3.19556.17.5.2
1.1.3.19577.10.1.2
1.1.3.19583.9.1.4
1.1.3.19600.5.1.6.9.31
1.1.3.19687.12.1.1
1.1.3.19855.5.1.24.2.16.1
1.1.3.19941.9.4.1
1.1.3.20033.9.1.2
1.1.3.20113.14.2.7
1.1.3.20192.8.1.3
1.1.3.20199.10.1.39
1.1.3.20199.10.2.42
1.1.3.20225.15.2.5.11.5.3.8
1.1.3.20290.8.1.2
1.1.3.20546.9.1.2
1.1.3.20601.18.1.1
1.1.3.20668.8.9.17
1.1.3.20713.14.2.10.6
1.1.3.20768.9.1.4
1.1.3.20824.12.1.2
1.1.3.20859.17.2.15
1.1.3.20960.24.1.16.12.20.1
1.1.3.21019.9.2.9.10
1.1.3.21184.19.2.1
1.1.3.21197.46.2.1
1.1.3.21285.44.1.14
1.1.3.21318.13.1.6
1.1.3.21324.5.1.3.1
1.1.3.21359.12.1.2
1.1.3.21373.9.1.12
1.1.3.21462.12.1.18.19
1.1.3.21473.11.1.2
1.1.3.21481.16.2.9.3.2
1.1.3.21514.10.1.2
1.1.3.21591.17.1.6.2
1.1.3.21593.9.1.6
1.1.3.21748.8.1.3
1.1.3.21889.19.4.21
1.1.3.21936.11.1.1
1.1.3.21972.10.1.12
1.1.3.21987.5.1.3.3
1.1.3.22034.9.1.3
1.1.3.22055.43.1.2
1.1.3.22057.63.1.4
1.1.3.22196.25.2.4
1.1.3.22199.5.1.4
1.1.3.22386.10.2.1
1.1.3.22392.11.1.1
1.1.3.22410.3
1.1.3.22433.12.1.1
1.1.3.22478.27.1.2
1.1.3.22502.18.2.1
1.1.3.22555.10.2.8.2.5
1.1.3.22709.9.1.2
1.1.3.22781.9.2.8.3
1.1.3.22878.8.1.5
1.1.3.22909.21.1.16
1.1.3.22949.20.2.4
1.1.3.23109.10.2.5
1.1.3.23111.9.2.2
1.1.3.23145.8.2.1
1.1.3.23177.28.1.15
1.1.3.23203.9.1.2
1.1.3.23282.14.1.15
1.1.3.23290.15.1.4
1.1.3.23339.10.1.5
1.1.3.23350.8.3.16
1.1.3.23413.17.1.3
1.1.3.23427.5.1.8
1.1.3.23503.13.1.6.2
1.1.3.23584.21.1.11
1.1.3.23675.8.1.29
1.1.3.23721.9.1.33
1.1.3.23744.20.4.6
1.1.3.23765.22.1.9
1.1.3.23780.12.1.2
1.1.3.23857.9.3.2
1.1.3.24065.10.2.2
1.1.3.24163.12.2.8
1.1.3.24341.5.1.3.12
1.1.3.24367.11.1.3
1.1.3.24385.10.1.5.4
1.1.3.24513.5.1.9.10
1.1.3.24556.9.2.2
1.1.3.24693.11.1.6
1.1.3.24780.30.2
1.1.3.24790.9.1.2
1.1.3.24856.12.1.3
1.1.3.24912.19.2.5
1.1.3.25020.14.2.1
1.1.3.25046.17.1.4.1
1.1.3.25079.20
1.1.3.25124.26.1.1
1.1.3.25139.12.1.1
1.1.3.25210.38.1.4
1.1.3.25309.5.1.24.2.16.1
1.1.3.25395.9.4.1
1.1.3.25482.9.1.2
1.1.3.25562.14.2.7
1.1.3.25622.15.3.2
1.1.3.25646.8.1.3
1.1.3.25653.10.1.39
1.1.3.25653.10.2.42
1.1.3.25679.15.2.5.11.5.3.8
1.1.3.25744.8.1.2
1.1.3.25777.31.2.16.1.1.5.2
1.1.3.25831.23.2.1
1.1.3.25884.10.3.5
1.1.3.25912.22.3.9.18.5.4
1.1.3.25917.11.1.4
1.1.3.25963.9.1.29
1.1.3.26015.18.1.1
1.1.3.26086.8.9.17
1.1.3.26170.9.1.4
1.1.3.26226.12.1.2
1.1.3.26261.17.2.15
1.1.3.26371.24.3.2
1.1.3.26434.9.2.9.10
1.1.3.26522.9.2.2
1.1.3.26526.5.1.2.3.10.6
1.1.3.26690.22.1.14
1.1.3.26723.13.1.6
1.1.3.26729.5.1.3.1
1.1.3.26771.9.1.12
1.1.3.26810.10.1.14
1.1.3.26819.19.1.12
1.1.3.26867.5.1.2.1.15
1.1.3.26890.27.2.23.5
1.1.3.26968.19.1.5
1.1.3.27002.5.1.1.2.1
1.1.3.27087.18.1.12
1.1.3.27150.8.1.3
1.1.3.27174.3
1.1.3.27180.10.3.5
1.1.3.27289.10.1.11
1.1.3.27348.12.2.10
1.1.3.27389.10.1.12
1.1.3.27459.9.1.3
1.1.3.27480.43.1.2
1.1.3.27482.63.1.4
1.1.3.27627.25.2.4
1.1.3.27630.5.1.4
1.1.3.27782.5.1
1.1.3.27818.18.1.9
1.1.3.27819.33.1.21
1.1.3.27829.28.1.6
1.1.3.27847.3
1.1.3.27938.20.4.4.3
1.1.3.27998.13.1.4
1.1.3.28210.9.2.8.3
1.1.3.28295.8.1.5
1.1.3.28326.21.1.16
1.1.3.28457.9.1.3
1.1.4.56.8.2.1
1.1.4.117.9.1.2
1.1.4.196.14.1.15
1.1.4.204.15.1.4
1.1.4.256.10.1.4
1.1.4.267.8.3.16
1.1.4.320.12.1.2
1.1.4.352.25.1.2
1.1.4.358.5.1.3
1.1.4.514.44.2.16.1
1.1.4.600.8.1.29
1.1.4.662.9.1.1
1.1.4.687.22.1.10
1.1.4.702.12.1.2
1.1.4.771.9.3.2
1.1.4.978.10.2.2
1.1.4.1057.9.1.9
1.1.4.1134.5.1.17.6.6
1.1.4.1313.8.1.2
1.1.4.1493.9.2.2
1.1.4.1606.21.1.8
1.1.4.1634.9.1.4
1.1.4.1895.45.1.21.11
1.1.4.1906.13.2.1
1.1.4.1967.14.2.1
1.1.4.1995.5.1.6.3.4
1.1.4.2027.20
1.1.4.2072.26.1.1
1.1.4.2087.12.1.1
1.1.4.2232.8.1.11
1.1.4.2333.9.4.1
1.1.4.2461.5.1.2.1
1.1.4.2509.14.2.7
1.1.4.2579.8.2.2
1.1.4.2619.11.1.9
1.1.4.2638.5.1.2.3.4.2
1.1.4.2704.8.1.2
1.1.4.3004.18.1.1
1.1.4.3136.16.2
1.1.4.3191.12.1.2
1.1.4.3228.17.2.15
1.1.4.3293.8.1.6
1.1.4.3296.12.1.4
1.1.4.3331.24.1.16.12.21.1
1.1.4.3400.5.1.2.2.11
1.1.4.3851.11.1.2
1.1.4.3859.16.2.9.3.2
1.1.4.3887.8.3.2
1.1.4.3938.30.1.2
1.1.4.3981.5.1.16.12.17
1.1.4.4086.5.1.1.1
1.1.4.4133.8.1.3
1.1.4.4359.10.1.12
1.1.4.4449.53.2.5
1.1.4.4457.12.1.13
1.1.4.4533.10.1.20
1.1.4.4551.15.3.11
1.1.4.4566.18.2.22.17.13.4
1.1.4.4598.17.2.23.9.5.3.5
1.1.4.4717.8.4.16
1.1.4.4736.20.2.6
1.1.4.4751.5.1
1.1.4.4792.10.2.1
1.1.4.4798.11.1.1
1.1.4.4816.3
1.1.4.4839.12.1.1
1.1.4.4897.18.2.1
1.1.4.4923.5.1.5.3
1.1.4.5167.14.3.5
1.1.4.5256.20.1.11
1.1.4.5322.20.2.4
1.1.4.5417.9.1.3
1.1.4.5574.9.1.2
1.1.4.5672.5.1.9.4
1.1.4.5730.9.1.17
1.1.4.5793.12.1.2
1.1.4.5813.10.4.10
1.1.4.5822.26.1.2
1.1.4.5828.5.1.3
1.1.4.5923.16.2.1
1.1.4.5982.21.1.11
1.1.4.6001.28.3.24
1.1.4.6016.12.1.22
1.1.4.6068.8.1.29
1.1.4.6116.9.1.3
1.1.4.6170.12.1.2
1.1.4.6239.9.3.2
1.1.4.6272.37.1.11
1.1.4.6317.9.2.1
1.1.4.6379.18.1.16
1.1.4.6437.23.2.2
1.1.4.6516.9.1.9
1.1.4.6534.21.1.12
1.1.4.6714.11.3.10
1.1.4.6738.8.2.17
1.1.4.6764.10.1.5.4
1.1.4.6801.19.1.10
1.1.4.6863.11.2.2
1.1.4.7055.19.2.5.5
1.1.4.7085.11.1.6
1.1.4.7395.14.2.1
1.1.4.7426.5.1.6.3.4
1.1.4.7456.20
1.1.4.7494.26.1.1
1.1.4.7509.12.1.1
1.1.4.7569.5.1
1.1.4.7690.17.3.2
1.1.4.7742.9.4.1
1.1.4.7777.12.2.4.3
1.1.4.7783.13.2.35.1.2.2
1.1.4.7829.5.1
1.1.4.7903.14.2.7
1.1.4.7924.31.1.13
1.1.4.8004.14.2.9
1.1.4.8052.10.1.4.1
1.1.4.8106.8.1.2
1.1.4.8197.23.2.1
1.1.4.8251.10.3.5
1.1.4.8358.9.1.2
1.1.4.8519.14.2.10.6
1.1.4.8543.11.3.8
1.1.4.8600.12.1.2
1.1.4.8635.17.2.15
1.1.4.8743.24.1.16.12.9.1
1.1.4.8797.49.1.4.2
1.1.4.8937.14.3.4.5.2
1.1.4.8955.19.2.1
1.1.4.9060.12.1.3
1.1.4.9103.14.2
1.1.4.9135.12.1.2
1.1.4.9151.9.1.12
1.1.4.9190.10.1.14
1.1.4.9199.19.1.12
1.1.4.9249.12.1.26.20
1.1.4.9260.11.1.2
1.1.4.9268.16.2.9.3.2
1.1.4.9301.10.1.2
1.1.4.9385.5.1.16.12.17
1.1.4.9393.5.1
1.1.4.9541.8.1.3
1.1.4.9565.3
1.1.4.9571.10.3.5
1.1.4.9589.9.3.16
1.1.4.9590.19.2.25
1.1.4.9663.16.4.2
1.1.4.9709.5.1.1.1
1.1.4.9758.10.1.12
1.1.4.9773.5.1.3.3
1.1.4.9820.9.1.3
1.1.4.9841.43.1.2
1.1.4.9843.63.1.4
1.1.4.9960.10.2.8.7
1.1.4.10167.11.1.11
1.1.4.10183.3
1.1.4.10206.12.1.1
1.1.4.10258.8.1.4
1.1.4.10265.18.2.1
1.1.4.10291.5.1.5.3
1.1.4.10512.9.2.8.3
1.1.4.10607.20.1.11
1.1.4.10635.21.1.16
1.1.4.10671.8.1.14
1.1.4.10890.20.2.1
1.1.4.11013.29.1.6
1.1.4.11065.10.1.4
1.1.4.11104.13.1.8
1.1.4.11145.10.4.10
1.1.4.11154.26.1.2
1.1.4.11160.5.1.3
1.1.4.11269.16.2.1
1.1.4.11335.44.2.16.1
1.1.4.11424.8.1.29
1.1.4.11472.9.1.3
1.1.4.11495.20.4.6
1.1.4.11535.12.1.2
1.1.4.11604.9.3.2
1.1.4.11816.10.2.2
1.1.4.11889.9.1.9
1.1.4.11966.5.1.17.6.6
1.1.4.12055.5.1
1.1.4.12059.8.1.2
1.1.4.12073.18.1.14
1.1.4.12080.11.3.10
1.1.4.12097.5.1.2.1
1.1.4.12121.17.2.12
1.1.4.12122.33.1.19
1.1.4.12297.9.2.2
1.1.4.12410.21.1.8
1.1.4.12438.9.1.4
1.1.4.12535.30.2
1.1.4.12545.9.1.2
1.1.4.12701.45.1.21.11
1.1.4.12712.13.2.1
1.1.4.12773.14.2.1
1.1.4.12801.5.1.6.3.4
1.1.4.12833.20
1.1.4.12871.26.1.1
1.1.4.12886.12.1.1
1.1.4.13048.5.1.24.2.16.1
1.1.4.13111.19.1.2
1.1.4.13158.5.1.3.2.6
1.1.4.13166.13.2.20.1.2.2
1.1.4.13211.9.1.2
1.1.4.13289.14.2.7
1.1.4.13375.8.1.3
1.1.4.13382.10.1.39
1.1.4.13382.10.2.42
1.1.4.13403.5.1.2.3.4.2
1.1.4.13453.8.1.2
1.1.4.13707.9.1.2
1.1.4.13850.9.1.2
1.1.4.13934.9.1.4
1.1.4.13982.12.1.2
1.1.4.14019.17.2.15
1.1.4.14060.16.2.9
1.1.4.14062.12.1.4
1.1.4.14116.32.4.10
1.1.4.14129.5.1.3.1.19.4.16
1.1.4.14175.9.2.9.10
1.1.4.14400.5.1.4.2
1.1.4.14430.22.1.14
1.1.4.14517.9.1.12
1.1.4.14575.8.2.32
1.1.4.14618.5.1.2.1.9
1.1.4.14641.27.2.23.5
1.1.4.14669.8.3.2
1.1.4.14682.5.1.3.1
1.1.4.14720.30.1.2
1.1.4.14727.19.1.5
1.1.4.14758.5.1.16.12.17
1.1.4.14873.5.1.1.1
1.1.4.14924.8.1.3
1.1.4.14948.3
1.1.4.14954.10.3.5
1.1.4.15173.5.1.3.3
1.1.4.15201.45.5.2
1.1.4.15228.53.2.5
1.1.4.15343.25.2.4.16
1.1.4.15543.18.1.9
1.1.4.15544.33.1.21
1.1.4.15554.28.1.6
1.1.4.15572.3
1.1.4.15595.12.1.1
1.1.4.15640.27.1.2
1.1.4.15673.3
1.1.4.15725.10.2.8.2.5
1.1.4.15803.19.1.13
1.1.4.15873.9.1.2
1.1.4.15937.14.3.5
1.1.4.16067.8.1.14
1.1.4.16296.9.1.2
1.1.4.16372.28.3.1
1.1.4.16386.29.1.6
1.1.4.16437.10.1.4
1.1.4.16473.13.1.8
1.1.4.16515.10.4.10
1.1.4.16529.21.1.22.6
1.1.4.16782.8.1.29
1.1.4.16830.9.1.3
1.1.4.16854.20.4.6
1.1.4.16875.22.1.9
1.1.4.16890.12.1.2
1.1.4.16993.38.1.11
1.1.4.17038.9.2.1
1.1.4.17100.18.1.16
1.1.4.17158.23.2.2
1.1.4.17238.9.1.9
1.1.4.17429.11.3.10
1.1.4.17664.9.2.2
1.1.4.17685.9.3.2
1.1.4.17775.19.2.5.5
1.1.4.17798.9.1.4
1.1.4.17897.14.2
1.1.4.18026.19.2.5
1.1.4.18134.14.2.1
1.1.4.18160.17.1.4.1
1.1.4.18250.12.1.1
1.1.4.18414.5.1.24.2.16.1
1.1.4.18489.9.4.1
1.1.4.18523.10.2.8.10
1.1.4.18576.9.1.2
1.1.4.18615.5.1.2.1
1.1.4.18663.14.2.7
1.1.4.18684.31.1.13
1.1.4.18737.8.2.2
1.1.4.18777.11.1.9
1.1.4.18795.5.1.2.3.4.2
1.1.4.18842.8.1.2
1.1.4.18875.31.2.16.1.1.5.2
1.1.4.18901.8.1.6
1.1.4.18927.23.2.1
1.1.4.19020.22.3.9.18.5.4
1.1.4.19025.11.1.4
1.1.4.19286.9.1.4
1.1.4.19334.12.1.2
1.1.4.19369.17.2.15
1.1.4.19472.22.3.1
1.1.4.19493.5.1.5.1.5.3.9
1.1.4.19756.5.1.3.4
1.1.4.19948.9.5.1
1.1.4.19996.11.1.2
1.1.4.20004.16.2.9.3.2
1.1.4.20037.10.1.2
1.1.4.20065.10.2.2
1.1.4.20080.10.1.22
1.1.4.20081.23.1.34
1.1.4.20090.19.1.5
1.1.4.20124.17.1.6.2
1.1.4.20126.9.1.6
1.1.4.20278.8.1.3
1.1.4.20419.19.4.21
1.1.4.20469.11.1.1
1.1.4.20507.10.1.12
1.1.4.20522.5.1.3.3
1.1.4.20527.17.2.29
1.1.4.20572.9.1.3
1.1.4.20723.25.2.4.16
1.1.4.20882.5.1
1.1.4.20934.11.1.11
1.1.4.20950.3
1.1.4.20973.12.1.1
1.1.4.21048.18.2.1
1.1.4.21201.9.2.5
1.1.4.21250.9.1.2
1.1.4.21322.9.2.8.3
1.1.4.21470.8.1.14
1.1.4.21810.5.1.9.4
1.1.4.21868.9.1.17
1.1.4.21932.12.1.2
1.1.4.21952.10.4.10
1.1.4.22062.16.2.1
1.1.4.22134.53.2.33.1
1.1.4.22221.8.1.29
1.1.4.22242.9.2.8
1.1.4.22278.9.1.1
1.1.4.22326.12.1.2
1.1.4.22404.9.3.2
1.1.4.22558.18.1.16
1.1.4.22694.9.1.9
1.1.4.22912.5.1.2.1
1.1.4.22936.17.2.12
1.1.4.22937.33.1.19
1.1.4.23080.5.1.9.10
1.1.4.23123.9.2.2
1.1.4.23176.9.1.3
1.1.4.23244.9.1.1
1.1.4.23245.14.3
1.1.4.23338.14.2
1.1.4.23502.45.1.21.11
1.1.4.23587.9.1.4
1.1.4.23607.5.1.6.3.4
1.1.4.23694.12.1.1
1.1.4.23854.5.1.24.2.16.1
1.1.4.23914.19.1.2
1.1.4.23961.5.1.3.2.6
1.1.4.23969.13.2.20.1.2.2
1.1.4.24015.5.1
1.1.4.24091.14.2.7
1.1.4.24170.8.1.3
1.1.4.24177.10.1.39
1.1.4.24177.10.2.42
1.1.4.24203.15.2.5.11.5.3.8
1.1.4.24268.8.1.2
1.1.4.24452.22.3.9.18.5.4
1.1.4.24457.11.1.4
1.1.4.24526.54.1.1
1.1.4.24740.9.1.4
1.1.4.24796.12.1.2
1.1.4.24831.17.2.15
1.1.4.24903.19.1.34
1.1.4.24906.12.1.4
1.1.4.24941.24.1.16.12.20.1
1.1.4.25008.5.1.2.2.11
1.1.4.25138.14.3.4.5.2
1.1.4.25156.19.2.1
1.1.4.25261.44.1.14
1.1.4.25440.20.3.9.1.1.4.18
1.1.4.25447.11.1.2
1.1.4.25455.16.2.9.3.2
1.1.4.25488.10.1.2
1.1.4.25516.10.2.2
1.1.4.25531.10.1.22
1.1.4.25532.23.1.34
1.1.4.25541.19.1.5
1.1.4.25575.5.1.1.2.1
1.1.4.25750.3
1.1.4.25756.10.3.5
1.1.4.25774.9.3.16
1.1.4.25775.19.2.25
1.1.4.25784.24.2
1.1.4.25873.19.4.21
1.1.4.25987.57.1.29
1.1.4.25993.11.1.43
1.1.4.26036.9.1.3
1.1.4.26057.43.1.2
1.1.4.26059.63.1.4
1.1.4.26186.5.1.4
1.1.4.26404.10.2.1
1.1.4.26410.11.1.1
1.1.4.26428.3
1.1.4.26451.12.1.1
1.1.4.26496.27.1.2
1.1.4.26523.15.1.12.4
1.1.4.26532.10.1.5
1.1.4.26588.13.1.4
1.1.4.26798.17.1.7.9
1.1.4.26884.20.1.11
1.1.4.26950.20.2.4
1.1.4.27041.9.1.3
1.1.4.27179.28.1.15
1.1.4.27205.9.1.2
1.1.4.27305.5.1.9.4
1.1.4.27363.9.1.17
1.1.4.27422.12.1.2
1.1.4.27463.21.1.30.6
1.1.4.27558.16.2.1
1.1.4.27630.53.2.33.1
1.1.4.27719.8.1.29
1.1.4.27767.9.1.3
1.1.4.27791.20.4.6
1.1.4.27831.12.1.2
1.1.4.27941.38.1.11
1.1.4.27986.9.2.1
1.1.4.28104.23.2.2
1.1.4.28184.9.1.9
1.1.4.28360.11.3.10
1.1.4.28394.5.1.9
1.1.4.28418.10.1.5.4
1.1.4.28590.9.2.2
1.1.4.28703.19.2.5.5
1.1.4.28726.9.1.4
1.1.4.28825.14.2
1.1.4.29054.9.1.4
1.1.4.29071.5.1.6.9.31
1.1.4.29100.8.1.1
1.1.4.29106.20
1.1.4.29151.26.1.1
1.1.4.29166.12.1.1
1.1.4.29231.10.1.2
1.1.4.29406.9.4.1
1.1.4.29449.5.1.3.2.6
1.1.4.29457.13.2.20.1.2.2
1.1.4.29503.9.1.2
1.1.4.29583.14.2.7
1.1.4.29648.15.3.2
1.1.4.29688.11.1.9
1.1.4.29706.5.1.2.3.4.2
1.1.4.29755.8.1.2
1.1.4.29794.31.2.16.1.1.2.12
1.1.4.29823.8.1.6
1.1.4.29849.23.2.1
1.1.4.29903.10.3.5
1.1.4.29932.22.3.9.18.5.4
1.1.4.29937.11.1.4
1.1.4.30037.18.1.12
1.1.4.30224.9.1.4
1.1.4.30272.12.1.2
1.1.4.30307.17.2.15
1.1.4.30415.41.3.2
1.1.4.30469.9.2.9.10
1.1.4.30609.14.3.4.5.2
1.1.4.30627.19.2.1
1.1.4.30923.5.1.2.1.15
1.1.4.30946.27.2.23.5
1.1.4.31002.10.2.2
1.1.4.31017.10.1.22
1.1.4.31018.23.1.34
1.1.4.31027.19.1.5
1.1.4.31058.5.1.16.12.17
1.1.4.31224.8.1.3
1.1.4.31464.5.1.3.3
1.1.4.31492.45.5.2
1.1.4.31519.53.2.5
1.1.4.31525.32.1.9
1.1.4.31639.25.2.4.16
1.1.4.31805.5.1
1.1.4.31841.18.1.9
1.1.4.31842.33.1.21
1.1.4.31852.28.1.6
1.1.4.31870.3
1.1.4.31893.12.1.1
1.1.4.31951.18.2.1
1.1.4.32009.11.2.1
1.1.4.32022.13.2.2
1.1.4.32172.9.1.2
1.1.4.32242.14.3.5
1.1.4.32322.20.1.11
1.1.4.32350.21.1.16
1.1.4.32373.13.3.1
1.1.4.32381.5.1.1.1.2.4
1.1.4.32606.18.1.25
1.1.4.32694.14.1.15
1.1.4.32702.15.1.4
1.1.4.32751.10.1.4
1.1.4.32787.13.1.8
1.1.4.32809.12.1.2
1.1.4.32829.10.4.10
1.1.4.32846.5.1.2.2.24.3.6
1.1.4.32850.24.1.13
1.1.4.33104.8.1.29
1.1.4.33152.9.1.3
1.1.4.33210.12.1.2
1.1.4.33373.28.1.4
1.1.4.33501.10.2.2
1.1.4.33573.9.1.9
1.1.4.33628.8.2.8.4
1.1.4.33742.8.1.2
1.1.4.33756.18.1.14
1.1.4.33763.11.3.10
1.1.4.33814.10.1.5.4
1.1.4.33950.5.1.9.10
1.1.4.33993.9.2.2
1.1.4.34042.9.1.2
1.1.4.34103.21.1.8
1.1.4.34131.9.1.4
1.1.4.34228.30.2
1.1.4.34238.9.1.2
1.1.4.34305.12.1.3
1.1.4.34361.19.2.5
1.1.4.34496.5.1.13
1.1.4.34586.12.1.1
1.1.4.34746.5.1.24.2.16.1
1.1.4.34846.9.4.1
1.1.4.34885.40.3.5
1.1.4.34891.16.1.1
1.1.4.34931.9.2.2
1.1.4.35007.14.2.7
1.1.4.35087.8.1.3
1.1.4.35094.10.1.39
1.1.4.35094.10.2.42
1.1.4.35120.15.2.5.11.5.3.8
1.1.4.35186.8.1.2
1.1.4.35436.9.1.2
1.1.4.35577.9.1.2
1.1.4.35628.5.1.4.2.8.3
1.1.4.35651.9.1.4
1.1.4.35707.12.1.2
1.1.4.35742.17.2.15
1.1.4.35788.9.1.3
1.1.4.35850.32.4.10
1.1.4.35855.41.3.2
1.1.4.35918.9.2.9.10
1.1.5.36083.19.2.1
1.1.5.36183.12.1.3
1.1.5.36380.12.1.18.19
1.1.5.36388.11.1.2
1.1.5.36396.16.2.9.3.2
1.1.5.36429.10.1.2
1.1.5.36510.5.1.16.12.17
1.1.5.36518.5.1
1.1.5.36667.8.1.3
1.1.5.36808.19.4.21
1.1.5.36855.11.1.1
1.1.5.36893.10.1.12
1.1.5.36983.53.2.5
1.1.5.36991.12.1.13
1.1.5.37123.25.2.4.16
1.1.5.37295.5.1
1.1.5.37331.18.1.9
1.1.5.37332.33.1.21
1.1.5.37342.28.1.6
1.1.5.37360.3
1.1.5.37710.14.3.5
1.1.5.37780.16
1.1.5.37789.8.1.5
1.1.5.37859.20.2.4
1.1.5.37872.25.3.6
1.1.5.37997.12.2.1
1.1.5.38091.28.1.15
1.1.5.38117.9.1.2
1.1.5.38201.29.1.6
1.1.5.38252.10.1.4
1.1.5.38291.13.1.8
1.1.5.38313.12.1.2
1.1.5.38333.10.4.10
1.1.5.38347.21.1.22.6
1.1.5.38508.21.1.11
1.1.5.38548.19.1.10
1.1.5.38583.8.1.29
1.1.5.38639.9.1.1
1.1.5.38672.22.1.9
1.1.5.38687.12.1.2
1.1.5.38981.10.2.2
1.1.5.39243.11.3.10
1.1.5.39260.5.1.2.1
1.1.5.39284.17.2.12
1.1.5.39285.33.1.19
1.1.5.39427.5.1.9.11
1.1.5.39470.9.2.2
1.1.5.39519.9.1.2
1.1.5.39591.19.2.5.5
1.1.5.39617.11.1.6
1.1.5.39697.14.2
1.1.5.39932.14.2.1
1.1.5.39958.17.1.4.1
1.1.5.39993.20
1.1.5.40055.12.1.1
1.1.5.40219.5.1.24.2.16.1
1.1.5.40244.9.1.5
1.1.5.40284.12
1.1.5.40315.10.2.8.10
1.1.5.40364.9.2.2
1.1.5.40440.14.2.7
1.1.5.40534.8.1.3
1.1.5.40541.10.1.39
1.1.5.40541.10.2.42
1.1.5.40562.5.1.2.3.4.2
1.1.5.40631.8.1.2
1.1.5.40664.31.2.16.1.1.5.2
1.1.5.40715.23.2.1
1.1.5.40768.10.3.5
1.1.5.40842.9.1.2
1.1.5.41019.14.2.10.6
1.1.5.41046.11.3.8
1.1.5.41103.12.1.2
1.1.5.41140.17.2.15
1.1.5.41242.24.1.16.12.23.1
1.1.5.41255.5.1.5.1.35.3.14
1.1.5.41374.9.2.2
1.1.5.41378.5.1.2.3.10.6
1.1.5.41504.5.1.3.4
1.1.5.41743.11.1.2
1.1.5.41751.16.2.9.3.2
1.1.5.41806.10.2.2
1.1.5.41821.10.1.22
1.1.5.41822.23.1.34
1.1.5.41831.19.1.5
1.1.5.41865.5.1.1.2.1
1.1.5.41960.5.1.1.1
1.1.5.42011.8.1.3
1.1.5.42035.3
1.1.5.42041.10.3.5
1.1.5.42059.9.3.16
1.1.5.42060.19.2.25
1.1.5.42132.16.4.2
1.1.5.42219.17.2.2
1.1.5.42252.5.1.3.3
1.1.5.42280.45.5.2
1.1.5.42307.53.2.5
1.1.5.42424.5.1.3
1.1.5.42592.5.1
1.1.5.42628.18.1.9
1.1.5.42629.33.1.21
1.1.5.42639.28.1.6
1.1.5.42657.3
1.1.5.42680.12.1.1
1.1.5.42735.9.1.3
1.1.5.42762.15.1.12.4
1.1.5.42771.10.1.5
1.1.5.42824.13.1.4
1.1.5.43028.9.2.8.3
1.1.5.43422.9.1.2
1.1.5.43497.14.1.15
1.1.5.43505.15.1.4
1.1.5.43554.10.1.4
1.1.5.43593.13.1.8
1.1.5.43615.12.1.2
1.1.5.43650.26.1.2
1.1.5.43656.5.1.3
1.1.5.43739.13.1.6.2
1.1.5.43839.53.2.33.1
1.1.5.43927.8.1.29
1.1.5.43994.9.1.1
1.1.5.44049.12.1.2
1.1.5.44158.38.1.11
1.1.5.44203.9.2.1
1.1.5.44265.18.1.16
1.1.5.44401.9.1.9
1.1.5.44419.21.1.12
1.1.5.44588.5.1.3.12
1.1.5.44633.10.1.5.4
1.1.5.44724.20.1.9
1.1.5.44783.9.2.2
1.1.5.44839.9.1.3
1.1.5.44912.9.1.4
1.1.5.45011.14.2
1.1.5.45253.14.2.1
1.1.5.45281.5.1.6.3.4
1.1.5.45352.26.1.1
1.1.5.45367.12.1.1
1.1.5.45532.5.1.24.2.16.1
1.1.5.45602.9.4.1
1.1.5.45645.5.1.3.2.6
1.1.5.45653.13.2.20.1.2.2
1.1.5.45698.9.1.2
1.1.5.45776.14.2.7
1.1.5.45855.8.1.3
1.1.5.45862.10.1.39
1.1.5.45862.10.2.42
1.1.5.45888.15.2.5.11.5.3.8
1.1.5.45914.5.1.10.2.6.10.33
1.1.5.46035.23.2.1
1.1.5.46089.10.3.5
1.1.5.46164.9.1.29
1.1.5.46219.18.1.1
1.1.5.46382.9.1.4
1.1.5.46438.12.1.2
1.1.5.46475.17.2.15
1.1.5.46588.5.1.5.1.5.3.9
1.1.5.46910.25.1.8
1.1.5.46914.22.2.8.12.17.4
1.1.5.47062.5.1.2.1.17
1.1.5.47085.27.2.23.5
1.1.5.47137.10.2.2
1.1.5.47152.10.1.22
1.1.5.47153.23.1.34
1.1.5.47198.5.1.16.12.17
1.1.5.47206.5.1
1.1.5.47356.8.1.3
1.1.5.47497.19.4.21
1.1.5.47583.10.1.12
1.1.5.47626.45.5.2
1.1.5.47791.8.1.4.6
1.1.5.47808.14.3.10.7.8.3.9
1.1.5.47963.5.1
1.1.5.47999.18.1.9
1.1.5.48000.33.1.21
1.1.5.48010.28.1.6
1.1.5.48028.3
1.1.5.48051.12.1.1
1.1.5.48109.18.2.1
1.1.5.48136.5.1.2.1.2.2
1.1.5.48144.25.3.1
1.1.5.48153.10.2.8.2.8
1.1.5.48291.9.1.2
1.1.5.48363.9.2.8.3
1.1.5.48451.8.1.5
1.1.5.48502.13.3.1
1.1.5.48510.5.1.1.1.2.4
1.1.5.48768.9.1.2
1.1.5.48866.5.1.9.4
1.1.5.48924.9.1.17
1.1.5.48998.10.4.10
1.1.5.49012.21.1.20.6
1.1.5.49195.53.2.33.1
1.1.5.49231.19.1.10
1.1.5.49266.8.1.29
1.1.5.49329.9.1.1
1.1.5.49374.12.1.2
1.1.5.49410.28.1.8
1.1.5.49496.46.1.11
1.1.5.49541.9.2.1
1.1.5.49603.18.1.16
1.1.5.49661.23.2.2
1.1.5.49736.9.1.9
1.1.5.49884.9.4.1
1.1.5.49928.11.3.10
1.1.5.49979.10.1.5.4
1.1.5.50121.5.1.9.10
1.1.5.50164.9.2.2
1.1.5.50213.9.1.2
1.1.5.50274.21.1.8
1.1.5.50302.9.1.4
1.1.5.50401.14.2
1.1.5.50646.17.1.4.1
1.1.5.50679.20
1.1.5.50717.26.1.1
1.1.5.50736.12.1.1
1.1.5.50883.8.1.11
1.1.5.50923.9.1.5
1.1.5.50983.9.4.1
1.1.5.51018.12.2.4.3
1.1.5.51024.13.2.35.1.2.2
1.1.5.51069.9.1.2
1.1.5.51147.14.2.7
1.1.5.51168.31.1.13
1.1.5.51233.8.1.3
1.1.5.51240.10.1.39
1.1.5.51240.10.2.42
1.1.5.51263.16.2.6.7.6.1.8
1.1.5.51311.8.1.2
1.1.5.51406.23.2.1
1.1.5.51604.18.1.1
1.1.5.51733.14.2.10.6
1.1.5.51760.11.3.8
1.1.5.51822.12.1.2
1.1.5.51859.17.2.15
1.1.5.51966.5.1.2.10
1.1.5.51974.5.1.5.1.43.3.12
1.1.5.52159.14.3.4.5.2
1.1.5.52243.5.1.3.4
1.1.5.52275.5.1
1.1.5.52446.9.5.1
1.1.5.52483.5.1.2.1.17
1.1.5.52506.27.2.23.5
1.1.5.52534.8.3.2
1.1.5.52547.5.1.3.1
1.1.5.52585.30.1.2
1.1.5.52628.8.2.4.1
1.1.5.52639.5.1
1.1.5.52794.8.1.3
1.1.5.52818.3
1.1.5.52824.10.3.5
1.1.5.52842.9.3.16
1.1.5.52843.19.2.25
1.1.5.52915.16.4.2
1.1.5.52925.19.4.21
1.1.5.52972.11.1.1
1.1.5.53013.10.1.12
1.1.5.53028.5.1.3.3
1.1.5.53056.45.5.2
1.1.5.53083.53.2.5
1.1.5.53169.15.3.11
1.1.5.53184.18.2.23.19.21.5
1.1.5.53214.25.2.4.16
1.1.5.53383.5.1
1.1.5.53425.10.2.1
1.1.5.53431.11.1.1
1.1.5.53449.3
1.1.5.53472.12.1.1
1.1.5.53517.27.1.2
1.1.5.53542.18.2.1
1.1.5.53568.5.1.5.3
1.1.5.53806.14.3.5
1.1.5.53929.21.1.16
1.1.5.53965.8.1.14
1.1.5.54197.28.1.15
1.1.5.54223.9.1.2
1.1.5.54321.5.1.9.4
1.1.5.54379.9.1.17
1.1.5.54443.12.1.2
1.1.5.54463.10.4.10
1.1.5.54477.21.1.20.6
1.1.5.54572.16.2.1
1.1.5.54644.53.2.33.1
1.1.5.54733.8.1.29
1.1.5.54800.9.1.1
1.1.5.54848.12.1.2
1.1.5.55052.5.1.1
1.1.5.55138.10.2.2
1.1.5.55343.9.4.1
1.1.5.55364.8.1.2
1.1.5.55378.18.1.14
1.1.5.55385.11.3.10
1.1.5.55401.5.1.2.1
1.1.5.55425.17.2.12
1.1.5.55426.33.1.19
1.1.5.55597.9.2.2
1.1.5.55721.19.2.5.5
1.1.5.55747.11.1.6
1.1.5.55827.14.2
1.1.5.55955.19.2.5
1.1.5.56087.11.1.2
1.1.5.56090.15.2.6
1.1.5.56171.26.1.1
1.1.5.56186.12.1.1
1.1.5.56332.8.1.11
1.1.5.56353.5.1.9.2
1.1.5.56420.19.1.2
1.1.5.56467.5.1.3.2.6
1.1.5.56475.13.2.20.1.2.2
1.1.5.56521.5.1
1.1.5.56597.14.2.7
1.1.5.56683.8.1.3
1.1.5.56690.10.1.39
1.1.5.56690.10.2.42
1.1.5.56716.15.2.5.11.5.3.8
1.1.5.56742.5.1.10.2.6.10.33
1.1.5.56941.10.3.5
1.1.5.56970.22.3.9.18.5.4
1.1.5.56975.11.1.4
1.1.5.57056.44.1.1
1.1.5.57171.9.1.2
1.1.5.57226.11.3.8
1.1.5.57283.12.1.2
1.1.5.57318.17.2.15
1.1.5.57361.9.1.9
1.1.5.57431.5.1.5.1.5.3.9
1.1.5.57710.44.1.14
1.1.5.57795.9.1.12
1.1.5.57834.10.1.14
1.1.5.57843.19.1.12
1.1.5.57885.20.3.8.5.13
1.1.5.57893.11.1.2
1.1.5.57901.16.2.9.3.2
1.1.5.57934.10.1.2
1.1.5.57961.10.2.2
1.1.5.58025.5.1.16.12.17
1.1.5.58133.5.1.1.1
1.1.5.58184.8.1.3
1.1.5.58372.12.2.10
1.1.5.58412.10.1.12
1.1.5.58427.5.1.3.3
1.1.5.58432.17.2.29
1.1.5.58491.53.2.5
1.1.5.58566.9.1.4
1.1.5.58637.17.2.23.9.5.3.5
1.1.5.58837.18.1.9
1.1.5.58838.33.1.21
1.1.5.58848.28.1.6
1.1.5.58866.3
1.1.5.59189.20.2.2
1.1.5.59227.17.1.7.9
1.1.5.59305.8.1.5
1.1.5.59336.21.1.16
1.1.5.59376.20.2.4
1.1.5.59557.5.1.2.1.4.2
1.1.5.59597.28.1.15
1.1.5.59623.9.1.2
1.1.5.59697.28.3.1
1.1.5.59711.29.1.6
1.1.5.59762.10.1.4
1.1.5.59801.13.1.8
1.1.5.59846.10.4.10
1.1.5.59936.5.1.1.14.18
1.1.5.59961.16.2.1
1.1.5.60033.53.2.33.1
1.1.5.60069.19.1.10
1.1.5.60104.8.1.29
1.1.5.60166.9.1.1
1.1.5.60199.22.1.9
1.1.5.60214.12.1.2
1.1.5.60231.5.1.1.1.2.4
1.1.5.60297.8.1.4
1.1.5.60317.46.1.11
1.1.5.60362.9.2.1
1.1.5.60424.18.1.16
1.1.5.60482.23.2.2
1.1.5.60561.9.1.9
1.1.5.60620.9.2.28
1.1.5.60704.9.3.5
1.1.5.60714.31.2.1
1.1.5.60719.18.2.6.3
1.1.5.60735.11.3.10
1.1.5.60786.10.1.5.4
1.1.5.60823.19.1.10
1.1.5.60916.5.1.9.10
1.1.5.60959.9.2.2
1.1.5.61003.9.1.2
1.1.5.61072.19.2.5.5
1.1.5.61099.9.1.4
1.1.5.61198.14.2
1.1.5.61324.19.2.5
1.1.5.61459.11.1.2
1.1.5.61462.15.2.6
1.1.5.61560.12.1.1
1.1.5.61754.22.1.11
1.1.5.61812.9.4.1
1.1.5.61847.12.2.4.3
1.1.5.61853.13.2.35.1.2.2
1.1.5.61894.9.2.2
1.1.5.61969.10.2.1
1.1.5.61973.28.1.30
1.1.5.62078.11.1.9
1.1.5.62097.5.1.2.3.4.2
1.1.5.62148.8.1.2
1.1.5.62381.9.1.2
1.1.5.62433.18.1.1
1.1.5.62553.14.2.10.6
1.1.5.62577.11.3.8
1.1.5.62634.12.1.2
1.1.5.62669.17.2.15
1.1.5.62741.19.1.34
1.1.5.62744.12.1.4
1.1.5.62797.5.1.5.1.5.3.9
1.1.5.62911.13.1.19
1.1.5.62965.14.3.4.5.2
1.1.5.62983.19.2.1
1.1.5.62996.46.2.1
1.1.5.63089.12.1.3
1.1.5.63132.14.2
1.1.5.63164.12.1.2
1.1.5.63178.9.1.12
1.1.5.63217.10.1.14
1.1.5.63226.19.1.12
1.1.5.63275.5.1.2.1.15
1.1.5.63298.27.2.23.5
1.1.5.63354.10.2.2
1.1.5.63369.10.1.22
1.1.5.63370.23.1.34
1.1.5.63379.19.1.5
1.1.5.63413.5.1.1.2.1
1.1.5.63571.8.1.3
1.1.5.63595.3
1.1.5.63601.10.3.5
1.1.5.63619.9.3.16
1.1.5.63620.19.2.25
1.1.5.63692.16.4.2
1.1.5.63780.17.2.2
1.1.5.63820.57.1.29
1.1.5.63826.11.1.43
1.1.5.63864.9.1.3
1.1.5.64012.8.1.4.6
1.1.5.64028.25.2.4
1.1.5.64031.5.1.4
1.1.5.64137.8.4.16
1.1.5.64216.11.1.11
1.1.5.64232.3
1.1.5.64255.12.1.1
1.1.5.64335.5.1.3.2.4.3.6
1.1.5.64343.10.1.5
1.1.5.64400.11.2.1
1.1.5.64611.17.1.7.9
1.1.5.64696.20.1.11
1.1.5.64724.21.1.16
1.1.5.64747.13.3.1
1.1.5.64755.5.1.1.1.2.4
1.1.5.64762.12.1.2
1.1.5.64913.10.2.5
1.1.5.64915.9.2.2
1.1.5.64983.28.1.15
1.1.5.65009.9.1.2
1.1.5.65098.29.1.6
1.1.5.65146.10.1.5
1.1.5.65162.9.2.1
1.1.5.65182.13.1.8
1.1.5.65227.10.4.10
1.1.5.65236.26.1.2
1.1.5.65406.53.2.33.1
1.1.5.65496.8.1.29
1.1.5.65544.9.1.3
1.1.5.65568.20.4.6
1.1.5.65589.22.1.9
1.1.5.65604.12.1.2
1.1.5.65695.11.2.5
1.1.5.65787.5.1.1
1.1.5.65881.10.2.2
1.1.5.66164.11.3.10
1.1.5.66365.5.1.9.10
1.1.5.66408.9.2.2
1.1.5.66541.9.1.4
1.1.5.66640.14.2
1.1.5.66811.45.1.21.11
1.1.5.66822.13.2.1
1.1.5.66883.14.2.1
1.1.5.66911.5.1.6.3.4
1.1.5.66941.20
1.1.5.66979.26.1.1
1.1.5.66994.12.1.1
1.1.5.67140.8.1.11
1.1.5.67245.9.4.1
1.1.5.67284.40.3.5
1.1.5.67290.16.1.1
1.1.5.67327.9.2.2
1.1.5.67405.14.2.7
1.1.5.67515.11.1.9
1.1.5.67534.5.1.2.3.4.2
1.1.5.67585.8.1.2
1.1.5.67825.9.1.2
1.1.5.67882.18.1.1
1.1.5.67957.9.1.2
1.1.5.67999.14.2.10.6
1.1.5.68023.11.3.8
1.1.5.68091.12.1.2
1.1.5.68126.17.2.15
1.1.5.68169.9.1.9
1.1.5.68236.24.1.16.12.20.1
1.1.5.68298.49.1.4.2
1.1.5.68385.9.2.2
1.1.5.68389.5.1.2.3.10.6
1.1.5.68542.5.1
1.1.5.68649.9.1.12
1.1.5.68754.11.1.2
1.1.5.68762.16.2.9.3.2
1.1.5.68795.10.1.2
1.1.5.68822.10.2.2
1.1.5.68841.9.3.10
1.1.5.68886.5.1.16.12.17
1.1.5.68982.21.1.13
1.1.5.69036.8.1.3
1.1.5.69060.3
1.1.5.69066.10.3.5
1.1.5.69084.9.3.16
1.1.5.69085.19.2.25
1.1.5.69094.24.2
1.1.5.69183.19.4.21
1.1.5.69230.11.1.1
1.1.5.69271.10.1.12
1.1.5.69286.5.1.3.3
1.1.5.69314.45.5.2
1.1.5.69341.24.2.19.5
1.1.5.69476.25.2.4
1.1.5.69479.5.1.4
1.1.5.69631.5.1
1.1.5.69667.18.1.9
1.1.5.69668.33.1.21
1.1.5.69678.28.1.6
1.1.5.69696.3
1.1.5.69719.12.1.1
1.1.5.69764.27.1.2
1.1.5.69848.13.1.4
1.1.5.70061.9.2.8.3
1.1.5.70205.20.2.4
1.1.5.70368.10.2.5
1.1.5.70370.9.2.2
1.1.5.70439.28.1.15
1.1.5.70465.9.1.2
1.1.5.70520.48.1.6
1.1.5.70537.5.1.20.15.20.3
1.1.5.70551.29.1.6
1.1.5.70602.10.1.4
1.1.5.70641.13.1.8
1.1.5.70683.10.4.10
1.1.5.70697.21.1.20.6
1.1.5.70778.5.1.1.14.28
1.1.5.70800.16.2.1
1.1.5.70872.53.2.33.1
1.1.5.70954.8.1.29
1.1.5.71021.9.1.1
1.1.5.71066.12.1.2
1.1.5.71083.5.1.1.1.2.4
1.1.5.71095.28.1.8
1.1.5.71141.9.3.2
1.1.5.71295.18.1.16
1.1.5.71353.23.2.2
1.1.5.71432.9.1.9
1.1.5.71465.9.1.1
1.1.5.71488.8.2.8.4
1.1.5.71588.25.3.2
1.1.5.71621.5.1.3.12
1.1.5.71666.10.1.5.4
1.1.5.71864.33.1.2
1.1.5.71881.14.1.12
1.1.5.71941.21.1.8
1.1.5.71964.9.1.4
1.1.5.72063.14.2
1.1.5.72232.23.2
1.1.5.72253.9.1.1
1.1.5.72266.39.1.22
1.1.5.72297.10.1.2
1.1.5.72303.9.1.4
1.1.5.72320.5.1.6.9.31
1.1.5.72389.26.1.1
1.1.5.72404.12.1.1
1.1.5.72563.5.1.24.2.16.1
1.1.5.72593.20.1.10
1.1.5.72645.9.4.1
1.1.5.72734.9.1.2
1.1.5.72814.14.2.7
1.1.5.72914.8.1.3
1.1.5.72921.10.1.39
1.1.5.72921.10.2.42
1.1.5.72947.15.2.5.11.5.3.8
1.1.5.73013.8.1.2
1.1.5.73052.31.2.16.1.1.2.12
1.1.5.73081.8.1.6
1.1.5.73107.23.2.1
1.1.5.73276.54.1.1
1.1.5.73299.5.1
1.1.5.73312.18.1.1
1.1.5.73427.14.2.10.6
1.1.5.73452.11.3.8
1.1.5.73509.12.1.2
1.1.5.73546.17.2.15
1.1.5.73654.24.3.2
1.1.5.73655.29.4.6.7.10.3
1.1.5.73659.5.1.9.3.11.3.12
1.1.5.73685.13.1.48
1.1.5.73687.9.5.6
1.1.5.74102.10.1.14
1.1.5.74111.19.1.12
1.1.5.74171.11.1.2
1.1.5.74179.16.2.9.3.2
1.1.5.74212.10.1.2
1.1.5.74239.10.2.2
1.1.5.74255.9.3.10
1.1.5.74300.5.1.16.12.17
1.1.5.74308.5.1
1.1.5.74443.8.1.3
1.1.5.74668.10.1.12
1.1.5.74683.5.1.3.3
1.1.5.74748.24.2.19.5
1.1.5.74870.17.2.23.9.5.3.5
1.1.5.75088.11.1.11
1.1.5.75104.3
1.1.5.75425.20.2.2
1.1.5.75466.9.2.8.3
1.1.5.75857.9.1.2
1.1.5.75933.14.1.15
1.1.5.75941.15.1.4
1.1.5.75992.10.1.4
1.1.5.76075.17.1.3
1.1.5.76089.5.1.8
1.1.5.76187.16.2.1
1.1.5.76259.53.2.33.1
1.1.5.76332.8.1.29
1.1.5.76380.9.1.3
1.1.5.76422.22.1.10
1.1.5.76437.12.1.2
1.1.5.76514.9.3.2
1.1.5.76635.5.1.1
1.1.5.76721.10.2.2
1.1.5.76796.9.1.9
1.1.5.76860.5.1.11.6.9
1.1.5.76996.11.3.10
1.1.5.77030.8.2.17
1.1.5.77056.10.1.5.4
1.1.5.77191.5.1.9.10
1.1.5.77234.9.2.2
1.1.5.77279.18.1.16
1.1.5.77341.21.1.8
1.1.5.77369.9.1.4
1.1.5.77468.14.2
1.1.5.77624.23.2
1.1.5.77688.14.2.1
1.1.5.77716.5.1.6.3.4
1.1.5.77803.12.1.1
1.1.5.77964.5.1.24.2.16.1
1.1.5.78035.9.4.1
1.1.5.78203.14.2.7
1.1.5.78304.8.1.3
1.1.5.78311.10.1.39
1.1.5.78311.10.2.42
1.1.5.78337.15.2.5.11.5.3.8
1.1.5.78402.8.1.2
1.1.5.78552.10.3.5
1.1.5.78639.9.1.2
1.1.5.78823.14.2.10.6
1.1.5.78881.9.1.4
1.1.5.78937.12.1.2
1.1.5.78972.17.2.15
1.1.5.79074.24.1.16.12.20.1
1.1.5.79117.9.5.6
1.1.5.79383.44.1.14
1.1.5.79416.13.1.6
1.1.5.79470.9.1.12
1.1.5.79574.5.1.2.1.15
1.1.5.79597.27.2.23.5
1.1.5.79652.10.2.2
1.1.5.79667.10.1.22
1.1.5.79668.23.1.34
1.1.5.79713.5.1.16.12.17
1.1.5.79721.5.1
1.1.5.79818.5.1.1.1
1.1.5.79869.8.1.3
1.1.5.80010.19.4.21
1.1.5.80046.5.1.1.1
1.1.5.80097.10.1.12
1.1.5.80167.9.1.3
1.1.5.80281.10.1.20
1.1.5.80299.15.3.11
1.1.5.80314.18.2.22.17.13.4
1.1.5.80344.5.1.4
1.1.5.80549.18.1.9
1.1.5.80550.33.1.21
1.1.5.80560.28.1.6
1.1.5.80578.3
1.1.5.80601.12.1.1
1.1.5.80676.18.2.1
1.1.5.80702.5.1.5.3
1.1.5.80915.14.3.5
1.1.5.80989.8.1.5
1.1.5.81020.21.1.16
1.1.5.81043.13.3.1
1.1.5.81051.5.1.1.1.2.4
1.1.5.81304.9.1.2
1.1.5.81393.29.1.6
1.1.5.81444.10.1.4
1.1.5.81456.8.3.16
1.1.5.81523.9.1.2
1.1.5.81533.10.1.4
1.1.5.81612.5.1.1.14.18
1.1.5.81633.16.2.1
1.1.5.81705.53.2.33.1
1.1.5.81778.8.1.29
1.1.5.81826.9.1.3
1.1.5.81891.12.1.2
1.1.5.81908.5.1.1.1.2.4
1.1.5.81920.28.1.8
1.1.5.82123.18.1.16
1.1.5.82353.32.3.5
1.1.5.82413.9.3.5
1.1.5.82423.31.2.1
1.1.5.82428.18.2.6.3
1.1.5.82444.11.3.10
1.1.5.82496.10.1.5.4
1.1.5.82620.5.1.9.11
1.1.5.82663.9.2.2
1.1.5.82700.33.1.2
1.1.5.82786.9.1.1
1.1.5.82787.14.3
1.1.5.82878.30.2
1.1.5.82888.9.1.2
1.1.5.83151.5.1.13
1.1.5.83241.12.1.1
1.1.5.83307.10.1.2
1.1.5.83398.5.1.9.2
1.1.5.83481.9.4.1
1.1.5.83647.14.2.7
1.1.5.83756.11.1.9
1.1.5.83775.5.1.2.3.4.2
1.1.5.83843.8.1.2
1.1.5.83876.31.2.16.1.1.5.2
1.1.5.83930.23.2.1
1.1.5.83995.11.2.2
1.1.5.84100.54.1.1
1.1.5.84130.18.1.1
1.1.5.84315.12.1.2
1.1.5.84350.17.2.15
1.1.5.84396.9.1.3
1.1.5.84475.5.1.3.1.19.4.16
1.1.5.84534.5.1.2.2.11
1.1.5.84612.9.2.2
1.1.5.84616.5.1.2.3.10.6
1.1.5.84737.5.1.3.4
1.1.5.84976.29.1.14.8
1.1.5.84986.11.1.2
1.1.5.84994.16.2.9.3.2
1.1.5.85100.5.1.16.12.17
1.1.5.85246.8.1.3
1.1.5.85270.3
1.1.5.85276.10.3.5
1.1.5.85294.9.3.16
1.1.5.85295.19.2.25
1.1.5.85329.8.1.2
1.1.5.85332.29.1.8
1.1.5.85339.12.2.1
1.1.5.85369.16.4.2
1.1.5.85484.5.1.3.3
1.1.5.85531.9.1.3
1.1.5.85552.43.1.2
1.1.5.85554.63.1.4
1.1.5.85639.15.3.11
1.1.5.85654.18.2.22.17.13.4
1.1.5.85683.17.2.23.9.5.3.5
1.1.5.85902.10.2.1
1.1.5.85908.11.1.1
1.1.5.85926.3
1.1.5.86008.19.1.15
1.1.5.86262.20.2.2
1.1.5.86300.17.1.7.9
1.1.5.86644.8.2.1
1.1.5.86678.28.1.15
1.1.5.86704.9.1.2
1.1.5.86793.29.1.6
1.1.5.86842.10.1.4
1.1.5.86853.8.3.16
1.1.5.86922.10.4.10
1.1.5.86937.21.1.30.6
1.1.5.87194.8.1.29
1.1.5.87242.9.1.3
1.1.5.87296.12.1.2
1.1.5.87365.9.3.2
1.1.5.87581.23.2.2
1.1.5.87699.9.1.1
1.1.5.87796.9.3.5
1.1.5.87806.31.2.1
1.1.5.87811.18.2.6.3
1.1.5.87827.11.3.10
1.1.5.87861.8.2.17
1.1.5.87887.10.1.5.4
1.1.5.87924.19.1.10
1.1.5.88011.5.1.9.10
1.1.5.88054.9.2.2
1.1.5.88075.9.3.2
1.1.5.88165.19.2.5.5
1.1.5.88192.9.1.4
1.1.5.88291.14.2
1.1.5.88344.19.1.9
1.1.5.88446.23.2
1.1.5.88469.9.1.1
1.1.5.88482.39.1.22
1.1.5.88514.10.1.2
1.1.5.88520.9.1.4
1.1.5.88543.5.1.13
1.1.5.88578.20
1.1.5.88616.26.1.1
1.1.5.88631.12.1.1
1.1.5.88690.5.1
1.1.5.88700.10.3.26
1.1.5.88709.11.1.6
1.1.5.88793.5.1.24.2.16.1
1.1.5.88863.9.4.1
1.1.5.88952.9.2.2
1.1.5.89030.14.2.7
1.1.5.89101.8.2.2
1.1.5.89141.11.1.9
1.1.5.89160.5.1.2.3.4.2
1.1.5.89211.8.1.2
1.1.5.89305.23.2.1
1.1.5.89459.9.1.2
1.1.5.89675.9.1.4
1.1.5.89734.12.1.2
1.1.5.89769.17.2.15
1.1.5.89902.5.1.5.1.5.3.9
1.1.5.90018.9.2.2
1.1.5.90022.5.1.2.3.10.6
1.1.5.90186.44.1.14
1.1.5.90314.10.1.14
1.1.5.90323.19.1.12
1.1.5.90371.5.1.2.1.15
1.1.5.90377.11.1.2
1.1.5.90385.16.2.9.3.2
1.1.5.90440.10.2.2
1.1.5.90455.10.1.22
1.1.5.90456.23.1.34
1.1.5.90465.19.1.5
1.1.5.90499.5.1.1.2.1
1.1.5.90595.5.1.1.1
1.1.5.90647.8.1.3
1.1.5.90671.3
1.1.5.90677.10.3.5
1.1.5.90695.9.3.16
1.1.5.90696.19.2.25
1.1.5.90730.8.1.2
1.1.5.90733.29.1.8
1.1.5.90861.17.2.2
1.1.5.90949.9.1.3
1.1.5.90970.43.1.2
1.1.5.90972.63.1.4
1.1.5.91091.5.1.3
1.1.5.91299.18.1.9
1.1.5.91300.33.1.21
1.1.5.91310.28.1.6
1.1.5.91328.3
1.1.5.91351.12.1.1
1.1.5.91426.18.2.1
1.1.5.91488.10.2.8.2.5
1.1.5.91660.9.1.2
1.1.5.91732.9.2.8.3
1.1.5.91831.20.1.11
1.1.5.92058.10.2.5
1.1.5.92060.9.2.2
1.1.5.92078.5.1.2.1.4.2
1.1.5.92140.9.1.2
1.1.5.92236.5.1.9.4
1.1.5.92294.9.1.17
1.1.5.92367.17.1.3
1.1.5.92385.21.1.28.6
1.1.5.92501.16.2.1
1.1.5.92560.21.1.11
1.1.5.92579.28.3.24
1.1.5.92594.12.1.22
1.1.5.92645.8.1.29
1.1.5.92710.9.1.1
1.1.5.92744.22.1.10
1.1.5.92759.12.1.2
1.1.5.92836.9.3.2
1.1.5.93044.10.2.2
1.1.5.93223.32.3.5
1.1.5.93327.11.3.10
1.1.5.93384.10.1.5.4
1.1.5.93520.5.1.9.10
1.1.5.93563.9.2.2
1.1.5.93584.9.3.2
1.1.5.93682.19.2.5.5
1.1.5.93708.11.1.6
1.1.5.93788.14.2
1.1.5.94038.9.1.4
1.1.5.94055.5.1.6.9.31
1.1.5.94087.20
1.1.5.94125.26.1.1
1.1.5.94140.12.1.1
1.1.5.94295.5.1.24.2.19.1
1.1.5.94365.9.4.1
1.1.5.94399.10.2.8.10
1.1.5.94452.9.1.2
1.1.5.94532.14.2.7
1.1.5.94598.8.2.2
1.1.5.94638.11.1.9
1.1.5.94656.5.1.2.3.4.2
1.1.5.94706.8.1.2
1.1.5.94861.10.3.5
1.1.5.94945.9.1.2
1.1.5.95089.9.1.2
1.1.5.95146.11.3.8
1.1.5.95203.12.1.2
1.1.5.95238.17.2.15
1.1.5.95347.24.1.16.12.24.1
1.1.5.95423.5.1.2.2.11
1.1.5.95501.9.2.2
1.1.5.95505.5.1.2.3.10.6
1.1.5.95629.5.1.3.4
1.1.5.95746.12.1.2
1.1.5.95762.9.1.12
1.1.5.95861.12.1.18.19
1.1.5.95869.11.1.2
1.1.5.95877.16.2.9.3.2
1.1.5.95906.8.3.2
1.1.5.95918.5.1.3.1
1.1.5.95952.9.1.2
1.1.5.95969.19.1.5
1.1.6.3.17.1.6.2
1.1.6.109.5.1.1.1
1.1.6.161.8.1.3
1.1.6.350.11.1.1
1.1.6.436.45.5.2
1.1.6.463.24.2.19.5
1.1.6.596.25.2.4
1.1.6.599.5.1.4
1.1.6.791.18.1.9
1.1.6.792.33.1.21
1.1.6.802.28.1.6
1.1.6.820.3
1.1.6.843.12.1.1
1.1.6.888.27.1.2
1.1.6.913.18.2.1
1.1.6.1177.14.3.5
1.1.6.1269.20.1.11
1.1.6.1297.21.1.16
1.1.6.1495.10.2.5
1.1.6.1497.9.2.2
1.1.6.1596.9.1.2
1.1.6.1694.5.1.9.4
1.1.6.1752.9.1.17
1.1.6.1758.8.3.16
1.1.6.1820.10.4.10
1.1.6.1829.26.1.2
1.1.6.1913.13.1.6.2
1.1.6.2009.53.2.33.1
1.1.6.2096.8.1.29
1.1.6.2137.9.1.33
1.1.6.2161.20.4.6
1.1.6.2182.22.1.9
1.1.6.2197.12.1.2
1.1.6.2274.9.3.2
1.1.6.2305.8.1.7
1.1.6.2490.10.2.2
1.1.6.2639.5.1.17.6.6
1.1.6.2664.32.3.5
1.1.6.2764.5.1.3.12
1.1.6.2812.10.1.5.4
1.1.6.2929.5.1.9.10
1.1.6.2972.9.2.2
1.1.6.3080.21.1.8
1.1.6.3108.9.1.4
1.1.6.3205.30.2
1.1.6.3215.9.1.2
1.1.6.3440.14.2.1
1.1.6.3468.5.1.6.3.4
1.1.6.3539.26.1.1
1.1.6.3554.12.1.1
1.1.6.3613.5.1
1.1.6.3666.22.2.15
1.1.6.3703.5.1.24.2.16.1
1.1.6.3789.9.4.1
1.1.6.3827.39.3.5
1.1.6.3833.16.1.1
1.1.6.3877.5.1
1.1.6.3953.14.2.7
1.1.6.4063.11.1.9
1.1.6.4081.5.1.2.3.4.2
1.1.6.4131.8.1.2
1.1.6.4378.9.1.2
1.1.6.4429.8.1.5
1.1.6.4626.9.1.4
1.1.6.4685.12.1.2
1.1.6.4720.17.2.15
1.1.6.4845.9.1.2
1.1.6.4872.9.5.6
1.1.6.5144.5.1
1.1.6.5287.10.1.14
1.1.6.5296.19.1.12
1.1.6.5356.11.1.2
1.1.6.5364.16.2.9.3.2
1.1.6.5392.8.3.2
1.1.6.5405.5.1.3.1
1.1.6.5491.5.1.16.12.17
1.1.6.5499.5.1
1.1.6.5612.5.1.1.1
1.1.6.5661.8.1.3
1.1.6.5685.3
1.1.6.5691.10.3.5
1.1.6.5709.9.3.16
1.1.6.5710.19.2.25
1.1.6.5783.16.4.2
1.1.6.5898.5.1.3.3
1.1.6.5926.45.5.2
1.2.87.2.1.11.8
1.2.140.4.2.6
1.2.497.10.5.15.2
1.2.510.4.2.5.1.2.1
1.2.530.4.2
1.2.1083.4.2.4
1.2.1322.8.4.12.3.26
1.2.1904.4.2
1.2.2243.2.1.5.1.1
1.2.2550.2.1.3.1.5.2
1.2.2934.14.7
1.2.3333.4.2
1.2.3803.6.3
1.2.4021.6.3.18
1.2.4529.6.3.8.1
1.2.4666.6.3.7.1.5
1.2.5032.2.1.3.1
1.2.5216.2.1.2
1.2.5227.2.1.8.1
1.2.5643.2.1.3
1.4.177.2
1.4.442.2
1.4.442.4
1.4.447.2
1.4.988.2
1.4.1023.2
1.4.1030.2
1.4.1030.5
1.4.1036.2
1.4.1036.4
1.4.1249.2
1.4.1249.3
1.4.1272.2
1.4.1272.4
1.4.1660.2
1.4.1660.5
1.4.1775.2
1.4.1775.3
1.4.1789.2
1.4.1931.2
1.4.2203.2
1.4.2523.2
1.4.2660.2
1.4.2787.2
1.4.2944.2
1.4.2944.5
1.4.3037.2
1.4.3037.4
1.4.3060.2
1.4.3060.4
1.4.3079.2
1.4.3079.3
1.4.3548.2
1.4.3592.2
1.4.3765.2
1.4.3900.2
1.4.4018.2
1.4.4018.4
1.4.4089.2
1.4.4134.2
1.4.4134.5
1.4.4254.2
1.4.4254.5
1.4.4297.2
1.4.4641.2
1.4.4641.4
1.4.4669.2
1.4.4761.2
1.4.4850.2
1.4.5014.2
1.4.5571.2
1.4.5821.2
1.4.5837.2
1.4.6006.2
1.4.6006.3
1.4.6028.2
1.4.6028.4
1.4.6147.2
1.4.6148.2
1.4.6323.2
1.4.6435.2
1.4.6435.4
1.4.6633.2
1.4.6633.3
1.4.6671.2
1.4.6832.2
1.4.6832.5
1.4.6887.2
1.4.7019.2
1.4.7220.2
1.4.7220.4
1.4.7442.2
1.4.7450.2
1.4.7737.2
1.4.7737.4
1.4.7773.2
1.4.7820.2
1.4.8015.2
1.4.8171.2
1.4.8569.2
1.4.8784.2
1.4.9041.2
1.4.9218.2
1.4.9218.5
1.4.9309.2
1.4.9641.2
1.4.9641.5
1.4.10300.2
1.4.10353.2
1.4.10353.4
1.4.10536.2
1.4.10536.5
1.4.11020.2
1.4.11020.4
1.4.11055.2
1.4.11055.3
1.4.11157.2
1.4.11157.4
1.4.11793.2
1.4.11801.2
1.4.12043.2
1.4.12049.2
1.4.12049.4
1.4.12116.2
1.4.12372.2
1.4.12416.2
1.4.12531.2
1.4.12531.5
1.4.12624.2
1.4.12624.3
1.4.12925.2
1.4.13189.2
1.4.13189.3
1.4.13368.2
1.4.13368.4
1.4.13380.2
1.4.13506.2
1.4.13680.2
1.4.13846.2
1.4.13846.3
1.4.14005.2
1.4.14005.5
1.4.14114.2
1.4.14124.2
1.4.14128.2
1.4.14128.5
1.4.14207.2
1.4.14207.4
1.4.14418.2
1.4.14418.3
1.4.14750.2
1.4.14900.2
1.4.14900.5
1.4.15182.2
1.4.15182.5
1.4.15302.2
1.4.15302.3
1.4.15369.2
1.4.15369.5
1.4.15401.2
1.4.15401.4
1.4.15528.2
1.4.15528.4
1.4.15656.2
1.4.15887.2
1.4.15911.2
1.4.16346.2
1.4.16412.2
1.4.16424.2
1.4.16811.2
1.4.16860.2
1.4.16950.2
1.4.16950.5
1.4.17304.2
1.4.17403.2
1.4.17403.4
1.4.17530.2
1.4.17594.2
1.4.17776.2
1.4.18216.2
1.4.18559.2
1.4.18559.4
1.4.18691.2
1.4.18691.3
1.4.18707.2
1.4.19107.2
1.4.19107.4
1.4.19241.2
1.4.19596.2
1.4.19710.2
1.4.19765.2
1.4.19782.2
1.4.20072.2
1.4.20118.2
1.4.20118.4
1.4.20133.2
1.4.20133.3
1.4.20537.2
1.4.20537.5
1.4.20738.2
1.4.20847.2
1.4.20847.3
1.4.20903.2
1.4.21248.2
1.4.21248.3
1.4.21403.2
1.4.21403.4
1.4.21606.2
1.4.21799.2
1.4.22329.2
1.4.22434.2
1.4.22724.2
1.4.22724.5
1.4.22752.2
1.4.22962.2
1.4.22994.2
1.4.23670.2
1.4.23670.4
1.4.23737.2
1.4.23970.2
1.4.23970.4
1.4.24028.2
1.4.24028.5
1.4.24455.2
1.4.24647.2
1.4.24647.3
1.4.24650.2
1.4.24659.2
1.4.25185.2
1.4.25185.5
1.4.25253.2
1.4.25253.4
1.4.25342.2
1.4.25342.4
1.4.25616.2
1.4.25974.2
1.4.26209.2
1.4.26209.4
1.4.26372.2
1.4.26648.2
1.4.26914.2
1.4.27014.2
1.4.27014.3
1.4.27231.2
1.4.27269.2
1.4.27576.2
1.4.27576.3
1.4.27629.2
1.4.27629.4
1.4.27952.2
1.4.27952.3
1.4.28305.2
1.4.28636.2
1.4.28808.2
1.4.28808.3
1.4.28926.2
1.4.28926.3
1.4.28947.2
1.4.29137.2
1.4.29137.4
1.4.29261.2
1.4.29595.2
1.4.29948.2
1.4.30188.2
1.4.30463.2
1.4.30682.2
1.4.30808.2
1.4.31110.2
1.4.31110.4
1.4.31443.2
1.4.31451.2
1.4.31693.2
1.4.31693.3
1.4.31791.2
1.4.31791.3
1.4.31920.2
1.4.31920.4
1.4.32142.2
1.4.32334.2
1.4.32334.4
1.4.32587.2
1.4.32751.2
1.4.32767.2
1.4.32767.4
1.4.32867.2
1.4.32879.2
1.4.32920.2
1.4.33210.2
1.4.33344.2
1.4.33344.4
1.4.33512.2
1.4.33512.4
1.4.33688.2
1.4.33756.2
1.4.33756.3
1.4.33762.2
1.4.33762.4
1.4.33888.2
1.4.34300.2
1.4.34634.2
1.4.34634.4
1.4.34885.2
1.4.34898.2
1.4.34898.5
1.4.34997.2
1.4.35267.2
1.4.35291.2
1.4.35291.4
1.4.35461.2
1.4.35661.2
1.4.35661.5
1.4.35700.2
1.4.35981.2
1.4.35981.5
1.4.36113.2
1.4.36303.2
1.4.36303.3
1.4.36411.2
1.4.36411.4
1.4.36566.2
1.4.36695.2
1.4.36742.2
1.4.36742.3
1.4.36904.2
1.4.36904.5
1.4.36914.2
1.4.36914.4
1.4.37077.2
1.4.37077.3
1.4.37200.2
1.4.37200.3
1.4.37254.2
1.4.37267.2
1.4.37267.4
1.4.37907.2
1.4.38031.2
1.4.38031.4
1.4.38038.2
1.4.38055.2
1.4.38077.2
1.4.38099.2
1.4.38099.4
1.4.38382.2
1.4.38447.2
1.4.38504.2
1.4.38630.2
1.4.38630.5
1.4.38816.2
1.4.38816.4
1.4.38889.2
1.4.38889.3
1.4.39001.2
1.4.39001.5
1.4.39174.2
1.4.39174.3
1.4.39409.2
1.4.39429.2
1.4.39429.4
1.4.39681.2
1.4.39931.2
1.4.39984.2
1.4.39984.3
1.4.40434.2
1.4.40434.4
1.4.40784.2
1.4.40974.2
1.4.40997.2
1.4.40997.4
1.4.41111.2
1.4.41111.4
1.4.41833.2
1.4.41833.4
1.4.41868.2
1.4.41868.3
1.4.41974.2
1.4.41974.5
1.4.42524.2
1.4.42886.2
1.4.43076.2
1.4.43148.2
1.4.43162.2
1.4.43162.4
1.4.43233.2
1.4.43364.2
1.4.43364.4
1.4.43418.2
1.4.43537.2
1.4.43537.3
1.4.43738.2
1.4.44179.2
1.4.44258.2
1.4.44504.2
1.4.44519.2
1.4.44666.2
1.4.44672.2
1.4.44735.2
1.4.44735.5
1.4.44925.2
1.4.45103.2
1.4.45170.2
1.4.45170.5
1.4.45219.2
1.4.45219.4
1.4.45407.2
1.4.45670.2
1.4.45670.4
1.4.45762.2
1.4.45987.2
1.4.45987.4
1.4.46351.2
1.4.46586.2
1.4.46621.2
1.4.46685.2
1.4.46685.5
1.4.46838.2
1.4.47147.2
1.4.47783.2
1.4.47851.2
1.4.47851.4
1.4.47953.2
1.4.47958.2
1.4.48020.2
1.4.48020.5
1.4.48090.2
1.4.48090.5
1.4.48316.2
1.4.48891.2
1.4.49404.2
1.4.49404.5
1.4.49578.2
1.4.49608.2
1.4.49619.2
1.4.49619.3
1.4.49877.2
1.4.49877.3
1.4.49932.2
1.4.49932.5
1.4.50036.2
1.4.50250.2
1.4.50250.5
1.4.50888.2
1.4.50888.4
1.4.51199.2
1.4.51199.4
1.4.51325.2
1.4.51325.4
1.4.51600.2
1.4.51626.2
1.4.51626.4
1.4.51722.2
1.4.51817.2
1.4.51963.2
1.4.51963.4
1.4.52088.2
1.4.52088.5
1.4.52177.2
1.4.52364.2
1.4.52364.4
1.4.52655.2
1.4.52655.4
1.4.52721.2
1.4.52721.5
1.4.52761.2
1.4.52865.2
1.4.52865.3
1.4.53098.2
1.4.53106.2
1.4.53106.4
1.4.53184.2
1.4.53197.2
1.4.53765.2
1.4.53765.3
1.4.53914.2
1.4.53946.2
1.4.53946.3
1.4.54133.2
1.4.54133.3
1.4.54205.2
1.4.54971.2
1.4.54971.5
1.4.55169.2
1.4.55169.3
1.4.55252.2
1.4.55252.4
1.4.55269.2
1.4.55270.2
1.4.55308.2
1.4.55308.3
1.4.55740.2
1.4.55945.2
1.4.56051.2
1.4.56374.2
1.4.56374.4
1.4.57254.2
1.4.57263.2
1.4.57263.4
1.4.57562.2
1.4.57562.3
1.4.57836.2
1.4.58223.2
1.4.58223.4
1.4.58237.2
1.4.58237.4
1.4.58434.2
1.4.58434.3
1.4.58584.2
1.4.58584.3
1.4.58702.2
1.4.58702.5
1.4.58711.2
1.4.58711.4
1.4.58803.2
1.4.58803.4
1.4.58817.2
1.4.58821.2
1.4.58821.5
1.4.58833.2
1.4.58833.4
1.4.58887.2
1.4.59229.2
1.4.59381.2
1.4.59381.4
1.4.59529.2
1.4.59571.2
1.4.59614.2
1.4.59721.2
1.4.60092.2
1.4.60162.2
1.4.60192.2
1.4.60243.2
1.4.60436.2
1.4.60436.4
1.4.60542.2
1.4.60758.2
1.4.60854.2
1.4.60854.3
1.4.61232.2
1.4.61232.4
1.4.61530.2
1.4.61530.5
1.4.61697.2
1.4.61697.3
1.4.61770.2
1.4.61770.5
1.4.61814.2
1.4.62165.2
1.4.62165.4
1.4.62633.2
1.4.62633.3
1.4.62688.2
1.4.62688.4
1.4.62974.2
1.4.62974.3
1.4.63022.2
1.4.63243.2
1.4.63301.2
1.4.63301.4
1.4.63784.2
1.4.63853.2
1.4.63979.2
1.4.63979.4
1.4.64036.2
1.4.64076.2
1.4.64260.2
1.4.64270.2
1.4.64459.2
1.4.64459.3
1.4.64524.2
1.4.64524.3
1.4.64576.2
1.4.64576.4
1.4.64600.2
1.4.64600.3
1.4.64678.2
1.4.64901.2
1.4.64901.4
1.4.65133.2
1.4.65133.5
1.4.65533.2
1.4.65533.4
1.4.65763.2
1.4.65984.2
1.4.65984.4
1.4.66032.2
1.4.66088.2
1.4.66286.2
1.4.66429.2
1.4.66429.4
1.4.66709.2
1.4.66800.2
1.4.66800.5
1.4.67199.2
1.4.67199.5
1.4.67268.2
1.4.67312.2
1.4.67492.2
1.4.67492.4
1.4.67647.2
1.4.67647.4
1.4.67883.2
1.4.68054.2
1.4.68054.5
1.4.68139.2
1.4.68139.5
1.4.68194.2
1.4.68454.2
1.4.68471.2
1.4.68871.2
1.4.68871.3
1.4.69038.2
1.4.69038.4
1.4.69050.2
1.4.69116.2
1.4.69116.4
1.4.69472.2
1.4.69472.5
1.4.69739.2
1.4.69806.2
1.4.69806.5
1.4.69916.2
1.4.70000.2
1.4.70045.2
1.4.70045.5
1.4.70147.2
1.4.70147.5
1.4.70160.2
1.4.70160.4
1.4.70161.2
1.4.70161.4
1.4.70223.2
1.4.70325.2
1.4.70325.3
1.4.70424.2
1.4.70424.4
1.4.70522.2
1.4.70522.4
1.4.70783.2
1.4.70783.4
1.4.70787.2
1.4.70787.5
1.4.70950.2
1.4.71140.2
1.4.71141.2
1.4.71141.5
1.4.71578.2
1.4.71578.5
1.4.71583.2
1.4.71583.4
1.4.71919.2
1.4.71926.2
1.4.71969.2
1.4.71988.2
1.4.72026.2
1.4.72026.5
1.4.72058.2
1.4.72058.4
1.4.72885.2
1.4.72885.4
1.4.73155.2
1.4.73170.2
1.4.73303.2
1.4.73313.2
1.4.73341.2
1.4.73359.2
1.4.73359.3
1.4.73505.2
1.4.73505.4
1.4.73565.2
1.4.73751.2
1.4.73751.5
1.4.73776.2
1.4.73971.2
1.4.73971.3
1.4.74269.2
1.4.74269.3
1.4.74494.2
1.4.74560.2
1.4.74560.4
1.4.74619.2
1.4.74882.2
1.4.74930.2
1.4.75013.2
1.4.75383.2
1.4.75406.2
1.4.75406.4
1.4.75584.2
1.4.75649.2
1.4.75649.3
1.4.75831.2
1.4.75831.5
1.4.76070.2
1.4.76075.2
1.4.76222.2
1.4.76222.4
1.4.76406.2
1.4.76406.4
1.4.76536.2
1.4.76536.3
1.4.76708.2
1.4.77072.2
1.4.77124.2
1.4.77124.4
1.4.77292.2
1.4.77292.4
1.4.77311.2
1.4.77311.4
1.4.77555.2
1.4.77770.2
1.4.77770.5
1.4.77792.2
1.4.77792.3
1.4.77906.2
1.4.77984.2
1.4.77984.3
1.4.77988.2
1.4.77988.4
1.4.78190.2
1.4.78248.2
1.4.78248.3
1.4.78402.2
1.4.78402.3
1.4.78501.2
1.4.78546.2
1.4.78546.4
1.4.78668.2
1.4.78668.5
1.4.78670.2
1.4.79051.2
1.4.79166.2
1.4.79166.3
1.4.79477.2
1.4.79477.4
1.4.79796.2
1.4.79820.2
1.4.80235.2
1.4.80246.2
1.4.80246.4
1.4.80295.2
1.4.81064.2
1.4.81064.4
1.4.81581.2
1.4.81595.2
1.4.81595.4
1.4.82144.2
1.4.82144.3
1.4.82340.2
1.4.82698.2
1.4.83142.2
1.4.83142.3
1.4.83255.2
1.4.83255.5
1.4.83421.2
1.4.83421.4
1.4.83426.2
1.4.83642.2
1.4.83659.2
1.4.83983.2
1.4.83983.5
1.4.84629.2
1.4.84629.5
1.4.84685.2
1.4.84685.5
1.4.84800.2
1.4.84800.4
1.4.84854.2
1.4.84862.2
1.4.84882.2
1.4.84919.2
1.4.84919.3
1.4.85231.2
1.4.85231.4
1.4.85420.2
1.4.85420.4
1.4.85516.2
1.4.85650.2
1.4.85712.2
1.4.85712.4
1.4.85735.2
1.4.85735.4
1.4.85821.2
1.4.85821.3
1.4.85832.2
1.4.85832.3
1.4.85877.2
1.4.85877.5
1.4.86943.2
1.4.87559.2
1.4.87559.5
1.4.87842.2
1.4.87842.4
1.4.88044.2
1.4.88282.2
1.4.88348.2
1.4.88793.2
1.4.88793.3
1.4.88989.2
1.4.88989.4
1.4.89057.2
1.4.89057.3
1.4.89227.2
1.4.89227.5
1.4.89482.2
1.4.89584.2
1.4.89584.4
1.4.89678.2
1.4.89678.4
1.4.89797.2
1.4.89857.2
1.4.90222.2
1.4.90263.2
1.4.90766.2
1.4.90775.2
1.4.90899.2
1.4.90899.3
1.4.90964.2
1.4.90964.3
1.4.91467.2
1.4.91467.3
1.4.91621.2
1.4.91621.3
1.4.91627.2
1.4.91627.4
1.4.91631.2
1.4.91910.2
1.4.92180.2
1.4.92519.2
1.4.92669.2
1.4.92895.2
1.4.92895.5
1.4.93238.2
1.4.93238.4
1.4.93412.2
1.4.93728.2
1.4.93728.3
1.4.93854.2
1.4.93883.2
1.4.93883.3
1.4.94140.2
1.4.94468.2
1.4.94468.5
1.4.94640.2
1.4.94640.4
1.4.95139.2
1.4.95173.2
1.4.95173.3
1.4.95288.2
1.4.95288.4
1.4.95383.2
1.4.95383.3
1.4.95490.2
1.4.95671.2
1.4.97069.2
1.4.97069.5
1.4.97128.2
1.4.97128.4
1.4.97306.2
1.4.97306.4
1.4.97569.2
1.4.97602.2
1.4.97909.2
1.4.97909.3
1.4.98719.2
1.4.98760.2
1.4.98760.4
1.4.98788.2
1.4.98828.2
1.4.98852.2
1.4.98852.4
1.4.99152.2
1.4.99413.2
1.4.99413.4
1.4.99687.2
1.4.99687.4
1.4.99718.2
1.4.100037.2
1.4.100037.4
1.4.100549.2
1.4.100556.2
1.4.100562.2
1.4.101156.2
1.4.101608.2
1.4.101879.2
1.4.101879.4
1.4.102048.2
1.4.102191.2
1.4.102374.2
1.4.102418.2
1.4.102687.2
1.4.102892.2
1.4.102972.2
1.4.103040.2
1.4.103040.5
1.4.103096.2
1.4.103270.2
1.4.103418.2
1.4.103462.2
1.4.103462.5
1.4.103807.2
1.4.103809.2
1.4.104013.2
1.4.104013.5
1.4.104823.2
1.4.104823.4
1.4.105135.2
1.4.105135.5
1.4.105717.2
1.4.105717.4
1.4.105829.2
1.4.105863.2
1.4.106010.2
1.4.106010.5
1.4.106315.2
1.4.106381.2
1.4.106527.2
1.4.106527.3
1.4.106665.2
1.4.106738.2
1.4.106738.4
1.4.106852.2
1.4.107108.2
1.4.107108.4
1.4.107112.2
1.4.107112.4
1.4.107153.2
1.4.107153.3
1.4.107311.2
1.4.107311.3
1.4.107486.2
1.4.107486.3
1.4.107740.2
1.4.107740.3
1.4.107782.2
1.4.107782.5
1.4.107844.2
1.4.107906.2
1.4.107906.4
1.4.108386.2
1.4.108386.3
1.4.108537.2
1.4.108637.2
1.4.108672.2
1.4.108672.5
1.4.108912.2
1.4.108971.2
1.4.108971.4
1.4.109070.2
1.4.109073.2
1.4.109073.4
1.4.109121.2
1.4.109121.4
1.4.109147.2
1.4.109147.3
1.4.109167.2
1.4.109167.5
1.4.109204.2
1.4.109275.2
1.4.109470.2
1.4.109470.4
1.4.109472.2
1.4.109620.2
1.4.109663.2
1.4.109711.2
1.4.109757.2
1.4.109757.5
1.4.109897.2
1.4.110180.2
1.4.110243.2
1.4.110387.2
1.4.110387.4
1.4.110524.2
1.4.110524.4
1.4.110637.2
1.4.110701.2
1.4.110741.2
1.4.110829.2
1.4.110829.4
1.4.110946.2
1.4.110946.5
1.4.110979.2
1.4.111095.2
1.4.111138.2
1.4.111274.2
1.4.111313.2
1.4.111341.2
1.4.111341.4
1.4.111889.2
1.4.111889.3
1.4.112001.2
1.4.112001.3
1.4.112005.2
1.4.112005.3
1.4.112264.2
1.4.112264.4
1.4.112807.2
1.4.112807.5
1.4.112848.2
1.4.112848.4
1.4.112910.2
1.4.113118.2
1.4.113123.2
1.4.113134.2
1.4.113532.2
1.4.113619.2
1.4.113671.2
1.4.113807.2
1.4.114008.2
1.4.114008.4
1.4.114307.2
1.4.114443.2
1.4.114945.2
1.4.115068.2
1.4.115175.2
1.4.115175.3
1.4.115316.2
1.4.115539.2
1.4.115539.5
1.4.115670.2
1.4.115670.5
1.4.115924.2
1.4.115924.4
1.4.115934.2
1.4.115934.4
1.4.116047.2
1.4.116047.4
1.4.116291.2
1.4.116505.2
1.4.116517.2
1.4.116517.5
1.4.116628.2
1.4.116634.2
1.4.116634.5
1.4.116862.2
1.4.116949.2
1.4.117030.2
1.4.117030.3
1.4.117199.2
1.4.117348.2
1.4.117348.4
1.4.117511.2
1.4.118751.2
1.4.118751.4
1.4.118818.2
1.4.118818.5
1.4.118876.2
1.4.118902.2
1.4.119234.2
1.4.119336.2
1.4.119448.2
1.4.119448.4
1.4.119565.2
1.4.119565.5
1.4.119608.2
1.4.119608.4
1.4.119648.2
1.4.119716.2
1.4.119716.4
1.4.119834.2
1.4.119872.2
1.4.119872.5
1.4.120017.2
1.4.120292.2
1.4.120352.2
1.4.120391.2
1.4.120858.2
1.4.121083.2
1.4.121083.4
1.4.121172.2
1.4.121597.2
1.4.121597.4
1.4.121796.2
1.4.121796.4
1.4.121868.2
1.4.122076.2
1.4.122264.2
1.4.122508.2
1.4.122508.5
1.4.122522.2
1.4.122772.2
1.4.122772.4
1.4.122873.2
1.4.122873.4
1.4.123081.2
1.4.123081.4
1.4.123371.2
1.4.123371.4
1.4.123796.2
1.4.123796.4
1.4.123899.2
1.4.123925.2
1.4.123925.4
1.4.124171.2
1.4.124436.2
1.4.124436.4
1.4.124441.2
1.4.124982.2
1.4.125017.2
1.4.125024.2
1.4.125024.5
1.4.125030.2
1.4.125030.4
1.4.125243.2
1.4.125243.3
1.4.125266.2
1.4.125266.4
1.4.125659.2
1.4.125659.5
1.4.125774.2
1.4.125774.3
1.4.125788.2
1.4.125930.2
1.4.126202.2
1.4.126522.2
1.4.126659.2
1.4.126786.2
1.4.126943.2
1.4.126943.5
1.4.127036.2
1.4.127036.4
1.4.127059.2
1.4.127059.4
1.4.127078.2
1.4.127078.3
1.4.127548.2
1.4.127592.2
1.4.127765.2
1.4.127900.2
1.4.128018.2
1.4.128018.4
1.4.128089.2
1.4.128134.2
1.4.128134.5
1.4.128254.2
1.4.128254.5
1.4.128297.2
1.4.128641.2
1.4.128641.4
1.4.128669.2
1.4.128761.2
1.4.128850.2
1.4.129014.2
1.4.129571.2
1.4.129821.2
1.4.129837.2
1.4.130006.2
1.4.130006.3
1.4.130028.2
1.4.130028.4
1.4.130147.2
1.4.130148.2
1.4.130323.2
1.4.130435.2
1.4.130435.4
1.4.130633.2
1.4.130633.3
1.4.130671.2
1.4.130832.2
1.4.130832.5
1.4.130887.2
1.4.131019.2
1.4.131220.2
1.4.131220.4
1.4.131442.2
1.4.131450.2
1.4.131738.2
1.4.131738.4
1.4.131774.2
1.4.131821.2
1.4.132016.2
1.4.132172.2
1.4.132573.2
1.4.132788.2
1.4.133045.2
1.4.133222.2
1.4.133222.5
1.4.133313.2
1.4.133645.2
1.4.133645.5
1.4.134304.2
1.4.134357.2
1.4.134357.4
1.4.134540.2
1.4.134540.5
1.4.135024.2
1.4.135024.4
1.4.135059.2
1.4.135059.3
1.4.135161.2
1.4.135161.4
1.4.135797.2
1.4.135805.2
1.4.136047.2
1.4.136053.2
1.4.136053.4
1.4.136120.2
1.4.136376.2
1.4.136420.2
1.4.136535.2
1.4.136535.5
1.4.136627.2
1.4.136627.3
1.4.136928.2
1.4.137192.2
1.4.137192.3
1.4.137371.2
1.4.137371.4
1.4.137383.2
1.4.137509.2
1.4.137685.2
1.4.137851.2
1.4.137851.3
1.4.138010.2
1.4.138010.5
1.4.138119.2
1.4.138129.2
1.4.138133.2
1.4.138133.5
1.4.138212.2
1.4.138212.4
1.4.138423.2
1.4.138423.3
1.4.138755.2
1.4.138905.2
1.4.138905.5
1.4.139187.2
1.4.139187.5
1.4.139307.2
1.4.139307.3
1.4.139374.2
1.4.139374.5
1.4.139406.2
1.4.139406.4
1.4.139533.2
1.4.139533.4
1.4.139661.2
1.4.139892.2
1.4.139916.2
1.4.140351.2
1.4.140417.2
1.4.140429.2
1.4.140816.2
1.4.140865.2
1.4.140955.2
1.4.140955.5
1.4.141309.2
1.4.141408.2
1.4.141408.4
1.4.141535.2
1.4.141599.2
1.4.141781.2
1.4.142221.2
1.4.142564.2
1.4.142564.4
1.4.142696.2
1.4.142696.3
1.4.142712.2
1.4.143112.2
1.4.143112.4
1.4.143246.2
1.4.143601.2
1.4.143715.2
1.4.143770.2
1.4.143787.2
1.4.144077.2
1.4.144123.2
1.4.144123.4
1.4.144138.2
1.4.144138.3
1.4.144542.2
1.4.144542.5
1.4.144743.2
1.4.144852.2
1.4.144852.3
1.4.144908.2
1.4.145254.2
1.4.145254.3
1.4.145409.2
1.4.145409.4
1.4.145616.2
1.4.145809.2
1.4.146339.2
1.4.146444.2
1.4.146734.2
1.4.146734.5
1.4.146762.2
1.4.146972.2
1.4.147004.2
1.4.147680.2
1.4.147680.4
1.4.147747.2
1.4.147980.2
1.4.147980.4
1.4.148038.2
1.4.148038.5
1.4.148465.2
1.4.148657.2
1.4.148657.3
1.4.148660.2
1.4.148669.2
1.4.149195.2
1.4.149195.5
1.4.149263.2
1.4.149263.4
1.4.149352.2
1.4.149352.4
1.4.149626.2
1.4.149984.2
1.4.150219.2
1.4.150219.4
1.4.150382.2
1.4.150658.2
1.4.150924.2
1.4.151024.2
1.4.151024.3
1.4.151241.2
1.4.151279.2
1.4.151586.2
1.4.151586.3
1.4.151639.2
1.4.151639.4
1.4.151962.2
1.4.151962.3
1.4.152314.2
1.4.152645.2
1.4.152817.2
1.4.152817.3
1.4.152935.2
1.4.152935.3
1.4.152956.2
1.5.42.11.2.1.6.1.9
1.5.54.20.2.1.4.2.5.2
1.5.550.16.2.1.14.3
1.5.1018.6.2.1
1.5.1518.18.2.1.4.3
1.5.2280.12.2.1.24.1.14.1.7
1.5.2928.20.2.1
1.5.3424.14.2.1.3.1.9.1.5
1.5.3844.6.2.1.4.6
1.5.4327.10.2.1.15.1.2.2.21
1.5.4702.10.2.1.5.3.4.1
1.5.4708.7.2.1.13.5.7.3
1.5.4864.12.2.1.9.4.9
1.5.4934.10.2.1.6.4.10.1
1.5.5205.28.2.1.2.2.2.1
1.5.5248.9.2.1.4.1.1.1.7
1.5.5681.12.2.1.2.2.4.1.1
1.5.5883.14.2.1.9.2
1.5.6160.17.2.1.8.3.11.3
1.5.6247.6.2.1.5.3.1.1.15
1.5.6585.26.2.1.9.1.10.1
1.5.6805.19.2.1.15.7.36.9.50
1.5.6834.13.2.1.7.1.2
1.5.6970.8.2.1.7
1.5.7202.13.2.1.2.2.3
1.5.7671.16.2.1.14.3
1.5.8148.12.2.1.4
1.5.8655.18.2.1.4.3
1.5.9436.9.2.1.3.1.2.3.39
1.5.9671.11.2.1.7.2.8.1
1.5.9803.18.2.1.15.1
1.5.10327.11.2.1.2
1.5.10540.14.2.1.3.1.9.1.5
1.5.10932.6.2.1.15.4.3.3
1.5.11375.10.2.1.15.1.2.2.21
1.5.11717.10.2.1.5.3.4.1
1.5.11723.7.2.1.15.1.6.2
1.5.11878.12.2.1.9.4.9
1.5.12209.28.2.1.2.2.2.1
1.5.12693.12.2.1.2.2.4.1.1
1.5.12898.14.2.1.8.2
1.5.13187.17.2.1.8.3.11.3
1.5.13279.6.2.1.5.3.1.1.15
1.5.13448.13.2.1.13.1.1.5.10.18
1.5.13547.10.2.1.4.2
1.5.13625.10.2.1.10
1.5.13760.8.2.1.19.5.22.1
1.5.13804.14.2.1
1.5.13842.10.2.1.37
1.5.13862.11.2.1.4.1.5.6.45
1.5.13896.17.2.1.11.5.18.4
1.5.13994.9.2.1.23.4.8
1.5.14123.7.2.1
1.5.14262.9.2.1
1.5.14674.6.2.1.7.1.4.1
1.5.14729.16.2.1.14.3
1.5.15208.6.2.1
1.5.15721.18.2.1.4.3
1.5.16422.10.2.1.1.1.4
1.5.16519.9.2.1.3.1.2.3.43
1.5.16756.11.2.1.7.2.8.1
1.5.17611.6.2.1.4.3
1.5.17677.14.2.1.3.1.9.1.5
1.5.17815.6.2.1.3.3
1.5.18073.6.2.1.36.5
1.5.18559.10.2.1.26.1.2.2.21
1.5.18916.7.2.1.2.1.4.1
1.5.19061.12.2.1.9.4.9
1.5.19387.28.2.1.2.2.2.1
1.5.19426.10.2.1.29
1.5.19858.12.2.1.2.2.4.1.1
1.5.20434.6.2.1.5.3.1.1.15
1.5.20692.10.2.1.4.2
1.5.20775.10.2.1.10
1.5.20978.28.2.1.7.1.9
1.5.21001.13.2.1.7.1.2
1.5.21135.9.2.1.23.4.8
1.5.21277.7.2.1
1.5.21406.13.2.1.2.2.3
1.5.21894.16.2.1.14.3
1.5.21927.8.2.1.6.1.3.3.30
1.5.22342.18.2.1.2
1.5.23631.12.2.1.24.1.14.1.7
1.5.23848.11.2.1.7.2.8.1
1.5.24678.7.2.1.5.9
1.5.24733.7.2.1.21.1.5
1.5.25137.6.2.1.4.6
1.5.25593.10.2.1.15.1.2.2.21
1.5.25968.10.2.1.5.4.4.1
1.5.25974.7.2.1.13.5.7.3
1.5.26452.13.2.1.4.1.1
1.5.26493.9.2.1.4.1.1.1.25
1.5.27115.8.2.1.2.2
1.5.27390.18.2.1.8.3.11.3
1.5.27482.6.2.1.5.3.1.1.15
1.5.27651.13.2.1.13.1.1.5.10.18
1.5.28006.14.2.1
1.5.28063.13.2.1.7.1.2
1.5.28450.13.2.1.2.2.3
1.5.29379.12.2.1.5
1.5.29858.9.2.1.2.2.5
1.5.29899.18.2.1.4.3
1.5.30627.6.2.1.10.3.9.1.1
1.5.30721.9.2.1.10.1.13
1.5.31803.7.2.1.5.9
1.5.32231.6.2.1.10.3
1.5.32268.6.2.1.15.4.3.3
1.5.32736.10.2.1.26.1.2.2.21
1.5.33089.10.2.1.5.4.4.1
1.5.33095.7.2.1.13.5.7.3
1.5.33261.16.2.1.2.1.1
1.5.33594.28.2.1.2.2.2.1
1.5.34258.14.2.1.8.2
1.5.34560.13.2.1.15.8.26
1.5.34627.6.2.1.5.3.1.1.15
1.5.34821.13.2.1.3.1.8.1
1.5.34936.10.2.1.4.2
1.5.35246.28.2.1.7.1.19
1.5.35269.13.2.1.7.1.2
1.5.35404.9.2.1.23.4.8
1.5.35533.7.2.1
1.5.35674.9.2.1
1.5.36570.18.2.1.2
1.5.37089.18.2.1.4.3
1.5.37772.6.2.1.10.1.1.1.4
1.5.37858.9.2.1.10.1.13
1.5.38231.18.2.1.16.1
1.5.38401.9.2.1
1.5.38917.6.2.1.4.3
1.5.38969.7.2.1.21.1.5
1.5.39100.6.2.1.3.3
1.5.39365.6.2.1.15.4.3.3
1.5.39822.10.2.1.26.1.2.2.21
1.5.40150.8.2.1.4.1.70.3
1.5.40305.16.2.1.1.5.9.6.21
1.5.40312.14.2.1.2.2.7.1
1.5.40370.10.2.1.6.4.10.1
1.5.40639.28.2.1.2.2.2.1
1.5.41578.17.2.1.8.4.11.3
1.5.41670.6.2.1.5.3.1.1.15
1.5.41864.13.2.1.3.1.8.1
1.5.41979.10.2.1.4.2
1.5.42232.14.2.1
1.5.42270.10.2.1.37
1.5.42288.11.2.1.4.1.5.8.45
1.5.42322.17.2.1.11.5.18.4
1.5.42712.9.2.1
1.5.43147.6.2.1.7.1.4.1
1.5.43664.12.2.1.4
1.5.44884.6.2.1.10.1.1.1.4
1.5.44971.12.2.1.24.1.14.1.7
1.5.45199.11.2.1.7.2.8.1
1.5.45331.18.2.1.16.1
1.5.45592.20.2.1
1.5.46505.6.2.1.4.6
1.5.47008.10.2.1.26.1.2.2.21
1.5.47345.10.2.1.5.3.4.1
1.5.47351.7.2.1.13.5.7.3
1.5.47496.6.2.1.12.4.18
1.5.47537.8.2.1.21.6.10.2
1.5.47827.28.2.1.2.2.2.1
1.5.48490.14.2.1.9.2
1.5.48774.18.2.1.8.3.11.3
1.5.48864.6.2.1.5.3.1.1.15
1.5.49044.13.2.1.3.1.26.5
1.5.49252.10.2.1.1.1.13.4
1.5.49393.14.2.1
1.5.49426.28.2.1.7.1.9
1.5.49449.13.2.1.7.1.2
1.5.49591.9.2.1.23.4.8
1.5.49730.7.2.1
1.5.49859.13.2.1.2.2.3
1.5.50813.12.2.1.4
1.5.51313.18.2.1.4.3
1.5.52026.6.2.1.10.1.1.1.4
1.5.52118.9.2.1.10.1.13
1.5.53191.7.2.1.5.9
1.5.53253.14.2.1.3.1.9.1.5
1.5.53391.6.2.1.3.3
1.5.53651.6.2.1.4.6
1.5.54135.10.2.1.26.1.2.2.21
1.5.54494.7.2.1.11.1.1.1
1.5.54713.10.2.1.6.4.10.1
1.5.54979.28.2.1.2.2.2.1
1.5.55654.8.2.1.2.2
1.5.56010.6.2.1.5.3.1.1.15
1.5.56179.13.2.1.13.1.1.5.10.18
1.5.56354.26.2.1.9.1.10.1
1.5.56524.14.2.1
1.5.56581.13.2.1.7.1.2
1.5.56986.13.2.1.2.2.3
1.5.57413.6.2.1.7.1.4.1
1.5.57929.6.2.1
1.5.59146.10.2.1.1.1.4
1.5.61263.10.2.1.26.1.2.2.21
1.5.61590.8.2.1.4.1.70.3
1.5.62094.28.2.1.2.2.2.1
1.5.62781.14.2.1.9.2
1.5.63103.13.2.1.15.8.26
1.5.63162.6.2.1.5.3.1.1.15
1.5.63356.13.2.1.3.1.8.1
1.5.63471.10.2.1.4.2
1.5.63765.28.2.1.7.1.9
1.5.63787.13.2.1.7.1.2
1.5.63928.9.2.1.23.4.8
1.5.64201.9.2.1
1.5.64641.6.2.1.7.1.4.1
1.5.64728.8.2.1.6.1.3.3.30
1.5.65143.12.2.1.5
1.5.65211.8.2.1
1.5.65686.18.2.1.4.3
1.5.66702.11.2.1.7.2.8.1
1.5.67601.7.2.1.21.1.5
1.5.68016.6.2.1.4.6
1.5.68502.10.2.1.15.1.2.2.21
1.5.68818.8.2.1.4.1.70.3
1.5.68975.16.2.1.2.1.1
1.5.69015.8.2.1.15.5.2.2
1.5.69311.13.2.1.4.1.1
1.5.69352.9.2.1.4.1.1.1.25
1.5.69977.14.2.1.8.2
1.5.70254.17.2.1.8.3.11.3
1.5.70346.6.2.1.5.3.1.1.15
1.5.70540.13.2.1.3.1.8.1
1.5.70754.10.2.1.1.1.13.4
1.5.70899.14.2.1
1.5.70936.15.2.1.8
1.5.70958.13.2.1.7.1.2
1.5.71100.9.2.1.23.4.8
1.5.71352.13.2.1.2.2.3
1.5.71857.16.2.1.14.3
1.5.71891.8.2.1.6.1.3.3.30
1.6.213.8.2.1.3.1.5.3.24
1.6.1488.8.2.1.8.1.8.3
1.6.1791.8.2.1.4
1.6.1920.8.2.1
1.6.2326.8.2.1.45.4.21.3.33
1.6.2806.8.2.1
1.6.3077.8.2.1.10
1.6.3147.8.2.1.2.1.5
1.6.3620.8.2.1
1.6.4021.8.2.1.6.2.16.2
1.6.4169.8.2.1.10.1.2
1.6.4546.8.2.1.14.2
1.6.4703.8.2.1.6
1.6.4757.8.2.1.3
1.6.5144.8.2.1.17
1.6.5257.8.2.1.25.1
1.6.5294.8.2.1.3.2
1.6.5309.8.2.1.2.3.8.1
1.6.5340.8.2.1.1.2.9.1
1.6.5880.8.2.1.2.1.2.2
1.6.6177.8.2.1.18.1.6.1
1.6.6203.8.2.1.17.2
1.6.6295.8.2.1.7.2.2.1.6
1.6.6375.8.2.1.14.4.4
1.6.6478.8.2.1.8.2.16.3
1.6.6579.8.2.1.5
1.6.6926.8.2.1.15
1.6.6957.8.2.1.2.1.3
1.6.6994.8.2.1.5.11.26.4
1.6.7119.8.2.1.4
1.6.7429.8.2.1.2.1
1.6.7558.8.2.1.2.1.5.3.17
1.6.7991.8.2.1
1.6.8024.8.2.1.5.1
1.6.8038.8.2.1.11.3.8
1.6.8358.8.2.1.3.1.5.3.24
1.6.8529.8.2.1.17
1.6.9697.8.2.1.8.1.8.3
1.6.10032.8.2.1.4
1.6.10159.8.2.1
1.6.10339.8.2.1
1.6.10555.8.2.1.45.4.21.2.33
1.6.11116.8.2.1.1.1.15.1.1
1.6.11309.8.2.1.10
1.6.11379.8.2.1.18
1.6.11833.8.2.1.10.7
1.6.12352.8.2.1
1.6.12407.8.2.1.9
1.6.12781.8.2.1
1.6.12940.8.2.1.6
1.6.13375.8.2.1.4.2.6
1.6.13482.8.2.1.25.1
1.6.13519.8.2.1.3.2
1.6.13533.8.2.1.2.3.25.1
1.6.13564.8.2.1.1.2.9.1
1.6.13844.8.2.1.2.1.5.1.11
1.6.14080.8.2.1.2.1.2.2
1.6.14380.8.2.1.12.1
1.6.14501.8.2.1.7.2.2.1.6
1.6.14581.8.2.1.14.4.4
1.6.14613.8.2.1.13.4
1.6.14709.8.2.1.15.3.5.4.24.11
1.6.15160.8.2.1.7.4.30
1.6.15190.8.2.1.2.1.19.5.10
1.6.15349.8.2.1.18
1.6.15662.8.2.1.2.1
1.6.15695.8.2.1.9.1.1.4
1.6.15794.8.2.1
1.6.16157.8.2.1.13.2
1.6.16220.8.2.1
1.6.16252.8.2.1.5.1
1.6.16522.8.2.1
1.6.16587.8.2.1.3.1.5.3.24
1.6.16757.8.2.1.17
1.6.17920.8.2.1.8.1.8.3
1.6.18129.8.2.1.4.5.40
1.6.18235.8.2.1.4
1.6.18366.8.2.1
1.6.18536.8.2.1
1.6.19099.8.2.1
1.6.19350.8.2.1.1.1.15.1.1
1.6.19534.8.2.1.10
1.6.19981.8.2.1.8.1.2.1
1.6.20022.8.2.1
1.6.20529.8.2.1
1.6.20583.8.2.1.1
1.6.20973.8.2.1.14.2
1.6.21134.8.2.1.4.1.1.2.8
1.6.21143.8.2.1.19.8.26.1
1.6.21190.8.2.1.3
1.6.21562.8.2.1.5.3.5
1.6.21717.8.2.1.2.3.14.1
1.6.21748.8.2.1.1.2.9.1
1.6.22264.8.2.1.2.1.2.2
1.6.22575.8.2.1.23.1.21.4
1.6.22697.8.2.1.7.2.2.1.6
1.6.22775.8.2.1.14.4.4
1.6.22889.8.2.1.15.3.5.4.56.12
1.6.22984.8.2.1.5
1.6.23318.8.2.1.9
1.6.23345.8.2.1.2.1.10.5.10
1.6.23511.8.2.1.4
1.6.23964.8.2.1
1.6.24399.8.2.1
1.6.24431.8.2.1.8.1
1.6.24733.8.2.1
1.6.24798.8.2.1.3.1.5.3.24
1.6.24951.8.2.1.10.1.1.4.6
1.6.26089.8.2.1.8.1.8.3
1.6.26410.8.2.1.4
1.6.26524.8.2.1
1.6.27277.8.2.1
1.6.27527.8.2.1.1.1.16.4.17
1.6.27783.8.2.1.2.1.5
1.6.28281.8.2.1.10.7
1.6.28812.8.2.1
1.6.28864.8.2.1.9
1.6.29442.8.2.1.6
1.6.29870.8.2.1.5.3.5
1.6.29975.8.2.1.25.1
1.6.30011.8.2.1.3.2
1.6.30026.8.2.1.2.3.8.1
1.6.30057.8.2.1.1.2.9.1
1.6.30556.8.2.1.2.1.2.2
1.6.30858.8.2.1.18.1.6.1
1.6.30973.8.2.1.7.2.6.1.6
1.6.31051.8.2.1.14.4.4
1.6.31083.8.2.1.13.4
1.6.31270.8.2.1.5
1.6.31389.8.2.1.10.6.12.1.7
1.6.31611.8.2.1.3.1.8.1.4
1.6.31644.8.2.1.2.1.28.5.10
1.6.31786.8.2.1.18
1.6.32103.8.2.1.2.1
1.6.32609.8.2.1.13.2
1.6.32666.8.2.1
1.6.33024.8.2.1.3.1.5.3.24
1.6.33189.8.2.1.17
1.6.33799.8.2.1.6.6.10.3
1.6.34325.8.2.1.8.1.8.3
1.6.34538.8.2.1.4.5.40
1.6.34636.8.2.1.4
1.6.34750.8.2.1
1.6.35144.8.2.1.45.4.21.3.33
1.6.35470.8.2.1
1.6.35728.8.2.1.1.1.15.1.1
1.6.35926.8.2.1.10
1.6.36432.8.2.1
1.6.36964.8.2.1
1.6.37011.8.2.1.10.1.2
1.6.37411.8.2.1
1.6.37579.8.2.1.4.1.1.2.8
1.6.37588.8.2.1.19.8.26.1
1.6.38037.8.2.1.5.3.5
1.6.38190.8.2.1.2.3.8.1
1.6.38221.8.2.1.1.2.9.1
1.6.38362.8.2.1.10.2.40.3
1.6.38735.8.2.1.2.1.2.2
1.6.39032.8.2.1
1.6.39162.8.2.1.7.2.2.1.6
1.6.39254.8.2.1.14.4.4
1.6.39281.8.2.1.36.8
1.6.39364.8.2.1.15.3.5.4.24.21
1.6.39612.8.2.1
1.6.39833.8.2.1.10.3.4
1.6.39865.8.2.1.2.1.28.5.10
1.6.40031.8.2.1.4
1.6.40341.8.2.1.2.1
1.6.40470.8.2.1.2.1.5.3.17
1.6.40900.8.2.1
1.6.40932.8.2.1.8.1
1.6.41309.8.2.1.3.1.5.3.24
1.6.42648.8.2.1.8.1.8.3
1.6.42982.8.2.1.9.1.1
1.6.43096.8.2.1
1.6.43841.8.2.1
1.6.44087.8.2.1.1.1.15.1.1
1.6.44270.8.2.1.10
1.6.44801.8.2.1.10.7
1.6.45222.8.2.1.6.2.16.2
1.6.45337.8.2.1
1.6.45384.8.2.1.10.1.2
1.6.45730.8.2.1.44.1.4.2
1.6.45908.8.2.1.1
1.6.45913.8.2.1.3.2.30.7
1.6.46343.8.2.1.5.3.5
1.6.46479.8.2.1.3.2
1.6.46508.8.2.1.1.2.9.1
1.6.47018.8.2.1.2.1.2.2
1.6.47444.8.2.1.7.2.2.1.6
1.6.47528.8.2.1.14.4.4
1.6.47555.8.2.1.36.8
1.6.47638.8.2.1.15.3.5.4.24.27
1.6.47841.8.2.1.10.6.12.1.7
1.6.48061.8.2.1.17
1.6.48090.8.2.1.2.1.10.5.10
1.6.48258.8.2.1.18
1.6.48564.8.2.1.2.1
1.6.48597.8.2.1.9.1.1.4
1.6.48696.8.2.1
1.6.49041.8.2.1.13.2
1.6.49123.8.2.1.5.1
1.6.49478.8.2.1.3.1.5.3.24
1.6.50990.8.2.1.4.5.42
1.6.51095.8.2.1.4
1.6.51213.8.2.1
1.6.51393.8.2.1
1.6.51617.8.2.1.45.4.21.3.33
1.6.52181.8.2.1.1.1.15.1.1
1.6.52362.8.2.1.10
1.6.52432.8.2.1.18
1.6.52889.8.2.1
1.6.53399.8.2.1
1.6.53454.8.2.1.9
1.6.53865.8.2.1
1.6.54046.8.2.1.10.1.22
1.6.54484.8.2.1.5.3.5
1.6.54614.8.2.1.10.3
1.6.54643.8.2.1.1.2.9.1
1.6.55458.8.2.1.12.1
1.6.55587.8.2.1.7.2.2.1.6
1.6.55667.8.2.1.14.4.4
1.6.55781.8.2.1.15.3.5.4.56.12
1.6.56228.8.2.1.19.3.10.1.9
1.6.56258.8.2.1.2.1.3
1.6.56419.8.2.1.6
1.6.56727.8.2.1.2.1
1.6.56760.8.2.1.9.1.1.4
1.6.56851.8.2.1
1.6.57248.8.2.1.13.2
1.6.57311.8.2.1
1.6.57343.8.2.1.5.1
1.6.57357.8.2.1.11.3.8
1.6.57685.8.2.1.3.1.5.3.24
1.6.57858.8.2.1.17
1.6.58227.8.2.1.2.2.2.1.8
