1.1.1.17.15.2.5.7.14.6.8
1.1.1.54.30.1.20.2
1.1.1.70.9.1.6.8
1.1.1.85.9.3.4
1.1.1.153.9.1.4.14
1.1.1.168.47.1.17.20
1.1.1.372.5.1.5.4.11
1.1.1.379.18.2.4.2.8
1.1.1.393.26.1.18.7
1.1.1.459.14.2.18.12.19
1.1.1.510.5.1.3.2.15.2.27.9
1.1.1.565.14.2.5.8
1.1.1.731.10.2.8
1.1.1.752.5.1.21
1.1.1.830.10.5.4
1.1.1.835.10.1.5.3
1.1.1.871.5.1.36.17.19.1
1.1.1.876.16.2.9
1.1.1.1003.13.1.11
1.1.1.1157.37.2.15.10.7.1.2
1.1.1.1217.9.1.4
1.1.1.1289.16.2.10.1.1.9.15
1.1.1.1313.31.2.5.2.15.5
1.1.1.1439.9.2.12
1.1.1.1473.17.1.6.5
1.1.1.1477.5.1.2.1
1.1.1.1503.8.1.6
1.1.1.1514.43.1.4.6
1.1.1.1522.5.1.1.2.9
1.1.1.1572.5.1.6.4
1.1.1.1641.19.1.4.9.3
1.1.1.1649.5.1
1.1.1.1654.47.1.28
1.1.1.1712.9.2.9.11
1.1.1.1778.9.1.15.6
1.1.1.1791.22.3.19.8
1.1.1.1822.5.1.3
1.1.1.1881.5.1.1.17.6
1.1.1.1995.3
1.1.1.2026.5.1.2.9.15
1.1.1.2135.5.1.1.3.17.3.53
1.1.1.2195.23.2
1.1.1.2197.5.1.18
1.1.1.2207.5.1.5.3.1.5
1.1.1.2310.8.1.7
1.1.1.2413.10.1.13
1.1.1.2425.5.1.23
1.1.1.2530.5.1.14
1.1.1.2700.16.3.12.2.8
1.1.1.2840.3
1.1.1.2913.21.2.27
1.1.1.2915.5.1.1.17.15
1.1.1.2944.9.1.4
1.1.2.3304.5.1.3.1.2.7
1.1.2.3318.19.2.4.23
1.1.2.3322.27.2.13.8.14.2
1.1.2.3375.5.1
1.1.2.3424.12.1.4.2
1.1.2.3471.50.2.14.24
1.1.2.3699.5.1.6
1.1.2.3828.17.2.33.1.11.3.16
1.1.2.3845.15.2
1.1.2.3935.5.1.16.6
1.1.2.3960.5.1.6
1.1.2.3991.15.2.15.1.3.1.3
1.1.2.4005.20.2.4
1.1.2.4027.24.1.9
1.1.2.4028.5.1.1.3
1.1.2.4035.18.2.24.3.12.2
1.1.2.4054.5.1.15.2
1.1.2.4250.5.1.5.1
1.1.2.4282.14.1.6.6
1.1.2.4283.19.2.7.11.11.1
1.1.2.4345.24.2.18
1.1.2.4364.13.2.15.9.12.10.16
1.1.2.4381.5.1.1
1.1.2.4406.5.1.4.1.2
1.1.2.4406.5.1.7.1.7
1.1.2.4424.20.2.8.3
1.1.2.4534.27.2.10.6
1.1.2.4679.14.2.6.1.1.1.4
1.1.2.4709.5.1.2.2.5.2.19
1.1.2.4751.5.1.1.14
1.1.2.4761.9.1.4
1.1.2.4809.5.1
1.1.2.4857.5.1.2.14.12.2
1.1.2.5028.19.1.8
1.1.2.5034.5.1.2
1.1.2.5088.13.2
1.1.2.5122.18.2.23.4.8
1.1.2.5162.19.2.6.3
1.1.2.5180.32.1.9.10
1.1.2.5226.25.2.5.3
1.1.2.5331.10.2.4
1.1.2.5386.17.3.27
1.1.2.5386.20.1.32
1.1.2.5428.30.1.20.2
1.1.2.5444.9.1.6.8
1.1.2.5459.9.3.4
1.1.2.5523.5.1.14
1.1.2.5534.5.1.5.5.31
1.1.2.5590.11.1.8
1.1.2.5711.26.1.28
1.1.2.5779.18.2.4.2.4
1.1.2.5793.26.1.18.7
1.1.2.5847.67.1.20.9
1.1.2.5864.5.1.4.1.6
1.1.2.5903.5.1.18.10.27.7.18.7
1.1.2.5956.14.2.5.8
1.1.2.6121.10.2.8
1.1.2.6148.15.3.6
1.1.2.6218.5.1
1.1.2.6271.29.1.13.10
1.1.2.6549.37.2.15.10.7.1.2
1.1.2.6579.5.1.2.12.21.1
1.1.2.6609.9.1.4
1.1.2.6676.16.2.10.1.1.9.15
1.1.2.6699.5.1.3.2
1.1.2.6775.30.2.4
1.1.2.6812.5.1.4.42.25.10.26
1.1.2.6830.10.1.7.9.18
1.1.2.6852.25.2.25
1.1.2.6852.25.3.4.12
1.1.2.6883.17.1.4.1
1.1.2.6891.5.1.1.2.9
1.1.2.6941.5.1.6.4
1.1.2.7010.19.1.4.9.3
1.1.2.7023.8.1.14
1.1.2.7082.17.2
1.1.2.7113.21.1.28.5.8
1.1.2.7162.9.1.15.6
1.1.2.7175.22.3.19.8
1.1.2.7206.5.1.3
1.1.2.7265.5.1.1.17.6
1.1.2.7309.9.2.4
1.1.2.7382.3
1.1.2.7413.5.1.2.9.15
1.1.2.7523.5.1.1.3.17.3.39
1.1.2.7583.23.2
1.1.2.7585.5.1.18
1.1.2.7595.5.1.5.3.1.5
1.1.2.7813.10.1.13
1.1.2.7825.5.1.23
1.1.2.7927.5.1.14
1.1.2.8040.10.2.4
1.1.2.8103.16.3.12.2.8
1.1.2.8232.3
1.1.2.8290.17.1.7
1.1.2.8338.9.1.4
1.1.2.8575.5.1.5
1.1.2.8823.12.1.4.2
1.1.2.8874.50.2.14.24
1.1.2.9122.10.2.11.17
1.1.2.9251.17.2.33.1.41.4.13
1.1.2.9381.5.1.3.12.23.4.4
1.1.2.9415.15.2.15.1.3.1.3
1.1.2.9428.20.2.4
1.1.2.9451.12.1.15
1.1.2.9451.12.3.4
1.1.2.9485.5.1
1.1.2.9677.5.1.5.1
1.1.2.9768.15.2.10.2.30
1.1.2.9820.15.3
1.1.2.9832.5.1.14.1.13
1.1.2.9838.36.4.6.1.2.3.27
1.1.2.9840.22.1.21.8
1.1.2.9891.5.1
1.1.2.9983.27.2.10.6
1.1.2.10089.5.1.12.9
1.1.2.10129.14.2.6.1.1.1.4
1.1.2.10165.20.2.6.1.5
1.1.2.10188.5.1
1.1.2.10223.5.1.1.14
1.1.2.10283.5.1
1.1.2.10331.5.1.2.14.12.2
1.1.2.10379.9.2.10
1.1.2.10386.13.1.4
1.1.2.10442.10.4.8.5
1.1.2.10444.8.1.5
1.1.2.10515.5.1.1.1.3
1.1.2.10544.15.3.6.1
1.1.2.10607.18.2.23.4.8
1.1.2.10642.19.2.6.3
1.1.2.10660.32.1.9.10
1.1.2.10831.20.1.18
1.1.2.10875.17.3.27
1.1.2.10875.20.1.32
1.1.2.10891.5.1.1.1
1.1.2.10933.5.1.3
1.1.2.10946.10.2.15
1.1.2.11018.9.1.4.14
1.1.2.11033.47.1.17.20
1.1.2.11138.8.1.5
1.1.2.11259.21.2.7.10.36.9
1.1.2.11340.14.2.11.6.7
1.1.2.11391.5.1.18.10.27.7.18.7
1.1.2.11444.14.2.5.8
1.1.2.11473.25.1.4
1.1.2.11617.10.2.8
1.1.2.11638.5.1.21
1.1.2.11719.5.1.10.1
1.1.2.11731.19.2.6.3
1.1.2.11748.29.1.13.10
1.1.2.11846.13.1.11
1.1.2.11907.5.1.2.2.4
1.1.2.11907.5.1.3.1.2.1
1.1.2.12002.37.2.15.10.7.1.2
1.1.2.12061.9.1.4
1.1.2.12126.16.2.10.1.1.9.17
1.1.2.12149.5.1.3.2
1.1.2.12229.5.1
1.1.2.12265.5.1.4.33.26.8.36
1.1.2.12283.10.1.7.9.18
1.1.2.12308.13.1.6.2
1.1.2.12333.8.1.6
1.1.2.12344.43.1.4.6
1.1.2.12352.5.1.1.2.9
1.1.2.12402.5.1.6.4
1.1.2.12469.19.1.4.9.3
1.1.2.12477.5.1
1.1.2.12482.10.3.8
1.1.2.12536.18.1.15.15
1.1.2.12562.21.1.30.5.8
1.1.2.12611.9.1.15.6
1.1.2.12624.22.3.19.8
1.1.2.12653.5.1.3
1.1.2.12713.31.3.7.2.6
1.1.2.12827.5.1.2.1.4.2
1.1.2.12853.20.2.16.13.34
1.1.2.12943.5.1.1.3.17.3.39
1.1.2.12984.12.1.6
1.1.2.13004.5.1.28
1.1.2.13207.14.2
1.1.2.13227.10.1.13
1.1.2.13239.5.1.23
1.1.2.13342.17.2.6.5.3.1.23
1.1.2.13370.17.1.4.6
1.1.2.13480.16.3.12.2.8
1.1.2.13620.3
1.1.2.13678.17.1.7
1.1.2.13698.13.1.6.33.50
1.1.2.13705.22.2.5.5.64.3.20
1.1.2.13729.9.1.4
1.1.2.13733.5.1
1.1.2.14080.9.2.32.3
1.1.2.14100.21.1.4.10
1.1.2.14168.5.1
1.1.2.14209.5.1.2.1.7
1.1.2.14259.50.2.14.24
1.1.2.14382.30.1.9.23
1.1.2.14499.3
1.1.2.14523.5.1.6
1.1.2.14645.17.2.33.1.11.3.43
1.1.2.14662.15.2
1.1.2.14740.30.4
1.1.2.14750.5.1.3.13.36.6.13
1.1.2.14784.15.2.15.1.3.1.3
1.1.2.14798.20.2.4
1.1.2.14821.12.1.15
1.1.2.14821.12.3.4
1.1.2.14855.5.1
1.1.2.15150.15.2.10.2.30
1.1.2.15202.15.3
1.1.2.15214.5.1.14.1.13
1.1.2.15221.13.3.16.19.5
1.1.2.15222.24.3.28
1.1.2.15271.3
1.1.3.15359.27.2.10.6
1.1.3.15426.5.1.2.1
1.1.3.15471.5.1.12.9
1.1.3.15508.14.2.6.1.1.1.4
1.1.3.15544.20.2.6.1.5
1.1.3.15567.5.1
1.1.3.15602.5.1.1.14
1.1.3.15613.6
1.1.3.15613.8.1.15
1.1.3.15707.9.1.12
1.1.3.15709.24.1.11.2.1
1.1.3.15816.27.2.21.1
1.1.3.15836.5.1.2.2.2.1.6
1.1.3.15883.14.1.5.4
1.1.3.15890.5.1.1.1
1.1.3.15891.5.1.2.1.2
1.1.3.15916.16.3.4
1.1.3.15980.18.2.23.4.8
1.1.3.15994.5.1.2.1.54.3
1.1.3.16009.19.2.6.3
1.1.3.16027.32.1.9.10
1.1.3.16165.10.2.4
1.1.3.16272.9.1.6.8
1.1.3.16287.9.3.4
1.1.3.16355.9.1.4.11
1.1.3.16370.47.1.17.20
1.1.3.16465.5.1.1.3
1.1.3.16620.26.1.18.7
1.1.3.16678.18.3.4.6
1.1.3.16691.22.3.14
1.1.3.16777.10.1.13
1.1.3.16944.10.2.8
1.1.3.16965.5.1.21
1.1.3.17039.5.1.10.1
1.1.3.17051.19.2.6.3
1.1.3.17075.5.1.36.17.31.1
1.1.3.17080.16.2.9
1.1.3.17247.5.1
1.1.3.17280.13.2.5.2.10
1.1.3.17297.3
1.1.3.17338.37.2.15.10.7.1.2
1.1.3.17368.5.1.2.12.21.1
1.1.3.17395.10.3.8
1.1.3.17469.16.2.10.1.1.9.19
1.1.3.17492.5.1.3.2
1.1.3.17626.9.2.12
1.1.3.17663.17.1.6.5
1.1.3.17667.5.1.2.1
1.1.3.17693.8.1.6
1.1.3.17704.43.1.4.6
1.1.3.17765.5.1.6.4
1.1.3.17826.19.1.4.17.7
1.1.3.17834.5.1
1.1.3.17843.77.2.4
1.1.3.17919.22.3.16.24
1.1.3.17967.9.1.15.6
1.1.3.17980.22.3.19.8
1.1.3.18011.5.1.3
1.1.3.18071.31.3.7.2.6
1.1.3.18202.3
1.1.3.18233.5.1.4
1.1.3.18343.5.1.1.3.17.3.39
1.1.3.18403.23.2
1.1.3.18405.5.1.18
1.1.3.18415.5.1.5.3.1.5
1.1.3.18518.8.1.7
1.1.3.18630.10.1.13
1.1.3.18642.5.1.23
1.1.3.18752.17.2.6.5.3.1.43
1.1.3.18788.17.1.4.6
1.1.3.18898.16.3.12.2.8
1.1.3.18957.21
1.1.3.18986.5.1.3.7
1.1.3.19039.3
1.1.3.19113.16.3.9.4.14.1.2.37
1.1.3.19143.9.1.4
1.1.3.19147.5.1
1.1.3.19378.5.1.5
1.1.3.19509.9.2.32.3
1.1.3.19534.5.1.2.1.30.6.7.15
1.1.3.19648.5.1.2.1.7
1.1.3.19698.50.2.14.24
1.1.3.19950.5.1.6
1.1.3.20076.17.2.33.1.41.4.13
1.1.3.20093.15.2
1.1.3.20180.5.1.3.12.11.7.13
1.1.3.20216.5.1.5.1.1.1.2
1.1.3.20252.12.1.8
1.1.3.20252.12.3.4
1.1.3.20286.5.1
1.1.3.20296.5.1.15.2
1.1.3.20433.5.1.4
1.1.3.20611.24.2.18
1.1.3.20630.13.2.15.9.12.10.16
1.1.3.20647.5.1.1
1.1.3.20668.8.4.8.6
1.1.3.20668.8.11.4.3
1.1.3.20687.20.2.8.3
1.1.3.20730.3
1.1.3.20827.27.2.10.6
1.1.3.20968.5.1.1.4.19
1.1.3.21003.20.2.6.1.5
1.1.3.21026.5.1
1.1.3.21050.5.1
1.1.3.21174.5.1.2.14.12.2
1.1.3.21222.9.2.10
1.1.3.21229.13.1.4
1.1.3.21284.27.2.21.1
1.1.3.21304.5.1.2.2.2.1.6
1.1.3.21358.5.1.1.1.3
1.1.3.21385.15.3.6.1
1.1.3.21442.18.2.23.4.8
1.1.3.21456.5.1.2.1.54.3
1.1.3.21479.19.2.6.3
1.1.3.21497.32.1.9.10
1.1.3.21651.20.1.18
1.1.3.21692.15.2.5.7.14.6.8
1.1.3.21729.30.1.20.2
1.1.3.21745.9.1.6.8
1.1.3.21760.9.3.4
1.1.3.21828.9.1.4.14
1.1.3.21843.47.1.17.20
1.1.3.21901.11.1.8
1.1.3.21947.8.1.5
1.1.3.22070.18.2.4.2.4
1.1.3.22084.26.1.18.7
1.1.3.22144.29.1.17.7
1.1.3.22160.5.1.12
1.1.3.22196.21.3.11.5
1.1.3.22253.14.2.5.8
1.1.3.22417.10.2.8
1.1.3.22438.5.1.21
1.1.3.22513.5.1.10.1
1.1.3.22525.19.2.6.3
1.1.3.22553.19.3.8.23
1.1.3.22644.5.1.52.5.18.2.6
1.1.3.22666.13.1.23
1.1.3.22850.37.2.15.10.7.1.2
1.1.3.22883.5.1.2.12.21.1
1.1.3.22913.9.1.4
1.1.3.23010.27.3.4.2.33
1.1.3.23140.9.2.12
1.1.3.23176.17.1.6.5
1.1.3.23180.5.1.2.1
1.1.3.23206.8.1.6
1.1.3.23217.43.1.4.6
1.1.3.23278.5.1.6.4
1.1.3.23340.19.1.4.17.7
1.1.3.23352.10.3.8
1.1.3.23376.36.1.15
1.1.3.23403.9.2.9.11
1.1.3.23498.45.1.22.12
1.1.3.23516.5.1.20.1.6
1.1.3.23575.5.1.1.17.6
1.1.3.23633.15.2.9.2.6.2
1.1.3.23695.5.1.2.1.4.2
1.1.3.23723.5.1.2.13.20
1.1.3.23828.5.1.1.3.17.3.39
1.1.3.23999.8.1.7
1.1.3.24102.10.1.13
1.1.3.24114.5.1.23
1.1.3.24223.17.2.6.5.3.1.84
1.1.3.24379.16.3.12.2.13
1.1.3.24420.23.2.15.22
1.1.3.24444.21
1.1.3.24465.5.1.3.7
1.1.3.24517.3
1.1.3.24575.17.1.7
1.1.3.24593.5.1.2.1
1.1.3.24622.9.1.4
1.1.3.24681.11.1.5.12
1.1.3.24690.5.1
1.1.3.24693.11.2.4
1.1.3.24694.16.1.7.11.19
1.1.3.24984.21.1.4.10
1.1.3.25058.5.1.3.3.16.2
1.1.3.25103.12.1.4.2
1.1.3.25150.50.2.14.24
1.1.3.25404.5.1.6
1.1.3.25525.17.2.33.1.41.4.13
1.1.3.25542.15.2
1.1.3.25622.15.1.4
1.1.3.25634.5.1.3.12.7.2.1
1.1.3.25670.5.1.5.1.1.1.2
1.1.3.25706.12.1.8
1.1.3.25706.12.3.4
1.1.3.25740.5.1
1.1.3.25939.5.1.5.1
1.1.3.25972.14.1.6.6
1.1.3.25973.19.2.7.11.11.1
1.1.3.26025.24.2.18
1.1.3.26048.13.2.15.8.10.4.13
1.1.3.26065.5.1.1
1.1.3.26086.8.4.8.6
1.1.3.26086.8.11.4.3
1.1.3.26132.3
1.1.3.26229.27.2.10.6
1.1.3.26296.5.1.2.1
1.1.3.26418.20.2.6.1.5
1.1.3.26441.5.1
1.1.3.26476.5.1.1.14
1.1.3.26487.6
1.1.3.26487.8.1.15
1.1.3.26581.9.1.12
1.1.3.26583.24.1.11.2.1
1.1.3.26689.5.1.3.1
1.1.3.26709.5.1.2.2.2.1.6
1.1.3.26759.46.2.10.1.4.3.15.15
1.1.3.26759.46.2.11.2.6.1.16
1.1.3.26812.13.2
1.1.3.26846.18.2.23.4.8
1.1.3.26907.5.1
1.1.3.27056.20.1.18
1.1.3.27093.15.2.5.7.14.6.8
1.1.3.27131.30.1.20.2
1.1.3.27147.9.1.6.8
1.1.3.27162.9.3.4
1.1.3.27232.9.1.4.11
1.1.3.27247.47.1.17.20
1.1.3.27427.26.1.28
1.1.3.27495.18.2.4.2.4
1.1.3.27511.26.1.18.7
1.1.3.27571.29.1.17.7
1.1.3.27590.11.1.5
1.1.3.27627.21.3.11.5
1.1.3.27684.14.2.5.8
1.1.3.27713.25.1.4
1.1.3.27854.10.2.8
1.1.3.27877.9.1.8.2
1.1.3.27929.9.1.10
1.1.3.27988.5.1.36.17.19.1
1.1.3.27993.16.2.9
1.1.3.28058.5.1.3.2.38.1.7
1.1.3.28095.3
1.1.3.28142.5.1
1.1.3.28270.37.2.15.10.7.1.2
1.1.3.28300.5.1.2.12.21.1
1.1.3.28330.9.1.4
1.1.3.28405.16.2.10.1.1.9.19
1.1.3.28428.5.1.3.2
1.1.4.51.9.2.12
1.1.4.69.5.1.13.6
1.1.4.94.5.1.2.1
1.1.4.120.8.1.6
1.1.4.131.43.1.4.6
1.1.4.192.5.1.6.4
1.1.4.257.19.1.4.9.3
1.1.4.269.10.3.8
1.1.4.330.17.2
1.1.4.397.9.1.27.21
1.1.4.410.22.3.19.8
1.1.4.439.5.1.3
1.1.4.498.5.1.1.17.6
1.1.4.543.9.2.4
1.1.4.620.5.1.2.1.4.2
1.1.4.646.30.4.32
1.1.4.648.15.2.12.1.3.1
1.1.4.667.16.3.5.2.16.2
1.1.4.722.3
1.1.4.742.5.1.1.3.30.3.48
1.1.4.797.5.1
1.1.4.799.5.1.16
1.1.4.809.5.1.5.3.1.5
1.1.4.912.8.1.7
1.1.4.1015.10.1.13
1.1.4.1027.5.1.23
1.1.4.1129.17.3.6.1.4
1.1.4.1250.10.2.4
1.1.4.1301.5.1.25.1.27
1.1.4.1309.5.1.2.12
1.1.4.1366.5.1.1.9.7.2.22
1.1.4.1378.21
1.1.4.1399.5.1.3.7
1.1.4.1454.3
1.1.4.1531.16.3.9.4.14.1.2.28
1.1.4.1564.9.1.4
1.1.4.1931.21.1.4.10
1.1.4.2051.12.1.4.2
1.1.4.2098.50.2.14.24
1.1.4.2342.5.1.6
1.1.4.2591.5.1.3.12.23.4.4
1.1.4.2632.15.2.35.1.3.1.3
1.1.4.2666.12.1.15
1.1.4.2666.12.3.4
1.1.4.2700.5.1
1.1.4.2710.5.1.15.2
1.1.4.2845.5.1.4
1.1.4.2959.16.3.5.3
1.1.4.3014.24.2.18
1.1.4.3037.13.2.15.8.10.4.13
1.1.4.3054.5.1.1
1.1.4.3076.15.3.12
1.1.4.3194.27.2.10.6
1.1.4.3337.23.1.12.7
1.1.4.3432.5.1.1.11
1.1.4.3534.9.1.12
1.1.4.3536.24.1.11.2.1
1.1.4.3595.9.2.10
1.1.4.3602.13.1.4
1.1.4.3669.5.1.2.2.9.7.14
1.1.4.3679.5.1.2.2.2.1.20
1.1.4.3727.22.2.5.10.14
1.1.4.3727.22.2.5.10.15
1.1.4.3737.17.2.7.1.4.1
1.1.4.3738.5.1.2.1.2
1.1.4.3819.18.2.23.4.8
1.1.4.3857.19.2.6.3
1.1.4.3875.25.1.9.3
1.1.4.3920.25.2.5.3
1.1.4.4033.20.1.18
1.1.4.4077.17.3.27
1.1.4.4077.20.1.32
1.1.4.4114.30.1.20.2
1.1.4.4130.9.1.6.8
1.1.4.4145.9.3.4
1.1.4.4213.9.1.4.11
1.1.4.4228.47.1.17.20
1.1.4.4334.8.1.5
1.1.4.4397.26.1.28
1.1.4.4453.5.1.5.4.11
1.1.4.4453.9.1.11
1.1.4.4454.5.1
1.1.4.4462.21.2.7.11.10.12
1.1.4.4481.12.7.12.19
1.1.4.4612.5.1.18.10.27.7.18.7
1.1.4.4665.14.2.5.8
1.1.4.4720.5.1.1.1
1.1.4.4823.10.2.8
1.1.4.4844.5.1.21
1.1.4.4908.5.1.10.1
1.1.4.4920.19.2.6.3
1.1.4.4947.29.1.13.10
1.1.4.5029.5.1.52.5.18.2.14
1.1.4.5054.3
1.1.4.5222.37.2.15.10.7.1.2
1.1.4.5285.10.3.8
1.1.4.5386.8.2.4.8.5
1.1.4.5508.14.3.7
1.1.4.5527.10.1.7.9.18
1.1.4.5552.13.1.6.2
1.1.4.5577.8.1.6
1.1.4.5588.43.1.4.6
1.1.4.5596.5.1.1.2.9
1.1.4.5644.5.1.6.4
1.1.4.5688.5.1
1.1.4.5720.13.1.6.5.4
1.1.4.5804.18.1.15.20
1.1.4.5877.9.1.15.6
1.1.4.5890.22.3.19.8
1.1.4.5913.5.1.20.1.6
1.1.4.5973.5.1.1.17.6
1.1.4.6087.3
1.1.4.6118.5.1.2.9.15
1.1.4.6132.8.1.4
1.1.4.6190.3
1.1.4.6210.5.1.1.3.29.3.48
1.1.4.6263.39.2.14.1
1.1.4.6474.10.1.13
1.1.4.6486.5.1.23
1.1.4.6594.17.2.6.5.3.1.47
1.1.4.6705.10.2.4
1.1.4.6758.16.3.12.2.8
1.1.4.6818.21
1.1.4.6907.3
1.1.4.7002.9.1.4
1.1.4.7073.11.1.5.12
1.1.4.7082.5.1
1.1.4.7085.11.2.4
1.1.4.7086.16.1.7.11.19
1.1.4.7245.5.1.5
1.1.4.7339.25.2.16
1.1.4.7359.21.1.4.10
1.1.4.7473.12.1.4.2
1.1.4.7520.50.2.14.24
1.1.4.7581.5.1.2
1.1.4.7692.5.1.1
1.1.4.7751.5.1.6
1.1.4.7868.17.2.33.1.11.3.34
1.1.4.7885.15.2
1.1.4.7991.13.1.5
1.1.4.7994.23.1.4.2
1.1.4.7996.38.4.7
1.1.4.8045.56.2.21.18
1.1.4.8085.24.1.9
1.1.4.8086.5.1.1.3
1.1.4.8093.18.2.24.3.12.2
1.1.4.8119.18.1.4
1.1.4.8302.5.1.5.1
1.1.4.8337.5.1
1.1.4.8341.5.1
1.1.4.8380.5.1.1.10.2
1.1.4.8404.15.2.10.2.23
1.1.4.8456.15.3
1.1.4.8468.5.1.14.1.13
1.1.4.8475.15.3.12
1.1.4.8603.27.2.10.6
1.1.4.8712.5.1.12.9
1.1.4.8751.5.1.1.4.19
1.1.4.8784.35.2.4.14
1.1.4.8805.5.1
1.1.4.8821.5.1
1.1.4.8945.5.1.2.14.12.2
1.1.4.9063.10.4.8.5
1.1.4.9065.8.1.5
1.1.4.9134.5.1.1.1.3
1.1.4.9192.13.2
1.1.4.9226.18.2.23.4.8
1.1.4.9266.19.2.6.3
1.1.4.9284.32.1.9.10
1.1.4.9442.20.1.18
1.1.4.9485.15.2.5.7.14.6.8
1.1.4.9522.30.1.20.2
1.1.4.9538.9.1.6.8
1.1.4.9553.9.3.4
1.1.4.9617.5.1.14
1.1.4.9629.5.1.5.5.31
1.1.4.9856.18.2.4.2.12
1.1.4.9872.26.1.18.7
1.1.4.9926.67.1.20.9
1.1.4.9942.5.1.12
1.1.4.9971.5.1.3.2.9.2.19.10
1.1.4.10026.14.2.5.8
1.1.4.10190.10.2.8
1.1.4.10211.5.1.21
1.1.4.10276.5.1.10.1
1.1.4.10288.19.2.6.3
1.1.4.10315.29.1.13.10
1.1.4.10407.13.1.11
1.1.4.10571.37.2.15.10.7.1.2
1.1.4.10639.9.1.4
1.1.4.10709.16.2.10.1.1.9.15
1.1.4.10733.31.2.5.2.15.5
1.1.4.10811.6
1.1.4.10853.5.1.4.42.25.10.26
1.1.4.10871.10.1.7.9.18
1.1.4.10895.26.1.10.3
1.1.4.10902.13.2
1.1.4.10936.17.1.4.1
1.1.4.10997.5.1.6.4
1.1.4.11066.19.1.4.9.3
1.1.4.11074.5.1
1.1.4.11083.77.2.4
1.1.4.11136.18.1.15.16
1.1.4.11221.33.3.14.1.11
1.1.4.11236.15.2.6
1.1.4.11259.5.1.20.1.6
1.1.4.11259.8.1.4.3
1.1.4.11319.5.1.1.17.6
1.1.4.11443.3
1.1.4.11474.5.1.2.9.15
1.1.4.11555.3
1.1.4.11575.5.1.1.3.30.3.48
1.1.4.11635.23.2
1.1.4.11637.5.1.18
1.1.4.11647.5.1.5.3.1.5
1.1.4.11750.8.1.7
1.1.4.11853.10.1.13
1.1.4.11863.36.2.4.13
1.1.4.11961.17.3.6.1.4
1.1.4.11976.13.2.10
1.1.4.12075.10.1.5
1.1.4.12111.5.1.2.2.9.1.2
1.1.4.12258.3
1.1.4.12321.5.1.2.4.5.1.18
1.1.4.12368.9.1.4
1.1.4.12605.5.1.4.3.6.3.2
1.1.4.12737.21.1.4.10
1.1.4.12850.12.1.4.2
1.1.4.12897.50.2.14.24
1.1.4.13126.10.2.11.17
1.1.4.13254.17.2.33.1.11.3.16
1.1.4.13271.15.2
1.1.4.13363.5.1.3.12.11.7.13
1.1.4.13397.15.2.15.1.3.1.3
1.1.4.13411.20.2.4
1.1.4.13432.24.1.9
1.1.4.13433.5.1.1.3
1.1.4.13440.18.2.24.3.12.2
1.1.4.13593.5.1.4
1.1.4.13716.14.1.6.6
1.1.4.13717.19.2.7.11.11.1
1.1.4.13773.15.2.10.2.30
1.1.4.13798.6
1.1.4.13818.15.3.7.1
1.1.4.13839.5.1.5.1.52
1.1.4.13851.14.2.7.4.12.1.18
1.1.4.13901.5.1
1.1.4.13985.27.2.10.6
1.1.4.14126.14.2.6.1.1.1.4
1.1.4.14159.20.2.6.1.5
1.1.4.14182.5.1
1.1.4.14319.9.1.12
1.1.4.14321.24.1.11.2.1
1.1.4.14380.9.2.10
1.1.4.14429.5.1.3.1
1.1.4.14449.5.1.2.2.2.1.6
1.1.4.14504.5.1.1
1.1.4.14658.5.1
1.1.4.14702.25.2.5.3
1.1.4.14795.5.1
1.1.4.14820.20.1.18
1.1.4.14864.17.3.27
1.1.4.14864.20.1.32
1.1.4.14921.9.1.6.8
1.1.4.14936.9.3.4
1.1.4.15006.9.1.4.11
1.1.4.15021.47.1.17.20
1.1.4.15126.8.1.5
1.1.4.15232.5.1.5.4.11
1.1.4.15239.18.2.4.2.8
1.1.4.15253.26.1.18.7
1.1.4.15311.26.3.20.16
1.1.4.15328.5.1.8.11.20
1.1.4.15359.5.1.3.2.15.2.27.44
1.1.4.15414.14.2.5.8
1.1.4.15579.10.2.8
1.1.4.15600.5.1.21
1.1.4.15723.19.3.8.23
1.1.4.15800.9.1.7.4
1.1.4.15891.5.1.2.2.4
1.1.4.15891.5.1.3.1.2.1
1.1.4.15982.37.2.15.10.7.1.2
1.1.4.16024.5.1.13.10.22
1.1.4.16106.16.2.10.1.1.9.15
1.1.4.16128.5.1.3.2
1.1.4.16211.30.2.4
1.1.4.16249.5.1.2.2.12
1.1.4.16260.43.2.20.10.12.1
1.1.4.16278.14.2
1.1.4.16278.22.1.9.8
1.1.4.16299.8.1.6
1.1.4.16310.43.1.4.6
1.1.4.16371.5.1.6.4
1.1.4.16438.19.1.4.9.3
1.1.4.16446.5.1
1.1.4.16455.77.2.4
1.1.4.16506.18.1.15.15
1.1.4.16529.21.1.22.5.8
1.1.4.16582.9.1.15.6
1.1.4.16595.22.3.19.8
1.1.4.16618.5.1.20.1.6
1.1.4.16618.8.1.4.3
1.1.4.16678.31.3.7.2.6
1.1.4.16801.3
1.1.4.16832.5.1.2.9.15
1.1.4.16910.3
1.1.4.16930.5.1.1.3.30.3.48
1.1.4.16972.12.1.6
1.1.4.16984.5.1.3.1
1.1.4.16988.5.1.2.9.7
1.1.4.17196.10.1.13
1.1.4.17208.5.1.23
1.1.4.17269.5.1
1.1.4.17320.13.2.10
1.1.4.17420.10.2.4
1.1.4.17474.16.3.12.2.8
1.1.4.17625.3
1.1.4.17726.9.1.4
1.1.4.17730.5.1
1.1.4.18098.21.1.4.10
1.1.4.18172.5.1.3.3.16.2
1.1.4.18211.5.1.2.1.7
1.1.4.18261.50.2.14.24
1.1.4.18438.5.1.5
1.1.4.18498.5.1.6
1.1.4.18749.5.1.3.12.23.4.4
1.1.4.18789.15.2.15.1.3.1.3
1.1.4.18821.24.1.9
1.1.4.18822.5.1.1.3
1.1.4.18829.18.2.24.3.12.2
1.1.4.19133.15.2.10.2.30
1.1.4.19159.6
1.1.4.19180.17.1.11
1.1.4.19198.15.3.12
1.1.4.19248.3
1.1.4.19337.27.2.10.6
1.1.4.19404.5.1.2.1
1.1.4.19485.10.1.7.6
1.1.4.19521.5.1.2.2.5.2.19
1.1.4.19625.5.1
1.1.4.19670.9.1.12
1.1.4.19672.24.1.11.2.1
1.1.4.19787.8.3.4
1.1.4.19808.15.3.12
1.1.4.19871.14.1.5.4
1.1.4.19878.5.1.1.1
1.1.4.19879.5.1.2.1.2
1.1.4.19904.16.3.4
1.1.4.20002.19.2.6.3
1.1.4.20020.32.1.9.10
1.1.4.20187.20.1.18
1.1.4.20225.5.1.20
1.1.4.20259.30.1.20.2
1.1.4.20275.9.1.6.8
1.1.4.20290.9.3.4
1.1.4.20358.9.1.4.11
1.1.4.20373.47.1.17.20
1.1.4.20542.24.3
1.1.4.20548.8.1.45
1.1.4.20610.21.2.7.10.36.9
1.1.4.20629.26.1.18.7
1.1.4.20687.26.3.20.16
1.1.4.20702.5.1.4.1.19
1.1.4.20739.5.1.3.2.15.2.27.32
1.1.4.20957.10.2.8
1.1.4.20978.5.1.21
1.1.4.21059.5.1.10.1
1.1.4.21071.22.2.23
1.1.4.21100.29.1.13.10
1.1.4.21254.15.2
1.1.4.21382.37.2.15.10.7.1.2
1.1.4.21427.5.1.13.10.22
1.1.4.21508.16.2.10.1.1.9.15
1.1.4.21531.5.1.3.2
1.1.4.21654.14.3.7
1.1.4.21673.10.1.7.9.18
1.1.4.21695.11.1.5.2
1.1.4.21702.3
1.1.4.21726.17.1.4.1
1.1.4.21734.5.1.1.2.9
1.1.4.21782.5.1.6.4
1.1.4.21826.5.1
1.1.4.21858.13.1.6.5.4
1.1.4.21943.18.1.15.20
1.1.4.21967.21.1.30.5.8
1.1.4.22016.9.1.15.6
1.1.4.22029.22.3.19.8
1.1.4.22052.5.1.20.1.6
1.1.4.22052.8.1.4.3
1.1.4.22113.31.3.7.2.6
1.1.4.22179.15.2.9.2.6.2
1.1.4.22240.5.1.1.1.6
1.1.4.22246.8.1.8.7
1.1.4.22261.5.1.4
1.1.4.22288.8.1.4
1.1.4.22375.5.1.1.3.54.3.60
1.1.4.22435.23.2
1.1.4.22437.5.1.18
1.1.4.22447.5.1.5.3.1.5
1.1.4.22636.14.2
1.1.4.22656.10.1.13
1.1.4.22668.5.1.23
1.1.4.22780.17.2.6.5.3.1.43
1.1.4.22884.10.2.4
1.1.4.22926.5.1.2.2.9.1.2
1.1.4.22989.5.1.1.9.7.2.25
1.1.4.23000.21
1.1.4.23084.3
1.1.4.23157.21.2.27
1.1.4.23159.5.1.1.17.15
1.1.4.23183.9.1.4
1.1.4.23245.14.3
1.1.4.23247.5.1.1.11.12.3
1.1.4.23655.5.1.2.1.7
1.1.4.23705.50.2.14.24
1.1.4.23929.10.2.11.17
1.1.4.24054.17.2.33.1.55.4.31
1.1.4.24071.15.2
1.1.4.24158.5.1.3.12.11.7.13
1.1.4.24194.5.1.5.1.1.1.2
1.1.4.24230.12.1.8
1.1.4.24230.12.3.4
1.1.4.24264.5.1
1.1.4.24281.18.1.4
1.1.4.24479.5.1.5.1
1.1.4.24516.5.1.9
1.1.4.24537.26.2.8.10
1.1.4.24564.15.2.10.2.23
1.1.4.24616.15.3
1.1.4.24628.5.1.14.1.13
1.1.4.24635.15.3.12
1.1.4.24702.3
1.1.4.24799.27.2.10.6
1.1.4.24949.5.1.1.4.19
1.1.4.25040.5.1.1.11
1.1.4.25146.5.1.2.14.12.2
1.1.4.25260.27.2.21.1
1.1.4.25337.5.1.1
1.1.4.25425.18.2.23.4.8
1.1.4.25439.5.1.2.1.54.3
1.1.4.25453.19.2.6.3
1.1.4.25471.32.1.9.10
1.1.4.25668.9.1.12
1.1.4.25675.14.2.9.4.12.5.27
1.1.4.25723.5.1.3
1.1.4.25736.10.2.15
1.1.4.25812.9.1.4.12
1.1.4.25827.47.1.17.20
1.1.4.25933.8.1.5
1.1.4.26012.8.1.26
1.1.4.26072.18.2.4.2.4
1.1.4.26086.26.1.18.7
1.1.4.26146.14.2.18.12.19
1.1.4.26203.5.1.3.2.9.2.10.3
1.1.4.26261.14.2.5.8
1.1.4.26290.25.1.4
1.1.4.26435.10.2.8
1.1.4.26456.5.1.21
1.1.4.26528.5.1.13.3
1.1.4.26531.5.1.1.1
1.1.4.26578.5.1.36.17.19.1
1.1.4.26583.16.2.9
1.1.4.26661.5.1.52.5.18.2.21
1.1.4.26686.3
1.1.4.26733.5.1
1.1.4.26850.37.2.15.10.7.1.2
1.1.4.26913.10.3.8
1.1.4.26986.16.2.10.1.1.5.8
1.1.4.27009.5.1.3.2
1.1.4.27135.22.3.7
1.1.4.27154.10.1.7.9.18
1.1.4.27178.17.1.6.5
1.1.4.27182.5.1.2.1
1.1.4.27208.8.1.6
1.1.4.27219.43.1.4.6
1.1.4.27280.5.1.6.4
1.1.4.27321.5.1
1.1.4.27353.13.1.6.5.4
1.1.4.27374.15.2
1.1.4.27432.17.2
1.1.4.27463.21.1.30.5.8
1.1.4.27512.9.1.15.6
1.1.4.27525.22.3.19.8
1.1.4.27548.5.1.20.1.6
1.1.4.27609.31.3.7.2.6
1.1.4.27738.3
1.1.4.27769.5.1.2.9.15
1.1.4.27879.5.1.1.3.17.3.39
1.1.4.27920.12.1.6
1.1.4.27932.5.1.3.1
1.1.4.27936.5.1.2.9.7
1.1.4.28142.10.1.13
1.1.4.28154.5.1.23
1.1.4.28215.5.1
1.1.4.28242.5.1.4.6.43
1.1.4.28251.12.1.6
1.1.4.28351.10.2.4
1.1.4.28412.16.3.12.2.8
1.1.4.28551.3
1.1.4.28625.16.3.9.4.14.1.2.17
1.1.4.28628.22.2.5.5.28.3.10
1.1.4.28652.9.1.4
1.1.4.28921.17.1.18.1.3.1
1.1.4.29012.21.1.4.10
1.1.4.29130.12.1.4.2
1.1.4.29177.50.2.14.24
1.1.4.29231.5.1
1.1.4.29238.5.1.2
1.1.4.29415.5.1.6
1.1.4.29546.17.2.33.1.11.3.16
1.1.4.29563.15.2
1.1.4.29648.15.1.4
1.1.4.29660.5.1.3.13.7.2.1
1.1.4.29700.15.2.15.1.3.1.3
1.1.4.29713.20.2.4
1.1.4.29734.24.1.9
1.1.4.29735.5.1.1.3
1.1.4.29742.18.2.24.3.12.2
1.1.4.29761.5.1.15.2
1.1.4.30003.14.1.6.6
1.1.4.30004.19.2.7.11.11.1
1.1.4.30064.15.2.10.2.30
1.1.4.30116.15.3
1.1.4.30128.5.1.14.1.13
1.1.4.30135.13.3.16.19.5
1.1.4.30136.24.3.28
1.1.4.30186.3
1.1.4.30275.27.2.10.6
1.1.4.30416.46.4.8.11.29.6.21
1.1.4.30432.5.1.3.1.19.10.61
1.1.4.30453.20.2.6.1.5
1.1.4.30476.5.1
1.1.4.30511.5.1.1.14
1.1.4.30521.9.1.4
1.1.4.30569.5.1
1.1.4.30617.5.1.2.14.12.2
1.1.4.30664.9.2.10
1.1.4.30671.13.1.4
1.1.4.30738.5.1.2.2.9.7.14
1.1.4.30748.5.1.2.2.2.1.20
1.1.4.30798.5.1.1.1.21
1.1.4.30836.16.3.4
1.1.4.30900.18.2.23.4.8
1.1.4.30963.5.1
1.1.4.31095.5.1
1.1.4.31124.20.1.18
1.1.4.31221.9.1.6.8
1.1.4.31236.9.3.4
1.1.4.31304.9.1.4.11
1.1.4.31319.47.1.17.20
1.1.4.31549.26.1.18.7
1.1.4.31607.26.3.20.16
1.1.4.31624.5.1.8.11.20
1.1.4.31655.5.1.3.2.15.2.27.42
1.1.4.31710.14.2.5.8
1.1.4.31877.10.2.8
1.1.4.31898.5.1.21
1.1.4.31962.5.1.10.1
1.1.4.31974.19.2.6.3
1.1.4.31998.5.1.36.17.31.1
1.1.4.32129.13.1.11
1.1.4.32176.15.2
1.1.4.32288.37.2.15.10.7.1.2
1.1.4.32354.9.1.4
1.1.4.32412.16.2.10.1.1.9.17
1.1.4.32433.27.3.4.2.33
1.1.4.32561.22.3.7
1.1.4.32580.10.1.7.9.18
1.1.4.32602.25.2.25
1.1.4.32602.25.3.4.12
1.1.4.32633.17.1.4.1
1.1.4.32641.5.1.1.2.9
1.1.4.32690.5.1.6.4
1.1.4.32752.19.1.4.9.3
1.1.4.32760.5.1
1.1.4.32769.77.2.4
1.1.4.32820.18.1.15.20
1.1.4.32864.42.2.4
1.1.4.32887.5.1.32
1.1.4.32901.22.3.19.8
1.1.4.32932.5.1.3
1.1.4.32992.31.3.7.2.6
1.1.4.33123.3
1.1.4.33154.5.1.2.9.15
1.1.4.33168.8.1.4
1.1.4.33230.3
1.1.4.33250.5.1.1.3.30.3.48
1.1.4.33311.23.2
1.1.4.33313.5.1.18
1.1.4.33323.5.1.5.3.1.5
1.1.4.33375.27.2.4.2
1.1.4.33435.8.1.7
1.1.4.33538.10.1.13
1.1.4.33548.36.2.4.13
1.1.4.33599.5.1
1.1.4.33627.5.1.4.6.43
1.1.4.33639.13.2.10
1.1.4.33758.10.1.5
1.1.4.33808.16.3.12.2.8
1.1.4.33866.21
1.1.4.33954.3
1.1.4.34031.16.3.9.4.14.1.2.73
1.1.4.34061.9.1.4
1.1.4.34432.21.1.4.10
1.1.4.34508.5.1
1.1.4.34547.5.1.2.1.7
1.1.4.34597.50.2.14.24
1.1.4.34831.3
1.1.4.34855.5.1.6
1.1.4.34972.17.2.33.1.11.3.35
1.1.4.34989.15.2
1.1.4.35065.30.4
1.1.4.35075.5.1.3.12.36.6.13
1.1.4.35111.5.1.5.1.1.1.2
1.1.4.35148.12.1.8
1.1.4.35148.12.3.4
1.1.4.35182.5.1
1.1.4.35325.5.1.4
1.1.4.35445.14.1.6.6
1.1.4.35446.19.2.7.11.11.1
1.1.4.35502.15.2.10.2.30
1.1.4.35554.15.3
1.1.4.35566.5.1.14.1.13
1.1.4.35578.14.2.7.4.12.1.31
1.1.4.35621.5.1
1.1.4.35624.5.1.2.2.2.3
1.1.4.35710.27.2.10.6
1.1.4.35902.20.2.6.1.5
1.1.4.35925.5.1
1.1.4.35960.5.1.1.14
1.1.4.35971.6
1.1.4.35971.8.1.15
1.1.5.36073.5.1.2.14.12.2
1.1.5.36186.10.4.8.5
1.1.5.36188.8.1.5
1.1.5.36360.18.2.23.4.8
1.1.5.36374.5.1.2.1.54.3
1.1.5.36394.19.2.6.3
1.1.5.36412.32.1.9.10
1.1.5.36567.20.1.18
1.1.5.36599.9.1.12
1.1.5.36607.5.1.1.1.7
1.1.5.36664.9.1.6.8
1.1.5.36679.9.3.4
1.1.5.36747.9.1.4.11
1.1.5.36762.47.1.17.20
1.1.5.36820.11.1.8
1.1.5.36931.26.1.28
1.1.5.36987.5.1.5.4.11
1.1.5.36987.9.1.11
1.1.5.36988.5.1
1.1.5.36996.21.2.7.11.10.12
1.1.5.37086.14.2.18.12.19
1.1.5.37139.5.1.3.2.15.2.27.7
1.1.5.37194.14.2.5.8
1.1.5.37223.25.1.4
1.1.5.37367.10.2.8
1.1.5.37390.9.1.8.2
1.1.5.37442.9.1.10
1.1.5.37463.10.5.4
1.1.5.37468.10.1.5.3
1.1.5.37510.29.1.13.10
1.1.5.37659.5.1.9.1.1
1.1.5.37794.5.1.2.12.21.1
1.1.5.37822.10.3.8
1.1.5.37926.40.2.5.2.51.4
1.1.5.38047.22.3.7
1.1.5.38066.10.1.7.9.18
1.1.5.38090.17.1.6.5
1.1.5.38094.5.1.2.1
1.1.5.38120.8.1.6
1.1.5.38131.43.1.4.6
1.1.5.38139.5.1.1.2.9
1.1.5.38185.5.1.6.4
1.1.5.38253.19.1.4.9.3
1.1.5.38261.5.1
1.1.5.38270.77.2.4
1.1.5.38324.18.1.15.20
1.1.5.38347.21.1.22.5.8
1.1.5.38396.9.1.15.6
1.1.5.38409.22.3.19.8
1.1.5.38440.5.1.3
1.1.5.38499.5.1.1.17.6
1.1.5.38603.5.1.3.1.8
1.1.5.38623.30.4.32
1.1.5.38625.15.2.12.1.3.1
1.1.5.38735.5.1.1.3.17.3.39
1.1.5.38789.5.1
1.1.5.38796.37.2.15.10.15
1.1.5.38907.8.1.7
1.1.5.39018.10.1.13
1.1.5.39030.5.1.23
1.1.5.39137.17.2.6.5.3.1.47
1.1.5.39234.10.2.4
1.1.5.39274.5.1.2.2.9.1.2
1.1.5.39431.3
1.1.5.39508.16.3.9.4.14.1.2.25
1.1.5.39538.9.1.4
1.1.5.39605.11.1.5.12
1.1.5.39614.5.1
1.1.5.39617.11.2.4
1.1.5.39618.16.1.7.11.19
1.1.5.39636.15.3.8
1.1.5.39767.5.1.5
1.1.5.39803.17.1.18.1.3.1
1.1.5.39876.25.2.16
1.1.5.39896.21.1.4.10
1.1.5.39970.5.1.3.3.16.2
1.1.5.40017.12.1.4.2
1.1.5.40066.50.2.14.24
1.1.5.40243.25.1.12
1.1.5.40247.13.2.5.5.12
1.1.5.40292.10.2.11.6
1.1.5.40405.17.2.33.1.11.3.35
1.1.5.40422.15.2
1.1.5.40500.5.1.16.6
1.1.5.40525.5.1.6
1.1.5.40556.15.2.15.1.3.1.3
1.1.5.40570.20.2.4
1.1.5.40593.12.1.15
1.1.5.40593.12.3.4
1.1.5.40627.5.1
1.1.5.40911.15.2.10.2.30
1.1.5.41106.27.2.10.6
1.1.5.41251.5.1.24.3.14
1.1.5.41286.5.1.2.2.5.2.19
1.1.5.41328.5.1.1.14
1.1.5.41339.6
1.1.5.41339.8.1.15
1.1.5.41433.9.1.12
1.1.5.41435.24.1.11.2.1
1.1.5.41555.5.1.2.2.9.7.14
1.1.5.41565.5.1.2.2.2.1.20
1.1.5.41612.14.1.5.4
1.1.5.41619.5.1.1.1
1.1.5.41620.5.1.2.1.2
1.1.5.41645.16.3.4
1.1.5.41709.18.2.23.4.8
1.1.5.41749.19.2.6.3
1.1.5.41767.25.1.9.3
1.1.5.41905.10.2.4
1.1.5.41955.16.2.18.11.32
1.1.5.42008.9.1.6.8
1.1.5.42023.9.3.4
1.1.5.42087.5.1.14
1.1.5.42098.5.1.5.5.31
1.1.5.42190.5.1.1.3
1.1.5.42311.5.1.5.4.11
1.1.5.42318.18.2.4.2.8
1.1.5.42334.26.1.18.7
1.1.5.42392.18.3.4.6
1.1.5.42405.22.3.14
1.1.5.42441.5.1.3.2.15.2.39.51
1.1.5.42499.14.2.5.8
1.1.5.42664.10.2.8
1.1.5.42685.5.1.21
1.1.5.42767.5.1.13.3
1.1.5.42770.5.1.1.1
1.1.5.42814.5.1.36.17.11.1
1.1.5.42819.16.2.9
1.1.5.42931.13.1.11
1.1.5.42982.3
1.1.5.43088.37.2.15.10.7.1.2
1.1.5.43133.5.1.13.10.22
1.1.5.43146.5.1
1.1.5.43213.16.2.10.1.1.9.17
1.1.5.43237.31.2.5.2.15.5
1.1.5.43314.12.1.4
1.1.5.43357.5.1.4.42.37.6.9
1.1.5.43375.10.1.7.9.18
1.1.5.43400.13.1.6.2
1.1.5.43425.8.1.6
1.1.5.43436.43.1.4.6
1.1.5.43444.5.1.1.2.9
1.1.5.43493.5.1.6.4
1.1.5.43555.19.1.4.9.3
1.1.5.43563.5.1
1.1.5.43572.77.2.4
1.1.5.43625.17.2
1.1.5.43717.33.3.14.1.11
1.1.5.43734.45.1.22.12
1.1.5.43758.5.1.3
1.1.5.43818.31.3.7.2.6
1.1.5.43885.15.2.9.2.6.2
1.1.5.43946.3
1.1.5.43977.5.1.4
1.1.5.44096.5.1.1.3.17.3.61
1.1.5.44137.12.1.6
1.1.5.44153.5.1.2.4.10
1.1.5.44343.14.2
1.1.5.44363.10.1.13
1.1.5.44375.5.1.23
1.1.5.44479.17.2.6.5.3.1.47
1.1.5.44627.16.3.12.2.8
1.1.5.44702.5.1.3.7
1.1.5.44756.15.2.7.1
1.1.5.44820.21.2.27
1.1.5.44822.5.1.1.17.15
1.1.5.44846.9.1.4
1.1.5.44850.5.1
1.1.5.45217.21.1.4.10
1.1.5.45331.12.1.4.2
1.1.5.45378.50.2.14.24
1.1.5.45611.5.1.6
1.1.5.45741.17.2.33.1.11.3.16
1.1.5.45758.15.2
1.1.5.45843.5.1.3.12.11.7.13
1.1.5.45879.5.1.5.1.1.1.2
1.1.5.45950.5.1.1.1.6.5
1.1.5.45965.9.1.6
1.1.5.46140.5.1.5.1
1.1.5.46229.24.2.18
1.1.5.46252.13.2.15.8.10.4.13
1.1.5.46269.5.1.1
1.1.5.46291.15.3.12
1.1.5.46344.3
1.1.5.46441.27.2.10.6
1.1.5.46575.5.1
1.1.5.46580.10.1.7.6
1.1.5.46615.5.1.2.2.5.2.19
1.1.5.46711.5.1
1.1.5.46756.9.1.12
1.1.5.46758.24.1.11.2.1
1.1.5.46877.15.3.12
1.1.5.46943.14.1.5.4
1.1.5.46943.14.2.9.6
1.1.5.46950.5.1.1.1
1.1.5.46951.5.1.2.1.2
1.1.5.46976.16.3.4
1.1.5.47040.18.2.23.4.8
1.1.5.47101.25.1.9.3
1.1.5.47301.15.2.5.7.14.6.8
1.1.5.47353.9.1.6.8
1.1.5.47368.9.3.4
1.1.5.47436.9.1.4.14
1.1.5.47451.47.1.17.20
1.1.5.47667.20.1.4
1.1.5.47673.18
1.1.5.47678.18.2.4.2.4
1.1.5.47694.26.1.18.7
1.1.5.47754.14.2.18.12.19
1.1.5.47863.10.1.13
1.1.5.48035.10.2.8
1.1.5.48056.5.1.21
1.1.5.48120.5.1.10.1
1.1.5.48132.22.2.23
1.1.5.48151.19.3.8.30
1.1.5.48248.13.1.11
1.1.5.48426.37.2.15.10.7.1.2
1.1.5.48456.5.1.2.12.21.1
1.1.5.48483.10.3.8
1.1.5.48550.16.2.10.1.1.9.15
1.1.5.48570.27.3.4.2.33
1.1.5.48649.6
1.1.5.48696.22.3.7
1.1.5.48715.10.1.7.9.18
1.1.5.48745.5.1.2.1
1.1.5.48771.8.1.6
1.1.5.48782.43.1.4.6
1.1.5.48790.5.1.1.2.9
1.1.5.48838.5.1.6.4
1.1.5.48882.5.1
1.1.5.48914.13.1.6.5.4
1.1.5.48989.18.1.15.15
1.1.5.49012.21.1.20.5.8
1.1.5.49033.10.1.4
1.1.5.49069.33.3.14.1.6
1.1.5.49083.22.3.19.8
1.1.5.49114.5.1.3
1.1.5.49174.31.3.7.2.6
1.1.5.49286.5.1.3.1.8
1.1.5.49312.5.1.4
1.1.5.49334.16.3.5.2.16.2
1.1.5.49402.15.3.5.3.5.4
1.1.5.49413.5.1
1.1.5.49425.5.1.4.1.6
1.1.5.49698.10.1.13
1.1.5.49710.5.1.23
1.1.5.49822.17.2.6.5.3.1.43
1.1.5.49850.17.1.4.6
1.1.5.49919.10.2.4
1.1.5.49973.16.3.12.2.8
1.1.5.50029.5.1.1.9.7.2.25
1.1.5.50041.21
1.1.5.50125.3
1.1.5.50202.16.3.9.4.14.1.2.28
1.1.5.50232.9.1.4
1.1.5.50462.5.1.4.3.6.3.2
1.1.5.50563.9.2.32.3
1.1.5.50658.5.1.3.3.16.2
1.1.5.50696.12.1.4.2
1.1.5.50747.50.2.14.24
1.1.5.50922.25.1.12
1.1.5.50926.13.2.5.5.12
1.1.5.50992.5.1.6
1.1.5.51112.17.2.33.1.41.4.13
1.1.5.51129.15.2
1.1.5.51221.5.1.3.12.11.7.13
1.1.5.51257.5.1.5.1.1.1.2
1.1.5.51269.20.2.4
1.1.5.51290.24.1.9
1.1.5.51291.5.1.1.3
1.1.5.51298.18.2.24.3.12.2
1.1.5.51317.5.1.15.2
1.1.5.51456.5.1.4
1.1.5.51527.5.1.15.4
1.1.5.51614.24.2.18
1.1.5.51637.13.2.15.8.10.4.13
1.1.5.51679.5.1.5.1.43
1.1.5.51689.5.1.4.1.2
1.1.5.51689.5.1.7.1.7
1.1.5.51707.20.2.8.3
1.1.5.51825.27.2.10.6
1.1.5.51933.5.1.2.2
1.1.5.51970.5.1.18.3.22
1.1.5.52005.5.1.2.2.5.2.19
1.1.5.52031.5.1
1.1.5.52059.6
1.1.5.52059.8.1.15
1.1.5.52167.5.1.2.14.12.2
1.1.5.52277.8.3.4
1.1.5.52298.15.3.12
1.1.5.52364.5.1.1.1.21
1.1.5.52364.5.1.1.1.22
1.1.5.52402.16.3.4
1.1.5.52523.5.1
1.1.5.52567.25.2.5.3
1.1.5.52670.5.1
1.1.5.52680.10.2.4
1.1.5.52730.15.1.15
1.1.5.52775.30.1.20.2
1.1.5.52791.9.1.6.8
1.1.5.52806.9.3.4
1.1.5.52870.5.1.14
1.1.5.52881.5.1.5.5.31
1.1.5.52937.11.1.8
1.1.5.52986.8.1.5
1.1.5.53087.5.1.5.4.11
1.1.5.53091.5.1.3.4
1.1.5.53095.18.2.4.2.3
1.1.5.53111.26.1.18.7
1.1.5.53175.5.1.2.1.14.1.2
1.1.5.53230.5.1.3.2.15.2.27.9
1.1.5.53285.14.2.5.8
1.1.5.53456.10.2.8
1.1.5.53477.5.1.21
1.1.5.53553.5.1.10.1
1.1.5.53565.19.2.6.3
1.1.5.53592.29.1.13.10
1.1.5.53703.13.1.11
1.1.5.53755.5.1.9.1.1
1.1.5.53860.37.2.15.10.7.1.2
1.1.5.53903.5.1.2.17.15.1
1.1.5.53933.9.1.4
1.1.5.54003.16.2.10.1.1.9.15
1.1.5.54026.5.1.3.2
1.1.5.54112.6
1.1.5.54154.5.1.4.42.25.10.26
1.1.5.54172.10.1.7.9.18
1.1.5.54196.17.1.6.5
1.1.5.54200.5.1.2.1
1.1.5.54226.8.1.6
1.1.5.54237.43.1.4.6
1.1.5.54245.5.1.1.2.9
1.1.5.54293.5.1.6.4
1.1.5.54337.5.1
1.1.5.54369.13.1.6.5.4
1.1.5.54454.18.1.15.20
1.1.5.54477.21.1.20.5.8
1.1.5.54526.9.1.15.6
1.1.5.54539.22.3.19.8
1.1.5.54562.5.1.20.1.6
1.1.5.54562.8.1.4.3
1.1.5.54623.31.3.7.2.6
1.1.5.54672.9.2.4
1.1.5.54752.3
1.1.5.54783.5.1.4
1.1.5.54810.8.1.4
1.1.5.54896.5.1.1.3.17.3.39
1.1.5.55175.10.1.13
1.1.5.55187.5.1.23
1.1.5.55242.5.1
1.1.5.55269.5.1.4.6.43
1.1.5.55309.17.1.4.6
1.1.5.55380.10.1.5
1.1.5.55415.5.1.2.2.9.1.2
1.1.5.55504.5.1.3.7
1.1.5.55558.3
1.1.5.55621.5.1.2.4.5.1.18
1.1.5.55668.9.1.4
1.1.5.55735.11.1.5.12
1.1.5.55744.5.1
1.1.5.55747.11.2.4
1.1.5.55748.16.1.7.11.19
1.1.5.55766.15.3.8
1.1.5.55895.21.2.13
1.1.5.56002.9.2.32.3
1.1.5.56150.12.1.4.2
1.1.5.56197.50.2.14.24
1.1.5.56435.10.2.11.17
1.1.5.56560.17.2.33.1.11.3.34
1.1.5.56577.15.2
1.1.5.56671.5.1.3.12.11.7.13
1.1.5.56707.5.1.5.1.1.1.2
1.1.5.56777.5.1.1.1.6.5
1.1.5.57094.15.2.10.2.23
1.1.5.57119.6
1.1.5.57139.15.3.7.1
1.1.5.57160.5.1.5.1.52
1.1.5.57172.14.2.7.4.12.1.18
1.1.5.57286.27.2.10.6
1.1.5.57423.10.1.7.6
1.1.5.57462.5.1.2.2.5.2.19
1.1.5.57600.9.1.12
1.1.5.57602.24.1.11.2.1
1.1.5.57709.27.2.21.1
1.1.5.57777.8.1.9
1.1.5.57782.5.1.2
1.1.5.57836.13.2
1.1.5.57870.18.2.23.4.8
1.1.5.57884.5.1.2.1.54.3
1.1.5.57899.19.2.6.3
1.1.5.57917.32.1.9.10
1.1.5.58080.20.1.18
1.1.5.58124.17.3.27
1.1.5.58124.20.1.32
1.1.5.58140.5.1.1.1
1.1.5.58181.9.1.6.8
1.1.5.58196.9.3.4
1.1.5.58264.9.1.4.11
1.1.5.58279.47.1.17.20
1.1.5.58447.24.3
1.1.5.58453.8.1.45
1.1.5.58495.5.1.5.4.11
1.1.5.58504.31.3.13.14.8.1
1.1.5.58526.12.7.12.19
1.1.5.58595.29.1.17.7
1.1.5.58612.5.1.4.1.6
1.1.5.58651.5.1.18.10.27.7.18.9
1.1.5.58707.14.2.5.8
1.1.5.58873.10.2.8
1.1.5.58896.9.1.8.2
1.1.5.58948.9.1.10
1.1.5.58969.10.5.4
1.1.5.58974.10.1.5.3
1.1.5.59016.29.1.13.10
1.1.5.59173.9.1.7.13
1.1.5.59174.21.1.12
1.1.5.59177.5.1.2.1.7.1
1.1.5.59277.37.2.15.10.7.1.2
1.1.5.59310.5.1.2.12.21.1
1.1.5.59340.9.1.4
1.1.5.59437.27.3.4.2.33
1.1.5.59562.5.1.1.11.12.1.4
1.1.5.59596.17.1.6.5
1.1.5.59600.5.1.2.1
1.1.5.59626.8.1.6
1.1.5.59637.43.1.4.6
1.1.5.59696.5.1.6.4
1.1.5.59763.19.1.4.9.3
1.1.5.59771.5.1
1.1.5.59780.77.2.4
1.1.5.59837.18.1.15.15
1.1.5.59861.21.1.30.5.8
1.1.5.59910.9.1.15.6
1.1.5.59927.17.3.10
1.1.5.59949.5.1.3.2.9
1.1.5.60012.31.3.7.2.6
1.1.5.60124.5.1.2.1.4.2
1.1.5.60150.30.4.32
1.1.5.60152.15.2.12.1.3.1
1.1.5.60248.5.1.4.2.4.4.11
1.1.5.60290.28.1.12.4
1.1.5.60302.5.1
1.1.5.60519.10.1.13
1.1.5.60531.5.1.23
1.1.5.60587.5.1
1.1.5.60636.5.1.14
1.1.5.60670.17.1.4.6
1.1.5.60780.16.3.12.2.8
1.1.5.60835.5.1.2.4.11
1.1.5.60920.3
1.1.5.60992.16.3.9.4.20.1.2.18
1.1.5.61022.9.1.4
1.1.5.61273.5.1.3.3
1.1.5.61374.9.2.32.3
1.1.5.61522.12.1.4.2
1.1.5.61571.50.2.14.24
1.1.5.61696.30.1.9.23
1.1.5.61755.27.2.14.7.2.1
1.1.5.61821.5.1.6
1.1.5.61935.17.2.33.1.11.3.35
1.1.5.62033.5.1.16.6
1.1.5.62091.15.2.35.1.3.1.3
1.1.5.62105.20.2.4
1.1.5.62127.24.1.9
1.1.5.62128.5.1.1.3
1.1.5.62135.18.2.24.3.12.2
1.1.5.62154.5.1.15.2
1.1.5.62358.5.1.5.1
1.1.5.62390.14.1.6.6
1.1.5.62391.19.2.7.11.11.1
1.1.5.62443.24.2.18
1.1.5.62466.13.2.15.8.10.4.13
1.1.5.62483.5.1.1
1.1.5.62505.5.1.14
1.1.5.62509.26.1.12.21
1.1.5.62527.20.2.8.3
1.1.5.62637.27.2.10.6
1.1.5.62789.10.1.7.6
1.1.5.62824.5.1.2.2.5.2.19
1.1.5.62850.5.1
1.1.5.62973.5.1.2.14.12.2
1.1.5.63092.10.4.8.5
1.1.5.63094.8.1.5
1.1.5.63163.5.1.1.1.3
1.1.5.63163.5.1.1.1.4
1.1.5.63219.13.2
1.1.5.63254.18.2.23.4.8
1.1.5.63315.5.1
1.1.5.63472.20.1.18
1.1.5.63515.15.2.5.7.14.6.8
1.1.5.63552.30.1.20.2
1.1.5.63568.9.1.6.8
1.1.5.63583.9.3.4
1.1.5.63647.5.1.14
1.1.5.63658.5.1.5.5.31
1.1.5.63751.5.1.1.3
1.1.5.63840.8.1.26
1.1.5.63900.5.1.4.3
1.1.5.63904.18.2.4.2.3
1.1.5.63920.26.1.18.7
1.1.5.63978.26.3.20.16
1.1.5.63995.5.1.8.11.20
1.1.5.64028.21.3.11.5
1.1.5.64085.14.2.5.8
1.1.5.64140.5.1.1.1
1.1.5.64239.10.2.8
1.1.5.64260.5.1.21
1.1.5.64339.5.1.13.3
1.1.5.64342.5.1.1.1
1.1.5.64389.5.1.36.17.19.1
1.1.5.64507.13.1.11
1.1.5.64561.5.1.9.1.1
1.1.5.64663.37.2.15.10.7.1.2
1.1.5.64728.9.1.4
1.1.5.64792.16.2.10.1.1.5.8
1.1.5.64815.5.1.3.2
1.1.5.64941.22.3.7
1.1.5.64960.10.1.7.9.18
1.1.5.64982.17.1.6.5
1.1.5.64986.5.1.2.1
1.1.5.65012.8.1.6
1.1.5.65023.43.1.4.6
1.1.5.65082.5.1.6.4
1.1.5.65147.19.1.4.17.7
1.1.5.65155.5.1
1.1.5.65218.18.1.15.15
1.1.5.65241.22.3.16.27
1.1.5.65289.9.1.15.6
1.1.5.65302.22.3.19.8
1.1.5.65325.5.1.20.1.6
1.1.5.65325.8.1.4.3
1.1.5.65385.31.3.7.2.6
1.1.5.65515.3
1.1.5.65546.5.1.2.9.15
1.1.5.65652.5.1.1.3.17.3.39
1.1.5.65701.37.2.16.18.54
1.1.5.65918.10.1.13
1.1.5.65930.5.1.23
1.1.5.66039.13.2.10
1.1.5.66155.10.2.4
1.1.5.66211.16.3.12.2.13
1.1.5.66369.3
1.1.5.66427.17.1.7
1.1.5.66444.5.1.13.14
1.1.5.66473.9.1.4
1.1.5.66742.17.1.18.1.3.1
1.1.5.66847.21.1.4.10
1.1.5.66958.12.1.4.2
1.1.5.67005.50.2.14.24
1.1.5.67254.5.1.6
1.1.5.67368.17.2.33.1.11.3.35
1.1.5.67385.15.2
1.1.5.67465.5.1.16.6
1.1.5.67490.5.1.6
1.1.5.67528.15.2.35.1.3.1.3
1.1.5.67542.20.2.4
1.1.5.67564.24.1.9
1.1.5.67565.5.1.1.3
1.1.5.67572.18.2.24.3.12.2
1.1.5.67598.18.1.4
1.1.5.67834.14.1.6.6
1.1.5.67835.19.2.7.11.11.1
1.1.5.67863.5.1.4
1.1.5.67892.24.2.18
1.1.5.67905.5.1
1.1.5.67925.15.3.7.1
1.1.5.67946.5.1.5.1.52
1.1.5.67958.14.2.7.4.12.1.18
1.1.5.68094.27.2.10.6
1.1.5.68206.5.1.12.9
1.1.5.68244.5.1.1.4.19
1.1.5.68285.35.2.4.14
1.1.5.68306.5.1
1.1.5.68322.5.1
1.1.5.68444.9.1.12
1.1.5.68446.24.1.11.2.1
1.1.5.68490.9.2.10
1.1.5.68497.13.1.4
1.1.5.68544.8.3.4
1.1.5.68565.15.3.12
1.1.5.68636.5.1.1
1.1.5.68722.18.2.23.4.8
1.1.5.68760.19.2.6.3
1.1.5.68778.32.1.9.10
1.1.5.68971.15.3.5.8.39.12.40
1.1.5.69017.30.1.20.2
1.1.5.69033.9.1.6.8
1.1.5.69048.9.3.4
1.1.5.69122.9.1.4.12
1.1.5.69137.47.1.17.20
1.1.5.69195.11.1.8
1.1.5.69355.18.2.4.2.14
1.1.5.69369.26.1.18.7
1.1.5.69427.18.3.4.6
1.1.5.69440.22.3.14
1.1.5.69476.21.3.11.5
1.1.5.69533.14.2.5.8
1.1.5.69703.10.2.8
1.1.5.69724.5.1.21
1.1.5.69797.10.5.4
1.1.5.69802.10.1.5.3
1.1.5.69838.5.1.36.17.19.1
1.1.5.69843.16.2.9
1.1.5.69921.5.1.52.5.18.2.21
1.1.5.69946.3
1.1.5.69993.15.2
1.1.5.70115.37.2.15.10.7.1.2
1.1.5.70160.5.1.13.10.22
1.1.5.70274.31.2.5.2.10.7
1.1.5.70395.22.3.7
1.1.5.70414.10.1.7.9.18
1.1.5.70438.17.1.6.5
1.1.5.70442.5.1.2.1
1.1.5.70468.8.1.6
1.1.5.70479.43.1.4.6
1.1.5.70487.5.1.1.2.9
1.1.5.70508.5.1
1.1.5.70603.19.1.4.9.3
1.1.5.70611.5.1
1.1.5.70620.77.2.4
1.1.5.70674.18.1.15.15
1.1.5.70697.21.1.20.5.8
1.1.5.70769.17.3.10
1.1.5.70790.5.1.3
1.1.5.70851.31.3.7.2.6
1.1.5.70900.9.2.4
1.1.5.70973.3
1.1.5.71004.5.1.4
1.1.5.71026.16.3.5.2.16.2
1.1.5.71098.5.1
1.1.5.71110.5.1.4.1.6
1.1.5.71172.23.2
1.1.5.71174.5.1.18
1.1.5.71184.5.1.5.3.1.5
1.1.5.71390.10.1.13
1.1.5.71402.5.1.23
1.1.5.71487.5.1.4.6.49
1.1.5.71499.13.2.10
1.1.5.71660.16.3.12.2.8
1.1.5.71801.3
1.1.5.71899.9.1.4
1.1.5.72166.17.1.18.1.3.1
1.1.5.72241.9.2.30.3
1.1.5.72257.31.2.21.21
1.1.5.72368.12.1.4.2
1.1.5.72415.50.2.14.24
1.1.5.72593.20.6.33.15
1.1.5.72654.5.1.6
1.1.5.72777.17.2.33.1.11.3.16
1.1.5.72794.15.2
1.1.5.72902.5.1.10.3.24.2.2
1.1.5.72938.5.1.5.1.1.1.2
1.1.5.72975.12.1.8
1.1.5.72975.12.3.4
1.1.5.73009.5.1
1.1.5.73019.5.1.15.2
1.1.5.73157.5.1.4
1.1.5.73266.5.1.7
1.1.5.73322.24.2.18
1.1.5.73341.13.2.15.9.12.10.16
1.1.5.73358.5.1.1
1.1.5.73383.5.1.4.1.2
1.1.5.73383.5.1.7.1.7
1.1.5.73401.20.2.8.3
1.1.5.73512.27.2.10.6
1.1.5.73621.5.1.12.9
1.1.5.73656.5.1.1.11.20.1.20
1.1.5.73723.5.1
1.1.5.73843.9.1.12
1.1.5.73845.24.1.11.2.1
1.1.5.73889.9.2.10
1.1.5.73896.13.1.4
1.1.5.73965.15.3.12
1.1.5.74051.5.1.3
1.1.5.74104.13.2
1.1.5.74138.18.2.23.4.8
1.1.5.74177.19.2.6.3
1.1.5.74195.32.1.9.10
1.1.5.74346.15
1.1.5.74392.15.2.5.7.14.6.8
1.1.5.74440.9.1.6.8
1.1.5.74455.9.3.4
1.1.5.74523.9.1.4.11
1.1.5.74538.47.1.17.20
1.1.5.74643.8.1.5
1.1.5.74762.18.2.4.2.14
1.1.5.74776.26.1.18.7
1.1.5.74836.14.2.18.12.19
1.1.5.74850.22.3.14
1.1.5.74884.5.1.18.10.27.7.18.7
1.1.5.74940.14.2.5.8
1.1.5.74969.25.1.4
1.1.5.75111.10.2.8
1.1.5.75137.9.1.8.2
1.1.5.75189.9.1.10
1.1.5.75210.10.5.4
1.1.5.75215.10.1.5.3
1.1.5.75257.29.1.13.10
1.1.5.75349.13.1.11
1.1.5.75409.9.1.7.13
1.1.5.75410.21.1.12
1.1.5.75413.5.1.2.1.7.1
1.1.5.75521.37.2.15.10.7.1.2
1.1.5.75562.5.1.13.10.22
1.1.5.75575.5.1
1.1.5.75651.16.2.10.1.1.9.19
1.1.5.75675.31.2.5.2.15.5
1.1.5.75754.30.2.4
1.1.5.75792.5.1.4.33.28.9.37
1.1.5.75810.10.1.7.9.18
1.1.5.75835.13.1.6.2
1.1.5.75860.8.1.6
1.1.5.75871.43.1.4.6
1.1.5.75879.5.1.1.2.9
1.1.5.75929.5.1.6.4
1.1.5.75993.19.1.4.9.3
1.1.5.76065.9.2.9.11
1.1.5.76133.9.1.15.6
1.1.5.76146.22.3.19.8
1.1.5.76177.5.1.3
1.1.5.76238.31.3.7.2.6
1.1.5.76351.3
1.1.5.76382.5.1.2.9.15
1.1.5.76402.17.2.9.20.6.1
1.1.5.76485.5.1.1.3.17.3.39
1.1.5.76545.23.2
1.1.5.76547.5.1.18
1.1.5.76557.5.1.5.3.1.5
1.1.5.76758.10.1.13
1.1.5.76770.5.1.23
1.1.5.76827.5.1
1.1.5.76857.5.1.3.1.2.2.16
1.1.5.76872.18.2.9.2.5
1.1.5.76987.10.2.4
1.1.5.77050.16.3.12.2.8
1.1.5.77195.3
1.1.5.77268.21.2.27
1.1.5.77270.5.1.1.17.15
1.1.5.77299.9.1.4
1.1.5.77652.21.1.4.10
1.1.5.77764.5.1.2.1.7
1.1.5.77814.50.2.14.24
1.1.5.77983.14.1.16.4
1.1.5.78044.5.1.6
1.1.5.78168.17.2.33.1.11.3.79
1.1.5.78185.15.2
1.1.5.78275.5.1.16.6
1.1.5.78328.5.1.5.1.1.1.2
1.1.5.78364.12.1.8
1.1.5.78364.12.3.4
1.1.5.78398.5.1
1.1.5.78415.18.1.4
1.1.5.78535.5.1.4
1.1.5.78603.5.1.5.1
1.1.5.78708.15.2.10.2.30
1.1.5.78760.15.3
1.1.5.78772.5.1.14.1.13
1.1.5.78780.5.1.1
1.1.5.78784.5.1.1.1.19
1.1.5.78843.3
1.1.5.78940.27.2.10.6
1.1.5.79044.5.1.12.9
1.1.5.79169.5.1.1.14
1.1.5.79229.5.1
1.1.5.79274.9.1.12
1.1.5.79276.24.1.11.2.1
1.1.5.79382.27.2.21.1
1.1.5.79402.5.1.2.2.2.1.6
1.1.5.79457.5.1.1
1.1.5.79553.18.2.23.4.8
1.1.5.79613.25.1.9.3
1.1.5.79754.10.2.4
1.1.5.79809.17.3.27
1.1.5.79809.20.1.32
1.1.5.79866.9.1.6.8
1.1.5.79881.9.3.4
1.1.5.79949.9.1.4.11
1.1.5.79964.47.1.17.20
1.1.5.80022.11.1.8
1.1.5.80135.26.1.28
1.1.5.80205.21.2.7.10.36.9
1.1.5.80323.22.3.14
1.1.5.80360.5.1.3.2.9.2.24.5
1.1.5.80415.14.2.5.8
1.1.5.80585.10.2.8
1.1.5.80606.5.1.21
1.1.5.80687.5.1.10.1
1.1.5.80699.19.2.6.3
1.1.5.80726.29.1.13.10
1.1.5.80818.13.1.11
1.1.5.80866.5.1
1.1.5.80961.37.2.15.10.7.1.2
1.1.5.80994.5.1.2.12.21.1
1.1.5.81024.9.1.4
1.1.5.81082.16.2.10.1.1.9.17
1.1.5.81106.31.2.5.2.15.5
1.1.5.81184.6
1.1.5.81231.22.3.7
1.1.5.81250.10.1.7.9.18
1.1.5.81281.5.1.2.1
1.1.5.81307.8.1.6
1.1.5.81318.43.1.4.6
1.1.5.81377.5.1.6.4
1.1.5.81445.19.1.4.9.3
1.1.5.81453.5.1
1.1.5.81458.10.3.8
1.1.5.81538.22.3.16.24
1.1.5.81586.9.1.15.6
1.1.5.81603.17.3.10
1.1.5.81623.5.1.7.1.10
1.1.5.81684.31.3.7.2.6
1.1.5.81797.3
1.1.5.81828.5.1.2.9.15
1.1.5.81923.5.1
1.1.5.81935.5.1.4.1.6
1.1.5.81980.12.1.6
1.1.5.81999.12.2.20.6
1.1.5.82204.14.2
1.1.5.82220.10.1.13
1.1.5.82232.5.1.23
1.1.5.82287.5.1
1.1.5.82338.13.2.10
1.1.5.82379.17.1.4.9
1.1.5.82490.16.3.12.2.8
1.1.5.82624.3
1.1.5.82687.5.1.2.4.5.1.18
1.1.5.82730.6
1.1.5.82780.5.1.9.2.64.9.8
1.1.5.82780.17.1.14
1.1.5.82787.14.3
1.1.5.82789.5.1.1.11.12.3
1.1.5.83065.9.2.32.3
1.1.5.83163.5.1
1.1.5.83252.50.2.14.24
1.1.5.83307.5.1
1.1.5.83314.5.1.2
1.1.5.83428.5.1.1
1.1.5.83490.5.1.6
1.1.5.83610.17.2.33.1.11.3.47
1.1.5.83627.15.2
1.1.5.83707.5.1.16.6
1.1.5.83769.15.2.35.1.3.1.3
1.1.5.83782.20.2.4
1.1.5.83805.12.1.15
1.1.5.83805.12.3.4
1.1.5.83839.5.1
1.1.5.84090.5.1.9
1.1.5.84140.24.2.18
1.1.5.84163.13.2.15.8.10.4.13
1.1.5.84180.5.1.1
1.1.5.84250.8.1.4
1.1.5.84318.27.2.10.6
1.1.5.84433.5.1.12.9
1.1.5.84472.14.2.6.1.1.1.4
1.1.5.84566.5.1.1.11
1.1.5.84577.6
1.1.5.84577.8.1.15
1.1.5.84671.9.1.12
1.1.5.84673.24.1.11.2.1
1.1.5.84771.8.3.4
1.1.5.84793.5.1.17
1.1.5.84849.22.2.5.10.14
1.1.5.84849.22.2.5.10.15
1.1.5.84887.16.3.4
1.1.5.84953.18.2.23.4.8
1.1.5.84992.19.2.6.3
1.1.5.85010.25.1.9.3
1.1.5.85137.5.1
1.1.5.85147.10.2.4
1.1.5.85197.5.1.20
1.1.5.85207.17.2.4.3.24
1.1.5.85243.9.1.6.8
1.1.5.85258.9.3.4
1.1.5.85321.5.1.25
1.1.5.85335.14.1.6.8
1.1.5.85567.18.2.4.2.12
1.1.5.85581.26.1.18.7
1.1.5.85663.22.3.14
1.1.5.85697.5.1.18.10.27.7.18.7
1.1.5.85750.14.2.5.8
1.1.5.85781.25.1.4
1.1.5.85877.31.2.27
1.1.5.85933.10.2.8
1.1.5.85959.9.1.8.2
1.1.5.86041.10.5.4
1.1.5.86046.10.1.5.3
1.1.5.86088.29.1.13.10
1.1.5.86186.13.1.11
1.1.5.86246.9.1.7.13
1.1.5.86247.21.1.12
1.1.5.86250.5.1.2.1.7.1
1.1.5.86352.37.2.15.10.7.1.2
1.1.5.86397.5.1.13.10.22
1.1.5.86479.16.2.10.1.1.9.19
1.1.5.86639.9.2.12
1.1.5.86657.5.1.13.6
1.1.5.86677.17.1.6.5
1.1.5.86681.5.1.2.1
1.1.5.86707.8.1.6
1.1.5.86718.43.1.4.6
1.1.5.86777.5.1.6.4
1.1.5.86843.19.1.4.9.3
1.1.5.86855.10.3.8
1.1.5.86913.18.1.15.14
1.1.5.86937.21.1.30.5.8
1.1.5.86986.9.1.15.6
1.1.5.86999.22.3.19.8
1.1.5.87022.5.1.3.2.9
1.1.5.87084.31.3.7.2.6
1.1.5.87152.15.2.9.2.6.2
1.1.5.87213.3
1.1.5.87244.5.1.2.9.15
1.1.5.87258.8.1.4
1.1.5.87316.3
1.1.5.87336.5.1.1.3.30.3.48
1.1.5.87396.23.2
1.1.5.87408.5.1.5.3.1.5
1.1.5.87605.14.2
1.1.5.87625.10.1.13
1.1.5.87637.5.1.23
1.1.5.87734.17.2.6.5.3.1.23
1.1.5.87762.17.1.4.6
1.1.5.87881.16.3.12.2.8
1.1.5.87961.5.1.3.7
1.1.5.88015.3
1.1.5.88084.5.1.4.5.25.3
1.1.5.88088.14.2.6.22.43.8.29
1.1.5.88112.9.1.4
1.1.5.88366.5.1.3.3
1.1.5.88473.31.2.21.21
1.1.5.88555.5.1
1.1.5.88595.12.1.4.2
1.1.5.88642.50.2.14.24
1.1.5.88872.5.1.6
1.1.5.88993.17.2.33.1.11.3.35
1.1.5.89010.15.2
1.1.5.89113.5.1.3.12.23.4.4
1.1.5.89154.15.2.35.1.3.1.3
1.1.5.89168.20.2.4
1.1.5.89190.24.1.9
1.1.5.89191.5.1.1.3
1.1.5.89198.18.2.24.3.12.2
1.1.5.89224.18.1.4
1.1.5.89355.5.1.4
1.1.5.89468.14.1.6.6
1.1.5.89469.19.2.7.11.11.1
1.1.5.89525.15.2.10.2.30
1.1.5.89577.15.3
1.1.5.89589.5.1.14.1.13
1.1.5.89599.5.1.4.1.2
1.1.5.89599.5.1.7.1.7
1.1.5.89642.5.1
1.1.5.89737.27.2.10.6
1.1.5.89804.5.1.2.1
1.1.5.89854.5.1.12.9
1.1.5.89894.10.1.7.6
1.1.5.89930.5.1.2.2.5.2.19
1.1.5.89972.5.1.1.14
1.1.5.89983.6
1.1.5.89983.8.1.15
1.1.5.90077.9.1.12
1.1.5.90079.24.1.11.2.1
1.1.5.90185.27.2.21.1
1.1.5.90205.5.1.2.2.2.1.6
1.1.5.90316.13.2
1.1.5.90350.18.2.23.4.8
1.1.5.90383.19.2.6.3
1.1.5.90401.25.1.9.3
1.1.5.90551.20.1.18
1.1.5.90590.16.2.18.11.32
1.1.5.90601.5.1.2.1
1.1.5.90644.9.1.6.8
1.1.5.90659.9.3.4
1.1.5.90722.5.1.25
1.1.5.90736.14.1.6.8
1.1.5.90840.8.1.5
1.1.5.90917.26.1.28
1.1.5.90979.5.1
1.1.5.90984.18.2.4.2.4
1.1.5.90998.26.1.18.7
1.1.5.91058.14.2.18.12.19
1.1.5.91072.22.3.14
1.1.5.91108.5.1.3.2.15.2.39.10
1.1.5.91166.14.2.5.8
1.1.5.91335.10.2.8
1.1.5.91356.5.1.21
1.1.5.91435.5.1
1.1.5.91486.19.3.8.23
1.1.5.91617.13.1.23
1.1.5.91795.37.2.15.10.7.1.2
1.1.5.91860.10.3.8
1.1.5.91934.16.2.10.1.1.9.19
1.1.5.91955.27.3.4.2.33
1.1.5.92083.5.1.1.11.12.1.4
1.1.5.92099.5.1.13.6
1.1.5.92118.13.1.6.2
1.1.5.92143.8.1.6
1.1.5.92154.43.1.4.6
1.1.5.92162.5.1.1.2.9
1.1.5.92208.5.1.6.4
1.1.5.92252.5.1
1.1.5.92284.13.1.6.5.4
1.1.5.92330.36.1.15
1.1.5.92357.9.2.9.11
1.1.5.92385.21.1.28.5.8
1.1.5.92460.15.2.6
1.1.5.92491.5.1.3
1.1.5.92551.5.1.1.17.6
1.1.5.92664.3
1.1.5.92695.5.1.4
1.1.5.92720.8.1.4
1.1.5.92807.5.1.1.3.17.3.39
1.1.5.92867.37.2.20.13.18
1.1.5.92978.8.1.7
1.1.5.93081.10.1.13
1.1.5.93093.5.1.23
1.1.5.93208.13.2.10
1.1.5.93318.10.2.4
1.1.5.93378.16.3.27.2.7
1.1.5.93428.23.2.15.22
1.1.5.93524.3
1.1.5.93598.13.1.6.35.8
1.1.5.93605.22.2.5.5.22.2.37
1.1.5.93629.9.1.4
1.1.5.93696.11.1.5.12
1.1.5.93705.5.1
1.1.5.93708.11.2.4
1.1.5.93709.16.1.7.11.19
1.1.5.93727.15.3.8
1.1.5.93858.5.1.5
1.1.5.93894.17.1.18.1.3.1
1.1.5.94104.12.1.4.2
1.1.5.94151.50.2.14.24
1.1.5.94210.14.3.9.15
1.1.5.94218.6
1.1.5.94260.30.1.8.5
1.1.5.94374.5.1.6
1.1.5.94495.17.2.33.1.11.3.16
1.1.5.94512.15.2
1.1.5.94610.5.1.3.12.23.4.4
1.1.5.94650.15.2.15.1.3.1.3
1.1.5.94664.20.2.4
1.1.5.94685.24.1.9
1.1.5.94686.5.1.1.3
1.1.5.94693.18.2.24.3.12.2
1.1.5.94712.5.1.15.2
1.1.5.94844.5.1.4
1.1.5.95014.15.2.10.2.30
1.1.5.95066.15.3
1.1.5.95078.5.1.14.1.13
1.1.5.95090.14.2.7.4.12.1.31
1.1.5.95206.27.2.10.6
1.1.5.95455.5.1.1.11
1.1.5.95466.6
1.1.5.95466.8.1.15
1.1.5.95563.9.1.12
1.1.5.95565.24.1.11.2.1
1.1.5.95683.5.1.2.2.9.7.14
1.1.5.95693.5.1.2.2.2.1.20
1.1.5.95745.5.1.1.1.3
1.1.5.95745.5.1.1.1.4
1.1.5.95776.15.1.10.7
1.1.5.95841.18.2.23.4.8
1.1.5.95855.5.1.2.1.54.3
1.1.5.95875.19.2.6.3
1.1.5.95893.32.1.9.10
1.1.5.95938.25.2.5.3
1.1.6.8.17.2.6.1
1.1.6.54.10.2.4
1.1.6.104.16.2.18.11.32
1.1.6.116.5.1.1.1
1.1.6.142.30.1.20.2
1.1.6.158.9.1.6.8
1.1.6.173.9.3.4
1.1.6.241.9.1.4.14
1.1.6.256.47.1.17.20
1.1.6.361.8.1.5
1.1.6.477.18.2.4.2.14
1.1.6.491.26.1.18.7
1.1.6.545.67.1.20.9
1.1.6.560.44.3.14
1.1.6.596.21.3.11.5
1.1.6.656.14.2.5.8
1.1.6.827.10.2.8
1.1.6.848.5.1.21
1.1.6.924.5.1.10.1
1.1.6.936.19.2.6.3
1.1.6.953.29.1.13.10
1.1.6.1131.5.1.2.2.4
1.1.6.1131.5.1.3.1.2.1
1.1.6.1232.37.2.15.10.7.1.2
1.1.6.1301.9.1.4
1.1.6.1374.16.2.10.1.1.9.19
1.1.6.1397.5.1.3.2
1.1.6.1523.22.3.7
1.1.6.1542.10.1.7.9.18
1.1.6.1573.5.1.2.1
1.1.6.1599.8.1.6
1.1.6.1610.43.1.4.6
1.1.6.1669.5.1.6.4
1.1.6.1710.5.1
1.1.6.1742.13.1.6.5.4
1.1.6.1811.18.1.15.15
1.1.6.1896.33.3.14.1.11
1.1.6.1908.45.1.22.12
1.1.6.1926.5.1.3.2.9
1.1.6.1988.31.3.7.2.6
1.1.6.2054.15.2.9.2.6.2
1.1.6.2115.8.1.4.3
1.1.6.2139.5.1.2.13.20
1.1.6.2245.5.1.1.3.17.3.39
1.1.6.2306.5.1.3.1.3.3.28
1.1.6.2321.5.1.5.3.1.4
1.1.6.2424.8.1.7
1.1.6.2527.10.1.13
1.1.6.2539.5.1.23
1.1.6.2634.17.3.6.1.4
1.1.6.2649.13.2.10
1.1.6.2806.16.3.12.2.13
1.1.6.2881.5.1.3.7
1.1.6.2933.3
1.1.6.2991.17.1.7
1.1.6.3009.5.1.2.1
1.1.6.3038.9.1.4
1.1.6.3312.17.1.18.1.3.1
1.1.6.3384.25.2.16
1.1.6.3404.21.1.4.10
1.1.6.3518.12.1.4.2
1.1.6.3565.50.2.14.24
1.1.6.3625.5.1.2
1.1.6.3798.5.1.6
1.1.6.3916.17.2.33.1.11.3.57
1.1.6.3933.15.2
1.1.6.4013.5.1.16.6
1.1.6.4038.5.1.6
1.1.6.4075.15.2.15.1.3.1.3
1.1.6.4089.20.2.4
1.1.6.4110.24.1.9
1.1.6.4111.5.1.1.3
1.1.6.4118.18.2.24.3.12.2
1.1.6.4144.18.1.4
1.1.6.4267.5.1.4
1.1.6.4419.5.1.4
1.1.6.4473.6
1.1.6.4493.15.3.7.1
1.1.6.4514.5.1.5.1.52
1.1.6.4521.15.3.12
1.1.6.4588.3
1.1.6.4688.27.2.10.6
1.1.6.4755.5.1.2.1
1.1.6.4798.5.1.12.9
1.1.6.4908.5.1
1.1.6.5028.9.1.12
1.1.6.5030.24.1.11.2.1
1.1.6.5095.9.2.10
1.1.6.5102.13.1.4
1.1.6.5146.8.3.4
1.1.6.5167.15.3.12
1.1.6.5233.5.1.1
1.1.6.5289.13.2
1.1.6.5323.18.2.23.4.8
1.1.6.5362.19.2.6.3
1.1.6.5380.25.1.9.3
1.1.6.5425.25.2.5.3
1.1.6.5530.5.1
1.1.6.5559.20.1.18
1.1.6.5603.17.3.27
1.1.6.5603.20.1.32
1.1.6.5658.9.1.6.8
1.1.6.5673.9.3.4
1.1.6.5737.5.1.14
1.1.6.5749.5.1.5.5.31
1.1.6.5989.26.1.18.7
1.2.81.2.1.3.2.3.9.15
1.2.94.12.6
1.2.168.10.5.9.2.4.3
1.2.461.2.1.2.1
1.2.582.4.2.15.4.19
1.2.665.4.2.3.11.20.1.5
1.2.708.6.3.8.5.8.3
1.2.736.2.1.12.1.15.4
1.2.741.2.1.2.2.2
1.2.768.2.1.1.1
1.2.1010.2.1.14.1.1
1.2.1094.3
1.2.1174.12.6.19.1.3.2.4
1.2.1190.12.6.12.2
1.2.1422.6.3.15.3.17.1.7.14
1.2.1496.2.1
1.2.1502.12.6
1.2.1564.6.3.4.1
1.2.1578.12.6
1.2.1647.4.2.25.3.19.9.13
1.2.1663.16.8.49.1.1.1.9
1.2.1672.8.4.13.2.15.2
1.2.1702.4.2.3
1.2.1779.6.3.8.2.4.1
1.2.1865.2.1.1.1
1.2.1929.6.3.29.1.8.13
1.2.1966.2.1.1.1.8.1
1.2.2075.4.2.35.10.35
1.2.2200.2.1.3.1.20
1.2.2230.2.1.2
1.2.2263.10.5.26
1.2.2264.12.6.29.14.28
1.2.2348.2.1.21.3.11
1.2.2549.2.1.2.2.7.1
1.2.2556.12.6.19.1.2.1.25
1.2.2566.8.4.20
1.2.2594.8.4.6
1.2.2764.2.1.2
1.2.2838.6.3.4.1
1.2.3019.10.5.10.5.28.3
1.2.3369.6.3.6.2.22
1.2.3616.4.2.2
1.2.3642.20.10.20.2.6.3.30
1.2.3688.1
1.2.3940.12.6.15.6
1.2.3989.2.1.3.1.17.4
1.2.4040.2.1
1.2.4135.6.3.16.3.9
1.2.4151.2.1.4.2
1.2.4209.3
1.2.4224.2.1.1
1.2.4309.1
1.2.4377.2.1.1.1.2
1.2.4563.2.1.4.2.3
1.2.4575.14.7.17.1.2
1.2.4602.2.1
1.2.4679.4.2
1.2.4757.4.2.2
1.2.4819.14.7.15.4.18
1.2.5080.2.1.2.1.3.1.9
1.2.5110.2.1
1.2.5179.4.2.3.1.20.6.4
1.2.5245.1
1.2.5377.2.1.2.1.2.2.44
1.2.5553.6.3.5.1
1.2.5633.2.1.3.1.1.1.45
1.2.5697.2.1
1.2.5751.4.2.7.2.5.1
1.2.5775.2.1.4.4
1.2.5836.2.1
1.2.5953.1
1.2.5958.10.5.15.1.7.1
1.5.81.6.2.1.19
1.5.106.12.2.1.1.1.4
1.5.136.16.2.1.31.1
1.5.211.8.2.1.5.3.14.5
1.5.533.12.2.1.5
1.5.558.12.2.1.4
1.5.697.6.2.1.2.1.3.1
1.5.933.8.2.1.15.1.67
1.5.985.15.2.1.63.10
1.5.1035.12.2.1.2
1.5.1160.8.2.1.1.1
1.5.1173.17.2.1.12.1.2.1.15
1.5.1305.11.2.1.2.2
1.5.1621.9.2.1.18.7.15.4
1.5.1651.6.2.1.7.2
1.5.1671.16.2.1
1.5.1797.8.2.1.13.1.14
1.5.1827.11.2.1.9
1.5.1875.8.2.1.18.1.3.2
1.5.1974.8.2.1
1.5.2028.10.2.1
1.5.2081.10.2.1.4.1
1.5.2170.16.2.1.3.3.25.1.2
1.5.2260.14.2.1.1.1.2.6.18
1.5.2274.9.2.1.6.2.9
1.5.2300.9.2.1.28.12.22
1.5.2381.8.2.1.8.7.21
1.5.2547.17.2.1.5
1.5.2570.17.2.1.3
1.5.2639.10.2.1
1.5.2708.8.2.1.29.4.14
1.5.2771.10.2.1.8.1
1.5.2919.6.2.1.15.7
1.5.2924.11.2.1
1.5.3080.28.2.1.13.1.2
1.5.3157.20.2.1
1.5.3219.11.2.1.6.1.1.1.4
1.5.3278.11.2.1.3
1.5.3290.14.2.1.4.2
1.5.3413.18.2.1.3.1.5
1.5.3424.14.2.1.2.1
1.5.3461.9.2.1.3.2
1.5.3521.7.2.1
1.5.3704.8.2.1
1.5.3708.11.2.1.3.1.2.1
1.5.3794.7.2.1
1.5.3824.9.2.1.15.1.2
1.5.3847.9.2.1.2
1.5.3915.13.2.1.12.3
1.5.3985.9.2.1
1.5.4007.12.2.1.3.1.2.1
1.5.4042.6.2.1.3.1.1.3.11
1.5.4198.11.2.1.8.1
1.5.4236.7.2.1.2
1.5.4397.24.2.1.19.9.20.1.3
1.5.4470.8.2.1.39
1.5.4749.9.2.1.9
1.5.4836.20.2.1.5
1.5.4986.8.2.1.12.5.21
1.5.5090.7.2.1.15.3
1.5.5195.11.2.1.3.1.4
1.5.5207.8.2.1.9.2.10.1
1.5.5248.9.2.1.4.1.2.1
1.5.5289.9.2.1.3.1.25.9
1.5.5478.7.2.1.4.1.15.2
1.5.5713.8.2.1.9.6.19.1.4
1.5.5812.8.2.1.34.2.3.1.2
1.5.5877.8.2.1.1.1
1.5.6174.8.2.1.2.1.1.11.15
1.5.6222.6.2.1.3.2.7
1.5.6297.9.2.1.1.3.7.2
1.5.6414.25.2.1.11.1.1.1
1.5.6555.7.2.1.8.2.6.2.3
1.5.6630.13.2.1.2
1.5.6644.6.2.1.8.2
1.5.6820.9.2.1.4.6
1.5.6832.10.2.1
1.5.6849.8.2.1
1.5.6977.11.2.1.9
1.5.7010.16.2.1.15.1
1.5.7073.13.2.1.38.5
1.5.7089.8.2.1.15.1.1.1
1.5.7136.8.2.1.1.1.1
1.5.7138.11.2.1.1
1.5.7245.15.2.1.5.1.3.5.36
1.5.7269.12.2.1.1.1.4
1.5.7299.16.2.1.31.1
1.5.7680.8.2.1.1.1.3.2.15
1.5.7816.10.2.1
1.5.7860.12.2.1
1.5.7992.9.2.1.17.11.32.1
1.5.8079.8.2.1.15.1.67
1.5.8131.15.2.1.63.10
1.5.8181.9.2.1
1.5.8188.9.2.1
1.5.8209.5.2.1.5.1.26.10
1.5.8214.8.2.1.2.2.35
1.5.8282.10.2.1.37
1.5.8462.11.2.1.2.2
1.5.8758.9.2.1.18.7.15.4
1.5.8816.9.2.1
1.5.8943.8.2.1.13.1.14
1.5.8970.11.2.1.2.1.2
1.5.8980.11.2.1.14.1
1.5.9023.8.2.1.18.1.3.2
1.5.9122.8.2.1
1.5.9216.8.2.1.5.1
1.5.9251.9.2.1.4.1
1.5.9315.6.2.1.13
1.5.9410.14.2.1.1.1.2.6.18
1.5.9450.12.2.1.13
1.5.9525.8.2.1.8.7.21
1.5.9675.16.2.1.12
1.5.9688.12.2.1.18.6.11
1.5.9765.10.2.1
1.5.9829.9.2.1.4.1.5
1.5.10041.6.2.1.15.7
1.5.10046.11.2.1
1.5.10204.6.2.1.11.1.5
1.5.10280.20.2.1
1.5.10321.9.2.1.1.1.1
1.5.10529.18.2.1.3.1.5
1.5.10540.14.2.1.2.1
1.5.10577.9.2.1.3.2
1.5.10807.7.2.1
1.5.10808.13.2.1.7.6.10.6
1.5.10817.11.2.1.1
1.5.10851.10.2.1
1.5.10872.7.2.1.7.2
1.5.10915.14.2.1.7
1.5.10932.6.2.1.15.4.5.2.19
1.5.11058.9.2.1
1.5.11081.6.2.1.2.1
1.5.11117.16.2.1.2
1.5.11247.9.2.1.5.4
1.5.11284.7.2.1.2
1.5.11446.24.2.1.19.9.20.1.3
1.5.11506.11.2.1.14.4.14
1.5.11664.23.2.1.10.3.11.1
1.5.11761.9.2.1.9
1.5.11850.20.2.1.5
1.5.11994.8.2.1.12.4.12
1.5.12199.11.2.1.3.1.4
1.5.12211.8.2.1.9.2.10.1
1.5.12255.11.2.1.2.2.5.1
1.5.12255.11.2.1.3.1
1.5.12310.9.2.1.3.1.25.9
1.5.12491.7.2.1.4.1.15.2
1.5.12732.8.2.1.4.3.5
1.5.12892.8.2.1.1.1
1.5.13201.8.2.1.2.1.1.11.15
1.5.13254.6.2.1.3.2.7
1.5.13329.9.2.1.1.3.7.2
1.5.13456.25.2.1.11.1.1.1
1.5.13605.7.2.1.8.2.6.2.3
1.5.13675.13.2.1.2
1.5.13872.12.2.1.3.2.10
1.5.14047.8.2.1.15.2.18.8
1.5.14111.8.2.1.2.2.15
1.5.14136.7.2.1.9.2
1.5.14176.8.2.1.1.1.1
1.5.14178.11.2.1.1
1.5.14276.12.2.1.5.4.7.1
1.5.14297.10.2.1.3.1.1
1.5.14321.17.2.1.9.1.2
1.5.14337.16.2.1.8.1
1.5.14412.8.2.1.5.3.14.5
1.5.14712.12.2.1.5
1.5.14738.8.2.1.1.1.3.2.20
1.5.14876.6.2.1.2.1.3.1
1.5.15175.15.2.1.68.10
1.5.15225.12.2.1.2
1.5.15324.10.2.1.36
1.5.15462.9.2.1
1.5.15504.11.2.1.2.2
1.5.15819.9.2.1.18.7.15.4
1.5.15856.6.2.1.7.2
1.5.15876.16.2.1
1.5.16001.11.2.1.3
1.5.16003.9.2.1.9
1.5.16030.18.2.1.8.1.13.4.16.1
1.5.16094.8.2.1.18.1.3.2
1.5.16189.8.2.1
1.5.16247.10.2.1
1.5.16300.10.2.1.4.1
1.5.16391.12.2.1.3.5.13.7
1.5.16486.10.2.1.10.6.14
1.5.16536.9.2.1.7.4.19
1.5.16617.8.2.1.8.7.21
1.5.16760.16.2.1.12
1.5.16773.12.2.1.18.6.11
1.5.16861.10.2.1
1.5.16930.8.2.1.29.4.14
1.5.17147.6.2.1.15.7
1.5.17152.11.2.1
1.5.17306.13.2.1.7.5.46
1.5.17320.19.2.1.3.2.7.7
1.5.17379.8.2.1.7.2.5.1
1.5.17425.6.2.1
1.5.17430.15.2.1.9.1.2
1.5.17532.7.2.1.3.1
1.5.17541.11.2.1.1.1.18.1
1.5.17666.18.2.1.3.1.5
1.5.17677.14.2.1.2.1
1.5.17714.9.2.1.3.2
1.5.17753.7.2.1.19.2.13.4
1.5.18030.7.2.1
1.5.18076.9.2.1.2
1.5.18143.13.2.1.12.3
1.5.18213.9.2.1
1.5.18235.12.2.1.3.1.2.1
1.5.18270.6.2.1.3.1.1.3.11
1.5.18422.11.2.1.8.1
1.5.18460.7.2.1.2
1.5.18629.24.2.1.19.9.20.1.3
1.5.18697.8.2.1.35
1.5.18910.8.2.1
1.5.18947.19.2.1.13
1.5.18948.5.2.1
1.5.19033.20.2.1.5
1.5.19180.8.2.1.12.4.12
1.5.19246.9.2.1.7.3.7.2
1.5.19377.11.2.1.3.1.4
1.5.19389.8.2.1.9.2.10.1
1.5.19468.9.2.1
1.5.19479.9.2.1.3.1.24.9
1.5.19900.8.2.1.11.3.24.1.4
1.5.20054.9.2.1.9.8.15.8
1.5.20360.8.2.1.2.1.1.3.21
1.5.20408.7.2.1.2.18.73
1.5.20484.9.2.1.1.3.7.2
1.5.20603.14.2.1.13.2
1.5.20755.7.2.1.8.2.6.2.3
1.5.20807.9.2.1.14.1.1
1.5.20822.6.2.1.2.1.2
1.5.20987.9.2.1.13.2
1.5.20999.10.2.1
1.5.21016.8.2.1
1.5.21200.8.2.1.5.2.7.2
1.5.21213.17.2.1.10.1
1.5.21265.8.2.1.2.2.15
1.5.21340.8.2.1.1.1.1
1.5.21342.11.2.1.1
1.5.21446.13.2.1.16.4.9
1.5.21470.12.2.1.1.1.4
1.5.21500.16.2.1.31.1
1.5.21877.12.2.1.5
1.5.21902.12.2.1.4
1.5.22035.6.2.1.2.1.3.1
1.5.22324.15.2.1.68.10
1.5.22395.5.2.1.5.1.26.10
1.5.22400.8.2.1.2.2.35
1.5.22473.10.2.1.37
1.5.22614.11.2.1.1.1
1.5.22619.10.2.1.4.2.5.1.1
1.5.22949.20.2.1.12.1.1.1
1.5.23011.9.2.1
1.5.23141.8.2.1.13.1.14
1.5.23215.8.2.1.18.1.3.2
1.5.23314.8.2.1
1.5.23364.10.2.1
1.5.23417.10.2.1.4.1
1.5.23509.6.2.1.13
1.5.23608.10.2.1.10.6.14
1.5.23625.9.2.1.6.2.9
1.5.23652.16.2.1.3
1.5.23652.16.2.1.6
1.5.23709.8.2.1.8.7.21
1.5.23852.16.2.1.12
1.5.23865.12.2.1.18.6.11
1.5.23946.10.2.1
1.5.24008.9.2.1.4.1.5
1.5.24231.6.2.1.15.7
1.5.24236.11.2.1
1.5.24382.6.2.1.16.1.5
1.5.24460.20.2.1
1.5.24502.6.2.1
1.5.24507.15.2.1.9.1.2
1.5.24609.7.2.1.3.1
1.5.24618.11.2.1.1.1.18.1
1.5.24721.9.2.1.5.2.5.1.3
1.5.24732.10.2.1.18.3
1.5.24801.7.2.1.7.2.5.1
1.5.25005.7.2.1
1.5.25006.13.2.1.7.6.10.6
1.5.25015.11.2.1.1
1.5.25049.10.2.1
1.5.25070.7.2.1.7.2
1.5.25115.11.2.1.27
1.5.25139.15.2.1.2.1.10
1.5.25199.13.2.1.12.3
1.5.25269.9.2.1
1.5.25292.6.2.1.2.1
1.5.25328.16.2.1.2
1.5.25740.8.2.1.39
1.5.26015.9.2.1.9
1.5.26099.20.2.1.5
1.5.26245.8.2.1.12.4.12
1.5.26343.7.2.1.15.3
1.5.26443.20.2.1.6.1.1.1.2
1.5.26493.9.2.1.4.1.2.1
1.5.26534.9.2.1.3.1.25.9
1.5.26860.7.2.1.13.5.27
1.5.26933.7.2.1.11
1.5.26935.10.2.1.18.4.32
1.5.26997.20.2.1
1.5.27086.9.2.1.9.7.9.2
1.5.27404.8.2.1.2.1.1.11.15
1.5.27457.6.2.1.3.2.7
1.5.27532.9.2.1.1.3.7.2
1.5.27659.25.2.1.11.1.1.1
1.5.27720.29.2.1.7.1
1.5.27803.7.2.1.8.2.6.2.3
1.5.27880.13.2.1.2
1.5.28049.9.2.1.13.2
1.5.28061.10.2.1
1.5.28078.8.2.1
1.5.28265.8.2.1.16.2.41.5
1.5.28321.13.2.1.38.5
1.5.28337.8.2.1.15.1.1.1
1.5.28384.8.2.1.1.1.1
1.5.28386.11.2.1.1
1.5.28490.13.2.1.16.4.9
1.5.28514.12.2.1.1.1.4
1.5.28544.16.2.1.31.1
1.5.28614.8.2.1.5.3.16.5
1.5.28905.7.2.1.14.5.12
1.5.28928.6.2.1.7.1.4.1.3
1.5.29066.6.2.1.2.1.3.1
1.5.29303.8.2.1.15.1.67
1.5.29645.11.2.1.1.1
1.5.29650.10.2.1.4.2.5.1.1
1.5.29731.8.2.1
1.5.29771.7.2.1
1.5.29801.14.2.1.4.3.7.1.2
1.5.29860.6.2.1.5.2.11.1.23
1.5.30061.9.2.1
1.5.30192.11.2.1.3
1.5.30194.9.2.1.9
1.5.30221.18.2.1.8.1.13.4.26.3
1.5.30285.8.2.1.18.1.3.2
1.5.30380.8.2.1
1.5.30434.10.2.1
1.5.30487.10.2.1.4.1
1.5.30586.12.2.1.7
1.5.30697.10.2.1.10.6.14
1.5.30812.8.2.1.8.7.21
1.5.30987.17.2.1.5
1.5.31010.17.2.1.3
1.5.31128.8.2.1.21.4.14
1.5.31201.21.2.1.2.1.15.8
1.5.31302.7.2.1.52.3
1.5.31339.6.2.1.15.7
1.5.31344.11.2.1
1.5.31500.6.2.1.16.1.5
1.5.31578.20.2.1
1.5.31620.6.2.1
1.5.31625.15.2.1.9.1.2
1.5.31723.7.2.1.3.1
1.5.31732.11.2.1.1.1.18.1
1.5.31846.9.2.1.5.2.5.1.3
1.5.31854.18.2.1.15.3.6.1
1.5.31895.9.2.1.3.2
1.5.31953.7.2.1
1.5.32136.7.2.1
1.5.32137.13.2.1.7.6.10.6
1.5.32146.11.2.1.1
1.5.32180.10.2.1
1.5.32201.7.2.1.7.2
1.5.32251.14.2.1.7
1.5.32268.6.2.1.15.4.5.2.38
1.5.32333.13.2.1.12.3
1.5.32403.9.2.1
1.5.32426.6.2.1.2.1
1.5.32465.6.2.1.3
1.5.32806.15.2.1.6.2.9
1.5.32823.11.2.1.4.1
1.5.32869.8.2.1.35
1.5.33039.18.2.1.25.4.20
1.5.33136.9.2.1.9
1.5.33228.20.2.1.5
1.5.33377.8.2.1.12.4.12
1.5.33483.7.2.1.15.3
1.5.33584.11.2.1.3.1.4
1.5.33596.8.2.1.9.2.10.1
1.5.33674.9.2.1.3.1.25.9
1.5.34068.15.2.1.21.10.14.4.7
1.5.34089.8.2.1.11.3.24.1.4
1.5.34115.8.2.1.10.3.23
1.5.34180.8.2.1.34.2.3.1.2
1.5.34252.8.2.1.1.1
1.5.34404.8.2.1
1.5.34553.7.2.1.9.6.7.1.12
1.5.34602.6.2.1.3.2.7
1.5.34677.9.2.1.1.3.7.2
1.5.34755.14.2.1.4.2
1.5.34828.10.2.1.13.2
1.5.34996.7.2.1.8.2.6.2.3
1.5.35073.13.2.1.2
1.5.35087.6.2.1.8.2
1.5.35255.9.2.1.13.2
1.5.35267.10.2.1
1.5.35284.8.2.1
1.5.35443.16.2.1.15.1
1.5.35454.8.2.1.40.2.96.5
1.5.35521.8.2.1.2.2.15
1.5.35688.12.2.1.5.4.7.1
1.5.35709.10.2.1.3.1.1
1.5.35733.17.2.1.9.1.2
1.5.35749.16.2.1.8.1
1.5.35824.8.2.1.5.3.14.5
1.5.35866.19.2.1.1.2.14.1
1.5.35949.10.2.1.9.10
1.5.36111.8.2.1.9.1.3
1.5.36134.6.2.1.7.1.4.1.3
1.5.36272.6.2.1.2.1.3.1
1.5.36500.8.2.1.15.1.67
1.5.36552.15.2.1.63.10
1.5.36694.10.2.1.36
1.5.36832.9.2.1
1.5.36874.11.2.1.2.2
1.5.37182.20.2.1.12.1.1.1
1.5.37238.9.2.1.7.2.4.4
1.5.37364.8.2.1.13.1.14
1.5.37432.8.2.1.18.1.3.2
1.5.37531.8.2.1
1.5.37586.10.2.1
1.5.37639.10.2.1.4.1
1.5.37735.12.2.1.7
1.5.37834.10.2.1.2.7.20
1.5.37875.8.2.1.8
1.5.37953.8.2.1.8.7.21
1.5.38116.17.2.1.5
1.5.38144.14.2.1.10.2.9
1.5.38145.8.2.1.3.2
1.5.38193.10.2.1
1.5.38257.9.2.1.4.1.5
1.5.38308.9.2.1
1.5.38312.8.2.1.5
1.5.38335.21.2.1.2.1.12.2
1.5.38461.6.2.1.15.7
1.5.38466.11.2.1
1.5.38617.6.2.1.11.1.5
1.5.38695.20.2.1
1.5.38736.9.2.1.1.1.1
1.5.38838.7.2.1.3.1
1.5.38847.11.2.1.1.1.18.1
1.5.38957.9.2.1.5.2.5.1.3
1.5.38968.10.2.1.18.3
1.5.39038.7.2.1.7.2.10.2
1.5.39232.7.2.1
1.5.39233.13.2.1.7.6.10.6
1.5.39242.11.2.1.1
1.5.39276.10.2.1
1.5.39297.7.2.1.7.2
1.5.39348.14.2.1.7
1.5.39365.6.2.1.15.4.5.2.19
1.5.39430.13.2.1.12.3
1.5.39500.9.2.1
1.5.39523.6.2.1.2.1
1.5.39562.6.2.1.3
1.5.39604.6.2.1.4.3.4
1.5.39686.9.2.1.5.4
1.5.39723.7.2.1.2
1.5.39886.9.2.1.4.2.40.6.11
1.5.39948.11.2.1.14.4.14
1.5.40192.13.2.1.34.2
1.5.40277.20.2.1.5
1.5.40523.7.2.1.54.4
1.5.40629.11.2.1.3.1.4
1.5.40641.8.2.1.9.2.10.1
1.5.40719.9.2.1.3.1.25.9
1.5.40907.7.2.1.4.1.15.2
1.5.41144.7.2.1.11
1.5.41146.10.2.1.18.4.32
1.5.41291.9.2.1.9.7.9.2
1.5.41441.8.2.1
1.5.41535.8.2.1.14.5.25.1
1.5.41592.8.2.1.2.1.1.11.15
1.5.41645.6.2.1.3.2.7
1.5.41720.9.2.1.1.3.7.2
1.5.41798.14.2.1.4.2
1.5.41871.10.2.1.13.2
1.5.42044.7.2.1.8.2.6.2.3
1.5.42115.11.2.1.17
1.5.42115.11.2.1.18
1.5.42298.12.2.1.3.2.10
1.5.42497.8.2.1.5.2.7.3
1.5.42554.13.2.1.17.5
1.5.42575.8.2.1.4.1.1.1
1.5.42626.8.2.1.1.1.1
1.5.42628.11.2.1.1
1.5.42726.12.2.1.5.4.7.1
1.5.42743.6.2.1.43
1.5.42768.12.2.1.1.1.4
1.5.42798.16.2.1.31.1
1.5.43186.7.2.1.14.5.12
1.5.43209.6.2.1.7.1.4.1.3
1.5.43348.6.2.1.2.1.3.1
1.5.43647.15.2.1.68.10
1.5.43713.5.2.1.5.1.26.10
1.5.43718.8.2.1.2.2.35
1.5.43791.10.2.1.37
1.5.43934.11.2.1.1.1
1.5.43939.10.2.1.4.2.5.1.1
1.5.44020.8.2.1
1.5.44284.9.2.1.18.7.15.4
1.5.44314.6.2.1.7.2
1.5.44342.9.2.1
1.5.44485.8.2.1.13.1.14
1.5.44515.11.2.1.9
1.5.44562.12.2.1.14.2.4.2.2.13
1.5.44659.8.2.1
1.5.44753.8.2.1.5.1
1.5.44777.6.2.1.4.1.3.3
1.5.44853.12.2.1.3.8.19.10
1.5.44951.14.2.1.1.1.2.6.18
1.5.44965.9.2.1.6.2.9
1.5.44992.16.2.1.3
1.5.45053.8.2.1.8.7.21
1.5.45203.16.2.1.12
1.5.45216.12.2.1.18.6.11
1.5.45293.10.2.1
1.5.45356.8.2.1.8.3.8
1.5.45431.15.2.1.1.1.8.3.45
1.5.45583.6.2.1.15.7
1.5.45588.11.2.1
1.5.45737.28.2.1.13.1.2
1.5.45814.20.2.1
1.5.45856.6.2.1
1.5.45861.15.2.1.9.1.2
1.5.45956.7.2.1.3.1
1.5.45965.11.2.1.1.1.18.1
1.5.46069.9.2.1.5.2.5.1.3
1.5.46077.18.2.1.15.3.6.1
1.5.46179.7.2.1
1.5.46364.7.2.1
1.5.46365.13.2.1.7.6.10.6
1.5.46374.11.2.1.1
1.5.46408.10.2.1
1.5.46429.7.2.1.7.2
1.5.46455.7.2.1
1.5.46485.9.2.1.15.1.2
1.5.46507.15.2.1.2.1.10
1.5.46567.13.2.1.12.3
1.5.46665.6.2.1.2.1
1.5.46701.16.2.1.2
1.5.46870.24.2.1.9.1
1.5.46909.7.2.1.2
1.5.47069.24.2.1.25.9.20.1.3
1.5.47129.11.2.1.14.4.14
1.5.47384.19.2.1.13
1.5.47470.20.2.1.5
1.5.47610.8.2.1.12.4.12
1.5.47712.7.2.1.60.4
1.5.47817.11.2.1.3.1.4
1.5.47829.8.2.1.9.2.10.1
1.5.47866.8.2.1.5.2
1.5.47908.9.2.1
1.5.47919.9.2.1.3.1.24.9
1.5.48107.7.2.1.4.1.15.2
1.5.48335.7.2.1.11
1.5.48337.10.2.1.18.4.32
1.5.48484.8.2.1.1.1
1.5.48788.8.2.1.2.1.1.11.15
1.5.48838.7.2.1.2.18.63
1.5.48914.9.2.1.1.3.7.2
1.5.49051.10.2.1.13.2
1.5.49097.11.2.1.7.1
1.5.49204.7.2.1.8.2.6.2.3
1.5.49251.18.2.1.22.9
1.5.49435.9.2.1.13.2
1.5.49447.10.2.1
1.5.49464.8.2.1
1.5.49654.8.2.1.5.2.7.3
1.5.49718.8.2.1.2.2.15
1.5.49793.8.2.1.1.1.1
1.5.49795.11.2.1.1
1.5.49902.15.2.1.5.1.3.5.36
1.5.49926.12.2.1.1.1.4
1.5.49956.16.2.1.31.1
1.5.50344.7.2.1.14.5.12
1.5.50508.6.2.1.2.1.3.1
1.5.50744.8.2.1.15.1.67
1.5.50796.15.2.1.63.10
1.5.50933.10.2.1.36
1.5.51072.11.2.1.1.1
1.5.51077.10.2.1.4.2.5.1.1
1.5.51158.8.2.1
1.5.51485.9.2.1
1.5.51595.11.2.1.3
1.5.51597.9.2.1.9
1.5.51624.18.2.1.8.1.13.4.32.15
1.5.51647.11.2.1.2.1.2
1.5.51657.11.2.1.14.1
1.5.51700.8.2.1.18.1.3.2
1.5.51795.8.2.1
1.5.51853.10.2.1
1.5.51906.10.2.1.4.1
1.5.51991.6.2.1.13
1.5.52094.10.2.1.2.5.45
1.5.52209.8.2.1.8.7.21
1.5.52382.17.2.1.5
1.5.52405.17.2.1.3
1.5.52464.10.2.1
1.5.52531.8.2.1.29.4.14
1.5.52751.6.2.1.15.7
1.5.52756.11.2.1
1.5.52917.13.2.1.7.5.46
1.5.52931.19.2.1.3.2.7.7
1.5.52999.20.2.1
1.5.53038.6.2.1
1.5.53043.15.2.1.9.1.2
1.5.53097.9.2.1
1.5.53122.7.2.1.3.1
1.5.53131.11.2.1.1.1.18.1
1.5.53242.18.2.1.3.1.5
1.5.53253.14.2.1.2.1
1.5.53290.9.2.1.3.2
1.5.53329.7.2.1.19.2.13.4
1.5.53426.7.2.1.10.2
1.5.53518.7.2.1
1.5.53519.13.2.1.7.6.10.6
1.5.53528.11.2.1.1
1.5.53562.10.2.1
1.5.53583.7.2.1.7.2
1.5.53629.11.2.1.25
1.5.53654.9.2.1.2
1.5.53721.13.2.1.12.3
1.5.53791.9.2.1
1.5.53813.12.2.1.3.1.2.1
1.5.53848.6.2.1.3.1.1.3.11
1.5.54009.9.2.1.5.4
1.5.54041.7.2.1.4.3.55.15
1.5.54197.15.2.1.6.2.9
1.5.54214.11.2.1.4.1
1.5.54260.8.2.1.35
1.5.54437.8.2.1.2
1.5.54487.8.2.1
1.5.54524.19.2.1.13
1.5.54525.5.2.1
1.5.54610.20.2.1.5
1.5.54868.7.2.1.15.3
1.5.54969.11.2.1.3.1.4
1.5.54981.8.2.1.9.2.10.1
1.5.55021.8.2.1.5.2
1.5.55071.9.2.1.3.1.25.9
1.5.55394.7.2.1.13.5.27
1.5.55475.8.2.1.4.3.5
1.5.55625.9.2.1.9.8.15.8
1.5.55936.8.2.1.2.1.1.3.21
1.5.55985.6.2.1.3.2.7
1.5.56060.9.2.1.1.3.7.2
1.5.56187.25.2.1.11.1.1.1
1.5.56324.7.2.1.8.2.6.2.3
1.5.56399.13.2.1.2
1.5.56579.10.2.1
1.5.56596.8.2.1
1.5.56791.8.2.1.5.2.7.3
1.5.56848.13.2.1.17.5
1.5.56920.8.2.1.1.1.1
1.5.56922.11.2.1.1
1.5.57026.13.2.1.16.4.9
1.5.57050.12.2.1.1.1.4
1.5.57080.16.2.1.31.1
1.5.57150.8.2.1.5.3.14.5
1.5.57281.10.2.1.9.10
1.5.57451.8.2.1.7.1.3
1.5.57474.6.2.1.7.1.4.1.3
1.5.57613.6.2.1.2.1.3.1
1.5.57843.8.2.1.4.1.2
1.5.57896.15.2.1.63.10
1.5.57946.12.2.1.2
1.5.58040.10.2.1.36
1.5.58182.11.2.1.1.1
1.5.58187.10.2.1.4.2.5.1.1
1.5.58268.8.2.1
1.5.58539.9.2.1.18.7.15.4
1.5.58569.6.2.1.7.2
1.5.58597.9.2.1
1.5.58724.11.2.1.3
1.5.58726.9.2.1.9
1.5.58753.18.2.1.8.1.13.4.16.1
1.5.58822.12.2.1.14.2.4.2.2.12
1.5.58919.8.2.1
1.5.58974.10.2.1
1.5.59027.10.2.1.4.1
1.5.59119.13.2.1.2
1.5.59210.10.2.1.10.6.14
1.5.59260.9.2.1.28.12.22
1.5.59341.8.2.1.8.7.21
1.5.59504.17.2.1.5
1.5.59527.17.2.1.3
1.5.59598.10.2.1
1.5.59665.8.2.1.29.4.14
1.5.59737.15.2.1.1.1.8.3.62
1.5.59879.6.2.1.15.7
1.5.59884.11.2.1
1.5.60033.28.2.1.13.1.2
1.5.60110.20.2.1
1.5.60152.6.2.1
1.5.60157.15.2.1.9.1.2
1.5.60246.7.2.1.3.1
1.5.60255.11.2.1.1.1.18.1
1.5.60359.9.2.1.5.2.5.1.3
1.5.60367.18.2.1.15.3.6.1
1.5.60458.6.2.1
1.5.60754.7.2.1
1.5.60786.19.2.1.6
1.5.60804.7.2.1.13.1.1.1.5
1.5.60869.13.2.1.12.3
1.5.60939.9.2.1
1.5.60962.6.2.1.2.1
1.5.60998.16.2.1.2
1.5.61328.9.2.1.4.2.40.6.11
1.5.61390.11.2.1.14.4.14
1.5.61539.8.2.1.2
1.5.61632.9.2.1.9
1.5.61724.20.2.1.5
1.5.61749.10.2.1.15.3
1.5.61875.8.2.1.12.4.12
1.5.61943.7.2.1.14.6.8.2
1.5.61974.7.2.1.15.3
1.5.62084.11.2.1.3.1.4
1.5.62096.8.2.1.9.2.10.1
1.5.62133.8.2.1.5.2
1.5.62175.9.2.1
1.5.62186.9.2.1.3.1.33.4
1.5.62525.7.2.1.17.5.36
1.5.62613.8.2.1.11.3.24.1.4
1.5.62639.8.2.1.10.3.23
1.5.62709.8.2.1.34.2.3.1.2
1.5.62775.8.2.1.1.1
1.5.63096.7.2.1.9.6.7.1.12
1.5.63137.6.2.1.3.2.7
1.5.63212.9.2.1.1.3.7.2
1.5.63290.14.2.1.4.2
1.5.63363.10.2.1.13.2
1.5.63529.7.2.1.8.2.6.2.3
1.5.63602.11.2.1.17
1.5.63773.9.2.1.13.2
1.5.63785.10.2.1
1.5.63802.8.2.1
1.5.63993.8.2.1.5.2.7.2
1.5.64052.13.2.1.14.5
1.5.64068.8.2.1.15.1.1.1
1.5.64115.8.2.1.1.1.1
1.5.64117.11.2.1.1
1.5.64215.12.2.1.5.4.7.1
1.5.64232.6.2.1.43
1.5.64257.12.2.1.1.1.4
1.5.64288.16.2.1.8.1
1.5.64363.8.2.1.5.3.14.5
1.5.64405.19.2.1.1.2.14.1
1.5.64680.7.2.1.14.5.12
1.5.64703.6.2.1.7.1.4.1.3
1.5.64836.6.2.1.2.1.3.1
1.5.64936.6.2.1.3.1
1.5.65065.8.2.1.15.1.67
1.5.65117.15.2.1.63.10
1.5.65420.11.2.1.1.1
1.5.65425.10.2.1.4.2.5.1.1
1.5.65633.12.2.1.2.1
1.5.65805.9.2.1.18.7.15.4
1.5.65835.6.2.1.7.2
1.5.65863.9.2.1
1.5.65993.8.2.1.13.1.14
1.5.66023.11.2.1.9
1.5.66071.8.2.1.18.1.3.2
1.5.66166.8.2.1
1.5.66220.10.2.1
1.5.66273.10.2.1.4.1
1.5.66356.16.2.1.3.3.25.1.2
1.5.66383.7.2.1.1.1.2.1
1.5.66446.10.2.1.10.6.14
1.5.66469.11.2.1.2
1.5.66499.16.2.1.3
1.5.66556.8.2.1.8.7.21
1.5.66706.16.2.1.12
1.5.66719.12.2.1.18.6.11
1.5.66744.14.2.1.10.2.9
1.5.66745.8.2.1.3.2
1.5.66803.10.2.1
1.5.66872.8.2.1.29.4.14
1.5.66944.15.2.1.1.1.8.3.62
1.5.67090.6.2.1.15.7
1.5.67095.11.2.1
1.5.67251.28.2.1.13.1.2
1.5.67331.20.2.1
1.5.67373.6.2.1
1.5.67378.15.2.1.9.1.2
1.5.67476.7.2.1.3.1
1.5.67485.11.2.1.1.1.18.1
1.5.67589.9.2.1.5.2.5.1.3
1.5.67600.10.2.1.18.3
1.5.67700.7.2.1
1.5.67966.7.2.1
1.5.67996.9.2.1.15.1.2
1.5.68019.9.2.1.2
1.5.68087.13.2.1.12.3
1.5.68185.6.2.1.2.1
1.5.68224.6.2.1.3
1.5.68374.9.2.1.5.4
1.5.68411.7.2.1.2
1.5.68565.15.2.1.6.2.9
1.5.68582.11.2.1.5.1
1.5.68628.8.2.1.35
1.5.68855.8.2.1.37.1.2
1.5.68942.20.2.1.5
1.5.69089.8.2.1.12.4.12
1.5.69193.7.2.1.15.3
1.5.69302.20.2.1.6.1.1.1.2
1.5.69352.9.2.1.4.1.2.1
1.5.69393.9.2.1.3.1.25.9
1.5.69576.7.2.1.4.1.15.2
1.5.69796.8.2.1.11.3.19.1.4
1.5.69971.8.2.1.1.1
1.5.70123.8.2.1
1.5.70211.8.2.1.14.5.68.1
1.5.70269.8.2.1.2.1.1.3.18
1.5.70321.6.2.1.3.2.7
1.5.70396.9.2.1.1.3.7.2
1.5.70474.14.2.1.4.2
1.5.70547.10.2.1.13.2
1.5.70706.7.2.1.8.2.6.2.3
1.5.70753.18.2.1.22.9
1.5.70773.13.2.1.2
1.5.70956.10.2.1
1.5.70973.8.2.1
1.5.71224.7.2.1.42.9.29.5.24
1.5.71224.7.2.1.42.9.30.6
1.5.71286.8.2.1.1.1.1
1.5.71288.11.2.1.1
1.5.71395.15.2.1.5.1.3.5.36
1.5.71419.12.2.1.1.1.4
1.5.71449.16.2.1.31.1
1.5.71524.8.2.1.5.3.14.5
1.5.71840.12.2.1.5
1.5.71866.8.2.1.1.1.3.2.29
1.5.72000.6.2.1.2.1.3.1
1.6.233.8.2.1
1.6.276.8.2.1.7
1.6.411.8.2.1.4.1
1.6.445.8.2.1.2.1.3.2.20
1.6.687.8.2.1.8.1.4.2.3
1.6.720.8.2.1
1.6.776.8.2.1
1.6.837.8.2.1.14.1.24
1.6.1046.8.2.1.5.1.28.5
1.6.1070.8.2.1.1.1.28.7
1.6.1254.8.2.1.16
1.6.1281.8.2.1.2
1.6.1316.8.2.1.4.2.4
1.6.1351.8.2.1.3.1.2.1
1.6.1363.8.2.1.13.1.3.2
1.6.1503.8.2.1
1.6.1657.8.2.1.4
1.6.1756.8.2.1.8
1.6.1776.8.2.1.7
1.6.1805.8.2.1.21.4.15
1.6.1924.8.2.1.19
1.6.1953.8.2.1
1.6.2105.8.2.1.20.1.28.2
1.6.2111.8.2.1.35.2.8
1.6.2257.8.2.1
1.6.2271.8.2.1.1.1.2
1.6.2357.8.2.1.5.1
1.6.2364.8.2.1.14.1.4.3.17
1.6.2549.8.2.1
1.6.2732.8.2.1.2.1.7
1.6.2754.8.2.1.4
1.6.2899.8.2.1.7
1.6.2978.8.2.1.5.1
1.6.2979.8.2.1
1.6.3015.8.2.1
1.6.3146.8.2.1.19.4.8.2
1.6.3165.8.2.1.23.2.26.2.20
1.6.3218.8.2.1.4.4.11.2.16
1.6.3446.8.2.1.13.2.8.3
1.6.3496.8.2.1.3.1
1.6.3512.8.2.1.35.2.3.1
1.6.3604.8.2.1
1.6.3620.8.2.1
1.6.3878.8.2.1.9.1.2.7.9
1.6.4030.8.2.1.6.4.20.1
1.6.4075.8.2.1.16
1.6.4179.8.2.1
1.6.4254.8.2.1.25.1.7
1.6.4283.8.2.1
1.6.4326.8.2.1
1.6.4636.8.2.1.49.6
1.6.4663.8.2.1.15
1.6.4736.8.2.1.4.3
1.6.4857.8.2.1.3.3.35
1.6.4862.8.2.1.1.1
1.6.4938.8.2.1.2.2
1.6.5064.8.2.1
1.6.5203.8.2.1.3.1
1.6.5212.8.2.1.21.3
1.6.5412.8.2.1.7.5.11.2
1.6.5522.8.2.1.3.1
1.6.5584.8.2.1.3.4.7.1.15
1.6.5588.8.2.1
1.6.5683.8.2.1.4.2.2.8.12
1.6.5769.8.2.1.3.6.22.3
1.6.5777.8.2.1.14
1.6.5782.8.2.1.28.5.11
1.6.6019.8.2.1
1.6.6190.8.2.1.3.3.13
1.6.6262.8.2.1
1.6.6339.8.2.1.5.1
1.6.6402.8.2.1.19.1.10.2
1.6.6489.8.2.1.2.1
1.6.6545.8.2.1
1.6.6672.8.2.1.8.2.3
1.6.6700.8.2.1.20.9.15
1.6.6731.8.2.1.12.6.23.1.1
1.6.6732.8.2.1.13
1.6.6763.8.2.1
1.6.6847.8.2.1.14.11
1.6.6969.8.2.1.3.2.12
1.6.7212.8.2.1.1.1
1.6.7262.8.2.1.12
1.6.7263.8.2.1
1.6.7338.8.2.1.4
1.6.7416.8.2.1.3.1
1.6.7489.8.2.1.14
1.6.7588.8.2.1.23.1.22.8
1.6.7703.8.2.1.3.2.66.2
1.6.7713.8.2.1.9.3
1.6.7818.8.2.1.5.1
1.6.7829.8.2.1.16.1
1.6.7974.8.2.1.16.2.15.3.3
1.6.8003.8.2.1.4.2.3
1.6.8062.8.2.1.23.2
1.6.8378.8.2.1
1.6.8421.8.2.1.7
1.6.8567.8.2.1.4.1
1.6.8730.8.2.1.3.1
1.6.8813.8.2.1.3.3.17.5
1.6.8855.8.2.1.8.1.4.2.3
1.6.8888.8.2.1
1.6.8901.8.2.1.1.1.2
1.6.8947.8.2.1
1.6.8972.8.2.1
1.6.9012.8.2.1.11.8.6
1.6.9062.8.2.1.91.1
1.6.9216.8.2.1.5.1.28.5
1.6.9293.8.2.1.2.1.2.2
1.6.9448.8.2.1.5.1.5
1.6.9449.8.2.1.9.5.12
1.6.9477.8.2.1.6.2.8.1
1.6.9504.8.2.1.4.2.4
1.6.9539.8.2.1.3.1.2.1
1.6.9551.8.2.1.13.1.3.2
1.6.9712.8.2.1
1.6.9878.8.2.1.4
1.6.9917.8.2.1.5.1.2.1.1.9
1.6.9992.8.2.1.1
1.6.10017.8.2.1.34
1.6.10046.8.2.1.21.4.15
1.6.10163.8.2.1.19
1.6.10338.8.2.1.20.1.28.2
1.6.10344.8.2.1.35.2.8
1.6.10503.8.2.1.6.3.10.2.10
1.6.10586.8.2.1.5.1
1.6.10640.8.2.1.20.1
1.6.10779.8.2.1
1.6.10972.8.2.1.2.1.7
1.6.10994.8.2.1.4
1.6.11113.8.2.1.9.2.5
1.6.11131.8.2.1.7
1.6.11210.8.2.1.5.1
1.6.11211.8.2.1
1.6.11247.8.2.1
1.6.11366.8.2.1.11
1.6.11394.8.2.1.18.2.26.2.19
1.6.11588.8.2.1.4.1.10
1.6.11685.8.2.1.13.2.2.1.18.8
1.6.11720.8.2.1.3.1
1.6.11736.8.2.1.36.2.3.1
1.6.11815.8.2.1.9.1.1.1.2
1.6.11833.8.2.1.10.7
1.6.11834.8.2.1.14
1.6.12093.8.2.1.1.1.65
1.6.12152.8.2.1.17.8.15
1.6.12292.8.2.1.1.1.2.2.44
1.6.12380.8.2.1
1.6.12413.8.2.1.6.2.15.1
1.6.12478.8.2.1.25.1.7
1.6.12507.8.2.1
1.6.12550.8.2.1
1.6.12725.8.2.1.19.2.5
1.6.12872.8.2.1.49.6
1.6.12899.8.2.1.15
1.6.12973.8.2.1.4.3
1.6.12983.8.2.1.9.1.2.1
1.6.13098.8.2.1.3.3.35
1.6.13103.8.2.1.1.1
1.6.13179.8.2.1.2.2
1.6.13242.8.2.1.5.7
1.6.13307.8.2.1
1.6.13428.8.2.1.3.1
1.6.13437.8.2.1.21.3
1.6.13639.8.2.1.5.2
1.6.13764.8.2.1
1.6.13802.8.2.1.5.3.4.1.5
1.6.13842.8.2.1.6.1
1.6.13886.8.2.1.4.2.2.8.12
1.6.13920.8.2.1.8.1.6
1.6.13946.8.2.1
1.6.13971.8.2.1.3.7.18.3
1.6.13989.8.2.1.5
1.6.14308.8.2.1.2.1
1.6.14468.8.2.1
1.6.14548.8.2.1.5.1
1.6.14608.8.2.1.19.1.10.2
1.6.14764.8.2.1
1.6.14801.8.2.1.4.6
1.6.14916.8.2.1.8.2.3
1.6.14944.8.2.1.20.9.15
1.6.14982.8.2.1.8.1.1.1.7
1.6.14983.8.2.1.1
1.6.15033.8.2.1.5.3
1.6.15173.8.2.1.16.4
1.6.15183.8.2.1.1.6
1.6.15207.8.2.1.5
1.6.15238.8.2.1
1.6.15443.8.2.1.1.1
1.6.15493.8.2.1.12
1.6.15494.8.2.1
1.6.15569.8.2.1.4
1.6.15619.8.2.1.6.1.7.3
1.6.15649.8.2.1.3.1
1.6.15699.8.2.1.11
1.6.15724.8.2.1.14
1.6.15827.8.2.1.44.1.22.13
1.6.15930.8.2.1.3.3.36.1
1.6.15960.8.2.1.2.1.10.10
1.6.16055.8.2.1.8.3.9.2
1.6.16203.8.2.1.16.2.15.3.3
1.6.16232.8.2.1.4.2.3
1.6.16284.8.2.1.3.3.15.2
1.6.16606.8.2.1
1.6.16649.8.2.1.7
1.6.16799.8.2.1.3.2
1.6.16802.8.2.1.5.1
1.6.16967.8.2.1
1.6.17003.8.2.1
1.6.17058.8.2.1
1.6.17063.8.2.1.31.1
1.6.17070.8.2.1.8.1.4.1.50
1.6.17103.8.2.1
1.6.17154.8.2.1.9.2.6.3
1.6.17185.8.2.1
1.6.17225.8.2.1.11.8.6
1.6.17425.8.2.1.4.2
1.6.17450.8.2.1.1.1.27.7
1.6.17498.8.2.1.2.1.2.2
1.6.17653.8.2.1.5.1.5
1.6.17654.8.2.1.9.5.12
1.6.17680.8.2.1.2
1.6.17721.8.2.1.4.2.4
1.6.17753.8.2.1.7.2
1.6.17770.8.2.1.13.1.3.2
1.6.17935.8.2.1
1.6.18102.8.2.1.2.1.11
1.6.18200.8.2.1.4
1.6.18255.8.2.1.18.5.14
1.6.18370.8.2.1.19
1.6.18422.8.2.1.1.7
1.6.18535.8.2.1.20.1.28.2
1.6.18541.8.2.1.35.2.8
1.6.18637.8.2.1
1.6.18719.8.2.1.6.3.10.2.10
1.6.18860.8.2.1.20.1
1.6.19000.8.2.1
1.6.19200.8.2.1.2.1.7
1.6.19222.8.2.1.4
1.6.19347.8.2.1.9.2.5
1.6.19362.8.2.1.11.11.19
1.6.19435.8.2.1.5.1
1.6.19436.8.2.1
1.6.19472.8.2.1
1.6.19589.8.2.1.11
1.6.19617.8.2.1.10.1
1.6.19887.8.2.1.1.1.26.4
1.6.20006.8.2.1
1.6.20022.8.2.1
1.6.20276.8.2.1.1.1.65
1.6.20326.8.2.1.6.5.13
1.6.20480.8.2.1.6.3
1.6.20729.8.2.1.16.3.12
1.6.21063.8.2.1.49.6
1.6.21090.8.2.1.15
1.6.21170.8.2.1.4.3
1.6.21180.8.2.1.9.1.2.1
1.6.21274.8.2.1.3.3.35
1.6.21279.8.2.1.1.1
1.6.21371.8.2.1
1.6.21429.8.2.1.5.7
1.6.21494.8.2.1
1.6.21613.8.2.1.3.1
1.6.21622.8.2.1.21.3
1.6.21820.8.2.1.7.5.11.2
1.6.21924.8.2.1.3.1
1.6.21984.8.2.1
1.6.21987.8.2.1
1.6.22068.8.2.1.4.2.2.8.12
1.6.22102.8.2.1.8.1.6
1.6.22128.8.2.1
1.6.22153.8.2.1.3.7.18.3
1.6.22162.8.2.1.28
1.6.22403.8.2.1
1.6.22482.8.2.1.2.1
1.6.22530.8.2.1.7.5
1.6.22598.8.2.1.4.1.30.4.23
1.6.22664.8.2.1
1.6.22741.8.2.1.5.1
1.6.22802.8.2.1.19.1.10.2
1.6.22949.8.2.1
1.6.23095.8.2.1.8.2.3
1.6.23123.8.2.1.20.9.15
1.6.23159.8.2.1.12.6.23.1.1
1.6.23160.8.2.1.13
1.6.23174.8.2.1.3
1.6.23213.8.2.1.5.3
1.6.23260.8.2.1.9.2
1.6.23338.8.2.1.1.1
1.6.23362.8.2.1.5
1.6.23391.8.2.1
1.6.23595.8.2.1.37.4
1.6.23657.8.2.1.4
1.6.23658.8.2.1
1.6.23685.8.2.1.3
1.6.23747.8.2.1.4
1.6.23765.8.2.1.6
1.6.23861.8.2.1.6
1.6.23894.8.2.1.14
1.6.23997.8.2.1.44.1.22.13
1.6.24115.8.2.1.3.2.47.2
1.6.24133.8.2.1.6.5
1.6.24154.8.2.1.4.6
1.6.24242.8.2.1.1.1
1.6.24382.8.2.1.16.2.15.3.3
1.6.24411.8.2.1.4.2.3
1.6.24463.8.2.1.3.3.15.2
1.6.24817.8.2.1
1.6.24860.8.2.1.7
1.6.24983.8.2.1.4.1
1.6.25017.8.2.1.2.1.3.2.20
1.6.25140.8.2.1.3.1
1.6.25251.8.2.1.30.1
1.6.25258.8.2.1.8.1.4.1.14
1.6.25291.8.2.1
1.6.25304.8.2.1.1.1.2
1.6.25347.8.2.1
1.6.25408.8.2.1.14.1.24
1.6.25609.8.2.1.5.1.28.5
1.6.25627.8.2.1.1.1.34.7
1.6.25840.8.2.1.27
1.6.25860.8.2.1.6.2.8.1
1.6.25887.8.2.1.4.2.4
1.6.25922.8.2.1.3.1.2.1
1.6.25934.8.2.1.13.1.3.2
1.6.26104.8.2.1
1.6.26270.8.2.1.4
1.6.26372.8.2.1.1
1.6.26430.8.2.1.18.5.14
1.6.26528.8.2.1.19
1.6.26557.8.2.1
1.6.26729.8.2.1.10.2.8
1.6.26836.8.2.1
1.6.26905.8.2.1.12.7.19
1.6.27039.8.2.1.20.1
1.6.27178.8.2.1
1.6.27377.8.2.1.2.1.7
1.6.27399.8.2.1.4
1.6.27524.8.2.1.9.2.5
1.6.27621.8.2.1.5.1
1.6.27622.8.2.1
1.6.27658.8.2.1
1.6.27782.8.2.1.19.4.8.2
1.6.27842.8.2.1.1.2.25.1
1.6.27942.8.2.1.2.1
1.6.28106.8.2.1.13.2.8.3
1.6.28156.8.2.1.3.1
1.6.28172.8.2.1.35.2.3.1
1.6.28263.8.2.1.7.1.1.1.2
1.6.28281.8.2.1.10.7
1.6.28282.8.2.1.14
1.6.28503.8.2.1
1.6.28541.8.2.1.9.1.2.7.9
1.6.28745.8.2.1.1.1.2.2.6
1.6.28870.8.2.1.6.2.15.1
1.6.29004.8.2.1.16.3.12
1.6.29298.8.2.1.13.2.12
1.6.29398.8.2.1.1.1.42.6.28
1.6.29475.8.2.1.4.3
1.6.29586.8.2.1.3.3.35
1.6.29591.8.2.1.1.1
1.6.29667.8.2.1.2.2
1.6.29735.8.2.1.5.7
1.6.29921.8.2.1.3.1
1.6.29930.8.2.1.21.3
1.6.30132.8.2.1.5.2
1.6.30288.8.2.1.5.3.4.1.5
1.6.30329.8.2.1.26.2.16.1.8
1.6.30377.8.2.1.4.2.2.8.12
1.6.30433.8.2.1
1.6.30458.8.2.1.3.7.18.3
1.6.30466.8.2.1.13
1.6.30473.8.2.1.30.4.4
1.6.30503.8.2.1.4.1
1.6.30771.8.2.1.2.1
1.6.30880.8.2.1.1.1.5
1.6.30949.8.2.1.12.5.7
1.6.31017.8.2.1.5.1
1.6.31078.8.2.1.19.1.10.2
1.6.31236.8.2.1
1.6.31355.8.2.1.7.2.8
1.6.31421.8.2.1.8
1.6.31436.8.2.1.4
1.6.31470.8.2.1.5.3
1.6.31533.8.2.1.14.11
1.6.31627.8.2.1.8.2
1.6.31637.8.2.1.1.6
1.6.31661.8.2.1.5
1.6.31692.8.2.1
1.6.31927.8.2.1.4
1.6.31928.8.2.1
1.6.31955.8.2.1.3
1.6.32012.8.2.1.4
1.6.32090.8.2.1.3.1
1.6.32163.8.2.1.14
1.6.32262.8.2.1.23.1.22.8
1.6.32379.8.2.1.3.2.47.2
1.6.32409.8.2.1.4.6
1.6.32511.8.2.1.21.1.14.2.6.43
1.6.32645.8.2.1.2.1.41
1.6.32676.8.2.1.9.4.17
1.6.32733.8.2.1.3.3.15.2
1.6.33044.8.2.1
1.6.33087.8.2.1.7
1.6.33227.8.2.1.4.1
1.6.33394.8.2.1.3.1
1.6.33495.8.2.1.3.4
1.6.33512.8.2.1.58.1
1.6.33519.8.2.1.8.1.4.1.33
1.6.33552.8.2.1
1.6.33565.8.2.1.1.1.2
1.6.33608.8.2.1
1.6.33669.8.2.1.14.1.24
1.6.33866.8.2.1.5.1.28.5
1.6.33885.8.2.1.1.1.26.7
1.6.34082.8.2.1.5.1.5
1.6.34083.8.2.1.9.5.12
1.6.34109.8.2.1.2
1.6.34150.8.2.1.4.2.4
1.6.34185.8.2.1.3.1.2.1
1.6.34197.8.2.1.13.1.3.2
1.6.34340.8.2.1
1.6.34506.8.2.1.4
1.6.34557.8.2.1.6.1.3.2
1.6.34596.8.2.1.8
1.6.34656.8.2.1.18.5.14
1.6.34754.8.2.1.19
1.6.34806.8.2.1.1.7
1.6.34925.8.2.1.6
1.6.35075.8.2.1
1.6.35089.8.2.1.1.1.2
1.6.35200.8.2.1
1.6.35232.8.2.1.20.1
1.6.35371.8.2.1
1.6.35572.8.2.1.10
1.6.35593.8.2.1.4
1.6.35725.8.2.1.9.2.5
1.6.35840.8.2.1.8.5.13.1
1.6.35973.8.2.1.11
1.6.36001.8.2.1.10.1
1.6.36264.8.2.1.8.5.24.7
1.6.36308.8.2.1.3.1
1.6.36324.8.2.1.35.2.3.1
1.6.36416.8.2.1
1.6.36432.8.2.1
1.6.36689.8.2.1.1.1.65
1.6.36744.8.2.1.24.5.15
1.6.36904.8.2.1.1.1.2.2.6
1.6.37021.8.2.1
1.6.37096.8.2.1.25.1.7
1.6.37125.8.2.1
1.6.37162.8.2.1.16.3.12
1.6.37341.8.2.1.17
1.6.37549.8.2.1.1.1.42.6.28
1.6.37615.8.2.1.4.3
1.6.37742.8.2.1.3.3.35
1.6.37747.8.2.1.1.1
1.6.37839.8.2.1
1.6.37893.8.2.1.9.5
1.6.37964.8.2.1
1.6.38088.8.2.1.3.1
1.6.38097.8.2.1.21.3
1.6.38293.8.2.1.7.5.11.2
1.6.38395.8.2.1
1.6.38454.8.2.1.3.4.7.1.15
1.6.38458.8.2.1
1.6.38548.8.2.1.4.2.2.8.12
1.6.38577.8.2.1.13
1.6.38639.8.2.1.3.7.18.3
1.6.38647.8.2.1.14
1.6.38652.8.2.1.28.5.11
1.6.38682.8.2.1.4.1
1.6.38722.8.2.1.1.5.14.7
1.6.38947.8.2.1.2.1
1.6.39057.8.2.1.1.1.5
1.6.39129.8.2.1
1.6.39222.8.2.1.5.5.8.1
1.6.39276.8.2.1.21.7
1.6.39276.8.2.1.22.1.17.4
1.6.39453.8.2.1.4.6
1.6.39559.8.2.1
1.6.39567.8.2.1.3.6.23.4.25
1.6.39615.8.2.1.24.7.13
1.6.39657.8.2.1.24
1.6.39709.8.2.1.5.3
1.6.39848.8.2.1.8.2
1.6.39858.8.2.1.1.6
1.6.39882.8.2.1.5
1.6.39913.8.2.1
1.6.40168.8.2.1.4
1.6.40169.8.2.1
1.6.40247.8.2.1.4
1.6.40265.8.2.1.6
1.6.40298.8.2.1.6.1.7.3
1.6.40328.8.2.1.3.1
1.6.40401.8.2.1.14
1.6.40500.8.2.1.23.1.22.8
1.6.40618.8.2.1.3.2.47.2
1.6.40644.8.2.1.4.6
1.6.40727.8.2.1.19.13.33.1
1.6.40738.8.2.1.16.1
1.6.40883.8.2.1.16.2.15.3.3
1.6.40912.8.2.1.4.2.3
1.6.40964.8.2.1.3.3.15.2
1.6.41329.8.2.1
1.6.41372.8.2.1.7
1.6.41522.8.2.1.4.1
1.6.41664.8.2.1
1.6.41700.8.2.1
1.6.41744.8.2.1.3.3.23.5
1.6.41786.8.2.1.8.1.4.2.3
1.6.41819.8.2.1
1.6.41874.8.2.1
1.6.41899.8.2.1
1.6.41939.8.2.1.11.8.6
1.6.42143.8.2.1.5.1.54.5
1.6.42167.8.2.1.1.1.28.7
1.6.42361.8.2.1.5.1.5
1.6.42362.8.2.1.9.5.12
1.6.42388.8.2.1.2
1.6.42426.8.2.1.4.2
1.6.42486.8.2.1.13.1.3.2
1.6.42663.8.2.1
1.6.42836.8.2.1.4
1.6.42867.8.2.1.5.1
1.6.42944.8.2.1.8
1.6.42966.8.2.1.1.1
1.6.42968.8.2.1.2
1.6.43002.8.2.1.6.4.12
1.6.43100.8.2.1.19
1.6.43152.8.2.1.1.7
1.6.43296.8.2.1
1.6.43298.8.2.1.6.5.21.8.22
1.6.43472.8.2.1.7.8.16
1.6.43554.8.2.1.2
1.6.43569.8.2.1
1.6.43601.8.2.1.20.1
1.6.43742.8.2.1
1.6.43943.8.2.1.2.1.7
1.6.43965.8.2.1.4
1.6.44084.8.2.1.9.2.5
1.6.44099.8.2.1.11.11.19
1.6.44184.8.2.1.8.5.13.1
1.6.44327.8.2.1.11
1.6.44355.8.2.1.10.1
1.6.44541.8.2.1.4.1.10
1.6.44638.8.2.1.13.2.8.3
1.6.44688.8.2.1.3.1
1.6.44704.8.2.1.35.2.3.1
1.6.44783.8.2.1.9.1.1.1.2
1.6.44801.8.2.1.10.7
1.6.44802.8.2.1.14
1.6.45046.8.2.1.1.1.63
1.6.45103.8.2.1.2.2.4
1.6.45118.8.2.1.17.6.14
1.6.45275.8.2.1.1.1.2.2.6
1.6.45394.8.2.1
1.6.45459.8.2.1.4.2.5
1.6.45483.8.2.1
1.6.45520.8.2.1.16.3.12
1.6.45860.8.2.1.1.1.42.6.28
1.6.45905.8.2.1
1.6.45944.8.2.1.4.3
1.6.46055.8.2.1.3.3.35
1.6.46060.8.2.1.1.1
1.6.46199.8.2.1.5.7
1.6.46264.8.2.1
1.6.46394.8.2.1.3.1
1.6.46403.8.2.1.21.3
1.6.46583.8.2.1.5.2
1.6.46792.8.2.1.6.1
1.6.46836.8.2.1.4.2.2.8.12
1.6.46862.8.2.1.4.1.2.2.5
1.6.46913.8.2.1.3.6.22.3
1.6.46922.8.2.1.28
1.6.47344.8.2.1.1.1.5
1.6.47417.8.2.1.3.3.3.2.18
1.6.47491.8.2.1.5.1
1.6.47550.8.2.1.21.7
1.6.47550.8.2.1.22.1.17.4
1.6.47727.8.2.1.4.6
1.6.47814.8.2.1.2
1.6.47882.8.2.1.12.6.23.1.1
1.6.47897.8.2.1.3
1.6.47936.8.2.1.5.3
1.6.48083.8.2.1.1.1
1.6.48107.8.2.1.5
1.6.48399.8.2.1.4
1.6.48400.8.2.1
1.6.48417.8.2.1.22.3.6.11
1.6.48473.8.2.1.4
1.6.48551.8.2.1.3.1
1.6.48601.8.2.1.11
1.6.48626.8.2.1.14
1.6.48729.8.2.1.44.1.22.13
1.6.48846.8.2.1.3.2.47.2
1.6.48871.8.2.1.4.6
1.6.48935.8.2.1.11.11.37.1
1.6.48946.8.2.1.16.1
1.6.49155.8.2.1.3.3.15.2
1.6.49497.8.2.1
1.6.49540.8.2.1.7
1.6.49690.8.2.1.4.1
1.6.49724.8.2.1.2.1.3.2.20
1.6.49857.8.2.1.3.1
1.6.49941.8.2.1.3.4
1.6.49958.8.2.1.58.1
1.6.49965.8.2.1.8.1.4.1.44
1.6.49998.8.2.1
1.6.50054.8.2.1
1.6.50115.8.2.1.14.1.24
1.6.50156.8.2.1.57.1
1.6.50312.8.2.1.3.2
1.6.50337.8.2.1.1.1.27.7
1.6.50385.8.2.1.2.1.2.2
1.6.50536.8.2.1.5.1.5
1.6.50537.8.2.1.9.5.12
1.6.50563.8.2.1.2
1.6.50601.8.2.1.4.2
1.6.50661.8.2.1.13.1.3.2
1.6.50843.8.2.1.6.5
1.6.50958.8.2.1.4
1.6.51054.8.2.1.8
1.6.51108.8.2.1.8
1.6.51109.8.2.1.11
1.6.51217.8.2.1.19
1.6.51392.8.2.1.20.1.28.2
1.6.51398.8.2.1.35.2.8
1.6.51494.8.2.1
1.6.51548.8.2.1
1.6.51562.8.2.1.1.1.2
1.6.51654.8.2.1.8
1.6.51847.8.2.1
1.6.52031.8.2.1.2.1.7
1.6.52053.8.2.1.4
1.6.52178.8.2.1.9.2.5
1.6.52193.8.2.1.11.11.19
1.6.52276.8.2.1.8.5.13.1
1.6.52419.8.2.1.11
1.6.52490.8.2.1.1.2.25.1
1.6.52645.8.2.1.4.1.10
1.6.52766.8.2.1.3.1
1.6.52782.8.2.1.36.2.3.1
1.6.52870.8.2.1.6
1.6.52889.8.2.1
1.6.53128.8.2.1.19.4.2.6.7
1.6.53184.8.2.1.17.8.15
1.6.53339.8.2.1.1.1.2.4.10
1.6.53427.8.2.1
1.6.53460.8.2.1.6.2.15.1
1.6.53611.8.2.1.16.3.12
1.6.53795.8.2.1.28
1.6.54001.8.2.1.1.1.42.6.28
1.6.54080.8.2.1.4.3
1.6.54208.8.2.1.3.3.35
1.6.54213.8.2.1.1.1
1.6.54307.8.2.1
1.6.54358.8.2.1.9.5
1.6.54416.8.2.1
1.6.54535.8.2.1.3.1
1.6.54544.8.2.1.21.3
1.6.54591.8.2.1.10.2
1.6.54715.8.2.1.7.5.11.2
1.6.54815.8.2.1.3.1
1.6.54971.8.2.1.4.2.2.8.12
1.6.55005.8.2.1.8.1.6
1.6.55031.8.2.1
1.6.55056.8.2.1.3.7.18.3
1.6.55065.8.2.1.28
1.6.55364.8.2.1.2.1
1.6.55554.8.2.1
1.6.55634.8.2.1.5.1
1.6.55694.8.2.1.19.1.10.2
1.6.55966.8.2.1
1.6.55974.8.2.1.3
1.6.56011.8.2.1.20.9.15
1.6.56053.8.2.1.24
1.6.56098.8.2.1.5.3
1.6.56270.8.2.1.3.2.12
1.6.56309.8.2.1.10.10
1.6.56476.8.2.1
1.6.56552.8.2.1.4
1.6.56553.8.2.1
1.6.56633.8.2.1.4
1.6.56651.8.2.1.6
1.6.56684.8.2.1.6.1.7.3
1.6.56714.8.2.1.3.1
1.6.56764.8.2.1.11
1.6.56789.8.2.1.14
1.6.56884.8.2.1.44.1.22.13
1.6.57007.8.2.1.3.3.36.1
1.6.57028.8.2.1.6.4
1.6.57049.8.2.1.4.6
1.6.57145.8.2.1.5.1
1.6.57156.8.2.1.16.1
1.6.57294.8.2.1.16.2.15.3.3
1.6.57323.8.2.1.4.2.3
1.6.57381.8.2.1.23.2
1.6.57707.8.2.1
1.6.57750.8.2.1.7
1.6.57896.8.2.1.4.1
1.6.58063.8.2.1.3.1
1.6.58146.8.2.1.3.3.17.5
1.6.58188.8.2.1.11.2.12.3.5
1.6.58267.8.2.1
1.6.58328.8.2.1.14.1.24
1.6.58367.8.2.1.14.1
1.6.58400.8.2.1.1
