1.1.1.8.5.1.1.1.1.1
1.1.1.10.24.2.6.7.4.2.2
1.1.1.49.22.3.8.3
1.1.1.138.15.2
1.1.1.241.5.1.11
1.1.1.267.5.1.16.13.16
1.1.1.278.5.1.4.4.23.2.11
1.1.1.279.19.3.4.2
1.1.1.285.3
1.1.1.308.9.3.8.8
1.1.1.336.5.1.15.1.16
1.1.1.393.14.2.14.5.27.2
1.1.1.593.5.1.5.1
1.1.1.602.31.2.17.1.15.3
1.1.1.606.11.3.4.4
1.1.1.621.29.2.14
1.1.1.685.10.1.9.2
1.1.1.751.17.3.16.1.19.2
1.1.1.815.23.2.5.10.6.5.12.7
1.1.1.817.39.5.7.8.6.4.8.8
1.1.1.832.14
1.1.1.870.14.2
1.1.1.893.11.1.13.10
1.1.1.899.5.1
1.1.1.926.5.1.1.1.3.4.17
1.1.1.992.19.5.17.1
1.1.1.1092.5.1
1.1.1.1130.5.1.3.6.9
1.1.1.1241.8.1.6.2.5
1.1.1.1275.58.2.14.9.6
1.1.1.1350.5.1.1.1
1.1.1.1422.5.1.8
1.1.1.1473.6
1.1.1.1532.5.1.1.1
1.1.1.1648.5.1.1.2.10
1.1.1.1703.15.1.11.2.7
1.1.1.1709.5.1.4.3.10.2
1.1.1.1729.5.1.2.1.2.1.4
1.1.1.1848.17.5.4
1.1.1.1851.20.2.4.5
1.1.1.1881.9.1.4
1.1.1.1885.5.1.7.1
1.1.1.1915.14.3.6.1.24
1.1.1.2006.9.3.8
1.1.1.2028.6
1.1.1.2035.12
1.1.1.2049.29.1.14
1.1.1.2199.13.1.4
1.1.1.2211.14.2.9.5
1.1.1.2235.5.1.3.1.3.1
1.1.1.2296.15.2.24.2
1.1.1.2321.13
1.1.1.2329.14.2
1.1.1.2365.5.1.5.1.2.14.24
1.1.1.2369.11.1.8.6
1.1.1.2396.5.1.1
1.1.1.2439.26.3.14
1.1.1.2553.42.2.13.2.9
1.1.1.2652.27.1.19.19
1.1.1.2818.15.2
1.1.1.2832.29.1.20.8.15
1.1.1.2868.62.3.13.14
1.1.1.2887.31.3.14
1.1.1.2931.5.1
1.1.1.3155.5.1.3.2.21.1
1.1.1.3186.5.1.1.8.28.5.51.13
1.1.1.3186.5.1.1.8.30.1.56
1.1.1.3189.13.2
1.1.2.3352.14.1.12
1.1.2.3497.65.1.17.5
1.1.2.3564.5.1.3
1.1.2.3600.14.2
1.1.2.3642.15.2.7.7
1.1.2.3650.31.1.21
1.1.2.3659.19.6.4.15
1.1.2.3849.5.1.3.1
1.1.2.3854.19.2.7.3.2.1
1.1.2.3873.16.3
1.1.2.3889.26.5.35.22
1.1.2.3975.5.1.32.9.12.1
1.1.2.3994.5.1.21.1
1.1.2.4011.43.1.4
1.1.2.4115.24.2.17.7.15.1
1.1.2.4132.14.3.8.1.2.1.5.4
1.1.2.4219.16.1.16.4
1.1.2.4224.27.3.10.15.7.2
1.1.2.4232.8.1.4
1.1.2.4325.10.1.4.2
1.1.2.4373.3
1.1.2.4378.5.1.18.2
1.1.2.4415.5.1.4
1.1.2.4475.5.1
1.1.2.4508.36.2
1.1.2.4539.33.3.4.5
1.1.2.4594.5.1.3.1.1.1.28
1.1.2.4665.15.1.22.4
1.1.2.4804.5.1
1.1.2.4854.10.1.11
1.1.2.4905.8.1.17.24
1.1.2.4909.9.3.4
1.1.2.4969.16.3.15.15
1.1.2.4991.24.2.12
1.1.2.5081.27.2.21.13
1.1.2.5199.5.1.1.2.3.1.33
1.1.2.5214.5.1.6
1.1.2.5351.11.2.4.3
1.1.2.5369.15.2.10.3.13.2.7
1.1.2.5418.3
1.1.2.5605.5.1.11
1.1.2.5631.5.1.16.13.16
1.1.2.5645.5.1.3
1.1.2.5683.9.3.8.8
1.1.2.5720.14.2.23.9.7.1.2
1.1.2.5793.14.2.14.5.27.2
1.1.2.5864.5.1.3.1
1.1.2.5984.5.1.5.1
1.1.2.6010.32.1.17.18
1.1.2.6044.5.1
1.1.2.6075.10.1.9.2
1.1.2.6147.5.1.2.2
1.1.2.6199.8.1.15.13.16
1.1.2.6203.5.1.10.8.2.1
1.1.2.6311.14.3.12.7.8.3.3
1.1.2.6376.19.5.17.1
1.1.2.6386.11.1.4
1.1.2.6490.5.1
1.1.2.6522.5.1.3.21.11
1.1.2.6625.8.2.8
1.1.2.6630.5.1.1.28.8.2.39.20
1.1.2.6663.58.2.14.9.6
1.1.2.6802.17.1.20.7
1.1.2.6852.21.3
1.1.2.6901.5.1.1.1
1.1.2.7017.5.1.1.2.10
1.1.2.7071.13.1.4.2.7
1.1.2.7078.25.2.15.11
1.1.2.7102.5.1.2.1.2.1.4
1.1.2.7232.17.5.4
1.1.2.7235.20.2.4.5
1.1.2.7265.9.1.4
1.1.2.7269.5.1.7.1
1.1.2.7393.9.3.8
1.1.2.7415.6
1.1.2.7422.12
1.1.2.7436.29.1.14
1.1.2.7453.5.1
1.1.2.7487.14.1.4
1.1.2.7587.13.1.4
1.1.2.7595.5.1.6.4.5
1.1.2.7599.14.2.9.5
1.1.2.7705.5.1.20.12.9
1.1.2.7766.23.1.4.11
1.1.2.7795.5.1.1
1.1.2.7839.26.3.14
1.1.2.7955.17.3.13.12
1.1.2.7957.5.1.1.1
1.1.2.7968.8.2.4.1
1.1.2.8055.27.1.19.19
1.1.2.8175.13
1.1.2.8210.15.2
1.1.2.8224.29.1.20.8.15
1.1.2.8260.62.3.13.14
1.1.2.8279.31.3.14
1.1.2.8304.12.2.8.13.44
1.1.2.8387.11.1.7
1.1.2.8388.12.1.5
1.1.2.8549.5.1.3.2.21.1
1.1.2.8564.5.1
1.1.2.8585.10.1.5.10
1.1.2.8586.15.2.6.11.5
1.1.2.8591.13.2.8
1.1.2.8634.13.2.6.3.15
1.1.2.8733.41.2.5.9.14.1
1.1.2.8901.65.1.17.5
1.1.2.8970.5.1.3
1.1.2.9006.14.2
1.1.2.9079.5.1.11.7
1.1.2.9285.9.1.4.1.1
1.1.2.9305.16.3
1.1.2.9315.8.2.4
1.1.2.9325.17.1.6
1.1.2.9399.5.1.32.9.12.1
1.1.2.9418.5.1.21.1
1.1.2.9434.43.1.4
1.1.2.9550.24.2.17.7.15.1
1.1.2.9567.14.3.8.1.2.1.5.25
1.1.2.9849.13.1.6.9
1.1.2.9941.16.3.7.7
1.1.2.9988.33.3.4.5
1.1.2.10041.5.1.3.1.1.1.28
1.1.2.10208.26.2.8
1.1.2.10278.5.1
1.1.2.10328.10.1.11
1.1.2.10382.9.1.4.12
1.1.2.10392.14.1.12.1.4.1
1.1.2.10442.10.4.8.2
1.1.2.10485.31.2.6.1.1.8
1.1.2.10677.10.1.4
1.1.2.10689.5.1.3.1.2.2.4
1.1.2.10840.11.2.4.3
1.1.2.10858.15.2.10.3.13.2.7
1.1.2.11003.15.2
1.1.2.11124.5.1.7
1.1.2.11147.5.1.1.1.4
1.1.2.11180.9.3.8.8
1.1.2.11208.5.1.15.1.16
1.1.2.11287.5.1.14.4
1.1.2.11472.5.1.5.1
1.1.2.11507.29.2.14
1.1.2.11571.10.1.9.2
1.1.2.11637.17.3.16.1.19.2
1.1.2.11702.5.1.11.1.1.2
1.1.2.11719.5.1.8.5
1.1.2.11768.31.2.25.7.4.1
1.1.2.11780.9.5.4.3
1.1.2.11835.19.5.17.1
1.1.2.11922.6
1.1.2.11939.5.1
1.1.2.11975.5.1.3.7.9
1.1.2.12089.11.1.5.21.11
1.1.2.12113.58.2.14.9.6
1.1.2.12189.5.1.1.1
1.1.2.12362.5.1.1.1
1.1.2.12476.5.1.1.2.10
1.1.2.12527.8.2.10.8
1.1.2.12528.13.3.14.1.2.1.4
1.1.2.12679.17.5.4
1.1.2.12682.20.2.4.5
1.1.2.12717.26.2
1.1.2.12764.43.2.26.1.2.1.1
1.1.2.12858.11.1.13
1.1.2.12866.27.2.6.4.13
1.1.2.12891.18
1.1.2.12907.14.1.4
1.1.2.13042.5.1.3.1.3.1
1.1.2.13124.12.1.4.1
1.1.2.13136.6
1.1.2.13148.5.1.1.2.3.2
1.1.2.13168.11.1.4.1
1.1.2.13204.10.2.8
1.1.2.13253.26.3.14
1.1.2.13359.24.2.13.2.9
1.1.2.13364.13.2.6.30.27
1.1.2.13499.13.2.8.1
1.1.2.13564.13
1.1.2.13597.15.2
1.1.2.13612.29.1.20.8.15
1.1.2.13648.62.3.13.14
1.1.2.13667.31.3.14
1.1.2.13692.12.2.8.13.44
1.1.2.13786.12.1.10
1.1.2.13947.5.1.3.2.21.1
1.1.2.13979.10.3.12.5
1.1.2.14037.5.1.12.4.8
1.1.2.14046.5.1.1.1
1.1.2.14057.22.2
1.1.2.14286.65.1.17.5
1.1.2.14353.5.1.3
1.1.2.14417.3
1.1.2.14465.22.1.9
1.1.2.14474.19.6.4.15
1.1.2.14544.5.1.12.4.7.1
1.1.2.14544.5.1.14.1.3.2
1.1.2.14666.5.1.3.1
1.1.2.14672.9.1.4.1.1
1.1.2.14692.16.3
1.1.2.14704.8.2.4.9
1.1.2.14768.5.1.32.9.12.1
1.1.2.14787.5.1.21.1
1.1.2.14804.43.1.4
1.1.2.14922.10.2.4.18.21
1.1.2.14942.14.3.8.1.2.1.5.84
1.1.2.15221.13.3.17.20.9.2
1.1.2.15231.13.1.6.9
1.1.3.15325.16.3.7.7
1.1.3.15364.33.3.4.5
1.1.3.15418.14.2.5
1.1.3.15587.26.2.8
1.1.3.15715.26.2.10.6.14
1.1.3.15758.8.1.17.24
1.1.3.15762.9.3.4
1.1.3.15825.5.1.1
1.1.3.15840.16.4.6.14
1.1.3.16044.10.1.4
1.1.3.16185.11.2.4.3
1.1.3.16203.15.2.10.3.13.2.7
1.1.3.16340.15.2
1.1.3.16451.29.1.14.9
1.1.3.16468.5.1.5.5.33.8.15
1.1.3.16486.5.1.10.14.27
1.1.3.16517.9.3.8.8
1.1.3.16545.5.1.15.1.16
1.1.3.16620.14.2.14.5.27.2
1.1.3.16793.10.1.6
1.1.3.16801.5.1.30.9.3
1.1.3.16811.31.2.17.1.11.7
1.1.3.16815.11.3.4.4
1.1.3.16830.29.2.14
1.1.3.16903.8.1.4.7
1.1.3.16964.17.3.16.1.19.2
1.1.3.17018.8.1.15.13.16
1.1.3.17022.5.1.10.8.2.1
1.1.3.17039.5.1.8.5
1.1.3.17074.14.2
1.1.3.17097.11.1.13.10
1.1.3.17115.5.1.1.1.3.6.6
1.1.3.17181.19.5.17.1
1.1.3.17191.11.1.4
1.1.3.17311.5.1.3.21.11
1.1.3.17403.9.1.7
1.1.3.17423.11.1.5.21.11
1.1.3.17456.58.2.14.9.6
1.1.3.17530.5.1.1.1
1.1.3.17609.5.1.8
1.1.3.17663.6
1.1.3.17722.5.1.1.2.47
1.1.3.17833.5.1.1.2.10
1.1.3.17881.5.1.2.11.4.1
1.1.3.18037.17.5.4
1.1.3.18040.20.2.4.5
1.1.3.18075.26.2
1.1.3.18122.5.1.3
1.1.3.18213.9.3.8
1.1.3.18249.5.1.7.2.37
1.1.3.18288.10.2.4
1.1.3.18307.14.1.4
1.1.3.18407.13.1.4
1.1.3.18415.5.1.6.4.5
1.1.3.18419.14.2.9.5
1.1.3.18443.5.1.3.1.3.1
1.1.3.18504.15.2.24.2
1.1.3.18583.23.1.4.11
1.1.3.18612.5.1.1
1.1.3.18656.26.3.14
1.1.3.18777.42.2.13.2.9
1.1.3.18782.13.2.6.30.27
1.1.3.18983.13
1.1.3.19016.15.2
1.1.3.19031.29.1.20.8.15
1.1.3.19067.62.3.13.14
1.1.3.19086.31.3.14
1.1.3.19352.5.1.3.2.21.1
1.1.3.19367.5.1
1.1.3.19388.10.1.5.10
1.1.3.19389.15.2.6.11.5
1.1.3.19394.5.1.4.1
1.1.3.19413.17.3
1.1.3.19463.21.3.4
1.1.3.19472.5.1.1.1
1.1.3.19483.22.2
1.1.3.19591.10.1.7
1.1.3.19726.65.1.17.5
1.1.3.19767.15.2.9.11
1.1.3.19799.5.1.3
1.1.3.19835.14.2
1.1.3.19901.22.1.9
1.1.3.19910.19.6.4.15
1.1.3.19971.5.1.12.4.7.1
1.1.3.19971.5.1.14.1.3.2
1.1.3.20097.5.1.3.1
1.1.3.20103.9.1.4.1.1
1.1.3.20123.16.3
1.1.3.20133.8.2.4
1.1.3.20198.5.1.32.9.12.1
1.1.3.20223.5.1
1.1.3.20387.13.2.8.1.23.2
1.1.3.20535.33.2
1.1.3.20590.26.5.8.15.14.1.1
1.1.3.20639.3
1.1.3.20644.5.1.18.2
1.1.3.20678.5.1.4
1.1.3.20785.16.3.7.7
1.1.3.20832.33.3.4.5
1.1.3.20885.5.1.3.1.1.1.28
1.1.3.21091.19.2.6.3
1.1.3.21171.10.1.11
1.1.3.21225.9.1.4.12
1.1.3.21238.5.1.3.1.7.1
1.1.3.21293.5.1.1
1.1.3.21514.10.1.4
1.1.3.21526.5.1.3.1.2.2.4
1.1.3.21582.5.1.4.1.6
1.1.3.21660.11.2.4.3
1.1.3.21683.5.1.1.1.1.1
1.1.3.21685.24.2.6.7.4.2.2
1.1.3.21724.22.3.8.3
1.1.3.21813.15.2
1.1.3.21915.10.1.7
1.1.3.21920.10.2.4.12
1.1.3.21941.14.3.9.9.11.1.8
1.1.3.21944.14.2.8
1.1.3.21956.5.1.1.1.4
1.1.3.21959.3
1.1.3.21982.9.3.8.8
1.1.3.22011.14.2.23.11.6.1.2
1.1.3.22084.14.2.14.5.27.2
1.1.3.22190.19.2
1.1.3.22270.10.1.6
1.1.3.22278.5.1.30.9.3
1.1.3.22288.31.2.17.1.11.7
1.1.3.22292.11.3.4.4
1.1.3.22307.29.2.14
1.1.3.22369.13.1.4
1.1.3.22370.21.1.12.9
1.1.3.22437.17.3.16.1.19.2
1.1.3.22492.41.1.16.16.18
1.1.3.22497.21.3.15.7.12.6
1.1.3.22513.5.1.8.5
1.1.3.22543.17.4.6.8
1.1.3.22601.5.1.1.1.3.4.31
1.1.3.22634.5.1.5.5
1.1.3.22765.5.1.1.1
1.1.3.22920.14.2.11
1.1.3.22932.10.1.4
1.1.3.22946.20.2.4.15.2
1.1.3.22977.8.1.5.12
1.1.3.23049.5.1.1.1
1.1.3.23123.5.1.8
1.1.3.23176.6
1.1.3.23235.5.1.1.2.47
1.1.3.23347.5.1.1.2.10
1.1.3.23394.15.1.11.2.20
1.1.3.23400.5.1.4.3.23.8
1.1.3.23542.17.5.4
1.1.3.23545.20.2.4.5
1.1.3.23575.9.1.4
1.1.3.23579.5.1.7.1
1.1.3.23616.5.1.3
1.1.3.23731.17.3.4.3
1.1.3.23745.29.1.14
1.1.3.23792.14.1.4
1.1.3.23924.5.1.3.1.3.1
1.1.3.23985.15.2.24.2
1.1.3.24010.13
1.1.3.24018.14.2
1.1.3.24054.5.1.5.1.2.14.24
1.1.3.24058.11.1.8.6
1.1.3.24085.5.1.1
1.1.3.24128.26.3.14
1.1.3.24247.42.2.13.2.9
1.1.3.24408.5.1
1.1.3.24462.13
1.1.3.24495.15.2
1.1.3.24509.29.1.20.8.15
1.1.3.24545.62.3.13.14
1.1.3.24564.31.3.14
1.1.3.24587.23.1.21.9.3
1.1.3.24671.11.1.7
1.1.3.24672.12.1.5
1.1.3.24846.11.1.20
1.1.3.24848.17.1.11
1.1.3.24860.13.2.6.4
1.1.3.24864.31.2.19
1.1.3.25177.65.1.17.5
1.1.3.25253.5.1.3
1.1.3.25289.14.2
1.1.3.25355.22.1.9
1.1.3.25364.19.6.4.15
1.1.3.25546.5.1.3.1
1.1.3.25552.9.1.4.1.1
1.1.3.25572.16.3
1.1.3.25584.8.2.4.9
1.1.3.25652.5.1.32.9.12.1
1.1.3.25677.5.1
1.1.3.25808.24.2.17.7.15.1
1.1.3.25825.14.3.8.1.2.1.5.16
1.1.3.25907.17.1.4
1.1.3.26004.26.5.8.15.14.1.1
1.1.3.26057.3
1.1.3.26062.5.1.18.2
1.1.3.26093.5.1.2
1.1.3.26187.16.3.7.7
1.1.3.26234.33.3.4.5
1.1.3.26288.14.2.5
1.1.3.26461.26.2.8
1.1.3.26589.26.2.10.6.14
1.1.3.26632.8.1.17.24
1.1.3.26636.9.3.4
1.1.3.26698.5.1.1
1.1.3.26805.27.2.21.13
1.1.3.26918.9.2.10.3
1.1.3.26993.5.1.4.1.6
1.1.3.27065.11.2.4.3
1.1.3.27083.15.2.10.3.13.2.7
1.1.3.27126.22.3.8.3
1.1.3.27217.15.2
1.1.3.27350.5.1.16.7.9
1.1.3.27357.5.1.5.3
1.1.3.27372.5.1.8.3.11.1.24
1.1.3.27399.9.3.8.8
1.1.3.27436.14.2.23.9.7.1.2
1.1.3.27511.14.2.14.5.27.2
1.1.3.27621.19.2
1.1.3.27712.5.1.5.1
1.1.3.27747.29.2.14
1.1.3.27808.10.1.9.2
1.1.3.27906.5.1
1.1.3.27935.5.1.4.11
1.1.3.27936.5.1.5.4.22.7
1.1.3.27987.14.2
1.1.3.28010.11.1.13.10
1.1.3.28028.5.1.1.1.3.6.6
1.1.3.28055.5.1
1.1.3.28194.5.1.1.1
1.1.3.28240.5.1.10.3.17.1.14
1.1.3.28359.11.1.5.21.11
1.1.3.28392.58.2.14.9.6
1.1.4.77.5.1.2.7.7.2
1.1.4.149.5.1.1.2.47
1.1.4.264.5.1.1.2.10
1.1.4.319.13.1.4.2.7
1.1.4.326.25.2.15.11
1.1.4.465.17.5.4
1.1.4.468.20.2.4.5
1.1.4.498.9.1.4
1.1.4.502.5.1.7.1
1.1.4.661.5.1.7.2.22
1.1.4.801.13.1.4
1.1.4.813.14.2.9.5
1.1.4.837.5.1.3.1.3.1
1.1.4.898.15.2.24.2
1.1.4.923.13
1.1.4.931.14.2
1.1.4.967.5.1.5.1.2.14.24
1.1.4.971.11.1.8.6
1.1.4.998.5.1.1
1.1.4.1041.26.3.14
1.1.4.1128.12.1.7
1.1.4.1135.20.2.4
1.1.4.1161.24.2.13.2.9
1.1.4.1267.12.1.6
1.1.4.1329.5.1.2.3
1.1.4.1369.20.2.4
1.1.4.1396.13
1.1.4.1431.15.2
1.1.4.1446.29.1.20.8.15
1.1.4.1482.62.3.13.14
1.1.4.1501.31.3.14
1.1.4.1600.29.1.4
1.1.4.1611.24.1.20
1.1.4.1779.5.1.3.2.21.1
1.1.4.1794.5.1
1.1.4.1812.21.2.13.8.16.12.49
1.1.4.1812.21.2.16.11.22
1.1.4.1860.13.2.6.3.15
1.1.4.2125.65.1.17.5
1.1.4.2191.5.1.3
1.1.4.2227.14.2.5
1.1.4.2250.3
1.1.4.2293.22.1.9
1.1.4.2302.19.6.4.15
1.1.4.2363.5.1.12.4.7.1
1.1.4.2363.5.1.14.1.3.2
1.1.4.2406.25.2.7.5.7.1
1.1.4.2519.16.3
1.1.4.2529.8.2.4
1.1.4.2601.5.1.3.1
1.1.4.2635.5.1.21.1
1.1.4.2649.43.1.4
1.1.4.2799.13.2.8.1.23.2
1.1.4.2993.26.5.8.15.14.1.1
1.1.4.3046.3
1.1.4.3051.5.1.18.2
1.1.4.3076.24.1.18
1.1.4.3087.5.1.2
1.1.4.3168.36.2
1.1.4.3199.33.3.4.5
1.1.4.3254.5.1.3.1.1.1.28
1.1.4.3542.26.2.10.6.14
1.1.4.3598.9.1.4.12
1.1.4.3683.16.4.6.14
1.1.4.3701.31.2.6.1.1.8
1.1.4.3893.5.1.1.2.3.1.9
1.1.4.3908.5.1.6
1.1.4.4042.11.2.4.3
1.1.4.4060.15.2.10.3.13.2.7
1.1.4.4109.22.3.8.3
1.1.4.4198.15.2
1.1.4.4320.5.1.7
1.1.4.4339.26.1.10.3
1.1.4.4346.3
1.1.4.4369.9.3.8.8
1.1.4.4406.14.2.23.9.7.1.2
1.1.4.4481.12.5.4.14.3
1.1.4.4489.20.1.4.2
1.1.4.4682.10.1.6
1.1.4.4690.5.1.30.9.3
1.1.4.4703.11.2.11
1.1.4.4708.8.1.11.6
1.1.4.4720.5.1.3.1.25
1.1.4.4722.3
1.1.4.4722.6
1.1.4.4746.5.1
1.1.4.4775.13.1.4
1.1.4.4776.21.1.12.9
1.1.4.4843.17.3.16.1.19.2
1.1.4.4890.5.1.3.1.12.3
1.1.4.4892.23.5.7.8.6.4.48.8
1.1.4.4908.5.1.8.5
1.1.4.4987.14.3.12.7.8.3.3
1.1.4.5019.5.1.5.5
1.1.4.5153.5.1
1.1.4.5305.10.1.4
1.1.4.5319.20.2.4.15.2
1.1.4.5350.8.1.5.12
1.1.4.5425.5.1.1.1
1.1.4.5498.5.1.8
1.1.4.5606.5.1.1.1
1.1.4.5671.16.2
1.1.4.5792.13.1.4.2.7
1.1.4.5940.17.5.4
1.1.4.5943.20.2.4.5
1.1.4.5973.9.1.4
1.1.4.5977.5.1.7.1
1.1.4.6007.14.3.6.1.24
1.1.4.6098.9.3.8
1.1.4.6126.17.3.4.3
1.1.4.6372.12.1.4.1
1.1.4.6398.5.1.1.2.3.2
1.1.4.6418.11.1.4.1
1.1.4.6457.5.1.1
1.1.4.6500.26.3.14
1.1.4.6527.8.1.4
1.1.4.6616.42.2.13.2.9
1.1.4.6809.20.2.4
1.1.4.6885.15.2
1.1.4.6899.29.1.20.8.15
1.1.4.6926.15.2.9.3.10
1.1.4.6937.18.1.11
1.1.4.6950.12.2.4.8
1.1.4.6968.5.1.1.8
1.1.4.7064.12.1.10
1.1.4.7219.5.1.3.2.36.1
1.1.4.7234.5.1
1.1.4.7255.10.1.5.10
1.1.4.7256.15.2.6.11.5
1.1.4.7259.14.2.5
1.1.4.7298.13.2.6.3.15
1.1.4.7304.5.1.1.1
1.1.4.7315.22.2
1.1.4.7548.65.1.17.5
1.1.4.7610.5.1.23.1.3.2.11
1.1.4.7702.22.1.9
1.1.4.7711.19.6.4.15
1.1.4.7819.5.1.1.1.1.4
1.1.4.7889.5.1.3.1
1.1.4.7894.19.2.7.3.2.1
1.1.4.7913.16.3
1.1.4.7935.11.1.4
1.1.4.8000.17.1
1.1.4.8015.5.1
1.1.4.8030.27.1.4
1.1.4.8051.13.2.5.8.21.3
1.1.4.8068.41.1.4
1.1.4.8171.10.2.4.18.21
1.1.4.8191.14.3.8.1.2.1.5.4
1.1.4.8359.14.1.5.2
1.1.4.8383.35.5.8.15.12.1.1
1.1.4.8475.24.1.18
1.1.4.8486.5.1.2
1.1.4.8493.22.2
1.1.4.8544.5.1
1.1.4.8577.36.2
1.1.4.8608.33.3.4.5
1.1.4.8662.14.2.5
1.1.4.8777.6
1.1.4.8789.22.2.8
1.1.4.8862.19.2.6.3
1.1.4.8942.10.1.11
1.1.4.8997.8.1.17.24
1.1.4.9001.9.3.4
1.1.4.9063.10.4.8.2
1.1.4.9185.27.2.21.13
1.1.4.9301.10.1.4
1.1.4.9313.5.1.3.1.2.2.4
1.1.4.9451.11.2.4.3
1.1.4.9474.5.1.1.1.1.1
1.1.4.9478.14.4.6.5.3.1.17
1.1.4.9517.22.3.8.3
1.1.4.9700.5.1.11
1.1.4.9726.5.1.16.13.16
1.1.4.9740.5.1.9.4.12.1.15
1.1.4.9768.9.3.8.8
1.1.4.9797.14.2.23.11.6.1.2
1.1.4.9872.14.2.14.5.27.2
1.1.4.10054.5.1.5.1
1.1.4.10063.31.2.17.1.15.3
1.1.4.10067.11.3.4.4
1.1.4.10082.29.2.14
1.1.4.10149.8.1.4.7
1.1.4.10210.17.3.16.1.19.2
1.1.4.10260.21.2.12.8.14.3
1.1.4.10276.5.1.8.5
1.1.4.10335.31.2.25.7.4.1
1.1.4.10347.9.5.4.3
1.1.4.10396.19.5.17.1
1.1.4.10496.5.1.1.1
1.1.4.10662.8.1.6.2.5
1.1.4.10696.58.2.14.9.6
1.1.4.10770.5.1.1.1
1.1.4.10843.17.1.20.7
1.1.4.10893.5.1.2.1.14.7
1.1.4.10954.5.1.1.2.45
1.1.4.11073.5.1.1.2.10
1.1.4.11121.5.1.2.11.4.1
1.1.4.11128.8.2.10.8
1.1.4.11129.13.3.14.1.2.1.4
1.1.4.11133.18.1.13
1.1.4.11200.14.3.12
1.1.4.11286.17.5.4
1.1.4.11289.20.2.4.5
1.1.4.11319.9.1.4
1.1.4.11323.5.1.7.1
1.1.4.11363.5.1.3
1.1.4.11454.9.3.8
1.1.4.11482.17.3.4.3
1.1.4.11496.29.1.14
1.1.4.11513.5.1
1.1.4.11639.13.1.4
1.1.4.11651.14.2.9.5
1.1.4.11675.5.1.3.1.3.1
1.1.4.11736.15.2.24.2
1.1.4.11761.13
1.1.4.11769.14.2
1.1.4.11805.5.1.5.1.2.14.24
1.1.4.11809.11.1.8.6
1.1.4.11836.5.1.1
1.1.4.11863.36.2.4.11
1.1.4.11960.12.1.7
1.1.4.11967.20.4.12
1.1.4.11996.24.2.13.2.9
1.1.4.12001.13.3.4.10
1.1.4.12002.18.1
1.1.4.12103.17.2.11.1.8.7.12
1.1.4.12202.13
1.1.4.12235.15.2
1.1.4.12250.29.1.20.8.15
1.1.4.12286.62.3.13.14
1.1.4.12305.31.3.14
1.1.4.12332.5.1.2.3.10.3
1.1.4.12404.29.1.4
1.1.4.12415.24.1.20
1.1.4.12609.8.1.15.11
1.1.4.12610.18.1.21.15
1.1.4.12611.5.1
1.1.4.12616.5.1.4.1
1.1.4.12635.17.3
1.1.4.12666.13.2.6.3.15
1.1.4.12923.65.1.17.5
1.1.4.12992.5.1.3
1.1.4.13028.14.2
1.1.4.13070.15.2.7.7
1.1.4.13275.5.1.3.1
1.1.4.13280.19.2.7.3.2.1
1.1.4.13299.16.3
1.1.4.13309.8.2.4
1.1.4.13319.17.1.6
1.1.4.13381.5.1.32.9.12.1
1.1.4.13400.5.1.21.1
1.1.4.13417.43.1.4
1.1.4.13547.13.2.8.1.23.2
1.1.4.13696.33.2
1.1.4.13859.13.1.6.9
1.1.4.13951.16.3.7.7
1.1.4.13990.33.3.4.5
1.1.4.14045.5.1.3.1.1.1.28
1.1.4.14327.26.2.10.6.14
1.1.4.14383.9.1.4.12
1.1.4.14386.9.1.4
1.1.4.14438.5.1.1
1.1.4.14453.16.4.6.14
1.1.4.14471.31.2.6.1.1.8
1.1.4.14675.5.1.1.2.3.1.9
1.1.4.14690.5.1.6
1.1.4.14829.11.2.4.3
1.1.4.14847.15.2.10.3.13.2.7
1.1.4.14991.15.2
1.1.4.15112.5.1.7
1.1.4.15135.5.1.1.1.4
1.1.4.15168.9.3.8.8
1.1.4.15196.5.1.15.1.16
1.1.4.15253.14.2.14.5.27.2
1.1.4.15431.10.1.6
1.1.4.15439.5.1.30.9.3
1.1.4.15449.31.2.17.1.11.7
1.1.4.15453.11.3.4.4
1.1.4.15469.29.2.15
1.1.4.15533.10.1.9.2
1.1.4.15599.17.3.16.1.19.2
1.1.4.15654.5.1.1.12
1.1.4.15662.5.1.12.4
1.1.4.15674.5.1.2.2
1.1.4.15713.17.4.6.8
1.1.4.15742.30.2.25.7.5.1
1.1.4.15754.9.5.4.3
1.1.4.15831.54.2.4
1.1.4.15906.6
1.1.4.15923.5.1
1.1.4.15955.5.1.3.21.11
1.1.4.16058.8.1.6.2.5
1.1.4.16092.58.2.14.9.6
1.1.4.16170.13.2.18.2.4.1
1.1.4.16328.5.1.1.2.47
1.1.4.16445.5.1.1.2.10
1.1.4.16490.5.1.2.11.4.1
1.1.4.16497.8.2.10.8
1.1.4.16498.13.3.14.1.2.1.4
1.1.4.16644.17.5.4
1.1.4.16647.20.2.4.5
1.1.4.16682.26.2
1.1.4.16727.14.2.24.1.12.6.17
1.1.4.16812.9.3.8
1.1.4.16834.6
1.1.4.16841.12
1.1.4.16855.29.1.14
1.1.4.17093.12.1.4.1
1.1.4.17119.5.1.1.2.3.2
1.1.4.17139.11.1.4.1
1.1.4.17178.5.1.1
1.1.4.17222.26.3.14
1.1.4.17340.24.2.13.2.9
1.1.4.17345.13.3.4.10
1.1.4.17346.18.1
1.1.4.17493.13.2.8.1
1.1.4.17602.15.2
1.1.4.17617.29.1.20.8.15
1.1.4.17653.62.3.13.14
1.1.4.17672.31.3.14
1.1.4.17693.12.2.8.15.2
1.1.4.17713.5.1
1.1.4.17779.11.1.6
1.1.4.17780.12.1.5
1.1.4.17941.5.1.3.2.21.1
1.1.4.17974.13.2.6.4
1.1.4.17978.31.2.19
1.1.4.18288.65.1.17.5
1.1.4.18358.5.1.3
1.1.4.18394.14.2
1.1.4.18449.31.1.21
1.1.4.18458.19.6.4.15
1.1.4.18673.16.3
1.1.4.18695.11.1.4
1.1.4.18759.5.1.3.1
1.1.4.18779.5.1.5.1
1.1.4.18792.5.1.21.1
1.1.4.18806.43.1.4
1.1.4.18904.20.1.12
1.1.4.18921.14.3.8.1.2.1.5.7
1.1.4.19015.17.1.4
1.1.4.19036.15.3
1.1.4.19198.24.1.18
1.1.4.19209.5.1.2
1.1.4.19303.16.3.7.7
1.1.4.19342.33.3.4.5
1.1.4.19396.14.2.5
1.1.4.19468.15.1.22.4
1.1.4.19620.5.1
1.1.4.19678.26.2.10.6.14
1.1.4.19736.8.1.17.24
1.1.4.19740.9.3.4
1.1.4.19807.10.2.10.14
1.1.4.19829.24.2.12
1.1.4.20037.10.1.4
1.1.4.20049.5.1.3.1.2.2.4
1.1.4.20115.5.1.4.1.6
1.1.4.20196.11.2.4.3
1.1.4.20214.15.2.10.3.13.2.7
1.1.4.20228.5.1.4.2.15
1.1.4.20245.29.1.4.3
1.1.4.20249.3
1.1.4.20343.15.2
1.1.4.20448.10.1.7
1.1.4.20453.10.2.4.12
1.1.4.20474.14.3.9.9.11.1.8
1.1.4.20477.14.2.8
1.1.4.20489.5.1.8.3.11.1.24
1.1.4.20517.9.3.8.8
1.1.4.20550.15.1.11.23.8
1.1.4.20629.14.2.14.5.27.2
1.1.4.20702.5.1.3.1
1.1.4.20816.5.1.5.1
1.1.4.20825.31.2.17.1.15.3
1.1.4.20829.11.3.4.4
1.1.4.20844.29.2.14
1.1.4.20914.8.1.4.7
1.1.4.20977.17.3.16.1.19.2
1.1.4.21041.23.2.5.10.6.5.12.7
1.1.4.21043.39.5.7.8.6.4.8.8
1.1.4.21059.5.1.8.5
1.1.4.21120.31.2.25.7.4.1
1.1.4.21132.9.5.4.3
1.1.4.21187.19.5.17.1
1.1.4.21306.5.1.1.1
1.1.4.21352.5.1.10.3.17.1.14
1.1.4.21461.8.1.6.2.5
1.1.4.21495.58.2.14.9.6
1.1.4.21569.5.1.1.1
1.1.4.21644.5.1.8
1.1.4.21744.5.1.1.1
1.1.4.21809.16.2
1.1.4.21931.13.1.4.2.7
1.1.4.22079.17.5.4
1.1.4.22082.20.2.4.5
1.1.4.22117.26.2
1.1.4.22162.5.1.3
1.1.4.22245.5.1.1.2
1.1.4.22277.5.1.7.2.35
1.1.4.22353.5.1.1.6
1.1.4.22439.13.1.4
1.1.4.22451.14.2.9.5
1.1.4.22475.5.1.3.1.3.1
1.1.4.22551.12.1.4.1
1.1.4.22577.5.1.1.2.3.2
1.1.4.22597.11.1.4.1
1.1.4.22633.10.2.8
1.1.4.22676.5.1.2.4.16.8.13
1.1.4.22804.42.2.13.2.9
1.1.4.22809.13.3.4.10
1.1.4.22810.18.1
1.1.4.22918.17.2.11.1.8.7.12
1.1.4.22992.20.2.4
1.1.4.23061.15.2
1.1.4.23076.29.1.20.8.15
1.1.4.23112.62.3.13.14
1.1.4.23131.31.3.14
1.1.4.23382.5.1.3.2.21.1
1.1.4.23397.5.1
1.1.4.23418.10.1.5.10
1.1.4.23419.15.2.6.11.14
1.1.4.23424.13.2.8
1.1.4.23467.13.2.6.3.15
1.1.4.23566.41.2.5.9.14.1
1.1.4.23731.65.1.17.5
1.1.4.23798.5.1.3
1.1.4.23834.14.2
1.1.4.23876.15.2.7.7
1.1.4.24005.5.1.1.1.1.4
1.1.4.24075.5.1.3.1
1.1.4.24081.9.1.4.1.1
1.1.4.24101.16.3
1.1.4.24111.8.2.4
1.1.4.24176.5.1.32.9.12.1
1.1.4.24201.5.1
1.1.4.24333.10.2.4.18.21
1.1.4.24355.13.2.8.1.46.2
1.1.4.24447.17.1.4
1.1.4.24635.24.1.18
1.1.4.24646.5.1.2
1.1.4.24653.22.2
1.1.4.24757.16.3.7.7
1.1.4.24804.33.3.4.5
1.1.4.24858.14.2.5
1.1.4.25143.10.1.11
1.1.4.25198.8.1.17.24
1.1.4.25202.9.3.4
1.1.4.25355.5.1.19
1.1.4.25386.27.2.21.13
1.1.4.25488.10.1.4
1.1.4.25500.5.1.3.1.2.2.4
1.1.4.25566.5.1.4.1.6
1.1.4.25645.11.2.4.3
1.1.4.25663.15.2.10.3.13.2.7
1.1.4.25698.14.2.5
1.1.4.25919.5.1.7
1.1.4.25942.5.1.1.1.4
1.1.4.25975.9.3.8.8
1.1.4.26014.15.1.11.17.9
1.1.4.26086.14.2.14.5.27.2
1.1.4.26239.13.4.10
1.1.4.26289.5.1.5.1
1.1.4.26324.29.2.14
1.1.4.26361.5.1.3.13.11
1.1.4.26388.10.1.9.2
1.1.4.26393.14.3.21.17.9.2
1.1.4.26455.17.3.16.1.19.2
1.1.4.26510.5.1.1.12
1.1.4.26518.5.1.12.4
1.1.4.26532.10.1.5
1.1.4.26577.14.2
1.1.4.26600.11.1.13.10
1.1.4.26618.5.1.1.1.3.6.6
1.1.4.26651.5.1.5.5
1.1.4.26785.5.1
1.1.4.26823.5.1.3.5.12
1.1.4.26933.10.1.4
1.1.4.26947.20.2.4.15.2
1.1.4.26973.5.1.18.11.6.6.10
1.1.4.27121.5.1.8
1.1.4.27178.6
1.1.4.27237.5.1.1.2.47
1.1.4.27304.16.2
1.1.4.27421.13.1.4.2.7
1.1.4.27428.25.2.15.11
1.1.4.27452.5.1.2.1.2.1.4
1.1.4.27575.17.5.4
1.1.4.27578.20.2.4.5
1.1.4.27613.26.2
1.1.4.27658.5.1.3
1.1.4.27749.9.3.8
1.1.4.27771.6
1.1.4.27778.12
1.1.4.27792.29.1.14
1.1.4.27809.5.1
1.1.4.27843.14.1.4
1.1.4.28041.12.1.4.1
1.1.4.28053.6
1.1.4.28065.5.1.1.2.3.2
1.1.4.28085.11.1.4.1
1.1.4.28124.5.1.1
1.1.4.28168.26.3.14
1.1.4.28247.33.2.31.7
1.1.4.28269.5.1.1.9.4.4
1.1.4.28277.5.1.4.4.26
1.1.4.28366.27.1.19.19
1.1.4.28495.13
1.1.4.28528.15.2
1.1.4.28543.29.1.20.8.15
1.1.4.28579.62.3.13.14
1.1.4.28598.31.3.14
1.1.4.28707.11.1.6
1.1.4.28708.12.1.5
1.1.4.28882.11.1.20
1.1.4.28884.17.1.11
1.1.4.28894.21.2.13.8.24.2.1
1.1.4.28894.21.2.16.11.30
1.1.4.28899.14.2.5
1.1.4.29033.41.2.5.9.50.1
1.1.4.29062.10.1.7
1.1.4.29203.65.1.17.5
1.1.4.29267.5.1.23.1.3.2.11
1.1.4.29366.22.1.9
1.1.4.29375.19.6.4.15
1.1.4.29567.5.1.3.1
1.1.4.29573.9.1.4.1.1
1.1.4.29593.16.3
1.1.4.29612.11.1.4
1.1.4.29670.5.1.3.1
1.1.4.29690.5.1.5.1
1.1.4.29703.5.1.21.1
1.1.4.29719.43.1.4
1.1.4.29826.20.1.12
1.1.4.29843.14.3.8.1.2.1.5.1
1.1.4.29927.17.1.4
1.1.4.29984.33.2
1.1.4.30135.13.3.17.20.9.2
1.1.4.30145.13.1.6.9
1.1.4.30241.16.3.7.7
1.1.4.30280.33.3.4.5
1.1.4.30333.5.1.3.1.1.1.28
1.1.4.30406.15.1.22.4
1.1.4.30496.26.2.8
1.1.4.30564.5.1
1.1.4.30614.10.1.11
1.1.4.30667.9.1.4.12
1.1.4.30752.16.4.6.14
1.1.4.30974.9.2.10.3
1.1.4.31133.11.2.4.3
1.1.4.31151.15.2.10.3.13.2.7
1.1.4.31289.15.2
1.1.4.31409.5.1.7
1.1.4.31424.18.4.25.1.13
1.1.4.31459.9.3.8.8
1.1.4.31487.5.1.15.1.16
1.1.4.31549.14.2.14.5.27.2
1.1.4.31738.5.1.5.1
1.1.4.31764.32.1.17.20
1.1.4.31831.10.1.9.2
1.1.4.31897.17.3.16.1.19.2
1.1.4.31944.5.1.3.1.12.3
1.1.4.31946.23.5.7.8.6.4.48.8
1.1.4.31962.5.1.8.5
1.1.4.31997.14.2
1.1.4.32005.19.1.4
1.1.4.32052.5.1.1.1.3.4.13
1.1.4.32118.19.5.17.1
1.1.4.32228.5.1
1.1.4.32261.5.1.3.21.11
1.1.4.32370.8.2.8
1.1.4.32375.5.1.1.28.8.2.8.25
1.1.4.32399.58.2.14.9.6
1.1.4.32472.5.1.1.1
1.1.4.32547.5.1.8
1.1.4.32602.21.3
1.1.4.32759.5.1.1.2.10
1.1.4.32808.13.1.4.2.7
1.1.4.32958.17.5.4
1.1.4.32961.20.2.4.5
1.1.4.32996.26.2
1.1.4.33043.5.1.3
1.1.4.33134.9.3.8
1.1.4.33162.17.3.4.3
1.1.4.33315.13.1.4
1.1.4.33327.14.2.9.5
1.1.4.33421.15.2.20.2
1.1.4.33446.13
1.1.4.33454.14.2
1.1.4.33490.5.1.5.1.2.14.24
1.1.4.33494.11.1.8.6
1.1.4.33521.5.1.1
1.1.4.33548.36.2.4.11
1.1.4.33557.17.1.10.7.11.5.14
1.1.4.33584.8.1.4
1.1.4.33630.28.4.12
1.1.4.33669.17.3.13.12
1.1.4.33671.5.1.1.1
1.1.4.33932.15.2
1.1.4.33946.29.1.20.8.15
1.1.4.33982.62.3.13.14
1.1.4.34001.31.3.14
1.1.4.34097.29.1.4
1.1.4.34108.24.1.20
1.1.4.34295.11.1.20
1.1.4.34297.17.1.11
1.1.4.34309.13.2.6.4
1.1.4.34313.31.2.19
1.1.4.34365.21.3.4
1.1.4.34374.5.1.1.1
1.1.4.34385.22.2
1.1.4.34453.41.2.5.9.50.1
1.1.4.34485.14.1.12
1.1.4.34623.65.1.17.5
1.1.4.34690.5.1.3
1.1.4.34726.14.2
1.1.4.34797.22.1.9
1.1.4.34806.19.6.4.15
1.1.4.34919.5.1.13.3
1.1.4.34927.5.1.16.6
1.1.4.34993.5.1.3.1
1.1.4.34998.19.2.7.3.2.1
1.1.4.35017.16.3
1.1.4.35029.8.2.4.9
1.1.4.35093.5.1.32.9.12.1
1.1.4.35118.5.1
1.1.4.35279.13.2.8.1.23.2
1.1.4.35369.16.1.16.4
1.1.4.35374.27.3.10.15.7.2
1.1.4.35382.8.1.4
1.1.4.35425.33.2
1.1.4.35586.13.1.6.9
1.1.4.35668.16.3.7.7
1.1.4.35715.33.3.4.5
1.1.4.35768.5.1.3.1.1.1.28
1.1.4.35945.26.2.8
1.1.5.36070.10.1.11
1.1.5.36120.8.1.17.14
1.1.5.36124.9.3.4
1.1.5.36186.10.4.8.2
1.1.5.36229.31.2.6.1.1.8
1.1.5.36280.5.1.19
1.1.5.36311.27.2.21.13
1.1.5.36429.10.1.4
1.1.5.36441.5.1.3.1.2.2.4
1.1.5.36576.11.2.4.3
1.1.5.36594.15.2.10.3.13.2.7
1.1.5.36732.15.2
1.1.5.36834.10.1.7
1.1.5.36839.10.2.4.12
1.1.5.36860.14.3.9.9.11.1.8
1.1.5.36863.14.2.8
1.1.5.36875.5.1.8.3.11.1.24
1.1.5.36903.9.3.8.8
1.1.5.36940.14.2.23.9.7.1.2
1.1.5.37024.5.1.14.4
1.1.5.37222.5.1.5.1
1.1.5.37257.29.2.14
1.1.5.37321.10.1.9.2
1.1.5.37419.5.1
1.1.5.37449.24.1.31.6
1.1.5.37465.14
1.1.5.37530.31.2.25.7.4.1
1.1.5.37542.9.5.4.3
1.1.5.37591.19.5.17.1
1.1.5.37601.11.1.4
1.1.5.37696.5.1
1.1.5.37723.10.2.4
1.1.5.37770.5.1
1.1.5.37842.10.1.4
1.1.5.37856.20.2.4.15.2
1.1.5.37887.8.1.5.12
1.1.5.37960.5.1.1.1
1.1.5.38033.5.1.8
1.1.5.38090.6
1.1.5.38260.5.1.1.2.10
1.1.5.38312.13.1.4.2.7
1.1.5.38466.17.5.4
1.1.5.38469.20.2.4.5
1.1.5.38499.9.1.4
1.1.5.38503.5.1.7.1
1.1.5.38540.43.2.26.1.2.1.1
1.1.5.38638.5.1.7.2.22
1.1.5.38699.14.1.4
1.1.5.38805.15.2.21.32.41
1.1.5.38832.5.1.3.1.3.1
1.1.5.38893.15.2.24.2
1.1.5.38972.23.1.4.11
1.1.5.39001.5.1.1
1.1.5.39044.26.3.14
1.1.5.39154.24.2.13.2.9
1.1.5.39159.13.3.4.10
1.1.5.39160.18.1
1.1.5.39266.17.2.11.1.8.7.12
1.1.5.39387.5.1.2.1
1.1.5.39409.15.2
1.1.5.39423.29.1.20.8.15
1.1.5.39459.62.3.13.14
1.1.5.39478.31.3.14
1.1.5.39595.11.1.6
1.1.5.39596.12.1.5
1.1.5.39741.5.1.3.2.21.1
1.1.5.39756.5.1
1.1.5.39777.5.1.14
1.1.5.39781.31.2.19
1.1.5.39835.5.1.12.4.8
1.1.5.39844.5.1.1.1
1.1.5.39855.22.2
1.1.5.40093.65.1.17.5
1.1.5.40163.5.1.3
1.1.5.40199.14.2
1.1.5.40352.5.1.13.3
1.1.5.40360.5.1.16.6
1.1.5.40426.5.1.3.1
1.1.5.40431.19.2.7.3.2.1
1.1.5.40450.16.3
1.1.5.40460.8.2.4
1.1.5.40540.5.1.32.9.12.1
1.1.5.40559.5.1.21.1
1.1.5.40576.43.1.4
1.1.5.40692.24.2.17.7.15.1
1.1.5.40709.14.3.8.1.2.1.5.18
1.1.5.40986.5.1.2
1.1.5.40993.22.2
1.1.5.41047.5.1
1.1.5.41080.36.2
1.1.5.41111.33.3.4.5
1.1.5.41167.14.2.5
1.1.5.41252.13.6.6.13
1.1.5.41441.26.2.10.6.14
1.1.5.41484.8.1.17.24
1.1.5.41488.9.3.4
1.1.5.41569.16.4.6.14
1.1.5.41777.5.1.3.1.5
1.1.5.41785.3
1.1.5.41788.5.1.6
1.1.5.41856.5.1.4.1.6
1.1.5.41925.11.2.4.3
1.1.5.41943.15.2.10.3.13.2.7
1.1.5.42176.29.1.14.9
1.1.5.42193.5.1.5.5.33.8.15
1.1.5.42209.5.1.5
1.1.5.42247.9.3.8.8
1.1.5.42275.5.1.15.1.16
1.1.5.42334.14.2.14.5.27.2
1.1.5.42477.13.4.10
1.1.5.42527.5.1.5.1
1.1.5.42553.32.1.17.18
1.1.5.42587.5.1
1.1.5.42618.10.1.9.2
1.1.5.42684.17.3.16.1.19.2
1.1.5.42749.5.1.1.12
1.1.5.42757.5.1.12.4
1.1.5.42771.10.1.5
1.1.5.42813.14.2
1.1.5.42836.11.1.13.10
1.1.5.42854.5.1.1.1.3.6.6
1.1.5.42920.19.5.17.1
1.1.5.43012.5.1.1.1
1.1.5.43058.5.1.10.3.17.1.14
1.1.5.43156.9.1.7
1.1.5.43176.11.1.5.21.11
1.1.5.43200.58.2.14.9.6
1.1.5.43271.5.1.1.1
1.1.5.43337.5.1
1.1.5.43347.17.1.23.7
1.1.5.43562.5.1.1.2.10
1.1.5.43614.13.1.4.2.7
1.1.5.43621.25.2.15.11
1.1.5.43642.5.1.2.2.4.1.20
1.1.5.43696.14.3.12
1.1.5.43784.17.5.4
1.1.5.43787.20.2.4.5
1.1.5.43822.26.2
1.1.5.43868.5.1.3
1.1.5.43957.9.3.8
1.1.5.43993.5.1.7.2.37
1.1.5.44258.12.1.4.1
1.1.5.44284.5.1.1.2.3.2
1.1.5.44304.11.1.4.1
1.1.5.44340.10.2.8
1.1.5.44383.5.1.2.4.16.8.13
1.1.5.44412.8.1.4
1.1.5.44503.42.2.13.2.9
1.1.5.44508.13.3.4.10
1.1.5.44509.18.1
1.1.5.44699.13
1.1.5.44745.10.1.4.1.1
1.1.5.44772.32.3.13.12
1.1.5.44791.31.3.14
1.1.5.44893.11.1.7
1.1.5.44894.12.1.5
1.1.5.45055.5.1.3.2.21.1
1.1.5.45089.10.1.5.10
1.1.5.45090.15.2.6.11.14
1.1.5.45095.13.2.8
1.1.5.45108.5.1.24.13
1.1.5.45153.21.3.4
1.1.5.45162.5.1.1.1
1.1.5.45173.22.2
1.1.5.45406.65.1.17.5
1.1.5.45476.5.1.3
1.1.5.45512.14.2
1.1.5.45554.15.2.7.7
1.1.5.45562.31.1.21
1.1.5.45571.19.6.4.15
1.1.5.45762.5.1.3.1
1.1.5.45767.19.2.7.3.2.1
1.1.5.45786.16.3
1.1.5.45796.8.2.4
1.1.5.45861.5.1.32.9.12.1
1.1.5.45886.5.1
1.1.5.45968.17.2.6.1.2.3
1.1.5.46012.24.2.17.7.15.1
1.1.5.46029.14.3.8.1.2.1.5.15
1.1.5.46208.26.5.8.15.14.1.1
1.1.5.46261.3
1.1.5.46266.5.1.18.2
1.1.5.46291.24.1.18
1.1.5.46303.55.1.16.6
1.1.5.46399.16.3.7.7
1.1.5.46446.33.3.4.5
1.1.5.46502.14.2.5
1.1.5.46567.9.3.4.10
1.1.5.46706.5.1
1.1.5.46764.26.2.10.6.14
1.1.5.46807.8.1.17.24
1.1.5.46811.9.3.4
1.1.5.46852.14.2.6.9
1.1.5.46876.10.2.10.14
1.1.5.46898.5.1
1.1.5.46911.12.2.4
1.1.5.47111.5.1.3.1.5
1.1.5.47267.11.2.4.3
1.1.5.47290.5.1.1.1.1.1
1.1.5.47294.14.4.6.5.3.1.17
1.1.5.47332.5.1.9.24.9.2.13
1.1.5.47421.15.2
1.1.5.47543.5.1.7
1.1.5.47566.5.1.8.3.11.1.69
1.1.5.47593.9.3.8.8
1.1.5.47621.5.1.15.1.16
1.1.5.47658.13.3.6.5.8.1
1.1.5.47694.14.2.14.5.27.2
1.1.5.47841.5.1.11.3.15
1.1.5.47893.5.1.5.1
1.1.5.47925.29.2.14
1.1.5.47989.10.1.9.2
1.1.5.48055.17.3.16.1.19.2
1.1.5.48102.5.1.3.1.12.3
1.1.5.48104.23.5.7.8.6.4.48.8
1.1.5.48120.5.1.8.5
1.1.5.48170.30.2.25.7.5.1
1.1.5.48182.9.5.4.3
1.1.5.48237.19.5.17.1
1.1.5.48347.5.1.1.1
1.1.5.48499.8.2.8
1.1.5.48504.5.1.1.28.8.2.46.11
1.1.5.48537.58.2.14.9.6
1.1.5.48609.5.1.1.1
1.1.5.48682.5.1.8
1.1.5.48800.5.1.1.1
1.1.5.48865.16.2
1.1.5.48981.8.2.10.8
1.1.5.48982.13.3.14.1.2.1.4
1.1.5.48986.9.1.5
1.1.5.49050.18.3.6.1
1.1.5.49140.17.5.4
1.1.5.49143.20.2.4.5
1.1.5.49178.26.2
1.1.5.49223.43.2.26.1.2.1.1
1.1.5.49328.5.1.7.2.26
1.1.5.49596.12.1.4.1
1.1.5.49622.5.1.1.2.3.2
1.1.5.49642.11.1.4.1
1.1.5.49681.5.1.1
1.1.5.49718.5.1.2.4.16.8.12
1.1.5.49839.24.2.13.2.9
1.1.5.49844.13.2.6.30.27
1.1.5.50032.20.2.4
1.1.5.50102.15.2
1.1.5.50117.29.1.20.8.15
1.1.5.50153.62.3.13.14
1.1.5.50172.31.3.14
1.1.5.50268.29.1.4
1.1.5.50279.24.1.20
1.1.5.50466.8.1.15.11
1.1.5.50467.18.1.21.15
1.1.5.50468.5.1
1.1.5.50473.5.1.4.1
1.1.5.50492.17.3
1.1.5.50523.13.2.6.3.15
1.1.5.50529.5.1.1.1
1.1.5.50540.22.2
1.1.5.50606.41.2.5.9.14.1
1.1.5.50773.65.1.17.5
1.1.5.50842.5.1.3
1.1.5.50878.14.2.5
1.1.5.50901.3
1.1.5.51133.5.1.3.1
1.1.5.51138.19.2.7.3.2.1
1.1.5.51157.16.3
1.1.5.51179.11.1.4
1.1.5.51239.5.1.32.9.12.1
1.1.5.51257.6
1.1.5.51275.43.1.4
1.1.5.51380.10.2.4.18.21
1.1.5.51400.14.3.8.1.2.1.5.1
1.1.5.51593.26.5.8.15.14.1.1
1.1.5.51646.3
1.1.5.51698.5.1.4
1.1.5.51761.5.1
1.1.5.51794.36.2
1.1.5.51830.33.3.4.5
1.1.5.51885.5.1.3.1.1.1.28
1.1.5.51937.5.1.7
1.1.5.51971.13.6.6.13
1.1.5.52164.10.1.11
1.1.5.52223.8.1.17.24
1.1.5.52227.9.3.4
1.1.5.52297.10.2.10.14
1.1.5.52319.24.2.12
1.1.5.52540.5.1.1.2.3.1.9
1.1.5.52555.5.1.6
1.1.5.52700.11.2.4.3
1.1.5.52718.15.2.10.3.13.2.7
1.1.5.52770.22.3.8.3
1.1.5.52951.10.1.7
1.1.5.52956.10.2.4.12
1.1.5.52977.14.3.9.9.11.1.8
1.1.5.52980.14.2.8
1.1.5.52995.5.1.8.3.11.1.29
1.1.5.53023.9.3.8.8
1.1.5.53051.5.1.15.1.16
1.1.5.53111.14.2.14.5.27.2
1.1.5.53313.5.1.5.1
1.1.5.53345.29.2.14
1.1.5.53409.10.1.9.2
1.1.5.53414.14.3.21.17.9.2
1.1.5.53476.17.3.16.1.19.2
1.1.5.53536.5.1.10.8.2.1
1.1.5.53553.5.1.8.5
1.1.5.53623.20.2.4.3
1.1.5.53692.19.5.17.1
1.1.5.53792.5.1
1.1.5.53956.8.1.6.2.5
1.1.5.53990.58.2.14.9.6
1.1.5.54064.5.1.1.1
1.1.5.54144.17.1.20.7
1.1.5.54196.6
1.1.5.54255.5.1.1.1
1.1.5.54320.16.2
1.1.5.54442.13.1.4.2.7
1.1.5.54589.17.5.4
1.1.5.54592.20.2.4.5
1.1.5.54627.26.2
1.1.5.54687.5.1.3.1
1.1.5.54763.9.3.8
1.1.5.54799.5.1.7.2.37
1.1.5.54860.14.1.4
1.1.5.54975.15.2.21.25.14
1.1.5.55002.5.1.3.1.3.1
1.1.5.55076.5.1.20.12.9
1.1.5.55083.13
1.1.5.55091.14.2
1.1.5.55127.5.1.5.1.2.14.24
1.1.5.55131.11.1.8.6
1.1.5.55158.5.1.1
1.1.5.55201.26.3.14
1.1.5.55274.33.2.31.7
1.1.5.55298.24.2.13.2.9
1.1.5.55303.13.2.6.30.27
1.1.5.55407.17.2.11.1.8.7.12
1.1.5.55501.13
1.1.5.55536.15.2
1.1.5.55550.29.1.20.8.15
1.1.5.55586.62.3.13.14
1.1.5.55605.31.3.14
1.1.5.55632.5.1.2.3.10.3
1.1.5.55725.11.1.6
1.1.5.55726.12.1.5
1.1.5.55880.5.1.16.1.7.1
1.1.5.55902.21.2.13.8.25.2.2
1.1.5.55902.21.2.16.11.31
1.1.5.55907.14.2.5
1.1.5.55959.21.3.4
1.1.5.55968.5.1.1.1
1.1.5.55979.22.2
1.1.5.56045.41.2.5.9.14.1
1.1.5.56224.65.1.17.5
1.1.5.56291.5.1.3
1.1.5.56327.14.2.5
1.1.5.56382.15.2.7.7
1.1.5.56511.5.1.1.1.1.4
1.1.5.56581.5.1.3.1
1.1.5.56587.9.1.4.1.1
1.1.5.56607.16.3
1.1.5.56617.8.2.4
1.1.5.56627.17.1.6
1.1.5.56689.5.1.32.9.12.1
1.1.5.56714.5.1
1.1.5.56869.13.2.8.1.23.2
1.1.5.56965.17.1.4
1.1.5.57022.33.2
1.1.5.57180.5.1.2
1.1.5.57227.5.1
1.1.5.57260.36.2
1.1.5.57291.33.3.4.5
1.1.5.57344.5.1.3.1.1.1.28
1.1.5.57608.26.2.10.6.14
1.1.5.57651.8.1.17.24
1.1.5.57655.9.3.4
1.1.5.57829.27.2.21.13
1.1.5.57934.10.1.4
1.1.5.57946.5.1.3.1.2.2.4
1.1.5.58089.11.2.4.3
1.1.5.58107.15.2.10.3.13.2.7
1.1.5.58160.5.1.9.24.9.2.13
1.1.5.58249.15.2
1.1.5.58374.5.1.16.7.9
1.1.5.58381.5.1.5.3
1.1.5.58396.5.1.1.1.4
1.1.5.58399.3
1.1.5.58422.9.3.8.8
1.1.5.58455.15.1.11.23.8
1.1.5.58526.12.5.4.14.3
1.1.5.58534.20.1.4.2
1.1.5.58612.5.1.3.1
1.1.5.58685.13.4.10
1.1.5.58735.5.1.5.1
1.1.5.58744.31.2.17.1.15.3
1.1.5.58748.11.3.4.4
1.1.5.58763.29.2.14
1.1.5.58827.10.1.9.2
1.1.5.58925.5.1
1.1.5.58955.24.1.31.6
1.1.5.58971.14
1.1.5.59036.31.2.25.7.4.1
1.1.5.59048.9.5.4.3
1.1.5.59097.19.5.17.1
1.1.5.59107.11.1.4
1.1.5.59189.20.2.4
1.1.5.59214.5.1
1.1.5.59250.5.1.3.7.9
1.1.5.59348.9.1.12
1.1.5.59359.10.1.4
1.1.5.59373.20.2.4.15.2
1.1.5.59404.8.1.5.12
1.1.5.59476.5.1.1.1
1.1.5.59551.5.1.8
1.1.5.59596.6
1.1.5.59655.5.1.1.2.47
1.1.5.59770.5.1.1.2.10
1.1.5.59818.5.1.2.11.4.1
1.1.5.59827.5.1.8
1.1.5.59834.9.1.5
1.1.5.59978.17.5.4
1.1.5.59981.20.2.4.5
1.1.5.60016.26.2
1.1.5.60061.43.2.26.1.2.1.1
1.1.5.60165.5.1.7.2.22
1.1.5.60417.12.1.4.1
1.1.5.60443.5.1.1.2.3.2
1.1.5.60463.11.1.4.1
1.1.5.60502.5.1.1
1.1.5.60545.26.3.14
1.1.5.60572.8.1.4
1.1.5.60659.42.2.13.2.9
1.1.5.60664.13.2.6.30.27
1.1.5.60836.5.1.1.1
1.1.5.60865.13
1.1.5.60898.15.2
1.1.5.60912.29.1.20.8.15
1.1.5.60948.62.3.13.14
1.1.5.60967.31.3.14
1.1.5.61081.12.1.10
1.1.5.61242.5.1.3.2.21.1
1.1.5.61273.5.1.2.2.7.2.45
1.1.5.61273.5.1.5.2.10
1.1.5.61276.14.2.5
1.1.5.61328.21.3.4
1.1.5.61337.5.1.1.1
1.1.5.61348.22.2
1.1.5.61417.41.2.5.9.14.1
1.1.5.61597.65.1.17.5
1.1.5.61667.5.1.3
1.1.5.61731.3
1.1.5.61772.22.1.9
1.1.5.61781.19.6.4.15
1.1.5.61882.5.1.13.3
1.1.5.61890.5.1.16.6
1.1.5.61965.33.2.8.3.1
1.1.5.61983.16.3
1.1.5.61993.8.2.4
1.1.5.62060.5.1.3.1
1.1.5.62094.5.1.21.1
1.1.5.62111.43.1.4
1.1.5.62216.10.2.4.18.40
1.1.5.62238.13.2.8.1.65.2
1.1.5.62422.26.5.8.15.14.1.1
1.1.5.62475.3
1.1.5.62480.5.1.18.2
1.1.5.62518.5.1.4
1.1.5.62578.5.1
1.1.5.62611.36.2
1.1.5.62642.33.3.4.5
1.1.5.62696.14.2.5
1.1.5.62774.15.1.22.4
1.1.5.62818.5.1
1.1.5.62891.19.2.6.3
1.1.5.62970.10.1.11
1.1.5.63026.8.1.17.24
1.1.5.63030.9.3.4
1.1.5.63092.10.4.8.2
1.1.5.63212.27.2.21.13
1.1.5.63326.9.2.10.3
1.1.5.63404.5.1.4.1.6
1.1.5.63481.11.2.4.3
1.1.5.63504.5.1.1.1.1.1
1.1.5.63508.14.4.6.5.3.1.17
1.1.5.63547.22.3.8.3
1.1.5.63737.29.1.14.9
1.1.5.63754.5.1.5.5.33.8.15
1.1.5.63808.9.3.8.8
1.1.5.63842.15.1.11.17.9
1.1.5.63920.14.2.14.5.27.2
1.1.5.64102.10.1.6
1.1.5.64110.5.1.30.9.3
1.1.5.64123.11.2.11
1.1.5.64128.8.1.11.6
1.1.5.64140.5.1.3.1.25
1.1.5.64142.3
1.1.5.64142.6
1.1.5.64165.5.1.3.13.13
1.1.5.64198.8.1.4.7
1.1.5.64259.17.3.16.1.19.2
1.1.5.64324.10.1.6.10.8
1.1.5.64331.5.1.4.20.11.2.5.5
1.1.5.64343.10.1.5
1.1.5.64388.14.2
1.1.5.64396.19.1.4
1.1.5.64430.5.1.1.1.3.6.6
1.1.5.64496.19.5.17.1
1.1.5.64598.5.1
1.1.5.64636.5.1.3.6.9
1.1.5.64744.8.2.8
1.1.5.64749.5.1.1.28.8.2.44.22
1.1.5.64779.5.1.18.11.6.6.10
1.1.5.64853.5.1.1.1
1.1.5.64927.5.1.8
1.1.5.64982.6
1.1.5.65041.5.1.1.2.47
1.1.5.65154.5.1.1.2.10
1.1.5.65208.5.1.8
1.1.5.65215.9.1.5
1.1.5.65351.17.5.4
1.1.5.65354.20.2.4.5
1.1.5.65389.26.2
1.1.5.65435.5.1.3
1.1.5.65526.9.3.8
1.1.5.65548.6
1.1.5.65555.12
1.1.5.65569.29.1.14
1.1.5.65616.14.1.4
1.1.5.65737.5.1.3.1.3.1
1.1.5.65811.5.1.20.12.9
1.1.5.65872.23.1.4.11
1.1.5.65901.5.1.1
1.1.5.65944.26.3.14
1.1.5.66069.17.3.13.12
1.1.5.66071.5.1.1.1
1.1.5.66082.8.2.4.1
1.1.5.66170.27.1.19.19
1.1.5.66230.13.2.8.1
1.1.5.66346.15.2
1.1.5.66361.29.1.20.8.15
1.1.5.66397.62.3.13.14
1.1.5.66416.31.3.14
1.1.5.66439.23.1.21.9.3
1.1.5.66522.11.1.7
1.1.5.66523.12.1.5
1.1.5.66693.5.1.16.1.7.1
1.1.5.66715.13.2.6.4
1.1.5.66720.14.2.20
1.1.5.66776.5.1.13.9.19
1.1.5.67032.65.1.17.5
1.1.5.67099.5.1.3
1.1.5.67135.14.2.5
1.1.5.67205.22.1.9
1.1.5.67214.19.6.4.15
1.1.5.67316.25.2.7.5.7.1
1.1.5.67323.5.1.16.6
1.1.5.67389.5.1.3.1
1.1.5.67395.9.1.4.1.1
1.1.5.67415.16.3
1.1.5.67425.8.2.4
1.1.5.67497.5.1.3.1
1.1.5.67531.5.1.21.1
1.1.5.67548.43.1.4
1.1.5.67676.13.2.8.1.23.2
1.1.5.67762.16.1.16.4
1.1.5.67767.27.3.10.15.7.2
1.1.5.67775.8.1.4
1.1.5.67814.33.2
1.1.5.67872.10.1.4.2
1.1.5.67966.5.1.2
1.1.5.67973.22.2
1.1.5.68024.5.1
1.1.5.68099.33.3.4.5
1.1.5.68152.5.1.3.1.1.1.28
1.1.5.68290.22.2.8
1.1.5.68452.26.2.10.6.14
1.1.5.68493.9.1.4.12
1.1.5.68564.10.2.10.14
1.1.5.68586.24.2.12
1.1.5.68603.31.2.6.1.1.8
1.1.5.68683.27.2.21.13
1.1.5.68795.10.1.4
1.1.5.68807.5.1.3.1.2.2.4
1.1.5.68947.11.2.4.3
1.1.5.68965.15.2.10.3.13.2.7
1.1.5.69012.22.3.8.3
1.1.5.69209.10.1.7
1.1.5.69214.10.2.4.12
1.1.5.69235.14.3.9.9.11.1.8
1.1.5.69238.14.2.8
1.1.5.69253.5.1.8.3.11.1.29
1.1.5.69281.9.3.8.8
1.1.5.69309.5.1.15.1.16
1.1.5.69369.14.2.14.5.27.2
1.1.5.69470.19.2
1.1.5.69561.5.1.5.1
1.1.5.69593.29.2.14
1.1.5.69657.10.1.9.2
1.1.5.69723.17.3.16.1.19.2
1.1.5.69783.5.1.10.8.2.1
1.1.5.69799.14
1.1.5.69837.14.2
1.1.5.69860.11.1.13.10
1.1.5.69878.5.1.1.1.3.6.6
1.1.5.69911.5.1.5.5
1.1.5.70045.5.1.1.1
1.1.5.70088.5.1.3.21.11
1.1.5.70188.10.1.4
1.1.5.70202.20.2.4.15.2
1.1.5.70233.8.1.5.12
1.1.5.70308.5.1.1.1
1.1.5.70383.5.1.5.5.19.6.12
1.1.5.70438.6
1.1.5.70610.5.1.1.2.10
1.1.5.70658.5.1.2.11.4.1
1.1.5.70665.8.2.10.8
1.1.5.70666.13.3.14.1.2.1.4
1.1.5.70766.5.1.4.2.11.12
1.1.5.70817.17.5.4
1.1.5.70820.20.2.4.5
1.1.5.70855.26.2
1.1.5.70984.9.3.8
1.1.5.71020.5.1.7.2.37
1.1.5.71176.13.1.4
1.1.5.71188.14.2.9.5
1.1.5.71212.5.1.3.1.3.1
1.1.5.71288.12.1.4.1
1.1.5.71314.5.1.1.2.3.2
1.1.5.71334.11.1.4.1
1.1.5.71373.5.1.1
1.1.5.71416.26.3.14
1.1.5.71443.8.1.4
1.1.5.71490.28.4.12
1.1.5.71529.17.3.13.12
1.1.5.71531.5.1.1.1
1.1.5.71744.13
1.1.5.71779.15.2
1.1.5.71793.29.1.20.8.15
1.1.5.71820.15.2.9.3.10
1.1.5.71831.18.1.11
1.1.5.71844.12.2.4.8
1.1.5.71858.5.1
1.1.5.71861.5.1.1.8
1.1.5.71935.29.1.4
1.1.5.72107.5.1.3.2.21.1
1.1.5.72140.13.2.6.4
1.1.5.72144.31.2.19
1.1.5.72200.5.1.13.9.19
1.1.5.72276.5.1
1.1.5.72311.10.1.7
1.1.5.72442.65.1.17.5
1.1.5.72507.5.1.3
1.1.5.72543.14.2
1.1.5.72605.31.1.21
1.1.5.72614.19.6.4.15
1.1.5.72798.5.1.3.1
1.1.5.72804.9.1.4.1.1
1.1.5.72824.16.3
1.1.5.72834.8.2.4
1.1.5.72844.17.1.6
1.1.5.72920.5.1.32.9.12.1
1.1.5.72945.5.1
1.1.5.73084.20.1.12
1.1.5.73101.14.3.8.1.2.1.5.1
1.1.5.73201.16.1.16.4
1.1.5.73206.27.3.10.15.7.2
1.1.5.73214.8.1.4
1.1.5.73302.10.1.4.2
1.1.5.73350.3
1.1.5.73355.5.1.18.2
1.1.5.73392.5.1.4
1.1.5.73453.5.1
1.1.5.73486.36.2
1.1.5.73517.33.3.4.5
1.1.5.73572.5.1.3.1.1.1.28
1.1.5.73764.19.2.6.3
1.1.5.73851.26.2.10.6.14
1.1.5.73892.9.1.4.12
1.1.5.73964.10.2.10.14
1.1.5.73986.24.2.12
1.1.5.74003.31.2.6.1.1.8
1.1.5.74066.5.1.19
1.1.5.74097.27.2.21.13
1.1.5.74212.10.1.4
1.1.5.74224.5.1.3.1.2.2.4
1.1.5.74358.11.2.4.3
1.1.5.74381.5.1.1.1.1.1
1.1.5.74385.14.4.6.5.3.1.17
1.1.5.74508.15.2
1.1.5.74629.5.1.7
1.1.5.74652.5.1.1.1.4
1.1.5.74655.3
1.1.5.74678.9.3.8.8
1.1.5.74706.5.1.15.1.16
1.1.5.74776.14.2.14.5.27.2
1.1.5.74918.13.4.10
1.1.5.74968.5.1.5.1
1.1.5.75003.29.2.14
1.1.5.75070.8.1.4.7
1.1.5.75166.5.1
1.1.5.75196.24.1.31.6
1.1.5.75212.14
1.1.5.75277.31.2.25.7.4.1
1.1.5.75289.9.5.4.3
1.1.5.75338.19.5.17.1
1.1.5.75425.20.2.4
1.1.5.75450.5.1.1.1
1.1.5.75494.5.1.3.28.7
1.1.5.75585.9.1.7
1.1.5.75605.11.1.5.21.11
1.1.5.75638.58.2.14.9.6
1.1.5.75712.5.1.1.1
1.1.5.75889.5.1.1.1
1.1.5.76000.5.1.1.2.10
1.1.5.76056.15.1.11.2.7
1.1.5.76062.5.1.4.3.10.2
1.1.5.76204.17.5.4
1.1.5.76207.20.2.4.5
1.1.5.76242.26.2
1.1.5.76287.43.2.26.1.2.1.1
1.1.5.76362.9.3.8
1.1.5.76384.6
1.1.5.76391.12
1.1.5.76449.14.1.4
1.1.5.76549.13.1.4
1.1.5.76561.14.2.9.5
1.1.5.76585.5.1.3.1.3.1
1.1.5.76659.5.1.20.12.9
1.1.5.76666.13
1.1.5.76674.14.2
1.1.5.76710.5.1.5.1.2.14.24
1.1.5.76714.11.1.8.6
1.1.5.76741.5.1.1
1.1.5.76778.5.1.2.4.16.8.12
1.1.5.76830.5.1.5.1.12.11
1.1.5.76900.17.3.13.12
1.1.5.76902.5.1.1.1
1.1.5.77002.27.1.19.19
1.1.5.77151.5.1.2.1
1.1.5.77173.15.2
1.1.5.77187.29.1.20.8.15
1.1.5.77223.62.3.13.14
1.1.5.77242.31.3.14
1.1.5.77286.5.1
1.1.5.77335.29.1.4
1.1.5.77346.24.1.20
1.1.5.77521.5.1.16.1.7.1
1.1.5.77542.19.1.4.1.1
1.1.5.77542.19.1.4.6
1.1.5.77544.5.1.2.13.9
1.1.5.77561.17.3
1.1.5.77592.13.2.6.3.15
1.1.5.77841.65.1.17.5
1.1.5.77908.5.1.3
1.1.5.77944.14.2
1.1.5.77995.22.1.9
1.1.5.78004.19.6.4.15
1.1.5.78065.5.1.12.4.7.1
1.1.5.78065.5.1.14.1.3.2
1.1.5.78109.25.2.7.5.7.1
1.1.5.78189.5.1.3.1
1.1.5.78194.19.2.7.3.2.1
1.1.5.78213.16.3
1.1.5.78229.26.5.35.22
1.1.5.78310.5.1.32.9.12.1
1.1.5.78335.5.1
1.1.5.78467.10.2.4.18.21
1.1.5.78489.13.2.8.1.46.2
1.1.5.78628.33.2
1.1.5.78790.5.1.2
1.1.5.78797.22.2
1.1.5.78898.16.3.7.7
1.1.5.78945.33.3.4.5
1.1.5.78998.5.1.3.1.1.1.28
1.1.5.79077.12.1.4
1.1.5.79224.5.1
1.1.5.79282.26.2.10.6.14
1.1.5.79325.8.1.17.24
1.1.5.79329.9.3.4
1.1.5.79391.5.1.1
1.1.5.79504.27.2.21.13
1.1.5.79623.5.1.3.1.5
1.1.5.79631.3
1.1.5.79634.5.1.6
1.1.5.79774.11.2.4.3
1.1.5.79792.15.2.10.3.13.2.7
1.1.5.79934.15.2
1.1.5.80037.5.1.11
1.1.5.80063.5.1.16.13.16
1.1.5.80079.5.1.2.1.4
1.1.5.80107.9.3.8.8
1.1.5.80144.14.2.23.9.7.1.2
1.1.5.80233.5.1.14.4
1.1.5.80443.5.1.5.1
1.1.5.80475.29.2.14
1.1.5.80539.10.1.9.2
1.1.5.80605.17.3.16.1.19.2
1.1.5.80669.23.2.5.10.6.5.12.7
1.1.5.80671.39.5.7.8.6.4.8.8
1.1.5.80687.5.1.8.5
1.1.5.80746.31.2.25.7.4.1
1.1.5.80758.9.5.4.3
1.1.5.80807.19.5.17.1
1.1.5.80901.5.1
1.1.5.80934.5.1.3.21.11
1.1.5.81040.8.2.8
1.1.5.81045.5.1.1.28.8.2.39.12
1.1.5.81069.58.2.14.9.6
1.1.5.81145.13.2.18.2.6.1
1.1.5.81217.5.1.8
1.1.5.81336.5.1.1.2.47
1.1.5.81452.5.1.1.2.10
1.1.5.81509.15.1.11.2.7
1.1.5.81650.17.5.4
1.1.5.81653.20.2.4.5
1.1.5.81688.26.2
1.1.5.81733.43.2.26.1.2.1.1
1.1.5.81808.9.3.8
1.1.5.81830.6
1.1.5.81837.17.3.4.3
1.1.5.81869.5.1
1.1.5.82038.5.1.3.1.3.1
1.1.5.82116.12.1.4.1
1.1.5.82142.5.1.1.2.3.2
1.1.5.82162.11.1.4.1
1.1.5.82201.10.2.8
1.1.5.82246.26.3.14
1.1.5.82361.17.3.13.20
1.1.5.82363.5.1.1.1
1.1.5.82374.19.2.4.3
1.1.5.82566.13
1.1.5.82601.15.2
1.1.5.82616.29.1.20.8.15
1.1.5.82652.62.3.13.14
1.1.5.82671.31.3.14
1.1.5.82698.5.1.2.3.10.3
1.1.5.82928.5.1.3.2.21.1
1.1.5.82959.5.1.1.8.28.5.56.5
1.1.5.82959.5.1.1.8.30.1.61
1.1.5.82962.13.2
1.1.5.83019.21.3.4
1.1.5.83028.5.1.1.1
1.1.5.83039.22.2
1.1.5.83108.41.2.5.9.14.1
1.1.5.83140.14.1.12
1.1.5.83278.65.1.17.5
1.1.5.83343.5.1.23.1.3.2.11
1.1.5.83450.19.6.4.15
1.1.5.83550.5.1.13.3
1.1.5.83631.5.1.3.1
1.1.5.83637.9.1.4.1.1
1.1.5.83657.16.3
1.1.5.83667.8.2.4
1.1.5.83738.5.1.3.1
1.1.5.83772.5.1.21.1
1.1.5.83788.43.1.4
1.1.5.83907.24.2.17.7.15.1
1.1.5.83924.14.3.8.1.2.1.5.13
1.1.5.84026.17.1.4
1.1.5.84120.10.1.4.2
1.1.5.84172.3
1.1.5.84177.5.1.18.2
1.1.5.84213.5.1.2
1.1.5.84292.36.2
1.1.5.84323.33.3.4.5
1.1.5.84376.5.1.3.1.1.1.28
1.1.5.84458.15.1.22.4
1.1.5.84679.26.2.10.6.14
1.1.5.84717.8.1.17.14
1.1.5.84721.9.3.4
1.1.5.84793.5.1.14
1.1.5.84806.24.2.12
1.1.5.84823.31.2.6.1.1.7
1.1.5.85020.5.1.3.1.5
1.1.5.85168.11.2.4.6
1.1.5.85186.15.2.10.3.13.2.7
1.1.5.85200.5.1.4.2.15
1.1.5.85423.5.1.7
1.1.5.85446.5.1.1.1.4
1.1.5.85479.9.3.8.8
1.1.5.85508.14.2.23.11.6.1.2
1.1.5.85581.14.2.14.5.27.2
1.1.5.85780.5.1.5.1
1.1.5.85816.29.2.15
1.1.5.85880.25.1.12
1.1.5.85884.9.2.4.10
1.1.5.85891.26.3
1.1.5.85988.5.1
1.1.5.86027.5.1.10.8.2.1
1.1.5.86043.14
1.1.5.86108.31.2.25.7.4.1
1.1.5.86120.9.5.4.3
1.1.5.86175.19.5.17.1
1.1.5.86262.20.2.4
1.1.5.86287.5.1
1.1.5.86325.5.1.3.5.12
1.1.5.86413.9.1.7
1.1.5.86433.11.1.5.21.11
1.1.5.86466.58.2.14.9.6
1.1.5.86544.13.2.18.2.6.1
1.1.5.86622.5.1.8
1.1.5.86665.5.1.2.7.7.2
1.1.5.86677.6
1.1.5.86736.5.1.1.2.47
1.1.5.86850.5.1.1.2.10
1.1.5.86902.5.1.8
1.1.5.87050.17.5.4
1.1.5.87053.20.2.4.5
1.1.5.87088.26.2
1.1.5.87135.5.1.3
1.1.5.87224.9.3.8
1.1.5.87252.17.3.4.3
1.1.5.87400.13.1.4
1.1.5.87412.14.2.9.5
1.1.5.87436.5.1.3.1.3.1
1.1.5.87518.12.1.4.1
1.1.5.87530.6
1.1.5.87542.5.1.1.2.3.2
1.1.5.87562.11.1.4.1
1.1.5.87602.10.2.8
1.1.5.87651.26.3.14
1.1.5.87751.24.2.13.2.9
1.1.5.87756.13.2.6.30.27
1.1.5.87833.27.1.19.19
1.1.5.87958.13
1.1.5.87993.15.2
1.1.5.88007.29.1.20.8.15
1.1.5.88043.62.3.13.14
1.1.5.88062.31.3.14
1.1.5.88083.24.2.4.21.13
1.1.5.88174.12.1.10
1.1.5.88347.5.1
1.1.5.88366.5.1.2.2.7.2.35
1.1.5.88366.5.1.5.2.10
1.1.5.88371.13.2.8
1.1.5.88414.13.2.6.3.15
1.1.5.88492.10.2.13
1.1.5.88669.65.1.17.5
1.1.5.88706.20.1.10.2
1.1.5.88737.5.1.3
1.1.5.88773.14.2
1.1.5.88815.15.2.7.7
1.1.5.88823.31.1.21
1.1.5.88832.19.6.4.15
1.1.5.89014.5.1.3.1
1.1.5.89020.9.1.4.1.1
1.1.5.89040.16.3
1.1.5.89059.11.1.4
1.1.5.89123.5.1.3.1
1.1.5.89157.5.1.21.1
1.1.5.89174.43.1.4
1.1.5.89282.45.1.27
1.1.5.89299.14.3.8.1.2.1.5.4
1.1.5.89409.16.1.16.4
1.1.5.89414.27.3.10.15.7.2
1.1.5.89422.8.1.4
1.1.5.89605.5.1.2
1.1.5.89692.16.3.7.7
1.1.5.89742.33.3.4.5
1.1.5.89796.14.2.5
1.1.5.89879.15.1.22.4
1.1.5.90085.26.2.10.6.14
1.1.5.90128.8.1.17.24
1.1.5.90132.9.3.4
1.1.5.90194.5.1.1
1.1.5.90209.16.4.6.14
1.1.5.90227.31.2.6.1.1.7
1.1.5.90278.5.1.19
1.1.5.90309.27.2.21.13
1.1.5.90411.5.1.3.1.5
1.1.5.90419.3
1.1.5.90422.5.1.6
1.1.5.90490.5.1.4.1.6
1.1.5.90560.11.2.4.3
1.1.5.90578.15.2.10.3.13.2.7
1.1.5.90826.5.1.7
1.1.5.90847.13.2.22
1.1.5.90889.9.3.8.8
1.1.5.90926.14.2.23.9.7.1.2
1.1.5.90998.14.2.14.5.27.2
1.1.5.91144.13.4.10
1.1.5.91194.5.1.5.1
1.1.5.91203.31.2.17.1.15.3
1.1.5.91207.11.3.4.4
1.1.5.91222.29.2.14
1.1.5.91262.5.1.3.13.11
1.1.5.91289.10.1.9.2
1.1.5.91355.17.3.16.1.19.2
1.1.5.91419.23.2.5.10.6.5.12.7
1.1.5.91421.39.5.7.8.6.4.8.8
1.1.5.91476.17.4.6.8
1.1.5.91534.5.1.1.1.3.4.31
1.1.5.91600.19.5.17.1
1.1.5.91716.5.1.1.1
1.1.5.91868.9.1.7
1.1.5.91888.11.1.5.21.11
1.1.5.91921.58.2.14.9.6
1.1.5.91999.13.2.18.2.6.1
1.1.5.92072.5.1.8
1.1.5.92107.5.1.2.7.7.2
1.1.5.92235.16.2
1.1.5.92348.15.1.11.2.20
1.1.5.92354.5.1.4.3.23.8
1.1.5.92374.5.1.2.1.2.1.4
1.1.5.92518.17.5.4
1.1.5.92521.20.2.4.5
1.1.5.92551.9.1.4
1.1.5.92555.5.1.7.1
1.1.5.92585.14.3.6.1.24
1.1.5.92675.9.3.8
1.1.5.92709.5.1.12.2.46
1.1.5.92771.14.1.4
1.1.5.92903.5.1.3.1.3.1
1.1.5.92964.15.2.24.2
1.1.5.92989.13
1.1.5.92997.14.2
1.1.5.93033.5.1.5.1.2.14.24
1.1.5.93037.11.1.8.6
1.1.5.93064.5.1.1
1.1.5.93107.26.3.14
1.1.5.93231.17.3.13.20
1.1.5.93233.5.1.1.1
1.1.5.93333.27.1.19.19
1.1.5.93419.17.1.5
1.1.5.93501.15.2
1.1.5.93516.29.1.20.8.15
1.1.5.93552.62.3.13.14
1.1.5.93571.31.3.14
1.1.5.93592.12.2.8.15.2
1.1.5.93686.11.1.6
1.1.5.93687.12.1.5
1.1.5.93832.5.1.3.2.21.1
1.1.5.93847.5.1
1.1.5.93868.10.1.5.10
1.1.5.93869.15.2.6.11.5
1.1.5.93872.14.2.5
1.1.5.93926.5.1.12.4.8
1.1.5.93935.5.1.1.1
1.1.5.93946.22.2
1.1.5.94017.41.2.5.9.14.1
1.1.5.94046.10.1.7
1.1.5.94177.65.1.17.5
1.1.5.94317.15.2.7.7
1.1.5.94325.31.1.21
1.1.5.94334.19.6.4.15
1.1.5.94516.5.1.3.1
1.1.5.94522.9.1.4.1.1
1.1.5.94542.16.3
1.1.5.94554.8.2.4.9
1.1.5.94620.5.1.3.1
1.1.5.94640.5.1.5.1
1.1.5.94653.5.1.21.1
1.1.5.94670.43.1.4
1.1.5.94776.10.2.4.18.51
1.1.5.94798.13.2.8.1.76.2
1.1.5.94934.33.2
1.1.5.95098.13.1.6.11
1.1.5.95147.5.1
1.1.5.95180.36.2
1.1.5.95211.33.3.4.5
1.1.5.95264.5.1.3.1.1.1.28
1.1.5.95350.12.1.4
1.1.5.95571.26.2.10.6.14
1.1.5.95609.8.1.17.14
1.1.5.95613.9.3.4
1.1.5.95697.16.4.6.14
1.1.5.95715.31.2.6.1.1.7
1.1.5.95926.5.1.6
1.1.5.95994.5.1.4.1.6
1.1.6.74.11.2.4.3
1.1.6.92.15.2.10.3.13.2.7
1.1.6.137.22.3.8.3
1.1.6.226.15.2
1.1.6.329.10.1.7
1.1.6.334.10.2.4.12
1.1.6.355.14.3.9.9.11.1.8
1.1.6.358.14.2.8
1.1.6.370.5.1.1.1.4
1.1.6.403.9.3.8.8
1.1.6.431.5.1.15.1.16
1.1.6.491.14.2.14.5.27.2
1.1.6.590.19.2
1.1.6.634.13.4.10
1.1.6.686.5.1.5.1
1.1.6.695.31.2.17.1.15.3
1.1.6.699.11.3.4.4
1.1.6.714.29.2.14
1.1.6.781.10.1.9.2
1.1.6.847.17.3.16.1.19.2
1.1.6.907.5.1.10.8.2.1
1.1.6.924.5.1.8.5
1.1.6.1000.5.1.1.1.3.4.16
1.1.6.1066.19.5.17.1
1.1.6.1076.11.1.4
1.1.6.1146.6
1.1.6.1163.5.1
1.1.6.1328.11.1.5.21.11
1.1.6.1361.58.2.14.9.6
1.1.6.1435.5.1.1.1
1.1.6.1509.5.1.8
1.1.6.1628.5.1.1.2.47
1.1.6.1693.16.2
1.1.6.1803.8.2.10.8
1.1.6.1804.13.3.14.1.2.1.4
1.1.6.1808.9.1.5
1.1.6.1875.14.3.12
1.1.6.1954.17.5.4
1.1.6.1957.20.2.4.5
1.1.6.1992.26.2
1.1.6.2037.5.1.3
1.1.6.2141.6
1.1.6.2148.12
1.1.6.2162.29.1.14
1.1.6.2209.14.1.4
1.1.6.2313.13.1.4
1.1.6.2321.5.1.6.4.5
1.1.6.2325.14.2.9.5
1.1.6.2349.5.1.3.1.3.1
1.1.6.2410.15.2.24.2
1.1.6.2435.13
1.1.6.2443.14.2
1.1.6.2479.5.1.5.1.2.14.24
1.1.6.2483.11.1.8.6
1.1.6.2510.5.1.1
1.1.6.2553.26.3.14
1.1.6.2633.12.1.7
1.1.6.2640.20.4.12
1.1.6.2672.17.3.13.20
1.1.6.2674.5.1.1.1
1.1.6.2767.5.1.6
1.1.6.2878.13
1.1.6.2911.15.2
1.1.6.2925.29.1.20.8.15
1.1.6.2961.62.3.13.14
1.1.6.2980.31.3.14
1.1.6.3003.23.1.21.9.3
1.1.6.3074.29.1.4
1.1.6.3085.24.1.20
1.1.6.3272.11.1.20
1.1.6.3274.17.1.11
1.1.6.3286.5.1.18
1.1.6.3290.31.2.19
1.1.6.3346.5.1.13.9.19
1.1.6.3352.5.1.1.1
1.1.6.3363.22.2
1.1.6.3592.65.1.17.5
1.1.6.3654.5.1.23.1.3.2.11
1.1.6.3683.14.2
1.1.6.3749.22.1.9
1.1.6.3758.19.6.4.15
1.1.6.3867.23.2.14.9.13.10
1.1.6.3937.5.1.3.1
1.1.6.3943.9.1.4.1.1
1.1.6.3963.16.3
1.1.6.3973.8.2.4
1.1.6.4045.5.1.3.1
1.1.6.4065.5.1.5.1
1.1.6.4078.5.1.21.1
1.1.6.4095.43.1.4
1.1.6.4221.13.2.8.1.23.2
1.1.6.4311.16.1.16.4
1.1.6.4316.27.3.10.15.7.2
1.1.6.4324.8.1.4
1.1.6.4367.33.2
1.1.6.4521.24.1.18
1.1.6.4532.5.1.2
1.1.6.4539.22.2
1.1.6.4643.16.3.7.7
1.1.6.4693.33.3.4.5
1.1.6.4747.14.2.5
1.1.6.4823.15.1.22.4
1.1.6.4949.19.2.6.3
1.1.6.5036.26.2.10.6.14
1.1.6.5098.9.1.4.12
1.1.6.5166.10.2.10.14
1.1.6.5251.5.1.19
1.1.6.5282.27.2.21.13
1.1.6.5398.5.1.1.2.3.1.9
1.1.6.5413.5.1.6
1.1.6.5568.11.2.4.3
1.1.6.5586.15.2.10.3.13.2.7
1.1.6.5624.5.1.7
1.1.6.5631.3
1.1.6.5837.5.1.7
1.1.6.5860.5.1.1.1.4
1.1.6.5893.9.3.8.8
1.1.6.5921.5.1.15.1.16
1.1.6.5989.14.2.14.5.27.2
1.2.242.2.1.3.1.1.1.17
1.2.293.2.1
1.2.337.4.2.4
1.2.356.6.3.18
1.2.467.2.1
1.2.665.4.2.6.1.4.2.8.26
1.2.671.2.1.19.5.18.3
1.2.774.4.2.4.4
1.2.811.4.2.3.6.19
1.2.885.4.2.6.3
1.2.1129.8.4.8
1.2.1152.2.1.2.1.19
1.2.1370.2.1.4.4.9.4.9
1.2.1636.2.1.1.1.20.2
1.2.1642.2.1.9.3.7.3
1.2.1809.2.1.1.1
1.2.1869.8.4.9.5.14.2.32
1.2.1983.6.3.7.4.6
1.2.2021.8.4.15.3
1.2.2062.2.1.1
1.2.2070.4.2.19.6.22.3
1.2.2219.2.1.8.3
1.2.2326.2.1.3.1.1.3
1.2.2359.2.1.8.4
1.2.2373.10.5.14.2
1.2.2606.4.2
1.2.2620.4.2.11.6.20
1.2.2645.8.4
1.2.2664.4.2
1.2.2668.4.2.3.3.9.1
1.2.2879.6.3.18.5.14.8.17.56
1.2.2896.4.2
1.2.3025.4.2.33
1.2.3035.2.1.3.2.3
1.2.3108.2.1.7
1.2.3128.4.2.7.3.5
1.2.3211.8.4.40
1.2.3403.6.3.20
1.2.3431.4.2.3
1.2.3539.2.1
1.2.3802.4.2.8.3
1.2.3817.4.2.3.5
1.2.3868.2.1.1.1.4.7.7.3
1.2.3898.2.1.1.1.6.4
1.2.3926.6.3
1.2.3940.12.6.16.1.29
1.2.3984.2.1.5.3.3.3.13.3
1.2.4014.1
1.2.4274.10.5
1.2.4339.2.1.5.1
1.2.4364.2.1
1.2.4391.8.4.10.2.3.4
1.2.4393.12.6.12.3.8
1.2.4418.4.2.6.4
1.2.4465.10.5.19.1.1
1.2.4469.4.2.2.3.2
1.2.4481.2.1.17.1.2.3
1.2.4741.2.1.1.1
1.2.4760.1
1.2.4951.6.3.5.1.3
1.2.5108.2.1
1.2.5202.2.1
1.2.5281.2.1.2.1
1.2.5295.2.1
1.2.5296.2.1.9.3.5.1
1.2.5392.4.2.12.2
1.2.5417.12.6.16.6.10.3.8.8
1.2.5458.2.1
1.2.5478.2.1.13.1.5
1.2.5514.4.2.5.2
1.2.5596.4.2.5.7.10.1
1.2.5672.4.2
1.2.5879.6.3.24.1.15.4
1.5.97.10.2.1
1.5.239.7.2.1.2
1.5.264.11.2.1.4.3.4.3.11
1.5.443.6.2.1.1.1
1.5.557.13.2.1
1.5.599.10.2.1.16.7.18.1
1.5.659.12.2.1.19.2.6
1.5.697.6.2.1.1.5.17.8
1.5.720.7.2.1.8
1.5.811.14.2.1.17.1.24
1.5.816.8.2.1.3.4.29
1.5.847.19.2.1
1.5.908.7.2.1.16.4
1.5.925.12.2.1.1.1.50.5.11
1.5.991.8.2.1.4.2
1.5.1226.19.2.1.21
1.5.1370.14.2.1.2.1.2.2.28
1.5.1513.9.2.1.1.1
1.5.1518.18.2.1.4.3
1.5.1567.8.2.1.26
1.5.1772.10.2.1
1.5.1813.8.2.1.4.1
1.5.1987.10.2.1.15.8.15
1.5.2014.6.2.1.28.5.5.5.21
1.5.2080.6.2.1.4.6.12.2.26
1.5.2150.8.2.1.2.2
1.5.2161.14.2.1.2.1.3.3.10
1.5.2321.7.2.1.18.2.5.1
1.5.2392.6.2.1.2.15.37.1.13.1
1.5.2427.7.2.1.13.1.2.1.15
1.5.2574.8.2.1.3.12
1.5.2590.19.2.1.1
1.5.2642.13.2.1.21.15.8.2
1.5.2791.12.2.1.11.8.22.7
1.5.2791.12.2.1.12.1.1.1
1.5.2907.7.2.1.7
1.5.2923.8.2.1.15.1.1
1.5.2992.9.2.1.30
1.5.3010.11.2.1.2
1.5.3045.7.2.1.11.5.18.1
1.5.3249.8.2.1.16.2.19.5
1.5.3250.11.2.1.18.4.23.3
1.5.3258.8.2.1.4.1.2.1.1
1.5.3540.22.2.1.4.4.46.1
1.5.3645.8.2.1.7.2
1.5.3670.12.2.1.1.1.4.1.2
1.5.3703.10.2.1.3.1.1.1
1.5.4020.10.2.1.1.1
1.5.4022.7.2.1.2.2.2.1.7
1.5.4037.13.2.1.5.6.5
1.5.4050.13.2.1.14
1.5.4052.10.2.1.18
1.5.4096.6.2.1.13.4
1.5.4141.7.2.1.8
1.5.4248.21.2.1
1.5.4350.6.2.1.5.2.14.3
1.5.4389.7.2.1
1.5.4610.7.2.1.8.1.8.2.11
1.5.4660.6.2.1
1.5.4698.23.2.1
1.5.4908.11.2.1.13.1
1.5.4916.6.2.1.13.3.5.12
1.5.4958.5.2.1
1.5.4975.6.2.1.34
1.5.5071.18.2.1.2.1.9.7.33
1.5.5158.6.2.1.13.6.20.1
1.5.5220.11.2.1
1.5.5430.16.2.1.10.1.36.2
1.5.5513.6.2.1.6
1.5.5819.11.2.1.57.1.5
1.5.5937.7.2.1.1
1.5.5977.8.2.1.10.3.10.1.9
1.5.6052.11.2.1.7
1.5.6152.10.2.1.12
1.5.6221.8.2.1.27.4
1.5.6229.7.2.1
1.5.6425.8.2.1.6.1.1.1.14
1.5.6796.8.2.1.26.2
1.5.6819.12.2.1
1.5.6873.10.2.1.5
1.5.6947.10.2.1.8.1.1
1.5.7035.11.2.1.2.1.5.4.14
1.5.7104.9.2.1
1.5.7260.10.2.1
1.5.7367.14.2.1.9.2.2
1.5.7383.20.2.1.18.1.2
1.5.7407.11.2.1.4.3.4.3.11
1.5.7491.8.2.1.1
1.5.7581.34.2.1.34.1.1.10
1.5.7721.10.2.1.16.7.18.1
1.5.7781.12.2.1.19.2.6
1.5.7821.12.2.1.4.1.4.2
1.5.7853.14.2.1.14.6.14.3
1.5.7859.13.2.1.3
1.5.7877.9.2.1.12.6.11.5.16
1.5.7970.8.2.1
1.5.8054.7.2.1.16.4
1.5.8071.12.2.1.1.1.50.5.11
1.5.8139.18.2.1.4.1
1.5.8143.5.2.1.25.8.6.1
1.5.8206.30.2.1.5.4.13.4
1.5.8250.7.2.1.3.3.5.3
1.5.8310.8.2.1.7.1.2.1
1.5.8381.19.2.1.21
1.5.8523.9.2.1.38.10.6
1.5.8643.16.2.1.16.3
1.5.8650.9.2.1.1.1
1.5.8655.18.2.1.4.3
1.5.8702.8.2.1.2.1.5
1.5.8707.7.2.1.5.6
1.5.8721.8.2.1.1.1
1.5.8835.7.2.1.26
1.5.8846.7.2.1.8.2.4.5
1.5.8918.10.2.1
1.5.8959.8.2.1.4.1
1.5.9293.8.2.1.2.2
1.5.9304.14.2.1.2.1.3.3.10
1.5.9465.7.2.1.19.2.5.1
1.5.9536.6.2.1.2.15.37.1.13.1
1.5.9547.6.2.1.3.2.2.1
1.5.9575.7.2.1.13.1.2.1.15
1.5.9725.8.2.1.12.6.34
1.5.9854.8.2.1.6.4.7.4
1.5.9915.12.2.1.11.8.22.7
1.5.9915.12.2.1.12.1.1.1
1.5.10045.8.2.1.15.1.1
1.5.10129.8.2.1.9.1.2.6.8
1.5.10167.7.2.1.11.5.18.1
1.5.10204.6.2.1.11.1.3
1.5.10373.8.2.1.16.2.19.5
1.5.10374.11.2.1.18.4.23.3
1.5.10382.8.2.1.4.1.2.1.1
1.5.10748.8.2.1.7.2
1.5.10773.12.2.1.1.1.4.1.2
1.5.10905.16.2.1.18.3.6
1.5.11124.7.2.1.2.2.7
1.5.11125.10.2.1.2
1.5.11204.18.2.1.47
1.5.11221.9.2.1
1.5.11231.9.2.1
1.5.11296.21.2.1
1.5.11398.6.2.1.5.2.14.3
1.5.11438.7.2.1
1.5.11634.7.2.1.8.1.8.2.11
1.5.11713.23.2.1
1.5.11931.6.2.1.18.8.17.4
1.5.11933.7.2.1.2.1.2.1
1.5.12164.6.2.1.13.6.20.1
1.5.12224.11.2.1
1.5.12443.16.2.1.10.1.36.2
1.5.12525.6.2.1.6
1.5.12830.17.2.1.12.5.15
1.5.12943.13.2.1.12.4
1.5.12993.8.2.1.10.3.10.1.9
1.5.13112.11.2.1.13.4.20.1
1.5.13179.10.2.1.12
1.5.13253.8.2.1.27.4
1.5.13261.7.2.1
1.5.13467.8.2.1.6.1.1.1.14
1.5.13524.5.2.1.14.1.2.1
1.5.13612.6.2.1
1.5.13816.8.2.1.3.8.27.1
1.5.13892.10.2.1.4
1.5.13973.10.2.1.8.1.1
1.5.14065.11.2.1.2.1.5.4.14
1.5.14098.11.2.1
1.5.14145.9.2.1.1.5.10.4
1.5.14440.7.2.1.2
1.5.14465.11.2.1.4.3.4.3.11
1.5.14545.8.2.1.1
1.5.14635.34.2.1.34.1.1.10
1.5.14779.10.2.1.16.7.18.1
1.5.14838.12.2.1.17.2.6
1.5.14876.6.2.1.1.5.17.8
1.5.14899.7.2.1.8
1.5.14997.8.2.1.20.2.25
1.5.15029.19.2.1
1.5.15076.8.2.1.2.4.12.1
1.5.15181.8.2.1.4.2
1.5.15249.13.2.1
1.5.15293.9.2.1.9.2
1.5.15352.8.2.1.7.1.2.1
1.5.15423.19.2.1.21
1.5.15573.14.2.1.2.1.2.2.20
1.5.15708.11.2.1.3.2.9.2
1.5.15716.9.2.1.1.1
1.5.15721.18.2.1.4.3
1.5.15769.14.2.1.2.2.43
1.5.15792.7.2.1.8
1.5.15893.7.2.1.35
1.5.15904.7.2.1.8.2.4.5
1.5.16042.8.2.1.4.1
1.5.16049.10.2.1.6.1.2.2
1.5.16299.6.2.1.4.6.12.2.26
1.5.16370.8.2.1.2.2
1.5.16406.23.2.1.1.1.2.3.41
1.5.16557.7.2.1.18.2.5.1
1.5.16628.6.2.1.2.15.37.1.13.1
1.5.16667.7.2.1.13.1.2.1.11
1.5.16797.9.2.1.7.2.16
1.5.16813.19.2.1.1
1.5.16864.13.2.1.23.11.10.2
1.5.17010.5.2.1.7.1
1.5.17018.9.2.1.7.4.10.9.60
1.5.17019.12.2.1.11.8.21.14
1.5.17019.12.2.1.12.1.1.1
1.5.17151.8.2.1.15.1.1
1.5.17235.8.2.1.9.1.2.6.8
1.5.17266.10.2.1.3.2.2.6
1.5.17306.13.2.1.7.5.44
1.5.17493.8.2.1.16.2.26.5
1.5.17494.11.2.1.18.4.30.3
1.5.17504.16.2.1.2.2.2
1.5.17878.11.2.1.20.4
1.5.17897.16.2.1
1.5.17912.7.2.1.19
1.5.18248.10.2.1.1.1
1.5.18265.13.2.1.5.6.5
1.5.18278.13.2.1.14
1.5.18280.10.2.1.18
1.5.18324.6.2.1.13.4
1.5.18365.18.2.1.29
1.5.18382.9.2.1
1.5.18392.9.2.1
1.5.18472.21.2.1
1.5.18582.6.2.1.5.2.14.3
1.5.18621.7.2.1
1.5.18835.7.2.1.8.1.8.2.11
1.5.19120.6.2.1
1.5.19246.9.2.1.7.3.5.2
1.5.19342.6.2.1.13.6.20.1
1.5.19402.11.2.1
1.5.19614.16.2.1.10.1.36.2
1.5.19695.8.2.1.4.2.15.8.13
1.5.19945.19.2.1.14.9.43.4
1.5.20004.17.2.1.12.5.15
1.5.20109.13.2.1.12.4
1.5.20159.8.2.1.10.3.10.1.9
1.5.20325.9.2.1.3.1
1.5.20339.10.2.1.8.1.1.1.71
1.5.20762.6.2.1
1.5.20978.28.2.1.6.4
1.5.21040.10.2.1.4
1.5.21048.9.2.1.2.2.31
1.5.21114.10.2.1.8.1.1
1.5.21243.15.2.1.2.2
1.5.21299.9.2.1.1.5.10.4
1.5.21461.10.2.1
1.5.21571.14.2.1.9.2.2
1.5.21586.14.2.1.1.1.9
1.5.21608.11.2.1.4.3.4.3.11
1.5.21787.6.2.1.1.1
1.5.21901.13.2.1
1.5.21997.12.2.1.17.2.6
1.5.22035.6.2.1.1.5.17.8
1.5.22052.8.2.1.7.1.9.2
1.5.22059.6.2.1.16
1.5.22076.15.2.1.6
1.5.22141.14.2.1.17.1.24
1.5.22146.8.2.1.3.4.29
1.5.22178.19.2.1
1.5.22225.8.2.1.2.4.12.1
1.5.22332.18.2.1.4.1
1.5.22336.5.2.1.25.8.6.1
1.5.22392.30.2.1.5.4.13.4
1.5.22501.8.2.1.7.1.2.1
1.5.22572.19.2.1.21
1.5.22641.6.2.1.4.1.4.1
1.5.22659.10.2.1
1.5.22809.5.2.1.2.1.51.1
1.5.22840.7.2.1.19.10.48.3
1.5.22904.14.2.1.2.2.43
1.5.22927.7.2.1.8
1.5.23030.7.2.1.26
1.5.23041.7.2.1.8.2.4.5
1.5.23116.10.2.1
1.5.23157.8.2.1.4.1
1.5.23416.6.2.1.4.6.12.2.26
1.5.23487.8.2.1.2.2
1.5.23498.14.2.1.2.1.3.3.10
1.5.23528.23.2.1.1.1.2.3.10
1.5.23720.6.2.1.2.15.37.1.13.1
1.5.23759.7.2.1.13.1.2.1.11
1.5.23907.14.2.1.4
1.5.24033.8.2.1.6.4.7.4
1.5.24093.11.2.1.8.3.12
1.5.24097.12.2.1.13.5
1.5.24219.7.2.1.7
1.5.24235.8.2.1.15.1.1
1.5.24319.8.2.1.9.1.2.6.8
1.5.24350.10.2.1.3.2.2.6
1.5.24382.6.2.1.16.1.3
1.5.24570.8.2.1.16.2.26.5
1.5.24571.11.2.1.18.4.30.3
1.5.24581.16.2.1.2.2.2
1.5.24770.10.2.1.6.2
1.5.24863.9.2.1
1.5.24941.11.2.1.20.4
1.5.24960.16.2.1
1.5.24975.7.2.1.19
1.5.25088.7.2.1.1
1.5.25337.9.2.1.5.2.10.7
1.5.25371.6.2.1.13.5
1.5.25416.7.2.1.8
1.5.25514.21.2.1
1.5.25616.6.2.1.5.2.14.3
1.5.25651.8.2.1
1.5.25878.7.2.1.8.1.8.2.11
1.5.25964.23.2.1
1.5.26171.9.2.1
1.5.26324.18.2.1.2.1.9.6.28
1.5.26407.6.2.1.13.6.20.1
1.5.26450.8.2.1.22.1
1.5.26669.16.2.1.10.1.21.2
1.5.26750.8.2.1.4.2.15.2.4
1.5.27034.17.2.1.12.5.15
1.5.27115.8.2.1.3.1.11.2
1.5.27137.13.2.1.12.4
1.5.27187.8.2.1.10.3.10.1.9
1.5.27309.11.2.1.13.4.20.1
1.5.27382.10.2.1.12
1.5.27456.8.2.1.27.4
1.5.27464.7.2.1
1.5.27670.8.2.1.6.1.1.1.14
1.5.27723.6.2.1.2.2.13.8.19
1.5.27724.12.2.1.4.4
1.5.27810.6.2.1
1.5.28018.8.2.1.3.8.27.1
1.5.28102.10.2.1.4
1.5.28110.9.2.1.2.2.31
1.5.28241.7.2.1.18.3
1.5.28283.11.2.1.2.1.5.4.14
1.5.28352.9.2.1
1.5.28505.10.2.1
1.5.28640.11.2.1.2.2.10
1.5.28650.9.2.1.3.3
1.5.28667.15.2.1.1
1.5.28818.34.2.1.34.1.1.10
1.5.28969.10.2.1.16.7.18.1
1.5.29028.12.2.1.17.2.6
1.5.29066.6.2.1.1.5.17.8
1.5.29089.7.2.1.8
1.5.29180.14.2.1.17.1.24
1.5.29185.8.2.1.3.4.29
1.5.29217.19.2.1
1.5.29278.7.2.1.16.4
1.5.29295.12.2.1.1.1.50.5.11
1.5.29362.5.2.1.4.3
1.5.29369.7.2.1.12.6
1.5.29427.12.2.1.1.1
1.5.29531.5.2.1.1.1
1.5.29605.19.2.1.21
1.5.29693.10.2.1
1.5.29886.11.2.1.3.2.9.2
1.5.29894.9.2.1.1.1
1.5.29899.18.2.1.4.3
1.5.29947.14.2.1.2.2.43
1.5.29970.7.2.1.8
1.5.29985.6.2.1.2.2
1.5.30080.7.2.1.26
1.5.30091.7.2.1.8.2.4.5
1.5.30233.8.2.1.4.1
1.5.30240.10.2.1.6.1.2.2
1.5.30393.10.2.1.15.8.15
1.5.30420.6.2.1.28.5.5.5.21
1.5.30486.6.2.1.4.6.12.2.26
1.5.30823.6.2.1.2.15.37.1.13.1
1.5.30834.6.2.1.3.2.2.1
1.5.30862.7.2.1.13.1.2.1.15
1.5.31014.8.2.1.3.12
1.5.31030.19.2.1.1
1.5.31067.6.2.1
1.5.31215.12.2.1.11.8.22.7
1.5.31215.12.2.1.12.1.1.1
1.5.31327.7.2.1.7
1.5.31343.8.2.1.15.1.1
1.5.31427.8.2.1.9.1.2.6.8
1.5.31500.6.2.1.16.1.3
1.5.31692.7.2.1.11
1.5.31704.8.2.1.4.1.2.1.1
1.5.31972.22.2.1.4.4.46.1
1.5.32077.8.2.1.7.2
1.5.32102.12.2.1.1.1.4.1.2
1.5.32221.6.2.1.8.5
1.5.32474.9.2.1.5.2.36.8
1.5.32508.6.2.1.13.5
1.5.32553.8.2.1.1
1.5.32556.7.2.1.3
1.5.32649.21.2.1
1.5.32759.6.2.1.5.2.14.3
1.5.33009.7.2.1.8.1.8.2.11
1.5.33085.23.2.1
1.5.33316.6.2.1
1.5.33464.18.2.1.2.1.9.7.33
1.5.33547.6.2.1.13.6.20.1
1.5.33609.11.2.1
1.5.33626.8.2.1.10.1.9.2.10
1.5.33814.16.2.1.10.1.36.2
1.5.33895.8.2.1.4.2.15.2.4
1.5.34187.11.2.1.57.1.5
1.5.34312.7.2.1.1
1.5.34354.14.2.1.6
1.5.34431.11.2.1.7
1.5.34532.8.2.1.33
1.5.34601.8.2.1.27.4
1.5.34609.7.2.1
1.5.34911.9.2.1
1.5.35003.6.2.1
1.5.35090.6.2.1
1.5.35246.28.2.1.6.4
1.5.35308.10.2.1.5
1.5.35383.10.2.1.8.1.1
1.5.35499.15.2.1.2.2
1.5.35555.9.2.1.1.5.10.4
1.5.35558.11.2.1.3.1.22.2.10
1.5.35567.9.2.1.2.1.19
1.5.35850.11.2.1.2.2.10
1.5.35860.9.2.1.3.3
1.5.36040.34.2.1.34.1.1.10
1.5.36175.10.2.1.16.7.18.1
1.5.36234.12.2.1.17.2.6
1.5.36272.6.2.1.1.5.17.8
1.5.36289.8.2.1.7.1.9.2
1.5.36296.6.2.1.16
1.5.36313.15.2.1.6
1.5.36378.14.2.1.17.1.24
1.5.36383.8.2.1.3.4.29
1.5.36414.19.2.1
1.5.36475.7.2.1.16.4
1.5.36492.12.2.1.1.1.50.5.11
1.5.36560.18.2.1.4.1
1.5.36564.5.2.1.25.8.6.1
1.5.36622.8.2.1.3.1
1.5.36663.9.2.1.9.2
1.5.36722.8.2.1.7.1.2.1
1.5.36793.19.2.1.21
1.5.36939.14.2.1.2.1.2.2.28
1.5.37076.11.2.1.3.2.9.2
1.5.37084.9.2.1.1.1
1.5.37089.18.2.1.4.3
1.5.37137.14.2.1.2.2.43
1.5.37160.7.2.1.8
1.5.37220.10.2.1.6.2.2
1.5.37223.12.2.1
1.5.37312.9.2.1
1.5.37324.26.2.1.40.1.1.2.4
1.5.37380.8.2.1.4.1
1.5.37387.10.2.1.6.1.2.2
1.5.37572.6.2.1.28.5.5.5.21
1.5.37638.6.2.1.4.6.12.2.26
1.5.37709.8.2.1.2.2
1.5.37893.7.2.1.18.2.5.1
1.5.37964.6.2.1.2.15.37.1.13.1
1.5.37975.6.2.1.3.2.2.1
1.5.38003.7.2.1.13.1.2.1.15
1.5.38152.19.2.1.9
1.5.38282.8.2.1.6.4.7.4
1.5.38349.12.2.1.11.8.22.7
1.5.38349.12.2.1.12.1.1.1
1.5.38465.8.2.1.15.1.1
1.5.38549.8.2.1.9.1.2.6.8
1.5.38580.10.2.1.3.2.2.6
1.5.38617.6.2.1.11.1.3
1.5.38799.8.2.1.16.2.26.5
1.5.38800.11.2.1.18.4.30.3
1.5.38810.16.2.1.2.2.2
1.5.39131.10.2.1.2.3.21.2
1.5.39175.8.2.1.7.2
1.5.39200.12.2.1.1.1.4.1.2
1.5.39338.16.2.1.18.3.6
1.5.39571.9.2.1.5.2.10.7
1.5.39643.18.2.1.47
1.5.39660.9.2.1
1.5.39670.9.2.1
1.5.39735.21.2.1
1.5.39845.6.2.1.5.2.14.3
1.5.40074.7.2.1.8.1.8.2.11
1.5.40212.9.2.1.2
1.5.40343.11.2.1.4.1
1.5.40352.6.2.1.16.3.5.5
1.5.40492.9.2.1.7.3.5.2
1.5.40509.9.2.1.24
1.5.40592.6.2.1.13.6.20.1
1.5.40654.11.2.1
1.5.40671.8.2.1.10.1.9.2.10
1.5.40859.16.2.1.10.1.36.2
1.5.40936.6.2.1.6
1.5.41180.19.2.1.14.9.43.4
1.5.41239.17.2.1.12.5.15
1.5.41346.13.2.1.12.4
1.5.41396.8.2.1.10.3.10.1.9
1.5.41468.11.2.1.7
1.5.41570.10.2.1.12
1.5.41644.8.2.1.27.4
1.5.41652.7.2.1
1.5.41954.9.2.1
1.5.42244.8.2.1.3.8.27.1
1.5.42318.10.2.1.4
1.5.42397.10.2.1.8.1.1
1.5.42515.11.2.1.2.1.5.4.14
1.5.42590.9.2.1
1.5.42759.10.2.1
1.5.42869.14.2.1.9.2.2
1.5.42884.14.2.1.1.1.9
1.5.42906.11.2.1.4.3.4.3.11
1.5.42995.12.2.1.22
1.5.43096.6.2.1.1.1
1.5.43250.10.2.1.16.7.18.1
1.5.43310.12.2.1.19.2.6
1.5.43348.6.2.1.1.5.17.8
1.5.43371.7.2.1.8
1.5.43466.8.2.1.20.2.28
1.5.43497.19.2.1
1.5.43558.7.2.1.16.4
1.5.43575.12.2.1.1.1.50.5.11
1.5.43655.18.2.1.4.1
1.5.43659.5.2.1.25.8.6.1
1.5.43710.30.2.1.5.4.13.4
1.5.43891.19.2.1.21
1.5.43982.10.2.1
1.5.44165.7.2.1.19.10.48.3
1.5.44228.8.2.1.2.1.5
1.5.44233.7.2.1.5.6
1.5.44247.8.2.1.1.1
1.5.44361.7.2.1.26
1.5.44372.7.2.1.8.2.4.5
1.5.44501.8.2.1.4.1
1.5.44846.25.2.1.8.3.11
1.5.45064.6.2.1.2.15.37.1.13.1
1.5.45075.6.2.1.3.2.2.1
1.5.45103.7.2.1.13.1.2.1.15
1.5.45253.8.2.1.12.6.34
1.5.45436.5.2.1.7.1
1.5.45445.12.2.1.11.8.21.14
1.5.45445.12.2.1.12.1.1.1
1.5.45571.7.2.1.7
1.5.45587.8.2.1.15.1.1
1.5.45656.9.2.1.30
1.5.45674.11.2.1.2
1.5.45702.10.2.1.3.2.2.6
1.5.45928.8.2.1.23.2.33.6
1.5.45929.11.2.1.25.4.37.3
1.5.45937.8.2.1.4.1.2.1.1
1.5.46198.22.2.1.4.4.46.1
1.5.46222.9.2.1
1.5.46300.11.2.1.20.4
1.5.46319.16.2.1
1.5.46334.7.2.1.19
1.5.46750.6.2.1.13.5
1.5.46841.6.2.1.16.5
1.5.46921.21.2.1
1.5.47061.7.2.1
1.5.47260.7.2.1.8.1.8.2.11
1.5.47341.23.2.1
1.5.47515.11.2.1
1.5.47698.9.2.1.30
1.5.47780.6.2.1.13.6.20.1
1.5.47842.11.2.1
1.5.48059.16.2.1.10.1.36.2
1.5.48141.8.2.1.4.2.21.5.23
1.5.48421.21.2.1.6
1.5.48535.13.2.1.12.4
1.5.48585.8.2.1.10.3.10.1.9
1.5.48699.11.2.1.13.4.20.1
1.5.48766.10.2.1.12
1.5.49097.11.2.1.9.2.4.1
1.5.49211.6.2.1
1.5.49405.8.2.1.3.8.27.1
1.5.49426.28.2.1.6.4
1.5.49487.7.2.1.10.7.29
1.5.49502.21.2.1.3
1.5.49570.10.2.1.8.1.1
1.5.49672.11.2.1.2.1.5.4.14
1.5.49752.9.2.1.1.5.10.4
1.5.49917.10.2.1
1.5.50027.14.2.1.9.2.2
1.5.50042.14.2.1.1.1.9
1.5.50064.11.2.1.4.3.4.3.11
1.5.50243.6.2.1.1.1
1.5.50410.10.2.1.16.7.18.1
1.5.50470.12.2.1.19.2.6
1.5.50508.6.2.1.1.5.17.8
1.5.50531.7.2.1.8
1.5.50622.14.2.1.17.1.24
1.5.50627.8.2.1.3.4.29
1.5.50658.19.2.1
1.5.50719.7.2.1.16.4
1.5.50736.12.2.1.1.1.50.5.11
1.5.50804.18.2.1.4.1
1.5.50808.5.2.1.25.8.6.1
1.5.50861.8.2.1.3.1
1.5.50902.9.2.1.9.2
1.5.50961.8.2.1.7.1.2.1
1.5.51032.19.2.1.21
1.5.51120.10.2.1
1.5.51175.6.2.1.42.5.40.9.49
1.5.51270.5.2.1.2.1.50.1
1.5.51313.18.2.1.4.3
1.5.51360.8.2.1.2.1.5
1.5.51365.7.2.1.5.6
1.5.51379.8.2.1.1.1
1.5.51504.7.2.1.26
1.5.51515.7.2.1.8.2.4.5
1.5.51636.8.2.1.4.1
1.5.51905.6.2.1.4.6.12.2.26
1.5.51969.8.2.1.2.3
1.5.51980.14.2.1.2.1.3.3.10
1.5.52220.6.2.1.2.15.37.1.13.1
1.5.52262.7.2.1.13.1.2.1.35
1.5.52414.19.2.1.9
1.5.52495.7.2.1
1.5.52614.5.2.1.7.1
1.5.52623.12.2.1.11.8.21.14
1.5.52623.12.2.1.12.1.1.1
1.5.52755.8.2.1.15.1.1
1.5.52839.8.2.1.9.1.2.6.8
1.5.52877.7.2.1.11.5.18.1
1.5.52917.13.2.1.7.5.44
1.5.53090.8.2.1.16.2.19.5
1.5.53091.11.2.1.18.4.23.3
1.5.53097.9.2.1
1.5.53461.8.2.1.7.2
1.5.53486.12.2.1.1.1.4.1.2
1.5.53603.6.2.1.8.5
1.5.53620.16.2.1.18.3.6
1.5.53826.10.2.1.1.1
1.5.53843.13.2.1.5.6.5
1.5.53856.13.2.1.14
1.5.53858.10.2.1.18
1.5.53902.6.2.1.13.4
1.5.53993.6.2.1.16.5
1.5.54183.10.2.1.5.2
1.5.54359.7.2.1.1.1.2.4
1.5.54402.7.2.1.8.1.8.2.11
1.5.54491.9.2.1.3
1.5.54849.18.2.1.2.1.9.7.33
1.5.54932.6.2.1.13.6.20.1
1.5.54994.11.2.1
1.5.55009.12.2.1.38.14
1.5.55205.16.2.1.10.1.36.2
1.5.55269.12.2.1
1.5.55277.6.2.1.6
1.5.55300.9.2.1.19
1.5.55573.17.2.1.12.5.15
1.5.55654.8.2.1.3.1.11.2
1.5.55676.13.2.1.12.4
1.5.55726.8.2.1.10.3.10.1.9
1.5.55848.11.2.1.13.4.20.1
1.5.55915.10.2.1.12
1.5.55984.8.2.1.27.4
1.5.55992.7.2.1
1.5.56198.8.2.1.6.1.1.1.14
1.5.56536.8.2.1.3.8.27.1
1.5.56620.10.2.1.4
1.5.56695.10.2.1.8.1.1
1.5.56809.11.2.1.2.1.5.4.14
1.5.56879.9.2.1.1.5.10.4
1.5.57041.10.2.1
1.5.57178.7.2.1.2
1.5.57203.11.2.1.4.3.4.3.11
1.5.57372.34.2.1.34.1.1.10
1.5.57441.12.2.1
1.5.57515.10.2.1.16.7.18.1
1.5.57575.12.2.1.19.2.6
1.5.57613.6.2.1.1.5.17.8
1.5.57630.8.2.1.7.1.9.2
1.5.57637.6.2.1.16
1.5.57656.9.2.1.12.6.11.5.20
1.5.57722.8.2.1.12.1.4
1.5.57752.19.2.1
1.5.57799.8.2.1.2.4.12.1
1.5.57902.8.2.1.4.2
1.5.58009.9.2.1.9.2
1.5.58068.8.2.1.7.1.2.1
1.5.58230.10.2.1
1.5.58285.6.2.1.42.5.40.9.49
1.5.58441.7.2.1.5.1
1.5.58487.8.2.1.30
1.5.58616.7.2.1.26
1.5.58627.7.2.1.8.2.4.5
1.5.58765.8.2.1.4.1
1.5.58960.6.2.1.28.5.5.5.21
1.5.59026.6.2.1.4.6.12.2.26
1.5.59113.25.2.1.8.3.11
1.5.59117.9.2.1.3.5
1.5.59281.7.2.1.18.2.5.1
1.5.59352.6.2.1.2.15.37.1.13.1
1.5.59363.6.2.1.3.2.2.1
1.5.59391.7.2.1.13.1.2.1.15
1.5.59531.8.2.1.3.12
1.5.59547.19.2.1.1
1.5.59629.7.2.1
1.5.59742.5.2.1.7.1
1.5.59750.9.2.1.7.4.10.9.77
1.5.59751.12.2.1.11.8.21.14
1.5.59751.12.2.1.12.1.1.1
1.5.59883.8.2.1.15.1.1
1.5.59967.8.2.1.9.1.2.6.8
1.5.59998.10.2.1.3.2.2.6
1.5.60218.8.2.1.30.2.17.5
1.5.60219.11.2.1.32.4.21.3
1.5.60227.8.2.1.4.1.2.1.1
1.5.60404.10.2.1.6.2
1.5.60448.8.2.1.1.1.18.5
1.5.60591.11.2.1.20.4
1.5.60610.16.2.1
1.5.60625.7.2.1.19
1.5.60633.6.2.1.4.1.27.5.4
1.5.61005.7.2.1.2.2.7
1.5.61006.10.2.1.2
1.5.61078.7.2.1.8
1.5.61176.21.2.1
1.5.61286.6.2.1.5.2.14.3
1.5.61417.11.2.1.8.2.17.2.7
1.5.61504.7.2.1.8.1.8.2.11
1.5.61814.6.2.1
1.5.61955.18.2.1.2.1.10.6.15
1.5.62047.6.2.1.13.6.20.1
1.5.62109.11.2.1
1.5.62327.16.2.1.10.1.36.2
1.5.62391.12.2.1
1.5.62399.6.2.1.6
1.5.62713.28.2.1.3
1.5.62835.7.2.1.1
1.5.62884.8.2.1.4
1.5.62963.7.2.1.5
1.5.62964.10.2.1
1.5.63075.8.2.1.33
1.5.63136.8.2.1.27.4
1.5.63144.7.2.1
1.5.63446.9.2.1
1.5.63536.6.2.1
1.5.63765.28.2.1.6.4
1.5.63825.7.2.1.10.7.29
1.5.63841.21.2.1.3
1.5.63907.10.2.1.8.1.1
1.5.64038.15.2.1.2.2
1.5.64083.9.2.1
1.5.64248.10.2.1
1.5.64389.11.2.1.2.2.10
1.5.64399.9.2.1.3.3
1.5.64419.11.2.1.4.3.4.3.10
1.5.64508.12.2.1.22
1.5.64600.34.2.1.34.1.1.10
1.5.64798.12.2.1.17.2.6
1.5.64836.6.2.1.1.5.17.8
1.5.64859.7.2.1.8
1.5.64952.8.2.1.12.1.4
1.5.64979.19.2.1
1.5.65040.7.2.1.16.4
1.5.65057.12.2.1.1.1.50.5.11
1.5.65126.5.2.1.4.3
1.5.65133.7.2.1.12.6
1.5.65306.5.2.1.1.1
1.5.65380.19.2.1.21
1.5.65468.10.2.1
1.5.65534.14.2.1.2.1.2.2.20
1.5.65686.18.2.1.4.3
1.5.65754.7.2.1.5.6
1.5.65768.8.2.1.1.1
1.5.65882.7.2.1.26
1.5.65893.7.2.1.8.2.4.5
1.5.66009.8.2.1.4.1
1.5.66179.10.2.1.15.8.15
1.5.66206.6.2.1.28.5.5.5.21
1.5.66272.6.2.1.4.6.12.2.26
1.5.66336.8.2.1.2.3
1.5.66347.14.2.1.2.1.3.3.10
1.5.66567.6.2.1.2.15.37.1.13.1
1.5.66606.7.2.1.13.1.2.1.11
1.5.66761.11.2.1.2.1.1.1.34
1.5.66806.13.2.1.23.11.10.2
1.5.66949.5.2.1.7.1
1.5.66957.9.2.1.7.4.10.9.77
1.5.66958.12.2.1.11.8.21.14
1.5.66958.12.2.1.12.1.1.1
1.5.67078.7.2.1.7
1.5.67094.8.2.1.15.1.1
1.5.67162.9.2.1.30
1.5.67180.11.2.1.2
1.5.67216.10.2.1.3.2.2.6
1.5.67445.7.2.1.11
1.5.67457.8.2.1.4.1.2.1.1
1.5.67719.22.2.1.4.4.46.1
1.5.67821.8.2.1.7.2
1.5.67846.12.2.1.1.1.4.1.2
1.5.68233.9.2.1.5.2.10.7
1.5.68267.6.2.1.13.5
1.5.68358.6.2.1.16.5
1.5.68423.21.2.1
1.5.68664.11.2.1.8.2.17.2.7
1.5.68703.7.2.1.9.2
1.5.68742.7.2.1.8.1.8.2.11
1.5.69174.18.2.1.2.1.9.7.33
1.5.69266.6.2.1.13.6.20.1
1.5.69309.8.2.1.22.1
1.5.69528.16.2.1.10.1.21.2
1.5.69676.9.2.1
1.5.69897.21.2.1.6
1.5.70031.7.2.1.1
1.5.70073.14.2.1.6
1.5.70150.11.2.1.7
1.5.70246.10.2.1.12
1.5.70320.8.2.1.27.4
1.5.70328.7.2.1
1.5.70630.9.2.1
1.5.70713.6.2.1
1.5.70911.8.2.1.3.8.27.1
1.5.70997.10.2.1.5
1.5.71079.10.2.1.8.1.1
1.5.71186.7.2.1.7.3.1
1.5.71255.9.2.1.1.5.10.4
1.5.71410.10.2.1
1.5.71550.11.2.1.2.2.10
1.5.71560.9.2.1.3.3
1.5.71578.15.2.1.1
1.5.71643.8.2.1.1
1.5.71742.6.2.1.1.1
1.5.71962.12.2.1.19.2.6
1.5.72000.6.2.1.1.5.17.8
1.6.7.8.2.1.7.2.3.1.2
1.6.42.8.2.1.3.2.9
1.6.47.8.2.1.6
1.6.139.8.2.1
1.6.142.8.2.1
1.6.145.8.2.1.10.2.22.7.22
1.6.288.8.2.1.10.2
1.6.355.8.2.1.7.1.2.4
1.6.434.8.2.1.3.1.3.1
1.6.474.8.2.1.19.2
1.6.502.8.2.1.7
1.6.583.8.2.1.1.4.2.1
1.6.606.8.2.1.1.10
1.6.813.8.2.1.17.3
1.6.976.8.2.1.15.2.8.4
1.6.1014.8.2.1.14.2.4.8.25
1.6.1313.8.2.1.10.13.36.1
1.6.1385.8.2.1.1
1.6.1567.8.2.1.22.3.15
1.6.1571.8.2.1.28.3.28.1
1.6.1680.8.2.1.13.1.2.1.7
1.6.1944.8.2.1.2.1.1.1.10
1.6.1988.8.2.1.1
1.6.2156.8.2.1.6.1.3.2
1.6.2168.8.2.1.2
1.6.2513.8.2.1.2
1.6.2522.8.2.1
1.6.2548.8.2.1.3
1.6.2631.8.2.1.5
1.6.2647.8.2.1.14.9.18.4.19
1.6.2669.8.2.1.12.1.1
1.6.2732.8.2.1.2.1.5
1.6.2788.8.2.1.4.7.30.5
1.6.2837.8.2.1.26.1.29.9
1.6.2930.8.2.1.11
1.6.2950.8.2.1.1.1.23
1.6.2951.8.2.1.3.3
1.6.3243.8.2.1
1.6.3296.8.2.1.2.2.2.1.9
1.6.3327.8.2.1.16.2
1.6.3378.8.2.1.7.6
1.6.3397.8.2.1.1.4.7.2.6
1.6.3406.8.2.1.13.1.9.2.2
1.6.3441.8.2.1.15.5.61.11
1.6.3466.8.2.1
1.6.3866.8.2.1.48.3.43.2
1.6.3884.8.2.1.7.1.4.1.2.4
1.6.3953.8.2.1.8.3.11
1.6.3999.8.2.1.2.2
1.6.4000.8.2.1
1.6.4308.8.2.1.29.5
1.6.4365.8.2.1.21
1.6.4882.8.2.1.8.2
1.6.4905.8.2.1.20.12.34.8
1.6.4938.8.2.1.1.1.16
1.6.5022.8.2.1.20.1
1.6.5088.8.2.1.21.2.6.1
1.6.5235.8.2.1.9.5
1.6.5310.8.2.1.1
1.6.5340.8.2.1.1.2.8.3
1.6.5371.8.2.1
1.6.5488.8.2.1.5.4.15
1.6.5617.8.2.1.24.1
1.6.5879.8.2.1
1.6.5974.8.2.1.1
1.6.6045.8.2.1.4.4.8
1.6.6051.8.2.1
1.6.6053.8.2.1.2.2.4.1
1.6.6170.8.2.1.16.1.4.2.7
1.6.6256.8.2.1.5.3
1.6.6275.8.2.1.6
1.6.6413.8.2.1.5.3.5.2
1.6.6588.8.2.1.9
1.6.6603.8.2.1.1.1.1.1
1.6.6932.8.2.1.4.1.15.2
1.6.6983.8.2.1.8
1.6.7002.8.2.1.22
1.6.7053.8.2.1.10.1.2
1.6.7128.8.2.1
1.6.7248.8.2.1.12.3.3
1.6.7300.8.2.1.23
1.6.7407.8.2.1.5
1.6.7481.8.2.1.3.1.2.1
1.6.7602.8.2.1.31.4
1.6.7608.8.2.1.3.3.9
1.6.7639.8.2.1.15.1.2.1.3
1.6.7644.8.2.1.4.4
1.6.7664.8.2.1.31
1.6.7740.8.2.1.1.1.5
1.6.7861.8.2.1.16.2.2.5
1.6.8204.8.2.1.25.2.9.6
1.6.8204.8.2.1.26.3.13
1.6.8238.8.2.1.9
1.6.8287.8.2.1
1.6.8290.8.2.1.24.2.32.7.12
1.6.8433.8.2.1.10.2
1.6.8515.8.2.1.11.5
1.6.8524.8.2.1.4.2.3.2.12.26
1.6.8589.8.2.1
1.6.8598.8.2.1.6.3
1.6.8626.8.2.1
1.6.8661.8.2.1.26.2.24
1.6.9146.8.2.1.15.2.8.4
1.6.9184.8.2.1.14.2.4.8.25
1.6.9290.8.2.1
1.6.9454.8.2.1.7.7.9.9
1.6.9501.8.2.1.8.5.9.1
1.6.9776.8.2.1.22.3.15
1.6.9780.8.2.1.28.3.28.1
1.6.9900.8.2.1.2
1.6.10221.8.2.1.1
1.6.10390.8.2.1.7.2.4.3
1.6.10401.8.2.1.5.1.2
1.6.10743.8.2.1.2
1.6.10752.8.2.1
1.6.10778.8.2.1.3
1.6.10862.8.2.1.5
1.6.10878.8.2.1.8.1.1
1.6.10972.8.2.1.2.1.5
1.6.11071.8.2.1.26.1.29.9
1.6.11109.8.2.1.2.1
1.6.11163.8.2.1.7
1.6.11176.8.2.1.5.2.3.1.2
1.6.11337.8.2.1.13.2
1.6.11352.8.2.1.12.1.1.1.10
1.6.11467.8.2.1.9.3
1.6.11514.8.2.1.21.3
1.6.11562.8.2.1.16.2
1.6.11600.8.2.1.14.5.9.5.26.12
1.6.11603.8.2.1.3.1.1
1.6.11617.8.2.1.17.3
1.6.11636.8.2.1.1.4.7.2.6
1.6.11645.8.2.1.13.1.9.2.2
1.6.11680.8.2.1.15.5.61.11
1.6.12105.8.2.1.2.1.4.2
1.6.12107.8.2.1.2
1.6.12108.8.2.1
1.6.12131.8.2.1
1.6.12185.8.2.1.8.3.11
1.6.12222.8.2.1.2.2
1.6.12223.8.2.1
1.6.12290.8.2.1.1.1
1.6.12386.8.2.1.1.1
1.6.12532.8.2.1.29.5
1.6.12589.8.2.1.21
1.6.12683.8.2.1.1.1.16
1.6.12993.8.2.1
1.6.13123.8.2.1.8.2
1.6.13146.8.2.1.20.12.34.8
1.6.13179.8.2.1.1.1.16
1.6.13224.8.2.1
1.6.13331.8.2.1.21.2.6.1
1.6.13460.8.2.1.9.5
1.6.13534.8.2.1.1
1.6.13564.8.2.1.1.2.8.3
1.6.13595.8.2.1
1.6.13708.8.2.1.5.4.15
1.6.14079.8.2.1
1.6.14174.8.2.1.1
1.6.14256.8.2.1.1
1.6.14360.8.2.1
1.6.14374.8.2.1.4
1.6.14462.8.2.1.5.3
1.6.14481.8.2.1.6
1.6.14726.8.2.1.16.3.6
1.6.14810.8.2.1
1.6.15235.8.2.1.3.2.9
1.6.15242.8.2.1.19.5
1.6.15251.8.2.1.14.1.1
1.6.15292.8.2.1.6.1.2
1.6.15359.8.2.1
1.6.15479.8.2.1.12.3.3
1.6.15531.8.2.1.23
1.6.15640.8.2.1.4
1.6.15692.8.2.1.2.5.10.2
1.6.15713.8.2.1.11.10
1.6.15841.8.2.1.31.4
1.6.15846.8.2.1.11.1.1.1.68
1.6.15865.8.2.1.24
1.6.15887.8.2.1.3.1.2
1.6.15963.8.2.1.1.1.5
1.6.16094.8.2.1.16.2.2.5
1.6.16425.8.2.1.3.2.9
1.6.16464.8.2.1.2.4.5
1.6.16518.8.2.1.30.1
1.6.16519.8.2.1.35.4.12.1.1
1.6.16522.8.2.1
1.6.16661.8.2.1.10.2
1.6.16743.8.2.1.11.5
1.6.16752.8.2.1.4.2.3.2.12.61
1.6.16836.8.2.1.9.3
1.6.16864.8.2.1
1.6.16899.8.2.1.26.2.24
1.6.17004.8.2.1.1.1
1.6.17355.8.2.1.13.3.7.9
1.6.17495.8.2.1
1.6.17718.8.2.1.14.9.23.1
1.6.17999.8.2.1.22.3.15
1.6.18003.8.2.1.28.3.28.1
1.6.18117.8.2.1.14.1.2.1.15
1.6.18212.8.2.1
1.6.18431.8.2.1
1.6.18587.8.2.1.7.2.4.3
1.6.18598.8.2.1.5.1.2
1.6.18626.8.2.1.2.1.3.1.1.9
1.6.18964.8.2.1.2
1.6.18973.8.2.1
1.6.18999.8.2.1.3
1.6.19092.8.2.1.11
1.6.19103.8.2.1.5.2.8
1.6.19200.8.2.1.2.1.5
1.6.19256.8.2.1.4.7.30.5
1.6.19303.8.2.1.26.1.29.9
1.6.19343.8.2.1.2.1
1.6.19396.8.2.1.12.1.2
1.6.19407.8.2.1.1.1.18
1.6.19408.8.2.1.3.3
1.6.19560.8.2.1.19.2
1.6.19575.8.2.1.11.1.1.1.10
1.6.19687.8.2.1.9.3
1.6.19734.8.2.1.21.3
1.6.19788.8.2.1.13.4.12.4
1.6.19820.8.2.1.4.3.10.1
1.6.19824.8.2.1.2.1.2.1.5
1.6.19837.8.2.1.22.3
1.6.19856.8.2.1.1.4.7.2.6
1.6.20287.8.2.1.2.1.6
1.6.20287.8.2.1.4.3.11
1.6.20362.8.2.1.8.3.11
1.6.20399.8.2.1.2.2
1.6.20400.8.2.1
1.6.20478.8.2.1.1.1
1.6.20665.8.2.1.21.3.9
1.6.20775.8.2.1.3.1
1.6.20813.8.2.1.7.1.2.2
1.6.21121.8.2.1.4.4
1.6.21299.8.2.1.8.2
1.6.21322.8.2.1.20.12.34.8
1.6.21518.8.2.1.21.2.6.1
1.6.21645.8.2.1.9.5
1.6.21718.8.2.1.1
1.6.21748.8.2.1.1.2.8.3
1.6.21779.8.2.1
1.6.21864.8.2.1.4.1.3.3.20
1.6.21890.8.2.1.14.9.32
1.6.22263.8.2.1
1.6.22358.8.2.1.1
1.6.22430.8.2.1.1
1.6.22566.8.2.1.4.3.16
1.6.22658.8.2.1.5.3
1.6.22677.8.2.1.6
1.6.22813.8.2.1.5.3.5.2
1.6.22906.8.2.1.16.3.6
1.6.22993.8.2.1.9
1.6.23008.8.2.1.1.1.1.1
1.6.23194.8.2.1.13.4
1.6.23395.8.2.1.18.5
1.6.23404.8.2.1.14.1.1
1.6.23445.8.2.1.6.1.2
1.6.23603.8.2.1.3.2.5
1.6.23704.8.2.1.33
1.6.23715.8.2.1.18.5.10.1.24
1.6.23715.8.2.1.19.6.13
1.6.24011.8.2.1.31.4
1.6.24017.8.2.1.3.3.9
1.6.24048.8.2.1.15.1.2.1.3
1.6.24053.8.2.1.4.4
1.6.24072.8.2.1.3
1.6.24161.8.2.1.2.2.4
1.6.24274.8.2.1.16.2.2.5
1.6.24587.8.2.1.3.8
1.6.24629.8.2.1.3.2.9
1.6.24634.8.2.1.6
1.6.24729.8.2.1.30.1
1.6.24730.8.2.1.35.4.12.1.1
1.6.24733.8.2.1
1.6.24872.8.2.1.10.2
1.6.24946.8.2.1.4.1.4.2.8.24
1.6.24948.8.2.1.3.2.6.6.24.2
1.6.25006.8.2.1.3.1.3.1
1.6.25046.8.2.1.19.2
1.6.25074.8.2.1.7
1.6.25384.8.2.1.17.3
1.6.25541.8.2.1.13.3.7.9
1.6.25577.8.2.1.14.2.4.8.38
1.6.25671.8.2.1
1.6.25825.8.2.1.26.6.4
1.6.25884.8.2.1.8.5.9.1
1.6.26168.8.2.1.22.3.15
1.6.26172.8.2.1.28.3.28.1
1.6.26385.8.2.1.16.4
1.6.26548.8.2.1.2.1.1.1.10
1.6.26592.8.2.1.1
1.6.26796.8.2.1.2
1.6.26994.8.2.1.4.2
1.6.27142.8.2.1.2
1.6.27151.8.2.1
1.6.27177.8.2.1.3
1.6.27270.8.2.1.11
1.6.27281.8.2.1.5.2.8
1.6.27377.8.2.1.2.1.5
1.6.27433.8.2.1.4.7.30.5
1.6.27480.8.2.1.26.1.29.9
1.6.27520.8.2.1.2.1
1.6.27580.8.2.1.13.3.10.2.3
1.6.27593.8.2.1.1.1.18
1.6.27594.8.2.1.3.3
1.6.27989.8.2.1.13.4.12.4
1.6.28021.8.2.1.4.3.10.1
1.6.28025.8.2.1.2.1.2.1.5
1.6.28038.8.2.1.22.3
1.6.28057.8.2.1.1.4.7.2.6
1.6.28066.8.2.1.13.1.9.2.2
1.6.28101.8.2.1.15.5.61.11
1.6.28126.8.2.1
1.6.28516.8.2.1
1.6.28547.8.2.1.7.1.4.1.2.17
1.6.28616.8.2.1.8.3.11
1.6.28662.8.2.1.2.2
1.6.28663.8.2.1
1.6.28731.8.2.1
1.6.28743.8.2.1.1.1
1.6.28843.8.2.1
1.6.28940.8.2.1.21.3.9
1.6.29044.8.2.1.21
1.6.29110.8.2.1.16.1
1.6.29201.8.2.1
1.6.29495.8.2.1
1.6.29611.8.2.1.8.2
1.6.29634.8.2.1.20.12.34.8
1.6.29667.8.2.1.1.1.16
1.6.29712.8.2.1
1.6.29810.8.2.1
1.6.29826.8.2.1.21.2.6.1
1.6.29953.8.2.1.9.5
1.6.30027.8.2.1.1
1.6.30057.8.2.1.1.2.8.3
1.6.30088.8.2.1
1.6.30163.8.2.1.4.1.3.3.18
1.6.30189.8.2.1.14.9.32
1.6.30311.8.2.1.24.1
1.6.30555.8.2.1
1.6.30650.8.2.1.1
1.6.30726.8.2.1.26.2.9
1.6.30732.8.2.1
1.6.30734.8.2.1.2.2.4.1
1.6.30851.8.2.1.16.1.4.2.7
1.6.30940.8.2.1.1.1.11.3
1.6.30958.8.2.1
1.6.31196.8.2.1.16.3.6
1.6.31279.8.2.1.9
1.6.31355.8.2.1.7.2.5
1.6.31393.8.2.1
1.6.31611.8.2.1.3.1.7.2
1.6.31689.8.2.1.3.2.9
1.6.31696.8.2.1.19.5
1.6.31705.8.2.1.14.1.1
1.6.31796.8.2.1
1.6.31888.8.2.1.4.3.6
1.6.31899.8.2.1
1.6.31911.8.2.1.7.4.12.2.63
1.6.31974.8.2.1.33
1.6.32081.8.2.1.5
1.6.32155.8.2.1.3.1.2.1
1.6.32276.8.2.1.31.4
1.6.32282.8.2.1.3.3.9
1.6.32313.8.2.1.15.1.2.1.3
1.6.32318.8.2.1.4.4
1.6.32338.8.2.1.31
1.6.32416.8.2.1.2.2.4
1.6.32543.8.2.1.12.1.4.1
1.6.32552.8.2.1.14
1.6.32637.8.2.1.6.2.6.2
1.6.32878.8.2.1.15
1.6.32950.8.2.1
1.6.32953.8.2.1
1.6.32956.8.2.1.10.2.24.3.5
1.6.33099.8.2.1.10.2
1.6.33175.8.2.1.11.5
1.6.33184.8.2.1.4.2.3.2.12.113
1.6.33253.8.2.1
1.6.33262.8.2.1.6.3
1.6.33290.8.2.1
1.6.33325.8.2.1.26.2.24
1.6.33645.8.2.1.17.3
1.6.33769.8.2.1.4.3.4.3
1.6.33799.8.2.1.6.6.10.3
1.6.33834.8.2.1.14.2.4.8.25
1.6.33917.8.2.1
1.6.34147.8.2.1.14.9.23.1
1.6.34219.8.2.1.1
1.6.34404.8.2.1.22.3.15
1.6.34408.8.2.1.28.3.28.1
1.6.34526.8.2.1.14.1.2.1.2
1.6.34613.8.2.1
1.6.34815.8.2.1
1.6.34834.8.2.1.16.4
1.6.34994.8.2.1.2
1.6.35335.8.2.1.2
1.6.35344.8.2.1
1.6.35370.8.2.1.3
1.6.35463.8.2.1.11
1.6.35474.8.2.1.5.2.8
1.6.35721.8.2.1.2.1
1.6.35782.8.2.1.13.3.10.2.3
1.6.35795.8.2.1.6
1.6.35931.8.2.1.5.3.9.4.35
1.6.35944.8.2.1.20.2
1.6.35959.8.2.1.11.1.1.1.10
1.6.36130.8.2.1.2.2.2.1.9
1.6.36161.8.2.1.16.2
1.6.36215.8.2.1.7.6
1.6.36234.8.2.1.1.4.7.2.6
1.6.36702.8.2.1.2.1.4.2
1.6.36704.8.2.1.2
1.6.36705.8.2.1
1.6.36728.8.2.1
1.6.36777.8.2.1.8.3.11
1.6.36823.8.2.1.2.2
1.6.36824.8.2.1
1.6.36890.8.2.1
1.6.36902.8.2.1.1.1
1.6.37000.8.2.1.1.1
1.6.37208.8.2.1.3.1
1.6.37635.8.2.1
1.6.37767.8.2.1.8.2
1.6.37790.8.2.1.20.12.34.8
1.6.37988.8.2.1.21.2.6.1
1.6.38120.8.2.1.9.5
1.6.38191.8.2.1.1
1.6.38221.8.2.1.1.2.8.3
1.6.38252.8.2.1
1.6.38357.8.2.1.4
1.6.38362.8.2.1.12.2
1.6.38487.8.2.1.24.1
1.6.38734.8.2.1
1.6.38778.8.2.1.7.2.7.4
1.6.38829.8.2.1.1.1.8
1.6.38875.8.2.1
1.6.38901.8.2.1.2.1.17
1.6.39024.8.2.1.16.1.4.2.7
1.6.39123.8.2.1.5.3
1.6.39142.8.2.1.6
1.6.39288.8.2.1.5.3.5.2
1.6.39381.8.2.1.16.3.6
1.6.39462.8.2.1
1.6.39690.8.2.1.13.4
1.6.39910.8.2.1.3.2.9
1.6.39917.8.2.1.19.5
1.6.39926.8.2.1.14.1.1
1.6.39965.8.2.1.10.1.2
1.6.40129.8.2.1.4.3.6
1.6.40140.8.2.1
1.6.40152.8.2.1.7.4.12.2.63
1.6.40204.8.2.1.24
1.6.40215.8.2.1.18.5.10.1.27
1.6.40215.8.2.1.19.6.13
1.6.40319.8.2.1.4
1.6.40393.8.2.1.3.1.2.1
1.6.40514.8.2.1.31.4
1.6.40520.8.2.1.3.3.9
1.6.40551.8.2.1.15.1.2.1.3
1.6.40556.8.2.1.4.4
1.6.40575.8.2.1.3
1.6.40651.8.2.1.2.2.4
1.6.40770.8.2.1.16.2.2.5
1.6.41090.8.2.1.3.8
1.6.41133.8.2.1.2
1.6.41242.8.2.1.30.1
1.6.41243.8.2.1.35.4.12.1.1
1.6.41384.8.2.1.10.2
1.6.41466.8.2.1.7.1.2.4
1.6.41544.8.2.1
1.6.41553.8.2.1.6.3
1.6.41581.8.2.1
1.6.41616.8.2.1.26.2.24
1.6.41701.8.2.1.1.1
1.6.42050.8.2.1
1.6.42073.8.2.1.10.2.6.2
1.6.42119.8.2.1.4
1.6.42211.8.2.1
1.6.42228.8.2.1.15.1.4.2.10
1.6.42727.8.2.1.22.3.15
1.6.42731.8.2.1.28.3.28.1
1.6.43161.8.2.1.1
1.6.43344.8.2.1.7.2.4.3
1.6.43355.8.2.1.5.1.2
1.6.43375.8.2.1
1.6.43706.8.2.1.2
1.6.43715.8.2.1
1.6.43741.8.2.1.3
1.6.43834.8.2.1.11
1.6.43845.8.2.1.5.2.8
1.6.43943.8.2.1.2.1.5
1.6.44042.8.2.1.26.1.29.9
1.6.44080.8.2.1.2.1
1.6.44122.8.2.1.7
1.6.44135.8.2.1.5.2.3.1.2
1.6.44298.8.2.1.13.2
1.6.44313.8.2.1.12.1.1.1.10
1.6.44425.8.2.1.9.3
1.6.44484.8.2.1.2.2.2.1.9
1.6.44515.8.2.1.16.2
1.6.44553.8.2.1.14.5.9.5.26.12
1.6.44556.8.2.1.3.1.1
1.6.44570.8.2.1.17.3
1.6.44589.8.2.1.1.4.7.2.6
1.6.44598.8.2.1.13.1.9.2.2
1.6.44633.8.2.1.15.5.61.11
1.6.44658.8.2.1
1.6.45059.8.2.1.2.1.4.2
1.6.45061.8.2.1.2
1.6.45062.8.2.1
1.6.45154.8.2.1.8.3.11
1.6.45200.8.2.1.2.2
1.6.45201.8.2.1
1.6.45261.8.2.1
1.6.45273.8.2.1.1.1
1.6.45373.8.2.1.1.1
1.6.45560.8.2.1.21
1.6.45599.8.2.1.3
1.6.45964.8.2.1
1.6.46080.8.2.1.8.2
1.6.46103.8.2.1.20.12.34.8
1.6.46181.8.2.1
1.6.46288.8.2.1.21.2.6.1
1.6.46508.8.2.1.1.2.8.3
1.6.46539.8.2.1
1.6.46652.8.2.1.5.4.15
1.6.47017.8.2.1
1.6.47112.8.2.1.1
1.6.47160.8.2.1
1.6.47186.8.2.1.2.1.17
1.6.47315.8.2.1.16.1.4.2.7
1.6.47320.8.2.1
1.6.47562.8.2.1.5.3.5.2
1.6.47655.8.2.1.16.3.6
1.6.47736.8.2.1
1.6.47917.8.2.1.13.4
1.6.48268.8.2.1
1.6.48360.8.2.1.4.3.6
1.6.48371.8.2.1
1.6.48383.8.2.1.7.4.12.2.63
1.6.48435.8.2.1.20
1.6.48542.8.2.1.5
1.6.48594.8.2.1.2.5.10.2
1.6.48615.8.2.1.11.10
1.6.48743.8.2.1.31.4
1.6.48749.8.2.1.3.3.9
1.6.48780.8.2.1.15.1.2.1.3
1.6.48785.8.2.1.4.4
1.6.48805.8.2.1.31
1.6.48878.8.2.1.2.2.4
1.6.48978.8.2.1.16.2.2.5
1.6.49306.8.2.1.3.2.6
1.6.49411.8.2.1.30.1
1.6.49412.8.2.1.35.4.12.1.1
1.6.49552.8.2.1.10.2
1.6.49634.8.2.1.7.1.2.4
1.6.49713.8.2.1.3.1.3.1
1.6.49782.8.2.1.5.2.5.2.54
1.6.50091.8.2.1.17.3
1.6.50242.8.2.1.13.3.7.9
1.6.50278.8.2.1.14.2.4.8.38
1.6.50382.8.2.1
1.6.50683.8.2.1.1
1.6.50761.8.2.1.3.2.2
1.6.50852.8.2.1.22.3.15
1.6.50856.8.2.1.28.3.28.1
1.6.51072.8.2.1
1.6.51275.8.2.1.1
1.6.51443.8.2.1.6.1.3.2
1.6.51452.8.2.1.4
1.6.51483.8.2.1.2.1.3.1.1.10
1.6.51664.8.2.1.4.2
1.6.51675.8.2.1.21
1.6.51686.8.2.1.1
1.6.51811.8.2.1.2
1.6.51820.8.2.1
1.6.51846.8.2.1.3
1.6.51930.8.2.1.5
1.6.51946.8.2.1.14.9.18.4.19
1.6.51968.8.2.1.12.1.1
1.6.52031.8.2.1.2.1.5
1.6.52087.8.2.1.4.7.30.5
1.6.52136.8.2.1.26.1.29.9
1.6.52174.8.2.1.2.1
1.6.52224.8.2.1.33.4.6
1.6.52238.8.2.1.3.2.18
1.6.52250.8.2.1.17.4.19.1.1
1.6.52390.8.2.1.13.2
1.6.52405.8.2.1.12.1.1.1.10
1.6.52567.8.2.1.21.3
1.6.52619.8.2.1.16.2
1.6.52657.8.2.1.14.5.9.5.26.12
1.6.52660.8.2.1.3.1.1
1.6.52674.8.2.1.17.3
1.6.52693.8.2.1.1.4.7.2.6
1.6.52726.8.2.1.6.3.10.3
1.6.53116.8.2.1.47.3.41.2
1.6.53137.8.2.1.5.1.5.2.7
1.6.53163.8.2.1
1.6.53217.8.2.1.8.3.11
1.6.53263.8.2.1.2.2
1.6.53264.8.2.1
1.6.53337.8.2.1.1.1
1.6.53433.8.2.1.1.1
1.6.53547.8.2.1.21.3.9
1.6.53651.8.2.1.21
1.6.54101.8.2.1
1.6.54258.8.2.1.5.4.5.1
1.6.54440.8.2.1.21.2.6.1
1.6.54643.8.2.1.1.2.8.3
1.6.54674.8.2.1
1.6.54755.8.2.1.4.1.3.3.18
1.6.54781.8.2.1.14.9.32
1.6.54904.8.2.1.24.1
1.6.55170.8.2.1
1.6.55258.8.2.1.1
1.6.55332.8.2.1.2.1.17
1.6.55338.8.2.1
1.6.55452.8.2.1.4
1.6.55548.8.2.1.5.3
1.6.55567.8.2.1.6
1.6.55705.8.2.1.5.3.5.2
1.6.55798.8.2.1.16.3.6
1.6.55868.8.2.1.16.1.1
1.6.55973.8.2.1.1
1.6.56233.8.2.1.4.1.15.2
1.6.56287.8.2.1.5.2.5
1.6.56309.8.2.1.7.7.11
1.6.56378.8.2.1
1.6.56512.8.2.1.4.3.6
1.6.56523.8.2.1
1.6.56535.8.2.1.7.4.12.2.63
1.6.56543.8.2.1.13.2.3.1.65
1.6.56590.8.2.1.23
1.6.56601.8.2.1.18.5.10.1.23
1.6.56601.8.2.1.19.6.13
1.6.56705.8.2.1.4
1.6.56757.8.2.1.2.5.10.2
1.6.56778.8.2.1.11.10
1.6.56898.8.2.1.31.4
1.6.56904.8.2.1.3.3.9
1.6.56935.8.2.1.15.1.2.1.3
1.6.56940.8.2.1.4.4
1.6.56964.8.2.1.5
1.6.57056.8.2.1.2.2.4
1.6.57188.8.2.1.16.2.2.5
1.6.57528.8.2.1.25.2.9.6
1.6.57528.8.2.1.26.3.13
1.6.57564.8.2.1.2.4.5
1.6.57613.8.2.1
1.6.57616.8.2.1
1.6.57619.8.2.1.10.2.22.7.76
1.6.57648.8.2.1.1.1.6.1
1.6.57762.8.2.1.10.2
1.6.57844.8.2.1.11.5
1.6.57853.8.2.1.4.2.3.2.12.28
1.6.57922.8.2.1
1.6.57931.8.2.1.6.3
1.6.57959.8.2.1
1.6.57994.8.2.1.26.2.24
1.6.58217.8.2.1.1.1.11
1.6.58304.8.2.1.17.3
1.6.58447.8.2.1.13.3.7.9
1.6.58483.8.2.1.14.2.4.8.38
