1.1.1.3.33.2.9.8.4
1.1.1.51.10.3.4
1.1.1.110.5.1.6.2.5.1
1.1.1.171.11.2.15.5
1.1.1.247.5.1
1.1.1.339.22.1.4.6
1.1.1.341.45.4.24
1.1.1.401.5.1.11.9.13.1.4
1.1.1.461.17.2.4
1.1.1.529.9.1.4.3
1.1.1.607.16.1.7
1.1.1.692.14.2.16.2
1.1.1.710.16.1.11.8
1.1.1.833.23.1.16.1.2
1.1.1.833.32.2.24.4
1.1.1.939.5.1.4
1.1.1.965.5.1
1.1.1.991.14.4.12.8
1.1.1.999.10.2.4.2.1
1.1.1.1080.19.2.4.13
1.1.1.1131.5.1.2.1
1.1.1.1207.27.1.17.5
1.1.1.1320.15
1.1.1.1419.3
1.1.1.1421.5.1.5.1.4
1.1.1.1422.11.1.12
1.1.1.1465.5.1.3.3
1.1.1.1532.5.1.1.1
1.1.1.1547.21.3.12.15.13
1.1.1.1641.19.2.4.1
1.1.1.1670.5.1.10.6
1.1.1.1686.17.3.11
1.1.1.1904.5.1.8.14
1.1.1.1955.5.1.1
1.1.1.2017.5.1.4.1.3.2.6
1.1.1.2027.5.1.1.1.5.4.11
1.1.1.2248.21.4.4.10
1.1.1.2310.8.1.7
1.1.1.2380.5.1.2.1
1.1.1.2420.13.4
1.1.1.2481.19.3.4.2.2
1.1.1.2513.5.1.21
1.1.1.2628.5.1.2
1.1.1.2673.5.1.7.1.10.1.2
1.1.1.2783.5.1.5.1.1.1
1.1.1.2786.16.2
1.1.1.2815.9.3.4
1.1.1.2835.18.3
1.1.1.2882.21.1.15.4
1.1.1.2907.9.1.17.24
1.1.1.2930.5.1.14
1.1.1.2945.5.1.6
1.1.1.3061.5.1.15
1.1.1.3096.3
1.1.1.3112.5.1.8.2.3.1.2.8
1.1.1.3181.5.1.4.4.11
1.1.1.3207.16
1.1.1.3239.8.2.8.6
1.1.1.3241.24.3.10.6
1.1.1.3257.5.1.23.1.2.2.6.1
1.1.2.3329.5.1.4.17.13.5
1.1.2.3381.5.1
1.1.2.3398.8.2.11.4
1.1.2.3430.17.1.5
1.1.2.3520.34.2.14.4
1.1.2.3616.6
1.1.2.3621.5.1.1.3.2
1.1.2.3675.5.1.6.3
1.1.2.3739.11.2.9.4
1.1.2.3741.25.2.20.5.13
1.1.2.3753.16.1.5
1.1.2.3755.5.1.8
1.1.2.3841.5.1.16
1.1.2.3950.5.1.7.9.25
1.1.2.4045.5.1.10.1
1.1.2.4081.28.1.4.2.10
1.1.2.4086.18
1.1.2.4262.57.5.10.1.2.1
1.1.2.4276.5.1.8.1
1.1.2.4335.15.2.8
1.1.2.4370.13.3.15
1.1.2.4379.17.2.6.3.7
1.1.2.4400.5.1.2.2
1.1.2.4415.5.1.4
1.1.2.4700.5.1.29
1.1.2.4756.22.2.26.1.20
1.1.2.4769.27.1.13.3
1.1.2.4805.18.4.4.1
1.1.2.4880.5.1.13
1.1.2.4894.9.3.4.13
1.1.2.4908.5.1
1.1.2.5080.22.1.20.7
1.1.2.5104.8.1.4
1.1.2.5209.5.1
1.1.2.5425.10.3.4
1.1.2.5504.16.3.10
1.1.2.5591.8.3.13
1.1.2.5611.5.1
1.1.2.5694.5.1.3.1.64
1.1.2.5752.9.1.4
1.1.2.5770.5.1.13.17.11
1.1.2.5801.5.1.11.9.13.1.4
1.1.2.5861.5.1.2.1
1.1.2.5920.9.1.4.3
1.1.2.6000.5.1.4
1.1.2.6082.14.2.16.2
1.1.2.6100.16.1.11.8
1.1.2.6218.5.1
1.1.2.6228.14.2.9.15.6
1.1.2.6349.5.1
1.1.2.6375.14.4.12.8
1.1.2.6383.10.2.4.2.1
1.1.2.6445.5.1.7.1.39
1.1.2.6478.19.2.4.13
1.1.2.6523.5.1.2.1
1.1.2.6599.27.1.17.5
1.1.2.6802.14.1.13
1.1.2.6901.5.1.1.1
1.1.2.6916.21.3.12.15.13
1.1.2.7010.19.2.4.1
1.1.2.7054.17.3.11
1.1.2.7121.5.1.29.1
1.1.2.7309.5.1.2.2.3
1.1.2.7309.9.4.4
1.1.2.7342.5.1.1
1.1.2.7404.5.1.4.1.3.2.6
1.1.2.7414.5.1.1.1.5.4.11
1.1.2.7642.22.2.14
1.1.2.7666.11.1.16.14
1.1.2.7720.5.1.8.1.23.10
1.1.2.7779.5.1.2.1
1.1.2.7820.13.4
1.1.2.7868.5.1.3.4
1.1.2.7878.5.1.14.3
1.1.2.7910.5.1.21
1.1.2.8026.5.1.8.3.4.2.4
1.1.2.8076.5.1.7.1.10.1.2
1.1.2.8174.5.1.1.1.12.4
1.1.2.8207.9.3.4
1.1.2.8227.18.3
1.1.2.8274.21.1.15.4
1.1.2.8318.5.1.3.2
1.1.2.8326.16.2.11.1.19.2.39
1.1.2.8339.5.1.6
1.1.2.8455.5.1.15
1.1.2.8490.3
1.1.2.8506.5.1.8.2.3.1.2.8
1.1.2.8577.5.1.2.1.3.1.37
1.1.2.8610.5.1
1.1.2.8613.5.1.14.1.3.3.67
1.1.2.8656.41.1.9.29.7
1.1.2.8704.13.2.9
1.1.2.8804.8.2.11.4
1.1.2.8829.17.1.5
1.1.2.8852.5.1.5.3.8.5.9
1.1.2.9022.6
1.1.2.9027.5.1.1.3.2
1.1.2.9164.15.2.5.2.2.1.13.6
1.1.2.9165.5.1.8.5.18
1.1.2.9175.10.2.11.13.9
1.1.2.9263.5.1.10.6.19
1.1.2.9272.5.1.3.1
1.1.2.9378.13.2.8.6
1.1.2.9393.3
1.1.2.9486.13.3.29.1
1.1.2.9516.28.1.4.2.18
1.1.2.9521.18
1.1.2.9626.10.2.4.4
1.1.2.9634.14.2.10.6
1.1.2.9689.57.5.10.1.2.1
1.1.2.9760.5.1.2.4.23
1.1.2.9785.5.1
1.1.2.9803.5.1.6
1.1.2.9808.5.1.12.10.21
1.1.2.9830.5.1
1.1.2.9833.25.1.9.2
1.1.2.9849.13.1.6.9
1.1.2.10077.9.1.4
1.1.2.10166.36.4.8.2
1.1.2.10202.10.2.18
1.1.2.10209.5.1.1.1.5
1.1.2.10228.22.2.26.1.20
1.1.2.10242.5.1.2.1.6
1.1.2.10279.18.4.4.1
1.1.2.10359.5.1.13
1.1.2.10373.9.3.4.13
1.1.2.10572.5.1.5.1.4.1
1.1.2.10589.8.1.4
1.1.2.10615.5.1.1.15
1.1.2.10779.5.1
1.1.2.10930.24
1.1.2.10975.5.1.6.2.5.1
1.1.2.11036.11.2.15.5
1.1.2.11213.45.4.24
1.1.2.11249.13.2.6.5.22
1.1.2.11300.5.1
1.1.2.11335.5.1
1.1.2.11342.17.2.4
1.1.2.11408.9.1.4.3
1.1.2.11491.5.1.4
1.1.2.11578.14.2.16.2
1.1.2.11596.16.1.11.8
1.1.2.11656.18.4.8
1.1.2.11671.5.1.2.3
1.1.2.11672.16.2.7.1
1.1.2.11720.13.5.18
1.1.2.11721.9.1.6.13
1.1.2.11794.16.2.12
1.1.2.11834.14.4.12.8
1.1.2.11842.10.2.4.2.1
1.1.2.11900.5.1.7.1.14
1.1.2.11934.5.1.20
1.1.2.11976.5.1.2.1
1.1.2.12051.27.1.17.5
1.1.2.12254.19.1.12.6
1.1.2.12362.5.1.1.1
1.1.2.12377.21.3.12.15.13
1.1.2.12469.19.2.4.1
1.1.2.12490.14.2.5.2
1.1.2.12499.26
1.1.2.12515.17.3.11
1.1.2.12570.5.1.29.1
1.1.2.12760.5.1.3.3.9.2.36
1.1.2.12786.5.1.1
1.1.2.12846.15.4.7.2.16
1.1.2.12998.16.1.5
1.1.2.13021.16.2
1.1.2.13055.21.4.4.10
1.1.2.13171.35.2.21.1.66.2
1.1.2.13234.13.4
1.1.2.13301.19.3.4.2.2
1.1.2.13333.5.1.21
1.1.2.13407.5.1.2
1.1.2.13422.5.1.2
1.1.2.13444.5.1.3.1.1
1.1.2.13451.5.1.1.1.13
1.1.2.13563.5.1.1.1.12.4
1.1.2.13594.9.3.4
1.1.2.13615.18.3
1.1.2.13662.21.1.15.4
1.1.2.13716.14
1.1.2.13853.5.1.15
1.1.2.13888.3
1.1.2.13904.5.1.8.2.3.1.2.8
1.1.2.13973.5.1.4.4.11
1.1.2.13981.8.2.8
1.1.2.14004.5.1.5.3.6.1.9
1.1.2.14174.5.1
1.1.2.14191.8.2.11.4
1.1.2.14212.14.4
1.1.2.14309.34.2.14.4
1.1.2.14411.23.1.4
1.1.2.14412.10.1.9
1.1.2.14537.12.1.7.10
1.1.2.14560.33.1.8
1.1.2.14562.5.1.1.2
1.1.2.14563.24.1.4.10
1.1.2.14573.5.1.30
1.1.2.14658.5.1.16
1.1.2.14747.13.2.8.6
1.1.2.14762.3
1.1.2.14856.13.3.29.1
1.1.2.14886.28.1.4.2.18
1.1.2.15007.10.2.4.4
1.1.2.15015.14.2.10.6
1.1.2.15070.36.5.10.1.2.1
1.1.2.15084.5.1.8.1
1.1.2.15142.5.1.2.4.23
1.1.2.15167.5.1
1.1.2.15185.5.1.6
1.1.2.15190.5.1.12.10.21
1.1.2.15212.5.1
1.1.2.15215.25.1.9.2
1.1.2.15231.13.1.6.9
1.1.3.15459.9.1.4
1.1.3.15532.47.1.34.14
1.1.3.15545.36.4.8.2
1.1.3.15581.10.2.18
1.1.3.15588.5.1.1.1.5
1.1.3.15606.18.2.13.3.11
1.1.3.15673.5.1.3.3.7.7.75
1.1.3.15727.5.1.1.1.17.2
1.1.3.15733.5.1.12
1.1.3.15747.9.3.4.13
1.1.3.15761.5.1
1.1.3.15814.6
1.1.3.15915.5.1.12
1.1.3.15945.5.1.5.1.4.1
1.1.3.15962.8.1.4
1.1.3.16050.5.1
1.1.3.16071.16.3.6.6
1.1.3.16214.11
1.1.3.16312.5.1.6.2.5.1
1.1.3.16373.11.2.15.5
1.1.3.16552.5.1.7.10.7.1.8
1.1.3.16628.5.1.11.9.13.1.5
1.1.3.16685.26
1.1.3.16718.25.3.6.1
1.1.3.16816.16.1.7
1.1.3.17040.13.5.18
1.1.3.17041.9.1.6.13
1.1.3.17128.5.1.4
1.1.3.17154.5.1
1.1.3.17180.14.4.12.8
1.1.3.17188.10.2.4.2.1
1.1.3.17277.5.1.20
1.1.3.17312.5.1.2.1
1.1.3.17388.9.2.9.19
1.1.3.17606.3
1.1.3.17608.5.1.5.1.4
1.1.3.17609.11.1.12
1.1.3.17653.36.1.10
1.1.3.17740.21.3.12.15.13
1.1.3.17826.19.2.4.1
1.1.3.17874.35.1.4.3
1.1.3.17926.5.1.20.1
1.1.3.18118.5.1.3.3.9.2.36
1.1.3.18162.5.1.1
1.1.3.18224.5.1.5.8.10.4.12
1.1.3.18237.5.1.18
1.1.3.18265.5.1.15.1.4.1.25
1.1.3.18456.21.4.4.10
1.1.3.18518.8.1.7
1.1.3.18537.5.1.8.1.23.10
1.1.3.18596.5.1.2.1
1.1.3.18637.13.4
1.1.3.18696.5.1.7.2
1.1.3.18742.5.1.1
1.1.3.18825.5.1.2
1.1.3.18840.5.1.2
1.1.3.18862.5.1.3.1.1
1.1.3.18869.5.1.1.1.13
1.1.3.18982.5.1.1.1.12.4
1.1.3.19013.9.3.4
1.1.3.19034.18.3
1.1.3.19081.21.1.15.4
1.1.3.19106.9.1.17.24
1.1.3.19124.5.1.2.1
1.1.3.19132.5.1.9.2.25.4.19
1.1.3.19258.5.1.15
1.1.3.19293.3
1.1.3.19309.5.1.8.2.3.1.2.8
1.1.3.19380.5.1.2.1.3.1.37
1.1.3.19435.5.1.1
1.1.3.19525.13.2.9
1.1.3.19548.5.1
1.1.3.19630.8.2.11.4
1.1.3.19651.14.4
1.1.3.19851.6
1.1.3.19856.5.1.1.3.2
1.1.3.19926.5.1.6.3
1.1.3.19964.12.1.7.10
1.1.3.19984.5.1
1.1.3.19993.5.1.12.1.9.7.16.55
1.1.3.19993.5.1.14.1.2
1.1.3.20001.46.1.13
1.1.3.20003.5.1.8
1.1.3.20089.5.1.16
1.1.3.20177.13.2.8.6
1.1.3.20216.5.1.5.1.3.3
1.1.3.20239.5.1
1.1.3.20287.13.3.29.1
1.1.3.20315.3
1.1.3.20335.3
1.1.3.20450.13.2
1.1.3.20528.14.2.10.1.6.7
1.1.3.20549.5.1.8.1
1.1.3.20601.15.2.8
1.1.3.20636.13.3.15
1.1.3.20645.17.2.6.3.7
1.1.3.20666.5.1.3.1.4.5
1.1.3.20678.5.1.4
1.1.3.20960.24.1.16.12.20.1
1.1.3.21004.36.4.8.2
1.1.3.21040.10.2.18
1.1.3.21048.5.1
1.1.3.21062.5.1.2.1.10.4.5
1.1.3.21071.21.1.12.2
1.1.3.21087.17.4.9.6.7
1.1.3.21136.5.1.3.3.7.7.13
1.1.3.21202.5.1.13
1.1.3.21216.9.3.4.13
1.1.3.21282.6
1.1.3.21543.6
1.1.3.21669.17.3
1.1.3.21678.23.2.29.4.5
1.1.3.21726.10.3.4
1.1.3.21785.5.1.6.2.5.1
1.1.3.21846.11.2.15.5
1.1.3.21902.8.3.13
1.1.3.22013.8.1.9.5
1.1.3.22043.9.1.4
1.1.3.22061.5.1.13.17.11
1.1.3.22092.5.1.11.9.13.1.5
1.1.3.22157.5.1
1.1.3.22193.5.1.12.20
1.1.3.22217.9.1.4.3
1.1.3.22293.16.1.7
1.1.3.22396.16.1.11.8
1.1.3.22514.13.5.18
1.1.3.22515.9.1.6.13
1.1.3.22614.5.1.4
1.1.3.22634.5.1.6.1
1.1.3.22653.5.1.3
1.1.3.22657.25.2.5.6.2.1
1.1.3.22720.5.1.7.1.14
1.1.3.22753.19.2.4.13
1.1.3.22903.27.1.17.5
1.1.3.23072.31.1.16
1.1.3.23120.3
1.1.3.23122.5.1.5.1.4
1.1.3.23123.11.1.12
1.1.3.23168.5.1.3.3
1.1.3.23253.21.3.12.15.13
1.1.3.23340.19.2.4.1
1.1.3.23348.17.2
1.1.3.23360.14.2.5.2
1.1.3.23369.26
1.1.3.23381.14.2.6.3.4
1.1.3.23612.5.1.3.3.9.2.62
1.1.3.23654.5.1.1
1.1.3.23724.5.1.1.1.5.4.11
1.1.3.23903.16.2
1.1.3.23937.21.4.4.10
1.1.3.23999.8.1.7
1.1.3.24069.5.1.2.1
1.1.3.24109.13.4
1.1.3.24157.5.1.3.4
1.1.3.24170.8.3.4.2.2
1.1.3.24213.5.1.1
1.1.3.24280.8.1.9
1.1.3.24361.5.1.1.8.20
1.1.3.24367.11.2.9
1.1.3.24461.5.1.1.1.12.4
1.1.3.24492.9.3.4
1.1.3.24512.18.3
1.1.3.24559.21.1.15.4
1.1.3.24585.5.1.7.6.8.8
1.1.3.24609.14
1.1.3.24623.5.1.6
1.1.3.24732.5.1.1
1.1.3.24767.3
1.1.3.24803.5.1.16.4.23.1
1.1.3.24853.5.1.14
1.1.3.24883.22.2.10.2
1.1.3.24920.24.3.10.6
1.1.3.24936.5.1.23.1.2.2.6.1
1.1.3.25058.5.1.2.2.14.6
1.1.3.25077.8.2.11.4
1.1.3.25109.17.1.5
1.1.3.25305.6
1.1.3.25310.5.1.1.3.2
1.1.3.25380.5.1.6.3
1.1.3.25418.12.1.7.10
1.1.3.25434.5.1
1.1.3.25443.5.1.12.1.9.6.10.34
1.1.3.25443.5.1.14.1.2
1.1.3.25451.46.1.13
1.1.3.25453.5.1.8
1.1.3.25538.5.1.16
1.1.3.25631.13.2.8.6
1.1.3.25670.5.1.5.1.3.3
1.1.3.25693.5.1
1.1.3.25741.13.3.29.1
1.1.3.25771.28.1.4.2.18
1.1.3.25776.18
1.1.3.25884.10.2.4.4
1.1.3.25892.14.2.10.6
1.1.3.25951.57.5.10.1.2.1
1.1.3.25966.5.1.8.1
1.1.3.26015.15.2.8
1.1.3.26054.13.3.15
1.1.3.26063.17.2.6.3.7
1.1.3.26084.5.1.3.1.4.5
1.1.3.26093.5.1.2
1.1.3.26100.5.1.1.1.2.4.14
1.1.3.26327.43.2.18.5
1.1.3.26403.28.1.4.2
1.1.3.26419.36.4.8.2
1.1.3.26455.10.2.18
1.1.3.26462.5.1.1.1.5
1.1.3.26480.18.2.13.3.11
1.1.3.26547.5.1.3.3.7.7.75
1.1.3.26601.5.1.1.1.17.2
1.1.3.26607.5.1.12
1.1.3.26621.9.3.4.13
1.1.3.26635.5.1
1.1.3.26804.22.1.20.7
1.1.3.26828.8.1.4
1.1.3.26880.5.1
1.1.3.26930.5.1
1.1.3.26949.6
1.1.3.27023.30.3.8
1.1.3.27128.10.3.4
1.1.3.27189.5.1.6.2.5.1
1.1.3.27250.11.2.15.5
1.1.3.27360.9.1.4
1.1.3.27410.5.1.3.1.49
1.1.3.27438.8.1.9.5
1.1.3.27468.9.1.4
1.1.3.27486.5.1.13.17.11
1.1.3.27519.5.1.11.9.13.1.5
1.1.3.27624.5.1.12.20
1.1.3.27648.9.1.4.3
1.1.3.27731.5.1.4
1.1.3.27815.14.2.16.2
1.1.3.27833.16.1.11.8
1.1.3.27907.15.2
1.1.3.27940.5.1
1.1.3.27951.14.2.9.15.6
1.1.3.28041.5.1.4
1.1.3.28079.5.1.4
1.1.3.28089.9.2.4.1.22
1.1.3.28133.9.1.4.1
1.1.3.28149.5.1.7.1.7
1.1.3.28182.19.2.4.13
1.1.3.28320.27.1.17.5
1.1.4.35.19.1.12.5
1.1.4.68.41.2
1.1.4.78.15.1.5
1.1.4.167.21.3.12.15.13
1.1.4.257.19.2.4.1
1.1.4.265.17.2
1.1.4.277.14.2.5.2
1.1.4.286.26
1.1.4.302.17.3.11
1.1.4.543.5.1.2.2.3
1.1.4.543.9.4.4
1.1.4.578.5.1.2.3.18.6.8
1.1.4.639.15.4.7.2.16
1.1.4.648.15.2.12.1.2.6.3
1.1.4.850.21.4.4.10
1.1.4.912.8.1.7
1.1.4.982.5.1.2.1
1.1.4.1022.13.4
1.1.4.1089.19.3.4.2.2
1.1.4.1131.8.1.13.3
1.1.4.1236.5.1.8.3.4.2.4
1.1.4.1283.5.1.3
1.1.4.1303.5.1.2.1.33.1
1.1.4.1353.16.2.5.13
1.1.4.1368.5.1.2.5
1.1.4.1395.5.1.1.1.12.4
1.1.4.1428.9.3.4
1.1.4.1449.18.3
1.1.4.1496.21.1.15.4
1.1.4.1524.44.1.13.15
1.1.4.1551.14
1.1.4.1565.5.1.6
1.1.4.1683.5.1.15
1.1.4.1736.25.2.17.12
1.1.4.1836.5.1
1.1.4.1839.5.1.14.1.3.3.83
1.1.4.1882.41.1.9.29.7
1.1.4.2025.8.2.11.4
1.1.4.2057.17.1.5
1.1.4.2149.36.2.14.4
1.1.4.2234.25.3.4
1.1.4.2244.23.1.4
1.1.4.2245.10.1.9
1.1.4.2318.5.1.6.3
1.1.4.2356.12.1.7.10
1.1.4.2379.33.1.8
1.1.4.2381.5.1.1.2
1.1.4.2382.24.1.4.10
1.1.4.2394.5.1.30
1.1.4.2482.10.1.14.10
1.1.4.2588.13.2.8.6
1.1.4.2701.13.3.29.1
1.1.4.2737.28.1.4.2.10
1.1.4.2862.13.2
1.1.4.2935.36.5.10.1.2.1
1.1.4.2945.5.1.1.3
1.1.4.2949.17
1.1.4.3004.15.2.8
1.1.4.3043.13.3.15
1.1.4.3052.17.2.6.3.7
1.1.4.3073.5.1.2.2
1.1.4.3087.5.1.2
1.1.4.3112.5.1.18
1.1.4.3112.13.1.27
1.1.4.3331.24.1.16.12.21.1
1.1.4.3423.5.1.5.4.10.4.7
1.1.4.3437.22.2.26.1.24
1.1.4.3451.5.1.2.1.6
1.1.4.3500.5.1.3.3.7.7.39
1.1.4.3567.5.1.10
1.1.4.3589.9.3.4.13
1.1.4.3801.8.1.4
1.1.4.3903.5.1
1.1.4.4111.10.3.4
1.1.4.4170.5.1.6.2.5.1
1.1.4.4231.11.2.15.5
1.1.4.4380.5.1.3.1.49
1.1.4.4417.9.1.4.2
1.1.4.4457.3
1.1.4.4471.13.2.21.24.28.15.52
1.1.4.4495.5.1.3.1.1
1.1.4.4629.9.1.4.3
1.1.4.4708.8.1.11.10
1.1.4.4802.16.1.11.8
1.1.4.4887.15.3.7.1.6.1
1.1.4.4909.13.5.18
1.1.4.4910.9.1.6.13
1.1.4.4996.5.1.1
1.1.4.5019.5.1.6.1
1.1.4.5038.5.1.4
1.1.4.5048.9.2.4.1.20
1.1.4.5092.9.1.4.1
1.1.4.5108.5.1.7.1.7
1.1.4.5141.19.2.4.13
1.1.4.5278.9.2.9.19
1.1.4.5495.3
1.1.4.5497.5.1.5.1.4
1.1.4.5498.11.1.12
1.1.4.5542.27.1.20
1.1.4.5606.5.1.1.1
1.1.4.5619.21.3.12.15.23
1.1.4.5750.14.2.5.2
1.1.4.5759.26
1.1.4.5775.17.3.11
1.1.4.5996.5.1.8.14
1.1.4.6047.5.1.1
1.1.4.6109.5.1.4.1.3.2.6
1.1.4.6119.5.1.1.1.5.4.11
1.1.4.6127.23
1.1.4.6295.5.1
1.1.4.6389.5.1.3.3
1.1.4.6421.35.2.21.1.66.2
1.1.4.6441.5.1.2.1
1.1.4.6481.13.4
1.1.4.6538.18.1.4.7.1
1.1.4.6584.5.1.1
1.1.4.6691.5.1.8.3.4.2.4
1.1.4.6718.8.2.4.1
1.1.4.6731.5.1.3.1.7.1.2
1.1.4.6808.5.1.2.11
1.1.4.6844.5.1.11.30
1.1.4.6846.9.1.13
1.1.4.6882.9.3.4
1.1.4.6902.18.3
1.1.4.6941.32.2.15
1.1.4.6966.22.1.17
1.1.4.6967.5.1.1
1.1.4.6991.5.1.9.2.20.2.13
1.1.4.7003.5.1.6
1.1.4.7124.5.1.1
1.1.4.7178.36.2.17.14.7.4
1.1.4.7247.5.1.2.1.3.1.27
1.1.4.7274.5.1
1.1.4.7277.5.1.14.1.3.3.16
1.1.4.7454.8.2.11.4
1.1.4.7479.17.1.5
1.1.4.7658.23.1.4
1.1.4.7659.10.1.9
1.1.4.7727.5.1.6.3
1.1.4.7765.12.1.7.10
1.1.4.7778.17.6
1.1.4.7785.15.2.5.2.2.1.40.64
1.1.4.7795.5.1.15.5
1.1.4.7881.5.1.16
1.1.4.8028.5.1.14.1.15.2
1.1.4.8103.5.1.10.1
1.1.4.8125.3
1.1.4.8145.3
1.1.4.8251.10.2.4.4
1.1.4.8259.14.2.10.6
1.1.4.8314.57.5.10.1.2.1
1.1.4.8324.5.1.1.1
1.1.4.8328.17
1.1.4.8397.5.1.2.11.12
1.1.4.8421.5.1
1.1.4.8439.5.1.6
1.1.4.8444.5.1.12.10.21
1.1.4.8466.5.1
1.1.4.8469.25.1.9.2
1.1.4.8486.5.1.2
1.1.4.8743.24.1.16.12.9.1
1.1.4.8772.11.1.8.3
1.1.4.8819.5.1
1.1.4.8833.5.1.2.1.10.4.5
1.1.4.8842.21.1.12.2
1.1.4.8858.17.4.9.6.7
1.1.4.8907.5.1.3.3.7.7.13
1.1.4.8966.5.1.8.9.26.1
1.1.4.8972.5.1.12
1.1.4.8986.9.3.4.13
1.1.4.9000.5.1
1.1.4.9184.22.1.20.7
1.1.4.9208.8.1.4
1.1.4.9330.6
1.1.4.9393.5.1
1.1.4.9460.17.3
1.1.4.9469.23.2.29.4.5
1.1.4.9519.10.3.4
1.1.4.9598.16.3.10
1.1.4.9706.5.1
1.1.4.9829.9.1.4
1.1.4.9847.5.1.13.17.11
1.1.4.9880.5.1.11.9.13.1.4
1.1.4.9939.5.1
1.1.4.9966.17.1.5
1.1.4.9990.9.1.4.3
1.1.4.10068.16.1.7
1.1.4.10254.15.3.7.1.6.1
1.1.4.10277.13.5.18
1.1.4.10278.9.1.6.13
1.1.4.10361.16.2.12
1.1.4.10395.14.4.12.8
1.1.4.10403.10.2.4.2.1
1.1.4.10484.19.2.4.13
1.1.4.10629.27.1.17.5
1.1.4.10740.15
1.1.4.10843.14.1.13
1.1.4.10972.21.3.12.15.13
1.1.4.11066.19.2.4.1
1.1.4.11114.35.1.4.3
1.1.4.11168.5.1.1.1.64.5
1.1.4.11359.5.1.3.3.9.2.68
1.1.4.11403.5.1.1
1.1.4.11465.5.1.4.1.3.2.6
1.1.4.11475.5.1.1.1.5.4.11
1.1.4.11688.21.4.4.10
1.1.4.11750.8.1.7
1.1.4.11820.5.1.2.1
1.1.4.11860.13.4
1.1.4.11921.19.3.4.2.2
1.1.4.11963.8.1.13.3
1.1.4.12020.8.1.9
1.1.4.12059.5.1.2
1.1.4.12084.8.2.4.1
1.1.4.12090.5.1.3.1.1
1.1.4.12096.5.1.1.1.14
1.1.4.12161.16.2.5.13
1.1.4.12201.5.1.1.1.12.4
1.1.4.12232.9.3.4
1.1.4.12253.18.3
1.1.4.12300.21.1.15.4
1.1.4.12331.5.1.3.1.1
1.1.4.12355.14
1.1.4.12369.5.1.6
1.1.4.12487.5.1.15
1.1.4.12522.3
1.1.4.12558.5.1.16.4.23.1
1.1.4.12642.5.1
1.1.4.12645.5.1.14.1.3.3.28
1.1.4.12688.41.1.9.29.7
1.1.4.12831.8.2.11.4
1.1.4.12856.17.1.5
1.1.4.13044.6
1.1.4.13049.5.1.1.3.2
1.1.4.13168.15.2.5.2.2.1.13.6
1.1.4.13169.5.1.8.5.18
1.1.4.13179.10.2.11.13.9
1.1.4.13267.5.1.16
1.1.4.13360.13.2.8.6
1.1.4.13375.3
1.1.4.13450.5.1.10.1
1.1.4.13495.3
1.1.4.13610.13.2
1.1.4.13689.14.2.10.1.6.7
1.1.4.13710.5.1.8.1
1.1.4.13765.5.1.2.4.23
1.1.4.13806.5.1.2.30.33
1.1.4.13813.24.2.13.2.13.6.7
1.1.4.13837.5.1
1.1.4.13840.25.1.9.2
1.1.4.13859.13.1.6.9
1.1.4.14075.43.2.18.5
1.1.4.14147.5.1.29
1.1.4.14160.36.4.8.2
1.1.4.14196.10.2.18
1.1.4.14204.5.1.3
1.1.4.14219.12.2.20.24
1.1.4.14236.5.1.2.1.6
1.1.4.14285.5.1.3.3.7.7.39
1.1.4.14352.5.1.10
1.1.4.14374.9.3.4.13
1.1.4.14580.5.1.1.1
1.1.4.14592.5.1.2.1.1.3
1.1.4.14611.5.1
1.1.4.14631.5.1
1.1.4.14685.5.1
1.1.4.14779.30.3.8
1.1.4.14963.5.1.6.2.5.1
1.1.4.15024.11.2.15.5
1.1.4.15201.45.4.24
1.1.4.15261.5.1.11.9.13.1.5
1.1.4.15378.9.1.4.3
1.1.4.15454.16.1.7
1.1.4.15540.14.2.16.2
1.1.4.15558.16.1.11.8
1.1.4.15690.5.1.1.1.5
1.1.4.15768.16.2.12
1.1.4.15814.5.1.5
1.1.4.15824.11.1.4.6.28
1.1.4.15884.5.1.7.1.14
1.1.4.15918.5.1.20
1.1.4.15956.5.1.2.1
1.1.4.16028.5.1.49.10.10.3.25
1.1.4.16238.19.1.12.5
1.1.4.16346.21.3.12.15.13
1.1.4.16438.19.2.4.1
1.1.4.16483.35.1.4.3
1.1.4.16537.5.1.29.1
1.1.4.16722.5.1.3.1.16.1.9
1.1.4.16723.14.2
1.1.4.16761.5.1.1
1.1.4.16823.5.1.4.1.3.2.6
1.1.4.16833.5.1.1.1.5.4.11
1.1.4.17016.5.1
1.1.4.17110.5.1.3.3
1.1.4.17142.35.2.21.1.66.2
1.1.4.17162.5.1.2.1
1.1.4.17203.13.4
1.1.4.17269.10.1.4.10.2
1.1.4.17308.5.1.1
1.1.4.17406.5.1.8.3.4.2.4
1.1.4.17433.8.2.4.1
1.1.4.17446.9.1.7.3
1.1.4.17566.5.1.5.4.10.2
1.1.4.17599.9.3.4
1.1.4.17620.18.3
1.1.4.17667.21.1.15.4
1.1.4.17690.22.1.12.7
1.1.4.17712.5.1.33
1.1.4.17847.5.1.15
1.1.4.17882.3
1.1.4.17898.5.1.8.2.3.1.2.8
1.1.4.17997.22.2.10.2
1.1.4.18032.8.2.8.6
1.1.4.18034.24.3.10.6
1.1.4.18050.5.1.23.1.2.2.6.1
1.1.4.18172.5.1.2.2.14.6
1.1.4.18193.8.2.11.4
1.1.4.18214.14.4
1.1.4.18410.6
1.1.4.18415.5.1.1.3.2
1.1.4.18474.5.1.6.3
1.1.4.18512.12.1.7.10
1.1.4.18531.11.2.17.10
1.1.4.18533.25.2.28.5.13
1.1.4.18545.16.1.5
1.1.4.18547.5.1.8
1.1.4.18636.10.1.14.10
1.1.4.18746.13.2.8.6
1.1.4.18779.10.1.4
1.1.4.18839.5.1.10.1
1.1.4.18869.28.1.4.2.18
1.1.4.18874.18
1.1.4.18981.13.2
1.1.4.19055.57.5.10.1.2.1
1.1.4.19125.5.1.2.4.23
1.1.4.19167.5.1.2.21.13
1.1.4.19174.24.2.13.2.17
1.1.4.19195.5.1.2.2
1.1.4.19209.5.1.2
1.1.4.19216.5.1.1.1.2.4.21
1.1.4.19512.5.1.29
1.1.4.19544.5.1.3
1.1.4.19559.12.2.20.24
1.1.4.19581.5.1.5
1.1.4.19621.18.4.4.1
1.1.4.19703.5.1.10
1.1.4.19725.9.3.4.13
1.1.4.19739.5.1
1.1.4.19785.5.1
1.1.4.19903.5.1.12
1.1.4.19928.32.2.23.1.12.1
1.1.4.19971.5.1.1.15
1.1.4.20070.16.3.6.6
1.1.4.20256.10.3.4
1.1.4.20315.5.1.6.2.5.1
1.1.4.20376.11.2.15.5
1.1.4.20581.9.1.4
1.1.4.20600.13.2.6.5.22
1.1.4.20637.5.1.11.9.13.1.5
1.1.4.20698.5.1.4.7
1.1.4.20758.9.1.4.3
1.1.4.20830.16.1.7
1.1.4.21060.13.5.18
1.1.4.21061.9.1.6.13
1.1.4.21146.16.2.12
1.1.4.21186.14.4.12.8
1.1.4.21195.5.1.2
1.1.4.21261.5.1.7.1.14
1.1.4.21294.19.2.4.13
1.1.4.21431.5.1.49.10.10.3.25
1.1.4.21641.3
1.1.4.21643.5.1.5.1.4
1.1.4.21644.11.1.12
1.1.4.21744.5.1.1.1
1.1.4.21757.21.3.12.15.23
1.1.4.21888.14.2.5.2
1.1.4.21897.26
1.1.4.21914.17.3.11
1.1.4.21975.5.1.29.1
1.1.4.22158.5.1.3.3.9.2.62
1.1.4.22200.5.1.1
1.1.4.22252.17.4.7.1.1
1.1.4.22265.5.1.18
1.1.4.22488.21.4.4.10
1.1.4.22568.5.1.3.3
1.1.4.22600.35.2.21.1.66.2
1.1.4.22663.13.4
1.1.4.22724.5.1.7.1
1.1.4.22770.5.1.1
1.1.4.22870.5.1.8.3.4.2.4
1.1.4.22911.5.1.1.1.14
1.1.4.22976.16.2.5.13
1.1.4.22991.5.1.2.5
1.1.4.23021.14.3
1.1.4.23058.9.3.4
1.1.4.23079.18.3
1.1.4.23126.21.1.15.4
1.1.4.23151.9.1.17.24
1.1.4.23173.20.1.16.7
1.1.4.23184.5.1.6
1.1.4.23288.5.1.15
1.1.4.23323.3
1.1.4.23339.5.1.8.2.3.1.2.8
1.1.4.23410.5.1.4.1.4
1.1.4.23443.5.1
1.1.4.23446.5.1.14.1.3.3.66
1.1.4.23467.13.2.7.4.22.3.20
1.1.4.23489.41.1.9.29.7
1.1.4.23537.13.2.9
1.1.4.23637.8.2.11.4
1.1.4.23658.14.4
1.1.4.23754.34.2.14.4
1.1.4.23850.6
1.1.4.23855.5.1.1.3.2
1.1.4.23971.15.2.5.2.2.1.13.6
1.1.4.23981.5.1.15.5
1.1.4.24067.5.1.16
1.1.4.24155.13.2.8.6
1.1.4.24194.5.1.5.1.3.3
1.1.4.24217.5.1
1.1.4.24265.13.3.29.1
1.1.4.24287.3
1.1.4.24307.3
1.1.4.24414.13.2
1.1.4.24491.57.5.10.1.2.1
1.1.4.24501.5.1.1.3
1.1.4.24508.5.1.2.1
1.1.4.24557.5.1.2.11.12
1.1.4.24599.5.1.6
1.1.4.24604.5.1.12.10.21
1.1.4.24626.5.1
1.1.4.24629.25.1.9.2
1.1.4.24646.5.1.2
1.1.4.24680.9.1.8.4
1.1.4.24941.24.1.16.12.20.1
1.1.4.25031.5.1.5.4.10.4.7
1.1.4.25045.22.2.26.1.24
1.1.4.25059.5.1.2.1.6
1.1.4.25108.5.1.3.3.7.7.39
1.1.4.25167.5.1.8.9.26.1
1.1.4.25173.5.1.12
1.1.4.25187.9.3.4.13
1.1.4.25201.5.1
1.1.4.25258.6
1.1.4.25346.5.1.29.5.9.1
1.1.4.25346.5.1.30.1.2.2
1.1.4.25385.22.1.20.7
1.1.4.25521.16.3.6.6
1.1.4.25685.5.1.4
1.1.4.25720.24
1.1.4.25830.11.2.15.5
1.1.4.26045.9.1.4
1.1.4.26063.5.1.13.17.11
1.1.4.26094.5.1.11.9.13.1.5
1.1.4.26148.17.2.4
1.1.4.26198.17.1.5
1.1.4.26222.9.1.4.3
1.1.4.26308.5.1.4
1.1.4.26414.16.1.11.8
1.1.4.26531.5.1.1.1
1.1.4.26532.10.4.4
1.1.4.26542.24.2.13.7.3
1.1.4.26631.5.1.4
1.1.4.26651.5.1.6.1
1.1.4.26670.5.1.4
1.1.4.26680.9.2.4.1.20
1.1.4.26724.9.1.4.1
1.1.4.26740.5.1.7.1.7
1.1.4.26773.19.2.4.13
1.1.4.26824.5.1.2.1
1.1.4.26906.9.2.9.19
1.1.4.27118.3
1.1.4.27120.5.1.5.1.4
1.1.4.27121.11.1.12
1.1.4.27169.27.1.20
1.1.4.27255.21.3.12.15.13
1.1.4.27404.17.3.11
1.1.4.27471.5.1.29.1
1.1.4.27654.5.1.3.3.9.2.62
1.1.4.27698.5.1.1
1.1.4.27760.5.1.4.1.3.2.6
1.1.4.27770.5.1.1.1.5.4.11
1.1.4.27964.5.1
1.1.4.28088.35.2.21.1.66.2
1.1.4.28108.5.1.2.1
1.1.4.28149.13.4
1.1.4.28215.10.1.4.10.2
1.1.4.28242.5.1.7.9.53.1.2
1.1.4.28277.5.1.6.6
1.1.4.28337.5.1.8.3.4.2.4
1.1.4.28387.5.1.7.1.10.1.2
1.1.4.28494.5.1.1.1.12.4
1.1.4.28525.9.3.4
1.1.4.28546.18.3
1.1.4.28593.21.1.15.4
1.1.4.28618.9.1.17.24
1.1.4.28639.14
1.1.4.28653.5.1.6
1.1.4.28775.5.1.15
1.1.4.28810.3
1.1.4.28826.5.1.7.3.11.4.8.8
1.1.4.28839.5.1.20.4.23.1
1.1.4.28889.5.1.12.2.8
1.1.4.28952.8.2.8.6
1.1.4.28954.24.3.10.6
1.1.4.28970.5.1.23.1.2.2.6.1
1.1.4.29104.8.2.11.4
1.1.4.29136.17.1.5
1.1.4.29313.23.1.4
1.1.4.29314.10.1.9
1.1.4.29391.5.1.6.3
1.1.4.29438.5.1
1.1.4.29459.15.2.5.2.2.1.11.36
1.1.4.29460.5.1.8.5.18
1.1.4.29470.10.2.11.13.9
1.1.4.29559.5.1.16
1.1.4.29657.13.2.8.6
1.1.4.29690.10.1.4
1.1.4.29752.5.1.10.1
1.1.4.29788.28.1.4.2.10
1.1.4.29793.18
1.1.4.29903.10.2.4.4
1.1.4.29911.14.2.10.6
1.1.4.29977.14.2.10.1.6.7
1.1.4.29986.5.1
1.1.4.29997.5.1.8.1
1.1.4.30056.5.1.2.4.23
1.1.4.30081.5.1
1.1.4.30099.5.1.6
1.1.4.30104.5.1.12.10.21
1.1.4.30126.5.1
1.1.4.30129.25.1.9.2
1.1.4.30145.13.1.6.9
1.1.4.30168.5.1.18
1.1.4.30370.43.2.18.5
1.1.4.30440.11.1.8.3
1.1.4.30454.36.4.8.2
1.1.4.30490.10.2.18
1.1.4.30497.5.1.1.1.5
1.1.4.30516.22.2.26.1.20
1.1.4.30529.27.1.13.3
1.1.4.30565.18.4.4.1
1.1.4.30638.5.1.8.9.26.1
1.1.4.30644.5.1.12
1.1.4.30658.9.3.4.13
1.1.4.30810.17.2.15.2.2
1.1.4.30835.5.1.12
1.1.4.30865.5.1.5.1.4.1
1.1.4.30882.8.1.4
1.1.4.30908.5.1.1.15
1.1.4.30936.5.1
1.1.4.30986.5.1
1.1.4.31007.16.3.6.6
1.1.4.31079.30.3.8
1.1.4.31105.3
1.1.4.31162.11
1.1.4.31261.5.1.6.2.5.1
1.1.4.31322.11.2.15.5
1.1.4.31429.5.1.34.2.15.3
1.1.4.31492.45.4.24
1.1.4.31557.5.1.11.9.13.1.5
1.1.4.31674.9.1.4.3
1.1.4.31754.5.1.4
1.1.4.31838.14.2.16.2
1.1.4.31856.16.1.11.8
1.1.4.31941.15.3.7.1.6.1
1.1.4.31963.13.5.18
1.1.4.31964.9.1.6.13
1.1.4.32065.5.1.4
1.1.4.32091.5.1
1.1.4.32117.14.4.12.8
1.1.4.32125.10.2.4.2.1
1.1.4.32183.5.1.7.1.14
1.1.4.32216.19.2.4.13
1.1.4.32262.5.1.2.1
1.1.4.32344.27.1.17.5
1.1.4.32424.17.2.4
1.1.4.32544.3
1.1.4.32546.5.1.5.1.4
1.1.4.32547.11.1.12
1.1.4.32595.27.1.20
1.1.4.32663.9.2.12.12.32
1.1.4.32752.19.2.4.1
1.1.4.32794.5.1.4
1.1.4.33039.5.1.3.3.9.2.36
1.1.4.33083.5.1.1
1.1.4.33145.5.1.4.1.3.2.6
1.1.4.33155.5.1.1.1.5.4.11
1.1.4.33163.23
1.1.4.33370.22.2.14
1.1.4.33435.8.1.7
1.1.4.33505.5.1.2.1
1.1.4.33545.13.4
1.1.4.33599.10.1.4.10.2
1.1.4.33627.5.1.7.9.53.1.2
1.1.4.33742.5.1.2
1.1.4.33772.5.1.3.1.1
1.1.4.33779.5.1.1.1.13
1.1.4.33891.5.1.11.27
1.1.4.33893.9.1.13
1.1.4.33929.9.3.4
1.1.4.33949.18.3
1.1.4.33996.21.1.15.4
1.1.4.34024.44.1.13.15
1.1.4.34042.5.1.2.1
1.1.4.34050.5.1.9.2.25.4.19
1.1.4.34062.5.1.6
1.1.4.34180.5.1.15
1.1.4.34215.3
1.1.4.34302.5.1.14
1.1.4.34332.22.2.10.2
1.1.4.34514.5.1
1.1.4.34529.8.2.11.4
1.1.4.34550.14.4
1.1.4.34646.34.2.14.4
1.1.4.34742.6
1.1.4.34747.5.1.1.3.2
1.1.4.34869.12.1.7.10
1.1.4.34876.18.3.10.6.4.2
1.1.4.34897.5.1.11.12.13
1.1.4.34906.5.1.30
1.1.4.34985.5.1.16
1.1.4.35072.13.2.8.6
1.1.4.35087.3
1.1.4.35111.5.1.5.1.3.3
1.1.4.35134.5.1
1.1.4.35183.13.3.29.1
1.1.4.35228.3
1.1.4.35418.14.2.10.1.6.7
1.1.4.35439.5.1.8.1
1.1.4.35494.5.1.2.4.23
1.1.4.35519.5.1
1.1.4.35537.5.1.6
1.1.4.35542.5.1.12.10.21
1.1.4.35564.5.1
1.1.4.35567.25.1.9.2
1.1.4.35586.13.1.6.9
1.1.4.35609.5.1.18
1.1.4.35609.13.1.27
1.1.4.35887.28.1.4.2
1.1.4.35903.36.4.8.2
1.1.4.35939.10.2.18
1.1.4.35946.5.1.1.1.5
1.1.4.35964.18.2.13.3.11
1.1.5.36035.5.1.3.3.7.7.13
1.1.5.36094.5.1.8.9.23.1
1.1.5.36100.5.1.12
1.1.5.36116.23.2.5.6.22
1.1.5.36123.5.1
1.1.5.36271.5.1.29.5.9.1
1.1.5.36271.5.1.30.1.2.2
1.1.5.36310.22.1.20.7
1.1.5.36342.8.1.4
1.1.5.36459.6
1.1.5.36518.5.1
1.1.5.36704.5.1.6.2.5.1
1.1.5.36765.11.2.15.5
1.1.5.36821.8.3.13
1.1.5.36914.5.1.3.1.49
1.1.5.36951.9.1.4.2
1.1.5.36991.3
1.1.5.37034.5.1.11.9.13.1.5
1.1.5.37088.17.2.4
1.1.5.37158.9.1.4.3
1.1.5.37241.5.1.4
1.1.5.37328.14.2.16.2
1.1.5.37346.16.1.11.8
1.1.5.37420.15.2
1.1.5.37466.23.1.16.1.2
1.1.5.37466.32.2.24.4
1.1.5.37556.16.2.12
1.1.5.37590.14.4.12.8
1.1.5.37598.10.2.4.2.1
1.1.5.37684.19.2.4.13
1.1.5.37754.5.1.21.1.28.1
1.1.5.37809.3
1.1.5.37815.17.1.11.4
1.1.5.37933.15
1.1.5.38030.3
1.1.5.38032.5.1.5.1.4
1.1.5.38033.11.1.12
1.1.5.38081.27.1.20
1.1.5.38160.5.1.6.4.15.1.1.40
1.1.5.38253.19.2.4.1
1.1.5.38298.5.1.4
1.1.5.38355.5.1.29.1
1.1.5.38536.5.1.3.3.9.2.62
1.1.5.38562.5.1.1
1.1.5.38616.15.4.7.2.16
1.1.5.38625.15.2.12.1.2.6.3
1.1.5.38811.16.2
1.1.5.38845.21.4.4.10
1.1.5.38907.8.1.7
1.1.5.38926.5.1.8.1.23.10
1.1.5.38985.5.1.2.1
1.1.5.39025.13.4
1.1.5.39081.18.1.4.7.1
1.1.5.39127.5.1.1
1.1.5.39220.5.1.8.3.4.2.4
1.1.5.39247.8.2.4.1
1.1.5.39253.5.1.3.1.1
1.1.5.39259.5.1.1.1.14
1.1.5.39375.5.1.5.4.10.2
1.1.5.39406.9.3.4
1.1.5.39426.18.3
1.1.5.39473.21.1.15.4
1.1.5.39501.44.1.13.15
1.1.5.39519.5.1.2.1
1.1.5.39527.5.1.9.2.25.4.19
1.1.5.39539.5.1.6
1.1.5.39649.5.1.3.1.3
1.1.5.39682.3
1.1.5.39698.5.1.8.2.3.1.2.46
1.1.5.39769.5.1.2.1.3.1.37
1.1.5.39970.5.1.2.2.14.6
1.1.5.39991.8.2.11.4
1.1.5.40023.17.1.5
1.1.5.40215.6
1.1.5.40220.5.1.1.3.2
1.1.5.40259.15.1.11.8
1.1.5.40323.11.2.17.10
1.1.5.40325.25.2.28.5.13
1.1.5.40337.16.1.5
1.1.5.40339.5.1.8
1.1.5.40418.5.1.16
1.1.5.40515.5.1.7.9.25
1.1.5.40628.13.3.29.1
1.1.5.40658.28.1.4.2.18
1.1.5.40663.18
1.1.5.40768.10.2.4.4
1.1.5.40776.14.2.10.6
1.1.5.40831.36.5.10.1.2.1
1.1.5.40845.5.1.8.1
1.1.5.40903.5.1.2.4.23
1.1.5.40928.5.1
1.1.5.40946.5.1.6
1.1.5.40949.21.1.14.14
1.1.5.40972.5.1.3.1.4.8
1.1.5.40986.5.1.2
1.1.5.41201.43.2.18.5
1.1.5.41242.24.1.16.12.23.1
1.1.5.41332.18.2.13.3.11
1.1.5.41399.5.1.3.3.7.7.75
1.1.5.41453.5.1.1.1.17.2
1.1.5.41459.5.1.12
1.1.5.41473.9.3.4.13
1.1.5.41487.5.1
1.1.5.41644.5.1.12
1.1.5.41674.5.1.5.1.4.1
1.1.5.41691.8.1.4
1.1.5.41717.5.1.1.15
1.1.5.41771.68.2.4
1.1.5.41811.16.3.6.6
1.1.5.42068.16.3.10
1.1.5.42278.22.1.4.6
1.1.5.42280.45.4.24
1.1.5.42342.5.1.11.9.13.1.5
1.1.5.42399.26
1.1.5.42460.9.1.4.3
1.1.5.42543.5.1.4
1.1.5.42625.14.2.16.2
1.1.5.42643.16.1.11.8
1.1.5.42770.5.1.1.1
1.1.5.42771.10.4.4
1.1.5.42781.24.2.13.7.3
1.1.5.42867.5.1.4
1.1.5.42893.5.1
1.1.5.42919.14.4.12.8
1.1.5.42927.10.2.4.2.1
1.1.5.43007.5.1.20
1.1.5.43139.5.1.3.1.15
1.1.5.43244.15
1.1.5.43337.9.1.5.1
1.1.5.43344.3
1.1.5.43347.14.1.16
1.1.5.43466.9.2.12.12.32
1.1.5.43555.19.2.4.1
1.1.5.43600.5.1.4
1.1.5.43664.5.1.1.1.28.3
1.1.5.43864.5.1.3.3.9.2.69
1.1.5.43906.5.1.1
1.1.5.43968.5.1.5.8.10.4.12
1.1.5.43981.5.1.18
1.1.5.44148.14.2.5.5.5.5
1.1.5.44181.5.1
1.1.5.44275.5.1.3.3
1.1.5.44307.35.2.21.1.66.2
1.1.5.44370.13.4
1.1.5.44423.18.1.4.7.1
1.1.5.44469.5.1.1
1.1.5.44527.8.1.9
1.1.5.44599.9.1.7.3
1.1.5.44698.5.1.1.1.12.4
1.1.5.44718.5.1.1.11.55.6
1.1.5.44786.21.1.15.4
1.1.5.44814.44.1.13.15
1.1.5.44836.20.1.16.7
1.1.5.44961.5.1.15
1.1.5.44996.3
1.1.5.45012.5.1.8.2.3.1.2.8
1.1.5.45081.5.1.4.1.4
1.1.5.45117.22.2.10.2
1.1.5.45311.8.2.11.4
1.1.5.45337.17.1.5
1.1.5.45528.6
1.1.5.45533.5.1.1.3.2
1.1.5.45587.5.1.6.3
1.1.5.45634.5.1
1.1.5.45655.15.2.5.2.2.1.11.13
1.1.5.45656.5.1.8.5.18
1.1.5.45666.10.2.11.13.9
1.1.5.45754.5.1.16
1.1.5.45840.13.2.8.6
1.1.5.45879.5.1.5.1.3.3
1.1.5.45902.5.1
1.1.5.45911.5.1.3.4.8.3
1.1.5.45986.5.1.1.4.4
1.1.5.46089.10.2.4.4
1.1.5.46097.14.2.10.6
1.1.5.46152.57.5.10.1.2.1
1.1.5.46167.5.1.8.1
1.1.5.46219.15.2.8
1.1.5.46258.13.3.15
1.1.5.46267.17.2.6.3.7
1.1.5.46288.5.1.2.2
1.1.5.46303.55.1.16.6
1.1.5.46326.5.1.18
1.1.5.46535.24.2.18.5
1.1.5.46605.5.1.2.1.1.1.6
1.1.5.46638.5.1.3
1.1.5.46653.12.2.20.24
1.1.5.46670.5.1.2.1.6
1.1.5.46707.18.4.4.1
1.1.5.46776.5.1.1.1.17.2
1.1.5.46782.5.1.12
1.1.5.46796.9.3.4.13
1.1.5.46810.5.1
1.1.5.46914.22.2.8.12.17.4
1.1.5.46975.5.1.12
1.1.5.47005.5.1.5.1.4.1
1.1.5.47022.8.1.4
1.1.5.47048.5.1.1.15
1.1.5.47075.5.1
1.1.5.47105.68.2.4
1.1.5.47121.5.1
1.1.5.47142.16.3.6.6
1.1.5.47206.5.1
1.1.5.47276.17.3
1.1.5.47285.23.2.29.4.5
1.1.5.47332.5.1.9.24.11.4.17
1.1.5.47393.5.1.6.2.5.1
1.1.5.47454.11.2.15.5
1.1.5.47626.45.4.24
1.1.5.47702.5.1.11.9.13.1.5
1.1.5.47756.17.2.4
1.1.5.47800.25.3.6.1
1.1.5.47909.5.1.4
1.1.5.47996.14.2.16.2
1.1.5.48014.16.1.11.8
1.1.5.48099.15.3.7.1.6.1
1.1.5.48121.13.5.18
1.1.5.48122.9.1.6.13
1.1.5.48196.16.2.12
1.1.5.48236.14.4.12.8
1.1.5.48244.10.2.4.2.1
1.1.5.48302.5.1.7.1.14
1.1.5.48335.19.2.4.13
1.1.5.48476.9.2.9.19
1.1.5.48679.3
1.1.5.48681.5.1.5.1.4
1.1.5.48682.11.1.12
1.1.5.48800.5.1.1.1
1.1.5.48813.21.3.12.15.23
1.1.5.48944.14.2.5.2
1.1.5.48953.26
1.1.5.48969.17.3.11
1.1.5.49020.5.1.29.1
1.1.5.49219.5.1.3.3.9.2.62
1.1.5.49245.5.1.1
1.1.5.49316.5.1.18
1.1.5.49400.14.3.8.3
1.1.5.49407.15
1.1.5.49519.5.1
1.1.5.49613.5.1.3.3
1.1.5.49645.35.2.21.1.66.2
1.1.5.49665.5.1.2.1
1.1.5.49705.13.4
1.1.5.49766.5.1.7.2
1.1.5.49812.5.1.1
1.1.5.49905.5.1.8.3.4.2.4
1.1.5.49932.8.2.4.1
1.1.5.49945.9.1.7.3
1.1.5.50016.16.2.5.13
1.1.5.50031.5.1.2.5
1.1.5.50062.14.3
1.1.5.50099.9.3.4
1.1.5.50120.18.3
1.1.5.50167.21.1.15.4
1.1.5.50195.44.1.13.15
1.1.5.50213.5.1.2.1
1.1.5.50221.5.1.9.2.25.4.19
1.1.5.50233.5.1.6
1.1.5.50351.5.1.15
1.1.5.50386.3
1.1.5.50402.5.1.7.3.11.4.8.8
1.1.5.50415.5.1.20.4.23.1
1.1.5.50499.5.1
1.1.5.50502.5.1.14.1.3.3.28
1.1.5.50523.13.2.7.4.22.3.20
1.1.5.50658.5.1.2.2.14.6
1.1.5.50677.8.2.11.4
1.1.5.50702.17.1.5
1.1.5.50725.5.1.5.3.8.5.9
1.1.5.50885.25.3.4
1.1.5.50895.23.1.4
1.1.5.50896.10.1.9
1.1.5.50968.5.1.6.3
1.1.5.51006.12.1.7.10
1.1.5.51019.17.6
1.1.5.51026.15.2.5.2.2.1.40.40
1.1.5.51027.5.1.8.5.18
1.1.5.51037.10.2.11.13.9
1.1.5.51125.5.1.16
1.1.5.51218.13.2.8.6
1.1.5.51308.5.1.10.1
1.1.5.51344.28.1.4.2.10
1.1.5.51473.13.2
1.1.5.51539.57.5.10.1.2.1
1.1.5.51553.5.1
1.1.5.51604.15.2.8
1.1.5.51643.13.3.15
1.1.5.51652.5.1.2
1.1.5.51677.5.1
1.1.5.51680.25.1.9.2
1.1.5.51698.5.1.4
1.1.5.51919.43.2.18.5
1.1.5.51996.47.1.34.14
1.1.5.52029.5.1
1.1.5.52043.5.1.2.1.10.4.8
1.1.5.52052.14.2.8.1.1
1.1.5.52100.23.2.24.2.7.1
1.1.5.52129.5.1.3.3.7.6.8
1.1.5.52192.35.1.28.16
1.1.5.52212.9.3.4.13
1.1.5.52226.5.1
1.1.5.52275.5.1
1.1.5.52376.17.2.15.2.2
1.1.5.52401.5.1.12
1.1.5.52426.32.2.23.1.12.1
1.1.5.52469.5.1.1.15
1.1.5.52496.5.1
1.1.5.52550.5.1
1.1.5.52639.5.1
1.1.5.52654.30.3.8
1.1.5.52772.10.3.4
1.1.5.52851.16.3.10
1.1.5.52938.8.3.13
1.1.5.53056.45.4.24
1.1.5.53119.5.1.11.9.13.1.5
1.1.5.53249.9.1.4.3
1.1.5.53329.5.1.4
1.1.5.53435.16.1.11.8
1.1.5.53554.13.5.18
1.1.5.53555.9.1.6.13
1.1.5.53639.5.1.4
1.1.5.53665.5.1
1.1.5.53691.14.4.12.8
1.1.5.53699.10.2.4.2.1
1.1.5.53780.19.2.4.13
1.1.5.53885.29.2
1.1.5.53923.27.1.17.5
1.1.5.54144.14.1.13
1.1.5.54187.27.1.20
1.1.5.54255.5.1.1.1
1.1.5.54268.21.3.12.15.23
1.1.5.54399.14.2.5.2
1.1.5.54408.26
1.1.5.54425.17.3.11
1.1.5.54485.5.1.29.1
1.1.5.54672.5.1.2.2.3
1.1.5.54672.9.4.4
1.1.5.54712.5.1.1
1.1.5.54774.5.1.5.8.10.4.12
1.1.5.54787.5.1.18
1.1.5.54958.16.1.5
1.1.5.54981.16.2
1.1.5.55015.21.4.4.10
1.1.5.55142.5.1.2.1
1.1.5.55182.13.4
1.1.5.55242.10.1.4.10.2
1.1.5.55269.5.1.7.9.53.1.2
1.1.5.55364.5.1.2
1.1.5.55394.5.1.3.1.1
1.1.5.55400.5.1.1.1.14
1.1.5.55500.5.1.1.1.12.4
1.1.5.55533.9.3.4
1.1.5.55553.18.3
1.1.5.55600.21.1.15.4
1.1.5.55631.5.1.3.1.1
1.1.5.55655.14
1.1.5.55669.5.1.6
1.1.5.55779.5.1.3.1.3
1.1.5.55812.3
1.1.5.55828.5.1.8.2.3.1.2.18
1.1.5.55897.5.1.3.8.9
1.1.5.55926.22.2.10.2
1.1.5.55961.5.1.1.1.13.1.25
1.1.5.56122.33.4.13.25.14
1.1.5.56156.17.1.5
1.1.5.56247.34.2.14.4
1.1.5.56334.25.3.4
1.1.5.56344.23.1.4
1.1.5.56345.10.1.9
1.1.5.56477.15.2.5.2.2.1.13.6
1.1.5.56487.5.1.15.5
1.1.5.56573.5.1.16
1.1.5.56668.13.2.8.6
1.1.5.56707.5.1.5.1.3.3
1.1.5.56730.5.1
1.1.5.56739.5.1.3.4.8.3
1.1.5.56797.3
1.1.5.56817.3
1.1.5.56941.10.2.4.5
1.1.5.56949.14.2.10.6
1.1.5.57015.14.2.10.1.6.7
1.1.5.57087.5.1.2.11.12
1.1.5.57127.5.1.2.30.33
1.1.5.57134.24.2.13.2.13.6.7
1.1.5.57158.5.1
1.1.5.57161.25.1.9.2
1.1.5.57180.5.1.2
1.1.5.57187.5.1.1.1.2.4.15
1.1.5.57190.5.1.1.1
1.1.5.57453.47.1.34.14
1.1.5.57485.5.1.3
1.1.5.57500.12.2.20.24
1.1.5.57517.5.1.2.1.6
1.1.5.57566.5.1.3.3.7.7.39
1.1.5.57620.5.1.1.1.17.2
1.1.5.57626.5.1.12
1.1.5.57640.9.3.4.13
1.1.5.57654.5.1
1.1.5.57707.6
1.1.5.57828.22.1.20.7
1.1.5.57852.8.1.4
1.1.5.58160.5.1.9.24.11.4.17
1.1.5.58221.5.1.6.2.5.1
1.1.5.58282.11.2.15.5
1.1.5.58384.9.1.4
1.1.5.58460.29.3.25
1.1.5.58462.5.1.3
1.1.5.58540.5.1.3.1.1
1.1.5.58609.5.1.2.1
1.1.5.58668.9.1.4.3
1.1.5.58749.16.1.7
1.1.5.58834.14.2.16.2
1.1.5.58852.16.1.11.8
1.1.5.58926.15.2
1.1.5.58972.23.1.16.1.2
1.1.5.58972.32.2.24.4
1.1.5.59062.16.2.12
1.1.5.59096.14.4.12.8
1.1.5.59104.10.2.4.2.1
1.1.5.59202.19.2.4.13
1.1.5.59251.5.1.2.1
1.1.5.59330.27.1.17.5
1.1.5.59548.3
1.1.5.59550.5.1.5.1.4
1.1.5.59551.11.1.12
1.1.5.59588.5.1.3.3
1.1.5.59671.21.3.12.15.23
1.1.5.59763.19.2.4.1
1.1.5.59811.35.1.4.3
1.1.5.59869.5.1.29.1
1.1.5.60057.5.1.3.3.9.2.62
1.1.5.60083.5.1.1
1.1.5.60143.15.4.7.2.16
1.1.5.60152.15.2.12.1.2.6.3
1.1.5.60231.5.1.1.1.3.1
1.1.5.60340.5.1
1.1.5.60434.5.1.3.3
1.1.5.60466.35.2.21.1.66.2
1.1.5.60486.5.1.2.1
1.1.5.60526.13.4
1.1.5.60587.10.1.4.10.2
1.1.5.60619.5.1.21
1.1.5.60707.5.1.2
1.1.5.60722.5.1.2
1.1.5.60744.5.1.3.1.1
1.1.5.60751.5.1.1.1.13
1.1.5.60864.5.1.1.1.12.4
1.1.5.60895.9.3.4
1.1.5.60915.18.3
1.1.5.60962.21.1.15.4
1.1.5.61003.5.1.2.1
1.1.5.61011.5.1.9.2.25.4.19
1.1.5.61023.5.1.6
1.1.5.61148.5.1.15
1.1.5.61183.3
1.1.5.61199.5.1.8.2.3.1.2.8
1.1.5.61268.5.1.4.4.11
1.1.5.61295.22.2.10.2
1.1.5.61494.33.4.13.25.14
1.1.5.61528.17.1.5
1.1.5.61725.23.1.4
1.1.5.61726.10.1.9
1.1.5.61797.5.1.6.3
1.1.5.61835.12.1.7.10
1.1.5.61848.17.6
1.1.5.61855.15.2.5.2.2.1.40.34
1.1.5.61856.5.1.8.5.18
1.1.5.61866.10.2.11.13.9
1.1.5.61947.5.1.10.6.19
1.1.5.61956.5.1.3.1
1.1.5.62048.5.1.7.9.25
1.1.5.62145.5.1.10.1
1.1.5.62181.28.1.4.2.10
1.1.5.62297.13.2
1.1.5.62370.57.5.10.1.2.1
1.1.5.62384.5.1.8.1
1.1.5.62433.15.2.8
1.1.5.62472.13.3.15
1.1.5.62481.17.2.6.3.7
1.1.5.62502.5.1.3.1.4.5
1.1.5.62518.5.1.4
1.1.5.62814.5.1.2.1.1.1.6
1.1.5.62848.5.1
1.1.5.62862.5.1.2.1.10.4.8
1.1.5.62871.21.1.12.2
1.1.5.62887.17.4.9.6.7
1.1.5.62935.5.1.3.3.7.7.13
1.1.5.63001.5.1.13
1.1.5.63015.9.3.4.13
1.1.5.63029.5.1
1.1.5.63211.22.1.20.7
1.1.5.63236.8.1.4
1.1.5.63288.5.1
1.1.5.63338.5.1
1.1.5.63359.16.3.6.6
1.1.5.63490.17.3
1.1.5.63499.23.2.29.4.5
1.1.5.63549.10.3.4
1.1.5.63628.16.3.10
1.1.5.63873.9.1.4
1.1.5.63892.13.2.6.5.22
1.1.5.63928.5.1.11.9.13.1.5
1.1.5.64025.5.1.12.17
1.1.5.64049.9.1.4.3
1.1.5.64128.8.1.11.10
1.1.5.64342.5.1.1.1
1.1.5.64343.10.4.4
1.1.5.64353.24.2.13.7.3
1.1.5.64443.5.1.4
1.1.5.64469.5.1
1.1.5.64495.14.4.12.8
1.1.5.64503.10.2.4.2.1
1.1.5.64586.19.2.4.13
1.1.5.64637.5.1.2.1
1.1.5.64718.27.1.17.5
1.1.5.64876.31.1.16
1.1.5.64924.3
1.1.5.64926.5.1.5.1.4
1.1.5.64927.11.1.12
1.1.5.65057.21.3.12.15.23
1.1.5.65147.19.2.4.1
1.1.5.65192.35.1.4.3
1.1.5.65248.5.1.20.1
1.1.5.65431.5.1.3.3.9.2.69
1.1.5.65475.5.1.1
1.1.5.65537.5.1.4.1.3.2.6
1.1.5.65547.5.1.1.1.5.4.11
1.1.5.65716.16.2
1.1.5.65750.21.4.4.10
1.1.5.65826.5.1.8.1.23.10
1.1.5.65885.5.1.2.1
1.1.5.65925.13.4
1.1.5.65984.33.3.4.2.51
1.1.5.66027.5.1.1
1.1.5.66141.5.1.1.1.4.4.9
1.1.5.66194.5.1.7
1.1.5.66310.5.1.5.4.10.2
1.1.5.66343.9.3.4
1.1.5.66364.18.3
1.1.5.66411.21.1.15.4
1.1.5.66437.5.1.7.6.8.8
1.1.5.66460.14
1.1.5.66474.5.1.6
1.1.5.66590.5.1.15
1.1.5.66625.3
1.1.5.66641.5.1.8.2.3.1.2.8
1.1.5.66708.14.1.5.6
1.1.5.66798.41.1.9.29.7
1.1.5.66939.8.2.11.4
1.1.5.66964.17.1.5
1.1.5.67055.34.2.14.4
1.1.5.67142.25.3.4
1.1.5.67152.23.1.4
1.1.5.67153.10.1.9
1.1.5.67230.5.1.6.3
1.1.5.67268.12.1.7.10
1.1.5.67275.18.3.10.6.4.2
1.1.5.67295.17.1.13.15
1.1.5.67304.5.1.30
1.1.5.67381.5.1.16
1.1.5.67480.5.1.7.9.25
1.1.5.67582.5.1.10.1
1.1.5.67604.3
1.1.5.67624.3
1.1.5.67807.14.2.10.1.6.7
1.1.5.67828.5.1.8.1
1.1.5.67882.15.2.8
1.1.5.67913.5.1.2.30.28
1.1.5.67920.24.2.13.2.13.6.7
1.1.5.67944.5.1
1.1.5.67947.25.1.9.2
1.1.5.67966.5.1.2
1.1.5.68236.24.1.16.12.20.1
1.1.5.68320.5.1
1.1.5.68334.5.1.2.1.10.4.5
1.1.5.68343.21.1.12.2
1.1.5.68410.5.1.3.3.7.7.87
1.1.5.68464.5.1.1.1.17.2
1.1.5.68470.5.1.12
1.1.5.68484.9.3.4.13
1.1.5.68542.5.1
1.1.5.68682.22.1.20.7
1.1.5.68827.16.3.6.6
1.1.5.69014.10.3.4
1.1.5.69140.11.2.15.5
1.1.5.69196.8.3.13
1.1.5.69314.45.4.24
1.1.5.69377.5.1.11.9.13.1.5
1.1.5.69434.26
1.1.5.69473.5.1.12.20
1.1.5.69497.9.1.4.3
1.1.5.69577.5.1.4
1.1.5.69664.14.2.16.2
1.1.5.69682.16.1.11.8
1.1.5.69800.23.1.16.1.2
1.1.5.69800.32.2.24.4
1.1.5.69891.5.1.4
1.1.5.69911.5.1.6.1
1.1.5.69930.5.1.4
1.1.5.69940.9.2.4.1.20
1.1.5.69984.9.1.4.1
1.1.5.70000.5.1.7.1.7
1.1.5.70033.19.2.4.13
1.1.5.70089.5.1.2.1
1.1.5.70164.5.1.49.10.10.3.25
1.1.5.70281.15
1.1.5.70331.31.1.16
1.1.5.70383.5.1.5.5.18.5.7
1.1.5.70429.27.1.20
1.1.5.70509.10.1.4.6.10
1.1.5.70603.19.2.4.1
1.1.5.70651.35.1.4.3
1.1.5.70705.5.1.29.1
1.1.5.70900.5.1.2.2.3
1.1.5.70900.9.4.4
1.1.5.70933.5.1.1
1.1.5.70995.5.1.5.8.10.4.12
1.1.5.71008.5.1.18
1.1.5.71083.5.1.1.1.3.1
1.1.5.71092.15
1.1.5.71225.21.4.4.10
1.1.5.71305.5.1.3.3
1.1.5.71337.35.2.21.1.66.2
1.1.5.71357.5.1.2.1
1.1.5.71397.13.4
1.1.5.71459.19.3.4.2.2
1.1.5.71487.5.1.7.9.59.1.2
1.1.5.71560.8.1.9
1.1.5.71632.9.1.7.3
1.1.5.71703.16.2.5.13
1.1.5.71743.5.1.1.1.12.4
1.1.5.71776.9.3.4
1.1.5.71796.18.3
1.1.5.71835.32.2.15
1.1.5.71859.8.1.5.18
1.1.5.71879.5.1.3.2
1.1.5.71887.16.2.11.1.19.2.13
1.1.5.71900.5.1.6
1.1.5.72013.5.1.15
1.1.5.72048.3
1.1.5.72064.5.1.8.2.3.1.2.8
1.1.5.72222.41.1.9.29.7
1.1.5.72272.5.1
1.1.5.72348.8.2.11.4
1.1.5.72374.17.1.5
1.1.5.72465.34.2.14.4
1.1.5.72559.6
1.1.5.72564.5.1.1.3.2
1.1.5.72630.5.1.6.3
1.1.5.72668.12.1.7.10
1.1.5.72675.18.3.10.6.4.2
1.1.5.72692.43.2.17.2.23.5
1.1.5.72704.5.1.30
1.1.5.72790.5.1.16
1.1.5.72938.5.1.5.1.3.3
1.1.5.72961.5.1
1.1.5.73010.13.3.29.1
1.1.5.73046.28.1.4.2.10
1.1.5.73051.18
1.1.5.73244.36.5.10.1.2.1
1.1.5.73312.15.2.8
1.1.5.73347.13.3.15
1.1.5.73356.17.2.6.3.7
1.1.5.73377.5.1.2.2
1.1.5.73392.5.1.4
1.1.5.73681.47.1.34.14
1.1.5.73721.5.1
1.1.5.73735.5.1.2.1.10.4.8
1.1.5.73744.21.1.12.2
1.1.5.73760.17.4.9.6.7
1.1.5.73809.5.1.3.3.7.7.13
1.1.5.73863.5.1.1.1.17.2
1.1.5.73869.5.1.12
1.1.5.73883.9.3.4.13
1.1.5.74096.22.1.20.7
1.1.5.74120.8.1.4
1.1.5.74308.5.1
1.1.5.74323.30.3.8
1.1.5.74367.17.3
1.1.5.74376.23.2.29.4.5
1.1.5.74480.5.1.6.2.5.1
1.1.5.74541.11.2.15.5
1.1.5.74713.5.1.7.10.7.1.8
1.1.5.74784.5.1.11.9.13.1.5
1.1.5.74838.17.2.4
1.1.5.74901.9.1.4.3
1.1.5.74987.5.1.4
1.1.5.75167.15.2
1.1.5.75213.23.1.16.1.2
1.1.5.75213.32.2.24.4
1.1.5.75303.16.2.12
1.1.5.75337.14.4.12.8
1.1.5.75345.10.2.4.2.1
1.1.5.75438.19.2.4.13
1.1.5.75495.5.1.2.1
1.1.5.75568.5.1.3.1.15
1.1.5.75682.15
1.1.5.75781.19.1.12.5
1.1.5.75889.5.1.1.1
1.1.5.75904.21.3.12.15.13
1.1.5.75993.19.2.4.1
1.1.5.76039.17.3.11
1.1.5.76283.5.1.3.3.9.2.62
1.1.5.76299.17.1.4
1.1.5.76311.5.1.1
1.1.5.76373.5.1.4.1.3.2.6
1.1.5.76383.5.1.1.1.5.4.11
1.1.5.76598.21.4.4.10
1.1.5.76725.5.1.2.1
1.1.5.76765.13.4
1.1.5.76827.10.1.4.10.2
1.1.5.76857.8.1.7.3
1.1.5.76973.5.1.8.3.4.2.4
1.1.5.77023.5.1.7.1.10.1.2
1.1.5.77139.5.1.5.4.10.2
1.1.5.77170.9.3.4
1.1.5.77190.18.3
1.1.5.77237.21.1.15.4
1.1.5.77262.9.1.17.24
1.1.5.77285.5.1.14
1.1.5.77300.5.1.6
1.1.5.77418.5.1.15
1.1.5.77453.3
1.1.5.77469.5.1.8.2.3.1.2.8
1.1.5.77536.14.1.5.7
1.1.5.77568.5.1
1.1.5.77571.5.1.14.1.3.3.28
1.1.5.77614.41.1.9.29.7
1.1.5.77746.8.2.11.4
1.1.5.77767.14.4
1.1.5.77864.34.2.14.4
1.1.5.77960.6
1.1.5.77965.5.1.1.3.2
1.1.5.78020.5.1.6.3
1.1.5.78058.12.1.7.10
1.1.5.78078.5.1
1.1.5.78087.5.1.12.1.9.7.16.10
1.1.5.78087.5.1.14.1.2
1.1.5.78095.46.1.13
1.1.5.78097.5.1.8
1.1.5.78181.5.1.16
1.1.5.78290.5.1.7.9.25
1.1.5.78328.5.1.5.1.3.3
1.1.5.78351.5.1
1.1.5.78399.13.3.29.1
1.1.5.78421.3
1.1.5.78441.3
1.1.5.78552.10.2.4.4
1.1.5.78560.14.2.10.6
1.1.5.78621.14.2.10.1.6.4
1.1.5.78642.5.1.8.1
1.1.5.78700.5.1.2.4.23
1.1.5.78725.5.1
1.1.5.78743.5.1.6
1.1.5.78748.5.1.12.10.21
1.1.5.78770.5.1
1.1.5.78773.25.1.9.2
1.1.5.78790.5.1.2
1.1.5.79032.9.1.4
1.1.5.79074.24.1.16.12.20.1
1.1.5.79174.22.2.26.1.20
1.1.5.79188.5.1.2.1.6
1.1.5.79225.18.4.4.1
1.1.5.79294.5.1.1.1.17.2
1.1.5.79300.5.1.12
1.1.5.79314.9.3.4.13
1.1.5.79328.5.1
1.1.5.79373.5.1
1.1.5.79380.6
1.1.5.79447.5.1
1.1.5.79503.22.1.20.7
1.1.5.79535.8.1.4
1.1.5.79587.5.1
1.1.5.79617.68.2.4
1.1.5.79657.16.3.6.6
1.1.5.79721.5.1
1.1.5.79906.5.1.6.2.5.1
1.1.5.79967.11.2.15.5
1.1.5.80023.8.3.13
1.1.5.80043.5.1
1.1.5.80118.5.1.3.1.49
1.1.5.80176.9.1.4
1.1.5.80195.13.2.6.5.22
1.1.5.80243.5.1.11.9.13.1.4
1.1.5.80355.17.1.5
1.1.5.80379.9.1.4.3
1.1.5.80459.5.1.4
1.1.5.80546.14.2.16.2
1.1.5.80564.16.1.11.8
1.1.5.80688.13.5.18
1.1.5.80689.9.1.6.13
1.1.5.80772.16.2.12
1.1.5.80806.14.4.12.8
1.1.5.80814.10.2.4.2.1
1.1.5.80896.5.1.20
1.1.5.80935.5.1.2.1
1.1.5.81014.27.1.17.5
1.1.5.81113.15
1.1.5.81214.3
1.1.5.81216.5.1.5.1.4
1.1.5.81217.11.1.12
1.1.5.81352.21.3.12.15.23
1.1.5.81445.19.2.4.1
1.1.5.81466.14.2.5.2
1.1.5.81475.26
1.1.5.81492.17.3.11
1.1.5.81545.5.1.20.1
1.1.5.81729.5.1.3.3.9.2.62
1.1.5.81745.17.1.4
1.1.5.81757.5.1.1
1.1.5.81819.5.1.4.1.3.2.6
1.1.5.81829.5.1.1.1.5.4.11
1.1.5.81908.5.1.1.1.3.1
1.1.5.81917.15
1.1.5.82017.16.2
1.1.5.82051.21.4.4.10
1.1.5.82133.5.1.3.3
1.1.5.82165.35.2.21.1.66.2
1.1.5.82227.13.4
1.1.5.82287.10.1.4.10.2
1.1.5.82326.5.1.1
1.1.5.82416.5.1.2
1.1.5.82431.5.1.2
1.1.5.82448.8.2.4.1
1.1.5.82454.5.1.3.1.1
1.1.5.82461.5.1.1.1.13
1.1.5.82565.5.1.1.1.12.4
1.1.5.82598.9.3.4
1.1.5.82619.18.3
1.1.5.82666.21.1.15.4
1.1.5.82697.5.1.3.1.1
1.1.5.82723.5.1.3
1.1.5.82737.44.4.35
1.1.5.82758.42.2.6.23.12.4.28
1.1.5.82830.5.1.15
1.1.5.82865.3
1.1.5.82954.5.1.4.4.11
1.1.5.82980.16
1.1.5.82986.12.3.8.14
1.1.5.83169.5.1
1.1.5.83230.5.1.27.4.9.4.4
1.1.5.83389.23.1.4
1.1.5.83390.10.1.9
1.1.5.83466.5.1.6.3
1.1.5.83504.12.1.7.10
1.1.5.83523.33.1.8
1.1.5.83525.5.1.1.2
1.1.5.83526.24.1.4.12
1.1.5.83537.5.1.30
1.1.5.83623.5.1.16
1.1.5.83722.5.1.7.9.25
1.1.5.83840.13.3.29.1
1.1.5.83870.28.1.4.2.18
1.1.5.83875.18
1.1.5.84010.14.2.10.6
1.1.5.84068.36.5.10.1.2.1
1.1.5.84130.15.2.8
1.1.5.84169.13.3.15
1.1.5.84178.17.2.6.3.7
1.1.5.84199.5.1.3.1.4.5
1.1.5.84213.5.1.2
1.1.5.84220.5.1.1.1.2.4.32
1.1.5.84223.5.1.1.1
1.1.5.84496.5.1.29.1.2
1.1.5.84557.5.1.5.4.10.4.7
1.1.5.84570.18.2.13.3.11
1.1.5.84637.5.1.3.3.7.7.75
1.1.5.84691.5.1.1.1.17.2
1.1.5.84697.5.1.12
1.1.5.84713.23.2.5.6.22
1.1.5.84720.5.1
1.1.5.84769.5.1
1.1.5.84861.17.2.15.2.2
1.1.5.84886.5.1.12
1.1.5.84916.5.1.5.1.4.1
1.1.5.84935.8.1.4
1.1.5.85014.68.2.4
1.1.5.85030.5.1
1.1.5.85049.6
1.1.5.85121.30.3.8
1.1.5.85303.16.3.10
1.1.5.85540.9.1.4
1.1.5.85558.5.1.13.17.11
1.1.5.85589.5.1.11.9.13.1.5
1.1.5.85714.9.1.4.3
1.1.5.85799.5.1.4
1.1.5.85912.16.1.11.8
1.1.5.85989.15.2
1.1.5.86044.23.1.16.1.2
1.1.5.86044.32.2.24.4
1.1.5.86134.16.2.12
1.1.5.86174.14.4.12.8
1.1.5.86182.10.2.4.2.1
1.1.5.86275.19.2.4.13
1.1.5.86326.5.1.2.1
1.1.5.86401.5.1.49.10.10.3.25
1.1.5.86619.3
1.1.5.86621.5.1.5.1.4
1.1.5.86622.11.1.12
1.1.5.86656.41.2
1.1.5.86752.21.3.12.15.23
1.1.5.86843.19.2.4.1
1.1.5.86851.17.2
1.1.5.86863.14.2.5.2
1.1.5.86872.26
1.1.5.86888.17.3.11
1.1.5.86945.5.1.29.1
1.1.5.87131.5.1.3.3.9.2.36
1.1.5.87173.5.1.1
1.1.5.87235.5.1.4.1.3.2.6
1.1.5.87245.5.1.1.1.5.4.11
1.1.5.87253.23
1.1.5.87449.21.4.4.10
1.1.5.87565.35.2.21.1.66.2
1.1.5.87632.13.4
1.1.5.87693.19.3.4.2.2
1.1.5.87725.5.1.21
1.1.5.87799.5.1.2
1.1.5.87814.5.1.2
1.1.5.87854.5.1.7.1.10.1.2
1.1.5.87957.5.1.1.1.12.4
1.1.5.87990.9.3.4
1.1.5.88010.18.3
1.1.5.88057.21.1.15.4
1.1.5.88083.17.2.18.14.8.2.25
1.1.5.88099.14
1.1.5.88113.5.1.6
1.1.5.88241.5.1.15
1.1.5.88276.3
1.1.5.88292.5.1.8.2.3.1.2.8
1.1.5.88361.5.1.4.4.11
1.1.5.88390.5.1
1.1.5.88393.5.1.14.1.3.3.66
1.1.5.88436.41.1.9.29.7
1.1.5.88455.16.2.13
1.1.5.88488.5.1
1.1.5.88561.5.1
1.1.5.88576.8.2.11.4
1.1.5.88601.17.1.5
1.1.5.88789.6
1.1.5.88794.5.1.1.3.2
1.1.5.88848.5.1.6.3
1.1.5.88886.12.1.7.10
1.1.5.88902.5.1
1.1.5.88911.5.1.12.1.9.6.10.14
1.1.5.88911.5.1.14.1.2
1.1.5.88919.46.1.13
1.1.5.88921.5.1.8
1.1.5.89006.5.1.16
1.1.5.89110.13.2.8.6
1.1.5.89208.5.1.10.1
1.1.5.89230.3
1.1.5.89250.3
1.1.5.89372.13.2
1.1.5.89448.36.5.10.1.2.1
1.1.5.89462.5.1.8.1
1.1.5.89517.5.1.2.4.23
1.1.5.89542.5.1
1.1.5.89560.5.1.6
1.1.5.89565.5.1.12.10.21
1.1.5.89587.5.1
1.1.5.89590.25.1.9.2
1.1.5.89605.5.1.2
1.1.5.89612.5.1.1.1.2.4.14
1.1.5.89921.5.1.29
1.1.5.89976.18.2.13.3.11
1.1.5.90043.5.1.3.3.7.7.75
1.1.5.90097.5.1.1.1.17.2
1.1.5.90103.5.1.12
1.1.5.90117.9.3.4.13
1.1.5.90131.5.1
1.1.5.90176.5.1
1.1.5.90183.6
1.1.5.90269.5.1.29.5.9.1
1.1.5.90269.5.1.30.1.2.2
1.1.5.90308.22.1.20.7
1.1.5.90332.8.1.4
1.1.5.90405.68.2.4
1.1.5.90445.16.3.6.6
1.1.5.90704.16.3.10
1.1.5.90900.5.1.3.1.64
1.1.5.90958.9.1.4
1.1.5.90976.5.1.13.17.11
1.1.5.91006.5.1.11.9.13.1.5
1.1.5.91060.17.2.4
1.1.5.91127.9.1.4.3
1.1.5.91208.16.1.7
1.1.5.91296.14.2.16.2
1.1.5.91314.16.1.11.8
1.1.5.91435.5.1
1.1.5.91445.14.2.9.15.6
1.1.5.91547.5.1.4
1.1.5.91573.5.1
1.1.5.91599.14.4.12.8
1.1.5.91608.5.1.2
1.1.5.91671.5.1.7.1.14
1.1.5.91704.19.2.4.13
1.1.5.91853.9.2.9.19
1.1.5.91946.17.2.4
1.1.5.92021.31.1.16
1.1.5.92069.3
1.1.5.92071.5.1.5.1.4
1.1.5.92072.11.1.12
1.1.5.92098.41.2
1.1.5.92108.15.1.5
1.1.5.92183.5.1.6.4.15.1.1.13
1.1.5.92314.14.2.5.2
1.1.5.92323.26
1.1.5.92335.14.2.6.3.4
1.1.5.92393.5.1.29.1
1.1.5.92574.5.1.8.14
1.1.5.92624.5.1.1
1.1.5.92686.5.1.5.8.10.4.12
1.1.5.92699.5.1.18
1.1.5.92882.16.2
1.1.5.92916.21.4.4.10
1.1.5.92978.8.1.7
1.1.5.93048.5.1.2.1
1.1.5.93088.13.4
1.1.5.93137.15.3
1.1.5.93138.5.1
1.1.5.93150.5.1.7.1
1.1.5.93196.5.1.1
1.1.5.93304.5.1.8.3.4.2.4
1.1.5.93357.5.1.7
1.1.5.93466.5.1.5.1.1.1
1.1.5.93469.16.2
1.1.5.93498.9.3.4
1.1.5.93519.18.3
1.1.5.93566.21.1.15.4
1.1.5.93589.22.1.12.7
1.1.5.93616.14
1.1.5.93630.5.1.6
1.1.5.93740.5.1.3.1.3
1.1.5.93773.3
1.1.5.93789.5.1.8.2.3.1.2.51
1.1.5.93860.5.1.2.1.3.1.37
1.1.5.93988.13.2.9
1.1.5.94085.8.2.11.4
1.1.5.94110.17.1.5
1.1.5.94200.34.2.14.4
1.1.5.94248.21.1.12
1.1.5.94291.6
1.1.5.94296.5.1.1.3.2
1.1.5.94350.5.1.6.3
1.1.5.94388.12.1.7.10
1.1.5.94407.11.2.17.10
1.1.5.94409.25.2.28.5.13
1.1.5.94421.16.1.5
1.1.5.94423.5.1.8
1.1.5.94508.5.1.16
1.1.5.94607.13.2.8.6
1.1.5.94640.10.1.4
1.1.5.94703.5.1.10.1
1.1.5.94731.3
1.1.5.94751.3
1.1.5.94861.10.2.4.4
1.1.5.94869.14.2.10.6
1.1.5.94927.14.2.10.1.6.9
1.1.5.94948.5.1.8.1
1.1.5.95006.5.1.2.4.23
1.1.5.95031.5.1
1.1.5.95049.5.1.6
1.1.5.95054.5.1.12.10.21
1.1.5.95076.5.1
1.1.5.95079.25.1.9.2
1.1.5.95098.13.1.6.11
1.1.5.95121.5.1.18
1.1.5.95347.24.1.16.12.24.1
1.1.5.95383.28.1.4.2
1.1.5.95446.5.1.5.4.10.4.7
1.1.5.95459.18.2.13.3.11
1.1.5.95529.5.1.3.3.7.7.70
1.1.5.95583.5.1.1.1.17.2
1.1.5.95589.5.1.12
1.1.5.95605.23.2.5.6.20
1.1.5.95612.5.1
1.1.5.95804.5.1.5.1.4.1
1.1.5.95823.8.1.4
1.1.5.95921.5.1
1.1.6.139.10.3.4
1.1.6.198.5.1.6.2.5.1
1.1.6.259.11.2.15.5
1.1.6.436.45.4.24
1.1.6.499.5.1.11.9.13.1.4
1.1.6.593.5.1.12.20
1.1.6.617.9.1.4.3
1.1.6.700.16.1.7
1.1.6.788.14.2.16.2
1.1.6.806.16.1.11.8
1.1.6.925.13.5.18
1.1.6.926.9.1.6.13
1.1.6.1013.5.1.4
1.1.6.1039.5.1
1.1.6.1065.14.4.12.8
1.1.6.1073.10.2.4.2.1
1.1.6.1158.5.1.20
1.1.6.1291.27.1.17.5
1.1.6.1458.31.1.16
1.1.6.1506.3
1.1.6.1508.5.1.5.1.4
1.1.6.1509.11.1.12
1.1.6.1644.21.3.12.15.23
1.1.6.1775.26
1.1.6.1791.17.3.11
1.1.6.1843.5.1.1.1.62.5
1.1.6.2033.5.1.3.3.9.2.62
1.1.6.2075.5.1.1
1.1.6.2140.5.1.1.1.5.4.11
1.1.6.2302.5.1.9.1.2.2
1.1.6.2362.21.4.4.10
1.1.6.2424.8.1.7
1.1.6.2494.5.1.2.1
1.1.6.2534.13.4
1.1.6.2593.5.1.7.2
1.1.6.2636.8.1.13.3
1.1.6.2703.8.1.9
1.1.6.2786.5.1.3
1.1.6.2877.5.1.1.1.12.4
1.1.6.2897.10.1.4
1.1.6.2908.9.3.4
1.1.6.2928.18.3
1.1.6.2975.21.1.15.4
1.1.6.3001.5.1.7.6.8.8
1.1.6.3025.14
1.1.6.3039.5.1.6
1.1.6.3157.5.1.15
1.1.6.3192.3
1.1.6.3279.5.1.12.2.8
1.1.6.3498.8.2.11.4
1.1.6.3524.17.1.5
1.1.6.3699.6
1.1.6.3704.5.1.1.3.2
1.1.6.3774.5.1.6.3
1.1.6.3812.12.1.7.10
1.1.6.3819.18.3.10.6.4.2
1.1.6.3839.5.1.11.12.13
1.1.6.3848.5.1.30
1.1.6.3929.5.1.16
1.1.6.4028.5.1.7.9.25
1.1.6.4065.10.1.4
1.1.6.4128.5.1.10.1
1.1.6.4150.3
1.1.6.4170.3
1.1.6.4360.14.2.10.1.6.7
1.1.6.4381.5.1.8.1
1.1.6.4440.9.2.10
1.1.6.4442.5.1.4.2.2
1.1.6.4481.5.1.2.21.13
1.1.6.4488.24.2.13.2.13.6.7
1.1.6.4512.5.1
1.1.6.4515.25.1.9.2
1.1.6.4532.5.1.2
1.1.6.4566.9.1.8.4
1.1.6.4786.43.2.18.5
1.1.6.4863.5.1.2.1.1.1.6
1.1.6.4906.5.1
1.1.6.4920.5.1.2.1.10.4.8
1.1.6.4929.21.1.12.2
1.1.6.4945.17.4.9.6.7
1.1.6.4994.5.1.3.3.7.7.13
1.1.6.5067.5.1.10
1.1.6.5089.9.3.4.13
1.1.6.5144.5.1
1.1.6.5224.20.2.17
1.1.6.5242.5.1.29.5.9.1
1.1.6.5242.5.1.30.1.2.2
1.1.6.5281.22.1.20.7
1.1.6.5305.8.1.4
1.1.6.5331.5.1.1.15
1.1.6.5408.5.1
1.1.6.5499.5.1
1.1.6.5514.30.3.8
1.1.6.5540.3
1.1.6.5718.16.3.10
1.1.6.5926.45.4.24
1.1.6.5962.13.2.6.5.22
1.1.6.5997.5.1.11.9.13.1.4
1.2.91.6.3.5.4.5.3
1.2.157.2.1.1.1
1.2.189.2.1.1
1.2.227.2.1.2.2
1.2.338.6.3.8
1.2.482.12.6.9.4.3.1
1.2.503.6.3.5
1.2.557.2.1
1.2.609.10.5
1.2.702.6.3.6.1.1
1.2.829.3
1.2.893.4.2.9.3
1.2.996.4.2.2
1.2.1040.4.2.8
1.2.1270.2.1.2.2.6
1.2.1499.6.3.21.5.10.1.13.7
1.2.1564.6.3.4.1
1.2.1631.6.3.3.1.3.3.30
1.2.1635.2.1.2.4.17
1.2.1698.2.1.2.1.4.2
1.2.1772.6.3
1.2.1809.2.1.1.1
1.2.2025.4.2
1.2.2042.2.1.7
1.2.2427.2.1.13
1.2.2487.8.4.10.1.2
1.2.2532.2.1.1
1.2.2580.3
1.2.2602.8.4.23.1.5
1.2.2637.2.1.7.1.5
1.2.2716.2.1.1
1.2.2729.6.3
1.2.2813.10.5.9.1.1
1.2.2821.8.4.23.1
1.2.2903.2.1.3.2.8.3
1.2.2930.6.3.6.5.10
1.2.3347.6.3.9.2.3
1.2.3523.2.1.3
1.2.3610.6.3.10
1.2.3658.4.2.2.1.15
1.2.3717.4.2.29.7
1.2.3735.4.2.3.2.8.1
1.2.3803.6.3
1.2.3869.4.2.4.3.5.1.4
1.2.3934.4.2.5.1.1
1.2.3976.2.1.3.1.29.3
1.2.3978.2.1.2
1.2.4016.6.3.8
1.2.4043.4.2.8
1.2.4052.2.1.3.1
1.2.4151.2.1.4.2
1.2.4271.4.2.10.2.21.3
1.2.4380.2.1.5
1.2.4469.4.2.4.1.1.1.1
1.2.4502.4.2.5.1.2.2.6.8
1.2.4544.2.1.1.1
1.2.4726.2.1.1
1.2.4876.4.2.5
1.2.5014.2.1
1.2.5134.4.2
1.2.5153.1
1.2.5231.4.2.3.2
1.2.5247.2.1.2.1.2.2.11.1
1.2.5398.6.3.10.2.16
1.2.5446.2.1.3.1.13.12.24
1.2.5466.1
1.2.5633.2.1.3.1.3.3
1.2.5738.6.3.20.1
1.2.5975.4.2.11
1.5.110.12.2.1.1
1.5.464.8.2.1.18
1.5.550.16.2.1.14.3
1.5.555.12.2.1.3.3.53.1
1.5.721.6.2.1.4
1.5.1022.6.2.1.8.1
1.5.1030.8.2.1.12.2.10
1.5.1130.24.2.1.20
1.5.1198.8.2.1.5.1.1.7
1.5.1405.13.2.1
1.5.1440.17.2.1.5.4
1.5.1488.16.2.1.5.2.5.3.17
1.5.1937.10.2.1.3.1
1.5.2041.15.2.1.3.1.13
1.5.2076.9.2.1.7.1.10.4.11
1.5.2377.7.2.1.1.6.12.2
1.5.2400.8.2.1.3.1.3.6
1.5.2422.12.2.1.2.1.28
1.5.2472.20.2.1.6
1.5.2560.11.2.1.4.1.5
1.5.2572.10.2.1.4.8.16
1.5.2791.12.2.1.11.8.24.2
1.5.2924.11.2.1
1.5.3042.8.2.1
1.5.3158.10.2.1.1.1.42.11
1.5.3212.6.2.1.3.2.4.1.12
1.5.3259.9.2.1
1.5.3329.21.2.1.2.2.6.1.27
1.5.3385.7.2.1.3.2.11
1.5.3542.9.2.1
1.5.3614.7.2.1.6.4.7.4.16
1.5.3665.15.2.1.2.1.1
1.5.3688.8.2.1.1.1
1.5.3719.38.2.1.11.1
1.5.3731.13.2.1.16
1.5.3954.7.2.1.2.1.2.1.2.2
1.5.4044.12.2.1.5
1.5.4061.18.2.1.1.1
1.5.4201.13.2.1
1.5.4261.11.2.1.3.5
1.5.4269.22.2.1
1.5.4371.11.2.1.7.5.15
1.5.4698.23.2.1
1.5.4717.6.2.1.2.2
1.5.4830.8.2.1
1.5.4874.23.2.1.27.8
1.5.4878.7.2.1.7.2
1.5.4880.8.2.1.15
1.5.4895.10.2.1.6.1
1.5.5009.9.2.1.3.3.8
1.5.5062.30.2.1.4.1.2.2
1.5.5344.7.2.1.6.2.2
1.5.5488.11.2.1.22.6.17
1.5.5703.7.2.1.3.2.3.3.19
1.5.5762.8.2.1.4.2.3.1.3
1.5.5771.27.2.1.6.1.2.1.26
1.5.5794.6.2.1
1.5.5819.11.2.1.57.1.5
1.5.5828.5.2.1.4.2.2.3.2
1.5.5848.7.2.1.12.1.10
1.5.5858.6.2.1.5.1
1.5.5985.10.2.1.2.4
1.5.6035.7.2.1.2.1
1.5.6106.5.2.1.12.9
1.5.6204.7.2.1.3
1.5.6303.7.2.1.4.2.2.2.38
1.5.6316.6.2.1.1.1.2.1.1
1.5.6375.7.2.1.4.5.12.3.22
1.5.6443.18.2.1.5.2.5.2.11
1.5.6469.13.2.1.13.2.6
1.5.6553.6.2.1.4.2.10.5
1.5.6715.11.2.1.5
1.5.6778.6.2.1.1.1.8.1
1.5.6796.8.2.1.26.2
1.5.6880.6.2.1
1.5.6909.5.2.1.8.6
1.5.7056.5.2.1.8.2.4.1
1.5.7195.7.2.1
1.5.7228.7.2.1.9.4
1.5.7273.12.2.1.1
1.5.7500.6.2.1.22
1.5.7590.8.2.1.52
1.5.7671.16.2.1.14.3
1.5.7861.14.2.1.4.3.1
1.5.8169.16.2.1.1.1.13.2
1.5.8286.19.2.1.1
1.5.8310.8.2.1.7.1.2.1
1.5.8353.8.2.1.5.1.1.9
1.5.8548.13.2.1
1.5.8620.9.2.1.1.1.1
1.5.8842.14.2.1
1.5.8977.7.2.1
1.5.9085.10.2.1.3.1
1.5.9216.8.2.1.6
1.5.9362.6.2.1.4.1
1.5.9521.7.2.1.1.6.12.2
1.5.9544.8.2.1.3.1.3.6
1.5.9570.12.2.1.2.1.25
1.5.9620.20.2.1.6
1.5.9700.16.2.1.1.1
1.5.9716.8.2.1.2.2.4
1.5.9915.12.2.1.11.8.24.2
1.5.10046.11.2.1
1.5.10164.8.2.1
1.5.10281.10.2.1.1.1.38.10
1.5.10323.11.2.1.8.1.13.4.23
1.5.10383.9.2.1
1.5.10449.21.2.1.2.2.6.1.31
1.5.10501.7.2.1.3.2.11
1.5.10717.7.2.1.6.4.8.4.16
1.5.10768.15.2.1.2.1.1
1.5.10793.8.2.1.1.1
1.5.10802.19.2.1.1.1.1
1.5.10861.24.2.1.15.2.11.1.3
1.5.10866.9.2.1.3.4.22.3
1.5.10895.13.2.1.9.3.5.4
1.5.10981.18.2.1.16.6.25
1.5.11027.7.2.1.2.1.2.1.2.2
1.5.11119.36.2.1.4.1.5.1
1.5.11206.15.2.1.52.1.4
1.5.11230.6.2.1.29.3.29.9.59.4
1.5.11309.11.2.1.3.5
1.5.11317.22.2.1
1.5.11420.11.2.1.8.8.23
1.5.11575.12.2.1.3.3.17
1.5.11713.23.2.1
1.5.11730.14.2.1.6.5
1.5.11776.8.2.1.12
1.5.11844.8.2.1
1.5.11888.23.2.1.27.8
1.5.11892.7.2.1.7.2
1.5.11894.8.2.1.15
1.5.11909.10.2.1.6.1
1.5.12017.9.2.1.3.3.8
1.5.12358.7.2.1.6.2.2
1.5.12501.23.2.1.22.6.17
1.5.12520.8.2.1.3.4.19.1
1.5.12771.8.2.1.4.2.3.1.3
1.5.12780.27.2.1.6.1.2.1.26
1.5.12803.6.2.1
1.5.12830.17.2.1.12.5.15
1.5.12859.7.2.1.12.1.10
1.5.12873.14.2.1.20.1
1.5.13001.10.2.1.2.4
1.5.13051.7.2.1.2.1
1.5.13335.7.2.1.4.2.2.2.38
1.5.13417.7.2.1.4.5.12.3.22
1.5.13485.18.2.1.5.2.5.2.11
1.5.13511.13.2.1.13.2.6
1.5.13603.6.2.1.4.2.10.5
1.5.13750.11.2.1.5
1.5.13777.11.2.1.5.1.1.1
1.5.13805.10.2.1.21.3.9
1.5.13928.8.2.1.2.1.2.2
1.5.14086.5.2.1.8.2.4.1
1.5.14327.16.2.1.1.1
1.5.14547.6.2.1.12.3.5
1.5.14554.6.2.1.22
1.5.14644.8.2.1.52
1.5.14729.16.2.1.14.3
1.5.14900.6.2.1.4
1.5.15006.6.2.1.6.3
1.5.15212.6.2.1.8.1
1.5.15220.8.2.1.12.2.10
1.5.15328.19.2.1.1
1.5.15352.8.2.1.7.1.2.1
1.5.15395.8.2.1.5.1.1.9
1.5.15608.13.2.1
1.5.15643.17.2.1
1.5.15689.16.2.1.5.2.5.3.17
1.5.15900.14.2.1
1.5.16004.20.2.1
1.5.16152.10.2.1.3.1
1.5.16260.15.2.1.3.1.13
1.5.16295.9.2.1.7.1.10.4.11
1.5.16613.7.2.1.1.6.12.2
1.5.16636.8.2.1.3.1.3.6
1.5.16662.12.2.1.2.1.5
1.5.16715.10.2.1.19
1.5.16783.28.2.1.1
1.5.16794.8.2.1.3.1.11
1.5.17019.12.2.1.11.8.23.2
1.5.17088.11.2.1.10
1.5.17152.11.2.1
1.5.17260.16.2.1.7.1
1.5.17425.6.2.1
1.5.17469.10.2.1
1.5.17562.8.2.1.18.2.17.2.9
1.5.17580.23.2.1.3
1.5.17638.7.2.1.3.2.11
1.5.17846.7.2.1.6.4.7.4.34
1.5.17893.9.2.1
1.5.17900.9.2.1.2.3.8.3.9
1.5.17922.7.2.1
1.5.17937.19.2.1.1.1.1
1.5.17955.38.2.1.11.1
1.5.17967.13.2.1.16
1.5.18182.7.2.1.2.1.2.1.2.2
1.5.18272.12.2.1.5
1.5.18289.18.2.1.1.1
1.5.18367.15.2.1.34.1.4
1.5.18391.6.2.1.29.3.29.9.20.10
1.5.18425.13.2.1
1.5.18485.11.2.1.3.5
1.5.18493.22.2.1
1.5.18603.11.2.1.7.5.15
1.5.18923.14.2.1.6.5
1.5.19027.8.2.1
1.5.19071.23.2.1.27.8
1.5.19075.7.2.1.7.2
1.5.19077.8.2.1.15
1.5.19092.10.2.1.6.1
1.5.19463.9.2.1
1.5.19529.7.2.1.6.2.2
1.5.19633.13.2.1.10.5.9.5
1.5.19669.12.2.1.2
1.5.19889.7.2.1.3.2.8.3.11
1.5.19940.10.2.1.2.3.23.1.2
1.5.19948.18.2.1.19
1.5.19977.6.2.1
1.5.20004.17.2.1.12.5.15
1.5.20014.11.2.1.15
1.5.20033.10.2.1.2.1.7
1.5.20167.10.2.1.2.4
1.5.20217.7.2.1.2.1
1.5.20287.7.2.1
1.5.20390.7.2.1.3
1.5.20403.7.2.1
1.5.20490.7.2.1.4.2.2.2.38
1.5.20503.6.2.1.1.1.2.1.1
1.5.20562.7.2.1.4.5.12.3.22
1.5.20636.18.2.1.5.2.5.2.11
1.5.20662.13.2.1.13.2.6
1.5.20753.6.2.1.4.2.10.5
1.5.20883.11.2.1.5
1.5.21242.13.2.1.31.6.23.4
1.5.21399.7.2.1
1.5.21432.7.2.1.9.4
1.5.21474.12.2.1.1
1.5.21808.8.2.1.18
1.5.21894.16.2.1.14.3
1.5.21899.12.2.1.3.3.53.1
1.5.22046.12.2.1
1.5.22061.11.2.1.17.5.4
1.5.22155.6.2.1.6.3
1.5.22367.17.2.1.1.1.6
1.5.22477.19.2.1.1
1.5.22501.8.2.1.7.1.2.1
1.5.22544.8.2.1.5.1.1.9
1.5.22654.9.2.1.2.2.10.8
1.5.22741.13.2.1
1.5.23037.14.2.1
1.5.23086.22.2.1
1.5.23277.10.2.1.3.1
1.5.23377.15.2.1.3.1.13
1.5.23412.9.2.1.7.1.10.4.11
1.5.23705.14.2.1.1.1.3.2
1.5.23728.8.2.1.3.1.3.6
1.5.23754.12.2.1.2.1.5
1.5.23807.10.2.1.19
1.5.23877.16.2.1.1.1
1.5.23893.8.2.1.2.2.4
1.5.23902.10.2.1.15.1
1.5.23909.6.2.1
1.5.23985.8.2.1
1.5.24100.18.2.1.1.2
1.5.24168.11.2.1.10
1.5.24236.11.2.1
1.5.24344.16.2.1.7.1
1.5.24429.5.2.1
1.5.24461.10.2.1.1.1.40.5
1.5.24502.6.2.1
1.5.24546.10.2.1
1.5.24639.8.2.1.18.2.17.2.9
1.5.24654.12.2.1.3.2.5
1.5.24669.7.2.1.3.1
1.5.24680.10.2.1
1.5.24909.7.2.1.6.4.8.4.16
1.5.24956.9.2.1
1.5.24963.9.2.1.2.3.8.3.9
1.5.24985.7.2.1
1.5.25000.19.2.1.1.1.1
1.5.25035.6.2.1.1.1.2.2.5
1.5.25059.24.2.1.15.2.9.2.19
1.5.25064.9.2.1.3.4.8.3
1.5.25238.7.2.1.2.1.2.1.2.2
1.5.25330.36.2.1.4.1.5.1
1.5.25491.10.2.1.9.3.9.1
1.5.25527.11.2.1.3.5
1.5.25535.22.2.1
1.5.25637.11.2.1.7.5.15
1.5.25964.23.2.1
1.5.25983.6.2.1.2.2
1.5.26030.8.2.1.12
1.5.26093.8.2.1
1.5.26141.5.2.1.11.6.11.8.32.33
1.5.26156.10.2.1.6.1
1.5.26443.20.2.1.6.1.3.3
1.5.26591.7.2.1.6.2.2
1.5.26688.13.2.1.10.5.9.5
1.5.26724.9.2.1.14.8.24
1.5.26851.10.2.1.18.1
1.5.26973.8.2.1.4.2.3.1.3
1.5.26982.27.2.1.6.1.2.1.26
1.5.27010.17.2.1.4.2.2.1.6
1.5.27034.17.2.1.12.5.15
1.5.27044.6.2.1.10.3.10
1.5.27065.10.2.1.2.1.7
1.5.27195.10.2.1.2.4
1.5.27245.7.2.1.2.1
1.5.27314.7.2.1
1.5.27331.5.2.1.12.8
1.5.27538.7.2.1.4.2.2.2.38
1.5.27620.7.2.1.4.5.12.3.22
1.5.27714.6.2.1.21.1.6.1.12
1.5.27767.10.2.1
1.5.27801.6.2.1.4.2.10.5
1.5.27955.11.2.1.5
1.5.27979.11.2.1.35.1.1.1
1.5.28007.10.2.1.21.3.9
1.5.28231.8.2.1.8.4
1.5.28243.8.2.1
1.5.28304.5.2.1.8.2.4.1
1.5.28443.7.2.1
1.5.28476.7.2.1.9.4
1.5.28518.12.2.1.1
1.5.28827.8.2.1.52
1.5.28908.8.2.1
1.5.29090.6.2.1.4
1.5.29194.6.2.1.6.3
1.5.29400.16.2.1.1.1.13.2
1.5.29503.24.2.1.20
1.5.29531.5.2.1.2.1.3.1
1.5.29577.8.2.1.5.1.1.3
1.5.29688.9.2.1.2.2.10.8
1.5.29754.7.2.1
1.5.29857.9.2.1.2.2.4.3
1.5.29870.10.2.1.21
1.5.30087.14.2.1
1.5.30195.20.2.1
1.5.30343.10.2.1.3.1
1.5.30447.15.2.1.3.1.13
1.5.30482.9.2.1.7.1.10.4.11
1.5.30559.11.2.1.20.5
1.5.30635.6.2.1.4.1
1.5.30808.14.2.1.1.1.3.2
1.5.30831.8.2.1.3.1.3.6
1.5.30857.12.2.1.2.1.25
1.5.30907.20.2.1.6
1.5.31000.11.2.1.4.1.5
1.5.31012.10.2.1.4.8.16
1.5.31090.12.2.1.1.1
1.5.31215.12.2.1.11.8.24.2
1.5.31344.11.2.1
1.5.31579.10.2.1.1.1.26.8
1.5.31620.6.2.1
1.5.31665.10.2.1
1.5.31705.9.2.1
1.5.31753.8.2.1.18.2.17.2.9
1.5.31771.23.2.1.3
1.5.31794.7.2.1.12.5
1.5.31805.10.2.1
1.5.31974.9.2.1
1.5.32046.7.2.1.6.4.8.4.16
1.5.32097.15.2.1.2.1.1
1.5.32122.8.2.1.1.1
1.5.32131.19.2.1.1.1.1
1.5.32190.24.2.1.15.2.9.2.24
1.5.32195.9.2.1.3.4.8.3
1.5.32372.7.2.1.2.1.2.1.2.2
1.5.32467.36.2.1.4.1.24.1
1.5.32626.10.2.1.9.3.9.1
1.5.32662.11.2.1.3.5
1.5.32670.22.2.1
1.5.32779.6.2.1.7.4.12.2.12
1.5.33085.23.2.1
1.5.33104.6.2.1.2.2
1.5.33222.8.2.1
1.5.33271.6.2.1.1
1.5.33278.9.2.1.2.1.3.2
1.5.33402.21.2.1.5
1.5.33455.30.2.1.4.1.2.2
1.5.33729.7.2.1.6.2.2
1.5.33833.13.2.1.10.5.9.5
1.5.33869.9.2.1.14.8.24
1.5.34078.7.2.1.3.2.8.4.5
1.5.34129.11.2.1.8
1.5.34138.18.2.1.5
1.5.34162.6.2.1
1.5.34187.11.2.1.57.1.5
1.5.34216.7.2.1.12.1.10
1.5.34233.14.2.1.25.1
1.5.34367.10.2.1.2.3
1.5.34480.5.2.1.12.16
1.5.34683.7.2.1.4.2.2.2.38
1.5.34872.14.2.1.5.1.1
1.5.34897.9.2.1.9.6.20
1.5.34994.6.2.1.4.2.10.5
1.5.35315.6.2.1
1.5.35498.13.2.1.31.6.23.4
1.5.35568.10.2.1.2.2
1.5.35739.16.2.1.1.1
1.5.36049.8.2.1.52
1.5.36114.8.2.1
1.5.36283.12.2.1
1.5.36298.11.2.1.17.5.4
1.5.36595.17.2.1.1.1.6
1.5.36698.19.2.1.1
1.5.36722.8.2.1.7.1.2.1
1.5.36765.8.2.1.5.1.1.9
1.5.36974.13.2.1
1.5.37009.17.2.1.5.4
1.5.37057.16.2.1.5.2.5.3.17
1.5.37494.10.2.1.3.1
1.5.37599.15.2.1.3.1.13
1.5.37634.9.2.1.7.1.10.4.11
1.5.37949.7.2.1.1.6.12.2
1.5.37972.8.2.1.3.1.3.6
1.5.37998.12.2.1.2.1.25
1.5.38051.10.2.1.19
1.5.38129.11.2.1.5.5.15
1.5.38349.12.2.1.11.8.24.2
1.5.38400.7.2.1.1.1.3.1.23
1.5.38466.11.2.1
1.5.38574.16.2.1.7.1
1.5.38664.5.2.1
1.5.38696.10.2.1.1.1.40.5
1.5.38738.11.2.1.8.1.13.4.23
1.5.38775.10.2.1
1.5.38868.8.2.1.18.2.17.2.9
1.5.38886.23.2.1.3
1.5.38944.7.2.1.2.1.10.1.2
1.5.39195.15.2.1.2.1.1
1.5.39218.8.2.1.1.1
1.5.39227.19.2.1.1.1.1
1.5.39262.6.2.1.1.1.2.2.5
1.5.39286.24.2.1.15.2.9.2.19
1.5.39291.9.2.1.3.4.8.3
1.5.39469.7.2.1.2.1.2.1.2.2
1.5.39564.36.2.1.4.1.24.1
1.5.39603.8.2.1.1.1
1.5.39669.6.2.1.29.3.29.9.30.6
1.5.39748.11.2.1.3.5
1.5.39756.22.2.1
1.5.39866.11.2.1.7.5.15
1.5.40013.12.2.1.3.3.9
1.5.40271.8.2.1
1.5.40312.14.2.1.3.1.3.1
1.5.40313.9.2.1.2.2.3.2
1.5.40318.6.2.1.1
1.5.40325.9.2.1.2.1.3.2
1.5.40442.9.2.1.3.3.8
1.5.40774.7.2.1.6.2.2
1.5.40931.8.2.1.3.4.19.1
1.5.41175.10.2.1.2.3.23.1.2
1.5.41183.18.2.1.19
1.5.41212.6.2.1
1.5.41239.17.2.1.12.5.15
1.5.41249.6.2.1.10.3.10
1.5.41270.10.2.1.2.1.7
1.5.41404.10.2.1.2.4
1.5.41518.5.2.1.12.8
1.5.41726.7.2.1.4.2.2.2.38
1.5.41915.14.2.1.5.1.1
1.5.41940.9.2.1.9.6.20
1.5.42008.10.2.1
1.5.42042.6.2.1.4.2.10.5
1.5.42205.11.2.1.35.1.1.1
1.5.42233.10.2.1.21.3.9
1.5.42354.8.2.1.2.1.2.2
1.5.42536.5.2.1.8.2.4.1
1.5.42564.8.2.1.30.2
1.5.42772.12.2.1.1
1.5.43006.5.2.1.4.4.19
1.5.43117.8.2.1.18
1.5.43189.8.2.1
1.5.43372.6.2.1.4
1.5.43685.17.2.1.1.1.6
1.5.43795.19.2.1.1
1.5.43863.8.2.1.5.1.1.3
1.5.43977.9.2.1.2.2.10.8
1.5.44072.13.2.1
1.5.44368.14.2.1
1.5.44622.10.2.1.3.1
1.5.44753.8.2.1.6
1.5.44832.11.2.1.20.5
1.5.45049.7.2.1.1.6.12.2
1.5.45072.8.2.1.3.1.3.6
1.5.45098.12.2.1.2.1.25
1.5.45148.20.2.1.6
1.5.45228.16.2.1.1.1
1.5.45244.8.2.1.2.2.4
1.5.45445.12.2.1.11.8.23.2
1.5.45514.11.2.1.10
1.5.45588.11.2.1
1.5.45696.16.2.1.7.1
1.5.45815.10.2.1.1.1.42.11
1.5.45856.6.2.1
1.5.45938.9.2.1
1.5.45986.8.2.1.18.2.17.2.9
1.5.46001.12.2.1.3.2.5
1.5.46056.7.2.1.2.1.10.1.2
1.5.46200.9.2.1
1.5.46268.7.2.1.6.4.8.4.16
1.5.46315.9.2.1
1.5.46322.9.2.1.2.3.8.3.9
1.5.46344.7.2.1
1.5.46359.19.2.1.1.1.1
1.5.46394.6.2.1.1.1.2.2.5
1.5.46418.24.2.1.15.2.9.2.19
1.5.46423.9.2.1.3.4.8.3
1.5.46703.36.2.1.4.1.5.1
1.5.46934.11.2.1.3.5
1.5.46942.22.2.1
1.5.47034.19.2.1.7.4
1.5.47048.10.2.1.3
1.5.47341.23.2.1
1.5.47360.6.2.1.2.2
1.5.47464.8.2.1
1.5.47498.11.2.1.14.6
1.5.47633.9.2.1.3.3.8
1.5.47686.30.2.1.4.1.2.2
1.5.47861.9.2.1
1.5.47903.9.2.1
1.5.47974.7.2.1.6.2.2
1.5.48115.24.2.1.6
1.5.48367.11.2.1.3.2.33
1.5.48395.6.2.1
1.5.48421.21.2.1.6
1.5.48455.7.2.1.12.1.10
1.5.48465.6.2.1.5.1
1.5.48593.10.2.1.2.4
1.5.48635.7.2.1.2.1
1.5.48820.7.2.1.3
1.5.48833.7.2.1
1.5.48920.7.2.1.4.2.2.2.38
1.5.49002.7.2.1.4.5.12.3.22
1.5.49118.13.2.1.13.2.6
1.5.49168.10.2.1
1.5.49202.6.2.1.4.2.10.5
1.5.49366.11.2.1.35.1.1.1
1.5.49394.10.2.1.21.3.9
1.5.49525.8.2.1.2.1.2.2
1.5.49693.5.2.1.8.2.4.1
1.5.49852.7.2.1
1.5.49885.7.2.1.9.4
1.5.49930.12.2.1.1
1.5.50264.14.2.1.16
1.5.50347.8.2.1
1.5.50364.9.2.1.2.2
1.5.50532.6.2.1.4
1.5.50834.17.2.1.1.1.6
1.5.50937.19.2.1.1
1.5.50961.8.2.1.7.1.2.1
1.5.51004.8.2.1.5.1.1.9
1.5.51115.9.2.1.2.2.10.8
1.5.51202.13.2.1
1.5.51409.8.2.1.3.1.2.1
1.5.51511.14.2.1
1.5.51598.20.2.1
1.5.51654.7.2.1
1.5.51758.10.2.1.3.1
1.5.51866.15.2.1.3.1.13
1.5.51901.9.2.1.7.1.10.4.11
1.5.52205.14.2.1.1.1.3.2
1.5.52228.8.2.1.3.1.3.6
1.5.52257.12.2.1.2.1.14
1.5.52307.20.2.1.6
1.5.52395.11.2.1.4.1.5
1.5.52407.10.2.1.4.8.16
1.5.52623.12.2.1.11.8.23.2
1.5.52692.11.2.1.10
1.5.52756.11.2.1
1.5.52874.8.2.1
1.5.53000.10.2.1.1.1.20.2
1.5.53038.6.2.1
1.5.53098.7.2.1.2.2.18
1.5.53152.8.2.1.18.2.17.2.9
1.5.53167.12.2.1.3.2.5
1.5.53182.7.2.1.3.1
1.5.53193.10.2.1
1.5.53217.11.2.1.3.1.2.1.2
1.5.53440.7.2.1
1.5.53481.15.2.1.2.1.1
1.5.53504.8.2.1.1.1
1.5.53513.19.2.1.1.1.1
1.5.53548.6.2.1.1.1.2.2.5
1.5.53572.24.2.1.15.2.11.1.3
1.5.53577.9.2.1.3.4.22.3
1.5.53760.7.2.1.2.1.2.1.2.2
1.5.53850.12.2.1.5
1.5.53867.18.2.1.1.1
1.5.54061.11.2.1.3.5
1.5.54069.22.2.1
1.5.54161.19.2.1.7.4
1.5.54175.10.2.1.3
1.5.54336.12.2.1.3.3.9
1.5.54501.14.2.1.6.5
1.5.54604.8.2.1
1.5.54657.5.2.1.11.6.11.8.32.36
1.5.54658.8.2.1.14
1.5.54677.10.2.1.6.1
1.5.54787.21.2.1.5
1.5.54840.30.2.1.4.1.2.2
1.5.55119.7.2.1.6.2.2
1.5.55224.13.2.1.10.5.9.5
1.5.55257.5.2.1.4.1.13.2.23
1.5.55385.10.2.1.18.1
1.5.55426.23.2.1.19.1.2.2
1.5.55514.8.2.1.4.2.3.1.3
1.5.55523.27.2.1.6.1.2.1.26
1.5.55546.6.2.1
1.5.55573.17.2.1.12.5.15
1.5.55583.6.2.1.10.3.10
1.5.55604.10.2.1.2.1.7
1.5.55734.10.2.1.2.4
1.5.55784.7.2.1.2.1
1.5.55967.7.2.1.3
1.5.56066.7.2.1.4.2.2.2.38
1.5.56148.7.2.1.4.5.12.3.22
1.5.56216.18.2.1.5.2.5.2.11
1.5.56242.13.2.1.13.2.6
1.5.56322.6.2.1.4.2.10.5
1.5.56473.11.2.1.5
1.5.56497.11.2.1.35.1.1.1
1.5.56525.10.2.1.21.3.9
1.5.56652.8.2.1.2.1.2.2
1.5.56746.8.2.1.8.4
1.5.56830.5.2.1.8.2.4.1
1.5.56858.8.2.1.30.2
1.5.56979.7.2.1
1.5.57012.7.2.1.9.4
1.5.57054.12.2.1.1
1.5.57381.14.2.1.50
1.5.57454.8.2.1
1.5.57624.12.2.1
1.5.57639.11.2.1.17.5.4
1.5.57729.6.2.1.6.3
1.5.57839.7.2.1.2.1.2.1
1.5.57933.6.2.1.8.1
1.5.57941.8.2.1.12.2.10
1.5.58044.19.2.1.1
1.5.58068.8.2.1.7.1.2.1
1.5.58111.8.2.1.5.1.1.9
1.5.58225.9.2.1.2.2.10.8
1.5.58312.13.2.1
1.5.58347.17.2.1.5.4
1.5.58395.16.2.1.5.2.5.3.17
1.5.58517.7.2.1.13.2
1.5.58623.14.2.1
1.5.58727.20.2.1
1.5.58882.10.2.1.3.1
1.5.58987.15.2.1.3.1.13
1.5.59022.9.2.1.7.1.10.4.11
1.5.59099.11.2.1.20.5
1.5.59337.7.2.1.1.6.12.2
1.5.59360.8.2.1.3.1.3.6
1.5.59386.12.2.1.2.1.25
1.5.59439.10.2.1.19
1.5.59517.11.2.1.4.1.5
1.5.59529.10.2.1.4.8.16
1.5.59751.12.2.1.11.8.23.2
1.5.59820.11.2.1.10
1.5.59884.11.2.1
1.5.59992.16.2.1.7.1
1.5.60111.10.2.1.1.1.42.11
1.5.60152.6.2.1
1.5.60228.9.2.1
1.5.60276.8.2.1.18.2.17.2.9
1.5.60291.12.2.1.3.2.5
1.5.60346.7.2.1.2.1.10.1.2
1.5.60559.7.2.1.6.4.7.4.16
1.5.60606.9.2.1
1.5.60613.9.2.1.2.3.8.3.9
1.5.60661.19.2.1.1.1.1
1.5.60679.38.2.1.11.1
1.5.60691.13.2.1.16
1.5.60908.7.2.1.2.1.2.1.2.2
1.5.61000.36.2.1.4.1.5.1
1.5.61153.10.2.1.9.3.9.1
1.5.61189.11.2.1.3.5
1.5.61197.22.2.1
1.5.61308.11.2.1.8.8.23
1.5.61445.12.2.1.3.3.9
1.5.61718.8.2.1
1.5.61766.5.2.1.11.6.11.8.32.37
1.5.61767.8.2.1.14
1.5.61786.10.2.1.6.1
1.5.62128.9.2.1
1.5.62170.9.2.1
1.5.62241.7.2.1.6.2.2
1.5.62346.13.2.1.10.5.9.5
1.5.62379.5.2.1.4.1.13.2.23
1.5.62602.7.2.1.3.2.8.3.11
1.5.62653.11.2.1.8
1.5.62662.18.2.1.5
1.5.62691.6.2.1
1.5.62713.28.2.1.3
1.5.62746.7.2.1.12.1.10
1.5.62756.6.2.1.5.1
1.5.62871.11.2.1
1.5.63023.5.2.1.12.9
1.5.63218.7.2.1.4.2.2.2.38
1.5.63407.14.2.1.5.1.1
1.5.63432.9.2.1.9.6.20
1.5.63527.6.2.1.4.2.10.5
1.5.63673.11.2.1.5
1.5.63736.6.2.1.1.1.8.1
1.5.63864.8.2.1.2.1.2.2
1.5.64037.13.2.1.31.6.23.4
1.5.64261.12.2.1.1
1.5.64519.5.2.1.40.6.20
1.5.64609.14.2.1.50
1.5.64683.8.2.1
1.5.64860.6.2.1.4
1.5.65164.17.2.1.1.1.6
1.5.65278.24.2.1.20
1.5.65306.5.2.1.2.1.3.1
1.5.65352.8.2.1.5.1.1.3
1.5.65463.9.2.1.2.2.10.8
1.5.65569.13.2.1
1.5.65604.17.2.1.5.4
1.5.65648.16.2.1.5.2.5.3.15
1.5.65728.10.2.1.16.1
1.5.65889.14.2.1
1.5.66129.10.2.1.3.1
1.5.66233.15.2.1.3.1.13
1.5.66268.9.2.1.7.1.10.4.11
1.5.66552.14.2.1.1.1.3.2
1.5.66575.8.2.1.3.1.3.6
1.5.66601.12.2.1.2.1.5
1.5.66651.20.2.1.6
1.5.66763.13.2.1
1.5.66958.12.2.1.11.8.23.2
1.5.67027.11.2.1.10
1.5.67095.11.2.1
1.5.67300.5.2.1
1.5.67332.10.2.1.1.1.40.5
1.5.67373.6.2.1
1.5.67418.10.2.1
1.5.67458.9.2.1
1.5.67506.8.2.1.18.2.17.2.9
1.5.67521.12.2.1.3.2.5
1.5.67576.7.2.1.2.1.10.1.2
1.5.67721.9.2.1
1.5.67790.7.2.1.6.4.8.4.32
1.5.67841.15.2.1.2.1.1
1.5.67864.8.2.1.1.1
1.5.67873.19.2.1.1.1.1
1.5.67891.38.2.1.11.1
1.5.67903.13.2.1.16
1.5.68226.36.2.1.4.1.24.1
1.5.68436.11.2.1.3.5
1.5.68444.22.2.1
1.5.68528.19.2.1.7.4
1.5.68541.10.2.1.3
1.5.68936.8.2.1
1.5.68985.6.2.1.1
1.5.68992.9.2.1.2.1.3.2
1.5.69112.9.2.1.3.3.8
1.5.69165.30.2.1.4.1.2.2
1.5.69302.20.2.1.6.1.3.3
1.5.69448.7.2.1.6.2.2
1.5.69581.6.2.1.5.1.6.3.37
1.5.69684.9.2.1.4.3.7.5
1.5.69785.7.2.1.3.2.3.3.23
1.5.69839.8.2.1.4.2.3.1.3
1.5.69848.27.2.1.6.1.2.1.26
1.5.69871.6.2.1
1.5.69897.21.2.1.6
1.5.69940.10.2.1.7
1.5.70086.10.2.1.2.3
1.5.70402.7.2.1.4.2.2.2.38
1.5.70591.14.2.1.5.1.1
1.5.70616.9.2.1.9.6.20
1.5.70704.6.2.1.4.2.10.5
1.5.70848.11.2.1.5
1.5.70872.11.2.1.35.1.1.1
1.5.71012.6.2.1
1.5.71041.5.2.1.8.6
1.5.71208.5.2.1.8.2.4.1
1.5.71345.7.2.1
1.5.71378.7.2.1.9.4
1.5.71423.12.2.1.1
1.5.71645.6.2.1.12.3.5
1.5.71652.6.2.1.22
1.5.71763.8.2.1.18
1.5.71857.16.2.1.14.3
1.6.27.8.2.1.9.3.6
1.6.178.8.2.1.3.2.5.2
1.6.181.8.2.1.10.5.15.2.3
1.6.294.8.2.1.7
1.6.319.8.2.1.7.6.33.2
1.6.380.8.2.1
1.6.394.8.2.1
1.6.515.8.2.1.1.1.1
1.6.539.8.2.1.3.1.1.1
1.6.577.8.2.1.6
1.6.592.8.2.1.22.4
1.6.716.8.2.1.3
1.6.752.8.2.1.5.2.3.2
1.6.835.8.2.1.9.3.20.1
1.6.901.8.2.1.1.7
1.6.920.8.2.1.1.2
1.6.1176.8.2.1
1.6.1215.8.2.1.1.1.3
1.6.1235.8.2.1.9.5.1.1
1.6.1305.8.2.1.2.2.9.6
1.6.1365.8.2.1.20.3
1.6.1518.8.2.1
1.6.1558.8.2.1.16
1.6.1686.8.2.1.1.3
1.6.1879.8.2.1.4.1.1
1.6.1944.8.2.1.2.1.1.1.10
1.6.1978.8.2.1.1.1.4
1.6.2051.8.2.1.6.1.3
1.6.2140.8.2.1.3.1.12.3.10
1.6.2156.8.2.1.4.2.3.2.5
1.6.2445.8.2.1.18.3.11
1.6.2475.8.2.1.7.5.1.6
1.6.2549.8.2.1
1.6.2806.8.2.1
1.6.2829.8.2.1.2.1.2.3.9.64
1.6.2851.8.2.1.20.3
1.6.2884.8.2.1.9
1.6.3012.8.2.1.6
1.6.3020.8.2.1
1.6.3039.8.2.1.2.1.12.2.33
1.6.3135.8.2.1.2.2
1.6.3278.8.2.1.9.5.16.1
1.6.3307.8.2.1.2.1
1.6.3374.8.2.1.7.4
1.6.3389.8.2.1.3
1.6.3397.8.2.1.2.5.8.3
1.6.3507.8.2.1.27
1.6.3544.8.2.1
1.6.3560.8.2.1.17.1
1.6.3666.8.2.1
1.6.3878.8.2.1.10.2.8
1.6.3924.8.2.1.10.3.6.1.9
1.6.3999.8.2.1.1.1.1.1.10.20
1.6.4055.8.2.1.51.2
1.6.4088.8.2.1.2.2.24.4
1.6.4179.8.2.1
1.6.4437.8.2.1.1.1
1.6.4536.8.2.1.20.11.19
1.6.4715.8.2.1.8.4
1.6.4717.8.2.1.3.7.7.4.8
1.6.4733.8.2.1.4.3.11.3
1.6.4816.8.2.1.5.1
1.6.4879.8.2.1.3.1.3
1.6.5009.8.2.1.15.4.26
1.6.5041.8.2.1.12.2
1.6.5112.8.2.1.13.1
1.6.5202.8.2.1
1.6.5272.8.2.1
1.6.5435.8.2.1.5.1.13
1.6.5492.8.2.1
1.6.5677.8.2.1.17.1.4
1.6.5723.8.2.1.16.2.5.2.4
1.6.5742.8.2.1.16.1.2.1.22
1.6.5769.8.2.1.5.1.1.1.3
1.6.5807.8.2.1.5.4.12
1.6.5832.8.2.1.12
1.6.5985.8.2.1
1.6.6170.8.2.1.14.5
1.6.6238.8.2.1.3.1.3.3.18
1.6.6322.8.2.1.1
1.6.6351.8.2.1.2.1.1
1.6.6378.8.2.1.22.1.1.2.2
1.6.6382.8.2.1.1.1.2.2.19
1.6.6437.8.2.1.6.1.1
1.6.6540.8.2.1.20
1.6.6568.8.2.1.8
1.6.6751.8.2.1.17.5
1.6.6751.8.2.1.19.2
1.6.6813.8.2.1.4
1.6.6886.8.2.1.14
1.6.7093.8.2.1.6.5
1.6.7133.8.2.1
1.6.7164.8.2.1
1.6.7238.8.2.1.2
1.6.7446.8.2.1.7.3.5.3
1.6.7881.8.2.1.5.2
1.6.7991.8.2.1
1.6.8054.8.2.1
1.6.8092.8.2.1.14
1.6.8190.8.2.1.15.1.15
1.6.8211.8.2.1
1.6.8323.8.2.1.3.2.5.2
1.6.8326.8.2.1.10.5.15.2.3
1.6.8394.8.2.1.9.2.23
1.6.8473.8.2.1.7.6.24.2
1.6.8649.8.2.1
1.6.8670.8.2.1.2.2.11.2.4
1.6.8743.8.2.1.15.1.18
1.6.8756.8.2.1.14.4.42
1.6.8884.8.2.1.3
1.6.8900.8.2.1.7.2.33.2.12
1.6.8923.8.2.1.5.2.3.2
1.6.9010.8.2.1
1.6.9073.8.2.1.1.5
1.6.9092.8.2.1.1.2
1.6.9350.8.2.1.6.2.18.3
1.6.9424.8.2.1.23.1.39
1.6.9432.8.2.1.9.5.1.1
1.6.9553.8.2.1.20.3
1.6.9602.8.2.1.1
1.6.9727.8.2.1
1.6.9767.8.2.1.16
1.6.10118.8.2.1.4.1.1
1.6.10211.8.2.1.1.1.4
1.6.10284.8.2.1.6.1.3
1.6.10373.8.2.1.3.1.12.3.10
1.6.10389.8.2.1.4.2.3.2.5
1.6.10413.8.2.1.22.4.19.7.12
1.6.10488.8.2.1.1.1
1.6.10675.8.2.1.18.3.11
1.6.10705.8.2.1.7.5.1.6
1.6.10779.8.2.1
1.6.11063.8.2.1.2.1.2.3.9.48
1.6.11087.8.2.1.24.1
1.6.11114.8.2.1.13
1.6.11148.8.2.1.4.2
1.6.11244.8.2.1.6
1.6.11252.8.2.1
1.6.11271.8.2.1.2.1.12.2.33
1.6.11337.8.2.1.14.1.5
1.6.11542.8.2.1.2.1
1.6.11616.8.2.1.12.3
1.6.11628.8.2.1.3
1.6.11636.8.2.1.2.5.8.3
1.6.11731.8.2.1.28
1.6.11768.8.2.1
1.6.11784.8.2.1.17.1
1.6.11882.8.2.1
1.6.12093.8.2.1.2.2.71
1.6.12156.8.2.1.27.3.6.1.9
1.6.12222.8.2.1.1.1.1.1.10.22
1.6.12344.8.2.1.38.3
1.6.12453.8.2.1.6.4.13.1.4
1.6.12687.8.2.1
1.6.12771.8.2.1.20.11.19
1.6.12952.8.2.1.8.4
1.6.12970.8.2.1.4.3.9.3
1.6.13057.8.2.1.5.1
1.6.13120.8.2.1.3.1.3
1.6.13199.8.2.1.9.3.11
1.6.13254.8.2.1.1.1.2.3.42
1.6.13284.8.2.1.12.2
1.6.13351.8.2.1.13.1
1.6.13372.8.2.1.40.10.22.1
1.6.13427.8.2.1
1.6.13497.8.2.1
1.6.13653.8.2.1.10
1.6.13712.8.2.1
1.6.13880.8.2.1.18.1.4
1.6.13931.8.2.1.8.1.2
1.6.13940.8.2.1.2
1.6.13971.8.2.1.5.1.1.1.3
1.6.14203.8.2.1.2.2.33.4
1.6.14236.8.2.1.3.3
1.6.14306.8.2.1
1.6.14358.8.2.1.4.1.55.1
1.6.14380.8.2.1.12.1
1.6.14444.8.2.1.3.1.3.3.13
1.6.14530.8.2.1.13.3.10
1.6.14557.8.2.1.2.1.1
1.6.14584.8.2.1.22.1.1.2.2
1.6.14588.8.2.1.1.1.2.2.19
1.6.14657.8.2.1.6.1.1
1.6.14759.8.2.1.20
1.6.14788.8.2.1.8
1.6.14869.8.2.1
1.6.14891.8.2.1.32.16
1.6.15050.8.2.1.3.2.5
1.6.15051.8.2.1.4.3.15.5
1.6.15288.8.2.1
1.6.15300.8.2.1.4.2
1.6.15364.8.2.1
1.6.15395.8.2.1
1.6.15469.8.2.1.2
1.6.15679.8.2.1.7.3.5.3
1.6.15968.8.2.1.9.3.18
1.6.16012.8.2.1
1.6.16066.8.2.1
1.6.16114.8.2.1.5.2
1.6.16220.8.2.1
1.6.16318.8.2.1.14
1.6.16410.8.2.1.9.3.6
1.6.16552.8.2.1.3.2.5.2
1.6.16555.8.2.1.10.5.15.2.3
1.6.16622.8.2.1.9.2.23
1.6.16701.8.2.1.7.6.24.2
1.6.16887.8.2.1
1.6.16908.8.2.1.2.2.11.2.4
1.6.16956.8.2.1.5.3
1.6.16983.8.2.1.19.1.20
1.6.16996.8.2.1.14.4.44
1.6.17099.8.2.1.3
1.6.17135.8.2.1.5.2.3.2
1.6.17223.8.2.1
1.6.17280.8.2.1.1.7
1.6.17299.8.2.1.1.2
1.6.17555.8.2.1.6.2.18.3
1.6.17629.8.2.1.23.1.39
1.6.17637.8.2.1.9.5.1.1
1.6.17772.8.2.1.20.3
1.6.17832.8.2.1.10.11
1.6.17950.8.2.1
1.6.17990.8.2.1.16
1.6.18123.8.2.1.1.3
1.6.18325.8.2.1.4.1.1
1.6.18420.8.2.1.13
1.6.18481.8.2.1.6.1.3
1.6.18570.8.2.1.3.1.12.3.10
1.6.18586.8.2.1.4.2.3.2.5
1.6.18606.8.2.1.28.4.14.14.33
1.6.18684.8.2.1
1.6.18704.8.2.1.1.1
1.6.18804.8.2.1.2.6.5.1
1.6.18832.8.2.1.16.2
1.6.18895.8.2.1.18.3.11
1.6.18926.8.2.1.7.5.1.13
1.6.19000.8.2.1
1.6.19295.8.2.1.2.1.2.3.9.37
1.6.19348.8.2.1.13
1.6.19469.8.2.1.6
1.6.19477.8.2.1
1.6.19496.8.2.1.2.1.12.2.33
1.6.19560.8.2.1.20.1.5
1.6.19598.8.2.1.7.1
1.6.19766.8.2.1.2.1
1.6.19836.8.2.1.17.2
1.6.19848.8.2.1.3
1.6.19856.8.2.1.2.5.8.3
1.6.19878.8.2.1.4.5
1.6.19936.8.2.1.2.4.14.2.12
1.6.19969.8.2.1.3.2.4.5
1.6.20068.8.2.1
1.6.20399.8.2.1.1.1.1.1.10.21
1.6.20501.8.2.1
1.6.20640.8.2.1.8
1.6.20811.8.2.1.1
1.6.20862.8.2.1.1.1
1.6.20963.8.2.1.20.11.19
1.6.21143.8.2.1.20.1.3.1
1.6.21151.8.2.1.9.3.11
1.6.21167.8.2.1.18.4.17.3
1.6.21296.8.2.1.3.1.3
1.6.21350.8.2.1.9.1.1.1
1.6.21441.8.2.1.1.1.2.3.34
1.6.21471.8.2.1.12.2
1.6.21538.8.2.1.13.1
1.6.21612.8.2.1
1.6.21843.8.2.1.15.5.13
1.6.21894.8.2.1
1.6.22062.8.2.1.17.1.4
1.6.22113.8.2.1.8.1.2
1.6.22122.8.2.1.2
1.6.22153.8.2.1.5.1.1.1.3
1.6.22154.8.2.1.6.2.7.4
1.6.22222.8.2.1.29
1.6.22369.8.2.1
1.6.22480.8.2.1
1.6.22640.8.2.1.14.10.14.2.34
1.6.22724.8.2.1.1
1.6.22750.8.2.1.2.1.1
1.6.22778.8.2.1.22.1.1.2.2
1.6.22782.8.2.1.1.1.2.2.19
1.6.22837.8.2.1.6.1.1
1.6.22944.8.2.1.20
1.6.22973.8.2.1.8
1.6.23048.8.2.1
1.6.23070.8.2.1.32.16
1.6.23230.8.2.1.3.2.5
1.6.23231.8.2.1.4.3.15.5
1.6.23274.8.2.1.13.6.21.1
1.6.23308.8.2.1.1.1
1.6.23441.8.2.1
1.6.23485.8.2.1.6.5
1.6.23553.8.2.1
1.6.23616.8.2.1
1.6.24171.8.2.1.17.3.30
1.6.24215.8.2.1
1.6.24292.8.2.1.3.1.5
1.6.24399.8.2.1
1.6.24497.8.2.1.14
1.6.24578.8.2.1
1.6.24614.8.2.1.9.3.6
1.6.24763.8.2.1.3.2.5.2
1.6.24766.8.2.1.10.5.15.2.3
1.6.24833.8.2.1.9.2.23
1.6.24912.8.2.1.7.6.24.2
1.6.25087.8.2.1.1.1.1
1.6.25153.8.2.1.15.1.18
1.6.25166.8.2.1.14.4.42
1.6.25287.8.2.1.3
1.6.25303.8.2.1.7.2.33.2.12
1.6.25406.8.2.1.9.3.20.1
1.6.25466.8.2.1.1.7
1.6.25485.8.2.1.1.2
1.6.25731.8.2.1.6.2.18.3
1.6.25798.8.2.1.1.1.3
1.6.25813.8.2.1
1.6.25823.8.2.1.24
1.6.25826.8.2.1
1.6.25936.8.2.1.20.3
1.6.25996.8.2.1.10.11
1.6.26119.8.2.1
1.6.26159.8.2.1.16
1.6.26299.8.2.1.1.3
1.6.26483.8.2.1.4.1.1
1.6.26548.8.2.1.2.1.1.1.10
1.6.26582.8.2.1.1.1.4
1.6.26655.8.2.1.6.1.3
1.6.26695.8.2.1.20.5.11
1.6.26758.8.2.1.1.1.1.1.3
1.6.26778.8.2.1.3
1.6.26891.8.2.1.4.3.7.2
1.6.26917.8.2.1.9.2.12.4
1.6.26927.8.2.1.1.4.14
1.6.26935.8.2.1.9.1
1.6.27011.8.2.1.16.2
1.6.27074.8.2.1.18.3.11
1.6.27178.8.2.1
1.6.27472.8.2.1.2.1.2.3.9.37
1.6.27525.8.2.1.13
1.6.27655.8.2.1.6
1.6.27663.8.2.1
1.6.27682.8.2.1.2.1.12.2.33
1.6.27771.8.2.1.2.2
1.6.27930.8.2.1.4.1.5.9
1.6.27953.8.2.1
1.6.28037.8.2.1.17.2
1.6.28049.8.2.1.3
1.6.28057.8.2.1.2.5.8.3
1.6.28167.8.2.1.27
1.6.28204.8.2.1
1.6.28220.8.2.1.17.1
1.6.28330.8.2.1
1.6.28482.8.2.1.6.5
1.6.28541.8.2.1.10.2.8
1.6.28587.8.2.1.10.3.6.1.9
1.6.28662.8.2.1.1.1.1.1.10.20
1.6.28703.8.2.1
1.6.28730.8.2.1.2.2
1.6.28915.8.2.1.8
1.6.28973.8.2.1.18.7.10.2.11
1.6.29078.8.2.1.1.1.2
1.6.29120.8.2.1.1.1
1.6.29365.8.2.1
1.6.29454.8.2.1.8.4
1.6.29472.8.2.1.4.3.9.3
1.6.29608.8.2.1.3.1.3
1.6.29687.8.2.1.9.3.11
1.6.29719.8.2.1.3.3
1.6.29747.8.2.1.1.1.2.3.35
1.6.29777.8.2.1.12.2
1.6.29801.8.2.1.1.11
1.6.29846.8.2.1.13.1
1.6.29920.8.2.1
1.6.29990.8.2.1
1.6.30193.8.2.1
1.6.30371.8.2.1.17.1.4
1.6.30418.8.2.1.6.2.4
1.6.30427.8.2.1.2
1.6.30458.8.2.1.5.1.1.1.3
1.6.30513.8.2.1.13
1.6.30700.8.2.1.5.1
1.6.30705.8.2.1.6.2
1.6.30769.8.2.1
1.6.30851.8.2.1.14.5
1.6.30941.8.2.1.7.6.16.4
1.6.31000.8.2.1.1
1.6.31026.8.2.1.2.1.1
1.6.31054.8.2.1.22.1.1.2.2
1.6.31058.8.2.1.1.1.2.2.19
1.6.31127.8.2.1.6.1.1
1.6.31231.8.2.1.20
1.6.31259.8.2.1.8
1.6.31415.8.2.1
1.6.31499.8.2.1.4
1.6.31578.8.2.1.2.3.45.1.11
1.6.31599.8.2.1.1.1
1.6.31801.8.2.1
1.6.31832.8.2.1
1.6.31897.8.2.1.8.1
1.6.32120.8.2.1.7.3.5.3
1.6.32426.8.2.1.17.3.28
1.6.32470.8.2.1
1.6.32566.8.2.1.32.1.11
1.6.32665.8.2.1.42.4.7.1
1.6.32767.8.2.1.14
1.6.32864.8.2.1.9.3.6
1.6.32989.8.2.1.3.2.5.2
1.6.32992.8.2.1.10.5.15.2.3
1.6.33060.8.2.1.9.2.23
1.6.33139.8.2.1.7.6.24.2
1.6.33313.8.2.1
1.6.33334.8.2.1.2.2.11.2.4
1.6.33407.8.2.1.15.1.19
1.6.33420.8.2.1.14.4.43
1.6.33548.8.2.1.3
1.6.33564.8.2.1.7.2.33.2.12
1.6.33667.8.2.1.9.3.20.1
1.6.33721.8.2.1.1.7
1.6.33740.8.2.1.1.2
1.6.33913.8.2.1
1.6.33995.8.2.1
1.6.34058.8.2.1.10.1.36
1.6.34066.8.2.1.9.5.1.1
1.6.34199.8.2.1.20.3
1.6.34355.8.2.1
1.6.34395.8.2.1.16
1.6.34532.8.2.1.1.3
1.6.34709.8.2.1.4.1.1
1.6.34804.8.2.1.13
1.6.34956.8.2.1.1.1.1.1.3
1.6.34976.8.2.1.3
1.6.35004.8.2.1.5.4.48.7.16
1.6.35061.8.2.1.3.1.4.9.29
1.6.35267.8.2.1.18.3.11
1.6.35297.8.2.1.7.5.1.6
1.6.35371.8.2.1
1.6.35664.8.2.1.3.6.11
1.6.35699.8.2.1.24.1
1.6.35726.8.2.1.13
1.6.35859.8.2.1.2
1.6.35888.8.2.1.2.1.12.2.21
1.6.35944.8.2.1.21.1.5
1.6.35982.8.2.1.7.1
1.6.36119.8.2.1.4.1.5.9
1.6.36141.8.2.1.2.1
1.6.36211.8.2.1.7.4
1.6.36226.8.2.1.3
1.6.36234.8.2.1.2.5.8.3
1.6.36256.8.2.1.4.5
1.6.36319.8.2.1.27
1.6.36356.8.2.1
1.6.36372.8.2.1.17.1
1.6.36478.8.2.1
1.6.36689.8.2.1.2.2.72
1.6.36748.8.2.1.34.3.6.1.9
1.6.36777.8.2.1.9.4.18.3.44
1.6.36823.8.2.1.1.1.1.1.10.20
1.6.36889.8.2.1.2.2
1.6.36956.8.2.1.38.3
1.6.37021.8.2.1
1.6.37435.8.2.1.13.6.7.1
1.6.37516.8.2.1
1.6.37588.8.2.1.20.1.3.1
1.6.37596.8.2.1.9.3.11
1.6.37612.8.2.1.18.4.17.3
1.6.37701.8.2.1.5.1
1.6.37764.8.2.1.3.1.3
1.6.37818.8.2.1.9.1.1.1
1.6.37897.8.2.1.10
1.6.38008.8.2.1.13.1
1.6.38087.8.2.1
1.6.38314.8.2.1.13.5.8.1.8
1.6.38542.8.2.1.17.1.4
1.6.38592.8.2.1.12.2.5.2.5
1.6.38611.8.2.1.15.2.2
1.6.38639.8.2.1.5.1.1.1.3
1.6.38692.8.2.1.13
1.6.38875.8.2.1
1.6.38945.8.2.1
1.6.39024.8.2.1.14.5
1.6.39105.8.2.1.3.1.3.3.6
1.6.39192.8.2.1.3.1.40
1.6.39211.8.2.1.7
1.6.39230.8.2.1.2.1.1
1.6.39257.8.2.1.22.1.1.2.2
1.6.39261.8.2.1.1.1.2.2.19
1.6.39312.8.2.1.6.1.1
1.6.39442.8.2.1.3.1.4
1.6.39517.8.2.1
1.6.39534.8.2.1
1.6.39612.8.2.1
1.6.39651.8.2.1.2.2
1.6.39726.8.2.1.3.2.5
1.6.39727.8.2.1.4.3.15.5
1.6.39821.8.2.1.1.1
1.6.40005.8.2.1.6.5
1.6.40073.8.2.1
1.6.40138.8.2.1.8.1
1.6.40358.8.2.1.7.3.5.3
1.6.40661.8.2.1.17.3.28
1.6.40705.8.2.1
1.6.40790.8.2.1.5.2
1.6.40900.8.2.1
1.6.40998.8.2.1.14
1.6.41081.8.2.1
1.6.41117.8.2.1.9.3.6
1.6.41274.8.2.1.3.2.5.2
1.6.41277.8.2.1.10.5.15.2.3
1.6.41345.8.2.1.9.2.23
1.6.41424.8.2.1.7.6.24.2
1.6.41491.8.2.1
1.6.41505.8.2.1
1.6.41604.8.2.1
1.6.41625.8.2.1.2.2.11.2.4
1.6.41648.8.2.1.3.1.1.1
1.6.41680.8.2.1.19.1.32
1.6.41693.8.2.1.14.4.56
1.6.41815.8.2.1.3
1.6.41937.8.2.1
1.6.42001.8.2.1.1.7
1.6.42020.8.2.1.1.2
1.6.42280.8.2.1
1.6.42337.8.2.1.23.1.39
1.6.42345.8.2.1.9.5.1.1
1.6.42435.8.2.1.3.3
1.6.42488.8.2.1.20.3
1.6.42548.8.2.1.10.11
1.6.42678.8.2.1
1.6.42718.8.2.1.16
1.6.42984.8.2.1.16.4.15.1
1.6.43055.8.2.1.4.1.1
1.6.43150.8.2.1.13
1.6.43224.8.2.1.6.1.3
1.6.43264.8.2.1.20.5.11
1.6.43327.8.2.1.3.1.12.3.10
1.6.43343.8.2.1.4.2.3.2.5
1.6.43371.8.2.1
1.6.43457.8.2.1.4.3.7.2
1.6.43484.8.2.1.9.2.12.4
1.6.43494.8.2.1.1.4.14
1.6.43502.8.2.1.9.1
1.6.43536.8.2.1
1.6.43636.8.2.1.18.3.11
1.6.43742.8.2.1
1.6.44034.8.2.1.2.1.2.3.9.44
1.6.44058.8.2.1.24.1
1.6.44085.8.2.1.13
1.6.44107.8.2.1.4.2
1.6.44203.8.2.1.2
1.6.44232.8.2.1.2.1.12.2.21
1.6.44298.8.2.1.14.1.5
1.6.44336.8.2.1.7.1
1.6.44473.8.2.1.4.1.5.9
1.6.44495.8.2.1.2.1
1.6.44569.8.2.1.12.3
1.6.44581.8.2.1.3
1.6.44589.8.2.1.2.5.8.3
1.6.44699.8.2.1.27
1.6.44736.8.2.1
1.6.44752.8.2.1.17.1
1.6.44850.8.2.1
1.6.44961.8.2.1.4.1.2.3.23.4
1.6.45046.8.2.1.2.2.70
1.6.45200.8.2.1.1.1.1.1.10.30
1.6.45260.8.2.1.2.2
1.6.45394.8.2.1
1.6.45432.8.2.1.8
1.6.45620.8.2.1.1.1
1.6.45718.8.2.1.20.11.19
1.6.45748.8.2.1.13.6.7.1
1.6.45827.8.2.1
1.6.45925.8.2.1.9.3.16
1.6.45941.8.2.1.18.4.17.3
1.6.46077.8.2.1.3.1.3
1.6.46131.8.2.1.9.1.1.1
1.6.46156.8.2.1.9.4.14
1.6.46211.8.2.1.1.1.2.3.42
1.6.46241.8.2.1.12.2
1.6.46308.8.2.1.13.1
1.6.46393.8.2.1
1.6.46597.8.2.1.10
1.6.46656.8.2.1
1.6.46830.8.2.1.17.1.4
1.6.46874.8.2.1.6.2.4
1.6.46882.8.2.1.1.1.1
1.6.46913.8.2.1.5.1.1.1.3
1.6.46914.8.2.1.6.2.7.4
1.6.46949.8.2.1.5.4.12
1.6.46975.8.2.1.12
1.6.47123.8.2.1
1.6.47160.8.2.1
1.6.47315.8.2.1.14.5
1.6.47396.8.2.1.2.1.1.1.10
1.6.47473.8.2.1.13.3.10
1.6.47503.8.2.1.2.1.1
1.6.47531.8.2.1.22.1.1.2.2
1.6.47535.8.2.1.1.1.2.2.19
1.6.47586.8.2.1.6.1.1
1.6.47716.8.2.1.3.1.4
1.6.47953.8.2.1.3.2.5
1.6.47954.8.2.1.4.3.15.5
1.6.48048.8.2.1.1.1
1.6.48183.8.2.1.3.2
1.6.48273.8.2.1
1.6.48304.8.2.1
1.6.48369.8.2.1.8.1
1.6.48581.8.2.1.7.3.5.3
1.6.48888.8.2.1.17.3.28
1.6.48998.8.2.1.5.2
1.6.49189.8.2.1.14
1.6.49289.8.2.1.15.1.15
1.6.49443.8.2.1.3.2.5.2
1.6.49446.8.2.1.10.5.15.2.3
1.6.49513.8.2.1.9.2.23
1.6.49592.8.2.1.7.6.24.2
1.6.49659.8.2.1
1.6.49673.8.2.1
1.6.49796.8.2.1.14
1.6.49870.8.2.1.15.1.18
1.6.49883.8.2.1.14.4.42
1.6.49994.8.2.1.3
1.6.50030.8.2.1.5.2.3.2
1.6.50113.8.2.1.9.3.20.1
1.6.50167.8.2.1.1.5
1.6.50186.8.2.1.1.2
1.6.50459.8.2.1
1.6.50500.8.2.1.1.1.5
1.6.50520.8.2.1.9.5.1.1
1.6.50610.8.2.1.3.3
1.6.50663.8.2.1.20.3
1.6.50843.8.2.1.7
1.6.50984.8.2.1.1.3
1.6.51172.8.2.1.4.1.1
1.6.51265.8.2.1.1.1.4
1.6.51338.8.2.1.6.1.3
1.6.51427.8.2.1.3.1.12.3.10
1.6.51443.8.2.1.4.2.3.2.5
1.6.51463.8.2.1.22.4.10.6.9
1.6.51534.8.2.1.3.1.4.9.33
1.6.51743.8.2.1.18.3.11
1.6.51847.8.2.1
1.6.52105.8.2.1
1.6.52128.8.2.1.2.1.2.3.9.44
1.6.52152.8.2.1.24.1
1.6.52179.8.2.1.13
1.6.52201.8.2.1.4.2
1.6.52295.8.2.1.2
1.6.52324.8.2.1.2.1.12.2.21
1.6.52390.8.2.1.14.1.5
1.6.52599.8.2.1.2.1
1.6.52673.8.2.1.12.3
1.6.52685.8.2.1.3
1.6.52693.8.2.1.2.5.8.3
1.6.52777.8.2.1.28
1.6.52814.8.2.1
1.6.52830.8.2.1.17.1
1.6.52935.8.2.1
1.6.53046.8.2.1.4.1.2.3.23.4
1.6.53076.8.2.1.18.1.1
1.6.53129.8.2.1.22
1.6.53188.8.2.1.27.3.6.1.9
1.6.53217.8.2.1.9.4.18.3.44
1.6.53263.8.2.1.1.1.1.1.10.17
1.6.53391.8.2.1.38.3
1.6.53580.8.2.1.18.7.10.2.11
1.6.53889.8.2.1.13.6.7.1
1.6.53968.8.2.1
1.6.54058.8.2.1
1.6.54060.8.2.1.18.1.12.5
1.6.54060.8.2.1.21.1.2
1.6.54077.8.2.1.4.3.11.3
1.6.54167.8.2.1.5.1
1.6.54236.8.2.1.9.7.13.4.1
1.6.54286.8.2.1.9.1.1.1
1.6.54362.8.2.1.10
1.6.54393.8.2.1.12.2
1.6.54460.8.2.1.13.1
1.6.54534.8.2.1
1.6.54785.8.2.1
1.6.54965.8.2.1.17.1.4
1.6.55016.8.2.1.8.1.2
1.6.55025.8.2.1.2
1.6.55056.8.2.1.5.1.1.1.3
1.6.55057.8.2.1.6.2.7.4
1.6.55092.8.2.1.5.4.12
1.6.55118.8.2.1.12
1.6.55362.8.2.1
1.6.55458.8.2.1.12.1
1.6.55530.8.2.1.3.1.3.3.12
1.6.55616.8.2.1.13.3.10
1.6.55643.8.2.1.2.1.1
1.6.55670.8.2.1.22.1.1.2.2
1.6.55674.8.2.1.1.1.2.2.19
1.6.55729.8.2.1.6.1.1
1.6.55858.8.2.1.3.1.4
1.6.55924.8.2.1
1.6.55941.8.2.1
1.6.56047.8.2.1.2.2
1.6.56115.8.2.1.3.2.5
1.6.56116.8.2.1.4.3.15.5
1.6.56192.8.2.1.2.3.59.1.11
1.6.56216.8.2.1.6.2.28.1
1.6.56331.8.2.1.3.2
1.6.56385.8.2.1
1.6.56431.8.2.1
1.6.56462.8.2.1
1.6.56521.8.2.1.8.1
1.6.56744.8.2.1.7.3.5.3
1.6.56977.8.2.1
1.6.57016.8.2.1
1.6.57066.8.2.1.17.3.28
1.6.57110.8.2.1
1.6.57243.8.2.1.13.4
1.6.57311.8.2.1
1.6.57373.8.2.1
1.6.57411.8.2.1.14
1.6.57514.8.2.1.15.1.15
1.6.57650.8.2.1.3.2.5.1
1.6.57653.8.2.1.10.5.15.2.3
1.6.57723.8.2.1.9.2.23
1.6.57802.8.2.1.7.6.24.2
1.6.57982.8.2.1
1.6.58003.8.2.1.2.2.11.2.4
1.6.58076.8.2.1.15.1.18
1.6.58089.8.2.1.14.4.42
1.6.58216.8.2.1.21.6.10.5.36
1.6.58221.8.2.1.4.2.2.1
1.6.58243.8.2.1.5.2.3.2
1.6.58326.8.2.1.9.3.20.1
1.6.58378.8.2.1.1.5
1.6.58393.8.2.1.12
