1.1.1.76.9.3.9
1.1.1.79.9.2.8
1.1.1.124.26.2.11
1.1.1.155.26.2
1.1.1.236.9.1.3
1.1.1.322.5.1.14.4.9.2
1.1.1.421.12.1.1
1.1.1.455.9.2.35
1.1.1.668.8.2.7
1.1.1.679.18
1.1.1.716.46.1.15
1.1.1.728.17.1.5
1.1.1.763.14.4.19.2
1.1.1.778.10.1.18
1.1.1.805.21.2.15
1.1.1.834.43.4.9
1.1.1.869.9.1.32
1.1.1.967.9.1.24
1.1.1.1000.18.1.2
1.1.1.1027.17.1.1
1.1.1.1030.8.1.2
1.1.1.1059.5.1.1.20
1.1.1.1098.8.1.13
1.1.1.1102.5.1.7.1
1.1.1.1154.8.2.2
1.1.1.1166.44.1.19
1.1.1.1186.54.1.62
1.1.1.1215.10.1.20
1.1.1.1254.34.3.25
1.1.1.1417.13.1.7
1.1.1.1439.9.3.1
1.1.1.1442.5.1.3.1
1.1.1.1524.21.3.2
1.1.1.1565.6
1.1.1.1572.14.4.21
1.1.1.1746.5.1.8.2.3.2
1.1.1.1772.5.1.7.3.6.2
1.1.1.1947.8.2.6
1.1.1.1990.31.1.11
1.1.1.2006.9.2.2
1.1.1.2064.5.1.8.4.6
1.1.1.2158.10.2.12
1.1.1.2221.5.1
1.1.1.2224.8.4.5
1.1.1.2235.5.1.2.2
1.1.1.2236.22.1.9
1.1.1.2260.8.1.6
1.1.1.2326.29.1.25
1.1.1.2333.9.1.2
1.1.1.2435.5.1.2.1
1.1.1.2500.13.1.7.2
1.1.1.2568.43.1.2
1.1.1.2571.5.1
1.1.1.2577.25.2.12.1.9.2
1.1.1.2593.8.1.2
1.1.1.2607.9.1.9.7
1.1.1.2628.8.1.1
1.1.1.2685.18.1.5
1.1.1.2789.5.1.1.5
1.1.1.3033.22.2
1.1.1.3244.17.2.8.7
1.1.1.3269.12.1.5
1.1.2.3334.25.2.20.10.21
1.1.2.3343.3
1.1.2.3346.9.1.26
1.1.2.3363.11.1.15
1.1.2.3522.9.3.1
1.1.2.3586.51.1.21
1.1.2.3590.24.1.11
1.1.2.3592.14.2.6
1.1.2.3648.8.2.5
1.1.2.3670.5.1.7.5.16.4.22.6
1.1.2.3678.14.1.10
1.1.2.3707.22.1.11
1.1.2.3765.8.1.27
1.1.2.3829.35.3.50
1.1.2.4021.19.2.14.2
1.1.2.4159.26.2.1
1.1.2.4365.21.2.22.5
1.1.2.4416.17.1.1
1.1.2.4502.28.1.11
1.1.2.4607.6
1.1.2.4700.8.4.9
1.1.2.4714.39.2.23.3
1.1.2.4777.19.2.2
1.1.2.4874.35.1.24
1.1.2.4994.5.1.5.1.5.1.12
1.1.2.5018.19.1.2
1.1.2.5050.10.1.8
1.1.2.5053.9.1.22.8
1.1.2.5097.10.1.5
1.1.2.5142.5.1.11
1.1.2.5182.53.1.8
1.1.2.5274.10.1.3
1.1.2.5343.14.3.7.4
1.1.2.5364.5.1.3.1
1.1.2.5391.10.2.2
1.1.2.5450.9.3.9
1.1.2.5453.9.2.8
1.1.2.5590.5.1.3.2.13.3
1.1.2.5600.9.1.3
1.1.2.5669.11.1.1
1.1.2.5701.5.1.1.2
1.1.2.5763.33.2.2
1.1.2.5821.12.1.1
1.1.2.6025.26.1.2
1.1.2.6058.8.2.7
1.1.2.6069.18
1.1.2.6106.46.1.15
1.1.2.6118.17.1.5
1.1.2.6172.10.1.18
1.1.2.6225.17.7.10
1.1.2.6228.14.2.10.1.2.1
1.1.2.6351.9.1.24
1.1.2.6419.33.1.2
1.1.2.6496.8.1.13
1.1.2.6500.5.1.7.1
1.1.2.6546.8.2.2
1.1.2.6558.44.1.19
1.1.2.6607.10.1.20
1.1.2.6614.13.2
1.1.2.6642.34.3.25
1.1.2.6772.9.2.6
1.1.2.6808.27.2.34
1.1.2.6868.29.1.11
1.1.2.6893.21.3.2
1.1.2.6934.6
1.1.2.6941.14.4.21
1.1.2.7156.5.1.7.3.6.2
1.1.2.7333.13.2.7
1.1.2.7377.31.1.11
1.1.2.7393.9.2.2
1.1.2.7447.5.1.8.4.6
1.1.2.7452.10.1.4.5
1.1.2.7546.10.2.12
1.1.2.7609.5.1
1.1.2.7612.8.4.5
1.1.2.7706.12
1.1.2.7835.5.1.2.1
1.1.2.7897.13.1.7.2
1.1.2.7977.9.1.5.2
1.1.2.7980.12.1.3
1.1.2.7991.8.1.2
1.1.2.8005.9.1.9.7
1.1.2.8044.9.3.1
1.1.2.8088.18.1.5
1.1.2.8181.5.1.7.5
1.1.2.8288.11.1.2
1.1.2.8566.12.2.6
1.1.2.8644.5.1.1
1.1.2.8675.46.1.2
1.1.2.8704.13.1.5.2
1.1.2.8776.13.1.1
1.1.2.8809.13.1.2
1.1.2.8992.51.1.21
1.1.2.8996.24.1.11
1.1.2.8998.14.2.6
1.1.2.9151.19.1.32
1.1.2.9252.35.3.50
1.1.2.9372.12.2.8
1.1.2.9593.26.2.1
1.1.2.9643.5.1.3.3.36.5
1.1.2.9656.9.1.1
1.1.2.9659.12.4.2
1.1.2.9699.10.1.3
1.1.2.9716.18.3.5.8
1.1.2.9849.5.1.2
1.1.2.9881.3
1.1.2.9904.38.1.19
1.1.2.10054.6
1.1.2.10077.5.1.5.1
1.1.2.10157.10.3.2
1.1.2.10161.5.1
1.1.2.10202.10.1.11
1.1.2.10243.9.2.11
1.1.2.10251.8.2.2
1.1.2.10343.10.1.4
1.1.2.10353.35.1.24
1.1.2.10459.13.2.2
1.1.2.10469.25.1.11.1.2
1.1.2.10509.8.1.3
1.1.2.10535.10.1.8
1.1.2.10538.9.1.22.8
1.1.2.10627.12.1.14
1.1.2.10694.21.1.8
1.1.2.10709.20.3.2
1.1.2.10750.10.1.3
1.1.2.10853.5.1.3.1
1.1.2.10880.10.2.2
1.1.2.10892.9.1.4
1.1.2.10926.6
1.1.2.10937.30.2.2
1.1.2.10989.26.2.11
1.1.2.11020.26.2
1.1.2.11111.32.1.7
1.1.2.11166.11.1.1
1.1.2.11194.5.1.14.4.9.2
1.1.2.11252.14.1.4
1.1.2.11314.21.2.2
1.1.2.11331.11.1.3
1.1.2.11554.8.2.7
1.1.2.11565.18
1.1.2.11602.46.1.15
1.1.2.11614.17.1.5
1.1.2.11733.14.1.5
1.1.2.11766.18.2.16
1.1.2.11843.18.1.2
1.1.2.11870.17.1.1
1.1.2.11873.8.1.2
1.1.2.11880.8.1.1
1.1.2.11945.8.1.13
1.1.2.11949.5.1.7.1
1.1.2.11967.12.3.5
1.1.2.11999.8.2.2
1.1.2.12011.44.1.19
1.1.2.12030.54.1.62
1.1.2.12059.10.1.20
1.1.2.12101.34.3.25
1.1.2.12226.16.1.4
1.1.2.12246.9.3.1
1.1.2.12261.27.2.24
1.1.2.12303.19.1.8
1.1.2.12308.13.3.12
1.1.2.12354.21.3.2
1.1.2.12395.6
1.1.2.12402.14.4.21
1.1.2.12605.5.1.7.3.6.2
1.1.2.12769.13.3.10.5.3.2
1.1.2.12777.13.2.14
1.1.2.12887.14.4.16.15
1.1.2.12966.10.2.12
1.1.2.12987.34.2.18.15
1.1.2.12988.46.4.39
1.1.2.13028.5.1
1.1.2.13031.8.4.5
1.1.2.13042.5.1.2.2
1.1.2.13043.22.1.9
1.1.2.13067.8.1.6
1.1.2.13101.18.1.2
1.1.2.13128.13.1.12.1.13
1.1.2.13144.9.1.11
1.1.2.13151.13.1.2
1.1.2.13171.41.1.23
1.1.2.13177.21.1.2
1.1.2.13215.12.2.1
1.1.2.13218.13.1.6
1.1.2.13249.5.1.2.1
1.1.2.13320.13.1.7.2
1.1.2.13377.17.2.15
1.1.2.13404.9.5.8
1.1.2.13405.9.1.6
1.1.2.13465.18.1.5
1.1.2.13570.5.1.7.5
1.1.2.13676.11.1.2
1.1.2.13745.12.1.1
1.1.2.14047.9.1.1
1.1.2.14048.14.2.5
1.1.2.14052.15.3.11.6
1.1.2.14095.17.1.2
1.1.2.14095.17.1.3
1.1.2.14133.13.1.3
1.1.2.14138.9.1.5
1.1.2.14156.11.1.10
1.1.2.14311.9.3.1
1.1.2.14413.11.4.10
1.1.2.14462.8.1.1
1.1.2.14532.9.1.13
1.1.2.14552.14.1.7
1.1.2.14584.9.1.30
1.1.2.14613.5.1.17.1
1.1.2.14646.35.3.50
1.1.2.14741.12.2.8
1.1.2.15024.5.1.3.3.36.5
1.1.2.15037.9.1.1
1.1.2.15040.12.4.2
1.1.2.15099.8.2.2
1.1.2.15231.5.1.2
1.1.2.15275.3
1.1.2.15289.38.1.19
1.1.3.15435.5.1
1.1.3.15459.5.1.5.1
1.1.3.15536.10.3.2
1.1.3.15540.5.1
1.1.3.15581.10.1.11
1.1.3.15651.8.1.15
1.1.3.15738.13.2.2
1.1.3.15842.5.1.6.1.2
1.1.3.15871.8.1.4
1.1.3.15916.13.1.19.7.13.7
1.1.3.16056.21.1.8
1.1.3.16086.9.1.1
1.1.3.16104.10.1.3
1.1.3.16177.14.3.7.4
1.1.3.16198.5.1.3.1
1.1.3.16278.9.3.9
1.1.3.16281.9.2.8
1.1.3.16326.26.2.11
1.1.3.16357.26.2
1.1.3.16531.5.1.14.4.9.2
1.1.3.16569.13.2.5
1.1.3.16714.22.1.11
1.1.3.16718.25.3.6.1
1.1.3.16801.9.1.1
1.1.3.16929.46.1.15
1.1.3.16941.17.1.5
1.1.3.16976.14.4.19.2
1.1.3.16991.10.1.18
1.1.3.17073.9.1.32
1.1.3.17156.9.1.24
1.1.3.17224.33.1.2
1.1.3.17335.8.2.2
1.1.3.17347.44.1.19
1.1.3.17395.10.2.2
1.1.3.17435.34.3.25
1.1.3.17604.13.1.7
1.1.3.17626.9.3.1
1.1.3.17629.5.1.3.1
1.1.3.17758.6
1.1.3.17765.14.4.21
1.1.3.17852.9.1.4
1.1.3.17872.17.1.6
1.1.3.17961.5.1.7.3.6.2
1.1.3.18138.10.2.8
1.1.3.18139.13
1.1.3.18154.8.2.6
1.1.3.18197.31.1.11
1.1.3.18213.9.2.2
1.1.3.18366.10.2.12
1.1.3.18429.5.1
1.1.3.18432.8.4.5
1.1.3.18443.5.1.2.2
1.1.3.18444.22.1.9
1.1.3.18468.8.1.6
1.1.3.18652.5.1.2.1
1.1.3.18726.33.4.6.13.25.7.14
1.1.3.18795.17.2.15
1.1.3.18822.9.5.8
1.1.3.18823.9.1.6
1.1.3.18883.18.1.5
1.1.3.18989.5.1.7.5
1.1.3.19112.11.1.2
1.1.3.19159.12.1.1
1.1.3.19230.22.2
1.1.3.19369.12.2.6
1.1.3.19398.9.1.4
1.1.3.19473.9.1.1
1.1.3.19474.14.2.5
1.1.3.19478.15.3.11.6
1.1.3.19525.13.1.5.2
1.1.3.19563.12.2.1
1.1.3.19573.12.1.4
1.1.3.19602.13.1.1
1.1.3.19821.51.1.21
1.1.3.19825.24.1.11
1.1.3.19827.14.2.6
1.1.3.19898.8.1.1
1.1.3.19921.5.1.7.5.16.4.16.47
1.1.3.19929.14.1.10
1.1.3.19959.9.1.13
1.1.3.20013.8.1.27
1.1.3.20077.35.3.50
1.1.3.20171.12.2.8
1.1.3.20222.46.2.14.4
1.1.3.20243.17.3.2
1.1.3.20307.5.1.3.2.4
1.1.3.20408.19.2.9
1.1.3.20477.5.1.3.3.18.2
1.1.3.20489.9.1.1
1.1.3.20492.12.4.2
1.1.3.20564.8.2.2
1.1.3.20631.21.2.22.5
1.1.3.20679.17.1.1
1.1.3.20734.3
1.1.3.20748.38.1.19
1.1.3.20898.6
1.1.3.20988.8.3.5
1.1.3.20995.10.3.2
1.1.3.20999.5.1
1.1.3.21040.10.1.11
1.1.3.21100.8.2.2
1.1.3.21106.8.1.1
1.1.3.21186.10.1.4
1.1.3.21196.35.1.24
1.1.3.21276.28.1.18
1.1.3.21376.10.1.8
1.1.3.21379.9.1.22.8
1.1.3.21459.5.1.4
1.1.3.21531.21.1.8
1.1.3.21675.5.1.14.2.8.1
1.1.3.21751.9.3.9
1.1.3.21754.9.2.8
1.1.3.21799.26.2.11
1.1.3.21830.26.2
1.1.3.21901.5.1.3.2.13.3
1.1.3.21996.5.1.14.4.9.2
1.1.3.22054.33.2.2
1.1.3.22196.25.1.14
1.1.3.22278.9.1.1
1.1.3.22354.8.2.7
1.1.3.22366.5.1
1.1.3.22390.26.2
1.1.3.22402.46.1.15
1.1.3.22414.17.1.5
1.1.3.22449.14.4.19.2
1.1.3.22464.10.1.18
1.1.3.22690.17.1.1
1.1.3.22693.8.1.2
1.1.3.22700.8.1.1
1.1.3.22776.5.1.25.1.1.1
1.1.3.22847.8.2.2
1.1.3.22855.11.1.16.13
1.1.3.22862.44.1.19
1.1.3.22911.10.1.20
1.1.3.22987.10.1.6
1.1.3.23118.13.1.7
1.1.3.23140.9.3.1
1.1.3.23143.5.1.3.1
1.1.3.23271.6
1.1.3.23278.14.4.21
1.1.3.23474.14.2.6
1.1.3.23646.8.2.6
1.1.3.23756.5.1.8.4.6
1.1.3.23851.10.2.12
1.1.3.23880.11.2.7
1.1.3.23910.5.1
1.1.3.23913.8.4.5
1.1.3.23924.5.1.2.2
1.1.3.23925.22.1.9
1.1.3.23949.8.1.6
1.1.3.24015.29.1.25
1.1.3.24022.9.1.2
1.1.3.24124.5.1.2.1
1.1.3.24197.27.4.6.13.20.7.55
1.1.3.24262.43.1.2
1.1.3.24265.5.1
1.1.3.24271.25.2.12.1.9.2
1.1.3.24284.5.1
1.1.3.24302.5.1.5
1.1.3.24303.5.1.8.1.14.2.10
1.1.3.24319.21.1.7
1.1.3.24333.26.1.22
1.1.3.24349.13.1.14
1.1.3.24468.5.1.7.5
1.1.3.24573.11.1.2
1.1.3.24692.8.1.3
1.1.3.24911.10.1.14
1.1.3.24923.17.2.8.7
1.1.3.24948.12.1.5
1.1.3.24979.17.1.2
1.1.3.24979.17.1.3
1.1.3.25017.13.1.3
1.1.3.25022.9.1.5
1.1.3.25073.9.1.7
1.1.3.25275.51.1.21
1.1.3.25279.24.1.11
1.1.3.25281.14.2.6
1.1.3.25352.8.1.1
1.1.3.25375.5.1.7.5.16.4.16.26
1.1.3.25383.14.1.10
1.1.3.25413.9.1.13
1.1.3.25463.8.1.27
1.1.3.25526.35.3.50
1.1.3.25625.12.2.8
1.1.3.25697.17.3.2
1.1.3.25851.26.2.1
1.1.3.25901.5.1.3.3.36.5
1.1.3.25921.12.4.2
1.1.3.26049.21.2.22.5
1.1.3.26136.3
1.1.3.26150.38.1.19
1.1.3.26305.5.1
1.1.3.26414.5.1
1.1.3.26455.10.1.11
1.1.3.26525.8.1.15
1.1.3.26774.10.1.8
1.1.3.26777.9.1.22.8
1.1.3.26821.10.1.5
1.1.3.26864.12.1.9
1.1.3.26875.20.1.16
1.1.3.26963.9.1.1
1.1.3.27078.5.1.3.1
1.1.3.27153.9.3.9
1.1.3.27156.9.2.8
1.1.3.27203.26.2.11
1.1.3.27234.26.2
1.1.3.27332.32.1.7
1.1.3.27417.5.1.1.2
1.1.3.27479.33.2.2
1.1.3.27627.25.1.14
1.1.3.27791.8.2.7
1.1.3.27802.18
1.1.3.27839.46.1.15
1.1.3.27851.17.1.5
1.1.3.27948.17.7.10
1.1.3.27951.14.2.10.1.2.1
1.1.3.27986.9.1.32
1.1.3.28063.17.1.3
1.1.3.28109.10.1.3
1.1.3.28127.10.1.2
1.1.3.28205.5.1.25.1.1.1
1.1.3.28267.8.2.2
1.1.3.28279.44.1.19
1.1.3.28328.10.1.20
1.1.3.28371.34.3.25
1.1.4.51.9.3.1
1.1.4.185.6
1.1.4.192.14.4.21
1.1.4.648.19.1.1
1.1.4.765.10.2.12
1.1.4.823.5.1
1.1.4.826.8.4.5
1.1.4.837.5.1.2.2
1.1.4.838.22.1.9
1.1.4.862.8.1.6
1.1.4.928.29.1.25
1.1.4.935.9.1.2
1.1.4.1037.5.1.2.1
1.1.4.1118.23.2.8.1.1
1.1.4.1120.13.2
1.1.4.1131.8.1.10
1.1.4.1137.11.1.2
1.1.4.1140.23.2.6
1.1.4.1176.43.1.2
1.1.4.1179.5.1
1.1.4.1185.25.2.12.1.9.2
1.1.4.1201.8.1.2
1.1.4.1215.9.1.8.7
1.1.4.1254.9.3.1
1.1.4.1342.12.1.2
1.1.4.1402.5.1.7.5
1.1.4.1530.11.1.2
1.1.4.1604.16.1.1
1.1.4.1726.10.1.1
1.1.4.1796.12.2.6
1.1.4.1870.5.1.1
1.1.4.1901.46.1.2
1.1.4.1926.17.1.2
1.1.4.1926.17.1.3
1.1.4.1964.13.1.3
1.1.4.1969.9.1.5
1.1.4.1997.13.1.1
1.1.4.2151.9.3.1
1.1.4.2213.51.1.21
1.1.4.2217.24.1.11
1.1.4.2219.14.2.6
1.1.4.2246.11.4.10
1.1.4.2290.8.1.1
1.1.4.2313.5.1.7.5.16.4.16.46
1.1.4.2321.14.1.10
1.1.4.2351.9.1.13
1.1.4.2371.14.1.7
1.1.4.2433.5.1.17.1
1.1.4.2582.12.2.8
1.1.4.2629.17.1.20
1.1.4.2820.19.2.9
1.1.4.2889.5.1.3.3.18.2
1.1.4.2902.9.1.1
1.1.4.2905.12.4.2
1.1.4.2952.8.1.1
1.1.4.2967.8.2.2
1.1.4.3038.21.2.22.5
1.1.4.3075.10.2.8
1.1.4.3124.5.1.1.1
1.1.4.3162.28.1.11
1.1.4.3294.3
1.1.4.3333.9.1.1
1.1.4.3395.16.2.7.4
1.1.4.3452.9.2.11
1.1.4.3460.8.2.2
1.1.4.3575.24.1.2
1.1.4.3580.13.2.2
1.1.4.3610.16.2.10
1.1.4.3623.11.1.7
1.1.4.3685.5.1.6.1.2
1.1.4.3837.12.1.9
1.1.4.3940.9.1.1
1.1.4.3945.22.1.19
1.1.4.3963.10.1.3
1.1.4.4055.5.1.3.1
1.1.4.4082.10.2.2
1.1.4.4136.9.3.9
1.1.4.4139.9.2.8
1.1.4.4184.26.2.11
1.1.4.4215.26.2
1.1.4.4307.32.1.7
1.1.4.4340.9.1.3
1.1.4.4387.5.1.1.2
1.1.4.4515.12.1.1
1.1.4.4690.9.1.1
1.1.4.4760.8.2.7
1.1.4.4772.5.1
1.1.4.4796.26.2
1.1.4.4808.46.1.15
1.1.4.4820.17.1.5
1.1.4.4855.14.4.19.2
1.1.4.4870.10.1.18
1.1.4.5068.10.1.3
1.1.4.5086.10.1.2
1.1.4.5159.8.1.13
1.1.4.5163.5.1.7.1
1.1.4.5219.8.2.2
1.1.4.5231.44.1.19
1.1.4.5285.10.2.2
1.1.4.5360.10.1.6
1.1.4.5493.13.1.7
1.1.4.5547.19.1.8
1.1.4.5552.13.3.12
1.1.4.5598.21.3.2
1.1.4.5637.6
1.1.4.5644.14.4.21
1.1.4.5664.9.1.6
1.1.4.5667.35.1.2
1.1.4.5871.5.1.7.3.6.2
1.1.4.5928.12.1.12
1.1.4.6039.8.2.6
1.1.4.6082.31.1.11
1.1.4.6098.9.2.2
1.1.4.6233.10.2.12
1.1.4.6266.19.1.14
1.1.4.6286.16.4.6.5
1.1.4.6349.18.1.2
1.1.4.6401.13.1.2
1.1.4.6421.41.1.23
1.1.4.6427.21.1.2
1.1.4.6496.5.1.2.1
1.1.4.6568.27.4.6.13.20.7.18
1.1.4.6631.43.1.2
1.1.4.6634.5.1
1.1.4.6640.25.2.12.1.9.2
1.1.4.6656.8.1.2
1.1.4.6670.9.1.8.7
1.1.4.6709.9.3.1
1.1.4.6743.18.1.5
1.1.4.6839.8.1.2
1.1.4.6840.16.1.2
1.1.4.6935.11.1.3
1.1.4.7084.8.1.3
1.1.4.7167.10.1.1
1.1.4.7179.12.4.2
1.1.4.7236.12.2.6
1.1.4.7305.9.1.1
1.1.4.7306.14.2.5
1.1.4.7310.15.3.11.6
1.1.4.7339.25.2.16
1.1.4.7354.17.1.2
1.1.4.7354.17.1.3
1.1.4.7392.13.1.3
1.1.4.7397.9.1.5
1.1.4.7406.3
1.1.4.7428.13.1.1
1.1.4.7450.9.1.7
1.1.4.7459.13.1.2
1.1.4.7660.11.4.10
1.1.4.7699.8.1.1
1.1.4.7722.5.1.7.5.16.4.16.53
1.1.4.7730.14.1.10
1.1.4.7760.9.1.13
1.1.4.7809.9.1.5
1.1.4.7869.35.3.50
1.1.4.7933.19.2.16
1.1.4.7971.11.2.2
1.1.4.7995.33.1.4
1.1.4.8051.13.2.5.8.21.3
1.1.4.8079.19.2.14.2
1.1.4.8218.26.2.1
1.1.4.8268.5.1.3.3.36.5
1.1.4.8281.9.1.1
1.1.4.8284.12.4.2
1.1.4.8331.8.1.1
1.1.4.8474.10.2.8
1.1.4.8571.28.1.11
1.1.4.8675.5.1
1.1.4.8731.13.2.23.5
1.1.4.8871.8.2.2
1.1.4.8877.8.1.1
1.1.4.8957.10.1.4
1.1.4.8977.13.2.2
1.1.4.9080.13.2.2
1.1.4.9090.25.1.11.1.2
1.1.4.9116.19.1.2
1.1.4.9154.10.1.8
1.1.4.9157.9.1.22.8
1.1.4.9201.10.1.5
1.1.4.9246.5.1.12
1.1.4.9318.21.1.8
1.1.4.9344.9.1.1
1.1.4.9349.22.1.19
1.1.4.9367.10.1.3
1.1.4.9386.25.1.23
1.1.4.9466.5.1.14.2.8.1
1.1.4.9544.9.3.9
1.1.4.9547.9.2.8
1.1.4.9695.9.1.3
1.1.4.9782.5.1.14.4.9.2
1.1.4.9840.33.2.2
1.1.4.9900.12.1.1
1.1.4.9911.5.1.3.3.34.4
1.1.4.10175.46.1.15
1.1.4.10187.17.1.5
1.1.4.10222.14.4.19.2
1.1.4.10237.10.1.18
1.1.4.10333.18.2.16
1.1.4.10404.18.1.2
1.1.4.10431.17.1.1
1.1.4.10434.8.1.2
1.1.4.10463.5.1.1.20
1.1.4.10507.5.1.25.1.1.1
1.1.4.10568.8.2.2
1.1.4.10576.11.1.16.13
1.1.4.10583.44.1.19
1.1.4.10637.10.1.20
1.1.4.10675.34.3.25
1.1.4.10808.16.1.4
1.1.4.10849.27.2.34
1.1.4.10892.5.1.1
1.1.4.10990.6
1.1.4.10997.14.4.21
1.1.4.11092.9.1.4
1.1.4.11112.17.1.6
1.1.4.11274.12.1.12
1.1.4.11379.10.2.8
1.1.4.11380.13
1.1.4.11395.8.2.6
1.1.4.11438.31.1.11
1.1.4.11454.9.2.2
1.1.4.11507.5.1.8.4.6
1.1.4.11512.10.1.4.5
1.1.4.11598.10.2.12
1.1.4.11661.5.1
1.1.4.11664.8.4.5
1.1.4.11675.5.1.2.2
1.1.4.11676.22.1.9
1.1.4.11700.8.1.6
1.1.4.11766.29.1.25
1.1.4.11773.9.1.2
1.1.4.11867.30.5.10
1.1.4.11871.12.1.4.2
1.1.4.11950.23.2.8.1.1
1.1.4.11952.13.2
1.1.4.11963.8.1.10
1.1.4.12011.25.2.12.1.9.2
1.1.4.12024.5.1
1.1.4.12042.5.1.5
1.1.4.12043.5.1.8.1.14.2.10
1.1.4.12059.8.1.1
1.1.4.12150.12.1.2
1.1.4.12208.5.1.7.5
1.1.4.12408.16.1.1
1.1.4.12620.9.1.4
1.1.4.12676.5.1.1
1.1.4.12707.46.1.2
1.1.4.12732.17.1.2
1.1.4.12732.17.1.3
1.1.4.12770.13.1.3
1.1.4.12775.9.1.5
1.1.4.12803.13.1.1
1.1.4.12836.13.1.2
1.1.4.13014.51.1.21
1.1.4.13018.24.1.11
1.1.4.13020.14.2.6
1.1.4.13075.8.1.4
1.1.4.13155.19.1.32
1.1.4.13192.8.1.27
1.1.4.13255.35.3.50
1.1.4.13354.12.2.8
1.1.4.13426.19.2.14.2
1.1.4.13568.19.2.9
1.1.4.13637.5.1.3.3.18.2
1.1.4.13650.9.1.1
1.1.4.13653.12.4.2
1.1.4.13793.21.1.2
1.1.4.13796.14.1.3
1.1.4.13800.18.1.23
1.1.4.13859.5.1.2
1.1.4.13891.3
1.1.4.13914.38.1.19
1.1.4.14058.6
1.1.4.14147.8.4.9
1.1.4.14151.10.3.2
1.1.4.14155.5.1
1.1.4.14196.10.1.11
1.1.4.14237.9.2.11
1.1.4.14245.8.2.2
1.1.4.14360.24.1.2
1.1.4.14365.13.2.2
1.1.4.14455.5.1.6.1.2
1.1.4.14520.10.1.8
1.1.4.14523.9.1.22.8
1.1.4.14626.20.1.16
1.1.4.14722.9.1.1
1.1.4.14740.10.1.3
1.1.4.14842.5.1.3.1
1.1.4.14869.10.2.2
1.1.4.14927.9.3.9
1.1.4.14930.9.2.8
1.1.4.14977.26.2.11
1.1.4.15008.26.2
1.1.4.15099.32.1.7
1.1.4.15154.11.1.1
1.1.4.15182.5.1.14.4.9.2
1.1.4.15290.29.2.17
1.1.4.15309.9.2.35
1.1.4.15439.9.1.1
1.1.4.15516.8.2.7
1.1.4.15527.18
1.1.4.15564.46.1.15
1.1.4.15576.17.1.5
1.1.4.15611.14.4.19.2
1.1.4.15626.10.1.18
1.1.4.15740.17.2.16
1.1.4.15854.17.1.1
1.1.4.15857.8.1.2
1.1.4.15864.8.1.1
1.1.4.15929.8.1.13
1.1.4.15933.5.1.7.1
1.1.4.15979.8.2.2
1.1.4.15991.44.1.19
1.1.4.16011.54.1.62
1.1.4.16028.5.1.50.1.2.2.5.12
1.1.4.16071.34.3.25
1.1.4.16208.9.2.6
1.1.4.16244.13.1.4
1.1.4.16263.17.1.1
1.1.4.16364.6
1.1.4.16371.14.4.21
1.1.4.16464.9.1.4
1.1.4.16481.17.1.6
1.1.4.16576.5.1.7.3.6.2
1.1.4.16796.31.1.11
1.1.4.16812.9.2.2
1.1.4.16866.5.1.8.4.6
1.1.4.16953.10.2.12
1.1.4.16975.34.2.18.15
1.1.4.16976.46.4.39
1.1.4.16981.17.1.69
1.1.4.16988.15.1.3
1.1.4.17007.16.4.6.5
1.1.4.17070.18.1.2
1.1.4.17122.13.1.2
1.1.4.17142.41.1.23
1.1.4.17148.21.1.2
1.1.4.17218.5.1.2.1
1.1.4.17292.27.4.6.13.20.7.18
1.1.4.17355.25.2.12.1.9.2
1.1.4.17371.8.1.2
1.1.4.17385.9.1.8.7
1.1.4.17424.9.3.1
1.1.4.17459.18.1.5
1.1.4.17742.12.1.1
1.1.4.18025.10.1.14
1.1.4.18037.17.2.8.7
1.1.4.18062.12.1.5
1.1.4.18093.17.1.2
1.1.4.18093.17.1.3
1.1.4.18131.13.1.3
1.1.4.18136.9.1.5
1.1.4.18380.51.1.21
1.1.4.18384.24.1.11
1.1.4.18386.14.2.6
1.1.4.18426.9.1.17
1.1.4.18447.8.2.5
1.1.4.18469.5.1.7.5.16.4.25.4
1.1.4.18477.14.1.10
1.1.4.18507.9.1.13
1.1.4.18557.8.1.27
1.1.4.18693.19.2.16
1.1.4.18740.12.2.8
1.1.4.18815.19.2.14.2
1.1.4.18948.26.2.1
1.1.4.19008.5.1.3.3.18.2
1.1.4.19032.15.1.1
1.1.4.19082.8.2.2
1.1.4.19153.21.1.1
1.1.4.19157.14.1.10
1.1.4.19161.18.1.23
1.1.4.19197.10.2.8
1.1.4.19252.3
1.1.4.19266.38.1.19
1.1.4.19413.5.1
1.1.4.19512.8.4.9
1.1.4.19526.39.2.23.3
1.1.4.19593.8.2.2
1.1.4.19711.24.1.2
1.1.4.19716.13.2.2
1.1.4.19749.5.1.2.2.32.4.18
1.1.4.19764.11.1.7
1.1.4.19800.5.1
1.1.4.19832.5.1.5.1.5.1.12
1.1.4.19859.8.1.4
1.1.4.19904.13.1.19.7.13.7
1.1.4.19964.11.2.2
1.1.4.19982.32.1.7
1.1.4.20085.9.1.1
1.1.4.20209.5.1.3.1
1.1.4.20219.36.1.21
1.1.4.20244.17.1.1
1.1.4.20281.9.3.9
1.1.4.20284.9.2.8
1.1.4.20329.26.2.11
1.1.4.20360.26.2
1.1.4.20531.9.2.4
1.1.4.20603.14.1.4
1.1.4.20666.29.2.17
1.1.4.20685.9.2.35
1.1.4.20942.46.1.15
1.1.4.20954.17.1.5
1.1.4.20989.14.4.19.2
1.1.4.21004.10.1.18
1.1.4.21031.21.2.15
1.1.4.21118.18.2.16
1.1.4.21231.17.1.1
1.1.4.21234.8.1.2
1.1.4.21241.8.1.1
1.1.4.21317.5.1.25.1.1.1
1.1.4.21379.8.2.2
1.1.4.21387.11.1.16.13
1.1.4.21394.44.1.19
1.1.4.21414.54.1.62
1.1.4.21474.34.3.25
1.1.4.21639.13.1.7
1.1.4.21711.29.1.11
1.1.4.21736.21.3.2
1.1.4.21775.6
1.1.4.21782.14.4.21
1.1.4.21802.9.1.6
1.1.4.21805.35.1.2
1.1.4.22010.5.1.7.3.6.2
1.1.4.22067.12.1.12
1.1.4.22192.8.2.6
1.1.4.22238.5.1.22.2.5.2
1.1.4.22398.10.2.12
1.1.4.22461.5.1
1.1.4.22464.8.4.5
1.1.4.22475.5.1.2.2
1.1.4.22476.22.1.9
1.1.4.22500.8.1.6
1.1.4.22528.18.1.2
1.1.4.22580.13.1.2
1.1.4.22600.41.1.23
1.1.4.22606.21.1.2
1.1.4.22644.12.2.1
1.1.4.22647.13.1.6
1.1.4.22674.5.1.15
1.1.4.22754.33.4.6.13.25.7.14
1.1.4.22819.25.2.12.1.9.2
1.1.4.22835.8.1.2
1.1.4.22849.9.1.8.7
1.1.4.22888.9.3.1
1.1.4.22965.12.1.2
1.1.4.23399.12.2.6
1.1.4.23477.5.1.1
1.1.4.23508.46.1.2
1.1.4.23537.13.1.5.2
1.1.4.23609.13.1.1
1.1.4.23756.9.3.1
1.1.4.23820.51.1.21
1.1.4.23824.24.1.11
1.1.4.23826.14.2.6
1.1.4.23882.15.3.11
1.1.4.23958.19.1.32
1.1.4.23995.9.1.5
1.1.4.24055.35.3.50
1.1.4.24149.12.2.8
1.1.4.24200.46.2.14.4
1.1.4.24221.17.3.2
1.1.4.24381.26.2.1
1.1.4.24441.5.1.3.3.18.2
1.1.4.24461.12.4.2
1.1.4.24520.9.1.2
1.1.4.24536.17.4.13
1.1.4.24634.10.2.8
1.1.4.24706.3
1.1.4.24720.38.1.19
1.1.4.24871.5.1
1.1.4.24904.3
1.1.4.25003.16.2.7.4
1.1.4.25060.9.2.11
1.1.4.25068.8.2.2
1.1.4.25158.10.1.4
1.1.4.25252.28.1.18
1.1.4.25280.13.2.2
1.1.4.25289.17.1.6.4
1.1.4.25315.8.1.4
1.1.4.25349.3
1.1.4.25354.22.3.16
1.1.4.25358.12.1.7
1.1.4.25536.9.1.1
1.1.4.25613.30.2.11
1.1.4.25637.14.3.7.4
1.1.4.25658.5.1.3.1
1.1.4.25716.6
1.1.4.25727.30.2.2
1.1.4.25814.26.2
1.1.4.25906.32.1.7
1.1.4.25961.11.1.1
1.1.4.26056.33.2.2
1.1.4.26123.29.2.17
1.1.4.26142.9.2.35
1.1.4.26195.12.1.8
1.1.4.26371.8.2.7
1.1.4.26382.18
1.1.4.26408.26.2
1.1.4.26420.46.1.15
1.1.4.26432.17.1.5
1.1.4.26467.14.4.19.2
1.1.4.26482.10.1.18
1.1.4.26576.9.1.32
1.1.4.26700.10.1.3
1.1.4.26718.10.1.2
1.1.4.26791.8.1.13
1.1.4.26795.5.1.7.1
1.1.4.26813.12.3.5
1.1.4.26847.8.2.2
1.1.4.26859.44.1.19
1.1.4.26913.10.2.2
1.1.4.26970.8.2.9
1.1.4.27116.13.1.7
1.1.4.27273.6
1.1.4.27280.14.4.21
1.1.4.27297.9.1.6
1.1.4.27300.35.1.2
1.1.4.27376.11.1.15
1.1.4.27506.5.1.7.3.6.2
1.1.4.27563.12.1.12
1.1.4.27674.10.2.8
1.1.4.27675.13
1.1.4.27690.8.2.6
1.1.4.27733.31.1.11
1.1.4.27749.9.2.2
1.1.4.27803.5.1.8.4.6
1.1.4.27808.10.1.4.5
1.1.4.27902.10.2.12
1.1.4.27923.34.2.18.15
1.1.4.27924.46.4.39
1.1.4.27929.17.1.69
1.1.4.27936.15.1.3
1.1.4.27955.16.4.6.5
1.1.4.28018.18.1.2
1.1.4.28045.13.1.12.1.13
1.1.4.28061.9.1.11
1.1.4.28068.13.1.2
1.1.4.28088.41.1.23
1.1.4.28094.21.1.2
1.1.4.28164.5.1.2.1
1.1.4.28232.28.2.16.10.8
1.1.4.28266.11.7.2
1.1.4.28272.23.1.10
1.1.4.28280.5.1
1.1.4.28286.25.2.12.1.9.2
1.1.4.28302.8.1.2
1.1.4.28316.9.1.8.7
1.1.4.28355.9.3.1
1.1.4.28394.13.1.1
1.1.4.28397.8.1.5
1.1.4.28501.5.1.7.5
1.1.4.28624.11.1.2
1.1.4.28747.22.2
1.1.4.28912.9.1.2
1.1.4.28957.17.2.8.7
1.1.4.28982.12.1.5
1.1.4.29007.17.1.2
1.1.4.29007.17.1.3
1.1.4.29026.26.3.14
1.1.4.29027.31.4.17.16
1.1.4.29073.13.1.1
1.1.4.29235.10.1.22
1.1.4.29315.11.4.10
1.1.4.29363.8.1.1
1.1.4.29386.5.1.7.5.16.4.16.29
1.1.4.29394.14.1.10
1.1.4.29423.22.1.11
1.1.4.29483.8.1.27
1.1.4.29547.35.3.50
1.1.4.29610.24.2.11
1.1.4.29651.12.2.8
1.1.4.29728.19.2.14.2
1.1.4.29870.26.2.1
1.1.4.29920.5.1.3.3.36.5
1.1.4.29941.12.4.2
1.1.4.30145.5.1.2
1.1.4.30190.3
1.1.4.30204.38.1.19
1.1.4.30419.9.2.1
1.1.4.30425.9.2.1
1.1.4.30430.11.1.5
1.1.4.30445.10.3.2
1.1.4.30449.5.1
1.1.4.30490.10.1.11
1.1.4.30537.19.2.2
1.1.4.30629.10.1.4
1.1.4.30649.13.2.2
1.1.4.30679.16.2.10
1.1.4.30692.11.1.7
1.1.4.30754.5.1.6.1.2
1.1.4.30783.8.1.4
1.1.4.30836.13.1.19.7.13.6
1.1.4.30920.12.1.14
1.1.4.30931.20.1.16
1.1.4.30992.21.1.8
1.1.4.31022.9.1.1
1.1.4.31040.10.1.3
1.1.4.31146.5.1.3.1
1.1.4.31227.9.3.9
1.1.4.31230.9.2.8
1.1.4.31275.26.2.11
1.1.4.31306.26.2
1.1.4.31396.32.1.7
1.1.4.31473.5.1.14.4.9.2
1.1.4.31586.29.2.17
1.1.4.31605.9.2.35
1.1.4.31779.26.1.2
1.1.4.31814.8.2.7
1.1.4.31825.18
1.1.4.31862.46.1.15
1.1.4.31874.17.1.5
1.1.4.31909.14.4.19.2
1.1.4.31924.10.1.18
1.1.4.31996.9.1.32
1.1.4.32093.9.1.24
1.1.4.32126.18.1.2
1.1.4.32153.17.1.1
1.1.4.32156.8.1.2
1.1.4.32163.8.1.1
1.1.4.32234.8.1.13
1.1.4.32238.5.1.7.1
1.1.4.32285.8.2.2
1.1.4.32297.44.1.19
1.1.4.32352.10.1.20
1.1.4.32387.34.3.25
1.1.4.32424.17.1.2
1.1.4.32542.13.1.7
1.1.4.32618.29.1.11
1.1.4.32649.5.1.3.20
1.1.4.32683.6
1.1.4.32690.14.4.21
1.1.4.32778.9.1.4
1.1.4.32788.18.6.19.2
1.1.4.32833.9.1.1
1.1.4.33059.10.2.8
1.1.4.33060.13
1.1.4.33075.8.2.6
1.1.4.33118.31.1.11
1.1.4.33134.9.2.2
1.1.4.33188.5.1.9
1.1.4.33273.10.2.12
1.1.4.33337.5.1
1.1.4.33340.8.4.5
1.1.4.33451.29.1.25
1.1.4.33458.9.1.2
1.1.4.33552.30.5.10
1.1.4.33556.12.1.4.2
1.1.4.33617.28.2.20.10.8
1.1.4.33682.43.1.2
1.1.4.33685.5.1
1.1.4.33691.25.2.12.1.9.2
1.1.4.33707.8.1.2
1.1.4.33721.9.1.9.7
1.1.4.33742.8.1.1
1.1.4.33793.18.1.5
1.1.4.33886.8.1.2
1.1.4.33887.16.1.2
1.1.4.34030.11.1.2
1.1.4.34101.16.1.1
1.1.4.34152.22.2
1.1.4.34360.10.1.14
1.1.4.34375.9.1.1
1.1.4.34376.14.2.5
1.1.4.34380.15.3.11.6
1.1.4.34427.17.1.2
1.1.4.34427.17.1.3
1.1.4.34446.26.3.14
1.1.4.34447.31.4.17.16
1.1.4.34467.25.2.19.10.35
1.1.4.34476.3
1.1.4.34479.9.1.26
1.1.4.34525.9.1.7
1.1.4.34648.9.3.1
1.1.4.34712.51.1.21
1.1.4.34716.24.1.11
1.1.4.34718.14.2.6
1.1.4.34794.8.1.1
1.1.4.34864.9.1.13
1.1.4.34891.16.6.5
1.1.4.34929.23.1.25
1.1.4.34973.35.3.50
1.1.4.35066.12.2.8
1.1.4.35117.46.2.14.4
1.1.4.35300.19.2.9
1.1.4.35586.5.1.2
1.1.4.35631.28.1.23
1.1.4.35898.5.1
1.1.4.35939.10.1.11
1.1.5.36005.8.1.1
1.1.5.36085.10.1.4
1.1.5.36105.13.2.2
1.1.5.36203.13.2.2
1.1.5.36213.25.1.11.1.2
1.1.5.36274.3
1.1.5.36279.22.3.16
1.1.5.36283.12.1.7
1.1.5.36377.5.1.4
1.1.5.36492.10.1.3
1.1.5.36511.25.1.23
1.1.5.36589.5.1.3.1
1.1.5.36670.9.3.9
1.1.5.36673.9.2.8
1.1.5.36718.26.2.11
1.1.5.36749.26.2
1.1.5.36820.5.1.3.2.13.3
1.1.5.36921.5.1.1.2
1.1.5.37063.29.2.17
1.1.5.37082.9.2.35
1.1.5.37304.8.2.7
1.1.5.37315.18
1.1.5.37352.46.1.15
1.1.5.37364.17.1.5
1.1.5.37467.43.4.9
1.1.5.37528.18.2.16
1.1.5.37634.33.1.2
1.1.5.37702.8.1.13
1.1.5.37706.5.1.7.1
1.1.5.37747.27.3.15
1.1.5.37749.9.1.5
1.1.5.37754.3
1.1.5.37764.23.1.20.10
1.1.5.37822.10.2.2
1.1.5.37897.10.1.6
1.1.5.38028.13.1.7
1.1.5.38147.5.1.3.20
1.1.5.38178.6
1.1.5.38185.14.4.21
1.1.5.38279.9.1.4
1.1.5.38292.18.6.19.2
1.1.5.38390.5.1.7.3.6.2
1.1.5.38545.13.3.10.5.3.2
1.1.5.38553.13.2.14
1.1.5.38625.19.1.1
1.1.5.38663.5.1.8.4.6
1.1.5.38758.10.2.12
1.1.5.38818.5.1
1.1.5.38821.8.4.5
1.1.5.38832.5.1.2.2
1.1.5.38833.22.1.9
1.1.5.38857.8.1.6
1.1.5.39040.5.1.2.1
1.1.5.39111.27.4.6.13.20.7.18
1.1.5.39169.25.2.12.1.9.2
1.1.5.39185.8.1.2
1.1.5.39199.9.1.9.7
1.1.5.39238.9.3.1
1.1.5.39507.11.1.2
1.1.5.39616.8.1.3
1.1.5.39641.17.1.2
1.1.5.39650.10.1.6
1.1.5.39758.12.2.6
1.1.5.39794.9.1.2
1.1.5.39822.5.1.5.4
1.1.5.39845.9.1.1
1.1.5.39846.14.2.5
1.1.5.39850.15.3.11.6
1.1.5.39876.25.2.16
1.1.5.39891.17.1.2
1.1.5.39891.17.1.3
1.1.5.39929.13.1.3
1.1.5.39934.9.1.5
1.1.5.40185.51.1.21
1.1.5.40189.24.1.11
1.1.5.40191.14.2.6
1.1.5.40277.22.1.1
1.1.5.40362.23.1.25
1.1.5.40406.35.3.50
1.1.5.40735.26.2.1
1.1.5.40785.5.1.3.3.36.5
1.1.5.40798.9.1.1
1.1.5.40801.12.4.2
1.1.5.40860.8.2.2
1.1.5.41074.28.1.11
1.1.5.41180.5.1
1.1.5.41291.39.2.23.3
1.1.5.41377.8.1.15
1.1.5.41464.13.2.2
1.1.5.41497.5.1.2.2.32.4.18
1.1.5.41512.11.1.7
1.1.5.41571.5.1.6.1.2
1.1.5.41600.8.1.4
1.1.5.41645.13.1.19.7.13.7
1.1.5.41729.12.1.14
1.1.5.41796.21.1.8
1.1.5.41826.9.1.1
1.1.5.41917.14.3.7.4
1.1.5.41938.5.1.3.1
1.1.5.41956.10.2.2
1.1.5.42014.9.3.9
1.1.5.42017.9.2.8
1.1.5.42233.11.1.1
1.1.5.42261.5.1.14.4.9.2
1.1.5.42568.26.1.2
1.1.5.42601.8.2.7
1.1.5.42612.18
1.1.5.42649.46.1.15
1.1.5.42661.17.1.5
1.1.5.42696.14.4.19.2
1.1.5.42711.10.1.18
1.1.5.42795.19.1.32
1.1.5.42812.9.1.32
1.1.5.42895.9.1.24
1.1.5.42928.18.1.2
1.1.5.42955.17.1.1
1.1.5.42958.8.1.2
1.1.5.42965.8.1.1
1.1.5.43023.5.1.25.1.1.1
1.1.5.43085.8.2.2
1.1.5.43093.11.1.16.13
1.1.5.43100.44.1.19
1.1.5.43120.54.1.45
1.1.5.43135.3
1.1.5.43188.34.3.25
1.1.5.43310.9.2.6
1.1.5.43353.27.2.34
1.1.5.43395.19.1.8
1.1.5.43400.13.3.12
1.1.5.43452.5.1.3.20
1.1.5.43486.6
1.1.5.43493.14.4.21
1.1.5.43581.9.1.4
1.1.5.43594.18.6.19.2
1.1.5.43898.8.2.6
1.1.5.43941.31.1.11
1.1.5.43957.9.2.2
1.1.5.44027.5.1.9
1.1.5.44119.10.2.12
1.1.5.44140.34.2.18.15
1.1.5.44141.46.4.39
1.1.5.44153.15.1.3
1.1.5.44172.16.4.6.5
1.1.5.44235.18.1.2
1.1.5.44287.13.1.2
1.1.5.44307.41.1.23
1.1.5.44313.21.1.2
1.1.5.44351.12.2.1
1.1.5.44354.13.1.6
1.1.5.44381.5.1.15
1.1.5.44453.27.4.6.13.20.7.18
1.1.5.44518.25.2.12.1.9.2
1.1.5.44531.5.1
1.1.5.44549.5.1.5
1.1.5.44550.5.1.8.1.14.2.10
1.1.5.44566.21.1.7
1.1.5.44580.26.1.22
1.1.5.44612.18.1.5
1.1.5.44663.11.1.4
1.1.5.44705.5.1.7.5
1.1.5.44862.12.1.1
1.1.5.44933.22.2
1.1.5.45163.9.1.1
1.1.5.45164.14.2.5
1.1.5.45168.15.3.11.6
1.1.5.45212.17.1.2
1.1.5.45212.17.1.3
1.1.5.45250.13.1.3
1.1.5.45255.9.1.5
1.1.5.45283.13.1.1
1.1.5.45498.51.1.21
1.1.5.45502.24.1.11
1.1.5.45504.14.2.6
1.1.5.45560.8.2.5
1.1.5.45582.5.1.7.5.16.4.22.6
1.1.5.45590.14.1.10
1.1.5.45619.22.1.11
1.1.5.45679.8.1.27
1.1.5.45742.35.3.50
1.1.5.45834.12.2.8
1.1.5.45885.46.2.14.4
1.1.5.45922.34.6.1
1.1.5.45983.33.1.26
1.1.5.46056.26.2.1
1.1.5.46106.5.1.3.3.36.5
1.1.5.46119.9.1.1
1.1.5.46122.12.4.2
1.1.5.46182.8.2.2
1.1.5.46253.21.2.22.5
1.1.5.46290.10.2.8
1.1.5.46302.42.3.1
1.1.5.46302.42.5.12.4
1.1.5.46348.3
1.1.5.46362.38.1.19
1.1.5.46515.5.1
1.1.5.46566.5.1.4.2.6.3
1.1.5.46620.39.2.23.3
1.1.5.46671.9.2.11
1.1.5.46679.8.2.2
1.1.5.46787.13.2.2
1.1.5.46900.5.1.32.3.9
1.1.5.46931.8.1.4
1.1.5.46976.13.1.19.7.13.7
1.1.5.47059.32.1.7
1.1.5.47070.20.1.16
1.1.5.47127.21.1.8
1.1.5.47157.9.1.1
1.1.5.47162.22.1.19
1.1.5.47180.10.1.3
1.1.5.47199.25.1.23
1.1.5.47235.30.2.11
1.1.5.47259.14.3.7.4
1.1.5.47282.5.1.14.2.17.4
1.1.5.47359.9.3.9
1.1.5.47362.9.2.8
1.1.5.47407.26.2.11
1.1.5.47438.26.2
1.1.5.47530.32.1.7
1.1.5.47607.5.1.14.4.9.2
1.1.5.47731.29.2.17
1.1.5.47750.9.2.35
1.1.5.47796.22.1.11
1.1.5.47800.25.3.6.1
1.1.5.47832.11.1.1
1.1.5.47972.8.2.7
1.1.5.47983.18
1.1.5.48020.46.1.15
1.1.5.48032.17.1.5
1.1.5.48067.14.4.19.2
1.1.5.48082.10.1.18
1.1.5.48168.17.2.16
1.1.5.48245.18.1.2
1.1.5.48272.17.1.1
1.1.5.48275.8.1.2
1.1.5.48282.8.1.1
1.1.5.48358.5.1.25.1.1.1
1.1.5.48423.8.2.2
1.1.5.48435.44.1.19
1.1.5.48483.10.2.2
1.1.5.48516.34.3.25
1.1.5.48646.16.1.4
1.1.5.48677.13.1.7
1.1.5.48792.21.3.2
1.1.5.48831.6
1.1.5.48838.14.4.21
1.1.5.48858.9.1.6
1.1.5.48861.35.1.2
1.1.5.49228.13.3.10.5.3.2
1.1.5.49236.13.2.14
1.1.5.49352.14.2.8
1.1.5.49431.5.1.1.19.4.6
1.1.5.49450.10.2.12
1.1.5.49482.12.1.24
1.1.5.49510.16.4.6.5
1.1.5.49573.18.1.2
1.1.5.49625.13.1.2
1.1.5.49645.41.1.23
1.1.5.49651.21.1.2
1.1.5.49716.5.1.15
1.1.5.49796.33.4.6.13.25.7.14
1.1.5.49857.17.2.15
1.1.5.49884.9.6.8
1.1.5.49923.9.3.1
1.1.5.49938.5.1
1.1.5.49958.18.1.5
1.1.5.50005.12.1.2
1.1.5.50201.11.1.2
1.1.5.50272.16.1.1
1.1.5.50477.9.1.4
1.1.5.50530.9.1.1
1.1.5.50531.14.2.5
1.1.5.50535.15.3.11.6
1.1.5.50622.20.1.7
1.1.5.50673.9.1.7
1.1.5.50682.13.1.2
1.1.5.50864.51.1.21
1.1.5.50868.24.1.11
1.1.5.50870.14.2.6
1.1.5.50897.11.4.10
1.1.5.50963.5.1.7.5.9.15.15.29
1.1.5.50971.14.1.10
1.1.5.51001.9.1.13
1.1.5.51050.8.1.27
1.1.5.51113.35.3.50
1.1.5.51177.19.2.16
1.1.5.51212.12.2.8
1.1.5.51284.19.2.14.2
1.1.5.51500.5.1.3.3.18.2
1.1.5.51513.9.1.1
1.1.5.51519.15.1.1
1.1.5.51566.18.3.5.8
1.1.5.51638.21.2.22.5
1.1.5.51699.17.1.1
1.1.5.51788.28.1.11
1.1.5.51898.6
1.1.5.51920.11.1.6
1.1.5.52010.39.2.23.3
1.1.5.52092.5.1.11.1
1.1.5.52194.12.1.32
1.1.5.52198.24.1.2
1.1.5.52203.13.2.2
1.1.5.52236.5.1.2.2.32.4.18
1.1.5.52251.11.1.7
1.1.5.52290.5.1
1.1.5.52322.5.1.5.1.5.1.12
1.1.5.52349.8.1.4
1.1.5.52402.13.1.19.7.13.6
1.1.5.52462.11.2.2
1.1.5.52480.32.1.7
1.1.5.52491.20.1.16
1.1.5.52587.9.1.1
1.1.5.52592.22.1.19
1.1.5.52610.10.1.3
1.1.5.52692.14.3.7.4
1.1.5.52713.5.1.3.1
1.1.5.52797.9.3.9
1.1.5.52800.9.2.8
1.1.5.52937.5.1.3.2.13.3
1.1.5.53037.5.1.14.4.9.2
1.1.5.53148.29.2.17
1.1.5.53392.8.2.7
1.1.5.53403.18
1.1.5.53429.26.2
1.1.5.53441.46.1.15
1.1.5.53453.17.1.5
1.1.5.53488.14.4.19.2
1.1.5.53503.10.1.18
1.1.5.53667.9.1.24
1.1.5.53700.18.1.2
1.1.5.53727.17.1.1
1.1.5.53730.8.1.2
1.1.5.53798.8.1.13
1.1.5.53802.5.1.7.1
1.1.5.53857.8.2.2
1.1.5.53865.11.1.16.13
1.1.5.53872.44.1.19
1.1.5.53887.9.1.21
1.1.5.53931.10.1.20
1.1.5.53969.34.3.25
1.1.5.54109.16.1.4
1.1.5.54150.27.2.34
1.1.5.54247.21.3.2
1.1.5.54286.6
1.1.5.54293.14.4.21
1.1.5.54313.9.1.6
1.1.5.54316.35.1.2
1.1.5.54520.5.1.7.3.6.2
1.1.5.54577.12.1.12
1.1.5.54704.8.2.6
1.1.5.54747.31.1.11
1.1.5.54763.9.2.2
1.1.5.54919.10.2.12
1.1.5.54951.12.1.24
1.1.5.54988.5.1
1.1.5.54991.8.4.5
1.1.5.55002.5.1.2.2
1.1.5.55003.22.1.9
1.1.5.55077.12
1.1.5.55088.29.1.25
1.1.5.55095.9.1.2
1.1.5.55197.5.1.2.1
1.1.5.55259.28.2.16.10.8
1.1.5.55277.23.2.6
1.1.5.55316.17.2.15
1.1.5.55343.9.6.8
1.1.5.55364.8.1.1
1.1.5.55473.19.1.11
1.1.5.55507.5.1.7.5
1.1.5.55746.8.1.3
1.1.5.55771.17.1.2
1.1.5.55780.10.1.6
1.1.5.55954.10.1.14
1.1.5.55969.9.1.1
1.1.5.55970.14.2.5
1.1.5.55974.15.3.11.6
1.1.5.56113.13.2
1.1.5.56249.9.3.1
1.1.5.56313.51.1.21
1.1.5.56317.24.1.11
1.1.5.56319.14.2.6
1.1.5.56388.15.3.11
1.1.5.56464.19.1.32
1.1.5.56501.9.1.5
1.1.5.56561.35.3.50
1.1.5.56662.12.2.8
1.1.5.56713.46.2.14.4
1.1.5.56750.34.6.1
1.1.5.56789.25.1.7.2.4
1.1.5.56895.26.2.1
1.1.5.56917.11.3.2
1.1.5.56920.9.1.22
1.1.5.56958.5.1.3.3.36.5
1.1.5.56979.12.4.2
1.1.5.57039.11.1.12.13
1.1.5.57066.17.4.13
1.1.5.57114.21.1.2
1.1.5.57117.14.1.3
1.1.5.57121.18.1.23
1.1.5.57254.28.1.11
1.1.5.57357.6
1.1.5.57467.39.2.23.3
1.1.5.57518.9.2.11
1.1.5.57526.8.2.2
1.1.5.57729.13.2.2
1.1.5.57739.25.1.11.1.2
1.1.5.57767.19.1.2
1.1.5.57798.10.1.8
1.1.5.57801.9.1.22.8
1.1.5.57845.10.1.5
1.1.5.57951.21.1.8
1.1.5.57966.20.3.2
1.1.5.58007.10.1.3
1.1.5.58102.5.1.3.1
1.1.5.58129.10.2.2
1.1.5.58141.9.1.4
1.1.5.58187.9.3.9
1.1.5.58190.9.2.8
1.1.5.58235.26.2.11
1.1.5.58266.26.2
1.1.5.58356.32.1.7
1.1.5.58436.9.2.4
1.1.5.58460.29.1.15
1.1.5.58560.12.1.1
1.1.5.58810.8.2.7
1.1.5.58821.18
1.1.5.58858.46.1.15
1.1.5.58870.17.1.5
1.1.5.58973.43.4.9
1.1.5.59034.18.2.16
1.1.5.59140.33.1.2
1.1.5.59169.5.1
1.1.5.59220.8.1.13
1.1.5.59224.5.1.7.1
1.1.5.59242.12.3.5
1.1.5.59274.8.2.2
1.1.5.59282.11.1.16.13
1.1.5.59289.44.1.19
1.1.5.59338.10.1.20
1.1.5.59345.13.2
1.1.5.59414.10.1.6
1.1.5.59546.13.1.7
1.1.5.59689.6
1.1.5.59696.14.4.21
1.1.5.59789.9.1.4
1.1.5.59809.17.1.6
1.1.5.59904.5.1.7.3.6.2
1.1.5.59930.9.1.4.1.16
1.1.5.59950.11.1.2
1.1.5.59966.12.1.12
1.1.5.60066.13.3.10.5.3.2
1.1.5.60074.13.2.14
1.1.5.60152.19.1.1
1.1.5.60190.5.1.8.4.6
1.1.5.60272.10.2.12
1.1.5.60331.16.4.6.5
1.1.5.60394.18.1.2
1.1.5.60446.13.1.2
1.1.5.60466.41.1.23
1.1.5.60472.21.1.2
1.1.5.60541.5.1.2.1
1.1.5.60606.5.1.2.2.6
1.1.5.60677.17.2.15
1.1.5.60704.9.5.8
1.1.5.60705.9.1.6
1.1.5.60765.18.1.5
1.1.5.60871.5.1.7.5
1.1.5.60991.11.1.2
1.1.5.61120.22.2
1.1.5.61323.10.1.14
1.1.5.61338.9.1.1
1.1.5.61339.14.2.5
1.1.5.61343.15.3.11.6
1.1.5.61727.11.4.10
1.1.5.61769.8.1.1
1.1.5.61792.5.1.7.5.16.4.8.23
1.1.5.61800.14.1.10
1.1.5.61830.9.1.13
1.1.5.61892.23.1.25
1.1.5.61936.35.3.50
1.1.5.62088.17.1.20
1.1.5.62121.19.2.14.2
1.1.5.62264.26.2.1
1.1.5.62324.5.1.3.3.18.2
1.1.5.62337.9.1.1
1.1.5.62340.12.4.2
1.1.5.62467.21.2.22.5
1.1.5.62519.17.1.1
1.1.5.62605.28.1.11
1.1.5.62709.5.1
1.1.5.62742.3
1.1.5.62829.39.2.23.3
1.1.5.62900.8.2.2
1.1.5.62906.8.1.1
1.1.5.62985.10.1.4
1.1.5.62995.35.1.24
1.1.5.63109.13.2.2
1.1.5.63119.25.1.11.1.2
1.1.5.63145.19.1.2
1.1.5.63181.10.1.8
1.1.5.63184.9.1.22.8
1.1.5.63272.12.1.8
1.1.5.63283.20.1.16
1.1.5.63344.21.1.8
1.1.5.63374.9.1.1
1.1.5.63496.5.1.14.2.8.1
1.1.5.63574.9.3.9
1.1.5.63577.9.2.8
1.1.5.63794.11.1.1
1.1.5.63895.14.1.4
1.1.5.63957.29.2.17
1.1.5.63976.9.2.35
1.1.5.64028.25.1.14
1.1.5.64110.9.1.1
1.1.5.64224.46.1.15
1.1.5.64236.17.1.5
1.1.5.64271.14.4.19.2
1.1.5.64286.10.1.18
1.1.5.64313.21.2.15
1.1.5.64387.9.1.32
1.1.5.64471.9.1.24
1.1.5.64504.18.1.2
1.1.5.64531.17.1.1
1.1.5.64534.8.1.2
1.1.5.64604.8.1.13
1.1.5.64608.5.1.7.1
1.1.5.64660.8.2.2
1.1.5.64672.44.1.19
1.1.5.64726.10.1.20
1.1.5.64733.13.2
1.1.5.64757.17.1.1
1.1.5.64776.8.2.9
1.1.5.64922.13.1.7
1.1.5.65075.6
1.1.5.65082.14.4.21
1.1.5.65170.9.1.4
1.1.5.65190.17.1.6
1.1.5.65283.5.1.7.3.6.2
1.1.5.65451.10.2.8
1.1.5.65452.13
1.1.5.65467.8.2.6
1.1.5.65510.31.1.11
1.1.5.65526.9.2.2
1.1.5.65580.5.1.8.4.6
1.1.5.65675.10.2.12
1.1.5.65723.5.1
1.1.5.65726.8.4.5
1.1.5.65737.5.1.2.2
1.1.5.65738.22.1.9
1.1.5.65812.12
1.1.5.65940.5.1.2.1
1.1.5.66011.27.4.6.13.20.7.57
1.1.5.66091.9.1.5.2
1.1.5.66094.12.1.3
1.1.5.66105.8.1.2
1.1.5.66119.9.1.9.7
1.1.5.66159.9.3.1
1.1.5.66425.11.1.2
1.1.5.66562.22.2
1.1.5.66733.9.1.2
1.1.5.66786.5.1.1
1.1.5.66817.46.1.2
1.1.5.66842.17.1.2
1.1.5.66842.17.1.3
1.1.5.66880.13.1.3
1.1.5.66885.9.1.5
1.1.5.66913.13.1.1
1.1.5.66935.9.1.7
1.1.5.66944.13.1.2
1.1.5.67057.9.3.1
1.1.5.67121.51.1.21
1.1.5.67125.24.1.11
1.1.5.67127.14.2.6
1.1.5.67154.11.4.10
1.1.5.67202.8.1.1
1.1.5.67225.5.1.7.5.16.4.16.55
1.1.5.67233.14.1.10
1.1.5.67263.9.1.13
1.1.5.67290.16.6.5
1.1.5.67325.23.1.25
1.1.5.67369.35.3.50
1.1.5.67525.17.1.20
1.1.5.67558.19.2.14.2
1.1.5.67702.26.2.1
1.1.5.67783.15.4.6
1.1.5.67907.18.1.13
1.1.5.68165.6
1.1.5.68268.8.3.5
1.1.5.68388.8.1.15
1.1.5.68505.16.2.10
1.1.5.68518.11.1.7
1.1.5.68557.5.1
1.1.5.68589.5.1.5.1.5.1.12
1.1.5.68652.10.1.8
1.1.5.68655.9.1.22.8
1.1.5.68740.12.1.8
1.1.5.68812.21.1.8
1.1.5.68868.10.1.3
1.1.5.68921.30.2.11
1.1.5.68929.25.1.1
1.1.5.68939.14.3.7.4
1.1.5.68960.5.1.3.1
1.1.5.69039.9.3.9
1.1.5.69042.9.2.8
1.1.5.69124.26.2
1.1.5.69195.5.1.3.2.13.3
1.1.5.69295.5.1.14.4.9.2
1.1.5.69476.25.1.14
1.1.5.69640.8.2.7
1.1.5.69651.18
1.1.5.69688.46.1.15
1.1.5.69700.17.1.5
1.1.5.69735.14.4.19.2
1.1.5.69750.10.1.18
1.1.5.69801.43.4.9
1.1.5.69836.9.1.32
1.1.5.69960.10.1.3
1.1.5.69978.10.1.2
1.1.5.70056.5.1.25.1.1.1
1.1.5.70112.8.2.2
1.1.5.70120.11.1.16.13
1.1.5.70127.44.1.19
1.1.5.70147.54.1.45
1.1.5.70164.5.1.50.1.2.2.5.10
1.1.5.70243.10.1.6
1.1.5.70382.3
1.1.5.70495.5.1.3.20
1.1.5.70531.33.2.11.11.34.1
1.1.5.70629.9.1.4
1.1.5.70649.17.1.6
1.1.5.70749.14.2.6
1.1.5.70772.9.1.4.1.26
1.1.5.70805.12.1.12
1.1.5.70924.13.2.7
1.1.5.70968.31.1.11
1.1.5.70984.9.2.2
1.1.5.71044.14.2.8
1.1.5.71116.5.1.1.19.4.6
1.1.5.71135.10.2.12
1.1.5.71198.5.1
1.1.5.71201.8.4.5
1.1.5.71212.5.1.2.2
1.1.5.71213.22.1.9
1.1.5.71237.8.1.6
1.1.5.71265.18.1.2
1.1.5.71317.13.1.2
1.1.5.71337.41.1.23
1.1.5.71343.21.1.2
1.1.5.71412.5.1.2.1
1.1.5.71477.28.2.16.14.14
1.1.5.71542.43.1.2
1.1.5.71545.5.1
1.1.5.71551.25.2.12.1.9.2
1.1.5.71564.5.1
1.1.5.71582.5.1.5
1.1.5.71583.5.1.8.1.14.2.10
1.1.5.71599.22.1.11
1.1.5.71613.26.1.23
1.1.5.71645.18.1.5
1.1.5.71692.12.1.2
1.1.5.71750.5.1.7.5
1.1.5.71829.11.1.3
1.1.5.71939.16.1.1
1.1.5.72157.9.1.2
1.1.5.72210.5.1.1
1.1.5.72257.35.2.5
1.1.5.72293.12.1.4
1.1.5.72322.13.1.1
1.1.5.72344.9.1.7
1.1.5.72467.9.3.1
1.1.5.72529.51.1.21
1.1.5.72533.24.1.11
1.1.5.72535.14.2.6
1.1.5.72603.8.2.5
1.1.5.72625.5.1.7.5.16.4.25.23
1.1.5.72633.14.1.10
1.1.5.72663.9.1.13
1.1.5.72714.8.1.27
1.1.5.72778.35.3.50
1.1.5.72882.11.2.2
1.1.5.72944.46.2.14.4
1.1.5.73260.11.1.12.13
1.1.5.73270.9.1.2
1.1.5.73342.21.2.22.5
1.1.5.73393.17.1.1
1.1.5.73480.28.1.11
1.1.5.73585.6
1.1.5.73702.37.2.26.3
1.1.5.73773.8.2.2
1.1.5.73779.8.1.1
1.1.5.73874.13.2.2
1.1.5.73904.16.2.10
1.1.5.73917.11.1.7
1.1.5.73989.5.1.5.1.5.1.12
1.1.5.74042.11.1.3
1.1.5.74053.26.1.9
1.1.5.74065.22.3.16
1.1.5.74069.12.1.7
1.1.5.74113.10.1.5
1.1.5.74156.12.1.8
1.1.5.74229.21.1.8
1.1.5.74282.10.1.3
1.1.5.74301.25.1.23
1.1.5.74350.14.3.7.4
1.1.5.74373.5.1.14.2.17.6
1.1.5.74446.9.3.9
1.1.5.74449.9.2.8
1.1.5.74494.26.2.11
1.1.5.74525.26.2
1.1.5.74616.32.1.7
1.1.5.74692.5.1.14.4.9.2
1.1.5.74730.13.2.5
1.1.5.74813.29.2.17
1.1.5.74832.9.2.35
1.1.5.75096.46.1.15
1.1.5.75108.17.1.5
1.1.5.75214.43.4.9
1.1.5.75275.18.2.16
1.1.5.75346.18.1.2
1.1.5.75373.17.1.1
1.1.5.75376.8.1.2
1.1.5.75405.5.1
1.1.5.75461.5.1.25.1.1.1
1.1.5.75518.8.2.2
1.1.5.75530.44.1.19
1.1.5.75549.54.1.62
1.1.5.75564.3
1.1.5.75617.34.3.25
1.1.5.75751.9.2.6
1.1.5.75788.27.2.24
1.1.5.75830.19.1.8
1.1.5.75835.13.3.12
1.1.5.75881.21.3.2
1.1.5.75922.6
1.1.5.75929.14.4.21
1.1.5.76127.5.1.7.3.6.2
1.1.5.76192.12.1.12
1.1.5.76292.13.3.10.5.3.2
1.1.5.76302.13.2.14
1.1.5.76346.31.1.11
1.1.5.76362.9.2.2
1.1.5.76508.10.2.12
1.1.5.76571.5.1
1.1.5.76574.8.4.5
1.1.5.76585.5.1.2.2
1.1.5.76586.22.1.9
1.1.5.76660.12
1.1.5.76671.29.1.25
1.1.5.76678.9.1.2
1.1.5.76776.5.1.15
1.1.5.76850.27.4.6.13.20.7.33
1.1.5.76857.8.1.4
1.1.5.76913.43.1.2
1.1.5.76916.5.1
1.1.5.76922.25.2.12.1.9.2
1.1.5.76938.8.1.2
1.1.5.76952.9.1.8.7
1.1.5.76991.9.3.1
1.1.5.77035.18.1.5
1.1.5.77122.13.3.21
1.1.5.77339.16.1.1
1.1.5.77390.22.2
1.1.5.77546.9.1.4
1.1.5.77602.5.1.1
1.1.5.77647.17.1.2
1.1.5.77647.17.1.3
1.1.5.77685.13.1.3
1.1.5.77690.9.1.5
1.1.5.77718.13.1.1
1.1.5.77866.9.3.1
1.1.5.77930.51.1.21
1.1.5.77934.24.1.11
1.1.5.77936.14.2.6
1.1.5.77992.8.1.1
1.1.5.78015.5.1.7.5.16.4.10.2
1.1.5.78023.14.1.10
1.1.5.78053.9.1.13
1.1.5.78136.5.1.17.1
1.1.5.78169.35.3.50
1.1.5.78334.46.2.14.4
1.1.5.78355.17.3.2
1.1.5.78510.19.2.9
1.1.5.78569.5.1.3.3.36.5
1.1.5.78582.9.1.1
1.1.5.78585.12.4.2
1.1.5.78657.8.2.2
1.1.5.78847.3
1.1.5.78861.38.1.19
1.1.5.79011.6
1.1.5.79032.5.1.5.1
1.1.5.79132.37.2.26.3
1.1.5.79189.9.2.11
1.1.5.79197.8.2.2
1.1.5.79305.13.2.2
1.1.5.79338.5.1.2.2.32.4.18
1.1.5.79374.33.1.13
1.1.5.79438.8.1.4
1.1.5.79473.10.1.8
1.1.5.79476.9.1.22.8
1.1.5.79571.12.1.9
1.1.5.79582.20.1.16
1.1.5.79642.21.1.8
1.1.5.79672.9.1.1
1.1.5.79677.22.1.19
1.1.5.79695.10.1.3
1.1.5.79714.25.1.23
1.1.5.79766.14.3.7.4
1.1.5.79787.5.1.3.1
1.1.5.79814.10.2.2
1.1.5.79872.9.3.9
1.1.5.79875.9.2.8
1.1.5.79920.26.2.11
1.1.5.79951.26.2
1.1.5.80022.5.1.3.2.13.3
1.1.5.80032.9.1.3
1.1.5.80125.5.1.1.2
1.1.5.80198.14.1.4
1.1.5.80263.12.1.1
1.1.5.80522.8.2.7
1.1.5.80533.18
1.1.5.80570.46.1.15
1.1.5.80582.17.1.5
1.1.5.80617.14.4.19.2
1.1.5.80632.10.1.18
1.1.5.80659.21.2.15
1.1.5.80744.18.2.16
1.1.5.80815.18.1.2
1.1.5.80842.17.1.1
1.1.5.80845.8.1.2
1.1.5.80907.8.1.13
1.1.5.80911.5.1.7.1
1.1.5.80958.8.2.2
1.1.5.80966.11.1.16.13
1.1.5.80973.44.1.19
1.1.5.81022.10.1.20
1.1.5.81029.13.2
1.1.5.81057.34.3.25
1.1.5.81181.16.1.4
1.1.5.81212.13.1.7
1.1.5.81370.6
1.1.5.81377.14.4.21
1.1.5.81580.5.1.7.3.6.2
1.1.5.81606.9.1.4.1.16
1.1.5.81638.12.1.12
1.1.5.81738.13.3.10.5.3.2
1.1.5.81748.13.2.14
1.1.5.81792.31.1.11
1.1.5.81808.9.2.2
1.1.5.81863.5.1.8.4.6
1.1.5.81868.10.1.4.5
1.1.5.81941.5.1.1.19.4.6
1.1.5.81960.10.2.12
1.1.5.81983.34.2.18.15
1.1.5.81984.46.4.39
1.1.5.82024.5.1
1.1.5.82027.8.4.5
1.1.5.82038.5.1.2.2
1.1.5.82039.22.1.9
1.1.5.82063.8.1.6
1.1.5.82093.18.1.2
1.1.5.82145.13.1.2
1.1.5.82165.41.1.23
1.1.5.82171.21.1.2
1.1.5.82242.5.1.2.1
1.1.5.82310.27.4.6.13.20.7.18
1.1.5.82386.17.2.15
1.1.5.82413.9.5.8
1.1.5.82414.9.1.6
1.1.5.82475.18.1.5
1.1.5.82572.5.1.7.5
1.1.5.82720.17.1.1
1.1.5.82802.22.2
1.1.5.83029.9.1.1
1.1.5.83030.14.2.5
1.1.5.83034.15.3.11.6
1.1.5.83122.25.2.19.10.35
1.1.5.83131.3
1.1.5.83134.9.1.26
1.1.5.83151.11.1.15
1.1.5.83215.13.1.1
1.1.5.83311.10.1.22
1.1.5.83461.5.1.7.5.16.4.33.28
1.1.5.83469.14.1.10
1.1.5.83499.9.1.13
1.1.5.83515.14.1.7
1.1.5.83578.5.1.17.1
1.1.5.83611.35.3.50
1.1.5.83766.17.1.20
1.1.5.83951.26.2.1
1.1.5.83973.11.3.2
1.1.5.83976.9.1.22
1.1.5.84019.5.1.3.3.36.5
1.1.5.84094.9.1.2
1.1.5.84164.21.2.22.5
1.1.5.84240.3
1.1.5.84286.28.1.11
1.1.5.84529.16.2.7.4
1.1.5.84615.8.1.15
1.1.5.84702.13.2.2
1.1.5.84730.5.1.2.2.14.4.16
1.1.5.84745.11.1.7
1.1.5.84784.5.1
1.1.5.84809.5.1.5.1.5.1.12
1.1.5.84887.13.1.19.7.13.6
1.1.5.85082.10.1.3
1.1.5.85181.5.1.3.1
1.1.5.85191.36.1.21
1.1.5.85249.9.3.9
1.1.5.85252.9.2.8
1.1.5.85330.8.1.2
1.1.5.85410.32.1.7
1.1.5.85465.11.1.1
1.1.5.85493.5.1.14.4.9.2
1.1.5.85551.33.2.2
1.1.5.85618.29.2.17
1.1.5.85906.26.2
1.1.5.85918.46.1.15
1.1.5.85930.17.1.5
1.1.5.86045.43.4.9
1.1.5.86106.18.2.16
1.1.5.86183.18.1.2
1.1.5.86210.17.1.1
1.1.5.86213.8.1.2
1.1.5.86242.5.1
1.1.5.86293.8.1.13
1.1.5.86297.5.1.7.1
1.1.5.86315.12.3.5
1.1.5.86349.8.2.2
1.1.5.86357.11.1.16.13
1.1.5.86364.44.1.19
1.1.5.86384.54.1.45
1.1.5.86445.34.3.25
1.1.5.86617.13.1.7
1.1.5.86639.9.3.1
1.1.5.86642.5.1.3.1
1.1.5.86671.8.1.2
1.1.5.86770.6
1.1.5.86777.14.4.21
1.1.5.86980.5.1.7.3.6.2
1.1.5.87023.11.1.2
1.1.5.87165.8.2.6
1.1.5.87208.31.1.11
1.1.5.87224.9.2.2
1.1.5.87359.10.2.12
1.1.5.87422.5.1
1.1.5.87425.8.4.5
1.1.5.87436.5.1.2.2
1.1.5.87437.22.1.9
1.1.5.87461.8.1.6
1.1.5.87495.18.1.2
1.1.5.87522.13.1.12.1.13
1.1.5.87538.9.1.11
1.1.5.87545.13.1.2
1.1.5.87565.41.1.23
1.1.5.87571.21.1.2
1.1.5.87613.12.2.1
1.1.5.87616.13.1.6
1.1.5.87647.5.1.2.1
1.1.5.87712.13.1.7.2
1.1.5.87769.17.2.15
1.1.5.87796.9.5.8
1.1.5.87797.9.1.6
1.1.5.87866.18.1.5
1.1.5.87964.5.1.7.5
1.1.5.88084.10.2.10
1.1.5.88213.22.2
1.1.5.88424.5.1.1
1.1.5.88473.35.2.5
1.1.5.88510.12.1.4
1.1.5.88543.11.1.15
1.1.5.88572.9.1.7
1.1.5.88581.13.1.2
1.1.5.88759.51.1.21
1.1.5.88763.24.1.11
1.1.5.88765.14.2.6
1.1.5.88821.8.2.5
1.1.5.88843.5.1.7.5.16.4.22.6
1.1.5.88851.14.1.10
1.1.5.88881.9.1.13
1.1.5.88931.8.1.27
1.1.5.88943.10.2.5
1.1.5.88994.35.3.50
1.1.5.89057.24.2.11
1.1.5.89104.12.2.8
1.1.5.89151.17.1.20
1.1.5.89184.19.2.14.2
1.1.5.89281.33.1.13
1.1.5.89400.10.2.4
1.1.5.89430.15.4.6
1.1.5.89632.3
1.1.5.89655.38.1.19
1.1.5.89813.5.1
1.1.5.89921.8.4.9
1.1.5.89935.39.2.23.3
1.1.5.90021.8.1.15
1.1.5.90141.5.1.2.2.30.4.18
1.1.5.90177.33.1.13
1.1.5.90211.5.1.6.1.2
1.1.5.90272.3
1.1.5.90277.22.3.16
1.1.5.90281.12.1.7
1.1.5.90325.10.1.5
1.1.5.90368.12.1.9
1.1.5.90430.21.1.8
1.1.5.90460.9.1.1
1.1.5.90573.5.1.3.1
1.1.5.90591.10.2.2
1.1.5.90650.9.3.9
1.1.5.90653.9.2.8
1.1.5.90731.8.1.2
1.1.5.90813.32.1.7
1.1.5.90875.11.1.1
1.1.5.90907.5.1.1.2
1.1.5.90969.33.2.2
1.1.5.90978.16.5.15.1.3.1.11
1.1.5.91035.29.2.17
1.1.5.91054.9.2.35
1.1.5.91272.8.2.7
1.1.5.91283.18
1.1.5.91320.46.1.15
1.1.5.91332.17.1.5
1.1.5.91367.14.4.19.2
1.1.5.91382.10.1.18
1.1.5.91409.21.2.15
1.1.5.91442.17.7.10
1.1.5.91575.9.1.24
1.1.5.91641.17.1.1
1.1.5.91644.8.1.2
1.1.5.91651.8.1.1
1.1.5.91727.5.1.25.1.1.1
1.1.5.91792.8.2.2
1.1.5.91800.11.1.16.13
1.1.5.91807.44.1.19
1.1.5.91860.10.2.2
1.1.5.91900.34.3.25
1.1.5.91946.17.1.2
1.1.5.92067.13.1.7
1.1.5.92113.19.1.8
1.1.5.92118.13.3.12
1.1.5.92170.5.1.3.20
1.1.5.92201.6
1.1.5.92208.14.4.21
1.1.5.92228.9.1.6
1.1.5.92231.35.1.2
1.1.5.92437.14.2.6
1.1.5.92506.12.1.12
1.1.5.92616.14.1.7
1.1.5.92659.31.1.11
1.1.5.92675.9.2.2
1.1.5.92830.10.2.12
1.1.5.92859.11.2.7
1.1.5.92889.5.1
1.1.5.92892.8.4.5
1.1.5.92903.5.1.2.2
1.1.5.92904.22.1.9
1.1.5.92928.8.1.6
1.1.5.92994.29.1.25
1.1.5.93001.9.1.2
1.1.5.93103.5.1.2.1
1.1.5.93141.11.1.3
1.1.5.93180.33.4.6.13.25.7.14
1.1.5.93244.43.1.2
1.1.5.93247.5.1
1.1.5.93253.25.2.12.1.9.2
1.1.5.93269.8.1.2
1.1.5.93283.9.1.8.7
1.1.5.93322.9.3.1
1.1.5.93410.12.1.2
1.1.5.93472.5.1.1.5
1.1.5.93707.8.1.3
1.1.5.93732.17.1.2
1.1.5.93741.10.1.6
1.1.5.93849.12.2.6
1.1.5.93885.9.1.2
1.1.5.93913.5.1.5.4
1.1.5.93936.9.1.1
1.1.5.93937.14.2.5
1.1.5.93941.15.3.11.6
1.1.5.93988.13.1.5.2
1.1.5.94057.13.1.1
1.1.5.94090.13.1.2
1.1.5.94202.9.3.1
1.1.5.94206.13.3.12
1.1.5.94226.5.1.2.1.1
1.1.5.94323.8.2.5
1.1.5.94345.5.1.7.5.16.4.22.6
1.1.5.94353.14.1.10
1.1.5.94383.9.1.13
1.1.5.94433.8.1.27
1.1.5.94496.35.3.50
1.1.5.94601.12.2.8
1.1.5.94679.19.2.14.2
1.1.5.94723.5.1.3.2.4
1.1.5.94819.19.2.9
1.1.5.94878.5.1.3.3.36.5
1.1.5.94891.9.1.1
1.1.5.94963.8.2.2
1.1.5.95098.5.1.2
1.1.5.95174.28.1.11
1.1.5.95418.16.2.7.4
1.1.5.95504.8.1.15
1.1.5.95622.5.1.2.2.14.4.19
1.1.5.95637.11.1.7
1.1.5.95699.5.1.6.1.2
1.1.5.95739.8.1.3
1.1.5.95765.10.1.8
1.1.5.95768.9.1.22.8
1.1.5.95858.5.1.4
1.1.5.95895.53.1.8
1.1.5.95950.8.1.6
1.1.5.95964.9.1.1
1.1.6.66.14.3.7.4
1.1.6.87.5.1.3.1
1.1.6.105.10.2.2
1.1.6.117.9.1.4
1.1.6.164.9.3.9
1.1.6.167.9.2.8
1.1.6.212.26.2.11
1.1.6.243.26.2
1.1.6.389.11.1.1
1.1.6.417.5.1.14.4.9.2
1.1.6.519.12.1.1
1.1.6.596.25.1.14
1.1.6.764.8.2.7
1.1.6.775.18
1.1.6.812.46.1.15
1.1.6.824.17.1.5
1.1.6.859.14.4.19.2
1.1.6.874.10.1.18
1.1.6.938.14.1.5
1.1.6.1041.9.1.24
1.1.6.1109.33.1.2
1.1.6.1116.8.1.1
1.1.6.1169.8.1.13
1.1.6.1173.5.1.7.1
1.1.6.1229.8.2.2
1.1.6.1237.11.1.16.13
1.1.6.1244.44.1.19
1.1.6.1299.10.1.20
1.1.6.1340.34.3.25
1.1.6.1504.13.1.7
1.1.6.1662.6
1.1.6.1669.14.4.21
1.1.6.1686.9.1.6
1.1.6.1689.35.1.2
1.1.6.1927.11.1.2
1.1.6.2067.8.2.6
1.1.6.2173.5.1.8.4.6
1.1.6.2268.10.2.12
1.1.6.2335.5.1
1.1.6.2338.8.4.5
1.1.6.2349.5.1.2.2
1.1.6.2350.22.1.9
1.1.6.2374.8.1.6
1.1.6.2440.29.1.25
1.1.6.2447.9.1.2
1.1.6.2549.5.1.2.1
1.1.6.2623.17.1.19.9
1.1.6.2636.8.1.10
1.1.6.2685.43.1.2
1.1.6.2688.5.1
1.1.6.2694.25.2.12.1.9.2
1.1.6.2707.5.1
1.1.6.2725.5.1.5
1.1.6.2726.5.1.8.1.14.2.10
1.1.6.2742.21.1.7
1.1.6.2756.26.1.22
1.1.6.2884.5.1.7.5
1.1.6.2989.11.1.2
1.1.6.3078.16.1.1
1.1.6.3129.22.2
1.1.6.3282.19.2.33
1.1.6.3303.9.1.2
1.1.6.3353.9.1.1
1.1.6.3354.14.2.5
1.1.6.3358.15.3.11.6
1.1.6.3384.25.2.16
1.1.6.3399.17.1.2
1.1.6.3399.17.1.3
1.1.6.3437.13.1.3
1.1.6.3442.9.1.5
1.1.6.3470.13.1.1
1.1.6.3669.57.1.29
1.1.6.3673.24.1.11
1.1.6.3675.14.2.6
1.1.6.3746.8.1.1
1.1.6.3769.5.1.7.5.16.4.16.26
1.1.6.3777.14.1.10
1.1.6.3807.9.1.13
1.1.6.3833.16.6.5
1.1.6.3917.35.3.50
1.1.6.4104.19.2.14.2
1.1.6.4242.19.2.9
1.1.6.4396.8.2.2
1.1.6.4467.21.1.1
1.1.6.4471.14.1.10
1.1.6.4475.18.1.23
1.1.6.4520.10.2.8
1.1.6.4592.3
1.1.6.4606.38.1.19
1.1.6.4764.5.1
1.1.6.4847.17.3.16
1.1.6.4887.37.2.26.3
1.1.6.4958.8.2.2
1.1.6.4964.8.1.1
1.1.6.5075.24.1.2
1.1.6.5080.13.2.2
1.1.6.5110.16.2.10
1.1.6.5123.11.1.7
1.1.6.5159.5.1
1.1.6.5190.18.2.6.2.9
1.1.6.5245.3
1.1.6.5250.22.3.16
1.1.6.5254.12.1.7
1.1.6.5298.10.1.5
1.1.6.5342.32.1.7
1.1.6.5473.10.1.3
1.1.6.5492.25.1.23
1.1.6.5581.5.1.3.1
1.1.6.5608.10.2.2
1.1.6.5664.9.3.9
1.1.6.5667.9.2.8
1.1.6.5824.32.1.7
1.1.6.5879.11.1.1
1.1.6.5907.5.1.14.4.9.2
1.1.6.5965.14.1.4
1.1.6.5967.28.3.8.1.3.1.5
1.2.57.6.3.44.2
1.2.157.2.1.1.1
1.2.252.2.1.1.1.2.9
1.2.391.6.3
1.2.1164.3
1.2.1182.2.1.5
1.2.1774.3
1.2.1850.6.3.14.4
1.2.2021.8.4.15.3
1.2.2199.1
1.2.2235.6.3.3.2
1.2.2663.2.1.10
1.2.2790.2.1
1.2.2895.2.1.1.2.27.3
1.2.3223.14.7.61
1.2.3336.6.3.8.2.21.3.6
1.2.3337.8.4
1.2.3450.6.3.14
1.2.3506.4.2.19.2.4
1.2.3519.2.1.10.4
1.2.3879.8.4.14.1.2.2
1.2.4482.2.1.1
1.2.4486.1
1.2.4820.2.1.2.2
1.2.4998.8.4.7.6
1.2.5020.10.5
1.2.5111.2.1.1.3
1.2.5138.4.2.4
1.2.5475.7
1.2.5636.4.2.19.2
1.2.5789.2.1.1.1
1.4.22.2
1.4.22.4
1.4.26.2
1.4.336.2
1.4.336.3
1.4.368.2
1.4.536.2
1.4.799.2
1.4.1183.2
1.4.1202.2
1.4.1202.4
1.4.1317.2
1.4.1554.2
1.4.1554.3
1.4.1944.2
1.4.2025.2
1.4.2025.4
1.4.2232.2
1.4.2553.2
1.4.2934.2
1.4.3200.2
1.4.3505.2
1.4.3643.2
1.4.3643.4
1.4.3670.2
1.4.3834.2
1.4.3892.2
1.4.3966.2
1.4.4199.2
1.4.4459.2
1.4.4459.5
1.4.4570.2
1.4.4873.2
1.4.4873.4
1.4.5129.2
1.4.5129.4
1.4.5505.2
1.4.5505.5
1.4.5527.2
1.4.5570.2
1.4.5720.2
1.4.5764.2
1.4.5775.2
1.4.5775.4
1.4.6026.2
1.4.6026.3
1.4.6150.2
1.4.6150.5
1.4.6550.2
1.4.6550.5
1.4.6700.2
1.4.7029.2
1.4.7111.2
1.4.7111.4
1.4.7203.2
1.4.7774.2
1.4.8590.2
1.4.9099.2
1.4.9256.2
1.4.10327.2
1.4.10327.3
1.4.10507.2
1.4.10774.2
1.4.10774.3
1.4.11026.2
1.4.11068.2
1.4.11068.5
1.4.11135.2
1.4.11208.2
1.4.11559.2
1.4.11559.3
1.4.11562.2
1.4.11738.2
1.4.11743.2
1.4.11743.4
1.4.11766.2
1.4.11766.4
1.4.11770.2
1.4.11814.2
1.4.11814.4
1.4.12195.2
1.4.12256.2
1.4.12256.3
1.4.12273.2
1.4.12273.4
1.4.12359.2
1.4.12405.2
1.4.12553.2
1.4.12745.2
1.4.12854.2
1.4.12854.5
1.4.12890.2
1.4.13077.2
1.4.13077.4
1.4.13123.2
1.4.13466.2
1.4.13533.2
1.4.13533.3
1.4.13541.2
1.4.14048.2
1.4.14048.3
1.4.14242.2
1.4.14576.1
1.4.14576.2
1.4.14576.5
1.4.14620.2
1.4.14649.2
1.4.14649.5
1.4.14682.2
1.4.14794.2
1.4.14858.2
1.4.14858.4
1.4.15048.2
1.4.15048.4
1.4.15056.2
1.4.15056.4
1.4.15232.2
1.4.15232.4
1.4.15597.2
1.4.15597.3
1.4.15630.2
1.4.15726.2
1.4.15726.4
1.4.15800.2
1.4.15800.4
1.4.16191.2
1.4.16196.2
1.4.16196.4
1.4.16512.2
1.4.16512.5
1.4.16553.2
1.4.16553.3
1.4.17039.2
1.4.17161.2
1.4.17491.3.1
1.4.17511.2
1.4.18179.2
1.4.18179.4
1.4.18481.2
1.4.18481.4
1.4.18554.2
1.4.18554.4
1.4.18800.2
1.4.18840.2
1.4.19179.2
1.4.19179.4
1.4.19322.2
1.4.19459.2
1.4.19470.2
1.4.19919.2
1.4.19919.4
1.4.20038.2
1.4.20038.5
1.4.20192.2
1.4.20192.5
1.4.20272.2
1.4.20291.2
1.4.20482.2
1.4.20507.2
1.4.20636.2
1.4.20636.5
1.4.20954.2
1.4.20954.4
1.4.21136.2
1.4.21485.2
1.4.21485.3
1.4.21795.2
1.4.21795.3
1.4.21808.2
1.4.21808.5
1.4.21830.2
1.4.21856.2
1.4.21914.2
1.4.21914.4
1.4.21967.2
1.4.21967.3
1.4.22127.2
1.4.22127.3
1.4.22384.2
1.4.22767.2
1.4.22767.4
1.4.22996.2
1.4.22996.5
1.4.23023.2
1.4.23120.2
1.4.23120.4
1.4.23215.2
1.4.23279.2
1.4.23279.5
1.4.23317.2
1.4.23356.2
1.4.23356.5
1.4.23385.2
1.4.23385.4
1.4.23455.2
1.4.23455.3
1.4.23758.2
1.4.23801.2
1.4.23801.4
1.4.24012.2
1.4.24061.2
1.4.24241.2
1.4.24241.3
1.4.24344.2
1.4.24344.3
1.4.24425.2
1.4.24425.4
1.4.24452.2
1.4.24666.2
1.4.24666.4
1.4.24757.2
1.4.24757.5
1.4.25098.2
1.4.25118.2
1.4.25118.5
1.4.25304.2
1.4.25304.4
1.4.25330.2
1.4.25330.5
1.4.25438.2
1.4.25531.2
1.4.25531.3
1.4.25589.2
1.4.25934.2
1.4.26193.2
1.4.26293.2
1.4.26293.4
1.4.26513.2
1.4.26513.4
1.4.26760.2
1.4.26760.4
1.4.27328.2
1.4.27328.5
1.4.27653.2
1.4.27660.2
1.4.28086.2
1.4.28139.2
1.4.28164.2
1.4.28164.3
1.4.28338.2
1.4.28410.2
1.4.28410.5
1.4.28843.2
1.4.28843.4
1.4.28874.2
1.4.28922.2
1.4.29146.2
1.4.29146.5
1.4.29981.2
1.4.30209.2
1.4.30209.5
1.4.30260.2
1.4.30307.2
1.4.30307.4
1.4.30319.2
1.4.30319.4
1.4.30571.2
1.4.31218.2
1.4.31802.2
1.4.31802.5
1.4.31917.2
1.4.32315.2
1.4.32315.5
1.4.32553.2
1.4.32572.2
1.4.32572.3
1.4.32793.2
1.4.33236.2
1.4.33785.2
1.4.33853.2
1.4.33891.2
1.4.34407.2
1.4.34562.2
1.4.34755.2
1.4.34755.4
1.4.34938.2
1.4.34938.3
1.4.35187.2
1.4.35271.1
1.4.35271.2
1.4.35328.2
1.4.35328.4
1.4.35409.2
1.4.35772.2
1.4.36139.2
1.4.36139.4
1.4.36734.2
1.4.36805.2
1.4.36805.3
1.4.36901.2
1.4.36923.2
1.4.37108.2
1.4.37177.2
1.4.37518.2
1.4.37518.4
1.4.37533.2
1.4.37651.2
1.4.37961.2
1.4.38192.2
1.4.38307.2
1.4.38307.5
1.4.38318.2
1.4.38318.3
1.4.38586.2
1.4.38586.4
1.4.38715.2
1.4.39030.1
1.4.39030.2
1.4.39344.2
1.4.39395.2
1.4.39648.2
1.4.39648.4
1.4.39657.2
1.4.39657.3
1.4.39857.2
1.4.40491.2
1.4.40491.4
1.4.40497.2
1.4.40532.2
1.4.40532.4
1.4.40634.2
1.4.40634.5
1.4.40967.2
1.4.40967.4
1.4.41083.2
1.4.41250.2
1.4.41250.4
1.4.41257.2
1.4.41582.2
1.4.41582.4
1.4.41798.2
1.4.41884.2
1.4.42020.2
1.4.42020.4
1.4.42258.4.1
1.4.42645.1
1.4.42645.2
1.4.42760.2
1.4.42935.2
1.4.42935.3
1.4.43007.2
1.4.43007.5
1.4.43347.2
1.4.43523.2
1.4.43704.2
1.4.43848.2
1.4.43955.2
1.4.43955.4
1.4.44259.2
1.4.44259.4
1.4.44374.2
1.4.44469.2
1.4.44469.4
1.4.44645.2
1.4.44645.4
1.4.44920.2
1.4.44920.4
1.4.44983.2
1.4.45383.2
1.4.45934.2
1.4.45963.2
1.4.45963.5
1.4.45999.2
1.4.45999.5
1.4.46270.2
1.4.46979.2
1.4.47224.2
1.4.47376.2
1.4.47376.4
1.4.47829.2
1.4.48146.2
1.4.48201.2
1.4.48201.5
1.4.48216.2
1.4.48472.2
1.4.48472.5
1.4.48750.2
1.4.48750.4
1.4.48759.2
1.4.48759.4
1.4.48764.2
1.4.48764.4
1.4.48779.2
1.4.48888.2
1.4.49632.2
1.4.49632.3
1.4.49701.2
1.4.49701.4
1.4.49735.2
1.4.49735.4
1.4.49878.2
1.4.49878.4
1.4.50228.2
1.4.50228.4
1.4.50241.2
1.4.50241.5
1.4.50347.2
1.4.50347.5
1.4.50401.2
1.4.50421.2
1.4.50421.3
1.4.50451.2
1.4.50451.3
1.4.50507.2
1.4.50507.5
1.4.50639.2
1.4.50644.2
1.4.50644.4
1.4.50981.2
1.4.51049.2
1.4.51102.2
1.4.51102.4
1.4.51206.2
1.4.51469.2
1.4.51490.1
1.4.51490.2
1.4.51630.2
1.4.51634.2
1.4.51634.4
1.4.52369.2
1.4.52369.5
1.4.52560.2
1.4.52560.4
1.4.52891.2
1.4.52941.2
1.4.52941.5
1.4.53071.2
1.4.53246.2
1.4.53246.4
1.4.53334.2
1.4.53334.3
1.4.53536.2
1.4.53536.5
1.4.53580.2
1.4.53674.2
1.4.53674.5
1.4.53770.2
1.4.53770.3
1.4.54783.2
1.4.55197.2
1.4.55300.2
1.4.55323.2
1.4.55350.2
1.4.55350.3
1.4.55381.2
1.4.55433.2
1.4.55433.5
1.4.55457.2
1.4.55457.5
1.4.55493.2
1.4.55493.5
1.4.55836.2
1.4.56110.2
1.4.56110.5
1.4.56137.2
1.4.56297.2
1.4.56297.4
1.4.56418.2
1.4.56418.4
1.4.56422.2
1.4.56422.3
1.4.56799.2
1.4.56799.3
1.4.56842.2
1.4.56842.5
1.4.57177.2
1.4.57177.5
1.4.57605.2
1.4.57605.5
1.4.57721.2
1.4.57721.4
1.4.57934.2
1.4.58131.2
1.4.58177.2
1.4.58771.2
1.4.58771.3
1.4.59299.2
1.4.59816.2
1.4.59898.2
1.4.59975.2
1.4.60312.2
1.4.60312.4
1.4.60993.2
1.4.61369.2
1.4.61447.2
1.4.61447.4
1.4.61500.2
1.4.61868.2
1.4.62209.2
1.4.62209.5
1.4.62250.2
1.4.62250.4
1.4.62711.2
1.4.62746.2
1.4.62922.4.4
1.4.63171.2
1.4.63416.2
1.4.63512.2
1.4.63512.4
1.4.63522.2
1.4.63566.2
1.4.63566.5
1.4.63921.2
1.4.63921.3
1.4.64120.2
1.4.64120.4
1.4.64133.2
1.4.64464.2
1.4.64464.5
1.4.64473.2
1.4.65109.2
1.4.65185.2
1.4.65185.3
1.4.65324.2
1.4.65324.5
1.4.65462.2
1.4.65497.2
1.4.65497.3
1.4.65582.2
1.4.65694.2
1.4.65694.4
1.4.65724.2
1.4.65977.2
1.4.66162.2
1.4.66162.3
1.4.66441.2
1.4.66441.4
1.4.66553.2
1.4.66553.5
1.4.66660.2
1.4.66730.2
1.4.66730.4
1.4.67017.2
1.4.67017.5
1.4.67128.2
1.4.67619.2
1.4.67619.3
1.4.67624.2
1.4.68057.2
1.4.68207.2
1.4.68207.4
1.4.68219.2
1.4.68219.4
1.4.68267.2
1.4.68450.2
1.4.68450.4
1.4.68486.1
1.4.68486.2
1.4.68486.4
1.4.68704.2
1.4.68704.4
1.4.68798.2
1.4.69019.2
1.4.69476.2
1.4.69476.4
1.4.69670.2
1.4.69753.2
1.4.69753.4
1.4.69819.2
1.4.69858.2
1.4.69858.5
1.4.70083.2
1.4.70083.4
1.4.70207.2
1.4.70207.5
1.4.70216.2
1.4.70366.2
1.4.70366.5
1.4.70399.2
1.4.70399.4
1.4.70526.2
1.4.70526.4
1.4.70671.2
1.4.70712.2
1.4.70910.2
1.4.71006.2
1.4.71006.4
1.4.71048.2
1.4.71048.3
1.4.71089.2
1.4.71235.2
1.4.71235.4
1.4.71324.2
1.4.71392.2
1.4.71392.3
1.4.71534.2
1.4.71542.2
1.4.71628.2
1.4.71628.4
1.4.71933.2
1.4.72023.2
1.4.72023.4
1.4.72165.2
1.4.72165.4
1.4.72337.2
1.4.72337.4
1.4.72380.2
1.4.72380.4
1.4.72516.2
1.4.72516.5
1.4.72576.2
1.4.72661.2
1.4.72684.2
1.4.72684.4
1.4.72846.2
1.4.73275.2
1.4.73275.4
1.4.73326.2
1.4.73326.3
1.4.73430.2
1.4.73430.4
1.4.73723.2
1.4.73723.4
1.4.73813.2
1.4.73813.3
1.4.74040.2
1.4.74172.2
1.4.74172.4
1.4.74414.2
1.4.74414.3
1.4.74683.2
1.4.74683.4
1.4.74705.2
1.4.74705.4
1.4.74731.2
1.4.74882.1
1.4.74882.2
1.4.75055.2
1.4.75685.2
1.4.75980.2
1.4.75980.4
1.4.75997.2
1.4.75997.4
1.4.76109.2
1.4.76109.5
1.4.76125.2
1.4.76312.2
1.4.76648.2
1.4.76683.2
1.4.76784.2
1.4.76841.2
1.4.77317.2
1.4.77514.2
1.4.77514.5
1.4.77618.2
1.4.77618.4
1.4.77871.2
1.4.77871.5
1.4.78386.2
1.4.78594.2
1.4.78594.5
1.4.78625.2
1.4.78625.4
1.4.79345.2
1.4.79345.3
1.4.79645.2
1.4.79645.3
1.4.79771.2
1.4.79771.4
1.4.79881.2
1.4.79881.4
1.4.80192.2
1.4.80192.4
1.4.80249.2
1.4.80948.2
1.4.81260.2
1.4.81260.5
1.4.82001.2
1.4.82001.5
1.4.82218.2
1.4.82218.3
1.4.82307.2
1.4.82307.4
1.4.82328.2
1.4.82387.2
1.4.82387.4
1.4.82406.2
1.4.82993.2
1.4.83287.2
1.4.83287.5
1.4.83435.2
1.4.83435.4
1.4.83594.2
1.4.83594.3
1.4.83707.2
1.4.83707.3
1.4.83762.2
1.4.83820.2
1.4.83888.2
1.4.84106.2
1.4.84106.3
1.4.84187.2
1.4.84204.2
1.4.84591.2
1.4.84591.4
1.4.84626.2
1.4.85024.2
1.4.85101.2
1.4.85101.4
1.4.85205.2
1.4.85205.5
1.4.85732.2
1.4.85732.5
1.4.85904.2
1.4.85904.3
1.4.86094.2
1.4.86149.2
1.4.86149.5
1.4.86412.2
1.4.86996.2
1.4.87482.1
1.4.87482.2
1.4.87482.4
1.4.87609.2
1.4.87779.2
1.4.87779.3
1.4.88538.2
1.4.89524.2
1.4.89524.5
1.4.89658.2
1.4.89658.4
1.4.89899.2
1.4.89899.4
1.4.90360.2
1.4.90566.2
1.4.90902.2
1.4.90902.4
1.4.91140.2
1.4.91403.2
1.4.91512.2
1.4.91652.2
1.4.91657.2
1.4.91657.3
1.4.91670.2
1.4.91670.4
1.4.91858.2
1.4.91858.4
1.4.91881.2
1.4.91881.4
1.4.92452.2
1.4.92509.2
1.4.92659.2
1.4.92659.3
1.4.92692.2
1.4.93017.2
1.4.93017.5
1.4.93087.2
1.4.93087.5
1.4.93164.1
1.4.93164.2
1.4.93164.5
1.4.93193.1
1.4.93193.2
1.4.93668.2
1.4.93893.2
1.4.93893.5
1.4.94068.4.1
1.4.94151.2
1.4.94151.4
1.4.94303.2
1.4.94303.4
1.4.94312.2
1.4.94312.3
1.4.94404.2
1.4.94404.5
1.4.94581.2
1.4.94581.4
1.4.94671.2
1.4.94797.2
1.4.94797.4
1.4.94896.2
1.4.94896.5
1.4.95063.2
1.4.95165.2
1.4.95165.5
1.4.95883.2
1.4.95883.3
1.4.96201.2
1.4.96201.3
1.4.96550.2
1.4.96569.2
1.4.96595.2
1.4.96756.2
1.4.97152.2
1.4.97152.4
1.4.97181.2
1.4.97312.2
1.4.97312.4
1.4.97399.2
1.4.97399.4
1.4.97402.2
1.4.97402.4
1.4.97406.2
1.4.97763.2
1.4.97763.5
1.4.97955.2
1.4.98081.2
1.4.98714.2
1.4.98714.4
1.4.98818.2
1.4.98818.3
1.4.98885.2
1.4.99046.2
1.4.99108.2
1.4.99108.4
1.4.99708.2
1.4.99743.2
1.4.99827.2
1.4.99827.5
1.4.99880.2
1.4.99984.2
1.4.100238.2
1.4.100238.5
1.4.100282.2
1.4.100307.2
1.4.100307.5
1.4.100357.2
1.4.100656.2
1.4.100656.5
1.4.101087.2
1.4.101087.3
1.4.101182.2
1.4.101405.2
1.4.101471.2
1.4.101480.2
1.4.101480.4
1.4.101505.2
1.4.101505.4
1.4.101550.2
1.4.102307.2
1.4.102520.2
1.4.102520.4
1.4.102645.2
1.4.102854.2
1.4.103268.2
1.4.103268.5
1.4.103392.2
1.4.103673.2
1.4.103673.5
1.4.103844.2
1.4.103929.2
1.4.103929.4
1.4.104391.2
1.4.104391.3
1.4.104738.2
1.4.104738.3
1.4.104830.2
1.4.104925.2
1.4.104925.3
1.4.105166.1
1.4.105166.2
1.4.105210.2
1.4.105210.4
1.4.105387.2
1.4.105790.2
1.4.105978.2
1.4.105978.4
1.4.106341.2
1.4.106341.4
1.4.106461.2
1.4.106461.5
1.4.106634.2
1.4.106634.4
1.4.106683.2
1.4.106683.3
1.4.106684.2
1.4.106704.2
1.4.107308.2
1.4.107308.5
1.4.107568.2
1.4.107568.4
1.4.107741.2
1.4.107741.4
1.4.107985.2
1.4.108112.2
1.4.108112.4
1.4.108293.2
1.4.108293.3
1.4.108341.2
1.4.108341.4
1.4.108792.1
1.4.108792.2
1.4.108792.4
1.4.108822.2
1.4.109424.2
1.4.109424.4
1.4.109505.2
1.4.109505.4
1.4.109528.2
1.4.109528.4
1.4.109611.2
1.4.109977.2
1.4.110200.2
1.4.110200.5
1.4.110366.2
1.4.110805.2
1.4.110940.2
1.4.111030.2
1.4.111134.2
1.4.111134.5
1.4.111192.2
1.4.111192.3
1.4.111227.2
1.4.111227.3
1.4.111558.2
1.4.111558.3
1.4.111681.2
1.4.112096.2
1.4.112159.2
1.4.112159.3
1.4.112421.2
1.4.112421.4
1.4.112656.2
1.4.113049.2
1.4.113696.2
1.4.113696.5
1.4.113700.2
1.4.113700.3
1.4.113773.2
1.4.113773.4
1.4.113852.2
1.4.113852.4
1.4.114067.2
1.4.114067.4
1.4.114118.2
1.4.114118.4
1.4.114243.2
1.4.114243.3
1.4.114553.2
1.4.114643.2
1.4.114674.2
1.4.114741.2
1.4.114741.4
1.4.114800.2
1.4.114800.3
1.4.115192.2
1.4.115267.2
1.4.115267.4
1.4.115639.2
1.4.115867.2
1.4.115867.4
1.4.116014.2
1.4.116560.2
1.4.116560.4
1.4.116624.2
1.4.116624.5
1.4.116665.2
1.4.117582.2
1.4.117647.2
1.4.118002.2
1.4.118038.1
1.4.118038.2
1.4.118038.3
1.4.118135.2
1.4.118349.2
1.4.118536.2
1.4.118596.2
1.4.118731.2
1.4.119072.2
1.4.119072.5
1.4.119201.2
1.4.119201.4
1.4.119249.2
1.4.119249.4
1.4.119574.2
1.4.119780.2
1.4.119780.4
1.4.120659.2
1.4.120659.5
1.4.120752.2
1.4.120752.4
1.4.120840.2
1.4.121214.2
1.4.121429.2
1.4.121497.2
1.4.121497.3
1.4.121658.2
1.4.121675.2
1.4.121675.5
1.4.121682.2
1.4.121954.2
1.4.121954.4
1.4.122296.2
1.4.122296.3
1.4.122314.2
1.4.122359.2
1.4.122567.2
1.4.122576.2
1.4.122591.2
1.4.122903.2
1.4.122903.3
1.4.123494.2
1.4.123494.4
1.4.123998.2
1.4.123998.4
1.4.124016.2
1.4.124016.4
1.4.124020.2
1.4.124330.2
1.4.124330.3
1.4.124362.2
1.4.124530.2
1.4.124793.2
1.4.125177.2
1.4.125196.2
1.4.125196.4
1.4.125311.2
1.4.125553.2
1.4.125553.3
1.4.125943.2
1.4.126024.2
1.4.126024.4
1.4.126231.2
1.4.126552.2
1.4.126933.2
1.4.127200.2
1.4.127505.2
1.4.127643.2
1.4.127643.4
1.4.127670.2
1.4.127834.2
1.4.127892.2
1.4.127966.2
1.4.128199.2
1.4.128459.2
1.4.128459.5
1.4.128570.2
1.4.128873.2
1.4.128873.4
1.4.129129.2
1.4.129129.4
1.4.129505.2
1.4.129505.5
1.4.129527.2
1.4.129570.2
1.4.129720.2
1.4.129764.2
1.4.129775.2
1.4.129775.4
1.4.130026.2
1.4.130026.3
1.4.130150.2
1.4.130150.5
1.4.130550.2
1.4.130550.5
1.4.130700.2
1.4.131029.2
1.4.131111.2
1.4.131111.4
1.4.131203.2
1.4.131775.2
1.4.132594.2
1.4.133103.2
1.4.133260.2
1.4.134331.2
1.4.134331.3
1.4.134511.2
1.4.134778.2
1.4.134778.3
1.4.135030.2
1.4.135072.2
1.4.135072.5
1.4.135139.2
1.4.135212.2
1.4.135563.2
1.4.135563.3
1.4.135566.2
1.4.135742.2
1.4.135747.2
1.4.135747.4
1.4.135770.2
1.4.135770.4
1.4.135774.2
1.4.135818.2
1.4.135818.4
1.4.136199.2
1.4.136260.2
1.4.136260.3
1.4.136277.2
1.4.136277.4
1.4.136363.2
1.4.136409.2
1.4.136556.2
1.4.136748.2
1.4.136857.2
1.4.136857.5
1.4.136893.2
1.4.137080.2
1.4.137080.4
1.4.137126.2
1.4.137469.2
1.4.137538.2
1.4.137538.3
1.4.137546.2
1.4.138053.2
1.4.138053.3
1.4.138247.2
1.4.138581.1
1.4.138581.2
1.4.138581.5
1.4.138625.2
1.4.138654.2
1.4.138654.5
1.4.138687.2
1.4.138799.2
1.4.138863.2
1.4.138863.4
1.4.139053.2
1.4.139053.4
1.4.139061.2
1.4.139061.4
1.4.139237.2
1.4.139237.4
1.4.139602.2
1.4.139602.3
1.4.139635.2
1.4.139731.2
1.4.139731.4
1.4.139805.2
1.4.139805.4
1.4.140196.2
1.4.140201.2
1.4.140201.4
1.4.140517.2
1.4.140517.5
1.4.140558.2
1.4.140558.3
1.4.141044.2
1.4.141166.2
1.4.141496.3.1
1.4.141516.2
1.4.142184.2
1.4.142184.4
1.4.142486.2
1.4.142486.4
1.4.142559.2
1.4.142559.4
1.4.142805.2
1.4.142845.2
1.4.143184.2
1.4.143184.4
1.4.143327.2
1.4.143464.2
1.4.143475.2
1.4.143924.2
1.4.143924.4
1.4.144043.2
1.4.144043.5
1.4.144197.2
1.4.144197.5
1.4.144277.2
1.4.144296.2
1.4.144487.2
1.4.144512.2
1.4.144641.2
1.4.144641.5
1.4.144959.2
1.4.144959.4
1.4.145142.2
1.4.145491.2
1.4.145491.3
1.4.145805.2
1.4.145805.3
1.4.145818.2
1.4.145818.5
1.4.145840.2
1.4.145866.2
1.4.145924.2
1.4.145924.4
1.4.145977.2
1.4.145977.3
1.4.146137.2
1.4.146137.3
1.4.146394.2
1.4.146777.2
1.4.146777.4
1.4.147006.2
1.4.147006.5
1.4.147033.2
1.4.147130.2
1.4.147130.4
1.4.147225.2
1.4.147289.2
1.4.147289.5
1.4.147327.2
1.4.147366.2
1.4.147366.5
1.4.147395.2
1.4.147395.4
1.4.147465.2
1.4.147465.3
1.4.147768.2
1.4.147811.2
1.4.147811.4
1.4.148022.2
1.4.148071.2
1.4.148251.2
1.4.148251.3
1.4.148354.2
1.4.148354.3
1.4.148435.2
1.4.148435.4
1.4.148462.2
1.4.148676.2
1.4.148676.4
1.4.148767.2
1.4.148767.5
1.4.149108.2
1.4.149128.2
1.4.149128.5
1.4.149314.2
1.4.149314.4
1.4.149340.2
1.4.149340.5
1.4.149448.2
1.4.149541.2
1.4.149541.3
1.4.149599.2
1.4.149944.2
1.4.150203.2
1.4.150303.2
1.4.150303.4
1.4.150523.2
1.4.150523.4
1.4.150770.2
1.4.150770.4
1.4.151338.2
1.4.151338.5
1.4.151663.2
1.4.151670.2
1.4.152095.2
1.4.152148.2
1.4.152173.2
1.4.152173.3
1.4.152347.2
1.4.152419.2
1.4.152419.5
1.4.152852.2
1.4.152852.4
1.4.152883.2
1.4.152931.2
1.5.1.10.2.1.5.26
1.5.253.9.2.1.1
1.5.1882.5.2.1
1.5.2132.10.2.1
1.5.2275.7.2.1.11.4.4.2
1.5.2630.8.2.1.1
1.5.2696.10.2.1.9.1.2
1.5.2730.13.2.1.2.5
1.5.3094.30.2.1.2.4.27
1.5.3191.14.2.1.2
1.5.3266.12.2.1.20.2.4.1.2
1.5.3308.12.2.1.1.1.11.5.13
1.5.3309.5.2.1.1.1.2
1.5.3667.9.2.1.8.2.4.2
1.5.3753.6.2.1
1.5.4135.7.2.1.15.6
1.5.4153.8.2.1.30
1.5.4198.11.2.1.8.1
1.5.4223.9.2.1.1.1.1
1.5.4799.8.2.1.6.2
1.5.5309.7.2.1.1.1.12.10
1.5.5661.13.2.1
1.5.6143.11.2.1.14.4.21.3
1.5.6238.6.2.1
1.5.6387.10.2.1.30.1.35.8
1.5.6565.11.2.1.2.1.11
1.5.6673.9.2.1.5
1.5.6799.9.2.1.3.2.13.1
1.5.7030.9.2.1
1.5.7056.5.2.1.8.2.4.1
1.5.7164.13.2.1.3.3.13.1
1.5.7165.17.2.1
1.5.7396.9.2.1.1
1.5.7515.7.2.1.14.1.2.1.1
1.5.8880.14.2.1.2.1
1.5.9030.5.2.1
1.5.9275.10.2.1
1.5.9369.8.2.1.2.1.1
1.5.9432.6.2.1.3.1.1.1
1.5.9817.7.2.1.23.2.7.4
1.5.10216.30.2.1.2.4.17
1.5.10314.8.2.1.7.2.40.12.31
1.5.10390.12.2.1.20.2.4.1.2
1.5.10428.12.2.1.1.1.11.13.17
1.5.10429.5.2.1.1.1.2
1.5.10492.10.2.1
1.5.10660.8.2.1
1.5.10770.9.2.1.8.2.4.2
1.5.10863.11.2.1
1.5.11213.10.2.1
1.5.11215.12.2.1.26.1.2.1.41
1.5.11247.9.2.1.5.4
1.5.11271.9.2.1.1.1.1
1.5.11500.7.2.1.3.1
1.5.11508.5.2.1
1.5.11784.26.2.1
1.5.11808.10.2.1.4.1.1.4
1.5.12330.7.2.1.1.1.12.10
1.5.12673.13.2.1
1.5.13170.11.2.1.14.4.27.3
1.5.13270.6.2.1
1.5.13429.10.2.1.30.1.35.8
1.5.13613.8.2.1.3.1.4
1.5.14060.9.2.1
1.5.14086.5.2.1.8.2.4.1
1.5.14204.13.2.1.3.3.13.1
1.5.14205.17.2.1
1.5.14288.9.2.1.32.1
1.5.14454.9.2.1.1
1.5.14569.7.2.1.14.1.2.1.1
1.5.14693.7.2.1
1.5.14968.9.2.1
1.5.15691.14.2.1.1.1.2.1
1.5.16012.5.2.1.29.2
1.5.16101.5.2.1
1.5.16476.16.2.1.4.3.22.4
1.5.16515.6.2.1.3.1.1.1
1.5.16918.10.2.1.9.1.2
1.5.16952.13.2.1.2.5
1.5.17320.19.2.1.1.1.1.1.1
1.5.17512.9.2.1.16.7.11.3
1.5.17521.6.2.1.3.3.29
1.5.17557.8.2.1
1.5.17561.12.2.1.16
1.5.17803.8.2.1
1.5.17989.6.2.1
1.5.18374.10.2.1
1.5.18376.12.2.1.26.1.2.1.2
1.5.18422.11.2.1.8.1
1.5.18447.9.2.1.1.1.1
1.5.18518.6.2.1
1.5.18991.10.2.1.4.1.1.4
1.5.19838.13.2.1
1.5.20044.7.2.1.8.1.1.1
1.5.20404.13.2.1.4.14.57.1
1.5.20425.6.2.1
1.5.20574.10.2.1.30.1.35.8
1.5.20763.8.2.1.3.1.4
1.5.21368.13.2.1.3.3.13.1
1.5.21369.17.2.1
1.5.21597.9.2.1.1
1.5.21939.6.2.1
1.5.22367.17.2.1.2.1.2.1
1.5.22605.16.2.1.1.1
1.5.23125.8.2.1.9.2
1.5.23222.5.2.1
1.5.23598.16.2.1.4.3.22.4
1.5.23626.7.2.1.11.4.4.2
1.5.23996.7.2.1.17.2.7.4
1.5.24394.30.2.1.2.4.17
1.5.24589.9.2.1.16.7.11.3
1.5.24598.6.2.1.3.3.29
1.5.24634.8.2.1
1.5.24638.12.2.1.16
1.5.25410.7.2.1.15.6
1.5.25428.8.2.1.30
1.5.26038.26.2.1
1.5.26062.8.2.1.6.2
1.5.26883.8.2.1.9.1.1.2
1.5.27373.11.2.1.14.4.27.3
1.5.27473.6.2.1
1.5.27632.10.2.1.30.1.35.8
1.5.27811.8.2.1.3.1.4
1.5.28278.9.2.1
1.5.28304.5.2.1.8.2.4.1
1.5.28412.13.2.1.3.3.13.1
1.5.28413.17.2.1
1.5.28659.14.2.1
1.5.29808.15.2.1.6
1.5.30292.5.2.1
1.5.30639.13.2.1.1.2
1.5.30687.16.2.1.4.3.6.2
1.5.30716.7.2.1.3.1.2.2
1.5.31150.13.2.1.2.5
1.5.31512.30.2.1.2.4.17
1.5.31712.12.2.1.20.2.4.1.2
1.5.31748.8.2.1
1.5.31752.12.2.1.16
1.5.32099.9.2.1.8.2.4.2
1.5.32564.8.2.1.9
1.5.32695.6.2.1
1.5.33186.10.2.1.4.1.1.4
1.5.33288.10.2.1
1.5.33694.7.2.1.1.1.12.10
1.5.34035.13.2.1
1.5.34523.17.2.1.17.2.33.3.9
1.5.34618.6.2.1
1.5.34779.12.2.1
1.5.35004.8.2.1.3.1.4
1.5.35116.9.2.1.5
1.5.35616.13.2.1.3.3.13.1
1.5.35617.17.2.1
1.5.35700.9.2.1.32.1
1.5.35943.6.2.1.2.3.14.1
1.5.36612.13.2.1.1.1.3.3
1.5.37348.8.2.1.9.2
1.5.37439.5.2.1
1.5.37853.7.2.1.3.1.2.2
1.5.38245.7.2.1.23.2.7.4
1.5.38629.30.2.1.2.4.17
1.5.38729.8.2.1.7.2.40.15.2
1.5.38818.9.2.1.16.7.11.3
1.5.38827.6.2.1.3.3.29
1.5.38863.8.2.1
1.5.38867.12.2.1.16
1.5.39088.8.2.1
1.5.39197.9.2.1.8.2.4.2
1.5.39652.10.2.1
1.5.39654.12.2.1.26.1.2.1.12
1.5.39686.9.2.1.5.4
1.5.39710.9.2.1.1.1.1
1.5.39781.6.2.1
1.5.39942.7.2.1.3.1
1.5.39950.5.2.1
1.5.40235.10.2.1.4.1.1.4
1.5.40739.7.2.1.1.1.12.10
1.5.41084.13.2.1
1.5.41535.8.2.1.14.5.27.1
1.5.41561.11.2.1.14.4.39.3
1.5.41661.6.2.1
1.5.41822.12.2.1
1.5.42054.11.2.1.2.1.11
1.5.42510.9.2.1
1.5.42536.5.2.1.8.2.4.1
1.5.42558.11.2.1.22.3.4.1
1.5.42654.13.2.1.3.3.13.1
1.5.42655.17.2.1
1.5.42895.9.2.1.1
1.5.43021.7.2.1.14.1.2.1.1
1.5.43166.7.2.1
1.5.43925.16.2.1.1.1
1.5.44469.8.2.1.9.2
1.5.44966.7.2.1.11.4.4.2
1.5.45378.13.2.1.2.5
1.5.45751.30.2.1.2.4.27
1.5.45945.12.2.1.20.2.4.1.2
1.5.45981.8.2.1
1.5.45985.12.2.1.16
1.5.46047.10.2.1
1.5.46825.9.2.1.8.4
1.5.46870.24.2.1.9.1
1.5.46896.9.2.1.1.1.1
1.5.46967.6.2.1
1.5.47123.7.2.1.3.1
1.5.47131.5.2.1
1.5.47428.10.2.1.4.1.1.4
1.5.47520.14.2.1.9.1.2.3.31
1.5.47939.7.2.1.1.1.12.10
1.5.48282.8.2.1.9.1.1.2
1.5.48757.11.2.1.14.4.27.3
1.5.48834.13.2.1.4.14.47.1
1.5.48855.6.2.1
1.5.49014.10.2.1.30.1.35.8
1.5.49212.8.2.1.3.1.4
1.5.49304.9.2.1.5
1.5.49667.9.2.1
1.5.49693.5.2.1.8.2.4.1
1.5.49821.13.2.1.3.3.13.1
1.5.49822.17.2.1
1.5.50053.9.2.1.1
1.5.50834.17.2.1.2.1.2.1
1.5.50851.13.2.1.1.1.3.3
1.5.51278.7.2.1.4.4
1.5.51549.14.2.1.2.1
1.5.51606.5.2.1.29.2
1.5.51707.5.2.1
1.5.51957.10.2.1
1.5.52082.16.2.1.4.3.22.4
1.5.52113.7.2.1.3.1.2.2
1.5.52455.8.2.1.1
1.5.52519.10.2.1.9.1.2
1.5.52553.13.2.1.2.5
1.5.52931.19.2.1.1.1.1.1.1
1.5.53102.9.2.1.10.4.4.3
1.5.53111.6.2.1.3.3.29
1.5.53147.8.2.1
1.5.53151.12.2.1.16
1.5.53379.8.2.1
1.5.53483.9.2.1.8.2.4.2
1.5.53574.11.2.1
1.5.53977.9.2.1.8.4
1.5.54009.9.2.1.5.4
1.5.54094.6.2.1
1.5.54352.8.2.1.7.1
1.5.54568.10.2.1.4.1.1.4
1.5.55091.7.2.1.1.1.12.10
1.5.55419.13.2.1
1.5.55615.7.2.1.8.1.1.1
1.5.55906.11.2.1.14.4.27.3
1.5.56001.6.2.1
1.5.56160.10.2.1.30.1.35.8
1.5.56334.11.2.1.2.1.11
1.5.56804.9.2.1
1.5.56830.5.2.1.8.2.4.1
1.5.56948.13.2.1.3.3.13.1
1.5.56949.17.2.1
1.5.57192.9.2.1.1
1.5.57275.6.2.1.2.3.14.1
1.5.57432.7.2.1
1.5.57840.13.2.1
1.5.58173.16.2.1.1.1
1.5.59200.16.2.1.4.3.22.4
1.5.59589.8.2.1.1
1.5.59653.10.2.1.9.1.2
1.5.59687.13.2.1.2.5
1.5.60047.30.2.1.2.4.27
1.5.60235.12.2.1.20.2.4.1.2
1.5.60271.8.2.1
1.5.60275.12.2.1.16
1.5.60337.10.2.1
1.5.60424.13.2.1.6.3
1.5.60713.6.2.1
1.5.61072.7.2.1.15.6
1.5.61090.8.2.1.30
1.5.61222.6.2.1
1.5.61384.7.2.1.3.1
1.5.61392.5.2.1
1.5.61682.10.2.1.4.1.1.4
1.5.62206.7.2.1.1.1.12.5
1.5.62550.13.2.1
1.5.62713.28.2.1.1
1.5.63066.17.2.1.17.2.33.3.9
1.5.63153.6.2.1
1.5.63314.12.2.1
1.5.63537.8.2.1.3.1.4
1.5.64143.13.2.1.3.3.13.1
1.5.64144.17.2.1
1.5.64534.7.2.1.14.1.2.1.1
1.5.64660.7.2.1
1.5.64740.6.2.1
1.5.64928.9.2.1
1.5.65181.13.2.1.1.1.3.3
1.5.65650.14.2.1.1.1.2.1
1.5.65977.8.2.1.9.2
1.5.66078.5.2.1
1.5.66324.10.2.1
1.5.66436.16.2.1.4.3.22.4
1.5.66860.10.2.1.9.1.2
1.5.66894.13.2.1.2.5
1.5.67265.30.2.1.2.4.27
1.5.67465.12.2.1.20.2.4.1.2
1.5.67501.8.2.1
1.5.67505.12.2.1.16
1.5.67567.10.2.1
1.5.67843.9.2.1.8.2.4.2
1.5.67925.6.2.1
1.5.68342.9.2.1.8.4
1.5.68374.9.2.1.5.4
1.5.68398.9.2.1.1.1.1
1.5.68556.6.2.1.41.4.2
1.5.68876.26.2.1
1.5.68900.10.2.1.4.1.1.4
1.5.69002.10.2.1
1.5.69413.7.2.1.1.1.12.10
1.5.69742.13.2.1
1.5.70211.8.2.1.14.5.70.1
1.5.70237.11.2.1.14.4.39.3
1.5.70337.6.2.1
1.5.70498.12.2.1
1.5.70714.8.2.1.3.1.4
1.5.71208.5.2.1.8.2.4.1
1.5.71314.13.2.1.3.3.13.1
1.5.71315.17.2.1
1.5.71667.7.2.1.14.1.2.1.1
1.5.71903.6.2.1
1.6.68.8.2.1.4.3
1.6.678.8.2.1.7.3
1.6.744.8.2.1.2.2.6
1.6.841.8.2.1.26.5.33.1.28
1.6.925.8.2.1.12.1
1.6.1435.8.2.1
1.6.1571.8.2.1.30.2
1.6.1943.8.2.1.6.3.17.5
1.6.2111.8.2.1.33.2.6.2
1.6.2400.8.2.1
1.6.2557.8.2.1.1
1.6.2747.8.2.1.4.2.4.7.8
1.6.2853.8.2.1.25
1.6.2904.8.2.1.3.3.5.1
1.6.2971.8.2.1.7.2.2.1.1
1.6.3009.8.2.1.9
1.6.3056.8.2.1.3.2
1.6.3203.8.2.1.17.4
1.6.3262.8.2.1.12.1
1.6.3291.8.2.1.4.3.7.6
1.6.3393.8.2.1.15.1.4.1
1.6.3510.8.2.1.33.3.21.2
1.6.3638.8.2.1
1.6.3666.8.2.1
1.6.3950.8.2.1.19.2
1.6.3967.8.2.1.1
1.6.4030.8.2.1.6.4.20.1
1.6.4412.8.2.1.12.1
1.6.4487.8.2.1
1.6.4624.8.2.1.5.2
1.6.4733.8.2.1.7.1
1.6.5088.8.2.1.21.2.5.2.7.16
1.6.5712.8.2.1.6.4
1.6.6688.8.2.1.21.2.7.4.38
1.6.6771.8.2.1.6.5.13
1.6.6942.8.2.1.12.3
1.6.7192.8.2.1.3.2
1.6.7468.8.2.1.8.2
1.6.7588.8.2.1.22.3
1.6.8193.8.2.1.2.2.3.2
1.6.8258.8.2.1.3.1.6.2
1.6.8664.8.2.1
1.6.8846.8.2.1.7.3
1.6.9018.8.2.1.8.1.1.3.34
1.6.9403.8.2.1
1.6.9454.8.2.1.5.5.7.8
1.6.9780.8.2.1.30.2
1.6.9820.8.2.1.5.1
1.6.9933.8.2.1.6.1
1.6.10344.8.2.1.33.2.6.2
1.6.10629.8.2.1
1.6.10987.8.2.1.4.2.4.7.8
1.6.11089.8.2.1.4.3.18.5.69
1.6.11091.8.2.1
1.6.11136.8.2.1.3.3.5.1
1.6.11203.8.2.1.7.2.2.1.1
1.6.11241.8.2.1.9
1.6.11288.8.2.1.3.2
1.6.11432.8.2.1.17.4
1.6.11596.8.2.1
1.6.11632.8.2.1.15.1.4.1
1.6.11734.8.2.1.34.3.21.2
1.6.11882.8.2.1
1.6.12182.8.2.1.19.2
1.6.12200.8.2.1.7.2.5.1.1
1.6.12736.8.2.1.46.1
1.6.12860.8.2.1.5.2
1.6.13029.8.2.1.12.2.10.11
1.6.13331.8.2.1.21.2.5.2.7.26
1.6.14216.8.2.1
1.6.14346.8.2.1.15.7
1.6.14932.8.2.1.21.2.7.4.38
1.6.15022.8.2.1.3.2.3
1.6.15423.8.2.1.3.2
1.6.15827.8.2.1.43.3
1.6.15944.8.2.1.5.4.35.1
1.6.15946.8.2.1.14.7
1.6.16902.8.2.1
1.6.17127.8.2.1.2.2.6
1.6.17304.8.2.1.12.1
1.6.17608.8.2.1
1.6.18003.8.2.1.30.2
1.6.18043.8.2.1.5.1
1.6.18541.8.2.1.33.2.6.2
1.6.18849.8.2.1
1.6.19215.8.2.1.4.2.4.7.8
1.6.19323.8.2.1.12.1.1
1.6.19325.8.2.1
1.6.19428.8.2.1.7.2.2.1.1
1.6.19466.8.2.1.9
1.6.19513.8.2.1.3.2
1.6.19652.8.2.1.17.4
1.6.19852.8.2.1.15.1.4.1
1.6.20068.8.2.1
1.6.20359.8.2.1.19.2
1.6.20377.8.2.1.7.2.5.1.1
1.6.20835.8.2.1
1.6.20914.8.2.1
1.6.21051.8.2.1.5.2
1.6.21518.8.2.1.21.2.5.2.7.21
1.6.21558.8.2.1.24.6.21.2
1.6.21880.8.2.1
1.6.23111.8.2.1.21.2.7.4.38
1.6.23202.8.2.1.3.2.3
1.6.23581.8.2.1.3.2
1.6.23997.8.2.1.43.3
1.6.24154.8.2.1.2.4.9
1.6.24237.8.2.1.19.13.32.7.9
1.6.24655.8.2.1.4.3
1.6.25412.8.2.1.26.5.33.1.28
1.6.25779.8.2.1.3.2.6
1.6.26031.8.2.1.3.2
1.6.26172.8.2.1.30.2
1.6.26547.8.2.1.6.3.17.5
1.6.26729.8.2.1.8.2.15.2
1.6.26918.8.2.1
1.6.27028.8.2.1
1.6.27392.8.2.1.4.2.4.7.8
1.6.27500.8.2.1.12.1.1
1.6.27502.8.2.1
1.6.27614.8.2.1.7.2.2.1.1
1.6.27652.8.2.1.9
1.6.27699.8.2.1.3.2
1.6.27936.8.2.1.4.3.7.6
1.6.27952.8.2.1
1.6.28053.8.2.1.15.1.4.1
1.6.28170.8.2.1.33.3.21.2
1.6.28330.8.2.1
1.6.28613.8.2.1.19.2
1.6.28630.8.2.1.1
1.6.29224.8.2.1.2.1
1.6.29224.8.2.1.4.2.11.2
1.6.29320.8.2.1
1.6.29412.8.2.1.6.2
1.6.29826.8.2.1.21.2.5.2.7.27
1.6.29866.8.2.1.24.6.21.2
1.6.30179.8.2.1
1.6.31380.8.2.1.25.2.7.4.24
1.6.31459.8.2.1.3.2.3
1.6.31860.8.2.1.3.2
1.6.32142.8.2.1.8.2
1.6.32262.8.2.1.22.3
1.6.32388.8.2.1.6.5
1.6.32409.8.2.1.2.4.9
1.6.32534.8.2.1.10
1.6.32888.8.2.1.4.3
1.6.33328.8.2.1
1.6.33673.8.2.1.26.5.33.1.28
1.6.33745.8.2.1.12.1
1.6.34035.8.2.1
1.6.34408.8.2.1.30.2
1.6.34921.8.2.1.1.1.16.7
1.6.35221.8.2.1
1.6.35586.8.2.1.4.2.4.4.6
1.6.35701.8.2.1.4.3.18.5.32
1.6.35703.8.2.1
1.6.35818.8.2.1.7.2.2.1.1
1.6.35824.8.2.1.3.1
1.6.35856.8.2.1.1
1.6.35858.8.2.1.5.2.3.1.9
1.6.35905.8.2.1.3.2
1.6.36125.8.2.1.4.3.7.6
1.6.36230.8.2.1.15.1.4.1
1.6.36322.8.2.1.33.3.21.2
1.6.36478.8.2.1
1.6.36774.8.2.1.19.2
1.6.36791.8.2.1.1
1.6.37379.8.2.1.2.1
1.6.37379.8.2.1.4.2.11.2
1.6.37988.8.2.1.21.2.5.2.7.27
1.6.39698.8.2.1.3.2.3
1.6.40101.8.2.1.3.2
1.6.40380.8.2.1.8.2
1.6.40500.8.2.1.22.3
1.6.40627.8.2.1.6.5
1.6.40627.8.2.1.7.1
1.6.40644.8.2.1.2.4.9
1.6.41619.8.2.1
1.6.41777.8.2.1.7.3
1.6.41846.8.2.1.3.1
1.6.41945.8.2.1.8.1.1.3.34
1.6.42316.8.2.1
1.6.42731.8.2.1.30.2
1.6.42778.8.2.1.5.1
1.6.42972.8.2.1.9.2.7.5
1.6.43485.8.2.1
1.6.43590.8.2.1
1.6.43958.8.2.1.4.2.4.7.8
1.6.44060.8.2.1.4.3.18.5.69
1.6.44062.8.2.1
1.6.44162.8.2.1.7.2.2.1.1
1.6.44168.8.2.1.3.1
1.6.44200.8.2.1.1
1.6.44202.8.2.1.5.2.3.1.9
1.6.44249.8.2.1.3.2
1.6.44390.8.2.1.17.4
1.6.44479.8.2.1.4.3.7.6
1.6.44549.8.2.1
1.6.44585.8.2.1.15.1.4.1
1.6.44702.8.2.1.33.3.21.2
1.6.44822.8.2.1
1.6.44850.8.2.1
1.6.45151.8.2.1.19.2
1.6.45168.8.2.1.1
1.6.45669.8.2.1
1.6.45874.8.2.1.6.2
1.6.45941.8.2.1.21.1
1.6.46413.8.2.1.3.3.22
1.6.47410.8.2.1.10.1.2.5
1.6.47832.8.2.1.25.2.7.4.24
1.6.47859.8.2.1.9.1.3.1.1
1.6.47925.8.2.1.3.2.3
1.6.48332.8.2.1.3.2
1.6.48729.8.2.1.43.3
1.6.48855.8.2.1.5.4.27.1
1.6.48871.8.2.1.2.4.9
1.6.49292.8.2.1.2.2.3.2
1.6.50022.8.2.1.2.2.6
1.6.50119.8.2.1.26.5.33.1.28
1.6.50191.8.2.1.12.1
1.6.50484.8.2.1.3.2.6
1.6.50833.8.2.1.2.1
1.6.50856.8.2.1.30.2
1.6.50900.8.2.1.5.1
1.6.51398.8.2.1.33.2.6.2
1.6.52046.8.2.1.4.2.4.7.8
1.6.52154.8.2.1.4.3.18.5.69
1.6.52156.8.2.1
1.6.52249.8.2.1.15.2.16
1.6.52260.8.2.1.3.1
1.6.52292.8.2.1.1
1.6.52294.8.2.1.5.2.3.1.9
1.6.52341.8.2.1.3.2
1.6.52653.8.2.1
1.6.52689.8.2.1.15.1.4.1
1.6.52780.8.2.1.34.3.21.2
1.6.52907.8.2.1
1.6.52935.8.2.1
1.6.53214.8.2.1.19.2
1.6.53231.8.2.1.1
1.6.53708.8.2.1
1.6.53833.8.2.1.2.1
1.6.53833.8.2.1.4.2.11.2
1.6.54015.8.2.1.6.2
1.6.54077.8.2.1.7.1
1.6.54480.8.2.1.24.6.21.2
1.6.54554.8.2.1.3.3.22
1.6.54771.8.2.1
1.6.55999.8.2.1.25.2.7.4.24
1.6.56087.8.2.1.3.2.3
1.6.56228.8.2.1.19.3.7.3.7
1.6.56243.8.2.1.12.3
1.6.56422.8.2.1
1.6.56884.8.2.1.43.3
1.6.57049.8.2.1.2.4.9
1.6.57517.8.2.1.2.2.3.2
1.6.57648.8.2.1.1.1.8.2
1.6.57997.8.2.1
1.6.58183.8.2.1
1.6.58235.8.2.1.2.2.6
1.6.58332.8.2.1.26.5.33.1.28
