1.1.1.2478.5.1.2.1
1.1.2.5186.5.1
1.1.2.5329.16.1.4
1.1.2.9478.15
1.1.2.10516.12.3.8.5.2
1.1.2.12769.13.3.10.5.3.2
1.1.2.13298.5.1.2.1
1.1.2.14500.5.1
1.1.2.14848.15
1.1.2.15040.12.4.4.1
1.1.3.15825.15.2.4
1.1.3.16163.16.1.4
1.1.3.16642.25
1.1.3.20279.15
1.1.3.20492.12.4.4.1
1.1.3.21293.15.2.4
1.1.3.21359.12.3.8.5.2
1.1.3.21589.16.2.8
1.1.3.22106.25
1.1.3.25733.15
1.1.3.25921.12.4.4.1
1.1.3.26379.23.1.11
1.1.3.26698.15.2.4
1.1.3.27533.25
1.1.4.1086.5.1.2.1
1.1.4.2693.15
1.1.4.2905.12.4.4.1
1.1.4.8284.12.4.4.1
1.1.4.9135.12.3.8.5.2
1.1.4.9425.16.1.4
1.1.4.11918.5.1.2.1
1.1.4.13653.12.4.4.1
1.1.4.14803.16.1.4
1.1.4.15275.25
1.1.4.20122.16.2.8
1.1.4.20651.25
1.1.4.24257.15
1.1.4.26108.25
1.1.4.29941.12.4.4.1
1.1.4.30416.47
1.1.4.31571.25
1.1.4.34832.5.1
1.1.4.35175.15
1.1.4.35863.23.1.11
1.1.5.36550.16.1.4
1.1.5.37048.25
1.1.5.38545.13.3.10.5.3.2
1.1.5.40620.15
1.1.5.40801.12.4.4.1
1.1.5.41903.16.1.4
1.1.5.42356.25
1.1.5.46122.12.4.4.1
1.1.5.47716.25
1.1.5.47848.14.1.21.2
1.1.5.49228.13.3.10.5.3.2
1.1.5.52678.16.1.4
1.1.5.53133.25
1.1.5.58063.16.1.4
1.1.5.60066.13.3.10.5.3.2
1.1.5.62340.12.4.4.1
1.1.5.63164.12.3.8.5.2
1.1.5.63942.25
1.1.5.69391.25
1.1.5.71456.5.1.2.1
1.1.5.73002.15
1.1.5.74798.25
1.1.5.76292.13.3.10.5.3.2
1.1.5.78391.15
1.1.5.79086.23.1.11
1.1.5.79391.15.2.4
1.1.5.79752.16.1.4
1.1.5.81738.13.3.10.5.3.2
1.1.5.83832.15
1.1.5.85145.16.1.4
1.1.5.85603.25
1.1.5.87690.5.1.2.1
1.1.5.91020.25
1.1.5.95359.23.1.11
1.1.5.95746.12.3.8.5.2
1.1.5.95899.5.1
1.1.6.1.16.2.8
1.1.6.52.16.1.4
1.1.6.2774.10.2.8
1.2.4818.12.6.14
1.5.69.11
1.5.81.8
1.5.94.15
1.5.101.7
1.5.149.14
1.5.203.12
1.5.210.9
1.5.230.9
1.5.253.11
1.5.311.8
1.5.379.10
1.5.380.11
1.5.387.12
1.5.391.27
1.5.466.14
1.5.479.15.2.1.5.3
1.5.534.10
1.5.546.9
1.5.567.15
1.5.588.12
1.5.602.11
1.5.632.12
1.5.640.10
1.5.644.8
1.5.697.8
1.5.744.8
1.5.746.9
1.5.747.9
1.5.783.14
1.5.800.18
1.5.839.27
1.5.864.10
1.5.867.13
1.5.900.13
1.5.977.12
1.5.1007.20
1.5.1043.15
1.5.1068.18
1.5.1079.20
1.5.1116.9
1.5.1126.14
1.5.1128.12
1.5.1135.12
1.5.1173.19
1.5.1197.15
1.5.1205.11
1.5.1240.8
1.5.1264.12
1.5.1266.11
1.5.1277.9
1.5.1282.20
1.5.1305.13
1.5.1315.10
1.5.1349.11
1.5.1378.10
1.5.1384.19
1.5.1461.11
1.5.1482.9
1.5.1484.10
1.5.1500.13
1.5.1670.9
1.5.1688.30
1.5.1714.9
1.5.1776.17
1.5.1816.9
1.5.1819.11
1.5.1832.12
1.5.1842.15
1.5.1883.15
1.5.1887.9
1.5.1892.13
1.5.1913.15
1.5.1955.14
1.5.2026.12
1.5.2043.11
1.5.2053.9
1.5.2071.12
1.5.2080.8
1.5.2086.13
1.5.2134.19
1.5.2141.11
1.5.2151.19
1.5.2159.7
1.5.2173.16
1.5.2178.17
1.5.2182.12
1.5.2240.9
1.5.2266.14
1.5.2294.24
1.5.2333.12
1.5.2358.9
1.5.2413.16
1.5.2440.25.2.1.27.5.11.4
1.5.2499.10
1.5.2508.19
1.5.2549.9
1.5.2580.8
1.5.2593.13
1.5.2632.9
1.5.2634.22
1.5.2678.19
1.5.2680.8
1.5.2684.13
1.5.2721.13
1.5.2729.10
1.5.2752.10
1.5.2785.16
1.5.2792.16
1.5.2799.18
1.5.2805.9
1.5.2871.11
1.5.2909.8
1.5.2989.7
1.5.3000.7
1.5.3025.12
1.5.3039.13
1.5.3071.16
1.5.3073.8
1.5.3099.16
1.5.3111.9
1.5.3127.9
1.5.3132.11
1.5.3145.13
1.5.3154.16
1.5.3172.9
1.5.3182.12
1.5.3188.20
1.5.3196.9
1.5.3212.8
1.5.3213.21
1.5.3230.9
1.5.3251.9
1.5.3266.14
1.5.3291.17
1.5.3298.14
1.5.3310.10
1.5.3329.23
1.5.3359.10
1.5.3361.16
1.5.3371.8.2.1.3.3
1.5.3376.12
1.5.3422.10
1.5.3473.8
1.5.3499.8
1.5.3502.17
1.5.3609.15
1.5.3613.14
1.5.3616.7
1.5.3646.12
1.5.3648.10
1.5.3679.14
1.5.3724.22
1.5.3744.14
1.5.3748.8
1.5.3783.10
1.5.3806.26
1.5.3812.9
1.5.3822.15
1.5.3841.12
1.5.3852.19
1.5.3856.9
1.5.3868.13
1.5.3918.20
1.5.3996.10
1.5.4031.8
1.5.4041.9
1.5.4047.14
1.5.4101.18
1.5.4128.11
1.5.4130.29
1.5.4160.11
1.5.4196.9
1.5.4252.9
1.5.4270.11
1.5.4286.10
1.5.4348.11
1.5.4358.10
1.5.4372.13
1.5.4415.12
1.5.4438.12
1.5.4459.9
1.5.4467.22
1.5.4494.13
1.5.4518.11
1.5.4521.12
1.5.4586.9
1.5.4626.14
1.5.4630.10
1.5.4655.10
1.5.4690.8
1.5.4704.13
1.5.4712.14
1.5.4788.16
1.5.4812.11
1.5.4895.12
1.5.4907.11
1.5.4916.8
1.5.4958.7
1.5.4966.11
1.5.4973.13
1.5.4980.21
1.5.5022.9
1.5.5031.16
1.5.5059.8
1.5.5078.13
1.5.5088.9
1.5.5089.14
1.5.5095.12
1.5.5099.9
1.5.5113.11
1.5.5169.17
1.5.5219.11
1.5.5228.10
1.5.5272.12
1.5.5303.17
1.5.5316.10
1.5.5322.10
1.5.5337.14
1.5.5370.12
1.5.5406.13
1.5.5438.14
1.5.5441.8
1.5.5470.9
1.5.5480.13
1.5.5500.12
1.5.5529.16
1.5.5558.14.2.1.25.7
1.5.5576.14
1.5.5645.9
1.5.5696.16
1.5.5716.13
1.5.5719.11
1.5.5731.9
1.5.5832.8
1.5.5838.10
1.5.5840.17
1.5.5847.21
1.5.5856.10
1.5.5866.16
1.5.5966.17
1.5.6030.11
1.5.6040.23
1.5.6072.10
1.5.6130.9
1.5.6158.8
1.5.6200.13
1.5.6254.12
1.5.6261.21
1.5.6274.17
1.5.6323.14
1.5.6354.13
1.5.6362.11
1.5.6384.8
1.5.6409.16
1.5.6414.27
1.5.6440.9
1.5.6448.15
1.5.6453.13
1.5.6454.9
1.5.6457.8
1.5.6459.15
1.5.6469.15
1.5.6476.9
1.5.6483.12
1.5.6516.10
1.5.6549.9
1.5.6550.11
1.5.6612.10
1.5.6624.11
1.5.6635.16.2.1.9.1
1.5.6637.16
1.5.6655.12
1.5.6656.21
1.5.6660.8
1.5.6676.9
1.5.6677.25
1.5.6699.12
1.5.6726.9
1.5.6765.14
1.5.6795.12
1.5.6805.21
1.5.6849.10
1.5.6931.11
1.5.7006.21
1.5.7018.13
1.5.7114.22
1.5.7121.12
1.5.7129.11
1.5.7167.9
1.5.7210.18
1.5.7221.8
1.5.7226.11
1.5.7249.13
1.5.7257.15
1.5.7264.7
1.5.7305.13
1.5.7323.19
1.5.7379.27
1.5.7396.11
1.5.7454.8
1.5.7508.11
1.5.7509.7
1.5.7526.10
1.5.7527.11
1.5.7534.12
1.5.7538.27
1.5.7570.8
1.5.7592.14
1.5.7605.15.2.1.5.3
1.5.7655.14
1.5.7667.9
1.5.7691.12
1.5.7710.12
1.5.7724.11
1.5.7754.12
1.5.7762.10
1.5.7766.8
1.5.7802.12
1.5.7803.29
1.5.7811.12
1.5.7825.8
1.5.7830.13
1.5.7838.20
1.5.7850.11
1.5.7866.13
1.5.7903.20
1.5.7954.11
1.5.7981.9
1.5.7993.15
1.5.8010.10
1.5.8013.13
1.5.8046.13
1.5.8123.12
1.5.8168.8
1.5.8174.15
1.5.8198.9
1.5.8204.17
1.5.8214.10
1.5.8252.17
1.5.8281.15
1.5.8333.11
1.5.8352.15
1.5.8360.11
1.5.8395.8
1.5.8421.12
1.5.8423.11
1.5.8434.9
1.5.8439.20
1.5.8462.13
1.5.8472.10
1.5.8478.15
1.5.8486.9
1.5.8640.10
1.5.8702.10
1.5.8729.21
1.5.8803.17
1.5.8810.11
1.5.8822.8
1.5.8895.8
1.5.8922.16
1.5.8962.9
1.5.8990.15
1.5.9031.15
1.5.9035.9
1.5.9040.13
1.5.9061.15
1.5.9103.14
1.5.9159.10
1.5.9169.9
1.5.9193.8
1.5.9203.16
1.5.9205.8
1.5.9220.11
1.5.9224.10
1.5.9237.13
1.5.9277.19
1.5.9284.11
1.5.9294.19
1.5.9302.7
1.5.9312.14
1.5.9314.10
1.5.9330.10
1.5.9370.8
1.5.9390.9
1.5.9411.14
1.5.9424.12
1.5.9437.9
1.5.9477.12
1.5.9502.9
1.5.9561.16
1.5.9588.25.2.1.27.5.11.4
1.5.9647.10
1.5.9656.19
1.5.9700.18
1.5.9767.11
1.5.9774.31
1.5.9785.12
1.5.9787.8
1.5.9797.15
1.5.9819.10
1.5.9827.13
1.5.9845.10
1.5.9892.8
1.5.9895.10
1.5.9897.9
1.5.9901.26
1.5.9909.16
1.5.9916.16
1.5.9923.18
1.5.9929.9
1.5.9995.11
1.5.10029.12
1.5.10095.15
1.5.10107.11
1.5.10147.12
1.5.10161.13
1.5.10185.20
1.5.10191.31
1.5.10207.12
1.5.10221.16
1.5.10233.9
1.5.10249.9
1.5.10254.11
1.5.10268.9
1.5.10277.16
1.5.10287.9
1.5.10291.11
1.5.10292.9
1.5.10305.12
1.5.10308.7
1.5.10322.8
1.5.10323.13
1.5.10354.9
1.5.10375.9
1.5.10390.14
1.5.10402.13
1.5.10407.19
1.5.10430.10
1.5.10449.23
1.5.10479.10
1.5.10487.8.2.1.5.14
1.5.10492.12
1.5.10538.10
1.5.10663.25
1.5.10712.15
1.5.10716.14
1.5.10719.7
1.5.10749.12
1.5.10751.10
1.5.10813.14
1.5.10848.13
1.5.10892.9
1.5.10896.19
1.5.10913.9
1.5.10923.9
1.5.10934.13
1.5.10939.15
1.5.10951.13
1.5.10987.11
1.5.10991.20
1.5.11077.12
1.5.11091.10
1.5.11107.10
1.5.11150.11
1.5.11174.10
1.5.11193.8
1.5.11237.13
1.5.11300.9
1.5.11318.11
1.5.11334.10
1.5.11396.11
1.5.11421.13
1.5.11464.12
1.5.11506.11.2.1.14.4.9
1.5.11521.13
1.5.11545.11
1.5.11548.12
1.5.11610.9
1.5.11650.14
1.5.11657.15
1.5.11675.23
1.5.11705.8
1.5.11719.13
1.5.11724.8
1.5.11797.16
1.5.11909.12
1.5.11943.12
1.5.11966.9
1.5.11974.13
1.5.11976.16
1.5.11979.14
1.5.12030.9
1.5.12039.16
1.5.12067.8
1.5.12138.17
1.5.12175.17
1.5.12223.11
1.5.12254.10
1.5.12257.8
1.5.12258.15
1.5.12293.12
1.5.12324.17
1.5.12337.10
1.5.12343.10
1.5.12350.19
1.5.12419.13
1.5.12451.14
1.5.12454.8
1.5.12483.9
1.5.12493.13
1.5.12541.16
1.5.12570.14.2.1.25.7
1.5.12588.14
1.5.12657.9
1.5.12711.8.2.1
1.5.12732.10
1.5.12831.10
1.5.12847.11
1.5.12849.12
1.5.12851.17
1.5.12858.21
1.5.12864.15
1.5.12881.16
1.5.12933.10
1.5.12938.9
1.5.12958.9
1.5.12961.17
1.5.13046.11
1.5.13056.23
1.5.13071.10
1.5.13129.10
1.5.13134.19
1.5.13135.7
1.5.13185.8
1.5.13286.12
1.5.13293.21
1.5.13306.17
1.5.13349.11
1.5.13396.13
1.5.13404.11
1.5.13426.8
1.5.13451.16
1.5.13456.27
1.5.13482.9
1.5.13490.15
1.5.13495.13
1.5.13496.9
1.5.13499.8
1.5.13501.15
1.5.13511.15
1.5.13519.11
1.5.13567.17
1.5.13575.12
1.5.13599.9
1.5.13600.11
1.5.13632.8
1.5.13637.21
1.5.13669.11
1.5.13680.16.2.1.9.1
1.5.13687.16
1.5.13734.12
1.5.13768.11
1.5.13787.11
1.5.13805.12
1.5.13833.24
1.5.13836.8
1.5.13957.11
1.5.13987.13
1.5.13992.8
1.5.13993.16
1.5.14029.21
1.5.14031.10
1.5.14034.14
1.5.14093.18
1.5.14128.28
1.5.14142.10
1.5.14161.12
1.5.14169.11
1.5.14250.9
1.5.14288.11
1.5.14350.14
1.5.14404.12
1.5.14411.9
1.5.14431.9
1.5.14454.11
1.5.14512.8
1.5.14562.11
1.5.14563.7
1.5.14580.10
1.5.14581.11
1.5.14588.12
1.5.14592.27
1.5.14624.8
1.5.14646.14
1.5.14659.15.2.1.5.3
1.5.14713.10
1.5.14725.9
1.5.14747.15
1.5.14768.12
1.5.14782.11
1.5.14812.12
1.5.14820.10
1.5.14824.8
1.5.14876.8
1.5.14923.8
1.5.14925.9
1.5.14926.9
1.5.14986.23
1.5.14989.10
1.5.15021.12
1.5.15046.10
1.5.15049.13
1.5.15085.11
1.5.15117.11
1.5.15127.11
1.5.15134.11
1.5.15167.12
1.5.15197.20
1.5.15233.15
1.5.15248.13
1.5.15254.8
1.5.15255.8
1.5.15299.11
1.5.15323.15
1.5.15375.11
1.5.15394.15
1.5.15402.11
1.5.15437.8
1.5.15463.12
1.5.15465.11
1.5.15476.9
1.5.15481.20
1.5.15504.13
1.5.15514.10
1.5.15520.15
1.5.15528.9
1.5.15552.11
1.5.15581.10
1.5.15587.19
1.5.15644.13
1.5.15662.11
1.5.15683.9
1.5.15685.10
1.5.15701.13
1.5.15755.9
1.5.15791.9
1.5.15793.10
1.5.15827.14
1.5.15843.13
1.5.15875.9
1.5.15933.9
1.5.15986.11
1.5.15996.7
1.5.16012.7
1.5.16013.10
1.5.16017.20
1.5.16045.9
1.5.16061.22
1.5.16102.15
1.5.16106.9
1.5.16111.13
1.5.16170.14
1.5.16226.10
1.5.16236.9
1.5.16245.12
1.5.16262.11
1.5.16272.9
1.5.16290.12
1.5.16299.8
1.5.16305.13
1.5.16361.11
1.5.16371.19
1.5.16379.7
1.5.16386.15
1.5.16395.10
1.5.16402.10
1.5.16467.9
1.5.16478.19
1.5.16507.15
1.5.16520.9
1.5.16569.12
1.5.16594.9
1.5.16680.25.2.1.27.5.11.4
1.5.16711.15
1.5.16723.10
1.5.16727.8
1.5.16732.10
1.5.16741.19
1.5.16803.8
1.5.16816.13
1.5.16900.19
1.5.16902.8
1.5.16906.13
1.5.16943.13
1.5.16951.10
1.5.16997.11
1.5.17007.16
1.5.17020.16
1.5.17027.18
1.5.17033.9
1.5.17101.11
1.5.17135.12
1.5.17201.15
1.5.17213.11
1.5.17293.9
1.5.17311.14
1.5.17382.9
1.5.17390.9
1.5.17394.11
1.5.17395.9
1.5.17408.12
1.5.17460.11
1.5.17509.10
1.5.17524.24
1.5.17538.14
1.5.17558.8
1.5.17565.21
1.5.17591.10
1.5.17601.7
1.5.17605.9
1.5.17616.13
1.5.17624.8.2.1.5.6
1.5.17629.12
1.5.17675.10
1.5.17726.8
1.5.17775.12
1.5.17806.25
1.5.17827.12
1.5.17841.15
1.5.17845.14
1.5.17848.7
1.5.17881.10
1.5.17910.15
1.5.17941.13
1.5.17960.22
1.5.17980.14
1.5.18019.10
1.5.18056.8
1.5.18066.10
1.5.18070.12
1.5.18081.19
1.5.18085.9
1.5.18097.13
1.5.18146.20
1.5.18224.10
1.5.18259.8
1.5.18269.9
1.5.18275.14
1.5.18329.18
1.5.18398.13
1.5.18407.7
1.5.18408.9
1.5.18420.9
1.5.18476.9
1.5.18494.11
1.5.18580.11
1.5.18590.10
1.5.18604.13
1.5.18647.12
1.5.18686.9
1.5.18694.22
1.5.18721.13
1.5.18745.11
1.5.18748.12
1.5.18811.9
1.5.18851.14
1.5.18858.15
1.5.18866.25
1.5.18873.17
1.5.18878.15
1.5.18898.19
1.5.18917.8
1.5.18952.7
1.5.18954.20
1.5.18980.16
1.5.19092.12
1.5.19153.9
1.5.19160.13
1.5.19162.16
1.5.19165.14
1.5.19226.11
1.5.19239.8
1.5.19255.35
1.5.19316.17
1.5.19353.17
1.5.19401.11
1.5.19423.10
1.5.19454.14.2.1
1.5.19455.9
1.5.19473.10
1.5.19494.8
1.5.19508.10
1.5.19514.10
1.5.19521.19
1.5.19590.13
1.5.19622.14
1.5.19625.8
1.5.19692.9
1.5.19706.16
1.5.19735.14.2.1.25.7
1.5.19753.14
1.5.19822.9
1.5.19872.9
1.5.19883.13
1.5.19903.13
1.5.19906.11
1.5.19918.9
1.5.19946.12
1.5.19947.9
1.5.20005.10
1.5.20013.10
1.5.20027.9
1.5.20029.14
1.5.20038.7
1.5.20042.18
1.5.20066.14
1.5.20067.11
1.5.20076.20
1.5.20099.10
1.5.20104.9
1.5.20124.9
1.5.20127.17
1.5.20212.11
1.5.20222.23
1.5.20293.19
1.5.20294.7
1.5.20303.11
1.5.20321.10
1.5.20333.9
1.5.20351.11
1.5.20353.17
1.5.20386.13
1.5.20441.12
1.5.20448.21
1.5.20461.17
1.5.20510.14
1.5.20541.13
1.5.20549.11
1.5.20571.8
1.5.20613.9
1.5.20619.9
1.5.20621.9
1.5.20633.9
1.5.20641.15
1.5.20646.13
1.5.20647.9
1.5.20650.8
1.5.20652.15
1.5.20662.15
1.5.20669.9
1.5.20676.12
1.5.20716.10
1.5.20749.9
1.5.20750.11
1.5.20803.13
1.5.20804.18
1.5.20813.16.2.1.22.1
1.5.20819.9
1.5.20867.12
1.5.20894.9
1.5.20933.14
1.5.20963.10
1.5.21016.10
1.5.21077.26
1.5.21098.11
1.5.21128.13
1.5.21133.8
1.5.21134.16
1.5.21151.7
1.5.21155.11
1.5.21179.10
1.5.21195.13
1.5.21254.11
1.5.21282.28
1.5.21296.10
1.5.21310.20
1.5.21317.12
1.5.21325.12
1.5.21333.11
1.5.21371.9
1.5.21414.18
1.5.21425.8
1.5.21430.11
1.5.21444.24
1.5.21450.13
1.5.21458.15
1.5.21465.7
1.5.21513.14
1.5.21540.15
1.5.21597.11
1.5.21655.8
1.5.21723.10
1.5.21724.11
1.5.21731.12
1.5.21735.27
1.5.21810.14
1.5.21823.15.2.1.5.3
1.5.21878.10
1.5.21890.9
1.5.21913.12
1.5.21937.9
1.5.21971.12
1.5.21979.10
1.5.21983.8
1.5.22035.8
1.5.22067.14
1.5.22082.16
1.5.22103.9
1.5.22108.8
1.5.22130.18
1.5.22170.12
1.5.22195.10
1.5.22198.13
1.5.22234.11
1.5.22266.11
1.5.22276.11
1.5.22283.11
1.5.22316.12
1.5.22343.8
1.5.22384.9
1.5.22390.17
1.5.22400.10
1.5.22443.10
1.5.22472.15
1.5.22524.11
1.5.22543.15
1.5.22551.11
1.5.22586.8
1.5.22604.15
1.5.22665.11
1.5.22712.14
1.5.22785.11
1.5.22808.11
1.5.22809.7
1.5.22845.10
1.5.22890.9
1.5.22926.9
1.5.22928.10
1.5.22953.13
1.5.22998.17
1.5.23005.11
1.5.23017.8
1.5.23088.9
1.5.23120.17
1.5.23160.9
1.5.23162.14
1.5.23166.10
1.5.23180.8
1.5.23182.18
1.5.23223.15
1.5.23227.9
1.5.23232.13
1.5.23253.15
1.5.23295.14
1.5.23362.12
1.5.23379.11
1.5.23389.9
1.5.23407.12
1.5.23416.8
1.5.23422.13
1.5.23478.11
1.5.23488.19
1.5.23496.7
1.5.23506.14
1.5.23508.10
1.5.23524.10
1.5.23589.9
1.5.23600.19
1.5.23617.14
1.5.23650.11
1.5.23657.10
1.5.23693.10
1.5.23772.25.2.1.27.5.11.4
1.5.23803.15
1.5.23815.10
1.5.23819.8
1.5.23824.10
1.5.23833.19
1.5.23877.18
1.5.23948.11
1.5.23955.31
1.5.23966.12
1.5.23968.8
1.5.23978.15
1.5.23998.10
1.5.24006.13
1.5.24024.10
1.5.24058.22
1.5.24078.11
1.5.24093.13
1.5.24095.16
1.5.24100.20
1.5.24107.18
1.5.24113.9
1.5.24181.11
1.5.24221.8
1.5.24285.15
1.5.24297.11
1.5.24362.10
1.5.24380.10
1.5.24385.12
1.5.24399.16
1.5.24411.9
1.5.24457.16
1.5.24475.9
1.5.24485.12
1.5.24537.11
1.5.24586.10
1.5.24601.24
1.5.24615.14
1.5.24635.8
1.5.24642.21
1.5.24675.10
1.5.24691.11
1.5.24696.11
1.5.24713.11
1.5.24716.13
1.5.24759.9
1.5.24777.7
1.5.24784.10
1.5.24867.7
1.5.24904.15
1.5.24908.14
1.5.24911.7
1.5.24944.10
1.5.24973.15
1.5.25011.14
1.5.25033.17
1.5.25046.13
1.5.25134.12
1.5.25153.13
1.5.25202.20
1.5.25288.12
1.5.25302.10
1.5.25318.10
1.5.25376.18
1.5.25403.11
1.5.25405.29
1.5.25435.11
1.5.25483.9
1.5.25518.9
1.5.25536.11
1.5.25552.10
1.5.25614.11
1.5.25624.10
1.5.25638.13
1.5.25685.12
1.5.25708.12
1.5.25729.9
1.5.25737.22
1.5.25764.13
1.5.25788.11
1.5.25791.12
1.5.25854.9
1.5.25894.14
1.5.25923.10
1.5.25956.8
1.5.25970.13
1.5.25978.14
1.5.26051.16
1.5.26075.11
1.5.26156.12
1.5.26179.9
1.5.26194.12
1.5.26217.9
1.5.26225.13
1.5.26227.16
1.5.26230.14
1.5.26291.11
1.5.26331.13
1.5.26341.9
1.5.26342.14
1.5.26348.12
1.5.26418.17
1.5.26429.17
1.5.26432.25
1.5.26461.16
1.5.26464.9
1.5.26473.10
1.5.26517.12
1.5.26549.8
1.5.26563.10
1.5.26569.10
1.5.26584.14
1.5.26621.12
1.5.26633.10
1.5.26655.9
1.5.26677.14
1.5.26680.8
1.5.26747.9
1.5.26761.16
1.5.26790.14.2.1.25.7
1.5.26869.9
1.5.26912.8.2.1
1.5.27035.10
1.5.27048.13
1.5.27053.12
1.5.27054.20
1.5.27059.9
1.5.27061.14
1.5.27127.10
1.5.27132.9
1.5.27152.9
1.5.27155.17
1.5.27240.11
1.5.27250.23
1.5.27313.17
1.5.27337.19
1.5.27338.7
1.5.27388.8
1.5.27489.12
1.5.27496.21
1.5.27509.17
1.5.27552.11
1.5.27599.13
1.5.27607.11
1.5.27629.8
1.5.27654.16
1.5.27659.27
1.5.27797.9
1.5.27798.11
1.5.27862.10
1.5.27874.11
1.5.27885.16.2.1.9.1
1.5.27892.16
1.5.27939.12
1.5.27972.30
1.5.27989.11
1.5.28007.12
1.5.28029.17
1.5.28038.10
1.5.28078.10
1.5.28138.21
1.5.28155.10
1.5.28162.12
1.5.28176.15
1.5.28183.9
1.5.28194.13
1.5.28199.8
1.5.28204.10
1.5.28221.9
1.5.28256.10
1.5.28362.22
1.5.28369.12
1.5.28377.11
1.5.28415.9
1.5.28458.18
1.5.28469.8
1.5.28474.11
1.5.28488.24
1.5.28494.13
1.5.28502.15
1.5.28509.7
1.5.28550.13
1.5.28606.12
1.5.28613.9
1.5.28633.9
1.5.28695.8
1.5.28763.10
1.5.28764.11
1.5.28771.12
1.5.28775.27
1.5.28807.8
1.5.28829.14
1.5.28842.15.2.1.5.3
1.5.28937.15
1.5.28958.12
1.5.28972.11
1.5.29002.12
1.5.29010.10
1.5.29014.8
1.5.29066.8
1.5.29113.8
1.5.29115.9
1.5.29116.9
1.5.29152.14
1.5.29169.18
1.5.29209.12
1.5.29234.10
1.5.29237.13
1.5.29270.13
1.5.29348.20
1.5.29367.9
1.5.29372.11
1.5.29399.8
1.5.29405.15
1.5.29426.19
1.5.29441.18
1.5.29452.20
1.5.29489.9
1.5.29499.14
1.5.29501.12
1.5.29508.12
1.5.29530.11
1.5.29547.21
1.5.29576.15
1.5.29584.11
1.5.29619.8
1.5.29672.9
1.5.29699.11
1.5.29736.10
1.5.29782.11
1.5.29846.12
1.5.29933.9
1.5.29969.9
1.5.29971.10
1.5.29996.7
1.5.30048.17
1.5.30055.11
1.5.30067.8
1.5.30177.11
1.5.30187.7
1.5.30203.7
1.5.30204.10
1.5.30208.20
1.5.30236.9
1.5.30252.22
1.5.30293.15
1.5.30297.9
1.5.30302.13
1.5.30361.14
1.5.30432.12
1.5.30449.11
1.5.30459.9
1.5.30477.12
1.5.30486.8
1.5.30492.13
1.5.30586.14
1.5.30603.10
1.5.30639.15
1.5.30676.14
1.5.30689.19
1.5.30723.12
1.5.30733.11
1.5.30740.21
1.5.30761.12
1.5.30796.10
1.5.30848.16
1.5.30875.25.2.1.27.5.11.4
1.5.30948.19
1.5.30989.9
1.5.31020.8
1.5.31061.20
1.5.31141.13
1.5.31149.10
1.5.31202.20
1.5.31209.16
1.5.31216.16
1.5.31223.18
1.5.31229.9
1.5.31293.25
1.5.31301.11
1.5.31316.15
1.5.31329.8
1.5.31393.15
1.5.31405.11
1.5.31457.9
1.5.31464.15
1.5.31470.7
1.5.31476.10
1.5.31498.10
1.5.31503.12
1.5.31517.16
1.5.31529.9
1.5.31545.9
1.5.31550.11
1.5.31566.9
1.5.31575.16
1.5.31593.9
1.5.31603.12
1.5.31656.11
1.5.31681.11
1.5.31691.9
1.5.31693.12
1.5.31712.14
1.5.31729.14
1.5.31749.8
1.5.31756.21
1.5.31782.10
1.5.31800.10
1.5.31816.11
1.5.31821.11
1.5.31838.11
1.5.31841.13
1.5.31857.9
1.5.31868.9
1.5.31907.8
1.5.32041.15
1.5.32045.14
1.5.32048.7
1.5.32078.12
1.5.32080.10
1.5.32142.14
1.5.32177.13
1.5.32242.19
1.5.32245.35
1.5.32249.9
1.5.32259.9
1.5.32270.13
1.5.32275.15
1.5.32287.13
1.5.32336.20
1.5.32422.12
1.5.32436.10
1.5.32452.10
1.5.32464.8
1.5.32513.18
1.5.32571.11
1.5.32618.9
1.5.32653.9
1.5.32671.11
1.5.32757.11
1.5.32767.10
1.5.32798.10
1.5.32800.11
1.5.32831.20
1.5.32858.9
1.5.32866.22
1.5.32893.13
1.5.32917.11
1.5.32920.12
1.5.32985.9
1.5.33047.23
1.5.33077.8
1.5.33091.13
1.5.33099.14
1.5.33175.16
1.5.33272.11
1.5.33299.8
1.5.33349.9
1.5.33357.13
1.5.33359.16
1.5.33362.14
1.5.33404.8
1.5.33415.9
1.5.33424.16
1.5.33452.8
1.5.33471.13
1.5.33481.9
1.5.33482.14
1.5.33488.12
1.5.33558.17
1.5.33608.11
1.5.33623.13
1.5.33657.12
1.5.33688.17
1.5.33701.10
1.5.33707.10
1.5.33722.14
1.5.33790.13
1.5.33822.14
1.5.33825.8
1.5.33892.9
1.5.33906.16
1.5.33984.8
1.5.34019.9
1.5.34072.13
1.5.34092.13
1.5.34095.11
1.5.34107.9
1.5.34117.9
1.5.34136.12
1.5.34137.9
1.5.34196.7
1.5.34200.8
1.5.34206.10
1.5.34208.17
1.5.34215.21
1.5.34241.16
1.5.34348.14
1.5.34419.23
1.5.34486.19
1.5.34487.7
1.5.34634.12
1.5.34641.21
1.5.34654.17
1.5.34697.11
1.5.34768.41
1.5.34839.9
1.5.34845.9
1.5.34847.9
1.5.34878.10
1.5.34890.10
1.5.34920.12
1.5.34970.9
1.5.34990.9
1.5.34991.11
1.5.35055.10
1.5.35067.11
1.5.35078.16.2.1.9.1
1.5.35080.16
1.5.35098.12
1.5.35099.21
1.5.35103.8
1.5.35119.9
1.5.35120.25
1.5.35142.12
1.5.35165.9
1.5.35204.14
1.5.35237.9
1.5.35284.10
1.5.35346.26
1.5.35367.11
1.5.35397.13
1.5.35402.8
1.5.35403.16
1.5.35439.21
1.5.35510.11
1.5.35538.28
1.5.35552.10
1.5.35662.9
1.5.35700.11
1.5.35762.14
1.5.35816.12
1.5.35823.9
1.5.35843.9
1.5.35918.8
1.5.35939.16
1.5.35985.10
1.5.35986.11
1.5.35993.12
1.5.35997.27
1.5.36029.8
1.5.36051.14
1.5.36064.15.2.1.5.3
1.5.36145.12
1.5.36164.12
1.5.36178.11
1.5.36208.12
1.5.36216.10
1.5.36220.8
1.5.36272.8
1.5.36304.14
1.5.36319.16
1.5.36340.9
1.5.36345.8
1.5.36367.18
1.5.36406.27
1.5.36431.10
1.5.36434.13
1.5.36467.13
1.5.36544.12
1.5.36571.8
1.5.36643.18
1.5.36654.20
1.5.36669.11
1.5.36693.15
1.5.36745.11
1.5.36764.15
1.5.36772.11
1.5.36807.8
1.5.36833.12
1.5.36835.11
1.5.36846.9
1.5.36851.20
1.5.36874.13
1.5.36884.10
1.5.36918.11
1.5.36947.10
1.5.36953.19
1.5.37030.11
1.5.37051.9
1.5.37053.10
1.5.37069.13
1.5.37123.9
1.5.37159.9
1.5.37161.10
1.5.37186.13
1.5.37193.9
1.5.37195.24
1.5.37250.30
1.5.37265.13
1.5.37315.10
1.5.37338.11
1.5.37343.15
1.5.37383.9
1.5.37399.22
1.5.37440.15
1.5.37444.9
1.5.37449.13
1.5.37470.15
1.5.37512.14
1.5.37584.12
1.5.37601.11
1.5.37611.9
1.5.37629.12
1.5.37638.8
1.5.37644.13
1.5.37700.11
1.5.37710.19
1.5.37718.7
1.5.37735.14
1.5.37752.10
1.5.37818.18
1.5.37860.12
1.5.37865.9
1.5.37905.12
1.5.37930.9
1.5.37989.16
1.5.38016.25.2.1.27.5.11.4
1.5.38047.15
1.5.38059.10
1.5.38063.8
1.5.38068.10
1.5.38077.19
1.5.38118.9
1.5.38149.11
1.5.38195.11
1.5.38202.31
1.5.38213.12
1.5.38215.8
1.5.38225.15
1.5.38247.10
1.5.38255.13
1.5.38273.10
1.5.38305.10
1.5.38307.18
1.5.38313.7
1.5.38331.10
1.5.38336.20
1.5.38343.16
1.5.38350.16
1.5.38357.18
1.5.38363.9
1.5.38384.15
1.5.38402.16
1.5.38411.12
1.5.38415.11
1.5.38449.12
1.5.38515.15
1.5.38527.11
1.5.38598.20
1.5.38604.31
1.5.38620.12
1.5.38634.16
1.5.38646.9
1.5.38692.16
1.5.38710.9
1.5.38720.12
1.5.38723.7
1.5.38737.8
1.5.38766.11
1.5.38815.10
1.5.38830.24
1.5.38844.14
1.5.38864.8
1.5.38871.21
1.5.38897.10
1.5.38907.7
1.5.38911.9
1.5.38922.13
1.5.38930.8.2.1.5.6
1.5.38935.12
1.5.38952.13
1.5.38991.9
1.5.38993.10
1.5.39015.13
1.5.39060.11
1.5.39091.25
1.5.39112.12
1.5.39176.12
1.5.39178.10
1.5.39209.14
1.5.39238.14
1.5.39260.17
1.5.39273.13
1.5.39312.10
1.5.39334.20
1.5.39346.9
1.5.39356.9
1.5.39367.13
1.5.39372.15
1.5.39384.13
1.5.39433.20
1.5.39519.12
1.5.39533.10
1.5.39549.10
1.5.39561.8
1.5.39616.8
1.5.39632.8
1.5.39676.13
1.5.39739.9
1.5.39757.11
1.5.39843.11
1.5.39853.10
1.5.39879.18
1.5.39906.12
1.5.39948.11.2.1.14.4.9
1.5.40050.9
1.5.40090.14
1.5.40097.15
1.5.40105.25
1.5.40112.17
1.5.40117.15
1.5.40137.19
1.5.40147.18
1.5.40189.13
1.5.40195.16
1.5.40224.16
1.5.40319.11
1.5.40342.10
1.5.40352.8
1.5.40404.9
1.5.40455.9
1.5.40472.11
1.5.40485.8
1.5.40501.35
1.5.40507.14
1.5.40510.14
1.5.40521.9
1.5.40522.14
1.5.40528.12
1.5.40566.17
1.5.40603.17
1.5.40653.11
1.5.40668.13
1.5.40702.12
1.5.40733.17
1.5.40746.10
1.5.40752.10
1.5.40767.14
1.5.40835.13
1.5.40867.14
1.5.40870.8
1.5.40899.9
1.5.40952.16
1.5.40981.14.2.1.25.7
1.5.40999.14
1.5.41068.9
1.5.41123.8.2.1
1.5.41181.12
1.5.41182.9
1.5.41240.10
1.5.41253.13
1.5.41258.12
1.5.41259.20
1.5.41264.9
1.5.41266.14
1.5.41303.14
1.5.41304.11
1.5.41313.20
1.5.41336.10
1.5.41341.9
1.5.41361.9
1.5.41364.17
1.5.41456.23
1.5.41492.23
1.5.41541.24
1.5.41576.8
1.5.41677.12
1.5.41684.21
1.5.41697.17
1.5.41740.11
1.5.41811.41
1.5.41882.9
1.5.41888.9
1.5.41890.9
1.5.41921.10
1.5.41933.10
1.5.41963.12
1.5.41997.11
1.5.42038.9
1.5.42039.11
1.5.42103.16
1.5.42169.12
1.5.42198.30
1.5.42215.11
1.5.42233.12
1.5.42261.24
1.5.42264.8
1.5.42381.11
1.5.42411.13
1.5.42416.8
1.5.42421.10
1.5.42426.9
1.5.42444.7
1.5.42448.11
1.5.42472.10
1.5.42603.12
1.5.42611.12
1.5.42619.11
1.5.42700.9
1.5.42743.8
1.5.42756.15
1.5.42763.7
1.5.42811.14
1.5.42895.11
1.5.42953.8
1.5.43014.11
1.5.43015.7
1.5.43032.10
1.5.43033.11
1.5.43040.12
1.5.43044.27
1.5.43119.14
1.5.43132.15.2.1.5.3
1.5.43218.15
1.5.43239.12
1.5.43253.11
1.5.43283.12
1.5.43291.10
1.5.43295.8
1.5.43348.8
1.5.43395.8
1.5.43397.9
1.5.43398.9
1.5.43421.9
1.5.43426.8
1.5.43455.23
1.5.43458.10
1.5.43489.27
1.5.43514.10
1.5.43517.13
1.5.43550.13
1.5.43584.9
1.5.43599.11
1.5.43606.11
1.5.43639.12
1.5.43702.9
1.5.43708.17
1.5.43718.10
1.5.43761.10
1.5.43790.15
1.5.43808.11
1.5.43833.21
1.5.43862.15
1.5.43870.11
1.5.43905.8
1.5.43924.15
1.5.43961.9
1.5.43988.11
1.5.44025.10
1.5.44045.10
1.5.44051.19
1.5.44128.20
1.5.44134.18
1.5.44170.10
1.5.44228.10
1.5.44255.21
1.5.44303.10
1.5.44329.17
1.5.44336.11
1.5.44348.8
1.5.44401.9
1.5.44459.11
1.5.44464.15
1.5.44504.9
1.5.44507.11
1.5.44520.12
1.5.44530.15
1.5.44543.10
1.5.44545.12
1.5.44565.10
1.5.44572.9
1.5.44577.13
1.5.44598.15
1.5.44640.14
1.5.44696.10
1.5.44706.9
1.5.44730.8
1.5.44740.16
1.5.44742.8
1.5.44757.11
1.5.44761.10
1.5.44774.13
1.5.44776.15
1.5.44857.10
1.5.44864.10
1.5.44931.9
1.5.44957.14
1.5.44990.11
1.5.44997.10
1.5.45030.9
1.5.45089.16
1.5.45116.25.2.1.27.5.11.4
1.5.45175.10
1.5.45184.19
1.5.45228.18
1.5.45295.11
1.5.45302.31
1.5.45313.12
1.5.45315.8
1.5.45325.15
1.5.45369.13
1.5.45377.10
1.5.45423.11
1.5.45433.16
1.5.45446.16
1.5.45453.18
1.5.45459.9
1.5.45527.11
1.5.45573.8
1.5.45653.7
1.5.45664.7
1.5.45728.16
1.5.45730.8
1.5.45756.16
1.5.45768.9
1.5.45784.9
1.5.45789.11
1.5.45802.13
1.5.45811.16
1.5.45829.9
1.5.45839.12
1.5.45887.13
1.5.45919.22
1.5.45930.9
1.5.45945.14
1.5.45962.14
1.5.45982.8
1.5.45989.21
1.5.46030.10
1.5.46032.16
1.5.46042.8.2.1.3.3
1.5.46047.12
1.5.46064.13
1.5.46080.9
1.5.46091.9
1.5.46109.9
1.5.46111.10
1.5.46133.13
1.5.46155.8
1.5.46226.7
1.5.46263.15
1.5.46267.14
1.5.46270.7
1.5.46303.10
1.5.46332.15
1.5.46370.14
1.5.46392.17
1.5.46405.13
1.5.46444.10
1.5.46467.26
1.5.46473.9
1.5.46483.15
1.5.46502.12
1.5.46521.13
1.5.46570.20
1.5.46661.12
1.5.46675.10
1.5.46691.10
1.5.46713.14
1.5.46755.18
1.5.46814.13
1.5.46847.13
1.5.46862.10
1.5.46925.9
1.5.46943.11
1.5.47044.9
1.5.47054.18
1.5.47087.12
1.5.47129.11.2.1.14.4.9
1.5.47144.13
1.5.47168.11
1.5.47171.12
1.5.47236.9
1.5.47300.10
1.5.47333.8
1.5.47347.13
1.5.47355.14
1.5.47389.7
1.5.47391.20
1.5.47417.16
1.5.47529.10
1.5.47545.9
1.5.47560.12
1.5.47583.9
1.5.47590.13
1.5.47592.16
1.5.47595.14
1.5.47646.9
1.5.47655.16
1.5.47683.8
1.5.47690.26
1.5.47696.14
1.5.47699.14
1.5.47710.9
1.5.47711.14
1.5.47717.12
1.5.47721.9
1.5.47735.11
1.5.47791.17
1.5.47841.11
1.5.47850.10
1.5.47894.14.2.1
1.5.47895.9
1.5.47913.10
1.5.47933.17
1.5.47946.10
1.5.47952.10
1.5.47967.14
1.5.48035.13
1.5.48067.14
1.5.48070.8
1.5.48099.9
1.5.48138.9
1.5.48152.16
1.5.48181.14.2.1.25.7
1.5.48199.14
1.5.48268.9
1.5.48307.9
1.5.48318.13
1.5.48343.15
1.5.48421.23
1.5.48424.13
1.5.48427.27
1.5.48443.11
1.5.48445.12
1.5.48447.17
1.5.48454.21
1.5.48463.10
1.5.48473.16
1.5.48525.10
1.5.48530.9
1.5.48550.9
1.5.48553.17
1.5.48630.11
1.5.48640.23
1.5.48716.10
1.5.48721.19
1.5.48722.7
1.5.48772.8
1.5.48808.8
1.5.48816.13
1.5.48871.12
1.5.48878.21
1.5.48891.17
1.5.48934.11
1.5.48981.13
1.5.48989.11
1.5.49011.8
1.5.49062.9
1.5.49102.13
1.5.49103.9
1.5.49106.8
1.5.49108.15
1.5.49118.15
1.5.49125.9
1.5.49132.12
1.5.49198.9
1.5.49199.11
1.5.49238.15
1.5.49263.11
1.5.49274.16.2.1.9.1
1.5.49276.16
1.5.49291.8
1.5.49307.9
1.5.49308.25
1.5.49330.12
1.5.49359.30
1.5.49376.11
1.5.49394.12
1.5.49416.17
1.5.49464.10
1.5.49473.8
1.5.49484.10
1.5.49497.16
1.5.49554.11
1.5.49584.13
1.5.49589.8
1.5.49590.16
1.5.49607.7
1.5.49611.11
1.5.49707.11
1.5.49735.28
1.5.49749.10
1.5.49763.20
1.5.49770.12
1.5.49778.12
1.5.49786.11
1.5.49824.9
1.5.49867.18
1.5.49878.8
1.5.49883.11
1.5.49906.13
1.5.49914.15
1.5.49921.7
1.5.49969.14
1.5.49996.15
1.5.50053.11
1.5.50111.8
1.5.50179.10
1.5.50180.11
1.5.50187.12
1.5.50191.27
1.5.50378.15
1.5.50399.12
1.5.50413.11
1.5.50443.12
1.5.50451.10
1.5.50455.8
1.5.50508.8
1.5.50555.8
1.5.50557.9
1.5.50558.9
1.5.50594.14
1.5.50611.18
1.5.50650.27
1.5.50675.10
1.5.50678.13
1.5.50711.13
1.5.50788.12
1.5.50882.18
1.5.50893.20
1.5.50908.11
1.5.50932.15
1.5.50984.11
1.5.51003.15
1.5.51011.11
1.5.51046.8
1.5.51099.9
1.5.51126.11
1.5.51163.10
1.5.51174.12
1.5.51177.10
1.5.51246.11
1.5.51269.11
1.5.51270.7
1.5.51299.11
1.5.51304.8
1.5.51360.10
1.5.51387.21
1.5.51420.7
1.5.51472.17
1.5.51479.11
1.5.51491.8
1.5.51564.8
1.5.51580.11
1.5.51590.7
1.5.51606.7
1.5.51607.10
1.5.51611.20
1.5.51639.9
1.5.51667.15
1.5.51708.15
1.5.51712.9
1.5.51717.13
1.5.51776.14
1.5.51832.10
1.5.51842.9
1.5.51851.12
1.5.51868.11
1.5.51878.9
1.5.51896.12
1.5.51905.8
1.5.51911.13
1.5.51970.19
1.5.51978.7
1.5.51988.14
1.5.51990.10
1.5.52006.10
1.5.52073.9
1.5.52120.12
1.5.52130.11
1.5.52137.21
1.5.52158.12
1.5.52193.10
1.5.52275.25.2.1.27.5.11.4
1.5.52334.10
1.5.52343.19
1.5.52384.9
1.5.52411.11
1.5.52431.9
1.5.52457.9
1.5.52459.22
1.5.52466.11
1.5.52473.31
1.5.52484.12
1.5.52486.8
1.5.52501.19
1.5.52503.8
1.5.52507.13
1.5.52544.13
1.5.52552.10
1.5.52595.8
1.5.52598.10
1.5.52600.9
1.5.52611.16
1.5.52624.16
1.5.52631.18
1.5.52637.9
1.5.52705.11
1.5.52739.12
1.5.52805.15
1.5.52817.11
1.5.52857.12
1.5.52871.13
1.5.52904.9
1.5.52922.14
1.5.52954.12
1.5.52971.17
1.5.52981.8
1.5.52985.10
1.5.52996.16
1.5.53011.9
1.5.53021.12
1.5.53071.9
1.5.53099.10
1.5.53114.24
1.5.53128.14
1.5.53148.8
1.5.53155.21
1.5.53188.10
1.5.53204.11
1.5.53209.11
1.5.53251.10
1.5.53302.8
1.5.53351.12
1.5.53382.25
1.5.53403.12
1.5.53433.12
1.5.53462.12
1.5.53464.10
1.5.53495.14
1.5.53524.14
1.5.53546.17
1.5.53559.13
1.5.53648.12
1.5.53659.19
1.5.53663.9
1.5.53675.13
1.5.53724.20
1.5.53802.10
1.5.53837.8
1.5.53847.9
1.5.53853.14
1.5.53907.18
1.5.53966.13
1.5.53999.13
1.5.54052.9
1.5.54070.11
1.5.54171.9
1.5.54189.10
1.5.54191.11
1.5.54222.20
1.5.54249.9
1.5.54257.22
1.5.54284.13
1.5.54378.9
1.5.54418.14
1.5.54443.14
1.5.54450.17
1.5.54455.15
1.5.54475.19
1.5.54495.8
1.5.54529.7
1.5.54531.20
1.5.54557.16
1.5.54663.8
1.5.54665.13
1.5.54677.12
1.5.54747.9
1.5.54789.8
1.5.54800.9
1.5.54809.16
1.5.54837.8
1.5.54856.13
1.5.54866.9
1.5.54867.14
1.5.54873.12
1.5.54943.17
1.5.54993.11
1.5.55048.19
1.5.55054.12
1.5.55085.17
1.5.55098.10
1.5.55104.10
1.5.55111.19
1.5.55145.12
1.5.55181.13
1.5.55213.14
1.5.55216.8
1.5.55328.14
1.5.55335.11
1.5.55403.9
1.5.55454.8.2.1
1.5.55475.10
1.5.55574.10
1.5.55587.13
1.5.55592.12
1.5.55593.20
1.5.55598.9
1.5.55600.14
1.5.55609.7
1.5.55613.18
1.5.55666.10
1.5.55671.9
1.5.55691.9
1.5.55694.17
1.5.55779.11
1.5.55789.23
1.5.55865.10
1.5.55870.19
1.5.55871.7
1.5.55927.11
1.5.55929.17
1.5.55963.10
1.5.56017.12
1.5.56024.21
1.5.56037.17
1.5.56080.11
1.5.56127.13
1.5.56135.11
1.5.56157.8
1.5.56182.16
1.5.56187.27
1.5.56213.9
1.5.56221.15
1.5.56226.13
1.5.56227.9
1.5.56230.8
1.5.56232.15
1.5.56242.15
1.5.56249.9
1.5.56256.12
1.5.56286.18
1.5.56294.12
1.5.56318.9
1.5.56319.11
1.5.56381.10
1.5.56393.11
1.5.56404.16.2.1.9.1
1.5.56411.16
1.5.56457.12
1.5.56490.30
1.5.56507.11
1.5.56525.12
1.5.56547.17
1.5.56556.10
1.5.56596.10
1.5.56679.11
1.5.56709.13
1.5.56714.8
1.5.56719.10
1.5.56736.9
1.5.56767.10
1.5.56876.10
1.5.56890.20
1.5.56897.12
1.5.56905.12
1.5.56913.11
1.5.56951.9
1.5.56994.18
1.5.57005.8
1.5.57010.11
1.5.57024.24
1.5.57030.13
1.5.57038.15
1.5.57045.7
1.5.57093.14
1.5.57142.12
1.5.57149.9
1.5.57169.9
1.5.57192.11
1.5.57250.8
1.5.57271.16
1.5.57317.10
1.5.57318.11
1.5.57325.12
1.5.57329.27
1.5.57361.8
1.5.57485.12
1.5.57504.12
1.5.57518.11
1.5.57548.12
1.5.57556.10
1.5.57560.8
1.5.57613.8
1.5.57645.14
1.5.57682.20
1.5.57715.8
1.5.57744.12
1.5.57769.10
1.5.57772.13
1.5.57808.11
1.5.57888.12
1.5.57918.20
1.5.57985.18
1.5.58015.11
1.5.58039.15
1.5.58091.11
1.5.58110.15
1.5.58118.11
1.5.58153.8
1.5.58172.15
1.5.58209.9
1.5.58236.11
1.5.58273.10
1.5.58284.12
1.5.58287.10
1.5.58368.11
1.5.58389.9
1.5.58391.10
1.5.58407.13
1.5.58464.12
1.5.58584.17
1.5.58591.11
1.5.58603.8
1.5.58656.9
1.5.58709.11
1.5.58719.7
1.5.58735.7
1.5.58736.10
1.5.58740.20
1.5.58768.9
1.5.58770.14
1.5.58774.10
1.5.58788.8
1.5.58790.18
1.5.58803.10
1.5.58805.12
1.5.58825.10
1.5.58832.9
1.5.58837.13
1.5.58858.15
1.5.58900.14
1.5.58972.12
1.5.58989.11
1.5.58999.9
1.5.59017.12
1.5.59026.8
1.5.59032.13
1.5.59124.16
1.5.59129.17
1.5.59133.12
1.5.59191.9
1.5.59202.19
1.5.59234.12
1.5.59254.24
1.5.59293.12
1.5.59318.9
1.5.59377.16
1.5.59404.25.2.1.27.5.11.4
1.5.59435.15
1.5.59447.10
1.5.59451.8
1.5.59456.10
1.5.59465.19
1.5.59506.9
1.5.59537.8
1.5.59560.10
1.5.59591.9
1.5.59593.22
1.5.59600.11
1.5.59607.31
1.5.59618.12
1.5.59620.8
1.5.59635.19
1.5.59637.8
1.5.59678.13
1.5.59686.10
1.5.59709.10
1.5.59729.11
1.5.59739.16
1.5.59752.16
1.5.59759.18
1.5.59765.9
1.5.59833.11
1.5.59867.12
1.5.59933.15
1.5.59945.11
1.5.60024.16
1.5.60026.8
1.5.60052.16
1.5.60064.9
1.5.60080.9
1.5.60085.11
1.5.60098.13
1.5.60107.16
1.5.60125.9
1.5.60135.12
1.5.60182.13
1.5.60220.9
1.5.60235.14
1.5.60252.14
1.5.60272.8
1.5.60279.21
1.5.60320.10
1.5.60322.16
1.5.60332.8.2.1.3.3
1.5.60337.12
1.5.60351.20
1.5.60354.13
1.5.60370.9
1.5.60381.9
1.5.60393.9
1.5.60462.9
1.5.60554.15
1.5.60558.14
1.5.60561.7
1.5.60594.10
1.5.60623.15
1.5.60640.17
1.5.60665.13
1.5.60684.22
1.5.60704.14
1.5.60708.8
1.5.60743.10
1.5.60780.8
1.5.60798.11
1.5.60811.9
1.5.60823.13
1.5.60872.20
1.5.60958.12
1.5.60972.10
1.5.60988.10
1.5.61031.11
1.5.61065.11
1.5.61067.29
1.5.61097.11
1.5.61145.9
1.5.61180.9
1.5.61198.11
1.5.61284.11
1.5.61321.18
1.5.61348.12
1.5.61390.11.2.1.14.4.9
1.5.61417.13
1.5.61480.9
1.5.61520.14
1.5.61545.14
1.5.61552.17
1.5.61557.15
1.5.61577.19
1.5.61587.18
1.5.61671.16
1.5.61772.8
1.5.61774.13
1.5.61786.12
1.5.61847.9
1.5.61855.13
1.5.61857.16
1.5.61860.14
1.5.61921.11
1.5.61962.13
1.5.61972.9
1.5.61973.14
1.5.61979.12
1.5.61983.9
1.5.61997.11
1.5.62021.17
1.5.62058.17
1.5.62108.11
1.5.62117.10
1.5.62161.14.2.1
1.5.62162.9
1.5.62200.17
1.5.62213.10
1.5.62219.10
1.5.62234.14
1.5.62267.12
1.5.62303.13
1.5.62335.14
1.5.62338.8
1.5.62415.16
1.5.62432.13
1.5.62464.14
1.5.62511.9
1.5.62534.9
1.5.62585.9
1.5.62596.13
1.5.62616.13
1.5.62619.11
1.5.62631.9
1.5.62641.9
1.5.62660.12
1.5.62661.9
1.5.62726.7
1.5.62730.8
1.5.62736.10
1.5.62738.17
1.5.62745.21
1.5.62754.10
1.5.62764.16
1.5.62868.26
1.5.62906.34
1.5.62941.10
1.5.62954.8
1.5.62989.10
1.5.63029.19
1.5.63030.7
1.5.63169.12
1.5.63176.21
1.5.63189.17
1.5.63232.11
1.5.63303.41
1.5.63374.9
1.5.63380.9
1.5.63382.9
1.5.63413.10
1.5.63425.10
1.5.63455.12
1.5.63491.17
1.5.63499.12
1.5.63523.9
1.5.63524.11
1.5.63590.16
1.5.63657.12
1.5.63684.9
1.5.63723.14
1.5.63750.8
1.5.63802.10
1.5.63811.8
1.5.63822.10
1.5.63831.10
1.5.63836.16
1.5.63891.11
1.5.63921.13
1.5.63926.8
1.5.63927.16
1.5.63944.7
1.5.63948.11
1.5.63972.10
1.5.63988.13
1.5.64093.22
1.5.64100.12
1.5.64108.11
1.5.64189.9
1.5.64232.8
1.5.64245.15
1.5.64252.7
1.5.64301.14
1.5.64355.12
1.5.64362.9
1.5.64382.9
1.5.64408.16
1.5.64466.8
1.5.64527.11
1.5.64528.7
1.5.64545.10
1.5.64546.11
1.5.64553.12
1.5.64557.27
1.5.64589.8
1.5.64712.15
1.5.64738.9
1.5.64772.12
1.5.64780.10
1.5.64784.8
1.5.64836.8
1.5.64883.8
1.5.64885.9
1.5.64886.9
1.5.64945.8
1.5.64971.27
1.5.64996.10
1.5.64999.13
1.5.65032.13
1.5.65109.12
1.5.65131.9
1.5.65136.11
1.5.65205.14
1.5.65264.9
1.5.65274.14
1.5.65276.12
1.5.65283.12
1.5.65305.11
1.5.65322.21
1.5.65351.15
1.5.65359.11
1.5.65394.8
1.5.65447.9
1.5.65474.11
1.5.65513.11
1.5.65542.10
1.5.65548.19
1.5.65632.19
1.5.65642.9
1.5.65644.10
1.5.65663.20
1.5.65667.10
1.5.65677.8
1.5.65730.9
1.5.65776.21
1.5.65824.10
1.5.65850.17
1.5.65857.11
1.5.65869.8
1.5.65914.9
1.5.65967.9
1.5.65972.15
1.5.66012.9
1.5.66015.11
1.5.66028.12
1.5.66038.15
1.5.66079.15
1.5.66083.9
1.5.66088.13
1.5.66147.14
1.5.66218.12
1.5.66235.11
1.5.66245.9
1.5.66263.12
1.5.66272.8
1.5.66278.13
1.5.66337.19
1.5.66345.7
1.5.66359.16
1.5.66364.17
1.5.66368.9
1.5.66427.9
1.5.66438.19
1.5.66497.11
1.5.66504.10
1.5.66540.10
1.5.66619.25.2.1.27.5.11.4
1.5.66678.10
1.5.66687.19
1.5.66756.9
1.5.66842.19
1.5.66844.8
1.5.66885.13
1.5.66893.10
1.5.66916.10
1.5.66936.11
1.5.66946.16
1.5.66959.16
1.5.66966.18
1.5.66972.9
1.5.67040.11
1.5.67080.8
1.5.67159.7
1.5.67170.7
1.5.67195.12
1.5.67202.18
1.5.67207.13
1.5.67208.8
1.5.67242.16
1.5.67244.8
1.5.67270.16
1.5.67282.9
1.5.67328.16
1.5.67346.9
1.5.67356.12
1.5.67409.11
1.5.67434.11
1.5.67444.9
1.5.67446.12
1.5.67465.14
1.5.67482.14
1.5.67502.8
1.5.67509.21
1.5.67550.10
1.5.67552.16
1.5.67562.8.2.1.3.3
1.5.67567.12
1.5.67584.13
1.5.67612.9
1.5.67630.9
1.5.67632.10
1.5.67654.13
1.5.67676.8
1.5.67785.15
1.5.67789.14
1.5.67792.7
1.5.67822.12
1.5.67824.10
1.5.67855.14
1.5.67877.13
1.5.67896.22
1.5.67916.14
1.5.67920.8
1.5.67955.10
1.5.67978.26
1.5.67984.9
1.5.67994.15
1.5.68013.12
1.5.68024.19
1.5.68028.9
1.5.68040.13
1.5.68090.20
1.5.68181.12
1.5.68195.10
1.5.68211.10
1.5.68223.8
1.5.68272.18
1.5.68331.13
1.5.68364.13
1.5.68427.9
1.5.68445.11
1.5.68461.10
1.5.68548.19
1.5.68549.10
1.5.68551.10
1.5.68559.11
1.5.68590.20
1.5.68617.9
1.5.68625.22
1.5.68664.13
1.5.68675.30
1.5.68677.11
1.5.68679.9
1.5.68718.9
1.5.68758.14
1.5.68765.15
1.5.68773.25
1.5.68780.17
1.5.68785.15
1.5.68805.19
1.5.68815.18
1.5.68889.16
1.5.68986.11
1.5.69023.9
1.5.69038.12
1.5.69061.9
1.5.69069.13
1.5.69071.16
1.5.69074.14
1.5.69125.9
1.5.69134.16
1.5.69162.8
1.5.69181.13
1.5.69191.9
1.5.69192.14
1.5.69198.12
1.5.69202.9
1.5.69216.11
1.5.69240.17
1.5.69277.17
1.5.69288.17
1.5.69291.25
1.5.69320.16
1.5.69323.9
1.5.69332.10
1.5.69376.12
1.5.69407.17
1.5.69420.10
1.5.69426.10
1.5.69441.14
1.5.69474.12
1.5.69480.12
1.5.69492.10
1.5.69514.9
1.5.69536.14
1.5.69539.8
1.5.69568.9
1.5.69616.16
1.5.69645.14.2.1.25.7
1.5.69679.16
1.5.69692.18
1.5.69726.9
1.5.69778.16
1.5.69799.13
1.5.69802.11
1.5.69814.9
1.5.69897.23
1.5.69900.13
1.5.69903.27
1.5.69913.7
1.5.69917.8
1.5.69930.10
1.5.69937.14
1.5.70067.14
1.5.70138.23
1.5.70217.24
1.5.70252.8
1.5.70260.11
1.5.70262.17
1.5.70353.12
1.5.70360.21
1.5.70373.17
1.5.70416.11
1.5.70487.41
1.5.70558.9
1.5.70564.9
1.5.70566.9
1.5.70597.10
1.5.70609.10
1.5.70639.12
1.5.70700.9
1.5.70701.11
1.5.70740.15
1.5.70767.11
1.5.70778.16.2.1.9.1
1.5.70785.16
1.5.70832.12
1.5.70865.30
1.5.70882.11
1.5.70900.12
1.5.70928.24
1.5.70931.8
1.5.70937.11
1.5.70973.10
1.5.71009.14
1.5.71063.11
1.5.71093.13
1.5.71098.8
1.5.71099.16
1.5.71116.7
1.5.71120.11
1.5.71144.10
1.5.71217.14
1.5.71219.17
1.5.71226.10
1.5.71228.15
1.5.71231.8
1.5.71252.10
1.5.71271.12
1.5.71279.11
1.5.71317.9
1.5.71360.18
1.5.71371.8
1.5.71376.11
1.5.71399.13
1.5.71407.15
1.5.71414.7
1.5.71462.14
1.5.71516.12
1.5.71523.9
1.5.71543.9
1.5.71606.8
1.5.71660.11
1.5.71661.7
1.5.71678.10
1.5.71679.11
1.5.71686.12
1.5.71690.27
1.5.71765.14
1.5.71778.15.2.1.5.3
1.5.71841.10
1.5.71853.9
1.5.71875.15
1.5.71901.9
1.5.71935.12
1.5.71943.10
1.5.71947.8
1.5.72000.8
1.6.31.7
1.6.100.7
1.6.119.7
1.6.197.7
1.6.219.7
1.6.234.7
1.6.252.7
1.6.265.7
1.6.271.7
1.6.287.7
1.6.294.7
1.6.295.7
1.6.314.7
1.6.317.7
1.6.327.7
1.6.350.7
1.6.366.7
1.6.367.7
1.6.375.7
1.6.422.7
1.6.436.7
1.6.463.7
1.6.509.7
1.6.523.7
1.6.533.7
1.6.543.7
1.6.573.7
1.6.602.7
1.6.607.7
1.6.610.7
1.6.673.7
1.6.685.7
1.6.715.7
1.6.809.7
1.6.829.7
1.6.850.7
1.6.869.7
1.6.955.7
1.6.967.7
1.6.968.7
1.6.977.7
1.6.989.7
1.6.1003.7
1.6.1014.7
1.6.1035.7
1.6.1053.7
1.6.1069.7
1.6.1079.7
1.6.1082.7
1.6.1085.7
1.6.1095.7
1.6.1101.7
1.6.1141.7
1.6.1149.7
1.6.1194.7
1.6.1277.7
1.6.1286.7
1.6.1324.7
1.6.1360.7
1.6.1380.7
1.6.1418.7
1.6.1425.7
1.6.1442.7
1.6.1469.7
1.6.1519.7
1.6.1560.7
1.6.1619.7
1.6.1657.7
1.6.1732.7
1.6.1733.7
1.6.1751.7
1.6.1789.7
1.6.1805.7
1.6.1817.7
1.6.1823.7
1.6.1828.7
1.6.1865.7
1.6.1876.7
1.6.1899.7
1.6.1906.7
1.6.1910.7
1.6.1921.7
1.6.1927.7
1.6.1951.7
1.6.1963.7
1.6.1993.7
1.6.2052.7
1.6.2062.7
1.6.2071.7
1.6.2078.7
1.6.2082.7
1.6.2086.7
1.6.2106.7
1.6.2113.7
1.6.2125.7
1.6.2137.7
1.6.2158.7
1.6.2163.7
1.6.2170.7
1.6.2202.7
1.6.2231.7
1.6.2249.7
1.6.2263.7
1.6.2266.7
1.6.2307.7
1.6.2308.7
1.6.2324.7
1.6.2340.7
1.6.2354.7
1.6.2413.7
1.6.2443.7
1.6.2479.7
1.6.2480.7
1.6.2486.7
1.6.2487.7
1.6.2489.7
1.6.2524.7
1.6.2573.7
1.6.2595.7
1.6.2617.7
1.6.2681.7
1.6.2684.7
1.6.2710.7
1.6.2723.7
1.6.2748.7
1.6.2765.7
1.6.2893.7
1.6.2899.7
1.6.2915.7
1.6.2927.7
1.6.2943.7
1.6.2956.7
1.6.2970.7
1.6.2973.7
1.6.2997.7
1.6.3012.7
1.6.3042.7
1.6.3045.7
1.6.3082.7
1.6.3190.7
1.6.3246.7
1.6.3255.7
1.6.3282.7
1.6.3285.7
1.6.3292.7
1.6.3316.7
1.6.3326.7
1.6.3336.7
1.6.3345.7
1.6.3408.7
1.6.3421.7
1.6.3461.7
1.6.3470.7
1.6.3498.7
1.6.3542.7
1.6.3570.7
1.6.3618.7
1.6.3630.7
1.6.3632.7
1.6.3674.7
1.6.3692.7
1.6.3698.7
1.6.3760.7
1.6.3782.7
1.6.3808.7
1.6.3835.7
1.6.3920.7
1.6.3979.7
1.6.3983.7
1.6.4004.7
1.6.4033.7
1.6.4036.7
1.6.4059.7
1.6.4088.7
1.6.4124.7
1.6.4206.7
1.6.4238.7
1.6.4255.7
1.6.4298.7
1.6.4321.7
1.6.4323.7
1.6.4325.8.2.1.17.7.8
1.6.4401.7
1.6.4410.7
1.6.4447.7
1.6.4476.7
1.6.4479.7
1.6.4494.7
1.6.4527.7
1.6.4531.7
1.6.4580.7
1.6.4581.7
1.6.4588.7
1.6.4589.7
1.6.4591.7
1.6.4618.7
1.6.4637.7
1.6.4643.7
1.6.4646.7
1.6.4683.7
1.6.4711.7
1.6.4717.7
1.6.4764.7
1.6.4771.7
1.6.4790.7
1.6.4834.7
1.6.4857.7
1.6.4867.7
1.6.4869.7
1.6.4885.7
1.6.4921.7
1.6.4950.7
1.6.4958.7
1.6.4971.7
1.6.4973.7
1.6.5030.7
1.6.5036.7
1.6.5101.7
1.6.5106.7
1.6.5118.7
1.6.5125.7
1.6.5155.7
1.6.5156.7
1.6.5158.7
1.6.5173.7
1.6.5187.7
1.6.5193.7
1.6.5210.7
1.6.5224.7
1.6.5254.7
1.6.5268.7
1.6.5272.7
1.6.5279.7
1.6.5303.7
1.6.5357.7
1.6.5409.7
1.6.5421.7
1.6.5443.7
1.6.5457.7
1.6.5462.7
1.6.5474.7
1.6.5481.7
1.6.5484.7
1.6.5511.7
1.6.5518.7
1.6.5521.7
1.6.5533.7
1.6.5586.7
1.6.5628.7
1.6.5633.7
1.6.5656.8.2.1
1.6.5683.7
1.6.5721.7
1.6.5809.7
1.6.5811.7
1.6.5903.7
1.6.6016.7
1.6.6021.7
1.6.6115.7
1.6.6143.7
1.6.6155.7
1.6.6171.7
1.6.6194.8.2.1
1.6.6265.7
1.6.6350.7
1.6.6358.7
1.6.6359.7
1.6.6360.7
1.6.6378.7
1.6.6384.7
1.6.6393.7
1.6.6394.7
1.6.6397.7
1.6.6398.7
1.6.6443.7
1.6.6447.7
1.6.6451.7
1.6.6468.7
1.6.6476.7
1.6.6491.7
1.6.6492.7
1.6.6505.7
1.6.6542.7
1.6.6543.7
1.6.6548.7
1.6.6550.7
1.6.6559.7
1.6.6581.7
1.6.6594.7
1.6.6600.7
1.6.6620.7
1.6.6638.7
1.6.6648.7
1.6.6753.7
1.6.6754.7
1.6.6756.7
1.6.6759.7
1.6.6773.7
1.6.6774.7
1.6.6785.7
1.6.6817.7
1.6.6838.7
1.6.6854.7
1.6.6865.7
1.6.6898.7
1.6.6912.7
1.6.6917.7
1.6.6965.7
1.6.7030.7
1.6.7045.7
1.6.7052.7
1.6.7062.7
1.6.7063.7
1.6.7076.7
1.6.7106.7
1.6.7146.7
1.6.7152.7
1.6.7174.7
1.6.7203.7
1.6.7208.7
1.6.7280.7
1.6.7299.7
1.6.7300.7
1.6.7313.7
1.6.7355.7
1.6.7376.7
1.6.7414.7
1.6.7415.7
1.6.7445.7
1.6.7455.7
1.6.7493.7
1.6.7527.7
1.6.7571.7
1.6.7592.7
1.6.7641.7
1.6.7699.7
1.6.7713.7
1.6.7730.7
1.6.7733.7
1.6.7751.7
1.6.7762.7
1.6.7789.7
1.6.7817.7
1.6.7840.7
1.6.7848.7
1.6.7849.7
1.6.7891.7
1.6.7894.7
1.6.7901.8.2.1.4.1.1.1
1.6.7946.7
1.6.7947.7
1.6.7981.7
1.6.7993.7
1.6.8004.7
1.6.8007.7
1.6.8028.7
1.6.8081.7
1.6.8098.7
1.6.8101.7
1.6.8151.7
1.6.8192.7
1.6.8217.7
1.6.8226.7
1.6.8263.7
1.6.8342.7
1.6.8364.7
1.6.8379.7
1.6.8397.7
1.6.8410.7
1.6.8416.7
1.6.8432.7
1.6.8444.7
1.6.8468.7
1.6.8471.7
1.6.8499.7
1.6.8510.7
1.6.8605.7
1.6.8621.7
1.6.8657.7
1.6.8708.7
1.6.8716.7
1.6.8841.7
1.6.8853.7
1.6.8883.7
1.6.8913.7
1.6.8958.7
1.6.8978.7
1.6.9001.7
1.6.9023.7
1.6.9030.7
1.6.9047.7
1.6.9064.7
1.6.9125.7
1.6.9137.7
1.6.9138.7
1.6.9147.7
1.6.9159.7
1.6.9173.7
1.6.9184.7
1.6.9205.7
1.6.9223.7
1.6.9237.7
1.6.9250.7
1.6.9254.7
1.6.9287.7
1.6.9291.7
1.6.9306.7
1.6.9317.7
1.6.9328.7
1.6.9340.7
1.6.9366.7
1.6.9381.7
1.6.9405.7
1.6.9447.7
1.6.9480.7
1.6.9483.7
1.6.9486.7
1.6.9497.7
1.6.9512.7
1.6.9548.7
1.6.9563.7
1.6.9565.7
1.6.9566.7
1.6.9575.7
1.6.9587.7
1.6.9604.7
1.6.9626.7
1.6.9633.7
1.6.9650.7
1.6.9678.7
1.6.9728.7
1.6.9769.7
1.6.9795.7
1.6.9842.7
1.6.9878.7
1.6.9911.7
1.6.9965.7
1.6.9966.7
1.6.9984.7
1.6.9987.7
1.6.9990.7
1.6.9991.7
1.6.9997.7
1.6.10030.7
1.6.10046.7
1.6.10058.7
1.6.10064.7
1.6.10104.7
1.6.10115.7
1.6.10138.7
1.6.10145.7
1.6.10149.7
1.6.10160.7
1.6.10166.7
1.6.10184.7
1.6.10226.7
1.6.10285.7
1.6.10295.7
1.6.10304.7
1.6.10311.7
1.6.10315.7
1.6.10319.7
1.6.10339.7
1.6.10346.7
1.6.10358.7
1.6.10370.7
1.6.10432.7
1.6.10455.7
1.6.10467.7
1.6.10476.7
1.6.10482.7
1.6.10536.7
1.6.10537.7
1.6.10553.7
1.6.10569.7
1.6.10583.7
1.6.10642.7
1.6.10673.7
1.6.10709.7
1.6.10710.7
1.6.10716.7
1.6.10717.7
1.6.10719.7
1.6.10754.7
1.6.10804.7
1.6.10826.7
1.6.10848.7
1.6.10881.7
1.6.10963.7
1.6.10988.7
1.6.11005.7
1.6.11040.7
1.6.11050.7
1.6.11102.7
1.6.11125.7
1.6.11131.7
1.6.11138.7
1.6.11141.7
1.6.11157.7
1.6.11171.7
1.6.11188.7
1.6.11202.7
1.6.11205.7
1.6.11229.7
1.6.11244.7
1.6.11274.7
1.6.11277.7
1.6.11314.7
1.6.11344.7
1.6.11353.7
1.6.11419.7
1.6.11465.7
1.6.11479.7
1.6.11489.7
1.6.11506.7
1.6.11513.7
1.6.11516.7
1.6.11551.7
1.6.11561.7
1.6.11571.7
1.6.11593.7
1.6.11647.7
1.6.11660.7
1.6.11722.7
1.6.11766.7
1.6.11794.7
1.6.11842.7
1.6.11846.7
1.6.11848.7
1.6.11890.7
1.6.11908.7
1.6.11914.7
1.6.11976.7
1.6.11998.7
1.6.12024.7
1.6.12051.7
1.6.12086.7
1.6.12118.7
1.6.12145.7
1.6.12149.7
1.6.12203.7
1.6.12227.7
1.6.12261.7
1.6.12347.7
1.6.12348.7
1.6.12360.7
1.6.12399.7
1.6.12408.7
1.6.12442.7
1.6.12462.7
1.6.12479.7
1.6.12522.7
1.6.12545.7
1.6.12547.7
1.6.12549.8.2.1.17.7.8
1.6.12626.7
1.6.12635.7
1.6.12639.7
1.6.12719.7
1.6.12725.7
1.6.12726.7
1.6.12762.7
1.6.12766.7
1.6.12777.7
1.6.12816.7
1.6.12817.7
1.6.12824.7
1.6.12825.7
1.6.12827.7
1.6.12854.7
1.6.12873.7
1.6.12879.7
1.6.12882.7
1.6.12919.7
1.6.12948.7
1.6.12954.7
1.6.12959.7
1.6.12966.7
1.6.12985.7
1.6.13014.7
1.6.13026.7
1.6.13033.7
1.6.13075.7
1.6.13098.7
1.6.13108.7
1.6.13110.7
1.6.13126.7
1.6.13162.7
1.6.13254.7
1.6.13256.7
1.6.13279.7
1.6.13337.7
1.6.13345.7
1.6.13357.7
1.6.13382.7
1.6.13398.7
1.6.13412.7
1.6.13418.7
1.6.13435.7
1.6.13449.7
1.6.13479.7
1.6.13493.7
1.6.13497.7
1.6.13504.7
1.6.13581.7
1.6.13638.7
1.6.13663.7
1.6.13677.7
1.6.13682.7
1.6.13694.7
1.6.13701.7
1.6.13704.7
1.6.13731.7
1.6.13789.8.2.1
1.6.13858.7
1.6.13864.7
1.6.13886.7
1.6.13908.7
1.6.13956.7
1.6.13981.7
1.6.14013.7
1.6.14029.7
1.6.14031.7
1.6.14049.7
1.6.14051.7
1.6.14067.7
1.6.14103.7
1.6.14185.7
1.6.14193.7
1.6.14200.7
1.6.14270.7
1.6.14281.7
1.6.14343.7
1.6.14413.7
1.6.14416.7
1.6.14420.7
1.6.14422.7
1.6.14471.7
1.6.14527.7
1.6.14564.7
1.6.14565.7
1.6.14566.7
1.6.14584.7
1.6.14590.7
1.6.14599.7
1.6.14600.7
1.6.14603.7
1.6.14604.7
1.6.14639.7
1.6.14663.7
1.6.14667.7
1.6.14671.7
1.6.14704.7
1.6.14735.7
1.6.14761.7
1.6.14762.7
1.6.14767.7
1.6.14769.7
1.6.14779.7
1.6.14806.7
1.6.14843.7
1.6.14896.7
1.6.14994.7
1.6.15001.7
1.6.15010.7
1.6.15011.7
1.6.15051.7
1.6.15141.7
1.6.15148.7
1.6.15165.7
1.6.15189.7
1.6.15196.7
1.6.15251.7
1.6.15282.7
1.6.15291.7
1.6.15328.7
1.6.15377.7
1.6.15383.7
1.6.15405.7
1.6.15434.7
1.6.15439.7
1.6.15511.7
1.6.15530.7
1.6.15531.7
1.6.15544.7
1.6.15586.7
1.6.15607.7
1.6.15647.7
1.6.15648.7
1.6.15678.7
1.6.15688.7
1.6.15705.7
1.6.15728.7
1.6.15762.7
1.6.15808.7
1.6.15813.7
1.6.15816.7
1.6.15831.7
1.6.15862.7
1.6.15893.7
1.6.15901.7
1.6.15934.7
1.6.15966.7
1.6.15973.7
1.6.15980.7
1.6.16007.7
1.6.16009.7
1.6.16011.7
1.6.16073.7
1.6.16081.7
1.6.16082.7
1.6.16124.7
1.6.16127.7
1.6.16134.8.2.1.4.1.1.1
1.6.16162.7
1.6.16163.7
1.6.16175.7
1.6.16176.7
1.6.16210.7
1.6.16222.7
1.6.16233.7
1.6.16236.7
1.6.16276.7
1.6.16307.7
1.6.16324.7
1.6.16327.7
1.6.16377.7
1.6.16414.7
1.6.16455.7
1.6.16457.7
1.6.16471.7
1.6.16485.7
1.6.16571.7
1.6.16593.7
1.6.16607.7
1.6.16625.7
1.6.16638.7
1.6.16644.7
1.6.16660.7
1.6.16672.7
1.6.16696.7
1.6.16699.7
1.6.16738.7
1.6.16814.7
1.6.16843.7
1.6.16859.7
1.6.16895.7
1.6.16946.7
1.6.16965.7
1.6.17007.7
1.6.17017.7
1.6.17068.7
1.6.17098.7
1.6.17139.7
1.6.17162.7
1.6.17171.7
1.6.17191.7
1.6.17214.7
1.6.17242.7
1.6.17344.7
1.6.17361.7
1.6.17372.7
1.6.17383.7
1.6.17422.7
1.6.17449.7
1.6.17459.7
1.6.17492.7
1.6.17496.7
1.6.17511.7
1.6.17522.7
1.6.17533.7
1.6.17545.7
1.6.17571.7
1.6.17584.7
1.6.17610.7
1.6.17652.7
1.6.17676.7
1.6.17685.7
1.6.17711.7
1.6.17712.7
1.6.17729.7
1.6.17753.8.2.1.7.2
1.6.17767.7
1.6.17782.7
1.6.17784.7
1.6.17785.7
1.6.17794.7
1.6.17806.7
1.6.17819.7
1.6.17820.7
1.6.17847.7
1.6.17854.7
1.6.17871.7
1.6.17901.7
1.6.17951.7
1.6.17992.7
1.6.18018.7
1.6.18065.7
1.6.18099.7
1.6.18168.7
1.6.18205.7
1.6.18213.7
1.6.18233.7
1.6.18311.7
1.6.18322.7
1.6.18345.7
1.6.18352.7
1.6.18356.7
1.6.18367.7
1.6.18373.7
1.6.18391.7
1.6.18482.7
1.6.18492.7
1.6.18501.7
1.6.18508.7
1.6.18512.7
1.6.18516.7
1.6.18536.7
1.6.18543.7
1.6.18555.7
1.6.18567.7
1.6.18625.7
1.6.18671.7
1.6.18752.7
1.6.18753.7
1.6.18769.7
1.6.18785.7
1.6.18800.7
1.6.18811.7
1.6.18825.7
1.6.18862.7
1.6.18893.7
1.6.18930.7
1.6.18931.7
1.6.18937.7
1.6.18938.7
1.6.18940.7
1.6.18975.7
1.6.19074.7
1.6.19100.7
1.6.19114.7
1.6.19191.7
1.6.19216.7
1.6.19233.7
1.6.19282.7
1.6.19336.7
1.6.19379.7
1.6.19413.7
1.6.19427.7
1.6.19430.7
1.6.19454.7
1.6.19469.7
1.6.19499.7
1.6.19502.7
1.6.19567.7
1.6.19576.7
1.6.19596.7
1.6.19598.7
1.6.19639.7
1.6.19685.7
1.6.19699.7
1.6.19709.7
1.6.19726.7
1.6.19733.7
1.6.19736.7
1.6.19744.7
1.6.19807.7
1.6.19809.7
1.6.19818.7
1.6.19891.7
1.6.19925.7
1.6.19946.8.2.1.12
1.6.19947.7
1.6.19950.7
1.6.19959.7
1.6.20020.7
1.6.20032.7
1.6.20034.7
1.6.20076.7
1.6.20094.7
1.6.20100.7
1.6.20162.7
1.6.20184.7
1.6.20210.7
1.6.20218.7
1.6.20234.7
1.6.20269.7
1.6.20317.7
1.6.20318.7
1.6.20380.7
1.6.20404.7
1.6.20460.7
1.6.20500.7
1.6.20501.7
1.6.20524.7
1.6.20525.7
1.6.20537.7
1.6.20591.7
1.6.20615.7
1.6.20683.7
1.6.20700.7
1.6.20719.7
1.6.20728.8.2.1.10
1.6.20758.7
1.6.20759.7
1.6.20762.7
1.6.20826.7
1.6.20834.7
1.6.20872.7
1.6.20903.7
1.6.20906.7
1.6.20921.7
1.6.20954.7
1.6.20958.7
1.6.20992.7
1.6.21007.7
1.6.21008.7
1.6.21015.7
1.6.21016.7
1.6.21018.7
1.6.21045.7
1.6.21064.7
1.6.21070.7
1.6.21073.7
1.6.21112.7
1.6.21123.7
1.6.21130.7
1.6.21135.7
1.6.21136.7
1.6.21142.7
1.6.21182.7
1.6.21197.7
1.6.21204.7
1.6.21223.7
1.6.21251.7
1.6.21274.7
1.6.21284.7
1.6.21286.7
1.6.21302.7
1.6.21338.7
1.6.21346.7
1.6.21353.7
1.6.21361.7
1.6.21365.7
1.6.21392.7
1.6.21441.7
1.6.21443.7
1.6.21466.7
1.6.21524.7
1.6.21532.7
1.6.21544.7
1.6.21565.7
1.6.21566.7
1.6.21568.7
1.6.21583.7
1.6.21597.7
1.6.21603.7
1.6.21620.7
1.6.21634.7
1.6.21664.7
1.6.21703.7
1.6.21711.7
1.6.21765.7
1.6.21817.7
1.6.21829.7
1.6.21846.7
1.6.21913.7
1.6.21920.7
1.6.21923.7
1.6.21935.7
1.6.21972.7
1.6.21988.7
1.6.21994.7
1.6.22013.7
1.6.22018.7
1.6.22041.8.2.1
1.6.22068.7
1.6.22090.7
1.6.22138.7
1.6.22161.7
1.6.22174.7
1.6.22207.7
1.6.22233.7
1.6.22235.7
1.6.22242.7
1.6.22287.7
1.6.22400.7
1.6.22405.7
1.6.22444.7
1.6.22455.7
1.6.22504.7
1.6.22543.7
1.6.22544.7
1.6.22552.7
1.6.22572.7
1.6.22589.7
1.6.22595.7
1.6.22597.7
1.6.22623.7
1.6.22626.7
1.6.22627.7
1.6.22631.7
1.6.22632.7
1.6.22667.7
1.6.22757.7
1.6.22758.7
1.6.22778.7
1.6.22784.7
1.6.22793.7
1.6.22794.7
1.6.22797.7
1.6.22798.7
1.6.22843.7
1.6.22847.7
1.6.22851.7
1.6.22884.7
1.6.22919.7
1.6.22921.7
1.6.22946.7
1.6.22947.7
1.6.22952.7
1.6.22954.7
1.6.22964.7
1.6.22986.7
1.6.22999.7
1.6.23005.7
1.6.23025.7
1.6.23075.7
1.6.23231.7
1.6.23249.7
1.6.23254.7
1.6.23262.7
1.6.23264.7
1.6.23285.7
1.6.23344.7
1.6.23351.7
1.6.23404.7
1.6.23435.7
1.6.23444.7
1.6.23454.7
1.6.23455.7
1.6.23468.7
1.6.23498.7
1.6.23535.7
1.6.23541.7
1.6.23563.7
1.6.23585.7
1.6.23654.7
1.6.23675.7
1.6.23703.7
1.6.23704.7
1.6.23716.7
1.6.23722.7
1.6.23767.7
1.6.23786.7
1.6.23802.7
1.6.23818.7
1.6.23822.7
1.6.23867.7
1.6.23872.7
1.6.23898.7
1.6.23932.7
1.6.23978.7
1.6.23983.7
1.6.23986.7
1.6.24001.7
1.6.24050.7
1.6.24111.7
1.6.24132.7
1.6.24152.7
1.6.24169.7
1.6.24176.7
1.6.24183.7
1.6.24210.7
1.6.24212.7
1.6.24214.7
1.6.24253.7
1.6.24261.7
1.6.24262.7
1.6.24309.8.2.1.4.1.1.1
1.6.24354.7
1.6.24355.7
1.6.24389.7
1.6.24401.7
1.6.24412.7
1.6.24415.7
1.6.24455.7
1.6.24486.7
1.6.24503.7
1.6.24506.7
1.6.24554.7
1.6.24596.7
1.6.24618.7
1.6.24684.7
1.6.24696.7
1.6.24782.7
1.6.24804.7
1.6.24818.7
1.6.24836.7
1.6.24849.7
1.6.24855.7
1.6.24871.7
1.6.24883.7
1.6.24907.7
1.6.24910.7
1.6.24920.7
1.6.24932.7
1.6.24943.7
1.6.24994.7
1.6.25008.7
1.6.25035.7
1.6.25081.7
1.6.25095.7
1.6.25118.7
1.6.25126.7
1.6.25256.7
1.6.25286.7
1.6.25316.7
1.6.25380.7
1.6.25400.7
1.6.25421.7
1.6.25440.7
1.6.25530.7
1.6.25547.7
1.6.25566.7
1.6.25577.7
1.6.25598.7
1.6.25612.7
1.6.25626.7
1.6.25636.7
1.6.25668.7
1.6.25672.7
1.6.25687.7
1.6.25698.7
1.6.25709.7
1.6.25721.7
1.6.25736.7
1.6.25748.7
1.6.25806.7
1.6.25818.7
1.6.25827.7
1.6.25863.7
1.6.25866.7
1.6.25869.7
1.6.25880.7
1.6.25895.7
1.6.25931.7
1.6.25946.7
1.6.25948.7
1.6.25949.7
1.6.25958.7
1.6.25970.7
1.6.25983.7
1.6.25984.7
1.6.26011.7
1.6.26033.7
1.6.26040.7
1.6.26070.7
1.6.26120.7
1.6.26161.7
1.6.26234.7
1.6.26270.7
1.6.26345.7
1.6.26346.7
1.6.26364.7
1.6.26367.7
1.6.26370.7
1.6.26371.7
1.6.26408.7
1.6.26456.7
1.6.26469.7
1.6.26480.7
1.6.26503.7
1.6.26510.7
1.6.26514.7
1.6.26525.7
1.6.26531.7
1.6.26555.7
1.6.26567.7
1.6.26597.7
1.6.26656.7
1.6.26666.7
1.6.26675.7
1.6.26682.7
1.6.26686.7
1.6.26691.7
1.6.26702.7
1.6.26731.7
1.6.26743.7
1.6.26755.7
1.6.26777.7
1.6.26787.7
1.6.26791.7
1.6.26798.7
1.6.26821.7
1.6.26870.7
1.6.26920.7
1.6.26923.7
1.6.26962.7
1.6.26976.7
1.6.26983.7
1.6.27041.7
1.6.27072.7
1.6.27084.7
1.6.27111.7
1.6.27112.7
1.6.27123.7
1.6.27153.7
1.6.27252.7
1.6.27278.7
1.6.27292.7
1.6.27368.7
1.6.27391.8.2.1
1.6.27393.7
1.6.27410.7
1.6.27459.7
1.6.27513.7
1.6.27599.7
1.6.27613.7
1.6.27616.7
1.6.27640.7
1.6.27655.7
1.6.27685.7
1.6.27688.7
1.6.27807.7
1.6.27810.7
1.6.27829.7
1.6.27831.7
1.6.27840.7
1.6.27851.7
1.6.27874.7
1.6.27908.7
1.6.27937.7
1.6.27943.7
1.6.27965.7
1.6.27967.7
1.6.28008.7
1.6.28010.7
1.6.28019.7
1.6.28068.7
1.6.28081.7
1.6.28121.7
1.6.28130.7
1.6.28158.7
1.6.28202.7
1.6.28230.7
1.6.28290.7
1.6.28294.7
1.6.28296.7
1.6.28338.7
1.6.28356.7
1.6.28362.7
1.6.28424.7
1.6.28446.7
1.6.28472.7
1.6.28517.7
1.6.28583.7
1.6.28642.7
1.6.28646.7
1.6.28667.7
1.6.28728.7
1.6.28764.7
1.6.28775.7
1.6.28793.7
1.6.28807.7
1.6.28808.7
1.6.28820.7
1.6.28840.7
1.6.28856.7
1.6.28865.7
1.6.28904.7
1.6.28958.7
1.6.28976.7
1.6.28979.7
1.6.28994.7
1.6.29003.8.2.1.10
1.6.29082.7
1.6.29130.7
1.6.29159.7
1.6.29162.7
1.6.29196.7
1.6.29210.7
1.6.29237.7
1.6.29239.7
1.6.29316.7
1.6.29335.7
1.6.29358.7
1.6.29379.7
1.6.29419.7
1.6.29450.7
1.6.29456.7
1.6.29461.7
1.6.29468.7
1.6.29500.7
1.6.29502.7
1.6.29511.7
1.6.29535.7
1.6.29563.7
1.6.29586.7
1.6.29596.7
1.6.29598.7
1.6.29614.7
1.6.29650.7
1.6.29747.7
1.6.29749.7
1.6.29772.7
1.6.29812.7
1.6.29832.7
1.6.29840.7
1.6.29852.7
1.6.29873.7
1.6.29874.7
1.6.29876.7
1.6.29891.7
1.6.29905.7
1.6.29911.7
1.6.29928.7
1.6.29942.7
1.6.29972.7
1.6.29986.7
1.6.29990.7
1.6.29997.7
1.6.30020.7
1.6.30074.7
1.6.30131.7
1.6.30212.7
1.6.30219.7
1.6.30221.7
1.6.30223.7
1.6.30224.7
1.6.30232.7
1.6.30275.8.2.1
1.6.30322.7
1.6.30327.7
1.6.30350.8.2.1
1.6.30377.7
1.6.30395.7
1.6.30418.7
1.6.30443.7
1.6.30498.7
1.6.30502.7
1.6.30525.7
1.6.30527.7
1.6.30543.7
1.6.30579.7
1.6.30661.7
1.6.30669.7
1.6.30676.7
1.6.30681.7
1.6.30694.7
1.6.30716.7
1.6.30796.7
1.6.30824.7
1.6.30836.7
1.6.30852.7
1.6.30867.7
1.6.30876.7
1.6.30892.7
1.6.30906.7
1.6.30910.7
1.6.30912.7
1.6.30957.7
1.6.31033.7
1.6.31034.7
1.6.31054.7
1.6.31060.7
1.6.31069.7
1.6.31070.7
1.6.31073.7
1.6.31074.7
1.6.31109.7
1.6.31133.7
1.6.31137.7
1.6.31141.7
1.6.31174.7
1.6.31206.7
1.6.31207.7
1.6.31208.7
1.6.31233.7
1.6.31234.7
1.6.31239.7
1.6.31241.7
1.6.31250.7
1.6.31272.7
1.6.31285.7
1.6.31291.7
1.6.31304.7
1.6.31406.7
1.6.31416.7
1.6.31419.7
1.6.31487.7
1.6.31503.7
1.6.31524.7
1.6.31540.7
1.6.31551.7
1.6.31567.7
1.6.31576.7
1.6.31623.7
1.6.31643.7
1.6.31650.7
1.6.31705.7
1.6.31740.7
1.6.31765.7
1.6.31814.7
1.6.31820.7
1.6.31842.7
1.6.31871.7
1.6.31876.7
1.6.31887.7
1.6.31889.7
1.6.31924.7
1.6.31945.7
1.6.31973.7
1.6.31974.7
1.6.31987.7
1.6.32029.7
1.6.32050.7
1.6.32088.7
1.6.32089.7
1.6.32119.7
1.6.32129.7
1.6.32167.7
1.6.32201.7
1.6.32245.7
1.6.32266.7
1.6.32315.7
1.6.32375.7
1.6.32407.7
1.6.32424.7
1.6.32431.7
1.6.32438.7
1.6.32465.7
1.6.32467.7
1.6.32469.7
1.6.32541.7
1.6.32545.7
1.6.32576.7
1.6.32579.7
1.6.32586.8.2.1.4.1.1.1
1.6.32614.7
1.6.32615.7
1.6.32627.7
1.6.32628.7
1.6.32641.7
1.6.32655.7
1.6.32667.7
1.6.32701.7
1.6.32725.7
1.6.32756.7
1.6.32773.7
1.6.32776.7
1.6.32821.7
1.6.32831.7
1.6.32868.7
1.6.32920.7
1.6.33008.7
1.6.33030.7
1.6.33045.7
1.6.33063.7
1.6.33076.7
1.6.33082.7
1.6.33098.7
1.6.33110.7
1.6.33134.7
1.6.33137.7
1.6.33147.7
1.6.33170.7
1.6.33269.7
1.6.33285.7
1.6.33321.7
1.6.33372.7
1.6.33380.7
1.6.33455.7
1.6.33504.7
1.6.33517.7
1.6.33547.7
1.6.33577.7
1.6.33641.7
1.6.33661.7
1.6.33682.7
1.6.33772.7
1.6.33782.7
1.6.33823.7
1.6.33834.7
1.6.33855.7
1.6.33869.7
1.6.33874.7
1.6.33884.7
1.6.33894.7
1.6.33897.7
1.6.33927.7
1.6.33931.7
1.6.33960.7
1.6.33968.7
1.6.34011.7
1.6.34037.7
1.6.34081.7
1.6.34105.7
1.6.34114.7
1.6.34140.7
1.6.34141.7
1.6.34158.7
1.6.34194.7
1.6.34214.7
1.6.34252.7
1.6.34259.7
1.6.34276.7
1.6.34306.7
1.6.34356.7
1.6.34397.7
1.6.34470.7
1.6.34506.7
1.6.34561.7
1.6.34591.7
1.6.34614.7
1.6.34634.7
1.6.34682.7
1.6.34695.7
1.6.34706.7
1.6.34729.7
1.6.34736.7
1.6.34740.7
1.6.34751.7
1.6.34757.7
1.6.34775.7
1.6.34839.7
1.6.34855.7
1.6.34886.7
1.6.34915.7
1.6.34919.7
1.6.34929.7
1.6.34941.7
1.6.34953.7
1.6.34975.7
1.6.34985.7
1.6.34989.7
1.6.34996.7
1.6.35000.7
1.6.35023.7
1.6.35052.7
1.6.35064.7
1.6.35068.7
1.6.35081.7
1.6.35084.7
1.6.35125.7
1.6.35126.7
1.6.35142.7
1.6.35158.7
1.6.35234.7
1.6.35265.7
1.6.35301.7
1.6.35302.7
1.6.35308.7
1.6.35309.7
1.6.35311.7
1.6.35346.7
1.6.35445.7
1.6.35471.7
1.6.35485.7
1.6.35551.7
1.6.35564.7
1.6.35579.7
1.6.35585.8.2.1
1.6.35587.7
1.6.35604.7
1.6.35639.7
1.6.35649.7
1.6.35670.7
1.6.35672.7
1.6.35714.7
1.6.35740.7
1.6.35803.7
1.6.35817.7
1.6.35820.7
1.6.35867.7
1.6.35868.7
1.6.35891.7
1.6.35894.7
1.6.35951.7
1.6.35960.7
1.6.35980.7
1.6.35982.7
1.6.36037.7
1.6.36055.7
1.6.36097.7
1.6.36126.7
1.6.36150.7
1.6.36160.7
1.6.36170.7
1.6.36182.7
1.6.36310.7
1.6.36354.7
1.6.36382.7
1.6.36430.7
1.6.36442.7
1.6.36444.7
1.6.36486.7
1.6.36504.7
1.6.36510.7
1.6.36572.7
1.6.36594.7
1.6.36620.7
1.6.36647.7
1.6.36682.7
1.6.36715.7
1.6.36741.7
1.6.36803.7
1.6.36807.7
1.6.36828.7
1.6.36862.7
1.6.36887.7
1.6.36959.7
1.6.36960.7
1.6.36972.7
1.6.37048.7
1.6.37080.7
1.6.37097.7
1.6.37151.7
1.6.37161.8.2.1.10
1.6.37191.7
1.6.37192.7
1.6.37195.7
1.6.37248.7
1.6.37273.7
1.6.37292.7
1.6.37299.7
1.6.37322.7
1.6.37325.7
1.6.37392.7
1.6.37394.7
1.6.37465.7
1.6.37486.7
1.6.37509.7
1.6.37530.7
1.6.37580.7
1.6.37581.7
1.6.37587.7
1.6.37640.7
1.6.37642.7
1.6.37651.7
1.6.37675.7
1.6.37719.7
1.6.37742.7
1.6.37752.7
1.6.37754.7
1.6.37770.7
1.6.37806.7
1.6.37814.7
1.6.37821.7
1.6.37829.7
1.6.37833.7
1.6.37860.7
1.6.37882.7
1.6.37894.7
1.6.37897.7
1.6.37994.7
1.6.38002.7
1.6.38014.7
1.6.38040.7
1.6.38041.7
1.6.38043.7
1.6.38058.7
1.6.38072.7
1.6.38078.7
1.6.38095.7
1.6.38109.7
1.6.38139.7
1.6.38145.7
1.6.38151.7
1.6.38184.7
1.6.38238.7
1.6.38290.7
1.6.38302.7
1.6.38319.7
1.6.38333.7
1.6.38338.7
1.6.38403.7
1.6.38456.7
1.6.38498.7
1.6.38507.7
1.6.38548.7
1.6.38582.7
1.6.38590.7
1.6.38624.7
1.6.38677.7
1.6.38681.7
1.6.38718.7
1.6.38758.7
1.6.38798.7
1.6.38801.7
1.6.38810.7
1.6.38815.7
1.6.38869.7
1.6.38873.7
1.6.38880.7
1.6.38881.7
1.6.38969.7
1.6.38997.7
1.6.39009.7
1.6.39025.7
1.6.39044.7
1.6.39053.7
1.6.39069.7
1.6.39132.7
1.6.39188.7
1.6.39190.7
1.6.39194.7
1.6.39237.7
1.6.39238.7
1.6.39239.7
1.6.39257.7
1.6.39263.7
1.6.39283.7
1.6.39318.7
1.6.39322.7
1.6.39326.7
1.6.39359.7
1.6.39394.7
1.6.39396.7
1.6.39402.7
1.6.39405.7
1.6.39412.7
1.6.39413.7
1.6.39427.7
1.6.39458.7
1.6.39539.7
1.6.39544.7
1.6.39547.7
1.6.39602.7
1.6.39677.7
1.6.39727.7
1.6.39745.7
1.6.39758.7
1.6.39775.7
1.6.39844.7
1.6.39864.7
1.6.39871.7
1.6.39926.7
1.6.39957.7
1.6.39964.7
1.6.39974.7
1.6.39975.7
1.6.39988.7
1.6.40018.7
1.6.40055.7
1.6.40061.7
1.6.40083.7
1.6.40112.7
1.6.40117.7
1.6.40128.7
1.6.40130.7
1.6.40165.7
1.6.40203.7
1.6.40204.7
1.6.40216.7
1.6.40222.7
1.6.40267.7
1.6.40286.7
1.6.40326.7
1.6.40327.7
1.6.40357.7
1.6.40367.7
1.6.40405.7
1.6.40439.7
1.6.40483.7
1.6.40504.7
1.6.40553.7
1.6.40614.7
1.6.40642.7
1.6.40659.7
1.6.40666.7
1.6.40673.7
1.6.40700.7
1.6.40702.7
1.6.40704.7
1.6.40749.7
1.6.40757.7
1.6.40758.7
1.6.40800.7
1.6.40803.7
1.6.40810.8.2.1.4.1.1.1
1.6.40855.7
1.6.40856.7
1.6.40890.7
1.6.40902.7
1.6.40913.7
1.6.40916.7
1.6.40956.7
1.6.40987.7
1.6.41004.7
1.6.41007.7
1.6.41057.7
1.6.41099.7
1.6.41121.7
1.6.41134.7
1.6.41175.7
1.6.41184.7
1.6.41191.7
1.6.41209.7
1.6.41251.7
1.6.41252.7
1.6.41258.7
1.6.41293.7
1.6.41315.7
1.6.41330.7
1.6.41348.7
1.6.41361.7
1.6.41367.7
1.6.41383.7
1.6.41395.7
1.6.41419.7
1.6.41422.7
1.6.41461.7
1.6.41477.7
1.6.41478.7
1.6.41486.7
1.6.41560.7
1.6.41576.7
1.6.41612.7
1.6.41633.7
1.6.41642.7
1.6.41652.7
1.6.41704.7
1.6.41772.7
1.6.41784.7
1.6.41814.7
1.6.41850.7
1.6.41855.7
1.6.41885.7
1.6.41905.7
1.6.41928.7
1.6.41950.7
1.6.41957.7
1.6.42060.7
1.6.42099.7
1.6.42140.7
1.6.42150.7
1.6.42166.7
1.6.42176.7
1.6.42208.7
1.6.42212.7
1.6.42223.7
1.6.42318.7
1.6.42360.7
1.6.42384.7
1.6.42393.7
1.6.42415.7
1.6.42427.7
1.6.42446.7
1.6.42471.8.2.1.21.6
1.6.42483.7
1.6.42498.7
1.6.42500.7
1.6.42501.7
1.6.42510.7
1.6.42522.7
1.6.42535.7
1.6.42536.7
1.6.42563.7
1.6.42570.7
1.6.42587.7
1.6.42679.7
1.6.42720.7
1.6.42766.7
1.6.42800.7
1.6.42836.7
1.6.42857.7
1.6.42865.7
1.6.42920.7
1.6.42921.7
1.6.42939.7
1.6.42986.7
1.6.43028.7
1.6.43041.7
1.6.43052.7
1.6.43075.7
1.6.43082.7
1.6.43086.7
1.6.43097.7
1.6.43103.7
1.6.43121.7
1.6.43166.7
1.6.43225.7
1.6.43235.7
1.6.43244.7
1.6.43251.7
1.6.43255.7
1.6.43260.7
1.6.43271.7
1.6.43300.7
1.6.43312.7
1.6.43324.7
1.6.43363.7
1.6.43404.7
1.6.43436.7
1.6.43487.7
1.6.43490.7
1.6.43504.7
1.6.43603.7
1.6.43634.7
1.6.43646.7
1.6.43673.7
1.6.43674.7
1.6.43685.7
1.6.43717.7
1.6.43816.7
1.6.43842.7
1.6.43856.7
1.6.43921.7
1.6.43934.7
1.6.43957.8.2.1
1.6.43959.7
1.6.43976.7
1.6.44011.7
1.6.44021.7
1.6.44073.7
1.6.44116.7
1.6.44130.7
1.6.44147.7
1.6.44161.7
1.6.44164.7
1.6.44211.7
1.6.44212.7
1.6.44235.7
1.6.44238.7
1.6.44275.7
1.6.44305.7
1.6.44314.7
1.6.44334.7
1.6.44336.7
1.6.44377.7
1.6.44423.7
1.6.44451.7
1.6.44480.7
1.6.44504.7
1.6.44514.7
1.6.44524.7
1.6.44546.7
1.6.44600.7
1.6.44613.7
1.6.44653.7
1.6.44662.7
1.6.44690.7
1.6.44734.7
1.6.44762.7
1.6.44810.7
1.6.44814.7
1.6.44816.7
1.6.44858.7
1.6.44876.7
1.6.44882.7
1.6.44944.7
1.6.44960.7
1.6.44963.7
1.6.45039.7
1.6.45066.7
1.6.45080.7
1.6.45110.7
1.6.45111.7
1.6.45180.7
1.6.45184.7
1.6.45205.7
1.6.45258.7
1.6.45318.7
1.6.45332.7
1.6.45333.7
1.6.45345.7
1.6.45421.7
1.6.45509.7
1.6.45519.8.2.1.10
1.6.45630.7
1.6.45658.7
1.6.45661.7
1.6.45676.7
1.6.45709.7
1.6.45713.7
1.6.45724.7
1.6.45778.7
1.6.45797.7
1.6.45820.7
1.6.45841.7
1.6.45881.7
1.6.45907.7
1.6.45969.7
1.6.45971.7
1.6.45980.7
1.6.46004.7
1.6.46032.7
1.6.46055.7
1.6.46065.7
1.6.46067.7
1.6.46083.7
1.6.46119.7
1.6.46127.7
1.6.46134.7
1.6.46142.7
1.6.46211.7
1.6.46213.7
1.6.46236.7
1.6.46294.7
1.6.46302.7
1.6.46314.7
1.6.46324.7
1.6.46346.7
1.6.46347.7
1.6.46349.7
1.6.46364.7
1.6.46378.7
1.6.46384.7
1.6.46401.7
1.6.46412.7
1.6.46435.7
1.6.46487.7
1.6.46525.7
1.6.46582.7
1.6.46607.7
1.6.46621.7
1.6.46626.7
1.6.46638.7
1.6.46645.7
1.6.46648.7
1.6.46675.7
1.6.46682.7
1.6.46684.7
1.6.46686.7
1.6.46687.7
1.6.46695.7
1.6.46734.7
1.6.46836.7
1.6.46859.7
1.6.46874.7
1.6.46889.7
1.6.46894.7
1.6.46921.7
1.6.46951.7
1.6.46953.7
1.6.46996.7
1.6.47041.7
1.6.47154.7
1.6.47158.7
1.6.47165.7
1.6.47166.7
1.6.47260.7
1.6.47288.7
1.6.47300.7
1.6.47316.7
1.6.47331.7
1.6.47340.7
1.6.47356.7
1.6.47369.7
1.6.47373.7
1.6.47375.7
1.6.47400.7
1.6.47424.7
1.6.47470.7
1.6.47502.7
1.6.47510.7
1.6.47511.7
1.6.47531.7
1.6.47537.7
1.6.47557.7
1.6.47592.7
1.6.47596.7
1.6.47600.7
1.6.47633.7
1.6.47668.7
1.6.47670.7
1.6.47676.7
1.6.47679.7
1.6.47686.7
1.6.47687.7
1.6.47701.7
1.6.47732.7
1.6.47815.7
1.6.47854.7
1.6.47867.7
1.6.47954.7
1.6.47972.7
1.6.47985.7
1.6.48002.7
1.6.48089.7
1.6.48096.7
1.6.48173.7
1.6.48176.7
1.6.48206.7
1.6.48213.7
1.6.48219.7
1.6.48286.7
1.6.48292.7
1.6.48314.7
1.6.48343.7
1.6.48348.7
1.6.48359.7
1.6.48361.7
1.6.48396.7
1.6.48434.7
1.6.48435.7
1.6.48448.7
1.6.48490.7
1.6.48511.7
1.6.48549.7
1.6.48550.7
1.6.48580.7
1.6.48590.7
1.6.48607.7
1.6.48630.7
1.6.48664.7
1.6.48710.7
1.6.48715.7
1.6.48718.7
1.6.48733.7
1.6.48782.7
1.6.48842.7
1.6.48869.7
1.6.48886.7
1.6.48893.7
1.6.48900.7
1.6.48909.7
1.6.48923.7
1.6.48957.7
1.6.48965.7
1.6.48966.7
1.6.49008.7
1.6.49011.7
1.6.49018.8.2.1.4.1.1.1
1.6.49046.7
1.6.49047.7
1.6.49059.7
1.6.49060.7
1.6.49094.7
1.6.49099.7
1.6.49114.7
1.6.49147.7
1.6.49178.7
1.6.49195.7
1.6.49198.7
1.6.49250.7
1.6.49291.7
1.6.49347.7
1.6.49356.7
1.6.49378.7
1.6.49420.7
1.6.49421.7
1.6.49427.7
1.6.49462.7
1.6.49484.7
1.6.49498.7
1.6.49516.7
1.6.49529.7
1.6.49535.7
1.6.49551.7
1.6.49563.7
1.6.49587.7
1.6.49590.7
1.6.49629.7
1.6.49645.7
1.6.49646.7
1.6.49654.7
1.6.49701.7
1.6.49715.7
1.6.49742.7
1.6.49766.7
1.6.49788.7
1.6.49835.7
1.6.49843.7
1.6.49950.7
1.6.49963.7
1.6.49993.7
1.6.50087.7
1.6.50107.7
1.6.50128.7
1.6.50135.7
1.6.50141.7
1.6.50158.7
1.6.50231.7
1.6.50248.7
1.6.50267.7
1.6.50278.7
1.6.50299.7
1.6.50336.7
1.6.50346.7
1.6.50379.7
1.6.50383.7
1.6.50398.7
1.6.50409.7
1.6.50420.7
1.6.50495.7
1.6.50535.7
1.6.50559.7
1.6.50568.7
1.6.50590.7
1.6.50602.7
1.6.50621.7
1.6.50646.8.2.1.21.6
1.6.50658.7
1.6.50678.7
1.6.50716.7
1.6.50723.7
1.6.50740.7
1.6.50805.7
1.6.50829.7
1.6.50845.7
1.6.50875.7
1.6.50922.7
1.6.50958.7
1.6.51030.7
1.6.51031.7
1.6.51049.7
1.6.51073.7
1.6.51093.7
1.6.51116.7
1.6.51158.7
1.6.51169.7
1.6.51192.7
1.6.51199.7
1.6.51203.7
1.6.51214.7
1.6.51220.7
1.6.51238.7
1.6.51280.7
1.6.51339.7
1.6.51349.7
1.6.51358.7
1.6.51365.7
1.6.51369.7
1.6.51373.7
1.6.51393.7
1.6.51400.7
1.6.51412.7
1.6.51424.7
1.6.51445.7
1.6.51482.7
1.6.51525.7
1.6.51537.7
1.6.51541.7
1.6.51554.7
1.6.51557.7
1.6.51598.7
1.6.51599.7
1.6.51615.7
1.6.51631.7
1.6.51653.7
1.6.51678.7
1.6.51701.7
1.6.51741.7
1.6.51753.7
1.6.51780.7
1.6.51781.7
1.6.51792.7
1.6.51822.7
1.6.51872.7
1.6.51894.7
1.6.51916.7
1.6.51980.7
1.6.51983.7
1.6.52009.7
1.6.52022.7
1.6.52045.8.2.1
1.6.52047.7
1.6.52064.7
1.6.52167.7
1.6.52210.7
1.6.52221.7
1.6.52252.7
1.6.52303.7
1.6.52304.7
1.6.52327.7
1.6.52330.7
1.6.52367.7
1.6.52397.7
1.6.52406.7
1.6.52477.7
1.6.52479.7
1.6.52488.7
1.6.52499.7
1.6.52542.7
1.6.52559.7
1.6.52566.7
1.6.52569.7
1.6.52577.7
1.6.52608.7
1.6.52618.7
1.6.52628.7
1.6.52650.7
1.6.52718.7
1.6.52722.7
1.6.52768.7
1.6.52812.7
1.6.52840.7
1.6.52872.7
1.6.52887.7
1.6.52899.7
1.6.52901.7
1.6.52943.7
1.6.52961.7
1.6.52967.7
1.6.53029.7
1.6.53045.7
1.6.53048.7
1.6.53124.7
1.6.53126.7
1.6.53129.7
1.6.53131.7
1.6.53146.7
1.6.53150.7
1.6.53177.7
1.6.53181.7
1.6.53243.7
1.6.53247.7
1.6.53268.7
1.6.53302.7
1.6.53322.7
1.6.53394.7
1.6.53395.7
1.6.53407.7
1.6.53446.7
1.6.53455.7
1.6.53565.7
1.6.53583.7
1.6.53586.7
1.6.53601.7
1.6.53610.8.2.1.10
1.6.53687.7
1.6.53699.7
1.6.53707.7
1.6.53740.7
1.6.53747.7
1.6.53770.7
1.6.53773.7
1.6.53786.7
1.6.53846.7
1.6.53848.7
1.6.53919.7
1.6.53938.7
1.6.53961.7
1.6.53982.7
1.6.54022.7
1.6.54043.7
1.6.54061.7
1.6.54062.7
1.6.54106.7
1.6.54108.7
1.6.54117.7
1.6.54141.7
1.6.54185.7
1.6.54208.7
1.6.54218.7
1.6.54220.7
1.6.54274.7
1.6.54282.7
1.6.54289.7
1.6.54297.7
1.6.54301.7
1.6.54326.7
1.6.54347.7
1.6.54359.7
1.6.54362.7
1.6.54365.7
1.6.54388.7
1.6.54446.7
1.6.54454.7
1.6.54466.7
1.6.54487.7
1.6.54488.7
1.6.54490.7
1.6.54505.7
1.6.54519.7
1.6.54525.7
1.6.54542.7
1.6.54553.7
1.6.54576.7
1.6.54622.7
1.6.54660.7
1.6.54712.7
1.6.54724.7
1.6.54804.7
1.6.54811.7
1.6.54814.7
1.6.54826.7
1.6.54867.8.2.1
1.6.54915.7
1.6.54944.8.2.1
1.6.54971.7
1.6.54993.7
1.6.55041.7
1.6.55064.7
1.6.55094.7
1.6.55096.7
1.6.55139.7
1.6.55154.7
1.6.55165.7
1.6.55187.7
1.6.55269.7
1.6.55277.7
1.6.55284.7
1.6.55289.7
1.6.55307.7
1.6.55311.7
1.6.55312.7
1.6.55345.7
1.6.55389.7
1.6.55417.7
1.6.55429.7
1.6.55502.7
1.6.55557.7
1.6.55613.7
1.6.55650.7
1.6.55651.7
1.6.55652.7
1.6.55670.7
1.6.55676.7
1.6.55685.7
1.6.55686.7
1.6.55689.7
1.6.55690.7
1.6.55735.7
1.6.55739.7
1.6.55743.7
1.6.55776.7
1.6.55816.7
1.6.55821.7
1.6.55828.7
1.6.55829.7
1.6.55843.7
1.6.55879.7
1.6.55946.7
1.6.55951.7
1.6.55954.7
1.6.56116.7
1.6.56181.7
1.6.56190.7
1.6.56266.7
1.6.56274.7
1.6.56296.7
1.6.56311.7
1.6.56326.7
1.6.56354.7
1.6.56361.7
1.6.56367.7
1.6.56376.7
1.6.56412.7
1.6.56444.7
1.6.56450.7
1.6.56495.7
1.6.56500.7
1.6.56511.7
1.6.56513.7
1.6.56549.7
1.6.56570.7
1.6.56589.7
1.6.56590.7
1.6.56602.7
1.6.56608.7
1.6.56653.7
1.6.56672.7
1.6.56712.7
1.6.56713.7
1.6.56743.7
1.6.56753.7
1.6.56770.7
1.6.56793.7
1.6.56827.7
1.6.56865.7
1.6.56870.7
1.6.56873.7
1.6.56888.7
1.6.56937.7
1.6.56973.7
1.6.57011.7
1.6.57014.7
1.6.57015.7
1.6.57016.7
1.6.57027.7
1.6.57047.7
1.6.57064.7
1.6.57071.7
1.6.57078.7
1.6.57105.7
1.6.57107.7
1.6.57109.7
1.6.57144.7
1.6.57167.7
1.6.57175.7
1.6.57176.7
1.6.57213.7
1.6.57225.8.2.1
1.6.57253.7
1.6.57254.7
1.6.57266.7
1.6.57267.7
1.6.57301.7
1.6.57313.7
1.6.57324.7
1.6.57327.7
1.6.57347.7
1.6.57400.7
1.6.57417.7
1.6.57420.7
1.6.57465.7
1.6.57475.7
1.6.57516.7
1.6.57555.7
1.6.57557.7
1.6.57574.7
1.6.57593.7
1.6.57669.7
1.6.57691.7
1.6.57698.7
1.6.57708.7
1.6.57726.7
1.6.57739.7
1.6.57745.7
1.6.57761.7
1.6.57773.7
1.6.57797.7
1.6.57800.7
1.6.57839.7
1.6.57938.7
1.6.57954.7
1.6.57990.7
1.6.58041.7
1.6.58049.7
1.6.58175.7
1.6.58188.7
1.6.58227.7
1.6.58300.7
1.6.58320.7
1.6.58341.7
1.6.58348.7
1.6.58354.7
1.6.58362.7
1.6.58369.7
1.6.58436.7
1.6.58453.7
1.6.58472.7
1.6.58483.7
