1.1.1.91.5.1.1.21.11.1.2
1.1.1.125.5.1.2.1.9
1.1.1.186.19.2.8.3.4.1.7
1.1.1.235.5.1.2.1.3
1.1.1.267.11.3.31
1.1.1.421.3
1.1.1.431.5.1.5
1.1.1.460.26.3
1.1.1.511.9.2.15
1.1.1.539.5.1.1.1.16
1.1.1.578.5.1
1.1.1.641.15.1.13.13
1.1.1.693.23.2.6.5.7.1
1.1.1.696.23.3.19.10.16
1.1.1.710.16.1.11.7
1.1.1.730.5.1.5.9.14.4
1.1.1.750.12.2.13.10
1.1.1.939.8.1.13.4
1.1.1.1038.14.3.12.11
1.1.1.1056.65.1.24
1.1.1.1127.10.1.6.1
1.1.1.1236.25.2.24.1.1
1.1.1.1252.5.1.12.6.18
1.1.1.1314.5.1.8
1.1.1.1315.8.1.14.3
1.1.1.1359.16.1.8.3
1.1.1.1468.5.1.1.1.4
1.1.1.1514.43.1.4.7
1.1.1.1547.21.3.12.13
1.1.1.1674.25.2.10.6
1.1.1.1761.32.2.27.1.3.3.10
1.1.1.2051.14.3.7.11.24.9
1.1.1.2096.5.1.2
1.1.1.2111.15
1.1.1.2138.27.3.22.15
1.1.1.2204.5.1.1
1.1.1.2219.15.3.12.9.12.7
1.1.1.2236.22.1.12
1.1.1.2245.16.7.5
1.1.1.2249.30.1.4
1.1.1.2306.5.1.1.1.11
1.1.1.2350.14.2.8.1.3
1.1.1.2358.5.1.1.1.52.1.1
1.1.1.2365.11.5.4.7
1.1.1.2400.5.1
1.1.1.2449.5.1.2.8.30.7
1.1.1.2490.17.3.12.1.15.3
1.1.1.2530.5.1.14
1.1.1.2541.11.4.4.3.15
1.1.1.2620.3
1.1.1.2631.13.1.11.10.26
1.1.1.2731.5.1.5.2.1
1.1.1.2735.34.2.22.9
1.1.1.2781.5.1.1.1
1.1.1.2789.5.1.1.5
1.1.1.2819.12.2.4.4.6
1.1.1.2842.12
1.1.1.2934.5.1
1.1.1.2963.18.2.8.5
1.1.1.2968.9.2.8.2
1.1.1.2977.5.1.3.2.12.1.18
1.1.1.3051.5.1
1.1.1.3107.5.1.18
1.1.1.3137.21.4
1.1.1.3219.5.1.3
1.1.2.3324.5.1
1.1.2.3365.9.1.4
1.1.2.3429.9.1.6
1.1.2.3575.13.2.6.1
1.1.2.3578.9.1.4
1.1.2.3771.5.1.1.1
1.1.2.3771.5.1.2.1.2.2
1.1.2.3813.8.1.4.5
1.1.2.3868.6
1.1.2.3904.5.1
1.1.2.4030.5.1.9.1.3.2.17
1.1.2.4086.20.8.9.19
1.1.2.4118.22.2.6.4.2.1
1.1.2.4210.16.3.5.8.47
1.1.2.4215.5.1
1.1.2.4232.8.1.4
1.1.2.4237.8.3.4.4
1.1.2.4265.24.3.8
1.1.2.4329.22.2.7.8.6.3
1.1.2.4353.15.3.25.13.6
1.1.2.4490.13.1.7.1
1.1.2.4510.14.2.50.1.2.2
1.1.2.4513.8.2.4.3
1.1.2.4589.6
1.1.2.4607.6
1.1.2.4648.5.1.4.21.56.7.16
1.1.2.4719.5.1.3.3.9
1.1.2.4756.22.2.25.12
1.1.2.4817.12.1.7.19
1.1.2.4840.5.1.70
1.1.2.4917.5.1.4.2.25.1.6
1.1.2.4918.5.1.1.1.27
1.1.2.5045.5.1.2.2.6
1.1.2.5085.6
1.1.2.5160.5.1.1.2.2.1
1.1.2.5203.5.1.1
1.1.2.5241.13.1.7
1.1.2.5254.5.1.1
1.1.2.5369.15.2.8.1.2.1
1.1.2.5376.21.1.29
1.1.2.5465.5.1.1.21.11.1.2
1.1.2.5487.13.2
1.1.2.5527.5.1.3.3.11.1
1.1.2.5551.22.2.10
1.1.2.5579.24.1.5.10.27.1
1.1.2.5599.5.1.2.1.3
1.1.2.5631.11.3.31
1.1.2.5821.3
1.1.2.5829.5.1.22.2.26
1.1.2.5930.5.1.1.1.16
1.1.2.5969.5.1
1.1.2.6083.23.2.6.5.7.1
1.1.2.6086.23.3.19.10.16
1.1.2.6100.16.1.11.7
1.1.2.6120.5.1.5.9.14.4
1.1.2.6142.30.3.36
1.1.2.6291.3
1.1.2.6322.9.1.4.5
1.1.2.6425.39.2
1.1.2.6427.14
1.1.2.6452.24.2
1.1.2.6455.5.1.3.2
1.1.2.6517.13.3.19.1.4
1.1.2.6627.5.1.2.29.21
1.1.2.6640.5.1.3.4.6
1.1.2.6701.5.1.7
1.1.2.6702.5.1.8.5.2.2.29
1.1.2.6742.16.1.8.3
1.1.2.6883.17.1.4.2
1.1.2.6916.21.3.12.13
1.1.2.6923.16.1.4
1.1.2.7042.13.3.10.1.5.2
1.1.2.7074.22.1.10
1.1.2.7145.32.2.27.1.3.3.10
1.1.2.7344.5.1.1
1.1.2.7438.14.3.7.11.24.9
1.1.2.7483.5.1.2
1.1.2.7485.5.1.25.11
1.1.2.7526.27.3.22.15
1.1.2.7592.5.1.1
1.1.2.7607.15.3.12.9.12.7
1.1.2.7633.10.2.21.14
1.1.2.7646.5.1
1.1.2.7673.5.1.4.1.9
1.1.2.7701.15.6.13.9.1
1.1.2.7733.5.1.2.2.5
1.1.2.7767.31.1.9
1.1.2.7799.5.1
1.1.2.7849.5.1.2.8.30.7
1.1.2.7887.17.3.12.1.15.3
1.1.2.7927.5.1.14
1.1.2.7939.5.1.4.15
1.1.2.8018.3
1.1.2.8029.5.1.8.3
1.1.2.8134.5.1.5.2.1
1.1.2.8138.34.2.22.9
1.1.2.8157.24.2.28.3.8.4
1.1.2.8181.5.1.7.5
1.1.2.8183.5.1.2.2.43.2.2
1.1.2.8211.12.2.4.4.6
1.1.2.8234.12
1.1.2.8305.21.4.8.23
1.1.2.8328.5.1
1.1.2.8357.18.2.8.5
1.1.2.8362.9.2.8.2
1.1.2.8371.5.1.3.2.12.1.18
1.1.2.8387.5.1.3.14.9.3.26
1.1.2.8445.5.1
1.1.2.8501.5.1.18
1.1.2.8531.21.4
1.1.2.8597.5.1.1.1.3.1
1.1.2.8603.3
1.1.2.8604.5.1.24.13.6.3.50
1.1.2.8620.5.1.2.3.14
1.1.2.8634.11
1.1.2.8681.3
1.1.2.8710.8.3.4.12
1.1.2.8828.9.1.6
1.1.2.8981.13.2.6.1
1.1.2.8984.9.1.4
1.1.2.9087.25.2.12
1.1.2.9194.5.1.1.1
1.1.2.9194.5.1.2.1.7.11
1.1.2.9300.6
1.1.2.9453.19.3.6.3.20
1.1.2.9521.20.8.9.19
1.1.2.9553.22.2.6.4.2.1
1.1.2.9636.34.1.4.1
1.1.2.9664.19.3.18.10
1.1.2.9692.24.3.8
1.1.2.9787.8.2.4.2
1.1.2.9860.15.3.9.2
1.1.2.9915.12.1.4.4
1.1.2.9947.5.1.2.2
1.1.2.10036.6
1.1.2.10054.6
1.1.2.10228.22.2.25.12
1.1.2.10291.12.1.7.19
1.1.2.10314.5.1.70
1.1.2.10388.8.1.5.3
1.1.2.10389.13.4.14
1.1.2.10450.22.2.32
1.1.2.10530.5.1.2.2.6
1.1.2.10640.5.1.1.2.2.1
1.1.2.10717.13.1.7
1.1.2.10730.5.1.1
1.1.2.10767.22.1.18.11
1.1.2.10858.15.2.8.1.2.1
1.1.2.10865.21.1.29
1.1.2.10949.17.1.4
1.1.2.10954.5.1.1.2.57.1.2
1.1.2.10990.5.1.2.1.9
1.1.2.11051.19.2.8.3.4.1.7
1.1.2.11117.14.2.23.31.18.14
1.1.2.11316.5.1.1.8.11.4
1.1.2.11341.26.3
1.1.2.11418.5.1.1.1.16
1.1.2.11457.5.1
1.1.2.11527.15.1.13.13
1.1.2.11579.23.2.6.5.7.1
1.1.2.11582.23.3.19.10.16
1.1.2.11596.16.1.11.7
1.1.2.11616.5.1.5.9.14.4
1.1.2.11636.12.2.13.10
1.1.2.11736.52.1.4
1.1.2.11768.31.2.25.7.1.1
1.1.2.11795.35.2.4.7
1.1.2.11882.5.1
1.1.2.11906.22.2.6.9.15.1
1.1.2.11971.5.1.7.1.3.3.13
1.1.2.12082.22.1.7.31.12.1
1.1.2.12083.10.1.7
1.1.2.12099.5.1.16.10.16
1.1.2.12151.5.1.7
1.1.2.12152.5.1.8.5.2.2.29
1.1.2.12198.16.1.8.3
1.1.2.12214.5.1.1.5
1.1.2.12252.11
1.1.2.12308.13.2.10.3
1.1.2.12344.43.1.4.7
1.1.2.12377.21.3.12.13
1.1.2.12384.16.1.4
1.1.2.12503.25.2.10.24
1.1.2.12525.18.2.26
1.1.2.12594.32.2.27.1.3.3.10
1.1.2.12719.15.2.26.10.13.2
1.1.2.12788.5.1.1
1.1.2.12903.5.1.1.1.9
1.1.2.12905.5.1.8.6
1.1.2.12946.27.3.22.15
1.1.2.13026.5.1.2.48.41.8
1.1.2.13043.22.1.12
1.1.2.13052.16.7.5
1.1.2.13056.30.1.4
1.1.2.13149.14.3.5.14.16
1.1.2.13161.5.1.36.7.30
1.1.2.13169.16.2.5.3.51
1.1.2.13267.6
1.1.2.13310.17.3.12.1.15.3
1.1.2.13337.18.4
1.1.2.13342.17.2.6.5.3.1.23
1.1.2.13353.5.1.4.15
1.1.2.13424.5.1.12.3.18.4
1.1.2.13512.5.1.5.2.1
1.1.2.13516.34.2.22.9
1.1.2.13570.5.1.7.5
1.1.2.13572.5.1.2.2.43.2.2
1.1.2.13598.12.2.4.4.6
1.1.2.13622.12
1.1.2.13693.21.4.8.23
1.1.2.13711.9.3.29
1.1.2.13719.5.1
1.1.2.13751.18.2.20.3
1.1.2.13761.9.1.13.12
1.1.2.13778.28.2.12.1
1.1.2.13843.5.1
1.1.2.13899.5.1.18
1.1.2.13929.21.4
1.1.2.13995.12.1.8.2
1.1.2.13996.8.1.7.12
1.1.2.14007.5.1.11.3
1.1.2.14009.10.1.5.1
1.1.2.14046.5.1.1.1
1.1.2.14137.5.1.3.8.42.4
1.1.2.14148.29.1.4
1.1.2.14158.9.1.4
1.1.2.14169.10.1.4
1.1.2.14226.3
1.1.2.14364.13.2.6.1
1.1.2.14367.9.1.4
1.1.2.14402.5.1
1.1.2.14409.27.2.25.9.13.1
1.1.2.14415.18.2.15.30
1.1.2.14630.8.1.4.5
1.1.2.14687.6
1.1.2.14719.5.1.11.1
1.1.2.14823.19.3.6.3.20
1.1.2.14925.17.2.6.21.26.8.7
1.1.2.15017.34.1.4.1
1.1.2.15045.19.3.18.10
1.1.2.15073.24.3.8
1.1.2.15169.8.2.4.2
1.1.2.15300.12.1.4.4
1.1.3.15331.5.1.2.2
1.1.3.15412.6
1.1.3.15669.64.2
1.1.3.15770.5.1.4.2.27.1.6
1.1.3.15771.5.1.1.1.29
1.1.3.15830.14.2.19
1.1.3.15831.5.1.1.9.8
1.1.3.15892.15.2.10
1.1.3.16007.5.1.1.2.2.1
1.1.3.16045.18.3.4.7
1.1.3.16095.5.1.3.2
1.1.3.16203.15.2.8.1.2.1
1.1.3.16293.5.1.1.21.11.1.2
1.1.3.16327.5.1.2.1.9
1.1.3.16388.19.2.8.3.4.1.7
1.1.3.16445.5.1.3.5
1.1.3.16653.5.1.3.2.13.6.2.29
1.1.3.16680.42.1.19
1.1.3.16711.5.1.3.1
1.1.3.16731.10.1.4
1.1.3.16790.14
1.1.3.16923.16.2.6
1.1.3.16943.5.1.5.9.14.4
1.1.3.16963.12.2.13.10
1.1.3.17128.8.1.13.4
1.1.3.17232.14.3.12.11
1.1.3.17306.13.3.19.1.4
1.1.3.17416.22.1.7.13.44.1
1.1.3.17417.10.1.7
1.1.3.17433.5.1.16.10.16
1.1.3.17494.5.1.7
1.1.3.17495.12.3.20.8
1.1.3.17539.16.1.8.3
1.1.3.17559.5.1.1.5
1.1.3.17704.43.1.4.7
1.1.3.17740.21.3.12.13
1.1.3.17886.18.2.25
1.1.3.17950.32.2.27.1.3.3.10
1.1.3.18077.15.2.26.10.13.2
1.1.3.18164.5.1.1
1.1.3.18300.14.1.22
1.1.3.18346.27.3.22.15
1.1.3.18412.5.1.1
1.1.3.18427.15.3.12.9.12.7
1.1.3.18444.22.1.12
1.1.3.18453.16.7.5
1.1.3.18457.30.1.4
1.1.3.18514.5.1.1.1.11
1.1.3.18550.5.1.2.2.5
1.1.3.18584.31.1.9
1.1.3.18616.5.1
1.1.3.18666.5.1.2.8.30.7
1.1.3.18713.28.2.26.1.9.1
1.1.3.18747.18.4
1.1.3.18752.17.2.6.5.3.1.43
1.1.3.18762.8.1.57.6.14
1.1.3.18842.5.1.12.3.18.4
1.1.3.18929.5.1.5.2.1
1.1.3.18933.34.2.22.9
1.1.3.18989.5.1.7.5
1.1.3.18991.5.1.2.2.43.2.2
1.1.3.19017.12.2.4.4.6
1.1.3.19041.12
1.1.3.19132.8.1.13.5
1.1.3.19165.18.2.20.3
1.1.3.19174.5.1.3.2.12.1.18
1.1.3.19248.5.1
1.1.3.19304.5.1.18
1.1.3.19334.21.4
1.1.3.19410.5.1.3.2.13
1.1.3.19415.5.1.1.1.1.2.5
1.1.3.19438.17.4.28.15
1.1.3.19472.5.1.1.1
1.1.3.19531.8.3.4.12
1.1.3.19570.9.1.5
1.1.3.19665.3
1.1.3.19810.13.2.6.1
1.1.3.19813.9.1.4
1.1.3.20019.5.1.1.1
1.1.3.20019.5.1.2.1.2.2
1.1.3.20118.6
1.1.3.20229.14.2
1.1.3.20254.19.3.6.3.10
1.1.3.20318.3
1.1.3.20321.22.1.9
1.1.3.20322.5.1.2.4.5
1.1.3.20370.5.1.8.6.2
1.1.3.20396.5.1.5.4.3
1.1.3.20465.11.1.17.16
1.1.3.20497.19.3.18.10
1.1.3.20543.6
1.1.3.20595.22.2.7.8.6.3
1.1.3.20619.15.3.25.13.6
1.1.3.20759.12.1.4.4
1.1.3.20791.5.1.2.2
1.1.3.20880.6
1.1.3.20898.6
1.1.3.20938.5.1.4.20.58.5.14
1.1.3.21132.64.2
1.1.3.21157.5.1.36
1.1.3.21233.9.1.4.2
1.1.3.21235.5.1
1.1.3.21298.14.2.19
1.1.3.21299.5.1.1.9.8
1.1.3.21371.5.1.2.2.6
1.1.3.21477.5.1.1.2.2.1
1.1.3.21558.5.1.1.7
1.1.3.21560.24.3.21.11.1
1.1.3.21590.5.1.3.1
1.1.3.21766.5.1.1.21.11.1.2
1.1.3.21779.5.1.4.1
1.1.3.21800.5.1.2.1.9
1.1.3.21861.19.2.8.3.4.1.7
1.1.3.21890.24.1.5.10.27.1
1.1.3.21912.5.1.2
1.1.3.21932.3
1.1.3.22117.5.1.3.2.13.6.2.11
1.1.3.22183.25.1.15
1.1.3.22227.5.1.1.1.16
1.1.3.22263.5.1.21
1.1.3.22267.14
1.1.3.22327.15.1.13.13
1.1.3.22379.14.3
1.1.3.22396.16.1.11.7
1.1.3.22416.5.1.5.9.14.4
1.1.3.22436.12.2.13.10
1.1.3.22552.5.1
1.1.3.22561.31.2.14.9.1
1.1.3.22572.5.1.2.8
1.1.3.22614.8.1.13.4
1.1.3.22702.5.1
1.1.3.22727.24.2
1.1.3.22730.5.1.3.2
1.1.3.22811.5.1.17.2.6
1.1.3.22932.10.3.8.10
1.1.3.22938.10.2.4
1.1.3.22957.13.2.8.4
1.1.3.22964.5.1.1.1.3.2
1.1.3.23013.5.1.11
1.1.3.23014.12.3.24.7
1.1.3.23058.16.1.8.3
1.1.3.23171.5.1.1.1.4
1.1.3.23217.43.1.4.7
1.1.3.23253.21.3.12.13
1.1.3.23373.25.2.10.24
1.1.3.23376.36.1.15
1.1.3.23456.5.1.1.9.24
1.1.3.23747.14.3.7.11.24.17
1.1.3.23788.5.1.2
1.1.3.23790.5.1.25.11
1.1.3.23831.27.3.22.15
1.1.3.23884.18.3
1.1.3.23908.5.1.2.58.71.8
1.1.3.23925.22.1.12
1.1.3.23934.16.7.5
1.1.3.23938.30.1.4
1.1.3.23995.5.1.1.1.11
1.1.3.24039.14.2.8.1.3
1.1.3.24047.5.1.1.1.52.1.1
1.1.3.24054.11.5.4.7
1.1.3.24089.5.1
1.1.3.24138.5.1.2.8.30.7
1.1.3.24186.12.3.19
1.1.3.24218.18.4
1.1.3.24223.17.2.6.5.3.1.84
1.1.3.24233.8.1.57.6.14
1.1.3.24321.35.2.16.2.10.3
1.1.3.24415.9.2.8.7
1.1.3.24468.5.1.7.5
1.1.3.24470.5.1.2.2.43.2.2
1.1.3.24496.12.2.4.4.6
1.1.3.24519.12
1.1.3.24604.9.3.29
1.1.3.24612.5.1
1.1.3.24641.18.2.8.5
1.1.3.24646.9.2.8.2
1.1.3.24655.5.1.3.2.12.1.18
1.1.3.24671.5.1.3.14.9.3.26
1.1.3.24718.5.1.3.3.30
1.1.3.24873.64.4.5.5.5.2.4
1.1.3.24876.5.1.17.12.10
1.1.3.24899.25.2.18.1.3.3.11
1.1.3.25021.5.1.3.8.42.4
1.1.3.25032.29.1.4
1.1.3.25048.5.1.7.2
1.1.3.25108.9.1.6
1.1.3.25264.13.2.6.1
1.1.3.25267.9.1.4
1.1.3.25468.5.1.1.1
1.1.3.25468.5.1.2.1.2.2
1.1.3.25567.6
1.1.3.25683.14.2
1.1.3.25708.19.3.6.3.10
1.1.3.25811.22.2.6.4.2.1
1.1.3.25894.34.1.4.1
1.1.3.25926.19.3.18.10
1.1.3.26009.22.2.7.8.6.3
1.1.3.26102.14.3.7.2.6.1
1.1.3.26161.12.1.4.4
1.1.3.26193.5.1.2.2
1.1.3.26282.6
1.1.3.26326.32.3.9.20
1.1.3.26341.5.1.1
1.1.3.26543.64.2
1.1.3.26644.5.1.4.2.25.1.6
1.1.3.26645.5.1.1.1.27
1.1.3.26703.14.2.19
1.1.3.26704.5.1.1.9.8
1.1.3.26764.5.1.4.2
1.1.3.26769.5.1.2.2.6
1.1.3.26809.6
1.1.3.26921.15.2.7
1.1.3.27083.15.2.8.1.2.1
1.1.3.27168.5.1.1.21.11.1.2
1.1.3.27204.5.1.2.1.9
1.1.3.27265.19.2.8.3.4.1.7
1.1.3.27302.23.2.19.5
1.1.3.27338.14.2.23.31.18.14
1.1.3.27544.5.1.3.2.13.6.2.11
1.1.3.27614.25.1.15
1.1.3.27658.5.1.1.1.16
1.1.3.27697.5.1
1.1.3.27764.15.1.13.12
1.1.3.27816.23.2.6.5.7.1
1.1.3.27819.23.3.19.10.16
1.1.3.27833.16.1.11.7
1.1.3.27853.5.1.5.9.14.4
1.1.3.27875.13.2.5.3.3
1.1.3.27942.27.2.17.3.44.1
1.1.3.28041.8.1.13.4
1.1.3.28136.5.1.2.1.4.1
1.1.3.28156.24.2
1.1.3.28159.5.1.3.2
1.1.3.28239.5.1.1.3.12.10.7
1.1.3.28352.22.1.7.23.17.1
1.1.3.28353.10.1.7
1.1.3.28369.5.1.16.10.16
1.1.3.28430.5.1.7
1.1.3.28431.5.1.8.5.2.2.29
1.1.3.28471.16.1.8.3
1.1.4.131.43.1.4.7
1.1.4.167.21.3.12.13
1.1.4.290.25.2.10.24
1.1.4.322.22.1.10
1.1.4.378.19.2
1.1.4.380.15.2.27.28.4
1.1.4.386.10.1.4
1.1.4.663.18.1.13
1.1.4.710.5.1.2
1.1.4.712.5.1.25.11
1.1.4.718.14.4.9.14
1.1.4.745.27.3.22.15
1.1.4.806.5.1.1
1.1.4.821.15.3.12.9.12.7
1.1.4.838.22.1.12
1.1.4.847.16.7.5
1.1.4.851.30.1.4
1.1.4.908.5.1.1.1.11
1.1.4.952.14.2.8.1.3
1.1.4.960.5.1.1.1.52.1.1
1.1.4.967.11.5.4.7
1.1.4.1002.5.1
1.1.4.1055.6
1.1.4.1105.12.3.19
1.1.4.1228.3
1.1.4.1239.5.1.8.3
1.1.4.1342.6
1.1.4.1350.16.2.9.1.8
1.1.4.1357.5.1.5.2.13.4
1.1.4.1402.5.1.7.5
1.1.4.1404.5.1.2.2.43.2.2
1.1.4.1432.12.2.4.4.6
1.1.4.1456.12
1.1.4.1554.5.1
1.1.4.1583.18.2.8.5
1.1.4.1588.9.2.8.2
1.1.4.1599.16.2.18.8.7
1.1.4.1611.15.3.15.2.5
1.1.4.1673.5.1
1.1.4.1761.21.4
1.1.4.1823.5.1.1.1.3.1
1.1.4.1829.3
1.1.4.1830.5.1.24.13.6.3.66
1.1.4.1846.5.1.2.3.14
1.1.4.1860.11
1.1.4.1968.5.1.3.8.42.4
1.1.4.1979.29.1.4
1.1.4.2056.9.1.6
1.1.4.2202.13.2.6.1
1.1.4.2205.9.1.4
1.1.4.2248.18.2.15.30
1.1.4.2450.8.1.4.5
1.1.4.2514.6
1.1.4.2668.19.3.6.3.20
1.1.4.2782.5.1.8.6.2
1.1.4.2808.5.1.5.4.3
1.1.4.2877.11.1.17.16
1.1.4.2910.19.3.18.10
1.1.4.2938.24.3.8
1.1.4.2941.14.1.8
1.1.4.2998.22.2.7.8.6.3
1.1.4.3150.13.1.7.1
1.1.4.3170.14.2.50.1.2.2
1.1.4.3173.8.2.4.3
1.1.4.3249.6
1.1.4.3262.14.1.11.6
1.1.4.3290.32.3.9.20
1.1.4.3309.5.1.4.9.13.5.11
1.1.4.3413.5.1.3.1.1.1
1.1.4.3416.14.2.13.1.2.2
1.1.4.3437.22.2.25.12
1.1.4.3448.5.1.8.6
1.1.4.3496.64.2
1.1.4.3606.9.1.4.2
1.1.4.3608.5.1
1.1.4.3625.10.2.4.2
1.1.4.3673.14.2.19
1.1.4.3674.5.1.1.9.17
1.1.4.3739.15.2.10
1.1.4.3855.5.1.1.2.2.1
1.1.4.3897.5.1.1
1.1.4.4060.15.2.8.1.2.1
1.1.4.4067.21.1.29
1.1.4.4151.5.1.1.21.11.1.2
1.1.4.4164.5.1.4.1
1.1.4.4185.5.1.2.1.9
1.1.4.4246.19.2.8.3.4.1.7
1.1.4.4279.38.1.8
1.1.4.4313.14.2.23.31.18.14
1.1.4.4515.3
1.1.4.4525.5.1.5
1.1.4.4639.5.1.1.1.16
1.1.4.4675.5.1.21
1.1.4.4679.14
1.1.4.4785.14.3
1.1.4.4802.16.1.11.7
1.1.4.4822.5.1.5.9.14.4
1.1.4.4842.12.2.13.10
1.1.4.4967.3
1.1.4.4999.8.2.4.4
1.1.4.5095.5.1.2.1.4.1
1.1.4.5115.24.2
1.1.4.5118.5.1.3.2
1.1.4.5305.10.3.8.10
1.1.4.5311.10.2.4
1.1.4.5330.13.2.8.4
1.1.4.5337.5.1.1.1.3.2
1.1.4.5388.5.1.1.1.7
1.1.4.5388.5.1.1.1.10
1.1.4.5434.16.1.8.3
1.1.4.5552.13.2.10.3
1.1.4.5588.43.1.4.7
1.1.4.5619.21.3.12.13
1.1.4.5700.13.2.5.3.18.8
1.1.4.5763.25.2.10.24
1.1.4.5795.22.1.10
1.1.4.5860.32.2.27.1.3.3.10
1.1.4.6049.5.1.1
1.1.4.6178.5.1.2
1.1.4.6180.5.1.25.11
1.1.4.6186.14.4.9.14
1.1.4.6213.27.3.22.15
1.1.4.6286.16.4.5.4.2.1.15
1.1.4.6308.5.1.2.2.9
1.1.4.6311.5.1.2
1.1.4.6348.5.1
1.1.4.6399.14.3.5.14.16
1.1.4.6411.5.1.36.7.30
1.1.4.6419.16.2.5.3.51
1.1.4.6461.5.1
1.1.4.6514.6
1.1.4.6555.5.1.6
1.1.4.6557.12.3.24
1.1.4.6589.18.4
1.1.4.6594.17.2.6.5.3.1.47
1.1.4.6604.11.4.4.3.15
1.1.4.6683.3
1.1.4.6694.5.1.8.3
1.1.4.6792.5.1.24
1.1.4.6797.5.1
1.1.4.6855.5.1.2
1.1.4.6886.12.2.4.4.6
1.1.4.6909.12
1.1.4.6934.9.1.11
1.1.4.6939.18.2.4
1.1.4.6969.5.1.4.1.2.1.3
1.1.4.6991.8.1.13.5
1.1.4.7021.18.2.8.5
1.1.4.7026.9.2.8.2
1.1.4.7038.9.1.7.7
1.1.4.7056.28.2.12.1
1.1.4.7110.5.1.3.3.30
1.1.4.7268.64.4.5.5.5.2.4
1.1.4.7269.78.3.17.1.11
1.1.4.7284.5.1.2.3.14
1.1.4.7298.11
1.1.4.7304.5.1.1.1
1.1.4.7396.5.1.3.8.42.4
1.1.4.7410.29.1.4
1.1.4.7478.9.1.6
1.1.4.7649.5.1
1.1.4.7656.27.2.25.9.13.1
1.1.4.7662.18.2.15.30
1.1.4.7815.5.1
1.1.4.7830.23
1.1.4.7853.8.1.4.5
1.1.4.7908.6
1.1.4.7945.5.1.6.1
1.1.4.8088.5.1.9.1.3.2.8
1.1.4.8128.3
1.1.4.8131.22.1.9
1.1.4.8132.5.1.2.4.5
1.1.4.8174.17.2.6.21.26.10.25
1.1.4.8261.34.1.4.1
1.1.4.8289.19.3.18.10
1.1.4.8423.8.2.4.2
1.1.4.8559.13.1.7.1
1.1.4.8579.14.2.50.1.2.2
1.1.4.8582.8.2.4.3
1.1.4.8656.6
1.1.4.8903.64.2
1.1.4.8928.5.1.36
1.1.4.9009.5.1.4.2.27.1.6
1.1.4.9010.5.1.1.1.29
1.1.4.9071.22.2.32
1.1.4.9149.5.1.2.2.6
1.1.4.9189.6
1.1.4.9264.5.1.1.2.2.1
1.1.4.9559.5.1.1.21.11.1.2
1.1.4.9581.13.2
1.1.4.9622.5.1.3.3.20.1
1.1.4.9646.22.2.10
1.1.4.9694.5.1.2.1.3
1.1.4.9726.11.3.31
1.1.4.9900.3
1.1.4.9908.5.1.22.2.26
1.1.4.9911.5.1.2.2.32.2.18
1.1.4.9972.9.2.15
1.1.4.10000.5.1.1.1.16
1.1.4.10039.5.1
1.1.4.10102.15.1.13.13
1.1.4.10169.16.2.6
1.1.4.10189.5.1.5.9.14.4
1.1.4.10209.12.2.13.10
1.1.4.10335.31.2.25.7.1.1
1.1.4.10362.35.2.4.7
1.1.4.10442.14.3.12.11
1.1.4.10460.65.1.24
1.1.4.10657.25.2.24.1.1
1.1.4.10673.5.1.12.6.18
1.1.4.10734.5.1.8
1.1.4.10735.8.1.14.3
1.1.4.10779.16.1.8.3
1.1.4.10915.5.1.1.6.1.5
1.1.4.10936.17.1.4.2
1.1.4.10972.21.3.12.13
1.1.4.10979.16.1.4
1.1.4.11126.18.2.25
1.1.4.11187.5.1
1.1.4.11188.12.1.5.4
1.1.4.11212.25.2
1.1.4.11498.14.3.7.11.24.17
1.1.4.11543.5.1.2
1.1.4.11545.5.1.25.11
1.1.4.11551.14.4.9.14
1.1.4.11578.27.3.22.15
1.1.4.11644.5.1.1
1.1.4.11659.15.3.12.9.12.7
1.1.4.11676.22.1.12
1.1.4.11685.16.7.5
1.1.4.11689.30.1.4
1.1.4.11746.5.1.1.1.11
1.1.4.11790.14.2.8.1.3
1.1.4.11798.5.1.1.1.52.1.1
1.1.4.11805.11.5.4.7
1.1.4.11840.5.1
1.1.4.11887.6
1.1.4.11937.12.3.19
1.1.4.11976.13.2.10
1.1.4.12000.5.1
1.1.4.12062.13.1.11.10.19
1.1.4.12076.5.1.4.2.4.1
1.1.4.12150.6
1.1.4.12158.16.2.9.1.8
1.1.4.12165.5.1.5.2.13.4
1.1.4.12184.10.1.4
1.1.4.12208.5.1.7.5
1.1.4.12210.5.1.2.2.43.2.2
1.1.4.12236.12.2.4.4.6
1.1.4.12260.12
1.1.4.12332.5.1.3.1.2.1.3
1.1.4.12358.5.1
1.1.4.12387.18.2.8.5
1.1.4.12392.9.2.8.2
1.1.4.12403.16.2.18.8.7
1.1.4.12415.15.3.15.2.5
1.1.4.12477.5.1
1.1.4.12632.5.1.3.2.13
1.1.4.12637.5.1.1.1.1.2.5
1.1.4.12652.5.1.2.3.14
1.1.4.12666.11
1.1.4.12774.5.1.3.8.42.4
1.1.4.12785.29.1.4
1.1.4.12855.9.1.6
1.1.4.13003.13.2.6.1
1.1.4.13006.9.1.4
1.1.4.13077.5.1.2
1.1.4.13091.25.2.12
1.1.4.13197.5.1.1.1
1.1.4.13197.5.1.2.1.2.2
1.1.4.13239.8.1.4.5
1.1.4.13294.6
1.1.4.13435.5.1.9.1.3.2.19
1.1.4.13478.3
1.1.4.13481.22.1.9
1.1.4.13482.5.1.2.4.5
1.1.4.13530.5.1.8.6.2
1.1.4.13556.5.1.5.4.3
1.1.4.13625.11.1.17.16
1.1.4.13658.19.3.18.10
1.1.4.13704.6
1.1.4.13799.5.1.13
1.1.4.13870.15.3.9.2
1.1.4.13925.12.1.4.4
1.1.4.13957.5.1.2.2
1.1.4.14040.6
1.1.4.14058.6
1.1.4.14074.32.3.9.20
1.1.4.14089.5.1.1
1.1.4.14233.5.1.8.6
1.1.4.14281.64.2
1.1.4.14394.5.1.10.1.1.3.6
1.1.4.14408.5.1.11.1.23
1.1.4.14443.14.2.19
1.1.4.14444.5.1.1.9.8
1.1.4.14515.5.1.2.2.6
1.1.4.14679.5.1.1
1.1.4.14731.5.1.3.2
1.1.4.14847.15.2.8.1.2.1
1.1.4.14854.21.1.29
1.1.4.14942.5.1.1.21.11.1.2
1.1.4.14978.5.1.2.1.9
1.1.4.15039.19.2.8.3.4.1.7
1.1.4.15105.14.2.23.31.18.14
1.1.4.15286.5.1.3.2.13.6.2.30
1.1.4.15292.5.1.7
1.1.4.15360.9.2.15
1.1.4.15388.5.1.1.1.16
1.1.4.15424.5.1.21
1.1.4.15428.14
1.1.4.15489.15.1.13.12
1.1.4.15541.23.2.6.5.7.1
1.1.4.15544.23.3.19.10.16
1.1.4.15558.16.1.11.7
1.1.4.15578.5.1.5.9.14.4
1.1.4.15598.12.2.13.10
1.1.4.15722.5.1
1.1.4.15731.31.2.14.9.1
1.1.4.15742.30.2.25.7.2.2
1.1.4.15769.35.2.4.7
1.1.4.15866.5.1
1.1.4.15890.22.2.6.9.15.1
1.1.4.15950.13.3.19.1.4
1.1.4.16053.25.2.24.1.1
1.1.4.16069.5.1.12.6.18
1.1.4.16130.5.1.7
1.1.4.16131.12.3.20.8
1.1.4.16165.12
1.1.4.16178.16.1.8.3
1.1.4.16310.43.1.4.7
1.1.4.16346.21.3.12.13
1.1.4.16495.18.2.25
1.1.4.16564.5.1.13
1.1.4.16684.15.2.26.10.13.2
1.1.4.16763.5.1.1
1.1.4.16857.14.3.7.11.24.9
1.1.4.16898.5.1.2
1.1.4.16900.5.1.25.11
1.1.4.16906.14.4.9.14
1.1.4.16933.27.3.22.15
1.1.4.17007.16.4.5.4.2.1.15
1.1.4.17029.5.1.2.2.9
1.1.4.17032.5.1.2
1.1.4.17120.14.3.5.14.16
1.1.4.17132.5.1.36.7.30
1.1.4.17140.16.2.5.3.51
1.1.4.17182.5.1
1.1.4.17236.6
1.1.4.17279.5.1.6
1.1.4.17281.12.3.24
1.1.4.17320.13.2.10
1.1.4.17344.5.1
1.1.4.17398.3
1.1.4.17409.5.1.8.3
1.1.4.17506.5.1.5.2.1
1.1.4.17510.34.2.22.9
1.1.4.17573.5.1.25.3.12
1.1.4.17603.12.2.4.4.6
1.1.4.17627.12
1.1.4.17694.21.4.8.25
1.1.4.17716.5.1
1.1.4.17748.18.2.20.3
1.1.4.17759.10.1.9.2
1.1.4.17776.28.2.12.1
1.1.4.17837.5.1
1.1.4.17893.5.1.18
1.1.4.17923.21.4
1.1.4.17987.64.4.5.5.5.2.4
1.1.4.17990.5.1.17.12.10
1.1.4.18013.25.2.18.1.3.3.11
1.1.4.18135.5.1.3.8.42.4
1.1.4.18146.29.1.4
1.1.4.18162.5.1.7.2
1.1.4.18228.3
1.1.4.18369.13.2.6.1
1.1.4.18372.9.1.4
1.1.4.18562.5.1.1.1
1.1.4.18562.5.1.2.1.2.2
1.1.4.18604.8.1.4.5
1.1.4.18668.6
1.1.4.18705.5.1.6.1
1.1.4.18824.5.1.9.1.3.2.19
1.1.4.18905.5.1.1.3.7
1.1.4.18996.11.1.17.16
1.1.4.19046.5.1.3.2.3.2
1.1.4.19058.24.3.8
1.1.4.19064.10.4.8
1.1.4.19160.5.1.13
1.1.4.19218.14.3.7.2.6.1
1.1.4.19277.12.1.4.4
1.1.4.19309.5.1.2.2
1.1.4.19390.6
1.1.4.19451.5.1.4.20.56.7.23
1.1.4.19531.5.1.3.3.9
1.1.4.19633.12.1.7.19
1.1.4.19748.5.1.4.2.27.1.6
1.1.4.19749.5.1.1.1.29
1.1.4.19766.10.2.4.2
1.1.4.19880.15.2.10
1.1.4.20000.5.1.1.2.2.1
1.1.4.20123.5.1.3.1
1.1.4.20214.15.2.8.1.2.1
1.1.4.20219.29.3.16.1.1.1
1.1.4.20296.5.1.1.21.11.1.2
1.1.4.20309.5.1.4.1
1.1.4.20330.5.1.2.1.9
1.1.4.20391.19.2.8.3.4.1.7
1.1.4.20420.24.1.5.10.27.1
1.1.4.20445.5.1.2
1.1.4.20465.3
1.1.4.20662.5.1.3.2.13.6.2.18
1.1.4.20668.5.1.7
1.1.4.20740.9.2.15
1.1.4.20768.5.1.1.1.16
1.1.4.20801.5.1
1.1.4.20864.15.1.13.12
1.1.4.20936.16.2.6
1.1.4.20956.5.1.5.9.14.4
1.1.4.20976.12.2.13.10
1.1.4.21120.31.2.25.7.1.1
1.1.4.21147.35.2.4.7
1.1.4.21243.5.1
1.1.4.21268.24.2
1.1.4.21271.5.1.3.2
1.1.4.21351.5.1.1.3.12.10.7
1.1.4.21456.25.2.24.1.1
1.1.4.21472.5.1.12.6.18
1.1.4.21533.5.1.7
1.1.4.21534.12.3.20.8
1.1.4.21578.16.1.8.3
1.1.4.21598.5.1.1.5
1.1.4.21726.17.1.4.2
1.1.4.21757.21.3.12.13
1.1.4.21764.16.1.4
1.1.4.21838.13.2.5.3.18.8
1.1.4.21901.25.2.9.23.25.9
1.1.4.21934.22.1.10
1.1.4.21999.32.2.27.1.3.3.10
1.1.4.22119.15.2.26.10.13.2
1.1.4.22202.5.1.1
1.1.4.22334.5.1.2
1.1.4.22378.27.3.22.15
1.1.4.22444.5.1.1
1.1.4.22459.15.3.12.9.12.7
1.1.4.22476.22.1.12
1.1.4.22485.16.7.5
1.1.4.22489.30.1.4
1.1.4.22578.14.3.5.14.16
1.1.4.22590.5.1.36.7.30
1.1.4.22598.16.2.5.3.51
1.1.4.22692.6
1.1.4.22741.28.2.26.1.9.1
1.1.4.22775.18.4
1.1.4.22780.17.2.6.5.3.1.43
1.1.4.22790.8.1.57.6.14
1.1.4.22808.5.1
1.1.4.22862.3
1.1.4.22873.5.1.8.3
1.1.4.22965.6
1.1.4.22973.16.2.9.1.8
1.1.4.22980.5.1.5.2.13.4
1.1.4.23031.5.1.2
1.1.4.23062.12.2.4.4.6
1.1.4.23086.12
1.1.4.23202.18.2.8.5
1.1.4.23207.9.2.8.2
1.1.4.23216.5.1.3.2.12.1.18
1.1.4.23278.5.1
1.1.4.23334.5.1.18
1.1.4.23364.21.4
1.1.4.23430.5.1.1.1.3.1
1.1.4.23436.3
1.1.4.23437.5.1.24.13.6.3.49
1.1.4.23453.5.1.2.3.14
1.1.4.23467.11
1.1.4.23514.3
1.1.4.23543.8.3.4.12
1.1.4.23672.3
1.1.4.23809.13.2.6.1
1.1.4.23812.9.1.4
1.1.4.23894.25.2.12
1.1.4.24001.5.1
1.1.4.24016.23
1.1.4.24096.6
1.1.4.24207.14.2
1.1.4.24232.19.3.6.3.10
1.1.4.24290.3
1.1.4.24293.22.1.9
1.1.4.24294.5.1.2.4.5
1.1.4.24336.17.2.7.2.24
1.1.4.24364.5.1.5.4.3
1.1.4.24429.11.1.17.16
1.1.4.24466.19.3.18.10
1.1.4.24494.24.3.8
1.1.4.24497.14.1.8
1.1.4.24583.8.2.4.2
1.1.4.24731.12.1.4.4
1.1.4.24763.5.1.2.2
1.1.4.24852.6
1.1.4.24919.5.1.4.9.13.5.11
1.1.4.25021.5.1.3.1.1.1
1.1.4.25024.14.2.13.1.2.2
1.1.4.25045.22.2.25.12
1.1.4.25104.64.2
1.1.4.25129.5.1.36
1.1.4.25210.5.1.4.2.25.1.6
1.1.4.25211.5.1.1.1.27
1.1.4.25271.23.2.24.2.9
1.1.4.25346.5.1.30.1.3.1.28
1.1.4.25390.6
1.1.4.25451.5.1.1.2.2.1
1.1.4.25586.13.1.4
1.1.4.25597.36.2.19.12
1.1.4.25663.15.2.8.1.2.1
1.1.4.25739.17.1.4
1.1.4.25744.5.1.1.2.57.1.2
1.1.4.25766.13.2
1.1.4.25845.19.2.8.3.4.1.7
1.1.4.25874.24.1.5.10.27.1
1.1.4.25912.14.2.23.31.18.14
1.1.4.26119.5.1.3.2.13.6.2.11
1.1.4.26125.5.1.7
1.1.4.26147.26.3
1.1.4.26204.9.2.15
1.1.4.26274.5.1
1.1.4.26414.16.1.11.7
1.1.4.26434.5.1.5.9.14.4
1.1.4.26454.12.2.13.10
1.1.4.26525.19.3.10.6
1.1.4.26631.8.1.13.4
1.1.4.26727.5.1.2.1.4.1
1.1.4.26747.24.2
1.1.4.26750.5.1.3.2
1.1.4.26817.5.1.10.1.3.5.8
1.1.4.26933.10.3.8.10
1.1.4.26939.10.2.4
1.1.4.26958.13.2.8.4
1.1.4.27011.5.1.7
1.1.4.27012.5.1.8.5.2.2.29
1.1.4.27055.16.1.8.3
1.1.4.27075.5.1.1.5
1.1.4.27219.43.1.4.7
1.1.4.27255.21.3.12.13
1.1.4.27333.13.2.5.3.18.8
1.1.4.27392.13.3.10.1.5.2
1.1.4.27424.22.1.10
1.1.4.27495.32.2.27.1.3.3.10
1.1.4.27615.15.2.26.10.13.2
1.1.4.27700.5.1.1
1.1.4.27794.14.3.7.11.24.9
1.1.4.27839.5.1.2
1.1.4.27841.5.1.25.11
1.1.4.27882.27.3.22.15
1.1.4.27955.16.4.5.4.2.1.15
1.1.4.27977.5.1.2.2.9
1.1.4.27980.5.1.2
1.1.4.28017.5.1
1.1.4.28066.14.3.5.14.16
1.1.4.28078.5.1.36.7.30
1.1.4.28086.16.2.5.3.51
1.1.4.28128.5.1
1.1.4.28182.6
1.1.4.28224.14.4.14.5
1.1.4.28273.28.2
1.1.4.28329.3
1.1.4.28340.5.1.8.3
1.1.4.28443.5.1.5.2.1
1.1.4.28447.34.2.22.9
1.1.4.28501.5.1.7.5
1.1.4.28503.5.1.2.2.43.2.2
1.1.4.28529.12.2.4.4.6
1.1.4.28553.12
1.1.4.28634.9.3.29
1.1.4.28642.5.1
1.1.4.28671.18.2.8.5
1.1.4.28676.9.2.8.2
1.1.4.28687.10.1.9.2
1.1.4.28704.28.2.12.1
1.1.4.28765.5.1
1.1.4.28821.5.1.18
1.1.4.28908.64.4.5.5.5.2.4
1.1.4.28911.5.1.17.12.10
1.1.4.28932.5.1.3
1.1.4.29135.9.1.6
1.1.4.29304.5.1
1.1.4.29311.27.2.25.9.13.1
1.1.4.29317.18.2.15.30
1.1.4.29489.5.1.1.1
1.1.4.29489.5.1.2.1.2.2
1.1.4.29531.8.1.4.5
1.1.4.29588.6
1.1.4.29622.5.1.6.1
1.1.4.29737.5.1.9.1.3.2.24
1.1.4.29827.5.1.1.3.7
1.1.4.29913.34.1.4.1
1.1.4.29946.19.3.18.10
1.1.4.30083.8.2.4.2
1.1.4.30215.12.1.4.4
1.1.4.30247.5.1.2.2
1.1.4.30328.6
1.1.4.30341.14.1.11.6
1.1.4.30369.32.3.9.20
1.1.4.30384.5.1.1
1.1.4.30516.22.2.25.12
1.1.4.30577.12.1.7.19
1.1.4.30600.5.1.70
1.1.4.30675.9.1.4.2
1.1.4.30677.5.1
1.1.4.30694.10.2.4.2
1.1.4.30742.14.2.19
1.1.4.30743.5.1.1.9.17
1.1.4.30805.32
1.1.4.30812.15.2.24
1.1.4.30977.15.2.7
1.1.4.31031.5.1.3.2
1.1.4.31100.22.3
1.1.4.31151.15.2.8.1.2.1
1.1.4.31242.5.1.1.21.11.1.2
1.1.4.31255.5.1.4.1
1.1.4.31276.5.1.2.1.9
1.1.4.31337.19.2.8.3.4.1.7
1.1.4.31402.14.2.23.31.18.14
1.1.4.31582.5.1.3.2.13.6.2.28
1.1.4.31588.5.1.7
1.1.4.31656.9.2.15
1.1.4.31684.5.1.1.1.16
1.1.4.31723.5.1
1.1.4.31839.23.2.6.5.7.1
1.1.4.31842.23.3.19.10.16
1.1.4.31856.16.1.11.7
1.1.4.31876.5.1.5.9.14.4
1.1.4.31896.12.2.13.10
1.1.4.32065.8.1.13.4
1.1.4.32165.5.1
1.1.4.32190.24.2
1.1.4.32193.5.1.3.2
1.1.4.32256.13.3.19.1.4
1.1.4.32372.5.1.2.29.21
1.1.4.32385.5.1.3.4.6
1.1.4.32436.5.1.11
1.1.4.32437.12.3.24.7
1.1.4.32481.16.1.8.3
1.1.4.32497.5.1.1.5
1.1.4.32633.17.1.4.2
1.1.4.32663.9.2.12.10
1.1.4.32792.5.1.1.1.3.8
1.1.4.32811.22.1.10
1.1.4.32867.5.1.9
1.1.4.32998.15.2.26.10.13.2
1.1.4.33085.5.1.1
1.1.4.33184.23.1.25
1.1.4.33218.5.1.2
1.1.4.33220.5.1.25.11
1.1.4.33226.14.4.9.14
1.1.4.33253.27.3.22.15
1.1.4.33320.5.1.1
1.1.4.33335.15.3.12.9.12.7
1.1.4.33361.10.2.21.14
1.1.4.33374.5.1
1.1.4.33401.5.1.4.1.4
1.1.4.33431.5.1.1.1.11
1.1.4.33475.14.2.8.1.3
1.1.4.33483.5.1.1.1.52.1.1
1.1.4.33490.11.5.4.7
1.1.4.33525.5.1
1.1.4.33570.55.3.35
1.1.4.33572.15.2.9.19
1.1.4.33608.14.4.14.5
1.1.4.33639.13.2.10
1.1.4.33734.3
1.1.4.33745.13.1.11.10.26
1.1.4.33759.5.1.4.2.4.1
1.1.4.33839.5.1.5.2.1
1.1.4.33843.34.2.22.9
1.1.4.33902.5.1.2
1.1.4.33933.12.2.4.4.6
1.1.4.33956.12
1.1.4.34050.8.1.13.5
1.1.4.34080.18.2.8.5
1.1.4.34085.9.2.8.2
1.1.4.34096.16.2.18.8.7
1.1.4.34108.15.3.15.2.5
1.1.4.34170.5.1
1.1.4.34322.64.4.5.5.5.2.4
1.1.4.34325.5.1.17.12.10
1.1.4.34348.25.2.18.1.3.3.11
1.1.4.34374.5.1.1.1
1.1.4.34498.9.1.4
1.1.4.34564.3
1.1.4.34701.13.2.6.1
1.1.4.34704.9.1.4
1.1.4.34957.8.1.4.5
1.1.4.35012.6
1.1.4.35044.5.1.11.1
1.1.4.35124.14.2
1.1.4.35150.19.3.6.3.9
1.1.4.35211.3
1.1.4.35214.22.1.9
1.1.4.35215.5.1.2.4.5
1.1.4.35262.5.1.8.6.2
1.1.4.35288.5.1.5.4.3
1.1.4.35360.16.3.5.8.47
1.1.4.35365.5.1
1.1.4.35382.8.1.4
1.1.4.35387.8.3.4.4
1.1.4.35433.6
1.1.4.35521.8.2.4.2
1.1.4.35642.12.1.4.4
1.1.4.35674.5.1.2.2
1.1.4.35763.6
1.1.4.35776.14.1.11.6
1.1.4.35823.5.1.1
1.1.5.36031.64.2
1.1.5.36056.5.1.36
1.1.5.36132.5.1.4.2.9.1.4
1.1.5.36133.5.1.1.1.11
1.1.5.36194.22.2.32
1.1.5.36271.5.1.30.1.3.1.26
1.1.5.36315.6
1.1.5.36392.5.1.1.2.2.1
1.1.5.36474.5.1.1.7
1.1.5.36476.24.3.21.11.1
1.1.5.36594.15.2.8.1.2.1
1.1.5.36685.5.1.1.21.11.1.2
1.1.5.36698.5.1.4.1
1.1.5.36719.5.1.2.1.9
1.1.5.36780.19.2.8.3.4.1.7
1.1.5.36809.24.1.5.10.27.1
1.1.5.36831.5.1.2
1.1.5.36851.3
1.1.5.37059.5.1.3.2.13.6.2.15
1.1.5.37065.5.1.7
1.1.5.37087.26.3
1.1.5.37140.9.2.15
1.1.5.37168.5.1.1.1.16
1.1.5.37207.5.1
1.1.5.37277.15.1.13.13
1.1.5.37329.23.2.6.5.7.1
1.1.5.37332.23.3.19.10.16
1.1.5.37346.16.1.11.7
1.1.5.37366.5.1.5.9.14.4
1.1.5.37388.13.2.5.3.3
1.1.5.37530.31.2.25.7.1.1
1.1.5.37557.35.2.4.7
1.1.5.37642.14.3.12.11
1.1.5.37727.5.1.7.2.5.4.39
1.1.5.37757.20.2.8
1.1.5.37842.10.3.8.10
1.1.5.37848.10.2.4
1.1.5.37927.5.1.8
1.1.5.37928.8.1.14.3
1.1.5.37969.16.1.8.3
1.1.5.38131.43.1.4.7
1.1.5.38167.16.1.4
1.1.5.38296.5.1.1.1.3.6
1.1.5.38315.22.1.10
1.1.5.38379.32.2.27.1.3.3.10
1.1.5.38695.5.1.2
1.1.5.38697.5.1.25.11
1.1.5.38738.27.3.22.15
1.1.5.38816.5.1.2.55.68.8
1.1.5.38833.22.1.12
1.1.5.38842.16.7.5
1.1.5.38846.30.1.4
1.1.5.38903.5.1.1.1.11
1.1.5.38939.5.1.2.2.5
1.1.5.38973.31.1.9
1.1.5.39005.5.1
1.1.5.39054.5.1.2.8.30.7
1.1.5.39098.5.1.6
1.1.5.39100.12.3.24
1.1.5.39132.18.4
1.1.5.39137.17.2.6.5.3.1.47
1.1.5.39148.5.1.4.15
1.1.5.39158.5.1
1.1.5.39212.3
1.1.5.39223.5.1.8.3
1.1.5.39312.5.1.5.2.1
1.1.5.39316.34.2.22.9
1.1.5.39382.5.1.25.3.12
1.1.5.39410.12.2.4.4.6
1.1.5.39433.12
1.1.5.39527.8.1.13.5
1.1.5.39557.18.2.8.5
1.1.5.39562.9.2.8.2
1.1.5.39574.9.1.7.7
1.1.5.39592.28.2.12.1
1.1.5.39640.26.1.13
1.1.5.39641.5.1.1.8
1.1.5.39693.5.1.18
1.1.5.39723.21.4
1.1.5.39790.64.4.5.5.5.2.4
1.1.5.39793.5.1.17.12.10
1.1.5.39814.5.1.3
1.1.5.39844.5.1.1.1
1.1.5.39933.5.1.3.8.42.4
1.1.5.39944.29.1.4
1.1.5.39960.5.1.7.2
1.1.5.40022.9.1.6
1.1.5.40174.13.2.6.1
1.1.5.40177.9.1.4
1.1.5.40268.19.2
1.1.5.40390.8.1.4.5
1.1.5.40445.6
1.1.5.40595.19.3.6.3.20
1.1.5.40695.22.2.6.4.2.1
1.1.5.40778.34.1.4.1
1.1.5.40806.19.3.18.10
1.1.5.40834.24.3.8
1.1.5.40930.8.2.4.2
1.1.5.41062.13.1.7.1
1.1.5.41082.14.2.50.1.2.2
1.1.5.41085.8.2.4.3
1.1.5.41161.6
1.1.5.41200.32.3.9.20
1.1.5.41215.5.1.1
1.1.5.41296.5.1.3.3.9
1.1.5.41395.64.2
1.1.5.41496.5.1.4.2.27.1.6
1.1.5.41497.5.1.1.1.29
1.1.5.41514.10.2.4.2
1.1.5.41559.14.2.19
1.1.5.41560.5.1.1.9.17
1.1.5.41621.15.2.10
1.1.5.41747.5.1.1.2.2.1
1.1.5.41779.9.1.6.4
1.1.5.41943.15.2.8.1.2.1
1.1.5.42029.5.1.1.21.11.1.2
1.1.5.42051.13.2
1.1.5.42091.5.1.3.3.11.1
1.1.5.42115.22.2.10
1.1.5.42170.5.1.3.5
1.1.5.42367.5.1.3.2.13.6.2.32
1.1.5.42394.42.1.19
1.1.5.42442.9.2.15
1.1.5.42512.5.1
1.1.5.42626.23.2.6.5.7.1
1.1.5.42629.23.3.19.10.16
1.1.5.42643.16.1.11.7
1.1.5.42663.5.1.5.9.14.4
1.1.5.42683.12.2.13.10
1.1.5.42764.19.3.10.6
1.1.5.42867.8.1.13.4
1.1.5.42967.5.1
1.1.5.43057.5.1.1.3.12.10.7
1.1.5.43169.22.1.7.13.13.1
1.1.5.43170.10.1.7
1.1.5.43186.5.1.16.10.16
1.1.5.43238.5.1.8
1.1.5.43239.8.1.14.3
1.1.5.43280.16.1.8.3
1.1.5.43319.5.1.2.5
1.1.5.43400.13.2.10.3
1.1.5.43436.43.1.4.7
1.1.5.43466.9.2.12.10
1.1.5.43598.5.1.1.1.3.6
1.1.5.43617.22.1.10
1.1.5.43683.5.1
1.1.5.43684.12.1.5.4
1.1.5.43708.25.2
1.1.5.43824.15.2.26.10.13.2
1.1.5.43908.5.1.1
1.1.5.44023.23.1.25
1.1.5.44057.5.1.2
1.1.5.44072.15
1.1.5.44099.27.3.22.15
1.1.5.44172.16.4.5.4.2.1.15
1.1.5.44194.5.1.2.2.9
1.1.5.44197.5.1.2
1.1.5.44285.14.3.5.14.16
1.1.5.44297.5.1.36.7.30
1.1.5.44305.16.2.5.3.51
1.1.5.44399.6
1.1.5.44440.5.1.6
1.1.5.44442.12.3.24
1.1.5.44474.18.4
1.1.5.44479.17.2.6.5.3.1.47
1.1.5.44489.8.1.57.6.14
1.1.5.44507.5.1
1.1.5.44568.35.2.16.2.10.3
1.1.5.44658.5.1.5.2.1
1.1.5.44659.26.1.21.7
1.1.5.44681.10.1.4
1.1.5.44705.5.1.7.5
1.1.5.44707.5.1.2.2.43.2.2
1.1.5.44724.20.1.12.8
1.1.5.44731.21.1.11.5.2
1.1.5.44752.17.3.5.4
1.1.5.44770.10.2.4
1.1.5.44868.18.2.20.3
1.1.5.44877.5.1.3.2.12.1.18
1.1.5.44893.5.1.3.14.9.3.26
1.1.5.44951.5.1
1.1.5.45007.5.1.18
1.1.5.45037.21.4
1.1.5.45101.5.1.1.1.3.1
1.1.5.45107.3
1.1.5.45109.5.1.3
1.1.5.45133.25.2.18.1.3.3.55
1.1.5.45162.5.1.1.1
1.1.5.45254.5.1.3.8.42.4
1.1.5.45265.29.1.4
1.1.5.45336.9.1.6
1.1.5.45487.13.2.6.1
1.1.5.45490.9.1.4
1.1.5.45684.5.1.1.1
1.1.5.45684.5.1.2.1.2.2
1.1.5.45726.8.1.4.5
1.1.5.45781.6
1.1.5.45892.14.2
1.1.5.46015.22.2.6.4.2.1
1.1.5.46099.34.1.4.1
1.1.5.46127.19.3.18.10
1.1.5.46213.22.2.7.8.6.3
1.1.5.46373.12.1.4.4
1.1.5.46405.5.1.2.2
1.1.5.46496.6
1.1.5.46534.13.3.9.14
1.1.5.46549.5.1.1
1.1.5.46625.5.1.3.3.9
1.1.5.46667.5.1.8.6
1.1.5.46719.12.1.7.19
1.1.5.46819.5.1.4.2.27.1.6
1.1.5.46820.5.1.1.1.29
1.1.5.46911.5.1.3.4.8.1
1.1.5.46952.15.2.10
1.1.5.47114.5.1.3.2.9
1.1.5.47374.5.1.1.21.11.1.2
1.1.5.47387.5.1.4.1
1.1.5.47408.5.1.2.1.9
1.1.5.47469.19.2.8.3.4.1.7
1.1.5.47498.24.1.5.10.27.1
1.1.5.47536.14.2.23.31.18.14
1.1.5.47727.5.1.3.2.13.6.2.28
1.1.5.47733.5.1.7
1.1.5.47755.26.3
1.1.5.47793.5.1.3.1
1.1.5.47813.10.1.4
1.1.5.47832.11.1.4.12
1.1.5.47878.5.1
1.1.5.47945.15.1.13.12
1.1.5.47997.23.2.6.5.7.1
1.1.5.48000.23.3.19.10.16
1.1.5.48014.16.1.11.7
1.1.5.48034.5.1.5.9.14.4
1.1.5.48054.12.2.13.10
1.1.5.48144.25.1.16.6
1.1.5.48150.5.1
1.1.5.48159.31.2.14.9.1
1.1.5.48170.30.2.25.7.2.2
1.1.5.48197.35.2.4.7
1.1.5.48284.5.1
1.1.5.48309.24.2
1.1.5.48312.5.1.3.2
1.1.5.48501.5.1.2.29.19
1.1.5.48514.5.1.3.4.6
1.1.5.48573.5.1.11
1.1.5.48574.12.3.24.7
1.1.5.48618.16.1.8.3
1.1.5.48634.5.1.1.5
1.1.5.48782.43.1.4.7
1.1.5.48813.21.3.12.13
1.1.5.48894.13.2.5.3.18.8
1.1.5.48957.25.2.10.24
1.1.5.48979.18.2.26
1.1.5.49036.5.1.6
1.1.5.49060.25.2
1.1.5.49180.15.2.26.10.13.2
1.1.5.49330.18.1.13
1.1.5.49382.5.1.2
1.1.5.49429.10.1.13.15
1.1.5.49510.16.4.5.4.2.1.15
1.1.5.49532.5.1.2.2.9
1.1.5.49535.5.1.2
1.1.5.49623.14.3.5.14.16
1.1.5.49635.5.1.36.7.30
1.1.5.49643.16.2.5.3.51
1.1.5.49685.5.1
1.1.5.49734.6
1.1.5.49783.28.2.26.1.9.1
1.1.5.49817.18.4
1.1.5.49822.17.2.6.5.3.1.43
1.1.5.49833.5.1.4.15
1.1.5.49897.3
1.1.5.49908.5.1.8.3
1.1.5.50005.6
1.1.5.50013.16.2.9.1.8
1.1.5.50020.5.1.5.2.13.4
1.1.5.50072.5.1.2
1.1.5.50103.12.2.4.4.6
1.1.5.50127.12
1.1.5.50221.8.1.13.5
1.1.5.50251.18.2.8.5
1.1.5.50256.9.2.8.2
1.1.5.50267.16.2.18.8.7
1.1.5.50279.15.3.15.2.5
1.1.5.50341.5.1
1.1.5.50397.5.1.18
1.1.5.50489.5.1.3.2.13
1.1.5.50494.5.1.1.1.1.2.5
1.1.5.50509.5.1.2.3.14
1.1.5.50523.11
1.1.5.50529.5.1.1.1
1.1.5.50583.8.3.4.23
1.1.5.50632.29.1.4
1.1.5.50648.5.1.7.2
1.1.5.50701.9.1.6
1.1.5.50853.13.2.6.1
1.1.5.50856.9.1.4
1.1.5.50899.18.2.15.30
1.1.5.50942.5.1
1.1.5.51055.5.1.1.1
1.1.5.51055.5.1.2.1.2.2
1.1.5.51152.6
1.1.5.51189.5.1.6.1
1.1.5.51293.5.1.9.1.3.2.24
1.1.5.51383.17.2.6.21.26.8.7
1.1.5.51488.11.1.17.16
1.1.5.51542.24.3.8
1.1.5.51598.22.2.7.8.6.3
1.1.5.51776.13.1.7.1
1.1.5.51796.14.2.50.1.2.2
1.1.5.51799.8.2.4.3
1.1.5.51880.6
1.1.5.51898.6
1.1.5.51918.32.3.9.20
1.1.5.51934.17.2.4
1.1.5.52015.5.1.3.3.9
1.1.5.52052.14.2.7.2.3.3
1.1.5.52125.37.3
1.1.5.52150.5.1.36
1.1.5.52235.5.1.4.2.27.1.6
1.1.5.52236.5.1.1.1.29
1.1.5.52253.10.2.4.2
1.1.5.52371.32
1.1.5.52378.15.2.24
1.1.5.52544.5.1.1
1.1.5.52627.22.1.18.11
1.1.5.52718.15.2.8.1.2.1
1.1.5.52746.5.1.1.1.1.1.12
1.1.5.52812.5.1.1.21.11.1.2
1.1.5.52834.13.2
1.1.5.52874.5.1.3.21.11.1
1.1.5.52898.22.2.10
1.1.5.52926.24.1.5.10.27.1
1.1.5.52948.5.1.2
1.1.5.52968.3
1.1.5.53144.5.1.3.2.13.6.2.20
1.1.5.53150.5.1.7
1.1.5.53231.9.2.15
1.1.5.53259.5.1.1.1.16
1.1.5.53298.5.1
1.1.5.53365.15.1.13.13
1.1.5.53435.16.1.11.7
1.1.5.53455.5.1.5.9.14.4
1.1.5.53475.12.2.13.10
1.1.5.53639.8.1.13.4
1.1.5.53738.14.3.12.11
1.1.5.53951.25.2.24.1.1
1.1.5.53967.5.1.12.6.18
1.1.5.54028.5.1.7
1.1.5.54029.12.3.20.8
1.1.5.54073.16.1.8.3
1.1.5.54093.5.1.1.5
1.1.5.54237.43.1.4.7
1.1.5.54268.21.3.12.13
1.1.5.54275.16.1.4
1.1.5.54349.13.2.5.3.18.8
1.1.5.54412.25.2.9.23.25.9
1.1.5.54445.22.1.10
1.1.5.54509.32.2.27.1.3.3.10
1.1.5.54629.15.2.26.10.13.2
1.1.5.54714.5.1.1
1.1.5.54856.5.1.2
1.1.5.54858.5.1.25.11
1.1.5.54899.27.3.22.15
1.1.5.54986.5.1.2.48.41.8
1.1.5.55003.22.1.12
1.1.5.55012.16.7.5
1.1.5.55016.30.1.4
1.1.5.55044.5.1.4.1.4
1.1.5.55072.15.6.13.9.1
1.1.5.55112.14.2.8.1.3
1.1.5.55120.5.1.1.1.52.1.1
1.1.5.55127.11.5.4.7
1.1.5.55162.5.1
1.1.5.55211.5.1.2.8.30.7
1.1.5.55251.14.4.14.5
1.1.5.55356.3
1.1.5.55367.13.1.11.10.26
1.1.5.55381.5.1.4.2.4.1
1.1.5.55453.5.1.5.2.1
1.1.5.55457.34.2.22.9
1.1.5.55507.5.1.7.5
1.1.5.55509.5.1.2.2.43.2.2
1.1.5.55537.12.2.4.4.6
1.1.5.55560.12
1.1.5.55632.5.1.3.1.2.1.3
1.1.5.55658.5.1
1.1.5.55687.18.2.8.5
1.1.5.55692.9.2.8.2
1.1.5.55704.9.1.7.7
1.1.5.55722.28.2.12.1
1.1.5.55770.26.1.13
1.1.5.55771.5.1.1.8
1.1.5.55823.5.1.18
1.1.5.55869.9.3.17
1.1.5.55885.5.1
1.1.5.55916.64.4.5.5.5.2.4
1.1.5.55919.5.1.17.12.10
1.1.5.55942.25.2.18.1.3.3.11
1.1.5.55968.5.1.1.1
1.1.5.56022.8.3.4.23
1.1.5.56091.25.2
1.1.5.56155.9.1.6
1.1.5.56302.13.2.6.1
1.1.5.56305.9.1.4
1.1.5.56362.5.1.5
1.1.5.56400.25.2.12
1.1.5.56507.5.1
1.1.5.56522.23
1.1.5.56545.8.1.4.5
1.1.5.56602.6
1.1.5.56720.14.2
1.1.5.56800.3
1.1.5.56803.22.1.9
1.1.5.56804.5.1.2.4.5
1.1.5.56852.5.1.8.6.2
1.1.5.56878.5.1.5.4.3
1.1.5.56951.34.1.4.1
1.1.5.56984.19.3.18.10
1.1.5.57032.10.4.8
1.1.5.57120.5.1.13
1.1.5.57189.14.3.7.2.6.1
1.1.5.57242.13.1.7.1
1.1.5.57262.14.2.50.1.2.2
1.1.5.57265.8.2.4.3
1.1.5.57339.6
1.1.5.57357.6
1.1.5.57394.5.1.4.20.69.7.17
1.1.5.57472.5.1.3.3.9
1.1.5.57562.64.2
1.1.5.57663.5.1.4.2.25.1.6
1.1.5.57664.5.1.1.1.27
1.1.5.57720.23.2.24.2.9
1.1.5.57793.5.1.2.2.6
1.1.5.57833.6
1.1.5.57897.5.1.1.2.2.1
1.1.5.57974.13.1.7
1.1.5.57987.5.1.1
1.1.5.58107.15.2.8.1.2.1
1.1.5.58114.21.1.29
1.1.5.58202.5.1.1.21.11.1.2
1.1.5.58236.5.1.2.1.9
1.1.5.58297.19.2.8.3.4.1.7
1.1.5.58362.14.2.23.31.18.14
1.1.5.58466.13.3.5
1.1.5.58560.3
1.1.5.58720.5.1
1.1.5.58783.15.1.13.13
1.1.5.58835.23.2.6.5.7.1
1.1.5.58838.23.3.19.10.16
1.1.5.58852.16.1.11.7
1.1.5.58872.5.1.5.9.14.4
1.1.5.58894.13.2.5.3.3
1.1.5.59036.31.2.25.7.1.1
1.1.5.59063.35.2.4.7
1.1.5.59148.14.3.12.11
1.1.5.59177.5.1.2.1.7.1
1.1.5.59246.5.1.7.1.3.3.13
1.1.5.59359.10.3.8.10
1.1.5.59365.10.2.4
1.1.5.59384.13.2.8.4
1.1.5.59391.5.1.1.1.3.2
1.1.5.59440.5.1.11
1.1.5.59441.12.3.24.7
1.1.5.59485.16.1.8.3
1.1.5.59505.5.1.1.5
1.1.5.59591.5.1.1.1.4
1.1.5.59637.43.1.4.7
1.1.5.59671.21.3.12.13
1.1.5.59678.16.1.4
1.1.5.59823.18.2.25
1.1.5.59893.32.2.27.1.3.3.10
1.1.5.60018.15.2.26.10.13.2
1.1.5.60085.5.1.1
1.1.5.60222.5.1.2
1.1.5.60224.5.1.25.11
1.1.5.60230.14.4.9.14
1.1.5.60235.27.2
1.1.5.60252.29.3.18.14
1.1.5.60331.16.4.5.4.2.1.15
1.1.5.60353.5.1.2.2.9
1.1.5.60356.5.1.2
1.1.5.60444.14.3.5.14.16
1.1.5.60456.5.1.36.7.30
1.1.5.60464.16.2.5.3.51
1.1.5.60506.5.1
1.1.5.60559.6
1.1.5.60596.14.4.14.5
1.1.5.60636.5.1.14
1.1.5.60647.11.4.4.3.15
1.1.5.60724.5.1.12.3.15.1
1.1.5.60814.5.1.24
1.1.5.60819.5.1
1.1.5.60871.5.1.7.5
1.1.5.60873.5.1.2.2.43.2.2
1.1.5.60899.12.2.4.4.6
1.1.5.60922.12
1.1.5.61011.8.1.13.5
1.1.5.61041.18.2.8.5
1.1.5.61046.9.2.8.2
1.1.5.61056.9.1.13.12
1.1.5.61073.28.2.12.1
1.1.5.61138.5.1
1.1.5.61194.5.1.18
1.1.5.61224.21.4
1.1.5.61285.64.4.5.5.5.2.4
1.1.5.61288.5.1.17.12.10
1.1.5.61311.25.2.18.1.3.3.11
1.1.5.61337.5.1.1.1
1.1.5.61394.8.3.4.23
1.1.5.61463.25.2
1.1.5.61527.9.1.6
1.1.5.61678.13.2.6.1
1.1.5.61681.9.1.4
1.1.5.61716.5.1
1.1.5.61723.27.2.25.9.13.1
1.1.5.61729.18.2.15.30
1.1.5.61920.8.1.4.5
1.1.5.61978.6
1.1.5.62130.5.1.9.1.3.2.17
1.1.5.62219.17.2.7.2.43
1.1.5.62247.5.1.5.4.3
1.1.5.62312.11.1.17.16
1.1.5.62345.19.3.18.10
1.1.5.62373.24.3.8
1.1.5.62427.22.2.7.8.6.3
1.1.5.62593.13.1.7.1
1.1.5.62613.14.2.50.1.2.2
1.1.5.62616.8.2.4.3
1.1.5.62690.6
1.1.5.62757.5.1.4.9.13.5.11
1.1.5.62834.5.1.3.3.9
1.1.5.62931.64.2
1.1.5.62956.5.1.36
1.1.5.63038.5.1.4.2.25.1.6
1.1.5.63039.5.1.1.1.27
1.1.5.63100.22.2.32
1.1.5.63176.5.1.2.2.6
1.1.5.63216.6
1.1.5.63329.15.2.7
1.1.5.63424.13.1.4
1.1.5.63435.36.2.18.11.38.4
1.1.5.63589.5.1.1.21.11.1.2
1.1.5.63611.13.2
1.1.5.63651.5.1.3.3.11.1
1.1.5.63675.22.2.10
1.1.5.63731.5.1.3.5
1.1.5.63953.5.1.3.2.13.6.2.18
1.1.5.63959.5.1.7
1.1.5.64059.5.1.1.1.16
1.1.5.64095.5.1.21
1.1.5.64099.14
1.1.5.64218.16.2.6
1.1.5.64238.5.1.5.9.14.4
1.1.5.64258.12.2.13.10
1.1.5.64336.17.1.9
1.1.5.64415.8.1.4
1.1.5.64443.8.1.13.4
1.1.5.64542.14.3.12.11
1.1.5.64633.10.1.6.1
1.1.5.64746.5.1.2.29.21
1.1.5.64817.5.1.7
1.1.5.64818.12.3.20.8
1.1.5.64862.16.1.8.3
1.1.5.65023.43.1.4.7
1.1.5.65057.21.3.12.13
1.1.5.65064.16.1.4
1.1.5.65204.18.2.25
1.1.5.65272.32.2.27.1.3.3.10
1.1.5.65391.15.2.26.10.13.2
1.1.5.65477.5.1.1
1.1.5.65571.14.3.7.11.24.9
1.1.5.65612.5.1.2
1.1.5.65614.5.1.25.11
1.1.5.65655.27.3.22.15
1.1.5.65721.5.1.2.63.107.8
1.1.5.65738.22.1.12
1.1.5.65747.16.7.5
1.1.5.65751.30.1.4
1.1.5.65779.5.1.4.1.4
1.1.5.65807.15.6.13.9.1
1.1.5.65839.5.1.2.2.5
1.1.5.65873.31.1.9
1.1.5.65905.5.1
1.1.5.65954.5.1.2.8.30.7
1.1.5.66000.12.3.19
1.1.5.66039.13.2.10
1.1.5.66132.3
1.1.5.66144.5.1.8.3
1.1.5.66243.5.1.5.2.1
1.1.5.66247.34.2.22.9
1.1.5.66317.5.1.25.3.12
1.1.5.66347.12.2.4.4.6
1.1.5.66371.12
1.1.5.66455.9.3.29
1.1.5.66463.5.1
1.1.5.66492.18.2.8.5
1.1.5.66497.9.2.8.2
1.1.5.66506.5.1.3.2.12.1.18
1.1.5.66522.5.1.3.14.9.3.26
1.1.5.66580.5.1
1.1.5.66636.5.1.18
1.1.5.66682.9.3.17
1.1.5.66698.5.1
1.1.5.66729.64.4.5.5.5.2.4
1.1.5.66732.5.1.17.12.10
1.1.5.66753.5.1.3
1.1.5.66884.5.1.3.8.42.4
1.1.5.66895.29.1.4
1.1.5.66963.9.1.6
1.1.5.67110.13.2.6.1
1.1.5.67113.9.1.4
1.1.5.67156.18.2.15.30
1.1.5.67316.30.1.12
1.1.5.67353.8.1.4.5
1.1.5.67410.6
1.1.5.67567.5.1.9.1.3.2.17
1.1.5.67607.3
1.1.5.67610.22.1.9
1.1.5.67611.5.1.2.4.5
1.1.5.67659.5.1.8.6.2
1.1.5.67685.5.1.5.4.3
1.1.5.67753.16.3.5.8.47
1.1.5.67758.5.1
1.1.5.67775.8.1.4
1.1.5.67780.10.2.4.1
1.1.5.67822.6
1.1.5.67876.22.2.7.8.6.3
1.1.5.67900.15.3.25.13.6
1.1.5.67906.5.1.3
1.1.5.68039.13.1.7.1
1.1.5.68066.5.1.2.2
1.1.5.68147.6
1.1.5.68165.6
1.1.5.68406.64.2
1.1.5.68501.9.1.4.2
1.1.5.68503.5.1
1.1.5.68520.10.2.4.2
1.1.5.68647.5.1.2.2.6
1.1.5.68687.6
1.1.5.68758.5.1.1.2.2.1
1.1.5.68853.16
1.1.5.68965.15.2.8.1.2.1
1.1.5.69054.5.1.1.21.11.1.2
1.1.5.69076.13.2
1.1.5.69155.19.2.8.3.4.1.7
1.1.5.69184.24.1.5.10.27.1
1.1.5.69206.5.1.2
1.1.5.69226.3
1.1.5.69402.5.1.3.2.13.6.2.23
1.1.5.69429.42.1.19
1.1.5.69463.25.1.15
1.1.5.69507.5.1.1.1.16
1.1.5.69546.5.1
1.1.5.69613.15.1.13.12
1.1.5.69665.23.2.6.5.7.1
1.1.5.69668.23.3.19.10.16
1.1.5.69682.16.1.11.7
1.1.5.69702.5.1.5.9.14.4
1.1.5.69722.12.2.13.10
1.1.5.69891.8.1.13.4
1.1.5.69987.5.1.2.1.4.1
1.1.5.70007.24.2
1.1.5.70010.5.1.3.2
1.1.5.70083.13.3.19.1.4
1.1.5.70188.10.3.8.10
1.1.5.70194.10.2.4
1.1.5.70213.13.2.8.4
1.1.5.70220.5.1.1.1.3.2
1.1.5.70275.5.1.8
1.1.5.70276.8.1.14.3
1.1.5.70317.16.1.8.3
1.1.5.70479.43.1.4.7
1.1.5.70509.10.1.4.4
1.1.5.70663.18.2.25
1.1.5.70731.5.1.1.9.11
1.1.5.70857.15.2.26.10.13.2
1.1.5.71022.18.1.13
1.1.5.71074.5.1.2
1.1.5.71076.5.1.25.11
1.1.5.71082.14.4.9.14
1.1.5.71087.27.2
1.1.5.71114.10.1.13.15
1.1.5.71181.5.1.1
1.1.5.71196.15.3.12.9.12.7
1.1.5.71213.22.1.12
1.1.5.71222.16.7.5
1.1.5.71226.30.1.4
1.1.5.71315.14.3.5.14.16
1.1.5.71327.5.1.36.7.30
1.1.5.71335.16.2.5.3.51
1.1.5.71377.5.1
1.1.5.71430.6
1.1.5.71468.17.3.12.1.15.3
1.1.5.71499.13.2.10
1.1.5.71589.30.4.6.11.3.2
1.1.5.71601.36.2.20.2.11.2
1.1.5.71692.6
1.1.5.71700.16.2.9.1.8
1.1.5.71707.5.1.5.2.13.4
1.1.5.71726.10.1.4
1.1.5.71750.5.1.7.5
1.1.5.71752.5.1.2.2.43.2.2
1.1.5.71780.12.2.4.4.6
1.1.5.71803.12
1.1.5.71828.9.1.11
1.1.5.71833.18.2.4
1.1.5.71862.5.1.4.1.2.1.3
1.1.5.71889.5.1
1.1.5.71918.18.2.8.5
1.1.5.71923.9.2.8.2
1.1.5.71934.16.2.18.8.7
1.1.5.71946.15.3.15.2.5
1.1.5.72003.5.1
1.1.5.72059.5.1.18
1.1.5.72089.21.4
1.1.5.72153.64.4.5.5.5.2.4
1.1.5.72156.5.1.17.12.10
1.1.5.72177.5.1.3
1.1.5.72290.9.1.5
1.1.5.72373.9.1.6
1.1.5.72518.13.2.6.1
1.1.5.72521.9.1.4
1.1.5.72720.5.1.1.1
1.1.5.72720.5.1.2.1.2.2
1.1.5.72762.8.1.4.5
1.1.5.72819.6
1.1.5.72951.14.2
1.1.5.72977.19.3.6.3.9
1.1.5.73085.5.1.1.3.7
1.1.5.73192.16.3.5.8.47
1.1.5.73197.5.1
1.1.5.73214.8.1.4
1.1.5.73219.8.3.4.4
1.1.5.73247.24.3.8
1.1.5.73253.10.4.8
1.1.5.73306.22.2.7.8.6.3
1.1.5.73330.15.3.25.13.6
1.1.5.73468.13.1.7.1
1.1.5.73488.14.2.50.1.2.2
1.1.5.73491.8.2.4.3
1.1.5.73567.6
1.1.5.73585.6
1.1.5.73707.5.1.3.3.9
1.1.5.73805.64.2
1.1.5.73900.9.1.4.2
1.1.5.73902.5.1
1.1.5.73919.10.2.4.2
1.1.5.74044.25.2.9.7.15.2
1.1.5.74101.6
1.1.5.74175.5.1.1.2.2.1
1.1.5.74267.16
1.1.5.74461.5.1.1.21.11.1.2
1.1.5.74474.5.1.4.1
1.1.5.74495.5.1.2.1.9
1.1.5.74556.19.2.8.3.4.1.7
1.1.5.74622.14.2.23.31.18.14
1.1.5.74809.5.1.3.2.13.6.2.17
1.1.5.74815.5.1.7
1.1.5.74837.26.3
1.1.5.74953.5.1
1.1.5.75023.15.1.13.13
1.1.5.75090.16.2.6
1.1.5.75110.5.1.5.9.14.4
1.1.5.75135.13.2.5.3.3
1.1.5.75277.31.2.25.7.1.1
1.1.5.75304.35.2.4.7
1.1.5.75384.14.3.12.11
1.1.5.75413.5.1.2.1.7.1
1.1.5.75489.11.1.20.11
1.1.5.75598.22.1.7.13.13.1
1.1.5.75599.10.1.7
1.1.5.75615.5.1.16.10.16
1.1.5.75676.5.1.8
1.1.5.75677.8.1.14.3
1.1.5.75721.16.1.8.3
1.1.5.75835.13.2.10.3
1.1.5.75871.43.1.4.7
1.1.5.75904.21.3.12.13
1.1.5.75911.16.1.4
1.1.5.76027.13.3.10.1.5.2
1.1.5.76116.32.2.27.1.3.3.10
1.1.5.76244.15.2.26.10.13.2
1.1.5.76313.5.1.1
1.1.5.76445.5.1.2
1.1.5.76447.5.1.25.11
1.1.5.76488.27.3.22.15
1.1.5.76554.5.1.1
1.1.5.76569.15.3.12.9.12.7
1.1.5.76586.22.1.12
1.1.5.76595.16.7.5
1.1.5.76599.30.1.4
1.1.5.76627.5.1.4.1.4
1.1.5.76655.15.6.13.9.1
1.1.5.76695.14.2.8.1.3
1.1.5.76703.5.1.1.1.52.1.1
1.1.5.76710.11.5.4.7
1.1.5.76745.5.1
1.1.5.76794.6
1.1.5.76837.5.1.6
1.1.5.76839.12.3.24
1.1.5.76851.5.1.11.2
1.1.5.76872.18.2.9.2.5
1.1.5.76884.5.1.4.15
1.1.5.76965.3
1.1.5.76976.5.1.8.3
1.1.5.77081.5.1.5.2.1
1.1.5.77085.34.2.22.9
1.1.5.77122.13.3.23
1.1.5.77146.5.1.25.3.12
1.1.5.77174.12.2.4.4.6
1.1.5.77197.12
1.1.5.77289.5.1
1.1.5.77318.18.2.8.5
1.1.5.77323.9.2.8.2
1.1.5.77334.16.2.18.8.7
1.1.5.77346.15.3.15.2.5
1.1.5.77408.5.1
1.1.5.77464.5.1.18
1.1.5.77510.9.3.17
1.1.5.77526.5.1
1.1.5.77558.5.1.3.2.13
1.1.5.77563.5.1.1.1.1.2.5
1.1.5.77578.5.1.2.3.14
1.1.5.77592.11
1.1.5.77689.5.1.3.8.42.4
1.1.5.77700.29.1.4
1.1.5.77781.3
1.1.5.77919.13.2.6.1
1.1.5.77922.9.1.4
1.1.5.78153.8.1.4.5
1.1.5.78208.6
1.1.5.78244.5.1
1.1.5.78341.14.2
1.1.5.78366.19.3.6.3.10
1.1.5.78424.3
1.1.5.78427.22.1.9
1.1.5.78428.5.1.2.4.5
1.1.5.78470.17.2.7.2.24
1.1.5.78498.5.1.5.4.3
1.1.5.78562.34.1.4.1
1.1.5.78590.19.3.18.10
1.1.5.78636.6
1.1.5.78727.8.2.4.2
1.1.5.78872.12.1.4.4
1.1.5.78904.5.1.2.2
1.1.5.78993.6
1.1.5.79011.6
1.1.5.79137.5.1.3.3.9
1.1.5.79174.22.2.25.12
1.1.5.79237.12.1.7.19
1.1.5.79337.5.1.4.2.27.1.6
1.1.5.79338.5.1.1.1.29
1.1.5.79396.14.2.19
1.1.5.79397.5.1.1.9.8
1.1.5.79468.5.1.2.2.6
1.1.5.79508.6
1.1.5.79625.9.1.6.4
1.1.5.79792.15.2.8.1.2.1
1.1.5.79799.21.1.29
1.1.5.79887.5.1.1.21.11.1.2
1.1.5.79900.5.1.4.1
1.1.5.79921.5.1.2.1.9
1.1.5.79982.19.2.8.3.4.1.7
1.1.5.80011.24.1.5.10.27.1
1.1.5.80031.5.1.2.1.3
1.1.5.80063.11.3.31
1.1.5.80263.3
1.1.5.80273.5.1.5
1.1.5.80361.9.2.15
1.1.5.80389.5.1.1.1.16
1.1.5.80428.5.1
1.1.5.80495.15.1.13.13
1.1.5.80547.23.2.6.5.7.1
1.1.5.80550.23.3.19.10.16
1.1.5.80564.16.1.11.7
1.1.5.80584.5.1.5.9.14.4
1.1.5.80604.12.2.13.10
1.1.5.80746.31.2.25.7.1.1
1.1.5.80773.35.2.4.7
1.1.5.80853.14.3.12.11
1.1.5.80929.13.3.19.1.4
1.1.5.81042.5.1.2.29.21
1.1.5.81055.5.1.3.4.6
1.1.5.81107.5.1.8
1.1.5.81108.8.1.14.3
1.1.5.81153.16.1.8.3
1.1.5.81169.5.1.1.5
1.1.5.81318.43.1.4.7
1.1.5.81352.21.3.12.13
1.1.5.81479.25.2.9.23.26.14
1.1.5.81569.32.2.27.1.3.3.10
1.1.5.81690.15.2.26.10.13.2
1.1.5.81899.5.1.2
1.1.5.81901.5.1.25.11
1.1.5.81907.14.4.9.14
1.1.5.81912.27.2
1.1.5.81939.10.1.13.15
1.1.5.82022.5.1.2.48.45.8
1.1.5.82039.22.1.12
1.1.5.82048.16.7.5
1.1.5.82052.30.1.4
1.1.5.82092.5.1
1.1.5.82143.14.3.5.14.16
1.1.5.82155.5.1.36.7.30
1.1.5.82163.16.2.5.3.51
1.1.5.82256.5.1.2.8.30.7
1.1.5.82297.5.1.6
1.1.5.82299.12.3.24
1.1.5.82338.13.2.10
1.1.5.82433.5.1.12.3.15.1
1.1.5.82521.5.1.5.2.1
1.1.5.82525.34.2.22.9
1.1.5.82572.5.1.7.5
1.1.5.82574.5.1.2.2.43.2.2
1.1.5.82602.12.2.4.4.6
1.1.5.82626.12
1.1.5.82698.5.1.3.1.2.1.3
1.1.5.82748.5.1.4.2.3.2.18.32
1.1.5.82749.21.3.4.9
1.1.5.82758.42.2.5.22.10
1.1.5.82767.30.2.25.18
1.1.5.82820.5.1
1.1.5.82995.5.1.3
1.1.5.83028.5.1.1.1
1.1.5.83085.8.3.4.23
1.1.5.83153.9.1.4
1.1.5.83196.9.2.8
1.1.5.83223.5.1
1.1.5.83380.5.1
1.1.5.83387.27.2.25.9.13.1
1.1.5.83407.5.1.5
1.1.5.83436.11.2.10.10
1.1.5.83595.8.1.4.5
1.1.5.83652.6
1.1.5.83807.19.3.6.3.20
1.1.5.83875.20.8.9.19
1.1.5.83910.22.2.6.4.2.1
1.1.5.84012.34.1.4.1
1.1.5.84043.8.3.4.4
1.1.5.84073.6
1.1.5.84124.22.2.7.8.6.3
1.1.5.84222.14.3.7.2.6.1
1.1.5.84274.13.1.7.1
1.1.5.84294.14.2.50.1.2.2
1.1.5.84297.8.2.4.3
1.1.5.84371.6
1.1.5.84384.14.1.11.6
1.1.5.84547.5.1.3.1.1.1
1.1.5.84550.14.2.13.1.2.2
1.1.5.84633.64.2
1.1.5.84729.5.1.4.2.9.1.4
1.1.5.84730.5.1.1.1.11
1.1.5.84747.10.2.4.2
1.1.5.84798.19.2.7.1.2.1.3
1.1.5.84798.19.2.8.1.1.1.2
1.1.5.84856.32
1.1.5.84863.15.2.24
1.1.5.84990.5.1.1.2.2.1
1.1.5.85023.5.1.3.2.9
1.1.5.85064.5.1.1.7
1.1.5.85066.24.3.21.11.1
1.1.5.85186.15.2.8.1.2.1
1.1.5.85191.29.3.16.1.1.1
1.1.5.85217.33.4.13
1.1.5.85264.5.1.1.21.11.1.2
1.1.5.85286.13.2
1.1.5.85352.22.2.10
1.1.5.85416.14.2.23.31.18.14
1.1.5.85614.5.1.3.2.13.6.2.8
1.1.5.85620.5.1.7
1.1.5.85724.5.1.1.1.16
1.1.5.85765.5.1
1.1.5.85836.15.1.13.13
1.1.5.85895.14.3
1.1.5.85912.16.1.11.7
1.1.5.85932.5.1.5.9.14.4
1.1.5.85957.13.2.5.3.3
1.1.5.86108.31.2.25.7.1.1
1.1.5.86135.35.2.4.7
1.1.5.86221.14.3.12.11
1.1.5.86250.5.1.2.1.7.1
1.1.5.86319.5.1.10.1.3.5.8
1.1.5.86426.22.1.7.13.27.1
1.1.5.86427.10.1.7
1.1.5.86443.5.1.16.10.16
1.1.5.86507.15.4.21
1.1.5.86508.14.1.4.13
1.1.5.86552.16.1.8.3
1.1.5.86572.5.1.1.5
1.1.5.86718.43.1.4.7
1.1.5.86752.21.3.12.13
1.1.5.86759.16.1.4
1.1.5.86876.25.2.10.24
1.1.5.86898.18.2.26
1.1.5.86969.32.2.27.1.3.3.10
1.1.5.87090.15.2.26.10.13.2
1.1.5.87304.5.1.2
1.1.5.87306.5.1.25.11
1.1.5.87312.14.4.9.14
1.1.5.87339.27.3.22.15
1.1.5.87405.5.1.1
1.1.5.87420.15.3.12.9.12.7
1.1.5.87437.22.1.12
1.1.5.87446.16.7.5
1.1.5.87450.30.1.4
1.1.5.87494.5.1
1.1.5.87543.14.3.5.14.16
1.1.5.87555.5.1.36.7.30
1.1.5.87563.16.2.5.3.51
1.1.5.87661.5.1.2.8.30.7
1.1.5.87702.17.3.12.1.15.3
1.1.5.87729.18.4
1.1.5.87734.17.2.6.5.3.1.23
1.1.5.87745.5.1.4.15
1.1.5.87816.5.1.12.3.15.1
1.1.5.87915.5.1.24
1.1.5.87920.5.1
1.1.5.87964.5.1.7.5
1.1.5.87966.5.1.2.2.43.2.2
1.1.5.87994.12.2.4.4.6
1.1.5.88017.12
1.1.5.88083.24.2.4.30
1.1.5.88094.9.3.29
1.1.5.88102.5.1
1.1.5.88131.18.2.8.5
1.1.5.88136.9.2.8.2
1.1.5.88148.9.1.7.7
1.1.5.88166.28.2.12.1
1.1.5.88231.5.1
1.1.5.88287.5.1.18
1.1.5.88377.5.1.1.1.3.1
1.1.5.88383.3
1.1.5.88384.5.1.24.13.6.3.49
1.1.5.88400.5.1.2.3.14
1.1.5.88414.11
1.1.5.88507.9.1.5
1.1.5.88545.9.1.4
1.1.5.88556.10.1.4
1.1.5.88600.9.1.6
1.1.5.88748.13.2.6.1
1.1.5.88751.9.1.4
1.1.5.88937.21.1.8
1.1.5.88978.8.1.4.5
1.1.5.89035.6
1.1.5.89069.5.1.6.1
1.1.5.89193.5.1.9.1.3.2.17
1.1.5.89233.3
1.1.5.89236.22.1.9
1.1.5.89237.5.1.2.4.5
1.1.5.89283.5.1.1.23.16
1.1.5.89387.11.1.17.16
1.1.5.89422.8.1.4
1.1.5.89427.10.2.4.1
1.1.5.89451.24.3.8
1.1.5.89544.8.2.4.2
1.1.5.89614.14.3.7.2.6.1
1.1.5.89666.12.1.4.4
1.1.5.89698.5.1.2.2
1.1.5.89790.6
1.1.5.89940.5.1.3.3.9
1.1.5.90039.64.2
1.1.5.90140.5.1.4.2.25.1.6
1.1.5.90141.5.1.1.1.27
1.1.5.90199.14.2.19
1.1.5.90200.5.1.1.9.8
1.1.5.90269.5.1.30.1.3.1.26
1.1.5.90313.6
1.1.5.90381.5.1.1.2.2.1
1.1.5.90413.9.1.6.4
1.1.5.90578.15.2.8.1.2.1
1.1.5.90665.5.1.1.21.11.1.2
1.1.5.90687.13.2
1.1.5.90752.19.2.8.3.4.1.7
1.1.5.90785.38.1.8
1.1.5.90819.14.2.23.31.18.14
1.1.5.91031.5.1.3.2.13.6.2.9
1.1.5.91037.5.1.7
1.1.5.91059.26.3
1.1.5.91109.9.2.15
1.1.5.91179.5.1
1.1.5.91297.23.2.6.5.7.1
1.1.5.91300.23.3.19.10.16
1.1.5.91314.16.1.11.7
1.1.5.91334.5.1.5.9.14.4
1.1.5.91354.12.2.13.10
1.1.5.91485.5.1
1.1.5.91494.31.2.14.9.1
1.1.5.91505.5.1.2.8
1.1.5.91547.8.1.13.4
1.1.5.91653.5.1
1.1.5.91678.24.2
1.1.5.91681.5.1.3.2
1.1.5.91881.22.1.7.13.44.1
1.1.5.91882.10.1.7
1.1.5.91898.5.1.16.10.16
1.1.5.91958.5.1.11
1.1.5.91959.12.3.24.7
1.1.5.92007.16.1.8.3
1.1.5.92118.13.2.10.3
1.1.5.92154.43.1.4.7
1.1.5.92264.13.2.5.3.18.8
1.1.5.92327.25.2.10.24
1.1.5.92330.36.1.15
1.1.5.92419.5.1.1.9.11
1.1.5.92767.5.1.2
1.1.5.92769.5.1.25.11
1.1.5.92810.27.3.22.15
1.1.5.92863.18.3
1.1.5.92887.5.1.2.58.71.8
1.1.5.92904.22.1.12
1.1.5.92913.16.7.5
1.1.5.92917.30.1.4
1.1.5.92974.5.1.1.1.11
1.1.5.93018.14.2.8.1.3
1.1.5.93026.5.1.1.1.52.1.1
1.1.5.93033.11.5.4.7
1.1.5.93068.5.1
1.1.5.93117.5.1.2.8.30.7
1.1.5.93167.28.2.26.1.9.1
1.1.5.93208.13.2.10
1.1.5.93296.3
1.1.5.93307.5.1.8.3
1.1.5.93410.6
1.1.5.93423.9.2.8.7
1.1.5.93464.5.1.1.1
1.1.5.93472.5.1.1.5
1.1.5.93502.12.2.4.4.6
1.1.5.93526.12
1.1.5.93593.21.4.8.25
1.1.5.93611.9.3.29
1.1.5.93619.5.1
1.1.5.93648.18.2.8.5
1.1.5.93653.9.2.8.2
1.1.5.93665.9.1.7.7
1.1.5.93683.28.2.12.1
1.1.5.93731.26.1.13
1.1.5.93732.5.1.1.8
1.1.5.93784.5.1.18
1.1.5.93814.21.4
1.1.5.93881.64.4.5.5.5.2.4
1.1.5.93884.5.1.17.12.10
1.1.5.93905.5.1.3
1.1.5.93935.5.1.1.1
1.1.5.93994.8.3.4.12
1.1.5.94109.9.1.6
1.1.5.94247.12.2.26
1.1.5.94280.5.1
1.1.5.94438.5.1.1.1
1.1.5.94438.5.1.2.1.2.2
1.1.5.94480.8.1.4.5
1.1.5.94537.6
1.1.5.94688.5.1.9.1.3.2.24
1.1.5.94734.3
1.1.5.94737.22.1.9
1.1.5.94738.5.1.2.4.5
1.1.5.94779.17.2.7.2.54
1.1.5.94807.5.1.5.4.3
1.1.5.94871.34.1.4.1
1.1.5.94895.17.5.5.4
1.1.5.94942.6
1.1.5.95033.8.2.4.2
1.1.5.95162.13.1.7.1
1.1.5.95182.14.2.50.1.2.2
1.1.5.95185.8.2.4.3
1.1.5.95259.6
1.1.5.95272.14.1.11.6
1.1.5.95320.5.1.1
1.1.5.95436.5.1.3.1.1.1
1.1.5.95439.14.2.13.1.2.2
1.1.5.95525.37.3
1.1.5.95621.5.1.4.2.9.1.7
1.1.5.95622.5.1.1.1.11
1.1.5.95639.10.2.4.2
1.1.5.95687.14.2.19
1.1.5.95688.5.1.1.9.17
1.1.5.95760.5.1.2.2.6
1.1.5.95873.5.1.1.2.2.1
1.1.5.95913.17.1.10.2
1.1.6.2.5.1.3.1
1.1.6.92.15.2.8.1.2.1
1.1.6.179.5.1.1.21.11.1.2
1.1.6.192.5.1.4.1
1.1.6.213.5.1.2.1.9
1.1.6.274.19.2.8.3.4.1.7
1.1.6.326.5.1.2
1.1.6.346.3
1.1.6.519.3
1.1.6.527.5.1.22.2.26
1.1.6.583.25.1.15
1.1.6.671.5.1
1.1.6.789.23.2.6.5.7.1
1.1.6.792.23.3.19.10.16
1.1.6.806.16.1.11.7
1.1.6.826.5.1.5.9.14.4
1.1.6.846.12.2.13.10
1.1.6.941.52.1.4
1.1.6.971.5.1.2.12
1.1.6.1013.8.1.13.4
1.1.6.1118.5.1
1.1.6.1130.22.2.6.9.39.1
1.1.6.1321.22.1.7.12.12.1
1.1.6.1322.10.1.7
1.1.6.1338.5.1.16.10.16
1.1.6.1399.5.1.7
1.1.6.1400.12.3.20.8
1.1.6.1444.16.1.8.3
1.1.6.1610.43.1.4.7
1.1.6.1644.21.3.12.13
1.1.6.1722.13.2.5.3.18.8
1.1.6.1779.25.2.10.24
1.1.6.1801.18.2.26
1.1.6.1862.5.1
1.1.6.1863.12.1.5.4
1.1.6.1887.25.2
1.1.6.1994.15.2.26.10.13.2
1.1.6.2164.14.3.7.11.24.9
1.1.6.2205.5.1.2
1.1.6.2207.5.1.25.11
1.1.6.2248.27.3.22.15
1.1.6.2318.5.1.1
1.1.6.2333.15.3.12.9.12.7
1.1.6.2350.22.1.12
1.1.6.2359.16.7.5
1.1.6.2363.30.1.4
1.1.6.2420.5.1.1.1.11
1.1.6.2464.14.2.8.1.3
1.1.6.2472.5.1.1.1.52.1.1
1.1.6.2479.11.5.4.7
1.1.6.2514.5.1
1.1.6.2563.5.1.2.8.30.7
1.1.6.2610.28.2.26.1.9.1
1.1.6.2649.13.2.10
1.1.6.2744.35.2.16.2.10.3
1.1.6.2837.5.1.5.2.1
1.1.6.2841.34.2.22.9
1.1.6.2860.24.2.28.3.8.4
1.1.6.2884.5.1.7.5
1.1.6.2886.5.1.2.2.43.2.2
1.1.6.2912.12.2.4.4.6
1.1.6.2935.12
1.1.6.3020.9.3.29
1.1.6.3028.5.1
1.1.6.3057.18.2.8.5
1.1.6.3062.9.2.8.2
1.1.6.3073.16.2.18.8.7
1.1.6.3085.15.3.15.2.5
1.1.6.3147.5.1
1.1.6.3299.64.4.5.5.5.2.4
1.1.6.3302.5.1.17.12.10
1.1.6.3323.5.1.3
1.1.6.3352.5.1.1.1
1.1.6.3441.5.1.3.8.42.4
1.1.6.3452.29.1.4
1.1.6.3523.9.1.6
1.1.6.3878.23
1.1.6.3901.8.1.4.5
1.1.6.3958.6
1.1.6.4113.5.1.9.1.3.2.19
1.1.6.4153.3
1.1.6.4156.22.1.9
1.1.6.4157.5.1.2.4.5
1.1.6.4204.5.1.8.6.2
1.1.6.4230.5.1.5.4.3
1.1.6.4302.16.3.5.8.47
1.1.6.4307.5.1
1.1.6.4324.8.1.4
1.1.6.4329.8.3.4.4
1.1.6.4375.6
1.1.6.4474.5.1.13
1.1.6.4617.12.1.4.4
1.1.6.4649.5.1.2.2
1.1.6.4741.6
1.1.6.4785.32.3.9.20
1.1.6.4892.5.1.3.3.9
1.1.6.4990.64.2
1.1.6.5106.9.1.4.2
1.1.6.5108.5.1
1.1.6.5125.10.2.4.2
1.1.6.5242.5.1.30.1.3.1.26
1.1.6.5286.6
1.1.6.5360.5.1.1.2.2.1
1.1.6.5402.5.1.1
1.1.6.5440.13.1.7
1.1.6.5453.5.1.1
1.1.6.5535.22.3
1.1.6.5586.15.2.8.1.2.1
1.1.6.5593.21.1.29
1.1.6.5679.5.1.1.21.11.1.2
1.1.6.5701.13.2
1.1.6.5742.5.1.3.11.20.1
1.1.6.5766.22.2.10
1.1.6.5830.14.2.23.31.18.14
1.2.33.2.1.1.2
1.2.48.6.3.17.3.19.3.13
1.2.142.8.4
1.2.227.2.1.1.1.3
1.2.395.6.3.15.1.4.2.15
1.2.503.6.3.4
1.2.578.4.2.11.2.4
1.2.732.2.1.2
1.2.819.6.3.22.3
1.2.832.2.1.3.2.16
1.2.1122.2.1.15.6.15
1.2.1309.4.2.2.1.5.3.42
1.2.1354.2.1.2.2.5.2
1.2.1425.2.1.1.1.2
1.2.1425.2.1.2.2.3.4.11
1.2.1688.6.3.6
1.2.1739.2.1.1.3.11.1
1.2.1768.2.1.6.3.4
1.2.1826.10.5.15.5.13
1.2.1942.4.2.8.4
1.2.1942.4.2.10.2.10.10
1.2.2160.2.1.4
1.2.2486.6.3.6.1
1.2.2741.4.2
1.2.2776.4.2.13.9.3.1.26
1.2.2934.14.7
1.2.3021.14.7.19
1.2.3070.24.12.47.3.10
1.2.3114.2.1.1.1.1
1.2.3252.2.1
1.2.3321.14.7.31.4.25
1.2.3345.2.1.2.2.2
1.2.3369.6.3.6.2.22
1.2.3387.6.3.7.1.1.1.8.17
1.2.3531.1
1.2.3674.2.1.20.1
1.2.3736.6.3
1.2.3813.8.4.15.3.10.3.27
1.2.3844.2.1.2.2.10.3.15
1.2.3848.2.1
1.2.3877.4.2.3.3.14.5
1.2.3984.2.1.6.1.5
1.2.4019.2.1.14
1.2.4066.10.5.16.4
1.2.4073.2.1
1.2.4075.4.2.5.2.9
1.2.4091.14.7.13
1.2.4122.2.1.6
1.2.4150.1
1.2.4267.2.1.2.1.3.1.15
1.2.4439.6.3.7.1.2
1.2.4480.12.6
1.2.4598.2.1
1.2.4633.2.1.2.2.38.8
1.2.4651.4.2.4.1
1.2.4713.10.5.14
1.2.4760.2.1.2.3.11.1
1.2.4831.2.1.1.1.3
1.2.5052.2.1.12.1.1
1.2.5127.4.2
1.2.5286.2.1
1.2.5382.2.1
1.2.5446.2.1.4.2
1.2.5496.4.2.5.3
1.2.5573.2.1.2.2
1.2.5855.2.1.7.6.10
1.2.5876.8.4
1.2.5998.2.1.7
1.5.48.15.2.1.5.3.6
1.5.132.7.2.1.26.4.21
1.5.166.10.2.1
1.5.169.8.2.1.15.3.27.2
1.5.205.19.2.1.25.2.10
1.5.229.15.2.1.13.5.7.1
1.5.253.9.2.1.1
1.5.300.15.2.1
1.5.361.12.2.1
1.5.491.8.2.1.2.2.3.3
1.5.690.8.2.1.4.2.6
1.5.695.25.2.1
1.5.764.18.2.1.5
1.5.911.13.2.1.21.3.33
1.5.1132.7.2.1.25
1.5.1215.8.2.1.1.1.17.3
1.5.1464.18.2.1
1.5.1512.14.2.1.23.1.2
1.5.1538.12.2.1.9
1.5.1623.8.2.1.25
1.5.1623.8.2.1.28
1.5.1875.8.2.1.18.1.4
1.5.1924.15.2.1.18.6.9
1.5.2014.6.2.1.30.2.5.1
1.5.2341.7.2.1
1.5.2377.7.2.1.1.6.12.2
1.5.2386.9.2.1.18.12
1.5.2501.8.2.1.5.3.14.1
1.5.2663.27.2.1.6
1.5.2836.23.2.1.11
1.5.2844.9.2.1
1.5.2887.18.2.1.1
1.5.2921.7.2.1.5.2.39
1.5.2956.14.2.1.8
1.5.2979.8.2.1.4
1.5.2996.20.2.1.38
1.5.3201.6.2.1.3.2
1.5.3219.11.2.1.6.1.1.1.4
1.5.3233.5.2.1.8.4.28.2.16.6
1.5.3253.8.2.1.3.3
1.5.3333.16.2.1.10.4.2.2.6.1
1.5.3422.8.2.1.7.2
1.5.3479.8.2.1.4
1.5.3561.11.2.1.1.3.9.1.8
1.5.3593.6.2.1.19
1.5.3596.7.2.1.23.1.3.3.30
1.5.3778.18.2.1.9
1.5.3791.7.2.1.9
1.5.3801.10.2.1
1.5.3885.6.2.1.15.1.2.1
1.5.3920.13.2.1.11.1
1.5.3950.8.2.1.2
1.5.4132.10.2.1.11.3.15.2
1.5.4242.9.2.1.18.9.9
1.5.4297.15.2.1.20.3.7.2
1.5.4411.9.2.1
1.5.4446.8.2.1
1.5.4488.14.2.1.1
1.5.4648.9.2.1.3.1
1.5.4674.7.2.1.7.3.7.2
1.5.4702.10.2.1.7.2.4
1.5.4939.14.2.1.14.5
1.5.5050.8.2.1.14.1
1.5.5143.11.2.1.12.1.1
1.5.5251.12.2.1.9
1.5.5294.12.2.1
1.5.5379.10.2.1.1.1.2
1.5.5420.17.2.1.29
1.5.5437.22.2.1
1.5.5516.10.2.1
1.5.5518.8.2.1.17.1.10.2
1.5.5578.12.2.1.8.2.17.6
1.5.5591.19.2.1.9.2
1.5.5902.5.2.1.3
1.5.5946.27.2.1.11.1
1.5.5947.19.2.1
1.5.6060.8.2.1.5.1.2.2
1.5.6128.6.2.1.15
1.5.6251.19.2.1.3.2.3.1.23
1.5.6400.12.2.1.8.1
1.5.6547.10.2.1.4.2.12
1.5.6549.7.2.1.6.4.18.2
1.5.6655.10.2.1.2.1.2
1.5.6826.18.2.1
1.5.6876.7.2.1.10.2.17.5.23
1.5.6995.13.2.1.14.8.25.4
1.5.7048.15.2.1.1.1
1.5.7162.7.2.1.18.2.6
1.5.7245.15.2.1.3.1
1.5.7295.7.2.1.26.4.21
1.5.7317.8.2.1.1.1.4
1.5.7360.11.2.1.9.1.3
1.5.7396.9.2.1.1
1.5.7443.15.2.1
1.5.7490.14.2.1.6.6.14.3
1.5.7617.8.2.1.2.2.3.3
1.5.7626.13.2.1.22.1.3
1.5.7812.10.2.1
1.5.7896.9.2.1.8.2
1.5.7980.9.2.1.4
1.5.7992.9.2.1.17.11.31.5
1.5.8057.13.2.1.21.3.33
1.5.8289.9.2.1.2.1.45.6.23
1.5.8370.8.2.1.1.1.17.3
1.5.8408.10.2.1.8.3
1.5.8513.9.2.1.18
1.5.8537.8.2.1.2.2
1.5.8649.14.2.1.22.1.2
1.5.8675.12.2.1.31
1.5.8719.10.2.1
1.5.8760.8.2.1.25
1.5.8760.8.2.1.28
1.5.9023.8.2.1.18.1.4
1.5.9072.15.2.1.18.6.9
1.5.9382.6.2.1.4.1.4.1.3
1.5.9485.7.2.1
1.5.9521.7.2.1.1.6.12.2
1.5.9530.9.2.1.18.12
1.5.9649.8.2.1.5.3.14.1
1.5.9790.8.2.1.10.2.4.1.2
1.5.9793.7.2.1.3.2.7.1
1.5.9837.12.2.1.13.2.15.1.10
1.5.9960.23.2.1.11
1.5.9968.9.2.1
1.5.10043.7.2.1.5.2.39
1.5.10083.8.2.1.3.3.23.2
1.5.10102.7.2.1.43
1.5.10115.7.2.1.1
1.5.10295.22.2.1.7.6
1.5.10357.5.2.1.8.4.33.2.17.42
1.5.10377.8.2.1.3.3
1.5.10453.16.2.1.10.4.2.2.6.1
1.5.10538.8.2.1.7.2
1.5.10581.8.2.1.6.2.2
1.5.10591.8.2.1.4
1.5.10660.8.2.1
1.5.10664.7.2.1.22
1.5.10696.6.2.1.19
1.5.10699.7.2.1.23.1.3.3.16
1.5.10805.7.2.1.3.2.2.1
1.5.10840.11.2.1.7
1.5.10882.18.2.1.9
1.5.10904.25.2.1.16
1.5.10968.8.2.1
1.5.10993.13.2.1.11.1
1.5.11023.8.2.1.2
1.5.11070.9.2.1
1.5.11143.6.2.1.20
1.5.11247.9.2.1.3.2.3.2.6
1.5.11290.9.2.1.18.9.9
1.5.11345.15.2.1.20.3.7.2
1.5.11460.9.2.1
1.5.11515.9.2.1.14
1.5.11670.16.2.1
1.5.11689.7.2.1.7.3.7.2
1.5.11717.10.2.1.7.2.4
1.5.12058.8.2.1.14.1
1.5.12092.17.2.1.10.1
1.5.12149.11.2.1.12.1.1
1.5.12315.12.2.1
1.5.12351.6.2.1.7.1.2
1.5.12392.10.2.1.1.1.2
1.5.12433.17.2.1.29
1.5.12450.22.2.1
1.5.12528.10.2.1
1.5.12530.8.2.1.17.1.10.2
1.5.12590.12.2.1.8.2.17.6
1.5.12603.19.2.1.9.2
1.5.12709.7.2.1
1.5.12849.10.2.1.28.8
1.5.12916.8.2.1.4
1.5.12949.11.2.1.3
1.5.13283.19.2.1.3.2.3.1.23
1.5.13442.12.2.1.8.1
1.5.13597.10.2.1.4.2.12
1.5.13599.7.2.1.6.4.18.2
1.5.13893.16.2.1.7.1.1
1.5.14018.13.2.1.14.8.25.4
1.5.14078.15.2.1.1.1
1.5.14202.7.2.1.18.2.6
1.5.14252.11.2.1.14
1.5.14334.10.2.1.8.2.4.1.9
1.5.14367.10.2.1
1.5.14370.8.2.1.15.3.27.2
1.5.14406.19.2.1.25.2.10
1.5.14430.15.2.1.13.5.7.1
1.5.14454.9.2.1.1
1.5.14501.15.2.1
1.5.14544.14.2.1.27.8.19.6
1.5.14671.8.2.1.2.2.3.3
1.5.14869.8.2.1.4.2.6
1.5.14874.25.2.1
1.5.14943.18.2.1.5
1.5.15096.13.2.1.2
1.5.15331.9.2.1.2.1.41.6.23
1.5.15412.8.2.1.1.1.17.3
1.5.15450.10.2.1.8.3
1.5.15665.18.2.1
1.5.15715.14.2.1.26.1.2
1.5.15741.12.2.1.31
1.5.15821.8.2.1.25
1.5.15821.8.2.1.28
1.5.16094.8.2.1.18.1.4
1.5.16577.7.2.1
1.5.16613.7.2.1.1.6.12.2
1.5.16622.9.2.1.18.12
1.5.16734.8.2.1.5.3.14.1
1.5.16885.27.2.1.6
1.5.17064.23.2.1.11
1.5.17072.9.2.1
1.5.17149.7.2.1.5.2.39
1.5.17189.8.2.1.3.3.23.2
1.5.17208.7.2.1.43
1.5.17221.7.2.1.1
1.5.17398.22.2.1.7.6
1.5.17475.20.2.1.12.4
1.5.17565.19.2.1.26.1
1.5.17586.10.2.1
1.5.17675.8.2.1.7.2
1.5.17732.8.2.1.4
1.5.17803.8.2.1
1.5.17807.7.2.1.22
1.5.17824.15.2.1.14.6.16
1.5.17940.7.2.1.3.2.2.1
1.5.18014.18.2.1.9
1.5.18027.7.2.1.9
1.5.18047.10.2.1.7.1.2.5.23
1.5.18148.13.2.1.11.1
1.5.18178.8.2.1.2
1.5.18466.9.2.1.18.9.9
1.5.18522.5.2.1.8.1
1.5.18544.19.2.1
1.5.18627.8.2.1
1.5.18643.9.2.1
1.5.18715.14.2.1.1
1.5.18887.15.2.1.18.7
1.5.18909.10.2.1.3.1.64.3
1.5.19241.13.2.1.1.1
1.5.19271.9.2.1.1.1
1.5.19327.11.2.1.12.1.1
1.5.19432.19.2.1
1.5.19484.12.2.1
1.5.19522.6.2.1.7.1.2
1.5.19563.10.2.1.1.1.2
1.5.19604.17.2.1.29
1.5.19621.22.2.1
1.5.19696.9.2.1.9
1.5.19755.12.2.1.8.2.17.6
1.5.19768.19.2.1.9.2
1.5.19876.6.2.1.6.4.25.5
1.5.20078.10.2.1.12
1.5.20115.11.2.1.3
1.5.20411.13.2.1
1.5.20438.19.2.1.3.2.3.1.23
1.5.20587.12.2.1.8.1
1.5.20747.10.2.1.4.2.12
1.5.20749.7.2.1.6.4.18.2
1.5.20993.18.2.1
1.5.21048.9.2.1.3.3.33.6
1.5.21160.15.2.1
1.5.21366.7.2.1.18.2.6
1.5.21496.7.2.1.26.4.21
1.5.21540.13.2.1.23.5.18.2
1.5.21564.11.2.1.13.1.3
1.5.21597.9.2.1.1
1.5.21644.15.2.1
1.5.21705.12.2.1
1.5.21835.8.2.1.2.2.3.3
1.5.22028.8.2.1.4.2.6
1.5.22033.25.2.1
1.5.22094.9.2.1.8.2
1.5.22245.13.2.1.2
1.5.22373.16.2.1.10.6
1.5.22480.9.2.1.2.1.45.6.23
1.5.22561.8.2.1.1.1.17.3
1.5.22597.14.2.1.1.1
1.5.22708.6.2.1.7
1.5.22730.8.2.1.2.2
1.5.22788.18.2.1
1.5.22840.7.2.1.20.1.1
1.5.22876.12.2.1.9
1.5.22951.13.2.1.13.2.9
1.5.22951.13.2.1.16.3.5
1.5.23170.12.2.1.4.8.16
1.5.23215.8.2.1.18.1.4
1.5.23264.15.2.1.18.6.9
1.5.23705.14.2.1.1.1.3.2
1.5.23714.9.2.1.18.12
1.5.23826.8.2.1.5.3.14.1
1.5.23913.20.2.1.1.1.8.5
1.5.23971.8.2.1.10.2.4.1.2
1.5.23974.7.2.1.3.2.7.1
1.5.24016.12.2.1.13.2.15.1.10
1.5.24144.23.2.1.11
1.5.24152.9.2.1
1.5.24233.7.2.1.5.2.39
1.5.24273.8.2.1.3.3.23.2
1.5.24292.7.2.1.43
1.5.24305.7.2.1.1
1.5.24552.20.2.1.12.4
1.5.24642.19.2.1.26.1
1.5.24656.15.2.1.12.2.9.1.2.5
1.5.24772.9.2.1.11
1.5.24782.12.2.1.8.1.15
1.5.24785.12.2.1
1.5.24795.17.2.1.4.1.6.3
1.5.24860.11.2.1.1.3.10.1.11
1.5.24888.6.2.1.19
1.5.24891.7.2.1.23.1.3.3.18
1.5.25003.7.2.1.3.2.2.1
1.5.25038.11.2.1.5
1.5.25080.18.2.1.9
1.5.25087.19.2.1.9.2.4.9.16
1.5.25105.10.2.1.7.1.2.6.12
1.5.25204.13.2.1.11.1
1.5.25234.8.2.1.2
1.5.25281.9.2.1
1.5.25407.10.2.1.11.3.15.2
1.5.25474.8.2.1.2.6.11.4.13
1.5.25508.9.2.1.14.9.10
1.5.25563.15.2.1.20.3.7.2
1.5.25681.9.2.1
1.5.25716.8.2.1
1.5.25758.14.2.1.1
1.5.25916.9.2.1.3.1
1.5.25940.7.2.1.34.6.30.3
1.5.25968.10.2.1.7.2.4
1.5.26392.11.2.1.12.1.1
1.5.26496.12.2.1.9
1.5.26539.12.2.1
1.5.26623.18.2.1.2
1.5.26659.13.2.1.2
1.5.26676.22.2.1
1.5.26751.9.2.1.9
1.5.26910.7.2.1
1.5.27009.11.2.1.1
1.5.27101.8.2.1.15.6
1.5.27113.6.2.1.7.1.2.3.5
1.5.27143.11.2.1.3
1.5.27486.19.2.1.3.2.3.1.23
1.5.27645.12.2.1.8.1
1.5.27795.10.2.1.4.2.12
1.5.27797.7.2.1.6.4.18.2
1.5.28055.18.2.1
1.5.28110.9.2.1.3.3.33.6
1.5.28201.7.2.1.23
1.5.28296.15.2.1.1.1
1.5.28410.7.2.1.18.2.6
1.5.28540.7.2.1.26.4.21
1.5.28608.19.2.1.25.2.12
1.5.28632.15.2.1.13.5.7.1
1.5.28659.14.2.1
1.5.28745.12.2.1
1.5.28854.8.2.1.2.2.3.3
1.5.28865.7.2.1.4
1.5.29059.8.2.1.4.2.6
1.5.29064.25.2.1
1.5.29133.18.2.1.5
1.5.29281.13.2.1.21.3.33
1.5.29428.30.2.1.2
1.5.29505.7.2.1.25
1.5.29594.8.2.1.1.1.17.3
1.5.29630.14.2.1.1.1
1.5.29893.14.2.1.26.1.2
1.5.29919.12.2.1.31
1.5.29991.6.2.1.4.1.13
1.5.29991.6.2.1.6.3.16
1.5.30006.16.2.1.17.2
1.5.30285.8.2.1.18.1.4
1.5.30420.6.2.1.30.2.5.1
1.5.30571.8.2.1
1.5.30670.26.2.1.6.4.18
1.5.30808.14.2.1.1.1.3.2
1.5.30817.9.2.1.18.12
1.5.31079.9.2.1.3.1.6.3.9
1.5.31110.13.2.1
1.5.31260.23.2.1.11
1.5.31268.9.2.1
1.5.31316.13.2.1
1.5.31341.7.2.1.5.2.39
1.5.31381.8.2.1.3.3.23.2
1.5.31400.7.2.1.43
1.5.31413.7.2.1.1
1.5.31671.20.2.1.12.4
1.5.31756.19.2.1.26.1
1.5.31777.10.2.1
1.5.31913.8.2.1.4
1.5.31993.11.2.1.1.3.9.1.8
1.5.32025.6.2.1.19
1.5.32028.7.2.1.23.1.3.3.30
1.5.32134.7.2.1.3.2.2.1
1.5.32169.11.2.1.7
1.5.32211.18.2.1.9
1.5.32338.13.2.1.11.1
1.5.32368.8.2.1.2
1.5.32415.9.2.1
1.5.32609.8.2.1.1.1.14.4.13
1.5.32643.9.2.1.14.9.10
1.5.32699.5.2.1.8.1
1.5.32721.19.2.1
1.5.32806.15.2.1.2.1
1.5.32887.14.2.1.1
1.5.33042.9.2.1.39.1
1.5.33061.7.2.1.7.3.7.2
1.5.33089.10.2.1.7.2.4
1.5.33261.16.2.1.5.4.7.1.36
1.5.33443.8.2.1.14.1
1.5.33532.11.2.1.12.1.1
1.5.33627.18.2.1.13.4.16.1.1
1.5.33636.12.2.1.37
1.5.33679.12.2.1
1.5.33763.10.2.1.1.1.2
1.5.33804.17.2.1.29
1.5.33821.22.2.1
1.5.33896.9.2.1.9
1.5.34277.5.2.1.3
1.5.34321.27.2.1.11.1
1.5.34322.19.2.1
1.5.34439.8.2.1.5.1.2.2
1.5.34631.19.2.1.3.2.3.1.23
1.5.34763.25.2.1.1.2.7
1.5.34988.10.2.1.4.2.12
1.5.34990.7.2.1.6.4.18.2
1.5.35098.10.2.1.2.1.2
1.5.35261.18.2.1
1.5.35311.7.2.1.10.2.17.5.23
1.5.35428.13.2.1.14.8.25.4
1.5.35614.7.2.1.18.2.6
1.5.35664.11.2.1.14
1.5.35746.10.2.1.8.2.4.1.9
1.5.35779.10.2.1
1.5.35782.8.2.1.15.3.27.2
1.5.35818.19.2.1.25.2.10
1.5.35842.15.2.1.13.5.7.1
1.5.35907.15.2.1
1.5.35967.12.2.1
1.5.36076.8.2.1.2.2.3.3
1.5.36085.13.2.1.22.1.3
1.5.36265.8.2.1.4.2.6
1.5.36270.25.2.1
1.5.36331.9.2.1.8.2
1.5.36478.13.2.1.21.3.33
1.5.36601.16.2.1.10.6
1.5.36701.9.2.1.2.1.41.6.23
1.5.36782.8.2.1.1.1.17.3
1.5.36820.10.2.1.8.3
1.5.37033.18.2.1
1.5.37083.14.2.1.26.1.2
1.5.37109.12.2.1.31
1.5.37184.13.2.1.13.2.9
1.5.37184.13.2.1.16.3.5
1.5.37432.8.2.1.18.1.4
1.5.37481.15.2.1.18.6.9
1.5.37572.6.2.1.30.2.5.1
1.5.37820.10.2.1.7.2
1.5.37913.7.2.1
1.5.37949.7.2.1.1.6.12.2
1.5.37958.9.2.1.18.12
1.5.38070.8.2.1.5.3.14.1
1.5.38218.8.2.1.10.2.4.1.2
1.5.38221.7.2.1.3.2.7.1
1.5.38265.12.2.1.13.2.15.1.10
1.5.38389.8.2.1.17
1.5.38401.9.2.1
1.5.38463.7.2.1.5.2.39
1.5.38503.8.2.1.3.3.23.2
1.5.38522.7.2.1.43
1.5.38535.7.2.1.1
1.5.38781.20.2.1.12.4
1.5.38871.19.2.1.26.1
1.5.38892.10.2.1
1.5.39010.8.2.1.27.7.17
1.5.39088.8.2.1
1.5.39092.7.2.1.22
1.5.39109.15.2.1.14.6.16
1.5.39230.7.2.1.3.2.2.1
1.5.39265.11.2.1.5
1.5.39307.18.2.1.9
1.5.39318.20.2.1.5
1.5.39337.25.2.1.16
1.5.39435.13.2.1.11.1
1.5.39465.8.2.1.2
1.5.39512.9.2.1
1.5.39686.9.2.1.3.2.3.2.6
1.5.39729.9.2.1.18.9.9
1.5.39785.5.2.1.8.1
1.5.39807.19.2.1
1.5.39880.6.2.1.34.1.35.5
1.5.39902.9.2.1
1.5.39957.9.2.1.14
1.5.40126.15.2.1.18.7
1.5.40375.14.2.1.14.5
1.5.40487.13.2.1.1.1
1.5.40577.11.2.1.12.1.1
1.5.40672.18.2.1.13.4.16.1.1
1.5.40681.12.2.1.37
1.5.40724.12.2.1
1.5.40808.10.2.1.1.1.2
1.5.40849.17.2.1.29
1.5.40866.22.2.1
1.5.40939.10.2.1
1.5.40941.8.2.1.17.1.10.2
1.5.41001.12.2.1.8.2.17.6
1.5.41014.19.2.1.9.2
1.5.41121.7.2.1
1.5.41315.10.2.1.12
1.5.41352.11.2.1.3
1.5.41476.8.2.1.5.1.2.2
1.5.41542.10.2.1.6.5.8
1.5.41674.19.2.1.3.2.3.1.23
1.5.41806.25.2.1.1.2.7
1.5.42036.10.2.1.4.2.12
1.5.42038.7.2.1.6.4.18.2
1.5.42319.16.2.1.7.1.1
1.5.42418.7.2.1.23
1.5.42453.15.2.1
1.5.42528.15.2.1.1.1
1.5.42652.7.2.1.18.2.6
1.5.42702.11.2.1.14
1.5.42794.7.2.1.26.4.21
1.5.42828.10.2.1
1.5.42831.8.2.1.15.3.27.2
1.5.42862.11.2.1.13.1.3
1.5.42895.9.2.1.1
1.5.42942.15.2.1
1.5.43007.8.2.1.6.6
1.5.43144.8.2.1.2.2.3.3
1.5.43341.8.2.1.4.2.6
1.5.43346.25.2.1
1.5.43412.8.2.1.4.2.3.1.28
1.5.43561.13.2.1.21.3.33
1.5.43691.16.2.1.10.6
1.5.43798.9.2.1.2.1.45.6.23
1.5.43880.8.2.1.1.1.17.3
1.5.43918.10.2.1.8.3
1.5.44117.27.2.1.7.2
1.5.44165.7.2.1.20.1.1
1.5.44201.12.2.1.30
1.5.44245.10.2.1
1.5.44286.8.2.1.25
1.5.44286.8.2.1.28
1.5.44562.12.2.1.14.2.5.3
1.5.44609.15.2.1.18.6.9
1.5.44844.8.2.1
1.5.45013.7.2.1
1.5.45049.7.2.1.1.6.12.2
1.5.45058.9.2.1.18.12
1.5.45177.8.2.1.5.3.14.1
1.5.45260.20.2.1.1.1.50.7
1.5.45318.8.2.1.10.2.4.1.2
1.5.45321.7.2.1.3.2.7.1
1.5.45490.23.2.1.11
1.5.45498.9.2.1
1.5.45585.7.2.1.5.2.39
1.5.45620.14.2.1.8
1.5.45643.8.2.1.4
1.5.45660.20.2.1.38
1.5.45908.25.2.1.7.2
1.5.45932.8.2.1.3.3
1.5.45989.19.2.1.26.1
1.5.46003.15.2.1.12.2.9.1.2.5
1.5.46013.7.2.1.10.3
1.5.46128.8.2.1.27.7.17
1.5.46219.11.2.1.1.3.9.1.8
1.5.46247.6.2.1.19
1.5.46250.7.2.1.23.1.3.3.18
1.5.46362.7.2.1.3.2.2.1
1.5.46397.11.2.1.5
1.5.46439.18.2.1.9
1.5.46452.7.2.1.9
1.5.46462.10.2.1
1.5.46572.13.2.1.11.1
1.5.46654.9.2.1
1.5.46915.9.2.1.18.9.9
1.5.46971.5.2.1.8.1
1.5.46993.19.2.1
1.5.47067.8.2.1
1.5.47083.9.2.1
1.5.47138.9.2.1.14
1.5.47293.9.2.1.3.1
1.5.47317.7.2.1.34.6.30.3
1.5.47345.10.2.1.7.2.4
1.5.47499.6.2.1.3.1.23.6.21
1.5.47674.8.2.1.14.1
1.5.47765.11.2.1.12.1.1
1.5.47872.19.2.1
1.5.47924.12.2.1
1.5.48008.10.2.1.1.1.2
1.5.48049.17.2.1.29
1.5.48066.22.2.1
1.5.48142.9.2.1.9
1.5.48201.12.2.1.8.2.17.6
1.5.48214.19.2.1.9.2
1.5.48311.6.2.1.6.4.37.5
1.5.48445.10.2.1.28.9
1.5.48508.8.2.1.4
1.5.48541.11.2.1.3
1.5.48841.13.2.1
1.5.48868.19.2.1.3.2.3.1.23
1.5.49196.10.2.1.4.2.12
1.5.49198.7.2.1.6.4.18.2
1.5.49441.18.2.1
1.5.49504.6.2.1
1.5.49616.15.2.1
1.5.49685.15.2.1.1.1
1.5.49819.7.2.1.18.2.6
1.5.49902.15.2.1.3.1
1.5.49952.7.2.1.26.4.21
1.5.49996.13.2.1.23.5.18.2
1.5.50020.11.2.1.13.1.3
1.5.50053.9.2.1.1
1.5.50100.15.2.1
1.5.50161.12.2.1
1.5.50293.8.2.1.2.2.3.4
1.5.50304.7.2.1.4
1.5.50501.8.2.1.4.2.6
1.5.50506.25.2.1
1.5.50575.18.2.1.5
1.5.50722.13.2.1.21.3.33
1.5.50840.16.2.1.10.6
1.5.50940.9.2.1.2.1.41.6.23
1.5.51021.8.2.1.1.1.17.3
1.5.51057.14.2.1.1.1
1.5.51191.8.2.1.2.2
1.5.51249.18.2.1
1.5.51305.8.2.1.14
1.5.51333.12.2.1.31
1.5.51377.10.2.1
1.5.51415.6.2.1.4.1.3
1.5.51430.16.2.1.17.2
1.5.51700.8.2.1.18.1.4
1.5.52205.14.2.1.1.1.3.2
1.5.52214.9.2.1.18.12
1.5.52336.8.2.1.5.3.14.1
1.5.52489.8.2.1.10.2.4.1.2
1.5.52492.7.2.1.3.2.7.1
1.5.52668.23.2.1.11
1.5.52676.9.2.1
1.5.52753.7.2.1.5.2.39
1.5.52793.8.2.1.3.3.23.2
1.5.52812.7.2.1.43
1.5.52825.7.2.1.1
1.5.53074.5.2.1.8.4.33.2.16.27
1.5.53155.19.2.1.26.1
1.5.53169.15.2.1.12.2.9.1.2.5
1.5.53251.8.2.1.7.2
1.5.53308.8.2.1.4
1.5.53379.8.2.1
1.5.53383.7.2.1.22
1.5.53400.15.2.1.14.6.16
1.5.53516.7.2.1.3.2.2.1
1.5.53551.11.2.1.5
1.5.53593.18.2.1.9
1.5.53619.25.2.1.16
1.5.53726.13.2.1.11.1
1.5.53756.8.2.1.2
1.5.54009.9.2.1.3.2.3.2.6
1.5.54098.5.2.1.8.1
1.5.54120.19.2.1
1.5.54197.15.2.1.2.1
1.5.54278.14.2.1.1
1.5.54464.15.2.1.18.7
1.5.54486.10.2.1.3.1.64.3
1.5.54701.6.2.1.35.1.10.3
1.5.54718.14.2.1.14.5
1.5.54828.8.2.1.14.1
1.5.54917.11.2.1.12.1.1
1.5.55027.19.2.1
1.5.55076.12.2.1
1.5.55112.6.2.1.7.1.2
1.5.55154.10.2.1.1.1.2
1.5.55195.17.2.1.29
1.5.55212.22.2.1
1.5.55280.10.2.1
1.5.55282.8.2.1.17.1.10.2
1.5.55326.17.2.1.4
1.5.55452.7.2.1
1.5.55640.8.2.1.15.6
1.5.55652.6.2.1.7.1.2.3.5
1.5.55682.11.2.1.3
1.5.56014.19.2.1.3.2.3.1.23
1.5.56173.12.2.1.8.1
1.5.56316.10.2.1.4.2.12
1.5.56318.7.2.1.6.4.18.2
1.5.56573.18.2.1
1.5.56716.7.2.1.23
1.5.56822.15.2.1.1.1
1.5.56946.7.2.1.18.2.6
1.5.57076.7.2.1.26.4.21
1.5.57110.10.2.1
1.5.57113.8.2.1.15.3.27.2
1.5.57144.19.2.1.25.2.10
1.5.57168.15.2.1.13.5.7.1
1.5.57192.9.2.1.1
1.5.57239.15.2.1
1.5.57299.12.2.1
1.5.57410.8.2.1.2.2.3.4
1.5.57606.8.2.1.4.2.6
1.5.57611.25.2.1
1.5.57675.9.2.1.8.2
1.5.57819.13.2.1.2
1.5.58047.9.2.1.2.1.41.6.23
1.5.58128.8.2.1.1.1.17.3
1.5.58166.10.2.1.8.3
1.5.58301.8.2.1.2.2
1.5.58371.18.2.1
1.5.58424.15.2.1.4
1.5.58430.9.2.1
1.5.58541.8.2.1.25
1.5.58541.8.2.1.28
1.5.58778.12.2.1.4.8.16
1.5.58822.12.2.1.14.2.5.3
1.5.58869.15.2.1.18.6.9
1.5.58960.6.2.1.30.2.5.1
1.5.59111.8.2.1
1.5.59301.7.2.1
1.5.59337.7.2.1.1.6.12.2
1.5.59346.9.2.1.18.12
1.5.59458.8.2.1.5.3.14.1
1.5.59623.8.2.1.10.2.4.1.2
1.5.59626.7.2.1.3.2.7.1
1.5.59796.23.2.1.11
1.5.59804.9.2.1
1.5.59881.7.2.1.5.2.39
1.5.59921.8.2.1.3.3.23.2
1.5.59940.7.2.1.43
1.5.59953.7.2.1.1
1.5.60203.5.2.1.9.2
1.5.60222.8.2.1.3.3
1.5.60279.19.2.1.26.1
1.5.60293.15.2.1.12.2.9.1.2.5
1.5.60303.7.2.1.10.3
1.5.60406.9.2.1.11
1.5.60506.11.2.1.1.3.10.1.11
1.5.60538.6.2.1.19
1.5.60541.7.2.1.23.1.3.3.33
1.5.60664.7.2.1.3.2.2.1
1.5.60738.18.2.1.9
1.5.60751.7.2.1.9
1.5.60771.10.2.1.7.1.2.5.23
1.5.60874.13.2.1.11.1
1.5.60904.8.2.1.2
1.5.60951.9.2.1
1.5.61024.6.2.1.20
1.5.61069.10.2.1.11.3.15.2
1.5.61136.8.2.1.2.6.11.4.13
1.5.61170.9.2.1.14.9.10
1.5.61226.5.2.1.8.1
1.5.61248.19.2.1
1.5.61322.6.2.1.34.1.35.5
1.5.61344.9.2.1
1.5.61399.9.2.1.14
1.5.61566.15.2.1.18.7
1.5.62032.11.2.1.12.1.1
1.5.62139.19.2.1
1.5.62191.12.2.1
1.5.62276.10.2.1.1.1.2
1.5.62317.17.2.1.29
1.5.62334.22.2.1
1.5.62402.10.2.1
1.5.62404.8.2.1.17.1.10.2
1.5.62451.13.2.1
1.5.62466.12.2.1.8.2.24.11
1.5.62479.19.2.1.9.2
1.5.62503.7.2.1
1.5.62589.6.2.1.6.4.26.5
1.5.62800.5.2.1.3
1.5.62844.27.2.1.11.1
1.5.62845.19.2.1
1.5.62977.8.2.1.5.1.2.2
1.5.63166.19.2.1.3.2.3.1.23
1.5.63298.25.2.1.1.2.7
1.5.63521.10.2.1.4.2.12
1.5.63523.7.2.1.6.4.18.2
1.5.63779.18.2.1
1.5.63831.8.2.1.15
1.5.63843.6.2.1
1.5.63953.15.2.1
1.5.64141.7.2.1.18.2.6
1.5.64191.11.2.1.14
1.5.64285.10.2.1.26.3.17.1.7
1.5.64318.10.2.1
1.5.64321.8.2.1.15.3.27.2
1.5.64357.19.2.1.25.2.10
1.5.64381.15.2.1.13.5.7.1
1.5.64408.14.2.1
1.5.64455.15.2.1
1.5.64520.8.2.1.42.8
1.5.64638.8.2.1.2.2.3.4
1.5.64829.8.2.1.4.2.6
1.5.64834.25.2.1
1.5.64903.18.2.1.5
1.5.65043.13.2.1.21.3.33
1.5.65170.16.2.1.10.6
1.5.65197.7.2.1.18.1.6
1.5.65280.7.2.1.25
1.5.65369.8.2.1.1.1.17.3
1.5.65405.14.2.1.1.1
1.5.65678.8.2.1.45
1.5.65706.12.2.1.31
1.5.65766.10.2.1
1.5.65807.8.2.1.25
1.5.65807.8.2.1.28
1.5.66071.8.2.1.18.1.4
1.5.66206.6.2.1.30.2.5.1
1.5.66552.14.2.1.1.1.3.2
1.5.66561.9.2.1.18.12
1.5.66680.8.2.1.5.3.14.1
1.5.66827.27.2.1.6
1.5.67003.23.2.1.11
1.5.67011.9.2.1
1.5.67092.7.2.1.5.2.39
1.5.67100.18.2.1.9.2.9.2
1.5.67126.14.2.1.8
1.5.67149.8.2.1.4
1.5.67166.20.2.1.38
1.5.67424.20.2.1.12.4
1.5.67509.19.2.1.26.1
1.5.67523.15.2.1.12.2.9.1.2.5
1.5.67533.7.2.1.10.3
1.5.67649.8.2.1.27.7.17
1.5.67740.11.2.1.1.3.9.1.8
1.5.67765.10.2.1.4.2.3
1.5.67773.7.2.1.15.1.5.2.5
1.5.67876.7.2.1.3.2.2.1
1.5.67950.18.2.1.9
1.5.67963.7.2.1.9
1.5.67973.10.2.1
1.5.68057.6.2.1.15.1.2.1
1.5.68092.13.2.1.11.1
1.5.68174.9.2.1
1.5.68374.9.2.1.3.2.3.2.6
1.5.68417.9.2.1.18.9.9
1.5.68472.15.2.1.20.3.7.2
1.5.68565.15.2.1.2.1
1.5.68646.14.2.1.1
1.5.68794.15.2.1.18.7
1.5.68975.16.2.1.5.4.7.1.36
1.5.69153.8.2.1.14.1
1.5.69251.11.2.1.12.1.1
1.5.69355.12.2.1.9
1.5.69398.12.2.1
1.5.69482.18.2.1.2
1.5.69518.13.2.1.2
1.5.69535.22.2.1
1.5.69597.8.2.1.7.3.2
1.5.69996.5.2.1.3
1.5.70040.27.2.1.11.1
1.5.70041.19.2.1
1.5.70158.8.2.1.5.1.2.2
1.5.70218.10.2.1.6.5.8
1.5.70350.19.2.1.3.2.3.1.23
1.5.70482.25.2.1.1.2.7
1.5.70698.10.2.1.4.2.12
1.5.70700.7.2.1.6.4.18.2
1.5.70950.18.2.1
1.5.71002.7.2.1.1.1.18
1.5.71125.15.2.1
1.5.71200.15.2.1.1.1
1.5.71312.7.2.1.18.2.6
1.5.71395.15.2.1.3.1
1.5.71445.7.2.1.26.4.21
1.5.71479.10.2.1
1.5.71482.8.2.1.15.3.27.2
1.5.71518.19.2.1.25.2.10
1.5.71542.15.2.1.13.5.7.1
1.5.71642.14.2.1.6.6.14.3
1.5.71790.8.2.1.2.2.3.3
1.5.71801.7.2.1.4
1.5.71993.8.2.1.4.2.6
1.5.71998.25.2.1
1.6.71.8.2.1.4.3.25
1.6.146.8.2.1.2.1.2.1
1.6.181.8.2.1.10.5.15.2.2
1.6.266.8.2.1.45
1.6.442.8.2.1.1.1.15.2
1.6.518.8.2.1.9
1.6.657.8.2.1.17.1.4.1
1.6.683.8.2.1.2.1
1.6.781.8.2.1.5.1.7
1.6.888.8.2.1
1.6.963.8.2.1.4.2.5.4.12
1.6.1024.8.2.1.12.2.4
1.6.1070.8.2.1.3.2.4
1.6.1092.8.2.1.3.3.12.6
1.6.1328.8.2.1.7.5.10.3
1.6.1364.8.2.1.14.2.4
1.6.1404.8.2.1.43.4.11
1.6.1520.8.2.1.1.1.12.1
1.6.1522.8.2.1.6.3
1.6.1556.8.2.1
1.6.1724.8.2.1.20
1.6.1861.8.2.1.11.1
1.6.2095.8.2.1.9.3
1.6.2156.8.2.1.4.2.6.1
1.6.2222.8.2.1.18
1.6.2250.8.2.1
1.6.2277.8.2.1.6.1.11.2.15
1.6.2440.8.2.1.8
1.6.2449.8.2.1.22.4.14.1
1.6.2542.8.2.1.6
1.6.2592.8.2.1.28.2
1.6.2772.8.2.1
1.6.2841.8.2.1.42.1.1.1.33.72
1.6.2899.8.2.1.7
1.6.2912.8.2.1.3.7.8.2.4.3
1.6.3019.8.2.1
1.6.3291.8.2.1.4.3.5.4.4
1.6.3307.8.2.1.4.2.25
1.6.3313.8.2.1.5.2.5.5.9.27
1.6.3443.8.2.1.8
1.6.3485.8.2.1.8
1.6.3533.8.2.1.6.2
1.6.3537.8.2.1.1.1.6
1.6.3559.8.2.1.16
1.6.3583.8.2.1.1
1.6.3677.8.2.1
1.6.3772.8.2.1.7
1.6.3832.8.2.1.38.1.10.2
1.6.3844.8.2.1
1.6.3903.8.2.1.10
1.6.3930.8.2.1.7.4.24
1.6.4157.8.2.1.1.1
1.6.4221.8.2.1.12.2
1.6.4234.8.2.1
1.6.4342.8.2.1.2
1.6.4450.8.2.1.12.7
1.6.4701.8.2.1.3.1.2.1
1.6.4780.8.2.1.3.5
1.6.4816.8.2.1.5.1
1.6.4862.8.2.1.3.2
1.6.5042.8.2.1
1.6.5123.8.2.1
1.6.5153.8.2.1.1.1
1.6.5262.8.2.1.1.1.7.3
1.6.5314.8.2.1.3.1.4
1.6.5371.8.2.1
1.6.5377.8.2.1
1.6.5379.8.2.1.11.2
1.6.5461.8.2.1.54
1.6.5513.8.2.1.21.7.23.13.9
1.6.5532.8.2.1.12.2
1.6.5566.8.2.1
1.6.5710.8.2.1.2.1.5.1.15
1.6.5937.8.2.1.3
1.6.6019.8.2.1
1.6.6144.8.2.1.6
1.6.6297.8.2.1.12.1.1
1.6.6324.8.2.1.8.3
1.6.6351.8.2.1.1.1.18.5
1.6.6410.8.2.1.20.2.2.6
1.6.6600.8.2.1.10.1.1.1.5
1.6.6612.8.2.1.16.1
1.6.6673.8.2.1.12.6.17.5.32
1.6.6673.8.2.1.13.1.1.1.2
1.6.6744.8.2.1
1.6.6752.8.2.1.3.2.4
1.6.6767.8.2.1
1.6.6974.8.2.1.21.1.2.6
1.6.6989.8.2.1.14.6.9
1.6.7093.8.2.1.6.5
1.6.7118.8.2.1.1.1
1.6.7144.8.2.1.4.1
1.6.7179.8.2.1
1.6.7212.8.2.1.4.3
1.6.7368.8.2.1
1.6.7374.8.2.1.21
1.6.7518.8.2.1.14
1.6.7601.8.2.1.29.2.6
1.6.7917.8.2.1.27.3
1.6.8105.8.2.1.10.4.20
1.6.8153.8.2.1.10.1.3
1.6.8157.8.2.1.6.3.13.5
1.6.8291.8.2.1.2.1.2.1
1.6.8326.8.2.1.10.5.15.2.2
1.6.8411.8.2.1.45
1.6.8673.8.2.1.5
1.6.8851.8.2.1.2.1
1.6.8951.8.2.1.3.1.3.3.27
1.6.9133.8.2.1.4.2.5.4.12
1.6.9194.8.2.1.12.2.4
1.6.9241.8.2.1.3
1.6.9243.8.2.1.7
1.6.9333.8.2.1.2.2.3.3
1.6.9516.8.2.1.7.5.10.3
1.6.9552.8.2.1.14.2.4
1.6.9612.8.2.1.13.4.11
1.6.9729.8.2.1.1.1.12.1
1.6.9731.8.2.1.6.3
1.6.9765.8.2.1
1.6.9957.8.2.1.20
1.6.10100.8.2.1.11.1
1.6.10328.8.2.1.9.3
1.6.10389.8.2.1.4.2.6.1
1.6.10452.8.2.1.18
1.6.10506.8.2.1.6.1.11.2.15
1.6.10670.8.2.1.8
1.6.10679.8.2.1.22.4.14.1
1.6.10772.8.2.1.6
1.6.10823.8.2.1.28.2
1.6.10866.8.2.1.1
1.6.11012.8.2.1
1.6.11075.8.2.1.42.1.1.1.33.56
1.6.11131.8.2.1.7
1.6.11251.8.2.1
1.6.11374.8.2.1
1.6.11469.8.2.1.16.1.36.5
1.6.11519.8.2.1.33.1.26.4.12
1.6.11542.8.2.1.4.2.25
1.6.11548.8.2.1.5.2.5.5.9.25
1.6.11682.8.2.1.8
1.6.11709.8.2.1.8
1.6.11757.8.2.1.6.2
1.6.11761.8.2.1.1.1.6
1.6.11783.8.2.1.16
1.6.11807.8.2.1.1
1.6.11828.8.2.1.20.1
1.6.11893.8.2.1
1.6.11988.8.2.1.7
1.6.12048.8.2.1.38.1.10.2
1.6.12060.8.2.1
1.6.12132.8.2.1.10.7.14
1.6.12162.8.2.1.7.4.24
1.6.12199.8.2.1
1.6.12202.8.2.1.12.2.3.2.5
1.6.12458.8.2.1
1.6.12566.8.2.1.2
1.6.13057.8.2.1.5.1
1.6.13103.8.2.1.3.2
1.6.13285.8.2.1
1.6.13362.8.2.1
1.6.13379.8.2.1.4
1.6.13538.8.2.1.3.1.4
1.6.13595.8.2.1
1.6.13601.8.2.1
1.6.13603.8.2.1.11.2
1.6.13681.8.2.1.54
1.6.13733.8.2.1.21.7.23.13.9
1.6.13842.8.2.1.6.1
1.6.14137.8.2.1.3
1.6.14347.8.2.1
1.6.14349.8.2.1.6.2.28.1.33
1.6.14360.8.2.1
1.6.14503.8.2.1.12.1.1
1.6.14533.8.2.1.19.6
1.6.14557.8.2.1.1.1.11.5
1.6.14819.8.2.1.2
1.6.14823.8.2.1.4
1.6.14917.8.2.1.12.6.17.5.32
1.6.14917.8.2.1.13.1.1.1.2
1.6.15005.8.2.1.10
1.6.15020.8.2.1.2.4
1.6.15240.8.2.1.9.1.10
1.6.15375.8.2.1.4.1
1.6.15410.8.2.1
1.6.15443.8.2.1.4.3
1.6.15599.8.2.1
1.6.15605.8.2.1.21
1.6.15706.8.2.1.27.8.27.1.14
1.6.15753.8.2.1.14
1.6.15840.8.2.1.29.2.6
1.6.15887.8.2.1.2.1
1.6.16001.8.2.1.7.4.18.3
1.6.16150.8.2.1.27.3
1.6.16331.8.2.1.10.4.20
1.6.16379.8.2.1.10.1.3
1.6.16383.8.2.1.6.3.13.5
1.6.16451.8.2.1.10.10.33.1.19
1.6.16555.8.2.1.10.5.15.2.2
1.6.16639.8.2.1.45
1.6.16831.8.2.1.13.3.13
1.6.16911.8.2.1.5
1.6.17066.8.2.1.2.1
1.6.17168.8.2.1.6.2.5
1.6.17347.8.2.1.28.1.4
1.6.17372.8.2.1.4.1
1.6.17450.8.2.1.3.2.4
1.6.17538.8.2.1.2.2.3.3
1.6.17733.8.2.1.7.5.10.3
1.6.17741.8.2.1.19.1.12.5.59.15
1.6.17771.8.2.1.14.2.4
1.6.17831.8.2.1.8
1.6.17952.8.2.1.1.1.12.1
1.6.17954.8.2.1.6.3
1.6.17988.8.2.1
1.6.18161.8.2.1.20
1.6.18307.8.2.1.11.1
1.6.18525.8.2.1.9.3
1.6.18586.8.2.1.4.2.6.1
1.6.18660.8.2.1.2.4.12.1.2
1.6.18722.8.2.1.6.1.11.2.15
1.6.18833.8.2.1.19
1.6.18890.8.2.1.8
1.6.18899.8.2.1.22.4.14.1
1.6.18993.8.2.1.6
1.6.19015.8.2.1.3.1.2.2
1.6.19038.8.2.1.19.2
1.6.19056.8.2.1.18.2.44.2.14
1.6.19077.8.2.1.10.9.27.1.54
1.6.19240.8.2.1
1.6.19307.8.2.1.42.1.1.1.33.45
1.6.19362.8.2.1.11.11.19
1.6.19373.8.2.1.22.7
1.6.19476.8.2.1
1.6.19597.8.2.1
1.6.19689.8.2.1.16.1.36.5
1.6.19739.8.2.1.33.1.26.4.12
1.6.19766.8.2.1.4.2.25
1.6.19772.8.2.1.5.2.5.5.9.49
1.6.19884.8.2.1.5.3.10
1.6.19913.8.2.1.7
1.6.19954.8.2.1.27.3.6.3
1.6.19955.8.2.1.31.4.10.4.16
1.6.19957.8.2.1.35.5
1.6.19969.8.2.1.1.1
1.6.19981.8.2.1.10.3.7.2.5
1.6.20079.8.2.1
1.6.20174.8.2.1.7
1.6.20231.8.2.1.28.1.13.2
1.6.20243.8.2.1
1.6.20303.8.2.1.10
1.6.20339.8.2.1.8.1.6.2
1.6.20341.8.2.1.1.1.6
1.6.20376.8.2.1
1.6.20379.8.2.1.12.2.3.2.5
1.6.20745.8.2.1.2
1.6.20767.8.2.1.3.16
1.6.20875.8.2.1.12.7
1.6.21213.8.2.1.3.5
1.6.21279.8.2.1.3.2
1.6.21377.8.2.1.7.1
1.6.21472.8.2.1
1.6.21549.8.2.1
1.6.21563.8.2.1.10.1.3
1.6.21662.8.2.1.4.4.9
1.6.21722.8.2.1.3.1.4
1.6.21779.8.2.1
1.6.21785.8.2.1
1.6.21787.8.2.1.11.2
1.6.21866.8.2.1.11
1.6.21915.8.2.1.20.6.23.13.9
1.6.21934.8.2.1.12.2
1.6.22321.8.2.1.3
1.6.22403.8.2.1
1.6.22533.8.2.1.4
1.6.22699.8.2.1.12.1.1
1.6.22726.8.2.1.8.3
1.6.22750.8.2.1.1.1.11.5
1.6.22810.8.2.1.20.2.2.6
1.6.23005.8.2.1.10.1.1.1.5
1.6.23017.8.2.1.16.1
1.6.23096.8.2.1.12.6.17.5.32
1.6.23096.8.2.1.13.1.1.1.2
1.6.23183.8.2.1.9.1.18
1.6.23200.8.2.1.2.4
1.6.23393.8.2.1.8.1.20
1.6.23485.8.2.1.6.5
1.6.23510.8.2.1.1.1
1.6.23533.8.2.1.4.1
1.6.23568.8.2.1
1.6.23778.8.2.1.14.8
1.6.23784.8.2.1.14
1.6.23799.8.2.1.11.4.16.3
1.6.23829.8.2.1.5.4.25.4.6
1.6.23923.8.2.1.14
1.6.24010.8.2.1.29.2.6
1.6.24204.8.2.1.7.4.18.3
1.6.24325.8.2.1.27.3
1.6.24566.8.2.1.6.7.5
1.6.24658.8.2.1.4.3.25
1.6.24766.8.2.1.10.5.15.2.2
1.6.24850.8.2.1.45
1.6.25014.8.2.1.1.1.15.2
1.6.25090.8.2.1.9
1.6.25231.8.2.1.17.1.4.1
1.6.25254.8.2.1.2.1
1.6.25352.8.2.1.5.1.7
1.6.25453.8.2.1
1.6.25533.8.2.1.28.1.4
1.6.25587.8.2.1.12.2.4
1.6.25627.8.2.1.3.2.4
1.6.25714.8.2.1.2.2.3.3
1.6.25899.8.2.1.7.5.10.3
1.6.25935.8.2.1.14.2.4
1.6.25995.8.2.1.8
1.6.26121.8.2.1.1.1.12.1
1.6.26123.8.2.1.6.3
1.6.26157.8.2.1
1.6.26337.8.2.1.20
1.6.26465.8.2.1.11.1
1.6.26705.8.2.1
1.6.26859.8.2.1.2.4.12.1.2
1.6.26909.8.2.1.11.4.5.1.10
1.6.27012.8.2.1.19
1.6.27069.8.2.1.8
1.6.27078.8.2.1.22.4.14.1
1.6.27171.8.2.1.6
1.6.27193.8.2.1.3.1.2.2
1.6.27216.8.2.1.19.2
1.6.27234.8.2.1.18.2.44.2.14
1.6.27255.8.2.1.10.9.27.1.54
1.6.27417.8.2.1
1.6.27484.8.2.1.42.1.1.1.33.45
1.6.27561.8.2.1.2.2.6.5.19.57
1.6.27662.8.2.1
1.6.27838.8.2.1.8.4.8
1.6.27936.8.2.1.4.3.5.4.4
1.6.27966.8.2.1.1.1.10
1.6.27973.8.2.1.5.2.2.1.26.10
1.6.28103.8.2.1.8
1.6.28145.8.2.1.8
1.6.28193.8.2.1.6.2
1.6.28197.8.2.1.1.1.6
1.6.28219.8.2.1.16
1.6.28243.8.2.1.1
1.6.28276.8.2.1.20.1
1.6.28341.8.2.1
1.6.28436.8.2.1.7
1.6.28566.8.2.1.10
1.6.28593.8.2.1.7.4.24
1.6.29020.8.2.1.2
1.6.29133.8.2.1.12.7
1.6.29346.8.2.1.11.4
1.6.29395.8.2.1
1.6.29513.8.2.1.2.5.13.4
1.6.29519.8.2.1.2.2.5.2
1.6.29523.8.2.1.4.4.11.1
1.6.29591.8.2.1.3.2
1.6.29778.8.2.1
1.6.29857.8.2.1
1.6.29871.8.2.1.10.1.3
1.6.30031.8.2.1.3.1.4
1.6.30088.8.2.1
1.6.30094.8.2.1
1.6.30096.8.2.1.11.2
1.6.30165.8.2.1.11
1.6.30214.8.2.1.20.6.23.12.9
1.6.30405.8.2.1.3
1.6.30613.8.2.1.3
1.6.30825.8.2.1.6
1.6.30975.8.2.1.12.1.1
1.6.31002.8.2.1.8.3
1.6.31026.8.2.1.1.1.11.5
1.6.31291.8.2.1.10.1.1.1.5
1.6.31368.8.2.1.3.2.3.1.2
1.6.31443.8.2.1.16.1.2.5.24
1.6.31457.8.2.1.2.4
1.6.31557.8.2.1
1.6.31694.8.2.1.9.1.10
1.6.31812.8.2.1.4.1
1.6.31847.8.2.1
1.6.31911.8.2.1.6.3.5.7
1.6.32042.8.2.1
1.6.32048.8.2.1.21
1.6.32192.8.2.1.14
1.6.32275.8.2.1.29.2.6
1.6.32459.8.2.1.7.4.18.3
1.6.32602.8.2.1.27.3
1.6.32648.8.2.1.10.5
1.6.32662.8.2.1.37.1.2.1
1.6.32780.8.2.1.10.4.20
1.6.32833.8.2.1.6.1.5
1.6.32837.8.2.1.6.3.13.5
1.6.32891.8.2.1.4.3.14
1.6.32957.8.2.1.2.1.2.1
1.6.32992.8.2.1.10.5.15.2.2
1.6.33077.8.2.1.45
1.6.33337.8.2.1.5
1.6.33500.8.2.1.19.4
1.6.33515.8.2.1.2.1
1.6.33613.8.2.1.5.1.7
1.6.33783.8.2.1.6.3.18
1.6.33844.8.2.1.12.2.4
1.6.33885.8.2.1.3.2.4
1.6.34162.8.2.1.7.5.10.3
1.6.34198.8.2.1.14.2.4
1.6.34238.8.2.1.43.4.11
1.6.34357.8.2.1.1.1.12.1
1.6.34359.8.2.1.6.3
1.6.34393.8.2.1
1.6.34569.8.2.1.4.1.8.3.19
1.6.34691.8.2.1.11.1
1.6.34997.8.2.1
1.6.35043.8.2.1.18
1.6.35066.8.2.1
1.6.35095.8.2.1.6.1.11.2.15
1.6.35197.8.2.1.6
1.6.35262.8.2.1.8
1.6.35271.8.2.1.22.4.14.1
1.6.35364.8.2.1.6
1.6.35386.8.2.1.3.1.2.2
1.6.35409.8.2.1.19.2
1.6.35427.8.2.1.18.2.44.2.14
1.6.35448.8.2.1.10.9.27.1.54
1.6.35611.8.2.1
1.6.35653.8.2.1.7.4.8.5
1.6.35684.8.2.1.5
1.6.35763.8.2.1.2.2.6.1.3.50
1.6.35869.8.2.1.11.3
1.6.35981.8.2.1
1.6.36030.8.2.1.24.9
1.6.36125.8.2.1.4.3.5.4.4
1.6.36141.8.2.1.4.2.25
1.6.36147.8.2.1.5.2.5.5.9.31
1.6.36262.8.2.1.5.3.10
1.6.36297.8.2.1.8
1.6.36345.8.2.1.6.2
1.6.36349.8.2.1.1.1.6
1.6.36371.8.2.1.16
1.6.36395.8.2.1.1
1.6.36489.8.2.1
1.6.36584.8.2.1.7
1.6.36644.8.2.1.38.1.10.2
1.6.36656.8.2.1
1.6.36729.8.2.1.10.7.14
1.6.36754.8.2.1.7.4.24
1.6.37063.8.2.1.12.2
1.6.37076.8.2.1
1.6.37178.8.2.1.2
1.6.37200.8.2.1.3.16
1.6.37284.8.2.1
1.6.37289.8.2.1.4.4
1.6.37353.8.2.1.18.9
1.6.37470.8.2.1.3
1.6.37497.8.2.1.11.4
1.6.37546.8.2.1
1.6.37653.8.2.1.2.5.13.4
1.6.37659.8.2.1.2.2.5.2
1.6.37663.8.2.1.4.4.11.1
1.6.37701.8.2.1.5.1
1.6.37747.8.2.1.3.2
1.6.37845.8.2.1.7.1
1.6.38038.8.2.1.10.1.3
1.6.38137.8.2.1.4.4.9
1.6.38195.8.2.1.3.1.4
1.6.38252.8.2.1
1.6.38258.8.2.1
1.6.38260.8.2.1.11.2
1.6.38337.8.2.1.54
1.6.38376.8.2.1.5.2.18
1.6.38402.8.2.1.27.2
1.6.38436.8.2.1
1.6.38785.8.2.1.10.1.6
1.6.38998.8.2.1.6
1.6.39164.8.2.1.12.1.1
1.6.39230.8.2.1.1.1.11.5
1.6.39471.8.2.1.2
1.6.39475.8.2.1.4
1.6.39579.8.2.1.4.1.2.12.42
1.6.39579.8.2.1.6.2.4
1.6.39674.8.2.1
1.6.39679.8.2.1.25.1.2.2.8
1.6.39696.8.2.1.2.4
1.6.39915.8.2.1.9.1.10
1.6.40005.8.2.1.6.5
1.6.40030.8.2.1.1.1
1.6.40053.8.2.1.4.1
1.6.40088.8.2.1
1.6.40152.8.2.1.6.3.5.7
1.6.40278.8.2.1.14.8
1.6.40284.8.2.1.14
1.6.40430.8.2.1.14
1.6.40513.8.2.1.29.2.6
1.6.40694.8.2.1.7.4.18.3
1.6.40826.8.2.1.27.3
1.6.41069.8.2.1.6.7.5
1.6.41160.8.2.1.14
1.6.41254.8.2.1
1.6.41277.8.2.1.10.5.15.2.2
1.6.41362.8.2.1.45
1.6.41628.8.2.1.5
1.6.41782.8.2.1.2.1
1.6.41878.8.2.1.3.1.3.3.27
1.6.42066.8.2.1.5.2.7
1.6.42074.8.2.1.1.1.10.1
1.6.42167.8.2.1.3.2.4
1.6.42242.8.2.1.2.2.9.5
1.6.42438.8.2.1.3.2
1.6.42487.8.2.1.14.2.4
1.6.42547.8.2.1.8
1.6.42680.8.2.1.1.1.12.1
1.6.42682.8.2.1.6.3
1.6.42716.8.2.1
1.6.42912.8.2.1.20
1.6.43037.8.2.1.11.1
1.6.43274.8.2.1
1.6.43343.8.2.1.4.2.6.1
1.6.43381.8.2.1.5
1.6.43424.8.2.1.18
1.6.43476.8.2.1.11.4.5.1.10
1.6.43566.8.2.1.6
1.6.43631.8.2.1.8
1.6.43640.8.2.1.22.4.14.1
1.6.43735.8.2.1.6
1.6.43757.8.2.1.3.1.2.2
1.6.43780.8.2.1.19.2
1.6.43798.8.2.1.18.2.44.2.14
1.6.43819.8.2.1.10.9.27.1.54
1.6.43983.8.2.1
1.6.44046.8.2.1.42.1.1.1.33.52
1.6.44099.8.2.1.11.11.19
1.6.44213.8.2.1.11.3
1.6.44335.8.2.1
1.6.44427.8.2.1.16.1.36.5
1.6.44479.8.2.1.4.3.5.4.4
1.6.44495.8.2.1.4.2.25
1.6.44501.8.2.1.5.2.5.5.9.39
1.6.44635.8.2.1.8
1.6.44677.8.2.1.8
1.6.44725.8.2.1.6.2
1.6.44729.8.2.1.1.1.6
1.6.44751.8.2.1.16
1.6.44775.8.2.1.1
1.6.44796.8.2.1.20.1
1.6.44861.8.2.1
1.6.45013.8.2.1
1.6.45089.8.2.1.10
1.6.45131.8.2.1.8.1.6.2
1.6.45133.8.2.1.1.1.6
1.6.45536.8.2.1.2
1.6.45633.8.2.1.12.7
1.6.45781.8.2.1.3
1.6.45808.8.2.1.11.4
1.6.45857.8.2.1
1.6.45982.8.2.1.2.5.13.4
1.6.45988.8.2.1.2.2.5.2
1.6.45992.8.2.1.4.4.11.1
1.6.46060.8.2.1.3.2
1.6.46242.8.2.1
1.6.46344.8.2.1.10.1.3
1.6.46441.8.2.1.3.2.26.1.4
1.6.46453.8.2.1.4.11
1.6.46487.8.2.1.24
1.6.46539.8.2.1
1.6.46545.8.2.1
1.6.46547.8.2.1.11.2
1.6.46625.8.2.1.54
1.6.46677.8.2.1.21.7.23.12.9
1.6.46792.8.2.1.6.1
1.6.47075.8.2.1.3
1.6.47289.8.2.1.6
1.6.47446.8.2.1.12.1.1
1.6.47476.8.2.1.19.6
1.6.47503.8.2.1.1.1.18.5
1.6.47745.8.2.1.2
1.6.47749.8.2.1.4
1.6.47820.8.2.1.3.2.3.1.2
1.6.47906.8.2.1.9.1.18
1.6.47923.8.2.1.2.4
1.6.48284.8.2.1.4.1
1.6.48319.8.2.1
1.6.48383.8.2.1.6.3.5.7
1.6.48503.8.2.1
1.6.48509.8.2.1.21
1.6.48608.8.2.1.27.8.28.1.14
1.6.48655.8.2.1.14
1.6.48742.8.2.1.29.2.6
1.6.49034.8.2.1.27.3
1.6.49252.8.2.1.10.1.3
1.6.49256.8.2.1.6.3.13.5
1.6.49332.8.2.1.14
1.6.49423.8.2.1
1.6.49446.8.2.1.10.5.15.2.2
1.6.49530.8.2.1.45
1.6.49721.8.2.1.1.1.15.2
1.6.49800.8.2.1.5.2.2
1.6.49946.8.2.1.19.4
1.6.49961.8.2.1.2.1
1.6.50059.8.2.1.5.1.7
1.6.50234.8.2.1.28.1.4
1.6.50288.8.2.1.12.2.4
1.6.50337.8.2.1.3.2.4
1.6.50425.8.2.1.2.2.3.3
1.6.50613.8.2.1.3.2
1.6.50662.8.2.1.14.2.4
1.6.50702.8.2.1.43.4.11
1.6.50781.8.2.1.14.4.8
1.6.50822.8.2.1
1.6.50823.8.2.1.1.1.25.5
1.6.51022.8.2.1.20
1.6.51154.8.2.1.11.1
1.6.51382.8.2.1.9.3
1.6.51443.8.2.1.4.2.6.1
1.6.51517.8.2.1.2.4.12.1.2
1.6.51539.8.2.1
1.6.51568.8.2.1.6.1.11.2.15
1.6.51681.8.2.1.10.3.8
1.6.51738.8.2.1.8
1.6.51747.8.2.1.22.4.14.1
1.6.51840.8.2.1.6
1.6.51891.8.2.1.28.2
1.6.52071.8.2.1
1.6.52140.8.2.1.42.1.1.1.33.52
1.6.52193.8.2.1.11.11.19
1.6.52305.8.2.1.11.3
1.6.52427.8.2.1
1.6.52486.8.2.1.8.4.8
1.6.52572.8.2.1.33.1.26.4.12
1.6.52599.8.2.1.4.2.25
1.6.52605.8.2.1.5.2.5.5.9.23
1.6.52729.8.2.1
1.6.52755.8.2.1.8
1.6.52803.8.2.1.6.2
1.6.52807.8.2.1.1.1.6
1.6.52829.8.2.1.16
1.6.52853.8.2.1.1
1.6.52946.8.2.1
1.6.53082.8.2.1.1.1.20.5
1.6.53094.8.2.1
1.6.53164.8.2.1.10.7.14
1.6.53194.8.2.1.7.4.24
1.6.53515.8.2.1.17.2
1.6.53627.8.2.1.2
1.6.53732.8.2.1
1.6.53737.8.2.1.4.4
1.6.53807.8.2.1.18.9
1.6.53922.8.2.1.3
1.6.53949.8.2.1.11.4
1.6.53998.8.2.1
1.6.54042.8.2.1
1.6.54119.8.2.1.2.5.13.4
1.6.54125.8.2.1.2.2.5.2
1.6.54129.8.2.1.4.4.11.1
1.6.54167.8.2.1.5.1
1.6.54213.8.2.1.3.2
1.6.54313.8.2.1.7.1
1.6.54394.8.2.1
1.6.54471.8.2.1
1.6.54485.8.2.1.10.1.3
1.6.54582.8.2.1.3.2.26.1.4
1.6.54622.8.2.1.26
1.6.54674.8.2.1
1.6.54680.8.2.1
1.6.54682.8.2.1.11.2
1.6.54757.8.2.1.11
1.6.54806.8.2.1.20.6.23.12.9
1.6.54825.8.2.1.12.2
1.6.55184.8.2.1.20.4.4
1.6.55221.8.2.1.3
1.6.55341.8.2.1
1.6.55418.8.2.1.6
1.6.55589.8.2.1.12.1.1
1.6.55619.8.2.1.19.6
1.6.55643.8.2.1.1.1.11.5
1.6.55702.8.2.1.20.2.2.6
1.6.55882.8.2.1.4
1.6.55987.8.2.1.3.2.3.1.2
1.6.56071.8.2.1.11.1.2.5.11
1.6.56085.8.2.1.2.4
1.6.56442.8.2.1.4.1
1.6.56481.8.2.1.13.5
1.6.56535.8.2.1.6.3.5.7
1.6.56664.8.2.1.14.8
1.6.56670.8.2.1.14
1.6.56771.8.2.1.27.8.28.1.14
1.6.56818.8.2.1.14
1.6.56839.8.2.1
1.6.56897.8.2.1.29.2.6
1.6.57099.8.2.1.7.4.18.3
1.6.57242.8.2.1.11.2.5
1.6.57424.8.2.1.10.4.20
1.6.57477.8.2.1.6.1.5
1.6.57481.8.2.1.6.3.13.5
1.6.57551.8.2.1.10.10.33.1.19
1.6.57620.8.2.1.2.1.2.1
1.6.57653.8.2.1.10.5.15.2.2
1.6.57740.8.2.1.45
1.6.58006.8.2.1.5
1.6.58187.8.2.1
1.6.58272.8.2.1.5.1.7
1.6.58439.8.2.1.28.1.4
1.6.58493.8.2.1.12.2.4
