1.1.1.44.26.2.5
1.1.1.204.5.1.4.1.1.1
1.1.1.306.5.1
1.1.1.384.14.3.11.2
1.1.1.398.5.1.34.2.6
1.1.1.429.18.2.7.12
1.1.1.509.21.1.21.9.10
1.1.1.510.5.1.2.1.12.1.22
1.1.1.687.25
1.1.1.708.10.2.4.4
1.1.1.822.18.2.15.7
1.1.1.898.5.1.2.9
1.1.1.1061.5.1.3.5.15.2
1.1.1.1095.12.3.8
1.1.1.1125.8.1.4
1.1.1.1148.5.1.6.1.2.2
1.1.1.1159.14.1.5
1.1.1.1325.5.1.7
1.1.1.1367.10.1.4.1
1.1.1.1386.5.1.1.1
1.1.1.1572.14.2.15.4
1.1.1.1598.5.1.1
1.1.1.1650.10.2.19
1.1.1.1666.5.1.7
1.1.1.1676.14.1.9
1.1.1.1732.5.1.2
1.1.1.1735.16.1.15.6
1.1.1.1749.5.1.2.1
1.1.1.1828.5.1.26.13.16
1.1.1.1876.5.1
1.1.1.1959.9.1.6
1.1.1.1980.5.1.3
1.1.1.2049.25.5.10.5.18.5
1.1.1.2051.14.3.5.9.19.6.7
1.1.1.2077.5.1.15.3.15
1.1.1.2100.17.2.5.2.8
1.1.1.2105.24.2.10
1.1.1.2111.14.1.6.1.16
1.1.1.2202.14.1.15
1.1.1.2205.17.1.6
1.1.1.2218.5.1.2.2.5.2.8.3
1.1.1.2305.13.1.4
1.1.1.2458.5.1.23
1.1.1.2494.29.3.7.1.3.1
1.1.1.2572.18.2.4.2
1.1.1.2578.5.1
1.1.1.2596.17.2.4
1.1.1.2599.5.1.1.16.12
1.1.1.2648.17.3.11.23.24.3.2
1.1.1.2675.8.1.10
1.1.1.2703.14.3.7.1
1.1.1.2783.5.1.1.1.5.2.8
1.1.1.2850.15.3
1.1.1.2941.22.2.5.2.1.1.8
1.1.1.2960.34
1.1.1.3066.5.1.34.1.8.2
1.1.1.3123.5.1.16
1.1.1.3126.5.1.1.12
1.1.1.3184.5.1.1
1.1.2.3421.5.1.1
1.1.2.3448.5.1.2
1.1.2.3501.5.1.24.7.25.2
1.1.2.3555.43.3.27.29
1.1.2.3586.51.1.23
1.1.2.3612.18.4.5.5
1.1.2.3660.24.9
1.1.2.3674.5.1.4.1
1.1.2.3678.14.1.13
1.1.2.3783.5.1
1.1.2.3919.5.1.1.13
1.1.2.4040.18.1.32.4
1.1.2.4043.5.1.1.1.11.4.18
1.1.2.4221.33.2.25
1.1.2.4232.8.1.4
1.1.2.4261.52.4.8.5
1.1.2.4276.5.1.8.1
1.1.2.4278.10.1.7.9
1.1.2.4293.19.3.9.4.21.8.5
1.1.2.4383.5.1.8.9
1.1.2.4467.22.5.25.7
1.1.2.4578.5.1.22.15
1.1.2.4578.5.1.24.2.18
1.1.2.4615.5.1.2.1.3.10.21
1.1.2.4623.8.2.8.16
1.1.2.4637.5.1.8.1.7
1.1.2.4640.19.3.16.10.11
1.1.2.4682.5.1.2.2
1.1.2.4700.8.2.4.3
1.1.2.4716.5.1.4.2.5.6.57
1.1.2.4765.5.1.4.1.1
1.1.2.4771.5.1.2.1.4
1.1.2.4811.26.1.4.5
1.1.2.4833.99
1.1.2.4864.13.2.16
1.1.2.4951.9.1.54.5
1.1.2.5050.5.1.3.3.17
1.1.2.5075.5.1.5.1.2
1.1.2.5076.9.1.7
1.1.2.5117.8.2.14.3
1.1.2.5320.5.1.3.3.15.1
1.1.2.5331.10.1.9
1.1.2.5341.12.3.16
1.1.2.5421.44.1.4.16
1.1.2.5501.10.1.6.1
1.1.2.5554.9.1.18
1.1.2.5681.5.1
1.1.2.5784.14.3.11.2
1.1.2.5798.5.1.34.2.6
1.1.2.5827.34.2.17.15
1.1.2.5854.5.1.3.3.14.2
1.1.2.5899.13.2.12
1.1.2.5994.5.1
1.1.2.5995.16.2.4.17
1.1.2.6077.25
1.1.2.6098.10.2.4.4
1.1.2.6210.5.1.5
1.1.2.6459.5.1.3.5.9.4
1.1.2.6493.12.3.8
1.1.2.6503.5.1
1.1.2.6540.5.1.6.1.2.2
1.1.2.6551.14.1.5
1.1.2.6721.11.2.8.12
1.1.2.6941.14.2.15.4
1.1.2.6967.5.1.1
1.1.2.7044.14.1.9
1.1.2.7079.34.3.9.6.9.2
1.1.2.7105.5.1.2
1.1.2.7108.16.1.15.6
1.1.2.7128.5.1.1.11
1.1.2.7133.5.1.2.1
1.1.2.7212.5.1.26.13.16
1.1.2.7260.5.1
1.1.2.7297.25.2.35
1.1.2.7315.17.2.5.3.10
1.1.2.7346.9.1.6
1.1.2.7367.5.1.3
1.1.2.7436.25.5.10.5.18.5
1.1.2.7438.14.3.5.9.19.6.7
1.1.2.7464.5.1.13.2.8
1.1.2.7494.21.2.7.1.4.1.2
1.1.2.7590.14.1.15
1.1.2.7593.17.1.6
1.1.2.7606.5.1.2.2.5.2.8.3
1.1.2.7891.29.3.7.1.3.1
1.1.2.7994.17.2.4
1.1.2.7997.5.1.1.16.12
1.1.2.8051.17.3.11.17.6.2.9
1.1.2.8078.8.1.10
1.1.2.8106.14.3.7.1
1.1.2.8172.5.1.3.1.8.6.40
1.1.2.8242.15.3
1.1.2.8325.5.1.3.3
1.1.2.8335.22.2.5.2.1.1.8
1.1.2.8354.34
1.1.2.8460.5.1.34.1.8.2
1.1.2.8517.5.1.16
1.1.2.8520.5.1.1.12
1.1.2.8698.9.1.4
1.1.2.8737.5.1.1
1.1.2.8778.11.2.8
1.1.2.8788.9.1.5
1.1.2.8820.5.1.1
1.1.2.8848.8.1.4
1.1.2.8905.5.1.24.7.25.2
1.1.2.8925.5.1.7.10.18.1
1.1.2.8961.43.3.27.29
1.1.2.8992.51.1.23
1.1.2.9018.18.4.5.5
1.1.2.9162.13.2.18.12
1.1.2.9206.5.1
1.1.2.9315.8.4.4
1.1.2.9388.10.2.10
1.1.2.9444.29.1.4.2
1.1.2.9475.22.1.8.9
1.1.2.9478.15
1.1.2.9626.10.3.8
1.1.2.9652.10.1.5.14
1.1.2.9688.52.4.8.5
1.1.2.9703.9.5.4.14
1.1.2.9719.17.6.7.1.3
1.1.2.9786.5.1
1.1.2.9812.5.1.8.3
1.1.2.9815.5.1.1
1.1.2.9870.5.1.30.12.3.1.72
1.1.2.9935.17.1.6
1.1.2.10025.5.1.22.15
1.1.2.10025.5.1.24.2.18
1.1.2.10061.22.2.5.6.15
1.1.2.10063.14.3.5.11.22.7.12.46
1.1.2.10068.10.1.4.2
1.1.2.10082.14.3.8.8.78
1.1.2.10132.5.1.2.2
1.1.2.10183.5.1.1
1.1.2.10197.16.2
1.1.2.10238.5.1.4.2.5
1.1.2.10285.26.1.4.5
1.1.2.10307.99
1.1.2.10338.5.1.11
1.1.2.10422.9.1.54.5
1.1.2.10523.23.3
1.1.2.10535.5.1.3.3.17
1.1.2.10602.8.2.14.3
1.1.2.10817.24.6
1.1.2.10823.5.1.6.3.2.1.4
1.1.2.10927.5.1.19.8
1.1.2.11069.5.1.4.1.1.1
1.1.2.11178.5.1
1.1.2.11275.10.1.12
1.1.2.11294.5.1.22.2.6
1.1.2.11387.13.2.12
1.1.2.11486.16.2.4.7
1.1.2.11573.25
1.1.2.11594.10.2.4.4
1.1.2.11657.23.7
1.1.2.11709.5.1.5
1.1.2.11725.46.2
1.1.2.11942.12.3.8
1.1.2.11993.5.1.6.1.2.2
1.1.2.12004.14.1.5
1.1.2.12174.11.2.8.12
1.1.2.12206.10.1.4.1
1.1.2.12402.14.2.15.4
1.1.2.12427.5.1.1
1.1.2.12494.10.1.13.8
1.1.2.12505.14.1.9
1.1.2.12554.5.1.2
1.1.2.12557.16.1.15.6
1.1.2.12577.5.1.1.11
1.1.2.12582.5.1.2.1
1.1.2.12659.5.1.26.13.16
1.1.2.12707.5.1
1.1.2.12752.25.2.35
1.1.2.12764.48.2.8.7
1.1.2.12790.9.1.6
1.1.2.12811.5.1.3
1.1.2.12872.27.1.4.1.6
1.1.2.12874.10.2.4
1.1.2.12892.40.1.19.7
1.1.2.12914.21.2.7.1.4.1.2
1.1.2.13011.9.1.4.14
1.1.2.13024.5.1.1.45.32.2.8.2
1.1.2.13195.5.1.1.2.3.6
1.1.2.13278.5.1.17
1.1.2.13314.29.3.7.1.3.1
1.1.2.13362.6
1.1.2.13370.14.2.12
1.1.2.13437.17.3.11.23.22.4.2
1.1.2.13561.5.1.3.1.8.6.11
1.1.2.13630.15.3
1.1.2.13726.22.2.5.2.1.1.8
1.1.2.13775.10.1.35
1.1.2.13813.29.4.34.15
1.1.2.13858.5.1.34.1.8.2
1.1.2.13915.5.1.16
1.1.2.13918.5.1.1.12
1.1.2.13976.5.1.13
1.1.2.14088.30.3.5.4
1.1.2.14124.13.2.6
1.1.2.14128.15.5.5.5.5
1.1.2.14137.5.1.3.8.42.4
1.1.2.14220.13.2
1.1.2.14236.5.1.2
1.1.2.14290.5.1.24.7.25.2
1.1.2.14344.43.3.27.29
1.1.2.14373.5.1.1.9.22.1
1.1.2.14475.24.9
1.1.2.14496.5.1.2.1.20.5.23
1.1.2.14757.10.2.10
1.1.2.14814.29.1.4.2
1.1.2.14845.22.1.8.9
1.1.2.14848.15
1.1.2.14975.5.1.2.13
1.1.2.15007.10.3.8
1.1.2.15033.10.1.5.14
1.1.2.15069.31.4.8.5
1.1.2.15084.5.1.8.1
1.1.2.15086.10.1.7.9
1.1.2.15168.5.1
1.1.2.15194.5.1.8.3
1.1.2.15197.5.1.1
1.1.3.15319.17.1.6
1.1.3.15401.5.1.22.15
1.1.3.15401.5.1.24.2.18
1.1.3.15443.9.2.15.13
1.1.3.15450.10.1.4.2
1.1.3.15464.14.3.8.8.53
1.1.3.15511.5.1.2.2
1.1.3.15562.5.1.1
1.1.3.15576.16.2
1.1.3.15630.5.1.7
1.1.3.15664.15.1.8.10
1.1.3.15681.18.1.16
1.1.3.15720.10.4.8.3
1.1.3.15975.8.2.14.3
1.1.3.16165.10.1.9
1.1.3.16175.12.3.16
1.1.3.16247.17.2.18.10
1.1.3.16406.5.1.4.1.1.1
1.1.3.16515.5.1
1.1.3.16609.14.3.11.2
1.1.3.16613.5.1
1.1.3.16625.5.1.34.2.6
1.1.3.16682.13.2.6.1.2.2
1.1.3.16688.8.1.5
1.1.3.16725.9.1.4.2
1.1.3.16901.5.1.1.1
1.1.3.16920.20.3.6.3.18
1.1.3.17029.5.1.5
1.1.3.17045.46.2
1.1.3.17329.5.1.6.1.2.2
1.1.3.17340.14.1.5
1.1.3.17395.5.1.3.2.30.3
1.1.3.17765.14.2.15.4
1.1.3.17787.5.1.1
1.1.3.17859.5.1.1.6.8
1.1.3.17870.5.1
1.1.3.17874.35.1.4.2
1.1.3.17912.33.4.53.25.15
1.1.3.17933.5.1.1.11
1.1.3.17938.5.1.2.1
1.1.3.18017.5.1.26.13.16
1.1.3.18065.5.1
1.1.3.18110.25.2.35
1.1.3.18123.17.1.5.4
1.1.3.18136.5.1.1.3
1.1.3.18166.9.1.6
1.1.3.18187.5.1.3
1.1.3.18267.29.1.8.6.1
1.1.3.18268.8.1.6.9
1.1.3.18290.14.1.5
1.1.3.18314.21.2.7.1.4.1.2
1.1.3.18410.14.1.15
1.1.3.18413.17.1.6
1.1.3.18426.5.1.2.2.5.2.8.3
1.1.3.18513.13.1.4
1.1.3.18675.5.1.23
1.1.3.18694.9.1.8
1.1.3.18699.13.1.6
1.1.3.18780.6
1.1.3.18788.14.2.12
1.1.3.18855.17.3.11.23.22.4.2
1.1.3.18901.14.3.7.1
1.1.3.18980.5.1.3.1.8.6.9
1.1.3.19049.15.3
1.1.3.19133.13.2
1.1.3.19140.22.2.5.2.1.1.8
1.1.3.19218.29.4.34.15
1.1.3.19263.5.1.34.1.8.2
1.1.3.19320.5.1.16
1.1.3.19323.5.1.1.12
1.1.3.19519.9.1.4
1.1.3.19563.12.2.4.4
1.1.3.19604.11.2.8
1.1.3.19614.9.1.5
1.1.3.19659.13.2
1.1.3.19675.5.1.2
1.1.3.19730.5.1.24.7.25.2
1.1.3.19750.5.1.7.10.18.1
1.1.3.19790.43.3.27.29
1.1.3.19821.51.1.23
1.1.3.19847.18.4.5.5
1.1.3.19911.24.9
1.1.3.19925.5.1.4.1
1.1.3.19929.14.1.13
1.1.3.20031.5.1
1.1.3.20133.8.4.4
1.1.3.20187.10.2.10
1.1.3.20276.22.1.8.9
1.1.3.20279.15
1.1.3.20485.10.1.5.14
1.1.3.20523.22.4.22.13
1.1.3.20528.14.2.10.1.6.7
1.1.3.20549.5.1.8.1
1.1.3.20551.10.1.7.9
1.1.3.20649.5.1.8.9
1.1.3.20779.17.1.6
1.1.3.20869.5.1.22.15
1.1.3.20869.5.1.24.2.18
1.1.3.20905.9.2.15.17
1.1.3.20912.8.2.8.7
1.1.3.20927.12.1.4.1
1.1.3.21021.5.1.1
1.1.3.21035.16.2
1.1.3.21088.9.2.4.2
1.1.3.21127.15.1.8.10
1.1.3.21144.18.1.16
1.1.3.21150.29
1.1.3.21181.5.1.11
1.1.3.21235.5.1
1.1.3.21268.9.1.54.5
1.1.3.21376.5.1.3.3.17
1.1.3.21437.8.2.14.3
1.1.3.21590.5.1.3.1
1.1.3.21637.24.6
1.1.3.21643.5.1.6.3.2.1.1
1.1.3.21879.5.1.4.1.1.1
1.1.3.21980.5.1
1.1.3.22075.14.3.11.2
1.1.3.22089.5.1.34.2.6
1.1.3.22151.5.1.3.3.14.2
1.1.3.22195.13.7.21.13.22
1.1.3.22394.10.2.4.4
1.1.3.22503.5.1.5
1.1.3.22519.46.2
1.1.3.22555.3
1.1.3.22636.17.2.4
1.1.3.22649.17.4.9.9
1.1.3.22734.5.1.3.5.9.4
1.1.3.22770.5.1
1.1.3.22781.5.1.1.12
1.1.3.22841.5.1.6.1.2.2
1.1.3.22852.14.1.5
1.1.3.22971.8.2.8
1.1.3.23066.10.1.4.1
1.1.3.23278.14.2.15.4
1.1.3.23300.5.1.1
1.1.3.23364.10.1.13.8
1.1.3.23378.5.1.3.3.7.3
1.1.3.23379.15.3.11.2.2.1
1.1.3.23418.10.2.14.9
1.1.3.23437.5.1.1.22
1.1.3.23442.5.1.2.1
1.1.3.23465.15.3.6.3
1.1.3.23522.5.1.10.3.7
1.1.3.23570.5.1
1.1.3.23604.25.2.35
1.1.3.23617.17.1.5.4
1.1.3.23630.5.1.1.3
1.1.3.23658.9.1.6
1.1.3.23679.5.1.3
1.1.3.23745.25.5.10.5.18.13
1.1.3.23747.14.3.5.9.19.14.44
1.1.3.23769.5.1.15.3.15
1.1.3.23799.21.2.7.1.4.1.2
1.1.3.23893.9.1.4.24
1.1.3.23906.5.1.1.55.62.2.8.19
1.1.3.23994.13.1.4
1.1.3.24173.3
1.1.3.24192.5.1.6
1.1.3.24266.18.2.4.2
1.1.3.24272.5.1
1.1.3.24288.22.2.10.1.8
1.1.3.24339.23.1.16.7
1.1.3.24358.11.2.8
1.1.3.24382.14.3.7.1
1.1.3.24459.5.1.3.1.8.13.23
1.1.3.24527.15.3
1.1.3.24619.22.2.5.2.1.1.8
1.1.3.24638.34
1.1.3.24737.5.1.20.1.8.2
1.1.3.24795.5.1.5
1.1.3.24841.3
1.1.3.24854.5.1.17.2.12
1.1.3.24972.71.3.5.4
1.1.3.25008.13.2.6
1.1.3.25012.15.5.5.5.5
1.1.3.25021.5.1.3.8.42.4
1.1.3.25050.5.1
1.1.3.25063.9.1.5
1.1.3.25100.5.1.1
1.1.3.25127.5.1.2
1.1.3.25181.5.1.24.7.25.2
1.1.3.25203.19.2.4
1.1.3.25244.43.3.27.29
1.1.3.25275.51.1.23
1.1.3.25301.18.4.5.5
1.1.3.25365.24.9
1.1.3.25379.5.1.4.1
1.1.3.25383.14.1.13
1.1.3.25480.5.1
1.1.3.25641.10.2.10
1.1.3.25730.22.1.8.9
1.1.3.25733.15
1.1.3.25884.10.3.8
1.1.3.25950.52.4.8.5
1.1.3.25966.5.1.8.1
1.1.3.25968.10.1.7.9
1.1.3.25983.19.3.9.4.21.8.5
1.1.3.26067.5.1.8.9
1.1.3.26109.5.1.30.12.4.1.10
1.1.3.26138.16.2.10.4
1.1.3.26181.17.1.6
1.1.3.26271.5.1.22.15
1.1.3.26271.5.1.24.2.18
1.1.3.26313.22.2.5.6.5
1.1.3.26315.14.3.5.11.12.7.17.28
1.1.3.26329.9.1.10
1.1.3.26332.19.3.15.8.11
1.1.3.26436.5.1.1
1.1.3.26450.16.2
1.1.3.26504.5.1.7
1.1.3.26538.15.1.8.10
1.1.3.26555.18.1.16
1.1.3.26594.10.4.8.3
1.1.3.26774.5.1.3.3.17
1.1.3.26799.5.1.5.1.2
1.1.3.26800.9.1.7
1.1.3.26841.8.2.14.3
1.1.3.26889.5.1.6.10
1.1.3.27042.24.6
1.1.3.27048.5.1.6.3.2.1.14
1.1.3.27121.26.2.5
1.1.3.27284.20.1.13
1.1.3.27305.14.3.6.4.7.5.6
1.1.3.27397.5.1
1.1.3.27500.14.3.11.2
1.1.3.27504.5.1
1.1.3.27516.5.1.34.2.6
1.1.3.27578.5.1.3.3.14.2
1.1.3.27626.13.7.21.13.22
1.1.3.27726.16.2.4.7
1.1.3.27810.25
1.1.3.27831.10.2.4.4
1.1.3.27897.5.1.1
1.1.3.27905.5.1.1.1
1.1.3.27941.22.1.12.13
1.1.3.28059.6
1.1.3.28074.8.1.13
1.1.3.28163.5.1.3.5.9.4
1.1.3.28199.5.1
1.1.3.28210.5.1.1.12
1.1.3.28261.5.1.6.1.2.2
1.1.3.28272.14.1.5
1.1.3.28450.11.2.8.12
1.1.4.78.15.2.4.1
1.1.4.192.14.2.15.4
1.1.4.214.5.1.1
1.1.4.281.10.1.13.8
1.1.4.292.14.1.9
1.1.4.327.34.3.9.6.9.2
1.1.4.351.5.1.2.30.18
1.1.4.445.5.1.26.13.16
1.1.4.493.5.1
1.1.4.531.25.2.35
1.1.4.545.30.1.13
1.1.4.549.17.2.5.3.10
1.1.4.604.5.1.3
1.1.4.672.28.2.26.1.4.1.1
1.1.4.691.15.2.7.7.9
1.1.4.712.5.1.26.1.8.4.12
1.1.4.715.5.1.1.5.15
1.1.4.717.9.3.8.11
1.1.4.718.15
1.1.4.785.5.1.3
1.1.4.804.14.1.15
1.1.4.807.17.1.6
1.1.4.820.5.1.2.2.5.2.8.20
1.1.4.907.13.1.4
1.1.4.1066.5.1.17
1.1.4.1092.3
1.1.4.1111.5.1.6
1.1.4.1180.18.2.4.2
1.1.4.1186.5.1
1.1.4.1204.17.2.4
1.1.4.1207.5.1.1.16.12
1.1.4.1260.21.1.10.9
1.1.4.1285.12.1.4
1.1.4.1324.19.1.4
1.1.4.1335.5.1.1
1.1.4.1393.5.1.3.1.8.13.30
1.1.4.1464.15.3
1.1.4.1561.22.2.5.2.1.1.8
1.1.4.1580.34
1.1.4.1688.5.1.34.1.8.2
1.1.4.1747.5.1.27
1.1.4.1750.5.1.1.21
1.1.4.1919.71.3.5.4
1.1.4.1955.13.2.6
1.1.4.1959.15.5.5.5.5
1.1.4.1968.5.1.3.8.42.4
1.1.4.1999.11.2.8
1.1.4.2009.9.1.5
1.1.4.2048.5.1.1
1.1.4.2075.5.1.2
1.1.4.2129.5.1.24.7.25.2
1.1.4.2182.43.3.27.29
1.1.4.2213.51.1.23
1.1.4.2303.24.9
1.1.4.2317.5.1.4.1
1.1.4.2321.14.1.13
1.1.4.2529.8.4.4
1.1.4.2598.10.2.10
1.1.4.2659.29.1.4.2
1.1.4.2690.22.1.8.9
1.1.4.2693.15
1.1.4.2898.10.1.5.14
1.1.4.2934.31.4.8.5
1.1.4.2949.17
1.1.4.2953.5.1.2.2.5
1.1.4.3056.5.1.8.9
1.1.4.3108.5.1.1.1.4.5.19
1.1.4.3130.17.3.4.11.13
1.1.4.3238.5.1.22.15
1.1.4.3238.5.1.24.2.18
1.1.4.3276.5.1.2.1.3.11.22
1.1.4.3295.5.1.4
1.1.4.3298.11.2.9.3
1.1.4.3400.11.1.7.5
1.1.4.3447.5.1.4.2.5
1.1.4.3491.15.1.8.10
1.1.4.3508.18.1.16
1.1.4.3547.10.4.8.3
1.1.4.3608.5.1
1.1.4.3646.17.1
1.1.4.3775.5.1.1.1.1.6
1.1.4.3814.8.2.14.3
1.1.4.4009.5.1.3.3.15.1
1.1.4.4019.24.6
1.1.4.4025.5.1.6.3.2.1.6
1.1.4.4264.5.1.4.1.1.1
1.1.4.4367.5.1
1.1.4.4474.27.2
1.1.4.4489.20.1.4.6
1.1.4.4523.18.2.7.12
1.1.4.4608.13.2.12
1.1.4.4800.10.2.4.4
1.1.4.4898.5.1.5
1.1.4.4914.46.2
1.1.4.5021.17.2.4
1.1.4.5122.5.1.3.5.9.4
1.1.4.5156.12.3.8
1.1.4.5166.5.1
1.1.4.5213.5.1.6.1.2.2
1.1.4.5224.14.1.5
1.1.4.5285.5.1.3.2.30.3
1.1.4.5344.8.2.8
1.1.4.5410.11.2.8.12
1.1.4.5442.10.1.4.1
1.1.4.5644.14.2.15.4
1.1.4.5673.17.2.8
1.1.4.5754.10.1.13.8
1.1.4.5765.14.1.9
1.1.4.5819.10.3.8.10
1.1.4.5843.5.1.1
1.1.4.5848.5.1.2.1
1.1.4.5919.5.1.10.3.7
1.1.4.5968.5.1
1.1.4.6051.9.1.6
1.1.4.6072.5.1.3
1.1.4.6136.5.1.11.6.12.6.9.9
1.1.4.6137.12.1.4.1
1.1.4.6159.5.1.13.2.8
1.1.4.6180.5.1.26.1.8.6.21
1.1.4.6183.5.1.1.5.15
1.1.4.6185.9.3.8.11
1.1.4.6186.15
1.1.4.6253.5.1.3
1.1.4.6285.5.1.1.1.24.3
1.1.4.6285.5.1.2.1.1.1.9.18
1.1.4.6392.28.1.15.16
1.1.4.6563.5.1.6
1.1.4.6635.18.2.4.2
1.1.4.6641.5.1
1.1.4.6659.17.2.4
1.1.4.6662.5.1.1.16.12
1.1.4.6716.17.3.11.17.6.2.9
1.1.4.6733.8.1.10
1.1.4.6761.14.3.7.1
1.1.4.6839.8.1.4.18
1.1.4.6992.13.2
1.1.4.6999.22.2.5.2.1.1.8
1.1.4.7018.34
1.1.4.7053.10.1.35
1.1.4.7129.5.1.20.1.8.2
1.1.4.7183.10.2.4.1
1.1.4.7187.5.1.2.1.12.1
1.1.4.7347.42.3.5.4
1.1.4.7383.13.2.6
1.1.4.7387.15.5.5.5.5
1.1.4.7396.5.1.3.8.42.4
1.1.4.7430.11.2.8
1.1.4.7440.9.1.5
1.1.4.7470.5.1.1
1.1.4.7497.5.1.2
1.1.4.7552.5.1.24.7.25.2
1.1.4.7621.5.1.3.1.1.1.46
1.1.4.7712.24.9
1.1.4.7726.5.1.4.1
1.1.4.7730.14.1.13
1.1.4.7783.13.2.33.18
1.1.4.7828.5.1.2.7.16.1
1.1.4.7984.5.1.2.4
1.1.4.8098.18.1.32.4
1.1.4.8101.5.1.1.1.11.4.18
1.1.4.8251.10.3.8
1.1.4.8277.10.1.5.14
1.1.4.8313.52.4.8.5
1.1.4.8328.17
1.1.4.8332.5.1.2.2.5
1.1.4.8353.8.1.7.4
1.1.4.8422.5.1
1.1.4.8448.5.1.8.3
1.1.4.8451.5.1.1
1.1.4.8536.22.5.25.7
1.1.4.8645.5.1.22.15
1.1.4.8645.5.1.24.2.18
1.1.4.8680.13.1.6.9
1.1.4.8682.22.2.9.6
1.1.4.8705.14.3.8.9.20
1.1.4.8859.9.2.4.2
1.1.4.8898.15.1.8.10
1.1.4.8915.18.1.16
1.1.4.8921.29
1.1.4.8952.5.1.11
1.1.4.9043.9.1.54.5
1.1.4.9142.23.3
1.1.4.9154.5.1.3.3.17
1.1.4.9179.5.1.5.1.2
1.1.4.9180.9.1.7
1.1.4.9221.8.2.14.3
1.1.4.9428.23.6
1.1.4.9434.5.1.6.3.2.1.1
1.1.4.9512.26.2.5
1.1.4.9595.10.1.6.1
1.1.4.9649.9.1.18
1.1.4.9766.5.1
1.1.4.9861.14.3.11.2
1.1.4.9865.5.1
1.1.4.9877.5.1.34.2.6
1.1.4.9906.34.2.17.15
1.1.4.9933.5.1.3.3.14.2
1.1.4.9970.10.1.6.3.4
1.1.4.9971.5.1.2.1.6.1.14
1.1.4.10147.5.1.1.1
1.1.4.10166.20.3.6.3.18
1.1.4.10266.5.1.5
1.1.4.10282.46.2
1.1.4.10465.5.1.3.5.15.2
1.1.4.10501.5.1
1.1.4.10512.5.1.1.12
1.1.4.10562.5.1.6.1.2.2
1.1.4.10573.14.1.5
1.1.4.10745.5.1.7
1.1.4.10787.10.1.4.1
1.1.4.10997.14.2.15.4
1.1.4.11023.5.1.1
1.1.4.11099.5.1.1.6.8
1.1.4.11110.5.1
1.1.4.11114.35.1.4.2
1.1.4.11151.10.3.8.10
1.1.4.11175.5.1.1.1.1.5
1.1.4.11195.18.4.5.7.9.1.6
1.1.4.11265.5.1.10.3.7
1.1.4.11314.5.1
1.1.4.11351.25.2.35
1.1.4.11364.17.1.5.4
1.1.4.11377.5.1.1.3
1.1.4.11407.9.1.6
1.1.4.11428.5.1.3
1.1.4.11496.25.5.10.5.18.13
1.1.4.11498.14.3.5.9.19.14.44
1.1.4.11524.5.1.13.2.8
1.1.4.11545.5.1.26.1.8.6.17
1.1.4.11548.5.1.1.5.15
1.1.4.11550.9.3.8.11
1.1.4.11551.15
1.1.4.11642.14.1.15
1.1.4.11645.17.1.6
1.1.4.11658.5.1.2.2.5.2.8.3
1.1.4.11745.13.1.4
1.1.4.11898.5.1.17
1.1.4.11924.3
1.1.4.11943.5.1.6
1.1.4.12006.18.2.4.2
1.1.4.12012.5.1
1.1.4.12028.22.2.10.1.8
1.1.4.12082.17.3.11.19.6.2.8
1.1.4.12119.5.1
1.1.4.12143.5.1.1
1.1.4.12199.5.1.3.1.8.11.34
1.1.4.12268.15.3
1.1.4.12365.22.2.5.2.1.1.8
1.1.4.12384.34
1.1.4.12492.5.1.34.1.8.2
1.1.4.12550.5.1.5
1.1.4.12607.5.1.4.3.6
1.1.4.12725.71.3.5.4
1.1.4.12761.13.2.6
1.1.4.12765.15.5.5.5.5
1.1.4.12774.5.1.3.8.42.4
1.1.4.12805.11.2.8
1.1.4.12815.9.1.5
1.1.4.12847.5.1.1
1.1.4.12874.5.1.2
1.1.4.12927.5.1.24.7.25.2
1.1.4.12947.5.1.7.10.18.1
1.1.4.12983.43.3.27.29
1.1.4.13014.51.1.23
1.1.4.13040.18.4.5.5
1.1.4.13166.13.2.18.12
1.1.4.13209.5.1
1.1.4.13309.8.4.4
1.1.4.13370.10.2.10
1.1.4.13445.18.1.32.4
1.1.4.13448.5.1.1.1.11.4.18
1.1.4.13646.10.1.5.14
1.1.4.13684.22.4.22.13
1.1.4.13689.14.2.10.1.6.7
1.1.4.13710.5.1.8.1
1.1.4.13712.10.1.7.9
1.1.4.13727.19.3.9.4.21.8.5
1.1.4.13790.20.2.18.9
1.1.4.13821.16.1.4.9.26
1.1.4.13880.5.1.30.12.3.1.57
1.1.4.13945.17.1.6
1.1.4.14029.5.1.22.15
1.1.4.14029.5.1.24.2.18
1.1.4.14061.24.1.19.13
1.1.4.14077.9.1.10
1.1.4.14080.19.3.15.8.11
1.1.4.14129.5.1.2.2
1.1.4.14147.8.2.4.3
1.1.4.14177.5.1.1
1.1.4.14191.16.2
1.1.4.14232.5.1.4.2.5
1.1.4.14276.15.1.8.10
1.1.4.14293.18.1.16
1.1.4.14332.10.4.8.3
1.1.4.14420.5.1.5.1.5.1
1.1.4.14520.5.1.3.3.17
1.1.4.14542.5.1.1.1.1.6
1.1.4.14587.5.1.8
1.1.4.14640.5.1.6.10
1.1.4.14806.23.6
1.1.4.14812.5.1.6.3.2.1.14
1.1.4.14896.17.2.18.10
1.1.4.15057.5.1.4.1.1.1
1.1.4.15166.5.1
1.1.4.15244.14.3.11.2
1.1.4.15258.5.1.34.2.6
1.1.4.15291.9.1.5
1.1.4.15358.21.1.21.9.10
1.1.4.15359.5.1.2.1.12.1.22
1.1.4.15535.25
1.1.4.15556.10.2.4.4
1.1.4.15725.3
1.1.4.15807.24.1.12
1.1.4.15926.12.3.8
1.1.4.15936.5.1
1.1.4.15973.5.1.6.1.2.2
1.1.4.15984.14.1.5
1.1.4.16270.16.2.7.4.19.3
1.1.4.16371.14.2.15.4
1.1.4.16396.5.1.1
1.1.4.16469.11.2.4.6
1.1.4.16479.5.1
1.1.4.16483.35.1.4.2
1.1.4.16522.5.1.4
1.1.4.16544.5.1.1.11
1.1.4.16549.5.1.2.1
1.1.4.16624.5.1.10.3.7
1.1.4.16672.5.1
1.1.4.16728.5.1.2.3.17.4.26
1.1.4.16765.9.1.6
1.1.4.16786.5.1.3
1.1.4.16855.25.5.10.5.18.5
1.1.4.16857.14.3.5.9.19.6.7
1.1.4.16879.15.2.7.7.7
1.1.4.16900.5.1.26.1.8.4.11
1.1.4.16903.5.1.1.5.15
1.1.4.16905.9.3.8.11
1.1.4.16906.15
1.1.4.17006.5.1.1.1.24.3
1.1.4.17006.5.1.2.1.1.1.9.4
1.1.4.17113.28.1.15.16
1.1.4.17247.5.1.17
1.1.4.17268.8.3.4
1.1.4.17287.5.1.6
1.1.4.17350.18.2.4.2
1.1.4.17356.5.1
1.1.4.17374.17.2.4
1.1.4.17377.5.1.1.16.12
1.1.4.17431.17.3.11.17.6.2.9
1.1.4.17635.15.3
1.1.4.17723.22.2.5.2.1.1.8
1.1.4.17773.10.1.35
1.1.4.17852.5.1.34.1.8.2
1.1.4.17909.5.1.16
1.1.4.17912.5.1.1.12
1.1.4.18086.71.3.5.4
1.1.4.18122.13.2.6
1.1.4.18126.15.5.5.5.5
1.1.4.18135.5.1.3.8.42.4
1.1.4.18164.5.1
1.1.4.18177.9.1.5
1.1.4.18222.13.2
1.1.4.18238.5.1.2
1.1.4.18292.5.1.24.7.25.2
1.1.4.18312.5.1.7.10.18.1
1.1.4.18349.43.3.27.29
1.1.4.18380.51.1.23
1.1.4.18406.18.4.5.5
1.1.4.18459.24.9
1.1.4.18473.5.1.4.1
1.1.4.18477.14.1.13
1.1.4.18574.5.1
1.1.4.18756.10.2.10
1.1.4.18834.18.1.32.4
1.1.4.18837.5.1.1.1.11.4.18
1.1.4.19054.52.4.8.5
1.1.4.19070.11.1.4.5
1.1.4.19150.20.2.18.9
1.1.4.19178.14.2.12
1.1.4.19225.5.1.30.12.4.1.10
1.1.4.19297.17.1.6
1.1.4.19379.5.1.22.15
1.1.4.19379.5.1.24.2.18
1.1.4.19418.16.2.6.6.5.1.26
1.1.4.19427.8.2.8.6
1.1.4.19441.5.1.8.1.7
1.1.4.19444.19.3.16.10.11
1.1.4.19512.8.2.4.3
1.1.4.19528.5.1.4.2.5.6.57
1.1.4.19576.19.2.8.3
1.1.4.19627.26.1.4.5
1.1.4.19683.10.4.8.3
1.1.4.19955.5.1.15
1.1.4.20123.5.1.3.1
1.1.4.20173.24.6
1.1.4.20179.5.1.6.3.2.1.4
1.1.4.20252.44.1.4.17
1.1.4.20409.5.1.4.1.1.1
1.1.4.20515.5.1
1.1.4.20634.5.1.34.2.6
1.1.4.20667.9.1.5
1.1.4.20698.13.2.8
1.1.4.20738.21.1.21.9.10
1.1.4.20739.5.1.2.1.12.1.22
1.1.4.20912.5.1.1.1
1.1.4.20933.20.3.6.3.10
1.1.4.21049.5.1.5
1.1.4.21065.46.2
1.1.4.21275.5.1.3.5.9.4
1.1.4.21311.5.1
1.1.4.21322.5.1.1.12
1.1.4.21373.5.1.6.1.2.2
1.1.4.21384.14.1.5
1.1.4.21782.14.2.15.4
1.1.4.21811.17.2.8
1.1.4.21892.10.1.13.8
1.1.4.21908.15.2
1.1.4.21959.5.1.4
1.1.4.21962.16.1.17.6
1.1.4.21982.5.1.1.11
1.1.4.21987.5.1.2.1
1.1.4.22058.5.1.10.3.7
1.1.4.22107.5.1
1.1.4.22150.25.2.35
1.1.4.22163.17.1.5.4
1.1.4.22176.5.1.1.3
1.1.4.22204.9.1.6
1.1.4.22225.5.1.3
1.1.4.22292.5.1.11.6.12.6.9.15
1.1.4.22293.12.1.4.1
1.1.4.22315.5.1.13.2.8
1.1.4.22338.17.2.5.2.8
1.1.4.22343.24.2.10
1.1.4.22349.14.1.6.1.16
1.1.4.22442.14.1.15
1.1.4.22445.17.1.6
1.1.4.22458.5.1.2.2.5.2.8.3
1.1.4.22571.28.1.15.16
1.1.4.22624.5.1.1.2.3.6
1.1.4.22703.5.1.17
1.1.4.22727.13.1.6
1.1.4.22814.18.2.4.2
1.1.4.22820.5.1
1.1.4.22838.17.2.4
1.1.4.22841.5.1.1.16.12
1.1.4.22894.21.1.10.9
1.1.4.22934.5.1
1.1.4.22958.5.1.1
1.1.4.23019.5.1.2.2.8
1.1.4.23031.9.1.6
1.1.4.23094.15.3
1.1.4.23180.24.2.5.2.1.1.8
1.1.4.23199.34
1.1.4.23293.5.1.34.1.8.2
1.1.4.23350.5.1.16
1.1.4.23353.5.1.1.12
1.1.4.23531.9.1.4
1.1.4.23570.5.1.1
1.1.4.23611.11.2.8
1.1.4.23621.9.1.5
1.1.4.23666.13.2
1.1.4.23682.5.1.2
1.1.4.23735.5.1.24.7.25.2
1.1.4.23789.43.3.27.29
1.1.4.23820.51.1.23
1.1.4.23846.18.4.5.5
1.1.4.23969.13.2.18.12
1.1.4.24014.5.1.2.7.16.1
1.1.4.24111.8.4.4
1.1.4.24165.10.2.10
1.1.4.24254.22.1.8.9
1.1.4.24257.15
1.1.4.24490.52.4.8.5
1.1.4.24508.5.1.2.1
1.1.4.24508.5.1.4.2.14
1.1.4.24582.5.1
1.1.4.24608.5.1.8.3
1.1.4.24611.5.1.1
1.1.4.24676.12.1.7.2
1.1.4.24751.17.1.6
1.1.4.24841.5.1.22.15
1.1.4.24841.5.1.24.2.18
1.1.4.24879.9.2.15.13
1.1.4.24905.5.1.4
1.1.4.24908.11.2.9.3
1.1.4.25008.11.1.7.5
1.1.4.25055.5.1.4.2.5
1.1.4.25099.15.1.8.10
1.1.4.25116.18.1.16
1.1.4.25122.29
1.1.4.25153.5.1.11
1.1.4.25244.9.1.54.5
1.1.4.25380.5.1.5.1.2
1.1.4.25381.9.1.7
1.1.4.25420.8.2.14.3
1.1.4.25627.9.1.4
1.1.4.25635.12.3.16
1.1.4.25717.5.1.19.8
1.1.4.25805.5.1.1.2
1.1.4.25863.5.1.4.1.1.1
1.1.4.25973.5.1
1.1.4.26077.14.3.11.2
1.1.4.26091.5.1.34.2.6
1.1.4.26124.9.1.5
1.1.4.26202.10.1.6.3.4
1.1.4.26203.5.1.2.1.6.1.5
1.1.4.26303.16.2.4.7
1.1.4.26390.25
1.1.4.26412.10.2.4.4
1.1.4.26653.17.2.4
1.1.4.26754.5.1.3.5.9.4
1.1.4.26788.12.3.8
1.1.4.26841.5.1.6.1.2.2
1.1.4.26852.14.1.5
1.1.4.26913.5.1.3.2.30.3
1.1.4.27034.11.2.8.12
1.1.4.27280.14.2.15.4
1.1.4.27306.17.2.8
1.1.4.27394.14.1.9
1.1.4.27429.34.3.9.6.9.2
1.1.4.27455.5.1.2
1.1.4.27458.16.1.15.6
1.1.4.27478.5.1.1.11
1.1.4.27483.5.1.2.1
1.1.4.27554.5.1.10.3.7
1.1.4.27603.5.1
1.1.4.27646.25.2.35
1.1.4.27659.17.1.5.4
1.1.4.27672.5.1.1.3
1.1.4.27702.9.1.6
1.1.4.27723.5.1.3
1.1.4.27792.25.5.10.5.18.5
1.1.4.27794.14.3.5.9.19.6.7
1.1.4.27820.5.1.13.2.8
1.1.4.27850.21.2.7.1.4.1.2
1.1.4.27954.5.1.1.1.24.3
1.1.4.27954.5.1.2.1.1.1.9.4
1.1.4.28193.5.1.17
1.1.4.28214.8.3.4
1.1.4.28237.5.1.31.1
1.1.4.28254.3
1.1.4.28281.18.2.4.2
1.1.4.28287.5.1
1.1.4.28305.17.2.4
1.1.4.28308.5.1.1.16.12
1.1.4.28362.17.3.11.17.6.2.9
1.1.4.28389.8.1.10
1.1.4.28415.14.3.7.1
1.1.4.28492.5.1.3.1.8.6.11
1.1.4.28561.15.3
1.1.4.28649.22.2.5.2.1.1.8
1.1.4.28668.34
1.1.4.28701.10.1.35
1.1.4.28780.5.1.34.1.8.2
1.1.4.28831.14.3.53.1.2
1.1.4.28877.3
1.1.4.29000.42.3.5.4
1.1.4.29037.5.1.1
1.1.4.29075.11.2.8
1.1.4.29085.9.1.5
1.1.4.29127.5.1.1
1.1.4.29154.5.1.2
1.1.4.29207.5.1.24.7.25.2
1.1.4.29218.5.1.13.1.3.1
1.1.4.29231.5.1
1.1.4.29278.5.1.3.1.1.1.46
1.1.4.29292.21.2.10.7.12.3
1.1.4.29376.24.9
1.1.4.29390.5.1.4.1
1.1.4.29394.14.1.13
1.1.4.29457.13.2.18.12
1.1.4.29501.5.1
1.1.4.29667.10.2.10
1.1.4.29747.18.1.32.4
1.1.4.29750.5.1.1.1.11.4.18
1.1.4.29903.10.3.8
1.1.4.29972.22.4.22.13
1.1.4.29977.14.2.10.1.6.7
1.1.4.29997.5.1.8.1
1.1.4.29999.10.1.7.9
1.1.4.30014.19.3.9.4.21.8.5
1.1.4.30082.5.1
1.1.4.30108.5.1.8.3
1.1.4.30111.5.1.1
1.1.4.30164.5.1.1.1.8.6.63
1.1.4.30235.17.1.6
1.1.4.30317.5.1.22.15
1.1.4.30317.5.1.24.2.18
1.1.4.30355.5.1.2.1.3.11.22
1.1.4.30372.9.1.10
1.1.4.30375.19.3.15.8.11
1.1.4.30471.5.1.1
1.1.4.30485.16.2
1.1.4.30525.5.1.4.1.1
1.1.4.30531.5.1.2.1.4
1.1.4.30571.26.1.4.5
1.1.4.30593.99
1.1.4.30624.5.1.11
1.1.4.30677.5.1
1.1.4.30715.17.1
1.1.4.30895.8.2.14.3
1.1.4.30945.5.1.6.10
1.1.4.31110.24.6
1.1.4.31116.5.1.6.3.2.1.14
1.1.4.31196.17.2.18.10
1.1.4.31355.5.1.4.1.1.1
1.1.4.31457.5.1
1.1.4.31538.14.3.11.2
1.1.4.31542.5.1
1.1.4.31554.5.1.34.2.6
1.1.4.31587.9.1.5
1.1.4.31654.21.1.21.9.10
1.1.4.31655.5.1.2.1.12.1.22
1.1.4.31748.5.1
1.1.4.31749.16.2.4.17
1.1.4.31833.25
1.1.4.31854.10.2.4.4
1.1.4.31952.5.1.5
1.1.4.31968.46.2
1.1.4.32016.13.1.6
1.1.4.32197.5.1.3.5.9.4
1.1.4.32231.12.3.8
1.1.4.32241.5.1
1.1.4.32279.5.1.6.1.2.2
1.1.4.32290.14.1.5
1.1.4.32489.10.1.4.1
1.1.4.32663.5.1.3.5.22
1.1.4.32690.14.2.15.4
1.1.4.32712.5.1.1
1.1.4.32783.11.2.4.6
1.1.4.32794.5.1.3
1.1.4.32838.5.1.2
1.1.4.32858.9.4.16.13.1
1.1.4.32938.5.1.26.13.16
1.1.4.32986.5.1
1.1.4.33031.25.2.35
1.1.4.33044.17.1.5.4
1.1.4.33057.5.1.1.3
1.1.4.33087.9.1.6
1.1.4.33108.5.1.3
1.1.4.33172.5.1.11.6.12.6.9.9
1.1.4.33173.12.1.4.1
1.1.4.33199.5.1.13.2.8
1.1.4.33220.5.1.26.1.8.6.21
1.1.4.33223.5.1.1.5.15
1.1.4.33225.9.3.8.11
1.1.4.33226.15
1.1.4.33318.14.1.15
1.1.4.33321.17.1.6
1.1.4.33334.5.1.2.2.5.2.8.3
1.1.4.33407.8.8.4.1
1.1.4.33430.13.1.4
1.1.4.33598.8.3.4
1.1.4.33622.5.1.35.1
1.1.4.33686.18.2.4.2
1.1.4.33692.5.1
1.1.4.33710.17.2.4
1.1.4.33713.5.1.1.16.12
1.1.4.33765.17.3.11.19.6.2.8
1.1.4.33811.14.3.7.1
1.1.4.33886.8.1.4.15
1.1.4.33964.15.3
1.1.4.34051.13.2
1.1.4.34058.22.2.5.2.1.1.8
1.1.4.34077.34
1.1.4.34185.5.1.34.1.8.2
1.1.4.34243.5.1.5
1.1.4.34290.3
1.1.4.34303.5.1.17.2.12
1.1.4.34420.22.2.5.5
1.1.4.34457.5.1.1
1.1.4.34558.13.2
1.1.4.34574.5.1.2
1.1.4.34627.5.1.24.7.25.2
1.1.4.34681.43.3.27.29
1.1.4.34712.51.1.23
1.1.4.34738.18.4.5.5
1.1.4.34807.24.9
1.1.4.34828.5.1.2.1.20.5.23
1.1.4.35082.10.2.10
1.1.4.35172.22.1.8.9
1.1.4.35175.15
1.1.4.35371.33.2.25
1.1.4.35382.8.1.4
1.1.4.35413.22.4.22.13
1.1.4.35418.14.2.10.1.6.7
1.1.4.35439.5.1.8.1
1.1.4.35441.10.1.7.9
1.1.4.35456.19.3.9.4.21.8.5
1.1.4.35520.5.1
1.1.4.35546.5.1.8.3
1.1.4.35549.5.1.1
1.1.4.35605.5.1.1.1.8.6.71
1.1.4.35618.15.1.4
1.1.4.35624.5.1.3.1.3.1
1.1.4.35662.17.1.6
1.1.4.35752.5.1.22.15
1.1.4.35752.5.1.24.2.18
1.1.4.35782.5.1
1.1.4.35790.8.2.11.4
1.1.4.35799.31.1.10
1.1.4.35811.5.1.8.1.20
1.1.4.35814.19.3.16.10.24
1.1.4.35920.5.1.1
1.1.4.35934.16.2
1.1.4.35988.5.1.7
1.1.5.36026.15.1.8.10
1.1.5.36043.18.1.16
1.1.5.36049.29
1.1.5.36080.5.1.11
1.1.5.36166.9.1.54.5
1.1.5.36305.5.1.5.1.2
1.1.5.36306.9.1.7
1.1.5.36355.8.2.14.3
1.1.5.36553.23.6
1.1.5.36559.5.1.6.3.2.1.1
1.1.5.36639.17.2.18.10
1.1.5.36798.5.1.4.1.1.1
1.1.5.36901.5.1
1.1.5.37012.10.1.12
1.1.5.37031.5.1.22.2.6
1.1.5.37064.9.1.5
1.1.5.37138.21.1.21.9.10
1.1.5.37139.5.1.2.1.12.1.22
1.1.5.37236.16.2.4.7
1.1.5.37323.25
1.1.5.37344.10.2.4.4
1.1.5.37410.5.1.1
1.1.5.37418.5.1.1.1
1.1.5.37455.31.2.15.23
1.1.5.37699.12.3.8
1.1.5.37709.5.1
1.1.5.37724.8.2.4.1
1.1.5.37745.5.1.3.5
1.1.5.37754.5.1.18.8
1.1.5.37822.5.1.3.2.16.3
1.1.5.37867.37.1.10.6
1.1.5.37881.8.2.8
1.1.5.37938.5.1.7
1.1.5.37977.10.1.4.1
1.1.5.38185.14.2.15.4
1.1.5.38211.5.1.1
1.1.5.38286.5.1.1.6.8
1.1.5.38298.5.1.3
1.1.5.38340.5.1.4
1.1.5.38362.5.1.1.11
1.1.5.38367.5.1.2.1
1.1.5.38446.5.1.26.13.16
1.1.5.38494.5.1
1.1.5.38528.25.2.35
1.1.5.38540.48.2.8.7
1.1.5.38566.9.1.6
1.1.5.38587.5.1.3
1.1.5.38652.5.1.8.4.15.5
1.1.5.38653.13.2.13.9.18.6.16
1.1.5.38676.15.2.7.7.7
1.1.5.38706.21.2.7.1.4.1.2
1.1.5.38801.9.1.4.21
1.1.5.38814.5.1.1.52.59.2.8.20
1.1.5.38902.13.1.4
1.1.5.39063.5.1.23
1.1.5.39106.5.1.6
1.1.5.39164.18.2.4.2
1.1.5.39170.5.1
1.1.5.39188.17.2.4
1.1.5.39191.5.1.1.16.12
1.1.5.39245.17.3.11.17.6.2.9
1.1.5.39282.5.1
1.1.5.39441.15.3
1.1.5.39528.13.2
1.1.5.39535.22.2.5.2.1.1.8
1.1.5.39554.34
1.1.5.39589.10.1.35
1.1.5.39636.15.1.9
1.1.5.39654.5.1
1.1.5.39709.5.1.16
1.1.5.39712.5.1.1.12
1.1.5.39884.42.3.5.4
1.1.5.39920.13.2.6
1.1.5.39924.15.5.5.5.5
1.1.5.39933.5.1.3.8.42.4
1.1.5.39962.5.1
1.1.5.39975.9.1.5
1.1.5.40014.5.1.1
1.1.5.40037.6
1.1.5.40043.5.1.2
1.1.5.40097.5.1.24.7.25.2
1.1.5.40117.5.1.7.10.18.1
1.1.5.40154.43.3.27.29
1.1.5.40185.51.1.23
1.1.5.40211.18.4.5.5
1.1.5.40280.13.1.6.23
1.1.5.40460.8.4.4
1.1.5.40484.5.1.1.13
1.1.5.40586.29.1.4.2
1.1.5.40617.22.1.8.9
1.1.5.40620.15
1.1.5.40768.10.3.8
1.1.5.40794.10.1.5.14
1.1.5.40830.31.4.8.5
1.1.5.40845.5.1.8.1
1.1.5.40847.10.1.7.9
1.1.5.40929.5.1
1.1.5.41039.22.5.25.7
1.1.5.41150.5.1.22.15
1.1.5.41150.5.1.24.2.18
1.1.5.41185.16.2.6.6.5.1.65
1.1.5.41203.9.1.10
1.1.5.41206.19.3.15.8.11
1.1.5.41293.5.1.4.2.5.6.57
1.1.5.41356.5.1.7
1.1.5.41390.15.1.8.10
1.1.5.41407.18.1.16
1.1.5.41446.10.4.8.3
1.1.5.41532.17.1
1.1.5.41704.8.2.14.3
1.1.5.41775.25.4.14.10.2.1.8
1.1.5.41905.10.1.9
1.1.5.41915.12.3.16
1.1.5.41983.17.2.18.10
1.1.5.42065.10.1.6.1
1.1.5.42118.9.1.18
1.1.5.42245.5.1
1.1.5.42323.14.3.11.2
1.1.5.42327.5.1
1.1.5.42339.5.1.34.2.6
1.1.5.42396.13.2.6.1.2.2
1.1.5.42402.8.1.5
1.1.5.42440.21.1.21.9.10
1.1.5.42441.5.1.2.1.12.1.34
1.1.5.42537.5.1
1.1.5.42538.16.2.4.17
1.1.5.42620.25
1.1.5.42641.10.2.4.4
1.1.5.43017.5.1
1.1.5.43028.5.1.1.12
1.1.5.43079.5.1.6.1.2.2
1.1.5.43090.14.1.5
1.1.5.43249.5.1.7
1.1.5.43466.5.1.3.5.22
1.1.5.43493.14.2.15.4
1.1.5.43515.5.1.1
1.1.5.43588.5.1.1.6.8
1.1.5.43600.5.1.3
1.1.5.43622.34.3.9.6.9.2
1.1.5.43647.13.2.8
1.1.5.43671.5.1.1.1.1.5
1.1.5.43691.18.4.5.7.9.1.6
1.1.5.43764.5.1.26.13.16
1.1.5.43812.5.1
1.1.5.43856.25.2.35
1.1.5.43869.17.1.5.4
1.1.5.43882.5.1.1.3
1.1.5.43910.9.1.6
1.1.5.43931.5.1.3
1.1.5.44008.27.1.4.1.6
1.1.5.44010.10.2.4
1.1.5.44038.5.1.13.2.8
1.1.5.44061.17.2.5.2.8
1.1.5.44066.24.2.10
1.1.5.44072.14.1.6.1.16
1.1.5.44171.5.1.2.1.1.1.9.4
1.1.5.44278.28.1.15.16
1.1.5.44331.5.1.1.2.3.6
1.1.5.44448.5.1.6
1.1.5.44513.18.2.4.2
1.1.5.44519.5.1
1.1.5.44535.22.2.10.1.8
1.1.5.44586.23.1.16.7
1.1.5.44630.14.3.7.1
1.1.5.44696.5.1.3.1.8.16.32
1.1.5.44843.24.2.5.2.1.1.8
1.1.5.44921.29.4.34.15
1.1.5.44966.5.1.34.1.8.2
1.1.5.45023.5.1.16
1.1.5.45026.5.1.1.12
1.1.5.45205.22.2.5.5
1.1.5.45241.13.2.6
1.1.5.45245.15.5.5.5.5
1.1.5.45254.5.1.3.8.42.4
1.1.5.45285.11.2.8
1.1.5.45295.9.1.5
1.1.5.45328.5.1.1
1.1.5.45355.5.1.2
1.1.5.45410.5.1.24.7.25.2
1.1.5.45430.5.1.7.10.18.1
1.1.5.45467.43.3.27.29
1.1.5.45498.51.1.23
1.1.5.45524.18.4.5.5
1.1.5.45572.24.9
1.1.5.45586.5.1.4.1
1.1.5.45590.14.1.13
1.1.5.45653.13.2.18.12
1.1.5.45696.5.1
1.1.5.45796.8.4.4
1.1.5.45850.10.2.10
1.1.5.45912.5.1.1.1.15
1.1.5.45932.5.1.2.2.9.1.51
1.1.5.46089.10.3.8
1.1.5.46115.10.1.5.14
1.1.5.46151.52.4.8.5
1.1.5.46167.5.1.8.1
1.1.5.46169.10.1.7.9
1.1.5.46271.5.1.8.9
1.1.5.46322.5.1.1.1.8.6.42
1.1.5.46393.17.1.6
1.1.5.46485.5.1.22.15
1.1.5.46485.5.1.24.2.18
1.1.5.46522.5.1.13
1.1.5.46530.8.5.8.9
1.1.5.46537.9.1.10
1.1.5.46540.19.3.15.8.11
1.1.5.46605.5.1.2.1.2.1.1
1.1.5.46622.5.1.4.2.5.6.57
1.1.5.46666.5.1.4.2.5
1.1.5.46713.26.1.4.5
1.1.5.46769.10.4.8.3
1.1.5.46848.8.1.11.3
1.1.5.47035.8.2.14.3
1.1.5.47084.5.1.6.10
1.1.5.47109.25.4.14.10.2.1.8
1.1.5.47249.9.1.4
1.1.5.47257.12.3.16
1.1.5.47487.5.1.4.1.1.1
1.1.5.47591.5.1
1.1.5.47683.14.3.11.2
1.1.5.47687.5.1
1.1.5.47699.5.1.34.2.6
1.1.5.47732.9.1.5
1.1.5.47807.9.1.4.2
1.1.5.47903.5.1
1.1.5.47904.16.2.4.17
1.1.5.47991.25
1.1.5.48012.10.2.4.4
1.1.5.48110.5.1.5
1.1.5.48126.46.2
1.1.5.48153.3
1.1.5.48316.5.1.3.5.9.4
1.1.5.48352.5.1
1.1.5.48363.5.1.1.12
1.1.5.48417.5.1.6.1.2.2
1.1.5.48428.14.1.5
1.1.5.48483.5.1.3.2.30.3
1.1.5.48626.10.1.4.1
1.1.5.48838.14.2.15.4
1.1.5.48867.17.2.8
1.1.5.48948.10.1.13.8
1.1.5.48959.14.1.9
1.1.5.49005.5.1.4
1.1.5.49027.26.5.5.3
1.1.5.49042.11.1.4
1.1.5.49120.5.1.26.13.16
1.1.5.49168.5.1
1.1.5.49211.25.2.35
1.1.5.49223.48.2.8.7
1.1.5.49249.9.1.6
1.1.5.49270.5.1.3
1.1.5.49339.28.2.26.1.4.1.1
1.1.5.49363.5.1.13.2.8
1.1.5.49390.5.1.1
1.1.5.49397.5.1.3.2.7.1.2
1.1.5.49509.5.1.2.1.1.1.9.21
1.1.5.49616.28.1.15.16
1.1.5.49745.5.1.17
1.1.5.49764.9.1.8
1.1.5.49769.13.1.6
1.1.5.49842.6
1.1.5.49850.14.2.12
1.1.5.49930.17.3.11.17.6.2.9
1.1.5.49976.14.3.7.1
1.1.5.49998.5.1.1
1.1.5.50060.5.1.2.2.8
1.1.5.50072.9.1.6
1.1.5.50135.15.3
1.1.5.50222.13.2
1.1.5.50229.22.2.5.2.1.1.8
1.1.5.50248.34
1.1.5.50356.5.1.34.1.8.2
1.1.5.50407.14.3.53.1.2
1.1.5.50464.5.1.4.3.6
1.1.5.50572.5.1
1.1.5.50610.5.1.1
1.1.5.50650.5.1
1.1.5.50663.9.1.5
1.1.5.50693.5.1.1
1.1.5.50721.8.1.4
1.1.5.50777.5.1.24.7.25.2
1.1.5.50797.5.1.7.10.18.1
1.1.5.50833.43.3.27.29
1.1.5.50864.51.1.23
1.1.5.50967.5.1.4.1
1.1.5.50971.14.1.13
1.1.5.51024.13.2.33.18
1.1.5.51067.5.1
1.1.5.51228.10.2.10
1.1.5.51303.18.1.32.4
1.1.5.51306.5.1.1.1.11.4.18
1.1.5.51433.5.1.2.13
1.1.5.51509.10.1.5.14
1.1.5.51538.52.4.8.5
1.1.5.51553.5.1
1.1.5.51557.5.1.3.1.9
1.1.5.51569.17.6.7.1.3
1.1.5.51662.5.1.20.7.12.4
1.1.5.51753.22.5.25.7
1.1.5.51869.5.1.22.15
1.1.5.51869.5.1.24.2.18
1.1.5.51905.22.2.5.6.15
1.1.5.51907.14.3.5.11.22.7.12.26
1.1.5.51921.16.3.6.1.8
1.1.5.52012.5.1.4.2.5.6.57
1.1.5.52076.5.1.7
1.1.5.52119.23.1.4.16
1.1.5.52137.18.1.16
1.1.5.52143.29
1.1.5.52174.13.2.16
1.1.5.52453.5.1.15
1.1.5.52505.5.1.6.10
1.1.5.52680.10.1.9
1.1.5.52690.12.3.16
1.1.5.52848.10.1.6.1
1.1.5.52901.9.1.18
1.1.5.53021.5.1
1.1.5.53100.14.3.11.2
1.1.5.53104.5.1
1.1.5.53116.5.1.34.2.6
1.1.5.53149.9.1.5
1.1.5.53229.21.1.21.9.10
1.1.5.53230.5.1.2.1.12.1.22
1.1.5.53323.5.1
1.1.5.53324.16.2.4.17
1.1.5.53411.25
1.1.5.53433.10.2.4.4
1.1.5.53543.5.1.5
1.1.5.53559.46.2
1.1.5.53795.12.3.8
1.1.5.53805.5.1
1.1.5.53851.5.1.6.1.2.2
1.1.5.53862.14.1.5
1.1.5.54293.14.2.15.4
1.1.5.54322.17.2.8
1.1.5.54403.10.1.13.8
1.1.5.54419.15.2
1.1.5.54470.5.1.4
1.1.5.54492.5.1.1.11
1.1.5.54497.5.1.2.1
1.1.5.54568.5.1.10.3.7
1.1.5.54617.5.1
1.1.5.54660.25.2.35
1.1.5.54678.17.2.5.3.10
1.1.5.54716.9.1.6
1.1.5.54737.5.1.3
1.1.5.54814.5.1.11.6.12.6.9.14
1.1.5.54815.12.1.4.1
1.1.5.54837.5.1.13.2.8
1.1.5.54867.21.2.7.1.4.1.2
1.1.5.54971.9.1.4.14
1.1.5.54984.5.1.1.45.32.2.8.15
1.1.5.55220.5.1.23
1.1.5.55241.8.3.4
1.1.5.55264.5.1.31.1
1.1.5.55301.6
1.1.5.55309.14.2.12
1.1.5.55387.17.3.11.19.6.2.8
1.1.5.55423.5.1
1.1.5.55498.5.1.3.1.8.9.27
1.1.5.55568.15.3
1.1.5.55665.22.2.5.2.1.1.8
1.1.5.55684.34
1.1.5.55719.10.1.35
1.1.5.55766.15.1.9
1.1.5.55784.5.1
1.1.5.55839.5.1.16
1.1.5.55842.5.1.1.12
1.1.5.55880.5.1.16.1.7.1
1.1.5.56011.5.1
1.1.5.56049.5.1.1
1.1.5.56077.16.2.11.12
1.1.5.56097.5.1.1
1.1.5.56105.21.2.19.8.12.3
1.1.5.56147.5.1.1
1.1.5.56174.5.1.2
1.1.5.56228.5.1.24.7.25.2
1.1.5.56282.43.3.27.29
1.1.5.56313.51.1.23
1.1.5.56347.5.1.1
1.1.5.56475.13.2.18.12
1.1.5.56520.5.1.2.7.16.1
1.1.5.56617.8.4.4
1.1.5.56678.10.2.10
1.1.5.56740.5.1.1.1.15
1.1.5.56759.5.1.2.2.9.1.51
1.1.5.56941.10.3.8
1.1.5.57010.22.4.22.13
1.1.5.57015.14.2.10.1.6.7
1.1.5.57040.5.1.1.17.23
1.1.5.57111.20.2.18.9
1.1.5.57142.16.1.4.9.26
1.1.5.57196.5.1.26.17.1.3.11
1.1.5.57219.22.5.25.7
1.1.5.57328.5.1.22.15
1.1.5.57328.5.1.24.2.18
1.1.5.57363.8.2.11.4
1.1.5.57372.31.1.10
1.1.5.57384.5.1.8.1.20
1.1.5.57387.19.3.16.10.24
1.1.5.57469.5.1.4.2.5.6.57
1.1.5.57513.5.1.4.2.5
1.1.5.57557.15.1.8.10
1.1.5.57574.18.1.16
1.1.5.57613.10.4.8.3
1.1.5.57798.5.1.3.3.17
1.1.5.57823.5.1.5.1.2
1.1.5.57824.9.1.7
1.1.5.57865.8.2.14.3
1.1.5.58066.23.6
1.1.5.58072.5.1.6.3.2.1.1
1.1.5.58315.5.1.4.1.1.1
1.1.5.58420.5.1
1.1.5.58519.25.2
1.1.5.58534.20.1.4.6
1.1.5.58602.5.1.3.3.14.2
1.1.5.58647.13.2.12
1.1.5.58829.25
1.1.5.58850.10.2.4.4
1.1.5.58916.5.1.1
1.1.5.58924.5.1.1.1
1.1.5.58961.31.2.15.23
1.1.5.59217.12.3.8
1.1.5.59268.5.1.6.1.2.2
1.1.5.59279.14.1.5
1.1.5.59398.8.2.8
1.1.5.59696.14.2.15.4
1.1.5.59721.5.1.1
1.1.5.59796.5.1.1.6.8
1.1.5.59807.5.1
1.1.5.59811.35.1.4.2
1.1.5.59853.5.1.4
1.1.5.59856.16.1.17.6
1.1.5.59876.5.1.1.11
1.1.5.59881.5.1.2.1
1.1.5.59957.5.1.10.3.7
1.1.5.60006.5.1
1.1.5.60049.25.2.35
1.1.5.60061.48.2.8.7
1.1.5.60087.9.1.6
1.1.5.60108.5.1.3
1.1.5.60179.5.1.8.4.15.5
1.1.5.60180.13.2.13.9.18.6.16
1.1.5.60203.5.1.15.3.15
1.1.5.60224.5.1.26.1.8.4.11
1.1.5.60227.5.1.1.5.15
1.1.5.60229.9.3.8.11
1.1.5.60243.11.1.4
1.1.5.60330.5.1.1.1.24.3
1.1.5.60330.5.1.2.1.1.1.9.6
1.1.5.60437.28.1.15.16
1.1.5.60586.8.3.4
1.1.5.60662.6
1.1.5.60670.14.2.12
1.1.5.60737.17.3.11.23.22.4.2
1.1.5.60783.14.3.7.1
1.1.5.60862.5.1.3.1.8.4.7
1.1.5.60930.15.3
1.1.5.61012.13.2
1.1.5.61019.22.2.5.2.1.1.8
1.1.5.61038.34
1.1.5.61070.10.1.35
1.1.5.61153.5.1.34.1.8.2
1.1.5.61210.5.1.16
1.1.5.61213.5.1.1.12
1.1.5.61383.5.1
1.1.5.61421.5.1.1
1.1.5.61449.16.2.11.12
1.1.5.61469.5.1.1
1.1.5.61477.21.2.19.8.12.3
1.1.5.61519.5.1.1
1.1.5.61542.6
1.1.5.61548.5.1.2
1.1.5.61601.5.1.24.7.25.2
1.1.5.61621.5.1.7.10.18.1
1.1.5.61658.43.3.27.29
1.1.5.61687.5.1.1.9.22.1
1.1.5.61782.24.9
1.1.5.61796.5.1.4.1
1.1.5.61800.14.1.13
1.1.5.61853.13.2.33.18
1.1.5.61993.8.4.4
1.1.5.62017.5.1.1.13
1.1.5.62057.10.2.10
1.1.5.62140.18.1.32.4
1.1.5.62143.5.1.1.1.11.4.18
1.1.5.62333.10.1.5.14
1.1.5.62369.52.4.8.5
1.1.5.62384.5.1.8.1
1.1.5.62386.10.1.7.9
1.1.5.62401.19.3.9.4.21.8.5
1.1.5.62485.5.1.8.9
1.1.5.62570.22.5.25.7
1.1.5.62679.5.1.22.15
1.1.5.62679.5.1.24.2.18
1.1.5.62717.9.2.15.13
1.1.5.62743.5.1.4
1.1.5.62746.11.2.9.3
1.1.5.62814.5.1.2.1.2.1.1
1.1.5.62831.5.1.4.2.5.6.57
1.1.5.62888.9.2.4.2
1.1.5.62926.15.1.8.10
1.1.5.62943.18.1.16
1.1.5.62949.29
1.1.5.62980.5.1.11
1.1.5.63072.9.1.54.5
1.1.5.63181.5.1.3.3.17
1.1.5.63206.5.1.5.1.2
1.1.5.63207.9.1.7
1.1.5.63249.8.2.14.3
1.1.5.63297.5.1.6.10
1.1.5.63442.13.1.4
1.1.5.63458.24.6
1.1.5.63464.5.1.6.3.2.1.21
1.1.5.63542.26.2.5
1.1.5.63625.10.1.6.1
1.1.5.63678.9.1.18
1.1.5.63806.5.1
1.1.5.63909.14.3.11.2
1.1.5.63913.5.1
1.1.5.63925.5.1.34.2.6
1.1.5.63958.9.1.5
1.1.5.64027.13.7.21.13.22
1.1.5.64196.5.1.1.1
1.1.5.64215.20.3.6.3.18
1.1.5.64407.13.1.6
1.1.5.64601.12.3.8
1.1.5.64631.8.1.4
1.1.5.64654.5.1.6.1.2.2
1.1.5.64665.14.1.5
1.1.5.64870.10.1.4.1
1.1.5.65082.14.2.15.4
1.1.5.65108.5.1.1
1.1.5.65177.5.1.1.6.8
1.1.5.65188.5.1
1.1.5.65192.35.1.4.2
1.1.5.65233.10.3.8.10
1.1.5.65255.5.1.1.11
1.1.5.65260.5.1.2.1
1.1.5.65331.5.1.10.3.7
1.1.5.65379.5.1
1.1.5.65423.25.2.35
1.1.5.65436.17.1.5.4
1.1.5.65449.5.1.1.3
1.1.5.65479.9.1.6
1.1.5.65500.5.1.3
1.1.5.65569.25.5.10.5.18.5
1.1.5.65571.14.3.5.9.19.6.7
1.1.5.65593.15.2.7.7.7
1.1.5.65623.21.2.7.1.4.1.2
1.1.5.65706.9.1.4.29
1.1.5.65719.5.1.1.60.98.2.8.16
1.1.5.65987.3
1.1.5.66006.5.1.6
1.1.5.66108.17.2.4
1.1.5.66111.5.1.1.16.12
1.1.5.66166.17.3.11.17.6.2.9
1.1.5.66379.15.3
1.1.5.66470.22.2.5.2.1.1.8
1.1.5.66489.34
1.1.5.66550.29.4.34.15
1.1.5.66595.5.1.34.1.8.2
1.1.5.66652.5.1.16
1.1.5.66655.5.1.1.12
1.1.5.66693.5.1.16.1.7.1
1.1.5.66709.19.4.14.14.5
1.1.5.66835.71.3.5.4
1.1.5.66871.13.2.6
1.1.5.66875.15.5.5.5.5
1.1.5.66884.5.1.3.8.42.4
1.1.5.66915.11.2.8
1.1.5.66925.9.1.5
1.1.5.66955.5.1.1
1.1.5.66982.5.1.2
1.1.5.67036.5.1.24.7.25.2
1.1.5.67090.43.3.27.29
1.1.5.67121.51.1.23
1.1.5.67215.24.9
1.1.5.67229.5.1.4.1
1.1.5.67233.14.1.13
1.1.5.67425.8.4.4
1.1.5.67449.5.1.1.13
1.1.5.67577.18.1.32.4
1.1.5.67580.5.1.1.1.11.4.18
1.1.5.67764.33.2.25
1.1.5.67775.8.1.4
1.1.5.67802.22.4.22.13
1.1.5.67807.14.2.10.1.6.7
1.1.5.67828.5.1.8.1
1.1.5.67830.10.1.7.9
1.1.5.67845.19.3.9.4.21.8.5
1.1.5.67928.16.1.4.9.26
1.1.5.68016.22.5.25.7
1.1.5.68136.5.1.22.15
1.1.5.68136.5.1.24.2.18
1.1.5.68171.8.2.11.4
1.1.5.68180.5.1.15
1.1.5.68199.14.3.8.9.20
1.1.5.68367.5.1.7
1.1.5.68401.15.1.8.10
1.1.5.68418.18.1.16
1.1.5.68457.10.4.8.3
1.1.5.68503.5.1
1.1.5.68652.5.1.3.3.17
1.1.5.68677.5.1.5.1.2
1.1.5.68678.9.1.7
1.1.5.68717.8.2.14.3
1.1.5.68937.11.3.8
1.1.5.69115.5.1.1.2
1.1.5.69173.5.1.4.1.1.1
1.1.5.69279.5.1
1.1.5.69360.14.3.11.2
1.1.5.69374.5.1.34.2.6
1.1.5.69431.13.2.6.1.2.2
1.1.5.69437.8.1.5
1.1.5.69475.13.7.21.13.22
1.1.5.69571.5.1
1.1.5.69572.16.2.4.17
1.1.5.69659.25
1.1.5.69680.10.2.4.4
1.1.5.69789.18.2.15.7
1.1.5.69913.17.2.4
1.1.5.70014.5.1.3.5.9.4
1.1.5.70050.5.1
1.1.5.70061.5.1.1.12
1.1.5.70106.5.1.6.1.2.2
1.1.5.70117.14.1.5
1.1.5.70227.8.2.8
1.1.5.70286.5.1.7
1.1.5.70325.10.1.4.1
1.1.5.70561.5.1.1
1.1.5.70636.5.1.1.6.8
1.1.5.70647.5.1
1.1.5.70651.35.1.4.2
1.1.5.70690.5.1.4
1.1.5.70712.5.1.1.11
1.1.5.70717.5.1.2.1
1.1.5.70740.15.3.6.3
1.1.5.70796.5.1.26.13.16
1.1.5.70845.5.1
1.1.5.70888.25.2.35
1.1.5.70906.17.2.5.3.10
1.1.5.70937.9.1.6
1.1.5.70958.5.1.3
1.1.5.71031.28.2.26.1.4.1.1
1.1.5.71055.5.1.13.2.8
1.1.5.71076.5.1.26.1.8.6.18
1.1.5.71079.5.1.1.5.15
1.1.5.71081.9.3.8.11
1.1.5.71179.14.1.15
1.1.5.71182.17.1.6
1.1.5.71195.5.1.2.2.5.2.8.3
1.1.5.71308.28.1.15.16
1.1.5.71472.29.3.7.1.3.1
1.1.5.71482.5.1.31.1
1.1.5.71546.18.2.4.2
1.1.5.71552.5.1
1.1.5.71568.22.2.10.1.8
1.1.5.71619.23.1.16.7
1.1.5.71663.14.3.7.1
1.1.5.71685.5.1.1
1.1.5.71741.5.1.3.1.8.11.34
1.1.5.71886.5.1.3.3
1.1.5.71896.22.2.5.2.1.1.8
1.1.5.71915.34
1.1.5.71973.29.4.34.15
1.1.5.72018.5.1.34.1.8.2
1.1.5.72075.5.1.16
1.1.5.72078.5.1.1.12
1.1.5.72281.22.1.4.3
1.1.5.72324.11.2.8
1.1.5.72334.9.1.5
1.1.5.72365.5.1.1
1.1.5.72392.5.1.2
1.1.5.72446.5.1.24.7.25.2
1.1.5.72498.43.3.27.29
1.1.5.72529.51.1.23
1.1.5.72555.18.4.5.5
1.1.5.72615.24.9
1.1.5.72629.5.1.4.1
1.1.5.72633.14.1.13
1.1.5.72732.5.1
1.1.5.72834.8.4.4
1.1.5.72895.5.1.2.4
1.1.5.72909.10.2.10
1.1.5.72999.22.1.8.9
1.1.5.73002.15
1.1.5.73134.5.1.2.13
1.1.5.73203.33.2.25
1.1.5.73214.8.1.4
1.1.5.73243.31.4.8.5
1.1.5.73261.5.1.1.17.38
1.1.5.73360.5.1.8.9
1.1.5.73445.22.5.25.7
1.1.5.73556.5.1.22.15
1.1.5.73556.5.1.24.2.18
1.1.5.73589.13.1.7.7
1.1.5.73591.22.2.9.6
1.1.5.73614.14.3.8.9.20
1.1.5.73704.5.1.4.2.5.6.13
1.1.5.73761.9.2.4.2
1.1.5.73800.15.1.8.10
1.1.5.73817.18.1.16
1.1.5.73856.10.4.8.3
1.1.5.73902.5.1
1.1.5.73940.17.1
1.1.5.74091.5.1.5.1.2
1.1.5.74092.9.1.7
1.1.5.74133.8.2.14.3
1.1.5.74341.5.1.2.2
1.1.5.74348.11.3.8
1.1.5.74415.17.2.48.16
1.1.5.74574.5.1.4.1.1.1
1.1.5.74676.5.1
1.1.5.74767.14.3.11.2
1.1.5.74781.5.1.34.2.6
1.1.5.74814.9.1.5
1.1.5.74880.13.2.12
1.1.5.74982.16.2.4.7
1.1.5.75068.5.1.1.1
1.1.5.75087.20.3.6.3.18
1.1.5.75157.5.1.1
1.1.5.75165.5.1.1.1
1.1.5.75202.31.2.15.23
1.1.5.75455.5.1
1.1.5.75466.5.1.1.12
1.1.5.75512.5.1.6.1.2.2
1.1.5.75523.14.1.5
1.1.5.75687.5.1.7
1.1.5.75929.14.2.15.4
1.1.5.75951.5.1.1
1.1.5.76029.14.1.9
1.1.5.76080.10.2.14.9
1.1.5.76099.5.1.1.22
1.1.5.76104.5.1.2.1
1.1.5.76183.5.1.26.13.16
1.1.5.76232.5.1
1.1.5.76275.25.2.35
1.1.5.76287.48.2.8.7
1.1.5.76315.9.1.6
1.1.5.76336.5.1.3
1.1.5.76407.28.2.26.1.4.1.1
1.1.5.76426.15.2.7.7.9
1.1.5.76456.21.2.7.1.4.1.2
1.1.5.76552.14.1.15
1.1.5.76555.17.1.6
1.1.5.76568.5.1.2.2.5.2.8.3
1.1.5.76805.5.1.17
1.1.5.76826.8.3.4
1.1.5.76845.5.1.6
1.1.5.76917.18.2.4.2
1.1.5.76923.5.1
1.1.5.76941.17.2.4
1.1.5.76944.5.1.1.16.12
1.1.5.76998.17.3.11.17.6.2.9
1.1.5.77025.8.1.10
1.1.5.77053.14.3.7.1
1.1.5.77205.15.3
1.1.5.77296.22.2.5.2.1.1.8
1.1.5.77315.34
1.1.5.77378.29.4.34.15
1.1.5.77423.5.1.34.1.8.2
1.1.5.77480.5.1.16
1.1.5.77483.5.1.1.12
1.1.5.77521.5.1.16.1.7.1
1.1.5.77540.25.2.4.13
1.1.5.77640.42.3.5.4
1.1.5.77676.13.2.6
1.1.5.77680.15.5.5.5.5
1.1.5.77689.5.1.3.8.42.4
1.1.5.77720.11.2.8
1.1.5.77730.9.1.5
1.1.5.77775.13.2
1.1.5.77791.5.1.2
1.1.5.77845.5.1.24.7.25.2
1.1.5.77899.43.3.27.29
1.1.5.77930.51.1.23
1.1.5.77956.18.4.5.5
1.1.5.78005.24.9
1.1.5.78019.5.1.4.1
1.1.5.78023.14.1.13
1.1.5.78259.5.1.1.13
1.1.5.78299.10.2.10
1.1.5.78388.22.1.8.9
1.1.5.78391.15
1.1.5.78552.10.3.8
1.1.5.78578.10.1.5.14
1.1.5.78616.22.4.22.13
1.1.5.78621.14.2.10.1.6.4
1.1.5.78642.5.1.8.1
1.1.5.78644.10.1.7.9
1.1.5.78726.5.1
1.1.5.78752.5.1.8.3
1.1.5.78755.5.1.1
1.1.5.78892.17.1.6
1.1.5.78982.5.1.22.15
1.1.5.78982.5.1.24.2.18
1.1.5.79015.13.1.7.7
1.1.5.79017.22.2.9.6
1.1.5.79037.14.3.8.8.33
1.1.5.79108.5.1.2.1.2.1.1
1.1.5.79134.5.1.4.2.5.6.13
1.1.5.79184.5.1.4.2.5
1.1.5.79231.26.1.4.5
1.1.5.79287.10.4.8.3
1.1.5.79367.9.1.54.5
1.1.5.79473.5.1.3.3.17
1.1.5.79498.5.1.5.1.2
1.1.5.79499.9.1.7
1.1.5.79548.8.2.14.3
1.1.5.79596.5.1.6.10
1.1.5.79621.25.4.14.10.2.1.8
1.1.5.79743.5.1.3.3.15.1
1.1.5.79754.10.1.9
1.1.5.79764.12.3.16
1.1.5.79841.17.2.18.10
1.1.5.80000.5.1.4.1.1.1
1.1.5.80105.5.1
1.1.5.80221.10.1.12
1.1.5.80240.5.1.22.2.6
1.1.5.80271.18.2.7.12
1.1.5.80359.10.1.6.3.4
1.1.5.80360.5.1.2.1.6.1.19
1.1.5.80453.5.1
1.1.5.80454.16.2.4.17
1.1.5.80541.25
1.1.5.80562.10.2.4.4
1.1.5.80677.5.1.5
1.1.5.80693.46.2
1.1.5.80904.12.3.8
1.1.5.80914.5.1
1.1.5.80952.5.1.6.1.2.2
1.1.5.80963.14.1.5
1.1.5.81118.5.1.7
1.1.5.81136.15.1.10.1
1.1.5.81161.10.1.4.1
1.1.5.81377.14.2.15.4
1.1.5.81403.5.1.1
1.1.5.81470.10.1.13.8
1.1.5.81486.15.2
1.1.5.81531.33.4.53.25.15
1.1.5.81552.5.1.1.11
1.1.5.81557.5.1.2.1
1.1.5.81629.5.1.10.3.7
1.1.5.81678.5.1
1.1.5.81721.25.2.35
1.1.5.81733.48.2.8.7
1.1.5.81761.9.1.6
1.1.5.81782.5.1.3
1.1.5.81852.5.1.3.3.7.2
1.1.5.81853.13.2.8.8.10.3.4
1.1.5.81880.5.1.13.2.8
1.1.5.81901.5.1.26.1.8.6.17
1.1.5.81904.5.1.1.5.15
1.1.5.81906.9.3.8.11
1.1.5.82007.9.1.4.14
1.1.5.82020.5.1.1.45.36.2.8.9
1.1.5.82136.28.1.15.16
1.1.5.82265.5.1.23
1.1.5.82286.8.3.4
1.1.5.82305.5.1.6
1.1.5.82341.13.1.4
1.1.5.82343.5.1.2.2.9.2
1.1.5.82373.5.1
1.1.5.82379.14.3.19
1.1.5.82446.17.3.11.23.22.4.2
1.1.5.82493.14.3.7.1
1.1.5.82563.5.1.3.1.8.9.29
1.1.5.82634.15.3
1.1.5.82735.27.1.12.4
1.1.5.82835.5.1.34.1.8.2
1.1.5.82893.5.1.5
1.1.5.82957.5.1.1
1.1.5.83074.5.1
1.1.5.83112.5.1.1
1.1.5.83204.30.2.19
1.1.5.83227.8.4.18.15
1.1.5.83282.5.1.24.7.25.2
1.1.5.83294.5.1.13.1.3.1
1.1.5.83307.5.1
1.1.5.83354.5.1.3.1.1.1.46
1.1.5.83368.21.2.10.7.12.3
1.1.5.83392.5.1.1
1.1.5.83440.3
1.1.5.83451.24.9
1.1.5.83465.5.1.4.1
1.1.5.83469.14.1.13
1.1.5.83667.8.4.4
1.1.5.83691.5.1.1.13
1.1.5.83735.10.2.10
1.1.5.83798.29.1.4.2
1.1.5.83829.22.1.8.9
1.1.5.83832.15
1.1.5.84038.5.1.2.2
1.1.5.84067.31.4.8.5
1.1.5.84084.5.1.20
1.1.5.84182.5.1.8.9
1.1.5.84229.5.1.26.17.1.3.11
1.1.5.84360.5.1.22.15
1.1.5.84360.5.1.24.2.18
1.1.5.84390.5.1
1.1.5.84398.8.2.11.4
1.1.5.84407.5.1.15
1.1.5.84426.14.3.8.9.20
1.1.5.84475.5.1.2.2
1.1.5.84534.11.1.7.5
1.1.5.84594.5.1.7
1.1.5.84628.15.1.8.10
1.1.5.84645.18.1.16
1.1.5.84684.10.4.8.3
1.1.5.84948.8.2.14.3
1.1.5.85018.25.4.14.10.2.1.8
1.1.5.85147.10.1.9
1.1.5.85218.43.3.5
1.1.5.85300.10.1.6.1
1.1.5.85355.9.1.18
1.1.5.85477.5.1
1.1.5.85572.14.3.11.2
1.1.5.85586.5.1.34.2.6
1.1.5.85619.9.1.5
1.1.5.85693.13.2.12
1.1.5.85794.16.2.4.7
1.1.5.85910.10.2.4.4
1.1.5.85979.5.1.1
1.1.5.85987.5.1.1.1
1.1.5.86033.18.2.15.7
1.1.5.86290.12.3.8
1.1.5.86343.5.1.6.1.2.2
1.1.5.86354.14.1.5
1.1.5.86535.15.1.10.1
1.1.5.86777.14.2.15.4
1.1.5.86803.5.1.1
1.1.5.86867.10.1.13.8
1.1.5.86878.14.1.9
1.1.5.86929.5.1.4
1.1.5.86932.16.1.17.6
1.1.5.86952.5.1.1.11
1.1.5.86957.5.1.2.1
1.1.5.87030.5.1.10.3.7
1.1.5.87078.5.1
1.1.5.87123.25.2.35
1.1.5.87136.17.1.5.4
1.1.5.87149.5.1.1.3
1.1.5.87177.9.1.6
1.1.5.87198.5.1.3
1.1.5.87262.5.1.11.6.12.6.9.9
1.1.5.87263.12.1.4.1
1.1.5.87285.5.1.13.2.8
1.1.5.87306.5.1.26.1.8.6.21
1.1.5.87309.5.1.1.5.15
1.1.5.87311.9.3.8.11
1.1.5.87312.15
1.1.5.87403.14.1.15
1.1.5.87406.17.1.6
1.1.5.87419.5.1.2.2.5.2.8.3
1.1.5.87670.5.1.23
1.1.5.87706.29.3.7.1.3.1
1.1.5.87754.6
1.1.5.87762.14.2.12
1.1.5.87829.17.3.11.23.22.4.2
1.1.5.87856.8.1.10
1.1.5.87884.14.3.7.1
1.1.5.87955.5.1.3.1.8.9.29
1.1.5.88025.15.3
1.1.5.88109.22.2.5.2.1.1.8
1.1.5.88128.34
1.1.5.88163.10.1.35
1.1.5.88201.29.4.34.15
1.1.5.88246.5.1.34.1.8.2
1.1.5.88303.5.1.16
1.1.5.88306.5.1.1.12
1.1.5.88347.5.1
1.1.5.88498.22.1.4.3
1.1.5.88592.5.1.1
1.1.5.88619.5.1.2
1.1.5.88673.5.1.24.7.25.2
1.1.5.88728.43.3.27.29
1.1.5.88759.51.1.23
1.1.5.88785.18.4.5.5
1.1.5.88833.24.9
1.1.5.88847.5.1.4.1
1.1.5.88851.14.1.13
1.1.5.89120.10.2.10
1.1.5.89203.18.1.32.4
1.1.5.89206.5.1.1.1.11.4.18
1.1.5.89332.5.1.2.13
1.1.5.89411.33.2.25
1.1.5.89422.8.1.4
1.1.5.89447.31.4.8.5
1.1.5.89462.5.1.8.1
1.1.5.89464.10.1.7.9
1.1.5.89479.19.3.9.4.21.8.5
1.1.5.89543.5.1
1.1.5.89569.5.1.8.3
1.1.5.89572.5.1.1
1.1.5.89621.5.1.30.12.4.1.10
1.1.5.89643.16.2.13.15
1.1.5.89686.17.1.6
1.1.5.89779.5.1.22.15
1.1.5.89779.5.1.24.2.18
1.1.5.89818.16.2.6.6.5.1.26
1.1.5.89847.14.3.8.9.20
1.1.5.89921.8.2.4.3
1.1.5.89937.5.1.4.2.5.6.57
1.1.5.90000.5.1.7
1.1.5.90034.15.1.8.10
1.1.5.90051.18.1.16
1.1.5.90090.10.4.8.3
1.1.5.90170.9.1.54.5
1.1.5.90303.5.1.5.1.2
1.1.5.90304.9.1.7
1.1.5.90345.8.2.14.3
1.1.5.90409.25.4.14.10.2.1.8
1.1.5.90527.5.1.3.3.15.1
1.1.5.90537.24.6
1.1.5.90543.5.1.6.3.2.1.6
1.1.5.90619.17.2.18.10
1.1.5.90701.10.1.6.1
1.1.5.90770.5.1.4.1.1.1
1.1.5.90887.5.1
1.1.5.90989.14.3.11.2
1.1.5.91003.5.1.34.2.6
1.1.5.91036.9.1.5
1.1.5.91107.21.1.21.9.10
1.1.5.91108.5.1.2.1.12.1.34
1.1.5.91291.25
1.1.5.91312.10.2.4.4
1.1.5.91427.5.1.5
1.1.5.91488.3
1.1.5.91685.5.1.3.5.9.4
1.1.5.91721.5.1
1.1.5.91732.5.1.1.12
1.1.5.91786.5.1.6.1.2.2
1.1.5.91797.14.1.5
1.1.5.91860.5.1.3.2.30.3
1.1.5.91990.15.1.10.1
1.1.5.92015.10.1.4.1
1.1.5.92108.15.2.4.1
1.1.5.92208.14.2.15.4
1.1.5.92237.17.2.8
1.1.5.92318.10.1.13.8
1.1.5.92332.5.1.3.3.7.3
1.1.5.92333.15.3.11.2.2.1
1.1.5.92377.5.1.2
1.1.5.92380.16.1.15.6
1.1.5.92400.5.1.1.11
1.1.5.92405.5.1.2.1
1.1.5.92428.15.3.6.3
1.1.5.92497.5.1.26.13.16
1.1.5.92546.5.1
1.1.5.92628.9.1.6
1.1.5.92649.5.1.3
1.1.5.92724.5.1.11.6.12.6.9.14
1.1.5.92725.12.1.4.1
1.1.5.92748.15.2.7.7.9
1.1.5.92778.21.2.7.1.4.1.2
1.1.5.92872.9.1.4.24
1.1.5.92885.5.1.1.55.62.2.8.14
1.1.5.92973.13.1.4
1.1.5.93153.13.1.6
1.1.5.93211.13.1.4
1.1.5.93213.5.1.2.2.9.2
1.1.5.93248.18.2.4.2
1.1.5.93254.5.1
1.1.5.93272.17.2.4
1.1.5.93275.5.1.1.16.12
1.1.5.93329.17.3.11.17.6.2.9
1.1.5.93381.14.3.7.1
1.1.5.93403.5.1.1
1.1.5.93466.5.1.1.1.5.2.8
1.1.5.93534.15.3
1.1.5.93626.22.2.5.2.1.1.8
1.1.5.93645.34
1.1.5.93680.10.1.35
1.1.5.93727.15.1.9
1.1.5.93745.5.1
1.1.5.93800.5.1.16
1.1.5.93803.5.1.1.12
1.1.5.93982.9.1.4
1.1.5.94021.5.1.1
1.1.5.94059.11.2.8
1.1.5.94069.9.1.5
1.1.5.94101.5.1.1
1.1.5.94128.5.1.2
1.1.5.94181.5.1.24.7.25.2
1.1.5.94335.24.9
1.1.5.94349.5.1.4.1
1.1.5.94353.14.1.13
1.1.5.94450.5.1
1.1.5.94617.10.2.10
1.1.5.94698.18.1.32.4
1.1.5.94701.5.1.1.1.11.4.18
1.1.5.94861.10.3.8
1.1.5.94887.10.1.5.14
1.1.5.94922.22.4.22.13
1.1.5.94927.14.2.10.1.6.9
1.1.5.94948.5.1.8.1
1.1.5.94950.10.1.7.9
1.1.5.95032.5.1
1.1.5.95058.5.1.8.3
1.1.5.95061.5.1.1
1.1.5.95117.5.1.1.1.8.6.71
1.1.5.95139.22.5.25.7
1.1.5.95248.5.1.22.15
1.1.5.95248.5.1.24.2.18
1.1.5.95286.5.1.2.1.3.11.22
1.1.5.95294.8.2.8.16
1.1.5.95308.5.1.8.1.7
1.1.5.95311.19.3.16.10.11
1.1.5.95423.11.1.7.5
1.1.5.95483.5.1.7
1.1.5.95519.23.1.4.20
1.1.5.95537.18.1.16
1.1.5.95576.10.4.8.3
1.1.5.95660.17.1
1.1.5.95753.23.3
1.1.5.95765.5.1.3.3.17
1.1.5.95836.8.2.14.3
1.1.6.2.5.1.3.1
1.1.6.54.10.1.9
1.1.6.64.12.3.16
1.1.6.292.5.1.4.1.1.1
1.1.6.401.5.1
1.1.6.482.14.3.11.2
1.1.6.496.5.1.34.2.6
1.1.6.525.34.2.17.15
1.1.6.552.5.1.3.3.14.2
1.1.6.595.13.7.21.13.22
1.1.6.783.25
1.1.6.804.10.2.4.4
1.1.6.914.5.1.5
1.1.6.930.46.2
1.1.6.1166.12.3.8
1.1.6.1176.5.1
1.1.6.1223.5.1.6.1.2.2
1.1.6.1234.14.1.5
1.1.6.1452.10.1.4.1
1.1.6.1669.14.2.15.4
1.1.6.1695.17.2.8
1.1.6.1770.10.1.13.8
1.1.6.1781.14.1.9
1.1.6.1826.10.3.8.10
1.1.6.1850.5.1.1.1.1.5
1.1.6.1870.18.4.5.7.9.1.6
1.1.6.1934.5.1.10.3.7
1.1.6.1982.5.1
1.1.6.2025.25.2.35
1.1.6.2038.17.1.5.4
1.1.6.2051.5.1.1.3
1.1.6.2079.9.1.6
1.1.6.2100.5.1.3
1.1.6.2162.25.5.10.5.18.5
1.1.6.2164.14.3.5.9.19.6.7
1.1.6.2186.15.2.7.7.7
1.1.6.2216.21.2.7.1.4.1.2
1.1.6.2316.14.1.15
1.1.6.2319.17.1.6
1.1.6.2332.5.1.2.2.5.2.8.19
1.1.6.2419.13.1.4
1.1.6.2572.5.1.23
1.1.6.2591.9.1.8
1.1.6.2596.13.1.6
1.1.6.2652.13.1.4
1.1.6.2654.5.1.2.2.9.2
1.1.6.2689.18.2.4.2
1.1.6.2695.5.1
1.1.6.2711.22.2.10.1.8
1.1.6.2762.23.1.16.7
1.1.6.2769.9.1.10
1.1.6.2788.12.1.4
1.1.6.2809.14.3.7.1
1.1.6.2875.5.1.3.1.8.6.40
1.1.6.2943.15.3
1.1.6.3035.22.2.5.2.1.1.8
1.1.6.3054.34
1.1.6.3162.5.1.34.1.8.2
1.1.6.3220.5.1.5
1.1.6.3267.3
1.1.6.3392.42.3.5.4
1.1.6.3428.13.2.6
1.1.6.3432.15.5.5.5.5
1.1.6.3441.5.1.3.8.42.4
1.1.6.3472.11.2.8
1.1.6.3482.9.1.5
1.1.6.3515.5.1.1
1.1.6.3542.5.1.2
1.1.6.3596.5.1.24.7.25.2
1.1.6.3656.11.1.11
1.1.6.3669.57.1.31
1.1.6.3695.18.4.5.5
1.1.6.3759.24.9
1.1.6.3773.5.1.4.1
1.1.6.3777.14.1.13
1.1.6.3876.5.1.2.7.30.1
1.1.6.3973.8.4.4
1.1.6.3997.5.1.1.13
1.1.6.4123.18.1.32.4
1.1.6.4126.5.1.1.1.11.4.18
1.1.6.4313.33.2.25
1.1.6.4324.8.1.4
1.1.6.4355.22.4.22.13
1.1.6.4360.14.2.10.1.6.7
1.1.6.4381.5.1.8.1
1.1.6.4383.10.1.7.9
1.1.6.4464.20.2.18.9
1.1.6.4496.16.1.4.9.26
1.1.6.4562.12.1.7.2
1.1.6.4637.17.1.6
1.1.6.4730.5.1.22.15
1.1.6.4730.5.1.24.2.18
1.1.6.4772.22.2.5.6.5
1.1.6.4774.14.3.5.11.12.7.17.15
1.1.6.4790.26.2
1.1.6.4791.35.3.8.11.13
1.1.6.4863.5.1.2.1.2.1.1
1.1.6.4889.5.1.4.2.5.6.13
1.1.6.4946.9.2.4.2
1.1.6.4985.15.1.8.10
1.1.6.5002.18.1.16
1.1.6.5041.10.4.8.3
1.1.6.5108.5.1
1.1.6.5276.5.1.5.1.2
1.1.6.5277.9.1.7
1.1.6.5318.8.2.14.3
1.1.6.5545.24.6
1.1.6.5551.5.1.6.3.2.1.36
1.1.6.5715.10.1.6.1
1.1.6.5769.9.1.18
1.1.6.5891.5.1
1.1.6.5978.14.3.11.2
1.1.6.5982.5.1
1.1.6.5994.5.1.34.2.6
1.2.164.2.1.2
1.2.497.10.5.14.1.35
1.2.633.4.2.4.1
1.2.665.4.2.5.2
1.2.681.2.1.4
1.2.769.4.2
1.2.1080.2.1
1.2.1564.6.3.4.1
1.2.1717.4.2
1.2.1750.2.1.3.2.2
1.2.1908.2.1.6.2
1.2.2018.2.1.7.4.10
1.2.2042.2.1.6
1.2.2106.2.1.30.4.7
1.2.2115.6.3.7
1.2.2140.14.7.45.1
1.2.2466.6.3.18.1
1.2.2644.6.3.6.2
1.2.2649.4.2.9.1.14.2.2
1.2.2682.4.2.5
1.2.2707.8.4.25.7.29
1.2.2708.10.5.30.4.12
1.2.2718.2.1.11
1.2.2874.8.4.11.2.5.2.8
1.2.2888.10.5.24.3.14.5.12.58
1.2.3151.2.1.43.4.29.4.6
1.2.3306.6.3.10.1.2.1
1.2.3379.2.1
1.2.3443.12.6.30.6.10.2.4
1.2.3447.2.1
1.2.3475.2.1.9
1.2.3573.2.1.8
1.2.3609.4.2.9.1.2.2
1.2.3656.6.3.15.6.13.4
1.2.3796.8.4.10.3.7
1.2.3813.8.4.16.1.1.1
1.2.3886.4.2.29.2.3.1
1.2.3887.6.3.35.2.8.2
1.2.4033.2.1.2.2.13.3.3
1.2.4160.4.2.3.4.9.12.13.5
1.2.4294.4.2.16
1.2.4362.16.8.20.1
1.2.4385.12.6.16
1.2.4619.2.1.13.3.7.1.14
1.2.4633.2.1.2.2.38.8
1.2.4725.2.1.39.1
1.2.4753.2.1.10
1.2.4781.6.3.20
1.2.4969.2.1.2.1
1.2.5147.4.2.10.1.1.7
1.2.5446.2.1.3.1.12.11.22
1.2.5470.2.1
1.2.5729.2.1.1.10.15.1.12
1.2.5959.11
1.5.48.15.2.1.6.1.1
1.5.108.8.2.1
1.5.136.16.2.1.31.1
1.5.154.13.2.1.19.3
1.5.334.10.2.1.6.1.1.1
1.5.432.6.2.1.2.2.6.2
1.5.849.16.2.1.2
1.5.1007.18.2.1.15.2.18.7
1.5.1177.11.2.1
1.5.1267.6.2.1.14.5.4
1.5.1358.11.2.1.17.1.1
1.5.1469.11.2.1
1.5.1498.12.2.1.6.1.1
1.5.1710.16.2.1
1.5.1977.10.2.1
1.5.2086.11.2.1.9.4.8.2
1.5.2187.8.2.1.4.3.13
1.5.2429.13.2.1.15
1.5.2491.24.2.1.6.1.3.4
1.5.2510.10.2.1.8.3.40
1.5.2608.12.2.1.6.1.16.1.1.6
1.5.2643.8.2.1.3.3.3
1.5.2675.9.2.1.10.5.20
1.5.2786.12.2.1.3.1.1.1.1
1.5.3226.7.2.1.6.2
1.5.3257.11.2.1.4.4.6.3
1.5.3258.8.2.1.3.1.2.1
1.5.3261.8.2.1.3.3.28
1.5.3302.9.2.1.3.3
1.5.3385.7.2.1.2.1.7.6
1.5.3421.22.2.1
1.5.3422.8.2.1.9.2
1.5.3438.19.2.1.7.2
1.5.3540.22.2.1.3.3.41
1.5.3607.18.2.1.6.4
1.5.3626.6.2.1.19.4
1.5.3627.7.2.1
1.5.3734.6.2.1
1.5.3745.8.2.1.1.1.20
1.5.3746.15.2.1.4.1.28.2.2
1.5.3774.6.2.1.12.5
1.5.3970.9.2.1.15
1.5.4046.24.2.1.2.3.3
1.5.4279.20.2.1.10.2.8.2.18
1.5.4297.15.2.1.20.3.7.2
1.5.4426.8.2.1
1.5.4632.30.2.1.1.1
1.5.4810.10.2.1.4
1.5.4928.7.2.1.7.1.1
1.5.5050.8.2.1.13.1.1.1.13
1.5.5144.5.2.1
1.5.5243.9.2.1.1
1.5.5265.8.2.1.7.3.8
1.5.5428.9.2.1.7.5.31.2.8.12
1.5.5472.11.2.1
1.5.5479.14.2.1.3.3.6.2
1.5.5543.11.2.1.1
1.5.5628.6.2.1.2.5.11
1.5.5698.10.2.1.17.1
1.5.5781.8.2.1.11.3.11.5
1.5.5930.10.2.1.11.1
1.5.6033.7.2.1.26
1.5.6081.20.2.1.2.3.2.1.2
1.5.6091.6.2.1.3.1.5
1.5.6118.10.2.1.19
1.5.6247.6.2.1.5.3.3.3.19
1.5.6316.6.2.1.3.1.5.1.2
1.5.6325.9.2.1.14.4
1.5.6431.8.2.1.10.1.4
1.5.6555.7.2.1.8.2.4.2
1.5.6560.12.2.1
1.5.6569.10.2.1
1.5.6778.6.2.1.3.1.3.3
1.5.6796.8.2.1.24.1
1.5.6834.13.2.1.6.2
1.5.6849.8.2.1
1.5.6969.6.2.1
1.5.7112.15.2.1.56.4.10.1
1.5.7126.8.2.1.21.1.10
1.5.7245.15.2.1.4.1.1
1.5.7271.8.2.1
1.5.7299.16.2.1.31.1
1.5.7853.14.2.1.14.6.14.3
1.5.7995.10.2.1.3.2.10
1.5.8135.10.2.1.3.2
1.5.8149.10.2.1.3.1.16.4.18
1.5.8249.11.2.1.2.4.9.3
1.5.8306.14.2.1.8.4
1.5.8424.6.2.1.14.4.2
1.5.8478.13.2.1
1.5.8792.11.2.1
1.5.8871.16.2.1
1.5.9125.10.2.1
1.5.9162.12.2.1.3.3.5.2
1.5.9343.10.2.1.10.15.22
1.5.9370.6.2.1.1.1
1.5.9556.6.2.1.13.5
1.5.9577.13.2.1.15
1.5.9639.24.2.1.6.1.3.4
1.5.9658.10.2.1.8.3.40
1.5.9735.12.2.1.6.1.16.1.1.8
1.5.9772.8.2.1.27
1.5.9793.7.2.1.3.2.7.1
1.5.9794.9.2.1.2.1.11.3.6
1.5.9796.18.2.1.9.1.1.1.24
1.5.9910.12.2.1.3.1.1.1.1
1.5.10350.7.2.1.33.2
1.5.10381.11.2.1.4.4.6.3
1.5.10382.8.2.1.3.1.2.1
1.5.10385.8.2.1.3.3.28
1.5.10406.7.2.1.9
1.5.10422.9.2.1.3.3
1.5.10501.7.2.1.2.1.7.6
1.5.10537.22.2.1
1.5.10538.8.2.1.9.2
1.5.10554.19.2.1.7.2
1.5.10644.6.2.1.4.3.9
1.5.10710.18.2.1.6.4
1.5.10729.6.2.1.19.4
1.5.10730.7.2.1
1.5.10842.6.2.1
1.5.10851.10.2.1
1.5.10857.17.2.1.6.1.2
1.5.10878.6.2.1.6.4
1.5.10976.7.2.1
1.5.11043.9.2.1.15
1.5.11161.5.2.1.4.1.2.1.32
1.5.11183.10.2.1.5.3
1.5.11327.20.2.1.10.2.8.2.18
1.5.11345.15.2.1.20.3.7.2
1.5.11566.9.2.1.10.4
1.5.11828.11.2.1
1.5.11941.10.2.1.13.1.1.1
1.5.12058.8.2.1.13.1.1.1.13
1.5.12150.5.2.1
1.5.12283.7.2.1.9.1.4
1.5.12441.9.2.1.7.5.31.2.8.13
1.5.12485.11.2.1
1.5.12492.14.2.1.3.3.6.2
1.5.12555.11.2.1.1
1.5.12640.6.2.1.2.5.11
1.5.12790.8.2.1.11.3.11.5
1.5.13049.7.2.1.26
1.5.13103.13.2.1.2
1.5.13106.12.2.1.2.2.4.5
1.5.13133.7.2.1.3.3
1.5.13279.6.2.1.5.3.3.3.19
1.5.13473.8.2.1.10.1.4
1.5.13574.25.2.1.3.3.5
1.5.13578.7.2.1
1.5.13605.7.2.1.8.2.4.2
1.5.13610.12.2.1
1.5.13797.33.2.1.8
1.5.14155.14.2.1.2.3.22
1.5.14166.8.2.1.22.1.10
1.5.14337.16.2.1.8.1
1.5.14355.13.2.1.19.3
1.5.14535.10.2.1.6.1.1.1
1.5.15031.16.2.1.2
1.5.15197.18.2.1.15.2.18.7
1.5.15282.12.2.1
1.5.15348.14.2.1.8.4
1.5.15466.6.2.1.14.4.2
1.5.15520.13.2.1
1.5.15561.11.2.1.17.1.1
1.5.15670.11.2.1
1.5.15699.12.2.1.6.1.1
1.5.15929.16.2.1
1.5.16015.7.2.1.2.4.8.2
1.5.16192.10.2.1
1.5.16229.12.2.1.3.3.5.2
1.5.16305.11.2.1.9.4.8.2
1.5.16343.10.2.1.29
1.5.16408.7.2.1.6
1.5.16669.13.2.1.15
1.5.16727.6.2.1
1.5.16743.10.2.1.8.3.40
1.5.16788.9.2.1.12.1.1.2
1.5.16831.12.2.1.6.1.16.1.1.7
1.5.16865.8.2.1.3.3.3
1.5.16897.9.2.1.10.5.20
1.5.17013.7.2.1.1.1.1
1.5.17534.9.2.1.4
1.5.17638.7.2.1.2.1.7.6
1.5.17674.22.2.1
1.5.17675.8.2.1.9.2
1.5.17691.19.2.1.7.2
1.5.17771.14.2.1.4.4.4.1
1.5.17787.6.2.1.4.3.9
1.5.17858.6.2.1.19.4
1.5.17859.20.2.1.1.1
1.5.17860.10.2.1.3.3.7.2
1.5.17970.6.2.1
1.5.17981.8.2.1.1.1.20
1.5.17982.15.2.1.4.1.28.2.2
1.5.18010.6.2.1.12.5
1.5.18198.9.2.1.15
1.5.18274.24.2.1.2.3.3
1.5.18503.20.2.1.10.2.8.2.18
1.5.18520.18.2.1
1.5.19011.11.2.1
1.5.19135.5.2.1.29.7.5.1
1.5.19240.9.2.1.1
1.5.19328.5.2.1
1.5.19436.9.2.1.2.1
1.5.19454.14.2.1
1.5.19612.9.2.1.7.5.31.2.8.14
1.5.19720.11.2.1.1
1.5.19805.6.2.1.2.5.11
1.5.19886.6.2.1.5.1
1.5.19961.9.2.1
1.5.20055.17.2.1.12.1.21.2
1.5.20215.7.2.1.26
1.5.20243.8.2.1.9
1.5.20269.7.2.1.11.2.2.1.17
1.5.20276.15.2.1.3.2.19.4.23
1.5.20292.7.2.1.3.4
1.5.20307.8.2.1.17
1.5.20434.6.2.1.5.3.3.3.19
1.5.20503.6.2.1.3.1.5.1.2
1.5.20512.9.2.1.14.4
1.5.20755.7.2.1.8.2.4.2
1.5.20760.12.2.1
1.5.21001.13.2.1.6.2
1.5.21016.8.2.1
1.5.21211.8.2.1.25.1
1.5.21310.18.2.1.3
1.5.21330.8.2.1.21.1.10
1.5.21472.8.2.1
1.5.21500.16.2.1.31.1
1.5.21518.13.2.1.19.3
1.5.21678.10.2.1.6.1.1.1
1.5.21776.6.2.1.2.2.6.2
1.5.22052.8.2.1.7.1.9.2
1.5.22180.16.2.1.2
1.5.22328.10.2.1.3.2
1.5.22347.14.2.1.6
1.5.22373.16.2.1.10.6
1.5.22497.14.2.1.8.4
1.5.22623.8.2.1
1.5.22793.11.2.1
1.5.22951.13.2.1.14.1.1
1.5.22971.10.2.1.6
1.5.22987.11.2.1
1.5.23317.10.2.1
1.5.23422.11.2.1.9.4.8.2
1.5.23460.10.2.1.29
1.5.23530.7.2.1.6
1.5.23702.23.2.1.32.1
1.5.23761.13.2.1.15
1.5.23819.6.2.1
1.5.23835.10.2.1.8.3.40
1.5.23900.17.2.1.9
1.5.23922.7.2.1.2.1.3.1.11
1.5.23953.8.2.1.27
1.5.23974.7.2.1.3.2.7.1
1.5.23975.9.2.1.2.1.11.3.6
1.5.23977.18.2.1.9.1.1.1.24
1.5.24087.12.2.1.24.7.19.3.8
1.5.24611.9.2.1.4
1.5.24819.14.2.1.4.4.4.1
1.5.24902.18.2.1.6.4
1.5.24921.6.2.1.19.4
1.5.24922.20.2.1.1.1
1.5.24923.10.2.1.3.3.7.2
1.5.25040.6.2.1
1.5.25049.10.2.1
1.5.25055.17.2.1.6.1.2
1.5.25076.6.2.1.6.4
1.5.25254.9.2.1.15
1.5.25545.20.2.1.10.2.8.2.19
1.5.25563.15.2.1.20.3.7.2
1.5.25662.7.2.1.4.1.21
1.5.25696.8.2.1
1.5.26073.10.2.1.4
1.5.26192.10.2.1.13.1.1.1
1.5.26303.10.2.1.2.2.12
1.5.26353.7.2.1.4.3
1.5.26393.5.2.1
1.5.26488.9.2.1.1
1.5.26510.8.2.1.7.3.8
1.5.26667.9.2.1.7.5.16.2.8.54
1.5.26775.11.2.1.1
1.5.26824.16.2.1.1
1.5.26851.10.2.1.18.1
1.5.26852.13.2.1.21.3.11.5.54
1.5.26990.8.2.1.1.1.5.2
1.5.27081.15.2.1
1.5.27087.17.2.1.12.1.15.2
1.5.27243.7.2.1.26
1.5.27271.8.2.1.9
1.5.27300.13.2.1.2
1.5.27303.12.2.1.2.2.4.5
1.5.27312.7.2.1.18
1.5.27336.7.2.1.3.4
1.5.27482.6.2.1.5.3.3.3.19
1.5.27676.8.2.1.10.1.4
1.5.27719.9.2.1.2.2.4.2.2.6
1.5.27803.7.2.1.8.2.4.2
1.5.27808.12.2.1
1.5.27999.33.2.1.8
1.5.28063.13.2.1.6.2
1.5.28078.8.2.1
1.5.28360.15.2.1.56.4.10.1
1.5.28374.8.2.1.21.1.10
1.5.28516.8.2.1
1.5.28544.16.2.1.31.1
1.5.28718.10.2.1.6.1.1.1
1.5.29219.16.2.1.2
1.5.29380.10.2.1.3.1.11.3.21
1.5.29654.8.2.1
1.5.30021.10.2.1.6
1.5.30037.11.2.1
1.5.30116.5.2.1.19.6
1.5.30206.7.2.1.2.4.8.2
1.5.30383.10.2.1
1.5.30492.11.2.1.9.4.8.2
1.5.30548.7.2.1.8.1
1.5.30559.11.2.1.19.4.28
1.5.30616.10.2.1.10.15.22
1.5.30646.10.2.1.2.1.2.4
1.5.30805.23.2.1.32.1
1.5.30843.6.2.1.13.5
1.5.30864.13.2.1.15
1.5.30926.24.2.1.6.1.3.4
1.5.30950.10.2.1.3.1.3
1.5.31045.12.2.1.6.1.16.1.1.7
1.5.31083.26.2.1.9
1.5.31095.17.2.1.4
1.5.31210.12.2.1.3.1.1.1.1
1.5.31703.11.2.1.13.6.8.5
1.5.31704.8.2.1.3.1.2.1
1.5.31707.8.2.1.3.3.28
1.5.31725.9.2.1.4
1.5.31972.22.2.1.3.3.41
1.5.32039.18.2.1.6.4
1.5.32058.6.2.1.19.4
1.5.32059.7.2.1
1.5.32171.6.2.1
1.5.32180.10.2.1
1.5.32186.17.2.1.6.1.2
1.5.32207.6.2.1.6.4
1.5.32388.9.2.1.15
1.5.32467.36.2.1.5.2.26
1.5.32680.20.2.1.10.2.8.2.19
1.5.32697.18.2.1
1.5.32806.15.2.1.5.1.4
1.5.32832.16.2.1.2.3.8
1.5.33206.11.2.1
1.5.33331.5.2.1.29.7.5.1
1.5.33443.8.2.1.13.1.1.1.13
1.5.33493.7.2.1.4.3
1.5.33533.5.2.1
1.5.33650.8.2.1.7.3.8
1.5.33812.9.2.1.7.5.31.2.8.12
1.5.33920.11.2.1.1
1.5.33969.16.2.1.1
1.5.34002.6.2.1.2.5.11
1.5.34075.6.2.1.5.1
1.5.34149.8.2.1.11.3.32.8
1.5.34305.10.2.1.11.1
1.5.34410.9.2.1.2.1.2.1
1.5.34412.6.2.1.5.1.2
1.5.34456.11.2.1.18.1.5
1.5.34485.7.2.1.3.4
1.5.34627.6.2.1.5.3.3.3.19
1.5.34755.14.2.1.5.1.5.3.57
1.5.34757.8.2.1
1.5.34963.8.2.1.2.2
1.5.34996.7.2.1.8.2.4.2
1.5.35001.12.2.1
1.5.35269.13.2.1.6.2
1.5.35284.8.2.1
1.5.35468.7.2.1.22.1
1.5.35561.7.2.1.10
1.5.35749.16.2.1.8.1
1.5.35767.13.2.1.19.3
1.5.36289.8.2.1.7.1.9.2
1.5.36416.16.2.1.2
1.5.36556.10.2.1.3.2
1.5.36575.14.2.1.6
1.5.36601.16.2.1.10.6
1.5.36718.14.2.1.8.4
1.5.36836.6.2.1.14.4.2
1.5.36927.11.2.1.17.1.1
1.5.37038.11.2.1
1.5.37067.12.2.1.6.1.1
1.5.37184.13.2.1.14.1.1
1.5.37208.11.2.1.8.1.2.1.2
1.5.37270.6.2.1.1.1
1.5.37319.15.2.1
1.5.37534.10.2.1
1.5.37644.11.2.1.9.4.8.2
1.5.37682.10.2.1.29
1.5.37761.10.2.1.40.11.25
1.5.37795.20.2.1.24.4
1.5.37984.6.2.1.13.5
1.5.38005.13.2.1.15
1.5.38063.6.2.1
1.5.38079.10.2.1.8.3.40
1.5.38169.7.2.1.2.1.3.1.11
1.5.38200.8.2.1.27
1.5.38221.7.2.1.3.2.7.1
1.5.38222.9.2.1.2.1.11.3.6
1.5.38224.18.2.1.9.1.1.1.24
1.5.38319.8.2.1.6
1.5.38344.12.2.1.3.1.1.1.1
1.5.38840.9.2.1.4
1.5.38944.7.2.1.2.1.7.6
1.5.39056.14.2.1.4.4.4.1
1.5.39072.6.2.1.4.3.9
1.5.39156.6.2.1.5.1
1.5.39157.7.2.1
1.5.39267.6.2.1
1.5.39276.10.2.1
1.5.39282.17.2.1.6.1.2
1.5.39303.6.2.1.6.4
1.5.39367.11.2.1.5.2
1.5.39485.9.2.1.15
1.5.39604.6.2.1.5.4
1.5.39766.20.2.1.10.2.8.2.18
1.5.39783.18.2.1
1.5.39883.10.2.1.5
1.5.40255.11.2.1
1.5.40364.7.2.1.7.1.1
1.5.40486.9.2.1.1
1.5.40533.7.2.1.4.3
1.5.40578.5.2.1
1.5.40695.8.2.1.7.3.8
1.5.40857.9.2.1.7.5.31.2.8.12
1.5.40901.11.2.1
1.5.40966.11.2.1.1
1.5.41051.6.2.1.2.5.11
1.5.41196.9.2.1
1.5.41286.15.2.1
1.5.41292.17.2.1.12.1.15.2
1.5.41447.9.2.1.2.1.2.1
1.5.41449.6.2.1.5.1.2
1.5.41494.15.2.1.10.1.3
1.5.41670.6.2.1.5.3.3.3.19
1.5.41798.14.2.1.5.1.5.3.57
1.5.41800.8.2.1
1.5.42044.7.2.1.8.2.4.2
1.5.42049.12.2.1
1.5.42058.10.2.1
1.5.42225.33.2.1.8
1.5.42597.18.2.1.47
1.5.42616.8.2.1.21.1.10
1.5.42770.8.2.1
1.5.42798.16.2.1.31.1
1.5.42816.13.2.1.19.3
1.5.43085.6.2.1.2.2.6.2
1.5.43499.16.2.1.2
1.5.43651.10.2.1.3.2
1.5.43665.10.2.1.3.1.16.4.18
1.5.43691.16.2.1.10.6
1.5.43943.8.2.1
1.5.44030.10.2.1.28.2.36
1.5.44318.11.2.1
1.5.44397.16.2.1
1.5.44563.7.2.1
1.5.44662.10.2.1
1.5.44699.12.2.1.3.3.5.2
1.5.44821.7.2.1.8.1
1.5.44832.11.2.1.19.4.28
1.5.44873.10.2.1.24.9.23
1.5.45084.6.2.1.13.5
1.5.45105.13.2.1.15
1.5.45167.24.2.1.6.1.3.4
1.5.45186.10.2.1.8.3.40
1.5.45269.7.2.1.2.1.3.1.11
1.5.45300.8.2.1.27
1.5.45321.7.2.1.3.2.7.1
1.5.45322.9.2.1.2.1.11.3.6
1.5.45324.18.2.1.9.1.1.1.24
1.5.45439.7.2.1.1.1.1
1.5.45936.11.2.1.4.4.6.3
1.5.45937.8.2.1.3.1.2.1
1.5.45940.8.2.1.3.3.28
1.5.45958.9.2.1.4
1.5.46056.7.2.1.2.1.7.6
1.5.46198.22.2.1.3.3.41
1.5.46261.18.2.1.6.4
1.5.46280.6.2.1.19.4
1.5.46281.20.2.1.1.1
1.5.46282.10.2.1.3.3.7.2
1.5.46399.6.2.1
1.5.46408.10.2.1
1.5.46414.17.2.1.6.1.2
1.5.46435.6.2.1.6.4
1.5.46952.20.2.1.10.2.8.2.18
1.5.46969.18.2.1
1.5.47278.9.2.1
1.5.47448.11.2.1
1.5.47558.10.2.1.13.1.1.1
1.5.47674.8.2.1.13.1.1.1.13
1.5.47766.5.2.1
1.5.47876.9.2.1.2.1
1.5.47894.14.2.1
1.5.48057.9.2.1.7.5.31.2.8.13
1.5.48101.11.2.1
1.5.48166.11.2.1.1
1.5.48251.6.2.1.2.5.11
1.5.48321.6.2.1.5.1
1.5.48633.7.2.1.26
1.5.48661.8.2.1.9
1.5.48690.13.2.1.2
1.5.48693.12.2.1.2.2.4.5
1.5.48720.7.2.1.3.3
1.5.48864.6.2.1.5.3.3.3.19
1.5.49204.7.2.1.8.2.4.2
1.5.49209.12.2.1
1.5.49386.33.2.1.8
1.5.49449.13.2.1.6.2
1.5.49464.8.2.1
1.5.49484.8.2.1.6
1.5.49763.18.2.1.3
1.5.49783.8.2.1.21.1.10
1.5.49902.15.2.1.4.1.1
1.5.49928.8.2.1
1.5.49956.16.2.1.31.1
1.5.49974.13.2.1.19.3
1.5.50134.10.2.1.6.1.1.1
1.5.50232.6.2.1.2.2.6.2
1.5.50660.16.2.1.2
1.5.50800.10.2.1.3.2
1.5.50814.10.2.1.3.1.16.4.18
1.5.50840.16.2.1.10.6
1.5.50957.14.2.1.8.4
1.5.51081.8.2.1
1.5.51254.11.2.1
1.5.51445.10.2.1.6
1.5.51461.11.2.1
1.5.51532.8.2.1.1.1.8
1.5.51609.7.2.1.2.4.8.2
1.5.51798.10.2.1
1.5.51835.12.2.1.3.3.5.2
1.5.51911.11.2.1.9.4.8.2
1.5.51964.8.2.1.4.2.20
1.5.52015.10.2.1.40.11.25
1.5.52202.23.2.1.32.1
1.5.52264.13.2.1.15
1.5.52326.24.2.1.6.1.3.4
1.5.52345.10.2.1.8.3.40
1.5.52433.16.2.1.13.1.15.5.1.1
1.5.52471.8.2.1.25
1.5.52492.7.2.1.3.2.7.1
1.5.52498.9.2.1.8.6.23
1.5.52617.7.2.1.1.1.1
1.5.53067.7.2.1.33.2
1.5.53124.9.2.1.4
1.5.53250.22.2.1
1.5.53251.8.2.1.9.2
1.5.53267.19.2.1.7.2
1.5.53347.14.2.1.4.4.4.1
1.5.53363.6.2.1.4.3.9
1.5.53413.7.2.1
1.5.53441.12.2.1.3.3.18.2.11
1.5.53443.7.2.1
1.5.53553.6.2.1
1.5.53562.10.2.1
1.5.53568.17.2.1.6.1.2
1.5.53589.6.2.1.6.4
1.5.53776.9.2.1.15
1.5.53852.24.2.1.2.3.3
1.5.54079.20.2.1.10.2.8.2.58
1.5.54096.18.2.1
1.5.54197.15.2.1.5.1.4
1.5.54223.16.2.1.2.3.8
1.5.54588.11.2.1
1.5.54707.7.2.1.8.1.1
1.5.54828.8.2.1.13.1.1.1.13
1.5.54878.7.2.1.4.3
1.5.54918.5.2.1
1.5.55014.8.2.1.3
1.5.55031.9.2.1.2.1
1.5.55048.17.2.1.3.1.10.4.6
1.5.55203.9.2.1.7.5.31.2.8.13
1.5.55307.8.2.1.3
1.5.55358.16.2.1.1
1.5.55385.10.2.1.18.1
1.5.55386.13.2.1.21.3.11.5.67
1.5.55533.8.2.1.11.3.11.5
1.5.55626.17.2.1.12.1.21.2
1.5.55782.7.2.1.26
1.5.55810.8.2.1.9
1.5.55839.13.2.1.2
1.5.55842.12.2.1.2.2.4.5
1.5.55869.7.2.1.3.3
1.5.56010.6.2.1.5.3.3.3.19
1.5.56204.8.2.1.10.1.4
1.5.56293.25.2.1.3.3.5
1.5.56297.7.2.1
1.5.56324.7.2.1.8.2.4.2
1.5.56329.12.2.1
1.5.56338.10.2.1
1.5.56517.33.2.1.8
1.5.56581.13.2.1.6.2
1.5.56596.8.2.1
1.5.56890.18.2.1.3
1.5.56910.8.2.1.21.1.10
1.5.57052.8.2.1
1.5.57080.16.2.1.31.1
1.5.57098.13.2.1.19.3
1.5.57630.8.2.1.7.1.9.2
1.5.57754.16.2.1.2
1.5.57918.18.2.1.15.2.18.7
1.5.57998.12.2.1
1.5.58064.14.2.1.8.4
1.5.58191.8.2.1
1.5.58376.11.2.1
1.5.58405.12.2.1.6.1.1
1.5.58573.11.2.1
1.5.58652.16.2.1
1.5.58738.7.2.1.2.4.8.2
1.5.58823.7.2.1
1.5.58922.10.2.1
1.5.59032.11.2.1.9.4.8.2
1.5.59088.7.2.1.8.1
1.5.59099.11.2.1.19.4.28
1.5.59138.8.2.1.4.3.13
1.5.59372.6.2.1.13.5
1.5.59393.13.2.1.15
1.5.59451.6.2.1
1.5.59467.10.2.1.8.3.40
1.5.59567.12.2.1.6.1.12.3.1.6
1.5.59605.8.2.1.25
1.5.59626.7.2.1.3.2.7.1
1.5.59632.9.2.1.8.6.23
1.5.59745.7.2.1.1.1.1
1.5.60226.11.2.1.4.4.6.3
1.5.60227.8.2.1.3.1.2.1
1.5.60230.8.2.1.3.3.28
1.5.60248.9.2.1.4
1.5.60346.7.2.1.2.1.7.6
1.5.60466.16.2.1.6.1.3.1.3
1.5.60552.18.2.1.6.4
1.5.60571.6.2.1.19.4
1.5.60572.20.2.1.1.1
1.5.60573.10.2.1.3.3.7.2
1.5.60694.6.2.1
1.5.60705.8.2.1.1.1.20
1.5.60706.15.2.1.4.1.28.2.2
1.5.60734.6.2.1.12.5
1.5.60924.9.2.1.15
1.5.61042.5.2.1.4.1.2.1.32
1.5.61207.20.2.1.10.2.8.2.19
1.5.61224.18.2.1
1.5.61325.10.2.1.5
1.5.61702.11.2.1
1.5.61829.5.2.1.29.7.5.1
1.5.61933.10.2.1.2.2.12
1.5.61950.10.2.1.17.2
1.5.62033.5.2.1
1.5.62143.9.2.1.2.1
1.5.62161.14.2.1
1.5.62325.9.2.1.7.5.31.2.8.11
1.5.62429.11.2.1.1
1.5.62599.6.2.1.5.1
1.5.62675.9.2.1
1.5.62828.10.2.1.11.1
1.5.62935.11.2.1.15.4.12
1.5.62937.11.2.1.29
1.5.62939.15.2.1.30.10.24
1.5.62998.20.2.1.2.3.2.1.2
1.5.63008.6.2.1.3.1.5
1.5.63028.7.2.1.3.4
1.5.63162.6.2.1.5.3.3.3.19
1.5.63290.14.2.1.5.1.5.3.57
1.5.63292.8.2.1
1.5.63498.25.2.1.3.3.5
1.5.63502.7.2.1
1.5.63529.7.2.1.8.2.4.2
1.5.63534.12.2.1
1.5.63736.6.2.1.3.1.3.3
1.5.63787.13.2.1.6.2
1.5.63802.8.2.1
1.5.63822.8.2.1.6
1.5.64007.7.2.1.22.1
1.5.64091.15.2.1.56.4.10.1
1.5.64105.8.2.1.21.1.10
1.5.64259.8.2.1
1.5.64288.16.2.1.8.1
1.5.64306.13.2.1.19.3
1.5.64981.16.2.1.2
1.5.65144.10.2.1.3.1.11.5.6
1.5.65170.16.2.1.10.6
1.5.65207.7.2.1.5.1.2.1
1.5.65225.12.2.1
1.5.65429.8.2.1
1.5.65522.11.2.1.17.1.1
1.5.65658.12.2.1.6.1.1
1.5.65663.18.2.1.17.1
1.5.65839.11.2.1
1.5.65910.16.2.1
1.5.66169.10.2.1
1.5.66278.11.2.1.9.4.8.2
1.5.66331.8.2.1.4.2.20
1.5.66377.8.2.1.5.4.6.1.33
1.5.66549.23.2.1.32.1
1.5.66608.13.2.1.15
1.5.66670.24.2.1.6.1.3.4
1.5.66689.10.2.1.8.3.40
1.5.66779.7.2.1.2.1.3.1.11
1.5.66807.8.2.1.3.3.3
1.5.66839.9.2.1.10.5.20
1.5.66952.7.2.1.1.1.1
1.5.67456.11.2.1.13.6.8.5
1.5.67457.8.2.1.3.1.2.1
1.5.67460.8.2.1.3.3.28
1.5.67478.9.2.1.4
1.5.67576.7.2.1.2.1.7.6
1.5.67719.22.2.1.3.3.41
1.5.67783.18.2.1.6.4
1.5.67802.6.2.1.19.4
1.5.67803.7.2.1
1.5.67906.6.2.1
1.5.67917.8.2.1.1.1.20
1.5.67918.15.2.1.4.1.28.2.2
1.5.67946.6.2.1.12.5
1.5.68454.20.2.1.10.2.8.2.18
1.5.68472.15.2.1.20.3.7.2
1.5.68565.15.2.1.5.1.4
1.5.68591.16.2.1.2.3.8
1.5.68680.11.2.1.10.2.14.1
1.5.68920.11.2.1
1.5.69036.10.2.1.13.1.1.1
1.5.69153.8.2.1.13.1.1.1.13
1.5.69252.5.2.1
1.5.69347.9.2.1.1
1.5.69369.8.2.1.7.3.8
1.5.69526.9.2.1.7.5.16.2.8.15
1.5.69570.11.2.1
1.5.69630.11.2.1.1
1.5.69680.5.2.1.25
1.5.69709.6.2.1.2.2.5
1.5.69780.10.2.1.17.1
1.5.69858.8.2.1.11.3.11.5
1.5.69957.15.2.1
1.5.70024.10.2.1.11.1
1.5.70129.9.2.1.2.1.2.1
1.5.70131.6.2.1.5.1.2
1.5.70177.7.2.1.12.2.2.1.22
1.5.70186.6.2.1.3.1.5
1.5.70346.6.2.1.5.3.3.3.19
1.5.70474.14.2.1.5.1.5.3.57
1.5.70476.8.2.1
1.5.70706.7.2.1.8.2.4.2
1.5.70711.12.2.1
1.5.70892.33.2.1.8
1.5.70958.13.2.1.6.2
1.5.70973.8.2.1
1.5.71167.9.2.1.13.1.32.2
1.5.71174.6.2.1
1.5.71265.14.2.1.2.3.22
1.5.71276.8.2.1.22.1.10
1.5.71395.15.2.1.4.1.1
1.5.71421.8.2.1
1.5.71449.16.2.1.31.1
1.5.71467.13.2.1.19.3
1.5.71731.6.2.1.2.2.6.2
1.6.1.8.2.1
1.6.179.8.2.1.6.2.6
1.6.330.8.2.1.1.2
1.6.566.8.2.1
1.6.687.8.2.1.9.2.9.4
1.6.1092.8.2.1.3.3.11.5.22
1.6.1200.8.2.1.6.2
1.6.1484.8.2.1.26.7
1.6.1606.8.2.1.28
1.6.1619.8.2.1.3.3
1.6.1624.8.2.1.8.2.2.1.1
1.6.1682.8.2.1.18.5.11
1.6.1706.8.2.1.33.11
1.6.1995.8.2.1.8
1.6.2186.8.2.1.9.7
1.6.2188.8.2.1.3
1.6.2232.8.2.1.11.2.11.5.18
1.6.2234.8.2.1.19.1.15
1.6.2390.8.2.1.1.2
1.6.2509.8.2.1.4
1.6.2962.8.2.1.4
1.6.2985.8.2.1.10.6.11
1.6.3071.8.2.1.18.4.12.9.30
1.6.3203.8.2.1.17.4
1.6.3275.8.2.1.3.1.1
1.6.3323.8.2.1
1.6.3345.8.2.1.3.1
1.6.3496.8.2.1.5.1.2
1.6.3498.8.2.1.10.6.13
1.6.3624.8.2.1.6.2
1.6.3693.8.2.1.1.1.3.2.6.17
1.6.3802.8.2.1.3
1.6.3810.8.2.1.2.1.9.1
1.6.3866.8.2.1.48.3.43.2
1.6.4112.8.2.1.27
1.6.4174.8.2.1.5.3.7.1
1.6.4254.8.2.1.23.6.2
1.6.4291.8.2.1.10
1.6.4508.8.2.1.4.2.3.1
1.6.4634.8.2.1.46
1.6.4782.8.2.1.7.1
1.6.4934.8.2.1
1.6.5137.8.2.1.17.1.3.1.4
1.6.5180.8.2.1.6
1.6.5491.8.2.1.1
1.6.5547.8.2.1.52.5.9.2.2
1.6.5577.8.2.1.9.1.14
1.6.5751.8.2.1.1.1.4.2
1.6.5868.8.2.1.15.6
1.6.5923.8.2.1.4.1
1.6.6021.8.2.1.6.1.49
1.6.6022.8.2.1.10
1.6.6097.8.2.1.8.4.18.7.18
1.6.6113.8.2.1.9
1.6.6260.8.2.1
1.6.6273.8.2.1
1.6.6295.8.2.1.7.2.3.2.7
1.6.6298.8.2.1.14.1.8.1
1.6.6374.8.2.1.11
1.6.6383.8.2.1.4.2.7.1.24
1.6.6508.8.2.1.17
1.6.6639.8.2.1.7.2.6
1.6.6787.8.2.1.5.1
1.6.6946.8.2.1
1.6.6982.8.2.1.3
1.6.7118.8.2.1.2.1
1.6.7210.8.2.1
1.6.7309.8.2.1.4
1.6.7312.8.2.1.22.4
1.6.7423.8.2.1.6.4.12.1.1
1.6.7457.8.2.1
1.6.7845.8.2.1.2.1.1.2
1.6.7870.8.2.1.4.5
1.6.8058.8.2.1.8
1.6.8229.8.2.1.25.2
1.6.8324.8.2.1.6.2.6
1.6.8626.8.2.1
1.6.8632.8.2.1.1.2.28
1.6.8855.8.2.1.9.2.9.4
1.6.8951.8.2.1.2.1.2.2.18
1.6.9244.8.2.1
1.6.9267.8.2.1.5.2
1.6.9488.8.2.1.7.4
1.6.9693.8.2.1.26.7
1.6.9806.8.2.1.9.3.11
1.6.9845.8.2.1.15.3.2.1.3
1.6.9939.8.2.1.14.9
1.6.10218.8.2.1
1.6.10228.8.2.1.8
1.6.10416.8.2.1.11.2
1.6.10418.8.2.1.3
1.6.10468.8.2.1.26.3.5
1.6.10471.8.2.1.1.3.8
1.6.10619.8.2.1.1.2
1.6.10739.8.2.1.4
1.6.11145.8.2.1.6.2
1.6.11194.8.2.1.4
1.6.11217.8.2.1.10.6.11
1.6.11303.8.2.1.18.4.12.9.30
1.6.11432.8.2.1.17.4
1.6.11504.8.2.1.5.2.2.2.10
1.6.11558.8.2.1
1.6.11606.8.2.1.9.5
1.6.11720.8.2.1.4.1
1.6.11720.8.2.1.5.1.2
1.6.11722.8.2.1.10.6.13
1.6.11909.8.2.1.1.1.3.2.6.26
1.6.12018.8.2.1.3
1.6.12026.8.2.1.2.1.9.1
1.6.12152.8.2.1.18.1.1.2
1.6.12339.8.2.1.22
1.6.12449.8.2.1.6.2
1.6.12478.8.2.1.23.6.2
1.6.12515.8.2.1.10
1.6.12870.8.2.1.46
1.6.13175.8.2.1
1.6.13405.8.2.1.6
1.6.13711.8.2.1.1
1.6.13762.8.2.1.30.1.9
1.6.13763.8.2.1.35.3.19.6
1.6.13797.8.2.1.12.5.7
1.6.13954.8.2.1.8.1.5.5
1.6.14123.8.2.1.4.1
1.6.14236.8.2.1.1.1.2
1.6.14268.8.2.1.1
1.6.14302.8.2.1.11
1.6.14312.8.2.1.2.2.4.1.33
1.6.14331.8.2.1.23
1.6.14348.8.2.1.1.1
1.6.14466.8.2.1
1.6.14479.8.2.1
1.6.14501.8.2.1.7.2.3.2.7
1.6.14504.8.2.1.14.1.8.1
1.6.14580.8.2.1.11
1.6.14589.8.2.1.4.2.7.1.24
1.6.14636.8.2.1.15
1.6.14643.8.2.1.22.1
1.6.14732.8.2.1.1.1.2.2.38
1.6.15024.8.2.1
1.6.15115.8.2.1.5
1.6.15186.8.2.1
1.6.15232.8.2.1.2
1.6.15264.8.2.1
1.6.15441.8.2.1
1.6.15540.8.2.1.4
1.6.15543.8.2.1.22.4
1.6.15656.8.2.1.6.4.12.1.1
1.6.15690.8.2.1
1.6.15884.8.2.1.6.1.31.8
1.6.16078.8.2.1.2.1.1.4
1.6.16103.8.2.1.4.5
1.6.16279.8.2.1.6.2.7
1.6.16280.8.2.1.11
1.6.16465.8.2.1.6.8.15.1
1.6.16553.8.2.1.6.2.6
1.6.16833.8.2.1.5.3.21.1
1.6.16864.8.2.1
1.6.16870.8.2.1.1.2.28
1.6.17029.8.2.1.34.2.6.2
1.6.17060.8.2.1.19
1.6.17070.8.2.1.9.2.9.4
1.6.17472.8.2.1.5.2
1.6.17754.8.2.1
1.6.17834.8.2.1.16.3
1.6.17916.8.2.1.26.7
1.6.18029.8.2.1.9.3.11
1.6.18068.8.2.1.15.3.2.1.3
1.6.18119.8.2.1.19.5.11
1.6.18143.8.2.1.33.11
1.6.18609.8.2.1.11.2
1.6.18611.8.2.1.3
1.6.18664.8.2.1.3
1.6.18675.8.2.1.11.3.3.5.7
1.6.18819.8.2.1.12
1.6.18844.8.2.1.44.1.3.1
1.6.18960.8.2.1.4
1.6.19039.8.2.1.5.2.8.2.3
1.6.19076.8.2.1.8.7.23.5
1.6.19419.8.2.1.4
1.6.19442.8.2.1.10.6.11
1.6.19528.8.2.1.18.4.12.9.30
1.6.19617.8.2.1.10.1
1.6.19652.8.2.1.17.4
1.6.19724.8.2.1.5.2.2.2.10
1.6.19784.8.2.1
1.6.19922.8.2.1.3.4
1.6.19932.8.2.1.4
1.6.19933.8.2.1.1.1.4.4
1.6.19951.8.2.1.21.7.9.2
1.6.20095.8.2.1.1.1.3.2.6.30
1.6.20204.8.2.1.3
1.6.20212.8.2.1.2.1.9.1
1.6.20512.8.2.1.5.2.28.1.3
1.6.20564.8.2.1
1.6.20596.8.2.1
1.6.20636.8.2.1.15.3.4.1
1.6.20671.8.2.1.36
1.6.20700.8.2.1.20
1.6.20878.8.2.1
1.6.20935.8.2.1.4.2.3.1
1.6.21061.8.2.1.46
1.6.21215.8.2.1.7.1
1.6.21590.8.2.1.6
1.6.21893.8.2.1.1
1.6.21949.8.2.1.52.5.9.2.2
1.6.21976.8.2.1.1.9.27.2.11
1.6.22001.8.2.1.2.1.5
1.6.22136.8.2.1.8.1.5.5
1.6.22208.8.2.1.11.1
1.6.22252.8.2.1.12.5
1.6.22307.8.2.1.4.1
1.6.22405.8.2.1.6.1.49
1.6.22406.8.2.1.10
1.6.22442.8.2.1.1
1.6.22476.8.2.1.11
1.6.22486.8.2.1.2.2.4.1.33
1.6.22502.8.2.1.9
1.6.22608.8.2.1.15.4
1.6.22662.8.2.1
1.6.22675.8.2.1
1.6.22697.8.2.1.7.2.3.2.7
1.6.22700.8.2.1.14.1.8.1
1.6.22774.8.2.1.11
1.6.22783.8.2.1.4.2.7.1.24
1.6.22909.8.2.1.23.3.25
1.6.23204.8.2.1
1.6.23280.8.2.1.12
1.6.23290.8.2.1
1.6.23308.8.2.1.4.2.3.1
1.6.23341.8.2.1
1.6.23386.8.2.1.4.3.11.1.3
1.6.23417.8.2.1
1.6.23510.8.2.1.2.1
1.6.23587.8.2.1.16.4.19.6
1.6.23712.8.2.1.2
1.6.23714.8.2.1.17.4.4.2
1.6.23736.8.2.1.20.9.24.3
1.6.24258.8.2.1.2.1.1.2
1.6.24283.8.2.1.4.5
1.6.24458.8.2.1.6.2.7
1.6.24459.8.2.1.11
1.6.24764.8.2.1.6.2.6
1.6.24923.8.2.1.1.2
1.6.24946.8.2.1.3.2
1.6.25248.8.2.1.18
1.6.25258.8.2.1.9.2.9.4
1.6.25648.8.2.1.24.3
1.6.25871.8.2.1.7.4
1.6.25998.8.2.1.16.3
1.6.26085.8.2.1.26.7
1.6.26207.8.2.1.28
1.6.26237.8.2.1.15.3.2.1.3
1.6.26295.8.2.1.18.5.11
1.6.26319.8.2.1.33.11
1.6.26589.8.2.1
1.6.26599.8.2.1.8
1.6.26691.8.2.1.11
1.6.26810.8.2.1.2.2.2.6.21.29
1.6.26811.8.2.1.1
1.6.26863.8.2.1.3
1.6.26874.8.2.1.11.3.3.5.7
1.6.26909.8.2.1.12.5
1.6.26959.8.2.1.5.1.2.2.7
1.6.26997.8.2.1.3.1.4
1.6.27023.8.2.1.44.1.3.1
1.6.27138.8.2.1.4
1.6.27217.8.2.1.5.2.8.2.3
1.6.27254.8.2.1.8.7.23.5
1.6.27605.8.2.1.4
1.6.27628.8.2.1.10.6.11
1.6.27713.8.2.1.18
1.6.27832.8.2.1.2.4.12.1
1.6.27890.8.2.1.3.3.12.1
1.6.27919.8.2.1.13.1.1
1.6.27985.8.2.1
1.6.28156.8.2.1.5.1.2
1.6.28158.8.2.1.10.6.13
1.6.28288.8.2.1.5.1
1.6.28357.8.2.1.1.1.3.2.6.20
1.6.28466.8.2.1.3
1.6.28474.8.2.1.2.1.9.1
1.6.28782.8.2.1.25.1.1.8
1.6.28911.8.2.1.6.2
1.6.28946.8.2.1.36
1.6.28972.8.2.1.17.6.6.2.5
1.6.29169.8.2.1.3.3
1.6.29348.8.2.1.15.2.19.1
1.6.29367.8.2.1.7.1.8
1.6.29663.8.2.1
1.6.29898.8.2.1.6
1.6.30192.8.2.1.1
1.6.30249.8.2.1.3.1.4
1.6.30252.8.2.1.1.1.3.2
1.6.30283.8.2.1.12.5.7
1.6.30441.8.2.1.8.1.5.5
1.6.30467.8.2.1
1.6.30599.8.2.1.4.1
1.6.30700.8.2.1.3.1.14
1.6.30765.8.2.1.11
1.6.30775.8.2.1.3.1.3
1.6.30794.8.2.1.9
1.6.30973.8.2.1.7.2.7.2.7
1.6.30976.8.2.1.14.1.8.1
1.6.31050.8.2.1.11
1.6.31059.8.2.1.4.2.7.1.24
1.6.31106.8.2.1.15
1.6.31113.8.2.1.22.1
1.6.31202.8.2.1.1.1.2.2.66
1.6.31330.8.2.1.8.2.6
1.6.31461.8.2.1
1.6.31581.8.2.1
1.6.31599.8.2.1.4.2.3.1
1.6.31640.8.2.1
1.6.31686.8.2.1.2
1.6.31718.8.2.1
1.6.31878.8.2.1
1.6.31983.8.2.1.4
1.6.31986.8.2.1.22.4
1.6.32097.8.2.1.6.4.12.1.1
1.6.32131.8.2.1
1.6.32522.8.2.1.3.5
1.6.32555.8.2.1.17
1.6.32728.8.2.1.6.2.7
1.6.32729.8.2.1.11
1.6.32990.8.2.1.6.2.6
1.6.33150.8.2.1.1.2
1.6.33290.8.2.1
1.6.33296.8.2.1.1.2.29
1.6.33509.8.2.1.46
1.6.33519.8.2.1.9.2.9.4
1.6.33874.8.2.1.14.1.2.2
1.6.34321.8.2.1.26.7
1.6.34443.8.2.1.28
1.6.34473.8.2.1.15.3.2.1.3
1.6.34528.8.2.1.19.5.11
1.6.34552.8.2.1.33.11
1.6.34893.8.2.1
1.6.34895.8.2.1.26.1.14
1.6.35007.8.2.1.11.2
1.6.35009.8.2.1.3
1.6.35053.8.2.1.11.2.11.5.18
1.6.35055.8.2.1.19.1.15
1.6.35211.8.2.1.1.2
1.6.35331.8.2.1.4
1.6.35410.8.2.1.5.2.8.2.3
1.6.35447.8.2.1.8.7.23.5
1.6.35755.8.2.1.1.1
1.6.35790.8.2.1.8.1.1.2
1.6.35809.8.2.1.4
1.6.35830.8.2.1.12
1.6.35851.8.2.1.28.7.10
1.6.35920.8.2.1.18.4.12.9.30
1.6.36001.8.2.1.10.1
1.6.36079.8.2.1.3.3.12.1
1.6.36108.8.2.1.13.1.1
1.6.36157.8.2.1
1.6.36182.8.2.1.3.1
1.6.36308.8.2.1.5.1.2
1.6.36310.8.2.1.10.6.13
1.6.36505.8.2.1.1.1.3.2.6.17
1.6.36614.8.2.1.3
1.6.36622.8.2.1.2.1.9.1
1.6.36744.8.2.1.25.1.1.8
1.6.36951.8.2.1.22
1.6.37016.8.2.1.5.3.7.1
1.6.37096.8.2.1.23.6.2
1.6.37499.8.2.1.15.2.21.1
1.6.37518.8.2.1.7.1.8
1.6.38065.8.2.1.6
1.6.38358.8.2.1.6.1.37.3.6
1.6.38417.8.2.1.67.5.9.2.2
1.6.38447.8.2.1.9.1.14
1.6.38622.8.2.1.8.1.5.2
1.6.38880.8.2.1.17
1.6.38941.8.2.1.11
1.6.38951.8.2.1.2.2.4.1.34
1.6.38967.8.2.1.9
1.6.39127.8.2.1
1.6.39140.8.2.1
1.6.39162.8.2.1.7.2.3.2.7
1.6.39165.8.2.1.14.1.8.1
1.6.39253.8.2.1.11
1.6.39262.8.2.1.4.2.7.1.24
1.6.39384.8.2.1.23.3.25
1.6.39700.8.2.1
1.6.39791.8.2.1.20
1.6.39803.8.2.1
1.6.39821.8.2.1.4.2.3.1
1.6.39861.8.2.1
1.6.39907.8.2.1.2
1.6.39939.8.2.1
1.6.40030.8.2.1.2.1
1.6.40119.8.2.1
1.6.40212.8.2.1.2
1.6.40214.8.2.1.17.4.4.2
1.6.40236.8.2.1.20.9.24.3
1.6.40335.8.2.1.6.4.12.1.1
1.6.40369.8.2.1
1.6.40754.8.2.1.2.1.1.2
1.6.40779.8.2.1.4.5
1.6.40959.8.2.1.6.2.7
1.6.40960.8.2.1.11
1.6.41275.8.2.1.6.2.6
1.6.41581.8.2.1
1.6.41587.8.2.1.1.2.28
1.6.41786.8.2.1.9.2.9.4
1.6.41878.8.2.1.2.1.2.2.18
1.6.42188.8.2.1.24.3
1.6.42469.8.2.1.15.1.17.1.1
1.6.42550.8.2.1.16.3
1.6.42644.8.2.1.26.7
1.6.42763.8.2.1.1
1.6.42803.8.2.1.15.3.2.1.3
1.6.42863.8.2.1.16
1.6.42894.8.2.1.30.11
1.6.43168.8.2.1.3
1.6.43260.8.2.1.11
1.6.43375.8.2.1
1.6.43380.8.2.1.2
1.6.43429.8.2.1.3
1.6.43440.8.2.1.11.3.3.5.7
1.6.43476.8.2.1.12.5
1.6.43523.8.2.1.2
1.6.43580.8.2.1.1.2
1.6.43702.8.2.1.7
1.6.43781.8.2.1.5.2.8.2.3
1.6.43818.8.2.1.8.7.23.5
1.6.44104.8.2.1.29.2
1.6.44153.8.2.1.4
1.6.44174.8.2.1.12
1.6.44195.8.2.1.28.7.10
1.6.44264.8.2.1.18.4.12.9.30
1.6.44355.8.2.1.10.1
1.6.44390.8.2.1.17.4
1.6.44462.8.2.1.13.1.1
1.6.44511.8.2.1
1.6.44559.8.2.1.9.5
1.6.44688.8.2.1.5.1.2
1.6.44690.8.2.1.10.6.13
1.6.44808.8.2.1.5.1
1.6.44877.8.2.1.1.1.3.2.6.26
1.6.44981.8.2.1.15
1.6.45389.8.2.1.5.3.7.1
1.6.45428.8.2.1.6.2
1.6.45459.8.2.1.2.1.2.3.19
1.6.45636.8.2.1.4.1
1.6.45690.8.2.1.4.2.3.1
1.6.45810.8.2.1.15.2.21.1
1.6.45829.8.2.1.7.1.8
1.6.46371.8.2.1.6
1.6.46655.8.2.1.1
1.6.46711.8.2.1.43.5.9.2.2
1.6.46736.8.2.1.44.1.32.3
1.6.46885.8.2.1.12.2.5.4
1.6.46889.8.2.1.2.3
1.6.46890.8.2.1
1.6.47006.8.2.1.12.5
1.6.47061.8.2.1.4.1
1.6.47165.8.2.1.17
1.6.47239.8.2.1.9.1.3
1.6.47258.8.2.1.9
1.6.47444.8.2.1.7.2.3.2.7
1.6.47447.8.2.1.14.1.8.1
1.6.47527.8.2.1.11
1.6.47536.8.2.1.4.2.7.1.24
1.6.47658.8.2.1.23.3.25
1.6.47788.8.2.1.8.2.6
1.6.47927.8.2.1
1.6.48018.8.2.1.20
1.6.48030.8.2.1
1.6.48048.8.2.1.4.2.3.1
1.6.48086.8.2.1
1.6.48132.8.2.1.2
1.6.48350.8.2.1
1.6.48444.8.2.1.4
1.6.48447.8.2.1.22.4
1.6.48558.8.2.1.6.4.12.1.1
1.6.48567.8.2.1.8.2.2.2.18
1.6.48592.8.2.1
1.6.48908.8.2.1
1.6.48962.8.2.1.2.1.1.2
1.6.48987.8.2.1.4.5
1.6.49090.8.2.1
1.6.49102.8.2.1.14.1
1.6.49150.8.2.1.6.2.7
1.6.49151.8.2.1.11
1.6.49298.8.2.1.7.1
1.6.49444.8.2.1.6.2.6
1.6.49955.8.2.1.46
1.6.49965.8.2.1.9.2.9.4
1.6.50359.8.2.1.5.2
1.6.50644.8.2.1.15.1.17.1.1
1.6.50886.8.2.1.9.3.11
1.6.50925.8.2.1.15.3.2.1.3
1.6.50980.8.2.1.19.5.11
1.6.51004.8.2.1.33.11
1.6.51282.8.2.1.8
1.6.51466.8.2.1.11.2
1.6.51468.8.2.1.3
1.6.51526.8.2.1.11.2.11.5.22
1.6.51528.8.2.1.19.1.15
1.6.51667.8.2.1.3.1.4
1.6.51688.8.2.1.4.1
1.6.51720.8.2.1.11.2
1.6.51807.8.2.1.4
1.6.52198.8.2.1.29.2
1.6.52266.8.2.1.12
1.6.52287.8.2.1.28.7.10
1.6.52356.8.2.1.18.4.12.9.31
1.6.52461.8.2.1.10.1
1.6.52480.8.2.1.2.4.12.1
1.6.52527.8.2.1.3.3.12.1
1.6.52557.8.2.1.5.2.2.2.10
1.6.52615.8.2.1
1.6.52663.8.2.1.9.5
1.6.52766.8.2.1.4.1
1.6.52766.8.2.1.5.1.2
1.6.52768.8.2.1.10.6.13
1.6.52893.8.2.1.6.2
1.6.52962.8.2.1.1.1.3.2.6.24
1.6.53066.8.2.1.15
1.6.53116.8.2.1.47.3.41.2
1.6.53184.8.2.1.18.1.1.2
1.6.53386.8.2.1.22
1.6.53553.8.2.1.36
1.6.53579.8.2.1.17.6.6.2.5
1.6.53951.8.2.1.15.2.21.1
1.6.53970.8.2.1.7.1.8
1.6.54512.8.2.1.6
1.6.54784.8.2.1.1
1.6.54841.8.2.1.3.1.4
1.6.54844.8.2.1.1.1.3.2
1.6.54875.8.2.1.12.5.7
1.6.55039.8.2.1.8.1.5.5
1.6.55207.8.2.1.4.1
1.6.55305.8.2.1.4.9.23
1.6.55311.8.2.1.8
1.6.55340.8.2.1.24.3.6.2.3
1.6.55358.8.2.1.11
1.6.55368.8.2.1.3.1.3
1.6.55387.8.2.1.9
1.6.55552.8.2.1
1.6.55565.8.2.1
1.6.55587.8.2.1.7.2.3.2.7
1.6.55590.8.2.1.14.1.8.1
1.6.55666.8.2.1.11
1.6.55675.8.2.1.4.2.7.1.24
1.6.55800.8.2.1.22
1.6.56089.8.2.1
1.6.56247.8.2.1
1.6.56275.8.2.1.20
1.6.56282.8.2.1.1.1.1
1.6.56312.8.2.1.3.2
1.6.56502.8.2.1
1.6.56598.8.2.1.2
1.6.56600.8.2.1.17.4.4.2
1.6.56622.8.2.1.20.9.24.3
1.6.56721.8.2.1.6.4.12.1.1
1.6.56755.8.2.1
1.6.57172.8.2.1.2.1.1.2
1.6.57197.8.2.1.4.5
1.6.57377.8.2.1.8
1.6.57651.8.2.1.6.2.6
1.6.57959.8.2.1
1.6.57965.8.2.1.1.2.29
1.6.58176.8.2.1.12
1.6.58188.8.2.1.12.3.15.2
1.6.58214.8.2.1.17.2.2
