1.1.1.98.5.1.6
1.1.1.267.5.1.19.1.3
1.1.1.285.5.1.4.1.25.3.12
1.1.1.298.5.1.9
1.1.1.365.32.2.8.10
1.1.1.426.5.1.2.5.9
1.1.1.450.49.3.5.2.24.1.5
1.1.1.462.22.4.6.1.2.3
1.1.1.492.14.2.9.1.7
1.1.1.521.20.3
1.1.1.666.8.4.4
1.1.1.692.14.2.16.2
1.1.1.693.23.2.6.5.7.1
1.1.1.712.5.1.4.1.14.1
1.1.1.746.33.1.19.14.13
1.1.1.753.17.1.6.1.22
1.1.1.765.31.2.12.3
1.1.1.778.5.1.13.3.5.3
1.1.1.783.26.2.49.3
1.1.1.836.15.2.7.5
1.1.1.884.14.2.11.8.18
1.1.1.930.20.3.11.5.4
1.1.1.1017.5.1
1.1.1.1028.5.1.1.3.7.3
1.1.1.1119.12
1.1.1.1142.11.4.4.8
1.1.1.1174.17.2.11.1.2.1.3
1.1.1.1192.30.2.15.16
1.1.1.1245.10.1.4.13
1.1.1.1321.30.2.4
1.1.1.1358.8.1.4.1
1.1.1.1399.11.1.7.1
1.1.1.1415.9.1.4
1.1.1.1445.5.1.3.1.2.1
1.1.1.1470.5.1.8.14
1.1.1.1709.5.1.4.3.10.2
1.1.1.1724.16.1.5.3
1.1.1.1757.19.1.8.10
1.1.1.1822.5.1.1
1.1.1.1981.18.2.7.2.8.1
1.1.1.2044.5.1
1.1.1.2150.5.1.13.1
1.1.1.2156.23.1.14.11
1.1.1.2181.5.1.1.1
1.1.1.2212.11.1.4.1
1.1.1.2253.30.2.8
1.1.1.2311.5.1
1.1.1.2327.5.1.3.1.13.6.21
1.1.1.2376.10.3.8
1.1.1.2504.13.3.5.4
1.1.1.2783.5.1.4.4.14.2
1.1.1.2879.9.2.4.5
1.1.1.2887.35.1.25
1.1.1.2947.5.1.15
1.1.1.2990.8.2.8.7
1.1.1.3010.5.1.3.1.9.2
1.1.1.3038.5.1.2
1.1.1.3042.27.1.8
1.1.1.3076.9.3.14.6
1.1.1.3185.16.2.6.4.19.1.41
1.1.2.3308.14.4.23.11.19.1
1.1.2.3370.13.5.4.15
1.1.2.3374.31.1
1.1.2.3411.11.3.4.9
1.1.2.3434.15.3.7.7.13.2.4
1.1.2.3508.21.1.62
1.1.2.3555.43.3.27.29
1.1.2.3563.5.1
1.1.2.3623.5.1.1.1.10.1
1.1.2.3662.14.7.12
1.1.2.3670.5.1.7.5.16.4.28.7
1.1.2.3705.24.3.7.1
1.1.2.3766.5.1.1.3.54
1.1.2.3856.17.2
1.1.2.3926.22.2.7.1.2.2
1.1.2.3962.5.1
1.1.2.4066.10.1.6.1
1.1.2.4120.5.1.2.2.7.1
1.1.2.4252.5.1
1.1.2.4349.21.2.34.1.3.6.14.3
1.1.2.4484.5.1.5.3.6.7.18
1.1.2.4608.5.1
1.1.2.4615.5.1.2.1.3.10.20
1.1.2.4618.14.2.7.2.10.2.25
1.1.2.4663.27.1.8.2
1.1.2.4806.23.5.6.3
1.1.2.4890.6
1.1.2.4923.11.2.4.1
1.1.2.4940.15.2.9.1.28
1.1.2.5045.5.1.2.2.7
1.1.2.5055.24.2.10.6.8.3.5
1.1.2.5122.16
1.1.2.5313.5.1.4.1.3
1.1.2.5365.5.1.6
1.1.2.5532.5.1.2.3
1.1.2.5631.5.1.19.1.3
1.1.2.5650.5.1.1.1.4
1.1.2.5671.10.1.6.10
1.1.2.5703.22.4
1.1.2.5764.43.2.8.3
1.1.2.5854.5.1.1.1.8
1.1.2.5885.14.2.9.1.7
1.1.2.5912.20.3
1.1.2.6009.5.1.3.3.14.1.1
1.1.2.6056.8.4.4
1.1.2.6082.14.2.16.2
1.1.2.6083.23.2.6.5.7.1
1.1.2.6102.5.1.4.1.14.1
1.1.2.6135.24.1.13.10
1.1.2.6150.22.2.7.7.1.2.1.11
1.1.2.6159.9.2.4.3.2
1.1.2.6172.5.1.13.3.5.3
1.1.2.6278.5.1.14.3.1
1.1.2.6316.17.2.4.11
1.1.2.6415.28.3.31.43
1.1.2.6502.10.3.4
1.1.2.6534.11.4.4.8
1.1.2.6566.27.2.18.1.2.1.3
1.1.2.6584.30.2.15.16
1.1.2.6635.11.1.4
1.1.2.6741.8.1.4.1
1.1.2.6745.5.1.8.1.1.1
1.1.2.6749.23.2.4.3
1.1.2.6779.5.1.1.1.19
1.1.2.6861.18.2
1.1.2.7078.25.2.15.11
1.1.2.7096.9.3.4.5
1.1.2.7121.5.1.29.1
1.1.2.7141.19.1.8.10
1.1.2.7206.5.1.1
1.1.2.7368.18.2.7.2.8.1
1.1.2.7431.5.1
1.1.2.7453.5.1
1.1.2.7538.5.1.13.1
1.1.2.7544.23.1.14.11
1.1.2.7569.5.1.1.1
1.1.2.7600.11.1.4.1
1.1.2.7718.5.1.2.5.5
1.1.2.7775.10.3.8
1.1.2.7901.13.3.5.4
1.1.2.7957.5.1.1.1
1.1.2.8271.9.2.4.5
1.1.2.8296.36.1.12
1.1.2.8341.5.1.15
1.1.2.8404.5.1.3.1.9.2
1.1.2.8432.5.1.2
1.1.2.8436.27.1.8
1.1.2.8470.9.3.14.6
1.1.2.8581.8.1.4.5
1.1.2.8607.13.3.10.11
1.1.2.8722.5.1.2
1.1.2.8778.5.1.13.1.21.1.22
1.1.2.8778.11.2.8
1.1.2.8833.15.3.7.7.13.2.4
1.1.2.8886.5.1
1.1.2.8912.21.1.62
1.1.2.8961.43.3.27.29
1.1.2.8969.5.1
1.1.2.9089.10.2.4.22
1.1.2.9095.65.3.6.11
1.1.2.9280.24.1.4
1.1.2.9469.17.1.7.9
1.1.2.9500.19.1.6.1.6
1.1.2.9555.5.1.2.2.7.1
1.1.2.9589.5.1.5.16
1.1.2.9679.5.1
1.1.2.9773.32.2.4.1.37
1.1.2.9832.5.1.13.26
1.1.2.9837.31.2.8
1.1.2.9907.5.1.3
1.1.2.9941.16.3.6.6.7
1.1.2.10055.5.1
1.1.2.10061.22.2.5.6.14
1.1.2.10164.5.1.10.3
1.1.2.10280.23.5.6.3
1.1.2.10369.6
1.1.2.10392.14.1.12.1.1.1.5.4
1.1.2.10411.15.2.9.1.22
1.1.2.10530.5.1.2.2.7
1.1.2.10540.24.2.10.6.8.3.5
1.1.2.10566.5.1.1
1.1.2.10570.3
1.1.2.10607.16
1.1.2.10664.64
1.1.2.10690.22.2.21
1.1.2.10769.11
1.1.2.10793.8.1.4.24
1.1.2.10854.5.1.6
1.1.2.11149.5.1.2
1.1.2.11168.10.1.6.10
1.1.2.11245.5.1.2.5.5
1.1.2.11298.5.1.4.4
1.1.2.11318.5.1.3.2.31
1.1.2.11329.5.1
1.1.2.11330.5.1.3.3.21.6.49
1.1.2.11343.22.4.6.1.2.3
1.1.2.11373.14.2.9.1.7
1.1.2.11400.20.3
1.1.2.11552.8.4.4
1.1.2.11578.14.2.16.2
1.1.2.11579.23.2.6.5.7.1
1.1.2.11598.5.1.4.1.14.1
1.1.2.11632.33.1.19.14.13
1.1.2.11639.17.1.6.1.22
1.1.2.11649.15.2.10.2.37.2.7.2
1.1.2.11676.14.2.8.9
1.1.2.11755.5.1.14.3.1
1.1.2.11787.11.1.5.3
1.1.2.11860.5.1
1.1.2.11871.5.1.1.3.7.3
1.1.2.11987.11.4.4.8
1.1.2.12021.5.1.2.1.7
1.1.2.12036.30.2.15.16
1.1.2.12197.8.1.4.1
1.1.2.12234.5.1.1.1.1
1.1.2.12305.9.2.4.11.2
1.1.2.12309.5.1.4.4
1.1.2.12527.8.2.10.8
1.1.2.12545.10.4.12
1.1.2.12547.5.1.1
1.1.2.12570.5.1.29.1
1.1.2.12590.19.1.8.10
1.1.2.12653.5.1.1
1.1.2.12759.5.1.7.2.7.3
1.1.2.12775.25.1.4.3
1.1.2.12812.18.2.7.2.8.1
1.1.2.12888.19.5.17.16.6.5
1.1.2.12958.5.1.13.1
1.1.2.12964.23.1.14.11
1.1.2.13021.21.1.8.30
1.1.2.13060.30.2.8
1.1.2.13134.5.1.3
1.1.2.13324.13.3.5.4
1.1.2.13379.5.1.10.1
1.1.2.13659.9.2.4.5
1.1.2.13684.36.1.12
1.1.2.13733.5.1
1.1.2.13802.5.1.3.1.9.2
1.1.2.13830.5.1.2
1.1.2.13834.27.1.8
1.1.2.13868.9.3.14.6
1.1.2.13977.5.1.15.3.18.2.42
1.1.2.14031.11.1.4
1.1.2.14099.5.1.1.1.2
1.1.2.14163.13.5.4.15
1.1.2.14167.31.1
1.1.2.14271.5.1
1.1.2.14297.21.1.62
1.1.2.14344.43.3.27.29
1.1.2.14352.5.1
1.1.2.14409.27.2.25.9.11.2
1.1.2.14477.14.7.12
1.1.2.14485.5.1
1.1.2.14529.24.3.7.1
1.1.2.14556.5.1.2.2.4.4
1.1.2.14839.17.1.7.9
1.1.2.14870.19.1.6.1.6
1.1.2.14888.12.1.7
1.1.2.14930.5.1.2.2.7.1
1.1.2.15155.32.2.4.1.37
1.1.2.15214.5.1.13.26
1.1.2.15292.5.1.3
1.1.3.15325.16.3.6.6.7
1.1.3.15443.9.2.15.12
1.1.3.15446.5.1.23.20.35.10.17
1.1.3.15543.5.1.10.3
1.1.3.15644.24.2
1.1.3.15662.5.1
1.1.3.15679.5.1.3.2.17
1.1.3.15743.6
1.1.3.15776.11.2.4.1
1.1.3.15793.15.2.9.1.28
1.1.3.15814.6
1.1.3.15890.11.5.8.3.28
1.1.3.15892.15.2.11
1.1.3.15909.17.1.5.26
1.1.3.15916.13.1.19.7.13.7
1.1.3.15939.5.1.1
1.1.3.15943.3
1.1.3.15980.16
1.1.3.16031.64
1.1.3.16052.22.2.21
1.1.3.16146.5.1.2.2
1.1.3.16199.5.1.6
1.1.3.16300.5.1.6
1.1.3.16460.36.2
1.1.3.16488.14.2.23
1.1.3.16507.15.2.11.1.20.1.6
1.1.3.16584.28.2.16.16.17.2.25
1.1.3.16633.5.1.7.3
1.1.3.16655.5.1.3.1.4.2.6
1.1.3.16669.5.1.4.1.1.4
1.1.3.16706.13.1.7.6.11.3.8
1.1.3.16730.5.1.8.4.11
1.1.3.16925.5.1.4.1.25.1
1.1.3.16959.33.1.19.14.13
1.1.3.16966.17.1.6.1.22
1.1.3.16978.31.2.12.3
1.1.3.16991.5.1.13.3.5.3
1.1.3.17052.9.7.8.6
1.1.3.17088.14.2.11.8.18
1.1.3.17119.20.3.11.5.4
1.1.3.17220.28.3.31.43
1.1.3.17289.5.1.1.1.3.3
1.1.3.17323.11.4.4.8
1.1.3.17355.17.2.11.1.2.1.3
1.1.3.17373.30.2.15.16
1.1.3.17538.8.1.4.1
1.1.3.17542.5.1.8.1.1.1
1.1.3.17546.23.2.4.3
1.1.3.17586.11.1.7.1
1.1.3.17602.9.1.4
1.1.3.17632.5.1.3.1.2.1
1.1.3.17660.14.2.10.2.6.1
1.1.3.17709.13.1.5
1.1.3.17819.13.3.8
1.1.3.17908.5.1.18.1.4
1.1.3.17916.26
1.1.3.17926.5.1.20.1
1.1.3.17946.19.1.8.10
1.1.3.18011.5.1.1
1.1.3.18117.5.1.7.2.7.3
1.1.3.18147.17.2.5.5.5
1.1.3.18188.18.2.7.2.8.1
1.1.3.18233.10.1.9
1.1.3.18287.5.1.1.1.24.6.37.12
1.1.3.18358.5.1.13.1
1.1.3.18364.23.1.14.11
1.1.3.18389.5.1.1.1
1.1.3.18420.11.1.4.1
1.1.3.18461.30.2.8
1.1.3.18519.5.1
1.1.3.18535.5.1.2.5.5
1.1.3.18592.10.3.8
1.1.3.18727.5.1.11.18.35.5
1.1.3.18797.5.1.10.1
1.1.3.19021.5.1.10.6.15.6
1.1.3.19078.9.2.4.5
1.1.3.19086.35.1.25
1.1.3.19122.3
1.1.3.19136.5.1.6.15.31.4.27
1.1.3.19147.5.1
1.1.3.19187.8.2.8.7
1.1.3.19207.5.1.3.1.9.2
1.1.3.19235.5.1.2
1.1.3.19239.27.1.8
1.1.3.19273.9.3.14.6
1.1.3.19384.8.1.4.5
1.1.3.19415.3
1.1.3.19416.17.1.4
1.1.3.19573.5.1.1.1.1.1
1.1.3.19604.5.1.13.1.48.1.8
1.1.3.19604.11.2.8
1.1.3.19710.5.1
1.1.3.19737.21.1.62
1.1.3.19790.43.3.27.29
1.1.3.19798.5.1
1.1.3.19913.14.7.12
1.1.3.19921.5.1.7.5.16.4.22.48
1.1.3.19956.24.3.7.1
1.1.3.19987.3
1.1.3.19988.10.1.4
1.1.3.20014.5.1.1.3.31
1.1.3.20225.13
1.1.3.20270.17.1.7.9
1.1.3.20309.9.1.4.4
1.1.3.20324.17.1.4
1.1.3.20362.12.3.4.1
1.1.3.20615.21.2.34.1.3.6.14.3
1.1.3.20667.9.2.4
1.1.3.20751.5.1.3
1.1.3.20785.16.3.6.6.7
1.1.3.20899.5.1
1.1.3.20905.9.2.15.16
1.1.3.20908.5.1.23.24.15.3.12
1.1.3.20930.17.2.8
1.1.3.21002.5.1.10.3
1.1.3.21102.5.1
1.1.3.21125.5.1
1.1.3.21142.5.1.3.2.17
1.1.3.21212.6
1.1.3.21238.5.1.3.1.4.1.1.3
1.1.3.21257.15.2.9.1.22
1.1.3.21282.6
1.1.3.21350.3
1.1.3.21371.5.1.2.2.7
1.1.3.21381.24.2.10.6.8.3.5
1.1.3.21410.14.2.9.2.2
1.1.3.21442.16
1.1.3.21501.64
1.1.3.21527.22.2.21
1.1.3.21594.14.3
1.1.3.21617.5.1.4.1.3
1.1.3.21676.10.1.19.13
1.1.3.21773.5.1.6
1.1.3.21959.5.1.8.1.5.2.4
1.1.3.21972.5.1.9
1.1.3.22055.43.2.8.3
1.1.3.22097.5.1.7.3
1.1.3.22119.5.1.3.1.4.2.6
1.1.3.22133.5.1.4.1.1.4
1.1.3.22151.5.1.1.1.8
1.1.3.22201.22.1.19.4
1.1.3.22209.20.3
1.1.3.22352.8.4.4
1.1.3.22385.5.1.1.1.4.4
1.1.3.22398.5.1.4.1.30.1
1.1.3.22432.33.1.19.14.13
1.1.3.22439.17.1.6.1.22
1.1.3.22451.31.2.12.3
1.1.3.22464.5.1.13.3.5.3
1.1.3.22526.9.7.8.6
1.1.3.22561.31.2.15.1.1
1.1.3.22564.5.1.29.1.1
1.1.3.22605.20.3.11.5.4
1.1.3.22680.5.1
1.1.3.22691.5.1.1.3.7.3
1.1.3.22824.14.1.4.21
1.1.3.22835.11.4.4.8
1.1.3.22870.17.2.11.1.2.1.8
1.1.3.22888.30.2.15.16
1.1.3.22951.19.4.4.1
1.1.3.23057.8.1.4.1
1.1.3.23101.5.1.1
1.1.3.23116.9.1.4
1.1.3.23146.5.1.3.1.2.1
1.1.3.23173.5.1.8.12
1.1.3.23222.13.1.5
1.1.3.23333.13.3.8
1.1.3.23400.5.1.4.3.23.8
1.1.3.23415.16.1.5.3
1.1.3.23516.5.1.18.19.4.2
1.1.3.23611.5.1.7.2.7.3
1.1.3.23639.17.2.5.2.4
1.1.3.23680.18.2.7.2.8.1
1.1.3.23740.5.1
1.1.3.23843.5.1.13.1
1.1.3.23849.23.1.14.11
1.1.3.23874.5.1.1.1
1.1.3.23903.21.1.8.40
1.1.3.23942.30.2.8
1.1.3.24000.5.1
1.1.3.24016.5.1.3.1.13.6.21
1.1.3.24065.10.3.8
1.1.3.24198.5.1.11.18.30.5
1.1.3.24309.5.1.1.6
1.1.3.24556.9.2.4.5
1.1.3.24580.29.2.8
1.1.3.24625.5.1.15
1.1.3.24707.14.3.31.6.18.7.46
1.1.3.24747.9.3.14.6
1.1.3.24983.5.1.1.1.2
1.1.3.25053.5.1.3.1.9
1.1.3.25055.8.1.15.2
1.1.3.25090.11.3.4.9
1.1.3.25113.15.3.7.7.13.2.4
1.1.3.25162.5.1
1.1.3.25188.21.1.62
1.1.3.25244.43.3.27.29
1.1.3.25252.5.1
1.1.3.25367.14.7.12
1.1.3.25375.5.1.7.5.16.4.22.27
1.1.3.25410.24.3.7.1
1.1.3.25437.3
1.1.3.25438.10.1.4
1.1.3.25464.5.1.1.3.31
1.1.3.25679.13
1.1.3.25724.17.1.7.9
1.1.3.25755.19.1.6.1.6
1.1.3.25813.5.1.2.2.7.1
1.1.3.25847.5.1.5.16
1.1.3.25941.5.1
1.1.3.26029.21.2.34.1.3.6.14.3
1.1.3.26085.9.2.4
1.1.3.26153.5.1.3
1.1.3.26187.16.3.6.6.7
1.1.3.26313.22.2.5.6.4
1.1.3.26417.5.1.10.3
1.1.3.26518.24.2
1.1.3.26536.5.1
1.1.3.26553.5.1.3.2.17
1.1.3.26617.6
1.1.3.26650.11.2.4.1
1.1.3.26667.15.2.9.1.28
1.1.3.26755.3
1.1.3.26766.15.3.8.2
1.1.3.26769.5.1.2.2.7
1.1.3.26779.24.2.10.6.8.3.5
1.1.3.26846.16
1.1.3.27003.5.1.1
1.1.3.27021.10.3.23
1.1.3.27079.5.1.6
1.1.3.27350.5.1.17.8.16
1.1.3.27374.14.1.6.4
1.1.3.27389.5.1.9
1.1.3.27419.22.4
1.1.3.27480.43.2.8.3
1.1.3.27524.5.1.7.3
1.1.3.27546.5.1.3.1.4.2.6
1.1.3.27560.5.1.4.1.1.4
1.1.3.27578.5.1.1.1.8
1.1.3.27632.22.1.19.4
1.1.3.27640.20.3
1.1.3.27789.8.4.4
1.1.3.27815.14.2.16.2
1.1.3.27816.23.2.6.5.7.1
1.1.3.27835.5.1.4.1.14.1
1.1.3.27868.24.1.13.9
1.1.3.27890.5.1.1.1.6.2
1.1.3.27911.5.1.36.8
1.1.3.27942.27.2.15.1.33
1.1.3.28001.14.2.11.8.18
1.1.3.28032.20.3.11.5.4
1.1.3.28055.3
1.1.3.28064.6
1.1.3.28128.10.1.4.6.16
1.1.3.28255.11.4.4.8
1.1.3.28287.17.2.11.1.2.1.3
1.1.3.28305.30.2.15.16
1.1.3.28470.8.1.4.1
1.1.3.28474.5.1.8.1.1.1
1.1.3.28478.23.2.4.3
1.1.4.12.5.1.1.1.38
1.1.4.23.11.1.18
1.1.4.26.13.4
1.1.4.57.5.1.3.1.2.1
1.1.4.81.16.2.15.1
1.1.4.84.5.1.15.10
1.1.4.136.13.1.5
1.1.4.326.25.2.15.11
1.1.4.344.9.3.4.5
1.1.4.354.41
1.1.4.375.9.1.4.19
1.1.4.439.5.1.1
1.1.4.605.18.2.7.2.8.1
1.1.4.690.5.1.2
1.1.4.757.5.1.13.1
1.1.4.763.23.1.14.11
1.1.4.814.11.1.4.1
1.1.4.855.30.2.8
1.1.4.913.5.1
1.1.4.929.5.1.3.1.13.6.21
1.1.4.978.10.3.8
1.1.4.1187.5.1
1.1.4.1436.5.1.10.6.15.6
1.1.4.1493.9.2.4.5
1.1.4.1501.35.1.25
1.1.4.1540.3
1.1.4.1567.5.1.15
1.1.4.1632.5.1.3.1.9.2
1.1.4.1660.5.1.2
1.1.4.1664.27.1.8
1.1.4.1698.9.3.14.6
1.1.4.1810.5.1.1.8.10
1.1.4.1930.5.1.1.1.2
1.1.4.1999.5.1.13.1.21.1.21
1.1.4.1999.11.2.8
1.1.4.2038.11.3.4.9
1.1.4.2061.15.3.7.7.13.2.4
1.1.4.2110.5.1
1.1.4.2136.21.1.62
1.1.4.2156.14.3.12.9.3
1.1.4.2182.43.3.27.29
1.1.4.2190.5.1
1.1.4.2234.25.3.4
1.1.4.2305.14.7.12
1.1.4.2313.5.1.7.5.16.4.22.47
1.1.4.2348.24.3.7.1
1.1.4.2375.5.1.2.2.4.4
1.1.4.2497.17.3.16
1.1.4.2684.17.1.7.9
1.1.4.2722.10.1.6.1
1.1.4.2739.12.1.7
1.1.4.2774.12.3.4.1
1.1.4.3018.21.2.34.1.3.6.14.3
1.1.4.3134.5.1.6
1.1.4.3142.13.2.12.6
1.1.4.3267.5.1.5.2
1.1.4.3276.5.1.2.1.3.11.21
1.1.4.3279.14.2.7.2.10.2.26
1.1.4.3386.5.1.3.1.5
1.1.4.3489.5.1
1.1.4.3506.5.1.3.2.17
1.1.4.3585.6
1.1.4.3737.23.5.8.3.6
1.1.4.3739.15.2.11
1.1.4.3756.17.1.5.26
1.1.4.3819.16
1.1.4.4056.5.1.6
1.1.4.4158.5.1.6
1.1.4.4338.5.1.17
1.1.4.4346.5.1.11.1.2.1.66
1.1.4.4359.5.1.9
1.1.4.4389.22.4
1.1.4.4446.32.2.8.10
1.1.4.4520.5.1.2.5.9
1.1.4.4544.49.3.5.2.24.1.5
1.1.4.4594.14.2.9.1.7
1.1.4.4621.20.3
1.1.4.4758.8.4.4
1.1.4.4791.5.1.1.1.4.4
1.1.4.4804.5.1.4.1.30.1
1.1.4.4838.33.1.19.14.13
1.1.4.4845.17.1.6.1.22
1.1.4.4857.31.2.12.3
1.1.4.4870.5.1.13.3.5.3
1.1.4.4954.5.1.14.3.1
1.1.4.4992.17.2.4.11
1.1.4.5087.10.1.4.6.16
1.1.4.5165.10.3.4
1.1.4.5196.14.1.4.21
1.1.4.5207.11.4.4.8
1.1.4.5239.17.2.11.1.2.1.3
1.1.4.5324.19.4.4.1
1.1.4.5433.8.1.4.1
1.1.4.5475.11.1.7.1
1.1.4.5491.9.1.4
1.1.4.5545.5.1.2.2.10.7.15
1.1.4.5549.9.2.4.6.12
1.1.4.5553.5.1.4.4
1.1.4.5813.10.4.12
1.1.4.5814.8.1.4.4
1.1.4.5824.42
1.1.4.5856.19.1.8.10
1.1.4.5913.5.1.18.19.4.2
1.1.4.6073.18.2.7.2.8.1
1.1.4.6150.32.2.21.18
1.1.4.6225.5.1.13.1
1.1.4.6231.23.1.14.11
1.1.4.6281.5.1.10.1.4
1.1.4.6284.6
1.1.4.6289.5.1
1.1.4.6293.5.1.6
1.1.4.6437.23.3.8
1.1.4.6569.5.1.11.18.30.5
1.1.4.6939.18.1.13.21
1.1.4.6981.3
1.1.4.6995.5.1.6.15.26.4.21
1.1.4.7005.5.1.15
1.1.4.7099.14.3.31.6.18.7.17
1.1.4.7139.9.3.14.6
1.1.4.7180.3
1.1.4.7251.8.1.4.5
1.1.4.7358.5.1.1.1.2
1.1.4.7430.5.1.13.1.21.1.21
1.1.4.7430.11.2.8
1.1.4.7483.15.3.7.7.13.2.4
1.1.4.7532.5.1
1.1.4.7578.43.3.16.2.7.1.8
1.1.4.7610.5.1.23.1.1.12
1.1.4.7656.27.2.25.9.11.2
1.1.4.7690.17.4.8
1.1.4.7714.14.7.12
1.1.4.7722.5.1.7.5.16.4.22.54
1.1.4.7757.24.3.7.1
1.1.4.7896.17.2
1.1.4.7942.5.1.2.1.29.3
1.1.4.8134.17.1.4
1.1.4.8179.5.1.2.2.7.1
1.1.4.8304.5.1
1.1.4.8409.32.2.4.1.30
1.1.4.8468.5.1.13.26
1.1.4.8553.5.1.5.3.6.7.18
1.1.4.8680.13.1.6.8
1.1.4.8790.5.1.1.13.12.17.32
1.1.4.8873.5.1
1.1.4.8896.5.1
1.1.4.8913.5.1.3.2.17
1.1.4.8982.6
1.1.4.9015.11.2.4.1
1.1.4.9032.15.2.9.1.28
1.1.4.9149.5.1.2.2.7
1.1.4.9159.24.2.10.6.8.3.5
1.1.4.9226.16
1.1.4.9288.64
1.1.4.9314.22.2.21
1.1.4.9408.5.1.4.1.3
1.1.4.9467.10.1.19.13
1.1.4.9627.5.1.2.3
1.1.4.9726.5.1.19.1.3
1.1.4.9743.14.1.7.2
1.1.4.9758.5.1.9
1.1.4.9841.43.2.8.3
1.1.4.9915.3
1.1.4.9933.5.1.1.1.8
1.1.4.9959.5.1.5.14
1.1.4.9982.20.3
1.1.4.10130.29.4
1.1.4.10171.5.1.4.1.25.1
1.1.4.10205.33.1.19.14.13
1.1.4.10212.17.1.6.1.22
1.1.4.10224.31.2.12.3
1.1.4.10237.5.1.13.3.5.3
1.1.4.10322.5.1.14.3.1
1.1.4.10354.11.1.5.3
1.1.4.10421.5.1
1.1.4.10432.5.1.1.3.7.3
1.1.4.10545.14.1.4.21
1.1.4.10556.11.4.4.8
1.1.4.10593.5.1.2.1.7
1.1.4.10666.10.1.4.13
1.1.4.10741.30.2.4
1.1.4.10778.8.1.4.1
1.1.4.10821.11.1.7.1
1.1.4.10892.5.1.3.16
1.1.4.10941.13.1.5
1.1.4.11128.8.2.10.8
1.1.4.11145.10.4.12
1.1.4.11146.8.1.4.4
1.1.4.11156.42
1.1.4.11168.5.1.1.1.64.5
1.1.4.11259.5.1.18.19.4.2
1.1.4.11358.5.1.7.2.7.3
1.1.4.11388.17.2.5.6.5
1.1.4.11429.18.2.7.2.8.1
1.1.4.11491.5.1
1.1.4.11513.5.1
1.1.4.11590.5.1.13.1
1.1.4.11596.23.1.14.11
1.1.4.11621.5.1.1.1
1.1.4.11652.11.1.4.1
1.1.4.11693.30.2.8
1.1.4.11751.5.1
1.1.4.11767.5.1.3.1.13.6.21
1.1.4.11816.10.3.8
1.1.4.12013.5.1
1.1.4.12049.5.1.1.6
1.1.4.12103.17.2.8.15
1.1.4.12240.5.1.10.6.15.6
1.1.4.12297.9.2.4.5
1.1.4.12305.35.1.25
1.1.4.12344.3
1.1.4.12371.5.1.15
1.1.4.12436.5.1.3.1.9.2
1.1.4.12464.5.1.2
1.1.4.12468.27.1.8
1.1.4.12502.9.3.14.6
1.1.4.12608.16.2.5.4.8
1.1.4.12637.3
1.1.4.12736.5.1.1.1.2
1.1.4.12805.5.1.13.1.21.1.21
1.1.4.12805.11.2.8
1.1.4.12860.15.3.7.7.13.2.4
1.1.4.12934.21.1.62
1.1.4.12983.43.3.27.29
1.1.4.12991.5.1
1.1.4.13051.5.1.1.1.10.1
1.1.4.13093.10.2.4.22
1.1.4.13099.65.3.6.13
1.1.4.13193.5.1.1.3.33
1.1.4.13282.17.2
1.1.4.13464.19.1.6.1.6
1.1.4.13484.17.1.4
1.1.4.13522.12.3.4.1
1.1.4.13778.32.2.4.1.37
1.1.4.13798.6
1.1.4.13839.5.1.4.1
1.1.4.13844.27.3.5.13
1.1.4.13845.5.1
1.1.4.13917.5.1.3
1.1.4.13951.16.3.6.6.7
1.1.4.14059.5.1
1.1.4.14061.24.1.19.12
1.1.4.14158.5.1.10.3
1.1.4.14274.5.1
1.1.4.14291.5.1.3.2.17
1.1.4.14370.6
1.1.4.14414.9.1.7.10
1.1.4.14416.14.1.4
1.1.4.14515.5.1.2.2.7
1.1.4.14525.24.2.10.6.8.3.5
1.1.4.14568.16.2.26
1.1.4.14583.5.1.1.1.6
1.1.4.14777.10.3.23
1.1.4.14800.18.2.8.1.12.1
1.1.4.14843.5.1.6
1.1.4.15137.5.1.2
1.1.4.15156.10.1.6.10
1.1.4.15225.32.2.8.10
1.1.4.15266.5.1.7.3
1.1.4.15290.22.2.7
1.1.4.15304.31.3.5.2.14.1.6
1.1.4.15341.14.2.9.1.7
1.1.4.15370.20.3
1.1.4.15514.8.4.4
1.1.4.15540.14.2.16.2
1.1.4.15541.23.2.6.5.7.1
1.1.4.15560.5.1.4.1.14.1
1.1.4.15594.33.1.19.14.13
1.1.4.15601.17.1.6.1.22
1.1.4.15613.31.2.12.3
1.1.4.15626.5.1.13.3.5.3
1.1.4.15696.9.7.8.6
1.1.4.15731.31.2.15.1.1
1.1.4.15734.5.1.29.1.1
1.1.4.15761.11.1.5.3
1.1.4.15826.5.1.2.2
1.1.4.15844.5.1
1.1.4.15855.5.1.1.3.7.3
1.1.4.15935.10.3.4
1.1.4.15967.11.4.4.8
1.1.4.15999.17.2.11.1.2.1.3
1.1.4.16062.10.1.4.13
1.1.4.16162.20.2.4
1.1.4.16177.8.1.4.1
1.1.4.16181.5.1.8.1.1.1
1.1.4.16185.23.2.4.3
1.1.4.16215.5.1.1.1.19
1.1.4.16226.11.1.18
1.1.4.16229.13.4
1.1.4.16315.13.1.5
1.1.4.16497.8.2.10.8
1.1.4.16515.10.4.12
1.1.4.16516.12.1.5.4
1.1.4.16537.5.1.29.1
1.1.4.16557.19.1.8.10
1.1.4.16618.5.1.18.19.4.2
1.1.4.16787.18.2.7.2.8.1
1.1.4.16850.5.1
1.1.4.16878.5.1.2
1.1.4.16945.5.1.13.1
1.1.4.16951.23.1.14.11
1.1.4.17002.5.1.10.1.4
1.1.4.17005.6
1.1.4.17010.5.1
1.1.4.17014.5.1.6
1.1.4.17158.23.3.8
1.1.4.17293.5.1.11.18.30.5
1.1.4.17357.5.1
1.1.4.17521.5.1.13.3
1.1.4.17664.9.2.4.5
1.1.4.17730.5.1
1.1.4.17796.5.1.3.1.9.2
1.1.4.17824.5.1.2
1.1.4.17828.27.1.8
1.1.4.17862.9.3.14.6
1.1.4.17970.5.1.1.8.10
1.1.4.18097.5.1.1.1.2
1.1.4.18167.5.1.3.1.9
1.1.4.18169.8.1.15.2
1.1.4.18273.5.1
1.1.4.18299.21.1.62
1.1.4.18349.43.3.27.29
1.1.4.18349.43.3.31.3
1.1.4.18357.5.1
1.1.4.18417.5.1.1.1.10.1
1.1.4.18437.5.1
1.1.4.18461.14.7.12
1.1.4.18469.5.1.7.5.16.4.31.5
1.1.4.18504.24.3.7.1
1.1.4.18558.5.1.1.3.54
1.1.4.18651.17.3.16
1.1.4.18702.5.1.2.1.29.3
1.1.4.18853.19.1.6.1.6
1.1.4.18909.5.1.2.2.7.1
1.1.4.19035.10.2.4.2
1.1.4.19045.16.1.5
1.1.4.19138.32.2.4.1.37
1.1.4.19159.6
1.1.4.19269.5.1.3
1.1.4.19303.16.3.6.6.7
1.1.4.19419.5.1.2.2.14.2.7
1.1.4.19466.27.1.8.2
1.1.4.19573.10.1.30
1.1.4.19622.23.5.6.3
1.1.4.19721.6
1.1.4.19749.5.1.2.2.34.6.25.5
1.1.4.19878.11.5.8.3.28
1.1.4.19880.15.2.11
1.1.4.19897.17.1.5.26
1.1.4.19904.13.1.19.7.13.7
1.1.4.19940.9.2.4.1
1.1.4.19953.13.4.5.4.20
1.1.4.20024.64
1.1.4.20127.14.3
1.1.4.20149.8.1.4.26
1.1.4.20210.5.1.6
1.1.4.20303.5.1.6
1.1.4.20491.9.2.10.5
1.1.4.20507.5.1.9
1.1.4.20596.5.1.2.5.5
1.1.4.20642.5.1.7.3
1.1.4.20666.22.2.7
1.1.4.20680.31.3.5.2.14.1.6
1.1.4.20721.14.2.9.1.7
1.1.4.20750.20.3
1.1.4.20938.5.1.4.1.17.1
1.1.4.20972.33.1.19.14.13
1.1.4.20979.17.1.6.1.22
1.1.4.20991.31.2.12.3
1.1.4.21004.5.1.13.3.5.3
1.1.4.21009.26.2.49.3
1.1.4.21107.5.1.14.3.1
1.1.4.21139.11.1.5.3
1.1.4.21232.5.1.1.2.16.10
1.1.4.21367.11.4.4.8
1.1.4.21402.17.2.11.1.2.1.8
1.1.4.21465.10.1.4.13
1.1.4.21577.8.1.4.1
1.1.4.21581.5.1.8.1.1.1
1.1.4.21585.23.2.4.3
1.1.4.21621.11.1.7.1
1.1.4.21637.9.1.4
1.1.4.21691.16.2.33.1
1.1.4.21694.15.5.10.1.6.1
1.1.4.21952.10.4.12
1.1.4.21953.8.1.4.4
1.1.4.21975.5.1.29.1
1.1.4.21995.19.1.8.10
1.1.4.22052.5.1.18.19.4.2
1.1.4.22157.5.1.7.2.7.3
1.1.4.22185.17.2.5.2.4
1.1.4.22226.18.2.7.2.8.1
1.1.4.22261.10.1.9
1.1.4.22306.32.2.21.18
1.1.4.22390.5.1.13.1
1.1.4.22396.23.1.14.11
1.1.4.22421.5.1.1.1
1.1.4.22452.11.1.4.1
1.1.4.22493.30.2.8
1.1.4.22521.22.2.20
1.1.4.22755.5.1.11.18.35.5
1.1.4.22918.17.2.8.15
1.1.4.23066.5.1.10.6.15.6
1.1.4.23123.9.2.4.5
1.1.4.23131.35.1.25
1.1.4.23186.5.1.15
1.1.4.23229.8.2.8.7
1.1.4.23265.5.1.2
1.1.4.23269.27.1.8
1.1.4.23303.9.3.14.6
1.1.4.23414.8.1.4.5
1.1.4.23440.13.3.10.11
1.1.4.23555.5.1.2
1.1.4.23611.5.1.13.1.21.1.22
1.1.4.23611.11.2.8
1.1.4.23742.21.1.62
1.1.4.23789.43.3.27.29
1.1.4.23797.5.1
1.1.4.23857.5.1.1.1.10.1
1.1.4.23896.10.2.4.22
1.1.4.23902.65.3.6.11
1.1.4.24203.13
1.1.4.24248.17.1.7.9
1.1.4.24296.17.1.4
1.1.4.24481.5.1
1.1.4.24517.9.2.13
1.1.4.24569.32.2.4.1.30
1.1.4.24628.5.1.13.26
1.1.4.24723.5.1.3
1.1.4.24757.16.3.6.6.7
1.1.4.24879.9.2.15.12
1.1.4.24882.5.1.23.20.35.10.56
1.1.4.25097.5.1
1.1.4.25114.5.1.3.2.17
1.1.4.25183.6
1.1.4.25216.11.2.4.1
1.1.4.25233.15.2.9.1.28
1.1.4.25258.6
1.1.4.25345.5.1.23.2
1.1.4.25357.5.1.2.11.10
1.1.4.25391.5.1.11.2.3.3.4
1.1.4.25393.14.2.9.2.2
1.1.4.25425.16
1.1.4.25475.64
1.1.4.25659.5.1.6
1.1.4.25698.12
1.1.4.25944.5.1.2
1.1.4.25963.10.1.6.10
1.1.4.26057.43.2.8.3
1.1.4.26099.5.1.7.3
1.1.4.26123.22.2.7
1.1.4.26137.31.3.5.2.14.1.6
1.1.4.26149.22.4.6.1.2.3
1.1.4.26180.13.1.7.6.11.3.8
1.1.4.26214.20.3
1.1.4.26361.3
1.1.4.26369.8.4.4
1.1.4.26403.5.1.1.1.4.6
1.1.4.26416.5.1.4.1.30.1
1.1.4.26450.33.1.19.14.13
1.1.4.26457.17.1.6.1.22
1.1.4.26469.31.2.12.3
1.1.4.26482.5.1.13.3.5.3
1.1.4.26591.14.2.11.8.18
1.1.4.26622.20.3.11.5.4
1.1.4.26719.10.1.4.6.16
1.1.4.26835.11.4.4.8
1.1.4.26867.17.2.11.1.2.1.3
1.1.4.26952.19.4.4.1
1.1.4.27054.8.1.4.1
1.1.4.27058.5.1.8.1.1.1
1.1.4.27062.23.2.4.3
1.1.4.27098.11.1.7.1
1.1.4.27114.9.1.4
1.1.4.27172.5.1.2.2.10.7.15
1.1.4.27175.35.2.20.2.20.2
1.1.4.27224.13.1.5
1.1.4.27428.25.2.15.11
1.1.4.27446.9.3.4.5
1.1.4.27471.5.1.29.1
1.1.4.27491.19.1.8.10
1.1.4.27548.5.1.18.19.4.2
1.1.4.27653.5.1.7.2.7.3
1.1.4.27683.17.2.5.5.5
1.1.4.27724.18.2.7.2.8.1
1.1.4.27787.5.1
1.1.4.27809.5.1
1.1.4.27894.5.1.13.1
1.1.4.27900.23.1.14.11
1.1.4.27950.5.1.10.1.4
1.1.4.27953.6
1.1.4.27958.5.1
1.1.4.27962.5.1.6
1.1.4.28051.5.1.3
1.1.4.28104.23.3.8
1.1.4.28233.37.2.24.18.27.11
1.1.4.28590.9.2.4.5
1.1.4.28598.35.1.25
1.1.4.28655.5.1.15
1.1.4.28724.5.1.3.1.9.2
1.1.4.28752.5.1.2
1.1.4.28756.27.1.8
1.1.4.28790.9.3.14.6
1.1.4.28892.5.1.1.7.18
1.1.4.28921.21.2.4
1.1.4.29011.5.1.1.1.2
1.1.4.29075.5.1.13.1.48.1.8
1.1.4.29075.11.2.8
1.1.4.29117.11.3.4.9
1.1.4.29140.15.3.7.7.13.2.4
1.1.4.29236.15.2.25.6.5.2.6
1.1.4.29267.5.1.23.1.1.12
1.1.4.29311.27.2.25.9.11.2
1.1.4.29378.14.7.12
1.1.4.29386.5.1.7.5.16.4.22.30
1.1.4.29421.24.3.7.1
1.1.4.29484.5.1.1.3.33
1.1.4.29619.5.1.2.1.5.3
1.1.4.29773.10.1.6.1
1.1.4.29831.5.1.2.2.7.1
1.1.4.30069.32.2.4.1.37
1.1.4.30128.5.1.13.26
1.1.4.30207.5.1.3
1.1.4.30241.16.3.6.6.7
1.1.4.30346.5.1.5.2
1.1.4.30355.5.1.2.1.3.11.21
1.1.4.30358.14.2.7.2.10.2.26
1.1.4.30404.27.1.8.2
1.1.4.30452.5.1.10.3
1.1.4.30566.23.5.6.3
1.1.4.30654.6
1.1.4.30704.31.2.6.8.7.18
1.1.4.30808.5.1.4.3
1.1.4.30812.15.2.25
1.1.4.30829.17.1.5.26
1.1.4.30836.13.1.19.7.13.6
1.1.4.30859.5.1.1
1.1.4.30863.3
1.1.4.30900.16
1.1.4.30988.22.2.21
1.1.4.31077.10.3.23
1.1.4.31147.5.1.6
1.1.4.31249.5.1.6
1.1.4.31430.5.1.2
1.1.4.31449.15.2.11.1.20.1.6
1.1.4.31516.32.2.8.10
1.1.4.31562.5.1.7.3
1.1.4.31586.22.2.7
1.1.4.31600.31.3.5.2.14.1.6
1.1.4.31637.14.2.9.1.7
1.1.4.31666.20.3
1.1.4.31763.5.1.3.3.14.1.1
1.1.4.31812.8.4.4
1.1.4.31838.14.2.16.2
1.1.4.31839.23.2.6.5.7.1
1.1.4.31858.5.1.4.1.14.1
1.1.4.31892.33.1.19.14.13
1.1.4.31899.17.1.6.1.22
1.1.4.31911.31.2.12.3
1.1.4.31924.5.1.13.3.5.3
1.1.4.31975.9.7.8.6
1.1.4.32013.11.1.4.1
1.1.4.32056.20.3.11.5.4
1.1.4.32143.5.1
1.1.4.32154.5.1.1.3.7.3
1.1.4.32240.10.3.4
1.1.4.32273.11.4.4.8
1.1.4.32305.17.2.11.1.2.1.3
1.1.4.32380.11.1.4
1.1.4.32480.8.1.4.1
1.1.4.32524.11.1.7.1
1.1.4.32540.9.1.4
1.1.4.32611.18.2
1.1.4.32829.10.4.12
1.1.4.32831.5.1.1
1.1.4.32863.29.2.14
1.1.4.32932.5.1.1
1.1.4.33038.5.1.7.2.7.3
1.1.4.33068.17.2.5.5.5
1.1.4.33109.18.2.7.2.8.1
1.1.4.33265.5.1.13.1
1.1.4.33271.23.1.14.11
1.1.4.33297.5.1.1.1
1.1.4.33328.11.1.4.1
1.1.4.33436.5.1
1.1.4.33452.5.1.3.1.13.6.21
1.1.4.33501.10.3.8
1.1.4.33618.37.2.28.18.27.11
1.1.4.33937.5.1.2.10
1.1.4.33993.9.2.4.5
1.1.4.34001.35.1.25
1.1.4.34040.3
1.1.4.34054.5.1.6.15.31.4.27
1.1.4.34064.5.1.15
1.1.4.34129.5.1.3.1.9.2
1.1.4.34157.5.1.2
1.1.4.34161.27.1.8
1.1.4.34195.9.3.14.6
1.1.4.34431.5.1.1.1.2
1.1.4.34503.13.5.4.15
1.1.4.34507.31.1
1.1.4.34634.21.1.62
1.1.4.34681.43.3.27.29
1.1.4.34689.5.1
1.1.4.34809.14.7.12
1.1.4.34817.5.1
1.1.4.34861.24.3.7.1
1.1.4.34890.5.1.2.2
1.1.4.35000.17.2
1.1.4.35051.58.2
1.1.4.35120.13
1.1.4.35166.17.1.7.9
1.1.4.35197.19.1.6.1.6
1.1.4.35217.17.1.4
1.1.4.35254.12.3.4.1
1.1.4.35507.32.2.4.1.37
1.1.4.35566.5.1.13.26
1.1.4.35571.27.3.5.13
1.1.4.35572.5.1
1.1.4.35627.5.1.1.1.5
1.1.4.35634.5.1.3
1.1.4.35668.16.3.6.6.7
1.1.4.35781.5.1.5.2
1.1.4.35790.8.2.11.3
1.1.4.35792.5.1.19.1.3
1.1.4.35901.5.1.10.3
1.1.5.36024.5.1
1.1.5.36041.5.1.3.2.17
1.1.5.36110.6
1.1.5.36138.11.2.4.1
1.1.5.36155.15.2.9.1.28
1.1.5.36270.5.1.23.2
1.1.5.36282.5.1.2.11.10
1.1.5.36316.5.1.11.2.3.3.4
1.1.5.36318.14.2.9.2.2
1.1.5.36333.5.1
1.1.5.36360.16
1.1.5.36416.64
1.1.5.36533.5.1.4.1.3
1.1.5.36590.5.1.6
1.1.5.36692.5.1.6
1.1.5.36877.9.2.10.5
1.1.5.36893.5.1.9
1.1.5.36923.22.4
1.1.5.36980.32.2.8.10
1.1.5.37039.5.1.7.3
1.1.5.37063.22.2.7
1.1.5.37077.31.3.5.2.14.1.6
1.1.5.37089.22.4.6.1.2.3
1.1.5.37121.14.2.9.1.7
1.1.5.37150.20.3
1.1.5.37302.8.4.4
1.1.5.37328.14.2.16.2
1.1.5.37329.23.2.6.5.7.1
1.1.5.37348.5.1.4.1.14.1
1.1.5.37381.24.1.13.9
1.1.5.37403.5.1.1.1.6.2
1.1.5.37424.5.1.36.8
1.1.5.37469.15.2.7.5
1.1.5.37517.5.1.14.3.1
1.1.5.37549.11.1.5.3
1.1.5.37630.28.3.31.43
1.1.5.37708.10.3.4
1.1.5.37736.14.2.12.1.4.1
1.1.5.37781.30.2.26.1.2.1.14
1.1.5.37861.19.4.4.1
1.1.5.37934.30.2.4
1.1.5.37968.8.1.4.1
1.1.5.38010.11.1.7.1
1.1.5.38026.9.1.4
1.1.5.38084.5.1.2.2.10.7.15
1.1.5.38087.35.2.20.2.20.2
1.1.5.38333.10.4.12
1.1.5.38334.12.1.5.4
1.1.5.38355.5.1.29.1
1.1.5.38375.19.1.8.10
1.1.5.38440.5.1.1
1.1.5.38535.5.1.7.2.7.3
1.1.5.38551.25.1.4.3
1.1.5.38588.18.2.7.2.8.1
1.1.5.38675.5.1.2
1.1.5.38750.5.1.13.1
1.1.5.38756.23.1.14.11
1.1.5.38811.21.1.8.37
1.1.5.38850.30.2.8
1.1.5.38908.5.1
1.1.5.38924.5.1.2.5.5
1.1.5.38981.10.3.8
1.1.5.39112.5.1.11.18.30.5
1.1.5.39171.5.1
1.1.5.39266.17.2.8.15
1.1.5.39470.9.2.4.5
1.1.5.39478.35.1.25
1.1.5.39517.3
1.1.5.39531.5.1.6.15.31.4.27
1.1.5.39541.5.1.15
1.1.5.39631.14.3.31.6.18.7.17
1.1.5.39664.5.1.1.5
1.1.5.39773.8.1.4.5
1.1.5.39803.21.2.4
1.1.5.39829.11.1.4
1.1.5.39895.5.1.1.1.2
1.1.5.39965.5.1.3.1.9
1.1.5.39967.8.1.15.2
1.1.5.40004.11.3.4.9
1.1.5.40027.15.3.7.7.13.2.4
1.1.5.40078.5.1
1.1.5.40104.21.1.62
1.1.5.40154.43.3.27.29
1.1.5.40154.43.3.31.3
1.1.5.40162.5.1
1.1.5.40245.25.1.12
1.1.5.40275.5.1.3.1
1.1.5.40275.8.1.7
1.1.5.40433.17.2
1.1.5.40491.22.2.7.1.2.2
1.1.5.40527.5.1
1.1.5.40611.17.1.7.9
1.1.5.40642.19.1.6.1.6
1.1.5.40697.5.1.2.2.7.1
1.1.5.40731.5.1.5.16
1.1.5.40916.32.2.4.1.37
1.1.5.41056.5.1.5.3.6.7.18
1.1.5.41186.5.1.2.2.14.2.7
1.1.5.41252.13.6.6.13
1.1.5.41370.24.2
1.1.5.41388.5.1
1.1.5.41405.5.1.3.2.17
1.1.5.41469.6
1.1.5.41497.5.1.2.2.34.6.25.34
1.1.5.41521.14.1.18.14.17.2
1.1.5.41619.11.5.8.3.28
1.1.5.41621.15.2.11
1.1.5.41638.17.1.5.26
1.1.5.41645.13.1.19.7.13.7
1.1.5.41668.5.1.1
1.1.5.41672.3
1.1.5.41709.16
1.1.5.41792.20.1.23
1.1.5.41866.5.1.1
1.1.5.41886.5.1.4.1.3
1.1.5.41939.5.1.6
1.1.5.42096.5.1.2.3
1.1.5.42185.36.2
1.1.5.42214.5.1.1.1.6
1.1.5.42235.10.1.6.10
1.1.5.42304.32.2.8.10
1.1.5.42347.5.1.7.3
1.1.5.42369.5.1.3.1.4.2.6
1.1.5.42383.5.1.4.1.1.4
1.1.5.42420.17.2.9.1.16
1.1.5.42452.20.3
1.1.5.42552.5.1.3.3.14.1.1
1.1.5.42599.8.4.4
1.1.5.42625.14.2.16.2
1.1.5.42626.23.2.6.5.7.1
1.1.5.42645.5.1.4.1.14.1
1.1.5.42679.33.1.19.14.13
1.1.5.42686.17.1.6.1.22
1.1.5.42698.31.2.12.3
1.1.5.42711.5.1.13.3.5.3
1.1.5.42716.26.2.49.3
1.1.5.42827.14.2.11.8.18
1.1.5.42858.20.3.11.5.4
1.1.5.42945.5.1
1.1.5.42956.5.1.1.3.7.3
1.1.5.43073.11.4.4.8
1.1.5.43108.17.2.11.1.2.1.8
1.1.5.43245.30.2.4
1.1.5.43279.8.1.4.1
1.1.5.43283.5.1.8.1.1.1
1.1.5.43287.23.2.4.3
1.1.5.43397.9.2.4.10.2
1.1.5.43401.5.1.4.4
1.1.5.43621.25.2.15.11
1.1.5.43639.9.3.4.5
1.1.5.43652.42
1.1.5.43664.5.1.1.1.28.3
1.1.5.43758.5.1.1
1.1.5.43863.5.1.7.2.7.3
1.1.5.43891.17.2.5.2.4
1.1.5.43932.18.2.7.2.8.1
1.1.5.43977.10.1.9
1.1.5.44111.5.1.13.1
1.1.5.44117.23.1.14.11
1.1.5.44167.5.1.10.1.4
1.1.5.44170.6
1.1.5.44175.5.1
1.1.5.44179.5.1.6
1.1.5.44454.5.1.11.18.30.5
1.1.5.44556.5.1.1.6
1.1.5.44741.3
1.1.5.44783.9.2.4.5
1.1.5.44791.35.1.25
1.1.5.44850.5.1
1.1.5.44910.5.1.3.1.9.2
1.1.5.44938.5.1.2
1.1.5.44942.27.1.8
1.1.5.44976.9.3.14.6
1.1.5.45085.8.1.4.5
1.1.5.45216.5.1.1.1.2
1.1.5.45285.5.1.13.1.21.1.21
1.1.5.45285.11.2.8
1.1.5.45341.15.3.7.7.13.2.4
1.1.5.45390.5.1
1.1.5.45417.21.1.62
1.1.5.45467.43.3.27.29
1.1.5.45475.5.1
1.1.5.45535.5.1.1.1.10.1
1.1.5.45574.14.7.12
1.1.5.45582.5.1.7.5.16.4.28.7
1.1.5.45617.24.3.7.1
1.1.5.45680.5.1.1.3.33
1.1.5.45769.17.2
1.1.5.45888.13
1.1.5.45927.5.1.6.17.12.1
1.1.5.45964.30.1.4.5
1.1.5.45978.12.1.6.9
1.1.5.46017.5.1.2.2.7.1
1.1.5.46142.5.1
1.1.5.46233.21.2.34.1.3.6.14.3
1.1.5.46365.5.1.3
1.1.5.46399.16.3.6.6.7
1.1.5.46522.5.1.12
1.1.5.46566.5.1.7.5.12.6.18
1.1.5.46708.23.5.6.3
1.1.5.46792.6
1.1.5.46825.11.2.4.1
1.1.5.46842.15.2.9.1.28
1.1.5.46846.18.2.8.3
1.1.5.46950.11.5.8.3.28
1.1.5.46952.15.2.11
1.1.5.46969.17.1.5.26
1.1.5.46976.13.1.19.7.13.7
1.1.5.46999.5.1.1
1.1.5.47003.3
1.1.5.47040.16
1.1.5.47123.22.2.21
1.1.5.47220.8.1.4.24
1.1.5.47283.10.1.19.13
1.1.5.47381.5.1.6
1.1.5.47568.14.1.6.4
1.1.5.47583.5.1.9
1.1.5.47658.11
1.1.5.47707.5.1.7.3
1.1.5.47731.22.2.7
1.1.5.47745.31.3.5.2.14.1.6
1.1.5.47757.22.4.6.1.2.3
1.1.5.47788.13.1.7.6.11.3.8
1.1.5.47812.5.1.8.4.11
1.1.5.47970.8.4.4
1.1.5.47996.14.2.16.2
1.1.5.47997.23.2.6.5.7.1
1.1.5.48016.5.1.4.1.14.1
1.1.5.48050.33.1.19.14.13
1.1.5.48057.17.1.6.1.22
1.1.5.48069.31.2.12.3
1.1.5.48082.5.1.13.3.5.3
1.1.5.48135.5.1.5.2.13.5.14
1.1.5.48135.5.1.6.3.16.1
1.1.5.48159.31.2.15.1.1
1.1.5.48162.5.1.29.1.1
1.1.5.48189.11.1.5.3
1.1.5.48262.5.1
1.1.5.48273.5.1.1.3.7.3
1.1.5.48400.14.1.4.21
1.1.5.48411.11.4.4.8
1.1.5.48443.27.2.18.1.2.1.3
1.1.5.48461.30.2.15.16
1.1.5.48509.11.1.4
1.1.5.48617.8.1.4.1
1.1.5.48659.11.1.7.1
1.1.5.48675.9.1.4
1.1.5.48733.18.6.10.1.14.5
1.1.5.48981.8.2.10.8
1.1.5.48998.10.4.12
1.1.5.48999.12.1.5.4
1.1.5.49020.5.1.29.1
1.1.5.49114.5.1.1
1.1.5.49218.5.1.7.2.7.3
1.1.5.49234.25.1.4.3
1.1.5.49271.18.2.7.2.8.1
1.1.5.49312.10.1.9
1.1.5.49354.18.2.5.9
1.1.5.49442.5.1.13.1
1.1.5.49448.23.1.14.11
1.1.5.49505.5.1.10.1.4
1.1.5.49508.6
1.1.5.49513.5.1
1.1.5.49517.5.1.6
1.1.5.49661.23.3.8
1.1.5.49797.5.1.11.18.35.5
1.1.5.49859.5.1.10.1
1.1.5.50164.9.2.4.5
1.1.5.50172.35.1.25
1.1.5.50211.3
1.1.5.50225.5.1.6.15.31.4.27
1.1.5.50235.5.1.15
1.1.5.50300.5.1.3.1.9.2
1.1.5.50328.5.1.2
1.1.5.50332.27.1.8
1.1.5.50366.9.3.14.6
1.1.5.50465.16.2.5.4.8
1.1.5.50494.3
1.1.5.50595.5.1.2
1.1.5.50653.5.1.3.1.9
1.1.5.50655.8.1.15.2
1.1.5.50706.15.3.7.7.13.2.4
1.1.5.50784.21.1.62
1.1.5.50833.43.3.27.29
1.1.5.50833.43.3.31.3
1.1.5.50841.5.1
1.1.5.50885.25.3.4
1.1.5.50924.25.1.12
1.1.5.50955.24.2.25
1.1.5.50963.5.1.7.5.9.15.21.30
1.1.5.50998.24.3.7.1
1.1.5.51051.5.1.1.3.33
1.1.5.51140.17.2
1.1.5.51186.5.1.2.1.29.3
1.1.5.51196.58.2
1.1.5.51329.10.1.6.1
1.1.5.51346.12.1.7
1.1.5.51388.5.1.2.2.7.1
1.1.5.51522.14.3.5.14
1.1.5.51529.5.1
1.1.5.51618.21.2.34.1.3.6.14.3
1.1.5.51679.5.1.4.1
1.1.5.51770.5.1.5.3.6.7.18
1.1.5.51899.5.1
1.1.5.51905.22.2.5.6.14
1.1.5.51925.5.1
1.1.5.51971.13.6.6.13
1.1.5.52008.14.2.9.1.2.8.41
1.1.5.52100.23.2.22.5
1.1.5.52114.9.1.13
1.1.5.52135.5.1.3.2.17
1.1.5.52208.6
1.1.5.52236.5.1.2.2.34.6.25.11
1.1.5.52374.5.1.4.3
1.1.5.52378.15.2.25
1.1.5.52395.17.1.5.26
1.1.5.52402.13.1.19.7.13.6
1.1.5.52438.9.2.4.1
1.1.5.52451.13.4.5.4.20
1.1.5.52629.11
1.1.5.52652.10.3.23
1.1.5.52675.18.2.8.1.13.1
1.1.5.52714.5.1.6
1.1.5.52879.5.1.2.3
1.1.5.52997.9.2.10.5
1.1.5.53013.5.1.9
1.1.5.53080.32.2.8.10
1.1.5.53124.5.1.7.3
1.1.5.53148.22.2.7
1.1.5.53162.31.3.5.2.14.1.6
1.1.5.53212.14.2.9.1.7
1.1.5.53241.20.3
1.1.5.53390.8.4.4
1.1.5.53424.5.1.1.1.4.6
1.1.5.53437.5.1.4.1.30.1
1.1.5.53471.33.1.19.14.13
1.1.5.53478.17.1.6.1.22
1.1.5.53490.31.2.12.3
1.1.5.53503.5.1.13.3.5.3
1.1.5.53599.5.1.14.3.1
1.1.5.53630.20.3.11.5.4
1.1.5.53717.5.1
1.1.5.53728.5.1.1.3.7.3
1.1.5.53804.10.3.4
1.1.5.53834.14.1.4.21
1.1.5.53845.11.4.4.8
1.1.5.53883.13.1.4.9
1.1.5.53908.30.2.15.16
1.1.5.53960.10.1.4.13
1.1.5.54072.8.1.4.1
1.1.5.54076.5.1.8.1.1.1
1.1.5.54080.23.2.4.3
1.1.5.54122.11.1.7.1
1.1.5.54190.5.1.2.2.10.7.15
1.1.5.54193.35.2.20.2.20.2
1.1.5.54463.10.4.12
1.1.5.54464.12.1.5.4
1.1.5.54485.5.1.29.1
1.1.5.54505.19.1.8.10
1.1.5.54562.5.1.18.19.4.2
1.1.5.54697.17.2.5.2.4
1.1.5.54738.18.2.7.2.8.1
1.1.5.54783.10.1.9
1.1.5.54828.32.2.21.18
1.1.5.54911.5.1.13.1
1.1.5.54917.23.1.14.11
1.1.5.54981.21.1.8.30
1.1.5.55020.30.2.8
1.1.5.55089.5.1.3.1.13.6.18
1.1.5.55138.10.3.8
1.1.5.55260.37.2.24.18.27.11
1.1.5.55318.5.1.10.1
1.1.5.55407.17.2.8.15
1.1.5.55541.5.1.2.10
1.1.5.55597.9.2.4.5
1.1.5.55605.35.1.25
1.1.5.55644.3
1.1.5.55671.5.1.15
1.1.5.55761.14.3.31.6.18.7.17
1.1.5.55794.5.1.1.5
1.1.5.55868.9.1.4
1.1.5.55880.5.1.16.1.9.2
1.1.5.55900.5.1.1.13.19
1.1.5.56034.5.1.2
1.1.5.56094.31.2.23.8.10
1.1.5.56097.9.1.5.1
1.1.5.56137.11.3.4.19
1.1.5.56160.15.3.7.7.13.2.4
1.1.5.56209.5.1
1.1.5.56235.21.1.62
1.1.5.56282.43.3.27.29
1.1.5.56290.5.1
1.1.5.56334.25.3.4
1.1.5.56402.10.2.4.22
1.1.5.56408.65.3.6.11
1.1.5.56716.13
1.1.5.56754.5.1.18.17.12.1
1.1.5.56791.9.1.4.4
1.1.5.56806.17.1.4
1.1.5.56844.12.3.4.1
1.1.5.57047.6
1.1.5.57099.32.2.4.1.30
1.1.5.57119.6
1.1.5.57160.5.1.4.1
1.1.5.57165.27.3.5.13
1.1.5.57166.5.1
1.1.5.57236.5.1.5.3.6.7.19
1.1.5.57358.5.1
1.1.5.57363.8.2.11.3
1.1.5.57365.5.1.19.1.3
1.1.5.57555.5.1
1.1.5.57572.5.1.3.2.17
1.1.5.57636.6
1.1.5.57669.11.2.4.1
1.1.5.57686.15.2.9.1.28
1.1.5.57707.6
1.1.5.57793.5.1.2.2.7
1.1.5.57803.24.2.10.6.8.3.5
1.1.5.57870.16
1.1.5.57921.64
1.1.5.57947.22.2.21
1.1.5.58103.5.1.6
1.1.5.58209.5.1.6
1.1.5.58374.5.1.17.8.16
1.1.5.58399.5.1.8.1.5.2.4
1.1.5.58412.5.1.9
1.1.5.58465.8.2.4.4
1.1.5.58488.32.2.8.10
1.1.5.58584.5.1.4.1.1.2
1.1.5.58602.5.1.1.1.8
1.1.5.58633.14.2.9.1.7
1.1.5.58660.20.3
1.1.5.58808.8.4.4
1.1.5.58834.14.2.16.2
1.1.5.58835.23.2.6.5.7.1
1.1.5.58854.5.1.4.1.14.1
1.1.5.58887.24.1.13.9
1.1.5.58909.5.1.1.1.6.2
1.1.5.58930.5.1.36.8
1.1.5.58975.15.2.7.5
1.1.5.59023.5.1.14.3.1
1.1.5.59055.11.1.5.3
1.1.5.59136.28.3.31.43
1.1.5.59262.11.4.4.8
1.1.5.59297.17.2.11.1.2.1.8
1.1.5.59315.30.2.15.16
1.1.5.59378.19.4.4.1
1.1.5.59484.8.1.4.1
1.1.5.59488.5.1.8.1.1.1
1.1.5.59492.23.2.4.3
1.1.5.59528.11.1.7.1
1.1.5.59544.9.1.4
1.1.5.59593.5.1.8.12
1.1.5.59642.13.1.5
1.1.5.59827.5.1.8
1.1.5.59846.10.4.12
1.1.5.59847.8.1.4.4
1.1.5.59869.5.1.29.1
1.1.5.59889.19.1.8.10
1.1.5.60056.5.1.7.2.7.3
1.1.5.60072.25.1.4.3
1.1.5.60109.18.2.7.2.8.1
1.1.5.60264.5.1.13.1
1.1.5.60270.23.1.14.11
1.1.5.60326.5.1.10.1.4
1.1.5.60329.6
1.1.5.60334.5.1
1.1.5.60338.5.1.6
1.1.5.60482.23.3.8
1.1.5.60610.13.3.5.5
1.1.5.60679.5.1.10.1
1.1.5.60959.9.2.4.5
1.1.5.60967.35.1.25
1.1.5.61001.3
1.1.5.61015.5.1.6.15.31.4.27
1.1.5.61025.5.1.15
1.1.5.61097.5.1.3.1.9.2
1.1.5.61125.5.1.2
1.1.5.61129.27.1.8
1.1.5.61163.9.3.14.6
1.1.5.61272.13.3.5
1.1.5.61406.5.1.2
1.1.5.61466.31.2.23.8.10
1.1.5.61469.9.1.5.1
1.1.5.61509.11.3.4.19
1.1.5.61532.15.3.7.7.13.2.4
1.1.5.61608.21.1.62
1.1.5.61658.43.3.27.29
1.1.5.61666.5.1
1.1.5.61723.27.2.25.9.11.2
1.1.5.61784.14.7.12
1.1.5.61792.5.1.7.5.16.4.14.24
1.1.5.61827.24.3.7.1
1.1.5.61966.38.3.12.9.11.4
1.1.5.61966.38.3.12.9.12.1
1.1.5.62024.22.2.7.1.2.2
1.1.5.62166.10.1.6.1
1.1.5.62183.12.1.7
1.1.5.62360.5.1
1.1.5.62447.21.2.34.1.3.6.14.3
1.1.5.62587.5.1.5.3.6.7.18
1.1.5.62717.9.2.15.12
1.1.5.62720.5.1.23.20.35.10.56
1.1.5.62772.27.1.8.2
1.1.5.62827.14.2.9.1.2.8.41
1.1.5.62902.5.1
1.1.5.62924.5.1
1.1.5.62941.5.1.3.2.17
1.1.5.63011.6
1.1.5.63044.11.2.4.1
1.1.5.63061.15.2.9.1.28
1.1.5.63176.5.1.2.2.7
1.1.5.63186.24.2.10.6.8.3.5
1.1.5.63254.16
1.1.5.63340.22.2.21
1.1.5.63497.10.1.19.13
1.1.5.63656.5.1.2.3
1.1.5.63746.36.2
1.1.5.63775.19.2.5.6.4
1.1.5.63796.10.1.6.10
1.1.5.63828.33.3.57.21
1.1.5.63888.5.1.2.5.5
1.1.5.63933.5.1.7.3
1.1.5.63957.22.2.7
1.1.5.63971.31.3.5.2.14.1.6
1.1.5.64009.13.1.7.6.11.3.8
1.1.5.64033.22.1.19.4
1.1.5.64041.20.3
1.1.5.64165.3
1.1.5.64220.5.1.4.1.25.1
1.1.5.64254.33.1.19.14.13
1.1.5.64261.17.1.6.1.22
1.1.5.64273.31.2.12.3
1.1.5.64286.5.1.13.3.5.3
1.1.5.64291.26.2.49.3
1.1.5.64404.11.1.4.1
1.1.5.64434.20.3.11.5.4
1.1.5.64521.5.1
1.1.5.64532.5.1.1.3.7.3
1.1.5.64625.12
1.1.5.64648.11.4.4.8
1.1.5.64682.5.1.2.1.7
1.1.5.64754.11.1.4
1.1.5.64861.8.1.4.1
1.1.5.64905.5.1.1
1.1.5.64920.9.1.4
1.1.5.64979.14.2.10.2.19.5
1.1.5.65028.13.1.5
1.1.5.65140.13.3.8
1.1.5.65208.5.1.8
1.1.5.65227.10.4.12
1.1.5.65228.8.1.4.4
1.1.5.65238.42
1.1.5.65248.5.1.20.1
1.1.5.65268.19.1.8.10
1.1.5.65325.5.1.18.19.4.2
1.1.5.65430.5.1.7.2.7.3
1.1.5.65460.17.2.5.5.5
1.1.5.65501.18.2.7.2.8.1
1.1.5.65564.5.1
1.1.5.65592.5.1.2
1.1.5.65667.5.1.13.1
1.1.5.65673.23.1.14.11
1.1.5.65716.21.1.8.45
1.1.5.65755.30.2.8
1.1.5.65824.5.1.2.5.5
1.1.5.65881.10.3.8
1.1.5.66012.5.1.11.18.30.5
1.1.5.66071.5.1.1.1
1.1.5.66408.9.2.4.5
1.1.5.66432.29.2.8
1.1.5.66476.5.1.15
1.1.5.66539.5.1.3.1.9.2
1.1.5.66567.5.1.2
1.1.5.66571.27.1.8
1.1.5.66605.9.3.14.6
1.1.5.66681.9.1.4
1.1.5.66693.5.1.16.1.9.2
1.1.5.66709.19.4.16.1.9
1.1.5.66742.21.2.4
1.1.5.66846.5.1.1.1.2
1.1.5.66915.5.1.13.1.21.1.21
1.1.5.66915.11.2.8
1.1.5.66968.15.3.7.7.13.2.4
1.1.5.67017.5.1
1.1.5.67043.21.1.62
1.1.5.67090.43.3.27.29
1.1.5.67098.5.1
1.1.5.67142.25.3.4
1.1.5.67217.14.7.12
1.1.5.67225.5.1.7.5.16.4.22.56
1.1.5.67260.24.3.7.1
1.1.5.67289.5.1.2.2
1.1.5.67456.22.2.7.1.2.2
1.1.5.67492.5.1
1.1.5.67613.17.1.4
1.1.5.67651.12.3.4.1
1.1.5.67896.21.2.34.1.3.6.14.3
1.1.5.67946.5.1.4.1
1.1.5.67951.27.3.5.13
1.1.5.67952.5.1
1.1.5.68033.5.1.5.3.6.7.18
1.1.5.68166.5.1
1.1.5.68171.8.2.11.3
1.1.5.68173.5.1.19.1.3
1.1.5.68278.22.1.14.4
1.1.5.68355.5.1.4.1.2.1.26.36
1.1.5.68381.24.2
1.1.5.68399.5.1
1.1.5.68416.5.1.3.2.17
1.1.5.68480.6
1.1.5.68647.5.1.2.2.7
1.1.5.68657.24.2.10.6.8.3.5
1.1.5.68688.5.1.11.2.3.3.21
1.1.5.68690.14.2.9.2.2
1.1.5.68722.16
1.1.5.68782.64
1.1.5.68808.22.2.21
1.1.5.68906.8.1.4.26
1.1.5.68961.5.1.6
1.1.5.68984.5.1.2.1.1
1.1.5.69255.9.2.10.5
1.1.5.69271.5.1.9
1.1.5.69338.28.2.16.16.17.2.29
1.1.5.69382.5.1.7.3
1.1.5.69404.5.1.3.1.4.2.6
1.1.5.69418.5.1.4.1.1.4
1.1.5.69455.17.2.9.1.16
1.1.5.69481.22.1.19.4
1.1.5.69489.20.3
1.1.5.69638.8.4.4
1.1.5.69664.14.2.16.2
1.1.5.69665.23.2.6.5.7.1
1.1.5.69684.5.1.4.1.14.1
1.1.5.69718.33.1.19.14.13
1.1.5.69725.17.1.6.1.22
1.1.5.69737.31.2.12.3
1.1.5.69750.5.1.13.3.5.3
1.1.5.69803.15.2.7.5
1.1.5.69851.14.2.11.8.18
1.1.5.69882.20.3.11.5.4
1.1.5.69979.10.1.4.6.16
1.1.5.70100.11.4.4.8
1.1.5.70135.27.2.18.1.2.1.8
1.1.5.70207.19.4.4.1
1.1.5.70282.30.2.4
1.1.5.70316.8.1.4.1
1.1.5.70360.5.1.1
1.1.5.70432.5.1.2.2.10.7.15
1.1.5.70435.35.2.20.2.20.2
1.1.5.70665.8.2.10.8
1.1.5.70683.10.4.12
1.1.5.70684.12.1.5.4
1.1.5.70705.5.1.29.1
1.1.5.70790.5.1.1
1.1.5.70959.18.2.7.2.8.1
1.1.5.71004.10.1.9
1.1.5.71046.18.2.5.9
1.1.5.71127.5.1.13.1
1.1.5.71133.23.1.14.11
1.1.5.71158.5.1.1.1
1.1.5.71189.11.1.4.1
1.1.5.71230.30.2.8
1.1.5.71258.22.2.20
1.1.5.71353.23.3.8
1.1.5.71478.37.2.24.22.33.11
1.1.5.71531.5.1.1.1
1.1.5.71587.5.1.2.4.4.1.1
1.1.5.71591.8.2.4
1.1.5.71784.5.1.2.10
1.1.5.71833.18.1.13.21
1.1.5.71902.5.1.15
1.1.5.71962.5.1.3.1.9.2
1.1.5.71990.5.1.2
1.1.5.71994.27.1.8
1.1.5.72028.9.3.14.6
1.1.5.72136.5.1.1.8.10
1.1.5.72166.21.2.4
1.1.5.72293.5.1.1.1.1.1
1.1.5.72324.5.1.13.1.48.1.8
1.1.5.72324.11.2.8
1.1.5.72378.15.3.7.7.13.2.4
1.1.5.72427.5.1
1.1.5.72453.21.1.62
1.1.5.72472.14.3.12.9.3
1.1.5.72498.43.3.27.29
1.1.5.72506.5.1
1.1.5.72617.14.7.12
1.1.5.72625.5.1.7.5.16.4.31.24
1.1.5.72660.24.3.7.1
1.1.5.72688.10.2.4
1.1.5.72715.5.1.1.3.27
1.1.5.72947.13
1.1.5.72993.17.1.7.9
1.1.5.73031.10.1.6.1
1.1.5.73089.5.1.2.2.7.1
1.1.5.73267.9.2.13
1.1.5.73326.21.2.34.1.3.6.14.3
1.1.5.73462.5.1.5.3.6.7.18
1.1.5.73586.5.1
1.1.5.73589.13.1.7.6
1.1.5.73775.5.1
1.1.5.73798.5.1
1.1.5.73815.5.1.3.2.17
1.1.5.73879.6
1.1.5.74047.8.2.11.12.4
1.1.5.74054.31.4.7
1.1.5.74068.5.1.2.11.10
1.1.5.74138.16
1.1.5.74199.64
1.1.5.74225.22.2.21
1.1.5.74321.10.3.23
1.1.5.74374.10.1.19.13
1.1.5.74468.5.1.6
1.1.5.74655.5.1.8.1.5.2.4
1.1.5.74668.5.1.9
1.1.5.74745.28.2.16.16.17.2.25
1.1.5.74789.5.1.7.3
1.1.5.74813.22.2.7
1.1.5.74827.31.3.5.2.14.1.6
1.1.5.74839.22.4.6.1.2.3
1.1.5.74866.14.2.9.1.7
1.1.5.74893.20.3
1.1.5.75051.29.4
1.1.5.75092.5.1.4.1.25.1
1.1.5.75125.18.2.14
1.1.5.75150.5.1.1.1.6.2
1.1.5.75171.5.1.36.8
1.1.5.75216.15.2.7.5
1.1.5.75264.5.1.14.3.1
1.1.5.75296.11.1.5.3
1.1.5.75363.5.1
1.1.5.75374.5.1.1.3.7.3
1.1.5.75506.11.4.4.8
1.1.5.75540.5.1.2.1.7
1.1.5.75683.30.2.4
1.1.5.75720.8.1.4.1
1.1.5.75724.5.1.8.1.1.1
1.1.5.75728.23.2.4.3
1.1.5.75758.5.1.1.1.19
1.1.5.75769.11.1.18
1.1.5.75772.13.4
1.1.5.75828.5.1.2.2.10.7.15
1.1.5.75832.9.2.4.6.12
1.1.5.75836.5.1.4.4
1.1.5.76062.5.1.4.3.10.2
1.1.5.76077.16.1.5.3
1.1.5.76112.19.1.8.10
1.1.5.76177.5.1.1
1.1.5.76282.5.1.7.2.7.3
1.1.5.76300.15.1.4.4
1.1.5.76337.18.2.7.2.8.1
1.1.5.76425.5.1.2
1.1.5.76500.5.1.13.1
1.1.5.76506.23.1.14.11
1.1.5.76531.5.1.1.1
1.1.5.76562.11.1.4.1
1.1.5.76603.30.2.8
1.1.5.76672.5.1.3.1.13.6.18
1.1.5.76721.10.3.8
1.1.5.76851.5.1.10.1.1
1.1.5.76852.17.2.11.5
1.1.5.76902.5.1.1.1
1.1.5.77178.5.1.2.10
1.1.5.77234.9.2.4.5
1.1.5.77242.35.1.25
1.1.5.77302.5.1.15
1.1.5.77367.5.1.3.1.9.2
1.1.5.77395.5.1.2
1.1.5.77399.27.1.8
1.1.5.77433.9.3.14.6
1.1.5.77509.9.1.4
1.1.5.77521.5.1.16.1.9.2
1.1.5.77541.5.1.7
1.1.5.77563.3
1.1.5.77651.5.1.1.1.2
1.1.5.77720.5.1.13.1.21.1.21
1.1.5.77720.11.2.8
1.1.5.77826.5.1
1.1.5.77852.21.1.62
1.1.5.77899.43.3.27.29
1.1.5.77899.43.3.31.3
1.1.5.77907.5.1
1.1.5.77967.5.1.1.1.10.1
1.1.5.78007.14.7.12
1.1.5.78015.5.1.7.5.16.4.16.3
1.1.5.78050.24.3.7.1
1.1.5.78081.3
1.1.5.78082.10.1.4
1.1.5.78196.17.2
1.1.5.78266.22.2.7.1.2.2
1.1.5.78337.13
1.1.5.78382.17.1.7.9
1.1.5.78430.17.1.4
1.1.5.78605.5.1
1.1.5.78713.32.2.4.1.37
1.1.5.78772.5.1.13.26
1.1.5.78864.5.1.3
1.1.5.78898.16.3.6.6.7
1.1.5.79012.5.1
1.1.5.79015.13.1.7.6
1.1.5.79226.23.5.6.3
1.1.5.79310.6
1.1.5.79338.5.1.2.2.34.6.25.16
1.1.5.79356.15.2.9.1.22
1.1.5.79380.6
1.1.5.79468.5.1.2.2.7
1.1.5.79478.24.2.10.6.8.3.5
1.1.5.79509.5.1.11.2.3.3.21
1.1.5.79511.14.2.9.2.2
1.1.5.79526.5.1
1.1.5.79553.16
1.1.5.79638.20.1.23
1.1.5.79788.5.1.6
1.1.5.79894.5.1.6
1.1.5.80063.5.1.19.1.3
1.1.5.80082.14.1.7.2
1.1.5.80097.5.1.9
1.1.5.80127.22.4
1.1.5.80191.5.1.2.5.5
1.1.5.80268.5.1.2.5.9
1.1.5.80292.49.3.5.2.24.1.5
1.1.5.80338.13.1.7.6.11.3.8
1.1.5.80371.20.3
1.1.5.80520.8.4.4
1.1.5.80546.14.2.16.2
1.1.5.80547.23.2.6.5.7.1
1.1.5.80566.5.1.4.1.14.1
1.1.5.80600.33.1.19.14.13
1.1.5.80607.17.1.6.1.22
1.1.5.80619.31.2.12.3
1.1.5.80632.5.1.13.3.5.3
1.1.5.80637.26.2.49.3
1.1.5.80733.5.1.14.3.1
1.1.5.80765.11.1.5.3
1.1.5.80832.5.1
1.1.5.80843.5.1.1.3.7.3
1.1.5.80913.10.3.4
1.1.5.80946.11.4.4.8
1.1.5.80981.17.2.11.1.2.1.8
1.1.5.80999.30.2.15.16
1.1.5.81050.11.1.4
1.1.5.81114.30.2.4
1.1.5.81152.8.1.4.1
1.1.5.81194.11.1.7.1
1.1.5.81210.9.1.4
1.1.5.81268.16.2.33.1
1.1.5.81271.5.1.15.10
1.1.5.81323.13.1.5
1.1.5.81527.5.1.18.1.4
1.1.5.81535.26
1.1.5.81545.5.1.20.1
1.1.5.81565.19.1.8.10
1.1.5.81623.5.1.5.8.8.1
1.1.5.81728.5.1.7.2.7.3
1.1.5.81746.15.1.4.4
1.1.5.81783.18.2.7.2.8.1
1.1.5.81869.5.1
1.1.5.81952.5.1.13.1
1.1.5.81958.23.1.14.11
1.1.5.82017.21.1.8.30
1.1.5.82056.30.2.8
1.1.5.82311.5.1.11.18.30.5
1.1.5.82348.16.1
1.1.5.82363.5.1.1.1
1.1.5.82388.5.1.10.1
1.1.5.82663.9.2.4.5
1.1.5.82671.35.1.25
1.1.5.82807.5.1.2
1.1.5.82811.27.1.8
1.1.5.82845.9.3.14.6
1.1.5.82958.16.2.6.4.19.1.46
1.1.5.83097.5.1.2
1.1.5.83158.13.5.4.15
1.1.5.83162.31.1
1.1.5.83218.11.1.4.10
1.1.5.83312.15.2.25.6.5.2.6
1.1.5.83343.5.1.23.1.1.12
1.1.5.83387.27.2.25.9.11.2
1.1.5.83453.14.7.12
1.1.5.83461.5.1.7.5.16.4.39.29
1.1.5.83496.24.3.7.1
1.1.5.83519.5.1.2.2.4.3
1.1.5.83698.22.2.7.1.2.2
1.1.5.83823.17.1.7.9
1.1.5.83854.19.1.6.1.6
1.1.5.83912.5.1.2.2.7.1
1.1.5.84091.9.2.13
1.1.5.84144.21.2.34.1.3.6.14.3
1.1.5.84260.17.1.4.14
1.1.5.84266.13.2.12.6
1.1.5.84389.5.1.5.2
1.1.5.84398.8.2.11.3
1.1.5.84400.5.1.19.1.3
1.1.5.84456.27.1.8.2
1.1.5.84608.24.2
1.1.5.84626.5.1
1.1.5.84643.5.1.3.2.17
1.1.5.84707.6
1.1.5.84730.5.1.2.2.16.6.23.65
1.1.5.84859.5.1.4.3
1.1.5.84863.15.2.25
1.1.5.84880.17.1.5.26
1.1.5.84887.13.1.19.7.13.6
1.1.5.84910.5.1.1
1.1.5.84914.3
1.1.5.84953.16
1.1.5.85119.10.3.23
1.1.5.85142.18.2.8.1.12.1
1.1.5.85182.5.1.6
1.1.5.85448.5.1.2
1.1.5.85467.10.1.6.10
1.1.5.85552.43.2.8.3
1.1.5.85594.5.1.7.3
1.1.5.85618.22.2.7
1.1.5.85632.31.3.5.2.14.1.6
1.1.5.85679.14.2.9.1.7
1.1.5.85706.20.3
1.1.5.85864.29.4
1.1.5.85901.5.1.1.1.4.4
1.1.5.85914.5.1.4.1.30.1
1.1.5.85947.18.2.14
1.1.5.85972.5.1.1.1.6.2
1.1.5.85993.5.1.36.8
1.1.5.86047.15.2.7.5
1.1.5.86095.5.1.14.3.1
1.1.5.86127.11.1.5.3
1.1.5.86200.5.1
1.1.5.86211.5.1.1.3.7.3
1.1.5.86337.11.4.4.8
1.1.5.86372.27.2.18.1.2.1.8
1.1.5.86551.8.1.4.1
1.1.5.86555.5.1.8.1.1.1
1.1.5.86559.23.2.4.3
1.1.5.86599.11.1.7.1
1.1.5.86615.9.1.4
1.1.5.86645.5.1.3.1.2.1
1.1.5.86674.26.2.16.2.13.1
1.1.5.86723.13.1.5
1.1.5.86902.5.1.8
1.1.5.86922.10.4.12
1.1.5.86923.8.1.4.4
1.1.5.86945.5.1.29.1
1.1.5.86965.19.1.8.10
1.1.5.87130.5.1.7.2.7.3
1.1.5.87158.17.2.5.2.4
1.1.5.87199.18.2.7.2.8.1
1.1.5.87276.32.2.21.18
1.1.5.87351.5.1.13.1
1.1.5.87357.23.1.14.11
1.1.5.87382.5.1.1.1
1.1.5.87413.11.1.4.1
1.1.5.87454.30.2.8
1.1.5.87528.5.1.3
1.1.5.87581.23.3.8
1.1.5.87716.13.3.5.4
1.1.5.87771.5.1.10.1
1.1.5.87998.5.1.2.10
1.1.5.88054.9.2.4.5
1.1.5.88115.5.1.15
1.1.5.88190.5.1.3.1.9.2
1.1.5.88218.5.1.2
1.1.5.88222.27.1.8
1.1.5.88256.9.3.14.6
1.1.5.88365.13.3.5
1.1.5.88510.5.1.1.1.1.1
1.1.5.88550.13.5.4.15
1.1.5.88554.31.1
1.1.5.88605.15.3.7.7.13.2.4
1.1.5.88654.5.1
1.1.5.88700.10.3.28.6
1.1.5.88728.43.3.27.29
1.1.5.88728.43.3.31.3
1.1.5.88736.5.1
1.1.5.88796.5.1.1.1.10.1
1.1.5.88835.14.7.12
1.1.5.88843.5.1.7.5.16.4.28.7
1.1.5.88878.24.3.7.1
1.1.5.88905.3
1.1.5.88906.10.1.4
1.1.5.88932.5.1.1.3.31
1.1.5.89066.5.1.2.1.5.3
1.1.5.89239.17.1.4
1.1.5.89287.5.1.2.2.7.1
1.1.5.89530.32.2.4.1.37
1.1.5.89589.5.1.13.26
1.1.5.89658.5.1.3
1.1.5.89692.16.3.6.6.7
1.1.5.89819.5.1.2.2.14.2.7
1.1.5.89877.27.1.8.2
1.1.5.90014.24.2
1.1.5.90032.5.1
1.1.5.90049.5.1.3.2.17
1.1.5.90113.6
1.1.5.90141.5.1.2.2.32.6.25.5
1.1.5.90159.15.2.9.1.22
1.1.5.90183.6
1.1.5.90268.5.1.23.2
1.1.5.90280.5.1.2.11.10
1.1.5.90350.16
1.1.5.90426.20.1.23
1.1.5.90500.5.1.1
1.1.5.90520.5.1.4.1.3
1.1.5.90574.5.1.6
1.1.5.90844.5.1.17
1.1.5.90854.5.1.9.6.13
1.1.5.90877.10.1.6.10
1.1.5.90909.22.4
1.1.5.90970.43.2.8.3
1.1.5.91011.5.1.7.3
1.1.5.91035.22.2.7
1.1.5.91049.31.3.5.2.14.1.6
1.1.5.91061.22.4.6.1.2.3
1.1.5.91087.17.2.9.1.16
1.1.5.91119.20.3
1.1.5.91262.3
1.1.5.91270.8.4.4
1.1.5.91296.14.2.16.2
1.1.5.91297.23.2.6.5.7.1
1.1.5.91316.5.1.4.1.14.1
1.1.5.91350.33.1.19.14.13
1.1.5.91357.17.1.6.1.22
1.1.5.91369.31.2.12.3
1.1.5.91382.5.1.13.3.5.3
1.1.5.91387.26.2.49.3
1.1.5.91494.31.2.15.1.1
1.1.5.91497.5.1.29.1.1
1.1.5.91538.20.3.11.5.4
1.1.5.91631.5.1
1.1.5.91642.5.1.1.3.7.3
1.1.5.91769.14.1.4.21
1.1.5.91780.11.4.4.8
1.1.5.91817.5.1.2.1.7
1.1.5.92006.8.1.4.1
1.1.5.92050.5.1.1
1.1.5.92065.9.1.4
1.1.5.92115.9.2.4.11.2
1.1.5.92119.5.1.4.4
1.1.5.92354.5.1.4.3.23.8
1.1.5.92369.16.1.5.3
1.1.5.92393.5.1.29.1
1.1.5.92491.5.1.1
1.1.5.92608.18.1.9.10
1.1.5.92650.18.2.7.2.8.1
1.1.5.92695.10.1.9
1.1.5.92747.5.1.2
1.1.5.92822.5.1.13.1
1.1.5.92828.23.1.14.11
1.1.5.92853.5.1.1.1
1.1.5.92882.21.1.8.40
1.1.5.92921.30.2.8
1.1.5.92979.5.1
1.1.5.92995.5.1.3.1.13.6.21
1.1.5.93044.10.3.8
1.1.5.93181.5.1.11.18.35.5
1.1.5.93218.16.1
1.1.5.93466.5.1.4.4.14.2
1.1.5.93563.9.2.4.5
1.1.5.93632.5.1.15
1.1.5.93722.14.3.31.6.18.7.17
1.1.5.93755.5.1.1.5
1.1.5.93864.8.1.4.5
1.1.5.93894.21.2.4
1.1.5.93920.11.1.4
1.1.5.94006.5.1.2
1.1.5.94059.5.1.13.1.48.1.8
1.1.5.94059.11.2.8
1.1.5.94114.15.3.7.7.13.2.4
1.1.5.94188.21.1.62
1.1.5.94206.13.3.12
1.1.5.94298.5.1.1.1.10.1
1.1.5.94337.14.7.12
1.1.5.94345.5.1.7.5.16.4.28.7
1.1.5.94380.24.3.7.1
1.1.5.94434.5.1.1.3.54
1.1.5.94725.9.1.4.4
1.1.5.94740.17.1.4
1.1.5.95019.32.2.4.1.37
1.1.5.95078.5.1.13.26
1.1.5.95083.27.3.5.13
1.1.5.95084.5.1
1.1.5.95156.5.1.5.3.6.7.26
1.1.5.95277.5.1.5.2
1.1.5.95286.5.1.2.1.3.11.21
1.1.5.95289.14.2.7.2.10.2.26
1.1.5.95497.24.2
1.1.5.95514.9.1.14
1.1.5.95535.5.1.3.2.17
1.1.5.95599.6
1.1.5.95622.5.1.2.2.16.6.26.5
1.1.5.95649.31.2.6.8.7.11
1.1.5.95760.5.1.2.2.7
1.1.5.95770.24.2.10.6.8.3.5
1.1.5.95798.5.1.1
1.1.5.95802.3
1.1.5.95841.16
1.1.6.29.8.1.4.26
1.1.6.88.5.1.6
1.1.6.186.5.1.6
1.1.6.372.5.1.2
1.1.6.391.10.1.6.10
1.1.6.460.28.2.16.16.17.2.29
1.1.6.552.5.1.1.1.8
1.1.6.575.17.2.9.1.16
1.1.6.601.22.1.19.4
1.1.6.609.20.3
1.1.6.762.8.4.4
1.1.6.788.14.2.16.2
1.1.6.789.23.2.6.5.7.1
1.1.6.808.5.1.4.1.14.1
1.1.6.842.33.1.19.14.13
1.1.6.849.17.1.6.1.22
1.1.6.861.31.2.12.3
1.1.6.874.5.1.13.3.5.3
1.1.6.960.5.1.14.3.1
1.1.6.1004.20.3.11.5.4
1.1.6.1105.28.3.31.43
1.1.6.1175.10.3.4
1.1.6.1206.14.1.4.21
1.1.6.1217.11.4.4.8
1.1.6.1252.17.2.11.1.2.1.8
1.1.6.1443.8.1.4.1
1.1.6.1487.5.1.1
1.1.6.1502.9.1.4
1.1.6.1560.16.2.33.1
1.1.6.1563.5.1.15.10
1.1.6.1615.13.1.5
1.1.6.1803.8.2.10.8
1.1.6.1820.10.4.12
1.1.6.1821.8.1.4.4
1.1.6.1831.42
1.1.6.1843.5.1.1.1.62.5
1.1.6.2032.5.1.7.2.7.3
1.1.6.2060.17.2.5.2.4
1.1.6.2101.18.2.7.2.8.1
1.1.6.2157.5.1
1.1.6.2185.5.1.2
1.1.6.2260.5.1.13.1
1.1.6.2266.23.1.14.11
1.1.6.2291.5.1.1.1
1.1.6.2326.11.1.4.1
1.1.6.2367.30.2.8
1.1.6.2425.5.1
1.1.6.2441.5.1.3.1.13.6.21
1.1.6.2490.10.3.8
1.1.6.2629.5.1.2.2
1.1.6.2630.8.1.4.1
1.1.6.2659.16.1
1.1.6.2674.5.1.1.1
1.1.6.2732.5.1.1.6
1.1.6.2972.9.2.4.5
1.1.6.2996.29.2.8
1.1.6.3041.5.1.15
1.1.6.3106.5.1.3.1.9.2
1.1.6.3134.5.1.2
1.1.6.3138.27.1.8
1.1.6.3172.9.3.14.6
1.1.6.3282.19.1.31.9
1.1.6.3312.21.2.4
1.1.6.3403.5.1.1.1.2
1.1.6.3472.5.1.13.1.21.1.21
1.1.6.3472.11.2.8
1.1.6.3528.15.3.7.7.13.2.4
1.1.6.3577.5.1
1.1.6.3622.43.3.16.2.7.1.8
1.1.6.3654.5.1.23.1.1.12
1.1.6.3761.14.7.12
1.1.6.3769.5.1.7.5.16.4.22.27
1.1.6.3804.24.3.7.1
1.1.6.3832.5.1.2.2
1.1.6.4004.22.2.7.1.2.2
1.1.6.4040.5.1
1.1.6.4159.17.1.4
1.1.6.4196.12.3.4.1
1.1.6.4452.63.2.4.1.17
1.1.6.4473.6
1.1.6.4514.5.1.4.1
1.1.6.4609.5.1.3
1.1.6.4643.16.3.6.6.7
1.1.6.4772.22.2.5.6.4
1.1.6.4821.27.1.8.2
1.1.6.4960.5.1
1.1.6.4983.5.1
1.1.6.5000.5.1.3.2.17
1.1.6.5085.6
1.1.6.5132.14.1.18.14.17.2
1.1.6.5223.3
1.1.6.5241.5.1.23.2
1.1.6.5253.5.1.2.11.10
1.1.6.5323.16
1.1.6.5512.10.3.23
1.1.6.5582.5.1.6
1.1.6.5747.5.1.2.3
1.1.6.5862.5.1.2
1.1.6.5881.10.1.6.10
1.1.6.5958.5.1.2.5.5
1.2.48.6.3.15.1.13
1.2.62.4.2.58
1.2.122.5
1.2.132.2.1.3.2.16
1.2.135.6.3
1.2.184.8.4.22.4.9.3.2
1.2.482.12.6.9.4.3.1
1.2.506.2.1.3.3.45.1
1.2.568.8.4.11
1.2.599.6.3.18.3
1.2.624.2.1.9.2
1.2.816.2.1
1.2.819.6.3.19.1.5.3.9
1.2.924.2.1.1.1.1.3
1.2.954.1
1.2.1030.2.1.2.1
1.2.1142.4.2.8.4.16.3
1.2.1158.2.1.8
1.2.1209.4.2.10.1.8
1.2.1317.2.1.2.1
1.2.1352.4.2.16.1
1.2.1380.1
1.2.1501.10.5.27.1.15
1.2.1523.4.2.16.1.1
1.2.1595.2.1.8
1.2.1698.2.1.1.1.1.2.6.1
1.2.1704.8.4
1.2.1833.2.1.12.1
1.2.2097.6.3.10.6.22.2
1.2.2153.2.1.2.1.8
1.2.2261.6.3.23.13.26.3
1.2.2279.1
1.2.2470.2.1.6.1.15
1.2.2664.4.2
1.2.2666.2.1.13.4
1.2.2681.1
1.2.2707.8.4.27.1.1.5
1.2.2805.6.3.9
1.2.2900.2.1.2.2
1.2.3041.8.4.14
1.2.3091.2.1.1.1
1.2.3213.12.6.43.11.22
1.2.3221.9
1.2.3341.4.2.13.4.35.8.20.6
1.2.3574.2.1
1.2.3622.2.1.1.4
1.2.3796.8.4.12.5.18.7
1.2.3930.8.4.20
1.2.3934.4.2.3.3.6.3
1.2.4024.12.6.24
1.2.4046.2.1.1.1
1.2.4120.4.2.5
1.2.4142.4.2.6.3.20.6.2
1.2.4149.2.1
1.2.4177.4.2.10
1.2.4206.2.1.2.2.21.1
1.2.4339.2.1.5.1
1.2.4388.2.1.1.1.6
1.2.4436.2.1.4.3
1.2.4568.12.6.9.3.10
1.2.4573.9
1.2.4675.24.12.33
1.2.4681.2.1.1
1.2.4761.4.2.4.5.18.2
1.2.4765.4.2.9.2.5.1.7
1.2.4978.14.7
1.2.5014.2.1
1.2.5120.4.2
1.2.5130.4.2.7.2.6.2.13
1.2.5141.2.1.2.1
1.2.5222.2.1.3.1
1.2.5272.4.2.3.1
1.2.5326.2.1.1
1.2.5422.6.3.6.1
1.2.5494.2.1.8.2.6.8
1.2.5520.4.2
1.2.5714.10.5.28.6
1.2.5769.4.2.4.4.19
1.5.9.16.2.1.3.3.5
1.5.300.15.2.1
1.5.334.10.2.1.5.3.9.3
1.5.397.6.2.1.5.2.3.9.14
1.5.466.12.2.1.3.1.3.2
1.5.497.11.2.1.14
1.5.519.7.2.1.1.1.11
1.5.580.8.2.1.3.2.15.4.16.21
1.5.625.8.2.1.15.2.9
1.5.905.14.2.1.7.2.13
1.5.925.12.2.1.2.2.52
1.5.933.8.2.1.16.2.68.5.10.74
1.5.949.16.2.1.2.2
1.5.1049.11.2.1.1.1
1.5.1331.6.2.1.2.1.14.3
1.5.1332.12.2.1.6.1
1.5.1335.8.2.1.5.1
1.5.1403.11.2.1.7.2.14
1.5.1440.17.2.1.6.1.9
1.5.1644.13.2.1.6.9
1.5.1657.8.2.1
1.5.1676.20.2.1.16.2.10.4.12
1.5.1689.6.2.1.38.1.1.1
1.5.1725.6.2.1.8
1.5.1742.9.2.1
1.5.1755.8.2.1.23.1.7.4
1.5.1823.8.2.1.10.3.8.2
1.5.1889.6.2.1
1.5.2161.14.2.1.2.1.3.3.10
1.5.2180.7.2.1.8.1
1.5.2331.5.2.1
1.5.2460.6.2.1.13
1.5.2471.8.2.1.2.1.3.1
1.5.2682.17.2.1.4
1.5.2730.13.2.1.4.2.31
1.5.2800.8.2.1.31.1.3.2
1.5.2812.9.2.1.2.3.14.6
1.5.2815.6.2.1.3.3.3.1.5
1.5.2927.15.2.1.1.1.1.1.4
1.5.3201.6.2.1.2.1.1
1.5.3277.8.2.1
1.5.3661.10.2.1.1.1.19
1.5.3692.11.2.1
1.5.3737.7.2.1.25.6.8
1.5.3757.10.2.1.2
1.5.3814.21.2.1.6.4.7
1.5.3836.10.2.1
1.5.3867.11.2.1.7.1.6
1.5.3920.13.2.1.11.1
1.5.4020.10.2.1.1.1
1.5.4046.24.2.1.4.1.7
1.5.4080.7.2.1.2.2.10.1
1.5.4132.10.2.1.11.3.12.2
1.5.4214.8.2.1.3.1.1
1.5.4224.9.2.1.4
1.5.4296.18.2.1
1.5.4332.9.2.1.25
1.5.4404.13.2.1.2.7.10.1.12
1.5.4610.7.2.1.7.1
1.5.4659.9.2.1
1.5.4795.7.2.1.4
1.5.4801.9.2.1.10.1.1.1
1.5.4906.7.2.1.11.4.22.7.19.33
1.5.5050.8.2.1.10.3
1.5.5223.6.2.1
1.5.5309.7.2.1.1.1.12.10
1.5.5430.16.2.1.10.1.32.3
1.5.5718.16.2.1.10.2
1.5.5728.7.2.1
1.5.5880.9.2.1.4
1.5.5894.9.2.1.22
1.5.6013.14.2.1
1.5.6070.7.2.1.7.3
1.5.6081.20.2.1.2.3.2.1.1
1.5.6146.8.2.1.1
1.5.6361.8.2.1.7.4.7.4.4
1.5.6611.10.2.1.13.1.1.3
1.5.6648.10.2.1.2.1.4.1.11.37
1.5.6857.6.2.1.5
1.5.6889.16.2.1.9.2
1.5.7002.22.2.1
1.5.7137.7.2.1.5.2.7.2
1.5.7385.12.2.1.20.3.7
1.5.7443.15.2.1
1.5.7544.6.2.1.5.2.3.9.8
1.5.7592.12.2.1.3.1.3.2
1.5.7623.11.2.1.13
1.5.7634.22.2.1.6
1.5.7702.8.2.1.3.2.15.4.16.6
1.5.7747.8.2.1.15.2.9
1.5.7834.5.2.1
1.5.8051.14.2.1.7.2.13
1.5.8071.12.2.1.2.2.52
1.5.8079.8.2.1.16.2.68.5.10.21
1.5.8095.16.2.1.2.2
1.5.8158.7.2.1.4.2
1.5.8546.11.2.1.7.2.27
1.5.8781.13.2.1.6.9
1.5.8815.14.2.1.15
1.5.8831.8.2.1
1.5.8839.14.2.1.37
1.5.8882.13.2.1.4
1.5.8901.8.2.1.18.1.7.4
1.5.8968.7.2.1.8.3.11.2
1.5.9037.6.2.1
1.5.9192.7.2.1.15.7.36.3
1.5.9208.22.2.1
1.5.9304.14.2.1.2.1.3.3.10
1.5.9332.9.2.1.25
1.5.9362.6.2.1.4.1
1.5.9380.7.2.1.2.5.18
1.5.9475.5.2.1
1.5.9608.6.2.1.13
1.5.9619.8.2.1.2.1.3.1
1.5.9759.10.2.1
1.5.9852.10.2.1.6.1
1.5.9855.16.2.1.9.2.5
1.5.9924.8.2.1.31.1.3.2
1.5.9936.9.2.1.2.3.14.6
1.5.9939.6.2.1.3.3.3.1.5
1.5.10029.10.2.1.10.5.10
1.5.10061.7.2.1.9.3.12.3.29
1.5.10316.8.2.1.12.1.2.1.4.35
1.5.10374.11.2.1.18.4.23.3
1.5.10401.8.2.1
1.5.10764.10.2.1.1.1.19
1.5.10795.9.2.1
1.5.10833.5.2.1.31
1.5.10846.6.2.1.5.1.15.1.14
1.5.10865.22.2.1.4
1.5.10904.25.2.1.14
1.5.10950.11.2.1.7.1.6
1.5.10993.13.2.1.11.1
1.5.11120.9.2.1.3
1.5.11262.8.2.1.3.1.1
1.5.11272.9.2.1.4
1.5.11344.18.2.1
1.5.11380.9.2.1.25
1.5.11453.13.2.1.2.7.10.1.12
1.5.11634.7.2.1.7.1
1.5.11804.7.2.1.4
1.5.11808.10.2.1.6.2.3.5
1.5.11921.12.2.1.16.2
1.5.11955.13.2.1.8.2
1.5.12058.8.2.1.10.3
1.5.12227.6.2.1
1.5.12269.7.2.1.4.1.4.1
1.5.12330.7.2.1.1.1.12.10
1.5.12443.16.2.1.10.1.32.3
1.5.12736.8.2.1.4.8.18.2
1.5.12895.9.2.1.3
1.5.12909.9.2.1.22
1.5.12924.6.2.1.1.1
1.5.13029.14.2.1
1.5.13072.13.2.1.8.12.21
1.5.13103.13.2.1.1
1.5.13106.12.2.1.2.2.3.4.4
1.5.13173.8.2.1.1
1.5.13349.9.2.1.6.5
1.5.13403.8.2.1.7.4.7.4.4
1.5.13545.8.2.1.2.1.1
1.5.13566.7.2.1.13.3.2.8
1.5.13692.13.2.1.12.5
1.5.13695.11.2.1.5
1.5.13710.7.2.1.10.2.1
1.5.13794.9.2.1.2.5.11
1.5.13863.15.2.1.1.1.1.1
1.5.13994.9.2.1.24.5
1.5.13996.7.2.1.28.2
1.5.14025.22.2.1
1.5.14156.36.2.1.6.7.35.11
1.5.14177.7.2.1.5.2.7.2
1.5.14501.15.2.1
1.5.14535.10.2.1.5.3.9.3
1.5.14598.6.2.1.5.2.3.9.8
1.5.14646.12.2.1.3.1.3.2
1.5.14760.8.2.1.3.2.15.4.16.21
1.5.14805.8.2.1.15.2.9
1.5.14967.7.2.1.6.2
1.5.15006.6.2.1.6.3
1.5.15117.9.2.1.26.1.27.3.9.70
1.5.15139.14.2.1.4.1
1.5.15278.9.2.1.1
1.5.15606.11.2.1.7.2.14
1.5.15644.11.2.1.5.4.7.5.8
1.5.15862.8.2.1
1.5.15881.20.2.1.16.2.10.4.12
1.5.15897.14.2.1.46
1.5.15944.6.2.1.8
1.5.15961.9.2.1
1.5.15974.8.2.1.23.1.7.4
1.5.16108.6.2.1
1.5.16404.5.2.1.10.1.2
1.5.16567.5.2.1
1.5.16708.6.2.1.2.2.13.1
1.5.16855.10.2.1
1.5.16904.17.2.1.4
1.5.16952.13.2.1.4.2.31
1.5.17028.8.2.1.31.1.3.2
1.5.17040.9.2.1.2.3.14.6
1.5.17043.6.2.1.3.3.3.1.5
1.5.17135.10.2.1.10.5.10
1.5.17167.7.2.1.9.3.12.3.30
1.5.17341.8.2.1.3.5.9.2.37
1.5.17494.11.2.1.18.4.30.3
1.5.17532.7.2.1.4.1.43.1.6
1.5.17581.5.2.1.6.4.15.4
1.5.17831.11.2.1
1.5.17870.21.2.1.10.1
1.5.17930.9.2.1
1.5.17973.7.2.1.25.6.8
1.5.17993.10.2.1.2
1.5.18096.11.2.1.7.1.6
1.5.18148.13.2.1.11.1
1.5.18248.10.2.1.1.1
1.5.18274.24.2.1.4.1.7
1.5.18308.7.2.1.2.2.10.1
1.5.18438.8.2.1.3.1.1
1.5.18448.9.2.1.4
1.5.18516.11.2.1.4.2
1.5.18564.9.2.1.36
1.5.18636.13.2.1.2.7.10.1.12
1.5.18835.7.2.1.7.1
1.5.18914.14.2.1.5.2
1.5.18987.7.2.1.4
1.5.18991.10.2.1.6.2.3.5
1.5.19103.7.2.1.11.4.22.7.19.39
1.5.19142.13.2.1.5.1
1.5.19445.6.2.1.7.4
1.5.19502.12.2.1.6.4.7.2.23
1.5.19614.16.2.1.10.1.32.3
1.5.19905.16.2.1.10.2
1.5.19915.7.2.1
1.5.19936.6.2.1.4.1
1.5.20070.13.2.1.2.2.15.1
1.5.20090.6.2.1.1.1
1.5.20195.14.2.1
1.5.20548.8.2.1.7.4.7.4.4
1.5.20690.8.2.1.2.1.1
1.5.20824.7.2.1.2.1
1.5.20828.11.2.1.16
1.5.20843.7.2.1.10.2.1
1.5.21024.6.2.1.5
1.5.21135.9.2.1.24.5
1.5.21162.17.2.1.8.7.16.5
1.5.21194.7.2.1.12.2.25.1
1.5.21237.6.2.1.21
1.5.21341.7.2.1.5.2.7.2
1.5.21644.15.2.1
1.5.21678.10.2.1.5.3.9.3
1.5.21741.6.2.1.5.2.3.9.14
1.5.21810.12.2.1.3.1.3.2
1.5.21841.11.2.1.14
1.5.21863.7.2.1.1.1.11
1.5.21924.8.2.1.3.2.15.4.16.21
1.5.21964.8.2.1.15.2.9
1.5.22155.6.2.1.6.3
1.5.22266.9.2.1.26.1.27.3.9.25
1.5.22288.14.2.1.4.1
1.5.22356.7.2.1.4.2
1.5.22378.5.2.1.3.2
1.5.22682.15.2.1.14.4.11.5
1.5.22739.11.2.1.7.2.27
1.5.22838.8.2.1.17
1.5.23010.14.2.1.15
1.5.23026.8.2.1
1.5.23034.14.2.1.37
1.5.23077.16.2.1.9.1.23
1.5.23101.8.2.1.7.1.1.1
1.5.23170.12.2.1.5.9
1.5.23229.6.2.1
1.5.23498.14.2.1.2.1.3.3.10
1.5.23526.5.2.1.26.1.4
1.5.23800.6.2.1.2.2.13.1
1.5.23940.10.2.1
1.5.24031.10.2.1.6.1
1.5.24034.16.2.1.9.2.5
1.5.24108.8.2.1.19.1.3.2
1.5.24120.9.2.1.2.3.14.6
1.5.24123.6.2.1.3.3.3.1.5
1.5.24251.7.2.1.9.3.12.3.29
1.5.24571.11.2.1.18.4.30.3
1.5.24609.7.2.1.4.1.43.1.6
1.5.24933.21.2.1.10.1
1.5.24993.9.2.1
1.5.25044.6.2.1.5.1.7.1.9
1.5.25063.38.2.1.7
1.5.25129.10.2.1
1.5.25152.11.2.1.2.1.35
1.5.25204.13.2.1.11.1
1.5.25331.9.2.1.3
1.5.25355.6.2.1.15.3.9.1
1.5.25407.10.2.1.11.3.12.2
1.5.25494.7.2.1.2
1.5.25562.18.2.1
1.5.25598.9.2.1.25
1.5.25878.7.2.1.7.1
1.5.26058.7.2.1.4
1.5.26064.9.2.1.10.1.1.1
1.5.26139.11.2.1
1.5.26167.7.2.1.11.4.22.7.18.40
1.5.26206.13.2.1.8.2
1.5.26450.8.2.1.21.1
1.5.26557.12.2.1.6.4.7.2.16
1.5.26640.15.2.1.3.3
1.5.26669.16.2.1.10.1.17.3
1.5.26799.12.2.1
1.5.26836.10.2.1.1.1.26.2
1.5.26935.10.2.1.17.3.30.4
1.5.27105.7.2.1.2.2.10
1.5.27118.6.2.1.1.1
1.5.27223.14.2.1
1.5.27300.13.2.1.1
1.5.27303.12.2.1.2.2.3.4.4
1.5.27376.8.2.1.1
1.5.27552.9.2.1.6.5
1.5.27606.8.2.1.7.4.7.4.4
1.5.27761.10.2.1.5.1
1.5.27861.10.2.1.13.1.1.3
1.5.27897.13.2.1.12.5
1.5.27900.11.2.1.5
1.5.27915.7.2.1.10.2.1
1.5.27996.9.2.1.2.5.11
1.5.28038.8.2.1.2.1
1.5.28086.6.2.1.5
1.5.28166.21.2.1.15.4
1.5.28240.10.2.1.16.1.6
1.5.28385.7.2.1.5.2.7.2
1.5.28642.5.2.1.8
1.5.28669.9.2.1.2.2.3
1.5.28688.10.2.1.15.2.11
1.5.28718.10.2.1.5.3.9.3
1.5.28781.6.2.1.5.2.3.9.14
1.5.28829.12.2.1.3.1.3.2
1.5.28860.11.2.1.12
1.5.28884.11.2.1.1
1.5.28950.8.2.1.3.2.15.4.16.6
1.5.28995.8.2.1.15.2.9
1.5.29194.6.2.1.6.3
1.5.29275.14.2.1.7.2.13
1.5.29295.12.2.1.2.2.52
1.5.29303.8.2.1.16.2.68.5.10.58
1.5.29319.16.2.1.2.2
1.5.29389.7.2.1.4.2
1.5.29716.15.2.1.14.4.11.5
1.5.29765.9.2.1.2.1.1.3
1.5.29766.8.2.1
1.5.29827.14.2.1.11.3.5.2.6
1.5.30060.14.2.1.15
1.5.30076.8.2.1
1.5.30084.14.2.1.37
1.5.30135.5.2.1
1.5.30154.9.2.1
1.5.30167.8.2.1.23.1.7.4
1.5.30299.6.2.1
1.5.30605.9.2.1.25
1.5.30635.6.2.1.4.1
1.5.30664.11.2.1.25.1.2.1.16
1.5.30723.10.2.1
1.5.30740.19.2.1.8.3.8.8
1.5.30895.6.2.1.13
1.5.30906.8.2.1.2.1.3.1
1.5.31066.8.2.1.11.3.13.4
1.5.31093.9.2.1
1.5.31150.13.2.1.4.2.31
1.5.31224.8.2.1.31.1.3.2
1.5.31236.9.2.1.2.3.14.6
1.5.31239.6.2.1.3.3.3.1.5
1.5.31278.6.2.1.11
1.5.31302.7.2.1.52.3
1.5.31359.7.2.1.9.3.12.3.29
1.5.31723.7.2.1.4.1.13.1.5
1.5.31772.5.2.1.6.4.15.4
1.5.32093.10.2.1.1.1.19
1.5.32124.9.2.1
1.5.32162.5.2.1.31
1.5.32175.6.2.1.5.1.15.1.14
1.5.32194.38.2.1.7
1.5.32286.11.2.1.7.1.6
1.5.32338.13.2.1.11.1
1.5.32468.14.2.1.8
1.5.32492.6.2.1.15.3.9.1
1.5.32629.7.2.1.2
1.5.32693.11.2.1.4.2
1.5.32741.9.2.1.36
1.5.32815.6.2.1.13
1.5.33009.7.2.1.7.1
1.5.33182.7.2.1.4
1.5.33186.10.2.1.6.2.3.5
1.5.33294.7.2.1.2.1.6.1
1.5.33338.13.2.1.5.1
1.5.33443.8.2.1.10.3
1.5.33612.6.2.1
1.5.33694.7.2.1.1.1.12.10
1.5.33814.16.2.1.10.1.32.3
1.5.33944.12.2.1
1.5.33981.10.2.1.1.1.26.2
1.5.34094.16.2.1.10.2
1.5.34104.7.2.1
1.5.34255.9.2.1.3
1.5.34269.9.2.1.22
1.5.34395.14.2.1
1.5.34449.7.2.1.7.3
1.5.34456.11.2.1.18.1.4
1.5.34459.8.2.1.1.1.2
1.5.34697.9.2.1.6.5
1.5.34906.7.2.1
1.5.34934.8.2.1.2.1.1
1.5.34969.13.2.1.6.1.4.6
1.5.35054.10.2.1.13.1.1.3
1.5.35091.10.2.1.2.1.4.1.11.36
1.5.35292.6.2.1.5
1.5.35324.16.2.1.9.2
1.5.35404.9.2.1.24.5
1.5.35406.7.2.1.28.2
1.5.35435.22.2.1
1.5.35493.6.2.1.21
1.5.35587.12.2.1.28.1.3.2
1.5.35852.5.2.1.8
1.5.35907.15.2.1
1.5.36003.6.2.1.5.2.3.9.14
1.5.36051.12.2.1.3.1.3.2
1.5.36082.11.2.1.13
1.5.36093.22.2.1.6
1.5.36156.8.2.1.3.2.15.4.16.5
1.5.36201.8.2.1.15.2.9
1.5.36472.14.2.1.7.2.13
1.5.36492.12.2.1.2.2.52
1.5.36500.8.2.1.16.2.68.5.10.26
1.5.36516.16.2.1.2.2
1.5.36584.7.2.1.4.2
1.5.36900.6.2.1.2.1.14.3
1.5.36901.12.2.1.6.1
1.5.36904.8.2.1.5.1
1.5.36972.11.2.1.7.2.14
1.5.37009.17.2.1.6.1.9
1.5.37206.9.2.1
1.5.37251.6.2.1.30.1.1.1
1.5.37289.5.2.1
1.5.37308.9.2.1
1.5.37446.6.2.1
1.5.37754.9.2.1.25
1.5.37809.13.2.1.9.6.11
1.5.37860.10.2.1
1.5.37873.16.2.1.4
1.5.37903.5.2.1
1.5.38044.6.2.1.2.2.13.1
1.5.38187.10.2.1
1.5.38280.10.2.1.6.1
1.5.38283.16.2.1.9.2.5
1.5.38358.8.2.1.31.1.3.2
1.5.38370.9.2.1.2.3.14.6
1.5.38373.6.2.1.3.3.3.1.5
1.5.38402.14.2.1.6.1
1.5.38449.10.2.1.10.5.10
1.5.38481.7.2.1.9.3.12.3.29
1.5.38731.8.2.1.12.1.2.1.4.27
1.5.38800.11.2.1.18.4.30.3
1.5.38838.7.2.1.4.1.43.1.6
1.5.38887.5.2.1.6.4.15.4
1.5.39116.11.2.1
1.5.39191.10.2.1.1.1.19
1.5.39220.9.2.1
1.5.39271.6.2.1.5.1.7.1.9
1.5.39290.38.2.1.7
1.5.39337.25.2.1.14
1.5.39383.11.2.1.7.1.6
1.5.39435.13.2.1.11.1
1.5.39565.9.2.1.3
1.5.39589.6.2.1.15.3.9.1
1.5.39701.8.2.1.3.1.1
1.5.39711.9.2.1.4
1.5.39779.11.2.1.4.2
1.5.39827.9.2.1.36
1.5.39867.8.2.1
1.5.39876.8.2.1.21.5.8.1.3
1.5.39895.13.2.1.2.2.14.1.20
1.5.40074.7.2.1.7.1
1.5.40231.7.2.1.4
1.5.40235.10.2.1.6.2.3.5
1.5.40342.8.2.1.1.2.1.1.3
1.5.40739.7.2.1.1.1.12.10
1.5.40859.16.2.1.10.1.32.3
1.5.41146.10.2.1.17.3.30.4
1.5.41171.6.2.1.4.1
1.5.41307.13.2.1.2.2.15.1
1.5.41327.6.2.1.1.1
1.5.41432.14.2.1
1.5.41486.7.2.1.7.3
1.5.41497.8.2.1.1.1.2
1.5.41564.8.2.1.1
1.5.41740.9.2.1.6.5
1.5.41949.7.2.1
1.5.41977.8.2.1.2.1.1
1.5.42100.10.2.1.13.1.1.4
1.5.42127.7.2.1.2.1
1.5.42131.11.2.1.16
1.5.42146.7.2.1.10.2.1
1.5.42222.9.2.1.2.5.11
1.5.42289.15.2.1.1.1.1.1
1.5.42455.17.2.1.8.7.16.5
1.5.42627.7.2.1.5.2.7.2
1.5.42942.15.2.1
1.5.43007.8.2.1.6.6
1.5.43050.6.2.1.5.2.3.9.8
1.5.43119.12.2.1.3.1.3.2
1.5.43231.8.2.1.3.2.15.4.16.16
1.5.43276.8.2.1.15.2.9
1.5.43555.14.2.1.7.2.13
1.5.43575.12.2.1.2.2.52
1.5.43589.12.2.1.10.1.2.1
1.5.43611.14.2.1.4.1
1.5.43674.7.2.1.4.2
1.5.43696.5.2.1.3.2
1.5.44005.15.2.1.14.4.11.5
1.5.44070.11.2.1.7.2.14
1.5.44163.8.2.1.17
1.5.44341.14.2.1.15
1.5.44357.8.2.1
1.5.44365.14.2.1.37
1.5.44412.6.2.1.8
1.5.44429.9.2.1
1.5.44442.8.2.1.23.1.7.4
1.5.44511.8.2.1.10.3.8.2
1.5.44574.6.2.1
1.5.44729.7.2.1.15.7.36.3
1.5.44745.22.2.1
1.5.44846.25.2.1.8.3.11
1.5.44866.9.2.1.9
1.5.45136.6.2.1.13
1.5.45147.8.2.1.2.1.3.1
1.5.45287.10.2.1
1.5.45378.13.2.1.4.2.31
1.5.45454.8.2.1.31.1.3.2
1.5.45466.9.2.1.2.3.14.6
1.5.45469.6.2.1.3.3.3.1.5
1.5.45591.15.2.1.1.1.1.1.4
1.5.45929.11.2.1.25.4.37.3
1.5.45956.7.2.1.4.1.13.1.5
1.5.46292.21.2.1.10.1
1.5.46352.9.2.1
1.5.46403.6.2.1.5.1.7.1.9
1.5.46422.38.2.1.7
1.5.46475.21.2.1.6.4.7
1.5.46497.10.2.1
1.5.46520.11.2.1.2.1.35
1.5.46572.13.2.1.11.1
1.5.46704.9.2.1.3
1.5.46734.6.2.1.15.3.9.1
1.5.46739.7.2.1
1.5.46887.11.2.1.3.1.1
1.5.46897.9.2.1.4
1.5.46965.11.2.1.4.2
1.5.47013.9.2.1.36
1.5.47076.13.2.1.2.7.10.1.12
1.5.47260.7.2.1.7.1
1.5.47424.7.2.1.4
1.5.47428.10.2.1.6.2.3.5
1.5.47531.15.2.1.4.1
1.5.47572.13.2.1.8.2
1.5.47674.8.2.1.10.3
1.5.47845.6.2.1
1.5.47885.6.2.1.7.4
1.5.47939.7.2.1.1.1.12.10
1.5.48059.16.2.1.10.1.32.3
1.5.48337.10.2.1.17.3.30.4
1.5.48366.17.2.1
1.5.48487.9.2.1.4
1.5.48501.9.2.1.22
1.5.48516.6.2.1.1.1
1.5.48613.14.2.1
1.5.48690.13.2.1.1
1.5.48693.12.2.1.2.2.3.4.4
1.5.48760.8.2.1.1
1.5.48934.9.2.1.6.5
1.5.48988.8.2.1.7.4.7.4.4
1.5.49162.10.2.1.5.1
1.5.49283.10.2.1.8.2.4.1.3.52
1.5.49287.10.2.1.3
1.5.49383.9.2.1.2.5.11
1.5.49591.9.2.1.24.5
1.5.49618.17.2.1.8.7.16.5
1.5.49794.7.2.1.5.2.7.2
1.5.50100.15.2.1
1.5.50134.10.2.1.5.3.9.3
1.5.50197.6.2.1.5.2.3.9.14
1.5.50268.17.2.1
1.5.50299.11.2.1.12
1.5.50323.11.2.1.1
1.5.50391.8.2.1.3.2.15.4.16.5
1.5.50436.8.2.1.15.2.9
1.5.50716.14.2.1.7.2.13
1.5.50736.12.2.1.2.2.52
1.5.50744.8.2.1.16.2.68.5.10.58
1.5.50760.16.2.1.2.2
1.5.50823.7.2.1.4.2
1.5.51143.15.2.1.14.4.11.5
1.5.51200.11.2.1.7.2.27
1.5.51484.14.2.1.15
1.5.51500.8.2.1
1.5.51508.14.2.1.37
1.5.51551.13.2.1.4
1.5.51570.8.2.1.18.1.7.4
1.5.51645.7.2.1.8.3.11.2
1.5.51714.6.2.1
1.5.51980.14.2.1.2.1.3.3.10
1.5.52008.9.2.1.25
1.5.52120.10.2.1
1.5.52137.19.2.1.8.3.8.8
1.5.52295.6.2.1.13
1.5.52306.8.2.1.2.1.3.1
1.5.52505.17.2.1.4
1.5.52553.13.2.1.4.2.31
1.5.52632.8.2.1.31.1.3.2
1.5.52644.9.2.1.2.3.14.6
1.5.52647.6.2.1.3.3.3.1.5
1.5.52739.10.2.1.10.5.10
1.5.52771.7.2.1.9.3.12.3.29
1.5.52952.8.2.1.3.5.9.2.37
1.5.53091.11.2.1.18.4.23.3
1.5.53122.7.2.1.4.1.43.1.6
1.5.53407.11.2.1
1.5.53477.10.2.1.1.1.19
1.5.53506.9.2.1
1.5.53557.6.2.1.5.1.7.1.9
1.5.53576.22.2.1.4
1.5.53619.25.2.1.14
1.5.53643.10.2.1
1.5.53674.11.2.1.7.1.6
1.5.53726.13.2.1.11.1
1.5.53826.10.2.1.1.1
1.5.53852.24.2.1.4.1.7
1.5.53886.7.2.1.2.2.10.1
1.5.54037.7.2.1.1.5.41
1.5.54092.11.2.1.4.2
1.5.54140.9.2.1.36
1.5.54206.6.2.1.13
1.5.54352.8.2.1.7.1
1.5.54402.7.2.1.7.1
1.5.54564.7.2.1.4
1.5.54568.10.2.1.6.2.3.5
1.5.54655.11.2.1
1.5.54688.7.2.1.11.4.30.8.18.40
1.5.54828.8.2.1.10.3
1.5.54997.6.2.1
1.5.55091.7.2.1.1.1.12.10
1.5.55205.16.2.1.10.1.32.3
1.5.55370.10.2.1.1.1.12.2
1.5.55479.8.2.1.4.8.18.2
1.5.55644.7.2.1.2.2.10
1.5.55657.6.2.1.1.1
1.5.55762.14.2.1
1.5.55839.13.2.1.1
1.5.55842.12.2.1.2.2.3.4.4
1.5.55909.8.2.1.1
1.5.56080.9.2.1.6.5
1.5.56134.8.2.1.7.4.7.4.4
1.5.56380.10.2.1.13.1.1.3
1.5.56416.13.2.1.12.5
1.5.56419.11.2.1.5
1.5.56434.7.2.1.10.2.1
1.5.56514.9.2.1.2.5.11
1.5.56556.8.2.1.2.1
1.5.56604.6.2.1.5
1.5.56921.7.2.1.5.2.7.2
1.5.57239.15.2.1
1.5.57335.6.2.1.5.2.3.9.14
1.5.57385.17.2.1
1.5.57496.8.2.1.3.2.15.4.16.25
1.5.57541.8.2.1.15.2.9
1.5.57729.6.2.1.6.3
1.5.57839.7.2.1.2.1.5.2
1.5.57843.8.2.1.4.1.4.1
1.5.57860.16.2.1.2.2
1.5.58253.15.2.1.14.4.11.5
1.5.58310.11.2.1.7.2.27
1.5.58347.17.2.1.6.1.9
1.5.58562.13.2.1.6.9
1.5.58596.14.2.1.15
1.5.58612.8.2.1
1.5.58620.14.2.1.37
1.5.58667.6.2.1.8
1.5.58684.9.2.1
1.5.58697.8.2.1.23.1.7.4
1.5.58778.12.2.1.5.9
1.5.58834.6.2.1
1.5.59113.25.2.1.8.3.11
1.5.59131.7.2.1.8.1
1.5.59291.5.2.1
1.5.59432.6.2.1.2.2.13.1
1.5.59639.17.2.1.4
1.5.59687.13.2.1.4.2.31
1.5.59760.8.2.1.31.1.3.2
1.5.59772.9.2.1.2.3.14.6
1.5.59775.6.2.1.3.3.3.1.5
1.5.59867.10.2.1.10.5.10
1.5.59899.7.2.1.9.3.12.3.29
1.5.60219.11.2.1.32.4.21.3
1.5.60246.7.2.1.4.1.13.1.5
1.5.60583.21.2.1.10.1
1.5.60654.9.2.1
1.5.60697.7.2.1.25.6.8
1.5.60717.10.2.1.2
1.5.60796.17.2.1
1.5.60822.11.2.1.7.1.6
1.5.60874.13.2.1.11.1
1.5.61001.9.2.1.3
1.5.61069.10.2.1.11.3.12.2
1.5.61156.7.2.1.2
1.5.61220.11.2.1.4.2
1.5.61268.9.2.1.36
1.5.61309.8.2.1
1.5.61318.8.2.1.21.5.8.1.3
1.5.61337.13.2.1.2.2.14.1.20
1.5.61504.7.2.1.7.1
1.5.61678.7.2.1.4
1.5.61682.10.2.1.6.2.3.5
1.5.61764.11.2.1
1.5.61797.7.2.1.11.4.30.8.19.41
1.5.61836.13.2.1.5.1
1.5.62112.6.2.1
1.5.62152.6.2.1.7.4
1.5.62206.7.2.1.1.1.12.5
1.5.62327.16.2.1.10.1.32.3
1.5.62618.16.2.1.10.2
1.5.62628.7.2.1
1.5.62778.9.2.1.4
1.5.62792.9.2.1.22
1.5.62901.8.2.1.7.12.18
1.5.62987.7.2.1.7.3
1.5.62998.20.2.1.2.3.2.1.1
1.5.63232.9.2.1.6.5
1.5.63441.7.2.1
1.5.63469.8.2.1.2.1.1
1.5.63490.7.2.1.13.3.2.8
1.5.63587.10.2.1.13.1.1.3
1.5.63614.7.2.1.2.1
1.5.63618.11.2.1.16
1.5.63633.7.2.1.10.2.1
1.5.63928.9.2.1.24.5
1.5.63955.17.2.1.8.7.16.5
1.5.63987.7.2.1.12.2.25.1
1.5.64032.6.2.1.21
1.5.64116.7.2.1.5.2.7.2
1.5.64391.5.2.1.8
1.5.64455.15.2.1
1.5.64520.8.2.1.42.8
1.5.64563.6.2.1.5.2.3.9.8
1.5.64613.17.2.1
1.5.64725.8.2.1.3.2.15.4.16.20
1.5.64765.8.2.1.15.2.9
1.5.64927.7.2.1.6.2
1.5.65037.14.2.1.7.2.13
1.5.65057.12.2.1.2.2.52
1.5.65065.8.2.1.16.2.68.5.10.71
1.5.65081.16.2.1.2.2
1.5.65153.7.2.1.4.2
1.5.65215.8.2.1.7.3
1.5.65491.15.2.1.14.4.11.5
1.5.65567.11.2.1.7.2.14
1.5.65604.17.2.1.6.1.9
1.5.65862.14.2.1.15
1.5.65878.8.2.1
1.5.65886.14.2.1.37
1.5.65925.6.2.1.8
1.5.65942.9.2.1
1.5.65955.8.2.1.23.1.7.4
1.5.66019.8.2.1.10.3.8.2
1.5.66085.6.2.1
1.5.66347.14.2.1.2.1.3.3.10
1.5.66366.7.2.1.8.1
1.5.66367.6.2.1.10.2.3
1.5.66639.6.2.1.13
1.5.66650.8.2.1.2.1.3.1
1.5.66797.10.2.1
1.5.66846.17.2.1.4
1.5.66894.13.2.1.4.2.31
1.5.66967.8.2.1.31.1.3.2
1.5.66979.9.2.1.2.3.14.6
1.5.66982.6.2.1.3.3.3.1.5
1.5.67476.7.2.1.4.1.13.1.5
1.5.67837.10.2.1.1.1.19
1.5.67866.9.2.1
1.5.67909.7.2.1.25.6.8
1.5.67929.10.2.1.2
1.5.67986.21.2.1.6.4.7
1.5.68008.10.2.1
1.5.68039.11.2.1.7.1.6
1.5.68092.13.2.1.11.1
1.5.68227.9.2.1.3
1.5.68251.6.2.1.15.3.9.1
1.5.68389.8.2.1.3.1.1
1.5.68399.9.2.1.4
1.5.68471.18.2.1
1.5.68507.9.2.1.25
1.5.68574.6.2.1.13
1.5.68700.6.2.1
1.5.68742.7.2.1.7.1
1.5.68896.7.2.1.4
1.5.68900.10.2.1.6.2.3.5
1.5.69008.7.2.1.2.1.6.1
1.5.69050.13.2.1.8.2
1.5.69153.8.2.1.10.3
1.5.69309.8.2.1.21.1
1.5.69413.7.2.1.1.1.12.10
1.5.69499.15.2.1.3.3
1.5.69528.16.2.1.10.1.17.3
1.5.69654.12.2.1
1.5.69801.16.2.1.10.2
1.5.69811.7.2.1
1.5.69974.9.2.1.3
1.5.69988.9.2.1.22
1.5.70114.14.2.1
1.5.70168.7.2.1.7.3
1.5.70240.8.2.1.1
1.5.70416.9.2.1.6.5
1.5.70625.7.2.1
1.5.70790.13.2.1.12.5
1.5.70793.11.2.1.5
1.5.70808.7.2.1.10.2.1
1.5.70889.9.2.1.2.5.11
1.5.70981.6.2.1.5
1.5.71021.16.2.1.9.2
1.5.71100.9.2.1.24.5
1.5.71127.17.2.1.8.7.16.5
1.5.71266.36.2.1.6.7.35.11
1.5.71287.7.2.1.5.2.7.2
1.5.71552.5.2.1.8
1.5.71580.9.2.1.2.2.3
1.5.71599.10.2.1.15.2.11
1.5.71696.6.2.1.5.2.3.9.8
1.5.71765.12.2.1.3.1.3.2
1.5.71796.11.2.1.12
1.5.71820.11.2.1.1
1.5.71888.8.2.1.3.2.15.4.16.7
1.5.71928.8.2.1.15.2.9
1.6.37.8.2.1.6.1.1
1.6.99.8.2.1.18.3
1.6.257.8.2.1.20
1.6.292.8.2.1.2.6
1.6.292.8.2.1.4.2.22.2.6.14
1.6.315.8.2.1.2.4.26
1.6.374.8.2.1
1.6.406.8.2.1.11.4
1.6.450.8.2.1.5.3.7.6
1.6.510.8.2.1.5.4.11
1.6.552.8.2.1.4.2
1.6.637.8.2.1.15.8
1.6.859.8.2.1.14.1.18
1.6.955.8.2.1.1.2.7.4
1.6.1136.8.2.1.2.2.11
1.6.1150.8.2.1.3
1.6.1200.8.2.1.8.2.11
1.6.1307.8.2.1.5.5.18.4
1.6.1309.8.2.1.3.8.26.3
1.6.1322.8.2.1
1.6.1363.8.2.1.12.6.15.1
1.6.1518.8.2.1
1.6.1672.8.2.1
1.6.1673.8.2.1.3.1.14.1.3
1.6.1805.8.2.1.21.4.13
1.6.2028.8.2.1.6
1.6.2314.8.2.1.23.1.20
1.6.2385.8.2.1.2.1.2.1.10
1.6.2407.8.2.1.3
1.6.2560.8.2.1.1
1.6.2572.8.2.1.8.10.34
1.6.2725.8.2.1.7.2
1.6.2860.8.2.1.1.2.26.10
1.6.3384.8.2.1.10
1.6.3492.8.2.1.2.3.12.4.6
1.6.3510.8.2.1.34.1.2
1.6.3610.8.2.1
1.6.3647.8.2.1.2
1.6.3692.8.2.1.1.1.1
1.6.3718.8.2.1.13.3.12.5
1.6.3855.8.2.1
1.6.3883.8.2.1.3
1.6.4058.8.2.1.1.1
1.6.4068.8.2.1
1.6.4087.8.2.1.4.8.16.2
1.6.4156.8.2.1
1.6.4176.8.2.1.2.2.8
1.6.4204.8.2.1.15.3.23.3
1.6.4266.8.2.1.49
1.6.4382.8.2.1.2.2.4.3
1.6.4412.8.2.1.12.1
1.6.4619.8.2.1.7
1.6.4627.8.2.1.13.3
1.6.4709.8.2.1.2.3
1.6.4750.8.2.1.21.2
1.6.4788.8.2.1
1.6.5616.8.2.1.21.1
1.6.5686.8.2.1.3.1.1.1
1.6.6053.8.2.1.2.2.4.1
1.6.6075.8.2.1.8.1.4.1
1.6.6166.8.2.1.1.1.1
1.6.6279.8.2.1.5
1.6.6416.8.2.1.1.1
1.6.6459.8.2.1.34.3.12.5
1.6.6639.8.2.1.9.4.18.6
1.6.6722.8.2.1.5.1.1.1
1.6.6749.8.2.1.5.1
1.6.6775.8.2.1.3
1.6.6825.8.2.1.9
1.6.6871.8.2.1.1.1.4
1.6.6875.8.2.1.3.2.3.2
1.6.7070.8.2.1.6.7
1.6.7154.8.2.1.3.1.7.3.8
1.6.7234.8.2.1.7.3.4.1.5
1.6.7237.8.2.1
1.6.7277.8.2.1.7.1.1
1.6.7312.8.2.1.24.2.15.9
1.6.7334.8.2.1.13.1.9.2
1.6.7381.8.2.1.17.3.13
1.6.7467.8.2.1.1
1.6.7502.8.2.1.7.4.6.1
1.6.7670.8.2.1.44
1.6.7693.8.2.1.2.2.24
1.6.7797.8.2.1.2.5.13
1.6.7885.8.2.1.3.2.8.1
1.6.7925.8.2.1.16.2.5.2.22
1.6.7959.8.2.1.2.1.2.2.10
1.6.8032.8.2.1.4.1.2
1.6.8075.8.2.1.6.1.18.2.31
1.6.8136.8.2.1.7.7.18
1.6.8257.8.2.1.4.3
1.6.8402.8.2.1.20
1.6.8447.8.2.1.1.2.9.2
1.6.8469.8.2.1.2.4.17
1.6.8562.8.2.1.11.4
1.6.8611.8.2.1.3.1.1
1.6.8662.8.2.1.33.4.45
1.6.8801.8.2.1.23.7
1.6.8992.8.2.1.5.1
1.6.9043.8.2.1.44.1.2.1.4
1.6.9125.8.2.1.1.2.34.9
1.6.9317.8.2.1.1
1.6.9333.8.2.1.2.2.2.2.9
1.6.9346.8.2.1.2.2.15
1.6.9401.8.2.1.1.1.15.4.7
1.6.9456.8.2.1.1.1
1.6.9495.8.2.1.16.6.12.2
1.6.9510.8.2.1
1.6.9551.8.2.1.12.6.15.1
1.6.9563.8.2.1
1.6.9727.8.2.1
1.6.9893.8.2.1
1.6.9895.8.2.1.1
1.6.10046.8.2.1.21.4.13
1.6.10261.8.2.1.6
1.6.10543.8.2.1.23.1.20
1.6.10614.8.2.1.2.1.2.1.10
1.6.10636.8.2.1.3
1.6.10641.8.2.1.1.1.5
1.6.10791.8.2.1.1
1.6.10803.8.2.1.8.19.34
1.6.10965.8.2.1.7.5
1.6.11030.8.2.1.5.3
1.6.11099.8.2.1.2
1.6.11623.8.2.1.10
1.6.11716.8.2.1.2.3.12.3.12
1.6.11734.8.2.1.35.1.2
1.6.11828.8.2.1.19.4
1.6.11863.8.2.1.2
1.6.11908.8.2.1.1.1.1
1.6.11934.8.2.1.13.3.12.5
1.6.12071.8.2.1
1.6.12277.8.2.1.2.1.1
1.6.12380.8.2.1
1.6.12440.8.2.1.15.3.23.3
1.6.12490.8.2.1.49
1.6.12607.8.2.1.2.2.4.3
1.6.12674.8.2.1
1.6.12740.8.2.1
1.6.12855.8.2.1.7
1.6.12863.8.2.1.13.3
1.6.12946.8.2.1.2.3
1.6.12986.8.2.1.10.2
1.6.13025.8.2.1.5.2.7.8.46
1.6.13199.8.2.1.12.1.3.1
1.6.13224.8.2.1
1.6.13372.8.2.1.42.1
1.6.13376.8.2.1
1.6.13741.8.2.1.2
1.6.13824.8.2.1.21.1
1.6.13889.8.2.1.3.1.1.1
1.6.13946.8.2.1
1.6.14197.8.2.1.2.2.18.5.4
1.6.14293.8.2.1.8.1.4.1
1.6.14302.8.2.1.10
1.6.14727.8.2.1
1.6.14835.8.2.1
1.6.14891.8.2.1.32.16
1.6.14995.8.2.1.4.2
1.6.15006.8.2.1.1.1.1.1.9
1.6.15027.8.2.1.9
1.6.15110.8.2.1.8.1.1.1.4
1.6.15350.8.2.1
1.6.15385.8.2.1.3.1.7.3.8
1.6.15465.8.2.1.7.3.4.1.5
1.6.15468.8.2.1
1.6.15508.8.2.1.7.1.1
1.6.15543.8.2.1.24.2.15.9
1.6.15565.8.2.1.13.1.9.2
1.6.15611.8.2.1.15.3.15
1.6.15737.8.2.1.7.4.6.1
1.6.15866.8.2.1.26.1.2.1.4
1.6.15918.8.2.1.15
1.6.15946.8.2.1.14.7
1.6.16026.8.2.1.2.2.12
1.6.16118.8.2.1.3.2.8.1
1.6.16156.8.2.1.12.1.1
1.6.16188.8.2.1.2.1.2.2.10
1.6.16256.8.2.1.4.5.13
1.6.16301.8.2.1.17.1.1.1.2
1.6.16362.8.2.1.7.7.18
1.6.16420.8.2.1.6.1.1
1.6.16630.8.2.1.20
1.6.16675.8.2.1.1.2.9.2
1.6.16697.8.2.1.2.4.17
1.6.16790.8.2.1.11.4
1.6.16849.8.2.1.3.1.1
1.6.16900.8.2.1.33.4.45
1.6.17001.8.2.1.8.4
1.6.17033.8.2.1.8.1.7.2.22.8
1.6.17036.8.2.1
1.6.17205.8.2.1.5.1
1.6.17250.8.2.1.9.1.11
1.6.17341.8.2.1.23.1.2
1.6.17357.8.2.1.1.1
1.6.17385.8.2.1.24.1.3.1
1.6.17522.8.2.1.1
1.6.17538.8.2.1.2.2.2.2.9
1.6.17551.8.2.1.2.2.15
1.6.17606.8.2.1.1.1.15.4.7
1.6.17714.8.2.1.8.4.13.1
1.6.17727.8.2.1
1.6.17770.8.2.1.12.6.12.1
1.6.17782.8.2.1
1.6.17950.8.2.1
1.6.18112.8.2.1
1.6.18199.8.2.1.7.3
1.6.18255.8.2.1.18.5.12
1.6.18458.8.2.1.6
1.6.18627.8.2.1.8.3
1.6.18759.8.2.1.23.1.20
1.6.18856.8.2.1.3
1.6.18861.8.2.1.1.1.5
1.6.19026.8.2.1.4.3.8
1.6.19193.8.2.1.7.5
1.6.19333.8.2.1.2
1.6.19608.8.2.1
1.6.19843.8.2.1.10
1.6.19917.8.2.1.15
1.6.19933.8.2.1.1.1.4.4
1.6.19937.8.2.1.2.2.5.3.8
1.6.20012.8.2.1
1.6.20049.8.2.1.2
1.6.20094.8.2.1.1.1.1
1.6.20120.8.2.1.13.3.12.5
1.6.20254.8.2.1
1.6.20281.8.2.1.3.2.3.3
1.6.20473.8.2.1.5
1.6.20487.8.2.1.5.7
1.6.20593.8.2.1.2.1.20
1.6.20596.8.2.1
1.6.20685.8.2.1.5.1.1.3.29
1.6.20796.8.2.1.2.2.4.3
1.6.21046.8.2.1.7
1.6.21054.8.2.1.13.3
1.6.21111.8.2.1.6.1.12.3.15
1.6.21183.8.2.1.10.2
1.6.21221.8.2.1
1.6.21976.8.2.1.2.10.32.2
1.6.21994.8.2.1.9.1.10
1.6.22071.8.2.1.3.1.1.1
1.6.22128.8.2.1
1.6.22467.8.2.1.8.1.4.1
1.6.22476.8.2.1.10
1.6.22563.8.2.1.13
1.6.22611.8.2.1
1.6.22681.8.2.1.5
1.6.22816.8.2.1.1.1
1.6.23070.8.2.1.32.16
1.6.23191.8.2.1.3
1.6.23207.8.2.1.9
1.6.23253.8.2.1
1.6.23276.8.2.1.17.1.2
1.6.23462.8.2.1.6.7
1.6.23543.8.2.1.3.1.7.3.8
1.6.23628.8.2.1.49.2.18
1.6.23635.8.2.1
1.6.23672.8.2.1.7.1.1
1.6.23791.8.2.1.17.3.11
1.6.23907.8.2.1.7.4.6.1
1.6.24083.8.2.1.6.1.18.1.18
1.6.24105.8.2.1.4.2.6.8.2.36
1.6.24157.8.2.1.9.3
1.6.24229.8.2.1.1.5.10
1.6.24333.8.2.1.16.2.5.2.35
1.6.24367.8.2.1.2.1.2.2.10
1.6.24435.8.2.1.4.5.13
1.6.24480.8.2.1.17.1.1.1.2
1.6.24543.8.2.1.7.7.18
1.6.24599.8.2.1
1.6.24624.8.2.1.6.1.1
1.6.24841.8.2.1.20
1.6.24886.8.2.1.1.2.9.2
1.6.24908.8.2.1.2.4.17
1.6.24978.8.2.1.11.4
1.6.25022.8.2.1.5.3.7.6
1.6.25082.8.2.1.5.4.11
1.6.25211.8.2.1.23.7
1.6.25430.8.2.1.14.1.18
1.6.25527.8.2.1.23.1.2
1.6.25543.8.2.1.1.1
1.6.25639.8.2.1.9.1
1.6.25698.8.2.1.1
1.6.25714.8.2.1.2.2.2.2.9
1.6.25727.8.2.1.2.2.15
1.6.25878.8.2.1.14.6.12.2
1.6.25893.8.2.1
1.6.25934.8.2.1.12.6.15.1
1.6.25946.8.2.1
1.6.26119.8.2.1
1.6.26285.8.2.1
1.6.26286.8.2.1.3.1.14.1.3
1.6.26430.8.2.1.18.5.12
1.6.26454.8.2.1
1.6.26632.8.2.1.6
1.6.26826.8.2.1.1.1.5.2
1.6.27035.8.2.1.3
1.6.27040.8.2.1.1.1.5
1.6.27204.8.2.1.4.3.8
1.6.27370.8.2.1.7.5
1.6.27510.8.2.1.2
1.6.28044.8.2.1.10
1.6.28152.8.2.1.2.3.12.4.6
1.6.28170.8.2.1.34.1.2
1.6.28276.8.2.1.19.4
1.6.28311.8.2.1.2
1.6.28356.8.2.1.1.1.1
1.6.28382.8.2.1.13.3.12.5
1.6.28546.8.2.1.3
1.6.28719.8.2.1.2.1.1
1.6.28902.8.2.1.13.3.23.3
1.6.28960.8.2.1.5.1.1.3.13
1.6.29110.8.2.1.16.1
1.6.29296.8.2.1
1.6.29361.8.2.1.15.9
1.6.29418.8.2.1.6.1.11.3.38
1.6.29448.8.2.1.2.3
1.6.29491.8.2.1.3.1.1.4.16.15
1.6.29526.8.2.1
1.6.29687.8.2.1.12.1.3.1
1.6.29712.8.2.1
1.6.30310.8.2.1.21.1
1.6.30380.8.2.1.3.1.1.1
1.6.30416.8.2.1.26.6
1.6.30433.8.2.1
1.6.30673.8.2.1.2.2.18.5.4
1.6.30734.8.2.1.2.2.4.1
1.6.30756.8.2.1.8.1.4.1
1.6.30765.8.2.1.10
1.6.30847.8.2.1.1.1.1
1.6.31197.8.2.1
1.6.31464.8.2.1.9
1.6.31511.8.2.1.9
1.6.31564.8.2.1.2.1.34
1.6.31787.8.2.1
1.6.31822.8.2.1.3.1.7.3.8
1.6.31900.8.2.1.4.1.2.2.40
1.6.31942.8.2.1.7.1.1
1.6.31986.8.2.1.24.2.15.9
1.6.32008.8.2.1.13.1.9.2
1.6.32055.8.2.1.17.3.13
1.6.32141.8.2.1.1
1.6.32176.8.2.1.7.4.6.1
1.6.32343.8.2.1.43
1.6.32356.8.2.1
1.6.32369.8.2.1.4.2.6.8.15.21
1.6.32412.8.2.1.9.3
1.6.32484.8.2.1.2.2.12
1.6.32608.8.2.1.12.1.1
1.6.32636.8.2.1.4.5.25
1.6.32705.8.2.1.4.4.21
1.6.32750.8.2.1.17.1.1.1.2
1.6.32811.8.2.1.7.7.18
1.6.33068.8.2.1.20
1.6.33113.8.2.1.1.2.9.2
1.6.33135.8.2.1.2.4.17
1.6.33222.8.2.1.11.4
1.6.33275.8.2.1.3.1.1
1.6.33326.8.2.1.33.4.45
1.6.33482.8.2.1.15.8
1.6.33691.8.2.1.14.1.18
1.6.33955.8.2.1.10.11.17
1.6.33969.8.2.1.3
1.6.34033.8.2.1.1.1.15.4.7
1.6.34143.8.2.1.8.4.13.1
1.6.34156.8.2.1
1.6.34197.8.2.1.12.6.15.1
1.6.34355.8.2.1
1.6.34521.8.2.1
1.6.34564.8.2.1.13
1.6.34656.8.2.1.18.5.12
1.6.34680.8.2.1
1.6.34836.8.2.1
1.6.34851.8.2.1.18
1.6.35132.8.2.1.23.1.20
1.6.35206.8.2.1.2.1.11.4.41
1.6.35228.8.2.1.3
1.6.35233.8.2.1.1.1.5
1.6.35397.8.2.1.4.3.8
1.6.35566.8.2.1.7.2
1.6.35573.8.2.1.13
1.6.35629.8.2.1.5.3
1.6.35711.8.2.1.2
1.6.35824.8.2.1.3.1
1.6.35865.8.2.1
1.6.35992.8.2.1
1.6.36221.8.2.1.10
1.6.36304.8.2.1.2.3.30.9.58
1.6.36322.8.2.1.34.1.2
1.6.36422.8.2.1
1.6.36459.8.2.1.2
1.6.36504.8.2.1.1.1.1
1.6.36530.8.2.1.13.3.12.5
1.6.36667.8.2.1
1.6.36878.8.2.1.2.1.1
1.6.37018.8.2.1.2.2.8
1.6.37046.8.2.1.15.3.23.3
1.6.37108.8.2.1.49
1.6.37229.8.2.1.2.2.4.3
1.6.37456.8.2.1
1.6.37478.8.2.1.17.7.9.4
1.6.37512.8.2.1.15.9
1.6.37631.8.2.1.3.1.1.4.16.5
1.6.37666.8.2.1
1.6.37924.8.2.1
1.6.38148.8.2.1.3.2
1.6.38385.8.2.1.5.1
1.6.38486.8.2.1.21.1
1.6.38551.8.2.1.3.1.1.1
1.6.38585.8.2.1.2.1.2.1
1.6.38586.8.2.1
1.6.38932.8.2.1.8.1.4.1
1.6.38941.8.2.1.10
1.6.39020.8.2.1.1.1.1
1.6.39291.8.2.1.1.1
1.6.39477.8.2.1.4.4
1.6.39488.8.2.1
1.6.39573.8.2.1.8.8.27.8
1.6.39679.8.2.1.23.2.3
1.6.39687.8.2.1.3
1.6.39703.8.2.1.9
1.6.39982.8.2.1.6.7
1.6.40063.8.2.1.3.1.7.3.8
1.6.40141.8.2.1.4.1.2.2.40
1.6.40290.8.2.1.15.3.13
1.6.40379.8.2.1.1
1.6.40414.8.2.1.7.4.6.1
1.6.40586.8.2.1.6.1.18.1.18
1.6.40608.8.2.1.4.2.6.8.2.17
1.6.40647.8.2.1.9.3
1.6.40719.8.2.1.1.5.10
1.6.40794.8.2.1.3.2.8.1
1.6.40834.8.2.1.16.2.5.2.22
1.6.40868.8.2.1.2.1.2.2.10
1.6.40936.8.2.1.4.5.13
1.6.40981.8.2.1.17.1.1.1.2
1.6.41046.8.2.1.7.7.18
1.6.41102.8.2.1
1.6.41254.8.2.1
1.6.41353.8.2.1.20
1.6.41398.8.2.1.1.2.9.2
1.6.41420.8.2.1.2.4.17
1.6.41485.8.2.1
1.6.41517.8.2.1.11.4
1.6.41566.8.2.1.3.1.1
1.6.41617.8.2.1.33.4.45
1.6.41661.8.2.1.4.2
1.6.41698.8.2.1.8.4
1.6.41732.8.2.1.15.8
1.6.41919.8.2.1.5.1
1.6.41971.8.2.1.9.1.27
1.6.42100.8.2.1
1.6.42179.8.2.1.9.1
1.6.42242.8.2.1.2.2.8.4.17
1.6.42252.8.2.1.22.5.11.1.5
1.6.42314.8.2.1.1.1.15.4.7
1.6.42418.8.2.1.4.1.11.3
1.6.42460.8.2.1.1.7.22.4
1.6.42486.8.2.1.12.7.40.1
1.6.42498.8.2.1
1.6.42678.8.2.1
1.6.42851.8.2.1
1.6.42853.8.2.1.1
1.6.43002.8.2.1.6.4.10
1.6.43026.8.2.1
1.6.43201.8.2.1.6
1.6.43575.8.2.1.2.1.11.4.39
1.6.43597.8.2.1.3
1.6.43602.8.2.1.1.1.5
1.6.43768.8.2.1.4.3.8
1.6.43936.8.2.1.7.2
1.6.44001.8.2.1.5.3
1.6.44070.8.2.1.2
1.6.44168.8.2.1.3.1
1.6.44209.8.2.1
1.6.44346.8.2.1
1.6.44576.8.2.1.10
1.6.44684.8.2.1.2.3.12.4.6
1.6.44702.8.2.1.34.1.2
1.6.44796.8.2.1.19.4
1.6.44831.8.2.1.2
1.6.44876.8.2.1.1.1.1
1.6.44902.8.2.1.13.3.12.5
1.6.45024.8.2.1
1.6.45249.8.2.1.2.1.1
1.6.45391.8.2.1.2.2.8
1.6.45419.8.2.1.15.3.23.3
1.6.45468.8.2.1.11.1.6.2
1.6.45474.8.2.1.4.2.13
1.6.45729.8.2.1
1.6.45769.8.2.1
1.6.45789.8.2.1.17.7.9.4
1.6.45823.8.2.1.15.9
1.6.45880.8.2.1.6.1.11.3.38
1.6.45960.8.2.1.3.1.1.4.95.16
1.6.45995.8.2.1
1.6.46156.8.2.1.12.1.3.1
1.6.46181.8.2.1
1.6.46414.8.2.1.9
1.6.46774.8.2.1.21.1
1.6.46839.8.2.1.3.1.1.1
1.6.46872.8.2.1.8.7
1.6.47217.8.2.1.8.1.4.1
1.6.47311.8.2.1.1.1.1
1.6.47565.8.2.1.1.1
1.6.47761.8.2.1
1.6.47859.8.2.1.9.1.3.1.2
1.6.47914.8.2.1.3
1.6.47930.8.2.1.9
1.6.48259.8.2.1
1.6.48294.8.2.1.3.1.7.3.8
1.6.48372.8.2.1.4.1.2.2.40
1.6.48447.8.2.1.24.2.15.9
1.6.48469.8.2.1.13.1.9.2
1.6.48516.8.2.1.17.3.13
1.6.48639.8.2.1.7.4.6.1
1.6.48810.8.2.1.43
1.6.48823.8.2.1
1.6.48836.8.2.1.4.2.6.8.15.23
1.6.48874.8.2.1.9.3
1.6.48930.8.2.1.13
1.6.49002.8.2.1.3.2.8.1
1.6.49040.8.2.1.12.1.1
1.6.49068.8.2.1.4.5.25
1.6.49127.8.2.1.4.5.13
1.6.49172.8.2.1.17.1.1.1.2
1.6.49235.8.2.1.7.7.18
1.6.49423.8.2.1
1.6.49521.8.2.1.20
1.6.49566.8.2.1.1.2.9.2
1.6.49588.8.2.1.2.4.17
1.6.49653.8.2.1
1.6.49685.8.2.1.11.4
1.6.49729.8.2.1.5.3.7.6
1.6.49787.8.2.1.2.2.21
1.6.49928.8.2.1.23.7
1.6.50137.8.2.1.10.3.11
1.6.50228.8.2.1.23.1.2
1.6.50244.8.2.1.1.1
1.6.50409.8.2.1.1
1.6.50425.8.2.1.2.2.2.2.9
1.6.50435.8.2.1.22.5.11.1.5
1.6.50593.8.2.1.4.1.11.3
1.6.50635.8.2.1.1.7.22.4
1.6.50661.8.2.1.12.7.40.1
1.6.50835.8.2.1.7.2.9.1
1.6.50973.8.2.1
1.6.51108.8.2.1.6
1.6.51315.8.2.1.6
1.6.51484.8.2.1.8.3
1.6.51605.8.2.1.23.1.20
1.6.51681.8.2.1.9.2.3
1.6.51706.8.2.1.7.4.26
1.6.51859.8.2.1.1
1.6.51871.8.2.1.8.19.34
1.6.52024.8.2.1.7.2
1.6.52164.8.2.1.2
1.6.52255.8.2.1
1.6.52260.8.2.1.3.1
1.6.52301.8.2.1
1.6.52680.8.2.1.10
1.6.52762.8.2.1.2.3.12.3.12
1.6.52780.8.2.1.35.1.2
1.6.52878.8.2.1.1.1.17.5
1.6.52879.8.2.1
1.6.52916.8.2.1.2
1.6.52961.8.2.1.1.1.1
1.6.52987.8.2.1.13.3.12.5
1.6.53105.8.2.1
1.6.53132.8.2.1.3.4.16
1.6.53332.8.2.1.5
1.6.53427.8.2.1
1.6.53567.8.2.1.5.1.1.3.13
1.6.53668.8.2.1.2.2.4.3
1.6.53910.8.2.1
1.6.53930.8.2.1.17.7.9.4
1.6.53964.8.2.1.15.9
1.6.54021.8.2.1.6.1.11.3.38
1.6.54094.8.2.1.21.2
1.6.54132.8.2.1
1.6.54555.8.2.1.9
1.6.54903.8.2.1.21.1
1.6.54974.8.2.1.3.1.1.1
1.6.55031.8.2.1
1.6.55153.8.2.1.11
1.6.55168.8.2.1.39.2.4.2.10
1.6.55281.8.2.1.2.2.18.5.4
1.6.55338.8.2.1
1.6.55349.8.2.1.8.1.4.1
1.6.55358.8.2.1.10
1.6.55708.8.2.1.1.1
1.6.55884.8.2.1.4.4
1.6.55895.8.2.1
1.6.56092.8.2.1.9
1.6.56178.8.2.1.2.8.48
1.6.56217.8.2.1.1
1.6.56312.8.2.1.3.2
1.6.56423.8.2.1
1.6.56452.8.2.1.3.1.7.3.8
1.6.56524.8.2.1.4.1.2.2.40
1.6.56567.8.2.1.7.1.1
1.6.56676.8.2.1.15.3.13
1.6.56802.8.2.1.7.4.6.1
1.6.56972.8.2.1.16.6.12
1.6.56995.8.2.1.15
1.6.57052.8.2.1.9.3
1.6.57124.8.2.1.2.2.12
1.6.57213.8.2.1.1.1
1.6.57247.8.2.1.12.1.1
1.6.57279.8.2.1.2.1.2.2.10
1.6.57351.8.2.1.4.1.2
1.6.57394.8.2.1.6.1.18.2.32
1.6.57455.8.2.1.7.7.18
1.6.57731.8.2.1.20
1.6.57776.8.2.1.1.2.9.2
1.6.57798.8.2.1.2.4.17
1.6.57891.8.2.1.11.4
1.6.57944.8.2.1.3.1.1
1.6.57995.8.2.1.33.4.45
1.6.58134.8.2.1.23.7
1.6.58350.8.2.1.10.3.11
1.6.58433.8.2.1.23.1.2
1.6.58449.8.2.1.1.1
