1.1.1.21.5.1.8.2.5.9.35
1.1.1.63.5.1.3.2.17.1.2
1.1.1.111.14.2.7.1.3
1.1.1.151.13.4.9.10.39
1.1.1.183.11.1.20.6
1.1.1.190.37.2
1.1.1.221.15.3.11.32.24
1.1.1.553.25.2.7.1.8
1.1.1.579.15.2.5
1.1.1.598.9.2.4.7
1.1.1.683.18.2.8.1
1.1.1.732.5.1.2.4.4
1.1.1.817.39.5.6.7.3.1.2
1.1.1.881.13.3.4
1.1.1.886.36.1.22.16
1.1.1.1075.30.2.18.11.21.2
1.1.1.1107.30.3.16.18.23
1.1.1.1130.5.1.3.6.10.12
1.1.1.1199.5.1.4.1.7
1.1.1.1206.5.1
1.1.1.1240.11.3.4
1.1.1.1271.15.1
1.1.1.1292.5.1.7
1.1.1.1299.39.1.12.16
1.1.1.1366.18.1.12
1.1.1.1435.21.1.4.5
1.1.1.1557.9.1.25
1.1.1.1563.5.1.6.1.4
1.1.1.1620.5.1
1.1.1.1792.27.4.20.10.32.3
1.1.1.1967.10.2.21.8
1.1.1.1984.3
1.1.1.1986.29.2.12.11
1.1.1.2006.5.1
1.1.1.2028.6
1.1.1.2099.5.1.28.12
1.1.1.2173.29.1.34
1.1.1.2204.10.1.5
1.1.1.2286.27.1.28.15
1.1.1.2388.5.1
1.1.1.2618.16.4.5.22.8.3
1.1.1.2724.5.1.8.1.5.2
1.1.1.2742.5.1.9.1.1
1.1.1.2814.5.1.2
1.1.1.2854.14.2.5.11.8
1.1.1.2915.5.1.1.17.16.2
1.1.1.3020.24.2.28.6.4
1.1.1.3029.3
1.1.1.3120.5.1.7.2
1.1.1.3123.5.1.15
1.1.1.3124.5.1.3
1.1.1.3164.5.1.1
1.1.1.3168.5.1
1.1.1.3202.10.1.34.16
1.1.1.3276.5.1.1.5.5.1.3
1.1.1.3281.27.1.10.3
1.1.2.3382.16.2.5.2.9
1.1.2.3434.15.3.6.6.7
1.1.2.3444.16.1.4.1
1.1.2.3526.11.2.8
1.1.2.3701.19.3.25
1.1.2.3751.8.2.4
1.1.2.3804.5.1.10.3.5
1.1.2.3828.17.2.33.1.11.3.17
1.1.2.3837.5.1.1.1.2.2
1.1.2.3902.13.2.10.6.16.1.5
1.1.2.3988.5.1.3.23
1.1.2.3989.13.2.8
1.1.2.4018.14.2.6.22
1.1.2.4088.40.2
1.1.2.4125.5.1.11
1.1.2.4160.36.1.9
1.1.2.4191.5.1.2.4.5
1.1.2.4235.5.1
1.1.2.4265.24.1.10
1.1.2.4284.5.1.1.1
1.1.2.4350.5.1
1.1.2.4456.12
1.1.2.4481.17.1.4
1.1.2.4494.5.1.7
1.1.2.4593.5.1.6.6
1.1.2.4747.9.1.15
1.1.2.4769.22
1.1.2.4836.5.1.58.4.16.4.16
1.1.2.4941.5.1.3.2
1.1.2.4951.5.1.48
1.1.2.4973.5.1.2.1
1.1.2.5035.5.1.3.2.5.1
1.1.2.5122.18.2.23.4.8
1.1.2.5143.17.1.20.12
1.1.2.5195.11.2.15.8.8
1.1.2.5234.37.3.6.3
1.1.2.5271.5.1.7.1.1.1
1.1.2.5316.5.1
1.1.2.5320.5.1.2.2.12.2.29
1.1.2.5332.17.2.8
1.1.2.5396.8.1.11.3
1.1.2.5437.5.1.3.2.17.1.2
1.1.2.5484.5.1.3.2.5
1.1.2.5519.5.1.3.5.7
1.1.2.5548.5.1.25
1.1.2.5566.9.1.18
1.1.2.5657.11.1.4
1.1.2.5667.10.1.9
1.1.2.5750.5.1.2
1.1.2.5829.5.1.23.3
1.1.2.5944.25.2.7.1.8
1.1.2.5970.15.2.5
1.1.2.5989.9.2.4.7
1.1.2.6021.3
1.1.2.6031.5.1
1.1.2.6073.18.2.8.1
1.1.2.6122.5.1.2.1.2
1.1.2.6140.13.2.12
1.1.2.6201.12.2.4.2
1.1.2.6280.5.1.4
1.1.2.6296.15.2.6.5.6
1.1.2.6319.5.1.7.3.5.3.7
1.1.2.6473.30.2.18.11.21.2
1.1.2.6506.35.2.18
1.1.2.6522.5.1.3.21.12.1
1.1.2.6591.5.1.4.1.7
1.1.2.6598.5.1
1.1.2.6659.15.1
1.1.2.6679.5.1.7
1.1.2.6685.35.1.16.8
1.1.2.6750.32.1.8
1.1.2.6751.5.1
1.1.2.6765.16.4.18.1.4.1
1.1.2.6768.5.1.2.1.3.1
1.1.2.6795.5.1.6.1.1.1
1.1.2.6812.5.1.1.39.20
1.1.2.6926.9.1.25
1.1.2.6932.5.1.6.1.4
1.1.2.6989.5.1
1.1.2.7176.27.4.20.10.33.3
1.1.2.7334.18.3.13.1.9.2
1.1.2.7354.10.2.21.8
1.1.2.7371.3
1.1.2.7373.29.2.12.11
1.1.2.7393.5.1
1.1.2.7415.6
1.1.2.7561.29.1.34
1.1.2.7592.10.1.5
1.1.2.7693.21
1.1.2.7757.5.1.1
1.1.2.7787.5.1
1.1.2.7807.5.1.2.2
1.1.2.7858.17.1.33
1.1.2.7981.15
1.1.2.8016.16.4.5.22.8.3
1.1.2.8127.5.1.8.1.5.2
1.1.2.8172.5.1.1.5.4
1.1.2.8172.5.1.2.6
1.1.2.8206.5.1.2
1.1.2.8246.14.2.5.11.8
1.1.2.8280.5.1.4.2.13
1.1.2.8414.24.2.28.6.4
1.1.2.8423.3
1.1.2.8514.5.1.7.2
1.1.2.8517.5.1.15
1.1.2.8518.5.1.3
1.1.2.8558.5.1.1
1.1.2.8660.8.1.4
1.1.2.8674.34.1.15.8
1.1.2.8682.22.1.10.2
1.1.2.8747.9.6.24
1.1.2.8833.15.3.6.6.7
1.1.2.8843.16.1.4.1
1.1.2.9046.5.1.3.5.9.3
1.1.2.9058.3
1.1.2.9227.5.1.10.3.5
1.1.2.9251.17.2.33.1.41.4.14
1.1.2.9260.5.1.1.1.2.2
1.1.2.9336.5.1.1.2.1
1.1.2.9383.12.1.4
1.1.2.9412.5.1.3.23
1.1.2.9413.13.2.8
1.1.2.9442.10.1.13.11.22
1.1.2.9523.40.2
1.1.2.9560.5.1.11
1.1.2.9594.36.1.9
1.1.2.9625.5.1.2.4.5
1.1.2.9662.17.1.8
1.1.2.9692.24.1.10
1.1.2.9924.9.4.4.3
1.1.2.10040.5.1.6.6
1.1.2.10061.22.2.7.1.16
1.1.2.10219.9.1.15
1.1.2.10310.5.1.58.4.16.4.16
1.1.2.10412.5.1.3.2
1.1.2.10422.5.1.48
1.1.2.10607.18.2.23.4.8
1.1.2.10629.5.1.7.4.10.4.9
1.1.2.10673.5.1.2.3
1.1.2.10695.33.3.4.2
1.1.2.10747.5.1.7.1.1.1
1.1.2.10802.5.1.4.2.29
1.1.2.10806.5.1.25.10.36.1.1
1.1.2.10823.5.1.7.1.2
1.1.2.10885.8.1.11.3
1.1.2.10929.17.2.5
1.1.2.10976.14.2.7.1.3
1.1.2.11016.13.4.9.10.39
1.1.2.11048.11.1.20.6
1.1.2.11055.37.2
1.1.2.11086.15.3.11.32.24
1.1.2.11154.11.1.4
1.1.2.11164.10.1.9
1.1.2.11278.5.1
1.1.2.11432.25.2.7.1.8
1.1.2.11458.15.2.5
1.1.2.11473.18.6.18.1.9.2
1.1.2.11477.22.2.12
1.1.2.11569.18.2.8.1
1.1.2.11618.5.1.2.4.4
1.1.2.11700.9.1.6.2
1.1.2.11757.5.1.4
1.1.2.11773.5.1.4
1.1.2.11930.5.1.3.6
1.1.2.11954.30.3.16.18.23
1.1.2.11975.5.1.3.7.10.2
1.1.2.12043.5.1.4.1.7
1.1.2.12050.5.1
1.1.2.12109.15.1
1.1.2.12129.5.1.7
1.1.2.12135.35.1.16.7
1.1.2.12205.18.1.12
1.1.2.12265.5.1.1.30.21
1.1.2.12387.9.1.25
1.1.2.12393.5.1.6.1.4
1.1.2.12448.5.1
1.1.2.12625.27.4.20.10.33.3
1.1.2.12738.6
1.1.2.12778.18.3.20.1.16.2
1.1.2.12798.10.2.21.8
1.1.2.12815.3
1.1.2.12817.29.2.12.11
1.1.2.12858.11.1.13
1.1.2.12868.50.11.10.22.8.4.7
1.1.2.12972.5.1
1.1.2.13167.29.4.8.26
1.1.2.13269.9.1.12.2.1
1.1.2.13427.10.1.21
1.1.2.13488.23.2.6.15.19.8
1.1.2.13505.5.1.5.1.5.5
1.1.2.13523.5.1.9.1.1
1.1.2.13561.5.1.1.5.4
1.1.2.13561.5.1.2.6
1.1.2.13593.5.1.2
1.1.2.13634.14.2.5.11.8
1.1.2.13668.5.1.4.2.13
1.1.2.13700.12.1.4
1.1.2.13812.24.2.28.6.4
1.1.2.13821.3
1.1.2.13912.5.1.7.2
1.1.2.13915.5.1.15
1.1.2.13916.5.1.3
1.1.2.13956.5.1.1
1.1.2.13960.5.1
1.1.2.14076.5.1.2.2.10
1.1.2.14080.9.2.32.4
1.1.2.14149.34.4.6.1.1.1
1.1.2.14175.16.2.5.2.9
1.1.2.14315.11.2.8
1.1.2.14385.16.2.9.9
1.1.2.14434.5.1.3.5.9.3
1.1.2.14446.3
1.1.2.14525.19.3.25
1.1.2.14539.12.2.4
1.1.2.14620.5.1.5.9.11.1.24
1.1.2.14645.17.2.33.1.11.3.44
1.1.2.14654.5.1.1.1.2.2
1.1.2.14729.15.2.7.3
1.1.2.14752.12.1.4
1.1.2.14781.5.1.3.23
1.1.2.14782.13.2.8
1.1.2.14812.10.1.13.11.22
1.1.2.14895.12
1.1.2.14935.5.1.11
1.1.2.15006.5.1.2.4.5
1.1.2.15043.17.1.8
1.1.2.15073.24.1.10
1.1.2.15260.12
1.1.3.15308.9.4.4.3
1.1.3.15416.5.1.6.6
1.1.3.15598.9.1.15
1.1.3.15682.27.1.11
1.1.3.15873.5.1.2.2
1.1.3.15980.18.2.23.4.8
1.1.3.15995.20.3.6.3.6.2.14
1.1.3.16040.5.1.2.3
1.1.3.16057.33.3.4.2
1.1.3.16101.5.1.7.1.1.1
1.1.3.16153.5.1.2.2.12.2.18
1.1.3.16166.17.2.8
1.1.3.16225.37.5.5
1.1.3.16232.35.1.8
1.1.3.16265.5.1.3.2.24.1.2
1.1.3.16313.14.2.7.1.3
1.1.3.16353.13.4.9.7.39
1.1.3.16385.11.1.20.6
1.1.3.16392.37.2
1.1.3.16423.15.3.11.32.24
1.1.3.16467.5.1.1.1.20.10
1.1.3.16767.5.1.9.10.15.12.10
1.1.3.16783.25.2.4.9
1.1.3.16808.29.2.11.11.7.4.5
1.1.3.16945.5.1.2.4.4
1.1.3.17020.12.2.4.2
1.1.3.17085.13.3.4
1.1.3.17090.36.1.22.16
1.1.3.17106.5.1.1.1.9
1.1.3.17273.5.1.3.6
1.1.3.17311.5.1.3.21.12.1
1.1.3.17380.5.1.4.1.8
1.1.3.17388.3
1.1.3.17408.5.1
1.1.3.17452.15.1
1.1.3.17472.5.1.7
1.1.3.17478.35.1.16.8
1.1.3.17547.32.1.8
1.1.3.17548.5.1
1.1.3.17622.21.1.4.5
1.1.3.17711.9.2.4
1.1.3.17750.9.1.25
1.1.3.17756.5.1.6.1.4
1.1.3.17808.5.1
1.1.3.17870.12.1.9.3
1.1.3.17981.27.4.20.10.33.3
1.1.3.18096.6
1.1.3.18174.10.2.21.8
1.1.3.18191.3
1.1.3.18193.29.2.12.11
1.1.3.18213.5.1
1.1.3.18239.11.3.36
1.1.3.18298.25.2
1.1.3.18381.29.1.34
1.1.3.18412.10.1.5
1.1.3.18494.27.1.28.15
1.1.3.18574.5.1.1
1.1.3.18604.5.1
1.1.3.18624.5.1.2.2
1.1.3.18845.10.1.21
1.1.3.18922.5.1.8.1.5.2
1.1.3.18980.5.1.1.5.4
1.1.3.18980.5.1.2.6
1.1.3.19012.5.1.2
1.1.3.19053.14.2.5.11.8
1.1.3.19113.16.3.9.4.14.1.9
1.1.3.19217.24.2.28.6.4
1.1.3.19226.3
1.1.3.19317.5.1.7.2
1.1.3.19320.5.1.15
1.1.3.19321.5.1.3
1.1.3.19361.5.1.1
1.1.3.19410.10.1.4
1.1.3.19505.5.1.2.2.10
1.1.3.19509.9.2.32.4
1.1.3.19570.9.1.5
1.1.3.19761.5.1.5.3
1.1.3.19875.5.1.3.5.9.3
1.1.3.19952.19.3.25
1.1.3.19966.12.2.4
1.1.3.20052.5.1.10.3.5
1.1.3.20076.17.2.33.1.41.4.14
1.1.3.20085.5.1.1.1.2.2
1.1.3.20145.5.1.2.1.4.1.2
1.1.3.20158.33.2.10.14
1.1.3.20182.12.1.4
1.1.3.20216.5.1.3.3.11.1.3
1.1.3.20250.5.1.6.2.5.2.9.3
1.1.3.20449.5.1.2.4.4
1.1.3.20495.17.1.8
1.1.3.20525.5.1.2.1
1.1.3.20528.14.2.10.1.6.7
1.1.3.20531.12
1.1.3.20543.6
1.1.3.20589.21.1.20
1.1.3.20616.5.1
1.1.3.20719.12
1.1.3.20768.9.4.4.3
1.1.3.20884.5.1.6.6
1.1.3.20963.10.1.24
1.1.3.20966.23
1.1.3.21085.5.1.4.3.3
1.1.3.21145.27.1.11
1.1.3.21153.5.1.24.4.15.4.16
1.1.3.21258.5.1.3.2
1.1.3.21268.5.1.48
1.1.3.21417.3
1.1.3.21442.18.2.23.4.8
1.1.3.21460.17.1.13.11
1.1.3.21510.5.1.2.3
1.1.3.21532.33.3.4.2
1.1.3.21620.5.1
1.1.3.21624.5.1.2.2.12.2.33
1.1.3.21643.5.1.7.1.2
1.1.3.21696.5.1.8.2.5.9.35
1.1.3.21738.5.1.3.2.17.1.2
1.1.3.21786.14.2.7.1.3
1.1.3.21826.13.4.9.10.39
1.1.3.21858.11.1.20.6
1.1.3.21865.37.2
1.1.3.21934.19.1.37.7
1.1.3.22041.5.1.2
1.1.3.22160.9.1.4
1.1.3.22205.5.1
1.1.3.22241.25.2.7.1.8
1.1.3.22263.11.1.4.2
1.1.3.22285.29.2.11.11.7.4.5
1.1.3.22418.5.1.2.4.4
1.1.3.22497.21.3.13.5.9
1.1.3.22748.30.2.18.11.21.2
1.1.3.22819.9.2.8.3.1
1.1.3.22895.5.1.4.1.7
1.1.3.22902.5.1
1.1.3.22919.32.1.23
1.1.3.22990.8.1.5.2
1.1.3.23065.18.1.12
1.1.3.23136.21.1.4.5
1.1.3.23224.9.2.4
1.1.3.23263.9.1.25
1.1.3.23269.5.1.6.1.4
1.1.3.23286.20.4.5.3.4.2
1.1.3.23322.5.1
1.1.3.23373.37.1.4
1.1.3.23419.15.3.15.10
1.1.3.23475.3
1.1.3.23490.22.1.18
1.1.3.23666.10.2.21.8
1.1.3.23683.3
1.1.3.23685.29.2.12.11
1.1.3.23724.5.1.3.1.6.5.19
1.1.3.23866.29.1.34
1.1.3.23975.27.1.28.15
1.1.3.24077.5.1
1.1.3.24147.17.1.33
1.1.3.24403.5.1.8.1.5.2
1.1.3.24459.5.1.1.5.4
1.1.3.24459.5.1.2.6
1.1.3.24491.5.1.2
1.1.3.24531.14.2.5.11.8
1.1.3.24565.5.1.4.2.13
1.1.3.24594.5.1.10
1.1.3.24705.3
1.1.3.24794.5.1.1
1.1.3.24797.13.3.8
1.1.3.24838.5.1.2.2.3
1.1.3.24961.5.1.7
1.1.3.25113.15.3.6.6.7
1.1.3.25123.16.1.4.1
1.1.3.25214.11.3.15
1.1.3.25329.5.1.3.5.9.3
1.1.3.25406.19.3.25
1.1.3.25420.12.2.4
1.1.3.25501.5.1.10.3.5
1.1.3.25525.17.2.33.1.41.4.14
1.1.3.25534.5.1.1.1.2.2
1.1.3.25595.5.1.1.2.1
1.1.3.25636.12.1.4
1.1.3.25670.5.1.3.3.11.1.3
1.1.3.25704.5.1.6.2.5.2.9.3
1.1.3.25778.40.2
1.1.3.25818.5.1.11
1.1.3.25852.36.1.9
1.1.3.25883.5.1.2.4.5
1.1.3.25924.17.1.8
1.1.3.25954.24.1.10
1.1.3.25974.5.1.1.1
1.1.3.26003.21.1.20
1.1.3.26030.5.1
1.1.3.26121.12
1.1.3.26170.9.4.4.3
1.1.3.26286.5.1.6.6
1.1.3.26313.22.2.7.1.6
1.1.3.26326.32.3.10.1
1.1.3.26472.9.1.15
1.1.3.26556.27.1.11
1.1.3.26846.18.2.23.4.8
1.1.3.26866.5.1.7.4.10.4.10
1.1.3.26900.26.1.14
1.1.3.26907.8.4.12
1.1.3.26913.5.1.7.7.19.8.25.8
1.1.3.26937.21.2.4.7
1.1.3.27025.14.4.13.6.2
1.1.3.27032.5.1.3.5.5
1.1.3.27048.5.1.7.1.2
1.1.3.27097.5.1.8.2.5.9.35
1.1.3.27140.5.1.3.2.17.1.2
1.1.3.27190.14.2.7.1.3
1.1.3.27230.13.4.9.7.39
1.1.3.27262.11.1.20.6
1.1.3.27269.37.2
1.1.3.27304.9.2.4.1
1.1.3.27306.5.1.1.1.3.1.1.2
1.1.3.27466.5.1.2
1.1.3.27636.5.1
1.1.3.27672.25.2.7.1.8
1.1.3.27698.15.2.5
1.1.3.27713.18.6.18.1.9.2
1.1.3.27717.22.2.12
1.1.3.27806.18.2.8.1
1.1.3.27855.5.1.2.1.2
1.1.3.27872.22.3.6.1.2
1.1.3.27934.5.1
1.1.3.27936.5.1.4.3.19.5.18
1.1.3.27998.13.3.4
1.1.3.28003.36.1.22.16
1.1.3.28019.5.1.1.1.9
1.1.3.28177.30.2.18.11.21.2
1.1.3.28240.5.1.10.3.17.1.15.3
1.1.3.28312.5.1.4.1.7
1.1.3.28319.5.1
1.1.3.28388.15.1
1.1.3.28408.5.1.7
1.1.3.28414.35.1.16.8
1.1.3.28479.32.1.8
1.1.3.28480.5.1
1.1.3.28494.16.4.18.1.4.1
1.1.3.28497.5.1.2.1.3.1
1.1.4.47.21.1.4.5
1.1.4.138.9.2.4
1.1.4.177.9.1.25
1.1.4.183.5.1.6.1.4
1.1.4.236.5.1
1.1.4.411.27.4.20.10.32.3
1.1.4.591.10.2.21.8
1.1.4.608.3
1.1.4.610.29.2.12.11
1.1.4.651.11.3.12
1.1.4.778.5.1.3.1.4
1.1.4.806.10.1.5
1.1.4.888.27.1.28.15
1.1.4.990.5.1
1.1.4.1057.9.1.12.2.1
1.1.4.1226.16.4.5.22.8.3
1.1.4.1333.14.2.8.2.66.6
1.1.4.1353.16.2.7.1
1.1.4.1366.5.1.3.1.1
1.1.4.1393.5.1.1.5.4
1.1.4.1393.5.1.2.6
1.1.4.1427.5.1.2
1.1.4.1468.14.2.5.11.8
1.1.4.1531.16.3.9.4.14.1.9
1.1.4.1599.16.2.19.9
1.1.4.1642.24.2.28.6.4
1.1.4.1651.3
1.1.4.1747.5.1.26
1.1.4.1748.5.1.3
1.1.4.1788.5.1.1
1.1.4.1886.8.1.4
1.1.4.1900.34.1.15.8
1.1.4.1908.5.1.2
1.1.4.2061.15.3.6.6.7
1.1.4.2071.16.1.4.1
1.1.4.2267.5.1.3.5.9.3
1.1.4.2344.19.3.25
1.1.4.2358.12.2.4
1.1.4.2440.5.1.5.9.11.1.30
1.1.4.2463.25.2.14
1.1.4.2541.5.1.2.1.4.1.2
1.1.4.2593.12.1.4
1.1.4.2629.17.2.27.28.8
1.1.4.2630.22.3.28
1.1.4.2657.10.1.13.11.22
1.1.4.2746.12
1.1.4.2861.5.1.2.4.4
1.1.4.2908.17.1.8
1.1.4.2938.24.1.10
1.1.4.2941.14.1.8
1.1.4.2992.21.1.20
1.1.4.3019.5.1
1.1.4.3154.5.1.7
1.1.4.3253.5.1.6.6
1.1.4.3290.32.3.10.1
1.1.4.3509.27.1.11
1.1.4.3626.5.1
1.1.4.3631.5.1.6.2.3.16
1.1.4.3638.5.1.3.3.14.3.20
1.1.4.3644.9.1.6
1.1.4.3736.3
1.1.4.3819.18.2.23.4.8
1.1.4.3839.5.1.8.1.4
1.1.4.3889.11.2.15.8.5
1.1.4.3928.37.3.6.3
1.1.4.3960.5.1.7.1.1.1
1.1.4.4005.5.1
1.1.4.4009.5.1.2.2.12.2.28
1.1.4.4025.5.1.7.1.2
1.1.4.4087.8.1.11.6
1.1.4.4123.5.1.3.2.17.1.2
1.1.4.4171.14.2.7.1.3
1.1.4.4211.13.4.9.7.39
1.1.4.4243.11.1.20.6
1.1.4.4250.37.2
1.1.4.4280.5.1.3.2.5
1.1.4.4653.25.2.7.1.8
1.1.4.4675.11.1.4.2
1.1.4.4699.25.1.13.15
1.1.4.4824.5.1.2.4.4
1.1.4.4892.23.5.6.7.3.1.42
1.1.4.4956.5.1.4
1.1.4.4972.15.2.6.5.6
1.1.4.4995.5.1.7.3.5.3.7
1.1.4.5136.30.2.18.11.21.2
1.1.4.5169.35.2.18
1.1.4.5191.9.2.8.11.3
1.1.4.5270.5.1.4.1.8
1.1.4.5278.3
1.1.4.5363.8.1.5.2
1.1.4.5441.18.1.12
1.1.4.5506.13.2.17
1.1.4.5629.9.1.25
1.1.4.5635.5.1.6.1.4
1.1.4.5659.13.1.8
1.1.4.5725.19.1.12.4
1.1.4.5891.27.4.20.10.34.3
1.1.4.6059.10.2.21.8
1.1.4.6076.3
1.1.4.6078.29.2.12.11
1.1.4.6098.5.1
1.1.4.6119.5.1.3.1.6.5.19
1.1.4.6246.5.1.3.1.4
1.1.4.6292.5.1.2.1
1.1.4.6417.29.4.8.26
1.1.4.6449.5.1
1.1.4.6516.9.1.12.2.1
1.1.4.6681.16.4.5.22.8.3
1.1.4.6784.5.1.2.9.10.5
1.1.4.6800.5.1.1
1.1.4.6881.5.1.2
1.1.4.6917.15.2.11.1.1.1.9
1.1.4.6972.40.2.4.15
1.1.4.7097.3
1.1.4.7182.16.2.10.4
1.1.4.7183.5.1.2.1.4
1.1.4.7210.5.1.4.3.12
1.1.4.7228.5.1.1
1.1.4.7337.5.1.2.2.10
1.1.4.7340.5.1.5
1.1.4.7483.15.3.6.6.7
1.1.4.7493.16.1.4.1
1.1.4.7587.13.2.6.5.6.1
1.1.4.7632.5.1
1.1.4.7667.20.1.4
1.1.4.7680.5.1.3.5.9.3
1.1.4.7753.19.3.25
1.1.4.7767.12.2.4
1.1.4.7772.11
1.1.4.7844.5.1.9.3.19
1.1.4.7868.17.2.33.1.11.3.35
1.1.4.7877.5.1.1.1.2.2
1.1.4.7942.5.1.3.1.4
1.1.4.7960.17.1.10.10
1.1.4.8024.3
1.1.4.8044.45.2.8.4
1.1.4.8076.14.2.6.10
1.1.4.8184.5.1.11
1.1.4.8219.36.1.9
1.1.4.8250.5.1.2.4.5
1.1.4.8287.17.1.8
1.1.4.8317.24.1.10
1.1.4.8370.13
1.1.4.8382.30.1.22
1.1.4.8525.12
1.1.4.8550.17.1.4
1.1.4.8563.5.1.7
1.1.4.8660.5.1.6.6
1.1.4.8696.5.1.15.1
1.1.4.8746.10.1.24
1.1.4.8749.23
1.1.4.8856.5.1.4.3.3
1.1.4.8916.27.1.11
1.1.4.8924.5.1.24.4.15.4.16
1.1.4.9033.5.1.3.2
1.1.4.9043.5.1.48
1.1.4.9226.18.2.23.4.8
1.1.4.9247.17.1.21.12
1.1.4.9297.5.1.2.3
1.1.4.9319.33.3.4.2
1.1.4.9364.5.1.7.1.1.1
1.1.4.9411.5.1
1.1.4.9415.5.1.2.2.12.2.54
1.1.4.9434.5.1.7.1.2
1.1.4.9489.5.1.8.2.5.9.35
1.1.4.9531.5.1.3.2.17.1.2
1.1.4.9578.5.1.3.2.5
1.1.4.9613.5.1.3.5.7
1.1.4.9643.5.1.25
1.1.4.9661.9.1.18
1.1.4.9680.15.3.11.32.24
1.1.4.9827.5.1.2
1.1.4.9908.5.1.23.3
1.1.4.9942.9.1.4
1.1.4.10014.25.2.7.1.8
1.1.4.10040.15.2.5
1.1.4.10059.9.2.4.7
1.1.4.10191.5.1.2.4.4
1.1.4.10324.5.1.4
1.1.4.10340.5.1.4
1.1.4.10479.30.2.18.11.21.2
1.1.4.10540.9.2.8.11.3
1.1.4.10621.5.1.4.1.7
1.1.4.10628.5.1
1.1.4.10661.11.3.4
1.1.4.10692.15.1
1.1.4.10712.5.1.7
1.1.4.10719.39.1.12.15
1.1.4.10786.18.1.12
1.1.4.10836.5.1.6.1.1.1
1.1.4.10853.5.1.1.39.20
1.1.4.10943.9.2.4
1.1.4.10982.9.1.25
1.1.4.10988.5.1.6.1.4
1.1.4.11045.5.1
1.1.4.11110.12.1.9.3
1.1.4.11230.22.1.18
1.1.4.11237.5.1.8.6.4.2
1.1.4.11415.10.2.21.8
1.1.4.11432.3
1.1.4.11434.29.2.12.11
1.1.4.11454.5.1
1.1.4.11475.5.1.3.1.6.5.19
1.1.4.11613.29.1.34
1.1.4.11644.10.1.5
1.1.4.11726.27.1.28.15
1.1.4.11828.5.1
1.1.4.11889.9.1.12.2.1
1.1.4.12103.17.2.9.1
1.1.4.12141.14.2.8.2.20.3
1.1.4.12161.16.2.7.1
1.1.4.12199.5.1.1.5.4
1.1.4.12199.5.1.2.6
1.1.4.12231.5.1.2
1.1.4.12272.14.2.5.11.8
1.1.4.12335.40.2.4.15
1.1.4.12403.16.2.19.9
1.1.4.12446.24.2.28.6.4
1.1.4.12455.3
1.1.4.12549.5.1.1
1.1.4.12552.13.3.8
1.1.4.12593.5.1.2.2.3
1.1.4.12632.10.1.4
1.1.4.12692.8.1.4
1.1.4.12706.34.1.15.8
1.1.4.12714.5.1.2
1.1.4.12860.15.3.6.6.7
1.1.4.12870.16.1.4.1
1.1.4.13230.5.1.10.3.5
1.1.4.13254.17.2.33.1.11.3.17
1.1.4.13263.5.1.1.1.2.2
1.1.4.13330.5.1.1.2.1
1.1.4.13341.15.2.7.3
1.1.4.13365.12.1.4
1.1.4.13394.5.1.3.23
1.1.4.13395.13.2.8
1.1.4.13423.24.2.6.18
1.1.4.13609.5.1.2.4.4
1.1.4.13656.17.1.8
1.1.4.13686.5.1.2.1
1.1.4.13689.14.2.10.1.6.7
1.1.4.13692.12
1.1.4.13704.6
1.1.4.13718.5.1.1.1
1.1.4.13934.9.4.4.3
1.1.4.14044.5.1.6.6
1.1.4.14074.32.3.10.1
1.1.4.14294.27.1.11
1.1.4.14408.5.1.11.1.24
1.1.4.14411.5.1.4.3.8.1.1.11
1.1.4.14416.5.1.13.1.21
1.1.4.14599.8.1.5
1.1.4.14615.43.3.23.8.7.2.4
1.1.4.14651.26.1.14
1.1.4.14658.8.4.12
1.1.4.14671.11.2.15.8.5
1.1.4.14710.37.3.6.3
1.1.4.14737.5.1.7.1.1.1
1.1.4.14781.14.4.13.6.2
1.1.4.14788.5.1.3.5.5
1.1.4.14812.5.1.7.1.2
1.1.4.14874.8.1.11.6
1.1.4.14881.35.1.8
1.1.4.14914.5.1.3.2.24.1.2
1.1.4.14964.14.2.7.1.3
1.1.4.15004.13.4.9.7.39
1.1.4.15036.11.1.20.6
1.1.4.15043.37.2
1.1.4.15074.15.3.11.32.24
1.1.4.15142.11.1.4
1.1.4.15152.10.1.9
1.1.4.15293.3
1.1.4.15300.10.1.19
1.1.4.15402.25.2.7.1.8
1.1.4.15424.11.1.4.2
1.1.4.15446.29.2.11.11.7.4.5
1.1.4.15531.18.2.8.1
1.1.4.15580.5.1.2.4.4
1.1.4.15660.9.1.8.2
1.1.4.15747.5.1.4
1.1.4.15914.5.1.3.6
1.1.4.15939.35.2.18
1.1.4.15955.5.1.3.21.12.1
1.1.4.16023.5.1.11.8.20
1.1.4.16046.5.1.4.4
1.1.4.16057.11.3.4
1.1.4.16088.15.1
1.1.4.16109.5.1.7
1.1.4.16115.35.1.16.8
1.1.4.16186.32.1.8
1.1.4.16187.5.1
1.1.4.16201.16.4.18.1.4.1
1.1.4.16204.5.1.2.1.3.1
1.1.4.16248.5.1.1.7.9.1.2
1.1.4.16317.9.2.4
1.1.4.16356.9.1.25
1.1.4.16362.5.1.6.1.4
1.1.4.16417.5.1
1.1.4.16479.12.1.9.3
1.1.4.16517.17.3
1.1.4.16596.27.4.20.10.32.3
1.1.4.16703.6
1.1.4.16773.10.2.21.8
1.1.4.16790.3
1.1.4.16792.29.2.12.11
1.1.4.16812.5.1
1.1.4.16834.6
1.1.4.16989.20.2
1.1.4.17013.5.1.2.1
1.1.4.17138.29.4.8.26
1.1.4.17170.5.1
1.1.4.17190.5.1.2.2
1.1.4.17238.9.1.12.2.1
1.1.4.17270.5.1.2.2.4.2
1.1.4.17396.16.4.5.22.8.3
1.1.4.17482.23.2.6.15.19.8
1.1.4.17499.5.1.5.1.5.5
1.1.4.17555.10.1.8.3
1.1.4.17557.5.1
1.1.4.17598.5.1.2
1.1.4.17639.14.2.5.11.8
1.1.4.17673.5.1.4.2.13
1.1.4.17806.24.2.28.6.4
1.1.4.17815.3
1.1.4.17906.5.1.7.2
1.1.4.17909.5.1.15
1.1.4.17910.5.1.3
1.1.4.17950.5.1.1
1.1.4.17954.5.1
1.1.4.18075.5.1.7
1.1.4.18500.19.3.25
1.1.4.18514.12.2.4
1.1.4.18519.11
1.1.4.18543.8.2.4
1.1.4.18595.5.1.10.3.5
1.1.4.18617.25.2.14
1.1.4.18702.5.1.3.1.4
1.1.4.18751.12.1.4
1.1.4.18786.5.1.3.29
1.1.4.18787.13.2.8
1.1.4.18812.24.2.6.18
1.1.4.18876.40.2
1.1.4.18914.5.1.11
1.1.4.18949.36.1.9
1.1.4.18980.5.1.2.4.4
1.1.4.19058.24.1.10
1.1.4.19237.12
1.1.4.19286.9.4.4.3
1.1.4.19394.5.1.6.6
1.1.4.19767.5.1
1.1.4.19772.5.1.6.2.3.9
1.1.4.19776.5.1.3.3.24.3.7
1.1.4.19782.9.1.6
1.1.4.19807.5.1.1.2.28
1.1.4.19811.5.1.2.1
1.1.4.19861.5.1.2.2
1.1.4.19984.5.1.8.1.4
1.1.4.20033.5.1.2.3
1.1.4.20055.21.2.4.7
1.1.4.20158.5.1.4.2.33
1.1.4.20162.5.1.25.10.40.1.1
1.1.4.20179.5.1.7.1.2
1.1.4.20240.20.2.4
1.1.4.20268.5.1.3.2.17.1.2
1.1.4.20316.14.2.7.1.3
1.1.4.20356.13.4.9.7.39
1.1.4.20388.11.1.20.6
1.1.4.20395.37.2
1.1.4.20467.19.1.37.7
1.1.4.20579.5.1.2
1.1.4.20669.3
1.1.4.20676.10.1.19
1.1.4.20782.25.2.7.1.8
1.1.4.20802.15.2.5
1.1.4.20821.9.2.4.7
1.1.4.20958.5.1.2.4.4
1.1.4.21043.39.5.6.7.3.1.2
1.1.4.21109.5.1.4
1.1.4.21125.5.1.4
1.1.4.21289.30.2.18.11.21.2
1.1.4.21352.5.1.10.3.17.1.15.3
1.1.4.21426.5.1.11.8.20
1.1.4.21460.11.3.4
1.1.4.21491.15.1
1.1.4.21511.5.1.7
1.1.4.21517.35.1.16.7
1.1.4.21586.32.1.8
1.1.4.21587.5.1
1.1.4.21652.13.2.17
1.1.4.21767.9.1.25
1.1.4.21773.5.1.6.1.4
1.1.4.21797.13.1.8
1.1.4.21863.19.1.12.4
1.1.4.22030.27.4.20.10.34.3
1.1.4.22212.10.2.21.8
1.1.4.22229.3
1.1.4.22231.29.2.12.11
1.1.4.22244.5.1.4.3
1.1.4.22267.11.3.36
1.1.4.22337.5.1.28.12
1.1.4.22354.3
1.1.4.22413.29.1.34
1.1.4.22444.10.1.5
1.1.4.22596.29.4.8.26
1.1.4.22694.9.1.12.2.1
1.1.4.22860.16.4.5.22.8.3
1.1.4.22918.17.2.9.1
1.1.4.22956.14.2.8.2.20.3
1.1.4.22976.16.2.7.1
1.1.4.22989.5.1.3.1.1
1.1.4.23057.5.1.2
1.1.4.23098.14.2.5.11.8
1.1.4.23159.5.1.1.17.16.2
1.1.4.23231.14.2.7.1
1.1.4.23256.3
1.1.4.23347.5.1.7.2
1.1.4.23350.5.1.15
1.1.4.23351.5.1.3
1.1.4.23391.5.1.1
1.1.4.23493.8.1.4
1.1.4.23507.34.1.15.8
1.1.4.23515.22.1.10.2
1.1.4.23580.9.6.24
1.1.4.23760.11.2.8
1.1.4.24030.5.1.9.3.19
1.1.4.24054.17.2.33.1.55.4.32
1.1.4.24063.5.1.1.1.2.2
1.1.4.24123.5.1.2.1.4.1.2
1.1.4.24136.33.2.10.14
1.1.4.24160.12.1.4
1.1.4.24194.5.1.3.3.11.1.3
1.1.4.24228.5.1.6.2.5.2.9.3
1.1.4.24382.36.1.9
1.1.4.24413.5.1.2.4.4
1.1.4.24464.17.1.8
1.1.4.24494.24.1.10
1.1.4.24497.14.1.8
1.1.4.24691.29
1.1.4.24740.9.4.4.3
1.1.4.24856.5.1.6.6
1.1.4.24944.10.1.24
1.1.4.24947.23
1.1.4.25117.27.1.11
1.1.4.25125.5.1.24.4.15.4.16
1.1.4.25234.5.1.3.2
1.1.4.25244.5.1.48
1.1.4.25317.5.1.2.2
1.1.4.25400.3
1.1.4.25425.18.2.23.4.8
1.1.4.25440.20.3.7.4.9
1.1.4.25484.5.1.2.3
1.1.4.25506.21.2.4.7
1.1.4.25607.5.1.4.2.53
1.1.4.25611.5.1.25.10.60.1.1
1.1.4.25628.14.3.7.1.19
1.1.4.25719.17.2.5
1.1.4.25763.5.1.3.2.5
1.1.4.25810.13.4.9.8.4
1.1.4.25842.11.1.20.6
1.1.4.25849.37.2
1.1.4.25949.11.1.4
1.1.4.25959.10.1.9
1.1.4.26043.5.1.2
1.1.4.26126.3
1.1.4.26133.10.1.19
1.1.4.26249.5.1.2
1.1.4.26275.15.2.5
1.1.4.26290.18.6.18.1.9.2
1.1.4.26294.22.2.12
1.1.4.26386.18.2.8.1
1.1.4.26436.5.1.2.4.4
1.1.4.26516.9.1.8.2
1.1.4.26588.13.3.4
1.1.4.26593.36.1.22.16
1.1.4.26609.5.1.1.1.9
1.1.4.26768.30.2.18.11.21.2
1.1.4.26800.30.3.16.18.23
1.1.4.26823.5.1.3.5.13.10
1.1.4.26898.5.1.4.1.8
1.1.4.26906.3
1.1.4.26989.5.1.7
1.1.4.26995.35.1.16.7
1.1.4.27063.32.1.8
1.1.4.27064.5.1
1.1.4.27132.10.1.4.10
1.1.4.27226.9.2.4
1.1.4.27265.9.1.25
1.1.4.27271.5.1.6.1.4
1.1.4.27292.13.1.8
1.1.4.27358.19.1.12.4
1.1.4.27526.27.4.20.10.34.3
1.1.4.27710.10.2.21.8
1.1.4.27727.3
1.1.4.27729.29.2.12.11
1.1.4.27749.5.1
1.1.4.27771.6
1.1.4.27908.5.1
1.1.4.27937.20.2
1.1.4.27961.5.1.2.1
1.1.4.28084.29.4.8.26
1.1.4.28116.5.1
1.1.4.28184.9.1.12.2.1
1.1.4.28217.14.5.8
1.1.4.28327.16.4.5.22.8.3
1.1.4.28436.5.1.8.1.5.2
1.1.4.28454.5.1.9.1.1
1.1.4.28492.5.1.1.5.4
1.1.4.28492.5.1.2.6
1.1.4.28524.5.1.2
1.1.4.28565.14.2.5.11.8
1.1.4.28625.16.3.9.4.14.1.9
1.1.4.28734.24.2.28.6.4
1.1.4.28743.3
1.1.4.28830.5.1.41.2.25
1.1.4.28831.14.3.52.10.31.1.1
1.1.4.28834.5.1.62.4.5
1.1.4.28874.5.1.2.2.3
1.1.4.28989.5.1.1.5.5.1.3
1.1.4.28993.5.1.16.6.5
1.1.4.29047.9.6.24
1.1.4.29140.15.3.6.6.7
1.1.4.29150.16.1.4.1
1.1.4.29244.13.2.6.5.6.1
1.1.4.29289.5.1
1.1.4.29322.20.1.4
1.1.4.29335.5.1.3.5.9.3
1.1.4.29347.3
1.1.4.29417.19.3.25
1.1.4.29522.5.1.10.3.5
1.1.4.29546.17.2.33.1.11.3.17
1.1.4.29555.5.1.1.1.2.2
1.1.4.29619.5.1.3.1.4
1.1.4.29662.12.1.4
1.1.4.29697.5.1.3.29
1.1.4.29698.13.2.8
1.1.4.29795.40.2
1.1.4.29836.5.1.11
1.1.4.29871.36.1.9
1.1.4.29902.5.1.2.4.5
1.1.4.29944.17.1.8
1.1.4.29974.5.1.2.1
1.1.4.29977.14.2.10.1.6.7
1.1.4.29980.12
1.1.4.29991.3
1.1.4.30005.5.1.1.1
1.1.4.30224.9.4.4.3
1.1.4.30332.5.1.6.6
1.1.4.30369.32.3.10.1
1.1.4.30507.9.1.15
1.1.4.30529.22
1.1.4.30596.5.1.58.4.16.4.16
1.1.4.30695.5.1
1.1.4.30700.5.1.6.2.3.16
1.1.4.30707.5.1.3.3.14.3.20
1.1.4.30713.9.1.6
1.1.4.30785.5.1.2.2
1.1.4.30900.18.2.23.4.8
1.1.4.30922.5.1.7.4.10.4.9
1.1.4.30956.26.1.14
1.1.4.30963.8.4.12
1.1.4.30969.5.1.7.7.19.8.25.7
1.1.4.30993.33.3.4.2
1.1.4.31037.5.1.7.1.1.1
1.1.4.31081.14.4.13.6.2
1.1.4.31088.5.1.3.5.5
1.1.4.31100.22.3
1.1.4.31116.5.1.7.1.2
1.1.4.31173.37.5.5
1.1.4.31180.35.1.8
1.1.4.31214.5.1.3.2.24.1.2
1.1.4.31262.14.2.7.1.3
1.1.4.31302.13.4.9.7.39
1.1.4.31334.11.1.20.6
1.1.4.31341.37.2
1.1.4.31372.15.3.11.32.24
1.1.4.31589.3
1.1.4.31596.10.1.19
1.1.4.31698.25.2.7.1.8
1.1.4.31724.15.2.5
1.1.4.31743.9.2.4.7
1.1.4.31775.3
1.1.4.31785.5.1
1.1.4.31829.18.2.8.1
1.1.4.31878.5.1.2.4.4
1.1.4.31946.23.5.6.7.3.1.42
1.1.4.32010.5.1.2.1.1.2.3
1.1.4.32015.5.1.13.5.10
1.1.4.32020.10.2.10.6
1.1.4.32211.30.2.18.11.21.2
1.1.4.32244.35.2.18
1.1.4.32261.5.1.3.21.12.1
1.1.4.32336.5.1.4.1.7
1.1.4.32343.5.1
1.1.4.32395.15.1
1.1.4.32415.5.1.7
1.1.4.32422.39.1.12.16
1.1.4.32488.18.1.12
1.1.4.32558.10.1.4.10
1.1.4.32675.9.1.25
1.1.4.32681.5.1.6.1.4
1.1.4.32698.20.4.5.3.4.2
1.1.4.32731.5.1
1.1.4.32847.5.1.3.3.25
1.1.4.32879.5.1.4.2
1.1.4.32902.27.4.20.10.18.3
1.1.4.33017.6
1.1.4.33095.10.2.21.8
1.1.4.33112.3
1.1.4.33114.29.2.12.11
1.1.4.33134.5.1
1.1.4.33155.5.1.3.1.6.5.19
1.1.4.33279.5.1
1.1.4.33289.29.1.34
1.1.4.33320.10.1.5
1.1.4.33385.5.1.11.3
1.1.4.33393.11
1.1.4.33513.5.1
1.1.4.33573.9.1.12.2.12
1.1.4.33601.14.5.8
1.1.4.33732.16.4.5.22.8.3
1.1.4.33832.5.1.8.1.5.2
1.1.4.33928.5.1.2
1.1.4.33968.14.2.5.11.8
1.1.4.34031.16.3.9.4.14.1.9
1.1.4.34096.16.2.19.9
1.1.4.34139.24.2.28.6.4
1.1.4.34148.3
1.1.4.34242.5.1.1
1.1.4.34245.13.3.8
1.1.4.34287.5.1.2.2.3
1.1.4.34407.5.1.2.2.10
1.1.4.34410.34.1.14.9
1.1.4.34515.16.2.5.2.9
1.1.4.34652.11.2.8
1.1.4.34766.5.1.3.5.9.3
1.1.4.34778.3
1.1.4.34857.19.3.25
1.1.4.34871.12.2.4
1.1.4.34947.5.1.5.9.22.6.16
1.1.4.34972.17.2.33.1.11.3.36
1.1.4.34981.5.1.1.1.2.2
1.1.4.35054.15.2.7.3
1.1.4.35077.12.1.4
1.1.4.35111.5.1.3.3.11.1.3
1.1.4.35141.11.1.4.2.8
1.1.4.35341.5.1.2.4.5
1.1.4.35385.5.1
1.1.4.35415.5.1.2.1
1.1.4.35418.14.2.10.1.6.7
1.1.4.35421.12
1.1.4.35433.6
1.1.4.35447.5.1.1.1
1.1.4.35651.9.4.4.3
1.1.4.35767.5.1.6.6
1.1.4.35790.8.3.15.5
1.1.4.35956.9.1.15
1.1.5.36044.27.1.11
1.1.5.36052.5.1.24.4.15.4.16
1.1.5.36156.5.1.3.2
1.1.5.36166.5.1.48
1.1.5.36360.18.2.23.4.8
1.1.5.36378.17.1.13.11
1.1.5.36425.5.1.2.3
1.1.5.36447.21.2.4.7
1.1.5.36489.5.1.7.1.1.1
1.1.5.36536.5.1
1.1.5.36540.5.1.2.2.12.2.39
1.1.5.36559.5.1.7.1.2
1.1.5.36618.22.2.17
1.1.5.36624.15.2.8.2.10.3
1.1.5.36657.5.1.3.2.24.1.2
1.1.5.36705.14.2.7.1.3
1.1.5.36745.13.4.9.7.39
1.1.5.36777.11.1.20.6
1.1.5.36784.37.2
1.1.5.36853.19.1.37.7
1.1.5.37015.5.1
1.1.5.37066.3
1.1.5.37073.10.1.19
1.1.5.37182.25.2.7.1.8
1.1.5.37208.15.2.5
1.1.5.37223.18.6.18.1.9.2
1.1.5.37227.22.2.12
1.1.5.37319.18.2.8.1
1.1.5.37368.5.1.2.1.2
1.1.5.37385.22.3.6.1.2
1.1.5.37519.5.1.4
1.1.5.37535.5.1.4
1.1.5.37679.30.2.18.11.21.2
1.1.5.37712.35.2.18
1.1.5.37732.5.1.4.2.2.2
1.1.5.37803.11.1.9.21
1.1.5.37900.8.1.5.2
1.1.5.37976.18.1.12
1.1.5.38044.10.1.4.10
1.1.5.38170.9.1.25
1.1.5.38176.5.1.6.1.4
1.1.5.38232.5.1
1.1.5.38335.17.3
1.1.5.38410.27.4.20.10.34.3
1.1.5.38554.18.3.20.1.16.2
1.1.5.38574.10.2.21.8
1.1.5.38591.3
1.1.5.38593.29.2.12.11
1.1.5.38628.11.3.12
1.1.5.38883.27.1.28.15
1.1.5.38963.5.1.1
1.1.5.38993.5.1
1.1.5.39210.16.4.5.22.8.3
1.1.5.39266.17.2.9.1
1.1.5.39305.5.1.8.1.5.2
1.1.5.39323.5.1.9.1.1
1.1.5.39364.10.1.8.3
1.1.5.39366.5.1
1.1.5.39405.5.1.2
1.1.5.39445.14.2.5.11.8
1.1.5.39508.16.3.9.4.14.1.9
1.1.5.39629.3
1.1.5.39639.5.1.1.1
1.1.5.39706.5.1.7.2
1.1.5.39709.5.1.15
1.1.5.39710.5.1.3
1.1.5.39750.5.1.1
1.1.5.39874.5.1.2.2.10
1.1.5.39877.5.1.5
1.1.5.40027.15.3.6.6.7
1.1.5.40311.11
1.1.5.40335.8.2.4
1.1.5.40380.5.1.5.9.22.6.16
1.1.5.40405.17.2.33.1.11.3.36
1.1.5.40414.5.1.1.1.2.2
1.1.5.40472.5.1.2.1.4.1.2
1.1.5.40553.5.1.3.23
1.1.5.40554.13.2.8
1.1.5.40584.10.1.13.11.22
1.1.5.40665.40.2
1.1.5.40702.5.1.11
1.1.5.40736.36.1.9
1.1.5.40767.5.1.2.4.5
1.1.5.40804.17.1.8
1.1.5.40834.24.1.10
1.1.5.41028.38
1.1.5.41053.17.1.4
1.1.5.41066.5.1.7
1.1.5.41165.5.1.6.6
1.1.5.41200.32.3.10.1
1.1.5.41324.9.1.15
1.1.5.41408.27.1.11
1.1.5.41515.5.1
1.1.5.41520.5.1.6.2.3.9
1.1.5.41524.5.1.3.3.24.3.7
1.1.5.41530.9.1.6
1.1.5.41602.5.1.2.2
1.1.5.41709.18.2.23.4.8
1.1.5.41731.5.1.8.1.4
1.1.5.41774.15.2.7.20.27.2
1.1.5.41797.33.3.4.2
1.1.5.41889.5.1
1.1.5.41893.5.1.2.2.12.2.29
1.1.5.41906.17.2.8
1.1.5.41961.8.1.11.6
1.1.5.41968.35.1.8
1.1.5.42001.5.1.3.2.24.1.2
1.1.5.42048.5.1.3.2.5
1.1.5.42083.5.1.3.5.7
1.1.5.42112.5.1.25
1.1.5.42130.9.1.18
1.1.5.42149.15.3.11.32.24
1.1.5.42192.5.1.1.1.20.10
1.1.5.42221.11.1.4
1.1.5.42231.10.1.9
1.1.5.42487.5.1.2
1.1.5.42513.15.2.5
1.1.5.42532.9.2.4.7
1.1.5.42564.3
1.1.5.42574.5.1
1.1.5.42616.18.2.8.1
1.1.5.42665.5.1.2.4.4
1.1.5.42755.9.1.8.2
1.1.5.42824.13.3.4
1.1.5.42829.36.1.22.16
1.1.5.42845.5.1.1.1.9
1.1.5.43003.5.1.3.6
1.1.5.43058.5.1.10.3.17.1.15.3
1.1.5.43132.5.1.11.8.20
1.1.5.43196.15.1
1.1.5.43216.5.1.7
1.1.5.43223.39.1.12.15
1.1.5.43288.32.1.8
1.1.5.43289.5.1
1.1.5.43303.16.4.18.1.4.1
1.1.5.43306.5.1.2.1.3.1
1.1.5.43357.5.1.1.39.32
1.1.5.43478.9.1.25
1.1.5.43484.5.1.6.1.4
1.1.5.43534.5.1
1.1.5.43726.22.1.18
1.1.5.43918.10.2.21.8
1.1.5.43935.3
1.1.5.43937.29.2.12.11
1.1.5.43957.5.1
1.1.5.43983.11.3.36
1.1.5.44004.16.2.6.3.7.3.20
1.1.5.44060.5.1.28.12
1.1.5.44125.5.1
1.1.5.44154.20.2
1.1.5.44178.5.1.2.1
1.1.5.44303.29.4.8.26
1.1.5.44401.9.1.12.2.1
1.1.5.44651.5.1.8.1.5.2
1.1.5.44696.5.1.1.5.4
1.1.5.44696.5.1.2.6
1.1.5.44759.5.1.1.1.4
1.1.5.44822.5.1.1.17.16.3
1.1.5.44920.24.2.28.6.4
1.1.5.44929.3
1.1.5.45020.5.1.7.2
1.1.5.45023.5.1.15
1.1.5.45024.5.1.3
1.1.5.45064.5.1.1
1.1.5.45068.5.1
1.1.5.45192.5.1.2.2.10
1.1.5.45195.34.1.14.9
1.1.5.45341.15.3.6.6.7
1.1.5.45351.16.1.4.1
1.1.5.45613.19.3.25
1.1.5.45717.5.1.10.3.5
1.1.5.45741.17.2.33.1.11.3.17
1.1.5.45750.5.1.1.1.2.2
1.1.5.45808.5.1.2.1.4.1.2
1.1.5.45821.33.2.10.14
1.1.5.45845.12.1.4
1.1.5.45879.5.1.3.3.11.1.3
1.1.5.45911.5.1.1.2.5.2
1.1.5.46022.5.1.11
1.1.5.46057.36.1.9
1.1.5.46088.5.1.2.4.5
1.1.5.46125.17.1.8
1.1.5.46155.24.1.10
1.1.5.46207.21.1.20
1.1.5.46234.5.1
1.1.5.46382.9.4.4.3
1.1.5.46500.5.1.6.6
1.1.5.46534.13.3.10.1
1.1.5.46844.14.2.8.5
1.1.5.46848.5.1.7.1.3.4.46
1.1.5.46876.5.1.1.2.21
1.1.5.46880.5.1.2.1
1.1.5.46933.5.1.2.2
1.1.5.47040.18.2.23.4.8
1.1.5.47061.5.1.7.4.12.13.7
1.1.5.47095.26.1.14
1.1.5.47108.15.2.7.20.27.2
1.1.5.47128.33.3.4.2
1.1.5.47177.5.1.7.1.1.1
1.1.5.47229.5.1.4.2.29
1.1.5.47233.5.1.25.10.36.1.1
1.1.5.47250.14.3.7.1.19
1.1.5.47305.5.1.8.2.5.9.35
1.1.5.47346.5.1.3.2.24.1.2
1.1.5.47394.14.2.7.1.3
1.1.5.47434.13.4.9.10.39
1.1.5.47466.11.1.20.6
1.1.5.47473.37.2
1.1.5.47734.3
1.1.5.47741.10.1.19
1.1.5.47851.13.2.8.12.11.2.11
1.1.5.47879.15.2.5
1.1.5.47898.9.2.4.7
1.1.5.47987.18.2.8.1
1.1.5.48036.5.1.2.4.4
1.1.5.48104.23.5.6.7.3.1.42
1.1.5.48136.5.1.2.1.2.2
1.1.5.48175.5.1.4
1.1.5.48330.30.2.18.11.21.2
1.1.5.48395.9.2.8.11.3
1.1.5.48468.5.1.4.1.8
1.1.5.48476.3
1.1.5.48533.15.1
1.1.5.48553.5.1.7
1.1.5.48560.13.2.7.6.6
1.1.5.48625.18.1.12
1.1.5.48693.10.1.4.10
1.1.5.48823.9.1.25
1.1.5.48829.5.1.6.1.4
1.1.5.48853.13.1.8
1.1.5.48919.19.1.12.4
1.1.5.49000.17.3
1.1.5.49084.27.4.20.10.24.3
1.1.5.49237.18.3.20.1.16.2
1.1.5.49257.10.2.21.8
1.1.5.49274.3
1.1.5.49276.29.2.12.11
1.1.5.49318.11.3.36
1.1.5.49385.5.1.28.12
1.1.5.49418.13.3
1.1.5.49516.5.1.2.1
1.1.5.49641.29.4.8.26
1.1.5.49673.5.1
1.1.5.49736.9.1.12.2.1
1.1.5.49895.16.4.5.15.10.3
1.1.5.49996.14.2.8.2.20.3
1.1.5.50016.16.2.7.1
1.1.5.50029.5.1.3.1.1
1.1.5.50098.5.1.2
1.1.5.50139.14.2.5.11.8
1.1.5.50202.16.3.9.4.14.1.9
1.1.5.50267.16.2.19.9
1.1.5.50310.24.2.28.6.4
1.1.5.50319.3
1.1.5.50406.5.1.41.2.25
1.1.5.50407.14.3.52.10.31.1.1
1.1.5.50410.5.1.62.4.5
1.1.5.50450.5.1.2.2.3
1.1.5.50489.10.1.4
1.1.5.50559.5.1.2.2.10
1.1.5.50563.9.2.32.4
1.1.5.50706.15.3.6.6.7
1.1.5.50716.16.1.4.1
1.1.5.50994.19.3.25
1.1.5.51008.12.2.4
1.1.5.51013.11
1.1.5.51088.5.1.10.3.5
1.1.5.51112.17.2.33.1.41.4.14
1.1.5.51121.5.1.1.1.2.2
1.1.5.51186.5.1.3.1.4
1.1.5.51199.15.2.7.3
1.1.5.51223.12.1.4
1.1.5.51257.5.1.3.3.11.1.3
1.1.5.51353.12
1.1.5.51393.5.1.11
1.1.5.51472.5.1.2.4.4
1.1.5.51542.24.1.10
1.1.5.51592.21.1.20
1.1.5.51619.5.1
1.1.5.51742.38
1.1.5.51767.17.1.4
1.1.5.51780.5.1.7
1.1.5.51884.5.1.6.6
1.1.5.51905.22.2.7.1.16
1.1.5.51918.32.3.10.1
1.1.5.52138.27.1.11
1.1.5.52146.5.1.24.4.15.4.16
1.1.5.52254.5.1
1.1.5.52259.5.1.6.2.3.9
1.1.5.52266.5.1.3.3.14.3.16
1.1.5.52272.9.1.6
1.1.5.52297.5.1.1.2.28
1.1.5.52301.5.1.2.1
1.1.5.52351.5.1.2.2
1.1.5.52482.5.1.7.4.12.10.56
1.1.5.52516.26.1.14
1.1.5.52523.8.4.12
1.1.5.52536.11.2.15.8.5
1.1.5.52575.37.3.6.3
1.1.5.52607.5.1.7.1.1.1
1.1.5.52656.14.4.13.6.2
1.1.5.52663.5.1.3.5.5
1.1.5.52681.17.2.8
1.1.5.52752.5.1.5.5
1.1.5.52784.5.1.3.2.17.1.2
1.1.5.52831.5.1.3.2.5
1.1.5.52866.5.1.3.5.7
1.1.5.52895.5.1.25
1.1.5.52913.9.1.18
1.1.5.52970.19.1.37.7
1.1.5.53151.3
1.1.5.53158.10.1.19
1.1.5.53273.25.2.7.1.8
1.1.5.53299.15.2.5
1.1.5.53318.9.2.4.7
1.1.5.53407.18.2.8.1
1.1.5.53457.5.1.2.4.4
1.1.5.53534.12.2.4.2
1.1.5.53601.5.1.5
1.1.5.53614.5.1.11.6.9
1.1.5.53775.30.2.18.11.21.2
1.1.5.53808.35.2.18
1.1.5.53829.9.2.8.11.3
1.1.5.53915.5.1.4.1.7
1.1.5.53922.5.1
1.1.5.53955.11.3.4
1.1.5.53986.15.1
1.1.5.54006.5.1.7
1.1.5.54012.35.1.16.7
1.1.5.54081.32.1.8
1.1.5.54082.5.1
1.1.5.54137.5.1.6.1.1.1
1.1.5.54154.5.1.1.39.20
1.1.5.54278.9.1.25
1.1.5.54284.5.1.6.1.4
1.1.5.54308.13.1.8
1.1.5.54374.19.1.12.4
1.1.5.54465.17.3
1.1.5.54540.27.4.20.10.34.3
1.1.5.54724.10.2.21.8
1.1.5.54741.3
1.1.5.54743.29.2.12.11
1.1.5.54763.5.1
1.1.5.54789.11.3.36
1.1.5.55028.5.1.12.3
1.1.5.55036.11
1.1.5.55064.21
1.1.5.55150.5.1
1.1.5.55244.14.5.8
1.1.5.55354.16.4.5.15.10.3
1.1.5.55407.17.2.9.1
1.1.5.55446.5.1.8.1.5.2
1.1.5.55498.5.1.1.5.4
1.1.5.55498.5.1.2.6
1.1.5.55532.5.1.2
1.1.5.55572.14.2.5.11.8
1.1.5.55635.40.2.4.15
1.1.5.55759.3
1.1.5.55769.5.1.1.1
1.1.5.55836.5.1.7.2
1.1.5.55839.5.1.15
1.1.5.55840.5.1.3
1.1.5.55998.5.1.2.2.10
1.1.5.56002.9.2.32.4
1.1.5.56059.9.6.24
1.1.5.56160.15.3.6.6.7
1.1.5.56170.16.1.4.1
1.1.5.56253.11.2.8
1.1.5.56353.5.1.9.2
1.1.5.56536.5.1.9.3.19
1.1.5.56560.17.2.33.1.11.3.35
1.1.5.56569.5.1.1.1.2.2
1.1.5.56638.5.1.1.2.1
1.1.5.56649.15.2.7.3
1.1.5.56673.12.1.4
1.1.5.56707.5.1.3.3.11.1.3
1.1.5.56739.5.1.1.2.5.2
1.1.5.56896.36.1.9
1.1.5.56937.22.1.4.1
1.1.5.56982.17.1.8
1.1.5.57012.5.1.2.1
1.1.5.57015.14.2.10.1.6.7
1.1.5.57018.12
1.1.5.57208.12
1.1.5.57233.17.1.4
1.1.5.57246.5.1.7
1.1.5.57343.5.1.6.6
1.1.5.57363.8.3.15.5
1.1.5.57575.27.1.11
1.1.5.57755.5.1.2.2.34.10
1.1.5.57783.5.1.3.2.26.1
1.1.5.57870.18.2.23.4.8
1.1.5.57885.20.3.6.3.6.2.14
1.1.5.57930.5.1.2.3
1.1.5.57952.33.3.4.2
1.1.5.58004.5.1.7.1.1.1
1.1.5.58049.5.1
1.1.5.58053.5.1.2.2.12.2.28
1.1.5.58072.5.1.7.1.2
1.1.5.58134.8.1.11.3
1.1.5.58174.5.1.3.2.24.1.2
1.1.5.58222.14.2.7.1.3
1.1.5.58262.13.4.9.7.39
1.1.5.58294.11.1.20.6
1.1.5.58301.37.2
1.1.5.58332.15.3.11.32.24
1.1.5.58570.15.1.5
1.1.5.58695.5.1.2
1.1.5.58721.15.2.5
1.1.5.58740.9.2.4.7
1.1.5.58825.18.2.8.1
1.1.5.58874.5.1.2.1.2
1.1.5.58891.22.3.6.1.2
1.1.5.59025.5.1.4
1.1.5.59041.5.1.4
1.1.5.59197.30.2.18.12.40.2
1.1.5.59229.30.3.16.18.23
1.1.5.59250.5.1.3.7.10.2
1.1.5.59322.5.1.4.1.7
1.1.5.59329.5.1
1.1.5.59417.8.1.5.2
1.1.5.59493.32.1.8
1.1.5.59494.5.1
1.1.5.59560.5.1.12
1.1.5.59644.9.2.4
1.1.5.59681.9.1.25
1.1.5.59687.5.1.6.1.4
1.1.5.59742.5.1
1.1.5.59807.12.1.9.3
1.1.5.59928.5.1.12.1
1.1.5.60075.18.3.20.1.16.2
1.1.5.60095.10.2.21.8
1.1.5.60112.3
1.1.5.60114.29.2.12.11
1.1.5.60155.11.3.12
1.1.5.60337.5.1.2.1
1.1.5.60462.29.4.8.26
1.1.5.60494.5.1
1.1.5.60561.9.1.12.2.1
1.1.5.60589.14.5.8
1.1.5.60727.10.1.21
1.1.5.60806.5.1.2.9.10.5
1.1.5.60822.5.1.1
1.1.5.60833.5.1
1.1.5.60862.5.1.1.5.4
1.1.5.60862.5.1.2.6
1.1.5.60894.5.1.2
1.1.5.60934.14.2.5.11.8
1.1.5.60992.16.3.9.4.20.1.9
1.1.5.61107.24.2.28.6.4
1.1.5.61116.3
1.1.5.61207.5.1.7.2
1.1.5.61210.5.1.15
1.1.5.61211.5.1.3
1.1.5.61251.5.1.1
1.1.5.61255.5.1
1.1.5.61370.5.1.2.2.10
1.1.5.61374.9.2.32.4
1.1.5.61431.9.6.24
1.1.5.61532.15.3.6.6.7
1.1.5.61699.16.2.9.9
1.1.5.61823.19.3.25
1.1.5.61837.12.2.4
1.1.5.61842.11
1.1.5.61910.5.1.5.9.22.6.16
1.1.5.61935.17.2.33.1.11.3.36
1.1.5.61944.5.1.1.1.2.2
1.1.5.62005.5.1.2.1.4.1.2
1.1.5.62088.17.2.27.28.8
1.1.5.62089.22.3.28
1.1.5.62118.14.2.6.22
1.1.5.62190.12
1.1.5.62265.36.1.9
1.1.5.62296.5.1.2.4.4
1.1.5.62343.17.1.8
1.1.5.62373.24.1.10
1.1.5.62392.5.1.1.1
1.1.5.62421.21.1.20
1.1.5.62448.5.1
1.1.5.62559.12
1.1.5.62584.17.1.4
1.1.5.62597.5.1.7
1.1.5.62694.5.1.6.6
1.1.5.62885.5.1.4.3.3
1.1.5.62944.27.1.11
1.1.5.62952.5.1.24.4.15.4.16
1.1.5.63062.5.1.3.2
1.1.5.63072.5.1.48
1.1.5.63254.18.2.23.4.8
1.1.5.63274.5.1.7.4.10.4.8
1.1.5.63308.26.1.14
1.1.5.63315.8.4.12
1.1.5.63321.5.1.7.7.19.8.25.10
1.1.5.63345.33.3.4.2
1.1.5.63448.5.1.3.6.11
1.1.5.63464.5.1.7.1.2
1.1.5.63519.5.1.8.2.5.9.35
1.1.5.63561.5.1.3.2.17.1.2
1.1.5.63608.5.1.3.2.5
1.1.5.63643.5.1.3.5.7
1.1.5.63672.5.1.25
1.1.5.63690.9.1.18
1.1.5.63709.15.3.11.32.24
1.1.5.63753.5.1.1.1.20.9
1.1.5.63782.11.1.4
1.1.5.63792.10.1.9
1.1.5.63871.5.1.2
1.1.5.63960.3
1.1.5.63967.10.1.19
1.1.5.64037.5.1
1.1.5.64073.25.2.7.1.8
1.1.5.64095.11.1.4.2
1.1.5.64119.25.1.13.15
1.1.5.64240.5.1.2.4.4
1.1.5.64329.5.1.16
1.1.5.64401.5.1.2.1.1.2.3
1.1.5.64406.5.1.13.5.10
1.1.5.64411.10.2.10.6
1.1.5.64421.16.2.5.4.3
1.1.5.64581.30.2.18.11.21.2
1.1.5.64613.30.3.16.18.23
1.1.5.64636.5.1.3.6.10.11
1.1.5.64710.5.1.4.1.7
1.1.5.64717.5.1
1.1.5.64795.5.1.7
1.1.5.64801.35.1.16.7
1.1.5.64869.18.1.12
1.1.5.64938.10.1.4.10
1.1.5.65030.9.2.4
1.1.5.65067.9.1.25
1.1.5.65073.5.1.6.1.4
1.1.5.65129.5.1
1.1.5.65188.12.1.9.3
1.1.5.65303.27.4.20.10.33.3
1.1.5.65487.10.2.21.8
1.1.5.65504.3
1.1.5.65506.29.2.12.11
1.1.5.65526.5.1
1.1.5.65548.6
1.1.5.65681.5.1
1.1.5.65763.5.1.12.3
1.1.5.65771.11
1.1.5.65799.21
1.1.5.65863.5.1.1
1.1.5.65893.5.1
1.1.5.65963.17.1.33
1.1.5.66095.15
1.1.5.66130.16.4.5.22.8.3
1.1.5.66219.23.2.6.15.24.5
1.1.5.66236.5.1.5.1.5.5
1.1.5.66254.5.1.9.1.1
1.1.5.66299.10.1.8.3
1.1.5.66301.5.1
1.1.5.66342.5.1.2
1.1.5.66383.14.2.5.11.8
1.1.5.66417.5.1.4.2.13
1.1.5.66445.21.2.4.17
1.1.5.66549.24.2.28.6.4
1.1.5.66558.3
1.1.5.66649.5.1.7.2
1.1.5.66652.5.1.15
1.1.5.66653.5.1.3
1.1.5.66802.8.1.4
1.1.5.66816.34.1.15.8
1.1.5.66824.5.1.2
1.1.5.66968.15.3.6.6.7
1.1.5.66978.16.1.4.1
1.1.5.67061.11.2.8
1.1.5.67161.20.1.4
1.1.5.67174.5.1.3.5.9.3
1.1.5.67186.3
1.1.5.67256.19.3.25
1.1.5.67270.12.2.4
1.1.5.67343.5.1.5.9.22.6.16
1.1.5.67368.17.2.33.1.11.3.36
1.1.5.67377.5.1.1.1.2.2
1.1.5.67437.5.1.2.1.4.1.2
1.1.5.67525.17.2.27.28.8
1.1.5.67526.22.3.28
1.1.5.67555.14.2.6.22
1.1.5.67703.36.1.9
1.1.5.67734.5.1.2.4.5
1.1.5.67778.5.1
1.1.5.67804.5.1.2.1
1.1.5.67807.14.2.10.1.6.7
1.1.5.67810.12
1.1.5.67822.6
1.1.5.67836.5.1.1.1
1.1.5.67867.5.1.1.1
1.1.5.67897.5.1
1.1.5.68005.12
1.1.5.68030.17.1.4
1.1.5.68043.5.1.7
1.1.5.68151.5.1.6.6
1.1.5.68171.8.3.15.5
1.1.5.68239.10.1.24
1.1.5.68242.23
1.1.5.68419.27.1.11
1.1.5.68521.5.1
1.1.5.68526.5.1.6.2.3.16
1.1.5.68533.5.1.3.3.14.3.20
1.1.5.68539.9.1.6
1.1.5.68564.5.1.1.2.28
1.1.5.68568.5.1.2.1
1.1.5.68697.3
1.1.5.68722.18.2.23.4.8
1.1.5.68742.5.1.8.1.4
1.1.5.68791.5.1.2.3
1.1.5.68813.33.3.4.2
1.1.5.68865.5.1.7.1.1.1
1.1.5.68915.5.1.4.2.30
1.1.5.68919.5.1.25.10.37.1.1
1.1.5.68931.23.2.15.7
1.1.5.68982.21.2.20.12
1.1.5.69026.5.1.3.2.17.1.2
1.1.5.69073.5.1.3.2.5
1.1.5.69120.13.4.9.8.4
1.1.5.69152.11.1.20.6
1.1.5.69159.37.2
1.1.5.69228.19.1.37.7
1.1.5.69485.5.1
1.1.5.69521.25.2.7.1.8
1.1.5.69547.15.2.5
1.1.5.69566.9.2.4.7
1.1.5.69655.18.2.8.1
1.1.5.69704.5.1.2.4.4
1.1.5.69781.12.2.4.2
1.1.5.69848.13.3.4
1.1.5.69853.36.1.22.16
1.1.5.69869.5.1.1.1.9
1.1.5.70028.30.2.18.11.21.2
1.1.5.70088.5.1.3.21.12.1
1.1.5.70159.5.1.11.8.20
1.1.5.70246.8.1.5.2
1.1.5.70324.18.1.12
1.1.5.70392.10.1.4.10
1.1.5.70520.45.3
1.1.5.70526.12.1.12.27
1.1.5.70582.5.1
1.1.5.70647.12.1.9.3
1.1.5.70685.17.3
1.1.5.70750.3
1.1.5.70767.14.2.9.6.14.3
1.1.5.70770.5.1.12.1
1.1.5.70925.18.3.13.1.9.2
1.1.5.70945.10.2.21.8
1.1.5.70962.3
1.1.5.70964.29.2.12.11
1.1.5.70984.5.1
1.1.5.71010.11.3.36
1.1.5.71103.13.3
1.1.5.71150.29.1.34
1.1.5.71181.10.1.5
1.1.5.71333.29.4.8.26
1.1.5.71365.5.1
1.1.5.71432.9.1.12.2.1
1.1.5.71683.14.2.8.2.20.3
1.1.5.71703.16.2.7.1
1.1.5.71741.5.1.1.5.4
1.1.5.71741.5.1.2.6
1.1.5.71775.5.1.2
1.1.5.71811.15.2.11.1.1.1.9
1.1.5.71867.13.1.6.2.7
1.1.5.71868.19
1.1.5.71873.5.1.1
1.1.5.71934.16.2.19.9
1.1.5.71972.24.2.28.6.4
1.1.5.71981.3
1.1.5.72072.5.1.7.2
1.1.5.72075.5.1.15
1.1.5.72076.5.1.3
1.1.5.72116.5.1.1
1.1.5.72120.5.1
1.1.5.72226.8.1.4
1.1.5.72229.24.1.19
1.1.5.72241.9.2.30.4
1.1.5.72290.9.1.5
1.1.5.72378.15.3.6.6.7
1.1.5.72388.16.1.4.1
1.1.5.72583.5.1.3.5.9.3
1.1.5.72656.19.3.25
1.1.5.72670.12.2.4
1.1.5.72753.5.1.10.3.5
1.1.5.72777.17.2.33.1.11.3.17
1.1.5.72786.5.1.1.1.2.2
1.1.5.72855.5.1.1.2.1
1.1.5.72871.17.1.10.10
1.1.5.72904.12.1.4
1.1.5.72938.5.1.3.3.11.1.3
1.1.5.72968.11.1.4.2.8
1.1.5.73053.40.2
1.1.5.73094.5.1.11
1.1.5.73173.5.1.2.4.5
1.1.5.73217.5.1
1.1.5.73247.24.1.10
1.1.5.73327.5.1
1.1.5.73434.29
1.1.5.73459.17.1.4
1.1.5.73472.5.1.7
1.1.5.73571.5.1.6.6
1.1.5.73605.5.1.15.1
1.1.5.73758.5.1.4.3.3
1.1.5.73818.27.1.11
1.1.5.73920.5.1
1.1.5.73925.5.1.6.2.3.16
1.1.5.73932.5.1.3.3.14.3.20
1.1.5.73938.9.1.6
1.1.5.73964.5.1.1.2.21
1.1.5.73968.5.1.2.1
1.1.5.74138.18.2.23.4.8
1.1.5.74158.5.1.8.1.4
1.1.5.74208.5.1.2.3
1.1.5.74230.33.3.4.2
1.1.5.74279.5.1.7.1.1.1
1.1.5.74325.14.4.13.6.2
1.1.5.74332.5.1.3.5.5
1.1.5.74396.5.1.8.2.5.9.35
1.1.5.74433.5.1.3.2.24.1.2
1.1.5.74481.14.2.7.1.3
1.1.5.74521.13.4.9.7.39
1.1.5.74553.11.1.20.6
1.1.5.74560.37.2
1.1.5.74591.15.3.11.32.24
1.1.5.74816.3
1.1.5.74823.10.1.19
1.1.5.74928.5.1.2
1.1.5.74954.15.2.5
1.1.5.74969.18.6.18.1.9.2
1.1.5.74973.22.2.12
1.1.5.75112.5.1.2.1.2
1.1.5.75130.10.1.6.11
1.1.5.75266.5.1.4
1.1.5.75282.5.1.4
1.1.5.75433.30.2.18.12.40.2
1.1.5.75494.5.1.3.28.8.1
1.1.5.75561.5.1.11.8.20
1.1.5.75634.15.1
1.1.5.75654.5.1.7
1.1.5.75661.39.1.12.15
1.1.5.75729.32.1.8
1.1.5.75730.5.1
1.1.5.75744.16.4.18.1.4.1
1.1.5.75747.5.1.2.1.3.1
1.1.5.75792.5.1.1.30.23
1.1.5.75914.9.1.25
1.1.5.75920.5.1.6.1.4
1.1.5.75972.5.1
1.1.5.76081.15.3.15.10
1.1.5.76147.27.4.20.10.34.3
1.1.5.76303.18.3.20.1.25.2
1.1.5.76323.10.2.21.8
1.1.5.76340.3
1.1.5.76342.29.2.12.11
1.1.5.76362.5.1
1.1.5.76384.6
1.1.5.76523.29.1.34
1.1.5.76554.10.1.5
1.1.5.76611.5.1.12.3
1.1.5.76619.11
1.1.5.76647.21
1.1.5.76733.5.1
1.1.5.76796.9.1.12.2.1
1.1.5.76828.5.1.2.2.4.2
1.1.5.76963.16.4.5.22.8.3
1.1.5.77074.5.1.8.1.5.2
1.1.5.77092.5.1.9.1.1
1.1.5.77128.10.1.8.3
1.1.5.77130.5.1
1.1.5.77169.5.1.2
1.1.5.77209.14.2.5.11.8
1.1.5.77270.5.1.1.17.16.2
1.1.5.77334.16.2.19.9
1.1.5.77377.24.2.28.6.4
1.1.5.77386.3
1.1.5.77477.5.1.7.2
1.1.5.77480.5.1.15
1.1.5.77481.5.1.3
1.1.5.77558.10.1.4
1.1.5.77618.8.1.4
1.1.5.77621.24.1.19
1.1.5.77633.5.1.2.2.2
1.1.5.77870.11.2.8
1.1.5.77980.5.1.6.2
1.1.5.78046.19.3.25
1.1.5.78060.12.2.4
1.1.5.78143.5.1.5.9.11.1.60
1.1.5.78168.17.2.33.1.11.3.80
1.1.5.78177.5.1.1.1.2.2
1.1.5.78242.13.2.10.6.16.1.5
1.1.5.78328.5.1.3.3.11.1.3
1.1.5.78362.5.1.6.2.5.2.9.3
1.1.5.78551.5.1.2.4.5
1.1.5.78588.17.1.8
1.1.5.78618.5.1.2.1
1.1.5.78621.14.2.10.1.6.4
1.1.5.78624.12
1.1.5.78636.6
1.1.5.78782.14
1.1.5.78832.38
1.1.5.78881.9.4.4.3
1.1.5.78997.5.1.6.6
1.1.5.79031.5.1.15.1
1.1.5.79165.9.1.15
1.1.5.79357.5.1.3.2
1.1.5.79367.5.1.48
1.1.5.79440.5.1.2.2
1.1.5.79553.18.2.23.4.8
1.1.5.79573.5.1.7.4.10.4.10
1.1.5.79607.26.1.14
1.1.5.79620.15.2.7.20.27.2
1.1.5.79643.33.3.4.2
1.1.5.79692.5.1.7.1.1.1
1.1.5.79739.5.1
1.1.5.79743.5.1.2.2.12.2.39
1.1.5.79755.17.2.8
1.1.5.79819.8.1.11.6
1.1.5.79826.35.1.8
1.1.5.79859.5.1.3.2.24.1.2
1.1.5.79907.14.2.7.1.3
1.1.5.79947.13.4.9.7.39
1.1.5.79979.11.1.20.6
1.1.5.79986.37.2
1.1.5.80174.5.1.2
1.1.5.80224.5.1
1.1.5.80403.25.2.7.1.8
1.1.5.80429.15.2.5
1.1.5.80448.9.2.4.7
1.1.5.80537.18.2.8.1
1.1.5.80586.5.1.2.4.4
1.1.5.80671.39.5.6.7.3.1.2
1.1.5.80735.5.1.4
1.1.5.80751.5.1.4
1.1.5.80892.5.1.3.6
1.1.5.80917.35.2.18
1.1.5.80934.5.1.3.21.12.1
1.1.5.81006.5.1.4.1.7
1.1.5.81013.5.1
1.1.5.81065.15.1
1.1.5.81085.5.1.7
1.1.5.81092.39.1.12.16
1.1.5.81160.18.1.12
1.1.5.81228.10.1.4.10
1.1.5.81325.9.2.4
1.1.5.81362.9.1.25
1.1.5.81368.5.1.6.1.4
1.1.5.81424.5.1
1.1.5.81604.5.1.12.1
1.1.5.81749.18.3.20.1.25.2
1.1.5.81769.10.2.21.8
1.1.5.81786.3
1.1.5.81788.29.2.12.11
1.1.5.81808.5.1
1.1.5.81830.6
1.1.5.81928.13.3
1.1.5.81988.15.2
1.1.5.82161.29.4.8.26
1.1.5.82184.15.1.5.2.5.1.2
1.1.5.82214.5.1.2.2
1.1.5.82288.5.1.2.2.4.2
1.1.5.82436.10.1.21
1.1.5.82514.5.1.8.1.5.2
1.1.5.82532.5.1.9.1.1
1.1.5.82563.5.1.1.5.4
1.1.5.82563.5.1.2.6
1.1.5.82597.5.1.2
1.1.5.82638.14.2.5.11.8
1.1.5.82703.13.1.6.2.7
1.1.5.82704.19
1.1.5.82709.5.1.1
1.1.5.82798.3
1.1.5.82892.5.1.1
1.1.5.82895.13.3.8
1.1.5.82937.5.1.1
1.1.5.82941.5.1
1.1.5.82975.10.1.34.16
1.1.5.83061.5.1.2.2.10
1.1.5.83065.9.2.32.4
1.1.5.83170.16.2.5.2.9
1.1.5.83216.17.1.4.3
1.1.5.83320.13.2.6.5.6.1
1.1.5.83365.5.1
1.1.5.83398.5.1.9.2
1.1.5.83492.19.3.25
1.1.5.83506.12.2.4
1.1.5.83585.5.1.5.9.11.1.28
1.1.5.83610.17.2.33.1.11.3.48
1.1.5.83619.5.1.1.1.2.2
1.1.5.83679.5.1.2.1.4.1.2
1.1.5.83766.17.2.27.28.8
1.1.5.83767.22.3.28
1.1.5.83796.10.1.13.11.22
1.1.5.83877.40.2
1.1.5.83917.5.1.11
1.1.5.83952.36.1.9
1.1.5.83993.22.1.4.1
1.1.5.84041.5.1
1.1.5.84071.24.1.10
1.1.5.84145.5.1
1.1.5.84278.5.1.7
1.1.5.84375.5.1.6.6
1.1.5.84398.8.3.15.5
1.1.5.84646.27.1.11
1.1.5.84748.5.1
1.1.5.84753.5.1.6.2.3.9
1.1.5.84760.5.1.3.3.14.3.16
1.1.5.84766.9.1.6
1.1.5.84791.5.1.1.2.28
1.1.5.84797.5.1.2.2.47.6
1.1.5.84953.18.2.23.4.8
1.1.5.85017.15.2.7.20.27.2
1.1.5.85037.21.2.4.7
1.1.5.85079.5.1.7.1.1.1
1.1.5.85123.14.4.13.6.2
1.1.5.85130.5.1.3.5.5
1.1.5.85148.17.2.8
1.1.5.85236.5.1.3.2.24.1.2
1.1.5.85283.5.1.3.2.5
1.1.5.85349.5.1.42
1.1.5.85367.9.1.18
1.1.5.85386.15.3.11.32.24
1.1.5.85453.11.1.4
1.1.5.85463.10.1.9
1.1.5.85538.5.1.2
1.1.5.85621.3
1.1.5.85628.10.1.19
1.1.5.85738.25.2.7.1.8
1.1.5.85766.15.2.5
1.1.5.85781.18.6.18.1.9.2
1.1.5.85785.22.2.12
1.1.5.85934.5.1.2.1.2
1.1.5.85952.10.1.6.11
1.1.5.86025.12.2.4.2
1.1.5.86097.5.1.4
1.1.5.86113.5.1.4
1.1.5.86270.30.2.18.12.40.2
1.1.5.86302.30.3.16.18.23
1.1.5.86325.5.1.3.5.13.10
1.1.5.86396.5.1.11.8.20
1.1.5.86462.15.1
1.1.5.86482.5.1.7
1.1.5.86489.39.1.12.15
1.1.5.86560.32.1.8
1.1.5.86561.5.1
1.1.5.86635.21.1.4.5
1.1.5.86725.9.2.4
1.1.5.86762.9.1.25
1.1.5.86768.5.1.6.1.4
1.1.5.86822.5.1
1.1.5.87000.27.4.20.10.32.3
1.1.5.87109.6
1.1.5.87185.10.2.21.8
1.1.5.87202.3
1.1.5.87204.29.2.12.11
1.1.5.87224.5.1
1.1.5.87245.5.1.3.1.6.5.19
1.1.5.87374.29.1.34
1.1.5.87405.10.1.5
1.1.5.87561.29.4.8.26
1.1.5.87819.10.1.21
1.1.5.87907.5.1.2.9.10.5
1.1.5.87923.5.1.1
1.1.5.87955.5.1.1.5.4
1.1.5.87955.5.1.2.6
1.1.5.87989.5.1.2
1.1.5.88029.14.2.5.11.8
1.1.5.88063.5.1.4.2.13
1.1.5.88084.10.2.13.9.30
1.1.5.88200.24.2.28.6.4
1.1.5.88209.3
1.1.5.88300.5.1.7.2
1.1.5.88303.5.1.15
1.1.5.88304.5.1.3
1.1.5.88342.5.1.3.1
1.1.5.88342.16.1.9
1.1.5.88440.8.1.4
1.1.5.88443.24.1.19
1.1.5.88455.16.1.9.15
1.1.5.88507.9.1.5
1.1.5.88562.16.2.5.2.9
1.1.5.88605.15.3.6.6.7
1.1.5.88615.16.1.4.1
1.1.5.88874.19.3.25
1.1.5.88888.12.2.4
1.1.5.88968.5.1.5.9.22.6.16
1.1.5.88993.17.2.33.1.11.3.36
1.1.5.89002.5.1.1.1.2.2
1.1.5.89066.5.1.3.1.4
1.1.5.89115.12.1.4
1.1.5.89151.17.2.27.28.8
1.1.5.89152.22.3.28
1.1.5.89181.14.2.6.22
1.1.5.89292.5.1.11
1.1.5.89371.5.1.2.4.4
1.1.5.89425.5.1
1.1.5.89451.24.1.10
1.1.5.89470.5.1.1.1
1.1.5.89675.9.4.4.3
1.1.5.89794.5.1.6.6
1.1.5.89968.9.1.15
1.1.5.90052.27.1.11
1.1.5.90160.5.1.3.2
1.1.5.90170.5.1.48
1.1.5.90350.18.2.23.4.8
1.1.5.90370.5.1.7.4.10.4.10
1.1.5.90408.15.2.7.20.27.2
1.1.5.90431.33.3.4.2
1.1.5.90523.5.1
1.1.5.90527.5.1.2.2.12.2.29
1.1.5.90543.5.1.7.1.2
1.1.5.90596.8.1.11.6
1.1.5.90604.48.1.22
1.1.5.90637.5.1.3.2.24.1.2
1.1.5.90684.5.1.3.2.5
1.1.5.90749.11.1.20.6
1.1.5.90756.37.2
1.1.5.90786.5.1.3.2.5
1.1.5.90863.11.1.4
1.1.5.90873.10.1.9
1.1.5.90956.5.1.2
1.1.5.91038.3
1.1.5.91045.10.1.19
1.1.5.91154.5.1.2
1.1.5.91180.15.2.5
1.1.5.91199.9.2.4.7
1.1.5.91287.18.2.8.1
1.1.5.91336.5.1.2.4.4
1.1.5.91421.39.5.6.7.3.1.2
1.1.5.91699.30.2.18.11.21.2
1.1.5.91764.9.2.8.11.3
1.1.5.91845.5.1.4.1.8
1.1.5.91853.3
1.1.5.91917.15.1
1.1.5.91937.5.1.7
1.1.5.91944.39.1.12.15
1.1.5.92014.18.1.12
1.1.5.92081.5.1.12
1.1.5.92193.9.1.25
1.1.5.92199.5.1.6.1.4
1.1.5.92219.9.1.6
1.1.5.92223.13.1.8
1.1.5.92289.19.1.12.4
1.1.5.92327.37.1.4
1.1.5.92438.3
1.1.5.92454.22.1.18
1.1.5.92461.5.1.8.6.4.2
1.1.5.92636.10.2.21.8
1.1.5.92653.3
1.1.5.92655.29.2.12.11
1.1.5.92675.5.1
1.1.5.92701.11.3.36
1.1.5.92845.29.1.34
1.1.5.92954.27.1.28.15
1.1.5.93056.5.1
1.1.5.93126.17.1.33
1.1.5.93294.16.4.5.22.8.3
1.1.5.93401.14.2.8.2.20.3
1.1.5.93497.5.1.2
1.1.5.93538.14.2.5.11.8
1.1.5.93572.5.1.4.2.13
1.1.5.93600.12.1.4
1.1.5.93720.3
1.1.5.93730.5.1.1.1
1.1.5.93797.5.1.7.2
1.1.5.93800.5.1.15
1.1.5.93801.5.1.3
1.1.5.93841.5.1.1
1.1.5.93968.5.1.2.2.10
1.1.5.93971.34.1.14.9
1.1.5.94031.9.6.24
1.1.5.94114.15.3.6.6.7
1.1.5.94124.16.1.4.1
1.1.5.94206.13.3.12
1.1.5.94220.5.1.11
1.1.5.94263.16.2.9.9
1.1.5.94288.40.1.10
1.1.5.94376.19.3.25
1.1.5.94390.12.2.4
1.1.5.94395.11
1.1.5.94419.8.2.4
1.1.5.94471.5.1.10.3.5
1.1.5.94495.17.2.33.1.11.3.17
1.1.5.94504.5.1.1.1.2.2
1.1.5.94565.5.1.1.2.1
1.1.5.94612.12.1.4
1.1.5.94647.5.1.3.29
1.1.5.94648.13.2.8
1.1.5.94860.5.1.2.4.5
1.1.5.94924.5.1.2.1
1.1.5.94927.14.2.10.1.6.9
1.1.5.94930.12
1.1.5.94942.6
1.1.5.95153.17.1.4
1.1.5.95166.5.1.7
1.1.5.95263.5.1.6.6
1.1.5.95538.27.1.11
1.1.5.95640.5.1
1.1.5.95645.5.1.6.2.3.9
1.1.5.95652.5.1.3.3.14.3.16
1.1.5.95658.9.1.6
1.1.5.95841.18.2.23.4.8
1.1.5.95859.17.1.13.11
1.1.5.95908.11.2.15.8.8
1.1.5.95946.37.3.6.3
1.1.6.38.5.1.4.2.32
1.1.6.42.5.1.25.10.39.1.1
1.1.6.55.17.2.8
1.1.6.110.8.1.11.3
1.1.6.151.5.1.3.2.17.1.2
1.1.6.199.14.2.7.1.3
1.1.6.239.13.4.9.10.39
1.1.6.271.11.1.20.6
1.1.6.278.37.2
1.1.6.309.15.3.11.32.24
1.1.6.348.19.1.37.7
1.1.6.377.11.1.4
1.1.6.387.10.1.9
1.1.6.527.5.1.23.3
1.1.6.605.5.1
1.1.6.644.5.1.2
1.1.6.672.15.2.5
1.1.6.691.9.2.4.7
1.1.6.779.18.2.8.1
1.1.6.828.5.1.2.4.4
1.1.6.905.12.2.4.2
1.1.6.962.5.1.5
1.1.6.1154.5.1.3.6
1.1.6.1179.35.2.18
1.1.6.1201.9.2.8.11.3
1.1.6.1283.5.1.4.1.7
1.1.6.1290.5.1
1.1.6.1306.5.1.2.6
1.1.6.1357.15.1
1.1.6.1377.5.1.7
1.1.6.1383.35.1.16.7
1.1.6.1451.18.1.12
1.1.6.1520.10.1.4.10
1.1.6.1617.9.2.4
1.1.6.1654.9.1.25
1.1.6.1660.5.1.6.1.4
1.1.6.1681.13.1.8
1.1.6.1747.19.1.12.4
1.1.6.2087.10.2.21.8
1.1.6.2104.3
1.1.6.2106.29.2.12.11
1.1.6.2141.6
1.1.6.2283.29.1.34
1.1.6.2318.10.1.5
1.1.6.2400.27.1.28.15
1.1.6.2502.5.1
1.1.6.2830.5.1.8.1.5.2
1.1.6.2875.5.1.1.5.4
1.1.6.2875.5.1.2.6
1.1.6.2907.5.1.2
1.1.6.2947.14.2.5.11.8
1.1.6.2981.5.1.4.2.13
1.1.6.3010.5.1.10
1.1.6.3073.16.2.19.9
1.1.6.3116.24.2.28.6.4
1.1.6.3125.3
1.1.6.3219.5.1.1
1.1.6.3222.13.3.8
1.1.6.3264.5.1.2.2.3
1.1.6.3382.5.1.2.2.10
1.1.6.3385.5.1.5
1.1.6.3528.15.3.6.6.7
1.1.6.3538.16.1.4.1
1.1.6.3631.13.2.6.5.6.1
1.1.6.3723.5.1.3.5.9.3
1.1.6.3800.19.3.25
1.1.6.3814.12.2.4
1.1.6.3892.5.1.9.3.19
1.1.6.3916.17.2.33.1.11.3.58
1.1.6.3925.5.1.1.1.2.2
1.1.6.3985.5.1.2.1.4.1.2
1.1.6.4072.5.1.3.29
1.1.6.4073.13.2.8
1.1.6.4101.24.2.6.18
1.1.6.4283.5.1.2.4.5
1.1.6.4327.5.1
1.1.6.4357.5.1.2.1
1.1.6.4360.14.2.10.1.6.7
1.1.6.4363.12
1.1.6.4375.6
1.1.6.4423.5.1.1.1
1.1.6.4577.29
1.1.6.4626.9.4.4.3
1.1.6.4745.5.1.6.6
1.1.6.4772.22.2.7.1.6
1.1.6.4785.32.3.10.1
1.1.6.4943.5.1.4.3.3
1.1.6.5003.27.1.11
1.1.6.5126.5.1
1.1.6.5131.5.1.6.2.3.16
1.1.6.5135.5.1.3.3.24.3.7
1.1.6.5141.9.1.6
1.1.6.5166.5.1.1.2.28
1.1.6.5170.5.1.2.1
1.1.6.5323.18.2.23.4.8
1.1.6.5344.5.1.8.1.4
1.1.6.5394.11.2.15.8.5
1.1.6.5433.37.3.6.3
1.1.6.5470.5.1.7.1.1.1
1.1.6.5516.14.4.13.6.2
1.1.6.5523.5.1.3.5.5
1.1.6.5535.22.3
1.1.6.5551.5.1.7.1.2
1.1.6.5613.8.1.11.6
1.1.6.5651.5.1.3.2.24.1.2
1.1.6.5698.5.1.3.2.5
1.1.6.5733.5.1.3.5.7
1.1.6.5763.5.1.25
1.1.6.5781.9.1.18
1.1.6.5800.15.3.11.32.24
1.1.6.5867.11.1.4
1.1.6.5877.10.1.9
1.2.252.2.1.2.2.6.1.2
1.2.270.10.5.14.4.3.1.3
1.2.318.2.1.1.1.11
1.2.384.2.1.1
1.2.395.6.3.15.1.5.3
1.2.545.8.4.4.2.38.1.3
1.2.574.4.2.6.2.16.1.22
1.2.671.2.1.19.5.13
1.2.759.1
1.2.787.3
1.2.951.12.6
1.2.1035.8.4.11.5.5.1.1
1.2.1060.4.2.3.1
1.2.1253.2.1.1
1.2.1360.4.2.2.1.1.1
1.2.1400.4.2.4.1.2
1.2.1405.6.3.10.2.4.4.17
1.2.1499.6.3.20.4.8
1.2.1568.4.2
1.2.1647.4.2.21.2.14
1.2.1783.2.1.5.3
1.2.1844.2.1.11.1.6
1.2.2124.6.3.6.12
1.2.2209.2.1.1.1.10.4
1.2.2440.8.4.15.12.19
1.2.2477.2.1.15.1.17.6
1.2.2502.4.2.10
1.2.2544.8.4.28
1.2.2563.2.1.1.1
1.2.2606.4.2
1.2.2694.2.1
1.2.2851.2.1.7.1
1.2.2902.4.2.5.3
1.2.3146.2.1
1.2.3276.4.2.20.2
1.2.3310.2.1.9.2.4.5.28
1.2.3702.2.1.13.1.5.2
1.2.3735.4.2.3.2.10.1
1.2.3742.2.1.1.1.5.3.9
1.2.3839.2.1
1.2.3844.2.1.1.1.5.4.3
1.2.3886.4.2.32.1.2
1.2.3945.2.1.22.1.37
1.2.3989.2.1.3.1.24
1.2.4002.4.2.2.3.3.6
1.2.4159.2.1.2.3
1.2.4290.4.2.6.2.30
1.2.4293.2.1.14
1.2.4298.2.1.1.6.39
1.2.4326.6.3.5.1.2.2.17
1.2.4357.6.3.5
1.2.4490.2.1.1.1
1.2.4534.6.3.12.2.4.3.4
1.2.4543.2.1.29.1.17.1.10
1.2.4693.10.5.14.4.5
1.2.4763.8.4
1.2.4765.4.2.9.2.4.1.23
1.2.5040.2.1.2.1.3.1
1.2.5180.6.3.6.2.4.1
1.2.5180.6.3.6.2.6.1
1.2.5233.8.4.20.1.5.1
1.2.5342.2.1.6
1.2.5377.2.1.2.1.3.3.45
1.2.5424.4.2.5.1
1.2.5462.2.1.17
1.2.5494.2.1.9.1.4
1.2.5513.2.1.2.1
1.2.5624.10.5.11.3
1.2.5629.2.1.3.1
1.2.5630.4.2.5
1.2.5683.2.1.2.2.25.1.8.8
1.2.5875.6.3.13
1.2.5957.8.4.12.1.1
1.2.5968.12.6.41
1.5.23.11.2.1.29.2.8.5
1.5.36.8.2.1.16.5.17.3
1.5.76.8.2.1.12
1.5.191.18.2.1
1.5.501.18.2.1
1.5.671.7.2.1.23.2
1.5.710.10.2.1.7.2.3
1.5.752.6.2.1.29.2
1.5.760.7.2.1
1.5.864.8.2.1.1.1
1.5.886.8.2.1.5.1.53.4.36
1.5.998.8.2.1.10
1.5.1074.9.2.1.2.2.20
1.5.1096.10.2.1.3
1.5.1125.23.2.1.8
1.5.1237.12.2.1.3.9
1.5.1336.21.2.1.2.1.2
1.5.1370.14.2.1.2.1.2.2.29.14
1.5.1478.8.2.1.7
1.5.1584.10.2.1.2
1.5.1596.15.2.1.10.3.3.3.7
1.5.1676.20.2.1.16.2.8.2.4
1.5.1775.8.2.1.6
1.5.1789.5.2.1.1.1
1.5.2169.8.2.1
1.5.2395.11.2.1.7.1
1.5.2469.7.2.1.2.2
1.5.2490.26.2.1
1.5.2574.8.2.1.2.11.21
1.5.2574.8.2.1.3.12
1.5.2629.19.2.1.18
1.5.2756.17.2.1.6.1.10.2.23
1.5.2883.7.2.1
1.5.3019.19.2.1.6.1.1.2
1.5.3063.8.2.1
1.5.3162.11.2.1.19.4.48.13.3
1.5.3539.7.2.1.2.2.36.4.4
1.5.3588.7.2.1.4
1.5.3613.12.2.1.4.2.3
1.5.3631.6.2.1.3.1.2.2.2
1.5.3670.12.2.1.4.4
1.5.3708.11.2.1.3.1.9
1.5.3713.6.2.1.2
1.5.3810.11.2.1
1.5.3966.12.2.1
1.5.3968.6.2.1.13.2.3
1.5.4024.9.2.1.7.1.5
1.5.4167.20.2.1.19.1.4
1.5.4200.17.2.1.10
1.5.4401.5.2.1.31
1.5.4438.10.2.1.8.2.2
1.5.4687.6.2.1.8
1.5.4708.7.2.1.13.5.7.3
1.5.4986.8.2.1.12.5.22
1.5.4995.15.2.1.3.3.7.3
1.5.5087.11.2.1.7
1.5.5192.10.2.1.1.1.1.1
1.5.5192.10.2.1.1.1.3
1.5.5236.9.2.1.4.1.33.6
1.5.5397.7.2.1.1
1.5.5599.8.2.1
1.5.5607.8.2.1.4
1.5.5642.5.2.1.13.2
1.5.5849.8.2.1.16.1.6.5
1.5.5915.17.2.1.23.4.6
1.5.5950.16.2.1.15
1.5.5995.14.2.1.7.4.19.4
1.5.6051.12.2.1.2.2.2.1
1.5.6444.8.2.1.7.4.10.5
1.5.6486.9.2.1.3
1.5.6503.8.2.1.7.1.2
1.5.6508.7.2.1.1.1.6.8
1.5.6523.11.2.1.11.2.3.4.14
1.5.6866.17.2.1.4.4
1.5.6897.7.2.1.4.4.10.6.19
1.5.7007.8.2.1.11.2.62
1.5.7083.7.2.1.1
1.5.7186.10.2.1.2.1.2.12.45
1.5.7195.7.2.1
1.5.7626.13.2.1.23.2.4.4
1.5.7638.11.2.1.16
1.5.7793.7.2.1.23.2
1.5.7813.16.2.1.2
1.5.7849.8.2.1.4.1.8
1.5.8010.8.2.1.1.1
1.5.8032.8.2.1.5.1.53.4.45
1.5.8142.7.2.1.23
1.5.8392.12.2.1.3.9
1.5.8495.8.2.1.3
1.5.8523.9.2.1.39.11.7.5
1.5.8725.8.2.1.4
1.5.8813.13.2.1.6
1.5.8840.8.2.1.38.7.1.1
1.5.8921.8.2.1.3.2.5
1.5.8935.5.2.1.1.1
1.5.9348.6.2.1.3.1.1
1.5.9539.11.2.1.7.1
1.5.9617.7.2.1.2.2
1.5.9638.26.2.1
1.5.9720.19.2.1.2
1.5.9756.19.2.1.18
1.5.9868.22.2.1.14.5.33.1
1.5.9878.17.2.1.14.1.21.2.6
1.5.10112.9.2.1.3
1.5.10141.9.2.1.5.1.1.15
1.5.10285.11.2.1.19.4.44.12.3
1.5.10321.9.2.1.2.2.5
1.5.10618.9.2.1.8.2
1.5.10625.15.2.1.2.4.13
1.5.10691.7.2.1.4
1.5.10716.12.2.1.4.2.3
1.5.10734.6.2.1.3.1.2.2.2
1.5.10895.13.2.1.9.3.5.4
1.5.10932.6.2.1.15.4.7.1.20.5
1.5.11039.12.2.1
1.5.11041.6.2.1.13.2.3
1.5.11082.6.2.1.5
1.5.11105.8.2.1.8.1.9
1.5.11248.28.2.1.2.2.14
1.5.11450.5.2.1.31
1.5.11483.28.2.1
1.5.11484.7.2.1.4.1.16.2.10
1.5.11509.15.2.1.17.7.26.2
1.5.11702.6.2.1.8
1.5.11723.7.2.1.15.1.6.2
1.5.11994.8.2.1.12.4.13
1.5.12003.15.2.1.3.3.7.3
1.5.12196.10.2.1.1.1.1.1
1.5.12196.10.2.1.1.1.3
1.5.12241.6.2.1.4.1.3.1
1.5.12410.7.2.1.1
1.5.12611.8.2.1
1.5.12619.8.2.1.4
1.5.12654.5.2.1.13.2
1.5.12860.8.2.1.16.1.6.5
1.5.12925.24.2.1.10
1.5.12956.8.2.1.12
1.5.13011.14.2.1.7.4.19.4
1.5.13067.12.2.1.2.2.2.1
1.5.13486.8.2.1.7.4.10.5
1.5.13632.6.2.1.2.6
1.5.13760.8.2.1.19.5.22.1
1.5.13779.12.2.1.1.2.6.5
1.5.13919.6.2.1.8.2.4
1.5.14030.8.2.1.11.2.62
1.5.14288.9.2.1.33.1.2
1.5.14332.8.2.1.4.2.2.1.11
1.5.14392.18.2.1
1.5.14850.7.2.1.23.2
1.5.14889.10.2.1.7.2.3
1.5.14931.6.2.1.29.2
1.5.14939.7.2.1
1.5.15046.8.2.1.1.1
1.5.15188.8.2.1.10
1.5.15272.9.2.1.19.3.15
1.5.15300.9.2.1.6
1.5.15434.12.2.1.3.9
1.5.15537.8.2.1.3
1.5.15573.14.2.1.2.1.2.2.21.53
1.5.15679.8.2.1.7
1.5.15795.14.2.1.7.1.16.1.20
1.5.15881.20.2.1.16.2.8.2.4
1.5.15898.8.2.1.47.11.6.3
1.5.15994.8.2.1.7.1.2
1.5.16405.9.2.1.13.2
1.5.16631.11.2.1.7.1
1.5.16723.8.2.1.8
1.5.16852.19.2.1.18
1.5.16971.22.2.1.3.4.55.1
1.5.16981.17.2.1.14.1.21.2.6
1.5.17218.9.2.1.3
1.5.17247.9.2.1.5.1.1.15
1.5.17284.8.2.1
1.5.17387.15.2.1.3
1.5.17428.11.2.1.2.1
1.5.17439.6.2.1.37.1.2.1
1.5.17753.7.2.1.19.2.13.4
1.5.17819.17.2.1
1.5.17821.9.2.1.6
1.5.17845.12.2.1.4.2.3
1.5.17870.21.2.1.10.1
1.5.17942.5.2.1.8.1.5
1.5.17949.6.2.1.2
1.5.18055.8.2.1
1.5.18194.12.2.1
1.5.18196.6.2.1.13.2.3
1.5.18252.9.2.1.7.1.5
1.5.18424.17.2.1.10
1.5.18633.5.2.1.31
1.5.18668.9.2.1.32.5.10.5.3
1.5.18668.9.2.1.32.5.11.1.2
1.5.18889.6.2.1.22
1.5.18916.7.2.1.2.1.4.1
1.5.19180.8.2.1.12.4.13
1.5.19189.15.2.1.3.3.7.3
1.5.19374.10.2.1.1.1.1.1
1.5.19374.10.2.1.1.1.3
1.5.19418.10.2.1.46.3.9.2
1.5.19581.7.2.1.1
1.5.19653.9.2.1.3.1.24.1.3
1.5.19653.9.2.1.3.1.27.1
1.5.19666.5.2.1.2.2.13
1.5.19776.8.2.1
1.5.19784.8.2.1.4
1.5.19819.5.2.1.13.2
1.5.20091.24.2.1.10
1.5.20122.8.2.1.12
1.5.20177.14.2.1.7.4.19.4
1.5.20233.12.2.1.2.2.2.1
1.5.20247.5.2.1.8.15.24.1
1.5.20637.8.2.1.7.4.10.5
1.5.20679.9.2.1.3
1.5.20723.11.2.1.11.2.3.10.6
1.5.20978.28.2.1.4.2.3
1.5.21033.17.2.1.4.4
1.5.21063.7.2.1.4.4.21.7.18
1.5.21181.7.2.1
1.5.21189.7.2.1.35.2.8.1.1
1.5.21317.10.2.1
1.5.21390.10.2.1.2.1.2.12.45
1.5.21399.7.2.1
1.5.21445.18.2.1.11.3.25
1.5.21845.18.2.1
1.5.22009.7.2.1.23.2
1.5.22047.5.2.1.16
1.5.22195.8.2.1.1.1
1.5.22335.7.2.1.23
1.5.22583.12.2.1.3.9
1.5.22689.8.2.1.5
1.5.22714.5.2.1.6.2.8.1
1.5.22802.8.2.1.1
1.5.23008.13.2.1.6
1.5.23035.8.2.1.38.7.1.1
1.5.23119.8.2.1.6
1.5.23133.5.2.1.1.1
1.5.23527.9.2.1.29.2
1.5.23723.11.2.1.7.1
1.5.23815.8.2.1.8
1.5.23937.19.2.1.23
1.5.24062.17.2.1.6.1.10.1.10
1.5.24302.9.2.1.3
1.5.24331.9.2.1.5.1.1.15
1.5.24363.10.2.1.2.2.2
1.5.24465.11.2.1.19.4.46.7.8
1.5.24505.11.2.1.2.1
1.5.24516.6.2.1.37.1.2.1
1.5.24801.7.2.1.7.2.5.1
1.5.24827.17.2.1
1.5.24883.7.2.1.4
1.5.24908.12.2.1.4.2.3
1.5.24933.21.2.1.10.1
1.5.25087.19.2.1.9.2.6.11
1.5.25139.15.2.1.2.1.11.8
1.5.25250.12.2.1
1.5.25252.6.2.1.13.2.3
1.5.25293.6.2.1.5
1.5.25316.8.2.1.8.1.9
1.5.25442.20.2.1.19.1.4
1.5.25474.8.2.1.4.1.3.2.18
1.5.25672.9.2.1.2.2.8
1.5.25708.10.2.1.8.2.2
1.5.25953.6.2.1.8
1.5.25974.7.2.1.13.5.7.3
1.5.26245.8.2.1.12.4.13
1.5.26254.15.2.1.3.3.7.3
1.5.26340.11.2.1.7
1.5.26441.7.2.1.2.2.4.5
1.5.26481.9.2.1.4.1.40.6
1.5.26641.8.2.1.2.1.2
1.5.26708.9.2.1.3.1.24.1.3
1.5.26708.9.2.1.3.1.27.1
1.5.26720.14.2.1.7.2.15
1.5.26866.5.2.1.20.2
1.5.27119.24.2.1.10
1.5.27150.8.2.1.12
1.5.27205.14.2.1.7.4.19.4
1.5.27261.12.2.1.2.2.2.1
1.5.27275.5.2.1.8.15.24.1
1.5.27706.8.2.1.1.1.4.3
1.5.27751.8.2.1.7.1.2
1.5.27757.10.2.1
1.5.27771.11.2.1.2.2.9.4.8
1.5.27824.21.2.1.14.2.4.6
1.5.27981.12.2.1.1.2.6.5
1.5.28038.8.2.1.3.1.2.4.6
1.5.28095.17.2.1.4.4
1.5.28125.7.2.1.4.4.21.7.18
1.5.28169.11.2.1.5.1
1.5.28243.8.2.1
1.5.28246.5.2.1.33
1.5.28331.7.2.1.1
1.5.28434.10.2.1.2.1.2.12.45
1.5.28443.7.2.1
1.5.28489.18.2.1.11.3.25
1.5.28594.18.2.1
1.5.29040.7.2.1.23.2
1.5.29079.10.2.1.7.2.3
1.5.29121.6.2.1.29.2
1.5.29129.7.2.1
1.5.29234.8.2.1.1.1
1.5.29256.8.2.1.5.1.53.4.57
1.5.29368.17.2.1.8
1.5.29447.9.2.1.2.2.20
1.5.29469.10.2.1.3
1.5.29498.23.2.1.8
1.5.29616.12.2.1.3.9
1.5.29723.8.2.1.5
1.5.29818.12.2.1.6.1
1.5.30058.13.2.1.6
1.5.30085.8.2.1.38.7.1.1
1.5.30129.11.2.1
1.5.30185.8.2.1.7.1.2
1.5.30621.6.2.1.3.1.1
1.5.30717.15.2.1.7.5
1.5.30826.11.2.1.7.1
1.5.30904.7.2.1.2.2
1.5.30925.26.2.1
1.5.31014.8.2.1.2.11.21
1.5.31014.8.2.1.3.12
1.5.31179.8.2.1.8.5.16
1.5.31410.9.2.1.3
1.5.31439.9.2.1.5.1.1.15
1.5.31481.32.2.1
1.5.31583.11.2.1.19.4.32.10.3
1.5.31623.11.2.1.2.1
1.5.31635.6.2.1.8.1.2.1
1.5.31971.7.2.1.2.2.36.4.4
1.5.32020.7.2.1.4
1.5.32045.12.2.1.4.2.3
1.5.32063.6.2.1.3.1.2.2.2
1.5.32268.6.2.1.15.4.7.1.39.37
1.5.32384.12.2.1
1.5.32386.6.2.1.13.2.3
1.5.32427.6.2.1.5
1.5.32450.8.2.1.8.1.9
1.5.32578.20.2.1.19.1.4
1.5.32609.8.2.1.3.1.3.2.18
1.5.32782.16.2.1.8.5
1.5.32840.9.2.1.22.4.6.3.10
1.5.32840.9.2.1.22.4.7.1.2
1.5.33074.6.2.1.8
1.5.33095.7.2.1.13.5.7.3
1.5.33377.8.2.1.12.4.13
1.5.33386.15.2.1.3.3.7.3
1.5.33480.11.2.1.7
1.5.33581.10.2.1.1.1.1.1
1.5.33581.10.2.1.1.1.3
1.5.33781.7.2.1.1
1.5.33853.9.2.1.3.1.24.1.3
1.5.33853.9.2.1.3.1.27.1
1.5.33865.14.2.1.7.2.15
1.5.34016.5.2.1.13.2
1.5.34290.17.2.1.23.4.6
1.5.34325.16.2.1.15
1.5.34377.14.2.1.7.4.19.4
1.5.34407.9.2.1.9.1
1.5.34430.12.2.1.2.2.2.1
1.5.34451.13.2.1.2.1.15.4.15
1.5.34553.7.2.1.9.6.6.7
1.5.34772.8.2.1
1.5.34787.9.2.1.6
1.5.34891.13.2.1.10.5.15.1
1.5.34923.9.2.1.3
1.5.34957.9.2.1.3.1.3.4.16
1.5.34980.5.2.1.2.3.17
1.5.35017.21.2.1.14.2.4.6
1.5.35246.28.2.1.4.2.13
1.5.35301.17.2.1.4.4
1.5.35332.7.2.1.4.4.10.6.19
1.5.35440.8.2.1.11.2.62
1.5.35463.10.2.1.12
1.5.35585.8.2.1.23
1.5.35700.9.2.1.33.1.2
1.5.35744.8.2.1.4.2.2.1.11
1.5.35804.18.2.1
1.5.36085.13.2.1.23.2.4.4
1.5.36097.11.2.1.16
1.5.36246.7.2.1.23.2
1.5.36284.5.2.1.16
1.5.36431.8.2.1.1.1
1.5.36453.8.2.1.5.1.53.4.36
1.5.36563.7.2.1.23
1.5.36649.9.2.1.2.2.20
1.5.36670.9.2.1.6
1.5.36804.12.2.1.3.9
1.5.36905.21.2.1.2.1.2
1.5.36939.14.2.1.2.1.2.2.29.14
1.5.37047.8.2.1.7
1.5.37235.6.2.1.6.2.5.2.3
1.5.37283.11.2.1
1.5.37356.5.2.1.1.1
1.5.37766.6.2.1.3.1.1
1.5.37771.6.2.1
1.5.37854.15.2.1.7.5
1.5.37967.11.2.1.7.1
1.5.38059.8.2.1.8
1.5.38147.11.2.1.7.1.6
1.5.38184.19.2.1.23
1.5.38532.9.2.1.3
1.5.38561.9.2.1.5.1.1.15
1.5.38700.11.2.1.19.4.46.7.8
1.5.38736.9.2.1.2.2.5
1.5.38745.6.2.1.8.1.2.1
1.5.38991.7.2.1.5.6.30.1.10.13
1.5.39027.6.2.1.3.3.7
1.5.39038.7.2.1.7.2.10.2
1.5.39104.17.2.1
1.5.39106.9.2.1.6
1.5.39161.6.2.1.3.1.2.2.2
1.5.39200.12.2.1.4.4
1.5.39319.13.2.1
1.5.39365.6.2.1.15.4.7.1.20.5
1.5.39481.12.2.1
1.5.39483.6.2.1.13.2.3
1.5.39524.6.2.1.5
1.5.39547.8.2.1.8.1.9
1.5.39596.11.2.1.1
1.5.39687.28.2.1.2.2.14
1.5.39892.7.2.1.2
1.5.39925.28.2.1
1.5.39926.7.2.1.4.1.16.2.10
1.5.39951.15.2.1.17.7.26.2
1.5.40128.6.2.1.22
1.5.40150.8.2.1.4.1.70.3
1.5.40395.13.2.1.8.2.5.2
1.5.40520.11.2.1.46
1.5.40626.10.2.1.1.1.1.1
1.5.40626.10.2.1.1.1.3
1.5.40826.7.2.1.1
1.5.40912.6.2.1.3.2.5.2.21
1.5.41022.8.2.1
1.5.41030.8.2.1.4
1.5.41065.5.2.1.13.2
1.5.41328.24.2.1.10
1.5.41359.8.2.1.12
1.5.41414.14.2.1.7.4.19.4
1.5.41444.9.2.1.9.1
1.5.41467.12.2.1.2.2.2.1
1.5.41488.13.2.1.2.1.15.4.15
1.5.41815.8.2.1
1.5.41830.9.2.1.6
1.5.41934.13.2.1.10.5.15.1
1.5.41966.9.2.1.3
1.5.42012.11.2.1.2.2.18.4.8
1.5.42207.12.2.1.1.2.6.5
1.5.42345.6.2.1.8.2.4
1.5.42474.7.2.1
1.5.42482.7.2.1.35.2.8.1.1
1.5.42564.8.2.1.32.1.6.3
1.5.42603.10.2.1
1.5.42739.8.2.1.37.4.7.7.18
1.5.42975.11.2.1
1.5.43322.7.2.1.23.2
1.5.43361.10.2.1.7.2.3
1.5.43403.6.2.1.29.2
1.5.43514.8.2.1.1.1
1.5.43536.8.2.1.5.1.53.4.36
1.5.43658.7.2.1.23
1.5.43902.12.2.1.3.9
1.5.44012.8.2.1.5
1.5.44035.16.2.1.2.3
1.5.44130.11.2.1.7
1.5.44251.8.2.1.4
1.5.44339.13.2.1.6
1.5.44366.8.2.1.38.7.1.1
1.5.44477.5.2.1.1.1
1.5.44878.6.2.1.3.1.1
1.5.44883.6.2.1
1.5.45067.11.2.1.7.1
1.5.45145.7.2.1.2.2
1.5.45166.26.2.1
1.5.45248.19.2.1.2
1.5.45284.19.2.1.23
1.5.45397.22.2.1.3.4.55.1
1.5.45407.17.2.1.14.1.21.2.6
1.5.45683.19.2.1.6.1.1.2
1.5.45720.8.2.1
1.5.45819.11.2.1.19.4.48.13.3
1.5.45859.11.2.1.2.1
1.5.45871.6.2.1.8.1.2.1
1.5.46109.7.2.1.5.7.18.1.10.12
1.5.46145.6.2.1.3.3.7
1.5.46197.7.2.1.2.2.36.4.4
1.5.46242.7.2.1.4
1.5.46267.12.2.1.4.2.3
1.5.46292.21.2.1.10.1
1.5.46471.11.2.1
1.5.46507.15.2.1.2.1.11.8
1.5.46666.6.2.1.5
1.5.46689.8.2.1.8.1.9
1.5.46874.14.2.1.4.1.9
1.5.47073.5.2.1.37
1.5.47106.28.2.1
1.5.47107.7.2.1.4.1.16.2.10
1.5.47132.15.2.1.17.7.26.2
1.5.47330.6.2.1.8
1.5.47351.7.2.1.13.5.7.3
1.5.47610.8.2.1.12.4.13
1.5.47619.15.2.1.3.3.7.3
1.5.47709.11.2.1.52
1.5.47814.10.2.1.1.1.1.1
1.5.47814.10.2.1.1.1.3
1.5.47854.14.2.1.8.8.20.3.5.21
1.5.48026.7.2.1.1
1.5.48112.6.2.1.3.2.5.2.21
1.5.48222.8.2.1
1.5.48230.8.2.1.4
1.5.48265.5.2.1.13.2
1.5.48456.8.2.1.16.1.6.5
1.5.48517.24.2.1.10
1.5.48548.8.2.1.12
1.5.48603.14.2.1.7.4.19.4
1.5.48651.12.2.1.2.2.2.1
1.5.48665.5.2.1.8.15.24.1
1.5.49097.11.2.1.9.2.3.1
1.5.49135.9.2.1.3
1.5.49152.8.2.1.7.1.2
1.5.49158.10.2.1
1.5.49172.11.2.1.2.2.9.4.8
1.5.49225.21.2.1.14.2.4.6
1.5.49368.12.2.1.1.2.6.5
1.5.49426.28.2.1.4.2.3
1.5.49480.7.2.1.1.4
1.5.49516.6.2.1.28.6.13
1.5.49639.7.2.1.5.2.4.10.16
1.5.49770.10.2.1
1.5.49843.10.2.1.2.1.2.12.45
1.5.49852.7.2.1
1.5.50482.7.2.1.23.2
1.5.50521.10.2.1.7.2.3
1.5.50563.6.2.1.29.2
1.5.50571.7.2.1
1.5.50675.8.2.1.1.1
1.5.50697.8.2.1.5.1.53.4.36
1.5.50807.7.2.1.23
1.5.50888.9.2.1.2.2.20
1.5.50909.9.2.1.6
1.5.51043.12.2.1.3.9
1.5.51150.8.2.1.5
1.5.51175.6.2.1.42.5.40.9.50.29
1.5.51263.8.2.1.1
1.5.51383.8.2.1.4
1.5.51482.13.2.1.6
1.5.51509.8.2.1.38.7.1.1
1.5.51588.8.2.1.7.1.2
1.5.52020.6.2.1.3.1.1
1.5.52025.6.2.1
1.5.52114.15.2.1.7.5
1.5.52223.11.2.1.7.1
1.5.52304.7.2.1.2.2
1.5.52325.26.2.1
1.5.52409.8.2.1.1.10.22
1.5.52454.19.2.1.18
1.5.52571.22.2.1.14.5.55.1
1.5.52581.17.2.1.14.1.21.2.6
1.5.52822.9.2.1.3
1.5.52851.9.2.1.5.1.1.15
1.5.52895.8.2.1
1.5.53004.11.2.1.19.4.26.4.51
1.5.53041.11.2.1.2.1
1.5.53097.9.2.1
1.5.53329.7.2.1.19.2.13.4
1.5.53395.17.2.1
1.5.53397.9.2.1.6
1.5.53447.6.2.1.3.1.2.5.8
1.5.53486.12.2.1.4.4
1.5.53772.12.2.1
1.5.53774.6.2.1.13.2.3
1.5.53830.9.2.1.7.1.5
1.5.54010.28.2.1.2.2.14
1.5.54231.9.2.1.22.4.6.3.10
1.5.54231.9.2.1.22.4.7.1.2
1.5.54352.8.2.1.7.1
1.5.54466.6.2.1.22
1.5.54494.7.2.1.11.1.1.1
1.5.54738.13.2.1.8.2.5.2
1.5.54865.11.2.1.7
1.5.54966.10.2.1.1.1.1.1
1.5.54966.10.2.1.1.1.3
1.5.55009.12.2.1.36.12.17.1.2.29
1.5.55172.7.2.1.1
1.5.55244.9.2.1.3.1.24.1.3
1.5.55244.9.2.1.3.1.27.1
1.5.55257.5.2.1.2.2.12
1.5.55400.5.2.1.20.2
1.5.55658.24.2.1.10
1.5.55689.8.2.1.12
1.5.55744.14.2.1.7.4.19.4
1.5.55800.12.2.1.2.2.2.1
1.5.55814.5.2.1.8.15.24.1
1.5.56217.8.2.1.7.4.10.5
1.5.56259.9.2.1.3
1.5.56276.8.2.1.7.1.2
1.5.56499.12.2.1.1.2.6.5
1.5.56556.8.2.1.3.1.2.4.6
1.5.56613.17.2.1.4.4
1.5.56643.6.2.1.8.2.4
1.5.56769.7.2.1
1.5.56777.7.2.1.46.2.8.1.1
1.5.56858.8.2.1.32.1.6.3
1.5.56897.10.2.1
1.5.56970.10.2.1.2.1.2.12.45
1.5.56979.7.2.1
1.5.57025.18.2.1.11.3.25
1.5.57587.7.2.1.23.2
1.5.57625.5.2.1.16
1.5.57769.8.2.1.1.1
1.5.57909.8.2.1.10
1.5.58016.9.2.1.6
1.5.58150.12.2.1.3.9
1.5.58260.8.2.1.5
1.5.58285.6.2.1.42.5.40.9.50.29
1.5.58385.8.2.1.7
1.5.58504.10.2.1.2
1.5.58516.15.2.1.10.3.3.3.7
1.5.58594.13.2.1.6
1.5.58621.8.2.1.38.7.1.1
1.5.58717.8.2.1.7.1.2
1.5.59230.6.2.1.4.4
1.5.59355.11.2.1.7.1
1.5.59447.8.2.1.8
1.5.59531.8.2.1.2.11.21
1.5.59531.8.2.1.3.12
1.5.59588.19.2.1.18
1.5.59713.17.2.1.6.1.10.2.23
1.5.59950.9.2.1.3
1.5.59979.9.2.1.5.1.1.15
1.5.60016.8.2.1
1.5.60115.11.2.1.19.4.48.13.3
1.5.60155.11.2.1.2.1
1.5.60166.6.2.1.37.1.2.1
1.5.60424.13.2.1.6.3
1.5.60429.13.2.1.5
1.5.60473.17.2.1
1.5.60533.7.2.1.4
1.5.60558.12.2.1.4.2.3
1.5.60583.21.2.1.10.1
1.5.60666.5.2.1.8.1.5
1.5.60673.6.2.1.2
1.5.60779.8.2.1
1.5.60804.7.2.1.13.1.1.1.6.10
1.5.60920.12.2.1
1.5.60922.6.2.1.13.2.3
1.5.60963.6.2.1.5
1.5.60986.8.2.1.8.1.9
1.5.61104.20.2.1.19.1.4
1.5.61136.8.2.1.4.1.3.2.18
1.5.61334.7.2.1.2
1.5.61367.28.2.1
1.5.61368.7.2.1.4.1.16.2.10
1.5.61393.15.2.1.17.7.26.2
1.5.61568.6.2.1.22
1.5.61590.8.2.1.4.1.70.3
1.5.61875.8.2.1.12.4.13
1.5.61884.15.2.1.3.3.7.3
1.5.61971.11.2.1.7
1.5.62081.10.2.1.1.1.1.1
1.5.62081.10.2.1.1.1.3
1.5.62121.14.2.1.8.8.20.3.5.19
1.5.62294.7.2.1.1
1.5.62366.9.2.1.3.1.24.1.3
1.5.62366.9.2.1.3.1.27.1
1.5.62379.5.2.1.2.2.12
1.5.62487.8.2.1
1.5.62531.5.2.1.24.2
1.5.62747.8.2.1.16.1.6.5
1.5.62813.17.2.1.23.4.6
1.5.62848.16.2.1.15
1.5.63096.7.2.1.9.6.6.7
1.5.63307.8.2.1
1.5.63322.9.2.1.6
1.5.63426.13.2.1.10.5.15.1
1.5.63458.9.2.1.3
1.5.63550.21.2.1.14.2.4.6
1.5.63765.28.2.1.4.2.3
1.5.63818.7.2.1.1.4
1.5.63855.6.2.1.28.6.13
1.5.63974.7.2.1
1.5.63982.7.2.1.35.2.8.1.1
1.5.64002.10.2.1.12
1.5.64062.7.2.1.1
1.5.64228.8.2.1.37.4.7.7.18
1.5.64343.18.2.1
1.5.64488.11.2.1
1.5.64810.7.2.1.23.2
1.5.64849.10.2.1.7.2.3
1.5.64891.6.2.1.29.2
1.5.64899.7.2.1
1.5.64996.8.2.1.1.1
1.5.65018.8.2.1.5.1.53.4.36
1.5.65132.17.2.1.8
1.5.65244.10.2.1.3
1.5.65273.23.2.1.8
1.5.65391.12.2.1.3.9
1.5.65498.8.2.1.5
1.5.65534.14.2.1.2.1.2.2.21.114
1.5.65638.8.2.1.10
1.5.65772.8.2.1.4
1.5.65860.13.2.1.6
1.5.65887.8.2.1.38.7.1.1
1.5.65985.5.2.1.1.1
1.5.66355.8.2.1
1.5.66570.11.2.1.7.1
1.5.66648.7.2.1.2.2
1.5.66669.26.2.1
1.5.66748.21.2.1
1.5.66794.19.2.1.23
1.5.66920.17.2.1.6.1.10.2.23
1.5.67189.19.2.1.6.1.1.2
1.5.67211.8.2.1.18.3.12.6.7
1.5.67234.8.2.1
1.5.67336.11.2.1.19.4.46.7.8
1.5.67376.11.2.1.2.1
1.5.67388.6.2.1.8.1.2.1
1.5.67630.7.2.1.5.7.18.1.10.12
1.5.67666.6.2.1.3.3.7
1.5.67718.7.2.1.2.2.36.4.4
1.5.67760.8.2.1.1
1.5.67789.12.2.1.4.2.3
1.5.67807.6.2.1.3.1.2.2.2
1.5.67846.12.2.1.4.4
1.5.67878.5.2.1.8.1.5
1.5.67885.6.2.1.2
1.5.67982.11.2.1
1.5.68186.6.2.1.5
1.5.68209.8.2.1.8.1.9
1.5.68375.28.2.1.2.2.14
1.5.68599.9.2.1.22.4.6.3.10
1.5.68599.9.2.1.22.4.7.1.2
1.5.68701.10.2.1.1.1.1.5
1.5.68796.6.2.1.22
1.5.68818.8.2.1.4.1.70.3
1.5.69089.8.2.1.12.4.13
1.5.69098.15.2.1.3.3.7.3
1.5.69190.11.2.1.7
1.5.69300.7.2.1.2.2.4.5
1.5.69340.9.2.1.4.1.40.6
1.5.69500.8.2.1.2.1.2
1.5.69581.6.2.1.3.2.5.2.21
1.5.69682.7.2.1.27.1
1.5.69708.9.2.1.11.6.6
1.5.69723.5.2.1.13.2
1.5.70009.17.2.1.23.4.6
1.5.70044.16.2.1.15
1.5.70096.14.2.1.7.4.19.4
1.5.70126.9.2.1.9.1
1.5.70149.12.2.1.2.2.2.1
1.5.70170.13.2.1.2.1.15.4.15
1.5.70491.8.2.1
1.5.70506.9.2.1.6
1.5.70610.13.2.1.10.5.15.1
1.5.70642.9.2.1.3
1.5.70659.8.2.1.7.1.2
1.5.70669.7.2.1
1.5.70674.11.2.1.2.9.30.12.14
1.5.70727.21.2.1.14.2.4.6
1.5.70874.12.2.1.1.2.6.5
1.5.70935.15.2.1.25
1.5.70990.17.2.1.4.4
1.5.71029.7.2.1.4.4.10.6.19
1.5.71146.7.2.1
1.5.71154.7.2.1.35.2.8.1.1
1.5.71173.7.2.1.28.4.38
1.5.71240.10.2.1.2.4.8.4.11
1.5.71336.10.2.1.2.1.2.12.45
1.5.71345.7.2.1
1.5.71504.18.2.1
1.5.71974.7.2.1.23.2
1.6.12.8.2.1.4.1
1.6.20.8.2.1.2
1.6.189.8.2.1
1.6.197.8.2.1.1.1
1.6.222.8.2.1.10.5
1.6.234.8.2.1.5.1.2
1.6.264.8.2.1.38.5.8.1.3
1.6.322.8.2.1
1.6.357.8.2.1.17.3.10.1.21
1.6.387.8.2.1.18.1
1.6.447.8.2.1
1.6.453.8.2.1.2
1.6.480.8.2.1.18
1.6.513.8.2.1.14.3.5.3.7
1.6.709.8.2.1.2.2
1.6.787.8.2.1.4.1.1
1.6.847.8.2.1.37.5
1.6.869.8.2.1
1.6.902.8.2.1.3.2.37
1.6.1040.8.2.1.18.1.28
1.6.1047.8.2.1.1
1.6.1136.8.2.1.1.1.8.2.10
1.6.1147.8.2.1
1.6.1250.8.2.1.8.3.13
1.6.1425.8.2.1.20.3.37
1.6.1473.8.2.1.10.2.4.1
1.6.1559.8.2.1.20.1
1.6.1645.8.2.1
1.6.1688.8.2.1.3
1.6.1716.8.2.1.3.1
1.6.2045.8.2.1
1.6.2156.8.2.1.6.1.2.1.8
1.6.2156.8.2.1.6.1.3.2
1.6.2177.8.2.1.3.1
1.6.2226.8.2.1
1.6.2326.8.2.1.47.2.4.2
1.6.2339.8.2.1
1.6.2465.8.2.1.3.7
1.6.2521.8.2.1.3.2.3
1.6.2786.8.2.1.24.4
1.6.2900.8.2.1
1.6.3120.8.2.1.13.3.10
1.6.3175.8.2.1.1.1.6.2
1.6.3218.8.2.1.6.1.1
1.6.3346.8.2.1.1.1.2
1.6.3448.8.2.1.14.3.15.6.19.5
1.6.3560.8.2.1.17.1
1.6.3622.8.2.1.3.2.37.2.13.7
1.6.3796.8.2.1.19.1
1.6.3802.8.2.1.2
1.6.3805.8.2.1.3
1.6.4025.8.2.1.10
1.6.4031.8.2.1.9
1.6.4127.8.2.1
1.6.4134.8.2.1
1.6.4189.8.2.1.6
1.6.4308.8.2.1.29.5
1.6.4330.8.2.1.24.9
1.6.4407.8.2.1.11.1.3.2
1.6.4412.8.2.1.12.1
1.6.4426.8.2.1.3.1
1.6.4731.8.2.1.1.1.4.1
1.6.4806.8.2.1.13
1.6.4829.8.2.1.21.2
1.6.4950.8.2.1.12
1.6.4972.8.2.1.43.2
1.6.5077.8.2.1.7.2.3.3.13.15
1.6.5077.8.2.1.8.3.5
1.6.5132.8.2.1.2.1
1.6.5268.8.2.1.18
1.6.5331.8.2.1.27.1.2
1.6.5416.8.2.1
1.6.5431.8.2.1.7.1.4
1.6.5532.8.2.1.12.2
1.6.5566.8.2.1
1.6.5574.8.2.1.4.2.6.2
1.6.5846.8.2.1
1.6.5908.8.2.1.21
1.6.5964.8.2.1.1.7.2.2
1.6.6043.8.2.1.1.1
1.6.6080.8.2.1.14.5.10.1.11
1.6.6442.8.2.1.1.1.3.2
1.6.6614.8.2.1.22.4.8.4.21
1.6.6639.8.2.1.6.1.3.4.16
1.6.6665.8.2.1.14
1.6.6704.8.2.1.1
1.6.6924.8.2.1.6
1.6.6978.8.2.1.26.1
1.6.7018.8.2.1.3
1.6.7166.8.2.1.11.1.3
1.6.7170.8.2.1.19.2.8
1.6.7264.8.2.1.13
1.6.7274.8.2.1.5.2.20
1.6.7330.8.2.1.4.1.2
1.6.7398.8.2.1.4.2.3.1.4
1.6.7462.8.2.1.10
1.6.7511.8.2.1.2.1.9
1.6.7524.8.2.1.23.3
1.6.7783.8.2.1.1.1
1.6.7970.8.2.1.6.3.8.3
1.6.8153.8.2.1.11.2.6
1.6.8178.8.2.1.3.1.14
1.6.8334.8.2.1
1.6.8342.8.2.1.1.1
1.6.8367.8.2.1.10.5
1.6.8379.8.2.1.5.1.2
1.6.8409.8.2.1.38.5.8.1.3
1.6.8476.8.2.1
1.6.8523.8.2.1.2
1.6.8605.8.2.1
1.6.8638.8.2.1.7.3.50
1.6.8877.8.2.1.2.2
1.6.8959.8.2.1.15.2
1.6.9026.8.2.1.16.3.12.6
1.6.9074.8.2.1.3.2.22
1.6.9210.8.2.1.18.1.28
1.6.9216.8.2.1.5.1.29.1.1
1.6.9328.8.2.1.4.2.3.2.3
1.6.9389.8.2.1
1.6.9445.8.2.1.1
1.6.9633.8.2.1.20.3.37
1.6.9682.8.2.1.10.2.4.1
1.6.9768.8.2.1.20.1
1.6.9822.8.2.1.7.1
1.6.9866.8.2.1
1.6.9903.8.2.1
1.6.9917.8.2.1.5.1.3.2
1.6.9949.8.2.1.3.1
1.6.10004.8.2.1.13.2.12.2
1.6.10186.8.2.1.6
1.6.10278.8.2.1
1.6.10390.8.2.1.7.2.4.3
1.6.10555.8.2.1.47.2.4.2
1.6.10568.8.2.1
1.6.10695.8.2.1.3.7
1.6.10751.8.2.1.3.2.3
1.6.10944.8.2.1.2.1.1.1
1.6.11026.8.2.1.24.4
1.6.11132.8.2.1
1.6.11404.8.2.1.1.1.6.2
1.6.11580.8.2.1.4.3.5.2.3
1.6.11685.8.2.1.13.2.3.2.25.10
1.6.11784.8.2.1.17.1
1.6.12012.8.2.1.19.1
1.6.12018.8.2.1.2
1.6.12021.8.2.1.3
1.6.12252.8.2.1.11
1.6.12262.8.2.1.14.1.3
1.6.12425.8.2.1.6
1.6.12532.8.2.1.29.5
1.6.12554.8.2.1.24.9
1.6.12632.8.2.1.11.1.3.2
1.6.12674.8.2.1
1.6.12781.8.2.1
1.6.12968.8.2.1.1.1.2.1
1.6.13047.8.2.1.13
1.6.13070.8.2.1.21.2
1.6.13197.8.2.1.6
1.6.13320.8.2.1.7.2.3.3.13.25
1.6.13320.8.2.1.8.3.5
1.6.13493.8.2.1.18
1.6.13555.8.2.1.27.1.2
1.6.13639.8.2.1.3.1.6.1.13
1.6.13639.8.2.1.6.1.3.2
1.6.13648.8.2.1.1
1.6.13745.8.2.1.6.3.2.3
1.6.13763.8.2.1.35.3.19.6
1.6.13804.8.2.1.9.3.6.2
1.6.13918.8.2.1
1.6.14108.8.2.1.21
1.6.14164.8.2.1.1.7.2.2
1.6.14253.8.2.1.1.1
1.6.14298.8.2.1.14.5.10.1.8
1.6.14311.8.2.1.8.3.16.1
1.6.14550.8.2.1.2.2
1.6.14662.8.2.1.1.1.3.2
1.6.14689.8.2.1.15.1.3.2.2
1.6.14881.8.2.1
1.6.14909.8.2.1.14
1.6.14948.8.2.1.1
1.6.15078.8.2.1
1.6.15099.8.2.1.3.3
1.6.15160.8.2.1.5.2.18
1.6.15258.8.2.1.6.4.8.4.41
1.6.15397.8.2.1.11.1.3
1.6.15401.8.2.1.19.2.8
1.6.15495.8.2.1.13
1.6.15505.8.2.1.5.2.20
1.6.15561.8.2.1.4.1.2
1.6.15632.8.2.1.2.1.14.1.3
1.6.15694.8.2.1.7
1.6.15703.8.2.1.18
1.6.15746.8.2.1.2.1.9
1.6.15759.8.2.1.23.3
1.6.16199.8.2.1.6.3.8.3
1.6.16379.8.2.1.11.2.6
1.6.16403.8.2.1.2
1.6.16443.8.2.1.6.1.4.2.4.37
1.6.16563.8.2.1
1.6.16571.8.2.1.1.1
1.6.16596.8.2.1.10.5
1.6.16607.8.2.1.5.1.2
1.6.16637.8.2.1.38.5.8.1.3
1.6.16704.8.2.1
1.6.16751.8.2.1.2
1.6.16815.8.2.1
1.6.16843.8.2.1
1.6.16876.8.2.1.7.3.50
1.6.17092.8.2.1.2.2
1.6.17155.8.2.1.1.1
1.6.17172.8.2.1.21.2
1.6.17281.8.2.1.3.2.37
1.6.17359.8.2.1
1.6.17410.8.2.1.16.1.2
1.6.17425.8.2.1.5.1.5
1.6.17533.8.2.1.4.2.3.2.3
1.6.17594.8.2.1
1.6.17650.8.2.1.1
1.6.17854.8.2.1.20.3.37
1.6.17905.8.2.1.10.2.4.1
1.6.17991.8.2.1.20.1
1.6.18045.8.2.1.7.1
1.6.18089.8.2.1
1.6.18125.8.2.1.3
1.6.18153.8.2.1.3.1
1.6.18393.8.2.1.6
1.6.18437.8.2.1.1
1.6.18475.8.2.1
1.6.18587.8.2.1.7.2.4.3
1.6.18663.8.2.1
1.6.18771.8.2.1.47.2.4.2
1.6.18784.8.2.1
1.6.18916.8.2.1.3.7
1.6.18972.8.2.1.3.2.3
1.6.19091.8.2.1.10
1.6.19172.8.2.1.2.1.1.1
1.6.19254.8.2.1.24.4
1.6.19354.8.2.1.15.1.2.1
1.6.19806.8.2.1.3
1.6.19887.8.2.1.3.1.1.2
1.6.19969.8.2.1.3.2.4.5
1.6.20024.8.2.1.3.2.37.2.14.20
1.6.20198.8.2.1.19.1
1.6.20204.8.2.1.2
1.6.20207.8.2.1.3
1.6.20429.8.2.1.11
1.6.20438.8.2.1.12
1.6.20611.8.2.1.10.2.2.1.20
1.6.20681.8.2.1.13
1.6.20709.8.2.1.6.10.16.2.7
1.6.20835.8.2.1
1.6.20851.8.2.1.3.1
1.6.21165.8.2.1.15.2.10.1
1.6.21239.8.2.1.13
1.6.21246.8.2.1.33.2
1.6.21349.8.2.1
1.6.21373.8.2.1.1.3.9
1.6.21507.8.2.1.7.2.3.3.13.20
1.6.21507.8.2.1.8.3.5
1.6.21554.8.2.1.18.2.4.4
1.6.21563.8.2.1.8.1.14.3
1.6.21739.8.2.1.27.1.2
1.6.21824.8.2.1
1.6.21839.8.2.1.7.1.4
1.6.21934.8.2.1.12.2
1.6.22100.8.2.1
1.6.22224.8.2.1.37.5
1.6.22292.8.2.1.21
1.6.22348.8.2.1.1.7.2.2
1.6.22427.8.2.1.1.1
1.6.22472.8.2.1.14.5.10.1.8
1.6.22485.8.2.1.8.3.16.1
1.6.22564.8.2.1.24.1
1.6.22743.8.2.1.2.2
1.6.22842.8.2.1.1.1.3.2
1.6.23019.8.2.1.22.4.8.4.21
1.6.23060.8.2.1
1.6.23088.8.2.1.14
1.6.23127.8.2.1.1
1.6.23265.8.2.1.7.4.14.3
1.6.23315.8.2.1.3
1.6.23385.8.2.1.2.1.1.1
1.6.23411.8.2.1.6.4.8.4.30
1.6.23555.8.2.1.11.1.3
1.6.23559.8.2.1.19.2.8
1.6.23659.8.2.1.5
1.6.23669.8.2.1.5.2.20
1.6.23690.8.2.1
1.6.23744.8.2.1.2.2.5.1.12
1.6.23855.8.2.1.12.6.13
1.6.23916.8.2.1.2.1.9
1.6.23929.8.2.1.23.3
1.6.24162.8.2.1.2.2
1.6.24378.8.2.1.6.3.8.3
1.6.24567.8.2.1.7.8.8
1.6.24607.8.2.1.1.1
1.6.24774.8.2.1
1.6.24782.8.2.1.1.1
1.6.24807.8.2.1.10.5
1.6.24818.8.2.1.5.1.2
1.6.24848.8.2.1.38.5.8.1.3
1.6.24915.8.2.1
1.6.24948.8.2.1.3.2.4.4.20
1.6.24961.8.2.1.1.1
1.6.25019.8.2.1
1.6.25025.8.2.1.2
1.6.25052.8.2.1.18
1.6.25085.8.2.1.14.3.5.3.7
1.6.25280.8.2.1.2.2
1.6.25328.8.2.1.17.5.18
1.6.25358.8.2.1.4.1.1
1.6.25418.8.2.1.37.5
1.6.25467.8.2.1.3.2.37
1.6.25545.8.2.1
1.6.25603.8.2.1.18.1.28
1.6.25609.8.2.1.5.1.29.1.1
1.6.25709.8.2.1.4.2.3.2.3
1.6.25758.8.2.1
1.6.25837.8.2.1.21.8.29.1.11
1.6.26022.8.2.1.39
1.6.26074.8.2.1.10.2.4.1
1.6.26160.8.2.1.20.1
1.6.26258.8.2.1
1.6.26301.8.2.1.3
1.6.26329.8.2.1.3.1
1.6.26387.8.2.1.22.3
1.6.26649.8.2.1
1.6.26710.8.2.1.12
1.6.26862.8.2.1
1.6.26901.8.2.1.2.1.1
1.6.26949.8.2.1.10.6.13.2.5
1.6.27150.8.2.1.3.2.3
1.6.27269.8.2.1.10
1.6.27349.8.2.1.2.1.1.1
1.6.27431.8.2.1.24.4
1.6.27533.8.2.1
1.6.27756.8.2.1.13.3.10
1.6.27796.8.2.1
1.6.27817.8.2.1.13.1.3.1
1.6.27850.8.2.1.16.3.17.3.11
1.6.27858.8.2.1.19.4.8
1.6.27886.8.2.1.12.1.4.11.18
1.6.27961.8.2.1.4.2.2.3.19
1.6.28007.8.2.1.3
1.6.28108.8.2.1.14.3.15.6.18.5
1.6.28220.8.2.1.17.1
1.6.28460.8.2.1.19.1
1.6.28466.8.2.1.2
1.6.28469.8.2.1.3
1.6.28502.8.2.1.5.4.12
1.6.28524.8.2.1.2
1.6.28692.8.2.1.11
1.6.28701.8.2.1.12
1.6.28882.8.2.1.6
1.6.28956.8.2.1.13
1.6.28981.8.2.1.17.1.3
1.6.29231.8.2.1.3.2
1.6.29259.8.2.1.4.2
1.6.29470.8.2.1.1.1.2.1
1.6.29551.8.2.1.13
1.6.29558.8.2.1.33.2
1.6.29685.8.2.1.6
1.6.29815.8.2.1.10.4.7.5.21.26
1.6.29815.8.2.1.11.5.9
1.6.29862.8.2.1.18.2.4.4
1.6.29871.8.2.1.8.1.14.3
1.6.29986.8.2.1.18
1.6.30048.8.2.1.27.1.2
1.6.30132.8.2.1.3.1.6.1.13
1.6.30132.8.2.1.6.1.3.2
1.6.30290.8.2.1.9.3.6.2
1.6.30515.8.2.1.21.5
1.6.30584.8.2.1.21
1.6.30640.8.2.1.1.7.2.2
1.6.30722.8.2.1.17.3
1.6.30761.8.2.1.14.5.10.1.11
1.6.30774.8.2.1.8.3.16.1
1.6.31019.8.2.1.2.2
1.6.31132.8.2.1.1.1.3.2
1.6.31321.8.2.1.2.2.6.2
1.6.31330.8.2.1.7.1.3.9.23
1.6.31349.8.2.1.14
1.6.31394.8.2.1.22.5.7.2
1.6.31712.8.2.1.6.4.8.4.41
1.6.31834.8.2.1.11.1.3
1.6.31838.8.2.1.19.2.8
1.6.31929.8.2.1.5
1.6.31939.8.2.1.5.2.20
1.6.31960.8.2.1
1.6.32004.8.2.1.4.1.2
1.6.32072.8.2.1.4.2.3.1.4
1.6.32136.8.2.1.10
1.6.32185.8.2.1.2.1.9
1.6.32198.8.2.1.23.3
1.6.32417.8.2.1.2.2
1.6.32676.8.2.1.8.3.13.3
1.6.32833.8.2.1.7.2.8
1.6.32857.8.2.1.2
1.6.33000.8.2.1
1.6.33008.8.2.1.1.1
1.6.33033.8.2.1.10.5
1.6.33045.8.2.1.5.1.2
1.6.33075.8.2.1.38.5.8.1.3
1.6.33142.8.2.1
1.6.33183.8.2.1.2
1.6.33269.8.2.1
1.6.33302.8.2.1.7.3.51
1.6.33541.8.2.1.2.2
1.6.33589.8.2.1.4
1.6.33619.8.2.1.4.1.1
1.6.33679.8.2.1.37.5
1.6.33722.8.2.1.3.2.37
1.6.33797.8.2.1
1.6.33860.8.2.1.18.1.28
1.6.33867.8.2.1.1
1.6.33955.8.2.1.9.10.14.2.13
1.6.33966.8.2.1
1.6.34021.8.2.1
1.6.34079.8.2.1.1
1.6.34259.8.2.1.20.3.37
1.6.34310.8.2.1.10.2.4.1
1.6.34396.8.2.1.20.1
1.6.34494.8.2.1
1.6.34534.8.2.1.3
1.6.34777.8.2.1.6
1.6.34821.8.2.1.1
1.6.34871.8.2.1.7.4.8.3.4
1.6.35047.8.2.1
1.6.35144.8.2.1.47.2.4.2
1.6.35157.8.2.1
1.6.35167.8.2.1.4.1
1.6.35287.8.2.1.3.7
1.6.35343.8.2.1.3.2.3
1.6.35462.8.2.1.10
1.6.35625.8.2.1.24.4
1.6.35669.8.2.1.2.2.4
1.6.35736.8.2.1
1.6.36044.8.2.1.3
1.6.36075.8.2.1.4.1.4.11.26
1.6.36183.8.2.1.1.1.2
1.6.36267.8.2.1.2
1.6.36372.8.2.1.17.1
1.6.36434.8.2.1.3.2.37.2.13.7
1.6.36608.8.2.1.19.1
1.6.36614.8.2.1.2
1.6.36617.8.2.1.3
1.6.36853.8.2.1.11
1.6.36863.8.2.1.14.1.3
1.6.37031.8.2.1.6
1.6.37137.8.2.1.20.1.4.4.17
1.6.37262.8.2.1.7.1.6.2.10
1.6.37289.8.2.1.4.4
1.6.37386.8.2.1.3.2
1.6.37411.8.2.1
1.6.37437.8.2.1
1.6.37570.8.2.1.12.5
1.6.37610.8.2.1.15.2.10.1
1.6.37691.8.2.1.13
1.6.37714.8.2.1.21.2
1.6.37817.8.2.1
1.6.37841.8.2.1.1.3.9
1.6.37913.8.2.1
1.6.37977.8.2.1.7.2.3.3.13.26
1.6.37977.8.2.1.8.3.5
1.6.38026.8.2.1.5.5.7.2.43.5
1.6.38038.8.2.1.8.1.14.2
1.6.38158.8.2.1.3
1.6.38163.8.2.1.14.2
1.6.38196.8.2.1
1.6.38212.8.2.1.27.1.2
1.6.38297.8.2.1
1.6.38312.8.2.1.7.1.3
1.6.38402.8.2.1.27.2
1.6.38436.8.2.1
1.6.38444.8.2.1.4.2.6.2
1.6.38513.8.2.1.6.12
1.6.38706.8.2.1
1.6.38763.8.2.1.21
1.6.38898.8.2.1.14.10
1.6.38937.8.2.1.14.5.10.1.9
1.6.38950.8.2.1.8.3.16.1
1.6.39223.8.2.1.2.2
1.6.39317.8.2.1.1.1.3.2
1.6.39344.8.2.1.15.1.3.2.2
1.6.39506.8.2.1.2.2.6.2
1.6.39529.8.2.1
1.6.39564.8.2.1.6.2.4
1.6.39619.8.2.1.1
1.6.39748.8.2.1.1.1
1.6.39933.8.2.1.6.4.8.4.41
1.6.40075.8.2.1.11.1.3
1.6.40079.8.2.1.19.2.8
1.6.40170.8.2.1.5
1.6.40180.8.2.1.5.2.20
1.6.40190.8.2.1
1.6.40244.8.2.1.2.2.5.1.12
1.6.40311.8.2.1.2.1.14.1.3
1.6.40374.8.2.1.10
1.6.40423.8.2.1.2.1.9
1.6.40436.8.2.1.23.3
1.6.40652.8.2.1.2.2
1.6.40879.8.2.1.6.3.8.3
1.6.41070.8.2.1.7.8.8
1.6.41110.8.2.1.1.1
1.6.41153.8.2.1.6.1.4.2.4.6
1.6.41285.8.2.1
1.6.41293.8.2.1.1.1
1.6.41318.8.2.1.10.5
1.6.41330.8.2.1.5.1.2
1.6.41360.8.2.1.38.5.8.1.3
1.6.41427.8.2.1
1.6.41468.8.2.1.17.3.10.1.21
1.6.41498.8.2.1.18.1
1.6.41560.8.2.1
1.6.41593.8.2.1.7.3.50
1.6.41808.8.2.1.2.2
1.6.41851.8.2.1.5.1.12
1.6.41886.8.2.1.15.2
1.6.41953.8.2.1.16.3.12.6
1.6.42002.8.2.1.3.2.37
1.6.42139.8.2.1.21.5.9
1.6.42144.8.2.1.1
1.6.42237.8.2.1.31.3
1.6.42252.8.2.1.22.5.12.2
1.6.42302.8.2.1
1.6.42358.8.2.1.1
1.6.42570.8.2.1.20.3.37
1.6.42719.8.2.1.20.1
1.6.42780.8.2.1.7.1
1.6.42824.8.2.1
1.6.42877.8.2.1
1.6.42904.8.2.1.3.1
1.6.42956.8.2.1.1.1.29.2
1.6.42984.8.2.1.16.4.16.1
1.6.43123.8.2.1.6
1.6.43218.8.2.1
1.6.43279.8.2.1.12
1.6.43344.8.2.1.7.2.4.3
1.6.43428.8.2.1
1.6.43504.8.2.1.7.1.4.4
1.6.43517.8.2.1.2.3.15
1.6.43714.8.2.1.3.2.3
1.6.43833.8.2.1.10
1.6.43997.8.2.1.24.4
1.6.44091.8.2.1.15.1.2.1
1.6.44533.8.2.1.4.3.5.2.3
1.6.44640.8.2.1.14.3.15.6.18.5
1.6.44752.8.2.1.17.1
1.6.45226.8.2.1.10
1.6.45404.8.2.1.6
1.6.45469.8.2.1.3.3.8
1.6.45495.8.2.1.20.1.4.4.17
1.6.45609.8.2.1.3.1
1.6.45730.8.2.1.44.1.4.2
1.6.45750.8.2.1
1.6.45939.8.2.1.15.2.10.1
1.6.46020.8.2.1.13
1.6.46027.8.2.1.33.2
1.6.46130.8.2.1
1.6.46154.8.2.1.6
1.6.46277.8.2.1.7.2.3.3.13.25
1.6.46277.8.2.1.8.3.5
1.6.46328.8.2.1.11.4.38.1.37.5
1.6.46344.8.2.1.8.1.14.2
1.6.46499.8.2.1.27.1.2
1.6.46583.8.2.1.3.1.6.1.13
1.6.46583.8.2.1.6.1.3.2
1.6.46592.8.2.1.1
1.6.46801.8.2.1.4.7
1.6.47046.8.2.1.21
1.6.47102.8.2.1.1.7.2.2
1.6.47183.8.2.1.14.10
1.6.47222.8.2.1.14.5.10.1.9
1.6.47591.8.2.1.1.1.3.2
1.6.47618.8.2.1.15.1.3.2.2
1.6.47779.8.2.1.2.2.6.2
1.6.47788.8.2.1.7.1.3.9.23
1.6.47807.8.2.1.14
1.6.47975.8.2.1.1.1
1.6.48171.8.2.1.11.2.3
1.6.48183.8.2.1.1.2.2.2
1.6.48234.8.2.1.5.7
1.6.48306.8.2.1.11.1.3
1.6.48310.8.2.1.19.2.8
1.6.48401.8.2.1.5
1.6.48411.8.2.1.5.2.20
1.6.48465.8.2.1.4.1.2
1.6.48533.8.2.1.4.2.3.1.4
1.6.48596.8.2.1.7
1.6.48605.8.2.1.18
1.6.48648.8.2.1.2.1.9
1.6.48661.8.2.1.23.3
1.6.48879.8.2.1.2.2
1.6.49109.8.2.1
1.6.49252.8.2.1.11.2.6
1.6.49277.8.2.1.3.1.14
1.6.49325.8.2.1.6.1.4.2.4.4
1.6.49454.8.2.1
1.6.49462.8.2.1.1.1
1.6.49487.8.2.1.10.5
1.6.49498.8.2.1.5.1.2
1.6.49528.8.2.1.38.5.8.1.3
1.6.49595.8.2.1
1.6.49636.8.2.1.17.3.10.1.21
1.6.49666.8.2.1.18.1
1.6.49726.8.2.1
1.6.49732.8.2.1.2
1.6.49987.8.2.1.2.2
1.6.50065.8.2.1.4.1.1
1.6.50125.8.2.1.37.5
1.6.50168.8.2.1.3.2.22
1.6.50246.8.2.1
1.6.50304.8.2.1.18.1.28
1.6.50312.8.2.1.4.1.27
1.6.50420.8.2.1.4.2.3.2.3
1.6.50435.8.2.1.22.5.12.2
1.6.50533.8.2.1.1
1.6.50723.8.2.1.20.3.37
1.6.50782.8.2.1.17.2
1.6.50827.8.2.1.11.6
1.6.50844.8.2.1.11.1
1.6.50902.8.2.1.7.1
1.6.50946.8.2.1
1.6.50986.8.2.1.3
1.6.51014.8.2.1.3.1
1.6.51240.8.2.1.6
1.6.51332.8.2.1
1.6.51443.8.2.1.6.1.2.1.8
1.6.51443.8.2.1.6.1.3.2
1.6.51520.8.2.1
1.6.51617.8.2.1.47.2.4.2
1.6.51630.8.2.1
1.6.51640.8.2.1.4.1
1.6.51819.8.2.1.3.2.3
1.6.52085.8.2.1.24.4
1.6.52185.8.2.1.15.1.2.1
1.6.52253.8.2.1.4.3.3
1.6.52465.8.2.1.9.1.3.1
1.6.52498.8.2.1.16.3.17.3.11
1.6.52506.8.2.1.19.4.8
1.6.52523.8.2.1.4.1.4.11.31
1.6.52637.8.2.1.4.3.5.2.3
1.6.52735.8.2.1.2
1.6.52742.8.2.1.2.1.7
1.6.52830.8.2.1.17.1
1.6.52891.8.2.1.3.2.25.2.11.14
1.6.53293.8.2.1.11
1.6.53303.8.2.1.16
1.6.53472.8.2.1.6
1.6.53563.8.2.1.13
1.6.53588.8.2.1.17.1.3
1.6.53708.8.2.1
1.6.53737.8.2.1.4.4
1.6.53840.8.2.1.3.2
1.6.53865.8.2.1
1.6.53891.8.2.1
1.6.54075.8.2.1.1.1.4.1
1.6.54157.8.2.1.13
1.6.54180.8.2.1.21.2
1.6.54285.8.2.1
1.6.54309.8.2.1.1.3.9
1.6.54429.8.2.1.7.2.3.3.13.35
1.6.54429.8.2.1.8.3.5
1.6.54476.8.2.1.18.2.4.4
1.6.54485.8.2.1.8.1.14.3
1.6.54599.8.2.1.3
1.6.54604.8.2.1.14.2
1.6.54634.8.2.1.27.1.2
1.6.54719.8.2.1
1.6.54825.8.2.1.12.2
1.6.55003.8.2.1
1.6.55192.8.2.1.21
1.6.55248.8.2.1.1.7.2.2
1.6.55329.8.2.1.14.10
1.6.55354.8.2.1.14.5.10.1.16
1.6.55367.8.2.1.8.3.16.1
1.6.55636.8.2.1.2.2
1.6.55734.8.2.1.1.1.3.2
1.6.55913.8.2.1.2.2.6.2
1.6.55936.8.2.1
1.6.55971.8.2.1.6.2.4
1.6.56015.8.2.1.1
1.6.56143.8.2.1
1.6.56164.8.2.1.3.3
1.6.56280.8.2.1.30.2
1.6.56313.8.2.1.1.1
1.6.56317.8.2.1.11.5.21
1.6.56331.8.2.1.1.2.2.4
1.6.56393.8.2.1.2.2.13
1.6.56464.8.2.1.11.1.3
1.6.56468.8.2.1.19.2.8
1.6.56554.8.2.1.5
1.6.56564.8.2.1.5.2.20
1.6.56630.8.2.1.2.2.5.1.12
1.6.56697.8.2.1.2.1.14.1.3
1.6.56759.8.2.1.7
1.6.56768.8.2.1.18
1.6.56811.8.2.1.2.1.9
1.6.56824.8.2.1.23.3
1.6.56837.8.2.1
1.6.57057.8.2.1.2.2
1.6.57290.8.2.1.6.3.8.3
1.6.57477.8.2.1.7.2.8
1.6.57502.8.2.1.3.1.14
1.6.57543.8.2.1.6.1.4.2.4.5
1.6.57661.8.2.1
1.6.57669.8.2.1.1.1
1.6.57694.8.2.1.10.5
1.6.57708.8.2.1.5.1.2
1.6.57738.8.2.1.38.5.8.1.3
1.6.57805.8.2.1
1.6.57852.8.2.1.2
1.6.57938.8.2.1
1.6.57971.8.2.1.7.3.51
1.6.58210.8.2.1.9.5
1.6.58217.8.2.1.1.1.11
1.6.58278.8.2.1.4.1.1
1.6.58338.8.2.1.37.5
1.6.58360.8.2.1.1.10.26.6
1.6.58379.8.2.1.3.2.23
1.6.58451.8.2.1
