1.1.1.8.10.2.4.3
1.1.1.59.22.1.12.4
1.1.1.109.5.1
1.1.1.115.10.1.4.5
1.1.1.120.5.1
1.1.1.128.5.1.1.6
1.1.1.137.5.1.2.1.2
1.1.1.146.5.1.1.7.19
1.1.1.170.5.1.2.2
1.1.1.280.5.1.2
1.1.1.328.29.1.17
1.1.1.334.15.2.11.3.9.2
1.1.1.340.35.2.4.6
1.1.1.349.25.2.39.2.4.2.6
1.1.1.398.5.1.33.1.2.1.12
1.1.1.409.9.1.4
1.1.1.418.3
1.1.1.620.24.1.13.9
1.1.1.624.9.1.4
1.1.1.700.18.2.4.5
1.1.1.825.9.1.4.1.2
1.1.1.839.6
1.1.1.899.5.1
1.1.1.942.11.1.4
1.1.1.1003.5.1.4
1.1.1.1061.5.1.3.5.15.2
1.1.1.1163.5.1.4.1.1.5
1.1.1.1212.5.1.6.12.25.8.18
1.1.1.1217.5.1.4.1.35
1.1.1.1261.5.1.10
1.1.1.1322.11.2.8
1.1.1.1350.13.1.6.4
1.1.1.1421.5.1.4.4.12.4
1.1.1.1469.14.3.6.12.14
1.1.1.1540.8.2.8
1.1.1.1559.3
1.1.1.1574.3
1.1.1.1648.11.1.7.6
1.1.1.1651.5.1.4
1.1.1.1677.19.3.5
1.1.1.1700.5.1
1.1.1.1763.5.1
1.1.1.1885.5.1.7.1
1.1.1.1907.5.1.1.19.5.9
1.1.1.1916.5.1.3.4
1.1.1.1916.5.1.4.1.40
1.1.1.1924.5.1
1.1.1.1957.5.1.1
1.1.1.1988.10.1.10
1.1.1.2003.13.1.7.6.10
1.1.1.2141.17.2.12
1.1.1.2180.5.1.1.2.8.3.9
1.1.1.2231.5.1.4
1.1.1.2270.5.1.18.4.5.2.3
1.1.1.2305.5.1.1.1.7.2.5
1.1.1.2412.15
1.1.1.2432.26.1.11
1.1.1.2531.5.1.16.3
1.1.1.2576.16.3.6
1.1.1.2673.5.1.7.1.9.1
1.1.1.2856.5.1
1.1.1.2940.14.2.10.1.3.1
1.1.1.2945.5.1.1
1.1.1.2991.5.1.3.2.5.2
1.1.1.3041.18.1.4.1
1.1.1.3164.5.1.4
1.1.1.3270.13.1.9.5
1.1.2.3310.10.3.4
1.1.2.3321.16.2
1.1.2.3376.10.1.4
1.1.2.3389.5.1.2.1.1
1.1.2.3479.16.2.18.2.27.4
1.1.2.3494.32.1.22.4
1.1.2.3599.5.1.4.3.4.7
1.1.2.3627.23.2.12.14.21.1
1.1.2.3629.24.1.4
1.1.2.3678.5.1.9.2
1.1.2.3702.5.1.1.5.2
1.1.2.3749.9.1.11
1.1.2.3757.5.1.1.12
1.1.2.3760.14.4.8.13
1.1.2.3771.5.1.1.1
1.1.2.3951.5.1.2.2.34.5
1.1.2.4014.17.2.8.17
1.1.2.4043.5.1.2.1.1.1.3
1.1.2.4070.10.1.9.5.15
1.1.2.4101.19.4.8.2
1.1.2.4118.22.2.6.4.2.1
1.1.2.4183.8.1.5.2
1.1.2.4192.5.1.4.6.9.5.10
1.1.2.4249.5.1.2
1.1.2.4288.40.2.36.22.12
1.1.2.4329.22.2.7.8.6.3
1.1.2.4358.13.2
1.1.2.4400.5.1.2.2
1.1.2.4440.5.1
1.1.2.4450.14.2.9.5.18.14.21
1.1.2.4453.5.1.12.3.28.1.1
1.1.2.4539.33.3.4.3
1.1.2.4573.5.1.45
1.1.2.4575.5.1
1.1.2.4601.5.1.1.24
1.1.2.4680.30.1.10.3
1.1.2.4703.5.1
1.1.2.4734.10.1.4.7
1.1.2.4751.5.1.1.14
1.1.2.4840.16.3.8.2
1.1.2.4859.14.3.4.5.16
1.1.2.5070.5.1.19
1.1.2.5104.8.1.4
1.1.2.5158.5.1.1.1.2.2.5
1.1.2.5237.5.1.8.4.15.1.12
1.1.2.5275.15.2.7.1
1.1.2.5322.5.1.9.2
1.1.2.5433.22.1.12.4
1.1.2.5492.5.1.27.8.8.2.21
1.1.2.5493.10.1.37
1.1.2.5510.16.2.9
1.1.2.5535.8.1.10.7.33
1.1.2.5642.15.2
1.1.2.5726.12.1.16.5
1.1.2.5744.5.1.2.2
1.1.2.5764.43.2.8.10
1.1.2.5798.5.1.33.1.2.1.12
1.1.2.5809.9.1.4
1.1.2.5818.3
1.1.2.6090.18.2.4.5
1.1.2.6214.5.1.2.2.10
1.1.2.6326.11.1.4
1.1.2.6386.11.1.4
1.1.2.6448.11.1.8
1.1.2.6459.5.1.3.5.9.4
1.1.2.6501.5.1.11.1.3.1
1.1.2.6555.5.1.4.1.1.5
1.1.2.6604.5.1.6.12.25.8.17
1.1.2.6609.5.1.4.1.34
1.1.2.6649.5.1.10
1.1.2.6686.45.1.28.19
1.1.2.6733.21.1.4.1
1.1.2.6764.5.1.3.1.5.1
1.1.2.6909.8.2.8
1.1.2.6928.3
1.1.2.6943.3
1.1.2.7017.5.1.3.4.25
1.1.2.7045.19.3.5
1.1.2.7068.5.1
1.1.2.7074.22.1.10
1.1.2.7147.5.1
1.1.2.7269.5.1.7.1
1.1.2.7294.15.3
1.1.2.7315.21.1.10.8
1.1.2.7344.5.1.1
1.1.2.7375.10.1.10
1.1.2.7390.13.1.7.6.10
1.1.2.7529.17.2.12
1.1.2.7568.5.1.1.2.8.3.9
1.1.2.7700.5.1.9
1.1.2.7812.15
1.1.2.7832.26.1.11
1.1.2.7928.5.1.16.3
1.1.2.7976.14.3.21.7.13
1.1.2.8076.5.1.7.1.9.1
1.1.2.8248.5.1
1.1.2.8334.14.2.10.1.3.1
1.1.2.8339.5.1.1
1.1.2.8435.18.1.4.1
1.1.2.8558.5.1.4
1.1.2.8579.10.1.4
1.1.2.8655.33.1.4.18.6
1.1.2.8659.9.4.4
1.1.2.8667.24.1.10.8
1.1.2.8739.5.1
1.1.2.8795.5.1.2.1.1
1.1.2.8882.16.2.18.2.27.4
1.1.2.8898.32.1.22.4
1.1.2.9005.5.1.4.3.4.7
1.1.2.9035.10.3.12
1.1.2.9106.9.3.13.4.31
1.1.2.9174.25.2.15.8
1.1.2.9180.5.1.1.15
1.1.2.9183.14.4.8.13
1.1.2.9194.5.1.1.1
1.1.2.9317.19
1.1.2.9437.17.2.4.1
1.1.2.9455.35.2.15.10.24
1.1.2.9480.5.1.7.4.3
1.1.2.9503.5.1.4.1
1.1.2.9536.19.4.8.2
1.1.2.9553.22.2.6.4.2.1
1.1.2.9617.8.1.5.2
1.1.2.9626.5.1.3.3.15
1.1.2.9676.5.1.2
1.1.2.9832.5.1.13.26
1.1.2.9854.39.2
1.1.2.9862.19.1.12.8
1.1.2.9988.33.3.4.3
1.1.2.10020.5.1.45
1.1.2.10022.5.1
1.1.2.10048.5.1.1.24
1.1.2.10098.29.1.14
1.1.2.10130.30.1.10.3
1.1.2.10223.5.1.1.14
1.1.2.10314.16.3.8.2
1.1.2.10333.14.3.4.5.16
1.1.2.10401.3
1.1.2.10456.5.1.1.2.5.2
1.1.2.10460.18.3.5.3
1.1.2.10542.10.2.12.12
1.1.2.10550.5.1.2.1.15.1.33
1.1.2.10589.8.1.4
1.1.2.10638.5.1.1.1.2.2.5
1.1.2.10709.20.3.4.3
1.1.2.10751.15.2.7.1
1.1.2.10809.5.1.9.2
1.1.2.10914.10.1.8
1.1.2.10924.16.4.9.3.5.5.7
1.1.2.10974.5.1
1.1.2.10980.10.1.4.5
1.1.2.10985.5.1
1.1.2.10993.5.1.1.6
1.1.2.11002.5.1.2.1.2
1.1.2.11011.5.1.1.7.19
1.1.2.11035.5.1.2.2
1.1.2.11147.5.1.3.3.7.2
1.1.2.11200.29.1.17
1.1.2.11206.15.2.11.3.9.2
1.1.2.11212.35.2.4.6
1.1.2.11221.25.2.39.2.4.2.6
1.1.2.11244.8.1.8
1.1.2.11245.5.1.3.6.12
1.1.2.11294.5.1.21.1.2.1.30
1.1.2.11506.24.1.13.9
1.1.2.11510.9.1.4
1.1.2.11586.18.2.4.5
1.1.2.11659.8.1.4
1.1.2.11711.23.3.7.14.13
1.1.2.11807.5.1.1
1.1.2.11846.5.1.4
1.1.2.12008.5.1.4.1.1.5
1.1.2.12056.5.1.6.12.25.8.18
1.1.2.12061.5.1.4.1.34
1.1.2.12103.49.3.47.1.2.1.1
1.1.2.12136.45.1.28.18
1.1.2.12189.13.1.6.4
1.1.2.12370.8.2.8
1.1.2.12389.3
1.1.2.12476.11.1.7.6
1.1.2.12480.8.1.11.10
1.1.2.12506.19.3.5
1.1.2.12528.13.3.14.1.1.1
1.1.2.12542.3
1.1.2.12596.5.1
1.1.2.12716.16.2
1.1.2.12749.15.3
1.1.2.12766.5.1.17.12.4.1
1.1.2.12766.5.1.17.12.5.1.3
1.1.2.12788.5.1.1
1.1.2.12831.17.2.18.7.14.3
1.1.2.12845.10.3.4.8
1.1.2.12949.17.2.12
1.1.2.12988.46.5.45.32
1.1.2.13038.5.1.4
1.1.2.13118.5.1.1.1.1
1.1.2.13167.29.2.13
1.1.2.13226.15
1.1.2.13246.26.1.11
1.1.2.13372.5.1.13.2.10
1.1.2.13485.5.1.6
1.1.2.13636.5.1
1.1.2.13725.14.2.10.1.3.1
1.1.2.13729.9.3.8.8
1.1.2.13833.18.1.4.1
1.1.2.13956.5.1.4
1.1.2.14033.5.1.1.1.16.1
1.1.2.14059.20.2.4.1.8
1.1.2.14070.5.1.2.2.6
1.1.2.14105.13.1.5
1.1.2.14169.10.1.4
1.1.2.14182.5.1.2.1.1
1.1.2.14267.16.2.18.2.27.4
1.1.2.14283.32.1.22.4
1.1.2.14381.5.1
1.1.2.14388.48.2.15.1.5
1.1.2.14415.15.2
1.1.2.14423.10.3.12
1.1.2.14526.5.1.1.5.2
1.1.2.14565.17.2.11
1.1.2.14575.5.1.1.18
1.1.2.14578.14.4.8.13
1.1.2.14807.17.2.4.1
1.1.2.14825.35.2.15.10.24
1.1.2.14850.5.1.7.4.3
1.1.2.14873.5.1.4.1
1.1.2.14925.17.2.6.21.26.8.7
1.1.2.14998.8.1.5.2
1.1.2.15007.5.1.3.3.15
1.1.2.15059.5.1.2
1.1.2.15214.5.1.13.26
1.1.2.15236.39.2
1.1.2.15246.5.1.2.4.14.1.1
1.1.3.15364.33.3.4.3
1.1.3.15396.5.1.45
1.1.3.15398.5.1
1.1.3.15480.29.1.14
1.1.3.15509.30.1.10.3
1.1.3.15602.5.1.1.14
1.1.3.15640.5.1.5.2.4
1.1.3.15695.5.1.1
1.1.3.15713.5.1
1.1.3.15914.5.1.11.1.4
1.1.3.15923.5.1.2.1.31.1.28
1.1.3.15962.8.1.4
1.1.3.16005.5.1.1.1.2.2.5
1.1.3.16105.15.2.7.1
1.1.3.16261.22.1.12.4
1.1.3.16311.5.1
1.1.3.16317.10.1.4.5
1.1.3.16322.5.1
1.1.3.16330.5.1.1.6
1.1.3.16339.5.1.2.1.2
1.1.3.16348.5.1.1.7.19
1.1.3.16372.5.1.2.2
1.1.3.16486.5.1.11.15.28.3.7
1.1.3.16537.29.1.17
1.1.3.16543.15.2.11.3.9.2
1.1.3.16549.35.2.4.7
1.1.3.16564.9.1.5
1.1.3.16586.5.1.3
1.1.3.16625.5.1.33.1.2.1.12
1.1.3.16642.25
1.1.3.16672.13.1.5
1.1.3.16746.13.3.6.1.2
1.1.3.16780.22.2.7.7.10.2.12
1.1.3.16829.24.1.13.9
1.1.3.16833.9.1.4
1.1.3.16921.11.1.11
1.1.3.17031.23.3.7.14.13
1.1.3.17107.17.2.8.5.8.1.3
1.1.3.17131.11.1.4
1.1.3.17191.11.1.4
1.1.3.17247.5.1
1.1.3.17344.5.1.4.1.1.5
1.1.3.17395.5.1.2.1.24.5.1
1.1.3.17442.5.1.10
1.1.3.17479.45.1.28.19
1.1.3.17501.6
1.1.3.17506.5.1
1.1.3.17530.13.1.6.4
1.1.3.17608.5.1.4.4.12.4
1.1.3.17733.8.2.8
1.1.3.17752.3
1.1.3.17767.3
1.1.3.17833.11.1.7.6
1.1.3.17870.5.1
1.1.3.17952.5.1
1.1.3.18074.16.2
1.1.3.18107.15.3
1.1.3.18127.5.1.1.4
1.1.3.18127.5.1.2.1.6
1.1.3.18150.25.3.17.25
1.1.3.18164.5.1.1
1.1.3.18195.10.1.10
1.1.3.18210.13.1.7.6.10
1.1.3.18261.5.1
1.1.3.18283.26.2.16
1.1.3.18349.17.2.12
1.1.3.18388.5.1.1.2.8.3.9
1.1.3.18439.5.1.4
1.1.3.18478.5.1.18.4.5.2.3
1.1.3.18513.5.1.1.1.7.2.5
1.1.3.18629.15
1.1.3.18649.26.1.11
1.1.3.18723.8.1.8.6
1.1.3.18790.5.1.13.2.10
1.1.3.19055.5.1
1.1.3.19139.14.2.10.1.3.1
1.1.3.19143.9.3.8.8
1.1.3.19188.5.1.3.2.5.2
1.1.3.19238.18.1.4.1
1.1.3.19361.5.1.4
1.1.3.19382.10.1.4
1.1.3.19394.5.1.4.1
1.1.3.19485.20.2.4.1.8
1.1.3.19491.5.1.4.1
1.1.3.19499.5.1.2.2.6
1.1.3.19596.15.4.6.4
1.1.3.19621.5.1.2.1.1
1.1.3.19706.16.2.18.2.27.4
1.1.3.19723.32.1.22.4
1.1.3.19834.5.1.4.3.4.7
1.1.3.19864.10.3.12
1.1.3.19929.5.1.9.2
1.1.3.19953.5.1.1.5.2
1.1.3.19999.18.3.5.2
1.1.3.20005.5.1.1.9
1.1.3.20008.14.4.8.13
1.1.3.20019.5.1.1.1
1.1.3.20135.19
1.1.3.20256.35.2.15.10.14
1.1.3.20281.5.1.7.4.3
1.1.3.20311.13.1.7.2.6
1.1.3.20370.5.1.8.6.2
1.1.3.20441.8.1.5.2
1.1.3.20472.6
1.1.3.20511.5.1.2
1.1.3.20595.22.2.7.8.6.3
1.1.3.20624.13.2
1.1.3.20666.5.1.3.1.4.5
1.1.3.20703.5.1
1.1.3.20713.14.2.9.5.18.15.27
1.1.3.20716.5.1.12.3.28.1.1
1.1.3.20832.33.3.4.3
1.1.3.20864.5.1.45
1.1.3.20866.5.1
1.1.3.20892.5.1.1.24
1.1.3.20971.35.1.25.8
1.1.3.21048.11.1.4.3
1.1.3.21065.5.1
1.1.3.21117.5.1.3.1
1.1.3.21119.5.1.1.1
1.1.3.21157.16.3.8.2
1.1.3.21176.14.3.4.5.16
1.1.3.21247.3
1.1.3.21336.5.1
1.1.3.21383.10.2.12.12
1.1.3.21391.5.1.2.1.15.1.33
1.1.3.21475.5.1.1.1.2.2.5
1.1.3.21547.5.1.2.7.9
1.1.3.21598.26.1.9
1.1.3.21683.10.2.4.3
1.1.3.21734.22.1.12.4
1.1.3.21784.5.1
1.1.3.21790.10.1.4.5
1.1.3.21795.5.1
1.1.3.21803.5.1.1.6
1.1.3.21812.5.1.2.1.2
1.1.3.21821.5.1.1.7.19
1.1.3.21845.5.1.2.2
1.1.3.21956.5.1.3.3.7.2
1.1.3.22002.5.1.4
1.1.3.22017.12.1.16.5
1.1.3.22035.5.1.2.2
1.1.3.22055.43.2.8.10
1.1.3.22089.5.1.33.1.2.1.12
1.1.3.22106.25
1.1.3.22136.13.1.5
1.1.3.22306.24.1.13.9
1.1.3.22310.9.1.4
1.1.3.22505.23.3.7.14.13
1.1.3.22630.5.1.7
1.1.3.22666.5.1.16
1.1.3.22723.11.1.8
1.1.3.22734.5.1.3.5.9.4
1.1.3.22908.5.1.6.12.25.8.17
1.1.3.22913.5.1.4.1.35
1.1.3.22927.5.1.9.1
1.1.3.22964.5.1.2.2.6.2.5
1.1.3.22989.5.1.14.2
1.1.3.22997.9.1.4.8
1.1.3.23002.5.1.3.1.18
1.1.3.23020.6
1.1.3.23025.5.1
1.1.3.23049.13.1.6.4
1.1.3.23122.5.1.4.4.12.4
1.1.3.23172.14.3.6.10.14
1.1.3.23246.8.2.8
1.1.3.23265.3
1.1.3.23280.3
1.1.3.23347.5.1.3.4.25
1.1.3.23350.8.1.11.9
1.1.3.23391.5.1
1.1.3.23502.81.3.6.9.3
1.1.3.23579.5.1.7.1
1.1.3.23601.15.3
1.1.3.23621.5.1.1.4
1.1.3.23621.5.1.2.1.6
1.1.3.23642.25.3.17.22
1.1.3.23656.5.1.1
1.1.3.23699.17.2.18.7.14.3
1.1.3.23713.10.3.4.8
1.1.3.23834.17.2.12
1.1.3.23873.5.1.1.2.8.3.9
1.1.3.23920.5.1.4
1.1.3.23959.5.1.18.4.5.2.3
1.1.3.23994.5.1.1.1.7.2.5
1.1.3.24101.15
1.1.3.24121.26.1.11
1.1.3.24270.16.3.6
1.1.3.24533.5.1
1.1.3.24597.6
1.1.3.24618.14.2.10.1.3.1
1.1.3.24623.5.1.1
1.1.3.24691.25.1.10
1.1.3.24704.20
1.1.3.24708.9.3.8.8
1.1.3.24720.5.1.9
1.1.3.24950.9.1.11.4
1.1.3.24989.13.1.5
1.1.3.25070.5.1.2.1.1
1.1.3.25158.16.2.18.2.27.4
1.1.3.25174.32.1.22.4
1.1.3.25288.5.1.4.3.4.7
1.1.3.25318.10.3.12
1.1.3.25383.5.1.9.2
1.1.3.25407.5.1.1.5.2
1.1.3.25449.18.3.5.2
1.1.3.25455.5.1.1.9
1.1.3.25458.14.4.8.13
1.1.3.25468.5.1.1.1
1.1.3.25710.35.2.15.10.14
1.1.3.25735.5.1.7.4.3
1.1.3.25758.5.1.4.1
1.1.3.25791.19.4.8.2
1.1.3.25798.16.2
1.1.3.25811.22.2.6.4.2.1
1.1.3.25875.8.1.5.2
1.1.3.25884.5.1.3.3.15
1.1.3.25938.5.1.2
1.1.3.25978.40.2.36.22.12
1.1.3.26009.22.2.7.8.6.3
1.1.3.26042.13.2
1.1.3.26084.5.1.3.1.4.5
1.1.3.26103.5.1.2.1.1.3.8
1.1.3.26234.33.3.4.3
1.1.3.26266.5.1.45
1.1.3.26268.5.1
1.1.3.26383.5.1.1.3.7.1.12
1.1.3.26476.5.1.1.14
1.1.3.26514.5.1.5.2.4
1.1.3.26569.5.1.1
1.1.3.26587.5.1
1.1.3.26741.5.1
1.1.3.26794.5.1.19
1.1.3.26828.8.1.4
1.1.3.26885.26.1.8.6
1.1.3.26889.5.1.7.1.9.3
1.1.3.26943.34.3.21.16.3
1.1.3.26951.5.1.1
1.1.3.26977.14.3.9.1.27.4
1.1.3.27034.5.1.9.2
1.1.3.27085.11.3.8.6
1.1.3.27136.22.1.12.4
1.1.3.27188.5.1
1.1.3.27194.10.1.4.5
1.1.3.27199.5.1
1.1.3.27207.5.1.1.6
1.1.3.27216.5.1.2.1.2
1.1.3.27225.5.1.1.7.19
1.1.3.27249.5.1.2.2
1.1.3.27317.5.1
1.1.3.27355.5.1.1.1.21.1
1.1.3.27442.12.1.16.5
1.1.3.27460.5.1.2.2
1.1.3.27480.43.2.8.10
1.1.3.27516.5.1.33.1.2.1.12
1.1.3.27533.25
1.1.3.27563.13.1.5
1.1.3.27746.24.1.13.9
1.1.3.27823.18.2.4.5
1.1.3.27870.5.1
1.1.3.27883.3
1.1.3.27942.27.2.13.22.31.10.27
1.1.3.28020.17.2.8.5.8.1.3
1.1.3.28050.5.1.6
1.1.3.28152.11.1.8
1.1.3.28163.5.1.3.5.9.4
1.1.3.28276.5.1.4.1.1.5
1.1.3.28325.5.1.6.12.25.8.17
1.1.3.28330.5.1.4.1.34
1.1.3.28378.5.1.10
1.1.3.28415.45.1.28.19
1.1.3.28462.21.1.4.1
1.1.3.28493.5.1.3.1.5.1
1.1.4.160.8.2.8
1.1.4.179.3
1.1.4.194.3
1.1.4.264.5.1.3.4.25
1.1.4.267.8.1.11.9
1.1.4.293.19.3.5
1.1.4.316.5.1
1.1.4.322.22.1.10
1.1.4.380.15.2.31.3.7.1
1.1.4.384.6
1.1.4.502.5.1.7.1
1.1.4.528.19.3
1.1.4.549.21.1.10.8
1.1.4.624.17.2.18.7.14.3
1.1.4.638.10.3.4.8
1.1.4.667.16.3.5.2.19.3
1.1.4.748.17.2.12
1.1.4.787.14.2.18
1.1.4.833.5.1.4
1.1.4.872.5.1.18.4.5.2.3
1.1.4.907.5.1.1.1.7.2.5
1.1.4.1014.15
1.1.4.1034.26.1.11
1.1.4.1116.5.1.5.2.13
1.1.4.1184.16.3.6
1.1.4.1470.5.1
1.1.4.1545.12.2.4
1.1.4.1547.5.1.1
1.1.4.1560.14.2.10.1.3.1
1.1.4.1565.5.1.1
1.1.4.1663.18.1.4.1
1.1.4.1788.5.1.4
1.1.4.1808.8.1.10
1.1.4.1881.33.1.4.18.6
1.1.4.1885.9.4.4
1.1.4.1893.24.1.10.8
1.1.4.1936.13.1.5
1.1.4.1972.15.2.23
1.1.4.2016.5.1.2.1.1
1.1.4.2106.16.2.18.2.27.4
1.1.4.2122.32.1.22.4
1.1.4.2226.5.1.4.3.4.7
1.1.4.2237.6
1.1.4.2248.15.2
1.1.4.2256.10.3.12
1.1.4.2321.5.1.9.2
1.1.4.2345.5.1.1.5.2
1.1.4.2396.5.1.1.18
1.1.4.2399.14.4.8.13
1.1.4.2531.19
1.1.4.2609.21.2.6.3.9.5
1.1.4.2652.17.2.4.1
1.1.4.2670.35.2.15.10.24
1.1.4.2695.5.1.7.4.3
1.1.4.2726.10.1.9.5.15
1.1.4.2782.5.1.8.6.2
1.1.4.2853.8.1.5.2
1.1.4.2884.6
1.1.4.2924.5.1.2
1.1.4.2998.22.2.7.8.6.3
1.1.4.3031.13.2
1.1.4.3073.5.1.2.2
1.1.4.3102.10.1.13.9
1.1.4.3127.13.3.7.1.1
1.1.4.3199.33.3.4.3
1.1.4.3233.5.1.45
1.1.4.3235.5.1
1.1.4.3260.3
1.1.4.3341.5.1.5.10.11
1.1.4.3385.5.1.4.3
1.1.4.3394.5.1.1
1.1.4.3423.5.1.5.4.10.4.11
1.1.4.3432.5.1.1.11
1.1.4.3522.5.1.1
1.1.4.3540.5.1
1.1.4.3772.33.4.6.3.11.4.9
1.1.4.3801.8.1.4
1.1.4.3853.5.1.1.1.2.2.5
1.1.4.3931.5.1.8.4.15.1.12
1.1.4.3964.15.2.7.1
1.1.4.4011.5.1.9.2
1.1.4.4119.22.1.12.4
1.1.4.4169.5.1
1.1.4.4175.10.1.4.5
1.1.4.4180.5.1
1.1.4.4188.5.1.1.6
1.1.4.4197.5.1.2.1.2
1.1.4.4206.5.1.1.7.19
1.1.4.4230.5.1.2.2
1.1.4.4339.26.1.10.6
1.1.4.4413.5.1.3
1.1.4.4430.5.1.17.4.21
1.1.4.4487.3
1.1.4.4489.15.2.9.1
1.1.4.4503.9.1.4
1.1.4.4512.3
1.1.4.4555.6
1.1.4.4700.42.1.21.22
1.1.4.4900.23.3.7.14.13
1.1.4.5015.5.1.7
1.1.4.5111.11.1.8
1.1.4.5122.5.1.3.5.9.4
1.1.4.5164.5.1.11.1.3.1
1.1.4.5228.5.1.4.1.1.5
1.1.4.5285.5.1.2.1.24.5.1
1.1.4.5300.5.1.9.1
1.1.4.5337.5.1.2.2.6.2.5
1.1.4.5362.5.1.14.2
1.1.4.5370.9.1.4.8
1.1.4.5375.17.1.9.5
1.1.4.5425.13.1.6.4
1.1.4.5497.5.1.4.4.12.4
1.1.4.5631.3
1.1.4.5646.3
1.1.4.5733.35.2.6
1.1.4.5766.19.3.5
1.1.4.5789.5.1
1.1.4.5795.22.1.10
1.1.4.5810.3
1.1.4.5862.5.1
1.1.4.5925.13.2
1.1.4.5977.5.1.7.1
1.1.4.5999.5.1.1.19.5.9
1.1.4.6008.5.1.3.4
1.1.4.6008.5.1.4.1.40
1.1.4.6016.5.1
1.1.4.6049.5.1.1
1.1.4.6080.10.1.10
1.1.4.6095.13.1.7.6.10
1.1.4.6131.20.4.8
1.1.4.6216.17.2.12
1.1.4.6255.14.2.18
1.1.4.6294.13.1.15
1.1.4.6306.6
1.1.4.6366.5.1.1.1.1
1.1.4.6417.29.2.13
1.1.4.6473.15
1.1.4.6493.26.1.11
1.1.4.6639.16.3.6
1.1.4.6727.19.2.17
1.1.4.6729.12.1.4
1.1.4.6731.5.1.3.1.6.1
1.1.4.6855.3
1.1.4.6866.22.2.6.2.32.2
1.1.4.6949.22.2
1.1.4.6998.14.2.10.1.3.1
1.1.4.7003.5.1.1
1.1.4.7083.25.1.10
1.1.4.7096.20
1.1.4.7100.9.3.8.8
1.1.4.7112.5.1.9
1.1.4.7228.5.1.4
1.1.4.7249.10.1.4
1.1.4.7317.20.2.4.1.8
1.1.4.7323.5.1.4.1
1.1.4.7331.5.1.2.2.6
1.1.4.7364.13.1.5
1.1.4.7447.5.1.2.1.1
1.1.4.7528.16.2.18.2.27.4
1.1.4.7545.32.1.22.4
1.1.4.7636.25.1.4.2
1.1.4.7662.15.2
1.1.4.7667.14.2.7.7
1.1.4.7669.10.3.12
1.1.4.7730.5.1.9.2
1.1.4.7754.5.1.1.5.2
1.1.4.7815.5.1
1.1.4.8051.13.2.6.9
1.1.4.8072.12.1.6.5
1.1.4.8101.5.1.2.1.1.1.3
1.1.4.8121.5.1.5.4
1.1.4.8174.17.2.6.21.26.10.25
1.1.4.8242.8.1.5.2
1.1.4.8251.5.1.3.3.15
1.1.4.8301.5.1.2
1.1.4.8359.14.1.6.1.18
1.1.4.8377.11.1.4
1.1.4.8394.8.1.6
1.1.4.8468.5.1.13.26
1.1.4.8509.5.1
1.1.4.8519.14.2.9.5.18.8.8
1.1.4.8522.5.1.12.3.28.1.1
1.1.4.8608.33.3.4.3
1.1.4.8640.5.1.45
1.1.4.8642.5.1
1.1.4.8721.29.1.14
1.1.4.8754.35.1.25.8
1.1.4.8789.22.2.8
1.1.4.8805.5.1
1.1.4.8819.11.1.4.3
1.1.4.8836.5.1
1.1.4.8888.5.1.3.1
1.1.4.8890.5.1.1.1
1.1.4.8928.16.3.8.2
1.1.4.8947.14.3.4.5.16
1.1.4.9077.5.1.1.2.5.2
1.1.4.9081.18.3.5.3
1.1.4.9174.5.1.19
1.1.4.9208.8.1.4
1.1.4.9262.5.1.1.1.2.2.5
1.1.4.9332.5.1.1
1.1.4.9368.15.2.7.1
1.1.4.9527.22.1.12.4
1.1.4.9586.5.1.27.8.8.2.21
1.1.4.9587.10.1.37
1.1.4.9604.16.2.9
1.1.4.9630.8.1.10.7.33
1.1.4.9737.15.2
1.1.4.9788.5.1.4
1.1.4.9803.12.1.16.5
1.1.4.9821.5.1.2.2
1.1.4.9841.43.2.8.10
1.1.4.9877.5.1.33.1.2.1.12
1.1.4.9888.9.1.4
1.1.4.9897.3
1.1.4.10081.24.1.13.9
1.1.4.10085.9.1.4
1.1.4.10167.11.1.11
1.1.4.10268.23.3.7.14.13
1.1.4.10369.5.1.1.1.3.1.16
1.1.4.10407.5.1.4
1.1.4.10465.5.1.3.5.15.2
1.1.4.10634.5.1.6.12.25.8.22
1.1.4.10639.5.1.4.1.34
1.1.4.10682.5.1.10
1.1.4.10742.11.2.8
1.1.4.10770.13.1.6.4
1.1.4.10965.8.2.8
1.1.4.10984.3
1.1.4.10999.3
1.1.4.11073.11.1.7.6
1.1.4.11110.5.1
1.1.4.11129.13.3.14.1.1.1
1.1.4.11142.3
1.1.4.11271.13.2
1.1.4.11323.5.1.7.1
1.1.4.11348.15.3
1.1.4.11368.5.1.1.4
1.1.4.11368.5.1.2.1.6
1.1.4.11391.25.3.17.26
1.1.4.11405.5.1.1
1.1.4.11436.10.1.10
1.1.4.11451.13.1.7.6.10
1.1.4.11581.17.2.12
1.1.4.11620.5.1.1.2.8.3.9
1.1.4.11671.5.1.4
1.1.4.11710.5.1.18.4.5.2.3
1.1.4.11745.5.1.1.1.7.2.5
1.1.4.11852.15
1.1.4.11948.5.1.5.2.13
1.1.4.12010.16.3.6
1.1.4.12274.5.1
1.1.4.12349.12.2.4
1.1.4.12351.5.1.1
1.1.4.12364.14.2.10.1.3.1
1.1.4.12369.5.1.1
1.1.4.12467.18.1.4.1
1.1.4.12616.5.1.4.1
1.1.4.12687.33.1.4.18.6
1.1.4.12691.9.4.4
1.1.4.12699.24.1.10.8
1.1.4.12742.13.1.5
1.1.4.12822.5.1.2.1.1
1.1.4.12905.16.2.18.2.27.4
1.1.4.12920.32.1.22.4
1.1.4.13027.5.1.4.3.4.7
1.1.4.13055.23.2.12.14.21.1
1.1.4.13057.24.1.4
1.1.4.13080.5.1
1.1.4.13110.9.3.13.4.31
1.1.4.13178.25.2.15.8
1.1.4.13184.5.1.1.15
1.1.4.13187.14.4.8.13
1.1.4.13197.5.1.1.1
1.1.4.13311.19
1.1.4.13421.10.2.8.13
1.1.4.13448.5.1.2.1.1.1.3
1.1.4.13467.5.1.4.1
1.1.4.13530.5.1.8.6.2
1.1.4.13601.8.1.5.2
1.1.4.13632.6
1.1.4.13672.5.1.2
1.1.4.13722.40.2.36.22.12
1.1.4.13839.5.1.4.1
1.1.4.13864.39.2
1.1.4.13872.19.1.12.8
1.1.4.13990.33.3.4.3
1.1.4.14024.5.1.45
1.1.4.14026.5.1
1.1.4.14052.5.1.1.24
1.1.4.14127.30.1.10.3
1.1.4.14204.5.1.7
1.1.4.14307.5.1.1
1.1.4.14325.5.1
1.1.4.14528.5.1.1
1.1.4.14539.33.4.6.3.11.4.9
1.1.4.14575.8.2.34.12
1.1.4.14606.10.1.6.3
1.1.4.14636.26.1.8.6
1.1.4.14640.5.1.7.1.9.4
1.1.4.14713.5.1.8.4.15.1.12
1.1.4.14741.15.2.7.1
1.1.4.14910.22.1.12.4
1.1.4.14962.5.1
1.1.4.14968.10.1.4.5
1.1.4.14973.5.1
1.1.4.14981.5.1.1.6
1.1.4.14990.5.1.2.1.2
1.1.4.14999.5.1.1.7.19
1.1.4.15023.5.1.2.2
1.1.4.15135.5.1.3.3.7.2
1.1.4.15188.29.1.17
1.1.4.15194.15.2.11.3.9.2
1.1.4.15200.35.2.4.6
1.1.4.15209.25.2.39.2.4.2.6
1.1.4.15258.5.1.33.1.2.1.12
1.1.4.15275.25
1.1.4.15468.24.1.14.19
1.1.4.15472.9.1.4
1.1.4.15548.18.2.4.5
1.1.4.15670.5.1.3.1.34
1.1.4.15781.5.1.1
1.1.4.15827.5.1.2.3.40.2.34
1.1.4.15831.54.2.4
1.1.4.15934.5.1.11.1.3.1
1.1.4.15988.5.1.4.1.1.5
1.1.4.16034.5.1.3
1.1.4.16078.5.1.10
1.1.4.16137.6
1.1.4.16142.5.1
1.1.4.16167.13.2.9
1.1.4.16200.5.1.3.1.5.1
1.1.4.16339.8.2.8
1.1.4.16358.3
1.1.4.16445.11.1.7.6
1.1.4.16479.5.1
1.1.4.16498.13.3.14.1.1.1
1.1.4.16512.3
1.1.4.16563.19.2
1.1.4.16681.16.2
1.1.4.16728.8.1.4.2
1.1.4.16763.5.1.1
1.1.4.16794.10.1.10
1.1.4.16809.13.1.7.6.10
1.1.4.16936.17.2.12
1.1.4.16976.46.5.45.32
1.1.4.17015.13.1.15
1.1.4.17027.6
1.1.4.17087.5.1.1.1.1
1.1.4.17138.29.2.13
1.1.4.17195.15
1.1.4.17215.26.1.11
1.1.4.17354.16.3.6
1.1.4.17442.19.2.17
1.1.4.17444.12.1.4
1.1.4.17479.5.1.6
1.1.4.17523.28
1.1.4.17641.5.1
1.1.4.17722.14.2.10.1.3.1
1.1.4.17726.9.3.8.8
1.1.4.17827.18.1.4.1
1.1.4.17950.5.1.4
1.1.4.17968.8.1.10
1.1.4.18064.9.1.11.4
1.1.4.18103.13.1.5
1.1.4.18139.15.2.23
1.1.4.18184.5.1.2.1.1
1.1.4.18269.16.2.18.2.27.4
1.1.4.18285.32.1.22.4
1.1.4.18393.5.1.4.3.4.7
1.1.4.18421.23.2.12.14.21.1
1.1.4.18423.24.1.4
1.1.4.18477.5.1.9.2
1.1.4.18501.5.1.1.5.2
1.1.4.18541.9.1.11
1.1.4.18549.5.1.1.12
1.1.4.18552.14.4.8.13
1.1.4.18562.5.1.1.1
1.1.4.18767.21.2.6.3.9.5
1.1.4.18810.10.2.8.13
1.1.4.18837.5.1.2.1.1.1.3
1.1.4.18856.5.1.4.1
1.1.4.18889.19.4.8.2
1.1.4.18905.5.1.1.3.7
1.1.4.18972.8.1.5.2
1.1.4.19003.6
1.1.4.19043.5.1.1.8.14
1.1.4.19154.5.1.3.1
1.1.4.19179.25.2
1.1.4.19195.5.1.2.2
1.1.4.19219.5.1.2.1.1.3.8
1.1.4.19342.33.3.4.3
1.1.4.19374.5.1.45
1.1.4.19376.5.1
1.1.4.19492.5.1.4
1.1.4.19515.5.1
1.1.4.19544.5.1.7
1.1.4.19658.5.1.1
1.1.4.19676.5.1
1.1.4.19902.5.1.11.1.4
1.1.4.19911.5.1.2.1.31.1.28
1.1.4.19945.14.3.8.3.12.5.33
1.1.4.19998.5.1.1.1.2.2.5
1.1.4.20061.34.3.21.16.3
1.1.4.20099.14.3.9.1.27.3
1.1.4.20131.26.1.9
1.1.4.20165.5.1.9.2
1.1.4.20264.22.1.12.4
1.1.4.20314.5.1
1.1.4.20320.10.1.4.5
1.1.4.20325.5.1
1.1.4.20333.5.1.1.6
1.1.4.20342.5.1.2.1.2
1.1.4.20351.5.1.1.7.19
1.1.4.20375.5.1.2.2
1.1.4.20554.17.2.4.5
1.1.4.20573.5.1.2.2
1.1.4.20595.8.1.8
1.1.4.20596.5.1.3.6.12
1.1.4.20634.5.1.33.1.2.1.12
1.1.4.20651.25
1.1.4.20795.10.1.5
1.1.4.20843.24.1.13.9
1.1.4.20847.9.1.4
1.1.4.20934.11.1.11
1.1.4.21051.23.3.7.14.13
1.1.4.21159.5.1.1
1.1.4.21264.11.1.8
1.1.4.21275.5.1.3.5.9.4
1.1.4.21437.5.1.3
1.1.4.21481.5.1.10
1.1.4.21518.45.1.28.18
1.1.4.21540.6
1.1.4.21545.5.1
1.1.4.21569.13.1.6.4
1.1.4.21643.5.1.4.4.12.4
1.1.4.21769.3
1.1.4.21784.3
1.1.4.21871.35.2.6
1.1.4.21928.5.1
1.1.4.21934.22.1.10
1.1.4.21949.3
1.1.4.22001.5.1
1.1.4.22064.13.2
1.1.4.22116.16.2
1.1.4.22147.15.3
1.1.4.22167.5.1.1.4
1.1.4.22167.5.1.2.1.6
1.1.4.22188.25.3.17.22
1.1.4.22202.5.1.1
1.1.4.22244.5.1.2.1.14.1
1.1.4.22287.21.4.8
1.1.4.22381.17.2.12
1.1.4.22420.5.1.1.2.8.3.9
1.1.4.22471.5.1.4
1.1.4.22510.5.1.18.4.5.2.3
1.1.4.22545.5.1.1.1.1
1.1.4.22596.29.2.13
1.1.4.22655.15
1.1.4.22751.8.1.8.6
1.1.4.22818.16.3.6
1.1.4.23032.5.1.1.1.13.6
1.1.4.23100.5.1
1.1.4.23179.16.2.10.6.6.1
1.1.4.23184.5.1.1
1.1.4.23234.17.2
1.1.4.23268.18.1.4.1
1.1.4.23391.5.1.4
1.1.4.23488.33.1.4.18.6
1.1.4.23492.9.4.4
1.1.4.23500.24.1.10.8
1.1.4.23572.5.1
1.1.4.23628.5.1.2.1.1
1.1.4.23713.16.2.18.2.27.4
1.1.4.23728.32.1.22.4
1.1.4.23833.5.1.4.3.4.7
1.1.4.23861.23.2.12.14.21.1
1.1.4.23863.24.1.4
1.1.4.23913.9.3.13.4.31
1.1.4.24001.5.1
1.1.4.24113.19
1.1.4.24234.35.2.15.10.14
1.1.4.24259.5.1.7.4.3
1.1.4.24283.5.1.5.4
1.1.4.24336.17.2.7.2.24
1.1.4.24405.8.1.5.2
1.1.4.24436.6
1.1.4.24478.5.1.2
1.1.4.24548.16.2
1.1.4.24554.8.1.6
1.1.4.24628.5.1.13.26
1.1.4.24669.5.1
1.1.4.24804.33.3.4.3
1.1.4.24836.5.1.45
1.1.4.24838.5.1
1.1.4.24952.35.1.25.8
1.1.4.24993.5.1.4.3
1.1.4.25002.5.1.1
1.1.4.25031.5.1.5.4.10.4.11
1.1.4.25040.5.1.1.11
1.1.4.25129.16.3.8.2
1.1.4.25148.14.3.4.5.16
1.1.4.25277.5.1.1.2.5.2
1.1.4.25281.18.3.5.3
1.1.4.25361.11.2.22.24
1.1.4.25375.5.1.19
1.1.4.25449.5.1.1.1.2.2.5
1.1.4.25512.34.3.21.16.3
1.1.4.25550.14.3.9.1.27.3
1.1.4.25665.11.3.8.4
1.1.4.25704.10.1.8
1.1.4.25714.16.4.9.3.5.5.7
1.1.4.25771.5.1.27.8.8.2.21
1.1.4.25772.10.1.37
1.1.4.25793.37.1.4.18
1.1.4.25802.8.1.32.10
1.1.4.25829.5.1.2.2
1.1.4.25891.5.1
1.1.4.25942.5.1.3.3.7.2
1.1.4.26005.9.1.4
1.1.4.26018.17.2.4.5
1.1.4.26037.5.1.2.2
1.1.4.26057.43.2.8.10
1.1.4.26091.5.1.33.1.2.1.12
1.1.4.26108.25
1.1.4.26323.24.1.13.9
1.1.4.26527.22.3.11.1.2
1.1.4.26542.28.2.8
1.1.4.26546.6
1.1.4.26610.17.2.8.5.8.1.3
1.1.4.26647.5.1.7
1.1.4.26743.11.1.8
1.1.4.26754.5.1.3.5.9.4
1.1.4.26856.5.1.4.1.1.5
1.1.4.26913.5.1.2.1.24.5.1
1.1.4.26928.5.1.9.1
1.1.4.26963.5.1.15
1.1.4.26967.34.4.16
1.1.4.26971.13.1
1.1.4.26996.45.1.28.18
1.1.4.27046.21.1.4.1
1.1.4.27120.5.1.4.4.12.4
1.1.4.27248.8.2.8
1.1.4.27267.3
1.1.4.27366.35.2.6
1.1.4.27372.26.2.13
1.1.4.27395.19.3.5
1.1.4.27418.5.1
1.1.4.27424.22.1.10
1.1.4.27497.5.1
1.1.4.27560.13.2
1.1.4.27612.16.2
1.1.4.27643.15.3
1.1.4.27663.5.1.1.4
1.1.4.27663.5.1.2.1.6
1.1.4.27686.25.3.17.25
1.1.4.27700.5.1.1
1.1.4.27731.10.1.10
1.1.4.27746.13.1.7.6.10
1.1.4.27885.17.2.12
1.1.4.27924.46.5.45.32
1.1.4.27963.13.1.15
1.1.4.27975.6
1.1.4.28035.5.1.1.1.1
1.1.4.28084.29.2.13
1.1.4.28141.15
1.1.4.28161.26.1.11
1.1.4.28266.11.7.4.1
1.1.4.28285.16.3.6
1.1.4.28387.5.1.7.1.9.1
1.1.4.28567.5.1
1.1.4.28648.14.2.10.1.3.1
1.1.4.28653.5.1.1
1.1.4.28755.18.1.4.1
1.1.4.28831.14.3.52.10.30.7.25
1.1.4.28890.8.1.19
1.1.4.28983.13.1.9.5
1.1.4.29017.13.1.5
1.1.4.29039.5.1
1.1.4.29067.15.4.6.4
1.1.4.29092.5.1.2.1.1
1.1.4.29185.16.2.18.2.27.4
1.1.4.29200.32.1.22.4
1.1.4.29217.14.2.9.2
1.1.4.29292.21.2.9.6.11
1.1.4.29317.15.2
1.1.4.29322.14.2.7.7
1.1.4.29324.10.3.12
1.1.4.29394.5.1.9.2
1.1.4.29418.5.1.1.5.2
1.1.4.29469.25.2.15.8
1.1.4.29475.5.1.1.15
1.1.4.29478.14.4.8.13
1.1.4.29489.5.1.1.1
1.1.4.29678.21.2.6.3.9.5
1.1.4.29725.15.2.10.10.20
1.1.4.29750.5.1.2.1.1.1.3
1.1.4.29777.10.1.9.5.15
1.1.4.29808.19.4.8.2
1.1.4.29815.16.2
1.1.4.29827.5.1.1.3.7
1.1.4.29894.8.1.5.2
1.1.4.29903.5.1.3.3.15
1.1.4.29960.5.1.2
1.1.4.30009.40.2.36.22.12
1.1.4.30128.5.1.13.26
1.1.4.30150.39.2
1.1.4.30160.26.2.14.1.1.3.54
1.1.4.30280.33.3.4.3
1.1.4.30312.5.1.45
1.1.4.30314.5.1
1.1.4.30339.3
1.1.4.30420.14.4.12
1.1.4.30511.5.1.1.14
1.1.4.30600.16.3.8.2
1.1.4.30619.14.3.4.5.16
1.1.4.30834.5.1.11.1.4
1.1.4.30843.5.1.2.1.31.1.19
1.1.4.30882.8.1.4
1.1.4.30941.26.1.8.6
1.1.4.30945.5.1.7.1.9.3
1.1.4.31041.15.2.7.1
1.1.4.31210.22.1.12.4
1.1.4.31260.5.1
1.1.4.31266.10.1.4.5
1.1.4.31271.5.1
1.1.4.31279.5.1.1.6
1.1.4.31288.5.1.2.1.2
1.1.4.31297.5.1.1.7.19
1.1.4.31321.5.1.2.2
1.1.4.31479.29.1.17
1.1.4.31485.15.2.11.3.9.2
1.1.4.31491.35.2.4.6
1.1.4.31500.25.2.39.2.4.2.6
1.1.4.31554.5.1.33.1.2.1.12
1.1.4.31571.25
1.1.4.31846.18.2.4.5
1.1.4.31954.23.3.7.14.13
1.1.4.32020.5.1
1.1.4.32068.11.1.4
1.1.4.32129.5.1.4
1.1.4.32186.11.1.8
1.1.4.32197.5.1.3.5.9.4
1.1.4.32239.5.1.11.1.3.1
1.1.4.32294.5.1.4.1.1.5
1.1.4.32349.5.1.6.12.25.8.22
1.1.4.32354.5.1.4.1.34
1.1.4.32389.49.3.47.1.2.1.1
1.1.4.32425.5.1.3.1.2
1.1.4.32443.6
1.1.4.32448.5.1
1.1.4.32472.13.1.6.4
1.1.4.32546.5.1.4.4.12.4
1.1.4.32677.3
1.1.4.32692.3
1.1.4.32759.11.1.7.6
1.1.4.32805.5.1
1.1.4.32811.22.1.10
1.1.4.32826.3
1.1.4.32995.16.2
1.1.4.33028.15.3
1.1.4.33048.5.1.1.4
1.1.4.33048.5.1.2.1.6
1.1.4.33071.25.3.17.25
1.1.4.33085.5.1.1
1.1.4.33116.10.1.10
1.1.4.33167.20.4.8
1.1.4.33256.17.2.12
1.1.4.33296.5.1.1.2.8.3.9
1.1.4.33407.8.4.8.6
1.1.4.33430.5.1.1.1.7.2.5
1.1.4.33537.15
1.1.4.33614.5.1.4
1.1.4.33690.16.3.6
1.1.4.33902.3
1.1.4.33970.5.1
1.1.4.34057.14.2.10.1.3.1
1.1.4.34062.5.1.1
1.1.4.34160.18.1.4.1
1.1.4.34387.20.2.4.1.8
1.1.4.34393.5.1.4.1
1.1.4.34401.5.1.2.2.6
1.1.4.34437.13.1.5
1.1.4.34459.5.1
1.1.4.34509.10.1.4
1.1.4.34522.5.1.2.1.1
1.1.4.34605.16.2.18.2.27.4
1.1.4.34620.32.1.22.4
1.1.4.34725.5.1.4.3.4.7
1.1.4.34755.10.3.12
1.1.4.34858.5.1.1.5.2
1.1.4.34908.5.1.1.18
1.1.4.34911.14.4.8.13
1.1.4.34930.3
1.1.4.35140.5.1.5.1.1.4.9
1.1.4.35152.35.2.15.10.13
1.1.4.35177.5.1.7.4.3
1.1.4.35200.5.1.4.1
1.1.4.35262.5.1.8.6.2
1.1.4.35333.8.1.5.2
1.1.4.35342.5.1.4.6.9.8.17
1.1.4.35401.5.1.2
1.1.4.35451.40.2.36.22.12
1.1.4.35566.5.1.13.26
1.1.4.35591.39.2
1.1.4.35601.26.2.14.1.1.3.62
1.1.4.35715.33.3.4.3
1.1.4.35747.5.1.45
1.1.4.35749.5.1
1.1.4.35774.3
1.1.4.35867.5.1.1.3.7.1.12
1.1.4.35960.5.1.1.14
1.1.4.35998.5.1.5.2.4
1.1.5.36016.5.1.3.1
1.1.5.36018.5.1.1.1
1.1.5.36056.16.3.8.2
1.1.5.36075.14.3.4.5.16
1.1.5.36200.5.1.1.2.5.2
1.1.5.36204.18.3.5.3
1.1.5.36286.11.2.22.24
1.1.5.36300.5.1.19
1.1.5.36342.8.1.4
1.1.5.36390.5.1.1.1.2.2.5
1.1.5.36453.34.3.21.16.3
1.1.5.36463.5.1.2.7.9
1.1.5.36493.15.2.7.1
1.1.5.36596.11.3.8.4
1.1.5.36653.22.1.12.4
1.1.5.36703.5.1
1.1.5.36709.10.1.4.5
1.1.5.36714.5.1
1.1.5.36722.5.1.1.6
1.1.5.36731.5.1.2.1.2
1.1.5.36740.5.1.1.7.19
1.1.5.36764.5.1.2.2
1.1.5.36947.5.1.3
1.1.5.36964.5.1.17.4.21
1.1.5.37031.5.1.21.1.2.1.54
1.1.5.37048.25
1.1.5.37256.24.1.13.9
1.1.5.37260.9.1.4
1.1.5.37336.18.2.4.5
1.1.5.37383.5.1
1.1.5.37396.3
1.1.5.37458.9.1.4.1.23
1.1.5.37472.6
1.1.5.37564.5.1.1.1.3.1.16
1.1.5.37601.11.1.4
1.1.5.37707.5.1.11.1.3.1
1.1.5.37822.5.1.2.1.10.2.4
1.1.5.37837.5.1.9.1
1.1.5.37871.5.1.3.1.27
1.1.5.37899.5.1.14.2
1.1.5.37907.9.1.4.8
1.1.5.37913.5.1.5.5.21
1.1.5.37935.11.2.8
1.1.5.37960.13.1.6.4
1.1.5.38032.5.1.4.4.12.4
1.1.5.38172.3
1.1.5.38187.3
1.1.5.38260.11.1.7.6
1.1.5.38309.5.1
1.1.5.38315.22.1.10
1.1.5.38330.3
1.1.5.38381.5.1
1.1.5.38503.5.1.7.1
1.1.5.38525.15.3
1.1.5.38542.5.1.17.12.4.1
1.1.5.38542.5.1.17.12.5.1.3
1.1.5.38564.5.1.1
1.1.5.38615.10.3.4.8
1.1.5.38741.17.2.12
1.1.5.38782.13.2.24.11.20
1.1.5.38828.5.1.4
1.1.5.38867.5.1.18.4.5.2.3
1.1.5.38902.5.1.1.1.7.2.5
1.1.5.39017.15
1.1.5.39037.26.1.11
1.1.5.39168.16.3.6
1.1.5.39391.22.2.6.2.10.2
1.1.5.39447.5.1
1.1.5.39534.14.2.10.1.3.1
1.1.5.39539.5.1.1
1.1.5.39615.25.1.10
1.1.5.39628.20
1.1.5.39632.9.3.8.8
1.1.5.39750.5.1.4
1.1.5.39771.10.1.4
1.1.5.39831.5.1.1.1.2.1
1.1.5.39857.20.2.4.1.8
1.1.5.39868.5.1.2.2.6
1.1.5.39901.13.1.5
1.1.5.39937.15.2.23
1.1.5.39982.5.1.2.1.1
1.1.5.40074.16.2.18.2.27.4
1.1.5.40090.32.1.22.4
1.1.5.40198.5.1.4.3.4.7
1.1.5.40228.10.3.12
1.1.5.40281.18.3
1.1.5.40281.23.2.18.41
1.1.5.40287.13.2.16.1.1
1.1.5.40333.9.1.11
1.1.5.40341.5.1.1.12
1.1.5.40344.14.4.8.13
1.1.5.40363.3
1.1.5.40462.19
1.1.5.40516.5.1.2.2.34.5
1.1.5.40579.17.2.4.1
1.1.5.40597.35.2.15.10.24
1.1.5.40622.5.1.7.4.3
1.1.5.40645.5.1.4.1
1.1.5.40678.19.4.8.2
1.1.5.40695.22.2.6.4.2.1
1.1.5.40759.8.1.5.2
1.1.5.40768.5.1.3.3.15
1.1.5.40820.5.1.2
1.1.5.40972.5.1.3.1.4.8
1.1.5.41009.5.1
1.1.5.41019.14.2.9.5.18.8.26
1.1.5.41111.33.3.4.3
1.1.5.41145.5.1.45
1.1.5.41147.5.1
1.1.5.41254.5.1.4
1.1.5.41280.5.1
1.1.5.41311.10.1.4.7
1.1.5.41328.5.1.1.14
1.1.5.41366.5.1.5.2.4
1.1.5.41421.5.1.1
1.1.5.41439.5.1
1.1.5.41643.5.1.11.1.4
1.1.5.41652.5.1.2.1.31.1.28
1.1.5.41691.8.1.4
1.1.5.41745.5.1.1.1.2.2.5
1.1.5.41840.14.3.9.1.27.3
1.1.5.41945.11.3.8.6
1.1.5.41997.22.1.12.4
1.1.5.42056.5.1.27.8.8.2.21
1.1.5.42057.10.1.37
1.1.5.42074.16.2.9
1.1.5.42099.8.1.10.7.33
1.1.5.42267.29.1.17
1.1.5.42273.15.2.11.3.9.2
1.1.5.42279.35.2.4.6
1.1.5.42288.25.2.39.2.4.2.6
1.1.5.42339.5.1.33.1.2.1.12
1.1.5.42356.25
1.1.5.42386.13.1.5
1.1.5.42633.18.2.4.5
1.1.5.42766.22.3.11.1.2
1.1.5.42781.28.2.8
1.1.5.42785.6
1.1.5.42846.17.2.8.5.8.1.3
1.1.5.42870.11.1.4
1.1.5.42931.5.1.4
1.1.5.43147.5.1.1
1.1.5.43190.49.3.47.1.2.1.1
1.1.5.43246.11.2.8
1.1.5.43271.13.1.6.4
1.1.5.43302.5.1.3.1.5.1
1.1.5.43334.5.1.16.1
1.1.5.43480.3
1.1.5.43495.3
1.1.5.43562.11.1.7.6
1.1.5.43611.5.1
1.1.5.43617.22.1.10
1.1.5.43738.81.3.6.9.3
1.1.5.43821.16.2
1.1.5.43853.19.3
1.1.5.43873.5.1.1.4
1.1.5.43873.5.1.2.1.6
1.1.5.43894.25.3.17.22
1.1.5.43908.5.1.1
1.1.5.43939.10.1.10
1.1.5.43954.13.1.7.6.10
1.1.5.44102.17.2.12
1.1.5.44141.46.5.45.32
1.1.5.44180.13.1.15
1.1.5.44192.6
1.1.5.44252.5.1.1.1.1
1.1.5.44303.29.2.13
1.1.5.44362.15
1.1.5.44517.16.3.6
1.1.5.44595.19.2.17
1.1.5.44597.12.1.4
1.1.5.44842.16.2.10.6.6.1
1.1.5.44846.9.3.8.8
1.1.5.44941.18.1.4.1
1.1.5.45064.5.1.4
1.1.5.45175.20.2.4.1.8
1.1.5.45186.5.1.2.2.6
1.1.5.45222.13.1.5
1.1.5.45302.5.1.2.1.1
1.1.5.45386.16.2.18.2.27.4
1.1.5.45403.32.1.22.4
1.1.5.45511.5.1.4.3.4.7
1.1.5.45539.23.2.12.14.21.1
1.1.5.45541.24.1.4
1.1.5.45590.5.1.9.2
1.1.5.45614.5.1.1.5.2
1.1.5.45665.25.2.15.8
1.1.5.45671.5.1.1.15
1.1.5.45674.14.4.8.13
1.1.5.45684.5.1.1.1
1.1.5.45798.19
1.1.5.45906.20.1.16.13
1.1.5.45919.13.2.6
1.1.5.45925.15.2
1.1.5.45933.12.2.8.7
1.1.5.45967.5.1.2.3.11.1
1.1.5.45998.19.4.8.2
1.1.5.46015.22.2.6.4.2.1
1.1.5.46080.8.1.5.2
1.1.5.46089.5.1.3.3.15
1.1.5.46139.5.1.2
1.1.5.46213.22.2.7.8.6.3
1.1.5.46246.13.2
1.1.5.46288.5.1.2.2
1.1.5.46308.39.2
1.1.5.46318.26.2.14.1.1.3.33
1.1.5.46446.33.3.4.3
1.1.5.46480.5.1.45
1.1.5.46482.5.1
1.1.5.46527.12.1.5
1.1.5.46587.5.1.4
1.1.5.46609.5.1
1.1.5.46638.5.1.7
1.1.5.46744.5.1.1
1.1.5.46762.5.1
1.1.5.46849.13.2
1.1.5.46974.5.1.11.1.4
1.1.5.46983.5.1.2.1.31.1.28
1.1.5.47022.8.1.4
1.1.5.47080.26.1.8.6
1.1.5.47084.5.1.7.1.9.3
1.1.5.47181.15.2.7.1
1.1.5.47342.22.1.12.4
1.1.5.47392.5.1
1.1.5.47398.10.1.4.5
1.1.5.47403.5.1
1.1.5.47411.5.1.1.6
1.1.5.47420.5.1.2.1.2
1.1.5.47429.5.1.1.7.19
1.1.5.47453.5.1.2.2
1.1.5.47515.5.1
1.1.5.47613.29.1.17
1.1.5.47619.15.2.11.3.9.2
1.1.5.47625.35.2.4.6
1.1.5.47634.25.2.39.2.4.2.6
1.1.5.47659.5.1.3
1.1.5.47699.5.1.33.1.2.1.12
1.1.5.47716.25
1.1.5.47829.13.3.6.1.2
1.1.5.47924.24.1.13.9
1.1.5.47928.9.1.4
1.1.5.48004.18.2.4.5
1.1.5.48112.23.3.7.14.13
1.1.5.48209.5.1.1
1.1.5.48248.5.1.4
1.1.5.48305.11.1.8
1.1.5.48316.5.1.3.5.9.4
1.1.5.48432.5.1.4.1.1.5
1.1.5.48483.5.1.2.1.24.5.1
1.1.5.48523.5.1.10
1.1.5.48562.9.1.13.7
1.1.5.48580.6
1.1.5.48585.5.1
1.1.5.48609.13.1.6.4
1.1.5.48681.5.1.4.4.12.4
1.1.5.48825.3
1.1.5.48840.3
1.1.5.48927.35.2.6
1.1.5.48960.19.3.5
1.1.5.48982.13.3.14.1.1.1
1.1.5.48995.3
1.1.5.49050.18.3.7.1.1
1.1.5.49177.16.2
1.1.5.49208.15.3
1.1.5.49225.5.1.17.12.4.1
1.1.5.49225.5.1.17.12.5.1.3
1.1.5.49247.5.1.1
1.1.5.49288.8.2.4.13.19
1.1.5.49334.16.3.5.2.19.3
1.1.5.49422.5.1
1.1.5.49474.13.2.24.11.20
1.1.5.49518.13.1.15
1.1.5.49530.6
1.1.5.49590.5.1.1.1.1
1.1.5.49641.29.2.13
1.1.5.49697.15
1.1.5.49793.8.1.8.6
1.1.5.49852.5.1.13.2.10
1.1.5.49941.19.2.17
1.1.5.49943.12.1.4
1.1.5.50073.5.1.1.1.13.6
1.1.5.50141.5.1
1.1.5.50228.14.2.10.1.3.1
1.1.5.50233.5.1.1
1.1.5.50331.18.1.4.1
1.1.5.50407.14.3.52.10.30.7.25
1.1.5.50473.5.1.4.1
1.1.5.50542.20.2.4.1.8
1.1.5.50553.5.1.2.2.6
1.1.5.50575.19.1.8
1.1.5.50612.5.1
1.1.5.50670.5.1.2.1.1
1.1.5.50755.16.2.18.2.27.4
1.1.5.50770.32.1.22.4
1.1.5.50877.5.1.4.3.4.7
1.1.5.50888.6
1.1.5.50899.15.2
1.1.5.50907.10.3.12
1.1.5.50934.11.2.16.25
1.1.5.50971.5.1.9.2
1.1.5.50995.5.1.1.5.2
1.1.5.51036.25.2.15.8
1.1.5.51042.5.1.1.15
1.1.5.51045.14.4.8.13
1.1.5.51055.5.1.1.1
1.1.5.51281.15.2.10.10.20
1.1.5.51306.5.1.2.1.1.1.3
1.1.5.51333.10.1.9.5.15
1.1.5.51383.17.2.6.21.26.8.7
1.1.5.51464.8.1.5.2
1.1.5.51495.6
1.1.5.51526.5.1.13.2
1.1.5.51598.22.2.7.8.6.3
1.1.5.51631.13.2
1.1.5.51679.5.1.4.1
1.1.5.51723.5.1
1.1.5.51733.14.2.9.5.18.14.11
1.1.5.51830.33.3.4.3
1.1.5.51864.5.1.45
1.1.5.51866.5.1
1.1.5.51892.5.1.1.24
1.1.5.51934.17.1.10
1.1.5.51973.5.1.4
1.1.5.51999.5.1
1.1.5.52029.11.1.4.3
1.1.5.52046.5.1
1.1.5.52086.5.1.5.2.4
1.1.5.52107.5.1.3.1
1.1.5.52109.5.1.1.1
1.1.5.52150.16.3.8.2
1.1.5.52169.14.3.4.5.16
1.1.5.52400.5.1.11.1.4
1.1.5.52409.5.1.2.1.31.1.19
1.1.5.52443.14.3.8.3.12.5.33
1.1.5.52501.26.1.8.6
1.1.5.52505.5.1.7.1.9.3
1.1.5.52578.5.1.8.4.15.1.12
1.1.5.52611.15.2.7.1
1.1.5.52780.22.1.12.4
1.1.5.52839.5.1.27.8.8.2.21
1.1.5.52840.10.1.37
1.1.5.52857.16.2.9
1.1.5.52882.8.1.10.7.33
1.1.5.53043.29.1.17
1.1.5.53049.15.2.11.3.9.2
1.1.5.53055.35.2.4.6
1.1.5.53064.25.2.39.2.4.2.6
1.1.5.53116.5.1.33.1.2.1.12
1.1.5.53133.25
1.1.5.53173.6
1.1.5.53344.24.1.13.9
1.1.5.53348.9.1.4
1.1.5.53545.23.3.7.14.13
1.1.5.53642.11.1.4
1.1.5.53703.5.1.4
1.1.5.53803.5.1.11.1.3.1
1.1.5.53928.5.1.6.12.25.8.17
1.1.5.53933.5.1.4.1.34
1.1.5.53976.5.1.10
1.1.5.54013.45.1.28.18
1.1.5.54035.6
1.1.5.54040.5.1
1.1.5.54064.13.1.6.4
1.1.5.54280.3
1.1.5.54295.3
1.1.5.54382.35.2.6
1.1.5.54439.5.1
1.1.5.54445.22.1.10
1.1.5.54460.3
1.1.5.54511.5.1
1.1.5.54574.13.2
1.1.5.54626.16.2
1.1.5.54657.15.3
1.1.5.54678.21.1.10.8
1.1.5.54700.25.3.17.22
1.1.5.54714.5.1.1
1.1.5.54745.10.1.10
1.1.5.54760.13.1.7.6.10
1.1.5.54809.21.4.8
1.1.5.54902.17.2.12
1.1.5.54943.13.2.24.11.20
1.1.5.54998.5.1.4
1.1.5.55071.5.1.9
1.1.5.55174.15
1.1.5.55194.26.1.11
1.1.5.55311.5.1.13.2.10
1.1.5.55574.5.1
1.1.5.55649.12.2.4
1.1.5.55651.5.1.1
1.1.5.55664.14.2.10.1.3.1
1.1.5.55669.5.1.1
1.1.5.55745.25.1.10
1.1.5.55758.20
1.1.5.55762.9.3.8.8
1.1.5.55875.16.1.5.12
1.1.5.55888.5.1
1.1.5.55898.8.1.10
1.1.5.55981.20.2.4.1.8
1.1.5.55992.5.1.2.2.6
1.1.5.56014.19.1.8
1.1.5.56051.5.1
1.1.5.56205.16.2.18.2.27.4
1.1.5.56221.32.1.22.4
1.1.5.56326.5.1.4.3.4.7
1.1.5.56337.6
1.1.5.56419.9.3.13.4.31
1.1.5.56507.5.1
1.1.5.56619.19
1.1.5.56734.20.1.16.13
1.1.5.56747.13.2.6
1.1.5.56752.49.2
1.1.5.56760.12.2.8.7
1.1.5.56793.13.1.7.2.6
1.1.5.56852.5.1.8.6.2
1.1.5.56998.5.1.2
1.1.5.57078.16.2
1.1.5.57084.8.1.6
1.1.5.57160.5.1.4.1
1.1.5.57291.33.3.4.3
1.1.5.57323.5.1.45
1.1.5.57325.5.1
1.1.5.57351.5.1.1.24
1.1.5.57430.5.1.4
1.1.5.57456.5.1
1.1.5.57485.5.1.7
1.1.5.57588.5.1.1
1.1.5.57606.5.1
1.1.5.57726.5.1.1.2.5.2
1.1.5.57730.18.3.5.3
1.1.5.57818.5.1.19
1.1.5.57852.8.1.4
1.1.5.57895.5.1.1.1.2.2.5
1.1.5.57966.20.3.4.3
1.1.5.58008.15.2.7.1
1.1.5.58170.22.1.12.4
1.1.5.58220.5.1
1.1.5.58226.10.1.4.5
1.1.5.58231.5.1
1.1.5.58239.5.1.1.6
1.1.5.58248.5.1.2.1.2
1.1.5.58257.5.1.1.7.19
1.1.5.58281.5.1.2.2
1.1.5.58379.5.1.1.1.21.1
1.1.5.58396.5.1.3.3.7.2
1.1.5.58459.17.1.7.5
1.1.5.58532.3
1.1.5.58534.15.2.9.1
1.1.5.58548.9.1.4
1.1.5.58557.3
1.1.5.58587.13.1.5
1.1.5.58762.24.1.13.9
1.1.5.58766.9.1.4
1.1.5.58842.18.2.4.5
1.1.5.58889.5.1
1.1.5.58902.3
1.1.5.58964.9.1.4.1.23
1.1.5.58978.6
1.1.5.59070.5.1.1.1.3.1.16
1.1.5.59107.11.1.4
1.1.5.59335.5.1.6.12.25.8.17
1.1.5.59340.5.1.4.1.34
1.1.5.59354.5.1.9.1
1.1.5.59391.5.1.2.2.6.2.5
1.1.5.59416.5.1.14.2
1.1.5.59424.9.1.4.8
1.1.5.59429.5.1.3.1.18
1.1.5.59447.6
1.1.5.59452.5.1
1.1.5.59476.13.1.6.4
1.1.5.59550.5.1.4.4.12.4
1.1.5.59592.14.3.6.10.14
1.1.5.59683.3
1.1.5.59770.11.1.7.6
1.1.5.59807.5.1
1.1.5.59829.9.1.4
1.1.5.59843.3
1.1.5.59895.5.1
1.1.5.59933.41.1.19.13
1.1.5.59963.13.2
1.1.5.60015.16.2
1.1.5.60046.15.3
1.1.5.60063.5.1.17.12.4.1
1.1.5.60063.5.1.17.12.5.1.3
1.1.5.60085.5.1.1
1.1.5.60128.17.2.18.7.14.3
1.1.5.60142.10.3.4.8
1.1.5.60255.17.2.12
1.1.5.60295.11.2.4.2
1.1.5.60339.13.1.15
1.1.5.60351.6
1.1.5.60411.5.1.1.1.1
1.1.5.60462.29.2.13
1.1.5.60518.15
1.1.5.60538.26.1.11
1.1.5.60602.5.1.2.3.2
1.1.5.60637.5.1.16.3
1.1.5.60672.5.1.13.2.10
1.1.5.60936.5.1
1.1.5.61018.14.2.10.1.3.1
1.1.5.61023.5.1.1
1.1.5.61128.18.1.4.1
1.1.5.61251.5.1.4
1.1.5.61350.20.2.4.1.8
1.1.5.61356.5.1.4.1
1.1.5.61364.5.1.2.2.6
1.1.5.61386.19.1.8
1.1.5.61423.5.1
1.1.5.61579.16.2.18.2.27.4
1.1.5.61594.32.1.22.4
1.1.5.61695.5.1
1.1.5.61702.48.2.15.1.5
1.1.5.61729.15.2
1.1.5.61737.10.3.12
1.1.5.61800.5.1.9.2
1.1.5.61824.5.1.1.5.2
1.1.5.61865.25.2.15.8
1.1.5.61871.5.1.1.15
1.1.5.61874.14.4.8.13
1.1.5.61893.3
1.1.5.61995.19
1.1.5.62050.5.1.1.1
1.1.5.62068.21.2.6.3.9.5
1.1.5.62114.17.2.8.17
1.1.5.62143.5.1.2.1.1.1.3
1.1.5.62170.10.1.9.5.15
1.1.5.62219.17.2.7.2.43
1.1.5.62288.8.1.5.2
1.1.5.62319.6
1.1.5.62357.5.1.2
1.1.5.62396.40.2.36.22.12
1.1.5.62427.22.2.7.8.6.3
1.1.5.62460.13.2
1.1.5.62502.5.1.3.1.4.5
1.1.5.62543.5.1
1.1.5.62553.14.2.9.5.18.16.33
1.1.5.62556.5.1.12.3.28.1.1
1.1.5.62642.33.3.4.3
1.1.5.62674.5.1.45
1.1.5.62676.5.1
1.1.5.62796.5.1.4
1.1.5.62818.5.1
1.1.5.62848.11.1.4.3
1.1.5.62865.5.1
1.1.5.62916.5.1.3.1
1.1.5.62918.5.1.1.1
1.1.5.62956.16.3.8.2
1.1.5.62975.14.3.4.5.16
1.1.5.63106.5.1.1.2.5.2
1.1.5.63110.18.3.5.3
1.1.5.63201.5.1.19
1.1.5.63236.8.1.4
1.1.5.63293.26.1.8.6
1.1.5.63297.5.1.7.1.9.3
1.1.5.63388.14.3.9.1.27.3
1.1.5.63450.5.1.9.2
1.1.5.63557.22.1.12.4
1.1.5.63616.5.1.27.8.8.2.21
1.1.5.63617.10.1.37
1.1.5.63634.16.2.9
1.1.5.63659.8.1.10.7.33
1.1.5.63769.34.1.21.19
1.1.5.63833.9.1.4
1.1.5.63846.17.2.4.5
1.1.5.63865.5.1.2.2
1.1.5.63887.8.1.8
1.1.5.63888.5.1.3.6.12
1.1.5.63925.5.1.33.1.2.1.12
1.1.5.63942.25
1.1.5.64120.42.1.21.22
1.1.5.64216.11.1.11
1.1.5.64338.22.3.11.1.2
1.1.5.64353.28.2.8
1.1.5.64357.6
1.1.5.64411.5.1
1.1.5.64422.28.2.8.5.8.1.3
1.1.5.64446.11.1.4
1.1.5.64507.5.1.4
1.1.5.64669.5.1.4.1.1.5
1.1.5.64723.5.1.6.12.25.8.22
1.1.5.64728.5.1.4.1.34
1.1.5.64769.5.1.15
1.1.5.64773.34.4.16
1.1.5.64777.13.1
1.1.5.64802.45.1.28.18
1.1.5.64824.6
1.1.5.64829.5.1
1.1.5.64853.13.1.6.4
1.1.5.64926.5.1.4.4.12.4
1.1.5.65069.3
1.1.5.65084.3
1.1.5.65154.11.1.7.6
1.1.5.65160.19.2.11
1.1.5.65188.5.1
1.1.5.65210.9.1.4
1.1.5.65224.3
1.1.5.65274.5.1
1.1.5.65388.16.2
1.1.5.65420.19.3
1.1.5.65440.5.1.1.4
1.1.5.65440.5.1.2.1.6
1.1.5.65463.25.3.17.25
1.1.5.65477.5.1.1
1.1.5.65508.10.1.10
1.1.5.65523.13.1.7.6.10
1.1.5.65658.17.2.12
1.1.5.65687.13.2.19.12.14
1.1.5.65733.5.1.4
1.1.5.65806.5.1.9
1.1.5.65917.15
1.1.5.65937.26.1.11
1.1.5.66090.14.3.21.7.13
1.1.5.66216.5.1.6
1.1.5.66385.5.1
1.1.5.66448.6
1.1.5.66469.14.2.10.1.3.1
1.1.5.66474.5.1.1
1.1.5.66570.18.1.4.1
1.1.5.66688.16.1.5.12
1.1.5.66701.5.1
1.1.5.66797.33.1.4.18.6
1.1.5.66801.9.4.4
1.1.5.66809.24.1.10.8
1.1.5.66852.13.1.5
1.1.5.66932.5.1.2.1.1
1.1.5.67013.16.2.18.2.27.4
1.1.5.67029.32.1.22.4
1.1.5.67134.5.1.4.3.4.7
1.1.5.67145.6
1.1.5.67156.15.2
1.1.5.67161.14.2.7.7
1.1.5.67163.10.3.12
1.1.5.67233.5.1.9.2
1.1.5.67257.5.1.1.5.2
1.1.5.67306.5.1.1.18
1.1.5.67309.14.4.8.13
1.1.5.67316.30.1.12
1.1.5.67326.3
1.1.5.67427.19
1.1.5.67481.5.1.2.2.34.5
1.1.5.67505.21.2.6.3.9.5
1.1.5.67551.17.2.8.17
1.1.5.67580.5.1.2.1.1.1.3
1.1.5.67600.5.1.5.4
1.1.5.67659.5.1.8.6.2
1.1.5.67726.8.1.5.2
1.1.5.67735.5.1.4.6.9.5.10
1.1.5.67790.5.1.2
1.1.5.67840.40.2.36.22.12
1.1.5.67876.22.2.7.8.6.3
1.1.5.67946.5.1.4.1
1.1.5.67989.5.1
1.1.5.67999.14.2.9.5.18.8.7
1.1.5.68002.5.1.12.3.28.1.1
1.1.5.68099.33.3.4.3
1.1.5.68131.5.1.45
1.1.5.68133.5.1
1.1.5.68159.5.1.1.24
1.1.5.68215.29.1.14
1.1.5.68247.35.1.25.8
1.1.5.68290.22.2.8
1.1.5.68306.5.1
1.1.5.68320.11.1.4.3
1.1.5.68337.5.1
1.1.5.68377.5.1.5.2.4
1.1.5.68432.5.1.1
1.1.5.68450.5.1
1.1.5.68672.5.1.19
1.1.5.68756.5.1.1.1.2.2.5
1.1.5.68869.15.2.7.1
1.1.5.68967.5.1.15.6.22
1.1.5.69022.22.1.12.4
1.1.5.69081.5.1.27.8.8.2.21
1.1.5.69082.10.1.37
1.1.5.69103.37.1.4.18
1.1.5.69112.8.1.32.10
1.1.5.69139.5.1.2.2
1.1.5.69301.29.1.17
1.1.5.69307.15.2.11.3.9.2
1.1.5.69313.35.2.4.6
1.1.5.69322.25.2.39.2.4.2.6
1.1.5.69340.5.1.3
1.1.5.69374.5.1.33.1.2.1.12
1.1.5.69391.25
1.1.5.69421.13.1.5
1.1.5.69592.24.1.13.9
1.1.5.69596.9.1.4
1.1.5.69672.18.2.4.5
1.1.5.69792.9.1.4.1.2
1.1.5.69806.6
1.1.5.69870.17.2.8.5.8.1.3
1.1.5.69907.5.1.7
1.1.5.70003.11.1.8
1.1.5.70014.5.1.3.5.9.4
1.1.5.70170.10.1.5.6
1.1.5.70183.5.1.9.1
1.1.5.70220.5.1.2.2.6.2.5
1.1.5.70245.5.1.14.2
1.1.5.70253.9.1.4.8
1.1.5.70258.17.1.9.5
1.1.5.70283.11.2.8
1.1.5.70308.13.1.6.4
1.1.5.70380.9.1.6
1.1.5.70610.11.1.7.6
1.1.5.70647.5.1
1.1.5.70666.13.3.14.1.1.1
1.1.5.70680.3
1.1.5.70775.41.1.19.13
1.1.5.70802.13.2
1.1.5.70854.16.2
1.1.5.70885.15.3
1.1.5.70906.21.1.10.8
1.1.5.70935.5.1.1
1.1.5.70966.10.1.10
1.1.5.70981.13.1.7.6.10
1.1.5.71026.16.3.5.2.19.3
1.1.5.71107.5.1
1.1.5.71157.5.1.1.2.8.3.9
1.1.5.71208.5.1.4
1.1.5.71247.5.1.18.4.5.2.3
1.1.5.71282.5.1.1.1.1
1.1.5.71333.29.2.13
1.1.5.71389.15
1.1.5.71409.26.1.11
1.1.5.71550.16.3.6
1.1.5.71628.19.2.17
1.1.5.71630.12.1.4
1.1.5.71843.22.2
1.1.5.71895.14.2.10.1.3.1
1.1.5.71900.5.1.1
1.1.5.71993.18.1.4.1
1.1.5.72116.5.1.4
1.1.5.72134.8.1.10
1.1.5.72221.33.1.4.18.6
1.1.5.72225.9.4.4
1.1.5.72231.15.3.10
1.1.5.72274.5.1
1.1.5.72316.15.4.6.4
1.1.5.72341.5.1.2.1.1
1.1.5.72423.16.2.18.2.27.4
1.1.5.72439.32.1.22.4
1.1.5.72542.5.1.4.3.4.7
1.1.5.72572.10.3.12
1.1.5.72633.5.1.9.2
1.1.5.72657.5.1.1.5.2
1.1.5.72706.5.1.1.18
1.1.5.72709.14.4.8.13
1.1.5.72720.5.1.1.1
1.1.5.72836.19
1.1.5.72967.5.1.5.1.1.4.9
1.1.5.72979.35.2.15.10.13
1.1.5.73004.5.1.7.4.3
1.1.5.73035.10.1.9.5.15
1.1.5.73066.19.4.8.2
1.1.5.73073.16.2
1.1.5.73085.5.1.1.3.7
1.1.5.73165.8.1.5.2
1.1.5.73174.5.1.4.6.9.8.33
1.1.5.73233.5.1.2
1.1.5.73306.22.2.7.8.6.3
1.1.5.73335.13.2
1.1.5.73377.5.1.2.2
1.1.5.73417.5.1
1.1.5.73427.14.2.9.5.18.14.21
1.1.5.73517.33.3.4.3
1.1.5.73551.5.1.45
1.1.5.73553.5.1
1.1.5.73579.5.1.1.24
1.1.5.73630.29.1.14
1.1.5.73658.15.4.8.2.6.1.3
1.1.5.73683.63.3
1.1.5.73699.5.1.3.6.6.2
1.1.5.73721.11.1.4.3
1.1.5.73738.5.1
1.1.5.73790.5.1.3.1
1.1.5.73792.5.1.1.1
1.1.5.73831.5.1.1
1.1.5.73849.5.1
1.1.5.74072.11.2.22.24
1.1.5.74086.5.1.19
1.1.5.74120.8.1.4
1.1.5.74173.5.1.1.1.2.2.5
1.1.5.74283.15.2.7.1
1.1.5.74334.5.1.9.2
1.1.5.74429.22.1.12.4
1.1.5.74479.5.1
1.1.5.74485.10.1.4.5
1.1.5.74490.5.1
1.1.5.74498.5.1.1.6
1.1.5.74507.5.1.2.1.2
1.1.5.74516.5.1.1.7.19
1.1.5.74540.5.1.2.2
1.1.5.74652.5.1.3.3.7.2
1.1.5.74698.29.1.17
1.1.5.74704.15.2.11.3.9.2
1.1.5.74710.35.2.4.7
1.1.5.74725.9.1.5
1.1.5.74747.5.1.3
1.1.5.74781.5.1.33.1.2.1.12
1.1.5.74798.25
1.1.5.75002.24.1.13.9
1.1.5.75006.9.1.4
1.1.5.75088.11.1.11
1.1.5.75143.3
1.1.5.75205.9.1.4.1.23
1.1.5.75219.6
1.1.5.75311.5.1.1.1.3.1.16
1.1.5.75349.5.1.4
1.1.5.75527.5.1.4.1.1.5
1.1.5.75576.5.1.1
1.1.5.75624.5.1.10
1.1.5.75684.11.2.8
1.1.5.75712.13.1.6.4
1.1.5.75743.5.1.3.1.5.1
1.1.5.75897.8.2.8
1.1.5.75916.3
1.1.5.75931.3
1.1.5.76000.5.1.2.3.26
1.1.5.76030.19.3.5
1.1.5.76053.5.1
1.1.5.76118.5.1
1.1.5.76189.13.2
1.1.5.76241.16.2
1.1.5.76272.15.3
1.1.5.76289.5.1.17.12.4.1
1.1.5.76289.5.1.17.12.5.1.3
1.1.5.76313.5.1.1
1.1.5.76344.10.1.10
1.1.5.76359.13.1.7.6.10
1.1.5.76402.17.2.9.20.9.3
1.1.5.76491.17.2.12
1.1.5.76530.5.1.1.2.8.3.9
1.1.5.76581.5.1.4
1.1.5.76654.5.1.9
1.1.5.76757.15
1.1.5.76873.5.1.10.3
1.1.5.76921.16.3.6
1.1.5.77023.5.1.7.1.9.1
1.1.5.77155.22.2.6.2.10.2
1.1.5.77211.5.1
1.1.5.77295.14.2.10.1.3.1
1.1.5.77300.5.1.1
1.1.5.77398.18.1.4.1
1.1.5.77516.16.1.5.12
1.1.5.77529.5.1
1.1.5.77613.33.1.4.18.6
1.1.5.77617.9.4.4
1.1.5.77623.15.3.10
1.1.5.77657.13.1.5
1.1.5.77693.15.2.23
1.1.5.77737.5.1.2.1.1
1.1.5.77822.16.2.18.2.27.4
1.1.5.77838.32.1.22.4
1.1.5.77943.5.1.4.3.4.7
1.1.5.77971.23.2.12.14.21.1
1.1.5.77973.24.1.4
1.1.5.78023.5.1.9.2
1.1.5.78047.5.1.1.5.2
1.1.5.78093.18.3.5.2
1.1.5.78099.5.1.1.9
1.1.5.78102.14.4.8.13
1.1.5.78292.5.1.1.1
1.1.5.78368.35.2.15.10.14
1.1.5.78393.5.1.7.4.3
1.1.5.78417.5.1.5.4
1.1.5.78470.17.2.7.2.24
1.1.5.78543.8.1.5.2
1.1.5.78552.5.1.3.3.15
1.1.5.78602.5.1.2
1.1.5.78772.5.1.13.26
1.1.5.78813.5.1
1.1.5.78823.14.2.9.5.18.8.14
1.1.5.78945.33.3.4.3
1.1.5.78977.5.1.45
1.1.5.78979.5.1
1.1.5.79005.5.1.1.24
1.1.5.79053.29.1.14
1.1.5.79090.5.1.1.3.7.1.23
1.1.5.79129.5.1.3.6.6.2
1.1.5.79152.10.1.4.7
1.1.5.79169.5.1.1.14
1.1.5.79262.5.1.1
1.1.5.79493.5.1.19
1.1.5.79535.8.1.4
1.1.5.79592.26.1.8.6
1.1.5.79596.5.1.7.1.9.3
1.1.5.79696.15.2.7.1
1.1.5.79745.5.1.9.2
1.1.5.79855.22.1.12.4
1.1.5.79905.5.1
1.1.5.79911.10.1.4.5
1.1.5.79916.5.1
1.1.5.79924.5.1.1.6
1.1.5.79933.5.1.2.1.2
1.1.5.79942.5.1.1.7.19
1.1.5.79966.5.1.2.2
1.1.5.80150.12.1.16.5
1.1.5.80168.5.1.2.2
1.1.5.80190.8.1.8
1.1.5.80191.5.1.3.6.12
1.1.5.80240.5.1.21.1.2.1.30
1.1.5.80251.9.1.4
1.1.5.80260.3
1.1.5.80303.6
1.1.5.80474.24.1.13.9
1.1.5.80478.9.1.4
1.1.5.80554.18.2.4.5
1.1.5.80679.23.3.7.14.13
1.1.5.80780.5.1.1.1.3.1.16
1.1.5.80818.5.1.4
1.1.5.80866.5.1
1.1.5.80912.5.1.11.1.3.1
1.1.5.81019.5.1.6.12.25.8.17
1.1.5.81024.5.1.4.1.34
1.1.5.81059.49.3.47.1.2.1.1
1.1.5.81115.11.2.8
1.1.5.81142.5.1.9
1.1.5.81216.5.1.4.4.12.4
1.1.5.81364.3
1.1.5.81379.3
1.1.5.81452.11.1.7.6
1.1.5.81456.8.1.11.10
1.1.5.81506.5.1
1.1.5.81571.5.1
1.1.5.81609.41.1.19.13
1.1.5.81635.13.2
1.1.5.81687.16.2
1.1.5.81718.15.3
1.1.5.81735.5.1.17.12.4.1
1.1.5.81735.5.1.17.12.5.1.3
1.1.5.81759.5.1.1
1.1.5.81790.10.1.10
1.1.5.81805.13.1.7.6.10
1.1.5.81838.20
1.1.5.81932.5.1
1.1.5.81984.46.5.45.32
1.1.5.82034.5.1.4
1.1.5.82110.5.1.1.1.1
1.1.5.82161.29.2.13
1.1.5.82219.15
1.1.5.82239.26.1.11
1.1.5.82381.5.1.13.2.17
1.1.5.82640.5.1
1.1.5.82737.44.4.30
1.1.5.82745.11.3.8.5
1.1.5.82810.18.1.4.1
1.1.5.82937.5.1.4
1.1.5.83041.20.2.4.1.8
1.1.5.83047.5.1.4.1
1.1.5.83055.5.1.2.2.6
1.1.5.83077.19.1.8
1.1.5.83114.5.1
1.1.5.83164.10.1.4
1.1.5.83185.16.2.6
1.1.5.83260.16.2.18.2.27.4
1.1.5.83275.32.1.22.4
1.1.5.83293.14.2.9.2
1.1.5.83368.21.2.9.6.11
1.1.5.83469.5.1.9.2
1.1.5.83493.5.1.1.5.2
1.1.5.83539.5.1.1.18
1.1.5.83542.14.4.8.13
1.1.5.83669.19
1.1.5.83723.5.1.2.2.34.5
1.1.5.83746.21.2.6.3.9.5
1.1.5.83791.17.2.4.1
1.1.5.83809.35.2.15.10.24
1.1.5.83834.5.1.7.4.3
1.1.5.83857.5.1.4.1
1.1.5.83890.19.4.8.2
1.1.5.83897.16.2
1.1.5.83910.22.2.6.4.2.1
1.1.5.84039.3
1.1.5.84057.5.1.2
1.1.5.84124.22.2.7.8.6.3
1.1.5.84157.13.2
1.1.5.84199.5.1.3.1.4.5
1.1.5.84254.20.1.17
1.1.5.84323.33.3.4.3
1.1.5.84355.5.1.45
1.1.5.84357.5.1
1.1.5.84382.3
1.1.5.84442.29.1.14
1.1.5.84473.30.1.10.3
1.1.5.84519.5.1.4.3
1.1.5.84528.5.1.1
1.1.5.84557.5.1.5.4.10.4.11
1.1.5.84566.5.1.1.11
1.1.5.84604.5.1.5.2.4
1.1.5.84659.5.1.1
1.1.5.84677.5.1
1.1.5.84885.5.1.11.1.4
1.1.5.84894.5.1.2.1.31.1.19
1.1.5.84935.8.1.4
1.1.5.84988.5.1.1.1.2.2.5
1.1.5.85043.34.3.21.16.3
1.1.5.85053.5.1.2.7.9
1.1.5.85083.15.2.7.1
1.1.5.85152.25.1.25
1.1.5.85232.22.1.12.4
1.1.5.85291.5.1.27.8.8.2.21
1.1.5.85292.10.1.37
1.1.5.85309.16.2.9
1.1.5.85336.3
1.1.5.85446.5.1.3.3.7.2
1.1.5.85499.5.1.4
1.1.5.85514.12.1.16.5
1.1.5.85532.5.1.2.2
1.1.5.85552.43.2.8.10
1.1.5.85586.5.1.33.1.2.1.12
1.1.5.85603.25
1.1.5.85643.6
1.1.5.85815.24.1.14.19
1.1.5.85819.9.1.4
1.1.5.85965.3
1.1.5.86036.9.1.4.1.2
1.1.5.86050.6
1.1.5.86147.5.1.1
1.1.5.86186.5.1.4
1.1.5.86407.10.1.5.6
1.1.5.86452.5.1.10
1.1.5.86541.5.1.9
1.1.5.86621.5.1.4.4.12.4
1.1.5.86764.3
1.1.5.86779.3
1.1.5.86850.5.1.3.4.25
1.1.5.86853.8.1.11.9
1.1.5.86879.19.3.5
1.1.5.86904.9.1.4
1.1.5.86919.3
1.1.5.86971.5.1
1.1.5.87087.16.2
1.1.5.87120.15.3
1.1.5.87140.5.1.1.4
1.1.5.87140.5.1.2.1.6
1.1.5.87161.25.3.17.22
1.1.5.87175.5.1.1
1.1.5.87206.10.1.10
1.1.5.87221.13.1.7.6.10
1.1.5.87257.20.4.8
1.1.5.87342.17.2.12
1.1.5.87381.5.1.1.2.8.3.9
1.1.5.87432.5.1.4
1.1.5.87512.5.1.1.1.1
1.1.5.87561.29.2.13
1.1.5.87624.15
1.1.5.87644.26.1.11
1.1.5.87764.5.1.13.2.10
1.1.5.87854.5.1.7.1.9.1
1.1.5.88031.5.1
1.1.5.88108.14.2.10.1.3.1
1.1.5.88113.5.1.1
1.1.5.88221.18.1.4.1
1.1.5.88435.33.1.4.18.6
1.1.5.88439.9.4.4
1.1.5.88445.15.3.10
1.1.5.88490.5.1
1.1.5.88556.10.1.4
1.1.5.88569.5.1.2.1.1
1.1.5.88650.16.2.18.2.27.4
1.1.5.88666.32.1.22.4
1.1.5.88772.5.1.4.3.4.7
1.1.5.88800.23.2.12.14.21.1
1.1.5.88802.24.1.4
1.1.5.88851.5.1.9.2
1.1.5.88875.5.1.1.5.2
1.1.5.88917.18.3.5.2
1.1.5.88923.5.1.1.9
1.1.5.88926.14.4.8.13
1.1.5.88937.16.2
1.1.5.88938.13.1.6
1.1.5.88951.16
1.1.5.89131.21.2.6.3.9.5
1.1.5.89177.17.2.8.17
1.1.5.89206.5.1.2.1.1.1.3
1.1.5.89226.5.1.5.4
1.1.5.89283.5.1.1.23.16
1.1.5.89363.8.1.5.2
1.1.5.89437.5.1.2
1.1.5.89474.40.2.36.22.12
1.1.5.89589.5.1.13.26
1.1.5.89615.5.1.2.1.1.3.8
1.1.5.89742.33.3.4.3
1.1.5.89774.5.1.45
1.1.5.89776.5.1
1.1.5.89863.29.1.14
1.1.5.89901.5.1.4
1.1.5.89924.5.1
1.1.5.89955.10.1.4.7
1.1.5.89972.5.1.1.14
1.1.5.90010.5.1.5.2.4
1.1.5.90065.5.1.1
1.1.5.90083.5.1
1.1.5.90284.11.2.22.24
1.1.5.90298.5.1.19
1.1.5.90332.8.1.4
1.1.5.90379.5.1.1.1.2.2.5
1.1.5.90474.14.3.9.1.27.3
1.1.5.90529.5.1.9.2
1.1.5.90580.11.3.8.6
1.1.5.90633.22.1.12.4
1.1.5.90692.5.1.27.8.8.2.21
1.1.5.90693.10.1.37
1.1.5.90710.16.2.9
1.1.5.90737.3
1.1.5.90932.12.1.16.5
1.1.5.90950.5.1.2.2
1.1.5.90970.43.2.8.10
1.1.5.91003.5.1.33.1.2.1.12
1.1.5.91020.25
1.1.5.91221.24.1.13.9
1.1.5.91225.9.1.4
1.1.5.91304.18.2.4.5
1.1.5.91431.5.1.2.2.10
1.1.5.91550.11.1.4
1.1.5.91617.5.1.16
1.1.5.91674.11.1.8
1.1.5.91685.5.1.3.5.9.4
1.1.5.91860.5.1.2.1.24.5.1
1.1.5.91907.5.1.10
1.1.5.91947.5.1.3.1.2
1.1.5.91965.6
1.1.5.91970.5.1
1.1.5.91996.5.1.9
1.1.5.92071.5.1.4.4.12.4
1.1.5.92195.3
1.1.5.92210.3
1.1.5.92297.35.2.6
1.1.5.92345.5.1
1.1.5.92503.13.2
1.1.5.92555.5.1.7.1
1.1.5.92577.5.1.1.19.5.9
1.1.5.92586.5.1.3.4
1.1.5.92586.5.1.4.1.40
1.1.5.92594.5.1
1.1.5.92626.5.1.1
1.1.5.92657.10.1.10
1.1.5.92672.13.1.7.6.10
1.1.5.92719.21.4.8
1.1.5.92813.17.2.12
1.1.5.92852.5.1.1.2.8.3.9
1.1.5.92899.5.1.4
1.1.5.92938.5.1.18.4.5.2.3
1.1.5.92973.5.1.1.1.7.2.5
1.1.5.93080.15
1.1.5.93100.26.1.11
1.1.5.93177.8.1.8.6
1.1.5.93252.16.3.6
1.1.5.93540.5.1
1.1.5.93625.14.2.10.1.3.1
1.1.5.93630.5.1.1
1.1.5.93706.25.1.10
1.1.5.93719.20
1.1.5.93723.9.3.8.8
1.1.5.93841.5.1.4
1.1.5.93862.10.1.4
1.1.5.93922.5.1.1.1.2.1
1.1.5.93948.20.2.4.1.8
1.1.5.93954.5.1.4.1
1.1.5.93962.5.1.2.2.6
1.1.5.94023.5.1
1.1.5.94051.15.4.6.4
1.1.5.94076.5.1.2.1.1
1.1.5.94159.16.2.18.2.27.4
1.1.5.94174.32.1.22.4
1.1.5.94258.5.1.4.2
1.1.5.94259.5.1
1.1.5.94266.48.2.15.1.5
1.1.5.94302.23.2.12.14.21.1
1.1.5.94304.24.1.4
1.1.5.94353.5.1.9.2
1.1.5.94377.5.1.1.5.2
1.1.5.94417.9.1.11
1.1.5.94425.5.1.1.12
1.1.5.94428.14.4.8.13
1.1.5.94438.5.1.1.1
1.1.5.94628.21.2.6.3.9.5
1.1.5.94676.15.2.12.10.20
1.1.5.94701.5.1.2.1.1.1.3
1.1.5.94727.13.1.7.2.6
1.1.5.94779.17.2.7.2.54
1.1.5.94852.8.1.5.2
1.1.5.94861.5.1.3.3.15
1.1.5.94910.5.1.2
1.1.5.95078.5.1.13.26
1.1.5.95103.39.2
1.1.5.95113.26.2.14.1.1.3.62
1.1.5.95211.33.3.4.3
1.1.5.95243.5.1.45
1.1.5.95245.5.1
1.1.5.95270.3
1.1.5.95363.5.1.1.3.7.1.23
1.1.5.95408.5.1.4.3
1.1.5.95417.5.1.1
1.1.5.95446.5.1.5.4.10.4.11
1.1.5.95455.5.1.1.11
1.1.5.95493.5.1.5.2.4
1.1.5.95551.5.1.1
1.1.5.95773.14.2.10.4.14
1.1.5.95782.5.1.2.1.34.1.33
1.1.5.95823.8.1.4
1.1.5.95871.5.1.1.1.2.2.5
1.1.5.95978.14.3.9.1.27.3
1.1.6.11.35.1.9
1.1.6.45.5.1.9.2
1.1.6.94.11.3.8.6
1.1.6.147.22.1.12.4
1.1.6.197.5.1
1.1.6.203.10.1.4.5
1.1.6.208.5.1
1.1.6.216.5.1.1.6
1.1.6.225.5.1.2.1.2
1.1.6.234.5.1.1.7.19
1.1.6.258.5.1.2.2
1.1.6.370.5.1.3.3.7.2
1.1.6.423.29.1.17
1.1.6.429.15.2.11.3.9.2
1.1.6.435.35.2.4.6
1.1.6.444.25.2.39.2.4.2.6
1.1.6.462.5.1.3
1.1.6.496.5.1.33.1.2.1.12
1.1.6.507.9.1.4
1.1.6.516.3
1.1.6.713.24.1.13.9
1.1.6.717.9.1.4
1.1.6.796.18.2.4.5
1.1.6.916.23.3.7.14.13
1.1.6.1016.11.1.4
1.1.6.1076.11.1.4
1.1.6.1174.5.1.11.1.3.1
1.1.6.1296.5.1.6.12.25.8.22
1.1.6.1301.5.1.4.1.35
1.1.6.1347.5.1.10
1.1.6.1384.45.1.28.18
1.1.6.1406.6
1.1.6.1411.5.1
1.1.6.1435.13.1.6.4
1.1.6.1508.5.1.4.4.12.4
1.1.6.1656.3
1.1.6.1755.35.2.6
1.1.6.1758.8.1.11.9
1.1.6.1782.19.3.5
1.1.6.1804.13.3.14.1.1.1
1.1.6.1817.3
1.1.6.1912.81.3.6.9.3
1.1.6.1991.16.2
1.1.6.2022.15.3
1.1.6.2042.5.1.1.4
1.1.6.2042.5.1.2.1.6
1.1.6.2063.25.3.17.22
1.1.6.2077.5.1.1
1.1.6.2119.8.2.4.5.7
1.1.6.2129.10.3.4.8
1.1.6.2251.17.2.12
1.1.6.2290.5.1.1.2.8.3.9
1.1.6.2345.5.1.4
1.1.6.2384.5.1.18.4.5.2.3
1.1.6.2419.5.1.1.1.7.2.5
1.1.6.2526.15
1.1.6.2546.26.1.11
1.1.6.2620.5.1.4
1.1.6.2693.16.3.6
1.1.6.2949.5.1
1.1.6.3013.6
1.1.6.3034.14.2.10.1.3.1
1.1.6.3039.5.1.1
1.1.6.3137.18.1.4.1
1.1.6.3365.20.2.4.1.8
1.1.6.3376.5.1.2.2.6
1.1.6.3409.13.1.5
1.1.6.3489.5.1.2.1.1
1.1.6.3573.16.2.18.2.27.4
1.1.6.3589.32.1.22.4
1.1.6.3682.5.1.4.3.4.7
1.1.6.3712.10.3.12
1.1.6.3777.5.1.9.2
1.1.6.3801.5.1.1.5.2
1.1.6.3850.5.1.1.18
1.1.6.3853.14.4.8.13
1.1.6.3975.19
1.1.6.4029.5.1.2.2.34.5
1.1.6.4053.21.2.6.3.9.5
1.1.6.4099.10.2.8.13
1.1.6.4126.5.1.2.1.1.1.3
1.1.6.4146.5.1.5.4
1.1.6.4204.5.1.8.6.2
1.1.6.4275.8.1.5.2
1.1.6.4284.5.1.4.6.9.8.17
1.1.6.4343.5.1.2
1.1.6.4468.5.1.3.1
1.1.6.4514.5.1.4.1
1.1.6.4555.5.1
1.1.6.4693.33.3.4.3
1.1.6.4725.5.1.45
1.1.6.4727.5.1
1.1.6.4807.29.1.14
1.1.6.4884.5.1.3.6.6.2
1.1.6.4906.11.1.4.3
1.1.6.4923.5.1
1.1.6.4975.5.1.3.1
1.1.6.4977.5.1.1.1
1.1.6.5016.5.1.1
1.1.6.5034.5.1
1.1.6.5257.11.2.22.24
1.1.6.5271.5.1.19
1.1.6.5305.8.1.4
1.1.6.5358.5.1.1.1.2.2.5
1.1.6.5436.5.1.8.4.15.1.12
1.1.6.5474.15.2.7.1
1.1.6.5647.22.1.12.4
1.1.6.5706.5.1.27.8.8.2.21
1.1.6.5707.10.1.37
1.1.6.5724.16.2.9
1.1.6.5750.8.1.10.7.33
1.1.6.5860.5.1.3.3.7.2
1.1.6.5913.29.1.17
1.1.6.5919.15.2.11.3.9.2
1.1.6.5925.35.2.4.6
1.1.6.5934.25.2.39.2.4.2.6
1.1.6.5957.8.1.8
1.1.6.5958.5.1.3.6.12
1.1.6.5994.5.1.33.1.2.1.12
1.2.27.7
1.2.216.4.2
1.2.463.2.1.3.3.7.1
1.2.464.1
1.2.491.2.1.2.7.21.4.3
1.2.497.10.5.15.2
1.2.624.2.1.10.1
1.2.687.2.1.2.1.4.2.17
1.2.774.4.2.4.4
1.2.834.6.3.8.7
1.2.874.2.1.4
1.2.902.2.1.1.1.12.3.9
1.2.1005.3
1.2.1152.1
1.2.1282.2.1.5.5.20
1.2.1354.2.1.1.1.1.1.9
1.2.1391.4.2.17.3
1.2.1408.2.1.1.1.2
1.2.1443.6.3
1.2.1484.2.1.2
1.2.1638.4.2.3.3
1.2.1766.6.3
1.2.1775.6.3.20.6.17.2
1.2.1840.2.1.3.2.4.1
1.2.1947.14.7.26.10
1.2.1983.6.3.7.4.4
1.2.1992.2.1.15.3.20
1.2.2243.2.1.3.1.2
1.2.2388.2.1.2.1.1
1.2.2407.2.1
1.2.2559.4.2.6.2
1.2.2763.2.1.1.1
1.2.2848.2.1.1.1.27.1.30
1.2.2867.2.1.4.2
1.2.2896.4.2
1.2.2903.2.1.3.2.7.2.8
1.2.3019.10.5.12.1.3.1.1
1.2.3336.6.3.6.3.20.1.9
1.2.3336.6.3.7.1.13
1.2.3548.6.3.6.1.6.10
1.2.3571.3
1.2.3741.7
1.2.3973.2.1.23.5.19.3.5
1.2.4011.2.1.1.1.16.6
1.2.4042.2.1.2
1.2.4153.6.3
1.2.4185.8.4.11.6.20.2.5
1.2.4220.8.4
1.2.4267.2.1.2.1.1.1
1.2.4358.8.4.7
1.2.4528.4.2.3.2.6
1.2.4707.2.1.26
1.2.4917.2.1
1.2.4986.2.1.4.2
1.2.4987.2.1.1.1
1.2.4999.10.5
1.2.5055.2.1.2.2.5.1
1.2.5156.8.4.6.4.9.9.40.18
1.2.5180.6.3.7.1.2
1.2.5286.2.1
1.2.5288.4.2.13.1.1.2
1.2.5390.4.2
1.2.5637.6.3.22.1
1.2.5682.4.2.3
1.2.5705.4.2.3.2.5
1.2.5732.4.2.3.1.5
1.2.5776.2.1.3.1
1.2.5855.2.1.7.6.10
1.2.5965.6.3.34
1.2.5974.2.1.5
1.4.24172.4.1
1.4.40688.3.1
1.4.46523.1
1.4.53833.3.1
1.4.55151.4.1
1.4.68480.4.1
1.4.79917.4.1
1.4.96246.4.1
1.4.103943.1
1.4.103943.2
1.4.119937.3.1
1.4.148182.4.1
1.5.31.8.2.1.10.1.3
1.5.53.14.2.1
1.5.64.22.2.1.8
1.5.106.12.2.1.2.2.7.1
1.5.355.12.2.1.3.2.12.8.14
1.5.398.7.2.1.1.1.1.1.1
1.5.428.20.2.1
1.5.690.8.2.1.5.3
1.5.864.8.2.1.1.1
1.5.1012.8.2.1.24
1.5.1137.7.2.1.3.1
1.5.1154.7.2.1.6.1
1.5.1154.7.2.1.7.1.21
1.5.1204.10.2.1.8
1.5.1279.10.2.1.9.1.2
1.5.1367.10.2.1.30.9.7
1.5.1491.6.2.1.4
1.5.1552.6.2.1.15.4.21.2.13
1.5.1576.11.2.1.11.2
1.5.1865.10.2.1
1.5.1958.7.2.1.5.2
1.5.2056.11.2.1.5.1.4.1
1.5.2081.10.2.1.3.1.3
1.5.2088.12.2.1.3
1.5.2260.14.2.1.1.1.4.1
1.5.2278.10.2.1.18.6.12
1.5.2320.9.2.1.14.2.3.1
1.5.2436.8.2.1.23
1.5.2517.7.2.1.13.1.2.1
1.5.2651.13.2.1.19.1.2.1
1.5.2717.7.2.1.4.1
1.5.2719.13.2.1
1.5.2767.9.2.1.4.2
1.5.2853.9.2.1.9.1
1.5.2884.10.2.1.5.1.4.1
1.5.2920.8.2.1.1.1.32
1.5.3257.11.2.1.4.4.6.3
1.5.3264.11.2.1.14
1.5.3274.5.2.1.1.1.2.2
1.5.3389.9.2.1.7.4.18.2
1.5.3669.6.2.1
1.5.3670.12.2.1.1.1.3.1
1.5.3685.19.2.1.16.2
1.5.3751.6.2.1.2.2.33.2.12
1.5.3766.8.2.1.4.1.4.1.6
1.5.3870.12.2.1.16.2.10
1.5.4024.9.2.1.8.2.9.1.1
1.5.4180.6.2.1.1.1.6.3.12
1.5.4273.7.2.1.18.2
1.5.4281.17.2.1
1.5.4395.8.2.1
1.5.4487.8.2.1.3.4
1.5.4506.20.2.1.20.4.5.8
1.5.4656.11.2.1.2
1.5.4702.10.2.1.5.3.4.1
1.5.4815.11.2.1.20
1.5.4903.11.2.1.3.5.9
1.5.5073.10.2.1
1.5.5204.9.2.1.15.5.12.1
1.5.5232.17.2.1.1.7.24
1.5.5252.7.2.1.2.6.19.3.10
1.5.5269.8.2.1.4
1.5.5309.7.2.1.3.3.22.6.17.5
1.5.5379.10.2.1.1.1.2
1.5.5399.8.2.1
1.5.5402.9.2.1.16.7.8.2
1.5.5522.8.2.1.6.2
1.5.5693.11.2.1
1.5.5735.7.2.1
1.5.5873.9.2.1.15.3
1.5.5965.9.2.1.6.1
1.5.5977.8.2.1.9.2.8
1.5.6180.11.2.1.9.1.5.1.20
1.5.6229.7.2.1
1.5.6276.8.2.1.7.1.35
1.5.6297.9.2.1.1.3.7.2
1.5.6331.8.2.1.4.1.3
1.5.6401.11.2.1.1.1.17
1.5.6549.7.2.1.6.4.19.1
1.5.6554.9.2.1.7.1.1.1.3
1.5.6647.6.2.1
1.5.6694.13.2.1.17.4.12.2.15
1.5.6911.13.2.1.2.1.35.1.25
1.5.7136.8.2.1.4.4.8.2.13
1.5.7152.11.2.1.3.1.2.1
1.5.7164.13.2.1.3.3.13.1
1.5.7190.9.2.1.12
1.5.7234.9.2.1.5.1.20.3.17
1.5.7269.12.2.1.2.2.7.1
1.5.7353.13.2.1
1.5.7490.14.2.1.6.6.14.3
1.5.7545.7.2.1.1.1.1.1.1
1.5.7810.8.2.1.5.1.5.1.1
1.5.7951.13.2.1
1.5.8010.8.2.1.1.1
1.5.8154.15.2.1.5.4.11.1.2
1.5.8191.5.2.1.1.3.27.6
1.5.8292.7.2.1.2.2
1.5.8359.10.2.1.8
1.5.8436.10.2.1.9.1.2
1.5.8623.14.2.1.3.4.8
1.5.8689.6.2.1.15.4.21.2.13
1.5.8718.10.2.1.9.2
1.5.8736.23.2.1.2.1.1
1.5.9013.10.2.1
1.5.9106.7.2.1.5.2
1.5.9253.10.2.1.3.1.1
1.5.9410.14.2.1.1.1.4.1
1.5.9432.6.2.1.2.2.1.1
1.5.9436.9.2.1.3.1.1.2.29
1.5.9464.9.2.1.15.2.3.1
1.5.9546.14.2.1.2.1.1
1.5.9584.8.2.1.23
1.5.9665.7.2.1.13.1.2.1
1.5.9829.9.2.1.2.1.1.1
1.5.9889.9.2.1.4.2
1.5.9977.9.2.1.9.1
1.5.10042.8.2.1.1.1.32
1.5.10074.6.2.1
1.5.10178.16.2.1.11.5.12.6
1.5.10310.12.2.1.2.7.33
1.5.10381.11.2.1.4.4.6.3
1.5.10388.11.2.1.14
1.5.10398.5.2.1.1.1.2.2
1.5.10505.9.2.1.7.4.18.2
1.5.10665.8.2.1.24.1.25.6
1.5.10772.6.2.1
1.5.10773.12.2.1.1.1.3.1
1.5.10790.19.2.1.38.5
1.5.10831.6.2.1.29.6
1.5.10861.24.2.1.15.2.9.2.20
1.5.10905.16.2.1.19.4.13.2
1.5.10953.12.2.1.16.2.10
1.5.11105.8.2.1.8.1.12
1.5.11241.12.2.1.3.3.8
1.5.11321.7.2.1.18.2
1.5.11329.17.2.1
1.5.11444.8.2.1
1.5.11515.9.2.1.12.2
1.5.11533.20.2.1.20.4.5.10
1.5.11663.8.2.1
1.5.11675.21.2.1.2.1.2.1.7
1.5.11717.10.2.1.5.3.4.1
1.5.11828.11.2.1
1.5.11917.11.2.1.3.5.9
1.5.11938.6.2.1
1.5.12208.9.2.1.15.5.12.1
1.5.12237.10.2.1.11
1.5.12288.6.2.1.3.3.7
1.5.12330.7.2.1.3.3.22.6.17.5
1.5.12392.10.2.1.1.1.2
1.5.12412.8.2.1
1.5.12415.9.2.1.16.7.8.2
1.5.12534.8.2.1.6.2
1.5.12709.7.2.1
1.5.12888.9.2.1.15.3
1.5.12983.10.2.1.13.1.5.7
1.5.12993.8.2.1.9.2.8
1.5.13079.11.2.1.6.1
1.5.13207.11.2.1.9.1.5.1.20
1.5.13261.7.2.1
1.5.13308.8.2.1.7.1.35
1.5.13329.9.2.1.1.3.7.2
1.5.13443.11.2.1.1.1.17
1.5.13599.7.2.1.6.4.19.1
1.5.13604.9.2.1.7.1.1.1.3
1.5.13729.13.2.1.17.4.12.2.47
1.5.13777.11.2.1.5.1.1.1
1.5.13779.12.2.1.2.1.2.1.18
1.5.13815.12.2.1.1.6.18
1.5.13823.6.2.1
1.5.13843.8.2.1.42.1
1.5.13868.18.2.1.1.1
1.5.13923.8.2.1.18
1.5.13929.8.2.1.5.1.5
1.5.14092.8.2.1.23.8.13
1.5.14176.8.2.1.4.4.8.2.13
1.5.14192.11.2.1.3.1.2.1
1.5.14204.13.2.1.3.3.13.1
1.5.14237.17.2.1
1.5.14276.12.2.1.5.4.8.1.11
1.5.14283.20.2.1.15.1.4
1.5.14322.17.2.1.10.2.4.4.28.12
1.5.14544.14.2.1.27.8.19.6
1.5.14599.7.2.1.1.1.1.1.1
1.5.14869.8.2.1.5.3
1.5.15046.8.2.1.1.1
1.5.15132.6.2.1.1.1
1.5.15202.8.2.1.24
1.5.15293.9.2.1.9.2
1.5.15334.7.2.1.2.2
1.5.15401.10.2.1.8
1.5.15478.10.2.1.9.1.2
1.5.15570.10.2.1.30.9.7
1.5.15692.6.2.1.4
1.5.15757.11.2.1.4
1.5.15776.13.2.1.2.2.8.2
1.5.15797.9.2.1.14
1.5.16048.9.2.1.2.1
1.5.16084.10.2.1
1.5.16173.7.2.1.5.2
1.5.16275.11.2.1.5.1.4.1
1.5.16300.10.2.1.3.1.3
1.5.16307.12.2.1.3
1.5.16515.6.2.1.2.2.1.1
1.5.16519.9.2.1.3.1.1.2.33
1.5.16556.9.2.1.14.2.3.1
1.5.16638.15.2.1.2.1.3
1.5.16676.8.2.1.23
1.5.16750.7.2.1.13.1.2.1
1.5.16873.13.2.1.19.1.2.1
1.5.16939.7.2.1.4.1
1.5.16941.13.2.1
1.5.16992.9.2.1.4.2
1.5.17081.9.2.1.9.1
1.5.17148.8.2.1.1.1.32
1.5.17180.6.2.1
1.5.17413.12.2.1.6
1.5.17520.10.2.1.1.1.20.2.4
1.5.17578.15.2.1
1.5.17642.9.2.1.7.4.18.2
1.5.17808.8.2.1.24.1.25.6
1.5.17987.6.2.1.2.2.33.2.12
1.5.18002.8.2.1.4.1.4.1.6
1.5.18100.17.2.1.1
1.5.18252.9.2.1.8.2.9.1.1
1.5.18405.7.2.1.20
1.5.18497.7.2.1.18.2
1.5.18505.17.2.1
1.5.18627.8.2.1
1.5.18714.8.2.1.3.4
1.5.18733.20.2.1.20.4.5.8
1.5.18872.11.2.1.3
1.5.19011.11.2.1
1.5.19100.11.2.1.3.5.9
1.5.19386.9.2.1.15.5.12.1
1.5.19456.8.2.1.12
1.5.19503.11.2.1.3.2
1.5.19563.10.2.1.1.1.2
1.5.19583.8.2.1
1.5.19586.9.2.1.16.7.8.2
1.5.19876.6.2.1.6.4.25.5
1.5.20149.10.2.1.13.1.5.7
1.5.20159.8.2.1.9.2.8
1.5.20309.6.2.1
1.5.20323.13.2.1
1.5.20366.11.2.1.9.1.5.1.26
1.5.20463.8.2.1.7.1.35
1.5.20484.9.2.1.1.3.7.2
1.5.20518.8.2.1.4.1.3
1.5.20588.11.2.1.1.1.17
1.5.20617.7.2.1.6
1.5.20749.7.2.1.6.4.19.1
1.5.20754.9.2.1.7.1.1.1.3
1.5.20862.13.2.1.17.4.12.2.47
1.5.21076.5.2.1.10.1.38.1.8
1.5.21225.9.2.1
1.5.21340.8.2.1.4.4.8.2.13
1.5.21356.11.2.1.3.1.2.1
1.5.21368.13.2.1.3.3.13.1
1.5.21394.9.2.1.12
1.5.21438.9.2.1.5.1.20.3.17
1.5.21470.12.2.1.2.2.7.1
1.5.21699.12.2.1.3.2.12.8.14
1.5.21742.7.2.1.1.1.1.1.1
1.5.21772.20.2.1
1.5.22028.8.2.1.5.3
1.5.22050.8.2.1
1.5.22195.8.2.1.1.1
1.5.22281.6.2.1.1.1
1.5.22352.15.2.1.5.4.11.1.2
1.5.22378.5.2.1.1.3.27.4
1.5.22483.7.2.1.2.2
1.5.22550.10.2.1.8
1.5.22622.27.2.1.12.2
1.5.22640.18.2.1
1.5.22824.13.2.1.33
1.5.22850.17.2.1
1.5.22892.11.2.1.4
1.5.22911.13.2.1.2.2.8.2
1.5.22934.5.2.1.5.1.16
1.5.23084.8.2.1.2.1.31.4
1.5.23205.10.2.1
1.5.23298.7.2.1.5.2
1.5.23392.11.2.1.5.1.4.1
1.5.23417.10.2.1.3.1.3
1.5.23424.12.2.1.3
1.5.23629.10.2.1.18.6.12
1.5.23683.8.2.1.16.2
1.5.23730.15.2.1.2.1.3
1.5.23768.8.2.1.23
1.5.23842.7.2.1.13.1.2.1
1.5.23936.12.2.1.14
1.5.24008.9.2.1.2.1.1.1
1.5.24073.9.2.1.4.2
1.5.24161.9.2.1.9.1
1.5.24232.8.2.1.1.1.32
1.5.24264.6.2.1
1.5.24361.16.2.1.11.5.12.6
1.5.24372.10.2.1.13.5.11.2
1.5.24490.12.2.1.6
1.5.24597.10.2.1.1.1.20.2.4
1.5.25059.24.2.1.15.2.8.1.14
1.5.25156.17.2.1.1
1.5.25316.8.2.1.8.1.12
1.5.25337.9.2.1.5.2.10.7
1.5.25455.6.2.1.1.1.6.3.12
1.5.25539.7.2.1.18.2
1.5.25547.17.2.1
1.5.25757.8.2.1.3.4
1.5.25776.20.2.1.20.4.5.8
1.5.25924.11.2.1.2
1.5.25968.10.2.1.5.4.4.1
1.5.26078.11.2.1.20
1.5.26122.7.2.1
1.5.26164.11.2.1.3.5.9
1.5.26189.6.2.1
1.5.26326.10.2.1
1.5.26477.17.2.1.1.7.31
1.5.26497.7.2.1.2.6.19.3.10
1.5.26514.8.2.1.4
1.5.26558.11.2.1.3.2
1.5.26623.18.2.1.2
1.5.26724.9.2.1.12.6.18
1.5.26910.7.2.1
1.5.27051.6.2.1.2.2.3
1.5.27177.10.2.1.13.1.5.7
1.5.27187.8.2.1.9.2.8
1.5.27410.11.2.1.9.1.5.1.20
1.5.27464.7.2.1
1.5.27511.8.2.1.7.1.35
1.5.27532.9.2.1.1.3.7.2
1.5.27646.11.2.1.1.1.17
1.5.27797.7.2.1.6.4.19.1
1.5.27802.9.2.1.7.1.1.1.3
1.5.27934.13.2.1.17.4.12.2.47
1.5.27979.11.2.1.35.1.1.1
1.5.27981.12.2.1.2.1.2.1.18
1.5.28017.12.2.1.1.6.18
1.5.28023.10.2.1.7
1.5.28384.8.2.1.4.4.8.2.13
1.5.28400.11.2.1.3.1.2.1
1.5.28412.13.2.1.3.3.13.1
1.5.28438.9.2.1.12
1.5.28482.9.2.1.5.1.20.3.17
1.5.28514.12.2.1.2.2.7.1
1.5.28648.6.2.1
1.5.28656.19.2.1.1.2.13.2
1.5.28668.9.2.1.3.1.6
1.5.28739.12.2.1.3.2.12.8.14
1.5.28782.7.2.1.1.1.1.1.1
1.5.29059.8.2.1.5.3
1.5.29234.8.2.1.1.1
1.5.29385.15.2.1.5.4.11.1.2
1.5.29510.7.2.1.3.1
1.5.29525.6.2.1.8
1.5.29583.10.2.1.8
1.5.29653.27.2.1.12.2
1.5.29751.7.2.1.4.1.4.4.64
1.5.29879.8.2.1.2.2.4.1.5
1.5.29935.11.2.1.4
1.5.29976.7.2.1.7
1.5.30239.9.2.1.2.1
1.5.30275.10.2.1
1.5.30364.7.2.1.5.2
1.5.30462.11.2.1.5.1.4.1
1.5.30487.10.2.1.3.1.3
1.5.30494.12.2.1.3
1.5.30548.7.2.1.8.1
1.5.30762.26.2.1.5.1.9.1
1.5.30786.8.2.1.16.2
1.5.30833.14.2.1.2.1.1
1.5.30871.8.2.1.23
1.5.30957.7.2.1.13.1.2.1
1.5.31064.7.2.1.3.7.21
1.5.31137.7.2.1.4.1
1.5.31139.13.2.1
1.5.31192.9.2.1.4.2
1.5.31277.9.2.1.9.1
1.5.31302.7.2.1.52.3
1.5.31340.8.2.1.1.1.32
1.5.31372.6.2.1
1.5.31490.10.2.1.16.6.13.3
1.5.31608.12.2.1.6
1.5.31703.11.2.1.13.6.8.5
1.5.31710.11.2.1.14
1.5.31769.15.2.1
1.5.32101.6.2.1
1.5.32102.12.2.1.1.1.3.1
1.5.32119.19.2.1.38.5
1.5.32160.6.2.1.29.6
1.5.32190.24.2.1.15.2.8.1.19
1.5.32290.17.2.1.1
1.5.32450.8.2.1.8.1.12
1.5.32474.9.2.1.5.2.36.8
1.5.32591.6.2.1.1.1.6.3.12
1.5.32674.7.2.1.18.2
1.5.32682.17.2.1
1.5.32886.8.2.1.3.4
1.5.32905.20.2.1.20.4.5.8
1.5.33037.6.2.1
1.5.33047.21.2.1.2.1.2.1.7
1.5.33089.10.2.1.5.4.4.1
1.5.33206.11.2.1
1.5.33255.8.2.1
1.5.33264.21.2.1.15.2
1.5.33466.10.2.1
1.5.33593.9.2.1.15.5.12.1
1.5.33622.9.2.1.2.8.5.2.8
1.5.33637.7.2.1.2.6.52.3.11
1.5.33654.8.2.1.4
1.5.33694.7.2.1.3.3.22.6.17.5
1.5.33763.10.2.1.1.1.2
1.5.33783.8.2.1
1.5.33786.9.2.1.16.7.8.2
1.5.33869.9.2.1.12.6.18
1.5.34248.9.2.1.15.3
1.5.34346.11.2.1.9.3
1.5.34407.9.2.1.10.1.2
1.5.34559.7.2.1.13.6.17
1.5.34609.7.2.1
1.5.34656.8.2.1.7.1.35
1.5.34677.9.2.1.1.3.7.2
1.5.34807.12.2.1.9
1.5.34843.7.2.1.6
1.5.34990.7.2.1.6.4.19.1
1.5.34995.9.2.1.7.1.1.1.3
1.5.35090.6.2.1
1.5.35137.13.2.1.17.4.12.2.15
1.5.35345.5.2.1.10.1.27.1.8
1.5.35481.9.2.1
1.5.35587.12.2.1.27.3.6.4.15
1.5.35604.11.2.1.3.1.2.1
1.5.35616.13.2.1.3.3.13.1
1.5.35649.17.2.1
1.5.35688.12.2.1.5.4.8.1.11
1.5.35695.20.2.1.15.1.4
1.5.35734.17.2.1.10.2.4.4.29.12
1.5.35858.6.2.1
1.5.35866.19.2.1.1.2.13.2
1.5.35961.12.2.1.3.2.12.8.14
1.5.36004.7.2.1.1.1.1.1.1
1.5.36265.8.2.1.5.3
1.5.36287.8.2.1
1.5.36431.8.2.1.1.1
1.5.36580.15.2.1.5.4.11.1.2
1.5.36603.11.2.1.1
1.5.36663.9.2.1.9.2
1.5.36704.7.2.1.2.2
1.5.36771.10.2.1.8
1.5.36848.10.2.1.9.1.2
1.5.36936.10.2.1.30.9.7
1.5.37060.6.2.1.4
1.5.37125.11.2.1.4
1.5.37144.13.2.1.2.2.8.2
1.5.37167.5.2.1.5.1.16
1.5.37386.9.2.1.2.1
1.5.37422.10.2.1
1.5.37515.7.2.1.5.2
1.5.37546.19.2.1
1.5.37614.11.2.1.5.1.4.1
1.5.37639.10.2.1.3.1.3
1.5.37646.12.2.1.3
1.5.37803.10.2.1
1.5.37892.9.2.1.14.2.3.1
1.5.37974.14.2.1.2.1.1
1.5.38012.8.2.1.23
1.5.38086.7.2.1.13.1.2.1
1.5.38183.12.2.1.14
1.5.38257.9.2.1.2.1.1.1
1.5.38462.8.2.1.1.1.32
1.5.38494.6.2.1
1.5.38591.16.2.1.11.5.12.6
1.5.38725.12.2.1.2.7.33
1.5.38826.10.2.1.1.1.20.2.4
1.5.38884.15.2.1
1.5.38944.7.2.1.2.1.9.1
1.5.39093.8.2.1.24.1.25.6
1.5.39199.6.2.1
1.5.39200.12.2.1.1.1.3.1
1.5.39215.19.2.1.16.2
1.5.39286.24.2.1.15.2.8.1.14
1.5.39338.16.2.1.19.4.13.2
1.5.39387.17.2.1.1
1.5.39547.8.2.1.8.1.12
1.5.39571.9.2.1.5.2.10.7
1.5.39680.12.2.1.3.3.8
1.5.39760.7.2.1.18.2
1.5.39768.17.2.1
1.5.39957.9.2.1.12.2
1.5.39976.7.2.1.19.7
1.5.40111.11.2.1.3
1.5.40255.11.2.1
1.5.40638.9.2.1.15.5.12.1
1.5.40667.9.2.1.2.8.5.2.8
1.5.40682.7.2.1.2.6.52.3.11
1.5.40699.8.2.1.4
1.5.40739.7.2.1.3.3.22.6.17.5
1.5.40808.10.2.1.1.1.2
1.5.40828.8.2.1
1.5.40831.9.2.1.16.7.8.2
1.5.40945.8.2.1.6.2
1.5.41121.7.2.1
1.5.41256.6.2.1.2.2.3
1.5.41386.10.2.1.13.1.5.7
1.5.41396.8.2.1.9.2.8
1.5.41444.9.2.1.10.1.2
1.5.41598.11.2.1.9.1.5.1.20
1.5.41652.7.2.1
1.5.41699.8.2.1.7.1.35
1.5.41720.9.2.1.1.3.7.2
1.5.41850.12.2.1.9
1.5.41886.7.2.1.6
1.5.42038.7.2.1.6.4.19.1
1.5.42043.9.2.1.7.1.1.1.3
1.5.42146.7.2.1.12.1.2.2.33
1.5.42164.13.2.1.17.4.12.2.15
1.5.42205.11.2.1.35.1.1.1
1.5.42207.12.2.1.2.1.2.1.18
1.5.42243.12.2.1.1.6.18
1.5.42251.6.2.1
1.5.42294.18.2.1.1.1
1.5.42349.8.2.1.18
1.5.42355.12.2.1.6
1.5.42626.8.2.1.4.4.8.2.13
1.5.42642.11.2.1.3.1.2.1
1.5.42654.13.2.1.3.3.13.1
1.5.42687.17.2.1
1.5.42726.12.2.1.5.4.8.1.11
1.5.42733.20.2.1.15.1.4
1.5.42768.12.2.1.2.2.7.1
1.5.42993.6.2.1.16.4.25.8
1.5.43002.19.2.1.32.1.8
1.5.43051.7.2.1.1.1.1.1.1
1.5.43081.20.2.1
1.5.43341.8.2.1.5.3
1.5.43514.8.2.1.1.1
1.5.43604.6.2.1.1.1
1.5.43670.15.2.1.5.4.11.1.2
1.5.43696.5.2.1.1.3.27.4
1.5.43811.11.2.1.24
1.5.43869.10.2.1.8
1.5.43942.27.2.1.12.2
1.5.44149.13.2.1.33
1.5.44175.17.2.1
1.5.44215.6.2.1.15.4.21.2.17
1.5.44244.10.2.1.9.2
1.5.44262.23.2.1.2.1.1
1.5.44643.7.2.1.5.2
1.5.44776.13.2.1.8.1.1.1.14
1.5.44821.7.2.1.8.1
1.5.44951.14.2.1.1.1.4.1
1.5.44969.10.2.1.18.6.12
1.5.45003.8.2.1.10.1
1.5.45074.14.2.1.2.1.1
1.5.45112.8.2.1.23
1.5.45193.7.2.1.13.1.2.1
1.5.45283.12.2.1.14
1.5.45365.7.2.1.4.1
1.5.45367.13.2.1
1.5.45418.9.2.1.4.2
1.5.45507.9.2.1.9.1
1.5.45584.8.2.1.1.1.32
1.5.45844.12.2.1.6
1.5.45936.11.2.1.4.4.6.3
1.5.45943.11.2.1.14
1.5.46056.7.2.1.2.1.9.1
1.5.46418.24.2.1.15.2.8.1.14
1.5.46524.17.2.1.1
1.5.46689.8.2.1.8.1.12
1.5.46856.14.2.1.12
1.5.46946.7.2.1.18.2
1.5.46954.17.2.1
1.5.47067.8.2.1
1.5.47138.9.2.1.12.2
1.5.47156.20.2.1.20.4.5.10
1.5.47301.11.2.1.2
1.5.47345.10.2.1.5.3.4.1
1.5.47448.11.2.1
1.5.47502.21.2.1.13.2
1.5.47555.6.2.1
1.5.47826.9.2.1.15.5.12.1
1.5.47852.6.2.1.3.3.10
1.5.47896.8.2.1.12
1.5.47939.7.2.1.3.3.22.6.17.5
1.5.48008.10.2.1.1.1.2
1.5.48028.8.2.1
1.5.48031.9.2.1.16.7.8.2
1.5.48311.6.2.1.6.4.37.5
1.5.48389.11.2.1
1.5.48429.9.2.1.1.3
1.5.48480.9.2.1.15.3
1.5.48575.10.2.1.13.1.5.7
1.5.48585.8.2.1.9.2.8
1.5.48794.11.2.1.9.1.5.1.20
1.5.48893.8.2.1.7.1.35
1.5.48914.9.2.1.1.3.7.2
1.5.49030.12.2.1.31
1.5.49066.7.2.1.6
1.5.49198.7.2.1.6.4.19.1
1.5.49203.9.2.1.7.1.1.1.3
1.5.49325.13.2.1.17.4.12.2.15
1.5.49366.11.2.1.35.1.1.1
1.5.49368.12.2.1.2.1.2.1.18
1.5.49404.12.2.1.1.6.18
1.5.49410.10.2.1.7
1.5.49520.8.2.1.38
1.5.49526.8.2.1.5.1.5
1.5.49699.8.2.1.24.9.14
1.5.49793.8.2.1.4.4.8.2.13
1.5.49809.11.2.1.3.1.2.1
1.5.49821.13.2.1.3.3.13.1
1.5.49847.9.2.1.12
1.5.49891.9.2.1.5.1.20.3.17
1.5.49926.12.2.1.2.2.7.1
1.5.50155.12.2.1.3.2.12.8.14
1.5.50198.7.2.1.1.1.1.1.1
1.5.50228.20.2.1
1.5.50276.14.2.1.10.2
1.5.50501.8.2.1.5.3
1.5.50675.8.2.1.1.1
1.5.50819.15.2.1.5.4.11.1.2
1.5.50842.11.2.1.1
1.5.50902.9.2.1.9.2
1.5.50943.7.2.1.2.2
1.5.51010.10.2.1.8
1.5.51080.27.2.1.12.2
1.5.51285.13.2.1.33
1.5.51347.6.2.1.15.4.21.2.13
1.5.51376.10.2.1.9.2
1.5.51690.10.2.1
1.5.51779.7.2.1.5.2
1.5.51881.11.2.1.5.1.4.1
1.5.51906.10.2.1.3.1.3
1.5.51913.12.2.1.3
1.5.52159.26.2.1.5.1.9.1
1.5.52183.8.2.1.16.2
1.5.52230.15.2.1.2.1.3
1.5.52271.8.2.1.23
1.5.52352.7.2.1.13.1.2.1
1.5.52540.7.2.1.4.1
1.5.52542.13.2.1
1.5.52592.9.2.1.4.2
1.5.52685.9.2.1.9.1
1.5.52752.8.2.1.1.1.32
1.5.52784.6.2.1
1.5.53026.12.2.1.6
1.5.53110.10.2.1.1.1.20.2.4
1.5.53384.8.2.1.24.1.25.6
1.5.53426.7.2.1.10.2
1.5.53485.6.2.1
1.5.53486.12.2.1.1.1.3.1
1.5.53501.19.2.1.16.2
1.5.53572.24.2.1.15.2.9.2.15
1.5.53620.16.2.1.19.4.13.2
1.5.53678.17.2.1.1
1.5.53830.9.2.1.8.2.9.1.1
1.5.54003.12.2.1.3.3.8
1.5.54027.9.2.1
1.5.54073.7.2.1.18.2
1.5.54081.17.2.1
1.5.54277.8.2.1.3.4
1.5.54299.7.2.1.19.7
1.5.54352.8.2.1.7.1
1.5.54436.10.2.1
1.5.54449.11.2.1.3
1.5.54588.11.2.1
1.5.54639.8.2.1
1.5.54685.11.2.1.3.5.17
1.5.54851.10.2.1
1.5.54978.9.2.1.15.5.12.1
1.5.55051.8.2.1.4
1.5.55091.7.2.1.3.3.22.6.17.5
1.5.55154.10.2.1.1.1.2
1.5.55174.8.2.1
1.5.55177.9.2.1.16.7.8.2
1.5.55286.8.2.1.6.2
1.5.55452.7.2.1
1.5.55590.6.2.1.2.2.3
1.5.55716.10.2.1.13.1.5.7
1.5.55726.8.2.1.9.2.8
1.5.55942.11.2.1.9.1.5.1.26
1.5.55992.7.2.1
1.5.56039.8.2.1.7.1.35
1.5.56060.9.2.1.1.3.7.2
1.5.56174.11.2.1.1.1.17
1.5.56318.7.2.1.6.4.19.1
1.5.56323.9.2.1.7.1.1.1.3
1.5.56434.7.2.1.12.1.2.2.33
1.5.56452.13.2.1.17.4.12.2.15
1.5.56497.11.2.1.35.1.1.1
1.5.56499.12.2.1.2.1.2.1.18
1.5.56535.12.2.1.1.6.18
1.5.56541.10.2.1.7
1.5.56647.8.2.1.18
1.5.56653.12.2.1.6
1.5.56920.8.2.1.4.4.8.2.13
1.5.56936.11.2.1.3.1.2.1
1.5.56948.13.2.1.3.3.13.1
1.5.56974.9.2.1.12
1.5.57018.9.2.1.5.1.20.3.17
1.5.57050.12.2.1.2.2.7.1
1.5.57293.12.2.1.3.2.12.8.14
1.5.57336.7.2.1.1.1.1.1.1
1.5.57393.14.2.1.10.2
1.5.57606.8.2.1.5.3
1.5.57628.8.2.1
1.5.57769.8.2.1.1.1
1.5.57923.8.2.1.24
1.5.58009.9.2.1.9.2
1.5.58050.7.2.1.2.2
1.5.58117.10.2.1.8
1.5.58190.27.2.1.12.2
1.5.58398.6.2.1.4
1.5.58471.8.2.1.4.1.2
1.5.58496.11.2.1.11.2
1.5.58518.7.2.1.2.1.8
1.5.58903.7.2.1.5.2
1.5.58934.19.2.1
1.5.59002.11.2.1.5.1.4.1
1.5.59027.10.2.1.3.1.3
1.5.59034.12.2.1.3
1.5.59088.7.2.1.8.1
1.5.59280.9.2.1.14.2.3.1
1.5.59362.14.2.1.2.1.1
1.5.59400.8.2.1.23
1.5.59474.7.2.1.13.1.2.1
1.5.59674.7.2.1.4.1
1.5.59676.13.2.1
1.5.59724.9.2.1.4.2
1.5.59813.9.2.1.9.1
1.5.59880.8.2.1.1.1.32
1.5.59912.6.2.1
1.5.60140.12.2.1.6
1.5.60226.11.2.1.4.4.6.3
1.5.60233.11.2.1.14
1.5.60346.7.2.1.2.1.9.1
1.5.60711.6.2.1.2.2.33.2.12
1.5.60726.8.2.1.4.1.4.1.6
1.5.60802.6.2.1
1.5.60826.17.2.1.1
1.5.60986.8.2.1.8.1.12
1.5.61117.6.2.1.1.1.6.3.12
1.5.61201.7.2.1.18.2
1.5.61209.17.2.1
1.5.61399.9.2.1.12.2
1.5.61538.10.2.1
1.5.61551.11.2.1.3
1.5.61702.11.2.1
1.5.61794.11.2.1.3.5.17
1.5.61957.10.2.1
1.5.62093.9.2.1.15.5.12.1
1.5.62119.6.2.1.3.3.10
1.5.62163.8.2.1.12
1.5.62206.7.2.1.3.3.22.6.17.5
1.5.62276.10.2.1.1.1.2
1.5.62296.8.2.1
1.5.62299.9.2.1.16.7.8.2
1.5.62408.8.2.1.6.2
1.5.62451.13.2.1
1.5.62589.6.2.1.6.4.26.5
1.5.62771.9.2.1.15.3
1.5.62883.8.2.1.2.1.1
1.5.62935.11.2.1.16.5.13.4.32
1.5.63102.7.2.1.13.6.17
1.5.63144.7.2.1
1.5.63191.8.2.1.7.1.35
1.5.63212.9.2.1.1.3.7.2
1.5.63342.12.2.1.9
1.5.63378.7.2.1.6
1.5.63523.7.2.1.6.4.19.1
1.5.63528.9.2.1.7.1.1.1.3
1.5.63652.13.2.1.17.4.12.2.47
1.5.63859.8.2.1.38
1.5.63865.12.2.1.6
1.5.64020.9.2.1
1.5.64115.8.2.1.4.4.8.2.13
1.5.64131.11.2.1.3.1.2.1
1.5.64143.13.2.1.3.3.13.1
1.5.64176.17.2.1
1.5.64215.12.2.1.5.4.8.1.11
1.5.64222.20.2.1.15.1.4
1.5.64257.12.2.1.2.2.7.1
1.5.64397.6.2.1
1.5.64405.19.2.1.1.2.13.2
1.5.64506.6.2.1.16.4.25.8
1.5.64564.7.2.1.1.1.1.1.1
1.5.64621.14.2.1.10.2
1.5.64829.8.2.1.5.3
1.5.64996.8.2.1.1.1
1.5.65149.15.2.1.5.4.11.1.2
1.5.65172.11.2.1.1
1.5.65285.7.2.1.3.1
1.5.65300.6.2.1.8
1.5.65358.10.2.1.8
1.5.65428.27.2.1.12.2
1.5.65531.10.2.1.30.9.7
1.5.65651.6.2.1.4
1.5.65659.11.2.1.9.2.11.1.23
1.5.65723.7.2.1.10
1.5.65765.10.2.1.9.2
1.5.65783.23.2.1.2.1.1
1.5.66061.10.2.1
1.5.66150.7.2.1.5.2
1.5.66248.11.2.1.5.1.4.1
1.5.66273.10.2.1.3.1.3
1.5.66280.12.2.1.3
1.5.66475.12.2.1.11
1.5.66476.13.2.1.12
1.5.66530.8.2.1.16.2
1.5.66577.15.2.1.2.1.3
1.5.66615.8.2.1.23
1.5.66696.7.2.1.13.1.2.1
1.5.66793.12.2.1.14
1.5.66815.13.2.1.19.1.2.1
1.5.66881.7.2.1.4.1
1.5.66883.13.2.1
1.5.66931.9.2.1.4.2
1.5.67020.9.2.1.9.1
1.5.67091.8.2.1.1.1.32
1.5.67361.12.2.1.6
1.5.67456.11.2.1.13.6.8.5
1.5.67463.11.2.1.14
1.5.67576.7.2.1.2.1.9.1
1.5.67845.6.2.1
1.5.67846.12.2.1.1.1.3.1
1.5.67861.19.2.1.16.2
1.5.67923.6.2.1.2.2.33.2.12
1.5.67938.8.2.1.4.1.4.1.6
1.5.68042.12.2.1.16.2.10
1.5.68209.8.2.1.8.1.12
1.5.68233.9.2.1.5.2.10.7
1.5.68368.12.2.1.3.3.8
1.5.68448.7.2.1.18.2
1.5.68456.17.2.1
1.5.68645.8.2.1.3.4
1.5.68779.11.2.1.3
1.5.68920.11.2.1
1.5.68969.8.2.1
1.5.68978.21.2.1.15.2
1.5.69033.6.2.1
1.5.69176.10.2.1
1.5.69336.17.2.1.1.7.31
1.5.69356.7.2.1.2.6.19.3.10
1.5.69373.8.2.1.4
1.5.69413.7.2.1.3.3.22.6.17.5
1.5.69482.18.2.1.2
1.5.69775.11.2.1
1.5.69817.7.2.1.21.2.4.1
1.5.69905.9.2.1.1.3
1.5.69923.7.2.1
1.5.69967.9.2.1.4.2
1.5.70065.11.2.1.9.3
1.5.70126.9.2.1.10.1.2
1.5.70275.11.2.1.9.1.5.1.23
1.5.70328.7.2.1
1.5.70375.8.2.1.7.1.35
1.5.70396.9.2.1.1.3.7.2
1.5.70526.12.2.1.9
1.5.70562.7.2.1.6
1.5.70700.7.2.1.6.4.19.1
1.5.70705.9.2.1.7.1.1.1.3
1.5.70827.13.2.1.17.4.12.2.47
1.5.70872.11.2.1.35.1.1.1
1.5.70874.12.2.1.2.1.2.1.18
1.5.70910.12.2.1.1.6.18
1.5.70918.6.2.1
1.5.71043.13.2.1.2.1.35.1.25
1.5.71286.8.2.1.4.4.8.2.13
1.5.71302.11.2.1.3.1.2.1
1.5.71314.13.2.1.3.3.13.1
1.5.71340.9.2.1.12
1.5.71384.9.2.1.5.1.20.3.17
1.5.71419.12.2.1.2.2.7.1
1.5.71558.6.2.1
1.5.71579.9.2.1.3.1.6
1.5.71642.14.2.1.6.6.14.3
1.5.71697.7.2.1.1.1.1.1.1
1.5.71727.20.2.1
1.5.71993.8.2.1.5.3
1.6.173.8.2.1.2.2.4
1.6.197.8.2.1.1.1
1.6.206.8.2.1.22.1.2.1.19
1.6.373.8.2.1.2.1.2.2.9
1.6.474.8.2.1.19.2
1.6.536.8.2.1.2.1.1.2.13
1.6.604.8.2.1.45
1.6.606.8.2.1.1.10
1.6.927.8.2.1.19.3
1.6.936.8.2.1.8.5.11
1.6.998.8.2.1.6.3.8.1.8
1.6.1036.8.2.1.5.1
1.6.1049.8.2.1.9.3.6.2.7
1.6.1117.8.2.1.3
1.6.1199.8.2.1.4.1.2.9
1.6.1572.8.2.1.2
1.6.1711.8.2.1.6.1.2.9
1.6.1787.8.2.1.7
1.6.1832.8.2.1
1.6.1899.8.2.1.3.6
1.6.1998.8.2.1.15.7.15.2.12
1.6.2199.8.2.1.10.4
1.6.2214.8.2.1
1.6.2268.8.2.1
1.6.2345.8.2.1.3.2.13.1.12
1.6.2408.8.2.1.7
1.6.2538.8.2.1.13.4.8
1.6.2634.8.2.1.2.2
1.6.2704.8.2.1.9.5
1.6.2718.8.2.1.10.10
1.6.2851.8.2.1.19.2.7.2.62
1.6.2900.8.2.1
1.6.2946.8.2.1
1.6.2968.8.2.1.2
1.6.3099.8.2.1.1
1.6.3109.8.2.1.21.1.3.4.9
1.6.3506.8.2.1.22
1.6.3520.8.2.1.6.1.5
1.6.3524.8.2.1.10.4.12.3
1.6.3596.8.2.1
1.6.3619.8.2.1.2.1
1.6.3764.8.2.1.2.1.1
1.6.3864.8.2.1.44.2.39.1.27
1.6.3880.8.2.1.18.5.11.9
1.6.3994.8.2.1
1.6.4015.8.2.1.11
1.6.4062.8.2.1
1.6.4412.8.2.1.12.1
1.6.4498.8.2.1.6.3
1.6.4507.8.2.1.2
1.6.4623.8.2.1.3.1
1.6.4636.8.2.1.49.6
1.6.4641.8.2.1.4.2.18.3
1.6.4726.8.2.1.2.2
1.6.4741.8.2.1.15
1.6.4877.8.2.1.2.4.15.3
1.6.5129.8.2.1.4
1.6.5232.8.2.1.5.2.9.2
1.6.5314.8.2.1.3.1.4
1.6.5426.8.2.1
1.6.5434.8.2.1.3.4.10
1.6.5667.8.2.1.4.4
1.6.5706.8.2.1
1.6.5745.8.2.1.2.1.11.6
1.6.5821.8.2.1.2.1.10
1.6.5973.8.2.1.14.2.13
1.6.6020.8.2.1.2.1.29.15.46
1.6.6196.8.2.1.12.2.6.1.5
1.6.6323.8.2.1.3
1.6.6339.8.2.1.4.4.21.9
1.6.6392.8.2.1.8.3.21.2.10
1.6.6466.8.2.1.1
1.6.6797.8.2.1.21
1.6.6859.8.2.1.6.8.18
1.6.6943.8.2.1.15
1.6.7030.8.2.1.2.1.16
1.6.7083.8.2.1.4.2
1.6.7218.8.2.1.6.1.1.2
1.6.7406.8.2.1.3.2.12
1.6.7425.8.2.1
1.6.7450.8.2.1.11
1.6.7490.8.2.1.16.1
1.6.7649.8.2.1.3.2.25.1
1.6.7665.8.2.1.34
1.6.7738.8.2.1.13.1.2.2
1.6.7742.8.2.1.3.3.6
1.6.7769.8.2.1.3.1
1.6.7839.8.2.1.2.1
1.6.7869.8.2.1.12
1.6.7901.8.2.1.3.3
1.6.8100.8.2.1.6.1.2
1.6.8123.8.2.1.5
1.6.8318.8.2.1.2.2.4
1.6.8342.8.2.1.1.1
1.6.8351.8.2.1.22.1.2.1.19
1.6.8536.8.2.1.31.4.13
1.6.8685.8.2.1.4.3.7.7
1.6.8699.8.2.1.1.1.20
1.6.9099.8.2.1.19.3
1.6.9111.8.2.1.8.4.8
1.6.9168.8.2.1.6.3.8.1.8
1.6.9206.8.2.1.5.1
1.6.9219.8.2.1.10.5.35.2.9
1.6.9408.8.2.1.9.3
1.6.9781.8.2.1.2
1.6.9787.8.2.1.8
1.6.9944.8.2.1.6.1.2.9
1.6.10028.8.2.1.7
1.6.10071.8.2.1
1.6.10138.8.2.1.3.6
1.6.10201.8.2.1.3.1.34.4
1.6.10231.8.2.1.15.7.15.2.12
1.6.10429.8.2.1.10.4
1.6.10444.8.2.1
1.6.10574.8.2.1.3.2.13.1.12
1.6.10637.8.2.1.7
1.6.10768.8.2.1.13.4.8
1.6.10943.8.2.1.9.5
1.6.10950.8.2.1
1.6.11085.8.2.1.20.3.9
1.6.11132.8.2.1
1.6.11173.8.2.1.3.4.10.3
1.6.11200.8.2.1.2
1.6.11331.8.2.1.1
1.6.11603.8.2.1.2.2.7.3
1.6.11730.8.2.1.23
1.6.11744.8.2.1.6.1.5
1.6.11748.8.2.1.10.4.12.3
1.6.11980.8.2.1.2.1.1
1.6.12217.8.2.1
1.6.12237.8.2.1.18
1.6.12723.8.2.1.16.2
1.6.12739.8.2.1.3.1.1.4.3
1.6.12859.8.2.1.3.1
1.6.12872.8.2.1.49.6
1.6.12877.8.2.1.4.2.18.3
1.6.12966.8.2.1.7.1
1.6.12966.8.2.1.8.1.17.3
1.6.12979.8.2.1.12.7.26
1.6.12983.8.2.1.10.1
1.6.13118.8.2.1.2.4.15.3
1.6.13255.8.2.1.5.1.9.1
1.6.13366.8.2.1.20.4.11.3.35
1.6.13382.8.2.1.9.5.11.3.5
1.6.13457.8.2.1.5.2.9.2
1.6.13538.8.2.1.3.1.4
1.6.13805.8.2.1.3.3
1.6.13867.8.2.1
1.6.13870.8.2.1.5.4
1.6.14021.8.2.1.2.2.12
1.6.14164.8.2.1.2.1.1.1.14.3
1.6.14173.8.2.1.14.2.13
1.6.14233.8.2.1.3.1.7.3
1.6.14405.8.2.1.9
1.6.14532.8.2.1.14
1.6.14548.8.2.1.4.4.21.9
1.6.14598.8.2.1.8.3.21.2.10
1.6.14616.8.2.1.5.2
1.6.14695.8.2.1.7.1.1.1.9
1.6.14722.8.2.1.10.5
1.6.14732.8.2.1.1.1.3.3.41
1.6.14835.8.2.1
1.6.15035.8.2.1.8.2.4
1.6.15063.8.2.1
1.6.15141.8.2.1.6.2.3.1
1.6.15183.8.2.1.2.1.10.2.4
1.6.15449.8.2.1.6.1.1.2
1.6.15639.8.2.1.2.1.1
1.6.15658.8.2.1
1.6.15683.8.2.1.11
1.6.15692.8.2.1.3.1.3.3.8
1.6.15708.8.2.1
1.6.15725.8.2.1.16.1
1.6.15889.8.2.1.3
1.6.15950.8.2.1.22
1.6.15961.8.2.1.8.1.2.2
1.6.15965.8.2.1.3.3.5
1.6.16102.8.2.1.12
1.6.16134.8.2.1.3.3
1.6.16326.8.2.1.6.1.2
1.6.16349.8.2.1.5
1.6.16547.8.2.1.2.2.4
1.6.16571.8.2.1.1.1
1.6.16580.8.2.1.22.1.2.1.19
1.6.16764.8.2.1.31.4.13
1.6.16798.8.2.1.1
1.6.16923.8.2.1.4.3.7.7
1.6.16937.8.2.1.1.1.20
1.6.17002.8.2.1.13.5.61
1.6.17004.8.2.1.1.1
1.6.17063.8.2.1.30.1
1.6.17306.8.2.1.19.3
1.6.17318.8.2.1.8.4.8
1.6.17385.8.2.1.22.3.10.3.32
1.6.17406.8.2.1.26.2.5.2.12.2
1.6.17433.8.2.1.7.1.2
1.6.17613.8.2.1.9.3
1.6.17655.8.2.1.11.7.15
1.6.17753.8.2.1.7.2
1.6.18004.8.2.1.2
1.6.18010.8.2.1.8
1.6.18148.8.2.1.6.1.2.9
1.6.18231.8.2.1.7
1.6.18278.8.2.1
1.6.18345.8.2.1.3.6
1.6.18408.8.2.1.3.1.34.4
1.6.18440.8.2.1.3.1.3
1.6.18448.8.2.1
1.6.18622.8.2.1.10.4
1.6.18647.8.2.1
1.6.18790.8.2.1.3.2.13.1.12
1.6.18857.8.2.1.7
1.6.18989.8.2.1.13.4.8
1.6.19171.8.2.1.9.5
1.6.19178.8.2.1
1.6.19403.8.2.1
1.6.19425.8.2.1.2
1.6.19936.8.2.1.2.4.13.1.6
1.6.19944.8.2.1.6
1.6.19998.8.2.1
1.6.20021.8.2.1.2.1
1.6.20166.8.2.1.2.1.1
1.6.20394.8.2.1
1.6.20414.8.2.1.18
1.6.20488.8.2.1.8.1.29.5
1.6.20505.8.2.1.7
1.6.20510.8.2.1.1.1
1.6.20767.8.2.1.4.1.32.6
1.6.20925.8.2.1.6.3
1.6.20934.8.2.1.2
1.6.21050.8.2.1.3.1
1.6.21063.8.2.1.49.6
1.6.21068.8.2.1.4.2.18.3
1.6.21162.8.2.1.12.6
1.6.21176.8.2.1.12.7.26
1.6.21180.8.2.1.10.1
1.6.21294.8.2.1.2.4.15.3
1.6.21442.8.2.1.5.1.9.1
1.6.21642.8.2.1.5.2.9.2
1.6.21722.8.2.1.3.1.4
1.6.21834.8.2.1
1.6.22052.8.2.1.4.4
1.6.22154.8.2.1.6.2.7.4
1.6.22212.8.2.1.4.1.7.1.1
1.6.22348.8.2.1.2.1.1.1.14.3
1.6.22357.8.2.1.14.2.13
1.6.22404.8.2.1.2.1.29.15.46
1.6.22605.8.2.1.10
1.6.22725.8.2.1.3
1.6.22741.8.2.1.4.4.21.9
1.6.22792.8.2.1.8.3.21.2.10
1.6.22875.8.2.1.18.1.9.4.41
1.6.22902.8.2.1.10.5
1.6.23215.8.2.1.8.2.4
1.6.23338.8.2.1.2.1.1.2.4
1.6.23475.8.2.1.4.2
1.6.23840.8.2.1.16.5.30.1.36
1.6.23845.8.2.1.12.1.4
1.6.23895.8.2.1.16.1
1.6.24058.8.2.1.3.2.25.1
1.6.24074.8.2.1.6
1.6.24150.8.2.1
1.6.24168.8.2.1.11.1.17
1.6.24252.8.2.1.2.1
1.6.24282.8.2.1.12
1.6.24309.8.2.1.3.3
1.6.24505.8.2.1.6.1.2
1.6.24530.8.2.1.5
1.6.24607.8.2.1.2.1
1.6.24758.8.2.1.2.2.4
1.6.24782.8.2.1.1.1
1.6.24791.8.2.1.22.1.2.1.19
1.6.24957.8.2.1.11.3
1.6.25046.8.2.1.19.2
1.6.25109.8.2.1.1.1.15
1.6.25251.8.2.1.29.1
1.6.25492.8.2.1.19.3
1.6.25504.8.2.1.8.4.8
1.6.25561.8.2.1.9.3.16.5.21
1.6.25599.8.2.1.5.1
1.6.25611.8.2.1.7.1.4
1.6.25645.8.2.1
1.6.25779.8.2.1.2.1.2.3
1.6.25842.8.2.1.34.1.35
1.6.26173.8.2.1.2
1.6.26324.8.2.1.6.1.2.9
1.6.26406.8.2.1.7
1.6.26503.8.2.1.3.6
1.6.26602.8.2.1.15.7.15.2.12
1.6.26846.8.2.1
1.6.26960.8.2.1.7
1.6.27036.8.2.1.7
1.6.27167.8.2.1.13.4.8
1.6.27348.8.2.1.9.5
1.6.27355.8.2.1
1.6.27589.8.2.1
1.6.27611.8.2.1.2
1.6.27745.8.2.1.27.1.3.4.9
1.6.28166.8.2.1.22
1.6.28180.8.2.1.6.1.5
1.6.28184.8.2.1.10.4.12.3
1.6.28428.8.2.1.2.1.1
1.6.28524.8.2.1.5
1.6.28543.8.2.1.18.5.11.9
1.6.28657.8.2.1
1.6.28677.8.2.1.18
1.6.29196.8.2.1.5
1.6.29468.8.2.1.7.1
1.6.29468.8.2.1.8.1.17.3
1.6.29480.8.2.1.15
1.6.29501.8.2.1
1.6.29606.8.2.1.2.4.15.3
1.6.29748.8.2.1.5.1.9.1
1.6.29950.8.2.1.5.2.9.2
1.6.30031.8.2.1.3.1.4
1.6.30137.8.2.1.14
1.6.30142.8.2.1.2.2.3
1.6.30291.8.2.1.3.3
1.6.30361.8.2.1.4.4
1.6.30399.8.2.1.5.1
1.6.30504.8.2.1.1.1.2.10.10
1.6.30640.8.2.1.2.1.1.1.14.3
1.6.30649.8.2.1.14.2.13
1.6.30698.8.2.1
1.6.30886.8.2.1.2
1.6.31001.8.2.1.3
1.6.31017.8.2.1.4.4.21.9
1.6.31068.8.2.1.8.3.21.2.10
1.6.31086.8.2.1.5.2
1.6.31165.8.2.1.18.1.9.4.37
1.6.31192.8.2.1.10.5
1.6.31202.8.2.1.1.1.3.3.69
1.6.31473.8.2.1.1.1.3
1.6.31483.8.2.1.17
1.6.31545.8.2.1.6.8.18
1.6.31637.8.2.1.2.1.19.5.11
1.6.31725.8.2.1.1.1.2.2.65
1.6.32080.8.2.1.3.2.12
1.6.32099.8.2.1
1.6.32124.8.2.1.11
1.6.32164.8.2.1.16.1
1.6.32323.8.2.1.3.2.25.1
1.6.32339.8.2.1.34
1.6.32405.8.2.1
1.6.32423.8.2.1.11.1.15
1.6.32586.8.2.1.3.3
1.6.32638.8.2.1.1.1
1.6.32639.8.2.1.7.2
1.6.32775.8.2.1.6.1.2
1.6.32798.8.2.1.5
1.6.32984.8.2.1.2.2.4
1.6.33008.8.2.1.1.1
1.6.33017.8.2.1.22.1.2.1.19
1.6.33196.8.2.1.31.4.13
1.6.33349.8.2.1.4.3.7.7
1.6.33363.8.2.1.1.1.20
1.6.33428.8.2.1.3.1.6
1.6.33512.8.2.1.57.1
1.6.33747.8.2.1.19.3
1.6.33756.8.2.1.8.5.11
1.6.33792.8.2.1.6.2
1.6.33818.8.2.1.6.3.8.1.8
1.6.33856.8.2.1.5.1
1.6.33869.8.2.1.9.6.2
1.6.33938.8.2.1.2
1.6.34040.8.2.1.9.3
1.6.34084.8.2.1.11.7.15
1.6.34409.8.2.1.2
1.6.34632.8.2.1.7
1.6.34729.8.2.1.3.6
1.6.34792.8.2.1.3.1.34.4
1.6.34824.8.2.1.3.1.3
1.6.34832.8.2.1
1.6.35020.8.2.1.10.4
1.6.35035.8.2.1
1.6.35086.8.2.1
1.6.35163.8.2.1.3.2.13.1.12
1.6.35229.8.2.1.7
1.6.35360.8.2.1.13.4.8
1.6.35559.8.2.1.10.12
1.6.35697.8.2.1.20.3.9
1.6.35815.8.2.1.2
1.6.36318.8.2.1.22
1.6.36332.8.2.1.6.1.5
1.6.36336.8.2.1.10.4.12.3
1.6.36408.8.2.1
1.6.36431.8.2.1.2.1
1.6.36576.8.2.1.2.1.1
1.6.36695.8.2.1
1.6.36818.8.2.1
1.6.36838.8.2.1.18
1.6.37200.8.2.1.4.1.32.6
1.6.37357.8.2.1.4.3.13.1
1.6.37364.8.2.1
1.6.37471.8.2.1.8.1
1.6.37607.8.2.1.12.6
1.6.37620.8.2.1.15
1.6.37641.8.2.1
1.6.37762.8.2.1.2.4.15.3
1.6.38117.8.2.1.5.2.9.2
1.6.38195.8.2.1.3.1.4
1.6.38307.8.2.1
1.6.38350.8.2.1.13.1
1.6.38354.8.2.1.10.7
1.6.38532.8.2.1.4.6
1.6.38683.8.2.1.1.1.2.10.10
1.6.38871.8.2.1.19.18.37
1.6.39063.8.2.1.2
1.6.39192.8.2.1.4.2.43
1.6.39271.8.2.1.8.3.21.2.10
1.6.39350.8.2.1.7.1.1.1.9
1.6.39377.8.2.1.10.5
1.6.39428.8.2.1.3.1.3.1
1.6.39488.8.2.1
1.6.39711.8.2.1.8.2.4
1.6.39858.8.2.1.2.1.19.5.11
1.6.39946.8.2.1.1.1.2.2.65
1.6.39995.8.2.1.4.2
1.6.40318.8.2.1.2.1.1
1.6.40337.8.2.1
1.6.40362.8.2.1.11
1.6.40402.8.2.1.16.1
1.6.40561.8.2.1.3.2.25.1
1.6.40577.8.2.1.6
1.6.40640.8.2.1
1.6.40658.8.2.1.11.1.15
1.6.40748.8.2.1.2.1
1.6.40778.8.2.1.12
1.6.40810.8.2.1.3.3
1.6.41006.8.2.1.6.1.2
1.6.41033.8.2.1.5
1.6.41110.8.2.1.2.1
1.6.41269.8.2.1.2.2.4
1.6.41293.8.2.1.1.1
1.6.41302.8.2.1.22.1.2.1.19
1.6.41484.8.2.1.2.1.2.2.9
1.6.41645.8.2.1.2.1.1.2.27
1.6.41699.8.2.1.13.5.73
1.6.41701.8.2.1.1.1
1.6.41849.8.2.1.6.1.2.2
1.6.42027.8.2.1.19.3
1.6.42036.8.2.1.8.5.11
1.6.42101.8.2.1.8.1.10.2.6
1.6.42114.8.2.1.16.1.9.4
1.6.42132.8.2.1.10.2
1.6.42146.8.2.1.9.3.6.2.7
1.6.42185.8.2.1
1.6.42228.8.2.1.14.3.10.7.17
1.6.42321.8.2.1.9.3
1.6.42363.8.2.1.11.7.15
1.6.42471.8.2.1.21.6
1.6.42732.8.2.1.2
1.6.42736.8.2.1.5.1.20
1.6.42743.8.2.1.2.1
1.6.42899.8.2.1.6.1.2.9
1.6.42980.8.2.1.5.2.7
1.6.43075.8.2.1.3.6
1.6.43138.8.2.1.3.1.34.4
1.6.43171.8.2.1.10.3.23.2.33
1.6.43399.8.2.1
1.6.43416.8.2.1
1.6.43530.8.2.1.1.1.2.2.4
1.6.43598.8.2.1.7
1.6.43731.8.2.1.13.4.8
1.6.43929.8.2.1.10.12
1.6.44056.8.2.1.20.3.9
1.6.44132.8.2.1.3.4.10.3
1.6.44159.8.2.1.2
1.6.44292.8.2.1.1
1.6.44556.8.2.1.2.2.7.3
1.6.44698.8.2.1.22
1.6.44712.8.2.1.6.1.5
1.6.44716.8.2.1.10.4.12.3
1.6.44948.8.2.1.2.1.1
1.6.45052.8.2.1
1.6.45195.8.2.1
1.6.45216.8.2.1.11
1.6.45680.8.2.1.6.3
1.6.45689.8.2.1.2
1.6.45782.8.2.1.8.1
1.6.45936.8.2.1.12.6
1.6.45949.8.2.1.15
1.6.45970.8.2.1
1.6.46075.8.2.1.2.4.15.3
1.6.46212.8.2.1.5.1.9.1
1.6.46326.8.2.1.5
1.6.46424.8.2.1.12.1.3.9
1.6.46487.8.2.1.24
1.6.46794.8.2.1.1.1.2.2
1.6.46820.8.2.1.4.6
1.6.46895.8.2.1
1.6.46914.8.2.1.6.2.7.4
1.6.46963.8.2.1.2.1.10
1.6.47102.8.2.1.2.1.1.1.14.3
1.6.47111.8.2.1.14.2.13
1.6.47156.8.2.1.19.18.37
1.6.47350.8.2.1.2
1.6.47403.8.2.1
1.6.47475.8.2.1.14
1.6.47491.8.2.1.4.4.21.9
1.6.47545.8.2.1.8.3.21.2.10
1.6.47624.8.2.1.7.1.1.1.9
1.6.47651.8.2.1.10.5
1.6.47702.8.2.1.3.1.3.1
1.6.47761.8.2.1
1.6.47938.8.2.1.8.2.4
1.6.48083.8.2.1.2.1.1.2.4
1.6.48172.8.2.1.18
1.6.48541.8.2.1.3.2.12
1.6.48560.8.2.1
1.6.48585.8.2.1.11
1.6.48594.8.2.1.3.1.3.3.8
1.6.48610.8.2.1
1.6.48627.8.2.1.16.1
1.6.48790.8.2.1.3.2.25.1
1.6.48806.8.2.1.34
1.6.48867.8.2.1
1.6.48885.8.2.1.11.1.15
1.6.48931.8.2.1.15.1.3
1.6.48956.8.2.1.2.1
1.6.48986.8.2.1.12
1.6.49018.8.2.1.3.3
1.6.49072.8.2.1.7.2.5.2
1.6.49197.8.2.1.6.1.2
1.6.49222.8.2.1.5
1.6.49438.8.2.1.2.2.4
1.6.49462.8.2.1.1.1
1.6.49471.8.2.1.22.1.2.1.19
1.6.49652.8.2.1.2.1.2.2.9
1.6.49756.8.2.1
1.6.49790.8.2.1.8.1
1.6.49812.8.2.1.4.3.7.7
1.6.49826.8.2.1.1.1.20
1.6.49958.8.2.1.57.1
1.6.50193.8.2.1.19.3
1.6.50205.8.2.1.8.4.8
1.6.50262.8.2.1.9.3.16.5.21
1.6.50300.8.2.1.5.1
1.6.50320.8.2.1.7.1.2
1.6.50484.8.2.1.2.1.2.3
1.6.50494.8.2.1.11.1.4.3
1.6.50538.8.2.1.11.7.15
1.6.50646.8.2.1.21.6
1.6.50828.8.2.1.17.2.48.5
1.6.50857.8.2.1.2
1.6.51009.8.2.1.6.1.2.9
1.6.51091.8.2.1.7
1.6.51125.8.2.1
1.6.51192.8.2.1.3.6
1.6.51255.8.2.1.3.1.34.4
1.6.51285.8.2.1.15.7.15.2.12
1.6.51479.8.2.1.10.4
1.6.51504.8.2.1
1.6.51559.8.2.1
1.6.51636.8.2.1.3.2.13.1.12
1.6.51706.8.2.1.9.6.32.1.2
1.6.51836.8.2.1.13.4.8
1.6.51933.8.2.1.2.2
1.6.52003.8.2.1.9.5
1.6.52017.8.2.1.10.10
1.6.52150.8.2.1.20.3.9
1.6.52249.8.2.1.14.1.10.13.45
1.6.52384.8.2.1.1
1.6.52660.8.2.1.2.2.7.3
1.6.52776.8.2.1.23
1.6.52790.8.2.1.6.1.5
1.6.52794.8.2.1.10.4.12.3
1.6.52866.8.2.1
1.6.52888.8.2.1.2.1
1.6.53033.8.2.1.2.1.1
1.6.53114.8.2.1.43.2.37.1.48
1.6.53258.8.2.1
1.6.53278.8.2.1.18
1.6.53811.8.2.1.4.3.13.1
1.6.53818.8.2.1
1.6.53923.8.2.1.8.1
1.6.54070.8.2.1.2.2
1.6.54085.8.2.1.15
1.6.54107.8.2.1
1.6.54228.8.2.1.2.4.15.3
1.6.54364.8.2.1.19.1.9.1
1.6.54565.8.2.1.12.1.3.9
1.6.54596.8.2.1
1.6.54622.8.2.1.26
1.6.54728.8.2.1.31
1.6.54733.8.2.1.2.2.3
1.6.54884.8.2.1.3.3
1.6.54955.8.2.1.4.4
1.6.55057.8.2.1.6.2.7.4
1.6.55106.8.2.1.2.1.10
1.6.55149.8.2.1
1.6.55248.8.2.1.2.1.1.1.14.3
1.6.55257.8.2.1.14.2.13
1.6.55298.8.2.1.6
1.6.55483.8.2.1.9
1.6.55618.8.2.1.14
1.6.55634.8.2.1.4.4.21.9
1.6.55684.8.2.1.8.3.21.2.10
1.6.55767.8.2.1.18.1.9.4.41
1.6.55794.8.2.1.10.5
1.6.55844.8.2.1.3.1.3.1
1.6.55895.8.2.1
1.6.56100.8.2.1.8.2.4
1.6.56128.8.2.1
1.6.56244.8.2.1.15
1.6.56322.8.2.1.1.1.7.1.54
1.6.56538.8.2.1.15.1.15
1.6.56704.8.2.1.2.1.1
1.6.56723.8.2.1
1.6.56748.8.2.1.11
1.6.56757.8.2.1.3.1.3.3.8
1.6.56773.8.2.1
1.6.56790.8.2.1.16.1
1.6.56945.8.2.1.3.2.25.1
1.6.56966.8.2.1.8
1.6.57045.8.2.1
1.6.57063.8.2.1.11.1.15
1.6.57166.8.2.1.2.1
1.6.57196.8.2.1.12
1.6.57419.8.2.1.6.1.2
1.6.57442.8.2.1.5
1.6.57647.8.2.1.2.2.4
1.6.57669.8.2.1.1.1
1.6.57678.8.2.1.22.1.2.1.19
1.6.57865.8.2.1.31.4.13
1.6.58018.8.2.1.4.3.7.7
1.6.58032.8.2.1.1.1.20
1.6.58216.8.2.1.22.7
1.6.58399.8.2.1.26
1.6.58410.8.2.1.16.4.44
1.6.58467.8.2.1.9.3.16.5.21
