1.1.1.8.5.1.4.4.8.5
1.1.1.101.5.1.5.1.6
1.1.1.227.10.1.8.17.14
1.1.1.273.19.2
1.1.1.319.5.1.2
1.1.1.322.10.1.4.3.1
1.1.1.342.50.6.7.12.14.1.2
1.1.1.352.5.1.4
1.1.1.410.5.1.1.4.16.1
1.1.1.456.14.3.38.27.11.1
1.1.1.509.21.1.21.10
1.1.1.573.11.1.4.1
1.1.1.624.5.1
1.1.1.667.3
1.1.1.709.16
1.1.1.732.5.1.1.3.1.1
1.1.1.766.5.1.3
1.1.1.900.14.5
1.1.1.904.5.1.24.15
1.1.1.905.5.1
1.1.1.907.5.1.28
1.1.1.1005.5.1.2.7.18.4.8
1.1.1.1087.9.1.8
1.1.1.1143.16.5.5
1.1.1.1218.5.1.1.1.47
1.1.1.1267.15.1.4.2
1.1.1.1293.14.2
1.1.1.1337.5.1.11
1.1.1.1509.5.1.11.8
1.1.1.1517.13.4.26.15
1.1.1.1638.5.1
1.1.1.1774.5.1.3.1
1.1.1.1787.20.1.18.18
1.1.1.1821.6
1.1.1.2095.5.1.3
1.1.1.2134.11.1.14
1.1.1.2217.13.2.20.1.1.4
1.1.1.2279.31.1.21
1.1.1.2350.14.2.7.6
1.1.1.2362.22.3.10
1.1.1.2426.22.2.30.1.35.3
1.1.1.2440.37.2.20.8.8
1.1.1.2514.9.1.26.3
1.1.1.2520.5.1.18
1.1.1.2544.22.2
1.1.1.2702.5.1.15.3.12
1.1.1.2766.13.2.5
1.1.1.2846.18.3.9.5.10
1.1.1.2887.31.3.21
1.1.1.2910.13.2
1.1.1.2995.31.3
1.1.1.3010.3
1.1.1.3051.5.1
1.1.1.3155.5.1.3.2.20.2
1.1.1.3189.18.1.11.5
1.1.1.3220.5.1.2
1.1.2.3309.3
1.1.2.3393.9.1.10
1.1.2.3491.5.1.2.1.10.7
1.1.2.3501.5.1.24.7.25.2
1.1.2.3518.15.2.17.6.10
1.1.2.3620.8.2.8
1.1.2.3670.5.1.9.1.1
1.1.2.3672.34.2.10.8.2.1.4
1.1.2.3762.5.1.17
1.1.2.3779.10.1.4.2
1.1.2.3781.5.1
1.1.2.3829.35.3.50
1.1.2.3894.5.1.7
1.1.2.3941.17.1.10.3
1.1.2.3976.5.1.36.3
1.1.2.4000.5.1.22.12.21
1.1.2.4010.34.2.4.1
1.1.2.4035.18.2.24.3.12.2
1.1.2.4044.5.1.4.3.7.1.3
1.1.2.4102.24.6.15.2.4.1.19
1.1.2.4157.5.1.3.1.2
1.1.2.4296.5.1.13
1.1.2.4308.5.1.1.24
1.1.2.4321.5.1.22
1.1.2.4324.5.1.1
1.1.2.4364.13.2.15.9.11.9.14
1.1.2.4365.21.2.23.1.8.1
1.1.2.4374.17.2.15
1.1.2.4460.5.1.2.1.10.1
1.1.2.4513.3
1.1.2.4525.31.5.4
1.1.2.4544.5.1
1.1.2.4574.19.4
1.1.2.4606.5.1.3
1.1.2.4627.9.2.10
1.1.2.4652.26.3.27
1.1.2.4715.5.1.1.1.21
1.1.2.4835.15.3.55.1.8.7
1.1.2.4836.5.1.58.4.16.4.16
1.1.2.4864.13.2.16
1.1.2.4937.12.1.6
1.1.2.4993.5.1.2
1.1.2.5008.19.3.18
1.1.2.5028.19.1.8
1.1.2.5173.5.1.8.9.15.5.10
1.1.2.5235.5.1
1.1.2.5371.11.2.4.2
1.1.2.5379.5.1.1.11
1.1.2.5389.22.1.8
1.1.2.5477.10.2.4.3
1.1.2.5515.8.2.22.3
1.1.2.5527.5.1.3.3.11.1
1.1.2.5591.5.1.1.2
1.1.2.5649.5.1
1.1.2.5702.14.2.6.1.1.1
1.1.2.5731.5.1.1.1.1
1.1.2.5810.5.1.1.4.16.1
1.1.2.5875.5.1.30.1.4.3
1.1.2.5964.11.1.4.1
1.1.2.5991.23
1.1.2.6014.17.2.6.6
1.1.2.6057.3
1.1.2.6099.16
1.1.2.6121.10.2.8
1.1.2.6160.14.3.7
1.1.2.6267.5.1.3.2.14
1.1.2.6296.15.2.5.4.1.1.22.3
1.1.2.6393.10.2.4.2
1.1.2.6421.47.3.16.9
1.1.2.6485.9.1.8
1.1.2.6535.16.5.5
1.1.2.6610.5.1.1.1.46
1.1.2.6655.15.1.4.2
1.1.2.6680.14.2
1.1.2.6801.3
1.1.2.6842.3
1.1.2.6880.14.2.5.12.4
1.1.2.6886.13.4.26.15
1.1.2.7007.5.1
1.1.2.7112.9.1.18.3
1.1.2.7158.5.1.3.1
1.1.2.7171.20.1.18.20
1.1.2.7205.6
1.1.2.7482.5.1.3
1.1.2.7522.11.1.14
1.1.2.7605.13.2.20.1.1.4
1.1.2.7705.5.1.21.1.1.3
1.1.2.7750.16.3.8.6
1.1.2.7806.5.1.6.3
1.1.2.7826.22.2.30.1.41.4
1.1.2.7840.37.2.20.8.8
1.1.2.7867.10.1.12
1.1.2.7876.25.2.5.4
1.1.2.7911.9.1.26.3
1.1.2.7917.5.1.18
1.1.2.8105.5.1.15.3.12
1.1.2.8160.20.4.4.3
1.1.2.8176.5.1.8.6
1.1.2.8238.18.3.9.5.10
1.1.2.8279.31.3.21
1.1.2.8404.3
1.1.2.8445.5.1
1.1.2.8549.5.1.3.2.20.2
1.1.2.8619.5.1.7.7
1.1.2.8620.14.1.4.3
1.1.2.8676.51.3
1.1.2.8766.12
1.1.2.8799.9.1.10
1.1.2.8895.5.1.2.1.14.9
1.1.2.8905.5.1.24.7.25.2
1.1.2.8939.15.2.7.12
1.1.2.9026.8.2.8
1.1.2.9048.5.1
1.1.2.9051.5.1.6.8.15.4
1.1.2.9096.75.3.16
1.1.2.9185.5.1.17
1.1.2.9202.10.1.4.2
1.1.2.9204.5.1
1.1.2.9252.35.3.50
1.1.2.9325.17.1.6
1.1.2.9372.5.1.3
1.1.2.9400.5.1.36.3
1.1.2.9433.34.2.4.1
1.1.2.9480.9.1.4.3
1.1.2.9537.24.6.15.2.4.1.9
1.1.2.9591.18.2.16.1.2
1.1.2.9697.5.1.2.25.23.1.3
1.1.2.9724.5.1.3.1.14
1.1.2.9737.5.1.1.32
1.1.2.9792.18.2.5.4.3
1.1.2.9971.5.1
1.1.2.9993.5.1
1.1.2.10021.19.4
1.1.2.10053.5.1.3
1.1.2.10067.10.1.15
1.1.2.10101.5.1.3.3.18
1.1.2.10146.5.1
1.1.2.10177.18.2.15.22
1.1.2.10309.15.3.55.1.8.7
1.1.2.10310.5.1.58.4.16.4.16
1.1.2.10408.12.1.6
1.1.2.10440.5.1.3.5.11.4
1.1.2.10485.31.2.6.1.3.2.14
1.1.2.10487.5.1.3.1.1.1
1.1.2.10507.20.1.12
1.1.2.10510.5.1.3.3.11.3
1.1.2.10553.5.1.1.1.5.2
1.1.2.10554.5.1.2.2.13.3
1.1.2.10653.5.1.8.9.15.5.10
1.1.2.10860.11.2.4.2
1.1.2.10868.5.1.1.11
1.1.2.10878.22.1.8
1.1.2.10966.10.2.4.3
1.1.2.11093.10.1.21.14.8
1.1.2.11191.5.1.2
1.1.2.11194.10.1.4.3.1
1.1.2.11214.50.6.7.12.14.1.2
1.1.2.11224.5.1.4
1.1.2.11452.11.1.4.1
1.1.2.11510.5.1
1.1.2.11553.3
1.1.2.11595.16
1.1.2.11618.5.1.1.3.1.1
1.1.2.11649.15.2.11.1.1.1.10
1.1.2.11744.5.1.3.2.12
1.1.2.11771.11.2.4
1.1.2.11848.5.1.2.7.18.4.8
1.1.2.11967.12.1.4
1.1.2.11988.16.5.5
1.1.2.12062.5.1.1.1.46
1.1.2.12105.15.1.4.2
1.1.2.12130.14.2
1.1.2.12223.5.1
1.1.2.12295.3
1.1.2.12339.5.1.11.8
1.1.2.12347.13.4.26.15
1.1.2.12466.5.1
1.1.2.12561.9.1.20.3
1.1.2.12607.5.1.3.1
1.1.2.12620.20.1.18.20
1.1.2.12652.6
1.1.2.12715.5.1.10.1.9
1.1.2.12772.12
1.1.2.12835.22.2.8.5.15.4
1.1.2.12840.3
1.1.2.12879.8.2.9
1.1.2.12903.5.1.1.1.6
1.1.2.12942.11.1.14
1.1.2.13090.5.1.6.1
1.1.2.13138.5.1.6.3
1.1.2.13164.5.1.17
1.1.2.13240.22.2.30.1.24.2
1.1.2.13254.37.2.20.8.8
1.1.2.13334.9.1.26.3
1.1.2.13337.23.1.8.8
1.1.2.13482.5.1.15.3.12
1.1.2.13547.13.2.5
1.1.2.13565.5.1.8.6
1.1.2.13626.18.3.9.5.10
1.1.2.13667.31.3.21
1.1.2.13734.5.1
1.1.2.13802.3
1.1.2.13843.5.1
1.1.2.13947.5.1.3.2.20.2
1.1.2.14010.19.1.10.6
1.1.2.14023.5.1.1.1
1.1.2.14064.5.1.1.3.2.2.11
1.1.2.14108.18.2
1.1.2.14186.9.1.10
1.1.2.14280.5.1.2.1.14.9
1.1.2.14290.5.1.24.7.25.2
1.1.2.14307.15.2.17.6.10
1.1.2.14418.17.3.10.5
1.1.2.14436.5.1
1.1.2.14439.5.1.6.8.15.4
1.1.2.14487.30.2.4.8
1.1.2.14580.5.1.17
1.1.2.14601.5.1.1
1.1.2.14646.35.3.50
1.1.2.14741.5.1.3
1.1.2.14769.5.1.36.3
1.1.2.14793.5.1.22.12.21
1.1.2.14803.34.2.4.1
1.1.2.14850.9.1.4.3
1.1.2.14911.5.1.2
1.1.2.14968.3
1.1.2.14971.5.1.2.1.1.5
1.1.2.15107.5.1.21
1.1.2.15119.5.1.1.24
1.1.2.15174.18.2.5.4.3
1.1.2.15264.5.1.2.1.10.1
1.1.3.15350.48.5.4
1.1.3.15369.5.1
1.1.3.15397.19.4
1.1.3.15434.5.1.4.12.10.3.8
1.1.3.15449.10.1.8
1.1.3.15483.5.1.3.3.18
1.1.3.15503.5.1
1.1.3.15525.5.1
1.1.3.15556.18.2.15.22
1.1.3.15720.10.4.8.3
1.1.3.15790.12.1.6
1.1.3.15814.5.1.2.1.60
1.1.3.15841.5.1.3
1.1.3.15880.3
1.1.3.15926.5.1.1.1.5.2
1.1.3.15927.5.1.2.2.13.3
1.1.3.16020.5.1.8.9.15.5.10
1.1.3.16154.13.4.9
1.1.3.16205.5.1.13.4.18
1.1.3.16217.9.1.6
1.1.3.16303.5.1.5.1.6
1.1.3.16430.10.1.8.17.14
1.1.3.16528.5.1.2
1.1.3.16531.10.1.4.3.1
1.1.3.16555.13.1.7.4
1.1.3.16568.5.1.1
1.1.3.16697.25.2.14.1.3.3
1.1.3.16711.5.1.3.1
1.1.3.16833.5.1
1.1.3.16945.5.1.1.3.1.1
1.1.3.16979.5.1.3
1.1.3.17106.5.1.2.1.1.7.16
1.1.3.17198.10.2.4.2
1.1.3.17279.5.1.5.3
1.1.3.17324.16.5.5
1.1.3.17448.15.1.4.2
1.1.3.17473.14.2
1.1.3.17517.5.1.11
1.1.3.17699.5.1.11.8
1.1.3.17710.5.1.2.2.20
1.1.3.17823.3
1.1.3.17839.13.2
1.1.3.17918.14.3.5.17
1.1.3.17963.5.1.3.1
1.1.3.17976.20.1.18.20
1.1.3.18010.6
1.1.3.18073.5.1.10.1.9
1.1.3.18342.11.1.14
1.1.3.18425.13.2.20.1.1.4
1.1.3.18487.31.1.21
1.1.3.18567.16.3.8.6
1.1.3.18623.5.1.6.3
1.1.3.18643.22.2.30.1.41.4
1.1.3.18657.37.2.20.8.8
1.1.3.18704.10.1.20
1.1.3.18743.16.1.4.1
1.1.3.18747.23.1.8.8
1.1.3.18900.5.1.15.3.12
1.1.3.18984.5.1.8.6
1.1.3.19045.18.3.9.5.10
1.1.3.19086.31.3.21
1.1.3.19109.13.2
1.1.3.19148.5.1
1.1.3.19192.31.3
1.1.3.19207.3
1.1.3.19248.5.1
1.1.3.19352.5.1.3.2.20.2
1.1.3.19394.5.1.3.23
1.1.3.19406.5.1
1.1.3.19440.5.1.2
1.1.3.19625.9.1.10
1.1.3.19720.5.1.4.5
1.1.3.19730.5.1.24.7.25.2
1.1.3.19770.5.1.2.6.24
1.1.3.19770.10.1.4.1
1.1.3.19855.8.2.8
1.1.3.19877.5.1
1.1.3.19880.5.1.6.8.15.4
1.1.3.19921.5.1.9.1.1
1.1.3.19923.34.2.10.8.2.1.4
1.1.3.20010.5.1.17
1.1.3.20027.10.1.4.2
1.1.3.20029.5.1
1.1.3.20077.35.3.50
1.1.3.20168.5.1.32.1
1.1.3.20171.5.1.3
1.1.3.20199.5.1.36.3
1.1.3.20281.9.1.4.3
1.1.3.20350.5.1.2
1.1.3.20545.5.1.1.3.4.1.15
1.1.3.20572.5.1.21
1.1.3.20584.5.1.1.24
1.1.3.20590.26.5.6.13.8.4.15
1.1.3.20630.13.2.15.9.11.9.14
1.1.3.20631.21.2.23.1.8.1
1.1.3.20640.17.2.15
1.1.3.20723.5.1.2.1.10.1
1.1.3.20815.5.1
1.1.3.20837.5.1
1.1.3.20865.19.4
1.1.3.20897.5.1.3
1.1.3.20916.9.2.10
1.1.3.20942.26.3.27
1.1.3.20978.5.1.1
1.1.3.20983.5.1.16.6
1.1.3.21015.18.2.15.22
1.1.3.21047.5.1.4.1
1.1.3.21152.15.3.21.1.7.4
1.1.3.21153.5.1.24.4.15.4.16
1.1.3.21254.12.1.6
1.1.3.21282.5.1.2.1.2
1.1.3.21322.12.1.6
1.1.3.21327.5.1.3.3.6.2
1.1.3.21394.5.1.1.1.5.2
1.1.3.21395.5.1.2.2.13.3
1.1.3.21490.5.1.8.9.15.5.10
1.1.3.21625.13.4.9
1.1.3.21631.5.1.3.2.3
1.1.3.21683.5.1.4.4.8.5
1.1.3.21776.5.1.5.1.6
1.1.3.21902.5.1.1.2
1.1.3.21993.5.1.2
1.1.3.21996.10.1.4.3.1
1.1.3.22022.5.1.1.1.1
1.1.3.22183.25.1.15
1.1.3.22195.13.7.21.13.25
1.1.3.22310.5.1
1.1.3.22353.3
1.1.3.22395.16
1.1.3.22418.5.1.1.3.1.1
1.1.3.22452.5.1.3
1.1.3.22544.33.1.13
1.1.3.22579.5.1.6.4
1.1.3.22580.5.1
1.1.3.22582.5.1.10
1.1.3.22636.17.2.4
1.1.3.22668.5.1.2.7.18.4.12
1.1.3.22695.22.3.16.9
1.1.3.22760.9.1.8
1.1.3.22798.5.1.2.6.2.1
1.1.3.22836.16.5.5
1.1.3.22914.5.1.1.1.47
1.1.3.22941.5.1
1.1.3.23036.5.1.11
1.1.3.23076.5.1
1.1.3.23212.5.1.11.8
1.1.3.23223.5.1.2.2.20
1.1.3.23337.3
1.1.3.23703.22.2.8.5.15.4
1.1.3.23708.3
1.1.3.23787.5.1.3
1.1.3.23827.11.1.14
1.1.3.23968.31.1.21
1.1.3.24039.14.2.7.6
1.1.3.24051.22.3.10
1.1.3.24115.22.2.30.1.35.3
1.1.3.24129.37.2.20.8.8
1.1.3.24156.10.1.12
1.1.3.24214.16.1.4.1
1.1.3.24218.23.1.8.11
1.1.3.24238.27.2
1.1.3.24381.5.1.15.3.17
1.1.3.24463.5.1.8.6
1.1.3.24523.18.3.9.5.10
1.1.3.24564.31.3.21
1.1.3.24811.5.1
1.1.3.24899.25.2.18.1.5.1.2
1.1.3.24940.54.2.27
1.1.3.24992.18.2
1.1.3.25073.5.1.3.5
1.1.3.25171.5.1.2.1.14.9
1.1.3.25181.5.1.24.7.25.2
1.1.3.25200.12
1.1.3.25222.28.2.11.47
1.1.3.25309.8.2.8
1.1.3.25331.5.1
1.1.3.25334.5.1.6.8.15.4
1.1.3.25375.5.1.9.1.1
1.1.3.25377.34.2.10.8.2.1.4
1.1.3.25460.5.1.17
1.1.3.25476.10.1.4.2
1.1.3.25478.5.1
1.1.3.25526.35.3.50
1.1.3.25625.5.1.3
1.1.3.25653.5.1.36.3
1.1.3.25735.9.1.4.3
1.1.3.25792.24.6.15.2.4.1.9
1.1.3.25849.18.2.16.1.2
1.1.3.25954.24.3.4.2.17
1.1.3.25960.22.2.26.33.27
1.1.3.25986.5.1.13
1.1.3.25998.5.1.1.24
1.1.3.26004.26.5.6.13.8.4.28
1.1.3.26048.13.2.15.8.9.3.11
1.1.3.26049.21.2.23.1.8.1
1.1.3.26058.17.2.15
1.1.3.26125.5.1.2.1.10.1
1.1.3.26217.5.1
1.1.3.26239.5.1
1.1.3.26267.19.4
1.1.3.26304.5.1.4.12.10.3.8
1.1.3.26319.10.1.15
1.1.3.26326.32.3.12.2.12
1.1.3.26350.9.1.5.9
1.1.3.26368.28.1.4
1.1.3.26391.5.1.16
1.1.3.26430.18.2.15.22
1.1.3.26594.10.4.8.3
1.1.3.26664.12.1.6
1.1.3.26727.12.1.6
1.1.3.26732.5.1.3.3.6.2
1.1.3.27085.11.2.4.2
1.1.3.27180.10.2.4.3
1.1.3.27280.5.1
1.1.3.27315.5.1.14.1.1.1.4.3
1.1.3.27362.19.2
1.1.3.27418.14.2.6.1.1.1
1.1.3.27447.5.1.1.1.1
1.1.3.27614.25.1.15
1.1.3.27626.13.7.21.13.25
1.1.3.27692.11.1.4.1
1.1.3.27790.3
1.1.3.27832.16
1.1.3.27854.10.2.8
1.1.3.27890.5.1.2.2.10
1.1.3.28019.5.1.2.1.1.7.16
1.1.3.28059.6
1.1.3.28084.5.1
1.1.3.28189.9.1.8
1.1.3.28227.5.1.2.6.2.1
1.1.3.28256.16.5.5
1.1.3.28331.5.1.1.1.46
1.1.3.28384.15.1.4.2
1.1.3.28409.14.2
1.1.3.28489.16.2.6
1.1.4.126.5.1.11.8
1.1.4.137.5.1.2.2.20
1.1.4.254.5.1
1.1.4.356.14.3.5.51
1.1.4.395.5.1
1.1.4.406.20.1.18.20
1.1.4.438.6
1.1.4.628.22.2.8.5.15.4
1.1.4.633.3
1.1.4.709.5.1.3
1.1.4.741.11.1.14
1.1.4.819.13.2.20.1.1.4
1.1.4.881.31.1.21
1.1.4.952.14.2.7.6
1.1.4.964.22.3.10
1.1.4.1028.22.2.30.1.35.3
1.1.4.1042.37.2.20.8.8
1.1.4.1136.5.1.3
1.1.4.1397.5.1.8.6
1.1.4.1460.18.3.9.5.10
1.1.4.1501.31.3.21
1.1.4.1527.13.2
1.1.4.1617.31.3
1.1.4.1632.3
1.1.4.1673.5.1
1.1.4.1779.5.1.3.2.20.2
1.1.4.1815.5.1.2.13.25
1.1.4.1845.5.1.7.7
1.1.4.1846.14.1.4.3
1.1.4.1902.51.3
1.1.4.1939.18.2
1.1.4.2020.9.1.10
1.1.4.2119.5.1.2.1.14.9
1.1.4.2129.5.1.24.7.25.2
1.1.4.2161.39.3.8.2
1.1.4.2251.17.3.10.5
1.1.4.2269.5.1
1.1.4.2272.5.1.6.8.15.4
1.1.4.2313.5.1.9.1.1
1.1.4.2315.34.2.10.8.2.1.4
1.1.4.2401.5.1.17
1.1.4.2421.5.1.1
1.1.4.2582.5.1.3
1.1.4.2611.43.1.24.11.18
1.1.4.2642.5.1
1.1.4.2648.34.2.4.1
1.1.4.2695.9.1.4.3
1.1.4.2762.5.1.2
1.1.4.2975.5.1.21
1.1.4.2987.5.1.1.24
1.1.4.2993.26.5.6.13.8.4.15
1.1.4.3037.13.2.15.8.9.3.11
1.1.4.3038.21.2.23.1.8.1
1.1.4.3047.17.2.15
1.1.4.3127.13.3.5.6
1.1.4.3173.3
1.1.4.3185.31.5.4
1.1.4.3204.5.1
1.1.4.3234.19.4
1.1.4.3265.5.1.13.5.20.3.3
1.1.4.3283.10.1.8
1.1.4.3290.32.3.12.2.9.3.6
1.1.4.3292.5.1.14.2
1.1.4.3313.26.3.27
1.1.4.3409.13.2.12.15
1.1.4.3547.10.4.8.3
1.1.4.3625.5.1.5
1.1.4.3644.9.1.6
1.1.4.3667.5.1.3.3
1.1.4.3684.5.1.3
1.1.4.3701.31.2.6.1.3.2.18
1.1.4.3703.5.1.3.1.1.1
1.1.4.3723.14.2.10.1
1.1.4.3726.5.1.2.1.3.2.9
1.1.4.3868.5.1.8.9.15.5.10
1.1.4.3929.5.1
1.1.4.4062.11.2.4.2
1.1.4.4070.5.1.1.11
1.1.4.4080.22.1.8
1.1.4.4161.5.1.5.1.6
1.1.4.4289.10.1.8.17.20
1.1.4.4388.14.2.6.1.1.1
1.1.4.4432.5.1.9
1.1.4.4504.5.1.1.4.16.1
1.1.4.4759.3
1.1.4.4801.16
1.1.4.4824.5.1.1.3.1.1
1.1.4.4858.5.1.3
1.1.4.4943.5.1.3.2.14
1.1.4.4972.15.2.5.4.1.1.22.3
1.1.4.5021.17.2.4
1.1.4.5043.5.1
1.1.4.5148.9.1.8
1.1.4.5208.16.5.5
1.1.4.5314.5.1
1.1.4.5539.3
1.1.4.5583.5.1.11.8
1.1.4.5591.13.4.26.15
1.1.4.5739.5.1.12.5.12.5.9
1.1.4.5826.14.3.5.20
1.1.4.5873.5.1.3.1
1.1.4.5886.20.1.18.20
1.1.4.6177.5.1.3
1.1.4.6209.11.1.14
1.1.4.6373.17.4.6.1.6
1.1.4.6414.5.1.17
1.1.4.6487.22.2.30.1.35.3
1.1.4.6501.37.2.20.8.8
1.1.4.6585.16.1.4.1
1.1.4.6589.23.1.8.11
1.1.4.6607.22.2
1.1.4.6760.5.1.15.3.12
1.1.4.6802.22
1.1.4.6913.18.3.9.5.10
1.1.4.6951.5.1.1.1.3
1.1.4.7181.5.1.2.1
1.1.4.7213.15.1.19.7
1.1.4.7219.5.1.3.2.35.2
1.1.4.7283.5.1.7.7
1.1.4.7284.14.1.4.3
1.1.4.7339.25.2.16
1.1.4.7367.18.2
1.1.4.7450.5.1.3.5
1.1.4.7542.5.1.4.5
1.1.4.7552.5.1.24.7.25.2
1.1.4.7571.3
1.1.4.7585.10.2.8.11
1.1.4.7682.5.1
1.1.4.7685.5.1.6.8.15.4
1.1.4.7722.5.1.9.1.1
1.1.4.7724.34.2.10.8.2.1.4
1.1.4.7804.14.4
1.1.4.7820.16.2
1.1.4.7869.35.3.50
1.1.4.7935.11.1.4
1.1.4.7980.6
1.1.4.8015.12.1.9.18.51
1.1.4.8067.32.2.4.1
1.1.4.8093.18.2.24.3.12.2
1.1.4.8102.5.1.4.3.7.1.3
1.1.4.8160.5.1.2
1.1.4.8216.5.1.3.1.2
1.1.4.8317.24.3.4.2.17
1.1.4.8323.22.2.26.1.1
1.1.4.8356.10.1.4.5
1.1.4.8383.35.5.6.13.6.1.16
1.1.4.8428.18.2.5.4.3
1.1.4.8529.5.1.2.1.10.1
1.1.4.8582.3
1.1.4.8594.31.5.4
1.1.4.8613.5.1
1.1.4.8641.19.4
1.1.4.8674.5.1.4.12.10.3.47
1.1.4.8697.5.1.20
1.1.4.8724.5.1.3.3.18
1.1.4.8767.5.1.4.2
1.1.4.8795.22.2.13.9
1.1.4.8923.15.3.21.1.7.4
1.1.4.8924.5.1.24.4.15.4.16
1.1.4.9029.12.1.6
1.1.4.9061.5.1.3.5.11.4
1.1.4.9106.19.3.18
1.1.4.9123.5.1.1.1
1.1.4.9124.20.3.4
1.1.4.9277.5.1.8.9.15.5.10
1.1.4.9416.13.4.9
1.1.4.9474.5.1.4.4.8.5
1.1.4.9475.5.1.4.1
1.1.4.9571.10.2.4.3
1.1.4.9609.8.2.22.3
1.1.4.9622.5.1.3.3.20.1
1.1.4.9686.10.1.8.17.14
1.1.4.9779.5.1.2
1.1.4.9782.10.1.4.3.1
1.1.4.9808.5.1.1.1.1
1.1.4.9889.5.1.1.4.16.1
1.1.4.9970.10.1.6.4
1.1.4.10034.11.1.4.1
1.1.4.10085.5.1
1.1.4.10191.5.1.1.3.1.1
1.1.4.10225.5.1.3
1.1.4.10311.5.1.3.2.14
1.1.4.10338.11.2.4
1.1.4.10409.5.1.2.7.18.4.8
1.1.4.10491.9.1.8
1.1.4.10557.16.5.5
1.1.4.10640.5.1.1.1.46
1.1.4.10688.15.1.4.2
1.1.4.10713.14.2
1.1.4.10757.5.1.11
1.1.4.10842.3
1.1.4.10883.3
1.1.4.10933.14.2.5.5.19
1.1.4.10942.5.1.2.2.18
1.1.4.11063.5.1
1.1.4.11079.13.2
1.1.4.11158.14.3.5.20
1.1.4.11208.23.2
1.1.4.11542.5.1.3
1.1.4.11574.11.1.14
1.1.4.11657.13.2.20.1.1.4
1.1.4.11719.31.1.21
1.1.4.11790.14.2.7.6
1.1.4.11802.22.3.10
1.1.4.12077.11.1.6
1.1.4.12187.35.4.4.3
1.1.4.12203.5.1.8.6
1.1.4.12264.18.3.9.5.10
1.1.4.12305.31.3.21
1.1.4.12421.31.3
1.1.4.12436.3
1.1.4.12477.5.1
1.1.4.12566.5.1
1.1.4.12611.5.1
1.1.4.12616.5.1.3.4
1.1.4.12628.5.1
1.1.4.12651.5.1.7.7
1.1.4.12652.14.1.4.3
1.1.4.12708.51.3
1.1.4.12745.18.2
1.1.4.12826.9.1.10
1.1.4.12917.5.1.2.1.10.7
1.1.4.12927.5.1.24.7.25.2
1.1.4.12961.15.2.7.12
1.1.4.13048.8.2.8
1.1.4.13100.75.3.16
1.1.4.13189.5.1.17
1.1.4.13205.10.1.4.2
1.1.4.13207.5.1
1.1.4.13255.35.3.50
1.1.4.13319.17.1.6
1.1.4.13351.5.1.32.1
1.1.4.13354.5.1.3
1.1.4.13382.5.1.36.3
1.1.4.13406.5.1.22.12.21
1.1.4.13416.34.2.4.1
1.1.4.13440.18.2.24.3.12.2
1.1.4.13449.5.1.4.3.7.1.3
1.1.4.13510.5.1.2
1.1.4.13706.5.1.1.3.4.1.15
1.1.4.13730.5.1.13
1.1.4.13742.5.1.1.24
1.1.4.13798.5.1.9
1.1.4.13819.5.1.1.1
1.1.4.13976.48.5.4
1.1.4.13995.5.1
1.1.4.14025.19.4
1.1.4.14057.5.1.3
1.1.4.14067.10.1.8
1.1.4.14074.32.3.12.2.12
1.1.4.14098.9.1.5.9
1.1.4.14171.18.2.15.22
1.1.4.14332.10.4.8.3
1.1.4.14408.5.1.12.2.31.5.15
1.1.4.14427.26.3.9
1.1.4.14454.5.1.3
1.1.4.14471.31.2.6.1.3.2.18
1.1.4.14473.5.1.3.1.1.1
1.1.4.14493.20.1.12
1.1.4.14501.5.1.3.1
1.1.4.14711.5.1
1.1.4.14849.11.2.4.2
1.1.4.14857.5.1.1.11
1.1.4.14867.22.1.8
1.1.4.14954.10.2.4.3
1.1.4.15081.10.1.21.14.8
1.1.4.15179.5.1.2
1.1.4.15182.10.1.4.3.1
1.1.4.15202.50.6.7.12.14.1.2
1.1.4.15212.5.1.4
1.1.4.15310.14.3.38.27.11.1
1.1.4.15358.21.1.21.10
1.1.4.15472.5.1
1.1.4.15515.3
1.1.4.15557.16
1.1.4.15580.5.1.1.3.1.1
1.1.4.15614.5.1.3
1.1.4.15714.33.1.13
1.1.4.15745.11.2.4
1.1.4.15819.5.1
1.1.4.15859.22.3.16.9
1.1.4.15968.16.5.5
1.1.4.16037.18.1.18.7
1.1.4.16084.15.1.4.2
1.1.4.16110.14.2
1.1.4.16153.5.1.11
1.1.4.16196.16.2.6
1.1.4.16258.24.1.10.4
1.1.4.16305.5.1.11.8
1.1.4.16316.5.1.2.2.20
1.1.4.16435.5.1
1.1.4.16451.13.2
1.1.4.16528.9.1.12.3
1.1.4.16578.5.1.3.1
1.1.4.16591.20.1.18.18
1.1.4.16680.5.1.10.1.9
1.1.4.16897.5.1.3
1.1.4.16929.11.1.14
1.1.4.17094.17.4.6.1.6
1.1.4.17135.5.1.17
1.1.4.17189.5.1.6.3
1.1.4.17209.22.2.30.1.41.4
1.1.4.17223.37.2.20.8.8
1.1.4.17309.16.1.4.1
1.1.4.17313.57.1.4.5
1.1.4.17476.5.1.15.3.12
1.1.4.17527.18.3.11.27.7.2
1.1.4.17534.13.2.5
1.1.4.17631.18.3.9.5.10
1.1.4.17672.31.3.21
1.1.4.17731.5.1
1.1.4.17796.3
1.1.4.17837.5.1
1.1.4.17941.5.1.3.2.20.2
1.1.4.18013.25.2.18.1.5.1.2
1.1.4.18106.18.2
1.1.4.18188.9.1.10
1.1.4.18282.5.1.2.1.14.9
1.1.4.18292.5.1.24.7.25.2
1.1.4.18414.8.2.8
1.1.4.18469.5.1.9.1.1
1.1.4.18471.34.2.10.8.2.1.4
1.1.4.18554.5.1.17
1.1.4.18570.10.1.4.2
1.1.4.18572.5.1
1.1.4.18695.11.1.4
1.1.4.18740.5.1.3
1.1.4.18769.43.1.24.11.18
1.1.4.18799.5.1
1.1.4.18805.34.2.4.1
1.1.4.18829.18.2.24.3.12.2
1.1.4.18838.5.1.4.3.7.1.3
1.1.4.18890.24.6.15.2.4.1.9
1.1.4.18946.5.1.3.1.2
1.1.4.19090.5.1.21
1.1.4.19102.5.1.1.24
1.1.4.19159.5.1.9
1.1.4.19241.5.1.2.1.10.1
1.1.4.19328.48.5.4
1.1.4.19347.5.1
1.1.4.19375.19.4
1.1.4.19412.5.1.4.12.10.3.8
1.1.4.19431.9.2.10
1.1.4.19455.26.3.27
1.1.4.19527.5.1.1.1.21
1.1.4.19683.10.4.8.3
1.1.4.19766.5.1.5
1.1.4.19782.9.1.6
1.1.4.19831.5.1.2
1.1.4.19868.3
1.1.4.19914.5.1.1.1.5.2
1.1.4.19915.5.1.2.2.13.3
1.1.4.19950.31.2
1.1.4.20013.5.1.8.9.15.5.10
1.1.4.20216.11.2.4.2
1.1.4.20238.15.2.8.1.2.5
1.1.4.20306.5.1.5.1.6
1.1.4.20434.5.1.16.1.1.1.4.1
1.1.4.20527.17.2.31.5
1.1.4.20532.18.1.4.5.5
1.1.4.20560.5.1.1.1.1
1.1.4.20686.14.3.38.27.11.1
1.1.4.20738.21.1.21.10
1.1.4.20790.15.2.6.3
1.1.4.20796.20.2.8.6
1.1.4.20847.5.1
1.1.4.20958.5.1.1.3.1.1
1.1.4.20992.5.1.3
1.1.4.21096.5.1.3.2.14
1.1.4.21123.11.2.4
1.1.4.21201.5.1.2.3.8
1.1.4.21236.22.3.16.9
1.1.4.21301.9.1.8
1.1.4.21339.5.1.2.6.2.1
1.1.4.21368.16.5.5
1.1.4.21440.18.1.18.7
1.1.4.21487.15.1.4.2
1.1.4.21512.14.2
1.1.4.21556.5.1.11
1.1.4.21607.5.1
1.1.4.21685.3
1.1.4.21723.14.2.5.12.4
1.1.4.21729.13.4.26.15
1.1.4.21877.5.1.12.5.12.5.9
1.1.4.21906.10.3.4
1.1.4.21966.9.1.20.3
1.1.4.22012.5.1.3.1
1.1.4.22025.20.1.18.20
1.1.4.22115.5.1.10.1.9
1.1.4.22333.5.1.3
1.1.4.22353.5.1.2.1.21.8
1.1.4.22374.11.1.14
1.1.4.22457.13.2.20.1.1.4
1.1.4.22552.17.4.6.1.6
1.1.4.22593.5.1.17
1.1.4.22669.22.2.30.1.24.2
1.1.4.22732.10.1.20
1.1.4.22771.16.1.4.1
1.1.4.22775.23.1.8.8
1.1.4.22795.27.2
1.1.4.23090.18.3.9.5.10
1.1.4.23131.31.3.21
1.1.4.23154.13.2
1.1.4.23231.14.2.6.3
1.1.4.23278.5.1
1.1.4.23382.5.1.3.2.20.2
1.1.4.23452.5.1.7.7
1.1.4.23453.14.1.4.3
1.1.4.23509.51.3
1.1.4.23599.12
1.1.4.23632.9.1.10
1.1.4.23725.5.1.2.1.10.7
1.1.4.23735.5.1.24.7.25.2
1.1.4.23752.15.2.17.6.10
1.1.4.23854.8.2.8
1.1.4.23903.75.3.16
1.1.4.23990.14.4
1.1.4.24006.16.2
1.1.4.24055.35.3.50
1.1.4.24146.5.1.32.1
1.1.4.24149.5.1.3
1.1.4.24177.5.1.36.3
1.1.4.24259.9.1.4.3
1.1.4.24322.5.1.2
1.1.4.24379.18.2.8.1.2
1.1.4.24524.23.2.24.18.14.3
1.1.4.24528.5.1.7.2.3
1.1.4.24542.13.1.7.7
1.1.4.24588.18.2.5.4.3
1.1.4.24695.5.1.2.1.7.1
1.1.4.24787.5.1
1.1.4.24809.5.1
1.1.4.24837.19.4
1.1.4.24870.5.1.4.12.10.3.47
1.1.4.24898.5.1.6
1.1.4.24923.26.3.27
1.1.4.24965.5.1.4.2
1.1.4.25017.13.2.12.15
1.1.4.25124.15.3.21.1.7.4
1.1.4.25125.5.1.24.4.15.4.16
1.1.4.25230.12.1.6
1.1.4.25258.5.1.2.1.2
1.1.4.25289.5.1.2.1.2
1.1.4.25321.17.4
1.1.4.25334.5.1.3.1
1.1.4.25464.5.1.8.9.15.5.10
1.1.4.25630.5.1.2.1.20.2.13
1.1.4.25665.11.2.4.2
1.1.4.25756.10.2.4.3
1.1.4.25889.5.1.8.1.1.1.4.1
1.1.4.25985.27.3.15.5
1.1.4.25985.31.1.22.6
1.1.4.25993.11.1.46.15.58
1.1.4.26024.5.1.1.1.1
1.1.4.26143.14.3.38.27.11.1
1.1.4.26171.5.1.30.1.22.4
1.1.4.26188.5.1.4.5
1.1.4.26202.10.1.6.4
1.1.4.26269.11.1.4.1
1.1.4.26370.3
1.1.4.26413.16
1.1.4.26436.5.1.1.3.1.1
1.1.4.26470.5.1.3
1.1.4.26609.5.1.2.1.1.7.16
1.1.4.26653.17.2.4
1.1.4.26675.5.1
1.1.4.26780.9.1.8
1.1.4.26813.12.1.4
1.1.4.26836.16.5.5
1.1.4.26942.5.1
1.1.4.26990.14.2
1.1.4.27084.5.1
1.1.4.27166.3
1.1.4.27214.5.1.11.8
1.1.4.27225.5.1.2.2.20
1.1.4.27462.9.1.20.3
1.1.4.27508.5.1.3.1
1.1.4.27521.20.1.18.20
1.1.4.27611.5.1.10.1.9
1.1.4.27838.5.1.3
1.1.4.27878.11.1.14
1.1.4.28055.5.1.6.3
1.1.4.28081.5.1.17
1.1.4.28135.5.1.6.3
1.1.4.28155.22.2.30.1.41.4
1.1.4.28169.37.2.20.8.8
1.1.4.28242.12.1.11.11
1.1.4.28247.33.2.32.1.63.1.13
1.1.4.28266.11.1.9
1.1.4.28414.5.1.15.3.12
1.1.4.28478.13.2.5
1.1.4.28496.5.1.8.6
1.1.4.28557.18.3.9.5.10
1.1.4.28598.31.3.21
1.1.4.28621.13.2
1.1.4.28724.3
1.1.4.28765.5.1
1.1.4.28847.5.1
1.1.4.28897.5.1.2.13.33
1.1.4.28933.5.1.2
1.1.4.29020.18.2
1.1.4.29096.9.1.10
1.1.4.29098.5.1.3.3
1.1.4.29197.5.1.2.1.10.7
1.1.4.29207.5.1.24.7.25.2
1.1.4.29242.10.2.8.11
1.1.4.29337.5.1
1.1.4.29340.5.1.6.8.15.4
1.1.4.29386.5.1.9.1.1
1.1.4.29388.34.2.10.8.2.1.4
1.1.4.29480.5.1.17
1.1.4.29497.10.1.4.2
1.1.4.29499.5.1
1.1.4.29547.35.3.50
1.1.4.29612.11.1.4
1.1.4.29651.5.1.3
1.1.4.29680.43.1.24.11.18
1.1.4.29718.34.2.4.1
1.1.4.29742.18.2.24.3.12.2
1.1.4.29751.5.1.4.3.7.1.3
1.1.4.29809.24.6.15.2.4.1.19
1.1.4.29868.5.1.3.1.2
1.1.4.29992.5.1.5
1.1.4.30017.5.1.13
1.1.4.30029.5.1.1.25
1.1.4.30088.18.2.5.4.3
1.1.4.30266.48.5.4
1.1.4.30285.5.1
1.1.4.30313.19.4
1.1.4.30344.5.1.13.5.20.3.3
1.1.4.30362.10.1.8
1.1.4.30369.32.3.12.2.12
1.1.4.30393.9.1.5.9
1.1.4.30427.5.1.2.1.1.1.39
1.1.4.30465.18.2.15.22
1.1.4.30595.15.3.55.1.8.7
1.1.4.30596.5.1.58.4.16.4.16
1.1.4.30694.5.1.5
1.1.4.30713.9.1.6
1.1.4.30736.5.1.3.3
1.1.4.30753.5.1.3
1.1.4.30792.3
1.1.4.30846.5.1.1.1.5.2
1.1.4.30847.5.1.2.2.13.3
1.1.4.31153.5.1.13.4.18
1.1.4.31165.9.1.6
1.1.4.31252.5.1.5.1.6
1.1.4.31378.10.1.8.17.14
1.1.4.31470.5.1.2
1.1.4.31473.10.1.4.3.1
1.1.4.31493.50.6.7.12.14.1.2
1.1.4.31503.5.1.4
1.1.4.31606.14.3.38.27.11.1
1.1.4.31654.21.1.21.10
1.1.4.31718.11.1.4.1
1.1.4.31745.23
1.1.4.31768.17.2.6.6
1.1.4.31813.3
1.1.4.31855.16
1.1.4.31878.5.1.1.3.1.1
1.1.4.31912.5.1.3
1.1.4.32030.5.1.6.7
1.1.4.32031.5.1
1.1.4.32033.5.1.10
1.1.4.32131.5.1.2.7.18.4.8
1.1.4.32223.9.1.8
1.1.4.32274.16.5.5
1.1.4.32355.5.1.1.1.46
1.1.4.32391.15.1.4.2
1.1.4.32416.14.2
1.1.4.32459.5.1.11
1.1.4.32592.3
1.1.4.32630.14.2.5.12.4
1.1.4.32636.13.4.26.15
1.1.4.32749.5.1
1.1.4.32765.13.2
1.1.4.32873.10.1.9.1
1.1.4.32897.20.1.18.17
1.1.4.32931.6
1.1.4.32994.5.1.10.1.9
1.1.4.33217.5.1.3
1.1.4.33249.11.1.14
1.1.4.33333.13.2.20.1.1.4
1.1.4.33475.14.2.7.6
1.1.4.33487.22.3.10
1.1.4.33558.5.1.16.4
1.1.4.33627.12.1.11.11
1.1.4.33760.11.1.6
1.1.4.33810.5.1.15.3.12
1.1.4.33960.18.3.9.5.10
1.1.4.34001.31.3.21
1.1.4.34027.13.2
1.1.4.34114.31.3
1.1.4.34129.3
1.1.4.34170.5.1
1.1.4.34348.25.2.18.1.5.1.2
1.1.4.34440.18.2
1.1.4.34525.5.1.3.5
1.1.4.34617.5.1.2.1.10.7
1.1.4.34627.5.1.24.7.25.2
1.1.4.34644.15.2.17.6.10
1.1.4.34746.8.2.8
1.1.4.34768.5.1
1.1.4.34771.5.1.6.8.15.4
1.1.4.34819.30.2.4.8
1.1.4.34913.5.1.17
1.1.4.34973.35.3.50
1.1.4.35066.5.1.3
1.1.4.35094.5.1.36.3
1.1.4.35145.14.1.5
1.1.4.35177.9.1.4.3
1.1.4.35243.5.1.2
1.1.4.35435.5.1.1.3.4.1.9
1.1.4.35459.5.1.13
1.1.4.35471.5.1.1.24
1.1.4.35526.18.2.5.4.3
1.1.4.35698.5.1
1.1.4.35720.5.1
1.1.4.35748.19.4
1.1.4.35779.5.1.13.5.20.3.3
1.1.4.35832.9.1.5.9
1.1.4.35875.5.1.16
1.1.4.35914.18.2.15.22
1.1.5.36051.15.3.21.1.7.4
1.1.5.36052.5.1.24.4.15.4.16
1.1.5.36152.12.1.6
1.1.5.36184.5.1.3.5.11.4
1.1.5.36229.31.2.6.1.3.2.14
1.1.5.36231.5.1.3.1.1.1
1.1.5.36251.20.1.12
1.1.5.36259.5.1.3.1
1.1.5.36405.5.1.8.9.15.5.10
1.1.5.36541.13.4.9
1.1.5.36596.11.2.4.2
1.1.5.36695.5.1.5.1.6
1.1.5.36821.5.1.1.2
1.1.5.36922.14.2.6.1.1.1
1.1.5.36966.5.1.9
1.1.5.37083.14.3.38.27.11.1
1.1.5.37111.5.1.30.1.22.4
1.1.5.37138.21.1.21.10
1.1.5.37202.11.1.4.1
1.1.5.37260.5.1
1.1.5.37303.3
1.1.5.37345.16
1.1.5.37367.10.2.8
1.1.5.37403.5.1.2.2.10
1.1.5.37506.5.1.3.2.14
1.1.5.37533.11.2.4
1.1.5.37608.10.2.4.2
1.1.5.37691.9.1.8
1.1.5.37757.17.2.43.6
1.1.5.37851.5.1
1.1.5.37872.25.4.12.17
1.1.5.37947.5.1.11
1.1.5.38078.3
1.1.5.38126.5.1.11.8
1.1.5.38134.13.4.26.15
1.1.5.38250.5.1
1.1.5.38266.13.2
1.1.5.38346.9.1.12.3
1.1.5.38392.5.1.3.1
1.1.5.38405.20.1.18.20
1.1.5.38439.6
1.1.5.38548.12
1.1.5.38604.6
1.1.5.38610.3
1.1.5.38694.5.1.3
1.1.5.38734.11.1.14
1.1.5.38876.31.1.21
1.1.5.38956.16.3.8.6
1.1.5.39031.22.2.30.1.35.3
1.1.5.39045.37.2.20.8.8
1.1.5.39128.16.1.4.1
1.1.5.39132.23.1.8.8
1.1.5.39336.18.3.11.16.16.2
1.1.5.39343.13.2.5
1.1.5.39437.18.3.9.5.10
1.1.5.39478.31.3.21
1.1.5.39504.13.2
1.1.5.39641.5.1.1.8
1.1.5.39651.22.2.4.6
1.1.5.39741.5.1.3.2.20.2
1.1.5.39815.5.1.2
1.1.5.39822.5.1.1.6
1.1.5.39876.25.2.16
1.1.5.39904.18.2
1.1.5.39986.9.1.10
1.1.5.40087.5.1.2.1.14.9
1.1.5.40097.5.1.24.7.25.2
1.1.5.40219.8.2.8
1.1.5.40243.25.1.12
1.1.5.40276.5.1.2
1.1.5.40346.5.1.17
1.1.5.40406.35.3.50
1.1.5.40506.17.1.10.3
1.1.5.40541.5.1.36.3
1.1.5.40565.5.1.22.12.21
1.1.5.40575.34.2.4.1
1.1.5.40622.9.1.4.3
1.1.5.40679.24.6.15.2.4.1.9
1.1.5.40733.18.2.16.1.2
1.1.5.40868.5.1.21
1.1.5.40880.5.1.1.25
1.1.5.40935.18.2.5.4.3
1.1.5.41032.5.1.2.1.43.1
1.1.5.41085.3
1.1.5.41097.31.5.4
1.1.5.41116.5.1
1.1.5.41146.19.4
1.1.5.41179.5.1.4.12.10.3.47
1.1.5.41193.10.1.16
1.1.5.41200.32.3.12.2.12
1.1.5.41224.9.1.5.9
1.1.5.41245.9.2.4
1.1.5.41270.5.1
1.1.5.41292.5.1.1.1.21
1.1.5.41446.10.4.8.3
1.1.5.41514.5.1.5
1.1.5.41530.9.1.6
1.1.5.41553.5.1.3.3
1.1.5.41570.5.1.3
1.1.5.41609.3
1.1.5.41655.5.1.1.1.5.2
1.1.5.41656.5.1.2.2.13.3
1.1.5.41760.5.1.8.9.15.5.10
1.1.5.41894.13.4.9
1.1.5.41945.11.2.4.2
1.1.5.41956.5.1.21.1
1.1.5.42041.10.2.4.3
1.1.5.42079.8.2.22.3
1.1.5.42091.5.1.3.3.11.1
1.1.5.42155.10.1.8.17.14
1.1.5.42213.5.1
1.1.5.42258.5.1.2
1.1.5.42261.10.1.4.3.1
1.1.5.42281.50.6.7.12.14.1.2
1.1.5.42291.5.1.4
1.1.5.42440.21.1.21.10
1.1.5.42507.11.1.4.1
1.1.5.42534.23
1.1.5.42557.17.2.6.6
1.1.5.42600.3
1.1.5.42642.16
1.1.5.42665.5.1.1.3.1.1
1.1.5.42699.5.1.3
1.1.5.42845.5.1.2.1.1.7.16
1.1.5.42933.5.1.2.7.18.4.8
1.1.5.43045.5.1.2.6.2.1
1.1.5.43074.16.5.5
1.1.5.43148.23.1.11.13
1.1.5.43192.15.1.4.2
1.1.5.43217.14.2
1.1.5.43258.5.1.11
1.1.5.43298.16.2.6
1.1.5.43346.3
1.1.5.43387.3
1.1.5.43431.5.1.11.8
1.1.5.43439.13.4.26.15
1.1.5.43552.5.1
1.1.5.43568.13.2
1.1.5.43654.14.3.5.21
1.1.5.43704.23.2
1.1.5.43757.6
1.1.5.43820.5.1.10.1.9
1.1.5.44015.8.2.9
1.1.5.44056.5.1.3
1.1.5.44095.11.1.14
1.1.5.44259.17.4.6.1.6
1.1.5.44300.5.1.17
1.1.5.44376.22.2.30.1.24.2
1.1.5.44470.16.1.4.1
1.1.5.44474.23.1.8.11
1.1.5.44494.27.2
1.1.5.44629.5.1.15.3.12
1.1.5.44684.35.4.4.3
1.1.5.44700.5.1.8.6
1.1.5.44718.13.1.4
1.1.5.44724.15
1.1.5.44753.5.1.6.5.2.6.11
1.1.5.44791.31.3.21
1.1.5.44817.13.2
1.1.5.44851.5.1
1.1.5.44910.3
1.1.5.44951.5.1
1.1.5.45055.5.1.3.2.20.2
1.1.5.45133.25.2.18.1.5.1.2
1.1.5.45225.18.2
1.1.5.45306.9.1.10
1.1.5.45400.5.1.4.5
1.1.5.45410.5.1.24.7.25.2
1.1.5.45532.8.2.8
1.1.5.45582.5.1.9.1.1
1.1.5.45584.34.2.10.8.2.1.4
1.1.5.45676.5.1.17
1.1.5.45692.10.1.4.2
1.1.5.45694.5.1
1.1.5.45742.35.3.50
1.1.5.45831.5.1.32.1
1.1.5.45834.5.1.3
1.1.5.45862.5.1.36.3
1.1.5.45890.36.2.15.2.6.2.10
1.1.5.45935.11.1.4.13
1.1.5.45999.24.6.15.2.4.1.6
1.1.5.46054.5.1.3.1.2
1.1.5.46155.24.3.4.2.17
1.1.5.46161.22.2.26.33.27
1.1.5.46190.5.1.21
1.1.5.46202.5.1.1.25
1.1.5.46208.26.5.6.13.8.2.11
1.1.5.46252.13.2.15.8.9.3.11
1.1.5.46253.21.2.23.1.8.1
1.1.5.46262.17.2.15
1.1.5.46429.5.1
1.1.5.46451.5.1
1.1.5.46481.19.4
1.1.5.46514.5.1.4.12.10.3.47
1.1.5.46534.13.3.12.2.54
1.1.5.46558.9.1.5.9
1.1.5.46621.5.1.1.1.21
1.1.5.46769.10.4.8.3
1.1.5.46839.12.1.6
1.1.5.46899.19.2.29
1.1.5.46940.3
1.1.5.46986.5.1.1.1.5.2
1.1.5.46987.5.1.2.2.13.3
1.1.5.47252.5.1.2.1.20.2.13
1.1.5.47290.5.1.4.4.8.5
1.1.5.47291.5.1.4.1
1.1.5.47384.5.1.5.1.6
1.1.5.47513.5.1.8.1.1.1.4.1
1.1.5.47604.5.1.2
1.1.5.47607.10.1.4.3.1
1.1.5.47627.50.6.7.12.14.1.2
1.1.5.47637.5.1.4
1.1.5.47751.14.3.38.27.11.1
1.1.5.47779.5.1.30.1.22.4
1.1.5.47793.5.1.3.1
1.1.5.47851.13.2.8.12.9.3
1.1.5.47873.11.1.4.1
1.1.5.47900.23
1.1.5.47928.5.1
1.1.5.47971.3
1.1.5.48013.16
1.1.5.48036.5.1.1.3.1.1
1.1.5.48070.5.1.3
1.1.5.48173.11.2.4
1.1.5.48250.5.1.2.7.18.4.8
1.1.5.48277.22.3.16.9
1.1.5.48342.9.1.8
1.1.5.48412.16.5.5
1.1.5.48529.15.1.4.2
1.1.5.48554.14.2
1.1.5.48560.13.2.8.7
1.1.5.48596.5.1.11
1.1.5.48643.5.1
1.1.5.48727.3
1.1.5.48777.5.1.11.8
1.1.5.48785.13.4.26.15
1.1.5.48933.5.1.12.5.12.5.9
1.1.5.49011.9.1.10.3
1.1.5.49056.23.2
1.1.5.49079.20.1.18.22
1.1.5.49113.6
1.1.5.49176.5.1.10.1.9
1.1.5.49231.12
1.1.5.49287.6
1.1.5.49381.5.1.3
1.1.5.49420.6
1.1.5.49597.17.4.6.1.6
1.1.5.49638.5.1.17
1.1.5.49711.22.2.30.1.35.3
1.1.5.49774.10.1.20
1.1.5.49813.16.1.4.1
1.1.5.49817.23.1.8.8
1.1.5.49975.5.1.15.3.12
1.1.5.50131.18.3.9.5.10
1.1.5.50172.31.3.21
1.1.5.50198.13.2
1.1.5.50285.31.3
1.1.5.50300.3
1.1.5.50341.5.1
1.1.5.50423.5.1
1.1.5.50468.5.1
1.1.5.50473.5.1.3.4
1.1.5.50485.5.1
1.1.5.50508.5.1.7.7
1.1.5.50509.14.1.4.3
1.1.5.50673.5.1.3.5
1.1.5.50767.5.1.2.1.10.7
1.1.5.50777.5.1.24.7.25.2
1.1.5.50811.15.2.7.12
1.1.5.50902.17.3.10.5
1.1.5.50922.25.1.12
1.1.5.50963.5.1.9.1.1
1.1.5.50965.34.2.10.8.2.1.4
1.1.5.51047.5.1.17
1.1.5.51063.10.1.4.2
1.1.5.51065.5.1
1.1.5.51113.35.3.50
1.1.5.51179.11.1.4
1.1.5.51209.5.1.32.1
1.1.5.51212.5.1.3
1.1.5.51240.5.1.36.3
1.1.5.51266.28.3.10.6.10.1.3
1.1.5.51274.34.2.4.1
1.1.5.51298.18.2.24.3.12.2
1.1.5.51307.5.1.4.3.7.1.3
1.1.5.51369.5.1.2
1.1.5.51426.3
1.1.5.51429.5.1.2.1.1.5
1.1.5.51547.5.1.2.25.23.1.3
1.1.5.51574.5.1.3.1.14
1.1.5.51587.5.1.1.32
1.1.5.51593.26.5.6.13.8.3.7
1.1.5.51637.13.2.15.8.9.3.11
1.1.5.51638.21.2.23.1.8.1
1.1.5.51647.17.2.15
1.1.5.51746.5.1.2.1.43.1
1.1.5.51799.3
1.1.5.51813.5.1
1.1.5.51835.5.1
1.1.5.51865.19.4
1.1.5.51897.5.1.3
1.1.5.51911.10.1.15
1.1.5.51918.32.3.12.2.12
1.1.5.51941.5.1.3.8.43
1.1.5.51989.5.1
1.1.5.52011.5.1.1.1.21
1.1.5.52145.15.3.21.1.7.4
1.1.5.52146.5.1.24.4.15.4.16
1.1.5.52174.13.2.16
1.1.5.52253.5.1.5
1.1.5.52272.9.1.6
1.1.5.52321.5.1.2
1.1.5.52358.3
1.1.5.52412.5.1.1.1.5.2
1.1.5.52413.5.1.2.2.13.3
1.1.5.52448.31.2
1.1.5.52576.5.1
1.1.5.52720.11.2.4.2
1.1.5.52733.5.1
1.1.5.52824.10.2.4.3
1.1.5.52862.8.2.22.3
1.1.5.52874.5.1.3.21.11.1
1.1.5.52938.5.1.1.2
1.1.5.53034.5.1.2
1.1.5.53037.10.1.4.3.1
1.1.5.53057.50.6.7.12.14.1.2
1.1.5.53067.5.1.4
1.1.5.53229.21.1.21.10
1.1.5.53293.11.1.4.1
1.1.5.53320.23
1.1.5.53348.5.1
1.1.5.53391.3
1.1.5.53434.16
1.1.5.53457.5.1.1.3.1.1
1.1.5.53491.5.1.3
1.1.5.53588.5.1.3.2.14
1.1.5.53613.18.2.9.5
1.1.5.53705.5.1.2.7.18.4.8
1.1.5.53787.9.1.8
1.1.5.53846.16.5.5
1.1.5.53934.5.1.1.1.46
1.1.5.53982.15.1.4.2
1.1.5.54007.14.2
1.1.5.54051.5.1.11
1.1.5.54143.3
1.1.5.54184.3
1.1.5.54232.5.1.11.8
1.1.5.54240.13.4.26.15
1.1.5.54388.5.1.12.5.12.5.9
1.1.5.54417.10.3.4
1.1.5.54476.9.1.10.3
1.1.5.54522.5.1.3.1
1.1.5.54535.20.1.18.20
1.1.5.54625.5.1.10.1.9
1.1.5.54687.5.1.3.1
1.1.5.54855.5.1.3
1.1.5.54895.11.1.14
1.1.5.55076.5.1.21.1.1.3
1.1.5.55112.14.2.7.6
1.1.5.55124.22.3.10
1.1.5.55188.22.2.30.1.35.3
1.1.5.55202.37.2.20.8.8
1.1.5.55269.12.1.11.11
1.1.5.55274.33.2.32.1.63.1.10
1.1.5.55382.11.1.6
1.1.5.55502.5.1.8.6
1.1.5.55564.18.3.9.5.10
1.1.5.55605.31.3.21
1.1.5.55771.5.1.1.8
1.1.5.55781.22.2.4.6
1.1.5.55868.5.1
1.1.5.55905.5.1.2.13.34
1.1.5.55942.25.2.18.1.5.1.2
1.1.5.56081.15.2.28.12
1.1.5.56218.5.1.2.1.14.9
1.1.5.56228.5.1.24.7.25.2
1.1.5.56245.15.2.17.6.10
1.1.5.56409.75.3.16
1.1.5.56496.14.4
1.1.5.56512.16.2
1.1.5.56561.35.3.50
1.1.5.56627.17.1.6
1.1.5.56659.5.1.32.1
1.1.5.56662.5.1.3
1.1.5.56690.5.1.36.3
1.1.5.56762.11.1.4.13
1.1.5.56832.5.1.2
1.1.5.56893.18.2.8.1.2
1.1.5.56919.33.2
1.1.5.57033.10.3.4.9
1.1.5.57054.13.2.21.7.36.6
1.1.5.57058.5.1.7.2.3
1.1.5.57072.13.1.7.7
1.1.5.57119.5.1.9
1.1.5.57140.5.1.1.1
1.1.5.57212.5.1.2.1.10.1
1.1.5.57265.3
1.1.5.57277.31.5.4
1.1.5.57296.5.1
1.1.5.57324.19.4
1.1.5.57356.5.1.3
1.1.5.57398.26.3.27
1.1.5.57418.5.1
1.1.5.57446.5.1
1.1.5.57468.5.1.1.1.21
1.1.5.57613.10.4.8.3
1.1.5.57683.12.1.6
1.1.5.57707.5.1.2.1.60
1.1.5.57755.5.1.1.1.32.8.17.13
1.1.5.57910.5.1.8.9.15.5.10
1.1.5.58054.13.4.9
1.1.5.58109.11.2.4.2
1.1.5.58117.5.1.1.11
1.1.5.58127.22.1.8
1.1.5.58212.5.1.5.1.6
1.1.5.58338.10.1.8.17.14
1.1.5.58386.19.2
1.1.5.58432.17.2.31.5
1.1.5.58437.18.1.4.5.5
1.1.5.58464.5.1.4.2.2.6.15
1.1.5.58549.5.1.1.4.16.1
1.1.5.58623.5.1.30.1.4.3
1.1.5.58715.11.1.4.1
1.1.5.58766.5.1
1.1.5.58809.3
1.1.5.58851.16
1.1.5.58873.10.2.8
1.1.5.58909.5.1.2.2.10
1.1.5.59012.5.1.3.2.14
1.1.5.59039.11.2.4
1.1.5.59114.10.2.4.2
1.1.5.59209.9.1.8
1.1.5.59242.12.1.4
1.1.5.59263.16.5.5
1.1.5.59341.5.1.1.1.46
1.1.5.59368.5.1
1.1.5.59463.5.1.11
1.1.5.59514.5.1
1.1.5.59632.5.1.11.8
1.1.5.59643.5.1.2.2.20
1.1.5.59760.5.1
1.1.5.59776.13.2
1.1.5.59860.9.1.20.3
1.1.5.59906.5.1.3.1
1.1.5.60014.5.1.10.1.9
1.1.5.60069.12
1.1.5.60132.22.2.8.5.15.4
1.1.5.60137.3
1.1.5.60221.5.1.3
1.1.5.60418.17.4.6.1.6
1.1.5.60459.5.1.17
1.1.5.60532.22.2.30.1.35.3
1.1.5.60546.37.2.20.8.8
1.1.5.60620.9.1.26.3
1.1.5.60626.5.1.18
1.1.5.60650.22.2
1.1.5.60782.5.1.15.3.12
1.1.5.60824.22
1.1.5.60842.13.2.5
1.1.5.60866.5.1.8.6
1.1.5.60926.18.3.9.5.10
1.1.5.60967.31.3.21
1.1.5.60988.16.3.9.3
1.1.5.61097.3
1.1.5.61138.5.1
1.1.5.61242.5.1.3.2.20.2
1.1.5.61311.25.2.18.1.5.1.2
1.1.5.61453.15.2.28.12
1.1.5.61591.5.1.2.1.10.7
1.1.5.61601.5.1.24.7.25.2
1.1.5.61732.17.3.10.5
1.1.5.61753.5.1.3.1
1.1.5.61792.5.1.9.1.1
1.1.5.61794.34.2.10.8.2.1.4
1.1.5.61876.5.1.17
1.1.5.61936.35.3.50
1.1.5.61974.5.1
1.1.5.62039.17.1.10.3
1.1.5.62070.43.1.24.11.18
1.1.5.62100.5.1.22.12.21
1.1.5.62110.34.2.4.1
1.1.5.62135.18.2.24.3.12.2
1.1.5.62144.5.1.4.3.7.1.3
1.1.5.62206.5.1.2
1.1.5.62262.18.2.8.1.2
1.1.5.62404.5.1.13
1.1.5.62416.5.1.1.24
1.1.5.62422.26.5.6.13.8.4.28
1.1.5.62466.13.2.15.8.9.3.11
1.1.5.62467.21.2.23.1.8.1
1.1.5.62476.17.2.15
1.1.5.62563.5.1.2.1.10.1
1.1.5.62616.3
1.1.5.62628.31.5.4
1.1.5.62647.5.1
1.1.5.62675.19.4
1.1.5.62708.5.1.4.12.10.3.47
1.1.5.62736.5.1.6
1.1.5.62761.26.3.27
1.1.5.62781.20.3.13.9
1.1.5.62830.5.1.1.1.21
1.1.5.62951.15.3.21.1.7.4
1.1.5.62952.5.1.24.4.15.4.16
1.1.5.63058.12.1.6
1.1.5.63090.5.1.3.5.11.4
1.1.5.63135.19.3.18
1.1.5.63152.5.1.1.1
1.1.5.63153.20.3.4
1.1.5.63504.5.1.4.4.8.5
1.1.5.63505.5.1.4.1
1.1.5.63601.10.2.4.3
1.1.5.63639.8.2.22.3
1.1.5.63651.5.1.3.3.11.1
1.1.5.63716.10.1.21.14.8
1.1.5.63818.27.3.15.5
1.1.5.63818.31.1.22.6
1.1.5.63826.11.1.46.15.58
1.1.5.63852.5.1.1.1.1
1.1.5.63977.14.3.38.27.11.1
1.1.5.64000.5.1.49.1.34.8
1.1.5.64027.13.7.21.13.25
1.1.5.64240.5.1.1.3.1.1
1.1.5.64274.5.1.3
1.1.5.64421.16.2.6.1.1.1.2
1.1.5.64509.5.1.2.7.18.4.8
1.1.5.64593.9.1.8
1.1.5.64649.16.5.5
1.1.5.64729.5.1.1.1.46
1.1.5.64796.14.2
1.1.5.64840.5.1.11
1.1.5.64880.5.1
1.1.5.64972.3
1.1.5.65018.5.1.11.8
1.1.5.65029.5.1.2.2.20
1.1.5.65144.3
1.1.5.65240.14.3.5.20
1.1.5.65285.5.1.3.1
1.1.5.65298.20.1.18.20
1.1.5.65387.5.1.10.1.9
1.1.5.65611.5.1.3
1.1.5.65651.11.1.14
1.1.5.65811.5.1.21.1.1.3
1.1.5.65856.16.3.8.6
1.1.5.65931.22.2.30.1.35.3
1.1.5.65945.37.2.20.8.8
1.1.5.65972.10.1.12
1.1.5.66028.16.1.4.1
1.1.5.66032.57.1.4.5
1.1.5.66213.5.1.15.3.17
1.1.5.66278.13.2.5
1.1.5.66375.18.3.9.5.10
1.1.5.66416.31.3.21
1.1.5.66445.16.2
1.1.5.66539.3
1.1.5.66580.5.1
1.1.5.66681.5.1
1.1.5.66754.5.1.2
1.1.5.66766.9.1.5
1.1.5.66818.51.3
1.1.5.66855.18.2
1.1.5.66935.5.1.3.5
1.1.5.67026.5.1.2.1.14.9
1.1.5.67036.5.1.24.7.25.2
1.1.5.67053.15.2.17.6.10
1.1.5.67176.5.1
1.1.5.67179.5.1.6.8.15.4
1.1.5.67225.5.1.9.1.1
1.1.5.67227.34.2.10.8.2.1.4
1.1.5.67311.5.1.17
1.1.5.67369.35.3.50
1.1.5.67471.17.1.10.3
1.1.5.67507.43.1.24.11.18
1.1.5.67537.5.1.22.12.21
1.1.5.67547.34.2.4.1
1.1.5.67572.18.2.24.3.12.2
1.1.5.67581.5.1.4.3.7.1.3
1.1.5.67639.5.1.2
1.1.5.67700.18.2.8.1.2
1.1.5.67824.5.1.1.3.4.1.6
1.1.5.67848.5.1.13
1.1.5.67860.5.1.1.24
1.1.5.67869.20.2.6.1.8
1.1.5.67904.15.4.24.12
1.1.5.67926.5.1.1.1
1.1.5.68009.5.1.2.1.10.1
1.1.5.68085.48.5.4
1.1.5.68104.5.1
1.1.5.68132.19.4
1.1.5.68164.5.1.3
1.1.5.68191.5.1.6
1.1.5.68218.5.1.3.3.18
1.1.5.68296.22.2.13.9
1.1.5.68457.10.4.8.3
1.1.5.68520.5.1.5
1.1.5.68539.9.1.6
1.1.5.68588.5.1.2
1.1.5.68603.31.2.6.1.3.2.7
1.1.5.68605.5.1.3.1.1.1
1.1.5.68625.20.1.12
1.1.5.68633.5.1.3.1
1.1.5.68771.5.1.8.9.15.5.10
1.1.5.68967.5.1.13.4.18
1.1.5.69066.10.2.4.3
1.1.5.69196.5.1.1.2
1.1.5.69292.5.1.2
1.1.5.69295.10.1.4.3.1
1.1.5.69315.50.6.7.12.14.1.2
1.1.5.69325.5.1.4
1.1.5.69463.25.1.15
1.1.5.69475.13.7.21.13.25
1.1.5.69541.11.1.4.1
1.1.5.69568.23
1.1.5.69596.5.1
1.1.5.69639.3
1.1.5.69681.16
1.1.5.69704.5.1.1.3.1.1
1.1.5.69738.5.1.3
1.1.5.69869.5.1.2.1.1.7.16
1.1.5.69913.17.2.4
1.1.5.69935.5.1
1.1.5.70040.9.1.8
1.1.5.70101.16.5.5
1.1.5.70172.5.1.2.1.8
1.1.5.70197.5.1
1.1.5.70295.5.1.11
1.1.5.70335.5.1
1.1.5.70426.3
1.1.5.70474.5.1.11.8
1.1.5.70482.13.4.26.15
1.1.5.70600.5.1
1.1.5.70616.13.2
1.1.5.70696.9.1.10.3
1.1.5.70789.6
1.1.5.70853.5.1.10.1.9
1.1.5.71073.5.1.3
1.1.5.71105.6
1.1.5.71194.13.2.20.1.1.4
1.1.5.71289.17.4.6.1.6
1.1.5.71330.5.1.17
1.1.5.71403.22.2.30.1.35.3
1.1.5.71417.37.2.20.8.8
1.1.5.71487.12.1.11.11
1.1.5.71662.5.1.15.3.12
1.1.5.71729.35.4.4.3
1.1.5.71745.5.1.8.6
1.1.5.71807.18.3.9.5.10
1.1.5.71845.5.1.1.1.3
1.1.5.71951.5.1.2.1
1.1.5.71962.3
1.1.5.72003.5.1
1.1.5.72107.5.1.3.2.20.2
1.1.5.72178.5.1.2
1.1.5.72190.9.1.5
1.1.5.72260.58.2.18.10
1.1.5.72344.5.1.3.5
1.1.5.72436.5.1.2.1.14.9
1.1.5.72446.5.1.24.7.25.2
1.1.5.72463.15.2.17.6.10
1.1.5.72478.5.1.3.1.1
1.1.5.72478.10.1.4.1
1.1.5.72563.8.2.8
1.1.5.72585.5.1
1.1.5.72588.5.1.6.8.15.4
1.1.5.72625.5.1.9.1.1
1.1.5.72627.34.2.10.8.2.1.4
1.1.5.72711.5.1.17
1.1.5.72728.10.1.4.2
1.1.5.72730.5.1
1.1.5.72778.35.3.50
1.1.5.72844.17.1.6
1.1.5.72891.6
1.1.5.72921.5.1.36.3
1.1.5.72972.14.1.5
1.1.5.73004.9.1.4.3
1.1.5.73067.24.6.15.2.4.1.19
1.1.5.73127.3
1.1.5.73130.5.1.2.1.1.5
1.1.5.73254.10.3.4.7
1.1.5.73274.23.2.24.18.14.3
1.1.5.73278.5.1.7.2.3
1.1.5.73298.5.1.22
1.1.5.73301.5.1.1
1.1.5.73341.13.2.15.9.11.9.14
1.1.5.73342.21.2.23.1.8.1
1.1.5.73351.17.2.15
1.1.5.73438.5.1.2.1.41.1
1.1.5.73491.3
1.1.5.73503.31.5.4
1.1.5.73522.5.1
1.1.5.73552.19.4
1.1.5.73584.5.1.3
1.1.5.73606.5.1.20
1.1.5.73633.5.1.3.3.18
1.1.5.73651.28.1.4
1.1.5.73674.5.1
1.1.5.73703.5.1.1.1.19
1.1.5.73856.10.4.8.3
1.1.5.73919.5.1.5
1.1.5.73938.9.1.6
1.1.5.73988.5.1.2
1.1.5.74003.31.2.6.1.3.2.7
1.1.5.74005.5.1.3.1.1.1
1.1.5.74025.20.1.12
1.1.5.74033.5.1.3.1
1.1.5.74188.5.1.8.9.15.5.10
1.1.5.74381.5.1.4.4.8.5
1.1.5.74382.5.1.4.1
1.1.5.74471.5.1.5.1.6
1.1.5.74598.10.1.21.14.8
1.1.5.74689.5.1.2
1.1.5.74692.10.1.4.3.1
1.1.5.74716.13.1.7.4
1.1.5.74729.5.1.1
1.1.5.74833.14.3.38.27.11.1
1.1.5.74856.25.2.14.1.3.3
1.1.5.74948.11.1.4.1
1.1.5.75006.5.1
1.1.5.75111.10.2.8
1.1.5.75150.5.1.2.2.10
1.1.5.75253.5.1.3.2.14
1.1.5.75280.11.2.4
1.1.5.75351.5.1.2.7.18.4.8
1.1.5.75445.9.1.8
1.1.5.75507.16.5.5
1.1.5.75577.23.1.11.13
1.1.5.75630.15.1.4.2
1.1.5.75655.14.2
1.1.5.75699.5.1.11
1.1.5.75822.3
1.1.5.75866.5.1.11.8
1.1.5.75874.13.4.26.15
1.1.5.75990.5.1
1.1.5.76001.5.1
1.1.5.76129.5.1.3.1
1.1.5.76142.20.1.18.20
1.1.5.76176.6
1.1.5.76240.5.1.10.1.9
1.1.5.76444.5.1.3
1.1.5.76484.11.1.14
1.1.5.76567.13.2.20.1.1.4
1.1.5.76659.5.1.21.1.1.3
1.1.5.76695.14.2.7.6
1.1.5.76707.22.3.10
1.1.5.76771.22.2.30.1.35.3
1.1.5.76864.5.1.2.1.3
1.1.5.77052.5.1.15.3.12
1.1.5.77116.13.2.5
1.1.5.77201.18.3.9.5.10
1.1.5.77242.31.3.21
1.1.5.77265.13.2
1.1.5.77352.31.3
1.1.5.77367.3
1.1.5.77408.5.1
1.1.5.77509.5.1
1.1.5.77554.5.1
1.1.5.77577.5.1.7.7
1.1.5.77578.14.1.4.3
1.1.5.77660.18.2
1.1.5.77741.9.1.10
1.1.5.77835.5.1.2.1.14.9
1.1.5.77845.5.1.24.7.25.2
1.1.5.77862.15.2.17.6.10
1.1.5.77964.8.2.8
1.1.5.77979.5.1.1.19.17.4
1.1.5.78015.5.1.9.1.1
1.1.5.78017.34.2.10.8.2.1.4
1.1.5.78104.5.1.17
1.1.5.78124.5.1.1
1.1.5.78169.35.3.50
1.1.5.78234.5.1.7
1.1.5.78281.17.1.10.3
1.1.5.78311.5.1.36.3
1.1.5.78393.9.1.4.3
1.1.5.78456.5.1.2
1.1.5.78638.5.1.1.3.4.1.16
1.1.5.78665.5.1.21
1.1.5.78677.5.1.1.25
1.1.5.78732.18.2.5.4.3
1.1.5.78836.5.1.2.1.43.1
1.1.5.78928.5.1
1.1.5.78950.5.1
1.1.5.78978.19.4
1.1.5.79010.5.1.3
1.1.5.79056.5.1.3.3.18
1.1.5.79098.5.1.16
1.1.5.79133.5.1.1.1.19
1.1.5.79287.10.4.8.3
1.1.5.79353.12.1.6
1.1.5.79380.5.1.2.1.2
1.1.5.79420.12.1.6
1.1.5.79454.5.1.3.1
1.1.5.79794.11.2.4.2
1.1.5.79802.5.1.1.11
1.1.5.79812.22.1.8
1.1.5.79897.5.1.5.1.6
1.1.5.80023.5.1.1.2
1.1.5.80069.19.2
1.1.5.80126.14.2.6.1.1.1
1.1.5.80155.5.1.1.1.1
1.1.5.80252.5.1.1.4.16.1
1.1.5.80329.25.2.14.1.3.3
1.1.5.80359.10.1.6.4
1.1.5.80423.11.1.4.1
1.1.5.80450.23
1.1.5.80478.5.1
1.1.5.80521.3
1.1.5.80563.16
1.1.5.80586.5.1.1.3.1.1
1.1.5.80620.5.1.3
1.1.5.80722.5.1.3.2.14
1.1.5.80749.11.2.4
1.1.5.80820.5.1.2.7.18.4.8
1.1.5.80947.16.5.5
1.1.5.81025.5.1.1.1.46
1.1.5.81061.15.1.4.2
1.1.5.81086.14.2
1.1.5.81127.5.1.11
1.1.5.81178.5.1
1.1.5.81262.3
1.1.5.81313.5.1.11.8
1.1.5.81324.5.1.2.2.20
1.1.5.81442.5.1
1.1.5.81484.10.3.4
1.1.5.81537.14.3.5.17
1.1.5.81582.5.1.3.1
1.1.5.81686.5.1.10.1.9
1.1.5.81898.5.1.3
1.1.5.81930.6
1.1.5.82117.17.4.6.1.6
1.1.5.82158.5.1.17
1.1.5.82213.5.1.6.3
1.1.5.82233.22.2.30.1.41.4
1.1.5.82247.37.2.20.8.8
1.1.5.82327.16.1.4.1
1.1.5.82331.57.1.4.5
1.1.5.82348.16.1
1.1.5.82492.5.1.15.3.12
1.1.5.82567.5.1.8.6
1.1.5.82630.18.3.9.5.10
1.1.5.82671.31.3.21
1.1.5.82820.5.1
1.1.5.82928.5.1.3.2.20.2
1.1.5.82962.18.1.11.5
1.1.5.82996.5.1.2
1.1.5.83272.5.1.2.1.10.7
1.1.5.83282.5.1.24.7.25.2
1.1.5.83318.10.2.8.11
1.1.5.83421.14.3.5.29.25.3
1.1.5.83461.5.1.9.1.1
1.1.5.83463.34.2.10.8.2.1.4
1.1.5.83544.5.1.17
1.1.5.83566.5.1.1
1.1.5.83611.35.3.50
1.1.5.83713.17.1.10.3
1.1.5.83748.43.1.24.11.18
1.1.5.83787.34.2.4.1
1.1.5.83834.9.1.4.3
1.1.5.83891.24.6.15.2.4.1.9
1.1.5.83949.5.1.3.1.2
1.1.5.83975.33.2
1.1.5.84071.24.3.4.2.17
1.1.5.84076.18.2.34.1.19
1.1.5.84081.8.2.8.4
1.1.5.84098.23.2.24.18.14.3
1.1.5.84102.5.1.7.2.3
1.1.5.84117.20.2.6.1.8
1.1.5.84163.13.2.15.8.9.3.11
1.1.5.84164.21.2.23.1.8.1
1.1.5.84173.17.2.15
1.1.5.84297.3
1.1.5.84309.31.5.4
1.1.5.84328.5.1
1.1.5.84356.19.4
1.1.5.84387.5.1.13.5.20.3.3
1.1.5.84418.5.1.6
1.1.5.84445.5.1.3.3.18
1.1.5.84543.13.2.12.15
1.1.5.84684.10.4.8.3
1.1.5.84747.5.1.5
1.1.5.84766.9.1.6
1.1.5.84808.5.1.2
1.1.5.84823.31.2.6.1.3.2.7
1.1.5.84825.5.1.3.1.1.1
1.1.5.84845.14.2.10.1
1.1.5.84848.5.1.2.1.3.2.9
1.1.5.84897.5.1.1.1.5.2
1.1.5.84898.5.1.2.2.13.3
1.1.5.85003.5.1.8.9.15.5.10
1.1.5.85188.11.2.4.2
1.1.5.85276.10.2.4.3
1.1.5.85314.8.2.22.3
1.1.5.85392.10.1.8.17.14
1.1.5.85490.5.1.2
1.1.5.85493.10.1.4.3.1
1.1.5.85519.5.1.1.1.1
1.1.5.85669.25.2.14.1.3.3
1.1.5.85760.11.1.4.1
1.1.5.85819.5.1
1.1.5.85911.16
1.1.5.85933.10.2.8
1.1.5.85972.5.1.2.2.10
1.1.5.86084.5.1.3.2.14
1.1.5.86111.11.2.4
1.1.5.86188.5.1.2.7.18.4.8
1.1.5.86282.9.1.8
1.1.5.86315.12.1.4
1.1.5.86338.16.5.5
1.1.5.86409.5.1.2.1.8
1.1.5.86458.15.1.4.2
1.1.5.86483.14.2
1.1.5.86526.5.1.11
1.1.5.86713.5.1.11.8
1.1.5.86724.5.1.2.2.20
1.1.5.86840.5.1
1.1.5.86936.9.1.20.3
1.1.5.86982.5.1.3.1
1.1.5.86995.20.1.18.18
1.1.5.87086.5.1.10.1.9
1.1.5.87303.5.1.3
1.1.5.87335.11.1.14
1.1.5.87418.13.2.20.1.1.4
1.1.5.87484.5.1.6.1
1.1.5.87532.5.1.6.3
1.1.5.87558.5.1.17
1.1.5.87638.22.2.30.1.24.2
1.1.5.87652.37.2.20.8.8
1.1.5.87726.9.1.26.3
1.1.5.87729.23.1.8.11
1.1.5.87883.5.1.15.3.12
1.1.5.87925.22
1.1.5.87959.5.1.8.6
1.1.5.88021.18.3.9.5.10
1.1.5.88062.31.3.21
1.1.5.88084.6
1.1.5.88190.3
1.1.5.88231.5.1
1.1.5.88399.5.1.7.7
1.1.5.88400.14.1.4.3
1.1.5.88476.58.2.18.10
1.1.5.88572.5.1.3.5
1.1.5.88663.5.1.2.1.14.9
1.1.5.88673.5.1.24.7.25.2
1.1.5.88692.3
1.1.5.88706.13.2.5.12
1.1.5.88793.8.2.8
1.1.5.88843.5.1.9.1.1
1.1.5.88845.34.2.10.8.2.1.4
1.1.5.88928.5.1.17
1.1.5.88945.5.1
1.1.5.88994.35.3.50
1.1.5.89059.11.1.4
1.1.5.89104.5.1.3
1.1.5.89133.43.1.24.11.18
1.1.5.89163.5.1.22.12.21
1.1.5.89173.34.2.4.1
1.1.5.89198.18.2.24.3.12.2
1.1.5.89207.5.1.4.3.7.1.3
1.1.5.89265.5.1.2
1.1.5.89325.3
1.1.5.89328.5.1.2.1.1.5
1.1.5.89482.5.1.13
1.1.5.89494.5.1.1.25
1.1.5.89549.18.2.5.4.3
1.1.5.89725.5.1
1.1.5.89747.5.1
1.1.5.89775.19.4
1.1.5.89812.5.1.4.12.10.3.8
1.1.5.89839.5.1.6
1.1.5.89866.5.1.3.3.18
1.1.5.89886.20.3.13.9
1.1.5.89936.5.1.1.1.21
1.1.5.90090.10.4.8.3
1.1.5.90156.12.1.6
1.1.5.90183.5.1.2.1.2
1.1.5.90210.5.1.3
1.1.5.90227.31.2.6.1.3.2.18
1.1.5.90229.5.1.3.1.1.1
1.1.5.90249.20.1.12
1.1.5.90257.5.1.3.1
1.1.5.90394.5.1.8.9.15.5.10
1.1.5.90580.11.2.4.2
1.1.5.90591.5.1.21.1
1.1.5.90677.10.2.4.3
1.1.5.90715.8.2.22.3
1.1.5.90795.10.1.8.17.20
1.1.5.90908.14.2.6.1.1.1
1.1.5.90937.5.1.1.1.1
1.1.5.91055.14.3.38.27.11.1
1.1.5.91107.21.1.21.10
1.1.5.91174.11.1.4.1
1.1.5.91225.5.1
1.1.5.91271.3
1.1.5.91313.16
1.1.5.91336.5.1.1.3.1.1
1.1.5.91370.5.1.3
1.1.5.91477.33.1.13
1.1.5.91512.5.1.6.4
1.1.5.91513.5.1
1.1.5.91515.5.1.10
1.1.5.91619.5.1.2.7.18.4.3
1.1.5.91646.22.3.16.9
1.1.5.91711.9.1.8
1.1.5.91781.16.5.5
1.1.5.91913.15.1.4.2
1.1.5.91938.14.2
1.1.5.91981.5.1.11
1.1.5.92025.5.1
1.1.5.92149.5.1.11.8
1.1.5.92157.13.4.26.15
1.1.5.92303.5.1.12.5.12.5.9
1.1.5.92384.9.1.18.3
1.1.5.92490.6
1.1.5.92766.5.1.3
1.1.5.92806.11.1.14
1.1.5.92947.31.1.21
1.1.5.93018.14.2.7.6
1.1.5.93030.22.3.10
1.1.5.93094.22.2.30.1.35.3
1.1.5.93108.37.2.20.8.8
1.1.5.93135.10.1.12
1.1.5.93138.5.1
1.1.5.93158.10.1.20
1.1.5.93197.16.1.4.1
1.1.5.93201.57.1.4.5
1.1.5.93218.16.1
1.1.5.93380.5.1.30.3.11
1.1.5.93442.18.3.11.16.13.2
1.1.5.93449.13.2.5
1.1.5.93530.18.3.9.5.10
1.1.5.93571.31.3.21
1.1.5.93732.5.1.1.8
1.1.5.93742.22.2.4.6
1.1.5.93832.5.1.3.2.20.2
1.1.5.93906.5.1.2
1.1.5.93913.5.1.1.6
1.1.5.94080.9.1.10
1.1.5.94171.5.1.2.1.10.7
1.1.5.94181.5.1.24.7.25.2
1.1.5.94198.15.2.17.6.10
1.1.5.94295.8.2.8
1.1.5.94345.5.1.9.1.1
1.1.5.94347.34.2.10.8.2.1.4
1.1.5.94430.5.1.17
1.1.5.94446.10.1.4.2
1.1.5.94448.5.1
1.1.5.94496.35.3.50
1.1.5.94601.5.1.3
1.1.5.94630.43.1.24.11.18
1.1.5.94659.5.1.22.12.21
1.1.5.94669.34.2.4.1
1.1.5.94693.18.2.24.3.12.2
1.1.5.94702.5.1.4.3.7.1.3
1.1.5.94766.5.1.2
1.1.5.94944.5.1.1.3.4.1.17
1.1.5.94971.5.1.21
1.1.5.94983.5.1.1.24
1.1.5.95038.18.2.5.4.3
1.1.5.95185.3
1.1.5.95197.31.5.4
1.1.5.95216.5.1
1.1.5.95244.19.4
1.1.5.95275.5.1.13.5.20.3.3
1.1.5.95298.9.2.10
1.1.5.95329.9.1.5.9
1.1.5.95371.5.1.16
1.1.5.95432.13.2.12.15
1.1.5.95576.10.4.8.3
1.1.5.95639.5.1.5
1.1.5.95658.9.1.6
1.1.5.95681.5.1.3.3
1.1.5.95698.5.1.3
1.1.5.95715.31.2.6.1.3.2.18
1.1.5.95717.5.1.3.1.1.1
1.1.5.95737.20.1.12
1.1.5.95740.5.1.3.3.11.3
1.1.5.95785.5.1.1.1.5.2
1.1.5.95786.5.1.2.2.13.3
1.1.5.95886.5.1.8.9.15.5.10
1.1.5.95947.5.1
1.1.6.94.11.2.4.2
1.1.6.105.5.1.21.1
1.1.6.189.5.1.5.1.6
1.1.6.316.10.1.21.14.8
1.1.6.414.5.1.2
1.1.6.417.10.1.4.3.1
1.1.6.437.50.6.7.12.14.1.2
1.1.6.447.5.1.4
1.1.6.508.5.1.1.4.16.1
1.1.6.583.25.1.15
1.1.6.595.13.7.21.13.25
1.1.6.666.11.1.4.1
1.1.6.717.5.1
1.1.6.763.3
1.1.6.805.16
1.1.6.828.5.1.1.3.1.1
1.1.6.862.5.1.3
1.1.6.949.5.1.3.2.12
1.1.6.978.5.1.6.4
1.1.6.979.5.1
1.1.6.981.5.1.10
1.1.6.1083.10.2.4.2
1.1.6.1218.16.5.5
1.1.6.1302.5.1.1.1.47
1.1.6.1353.15.1.4.2
1.1.6.1378.14.2
1.1.6.1422.5.1.11
1.1.6.1462.5.1
1.1.6.1554.3
1.1.6.1605.5.1.11.8
1.1.6.1616.5.1.2.2.20
1.1.6.1833.14.3.5.20
1.1.6.1883.23.2
1.1.6.1990.5.1.10.1.9
1.1.6.2124.3
1.1.6.2204.5.1.3
1.1.6.2244.11.1.14
1.1.6.2305.8.1.10
1.1.6.2331.13.2.20.1.1.4
1.1.6.2393.31.1.21
1.1.6.2464.14.2.7.6
1.1.6.2476.22.3.10
1.1.6.2540.22.2.30.1.35.3
1.1.6.2554.37.2.20.8.8
1.1.6.2601.10.1.20
1.1.6.2659.16.1
1.1.6.2808.5.1.15.3.17
1.1.6.2863.20.4.4.3
1.1.6.2879.5.1.8.6
1.1.6.2939.18.3.9.5.10
1.1.6.2980.31.3.21
1.1.6.3091.31.3
1.1.6.3106.3
1.1.6.3147.5.1
1.1.6.3324.5.1.2
1.1.6.3336.9.1.5
1.1.6.3384.25.2.16
1.1.6.3412.18.2
1.1.6.3493.9.1.10
1.1.6.3586.5.1.2.1.14.9
1.1.6.3596.5.1.24.7.25.2
1.1.6.3615.3
1.1.6.3629.10.2.8.11
1.1.6.3703.8.2.8
1.1.6.3725.5.1
1.1.6.3728.5.1.6.8.15.4
1.1.6.3769.5.1.9.1.1
1.1.6.3771.34.2.10.8.2.1.4
1.1.6.3855.5.1.17
1.1.6.3868.34.2
1.1.6.3917.35.3.50
1.1.6.4019.17.1.10.3
1.1.6.4055.43.1.24.11.18
1.1.6.4084.5.1.22.12.21
1.1.6.4094.34.2.4.1
1.1.6.4118.18.2.24.3.12.2
1.1.6.4127.5.1.4.3.7.1.3
1.1.6.4185.5.1.2
1.1.6.4377.5.1.1.3.4.1.9
1.1.6.4404.5.1.21
1.1.6.4416.5.1.1.24
1.1.6.4425.20.2.6.1.8
1.1.6.4473.5.1.9
1.1.6.4494.5.1.1.1
1.1.6.4581.5.1.2.1.7.1
1.1.6.4676.5.1
1.1.6.4698.5.1
1.1.6.4726.19.4
1.1.6.4763.5.1.4.12.10.3.8
1.1.6.4778.10.1.15
1.1.6.4785.32.3.12.2.12
1.1.6.4810.5.1.3.3.18
1.1.6.4888.5.1.1.1.19
1.1.6.5041.10.4.8.3
1.1.6.5125.5.1.5
1.1.6.5141.9.1.6
1.1.6.5203.5.1.1
1.1.6.5230.5.1.3.1
1.1.6.5373.5.1.8.9.15.5.10
1.1.6.5434.5.1
1.1.6.5588.11.2.4.2
1.1.6.5596.5.1.1.11
1.1.6.5606.22.1.8
1.1.6.5631.5.1.5.3.15
1.1.6.5691.10.2.4.3
1.1.6.5729.8.2.22.3
1.1.6.5742.5.1.3.11.20.1
1.1.6.5806.10.1.8.17.14
1.1.6.5904.5.1.2
1.1.6.5907.10.1.4.3.1
1.1.6.5927.50.6.7.12.14.1.2
1.1.6.5937.5.1.4
1.2.144.2.1.1.1.3.1
1.2.162.4.2.7
1.2.281.20.10
1.2.545.8.4.4.2.37.2
1.2.600.8.4.21
1.2.705.2.1.13.1.12.2
1.2.784.4.2.3
1.2.788.2.1.4
1.2.909.4.2.5
1.2.983.6.3.5
1.2.1096.8.4.9.7.12.1
1.2.1097.2.1.3.1.3.3
1.2.1288.2.1.13.8.26.2.4
1.2.1461.8.4.9.1.27
1.2.1664.18.9.53.1
1.2.1752.2.1.5.1.1
1.2.1780.2.1.3.1.2
1.2.2124.6.3.4.10.9.7
1.2.2172.22.11.35.9.40
1.2.2174.26.13
1.2.2212.2.1.3.4.10
1.2.2253.5
1.2.2281.6.3
1.2.2316.2.1.8.1.3
1.2.2609.6.3.6.4
1.2.2704.2.1.18.1.13.3.11
1.2.2726.2.1.2.1
1.2.2988.4.2.15.1.2.2.2
1.2.3026.6.3.34.5
1.2.3027.2.1.2.1.5.3.19
1.2.3098.2.1.13.3.11
1.2.3101.4.2.3.1.15.2
1.2.3230.2.1.1
1.2.3359.4.2.6.2.5.1.4
1.2.3656.6.3.15.6.13.4
1.2.3677.6.3.4.4
1.2.3735.4.2.5.2.3
1.2.3805.4.2.10.4
1.2.3831.2.1
1.2.3877.4.2.3.3.16.2.12
1.2.3940.12.6.17.2.32.7.8
1.2.4061.3
1.2.4178.6.3
1.2.4339.2.1.5.1
1.2.4440.8.4.8.2.9
1.2.4500.4.2.5.2
1.2.4536.10.5
1.2.4789.2.1
1.2.4958.2.1
1.2.5074.2.1.10.5
1.2.5142.3
1.2.5266.2.1.7.1.2.2.4
1.2.5553.6.3.7.1.3
1.2.5597.6.3.7.2.2.1
1.2.5717.6.3.5.1.16.5
1.2.5735.2.1.9.2.4.1.8
1.2.5867.2.1
1.2.5920.6.3.12.1
1.5.73.11.2.1.3.2
1.5.148.7.2.1
1.5.288.8.2.1.1.1.3.1
1.5.323.7.2.1.28
1.5.333.8.2.1.2
1.5.609.16.2.1.9
1.5.698.8.2.1
1.5.926.7.2.1
1.5.933.8.2.1.16.2.69.6
1.5.1095.11.2.1.1.2
1.5.1096.10.2.1.5
1.5.1207.6.2.1.2.2.19.2.18
1.5.1262.8.2.1.9
1.5.1305.11.2.1.2.2
1.5.1312.6.2.1.8.2.8.4
1.5.1321.11.2.1
1.5.1403.11.2.1.8.3.17
1.5.1647.38.2.1.13.3.28
1.5.1747.8.2.1
1.5.1791.15.2.1.2.2.4
1.5.1859.9.2.1.5
1.5.1891.10.2.1.11.1.4
1.5.2089.12.2.1.6.1.1
1.5.2177.7.2.1
1.5.2381.8.2.1.10.9.25
1.5.2663.27.2.1.3
1.5.2785.14.2.1.15.5
1.5.2926.18.2.1.2.2.7.2.11
1.5.3098.9.2.1.4.9.43.3
1.5.3212.6.2.1.3.2.5.2.15
1.5.3215.8.2.1.4.3.8.1.3
1.5.3237.10.2.1
1.5.3421.22.2.1
1.5.3489.9.2.1.1.1.2.1
1.5.3549.7.2.1
1.5.3616.5.2.1
1.5.3621.8.2.1.10
1.5.3670.12.2.1.1.1.5.2.8
1.5.3885.6.2.1.15.1.2.1
1.5.3913.12.2.1.2
1.5.4010.7.2.1.14
1.5.4100.7.2.1.21
1.5.4114.13.2.1.4.1.8
1.5.4198.11.2.1.8.1
1.5.4319.13.2.1.2.7
1.5.4365.7.2.1
1.5.4396.12.2.1.16.6.13
1.5.4473.8.2.1.5.2
1.5.4495.6.2.1
1.5.4543.9.2.1.20.1.22.1.29
1.5.4573.13.2.1.2
1.5.4794.7.2.1.2.7.10.7
1.5.4801.9.2.1.10.1.2.1.16
1.5.4905.11.2.1.8.1.12.2.3
1.5.4986.8.2.1.11.4.18.3
1.5.5046.8.2.1.1.1.37.1
1.5.5130.20.2.1.30
1.5.5159.9.2.1.15.2
1.5.5210.10.2.1
1.5.5270.10.2.1.9.5.10
1.5.5360.26.2.1.3.3.4.2.20
1.5.5430.16.2.1.10.1.36.2
1.5.5565.15.2.1.3.3
1.5.5618.11.2.1.16
1.5.5648.14.2.1
1.5.5658.9.2.1.4.3.2.2.7
1.5.5685.7.2.1.13
1.5.5746.11.2.1.14
1.5.5767.15.2.1
1.5.5972.14.2.1.13.3.3.3.8
1.5.6068.9.2.1.1
1.5.6103.8.2.1.7
1.5.6108.10.2.1
1.5.6136.10.2.1.5
1.5.6169.19.2.1
1.5.6366.6.2.1
1.5.6431.8.2.1.10.1.4
1.5.6479.10.2.1.1.1.2.1
1.5.6505.9.2.1.7
1.5.6542.9.2.1.5.2
1.5.6563.8.2.1.4
1.5.6584.8.2.1.6.2.7
1.5.6659.11.2.1.8.5
1.5.6700.6.2.1.6.2
1.5.6796.8.2.1.26.2
1.5.6841.14.2.1.2.2.5.1.2
1.5.7039.7.2.1
1.5.7062.8.2.1.21.6.10
1.5.7074.11.2.1.40.1
1.5.7176.9.2.1.3.7.10
1.5.7350.7.2.1.4.1
1.5.7431.8.2.1.1.1.3.1
1.5.7466.7.2.1.28
1.5.7476.8.2.1.2
1.5.7687.10.2.1.3.1.3.3
1.5.7731.16.2.1.9
1.5.8072.7.2.1
1.5.8079.8.2.1.16.2.69.6
1.5.8206.30.2.1.6.5.15.2
1.5.8300.29.2.1
1.5.8362.6.2.1.2.2.19.2.24
1.5.8419.8.2.1.9
1.5.8462.11.2.1.2.2
1.5.8469.6.2.1.8.2.8.4
1.5.8546.11.2.1.8.3.30
1.5.8637.18.2.1.4.1.2.2.8
1.5.8784.38.2.1.13.3.28
1.5.8937.15.2.1.2.2.4
1.5.9007.9.2.1.5
1.5.9039.10.2.1.11.1.4
1.5.9353.6.2.1.9.2
1.5.9525.8.2.1.10.9.25
1.5.9828.10.2.1
1.5.9909.14.2.1.15.5
1.5.10048.18.2.1.2.2.7.2.11
1.5.10106.9.2.1.59
1.5.10108.9.2.1.64.1
1.5.10220.9.2.1.4.9.32.5
1.5.10308.5.2.1.8.5
1.5.10335.13.2.1.3
1.5.10361.10.2.1
1.5.10537.22.2.1
1.5.10601.9.2.1.1.1.2.1
1.5.10719.5.2.1
1.5.10724.8.2.1.10
1.5.10773.12.2.1.1.1.5.2.8
1.5.10872.7.2.1.5.2.31.4
1.5.10920.10.2.1.2.1.20.9
1.5.10968.8.2.1
1.5.11128.10.2.1.4.2.4
1.5.11136.13.2.1.3.1.1.1
1.5.11170.13.2.1.4.1.8
1.5.11247.9.2.1.3.2.4.3
1.5.11247.9.2.1.5.4
1.5.11367.13.2.1.2.7
1.5.11445.12.2.1.16.6.13
1.5.11503.7.2.1
1.5.11522.6.2.1
1.5.11597.27.2.1.9.1.1
1.5.11803.7.2.1.2.7.10.2
1.5.11810.7.2.1.8
1.5.11818.14.2.1.7.1.5
1.5.11919.11.2.1.8.1.12.2.3
1.5.11936.5.2.1.5.4
1.5.11994.8.2.1.11.3.9.3
1.5.12054.8.2.1.1.1.37.1
1.5.12131.20.2.1.30
1.5.12165.9.2.1.15.2
1.5.12212.8.2.1.14.4.10.1.6
1.5.12214.10.2.1
1.5.12284.8.2.1.2
1.5.12291.7.2.1.8.1.3
1.5.12374.26.2.1.3.3.4.2.30
1.5.12443.16.2.1.10.1.36.2
1.5.12577.15.2.1.3.3
1.5.12630.11.2.1.16
1.5.12660.14.2.1
1.5.12670.9.2.1.4.3.2.2.7
1.5.12755.11.2.1.20
1.5.12776.15.2.1
1.5.12988.14.2.1.20.3.3.3.11
1.5.13196.19.2.1
1.5.13408.6.2.1
1.5.13473.8.2.1.10.1.4
1.5.13592.9.2.1.5.2
1.5.13613.8.2.1.2.1.10.4.10
1.5.13624.18.2.1.6
1.5.13630.54.2.1.24
1.5.13653.9.2.1
1.5.13735.6.2.1.6.2
1.5.14054.12.2.1.15
1.5.14069.7.2.1
1.5.14092.8.2.1.21.6.10
1.5.14304.8.2.1
1.5.14349.7.2.1
1.5.14489.8.2.1.1.1.3.1
1.5.14524.7.2.1.28
1.5.14534.8.2.1.2
1.5.14789.16.2.1.9
1.5.14877.8.2.1
1.5.14967.7.2.1.6.2
1.5.15117.9.2.1.26.1.28.4.12
1.5.15299.9.2.1
1.5.15300.9.2.1.8
1.5.15342.29.2.1
1.5.15404.6.2.1.2.2.19.2.24
1.5.15461.8.2.1.9
1.5.15504.11.2.1.2.2
1.5.15511.6.2.1.8.2.8.4
1.5.15606.11.2.1.8.3.17
1.5.15758.13.2.1.6.2.22.3
1.5.15786.13.2.1.8.3
1.5.15852.11.2.1.35
1.5.15966.8.2.1
1.5.16030.18.2.1.8.1.13.4.13
1.5.16078.9.2.1.5
1.5.16110.10.2.1.11.1.4
1.5.16308.12.2.1.6.1.1
1.5.16617.8.2.1.10.9.25
1.5.16885.27.2.1.3
1.5.17154.18.2.1.2.2.7.2.11
1.5.17212.9.2.1.59
1.5.17214.9.2.1.64.1
1.5.17320.19.2.1.3.2.6.6.19.19
1.5.17438.15.2.1.33
1.5.17481.10.2.1
1.5.17674.22.2.1
1.5.17742.9.2.1.1.1.2.1
1.5.17816.7.2.1.2.2.14.7
1.5.17848.5.2.1
1.5.17853.8.2.1.10
1.5.18054.6.2.1
1.5.18141.12.2.1.2
1.5.18238.7.2.1.14
1.5.18328.7.2.1.21
1.5.18342.13.2.1.4.1.8
1.5.18422.11.2.1.8.1
1.5.18597.7.2.1
1.5.18628.12.2.1.16.6.13
1.5.18666.8.2.1
1.5.18700.8.2.1.5.2
1.5.18722.6.2.1
1.5.18770.9.2.1.20.1.22.1.29
1.5.18798.27.2.1.9.1.1
1.5.18909.10.2.1.2.2
1.5.18942.11.2.1.2.1.4.3
1.5.18986.7.2.1.2.7.10.4
1.5.18993.7.2.1.8
1.5.19001.14.2.1.7.1.5
1.5.19102.11.2.1.8.1.12.2.3
1.5.19128.14.2.1
1.5.19180.8.2.1.11.3.9.3
1.5.19309.20.2.1.30
1.5.19343.9.2.1.15.2
1.5.19392.10.2.1
1.5.19453.6.2.1.9.4.10.1.3
1.5.19461.9.2.1.1.6.20
1.5.19461.9.2.1.2.7.36.1.2.1
1.5.19545.26.2.1.3.3.4.2.42
1.5.19614.16.2.1.10.1.36.2
1.5.19742.15.2.1.3.3
1.5.19795.11.2.1.16
1.5.19825.14.2.1
1.5.19835.9.2.1.4.3.2.2.7
1.5.19931.14.2.1.1
1.5.19953.10.2.1.2.2.6
1.5.20077.19.2.1
1.5.20154.14.2.1.20.3.3.3.11
1.5.20275.6.2.1.2.1.17
1.5.20289.10.2.1
1.5.20321.8.2.1.2.2.7
1.5.20355.19.2.1
1.5.20553.6.2.1
1.5.20672.10.2.1.1.1.2.1
1.5.20742.9.2.1.5.2
1.5.20763.8.2.1.2.1.10.4.10
1.5.20774.18.2.1.6
1.5.20780.58.2.1.25.7.5.6
1.5.20798.9.2.1
1.5.20868.6.2.1.6.2
1.5.20968.5.2.1.1.2
1.5.21008.14.2.1.2.2.5.1.2
1.5.21049.7.2.1
1.5.21207.12.2.1.15
1.5.21245.6.2.1.3.3.6.1.2
1.5.21305.6.2.1.3
1.5.21380.9.2.1.3.7.10
1.5.21443.6.2.1
1.5.21512.7.2.1
1.5.21554.14.2.1.12.1.2.2.7.31
1.5.21632.8.2.1.1.1.3.1
1.5.21667.7.2.1.28
1.5.21677.8.2.1.2
1.5.21909.10.2.1.3.1.3.3
1.5.21948.16.2.1.9
1.5.22036.8.2.1
1.5.22266.9.2.1.26.1.28.4.12
1.5.22392.30.2.1.6.5.15.2
1.5.22491.29.2.1
1.5.22553.6.2.1.2.2.19.2.24
1.5.22739.11.2.1.8.3.30
1.5.22827.14.2.1.41.3.9
1.5.22848.7.2.1
1.5.22893.13.2.1.6.2.22.3
1.5.22921.13.2.1.8.3
1.5.22974.10.2.1.3.1.10
1.5.23135.15.2.1.2.2.4
1.5.23199.9.2.1.5
1.5.23231.10.2.1.11.1.4
1.5.23425.12.2.1.6.1.1
1.5.23709.8.2.1.10.9.25
1.5.23910.10.2.1
1.5.24007.10.2.1
1.5.24058.20.2.1.2.3.7.2
1.5.24238.18.2.1.2.2.7.2.11
1.5.24296.9.2.1.59
1.5.24298.9.2.1.64.1
1.5.24398.9.2.1.4.9.32.5
1.5.24515.15.2.1.33
1.5.24558.10.2.1
1.5.24669.7.2.1.3.1
1.5.24727.14.2.1.10
1.5.24911.5.2.1
1.5.24916.8.2.1.10
1.5.25070.7.2.1.5.2.17.4
1.5.25197.12.2.1.2
1.5.25337.9.2.1.5.2.10.7
1.5.25375.7.2.1.21
1.5.25389.13.2.1.4.1.8
1.5.25473.8.2.1
1.5.25585.13.2.1.2.7
1.5.25631.7.2.1
1.5.25743.8.2.1.5.2
1.5.25765.6.2.1
1.5.25813.9.2.1.20.1.22.1.29
1.5.25841.27.2.1.9.1.1
1.5.26057.7.2.1.2.7.10.2
1.5.26064.9.2.1.10.1.2.1.21
1.5.26166.11.2.1.8.1.12.2.3
1.5.26187.5.2.1.5.4
1.5.26245.8.2.1.11.3.9.3
1.5.26379.20.2.1.30
1.5.26408.9.2.1.15.2
1.5.26462.12.2.1.25.4.7.3.6
1.5.26515.10.2.1.9.5.10
1.5.26607.26.2.1.3.3.4.2.20
1.5.26669.16.2.1.10.1.21.2
1.5.26797.15.2.1.3.3
1.5.26846.7.2.1.4
1.5.26872.14.2.1
1.5.26882.9.2.1.4.3.2.2.7
1.5.26957.11.2.1.14
1.5.26978.15.2.1
1.5.27089.8.2.1.17.3.18
1.5.27182.14.2.1.20.3.3.3.11
1.5.27328.8.2.1.7
1.5.27333.10.2.1
1.5.27399.19.2.1
1.5.27611.6.2.1
1.5.27676.8.2.1.10.1.4
1.5.27753.9.2.1.7
1.5.27811.8.2.1.2.1.10.4.10
1.5.27822.18.2.1.6
1.5.27836.21.2.1
1.5.27940.6.2.1.6.2
1.5.28031.13.2.1
1.5.28070.14.2.1.2.2.5.1.2
1.5.28111.7.2.1
1.5.28272.12.2.1.15
1.5.28287.7.2.1
1.5.28310.8.2.1.21.6.10
1.5.28322.11.2.1.40.1
1.5.28424.9.2.1.3.7.10
1.5.28487.6.2.1
1.5.28653.7.2.1.1.1
1.5.28707.7.2.1.28
1.5.28717.8.2.1.2
1.5.28979.16.2.1.9
1.5.29067.8.2.1
1.5.29296.7.2.1
1.5.29303.8.2.1.16.2.69.6
1.5.29468.11.2.1.1.2
1.5.29469.10.2.1.5
1.5.29586.6.2.1.2.2.19.2.39
1.5.29622.11.2.1.8.1.24.5
1.5.29881.7.2.1.7
1.5.29936.13.2.1.6.2.22.3
1.5.29964.13.2.1.8.3
1.5.30024.10.2.1.3.1.5
1.5.30159.8.2.1
1.5.30221.18.2.1.8.1.13.4.23
1.5.30269.9.2.1.5
1.5.30301.10.2.1.11.1.4
1.5.30495.12.2.1.6.1.1
1.5.30626.6.2.1.9.2
1.5.30714.8.2.1
1.5.30812.8.2.1.10.9.25
1.5.31079.9.2.1.3.1.5.2.6
1.5.31176.8.2.1.13.4.13.1.16
1.5.31209.14.2.1.15.5
1.5.31346.18.2.1.2.2.7.2.11
1.5.31404.9.2.1.59
1.5.31406.9.2.1.64.1
1.5.31516.9.2.1.4.9.33.3
1.5.31634.7.2.1.3.5.21
1.5.31677.10.2.1
1.5.31682.7.2.1
1.5.31794.7.2.1.12.5
1.5.31852.14.2.1.10
1.5.31923.9.2.1.1.1.2.1
1.5.31981.7.2.1
1.5.32048.5.2.1
1.5.32053.8.2.1.10
1.5.32102.12.2.1.1.1.5.2.8
1.5.32201.7.2.1.5.2.17.4
1.5.32256.10.2.1.2.1.84.10
1.5.32331.12.2.1.2
1.5.32474.9.2.1.5.2.36.8
1.5.32512.7.2.1.21
1.5.32526.13.2.1.4.1.8
1.5.32608.19.2.1
1.5.32838.8.2.1
1.5.32872.8.2.1.5.2
1.5.32894.6.2.1
1.5.32942.9.2.1.20.1.22.1.29
1.5.32972.13.2.1.2
1.5.33181.7.2.1.2.7.10.7
1.5.33188.7.2.1.8
1.5.33196.14.2.1.7.1.5
1.5.33290.28.2.1.10
1.5.33324.14.2.1
1.5.33377.8.2.1.11.3.9.3
1.5.33439.8.2.1.1.1.37.1
1.5.33519.20.2.1.30
1.5.33548.9.2.1.15.2
1.5.33599.10.2.1
1.5.33655.10.2.1.9.5.10
1.5.33745.26.2.1.3.3.4.2.20
1.5.33814.16.2.1.10.1.36.2
1.5.33942.15.2.1.3.3
1.5.33992.11.2.1.16
1.5.34022.14.2.1
1.5.34032.9.2.1.4.3.2.2.7
1.5.34058.19.2.1.7.5.12
1.5.34115.8.2.1.10.3.21
1.5.34134.8.2.1.18.2
1.5.34447.9.2.1.1
1.5.34477.8.2.1.7
1.5.34482.10.2.1
1.5.34562.8.2.1.23
1.5.34878.8.2.1.2.2
1.5.34916.10.2.1.1.1.5.1
1.5.34969.13.2.1.7.1.1
1.5.34983.9.2.1.5.3
1.5.35004.8.2.1.2.1.10.4.10
1.5.35015.18.2.1.6
1.5.35029.21.2.1
1.5.35102.11.2.1.8.5
1.5.35143.6.2.1.6.2
1.5.35276.14.2.1.2.2.5.1.2
1.5.35501.6.2.1.3.3.6.1.2
1.5.35582.15.2.1
1.5.35716.8.2.1
1.5.35761.7.2.1
1.5.35863.7.2.1.1.1
1.5.35895.8.2.1.1.1.3.1
1.5.35935.13.2.1.7
1.5.36141.10.2.1.3.1.3.3
1.5.36185.16.2.1.9
1.5.36273.8.2.1
1.5.36493.7.2.1
1.5.36500.8.2.1.16.2.69.6
1.5.36625.8.2.1
1.5.36669.9.2.1
1.5.36670.9.2.1.8
1.5.36712.29.2.1
1.5.36774.6.2.1.2.2.19.2.24
1.5.36831.8.2.1.9
1.5.36874.11.2.1.2.2
1.5.36881.6.2.1.8.2.8.4
1.5.36890.11.2.1
1.5.36972.11.2.1.8.3.17
1.5.37126.13.2.1.6.2.22.3
1.5.37154.13.2.1.8.3
1.5.37209.7.2.1.10.2.9.3.6
1.5.37223.12.2.1
1.5.37265.11.2.1.16
1.5.37358.15.2.1.2.2.4
1.5.37416.9.2.1.5
1.5.37448.10.2.1.11.1.4
1.5.37647.12.2.1.6.1.1
1.5.37771.6.2.1
1.5.37851.8.2.1
1.5.37953.8.2.1.10.9.25
1.5.38256.10.2.1
1.5.38295.5.2.1.5.6.32.1
1.5.38343.14.2.1.15.5
1.5.38468.18.2.1.2.2.7.2.11
1.5.38526.9.2.1.59
1.5.38528.9.2.1.64.1
1.5.38633.9.2.1.4.9.33.3
1.5.38723.5.2.1.8.5
1.5.38738.11.2.1.9.2
1.5.38738.11.2.1.10.1.19.10
1.5.38744.7.2.1.3.6.8
1.5.38787.10.2.1
1.5.38963.14.2.1.10
1.5.39101.7.2.1.2.2.14.7
1.5.39147.8.2.1.12
1.5.39200.12.2.1.1.1.5.2.8
1.5.39297.7.2.1.5.2.17.4
1.5.39326.7.2.1.17.7
1.5.39353.10.2.1.2.1.20.9
1.5.39428.12.2.1.2
1.5.39571.9.2.1.5.2.10.7
1.5.39616.6.2.1.2.1.2
1.5.39686.9.2.1.3.2.4.3
1.5.39686.9.2.1.5.4
1.5.39860.7.2.1
1.5.39945.7.2.1
1.5.40037.13.2.1.2
1.5.40147.16.2.1.16.6.60.5
1.5.40230.7.2.1.2.7.10.5
1.5.40237.7.2.1.8
1.5.40245.14.2.1.7.1.5
1.5.40337.10.2.1.2
1.5.40395.13.2.1.8.2.7.2
1.5.40559.20.2.1.30
1.5.40593.9.2.1.15.2
1.5.40644.10.2.1
1.5.40700.10.2.1.9.5.10
1.5.40790.26.2.1.3.3.4.2.20
1.5.40859.16.2.1.10.1.36.2
1.5.40988.15.2.1.3.3
1.5.41041.11.2.1.16
1.5.41071.14.2.1
1.5.41081.9.2.1.4.3.2.2.7
1.5.41166.14.2.1.1
1.5.41188.10.2.1.2.2.6
1.5.41314.19.2.1
1.5.41391.14.2.1.20.3.3.3.11
1.5.41484.9.2.1.1
1.5.41499.13.2.1.9.8.29
1.5.41515.8.2.1.7
1.5.41520.10.2.1
1.5.41587.19.2.1
1.5.41921.8.2.1.2.2
1.5.41959.10.2.1.1.1.5.1
1.5.42031.9.2.1.5.2
1.5.42052.8.2.1.4
1.5.42075.6.2.1.1
1.5.42076.15.2.1.6.1.1.1
1.5.42170.6.2.1.6.2
1.5.42504.12.2.1.15
1.5.42519.7.2.1
1.5.42542.8.2.1.21.6.10
1.5.42555.11.2.1.19.1
1.5.42810.7.2.1
1.5.42852.14.2.1.22.1.2.2.7.2
1.5.42930.8.2.1.1.1.3.1
1.5.42964.6.2.1.24.12.24
1.5.42972.8.2.1.5.1
1.5.43260.16.2.1.9
1.5.43349.8.2.1
1.5.43449.11.2.1
1.5.43576.7.2.1
1.5.43589.12.2.1.12.3.4.2.25
1.5.43710.30.2.1.6.5.15.2
1.5.43872.6.2.1.2.2.19.2.70
1.5.44070.11.2.1.8.3.17
1.5.44152.14.2.1.41.3.9
1.5.44173.7.2.1
1.5.44309.7.2.1.8
1.5.44434.8.2.1
1.5.44479.15.2.1.2.2.4
1.5.44558.11.2.1.2.3
1.5.44576.10.2.1.13.1.4
1.5.44883.6.2.1
1.5.45053.8.2.1.10.9.25
1.5.45590.18.2.1.2.2.7.2.11
1.5.45755.9.2.1.4.9.43.3
1.5.45870.7.2.1.3.5.21
1.5.46075.14.2.1.10
1.5.46207.7.2.1
1.5.46270.5.2.1
1.5.46275.8.2.1.10
1.5.46429.7.2.1.5.2.17.4
1.5.46565.12.2.1.2
1.5.46754.7.2.1.21
1.5.46768.13.2.1.4.1.8
1.5.46870.24.2.1.8.4
1.5.47068.12.2.1.22.6.13
1.5.47126.7.2.1
1.5.47145.6.2.1
1.5.47193.9.2.1.20.1.22.1.31
1.5.47223.13.2.1.2
1.5.47379.13.2.1.19.4.3.1
1.5.47423.7.2.1.2.7.10.4
1.5.47430.7.2.1.8
1.5.47438.14.2.1.7.1.5
1.5.47529.8.2.1.2.2.7.5.48
1.5.47553.5.2.1.5.4
1.5.47610.8.2.1.11.3.9.3
1.5.47670.8.2.1.1.1.37.1
1.5.47752.20.2.1.30
1.5.47781.9.2.1.15.2
1.5.47832.10.2.1
1.5.47893.6.2.1.9.4.10.1.3
1.5.47901.9.2.1.1.6.20
1.5.47901.9.2.1.2.7.36.1.2.1
1.5.47990.26.2.1.3.3.4.2.20
1.5.48059.16.2.1.10.1.36.2
1.5.48188.15.2.1.3.3
1.5.48241.11.2.1.16
1.5.48271.14.2.1
1.5.48281.9.2.1.4.3.2.2.7
1.5.48358.14.2.1.17
1.5.48580.14.2.1.20.3.3.3.11
1.5.48783.19.2.1
1.5.48797.7.2.1.21.2.6.1.45
1.5.48801.11.2.1.7.3
1.5.48809.9.2.1
1.5.48993.6.2.1
1.5.49128.10.2.1.1.1.2.1
1.5.49154.9.2.1.7
1.5.49191.9.2.1.5.2
1.5.49212.8.2.1.2.1.10.4.10
1.5.49223.18.2.1.6
1.5.49232.10.2.1.4.1.9
1.5.49252.10.2.1.1.1.14.1
1.5.49290.11.2.1.11.4
1.5.49331.6.2.1.6.2
1.5.49418.13.2.1
1.5.49456.14.2.1.2.2.5.1.2
1.5.49661.12.2.1.15
1.5.49676.7.2.1
1.5.49699.8.2.1.21.6.10
1.5.49758.6.2.1.3
1.5.49833.9.2.1.3.7.10
1.5.49968.7.2.1
1.5.50010.14.2.1.12.1.2.2.7.31
1.5.50088.8.2.1.1.1.3.1
1.5.50123.7.2.1.28
1.5.50133.8.2.1.2
1.5.50420.16.2.1.9
1.5.50509.8.2.1
1.5.50737.7.2.1
1.5.50744.8.2.1.16.2.69.6
1.5.50864.8.2.1
1.5.50908.9.2.1
1.5.50909.9.2.1.8
1.5.50951.29.2.1
1.5.51013.6.2.1.2.2.19.2.24
1.5.51176.6.2.1.46.9
1.5.51200.11.2.1.8.3.30
1.5.51288.14.2.1.41.3.9
1.5.51310.8.2.1.1.1
1.5.51448.10.2.1.3.1.5
1.5.51529.11.2.1.16
1.5.51624.18.2.1.8.1.13.4.29
1.5.51684.9.2.1.5
1.5.51716.10.2.1.11.1.4
1.5.51914.12.2.1.6.1.1
1.5.52025.6.2.1
1.5.52111.8.2.1
1.5.52209.8.2.1.10.9.25
1.5.52758.18.2.1.2.2.7.2.11
1.5.52816.9.2.1.59
1.5.52818.9.2.1.64.1
1.5.52931.19.2.1.3.2.6.6.19.20
1.5.52973.8.2.1.3.1.2.1
1.5.53052.13.2.1.3
1.5.53078.10.2.1
1.5.53182.7.2.1.3.1
1.5.53250.22.2.1
1.5.53318.9.2.1.1.1.2.1
1.5.53392.7.2.1.2.2.14.7
1.5.53486.12.2.1.1.1.5.2.8
1.5.53583.7.2.1.5.2.31.4
1.5.53719.12.2.1.2
1.5.53816.7.2.1.14
1.5.53906.7.2.1.21
1.5.53920.13.2.1.4.1.8
1.5.53998.8.2.1.16
1.5.54009.9.2.1.3.2.4.3
1.5.54009.9.2.1.5.4
1.5.54229.8.2.1
1.5.54263.8.2.1.5.2
1.5.54285.6.2.1
1.5.54486.10.2.1.2.2
1.5.54519.12.2.1.20.4.3.1
1.5.54563.7.2.1.2.7.10.4
1.5.54570.7.2.1.8
1.5.54578.14.2.1.7.1.5
1.5.54687.11.2.1.8.1.20.3.3
1.5.54738.13.2.1.8.2.7.2
1.5.54824.8.2.1.1.1.37.1
1.5.54904.20.2.1.30
1.5.54933.9.2.1.15.2
1.5.54982.8.2.1.14.4.10.1.6
1.5.54984.10.2.1
1.5.55044.15.2.1.12.6
1.5.55052.10.2.1.9.5.10
1.5.55135.26.2.1.3.3.4.2.30
1.5.55205.16.2.1.10.1.36.2
1.5.55328.12.2.1.9.5
1.5.55380.7.2.1.4
1.5.55406.14.2.1
1.5.55416.9.2.1.4.3.2.2.7
1.5.55498.11.2.1.20
1.5.55519.15.2.1
1.5.55721.14.2.1.20.3.3.3.11
1.5.55931.19.2.1
1.5.55958.13.2.1
1.5.56139.6.2.1
1.5.56204.8.2.1.10.1.4
1.5.56252.10.2.1.1.1.2.1
1.5.56278.9.2.1.7
1.5.56311.9.2.1.5.2
1.5.56332.8.2.1.4
1.5.56353.8.2.1.6.2.7
1.5.56458.6.2.1.6.2
1.5.56549.13.2.1
1.5.56588.14.2.1.2.2.5.1.2
1.5.56798.12.2.1.15
1.5.56813.7.2.1
1.5.56836.8.2.1.21.6.10
1.5.56849.11.2.1.19.1
1.5.56885.6.2.1.3
1.5.56960.9.2.1.3.7.10
1.5.57023.6.2.1
1.5.57092.7.2.1
1.5.57131.13.2.1.21.1.12.1
1.5.57227.8.2.1.1.1.3.1
1.5.57267.13.2.1.7
1.5.57481.10.2.1.3.1.3.3
1.5.57525.16.2.1.9
1.5.57614.8.2.1
1.5.57843.8.2.1.5.2.8
1.5.58015.9.2.1
1.5.58016.9.2.1.8
1.5.58058.29.2.1
1.5.58120.6.2.1.2.2.19.2.24
1.5.58286.6.2.1.46.9
1.5.58310.11.2.1.8.3.30
1.5.58433.20.2.1
1.5.58565.38.2.1.13.3.28
1.5.58689.8.2.1
1.5.58753.18.2.1.8.1.13.4.13
1.5.58818.11.2.1.2.3
1.5.58836.10.2.1.13.1.4
1.5.59035.12.2.1.6.1.1
1.5.59128.7.2.1
1.5.59341.8.2.1.10.9.25
1.5.59886.18.2.1.2.2.7.2.11
1.5.59944.9.2.1.59
1.5.59946.9.2.1.64.1
1.5.60051.9.2.1.4.9.42.5
1.5.60165.15.2.1.33
1.5.60365.14.2.1.10
1.5.60462.7.2.1
1.5.60561.5.2.1
1.5.60566.8.2.1.10
1.5.60778.6.2.1
1.5.60867.12.2.1.2
1.5.61009.10.2.1.4.2.4
1.5.61017.13.2.1.3.1.1.1
1.5.61051.13.2.1.4.1.8
1.5.61135.8.2.1
1.5.61387.7.2.1
1.5.61409.10.2.1.2.1.10.4
1.5.61467.27.2.1.9.1.1
1.5.61587.16.2.1.16.6.60.5
1.5.61677.7.2.1.2.7.10.7
1.5.61684.7.2.1.8
1.5.61692.14.2.1.7.1.5
1.5.61796.11.2.1.8.1.20.3.3
1.5.61822.14.2.1
1.5.61875.8.2.1.11.3.9.3
1.5.62014.20.2.1.30
1.5.62048.9.2.1.15.2
1.5.62099.10.2.1
1.5.62160.6.2.1.9.4.10.1.3
1.5.62168.9.2.1.1.6.20
1.5.62168.9.2.1.2.7.36.1.2.1
1.5.62257.26.2.1.3.3.4.2.20
1.5.62327.16.2.1.10.1.36.2
1.5.62505.20.2.1.24.3.2
1.5.62537.14.2.1
1.5.62547.9.2.1.4.3.2.2.7
1.5.62639.8.2.1.10.3.21
1.5.62658.8.2.1.18.2
1.5.62667.10.2.1.2.2.25
1.5.62985.9.2.1.1
1.5.63020.8.2.1.7
1.5.63025.10.2.1
1.5.63105.9.2.1.20.4.52.2.5
1.5.63413.8.2.1.2.2
1.5.63451.10.2.1.1.1.5.1
1.5.63516.9.2.1.5.2
1.5.63537.8.2.1.2.1.10.4.10
1.5.63548.18.2.1.6
1.5.63562.21.2.1
1.5.63658.6.2.1.6.2
1.5.63747.7.2.1.18.6
1.5.63755.5.2.1.1.2
1.5.63794.14.2.1.2.2.5.1.2
1.5.64040.6.2.1.3.3.6.1.2
1.5.64053.11.2.1.16.1
1.5.64300.7.2.1
1.5.64402.7.2.1.1.1
1.5.64443.8.2.1.1.1.3.1
1.5.64477.6.2.1.24.12.24
1.5.64485.8.2.1.5.1
1.5.64749.16.2.1.9
1.5.64837.8.2.1
1.5.64927.7.2.1.6.2
1.5.65058.7.2.1
1.5.65065.8.2.1.16.2.69.6
1.5.65206.7.2.1.19.1
1.5.65243.11.2.1.1.2
1.5.65244.10.2.1.5
1.5.65361.6.2.1.2.2.19.2.39
1.5.65397.11.2.1.8.1.24.5
1.5.65567.11.2.1.8.3.17
1.5.65662.10.2.1.14
1.5.65683.8.2.1.1.1
1.5.65830.7.2.1.8
1.5.65947.8.2.1
1.5.65987.15.2.1.2.2.4
1.5.66055.9.2.1.5
1.5.66087.10.2.1.11.1.4
1.5.66281.12.2.1.6.1.1
1.5.66363.7.2.1
1.5.66463.8.2.1
1.5.66556.8.2.1.10.9.25
1.5.66827.27.2.1.3
1.5.67097.18.2.1.2.2.7.2.11
1.5.67269.9.2.1.4.9.43.3
1.5.67387.7.2.1.3.5.21
1.5.67430.10.2.1
1.5.67435.7.2.1
1.5.67595.14.2.1.10
1.5.67728.7.2.1
1.5.67792.5.2.1
1.5.67797.8.2.1.10
1.5.67846.12.2.1.1.1.5.2.8
1.5.68057.6.2.1.15.1.2.1
1.5.68085.12.2.1.2
1.5.68233.9.2.1.5.2.10.7
1.5.68271.7.2.1.21
1.5.68285.13.2.1.4.1.8
1.5.68374.9.2.1.3.2.4.3
1.5.68374.9.2.1.5.4
1.5.68494.13.2.1.2.7
1.5.68543.9.2.1.5.1.7.5
1.5.68597.8.2.1
1.5.68631.8.2.1.5.2
1.5.68656.10.2.1.2.1.10.4
1.5.68680.11.2.1.11.3.22
1.5.68815.16.2.1.16.6.60.5
1.5.68895.7.2.1.2.7.10.2
1.5.68902.7.2.1.8
1.5.68910.14.2.1.7.1.5
1.5.69004.28.2.1.10
1.5.69031.5.2.1.5.4
1.5.69089.8.2.1.11.3.9.3
1.5.69149.8.2.1.1.1.37.1
1.5.69233.20.2.1.30
1.5.69267.9.2.1.15.2
1.5.69321.12.2.1.25.4.7.3.6
1.5.69374.10.2.1.9.5.10
1.5.69464.26.2.1.3.3.4.2.20
1.5.69528.16.2.1.10.1.21.2
1.5.69652.15.2.1.3.3
1.5.69702.9.2.1.1.1.7.1.6
1.5.69729.14.2.1
1.5.69739.9.2.1.4.3.2.2.7
1.5.69767.7.2.1.6
1.5.69823.11.2.1.8
1.5.69844.15.2.1
1.5.70166.9.2.1.1
1.5.70194.12.2.1.12.3.32
1.5.70264.19.2.1
1.5.70597.8.2.1.2.2
1.5.70635.10.2.1.1.1.5.1
1.5.70661.9.2.1.7
1.5.70693.9.2.1.5.2
1.5.70714.8.2.1.2.1.10.4.10
1.5.70725.18.2.1.6
1.5.70734.10.2.1.4.1.9
1.5.70754.10.2.1.1.1.14.1
1.5.70833.6.2.1.6.2
1.5.70965.14.2.1.2.2.5.1.2
1.5.71173.7.2.1.29.5.41
1.5.71214.8.2.1.21.6.10
1.5.71326.9.2.1.3.7.10
1.5.71461.7.2.1
1.5.71618.7.2.1.28
1.5.71628.8.2.1.2
1.5.71912.16.2.1.9
1.6.1.8.2.1
1.6.99.8.2.1.18.3
1.6.228.8.2.1.5
1.6.287.8.2.1.8.3.25.1
1.6.292.8.2.1.4.2.23.3.9
1.6.479.8.2.1.14.6
1.6.480.8.2.1.20
1.6.611.8.2.1.3
1.6.720.8.2.1
1.6.940.8.2.1.2.1.2.2.6
1.6.1004.8.2.1.3
1.6.1030.8.2.1
1.6.1037.8.2.1
1.6.1041.8.2.1
1.6.1094.8.2.1.5
1.6.1272.8.2.1
1.6.1349.8.2.1.7.2.16
1.6.1373.8.2.1.4.1.1
1.6.2222.8.2.1.15
1.6.2551.8.2.1.11.6.15.4.7
1.6.2594.8.2.1.5.3
1.6.2622.8.2.1.4.1.12.5.17
1.6.2806.8.2.1
1.6.2851.8.2.1.19.2.5.5
1.6.2885.8.2.1.13
1.6.2886.8.2.1.18.5
1.6.2887.8.2.1.24
1.6.3063.8.2.1.2.2.6.7.24
1.6.3141.8.2.1.11.1.1
1.6.3339.8.2.1.13
1.6.3397.8.2.1.2.5.10.2
1.6.3441.8.2.1.17.2
1.6.3446.8.2.1.11.4.2.1
1.6.3677.8.2.1
1.6.3693.8.2.1.2.1.2
1.6.3719.8.2.1.17.4
1.6.3782.8.2.1.3.2
1.6.3932.8.2.1.9
1.6.4030.8.2.1.6.4.20.1
1.6.4087.8.2.1.4.8.16.2
1.6.4164.8.2.1.6.2.2.10
1.6.4301.8.2.1
1.6.4346.8.2.1
1.6.4628.8.2.1.15
1.6.4877.8.2.1.3.5.21.1
1.6.5002.8.2.1.5
1.6.5046.8.2.1.5.4
1.6.5064.8.2.1
1.6.5099.8.2.1.9
1.6.5119.8.2.1
1.6.5131.8.2.1.13.1.3.2
1.6.5196.8.2.1.2.1.23
1.6.5281.8.2.1.4
1.6.5371.8.2.1
1.6.5378.8.2.1.8.1.2
1.6.5569.8.2.1
1.6.5611.8.2.1.11.4.3
1.6.5639.8.2.1
1.6.5647.8.2.1.2.1.2
1.6.5710.8.2.1.2.1.3.3.11
1.6.5712.8.2.1.7.1.10.1
1.6.6097.8.2.1.7.3.16
1.6.6110.8.2.1.5
1.6.6156.8.2.1.6.5.23
1.6.6207.8.2.1.6.2.9.2.5
1.6.6508.8.2.1.17
1.6.6523.8.2.1.7.4
1.6.6649.8.2.1.9
1.6.6688.8.2.1.21.2.6.3.32
1.6.6703.8.2.1.7.3.21
1.6.6799.8.2.1
1.6.6805.8.2.1.5.4
1.6.6870.8.2.1.32.3.38
1.6.7021.8.2.1.11.1
1.6.7221.8.2.1.3.5
1.6.7248.8.2.1.13.4.9
1.6.7339.8.2.1.1.1
1.6.7386.8.2.1.2.2.7
1.6.7453.8.2.1
1.6.7589.8.2.1.1.1
1.6.7711.8.2.1.1.5
1.6.7885.8.2.1.4.1.2.2.6
1.6.8159.8.2.1.1.1
1.6.8213.8.2.1
1.6.8257.8.2.1.4.3
1.6.8373.8.2.1.5
1.6.8432.8.2.1.8.3.25.1
1.6.8637.8.2.1.5.1
1.6.8638.8.2.1.7.3.52
1.6.8773.8.2.1.2.2.5
1.6.8812.8.2.1.6.7
1.6.8888.8.2.1
1.6.8908.8.2.1.4.1
1.6.8993.8.2.1.1.1.1
1.6.9116.8.2.1.2
1.6.9174.8.2.1.3
1.6.9200.8.2.1
1.6.9207.8.2.1
1.6.9211.8.2.1
1.6.9279.8.2.1.3.2.6
1.6.9468.8.2.1
1.6.9477.8.2.1.6.2.5
1.6.9537.8.2.1.7.2.16
1.6.9567.8.2.1.25
1.6.9914.8.2.1.4.2.25.6.22.8
1.6.9980.8.2.1.2.1
1.6.10452.8.2.1.15
1.6.10781.8.2.1.11.6.15.4.7
1.6.10825.8.2.1.5.3
1.6.10853.8.2.1.4.1.12.5.17
1.6.11085.8.2.1.19.2.5.5
1.6.11116.8.2.1.1.1.14.2.9
1.6.11116.8.2.1.3.1.1.1
1.6.11119.8.2.1.8
1.6.11295.8.2.1.2.2.6.7.24
1.6.11373.8.2.1.8
1.6.11537.8.2.1
1.6.11574.8.2.1.13
1.6.11636.8.2.1.2.5.10.2
1.6.11680.8.2.1.17.2
1.6.11685.8.2.1.11.4.2.1
1.6.11685.8.2.1.11.4.3.1
1.6.11820.8.2.1.17.3.7.1
1.6.11893.8.2.1
1.6.11909.8.2.1.2.1.2
1.6.11935.8.2.1.17.4
1.6.11998.8.2.1.3.2
1.6.12088.8.2.1
1.6.12164.8.2.1.9
1.6.12308.8.2.1.6.1
1.6.12525.8.2.1
1.6.12570.8.2.1
1.6.12647.8.2.1.5
1.6.12683.8.2.1.2.2
1.6.12864.8.2.1.15
1.6.12982.8.2.1.7
1.6.13118.8.2.1.3.5.21.1
1.6.13245.8.2.1.2
1.6.13289.8.2.1.5.4
1.6.13307.8.2.1
1.6.13358.8.2.1
1.6.13421.8.2.1.2.1.23
1.6.13506.8.2.1.4
1.6.13595.8.2.1
1.6.13602.8.2.1.8.1.2
1.6.13637.8.2.1.5.4.3.1
1.6.13819.8.2.1.11.4.3
1.6.13843.8.2.1.1.1
1.6.13851.8.2.1.5.5.17.3.23
1.6.13919.8.2.1.6
1.6.14232.8.2.1
1.6.14312.8.2.1.1.1.2
1.6.14325.8.2.1.5
1.6.14358.8.2.1.1.1.48.1.6
1.6.14416.8.2.1.7.6.16
1.6.14689.8.2.1.15.1.3.2.2
1.6.14850.8.2.1.8.1.7
1.6.14881.8.2.1
1.6.14932.8.2.1.21.2.6.3.32
1.6.14947.8.2.1.7.3.21
1.6.15048.8.2.1.4.3.11.6
1.6.15144.8.2.1.13.1
1.6.15452.8.2.1.3.5
1.6.15479.8.2.1.13.4.9
1.6.15570.8.2.1.1.1
1.6.15619.8.2.1.7.1.2.2.2
1.6.15686.8.2.1
1.6.15828.8.2.1.1.1
1.6.15933.8.2.1.3.1.2.2.2
1.6.15943.8.2.1.1.5
1.6.15944.8.2.1.7.1.1.1
1.6.15970.8.2.1.16
1.6.16118.8.2.1.4.1.2.2.6
1.6.16279.8.2.1.6.2.10
1.6.16385.8.2.1.1.1
1.6.16601.8.2.1.9.3.12
1.6.16660.8.2.1.8.3.25.1
1.6.16875.8.2.1.5.1
1.6.16876.8.2.1.7.3.52
1.6.17009.8.2.1.3.3.72
1.6.17103.8.2.1
1.6.17159.8.2.1.6
1.6.17206.8.2.1.1.1.1
1.6.17323.8.2.1.2
1.6.17350.8.2.1.3.2
1.6.17484.8.2.1.3.2.6
1.6.17671.8.2.1
1.6.17786.8.2.1.25
1.6.18171.8.2.1.7.5
1.6.18447.8.2.1.9.3.8
1.6.18660.8.2.1.1.3.10
1.6.18701.8.2.1.2
1.6.19002.8.2.1.11.6.15.4.7
1.6.19058.8.2.1.22.1
1.6.19085.8.2.1.4
1.6.19113.8.2.1
1.6.19350.8.2.1.1.1.14.2.9
1.6.19354.8.2.1.12.5.26.3.8
1.6.19380.8.2.1.5.1
1.6.19520.8.2.1.2.2.6.7.24
1.6.19761.8.2.1
1.6.19798.8.2.1.21.4
1.6.19856.8.2.1.2.5.10.2
1.6.20079.8.2.1
1.6.20095.8.2.1.2.1.2
1.6.20121.8.2.1.17.4
1.6.20184.8.2.1.3.2
1.6.20271.8.2.1
1.6.20341.8.2.1.3.3.12
1.6.20725.8.2.1.4.3.5.4
1.6.20751.8.2.1
1.6.20803.8.2.1.18
1.6.21055.8.2.1.15
1.6.21179.8.2.1.7
1.6.21294.8.2.1.3.5.21.1
1.6.21413.8.2.1.2
1.6.21432.8.2.1.2
1.6.21476.8.2.1.5.4
1.6.21494.8.2.1
1.6.21545.8.2.1
1.6.21606.8.2.1.2.1.23
1.6.21692.8.2.1.29.6.8.1.23
1.6.21779.8.2.1
1.6.21786.8.2.1.8.1.2
1.6.22003.8.2.1.7.2.23
1.6.22024.8.2.1
1.6.22032.8.2.1.2.1.2
1.6.22101.8.2.1.6
1.6.22486.8.2.1.1.1.2
1.6.22499.8.2.1.5
1.6.22581.8.2.1
1.6.22622.8.2.1.4
1.6.22909.8.2.1.23.3.25
1.6.23060.8.2.1
1.6.23111.8.2.1.21.2.6.3.32
1.6.23126.8.2.1.7.2.21
1.6.23228.8.2.1.4.3.11.6
1.6.23306.8.2.1.5.3
1.6.23607.8.2.1
1.6.23641.8.2.1.16
1.6.23645.8.2.1.8.4
1.6.23652.8.2.1.25.4
1.6.23796.8.2.1.2.2.7
1.6.23998.8.2.1.1.1
1.6.24123.8.2.1.1
1.6.24135.8.2.1.1.1
1.6.24173.8.2.1.24
1.6.24236.8.2.1.15.9.13.3
1.6.24458.8.2.1.6.2.10
1.6.24686.8.2.1.4.2
1.6.24812.8.2.1.9.3.12
1.6.24871.8.2.1.8.3.25.1
1.6.25051.8.2.1.14.6
1.6.25052.8.2.1.20
1.6.25183.8.2.1.2.2.5
1.6.25291.8.2.1
1.6.25311.8.2.1.4.1
1.6.25509.8.2.1.2
1.6.25536.8.2.1.3.2
1.6.25567.8.2.1.3
1.6.25593.8.2.1
1.6.25600.8.2.1
1.6.25604.8.2.1
1.6.25660.8.2.1.3.2.6
1.6.25735.8.2.1.1.1.2.1
1.6.25860.8.2.1.6.2.5
1.6.25920.8.2.1.7.2.16
1.6.25950.8.2.1.25
1.6.26360.8.2.1.2.1
1.6.26859.8.2.1.1.3.10
1.6.26944.8.2.1.5.1.15.1.5
1.6.27180.8.2.1.11.6.15.4.7
1.6.27236.8.2.1.22.1
1.6.27263.8.2.1.4
1.6.27291.8.2.1
1.6.27527.8.2.1.1.1.14.2.9
1.6.27529.8.2.1.7
1.6.27573.8.2.1.5.1.7.2
1.6.27706.8.2.1.2.2.6.7.24
1.6.27777.8.2.1.11.1.1
1.6.27965.8.2.1
1.6.27999.8.2.1.21.4
1.6.28057.8.2.1.2.5.10.2
1.6.28101.8.2.1.17.2
1.6.28106.8.2.1.11.4.2.1
1.6.28106.8.2.1.11.4.3.1
1.6.28268.8.2.1.15.3.7.1
1.6.28341.8.2.1
1.6.28357.8.2.1.2.1.2
1.6.28383.8.2.1.17.4
1.6.28446.8.2.1.3.2
1.6.28515.8.2.1
1.6.28595.8.2.1.9
1.6.28761.8.2.1.6.1
1.6.28981.8.2.1.14.11.16.1
1.6.29000.8.2.1.4.3.5.4
1.6.29024.8.2.1
1.6.29361.8.2.1.18
1.6.29606.8.2.1.3.5.21.1
1.6.29738.8.2.1.2
1.6.29782.8.2.1.5.4
1.6.29853.8.2.1
1.6.29914.8.2.1.2.1.23
1.6.29999.8.2.1.4
1.6.30088.8.2.1
1.6.30095.8.2.1.8.1.2
1.6.30130.8.2.1.5.4.3.1
1.6.30305.8.2.1.11.4.3
1.6.30333.8.2.1
1.6.30341.8.2.1.2.1.2
1.6.30404.8.2.1.6.2.5
1.6.30775.8.2.1.1.1.2
1.6.30791.8.2.1.5
1.6.30837.8.2.1.6.5.23
1.6.30860.8.2.1
1.6.30900.8.2.1.6.1.1
1.6.30969.8.2.1.3.3.4
1.6.31317.8.2.1.4.1.11.6.12
1.6.31341.8.2.1.9.1.1
1.6.31380.8.2.1.25.2.6.3.18
1.6.31394.8.2.1.21.4.2
1.6.31395.8.2.1.27.1
1.6.31487.8.2.1.2.1.1
1.6.31490.8.2.1.8.3
1.6.31597.8.2.1.5.3
1.6.31913.8.2.1.12
1.6.31922.8.2.1.10.1
1.6.32013.8.2.1.1.1
1.6.32060.8.2.1.2.2.7
1.6.32127.8.2.1
1.6.32263.8.2.1.1.1
1.6.32359.8.2.1.21.8.21.1
1.6.32387.8.2.1.1.5
1.6.32391.8.2.1.3.2.29.6
1.6.32428.8.2.1.24
1.6.32728.8.2.1.6.2.10
1.6.32828.8.2.1.2.2.2
1.6.32839.8.2.1.1.1
1.6.33039.8.2.1.5
1.6.33098.8.2.1.8.3.25.1
1.6.33301.8.2.1.5.1
1.6.33302.8.2.1.7.3.53
1.6.33436.8.2.1.6.2.13
1.6.33552.8.2.1
1.6.33572.8.2.1.4.1
1.6.33760.8.2.1.2.1.2.2.6
1.6.33792.8.2.1.4.1.2.1
1.6.33824.8.2.1.3
1.6.33850.8.2.1
1.6.33857.8.2.1
1.6.33861.8.2.1
1.6.34100.8.2.1
1.6.34183.8.2.1.7.2.16
1.6.34207.8.2.1.4.1.1
1.6.34831.8.2.1.9.3.8
1.6.34996.8.2.1.4.5.31.6
1.6.35043.8.2.1.15
1.6.35373.8.2.1.11.6.15.4.7
1.6.35429.8.2.1.22.1
1.6.35456.8.2.1.4
1.6.35484.8.2.1
1.6.35545.8.2.1.29.2.5.5
1.6.35697.8.2.1.19.2.5.5
1.6.35728.8.2.1.1.1.14.2.9
1.6.35728.8.2.1.3.1.1.1
1.6.35733.8.2.1.7.2.10
1.6.35775.8.2.1.5.1.7.2
1.6.35912.8.2.1.2.2.6.7.24
1.6.36173.8.2.1.13
1.6.36234.8.2.1.2.5.10.2
1.6.36489.8.2.1
1.6.36505.8.2.1.2.1.2
1.6.36531.8.2.1.17.4
1.6.36594.8.2.1.3.2
1.6.36684.8.2.1
1.6.36756.8.2.1.9
1.6.36920.8.2.1.6.1
1.6.37158.8.2.1.4.3.5.4
1.6.37184.8.2.1
1.6.37512.8.2.1.18
1.6.37762.8.2.1.3.5.21.1
1.6.37881.8.2.1.2
1.6.37893.8.2.1.10.1.24.1.19
1.6.37946.8.2.1.8.2.7.1
1.6.37964.8.2.1
1.6.38015.8.2.1
1.6.38081.8.2.1.2.1.23
1.6.38252.8.2.1
1.6.38259.8.2.1.8.1.2
1.6.38376.8.2.1.7.4.22.1
1.6.38439.8.2.1
1.6.38481.8.2.1.11.4.3
1.6.38519.8.2.1.4.2.22
1.6.38575.8.2.1.10
1.6.38951.8.2.1.1.1.2
1.6.38964.8.2.1.5
1.6.39010.8.2.1.6.5.23
1.6.39077.8.2.1.6.1.1
1.6.39085.8.2.1
1.6.39344.8.2.1.15.1.3.2.2
1.6.39384.8.2.1.23.3.25
1.6.39502.8.2.1.4.1.11.6.12
1.6.39529.8.2.1
1.6.39597.8.2.1.1.1.7
1.6.39618.8.2.1.7.3.19
1.6.39724.8.2.1.4.3.11.6
1.6.39819.8.2.1.5.3
1.6.40154.8.2.1.12
1.6.40163.8.2.1.10.1
1.6.40189.8.2.1.1.1.1.1
1.6.40298.8.2.1.7.1.2.2.2
1.6.40365.8.2.1
1.6.40501.8.2.1.1.1
1.6.40626.8.2.1.1.5
1.6.40628.8.2.1.3.1.1.1
1.6.40663.8.2.1.24
1.6.40726.8.2.1.15.9.13.3
1.6.40794.8.2.1.4.1.2.2.6
1.6.40959.8.2.1.6.2.10
1.6.41197.8.2.1
1.6.41324.8.2.1.5
1.6.41383.8.2.1.8.3.25.1
1.6.41592.8.2.1.5.1
1.6.41593.8.2.1.7.3.52
1.6.41706.8.2.1.2.2.89.2.77
1.6.41743.8.2.1.6.7
1.6.41819.8.2.1
1.6.41855.8.2.1.14.5
1.6.41920.8.2.1.1.1.1
1.6.42040.8.2.1.2.1.2.2.6
1.6.42200.8.2.1.3.2.6
1.6.42272.8.2.1
1.6.42379.8.2.1
1.6.42502.8.2.1.25
1.6.43362.8.2.1
1.6.43424.8.2.1.15
1.6.43744.8.2.1.11.6.15.4.7
1.6.43800.8.2.1.22.1
1.6.43827.8.2.1.4
1.6.43855.8.2.1
1.6.43915.8.2.1.29.2.5.5
1.6.44056.8.2.1.19.2.5.5
1.6.44087.8.2.1.1.1.14.2.9
1.6.44091.8.2.1.12.5.26.3.8
1.6.44256.8.2.1.2.2.6.7.24
1.6.44527.8.2.1.13
1.6.44589.8.2.1.2.5.10.2
1.6.44633.8.2.1.17.2
1.6.44638.8.2.1.11.4.2.1
1.6.44638.8.2.1.11.4.3.1
1.6.44788.8.2.1.17.3.7.1
1.6.44861.8.2.1
1.6.44877.8.2.1.2.1.2
1.6.44903.8.2.1.17.4
1.6.44983.8.2.1
1.6.45041.8.2.1
1.6.45069.8.2.1.1
1.6.45133.8.2.1.3.3.12
1.6.45229.8.2.1.4.3.21.1
1.6.45291.8.2.1.6.1
1.6.45516.8.2.1.4.3.5.4
1.6.45540.8.2.1
1.6.45580.8.2.1.9.4.12
1.6.45823.8.2.1.18
1.6.46075.8.2.1.3.5.21.1
1.6.46202.8.2.1.2
1.6.46246.8.2.1.5.4
1.6.46264.8.2.1
1.6.46315.8.2.1
1.6.46387.8.2.1.2.1.23
1.6.46465.8.2.1.29.6.8.1.27
1.6.46539.8.2.1
1.6.46546.8.2.1.8.1.2
1.6.46581.8.2.1.5.4.3.1
1.6.46769.8.2.1.11.4.3
1.6.46793.8.2.1.1.1
1.6.46807.8.2.1.4.2.20
1.6.46862.8.2.1.4.1.2.2.3
1.6.47239.8.2.1.7.3.16
1.6.47255.8.2.1.5
1.6.47301.8.2.1.6.5.23
1.6.47364.8.2.1.6.1.1
1.6.47618.8.2.1.15.1.3.2.2
1.6.47658.8.2.1.23.3.25
1.6.47775.8.2.1.4.1.11.6.12
1.6.47799.8.2.1.9.1.1
1.6.47832.8.2.1.25.2.6.3.18
1.6.47846.8.2.1.20
1.6.47951.8.2.1.4.3.11.6
1.6.48046.8.2.1.5.3
1.6.48170.8.2.1
1.6.48385.8.2.1.12
1.6.48394.8.2.1.10.1
1.6.48474.8.2.1.1.1
1.6.48521.8.2.1.2.2.7
1.6.48588.8.2.1
1.6.48730.8.2.1.1.1
1.6.48826.8.2.1.21.8.21.1
1.6.48854.8.2.1.1.5
1.6.48855.8.2.1.7.1.1.1
1.6.48890.8.2.1.24
1.6.49002.8.2.1.4.1.2.2.6
1.6.49150.8.2.1.6.2.10
1.6.49258.8.2.1.1.1
1.6.49368.8.2.1.35.3
1.6.49492.8.2.1.9.3.12
1.6.49551.8.2.1.8.3.25.1
1.6.49764.8.2.1.9.2.7
1.6.49766.8.2.1.11.3.8
1.6.49900.8.2.1.2.2.5
1.6.49998.8.2.1
1.6.50210.8.2.1.2
1.6.50237.8.2.1.3.2
1.6.50268.8.2.1.3
1.6.50294.8.2.1
1.6.50301.8.2.1
1.6.50305.8.2.1
1.6.50371.8.2.1.3.2.6
1.6.50554.8.2.1
1.6.50671.8.2.1.4.1.1
1.6.51517.8.2.1.1.3.10
1.6.51849.8.2.1.11.6.15.4.7
1.6.51893.8.2.1.5.3
1.6.51921.8.2.1.4.1.12.5.17
1.6.52105.8.2.1
1.6.52150.8.2.1.19.2.5.5
1.6.52181.8.2.1.1.1.14.2.9
1.6.52185.8.2.1.12.5.26.3.8
1.6.52348.8.2.1.2.2.6.7.25
1.6.52426.8.2.1.8
1.6.52594.8.2.1
1.6.52631.8.2.1.13
1.6.52693.8.2.1.2.5.10.2
1.6.52739.8.2.1.14.1.22.4
1.6.52946.8.2.1
1.6.52962.8.2.1.2.1.2
1.6.52988.8.2.1.17.4
1.6.53068.8.2.1
1.6.53196.8.2.1.9
1.6.53355.8.2.1.6.1
1.6.53588.8.2.1.14.11.16.1
1.6.53607.8.2.1.4.3.5.4
1.6.53631.8.2.1
1.6.53964.8.2.1.18
1.6.54228.8.2.1.3.5.21.1
1.6.54346.8.2.1.2
1.6.54358.8.2.1.10.1.24.1.19
1.6.54398.8.2.1.5.4
1.6.54416.8.2.1
1.6.54467.8.2.1
1.6.54528.8.2.1.2.1.23
1.6.54674.8.2.1
1.6.54681.8.2.1.8.1.2
1.6.54898.8.2.1.11.4.3
1.6.54927.8.2.1
1.6.54935.8.2.1.2.1.2
1.6.55004.8.2.1.6
1.6.55368.8.2.1.1.1.2
1.6.55384.8.2.1.5
1.6.55430.8.2.1.6.5.23
1.6.55498.8.2.1.1
1.6.55510.8.2.1
1.6.55800.8.2.1.22
1.6.55909.8.2.1.4.1.11.6.12
1.6.55936.8.2.1
1.6.55999.8.2.1.25.2.6.3.18
1.6.56014.8.2.1.7.3.21
1.6.56113.8.2.1.4.3.11.6
1.6.56216.8.2.1.6.2.27.1
1.6.56320.8.2.1.3.2
1.6.56537.8.2.1.12
1.6.56547.8.2.1.22.3
1.6.56684.8.2.1.7.1.2.2.2
1.6.56751.8.2.1
1.6.56885.8.2.1.1.1
1.6.57020.8.2.1.12.3.20.3
1.6.57020.8.2.1.13.4.24.3.12
1.6.57030.8.2.1.1.1
1.6.57068.8.2.1.24
1.6.57230.8.2.1.3.3
1.6.57472.8.2.1.2.2.2
1.6.57483.8.2.1.1.1
1.6.57702.8.2.1.9
1.6.57761.8.2.1.8.3.25.1
1.6.57970.8.2.1.5.1
1.6.57971.8.2.1.7.3.53
1.6.58106.8.2.1.2.2.5
1.6.58145.8.2.1.6.7
1.6.58415.8.2.1.2
1.6.58442.8.2.1.3.2
1.6.58473.8.2.1.3
1.6.58499.8.2.1
