1.1.1.2.17.2
1.1.1.121.15.3.5.4
1.1.1.150.8.1.4
1.1.1.160.11.2.9.5
1.1.1.211.17.2.4
1.1.1.217.5.1.2.2.10.2
1.1.1.327.14.3.6.17.11
1.1.1.369.5.1.1.19.5.4
1.1.1.434.8.2.4
1.1.1.450.58.2.4.9
1.1.1.457.22.3.8
1.1.1.489.5.1.2
1.1.1.490.5.1.5.2.13.1.5
1.1.1.540.17.1.6.3
1.1.1.593.5.1.5.1
1.1.1.672.3
1.1.1.731.10.1.4.2
1.1.1.786.5.1
1.1.1.787.5.1.1.1
1.1.1.879.12
1.1.1.1075.30.2.17.10.18.1.1
1.1.1.1097.25.2
1.1.1.1099.8.1.4
1.1.1.1158.15.1.21
1.1.1.1187.5.1.3.1.1.1.1
1.1.1.1201.22.5.8
1.1.1.1213.16.2.12
1.1.1.1216.5.1.1.1.27.9.25
1.1.1.1237.33.2.9.1.1.1.13
1.1.1.1239.5.1.2.15
1.1.1.1352.5.1.3.7
1.1.1.1479.9.1.4.1
1.1.1.1519.9.1.16
1.1.1.1565.6
1.1.1.1849.5.1.2.3.2.1
1.1.1.1885.5.1.7.1
1.1.1.2027.5.1.3.1.6.5.21.2
1.1.1.2113.5.1.13.2.22.5
1.1.1.2267.5.1.8.3.3
1.1.1.2306.5.1.3.1
1.1.1.2469.13.1.36
1.1.1.2600.5.1.3.2
1.1.1.2632.18.1.13.14.31
1.1.1.2646.11.2.9.9
1.1.1.2690.5.1.3
1.1.1.2800.5.1
1.1.1.3042.23.2
1.1.1.3108.17.2.26
1.1.1.3273.5.1
1.1.2.3315.5.1.1
1.1.2.3322.27.2.13.8.12.3
1.1.2.3351.5.1
1.1.2.3396.33.1.16.9
1.1.2.3396.33.1.16.13
1.1.2.3532.5.1.14.4
1.1.2.3604.14.2.25.3
1.1.2.3612.18.4.5.5
1.1.2.3623.5.1.1.1.10.1
1.1.2.3743.9.1.7
1.1.2.3760.14.5.12.14
1.1.2.3853.5.1.1
1.1.2.3979.14.5.5.16.9
1.1.2.4030.5.1.9.1.1.1
1.1.2.4038.51.2.16.6
1.1.2.4071.15.2.11.7
1.1.2.4089.54.1.4
1.1.2.4166.9.1.7.5
1.1.2.4200.25.3
1.1.2.4404.9.1.15.5
1.1.2.4466.13.3.5
1.1.2.4554.18.3
1.1.2.4556.21.1.23
1.1.2.4595.9.3.8
1.1.2.4610.5.1.2.1.5
1.1.2.4676.5.1.7.1.5.1.33
1.1.2.4683.5.1.2.1.2.1.10
1.1.2.4777.19.1.9
1.1.2.4800.5.1.2.1.3.1
1.1.2.4991.24.1.8.22
1.1.2.5003.5.1.4.16.18.6
1.1.2.5016.5.1
1.1.2.5125.5.1.1.1
1.1.2.5132.5.1.3.3.46
1.1.2.5165.3
1.1.2.5168.5.1
1.1.2.5179.22.1.4.5
1.1.2.5319.9.2.4.3
1.1.2.5487.13.2
1.1.2.5529.23.3.17.7.2
1.1.2.5568.16.2.4
1.1.2.5575.5.1.6.1.1
1.1.2.5651.11
1.1.2.5707.9.2.4.2
1.1.2.5761.15.1.6
1.1.2.5762.20.3.5.5.7.1
1.1.2.5764.36
1.1.2.5839.8.1.4.3
1.1.2.5845.32.2.19.15
1.1.2.5861.5.1.2.1
1.1.2.5881.14.3.9
1.1.2.5883.5.1.2.4.3.2.12
1.1.2.5931.17.1.6.3
1.1.2.5984.5.1.5.1
1.1.2.6011.49.4.4
1.1.2.6062.3
1.1.2.6121.10.1.4.2
1.1.2.6196.10.1.20
1.1.2.6263.5.1.13
1.1.2.6473.30.2.17.10.18.1.1
1.1.2.6497.8.1.4
1.1.2.6503.5.1
1.1.2.6550.15.1.21
1.1.2.6571.29.2
1.1.2.6579.5.1.3.13.24
1.1.2.6593.22.3.4
1.1.2.6593.22.5.8
1.1.2.6605.16.2.12
1.1.2.6608.5.1.1.1.27.9.24
1.1.2.6796.10.1.6
1.1.2.6811.3
1.1.2.6862.5.1.13.38.24
1.1.2.6871.18.1.40
1.1.2.6888.9.1.16
1.1.2.6934.6
1.1.2.7233.5.1.2.3.2.1
1.1.2.7269.5.1.7.1
1.1.2.7332.8.2.19.9
1.1.2.7414.5.1.3.1.6.5.21.2
1.1.2.7496.8.3.13.9.6
1.1.2.7625.14.2.36.20.4.1
1.1.2.7664.10.1.4.9
1.1.2.7711.5.1.7
1.1.2.7804.5.1.2.1.4.3
1.1.2.7934.5.1.3.3
1.1.2.7998.5.1.3.2
1.1.2.8030.28.1.16.7
1.1.2.8049.11.2.9.3
1.1.2.8093.5.1.3
1.1.2.8387.5.1.3.14.11.5.30.51
1.1.2.8436.23.2
1.1.2.8502.17.2.26
1.1.2.8650.38.3
1.1.2.8701.8.4.4
1.1.2.8729.23.5.22.15.3
1.1.2.8802.33.1.16.8
1.1.2.8802.33.1.16.12
1.1.2.8958.5.1.5
1.1.2.9010.14.2.25.3
1.1.2.9018.18.4.5.5
1.1.2.9029.10.1.4
1.1.2.9142.5.1.5.3
1.1.2.9162.13.2.17.11.4.2
1.1.2.9166.10.1.15
1.1.2.9183.14.5.12.14
1.1.2.9403.14.5.5.16.9
1.1.2.9453.19.3.5.2.17
1.1.2.9503.5.1.5
1.1.2.9524.54.1.4
1.1.2.9600.9.1.7.5
1.1.2.9803.5.1.9
1.1.2.9855.5.1
1.1.2.9892.5.1.2.9.4
1.1.2.10003.18.3
1.1.2.10005.21.1.23
1.1.2.10042.9.3.8
1.1.2.10057.5.1.2.1.5
1.1.2.10065.5.1.9.3.30.2
1.1.2.10126.5.1.7.1.5.1.20
1.1.2.10133.5.1.2.1.2.1.10
1.1.2.10167.5.1.1.4.2
1.1.2.10182.12
1.1.2.10251.8.1.4
1.1.2.10274.5.1.2.1.3.1
1.1.2.10480.5.1.4.16.18.6
1.1.2.10510.5.1.3.3.12.1
1.1.2.10553.5.1.2.2
1.1.2.10610.5.1.1.1
1.1.2.10632.14.4.5.5.22.4.19
1.1.2.10645.3
1.1.2.10648.5.1
1.1.2.10659.22.1.4.5
1.1.2.10806.5.1.24.9.32
1.1.2.10986.15.3.5.4
1.1.2.11015.8.1.4
1.1.2.11025.11.2.9.5
1.1.2.11076.17.2.4
1.1.2.11082.5.1.2.2.10.2
1.1.2.11199.14.3.6.17.11
1.1.2.11229.17.1.6.1
1.1.2.11240.20.3.5.4.6.4
1.1.2.11283.6
1.1.2.11302.15.3
1.1.2.11331.5.1.2.2.3
1.1.2.11338.5.1.2
1.1.2.11370.5.1.2
1.1.2.11371.5.1.5.2.13.1.5
1.1.2.11419.17.1.6.3
1.1.2.11472.5.1.5.1
1.1.2.11558.3
1.1.2.11617.10.1.4.2
1.1.2.11681.5.1.9.7
1.1.2.11723.29.2.4.2
1.1.2.11740.5.1.13
1.1.2.11775.5.1.7.2.3.2
1.1.2.11944.25.2
1.1.2.11946.8.1.4
1.1.2.12003.15.1.21
1.1.2.12022.17.4.4
1.1.2.12031.5.1.3.1.1.1.1
1.1.2.12045.22.5.8
1.1.2.12057.16.2.12
1.1.2.12060.5.1.1.1.27.9.25
1.1.2.12164.3
1.1.2.12191.5.1.3.7
1.1.2.12264.3
1.1.2.12306.15
1.1.2.12312.5.1.9.2.4.3.36
1.1.2.12349.9.1.16
1.1.2.12395.6
1.1.2.12491.5.1.5.3.17.10.10
1.1.2.12497.11.1.5.14
1.1.2.12529.10.2.11
1.1.2.12680.5.1.2.3.2.1
1.1.2.12777.5.1.8.2.4
1.1.2.12858.5.1.8.4
1.1.2.12916.8.3.13.9.6
1.1.2.13074.5.1.9.1
1.1.2.13128.16.1.4.3
1.1.2.13132.5.1.8.7.11.1
1.1.2.13215.5.1.9.2.7.2
1.1.2.13289.13.1.36
1.1.2.13348.5.1.3.3
1.1.2.13386.3
1.1.2.13400.3
1.1.2.13424.5.1.13.4.22.8.4
1.1.2.13435.11.2.9.9
1.1.2.13470.5.1.3
1.1.2.13778.28.2.12.1
1.1.2.13781.5.1.1.2
1.1.2.13834.23.2
1.1.2.13900.17.2.26
1.1.2.14080.5.1.22.10.18.5
1.1.2.14117.5.1.3.3.47.8.17
1.1.2.14189.33.1.16.8
1.1.2.14189.33.1.16.12
1.1.2.14321.5.1.14.4
1.1.2.14341.5.1.5
1.1.2.14394.24.1.4
1.1.2.14409.27.2.25.9.15.2.7
1.1.2.14541.14.2.15.27
1.1.2.14566.22.4.5.22
1.1.2.14578.14.5.12.14
1.1.2.14772.14.5.5.16.9
1.1.2.14823.19.3.5.2.17
1.1.2.14873.5.1.5
1.1.2.14907.5.1
1.1.2.14981.9.1.7.5
1.1.2.15185.5.1.9
1.1.2.15237.5.1
1.1.3.15379.18.3
1.1.3.15381.21.1.23
1.1.3.15436.10.5.4.17
1.1.3.15447.5.1.2.2.5.2
1.1.3.15505.5.1.8.1.5.1.20
1.1.3.15512.5.1.2.1.2.1.10
1.1.3.15546.5.1.1.4.2
1.1.3.15561.12
1.1.3.15620.5.1.6.3.4.1
1.1.3.15644.24.2
1.1.3.15652.5.1.1.2.7
1.1.3.15840.14
1.1.3.15853.5.1.4.16.18.6
1.1.3.15903.9.1.4.18
1.1.3.15926.5.1.2.2
1.1.3.15983.5.1.1.1
1.1.3.15990.5.1.3.3.46
1.1.3.15997.39.2.24.11.9.3
1.1.3.16012.3
1.1.3.16015.5.1
1.1.3.16026.22.1.4.5
1.1.3.16152.9.2.4.1
1.1.3.16323.15.3.5.4
1.1.3.16352.8.1.4
1.1.3.16362.11.2.9.5
1.1.3.16413.17.2.4
1.1.3.16419.5.1.2.2.10.2
1.1.3.16536.14.3.6.17.11
1.1.3.16596.15.2
1.1.3.16629.16.2
1.1.3.16637.5.1.2.2
1.1.3.16678.14.4.10.1.2
1.1.3.16683.3
1.1.3.16703.14.3.9
1.1.3.16705.5.1.2.4.3.2.11
1.1.3.16751.11.2.4.11
1.1.3.16761.3
1.1.3.16944.10.1.4.2
1.1.3.17015.10.1.20
1.1.3.17043.29.2.4.2
1.1.3.17083.12
1.1.3.17339.15.1.21
1.1.3.17360.29.2
1.1.3.17368.5.1.3.13.24
1.1.3.17395.5.1.2.1.26.2.14
1.1.3.17395.5.1.3.2.29.2.28
1.1.3.17532.5.1.3.7
1.1.3.17669.9.1.4.1
1.1.3.17706.65.1.10
1.1.3.17711.9.4.4.1
1.1.3.17758.6
1.1.3.17852.5.1.1.1.3
1.1.3.17863.38.2.5.2.12
1.1.3.18038.5.1.2.3.2.1
1.1.3.18147.17.2.6.6.12
1.1.3.18239.11.2.32.15.16
1.1.3.18316.8.3.13.9.6
1.1.3.18475.5.1.8.3.3
1.1.3.18514.5.1.3.1
1.1.3.18528.5.1.7
1.1.3.18621.5.1.2.1.4.3
1.1.3.18804.3
1.1.3.18818.3
1.1.3.18842.5.1.13.4.22.8.4
1.1.3.18853.11.2.9.9
1.1.3.18888.5.1.3
1.1.3.19119.18.2.7.1
1.1.3.19239.23.2
1.1.3.19305.17.2.26
1.1.3.19394.5.1.4.1
1.1.3.19509.5.1.22.10.18.5
1.1.3.19522.8.4.4
1.1.3.19548.9.1.4.3
1.1.3.19628.33.1.16.8
1.1.3.19628.33.1.16.12
1.1.3.19787.5.1.5
1.1.3.19839.14.2.25.3
1.1.3.19847.18.4.5.5
1.1.3.19858.10.1.4
1.1.3.19968.14.2.15.27
1.1.3.20008.14.5.12.14
1.1.3.20202.14.5.5.16.9
1.1.3.20247.8.2.4
1.1.3.20254.19.3.5.2.7
1.1.3.20311.13.1.7.3
1.1.3.20312.18.3
1.1.3.20346.5.1
1.1.3.20371.19.2.8
1.1.3.20385.16
1.1.3.20847.18.3
1.1.3.20849.21.1.23
1.1.3.20886.9.3.8
1.1.3.20901.15.2.7
1.1.3.20909.5.1.2.2.5.2
1.1.3.20974.5.1.6
1.1.3.21005.5.1.1.4.2
1.1.3.21020.12
1.1.3.21101.13.3.6.26
1.1.3.21308.14
1.1.3.21322.5.1.2
1.1.3.21394.5.1.2.2
1.1.3.21423.9.2.4.2
1.1.3.21429.5.1.1.1.2.1
1.1.3.21445.5.1.1.1
1.1.3.21452.5.1.3.3.46
1.1.3.21482.3
1.1.3.21485.5.1
1.1.3.21496.22.1.4.5
1.1.3.21623.9.2.4.3
1.1.3.21796.15.3.5.4
1.1.3.21825.8.1.4
1.1.3.21835.11.2.9.5
1.1.3.21886.5.1.6.1.1
1.1.3.22000.5.1.1.1.5.2.55
1.1.3.22052.15.1.6
1.1.3.22053.20.3.5.5.7.1
1.1.3.22055.36
1.1.3.22093.16.2
1.1.3.22101.5.1.2.2
1.1.3.22134.5.1.4
1.1.3.22142.14.4.10.1.2
1.1.3.22167.5.1.8.1.19
1.1.3.22228.17.1.6.3
1.1.3.22358.3
1.1.3.22417.10.1.4.2
1.1.3.22488.10.1.20
1.1.3.22517.29.2.4.2
1.1.3.22638.19
1.1.3.22748.30.2.17.10.18.1.1
1.1.3.22781.5.1.1.12
1.1.3.22817.5.1.4.1
1.1.3.22851.15.1.21
1.1.3.22875.29.2
1.1.3.22883.5.1.3.13.24
1.1.3.22897.22.3.4
1.1.3.22897.22.5.8
1.1.3.22909.16.2.12
1.1.3.22912.5.1.1.1.27.9.24
1.1.3.23051.5.1.3.7
1.1.3.23182.9.1.4.1
1.1.3.23219.65.1.10
1.1.3.23224.9.4.4.1
1.1.3.23271.6
1.1.3.23361.5.1.5.3.17.18.7
1.1.3.23367.11.1.5.14
1.1.3.23424.3
1.1.3.23428.5.1.10.13.11.4.12
1.1.3.23543.5.1.2.3.2.1
1.1.3.23579.5.1.7.1
1.1.3.23633.15.2.9.2.4.1.7
1.1.3.23639.17.2.6.3.11
1.1.3.23724.5.1.3.1.6.5.22.2
1.1.3.23801.8.3.13.9.6
1.1.3.23956.5.1.8.3.3
1.1.3.23995.5.1.3.1
1.1.3.24322.46.1
1.1.3.24372.14.2.10.1.1.2.5
1.1.3.24409.16.3.9.1
1.1.3.24415.9.3.12.9
1.1.3.24671.5.1.3.14.11.5.30.34
1.1.3.24678.14.2.20.5.10
1.1.3.24723.22.1.8
1.1.3.24778.8.1.20.13
1.1.3.24779.13.3.26.20
1.1.3.24886.5.1.3.8
1.1.3.24958.18.2.5.4
1.1.3.25001.5.1.3.3.47.8.17
1.1.3.25071.10.2.11
1.1.3.25073.9.1.10
1.1.3.25074.14.4.7.2.12
1.1.3.25074.14.4.7.2.16
1.1.3.25241.5.1.5
1.1.3.25293.14.2.25.3
1.1.3.25301.18.4.5.5
1.1.3.25312.10.1.4
1.1.3.25422.14.2.15.27
1.1.3.25458.14.5.12.14
1.1.3.25656.14.5.5.16.9
1.1.3.25701.8.2.4
1.1.3.25708.19.3.5.2.7
1.1.3.25758.5.1.5
1.1.3.25779.54.1.4
1.1.3.25858.9.1.7.5
1.1.3.26249.18.3
1.1.3.26251.21.1.23
1.1.3.26306.10.4.4.3
1.1.3.26317.5.1.9.3.20.2
1.1.3.26372.29.4.5.6.5.1.9
1.1.3.26385.13.1.4.6
1.1.3.26420.5.1.1.4.2
1.1.3.26435.12
1.1.3.26494.5.1.6.3.4.1
1.1.3.26518.24.2
1.1.3.26526.5.1.1.2.7
1.1.3.26713.14
1.1.3.26727.5.1.2
1.1.3.26849.5.1.1.1
1.1.3.26856.5.1.3.3.46
1.1.3.26972.5.1
1.1.3.27030.15.2.13
1.1.3.27087.14.3.7.2.18.1
1.1.3.27200.15.3.5.4
1.1.3.27229.8.1.4
1.1.3.27239.11.2.9.5
1.1.3.27423.9.2.4.2
1.1.3.27478.20.3.5.5.7.1
1.1.3.27480.36
1.1.3.27520.16.2
1.1.3.27528.5.1.2.2
1.1.3.27561.5.1.4
1.1.3.27569.14.4.10.1.2
1.1.3.27601.10.1.4.4
1.1.3.27602.15.1.5.7.8.2
1.1.3.27602.15.1.6.1.3.1.14
1.1.3.27659.17.1.6.3
1.1.3.27712.5.1.5.1
1.1.3.27795.3
1.1.3.27854.10.1.4.2
1.1.3.27908.28.2.13.1.23
1.1.3.27914.5.1.1.2
1.1.3.27996.12
1.1.3.28177.30.2.17.10.18.1.1
1.1.3.28210.5.1.1.12
1.1.3.28271.15.1.21
1.1.3.28292.29.2
1.1.3.28300.5.1.3.13.24
1.1.3.28314.22.3.4
1.1.3.28314.22.5.8
1.1.3.28326.16.2.12
1.1.3.28329.5.1.1.1.27.9.24
1.1.4.96.9.1.4.1
1.1.4.133.65.1.10
1.1.4.138.9.4.4.1
1.1.4.185.6
1.1.4.278.5.1.5.3.17.16.9
1.1.4.284.11.1.5.14
1.1.4.466.5.1.2.3.2.1
1.1.4.502.5.1.7.1
1.1.4.642.13.1
1.1.4.651.11.2.8.7.1
1.1.4.718.14.4.11.1.1.1.4.5
1.1.4.722.5.1.1.2.10.1
1.1.4.869.5.1.8.3.3
1.1.4.908.5.1.3.1
1.1.4.1077.13.1.36
1.1.4.1208.5.1.3.2
1.1.4.1240.28.1.16.7
1.1.4.1259.11.2.9.3
1.1.4.1279.35.1.9
1.1.4.1283.10.2.11
1.1.4.1296.5.1.9.1.13
1.1.4.1523.25.3
1.1.4.1537.18.2.7.1
1.1.4.1600.29.1.4
1.1.4.1664.23.2
1.1.4.1731.8.1.4.1
1.1.4.1876.38.3
1.1.4.1906.13.1.19.5.7
1.1.4.1948.5.1.3.3.47.8.17
1.1.4.2023.33.1.16.9
1.1.4.2023.33.1.16.13
1.1.4.2160.26.1.18.8.4
1.1.4.2229.19.1.4
1.1.4.2242.45.3.6.16.8
1.1.4.2360.14.2.15.27
1.1.4.2399.14.5.12.14
1.1.4.2614.10.2.10.24
1.1.4.2668.19.3.5.2.17
1.1.4.2727.15.2.11.7
1.1.4.2758.5.1
1.1.4.2783.19.2.8
1.1.4.2797.16
1.1.4.3079.3
1.1.4.3080.3
1.1.4.3214.18.3
1.1.4.3216.21.1.23
1.1.4.3255.9.3.8
1.1.4.3269.5.1.13.4.25
1.1.4.3333.5.1.18.2.4.1.10
1.1.4.3344.5.1.6
1.1.4.3399.5.1
1.1.4.3460.8.1.4
1.1.4.3640.32
1.1.4.3683.14
1.1.4.3696.5.1.4.16.18.6
1.1.4.3750.9.1.4.18
1.1.4.3822.5.1.1.1
1.1.4.3829.5.1.3.3.46
1.1.4.3847.23.2.20.9.4.5.9
1.1.4.3860.3
1.1.4.3863.5.1
1.1.4.3873.9.2.26.6
1.1.4.4008.9.2.4.3
1.1.4.4181.15.3.5.4
1.1.4.4210.8.1.4
1.1.4.4220.11.2.9.5
1.1.4.4271.17.2.4
1.1.4.4393.9.2.4.2
1.1.4.4450.5.1.1.19.5.4
1.1.4.4453.9.1.11
1.1.4.4528.8.2.4
1.1.4.4556.5.1.17
1.1.4.4591.5.1.2
1.1.4.4592.5.1.5.2.13.1.5
1.1.4.4640.17.1.6.3
1.1.4.4764.3
1.1.4.4823.10.1.4.2
1.1.4.4912.29.2.4.2
1.1.4.4939.5.1.13
1.1.4.5023.19
1.1.4.5136.30.2.17.10.18.1.1
1.1.4.5160.8.1.4
1.1.4.5166.5.1
1.1.4.5223.15.1.21
1.1.4.5285.5.1.2.1.26.2.14
1.1.4.5285.5.1.3.2.29.2.28
1.1.4.5400.3
1.1.4.5427.5.1.3.7
1.1.4.5550.15
1.1.4.5556.5.1.9.2.4.3.38
1.1.4.5593.9.1.16
1.1.4.5637.6
1.1.4.5751.5.1.5.3.16.5.9
1.1.4.5757.11.1.5.14
1.1.4.5941.5.1.2.3.2.6
1.1.4.5977.5.1.7.1
1.1.4.6119.5.1.3.1.6.5.22.2
1.1.4.6186.14.4.11.1.1.1.4.2
1.1.4.6190.5.1.1.2.9.1
1.1.4.6328.39.1.25.6
1.1.4.6378.10.2.4.10
1.1.4.6383.9.1.21
1.1.4.6526.5.1.5
1.1.4.6663.5.1.3.2
1.1.4.6695.28.1.16.7
1.1.4.6714.11.2.9.3
1.1.4.6748.5.1.3
1.1.4.6787.5.1.3.7
1.1.4.6867.5.1.4.3
1.1.4.6917.15.2.10.3.8.2
1.1.4.6978.18.2.7.1
1.1.4.7056.28.2.12.1
1.1.4.7059.5.1.1.2
1.1.4.7070.14.2.20.5.10
1.1.4.7115.22.1.8
1.1.4.7172.8.1.4.1
1.1.4.7376.5.1.3.3.47.8.17
1.1.4.7448.10.2.11
1.1.4.7450.9.1.10
1.1.4.7451.14.4.7.2.12
1.1.4.7451.14.4.7.2.16
1.1.4.7583.23.3.7.7
1.1.4.7597.5.1.13
1.1.4.7641.24.1.4
1.1.4.7656.27.2.25.9.15.2.7
1.1.4.7667.14.2.7.7
1.1.4.7769.14.2.15.27
1.1.4.7783.13.2.32.17.9.6
1.1.4.7787.11.1.4
1.1.4.7803.9.1.5.19
1.1.4.7893.5.1.1
1.1.4.8088.5.1.9.1.1.1
1.1.4.8096.51.2.16.6
1.1.4.8121.5.1.6
1.1.4.8122.15.2
1.1.4.8156.5.1
1.1.4.8225.9.1.7.5
1.1.4.8439.5.1.9
1.1.4.8478.3
1.1.4.8479.3
1.1.4.8535.13.3.5
1.1.4.8623.18.3
1.1.4.8625.21.1.23
1.1.4.8676.10.4.16.21
1.1.4.8757.5.1.6
1.1.4.8872.13.3.6.26
1.1.4.9101.5.1.4.16.18.6
1.1.4.9114.5.1
1.1.4.9229.5.1.1.1
1.1.4.9236.5.1.3.3.46
1.1.4.9269.3
1.1.4.9272.5.1
1.1.4.9283.22.1.4.5
1.1.4.9414.9.2.4.3
1.1.4.9581.13.2
1.1.4.9624.23.3.17.7.2
1.1.4.9663.16.2.4
1.1.4.9670.17.2.4
1.1.4.9676.5.1.2.2.10.2
1.1.4.9786.5.1.1.1.5.2.76
1.1.4.9838.15.1.6
1.1.4.9839.20.3.5.5.7.1
1.1.4.9841.36
1.1.4.9918.8.1.4.3
1.1.4.9924.32.2.19.15
1.1.4.9949.5.1.8.1.19
1.1.4.10001.17.1.6.3
1.1.4.10054.5.1.5.1
1.1.4.10190.10.1.4.2
1.1.4.10280.29.2.4.2
1.1.4.10307.5.1.13
1.1.4.10342.5.1.7.2.3.2
1.1.4.10376.14.2.10
1.1.4.10479.30.2.17.10.18.1.1
1.1.4.10512.5.1.1.12
1.1.4.10572.15.1.21
1.1.4.10594.17.4.4
1.1.4.10623.22.5.8
1.1.4.10635.16.2.12
1.1.4.10638.5.1.1.1.27.9.29
1.1.4.10658.33.2.9.1.1.1.46
1.1.4.10660.5.1.2.15
1.1.4.10772.5.1.3.7
1.1.4.10837.10.1.6
1.1.4.10852.3
1.1.4.10906.5.1.7.1.3.1.32
1.1.4.10924.5.1
1.1.4.10938.39.1.10
1.1.4.10943.9.4.4.1
1.1.4.10990.6
1.1.4.11092.5.1.1.1.3
1.1.4.11103.38.2.5.2.12
1.1.4.11130.10.2.11
1.1.4.11287.5.1.2.3.2.6
1.1.4.11323.5.1.7.1
1.1.4.11388.17.2.6.7.12
1.1.4.11475.5.1.3.1.6.5.22.2
1.1.4.11551.14.4.11.1.1.1.4.7
1.1.4.11555.5.1.1.2.10.1
1.1.4.11707.5.1.8.3.3
1.1.4.11746.5.1.3.1
1.1.4.11909.13.1.36
1.1.4.11968.11.2.8
1.1.4.12063.18.1.13.14.24
1.1.4.12080.11.2.9.5
1.1.4.12087.5.1
1.1.4.12341.18.2.7.1
1.1.4.12404.29.1.4
1.1.4.12468.23.2
1.1.4.12533.8.1.20.13
1.1.4.12534.13.3.26.20
1.1.4.12616.5.1.4.1
1.1.4.12682.38.3
1.1.4.12712.13.1.19.5.7
1.1.4.12754.5.1.3.3.47.8.17
1.1.4.12829.33.1.16.9
1.1.4.12829.33.1.16.13
1.1.4.13032.14.2.25.3
1.1.4.13040.18.4.5.5
1.1.4.13051.5.1.1.1.10.1
1.1.4.13146.5.1.5.3
1.1.4.13166.13.2.17.11.4.2
1.1.4.13170.10.1.15
1.1.4.13187.14.5.12.14
1.1.4.13279.5.1.1
1.1.4.13385.14.5.5.16.9
1.1.4.13435.5.1.9.1.1.1
1.1.4.13443.51.2.16.6
1.1.4.13467.5.1.5
1.1.4.13506.5.1
1.1.4.13531.19.2.8
1.1.4.13545.16
1.1.4.13806.5.1.2.30.36
1.1.4.13820.11.2.11
1.1.4.13851.14.2.6.3.10
1.1.4.13865.5.1
1.1.4.13902.5.1.2.9.4
1.1.4.14005.18.3
1.1.4.14007.21.1.23
1.1.4.14046.9.3.8
1.1.4.14060.5.1.2.2.6
1.1.4.14065.5.1.2.2.39.2
1.1.4.14123.5.1.7.1.5.1.16
1.1.4.14130.5.1.2.1.2.1.10
1.1.4.14161.5.1.1.4.2
1.1.4.14176.12
1.1.4.14245.8.1.4
1.1.4.14416.14.1.4
1.1.4.14423.5.1
1.1.4.14453.14
1.1.4.14466.5.1.4.16.18.6
1.1.4.14570.5.1.4.7.11.4.16
1.1.4.14606.5.1
1.1.4.14786.15.2.13
1.1.4.14974.15.3.5.4
1.1.4.15003.8.1.4
1.1.4.15013.11.2.9.5
1.1.4.15064.17.2.4
1.1.4.15070.5.1.2.2.10.2
1.1.4.15187.14.3.6.17.11
1.1.4.15229.5.1.1.19.5.4
1.1.4.15262.16.2
1.1.4.15270.5.1.2.2
1.1.4.15293.5.1.1.1.3.2
1.1.4.15304.40.2.4.9
1.1.4.15311.22.3.8
1.1.4.15338.5.1.2
1.1.4.15339.5.1.5.2.13.1.5
1.1.4.15389.17.1.6.3
1.1.4.15520.3
1.1.4.15579.10.1.4.2
1.1.4.15650.10.1.20
1.1.4.15691.18.2.21
1.1.4.15749.5.1.7.2.3.2
1.1.4.15930.8.1.4
1.1.4.15936.5.1
1.1.4.15983.15.1.21
1.1.4.16012.5.1.3.2.2
1.1.4.16025.15.3.25.8.10.1
1.1.4.16029.5.1.3.1.17
1.1.4.16031.15.2.12.5.27.4
1.1.4.16054.33.2.9.1.1.1.10
1.1.4.16056.5.1.2.15
1.1.4.16170.13.2.18.2.4.1
1.1.4.16260.43.2.20.10.11
1.1.4.16275.9.2.9
1.1.4.16279.27.2.13.14
1.1.4.16282.5.1.2.1.4.1.2
1.1.4.16312.65.1.10
1.1.4.16317.9.4.4.1
1.1.4.16364.6
1.1.4.16464.5.1.1.1.3
1.1.4.16472.5.1.5.2.14
1.1.4.16499.10.2.11
1.1.4.16645.5.1.2.3.2.1
1.1.4.16833.5.1.3.1.6.5.21.2
1.1.4.16906.14.4.11.1.1.1.4.5
1.1.4.16910.5.1.1.2.10.1
1.1.4.17049.39.1.25.6
1.1.4.17099.10.2.4.10
1.1.4.17104.9.1.21
1.1.4.17187.5.1.2.1.4.3
1.1.4.17258.13.1.36
1.1.4.17378.5.1.3.2
1.1.4.17410.28.1.16.7
1.1.4.17429.11.2.9.3
1.1.4.17464.5.1.3
1.1.4.17584.5.1
1.1.4.17675.3
1.1.4.17776.28.2.12.1
1.1.4.17828.23.2
1.1.4.17894.17.2.26
1.1.4.18000.5.1.3.8
1.1.4.18072.18.2.5.4
1.1.4.18115.5.1.3.3.47.8.17
1.1.4.18191.33.1.16.8
1.1.4.18191.33.1.16.12
1.1.4.18326.5.1.14.4
1.1.4.18398.14.2.25.3
1.1.4.18406.18.4.5.5
1.1.4.18417.5.1.1.1.10.1
1.1.4.18516.14.2.15.27
1.1.4.18552.14.5.12.14
1.1.4.18772.10.2.10.24
1.1.4.18824.5.1.9.1.1.1
1.1.4.18832.51.2.16.6
1.1.4.18856.5.1.5
1.1.4.18955.9.1.7.5
1.1.4.19167.5.1.2.21.16
1.1.4.19201.3
1.1.4.19202.3
1.1.4.19357.18.3
1.1.4.19359.21.1.23
1.1.4.19414.10.5.4.17
1.1.4.19479.12.1.4.1
1.1.4.19593.8.1.4
1.1.4.19616.5.1.2.1.3.1
1.1.4.19778.32
1.1.4.19829.24.1.8.22
1.1.4.19841.5.1.4.16.18.6
1.1.4.19891.9.1.4.18
1.1.4.19914.5.1.2.2
1.1.4.19943.5.1.7.2.6
1.1.4.19992.23.2.20.9.4.11.55
1.1.4.20005.3
1.1.4.20008.5.1
1.1.4.20019.22.1.4.5
1.1.4.20094.5.1
1.1.4.20162.5.1.24.9.36
1.1.4.20219.29.3.16.1.1.1
1.1.4.20326.15.3.5.4
1.1.4.20355.8.1.4
1.1.4.20365.11.2.9.5
1.1.4.20416.5.1.6.1.1
1.1.4.20538.33.2.8.2.4
1.1.4.20590.15.1.6
1.1.4.20591.20.3.5.5.7.1
1.1.4.20638.16.2
1.1.4.20646.5.1.2.2
1.1.4.20669.5.1.1.1.3.2
1.1.4.20680.40.2.4.9
1.1.4.20687.22.3.8
1.1.4.20698.5.1.4.7
1.1.4.20718.5.1.2
1.1.4.20719.5.1.5.2.13.1.5
1.1.4.20769.17.1.6.3
1.1.4.20816.5.1.5.1
1.1.4.20957.10.1.4.2
1.1.4.21012.5.1
1.1.4.21013.5.1.1.1
1.1.4.21063.29.2.4.2
1.1.4.21092.5.1.13
1.1.4.21127.5.1.7.2.3.2
1.1.4.21289.30.2.17.10.18.1.1
1.1.4.21322.5.1.1.12
1.1.4.21383.15.1.21
1.1.4.21415.5.1.3.2.2
1.1.4.21428.15.3.25.8.10.1
1.1.4.21432.5.1.3.1.17
1.1.4.21434.15.2.12.5.27.4
1.1.4.21457.33.2.9.1.1.1.10
1.1.4.21459.5.1.2.15
1.1.4.21571.5.1.3.7
1.1.4.21655.22.2.13
1.1.4.21702.11.2.4.8
1.1.4.21714.18.1.40
1.1.4.21731.9.1.16
1.1.4.21775.6
1.1.4.21889.5.1.5.3.16.5.9
1.1.4.21895.11.1.5.14
1.1.4.22080.5.1.2.3.2.6
1.1.4.22179.15.2.9.2.4.1.7
1.1.4.22185.17.2.6.3.11
1.1.4.22267.11.2.32.15.14
1.1.4.22350.22.1.15.5
1.1.4.22507.5.1.8.3.3
1.1.4.22557.10.2.4.11
1.1.4.22562.9.1.21
1.1.4.22644.5.1.9.2.7.2
1.1.4.22842.5.1.3.2
1.1.4.22874.28.1.16.7
1.1.4.22893.11.2.9.3
1.1.4.23230.5.1.1.1.13.1.32.43
1.1.4.23269.23.2
1.1.4.23335.17.2.26
1.1.4.23483.38.3
1.1.4.23534.8.4.4
1.1.4.23562.23.5.22.15.3
1.1.4.23635.33.1.16.9
1.1.4.23635.33.1.16.13
1.1.4.23766.5.1.14.4
1.1.4.23838.14.2.25.3
1.1.4.23846.18.4.5.5
1.1.4.23857.5.1.1.1.10.1
1.1.4.23949.5.1.5.3
1.1.4.23969.13.2.17.11.4.2
1.1.4.23973.11.1.4
1.1.4.23989.9.1.5.19
1.1.4.24180.14.5.5.16.9
1.1.4.24225.8.2.4
1.1.4.24232.19.3.5.2.7
1.1.4.24283.5.1.6
1.1.4.24284.15.2
1.1.4.24318.5.1
1.1.4.24339.5.1
1.1.4.24353.16
1.1.4.24388.9.1.7.5
1.1.4.24534.5.1.3.3
1.1.4.24599.5.1.9
1.1.4.24638.3
1.1.4.24639.3
1.1.4.24819.18.3
1.1.4.24821.21.1.23
1.1.4.24872.10.5.4.17
1.1.4.24883.5.1.2.2.5.2
1.1.4.24955.5.1.6
1.1.4.25007.5.1
1.1.4.25068.8.1.4
1.1.4.25297.5.1.4.16.18.6
1.1.4.25367.15.3.7.1
1.1.4.25406.9.2.4.2
1.1.4.25412.5.1.1.1.2.1
1.1.4.25428.5.1.1.1
1.1.4.25435.5.1.3.3.46
1.1.4.25443.14.4.5.5.5.3.30
1.1.4.25456.3
1.1.4.25459.5.1
1.1.4.25470.22.1.4.5
1.1.4.25545.5.1
1.1.4.25611.5.1.24.9.56
1.1.4.25766.13.2
1.1.4.25805.5.1.1.2
1.1.4.25809.8.1.4
1.1.4.25819.11.2.9.5
1.1.4.25870.5.1.6.1.1
1.1.4.25998.11.1.15
1.1.4.26005.5.1.10.3.2
1.1.4.26054.15.1.6
1.1.4.26055.20.3.5.5.7.1
1.1.4.26057.36
1.1.4.26095.16.2
1.1.4.26103.5.1.2.2
1.1.4.26126.5.1.1.1.3.2
1.1.4.26137.40.2.4.9
1.1.4.26144.22.3.8
1.1.4.26177.14.3.9
1.1.4.26179.5.1.2.4.3.2.15
1.1.4.26235.15.2.7.7.8
1.1.4.26240.25.2.4.2
1.1.4.26289.5.1.5.1
1.1.4.26375.3
1.1.4.26435.10.1.4.2
1.1.4.26506.10.1.20
1.1.4.26586.12
1.1.4.26655.19
1.1.4.26768.30.2.17.10.18.1.1
1.1.4.26790.25.2
1.1.4.26792.8.1.4
1.1.4.26851.15.1.21
1.1.4.26913.5.1.2.1.26.2.14
1.1.4.26913.5.1.3.2.29.2.28
1.1.4.27024.3
1.1.4.27136.30.2.13
1.1.4.27184.9.1.4.1
1.1.4.27221.65.1.10
1.1.4.27226.9.4.4.1
1.1.4.27273.6
1.1.4.27576.5.1.2.3.2.6
1.1.4.27683.17.2.6.6.12
1.1.4.27770.5.1.3.1.6.5.21.2
1.1.4.27852.8.3.13.9.6
1.1.4.27997.39.1.25.6
1.1.4.28045.16.1.4.3
1.1.4.28049.5.1.8.7.11.1
1.1.4.28133.5.1.2.1.4.3
1.1.4.28204.13.1.36
1.1.4.28253.14.2
1.1.4.28309.5.1.3.2
1.1.4.28341.28.1.16.7
1.1.4.28360.11.2.9.3
1.1.4.28402.5.1.3
1.1.4.28704.28.2.12.1
1.1.4.28756.23.2
1.1.4.28822.17.2.26
1.1.4.28986.5.1
1.1.4.29029.52.5.30.17.39
1.1.4.29101.9.1.4.3
1.1.4.29231.5.1
1.1.4.29240.23.3.7.7
1.1.4.29296.24.1.4
1.1.4.29311.27.2.25.9.15.2.7
1.1.4.29322.14.2.7.7
1.1.4.29457.13.2.17.11.4.2
1.1.4.29461.10.1.15
1.1.4.29478.14.5.12.14
1.1.4.29683.10.2.10.24
1.1.4.29737.5.1.9.1.1.1
1.1.4.29745.51.2.16.6
1.1.4.29778.15.2.11.7
1.1.4.29877.9.1.7.5
1.1.4.30099.5.1.9
1.1.4.30151.5.1
1.1.4.30295.18.3
1.1.4.30297.21.1.23
1.1.4.30334.9.3.8
1.1.4.30348.5.1.13.4.25
1.1.4.30416.46.4.5.8.17.1.10
1.1.4.30422.32.3.14.34.36.9.27
1.1.4.30455.5.1.1.4.2
1.1.4.30470.12
1.1.4.30537.19.1.9
1.1.4.30560.5.1.2.1.3.1
1.1.4.30709.32
1.1.4.30752.14
1.1.4.30765.5.1.4.16.18.6
1.1.4.30823.9.1.4.18
1.1.4.30846.5.1.2.2
1.1.4.30903.5.1.1.1
1.1.4.31086.15.2.13
1.1.4.31272.15.3.5.4
1.1.4.31301.8.1.4
1.1.4.31311.11.2.9.5
1.1.4.31362.17.2.4
1.1.4.31368.5.1.2.2.10.2
1.1.4.31478.14.3.6.17.11
1.1.4.31520.5.1.1.19.5.4
1.1.4.31558.16.2
1.1.4.31566.5.1.2.2
1.1.4.31589.5.1.1.1.3.2
1.1.4.31600.40.2.4.9
1.1.4.31607.22.3.8
1.1.4.31634.5.1.2
1.1.4.31635.5.1.5.2.13.1.5
1.1.4.31685.17.1.6.3
1.1.4.31738.5.1.5.1
1.1.4.31765.49.4.4
1.1.4.31818.3
1.1.4.31877.10.1.4.2
1.1.4.31966.29.2.4.2
1.1.4.32211.30.2.17.10.18.1.1
1.1.4.32233.25.2
1.1.4.32235.8.1.4
1.1.4.32241.5.1
1.1.4.32289.15.1.21
1.1.4.32338.22.5.8
1.1.4.32350.16.2.12
1.1.4.32353.5.1.1.1.27.9.29
1.1.4.32474.5.1.3.7
1.1.4.32562.30.2.13
1.1.4.32612.5.1.13.38.24
1.1.4.32621.18.1.40
1.1.4.32638.9.1.16
1.1.4.32683.6
1.1.4.32778.5.1.1.1.3
1.1.4.32786.5.1.5.2.14
1.1.4.32959.5.1.2.3.2.1
1.1.4.33068.17.2.6.6.12
1.1.4.33155.5.1.3.1.6.5.22.2
1.1.4.33226.14.4.11.1.1.1.4.2
1.1.4.33230.5.1.1.2.10.1
1.1.4.33353.14.2.36.20.4.1
1.1.4.33431.5.1.3.1
1.1.4.33583.5.1.5
1.1.4.33588.13.1.4
1.1.4.33631.11.2.8
1.1.4.33714.5.1.3.2
1.1.4.33746.18.1.13.14.31
1.1.4.33763.11.2.9.5
1.1.4.33798.5.1.3
1.1.4.34023.25.3
1.1.4.34037.18.2.7.1
1.1.4.34097.29.1.4
1.1.4.34161.23.2
1.1.4.34226.8.1.20.13
1.1.4.34227.13.3.26.20
1.1.4.34335.5.1.3.8
1.1.4.34410.30.4.10.7
1.1.4.34449.52.5.30.17.39
1.1.4.34484.5.1
1.1.4.34523.10.2.11
1.1.4.34525.9.1.10
1.1.4.34526.14.4.7.2.12
1.1.4.34526.14.4.7.2.16
1.1.4.34658.5.1.14.4
1.1.4.34678.5.1.5
1.1.4.34730.14.2.25.3
1.1.4.34738.18.4.5.5
1.1.4.34749.10.1.4
1.1.4.34873.14.2.15.27
1.1.4.34899.5.1.13.13.20.1
1.1.4.34911.14.5.12.14
1.1.4.34997.5.1.1
1.1.4.35097.14.5.5.16.9
1.1.4.35150.19.3.5.2.6
1.1.4.35200.5.1.5
1.1.4.35239.5.1
1.1.4.35263.19.2.8
1.1.4.35277.16
1.1.4.35350.25.3
1.1.4.35537.5.1.9
1.1.4.35578.14.2.6.3.10
1.1.4.35592.5.1
1.1.4.35730.18.3
1.1.4.35732.21.1.23
1.1.4.35769.9.3.8
1.1.4.35856.46.4.5.24.23.1.16
1.1.4.35869.13.1.4.6
1.1.4.35904.5.1.1.4.2
1.1.4.35919.12
1.1.4.35978.5.1.6.3.4.1
1.1.5.36224.5.1.4.16.18.6
1.1.5.36292.15.3.7.1
1.1.5.36339.5.1.2.2.19.4.22
1.1.5.36363.5.1.1.1
1.1.5.36370.5.1.3.3.46
1.1.5.36382.14.2
1.1.5.36397.3
1.1.5.36400.5.1
1.1.5.36411.22.1.4.5
1.1.5.36539.9.2.4.3
1.1.5.36715.15.3.5.4
1.1.5.36744.8.1.4
1.1.5.36754.11.2.9.5
1.1.5.36805.5.1.6.1.1
1.1.5.36927.9.2.4.2
1.1.5.36984.5.1.1.19.5.4
1.1.5.36987.9.1.11
1.1.5.37020.6
1.1.5.37035.16.2
1.1.5.37043.5.1.2.2
1.1.5.37066.5.1.1.1.3.2
1.1.5.37077.40.2.4.9
1.1.5.37084.22.3.8
1.1.5.37117.14.3.9
1.1.5.37119.5.1.2.4.3.2.15
1.1.5.37169.17.1.6.3
1.1.5.37222.5.1.5.1
1.1.5.37308.3
1.1.5.37367.10.1.4.2
1.1.5.37421.28.2.13.1.23
1.1.5.37427.5.1.1.2
1.1.5.37502.5.1.13
1.1.5.37537.5.1.7.2.3.2
1.1.5.37679.30.2.17.10.18.1.1
1.1.5.37701.25.2
1.1.5.37703.8.1.4
1.1.5.37709.5.1
1.1.5.37786.29.2
1.1.5.37794.5.1.3.13.24
1.1.5.37807.22.5
1.1.5.37822.5.1.2.1.12.2.14
1.1.5.37822.5.1.3.2.15.2.28
1.1.5.37962.5.1.3.7
1.1.5.38048.30.2.13
1.1.5.38096.9.1.4.1
1.1.5.38136.9.1.16
1.1.5.38178.6
1.1.5.38279.5.1.1.1.3
1.1.5.38290.38.2.5.2.12
1.1.5.38467.5.1.2.3.2.1
1.1.5.38503.5.1.7.1
1.1.5.38553.5.1.8.2.4
1.1.5.38619.13.1
1.1.5.38628.11.2.8.7.1
1.1.5.38708.8.3.13.9.6
1.1.5.38762.16.3.10
1.1.5.38864.5.1.8.3.3
1.1.5.38903.5.1.3.1
1.1.5.38917.5.1.7
1.1.5.39074.13.1.36
1.1.5.39143.5.1.3.3
1.1.5.39192.5.1.3.2
1.1.5.39224.28.1.16.7
1.1.5.39243.11.2.9.3
1.1.5.39250.5.1
1.1.5.39500.25.3
1.1.5.39514.18.2.7.1
1.1.5.39592.28.2.12.1
1.1.5.39602.14.2.20.5.10
1.1.5.39641.17.3.4
1.1.5.39657.5.1
1.1.5.39694.17.2.26
1.1.5.39913.5.1.3.3.47.8.17
1.1.5.39989.33.1.16.8
1.1.5.39989.33.1.16.12
1.1.5.40131.5.1.14.4
1.1.5.40203.14.2.25.3
1.1.5.40211.18.4.5.5
1.1.5.40222.10.1.4
1.1.5.40344.14.5.12.14
1.1.5.40430.5.1.1
1.1.5.40544.14.5.5.16.9
1.1.5.40595.19.3.5.2.17
1.1.5.40645.5.1.5
1.1.5.40666.54.1.4
1.1.5.40742.9.1.7.5
1.1.5.40946.5.1.9
1.1.5.40978.3
1.1.5.40979.3
1.1.5.41038.13.3.5
1.1.5.41126.18.3
1.1.5.41128.21.1.23
1.1.5.41181.10.5.4.17
1.1.5.41245.5.1.1
1.1.5.41346.5.1.6.3.4.1
1.1.5.41370.24.2
1.1.5.41378.5.1.1.2.7
1.1.5.41526.32
1.1.5.41569.14
1.1.5.41582.5.1.4.16.18.6
1.1.5.41632.9.1.4.18
1.1.5.41655.5.1.2.2
1.1.5.41712.5.1.1.1
1.1.5.41739.23.2.20.9.4.5.8
1.1.5.41752.3
1.1.5.41755.5.1
1.1.5.41765.9.2.26.6
1.1.5.41835.5.1
1.1.5.41892.9.2.4.3
1.1.5.42051.13.2
1.1.5.42093.23.3.17.7.2
1.1.5.42132.16.2.4
1.1.5.42139.17.2.4
1.1.5.42145.5.1.2.2.10.2
1.1.5.42215.11
1.1.5.42266.14.3.6.17.11
1.1.5.42308.5.1.1.19.5.4
1.1.5.42343.16.2
1.1.5.42351.5.1.2.2
1.1.5.42392.14.4.10.1.2
1.1.5.42397.3
1.1.5.42416.10.1.4.4
1.1.5.42417.15.1.5.7.8.2
1.1.5.42417.15.1.6.1.3.1.14
1.1.5.42473.15.2.7.7.8
1.1.5.42478.25.2.4.2
1.1.5.42527.5.1.5.1
1.1.5.42554.49.4.4
1.1.5.42605.3
1.1.5.42664.10.1.4.2
1.1.5.42719.5.1
1.1.5.42720.5.1.1.1
1.1.5.42745.10.1.20
1.1.5.42822.12
1.1.5.43028.5.1.1.12
1.1.5.43089.15.1.21
1.1.5.43113.29.2
1.1.5.43121.5.1.3.2.2
1.1.5.43141.10.6.4.2
1.1.5.43273.5.1.3.7
1.1.5.43340.14.2
1.1.5.43356.3
1.1.5.43398.15
1.1.5.43404.5.1.9.2.4.3.36
1.1.5.43441.9.1.16
1.1.5.43486.6
1.1.5.43581.5.1.1.1.3
1.1.5.43592.38.2.5.2.12
1.1.5.43785.5.1.2.3.2.1
1.1.5.43885.15.2.9.2.4.1.7
1.1.5.43891.17.2.6.3.11
1.1.5.43983.11.2.32.15.16
1.1.5.44074.5.1.13.2.22.7
1.1.5.44214.39.1.25.6
1.1.5.44264.10.2.4.11
1.1.5.44269.9.1.21
1.1.5.44351.5.1.9.2.7.2
1.1.5.44411.5.1.5
1.1.5.44569.46.1
1.1.5.44617.5.1.3
1.1.5.44730.5.1.1
1.1.5.44813.25.3
1.1.5.44893.5.1.3.14.11.5.30.22
1.1.5.44942.23.2
1.1.5.45008.17.2.26
1.1.5.45120.5.1.3.8
1.1.5.45195.30.4.10.7
1.1.5.45234.5.1.3.3.47.8.17
1.1.5.45309.33.1.16.8
1.1.5.45309.33.1.16.12
1.1.5.45444.5.1.14.4
1.1.5.45464.5.1.5
1.1.5.45516.14.2.25.3
1.1.5.45524.18.4.5.5
1.1.5.45535.5.1.1.1.10.1
1.1.5.45653.13.2.17.11.4.2
1.1.5.45657.10.1.15
1.1.5.45674.14.5.12.14
1.1.5.45766.5.1.1
1.1.5.45865.14.5.5.16.9
1.1.5.45967.5.1.2.3.11.1
1.1.5.45967.5.1.3.4.13.2
1.1.5.46063.9.1.7.5
1.1.5.46294.3
1.1.5.46295.3
1.1.5.46309.5.1
1.1.5.46461.18.3
1.1.5.46463.21.1.23
1.1.5.46516.10.5.4.17
1.1.5.46577.24.1.8.15
1.1.5.46597.27.1.4
1.1.5.46679.8.1.4
1.1.5.46702.5.1.2.1.3.1
1.1.5.46963.9.1.4.18
1.1.5.46986.5.1.2.2
1.1.5.47043.5.1.1.1
1.1.5.47099.9.2.15.6
1.1.5.47233.5.1.24.9.32
1.1.5.47404.15.3.5.4
1.1.5.47433.8.1.4
1.1.5.47443.11.2.9.5
1.1.5.47494.5.1.6.1.1
1.1.5.47612.14.3.6.17.11
1.1.5.47657.8.1.4
1.1.5.47665.5.1.9.2
1.1.5.47703.16.2
1.1.5.47711.5.1.2.2
1.1.5.47734.5.1.1.1.3.2
1.1.5.47745.40.2.4.9
1.1.5.47752.22.3.8
1.1.5.47785.14.3.9
1.1.5.47787.5.1.2.4.3.2.15
1.1.5.47834.5.1.10
1.1.5.47893.5.1.5.1
1.1.5.47976.3
1.1.5.48035.10.1.4.2
1.1.5.48124.29.2.4.2
1.1.5.48177.5.1.7.2.3.2
1.1.5.48217.14.2.10
1.1.5.48330.30.2.17.10.18.1.1
1.1.5.48363.5.1.1.12
1.1.5.48427.15.1.21
1.1.5.48448.29.2
1.1.5.48456.5.1.3.13.24
1.1.5.48483.5.1.2.1.26.2.14
1.1.5.48483.5.1.3.2.29.2.28
1.1.5.48611.5.1.3.7
1.1.5.48697.30.2.13
1.1.5.48747.9.1.4.1
1.1.5.48787.9.1.16
1.1.5.48831.6
1.1.5.48945.5.1.5.3.16.5.9
1.1.5.48951.11.1.5.14
1.1.5.48983.10.2.11
1.1.5.49141.5.1.2.3.2.1
1.1.5.49236.5.1.8.2.4
1.1.5.49318.11.2.32.15.5
1.1.5.49399.5.1.9.4.6.1
1.1.5.49401.5.1.1.1
1.1.5.49454.16.3.10
1.1.5.49552.39.1.25.6
1.1.5.49602.10.2.4.10
1.1.5.49607.9.1.21
1.1.5.49828.5.1.3.3
1.1.5.49866.3
1.1.5.49880.3
1.1.5.49909.28.1.16.7
1.1.5.49928.11.2.9.3
1.1.5.49963.5.1.3
1.1.5.50194.25.3
1.1.5.50208.18.2.7.1
1.1.5.50268.29.1.4
1.1.5.50332.23.2
1.1.5.50398.17.2.26
1.1.5.50473.5.1.4.1
1.1.5.50563.5.1.22.10.18.5
1.1.5.50602.23.5.22.15.3
1.1.5.50671.10.2.11
1.1.5.50673.9.1.10
1.1.5.50674.14.4.7.2.12
1.1.5.50674.14.4.7.2.16
1.1.5.50880.19.1.4
1.1.5.50893.45.3.6.16.8
1.1.5.51010.14.2.15.27
1.1.5.51024.13.2.32.17.9.6
1.1.5.51028.10.1.15
1.1.5.51045.14.5.12.14
1.1.5.51137.5.1.1
1.1.5.51243.14.5.5.16.9
1.1.5.51293.5.1.9.1.1.1
1.1.5.51301.51.2.16.6
1.1.5.51334.15.2.11.7
1.1.5.51365.5.1
1.1.5.51687.9.1.15.5
1.1.5.51752.13.3.5
1.1.5.51809.5.1
1.1.5.51845.18.3
1.1.5.51847.21.1.23
1.1.5.51886.9.3.8
1.1.5.51901.5.1.2.1.5
1.1.5.51909.5.1.9.3.30.2
1.1.5.51963.5.1.16
1.1.5.52066.5.1.6.3.4.1
1.1.5.52120.5.1.2.1
1.1.5.52268.32
1.1.5.52319.24.1.8.22
1.1.5.52331.5.1.4.16.18.6
1.1.5.52389.9.1.4.18
1.1.5.52412.5.1.2.2
1.1.5.52441.5.1.7.2.6
1.1.5.52661.15.2.13
1.1.5.52736.25
1.1.5.52834.13.2
1.1.5.52876.23.3.17.7.2
1.1.5.52915.16.2.4
1.1.5.52922.5.1.6.1.1
1.1.5.53042.14.3.6.17.11
1.1.5.53084.5.1.1.19.5.4
1.1.5.53120.16.2
1.1.5.53128.5.1.2.2
1.1.5.53151.5.1.1.1.3.2
1.1.5.53174.5.1.17
1.1.5.53209.5.1.2
1.1.5.53210.5.1.5.2.13.1.5
1.1.5.53260.17.1.6.3
1.1.5.53313.5.1.5.1
1.1.5.53396.3
1.1.5.53456.10.1.4.2
1.1.5.53527.10.1.20
1.1.5.53557.29.2.4.2
1.1.5.53584.5.1.13
1.1.5.53775.30.2.17.10.18.1.1
1.1.5.53799.8.1.4
1.1.5.53805.5.1
1.1.5.53861.15.1.21
1.1.5.53890.5.1.1
1.1.5.53903.5.1.3.18.18
1.1.5.53917.22.5.8
1.1.5.53929.16.2.12
1.1.5.53932.5.1.1.1.27.9.24
1.1.5.53952.33.2.9.1.1.1.41
1.1.5.53954.5.1.2.15
1.1.5.54066.5.1.3.7
1.1.5.54138.10.1.6
1.1.5.54153.3
1.1.5.54202.9.1.4.1
1.1.5.54242.9.1.16
1.1.5.54286.6
1.1.5.54400.5.1.5.3.16.5.9
1.1.5.54406.11.1.5.14
1.1.5.54590.5.1.2.3.2.6
1.1.5.54697.17.2.6.3.11
1.1.5.54789.11.2.32.15.16
1.1.5.54869.8.3.13.9.6
1.1.5.54923.16.3.10
1.1.5.55231.13.1.36
1.1.5.55325.3
1.1.5.55339.3
1.1.5.55368.18.1.13.14.31
1.1.5.55385.11.2.9.5
1.1.5.55641.18.2.7.1
1.1.5.55722.28.2.12.1
1.1.5.55732.14.2.20.5.10
1.1.5.55771.17.3.4
1.1.5.55787.5.1
1.1.5.55824.17.2.26
1.1.5.55855.9.1.6.2
1.1.5.55929.5.1.3.8
1.1.5.56002.5.1.22.10.18.5
1.1.5.56041.23.5.22.15.3
1.1.5.56085.24.2.6.1.1
1.1.5.56119.12.3.12.4
1.1.5.56259.5.1.14.4
1.1.5.56279.5.1.5
1.1.5.56329.19.1.4
1.1.5.56342.45.3.6.16.8
1.1.5.56455.5.1.5.3
1.1.5.56475.13.2.17.11.4.2
1.1.5.56479.11.1.4
1.1.5.56495.9.1.5.19
1.1.5.56693.14.5.5.16.9
1.1.5.56793.13.1.7.3
1.1.5.56794.18.3
1.1.5.56828.5.1
1.1.5.56853.19.2.8
1.1.5.56867.16
1.1.5.57064.5.1.3.3
1.1.5.57127.5.1.2.30.36
1.1.5.57141.11.2.11
1.1.5.57172.14.2.6.3.10
1.1.5.57218.13.3.5
1.1.5.57306.18.3
1.1.5.57308.21.1.23
1.1.5.57345.9.3.8
1.1.5.57360.5.1.2.1.5
1.1.5.57420.35.1.8.34
1.1.5.57526.8.1.4
1.1.5.57750.5.1.4.16.18.6
1.1.5.57765.5.1
1.1.5.57873.5.1.1.1
1.1.5.57880.5.1.3.3.46
1.1.5.57887.39.2.24.11.9.3
1.1.5.57902.3
1.1.5.57905.5.1
1.1.5.57916.22.1.4.5
1.1.5.58052.9.2.4.3
1.1.5.58232.15.3.5.4
1.1.5.58261.8.1.4
1.1.5.58271.11.2.9.5
1.1.5.58322.17.2.4
1.1.5.58328.5.1.2.2.10.2
1.1.5.58443.33.2.8.2.4
1.1.5.58492.5.1.1.19.5.4
1.1.5.58585.5.1.4
1.1.5.58593.14.4.10.1.2
1.1.5.58609.5.1.2.1
1.1.5.58629.14.3.9
1.1.5.58631.5.1.2.4.3.2.12
1.1.5.58681.15.2.7.7.8
1.1.5.58686.25.2.4.2
1.1.5.58735.5.1.5.1
1.1.5.58814.3
1.1.5.58873.10.1.4.2
1.1.5.58927.28.2.13.1.23
1.1.5.58933.5.1.1.2
1.1.5.59008.5.1.13
1.1.5.59043.5.1.7.2.3.2
1.1.5.59197.30.2.17.11.37.1.1
1.1.5.59221.8.1.4
1.1.5.59278.15.1.21
1.1.5.59302.29.2
1.1.5.59310.5.1.3.13.24
1.1.5.59324.22.3.4
1.1.5.59324.22.5.8
1.1.5.59336.16.2.12
1.1.5.59339.5.1.1.1.27.9.24
1.1.5.59478.5.1.3.7
1.1.5.59602.9.1.4.1
1.1.5.59639.65.1.10
1.1.5.59644.9.4.4.1
1.1.5.59689.6
1.1.5.59789.5.1.1.1.3
1.1.5.59800.38.2.5.2.12
1.1.5.59831.10.2.12
1.1.5.59979.5.1.2.3.2.10
1.1.5.60074.5.1.8.2.4
1.1.5.60146.13.1
1.1.5.60155.11.2.8.7.1
1.1.5.60230.14.4.11.1.1.1.4.4
1.1.5.60373.39.1.25.6
1.1.5.60423.10.2.4.10
1.1.5.60428.9.1.21
1.1.5.60571.5.1.5
1.1.5.60576.13.1.4
1.1.5.60686.3
1.1.5.60700.3
1.1.5.60724.5.1.13.4.19.5.3
1.1.5.60735.11.2.9.9
1.1.5.60770.5.1.3
1.1.5.60809.5.1.3.7
1.1.5.60998.18.2.7.1
1.1.5.61073.28.2.12.1
1.1.5.61076.5.1.1.2
1.1.5.61129.23.2
1.1.5.61195.17.2.26
1.1.5.61298.5.1.3.8
1.1.5.61374.5.1.22.10.18.5
1.1.5.61413.23.5.22.15.3
1.1.5.61457.24.2.6.1.1
1.1.5.61491.12.3.12.4
1.1.5.61635.5.1.14.4
1.1.5.61708.24.1.4
1.1.5.61723.27.2.25.9.15.2.7
1.1.5.61839.14.2.15.27
1.1.5.61853.13.2.32.17.9.6
1.1.5.61857.10.1.15
1.1.5.61874.14.5.12.14
1.1.5.61965.30.2.14.8.14.4
1.1.5.62073.10.2.10.24
1.1.5.62130.5.1.9.1.1.1
1.1.5.62138.51.2.16.6
1.1.5.62171.15.2.11.7
1.1.5.62202.5.1
1.1.5.62222.5.1
1.1.5.62236.16
1.1.5.62271.9.1.7.5
1.1.5.62508.18.2.8.16
1.1.5.62509.23.3
1.1.5.62569.13.3.5
1.1.5.62657.18.3
1.1.5.62659.21.1.23
1.1.5.62710.10.5.4.17
1.1.5.62721.5.1.2.2.5.2
1.1.5.62783.19.1.11.3
1.1.5.62806.27.1.4
1.1.5.62901.13.3.6.26
1.1.5.63130.5.1.4.16.18.6
1.1.5.63143.5.1
1.1.5.63233.5.1.2.2.7
1.1.5.63257.5.1.1.1
1.1.5.63264.5.1.3.3.46
1.1.5.63383.5.1
1.1.5.63446.15.2.15
1.1.5.63611.13.2
1.1.5.63653.23.3.17.7.2
1.1.5.63692.16.2.4
1.1.5.63699.17.2.4
1.1.5.63705.5.1.2.2.10.2
1.1.5.63776.25
1.1.5.63833.5.1.7.3.69
1.1.5.63882.15.1.6
1.1.5.63883.20.3.5.5.7.1
1.1.5.63929.16.2
1.1.5.63937.5.1.2.2
1.1.5.63960.5.1.1.1.3.2
1.1.5.63971.40.2.4.9
1.1.5.63978.22.3.8
1.1.5.64006.14.3.9
1.1.5.64008.5.1.2.4.3.2.17
1.1.5.64060.17.1.6.3
1.1.5.64239.10.1.4.2
1.1.5.64294.5.1
1.1.5.64295.5.1.1.1
1.1.5.64581.30.2.17.10.18.1.1
1.1.5.64603.25.2
1.1.5.64605.8.1.4
1.1.5.64664.15.1.21
1.1.5.64683.17.4.4
1.1.5.64712.22.3.4
1.1.5.64712.22.5.8
1.1.5.64724.16.2.12
1.1.5.64727.5.1.1.1.27.9.29
1.1.5.64855.5.1.3.7
1.1.5.64942.30.2.13
1.1.5.64988.9.1.4.1
1.1.5.65025.65.1.10
1.1.5.65030.9.4.4.1
1.1.5.65075.6
1.1.5.65170.5.1.1.1.5
1.1.5.65181.38.2.5.2.12
1.1.5.65212.10.2.12
1.1.5.65352.5.1.2.3.2.1
1.1.5.65460.17.2.6.6.12
1.1.5.65547.5.1.3.1.6.5.21.2
1.1.5.65625.8.3.13.9.6
1.1.5.65817.5.1.7
1.1.5.65974.6
1.1.5.66112.5.1.3.2
1.1.5.66145.28.1.16.7
1.1.5.66164.11.2.9.3
1.1.5.66195.5.1
1.1.5.66204.14.2.10.1.1.2.5
1.1.5.66328.5.1
1.1.5.66522.5.1.3.14.11.5.30.19
1.1.5.66571.23.2
1.1.5.66637.17.2.26
1.1.5.66668.9.1.6.2
1.1.5.66792.38.3
1.1.5.66822.13.1.19.5.7
1.1.5.66864.5.1.3.3.47.8.17
1.1.5.66933.10.2.11
1.1.5.66935.9.1.10
1.1.5.66936.14.4.7.2.12
1.1.5.66936.14.4.7.2.16
1.1.5.67067.5.1.14.4
1.1.5.67137.19.1.4
1.1.5.67150.45.3.6.16.8
1.1.5.67161.14.2.7.7
1.1.5.67272.14.2.15.27
1.1.5.67297.5.1.19.17.15.1
1.1.5.67309.14.5.12.14
1.1.5.67510.10.2.10.24
1.1.5.67567.5.1.9.1.1.1
1.1.5.67575.51.2.16.6
1.1.5.67600.5.1.6
1.1.5.67601.15.2
1.1.5.67635.5.1
1.1.5.67660.19.2.8
1.1.5.67674.16
1.1.5.67709.9.1.7.5
1.1.5.67743.25.3
1.1.5.67913.5.1.2.30.31
1.1.5.67927.11.2.11
1.1.5.67958.14.2.6.3.10
1.1.5.68015.13.3.5
1.1.5.68114.18.3
1.1.5.68116.21.1.23
1.1.5.68153.9.3.8
1.1.5.68168.5.1.2.1.5
1.1.5.68250.5.1.6
1.1.5.68381.24.2
1.1.5.68389.5.1.1.2.7
1.1.5.68535.32
1.1.5.68586.24.1.8.22
1.1.5.68598.5.1.4.16.18.6
1.1.5.68703.9.2.4.2
1.1.5.68709.5.1.1.1.2.1
1.1.5.68725.5.1.1.1
1.1.5.68732.5.1.3.3.46
1.1.5.68750.23.2.20.9.4.5.7
1.1.5.68763.3
1.1.5.68766.5.1
1.1.5.68777.22.1.4.5
1.1.5.68919.5.1.24.9.33
1.1.5.69076.13.2
1.1.5.69115.5.1.1.2
1.1.5.69119.8.1.4
1.1.5.69129.11.2.9.5
1.1.5.69180.5.1.6.1.1
1.1.5.69300.14.3.6.17.11
1.1.5.69378.16.2
1.1.5.69386.5.1.2.2
1.1.5.69427.14.4.10.1.2
1.1.5.69432.3
1.1.5.69451.10.1.4.4
1.1.5.69452.15.1.5.7.8.2
1.1.5.69452.15.1.6.1.3.1.14
1.1.5.69508.17.1.6.3
1.1.5.69561.5.1.5.1
1.1.5.69644.3
1.1.5.69703.10.1.4.2
1.1.5.69774.10.1.20
1.1.5.69846.12
1.1.5.69915.19
1.1.5.70028.30.2.17.10.18.1.1
1.1.5.70061.5.1.1.12
1.1.5.70116.15.1.21
1.1.5.70140.29.2
1.1.5.70148.5.1.3.2.2
1.1.5.70161.15.3.25.8.10.1
1.1.5.70165.5.1.3.1.17
1.1.5.70167.15.2.12.5.27.4
1.1.5.70171.15.2
1.1.5.70310.5.1.3.7
1.1.5.70444.9.1.4.1
1.1.5.70484.9.1.16
1.1.5.70531.33.2.11.11.34.1
1.1.5.70629.5.1.1.1.3
1.1.5.70640.38.2.5.2.12
1.1.5.70667.10.2.11
1.1.5.70818.5.1.2.3.2.3
1.1.5.70923.8.2.19.9
1.1.5.71010.11.2.32.15.16
1.1.5.71082.14.4.11.1.1.1.4.5
1.1.5.71244.5.1.8.3.3
1.1.5.71294.10.2.4.10
1.1.5.71299.9.1.21
1.1.5.71442.5.1.5
1.1.5.71447.13.1.4
1.1.5.71491.11.2.8
1.1.5.71602.47.1
1.1.5.71650.5.1.3
1.1.5.71811.15.2.10.3.8.2
1.1.5.71865.38.4.6.4
1.1.5.71935.29.1.4
1.1.5.71946.15.3.16.3
1.1.5.71994.23.2
1.1.5.72060.17.2.26
1.1.5.72216.38.3
1.1.5.72241.5.1.20.8.21.14
1.1.5.72268.5.1.25.9.9
1.1.5.72342.10.2.11
1.1.5.72344.9.1.10
1.1.5.72345.14.4.7.2.12
1.1.5.72345.14.4.7.2.16
1.1.5.72478.5.1.1.4.4.8
1.1.5.72495.5.1.5
1.1.5.72547.14.2.25.3
1.1.5.72555.18.4.5.5
1.1.5.72566.10.1.4
1.1.5.72672.14.2.15.27
1.1.5.72709.14.5.12.14
1.1.5.72924.14.5.5.16.9
1.1.5.72977.19.3.5.2.6
1.1.5.73036.15.2.11.7
1.1.5.73054.54.1.4
1.1.5.73182.25.3
1.1.5.73381.9.1.15.5
1.1.5.73444.13.3.5
1.1.5.73532.18.3
1.1.5.73534.21.1.23
1.1.5.73573.9.3.8
1.1.5.73587.5.1.2.2.6
1.1.5.73655.29.4.5.6.8.1.7
1.1.5.73688.8.3.8
1.1.5.73774.13.3.6.26
1.1.5.73934.32
1.1.5.73986.24.1.8.22
1.1.5.73998.5.1.4.16.18.6
1.1.5.74078.15.3.7.1
1.1.5.74141.5.1.1.1
1.1.5.74148.5.1.3.3.46
1.1.5.74165.5.1.2.7.9.7
1.1.5.74180.3
1.1.5.74183.5.1
1.1.5.74194.22.1.4.5
1.1.5.74330.15.2.13
1.1.5.74491.15.3.5.4
1.1.5.74520.8.1.4
1.1.5.74530.11.2.9.5
1.1.5.74581.17.2.4
1.1.5.74587.5.1.2.2.10.2
1.1.5.74697.14.3.6.17.11
1.1.5.74785.16.2
1.1.5.74793.5.1.2.2
1.1.5.74816.5.1.1.1.3.2
1.1.5.74827.40.2.4.9
1.1.5.74834.22.3.8
1.1.5.74862.14.3.9
1.1.5.74864.5.1.2.4.3.2.11
1.1.5.74914.15.2.7.7.8
1.1.5.74919.25.2.4.2
1.1.5.74968.5.1.5.1
1.1.5.75111.10.1.4.2
1.1.5.75168.28.2.13.1.23
1.1.5.75174.5.1.1.2
1.1.5.75249.5.1.13
1.1.5.75284.5.1.7.2.3.2
1.1.5.75433.30.2.17.11.37.1.1
1.1.5.75466.5.1.1.12
1.1.5.75522.15.1.21
1.1.5.75541.17.4.4
1.1.5.75550.5.1.3.2.2
1.1.5.75570.10.6.4.2
1.1.5.75714.5.1.3.7
1.1.5.75791.3
1.1.5.75833.15
1.1.5.75839.5.1.9.2.4.3.38
1.1.5.75876.9.1.16
1.1.5.75922.6
1.1.5.76086.3
1.1.5.76090.5.1.10.13.11.4.12
1.1.5.76205.5.1.2.3.2.3
1.1.5.76302.5.1.8.2.13
1.1.5.76383.5.1.3.1.6.5.21.2
1.1.5.76458.8.3.13.9.6
1.1.5.76816.13.1.36
1.1.5.76879.5.1.3.3
1.1.5.76945.5.1.3.2
1.1.5.76977.28.1.16.7
1.1.5.76996.11.2.9.3
1.1.5.77040.5.1.3
1.1.5.77335.29.1.4
1.1.5.77399.23.2
1.1.5.77465.17.2.26
1.1.5.77496.9.1.6.2
1.1.5.77608.38.3
1.1.5.77632.5.1.2.1.1.12
1.1.5.77669.5.1.3.3.47.8.17
1.1.5.77744.33.1.16.9
1.1.5.77744.33.1.16.13
1.1.5.77876.5.1.14.4
1.1.5.77896.5.1.5
1.1.5.77948.14.2.25.3
1.1.5.77956.18.4.5.5
1.1.5.77967.5.1.1.1.10.1
1.1.5.78062.14.2.15.27
1.1.5.78102.14.5.12.14
1.1.5.78193.5.1.1
1.1.5.78314.14.5.5.16.9
1.1.5.78359.8.2.4
1.1.5.78366.19.3.5.2.7
1.1.5.78417.5.1.6
1.1.5.78418.15.2
1.1.5.78452.5.1
1.1.5.78473.5.1
1.1.5.78487.16
1.1.5.78743.5.1.9
1.1.5.78960.18.3
1.1.5.78962.21.1.23
1.1.5.78999.9.3.8
1.1.5.79013.5.1.2.2.6
1.1.5.79076.5.1.18.2.4.1.9
1.1.5.79092.13.1.4.6
1.1.5.79100.27.1.4
1.1.5.79118.8.3.8
1.1.5.79197.8.1.4
1.1.5.79220.5.1.2.1.3.1
1.1.5.79406.14
1.1.5.79420.5.1.2
1.1.5.79532.5.1.2.2.19.4.39
1.1.5.79556.5.1.1.1
1.1.5.79563.5.1.3.3.46
1.1.5.79611.9.2.15.6
1.1.5.79742.9.2.4.3
1.1.5.79917.15.3.5.4
1.1.5.79946.8.1.4
1.1.5.79956.11.2.9.5
1.1.5.80007.5.1.6.1.1
1.1.5.80131.9.2.4.2
1.1.5.80186.20.3.5.5.7.1
1.1.5.80229.6
1.1.5.80276.8.2.4
1.1.5.80304.5.1.17
1.1.5.80335.14.3.9
1.1.5.80337.5.1.2.4.3.2.11
1.1.5.80390.17.1.6.3
1.1.5.80443.5.1.5.1
1.1.5.80526.3
1.1.5.80585.10.1.4.2
1.1.5.80640.5.1
1.1.5.80641.5.1.1.1
1.1.5.80691.29.2.4.2
1.1.5.80718.5.1.13
1.1.5.80753.5.1.7.2.3.2
1.1.5.80908.8.1.4
1.1.5.80914.5.1
1.1.5.80962.15.1.21
1.1.5.80986.29.2
1.1.5.80994.5.1.3.13.24
1.1.5.81008.22.3.4
1.1.5.81008.22.5.8
1.1.5.81020.16.2.12
1.1.5.81023.5.1.1.1.27.9.24
1.1.5.81145.13.2.18.2.6.1
1.1.5.81232.30.2.13
1.1.5.81283.9.1.4.1
1.1.5.81320.65.1.10
1.1.5.81325.9.4.4.1
1.1.5.81370.6
1.1.5.81467.5.1.5.3.17.10.10
1.1.5.81473.11.1.5.14
1.1.5.81651.5.1.2.3.2.5
1.1.5.81748.5.1.8.2.13
1.1.5.81829.5.1.3.1.6.5.21.2
1.1.5.81907.14.4.11.1.1.1.4.4
1.1.5.81964.16.3.10
1.1.5.82070.5.1.9.1
1.1.5.82122.10.2.4.11
1.1.5.82127.9.1.21
1.1.5.82211.5.1.2.1.4.2
1.1.5.82276.13.1.36
1.1.5.82341.13.1.4
1.1.5.82395.3
1.1.5.82409.3
1.1.5.82433.5.1.13.4.19.5.3
1.1.5.82444.11.2.9.9
1.1.5.82451.5.1
1.1.5.82480.5.1.3
1.1.5.82701.38.4.6.4
1.1.5.82738.5.1.38.1
1.1.5.82769.11.1.4.22
1.1.5.82811.23.2
1.1.5.82876.8.1.20.13
1.1.5.82877.13.3.26.20
1.1.5.83065.5.1.22.10.18.5
1.1.5.83104.23.5.22.15.3
1.1.5.83139.5.1
1.1.5.83189.5.1.9.4.37
1.1.5.83189.5.1.10.5.41.1.11
1.1.5.83307.5.1
1.1.5.83316.23.3.7.7
1.1.5.83372.24.1.4
1.1.5.83387.27.2.25.9.15.2.7
1.1.5.83508.14.2.15.27
1.1.5.83542.14.5.12.14
1.1.5.83751.10.2.10.24
1.1.5.83807.19.3.5.2.17
1.1.5.83857.5.1.5
1.1.5.84108.5.1.3.3
1.1.5.84205.3
1.1.5.84206.3
1.1.5.84338.18.3
1.1.5.84340.21.1.23
1.1.5.84377.9.3.8
1.1.5.84469.5.1.7.1.5.1.14
1.1.5.84476.5.1.2.1.2.1.10
1.1.5.84533.5.1
1.1.5.84584.5.1.6.3.4.1
1.1.5.84608.24.2
1.1.5.84616.5.1.1.2.7
1.1.5.84762.32
1.1.5.84806.24.1.8.22
1.1.5.84818.5.1.4.16.18.6
1.1.5.84874.9.1.4.18
1.1.5.84897.5.1.2.2
1.1.5.84932.5.1.2.2.10.7.24
1.1.5.84956.5.1.1.1
1.1.5.84963.5.1.3.3.46
1.1.5.84995.3
1.1.5.84998.5.1
1.1.5.85008.9.2.26.6
1.1.5.85128.15.2.13
1.1.5.85191.29.3.16.1.1.1
1.1.5.85286.13.2
1.1.5.85369.16.2.4
1.1.5.85376.17.2.4
1.1.5.85382.5.1.2.2.10.2
1.1.5.85497.5.1.1.1.5.2.36
1.1.5.85549.15.1.6
1.1.5.85550.20.3.5.5.7.1
1.1.5.85552.36
1.1.5.85590.16.2
1.1.5.85598.5.1.2.2
1.1.5.85621.5.1.1.1.3.2
1.1.5.85644.5.1.17
1.1.5.85675.14.3.9
1.1.5.85677.5.1.2.4.3.2.11
1.1.5.85725.17.1.6.3
1.1.5.85780.5.1.5.1
1.1.5.85933.10.1.4.2
1.1.5.85990.28.2.13.1.23
1.1.5.85996.5.1.1.2
1.1.5.86018.10.1.20
1.1.5.86080.5.1.13
1.1.5.86115.5.1.7.2.3.2
1.1.5.86270.30.2.17.11.37.1.1
1.1.5.86292.25.2
1.1.5.86294.8.1.4
1.1.5.86353.15.1.21
1.1.5.86377.29.2
1.1.5.86385.5.1.3.2.2
1.1.5.86398.15.3.25.8.10.1
1.1.5.86402.5.1.3.1.17
1.1.5.86404.15.2.12.5.27.4
1.1.5.86408.15.2
1.1.5.86511.5.1.9.2.4.5
1.1.5.86544.13.2.18.2.6.1
1.1.5.86683.9.1.4.1
1.1.5.86720.65.1.10
1.1.5.86725.9.4.4.1
1.1.5.86770.6
1.1.5.86864.5.1.5.3.17.16.9
1.1.5.86870.11.1.5.14
1.1.5.86906.10.2.12
1.1.5.87051.5.1.2.3.2.1
1.1.5.87152.15.2.9.2.4.1.7
1.1.5.87158.17.2.6.3.11
1.1.5.87245.5.1.3.1.6.5.22.2
1.1.5.87312.14.4.11.1.1.1.4.2
1.1.5.87316.5.1.1.2.10.1
1.1.5.87468.5.1.9.1
1.1.5.87522.16.1.4.3
1.1.5.87526.5.1.8.7.11.1
1.1.5.87613.5.1.9.2.7.2
1.1.5.87681.13.1.36
1.1.5.87740.5.1.3.3
1.1.5.87778.3
1.1.5.87792.3
1.1.5.87816.5.1.13.4.19.5.3
1.1.5.87827.11.2.9.9
1.1.5.87871.5.1.3
1.1.5.87910.5.1.3.7
1.1.5.88065.3
1.1.5.88166.28.2.12.1
1.1.5.88169.5.1.1.2
1.1.5.88222.23.2
1.1.5.88288.17.2.26
1.1.5.88319.9.1.6.2
1.1.5.88430.38.3
1.1.5.88454.8.1.5.11.19
1.1.5.88484.5.1.25.9.9
1.1.5.88570.10.2.11
1.1.5.88572.9.1.10
1.1.5.88573.14.4.7.2.12
1.1.5.88573.14.4.7.2.16
1.1.5.88704.22.3.8.5
1.1.5.88725.5.1.5
1.1.5.88777.14.2.25.3
1.1.5.88785.18.4.5.5
1.1.5.88796.5.1.1.1.10.1
1.1.5.88890.14.2.15.27
1.1.5.88926.14.5.12.14
1.1.5.88939.5.1.2.2.10.1
1.1.5.89136.10.2.10.24
1.1.5.89193.5.1.9.1.1.1
1.1.5.89201.51.2.16.6
1.1.5.89226.5.1.6
1.1.5.89227.15.2
1.1.5.89261.5.1
1.1.5.89560.5.1.9
1.1.5.89597.9.1.15.5
1.1.5.89643.5.1.2.9.4
1.1.5.89757.18.3
1.1.5.89759.21.1.23
1.1.5.89814.10.5.4.17
1.1.5.89888.19.1.11.3
1.1.5.89990.5.1.6.3.4.1
1.1.5.90014.24.2
1.1.5.90022.5.1.1.2.7
1.1.5.90209.14
1.1.5.90222.5.1.4.16.18.6
1.1.5.90290.15.3.7.1
1.1.5.90353.5.1.1.1
1.1.5.90360.5.1.3.3.46
1.1.5.90373.14.4.5.5.22.4.20
1.1.5.90386.3
1.1.5.90389.5.1
1.1.5.90399.9.2.26.6
1.1.5.90469.5.1
1.1.5.90526.9.2.4.3
1.1.5.90687.13.2
1.1.5.90777.17.2.4
1.1.5.90857.12
1.1.5.90913.9.2.4.2
1.1.5.90967.15.1.6
1.1.5.90968.20.3.5.5.7.1
1.1.5.90970.36
1.1.5.90979.5.1
1.1.5.91007.16.2
1.1.5.91015.5.1.2.2
1.1.5.91038.5.1.1.1.3.2
1.1.5.91049.40.2.4.9
1.1.5.91056.22.3.8
1.1.5.91083.10.1.4.4
1.1.5.91084.15.1.5.7.8.2
1.1.5.91084.15.1.6.1.3.1.14
1.1.5.91140.15.2.7.7.8
1.1.5.91145.25.2.4.2
1.1.5.91194.5.1.5.1
1.1.5.91276.3
1.1.5.91335.10.1.4.2
1.1.5.91390.5.1
1.1.5.91391.5.1.1.1
1.1.5.91699.30.2.17.10.18.1.1
1.1.5.91732.5.1.1.12
1.1.5.91796.15.1.21
1.1.5.91818.17.4.4
1.1.5.91860.5.1.2.1.26.2.14
1.1.5.91860.5.1.3.2.29.2.28
1.1.5.91999.13.2.18.2.6.1
1.1.5.92116.15
1.1.5.92122.5.1.9.2.4.3.36
1.1.5.92159.9.1.16
1.1.5.92201.6
1.1.5.92315.5.1.5.3.16.5.9
1.1.5.92321.11.1.5.14
1.1.5.92519.5.1.2.3.2.3
1.1.5.92555.5.1.7.1
1.1.5.92609.23.3.15
1.1.5.92615.21.4.8
1.1.5.92701.11.2.32.15.16
1.1.5.92780.8.3.13.9.6
1.1.5.92935.5.1.8.3.3
1.1.5.92974.5.1.3.1
1.1.5.93211.13.1.4
1.1.5.93276.5.1.3.2
1.1.5.93308.28.1.16.7
1.1.5.93327.11.2.9.3
1.1.5.93358.5.1
1.1.5.93366.8.1.5.7
1.1.5.93423.9.3.12.9
1.1.5.93483.5.1
1.1.5.93574.3
1.1.5.93683.28.2.12.1
1.1.5.93693.14.2.20.5.10
1.1.5.93732.17.3.4
1.1.5.93748.5.1
1.1.5.93785.17.2.26
1.1.5.93971.30.4.10.7
1.1.5.93985.8.4.4
1.1.5.94013.23.5.22.15.3
1.1.5.94083.33.1.16.9
1.1.5.94083.33.1.16.13
1.1.5.94211.17.1.7.4.5
1.1.5.94272.24.1.4
1.1.5.94288.36.5.6.1.1
1.1.5.94298.5.1.1.1.10.1
1.1.5.94392.14.2.15.27
1.1.5.94411.9.1.7
1.1.5.94428.14.5.12.14
1.1.5.94633.10.2.10.24
1.1.5.94688.5.1.9.1.1.1
1.1.5.94696.51.2.16.6
1.1.5.94727.13.1.7.3
1.1.5.94728.18.3
1.1.5.94762.5.1
1.1.5.94782.5.1
1.1.5.94796.16
1.1.5.95049.5.1.9
1.1.5.95090.14.2.6.3.10
1.1.5.95104.5.1
1.1.5.95138.13.3.5
1.1.5.95226.18.3
1.1.5.95228.21.1.23
1.1.5.95265.9.3.8
1.1.5.95279.5.1.13.4.25
1.1.5.95349.5.1.18.2.4.1.9
1.1.5.95365.13.1.4.6
1.1.5.95422.5.1
1.1.5.95473.5.1.6.3.4.1
1.1.5.95497.24.2
1.1.5.95505.5.1.1.2.7
1.1.5.95520.5.1.2.1
1.1.5.95654.32
1.1.5.95697.14
1.1.5.95710.5.1.4.16.18.6
1.1.5.95740.5.1.3.3.12.1
1.1.5.95785.5.1.2.2
1.1.5.95820.5.1.2.2.10.7.24
1.1.5.95844.5.1.1.1
1.1.5.95851.5.1.3.3.46
1.1.5.95863.14.2
1.1.5.95878.3
1.1.5.95881.5.1
1.1.5.95892.22.1.4.5
1.1.5.95973.5.1
1.1.6.42.5.1.24.9.35
1.1.6.209.15.3.5.4
1.1.6.238.8.1.4
1.1.6.248.11.2.9.5
1.1.6.299.17.2.4
1.1.6.305.5.1.2.2.10.2
1.1.6.422.14.3.6.17.11
1.1.6.537.8.1.4.3
1.1.6.543.32.2.19.15
1.1.6.571.10.1.4.4
1.1.6.572.15.1.5.7.8.2
1.1.6.572.15.1.6.1.3.1.14
1.1.6.630.15.2.7.7.8
1.1.6.635.25.2.4.2
1.1.6.686.5.1.5.1
1.1.6.768.3
1.1.6.827.10.1.4.2
1.1.6.898.10.1.20
1.1.6.928.29.2.4.2
1.1.6.945.5.1.13
1.1.6.1170.8.1.4
1.1.6.1176.5.1
1.1.6.1233.15.1.21
1.1.6.1285.22.3.4
1.1.6.1285.22.5.8
1.1.6.1297.16.2.12
1.1.6.1300.5.1.1.1.27.9.29
1.1.6.1437.5.1.3.7
1.1.6.1575.9.1.4.1
1.1.6.1612.65.1.10
1.1.6.1617.9.4.4.1
1.1.6.1662.6
1.1.6.1767.13.2.15.10.23
1.1.6.1773.11.1.5.14
1.1.6.1805.10.2.11
1.1.6.1955.5.1.2.3.2.1
1.1.6.2054.15.2.9.2.4.1.7
1.1.6.2060.17.2.6.3.11
1.1.6.2140.5.1.3.1.6.5.21.2
1.1.6.2218.8.3.13.9.6
1.1.6.2307.10.1.4
1.1.6.2381.5.1.8.3.3
1.1.6.2420.5.1.3.1
1.1.6.2641.11.2.8
1.1.6.2652.13.1.4
1.1.6.2745.46.1
1.1.6.2782.35.1.9
1.1.6.2786.10.2.11
1.1.6.2799.14.2.10.1.1.2.5
1.1.6.3074.29.1.4
1.1.6.3138.23.2
1.1.6.3203.8.1.20.13
1.1.6.3204.13.3.26.20
1.1.6.3421.5.1.3.3.47.8.17
1.1.6.3496.33.1.16.9
1.1.6.3496.33.1.16.13
1.1.6.3627.23.3.7.7
1.1.6.3641.5.1.13
1.1.6.3661.3
1.1.6.3687.14.2.25.3
1.1.6.3695.18.4.5.5
1.1.6.3706.10.1.4
1.1.6.3816.14.2.15.27
1.1.6.3841.5.1.13.13.20.1
1.1.6.3853.14.5.12.14
1.1.6.4058.10.2.10.24
1.1.6.4113.5.1.9.1.1.1
1.1.6.4121.51.2.16.6
1.1.6.4146.5.1.6
1.1.6.4147.15.2
1.1.6.4181.5.1
1.1.6.4205.19.2.8
1.1.6.4219.16
1.1.6.4292.25.3
1.1.6.4481.5.1.2.21.16
1.1.6.4495.11.2.11
1.1.6.4524.3
1.1.6.4525.3
1.1.6.4708.18.3
1.1.6.4710.21.1.23
1.1.6.4765.10.4.4.3
1.1.6.4776.5.1.9.3.20.2
1.1.6.4832.5.1.9.3.3
1.1.6.4847.17.1.11.8
1.1.6.4855.27.1.4
1.1.6.4873.8.3.8
1.1.6.4959.13.3.6.26
1.1.6.5137.32
1.1.6.5188.24.1.8.22
1.1.6.5198.17.2.10.5.2
1.1.6.5263.15.3.7.1
1.1.6.5326.5.1.1.1
1.1.6.5352.23.2.20.9.4.14.6
1.1.6.5365.3
1.1.6.5368.5.1
1.1.6.5378.9.2.26.6
1.1.6.5521.15.2.13
1.1.6.5701.13.2
1.1.6.5744.23.3.17.7.2
1.1.6.5783.16.2.4
1.1.6.5790.17.2.4
1.1.6.5796.5.1.2.2.10.2
1.1.6.5912.14.3.6.17.11
1.1.6.5942.17.1.6.1
1.1.6.5953.20.3.5.4.6.4
1.2.2.1
1.2.4.2.1.2.3.6.6
1.2.63.6.3.62.8.19
1.2.76.2.1.2
1.2.120.2.1.3.2.4
1.2.127.8.4.9
1.2.207.6.3.6.4
1.2.293.2.1
1.2.359.4.2.2.2
1.2.516.2.1.2.2.8
1.2.637.12.6.12.1
1.2.665.4.2.3.11.21.2
1.2.695.5
1.2.708.6.3.8.5.8.3
1.2.745.2.1.8.7
1.2.902.2.1.2.1.1
1.2.1061.2.1.1.1.1.1.1
1.2.1148.4.2.10.1
1.2.1156.8.4.9.3.33
1.2.1178.2.1.2.1
1.2.1213.4.2.4.1.9
1.2.1229.6.3.12
1.2.1260.2.1.10.4.12.5
1.2.1277.2.1.2.1.6.1.2
1.2.1280.2.1.1.1.7
1.2.1544.4.2
1.2.1564.6.3.3.1
1.2.1724.5
1.2.1749.4.2.4.3
1.2.1784.2.1.4
1.2.1850.6.3.14.4
1.2.1862.2.1
1.2.1894.4.2.2
1.2.2021.8.4.15.3
1.2.2286.6.3
1.2.2320.4.2.17.5.8.6.4
1.2.2470.2.1.7.2.23
1.2.2474.6.3.9.1.12
1.2.2603.2.1.3.2.4.3
1.2.2721.8.4.15.3.20.6.13.43
1.2.2735.2.1.3.1
1.2.2821.8.4.24.1.3
1.2.2890.14.7.33.1.23
1.2.2924.6.3.10.1
1.2.2941.2.1.35.1.30.1.37
1.2.2965.4.2.8.3
1.2.3182.2.1.23.11.21.8
1.2.3277.2.1.3.1.3.3.8
1.2.3465.4.2.44.1.11.1
1.2.3487.6.3.39.1
1.2.3531.2.1.1.1
1.2.3533.2.1.1
1.2.3535.6.3
1.2.3564.8.4.16.1.1.1.1
1.2.3636.8.4.5.4.20.2.20
1.2.4123.4.2.9.6.8.8.10.2
1.2.4141.2.1.2
1.2.4187.2.1.1.1
1.2.4264.20.10.27.4.6.1
1.2.4268.4.2.3.2.6.1.22
1.2.4280.1
1.2.4541.4.2.27
1.2.4563.2.1.2.2.2.2
1.2.4605.6.3.18.3.7
1.2.4619.2.1.12.2.3.3
1.2.4651.4.2.4.1
1.2.4678.1
1.2.4719.4.2.27.1.20
1.2.4719.4.2.29.3.23
1.2.4861.2.1.4.1
1.2.4886.6.3.14.3.2.2
1.2.5025.4.2.18.4.21.2.8
1.2.5200.8.4.8.1
1.2.5214.8.4.22.5
1.2.5266.2.1.3.3.11
1.2.5289.5
1.2.5300.6.3.5
1.2.5726.2.1.1.5.6.4
1.2.5776.2.1.4
1.2.5816.8.4.10.2.19.2
1.2.5933.14.7.23.1.5.3.8
1.2.5990.8.4
1.5.59.15.2.1
1.5.70.7.2.1.4.2.5.1.4
1.5.94.13.2.1.23
1.5.169.8.2.1.15.3.25.11.29.19
1.5.337.8.2.1.10.1.6
1.5.391.25.2.1.3.3
1.5.413.11.2.1.22.1.8.6
1.5.418.7.2.1.16.2
1.5.502.8.2.1.2.2
1.5.532.11.2.1.9.2.6
1.5.555.12.2.1.3.3.53.1
1.5.575.6.2.1.1
1.5.577.22.2.1.7.4.8.1.7
1.5.695.25.2.1
1.5.864.8.2.1.2.1.19.4.23
1.5.987.6.2.1
1.5.1022.6.2.1.8.1
1.5.1105.9.2.1.10.1
1.5.1333.7.2.1
1.5.1389.10.2.1
1.5.1450.10.2.1.8.2.1
1.5.1463.8.2.1.2
1.5.1498.12.2.1.5.7.18
1.5.1516.9.2.1.8.3.9.5
1.5.1691.8.2.1.44.4
1.5.1823.8.2.1.11.4
1.5.1852.12.2.1
1.5.1892.11.2.1.13.3.17
1.5.1958.7.2.1.5.2
1.5.1969.8.2.1.6
1.5.2004.9.2.1.7
1.5.2126.6.2.1.2
1.5.2440.25.2.1.27.5.11.4
1.5.2451.13.2.1.5.5
1.5.2461.10.2.1.16.7.26
1.5.2574.8.2.1.2.11.24.2
1.5.2687.6.2.1.14.1.3.1
1.5.2881.8.2.1.10
1.5.2919.6.2.1.14.6.21.3
1.5.3191.14.2.1.1
1.5.3333.16.2.1.11.5.5.1.11
1.5.3346.11.2.1.3
1.5.3629.6.2.1
1.5.3712.10.2.1
1.5.3952.7.2.1.2.1.2.3.3
1.5.3959.7.2.1.1
1.5.4007.12.2.1.2.9.51
1.5.4360.5.2.1.15.13
1.5.4366.16.2.1.7.1.3.2.3
1.5.4528.8.2.1.1.1.2.1.22
1.5.4593.7.2.1.7
1.5.4610.7.2.1.5.1
1.5.4664.12.2.1.12.1
1.5.4685.9.2.1.7
1.5.4716.6.2.1.12.3.4
1.5.4717.6.2.1.2.2
1.5.4854.7.2.1.5.5.21
1.5.4904.13.2.1.4
1.5.4922.8.2.1
1.5.4986.8.2.1.10.3.15
1.5.4986.8.2.1.11.4.18.3
1.5.5162.6.2.1.28
1.5.5364.20.2.1.3.1
1.5.5454.8.2.1.12
1.5.5628.6.2.1.3.6
1.5.5691.12.2.1.1.6.20.5
1.5.5691.12.2.1.2.7
1.5.5762.8.2.1.4.2.3.1.6
1.5.5995.14.2.1.7.4.20.1.34
1.5.6073.9.2.1.5.1.1.1.8
1.5.6165.8.2.1.19.6.15
1.5.6183.7.2.1.19.3.6.2.26
1.5.6298.9.2.1
1.5.6352.14.2.1.14.3.11.1
1.5.6444.8.2.1.7.4.10.5
1.5.6560.12.2.1
1.5.6579.14.2.1.16
1.5.6604.18.2.1
1.5.6648.10.2.1.2.1.6.2.3
1.5.6740.13.2.1.11.4.32
1.5.6808.9.2.1.24
1.5.7007.8.2.1.10.1.56.1.1
1.5.7234.9.2.1.5.1.20.3.14
1.5.7257.13.2.1.4
1.5.7319.11.2.1
1.5.7483.35.2.1.22.4.6.1.2
1.5.7538.25.2.1.3.3
1.5.7560.11.2.1.22.1.8.6
1.5.7565.7.2.1.16.2
1.5.7652.8.2.1.7.2.3
1.5.7697.6.2.1.1
1.5.7699.22.2.1.7.4.8.1.7
1.5.7816.10.2.1
1.5.8010.8.2.1.2.1.19.4.32
1.5.8133.6.2.1
1.5.8154.15.2.1.5.4.13.1
1.5.8271.22.2.1
1.5.8585.26.2.1.14.6.7.8.9
1.5.8599.14.2.1.18.1.1.1.1
1.5.8626.9.2.1.13
1.5.8630.5.2.1.21.1.1.2.3
1.5.8636.23.2.1.1.1
1.5.8653.9.2.1.8.3.9.5
1.5.9000.12.2.1
1.5.9040.11.2.1.13.3.17
1.5.9106.7.2.1.5.2
1.5.9117.8.2.1.6
1.5.9142.7.2.1.10.1.2.1
1.5.9210.9.2.1
1.5.9269.6.2.1.2
1.5.9588.25.2.1.27.5.11.4
1.5.9599.13.2.1.5.5
1.5.9609.10.2.1.16.7.26
1.5.9720.19.2.1.5.4
1.5.9793.7.2.1.3.2.6.3
1.5.9801.9.2.1.6.2
1.5.9863.23.2.1.10
1.5.10005.8.2.1.11
1.5.10041.6.2.1.14.6.21.3
1.5.10243.7.2.1.9.2
1.5.10453.16.2.1.11.5.5.1.11
1.5.10466.11.2.1.3
1.5.10732.6.2.1
1.5.10819.9.2.1
1.5.10905.16.2.1.17.2.4.1
1.5.11025.7.2.1.2.1.2.3.3
1.5.11032.7.2.1.1
1.5.11080.7.2.1.9.4.45.1.24
1.5.11410.9.2.1.4
1.5.11413.11.2.1.7.1.6
1.5.11555.8.2.1.1.1.2.1.24
1.5.11617.7.2.1.7
1.5.11634.7.2.1.5.1
1.5.11679.11.2.1
1.5.11700.9.2.1.7
1.5.11730.14.2.1.6.5
1.5.11868.7.2.1.5.5.21
1.5.11918.13.2.1.4
1.5.11994.8.2.1.10.2.6
1.5.11994.8.2.1.11.3.9.3
1.5.12168.6.2.1.28
1.5.12378.20.2.1.3.1
1.5.12467.8.2.1.12
1.5.12640.6.2.1.3.6
1.5.12771.8.2.1.4.2.3.1.6
1.5.13011.14.2.1.7.4.20.1.34
1.5.13092.6.2.1.5.8.16
1.5.13192.8.2.1.19.6.15
1.5.13210.7.2.1.19.3.6.2.26
1.5.13330.9.2.1
1.5.13347.11.2.1
1.5.13394.14.2.1.14.3.11.1
1.5.13486.8.2.1.7.4.10.5
1.5.13610.12.2.1
1.5.13705.11.2.1.25.1.3
1.5.13772.16.2.1.1
1.5.13822.10.2.1
1.5.13844.14.2.1.2.2.2
1.5.14030.8.2.1.10.1.56.1.1
1.5.14283.20.2.1.14.6.25
1.5.14287.7.2.1.27
1.5.14288.9.2.1.31.1
1.5.14308.7.2.1.12.2.3.1.23
1.5.14370.8.2.1.15.3.25.11.16.3
1.5.14538.8.2.1.10.1.6
1.5.14592.25.2.1.3.3
1.5.14614.11.2.1.22.1.8.6
1.5.14619.7.2.1.16.2
1.5.14674.6.2.1.7.1.4.1
1.5.14680.20.2.1
1.5.14711.11.2.1.9.2.6
1.5.14755.6.2.1.1
1.5.14757.22.2.1.7.4.8.1.7
1.5.14874.25.2.1
1.5.15046.8.2.1.2.1.19.4.38
1.5.15080.15.2.1.3.1.16.2.18
1.5.15177.6.2.1
1.5.15212.6.2.1.8.1
1.5.15592.10.2.1
1.5.15664.8.2.1.2
1.5.15699.12.2.1.5.7.18
1.5.15719.9.2.1.8.3.9.5
1.5.15832.7.2.1.53.8
1.5.16071.12.2.1
1.5.16111.11.2.1.13.3.17
1.5.16173.7.2.1.5.2
1.5.16184.8.2.1.6
1.5.16209.7.2.1.10.1.2.1
1.5.16680.25.2.1.27.5.11.4
1.5.16691.13.2.1.5.5
1.5.16705.25.2.1.7.5.19
1.5.16797.9.2.1.6.1.14.3
1.5.16909.6.2.1.14.1.3.1
1.5.17111.8.2.1.11
1.5.17147.6.2.1.14.6.21.3
1.5.17465.11.2.1
1.5.17512.9.2.1.16.7.11.3
1.5.17547.9.2.1.2.1
1.5.17948.10.2.1
1.5.18047.10.2.1.7.1.2.5.29.7
1.5.18180.7.2.1.2.1.2.3.3
1.5.18187.7.2.1.1
1.5.18235.12.2.1.2.9.51
1.5.18356.7.2.1.4.3
1.5.18598.16.2.1.22.1.3.2.3
1.5.18755.8.2.1.1.1.2.1.22
1.5.18818.7.2.1.7
1.5.18835.7.2.1.5.1
1.5.18923.14.2.1.6.5
1.5.19051.7.2.1.5.5.21
1.5.19101.13.2.1.4
1.5.19180.8.2.1.10.2.6
1.5.19180.8.2.1.11.3.9.3
1.5.19346.6.2.1.28
1.5.19430.6.2.1.36.6
1.5.19503.11.2.1.3.2
1.5.19504.12.2.1
1.5.19549.20.2.1.3.1
1.5.19805.6.2.1.3.6
1.5.19935.7.2.1.3.1
1.5.20177.14.2.1.7.4.20.1.34
1.5.20262.7.2.1.6.1
1.5.20369.7.2.1.19.3.6.2.32
1.5.20485.9.2.1
1.5.20539.14.2.1.14.3.11.1
1.5.20637.8.2.1.7.4.10.5
1.5.20760.12.2.1
1.5.20838.11.2.1.25.1.3
1.5.20908.13.2.1.11.4.32
1.5.20960.11.2.1.6.1.12
1.5.20982.7.2.1.2.2.21.8.24
1.5.21239.9.2.1.24.3
1.5.21438.9.2.1.5.1.20.3.14
1.5.21458.13.2.1.4
1.5.21681.8.2.1.10.1.6
1.5.21735.25.2.1.3.3
1.5.21757.11.2.1.22.1.8.6
1.5.21762.7.2.1.16.2
1.5.21846.8.2.1.2.2
1.5.21876.11.2.1.9.2.6
1.5.21899.12.2.1.3.3.53.1
1.5.21919.6.2.1.1
1.5.21921.22.2.1.7.4.8.1.7
1.5.22033.25.2.1
1.5.22195.8.2.1.2.1.19.4.44
1.5.22229.15.2.1.3.1.16.2.18
1.5.22326.6.2.1
1.5.22352.15.2.1.5.4.13.1
1.5.22462.22.2.1
1.5.22778.26.2.1.14.6.7.7.9
1.5.22787.8.2.1.2
1.5.22805.6.2.1.3.3
1.5.22819.12.2.1.18
1.5.22821.18.2.1.25.8.15
1.5.22854.10.2.1.2.6.6.1
1.5.23063.16.2.1.4.2.7
1.5.23179.9.2.1.9
1.5.23192.12.2.1
1.5.23232.11.2.1.13.3.17
1.5.23298.7.2.1.5.2
1.5.23309.8.2.1.6
1.5.23772.25.2.1.27.5.11.4
1.5.23783.13.2.1.5.5
1.5.23797.25.2.1.7.5.19
1.5.23897.19.2.1.4.4
1.5.23974.7.2.1.3.2.6.3
1.5.23982.9.2.1.6.2
1.5.24191.8.2.1.10
1.5.24231.6.2.1.14.6.21.3
1.5.24542.11.2.1
1.5.24589.9.2.1.16.7.11.3
1.5.24624.9.2.1.2.1
1.5.24656.15.2.1.12.2.10.2.6
1.5.24669.7.2.1.4.1.3.5.11
1.5.24826.16.2.1.15.1.2.1
1.5.25017.9.2.1
1.5.25236.7.2.1.2.1.2.3.3
1.5.25243.7.2.1.1
1.5.25291.7.2.1.9.4.45.1.24
1.5.25337.9.2.1.5.2.10.7
1.5.25474.8.2.1.2.6.12.5.15.6
1.5.25626.5.2.1.15.13
1.5.25632.16.2.1.7.1.3.2.3
1.5.25798.8.2.1.1.1.2.1.22
1.5.25878.7.2.1.5.1
1.5.25929.7.2.1.23.1
1.5.25951.9.2.1.7
1.5.25982.6.2.1.12.3.4
1.5.25983.6.2.1.2.2
1.5.26118.6.2.1.2.4.22.5
1.5.26165.13.2.1.4
1.5.26245.8.2.1.10.2.6
1.5.26245.8.2.1.11.3.9.3
1.5.26411.6.2.1.28
1.5.26558.11.2.1.3.2
1.5.26559.12.2.1
1.5.26611.20.2.1.3.1
1.5.26973.8.2.1.4.2.3.1.6
1.5.27041.8.2.1.27.1.15.9
1.5.27205.14.2.1.7.4.20.1.34
1.5.27290.7.2.1.6.1
1.5.27395.8.2.1.19.6.15
1.5.27413.7.2.1.19.3.6.2.26
1.5.27533.9.2.1
1.5.27550.11.2.1
1.5.27597.14.2.1.14.3.11.1
1.5.27808.12.2.1
1.5.27854.18.2.1
1.5.27910.11.2.1.25.1.3
1.5.28044.7.2.1.2.2.7.2.11
1.5.28244.10.2.1.25.5.16.7.20
1.5.28482.9.2.1.5.1.20.3.14
1.5.28502.13.2.1.4
1.5.28721.8.2.1.10.1.6
1.5.28775.25.2.1.3.3
1.5.28797.11.2.1.22.1.8.6
1.5.28802.7.2.1.16.2
1.5.28888.12.2.1.3
1.5.28903.11.2.1.9.2.6
1.5.28945.6.2.1.1
1.5.28947.22.2.1.7.4.8.1.7
1.5.29064.25.2.1
1.5.29234.8.2.1.2.1.19.4.44
1.5.29385.15.2.1.5.4.13.1
1.5.29478.9.2.1.10.1
1.5.29835.15.2.1.26.9.23
1.5.29878.11.2.1.8.11.36
1.5.29897.9.2.1.8.3.9.5
1.5.30262.12.2.1
1.5.30302.11.2.1.13.3.17
1.5.30364.7.2.1.5.2
1.5.30375.8.2.1.6
1.5.30410.9.2.1.7
1.5.30532.6.2.1.2
1.5.30875.25.2.1.27.5.11.4
1.5.30886.13.2.1.5.5
1.5.30896.10.2.1.16.7.26
1.5.31014.8.2.1.2.11.24.2
1.5.31106.11.2.1.2.3.6.1
1.5.31306.9.2.1.8.1
1.5.31339.6.2.1.14.6.21.3
1.5.31539.7.2.1.9.2
1.5.31661.11.2.1
1.5.31738.9.2.1.2.1
1.5.31794.7.2.1.13.1.10.5.30
1.5.32061.6.2.1
1.5.32148.9.2.1
1.5.32221.6.2.1.8.5
1.5.32370.7.2.1.2.1.2.3.3
1.5.32377.7.2.1.1
1.5.32425.7.2.1.9.4.45.1.24
1.5.32474.9.2.1.5.2.36.8
1.5.32609.8.2.1.1.1.15.5.15.6
1.5.32769.5.2.1.15.13
1.5.32775.12.2.1.2.1.29
1.5.32775.12.2.1.2.1.33
1.5.32927.8.2.1.1.1.2.1.22
1.5.32992.7.2.1.7
1.5.33009.7.2.1.5.1
1.5.33051.11.2.1
1.5.33072.9.2.1.7
1.5.33104.6.2.1.2.2
1.5.33246.7.2.1.5.5.21
1.5.33287.33.2.1.5
1.5.33377.8.2.1.10.2.6
1.5.33377.8.2.1.11.3.9.3
1.5.33551.6.2.1.28
1.5.33749.20.2.1.3.1
1.5.34002.6.2.1.3.6
1.5.34377.14.2.1.7.4.20.1.58
1.5.34451.13.2.1.2.1.13.2.12
1.5.34546.14.2.1.4.3.4
1.5.34560.13.2.1.15.8.36
1.5.34678.9.2.1
1.5.34695.11.2.1
1.5.34744.14.2.1.3.7.15.1
1.5.35001.12.2.1
1.5.35047.18.2.1
1.5.35091.10.2.1.2.1.6.2.3
1.5.35179.13.2.1.11.4.31
1.5.35250.7.2.1.2.2.31.6.17
1.5.35440.8.2.1.10.1.56.1.1
1.5.35495.9.2.1.24.3
1.5.35695.20.2.1.14.6.25
1.5.35699.7.2.1.27
1.5.35700.9.2.1.31.1
1.5.35720.7.2.1.12.2.3.1.24
1.5.35782.8.2.1.15.3.25.11.16.3
1.5.35997.25.2.1.3.3
1.5.36019.11.2.1.22.1.8.6
1.5.36024.7.2.1.16.2
1.5.36111.8.2.1.7.2.3
1.5.36151.6.2.1.1
1.5.36153.22.2.1.7.4.8.1.7
1.5.36270.25.2.1
1.5.36431.8.2.1.2.1.19.4.23
1.5.36554.6.2.1
1.5.36580.15.2.1.5.4.13.1
1.5.36603.11.2.1.1
1.5.36902.7.2.1
1.5.36958.10.2.1
1.5.37019.10.2.1.8.2.1
1.5.37032.8.2.1.2
1.5.37067.12.2.1.5.7.18
1.5.37087.9.2.1.8.3.9.5
1.5.37409.12.2.1
1.5.37449.11.2.1.13.3.17
1.5.37515.7.2.1.5.2
1.5.37526.8.2.1.6
1.5.37549.14.2.1.1.4
1.5.37562.9.2.1.7
1.5.38016.25.2.1.27.5.11.4
1.5.38027.13.2.1.5.5
1.5.38041.25.2.1.7.5.19
1.5.38147.11.2.1.8.2.11.10
1.5.38221.7.2.1.3.2.6.3
1.5.38229.9.2.1.6.2
1.5.38299.14.2.1
1.5.38378.8.2.1.8.2.3.1
1.5.38425.8.2.1.11
1.5.38461.6.2.1.14.6.21.3
1.5.38771.11.2.1
1.5.38818.9.2.1.16.7.11.3
1.5.38853.9.2.1.2.1
1.5.39159.6.2.1
1.5.39244.9.2.1
1.5.39338.16.2.1.17.2.4.1
1.5.39467.7.2.1.2.1.2.3.3
1.5.39474.7.2.1.1
1.5.39522.7.2.1.9.4.45.1.24
1.5.39571.9.2.1.5.2.10.7
1.5.39855.5.2.1.15.13
1.5.39861.16.2.1.7.1.3.2.3
1.5.39994.25.2.1.7.1
1.5.40057.7.2.1.7
1.5.40074.7.2.1.5.1
1.5.40152.9.2.1
1.5.40295.7.2.1.5.5.21
1.5.40358.8.2.1
1.5.40596.6.2.1.28
1.5.40794.20.2.1.3.1
1.5.40883.8.2.1.12
1.5.41051.6.2.1.3.6
1.5.41170.7.2.1.3.1
1.5.41246.8.2.1.27.1.15.9
1.5.41414.14.2.1.7.4.20.1.34
1.5.41488.13.2.1.2.1.13.2.12
1.5.41583.8.2.1.19.6.15
1.5.41601.7.2.1.19.3.6.2.26
1.5.41721.9.2.1
1.5.41738.11.2.1
1.5.41787.14.2.1.3.7.15.1
1.5.42049.12.2.1
1.5.42068.14.2.1.16
1.5.42074.7.2.1
1.5.42093.18.2.1
1.5.42141.11.2.1.25.1.3
1.5.42250.10.2.1
1.5.42271.8.2.1.41.9.27
1.5.42733.20.2.1.14.6.25
1.5.42737.7.2.1.27
1.5.42756.13.2.1.23
1.5.42831.8.2.1.15.3.25.11.29.18
1.5.42984.20.2.1.1.1.1.2.13
1.5.43044.25.2.1.3.3
1.5.43066.11.2.1.22.1.8.6
1.5.43071.7.2.1.16.2
1.5.43147.6.2.1.7.1.4.1
1.5.43153.20.2.1
1.5.43184.11.2.1.9.2.6
1.5.43226.6.2.1.1
1.5.43228.22.2.1.7.4.8.1.7
1.5.43346.25.2.1
1.5.43514.8.2.1.2.1.19.4.23
1.5.43649.6.2.1
1.5.43670.15.2.1.5.4.13.1
1.5.43780.22.2.1
1.5.44056.10.2.1
1.5.44109.26.2.1.14.6.7.7.9
1.5.44144.12.2.1.18
1.5.44146.18.2.1.25.8.15
1.5.44179.10.2.1.2.6.6.1
1.5.44511.8.2.1.11.4
1.5.44577.11.2.1.15.3.17
1.5.44643.7.2.1.5.2
1.5.44654.8.2.1.6
1.5.44679.7.2.1.10.1.2.1
1.5.44747.9.2.1
1.5.44805.6.2.1.2
1.5.45116.25.2.1.27.5.11.4
1.5.45127.13.2.1.5.5
1.5.45137.10.2.1.16.7.26
1.5.45248.19.2.1.5.4
1.5.45321.7.2.1.3.2.6.3
1.5.45329.9.2.1.6.2
1.5.45537.8.2.1.10
1.5.45583.6.2.1.14.6.21.3
1.5.45898.6.2.1
1.5.45971.9.2.1.2.1
1.5.46003.15.2.1.12.2.10.2.6
1.5.46376.9.2.1
1.5.46605.8.2.1.3
1.5.46664.7.2.1.9.4.44.1.17
1.5.46825.9.2.1.8.4
1.5.46871.12.2.1.2.2
1.5.47034.19.2.1.7.4
1.5.47041.17.2.1.6.1.1
1.5.47041.17.2.1.7.2.5.1.8
1.5.47178.8.2.1.1.1.2.1.24
1.5.47260.7.2.1.5.1
1.5.47306.7.2.1.23.1
1.5.47328.9.2.1.7
1.5.47359.6.2.1.12.3.4
1.5.47360.6.2.1.2.2
1.5.47488.7.2.1.5.5.21
1.5.47610.8.2.1.10.2.6
1.5.47610.8.2.1.11.3.9.3
1.5.47784.6.2.1.28
1.5.47870.6.2.1.6.2
1.5.47994.20.2.1.3.1
1.5.48083.8.2.1.12
1.5.48251.6.2.1.3.6
1.5.48359.10.2.1.21.2
1.5.48367.11.2.1.3.2.36
1.5.48385.8.2.1.12.6
1.5.48603.14.2.1.7.4.20.1.34
1.5.48679.11.2.1
1.5.48680.7.2.1.6.1
1.5.48779.8.2.1.19.6.15
1.5.48797.7.2.1.19.3.6.2.26
1.5.48915.9.2.1
1.5.48932.11.2.1
1.5.48979.14.2.1.14.3.11.1
1.5.49209.12.2.1
1.5.49430.7.2.1.2.2.21.9.55
1.5.49891.9.2.1.5.1.20.3.14
1.5.49914.13.2.1.4
1.5.50137.8.2.1.10.1.6
1.5.50191.25.2.1.3.3
1.5.50213.11.2.1.22.1.8.6
1.5.50218.7.2.1.16.2
1.5.50273.8.2.1.31.1
1.5.50342.11.2.1.9.2.6
1.5.50364.9.2.1.2.2
1.5.50386.6.2.1.1
1.5.50388.22.2.1.7.4.8.1.7
1.5.50506.25.2.1
1.5.50675.8.2.1.2.1.19.4.23
1.5.50798.6.2.1
1.5.50819.15.2.1.5.4.13.1
1.5.50842.11.2.1.1
1.5.51239.26.2.1.14.6.7.7.9
1.5.51248.8.2.1.2
1.5.51266.6.2.1.3.3
1.5.51280.12.2.1.18
1.5.51282.18.2.1.25.8.15
1.5.51311.15.2.1.3.3
1.5.51677.12.2.1
1.5.51717.11.2.1.13.3.17
1.5.51779.7.2.1.5.2
1.5.51790.8.2.1.6
1.5.51815.7.2.1.10.1.2.1
1.5.51951.6.2.1.2
1.5.52275.25.2.1.27.5.11.4
1.5.52286.13.2.1.5.5
1.5.52296.10.2.1.16.7.26
1.5.52409.8.2.1.3.2.5.2
1.5.52492.7.2.1.3.2.6.3
1.5.52510.6.2.1.14.1.3.1
1.5.52566.23.2.1.10
1.5.52715.8.2.1.11
1.5.52751.6.2.1.14.6.21.3
1.5.53102.9.2.1.10.4.4.3
1.5.53137.9.2.1.2.1
1.5.53169.15.2.1.12.2.10.2.6
1.5.53182.7.2.1.4.1.3.5.11
1.5.53445.6.2.1
1.5.53530.9.2.1
1.5.53603.6.2.1.8.5
1.5.53620.16.2.1.17.2.4.1
1.5.53758.7.2.1.2.1.2.3.3
1.5.53765.7.2.1.1
1.5.53813.12.2.1.2.9.51
1.5.53977.9.2.1.8.4
1.5.54161.19.2.1.7.4
1.5.54168.17.2.1.6.1.1
1.5.54168.17.2.1.7.2.5.1.8
1.5.54317.25.2.1.7.1
1.5.54359.7.2.1.2.1.1.1
1.5.54385.7.2.1.7
1.5.54402.7.2.1.5.1
1.5.54501.14.2.1.6.5
1.5.54629.6.2.1.2.4.22.5
1.5.54666.7.2.1.28.1
1.5.54686.13.2.1.4
1.5.54936.6.2.1.28
1.5.55025.6.2.1.6.2
1.5.55139.20.2.1.3.1
1.5.55514.8.2.1.4.2.3.1.6
1.5.55580.8.2.1.27.1.15.9
1.5.55744.14.2.1.7.4.20.1.34
1.5.55829.7.2.1.6.1
1.5.55945.7.2.1.19.3.6.2.32
1.5.56061.9.2.1
1.5.56078.11.2.1
1.5.56125.14.2.1.14.3.11.1
1.5.56217.8.2.1.7.4.10.5
1.5.56329.12.2.1
1.5.56348.14.2.1.16
1.5.56373.18.2.1
1.5.56429.11.2.1.25.1.3
1.5.56564.12.2.1.10.1.2.2
1.5.57018.9.2.1.5.1.20.3.14
1.5.57038.13.2.1.4
1.5.57113.8.2.1.15.3.25.11.29.28
1.5.57329.25.2.1.3.3
1.5.57351.11.2.1.22.1.8.6
1.5.57356.7.2.1.16.2
1.5.57390.8.2.1.65.1
1.5.57413.6.2.1.7.1.4.1
1.5.57419.20.2.1
1.5.57438.8.2.1.11
1.5.57451.8.2.1.5.2.3
1.5.57491.6.2.1.1
1.5.57493.22.2.1.7.4.8.1.7
1.5.57611.25.2.1
1.5.57769.8.2.1.2.1.19.4.25
1.5.57803.15.2.1.3.1.16.2.18
1.5.57898.6.2.1
1.5.57933.6.2.1.8.1
1.5.58357.10.2.1.8.2.1
1.5.58370.8.2.1.2
1.5.58405.12.2.1.5.7.18
1.5.58787.9.2.1.9
1.5.58837.11.2.1.15.3.17
1.5.58903.7.2.1.5.2
1.5.58914.8.2.1.6
1.5.58937.14.2.1.1.4
1.5.58950.9.2.1.7
1.5.59072.6.2.1.2
1.5.59404.25.2.1.27.5.11.4
1.5.59415.13.2.1.5.5
1.5.59429.25.2.1.7.5.19
1.5.59531.8.2.1.2.11.24.2
1.5.59626.7.2.1.3.2.6.3
1.5.59644.10.2.1.12.3
1.5.59843.8.2.1.11
1.5.59879.6.2.1.14.6.21.3
1.5.60193.6.2.1
1.5.60261.9.2.1.2.1
1.5.60293.15.2.1.12.2.10.2.6
1.5.60472.16.2.1.9.1.2.1
1.5.60672.10.2.1
1.5.60771.10.2.1.7.1.2.5.29.7
1.5.60906.7.2.1.2.1.2.3.3
1.5.60913.7.2.1.1
1.5.60961.7.2.1.9.4.45.1.24
1.5.61136.8.2.1.2.6.12.5.15.6
1.5.61298.9.2.1.4
1.5.61301.11.2.1.7.1.6
1.5.61426.25.2.1.7.1
1.5.61504.7.2.1.5.1
1.5.61592.9.2.1
1.5.61743.6.2.1.2.4.22.5
1.5.61775.7.2.1.28.1
1.5.61795.13.2.1.4
1.5.61875.8.2.1.10.2.6
1.5.61875.8.2.1.11.3.9.3
1.5.62051.6.2.1.28
1.5.62137.6.2.1.6.2
1.5.62261.20.2.1.3.1
1.5.62518.8.2.1
1.5.62902.9.2.1.9.1.27
1.5.62990.9.2.1.5.1.1.1.15
1.5.63089.14.2.1.4.3.4
1.5.63103.13.2.1.15.8.36
1.5.63213.9.2.1
1.5.63230.11.2.1
1.5.63279.14.2.1.3.7.15.1
1.5.63534.12.2.1
1.5.63580.18.2.1
1.5.63628.11.2.1.25.1.3
1.5.63698.13.2.1.11.4.32
1.5.63768.7.2.1.2.2.7.8.34
1.5.64034.9.2.1.24.3
1.5.64222.20.2.1.14.6.25
1.5.64226.7.2.1.27
1.5.64245.13.2.1.23
1.5.64321.8.2.1.15.3.25.11.16.3
1.5.64497.20.2.1.1.1.1.2.13
1.5.64557.25.2.1.3.3
1.5.64579.11.2.1.22.1.8.6
1.5.64584.7.2.1.16.2
1.5.64618.8.2.1.65.1
1.5.64641.6.2.1.7.1.4.1
1.5.64647.20.2.1
1.5.64678.11.2.1.9.2.6
1.5.64720.6.2.1.1
1.5.64722.22.2.1.7.4.8.1.7
1.5.64834.25.2.1
1.5.64996.8.2.1.2.1.19.4.23
1.5.65119.6.2.1
1.5.65149.15.2.1.5.4.13.1
1.5.65172.11.2.1.1
1.5.65253.9.2.1.10.1
1.5.65486.16.2.1
1.5.65553.10.2.1
1.5.65614.10.2.1.8.2.1
1.5.65628.14.2.1.18.2.6
1.5.65658.12.2.1.5.7.18
1.5.65659.11.2.1.9.2.12.2
1.5.65684.15.2.1.3.3
1.5.66019.8.2.1.11.4
1.5.66048.12.2.1
1.5.66088.11.2.1.13.3.17
1.5.66150.7.2.1.5.2
1.5.66161.8.2.1.6
1.5.66196.9.2.1.7
1.5.66318.6.2.1.2
1.5.66619.25.2.1.27.5.11.4
1.5.66630.13.2.1.5.5
1.5.66640.10.2.1.16.7.26
1.5.66851.10.2.1.12.3
1.5.67050.8.2.1.10
1.5.67090.6.2.1.14.6.21.3
1.5.67098.28.2.1.6.2.6
1.5.67414.11.2.1
1.5.67491.9.2.1.2.1
1.5.67523.15.2.1.12.2.10.2.6
1.5.67747.7.2.1.5.3
1.5.67805.6.2.1
1.5.67884.10.2.1
1.5.68125.8.2.1.3
1.5.68184.7.2.1.9.4.44.1.17
1.5.68233.9.2.1.5.2.10.7
1.5.68342.9.2.1.8.4
1.5.68528.19.2.1.7.4
1.5.68535.17.2.1.6.1.1.1.1
1.5.68535.17.2.1.7.2.4
1.5.68673.25.2.1.7.1
1.5.68725.7.2.1.7
1.5.68742.7.2.1.5.1
1.5.68820.9.2.1
1.5.68960.7.2.1.5.5.21
1.5.69001.33.2.1.5
1.5.69089.8.2.1.10.2.6
1.5.69089.8.2.1.11.3.9.3
1.5.69270.6.2.1.28
1.5.69468.20.2.1.3.1
1.5.69552.8.2.1.12
1.5.69709.6.2.1.3.3
1.5.69773.12.2.1.2.10
1.5.69839.8.2.1.4.2.3.1.6
1.5.70096.14.2.1.7.4.20.1.58
1.5.70170.13.2.1.2.1.13.2.12
1.5.70278.7.2.1.19.3.6.2.29
1.5.70397.9.2.1
1.5.70414.11.2.1
1.5.70463.14.2.1.3.7.15.1
1.5.70711.12.2.1
1.5.70803.11.2.1.25.1.3
1.5.70917.10.2.1
1.5.70941.12.2.1.11.7.11.3
1.5.71384.9.2.1.5.1.20.3.14
1.5.71407.13.2.1.4
1.5.71482.8.2.1.15.3.25.11.29.28
1.5.71635.35.2.1.22.4.6.1.2
1.5.71690.25.2.1.3.3
1.5.71712.11.2.1.22.1.8.6
1.5.71717.7.2.1.16.2
1.5.71839.11.2.1.9.2.6
1.5.71883.6.2.1.1
1.5.71885.22.2.1.7.4.8.1.7
1.5.71998.25.2.1
1.6.10.8.2.1.17.1.8.2
1.6.194.8.2.1
1.6.197.8.2.1.2.1.22.5.10
1.6.362.8.2.1.9.2.17
1.6.394.8.2.1
1.6.407.8.2.1.2.2.19.2
1.6.411.8.2.1.4.1
1.6.784.8.2.1.7.6.18.8
1.6.845.8.2.1
1.6.866.8.2.1.12.4.12.5.16
1.6.889.8.2.1.18.5.8
1.6.930.8.2.1.33.4.3
1.6.932.8.2.1.35.6
1.6.1183.8.2.1
1.6.1246.8.2.1.1.1
1.6.1328.8.2.1.7.5.9.2.27
1.6.1344.8.2.1.9.5.9
1.6.1375.8.2.1.4
1.6.1594.8.2.1.3.1.2
1.6.1649.8.2.1.2.2.4
1.6.1691.8.2.1.1.2.23.2
1.6.1835.8.2.1
1.6.2156.8.2.1.6.1.2.1.11.4
1.6.2235.8.2.1.21.1.23.7
1.6.2243.8.2.1
1.6.2326.8.2.1.43.2.16
1.6.2480.8.2.1.19
1.6.2626.8.2.1.17.10
1.6.2637.8.2.1.1.1
1.6.3043.8.2.1.2.5.10.6.16
1.6.3065.8.2.1.5
1.6.3126.8.2.1.10.3.25.1.7
1.6.3585.8.2.1.1.1.6.1.1.3
1.6.3626.8.2.1.12.4.5.1
1.6.3679.8.2.1.10.2
1.6.3766.8.2.1
1.6.3773.8.2.1.12
1.6.3840.8.2.1.17
1.6.4030.8.2.1.7.5
1.6.4098.8.2.1.3.3.8
1.6.4157.8.2.1.1.1
1.6.4212.8.2.1.1
1.6.4215.8.2.1.5
1.6.4217.8.2.1
1.6.4308.8.2.1.29.5
1.6.4313.8.2.1
1.6.4449.8.2.1.6
1.6.4527.8.2.1.2.1.9.3.10
1.6.4586.8.2.1
1.6.4623.8.2.1.1.1.1.4
1.6.4684.8.2.1.5.1.5.2.7
1.6.4700.8.2.1.2.2.4.2
1.6.4738.8.2.1.2.2.12.1.28
1.6.4744.8.2.1.3
1.6.5051.8.2.1.10.7.10.3.21
1.6.5232.8.2.1.5.2.10
1.6.5393.8.2.1.8.1.2.1.5
1.6.5515.8.2.1
1.6.5654.8.2.1
1.6.5676.8.2.1
1.6.5723.8.2.1.16.2.5.2.7
1.6.5749.8.2.1
1.6.6003.8.2.1.10.6.19.1.9
1.6.6188.8.2.1.2.2
1.6.6203.8.2.1.19.2.17
1.6.6407.8.2.1.11.2.12.3.6
1.6.6604.8.2.1
1.6.6696.8.2.1.7.3.5
1.6.6766.8.2.1.3.3.8.5.5
1.6.6848.8.2.1.17.1.1
1.6.6906.8.2.1.2.1.2
1.6.6929.8.2.1.2.1.4
1.6.6968.8.2.1.1.1
1.6.7168.8.2.1.18.1.2.1.1
1.6.7199.8.2.1.2.5.17.2.24.8
1.6.7456.8.2.1.5
1.6.7476.8.2.1.14.3.5.4.14
1.6.7674.8.2.1
1.6.7726.8.2.1.2.1.4.3.19
1.6.8021.8.2.1.1.1.1
1.6.8022.8.2.1.1.1.3.4
1.6.8024.8.2.1.6.1.7
1.6.8339.8.2.1
1.6.8342.8.2.1.2.1.22.5.10
1.6.8536.8.2.1.32.5
1.6.8563.8.2.1.2.2.19.2
1.6.8567.8.2.1.4.1
1.6.8653.8.2.1
1.6.8904.8.2.1.4.3
1.6.8978.8.2.1.4.2.8.1
1.6.9047.8.2.1.55
1.6.9065.8.2.1.3
1.6.9102.8.2.1.33.4.3
1.6.9104.8.2.1.35.6
1.6.9111.8.2.1.9.5.9.4
1.6.9359.8.2.1.11.3
1.6.9462.8.2.1.4.1
1.6.9516.8.2.1.7.5.9.2.27
1.6.9532.8.2.1.9.5.9
1.6.9570.8.2.1.4.2.16.6.8
1.6.9870.8.2.1.2.2.4
1.6.9896.8.2.1.1.1.2.1
1.6.9920.8.2.1.1
1.6.10074.8.2.1
1.6.10191.8.2.1.5.1.3.3.11
1.6.10471.8.2.1.3.5
1.6.10472.8.2.1.2.1
1.6.10481.8.2.1.12.2.20.5
1.6.10555.8.2.1.43.2.16
1.6.10710.8.2.1.19
1.6.10857.8.2.1.17.10
1.6.11046.8.2.1.17.3
1.6.11145.8.2.1.8.1
1.6.11275.8.2.1.2.5.10.6.16
1.6.11297.8.2.1.5
1.6.11359.8.2.1.13
1.6.11529.8.2.1
1.6.11895.8.2.1.10.2
1.6.11982.8.2.1
1.6.11989.8.2.1.12
1.6.12056.8.2.1.17
1.6.12131.8.2.1
1.6.12446.8.2.1.4
1.6.12447.8.2.1.5.3.6
1.6.12532.8.2.1.29.5
1.6.12537.8.2.1
1.6.12643.8.2.1.10.1
1.6.12762.8.2.1.2.1.9.3.10
1.6.12822.8.2.1
1.6.12920.8.2.1.5.1.5.2.7
1.6.12975.8.2.1.2.2.12.1.12
1.6.13294.8.2.1.10.7.10.3.16
1.6.13457.8.2.1.5.2.10
1.6.13621.8.2.1.2.2.7
1.6.13830.8.2.1.39.1
1.6.13864.8.2.1
1.6.13879.8.2.1
1.6.13954.8.2.1.7.1
1.6.14199.8.2.1.8
1.6.14388.8.2.1.28.2.9
1.6.14411.8.2.1.1.1.1
1.6.14703.8.2.1.8.3.9.1
1.6.14940.8.2.1.7.3.5
1.6.15018.8.2.1.7
1.6.15050.8.2.1.1.1
1.6.15168.8.2.1.1.1.1
1.6.15203.8.2.1.4.4.5
1.6.15233.8.2.1
1.6.15399.8.2.1.18.1.2.1.1
1.6.15430.8.2.1.2.5.17.2.24.13
1.6.15689.8.2.1.5
1.6.15710.8.2.1.2
1.6.15949.8.2.1.19.2.6.1.3
1.6.16157.8.2.1.13.2
1.6.16161.8.2.1
1.6.16249.8.2.1.1.1.1
1.6.16250.8.2.1.1.1.3.2
1.6.16252.8.2.1.6.1.7
1.6.16426.8.2.1.5.1
1.6.16568.8.2.1
1.6.16571.8.2.1.2.1.22.5.10
1.6.16764.8.2.1.32.5
1.6.16791.8.2.1.2.2.19.2
1.6.16798.8.2.1.1
1.6.16799.8.2.1.2.1.10.5.6
1.6.16799.8.2.1.3.2
1.6.16891.8.2.1
1.6.17191.8.2.1.4.2.8.1
1.6.17257.8.2.1.12.4.12.5.27
1.6.17268.8.2.1.4.4.7
1.6.17309.8.2.1.33.4.3
1.6.17311.8.2.1.35.6
1.6.17318.8.2.1.9.5.9.4
1.6.17340.8.2.1
1.6.17564.8.2.1.11.3
1.6.17715.8.2.1
1.6.17733.8.2.1.7.5.9.2.25
1.6.17789.8.2.1.4.2.16.6.23
1.6.18093.8.2.1.2.2.4
1.6.18128.8.2.1.1.2.23.2
1.6.18246.8.2.1
1.6.18281.8.2.1
1.6.18398.8.2.1.5.1.3.3.11
1.6.18679.8.2.1.11.1
1.6.18771.8.2.1.43.2.16
1.6.18931.8.2.1.19
1.6.19014.8.2.1.4.10.20
1.6.19366.8.2.1
1.6.19500.8.2.1.2.5.10.6.16
1.6.19522.8.2.1.5
1.6.19582.8.2.1.13
1.6.20028.8.2.1.12.4.5.1
1.6.20081.8.2.1.10.2
1.6.20168.8.2.1
1.6.20175.8.2.1.12
1.6.20239.8.2.1.17
1.6.20437.8.2.1.11.2.4.9
1.6.20493.8.2.1.28.4.8.2.9
1.6.20511.8.2.1
1.6.20628.8.2.1.16.4
1.6.20632.8.2.1.9.1.36.6.14
1.6.20633.8.2.1.3
1.6.20699.8.2.1
1.6.20954.8.2.1.2.1.9.3.10
1.6.21013.8.2.1
1.6.21050.8.2.1.1.1.1.4
1.6.21133.8.2.1.18.3
1.6.21172.8.2.1.2.2.12.1.12
1.6.21481.8.2.1.10.7.10.3.16
1.6.21563.8.2.1.9.1
1.6.21642.8.2.1.5.2.10
1.6.21801.8.2.1.8.1.2.1.5
1.6.21917.8.2.1
1.6.22039.8.2.1
1.6.22061.8.2.1
1.6.22136.8.2.1.7.1
1.6.22387.8.2.1.10.6.19.1.9
1.6.22580.8.2.1.14
1.6.22636.8.2.1.7.6.4.2
1.6.22807.8.2.1.11.2.12.3.6
1.6.22883.8.2.1.8.3.9.1
1.6.23009.8.2.1
1.6.23119.8.2.1.7.3.5
1.6.23198.8.2.1.7
1.6.23230.8.2.1.1.1
1.6.23272.8.2.1
1.6.23358.8.2.1.4.4.5
1.6.23374.8.2.1
1.6.23557.8.2.1.18.1.2.1.1
1.6.23845.8.2.1.11.6.20
1.6.23876.8.2.1.14
1.6.24147.8.2.1.4
1.6.24298.8.2.1.12.4
1.6.24370.8.2.1.3
1.6.24428.8.2.1.1.1
1.6.24429.8.2.1.4.3.8.2
1.6.24431.8.2.1.9.1.7
1.6.24513.8.2.1
1.6.24779.8.2.1
1.6.24782.8.2.1.2.1.22.5.10
1.6.24979.8.2.1.2.2.19.2
1.6.24983.8.2.1.4.1
1.6.25307.8.2.1.4.3
1.6.25355.8.2.1.7.6.18.8
1.6.25416.8.2.1
1.6.25437.8.2.1.12.4.12.5.16
1.6.25454.8.2.1.14.5.27
1.6.25495.8.2.1.33.4.3
1.6.25497.8.2.1.35.6
1.6.25504.8.2.1.9.5.9.4
1.6.25526.8.2.1
1.6.25741.8.2.1.12.3
1.6.25842.8.2.1.33.11
1.6.25899.8.2.1.7.5.9.2.27
1.6.25915.8.2.1.9.5.9
1.6.25953.8.2.1.4.2.16.6.8
1.6.26031.8.2.1.3.2
1.6.26195.8.2.1.3.1.2
1.6.26262.8.2.1.2.2.4
1.6.26304.8.2.1.1.2.23.2
1.6.26421.8.2.1
1.6.26781.8.2.1.3.1.11.1.1.22
1.6.26878.8.2.1.11.1
1.6.26884.8.2.1.24.1
1.6.26936.8.2.1.2
1.6.27112.8.2.1.25
1.6.27192.8.2.1.4.10.20
1.6.27686.8.2.1.2.5.10.6.16
1.6.27708.8.2.1.5
1.6.27762.8.2.1.10.3.25.1.7
1.6.27826.8.2.1.20.4
1.6.27942.8.2.1.4.1
1.6.27949.8.2.1.5.4
1.6.28245.8.2.1.1.1.6.1.1.3
1.6.28343.8.2.1.10.2
1.6.28430.8.2.1
1.6.28437.8.2.1.12
1.6.28502.8.2.1.2.1.2
1.6.28700.8.2.1.11.2.4.9
1.6.28772.8.2.1.10
1.6.28908.8.2.1.4
1.6.28909.8.2.1.5.3.6
1.6.29106.8.2.1.9.3
1.6.29132.8.2.1.6
1.6.29324.8.2.1
1.6.29386.8.2.1.20.10
1.6.29477.8.2.1.2.2.12.1.12
1.6.29483.8.2.1.3
1.6.29788.8.2.1.12
1.6.29871.8.2.1.9.1
1.6.29950.8.2.1.5.2.10
1.6.30114.8.2.1.2.2.7
1.6.30216.8.2.1
1.6.30348.8.2.1
1.6.30370.8.2.1
1.6.30418.8.2.1.6.2.7
1.6.30441.8.2.1.7.1
1.6.30675.8.2.1.8
1.6.30866.8.2.1.10
1.6.30892.8.2.1.5
1.6.31173.8.2.1.8.3.9.1
1.6.31388.8.2.1.7.3.5
1.6.31455.8.2.1.7
1.6.31534.8.2.1.17.1.1
1.6.31621.8.2.1.4.2.3
1.6.31657.8.2.1.4.4.5
1.6.31687.8.2.1
1.6.31759.8.2.1
1.6.31836.8.2.1.18.1.2.1.1
1.6.31867.8.2.1.2.5.17.2.24.44
1.6.32130.8.2.1.5
1.6.32150.8.2.1.15.3.5.4.14
1.6.32402.8.2.1.4
1.6.32609.8.2.1.13.2
1.6.32613.8.2.1
1.6.32681.8.2.1
1.6.32698.8.2.1.6
1.6.32701.8.2.1.11.3.15
1.6.33005.8.2.1
1.6.33008.8.2.1.2.1.22.5.10
1.6.33196.8.2.1.32.5
1.6.33223.8.2.1.2.2.19.2
1.6.33227.8.2.1.4.1
1.6.33317.8.2.1
1.6.33496.8.2.1.4.1
1.6.33568.8.2.1.4.3
1.6.33616.8.2.1.7.6.18.8
1.6.33677.8.2.1
1.6.33698.8.2.1.12.4.12.5.16
1.6.33709.8.2.1.4.4.7
1.6.33750.8.2.1.33.4.3
1.6.33752.8.2.1.35.6
1.6.34144.8.2.1
1.6.34162.8.2.1.7.5.9.2.25
1.6.34178.8.2.1.9.5.9
1.6.34209.8.2.1.4
1.6.34431.8.2.1.3.1.2
1.6.34498.8.2.1.2.2.4
1.6.34537.8.2.1.1.2.23.2
1.6.34603.8.2.1.20
1.6.34647.8.2.1
1.6.34782.8.2.1.5.1.3.3.11
1.6.34852.8.2.1.25
1.6.34902.8.2.1.2.1
1.6.34979.8.2.1.3.1.11.1.1.10
1.6.35056.8.2.1.21.1.23.7
1.6.35144.8.2.1.43.2.16
1.6.35302.8.2.1.19
1.6.35385.8.2.1.4.10.20
1.6.35645.8.2.1.17.3
1.6.35755.8.2.1.3.1
1.6.35892.8.2.1.2.5.10.6.16
1.6.35914.8.2.1.5
1.6.35966.8.2.1.13
1.6.36017.8.2.1.4.4.58.2
1.6.36397.8.2.1.1.1.6.1.1.3
1.6.36438.8.2.1.12.4.5.1
1.6.36491.8.2.1.10.2
1.6.36578.8.2.1
1.6.36585.8.2.1.12
1.6.36652.8.2.1.17
1.6.37054.8.2.1.1
1.6.37057.8.2.1.5
1.6.37059.8.2.1
1.6.37263.8.2.1.12.1.19.3
1.6.37294.8.2.1.7
1.6.37478.8.2.1.18.1
1.6.37537.8.2.1.20.10
1.6.37572.8.2.1.5.5
1.6.37578.8.2.1.14.3
1.6.37617.8.2.1.2.2.12.1.12
1.6.37623.8.2.1.3
1.6.37951.8.2.1.10.5.11.3.21
1.6.38038.8.2.1.9.1
1.6.38117.8.2.1.5.2.10
1.6.38157.8.2.1.1.5.8.2
1.6.38274.8.2.1.8.1.2.1.5
1.6.38541.8.2.1
1.6.38592.8.2.1.12.2.5.2.8
1.6.38614.8.2.1
1.6.38622.8.2.1.7.1
1.6.38856.8.2.1.10.6.19.1.11
1.6.38905.8.2.1.10.7
1.6.39043.8.2.1.6
1.6.39069.8.2.1.5
1.6.39358.8.2.1.8.3.9.1
1.6.39609.8.2.1.11
1.6.39694.8.2.1.7
1.6.39726.8.2.1.1.1
1.6.39762.8.2.1.10.1.1.9.25
1.6.39842.8.2.1.4.2.3
1.6.39878.8.2.1.4.4.5
1.6.39908.8.2.1
1.6.40077.8.2.1.18.1.2.1.1
1.6.40108.8.2.1.2.5.17.2.24.76
1.6.40368.8.2.1.5
1.6.40388.8.2.1.14.3.5.4.14
1.6.40637.8.2.1.4
1.6.40871.8.2.1.3
1.6.40929.8.2.1.1.1
1.6.40930.8.2.1.4.3.8.2
1.6.40932.8.2.1.9.1.7
1.6.41014.8.2.1
1.6.41290.8.2.1
1.6.41293.8.2.1.2.1.22.5.10
1.6.41473.8.2.1.9.2.17
1.6.41505.8.2.1
1.6.41518.8.2.1.2.2.19.2
1.6.41522.8.2.1.4.1
1.6.41608.8.2.1
1.6.41905.8.2.1.4.2.8.1
1.6.41978.8.2.1.12.4.12.5.49
1.6.41989.8.2.1.4.4.7
1.6.42030.8.2.1.33.4.3
1.6.42032.8.2.1.35.6
1.6.42130.8.2.1
1.6.42287.8.2.1
1.6.42418.8.2.1.5.2
1.6.42464.8.2.1
1.6.42505.8.2.1.4.2.16.6.10
1.6.42828.8.2.1.2.2.4
1.6.42854.8.2.1.1.1.2.1
1.6.42967.8.2.1
1.6.43128.8.2.1.5.1.3.3.11
1.6.43444.8.2.1.11.1
1.6.43450.8.2.1.24.1
1.6.43503.8.2.1.2
1.6.43674.8.2.1.25
1.6.43756.8.2.1.4.10.20
1.6.44017.8.2.1.17.3
1.6.44104.8.2.1.31.1
1.6.44236.8.2.1.2.5.10.6.16
1.6.44258.8.2.1.5
1.6.44320.8.2.1.13
1.6.44863.8.2.1.10.2
1.6.44950.8.2.1
1.6.45011.8.2.1.15.4.6.8.14
1.6.45231.8.2.1.2.2
1.6.45425.8.2.1.4
1.6.45426.8.2.1.5.3.6
1.6.45632.8.2.1.6
1.6.45709.8.2.1.2.1.9.3.10
1.6.45789.8.2.1.18.1
1.6.45848.8.2.1.20.10
1.6.45946.8.2.1.2.2.12.1.91
1.6.45952.8.2.1.3
1.6.46251.8.2.1.10.7.10.3.16
1.6.46344.8.2.1.9.1
1.6.46424.8.2.1.12.1.4
1.6.46490.8.2.1.3.3
1.6.46565.8.2.1.2.2.7
1.6.46679.8.2.1
1.6.46737.8.2.1
1.6.46780.8.2.1.39.1
1.6.46829.8.2.1
1.6.46874.8.2.1.6.2.7
1.6.46886.8.2.1.18.3
1.6.47141.8.2.1.10.6.19.1.9
1.6.47190.8.2.1.10.7
1.6.47330.8.2.1.6
1.6.47356.8.2.1.5
1.6.47410.8.2.1.10.1.2.5
1.6.47632.8.2.1.8.3.9.1
1.6.47840.8.2.1.7.3.5
1.6.47921.8.2.1.7
1.6.47953.8.2.1.1.1
1.6.47989.8.2.1.10.1.1.9.25
1.6.48103.8.2.1.4.4.5
1.6.48133.8.2.1
1.6.48308.8.2.1.18.1.2.1.1
1.6.48339.8.2.1.2.5.17.2.24.44
1.6.48591.8.2.1.5
1.6.48612.8.2.1.2
1.6.48864.8.2.1.4
1.6.48923.8.2.1.2.1.2
1.6.49041.8.2.1.13.2
1.6.49045.8.2.1
1.6.49068.8.2.1.5.1.4
1.6.49077.8.2.1.1.1.1.2
1.6.49111.8.2.1.2.1
1.6.49120.8.2.1.1.1.1
1.6.49121.8.2.1.1.1.3.2
1.6.49123.8.2.1.6.1.7
1.6.49205.8.2.1
1.6.49459.8.2.1
1.6.49462.8.2.1.2.1.22.5.10
1.6.49641.8.2.1.9.2.17
1.6.49673.8.2.1
1.6.49686.8.2.1.2.2.19.2
1.6.49690.8.2.1.4.1
1.6.49775.8.2.1.25.1
1.6.49942.8.2.1.4.1
1.6.50062.8.2.1.7.6.18.8
1.6.50123.8.2.1
1.6.50141.8.2.1.21
1.6.50159.8.2.1.3
1.6.50196.8.2.1.33.4.3
1.6.50198.8.2.1.35.6
1.6.50205.8.2.1.9.5.9.4
1.6.50227.8.2.1
1.6.50466.8.2.1
1.6.50593.8.2.1.5.2
1.6.50639.8.2.1
1.6.50673.8.2.1.4
1.6.50950.8.2.1.2.2.4
1.6.50989.8.2.1.1.2.23.2
1.6.51061.8.2.1.20
1.6.51128.8.2.1
1.6.51245.8.2.1.5.1.3.3.11
1.6.51443.8.2.1.6.1.2.1.11.4
1.6.51529.8.2.1.21.1.23.7
1.6.51617.8.2.1.43.2.16
1.6.51781.8.2.1.25
1.6.51925.8.2.1.17.10
1.6.51936.8.2.1.1.1
1.6.52198.8.2.1.31.1
1.6.52328.8.2.1.2.5.10.6.16
1.6.52350.8.2.1.5
1.6.52412.8.2.1.13
1.6.52474.8.2.1.20.4
1.6.52855.8.2.1.1.1.6.1.1.3
1.6.52895.8.2.1.12.4.5.1
1.6.52948.8.2.1.10.2
1.6.53035.8.2.1
1.6.53092.8.2.1.16.4.6.5.8
1.6.53499.8.2.1
1.6.53506.8.2.1.6
1.6.53509.8.2.1.10
1.6.53511.8.2.1
1.6.53716.8.2.1.5.1
1.6.53930.8.2.1.18.1
1.6.53989.8.2.1.20.10
1.6.54067.8.2.1.29.6
1.6.54082.8.2.1.2.2.12.1.78
1.6.54088.8.2.1.3
1.6.54403.8.2.1.10.7.10.3.16
1.6.54485.8.2.1.9.1
1.6.54565.8.2.1.12.1.4
1.6.54598.8.2.1.1.2.3.1
1.6.54625.8.2.1.3.3
1.6.54696.8.2.1.8.1.2.1.5
1.6.54808.8.2.1
1.6.54942.8.2.1
1.6.54964.8.2.1
1.6.55039.8.2.1.7.1
1.6.55283.8.2.1.8
1.6.55336.8.2.1.10.7
1.6.55466.8.2.1.28.2.9
1.6.55489.8.2.1.1.1.1
1.6.55699.8.2.1.11.2.12.3.6
1.6.55775.8.2.1.8.3.9.1
1.6.56007.8.2.1.7.3.5
1.6.56083.8.2.1.7
1.6.56115.8.2.1.1.1
1.6.56230.8.2.1.2.1.4
1.6.56269.8.2.1.1.1
1.6.56275.8.2.1.20
1.6.56466.8.2.1.18.1.2.1.1
1.6.56754.8.2.1.5
1.6.56775.8.2.1.2
1.6.57042.8.2.1.4
1.6.57217.8.2.1.7.1.1.1
1.6.57248.8.2.1.13.2
1.6.57252.8.2.1
1.6.57340.8.2.1.1.1.1
1.6.57341.8.2.1.1.1.3.2
1.6.57343.8.2.1.6.1.7
1.6.57666.8.2.1
1.6.57669.8.2.1.2.1.22.5.10
1.6.57865.8.2.1.32.5
1.6.57892.8.2.1.2.2.19.2
1.6.57896.8.2.1.4.1
1.6.57986.8.2.1
1.6.58275.8.2.1.7.6.18.8
1.6.58336.8.2.1
1.6.58354.8.2.1.21
1.6.58370.8.2.1.3
1.6.58386.8.2.1.13.5.6.2
1.6.58404.8.2.1.9.10.36.2.24
1.6.58410.8.2.1.17.5.45.4
1.6.58432.8.2.1
