1.1.1.13.5.1.1.14.8
1.1.1.57.5.1.1
1.1.1.69.5.1.1
1.1.1.79.5.1
1.1.1.110.5.1.6.2.5.1
1.1.1.202.5.1.3.1
1.1.1.203.15.2.9.4
1.1.1.247.5.1
1.1.1.257.28.1.12
1.1.1.278.5.1.1.1.12
1.1.1.406.14.3.8.2.11
1.1.1.486.9.1.4
1.1.1.605.10.2.4.8
1.1.1.633.5.1.1.1.8
1.1.1.654.5.1.1.6.23.1
1.1.1.692.14.2.14.6.8.3
1.1.1.693.23.2.6.5.6.1
1.1.1.702.14.2
1.1.1.714.25.1.4.4
1.1.1.739.8.1.11
1.1.1.770.5.1
1.1.1.805.21.2.17
1.1.1.900.14.5
1.1.1.1005.5.1.2.7.20.1
1.1.1.1018.5.1
1.1.1.1061.5.1.3.5.18.2
1.1.1.1148.5.1.5.1.1.1.3
1.1.1.1172.5.1.3.1.2
1.1.1.1174.17.2.12.2.7
1.1.1.1217.5.1.3.3
1.1.1.1256.8.1.42
1.1.1.1354.28.2.22
1.1.1.1393.5.1.11
1.1.1.1397.5.1
1.1.1.1447.5.1
1.1.1.1450.5.1.2.1.1.1
1.1.1.1518.5.1.2
1.1.1.1665.5.1.2.1.1.9
1.1.1.1675.42.2.7.1.3.1
1.1.1.1770.5.1.3.3.27.7
1.1.1.1867.12.1.6.2.2
1.1.1.1894.5.1.1.2
1.1.1.1899.5.1
1.1.1.1942.23.1.12.13
1.1.1.1972.20.1.15.9
1.1.1.1983.5.1.5.3.6.2
1.1.1.2016.5.1.7
1.1.1.2150.9.1.4.3
1.1.1.2234.14.2
1.1.1.2236.17.3.5.4.2.1.4.7
1.1.1.2362.22.3.11
1.1.1.2447.8.2.14.10
1.1.1.2490.17.3.11.7
1.1.1.2496.9.1.9
1.1.1.2574.5.1.4
1.1.1.2587.14.2.9
1.1.1.2628.5.1.2
1.1.1.2769.11.1.4
1.1.1.2789.5.1.1.5
1.1.1.2791.10.1.4
1.1.1.2885.15.2
1.1.1.2948.10.1.4
1.1.1.2954.5.1.5.2
1.1.1.3084.17.2.10
1.1.1.3137.24.2.16.14
1.1.1.3195.18.2
1.1.2.3326.32.3
1.1.2.3333.13.2
1.1.2.3334.25.2.21.11.23.8.4
1.1.2.3485.9.1.8.12
1.1.2.3551.5.1
1.1.2.3596.12.1.4
1.1.2.3622.5.1
1.1.2.3640.5.1.9.1
1.1.2.3701.19.3.25
1.1.2.3711.5.1.4
1.1.2.3771.5.1.1.1
1.1.2.3812.9.1.25
1.1.2.3837.5.1.1.1.2.2
1.1.2.3962.5.1
1.1.2.3991.15.2.14.28.16.5
1.1.2.4004.12.1.4.1
1.1.2.4013.5.1.7
1.1.2.4039.9.1.25.2
1.1.2.4056.10.1.7.1
1.1.2.4086.20.8.9.19
1.1.2.4140.8.1.6
1.1.2.4287.28.2.28.19
1.1.2.4334.10.1.7.4.13
1.1.2.4374.17.2.15
1.1.2.4513.3
1.1.2.4558.8.2.11.10
1.1.2.4709.5.1.2.2.7.4.25.1
1.1.2.4716.8.1.4
1.1.2.4805.14.3.5.5
1.1.2.4815.5.1
1.1.2.4940.18.1.13
1.1.2.5005.14.2
1.1.2.5028.19.1.8
1.1.2.5047.9.2.19.12
1.1.2.5072.17.2.28.1.2.4
1.1.2.5186.3
1.1.2.5379.5.1.2.1.9
1.1.2.5409.5.1
1.1.2.5431.5.1.1
1.1.2.5443.5.1.1
1.1.2.5453.5.1
1.1.2.5474.43.1.22
1.1.2.5611.5.1
1.1.2.5621.28.1.12
1.1.2.5671.10.2.10
1.1.2.5693.12.1.12
1.1.2.5702.14.2.5.2.4.1
1.1.2.5806.14.3.8.2.11
1.1.2.5853.5.1.51.1.6
1.1.2.5903.5.1.18.10.26.6.15
1.1.2.5997.35.1.19.5
1.1.2.6045.5.1.20.12
1.1.2.6082.14.2.14.6.8.3
1.1.2.6083.23.2.6.5.6.1
1.1.2.6092.14.2
1.1.2.6104.25.1.4.4
1.1.2.6159.3
1.1.2.6159.9.1.4
1.1.2.6164.5.1
1.1.2.6219.14.3
1.1.2.6459.5.1.3.5.12.2
1.1.2.6540.5.1.5.1.1.1.3
1.1.2.6564.5.1.3.1.2
1.1.2.6566.27.2.19.2.7
1.1.2.6609.5.1.3.3
1.1.2.6629.21.5.4
1.1.2.6737.9.2.11
1.1.2.6777.44.1.6.8.14.4.4
1.1.2.6830.5.1.1.5.9.1
1.1.2.6855.8.1.20.22
1.1.2.6887.5.1.2
1.1.2.7043.30.2.7.1.3.1
1.1.2.7120.53.2.24.5.6.2
1.1.2.7154.5.1.3.3.27.7
1.1.2.7251.12.1.6.2.2
1.1.2.7359.20.1.15.9
1.1.2.7366.5.1.1
1.1.2.7370.5.1.5.3.6.2
1.1.2.7403.5.1.7
1.1.2.7538.9.1.4.3
1.1.2.7638.3
1.1.2.7661.20.2
1.1.2.7750.16.3.8.7
1.1.2.7847.8.2.14.10
1.1.2.7887.17.3.11.7
1.1.2.7893.9.1.9
1.1.2.7985.14.2.9
1.1.2.8026.5.1.8.3.4.2.4
1.1.2.8160.20.5.8.8.3
1.1.2.8181.10.1.4
1.1.2.8188.5.1
1.1.2.8277.15.2
1.1.2.8310.5.1.7.1.15.6
1.1.2.8342.10.1.4
1.1.2.8348.5.1.5.2
1.1.2.8478.17.2.10
1.1.2.8531.24.2.16.14
1.1.2.8594.58.1.4
1.1.2.8595.5.1.1.1
1.1.2.8639.17.2.16.4
1.1.2.8729.23.5.24.17.7.5.12
1.1.2.8729.23.5.24.17.9.7.15
1.1.2.8738.6
1.1.2.8746.13.2
1.1.2.8747.9.5.20.16
1.1.2.8747.9.6.24
1.1.2.8957.5.1
1.1.2.9002.12.1.4
1.1.2.9137.5.1.14.1.1.3
1.1.2.9194.5.1.1.1
1.1.2.9260.5.1.1.1.2.2
1.1.2.9415.15.2.14.28.16.5
1.1.2.9427.12.1.4.1
1.1.2.9436.5.1.7
1.1.2.9473.5.1.4.3.12
1.1.2.9521.20.8.9.19
1.1.2.9575.8.1.6
1.1.2.9717.5.1.2.1.1.4.9
1.1.2.9801.5.1.2.2
1.1.2.9812.5.1.10.4
1.1.2.9824.16.2.17.9.7.8
1.1.2.9926.28.2.6
1.1.2.10008.5.1.3
1.1.2.10082.12
1.1.2.10166.29.2.13.3
1.1.2.10177.18.1.11.11
1.1.2.10279.14.3.5.5
1.1.2.10289.5.1
1.1.2.10411.18.1.13
1.1.2.10482.8.1.4
1.1.2.10532.9.2.19.12
1.1.2.10633.5.1.7.7.28
1.1.2.10705.5.1
1.1.2.10782.44.2.23.30
1.1.2.10792.5.1.11.16.11
1.1.2.10868.5.1.2.1.9
1.1.2.10931.41.1.19.23
1.1.2.10935.5.1
1.1.2.10963.43.1.22
1.1.2.10975.5.1.6.2.5.1
1.1.2.11067.5.1.3.1
1.1.2.11068.15.2.9.4
1.1.2.11168.10.2.10
1.1.2.11310.3
1.1.2.11367.9.1.4
1.1.2.11391.5.1.18.10.26.6.15
1.1.2.11473.25.3.8
1.1.2.11488.35.1.19.5
1.1.2.11519.5.1.1.1.8
1.1.2.11540.5.1.1.6.23.1
1.1.2.11578.14.2.14.6.8.3
1.1.2.11579.23.2.6.5.6.1
1.1.2.11588.14.2
1.1.2.11600.25.1.4.4
1.1.2.11625.8.1.11
1.1.2.11649.15.2.10.2.35.6
1.1.2.11848.5.1.2.7.20.1
1.1.2.11861.5.1
1.1.2.11993.5.1.5.1.1.1.3
1.1.2.12017.5.1.3.1.2
1.1.2.12021.5.1.4.3.10.2.1
1.1.2.12061.5.1.3.3
1.1.2.12193.28.2.22
1.1.2.12222.5.1
1.1.2.12223.5.1
1.1.2.12232.23.2.13.1.2.5.42
1.1.2.12283.5.1.1.5.9.1
1.1.2.12300.5.1.27.1.1.3
1.1.2.12308.13.3.14.15
1.1.2.12348.5.1.2
1.1.2.12504.42.2.7.1.3.1
1.1.2.12569.53.2.24.5.6.2
1.1.2.12603.5.1.3.3.27.7
1.1.2.12698.12.1.6.2.2
1.1.2.12735.9.2.4
1.1.2.12803.20.1.15.9
1.1.2.12810.5.1.1
1.1.2.12814.5.1.5.3.6.2
1.1.2.12958.9.1.4.3
1.1.2.12984.12.1.6
1.1.2.13041.14.2
1.1.2.13043.17.3.5.4.2.1.4.6
1.1.2.13135.5.1.2.1.19.1
1.1.2.13164.5.1.18
1.1.2.13191.24
1.1.2.13204.3
1.1.2.13260.12.2.8.5
1.1.2.13310.17.3.11.7
1.1.2.13316.9.1.9
1.1.2.13422.5.1.2
1.1.2.13549.22.2.5.4.4.2
1.1.2.13570.10.1.4
1.1.2.13665.15.2
1.1.2.13704.17.1.4.3
1.1.2.13741.5.1.10
1.1.2.13876.17.2.10
1.1.2.13929.24.2.16.14
1.1.2.13989.37.2
1.1.2.13991.5.1.2.13
1.1.2.14044.35.1.14.10
1.1.2.14064.5.1.2.1.2.2
1.1.2.14084.5.1.10.2
1.1.2.14108.18.2
1.1.2.14119.5.1.1.9.51
1.1.2.14137.13.1.4
1.1.2.14148.29.1.4
1.1.2.14226.5.1.1.13.14.2
1.1.2.14340.5.1
1.1.2.14495.11.1.4
1.1.2.14525.19.3.25
1.1.2.14537.12.1.7.11
1.1.2.14629.9.1.25
1.1.2.14654.5.1.1.1.2.2
1.1.2.14784.15.2.14.28.16.5
1.1.2.14797.12.1.4.1
1.1.2.14806.5.1.7
1.1.2.14843.5.1.4.3.12
1.1.2.14950.8.1.6
1.1.2.15097.8.1.4.1
1.1.2.15183.5.1.2.2
1.1.2.15194.5.1.10.4
1.1.2.15206.16.2.17.9.7.8
1.1.3.15310.28.2.6
1.1.3.15384.5.1.3
1.1.3.15464.12
1.1.3.15545.29.2.13.3
1.1.3.15556.18.1.11.11
1.1.3.15674.6
1.1.3.15727.5.1.3.2.7.2
1.1.3.15736.5.1.5.3
1.1.3.15793.18.1.13
1.1.3.15856.5.1.6.21
1.1.3.15899.5.1.2
1.1.3.16067.5.1
1.1.3.16086.5.1
1.1.3.16211.11.1.4.17
1.1.3.16259.19.1.5
1.1.3.16271.5.1.1
1.1.3.16281.5.1
1.1.3.16312.5.1.6.2.5.1
1.1.3.16404.5.1.3.1
1.1.3.16405.15.2.9.4
1.1.3.16507.15.2.11.1.21.1
1.1.3.16550.43.1.8
1.1.3.16569.13.2.8
1.1.3.16669.5.1.4.1.4.3
1.1.3.16716.10.1.4
1.1.3.16722.5.1.1
1.1.3.16806.5.1.2.1
1.1.3.16814.10.2.4.8
1.1.3.16842.5.1.1.1.8
1.1.3.16864.5.1.3.2
1.1.3.16897.33.2.26
1.1.3.16907.8.1.5.2
1.1.3.16927.25.1.4.4
1.1.3.16952.8.1.11
1.1.3.16983.5.1
1.1.3.17104.13.2.20.7
1.1.3.17299.19.1.17.15
1.1.3.17329.5.1.5.1.1.1.3
1.1.3.17353.5.1.3.1.2
1.1.3.17355.17.2.12.2.7
1.1.3.17395.10.3.8
1.1.3.17534.28.2.22
1.1.3.17580.5.1.20
1.1.3.17584.5.1
1.1.3.17634.5.1
1.1.3.17637.5.1.2.1.1.1
1.1.3.17904.5.1
1.1.3.17925.33.2.15.5.6.2
1.1.3.17959.5.1.3.3.27.7
1.1.3.18056.12.1.6.2.2
1.1.3.18093.9.2.4
1.1.3.18148.9.1.7.20
1.1.3.18179.20.1.15.9
1.1.3.18190.5.1.5.3.6.2
1.1.3.18223.5.1.7
1.1.3.18358.9.1.4.3
1.1.3.18442.14.2
1.1.3.18444.17.3.5.4.2.1.4.7
1.1.3.18567.16.3.8.7
1.1.3.18664.8.2.14.10
1.1.3.18840.5.1.2
1.1.3.18961.8.1.6.8.68
1.1.3.18989.10.1.4
1.1.3.19084.15.2
1.1.3.19155.5.1.10
1.1.3.19281.17.2.10
1.1.3.19334.24.2.16.14
1.1.3.19470.35.1.14.5
1.1.3.19551.21.2.6
1.1.3.19552.9.1.10.8
1.1.3.19665.5.1.1.13.14.2
1.1.3.19715.37.2.5.2
1.1.3.19786.5.1
1.1.3.19831.12.1.4
1.1.3.19952.19.3.25
1.1.3.19964.12.1.7.11
1.1.3.20019.5.1.1.1
1.1.3.20085.5.1.1.1.2.2
1.1.3.20150.8.2.4
1.1.3.20228.9.1.5.2
1.1.3.20240.9.2.13
1.1.3.20274.5.1.4.3.12
1.1.3.20298.10.1.7.1
1.1.3.20407.5.1
1.1.3.20562.8.1.4.1
1.1.3.20600.10.1.7.4.13
1.1.3.20640.17.2.15
1.1.3.20667.9.2.4
1.1.3.20770.28.2.6
1.1.3.20852.5.1.3
1.1.3.21004.29.2.13.3
1.1.3.21015.18.1.11.11
1.1.3.21137.6
1.1.3.21257.18.1.13
1.1.3.21324.5.1.3.1
1.1.3.21373.9.2.19.12
1.1.3.21688.5.1.1.14.8
1.1.3.21732.5.1.1
1.1.3.21744.5.1.1
1.1.3.21754.5.1
1.1.3.21785.5.1.6.2.5.1
1.1.3.21868.29.1.10
1.1.3.21877.5.1.3.1
1.1.3.21878.15.2.9.4
1.1.3.22133.5.1.4.1.4.3
1.1.3.22150.5.1.48.1.6
1.1.3.22283.5.1.2.1
1.1.3.22291.10.2.4.8
1.1.3.22319.5.1.1.1.8
1.1.3.22340.5.1.1.6.23.1
1.1.3.22400.25.1.4.4
1.1.3.22425.8.1.11
1.1.3.22456.5.1
1.1.3.22553.19.3.8.17
1.1.3.22668.5.1.2.7.20.1
1.1.3.22681.5.1
1.1.3.22734.5.1.3.5.12.2
1.1.3.22806.25.3.5
1.1.3.22841.5.1.5.1.1.1.8
1.1.3.22868.5.1.3.1.2
1.1.3.22870.17.2.12.2.7
1.1.3.22913.5.1.3.3
1.1.3.22961.13.1.4
1.1.3.23053.28.2.22
1.1.3.23082.13.2
1.1.3.23148.5.1
1.1.3.23151.5.1.2.1.1.1
1.1.3.23504.18.2.8.4.7.3
1.1.3.23561.12.1.6.2.2
1.1.3.23588.5.1.1.2
1.1.3.23593.5.1
1.1.3.23640.9.1.7.17
1.1.3.23671.20.1.15.9
1.1.3.23678.5.1.1
1.1.3.23682.5.1.5.3.6.2
1.1.3.23843.9.1.4.3
1.1.3.23923.14.2
1.1.3.23925.17.3.5.4.2.1.4.23
1.1.3.24051.22.3.11
1.1.3.24136.8.2.14.10
1.1.3.24268.5.1.4
1.1.3.24284.8.1.11.2
1.1.3.24370.5.1.2.1
1.1.3.24448.8.1.6.9.39
1.1.3.24449.13.2.7.10.40
1.1.3.24468.10.1.4
1.1.3.24562.15.2
1.1.3.24586.3
1.1.3.24592.5.1.2.2
1.1.3.24626.10.1.4
1.1.3.24632.5.1.5.2
1.1.3.24730.5.1.6.3.11
1.1.3.24755.17.2.10
1.1.3.24814.18.1.17
1.1.3.24957.3
1.1.3.24992.18.2
1.1.3.25003.5.1.1.9.51
1.1.3.25021.13.1.4
1.1.3.25240.5.1
1.1.3.25285.12.1.4
1.1.3.25406.19.3.25
1.1.3.25418.12.1.7.11
1.1.3.25468.5.1.1.1
1.1.3.25534.5.1.1.1.2.2
1.1.3.25682.9.1.5.2
1.1.3.25694.9.2.13
1.1.3.25728.5.1.4.3.12
1.1.3.25776.20.8.9.19
1.1.3.25833.8.1.6
1.1.3.25977.28.2.28.19
1.1.3.26014.10.1.7.4.13
1.1.3.26036.5.1.24.1.1
1.1.3.26058.17.2.15
1.1.3.26085.9.2.4
1.1.3.26172.28.2.6
1.1.3.26254.5.1.3
1.1.3.26419.29.2.13.3
1.1.3.26430.18.1.11.11
1.1.3.26548.6
1.1.3.26601.5.1.3.2.7.2
1.1.3.26667.18.1.13
1.1.3.26729.5.1.3.1
1.1.3.26771.9.2.19.12
1.1.3.26796.17.2.28.1.2.4
1.1.3.26888.5.1
1.1.3.26903.5.1.7
1.1.3.26937.17.1
1.1.3.26963.5.1
1.1.3.27021.5.1.11.18.12
1.1.3.27089.5.1.1.3.2
1.1.3.27134.5.1.1
1.1.3.27146.5.1.1
1.1.3.27156.5.1
1.1.3.27177.43.1.22
1.1.3.27189.5.1.6.2.5.1
1.1.3.27272.17.2.6
1.1.3.27280.5.1
1.1.3.27367.16.2.9
1.1.3.27409.12.1.12
1.1.3.27418.14.2.5.2.4.1
1.1.3.27560.5.1.4.1.4.3
1.1.3.27577.5.1.48.1.6
1.1.3.27713.25.3.8
1.1.3.27728.35.1.19.5
1.1.3.27756.5.1.1.1.40
1.1.3.27777.5.1.1.6.23.1
1.1.3.27815.14.2.14.6.8.3
1.1.3.27816.23.2.6.5.6.1
1.1.3.27825.14.2
1.1.3.27837.25.1.4.4
1.1.3.27910.17.2.31
1.1.3.28013.16.2
1.1.3.28017.13.2.20.7
1.1.3.28163.5.1.3.5.12.2
1.1.3.28235.25.3.5
1.1.3.28261.5.1.5.1.1.3.3
1.1.3.28285.5.1.3.1.2
1.1.3.28287.17.2.12.2.7
1.1.3.28330.5.1.3.3
1.1.3.28466.9.2.11
1.1.4.10.27.1.6.5.33.6.14
1.1.4.59.5.1
1.1.4.62.5.1.2.1.1.1
1.1.4.71.3
1.1.4.80.5.1.9.1.1.3
1.1.4.291.42.2.7.1.3.1
1.1.4.484.12.1.6.2.2
1.1.4.567.5.1.22
1.1.4.596.20.1.15.9
1.1.4.607.5.1.5.3.6.2
1.1.4.757.9.1.4.3
1.1.4.836.14.2
1.1.4.838.17.3.5.4.2.1.4.24
1.1.4.964.22.3.11
1.1.4.1048.12.2.8.5
1.1.4.1149.5.1.2.9.6.2
1.1.4.1154.12.2.8
1.1.4.1182.5.1.4
1.1.4.1195.14.2.9
1.1.4.1236.5.1.8.3.4.2.4
1.1.4.1239.5.1.6
1.1.4.1294.8.1.9
1.1.4.1368.5.1.3.1.8.3
1.1.4.1382.8.1.6.9.19
1.1.4.1383.13.2.7.10.20
1.1.4.1402.10.1.4
1.1.4.1409.5.1
1.1.4.1499.15.2
1.1.4.1568.10.1.4
1.1.4.1574.5.1.5.2
1.1.4.1706.17.2.10
1.1.4.1761.24.2.16.14
1.1.4.1810.5.1.3.10
1.1.4.1820.59.1.4
1.1.4.1821.5.1.1.1
1.1.4.1865.17.2.16.4
1.1.4.1939.18.2
1.1.4.1950.5.1.1.9.51
1.1.4.1968.13.1.4
1.1.4.1979.29.1.4
1.1.4.2178.5.1
1.1.4.2223.12.1.4
1.1.4.2344.19.3.25
1.1.4.2356.12.1.7.11
1.1.4.2449.9.1.25
1.1.4.2632.15.2.34.32.10.6
1.1.4.2642.5.1
1.1.4.2651.5.1.7
1.1.4.2688.5.1.4.3.12
1.1.4.2712.10.1.7.1
1.1.4.2819.5.1
1.1.4.2965.8.1.4.1
1.1.4.3003.10.1.7.4.13
1.1.4.3025.5.1.24.1.1
1.1.4.3047.17.2.15
1.1.4.3173.3
1.1.4.3218.8.2.11.10
1.1.4.3294.5.1.1.1
1.1.4.3395.16.2.6.3.9
1.1.4.3501.6
1.1.4.3556.54.1.22
1.1.4.3698.8.1.4
1.1.4.3746.5.1.2
1.1.4.3848.5.1.24.4.9
1.1.4.3873.5.1.18.1.19.9.23
1.1.4.3940.5.1
1.1.4.3944.5.1
1.1.4.4070.5.1.2.1.9
1.1.4.4117.5.1.1
1.1.4.4129.5.1.1
1.1.4.4139.5.1
1.1.4.4170.5.1.6.2.5.1
1.1.4.4262.5.1.3.1
1.1.4.4263.15.2.9.4
1.1.4.4336.19.2.6.3.6.4.48
1.1.4.4379.12.1.12
1.1.4.4388.14.2.5.2.4.1
1.1.4.4491.5.1.9.1
1.1.4.4500.14.3.8.2.11
1.1.4.4588.9.1.4
1.1.4.4612.5.1.18.10.26.6.15
1.1.4.4724.5.1.30.22.18.1.14
1.1.4.4747.5.1.20.12
1.1.4.4806.25.1.4.4
1.1.4.4831.8.1.11
1.1.4.4862.5.1
1.1.4.4887.15.3.7.1.6.1
1.1.4.5122.5.1.3.5.12.2
1.1.4.5174.9.1.9.26
1.1.4.5213.5.1.5.1.1.1.51
1.1.4.5237.5.1.3.1.2
1.1.4.5239.17.2.12.2.7
1.1.4.5285.10.3.8
1.1.4.5334.13.1.4
1.1.4.5429.28.2.22
1.1.4.5469.5.1.20
1.1.4.5473.5.1
1.1.4.5527.5.1.1.5.9.1
1.1.4.5552.13.3.14.15
1.1.4.5592.5.1.2
1.1.4.5659.13.1.8
1.1.4.5764.42.2.7.1.3.1
1.1.4.5869.5.1.3.3.27.7
1.1.4.5959.12.1.6.2.2
1.1.4.5986.5.1.1.2
1.1.4.6034.23.1.12.13
1.1.4.6064.20.1.15.9
1.1.4.6075.5.1.5.3.6.2
1.1.4.6108.5.1.7
1.1.4.6225.9.1.4.3
1.1.4.6263.39.2.13.12.12.2
1.1.4.6303.5.1.18.14
1.1.4.6414.5.1.18
1.1.4.6507.12.2.8.5
1.1.4.6637.5.1.4
1.1.4.6650.14.2.9
1.1.4.6691.5.1.8.3.4.2.4
1.1.4.6694.5.1.6
1.1.4.6808.5.1.3.1.14.3
1.1.4.6822.8.1.6.8.19
1.1.4.6943.5.1.2.1.15.1
1.1.4.6957.16.2.6
1.1.4.6971.31.1.23
1.1.4.6975.13.3.13.1
1.1.4.7006.10.1.4
1.1.4.7012.5.1.5.2
1.1.4.7122.5.1.6.3.11
1.1.4.7147.17.2.10
1.1.4.7203.14.3.30.11.9
1.1.4.7339.25.2.16
1.1.4.7367.18.2
1.1.4.7378.5.1.1.9.51
1.1.4.7396.13.1.4
1.1.4.7537.37.2.5.2
1.1.4.7570.5.1
1.1.4.7587.16.2.8.3
1.1.4.7635.5.1.8.1
1.1.4.7663.29.1.21
1.1.4.7753.19.3.25
1.1.4.7765.12.1.7.11
1.1.4.7852.9.1.25
1.1.4.7877.5.1.1.1.2.2
1.1.4.7923.18.2
1.1.4.7942.5.1.2.1.29.3
1.1.4.7962.5.1.6.3
1.1.4.8059.5.1.12
1.1.4.8070.5.1.7
1.1.4.8097.9.1.25.2
1.1.4.8119.14.2.9.1.3.3
1.1.4.8199.8.1.6
1.1.4.8349.5.1.9
1.1.4.8376.17.1.5
1.1.4.8437.5.1.2.2
1.1.4.8448.5.1.10.4
1.1.4.8460.16.2.17.9.7.8
1.1.4.8574.15.3.33.2.28
1.1.4.8582.3
1.1.4.8628.5.1.3
1.1.4.8705.12
1.1.4.8785.40.4.10.1.4.12
1.1.4.8908.6
1.1.4.8975.5.1.5.3
1.1.4.9032.18.1.13
1.1.4.9103.14.2
1.1.4.9151.9.2.19.12
1.1.4.9176.17.2.28.1.2.4
1.1.4.9344.5.1
1.1.4.9348.5.1
1.1.4.9396.44.2.23.21
1.1.4.9481.5.1.1.12.7
1.1.4.9525.5.1.1
1.1.4.9537.5.1.1
1.1.4.9547.5.1
1.1.4.9568.43.1.22
1.1.4.9706.5.1
1.1.4.9716.28.1.12
1.1.4.9852.17.2.7.1
1.1.4.9885.14.3.8.2.11
1.1.4.9932.5.1.51.1.6
1.1.4.10066.10.2.4.8
1.1.4.10094.5.1.1.1.8
1.1.4.10115.5.1.1.6.23.1
1.1.4.10143.33.2.26
1.1.4.10153.8.1.5.2
1.1.4.10173.25.1.4.4
1.1.4.10198.8.1.11
1.1.4.10229.5.1
1.1.4.10254.15.3.7.1.6.1
1.1.4.10409.5.1.2.7.20.1
1.1.4.10422.5.1
1.1.4.10465.5.1.3.5.18.2
1.1.4.10562.5.1.5.1.1.1.32
1.1.4.10589.5.1.3.1.2
1.1.4.10593.5.1.4.3.10.4.6
1.1.4.10639.5.1.3.3
1.1.4.10774.28.2.22
1.1.4.10815.5.1.14
1.1.4.10819.5.1
1.1.4.10871.5.1.1.5.9.1
1.1.4.10899.5.1.1.1.1
1.1.4.11305.12.1.6.2.2
1.1.4.11389.9.1.7.21
1.1.4.11420.20.1.15.9
1.1.4.11431.5.1.5.3.6.2
1.1.4.11464.5.1.7
1.1.4.11590.9.1.4.3
1.1.4.11674.14.2
1.1.4.11676.17.3.5.4.2.1.4.7
1.1.4.11802.22.3.11
1.1.4.11984.5.1.2.9.6.2
1.1.4.11989.12.2.8
1.1.4.12008.5.1.4
1.1.4.12024.8.1.11.2
1.1.4.12059.5.1.2
1.1.4.12187.35.5.8.8.10
1.1.4.12208.10.1.4
1.1.4.12303.15.2
1.1.4.12334.31.1.22
1.1.4.12338.13.3.13.1
1.1.4.12372.10.1.4
1.1.4.12378.5.1.5.2
1.1.4.12510.17.2.10
1.1.4.12569.18.1.17
1.1.4.12671.17.2.16.4
1.1.4.12745.18.2
1.1.4.12756.5.1.1.9.51
1.1.4.12774.13.1.4
1.1.4.12785.29.1.4
1.1.4.12911.9.1.8.12
1.1.4.12979.5.1
1.1.4.13024.12.1.4
1.1.4.13050.5.1
1.1.4.13068.5.1.9.1
1.1.4.13141.5.1.14.1.1.3
1.1.4.13197.5.1.1.1
1.1.4.13238.9.1.25
1.1.4.13263.5.1.1.1.2.2
1.1.4.13397.15.2.14.28.16.5
1.1.4.13410.12.1.4.1
1.1.4.13419.5.1.7
1.1.4.13444.9.1.25.2
1.1.4.13567.5.1
1.1.4.13721.28.2.28.19
1.1.4.13792.13.1.4.15.8
1.1.4.13844.27.3.5.13
1.1.4.13936.28.2.6
1.1.4.14009.8.2.11.10
1.1.4.14160.29.2.13.3
1.1.4.14171.18.1.11.11
1.1.4.14286.6
1.1.4.14341.54.1.22
1.1.4.14409.5.1.3.2.7.3
1.1.4.14468.8.1.4
1.1.4.14517.9.2.19.12
1.1.4.14639.5.1
1.1.4.14654.5.1.7
1.1.4.14722.5.1
1.1.4.14777.5.1.11.18.12
1.1.4.14857.5.1.2.1.9
1.1.4.14908.19.1.5
1.1.4.14920.5.1.1
1.1.4.14930.5.1
1.1.4.14951.43.1.22
1.1.4.14963.5.1.6.2.5.1
1.1.4.15046.29.1.10
1.1.4.15055.5.1.3.1
1.1.4.15056.15.2.9.4
1.1.4.15156.10.2.10
1.1.4.15299.27.1.14.2.2.1.2
1.1.4.15313.14.4.13
1.1.4.15335.9.1.4
1.1.4.15444.5.1.2.1
1.1.4.15452.10.2.4.8
1.1.4.15481.5.1.1.1.8
1.1.4.15502.5.1.1.6.23.1
1.1.4.15540.14.2.14.6.8.3
1.1.4.15541.23.2.6.5.6.1
1.1.4.15550.14.2
1.1.4.15562.25.1.4.4
1.1.4.15587.8.1.11
1.1.4.15618.5.1
1.1.4.15723.19.3.8.17
1.1.4.15845.5.1
1.1.4.15973.5.1.5.1.1.1.3
1.1.4.15997.5.1.3.1.2
1.1.4.15999.17.2.12.2.7
1.1.4.16033.23.2.4
1.1.4.16173.45.2.22
1.1.4.16213.44.1.6.8.14.4.4
1.1.4.16279.27.2.14.1.11
1.1.4.16536.53.2.24.5.6.2
1.1.4.16574.5.1.3.3.26.12
1.1.4.16663.12.1.6.2.2
1.1.4.16700.9.2.4
1.1.4.16745.5.1.20
1.1.4.16778.20.1.15.9
1.1.4.16789.5.1.5.3.6.2
1.1.4.16822.5.1.7
1.1.4.16945.9.1.4.3
1.1.4.16972.12.1.6
1.1.4.17024.5.1.18.14
1.1.4.17135.5.1.18
1.1.4.17229.12.2.8.5
1.1.4.17267.5.1
1.1.4.17328.5.1.2.9.6.2
1.1.4.17333.12.2.8
1.1.4.17352.5.1.4
1.1.4.17365.14.2.9
1.1.4.17406.5.1.8.3.4.2.4
1.1.4.17409.5.1.6
1.1.4.17537.11.1.4
1.1.4.17575.10.1.4
1.1.4.17670.15.2
1.1.4.17699.5.1.7.1.15.6
1.1.4.17738.5.1.10
1.1.4.17870.17.2.10
1.1.4.17923.24.2.16.14
1.1.4.18071.3
1.1.4.18106.18.2
1.1.4.18117.5.1.1.9.51
1.1.4.18135.13.1.4
1.1.4.18146.29.1.4
1.1.4.18228.5.1.1.13.14.2
1.1.4.18345.5.1
1.1.4.18390.12.1.4
1.1.4.18416.5.1
1.1.4.18500.19.3.25
1.1.4.18512.12.1.7.11
1.1.4.18562.5.1.1.1
1.1.4.18603.9.1.25
1.1.4.18683.18.2
1.1.4.18702.5.1.2.1.29.3
1.1.4.18789.15.2.14.34.15.5
1.1.4.18799.5.1
1.1.4.18808.5.1.7
1.1.4.18833.9.1.25.2
1.1.4.18874.20.8.9.19
1.1.4.18929.8.1.6
1.1.4.19046.5.1.3.2.3.2
1.1.4.19080.8.1.4.1
1.1.4.19152.13.1.4.15.8
1.1.4.19176.5.1.2.2.8
1.1.4.19177.9.1.11.6.17
1.1.4.19288.28.2.6
1.1.4.19362.5.1.3
1.1.4.19521.5.1.2.2.7.4.25.1
1.1.4.19528.8.1.4
1.1.4.19621.14.3.5.5
1.1.4.19631.5.1
1.1.4.19692.54.1.22
1.1.4.19844.5.1.6.21
1.1.4.19887.5.1.2
1.1.4.19993.5.1.24.4.9
1.1.4.20055.17.1
1.1.4.20066.5.1
1.1.4.20085.5.1
1.1.4.20148.5.1.11.18.15
1.1.4.20220.11.1.4.4
1.1.4.20262.5.1.1
1.1.4.20274.5.1.1
1.1.4.20284.5.1
1.1.4.20315.5.1.6.2.5.1
1.1.4.20407.5.1.3.1
1.1.4.20408.15.2.9.4
1.1.4.20675.27.1.14.2.2.1.2
1.1.4.20689.14.4.13
1.1.4.20715.9.1.4
1.1.4.20828.10.2.4.8
1.1.4.20856.5.1.1.1.8
1.1.4.20877.5.1.1.6.23.1
1.1.4.20908.33.2.26
1.1.4.20918.5.1.2.6
1.1.4.20940.25.1.4.4
1.1.4.20965.8.1.11
1.1.4.20996.5.1
1.1.4.21031.21.2.17
1.1.4.21202.3
1.1.4.21275.5.1.3.5.12.2
1.1.4.21347.25.3.5
1.1.4.21373.5.1.5.1.1.3.3
1.1.4.21400.5.1.3.1.2
1.1.4.21402.17.2.12.2.7
1.1.4.21436.23.2.4
1.1.4.21573.28.2.22
1.1.4.21606.5.1
1.1.4.21607.5.1
1.1.4.21615.5.1.20
1.1.4.21619.5.1
1.1.4.21673.5.1.1.5.9.1
1.1.4.21690.5.1.27.1.1.3
1.1.4.21696.16.3.7.4.5.3.5
1.1.4.21730.5.1.2
1.1.4.21797.13.1.8
1.1.4.22008.5.1.3.3.27.7
1.1.4.22098.12.1.6.2.2
1.1.4.22186.9.1.7.17
1.1.4.22217.20.1.15.9
1.1.4.22228.5.1.5.3.6.2
1.1.4.22250.5.1.1
1.1.4.22390.9.1.4.3
1.1.4.22474.14.2
1.1.4.22476.17.3.5.4.2.1.4.7
1.1.4.22593.5.1.18
1.1.4.22620.24
1.1.4.22633.3
1.1.4.22685.12.2.8.5
1.1.4.22816.5.1.4
1.1.4.22829.14.2.9
1.1.4.22870.5.1.8.3.4.2.4
1.1.4.22991.5.1.3.1.8.3
1.1.4.23004.8.1.6.8.23
1.1.4.23039.5.1
1.1.4.23129.15.2
1.1.4.23187.10.1.4
1.1.4.23193.5.1.5.2
1.1.4.23311.17.2.10
1.1.4.23364.24.2.16.14
1.1.4.23427.58.1.4
1.1.4.23428.5.1.1.1
1.1.4.23472.17.2.16.4
1.1.4.23562.23.5.24.17.7.5.12
1.1.4.23562.23.5.24.17.9.7.15
1.1.4.23571.6
1.1.4.23579.13.2
1.1.4.23580.9.5.20.16
1.1.4.23580.9.6.24
1.1.4.23672.5.1.1.13.14.2
1.1.4.23719.9.1.8.12
1.1.4.23785.5.1
1.1.4.23830.12.1.4
1.1.4.23856.5.1
1.1.4.23874.5.1.9.1
1.1.4.23944.5.1.14.1.1.3
1.1.4.24063.5.1.1.1.2.2
1.1.4.24128.8.2.4
1.1.4.24206.9.1.5.2
1.1.4.24218.9.2.13
1.1.4.24252.5.1.4.3.12
1.1.4.24281.14.2.9.1.3.3
1.1.4.24336.17.2.5.23
1.1.4.24524.23.2.24.18.14.3
1.1.4.24597.5.1.2.2
1.1.4.24608.5.1.10.4
1.1.4.24620.16.2.17.9.7.8
1.1.4.24742.28.2.6
1.1.4.24824.5.1.3
1.1.4.24904.5.1.1.1
1.1.4.25003.16.2.6.3.9
1.1.4.25109.6
1.1.4.25233.18.1.13
1.1.4.25271.23.2.23.1.3.4
1.1.4.25300.5.1.6.21
1.1.4.25349.5.1.3.4.10
1.1.4.25377.17.2.28.1.2.3
1.1.4.25444.5.1.7.7.11
1.1.4.25506.17.1
1.1.4.25517.5.1
1.1.4.25536.5.1
1.1.4.25580.3
1.1.4.25583.6
1.1.4.25597.36.2.19.12
1.1.4.25672.9.1.4
1.1.4.25684.5.1
1.1.4.25721.41.1.19.23
1.1.4.25725.5.1
1.1.4.25753.43.1.22
1.1.4.25861.5.1.3.1
1.1.4.25862.15.2.9.4
1.1.4.25963.10.2.10
1.1.4.26132.27.1.14.2.2.1.2
1.1.4.26197.5.1.17.11
1.1.4.26290.25.3.8
1.1.4.26305.35.1.19.5
1.1.4.26333.5.1.1.1.40
1.1.4.26418.25.1.4.4
1.1.4.26443.8.1.11
1.1.4.26474.5.1
1.1.4.26603.16.2
1.1.4.26607.13.2.20.7
1.1.4.26754.5.1.3.5.12.2
1.1.4.26841.5.1.5.1.1.1.3
1.1.4.26865.5.1.3.1.2
1.1.4.26867.17.2.12.2.7
1.1.4.26913.10.3.8
1.1.4.27050.9.2.11
1.1.4.27083.5.1
1.1.4.27084.5.1
1.1.4.27092.5.1.20
1.1.4.27096.5.1
1.1.4.27154.5.1.1.5.9.1
1.1.4.27292.13.1.8
1.1.4.27393.30.2.7.1.3.1
1.1.4.27470.53.2.24.5.6.2
1.1.4.27504.5.1.3.3.27.7
1.1.4.27594.12.1.6.2.2
1.1.4.27684.9.1.7.20
1.1.4.27715.20.1.15.9
1.1.4.27726.5.1.5.3.6.2
1.1.4.27759.5.1.7
1.1.4.27894.9.1.4.3
1.1.4.27920.12.1.6
1.1.4.27972.5.1.18.14
1.1.4.28052.5.1.2.1.19.1
1.1.4.28081.5.1.18
1.1.4.28175.12.2.8.5
1.1.4.28213.5.1
1.1.4.28257.5.1.16.18.18.3
1.1.4.28262.12.2.8
1.1.4.28266.11.3.4.7
1.1.4.28283.5.1.4
1.1.4.28296.14.2.9
1.1.4.28337.5.1.8.3.4.2.4
1.1.4.28340.5.1.6
1.1.4.28480.22.2.5.4.4.2
1.1.4.28501.10.1.4
1.1.4.28596.15.2
1.1.4.28627.17.1.4.3
1.1.4.28656.10.1.4
1.1.4.28662.5.1.5.2
1.1.4.28798.17.2.10
1.1.4.28850.18.1.17
1.1.4.28892.5.1.3.9
1.1.4.29020.18.2
1.1.4.29029.52.5.32.19.43.7.10
1.1.4.29029.52.5.32.19.45.9.13
1.1.4.29038.6
1.1.4.29046.13.2
1.1.4.29047.9.5.20.16
1.1.4.29047.9.6.24
1.1.4.29098.5.1.3.3
1.1.4.29191.9.1.8.12
1.1.4.29244.16.2.8.3
1.1.4.29318.29.1.21
1.1.4.29417.19.3.25
1.1.4.29427.5.1.4
1.1.4.29433.15.2.8.17
1.1.4.29489.5.1.1.1
1.1.4.29522.10.2.8
1.1.4.29530.9.1.25
1.1.4.29555.5.1.1.1.2.2
1.1.4.29603.18.2
1.1.4.29619.5.1.2.1.5.3
1.1.4.29700.15.2.14.34.15.5
1.1.4.29712.12.1.4.1
1.1.4.29721.5.1.7
1.1.4.29746.9.1.25.2
1.1.4.29763.10.1.7.1
1.1.4.29793.20.8.9.19
1.1.4.29851.8.1.6
1.1.4.30008.28.2.28.19
1.1.4.30043.13.1.12.11
1.1.4.30097.5.1.2.2
1.1.4.30108.5.1.10.4
1.1.4.30120.16.2.17.9.7.8
1.1.4.30226.28.2.6
1.1.4.30300.5.1.3
1.1.4.30454.29.2.13.3
1.1.4.30465.18.1.11.11
1.1.4.30565.14.3.5.5
1.1.4.30575.5.1
1.1.4.30647.5.1.5.3
1.1.4.30768.5.1.6.21
1.1.4.30797.5.1.2.3
1.1.4.30819.5.1.2
1.1.4.30944.5.1
1.1.4.30959.5.1.7
1.1.4.31003.5.1
1.1.4.31022.5.1
1.1.4.31077.5.1.11.18.12
1.1.4.31159.11.1.4.17
1.1.4.31208.19.1.5
1.1.4.31220.5.1.1
1.1.4.31230.5.1
1.1.4.31261.5.1.6.2.5.1
1.1.4.31353.5.1.3.1
1.1.4.31354.15.2.9.4
1.1.4.31420.5.1.11.6.16
1.1.4.31449.15.2.11.1.21.1
1.1.4.31595.27.1.14.2.2.1.2
1.1.4.31609.14.4.13
1.1.4.31631.9.1.4
1.1.4.31751.35.1.19.5
1.1.4.31800.5.1.1.9.8.1
1.1.4.31838.14.2.14.6.8.3
1.1.4.31839.23.2.6.5.6.1
1.1.4.31848.14.2
1.1.4.31860.25.1.4.4
1.1.4.31885.8.1.11
1.1.4.31916.5.1
1.1.4.31941.15.3.7.1.6.1
1.1.4.32131.5.1.2.7.20.1
1.1.4.32144.5.1
1.1.4.32197.5.1.3.5.12.2
1.1.4.32249.9.1.9.25
1.1.4.32279.5.1.5.1.1.1.3
1.1.4.32303.5.1.3.1.2
1.1.4.32305.17.2.12.2.7
1.1.4.32354.5.1.3.3
1.1.4.32374.21.5.4
1.1.4.32476.28.2.22
1.1.4.32518.5.1.20
1.1.4.32522.5.1
1.1.4.32580.5.1.1.5.9.1
1.1.4.32605.8.1.20.22
1.1.4.32637.5.1.2
1.1.4.32977.12.1.6.2.2
1.1.4.33014.9.2.4
1.1.4.33069.9.1.7.20
1.1.4.33100.20.1.15.9
1.1.4.33107.5.1.1
1.1.4.33111.5.1.5.3.6.2
1.1.4.33144.5.1.7
1.1.4.33265.9.1.4.3
1.1.4.33366.3
1.1.4.33487.22.3.11
1.1.4.33597.5.1
1.1.4.33647.5.1.2.9.6.2
1.1.4.33688.5.1.4
1.1.4.33701.14.2.9
1.1.4.33742.5.1.2
1.1.4.33870.8.1.6.8.22
1.1.4.33910.5.1
1.1.4.33999.15.2
1.1.4.34065.10.1.4
1.1.4.34071.5.1.5.2
1.1.4.34203.17.2.10
1.1.4.34263.5.1.4
1.1.4.34372.35.1.14.5
1.1.4.34440.18.2
1.1.4.34449.52.5.32.19.43.7.10
1.1.4.34449.52.5.32.19.45.9.13
1.1.4.34458.6
1.1.4.34466.13.2
1.1.4.34467.25.2.20.11.37.8.4
1.1.4.34564.5.1.1.13.14.2
1.1.4.34611.9.1.8.12
1.1.4.34677.5.1
1.1.4.34722.12.1.4
1.1.4.34827.11.1.4
1.1.4.34857.19.3.25
1.1.4.34869.12.1.7.11
1.1.4.34889.5.1.18.1.2.1
1.1.4.34956.9.1.25
1.1.4.34981.5.1.1.1.2.2
1.1.4.35123.9.1.5.2
1.1.4.35135.9.2.13
1.1.4.35170.5.1.4.3.12
1.1.4.35299.5.1
1.1.4.35450.28.2.28.19
1.1.4.35535.5.1.2.2
1.1.4.35546.5.1.10.4
1.1.4.35558.16.2.17.9.7.8
1.1.4.35571.27.3.5.13
1.1.4.35653.28.2.6
1.1.4.35735.5.1.3
1.1.4.35903.29.2.13.3
1.1.4.35914.18.1.11.11
1.1.5.36036.6
1.1.5.36103.5.1.5.3
1.1.5.36155.18.1.13
1.1.5.36226.8.1.4
1.1.5.36274.5.1.3.4.10
1.1.5.36302.17.2.28.1.2.3
1.1.5.36385.5.1.3.5.7.1.7
1.1.5.36447.17.1
1.1.5.36521.44.2.23.21
1.1.5.36602.15.4.10
1.1.5.36651.19.1.5
1.1.5.36663.5.1.1
1.1.5.36673.5.1
1.1.5.36704.5.1.6.2.5.1
1.1.5.36796.5.1.3.1
1.1.5.36797.15.2.9.4
1.1.5.36913.12.1.12
1.1.5.36922.14.2.5.2.4.1
1.1.5.37072.27.1.14.2.2.1.2
1.1.5.37223.25.3.8
1.1.5.37238.35.1.19.5
1.1.5.37269.5.1.1.1.8
1.1.5.37290.5.1.1.6.23.1
1.1.5.37328.14.2.14.6.8.3
1.1.5.37329.23.2.6.5.6.1
1.1.5.37338.14.2
1.1.5.37350.25.1.4.4
1.1.5.37423.17.2.31
1.1.5.37665.5.1.3.12
1.1.5.37721.13.3.14.20.9.8.21
1.1.5.37781.30.2.27.2.7
1.1.5.37822.10.3.8
1.1.5.37964.28.2.22
1.1.5.38004.5.1.24
1.1.5.38008.5.1
1.1.5.38066.5.1.1.5.9.1
1.1.5.38135.5.1.2
1.1.5.38388.5.1.3.3.27.7
1.1.5.38485.12.1.6.2.2
1.1.5.38512.5.1.1.2
1.1.5.38579.20.1.15.9
1.1.5.38590.5.1.5.3.6.2
1.1.5.38750.9.1.4.3
1.1.5.38785.5.1.28.1.3
1.1.5.38787.32
1.1.5.38831.14.2
1.1.5.38833.17.3.5.4.2.1.4.24
1.1.5.38956.16.3.8.7
1.1.5.39052.8.2.14.10
1.1.5.39166.5.1.4
1.1.5.39179.14.2.9
1.1.5.39220.5.1.8.3.4.2.4
1.1.5.39223.5.1.6
1.1.5.39346.11.1.4
1.1.5.39476.15.2
1.1.5.39542.10.1.4
1.1.5.39548.5.1.5.2
1.1.5.39670.17.2.10
1.1.5.39723.24.2.16.14
1.1.5.39842.35.1.14.10
1.1.5.39862.5.1.2.1.2.2
1.1.5.39876.25.2.16
1.1.5.39904.18.2
1.1.5.39915.5.1.1.9.51
1.1.5.39933.13.1.4
1.1.5.39944.29.1.4
1.1.5.40150.5.1
1.1.5.40195.12.1.4
1.1.5.40247.13.2.7.7.18.13.26
1.1.5.40262.5.1
1.1.5.40270.5.1
1.1.5.40307.5.1.14.1.1.3
1.1.5.40389.9.1.25
1.1.5.40414.5.1.1.1.2.2
1.1.5.40527.5.1
1.1.5.40556.15.2.14.28.16.5
1.1.5.40569.12.1.4.1
1.1.5.40578.5.1.7
1.1.5.40615.5.1.4.3.12
1.1.5.40663.20.8.9.19
1.1.5.40717.8.1.6
1.1.5.40858.8.1.4.1
1.1.5.40944.5.1.2.2
1.1.5.41085.3
1.1.5.41130.8.2.11.10
1.1.5.41286.5.1.2.2.7.4.25.1
1.1.5.41293.8.1.4
1.1.5.41400.6
1.1.5.41453.5.1.3.2.7.2
1.1.5.41462.5.1.5.3
1.1.5.41585.5.1.6.21
1.1.5.41628.5.1.2
1.1.5.41740.5.1.24.4.9
1.1.5.41765.5.1.18.1.19.9.23
1.1.5.41807.5.1
1.1.5.41826.5.1
1.1.5.41951.5.1.16
1.1.5.41995.19.1.5
1.1.5.42007.5.1.1
1.1.5.42017.5.1
1.1.5.42038.43.1.22
1.1.5.42204.5.1.13
1.1.5.42235.10.2.10
1.1.5.42383.5.1.4.1.4.3
1.1.5.42540.35.1.19.5
1.1.5.42588.5.1.20.12
1.1.5.42625.14.2.14.6.8.3
1.1.5.42626.23.2.6.5.6.1
1.1.5.42635.14.2
1.1.5.42647.25.1.4.4
1.1.5.42672.8.1.11
1.1.5.42703.5.1
1.1.5.42843.13.2.20.7
1.1.5.42933.5.1.2.7.20.1
1.1.5.42946.5.1
1.1.5.42982.3
1.1.5.43053.25.3.5
1.1.5.43079.5.1.5.1.1.3.3
1.1.5.43106.5.1.3.1.2
1.1.5.43108.17.2.12.2.7
1.1.5.43275.28.2.22
1.1.5.43319.5.1.1.4.11.4.8
1.1.5.43375.5.1.1.5.9.1
1.1.5.43392.5.1.27.1.1.3
1.1.5.43400.13.3.14.15
1.1.5.43440.5.1.2
1.1.5.43740.18.2.8.4.7.3
1.1.5.43803.12.1.6.2.2
1.1.5.43892.9.1.7.17
1.1.5.43923.20.1.15.9
1.1.5.43930.5.1.1
1.1.5.43934.5.1.5.3.6.2
1.1.5.43967.5.1.7
1.1.5.44111.9.1.4.3
1.1.5.44137.12.1.6
1.1.5.44189.5.1.18.14
1.1.5.44300.5.1.18
1.1.5.44327.24
1.1.5.44340.3
1.1.5.44392.12.2.8.5
1.1.5.44515.5.1.4
1.1.5.44531.8.1.11.2
1.1.5.44684.35.5.8.8.10
1.1.5.44705.10.1.4
1.1.5.44730.5.1.2
1.1.5.44789.15.2
1.1.5.44858.5.1.10
1.1.5.44984.17.2.10
1.1.5.45037.24.2.16.14
1.1.5.45098.58.1.4
1.1.5.45099.5.1.1.1
1.1.5.45160.35.1.14.5
1.1.5.45180.5.1.2.1.2.2
1.1.5.45225.18.2
1.1.5.45236.5.1.1.9.51
1.1.5.45254.13.1.4
1.1.5.45324.34.2.20.1
1.1.5.45395.37.2.5.2
1.1.5.45463.5.1
1.1.5.45508.12.1.4
1.1.5.45534.5.1
1.1.5.45552.5.1.9.1
1.1.5.45613.19.3.25
1.1.5.45623.5.1.4
1.1.5.45684.5.1.1.1
1.1.5.45717.10.2.8
1.1.5.45725.9.1.25
1.1.5.45750.5.1.1.1.2.2
1.1.5.45813.8.2.4
1.1.5.45891.9.1.5.2
1.1.5.45903.9.2.13
1.1.5.46037.8.1.6
1.1.5.46180.8.1.4.1
1.1.5.46218.10.1.7.4.13
1.1.5.46240.5.1.24.1.1
1.1.5.46262.17.2.15
1.1.5.46384.28.2.6
1.1.5.46465.8.2.11.10
1.1.5.46615.5.1.2.2.7.4.25.1
1.1.5.46622.8.1.4
1.1.5.46707.14.3.5.5
1.1.5.46717.5.1
1.1.5.46776.5.1.3.2.7.2
1.1.5.46785.5.1.5.3
1.1.5.46842.18.1.13
1.1.5.46865.14.4
1.1.5.46906.5.1.2.1
1.1.5.46914.22.2.8.12.17.4
1.1.5.46959.5.1.2
1.1.5.47083.5.1
1.1.5.47099.5.1.7.1.27.6.14
1.1.5.47138.5.1
1.1.5.47157.5.1
1.1.5.47161.5.1
1.1.5.47209.44.2.23.21
1.1.5.47219.5.1.11.16.11
1.1.5.47297.5.1.1.12.7
1.1.5.47340.19.1.5
1.1.5.47352.5.1.1
1.1.5.47362.5.1
1.1.5.47393.5.1.6.2.5.1
1.1.5.47476.29.1.10
1.1.5.47485.5.1.3.1
1.1.5.47486.15.2.9.4
1.1.5.47740.27.1.14.2.2.1.2
1.1.5.47798.10.1.4
1.1.5.47804.5.1.1
1.1.5.47906.35.1.19.5
1.1.5.47937.5.1.1.1.8
1.1.5.47958.5.1.1.6.23.1
1.1.5.47996.14.2.14.6.8.3
1.1.5.47997.23.2.6.5.6.1
1.1.5.48006.14.2
1.1.5.48018.25.1.4.4
1.1.5.48043.8.1.11
1.1.5.48074.5.1
1.1.5.48099.15.3.7.1.6.1
1.1.5.48151.19.3.8.24
1.1.5.48250.5.1.2.7.20.1
1.1.5.48263.5.1
1.1.5.48316.5.1.3.5.12.2
1.1.5.48417.5.1.5.1.1.1.32
1.1.5.48441.5.1.3.1.2
1.1.5.48443.27.2.19.2.7
1.1.5.48483.10.3.8
1.1.5.48503.21.5.4
1.1.5.48613.28.2.22
1.1.5.48642.5.1
1.1.5.48643.5.1
1.1.5.48653.5.1.14
1.1.5.48657.5.1
1.1.5.48715.5.1.1.5.9.1
1.1.5.48786.5.1.2
1.1.5.48853.13.1.8
1.1.5.48958.42.2.7.1.3.1
1.1.5.49019.53.2.24.5.6.2
1.1.5.49159.12.1.6.2.2
1.1.5.49262.20.1.15.9
1.1.5.49273.5.1.5.3.6.2
1.1.5.49414.25.1.13
1.1.5.49442.9.1.4.3
1.1.5.49527.5.1.18.14
1.1.5.49638.5.1.18
1.1.5.49727.12.2.8.5
1.1.5.49905.5.1.8.3.4.2.4
1.1.5.50031.5.1.3.1.8.3
1.1.5.50045.8.1.6.8.19
1.1.5.50080.5.1
1.1.5.50170.15.2
1.1.5.50236.10.1.4
1.1.5.50242.5.1.5.2
1.1.5.50374.17.2.10
1.1.5.50426.18.1.17
1.1.5.50547.5.1.2.1.2.2
1.1.5.50602.23.5.24.17.7.5.12
1.1.5.50602.23.5.24.17.9.7.15
1.1.5.50611.6
1.1.5.50619.13.2
1.1.5.50632.29.1.4
1.1.5.50761.9.1.8.12
1.1.5.50829.5.1
1.1.5.50874.12.1.4
1.1.5.50926.13.2.7.7.18.13.26
1.1.5.50994.19.3.25
1.1.5.51006.12.1.7.11
1.1.5.51055.5.1.1.1
1.1.5.51121.5.1.1.1.2.2
1.1.5.51167.18.2
1.1.5.51186.5.1.2.1.29.3
1.1.5.51268.12.1.4.1
1.1.5.51277.5.1.7
1.1.5.51302.9.1.25.2
1.1.5.51319.10.1.7.1
1.1.5.51408.8.1.6
1.1.5.51567.5.1.2.1.1.4.12
1.1.5.51603.10.1.7.4.13
1.1.5.51625.5.1.24.1.1
1.1.5.51647.17.2.15
1.1.5.51662.5.1.20.7.14.5
1.1.5.51791.15.3.33.2.28
1.1.5.51799.3
1.1.5.51849.8.2.11.10
1.1.5.52005.5.1.2.2.7.4.25.1
1.1.5.52012.8.1.4
1.1.5.52130.6
1.1.5.52334.5.1.6.21
1.1.5.52363.5.1.2.3
1.1.5.52385.5.1.2
1.1.5.52504.5.1
1.1.5.52519.5.1.7
1.1.5.52587.5.1
1.1.5.52591.5.1
1.1.5.52642.44.2.23.30
1.1.5.52652.5.1.11.16.11
1.1.5.52727.5.1.9
1.1.5.52756.5.1
1.1.5.52778.5.1.1
1.1.5.52790.5.1.1
1.1.5.52800.5.1
1.1.5.52821.43.1.22
1.1.5.53157.27.1.14.2.2.1.2
1.1.5.53206.9.1.4
1.1.5.53326.35.1.19.5
1.1.5.53357.5.1.1.1.8
1.1.5.53378.5.1.1.6.23.1
1.1.5.53439.25.1.4.4
1.1.5.53464.8.1.11
1.1.5.53495.5.1
1.1.5.53705.5.1.2.7.20.1
1.1.5.53718.5.1
1.1.5.53761.5.1.3.12
1.1.5.53851.5.1.5.1.1.1.51
1.1.5.53878.5.1.3.1.2
1.1.5.53886.5.1.11
1.1.5.53933.5.1.3.3
1.1.5.53971.8.1.42
1.1.5.54068.28.2.22
1.1.5.54116.5.1.14
1.1.5.54120.5.1
1.1.5.54172.5.1.1.5.9.1
1.1.5.54241.5.1.2
1.1.5.54308.13.1.8
1.1.5.54484.53.2.24.5.6.2
1.1.5.54518.5.1.3.3.27.7
1.1.5.54608.12.1.6.2.2
1.1.5.54698.9.1.7.17
1.1.5.54729.20.1.15.9
1.1.5.54740.5.1.5.3.6.2
1.1.5.54773.5.1.7
1.1.5.54911.9.1.4.3
1.1.5.55001.14.2
1.1.5.55003.17.3.5.4.2.1.4.19
1.1.5.55124.22.3.11
1.1.5.55209.8.2.14.10
1.1.5.55240.5.1
1.1.5.55286.5.1.2.9.6.2
1.1.5.55291.12.2.8
1.1.5.55364.5.1.2
1.1.5.55488.22.2.9.3
1.1.5.55507.10.1.4
1.1.5.55514.5.1
1.1.5.55603.15.2
1.1.5.55634.31.1.22
1.1.5.55638.13.3.13.1
1.1.5.55672.10.1.4
1.1.5.55678.5.1.5.2
1.1.5.55800.17.2.10
1.1.5.55852.41.2.22
1.1.5.55900.5.1.3.15
1.1.5.55966.35.1.14.5
1.1.5.55986.5.1.2.1.2.2
1.1.5.56041.23.5.24.17.7.5.12
1.1.5.56041.23.5.24.17.9.7.15
1.1.5.56050.6
1.1.5.56058.13.2
1.1.5.56059.9.5.20.16
1.1.5.56059.9.6.24
1.1.5.56278.5.1
1.1.5.56323.12.1.4
1.1.5.56380.5.1.9.1
1.1.5.56450.5.1.14.1.1.3
1.1.5.56544.9.1.25
1.1.5.56569.5.1.1.1.2.2
1.1.5.56719.9.1.5.2
1.1.5.56731.9.2.13
1.1.5.57054.13.2.21.7.36.6
1.1.5.57113.13.1.4.15.8
1.1.5.57165.27.3.5.13
1.1.5.57265.3
1.1.5.57311.5.1.3
1.1.5.57462.5.1.2.2.7.4.25.1
1.1.5.57469.8.1.4
1.1.5.57567.6
1.1.5.57620.5.1.3.2.7.2
1.1.5.57686.18.1.13
1.1.5.57720.23.2.23.1.3.4
1.1.5.57753.5.1.6.21
1.1.5.57795.9.2.19.12
1.1.5.57820.17.2.28.1.2.4
1.1.5.57962.5.1
1.1.5.58117.5.1.2.1.9
1.1.5.58168.19.1.5
1.1.5.58180.5.1.1
1.1.5.58190.5.1
1.1.5.58221.5.1.6.2.5.1
1.1.5.58304.29.1.10
1.1.5.58313.5.1.3.1
1.1.5.58314.15.2.9.4
1.1.5.58391.16.2.9
1.1.5.58468.31.3
1.1.5.58536.5.1.9.1
1.1.5.58545.14.3.8.2.11
1.1.5.58601.5.1.48.1.6
1.1.5.58651.5.1.18.10.26.6.15
1.1.5.58747.10.2.4.8
1.1.5.58775.5.1.1.1.8
1.1.5.58796.5.1.1.6.23.1
1.1.5.58834.14.2.14.6.8.3
1.1.5.58835.23.2.6.5.6.1
1.1.5.58844.14.2
1.1.5.58856.25.1.4.4
1.1.5.58929.17.2.31
1.1.5.59268.5.1.5.1.1.1.3
1.1.5.59295.5.1.3.1.2
1.1.5.59297.17.2.12.2.7
1.1.5.59340.5.1.3.3
1.1.5.59480.28.2.22
1.1.5.59513.5.1
1.1.5.59514.5.1
1.1.5.59522.5.1.20
1.1.5.59526.5.1
1.1.5.59571.5.1.2.1.1.2
1.1.5.59868.53.2.24.5.6.2
1.1.5.59902.5.1.3.3.27.7
1.1.5.59997.12.1.6.2.2
1.1.5.60100.20.1.15.9
1.1.5.60107.5.1.1
1.1.5.60111.5.1.5.3.6.2
1.1.5.60264.9.1.4.3
1.1.5.60348.5.1.18.14
1.1.5.60459.5.1.18
1.1.5.60552.12.2.8.5
1.1.5.60585.5.1
1.1.5.60722.5.1.2
1.1.5.60845.11.1.4
1.1.5.60871.10.1.4
1.1.5.60965.15.2
1.1.5.61026.10.1.4
1.1.5.61032.5.1.5.2
1.1.5.61171.17.2.10
1.1.5.61224.24.2.16.14
1.1.5.61335.35.1.14.5
1.1.5.61413.23.5.24.17.7.5.12
1.1.5.61413.23.5.24.17.9.7.15
1.1.5.61422.6
1.1.5.61430.13.2
1.1.5.61431.9.5.20.16
1.1.5.61431.9.6.24
1.1.5.61585.9.1.8.12
1.1.5.61654.5.1
1.1.5.61753.5.1.3.1
1.1.5.61823.19.3.25
1.1.5.61835.12.1.7.11
1.1.5.61919.9.1.25
1.1.5.61944.5.1.1.1.2.2
1.1.5.62091.15.2.34.32.10.6
1.1.5.62104.12.1.4.1
1.1.5.62113.5.1.7
1.1.5.62139.9.1.25.2
1.1.5.62156.10.1.7.1
1.1.5.62219.17.2.5.23
1.1.5.62395.28.2.28.19
1.1.5.62432.10.1.7.4.13
1.1.5.62454.5.1.24.1.1
1.1.5.62476.17.2.15
1.1.5.62616.3
1.1.5.62662.5.1.3
1.1.5.62742.5.1.1.1
1.1.5.62824.5.1.2.2.7.4.25.1
1.1.5.62831.8.1.4
1.1.5.62936.6
1.1.5.63061.18.1.13
1.1.5.63132.14.2
1.1.5.63178.9.2.19.12
1.1.5.63203.17.2.28.1.2.4
1.1.5.63296.5.1
1.1.5.63311.5.1.7
1.1.5.63355.5.1
1.1.5.63374.5.1
1.1.5.63418.3
1.1.5.63421.6
1.1.5.63435.36.2.18.11.38.4
1.1.5.63511.5.1.1.12.7
1.1.5.63555.5.1.1
1.1.5.63567.5.1.1
1.1.5.63577.5.1
1.1.5.63598.43.1.22
1.1.5.63763.11.3.17.10
1.1.5.63796.10.2.10
1.1.5.63966.27.1.14.2.2.1.2
1.1.5.63980.14.4.13
1.1.5.64144.5.1.30.22.18.1.14
1.1.5.64192.33.2.26
1.1.5.64202.8.1.5.2
1.1.5.64222.25.1.4.4
1.1.5.64247.8.1.11
1.1.5.64278.5.1
1.1.5.64313.21.2.17
1.1.5.64509.5.1.2.7.20.1
1.1.5.64522.5.1
1.1.5.64567.5.1.3.12
1.1.5.64654.5.1.5.1.1.1.3
1.1.5.64678.5.1.3.1.2
1.1.5.64682.5.1.4.3.10.2.1
1.1.5.64728.5.1.3.3
1.1.5.64748.21.5.4
1.1.5.64857.28.2.22
1.1.5.64886.13.2
1.1.5.64960.5.1.1.5.9.1
1.1.5.65247.33.2.15.5.6.2
1.1.5.65281.5.1.3.3.27.7
1.1.5.65370.12.1.6.2.2
1.1.5.65461.9.1.7.20
1.1.5.65492.20.1.15.9
1.1.5.65499.5.1.1
1.1.5.65503.5.1.5.3.6.2
1.1.5.65536.5.1.7
1.1.5.65667.9.1.4.3
1.1.5.65736.14.2
1.1.5.65738.17.3.5.4.2.1.4.20
1.1.5.65856.16.3.8.7
1.1.5.65952.8.2.14.10
1.1.5.66047.5.1.2.9.6.2
1.1.5.66099.14.2.9
1.1.5.66141.5.1.1.1.4.4.9
1.1.5.66144.5.1.6
1.1.5.66202.5.1.2.1
1.1.5.66281.11.1.4
1.1.5.66319.10.1.4
1.1.5.66414.15.2
1.1.5.66438.3
1.1.5.66477.10.1.4
1.1.5.66483.5.1.5.2
1.1.5.66613.17.2.10
1.1.5.66665.41.2.22
1.1.5.66781.17.2.16.4
1.1.5.66855.18.2
1.1.5.66866.5.1.1.9.51
1.1.5.66884.13.1.4
1.1.5.66895.29.1.4
1.1.5.67086.5.1
1.1.5.67131.12.1.4
1.1.5.67157.29.1.21
1.1.5.67256.19.3.25
1.1.5.67268.12.1.7.11
1.1.5.67288.5.1.18.1.2.1
1.1.5.67352.9.1.25
1.1.5.67377.5.1.1.1.2.2
1.1.5.67492.5.1
1.1.5.67528.15.2.34.32.10.6
1.1.5.67541.12.1.4.1
1.1.5.67550.5.1.7
1.1.5.67576.9.1.25.2
1.1.5.67598.14.2.9.1.3.3
1.1.5.67839.28.2.28.19
1.1.5.67881.10.1.7.4.13
1.1.5.67951.27.3.5.13
1.1.5.68119.5.1.3
1.1.5.68199.12
1.1.5.68286.40.4.10.1.4.5
1.1.5.68411.6
1.1.5.68464.5.1.3.2.7.2
1.1.5.68600.8.1.4
1.1.5.68649.9.2.19.12
1.1.5.68674.17.2.28.1.2.4
1.1.5.68751.5.1.24.4.9
1.1.5.68823.5.1
1.1.5.68905.5.1.11.18.12
1.1.5.68970.5.1.4.4.33
1.1.5.69020.5.1.1
1.1.5.69032.5.1.1
1.1.5.69042.5.1
1.1.5.69063.43.1.22
1.1.5.69162.29.1.10
1.1.5.69171.5.1.3.1
1.1.5.69172.15.2.9.4
1.1.5.69418.5.1.4.1.4.3
1.1.5.69574.35.1.19.5
1.1.5.69605.5.1.1.1.8
1.1.5.69626.5.1.1.6.23.1
1.1.5.69664.14.2.14.6.8.3
1.1.5.69665.23.2.6.5.6.1
1.1.5.69674.14.2
1.1.5.69686.25.1.4.4
1.1.5.69711.8.1.11
1.1.5.69742.5.1
1.1.5.69863.16.2
1.1.5.69867.13.2.20.7
1.1.5.70014.5.1.3.5.12.2
1.1.5.70106.5.1.5.1.1.1.3
1.1.5.70133.5.1.3.1.2
1.1.5.70135.27.2.19.2.7
1.1.5.70170.3
1.1.5.70312.28.2.22
1.1.5.70341.13.2
1.1.5.70414.5.1.1.5.9.1
1.1.5.70483.5.1.2
1.1.5.70704.53.2.24.5.6.2
1.1.5.70836.12.1.6.2.2
1.1.5.70950.20.1.15.9
1.1.5.70957.5.1.1
1.1.5.70961.5.1.5.3.6.2
1.1.5.70994.5.1.7
1.1.5.71099.25.1.13
1.1.5.71127.9.1.4.3
1.1.5.71211.14.2
1.1.5.71213.17.3.5.4.2.1.4.7
1.1.5.71330.5.1.18
1.1.5.71423.12.2.8.5
1.1.5.71468.17.3.11.7
1.1.5.71507.5.1.2.9.6.2
1.1.5.71548.5.1.4
1.1.5.71564.8.1.11.2
1.1.5.71729.35.5.8.8.10
1.1.5.71750.10.1.4
1.1.5.71757.5.1
1.1.5.71837.5.1.2.1.15.1
1.1.5.71851.16.2.6
1.1.5.71864.33.2.4
1.1.5.71903.10.1.4
1.1.5.71909.5.1.5.2
1.1.5.72036.17.2.10
1.1.5.72089.24.2.16.14
1.1.5.72205.17.2.16.4
1.1.5.72260.58.2.18.10
1.1.5.72268.5.1.28.12.13.7.18
1.1.5.72268.5.1.28.12.15.9.21
1.1.5.72281.18.2.8.1
1.1.5.72361.34.2.20.1
1.1.5.72494.5.1
1.1.5.72539.12.1.4
1.1.5.72656.19.3.25
1.1.5.72668.12.1.7.11
1.1.5.72720.5.1.1.1
1.1.5.72753.10.2.8
1.1.5.72761.9.1.25
1.1.5.72786.5.1.1.1.2.2
1.1.5.72873.5.1.6.3
1.1.5.72950.9.1.5.2
1.1.5.72962.9.2.13
1.1.5.72997.5.1.4.3.12
1.1.5.73021.10.1.7.1
1.1.5.73051.20.8.9.19
1.1.5.73109.8.1.6
1.1.5.73274.23.2.24.18.14.3
1.1.5.73311.10.1.7.4.13
1.1.5.73351.17.2.15
1.1.5.73491.3
1.1.5.73536.8.2.11.10
1.1.5.73614.12
1.1.5.73689.6
1.1.5.73694.5.1.2
1.1.5.73704.8.1.4
1.1.5.73810.6
1.1.5.73863.5.1.3.2.7.2
1.1.5.73872.5.1.5.3
1.1.5.73953.14.4
1.1.5.74000.8.1.4
1.1.5.74088.17.2.28.1.2.3
1.1.5.74240.5.1
1.1.5.74311.44.2.23.21
1.1.5.74321.5.1.11.16.11
1.1.5.74388.5.1.1.12.7
1.1.5.74427.19.1.5
1.1.5.74439.5.1.1
1.1.5.74449.5.1
1.1.5.74480.5.1.6.2.5.1
1.1.5.74572.5.1.3.1
1.1.5.74573.15.2.9.4
1.1.5.74711.43.1.8
1.1.5.74730.13.2.8
1.1.5.74822.27.1.14.2.2.1.2
1.1.5.74884.5.1.18.10.26.6.15
1.1.5.74969.25.3.8
1.1.5.74984.35.1.19.5
1.1.5.75015.5.1.1.1.8
1.1.5.75036.5.1.1.6.23.1
1.1.5.75064.33.2.26
1.1.5.75074.8.1.5.2
1.1.5.75094.25.1.4.4
1.1.5.75170.17.2.31
1.1.5.75351.5.1.2.7.20.1
1.1.5.75364.5.1
1.1.5.75512.5.1.5.1.1.1.3
1.1.5.75536.5.1.3.1.2
1.1.5.75540.5.1.4.3.10.2.1
1.1.5.75716.28.2.22
1.1.5.75756.44.1.6.8.14.4.4
1.1.5.75810.5.1.1.5.9.1
1.1.5.75835.13.3.14.15
1.1.5.75875.5.1.2
1.1.5.76028.30.2.7.1.3.1
1.1.5.76125.5.1.3.3.27.7
1.1.5.76223.12.1.6.2.2
1.1.5.76328.20.1.15.9
1.1.5.76335.5.1.1
1.1.5.76339.5.1.5.3.6.2
1.1.5.76372.5.1.7
1.1.5.76500.9.1.4.3
1.1.5.76584.14.2
1.1.5.76586.17.3.5.4.2.1.4.7
1.1.5.76707.22.3.11
1.1.5.76787.12.2.8.5
1.1.5.76825.5.1
1.1.5.76872.18.2.5.3
1.1.5.76919.5.1.4
1.1.5.76932.14.2.9
1.1.5.76973.5.1.8.3.4.2.4
1.1.5.76976.5.1.6
1.1.5.77118.22.2.5.4.4.2
1.1.5.77240.15.2
1.1.5.77303.10.1.4
1.1.5.77309.5.1.5.2
1.1.5.77441.17.2.10
1.1.5.77493.41.2.22
1.1.5.77597.17.2.16.4
1.1.5.77660.18.2
1.1.5.77671.5.1.1.9.51
1.1.5.77689.13.1.4
1.1.5.77700.29.1.4
1.1.5.77781.5.1.1.13.14.2
1.1.5.77895.5.1
1.1.5.77940.12.1.4
1.1.5.77966.5.1
1.1.5.77979.5.1.1.19.17.4
1.1.5.77984.19.2
1.1.5.78046.19.3.25
1.1.5.78058.12.1.7.11
1.1.5.78152.9.1.25
1.1.5.78177.5.1.1.1.2.2
1.1.5.78340.9.1.5.2
1.1.5.78352.9.2.13
1.1.5.78386.5.1.4.3.12
1.1.5.78415.14.2.9.1.3.3
1.1.5.78470.17.2.5.23
1.1.5.78509.5.1
1.1.5.78655.8.1.4.1
1.1.5.78741.5.1.2.2
1.1.5.78752.5.1.10.4
1.1.5.78764.16.2.17.9.7.8
1.1.5.78883.28.2.6
1.1.5.78965.5.1.3
1.1.5.79037.12
1.1.5.79119.6
1.1.5.79124.5.1.2
1.1.5.79134.8.1.4
1.1.5.79225.14.3.5.5
1.1.5.79235.5.1
1.1.5.79294.5.1.3.2.7.2
1.1.5.79303.5.1.5.3
1.1.5.79356.18.1.13
1.1.5.79423.5.1.10.6
1.1.5.79470.9.2.19.12
1.1.5.79495.17.2.28.1.2.4
1.1.5.79595.5.1
1.1.5.79611.5.1.7.1.27.6.17
1.1.5.79653.5.1
1.1.5.79672.5.1
1.1.5.79676.5.1
1.1.5.79724.44.2.23.21
1.1.5.79802.5.1.2.1.9
1.1.5.79853.19.1.5
1.1.5.79865.5.1.1
1.1.5.79875.5.1
1.1.5.79906.5.1.6.2.5.1
1.1.5.79989.29.1.10
1.1.5.79998.5.1.3.1
1.1.5.79999.15.2.9.4
1.1.5.80043.5.1
1.1.5.80053.28.1.12
1.1.5.80074.16.2.9
1.1.5.80117.12.1.12
1.1.5.80126.14.2.5.2.4.1
1.1.5.80248.14.3.8.2.11
1.1.5.80456.35.1.19.5
1.1.5.80487.5.1.1.1.8
1.1.5.80508.5.1.1.6.23.1
1.1.5.80546.14.2.14.6.8.3
1.1.5.80547.23.2.6.5.6.1
1.1.5.80556.14.2
1.1.5.80568.25.1.4.4
1.1.5.80593.8.1.11
1.1.5.80624.5.1
1.1.5.80659.21.2.17
1.1.5.80820.5.1.2.7.20.1
1.1.5.80833.5.1
1.1.5.80922.9.1.9.25
1.1.5.80952.5.1.5.1.1.1.3
1.1.5.80979.5.1.3.1.2
1.1.5.80981.17.2.12.2.7
1.1.5.81024.5.1.3.3
1.1.5.81044.21.5.4
1.1.5.81148.45.2.22
1.1.5.81177.5.1
1.1.5.81178.5.1
1.1.5.81188.5.1.14
1.1.5.81192.5.1
1.1.5.81250.5.1.1.5.9.1
1.1.5.81267.5.1.27.1.1.3
1.1.5.81523.5.1
1.1.5.81544.33.2.15.5.6.2
1.1.5.81578.5.1.3.3.27.7
1.1.5.81669.12.1.6.2.2
1.1.5.81774.20.1.15.9
1.1.5.81781.5.1.1
1.1.5.81785.5.1.5.3.6.2
1.1.5.81818.5.1.7
1.1.5.81924.25.1.13
1.1.5.81952.9.1.4.3
1.1.5.81980.12.1.6
1.1.5.82037.14.2
1.1.5.82039.17.3.5.4.2.1.4.13
1.1.5.82158.5.1.18
1.1.5.82201.3
1.1.5.82254.8.2.14.10
1.1.5.82285.5.1
1.1.5.82431.5.1.2
1.1.5.82553.22.2.9.3
1.1.5.82572.10.1.4
1.1.5.82579.5.1
1.1.5.82669.15.2
1.1.5.82700.33.2.4
1.1.5.82732.5.1.2.12.5
1.1.5.82740.18.2.6.3
1.1.5.82743.5.1.7.4.10
1.1.5.82748.5.1.4.2.4.3
1.1.5.82748.5.1.4.2.6.2.24
1.1.5.82853.17.2.10
1.1.5.82910.8.3.8.4
1.1.5.82968.18.2
1.1.5.83026.35.1.14.5
1.1.5.83104.23.5.24.17.7.5.12
1.1.5.83104.23.5.24.17.9.7.15
1.1.5.83113.6
1.1.5.83121.13.2
1.1.5.83122.25.2.20.11.37.8.4
1.1.5.83202.17.2.8.17
1.1.5.83266.9.1.8.12
1.1.5.83320.16.2.8.3
1.1.5.83492.19.3.25
1.1.5.83504.12.1.7.11
1.1.5.83594.9.1.25
1.1.5.83619.5.1.1.1.2.2
1.1.5.83769.15.2.34.32.10.6
1.1.5.83781.12.1.4.1
1.1.5.83790.5.1.7
1.1.5.83827.5.1.4.3.12
1.1.5.83875.20.8.9.19
1.1.5.83932.8.1.6
1.1.5.84098.23.2.24.18.14.3
1.1.5.84129.10.1.7.4.13
1.1.5.84151.5.1.24.1.1
1.1.5.84173.17.2.15
1.1.5.84289.15.3.33.2.28
1.1.5.84297.3
1.1.5.84343.5.1.3
1.1.5.84426.12
1.1.5.84529.16.2.6.3.9
1.1.5.84638.6
1.1.5.84691.5.1.3.2.7.2
1.1.5.84700.5.1.5.3
1.1.5.84797.5.1.5.1.2.3.10
1.1.5.84820.8.1.4
1.1.5.84870.5.1.2
1.1.5.85008.5.1.18.1.19.9.23
1.1.5.85037.17.1
1.1.5.85119.5.1.11.18.12
1.1.5.85192.11.1.4.4
1.1.5.85230.19.1.5
1.1.5.85242.5.1.1
1.1.5.85252.5.1
1.1.5.85273.43.1.22
1.1.5.85467.10.2.10
1.1.5.85563.17.2.7.1
1.1.5.85627.27.1.14.2.2.1.2
1.1.5.85697.5.1.18.10.26.6.15
1.1.5.85781.25.3.8
1.1.5.85796.35.1.19.5
1.1.5.85828.5.1.1.1.8
1.1.5.85849.5.1.1.6.23.1
1.1.5.85916.25.1.4.4
1.1.5.85992.17.2.31
1.1.5.86188.5.1.2.7.20.1
1.1.5.86201.5.1
1.1.5.86343.5.1.5.1.1.1.3
1.1.5.86370.5.1.3.1.2
1.1.5.86372.27.2.19.2.7
1.1.5.86407.3
1.1.5.86447.8.1.42
1.1.5.86510.27
1.1.5.86547.45.2.22
1.1.5.86593.5.1.20
1.1.5.86597.5.1
1.1.5.86647.5.1
1.1.5.86650.5.1.2.1.1.1
1.1.5.86659.3
1.1.5.86877.42.2.7.1.3.1
1.1.5.86944.53.2.24.5.6.2
1.1.5.86978.5.1.3.3.27.7
1.1.5.87069.12.1.6.2.2
1.1.5.87106.9.2.4
1.1.5.87159.9.1.7.17
1.1.5.87190.20.1.15.9
1.1.5.87201.5.1.5.3.6.2
1.1.5.87234.5.1.7
1.1.5.87351.9.1.4.3
1.1.5.87435.14.2
1.1.5.87437.17.3.5.4.2.1.4.7
1.1.5.87529.5.1.2.1.19.1
1.1.5.87558.5.1.18
1.1.5.87602.3
1.1.5.87659.8.2.14.10
1.1.5.87702.17.3.11.7
1.1.5.87708.9.1.9
1.1.5.87814.5.1.2
1.1.5.87942.5.1.1.2
1.1.5.87964.10.1.4
1.1.5.87971.5.1
1.1.5.88060.15.2
1.1.5.88083.17.2.18.14.6.1
1.1.5.88116.10.1.4
1.1.5.88122.5.1.5.2
1.1.5.88264.17.2.10
1.1.5.88316.41.2.22
1.1.5.88374.58.1.4
1.1.5.88375.5.1.1.1
1.1.5.88419.17.2.16.4
1.1.5.88476.58.2.18.10
1.1.5.88484.5.1.28.12.13.7.18
1.1.5.88484.5.1.28.12.15.9.21
1.1.5.88498.18.2.8.1
1.1.5.88691.5.1
1.1.5.88724.5.1
1.1.5.88769.12.1.4
1.1.5.88795.5.1
1.1.5.88813.5.1.9.1
1.1.5.88874.19.3.25
1.1.5.88886.12.1.7.11
1.1.5.88977.9.1.25
1.1.5.89002.5.1.1.1.2.2
1.1.5.89050.18.2
1.1.5.89066.5.1.2.1.5.3
1.1.5.89154.15.2.34.32.10.6
1.1.5.89167.12.1.4.1
1.1.5.89176.5.1.7
1.1.5.89202.9.1.25.2
1.1.5.89224.14.2.9.1.3.3
1.1.5.89307.8.1.6
1.1.5.89473.28.2.28.19
1.1.5.89558.5.1.2.2
1.1.5.89569.5.1.10.4
1.1.5.89581.16.2.17.9.7.8
1.1.5.89677.28.2.6
1.1.5.89762.5.1.3
1.1.5.89847.12
1.1.5.89930.5.1.2.2.7.4.25.1
1.1.5.89937.8.1.4
1.1.5.90044.6
1.1.5.90097.5.1.3.2.7.2
1.1.5.90159.18.1.13
1.1.5.90224.8.1.4
1.1.5.90272.5.1.3.4.10
1.1.5.90300.17.2.28.1.2.3
1.1.5.90374.5.1.7.7.28
1.1.5.90399.5.1.18.1.19.9.23
1.1.5.90441.5.1
1.1.5.90460.5.1
1.1.5.90586.5.1.16
1.1.5.90631.19.1.5
1.1.5.90643.5.1.1
1.1.5.90653.5.1
1.1.5.90674.43.1.22
1.1.5.90759.29.1.10
1.1.5.90768.5.1.3.1
1.1.5.90769.15.2.9.4
1.1.5.90842.19.2.6.3.6.4.48
1.1.5.90877.10.2.10
1.1.5.90899.12.1.12
1.1.5.90908.14.2.5.2.4.1
1.1.5.90978.16.5.15.1.2.3
1.1.5.91044.27.1.14.2.2.1.2
1.1.5.91206.10.2.4.8
1.1.5.91234.5.1.1.1.8
1.1.5.91296.14.2.14.6.8.3
1.1.5.91297.23.2.6.5.6.1
1.1.5.91306.14.2
1.1.5.91318.25.1.4.4
1.1.5.91343.8.1.11
1.1.5.91374.5.1
1.1.5.91409.21.2.17
1.1.5.91436.14.3
1.1.5.91486.19.3.8.17
1.1.5.91502.5.1.4.1
1.1.5.91619.5.1.2.7.20.1
1.1.5.91632.5.1
1.1.5.91685.5.1.3.5.12.2
1.1.5.91786.5.1.5.1.1.1.32
1.1.5.91813.5.1.3.1.2
1.1.5.91817.5.1.4.3.10.4.6
1.1.5.91860.10.3.8
1.1.5.92002.45.2.22
1.1.5.92031.13.2
1.1.5.92092.5.1.2.1.1.2
1.1.5.92101.3
1.1.5.92110.5.1.9.1.1.3
1.1.5.92118.13.3.14.15
1.1.5.92158.5.1.2
1.1.5.92223.13.1.8
1.1.5.92392.53.2.24.5.6.2
1.1.5.92537.12.1.6.2.2
1.1.5.92564.5.1.1.2
1.1.5.92569.5.1
1.1.5.92610.8.2.4.7
1.1.5.92641.20.1.15.9
1.1.5.92652.5.1.5.3.6.2
1.1.5.92685.5.1.7
1.1.5.92822.9.1.4.3
1.1.5.92902.14.2
1.1.5.92904.17.3.5.4.2.1.4.18
1.1.5.93030.22.3.11
1.1.5.93115.8.2.14.10
1.1.5.93250.5.1.4
1.1.5.93263.14.2.9
1.1.5.93304.5.1.8.3.4.2.4
1.1.5.93307.5.1.6
1.1.5.93452.11.1.4
1.1.5.93472.5.1.1.5
1.1.5.93474.10.1.4
1.1.5.93569.15.2
1.1.5.93604.17.1.4.3
1.1.5.93633.10.1.4
1.1.5.93639.5.1.5.2
1.1.5.93761.17.2.10
1.1.5.93814.24.2.16.14
1.1.5.93933.35.1.14.10
1.1.5.94013.23.5.24.17.7.5.12
1.1.5.94013.23.5.24.17.9.7.15
1.1.5.94022.6
1.1.5.94030.13.2
1.1.5.94031.9.5.20.16
1.1.5.94031.9.6.24
1.1.5.94165.9.1.8.12
1.1.5.94226.11.1.4
1.1.5.94297.5.1
1.1.5.94315.5.1.9.1
1.1.5.94376.19.3.25
1.1.5.94388.12.1.7.11
1.1.5.94438.5.1.1.1
1.1.5.94479.9.1.25
1.1.5.94504.5.1.1.1.2.2
1.1.5.94650.15.2.14.34.15.5
1.1.5.94663.12.1.4.1
1.1.5.94672.5.1.7
1.1.5.94697.9.1.25.2
1.1.5.94714.10.1.7.1
1.1.5.94779.17.2.5.23
1.1.5.94818.5.1
1.1.5.94961.8.1.4.1
1.1.5.95047.5.1.2.2
1.1.5.95058.5.1.10.4
1.1.5.95070.16.2.17.9.7.8
1.1.5.95083.27.3.5.13
1.1.5.95177.15.3.33.2.28
1.1.5.95185.3
1.1.5.95231.5.1.3
1.1.5.95418.16.2.6.3.9
1.1.5.95530.6
1.1.5.95583.5.1.3.2.7.2
1.1.5.95712.8.1.4
1.1.5.95762.9.2.19.12
1.1.5.95866.5.1.3.5.7.1.7
1.1.5.95899.3
1.1.5.95964.5.1
1.1.6.28.5.1.11.18.14
1.1.6.100.5.1.16
1.1.6.145.5.1.1
1.1.6.157.5.1.1
1.1.6.167.5.1
1.1.6.198.5.1.6.2.5.1
1.1.6.281.29.1.10
1.1.6.290.5.1.3.1
1.1.6.291.15.2.9.4
1.1.6.391.10.2.10
1.1.6.504.14.3.8.2.11
1.1.6.551.5.1.51.1.6
1.1.6.698.10.2.4.8
1.1.6.726.5.1.1.1.8
1.1.6.748.5.1.3.2
1.1.6.788.14.2.14.6.8.3
1.1.6.789.23.2.6.5.6.1
1.1.6.798.14.2
1.1.6.810.25.1.4.4
1.1.6.835.8.1.11
1.1.6.866.5.1
1.1.6.1184.9.1.9.26
1.1.6.1223.5.1.5.1.1.1.41
1.1.6.1250.5.1.3.1.2
1.1.6.1252.17.2.12.2.7
1.1.6.1301.5.1.3.3
1.1.6.1439.28.2.22
1.1.6.1468.13.2
1.1.6.1542.5.1.1.5.9.1
1.1.6.1559.5.1.27.1.1.3
1.1.6.1681.13.1.8
1.1.6.1780.42.2.7.1.3.1
1.1.6.1914.18.2.8.4.7.3
1.1.6.1973.12.1.6.2.2
1.1.6.2061.9.1.7.17
1.1.6.2092.20.1.15.9
1.1.6.2099.5.1.1
1.1.6.2103.5.1.5.3.6.2
1.1.6.2260.9.1.4.3
1.1.6.2348.14.2
1.1.6.2350.17.3.5.4.2.1.4.23
1.1.6.2476.22.3.11
1.1.6.2561.8.2.14.10
1.1.6.2691.5.1.4
1.1.6.2707.8.1.11.2
1.1.6.2797.5.1.2.1
1.1.6.2863.20.5.8.8.3
1.1.6.2884.10.1.4
1.1.6.2891.5.1
1.1.6.2978.15.2
1.1.6.3002.3
1.1.6.3008.5.1.2.2
1.1.6.3042.10.1.4
1.1.6.3048.5.1.5.2
1.1.6.3180.17.2.10
1.1.6.3240.5.1.4
1.1.6.3370.5.1.2.1.2.2
1.1.6.3384.25.2.16
1.1.6.3412.18.2
1.1.6.3423.5.1.1.9.51
1.1.6.3441.13.1.4
1.1.6.3452.29.1.4
1.1.6.3511.34.2.20.1
1.1.6.3614.5.1
1.1.6.3631.16.2.8.3
1.1.6.3679.12.1.4
1.1.6.3800.19.3.25
1.1.6.3812.12.1.7.11
1.1.6.3831.5.1.18.1.2.1
1.1.6.3892.10.2.8
1.1.6.3900.9.1.25
1.1.6.3925.5.1.1.1.2.2
1.1.6.4040.5.1
1.1.6.4075.15.2.14.34.15.5
1.1.6.4088.12.1.4.1
1.1.6.4097.5.1.7
1.1.6.4122.9.1.25.2
1.1.6.4144.14.2.9.1.3.3
1.1.6.4241.5.1
1.1.6.4394.8.1.4.1
1.1.6.4466.13.1.4.15.8
1.1.6.4628.28.2.6
1.1.6.4713.5.1.3
1.1.6.4791.33
1.1.6.4874.6
1.1.6.4879.5.1.2
1.1.6.4889.8.1.4
1.1.6.4995.6
1.1.6.5245.5.1.3.4.10
1.1.6.5273.17.2.28.1.2.3
1.1.6.5353.5.1.24.4.9
1.1.6.5378.5.1.18.1.19.9.23
1.1.6.5502.44.2.23.21
1.1.6.5512.5.1.11.16.11
1.1.6.5596.5.1.2.1.9
1.1.6.5621.24.3.6.19.7.2
1.1.6.5645.19.1.5
1.1.6.5657.5.1.1
1.1.6.5667.5.1
1.1.6.5688.43.1.22
1.1.6.5881.10.2.10
1.1.6.5967.28.3.8.1.2.2
1.2.4.2.1.4.2.6
1.2.84.4.2.6.5.10
1.2.160.2.1.2
1.2.211.2.1.3.3
1.2.336.2.1.1.1.1
1.2.373.6.3.6.1.12
1.2.409.4.2.7.4
1.2.461.2.1.2.1
1.2.480.8.4.6
1.2.543.3
1.2.629.10.5.13.1.30
1.2.730.2.1
1.2.738.2.1.1.1.19.1
1.2.779.2.1
1.2.916.6.3
1.2.959.4.2.3.2
1.2.1096.8.4.9.7.12.1
1.2.1142.3
1.2.1203.2.1.3.1.8.3.3
1.2.1210.6.3.12.1.11.6.10
1.2.1479.4.2.23.6
1.2.1589.2.1.42
1.2.1687.4.2.4.7.8
1.2.1710.2.1.3.4.1
1.2.2081.2.1
1.2.2137.8.4.36.2.37
1.2.2320.4.2.17.5.8.6.7.3
1.2.2484.1
1.2.2628.2.1
1.2.2754.10.5
1.2.2787.2.1.3
1.2.2838.6.3.4.1
1.2.2906.7
1.2.3098.2.1.13.3.12
1.2.3277.2.1.2.2.7.2
1.2.3466.5
1.2.3523.2.1.3
1.2.3565.2.1
1.2.3673.2.1
1.2.3776.8.4.13.3
1.2.3856.3
1.2.3867.2.1
1.2.4057.4.2.4.1.1.1.1
1.2.4207.2.1
1.2.4209.4.2.9.1.1
1.2.4238.4.2.5.4.19
1.2.4322.6.3.7.2.1.1.7
1.2.4418.4.2.6.4
1.2.4433.2.1.2.2.3.2
1.2.4478.8.4.10
1.2.4606.8.4.23
1.2.4606.8.4.26
1.2.4621.6.3
1.2.4652.2.1.1
1.2.4834.2.1.3.4.9
1.2.4971.4.2
1.2.5011.3
1.2.5175.2.1.15.2.16
1.2.5192.8.4.11.4.18.1.11
1.2.5200.8.4.8.1
1.2.5285.6.3
1.2.5494.2.1.8.2.6.8
1.2.5653.8.4.12.2.3.2.4
1.2.5675.4.2.29.2.14.2.9
1.2.5751.4.2.8.3.8.1.6
1.2.5890.8.4.14.4.5
1.2.5901.6.3
1.5.93.7.2.1.19.9
1.5.215.9.2.1.13.6.14.3
1.5.254.22.2.1
1.5.466.12.2.1.3.1.1.3
1.5.697.6.2.1.2.1.3.1
1.5.718.6.2.1
1.5.754.8.2.1.39.2.4.1.6
1.5.780.9.2.1.26.3
1.5.825.6.2.1
1.5.861.9.2.1.5.4.13
1.5.926.7.2.1
1.5.963.8.2.1.15.9.32.1
1.5.1316.14.2.1
1.5.1340.9.2.1
1.5.1432.7.2.1.2.2.3
1.5.1442.10.2.1.3
1.5.1525.11.2.1
1.5.1676.20.2.1.14.4
1.5.1704.12.2.1
1.5.1719.10.2.1.20.10.30
1.5.1787.12.2.1
1.5.1794.19.2.1
1.5.1809.15.2.1.22.1.6.1.27
1.5.1856.11.2.1
1.5.2352.7.2.1
1.5.2360.10.2.1.1.1.11.4
1.5.2558.7.2.1.5.5.7
1.5.2752.8.2.1
1.5.2771.10.2.1.7.5.21.2
1.5.2827.10.2.1.22.2
1.5.3052.10.2.1.5.1.2.1.19
1.5.3110.24.2.1.4.2.2
1.5.3132.9.2.1.4.5
1.5.3212.6.2.1.4.1.1.1
1.5.3227.10.2.1.10.4.20.4
1.5.3276.9.2.1.2
1.5.3329.21.2.1.2.2.6.1.27
1.5.3402.8.2.1.18.3
1.5.3524.6.2.1.9.2
1.5.3596.7.2.1.22.1.2.2.25
1.5.3607.18.2.1.6.4
1.5.3670.12.2.1.4.4
1.5.3708.11.2.1.1.1.5.2
1.5.3710.11.2.1.2.2.3.2
1.5.3754.7.2.1.10.2
1.5.3762.9.2.1.9
1.5.3931.8.2.1.9
1.5.3998.11.2.1.2.3.37.7.16
1.5.4151.7.2.1.25.2.20
1.5.4198.11.2.1.8.1
1.5.4206.9.2.1
1.5.4266.14.2.1.2
1.5.4266.14.2.1.5
1.5.4432.8.2.1
1.5.4517.11.2.1.8.13.15.10.7.1
1.5.4659.9.2.1
1.5.4794.7.2.1.2.7.10.7
1.5.4851.8.2.1.17.1.2
1.5.4916.6.2.1.13.3.5.12
1.5.5102.11.2.1.1
1.5.5210.10.2.1
1.5.5287.17.2.1.10.7
1.5.5409.7.2.1.17.3.3.2.6
1.5.5529.14.2.1
1.5.5573.9.2.1.4.3
1.5.5573.9.2.1.5.1
1.5.5578.12.2.1.8.2.17.6
1.5.5648.14.2.1
1.5.5767.15.2.1
1.5.5781.8.2.1.11.3.13.6
1.5.5887.9.2.1
1.5.5917.6.2.1.29.3.14
1.5.5999.22.2.1
1.5.6224.8.2.1.3.1.1.2.2.43
1.5.6237.6.2.1.5
1.5.6256.7.2.1
1.5.6274.15.2.1.7.4
1.5.6466.10.2.1.8.3
1.5.6662.22.2.1.4
1.5.6679.8.2.1.17.2.10.7
1.5.6816.8.2.1
1.5.6820.9.2.1.6.2
1.5.6862.8.2.1
1.5.6907.9.2.1
1.5.6971.13.2.1.9.1
1.5.6986.10.2.1.19.4
1.5.7001.8.2.1.5.1.27.5.1
1.5.7007.8.2.1.9.1
1.5.7068.8.2.1.23
1.5.7156.13.2.1.3.1.4.1
1.5.7239.8.2.1
1.5.7302.9.2.1.1
1.5.7369.19.2.1
1.5.7397.22.2.1
1.5.7487.6.2.1
1.5.7498.7.2.1.21
1.5.7592.12.2.1.3.1.1.3
1.5.7912.6.2.1.1.1.4.1.7.12
1.5.8007.9.2.1.5.4.13
1.5.8072.7.2.1
1.5.8109.8.2.1.15.9.32.1
1.5.8180.13.2.1
1.5.8306.14.2.1.8.4
1.5.8508.8.2.1.3.3.5.3
1.5.8575.7.2.1.2.2.3
1.5.8578.9.2.1.13
1.5.8662.11.2.1
1.5.8816.9.2.1
1.5.8865.12.2.1
1.5.8933.12.2.1
1.5.8940.19.2.1
1.5.8955.15.2.1.22.1.6.1.27
1.5.9004.11.2.1
1.5.9340.6.2.1
1.5.9451.34.2.1.18.7
1.5.9496.7.2.1
1.5.9504.10.2.1.1.1.11.4
1.5.9656.17.2.1.6
1.5.9695.5.2.1.9
1.5.9853.12.2.1.3.1.1
1.5.9867.10.2.1
1.5.9897.7.2.1.3.3.6.2
1.5.9951.10.2.1.22.2
1.5.10106.9.2.1.60
1.5.10108.9.2.1.63.1
1.5.10232.24.2.1.4.2.2
1.5.10254.9.2.1.4.5
1.5.10339.10.2.1.10.3
1.5.10351.10.2.1.37.4.25.4
1.5.10400.9.2.1.2
1.5.10449.21.2.1.2.2.6.1.31
1.5.10518.8.2.1.18.3
1.5.10629.15.2.1.15.1
1.5.10660.8.2.1
1.5.10699.7.2.1.22.1.2.2.11
1.5.10710.18.2.1.6.4
1.5.10807.7.2.1
1.5.10853.14.2.1.7.4
1.5.10868.12.2.1.2.6.27
1.5.11004.8.2.1.9
1.5.11072.5.2.1.5
1.5.11212.12.2.1.21.1.9
1.5.11254.9.2.1
1.5.11314.14.2.1.2
1.5.11314.14.2.1.5
1.5.11544.11.2.1.8.13.15.12.9.7
1.5.11673.7.2.1.1.2
1.5.11721.7.2.1.8
1.5.11803.7.2.1.2.7.10.2
1.5.11820.6.2.1
1.5.11865.8.2.1.17.1.2
1.5.12100.8.2.1.20.7
1.5.12214.10.2.1
1.5.12308.17.2.1.10.7
1.5.12422.7.2.1.17.3.3.2.6
1.5.12541.14.2.1
1.5.12585.9.2.1.4.3
1.5.12585.9.2.1.5.1
1.5.12590.12.2.1.8.2.17.6
1.5.12660.14.2.1
1.5.12731.7.2.1.1.1
1.5.12776.15.2.1
1.5.12790.8.2.1.11.3.13.6
1.5.12902.9.2.1
1.5.12927.9.2.1.3.1.2.6.5
1.5.12938.7.2.1.3
1.5.13015.22.2.1
1.5.13079.11.2.1.5.3
1.5.13256.8.2.1.3.1.1.2.2.34
1.5.13269.6.2.1.5
1.5.13288.7.2.1
1.5.13306.15.2.1.7.4
1.5.13508.10.2.1.8.3
1.5.13701.9.2.1.14
1.5.13850.14.2.1.9
1.5.13871.9.2.1.9.4.3.6.4
1.5.13885.13.2.1
1.5.13927.11.2.1.25.5.9.5
1.5.14009.10.2.1.16.4
1.5.14024.8.2.1.5.1.27.5.1
1.5.14030.8.2.1.9.1
1.5.14105.9.2.1.5.1.23
1.5.14196.13.2.1.3.1.4.1
1.5.14330.7.2.1.2.1.4.3
1.5.14416.9.2.1.13.6.14.3
1.5.14455.22.2.1
1.5.14552.7.2.1.21
1.5.14646.12.2.1.3.1.1.3
1.5.14876.6.2.1.2.1.3.1
1.5.14897.6.2.1
1.5.14933.8.2.1.39.2.4.1.6
1.5.14959.9.2.1.26.3
1.5.14972.23.2.1.4.2
1.5.15005.17.2.1.3.2
1.5.15008.9.2.1
1.5.15043.9.2.1.5.4.13
1.5.15074.8.2.1
1.5.15153.8.2.1.20.7.14.1
1.5.15297.7.2.1.2.1
1.5.15348.14.2.1.8.4
1.5.15543.9.2.1
1.5.15635.7.2.1.2.2.3
1.5.15644.11.2.1.5.4.8.6.11
1.5.15728.11.2.1
1.5.15881.20.2.1.14.4
1.5.15923.12.2.1
1.5.15938.10.2.1.24.13.25
1.5.16030.18.2.1.7.1
1.5.16038.15.2.1.9.1.25.1.29
1.5.16050.8.2.1.9.1.11.1.3
1.5.16075.11.2.1
1.5.16588.7.2.1
1.5.16596.10.2.1.1.1.11.4
1.5.16706.8.2.1.1.1.3.2.4
1.5.16780.5.2.1.9
1.5.16970.10.2.1
1.5.17055.10.2.1.22.2
1.5.17212.9.2.1.60
1.5.17214.9.2.1.63.1
1.5.17273.10.2.1.5.1.2.1.2
1.5.17428.11.2.1.2.1
1.5.17518.8.2.1.1
1.5.17532.7.2.1.2.9
1.5.17565.19.2.1.26.1
1.5.17580.23.2.1.3
1.5.17655.8.2.1.18.3
1.5.17770.10.2.1.7.1.11.3.29.6
1.5.17803.8.2.1
1.5.17917.6.2.1
1.5.17946.6.2.1.5.4.14.3
1.5.17990.7.2.1.10.2
1.5.17998.9.2.1.9
1.5.18159.8.2.1.9
1.5.18226.11.2.1.2.3.37.7.16
1.5.18373.12.2.1.21.1.9
1.5.18422.11.2.1.8.1
1.5.18430.9.2.1
1.5.18490.14.2.1.2
1.5.18490.14.2.1.5
1.5.18744.11.2.1.8.13.15.10.7.2
1.5.18942.11.2.1.2.1.4.3
1.5.18948.5.2.1
1.5.18986.7.2.1.2.7.10.4
1.5.19003.6.2.1
1.5.19048.8.2.1.17.1.2
1.5.19106.12.2.1.20.3
1.5.19392.10.2.1
1.5.19477.11.2.1.16.6
1.5.19502.12.2.1.6.4.7.2.21.4
1.5.19502.12.2.1.9.1.3.3
1.5.19593.7.2.1.17.3.3.2.6
1.5.19706.14.2.1
1.5.19750.9.2.1.4.3
1.5.19750.9.2.1.5.1
1.5.19755.12.2.1.8.2.17.6
1.5.19825.14.2.1
1.5.20074.16.2.1.6.4.20.3
1.5.20093.9.2.1.3.1.2.9.18
1.5.20181.22.2.1
1.5.20410.8.2.1.2.20.80.3.22.43
1.5.20424.6.2.1.5
1.5.20443.7.2.1
1.5.20461.15.2.1.7.4
1.5.20659.10.2.1.8.3
1.5.20784.19.2.1.35.1.2.1
1.5.20807.9.2.1.13.3.15.1
1.5.20834.9.2.1.14
1.5.20987.9.2.1.15.2
1.5.21029.8.2.1
1.5.21073.11.2.1
1.5.21148.6.2.1
1.5.21259.9.2.1.4.1.1
1.5.21360.13.2.1.3.1.4.1
1.5.21573.19.2.1
1.5.21598.22.2.1
1.5.21810.12.2.1.3.1.1.3
1.5.21864.9.2.1
1.5.22035.6.2.1.2.1.3.1
1.5.22154.17.2.1.3.2
1.5.22157.9.2.1
1.5.22192.9.2.1.5.4.13
1.5.22223.8.2.1
1.5.22302.8.2.1.20.7.14.1
1.5.22497.14.2.1.8.4
1.5.22702.8.2.1.3.3.5.3
1.5.22768.7.2.1.2.2.3
1.5.22771.9.2.1.13
1.5.22834.7.2.1.10.3.25.1
1.5.22854.10.2.1.3.7.8.2
1.5.22863.11.2.1
1.5.23011.9.2.1
1.5.23075.12.2.1.4
1.5.23131.12.2.1
1.5.23138.19.2.1
1.5.23153.15.2.1.22.1.6.1.61
1.5.23172.13.2.1.6
1.5.23196.11.2.1
1.5.23689.7.2.1.2.7.20
1.5.23702.23.2.1.32.1
1.5.23798.8.2.1.1.1.3.2.4
1.5.23872.5.2.1.9
1.5.24032.12.2.1.3.1.1
1.5.24058.20.2.1.4.1.4.2
1.5.24135.10.2.1.22.2
1.5.24296.9.2.1.60
1.5.24298.9.2.1.63.1
1.5.24410.24.2.1.4.2.2
1.5.24505.11.2.1.2.1
1.5.24595.8.2.1.1
1.5.24609.7.2.1.2.9
1.5.24642.19.2.1.26.1
1.5.24654.12.2.1.3.2.5
1.5.24716.11.2.1.1.1.19.1
1.5.24721.9.2.1.5.2.6.2
1.5.24728.6.2.1.12.2
1.5.24763.7.2.1.4
1.5.24818.10.2.1.7.1.11.3.29.37
1.5.24891.7.2.1.22.1.2.2.13
1.5.24902.18.2.1.6.4
1.5.24980.6.2.1
1.5.25005.7.2.1
1.5.25051.14.2.1.7.4
1.5.25066.12.2.1.2.6.13
1.5.25215.8.2.1.9
1.5.25283.5.2.1.5
1.5.25426.7.2.1.25.2.20
1.5.25473.8.2.1
1.5.25532.14.2.1.2
1.5.25532.14.2.1.5
1.5.25658.9.2.1.11.3
1.5.25672.9.2.1.3.3.10.1
1.5.25702.8.2.1
1.5.25787.11.2.1.8.13.15.10.7.1
1.5.26057.7.2.1.2.7.10.2
1.5.26112.9.2.1.5.1.1
1.5.26175.9.2.1
1.5.26222.7.2.1.6.1
1.5.26532.17.2.1.10.7
1.5.26557.12.2.1.6.4.7.2.14.41
1.5.26557.12.2.1.9.1.3.3
1.5.26761.14.2.1
1.5.26872.14.2.1
1.5.26978.15.2.1
1.5.26990.8.2.1.2.2.7.3
1.5.27003.11.2.1
1.5.27108.9.2.1.2.1
1.5.27121.9.2.1.3.1.2.6.20
1.5.27209.22.2.1
1.5.27459.8.2.1.3.1.1.2.2.35
1.5.27472.6.2.1.5
1.5.27491.7.2.1
1.5.27509.15.2.1.7.4
1.5.27682.15.2.1.10.4.13.2
1.5.27906.9.2.1.14
1.5.28049.9.2.1.15.2
1.5.28091.8.2.1
1.5.28135.9.2.1
1.5.28224.11.2.1.3.3.4.1
1.5.28316.8.2.1.23
1.5.28404.13.2.1.3.1.4.1
1.5.28618.9.2.1.13.6.14.3
1.5.28660.17.2.1.6
1.5.28829.12.2.1.3.1.1.3
1.5.28909.11.2.1.7.3.28.8
1.5.29066.6.2.1.2.1.3.1
1.5.29087.6.2.1
1.5.29123.8.2.1.39.2.4.1.6
1.5.29149.9.2.1.26.3
1.5.29193.17.2.1.3.2
1.5.29196.9.2.1
1.5.29231.9.2.1.5.4.13
1.5.29296.7.2.1
1.5.29333.8.2.1.15.9.32.1
1.5.29427.12.2.1.2.1
1.5.29736.8.2.1.13.6.22.7
1.5.29754.7.2.1
1.5.29783.10.2.1.6
1.5.29824.18.2.1.1.1.2.2.7
1.5.29827.14.2.1.12.4.10
1.5.29906.11.2.1
1.5.30061.9.2.1
1.5.30110.13.2.1
1.5.30133.7.2.1.6.1.8.3
1.5.30221.18.2.1.7.1
1.5.30229.15.2.1.9.1.25.1.39
1.5.30241.8.2.1.9.1.11.1.3
1.5.30266.11.2.1
1.5.30613.6.2.1
1.5.30792.7.2.1.2.7.20
1.5.30805.23.2.1.32.1
1.5.30948.17.2.1.1
1.5.30998.7.2.1.5.5.7
1.5.31251.10.2.1.22.2
1.5.31404.9.2.1.60
1.5.31406.9.2.1.63.1
1.5.31528.24.2.1.4.2.2
1.5.31550.9.2.1.4.5
1.5.31623.11.2.1.2.1
1.5.31684.10.2.1.1.3.7
1.5.31723.7.2.1.2.6
1.5.31756.19.2.1.26.1
1.5.31771.23.2.1.3
1.5.31841.11.2.1.1.1.20.1
1.5.31846.9.2.1.5.2.6.2
1.5.31956.6.2.1.9.2
1.5.32028.7.2.1.22.1.2.2.25
1.5.32039.18.2.1.6.4
1.5.32136.7.2.1
1.5.32182.14.2.1.7.4
1.5.32197.12.2.1.2.6.13
1.5.32349.8.2.1.9
1.5.32417.5.2.1.5
1.5.32562.7.2.1.4.2.6
1.5.32608.19.2.1
1.5.32667.14.2.1.2
1.5.32667.14.2.1.5
1.5.32916.11.2.1.8.13.15.10.7.7
1.5.33030.18.2.1.9.2
1.5.33045.7.2.1.1.1
1.5.33181.7.2.1.2.7.10.7
1.5.33198.6.2.1
1.5.33243.8.2.1.17.1.2
1.5.33354.7.2.1.6.1
1.5.33599.10.2.1
1.5.33672.17.2.1.10.7
1.5.33793.7.2.1.17.3.3.2.6
1.5.33906.14.2.1
1.5.34022.14.2.1
1.5.34149.8.2.1.11.3.34.9
1.5.34262.9.2.1
1.5.34292.6.2.1.29.3.14
1.5.34357.9.2.1.2.1
1.5.34381.22.2.1
1.5.34604.8.2.1.3.1.1.2.2.3
1.5.34617.6.2.1.5
1.5.34636.7.2.1
1.5.34654.15.2.1.7.4
1.5.34751.11.2.1.11.1
1.5.34757.8.2.1
1.5.34793.9.2.1.22.6.26.2
1.5.35105.22.2.1.4
1.5.35122.8.2.1.17.2.10.7
1.5.35255.9.2.1.15.2
1.5.35297.8.2.1
1.5.35342.11.2.1
1.5.35419.10.2.1.16.4
1.5.35434.8.2.1.5.1.27.5.1
1.5.35440.8.2.1.9.1
1.5.35515.9.2.1.4.1.1
1.5.35587.12.2.1.29.1.1
1.5.35592.5.2.1.38.5
1.5.35608.13.2.1.3.1.4.1
1.5.35742.7.2.1.2.1.4.3
1.5.35828.9.2.1.13.6.14.3
1.5.35870.14.2.1.2
1.5.36051.12.2.1.3.1.1.3
1.5.36115.11.2.1.7.3.19.6
1.5.36272.6.2.1.2.1.3.1
1.5.36392.6.2.1
1.5.36428.9.2.1.5.4.13
1.5.36493.7.2.1
1.5.36530.8.2.1.15.9.32.1
1.5.36622.8.2.1.3.1
1.5.36627.9.2.1
1.5.36667.7.2.1.2.1
1.5.36718.14.2.1.8.4
1.5.36885.14.2.1
1.5.36909.9.2.1
1.5.37001.7.2.1.2.2.3
1.5.37011.10.2.1.3
1.5.37096.11.2.1
1.5.37235.6.2.1.3.1
1.5.37287.7.2.1.6.1.8.3
1.5.37354.12.2.1
1.5.37361.19.2.1
1.5.37376.15.2.1.22.1.6.1.27
1.5.37388.8.2.1.9.1.11.1.3
1.5.37413.11.2.1
1.5.37924.7.2.1
1.5.37932.10.2.1.1.1.11.4
1.5.38042.8.2.1.1.1.3.2.4
1.5.38127.7.2.1.5.5.7
1.5.38150.12.2.1.1.1.2.1
1.5.38281.12.2.1.3.1.1
1.5.38308.9.2.1
1.5.38380.6.2.1.18.1.3.2
1.5.38526.9.2.1.60
1.5.38528.9.2.1.63.1
1.5.38645.24.2.1.4.2.2
1.5.38824.8.2.1.1
1.5.38838.7.2.1.2.9
1.5.38871.19.2.1.26.1
1.5.38886.23.2.1.3
1.5.38952.11.2.1.1.3.8.1
1.5.38957.9.2.1.5.2.6.2
1.5.38964.6.2.1.12.2
1.5.39055.10.2.1.7.1.11.3.29.20
1.5.39088.8.2.1
1.5.39200.12.2.1.4.4
1.5.39232.7.2.1
1.5.39278.14.2.1.7.4
1.5.39293.12.2.1.2.6.13
1.5.39446.8.2.1.9
1.5.39514.5.2.1.5
1.5.39595.12.2.1
1.5.39651.12.2.1.21.1.9
1.5.39693.9.2.1
1.5.39753.14.2.1.2
1.5.39753.14.2.1.5
1.5.39879.16.2.1.30.12.24
1.5.39962.6.2.1.9
1.5.39983.8.2.1.2.2
1.5.40230.7.2.1.2.7.10.5
1.5.40247.6.2.1
1.5.40292.8.2.1.17.1.2
1.5.40352.6.2.1.16.3.5.5
1.5.40644.10.2.1
1.5.40717.17.2.1.10.7
1.5.40838.7.2.1.17.3.3.2.6
1.5.40952.14.2.1
1.5.40996.9.2.1.4.3
1.5.40996.9.2.1.5.1
1.5.41001.12.2.1.8.2.17.6
1.5.41071.14.2.1
1.5.41311.16.2.1.6.4.20.3
1.5.41330.9.2.1.3.1.2.9.18
1.5.41341.7.2.1.3
1.5.41418.22.2.1
1.5.41647.8.2.1.3.1.1.2.2.37
1.5.41660.6.2.1.5
1.5.41679.7.2.1
1.5.41697.15.2.1.7.4
1.5.41794.11.2.1.11.1
1.5.41800.8.2.1
1.5.41836.9.2.1.22.6.26.2
1.5.42137.9.2.1.14
1.5.42149.23.2.1.2.2.2.1
1.5.42276.14.2.1.51
1.5.42297.9.2.1.9.4.3.6.4
1.5.42311.13.2.1
1.5.42353.11.2.1.26.5.9.5
1.5.42441.6.2.1
1.5.42488.8.2.1.9.5
1.5.42549.7.2.1.2
1.5.42646.13.2.1.3.1.4.1
1.5.42755.7.2.1.19.9
1.5.42871.19.2.1
1.5.42896.22.2.1
1.5.43119.12.2.1.3.1.1.3
1.5.43190.11.2.1.7.3.28.8
1.5.43348.6.2.1.2.1.3.1
1.5.43369.6.2.1
1.5.43405.8.2.1.39.2.4.1.6
1.5.43475.6.2.1
1.5.43511.9.2.1.5.4.13
1.5.43576.7.2.1
1.5.43625.8.2.1.20.7.14.1
1.5.44025.8.2.1.13.6.22.7
1.5.44099.7.2.1.2.2.3
1.5.44102.9.2.1.13
1.5.44159.7.2.1.10.3.25.1
1.5.44179.10.2.1.3.7.8.2
1.5.44188.11.2.1
1.5.44342.9.2.1
1.5.44391.12.2.1
1.5.44406.10.2.1.20.10.30
1.5.44475.12.2.1
1.5.44482.19.2.1
1.5.44497.15.2.1.22.1.6.1.27
1.5.45024.7.2.1
1.5.45032.10.2.1.1.1.11.4
1.5.45184.17.2.1.6
1.5.45223.5.2.1.9
1.5.45396.10.2.1
1.5.45481.10.2.1.22.2
1.5.45709.10.2.1.5.1.2.1.2
1.5.45767.24.2.1.4.2.2
1.5.45789.9.2.1.4.5
1.5.45859.11.2.1.2.1
1.5.45956.7.2.1.2.6
1.5.45989.19.2.1.26.1
1.5.46001.12.2.1.3.2.5
1.5.46064.11.2.1.1.2.8.1
1.5.46069.9.2.1.5.2.6.2
1.5.46182.6.2.1.9.2
1.5.46250.7.2.1.22.1.2.2.13
1.5.46261.18.2.1.6.4
1.5.46339.6.2.1
1.5.46364.7.2.1
1.5.46410.14.2.1.7.4
1.5.46425.12.2.1.2.6.13
1.5.46583.8.2.1.9
1.5.46656.5.2.1.5
1.5.46807.15.2.1.2
1.5.46870.24.2.1.8.4
1.5.46939.14.2.1.2
1.5.46939.14.2.1.5
1.5.47167.11.2.1.8.13.15.12.9.7
1.5.47379.13.2.1.19.4.3.1
1.5.47385.5.2.1
1.5.47423.7.2.1.2.7.10.4
1.5.47440.6.2.1
1.5.47485.8.2.1.17.1.2
1.5.47541.9.2.1
1.5.47724.11.2.1.1
1.5.47832.10.2.1
1.5.47917.11.2.1.16.6
1.5.48038.7.2.1.17.3.3.2.6
1.5.48152.14.2.1
1.5.48196.9.2.1.4.3
1.5.48196.9.2.1.5.1
1.5.48201.12.2.1.8.2.17.6
1.5.48271.14.2.1
1.5.48386.9.2.1.2.1.3.1
1.5.48494.9.2.1
1.5.48519.9.2.1.3.1.2.6.5
1.5.48608.7.2.1.1
1.5.48840.8.2.1.2.20.70.3.73.35
1.5.48854.6.2.1.5
1.5.48873.7.2.1
1.5.48891.15.2.1.7.4
1.5.49115.10.2.1.8.3
1.5.49293.22.2.1.4
1.5.49310.8.2.1.17.2.10.7
1.5.49435.9.2.1.15.2
1.5.49524.11.2.1.45.5.18.9
1.5.49604.6.2.1
1.5.49645.8.2.1.9.5
1.5.49712.9.2.1.4.1.1
1.5.49813.13.2.1.3.1.4.1
1.5.49896.8.2.1
1.5.50029.19.2.1
1.5.50054.22.2.1
1.5.50267.7.2.1
1.5.50274.19.2.1.1.1.5
1.5.50348.11.2.1.7.3.28.8
1.5.50508.6.2.1.2.1.3.1
1.5.50529.6.2.1
1.5.50565.8.2.1.39.2.4.1.6
1.5.50591.9.2.1.26.3
1.5.50636.6.2.1
1.5.50672.9.2.1.5.4.13
1.5.50737.7.2.1
1.5.50774.8.2.1.15.9.32.1
1.5.50861.8.2.1.3.1
1.5.50866.9.2.1
1.5.50906.7.2.1.2.1
1.5.50957.14.2.1.8.4
1.5.51163.8.2.1.13.6.22.7
1.5.51229.7.2.1.2.2.3
1.5.51232.9.2.1.13
1.5.51320.11.2.1
1.5.51416.6.2.1.9.2
1.5.51485.9.2.1
1.5.51624.18.2.1.7.1
1.5.51632.15.2.1.9.1.25.1.45
1.5.51681.11.2.1
1.5.52189.7.2.1.2.7.20
1.5.52202.23.2.1.32.1
1.5.52393.7.2.1.5.5.7
1.5.52412.12.2.1.1.1.2.1
1.5.52570.10.2.1
1.5.52600.7.2.1.3.3.6.2
1.5.52659.10.2.1.22.2
1.5.52816.9.2.1.60
1.5.52818.9.2.1.63.1
1.5.52884.10.2.1.5.1.2.1.19
1.5.53041.11.2.1.2.1
1.5.53056.10.2.1.10.3
1.5.53068.10.2.1.37.4.25.4
1.5.53108.8.2.1.1
1.5.53122.7.2.1.2.9
1.5.53155.19.2.1.26.1
1.5.53167.12.2.1.3.2.5
1.5.53231.8.2.1.11.3
1.5.53346.10.2.1.7.1.11.3.29.6
1.5.53379.8.2.1
1.5.53486.12.2.1.4.4
1.5.53518.7.2.1
1.5.53564.14.2.1.7.4
1.5.53579.12.2.1.2.6.27
1.5.53737.8.2.1.9
1.5.53804.11.2.1.2.3.37.7.16
1.5.53959.15.2.1.2
1.5.54016.9.2.1
1.5.54066.14.2.1.2
1.5.54066.14.2.1.5
1.5.54306.8.2.1.2.2
1.5.54492.7.2.1.4
1.5.54519.12.2.1.20.4.3.1
1.5.54525.5.2.1
1.5.54563.7.2.1.2.7.10.4
1.5.54580.6.2.1
1.5.54623.9.2.1.5.1.1
1.5.54692.21.2.1
1.5.54984.10.2.1
1.5.55069.17.2.1.10.7
1.5.55184.7.2.1.17.3.3.2.6
1.5.55406.14.2.1
1.5.55474.7.2.1.1.1
1.5.55519.15.2.1
1.5.55533.8.2.1.11.3.13.6
1.5.55647.9.2.1.2.1
1.5.55660.9.2.1.3.1.2.6.20
1.5.55671.7.2.1.3
1.5.55748.22.2.1
1.5.55987.8.2.1.3.1.1.2.2.38
1.5.56000.6.2.1.5
1.5.56019.7.2.1
1.5.56037.15.2.1.7.4
1.5.56239.10.2.1.8.3
1.5.56425.9.2.1.14
1.5.56437.23.2.1.2.2.2.1
1.5.56609.8.2.1
1.5.56651.11.2.1.26.5.9.5
1.5.56739.11.2.1.3.3.4.1
1.5.56782.8.2.1.13.3
1.5.56843.7.2.1.2
1.5.56870.9.2.1
1.5.56940.13.2.1.3.1.4.1
1.5.57154.9.2.1.13.6.14.3
1.5.57193.22.2.1
1.5.57384.7.2.1
1.5.57391.19.2.1.1.1.5
1.5.57455.11.2.1.7.3.19.6
1.5.57613.6.2.1.2.1.3.1
1.5.57691.6.2.1.1.1.4.1.7.50
1.5.57728.17.2.1.3.2
1.5.57731.9.2.1
1.5.57766.9.2.1.5.4.13
1.5.57797.8.2.1
1.5.57874.8.2.1.15.9.32.1
1.5.58013.7.2.1.2.1
1.5.58064.14.2.1.8.4
1.5.58273.8.2.1.13.6.22.7
1.5.58339.7.2.1.2.2.3
1.5.58349.10.2.1.3
1.5.58415.7.2.1.2.2.3.1
1.5.58436.9.2.1
1.5.58597.9.2.1
1.5.58646.12.2.1
1.5.58661.10.2.1.24.13.25
1.5.58753.18.2.1.7.1
1.5.58761.15.2.1.9.1.25.1.29
1.5.58780.13.2.1.6
1.5.59312.7.2.1
1.5.59320.10.2.1.1.1.11.4
1.5.59430.8.2.1.1.1.3.2.4
1.5.59465.17.2.1.6
1.5.59515.7.2.1.5.5.7
1.5.59709.8.2.1
1.5.59787.10.2.1.22.2
1.5.59944.9.2.1.60
1.5.59946.9.2.1.63.1
1.5.60005.10.2.1.5.1.2.1.2
1.5.60063.24.2.1.4.2.2
1.5.60085.9.2.1.4.5
1.5.60155.11.2.1.2.1
1.5.60246.7.2.1.2.6
1.5.60279.19.2.1.26.1
1.5.60291.12.2.1.3.2.5
1.5.60354.11.2.1.1.1.9.1
1.5.60359.9.2.1.5.2.6.2
1.5.60397.7.2.1.4
1.5.60463.27.2.1.2.5
1.5.60541.7.2.1.22.1.2.2.28
1.5.60552.18.2.1.6.4
1.5.60630.6.2.1
1.5.60670.6.2.1.5.4.14.3
1.5.60714.7.2.1.10.2
1.5.60722.9.2.1.9
1.5.60885.8.2.1.9
1.5.60953.5.2.1.5
1.5.61088.7.2.1.25.2.20
1.5.61135.8.2.1
1.5.61194.14.2.1.2
1.5.61194.14.2.1.5
1.5.61321.16.2.1.30.12.24
1.5.61417.11.2.1.10.2.4.1
1.5.61677.7.2.1.2.7.10.7
1.5.61694.6.2.1
1.5.61737.9.2.1.5.1.1
1.5.61800.12.2.1.20.3
1.5.61986.11.2.1.1
1.5.62099.10.2.1
1.5.62184.17.2.1.9.8
1.5.62306.7.2.1.17.3.3.2.6
1.5.62415.14.2.1
1.5.62461.9.2.1.4.3
1.5.62461.9.2.1.5.1
1.5.62466.12.2.1.8.2.24.11
1.5.62537.14.2.1
1.5.62785.9.2.1
1.5.62815.6.2.1.29.3.14
1.5.62930.13.2.1
1.5.63139.8.2.1.3.1.1.2.2.4
1.5.63152.6.2.1.5
1.5.63171.7.2.1
1.5.63189.15.2.1.7.4
1.5.63286.11.2.1.11.1
1.5.63292.8.2.1
1.5.63328.9.2.1.22.6.26.2
1.5.63624.9.2.1.14
1.5.63773.9.2.1.15.2
1.5.63863.11.2.1.45.5.18.9
1.5.63941.6.2.1
1.5.64135.13.2.1.3.1.4.1
1.5.64244.7.2.1.19.9
1.5.64367.9.2.1.13.6.14.3
1.5.64409.22.2.1
1.5.64612.7.2.1
1.5.64619.19.2.1.1.1.5
1.5.64684.11.2.1.7.3.28.8
1.5.64836.6.2.1.2.1.3.1
1.5.64857.6.2.1
1.5.64893.8.2.1.39.2.4.1.6
1.5.64919.9.2.1.26.3
1.5.64993.9.2.1.5.4.13
1.5.65058.7.2.1
1.5.65095.8.2.1.15.9.32.1
1.5.65504.9.2.1
1.5.65596.7.2.1.2.2.3
1.5.65606.10.2.1.3
1.5.65659.11.2.1.9.2.10.3
1.5.65693.11.2.1
1.5.65863.9.2.1
1.5.65905.8.2.1
1.5.65919.10.2.1.24.13.25
1.5.65983.12.2.1
1.5.65990.19.2.1
1.5.66005.15.2.1.22.1.6.1.40
1.5.66052.11.2.1
1.5.66536.7.2.1.2.7.20
1.5.66549.23.2.1.32.1
1.5.66726.5.2.1.9
1.5.66916.8.2.1
1.5.66994.10.2.1.22.2
1.5.67223.10.2.1.5.1.2.1.2
1.5.67281.24.2.1.4.2.2
1.5.67376.11.2.1.2.1
1.5.67437.10.2.1.1.3.7
1.5.67476.7.2.1.2.6
1.5.67509.19.2.1.26.1
1.5.67521.12.2.1.3.2.5
1.5.67584.11.2.1.1.3.8.1
1.5.67589.9.2.1.5.2.6.2
1.5.67596.6.2.1.12.2
1.5.67703.6.2.1.9.2
1.5.67771.12.2.1.10
1.5.67783.18.2.1.6.4
1.5.67846.12.2.1.4.4
1.5.67882.6.2.1.5.4.14.3
1.5.67926.7.2.1.10.2
1.5.67934.9.2.1.9
1.5.68103.8.2.1.9
1.5.68176.5.2.1.5
1.5.68324.15.2.1.2
1.5.68381.9.2.1
1.5.68441.14.2.1.2
1.5.68441.14.2.1.5
1.5.68664.11.2.1.10.2.4.1
1.5.68895.7.2.1.2.7.10.2
1.5.68912.6.2.1
1.5.68957.8.2.1.17.1.2
1.5.69019.9.2.1
1.5.69205.11.2.1.1
1.5.69391.17.2.1.10.7
1.5.69616.14.2.1
1.5.69729.14.2.1
1.5.69844.15.2.1
1.5.69858.8.2.1.11.3.13.6
1.5.69981.9.2.1
1.5.70011.6.2.1.29.3.14
1.5.70076.9.2.1.2.1
1.5.70100.22.2.1
1.5.70323.8.2.1.3.1.1.2.2.104
1.5.70336.6.2.1.5
1.5.70355.7.2.1
1.5.70373.15.2.1.7.4
1.5.70470.11.2.1.11.1
1.5.70476.8.2.1
1.5.70512.9.2.1.22.6.26.2
1.5.70799.9.2.1.14
1.5.70986.8.2.1
1.5.71039.9.2.1
1.5.71113.6.2.1
1.5.71306.13.2.1.3.1.4.1
1.5.71389.8.2.1
1.5.71528.9.2.1.13.6.14.3
1.5.71571.10.2.1.8
1.5.71639.6.2.1
1.5.71650.7.2.1.21
1.5.71765.12.2.1.3.1.1.3
1.5.72000.6.2.1.2.1.3.1
1.6.26.8.2.1.6
1.6.61.8.2.1.3.2.13
1.6.86.8.2.1.1.1
1.6.155.8.2.1.11.4.3.2
1.6.159.8.2.1
1.6.193.8.2.1.24
1.6.228.8.2.1.5
1.6.287.8.2.1.8.3.25.1
1.6.623.8.2.1.4.1.2.1
1.6.826.8.2.1.9.1.2.2.9
1.6.853.8.2.1.4
1.6.974.8.2.1
1.6.1136.8.2.1.1.1.6.3
1.6.1197.8.2.1.12.8.18
1.6.1319.8.2.1.5
1.6.1472.8.2.1
1.6.1571.8.2.1.28.3.27.2
1.6.1703.8.2.1.28
1.6.1798.8.2.1
1.6.1884.8.2.1.1.2.2.2
1.6.1893.8.2.1.3.3
1.6.2136.8.2.1.3
1.6.2159.8.2.1.9.1
1.6.2284.8.2.1
1.6.2300.8.2.1
1.6.2304.8.2.1.2.2.5
1.6.2364.8.2.1.12.3
1.6.2421.8.2.1.6.7.7.4
1.6.2622.8.2.1.4.1.12.5.18
1.6.2773.8.2.1.10.2.7
1.6.2879.8.2.1.28.1.4
1.6.2924.8.2.1.8.2.1.1.16
1.6.2964.8.2.1.8.1.2.1.2
1.6.2976.8.2.1.2
1.6.3039.8.2.1.2.1.12.2.33
1.6.3131.8.2.1.11.4
1.6.3172.8.2.1.6.2
1.6.3249.8.2.1.1.1.7.4
1.6.3303.8.2.1.5.2.14.2
1.6.3457.8.2.1.6.3.7.3
1.6.3496.8.2.1.6.2.4.1.19.3
1.6.3517.8.2.1.43.5.13
1.6.3687.8.2.1.12
1.6.3725.8.2.1.2.2.24
1.6.3833.8.2.1.1.1.1
1.6.3884.8.2.1.5.2
1.6.3895.8.2.1.2.1.4.2
1.6.3960.8.2.1.3.1.3.6.59
1.6.3985.8.2.1.11.2
1.6.4003.8.2.1.11.2.5.5
1.6.4030.8.2.1.6.4.20.1
1.6.4087.8.2.1.4.8.16.2
1.6.4098.8.2.1.5.1.14
1.6.4098.8.2.1.5.1.17
1.6.4117.8.2.1
1.6.4132.8.2.1.34
1.6.4134.8.2.1
1.6.4140.8.2.1.9.3.21.9
1.6.4147.8.2.1
1.6.4157.8.2.1.1.1
1.6.4347.8.2.1.8
1.6.4603.8.2.1.4.3
1.6.4668.8.2.1
1.6.4679.8.2.1.13.1.13.2.5
1.6.5102.8.2.1.3.4.3.1.2
1.6.5178.8.2.1.3.3.7
1.6.5213.8.2.1.25
1.6.5346.8.2.1.5.2.25
1.6.5513.8.2.1.18.4.13
1.6.5600.8.2.1.25.9.5
1.6.5723.8.2.1.16.2.3.3
1.6.5751.8.2.1.1.1.6.3
1.6.5884.8.2.1.2.1.6.1
1.6.5897.8.2.1.1.1
1.6.5910.8.2.1.27.7.19.5.51
1.6.5976.8.2.1.6.3.5.1
1.6.6009.8.2.1.18
1.6.6177.8.2.1.18.1.6.1
1.6.6264.8.2.1.9.5.7.2
1.6.6287.8.2.1.1.1.18.8.29
1.6.6295.8.2.1.7.2.4.3
1.6.6321.8.2.1.8.2
1.6.6410.8.2.1.17.3
1.6.6760.8.2.1.3.1.4
1.6.6931.8.2.1.8
1.6.6946.8.2.1
1.6.6968.8.2.1.2.1.2
1.6.7026.8.2.1.1.3.26.1
1.6.7192.8.2.1.5.2.13.11
1.6.7293.8.2.1.13.4.3.1
1.6.7476.8.2.1.11.1
1.6.7504.8.2.1.7.3
1.6.7630.8.2.1.11.4
1.6.7716.8.2.1
1.6.7735.8.2.1
1.6.7771.8.2.1
1.6.7889.8.2.1.16
1.6.7983.8.2.1.4.2.22.9
1.6.8020.8.2.1
1.6.8051.8.2.1
1.6.8061.8.2.1.18
1.6.8172.8.2.1
1.6.8187.8.2.1.10
1.6.8214.8.2.1.5.1.1.1.1
1.6.8234.8.2.1.2.1.9.3
1.6.8300.8.2.1.11.4.3.2
1.6.8304.8.2.1
1.6.8338.8.2.1.24
1.6.8373.8.2.1.5
1.6.8432.8.2.1.8.3.25.1
1.6.8482.8.2.1.5.4.14
1.6.8590.8.2.1
1.6.8635.8.2.1.11.4
1.6.9038.8.2.1.35
1.6.9044.8.2.1.46.3.5
1.6.9109.8.2.1
1.6.9144.8.2.1
1.6.9328.8.2.1.1.1
1.6.9376.8.2.1.1.1.2.1
1.6.9393.8.2.1.2.2.4.2.2
1.6.9399.8.2.1.9.4
1.6.9473.8.2.1.4.1
1.6.9489.8.2.1.2.2.11.4
1.6.9507.8.2.1.5
1.6.9681.8.2.1
1.6.9780.8.2.1.28.3.27.2
1.6.9936.8.2.1.9
1.6.9991.8.2.1.3.2
1.6.10039.8.2.1
1.6.10123.8.2.1.1.2.2.2
1.6.10132.8.2.1.3.3
1.6.10369.8.2.1.3
1.6.10471.8.2.1.3.5
1.6.10494.8.2.1
1.6.10513.8.2.1
1.6.10529.8.2.1
1.6.10533.8.2.1.2.2.5
1.6.10593.8.2.1.12.3
1.6.10649.8.2.1
1.6.10853.8.2.1.4.1.12.5.18
1.6.11013.8.2.1.10.2.7
1.6.11103.8.2.1.5.2
1.6.11148.8.2.1.4.2
1.6.11161.8.2.1.1.1.25.2.39
1.6.11196.8.2.1.8.1.2.1.2
1.6.11208.8.2.1.2
1.6.11271.8.2.1.2.1.12.2.33
1.6.11354.8.2.1.17.1
1.6.11401.8.2.1.6.2
1.6.11519.8.2.1.32.5
1.6.11538.8.2.1.16.2.14.2
1.6.11610.8.2.1
1.6.11720.8.2.1.6.2.4.1.25.16
1.6.11741.8.2.1.44.5.13
1.6.11903.8.2.1.12
1.6.11941.8.2.1.2.2.24
1.6.12049.8.2.1.1.1.1
1.6.12196.8.2.1.8.3.27
1.6.12208.8.2.1.4.1
1.6.12226.8.2.1.11.2.5.5
1.6.12271.8.2.1
1.6.12322.8.2.1.2.1.6.1.10
1.6.12322.8.2.1.2.1.7.2.13
1.6.12571.8.2.1.8
1.6.12648.8.2.1.15
1.6.12657.8.2.1.2.2.2.1
1.6.12740.8.2.1
1.6.12839.8.2.1.4.3
1.6.12904.8.2.1
1.6.12915.8.2.1.13.1.13.2.5
1.6.13340.8.2.1.1
1.6.13403.8.2.1.3.3.7
1.6.13438.8.2.1.25
1.6.13570.8.2.1.5.2.25
1.6.13733.8.2.1.18.4.13
1.6.13761.8.2.1.27.1.4.3
1.6.13808.8.2.1.5.1.15
1.6.13954.8.2.1.8.1.7.6
1.6.13963.8.2.1.17.3
1.6.14084.8.2.1.2.1.6.1
1.6.14097.8.2.1.1.1
1.6.14110.8.2.1.27.7.19.5.51
1.6.14176.8.2.1.6.3.5.1
1.6.14220.8.2.1.19.3.2.4
1.6.14410.8.2.1.4.1
1.6.14470.8.2.1.9.5.7.2
1.6.14493.8.2.1.1.1.18.8.29
1.6.14501.8.2.1.7.2.4.3
1.6.14643.8.2.1.22.1
1.6.14742.8.2.1.3.3.15.2
1.6.15009.8.2.1.8
1.6.15185.8.2.1.6
1.6.15201.8.2.1.1
1.6.15300.8.2.1.4.2
1.6.15352.8.2.1.19.8
1.6.15423.8.2.1.5.2.13.11
1.6.15524.8.2.1.13.4.3.1
1.6.15692.8.2.1.2.5.10.2
1.6.15739.8.2.1.7.3
1.6.15859.8.2.1.11.4.6.3
1.6.15878.8.2.1.4.3.24
1.6.15944.8.2.1.6.5.38.3
1.6.16122.8.2.1.16
1.6.16212.8.2.1.4.2.22.9
1.6.16248.8.2.1
1.6.16409.8.2.1.6
1.6.16458.8.2.1.6.3.13.1.49.44
1.6.16529.8.2.1
1.6.16533.8.2.1.18.2
1.6.16567.8.2.1.24
1.6.16601.8.2.1.9.3.12
1.6.16660.8.2.1.8.3.25.1
1.6.16710.8.2.1.5.4.14
1.6.16833.8.2.1.5.3.22.1.11
1.6.16873.8.2.1.11.4
1.6.17038.8.2.1.3.2
1.6.17145.8.2.1.2.4.14
1.6.17152.8.2.1.4.1.1.1
1.6.17246.8.2.1.7.8.7
1.6.17316.8.2.1
1.6.17533.8.2.1.1.1
1.6.17581.8.2.1.1.1.2.1
1.6.17598.8.2.1.2.2.4.2.2
1.6.17604.8.2.1.9.4
1.6.17724.8.2.1.5
1.6.17904.8.2.1
1.6.18003.8.2.1.28.3.27.2
1.6.18140.8.2.1.28
1.6.18330.8.2.1.1.2.2.2
1.6.18339.8.2.1.3.3
1.6.18514.8.2.1.6.2.6
1.6.18566.8.2.1.3
1.6.18710.8.2.1
1.6.18729.8.2.1
1.6.18745.8.2.1
1.6.18749.8.2.1.2.2.5
1.6.18869.8.2.1
1.6.19085.8.2.1.5
1.6.19087.8.2.1.2.1
1.6.19241.8.2.1.10.2.7
1.6.19337.8.2.1.5.2
1.6.19421.8.2.1.8.1.2.1.2
1.6.19433.8.2.1.2
1.6.19496.8.2.1.2.1.12.2.33
1.6.19577.8.2.1.16.1
1.6.19739.8.2.1.32.5
1.6.19762.8.2.1.13.2.45.4
1.6.19784.8.2.1
1.6.19878.8.2.1.4.5
1.6.19925.8.2.1.8.3.5.4
1.6.19941.8.2.1.11.3.21
1.6.20089.8.2.1.12
1.6.20127.8.2.1.2.2.24
1.6.20232.8.2.1.1.1.1
1.6.20295.8.2.1.2.1.4.2
1.6.20373.8.2.1.8.3.27
1.6.20385.8.2.1.4.1
1.6.20403.8.2.1.11.2.5.5
1.6.20493.8.2.1.31.7.16
1.6.20684.8.2.1
1.6.20709.8.2.1.6.10.13.2
1.6.20753.8.2.1.17
1.6.21030.8.2.1.4.3
1.6.21095.8.2.1
1.6.21112.8.2.1.9
1.6.21527.8.2.1.1
1.6.21588.8.2.1.3.3.7
1.6.21623.8.2.1.25
1.6.21680.8.2.1.4.6
1.6.21754.8.2.1.5.2.25
1.6.21915.8.2.1.17.3.13
1.6.21991.8.2.1
1.6.22136.8.2.1.8.1.7.6
1.6.22145.8.2.1.17.3
1.6.22268.8.2.1.2.1.6.1
1.6.22281.8.2.1.1.1
1.6.22294.8.2.1.27.7.19.5.51
1.6.22360.8.2.1.6.3.5.1
1.6.22393.8.2.1.18
1.6.22575.8.2.1.23.1.21.4
1.6.22666.8.2.1.9.5.7.2
1.6.22689.8.2.1.1.1.18.8.29
1.6.22697.8.2.1.7.2.4.3
1.6.22723.8.2.1.8.2
1.6.22810.8.2.1.17.3
1.6.22867.8.2.1.6.2
1.6.23333.8.2.1.13
1.6.23340.8.2.1.6
1.6.23356.8.2.1.1
1.6.23374.8.2.1
1.6.23384.8.2.1.1.1.2.1
1.6.23581.8.2.1.5.2.13.11
1.6.23652.8.2.1.26.1.23
1.6.23683.8.2.1.8.1
1.6.23738.8.2.1.3.2.1
1.6.23909.8.2.1.7.3
1.6.24039.8.2.1.11.4
1.6.24094.8.2.1.7.1
1.6.24391.8.2.1.4.2.22.9
1.6.24613.8.2.1.6
1.6.24648.8.2.1.3.2.13
1.6.24673.8.2.1.1.1
1.6.24740.8.2.1
1.6.24744.8.2.1.18.2
1.6.24778.8.2.1.24
1.6.24812.8.2.1.9.3.12
1.6.24871.8.2.1.8.3.25.1
1.6.24959.8.2.1
1.6.25397.8.2.1.9.1.2.2.9
1.6.25424.8.2.1.4
1.6.25502.8.2.1
1.6.25709.8.2.1.1.1
1.6.25856.8.2.1.4.1
1.6.25872.8.2.1.2.2.11.4
1.6.25890.8.2.1.5
1.6.26073.8.2.1
1.6.26172.8.2.1.28.3.27.2
1.6.26316.8.2.1.28
1.6.26371.8.2.1.3.2
1.6.26488.8.2.1.1.2.2.2
1.6.26497.8.2.1.3.3
1.6.26754.8.2.1.3
1.6.26787.8.2.1.5.1
1.6.26892.8.2.1.1.1
1.6.26917.8.2.1.10.3.18
1.6.27048.8.2.1
1.6.27263.8.2.1.5
1.6.27265.8.2.1.2.1
1.6.27418.8.2.1.10.2.7
1.6.27514.8.2.1.5.2
1.6.27575.8.2.1.3.3.5.1.4
1.6.27607.8.2.1.8.1.2.1.2
1.6.27619.8.2.1.2
1.6.27682.8.2.1.2.1.12.2.33
1.6.27767.8.2.1.11.4
1.6.27817.8.2.1.11.2.8.3.12
1.6.27890.8.2.1.2.2.10.13
1.6.27890.8.2.1.3.3.11.14
1.6.27957.8.2.1.8.3.13.1
1.6.27985.8.2.1
1.6.28117.8.2.1.6.3.7.3
1.6.28156.8.2.1.6.2.4.1.19.3
1.6.28177.8.2.1.43.5.13
1.6.28351.8.2.1.12
1.6.28389.8.2.1.2.2.24
1.6.28498.8.2.1.4
1.6.28547.8.2.1.5.2
1.6.28558.8.2.1.2.1.4.2
1.6.28623.8.2.1.3.1.3.6.59
1.6.28648.8.2.1.11.2
1.6.28666.8.2.1.11.2.5.5
1.6.28713.8.2.1
1.6.28774.8.2.1.3
1.6.28774.8.2.1.6
1.6.28959.8.2.1
1.6.28979.8.2.1
1.6.28981.8.2.1.14.11.16.1
1.6.29025.8.2.1.7.6.18
1.6.29396.8.2.1
1.6.29419.8.2.1.9
1.6.29810.8.2.1
1.6.29835.8.2.1.1
1.6.29896.8.2.1.3.3.7
1.6.29931.8.2.1.25
1.6.30063.8.2.1.5.2.25
1.6.30214.8.2.1.17.3.13
1.6.30242.8.2.1
1.6.30294.8.2.1.5.1.15
1.6.30441.8.2.1.8.1.7.6
1.6.30450.8.2.1.17.3
1.6.30560.8.2.1.2.1.6.1
1.6.30573.8.2.1.1.1
1.6.30586.8.2.1.27.7.19.5.51
1.6.30652.8.2.1.6.3.5.1
1.6.30679.8.2.1.1.1.29.1.3
1.6.30858.8.2.1.18.1.6.1
1.6.30965.8.2.1.22.3.17
1.6.30973.8.2.1.7.2.8.3
1.6.30999.8.2.1.8.2
1.6.31113.8.2.1.22.1
1.6.31157.8.2.1.6.2
1.6.31214.8.2.1.5.4.18.2
1.6.31446.8.2.1.9.2.3.3.33
1.6.31639.8.2.1.6
1.6.31655.8.2.1.1
1.6.31745.8.2.1.22.10.20.6
1.6.31789.8.2.1.19.8
1.6.31860.8.2.1.5.2.13.11
1.6.31922.8.2.1.11.1.11
1.6.31953.8.2.1.8.1
1.6.32150.8.2.1.12.1
1.6.32178.8.2.1.7.3
1.6.32304.8.2.1.11.4
1.6.32574.8.2.1.9
1.6.32653.8.2.1.22
1.6.32863.8.2.1.6
1.6.32881.8.2.1.4.3.9.1.23
1.6.32906.8.2.1.1.1
1.6.32930.8.2.1.5.4.3.5
1.6.32966.8.2.1.11.4.3.2
1.6.32970.8.2.1
1.6.33004.8.2.1.24
1.6.33039.8.2.1.5
1.6.33098.8.2.1.8.3.25.1
1.6.33254.8.2.1
1.6.33299.8.2.1.11.4
1.6.33468.8.2.1.4.1.2.1
1.6.33658.8.2.1.9.1.2.2.9
1.6.33685.8.2.1.4
1.6.33771.8.2.1
1.6.33796.8.2.1.3.3.3
1.6.33955.8.2.1.9.10.12.3
1.6.34025.8.2.1.2.2.4.2.2
1.6.34031.8.2.1.9.4
1.6.34153.8.2.1.5
1.6.34309.8.2.1
1.6.34408.8.2.1.28.3.27.2
1.6.34549.8.2.1.28
1.6.34714.8.2.1.1.2.2.2
1.6.34723.8.2.1.3.3
1.6.34858.8.2.1.3.1.4.2
1.6.34952.8.2.1.3
1.6.34985.8.2.1.5.1
1.6.35102.8.2.1
1.6.35118.8.2.1
1.6.35122.8.2.1.2.2.5
1.6.35241.8.2.1
1.6.35456.8.2.1.5
1.6.35458.8.2.1.2.1
1.6.35612.8.2.1.10.2.7
1.6.35715.8.2.1.5.2
1.6.35777.8.2.1.3.3.5.1.4
1.6.35811.8.2.1.8.1.2.1.2
1.6.35824.8.2.1.4.1.3.1.10
1.6.35888.8.2.1.2.1.12.2.21
1.6.35961.8.2.1.16.1
1.6.36079.8.2.1.2.2.10.13
1.6.36079.8.2.1.3.3.11.14
1.6.36137.8.2.1.5.2.14.2
1.6.36256.8.2.1.4.5
1.6.36308.8.2.1.6.2.4.1.71.10
1.6.36329.8.2.1.43.5.13
1.6.36499.8.2.1.12
1.6.36537.8.2.1.2.2.24
1.6.36645.8.2.1.1.1.1
1.6.36784.8.2.1.3.1.3.6.59
1.6.36809.8.2.1.11.2
1.6.36827.8.2.1.11.2.5.5
1.6.36872.8.2.1
1.6.36934.8.2.1.2.1.6.1.10
1.6.36934.8.2.1.2.1.7.2.13
1.6.37186.8.2.1.17
1.6.37277.8.2.1
1.6.37457.8.2.1.4.1.3.3
1.6.37547.8.2.1
1.6.37569.8.2.1.6.1.2.6.34
1.6.37696.8.2.1.25.1
1.6.37893.8.2.1.10.1.23.1
1.6.37924.8.2.1
1.6.37997.8.2.1.1
1.6.38063.8.2.1.3.3.7
1.6.38098.8.2.1.25
1.6.38227.8.2.1.5.2.25
1.6.38470.8.2.1.25.9.5
1.6.38567.8.2.1.18.5.13.1.1
1.6.38582.8.2.1.7.5
1.6.38592.8.2.1.12.2.3.2
1.6.38622.8.2.1.8.1.7.3
1.6.38631.8.2.1.17.3
1.6.38739.8.2.1.2.1.6.1
1.6.38752.8.2.1.1.1
1.6.38765.8.2.1.27.7.19.5.51
1.6.38832.8.2.1.3.2.2.1
1.6.38862.8.2.1.18
1.6.39131.8.2.1.9.5.7.2
1.6.39154.8.2.1.1.1.18.8.29
1.6.39162.8.2.1.7.2.4.3
1.6.39860.8.2.1.6
1.6.39876.8.2.1.1
1.6.40101.8.2.1.5.2.13.11
1.6.40163.8.2.1.11.1.11
1.6.40238.8.2.1.3.2.1
1.6.40388.8.2.1.11.1
1.6.40416.8.2.1.7.3
1.6.40542.8.2.1.11.4
1.6.40597.8.2.1.7.1
1.6.40628.8.2.1.2.1.2.6
1.6.40798.8.2.1.16
1.6.40892.8.2.1.4.2.22.9
1.6.41116.8.2.1.6
1.6.41129.8.2.1.6.5.11.2
1.6.41182.8.2.1.8.5.9.2
1.6.41253.8.2.1
1.6.41289.8.2.1.24
1.6.41324.8.2.1.5
1.6.41383.8.2.1.8.3.25.1
1.6.41433.8.2.1.5.4.14
1.6.41545.8.2.1
1.6.41590.8.2.1.11.4
1.6.41718.8.2.1.4.1.2.1
1.6.41965.8.2.1.35
1.6.42306.8.2.1.2.2.4.2.2
1.6.42312.8.2.1.9.4
1.6.42427.8.2.1.13
1.6.42465.8.2.1.12.6.14.4
1.6.42731.8.2.1.28.3.27.2
1.6.42891.8.2.1.25
1.6.43060.8.2.1.1.2.2.2
1.6.43069.8.2.1.3.3
1.6.43323.8.2.1.3
1.6.43458.8.2.1.1.1
1.6.43484.8.2.1.10.3.18
1.6.43515.8.2.1.15.6
1.6.43610.8.2.1
1.6.43827.8.2.1.5
1.6.43829.8.2.1.2.1
1.6.43984.8.2.1.10.2.7
1.6.44074.8.2.1.5.2
1.6.44107.8.2.1.4.2
1.6.44120.8.2.1.1.1.25.2.18
1.6.44155.8.2.1.8.1.2.1.2
1.6.44168.8.2.1.4.1.3.1.10
1.6.44232.8.2.1.2.1.12.2.21
1.6.44315.8.2.1.17.1
1.6.44433.8.2.1.3.3.47.4.3.31
1.6.44491.8.2.1.5.2.14.2
1.6.44563.8.2.1
1.6.44649.8.2.1.6.3.7.3
1.6.44688.8.2.1.6.2.4.1.19.3
1.6.44709.8.2.1.43.5.13
1.6.44871.8.2.1.12
1.6.44909.8.2.1.2.2.24
1.6.44983.8.2.1
1.6.45005.8.2.1.2.3.7
1.6.45161.8.2.1.3.1.3.6.59
1.6.45186.8.2.1.11.2
1.6.45204.8.2.1.11.2.5.5
1.6.45229.8.2.1.4.3.21.1
1.6.45243.8.2.1
1.6.45305.8.2.1.2.1.6.1.10
1.6.45305.8.2.1.2.1.7.2.13
1.6.45471.8.2.1
1.6.45541.8.2.1.7.6.18
1.6.45770.8.2.1.4.1.3.3
1.6.45858.8.2.1
1.6.45881.8.2.1.9
1.6.46297.8.2.1.1
1.6.46369.8.2.1.3.3.7
1.6.46404.8.2.1.25
1.6.46453.8.2.1.4.11
1.6.46514.8.2.1.5.2.25
1.6.46677.8.2.1.18.4.13
1.6.46705.8.2.1
1.6.46758.8.2.1.21.14.16
1.6.46855.8.2.1.18.5.13.1.1
1.6.46889.8.2.1.4.4
1.6.47022.8.2.1.2.1.6.1
1.6.47035.8.2.1.1.1
1.6.47048.8.2.1.27.7.19.5.51
1.6.47114.8.2.1.6.3.5.1
1.6.47147.8.2.1.18
1.6.47418.8.2.1.7.6
1.6.47436.8.2.1.1.1.14.5.41
1.6.47444.8.2.1.7.2.4.3
1.6.48078.8.2.1.13
1.6.48085.8.2.1.6
1.6.48101.8.2.1.1
1.6.48261.8.2.1.19.8
1.6.48332.8.2.1.5.2.13.11
1.6.48394.8.2.1.11.1.11
1.6.48594.8.2.1.2.5.10.2
1.6.48641.8.2.1.7.3
1.6.48771.8.2.1.11.4
1.6.48855.8.2.1.6.5.30.3
1.6.48911.8.2.1
1.6.49006.8.2.1.16
1.6.49119.8.2.1
1.6.49271.8.2.1
1.6.49286.8.2.1.10
1.6.49354.8.2.1.8.5.9.2
1.6.49422.8.2.1
1.6.49458.8.2.1.24
1.6.49492.8.2.1.9.3.12
1.6.49551.8.2.1.8.3.25.1
1.6.49601.8.2.1.5.4.14
1.6.49751.8.2.1
1.6.50104.8.2.1.9.1.2.2.9
1.6.50131.8.2.1.4
1.6.50138.8.2.1.12.5.14
1.6.50203.8.2.1
1.6.50260.8.2.1.6.4
1.6.50420.8.2.1.1.1
1.6.50602.8.2.1.13
1.6.50640.8.2.1.12.6.14.4
1.6.50856.8.2.1.28.3.27.2
1.6.51001.8.2.1.28
1.6.51177.8.2.1.1.2.2.2
1.6.51186.8.2.1.3.3
1.6.51423.8.2.1.3
1.6.51575.8.2.1
1.6.51591.8.2.1
1.6.51595.8.2.1.2.2.5
1.6.51720.8.2.1.13.1.3.1
1.6.51921.8.2.1.4.1.12.5.18
1.6.52072.8.2.1.10.2.7
1.6.52168.8.2.1.5.2
1.6.52201.8.2.1.4.2
1.6.52215.8.2.1.16.4.13
1.6.52260.8.2.1.4.1.3.1.9
1.6.52324.8.2.1.2.1.12.2.21
1.6.52407.8.2.1.17.1
1.6.52465.8.2.1.7.2.8.3.12
1.6.52527.8.2.1.2.2.10.13
1.6.52527.8.2.1.3.3.11.14
1.6.52572.8.2.1.32.5
1.6.52595.8.2.1.13.2.45.4
1.6.52667.8.2.1
1.6.52740.8.2.1.2.2
1.6.52766.8.2.1.6.2.4.1.25.17
1.6.52787.8.2.1.44.5.13
1.6.52956.8.2.1.12
1.6.52994.8.2.1.2.2.24
1.6.53068.8.2.1
1.6.53082.8.2.1.1.1.21.1.14
1.6.53224.8.2.1.3.1.3.6.59
1.6.53249.8.2.1.11.2
1.6.53267.8.2.1.11.2.5.5
1.6.53369.8.2.1.2.1.6.1.10
1.6.53369.8.2.1.2.1.7.2.13
1.6.53528.8.2.1.1.3
1.6.53566.8.2.1
1.6.53586.8.2.1
1.6.53588.8.2.1.14.11.16.1
1.6.53632.8.2.1.7.6.18
1.6.53725.8.2.1
1.6.53911.8.2.1.4.1.3.3
1.6.53999.8.2.1
1.6.54022.8.2.1.9
1.6.54058.8.2.1
1.6.54358.8.2.1.10.1.23.1
1.6.54449.8.2.1.1
1.6.54510.8.2.1.3.3.7
1.6.54545.8.2.1.25
1.6.54649.8.2.1.5.2.25
1.6.54806.8.2.1.17.3.13
1.6.54887.8.2.1.5.1.8
1.6.55039.8.2.1.8.1.7.6
1.6.55048.8.2.1.17.3
1.6.55177.8.2.1.2.1
1.6.55194.8.2.1.27.7.19.5.14
1.6.55260.8.2.1.6.3.5.1
1.6.55287.8.2.1.1.1.29.1.3
1.6.55488.8.2.1.4.1
1.6.55556.8.2.1.9.5.7.2
1.6.55579.8.2.1.1.1.18.8.29
1.6.55587.8.2.1.7.2.4.3
1.6.55702.8.2.1.17.3
1.6.55759.8.2.1.6.2
1.6.56074.8.2.1.9.2.3.3.20
1.6.56232.8.2.1.8
1.6.56247.8.2.1
1.6.56269.8.2.1.2.1.2
1.6.56275.8.2.1.20
1.6.56327.8.2.1.9.1
1.6.56547.8.2.1.23.1.7
1.6.56583.8.2.1.13.4.3.1
1.6.56624.8.2.1.3.2.1
1.6.56757.8.2.1.2.5.10.2
1.6.56804.8.2.1.7.3
1.6.56926.8.2.1.11.4
1.6.56953.8.2.1
1.6.57217.8.2.1.8.1.1.1.5
1.6.57234.8.2.1
1.6.57303.8.2.1.4.2.22.9
1.6.57339.8.2.1
1.6.57370.8.2.1
1.6.57380.8.2.1.18
1.6.57496.8.2.1
1.6.57511.8.2.1.10
1.6.57558.8.2.1.6.3.13.1.49.12
1.6.57629.8.2.1.11.4.3.2
1.6.57633.8.2.1
1.6.57665.8.2.1.24
1.6.57702.8.2.1.9
1.6.57761.8.2.1.8.3.25.1
1.6.57811.8.2.1.5.4.14
1.6.57923.8.2.1
1.6.57968.8.2.1.11.4
1.6.58317.8.2.1.9.1.2.2.9
1.6.58344.8.2.1.4
1.6.58351.8.2.1.12.5.14
1.6.58408.8.2.1
1.6.58465.8.2.1.6.4
