1.1.1.21.5.1.9.3.11
1.1.1.26.19.2.10.2
1.1.1.244.8.1.29.2
1.1.1.278.5.1.1.1.14
1.1.1.312.5.1.2.2.5
1.1.1.319.5.1.3
1.1.1.357.12.1.13
1.1.1.370.5.1.2.1.4
1.1.1.465.5.1.20.1.7.1.10
1.1.1.477.5.1
1.1.1.510.5.1.2.1.11.5
1.1.1.553.25.2.7.1.6
1.1.1.637.13.2.8.9
1.1.1.654.5.1.1.6.21.2.5.16
1.1.1.659.11.1.4
1.1.1.821.5.1.1.1.2.10
1.1.1.873.27.3.5
1.1.1.889.13.3.6.3
1.1.1.939.5.1.8
1.1.1.969.9.1.5.24
1.1.1.1004.5.1.2.4.10
1.1.1.1064.6
1.1.1.1201.22.3.4
1.1.1.1206.5.1
1.1.1.1286.8.1.5.14
1.1.1.1318.22.3.28.18.5.1
1.1.1.1322.5.1.4.4
1.1.1.1379.8.3.8
1.1.1.1403.5.1.4.1.1.1
1.1.1.1509.5.1.11.8
1.1.1.1638.17.1.12.3.1
1.1.1.1647.10.1.16
1.1.1.1709.5.1.7.3.8
1.1.1.1734.5.1.5.2.5.1
1.1.1.1774.5.1.1.1.3
1.1.1.1871.6
1.1.1.1944.5.1.3.1
1.1.1.1980.13.1.4.4
1.1.1.2033.5.1.27.2
1.1.1.2073.22.2.4.3
1.1.1.2077.5.1.15.3.15
1.1.1.2077.5.1.17.5.26.1.8
1.1.1.2130.5.1.11
1.1.1.2145.3
1.1.1.2163.5.1.11
1.1.1.2168.5.1
1.1.1.2226.9.1.7
1.1.1.2305.5.1.1.1.7.2.4
1.1.1.2319.8.1.5
1.1.1.2325.18.1.18.4
1.1.1.2374.16.2.11.4.8.6
1.1.1.2401.5.1.1.3
1.1.1.2403.5.1.1
1.1.1.2449.5.1.2.8.30.7
1.1.1.2459.5.1.25
1.1.1.2494.29.3.6.1.2.6.19
1.1.1.2506.14.1.4.6.1
1.1.1.2514.9.2.30
1.1.1.2541.11.3.8.2
1.1.1.2588.25.2.14.8.3
1.1.1.2664.16.2.6
1.1.1.2719.5.1.6.1.3
1.1.1.2735.34.4.4
1.1.1.2769.5.1
1.1.1.2789.5.1.1.5
1.1.1.2846.18.3.9.5.11
1.1.1.2870.6
1.1.1.2947.5.1.16
1.1.1.3003.5.1.4.3
1.1.1.3112.5.1.8.2.2.3.6
1.1.1.3181.5.1.4.4.10
1.1.2.3377.5.1
1.1.2.3397.14.6.4
1.1.2.3419.5.1.3.18.6.2
1.1.2.3495.37.2
1.1.2.3509.5.1.1.20.36.3
1.1.2.3521.39.3.16.6.19.11
1.1.2.3543.14
1.1.2.3743.9.1.7
1.1.2.3751.8.2.4
1.1.2.3783.3
1.1.2.3904.5.1
1.1.2.3926.22.2.7.1.2.2
1.1.2.4006.5.1.3.1
1.1.2.4035.18.2.24.3.12.2
1.1.2.4115.24.2.16.6.8
1.1.2.4242.5.1
1.1.2.4271.13.2.7
1.1.2.4292.5.1.1.1.18.7
1.1.2.4345.24.2.18
1.1.2.4437.20
1.1.2.4458.16.2.8.1
1.1.2.4525.31.5.4
1.1.2.4597.29.4.23
1.1.2.4637.5.1.7.7
1.1.2.4663.24.2
1.1.2.4686.5.1
1.1.2.4720.17.4.4.1
1.1.2.4791.18.3.12.13
1.1.2.4843.9.1.4
1.1.2.4857.5.1.2.14.11
1.1.2.4985.5.1.1.10.6.1.7
1.1.2.4985.5.1.3.12.15
1.1.2.5003.8.1.8
1.1.2.5031.15.2.5.2.9.1
1.1.2.5216.5.1
1.1.2.5241.5.1.1.14.16
1.1.2.5259.11.1.4
1.1.2.5320.9.1.4
1.1.2.5397.13.1.16
1.1.2.5496.14.4
1.1.2.5510.21.3.21.7
1.1.2.5608.8.1.29.2
1.1.2.5643.5.1.1.1.8
1.1.2.5687.5.1.4
1.1.2.5723.17.1.5
1.1.2.5733.20.1.9
1.1.2.5770.15.1.18.3
1.1.2.5857.14.1.12.4
1.1.2.5868.5.1
1.1.2.5887.13.4
1.1.2.5944.25.2.7.1.6
1.1.2.6049.11.1.4
1.1.2.6282.5.1.6.2.5.1.12.2
1.1.2.6322.5.1.1
1.1.2.6353.9.1.5.24
1.1.2.6387.8.1.6.4
1.1.2.6462.6
1.1.2.6507.3
1.1.2.6593.22.3.4
1.1.2.6598.5.1
1.1.2.6673.8.1.5.14
1.1.2.6724.5.1.1.1.2.1
1.1.2.6752.16.1
1.1.2.6775.30.2.4
1.1.2.6821.5.1
1.1.2.6830.10.1.7.9.18
1.1.2.7007.17.1.12.3.1
1.1.2.7107.5.1.5.2.5.1
1.1.2.7127.8.1.5
1.1.2.7158.5.1.1.1.3
1.1.2.7255.6
1.1.2.7334.18.3.13.1.6.2
1.1.2.7367.13.1.4.4
1.1.2.7420.5.1.27.2
1.1.2.7464.5.1.13.2.8
1.1.2.7466.5.1.15.4.14.1.12
1.1.2.7518.5.1.11
1.1.2.7533.3
1.1.2.7551.5.1.11
1.1.2.7556.5.1
1.1.2.7614.9.1.7
1.1.2.7632.12
1.1.2.7673.5.1.5.2
1.1.2.7700.5.1.8
1.1.2.7714.5.1.7.4.22
1.1.2.7773.16.2.11.4.2.6
1.1.2.7800.5.1.1.3
1.1.2.7802.25.4.10.1.1
1.1.2.7849.5.1.2.8.30.7
1.1.2.7863.5.1.3.2.24
1.1.2.7891.29.3.6.1.2.6.19
1.1.2.7903.14.1.4.6.1
1.1.2.7911.9.2.30
1.1.2.7939.5.1.2
1.1.2.7986.25.2.14.8.7
1.1.2.8040.10.1.12
1.1.2.8067.16.2.6
1.1.2.8122.5.1.6.1.3
1.1.2.8138.34.4.4
1.1.2.8182.5.1
1.1.2.8238.18.3.9.5.11
1.1.2.8262.6
1.1.2.8341.5.1.16
1.1.2.8383.5.1.2.1.1.1
1.1.2.8397.5.1.8.4
1.1.2.8506.5.1.8.2.2.3.6
1.1.2.8577.5.1.2.1.3.1.36
1.1.2.8803.14.6.4
1.1.2.8818.5.1.3.16.5.2
1.1.2.8899.37.2
1.1.2.8913.5.1.1.20.36.3
1.1.2.8929.5.1.10.2
1.1.2.8949.14
1.1.2.9074.5.1.3.2
1.1.2.9206.3
1.1.2.9323.28.1.10
1.1.2.9429.5.1.3.1
1.1.2.9482.5.1.2
1.1.2.9550.24.2.16.6.8
1.1.2.9669.5.1
1.1.2.9768.15.2.10.2.30
1.1.2.9882.14.2.7.1.1
1.1.2.9905.5.1.3.3.22.3
1.1.2.10044.29.4.23
1.1.2.10077.3
1.1.2.10079.28.1.4
1.1.2.10109.10.1.9
1.1.2.10136.5.1
1.1.2.10191.3
1.1.2.10248.12.1.5.9.20
1.1.2.10265.18.3.12.13
1.1.2.10317.9.1.4
1.1.2.10331.5.1.2.14.11
1.1.2.10456.5.1.4.2.6
1.1.2.10487.5.1.2.1.5.1.16
1.1.2.10664.63.3.24
1.1.2.10717.5.1.1.5.17
1.1.2.10735.11.1.4
1.1.2.10776.53.1.11
1.1.2.10803.9.4.8.3
1.1.2.10886.13.1.16
1.1.2.10921.31.3
1.1.2.11140.19.2.9.1
1.1.2.11147.11.1.9
1.1.2.11184.5.1.2.2.5
1.1.2.11191.5.1.3
1.1.2.11276.3
1.1.2.11346.5.1.20.1.7.1.4
1.1.2.11358.5.1
1.1.2.11375.13.4
1.1.2.11432.25.2.7.1.6
1.1.2.11523.13.2.8.9
1.1.2.11540.5.1.1.6.21.2.5.14
1.1.2.11545.11.1.4
1.1.2.11759.5.1.6.2.5.1.12.3
1.1.2.11808.5.1.1
1.1.2.11847.5.1.2.4.10
1.1.2.12045.22.3.4
1.1.2.12050.5.1
1.1.2.12068.22.2.11.17.5.1
1.1.2.12123.8.1.5.14
1.1.2.12177.5.1.1.1.2.1
1.1.2.12229.5.1
1.1.2.12237.3
1.1.2.12274.5.1
1.1.2.12283.10.1.7.9.18
1.1.2.12339.5.1.11.8
1.1.2.12466.17.1.12.3.1
1.1.2.12482.10.3.8
1.1.2.12485.3
1.1.2.12556.5.1.5.2.5.1
1.1.2.12576.8.1.5
1.1.2.12607.5.1.1.1.3
1.1.2.12702.6
1.1.2.12767.6
1.1.2.12769.13.3.10.5.4.1.10
1.1.2.12769.13.3.11.6.6.1
1.1.2.12778.18.3.20.1.13.2
1.1.2.12811.13.1.4.4
1.1.2.12851.22.5
1.1.2.12889.12.2.4.2
1.1.2.12892.40.1.19.7
1.1.2.12938.5.1.11
1.1.2.12953.3
1.1.2.12971.5.1.1.4.1
1.1.2.13023.3
1.1.2.13033.9.1.7
1.1.2.13117.5.1.1
1.1.2.13132.5.1.8.7.10.3.3
1.1.2.13170.30.1.19.10
1.1.2.13212.5.1.1
1.1.2.13279.5.1.19
1.1.2.13314.29.3.6.1.2.6.19
1.1.2.13326.14.1.4.6.1
1.1.2.13334.9.2.30.5
1.1.2.13353.5.1.2
1.1.2.13355.5.1.1.2.2.1
1.1.2.13383.5.1.1
1.1.2.13448.5.1.9.2.7.1.14
1.1.2.13516.34.4.4
1.1.2.13571.5.1
1.1.2.13577.12.3.8
1.1.2.13626.18.3.9.5.11
1.1.2.13650.6
1.1.2.13795.5.1.8.4
1.1.2.13904.5.1.8.2.2.3.6
1.1.2.13973.5.1.4.4.10
1.1.2.14074.5.1
1.1.2.14075.11.2.4.2
1.1.2.14113.10.2.4.1
1.1.2.14170.5.1
1.1.2.14190.14.6.4
1.1.2.14284.37.2
1.1.2.14298.5.1.1.20.36.3
1.1.2.14310.39.3.16.6.19.11
1.1.2.14332.14
1.1.2.14463.17.1.9
1.1.2.14605.5.1.22
1.1.2.14620.5.1.7.11
1.1.2.14719.5.1.11.1
1.1.2.14732.26.2
1.1.2.14799.5.1.3.1
1.1.2.14852.5.1.2
1.1.2.14920.19.1.13.14
1.1.2.14926.5.1
1.1.2.15050.5.1
1.1.2.15079.13.2.7
1.1.2.15100.21.3.8.2.10
1.1.2.15150.15.2.10.2.30
1.1.2.15262.16.2.8.1
1.1.2.15290.5.1.3.3.20.4
1.1.3.15350.48.5.4
1.1.3.15459.3
1.1.3.15461.28.1.4
1.1.3.15491.10.1.9
1.1.3.15515.5.1
1.1.3.15570.3
1.1.3.15620.5.1.8.5
1.1.3.15648.9.2.4.17.14
1.1.3.15709.17.3.7
1.1.3.15738.13.1.19
1.1.3.15808.42
1.1.3.15835.5.1.3.3.22
1.1.3.15853.8.1.8
1.1.3.15876.12.1.10.9
1.1.3.16031.63.3.24
1.1.3.16081.5.1.12
1.1.3.16091.14.2
1.1.3.16151.38.1.21.2.7
1.1.3.16227.5.1.11.1.1
1.1.3.16232.35.1.8
1.1.3.16444.6
1.1.3.16491.14.2.30.6
1.1.3.16521.5.1.2.2.5
1.1.3.16528.5.1.3
1.1.3.16633.5.1.7.3
1.1.3.16683.11.1.8.2
1.1.3.16722.5.1.1
1.1.3.16767.5.1.8.9.14
1.1.3.16846.13.2.8.9
1.1.3.16864.5.1.2.1
1.1.3.16871.29.1.8
1.1.3.16891.3
1.1.3.17077.27.3.5
1.1.3.17093.13.3.6.3
1.1.3.17128.5.1.8
1.1.3.17158.9.1.5.24
1.1.3.17192.8.1.6.4
1.1.3.17250.5.1.1.1
1.1.3.17466.8.1.5.14
1.1.3.17549.16.1
1.1.3.17590.5.1.4.1.1.1
1.1.3.17699.5.1.11.8
1.1.3.17896.8.1.4.2
1.1.3.17903.20.1.9
1.1.3.17913.5.1
1.1.3.17932.8.1.5
1.1.3.17963.5.1.1.1.3
1.1.3.18060.6
1.1.3.18132.5.1.1.1
1.1.3.18187.13.1.4.4
1.1.3.18232.12
1.1.3.18288.5.1.5.1.10.1.15
1.1.3.18290.14.1.5
1.1.3.18291.5.1.8.1.4.4.8
1.1.3.18298.25.2
1.1.3.18338.5.1.11
1.1.3.18353.3
1.1.3.18371.5.1.11
1.1.3.18376.5.1
1.1.3.18434.9.1.7
1.1.3.18513.5.1.1.1.7.2.4
1.1.3.18531.5.1.7.4.23
1.1.3.18590.16.2.11.4.2.6
1.1.3.18617.5.1.1.3
1.1.3.18619.25.4.10.1.1
1.1.3.18666.5.1.2.8.30.7
1.1.3.18676.5.1.25
1.1.3.18704.5.1.12
1.1.3.18720.13.4.7
1.1.3.18721.25.1.4
1.1.3.18762.8.1.57.4
1.1.3.18801.5.1.1
1.1.3.18866.5.1.9.2.7.1.14
1.1.3.18917.5.1.6.1.3
1.1.3.18933.34.4.4
1.1.3.18990.5.1
1.1.3.18996.12.3.8
1.1.3.19045.18.3.9.5.11
1.1.3.19069.6
1.1.3.19200.5.1.8.4
1.1.3.19309.5.1.8.2.2.3.6
1.1.3.19380.5.1.2.1.3.1.36
1.1.3.19503.5.1
1.1.3.19504.11.2.4.2
1.1.3.19629.14.6.4
1.1.3.19724.37.2
1.1.3.19738.5.1.1.20.36.3
1.1.3.19754.5.1.10.2
1.1.3.19778.14
1.1.3.19899.17.1.9
1.1.3.20031.3
1.1.3.20141.28.1.10
1.1.3.20161.26.2
1.1.3.20227.36.2.13.7.2.1.3
1.1.3.20230.5.1.4.1.2.1.2.27
1.1.3.20283.5.1.2
1.1.3.20318.5.1
1.1.3.20359.11
1.1.3.20387.13.2.7.21
1.1.3.20426.17.1.5.4
1.1.3.20502.5.1
1.1.3.20545.5.1.1.3.4.1.16
1.1.3.20565.21.3.8.2.10
1.1.3.20588.5.1.1.6
1.1.3.20611.24.2.18
1.1.3.20700.20
1.1.3.20721.16.2.8.1
1.1.3.20749.5.1.3.3.20.4
1.1.3.20888.29.4.23
1.1.3.20926.14.2.13.5.12.2
1.1.3.20950.10.1.9
1.1.3.20976.10.3.12
1.1.3.21029.3
1.1.3.21160.9.1.4
1.1.3.21174.5.1.2.14.11
1.1.3.21303.5.1.3.3.22
1.1.3.21344.5.1.4.2.11
1.1.3.21501.63.3.24
1.1.3.21552.18.1.9.8
1.1.3.21586.33.5
1.1.3.21696.5.1.9.3.11
1.1.3.21702.19.2.9.2
1.1.3.21949.19.2.9.1
1.1.3.21956.11.1.9
1.1.3.21986.5.1.2.2.5
1.1.3.21993.5.1.3
1.1.3.22014.17.1.5
1.1.3.22024.20.1.9
1.1.3.22061.15.1.18.3
1.1.3.22097.5.1.7.3
1.1.3.22154.14.1.12.4
1.1.3.22178.5.1
1.1.3.22241.25.2.7.1.6
1.1.3.22323.13.2.8.9
1.1.3.22340.5.1.1.6.21.2.5.31
1.1.3.22345.11.1.4
1.1.3.22553.15.2.5
1.1.3.22564.5.1.28.1.2.5.16.4
1.1.3.22614.5.1.8
1.1.3.22630.8.1.12.10
1.1.3.22638.18.4.11
1.1.3.22661.5.1.3.1
1.1.3.22667.5.1.2.4.10
1.1.3.22737.6
1.1.3.22897.22.3.4
1.1.3.22902.5.1
1.1.3.22946.20.1.11
1.1.3.22986.5.1.1.1.1
1.1.3.22987.5.1.4.1.7.3.16
1.1.3.23092.14.3
1.1.3.23212.5.1.11.8
1.1.3.23346.10.1.16
1.1.3.23352.10.3.8
1.1.3.23355.3
1.1.3.23400.5.1.7.3.8
1.1.3.23421.17.1.4
1.1.3.23436.8.1.6
1.1.3.23565.6
1.1.3.23626.5.1.1.1
1.1.3.23679.13.1.4.4
1.1.3.23719.20.2.25.1.2.5
1.1.3.23765.22.2.4.3
1.1.3.23769.5.1.15.3.15
1.1.3.23769.5.1.17.5.26.1.8
1.1.3.23823.5.1.11
1.1.3.23838.3
1.1.3.23856.5.1.11
1.1.3.23905.3
1.1.3.23915.9.1.7
1.1.3.23994.5.1.1.1.7.2.4
1.1.3.24008.8.1.6
1.1.3.24014.18.1.18.4
1.1.3.24063.16.2.11.4.8.6
1.1.3.24090.5.1.1.3
1.1.3.24092.5.1.1
1.1.3.24138.5.1.2.8.30.7
1.1.3.24152.5.1.3.2.24
1.1.3.24175.13.2.6.1.16.5.29
1.1.3.24190.5.1.1.11.5.2.45
1.1.3.24233.8.1.57.4
1.1.3.24286.5.1.12
1.1.3.24352.9.1.28.3
1.1.3.24398.5.1.6.1.3
1.1.3.24415.9.3.12.9
1.1.3.24469.5.1
1.1.3.24475.12.3.8
1.1.3.24523.18.3.9.5.11
1.1.3.24547.6
1.1.3.24625.5.1.16
1.1.3.24667.5.1.2.1.1.1
1.1.3.24681.3
1.1.3.24853.5.1.13
1.1.3.24997.10.2.4.1
1.1.3.25076.14.6.4
1.1.3.25098.5.1.3.18.6.2
1.1.3.25175.37.2
1.1.3.25189.5.1.1.20.36.3
1.1.3.25212.5.1.1.3
1.1.3.25232.14
1.1.3.25353.17.1.9
1.1.3.25480.3
1.1.3.25681.36.2.13.7.2.1.3
1.1.3.25684.5.1.4.1.2.1.2.20
1.1.3.25737.5.1.2
1.1.3.25808.24.2.16.6.8
1.1.3.25931.5.1
1.1.3.25960.22.2.26.33.28
1.1.3.25982.5.1.1.1.18.7
1.1.3.26002.5.1.1.6
1.1.3.26025.24.2.18
1.1.3.26123.16.2.8.1
1.1.3.26151.5.1.3.3.20.4
1.1.3.26358.10.1.9
1.1.3.26444.3
1.1.3.26494.5.1.8.5
1.1.3.26522.9.2.4.17.14
1.1.3.26583.17.3.7
1.1.3.26708.5.1.3.3.22
1.1.3.26749.5.1.4.2.11
1.1.3.26912.5.1.3.3.6.2.2
1.1.3.26968.14.2
1.1.3.27032.9.1.7
1.1.3.27097.5.1.9.3.11
1.1.3.27103.19.2.9.2
1.1.3.27301.6
1.1.3.27368.5.1.11
1.1.3.27376.33.2.13.6
1.1.3.27403.5.1.4
1.1.3.27439.17.1.5
1.1.3.27449.20.1.9
1.1.3.27486.15.1.18.3
1.1.3.27524.5.1.7.3
1.1.3.27581.14.1.12.4
1.1.3.27609.5.1
1.1.3.27672.25.2.7.1.6
1.1.3.27760.13.2.8.9
1.1.3.27777.5.1.1.6.21.2.5.34
1.1.3.27782.11.1.4
1.1.3.27990.27.3.5
1.1.3.28006.13.3.6.3
1.1.3.28041.5.1.8
1.1.3.28050.9.1.4.3
1.1.3.28107.5.1.4.1
1.1.3.28166.6
1.1.3.28240.5.1.7.4
1.1.3.28314.22.3.4
1.1.3.28319.5.1
1.1.3.28338.35.2.20.9.10.1
1.1.3.28402.8.1.5.14
1.1.3.28453.5.1.1.1.2.1
1.1.3.28481.16.1
1.1.4.8.5.1.5.13
1.1.4.69.5.1.13.6
1.1.4.126.5.1.11.8
1.1.4.254.17.1.12.3.1
1.1.4.263.10.1.16
1.1.4.269.10.3.8
1.1.4.272.3
1.1.4.393.5.1.14
1.1.4.488.6
1.1.4.604.13.1.4.4
1.1.4.687.22.2.4.3
1.1.4.691.15.2.7.7.9
1.1.4.691.15.2.9.9.20.1.9
1.1.4.737.5.1.11
1.1.4.752.3
1.1.4.770.5.1.11
1.1.4.828.9.1.7
1.1.4.907.5.1.1.1.7.2.4
1.1.4.921.8.1.6
1.1.4.927.18.1.18.4
1.1.4.976.16.2.11.4.8.6
1.1.4.1003.5.1.1.3
1.1.4.1005.5.1.1
1.1.4.1067.5.1.19
1.1.4.1094.13.2.6.1.16.5.8
1.1.4.1109.5.1.1.11.5.2.24
1.1.4.1125.11.1.8.4.6
1.1.4.1152.8.2.30.10.3
1.1.4.1152.8.2.30.19
1.1.4.1196.25.2.14.8.3
1.1.4.1250.10.1.12
1.1.4.1277.5.1.1
1.1.4.1304.5.1.5.3
1.1.4.1328.13.2.16.1.41
1.1.4.1353.16.2.5.13
1.1.4.1403.5.1
1.1.4.1460.18.3.9.5.11
1.1.4.1484.6
1.1.4.1567.5.1.16
1.1.4.1625.5.1.8.4
1.1.4.1807.5.1.4.4.4.8.40
1.1.4.1944.10.2.4.1
1.1.4.2024.14.6.4
1.1.4.2046.5.1.3.18.6.2
1.1.4.2123.37.2
1.1.4.2137.5.1.1.20.36.3
1.1.4.2150.41.3.16.6.19.6
1.1.4.2170.14
1.1.4.2291.17.1.9
1.1.4.2409.9.1.8
1.1.4.2425.5.1.22
1.1.4.2440.5.1.7.11
1.1.4.2537.28.1.10
1.1.4.2644.36.2.12.5
1.1.4.2697.5.1.2
1.1.4.2771.11
1.1.4.2799.13.2.7.21
1.1.4.2838.17.1.5.4
1.1.4.2915.5.1
1.1.4.2943.17.1.4
1.1.4.2945.5.1.2.1.5
1.1.4.2968.21.3.8.2.10
1.1.4.2991.5.1.1.6
1.1.4.3014.24.2.18
1.1.4.3185.31.5.4
1.1.4.3321.10.1.9
1.1.4.3387.5.1
1.1.4.3457.12.1.5.9.20
1.1.4.3474.18.3.12.13
1.1.4.3536.17.3.7
1.1.4.3575.24.1.4.4.2
1.1.4.3580.13.1.20
1.1.4.3678.5.1.3.3.31
1.1.4.3703.5.1.2.1.5.1.20
1.1.4.3910.5.1
1.1.4.3934.36.1.20.16
1.1.4.3948.11.1.4
1.1.4.4009.9.1.4
1.1.4.4088.13.2.13.1.7
1.1.4.4280.5.1.3.2.4.2
1.1.4.4336.19.2.6.3.6.4.50
1.1.4.4373.5.1.4
1.1.4.4409.17.1.5
1.1.4.4421.15.2.14.1.12.4
1.1.4.4438.12.1.13
1.1.4.4451.5.1.2.1.4
1.1.4.4492.16.2.6.5
1.1.4.4567.5.1.26.1.7.1.15
1.1.4.4579.5.1
1.1.4.4596.13.4
1.1.4.4653.25.2.7.1.6
1.1.4.4751.11.1.4
1.1.4.4958.5.1.6.2.5.1.12.2
1.1.4.5015.8.1.12.10
1.1.4.5023.18.4.11
1.1.4.5066.5.1.4.1
1.1.4.5125.6
1.1.4.5170.3
1.1.4.5188.8.1.7
1.1.4.5319.20.1.11
1.1.4.5359.5.1.1.1.1
1.1.4.5360.5.1.4.1.7.3.16
1.1.4.5413.5.1.1.1.2.1
1.1.4.5454.8.3.8
1.1.4.5479.5.1.4.1.1.1
1.1.4.5518.5.1
1.1.4.5527.10.1.7.9.18
1.1.4.5583.5.1.11.8
1.1.4.5717.5.1.2
1.1.4.5725.15.2.7.2.5
1.1.4.5745.3
1.1.4.5842.17.1.6
1.1.4.5873.5.1.1.1.3
1.1.4.5963.6
1.1.4.6036.5.1.3.1
1.1.4.6072.13.1.4.4
1.1.4.6159.5.1.13.2.8
1.1.4.6161.5.1.15.4.14.1.16
1.1.4.6205.5.1.11
1.1.4.6220.3
1.1.4.6238.5.1.11
1.1.4.6318.12
1.1.4.6365.5.1.1
1.1.4.6420.30.1.19.10
1.1.4.6462.5.1.1.3
1.1.4.6464.5.1.1
1.1.4.6548.5.1.1.1.3
1.1.4.6561.5.1.1.12.5.2.8
1.1.4.6604.11.3.8.2
1.1.4.6651.25.2.14.8.3
1.1.4.6705.10.1.12
1.1.4.6727.19.3.4.4
1.1.4.6777.5.1.2.1.2
1.1.4.6913.18.3.9.5.11
1.1.4.7005.5.1.16
1.1.4.7073.3
1.1.4.7177.31.1.16.12
1.1.4.7247.5.1.2.1.3.1.26
1.1.4.7335.5.1
1.1.4.7336.11.2.4.2
1.1.4.7372.10.2.4.1
1.1.4.7453.14.6.4
1.1.4.7468.5.1.3.16.5.2
1.1.4.7546.37.2
1.1.4.7578.43.3.16.2.6.4
1.1.4.7700.17.1.9
1.1.4.7787.11.1.4
1.1.4.7828.5.1.2.7.14.2.11
1.1.4.7945.5.1.6.1
1.1.4.8002.13
1.1.4.8061.5.1.3.2
1.1.4.8093.18.2.24.3.12.2
1.1.4.8128.5.1
1.1.4.8169.19.1.13.14
1.1.4.8175.5.1
1.1.4.8294.5.1
1.1.4.8324.5.1.2.1.1
1.1.4.8353.5.1.2.1.7.4
1.1.4.8404.15.2.10.2.23
1.1.4.8506.20
1.1.4.8527.16.2.8.1
1.1.4.8594.31.5.4
1.1.4.8733.10.1.4
1.1.4.8747.5.1
1.1.4.8806.33.4.4.1
1.1.4.8931.9.1.4
1.1.4.8945.5.1.2.14.11
1.1.4.8977.13.1.19
1.1.4.9077.5.1.4.2.6
1.1.4.9101.8.1.8
1.1.4.9108.5.1.2
1.1.4.9288.63.3.24
1.1.4.9352.11.1.4
1.1.4.9390.49.1.11
1.1.4.9489.5.1.9.3.11
1.1.4.9494.19.2.10.2
1.1.4.9590.14.4
1.1.4.9604.21.3.21.7
1.1.4.9703.8.1.29.2
1.1.4.9738.5.1.1.1.8
1.1.4.9745.33.2.14.4
1.1.4.9772.5.1.2.2.5
1.1.4.9779.5.1.3
1.1.4.9800.17.1.5
1.1.4.9810.20.1.9
1.1.4.9847.15.1.18.3
1.1.4.9936.14.1.12.4
1.1.4.9971.5.1.2.1.5.5
1.1.4.10014.25.2.7.1.6
1.1.4.10098.13.2.8.9
1.1.4.10115.5.1.1.6.21.2.5.17
1.1.4.10137.3
1.1.4.10326.5.1.6.2.5.1.12.2
1.1.4.10368.5.1.1.12.23
1.1.4.10369.5.1.1.1.3.1.18
1.1.4.10408.5.1.2.4.10
1.1.4.10468.6
1.1.4.10519.5.1.2.1
1.1.4.10537.8.1.7
1.1.4.10623.22.3.4
1.1.4.10628.5.1
1.1.4.10706.8.1.5.14
1.1.4.10738.22.3.28.18.5.1
1.1.4.10742.5.1.4.4
1.1.4.10801.5.1.2.2.19.6
1.1.4.10811.6
1.1.4.10825.5.1.4.1.1.1
1.1.4.10862.5.1
1.1.4.10871.10.1.7.9.18
1.1.4.11063.17.1.12.3.1
1.1.4.11309.6
1.1.4.11373.5.1.1.1
1.1.4.11428.13.1.4.4
1.1.4.11524.5.1.13.2.8
1.1.4.11526.5.1.15.4.14.1.12
1.1.4.11570.5.1.11
1.1.4.11585.3
1.1.4.11603.5.1.11
1.1.4.11608.5.1
1.1.4.11666.9.1.7
1.1.4.11745.5.1.1.1.7.2.4
1.1.4.11759.8.1.6
1.1.4.11765.18.1.18.4
1.1.4.11814.16.2.11.4.8.6
1.1.4.11841.5.1.1.3
1.1.4.11843.5.1.1
1.1.4.11886.5.1.1.1
1.1.4.11899.5.1.19
1.1.4.11926.13.2.6.1.16.5.8
1.1.4.11941.5.1.1.11.5.2.24
1.1.4.11957.11.1.8.4.6
1.1.4.11968.11.2.8
1.1.4.11987.8.2.30.10.3
1.1.4.11987.8.2.30.19
1.1.4.12026.5.1.12
1.1.4.12055.5.1
1.1.4.12094.5.1.9.2.7.1.20
1.1.4.12136.5.1.3.1.3
1.1.4.12161.16.2.5.13
1.1.4.12209.5.1
1.1.4.12215.12.3.8
1.1.4.12264.18.3.9.5.11
1.1.4.12288.6
1.1.4.12371.5.1.16
1.1.4.12429.5.1.8.4
1.1.4.12750.10.2.4.1
1.1.4.12830.14.6.4
1.1.4.12845.5.1.3.16.5.2
1.1.4.12921.37.2
1.1.4.12935.5.1.1.20.36.3
1.1.4.12951.5.1.10.2
1.1.4.12971.14
1.1.4.13209.3
1.1.4.13317.28.1.10
1.1.4.13344.26.2
1.1.4.13412.5.1.3.1
1.1.4.13440.18.2.24.3.12.2
1.1.4.13478.5.1
1.1.4.13519.11
1.1.4.13547.13.2.7.21
1.1.4.13586.17.1.5.4
1.1.4.13663.5.1
1.1.4.13706.5.1.1.3.4.1.16
1.1.4.13726.5.1.1.1.18.7
1.1.4.13773.15.2.10.2.30
1.1.4.13819.5.1.1.1
1.1.4.13892.14.2.7.1.1
1.1.4.13915.5.1.3.3.22.3
1.1.4.13976.48.5.4
1.1.4.14048.29.4.23
1.1.4.14106.10.1.9
1.1.4.14133.5.1
1.1.4.14185.3
1.1.4.14242.12.1.5.9.20
1.1.4.14259.18.3.12.13
1.1.4.14321.17.3.7
1.1.4.14360.24.1.4.4.2
1.1.4.14365.13.1.20
1.1.4.14448.5.1.3.3.22
1.1.4.14473.5.1.2.1.5.1.20
1.1.4.14692.5.1
1.1.4.14716.36.1.20.16
1.1.4.14727.14.2
1.1.4.14875.13.2.13.1.7
1.1.4.14881.35.1.8
1.1.4.15128.19.2.9.1
1.1.4.15135.11.1.9
1.1.4.15172.5.1.2.2.5
1.1.4.15179.5.1.3
1.1.4.15217.12.1.13
1.1.4.15230.5.1.2.1.4
1.1.4.15266.5.1.7.3
1.1.4.15299.27.1.12.13.9.4
1.1.4.15316.24.3.31
1.1.4.15329.16.3
1.1.4.15359.5.1.2.1.11.5
1.1.4.15402.25.2.7.1.6
1.1.4.15485.13.2.8.9
1.1.4.15502.5.1.1.6.21.2.5.50
1.1.4.15507.11.1.4
1.1.4.15680.5.1
1.1.4.15723.15.2.5
1.1.4.15734.5.1.28.1.2.5.16.8
1.1.4.15768.25.1.17.4
1.1.4.15782.5.1.1
1.1.4.15828.25.1.12.8
1.1.4.15835.10.1.19.2
1.1.4.15940.3
1.1.4.16025.15.3.25.8.10.1
1.1.4.16103.8.1.5.14
1.1.4.16170.13.2.18.2.4.1
1.1.4.16188.16.1
1.1.4.16211.30.2.4
1.1.4.16260.43.2.20.10.12.1
1.1.4.16305.5.1.11.8
1.1.4.16435.17.1.12.3.1
1.1.4.16444.10.1.16
1.1.4.16543.8.1.5
1.1.4.16578.5.1.1.1.3
1.1.4.16667.6
1.1.4.16786.13.1.4.4
1.1.4.16839.5.1.27.2
1.1.4.16875.22.2.4.3
1.1.4.16879.15.2.7.7.7
1.1.4.16879.15.2.9.9.18.1.8
1.1.4.16925.5.1.11
1.1.4.16940.3
1.1.4.16958.5.1.1.4.1
1.1.4.17039.12
1.1.4.17086.5.1.1
1.1.4.17141.30.1.19.10
1.1.4.17183.5.1.1.3
1.1.4.17185.25.4.10.1.1
1.1.4.17248.5.1.19
1.1.4.17272.5.1.1.1.3
1.1.4.17285.5.1.1.12.5.2.8
1.1.4.17309.16.2.8.3
1.1.4.17331.8.2.30.10.3
1.1.4.17331.8.2.30.19
1.1.4.17366.25.2.14.8.3
1.1.4.17420.10.1.12
1.1.4.17442.19.3.4.4
1.1.4.17510.34.4.4
1.1.4.17518.5.1.11.1
1.1.4.17537.5.1
1.1.4.17631.18.3.9.5.11
1.1.4.17655.6
1.1.4.17789.5.1.8.4
1.1.4.17898.5.1.8.2.2.3.6
1.1.4.17967.5.1.4.4.4.7.35
1.1.4.18111.10.2.4.1
1.1.4.18192.14.6.4
1.1.4.18286.37.2
1.1.4.18300.5.1.1.20.36.3
1.1.4.18316.5.1.10.2
1.1.4.18337.14
1.1.4.18535.9.1.7
1.1.4.18543.8.2.4
1.1.4.18574.3
1.1.4.18705.5.1.6.1
1.1.4.18801.36.2.12.5
1.1.4.18829.18.2.24.3.12.2
1.1.4.19066.5.1.2.1.20
1.1.4.19083.21.3.8.2.10
1.1.4.19133.15.2.10.2.30
1.1.4.19239.16.2.8.1
1.1.4.19267.5.1.3.3.20.4
1.1.4.19328.48.5.4
1.1.4.19441.5.1.7.7
1.1.4.19466.24.2
1.1.4.19481.5.1
1.1.4.19498.5.1
1.1.4.19532.17.4.4.1
1.1.4.19590.12.1.5.11.25
1.1.4.19607.18.3.12.13
1.1.4.19672.17.3.7
1.1.4.19711.24.1.4.4.2
1.1.4.19716.13.1.20
1.1.4.19823.5.1.1.10.6.1.7
1.1.4.19823.5.1.3.12.15
1.1.4.19841.8.1.8
1.1.4.19864.12.1.10.9
1.1.4.20024.63.3.24
1.1.4.20080.5.1.12
1.1.4.20090.14.2
1.1.4.20119.33.5
1.1.4.20159.9.4.8.3
1.1.4.20233.22.2.27.3.6.7.13
1.1.4.20482.19.2.9.1
1.1.4.20521.5.1.2.2.5
1.1.4.20527.17.2.31.6
1.1.4.20562.20.1.9
1.1.4.20642.5.1.7.3
1.1.4.20675.27.1.12.13.9.4
1.1.4.20692.24.3.31
1.1.4.20706.5.1
1.1.4.20739.5.1.2.1.11.5
1.1.4.20782.25.2.7.1.6
1.1.4.20860.13.2.8.9
1.1.4.20877.5.1.1.6.21.2.5.39
1.1.4.20882.11.1.4
1.1.4.20902.3
1.1.4.21111.5.1.6.2.5.1.12.2
1.1.4.21160.5.1.1
1.1.4.21204.10.2.17
1.1.4.21278.6
1.1.4.21352.5.1.7.4
1.1.4.21428.15.3.25.8.10.1
1.1.4.21505.8.1.5.14
1.1.4.21588.16.1
1.1.4.21625.5.1.4.1.1.1
1.1.4.21664.5.1
1.1.4.21673.10.1.7.9.18
1.1.4.21855.5.1.2
1.1.4.21863.15.2.7.2.5
1.1.4.21883.3
1.1.4.21961.5.1.7.2.43.11
1.1.4.21981.8.1.5
1.1.4.22012.5.1.1.1.3
1.1.4.22102.6
1.1.4.22129.5.1.3.1
1.1.4.22172.5.1.1.1
1.1.4.22225.13.1.4.4
1.1.4.22260.33
1.1.4.22315.5.1.13.2.8
1.1.4.22317.5.1.15.4.14.1.16
1.1.4.22370.5.1.11
1.1.4.22385.3
1.1.4.22403.5.1.11
1.1.4.22408.5.1
1.1.4.22466.9.1.7
1.1.4.22544.5.1.1
1.1.4.22599.30.1.19.10
1.1.4.22641.5.1.1
1.1.4.22704.5.1.19
1.1.4.22732.5.1.12
1.1.4.22748.13.4.7
1.1.4.22749.25.1.4
1.1.4.22790.8.1.57.4
1.1.4.22830.25.2.14.8.3
1.1.4.22884.10.1.12
1.1.4.22909.5.1.24.2.7.1.7
1.1.4.22951.5.1.3.1.3
1.1.4.22976.16.2.5.13
1.1.4.23090.18.3.9.5.11
1.1.4.23114.6
1.1.4.23186.5.1.16
1.1.4.23339.5.1.8.2.2.3.6
1.1.4.23410.5.1.4.1.3
1.1.4.23636.14.6.4
1.1.4.23729.37.2
1.1.4.23743.5.1.1.20.36.3
1.1.4.23755.39.3.16.6.19.11
1.1.4.23777.14
1.1.4.23973.11.1.4
1.1.4.24014.5.1.2.7.14.2.11
1.1.4.24119.28.1.10
1.1.4.24139.26.2
1.1.4.24205.36.2.13.7.2.1.3
1.1.4.24208.5.1.4.1.2.1.2.36
1.1.4.24261.5.1.2
1.1.4.24290.5.1
1.1.4.24331.19.1.13.14
1.1.4.24355.13.2.7.21
1.1.4.24471.5.1
1.1.4.24499.17.1.4
1.1.4.24501.5.1.2.1.5
1.1.4.24564.15.2.10.2.23
1.1.4.24666.20
1.1.4.24693.16.2.8.1
1.1.4.24721.5.1.3.3.20.4
1.1.4.24931.10.1.9
1.1.4.24995.5.1
1.1.4.25065.12.1.5.9.20
1.1.4.25082.18.3.12.13
1.1.4.25132.9.1.4
1.1.4.25146.5.1.2.14.11
1.1.4.25277.5.1.4.2.6
1.1.4.25297.8.1.8
1.1.4.25320.12.1.10.9
1.1.4.25348.5.1.3
1.1.4.25475.63.3.24
1.1.4.25531.5.1.12
1.1.4.25541.14.2
1.1.4.25608.9.4.8.3
1.1.4.25616.5.1.5.1.1.1
1.1.4.25686.18.2.16.9
1.1.4.25711.31.3
1.1.4.25775.14.4
1.1.4.25794.11.1.5
1.1.4.25935.19.2.9.1
1.1.4.25942.11.1.9
1.1.4.25979.5.1.4
1.1.4.25985.31.1.22.7
1.1.4.26026.20.1.9
1.1.4.26063.15.1.18.3
1.1.4.26099.5.1.7.3
1.1.4.26132.27.1.12.13.9.4
1.1.4.26152.5.1.20.1.7.1.11
1.1.4.26164.5.1
1.1.4.26203.5.1.2.1.5.5
1.1.4.26337.13.2.8.9
1.1.4.26357.8.2.8.3.7
1.1.4.26362.14.2.10.1.16.4
1.1.4.26580.27.3.5
1.1.4.26596.13.3.6.3
1.1.4.26647.8.1.12.10
1.1.4.26655.18.4.11
1.1.4.26698.5.1.4.1
1.1.4.26757.6
1.1.4.26947.20.1.11
1.1.4.26983.8.1.5.6
1.1.4.27037.5.1.1.1.2.1
1.1.4.27065.16.1
1.1.4.27102.5.1.4.1.1.1
1.1.4.27145.5.1
1.1.4.27154.10.1.7.9.18
1.1.4.27214.5.1.11.8
1.1.4.27350.5.1.2
1.1.4.27358.15.2.7.2.5
1.1.4.27457.5.1.5.2.5.1
1.1.4.27477.8.1.5
1.1.4.27508.5.1.1.1.3
1.1.4.27598.6
1.1.4.27625.5.1.3.1
1.1.4.27668.5.1.1.1
1.1.4.27723.13.1.4.4
1.1.4.27776.5.1.27.2
1.1.4.27820.5.1.13.2.8
1.1.4.27822.5.1.15.4.14.1.12
1.1.4.27874.5.1.11
1.1.4.27889.3
1.1.4.27907.5.1.1.4.1
1.1.4.27987.12
1.1.4.28034.5.1.1
1.1.4.28049.5.1.8.7.10.3.3
1.1.4.28087.30.1.19.10
1.1.4.28129.5.1.1.3
1.1.4.28131.25.4.10.1.1
1.1.4.28194.5.1.19
1.1.4.28229.5.1.1.5.25.5.5
1.1.4.28240.5.1.3.2
1.1.4.28260.8.2.44.10.3
1.1.4.28260.8.2.44.19
1.1.4.28297.25.2.14.8.3
1.1.4.28351.10.1.12
1.1.4.28378.16.2.6
1.1.4.28431.5.1.6.1.3
1.1.4.28447.34.4.4
1.1.4.28502.5.1
1.1.4.28508.12.3.8
1.1.4.28557.18.3.9.5.11
1.1.4.28581.6
1.1.4.28655.5.1.16
1.1.4.28717.5.1.8.4
1.1.4.28889.5.1.12.2.7
1.1.4.29025.10.2.4
1.1.4.29103.14.6.4
1.1.4.29125.5.1.3.18.6.2
1.1.4.29201.37.2
1.1.4.29227.9.1.4.6.1
1.1.4.29364.17.1.9
1.1.4.29501.3
1.1.4.29608.28.2.4
1.1.4.29622.5.1.6.1
1.1.4.29714.5.1.3.1
1.1.4.29725.15.2.12.12.25.2
1.1.4.29742.18.2.24.3.12.2
1.1.4.29951.5.1
1.1.4.29992.5.1.6
1.1.4.30013.5.1.1.1.18.7
1.1.4.30064.15.2.10.2.30
1.1.4.30179.22.1.30.9
1.1.4.30205.5.1.3.3.43.4
1.1.4.30266.48.5.4
1.1.4.30404.24.2
1.1.4.30479.3
1.1.4.30551.18.3.12.13
1.1.4.30603.9.1.4
1.1.4.30617.5.1.2.14.11
1.1.4.30649.13.1.19
1.1.4.30747.5.1.3.3.31
1.1.4.30765.8.1.8
1.1.4.30788.12.1.10.9
1.1.4.30968.5.1.3.3.6.2.2
1.1.4.31017.5.1.12
1.1.4.31027.14.2
1.1.4.31175.5.1.11.1.1
1.1.4.31180.35.1.8
1.1.4.31420.5.1.11.6.18
1.1.4.31433.20.2.5.4
1.1.4.31463.5.1.2.2.5
1.1.4.31470.5.1.3
1.1.4.31508.12.1.13
1.1.4.31521.5.1.2.1.4
1.1.4.31562.5.1.7.3
1.1.4.31595.27.1.12.13.9.4
1.1.4.31612.24.3.31
1.1.4.31625.16.3
1.1.4.31655.5.1.2.1.11.5
1.1.4.31698.25.2.7.1.6
1.1.4.31800.5.1.1.9.6.5.12.2
1.1.4.31805.11.1.4
1.1.4.32000.27.3.5
1.1.4.32004.8.1.4
1.1.4.32065.5.1.8
1.1.4.32095.9.1.5.24
1.1.4.32130.5.1.2.4.10
1.1.4.32200.6
1.1.4.32245.3
1.1.4.32338.22.3.4
1.1.4.32343.5.1
1.1.4.32409.8.1.5.14
1.1.4.32528.5.1.4.1.1.1
1.1.4.32571.5.1
1.1.4.32580.10.1.7.9.18
1.1.4.32749.17.1.12.3.1
1.1.4.32758.10.1.16
1.1.4.32981.6
1.1.4.33053.5.1.1.1
1.1.4.33108.13.1.4.4
1.1.4.33199.5.1.13.2.8
1.1.4.33201.5.1.15.4.14.1.16
1.1.4.33245.5.1.11
1.1.4.33260.3
1.1.4.33278.5.1.1.4.1
1.1.4.33342.9.1.7
1.1.4.33360.12
1.1.4.33401.5.1.5.2
1.1.4.33404.16.4
1.1.4.33430.5.1.1.1.7.2.4
1.1.4.33444.8.1.5
1.1.4.33450.18.1.18.4
1.1.4.33499.16.2.11.4.8.6
1.1.4.33526.5.1.1.3
1.1.4.33528.5.1.1
1.1.4.33570.55.3.35
1.1.4.33613.5.1.1.5.25.5.5
1.1.4.33625.5.1.3.2
1.1.4.33631.11.2.8
1.1.4.33650.8.2.30.10.3
1.1.4.33650.8.2.30.19
1.1.4.33702.25.2.14.8.3
1.1.4.33776.5.1.9.2.7.1.20
1.1.4.33827.5.1.6.1.3
1.1.4.33843.34.4.4
1.1.4.33960.18.3.9.5.11
1.1.4.33984.6
1.1.4.34064.5.1.16
1.1.4.34122.5.1.4.3
1.1.4.34302.5.1.13
1.1.4.34405.5.1
1.1.4.34406.11.2.4.2
1.1.4.34445.10.2.4
1.1.4.34510.5.1
1.1.4.34528.14.6.4
1.1.4.34621.37.2
1.1.4.34635.5.1.1.20.36.3
1.1.4.34647.39.3.16.6.19.11
1.1.4.34669.14
1.1.4.34795.17.1.9
1.1.4.34922.28.2.17
1.1.4.34931.9.1.4.8
1.1.4.34947.5.1.7.11
1.1.4.35044.5.1.11.1
1.1.4.35057.26.2
1.1.4.35122.36.2.13.7.2.1.3
1.1.4.35125.5.1.4.1.2.1.2.79
1.1.4.35140.5.1.7.2
1.1.4.35179.5.1.2
1.1.4.35211.5.1
1.1.4.35251.11
1.1.4.35279.13.2.7.21
1.1.4.35318.17.1.5.4
1.1.4.35392.5.1
1.1.4.35435.5.1.1.3.4.1.10
1.1.4.35455.5.1.1.1.18.7
1.1.4.35502.15.2.10.2.30
1.1.4.35632.5.1.3.3.21.3
1.1.4.35811.5.1.7.7
1.1.4.35840.10.1.9
1.1.4.35928.3
1.1.4.35978.5.1.8.5
1.1.5.36059.9.1.4
1.1.5.36073.5.1.2.14.11
1.1.5.36105.13.1.19
1.1.5.36200.5.1.4.2.6
1.1.5.36231.5.1.2.1.5.1.16
1.1.5.36273.5.1.3
1.1.5.36416.63.3.24
1.1.5.36468.18.1.9.8
1.1.5.36515.49.1.11
1.1.5.36620.5.1.1
1.1.5.36623.5.1.2.1.1
1.1.5.36868.19.2.9.1
1.1.5.36907.5.1.4
1.1.5.36943.17.1.5
1.1.5.36955.15.2.14.1.12.4
1.1.5.36972.12.1.13
1.1.5.36985.5.1.2.1.4
1.1.5.37013.3
1.1.5.37039.5.1.7.3
1.1.5.37072.27.1.12.13.9.4
1.1.5.37092.5.1.20.1.7.1.11
1.1.5.37104.5.1
1.1.5.37139.5.1.2.1.11.5
1.1.5.37182.25.2.7.1.6
1.1.5.37273.13.2.8.9
1.1.5.37290.5.1.1.6.21.2.5.14
1.1.5.37295.11.1.4
1.1.5.37521.5.1.6.2.5.1.12.2
1.1.5.37556.25.1.17.4
1.1.5.37563.5.1.1.12.23
1.1.5.37564.5.1.1.1.3.1.18
1.1.5.37602.8.1.6.4
1.1.5.37668.6
1.1.5.37713.3
1.1.5.37729.9.1.7
1.1.5.37856.20.1.11
1.1.5.37896.5.1.1.1.1
1.1.5.37897.5.1.4.1.7.5.14
1.1.5.37931.22.3.28.18.5.1
1.1.5.37935.5.1.4.4
1.1.5.37991.5.1.2.2.19.6
1.1.5.38014.5.1.4.1.1.1
1.1.5.38057.5.1
1.1.5.38066.10.1.7.9.18
1.1.5.38126.5.1.11.8
1.1.5.38250.17.1.12.3.1
1.1.5.38259.10.1.16
1.1.5.38361.8.1.5
1.1.5.38392.5.1.1.1.3
1.1.5.38489.6
1.1.5.38543.6
1.1.5.38545.13.3.10.5.4.1.10
1.1.5.38545.13.3.11.6.6.1
1.1.5.38554.18.3.20.1.13.2
1.1.5.38587.13.1.4.4
1.1.5.38672.22.2.4.3
1.1.5.38676.15.2.7.7.7
1.1.5.38676.15.2.9.9.18.1.8
1.1.5.38730.5.1.11
1.1.5.38745.3
1.1.5.38772.5.1
1.1.5.38813.3
1.1.5.38823.9.1.7
1.1.5.38902.5.1.1.1.7.2.4
1.1.5.38920.5.1.7.4.23
1.1.5.38979.16.2.11.4.2.6
1.1.5.39006.5.1.1.3
1.1.5.39008.5.1.1
1.1.5.39054.5.1.2.8.30.7
1.1.5.39064.5.1.25
1.1.5.39091.5.1.1.1.3
1.1.5.39104.5.1.1.12.5.2.8
1.1.5.39148.5.1.2
1.1.5.39150.5.1.1.2.2.1
1.1.5.39180.25.2.14.8.3
1.1.5.39234.10.1.12
1.1.5.39257.5.1.9.2.7.1.21
1.1.5.39300.5.1.6.1.3
1.1.5.39316.34.4.4
1.1.5.39346.5.1
1.1.5.39437.18.3.9.5.11
1.1.5.39461.6
1.1.5.39541.5.1.16
1.1.5.39605.3
1.1.5.39637.5.1.1.3
1.1.5.39639.5.1.1.1
1.1.5.39642.5.1.1.1
1.1.5.39698.5.1.8.2.2.3.6
1.1.5.39769.5.1.2.1.3.1.36
1.1.5.39872.5.1
1.1.5.39873.11.2.4.2
1.1.5.39909.10.2.4.1
1.1.5.39990.14.6.4
1.1.5.40012.5.1.3.18.6.2
1.1.5.40091.37.2
1.1.5.40105.5.1.1.20.36.3
1.1.5.40121.5.1.10.2
1.1.5.40142.14
1.1.5.40275.8.1.7
1.1.5.40327.9.1.7
1.1.5.40335.8.2.4
1.1.5.40355.28.2.17
1.1.5.40364.9.1.4.8
1.1.5.40380.5.1.7.11
1.1.5.40468.28.1.10
1.1.5.40491.22.2.7.1.2.2
1.1.5.40571.5.1.3.1
1.1.5.40624.5.1.2
1.1.5.40692.24.2.16.6.8
1.1.5.40811.5.1
1.1.5.40840.13.2.7
1.1.5.40861.21.3.8.2.10
1.1.5.40911.15.2.10.2.30
1.1.5.41006.20
1.1.5.41030.16.2.8.1
1.1.5.41097.31.5.4
1.1.5.41232.10.1.9
1.1.5.41260.5.1
1.1.5.41297.17.4.4.1
1.1.5.41346.5.1.8.5
1.1.5.41374.9.2.4.17.14
1.1.5.41435.17.3.7
1.1.5.41464.13.1.19
1.1.5.41564.5.1.3.3.31
1.1.5.41582.8.1.8
1.1.5.41605.12.1.10.9
1.1.5.41771.63.2.13
1.1.5.41821.5.1.12
1.1.5.41831.14.2
1.1.5.41962.13.2.13.1.7
1.1.5.41968.35.1.8
1.1.5.42060.14.4
1.1.5.42074.21.3.21.7
1.1.5.42169.6
1.1.5.42205.5.1.1.2.11
1.1.5.42251.5.1.2.2.5
1.1.5.42258.5.1.3
1.1.5.42296.12.1.13
1.1.5.42309.5.1.2.1.4
1.1.5.42347.5.1.7.3
1.1.5.42397.11.1.8.2
1.1.5.42441.5.1.2.1.11.5
1.1.5.42592.11.1.4
1.1.5.42816.27.3.5
1.1.5.42832.13.3.6.3
1.1.5.42867.5.1.8
1.1.5.42897.9.1.5.24
1.1.5.42932.5.1.2.4.10
1.1.5.43058.5.1.7.4
1.1.5.43210.8.1.5.14
1.1.5.43242.22.3.28.18.5.1
1.1.5.43246.5.1.4.4
1.1.5.43290.16.1
1.1.5.43314.12.1.4
1.1.5.43366.5.1
1.1.5.43375.10.1.7.9.18
1.1.5.43431.5.1.11.8
1.1.5.43552.17.1.12.3.1
1.1.5.43807.6
1.1.5.43834.5.1.3.1
1.1.5.43878.5.1.1.1
1.1.5.43931.13.1.4.4
1.1.5.43976.12
1.1.5.44001.5.1.17.9
1.1.5.44038.5.1.13.2.8
1.1.5.44040.5.1.15.4.14.1.14
1.1.5.44091.5.1.11
1.1.5.44106.3
1.1.5.44124.5.1.1.4.1
1.1.5.44204.12
1.1.5.44251.5.1.1
1.1.5.44306.30.1.19.10
1.1.5.44348.5.1.1
1.1.5.44433.5.1.1.1.3
1.1.5.44446.5.1.1.12.5.2.8
1.1.5.44489.8.1.57.4
1.1.5.44533.5.1.12
1.1.5.44595.19.3.4.4
1.1.5.44646.5.1.6.1.3
1.1.5.44706.5.1
1.1.5.44712.12.3.8
1.1.5.44753.5.1.6.5.2.6.12
1.1.5.44774.6
1.1.5.44889.5.1.2.1.1.1
1.1.5.44903.5.1.8.4
1.1.5.45012.5.1.8.2.2.3.6
1.1.5.45081.5.1.4.1.3
1.1.5.45190.5.1
1.1.5.45191.11.2.4.2
1.1.5.45230.10.2.4.1
1.1.5.45310.14.6.4
1.1.5.45326.5.1.3.3.4.7
1.1.5.45404.37.2
1.1.5.45418.5.1.1.20.36.3
1.1.5.45434.5.1.10.2
1.1.5.45455.14
1.1.5.45696.3
1.1.5.45804.28.1.10
1.1.5.45824.26.2
1.1.5.45890.36.2.13.7.2.1.3
1.1.5.45893.5.1.4.1.2.1.2.28
1.1.5.45907.25.2
1.1.5.46012.24.2.16.6.8
1.1.5.46132.5.1
1.1.5.46161.22.2.26.33.28
1.1.5.46183.21.3.8.2.10
1.1.5.46206.5.1.1.6
1.1.5.46229.24.2.18
1.1.5.46337.22.1.30.9
1.1.5.46363.5.1.3.3.43.4
1.1.5.46593.5.1
1.1.5.46626.17.4.4.1
1.1.5.46676.12.1.5.9.20
1.1.5.46693.18.3.12.13
1.1.5.46758.17.3.7
1.1.5.46787.13.1.19
1.1.5.46892.5.1.1.10.6.1.7
1.1.5.46892.5.1.3.12.15
1.1.5.46913.17.1.6.10
1.1.5.46936.12.1.10.9
1.1.5.47105.63.2.13
1.1.5.47152.5.1.12
1.1.5.47165.11.1.4
1.1.5.47203.49.1.11
1.1.5.47230.9.4.8.3
1.1.5.47238.5.1.5.1.1.1
1.1.5.47305.5.1.9.3.11
1.1.5.47311.19.2.9.2
1.1.5.47559.19.2.9.1
1.1.5.47570.33.2.13.6
1.1.5.47597.5.1.2.2.5
1.1.5.47604.5.1.3
1.1.5.47642.12.1.13
1.1.5.47664.3
1.1.5.47707.5.1.7.3
1.1.5.47740.27.1.12.13.9.4
1.1.5.47760.5.1.20.1.7.1.11
1.1.5.47772.5.1
1.1.5.47804.5.1.1
1.1.5.47851.13.2.8.12.11.2.9
1.1.5.47941.13.2.8.9
1.1.5.47958.5.1.1.6.21.2.5.8
1.1.5.47963.11.1.4
1.1.5.48151.15.2.5
1.1.5.48162.5.1.28.1.2.6.32.7
1.1.5.48196.25.1.17.4
1.1.5.48210.5.1.1
1.1.5.48249.5.1.2.4.10
1.1.5.48319.6
1.1.5.48392.8.1.7
1.1.5.48547.8.1.5.14
1.1.5.48649.6
1.1.5.48663.5.1.4.1.1.1
1.1.5.48706.5.1
1.1.5.48715.10.1.7.9.18
1.1.5.48733.18.6.9.5
1.1.5.48777.5.1.11.8
1.1.5.48911.5.1.2
1.1.5.48919.15.2.7.2.5
1.1.5.48939.3
1.1.5.49163.6
1.1.5.49190.5.1.3.1
1.1.5.49226.6
1.1.5.49228.13.3.10.5.4.1.10
1.1.5.49228.13.3.11.6.6.1
1.1.5.49237.18.3.20.1.13.2
1.1.5.49270.13.1.4.4
1.1.5.49311.12
1.1.5.49363.5.1.13.2.8
1.1.5.49365.5.1.15.4.14.1.13
1.1.5.49437.3
1.1.5.49464.5.1
1.1.5.49479.24
1.1.5.49542.12
1.1.5.49589.5.1.1
1.1.5.49644.30.1.19.10
1.1.5.49686.5.1.1.3
1.1.5.49688.5.1.1
1.1.5.49746.5.1.19
1.1.5.49774.5.1.12
1.1.5.49790.13.4.7
1.1.5.49791.25.1.4
1.1.5.49833.5.1.2
1.1.5.49835.5.1.1.2.2.1
1.1.5.49863.5.1.1
1.1.5.49919.10.1.12
1.1.5.49941.19.3.4.4
1.1.5.49991.5.1.3.1.3
1.1.5.50016.16.2.5.13
1.1.5.50131.18.3.9.5.11
1.1.5.50155.6
1.1.5.50235.5.1.16
1.1.5.50293.5.1.4.3
1.1.5.50557.5.1
1.1.5.50558.11.2.4.2
1.1.5.50676.14.6.4
1.1.5.50691.5.1.3.16.5.2
1.1.5.50771.37.2
1.1.5.50785.5.1.1.20.36.3
1.1.5.50801.5.1.10.2
1.1.5.50821.14
1.1.5.51067.3
1.1.5.51189.5.1.6.1
1.1.5.51202.26.2
1.1.5.51270.5.1.3.1
1.1.5.51281.15.2.12.12.25.2
1.1.5.51298.18.2.24.3.12.2
1.1.5.51378.19.1.13.14
1.1.5.51384.5.1
1.1.5.51449.17.1.5.4
1.1.5.51591.5.1.1.6
1.1.5.51614.24.2.18
1.1.5.51720.20
1.1.5.51744.16.2.8.1
1.1.5.51813.5.1
1.1.5.51888.29.4.23
1.1.5.51949.10.1.9
1.1.5.51979.5.1
1.1.5.52016.17.4.4.1
1.1.5.52066.5.1.8.5
1.1.5.52099.14.2.16.1
1.1.5.52153.9.1.4
1.1.5.52167.5.1.2.14.11
1.1.5.52183.6
1.1.5.52198.24.1.4.3.4
1.1.5.52203.13.1.20
1.1.5.52313.5.1.1.10.6.1.7
1.1.5.52313.5.1.3.12.15
1.1.5.52331.8.1.8
1.1.5.52354.12.1.10.9
1.1.5.52557.5.1
1.1.5.52581.36.1.20.16
1.1.5.52595.11.1.4
1.1.5.52636.53.1.11
1.1.5.52744.5.1.19
1.1.5.52745.5.1.3.3.13
1.1.5.52752.5.1.5.5
1.1.5.52843.14.4
1.1.5.52857.21.3.21.7
1.1.5.52988.19.2.9.1
1.1.5.53027.5.1.2.2.5
1.1.5.53034.5.1.3
1.1.5.53072.12.1.13
1.1.5.53085.5.1.2.1.4
1.1.5.53124.5.1.7.3
1.1.5.53157.27.1.12.13.9.4
1.1.5.53185.5.1.27.1.7.1.13
1.1.5.53197.5.1
1.1.5.53230.5.1.2.1.11.5
1.1.5.53273.25.2.7.1.6
1.1.5.53361.13.2.8.9
1.1.5.53378.5.1.1.6.21.2.5.16
1.1.5.53383.11.1.4
1.1.5.53604.5.1.1.1.4.3.4.2
1.1.5.53669.9.1.5.24
1.1.5.53704.5.1.2.4.10
1.1.5.53764.6
1.1.5.53809.3
1.1.5.53826.8.1.7
1.1.5.53917.22.3.4
1.1.5.53922.5.1
1.1.5.54000.8.1.5.14
1.1.5.54083.16.1
1.1.5.54112.6
1.1.5.54126.5.1.4.1.1.1
1.1.5.54163.5.1
1.1.5.54172.10.1.7.9.18
1.1.5.54232.5.1.11.8
1.1.5.54366.5.1.2
1.1.5.54374.15.2.7.2.5
1.1.5.54394.3
1.1.5.54491.8.1.5
1.1.5.54522.5.1.1.1.3
1.1.5.54612.6
1.1.5.54639.5.1.3.1
1.1.5.54737.13.1.4.4
1.1.5.54782.12
1.1.5.54837.5.1.13.2.8
1.1.5.54839.5.1.15.4.14.1.16
1.1.5.54891.5.1.11
1.1.5.54906.3
1.1.5.54933.5.1
1.1.5.54948.24
1.1.5.54983.3
1.1.5.54993.9.1.7
1.1.5.55044.5.1.5.2
1.1.5.55071.5.1.8
1.1.5.55081.8.1.6
1.1.5.55087.18.1.18.4
1.1.5.55136.16.2.11.4.8.6
1.1.5.55163.5.1.1.3
1.1.5.55165.5.1.1
1.1.5.55211.5.1.2.8.30.7
1.1.5.55221.5.1.25
1.1.5.55256.5.1.1.5.26.5.5
1.1.5.55267.5.1.3.2
1.1.5.55289.8.2.30.10.3
1.1.5.55289.8.2.30.19
1.1.5.55322.5.1.1
1.1.5.55398.5.1.9.2.7.1.20
1.1.5.55441.5.1.6.1.3
1.1.5.55457.34.4.4
1.1.5.55465.5.1.11.1
1.1.5.55508.5.1
1.1.5.55564.18.3.9.5.11
1.1.5.55588.6
1.1.5.55671.5.1.16
1.1.5.55735.3
1.1.5.55767.5.1.1.3
1.1.5.55769.5.1.1.1
1.1.5.55772.5.1.1.1
1.1.5.55828.5.1.8.2.2.3.6
1.1.5.55897.5.1.3.8.8
1.1.5.55996.5.1
1.1.5.55997.11.2.4.2
1.1.5.56145.5.1.3.18.6.2
1.1.5.56222.37.2
1.1.5.56236.5.1.1.20.36.3
1.1.5.56248.39.3.16.6.19.11
1.1.5.56270.14
1.1.5.56353.5.1.8.1.1
1.1.5.56479.11.1.4
1.1.5.56520.5.1.2.7.14.2.11
1.1.5.56625.28.1.10
1.1.5.56652.26.2
1.1.5.56718.36.2.13.7.2.1.3
1.1.5.56721.5.1.4.1.2.1.2.32
1.1.5.56735.25.2
1.1.5.56800.5.1
1.1.5.56841.11
1.1.5.56869.13.2.7.21
1.1.5.56919.33.2
1.1.5.56925.11.1.36
1.1.5.56927.39.2.24.24
1.1.5.56931.14.1.43
1.1.5.56989.5.1
1.1.5.57033.10.3.4.10
1.1.5.57045.11
1.1.5.57094.15.2.10.2.23
1.1.5.57140.5.1.1.1
1.1.5.57210.16.2.8.1
1.1.5.57277.31.5.4
1.1.5.57347.29.4.23
1.1.5.57384.5.1.7.7
1.1.5.57406.10.1.9
1.1.5.57436.5.1
1.1.5.57473.17.4.4.1
1.1.5.57523.12.1.5.9.20
1.1.5.57540.18.3.12.13
1.1.5.57602.17.3.7
1.1.5.57701.42
1.1.5.57726.5.1.4.2.6
1.1.5.57750.8.1.8
1.1.5.57755.5.1.2.2.36.1.25
1.1.5.57921.63.3.24
1.1.5.57974.5.1.1.5.17
1.1.5.57992.11.1.4
1.1.5.58135.13.1.16
1.1.5.58392.5.1.11
1.1.5.58396.11.1.9
1.1.5.58426.5.1.2.2.5
1.1.5.58432.17.2.31.6
1.1.5.58493.5.1.2.1.4
1.1.5.58501.5.1.1.2
1.1.5.58537.16.2.6.5
1.1.5.58605.14.1.12.4
1.1.5.58616.5.1
1.1.5.58635.13.4
1.1.5.58779.13.2.8.9
1.1.5.58796.5.1.1.6.21.2.5.19
1.1.5.58801.11.1.4
1.1.5.59027.5.1.6.2.5.1.12.2
1.1.5.59069.5.1.1.12.23
1.1.5.59070.5.1.1.1.3.1.18
1.1.5.59108.8.1.6.4
1.1.5.59324.22.3.4
1.1.5.59329.5.1
1.1.5.59373.20.1.11
1.1.5.59413.5.1.1.1.1
1.1.5.59414.5.1.4.1.7.3.16
1.1.5.59495.16.1
1.1.5.59532.5.1.4.1.1.1
1.1.5.59632.5.1.11.8
1.1.5.59760.17.1.12.3.1
1.1.5.59769.10.1.16
1.1.5.59855.5.1.7.2.42.14
1.1.5.59875.8.1.5
1.1.5.59906.5.1.1.1.3
1.1.5.60001.6
1.1.5.60028.5.1.3.1
1.1.5.60064.6
1.1.5.60066.13.3.10.5.4.1.10
1.1.5.60066.13.3.11.6.6.1
1.1.5.60075.18.3.20.1.13.2
1.1.5.60108.13.1.4.4
1.1.5.60199.22.2.4.3
1.1.5.60203.5.1.15.3.15
1.1.5.60203.5.1.17.5.26.1.8
1.1.5.60239.19.1.14.10
1.1.5.60259.3
1.1.5.60277.5.1.11
1.1.5.60363.12
1.1.5.60410.5.1.1
1.1.5.60465.30.1.19.10
1.1.5.60507.5.1.1.3
1.1.5.60509.5.1.1
1.1.5.60601.5.1.1.5.25.5.5
1.1.5.60612.14.1.4.7.2
1.1.5.60620.9.2.30
1.1.5.60647.11.3.8.2
1.1.5.60683.5.1.1
1.1.5.60748.5.1.9.2.7.1.14
1.1.5.60799.5.1.2.1.2
1.1.5.60845.5.1
1.1.5.60872.5.1
1.1.5.60878.12.3.8
1.1.5.60926.18.3.9.5.11
1.1.5.60950.6
1.1.5.61025.5.1.16
1.1.5.61090.5.1.8.4
1.1.5.61199.5.1.8.2.2.3.6
1.1.5.61268.5.1.4.4.10
1.1.5.61368.5.1
1.1.5.61369.11.2.4.2
1.1.5.61517.5.1.3.18.6.2
1.1.5.61595.37.2
1.1.5.61609.5.1.1.20.36.3
1.1.5.61625.5.1.10.2
1.1.5.61646.14
1.1.5.61770.17.1.9
1.1.5.61885.28.2.17
1.1.5.61894.9.1.4.8
1.1.5.61910.5.1.7.11
1.1.5.62001.28.1.10
1.1.5.62024.22.2.7.1.2.2
1.1.5.62106.5.1.3.1
1.1.5.62135.18.2.24.3.12.2
1.1.5.62214.19.1.13.14
1.1.5.62238.13.2.7.21
1.1.5.62350.5.1
1.1.5.62379.13.2.7
1.1.5.62400.5.1.1.1.18.7
1.1.5.62420.5.1.1.6
1.1.5.62443.24.2.18
1.1.5.62540.20
1.1.5.62561.16.2.8.1
1.1.5.62628.31.5.4
1.1.5.62772.24.2
1.1.5.62785.41.2
1.1.5.62802.5.1
1.1.5.62835.17.4.4.1
1.1.5.62959.9.1.4
1.1.5.62973.5.1.2.14.11
1.1.5.63106.5.1.4.2.6
1.1.5.63130.8.1.8
1.1.5.63137.5.1.2
1.1.5.63320.5.1.3.3.6.2.2
1.1.5.63369.5.1.12
1.1.5.63379.14.2
1.1.5.63448.9.1.7
1.1.5.63519.5.1.9.3.11
1.1.5.63524.19.2.10.2
1.1.5.63620.14.4
1.1.5.63634.21.3.21.7
1.1.5.63730.6
1.1.5.63763.11.5.4.1
1.1.5.63812.5.1.4
1.1.5.63818.31.1.22.7
1.1.5.63854.20.1.9
1.1.5.63933.5.1.7.3
1.1.5.63966.27.1.12.13.9.4
1.1.5.63983.24.3.31
1.1.5.63996.16.3
1.1.5.64073.25.2.7.1.6
1.1.5.64161.8.2.8.3.9
1.1.5.64166.14.2.10.1.18.3
1.1.5.64186.3
1.1.5.64391.27.3.5
1.1.5.64395.8.1.4
1.1.5.64443.5.1.8
1.1.5.64473.9.1.5.24
1.1.5.64508.5.1.2.4.10
1.1.5.64570.6
1.1.5.64712.22.3.4
1.1.5.64717.5.1
1.1.5.64789.8.1.5.6
1.1.5.64896.14.3
1.1.5.64951.5.1
1.1.5.64960.10.1.7.9.18
1.1.5.65018.5.1.11.8
1.1.5.65153.10.1.16
1.1.5.65254.8.1.5
1.1.5.65285.5.1.1.1.3
1.1.5.65374.6
1.1.5.65401.5.1.3.1
1.1.5.65445.5.1.1.1
1.1.5.65500.13.1.4.4
1.1.5.65553.5.1.27.2
1.1.5.65589.22.2.4.3
1.1.5.65593.15.2.7.7.7
1.1.5.65593.15.2.9.9.18.1.8
1.1.5.65647.5.1.11
1.1.5.65662.3
1.1.5.65680.5.1.1.4.1
1.1.5.65692.24
1.1.5.65718.3
1.1.5.65728.9.1.7
1.1.5.65779.5.1.5.2
1.1.5.65806.5.1.8
1.1.5.65820.5.1.7.4.22
1.1.5.65879.16.2.11.4.2.6
1.1.5.65906.5.1.1.3
1.1.5.65908.5.1.1
1.1.5.65954.5.1.2.8.30.7
1.1.5.65968.5.1.3.2.24
1.1.5.65989.13.2.6.1.65.10.31
1.1.5.66004.5.1.1.11.5.2.47
1.1.5.66028.16.2.8.3
1.1.5.66050.8.2.30.10.3
1.1.5.66050.8.2.30.19
1.1.5.66100.25.2.14.8.7
1.1.5.66155.10.1.12
1.1.5.66182.16.2.6
1.1.5.66247.34.4.4
1.1.5.66281.5.1
1.1.5.66375.18.3.9.5.11
1.1.5.66399.6
1.1.5.66476.5.1.16
1.1.5.66518.5.1.2.1.1.1
1.1.5.66532.5.1.8.4
1.1.5.66641.5.1.8.2.2.3.6
1.1.5.66708.14.1.5.5
1.1.5.66860.10.2.4.1
1.1.5.66938.14.6.4
1.1.5.66953.5.1.3.16.5.2
1.1.5.67030.37.2
1.1.5.67044.5.1.1.20.36.3
1.1.5.67056.39.3.16.6.19.11
1.1.5.67078.14
1.1.5.67203.17.1.9
1.1.5.67318.43
1.1.5.67327.9.1.4.8
1.1.5.67343.5.1.7.11
1.1.5.67433.28.1.10
1.1.5.67456.22.2.7.1.2.2
1.1.5.67543.5.1.3.1
1.1.5.67572.18.2.24.3.12.2
1.1.5.67607.5.1
1.1.5.67648.11
1.1.5.67676.13.2.7.21
1.1.5.67824.5.1.1.3.4.1.7
1.1.5.67844.5.1.1.1.18.7
1.1.5.67892.24.2.18
1.1.5.67926.5.1.1.1
1.1.5.67986.20
1.1.5.68007.16.2.8.1
1.1.5.68085.48.5.4
1.1.5.68155.29.4.23
1.1.5.68226.10.1.9
1.1.5.68240.5.1
1.1.5.68307.33.4.4.1
1.1.5.68385.9.2.4.17.14
1.1.5.68446.17.3.7
1.1.5.68580.5.1.1.10.6.1.7
1.1.5.68580.5.1.3.12.15
1.1.5.68605.5.1.2.1.5.1.9
1.1.5.68782.63.3.24
1.1.5.68837.5.1.12
1.1.5.68851.3
1.1.5.68916.9.4.8.3
1.1.5.68924.5.1.5.1.1.1
1.1.5.68970.5.1.5.5
1.1.5.68983.5.1.3
1.1.5.68985.5.1.4.1.3
1.1.5.68990.19.2.9.2
1.1.5.69085.14.4
1.1.5.69104.11.1.5
1.1.5.69246.19.2.9.1
1.1.5.69285.5.1.2.2.5
1.1.5.69292.5.1.3
1.1.5.69330.12.1.13
1.1.5.69382.5.1.7.3
1.1.5.69432.11.1.8.2
1.1.5.69521.25.2.7.1.6
1.1.5.69609.13.2.8.9
1.1.5.69626.5.1.1.6.21.2.5.46
1.1.5.69631.11.1.4
1.1.5.69788.5.1.1.1.2.6
1.1.5.69840.27.3.5
1.1.5.69856.13.3.6.3
1.1.5.69891.5.1.8
1.1.5.69907.8.1.12.10
1.1.5.69915.18.4.11
1.1.5.69958.5.1.4.1
1.1.5.70017.6
1.1.5.70161.15.3.25.8.10.1
1.1.5.70202.20.1.11
1.1.5.70242.5.1.1.1.1
1.1.5.70243.5.1.4.1.7.3.16
1.1.5.70279.22.3.28.18.5.1
1.1.5.70283.5.1.4.4
1.1.5.70351.14.3
1.1.5.70405.5.1
1.1.5.70414.10.1.7.9.18
1.1.5.70474.5.1.11.8
1.1.5.70600.17.1.12.3.1
1.1.5.70609.10.1.16
1.1.5.70711.8.1.5
1.1.5.70840.6
1.1.5.70867.5.1.3.1
1.1.5.70925.18.3.13.1.6.2
1.1.5.70958.13.1.4.4
1.1.5.71003.12
1.1.5.71055.5.1.13.2.8
1.1.5.71057.5.1.15.4.14.1.13
1.1.5.71122.3
1.1.5.71140.5.1.11
1.1.5.71145.5.1
1.1.5.71203.9.1.7
1.1.5.71281.5.1.1
1.1.5.71336.30.1.19.10
1.1.5.71378.5.1.1.3
1.1.5.71380.5.1.1
1.1.5.71472.29.3.6.1.2.6.19
1.1.5.71485.5.1.3.2
1.1.5.71491.11.2.8
1.1.5.71510.8.2.30.10.3
1.1.5.71510.8.2.30.19
1.1.5.71566.5.1.12
1.1.5.71628.19.3.4.4
1.1.5.71678.5.1.3.1.3
1.1.5.71703.16.2.5.13
1.1.5.71751.5.1
1.1.5.71807.18.3.9.5.11
1.1.5.71902.5.1.16
1.1.5.71955.5.1.8.4
1.1.5.72064.5.1.8.2.2.3.6
1.1.5.72133.5.1.4.4.4.7.35
1.1.5.72347.14.6.4
1.1.5.72363.5.1.3.3.4.7
1.1.5.72440.37.2
1.1.5.72454.5.1.1.20.36.3
1.1.5.72466.39.3.16.6.19.11
1.1.5.72486.14
1.1.5.72732.3
1.1.5.72842.28.1.10
1.1.5.72949.36.2.13.7.2.1.3
1.1.5.72952.5.1.4.1.2.1.2.13
1.1.5.72967.5.1.7.2
1.1.5.73006.5.1.2
1.1.5.73150.17.1.5.4
1.1.5.73224.5.1
1.1.5.73254.10.3.4.8
1.1.5.73285.5.1.1.1
1.1.5.73322.24.2.18
1.1.5.73414.20
1.1.5.73436.16.2.8.1
1.1.5.73503.31.5.4
1.1.5.73575.29.4.23
1.1.5.73641.10.1.9
1.1.5.73664.5.1
1.1.5.73708.17.4.4.1
1.1.5.73845.17.3.7
1.1.5.73874.13.1.19
1.1.5.73980.5.1.1.10.6.1.7
1.1.5.73980.5.1.3.12.15
1.1.5.74005.5.1.2.1.5.1.9
1.1.5.74199.63.3.24
1.1.5.74251.5.1.12
1.1.5.74265.3
1.1.5.74305.49.1.11
1.1.5.74332.9.1.7
1.1.5.74396.5.1.9.3.11
1.1.5.74645.19.2.9.1
1.1.5.74652.11.1.9
1.1.5.74682.5.1.2.2.5
1.1.5.74689.5.1.3
1.1.5.74789.5.1.7.3
1.1.5.74822.27.1.12.13.9.4
1.1.5.74842.5.1.20.1.7.1.11
1.1.5.74868.13.4
1.1.5.75019.13.2.8.9
1.1.5.75036.5.1.1.6.21.2.5.17
1.1.5.75058.3
1.1.5.75268.5.1.6.2.5.1.12.2
1.1.5.75310.5.1.1.12.23
1.1.5.75311.5.1.1.1.3.1.18
1.1.5.75350.5.1.2.4.10
1.1.5.75648.8.1.5.14
1.1.5.75680.22.3.28.18.5.1
1.1.5.75684.5.1.4.4
1.1.5.75731.16.1
1.1.5.75754.30.2.4
1.1.5.75801.5.1
1.1.5.75810.10.1.7.9.18
1.1.5.75866.5.1.11.8
1.1.5.75990.17.1.12.3.1
1.1.5.76008.5.1.2.2
1.1.5.76062.5.1.7.3.8
1.1.5.76083.17.1.4
1.1.5.76098.8.1.6
1.1.5.76129.5.1.1.1.3
1.1.5.76227.6
1.1.5.76254.5.1.3.1
1.1.5.76290.6
1.1.5.76292.13.3.10.5.4.1.10
1.1.5.76292.13.3.11.6.6.1
1.1.5.76303.18.3.20.1.22.2
1.1.5.76336.13.1.4.4
1.1.5.76389.5.1.27.2
1.1.5.76422.22.2.4.3
1.1.5.76426.15.2.7.7.9
1.1.5.76426.15.2.9.9.20.1.9
1.1.5.76480.5.1.11
1.1.5.76495.3
1.1.5.76513.5.1.11
1.1.5.76518.5.1
1.1.5.76576.9.1.7
1.1.5.76627.5.1.5.2
1.1.5.76654.5.1.8
1.1.5.76664.8.1.5
1.1.5.76670.18.1.18.4
1.1.5.76719.16.2.11.4.8.6
1.1.5.76746.5.1.1.3
1.1.5.76748.5.1.1
1.1.5.76806.5.1.19
1.1.5.76830.5.1.1.1.3
1.1.5.76843.5.1.1.12.5.2.23
1.1.5.76855.5.1.12.9.4.1.47.35
1.1.5.76884.5.1.2
1.1.5.76933.25.2.14.8.3
1.1.5.76987.10.1.12
1.1.5.77014.16.2.6
1.1.5.77069.5.1.6.1.3
1.1.5.77085.34.4.4
1.1.5.77201.18.3.9.5.11
1.1.5.77225.6
1.1.5.77302.5.1.16
1.1.5.77360.5.1.4.3
1.1.5.77469.5.1.8.2.2.3.6
1.1.5.77536.14.1.5.6
1.1.5.77665.10.2.4.1
1.1.5.77745.14.6.4
1.1.5.77839.37.2
1.1.5.77853.5.1.1.20.36.3
1.1.5.77865.39.3.16.6.19.11
1.1.5.77887.14
1.1.5.77993.17.1.9
1.1.5.78112.9.1.8
1.1.5.78128.5.1.22
1.1.5.78143.5.1.7.11
1.1.5.78244.5.1
1.1.5.78266.22.2.7.1.2.2
1.1.5.78339.36.2.13.7.2.1.3
1.1.5.78342.5.1.4.1.2.1.2.12
1.1.5.78395.5.1.2
1.1.5.78424.5.1
1.1.5.78465.19.1.13.14
1.1.5.78489.13.2.7.21
1.1.5.78528.17.1.5.4
1.1.5.78595.5.1
1.1.5.78638.5.1.1.3.4.1.17
1.1.5.78658.21.3.8.2.10
1.1.5.78708.15.2.10.2.30
1.1.5.78810.20
1.1.5.78834.16.2.8.1
1.1.5.78862.5.1.3.3.20.4
1.1.5.79001.29.4.23
1.1.5.79032.3
1.1.5.79034.28.1.4
1.1.5.79064.10.1.9
1.1.5.79138.17.4.4.1
1.1.5.79194.12.1.5.9.20
1.1.5.79211.18.3.12.13
1.1.5.79276.17.3.7
1.1.5.79305.13.1.19
1.1.5.79401.5.1.3.3.22
1.1.5.79420.12.2.4.1
1.1.5.79443.12.1.10.9
1.1.5.79617.63.2.13
1.1.5.79667.5.1.12
1.1.5.79680.11.1.4
1.1.5.79718.49.1.11
1.1.5.79743.9.1.4
1.1.5.79820.13.2.13.1.7
1.1.5.79826.35.1.8
1.1.5.80040.8.1.29.2
1.1.5.80074.23.1.14.4
1.1.5.80084.33.2.14.4
1.1.5.80111.5.1.4
1.1.5.80147.17.1.5
1.1.5.80157.20.1.9
1.1.5.80222.3
1.1.5.80315.5.1.26.1.7.1.15
1.1.5.80360.5.1.2.1.5.5
1.1.5.80403.25.2.7.1.6
1.1.5.80491.13.2.8.9
1.1.5.80508.5.1.1.6.21.2.5.12
1.1.5.80513.11.1.4
1.1.5.80737.5.1.6.2.5.1.12.2
1.1.5.80779.5.1.1.12.23
1.1.5.80780.5.1.1.1.3.1.18
1.1.5.80819.5.1.2.4.10
1.1.5.80869.5.1.1.1
1.1.5.80918.3
1.1.5.81008.22.3.4
1.1.5.81013.5.1
1.1.5.81079.8.1.5.14
1.1.5.81111.22.3.28.18.5.1
1.1.5.81115.5.1.4.4
1.1.5.81145.13.2.18.2.6.1
1.1.5.81184.6
1.1.5.81198.5.1.4.1.1.1
1.1.5.81241.5.1
1.1.5.81250.10.1.7.9.18
1.1.5.81313.5.1.11.8
1.1.5.81442.17.1.12.3.1
1.1.5.81458.10.3.8
1.1.5.81461.3
1.1.5.81515.8.1.4.2
1.1.5.81522.20.1.9
1.1.5.81532.5.1
1.1.5.81551.8.1.5
1.1.5.81582.5.1.1.1.3
1.1.5.81673.6
1.1.5.81700.5.1.3.1
1.1.5.81736.6
1.1.5.81738.13.3.10.5.4.1.10
1.1.5.81738.13.3.11.6.6.1
1.1.5.81749.18.3.20.1.22.2
1.1.5.81782.13.1.4.4
1.1.5.81880.5.1.13.2.8
1.1.5.81882.5.1.15.4.14.1.12
1.1.5.81947.3
1.1.5.82019.3
1.1.5.82029.9.1.7
1.1.5.82109.5.1.1
1.1.5.82164.30.1.19.10
1.1.5.82209.5.1.2.1.1
1.1.5.82256.5.1.2.8.30.7
1.1.5.82266.5.1.25
1.1.5.82290.5.1.1.1.3
1.1.5.82303.5.1.1.12.5.2.8
1.1.5.82327.16.2.8.3
1.1.5.82347.11.2.8.3.20
1.1.5.82349.5.1.1
1.1.5.82392.5.1.1
1.1.5.82458.5.1.9.2.7.1.14
1.1.5.82509.5.1.6.1.3
1.1.5.82525.34.4.4
1.1.5.82573.5.1
1.1.5.82630.18.3.9.5.11
1.1.5.82654.6
1.1.5.82740.22.1.12.2
1.1.5.82954.5.1.4.4.10
1.1.5.83059.5.1
1.1.5.83060.11.2.4.2
1.1.5.83165.5.1
1.1.5.83199.23.2.16.8.3.2
1.1.5.83202.17.2.8.17
1.1.5.83276.37.2
1.1.5.83286.13.4.4.2.37
1.1.5.83303.9.1.4.6.1
1.1.5.83398.5.1.8.1.1
1.1.5.83554.9.1.13
1.1.5.83570.5.1.22
1.1.5.83585.5.1.7.11
1.1.5.83675.28.1.10
1.1.5.83698.22.2.7.1.2.2
1.1.5.83783.5.1.3.1
1.1.5.83836.5.1.2
1.1.5.83907.24.2.16.6.8
1.1.5.83975.33.2
1.1.5.83981.11.1.36
1.1.5.83983.39.2.24.24
1.1.5.84048.5.1
1.1.5.84076.22.1.38.3
1.1.5.84140.24.2.18
1.1.5.84241.14.2.7.1.1
1.1.5.84309.31.5.4
1.1.5.84456.24.2
1.1.5.84479.5.1
1.1.5.84521.5.1
1.1.5.84584.5.1.8.5
1.1.5.84612.9.2.4.17.14
1.1.5.84673.17.3.7
1.1.5.84702.13.1.19
1.1.5.84800.5.1.1.3.9.4.7
1.1.5.84800.5.1.3.5.18
1.1.5.84825.5.1.2.1.5.1.9
1.1.5.85014.63.2.13
1.1.5.85058.18.1.9.8
1.1.5.85205.22.2.27.3.6.7.13
1.1.5.85295.14.4
1.1.5.85309.21.3.21.7
1.1.5.85439.19.2.9.1
1.1.5.85446.11.1.9
1.1.5.85483.5.1.2.2.5
1.1.5.85490.5.1.3
1.1.5.85511.17.1.5
1.1.5.85521.20.1.9
1.1.5.85558.15.1.18.3
1.1.5.85594.5.1.7.3
1.1.5.85627.27.1.12.13.9.4
1.1.5.85655.5.1.26.1.7.1.16
1.1.5.85681.13.4
1.1.5.85738.25.2.7.1.6
1.1.5.85832.13.2.8.9
1.1.5.85849.5.1.1.6.21.2.5.14
1.1.5.85871.3
1.1.5.86032.5.1.1.1.2.6
1.1.5.86099.5.1.6.2.5.1.12.2
1.1.5.86148.5.1.1
1.1.5.86187.5.1.2.4.10
1.1.5.86398.15.3.25.8.10.1
1.1.5.86476.8.1.5.14
1.1.5.86544.13.2.18.2.6.1
1.1.5.86562.16.1
1.1.5.86603.5.1.4.1.1.1
1.1.5.86657.5.1.13.6
1.1.5.86713.5.1.11.8
1.1.5.86840.17.1.12.3.1
1.1.5.86855.10.3.8
1.1.5.86858.3
1.1.5.86931.5.1.7.2.41.14
1.1.5.86951.8.1.5
1.1.5.86982.5.1.1.1.3
1.1.5.87073.6
1.1.5.87145.5.1.1.1
1.1.5.87198.13.1.4.4
1.1.5.87285.5.1.13.2.8
1.1.5.87287.5.1.15.4.14.1.16
1.1.5.87331.5.1.11
1.1.5.87346.3
1.1.5.87364.5.1.11
1.1.5.87369.5.1
1.1.5.87427.9.1.7
1.1.5.87511.5.1.1
1.1.5.87526.5.1.8.7.10.3.3
1.1.5.87564.30.1.19.10
1.1.5.87610.5.1.1
1.1.5.87661.5.1.2.8.30.7
1.1.5.87671.5.1.25
1.1.5.87706.29.3.6.1.2.6.19
1.1.5.87718.14.1.4.6.1
1.1.5.87726.9.2.30.5
1.1.5.87745.5.1.2
1.1.5.87747.5.1.1.2.2.1
1.1.5.87775.5.1.1
1.1.5.87845.16.2.6
1.1.5.87900.5.1.2.1.2
1.1.5.87965.5.1
1.1.5.88021.18.3.9.5.11
1.1.5.88045.6
1.1.5.88115.5.1.16
1.1.5.88183.5.1.8.4
1.1.5.88292.5.1.8.2.2.3.6
1.1.5.88361.5.1.4.4.10
1.1.5.88557.5.1
1.1.5.88575.14.6.4
1.1.5.88590.5.1.3.16.5.2
1.1.5.88667.37.2
1.1.5.88716.14
1.1.5.88939.5.1.2.2.8.5
1.1.5.88952.9.1.4.13
1.1.5.88968.5.1.7.11
1.1.5.89055.28.2.4
1.1.5.89069.5.1.6.1
1.1.5.89169.5.1.3.1
1.1.5.89198.18.2.24.3.12.2
1.1.5.89233.5.1
1.1.5.89348.17.1.5.4
1.1.5.89457.13.2.7
1.1.5.89478.5.1.1.1.18.7
1.1.5.89525.15.2.10.2.30
1.1.5.89633.14.2.7.1.1
1.1.5.89656.5.1.3.3.22.3
1.1.5.89877.24.2
1.1.5.89907.5.1
1.1.5.89941.17.4.4.1
1.1.5.89990.5.1.8.5
1.1.5.90018.9.2.4.17.14
1.1.5.90079.17.3.7
1.1.5.90204.5.1.3.3.22
1.1.5.90229.5.1.2.1.5.1.20
1.1.5.90271.5.1.3
1.1.5.90405.63.2.13
1.1.5.90455.5.1.12
1.1.5.90465.14.2
1.1.5.90527.9.1.4
1.1.5.90597.13.2.13.1.7
1.1.5.90604.48.1.22
1.1.5.90696.14.4
1.1.5.90710.21.3.21.7
1.1.5.90786.5.1.3.2.4.2
1.1.5.90842.19.2.6.3.6.4.50
1.1.5.90856.5.1
1.1.5.90893.5.1.4
1.1.5.90929.17.1.5
1.1.5.90939.20.1.9
1.1.5.90976.15.1.18.3
1.1.5.91011.5.1.7.3
1.1.5.91044.27.1.12.13.9.4
1.1.5.91064.5.1.20.1.7.1.11
1.1.5.91108.5.1.2.1.11.5
1.1.5.91238.13.2.8.9
1.1.5.91258.8.2.8.3.7
1.1.5.91263.14.2.10.1.16.4
1.1.5.91486.15.2.5
1.1.5.91497.5.1.28.1.2.5.16.14
1.1.5.91547.5.1.8
1.1.5.91577.9.1.5.24
1.1.5.91612.5.1.3.1
1.1.5.91618.5.1.2.4.10
1.1.5.91688.6
1.1.5.91761.8.1.7
1.1.5.91931.8.1.5.14
1.1.5.91999.13.2.18.2.6.1
1.1.5.92041.14.3
1.1.5.92099.5.1.13.6
1.1.5.92149.5.1.11.8
1.1.5.92281.5.1.2
1.1.5.92289.15.2.7.2.5
1.1.5.92309.3
1.1.5.92354.5.1.7.3.8
1.1.5.92379.5.1.5.2.5.1
1.1.5.92399.8.1.5
1.1.5.92541.6
1.1.5.92615.21.5.4
1.1.5.92649.13.1.4.4
1.1.5.92694.12
1.1.5.92744.22.2.4.3
1.1.5.92748.15.2.7.7.9
1.1.5.92748.15.2.9.9.20.1.9
1.1.5.92802.5.1.11
1.1.5.92817.3
1.1.5.92835.5.1.11
1.1.5.92840.5.1
1.1.5.92884.3
1.1.5.92894.9.1.7
1.1.5.92973.5.1.1.1.7.2.4
1.1.5.92987.8.1.5
1.1.5.92993.18.1.18.4
1.1.5.93042.16.2.11.4.8.6
1.1.5.93069.5.1.1.3
1.1.5.93071.5.1.1
1.1.5.93117.5.1.2.8.30.7
1.1.5.93131.5.1.3.2.24
1.1.5.93158.5.1.12
1.1.5.93174.13.4.7
1.1.5.93175.25.1.4
1.1.5.93197.16.2.8.3
1.1.5.93217.11.2.8.3.20
1.1.5.93219.5.1.1
1.1.5.93264.25.2.14.8.3
1.1.5.93318.10.1.12
1.1.5.93345.16.2.6
1.1.5.93396.5.1.3.1.3
1.1.5.93423.9.3.12.9
1.1.5.93452.5.1
1.1.5.93472.5.1.1.5
1.1.5.93530.18.3.9.5.11
1.1.5.93554.6
1.1.5.93632.5.1.16
1.1.5.93696.3
1.1.5.93728.5.1.1.3
1.1.5.93730.5.1.1.1
1.1.5.93733.5.1.1.1
1.1.5.93789.5.1.8.2.2.3.6
1.1.5.93860.5.1.2.1.3.1.36
1.1.5.93966.5.1
1.1.5.93967.11.2.4.2
1.1.5.94084.14.6.4
1.1.5.94099.5.1.3.16.5.2
1.1.5.94175.37.2
1.1.5.94189.5.1.1.20.36.3
1.1.5.94201.39.3.16.6.19.11
1.1.5.94411.9.1.7
1.1.5.94419.8.2.4
1.1.5.94450.3
1.1.5.94665.5.1.3.1
1.1.5.94676.15.2.14.12.25.2
1.1.5.94693.18.2.24.3.12.2
1.1.5.94734.5.1
1.1.5.94774.19.1.13.14
1.1.5.94798.13.2.7.21
1.1.5.94837.17.1.5.4
1.1.5.94944.5.1.1.3.4.1.18
1.1.5.94964.21.3.8.2.10
1.1.5.95014.15.2.10.2.30
1.1.5.95132.22.1.30.9
1.1.5.95197.31.5.4
1.1.5.95308.5.1.7.7
1.1.5.95337.10.1.9
1.1.5.95410.5.1
1.1.5.95473.5.1.8.5
1.1.5.95501.9.2.4.17.14
1.1.5.95565.17.3.7
1.1.5.95692.5.1.3.3.31
1.1.5.95717.5.1.2.1.5.1.20
1.1.5.95928.5.1
1.1.5.95958.16.2.6.1.4
1.1.5.95969.14.2
1.1.5.95998.33.5
1.1.6.39.9.4.8.3
1.1.6.111.13.1.16
1.1.6.363.19.2.9.1
1.1.6.370.11.1.9
1.1.6.407.5.1.2.2.5
1.1.6.414.5.1.3
1.1.6.452.12.1.13
1.1.6.555.14.1.12.4
1.1.6.730.13.2.8.9
1.1.6.748.5.1.2.1
1.1.6.755.29.1.8
1.1.6.965.5.1.1.1.4.3.4.3
1.1.6.1013.5.1.8
1.1.6.1043.9.1.5.24
1.1.6.1077.8.1.6.4
1.1.6.1180.3
1.1.6.1198.8.1.7
1.1.6.1285.22.3.4
1.1.6.1290.5.1
1.1.6.1371.8.1.5.14
1.1.6.1478.14.3
1.1.6.1533.5.1
1.1.6.1542.10.1.7.9.18
1.1.6.1605.5.1.11.8
1.1.6.1739.5.1.2
1.1.6.1747.15.2.7.2.5
1.1.6.1977.6
1.1.6.2004.5.1.3.1
1.1.6.2047.5.1.1.1
1.1.6.2100.13.1.4.4
1.1.6.2135.20.2.25.1.2.5
1.1.6.2146.5.1.27.2
1.1.6.2182.22.2.4.3
1.1.6.2186.15.2.7.7.7
1.1.6.2186.15.2.9.9.18.1.8
1.1.6.2240.5.1.11
1.1.6.2255.3
1.1.6.2273.5.1.11
1.1.6.2278.5.1
1.1.6.2340.9.1.7
1.1.6.2419.5.1.1.1.7.2.4
1.1.6.2433.8.1.5
1.1.6.2439.18.1.18.4
1.1.6.2488.16.2.11.4.8.6
1.1.6.2515.5.1.1.3
1.1.6.2517.5.1.1
1.1.6.2563.5.1.2.8.30.7
1.1.6.2573.5.1.25
1.1.6.2601.5.1.12
1.1.6.2617.13.4.7
1.1.6.2630.8.1.4.6.3
1.1.6.2641.11.2.8
1.1.6.2658.11.2.8.3.20
1.1.6.2660.5.1.1
1.1.6.2709.5.1.12
1.1.6.2780.5.1.25
1.1.6.2825.5.1.6.1.3
1.1.6.2841.34.4.4
1.1.6.2885.5.1
1.1.6.2939.18.3.9.5.11
1.1.6.2963.6
1.1.6.3041.5.1.16
1.1.6.3099.5.1.4.3
1.1.6.3279.5.1.12.2.7
1.1.6.3380.5.1
1.1.6.3381.11.2.4.2
1.1.6.3417.10.2.4.1
1.1.6.3497.14.6.4
1.1.6.3513.5.1.3.3.4.7
1.1.6.3590.37.2
1.1.6.3622.43.3.16.2.6.4
1.1.6.3747.17.1.9
1.1.6.3876.5.1.2.7.28.3.34
1.1.6.3981.28.1.10
1.1.6.4004.22.2.7.1.2.2
1.1.6.4090.5.1.3.1
1.1.6.4118.18.2.24.3.12.2
1.1.6.4153.5.1
1.1.6.4193.11
1.1.6.4221.13.2.7.21
1.1.6.4260.17.1.5.4
1.1.6.4334.5.1
1.1.6.4377.5.1.1.3.4.1.10
1.1.6.4397.21.3.8.2.10
1.1.6.4494.5.1.1.1
1.1.6.4552.20
1.1.6.4579.16.2.8.1
1.1.6.4607.5.1.3.3.20.4
1.1.6.4821.24.2
1.1.6.4851.5.1
1.1.6.4893.17.4.4.1
1.1.6.5030.17.3.7
1.1.6.5075.24.1.4.4.2
1.1.6.5080.13.1.20
1.1.6.5182.5.1.1.10.6.1.7
1.1.6.5182.5.1.3.12.15
1.1.6.5199.22.3.13
1.1.6.5203.13.1.9.21
1.1.6.5217.5.1.4.2.11
1.1.6.5244.5.1.3
1.1.6.5415.5.1
1.1.6.5440.5.1.1.14.16
1.1.6.5458.11.1.4
1.1.6.5496.49.1.11
1.1.6.5614.13.2.13.1.7
1.1.6.5710.14.4
1.1.6.5724.21.3.21.7
1.1.6.5853.19.2.9.1
1.1.6.5860.11.1.9
1.1.6.5897.5.1.2.2.5
1.1.6.5904.5.1.3
1.2.89.2.1.3.3.3.1.3
1.2.160.2.1.2
1.2.224.8.4.9.4
1.2.252.2.1.2.2.5.3.26
1.2.409.4.2.6.3
1.2.510.4.2.4.1.1
1.2.736.2.1.11.5
1.2.829.4.2.13
1.2.844.6.3.6.1.20
1.2.860.12.6.13
1.2.902.2.1.1.1.14.5.18
1.2.1127.4.2.2.1.3.3
1.2.1249.6.3.8.2
1.2.1387.2.1.2
1.2.1433.4.2.5.3.6.1
1.2.1463.12.6.14.2
1.2.1502.12.6
1.2.1527.2.1.2.1
1.2.1672.8.4.13.2.15.2
1.2.1697.2.1.1.4
1.2.1881.6.3.12.1.5.1
1.2.1961.2.1.4.1.1
1.2.1972.2.1.1
1.2.2072.8.4.22
1.2.2185.4.2.6
1.2.2451.4.2.6.1.1.1.1
1.2.2474.6.3.8.3
1.2.2528.4.2.6.3.10.1.10
1.2.2557.2.1.2.2.4.4.44
1.2.2672.2.1.1
1.2.2682.4.2.5
1.2.2685.4.2.13.1.2.1.3
1.2.2711.2.1.34.7
1.2.2784.10.5.11.2.7
1.2.2807.10.5.14.1
1.2.2834.2.1.12.4
1.2.2858.2.1
1.2.2879.6.3.19.6
1.2.2933.11
1.2.2980.2.1.4.2.3
1.2.3040.6.3.13.3.15.8.33
1.2.3175.8.4.11.3
1.2.3180.18.9.19
1.2.3253.1
1.2.3277.2.1.2.2.8.1.2
1.2.3331.2.1.1.1.12
1.2.3342.6.3.17.1.1.1
1.2.3350.4.2
1.2.3387.6.3.7.1.1.1.6
1.2.3468.2.1.46.3.17.4.10
1.2.3697.2.1.3.1.16.1.2
1.2.3735.4.2.3.2.8.1
1.2.3844.1
1.2.3888.8.4.36.3
1.2.4332.2.1.1.1.3.3.24
1.2.4380.2.1.4
1.2.4500.4.2.5.2
1.2.4736.4.2.5.2
1.2.4757.3
1.2.4880.4.2.4.1
1.2.4960.4.2
1.2.5040.2.1.2.1.2.2
1.2.5343.4.2.8.2.2.2
1.2.5496.4.2.5.3
1.2.5717.6.3.5.1.16.5
1.2.5847.8.4.12
1.2.5879.6.3.23.1
1.5.4.26.2.1.3.1
1.5.217.40.2.1.16.9.20.3
1.5.318.10.2.1.8.3.4
1.5.323.7.2.1.29
1.5.404.11.2.1.7.2.7
1.5.466.12.2.1.4.1.1.1
1.5.548.14.2.1.11.1.35
1.5.616.20.2.1
1.5.647.26.2.1.9.1
1.5.670.6.2.1.22
1.5.780.9.2.1.25.2
1.5.834.8.2.1
1.5.1067.14.2.1.26
1.5.1075.16.2.1.7.5
1.5.1152.9.2.1.2
1.5.1154.7.2.1.7.1.23
1.5.1206.5.2.1.14.7.9
1.5.1215.8.2.1.1.1.17.3
1.5.1273.10.2.1.3.2
1.5.1367.10.2.1.31.10
1.5.1574.8.2.1.47.5.8.11.50
1.5.1678.6.2.1.21.2
1.5.1687.12.2.1
1.5.1797.8.2.1.13.1.14
1.5.1868.10.2.1
1.5.1955.12.2.1
1.5.2068.14.2.1.20.2.7.1.1
1.5.2076.9.2.1.8.1.3.1.1
1.5.2168.11.2.1.2
1.5.2257.10.2.1.7.4.27
1.5.2440.25.2.1.27.5.11.4
1.5.2467.11.2.1.14.1.2.1
1.5.2569.15.2.1
1.5.2638.10.2.1.17
1.5.2643.8.2.1.3.3.3
1.5.2646.13.2.1.9.4.9
1.5.2696.10.2.1.9.1.2
1.5.2752.8.2.1
1.5.2791.12.2.1.8.5.13
1.5.2819.14.2.1
1.5.2920.8.2.1.1.1.31
1.5.3054.29.2.1.4.3.8
1.5.3133.15.2.1.1.1.14.2.6
1.5.3162.11.2.1.19.4.48.13.5
1.5.3203.9.2.1.9.1
1.5.3212.6.2.1.3.2.5.2.17
1.5.3571.8.2.1.14
1.5.3622.9.2.1.11
1.5.3757.10.2.1.3
1.5.3806.24.2.1.3.2
1.5.3824.9.2.1.14.1.5.1
1.5.3954.7.2.1.2.1.1.1.10
1.5.4010.7.2.1.17
1.5.4044.12.2.1.4
1.5.4184.7.2.1
1.5.4186.10.2.1.13
1.5.4393.15.2.1.12
1.5.4457.8.2.1
1.5.4532.6.2.1.4.1
1.5.4554.24.2.1.4.3
1.5.4708.7.2.1.13.5.7.3
1.5.4764.10.2.1.17.1
1.5.4986.8.2.1.11.4.19.1
1.5.5032.12.2.1.8.1.1.1
1.5.5055.9.2.1.13.5.3.1.15
1.5.5109.20.2.1
1.5.5205.28.2.1.2.2.2.1
1.5.5212.9.2.1.18.8.17.3.13
1.5.5372.6.2.1.26
1.5.5479.14.2.1.3.3.6.2
1.5.5566.8.2.1.5.2
1.5.5619.8.2.1.17.2.7.2.16
1.5.5639.7.2.1
1.5.5713.8.2.1.9.6.19.1.4
1.5.5865.19.2.1.1
1.5.5892.16.2.1
1.5.6007.8.2.1
1.5.6057.8.2.1.3.2.5.4.11
1.5.6554.9.2.1.7.1.2.2.5
1.5.6555.7.2.1.8.2.4.2
1.5.6555.7.2.1.9.3.11
1.5.6569.10.2.1
1.5.6658.11.2.1.4
1.5.6769.12.2.1
1.5.6915.17.2.1.3.2.56.4.35
1.5.7045.13.2.1.15.5
1.5.7084.26.2.1.4.1.2
1.5.7201.8.2.1.3.2.8.4
1.5.7227.7.2.1.6
1.5.7461.10.2.1.8.3.4
1.5.7466.7.2.1.29
1.5.7506.11.2.1.4.3
1.5.7551.11.2.1.7.2.7
1.5.7592.12.2.1.4.1.1.1
1.5.7669.14.2.1.11.1.30
1.5.7738.20.2.1
1.5.7769.26.2.1.9.1
1.5.7792.6.2.1.22
1.5.7814.8.2.1.5.2
1.5.7825.6.2.1.1.1.2.2.5
1.5.8212.12.2.1.13
1.5.8234.29.2.1.3.1.8.6.44.38
1.5.8321.7.2.1.7.2.4.3.16
1.5.8361.5.2.1.14.7.9
1.5.8430.10.2.1.3.2
1.5.8710.11.2.1.5
1.5.8718.10.2.1.12
1.5.8804.7.2.1
1.5.8943.8.2.1.13.1.14
1.5.9016.10.2.1
1.5.9103.12.2.1
1.5.9407.10.2.1.7.4.27
1.5.9588.25.2.1.27.5.11.4
1.5.9615.11.2.1.14.1.2.1
1.5.9677.7.2.1.17.4.4
1.5.9764.10.2.1.19
1.5.9772.8.2.1.27
1.5.9775.9.2.1.5
1.5.9787.6.2.1.6.1.26.1
1.5.9915.12.2.1.8.5.13
1.5.9943.14.2.1
1.5.10042.8.2.1.1.1.31
1.5.10058.10.2.1.2
1.5.10177.9.2.1.9
1.5.10255.15.2.1.1.1.14.2.6
1.5.10285.11.2.1.19.4.44.12.5
1.5.10317.20.2.1.2.2.4.2.11.36
1.5.10725.9.2.1.11
1.5.10866.9.2.1.1.2.15.2.7
1.5.11027.7.2.1.2.1.1.1.10
1.5.11119.36.2.1.4.1.4.3.4
1.5.11246.7.2.1.2.2.17.3
1.5.11442.15.2.1.12
1.5.11559.16.2.1.3.2.2.3
1.5.11723.7.2.1.15.1.6.2
1.5.11928.17.2.1
1.5.11941.10.2.1.12.1.10.6.9
1.5.11994.8.2.1.11.3.10.1
1.5.12040.12.2.1.8.1.1.1
1.5.12063.9.2.1.13.5.3.1.15
1.5.12092.17.2.1.10.1
1.5.12209.28.2.1.2.2.2.1
1.5.12216.9.2.1.18.8.17.3.14
1.5.12385.6.2.1.22
1.5.12492.14.2.1.3.3.6.2
1.5.12578.8.2.1.5.2
1.5.12631.8.2.1.17.2.7.2.16
1.5.12651.7.2.1
1.5.12732.8.2.1.4.3.5
1.5.12880.19.2.1.1
1.5.12907.16.2.1
1.5.12971.7.2.1.1.1
1.5.12979.11.2.1.2
1.5.13023.8.2.1
1.5.13604.9.2.1.7.1.2.2.5
1.5.13605.7.2.1.8.2.4.2
1.5.13605.7.2.1.9.3.11
1.5.13632.6.2.1.4.2.5
1.5.13877.10.2.1.6
1.5.14042.9.2.1.5.2.3.4.13
1.5.14075.13.2.1.15.5
1.5.14418.40.2.1.16.9.20.3
1.5.14519.10.2.1.8.3.4
1.5.14524.7.2.1.29
1.5.14560.11.2.1.4.3
1.5.14605.11.2.1.7.2.7
1.5.14646.12.2.1.4.1.1.1
1.5.14727.14.2.1.11.1.35
1.5.14796.20.2.1
1.5.14827.26.2.1.9.1
1.5.14849.6.2.1.22
1.5.14959.9.2.1.25.2
1.5.14968.9.2.1
1.5.15079.7.2.1.5.5
1.5.15277.8.2.1.24.5.19.4
1.5.15363.7.2.1.7.2.4.3.16
1.5.15403.5.2.1.14.7.9
1.5.15472.10.2.1.3.2
1.5.15570.10.2.1.31.10
1.5.15766.6.2.1
1.5.15773.13.2.1.3.2.4.2.3
1.5.15776.13.2.1.2.2.11
1.5.15834.7.2.1.3.3
1.5.15883.6.2.1.21.2
1.5.16015.7.2.1.2.4.9.1
1.5.16030.18.2.1.8.1.13.4.16.1
1.5.16087.10.2.1
1.5.16170.12.2.1
1.5.16287.14.2.1.20.2.7.1.1
1.5.16295.9.2.1.8.1.3.1.1
1.5.16385.16.2.1
1.5.16680.25.2.1.27.5.11.4
1.5.16762.7.2.1.17.4.4
1.5.16860.10.2.1.19
1.5.16865.8.2.1.3.3.3
1.5.16868.13.2.1.9.4.9
1.5.16918.10.2.1.9.1.2
1.5.16977.28.2.1.6.3
1.5.17019.12.2.1.8.5.12
1.5.17047.14.2.1
1.5.17148.8.2.1.1.1.31
1.5.17164.10.2.1.2
1.5.17275.29.2.1.4.3.8
1.5.17387.15.2.1.5
1.5.17814.8.2.1.12.1.7.2.5
1.5.17854.9.2.1.11
1.5.17993.10.2.1.3
1.5.18062.6.2.1.7.5
1.5.18182.7.2.1.2.1.1.1.10
1.5.18238.7.2.1.17
1.5.18272.12.2.1.4
1.5.18410.10.2.1.9
1.5.18514.8.2.1
1.5.18625.15.2.1.12
1.5.18684.8.2.1
1.5.18759.6.2.1.4.1
1.5.18781.24.2.1.4.3
1.5.18916.7.2.1.2.1.4.1
1.5.18956.10.2.1.36.1
1.5.19134.15.2.1.26
1.5.19180.8.2.1.11.3.10.1
1.5.19261.12.2.1.22.8.10.1
1.5.19271.9.2.1.1.1
1.5.19387.28.2.1.2.2.2.1
1.5.19394.9.2.1.18.8.17.3.13
1.5.19417.17.2.1
1.5.19556.6.2.1.22
1.5.19646.8.2.1.7
1.5.19698.14.2.1.3.1
1.5.19743.8.2.1.5.2
1.5.19796.8.2.1.17.2.7.2.16
1.5.19816.7.2.1
1.5.19900.8.2.1.11.3.24.1.4
1.5.20137.7.2.1.1.1
1.5.20145.11.2.1.2
1.5.20189.8.2.1
1.5.20596.6.2.1.21.6.42.7
1.5.20754.9.2.1.7.1.2.2.5
1.5.20755.7.2.1.8.2.4.2
1.5.20755.7.2.1.9.3.11
1.5.20780.58.2.1.25.7.12
1.5.20823.26.2.1
1.5.20937.12.2.1
1.5.21082.6.2.1.2.4.12
1.5.21194.7.2.1.13.1.1
1.5.21405.8.2.1.3.2.8.4
1.5.21431.7.2.1.6
1.5.21662.10.2.1.8.3.4
1.5.21667.7.2.1.29
1.5.21748.11.2.1.7.2.7
1.5.21810.12.2.1.4.1.1.1
1.5.21892.14.2.1.11.1.35
1.5.21955.20.2.1
1.5.21986.26.2.1.9.1
1.5.22008.6.2.1.22
1.5.22105.32.2.1.14.2.3.1
1.5.22126.9.2.1.47.6
1.5.22228.7.2.1.5.5
1.5.22340.8.2.1
1.5.22398.12.2.1.13
1.5.22423.11.2.1.7.5.5.5
1.5.22512.7.2.1.7.2.4.3.16
1.5.22552.5.2.1.14.7.9
1.5.22901.6.2.1
1.5.22908.13.2.1.3.2.4.2.3
1.5.22911.13.2.1.2.2.11
1.5.22961.8.2.1.1.4.9.6
1.5.22976.10.2.1.2.2
1.5.22999.7.2.1
1.5.23141.8.2.1.13.1.14
1.5.23208.10.2.1
1.5.23295.12.2.1
1.5.23330.6.2.1
1.5.23404.14.2.1.20.2.7.1.1
1.5.23412.9.2.1.8.1.3.1.1
1.5.23772.25.2.1.27.5.11.4
1.5.23854.7.2.1.17.4.4
1.5.23945.10.2.1.19
1.5.23953.8.2.1.27
1.5.23956.9.2.1.5
1.5.23968.6.2.1.6.1.26.1
1.5.24127.14.2.1
1.5.24232.8.2.1.1.1.31
1.5.24248.10.2.1.2
1.5.24360.9.2.1.9
1.5.24465.11.2.1.19.4.46.7.10
1.5.24695.10.2.1.3.8.38
1.5.24756.10.2.1.18.4.6.1.9
1.5.24866.7.2.1.1
1.5.24917.9.2.1.11
1.5.25064.9.2.1.1.2.1.1.1
1.5.25238.7.2.1.2.1.1.1.10
1.5.25330.36.2.1.4.1.4.3.4
1.5.25459.7.2.1
1.5.25461.10.2.1.13
1.5.25643.15.2.1.5.2
1.5.25727.8.2.1
1.5.25802.6.2.1.4.1
1.5.25824.24.2.1.4.3
1.5.25974.7.2.1.13.5.7.3
1.5.26179.7.2.1.2.4
1.5.26192.10.2.1.12.1.10.6.9
1.5.26245.8.2.1.11.3.10.1
1.5.26464.7.2.1.4.4.9.7.10
1.5.26701.8.2.1.7
1.5.26753.14.2.1.3.1
1.5.26798.8.2.1.5.2
1.5.26800.19.2.1.11.4.7
1.5.26846.7.2.1.5
1.5.26863.7.2.1
1.5.26933.7.2.1.11
1.5.27165.7.2.1.1.1
1.5.27173.11.2.1.2
1.5.27217.8.2.1
1.5.27397.11.2.1
1.5.27802.9.2.1.7.1.2.2.5
1.5.27803.7.2.1.8.2.4.2
1.5.27803.7.2.1.9.3.11
1.5.27835.14.2.1.11
1.5.28144.8.2.1.6.5.10
1.5.28247.8.2.1.2.1.20.10
1.5.28260.9.2.1.6.6.30.2.4
1.5.28293.13.2.1.15.5
1.5.28332.26.2.1.4.1.2
1.5.28449.8.2.1.3.2.8.4
1.5.28475.7.2.1.6
1.5.28620.40.2.1.16.9.20.3
1.5.28660.17.2.1.8
1.5.28702.10.2.1.8.3.4
1.5.28707.7.2.1.29
1.5.28788.11.2.1.7.2.7
1.5.28829.12.2.1.4.1.1.1
1.5.28918.8.2.1.1.1.1
1.5.28986.20.2.1
1.5.29017.26.2.1.9.1
1.5.29039.6.2.1.22
1.5.29149.9.2.1.25.2
1.5.29440.14.2.1.24
1.5.29448.16.2.1.7.5
1.5.29544.16.2.1.5.4.9
1.5.29585.5.2.1.14.7.9
1.5.29772.14.2.1
1.5.29792.9.2.1
1.5.29944.6.2.1
1.5.29951.13.2.1.3.2.4.2.3
1.5.29954.13.2.1.2.2.11
1.5.30026.10.2.1.2.2
1.5.30049.7.2.1
1.5.30206.7.2.1.2.4.9.1
1.5.30221.18.2.1.8.1.13.4.26.3
1.5.30278.10.2.1
1.5.30361.12.2.1
1.5.30474.14.2.1.20.2.7.1.1
1.5.30482.9.2.1.8.1.3.1.1
1.5.30875.25.2.1.27.5.11.4
1.5.30902.11.2.1.14.1.2.1
1.5.31009.15.2.1
1.5.31073.9.2.1.8.2.4.1.7
1.5.31176.8.2.1.11.2.9
1.5.31215.12.2.1.8.5.13
1.5.31243.14.2.1
1.5.31340.8.2.1.1.1.31
1.5.31356.10.2.1.2
1.5.31476.8.2.1.17.4.9.1.1
1.5.31551.15.2.1.1.1.14.2.6
1.5.31583.11.2.1.19.4.32.10.5
1.5.31820.10.2.1.3.8.38
1.5.32003.8.2.1.14
1.5.32054.9.2.1.11
1.5.32195.9.2.1.1.2.1.1.1
1.5.32372.7.2.1.2.1.1.1.10
1.5.32467.36.2.1.4.1.23.6.8
1.5.32595.7.2.1
1.5.32597.10.2.1.13
1.5.32691.8.2.1
1.5.32856.8.2.1
1.5.32931.6.2.1.4.1
1.5.32953.24.2.1.4.3
1.5.33095.7.2.1.13.5.7.3
1.5.33151.10.2.1.17.1
1.5.33330.15.2.1.26
1.5.33377.8.2.1.11.3.10.1
1.5.33425.12.2.1.8.1.1.1
1.5.33448.9.2.1.13.5.3.1.15
1.5.33594.28.2.1.2.2.2.1
1.5.33601.9.2.1.18.8.17.3.13
1.5.33756.6.2.1.22
1.5.33846.8.2.1.7
1.5.33898.14.2.1.3.1
1.5.33943.8.2.1.5.2
1.5.33945.19.2.1.11.4.7
1.5.33993.8.2.1.17.2.6.4.50
1.5.34013.7.2.1
1.5.34089.8.2.1.11.3.24.1.4
1.5.34240.19.2.1.1
1.5.34267.16.2.1
1.5.34389.8.2.1
1.5.34436.8.2.1.3.2.5.4.11
1.5.34549.6.2.1.1.1
1.5.34755.14.2.1.4.2
1.5.34995.9.2.1.7.1.2.2.5
1.5.34996.7.2.1.8.2.4.2
1.5.34996.7.2.1.9.3.11
1.5.35101.11.2.1.4
1.5.35208.12.2.1
1.5.35351.6.2.1.2.4.12
1.5.35449.9.2.1.30.10.85.2.4
1.5.35830.40.2.1.16.9.20.3
1.5.35870.14.2.1.4
1.5.35925.10.2.1.8.2.7
1.5.35935.13.2.1.8
1.5.36010.11.2.1.7.2.7
1.5.36051.12.2.1.4.1.1.1
1.5.36124.8.2.1.1.1.1
1.5.36192.20.2.1
1.5.36223.26.2.1.9.1
1.5.36245.6.2.1.22
1.5.36342.32.2.1.14.2.3.1
1.5.36363.9.2.1.47.6
1.5.36401.8.2.1
1.5.36568.8.2.1
1.5.36642.14.2.1.18
1.5.36650.16.2.1.7.5
1.5.36733.7.2.1.7.2.4.3.16
1.5.36773.5.2.1.14.7.9
1.5.36782.8.2.1.1.1.17.3
1.5.36842.10.2.1.3.2
1.5.36936.10.2.1.31.10
1.5.37134.6.2.1
1.5.37141.13.2.1.3.2.4.2.3
1.5.37144.13.2.1.2.2.11
1.5.37197.8.2.1.9.4
1.5.37249.12.2.1
1.5.37364.8.2.1.13.1.14
1.5.37425.10.2.1
1.5.37512.12.2.1
1.5.37626.14.2.1.20.2.7.1.1
1.5.37634.9.2.1.8.1.3.1.1
1.5.37826.10.2.1.9.1.4.2.28
1.5.38016.25.2.1.27.5.11.4
1.5.38139.16.2.1.1
1.5.38192.10.2.1.19
1.5.38200.8.2.1.27
1.5.38203.9.2.1.5
1.5.38215.6.2.1.6.1.26.1
1.5.38349.12.2.1.8.5.13
1.5.38378.8.2.1.8.2.1.1.1
1.5.38462.8.2.1.1.1.31
1.5.38478.10.2.1.2
1.5.38590.9.2.1.9
1.5.38700.11.2.1.19.4.46.7.10
1.5.38732.20.2.1.2.2.4.2.11.28
1.5.38738.11.2.1.10.1.16.7.27
1.5.38985.12.2.1.3.1.22.1.2
1.5.39099.8.2.1.12.1.7.2.5
1.5.39147.8.2.1.13
1.5.39291.9.2.1.1.2.1.1.1
1.5.39469.7.2.1.2.1.1.1.10
1.5.39564.36.2.1.4.1.23.6.8
1.5.39685.7.2.1.2.2.17.3
1.5.39777.8.2.1
1.5.39879.16.2.1.30.12.24
1.5.40150.8.2.1.4.1.69.2.16
1.5.40639.28.2.1.2.2.2.1
1.5.40646.9.2.1.18.8.17.3.13
1.5.40801.6.2.1.22
1.5.40989.8.2.1.5.2
1.5.41042.8.2.1.17.2.7.2.16
1.5.41062.7.2.1
1.5.41144.7.2.1.11
1.5.41374.7.2.1.1.1
1.5.41382.11.2.1.2
1.5.41426.8.2.1
1.5.41473.8.2.1.3.2.5.4.11
1.5.41585.11.2.1
1.5.41798.14.2.1.4.2
1.5.41884.18.2.1
1.5.42043.9.2.1.7.1.2.2.5
1.5.42044.7.2.1.8.2.4.2
1.5.42044.7.2.1.9.3.11
1.5.42058.10.2.1
1.5.42126.26.2.1
1.5.42303.10.2.1.6
1.5.42525.13.2.1.15.5
1.5.42566.9.2.1.34
1.5.42960.10.2.1.8.3.4
1.5.43012.11.2.1.4.3
1.5.43057.11.2.1.7.2.7
1.5.43119.12.2.1.4.1.1.1
1.5.43199.8.2.1.1.1.1
1.5.43267.20.2.1
1.5.43298.26.2.1.9.1
1.5.43321.6.2.1.22
1.5.43423.32.2.1.14.2.3.1
1.5.43484.8.2.1
1.5.43716.12.2.1.13
1.5.43741.11.2.1.7.5.5.5
1.5.43811.11.2.1.26
1.5.43830.16.2.1.5.4.6
1.5.43871.5.2.1.14.7.9
1.5.44031.23.2.1.3.2.8.3
1.5.44134.16.2.1.2.1.1.1
1.5.44236.11.2.1.5
1.5.44244.10.2.1.12
1.5.44330.7.2.1
1.5.44485.8.2.1.13.1.14
1.5.44559.11.2.1.1.1.17.5
1.5.44640.12.2.1
1.5.44948.10.2.1.7.4.27
1.5.45116.25.2.1.27.5.11.4
1.5.45143.11.2.1.14.1.2.1
1.5.45205.7.2.1.17.4.4
1.5.45292.10.2.1.19
1.5.45300.8.2.1.27
1.5.45303.9.2.1.5
1.5.45315.6.2.1.6.1.26.1
1.5.45403.28.2.1.6.3
1.5.45445.12.2.1.8.5.12
1.5.45473.14.2.1
1.5.45584.8.2.1.1.1.31
1.5.45711.29.2.1.4.3.8
1.5.45790.15.2.1.1.1.14.2.6
1.5.45819.11.2.1.19.4.48.13.5
1.5.46225.7.2.1.1
1.5.46276.9.2.1.11
1.5.46423.9.2.1.1.2.1.1.1
1.5.46467.24.2.1.3.2
1.5.46485.9.2.1.14.1.5.1
1.5.46703.36.2.1.4.1.4.3.4
1.5.46862.8.2.1.20.2
1.5.46963.8.2.1
1.5.47033.9.2.1.4.1.1.1.12
1.5.47065.15.2.1.18
1.5.47182.6.2.1.4.1
1.5.47204.24.2.1.4.3
1.5.47351.7.2.1.13.5.7.3
1.5.47393.10.2.1.36.1
1.5.47545.7.2.1.2.3
1.5.47558.10.2.1.12.1.10.6.9
1.5.47610.8.2.1.11.3.10.1
1.5.47656.12.2.1.8.1.1.1
1.5.47679.9.2.1.13.5.3.1.15
1.5.47731.20.2.1
1.5.47827.28.2.1.2.2.2.1
1.5.47834.9.2.1.18.8.17.3.13
1.5.48001.6.2.1.22
1.5.48144.14.2.1.3.1
1.5.48189.8.2.1.5.2
1.5.48242.8.2.1.17.2.7.2.16
1.5.48262.7.2.1
1.5.48335.7.2.1.11
1.5.48472.19.2.1.1
1.5.48499.16.2.1
1.5.48563.7.2.1.1.1
1.5.48571.11.2.1.2
1.5.49064.18.2.1
1.5.49203.9.2.1.7.1.2.2.5
1.5.49204.7.2.1.8.2.4.2
1.5.49204.7.2.1.9.3.11
1.5.49232.10.2.1.5.2.16
1.5.49251.18.2.1.21.8.11
1.5.49289.11.2.1.7
1.5.49470.6.2.1.17.3.16
1.5.49682.13.2.1.15.5
1.5.49858.8.2.1.3.2.8.4
1.5.49884.7.2.1.6
1.5.50118.10.2.1.8.3.4
1.5.50123.7.2.1.29
1.5.50204.11.2.1.7.2.7
1.5.50269.8.2.1
1.5.50357.8.2.1.1.1.1
1.5.50427.20.2.1
1.5.50458.26.2.1.9.1
1.5.50481.6.2.1.22
1.5.50591.9.2.1.25.2
1.5.50645.8.2.1
1.5.50881.14.2.1.18
1.5.50889.16.2.1.7.5
1.5.50972.7.2.1.7.2.4.3.16
1.5.51012.5.2.1.14.7.9
1.5.51368.11.2.1.5
1.5.51376.10.2.1.12
1.5.51450.10.2.1.2.2
1.5.51473.7.2.1
1.5.51543.17.2.1.15.5
1.5.51609.7.2.1.2.4.9.1
1.5.51624.18.2.1.8.1.13.4.32.15
1.5.51693.10.2.1
1.5.51776.12.2.1
1.5.51893.14.2.1.20.2.7.1.1
1.5.51901.9.2.1.8.1.3.1.1
1.5.52275.25.2.1.27.5.11.4
1.5.52302.11.2.1.14.1.2.1
1.5.52404.15.2.1
1.5.52463.10.2.1.17
1.5.52471.8.2.1.25
1.5.52474.9.2.1.5
1.5.52486.6.2.1.6.1.24.1
1.5.52519.10.2.1.9.1.2
1.5.52577.28.2.1.6.3
1.5.52623.12.2.1.8.5.12
1.5.52651.14.2.1
1.5.52752.8.2.1.1.1.31
1.5.52768.10.2.1.2
1.5.52886.29.2.1.4.3.8
1.5.52968.11.2.1.7.1.18
1.5.53004.11.2.1.19.4.26.4.53
1.5.53208.10.2.1.3.8.38
1.5.53390.8.2.1.12.1.7.2.5
1.5.53577.9.2.1.1.2.15.2.7
1.5.53760.7.2.1.2.1.1.1.10
1.5.53816.7.2.1.17
1.5.53850.12.2.1.4
1.5.54008.7.2.1.2.2.17.3
1.5.54090.8.2.1
1.5.54160.9.2.1.4.1.1.1.12
1.5.54247.8.2.1
1.5.54352.8.2.1.7.1
1.5.54494.7.2.1.11.1.1.1
1.5.54533.10.2.1.36.1
1.5.54810.12.2.1.8.1.1.1
1.5.54833.9.2.1.13.5.3.1.15
1.5.54979.28.2.1.2.2.2.1
1.5.54986.9.2.1.18.8.17.3.14
1.5.55044.15.2.1.12.6
1.5.55147.6.2.1.26
1.5.55237.8.2.1.7
1.5.55257.5.2.1.4.1.15.1
1.5.55380.7.2.1.5
1.5.55397.7.2.1
1.5.55475.8.2.1.4.3.5
1.5.55704.7.2.1.1.1
1.5.55712.11.2.1.2
1.5.55756.8.2.1
1.5.56323.9.2.1.7.1.2.2.5
1.5.56324.7.2.1.8.2.4.2
1.5.56324.7.2.1.9.3.11
1.5.56338.10.2.1
1.5.56819.13.2.1.15.5
1.5.56860.9.2.1.34
1.5.56985.8.2.1.3.2.8.4
1.5.57011.7.2.1.6
1.5.57156.40.2.1.16.9.20.3
1.5.57257.10.2.1.8.2.7
1.5.57267.13.2.1.8
1.5.57342.11.2.1.7.2.7
1.5.57386.8.2.1
1.5.57464.8.2.1.1.1.1
1.5.57532.20.2.1
1.5.57563.26.2.1.9.1
1.5.57586.6.2.1.22
1.5.57802.7.2.1.5.5
1.5.57984.14.2.1.18
1.5.57992.9.2.1.3.2.7.3
1.5.58079.7.2.1.7.2.4.3.16
1.5.58119.5.2.1.14.7.9
1.5.58494.8.2.1.51.5.8.11.43
1.5.58585.7.2.1
1.5.58738.7.2.1.2.4.9.1
1.5.58753.18.2.1.8.1.13.4.16.1
1.5.58819.11.2.1.1.1.17.5
1.5.58900.12.2.1
1.5.59014.14.2.1.20.2.7.1.1
1.5.59022.9.2.1.8.1.3.1.1
1.5.59117.9.2.1.6.3.21
1.5.59404.25.2.1.27.5.11.4
1.5.59526.15.2.1
1.5.59555.9.2.1
1.5.59597.10.2.1.17
1.5.59605.8.2.1.25
1.5.59608.9.2.1.5
1.5.59620.6.2.1.6.1.24.1
1.5.59653.10.2.1.9.1.2
1.5.59709.8.2.1
1.5.59751.12.2.1.8.5.12
1.5.59779.14.2.1
1.5.59880.8.2.1.1.1.31
1.5.59896.10.2.1.2
1.5.60007.29.2.1.4.3.8
1.5.60086.15.2.1.1.1.14.2.6
1.5.60115.11.2.1.19.4.48.13.5
1.5.60203.5.2.1.7
1.5.60390.9.2.1.9.5.12.1.20
1.5.60462.7.2.1
1.5.60516.8.2.1.14
1.5.60567.9.2.1.11
1.5.60717.10.2.1.3
1.5.60908.7.2.1.2.1.1.1.10
1.5.61000.36.2.1.4.1.4.3.4
1.5.61121.7.2.1
1.5.61123.10.2.1.13
1.5.61218.8.2.1
1.5.61321.16.2.1.30.12.24
1.5.61590.8.2.1.4.1.69.2.16
1.5.61647.10.2.1.17.1
1.5.61828.15.2.1.26
1.5.61875.8.2.1.11.3.10.1
1.5.61993.20.2.1
1.5.62094.28.2.1.2.2.2.1
1.5.62101.9.2.1.18.8.17.3.13
1.5.62269.6.2.1.26
1.5.62359.8.2.1.7
1.5.62379.5.2.1.4.1.15.1
1.5.62506.20.2.1
1.5.62528.7.2.1
1.5.62613.8.2.1.11.3.24.1.4
1.5.62763.19.2.1.1
1.5.62790.16.2.1
1.5.63092.6.2.1.1.1
1.5.63290.14.2.1.4.2
1.5.63376.18.2.1
1.5.63528.9.2.1.7.1.2.2.5
1.5.63529.7.2.1.8.2.4.2
1.5.63529.7.2.1.9.3.11
1.5.63561.14.2.1.11
1.5.63613.26.2.1
1.5.63727.12.2.1
1.5.63808.6.2.1.17.3.16
1.5.63987.7.2.1.13.1.1
1.5.64063.26.2.1.4.1.2
1.5.64369.40.2.1.16.9.20.3
1.5.64473.10.2.1.8.3.4
1.5.64525.11.2.1.4.3
1.5.64570.11.2.1.7.2.7
1.5.64614.8.2.1
1.5.64693.8.2.1.1.1.1
1.5.64756.20.2.1
1.5.64787.26.2.1.9.1
1.5.64809.6.2.1.22
1.5.64919.9.2.1.25.2
1.5.64928.9.2.1
1.5.64966.8.2.1
1.5.65219.9.2.1.9.2.7.3
1.5.65319.16.2.1.5.4.9
1.5.65360.5.2.1.14.7.9
1.5.65369.8.2.1.1.1.17.3
1.5.65531.10.2.1.31.10
1.5.65757.11.2.1.5
1.5.65765.10.2.1.12
1.5.65851.7.2.1
1.5.65993.8.2.1.13.1.14
1.5.66064.10.2.1
1.5.66147.12.2.1
1.5.66260.14.2.1.20.2.7.1.1
1.5.66268.9.2.1.8.1.3.1.1
1.5.66354.11.2.1.2
1.5.66619.25.2.1.27.5.11.4
1.5.66646.11.2.1.14.1.2.1
1.5.66708.7.2.1.17.4.4
1.5.66739.16.2.1.1
1.5.66802.10.2.1.19
1.5.66807.8.2.1.3.3.3
1.5.66810.13.2.1.9.4.9
1.5.66860.10.2.1.9.1.2
1.5.66916.8.2.1
1.5.66958.12.2.1.8.5.12
1.5.66986.14.2.1
1.5.67091.8.2.1.1.1.31
1.5.67102.10.2.1.5
1.5.67208.6.2.1
1.5.67225.29.2.1.4.3.8
1.5.67336.11.2.1.19.4.46.7.10
1.5.67798.9.2.1.11
1.5.67929.10.2.1.3
1.5.67978.24.2.1.3.2
1.5.67996.9.2.1.14.1.5.1
1.5.68226.36.2.1.4.1.23.6.8
1.5.68373.7.2.1.2.2.17.3
1.5.68527.9.2.1.4.1.1.1.12
1.5.68538.21.2.1.1.1
1.5.68615.8.2.1
1.5.68675.28.2.1.4.1.2.5.15.10
1.5.68684.6.2.1.9.4.7.1
1.5.68699.7.2.1
1.5.68818.8.2.1.4.1.69.2.16
1.5.69023.7.2.1.2.3
1.5.69036.10.2.1.12.1.10.6.9
1.5.69089.8.2.1.11.3.10.1
1.5.69135.12.2.1.8.1.1.1
1.5.69158.9.2.1.13.5.3.1.15
1.5.69212.20.2.1
1.5.69323.7.2.1.4.4.9.7.10
1.5.69581.6.2.1.5.1.7.4
1.5.69653.8.2.1.5.2
1.5.69655.19.2.1.11.4.7
1.5.69702.9.2.1.2.1.1
1.5.69720.7.2.1
1.5.69796.8.2.1.11.3.19.1.4
1.5.69986.16.2.1
1.5.70108.8.2.1
1.5.70155.8.2.1.3.2.5.4.11
1.5.70474.14.2.1.4.2
1.5.70705.9.2.1.7.1.2.2.5
1.5.70706.7.2.1.8.2.4.2
1.5.70706.7.2.1.9.3.11
1.5.70734.10.2.1.5.2.16
1.5.70753.18.2.1.21.8.11
1.5.71047.17.2.1.3.2.56.4.35
1.5.71186.7.2.1.8.4.3.1.39
1.5.71197.13.2.1.17.5
1.5.71241.6.2.1.2.2.4.4.13
1.5.71351.8.2.1.3.2.8.4
1.5.71377.7.2.1.6
1.5.71530.40.2.1.16.9.20.3
1.5.71571.10.2.1.10
1.5.71613.10.2.1.8.3.4
1.5.71618.7.2.1.29
1.5.71658.11.2.1.4.3
1.5.71703.11.2.1.7.2.7
1.5.71765.12.2.1.4.1.1.1
1.5.71855.14.2.1.11.1.35
1.5.71919.20.2.1
1.5.71950.26.2.1.9.1
1.5.71973.6.2.1.22
1.6.222.8.2.1.10.5
1.6.391.8.2.1.4.1
1.6.458.8.2.1.3.2.23.9
1.6.516.8.2.1.5
1.6.535.8.2.1.1
1.6.536.8.2.1.2.1.1.2.15
1.6.548.8.2.1.10.4.10.3.43
1.6.607.8.2.1.6
1.6.1036.8.2.1.8
1.6.1098.8.2.1.4
1.6.1152.8.2.1.2.2
1.6.1281.8.2.1.2
1.6.1469.8.2.1
1.6.1561.8.2.1.5
1.6.1652.8.2.1.13
1.6.2006.8.2.1
1.6.2043.8.2.1.18.3.4.1
1.6.2085.8.2.1.14
1.6.2205.8.2.1.3.1.9
1.6.2296.8.2.1
1.6.2380.8.2.1.6
1.6.2537.8.2.1.12
1.6.2571.8.2.1.5.7.25.4.8
1.6.2700.8.2.1.10.1.3.3.51
1.6.2835.8.2.1.14.4.23
1.6.2847.8.2.1.8
1.6.2868.8.2.1.11.1
1.6.2885.8.2.1.15
1.6.2910.8.2.1.18.4.4.3
1.6.2919.8.2.1
1.6.2978.8.2.1.6.1.1
1.6.3339.8.2.1.14
1.6.3397.8.2.1.2.5.10.2
1.6.3511.8.2.1
1.6.3701.8.2.1
1.6.3845.8.2.1.6
1.6.3878.8.2.1.10.2.7
1.6.4182.8.2.1
1.6.4376.8.2.1.43
1.6.4402.8.2.1.28.2
1.6.4412.8.2.1.12.1
1.6.4545.8.2.1
1.6.4731.8.2.1.1.1.4.1
1.6.4781.8.2.1.4
1.6.4939.8.2.1.5.3
1.6.5094.8.2.1
1.6.5102.8.2.1.5.1.5.1
1.6.5309.8.2.1.1.2.5.5.31
1.6.5321.8.2.1
1.6.5409.8.2.1.2.1.3.3.7
1.6.5412.8.2.1.7.5.11.2
1.6.5415.8.2.1.15
1.6.5515.8.2.1
1.6.5532.8.2.1.12.2
1.6.5567.8.2.1.31.5.22.2.5
1.6.5604.8.2.1.3.1.14.6
1.6.5683.8.2.1.4.2.2.8.12
1.6.5855.8.2.1.4
1.6.5943.8.2.1.1
1.6.5961.8.2.1.2
1.6.6012.8.2.1
1.6.6051.8.2.1
1.6.6070.8.2.1
1.6.6482.8.2.1.5.2.3
1.6.6642.8.2.1
1.6.6678.8.2.1.27
1.6.6681.8.2.1.5.1.3.10
1.6.6696.8.2.1.8.4.6
1.6.6722.8.2.1.5.1.3.2.4
1.6.6753.8.2.1.1
1.6.7039.8.2.1.7
1.6.7062.8.2.1.18.2
1.6.7110.8.2.1
1.6.7185.8.2.1.7.2.6
1.6.7445.8.2.1.5.1.1
1.6.7654.8.2.1.8.1.9
1.6.7703.8.2.1.3.2.64.14.44
1.6.7711.8.2.1.2.1.15
1.6.7987.8.2.1.16
1.6.8234.8.2.1.2.1.8.2
1.6.8246.8.2.1
1.6.8367.8.2.1.10.5
1.6.8596.8.2.1.4.1.1.2
1.6.8618.8.2.1.5.2.7.3
1.6.8670.8.2.1.3.1.1.1.7
1.6.8698.8.2.1.16
1.6.8699.8.2.1.3.1.21
1.6.8722.8.2.1.16
1.6.8769.8.2.1.18.7.54
1.6.8905.8.2.1.1
1.6.8958.8.2.1.7.1
1.6.8992.8.2.1.5.1
1.6.9206.8.2.1.8
1.6.9366.8.2.1
1.6.9385.8.2.1.9.1.5.3
1.6.9459.8.2.1.4.1
1.6.9477.8.2.1.6.2.8.1
1.6.9678.8.2.1
1.6.9770.8.2.1.5
1.6.9873.8.2.1.13
1.6.10239.8.2.1
1.6.10276.8.2.1.18.3.4.1
1.6.10318.8.2.1.14
1.6.10435.8.2.1.3.1.9
1.6.10525.8.2.1
1.6.10561.8.2.1.2.1.2.3.10
1.6.10609.8.2.1.6
1.6.10767.8.2.1.12
1.6.10802.8.2.1.5.16.25.4.8
1.6.10939.8.2.1.10.1.3.3.70
1.6.11035.8.2.1.1
1.6.11069.8.2.1.14.4.23
1.6.11081.8.2.1.8
1.6.11101.8.2.1.2.1.9.1
1.6.11151.8.2.1.5
1.6.11210.8.2.1.6.1.1
1.6.11463.8.2.1
1.6.11574.8.2.1.14
1.6.11609.8.2.1
1.6.11636.8.2.1.2.5.10.2
1.6.11735.8.2.1
1.6.11815.8.2.1.8.1.4.4
1.6.11917.8.2.1
1.6.12061.8.2.1.6
1.6.12093.8.2.1.2.2.70
1.6.12127.8.2.1.4.3.14.1
1.6.12249.8.2.1.2
1.6.12418.8.2.1
1.6.12601.8.2.1.8
1.6.12627.8.2.1.28.2
1.6.12781.8.2.1
1.6.12957.8.2.1.12.1
1.6.12968.8.2.1.1.1.2.1
1.6.13000.8.2.1
1.6.13016.8.2.1.16
1.6.13180.8.2.1.5.3
1.6.13194.8.2.1.1.1.7.3
1.6.13337.8.2.1
1.6.13342.8.2.1.6.1.4.1
1.6.13366.8.2.1.21.1.1.1
1.6.13533.8.2.1.1.2.22.5.31
1.6.13545.8.2.1
1.6.13638.8.2.1.1
1.6.13784.8.2.1.3.1.2
1.6.13812.8.2.1.3.1.24.6
1.6.13886.8.2.1.4.2.2.8.12
1.6.14055.8.2.1.10.1.1
1.6.14143.8.2.1.1
1.6.14161.8.2.1.2
1.6.14371.8.2.1.6.2.4.4
1.6.14719.8.2.1.6.2.8
1.6.14922.8.2.1.27
1.6.14925.8.2.1.5.1.3.10
1.6.14940.8.2.1.8.4.6
1.6.14970.8.2.1.11.3.2.2.4
1.6.15118.8.2.1.5.3
1.6.15219.8.2.1.3
1.6.15247.8.2.1.5
1.6.15295.8.2.1.2.2.4.1
1.6.15416.8.2.1.7.2.6
1.6.15678.8.2.1.5.1.1
1.6.15878.8.2.1.4.3.26
1.6.15934.8.2.1.6.1.2
1.6.15943.8.2.1.2.1.23
1.6.15972.8.2.1
1.6.16216.8.2.1.16
1.6.16255.8.2.1
1.6.16279.8.2.1.8.1
1.6.16458.8.2.1.6.3.13.1.48.43
1.6.16596.8.2.1.10.5
1.6.16836.8.2.1.6.1
1.6.16856.8.2.1.5.2.7.3
1.6.16908.8.2.1.3.1.1.1.7
1.6.16936.8.2.1.16
1.6.16937.8.2.1.3.1.21
1.6.16952.8.2.1
1.6.16958.8.2.1.3.1.7
1.6.17004.8.2.1.4.3.68
1.6.17171.8.2.1.13.1
1.6.17205.8.2.1.5.1
1.6.17406.8.2.1.23.3.5
1.6.17406.8.2.1.26.2.5.2.15
1.6.17571.8.2.1
1.6.17590.8.2.1.10.1.17.3
1.6.17680.8.2.1.2
1.6.17901.8.2.1
1.6.17993.8.2.1.5
1.6.18098.8.2.1.1.2.2
1.6.18444.8.2.1
1.6.18473.8.2.1.18.3.4.1
1.6.18515.8.2.1.14
1.6.18628.8.2.1.12.1.9
1.6.18631.8.2.1.16.1.1.1
1.6.18633.8.2.1.3.3.9
1.6.18741.8.2.1
1.6.18826.8.2.1.40.10
1.6.18988.8.2.1.12
1.6.19019.8.2.1.6.1.2.2.20
1.6.19167.8.2.1.10.1.3.3.55
1.6.19301.8.2.1.14.4.23
1.6.19313.8.2.1.8
1.6.19335.8.2.1.2.1.9.1
1.6.19373.8.2.1.20
1.6.19435.8.2.1.6.1.1
1.6.19551.8.2.1.2.3.10.1.8
1.6.19622.8.2.1.12.3.24
1.6.19683.8.2.1
1.6.19752.8.2.1.3
1.6.19756.8.2.1.10.1.31.2.5
1.6.19856.8.2.1.2.5.10.2
1.6.19878.8.2.1.3.4.32.1
1.6.19937.8.2.1.2.2.6.1.1
1.6.20103.8.2.1
1.6.20244.8.2.1.6
1.6.20276.8.2.1.2.2.70
1.6.20426.8.2.1.2
1.6.20638.8.2.1
1.6.20674.8.2.1.42.1
1.6.20765.8.2.1
1.6.20790.8.2.1.28
1.6.20972.8.2.1
1.6.21165.8.2.1.15.2.10.1
1.6.21214.8.2.1.4
1.6.21377.8.2.1.7.1
1.6.21524.8.2.1
1.6.21529.8.2.1.6.1.4.1
1.6.21717.8.2.1.1.2.11.3.41
1.6.21729.8.2.1
1.6.21817.8.2.1.2.1.3.3.7
1.6.21820.8.2.1.7.5.11.2
1.6.21823.8.2.1.15
1.6.21917.8.2.1
1.6.21934.8.2.1.12.2
1.6.21971.8.2.1.33.5.19.6.5
1.6.22068.8.2.1.4.2.2.8.12
1.6.22327.8.2.1.1
1.6.22345.8.2.1.2
1.6.22396.8.2.1
1.6.22462.8.2.1
1.6.22585.8.2.1
1.6.22899.8.2.1.6.2.8
1.6.23101.8.2.1.27
1.6.23104.8.2.1.5.1.3.10
1.6.23119.8.2.1.8.4.6
1.6.23149.8.2.1.11.3.2.2.4
1.6.23179.8.2.1.1.1.3.2
1.6.23188.8.2.1.3
1.6.23375.8.2.1.2
1.6.23400.8.2.1.5
1.6.23417.8.2.1
1.6.23454.8.2.1.18.2
1.6.23502.8.2.1
1.6.23574.8.2.1.7.2.6
1.6.23690.8.2.1
1.6.23824.8.2.1.11.1.1
1.6.23841.8.2.1.18
1.6.24063.8.2.1.8.1.9
1.6.24096.8.2.1.13.3
1.6.24115.8.2.1.3.2.45.9.22
1.6.24124.8.2.1.1.5.15
1.6.24175.8.2.1
1.6.24236.8.2.1.15.9.12.2.4
1.6.24236.8.2.1.15.9.13.3
1.6.24395.8.2.1.16
1.6.24434.8.2.1
1.6.24458.8.2.1.8.1
1.6.24807.8.2.1.10.5
1.6.25030.8.2.1.3.2.23.9
1.6.25108.8.2.1.21
1.6.25109.8.2.1.3.1.16
1.6.25132.8.2.1.16
1.6.25179.8.2.1.18.7.54
1.6.25233.8.2.1.1.1
1.6.25308.8.2.1.1
1.6.25599.8.2.1.8
1.6.25748.8.2.1
1.6.25807.8.2.1.14.4
1.6.25860.8.2.1.6.2.8.1
1.6.26070.8.2.1
1.6.26162.8.2.1.5
1.6.26265.8.2.1.13
1.6.26610.8.2.1
1.6.26647.8.2.1.18.3.4.1
1.6.26693.8.2.1.14.2.2
1.6.26827.8.2.1.8.1.9
1.6.26830.8.2.1.12.1.1.1
1.6.26832.8.2.1.3.3.9
1.6.26944.8.2.1.4.4
1.6.26945.8.2.1
1.6.27005.8.2.1.23.10
1.6.27166.8.2.1.12
1.6.27197.8.2.1.6.1.2.2.20
1.6.27344.8.2.1.10.1.3.3.47
1.6.27478.8.2.1.14.4.23
1.6.27490.8.2.1.8
1.6.27512.8.2.1.2.1.9.1
1.6.27527.8.2.1.1.1.14.2.11
1.6.27621.8.2.1.6.1.1
1.6.27732.8.2.1.2.3.10.1.8
1.6.27815.8.2.1.5.2.8
1.6.27948.8.2.1.2
1.6.28057.8.2.1.2.5.10.2
1.6.28171.8.2.1
1.6.28263.8.2.1.6.6.11.7
1.6.28365.8.2.1
1.6.28506.8.2.1.1.1.23
1.6.28541.8.2.1.10.2.7
1.6.28689.8.2.1.2
1.6.28875.8.2.1
1.6.28913.8.2.1
1.6.28949.8.2.1.42.1
1.6.29056.8.2.1.8
1.6.29087.8.2.1.7.1.2.2.9.27
1.6.29259.8.2.1.4.2
1.6.29459.8.2.1.12.1
1.6.29470.8.2.1.1.1.2.1
1.6.29668.8.2.1.5.3
1.6.29682.8.2.1.1.1.7.3
1.6.29719.8.2.1.3.3
1.6.29832.8.2.1
1.6.29837.8.2.1.6.1.4.1
1.6.30026.8.2.1.1.2.5.4.29
1.6.30038.8.2.1
1.6.30131.8.2.1.1
1.6.30155.8.2.1
1.6.30216.8.2.1
1.6.30270.8.2.1.5
1.6.30298.8.2.1.3.1.24.6
1.6.30377.8.2.1.4.2.2.8.12
1.6.30503.8.2.1.4.1
1.6.30531.8.2.1.10.1.1
1.6.30619.8.2.1.1
1.6.30637.8.2.1.2
1.6.30732.8.2.1
1.6.30751.8.2.1
1.6.30969.8.2.1.4.4
1.6.31189.8.2.1.6.2.8
1.6.31373.8.2.1.6.5.9
1.6.31373.8.2.1.9.1.3.3
1.6.31388.8.2.1.8.4.7
1.6.31673.8.2.1.3
1.6.31701.8.2.1.5
1.6.31718.8.2.1
1.6.31729.8.2.1.6
1.6.31853.8.2.1.7.2.6
1.6.31960.8.2.1
1.6.32119.8.2.1.5.1.1
1.6.32328.8.2.1.8.1.9
1.6.32346.8.2.1
1.6.32379.8.2.1.3.2.45.9.35
1.6.32387.8.2.1.2.1.15
1.6.32430.8.2.1
1.6.32507.8.2.1.10.3
1.6.32662.8.2.1.38.1.1.1.1
1.6.32704.8.2.1
1.6.32728.8.2.1.8.1
1.6.33033.8.2.1.10.5
1.6.33260.8.2.1.4.1.1.2
1.6.33282.8.2.1.5.2.7.3
1.6.33334.8.2.1.3.1.1.1.7
1.6.33362.8.2.1.16
1.6.33363.8.2.1.3.1.21
1.6.33386.8.2.1.16
1.6.33451.8.2.1.9.7.22
1.6.33569.8.2.1.1
1.6.33856.8.2.1.8
1.6.33951.8.2.1
1.6.33971.8.2.1.2.2
1.6.34017.8.2.1.10.1.17.3
1.6.34109.8.2.1.2
1.6.34306.8.2.1
1.6.34398.8.2.1.5
1.6.34501.8.2.1.13
1.6.34828.8.2.1
1.6.34841.8.2.1.4.1
1.6.34896.8.2.1.27.2.20.1.28
1.6.35026.8.2.1.3.1.9
1.6.35114.8.2.1
1.6.35150.8.2.1.2.1.2.3.10
1.6.35201.8.2.1.4.4.9.3.28
1.6.35359.8.2.1.12
1.6.35390.8.2.1.6.1.2.2.20
1.6.35542.8.2.1.25.1.2.1.35
1.6.35634.8.2.1.1
1.6.35669.8.2.1.2.2.6
1.6.35693.8.2.1.8
1.6.35713.8.2.1.2.1.9.1
1.6.35825.8.2.1.5.2.5
1.6.35935.8.2.1.3.3.13.1.13
1.6.36006.8.2.1.12.3.24
1.6.36173.8.2.1.14
1.6.36234.8.2.1.2.5.10.2
1.6.36256.8.2.1.3.4.32.1
1.6.36323.8.2.1
1.6.36513.8.2.1
1.6.36657.8.2.1.6
1.6.36689.8.2.1.2.2.71
1.6.36724.8.2.1.4.3.14.1
1.6.36850.8.2.1.2
1.6.37024.8.2.1
1.6.37198.8.2.1
1.6.37223.8.2.1.28
1.6.37249.8.2.1.28.2
1.6.37284.8.2.1
1.6.37411.8.2.1
1.6.37610.8.2.1.15.2.10.1
1.6.37845.8.2.1.7.1
1.6.37994.8.2.1
1.6.37999.8.2.1.6.1.4.1
1.6.38190.8.2.1.1.2.5.8.21
1.6.38202.8.2.1
1.6.38290.8.2.1.2.1.3.3.7
1.6.38293.8.2.1.7.5.11.2
1.6.38296.8.2.1.15
1.6.38379.8.2.1
1.6.38402.8.2.1.27.2
1.6.38437.8.2.1.31.5.22.2.5
1.6.38474.8.2.1.3.1.14.6
1.6.38548.8.2.1.4.2.2.8.12
1.6.38616.8.2.1.25.6.11.1
1.6.38682.8.2.1.4.1
1.6.38715.8.2.1.4
1.6.38795.8.2.1.13.1.1.2.16
1.6.38809.8.2.1.10.3.7
1.6.38865.8.2.1
1.6.39277.8.2.1.26.3.7.4
1.6.39374.8.2.1.6.2.8
1.6.39587.8.2.1.23
1.6.39590.8.2.1.5.1.3.6
1.6.39610.8.2.1.13
1.6.39641.8.2.1.11.3.2.2.4
1.6.39684.8.2.1.3
1.6.39794.8.2.1.5.3
1.6.39894.8.2.1.3
1.6.39922.8.2.1.5
1.6.39974.8.2.1.18.2
1.6.40022.8.2.1
1.6.40094.8.2.1.7.2.6
1.6.40180.8.2.1.6.3.24.5.3
1.6.40189.8.2.1.2.2
1.6.40357.8.2.1.5.1.1
1.6.40566.8.2.1.8.1.9
1.6.40599.8.2.1.13.3
1.6.40618.8.2.1.3.2.45.9.22
1.6.40626.8.2.1.2.1.15
1.6.40665.8.2.1
1.6.40726.8.2.1.15.9.12.2.4
1.6.40726.8.2.1.15.9.13.3
1.6.40896.8.2.1.16
1.6.40935.8.2.1
1.6.40959.8.2.1.8.1
1.6.41182.8.2.1.7.4.8.1.8.10
1.6.41318.8.2.1.10.5
1.6.41502.8.2.1.4.1
1.6.41551.8.2.1.4.1.1.2
1.6.41573.8.2.1.5.2.7.3
1.6.41625.8.2.1.3.1.1.1.7
1.6.41644.8.2.1.1
1.6.41645.8.2.1.2.1.1.2.29
1.6.41657.8.2.1.10.4.10.3.57
1.6.41701.8.2.1.4.3.80
1.6.41885.8.2.1.7.1
1.6.41919.8.2.1.5.1
1.6.42131.8.2.1.3.4.6.2.24
1.6.42252.8.2.1.24.2
1.6.42298.8.2.1.2.2.11.5
1.6.42388.8.2.1.2
1.6.42460.8.2.1.2.1.3.1
1.6.42721.8.2.1.5
1.6.42831.8.2.1.13
1.6.42864.8.2.1
1.6.43179.8.2.1
1.6.43216.8.2.1.18.3.4.1
1.6.43262.8.2.1.14.2.2
1.6.43407.8.2.1.3.1.9
1.6.43504.8.2.1.5.1
1.6.43570.8.2.1.4.4.9.3.26
1.6.43730.8.2.1.12
1.6.43761.8.2.1.6.1.2.2.20
1.6.43912.8.2.1.25.1.2.1.27
1.6.44006.8.2.1.1
1.6.44040.8.2.1.14.4.23
1.6.44052.8.2.1.8
1.6.44072.8.2.1.2.1.9.1
1.6.44110.8.2.1.5
1.6.44169.8.2.1.5.2.5
1.6.44360.8.2.1.12.3.24
1.6.44421.8.2.1
1.6.44527.8.2.1.14
1.6.44562.8.2.1
1.6.44589.8.2.1.2.5.10.2
1.6.44703.8.2.1
1.6.44783.8.2.1.8.1.4.4
1.6.44885.8.2.1
1.6.45014.8.2.1.5
1.6.45046.8.2.1.2.2.69
1.6.45397.8.2.1
1.6.45430.8.2.1
1.6.45571.8.2.1.43
1.6.45730.8.2.1.44.1.4.2
1.6.45939.8.2.1.15.2.10.1
1.6.46151.8.2.1.1.2.10.2
1.6.46294.8.2.1
1.6.46299.8.2.1.6.1.4.1
1.6.46486.8.2.1.18.1.4
1.6.46490.8.2.1.3.3
1.6.46582.8.2.1.1
1.6.46679.8.2.1
1.6.46733.8.2.1.33.5.19.6.5
1.6.46762.8.2.1.3.1.25.6
1.6.46836.8.2.1.4.2.2.8.12
1.6.47081.8.2.1.1
1.6.47099.8.2.1.2
1.6.47150.8.2.1
1.6.47551.8.2.1.26.3.7.4
1.6.47648.8.2.1.6.2.8
1.6.47825.8.2.1.6.5.9
1.6.47825.8.2.1.9.1.3.3
1.6.47840.8.2.1.8.4.7
1.6.47849.8.2.1.3
1.6.47869.8.2.1.3.2.2.7.4
1.6.47902.8.2.1.1.1.3.2
1.6.47911.8.2.1.3
1.6.48021.8.2.1.5.3
1.6.48119.8.2.1.3
1.6.48150.8.2.1.8.1.1
1.6.48204.8.2.1.9
1.6.48325.8.2.1.7.2.6
1.6.48411.8.2.1.6.3.24.5.3
1.6.48580.8.2.1.5.1.1
1.6.48795.8.2.1.8.1.9
1.6.48813.8.2.1
1.6.48846.8.2.1.3.2.45.9.35
1.6.48854.8.2.1.2.1.15
1.6.48892.8.2.1
1.6.48908.8.2.1
1.6.48934.8.2.1.6.6.15
1.6.49126.8.2.1
1.6.49150.8.2.1.8.1
1.6.49354.8.2.1.7.4.8.1.8.8
1.6.49360.8.2.1.21.2.6.1
1.6.49487.8.2.1.10.5
1.6.49670.8.2.1.4.1
1.6.49737.8.2.1.3.2.23.9
1.6.49825.8.2.1.16
1.6.49826.8.2.1.3.1.21
1.6.49849.8.2.1.16
1.6.49896.8.2.1.18.7.54
1.6.50300.8.2.1.8
1.6.50435.8.2.1.24.2
1.6.50563.8.2.1.2
1.6.50635.8.2.1.2.1.3.1
1.6.50840.8.2.1.8.2.7
1.6.50846.8.2.1.5
1.6.50953.8.2.1.13
1.6.51293.8.2.1
1.6.51330.8.2.1.18.3.4.1
1.6.51372.8.2.1.14
1.6.51485.8.2.1.12.1.9
1.6.51488.8.2.1.16.1.1.1
1.6.51490.8.2.1.3.3.9
1.6.51587.8.2.1
1.6.51677.8.2.1.1
1.6.51835.8.2.1.12
1.6.51870.8.2.1.5.16.25.4.8
1.6.51999.8.2.1.10.1.3.3.51
1.6.52134.8.2.1.14.4.23
1.6.52146.8.2.1.8
1.6.52166.8.2.1.2.1.9.1
1.6.52204.8.2.1.5
1.6.52261.8.2.1.5.2.5
1.6.52463.8.2.1.1
1.6.52585.8.2.1.3
1.6.52589.8.2.1.10.1.31.2.5
1.6.52631.8.2.1.14
1.6.52666.8.2.1
1.6.52693.8.2.1.2.5.10.2
1.6.52726.8.2.1.5.2.8
1.6.52781.8.2.1
1.6.52970.8.2.1
1.6.53095.8.2.1.5
1.6.53129.8.2.1.21
1.6.53159.8.2.1.4.3.14.1
1.6.53290.8.2.1.2
1.6.53465.8.2.1
1.6.53556.8.2.1.42.1
1.6.53662.8.2.1.43
1.6.53688.8.2.1.28.2
1.6.53732.8.2.1
1.6.53865.8.2.1
1.6.54075.8.2.1.1.1.4.1
1.6.54313.8.2.1.7.1
1.6.54446.8.2.1
1.6.54451.8.2.1.6.1.4.1
1.6.54621.8.2.1.20.1.4
1.6.54625.8.2.1.3.3
1.6.54712.8.2.1.2.1.3.3.7
1.6.54715.8.2.1.7.5.11.2
1.6.54718.8.2.1.15
1.6.54747.8.2.1
1.6.54808.8.2.1
1.6.54825.8.2.1.12.2
1.6.54862.8.2.1.5
1.6.54891.8.2.1.3.1.17.6
1.6.54971.8.2.1.4.2.2.8.12
1.6.55227.8.2.1.1
1.6.55245.8.2.1.2
1.6.55343.8.2.1.33.1.3.3
1.6.55449.8.2.1.6.3.7.4
1.6.55495.8.2.1.8.4
1.6.55791.8.2.1.6.2.8
1.6.55992.8.2.1.6.5.9
1.6.55992.8.2.1.9.1.3.3
1.6.56007.8.2.1.8.4.6
1.6.56037.8.2.1.11.3.2.2.4
1.6.56174.8.2.1
1.6.56276.8.2.1.21.2.26
1.6.56352.8.2.1.9
1.6.56483.8.2.1.17.3.17.1.10.65
1.6.56743.8.2.1.5.1.1
1.6.56955.8.2.1.1.4.8
1.6.56974.8.2.1.2.1
1.6.57014.8.2.1.2.1.1
1.6.57020.8.2.1.13.4.24.3.13
1.6.57070.8.2.1
1.6.57213.8.2.1.1.1
1.6.57307.8.2.1.16
1.6.57558.8.2.1.6.3.13.1.48.11
1.6.57567.8.2.1
1.6.57694.8.2.1.10.5
1.6.57929.8.2.1.4.1.1.2
1.6.57951.8.2.1.5.2.7.3
1.6.58003.8.2.1.3.1.1.1.7
1.6.58031.8.2.1.16
1.6.58032.8.2.1.3.1.21
1.6.58055.8.2.1.16
1.6.58102.8.2.1.18.7.54
1.6.58227.8.2.1.1.1.1
