1.1.1.21.5.1.8.2.6.10.36
1.1.1.37.5.1.1.1
1.1.1.93.12.3.13
1.1.1.262.24.1.4.10
1.1.1.269.5.1.7
1.1.1.305.5.1.7
1.1.1.313.5.1.4.1.7.10
1.1.1.342.50.6.6.11.11.5.10
1.1.1.372.10.1.11.4.3
1.1.1.395.5.1
1.1.1.449.32.2.15.5.18
1.1.1.450.49.3.5.2.24.1.5
1.1.1.493.8.3.17.6
1.1.1.564.9.1.4.3
1.1.1.659.11.1.4
1.1.1.785.5.1.2.2.24.1
1.1.1.1064.6
1.1.1.1112.19
1.1.1.1127.10.2.10.7.2
1.1.1.1162.5.1
1.1.1.1163.5.1.1.1.17
1.1.1.1237.33.2.9.1.2.1
1.1.1.1269.19.3.4
1.1.1.1344.5.1.2.2
1.1.1.1359.16.1.8.10
1.1.1.1359.16.4.8
1.1.1.1418.5.1.4
1.1.1.1468.5.1.3.3.11.3
1.1.1.1524.21.4.8.14
1.1.1.1540.8.1.4.4
1.1.1.1554.16.1.4
1.1.1.1571.5.1.3.1.3.1.1
1.1.1.1757.14.2
1.1.1.1770.5.1.1.1.23
1.1.1.1904.5.1.8.14
1.1.1.1904.9.1.4.4
1.1.1.1976.8.1.32
1.1.1.1993.5.1.5.3
1.1.1.2067.30.4.15
1.1.1.2137.5.1
1.1.1.2149.15.2.10.8
1.1.1.2251.12.1.5.11
1.1.1.2365.5.1.4.2
1.1.1.2365.11.4.4
1.1.1.2449.5.1.2.8.30.7
1.1.1.2470.5.1.3.2.3
1.1.1.2489.5.1
1.1.1.2489.12.1.4.2
1.1.1.2552.32.3.5.3.2
1.1.1.2625.9.1.4
1.1.1.2637.5.1.2.1.1
1.1.1.2727.39.1.32
1.1.1.2782.10.2.11.10
1.1.1.2787.17.2.4
1.1.1.2789.5.1.1.5
1.1.1.2876.18.2.5.3
1.1.1.2898.10.1.9
1.1.1.2990.8.2.8.7
1.1.1.2994.26.1.4
1.1.1.3040.3
1.1.1.3067.14.2.39.3.13.1.2
1.1.1.3168.5.1
1.1.1.3174.14.2.14.8.7
1.1.1.3185.16.2.6.4.19.1.36
1.1.1.3240.13.4.16.15.31.4
1.1.2.3353.5.1.3.5
1.1.2.3399.13.3.12.10.3
1.1.2.3594.10.6.4.5
1.1.2.3596.3
1.1.2.3640.5.1.8.5
1.1.2.3770.5.1.2.2.4.17
1.1.2.3846.5.1.12.3.15.2.17.7
1.1.2.3926.22.2.8.1
1.1.2.3981.14.2.5.7.17.2.3
1.1.2.4004.5.1
1.1.2.4014.17.1.4.4.20
1.1.2.4072.28.2.4.10
1.1.2.4115.24.2.17.7.15.1
1.1.2.4159.22.1.10.9.9
1.1.2.4217.5.1.3.2.6
1.1.2.4271.13.2.9
1.1.2.4401.14.2.10.4
1.1.2.4402.5.1.1.3
1.1.2.4418.5.1.2
1.1.2.4425.5.1.1
1.1.2.4462.8.1.11.3
1.1.2.4515.24.2.14
1.1.2.4517.12.1.4.17
1.1.2.4576.14.2.15.11.12
1.1.2.4756.22.2.28.1.26
1.1.2.4835.15.3.55.1.8.7
1.1.2.4840.5.1.73
1.1.2.4897.5.1
1.1.2.4957.41.2.30.23.28
1.1.2.4964.5.1.3.2
1.1.2.5104.8.1.4
1.1.2.5288.22.3
1.1.2.5311.12.1.15
1.1.2.5341.12.3.16
1.1.2.5362.19.1.8
1.1.2.5467.12.3.13
1.1.2.5492.5.1.30.1.15.2.4
1.1.2.5495.9.3.19.7
1.1.2.5626.24.1.4.10
1.1.2.5633.5.1.7
1.1.2.5680.5.1.7
1.1.2.5743.9.2.10
1.1.2.5768.19.1.11.15
1.1.2.5774.5.1.2.1.9.2.6.4
1.1.2.5795.5.1
1.1.2.5844.22.2.11.5.9
1.1.2.5864.5.1.4.1.4
1.1.2.5886.8.3.17.6
1.1.2.5955.9.1.4.3
1.1.2.6049.11.1.4
1.1.2.6294.37.1.9
1.1.2.6392.26.1.9
1.1.2.6462.6
1.1.2.6514.6
1.1.2.6554.5.1
1.1.2.6555.5.1.1.1.17
1.1.2.6574.5.1.3.14
1.1.2.6657.19.3.4
1.1.2.6742.16.1.8.10
1.1.2.6742.16.4.8
1.1.2.6800.5.1.1.1.1
1.1.2.6830.5.1.1.5.8.2
1.1.2.6848.5.1.3.1.4.1
1.1.2.6893.21.4.8.14
1.1.2.6909.8.1.4.4
1.1.2.6923.16.1.4
1.1.2.6940.5.1.3.1.3.1.1
1.1.2.7141.14.2
1.1.2.7154.5.1.1.1.23
1.1.2.7281.44.2.18.2.3.2
1.1.2.7293.5.1.5
1.1.2.7363.8.1.32
1.1.2.7380.5.1.5.3
1.1.2.7450.30.4.15
1.1.2.7525.5.1
1.1.2.7537.15.2.10.8
1.1.2.7645.25.2.34
1.1.2.7757.5.1.1
1.1.2.7758.15.2.7.3.10.3
1.1.2.7849.5.1.2.8.30.7
1.1.2.7872.5.1.18
1.1.2.7886.5.1
1.1.2.7886.12.1.4.2
1.1.2.8030.16.2
1.1.2.8035.9.1.9.1
1.1.2.8130.39.1.32
1.1.2.8172.5.1.3.1.7.5.35
1.1.2.8181.10.1.4
1.1.2.8268.18.2.5.3
1.1.2.8434.3
1.1.2.8461.14.2.39.3.13.1.2
1.1.2.8569.5.1.1.1.6
1.1.2.8648.22.2.4
1.1.2.8672.5.1.2
1.1.2.8805.13.3.12.10.3
1.1.2.9000.10.6.4.5
1.1.2.9002.3
1.1.2.9035.10.3.12
1.1.2.9144.25.3.4.7
1.1.2.9147.46.2.21.1.1
1.1.2.9272.5.1.1.1.1.1
1.1.2.9351.5.1
1.1.2.9405.14.2.5.7.17.2.3
1.1.2.9427.5.1
1.1.2.9437.17.1.4.3.20
1.1.2.9499.14.1.4.7
1.1.2.9550.24.2.17.7.15.1
1.1.2.9593.22.1.23.9.9
1.1.2.9856.21.2.6.1.1.10.49
1.1.2.9859.5.1.1.1
1.1.2.9890.17.1.23
1.1.2.10023.14.2.15.11.12
1.1.2.10072.5.1.3.1
1.1.2.10144.5.1.2.1.2.1
1.1.2.10205.5.1.1.3.5.2
1.1.2.10228.22.2.28.1.26
1.1.2.10230.17.6.20.6
1.1.2.10309.15.3.55.1.8.7
1.1.2.10314.5.1.73
1.1.2.10428.41.2.30.23.28
1.1.2.10435.5.1.3.2
1.1.2.10589.8.1.4
1.1.2.10764.22.3
1.1.2.10851.19.1.8
1.1.2.10901.5.1.1.1
1.1.2.10956.12.3.13
1.1.2.11122.27.2.17.8.6
1.1.2.11128.17.1.11.4
1.1.2.11135.5.1.1.1
1.1.2.11138.8.1.5
1.1.2.11177.5.1.7
1.1.2.11185.5.1.4.1.7.10
1.1.2.11214.50.6.6.11.11.5.10
1.1.2.11248.5.1
1.1.2.11291.5.1
1.1.2.11330.5.1.3.3.21.6.49
1.1.2.11335.5.1
1.1.2.11374.8.3.17.6
1.1.2.11443.9.1.4.3
1.1.2.11545.11.1.4
1.1.2.11971.5.1.8.1.2.2.7.7
1.1.2.12007.5.1
1.1.2.12008.5.1.1.1.17
1.1.2.12107.19.3.4
1.1.2.12198.16.1.8.10
1.1.2.12198.16.4.8
1.1.2.12231.13
1.1.2.12251.5.1.2.1.2
1.1.2.12283.5.1.1.5.8.2
1.1.2.12302.5.1.1.7
1.1.2.12354.21.4.8.14
1.1.2.12370.8.1.4.4
1.1.2.12401.5.1.3.1.3.1.1
1.1.2.12590.14.2
1.1.2.12603.5.1.1.1.23
1.1.2.12748.5.1.9
1.1.2.12807.8.1.32
1.1.2.12824.12.2.10.7.6
1.1.2.12845.10.3.4.8
1.1.2.12945.5.1
1.1.2.12957.15.2.10.8
1.1.2.13021.16.2
1.1.2.13058.12.1.5.11
1.1.2.13166.20.1.31
1.1.2.13167.29.4.8.26
1.1.2.13290.5.1.3.2.3
1.1.2.13309.5.1
1.1.2.13309.12.1.4.2
1.1.2.13358.14.3.5.3.2
1.1.2.13403.5.1
1.1.2.13426.30.2.12
1.1.2.13508.39.1.29
1.1.2.13561.5.1.3.1.7.5.6
1.1.2.13570.10.1.4
1.1.2.13585.8.1.15.2
1.1.2.13656.18.2.5.3
1.1.2.13776.14.1.4.3
1.1.2.13832.3
1.1.2.13859.14.2.39.3.13.1.2
1.1.2.13960.5.1
1.1.2.13966.14.2.14.8.7
1.1.2.13977.5.1.15.3.18.2.37
1.1.2.14074.8.1.4.5
1.1.2.14078.21.2.20.9
1.1.2.14192.13.3.12.10.3
1.1.2.14384.11.1.8.7
1.1.2.14423.10.3.12
1.1.2.14663.5.1.12.3.16.2.17.63
1.1.2.14774.14.2.5.7.17.2.3
1.1.2.14797.5.1
1.1.2.14807.17.1.4.3.20
1.1.2.14869.14.1.4.7
1.1.2.14916.17.2.6.1
1.1.2.15079.13.2.9
1.1.2.15238.26.1.11.2
1.1.2.15241.5.1.7.2.5.5
1.1.2.15266.8.1.11.3
1.1.3.15399.14.2.15.11.12
1.1.3.15454.5.1.3.1
1.1.3.15523.5.1.2.1.2.1
1.1.3.15584.5.1.1.3.5.2
1.1.3.15607.5.1.15.5.17
1.1.3.15750.5.1
1.1.3.15810.20.2.33
1.1.3.15962.8.1.4
1.1.3.16118.22.3
1.1.3.16175.12.3.16
1.1.3.16196.19.1.8
1.1.3.16295.12.3.13
1.1.3.16329.24.1.16
1.1.3.16467.5.1.1.1.22.1.4
1.1.3.16474.5.1
1.1.3.16488.12
1.1.3.16514.5.1.7
1.1.3.16522.5.1.4.1.7.10
1.1.3.16622.5.1
1.1.3.16676.5.1.2
1.1.3.16678.14.4.11.2
1.1.3.16691.22.3.12
1.1.3.16707.5.1.2
1.1.3.16776.14.2.5.2.1
1.1.3.16871.24.3
1.1.3.16915.10.1.4.5
1.1.3.17197.26.1.9
1.1.3.17303.6
1.1.3.17343.5.1
1.1.3.17344.5.1.1.1.17
1.1.3.17363.5.1.3.14
1.1.3.17395.10.3.8
1.1.3.17450.19.3.4
1.1.3.17524.5.1.2.2
1.1.3.17539.16.1.8.10
1.1.3.17539.16.4.8
1.1.3.17605.5.1.4
1.1.3.17657.9.1.4
1.1.3.17717.5.1.2.13.45
1.1.3.17733.8.1.4.4
1.1.3.17764.5.1.3.1.3.1.1
1.1.3.17815.6
1.1.3.17946.14.2
1.1.3.17959.5.1.1.1.23
1.1.3.18106.5.1.9
1.1.3.18183.8.1.32
1.1.3.18200.5.1.5.3
1.1.3.18281.14.2
1.1.3.18284.8.1.6.25
1.1.3.18345.5.1
1.1.3.18357.15.2.10.8
1.1.3.18459.12.1.5.11
1.1.3.18574.5.1.1
1.1.3.18575.15.2.7.3.10.3
1.1.3.18666.5.1.2.8.30.7
1.1.3.18687.18.1
1.1.3.18776.32.3.5.3.2
1.1.3.18821.5.1
1.1.3.18844.30.2.12
1.1.3.18925.39.1.32
1.1.3.18980.5.1.3.1.7.5.4
1.1.3.18989.10.1.4
1.1.3.19004.8.1.15.2
1.1.3.19075.18.2.5.3
1.1.3.19097.10.1.9
1.1.3.19124.5.1.1.1
1.1.3.19187.8.2.8.7
1.1.3.19191.26.1.4
1.1.3.19237.3
1.1.3.19264.14.2.39.3.13.1.2
1.1.3.19372.5.1.1.1.6
1.1.3.19503.8.1.4.5
1.1.3.19507.21.2.20.9
1.1.3.19631.13.3.12.10.3
1.1.3.19829.10.6.4.5
1.1.3.19831.3
1.1.3.19864.10.3.12
1.1.3.20018.5.1.2.2.4.9
1.1.3.20094.5.1.12.3.15.2.17.6
1.1.3.20204.14.2.5.7.17.2.3
1.1.3.20217.5.1
1.1.3.20230.5.1.5.2
1.1.3.20243.17.2.4.1.13
1.1.3.20305.21.2.5.6.19
1.1.3.20355.17.2.6.1
1.1.3.20411.8.1.7
1.1.3.20545.5.1.1.3.4.1.18
1.1.3.20681.5.1.2
1.1.3.20688.5.1.1
1.1.3.20725.8.1.11.3
1.1.3.20867.14.2.15.11.12
1.1.3.20969.13.2
1.1.3.21043.5.1.1.3.5.2
1.1.3.21047.5.1.5.1.3.2
1.1.3.21071.21.3.4.9
1.1.3.21152.15.3.21.1.7.4
1.1.3.21157.5.1.39
1.1.3.21231.15.2
1.1.3.21277.33.2.21.3.11
1.1.3.21318.5.1.3
1.1.3.21615.12.1.15
1.1.3.21666.13.3
1.1.3.21671.9.2.4
1.1.3.21696.5.1.8.2.6.10.36
1.1.3.21713.5.1.1.1
1.1.3.21768.12.3.13
1.1.3.21936.11.1.4.1
1.1.3.21947.8.1.5
1.1.3.21979.5.1.7
1.1.3.21987.5.1.4.1.7.10
1.1.3.22034.9.2.10
1.1.3.22059.19.1.11.15
1.1.3.22065.5.1.14.1.8.2.6.4
1.1.3.22086.5.1
1.1.3.22140.5.1.2
1.1.3.22160.5.1.10
1.1.3.22177.5.1.4.13.30
1.1.3.22252.9.1.4.3
1.1.3.22345.11.1.4
1.1.3.22388.12.1.11.6.17
1.1.3.22737.6
1.1.3.22783.25.1.20
1.1.3.22805.20.1.12
1.1.3.22855.11.1.16.15
1.1.3.22878.5.1.3.14
1.1.3.22960.15.3.28.1
1.1.3.23043.5.1.2.2
1.1.3.23058.16.1.8.10
1.1.3.23058.16.4.8
1.1.3.23094.13.1.18
1.1.3.23119.5.1.4
1.1.3.23171.5.1.3.3.11.3
1.1.3.23230.5.1.2.13.45
1.1.3.23246.8.1.4.4
1.1.3.23277.5.1.3.1.3.1.1
1.1.3.23329.6
1.1.3.23378.5.1.2.2.3.1
1.1.3.23468.25.2.15.5.39
1.1.3.23500.59.2
1.1.3.23600.5.1.9
1.1.3.23675.8.1.32
1.1.3.23692.12.2.10.7.6
1.1.3.23713.10.3.4.8
1.1.3.23759.30.4.15
1.1.3.23830.5.1
1.1.3.23842.15.2.10.8
1.1.3.23903.16.2
1.1.3.23940.12.1.5.11
1.1.3.24054.5.1.4.2
1.1.3.24054.11.4.4
1.1.3.24138.5.1.2.8.30.7
1.1.3.24161.5.1.18
1.1.3.24179.18.1
1.1.3.24179.22.1.8.3.1
1.1.3.24246.32.3.5.3.2
1.1.3.24300.16.4.6.12
1.1.3.24330.11.1.7.1
1.1.3.24406.39.1.32
1.1.3.24459.5.1.3.1.7.12.18
1.1.3.24468.10.1.4
1.1.3.24483.8.1.15.2
1.1.3.24553.18.2.5.3
1.1.3.24738.14.2.25.3.13.1.2
1.1.3.24802.5.1.14.2.14
1.1.3.24846.5.1.11
1.1.3.24864.29
1.1.3.24897.5.1
1.1.3.24919.13.4.16.15.23.4
1.1.3.24952.5.1.3
1.1.3.24955.10.1.10
1.1.3.25037.5.1.1.1.1.1
1.1.3.25078.13.3.12.10.3
1.1.3.25283.10.6.4.5
1.1.3.25285.3
1.1.3.25318.10.3.12
1.1.3.25425.5.1.12.4.5.1.5
1.1.3.25467.5.1.2.2.12.10
1.1.3.25543.5.1.12.3.16.2.17.6
1.1.3.25610.5.1
1.1.3.25658.14.2.5.7.17.2.3
1.1.3.25671.5.1
1.1.3.25684.5.1.5.2
1.1.3.25697.17.2.4.1.13
1.1.3.25754.14.1.4.7
1.1.3.25797.5.1.2.2
1.1.3.25808.24.2.17.7.15.1
1.1.3.25851.22.1.23.9.9
1.1.3.25912.22.3.9.18.5.4
1.1.3.25919.5.1
1.1.3.25960.22.2.26.33.30
1.1.3.26099.43.2.21.1.14
1.1.3.26103.10.1.7
1.1.3.26127.8.1.11.3
1.1.3.26269.14.2.15.11.12
1.1.3.26458.5.1.1.3.5.2
1.1.3.26481.5.1.15.5.17
1.1.3.26624.5.1
1.1.3.26683.18.2.6.1.49
1.1.3.26723.5.1.3
1.1.3.26828.8.1.4
1.1.3.26877.14.1.6.3
1.1.3.26916.5.1
1.1.3.26935.5.1
1.1.3.26941.12.1.11.13
1.1.3.26979.5.1.12
1.1.3.26997.38.1.4
1.1.3.27076.19.1.8
1.1.3.27097.5.1.8.2.6.10.36
1.1.3.27114.5.1.1.1
1.1.3.27170.12.3.13
1.1.3.27303.28.3
1.1.3.27348.5.1.3
1.1.3.27396.5.1.7
1.1.3.27459.9.2.10
1.1.3.27484.19.1.11.15
1.1.3.27490.5.1.2.1.9.2.6.4
1.1.3.27513.5.1
1.1.3.27567.5.1.2
1.1.3.27590.3
1.1.3.27608.5.1.4.13.16
1.1.3.27683.9.1.4.3
1.1.3.27782.11.1.4
1.1.3.27913.23.1.13
1.1.3.27934.14.1.15
1.1.3.28089.5.1.4.3
1.1.3.28102.5.1.1.1.4.1
1.1.3.28166.6
1.1.3.28212.25.1.20
1.1.3.28234.20.1.12
1.1.3.28239.5.1.3.1.2.2
1.1.3.28275.5.1
1.1.3.28276.5.1.1.1.17
1.1.3.28295.5.1.3.14
1.1.3.28386.19.3.4
1.1.3.28471.16.1.8.10
1.1.3.28471.16.4.8
1.1.4.32.5.1.5.1.1
1.1.4.66.26.1.8
1.1.4.144.5.1.2.13.45
1.1.4.160.8.1.4.4
1.1.4.191.5.1.3.1.3.1.1
1.1.4.374.53.2.20
1.1.4.384.15.1.11.3
1.1.4.514.44.2.18.2.3.2
1.1.4.521.20.2.8
1.1.4.525.13.1.16
1.1.4.600.8.1.32
1.1.4.617.12.2.10.7.6
1.1.4.638.10.3.4.8
1.1.4.679.5.1.1.1
1.1.4.684.5.1.14.1.7
1.1.4.720.17.2.7.2
1.1.4.744.5.1
1.1.4.756.15.2.10.8
1.1.4.853.12.1.5.11
1.1.4.967.5.1.4.2
1.1.4.967.11.4.4
1.1.4.1078.5.1.3.2.3
1.1.4.1098.18.1
1.1.4.1098.22.1.8.3.1
1.1.4.1160.14.3.5.3.2
1.1.4.1240.16.2
1.1.4.1245.9.1.9.1
1.1.4.1338.5.1
1.1.4.1393.5.1.3.1.7.12.25
1.1.4.1402.10.1.4
1.1.4.1490.18.2.5.3
1.1.4.1512.10.1.9
1.1.4.1616.26.1.4
1.1.4.1662.3
1.1.4.1689.14.2.39.3.13.1.2
1.1.4.1799.5.1.1.1.6
1.1.4.1874.22.2.4
1.1.4.1898.5.1.2
1.1.4.1984.5.1.1.1.1.1
1.1.4.2026.13.3.12.10.3
1.1.4.2221.10.6.4.5
1.1.4.2223.3
1.1.4.2256.10.3.12
1.1.4.2379.33.1.8
1.1.4.2406.25.2.7.5.7.1
1.1.4.2488.9.3.13.14.32
1.1.4.2609.19
1.1.4.2640.17.1.27
1.1.4.2652.17.1.4.3.20
1.1.4.2728.28.2.4.10
1.1.4.2767.17.2.6.1
1.1.4.2823.8.1.7
1.1.4.3074.14.2.10.4
1.1.4.3075.5.1.1.3
1.1.4.3128.5.1.3
1.1.4.3130.5.1
1.1.4.3142.5.1
1.1.4.3175.24.2.14
1.1.4.3177.12.1.4.17
1.1.4.3236.14.2.15.11.12
1.1.4.3256.14.5.6.1
1.1.4.3301.9.1.21.2
1.1.4.3437.22.2.28.1.30
1.1.4.3439.17.6.20.6
1.1.4.3604.15.2
1.1.4.3614.5.1.1.23.19.7.7
1.1.4.3647.5.1
1.1.4.3650.9.1.9.3
1.1.4.3801.8.1.4
1.1.4.3977.22.3
1.1.4.4053.19.1.8
1.1.4.4098.5.1.1.7
1.1.4.4153.12.3.13
1.1.4.4280.3
1.1.4.4318.27.2.17.8.6
1.1.4.4324.17.1.11.4
1.1.4.4331.5.1.1.1
1.1.4.4334.8.1.5
1.1.4.4366.5.1.7
1.1.4.4453.5.1.6.1.3.7.42.11
1.1.4.4543.32.2.15.5.18
1.1.4.4544.49.3.5.2.24.1.5
1.1.4.4547.5.1
1.1.4.4595.8.3.17.6
1.1.4.4664.9.1.4.3
1.1.4.4722.6
1.1.4.4751.11.1.4
1.1.4.4794.12.1.11.6.17
1.1.4.4889.3
1.1.4.4970.37.1.9
1.1.4.5048.5.1.4.3
1.1.4.5061.5.1.1.1.4.1
1.1.4.5125.6
1.1.4.5178.6
1.1.4.5227.5.1
1.1.4.5228.5.1.1.1.17
1.1.4.5247.11
1.1.4.5285.10.3.8
1.1.4.5333.15.3.28.1
1.1.4.5434.16.1.8.10
1.1.4.5434.16.4.8
1.1.4.5494.5.1.4
1.1.4.5527.5.1.1.5.8.2
1.1.4.5546.5.1.1.2
1.1.4.5598.21.4.8.14
1.1.4.5613.29.1.4.5
1.1.4.5626.16.1.4
1.1.4.5643.5.1.3.1.3.1.1
1.1.4.5690.17.1.43
1.1.4.5725.15.2.7.2.5
1.1.4.5856.14.2
1.1.4.5869.5.1.1.1.23
1.1.4.5996.5.1.8.14
1.1.4.5996.9.1.4.4
1.1.4.6068.8.1.32
1.1.4.6085.5.1.5.3
1.1.4.6188.17.2.7.2
1.1.4.6212.5.1
1.1.4.6224.15.2.10.8
1.1.4.6317.9.1.4
1.1.4.6416.20.1.31
1.1.4.6417.29.4.8.26
1.1.4.6532.14.1.5.11
1.1.4.6615.32.3.5.3.2
1.1.4.6695.16.2
1.1.4.6700.9.1.9.1
1.1.4.6839.8.1.4.12
1.1.4.6850.5.1
1.1.4.6920.8.1.24
1.1.4.6937.15.2.6.10
1.1.4.6945.9.1.8.4
1.1.4.7054.14.1.4.3
1.1.4.7130.14.2.25.3.13.1.2
1.1.4.7239.5.1.1.1.6
1.1.4.7259.12
1.1.4.7335.8.1.4.5
1.1.4.7415.5.1.1.1.1.1
1.1.4.7455.13.3.12.10.3
1.1.4.7631.5.1.1
1.1.4.7669.10.3.12
1.1.4.7772.13.2.26.31.13
1.1.4.7886.5.1.12.3.15.2.17.74
1.1.4.7923.18.2
1.1.4.7958.17.1.5
1.1.4.7994.23.1.4.2
1.1.4.8025.5.1.4.1.3
1.1.4.8071.5.1.1.5.21.1.4.7
1.1.4.8115.8.2.4.6
1.1.4.8165.17.2.6.1
1.1.4.8218.22.1.10.9.9
1.1.4.8473.5.1.2.1
1.1.4.8474.5.1.1.1
1.1.4.8531.8.1.11.3
1.1.4.8584.24.2.14
1.1.4.8586.12.1.4.17
1.1.4.8643.14.2.15.11.12
1.1.4.8752.13.2
1.1.4.8818.5.1.2.2
1.1.4.8842.21.3.4.9
1.1.4.8923.15.3.21.1.7.4
1.1.4.8928.5.1.39
1.1.4.8989.5.1
1.1.4.9049.41.2.30.23.28
1.1.4.9056.5.1.3.2
1.1.4.9208.8.1.4
1.1.4.9381.22.3
1.1.4.9406.12.1.15
1.1.4.9457.13.3
1.1.4.9462.9.2.4
1.1.4.9489.5.1.8.2.6.10.36
1.1.4.9505.5.1.1.1
1.1.4.9561.12.3.13
1.1.4.9586.5.1.30.1.15.2.4
1.1.4.9589.9.3.19.7
1.1.4.9721.24.1.4.10
1.1.4.9728.5.1.7
1.1.4.9765.5.1.7
1.1.4.9773.5.1.4.1.7.10
1.1.4.9820.9.2.10
1.1.4.9845.19.1.11.15
1.1.4.9851.12.1.5.1.8
1.1.4.9874.5.1
1.1.4.9923.22.2.11.5.9
1.1.4.9942.5.1.10
1.1.4.9959.5.1.4.13.30
1.1.4.10025.9.1.4.3
1.1.4.10120.5.1
1.1.4.10161.10.1.4.5
1.1.4.10256.3
1.1.4.10468.6
1.1.4.10514.25.1.20
1.1.4.10527.6
1.1.4.10576.11.1.16.15
1.1.4.10598.11
1.1.4.10658.33.2.9.1.2.1
1.1.4.10690.19.3.4
1.1.4.10764.5.1.2.2
1.1.4.10779.16.1.8.10
1.1.4.10779.16.4.8
1.1.4.10841.5.1.1.1.1
1.1.4.10871.5.1.1.5.8.2
1.1.4.10889.3
1.1.4.10949.5.1.2.13.43
1.1.4.10965.8.1.4.4
1.1.4.10996.5.1.3.1.3.1.1
1.1.4.11200.14.2.8.12
1.1.4.11335.44.2.18.2.3.2
1.1.4.11347.5.1.5
1.1.4.11424.8.1.32
1.1.4.11441.5.1.5.3
1.1.4.11510.30.4.15
1.1.4.11553.17.2.7.2
1.1.4.11577.5.1
1.1.4.11589.15.2.10.8
1.1.4.11691.12.1.5.11
1.1.4.11805.5.1.4.2
1.1.4.11805.11.4.4
1.1.4.11886.5.1.1.1
1.1.4.11910.5.1.3.2.3
1.1.4.11930.18.1
1.1.4.11930.22.1.8.3.1
1.1.4.11995.14.3.5.3.2
1.1.4.12040.16.4.6.12
1.1.4.12056.9.1.4
1.1.4.12068.5.1.2.1.1
1.1.4.12146.5.1
1.1.4.12199.5.1.3.1.7.10.29
1.1.4.12208.10.1.4
1.1.4.12223.8.1.15.2
1.1.4.12294.18.2.5.3
1.1.4.12420.26.1.4
1.1.4.12466.3
1.1.4.12493.14.2.39.3.13.1.2
1.1.4.12557.5.1.14.2.14
1.1.4.12600.16.2.12
1.1.4.12607.11.1.4.1
1.1.4.12680.22.2.4
1.1.4.12704.5.1.2
1.1.4.12790.5.1.1.1.1.1
1.1.4.12832.13.3.12.10.3
1.1.4.13022.10.6.4.5
1.1.4.13024.3
1.1.4.13068.5.1.8.5
1.1.4.13148.25.3.4.7
1.1.4.13151.46.2.21.1.1
1.1.4.13196.5.1.2.2.12.11
1.1.4.13272.5.1.12.3.15.2.17.7
1.1.4.13387.14.2.5.7.17.2.3
1.1.4.13410.5.1
1.1.4.13421.5.1.4.7.22.3
1.1.4.13463.14.1.4.7
1.1.4.13474.5.1.2.1.3.1.1
1.1.4.13515.17.2.6.1
1.1.4.13571.8.1.7
1.1.4.13706.5.1.1.3.4.1.18
1.1.4.13866.21.2.6.1.1.4.34
1.1.4.13869.5.1.1.1
1.1.4.13900.17.1.23
1.1.4.14027.14.2.15.11.12
1.1.4.14199.5.1.1.3.5.2
1.1.4.14220.17.3.23.30.42
1.1.4.14398.30.2.22
1.1.4.14424.14.2.6.3.14.3.4
1.1.4.14628.14.1.6.3
1.1.4.14754.22.3
1.1.4.14840.19.1.8
1.1.4.14944.12.3.13
1.1.4.15110.27.2.17.8.6
1.1.4.15116.17.1.11.4
1.1.4.15123.5.1.1.1
1.1.4.15126.8.1.5
1.1.4.15165.5.1.7
1.1.4.15173.5.1.4.1.7.10
1.1.4.15202.50.6.6.11.11.5.10
1.1.4.15232.10.1.11.4.3
1.1.4.15255.5.1
1.1.4.15303.14.2.7.5.8
1.1.4.15304.31.3.5.2.14.1.6
1.1.4.15342.8.3.17.6
1.1.4.15413.9.1.4.3
1.1.4.15507.11.1.4
1.1.4.15947.6
1.1.4.15987.5.1
1.1.4.15988.5.1.1.1.17
1.1.4.16033.23.2.4
1.1.4.16054.33.2.9.1.2.1
1.1.4.16086.19.3.4
1.1.4.16160.5.1.2.2
1.1.4.16178.16.1.8.10
1.1.4.16178.16.4.8
1.1.4.16235.5.1.5.1.1
1.1.4.16267.22
1.1.4.16272.5.1.17.13.4.1
1.1.4.16323.5.1.2.13.45
1.1.4.16339.8.1.4.4
1.1.4.16370.5.1.3.1.3.1.1
1.1.4.16557.14.2
1.1.4.16574.5.1.1.1.22
1.1.4.16714.52.2.5.2.8.1
1.1.4.16782.8.1.32
1.1.4.16799.5.1.5.3
1.1.4.16869.30.4.15
1.1.4.16908.17.2.7.2
1.1.4.16932.5.1
1.1.4.16944.15.2.10.8
1.1.4.17038.9.1.4
1.1.4.17137.20.1.31
1.1.4.17138.29.4.8.26
1.1.4.17259.5.1.3.2.3
1.1.4.17261.5.1.3.2.10.2
1.1.4.17339.14.3.5.3.2
1.1.4.17410.16.2
1.1.4.17415.9.1.9.1
1.1.4.17502.39.1.29
1.1.4.17661.18.2.5.3
1.1.4.17774.14.1.4.3
1.1.4.17826.3
1.1.4.17853.14.2.39.3.13.1.2
1.1.4.17954.5.1
1.1.4.17960.14.2.14.8.7
1.1.4.17978.29
1.1.4.18011.5.1
1.1.4.18033.13.4.16.15.23.4
1.1.4.18066.5.1.3
1.1.4.18069.10.1.10
1.1.4.18151.5.1.1.1.1.1
1.1.4.18194.13.3.12.10.3
1.1.4.18388.10.6.4.5
1.1.4.18390.3
1.1.4.18519.13.2.26.31.13
1.1.4.18561.5.1.2.2.12.18
1.1.4.18642.9.3.13.14.32
1.1.4.18683.18.2
1.1.4.18719.5.1
1.1.4.18767.19
1.1.4.18797.17.1.27
1.1.4.18810.5.1.4.7.22.3
1.1.4.18852.14.1.4.7
1.1.4.18904.20.1.12
1.1.4.18948.22.1.10.9.9
1.1.4.19020.22.3.9.18.5.4
1.1.4.19027.5.1
1.1.4.19066.5.1.2.1.22
1.1.4.19196.14.2.10.4
1.1.4.19197.5.1.1.3
1.1.4.19215.43.2.21.1.14
1.1.4.19219.10.1.7
1.1.4.19243.8.1.11.3
1.1.4.19377.14.2.15.11.12
1.1.4.19494.11
1.1.4.19560.17.3.23.30.42
1.1.4.19728.5.1
1.1.4.19787.5.1
1.1.4.19789.5.1
1.1.4.20053.5.1
1.1.4.20059.12.1.11.13
1.1.4.20101.5.1.12
1.1.4.20207.19.1.8
1.1.4.20240.20.2.4
1.1.4.20298.12.3.13
1.1.4.20469.11.1.4.1
1.1.4.20480.8.1.5
1.1.4.20514.5.1.7
1.1.4.20522.5.1.4.1.7.10
1.1.4.20548.3
1.1.4.20572.9.2.10
1.1.4.20599.5.1
1.1.4.20631.5.1
1.1.4.20679.14.2.7.5.8
1.1.4.20680.31.3.5.2.14.1.6
1.1.4.20702.5.1.4.1.17
1.1.4.20722.8.3.17.6
1.1.4.20789.5.1.38.4.20
1.1.4.20882.11.1.4
1.1.4.20928.10.1.4.2
1.1.4.21011.5.1.2.2.24.1
1.1.4.21278.6
1.1.4.21324.25.1.20
1.1.4.21346.20.1.12
1.1.4.21351.5.1.3.1.2.2
1.1.4.21387.11.1.16.15
1.1.4.21436.23.2.4
1.1.4.21457.33.2.9.1.2.1
1.1.4.21489.19.3.4
1.1.4.21563.5.1.2.2
1.1.4.21578.16.1.8.10
1.1.4.21578.16.4.8
1.1.4.21640.5.1.4
1.1.4.21673.5.1.1.5.8.2
1.1.4.21736.21.4.8.14
1.1.4.21751.29.1.4.5
1.1.4.21764.16.1.4
1.1.4.21781.5.1.3.1.3.1.1
1.1.4.21828.17.1.43
1.1.4.21863.15.2.7.2.5
1.1.4.21995.14.2
1.1.4.22008.5.1.1.1.23
1.1.4.22134.53.2.35.2.3.2
1.1.4.22146.5.1.5
1.1.4.22221.8.1.32
1.1.4.22238.5.1.22.2.5.2
1.1.4.22244.9.1.9
1.1.4.22377.5.1
1.1.4.22389.15.2.10.8
1.1.4.22491.12.1.5.11
1.1.4.22595.20.1.31
1.1.4.22596.29.4.8.26
1.1.4.22715.18.1
1.1.4.22803.32.3.5.3.2
1.1.4.22874.16.2
1.1.4.22879.9.1.9.1
1.1.4.22961.5.1
1.1.4.23019.5.1.1.1.2
1.1.4.23120.18.2.5.3
1.1.4.23142.10.1.9
1.1.4.23229.8.2.8.7
1.1.4.23267.3
1.1.4.23294.14.2.39.3.13.1.2
1.1.4.23402.5.1.1.1.6
1.1.4.23481.22.2.4
1.1.4.23505.5.1.2
1.1.4.23638.13.3.12.10.3
1.1.4.23828.10.6.4.5
1.1.4.23830.3
1.1.4.23874.5.1.8.5
1.1.4.23951.25.3.4.7
1.1.4.23954.46.2.21.1.1
1.1.4.24072.5.1.12.3.16.2.17.15
1.1.4.24182.14.2.5.7.17.2.3
1.1.4.24195.5.1
1.1.4.24208.5.1.5.2
1.1.4.24221.17.2.4.1.13
1.1.4.24277.8.2.4.6
1.1.4.24327.17.2.6.1
1.1.4.24381.22.1.15.9.9
1.1.4.24452.22.3.9.18.5.4
1.1.4.24459.5.1
1.1.4.24633.5.1.2.1
1.1.4.24634.5.1.1.1
1.1.4.24697.8.1.11.3
1.1.4.24839.14.2.15.11.12
1.1.4.24911.9.1.21.2
1.1.4.24950.13.2
1.1.4.25045.22.2.28.1.30
1.1.4.25047.17.6.20.6
1.1.4.25124.15.3.21.1.7.4
1.1.4.25129.5.1.39
1.1.4.25190.5.1
1.1.4.25253.33.2.21.3.11
1.1.4.25346.5.1.29.5.9.1
1.1.4.25504.5.1
1.1.4.25510.12.1.11.13
1.1.4.25552.5.1.12
1.1.4.25570.38.1.4
1.1.4.25635.12.3.16
1.1.4.25656.19.1.8
1.1.4.25746.12.3.13
1.1.4.25771.5.1.30.1.15.2.4
1.1.4.25774.9.3.19.7
1.1.4.25917.27.2.17.8.6
1.1.4.25923.17.1.11.4
1.1.4.25930.5.1.1.1
1.1.4.25933.8.1.5
1.1.4.25972.5.1.7
1.1.4.26012.3
1.1.4.26036.9.2.10
1.1.4.26061.19.1.11.15
1.1.4.26067.5.1.2.1.9.2.6.4
1.1.4.26088.5.1
1.1.4.26136.14.2.7.5.8
1.1.4.26137.31.3.5.2.14.1.6
1.1.4.26181.5.1.2
1.1.4.26260.9.1.4.3
1.1.4.26406.12.1.11.6.17
1.1.4.26680.5.1.4.3
1.1.4.26693.5.1.1.1.4.1
1.1.4.26757.6
1.1.4.26855.5.1
1.1.4.26856.5.1.1.1.17
1.1.4.26875.11
1.1.4.26913.10.3.8
1.1.4.26961.15.3.28.1
1.1.4.27055.16.1.8.10
1.1.4.27055.16.4.8
1.1.4.27117.5.1.4
1.1.4.27154.5.1.1.5.8.2
1.1.4.27232.5.1.2.13.45
1.1.4.27248.8.1.4.4
1.1.4.27279.5.1.3.1.3.1.1
1.1.4.27323.17.1.43
1.1.4.27358.15.2.7.2.5
1.1.4.27491.14.2
1.1.4.27504.5.1.1.1.23
1.1.4.27630.53.2.35.2.3.2
1.1.4.27642.5.1.5
1.1.4.27719.8.1.32
1.1.4.27736.5.1.5.3
1.1.4.27806.30.4.15
1.1.4.27881.5.1
1.1.4.27893.15.2.10.8
1.1.4.27986.9.1.4
1.1.4.28083.20.1.31
1.1.4.28084.29.4.8.26
1.1.4.28205.5.1.3.2.3
1.1.4.28207.5.1.3.2.10.2
1.1.4.28222.5.1.1.2.11
1.1.4.28341.16.2
1.1.4.28346.9.1.9.1
1.1.4.28439.39.1.32
1.1.4.28492.5.1.3.1.7.5.6
1.1.4.28501.10.1.4
1.1.4.28516.8.1.15.2
1.1.4.28587.18.2.5.3
1.1.4.28609.10.1.9
1.1.4.28702.14.1.4.3
1.1.4.28754.3
1.1.4.28781.14.2.39.3.13.1.2
1.1.4.28838.5.1.18.2.14
1.1.4.28882.5.1.11
1.1.4.28899.12
1.1.4.28929.5.1.21.1.1.3
1.1.4.28953.13.4.16.15.31.4
1.1.4.29105.13.3.12.10.3
1.1.4.29288.5.1.1
1.1.4.29324.10.3.12
1.1.4.29446.5.1.19
1.1.4.29488.5.1.2.2.4.10
1.1.4.29564.5.1.12.3.16.2.17.7
1.1.4.29603.18.2
1.1.4.29636.5.1
1.1.4.29678.19
1.1.4.29712.5.1
1.1.4.29723.14.2.7.7
1.1.4.29779.28.2.4.10
1.1.4.29814.5.1.2.2
1.1.4.29826.20.1.12
1.1.4.29870.22.1.10.9.9
1.1.4.29932.22.3.9.18.5.4
1.1.4.29939.5.1
1.1.4.29987.5.1
1.1.4.30152.26.1.11.2
1.1.4.30155.5.1.7.2.5.5
1.1.4.30181.39.1.48.22
1.1.4.30315.14.2.15.11.12
1.1.4.30335.14.5.6.1
1.1.4.30432.5.1.1.8.15.6.46.8
1.1.4.30493.5.1.1.3.5.2
1.1.4.30516.22.2.28.1.26
1.1.4.30595.15.3.55.1.8.7
1.1.4.30600.5.1.73
1.1.4.30673.15.2
1.1.4.30683.5.1.1.23.19.7.7
1.1.4.30716.5.1
1.1.4.30719.9.1.9.3
1.1.4.30882.8.1.4
1.1.4.30933.14.1.6.3
1.1.4.30972.5.1
1.1.4.31054.22.3
1.1.4.31144.19.1.8
1.1.4.31190.14.2
1.1.4.31244.12.3.13
1.1.4.31407.27.2.17.8.6
1.1.4.31413.17.1.11.4
1.1.4.31456.5.1.7
1.1.4.31464.5.1.4.1.7.10
1.1.4.31493.50.6.6.11.11.5.10
1.1.4.31522.5.1.3.2
1.1.4.31524.14.2.7.3
1.1.4.31551.5.1
1.1.4.31599.14.2.7.5.8
1.1.4.31600.31.3.5.2.14.1.6
1.1.4.31638.8.3.17.6
1.1.4.31709.9.1.4.3
1.1.4.31805.11.1.4
1.1.4.31943.3
1.1.4.32200.6
1.1.4.32253.6
1.1.4.32293.5.1
1.1.4.32294.5.1.1.1.17
1.1.4.32313.11
1.1.4.32393.19.3.4
1.1.4.32466.5.1.2.2
1.1.4.32481.16.1.8.10
1.1.4.32481.16.4.8
1.1.4.32543.5.1.4
1.1.4.32580.5.1.1.5.8.2
1.1.4.32598.5.1.3.1.4.1
1.1.4.32672.16.1.4
1.1.4.32689.5.1.3.1.3.1.1
1.1.4.32796.18.2.12.2
1.1.4.32874.15.4.18.7.5
1.1.4.33027.5.1.9
1.1.4.33104.8.1.32
1.1.4.33121.5.1.5.3
1.1.4.33187.8.1.9.4
1.1.4.33228.17.2.7.2
1.1.4.33252.5.1
1.1.4.33264.15.2.10.8
1.1.4.33373.25.2.34
1.1.4.33490.5.1.4.2
1.1.4.33490.11.4.4
1.1.4.33561.9.1.33
1.1.4.33570.55.3.35
1.1.4.33589.5.1.3.2.3
1.1.4.33591.5.1.3.2.10.2
1.1.4.33606.5.1.1.2.11
1.1.4.33739.9.1.4
1.1.4.33751.5.1.2.1.1
1.1.4.33835.39.1.32
1.1.4.33856.30.2.30.1
1.1.4.33886.8.1.4.9
1.1.4.33897.5.1
1.1.4.33990.18.2.5.3
1.1.4.34012.10.1.9
1.1.4.34042.5.1.1.1
1.1.4.34113.26.1.4
1.1.4.34159.3
1.1.4.34186.14.2.39.3.13.1.2
1.1.4.34295.5.1.11
1.1.4.34313.29
1.1.4.34346.5.1
1.1.4.34405.8.1.4.5
1.1.4.34486.5.1.3.5
1.1.4.34530.13.3.12.10.3
1.1.4.34720.10.6.4.5
1.1.4.34722.3
1.1.4.34755.10.3.12
1.1.4.34877.6
1.1.4.34881.5.1.21
1.1.4.34990.5.1.12.3.15.2.17.63
1.1.4.35099.14.2.5.7.17.2.3
1.1.4.35112.5.1
1.1.4.35125.5.1.5.2
1.1.4.35138.16.3.10.10.17.3
1.1.4.35196.14.1.4.7
1.1.4.35207.5.1.2.1.3.1.1
1.1.4.35247.31.4.10.16
1.1.4.35303.8.1.7
1.1.4.35367.5.1.3.2.6
1.1.4.35435.5.1.1.3.4.1.12
1.1.4.35593.26.1.11.2
1.1.4.35596.5.1.7.2.5.5
1.1.4.35616.25.3.4.4
1.1.4.35750.14.2.15.11.12
1.1.4.35770.14.5.6.1
1.1.4.35942.5.1.1.3.5.2
1.1.4.35965.5.1.15.5.17
1.1.5.36051.15.3.21.1.7.4
1.1.5.36056.5.1.39
1.1.5.36172.41.2.30.23.28
1.1.5.36179.5.1.3.2
1.1.5.36271.5.1.29.5.9.1
1.1.5.36327.5.1
1.1.5.36342.8.1.4
1.1.5.36445.5.1
1.1.5.36451.12.1.11.13
1.1.5.36506.22.3
1.1.5.36531.12.1.15
1.1.5.36587.19.1.8
1.1.5.36687.12.3.13
1.1.5.36721.24.1.16
1.1.5.36855.11.1.4.1
1.1.5.36866.8.1.5
1.1.5.36900.5.1.7
1.1.5.36987.5.1.6.1.3.7.42.11
1.1.5.37028.5.1
1.1.5.37076.14.2.7.5.8
1.1.5.37077.31.3.5.2.14.1.6
1.1.5.37122.8.3.17.6
1.1.5.37193.9.1.4.3
1.1.5.37295.11.1.4
1.1.5.37426.23.1.13
1.1.5.37607.26.1.9
1.1.5.37668.6
1.1.5.37728.5.1.5.2
1.1.5.37764.23.3.4.12
1.1.5.37769.10.2.4
1.1.5.37789.5.1.3.14
1.1.5.37822.10.3.8
1.1.5.37878.14.2
1.1.5.37954.5.1.2.2
1.1.5.37969.16.1.8.10
1.1.5.37969.16.4.8
1.1.5.38029.5.1.4
1.1.5.38066.5.1.1.5.8.2
1.1.5.38155.5.1.2
1.1.5.38184.5.1.3.1.3.1.1
1.1.5.38300.18.2.12.2
1.1.5.38375.14.2
1.1.5.38388.5.1.1.1.23
1.1.5.38524.5.1.9
1.1.5.38583.8.1.32
1.1.5.38601.5.1.1.24
1.1.5.38615.10.3.4.8
1.1.5.38666.30.4.15
1.1.5.38737.5.1
1.1.5.38749.15.2.10.8
1.1.5.38811.16.2
1.1.5.38848.12.1.5.11
1.1.5.38963.5.1.1
1.1.5.38964.15.2.7.3.10.3
1.1.5.39054.5.1.2.8.30.7
1.1.5.39075.5.1.3.2.3
1.1.5.39077.5.1.3.2.10.2
1.1.5.39153.14.3.5.3.2
1.1.5.39224.16.2
1.1.5.39229.9.1.9.1
1.1.5.39308.39.1.32
1.1.5.39467.18.2.5.3
1.1.5.39489.10.1.9
1.1.5.39519.5.1.1.1
1.1.5.39590.14.1.4.3
1.1.5.39637.5.1.5.4
1.1.5.39656.5.1.7.1.16
1.1.5.39761.5.1.1.1.6
1.1.5.39781.29
1.1.5.39811.5.1.21.1.1.3
1.1.5.39872.8.1.4.5
1.1.5.39949.5.1.1.1.1.1
1.1.5.39992.13.3.12.10.3
1.1.5.40193.10.6.4.5
1.1.5.40195.3
1.1.5.40228.10.3.12
1.1.5.40289.14.2.6.1
1.1.5.40311.13.2.7.4.13
1.1.5.40423.5.1.12.3.16.2.17.15
1.1.5.40491.22.2.8.1
1.1.5.40546.14.2.5.7.17.2.3
1.1.5.40569.5.1
1.1.5.40579.17.1.4.3.20
1.1.5.40641.14.1.4.7
1.1.5.40692.24.2.17.7.15.1
1.1.5.40735.22.1.23.9.9
1.1.5.40840.13.2.9
1.1.5.41034.8.1.11.3
1.1.5.41087.24.2.14
1.1.5.41089.12.1.4.17
1.1.5.41148.14.2.15.11.12
1.1.5.41256.11
1.1.5.41268.5.1.2.1.2.4
1.1.5.41333.5.1.15.5.17
1.1.5.41476.5.1
1.1.5.41533.5.1
1.1.5.41536.9.1.9.3
1.1.5.41691.8.1.4
1.1.5.41842.5.1.12
1.1.5.41860.38.1.4
1.1.5.41884.12.1.15
1.1.5.41915.12.3.16
1.1.5.41936.19.1.8
1.1.5.42031.12.3.13
1.1.5.42056.5.1.30.1.15.2.4
1.1.5.42059.9.3.19.7
1.1.5.42192.5.1.1.1.22.1.4
1.1.5.42199.5.1
1.1.5.42244.5.1.7
1.1.5.42252.5.1.4.1.7.10
1.1.5.42281.50.6.6.11.11.5.10
1.1.5.42311.10.1.11.4.3
1.1.5.42336.5.1
1.1.5.42390.5.1.2
1.1.5.42392.14.4.11.2
1.1.5.42405.22.3.12
1.1.5.42421.10.1.4.5
1.1.5.42498.9.1.4.3
1.1.5.42592.11.1.4
1.1.5.42718.5.1.2.2.24.1
1.1.5.43030.25.1.20
1.1.5.43052.20.1.12
1.1.5.43057.5.1.3.1.2.2
1.1.5.43093.11.1.16.15
1.1.5.43145.40.1.15
1.1.5.43194.19.3.4
1.1.5.43265.5.1.2.2
1.1.5.43280.16.1.8.10
1.1.5.43280.16.4.8
1.1.5.43343.19.3.5
1.1.5.43375.5.1.1.5.8.2
1.1.5.43394.5.1.1.6
1.1.5.43475.16.1.4
1.1.5.43492.5.1.3.1.3.1.1
1.1.5.43602.18.2.12.2
1.1.5.43696.14.2.8.12
1.1.5.43736.59.2
1.1.5.43839.53.2.35.2.3.2
1.1.5.43846.20.2.8
1.1.5.43850.13.1.16
1.1.5.43927.8.1.32
1.1.5.43944.5.1.5.3
1.1.5.44026.8.1.9.4
1.1.5.44098.5.1
1.1.5.44110.15.2.10.8
1.1.5.44203.9.1.4
1.1.5.44302.20.1.31
1.1.5.44303.29.4.8.26
1.1.5.44417.14.1.5.11
1.1.5.44502.32.3.5.3.2
1.1.5.44547.16.4.6.12
1.1.5.44577.11.1.7.1
1.1.5.44654.39.1.32
1.1.5.44696.5.1.3.1.7.15.27
1.1.5.44705.10.1.4
1.1.5.44780.18.2.5.3
1.1.5.44802.10.1.9
1.1.5.44940.3
1.1.5.44967.14.2.39.3.13.1.2
1.1.5.45068.5.1
1.1.5.45074.14.2.14.8.7
1.1.5.45131.5.1
1.1.5.45190.8.1.4.5
1.1.5.45270.5.1.1.1.1.1
1.1.5.45312.13.3.12.10.3
1.1.5.45506.10.6.4.5
1.1.5.45508.3
1.1.5.45552.5.1.8.5
1.1.5.45642.5.1.19
1.1.5.45683.5.1.2.2.12.11
1.1.5.45759.5.1.12.3.15.2.17.7
1.1.5.45867.14.2.5.7.17.2.3
1.1.5.45880.5.1
1.1.5.45893.5.1.5.2
1.1.5.45906.16.3.10.10.16.3
1.1.5.45922.34.5.4
1.1.5.45925.15.2
1.1.5.45960.5.1.8
1.1.5.46012.24.2.17.7.15.1
1.1.5.46056.22.1.10.9.9
1.1.5.46161.22.2.26.33.30
1.1.5.46289.14.2.10.4
1.1.5.46290.5.1.1.3
1.1.5.46310.26.1.11.2
1.1.5.46313.5.1.7.2.5.5
1.1.5.46339.39.1.48.22
1.1.5.46483.14.2.15.11.12
1.1.5.46532.5.1.3.3.43.1
1.1.5.46589.11
1.1.5.46654.17.3.23.30.42
1.1.5.46799.5.1
1.1.5.46853.5.1
1.1.5.46856.9.1.9.3
1.1.5.46911.5.1.3.4.9.1.8
1.1.5.47022.8.1.4
1.1.5.47072.14.1.6.3
1.1.5.47194.22.3
1.1.5.47257.12.3.16
1.1.5.47273.13.3
1.1.5.47278.9.2.4
1.1.5.47305.5.1.8.2.6.10.36
1.1.5.47322.5.1.1.1
1.1.5.47331.3
1.1.5.47376.12.3.13
1.1.5.47410.24.1.16
1.1.5.47541.27.2.17.8.6
1.1.5.47547.17.1.11.4
1.1.5.47554.5.1.1.1
1.1.5.47557.8.1.5
1.1.5.47590.5.1.7
1.1.5.47598.5.1.4.1.7.10
1.1.5.47627.50.6.6.11.11.5.10
1.1.5.47696.5.1
1.1.5.47744.14.2.7.5.8
1.1.5.47745.31.3.5.2.14.1.6
1.1.5.47789.5.1.2
1.1.5.47862.14.2.5.2.1
1.1.5.47963.11.1.4
1.1.5.48101.3
1.1.5.48135.5.1.6.3.16.1
1.1.5.48136.5.1.2.1.2.2
1.1.5.48319.6
1.1.5.48365.25.1.20
1.1.5.48382.6
1.1.5.48431.5.1
1.1.5.48432.5.1.1.1.17
1.1.5.48451.5.1.3.14
1.1.5.48483.10.3.8
1.1.5.48531.19.3.4
1.1.5.48603.5.1.2.2
1.1.5.48618.16.1.8.10
1.1.5.48618.16.4.8
1.1.5.48678.5.1.4
1.1.5.48715.5.1.1.5.8.2
1.1.5.48732.13.2.9.6.12
1.1.5.48792.21.4.8.14
1.1.5.48807.29.1.4.5
1.1.5.48837.5.1.3.1.3.1.1
1.1.5.48884.17.1.43
1.1.5.48919.15.2.7.2.5
1.1.5.49049.13.1.6
1.1.5.49195.53.2.35.2.3.2
1.1.5.49207.5.1.5
1.1.5.49266.8.1.32
1.1.5.49284.5.1.1.24
1.1.5.49296.5.1
1.1.5.49346.5.1.1.1
1.1.5.49351.5.1.14.1.7
1.1.5.49400.14.3.8.3
1.1.5.49422.5.1
1.1.5.49427.5.1.13.2
1.1.5.49441.15.2.10.8
1.1.5.49541.9.1.4
1.1.5.49640.20.1.31
1.1.5.49641.29.4.8.26
1.1.5.49757.18.1
1.1.5.49838.14.3.5.3.2
1.1.5.49883.5.1
1.1.5.49909.16.2
1.1.5.49914.9.1.9.1
1.1.5.50001.5.1
1.1.5.50060.5.1.1.1.2
1.1.5.50161.18.2.5.3
1.1.5.50183.10.1.9
1.1.5.50213.5.1.1.1
1.1.5.50284.26.1.4
1.1.5.50330.3
1.1.5.50357.14.2.39.3.13.1.2
1.1.5.50414.5.1.18.2.14
1.1.5.50457.16.2.12
1.1.5.50464.11.1.4.1
1.1.5.50557.8.1.4.5
1.1.5.50561.21.2.20.9
1.1.5.50637.5.1.1.1.1.1
1.1.5.50678.13.3.12.10.3
1.1.5.50872.10.6.4.5
1.1.5.50874.3
1.1.5.50907.10.3.12
1.1.5.51013.13.2.26.31.13
1.1.5.51054.5.1.2.2.12.11
1.1.5.51130.5.1.12.3.15.2.17.6
1.1.5.51167.18.2
1.1.5.51245.14.2.5.7.17.2.3
1.1.5.51279.14.2.7.7
1.1.5.51335.28.2.4.10
1.1.5.51374.17.2.6.1
1.1.5.51684.5.1.2.1
1.1.5.51685.5.1.1.1
1.1.5.51701.5.1.2
1.1.5.51708.5.1.1
1.1.5.51748.8.1.11.3
1.1.5.51801.24.2.14
1.1.5.51803.12.1.4.17
1.1.5.51867.14.2.15.11.12
1.1.5.51935.5.1.1.4
1.1.5.51975.11
1.1.5.51987.5.1.2.1.2.4
1.1.5.52028.5.1.2.2
1.1.5.52053.5.1.9.2.8
1.1.5.52120.5.1.2.1
1.1.5.52145.15.3.21.1.7.4
1.1.5.52150.5.1.39
1.1.5.52215.5.1
1.1.5.52277.5.1
1.1.5.52279.5.1
1.1.5.52493.14.1.6.3
1.1.5.52624.22.3
1.1.5.52690.12.3.16
1.1.5.52711.19.1.8
1.1.5.52814.12.3.13
1.1.5.52839.5.1.30.1.15.2.4
1.1.5.52842.9.3.19.7
1.1.5.52972.11.1.4.1
1.1.5.52983.5.1.1.1
1.1.5.52986.8.1.5
1.1.5.53020.5.1.7
1.1.5.53028.5.1.4.1.7.10
1.1.5.53057.50.6.6.11.11.5.10
1.1.5.53088.5.1.1.1
1.1.5.53113.5.1
1.1.5.53161.14.2.7.5.8
1.1.5.53162.31.3.5.2.14.1.6
1.1.5.53165.5.1
1.1.5.53213.8.3.17.6
1.1.5.53284.9.1.4.3
1.1.5.53383.11.1.4
1.1.5.53427.12.1.11.6.17
1.1.5.53764.6
1.1.5.53816.6
1.1.5.53865.11.1.16.15
1.1.5.53952.33.2.9.1.2.1
1.1.5.53984.19.3.4
1.1.5.54058.5.1.2.2
1.1.5.54073.16.1.8.10
1.1.5.54073.16.4.8
1.1.5.54142.5.1.1.1.1
1.1.5.54172.5.1.1.5.8.2
1.1.5.54247.21.4.8.14
1.1.5.54262.29.1.4.5
1.1.5.54275.16.1.4
1.1.5.54292.5.1.3.1.3.1.1
1.1.5.54339.17.1.43
1.1.5.54374.15.2.7.2.5
1.1.5.54505.14.2
1.1.5.54518.5.1.1.1.23
1.1.5.54644.53.2.35.2.3.2
1.1.5.54656.5.1.5
1.1.5.54687.5.1.4.1
1.1.5.54733.8.1.32
1.1.5.54750.5.1.5.3
1.1.5.54898.5.1
1.1.5.54910.15.2.10.8
1.1.5.54981.16.2
1.1.5.55018.12.1.5.11
1.1.5.55127.5.1.4.2
1.1.5.55127.11.4.4
1.1.5.55211.5.1.2.8.30.7
1.1.5.55232.5.1.3.2.3
1.1.5.55234.5.1.3.2.10.2
1.1.5.55249.5.1.1.2.12
1.1.5.55297.14.3.5.3.2
1.1.5.55342.5.1
1.1.5.55361.9.1.4
1.1.5.55373.5.1.2.1.1
1.1.5.55449.39.1.32
1.1.5.55498.5.1.3.1.7.8.22
1.1.5.55507.10.1.4
1.1.5.55594.18.2.5.3
1.1.5.55720.14.1.4.3
1.1.5.55767.5.1.5.4
1.1.5.55786.5.1.7.1.16
1.1.5.55889.11.1.13.8
1.1.5.55907.12
1.1.5.55940.5.1
1.1.5.55996.8.1.4.5
1.1.5.56000.21.2.20.9
1.1.5.56077.16.2.12.1.11.10
1.1.5.56109.5.1.7.3
1.1.5.56321.10.6.4.5
1.1.5.56323.3
1.1.5.56380.5.1.8.5
1.1.5.56457.25.3.4.7
1.1.5.56460.46.2.21.1.1
1.1.5.56578.5.1.12.3.16.2.17.16
1.1.5.56695.14.2.5.7.17.2.3
1.1.5.56708.5.1
1.1.5.56721.5.1.5.2
1.1.5.56734.16.3.10.10.16.3
1.1.5.56750.34.5.4
1.1.5.56752.49.2
1.1.5.56787.10.1.6.1
1.1.5.56837.17.2.6.1
1.1.5.56895.22.1.15.9.9
1.1.5.56931.3
1.1.5.56970.22.3.9.18.5.4
1.1.5.56977.5.1
1.1.5.57043.41.2
1.1.5.57047.6
1.1.5.57186.43.2.21.1.14
1.1.5.57214.8.1.11.3
1.1.5.57267.24.2.14
1.1.5.57269.12.1.4.17
1.1.5.57326.14.2.15.11.12
1.1.5.57432.11
1.1.5.57444.5.1.2.1.2.4
1.1.5.57501.17.3.23.30.42
1.1.5.57643.5.1
1.1.5.57703.20.2.32
1.1.5.57852.8.1.4
1.1.5.58021.22.3
1.1.5.58100.19.1.8
1.1.5.58150.5.1.1.1
1.1.5.58159.3
1.1.5.58204.12.3.13
1.1.5.58372.5.1.3
1.1.5.58419.5.1.7
1.1.5.58427.5.1.4.1.7.10
1.1.5.58453.3
1.1.5.58472.5.1.11
1.1.5.58474.21.1.4
1.1.5.58495.10.1.11.4.3
1.1.5.58591.5.1.2
1.1.5.58612.5.1.4.1.4
1.1.5.58634.8.3.17.6
1.1.5.58706.9.1.4.3
1.1.5.58801.11.1.4
1.1.5.58932.23.1.13
1.1.5.59113.26.1.9
1.1.5.59164.39.2.5.5
1.1.5.59246.5.1.8.1.2.2.7.32
1.1.5.59282.11.1.16.15
1.1.5.59305.5.1.3.14
1.1.5.59387.15.3.28.1
1.1.5.59470.5.1.2.2
1.1.5.59485.16.1.8.10
1.1.5.59485.16.4.8
1.1.5.59547.5.1.4
1.1.5.59591.5.1.3.3.11.3
1.1.5.59650.5.1.2.13.45
1.1.5.59665.29.1.4.5
1.1.5.59695.5.1.3.1.3.1.1
1.1.5.59889.14.2
1.1.5.59902.5.1.1.1.23
1.1.5.60033.53.2.35.2.3.2
1.1.5.60045.5.1.5
1.1.5.60104.8.1.32
1.1.5.60121.12.2.10.7.6
1.1.5.60142.10.3.4.8
1.1.5.60193.30.4.15
1.1.5.60231.5.1.1.1.3.1
1.1.5.60263.15.2.10.8
1.1.5.60362.9.1.4
1.1.5.60461.20.1.31
1.1.5.60462.29.4.8.26
1.1.5.60577.5.1.3.2.3
1.1.5.60579.5.1.3.2.10.2
1.1.5.60594.5.1.1.2.11
1.1.5.60658.32.3.5.3.2
1.1.5.60703.5.1
1.1.5.60726.30.2.12
1.1.5.60862.5.1.3.1.7.3.2
1.1.5.60871.10.1.4
1.1.5.60886.8.1.15.2
1.1.5.60956.18.2.5.3
1.1.5.60978.10.1.9
1.1.5.61003.5.1.1.1
1.1.5.61071.14.1.4.3
1.1.5.61127.3
1.1.5.61154.14.2.39.3.13.1.2
1.1.5.61255.5.1
1.1.5.61261.14.2.14.8.7
1.1.5.61271.8.1.4.1
1.1.5.61276.12
1.1.5.61309.5.1
1.1.5.61368.8.1.4.5
1.1.5.61372.21.2.20.9
1.1.5.61449.16.2.12.1.11.10
1.1.5.61481.5.1.7.3
1.1.5.61698.11.1.8.7
1.1.5.61737.10.3.12
1.1.5.61842.13.2.26.31.13
1.1.5.61956.5.1.1.1.1.1
1.1.5.62024.22.2.8.1
1.1.5.62068.19
1.1.5.62104.5.1
1.1.5.62114.17.1.4.4.20
1.1.5.62172.28.2.4.10
1.1.5.62210.31.4.10.16
1.1.5.62264.22.1.15.9.9
1.1.5.62379.13.2.9
1.1.5.62521.5.1.2
1.1.5.62528.5.1.1
1.1.5.62565.8.1.11.3
1.1.5.62618.24.2.14
1.1.5.62620.12.1.4.17
1.1.5.62677.14.2.15.11.12
1.1.5.62749.9.1.21.2
1.1.5.62798.11
1.1.5.62847.5.1.2.2
1.1.5.62871.21.3.4.9
1.1.5.62951.15.3.21.1.7.4
1.1.5.62956.5.1.39
1.1.5.63018.5.1
1.1.5.63078.41.2.30.23.28
1.1.5.63085.5.1.3.2
1.1.5.63236.8.1.4
1.1.5.63285.14.1.6.3
1.1.5.63324.5.1
1.1.5.63390.5.1.12
1.1.5.63408.38.1.4
1.1.5.63436.5.1.20.2.5.4.17
1.1.5.63487.13.3
1.1.5.63492.9.2.4
1.1.5.63519.5.1.8.2.6.10.36
1.1.5.63535.5.1.1.1
1.1.5.63591.12.3.13
1.1.5.63616.5.1.30.1.15.2.4
1.1.5.63619.9.3.19.7
1.1.5.63753.5.1.1.1.22.1.4
1.1.5.63759.14.2.4
1.1.5.63805.5.1.7
1.1.5.63840.3
1.1.5.63864.9.2.10
1.1.5.63891.5.1
1.1.5.63897.28.3.8.1.2.1
1.1.5.63922.5.1
1.1.5.63970.14.2.7.5.8
1.1.5.63971.31.3.5.2.14.1.6
1.1.5.64010.5.1.2
1.1.5.64084.9.1.4.3
1.1.5.64142.6
1.1.5.64210.10.1.4.5
1.1.5.64293.5.1.2.2.24.1
1.1.5.64570.6
1.1.5.64618.19
1.1.5.64633.10.2.10.7.2
1.1.5.64668.5.1
1.1.5.64669.5.1.1.1.17
1.1.5.64687.11
1.1.5.64767.39.4.10.1
1.1.5.64847.5.1.2.2
1.1.5.64862.16.1.8.10
1.1.5.64862.16.4.8
1.1.5.64898.13.1.18
1.1.5.64923.5.1.4
1.1.5.64960.5.1.1.5.8.2
1.1.5.64977.13.2.9.7.12
1.1.5.65036.5.1.2.13.45
1.1.5.65051.29.1.4.5
1.1.5.65081.5.1.3.1.3.1.1
1.1.5.65136.6
1.1.5.65268.14.2
1.1.5.65281.5.1.1.1.23
1.1.5.65406.53.2.35.2.3.2
1.1.5.65413.20.2.8
1.1.5.65417.13.1.16
1.1.5.65496.8.1.32
1.1.5.65513.5.1.5.3
1.1.5.65583.30.4.15
1.1.5.65654.5.1
1.1.5.65666.15.2.10.8
1.1.5.65716.16.2
1.1.5.65753.12.1.5.11
1.1.5.65863.5.1.1
1.1.5.65864.15.2.7.3.10.3
1.1.5.65954.5.1.2.8.30.7
1.1.5.65974.11.1.8.10
1.1.5.65993.18.1
1.1.5.65993.22.1.8.3.1
1.1.5.66145.16.2
1.1.5.66150.9.1.9.1
1.1.5.66239.39.1.29
1.1.5.66405.18.2.5.3
1.1.5.66569.3
1.1.5.66596.14.2.39.3.13.1.2
1.1.5.66702.11.1.13.8
1.1.5.66720.12
1.1.5.66750.5.1.21.1.1.3
1.1.5.66790.22.2.4
1.1.5.66814.5.1.2
1.1.5.66900.5.1.1.1.1.1
1.1.5.66940.13.3.12.10.3
1.1.5.67129.10.6.4.5
1.1.5.67131.3
1.1.5.67163.10.3.12
1.1.5.67276.6
1.1.5.67280.5.1.21
1.1.5.67316.25.2.7.5.7.1
1.1.5.67386.5.1.12.3.15.2.17.70
1.1.5.67456.22.2.8.1
1.1.5.67505.19
1.1.5.67541.5.1
1.1.5.67551.17.1.4.4.20
1.1.5.67594.8.2.4.6
1.1.5.67644.17.2.6.1
1.1.5.67702.22.1.15.9.9
1.1.5.67760.5.1.3.2.6
1.1.5.67824.5.1.1.3.4.1.9
1.1.5.68011.8.1.11.3
1.1.5.68134.14.2.15.11.12
1.1.5.68245.13.2
1.1.5.68319.5.1.2.2
1.1.5.68343.21.3.4.9
1.1.5.68499.15.2
1.1.5.68509.5.1.1.23.19.7.7
1.1.5.68544.5.1
1.1.5.68546.5.1
1.1.5.68882.22.3
1.1.5.68937.11.3.8
1.1.5.68958.19.1.8
1.1.5.69001.5.1.1.1
1.1.5.69056.12.3.13
1.1.5.69081.5.1.30.1.15.2.4
1.1.5.69084.9.3.19.7
1.1.5.69230.11.1.4.1
1.1.5.69241.5.1.1.1
1.1.5.69244.8.1.5
1.1.5.69278.5.1.7
1.1.5.69286.5.1.4.1.7.10
1.1.5.69315.50.6.6.11.11.5.10
1.1.5.69348.25.1.44.9.9
1.1.5.69371.5.1
1.1.5.69425.5.1.2
1.1.5.69427.14.4.11.2
1.1.5.69440.22.3.12
1.1.5.69456.10.1.4.5
1.1.5.69532.9.1.4.3
1.1.5.69631.11.1.4
1.1.5.69940.5.1.4.3
1.1.5.69953.5.1.1.1.4.1
1.1.5.70017.6
1.1.5.70063.25.1.20
1.1.5.70080.6
1.1.5.70120.11.1.16.15
1.1.5.70216.15.3.28.1
1.1.5.70302.5.1.2.2
1.1.5.70317.16.1.8.10
1.1.5.70317.16.4.8
1.1.5.70353.13.1.18
1.1.5.70414.5.1.1.5.8.2
1.1.5.70504.5.1.4
1.1.5.70505.13.3.14.14
1.1.5.70536.5.1.17.12.12.1
1.1.5.70743.25.2.15.5.26
1.1.5.70872.53.2.35.2.3.2
1.1.5.70884.5.1.5
1.1.5.70954.8.1.32
1.1.5.70971.5.1.5.3
1.1.5.71038.5.1.1.1
1.1.5.71043.5.1.14.1.7
1.1.5.71083.5.1.1.1.3.1
1.1.5.71107.5.1
1.1.5.71112.5.1.13.2
1.1.5.71126.15.2.10.8
1.1.5.71228.12.1.5.11
1.1.5.71332.20.1.31
1.1.5.71333.29.4.8.26
1.1.5.71448.5.1.3.2.3
1.1.5.71467.5.1
1.1.5.71467.12.1.4.2
1.1.5.71580.16.4.6.12
1.1.5.71610.11.1.7.1
1.1.5.71688.5.1
1.1.5.71741.5.1.3.1.7.10.29
1.1.5.71750.10.1.4
1.1.5.71814.8.1.24
1.1.5.71831.15.2.6.10
1.1.5.71839.9.1.8.4
1.1.5.71947.30
1.1.5.71992.3
1.1.5.72019.14.2.39.3.13.1.2
1.1.5.72120.5.1
1.1.5.72126.14.2.14.8.7
1.1.5.72144.29
1.1.5.72174.5.1.21.1.1.3
1.1.5.72214.22.2.4
1.1.5.72233.32.3.6.1.14.10.48
1.1.5.72239.10.2.18.7
1.1.5.72349.13.3.12.10.3
1.1.5.72537.10.6.4.5
1.1.5.72539.3
1.1.5.72572.10.3.12
1.1.5.72596.5.1.1.18.7.1
1.1.5.72676.6
1.1.5.72680.5.1.21
1.1.5.72686.26
1.1.5.72719.5.1.2.2.4.8
1.1.5.72795.5.1.12.3.15.2.17.7
1.1.5.72869.17.1.5
1.1.5.72926.14.2.5.7.17.2.3
1.1.5.72939.5.1
1.1.5.72952.5.1.5.2
1.1.5.72965.16.3.10.10.17.3
1.1.5.73037.28.2.4.10
1.1.5.73051.20.8.9.19
1.1.5.73072.5.1.2.2
1.1.5.73084.20.1.12
1.1.5.73199.5.1.3.2.6
1.1.5.73289.5.1.2.5
1.1.5.73378.14.2.10.4
1.1.5.73379.5.1.1.3
1.1.5.73395.5.1.2
1.1.5.73402.5.1.1
1.1.5.73440.8.1.11.3
1.1.5.73493.24.2.14
1.1.5.73495.12.1.4.17
1.1.5.73554.14.2.15.11.12
1.1.5.73660.11
1.1.5.73672.5.1.2.1.2.4
1.1.5.73720.5.1.2.2
1.1.5.73744.21.3.4.9
1.1.5.73898.15.2
1.1.5.73908.5.1.1.23.19.7.7
1.1.5.73941.5.1
1.1.5.73944.9.1.9.3
1.1.5.74120.8.1.4
1.1.5.74296.22.3
1.1.5.74348.11.3.8
1.1.5.74364.13.3
1.1.5.74369.9.2.4
1.1.5.74396.5.1.8.2.6.10.36
1.1.5.74463.12.3.13
1.1.5.74627.27.2.17.8.6
1.1.5.74633.17.1.11.4
1.1.5.74640.5.1.1.1
1.1.5.74643.8.1.5
1.1.5.74675.5.1.7
1.1.5.74683.5.1.4.1.7.10
1.1.5.74755.25.1.44.9.9
1.1.5.74778.5.1
1.1.5.74826.14.2.7.5.8
1.1.5.74827.31.3.5.2.14.1.6
1.1.5.74850.22.3.12
1.1.5.74867.8.3.17.6
1.1.5.74939.9.1.4.3
1.1.5.75041.5.1
1.1.5.75082.10.1.4.5
1.1.5.75128.3
1.1.5.75173.23.1.13
1.1.5.75400.39.2.5.5
1.1.5.75468.25.1.20
1.1.5.75485.6
1.1.5.75526.5.1
1.1.5.75527.5.1.1.1.17
1.1.5.75574.40.1.15
1.1.5.75632.19.3.4
1.1.5.75706.5.1.2.2
1.1.5.75721.16.1.8.10
1.1.5.75721.16.4.8
1.1.5.75778.5.1.5.1.1
1.1.5.75810.5.1.1.5.8.2
1.1.5.75829.5.1.1.2
1.1.5.75881.21.4.8.14
1.1.5.75897.8.1.4.4
1.1.5.75928.5.1.3.1.3.1.1
1.1.5.76112.14.2
1.1.5.76125.5.1.1.1.23
1.1.5.76259.53.2.35.2.3.2
1.1.5.76271.5.1.5
1.1.5.76332.8.1.32
1.1.5.76349.5.1.5.3
1.1.5.76414.5.1.1.1
1.1.5.76419.5.1.14.1.7
1.1.5.76487.5.1
1.1.5.76499.15.2.10.8
1.1.5.76601.12.1.5.11
1.1.5.76710.5.1.4.2
1.1.5.76710.11.4.4
1.1.5.76817.5.1.3.2.3
1.1.5.76819.5.1.3.2.10.2
1.1.5.76832.5.1.4.3
1.1.5.76977.16.2
1.1.5.76982.9.1.9.1
1.1.5.77077.39.1.32
1.1.5.77231.18.2.5.3
1.1.5.77253.10.1.9
1.1.5.77351.26.1.4
1.1.5.77397.3
1.1.5.77424.14.2.39.3.13.1.2
1.1.5.77530.11.1.13.8
1.1.5.77606.22.2.4
1.1.5.77625.32.3.6.1.14.10.48
1.1.5.77631.16.2.10
1.1.5.77705.5.1.1.1.1.1
1.1.5.77747.13.3.12.10.3
1.1.5.77938.10.6.4.5
1.1.5.77940.3
1.1.5.78109.25.2.7.5.7.1
1.1.5.78186.5.1.12.3.16.2.17.21
1.1.5.78266.22.2.8.1
1.1.5.78316.14.2.5.7.17.2.3
1.1.5.78329.5.1
1.1.5.78342.5.1.5.2
1.1.5.78355.17.2.4.1.13
1.1.5.78411.8.2.4.6
1.1.5.78461.17.2.6.1
1.1.5.78513.8.1.7
1.1.5.78638.5.1.1.3.4.1.19
1.1.5.78777.5.1.2.1
1.1.5.78778.5.1.1.1
1.1.5.78838.8.1.11.3
1.1.5.78980.14.2.15.11.12
1.1.5.79174.22.2.28.1.26
1.1.5.79176.17.6.20.6
1.1.5.79317.5.1
1.1.5.79375.38.2.16.3.8
1.1.5.79416.5.1.3
1.1.5.79520.5.1
1.1.5.79535.8.1.4
1.1.5.79584.14.1.6.3
1.1.5.79709.22.3
1.1.5.79764.12.3.16
1.1.5.79785.19.1.8
1.1.5.79889.12.3.13
1.1.5.79923.24.1.16
1.1.5.80058.24.1.4.10
1.1.5.80065.5.1.7
1.1.5.80104.5.1.7
1.1.5.80167.9.2.10
1.1.5.80194.5.1
1.1.5.80237.5.1
1.1.5.80291.32.2.15.5.18
1.1.5.80292.49.3.5.2.24.1.5
1.1.5.80295.5.1
1.1.5.80323.22.3.12
1.1.5.80339.5.1.2
1.1.5.80414.9.1.4.3
1.1.5.80513.11.1.4
1.1.5.80639.5.1.2.2.24.1
1.1.5.80926.6
1.1.5.80966.11.1.16.15
1.1.5.80989.5.1.3.14
1.1.5.81063.19.3.4
1.1.5.81134.5.1.2.2
1.1.5.81153.16.1.8.10
1.1.5.81153.16.4.8
1.1.5.81213.5.1.4
1.1.5.81250.5.1.1.5.8.2
1.1.5.81331.5.1.2.13.45
1.1.5.81346.29.1.4.5
1.1.5.81359.16.1.4
1.1.5.81376.5.1.3.1.3.1.1
1.1.5.81565.14.2
1.1.5.81578.5.1.1.1.23
1.1.5.81705.53.2.35.2.3.2
1.1.5.81717.5.1.5
1.1.5.81778.8.1.32
1.1.5.81795.5.1.5.3
1.1.5.81866.30.4.15
1.1.5.81908.5.1.1.1.3.1
1.1.5.81932.5.1
1.1.5.81937.5.1.13.2
1.1.5.81951.15.2.10.8
1.1.5.82017.16.2
1.1.5.82054.12.1.5.11
1.1.5.82160.20.1.31
1.1.5.82161.29.4.8.26
1.1.5.82256.5.1.2.8.30.7
1.1.5.82277.5.1.3.2.3
1.1.5.82279.5.1.3.2.10.2
1.1.5.82412.5.1
1.1.5.82435.30.2.12
1.1.5.82517.39.1.32
1.1.5.82563.5.1.3.1.7.8.24
1.1.5.82572.10.1.4
1.1.5.82660.18.2.5.3
1.1.5.82773.3
1.1.5.82782.21.1.10
1.1.5.82809.3
1.1.5.82836.14.2.39.3.13.1.2
1.1.5.82941.5.1
1.1.5.82947.14.2.14.8.7
1.1.5.82958.16.2.6.4.19.1.41
1.1.5.83059.8.1.4.5
1.1.5.83063.21.2.20.9
1.1.5.83141.5.1.3.5
1.1.5.83364.5.1.1
1.1.5.83511.5.1.12.4.5.1.5
1.1.5.83523.33.1.8
1.1.5.83628.5.1.12.3.15.2.17.44
1.1.5.83698.22.2.8.1
1.1.5.83746.19
1.1.5.83781.5.1
1.1.5.83791.17.1.4.3.20
1.1.5.83853.14.1.4.7
1.1.5.83875.20.8.9.19
1.1.5.83896.5.1.2.2
1.1.5.83907.24.2.17.7.15.1
1.1.5.83951.22.1.10.9.9
1.1.5.83987.3
1.1.5.84031.22.3.9.18.5.4
1.1.5.84072.29.6.14.12.23.1
1.1.5.84076.22.1.38.5
1.1.5.84219.43.2.21.1.14
1.1.5.84247.5.1.4
1.1.5.84250.8.1.4
1.1.5.84266.5.1
1.1.5.84299.24.2.14
1.1.5.84301.12.1.4.17
1.1.5.84358.14.2.15.11.12
1.1.5.84378.14.5.6.1
1.1.5.84571.5.1.15.5.17
1.1.5.84771.5.1
1.1.5.84773.5.1
1.1.5.84935.8.1.4
1.1.5.85035.5.1
1.1.5.85041.12.1.11.13
1.1.5.85096.22.3
1.1.5.85156.16.4
1.1.5.85179.19.1.8
1.1.5.85266.12.3.13
1.1.5.85291.5.1.30.1.15.2.4
1.1.5.85294.9.3.19.7
1.1.5.85421.27.2.17.8.6
1.1.5.85427.17.1.11.4
1.1.5.85434.5.1.1.1
1.1.5.85437.8.1.5
1.1.5.85476.5.1.7
1.1.5.85484.5.1.4.1.7.10
1.1.5.85531.9.2.10
1.1.5.85556.19.1.11.15
1.1.5.85562.12.1.5.1.8
1.1.5.85583.5.1
1.1.5.85631.14.2.7.5.8
1.1.5.85632.31.3.5.2.14.1.6
1.1.5.85635.5.1
1.1.5.85663.22.3.12
1.1.5.85680.8.3.17.6
1.1.5.85749.9.1.4.3
1.1.5.85854.5.1
1.1.5.85893.5.1
1.1.5.85904.12.1.11.6.17
1.1.5.85950.3
1.1.5.85995.23.1.13
1.1.5.86237.39.2.5.5
1.1.5.86357.11.1.16.15
1.1.5.86460.19.3.4
1.1.5.86533.5.1.2.2
1.1.5.86552.16.1.8.10
1.1.5.86552.16.4.8
1.1.5.86618.5.1.4
1.1.5.86654.26.1.8
1.1.5.86731.5.1.2.13.45
1.1.5.86746.29.1.4.5
1.1.5.86776.5.1.3.1.3.1.1
1.1.5.86965.14.2
1.1.5.86978.5.1.1.1.23
1.1.5.87119.5.1.9
1.1.5.87194.8.1.32
1.1.5.87211.5.1.5.3
1.1.5.87314.17.2.7.2
1.1.5.87338.5.1
1.1.5.87350.15.2.10.8
1.1.5.87452.12.1.5.11
1.1.5.87560.20.1.31
1.1.5.87561.29.4.8.26
1.1.5.87661.5.1.2.8.30.7
1.1.5.87682.5.1.3.2.3
1.1.5.87701.5.1
1.1.5.87701.12.1.4.2
1.1.5.87750.14.3.5.3.2
1.1.5.87795.5.1
1.1.5.87818.30.2.12
1.1.5.87955.5.1.3.1.7.8.24
1.1.5.87964.10.1.4
1.1.5.88051.18.2.5.3
1.1.5.88164.14.1.4.3
1.1.5.88220.3
1.1.5.88247.14.2.39.3.13.1.2
1.1.5.88342.16.1.9
1.1.5.88353.17.2.24
1.1.5.88364.8.1.4.1
1.1.5.88428.22.2.4
1.1.5.88447.32.3.6.1.14.10.48
1.1.5.88453.15.3.19
1.1.5.88529.10.4.12.6.9
1.1.5.88577.13.3.12.10.3
1.1.5.88767.10.6.4.5
1.1.5.88769.3
1.1.5.88813.5.1.8.5
1.1.5.88893.5.1.12.4.5.1.5
1.1.5.88935.5.1.2.2.12.10
1.1.5.89011.5.1.12.3.15.2.17.27
1.1.5.89050.18.2
1.1.5.89083.5.1
1.1.5.89131.19
1.1.5.89167.5.1
1.1.5.89177.17.1.4.4.20
1.1.5.89220.8.2.4.6
1.1.5.89270.17.2.6.1
1.1.5.89282.45.1.27
1.1.5.89407.5.1.3.2.6
1.1.5.89457.13.2.9
1.1.5.89594.5.1.2.1
1.1.5.89595.5.1.1.1
1.1.5.89611.43.2.21.1.13
1.1.5.89615.10.1.7
1.1.5.89641.17.1.23
1.1.5.89777.14.2.15.11.12
1.1.5.89903.11
1.1.5.89977.5.1.15.5.17
1.1.5.90120.5.1
1.1.5.90178.38.2.16.3.8
1.1.5.90269.5.1.29.5.9.1
1.1.5.90332.8.1.4
1.1.5.90476.5.1.12
1.1.5.90494.38.1.4
1.1.5.90518.12.1.15
1.1.5.90571.19.1.8
1.1.5.90667.12.3.13
1.1.5.90692.5.1.30.1.15.2.4
1.1.5.90695.9.3.19.7
1.1.5.90786.3
1.1.5.90824.27.2.17.8.6
1.1.5.90830.17.1.11.4
1.1.5.90837.5.1.1.1
1.1.5.90840.8.1.5
1.1.5.90886.5.1.7
1.1.5.90949.9.2.10
1.1.5.90974.19.1.11.15
1.1.5.90978.16.5.15.1.1.2.9.4
1.1.5.91000.5.1
1.1.5.91048.14.2.7.5.8
1.1.5.91049.31.3.5.2.14.1.6
1.1.5.91072.22.3.12
1.1.5.91088.10.1.4.5
1.1.5.91165.9.1.4.3
1.1.5.91389.5.1.2.2.24.1
1.1.5.91688.6
1.1.5.91734.25.1.20
1.1.5.91751.6
1.1.5.91800.11.1.16.15
1.1.5.91822.11
1.1.5.91860.10.3.8
1.1.5.91915.19.3.4
1.1.5.91988.5.1.2.2
1.1.5.92007.16.1.8.10
1.1.5.92007.16.4.8
1.1.5.92043.13.1.18
1.1.5.92068.5.1.4
1.1.5.92096.26.1.8
1.1.5.92112.5.1.1.7
1.1.5.92178.5.1.2
1.1.5.92190.16.1.4
1.1.5.92207.5.1.3.1.3.1.1
1.1.5.92254.17.1.43
1.1.5.92289.15.2.7.2.5
1.1.5.92332.5.1.2.2.3.1
1.1.5.92431.25.2.15.5.26
1.1.5.92574.5.1.8.14
1.1.5.92574.9.1.4.4
1.1.5.92645.8.1.32
1.1.5.92662.5.1.5.3
1.1.5.92741.5.1.30.1.9
1.1.5.92809.5.1
1.1.5.92821.15.2.10.8
1.1.5.92882.16.2
1.1.5.92919.12.1.5.11
1.1.5.93033.5.1.4.2
1.1.5.93033.11.4.4
1.1.5.93117.5.1.2.8.30.7
1.1.5.93140.5.1.1.13.33.7.18
1.1.5.93308.16.2
1.1.5.93313.9.1.9.1
1.1.5.93373.5.1.1
1.1.5.93406.5.1
1.1.5.93465.10.2.11.10
1.1.5.93470.17.2.4
1.1.5.93472.5.1.1.5
1.1.5.93560.18.2.5.3
1.1.5.93681.14.1.4.3
1.1.5.93728.5.1.5.4
1.1.5.93747.5.1.7.1.16
1.1.5.93852.5.1.1.1.6
1.1.5.93872.12
1.1.5.93902.5.1.21.1.1.3
1.1.5.93966.8.1.4.5
1.1.5.94086.13.3.12.10.3
1.1.5.94223.5.1.3.12
1.1.5.94262.11.1.8.7
1.1.5.94315.5.1.8.5
1.1.5.94395.13.2.26.31.13
1.1.5.94437.5.1.2.2.12.18
1.1.5.94513.5.1.12.3.15.2.17.7
1.1.5.94580.5.1
1.1.5.94628.19
1.1.5.94663.5.1
1.1.5.94674.14.2.7.7
1.1.5.94721.21.2.5.6.19
1.1.5.94770.31.4.10.16
1.1.5.94822.8.1.7
1.1.5.94944.5.1.1.3.4.1.20
1.1.5.95105.26.1.11.2
1.1.5.95108.5.1.7.2.5.5
1.1.5.95134.39.1.48.22
1.1.5.95187.24.2.14
1.1.5.95189.12.1.4.17
1.1.5.95246.14.2.15.11.12
1.1.5.95266.14.5.6.1
1.1.5.95460.5.1.15.5.17
1.1.5.95520.5.1.2.1
1.1.5.95661.5.1
1.1.5.95664.9.1.9.3
1.1.5.95823.8.1.4
1.1.5.95980.5.1.12
1.1.6.64.12.3.16
1.1.6.85.19.1.8
1.1.6.126.5.1.1.1
1.1.6.181.12.3.13
1.1.6.350.11.1.4.1
1.1.6.361.8.1.5
1.1.6.400.5.1.7
1.1.6.408.5.1.4.1.7.10
1.1.6.437.50.6.6.11.11.5.11
1.1.6.470.25.1.44.9.9
1.1.6.493.5.1
1.1.6.542.22.2.11.5.9
1.1.6.560.44.3.12
1.1.6.576.10.1.4.5
1.1.6.655.9.1.4.3
1.1.6.755.24.3
1.1.6.1082.26.1.9
1.1.6.1188.6
1.1.6.1237.11.1.16.15
1.1.6.1260.11
1.1.6.1355.19.3.4
1.1.6.1429.5.1.2.2
1.1.6.1444.16.1.8.10
1.1.6.1444.16.4.8
1.1.6.1480.13.1.18
1.1.6.1505.5.1.4
1.1.6.1542.5.1.1.5.8.2
1.1.6.1623.5.1.2.13.45
1.1.6.1638.29.1.4.5
1.1.6.1651.16.1.4
1.1.6.1668.5.1.3.1.3.1.1
1.1.6.1712.17.1.43
1.1.6.1747.15.2.7.2.5
1.1.6.1875.14.2.8.12
1.1.6.1910.59.2
1.1.6.2009.53.2.35.2.3.2
1.1.6.2021.5.1.5
1.1.6.2096.8.1.32
1.1.6.2129.10.3.4.8
1.1.6.2176.30.4.15
1.1.6.2247.5.1
1.1.6.2259.15.2.10.8
1.1.6.2365.12.1.5.11
1.1.6.2479.5.1.4.2
1.1.6.2479.11.4.4
1.1.6.2563.5.1.2.8.30.7
1.1.6.2584.18.1
1.1.6.2723.16.4.6.12
1.1.6.2753.11.1.7.1
1.1.6.2833.39.1.32
1.1.6.2875.5.1.3.1.7.5.35
1.1.6.2884.10.1.4
1.1.6.2899.8.1.7.2
1.1.6.2969.18.2.5.3
1.1.6.3090.26.1.4
1.1.6.3136.3
1.1.6.3163.14.2.39.3.13.1.2
1.1.6.3272.5.1.11
1.1.6.3290.29
1.1.6.3320.5.1.21.1.1.3
1.1.6.3380.8.1.4.5
1.1.6.3457.5.1.1.1.1.1
1.1.6.3499.13.3.12.10.3
1.1.6.3677.10.6.4.5
1.1.6.3679.3
1.1.6.3712.10.3.12
1.1.6.3820.6
1.1.6.3934.5.1.12.3.15.2.17.40
1.1.6.4004.22.2.8.1
1.1.6.4053.19
1.1.6.4088.5.1
1.1.6.4099.5.1.4.7.22.3
1.1.6.4140.8.2.4.6
1.1.6.4189.31.4.10.16
1.1.6.4245.8.1.7
1.1.6.4309.5.1.3.2.6
1.1.6.4377.5.1.1.3.4.1.12
1.1.6.4519.5.1.2.1
1.1.6.4520.5.1.1.1
1.1.6.4583.8.1.11.3
1.1.6.4728.14.2.15.11.12
1.1.6.4905.5.1.2.2
1.1.6.4929.21.3.4.9
1.1.6.5104.15.2
1.1.6.5114.5.1.1.23.19.7.7
1.1.6.5146.5.1
1.1.6.5148.5.1
1.1.6.5195.29.1.29.12
1.1.6.5242.5.1.29.5.9.1
1.1.6.5305.8.1.4
1.1.6.5487.22.3
1.1.6.5579.19.1.8
1.1.6.5628.5.1
1.1.6.5681.12.3.13
1.1.6.5706.5.1.30.1.15.2.4
1.1.6.5709.9.3.19.7
1.1.6.5835.27.2.17.8.6
1.1.6.5841.17.1.11.4
1.1.6.5848.5.1.1.1
1.1.6.5851.8.1.5
1.1.6.5890.5.1.7
1.1.6.5898.5.1.4.1.7.10
1.1.6.5927.50.6.6.11.11.5.10
1.1.6.5961.5.1
1.1.6.5967.28.3.8.1.1.1.3.1
1.1.6.5991.5.1
1.2.62.4.2.58
1.2.65.10.5.66.10
1.2.71.22.11.90
1.2.104.8.4.7
1.2.261.6.3.6
1.2.461.2.1.2.1
1.2.491.2.1.2.7.22.5.4.4
1.2.628.8.4.10.1.24
1.2.637.12.6.12.1
1.2.963.6.3.6.6
1.2.1071.6.3
1.2.1107.2.1
1.2.1125.4.2.4.1.2.2
1.2.1315.8.4.10.3
1.2.1543.2.1.1.3
1.2.1633.2.1.2.2.4
1.2.1669.2.1.10
1.2.1690.2.1.1.1
1.2.1801.2.1.4
1.2.1822.2.1.3.3.8.4
1.2.1942.4.2.8.4
1.2.1972.2.1.1
1.2.2192.2.1
1.2.2367.4.2.5.1
1.2.2395.2.1.18.4.4.2.16
1.2.2546.12.6.31.8
1.2.2660.2.1.2
1.2.2818.2.1.17
1.2.2867.2.1.1.7
1.2.2933.12.6.14
1.2.3113.2.1.12.3.5.8
1.2.3235.4.2
1.2.3282.12.6.20.5
1.2.3289.6.3.7
1.2.3318.8.4.25.2.14.3
1.2.3319.10.5.28.1.17.5
1.2.3399.2.1.14.1.10.5.17
1.2.3506.4.2.19.2.8
1.2.3547.3
1.2.3556.4.2
1.2.3642.20.10.20.2.7.4.32
1.2.3658.4.2.3.1
1.2.3747.10.5
1.2.3796.8.4.9.2.1
1.2.3806.6.3
1.2.3890.4.2.4.1
1.2.3940.12.6.15.6
1.2.4091.13
1.2.4120.4.2.5
1.2.4369.8.4.14
1.2.4387.2.1.1
1.2.4408.2.1.34.2.3.3
1.2.4532.2.1.2
1.2.4580.4.2
1.2.4654.2.1.3.1.2.1.7.10
1.2.4699.6.3
1.2.4728.2.1.3
1.2.4992.4.2.5
1.2.5083.8.4
1.2.5205.6.3.7.1.1
1.2.5214.8.4.23.1.7
1.2.5281.2.1.1.1
1.2.5410.2.1.1.1.9.2
1.2.5465.4.2.3.2.3
1.2.5583.4.2.4.2
1.2.5680.2.1.33.5.17.4.15.6
1.2.5765.2.1.1
1.2.5969.13
1.5.24.8.2.1
1.5.34.8.2.1.13.3.13
1.5.97.10.2.1
1.5.165.10.2.1.7
1.5.236.8.2.1.13.2.2
1.5.246.13.2.1.8
1.5.290.10.2.1
1.5.314.8.2.1.1.5.6.3.29
1.5.411.7.2.1.17.2
1.5.519.7.2.1.1.1.11
1.5.528.27.2.1.3
1.5.558.12.2.1.2
1.5.583.8.2.1.4.3.16
1.5.680.8.2.1.15.4.7.4.36
1.5.686.16.2.1.1.2.11.8.39
1.5.1363.11.2.1.25.5
1.5.1558.13.2.1
1.5.1717.24.2.1
1.5.1753.8.2.1.15
1.5.1794.19.2.1
1.5.1818.18.2.1.1.1.2.1
1.5.1882.5.2.1
1.5.1902.7.2.1.42.1.8
1.5.1925.12.2.1.2.2.4.5
1.5.1962.12.2.1.1
1.5.2246.13.2.1.1.1.4
1.5.2531.13.2.1.7.1
1.5.2542.23.2.1.4.1.2.3
1.5.2628.6.2.1.14
1.5.2728.9.2.1.8.2.15
1.5.2738.15.2.1.8.2.35
1.5.2740.12.2.1.3.3.50
1.5.2779.26.2.1.14.3
1.5.2791.12.2.1.11.8.24.2
1.5.2852.13.2.1.6.3.2
1.5.3142.7.2.1.12.2.12
1.5.3338.9.2.1.8.9.13.3.4
1.5.3413.18.2.1.4.2.7
1.5.3458.17.2.1
1.5.3489.9.2.1.1.1.3.1
1.5.3658.7.2.1.3.5.6.3.10.17
1.5.3813.8.2.1
1.5.3814.21.2.1.6.4.7
1.5.3819.9.2.1.1.1.3
1.5.3905.10.2.1.2.1.2
1.5.4315.6.2.1.11.4
1.5.4371.11.2.1.8.6.21
1.5.4649.8.2.1.5
1.5.4958.5.2.1
1.5.5077.9.2.1.15.3.11.8
1.5.5112.15.2.1.3.1
1.5.5139.12.2.1.3.3.67.12.71
1.5.5229.10.2.1.19.6.21.5
1.5.5305.7.2.1.20.6.8
1.5.5434.8.2.1.3.3
1.5.5619.8.2.1.17.2.7.2.18
1.5.5694.7.2.1.3.2
1.5.5827.16.2.1.8.3.9
1.5.5830.6.2.1.5
1.5.5869.9.2.1.9.1.8
1.5.5951.10.2.1.17.3.8
1.5.5954.9.2.1.2.10.22.1
1.5.6194.5.2.1.19.10
1.5.6274.15.2.1.8.1
1.5.6303.7.2.1.4.2.3.1.3
1.5.6337.7.2.1
1.5.6400.12.2.1.9.1.15
1.5.6532.7.2.1.21
1.5.6577.17.2.1.10
1.5.6613.17.2.1
1.5.6820.9.2.1.6.2
1.5.6941.20.2.1
1.5.6954.9.2.1.8.1
1.5.7166.6.2.1.1.1
1.5.7193.13.2.1.17
1.5.7201.8.2.1.2.1.4.4
1.5.7260.10.2.1
1.5.7333.11.2.1.6.3.25.12.31
1.5.7382.13.2.1.15
1.5.7389.13.2.1.29
1.5.7433.10.2.1
1.5.7457.8.2.1.1.5.6.3.29
1.5.7497.18.2.1
1.5.7558.7.2.1.17.2
1.5.7634.22.2.1.6
1.5.7647.8.2.1.13.5.13
1.5.7680.8.2.1.1.1.3.2.13
1.5.7705.8.2.1.4.3.16
1.5.7804.14.2.1.3.3.11
1.5.7891.11.2.1.11.3
1.5.7913.9.2.1.9.1
1.5.7971.13.2.1.25.1
1.5.7987.10.2.1
1.5.8508.8.2.1.3.3.5.3
1.5.8514.21.2.1.23.6
1.5.8576.12.2.1.2.1
1.5.8695.13.2.1
1.5.8899.8.2.1.10
1.5.8940.19.2.1
1.5.8964.5.2.1.1.1.1.1
1.5.9030.5.2.1
1.5.9050.7.2.1.42.1.8
1.5.9073.12.2.1.2.2.4.5
1.5.9110.12.2.1.1
1.5.9362.6.2.1.6.2.3.1
1.5.9396.13.2.1.1.1.4
1.5.9552.6.2.1.3
1.5.9671.11.2.1.7.2.8.1
1.5.9672.20.2.1.2.1
1.5.9698.11.2.1
1.5.9755.6.2.1.14
1.5.9858.15.2.1.8.2.13
1.5.9860.12.2.1.3.3.28
1.5.9903.26.2.1.21.3
1.5.9915.12.2.1.11.8.24.2
1.5.9976.13.2.1.6.3.2
1.5.10111.17.2.1.8.2
1.5.10112.9.2.1.3
1.5.10114.14.2.1.7.1
1.5.10121.14.2.1
1.5.10264.7.2.1.12.2.12
1.5.10292.7.2.1.3.4.55.8
1.5.10458.9.2.1.8.9.13.3.4
1.5.10529.18.2.1.4.2.7
1.5.10574.17.2.1
1.5.10601.9.2.1.1.1.3.1
1.5.10644.6.2.1.4.3.3
1.5.10657.6.2.1.5.5
1.5.10660.8.2.1
1.5.10761.7.2.1.3.5.6.3.10.21
1.5.10904.25.2.1.14
1.5.10964.14.2.1.5.2
1.5.10988.16.2.1.7
1.5.11211.18.2.1
1.5.11220.13.2.1
1.5.11363.6.2.1.12.4
1.5.11420.11.2.1.9.9.29
1.5.11669.7.2.1.10.1.3
1.5.12070.7.2.1.2.1.1.1.23
1.5.12113.10.2.1
1.5.12145.12.2.1.3.3.6.2.3
1.5.12326.7.2.1.20.6.8
1.5.12447.8.2.1.3.3
1.5.12631.8.2.1.17.2.7.2.18
1.5.12731.7.2.1.1.1
1.5.12845.9.2.1.14.4.3
1.5.12884.9.2.1.9.1.8
1.5.12969.16.2.1.11.12
1.5.13306.15.2.1.8.1
1.5.13335.7.2.1.4.2.3.1.3
1.5.13379.7.2.1
1.5.13442.12.2.1.9.1.15
1.5.13467.8.2.1.6.1.5.3
1.5.13544.15.2.1.3.1
1.5.13582.7.2.1.6
1.5.13777.11.2.1.5.1.1.1
1.5.13967.20.2.1
1.5.13980.9.2.1.8.1
1.5.14206.6.2.1.1.1
1.5.14234.14.2.1.7
1.5.14366.10.2.1.7
1.5.14437.8.2.1.13.2.2
1.5.14447.13.2.1.8
1.5.14491.10.2.1
1.5.14515.8.2.1.1.5.6.3.29
1.5.14551.18.2.1
1.5.14612.7.2.1.17.2
1.5.14707.27.2.1.3
1.5.14738.8.2.1.1.1.3.2.18
1.5.14763.8.2.1.4.3.16
1.5.14859.8.2.1.15.4.7.4.31
1.5.14865.16.2.1.1.2.11.8.34
1.5.15566.11.2.1.25.5
1.5.15936.24.2.1
1.5.15972.8.2.1.15
1.5.16030.18.2.1.6.6
1.5.16046.12.2.1.17.6.13.5.18.9
1.5.16101.5.2.1
1.5.16121.7.2.1.42.1.8
1.5.16131.7.2.1.3.3.6
1.5.16135.9.2.1.8.1
1.5.16177.12.2.1.1
1.5.16473.13.2.1.1.1.4
1.5.16756.11.2.1.7.2.8.1
1.5.16757.20.2.1.2.1
1.5.16851.6.2.1.14
1.5.16950.9.2.1.8.2.15
1.5.16960.15.2.1.8.2.35
1.5.16962.12.2.1.3.3.50
1.5.17019.12.2.1.11.8.23.2
1.5.17080.13.2.1.6.3.2
1.5.17217.17.2.1.8.2
1.5.17218.9.2.1.3
1.5.17220.14.2.1.7.1
1.5.17227.14.2.1
1.5.17366.8.2.1.12.2.4
1.5.17395.7.2.1.3.4.22.7
1.5.17562.8.2.1.18.2.17.2.8
1.5.17593.7.2.1.4
1.5.17666.18.2.1.4.2.7
1.5.17711.17.2.1
1.5.17742.9.2.1.1.1.3.1
1.5.17787.6.2.1.4.3.3
1.5.17800.6.2.1.5.5
1.5.17803.8.2.1
1.5.17870.21.2.1.9.4
1.5.17896.10.2.1.3.2.4.1.27.24
1.5.18133.10.2.1.2.1.2
1.5.18372.18.2.1
1.5.18381.13.2.1
1.5.18408.7.2.1.4
1.5.18514.8.2.1
1.5.18549.25.2.1
1.5.18603.11.2.1.8.6.21
1.5.18866.23.2.1.2.2.19.2.4
1.5.18950.15.2.1.14.2
1.5.19210.10.2.1.21.4
1.5.19252.7.2.1.2.1.1.1.11
1.5.19323.12.2.1.3.3.6.2.3
1.5.19413.8.2.1.28.7
1.5.19495.17.2.1.21.7.6.10.18
1.5.19618.8.2.1.3.3
1.5.19796.8.2.1.17.2.7.2.18
1.5.19876.6.2.1.7.1.2.2
1.5.20011.7.2.1.27.2.4.1.3
1.5.20022.10.2.1.13.1.10
1.5.20050.9.2.1.9.4
1.5.20135.16.2.1.11.12
1.5.20316.9.2.1
1.5.20380.5.2.1.19.10
1.5.20461.15.2.1.8.1
1.5.20490.7.2.1.4.2.3.1.3
1.5.20524.7.2.1
1.5.20587.12.2.1.9.1.15
1.5.20689.15.2.1.3.1
1.5.20732.7.2.1.21
1.5.20987.9.2.1.15.2
1.5.21043.18.2.1
1.5.21108.20.2.1
1.5.21121.9.2.1.8.1
1.5.21192.17.2.1.5.3
1.5.21211.8.2.1.25.1
1.5.21302.7.2.1
1.5.21370.6.2.1.1.1
1.5.21397.13.2.1.17
1.5.21405.8.2.1.2.1.4.4
1.5.21461.10.2.1
1.5.21582.17.2.1.3.1.4
1.5.21590.13.2.1.12
1.5.21634.10.2.1
1.5.21658.8.2.1.1.5.6.3.29
1.5.21755.7.2.1.17.2
1.5.21863.7.2.1.1.1.11
1.5.21872.27.2.1.3
1.5.21902.12.2.1.2
1.5.21927.8.2.1.4.3.16
1.5.22018.8.2.1.15.4.7.4.31
1.5.22024.16.2.1.1.2.11.8.34
1.5.22089.11.2.1.4.4
1.5.22702.8.2.1.3.3.5.3
1.5.22769.9.2.1.5.1
1.5.23064.11.2.1.4.3
1.5.23098.9.2.1.10.1.4.1.26
1.5.23138.19.2.1
1.5.23161.12.2.1.17.6.13.5.17.18
1.5.23222.5.2.1
1.5.23242.7.2.1.42.1.8
1.5.23265.12.2.1.2.2.4.5
1.5.23302.12.2.1.1
1.5.23412.9.2.1.8.1.3.1.1
1.5.23595.13.2.1.1.1.4
1.5.23848.11.2.1.7.2.8.1
1.5.23849.20.2.1.2.1
1.5.23875.11.2.1
1.5.23936.12.2.1.19
1.5.23985.8.2.1
1.5.24037.15.2.1.8.2.13
1.5.24039.12.2.1.3.3.28
1.5.24160.13.2.1.6.3.2
1.5.24301.17.2.1.8.2
1.5.24302.9.2.1.3
1.5.24304.14.2.1.7.1
1.5.24311.14.2.1
1.5.24373.6.2.1
1.5.24380.8.2.1
1.5.24446.19.2.1.22
1.5.24639.8.2.1.18.2.17.2.8
1.5.24658.11.2.1.18.2.12
1.5.24721.9.2.1.5.2.6.2
1.5.24723.14.2.1.11.1.2.1
1.5.24933.21.2.1.9.4
1.5.24959.10.2.1.3.2.4.1.27.17
1.5.25189.10.2.1.2.1.2
1.5.25472.9.2.1.1
1.5.25581.6.2.1.12.4
1.5.25637.11.2.1.8.6.21
1.5.25917.8.2.1.5
1.5.26121.6.2.1.7.5.26
1.5.26171.9.2.1
1.5.26275.10.2.1.21.4
1.5.26319.12.2.1.1
1.5.26330.9.2.1.15.3.11.7
1.5.26361.10.2.1
1.5.26388.12.2.1.3.3.67.12.75
1.5.26474.10.2.1.18.6.28.5
1.5.26550.17.2.1.21.7.6.10.11
1.5.26620.8.2.1.3.6.13.1.6
1.5.26673.8.2.1.3.3
1.5.26708.9.2.1.5.1.4
1.5.26721.11.2.1
1.5.27043.5.2.1.2
1.5.27046.12.2.1.12.5
1.5.27163.16.2.1.11.12
1.5.27509.15.2.1.8.1
1.5.27538.7.2.1.4.2.3.1.3
1.5.27582.7.2.1
1.5.27645.12.2.1.9.1.15
1.5.27670.8.2.1.6.1.5.3
1.5.27780.7.2.1.21
1.5.27863.17.2.1
1.5.27979.11.2.1.35.1.1.1
1.5.28049.9.2.1.15.2
1.5.28105.18.2.1
1.5.28187.9.2.1.16.2
1.5.28414.6.2.1.1.1
1.5.28441.13.2.1.17
1.5.28449.8.2.1.2.1.4.4
1.5.28505.10.2.1
1.5.28639.8.2.1.13.2.2.1.4
1.5.28656.19.2.1.1.2.14.1
1.5.28698.8.2.1.1.6.17.7.27
1.5.28795.7.2.1.17.2
1.5.28884.11.2.1.1
1.5.28899.27.2.1.3
1.5.28908.8.2.1
1.5.28928.6.2.1.7.1.4.1.1
1.5.28953.8.2.1.4.3.16
1.5.29049.8.2.1.15.4.7.4.31
1.5.29055.16.2.1.1.2.11.8.34
1.5.29746.15.2.1.38.1.34.7.35.26
1.5.29879.8.2.1.2.2.3.5
1.5.30165.8.2.1.15
1.5.30221.18.2.1.6.6
1.5.30237.12.2.1.17.6.13.5.18.11
1.5.30292.5.2.1
1.5.30312.7.2.1.42.1.8
1.5.30322.7.2.1.3.3.6
1.5.30326.9.2.1.8.1
1.5.30368.12.2.1.1
1.5.30482.9.2.1.8.1.3.1.1
1.5.30635.6.2.1.6.2.3.1
1.5.30839.6.2.1.3
1.5.30971.13.2.1.7.1
1.5.30982.23.2.1.4.1.2.3
1.5.31064.7.2.1.6.1.3
1.5.31148.9.2.1.8.2.15
1.5.31158.15.2.1.8.2.35
1.5.31160.12.2.1.3.3.50
1.5.31215.12.2.1.11.8.24.2
1.5.31276.13.2.1.6.3.2
1.5.31409.17.2.1.8.2
1.5.31410.9.2.1.3
1.5.31412.14.2.1.7.1
1.5.31419.14.2.1
1.5.31491.6.2.1
1.5.31498.8.2.1
1.5.31563.7.2.1.2.5.11
1.5.31687.42.2.1.4
1.5.31753.8.2.1.18.2.17.2.8
1.5.31784.7.2.1.4
1.5.31846.9.2.1.5.2.6.2
1.5.31848.14.2.1.11.1.2.1
1.5.31892.17.2.1
1.5.31923.9.2.1.1.1.3.1
1.5.32090.7.2.1.3.5.6.3.10.17
1.5.32323.10.2.1.2.1.2
1.5.32691.8.2.1
1.5.32726.25.2.1
1.5.33041.19.2.1.32
1.5.33247.6.2.1.9
1.5.33260.16.2.1.19.1.2.1.24
1.5.33470.9.2.1.15.3.11.8
1.5.33501.10.2.1
1.5.33528.12.2.1.3.3.67.12.80
1.5.33620.8.2.1.28.7
1.5.33690.7.2.1.20.6.8
1.5.33818.8.2.1.3.3
1.5.33853.9.2.1.5.1.4
1.5.33866.11.2.1
1.5.33993.8.2.1.17.2.6.4.52
1.5.34195.16.2.1.8.3.10
1.5.34198.6.2.1.7
1.5.34244.9.2.1.9.1.8
1.5.34326.10.2.1.17.3.8
1.5.34329.9.2.1.2.10.22.1
1.5.34654.15.2.1.8.1
1.5.34683.7.2.1.4.2.3.1.3
1.5.34727.7.2.1
1.5.34753.20.2.1.17.2.3.2
1.5.34806.12.2.1.7
1.5.34901.7.2.1
1.5.34933.15.2.1.3.1
1.5.35056.17.2.1
1.5.35255.9.2.1.15.2
1.5.35377.20.2.1
1.5.35390.9.2.1.8.1
1.5.35468.7.2.1.22.1
1.5.35618.6.2.1.1.1
1.5.35646.14.2.1.7
1.5.35778.10.2.1.7
1.5.35849.8.2.1.13.2.2.1.4
1.5.35866.19.2.1.1.2.14.1
1.5.35897.10.2.1
1.5.35921.8.2.1.1.5.6.3.26
1.5.35928.9.2.1.12.2.2.9
1.5.36017.7.2.1.17.2
1.5.36093.22.2.1.6
1.5.36106.8.2.1.13.5.13
1.5.36114.8.2.1
1.5.36134.6.2.1.7.1.4.1.1
1.5.36159.8.2.1.4.3.16
1.5.36255.8.2.1.15.4.7.4.31
1.5.36261.16.2.1.1.2.11.8.34
1.5.36326.11.2.1.4.4
1.5.36932.11.2.1.25.5
1.5.37215.9.2.1.6.2
1.5.37260.22.2.1.1.1
1.5.37320.14.2.1.18.1.4.1.1
1.5.37361.19.2.1
1.5.37384.12.2.1.17.6.13.5.18.11
1.5.37439.5.2.1
1.5.37459.7.2.1.42.1.8
1.5.37482.12.2.1.2.2.4.5
1.5.37519.12.2.1.1
1.5.37634.9.2.1.8.1.3.1.1
1.5.37820.10.2.1.5.1.1.1.4
1.5.37831.11.2.1
1.5.37980.6.2.1.3
1.5.38100.13.2.1.7.1
1.5.38111.23.2.1.4.1.2.3
1.5.38183.12.2.1.19
1.5.38286.15.2.1.8.2.13
1.5.38288.12.2.1.3.3.28
1.5.38349.12.2.1.11.8.24.2
1.5.38400.7.2.1.3.3.8.5.38
1.5.38531.17.2.1.8.2
1.5.38532.9.2.1.3
1.5.38534.14.2.1.7.1
1.5.38541.14.2.1
1.5.38681.19.2.1.22
1.5.38868.8.2.1.18.2.17.2.8
1.5.38899.7.2.1.4
1.5.38917.6.2.1.1.1
1.5.38957.9.2.1.5.2.6.2
1.5.38959.14.2.1.11.1.2.1
1.5.39028.6.2.1.3.1
1.5.39072.6.2.1.4.3.3
1.5.39085.6.2.1.5.5
1.5.39088.8.2.1
1.5.39188.7.2.1.3.5.6.3.10.18
1.5.39337.25.2.1.14
1.5.39420.10.2.1.2.1.2
1.5.39650.18.2.1
1.5.39659.13.2.1
1.5.39777.8.2.1
1.5.39812.25.2.1
1.5.39866.11.2.1.8.6.21
1.5.40105.23.2.1.2.2.19.2.4
1.5.40192.13.2.1.37.3
1.5.40398.6.2.1.2.2.2
1.5.40498.7.2.1.2.1.1.1.11
1.5.40541.10.2.1
1.5.40573.12.2.1.3.3.6.2.3
1.5.40665.8.2.1.28.7
1.5.40735.7.2.1.20.6.8
1.5.40863.8.2.1.3.3
1.5.41042.8.2.1.17.2.7.2.18
1.5.41248.5.2.1.2
1.5.41251.12.2.1.12.5
1.5.41372.16.2.1.11.12
1.5.41536.6.2.1.3.2
1.5.41697.15.2.1.8.1
1.5.41726.7.2.1.4.2.3.1.3
1.5.41770.7.2.1
1.5.41796.20.2.1.17.2.3.2
1.5.41849.12.2.1.7
1.5.41944.7.2.1
1.5.41976.15.2.1.3.1
1.5.42021.7.2.1.21
1.5.42066.17.2.1.10
1.5.42205.11.2.1.35.1.1.1
1.5.42391.20.2.1
1.5.42404.9.2.1.8.1
1.5.42656.6.2.1.1.1
1.5.42684.14.2.1.7
1.5.42759.10.2.1
1.5.42827.10.2.1.7
1.5.42880.17.2.1.3.1.4
1.5.42888.13.2.1.12
1.5.42932.10.2.1
1.5.42956.8.2.1.1.5.6.3.29
1.5.43064.7.2.1.17.2
1.5.43180.27.2.1.3
1.5.43189.8.2.1
1.5.43209.6.2.1.7.1.4.1.1
1.5.43234.8.2.1.4.3.16
1.5.43331.8.2.1.15.4.7.4.36
1.5.43337.16.2.1.1.2.11.8.39
1.5.43434.12.2.1.7.3
1.5.44031.23.2.1.3.2.4.1.39.50
1.5.44100.9.2.1.5.1
1.5.44221.13.2.1
1.5.44404.24.2.1
1.5.44440.8.2.1.15
1.5.44482.19.2.1
1.5.44506.18.2.1.1.1.2.1
1.5.44587.7.2.1.44.1.8
1.5.44610.12.2.1.2.2.4.5
1.5.44647.12.2.1.1
1.5.44937.13.2.1.1.1.4
1.5.45080.6.2.1.3
1.5.45199.11.2.1.7.2.8.1
1.5.45200.20.2.1.2.1
1.5.45226.11.2.1
1.5.45283.12.2.1.19
1.5.45376.9.2.1.8.2.15
1.5.45386.15.2.1.8.2.35
1.5.45388.12.2.1.3.3.50
1.5.45445.12.2.1.11.8.23.2
1.5.45506.13.2.1.6.3.2
1.5.45799.7.2.1.12.2.12
1.5.45986.8.2.1.18.2.17.2.8
1.5.46005.11.2.1.18.2.12
1.5.46069.9.2.1.5.2.6.2
1.5.46071.14.2.1.11.1.2.1
1.5.46146.6.2.1.3.1
1.5.46292.21.2.1.9.4
1.5.46318.10.2.1.3.2.4.1.27.17
1.5.46474.8.2.1
1.5.46475.21.2.1.6.4.7
1.5.46480.9.2.1.1.1.3
1.5.46557.10.2.1.2.1.2
1.5.46610.10.2.1.4.3
1.5.46635.7.2.1
1.5.46806.6.2.1.2.1
1.5.46863.10.2.1.1.1.3
1.5.46963.8.2.1
1.5.46998.25.2.1
1.5.47041.17.2.1.4.1.2.2.4.4
1.5.47049.5.2.1.4.6.10.5.22
1.5.47294.8.2.1.5
1.5.47387.15.2.1.14.2
1.5.47734.15.2.1.3.1
1.5.47761.12.2.1.3.3.67.12.33
1.5.47851.10.2.1.19.1.21.5
1.5.47935.7.2.1.20.6.8
1.5.48063.8.2.1.3.3
1.5.48242.8.2.1.17.2.7.2.18
1.5.48311.6.2.1.7.1.2.2
1.5.48351.6.2.1
1.5.48418.16.2.1
1.5.48441.9.2.1.14.5.2
1.5.48476.9.2.1.9.1.8
1.5.48561.16.2.1.11.12
1.5.48891.15.2.1.8.1
1.5.48920.7.2.1.4.2.3.1.3
1.5.48964.7.2.1
1.5.49181.7.2.1.21
1.5.49366.11.2.1.35.1.1.1
1.5.49435.9.2.1.15.2
1.5.49472.8.2.1.19
1.5.49564.20.2.1
1.5.49577.9.2.1.8.1
1.5.49755.7.2.1
1.5.49823.6.2.1.1.1
1.5.49850.13.2.1.17
1.5.49858.8.2.1.2.1.4.4
1.5.49917.10.2.1
1.5.50038.17.2.1.3.1.4
1.5.50046.13.2.1.12
1.5.50090.10.2.1
1.5.50114.8.2.1.1.5.6.3.29
1.5.50211.7.2.1.17.2
1.5.50323.11.2.1.1
1.5.50338.27.2.1.3
1.5.50347.8.2.1
1.5.50394.8.2.1.4.3.16
1.5.50491.8.2.1.15.4.7.4.36
1.5.50497.16.2.1.1.2.4.7.39
1.5.51173.15.2.1.38.1.34.7.36.27
1.5.51230.9.2.1.5.1
1.5.51295.16.2.1.3.3.6.3
1.5.51353.13.2.1
1.5.51524.22.2.1.1.1
1.5.51568.8.2.1.10
1.5.51624.18.2.1.6.6
1.5.51641.5.2.1.1.1.1.1
1.5.51707.5.2.1
1.5.51727.7.2.1.42.1.8
1.5.51737.7.2.1.3.3.6
1.5.51741.9.2.1.8.1
1.5.51783.12.2.1.1
1.5.51901.9.2.1.8.1.3.1.1
1.5.52079.13.2.1.1.1.4
1.5.52091.11.2.1
1.5.52366.13.2.1.7.1
1.5.52377.23.2.1.4.1.2.3
1.5.52453.6.2.1.14
1.5.52551.9.2.1.8.2.15
1.5.52561.15.2.1.8.2.35
1.5.52563.12.2.1.3.3.50
1.5.52623.12.2.1.11.8.23.2
1.5.52684.13.2.1.6.3.2
1.5.52821.17.2.1.8.2
1.5.52822.9.2.1.3
1.5.52824.14.2.1.7.1
1.5.52831.14.2.1
1.5.52980.18.2.1.20
1.5.53007.11.2.1.5
1.5.53152.8.2.1.18.2.17.2.8
1.5.53171.11.2.1.18.2.12
1.5.53242.18.2.1.4.2.7
1.5.53287.17.2.1
1.5.53318.9.2.1.1.1.3.1
1.5.53363.6.2.1.4.3.3
1.5.53376.6.2.1.5.5
1.5.53379.8.2.1
1.5.53442.6.2.1.2.1
1.5.53474.7.2.1.3.5.6.3.10.19
1.5.53619.25.2.1.14
1.5.53711.10.2.1.2.1.2
1.5.53958.6.2.1.2.1
1.5.54090.8.2.1
1.5.54125.25.2.1
1.5.54168.17.2.1.4.1.2.2.4.4
1.5.54176.5.2.1.4.6.10.5.22
1.5.54443.12.2.1.2.1.5
1.5.54527.15.2.1.14.2
1.5.54741.6.2.1.2.2.2
1.5.54855.9.2.1.15.3.11.8
1.5.54886.10.2.1
1.5.54913.12.2.1.3.3.67.12.80
1.5.55005.6.2.1.25.6.5.2.6.27
1.5.55087.7.2.1.20.6.8
1.5.55209.8.2.1.3.3
1.5.55474.7.2.1.1.1
1.5.55582.5.2.1.2
1.5.55585.12.2.1.12.5
1.5.55621.9.2.1.9.4
1.5.55702.16.2.1.11.12
1.5.56037.15.2.1.8.1
1.5.56066.7.2.1.4.2.3.1.3
1.5.56110.7.2.1
1.5.56173.12.2.1.9.1.15
1.5.56198.8.2.1.6.1.5.3
1.5.56301.7.2.1.6
1.5.56346.17.2.1.10
1.5.56382.17.2.1
1.5.56497.11.2.1.35.1.1.1
1.5.56623.18.2.1
1.5.56689.20.2.1
1.5.56702.9.2.1.8.1
1.5.56780.17.2.1.5.3
1.5.56882.7.2.1
1.5.56950.6.2.1.1.1
1.5.56977.13.2.1.17
1.5.56985.8.2.1.2.1.4.4
1.5.57041.10.2.1
1.5.57109.10.2.1.7
1.5.57175.8.2.1.13.2.2
1.5.57185.13.2.1.8
1.5.57229.10.2.1
1.5.57253.8.2.1.1.5.6.3.29
1.5.57260.9.2.1.12.2.2.9
1.5.57349.7.2.1.17.2
1.5.57445.10.2.1.31
1.5.57454.8.2.1
1.5.57474.6.2.1.7.1.4.1.1
1.5.57499.8.2.1.4.3.16
1.5.57596.8.2.1.15.4.7.4.36
1.5.57602.16.2.1.1.2.11.8.39
1.5.57670.11.2.1.11.3
1.5.57692.9.2.1.9.1
1.5.58283.15.2.1.38.1.34.7.36.27
1.5.58478.13.2.1
1.5.58659.24.2.1
1.5.58695.8.2.1.15
1.5.58753.18.2.1.6.6
1.5.58769.12.2.1.17.6.13.5.17.9
1.5.58847.7.2.1.44.1.8
1.5.58870.12.2.1.2.2.4.5
1.5.58907.12.2.1.1
1.5.59197.13.2.1.1.1.4
1.5.59368.6.2.1.3
1.5.59488.13.2.1.7.1
1.5.59499.23.2.1.4.1.2.3
1.5.59587.6.2.1.14
1.5.59685.9.2.1.8.2.15
1.5.59695.15.2.1.8.2.35
1.5.59697.12.2.1.3.3.50
1.5.59751.12.2.1.11.8.23.2
1.5.59812.13.2.1.6.3.2
1.5.59949.17.2.1.8.2
1.5.59950.9.2.1.3
1.5.59952.14.2.1.7.1
1.5.59959.14.2.1
1.5.60095.7.2.1.12.2.12
1.5.60276.8.2.1.18.2.17.2.8
1.5.60295.11.2.1.18.2.12
1.5.60359.9.2.1.5.2.6.2
1.5.60361.14.2.1.11.1.2.1
1.5.60425.8.2.1
1.5.60583.21.2.1.9.4
1.5.60609.10.2.1.3.2.4.1.27.37
1.5.60859.10.2.1.2.1.2
1.5.61134.9.2.1.1
1.5.61218.8.2.1
1.5.61253.25.2.1
1.5.61308.11.2.1.9.9.29
1.5.61545.12.2.1.2.1.5
1.5.61905.10.2.1.21.4
1.5.61947.16.2.1.7.1.1
1.5.61961.9.2.1.15.3.12.7
1.5.61996.15.2.1.3.1
1.5.62028.12.2.1.3.3.6.2.3
1.5.62118.10.2.1.19.1.21.5
1.5.62202.7.2.1.20.6.8
1.5.62331.8.2.1.3.3
1.5.62589.6.2.1.7.1.2.2
1.5.62725.16.2.1.8.3.10
1.5.62728.6.2.1.7
1.5.62767.9.2.1.9.1.8
1.5.62849.10.2.1.17.3.8
1.5.62852.9.2.1.2.10.22.1
1.5.62874.24.2.1
1.5.63189.15.2.1.8.1
1.5.63218.7.2.1.4.2.3.1.3
1.5.63262.7.2.1
1.5.63288.20.2.1.17.2.3.2
1.5.63341.12.2.1.7
1.5.63436.7.2.1
1.5.63468.15.2.1.3.1
1.5.63506.7.2.1.6
1.5.63773.9.2.1.15.2
1.5.63810.8.2.1.19
1.5.63901.20.2.1
1.5.63914.9.2.1.8.1
1.5.63985.17.2.1.5.3
1.5.64007.7.2.1.22.1
1.5.64145.6.2.1.1.1
1.5.64173.14.2.1.7
1.5.64248.10.2.1
1.5.64317.10.2.1.7
1.5.64388.8.2.1.13.2.2.1.4
1.5.64405.19.2.1.1.2.14.1
1.5.64445.10.2.1
1.5.64469.8.2.1.1.5.6.3.28
1.5.64577.7.2.1.17.2
1.5.64674.27.2.1.3
1.5.64683.8.2.1
1.5.64703.6.2.1.7.1.4.1.1
1.5.64728.8.2.1.4.3.16
1.5.64819.8.2.1.15.4.7.4.31
1.5.64825.16.2.1.1.2.11.8.34
1.5.65527.11.2.1.25.5
1.5.65902.22.2.1.1.1
1.5.65917.24.2.1
1.5.65953.8.2.1.15
1.5.65990.19.2.1
1.5.66014.18.2.1.1.1.2.1
1.5.66078.5.2.1
1.5.66098.7.2.1.42.1.8
1.5.66108.7.2.1.3.3.6
1.5.66112.9.2.1.8.1
1.5.66154.12.2.1.1
1.5.66268.9.2.1.8.1.3.1.1
1.5.66433.13.2.1.1.1.4
1.5.66702.11.2.1.7.2.8.1
1.5.66703.20.2.1.2.1
1.5.66793.12.2.1.19
1.5.66892.9.2.1.8.2.15
1.5.66902.15.2.1.8.2.35
1.5.66904.12.2.1.3.3.50
1.5.66958.12.2.1.11.8.23.2
1.5.67019.13.2.1.6.3.2
1.5.67317.19.2.1.22
1.5.67440.42.2.1.4
1.5.67506.8.2.1.18.2.17.2.8
1.5.67525.11.2.1.18.2.12
1.5.67589.9.2.1.5.2.6.2
1.5.67591.14.2.1.11.1.2.1
1.5.67667.6.2.1.3.1
1.5.67680.11.2.1.10.7.15.3
1.5.67834.7.2.1.3.5.6.3.10.19
1.5.67985.8.2.1
1.5.67986.21.2.1.6.4.7
1.5.67991.9.2.1.1.1.3
1.5.68077.10.2.1.2.1.2
1.5.68130.10.2.1.4.3
1.5.68155.7.2.1
1.5.68323.6.2.1.2.1
1.5.68490.6.2.1.11.4
1.5.68535.17.2.1.4.1.2.2.4.5
1.5.68542.5.2.1.4.2.3.3.10
1.5.68773.23.2.1.2.2.19.2.4
1.5.68961.6.2.1.9
1.5.68974.16.2.1.19.1.2.1.24
1.5.69180.9.2.1.15.3.11.8
1.5.69215.15.2.1.3.1
1.5.69247.12.2.1.3.3.6.2.3
1.5.69333.10.2.1.18.6.28.5
1.5.69409.7.2.1.20.6.8
1.5.69479.8.2.1.3.8.17.1.2
1.5.69532.8.2.1.3.3
1.5.69702.9.2.1.3.2.3
1.5.69776.7.2.1.3.2
1.5.69894.16.2.1
1.5.69912.9.2.1.12.2
1.5.69915.6.2.1.7
1.5.70045.10.2.1.17.3.8
1.5.70048.9.2.1.2.10.22.1
1.5.70189.20.2.1.8.1
1.5.70212.6.2.1.3.2
1.5.70373.15.2.1.8.1
1.5.70402.7.2.1.4.2.3.1.3
1.5.70446.7.2.1
1.5.70472.20.2.1.17.2.3.2
1.5.70525.12.2.1.7
1.5.70620.7.2.1
1.5.70683.7.2.1.21
1.5.70872.11.2.1.35.1.1.1
1.5.71073.20.2.1
1.5.71086.9.2.1.8.1
1.5.71157.17.2.1.5.3
1.5.71192.15.2.1
1.5.71316.6.2.1.1.1
1.5.71343.13.2.1.17
1.5.71351.8.2.1.2.1.4.4
1.5.71410.10.2.1
1.5.71478.10.2.1.7
1.5.71549.8.2.1.13.2.2.1.4
1.5.71609.8.2.1.1.6.17.7.22
1.5.71649.18.2.1
1.5.71710.7.2.1.17.2
1.5.71820.11.2.1.1
1.5.71835.27.2.1.3
1.5.71866.8.2.1.1.1.3.2.27
1.5.71891.8.2.1.4.3.16
1.5.71983.8.2.1.15.4.7.4.36
1.5.71989.16.2.1.1.2.11.8.39
1.6.214.8.2.1
1.6.442.8.2.1.3.1
1.6.653.8.2.1.7.1.1.2
1.6.743.8.2.1.3.1
1.6.782.8.2.1.3.2
1.6.818.8.2.1
1.6.841.8.2.1.26.5.34.2.30
1.6.969.8.2.1.2.3
1.6.1121.8.2.1.7.1.3.1
1.6.1169.8.2.1
1.6.1176.8.2.1
1.6.1229.8.2.1.23.9.26
1.6.1297.8.2.1.5.7.7.1
1.6.1382.8.2.1.2.2.7
1.6.1400.8.2.1.18.6.21
1.6.1506.8.2.1.17.5.21.2
1.6.1520.8.2.1.1.1.12.1
1.6.1561.8.2.1.5
1.6.1943.8.2.1.2.4
1.6.1960.8.2.1.3.6.44
1.6.1964.8.2.1.7.5.9.1
1.6.2111.8.2.1.33.2.6.2
1.6.2200.8.2.1.5
1.6.2449.8.2.1.23.5.22
1.6.2635.8.2.1.5.1
1.6.2814.8.2.1.6.1.8
1.6.2840.8.2.1.37
1.6.2876.8.2.1.24
1.6.3012.8.2.1.5
1.6.3049.8.2.1.13
1.6.3137.8.2.1
1.6.3272.8.2.1.3
1.6.3377.8.2.1.5.4.14.2.5.13
1.6.3690.8.2.1.3.5
1.6.3779.8.2.1.18.5
1.6.4022.8.2.1.3
1.6.4161.8.2.1.11.3.5.5
1.6.4226.8.2.1.16
1.6.4502.8.2.1.13
1.6.4691.8.2.1.5
1.6.4694.8.2.1
1.6.4868.8.2.1.12.1
1.6.4894.8.2.1.7.3.4.3
1.6.4922.8.2.1.10.7
1.6.4977.8.2.1
1.6.5056.8.2.1.3.1.1.1.26
1.6.5235.8.2.1.10.1
1.6.5235.8.2.1.13.3.33.1.4
1.6.5262.8.2.1.1.1.7.3
1.6.5309.8.2.1.2.3.8.1
1.6.5383.8.2.1.1.1.2
1.6.5400.8.2.1
1.6.5421.8.2.1.25.1.1.1.8
1.6.5481.8.2.1.12
1.6.5561.8.2.1
1.6.5567.8.2.1.32.6.24
1.6.5772.8.2.1
1.6.5860.8.2.1.3.2
1.6.5938.8.2.1.3.2.4
1.6.6100.8.2.1.5.1
1.6.6170.8.2.1.15.1
1.6.6321.8.2.1.8.2
1.6.6351.8.2.1.4.1.7
1.6.6376.8.2.1.15.5
1.6.6472.8.2.1.2.1
1.6.6646.8.2.1.6
1.6.7082.8.2.1
1.6.7098.8.2.1.3.2.3.1
1.6.7210.8.2.1
1.6.7398.8.2.1.4.2.4.2.8
1.6.7408.8.2.1.7.4.19
1.6.7481.8.2.1.3.1.2.1
1.6.7636.8.2.1.9
1.6.7643.8.2.1.2.2.12
1.6.7647.8.2.1.1.1
1.6.7653.8.2.1
1.6.7697.8.2.1.19.2.51
1.6.7704.8.2.1.2.2
1.6.7804.8.2.1
1.6.7815.8.2.1
1.6.7817.8.2.1.2.4
1.6.7870.8.2.1.1.2.10.1
1.6.7959.8.2.1.2.1.2.2.10
1.6.7965.8.2.1
1.6.7970.8.2.1.6.3.7.2.1
1.6.8003.8.2.1.4.2.1
1.6.8036.8.2.1.6
1.6.8075.8.2.1.5.1
1.6.8138.8.2.1.3.1.20.6.7
1.6.8239.8.2.1.10
1.6.8245.8.2.1.18
1.6.8252.8.2.1.2.5.9.4
1.6.8359.8.2.1
1.6.8814.8.2.1.5
1.6.8956.8.2.1.3.1.1.1
1.6.8983.8.2.1.6.1
1.6.9018.8.2.1.8.1.2.4.36
1.6.9139.8.2.1.2.3
1.6.9356.8.2.1
1.6.9392.8.2.1.7.1
1.6.9426.8.2.1.26.4.48
1.6.9472.8.2.1.3
1.6.9492.8.2.1.9.3
1.6.9715.8.2.1.17.5.21.2
1.6.9729.8.2.1.1.1.12.1
1.6.9770.8.2.1.5
1.6.10192.8.2.1.11.6.19.1.7
1.6.10344.8.2.1.33.2.6.2
1.6.10430.8.2.1.5
1.6.10679.8.2.1.23.5.22
1.6.10865.8.2.1.3.3
1.6.11049.8.2.1.5.3.9
1.6.11074.8.2.1.37
1.6.11109.8.2.1.1.1.7.1
1.6.11244.8.2.1.5
1.6.11281.8.2.1.13
1.6.11452.8.2.1.13.2.7.3
1.6.11519.8.2.1.32.5
1.6.11532.8.2.1.48.1.1.5
1.6.11616.8.2.1.15.1.4.5
1.6.11906.8.2.1.3.5
1.6.11995.8.2.1.18.5
1.6.12089.8.2.1.11.3.47.9.37
1.6.12245.8.2.1
1.6.12386.8.2.1.2.1.6.7
1.6.12390.8.2.1
1.6.12454.8.2.1.2
1.6.12927.8.2.1.5
1.6.12930.8.2.1
1.6.12992.8.2.1
1.6.13109.8.2.1.12.1
1.6.13135.8.2.1.7.3.4.3
1.6.13163.8.2.1.10.7
1.6.13255.8.2.1.5.1.8.1
1.6.13299.8.2.1.3.1.1.1.21
1.6.13339.8.2.1.2.1
1.6.13365.8.2.1.7.3
1.6.13460.8.2.1.10.1
1.6.13460.8.2.1.13.3.33.1.4
1.6.13533.8.2.1.2.3.25.1
1.6.13607.8.2.1.1.1.2
1.6.13641.8.2.1.1
1.6.13701.8.2.1.12
1.6.13765.8.2.1.1.1.21
1.6.13784.8.2.1.3.1.4
1.6.13869.8.2.1.1.1.1.1
1.6.13974.8.2.1
1.6.14002.8.2.1.2.2.16.8
1.6.14010.8.2.1.16
1.6.14062.8.2.1.6
1.6.14065.8.2.1.11.5.6.5
1.6.14138.8.2.1.3.2.4
1.6.14238.8.2.1.3.2
1.6.14266.8.2.1.9.2
1.6.14315.8.2.1.5.1
1.6.14422.8.2.1.2.1.2.6.13
1.6.14557.8.2.1.4.1.7
1.6.14582.8.2.1.15.5
1.6.14629.8.2.1.7.1.12.4
1.6.14833.8.2.1
1.6.14886.8.2.1.17
1.6.15033.8.2.1.6.1.1.2
1.6.15441.8.2.1
1.6.15641.8.2.1.6.3.8
1.6.15713.8.2.1.11.10
1.6.15863.8.2.1.18.1.8
1.6.15869.8.2.1.14
1.6.15873.8.2.1.30
1.6.15930.8.2.1.1.1.29
1.6.16033.8.2.1
1.6.16044.8.2.1
1.6.16046.8.2.1.28.4.10.3
1.6.16103.8.2.1.1.2.10.1
1.6.16188.8.2.1.2.1.2.2.10
1.6.16194.8.2.1
1.6.16199.8.2.1.6.3.7.2.1
1.6.16232.8.2.1.4.2.1
1.6.16257.8.2.1.1.1.6
1.6.16301.8.2.1.16.2
1.6.16364.8.2.1.3.1.20.6.7
1.6.16467.8.2.1.1.1.2.2
1.6.16588.8.2.1
1.6.16815.8.2.1
1.6.17126.8.2.1.3.1
1.6.17155.8.2.1.1.1
1.6.17168.8.2.1.7.1.2.2.23.30
1.6.17196.8.2.1.6.1
1.6.17378.8.2.1
1.6.17561.8.2.1
1.6.17597.8.2.1.7.1
1.6.17631.8.2.1.26.4.48
1.6.17696.8.2.1.5.7.7.1
1.6.17824.8.2.1.8.5.11.6.19
1.6.17938.8.2.1.17.5.21.2
1.6.17952.8.2.1.1.1.12.1
1.6.17993.8.2.1.5
1.6.18399.8.2.1.11.6.19.1.7
1.6.18541.8.2.1.33.2.6.2
1.6.18623.8.2.1.5
1.6.18684.8.2.1
1.6.18807.8.2.1.13.7
1.6.18899.8.2.1.23.5.22
1.6.19018.8.2.1
1.6.19091.8.2.1.10
1.6.19095.8.2.1.17.2.13.2
1.6.19281.8.2.1.19.3.6
1.6.19306.8.2.1.37
1.6.19343.8.2.1.1.1.7.1
1.6.19469.8.2.1.5
1.6.19506.8.2.1.13
1.6.19672.8.2.1.13.2.7.3
1.6.19739.8.2.1.32.5
1.6.19836.8.2.1.20.1.4.4
1.6.19872.8.2.1.4.1
1.6.19981.8.2.1.7.1
1.6.20092.8.2.1.3.5
1.6.20181.8.2.1.18.5
1.6.20272.8.2.1.11.3.47.9.37
1.6.20281.8.2.1.1.3.6
1.6.20422.8.2.1
1.6.20567.8.2.1.19.3
1.6.20722.8.2.1
1.6.20929.8.2.1.13
1.6.21122.8.2.1.3
1.6.21285.8.2.1.12.1
1.6.21311.8.2.1.7.3.4.3
1.6.21339.8.2.1.10.7
1.6.21442.8.2.1.5.1.8.1
1.6.21486.8.2.1.3.1.1.1.21
1.6.21526.8.2.1.2.1
1.6.21551.8.2.1.8.6
1.6.21645.8.2.1.10.1
1.6.21645.8.2.1.13.3.33.1.4
1.6.21717.8.2.1.2.3.14.1
1.6.21791.8.2.1.1.1.2
1.6.21808.8.2.1
1.6.21829.8.2.1.25.1.1.1.8
1.6.21963.8.2.1
1.6.21971.8.2.1.33.5.19.6.7
1.6.22187.8.2.1.2.2.16.8
1.6.22192.8.2.1.9.6.36
1.6.22196.8.2.1.4.2
1.6.22199.8.2.1.5
1.6.22247.8.2.1.3.3.2.1.1
1.6.22322.8.2.1.3.2.4
1.6.22440.8.2.1.9.2
1.6.22489.8.2.1.5.1
1.6.22723.8.2.1.8.2
1.6.22750.8.2.1.4.1.7
1.6.22776.8.2.1.15.5
1.6.23065.8.2.1.17
1.6.23213.8.2.1.6.1.1.2
1.6.23376.8.2.1.7
1.6.23386.8.2.1.4.3.10.1
1.6.23474.8.2.1
1.6.23490.8.2.1.3.2.3.1
1.6.23624.8.2.1.38.1
1.6.23819.8.2.1.12.1.3
1.6.23882.8.2.1.4.1
1.6.24045.8.2.1.9
1.6.24052.8.2.1.2.2.12
1.6.24056.8.2.1.1.1
1.6.24062.8.2.1
1.6.24109.8.2.1.20.2.32
1.6.24116.8.2.1.2.2
1.6.24237.8.2.1.19.13.31.6.8.54
1.6.24283.8.2.1.1.2.10.1
1.6.24367.8.2.1.2.1.2.2.10
1.6.24373.8.2.1
1.6.24378.8.2.1.6.3.7.2.1
1.6.24411.8.2.1.4.2.1
1.6.24436.8.2.1.1.1.6
1.6.24480.8.2.1.16.2
1.6.24545.8.2.1.3.1.20.6.7
1.6.24799.8.2.1
1.6.25014.8.2.1.3.1
1.6.25227.8.2.1.7.1.1.2
1.6.25353.8.2.1.3.2
1.6.25389.8.2.1
1.6.25412.8.2.1.26.5.34.2.30
1.6.25558.8.2.1.4.2.5.2
1.6.25738.8.2.1
1.6.25812.8.2.1.25.1.12.3.4
1.6.25855.8.2.1.3
1.6.25875.8.2.1.9.3
1.6.25988.8.2.1.8.5.11.6.19
1.6.26107.8.2.1.17.5.21.2
1.6.26121.8.2.1.1.1.12.1
1.6.26162.8.2.1.5
1.6.26449.8.2.1.1.1.1.1
1.6.26547.8.2.1.2.4
1.6.26564.8.2.1.3.6.44
1.6.26568.8.2.1.7.5.9.1
1.6.26729.8.2.1.8.2.15.2
1.6.26822.8.2.1.8
1.6.26884.8.2.1.20.2
1.6.26935.8.2.1.7.1.12.2.24
1.6.26962.8.2.1.5.3
1.6.26982.8.2.1.4.3
1.6.27078.8.2.1.23.5.22
1.6.27196.8.2.1
1.6.27269.8.2.1.10
1.6.27273.8.2.1.17.2.13.2
1.6.27458.8.2.1.19.3.6
1.6.27483.8.2.1.37
1.6.27520.8.2.1.1.1.7.1
1.6.27578.8.2.1.9
1.6.27655.8.2.1.5
1.6.27692.8.2.1.13
1.6.27773.8.2.1
1.6.28037.8.2.1.20.1.4.4
1.6.28280.8.2.1.6
1.6.28354.8.2.1.3.5
1.6.28443.8.2.1.18.5
1.6.28685.8.2.1
1.6.28847.8.2.1.12.7
1.6.28997.8.2.1
1.6.29085.8.2.1
1.6.29192.8.2.1.5.1.6
1.6.29494.8.2.1
1.6.29597.8.2.1.12.1
1.6.29623.8.2.1.7.3.4.3
1.6.29651.8.2.1.10.7
1.6.29748.8.2.1.5.1.8.1
1.6.29834.8.2.1.2.1
1.6.29859.8.2.1.8.6
1.6.29953.8.2.1.10.1
1.6.29953.8.2.1.13.3.33.1.4
1.6.30026.8.2.1.2.3.8.1
1.6.30100.8.2.1.1.1.2
1.6.30134.8.2.1.8
1.6.30145.8.2.1.6.1
1.6.30270.8.2.1.7
1.6.30461.8.2.1
1.6.30500.8.2.1.1.1.11.5
1.6.30538.8.2.1.6
1.6.30541.8.2.1.11.5.6.5
1.6.30614.8.2.1.3.2.4
1.6.30700.8.2.1.3.1.5
1.6.30721.8.2.1.12.1.7
1.6.30781.8.2.1.14.1
1.6.30851.8.2.1.15.1
1.6.30912.8.2.1.2.1.2.7.18
1.6.30999.8.2.1.8.2
1.6.31026.8.2.1.4.1.7
1.6.31052.8.2.1.15.5
1.6.31099.8.2.1.7.1.12.4
1.6.31205.8.2.1.4.4
1.6.31211.8.2.1
1.6.31338.8.2.1.1.3.1.1.5
1.6.31470.8.2.1.6.1.1.2
1.6.31878.8.2.1
1.6.31908.8.2.1.1.1.1
1.6.32072.8.2.1.4.2.4.2.8
1.6.32082.8.2.1.7.4.19
1.6.32155.8.2.1.3.1.2.1
1.6.32310.8.2.1.9
1.6.32317.8.2.1.2.2.12
1.6.32321.8.2.1.1.1
1.6.32327.8.2.1
1.6.32373.8.2.1.20.2.32
1.6.32380.8.2.1.2.2
1.6.32491.8.2.1
1.6.32503.8.2.1.2.1
1.6.32547.8.2.1.5.1
1.6.32636.8.2.1.4.5.25
1.6.32638.8.2.1.3.2.29
1.6.32706.8.2.1.1.1.6
1.6.32750.8.2.1.16.2
1.6.32813.8.2.1.3.1.20.6.7
1.6.33025.8.2.1
1.6.33614.8.2.1.3.2
1.6.33650.8.2.1
1.6.33673.8.2.1.26.5.34.2.30
1.6.33995.8.2.1
1.6.34024.8.2.1.7.1
1.6.34060.8.2.1.13.4.45
1.6.34125.8.2.1.5.7.7.1
1.6.34216.8.2.1.2.2.7
1.6.34234.8.2.1.18.6.21
1.6.34343.8.2.1.17.5.21.2
1.6.34357.8.2.1.1.1.12.1
1.6.34675.8.2.1.1.1.1.1
1.6.34783.8.2.1.11.6.19.1.7
1.6.34921.8.2.1.1.1.16.7
1.6.35021.8.2.1.5
1.6.35168.8.2.1.1
1.6.35271.8.2.1.23.5.22
1.6.35389.8.2.1
1.6.35462.8.2.1.10
1.6.35466.8.2.1.17.2.13.2
1.6.35648.8.2.1.5.3.9
1.6.35677.8.2.1.14.2.5
1.6.35721.8.2.1.1.1.7.1
1.6.35780.8.2.1.9
1.6.35898.8.2.1.13
1.6.36038.8.2.1.13.1.4.1
1.6.36214.8.2.1.5.4.14.2.5.13
1.6.36250.8.2.1.4.1
1.6.36502.8.2.1.3.5
1.6.36591.8.2.1.18.5
1.6.36685.8.2.1.11.3.47.9.37
1.6.36846.8.2.1
1.6.37000.8.2.1.2.1.5.2
1.6.37068.8.2.1.16
1.6.37286.8.2.1.7.11
1.6.37346.8.2.1.7
1.6.37457.8.2.1.4.1.3.3
1.6.37574.8.2.1.16.3.19.5.8
1.6.37634.8.2.1
1.6.37753.8.2.1.12.1
1.6.37779.8.2.1.7.3.4.3
1.6.37807.8.2.1.10.7
1.6.37945.8.2.1.2.5.6.6
1.6.37956.8.2.1.3.1.1.1.26
1.6.37996.8.2.1.2.1
1.6.38022.8.2.1.1.3.21.4
1.6.38120.8.2.1.10.1
1.6.38120.8.2.1.13.3.33.1.4
1.6.38190.8.2.1.2.3.8.1
1.6.38264.8.2.1.1.1.2
1.6.38281.8.2.1
1.6.38302.8.2.1.25.1.1.1.8
1.6.38431.8.2.1
1.6.38437.8.2.1.32.6.24
1.6.38525.8.2.1.5.4
1.6.38642.8.2.1
1.6.38679.8.2.1.1.1.11.5
1.6.38722.8.2.1.1.5.14.7
1.6.38787.8.2.1.8
1.6.38874.8.2.1.12.4.5.17.44
1.6.38954.8.2.1.5.1
1.6.39024.8.2.1.15.1
1.6.39192.8.2.1.2.6
1.6.39230.8.2.1.4.1.7
1.6.39255.8.2.1.15.5
1.6.39541.8.2.1.23
1.6.39573.8.2.1.8.8.27.8
1.6.39607.8.2.1.1.1.1.1.11
1.6.39709.8.2.1.6.1.1.2
1.6.39994.8.2.1
1.6.40010.8.2.1.3.2.3.1
1.6.40119.8.2.1
1.6.40149.8.2.1.1.1.1
1.6.40320.8.2.1.6.3.8
1.6.40393.8.2.1.3.1.2.1
1.6.40548.8.2.1.9
1.6.40555.8.2.1.2.2.12
1.6.40559.8.2.1.1.1
1.6.40565.8.2.1
1.6.40612.8.2.1.20.2.32
1.6.40619.8.2.1.2.2
1.6.40727.8.2.1.18.12.29.7.11.37
1.6.40779.8.2.1.1.2.10.1
1.6.40868.8.2.1.2.1.2.2.10
1.6.40874.8.2.1
1.6.40879.8.2.1.6.3.7.2.1
1.6.40912.8.2.1.4.2.1
1.6.40937.8.2.1.1.1.6
1.6.40981.8.2.1.16.2
1.6.41048.8.2.1.3.1.20.6.7
1.6.41310.8.2.1
1.6.41745.8.2.1.5
1.6.41883.8.2.1.3.1.1.1
1.6.41910.8.2.1.6.1
1.6.41945.8.2.1.8.1.2.4.36
1.6.42108.8.2.1.3.1
1.6.42280.8.2.1
1.6.42305.8.2.1.7.1
1.6.42339.8.2.1.26.4.48
1.6.42404.8.2.1.5.7.7.1
1.6.42540.8.2.1.8.5.11.6.19
1.6.42666.8.2.1.17.5.21.2
1.6.42680.8.2.1.1.1.12.1
1.6.42721.8.2.1.5
1.6.43021.8.2.1.1.1.1.1
1.6.43129.8.2.1.11.6.19.1.7
1.6.43298.8.2.1.4.3.14.2
1.6.43400.8.2.1.8
1.6.43450.8.2.1.20.2
1.6.43502.8.2.1.7.1.12.2.24
1.6.43640.8.2.1.23.5.22
1.6.43760.8.2.1
1.6.43833.8.2.1.10
1.6.43837.8.2.1.17.2.13.2
1.6.44020.8.2.1.5.3.9
1.6.44045.8.2.1.37
1.6.44080.8.2.1.1.1.7.1
1.6.44242.8.2.1.13
1.6.44410.8.2.1.13.2.7.3
1.6.44569.8.2.1.15.1.4.5
1.6.44800.8.2.1.6
1.6.44874.8.2.1.3.5
1.6.45042.8.2.1.11.3.45.9.64
1.6.45223.8.2.1.3
1.6.45373.8.2.1.2.1.5.2
1.6.45684.8.2.1.13
1.6.45770.8.2.1.4.1.3.3
1.6.45917.8.2.1.6.3
1.6.45963.8.2.1
1.6.46066.8.2.1.12.1
1.6.46092.8.2.1.7.3.4.3
1.6.46120.8.2.1.10.7
1.6.46212.8.2.1.5.1.8.1
1.6.46256.8.2.1.3.1.1.1.21
1.6.46296.8.2.1.2.1
1.6.46322.8.2.1.1.3.22.4
1.6.46413.8.2.1.1.1.17.4.3
1.6.46432.8.2.1.9.3
1.6.46453.8.2.1.4.11
1.6.46551.8.2.1.1.1.2
1.6.46585.8.2.1.1
1.6.46645.8.2.1.12
1.6.46725.8.2.1
1.6.46733.8.2.1.33.5.19.6.7
1.6.46813.8.2.1.5.4
1.6.47001.8.2.1.3.3.2.1.1
1.6.47076.8.2.1.3.2.4
1.6.47159.8.2.1.12.4.5.17.42
1.6.47245.8.2.1.20.1
1.6.47315.8.2.1.15.1
1.6.47375.8.2.1.2.1.2.7.18
1.6.47503.8.2.1.4.1.7
1.6.47529.8.2.1.15.5
1.6.47759.8.2.1
1.6.47796.8.2.1.1.3.1.1.5
1.6.47936.8.2.1.6.1.1.2
1.6.48350.8.2.1
1.6.48380.8.2.1.1.1.1
1.6.48533.8.2.1.4.2.4.2.8
1.6.48543.8.2.1.7.4.19
1.6.48615.8.2.1.11.10
1.6.48777.8.2.1.9
1.6.48784.8.2.1.2.2.12
1.6.48788.8.2.1.1.1
1.6.48794.8.2.1
1.6.48840.8.2.1.20.2.32
1.6.48847.8.2.1.2.2
1.6.48935.8.2.1.10.10.33.8.7.48
1.6.48987.8.2.1.1.2.10.1
1.6.49068.8.2.1.4.5.25
1.6.49075.8.2.1.3.3.18
1.6.49080.8.2.1
1.6.49128.8.2.1.1.1.6
1.6.49172.8.2.1.16.2
1.6.49237.8.2.1.3.1.20.6.7
1.6.49479.8.2.1
1.6.49721.8.2.1.3.1
1.6.50021.8.2.1.3.1
1.6.50060.8.2.1.3.2
1.6.50096.8.2.1
1.6.50119.8.2.1.26.5.34.2.30
1.6.50259.8.2.1.4.2.5.2
1.6.50459.8.2.1
1.6.50514.8.2.1.23.9.28
1.6.50579.8.2.1.5.7.7.1
1.6.50680.8.2.1.2.2.7
1.6.50698.8.2.1.18.6.21
1.6.50770.8.2.1.6.7.23.1
1.6.50808.8.2.1
1.6.50833.8.2.1.2.1
1.6.50846.8.2.1.5
1.6.51246.8.2.1.11.6.19.1.7
1.6.51398.8.2.1.33.2.6.2
1.6.51480.8.2.1.5
1.6.51641.8.2.1.1
1.6.51652.8.2.1.4.3
1.6.51747.8.2.1.23.5.22
1.6.51934.8.2.1.5.1
1.6.52113.8.2.1.6.1.8
1.6.52139.8.2.1.37
1.6.52174.8.2.1.1.1.7.1
1.6.52334.8.2.1.13
1.6.52572.8.2.1.32.5
1.6.52673.8.2.1.15.1.4.5
1.6.52709.8.2.1.4.1
1.6.52959.8.2.1.3.5
1.6.53132.8.2.1.3.4.11
1.6.53286.8.2.1
1.6.53433.8.2.1.2.1.6.7
1.6.53437.8.2.1
1.6.53520.8.2.1.16
1.6.53604.8.2.1
1.6.53734.8.2.1.7.8
1.6.53800.8.2.1.7
1.6.53911.8.2.1.4.1.3.3
1.6.54058.8.2.1
1.6.54100.8.2.1
1.6.54219.8.2.1.12.1
1.6.54246.8.2.1.6.2.29.4.11.5
1.6.54275.8.2.1.10.7
1.6.54364.8.2.1.19.1.8.1
1.6.54408.8.2.1.3.1.1.1.21
1.6.54448.8.2.1.2.1
1.6.54473.8.2.1.8.6
1.6.54554.8.2.1.1.1.17.4.3
1.6.54573.8.2.1.9.3
1.6.54686.8.2.1.1.1.2
1.6.54703.8.2.1
1.6.54862.8.2.1.7
1.6.55144.8.2.1.3.3.2.1.1
1.6.55222.8.2.1.3.2.4
1.6.55374.8.2.1.14.1
1.6.55643.8.2.1.4.1.7
1.6.55668.8.2.1.15.5
1.6.55948.8.2.1.23
1.6.56098.8.2.1.6.1.1.2
1.6.56502.8.2.1
1.6.56532.8.2.1.1.1.1
1.6.56706.8.2.1.6.3.8
1.6.56778.8.2.1.11.10
1.6.56932.8.2.1.9
1.6.56939.8.2.1.2.2.12
1.6.56943.8.2.1.1.1
1.6.57007.8.2.1.1.1.29
1.6.57131.8.2.1
1.6.57142.8.2.1
1.6.57144.8.2.1.2.4
1.6.57197.8.2.1.1.2.10.1
1.6.57279.8.2.1.2.1.2.2.10
1.6.57285.8.2.1
1.6.57290.8.2.1.6.3.7.2.1
1.6.57323.8.2.1.4.2.1
1.6.57355.8.2.1.6
1.6.57394.8.2.1.5.1
1.6.57457.8.2.1.3.1.20.6.7
1.6.57566.8.2.1
1.6.57686.8.2.1
1.6.58147.8.2.1.5
1.6.58216.8.2.1.22.7
1.6.58234.8.2.1.3.1
1.6.58273.8.2.1.3.2
1.6.58309.8.2.1
1.6.58332.8.2.1.26.5.34.2.30
1.6.58464.8.2.1.4.2.5.2
