1.1.1.15.5.1.3.1
1.1.1.18.29.1.4.4
1.1.1.21.5.1.10.4.15.1.1
1.1.1.168.42.2.12.17.3
1.1.1.235.5.1.1.16.30.5
1.1.1.334.15.2.10.2.8.1
1.1.1.359.5.1
1.1.1.391.14.2.6.8.15
1.1.1.429.18.2.9.2
1.1.1.494.25.2.4.9
1.1.1.545.5.1.1.1.2
1.1.1.607.22.1.12.11
1.1.1.643.5.1.1
1.1.1.688.5.1
1.1.1.714.22.3.17.12.7.3.5
1.1.1.728.5.1.2.2
1.1.1.733.5.1
1.1.1.816.34.4.1
1.1.1.822.14.2.6
1.1.1.1020.13.2.13.2.12
1.1.1.1060.5.1
1.1.1.1064.11.2.11
1.1.1.1078.5.1.5
1.1.1.1079.9.3.20.6
1.1.1.1087.9.1.6
1.1.1.1134.15.3
1.1.1.1160.5.1.1.11.9.1.3
1.1.1.1239.8.1.4
1.1.1.1243.14.3.11
1.1.1.1254.34.1.19.12
1.1.1.1273.43.1.4.3
1.1.1.1304.5.1.2.1.3.3.21
1.1.1.1321.25.2.48.10
1.1.1.1416.5.1.3.6.13.1.16
1.1.1.1427.5.1.18.1
1.1.1.1463.19.1.4.1.1
1.1.1.1488.11.1.5.1
1.1.1.1531.37.2.16.23
1.1.1.1550.14.3.10
1.1.1.1558.5.1.3.18.25.6.18
1.1.1.1565.6
1.1.1.1737.5.1.9.14
1.1.1.1878.29.2.23
1.1.1.1881.5.1.2.18
1.1.1.1976.8.1.32
1.1.1.1988.10.1.10
1.1.1.2025.17.2.14
1.1.1.2119.9.4.4.2
1.1.1.2198.11.1.8
1.1.1.2221.5.1
1.1.1.2259.5.1.4.3
1.1.1.2280.5.1.3
1.1.1.2374.16.2.12.1.7
1.1.1.2426.22.2.30.1.38.3
1.1.1.2577.25.2.13.1
1.1.1.2628.5.1.1
1.1.1.2661.5.1.1.1.15.1
1.1.1.2825.5.1.7.2
1.1.1.2885.15.2
1.1.1.2934.11.1.4.5
1.1.1.3134.24.4.12.9
1.1.1.3155.5.1.3.2.20.2
1.1.2.3365.5.1.1.5.9
1.1.2.3372.5.1
1.1.2.3577.5.1.10
1.1.2.3620.8.2.8
1.1.2.3636.10.2.4
1.1.2.3710.5.1.3.1.6.1
1.1.2.3742.10.3.8
1.1.2.3748.15.2.6.4.21
1.1.2.3785.5.1.3.10
1.1.2.3980.9.1.4.2
1.1.2.3988.8.1.7.24
1.1.2.4030.5.1.12.2
1.1.2.4039.3
1.1.2.4048.8.1.4
1.1.2.4064.36.1.10.2
1.1.2.4164.5.1.5
1.1.2.4261.52.1.4.4
1.1.2.4326.19.1.4.9
1.1.2.4362.14.3
1.1.2.4372.5.1.1.1.4
1.1.2.4413.15.2.11
1.1.2.4629.14.2.6.3
1.1.2.4662.16.3.7.2
1.1.2.4699.15.2.23.5.23.4
1.1.2.4706.5.1.7.1.1.1
1.1.2.4806.23.5.7.1
1.1.2.4927.23.1.11
1.1.2.5031.15.2.5.2.10.1.12
1.1.2.5090.5.1.3.2.9
1.1.2.5157.5.1.4.1.10.2
1.1.2.5241.5.1.1.14.26
1.1.2.5294.5.1.30
1.1.2.5332.17.2.8
1.1.2.5367.9.1.8
1.1.2.5474.43.1.22
1.1.2.5483.13.2.13.2.3
1.1.2.5560.43.5.8
1.1.2.5579.24.1.5.10.27.1
1.1.2.5599.5.1.1.8.8.2
1.1.2.5719.5.1.18.7
1.1.2.5724.9.1.7.1
1.1.2.5791.14.2.6.8.15
1.1.2.5828.5.1.21
1.1.2.5888.5.1
1.1.2.5936.5.1.1.1.2
1.1.2.6002.11.1.5.13
1.1.2.6078.5.1
1.1.2.6104.22.3.17.12.7.3.5
1.1.2.6118.5.1.2.2
1.1.2.6225.17.1.12
1.1.2.6458.5.1
1.1.2.6462.11.1.7.7.7
1.1.2.6462.11.2.11
1.1.2.6476.5.1.5
1.1.2.6477.9.3.20.6
1.1.2.6485.9.1.6
1.1.2.6526.15.3
1.1.2.6552.5.1.1.11.9.1.3
1.1.2.6629.21.4.12
1.1.2.6642.34.1.19.12
1.1.2.6661.43.1.4.3
1.1.2.6691.14.1.5.13
1.1.2.6745.5.1.7.4.8.6.16.44
1.1.2.6768.5.1.3.1
1.1.2.6799.5.1.5
1.1.2.6833.9.1.4
1.1.2.6900.37.2.16.23
1.1.2.6919.14.3.10
1.1.2.6927.5.1.3.18.25.6.18
1.1.2.6934.6
1.1.2.7038.5.1.23.18
1.1.2.7110.5.1.9.14
1.1.2.7262.29.2.23
1.1.2.7265.5.1.2.18
1.1.2.7276.5.1.5
1.1.2.7291.21.1.10
1.1.2.7363.8.1.32
1.1.2.7375.10.1.10
1.1.2.7412.17.2.14
1.1.2.7507.9.4.4.2
1.1.2.7586.11.1.8
1.1.2.7609.5.1
1.1.2.7635.16.1.4.1
1.1.2.7654.5.1
1.1.2.7767.31.1.9
1.1.2.7773.16.2.12.1.7
1.1.2.7826.22.2.30.1.44.3
1.1.2.7855.13.2
1.1.2.7970.25.3.20.21.20
1.1.2.8064.5.1.1.1.15.1
1.1.2.8217.5.1.7.2
1.1.2.8277.15.2
1.1.2.8328.11.1.4.5
1.1.2.8528.24.4.12.9
1.1.2.8549.5.1.3.2.20.2
1.1.2.8562.10.4.2
1.1.2.8606.5.1
1.1.2.8635.3
1.1.2.8643.5.1.3.2
1.1.2.8709.5.1.3
1.1.2.8725.16.3.12.3.24.1.8
1.1.2.8775.5.1.2.6.9
1.1.2.8809.5.1.3.12.19.4
1.1.2.8983.5.1.10
1.1.2.9026.8.2.8
1.1.2.9059.13.2
1.1.2.9155.5.1
1.1.2.9172.9.1.7.1
1.1.2.9208.5.1.3.10
1.1.2.9329.5.1
1.1.2.9404.9.1.4.2
1.1.2.9412.8.1.7.24
1.1.2.9489.8.1.4
1.1.2.9499.14.1.4.8
1.1.2.9598.5.1.5
1.1.2.9688.52.1.4.4
1.1.2.9747.9.2.11
1.1.2.9748.14.4.6.14.15
1.1.2.9806.15.2.5.9
1.1.2.9848.5.1.1.4.8
1.1.2.10074.10.1.4.3.50
1.1.2.10094.16.1.6
1.1.2.10169.14.1.6
1.1.2.10280.23.5.7.1
1.1.2.10500.10.1.6.3.3
1.1.2.10511.15.2.5.4.3
1.1.2.10637.5.1.4.1.10.2
1.1.2.10717.5.1.1.5.27
1.1.2.10792.10.3.23
1.1.2.10856.9.1.8
1.1.2.10912.5.1
1.1.2.10927.5.1.19.8
1.1.2.10963.43.1.22
1.1.2.11033.42.2.12.17.3
1.1.2.11206.15.2.10.2.8.1
1.1.2.11255.5.1
1.1.2.11280.5.1.23
1.1.2.11318.9.3.15.10
1.1.2.11376.5.1
1.1.2.11424.5.1.1.1.2
1.1.2.11493.11.1.5.13
1.1.2.11529.5.1.1
1.1.2.11574.5.1
1.1.2.11600.22.3.17.12.7.3.5
1.1.2.11614.5.1.2.2
1.1.2.11619.5.1
1.1.2.11776.5.1.13.3.12
1.1.2.11863.13.2.13.2.12
1.1.2.11959.5.1.1.30.26.1
1.1.2.11979.15.3
1.1.2.12005.5.1.1.11.9.1.3
1.1.2.12092.5.1.2.1.4
1.1.2.12101.34.1.19.12
1.1.2.12111.43.1.4.3
1.1.2.12141.14.1.5.13
1.1.2.12223.10.1.4
1.1.2.12248.5.1.9.2.18.1
1.1.2.12249.5.1.6
1.1.2.12251.5.1.1.1
1.1.2.12286.9.1.4
1.1.2.12311.19.2.7.4.7.2
1.1.2.12318.11.1.5.1
1.1.2.12361.37.2.16.23
1.1.2.12380.14.3.10
1.1.2.12388.5.1.3.18.25.6.18
1.1.2.12395.6
1.1.2.12559.5.1.9.14
1.1.2.12709.29.2.23
1.1.2.12713.31.3.7.2.8
1.1.2.12807.8.1.32
1.1.2.12882.5.1
1.1.2.12927.9.4.4.2
1.1.2.13028.5.1
1.1.2.13066.5.1.4.3
1.1.2.13089.5.1
1.1.2.13093.5.1.1
1.1.2.13240.22.2.30.1.27.3
1.1.2.13605.14.1.19.2
1.1.2.13665.15.2
1.1.2.13702.3
1.1.2.13719.11.1.4.5
1.1.2.13926.24.4.12.9
1.1.2.13947.5.1.3.2.20.2
1.1.2.14032.5.1
1.1.2.14039.16.2.5.5
1.1.2.14042.5.1.1.6.17
1.1.2.14061.34.2.9.7.10.3.24
1.1.2.14099.5.1.1.1.4
1.1.2.14158.5.1.1.5.6
1.1.2.14165.5.1
1.1.2.14193.5.1
1.1.2.14204.17.2
1.1.2.14232.13.2.8.7.2.1
1.1.2.14366.5.1.10
1.1.2.14405.5.1
1.1.2.14447.13.2
1.1.2.14567.31.2.12
1.1.2.14773.9.1.4.2
1.1.2.14781.8.1.7.24
1.1.2.14859.8.1.4
1.1.2.14869.14.1.4.8
1.1.2.14896.9.1.14.6
1.1.2.14898.26.1.16
1.1.2.15069.31.1.4.4
1.1.2.15129.9.2.11
1.1.2.15130.14.4.6.14.15
1.1.2.15188.15.2.5.9
1.1.2.15230.5.1.1.4.8
1.1.3.15456.10.1.4.3.25
1.1.3.15476.16.1.6
1.1.3.15548.14.1.6
1.1.3.15780.23.1.11
1.1.3.15870.8.3.8.10.5
1.1.3.16004.5.1.4.1.10.2
1.1.3.16081.10.1.24.10
1.1.3.16124.5.1.30
1.1.3.16144.24
1.1.3.16166.17.2.8
1.1.3.16201.9.1.8
1.1.3.16212.16.3.12
1.1.3.16223.18.5.6
1.1.3.16370.42.2.12.17.3
1.1.3.16543.15.2.10.2.8.1
1.1.3.16578.5.1
1.1.3.16598.20.1.10
1.1.3.16618.14.2.6.8.15
1.1.3.16657.5.1.5
1.1.3.16718.25.3.6.1
1.1.3.16761.5.1.1.3.10
1.1.3.16816.22.1.12.11
1.1.3.16854.11.2.17.18
1.1.3.16904.24.1.10.14.8
1.1.3.16927.22.3.17.12.7.3.5
1.1.3.16941.5.1.2.2
1.1.3.16946.5.1
1.1.3.17262.8.1.4
1.1.3.17315.15.3
1.1.3.17341.5.1.1.11.9.1.3
1.1.3.17426.5.1.2.1.4
1.1.3.17435.34.1.19.12
1.1.3.17454.43.1.4.3
1.1.3.17484.14.1.5.13
1.1.3.17542.5.1.7.4.8.6.16.41
1.1.3.17603.5.1.3.6.13.1.16
1.1.3.17614.5.1.18.1
1.1.3.17652.19.1.4.1.1
1.1.3.17678.11.1.5.1
1.1.3.17743.14.3.10
1.1.3.17751.5.1.3.18.25.6.18
1.1.3.17758.6
1.1.3.17915.20.1.17.11.12
1.1.3.18067.29.2.23
1.1.3.18071.31.3.7.2.8
1.1.3.18183.8.1.32
1.1.3.18195.10.1.10
1.1.3.18277.14.2
1.1.3.18327.9.4.4.2
1.1.3.18406.11.1.8
1.1.3.18429.5.1
1.1.3.18467.5.1.4.3
1.1.3.18488.5.1.3
1.1.3.18584.31.1.9
1.1.3.18590.16.2.12.1.7
1.1.3.18643.22.2.30.1.44.3
1.1.3.19024.14.1.19.2
1.1.3.19084.15.2
1.1.3.19331.24.4.12.9
1.1.3.19352.5.1.3.2.20.2
1.1.3.19365.10.4.2
1.1.3.19415.9.1.8
1.1.3.19465.5.1.2.1.3.1
1.1.3.19487.34.2.9.7.10.3.24
1.1.3.19530.5.1.3
1.1.3.19543.5.1.1
1.1.3.19576.15
1.1.3.19601.5.1.2.12.36
1.1.3.19632.5.1
1.1.3.19643.17.2
1.1.3.19671.13.2.8.7.2.1
1.1.3.19812.5.1.10
1.1.3.19855.8.2.8
1.1.3.19983.5.1.10.1
1.1.3.19996.20.1.15.8
1.1.3.20033.5.1.3.10
1.1.3.20203.9.1.4.2
1.1.3.20216.5.1.3.3.12.2
1.1.3.20290.8.1.4
1.1.3.20305.21.2.6.7.20
1.1.3.20388.12.1.8
1.1.3.20521.31.1.4.4
1.1.3.20592.5.1.7
1.1.3.20628.14.3
1.1.3.20638.5.1.1.1.4
1.1.3.20676.15.2.11
1.1.3.20918.14.2.6.3
1.1.3.21007.14.1.6
1.1.3.21047.5.1.5.1.3.2
1.1.3.21279.25.1.8
1.1.3.21344.5.1.3.1.2.2
1.1.3.21353.5.1.12
1.1.3.21474.5.1.4.1.10.2
1.1.3.21545.3
1.1.3.21582.5.1.4.1.6
1.1.3.21594.18.2.12.9
1.1.3.21690.5.1.3.1
1.1.3.21693.29.1.4.4
1.1.3.21696.5.1.10.4.15.1.1
1.1.3.21843.42.2.12.17.3
1.1.3.21890.24.1.5.10.27.1
1.1.3.21909.23.1.15
1.1.3.22010.5.1.18.9
1.1.3.22015.9.1.7.1
1.1.3.22082.14.2.6.8.15
1.1.3.22121.5.1.5
1.1.3.22233.5.1.1.1.2
1.1.3.22293.22.1.12.11
1.1.3.22329.5.1.1
1.1.3.22373.5.1.2.2.62
1.1.3.22400.22.3.17.12.7.3.5
1.1.3.22414.5.1.2.2
1.1.3.22419.5.1
1.1.3.22683.13.2.13.2.12
1.1.3.22733.5.1
1.1.3.22737.11.2.11
1.1.3.22751.5.1.5
1.1.3.22752.9.3.20.6
1.1.3.22760.9.1.6
1.1.3.22827.15.3
1.1.3.22853.5.1.1.11.9.1.3
1.1.3.22938.10.1.15
1.1.3.22975.8.2.4.3
1.1.3.23006.26.2.5.25
1.1.3.23006.26.2.6.1.27.2.41
1.1.3.23105.10.1.4.4
1.1.3.23117.5.1.3.6.13.1.14
1.1.3.23128.5.1.18.1
1.1.3.23166.19.1.4.1.1
1.1.3.23191.11.1.5.1
1.1.3.23256.14.3.10
1.1.3.23264.5.1.3.18.25.6.18
1.1.3.23271.6
1.1.3.23423.13.2.7.2.23.1.5.3
1.1.3.23513.13.2.8.3
1.1.3.23572.29.2.23
1.1.3.23575.5.1.2.18
1.1.3.23675.8.1.32
1.1.3.23722.17.2.44
1.1.3.23812.9.4.4.2
1.1.3.23910.5.1
1.1.3.23948.5.1.4.3
1.1.3.23969.5.1.3
1.1.3.24063.16.2.12.1.7
1.1.3.24115.22.2.30.1.38.3
1.1.3.24144.13.2
1.1.3.24271.25.2.13.1
1.1.3.24312.23
1.1.3.24502.5.1.7.2
1.1.3.24562.15.2
1.1.3.24612.11.1.4.5
1.1.3.24803.5.1.16.4.23.1
1.1.3.24812.14.1.6
1.1.3.24983.5.1.1.1.4
1.1.3.25048.5.1.6.1.4
1.1.3.25054.6
1.1.3.25266.5.1.10
1.1.3.25309.8.2.8
1.1.3.25433.5.1.10.1
1.1.3.25446.20.1.15.8
1.1.3.25482.5.1.3.10
1.1.3.25588.5.1
1.1.3.25657.9.1.4.2
1.1.3.25670.5.1.3.3.12.2
1.1.3.25744.8.1.4
1.1.3.25754.14.1.4.8
1.1.3.25856.5.1.5
1.1.3.25950.52.1.4.4
1.1.3.26006.5.1.7
1.1.3.26046.14.3
1.1.3.26056.5.1.1.1.4
1.1.3.26091.5.1.2.2.3.2.5
1.1.3.26325.27.1.4.13.3
1.1.3.26373.44.2.14.1
1.1.3.26402.14.1.7.3
1.1.3.26422.14.1.6
1.1.3.26654.23.1.11
1.1.3.26688.17.2.4
1.1.3.26749.5.1.3.1.2.2
1.1.3.26757.25.5.6.1.14.15
1.1.3.26767.20.5.13.10.2.4
1.1.3.26814.5.1.3.2.9
1.1.3.26950.5.1.1.3.4
1.1.3.26958.5.1.6.1.4
1.1.3.26993.5.1.4.1.6
1.1.3.27003.8.2.4.2
1.1.3.27021.10.3.23
1.1.3.27081.9.1.8
1.1.3.27091.5.1.3.1
1.1.3.27094.29.1.4.4
1.1.3.27097.5.1.10.4.15.1.1
1.1.3.27177.43.1.22
1.1.3.27247.42.2.12.17.3
1.1.3.27304.9.2.4.1
1.1.3.27435.5.1.18.7
1.1.3.27440.9.1.7.1
1.1.3.27509.14.2.6.8.15
1.1.3.27548.5.1.5
1.1.3.27664.5.1.1.1.2
1.1.3.27733.11.1.5.13
1.1.3.27766.5.1.1
1.1.3.27811.5.1
1.1.3.27837.22.3.17.12.7.3.5
1.1.3.27851.5.1.2.2
1.1.3.27940.5.1
1.1.3.27948.17.1.12
1.1.3.28162.5.1
1.1.3.28166.11.2.11
1.1.3.28180.5.1.5
1.1.3.28181.9.3.20.6
1.1.3.28189.9.1.6
1.1.3.28273.5.1.1.11.9.1.3
1.1.3.28362.5.1.2.1.4
1.1.3.28371.34.1.19.12
1.1.3.28390.43.1.4.3
1.1.3.28420.14.1.5.13
1.1.3.28474.5.1.7.4.8.6.16.38
1.1.3.28497.5.1.3.1
1.1.4.14.5.1.13.9.51
1.1.4.30.13.2.8.2.5
1.1.4.39.15.2.6.5
1.1.4.105.11.1.5.1
1.1.4.170.14.3.10
1.1.4.178.5.1.3.18.25.6.18
1.1.4.185.6
1.1.4.353.35.1.15.45.30
1.1.4.386.10.1.4
1.1.4.495.29.2.23
1.1.4.498.5.1.2.18
1.1.4.509.5.1.5
1.1.4.600.8.1.32
1.1.4.669.3
1.1.4.676.13.4
1.1.4.723.9.1.6.8
1.1.4.795.44.1.18
1.1.4.800.11.1.8
1.1.4.823.5.1
1.1.4.861.5.1.4.3
1.1.4.882.5.1.3
1.1.4.976.16.2.12.1.7
1.1.4.1028.22.2.30.1.38.3
1.1.4.1185.25.2.13.1
1.1.4.1297.5.1
1.1.4.1370.9.1.4
1.1.4.1439.14.1.19.2
1.1.4.1499.15.2
1.1.4.1554.11.1.4.5
1.1.4.1758.24.4.12.9
1.1.4.1779.5.1.3.2.20.2
1.1.4.1792.10.4.2
1.1.4.1832.5.1
1.1.4.1861.3
1.1.4.1930.5.1.1.1.4
1.1.4.1996.5.1.2.6.9
1.1.4.2204.5.1.10
1.1.4.2388.25.2.11
1.1.4.2615.20.2.4.1
1.1.4.2616.29.4.4
1.1.4.2704.8.1.4
1.1.4.2720.36.1.10.2
1.1.4.2747.9.1.14.6
1.1.4.2749.26.1.16
1.1.4.2800.12.1.8
1.1.4.2934.31.1.4.4
1.1.4.2995.5.1.7
1.1.4.3035.14.3
1.1.4.3045.5.1.1.1.4
1.1.4.3085.15.2.10.11.19.6.17
1.1.4.3269.17.1.18
1.1.4.3289.27.1.4.13.3
1.1.4.3297.5.1.2.1.11.3.15
1.1.4.3412.9.2.4
1.1.4.3561.5.1.17.10
1.1.4.3716.10.1.6.3.3
1.1.4.3726.5.1.3.2.7
1.1.4.3852.5.1.4.1.10.2
1.1.4.3936.11.1.5.20
1.1.4.3983.5.1.30
1.1.4.4044.34.1.15.7
1.1.4.4058.9.1.8
1.1.4.4228.42.2.12.17.3
1.1.4.4280.5.1.3.2.5
1.1.4.4405.5.1.18.7
1.1.4.4410.9.1.7.1
1.1.4.4432.17.1.12
1.1.4.4440.5.1
1.1.4.4479.14.5.6
1.1.4.4523.18.2.9.2
1.1.4.4564.15.3
1.1.4.4597.5.1
1.1.4.4645.5.1.1.1.2
1.1.4.4711.15.3.8
1.1.4.4779.5.1.2.2.62
1.1.4.4806.22.3.17.12.7.3.5
1.1.4.4820.5.1.2.2
1.1.4.4825.5.1
1.1.4.4891.18.4.1
1.1.4.5121.5.1
1.1.4.5125.11.2.11
1.1.4.5139.5.1.5
1.1.4.5140.9.3.20.6
1.1.4.5148.9.1.6
1.1.4.5199.15.3
1.1.4.5225.5.1.1.11.9.1.3
1.1.4.5311.10.1.15
1.1.4.5348.8.2.4.3
1.1.4.5378.10.3.4
1.1.4.5380.5.1.2.1.11.4.37
1.1.4.5492.5.1.3.6.13.1.16
1.1.4.5530.9.1.4
1.1.4.5555.19.2.7.4.7.2
1.1.4.5562.11.1.5.1
1.1.4.5605.37.2.16.23
1.1.4.5622.14.3.10
1.1.4.5630.5.1.3.18.35.13.31
1.1.4.5637.6
1.1.4.5690.17.1.43
1.1.4.5823.36.1.15.14.50
1.1.4.5910.13.2.8.3
1.1.4.5970.29.2.23
1.1.4.5973.5.1.2.18
1.1.4.6068.8.1.32
1.1.4.6080.10.1.10
1.1.4.6117.17.2.14
1.1.4.6143.5.1
1.1.4.6191.9.1.6.8
1.1.4.6281.5.1.12.3
1.1.4.6286.16.4.6.5
1.1.4.6308.8.1.4
1.1.4.6341.5.1.2.6.9
1.1.4.6487.22.2.30.1.38.3
1.1.4.6640.25.2.13.1
1.1.4.6786.26.2.11.3.7.5
1.1.4.6810.9.1.4
1.1.4.6831.5.1.5.1.4.2
1.1.4.6892.5.1.7.2
1.1.4.7219.5.1.3.2.35.2
1.1.4.7232.10.4.2
1.1.4.7270.5.1
1.1.4.7299.3
1.1.4.7319.34.2.9.7.10.3.12
1.1.4.7358.5.1.1.1.4
1.1.4.7427.5.1.2.6.9
1.1.4.7459.5.1.3.12.19.4
1.1.4.7614.5.1.2.11.25.3.32
1.1.4.7652.5.1
1.1.4.7789.11.3.17.10
1.1.4.7828.5.1.2.7.16.1
1.1.4.7831.8.1.4
1.1.4.8015.3
1.1.4.8024.5.1
1.1.4.8044.45.1.4.1
1.1.4.8088.5.1.12.2
1.1.4.8097.3
1.1.4.8106.8.1.4
1.1.4.8115.8.2.4.7
1.1.4.8223.5.1.5
1.1.4.8313.52.1.4.4
1.1.4.8385.5.1.7
1.1.4.8442.15.2.5.9
1.1.4.8484.15.2.10.11.19.6.7
1.1.4.8694.23.3.8.8
1.1.4.8717.16.1.6
1.1.4.8818.5.1.2.2
1.1.4.9019.23.1.11
1.1.4.9129.5.1.6
1.1.4.9194.5.1.3.2.9
1.1.4.9261.5.1.4.1.10.2
1.1.4.9331.5.1.1.3.4
1.1.4.9339.5.1.6.1.4
1.1.4.9387.5.1.3
1.1.4.9483.5.1.3.1
1.1.4.9486.29.1.4.4
1.1.4.9489.5.1.10.4.15.1.1
1.1.4.9568.43.1.22
1.1.4.9577.13.2.13.2.3
1.1.4.9620.39.3.5.5.5.1.10
1.1.4.9655.43.5.8
1.1.4.9694.5.1.1.16.30.5
1.1.4.9796.5.1.18.9
1.1.4.9801.9.1.7.1
1.1.4.9870.14.2.6.8.15
1.1.4.9907.5.1.21
1.1.4.10006.5.1.1.1.2
1.1.4.10068.22.1.12.11
1.1.4.10104.5.1.1
1.1.4.10173.22.3.17.12.7.3.5
1.1.4.10187.5.1.2.2
1.1.4.10192.5.1
1.1.4.10343.5.1.13.3.12
1.1.4.10424.13.2.13.2.12
1.1.4.10464.5.1
1.1.4.10468.11.2.11
1.1.4.10482.5.1.5
1.1.4.10483.9.3.20.6
1.1.4.10491.9.1.6
1.1.4.10548.15.3
1.1.4.10574.5.1.1.11.9.1.3
1.1.4.10660.8.1.4
1.1.4.10664.14.3.11
1.1.4.10675.34.1.19.12
1.1.4.10694.43.1.4.3
1.1.4.10724.5.1.2.1.3.3.21
1.1.4.10741.25.2.48.10
1.1.4.10840.5.1.5
1.1.4.10874.9.1.4
1.1.4.10975.14.3.10
1.1.4.10983.5.1.3.18.25.6.18
1.1.4.10990.6
1.1.4.11155.36.1.15.14.51
1.1.4.11256.13.2.8.3
1.1.4.11316.29.2.23
1.1.4.11319.5.1.2.18
1.1.4.11330.5.1.5
1.1.4.11345.21.1.10
1.1.4.11424.8.1.32
1.1.4.11436.10.1.10
1.1.4.11473.17.2.14
1.1.4.11556.9.1.6.8
1.1.4.11638.11.1.8
1.1.4.11661.5.1
1.1.4.11699.5.1.4.3
1.1.4.11720.5.1.3
1.1.4.11814.16.2.12.1.7
1.1.4.11880.22.1.14
1.1.4.12011.25.2.13.1
1.1.4.12052.23
1.1.4.12059.5.1.1
1.1.4.12176.5.1
1.1.4.12243.14.1.19.2
1.1.4.12303.15.2
1.1.4.12358.11.1.4.5
1.1.4.12558.5.1.16.4.23.1
1.1.4.12567.14.1.6
1.1.4.12667.3
1.1.4.12736.5.1.1.1.4
1.1.4.12802.5.1.2.6.9
1.1.4.12836.5.1.3.12.19.4
1.1.4.13005.5.1.10
1.1.4.13048.8.2.8
1.1.4.13064.10.2.4
1.1.4.13159.5.1
1.1.4.13176.9.1.7.1
1.1.4.13211.5.1.3.10
1.1.4.13323.5.1
1.1.4.13386.9.1.4.2
1.1.4.13394.8.1.7.24
1.1.4.13435.5.1.12.2
1.1.4.13444.3
1.1.4.13453.8.1.4
1.1.4.13463.14.1.4.8
1.1.4.13548.12.1.8
1.1.4.13682.31.1.4.4
1.1.4.13752.9.2.11
1.1.4.13753.14.4.6.14.15
1.1.4.13795.45.3.18
1.1.4.13807.19
1.1.4.13813.24.2.10.5.8.4
1.1.4.13858.5.1.1.4.8
1.1.4.14073.27.1.4.13.3
1.1.4.14146.15.2.23.5.23.4
1.1.4.14163.14.1.6
1.1.4.14212.5.1
1.1.4.14346.5.1.17.10
1.1.4.14400.5.1.1.10
1.1.4.14428.47.2.4
1.1.4.14486.10.1.6.3.3
1.1.4.14497.5.1.5
1.1.4.14718.11.1.5.20
1.1.4.14760.5.1.30
1.1.4.14777.10.3.23
1.1.4.14845.9.1.8
1.1.4.14951.43.1.22
1.1.4.15021.42.2.12.17.3
1.1.4.15194.15.2.10.2.8.1
1.1.4.15219.5.1
1.1.4.15251.14.2.6.8.15
1.1.4.15292.5.1.5
1.1.4.15343.25.2.4.9
1.1.4.15394.5.1.1.1.2
1.1.4.15454.22.1.12.11
1.1.4.15491.5.1.1
1.1.4.15535.24.3.9.8
1.1.4.15536.5.1
1.1.4.15562.22.3.17.12.7.3.5
1.1.4.15576.5.1.2.2
1.1.4.15581.5.1
1.1.4.15750.5.1.13.3.12
1.1.4.15847.13.2.13.2.12
1.1.4.15959.15.3
1.1.4.15985.5.1.1.11.9.1.3
1.1.4.16056.8.1.4
1.1.4.16060.14.3.11
1.1.4.16071.34.1.19.12
1.1.4.16090.43.1.4.3
1.1.4.16120.14.1.5.7
1.1.4.16181.5.1.7.4.8.6.16.37
1.1.4.16204.5.1.3.1
1.1.4.16233.13.2.8.2.5
1.1.4.16242.15.2.6.5
1.1.4.16263.14.1.7.3
1.1.4.16284.11.1.5.1
1.1.4.16349.14.3.10
1.1.4.16357.5.1.3.18.25.6.18
1.1.4.16364.6
1.1.4.16615.13.2.8.3
1.1.4.16674.29.2.23
1.1.4.16678.31.3.7.2.8
1.1.4.16782.8.1.32
1.1.4.16794.10.1.10
1.1.4.16831.17.2.14
1.1.4.16911.9.1.6.8
1.1.4.17002.5.1.12.3
1.1.4.17007.16.4.6.5
1.1.4.17029.8.1.4
1.1.4.17062.5.1.2.6.9
1.1.4.17209.22.2.30.1.44.3
1.1.4.17355.25.2.13.1
1.1.4.17529.17.3
1.1.4.17530.5.1.2.2
1.1.4.17545.5.1
1.1.4.17610.14.1.19.2
1.1.4.17670.15.2
1.1.4.17689.5.1.4.1
1.1.4.17716.11.1.4.5
1.1.4.17920.24.4.12.9
1.1.4.17941.5.1.3.2.20.2
1.1.4.18097.5.1.1.1.4
1.1.4.18162.5.1.6.1.4
1.1.4.18168.6
1.1.4.18195.5.1
1.1.4.18206.17.2
1.1.4.18234.13.2.8.7.2.1
1.1.4.18371.5.1.10
1.1.4.18414.8.2.8
1.1.4.18534.10.3.8
1.1.4.18540.15.2.6.4.21
1.1.4.18576.5.1.3.10
1.1.4.18762.33.1.10.6.2
1.1.4.18773.20.2.4.1
1.1.4.18774.29.4.4
1.1.4.18786.8.1.7.30
1.1.4.18824.5.1.12.2
1.1.4.18833.3
1.1.4.18842.8.1.4
1.1.4.18852.14.1.4.8
1.1.4.18953.5.1.5
1.1.4.19054.52.1.4.4
1.1.4.19112.9.2.11
1.1.4.19113.14.4.6.14.15
1.1.4.19157.5.1.7.7
1.1.4.19168.19
1.1.4.19174.24.2.10.5.8.4
1.1.4.19207.15.2.10.11.19.6.12
1.1.4.19433.14.2.6.3
1.1.4.19465.16.3.7.2
1.1.4.19482.12.1.4
1.1.4.19511.15.2.23.5.23.7
1.1.4.19518.5.1.7.1.1.1
1.1.4.19552.5.1
1.1.4.19622.23.5.7.1
1.1.4.19697.5.1.17.10
1.1.4.19858.8.3.8.10.5
1.1.4.19997.5.1.4.1.10.2
1.1.4.20080.10.1.24.10
1.1.4.20115.5.1.4.1.6
1.1.4.20127.18.2.12.9
1.1.4.20148.10.3.23
1.1.4.20212.9.1.8
1.1.4.20221.21.2.4.9
1.1.4.20229.18.3.13
1.1.4.20373.42.2.12.17.3
1.1.4.20420.24.1.5.10.27.1
1.1.4.20442.23.1.15
1.1.4.20549.5.1.2.18.7.1.4.7
1.1.4.20606.5.1
1.1.4.20627.14.2.6.8.15
1.1.4.20668.5.1.5
1.1.4.20723.25.2.4.9
1.1.4.20774.5.1.1.1.2
1.1.4.20790.13
1.1.4.20830.22.1.12.11
1.1.4.20866.5.1.1
1.1.4.20940.22.3.17.12.7.3.5
1.1.4.20954.5.1.2.2
1.1.4.20959.5.1
1.1.4.21042.34.4.1
1.1.4.21128.5.1.13.3.12
1.1.4.21220.9.2.4.4
1.1.4.21274.5.1
1.1.4.21278.11.1.7.7.7
1.1.4.21278.11.2.11
1.1.4.21292.5.1.5
1.1.4.21293.9.3.20.6
1.1.4.21301.9.1.6
1.1.4.21385.5.1.1.11.9.1.3
1.1.4.21459.8.1.4
1.1.4.21463.14.3.11
1.1.4.21474.34.1.19.12
1.1.4.21493.43.1.4.3
1.1.4.21523.14.1.5.13
1.1.4.21581.5.1.7.4.8.6.16.36
1.1.4.21607.10.1.4
1.1.4.21638.5.1.3.6.13.1.16
1.1.4.21676.9.1.4
1.1.4.21743.37.2.16.23
1.1.4.21760.14.3.10
1.1.4.21768.5.1.3.18.35.13.31
1.1.4.21775.6
1.1.4.21828.17.1.43
1.1.4.21964.5.1.9.14
1.1.4.22049.13.2.8.3
1.1.4.22109.29.2.23
1.1.4.22113.31.3.7.2.8
1.1.4.22144.21.1.10
1.1.4.22221.8.1.32
1.1.4.22299.5.1
1.1.4.22357.5.1.1.1.39
1.1.4.22438.11.1.8
1.1.4.22461.5.1
1.1.4.22499.5.1.4.3
1.1.4.22520.5.1.4
1.1.4.22669.22.2.30.1.27.3
1.1.4.22819.25.2.13.1
1.1.4.22993.9.1.4
1.1.4.23012.9.1.4
1.1.4.23069.14.1.19.2
1.1.4.23129.15.2
1.1.4.23174.5.1.2.1.4
1.1.4.23361.24.4.12.9
1.1.4.23382.5.1.3.2.20.2
1.1.4.23395.10.4.2
1.1.4.23439.5.1
1.1.4.23468.3
1.1.4.23476.5.1.3.2
1.1.4.23542.5.1.3
1.1.4.23558.16.3.12.3.24.1.8
1.1.4.23608.5.1.2.6.9
1.1.4.23639.5.1
1.1.4.23650.17.2
1.1.4.23678.13.2.8.7.2.1
1.1.4.23811.5.1.10
1.1.4.23854.8.2.8
1.1.4.23870.10.2.4
1.1.4.23962.5.1
1.1.4.23975.11.3.17.10
1.1.4.24014.5.1.2.7.16.1
1.1.4.24017.8.1.4
1.1.4.24181.9.1.4.2
1.1.4.24194.5.1.3.3.12.2
1.1.4.24268.8.1.4
1.1.4.24277.8.2.4.7
1.1.4.24356.12.1.8
1.1.4.24386.5.1.5
1.1.4.24490.52.1.4.4
1.1.4.24546.13.2.6.20.11.3.7
1.1.4.24602.15.2.5.9
1.1.4.24644.15.2.10.11.19.6.7
1.1.4.24895.18.2.26.7
1.1.4.24907.5.1.2.1.9.1.6
1.1.4.25020.9.2.4
1.1.4.25220.23.1.11
1.1.4.25255.25.1.8
1.1.4.25314.8.3.8.10.5
1.1.4.25329.5.1.1
1.1.4.25448.5.1.4.1.10.2
1.1.4.25531.10.1.24.10
1.1.4.25566.5.1.4.1.6
1.1.4.25575.9.1.4.2
1.1.4.25647.34.1.15.7
1.1.4.25661.9.1.8
1.1.4.25681.23.3.5.6.5.2.7
1.1.4.25702.5.1
1.1.4.25717.5.1.19.8
1.1.4.25753.43.1.22
1.1.4.25762.13.2.13.2.3
1.1.4.25827.42.2.12.17.3
1.1.4.25874.24.1.5.10.27.1
1.1.4.26013.5.1.2.12.8.1.4.14
1.1.4.26084.14.2.6.8.15
1.1.4.26125.5.1.5
1.1.4.26240.25.2.4.5
1.1.4.26310.11.1.5.13
1.1.4.26346.5.1.6
1.1.4.26391.5.1
1.1.4.26418.22.3.17.12.7.3.5
1.1.4.26432.5.1.2.2
1.1.4.26437.5.1
1.1.4.26524.14.2.9.4
1.1.4.26753.5.1
1.1.4.26757.11.2.11
1.1.4.26771.5.1.5
1.1.4.26772.9.3.20.6
1.1.4.26780.9.1.6
1.1.4.26805.5.1.1.30.26.1
1.1.4.26827.15.3
1.1.4.26853.5.1.1.11.9.1.3
1.1.4.26939.10.1.15
1.1.4.26970.8.3.15.9
1.1.4.27001.14.1.5.13
1.1.4.27058.5.1.7.4.8.6.16.51
1.1.4.27084.10.1.4
1.1.4.27115.5.1.3.6.13.1.16
1.1.4.27126.5.1.18.1
1.1.4.27157.9.1.4
1.1.4.27193.11.1.5.1
1.1.4.27258.14.3.10
1.1.4.27266.5.1.3.18.25.6.18
1.1.4.27273.6
1.1.4.27323.17.1.43
1.1.4.27388.5.1.23.20
1.1.4.27460.5.1.9.14
1.1.4.27545.13.2.8.3
1.1.4.27605.29.2.23
1.1.4.27609.31.3.7.2.8
1.1.4.27640.21.1.10
1.1.4.27719.8.1.32
1.1.4.27731.10.1.10
1.1.4.27768.17.2.14
1.1.4.27863.9.4.4.2
1.1.4.27950.5.1.12.3
1.1.4.27955.16.4.6.5
1.1.4.27977.8.1.4
1.1.4.28010.5.1.2.6.9
1.1.4.28155.22.2.30.1.44.3
1.1.4.28229.5.1.2.1.1.1.2
1.1.4.28279.26.1.4
1.1.4.28286.25.2.13.1
1.1.4.28375.5.1.1.1.15.1
1.1.4.28536.14.1.19.2
1.1.4.28596.15.2
1.1.4.28642.11.1.4.5
1.1.4.28839.5.1.20.4.23.1
1.1.4.28848.14.1.6
1.1.4.29011.5.1.1.1.4
1.1.4.29072.5.1.2.12.36
1.1.4.29271.5.1.2.11.25.3.32
1.1.4.29348.13.2
1.1.4.29426.5.1.3.1.6.1
1.1.4.29450.5.1
1.1.4.29467.9.1.7.1
1.1.4.29503.5.1.3.10
1.1.4.29673.33.1.10.6.2
1.1.4.29684.20.2.4.1
1.1.4.29685.29.4.4
1.1.4.29697.8.1.7.30
1.1.4.29737.5.1.12.2
1.1.4.29746.3
1.1.4.29755.8.1.4
1.1.4.29771.36.1.10.2
1.1.4.29875.5.1.5
1.1.4.29970.31.1.4.4
1.1.4.30036.10.1.10.5
1.1.4.30043.3
1.1.4.30102.15.2.5.9
1.1.4.30144.5.1.1.4.8
1.1.4.30348.17.1.18
1.1.4.30368.27.1.4.13.3
1.1.4.30403.16.3.7.2
1.1.4.30457.14.1.6
1.1.4.30566.23.5.7.1
1.1.4.30782.8.3.8.10.5
1.1.4.30793.21.2.31.10
1.1.4.31017.10.1.24.10
1.1.4.31060.5.1.30
1.1.4.31077.10.3.23
1.1.4.31149.9.1.8
1.1.4.31160.16.3.12
1.1.4.31171.18.5.6
1.1.4.31319.42.2.12.17.3
1.1.4.31485.15.2.10.2.8.1
1.1.4.31510.5.1
1.1.4.31527.9.1.5
1.1.4.31547.14.2.6.8.15
1.1.4.31588.5.1.5
1.1.4.31639.25.2.4.9
1.1.4.31690.5.1.1.1.2
1.1.4.31756.11.1.5.13
1.1.4.31834.5.1
1.1.4.31860.22.3.17.12.7.3.5
1.1.4.31874.5.1.2.2
1.1.4.31879.5.1
1.1.4.31945.18.4.1
1.1.4.32146.13.2.13.2.12
1.1.4.32196.5.1
1.1.4.32200.11.2.11
1.1.4.32214.5.1.5
1.1.4.32215.9.3.20.6
1.1.4.32223.9.1.6
1.1.4.32265.15.3
1.1.4.32291.5.1.1.11.9.1.3
1.1.4.32374.21.4.12
1.1.4.32387.34.1.19.12
1.1.4.32397.43.1.4.3
1.1.4.32429.26.2.5.25
1.1.4.32429.26.2.6.1.11.2.16
1.1.4.32541.5.1.3.6.13.1.16
1.1.4.32552.5.1.18.1
1.1.4.32583.9.1.4
1.1.4.32668.14.3.10
1.1.4.32676.5.1.3.18.44.6.48
1.1.4.32683.6
1.1.4.32844.5.1.7.2
1.1.4.32884.5.1.23.1.16.2
1.1.4.32988.29.2.23
1.1.4.32992.31.3.7.2.8
1.1.4.33104.8.1.32
1.1.4.33116.10.1.10
1.1.4.33153.17.2.14
1.1.4.33179.5.1
1.1.4.33231.9.1.6.8
1.1.4.33314.11.1.8
1.1.4.33337.5.1
1.1.4.33363.16.1.4.1
1.1.4.33406.14.2.23.1.1.5.7
1.1.4.33499.16.2.12.1.7
1.1.4.33691.25.2.13.1
1.1.4.33742.5.1.1
1.1.4.33859.9.1.17
1.1.4.33879.5.1.5.1.4.2
1.1.4.33939.5.1.7.2
1.1.4.33999.15.2
1.1.4.34367.5.1.2.1.3.1
1.1.4.34389.34.2.9.7.10.3.24
1.1.4.34431.5.1.1.1.4
1.1.4.34498.5.1.1.5.9
1.1.4.34505.5.1
1.1.4.34531.5.1
1.1.4.34542.17.2
1.1.4.34570.13.2.8.7.2.1
1.1.4.34703.5.1.10
1.1.4.34746.8.2.8
1.1.4.34779.13.2
1.1.4.34900.14.2.5
1.1.4.35098.9.1.4.2
1.1.4.35111.5.1.3.3.12.2
1.1.4.35143.26.2.10.6
1.1.4.35186.8.1.4
1.1.4.35196.14.1.4.8
1.1.4.35280.12.1.8
1.1.4.35411.31.1.4.4
1.1.4.35481.9.2.11
1.1.4.35482.14.4.6.14.15
1.1.4.35540.15.2.5.9
1.1.4.35585.5.1.1.4.8
1.1.4.35787.14.2
1.1.4.35803.48.1.4.1
1.1.4.35857.61.2.14.1
1.1.4.35886.14.1.7.3
1.1.4.35906.14.1.6
1.1.5.36142.23.1.11
1.1.5.36244.10.1.6.3.3
1.1.5.36255.5.1.5
1.1.5.36389.5.1.4.1.10.2
1.1.5.36461.3
1.1.5.36512.5.1.3
1.1.5.36578.34.1.15.7
1.1.5.36592.9.1.8
1.1.5.36604.40.1.21.12.4
1.1.5.36615.17.2.13
1.1.5.36762.42.2.12.17.3
1.1.5.36809.24.1.5.10.27.1
1.1.5.36828.23.1.15
1.1.5.36939.5.1.18.7
1.1.5.36966.17.1.12
1.1.5.36974.5.1
1.1.5.37017.5.1.23
1.1.5.37065.5.1.5
1.1.5.37123.25.2.4.9
1.1.5.37174.5.1.1.1.2
1.1.5.37243.11.1.5.13
1.1.5.37279.5.1.1
1.1.5.37323.24.3.9.8
1.1.5.37324.5.1
1.1.5.37350.22.3.17.12.7.3.5
1.1.5.37364.5.1.2.2
1.1.5.37455.27.2.6
1.1.5.37538.5.1.13.3.12
1.1.5.37668.11.2.11
1.1.5.37682.5.1.5
1.1.5.37683.9.3.20.6
1.1.5.37691.9.1.6
1.1.5.37753.24.2.14
1.1.5.37763.5.1.8.1.1.1.1
1.1.5.37848.10.1.15
1.1.5.37867.37.1.13.1.16
1.1.5.37885.8.2.4.3
1.1.5.37920.5.1.2.7.34
1.1.5.37934.25.2.48.10
1.1.5.38027.5.1.3.6.13.1.16
1.1.5.38038.5.1.18.1
1.1.5.38069.9.1.4
1.1.5.38105.11.1.5.1
1.1.5.38171.5.1.3.14.18.6.20
1.1.5.38178.6
1.1.5.38496.29.2.23
1.1.5.38499.5.1.2.18
1.1.5.38583.8.1.32
1.1.5.38649.17.3.4
1.1.5.38719.9.4.4.2
1.1.5.38818.5.1
1.1.5.38856.5.1.4.3
1.1.5.38877.5.1.3
1.1.5.38973.31.1.9
1.1.5.38979.16.2.12.1.7
1.1.5.39031.22.2.30.1.38.3
1.1.5.39169.25.2.13.1
1.1.5.39338.17.3
1.1.5.39339.5.1.2.2
1.1.5.39354.5.1
1.1.5.39416.5.1.7.2
1.1.5.39476.15.2
1.1.5.39639.5.1.1.1
1.1.5.39649.5.1.2.2
1.1.5.39720.24.4.12.9
1.1.5.39741.5.1.3.2.20.2
1.1.5.39754.10.4.2
1.1.5.39830.5.1
1.1.5.39837.16.2.5.5
1.1.5.39859.34.2.9.7.10.3.24
1.1.5.39895.5.1.1.1.4
1.1.5.39960.5.1.6.1.4
1.1.5.39966.6
1.1.5.40039.5.1.1.20.10.1
1.1.5.40176.5.1.10
1.1.5.40219.8.2.8
1.1.5.40326.10.3.8
1.1.5.40332.15.2.6.4.21
1.1.5.40545.9.1.4.2
1.1.5.40553.8.1.7.24
1.1.5.40631.8.1.4
1.1.5.40641.14.1.4.8
1.1.5.40740.5.1.5
1.1.5.40830.31.1.4.4
1.1.5.40890.9.2.11
1.1.5.40891.14.4.6.14.15
1.1.5.40949.15.2.5.9
1.1.5.40984.15.2.10.11.19.9.25
1.1.5.41199.27.1.4.13.3
1.1.5.41283.5.1.7.1.1.1
1.1.5.41599.8.3.8.10.5
1.1.5.41744.5.1.4.1.10.2
1.1.5.41821.10.1.24.10
1.1.5.41856.5.1.4.1.6
1.1.5.41866.8.2.4.2
1.1.5.41906.17.2.8
1.1.5.41927.34.1.15.7
1.1.5.41941.9.1.8
1.1.5.41952.5.1.4
1.1.5.42038.43.1.22
1.1.5.42047.13.2.13.2.3
1.1.5.42124.43.5.8
1.1.5.42273.15.2.10.2.8.1
1.1.5.42298.5.1
1.1.5.42332.14.2.6.8.15
1.1.5.42371.5.1.5
1.1.5.42420.20.1.13
1.1.5.42422.15.2.5
1.1.5.42478.25.2.4.5
1.1.5.42545.11.1.5.13
1.1.5.42620.24.3.9.8
1.1.5.42621.5.1
1.1.5.42647.22.3.17.12.7.3.5
1.1.5.42661.5.1.2.2
1.1.5.42666.5.1
1.1.5.42763.14.2.9.4
1.1.5.42948.13.2.13.2.12
1.1.5.42992.8.1.4
1.1.5.43091.5.1.1.11.9.1.3
1.1.5.43179.5.1.2.1.4
1.1.5.43188.34.1.19.12
1.1.5.43198.43.1.4.3
1.1.5.43228.5.1.2.1.3.3.21
1.1.5.43245.25.2.48.10
1.1.5.43283.5.1.7.4.8.6.16.31
1.1.5.43306.5.1.3.1
1.1.5.43341.27.3.8.16
1.1.5.43378.9.1.4
1.1.5.43403.19.2.7.4.7.2
1.1.5.43410.11.1.5.1
1.1.5.43471.14.3.10
1.1.5.43479.5.1.3.18.44.6.69
1.1.5.43486.6
1.1.5.43651.36.1.15.15.15
1.1.5.43814.29.2.23
1.1.5.43818.31.3.7.2.8
1.1.5.43927.8.1.32
1.1.5.43939.10.1.10
1.1.5.44018.5.1
1.1.5.44080.9.4.4.2
1.1.5.44148.18.1.10
1.1.5.44167.5.1.12.3
1.1.5.44172.16.4.6.5
1.1.5.44194.8.1.4
1.1.5.44227.5.1.2.6.9
1.1.5.44376.22.2.30.1.27.3
1.1.5.44518.25.2.13.1
1.1.5.44559.23
1.1.5.44673.5.1
1.1.5.44789.15.2
1.1.5.44837.5.1.2.1.4
1.1.5.45034.24.4.12.9
1.1.5.45055.5.1.3.2.20.2
1.1.5.45155.5.1.2.1.3.1
1.1.5.45177.34.2.9.7.10.3.24
1.1.5.45216.5.1.1.1.4
1.1.5.45282.5.1.2.6.9
1.1.5.45313.5.1
1.1.5.45318.22.4.5.4.18.2
1.1.5.45489.5.1.10
1.1.5.45532.8.2.8
1.1.5.45548.10.2.4
1.1.5.45622.5.1.3.1.6.1
1.1.5.45646.5.1
1.1.5.45663.9.1.7.1
1.1.5.45698.5.1.3.10
1.1.5.45866.9.1.4.2
1.1.5.45879.5.1.3.3.12.2
1.1.5.45960.5.1.9
1.1.5.45974.5.1.1
1.1.5.46061.5.1.5
1.1.5.46151.52.1.4.4
1.1.5.46210.5.1.7
1.1.5.46250.14.3
1.1.5.46260.5.1.1.1.4
1.1.5.46301.29.1.9.16
1.1.5.46533.8.1.4.7.45
1.1.5.46612.5.1.7.1.1.1
1.1.5.46646.5.1
1.1.5.46708.23.5.7.1
1.1.5.46829.23.1.11
1.1.5.46903.28.2.12.5
1.1.5.46906.10.1.4
1.1.5.46930.8.3.8.10.5
1.1.5.47113.5.1.1
1.1.5.47152.10.1.24.10
1.1.5.47200.5.1.3
1.1.5.47219.10.3.23
1.1.5.47299.5.1.3.1
1.1.5.47302.29.1.4.4
1.1.5.47305.5.1.10.4.15.1.1
1.1.5.47451.42.2.12.17.3
1.1.5.47498.24.1.5.10.27.1
1.1.5.47619.15.2.10.2.8.1
1.1.5.47644.5.1
1.1.5.47692.14.2.6.8.15
1.1.5.47733.5.1.5
1.1.5.47800.25.3.6.1
1.1.5.47843.5.1
1.1.5.47911.11.1.5.13
1.1.5.47947.5.1.1
1.1.5.47991.24.3.9.8
1.1.5.47992.5.1
1.1.5.48018.22.3.17.12.7.3.5
1.1.5.48032.5.1.2.2
1.1.5.48037.5.1
1.1.5.48103.18.4.1
1.1.5.48178.5.1.13.3.12
1.1.5.48265.13.2.13.2.12
1.1.5.48315.5.1
1.1.5.48319.11.2.11
1.1.5.48333.5.1.5
1.1.5.48334.9.3.20.6
1.1.5.48342.9.1.6
1.1.5.48403.15.3
1.1.5.48429.5.1.1.11.9.1.3
1.1.5.48503.21.4.12
1.1.5.48516.34.1.19.12
1.1.5.48535.43.1.4.3
1.1.5.48566.5.1.5.3.24
1.1.5.48643.10.1.4
1.1.5.48676.5.1.3.6.13.1.16
1.1.5.48687.5.1.18.1
1.1.5.48718.9.1.4
1.1.5.48756.11.1.5.1
1.1.5.48799.37.2.16.23
1.1.5.48816.14.3.10
1.1.5.48824.5.1.3.18.35.13.31
1.1.5.48831.6
1.1.5.48884.17.1.43
1.1.5.49170.29.2.23
1.1.5.49174.31.3.7.2.8
1.1.5.49205.21.1.10
1.1.5.49266.8.1.32
1.1.5.49336.3
1.1.5.49343.13.4
1.1.5.49402.22.1.10.2
1.1.5.49430.21.1.22
1.1.5.49505.5.1.12.3
1.1.5.49510.16.4.6.5
1.1.5.49532.8.1.4
1.1.5.49565.5.1.2.6.9
1.1.5.49711.22.2.30.1.38.3
1.1.5.49790.17.2.15.7
1.1.5.50033.9.1.4
1.1.5.50053.9.1.4
1.1.5.50110.14.1.19.2
1.1.5.50170.15.2
1.1.5.50415.5.1.20.4.23.1
1.1.5.50424.14.1.6
1.1.5.50524.3
1.1.5.50544.34.2.9.7.10.3.12
1.1.5.50582.5.1.3
1.1.5.50598.16.3.12.3.24.1.8
1.1.5.50648.5.1.6.1.4
1.1.5.50654.6
1.1.5.50682.5.1.3.12.19.4
1.1.5.50855.5.1.10
1.1.5.51034.9.1.7.1
1.1.5.51069.5.1.3.10
1.1.5.51244.9.1.4.2
1.1.5.51257.5.1.3.3.12.2
1.1.5.51293.5.1.12.2
1.1.5.51302.3
1.1.5.51311.8.1.4
1.1.5.51327.36.1.10.2
1.1.5.51354.9.1.14.6
1.1.5.51356.26.1.16
1.1.5.51538.52.1.4.4
1.1.5.51595.5.1.7
1.1.5.51635.14.3
1.1.5.51645.5.1.1.1.4
1.1.5.51696.15.2.11
1.1.5.51917.27.1.4.13.3
1.1.5.52002.5.1.7.1.1.1
1.1.5.52028.5.1.2.2
1.1.5.52348.8.3.8.10.5
1.1.5.52359.21.2.31.10
1.1.5.52583.11.1.5.20
1.1.5.52652.10.3.23
1.1.5.52681.17.2.8
1.1.5.52716.9.1.8
1.1.5.52740.17.2.10
1.1.5.52743.6
1.1.5.52821.43.1.22
1.1.5.52830.13.2.13.2.3
1.1.5.52907.43.5.8
1.1.5.52926.24.1.5.10.27.1
1.1.5.52945.23.1.15
1.1.5.53049.15.2.10.2.8.1
1.1.5.53074.5.1
1.1.5.53109.14.2.6.8.15
1.1.5.53150.5.1.5
1.1.5.53182.15.3
1.1.5.53214.25.2.4.9
1.1.5.53265.5.1.1.1.2
1.1.5.53331.11.1.5.13
1.1.5.53367.5.1.1
1.1.5.53412.5.1
1.1.5.53439.22.3.17.12.7.3.5
1.1.5.53453.5.1.2.2
1.1.5.53458.5.1
1.1.5.53616.5.1.1.1.3
1.1.5.53720.13.2.13.2.12
1.1.5.53764.11.2.11
1.1.5.53778.5.1.5
1.1.5.53779.9.3.20.6
1.1.5.53787.9.1.6
1.1.5.53837.15.3
1.1.5.53863.5.1.1.11.9.1.3
1.1.5.53954.8.1.4
1.1.5.53958.14.3.11
1.1.5.53969.34.1.19.12
1.1.5.53988.43.1.4.3
1.1.5.54018.14.1.5.13
1.1.5.54076.5.1.7.4.8.6.16.40
1.1.5.54141.5.1.5
1.1.5.54175.9.1.4
1.1.5.54211.11.1.5.1
1.1.5.54254.37.2.16.23
1.1.5.54271.14.3.10
1.1.5.54279.5.1.3.18.35.13.31
1.1.5.54286.6
1.1.5.54339.17.1.43
1.1.5.54559.13.2.8.3
1.1.5.54619.29.2.23
1.1.5.54623.31.3.7.2.8
1.1.5.54654.21.1.10
1.1.5.54733.8.1.32
1.1.5.54745.10.1.10
1.1.5.54821.5.1
1.1.5.54880.9.4.4.2
1.1.5.54988.5.1
1.1.5.55136.16.2.12.1.7
1.1.5.55188.22.2.30.1.38.3
1.1.5.55364.5.1.1
1.1.5.55543.5.1.7.2
1.1.5.55603.15.2
1.1.5.55658.11.1.4.5
1.1.5.55769.5.1.1.1
1.1.5.55779.5.1.2.2
1.1.5.55850.24.4.12.9
1.1.5.55868.5.1
1.1.5.55961.5.1.2.1.3.1
1.1.5.55964.5.1.1.1.1
1.1.5.55983.34.2.9.7.10.3.24
1.1.5.56021.5.1.3
1.1.5.56037.16.3.12.3.24.1.8
1.1.5.56090.20.1.12.3
1.1.5.56095.5.1.2.2
1.1.5.56304.5.1.10
1.1.5.56358.16.2
1.1.5.56376.18.2.4
1.1.5.56468.5.1
1.1.5.56481.11.3.17.10
1.1.5.56520.5.1.2.7.16.1
1.1.5.56523.8.1.4
1.1.5.56631.5.1
1.1.5.56694.9.1.4.2
1.1.5.56707.5.1.3.3.12.2
1.1.5.56787.10.2.10.2
1.1.5.56870.12.1.8
1.1.5.57008.31.1.4.4
1.1.5.57076.13.2.6.20.11.3.7
1.1.5.57116.45.3.18
1.1.5.57128.19
1.1.5.57134.24.2.10.5.8.4
1.1.5.57178.5.1.6
1.1.5.57376.48.1.4.1
1.1.5.57459.5.1.7.1.1.1
1.1.5.57493.5.1
1.1.5.57673.23.1.11
1.1.5.57759.6
1.1.5.57779.16.2.6.9.8
1.1.5.57838.5.1.3.2.9
1.1.5.57894.5.1.4.1.10.2
1.1.5.57974.5.1.1.5.27
1.1.5.58027.5.1.30
1.1.5.58105.9.1.8
1.1.5.58279.42.2.12.17.3
1.1.5.58454.5.1.2.18.7.1.4.7
1.1.5.58482.5.1
1.1.5.58524.14.5.6
1.1.5.58569.25.1.4.5
1.1.5.58636.5.1
1.1.5.58686.25.2.4.5
1.1.5.58749.22.1.12.11
1.1.5.58785.5.1.1
1.1.5.58830.5.1
1.1.5.58856.22.3.17.12.7.3.5
1.1.5.58870.5.1.2.2
1.1.5.58961.27.2.6
1.1.5.59044.5.1.13.3.12
1.1.5.59200.5.1.5
1.1.5.59201.9.3.20.6
1.1.5.59209.9.1.6
1.1.5.59234.5.1.1.30.26.1
1.1.5.59254.15.3
1.1.5.59280.5.1.1.11.9.1.3
1.1.5.59365.10.1.15
1.1.5.59402.8.2.4.3
1.1.5.59433.26.2.5.25
1.1.5.59433.26.2.6.1.27.2.41
1.1.5.59488.5.1.7.4.8.6.16.63
1.1.5.59514.10.1.4
1.1.5.59545.5.1.3.6.13.1.16
1.1.5.59586.19.1.4.1.1
1.1.5.59611.11.1.5.1
1.1.5.59674.14.3.10
1.1.5.59682.5.1.3.18.35.19.62
1.1.5.59689.6
1.1.5.59858.5.1.9.14
1.1.5.59947.5.1.10.14.10
1.1.5.60008.29.2.23
1.1.5.60012.31.3.7.2.8
1.1.5.60043.21.1.10
1.1.5.60104.8.1.32
1.1.5.60176.17.3.4
1.1.5.60233.10.3.19.12
1.1.5.60326.5.1.12.3
1.1.5.60331.16.4.6.5
1.1.5.60353.8.1.4
1.1.5.60386.5.1.2.6.9
1.1.5.60532.22.2.30.1.38.3
1.1.5.60808.26.2.11.3.7.5
1.1.5.60905.5.1.7.2
1.1.5.60965.15.2
1.1.5.61221.24.4.12.9
1.1.5.61242.5.1.3.2.20.2
1.1.5.61330.5.1.2.1.3.1
1.1.5.61352.34.2.9.7.10.3.24
1.1.5.61393.5.1.3
1.1.5.61409.16.3.12.3.24.1.8
1.1.5.61462.20.1.12.3
1.1.5.61467.5.1.2.2
1.1.5.61544.5.1.1.20.10.1
1.1.5.61680.5.1.10
1.1.5.61863.9.1.7.1
1.1.5.62063.33.1.10.6.2
1.1.5.62074.20.2.4.1
1.1.5.62075.29.4.4
1.1.5.62130.5.1.12.2
1.1.5.62139.3
1.1.5.62148.8.1.4
1.1.5.62164.36.1.10.2
1.1.5.62191.9.1.14.6
1.1.5.62193.26.1.16
1.1.5.62239.12.1.8
1.1.5.62269.5.1.5
1.1.5.62369.52.1.4.4
1.1.5.62424.5.1.7
1.1.5.62464.14.3
1.1.5.62474.5.1.1.1.4
1.1.5.62516.15.2.16
1.1.5.62733.18.2.26.7
1.1.5.62745.5.1.2.1.9.1.6
1.1.5.62771.16.3.7.2
1.1.5.62786.12.1.4
1.1.5.62821.5.1.7.1.1.1
1.1.5.62847.5.1.2.2
1.1.5.63048.23.1.11
1.1.5.63158.5.1.6
1.1.5.63221.5.1.3.2.9
1.1.5.63369.10.1.24.10
1.1.5.63404.5.1.4.1.6
1.1.5.63413.9.1.4.2
1.1.5.63513.5.1.3.1
1.1.5.63516.29.1.4.4
1.1.5.63519.5.1.10.4.15.1.1
1.1.5.63598.43.1.22
1.1.5.63607.13.2.13.2.3
1.1.5.63684.43.5.8
1.1.5.63841.5.1.2.12.8.1.4.6
1.1.5.63918.14.2.6.8.15
1.1.5.63959.5.1.5
1.1.5.64065.5.1.1.1.2
1.1.5.64131.15.3.8
1.1.5.64152.8.4.4.8
1.1.5.64199.24.1.10.14.8
1.1.5.64222.22.3.17.12.7.3.5
1.1.5.64236.5.1.2.2
1.1.5.64241.5.1
1.1.5.64335.8.1.4.2
1.1.5.64524.13.2.13.2.12
1.1.5.64570.11.1.7.7.13
1.1.5.64570.11.2.11
1.1.5.64584.5.1.5
1.1.5.64585.9.3.20.6
1.1.5.64593.9.1.6
1.1.5.64640.15.3
1.1.5.64666.5.1.1.11.9.1.3
1.1.5.64748.21.4.12
1.1.5.64766.34.2.4.10
1.1.5.64776.8.3.15.9
1.1.5.64807.14.1.5.13
1.1.5.64909.10.1.4.4
1.1.5.64921.5.1.3.6.13.1.14
1.1.5.64932.5.1.18.1
1.1.5.64963.9.1.4
1.1.5.64997.11.1.5.1
1.1.5.65060.14.3.10
1.1.5.65068.5.1.3.18.35.19.62
1.1.5.65075.6
1.1.5.65237.36.1.15.14.48
1.1.5.65322.13.2.8.3
1.1.5.65381.29.2.23
1.1.5.65385.31.3.7.2.8
1.1.5.65496.8.1.32
1.1.5.65508.10.1.10
1.1.5.65545.17.2.14
1.1.5.65636.9.4.4.2
1.1.5.65723.5.1
1.1.5.65873.31.1.9
1.1.5.65879.16.2.12.1.7
1.1.5.65931.22.2.30.1.38.3
1.1.5.65960.13.2
1.1.5.66084.25.3.20.21.20
1.1.5.66179.5.1.1.1.15.1
1.1.5.66289.5.1
1.1.5.66354.14.1.19.2
1.1.5.66414.15.2
1.1.5.66463.11.1.4.5
1.1.5.66663.24.4.12.9
1.1.5.66681.5.1
1.1.5.66777.3
1.1.5.66846.5.1.1.1.4
1.1.5.66912.5.1.2.6.9
1.1.5.66944.5.1.3.12.19.4
1.1.5.67112.5.1.10
1.1.5.67187.13.2
1.1.5.67298.14.2.5
1.1.5.67500.33.1.10.6.2
1.1.5.67511.20.2.4.1
1.1.5.67512.29.4.4
1.1.5.67567.5.1.12.2
1.1.5.67576.3
1.1.5.67585.8.1.4
1.1.5.67594.8.2.4.7
1.1.5.67677.12.1.8
1.1.5.67707.5.1.5
1.1.5.67800.31.1.4.4
1.1.5.67873.19.1.4.9
1.1.5.67914.19
1.1.5.67920.24.2.10.5.8.4
1.1.5.67964.5.1.6
1.1.5.68188.18.2.40.7
1.1.5.68211.16.1.6
1.1.5.68259.5.1.6.3
1.1.5.68261.3
1.1.5.68319.5.1.2.2
1.1.5.68618.10.1.6.3.3
1.1.5.68629.5.1.5
1.1.5.68755.5.1.4.1.10.2
1.1.5.68839.5.1.21
1.1.5.68888.5.1.30
1.1.5.68905.10.3.23
1.1.5.68963.9.1.8
1.1.5.68979.22.1.4.2
1.1.5.69063.43.1.22
1.1.5.69072.13.2.13.2.3
1.1.5.69137.42.2.12.17.3
1.1.5.69184.24.1.5.10.27.1
1.1.5.69203.23.1.15
1.1.5.69307.15.2.10.2.8.1
1.1.5.69332.5.1
1.1.5.69367.14.2.6.8.15
1.1.5.69406.5.1.5
1.1.5.69455.20.1.13
1.1.5.69458.8.2.4
1.1.5.69513.5.1.1.1.2
1.1.5.69579.11.1.5.13
1.1.5.69615.5.1.1
1.1.5.69660.5.1
1.1.5.69686.22.3.17.12.7.3.5
1.1.5.69700.5.1.2.2
1.1.5.69705.5.1
1.1.5.69789.14.2.6
1.1.5.70013.5.1
1.1.5.70017.11.1.7.7.7
1.1.5.70017.11.2.11
1.1.5.70031.5.1.5
1.1.5.70032.9.3.20.6
1.1.5.70040.9.1.6
1.1.5.70092.15.3
1.1.5.70118.5.1.1.11.9.1.3
1.1.5.70194.10.1.15
1.1.5.70231.8.2.4.3
1.1.5.70261.10.3.4
1.1.5.70264.5.1.1.2.13
1.1.5.70282.25.2.48.10
1.1.5.70377.5.1.8.1.4
1.1.5.70384.10.1.7
1.1.5.70417.9.1.4
1.1.5.70453.11.1.5.1
1.1.5.70513.5.1.1
1.1.5.70531.33.2.11.11.34.1
1.1.5.70786.5.1.1.1.14
1.1.5.70847.29.2.23
1.1.5.70851.31.3.7.2.8
1.1.5.70882.21.1.10
1.1.5.70954.8.1.32
1.1.5.70966.10.1.10
1.1.5.71028.3
1.1.5.71035.13.4
1.1.5.71085.10.3.19.12
1.1.5.71115.21.1.22
1.1.5.71175.11.1.8
1.1.5.71198.5.1
1.1.5.71236.5.1.4.3
1.1.5.71257.5.1.4
1.1.5.71403.22.2.30.1.38.3
1.1.5.71551.25.2.13.1
1.1.5.71718.5.1
1.1.5.71786.5.1.7.2
1.1.5.71889.11.1.4.5
1.1.5.72086.24.4.12.9
1.1.5.72107.5.1.3.2.20.2
1.1.5.72201.3
1.1.5.72209.5.1.3.2
1.1.5.72261.9.1.26.7
1.1.5.72284.46.2
1.1.5.72296.15
1.1.5.72321.5.1.2.12.36
1.1.5.72350.5.1
1.1.5.72355.22.4.5.4.18.2
1.1.5.72520.5.1.10
1.1.5.72563.8.2.8
1.1.5.72698.25.2.11
1.1.5.72734.5.1.3.10
1.1.5.72848.5.1
1.1.5.72925.9.1.4.2
1.1.5.72938.5.1.3.3.12.2
1.1.5.72970.26.2.10.6
1.1.5.73013.8.1.4
1.1.5.73029.36.1.10.2
1.1.5.73243.31.1.4.4
1.1.5.73303.19.1.4.9
1.1.5.73339.14.3
1.1.5.73349.5.1.1.1.4
1.1.5.73390.15.2.11
1.1.5.73603.23.3.8.8
1.1.5.73626.16.1.6
1.1.5.73701.25.2.16
1.1.5.73720.5.1.2.2
1.1.5.74018.10.1.6.3.3
1.1.5.74029.5.1.5
1.1.5.74106.5.1.3.2.9
1.1.5.74172.5.1.4.1.10.2
1.1.5.74253.5.1.21
1.1.5.74302.5.1.3
1.1.5.74321.10.3.23
1.1.5.74360.34.1.15.7
1.1.5.74390.5.1.3.1
1.1.5.74393.29.1.4.4
1.1.5.74396.5.1.10.4.15.1.1
1.1.5.74406.5.1
1.1.5.74538.42.2.12.17.3
1.1.5.74704.15.2.10.2.8.1
1.1.5.74739.5.1
1.1.5.74774.14.2.6.8.15
1.1.5.74815.5.1.5
1.1.5.74869.5.1
1.1.5.74919.25.2.4.5
1.1.5.74989.11.1.5.13
1.1.5.75025.5.1.1
1.1.5.75071.24.1.10.14.8
1.1.5.75094.22.3.17.12.7.3.5
1.1.5.75108.5.1.2.2
1.1.5.75202.27.2.6
1.1.5.75285.5.1.13.3.12
1.1.5.75366.13.2.13.2.12
1.1.5.75436.5.1.5
1.1.5.75437.9.3.20.6
1.1.5.75445.9.1.6
1.1.5.75498.15.3
1.1.5.75524.5.1.1.11.9.1.3
1.1.5.75608.5.1.2.1.4
1.1.5.75617.34.1.19.12
1.1.5.75636.43.1.4.3
1.1.5.75666.5.1.2.1.3.3.21
1.1.5.75683.25.2.48.10
1.1.5.75724.5.1.7.4.8.6.16.29
1.1.5.75747.5.1.3.1
1.1.5.75760.5.1.13.9.32
1.1.5.75776.13.2.8.2.5
1.1.5.75813.9.1.4
1.1.5.75838.19.2.7.4.7.2
1.1.5.75845.11.1.5.1
1.1.5.75888.37.2.16.23
1.1.5.75907.14.3.10
1.1.5.75915.5.1.3.18.25.6.18
1.1.5.75922.6
1.1.5.76010.5.1
1.1.5.76023.5.1.23.18
1.1.5.76085.13.2.7.2.23.1.5.15
1.1.5.76234.29.2.23
1.1.5.76238.31.3.7.2.8
1.1.5.76269.21.1.10
1.1.5.76332.8.1.32
1.1.5.76344.10.1.10
1.1.5.76381.17.2.14
1.1.5.76404.3
1.1.5.76411.13.4
1.1.5.76469.9.4.4.2
1.1.5.76548.11.1.8
1.1.5.76571.5.1
1.1.5.76719.16.2.12.1.7
1.1.5.76771.22.2.30.1.38.3
1.1.5.76868.6
1.1.5.76922.25.2.13.1
1.1.5.77011.5.1.1.1.15.1
1.1.5.77180.5.1.7.2
1.1.5.77240.15.2
1.1.5.77289.11.1.4.5
1.1.5.77491.24.4.12.9
1.1.5.77509.5.1
1.1.5.77593.3
1.1.5.77651.5.1.1.1.4
1.1.5.77717.5.1.2.6.9
1.1.5.77748.5.1
1.1.5.77759.17.2
1.1.5.77787.13.2.8.7.2.1
1.1.5.77921.5.1.10
1.1.5.77964.8.2.8
1.1.5.77980.8.1.4
1.1.5.78077.5.1.10.1
1.1.5.78090.20.1.15.8
1.1.5.78315.9.1.4.2
1.1.5.78328.5.1.3.3.12.2
1.1.5.78402.8.1.4
1.1.5.78411.8.2.4.7
1.1.5.78490.12.1.8
1.1.5.78614.52.1.4.4
1.1.5.78687.9.2.11
1.1.5.78688.14.4.6.14.15
1.1.5.78746.15.2.5.9
1.1.5.78788.14.2.24.8.30
1.1.5.79029.23.3.8.8
1.1.5.79049.16.1.6
1.1.5.79131.25.2.16
1.1.5.79226.23.5.7.1
1.1.5.79377.25.1.8
1.1.5.79437.8.3.8.10.5
1.1.5.79449.5.1.1
1.1.5.79667.10.1.24.10
1.1.5.79715.5.1.3
1.1.5.79755.17.2.8
1.1.5.79790.9.1.8
1.1.5.79964.42.2.12.17.3
1.1.5.80011.24.1.5.10.27.1
1.1.5.80031.5.1.1.8.8.2
1.1.5.80143.5.1.18.7
1.1.5.80201.5.1
1.1.5.80226.5.1.23
1.1.5.80271.18.2.9.2
1.1.5.80312.15.3
1.1.5.80395.5.1.1.1.2
1.1.5.80461.11.1.5.13
1.1.5.80497.5.1.1
1.1.5.80541.24.3.9.8
1.1.5.80542.5.1
1.1.5.80568.22.3.17.12.7.3.5
1.1.5.80582.5.1.2.2
1.1.5.80587.5.1
1.1.5.80670.34.4.1
1.1.5.80754.5.1.13.3.12
1.1.5.80835.13.2.13.2.12
1.1.5.80881.5.1.1.1
1.1.5.80881.8.1.4
1.1.5.80938.15.3
1.1.5.80964.5.1.1.11.9.1.3
1.1.5.81044.21.4.12
1.1.5.81057.34.1.19.12
1.1.5.81067.43.1.4.3
1.1.5.81097.5.1.2.1.3.3.21
1.1.5.81114.25.2.48.10
1.1.5.81178.10.1.4
1.1.5.81211.5.1.3.6.13.1.16
1.1.5.81222.5.1.18.1
1.1.5.81253.9.1.4
1.1.5.81292.11.1.5.1
1.1.5.81355.14.3.10
1.1.5.81363.5.1.3.18.35.19.62
1.1.5.81370.6
1.1.5.81534.20.1.17.11.12
1.1.5.81619.11.3.8.5
1.1.5.81680.29.2.23
1.1.5.81684.31.3.7.2.8
1.1.5.81715.21.1.10
1.1.5.81778.8.1.32
1.1.5.81790.10.1.10
1.1.5.81827.17.2.14
1.1.5.81910.10.3.19.12
1.1.5.81940.21.1.22
1.1.5.82024.5.1
1.1.5.82062.5.1.4.3
1.1.5.82083.10.2.24
1.1.5.82085.14.4.9
1.1.5.82190.13.2.8
1.1.5.82233.22.2.30.1.44.3
1.1.5.82343.5.1.3.3.10
1.1.5.82367.5.1.2.1.2.2
1.1.5.82609.14.1.19.2
1.1.5.82669.15.2
1.1.5.82928.5.1.3.2.20.2
1.1.5.83021.5.1.2.1.3.1
1.1.5.83043.34.2.9.7.10.3.24
1.1.5.83084.5.1.3
1.1.5.83100.16.3.12.3.24.1.8
1.1.5.83153.5.1.1.5.9
1.1.5.83160.5.1
1.1.5.83201.11.1.9
1.1.5.83347.5.1.2.11.25.3.32
1.1.5.83383.5.1
1.1.5.83403.16.2
1.1.5.83531.25.2.11
1.1.5.83741.33.1.10.6.2
1.1.5.83752.20.2.4.1
1.1.5.83753.29.4.4
1.1.5.83843.8.1.4
1.1.5.83853.14.1.4.8
1.1.5.84067.31.1.4.4
1.1.5.84121.19.1.4.9
1.1.5.84161.14.3
1.1.5.84171.5.1.1.1.4
1.1.5.84211.15.2.10.11.19.9.23
1.1.5.84395.14.2
1.1.5.84415.18.2.40.7
1.1.5.84438.16.1.6
1.1.5.84455.16.3.7.2
1.1.5.84546.9.2.4
1.1.5.84838.10.1.6.3.3
1.1.5.84848.5.1.3.2.7
1.1.5.84987.5.1.4.1.10.2
1.1.5.85022.5.1.1
1.1.5.85051.3
1.1.5.85102.5.1.30
1.1.5.85119.10.3.23
1.1.5.85148.17.2.8
1.1.5.85184.9.1.8
1.1.5.85193.21.2.4.9
1.1.5.85201.18.3.13
1.1.5.85211.5.1
1.1.5.85273.43.1.22
1.1.5.85282.13.2.13.2.3
1.1.5.85361.43.5.8
1.1.5.85507.5.1.18.9
1.1.5.85579.14.2.6.8.15
1.1.5.85620.5.1.5
1.1.5.85652.15.3
1.1.5.85682.5.1
1.1.5.85730.5.1.1.1.2
1.1.5.85801.11.1.5.13
1.1.5.85838.5.1.1
1.1.5.85887.5.1.2.1.3.12.11.3
1.1.5.85916.22.3.17.12.7.3.5
1.1.5.85930.5.1.2.2
1.1.5.86033.14.2.6
1.1.5.86116.5.1.13.3.12
1.1.5.86203.13.2.13.2.12
1.1.5.86273.5.1.5
1.1.5.86274.9.3.20.6
1.1.5.86282.9.1.6
1.1.5.86307.5.1.1.30.26.1
1.1.5.86329.15.3
1.1.5.86355.5.1.1.11.9.1.3
1.1.5.86436.5.1.2.1.4
1.1.5.86445.34.1.19.12
1.1.5.86464.43.1.4.3
1.1.5.86494.5.1.2.1.3.1.19
1.1.5.86555.5.1.7.4.8.6.16.59
1.1.5.86616.5.1.3.6.13.1.16
1.1.5.86627.5.1.18.1
1.1.5.86692.11.1.5.1
1.1.5.86755.14.3.10
1.1.5.86763.5.1.3.18.35.19.62
1.1.5.86770.6
1.1.5.86934.5.1.9.14
1.1.5.87020.5.1.10.29.26
1.1.5.87080.29.2.23
1.1.5.87084.31.3.7.2.8
1.1.5.87194.8.1.32
1.1.5.87206.10.1.10
1.1.5.87243.17.2.14
1.1.5.87269.5.1
1.1.5.87317.9.1.6.8
1.1.5.87399.11.1.8
1.1.5.87422.5.1
1.1.5.87460.5.1.4.3
1.1.5.87483.5.1
1.1.5.87487.5.1.1
1.1.5.87591.13.2.8
1.1.5.87638.22.2.30.1.27.3
1.1.5.87842.5.1.1.1.15.1
1.1.5.87909.26.2.11.3.7.5
1.1.5.88000.5.1.7.2
1.1.5.88060.15.2
1.1.5.88102.11.1.4.5
1.1.5.88314.24.4.12.9
1.1.5.88386.5.1
1.1.5.88415.3
1.1.5.88423.5.1.3.2
1.1.5.88477.9.1.26.7
1.1.5.88501.46.2
1.1.5.88513.15
1.1.5.88545.5.1.1.5.9
1.1.5.88552.5.1
1.1.5.88581.5.1.3.12.19.4
1.1.5.88750.5.1.10
1.1.5.88793.8.2.8
1.1.5.88809.10.2.4
1.1.5.88901.5.1.10.1
1.1.5.88914.20.1.15.8
1.1.5.89137.20.2.4.1
1.1.5.89138.29.4.4
1.1.5.89193.5.1.12.2
1.1.5.89202.3
1.1.5.89211.8.1.4
1.1.5.89220.8.2.4.7
1.1.5.89447.31.1.4.4
1.1.5.89504.9.2.11
1.1.5.89505.14.4.6.14.15
1.1.5.89563.15.2.5.9
1.1.5.89603.5.1.2.2.3.2.5
1.1.5.89836.18.2.26.7
1.1.5.89859.16.1.6
1.1.5.89876.16.3.7.2
1.1.5.89891.12.1.4
1.1.5.89920.15.2.23.5.23.7
1.1.5.89927.5.1.7.1.1.1
1.1.5.90180.25.1.8
1.1.5.90242.10.1.6.3.3
1.1.5.90253.5.1.5
1.1.5.90318.5.1.3.2.9
1.1.5.90378.5.1.4.1.10.2
1.1.5.90455.10.1.24.10
1.1.5.90490.5.1.4.1.6
1.1.5.90500.8.2.4.2
1.1.5.90562.34.1.15.7
1.1.5.90576.9.1.8
1.1.5.90587.5.1.4
1.1.5.90674.43.1.22
1.1.5.90683.13.2.13.2.3
1.1.5.90786.5.1.3.2.5
1.1.5.90851.6
1.1.5.90925.5.1.18.7
1.1.5.90996.14.2.6.8.15
1.1.5.91037.5.1.5
1.1.5.91087.20.1.13
1.1.5.91089.15.2.5
1.1.5.91145.25.2.4.5
1.1.5.91208.22.1.12.11
1.1.5.91247.5.1.6
1.1.5.91292.5.1
1.1.5.91318.22.3.17.12.7.3.5
1.1.5.91332.5.1.2.2
1.1.5.91337.5.1
1.1.5.91420.34.4.1
1.1.5.91442.17.1.12
1.1.5.91634.13.2.13.2.12
1.1.5.91684.5.1
1.1.5.91688.11.1.7.7.7
1.1.5.91688.11.2.11
1.1.5.91702.5.1.5
1.1.5.91703.9.3.20.6
1.1.5.91711.9.1.6
1.1.5.91772.15.3
1.1.5.91798.5.1.1.11.9.1.3
1.1.5.91891.5.1.2.1.4
1.1.5.91900.34.1.19.12
1.1.5.91919.43.1.4.3
1.1.5.91951.26.2.5.25
1.1.5.91951.26.2.6.1.11.2.16
1.1.5.92066.5.1.3.6.13.1.14
1.1.5.92121.19.2.7.4.7.2
1.1.5.92128.11.1.5.1
1.1.5.92194.5.1.3.14.18.6.20
1.1.5.92201.6
1.1.5.92254.17.1.43
1.1.5.92382.5.1.9.14
1.1.5.92548.29.2.23
1.1.5.92551.5.1.2.18
1.1.5.92645.8.1.32
1.1.5.92657.10.1.10
1.1.5.92791.9.4.4.2
1.1.5.92889.5.1
1.1.5.92927.5.1.4.3
1.1.5.92948.5.1.3
1.1.5.93042.16.2.12.1.7
1.1.5.93094.22.2.30.1.38.3
1.1.5.93123.13.2
1.1.5.93213.5.1.3.3.10
1.1.5.93253.25.2.13.1
1.1.5.93342.5.1.1.1.15.1
1.1.5.93361.5.1
1.1.5.93444.17.3
1.1.5.93445.5.1.2.2
1.1.5.93509.14.1.19.2
1.1.5.93569.15.2
1.1.5.93588.5.1.4.1
1.1.5.93602.3
1.1.5.93619.11.1.4.5
1.1.5.93730.5.1.1.1
1.1.5.93740.5.1.2.2
1.1.5.93811.24.4.12.9
1.1.5.93832.5.1.3.2.20.2
1.1.5.93845.10.4.2
1.1.5.93921.5.1
1.1.5.93928.16.2.5.5
1.1.5.93950.34.2.9.7.10.3.24
1.1.5.93993.5.1.3
1.1.5.94009.16.3.12.3.24.1.8
1.1.5.94056.5.1.2.12.36
1.1.5.94090.5.1.3.12.19.4
1.1.5.94240.16.2
1.1.5.94247.12.4.4.5
1.1.5.94283.5.1
1.1.5.94295.8.2.8
1.1.5.94311.10.2.4
1.1.5.94410.10.3.8
1.1.5.94416.15.2.6.4.21
1.1.5.94452.5.1.3.10
1.1.5.94558.5.1
1.1.5.94623.33.1.10.6.2
1.1.5.94634.20.2.4.1
1.1.5.94635.29.4.4
1.1.5.94647.8.1.7.30
1.1.5.94688.5.1.12.2
1.1.5.94697.3
1.1.5.94706.8.1.4
1.1.5.94721.21.2.6.7.20
1.1.5.94799.12.1.8
1.1.5.94920.31.1.4.4
1.1.5.94993.9.2.11
1.1.5.94994.14.4.6.14.15
1.1.5.95052.15.2.5.9
1.1.5.95097.5.1.1.6.11
1.1.5.95279.17.1.18
1.1.5.95300.14.2.6.3
1.1.5.95382.14.1.7.3
1.1.5.95435.9.2.4
1.1.5.95730.10.1.6.3.3
1.1.5.95741.15.2.5.4.3
1.1.5.95870.5.1.4.1.10.2
1.1.5.95958.16.2.8.3.14
1.1.5.95994.5.1.4.1.6
1.1.6.6.5.1.5.4.23.4.9
1.1.6.28.10.3.23
1.1.6.55.17.2.8
1.1.6.90.9.1.8
1.1.6.101.5.1.4
1.1.6.256.42.2.12.17.3
1.1.6.323.23.1.15
1.1.6.429.15.2.10.2.8.1
1.1.6.454.5.1
1.1.6.489.14.2.6.8.15
1.1.6.526.5.1.21
1.1.6.575.20.1.13
1.1.6.578.8.2.4
1.1.6.635.25.2.4.5
1.1.6.700.22.1.12.11
1.1.6.738.11.2.17.18
1.1.6.784.5.1
1.1.6.810.22.3.17.12.7.3.5
1.1.6.824.5.1.2.2
1.1.6.829.5.1
1.1.6.1209.15.3
1.1.6.1235.5.1.1.11.9.1.3
1.1.6.1331.5.1.2.1.4
1.1.6.1340.34.1.19.12
1.1.6.1359.43.1.4.3
1.1.6.1389.14.1.5.13
1.1.6.1491.10.1.4.4
1.1.6.1503.5.1.3.6.13.1.14
1.1.6.1514.5.1.18.1
1.1.6.1545.9.1.4
1.1.6.1584.11.1.5.1
1.1.6.1647.14.3.10
1.1.6.1655.5.1.3.18.35.19.62
1.1.6.1662.6
1.1.6.1712.17.1.43
1.1.6.1761.16
1.1.6.1830.36.1.15.14.49
1.1.6.1924.5.1.10.22.9
1.1.6.1984.29.2.23
1.1.6.1988.31.3.7.2.8
1.1.6.2019.21.1.10
1.1.6.2096.8.1.32
1.1.6.2138.17.2.44
1.1.6.2229.9.4.4.2
1.1.6.2304.5.1.5.1
1.1.6.2312.5.1
1.1.6.2335.5.1
1.1.6.2373.5.1.4.3
1.1.6.2394.5.1.3
1.1.6.2488.16.2.12.1.7
1.1.6.2540.22.2.30.1.38.3
1.1.6.2654.5.1.3.3.10
1.1.6.2694.25.2.13.1
1.1.6.2735.23
1.1.6.2918.5.1.7.2
1.1.6.2978.15.2
1.1.6.3028.11.1.4.5
1.1.6.3347.3
1.1.6.3367.34.2.9.7.10.3.12
1.1.6.3403.5.1.1.1.4
1.1.6.3469.5.1.2.6.9
1.1.6.3500.5.1
1.1.6.3505.22.4.5.4.18.2
1.1.6.3663.5.1.2.2.11
1.1.6.3703.8.2.8
1.1.6.3842.14.2.5
1.1.6.3876.5.1.2.7.30.1
1.1.6.3879.8.1.4
1.1.6.4059.20.2.4.1
1.1.6.4060.29.4.4
1.1.6.4072.8.1.7.30
1.1.6.4113.5.1.12.2
1.1.6.4122.3
1.1.6.4131.8.1.4
1.1.6.4140.8.2.4.7
1.1.6.4222.12.1.8
1.1.6.4353.31.1.4.4
1.1.6.4428.5.1.3.1.2
1.1.6.4440.5.1.1.2
1.1.6.4471.5.1.7.7
1.1.6.4482.19
1.1.6.4488.24.2.10.5.8.4
1.1.6.4530.15.2.10.11.19.6.7
1.1.6.4784.27.1.4.13.3
1.1.6.4803.16.1.6
1.1.6.4820.16.3.7.2
1.1.6.4886.25.2.16
1.1.6.4905.5.1.2.2
1.1.6.5217.5.1.3.1.2.2
1.1.6.5225.5.1.2
1.1.6.5291.5.1.3.2.9
1.1.6.5357.5.1.4.1.10.2
1.1.6.5440.5.1.1.14.26
1.1.6.5493.5.1.3
1.1.6.5512.10.3.23
1.1.6.5584.9.1.8
1.1.6.5620.13.2
1.1.6.5688.43.1.22
1.1.6.5697.13.2.13.2.3
1.1.6.5740.39.3.5.5.5.1.10
1.1.6.5775.43.5.8
1.1.6.5919.15.2.10.2.8.1
1.1.6.5987.14.2.6.8.15
1.2.48.6.3.17.3.19.3.11
1.2.51.12.6.27.2.7.2
1.2.132.2.1.4.1.2.4
1.2.138.2.1.5
1.2.148.2.1.1
1.2.157.2.1.1.1
1.2.243.4.2.8.1
1.2.271.12.6
1.2.512.4.2.3.2.4
1.2.537.4.2.7.2.30.10
1.2.679.4.2.3
1.2.771.4.2
1.2.772.1
1.2.800.2.1.12.2.8
1.2.882.2.1
1.2.1061.2.1.1.1.1.1.1
1.2.1150.4.2.4.3
1.2.1175.14.7.23
1.2.1202.2.1.4.2.4.1
1.2.1232.2.1
1.2.1342.12.6.16.8.13
1.2.1414.7
1.2.1517.6.3.52.3.23.11
1.2.1631.6.3.3.1.3.3.31
1.2.1639.6.3
1.2.1771.4.2.9.5
1.2.1840.2.1.1.6.8.1
1.2.1850.6.3.14.4
1.2.2120.2.1.3.7
1.2.2259.2.1.13.3.7.8.17
1.2.2259.2.1.13.3.8.1.2
1.2.2311.2.1.1.1.6.9
1.2.2330.1
1.2.2335.2.1
1.2.2348.2.1.21.3.14
1.2.2368.2.1.1
1.2.2519.10.5.21.3
1.2.2740.2.1.9
1.2.2807.10.5.14.1
1.2.2895.2.1.1.2.27.3
1.2.2927.2.1.2.2.6
1.2.2988.4.2.15.1.2.2.6
1.2.3112.9
1.2.3165.4.2.9.1.23.5
1.2.3216.3
1.2.3269.6.3.7.1
1.2.3331.2.1.2.2.17
1.2.3380.2.1.2.1.1
1.2.3649.2.1.5.1.4
1.2.3757.2.1
1.2.3907.4.2.6.1.13.1.37
1.2.4068.2.1
1.2.4203.6.3.10.1.15.4.6.1
1.2.4319.2.1.3.2.7.1.4
1.2.4339.2.1.5.1
1.2.4469.4.2.4.1.3.3.7.6
1.2.4490.2.1.2.1
1.2.4738.2.1.3.3.17.3
1.2.4745.7
1.2.4761.4.2.4.5.18.2
1.2.4955.4.2.5.1.4
1.2.4969.1
1.2.4999.10.5
1.2.5074.2.1.12.2
1.2.5241.4.2.10.2.7
1.2.5484.2.1.3.1
1.2.5506.3
1.2.5586.4.2
1.2.5616.4.2.9
1.2.5632.2.1
1.2.5741.4.2.7.1.6.2.15
1.2.5765.2.1.2
1.2.5932.12.6.21
1.4.15.3.2
1.4.480.3.2
1.4.1436.3.2
1.4.2759.3.2
1.4.3386.3.2
1.4.3392.4.2
1.4.3642.4.2
1.4.3931.3.2
1.4.4014.4.2
1.4.4517.3.2
1.4.4856.3.2
1.4.4861.4.2
1.4.6298.3.2
1.4.6424.4.2
1.4.7991.3.2
1.4.8181.4.2
1.4.8829.3.2
1.4.8980.3.2
1.4.9134.3.2
1.4.10241.4.2
1.4.10501.3.2
1.4.10745.4.2
1.4.10760.3.2
1.4.10780.3.2
1.4.11030.3.2
1.4.11901.4.2
1.4.13306.4.2
1.4.13638.4.2
1.4.15034.3.2
1.4.15750.4.2
1.4.16376.4.2
1.4.17370.4.2
1.4.18619.3.2
1.4.19067.3.2
1.4.19323.3.2
1.4.19468.3.2
1.4.19780.3.2
1.4.19979.4.2
1.4.20403.3.2
1.4.21129.3.2
1.4.21348.4.2
1.4.21445.4.2
1.4.21574.4.2
1.4.21620.4.2
1.4.21842.3.2
1.4.22875.3.2
1.4.23106.3.2
1.4.23952.3.2
1.4.24476.3.2
1.4.24495.3.2
1.4.24589.3.2
1.4.24621.3.2
1.4.25547.3.2
1.4.26307.4.2
1.4.27653.4.2
1.4.27801.3.2
1.4.27871.4.2
1.4.28099.3.2
1.4.29314.3.2
1.4.29916.3.2
1.4.30170.4.2
1.4.30524.3.2
1.4.30599.3.2
1.4.32235.3.2
1.4.32260.3.2
1.4.32713.3.2
1.4.32726.4.2
1.4.32967.4.2
1.4.34073.3.2
1.4.34723.4.2
1.4.34842.4.2
1.4.34845.3.2
1.4.35169.3.2
1.4.35602.3.2
1.4.35612.4.2
1.4.36132.4.2
1.4.37001.3.2
1.4.37028.3.2
1.4.37062.4.2
1.4.37380.4.2
1.4.37392.4.2
1.4.37834.1
1.4.38249.4.2
1.4.39061.4.2
1.4.39538.3.2
1.4.39831.4.2
1.4.40504.4.2
1.4.40844.4.2
1.4.40881.4.2
1.4.41815.3.2
1.4.42061.3.2
1.4.43227.4.2
1.4.43339.3.2
1.4.43783.3.2
1.4.44348.3.2
1.4.44387.4.2
1.4.44395.3.2
1.4.44480.3.2
1.4.44496.3.2
1.4.45282.3.2
1.4.46428.3.2
1.4.46904.4.2
1.4.47568.3.2
1.4.47615.3.2
1.4.47853.3.2
1.4.48330.4.2
1.4.48737.3.2
1.4.48851.4.2
1.4.49244.4.2
1.4.50842.3.2
1.4.51039.3.2
1.4.52153.3.2
1.4.52209.4.2
1.4.53221.3.2
1.4.53718.4.2
1.4.54151.3.2
1.4.55058.3.2
1.4.55889.3.2
1.4.55900.3.2
1.4.55933.4.2
1.4.55977.3.2
1.4.56012.3.2
1.4.57819.3.2
1.4.57912.3.2
1.4.58318.3.2
1.4.59736.3.2
1.4.60139.3.2
1.4.60242.3.2
1.4.60724.4.2
1.4.60958.4.2
1.4.61358.3.2
1.4.61667.4.2
1.4.62646.3.2
1.4.64047.4.2
1.4.64200.3.2
1.4.64656.4.2
1.4.64955.4.2
1.4.65180.3.2
1.4.65608.3.2
1.4.65828.3.2
1.4.66581.4.2
1.4.66662.3.2
1.4.68067.3.2
1.4.68642.3.2
1.4.69011.4.2
1.4.71005.4.2
1.4.71154.4.2
1.4.71158.3.2
1.4.71342.4.2
1.4.71497.4.2
1.4.75120.3.2
1.4.75576.1
1.4.76341.3.2
1.4.76417.4.2
1.4.77380.3.2
1.4.77979.3.2
1.4.78908.3.2
1.4.79597.4.2
1.4.80389.4.2
1.4.81451.3.2
1.4.81454.4.2
1.4.82207.4.2
1.4.82362.3.2
1.4.82430.4.2
1.4.84189.4.2
1.4.84606.4.2
1.4.84733.4.2
1.4.85169.3.2
1.4.85731.3.2
1.4.87027.3.2
1.4.87115.4.2
1.4.87126.4.2
1.4.87538.3.2
1.4.88664.3.2
1.4.88929.4.2
1.4.89109.3.2
1.4.89753.4.2
1.4.90360.3.2
1.4.90444.4.2
1.4.90597.3.2
1.4.90825.3.2
1.4.91161.3.2
1.4.91525.4.2
1.4.93206.4.2
1.4.93225.1
1.4.93323.4.2
1.4.93406.4.2
1.4.94887.3.2
1.4.96066.3.2
1.4.97349.3.2
1.4.97484.3.2
1.4.99463.3.2
1.4.100836.3.2
1.4.101088.3.2
1.4.101351.3.2
1.4.101646.3.2
1.4.102219.3.2
1.4.102584.4.2
1.4.103112.3.2
1.4.103139.3.2
1.4.103949.1
1.4.104286.3.2
1.4.104314.3.2
1.4.106217.4.2
1.4.106902.4.2
1.4.107122.4.2
1.4.107194.3.2
1.4.108196.3.2
1.4.108208.4.2
1.4.108288.3.2
1.4.108864.4.2
1.4.109115.3.2
1.4.110028.4.2
1.4.110084.4.2
1.4.110166.4.2
1.4.110513.3.2
1.4.111166.4.2
1.4.111709.3.2
1.4.112020.3.2
1.4.112483.4.2
1.4.113489.4.2
1.4.113874.3.2
1.4.113917.3.2
1.4.115825.4.2
1.4.117284.4.2
1.4.117563.3.2
1.4.118032.1
1.4.119818.4.2
1.4.120724.4.2
1.4.121011.4.2
1.4.121404.4.2
1.4.121703.4.2
1.4.121704.3.2
1.4.122588.3.2
1.4.123296.4.2
1.4.123642.4.2
1.4.123730.4.2
1.4.123917.4.2
1.4.124009.3.2
1.4.124474.3.2
1.4.125430.3.2
1.4.126758.3.2
1.4.127386.3.2
1.4.127392.4.2
1.4.127642.4.2
1.4.127931.3.2
1.4.128014.4.2
1.4.128517.3.2
1.4.128856.3.2
1.4.128861.4.2
1.4.130298.3.2
1.4.130424.4.2
1.4.131992.3.2
1.4.132182.4.2
1.4.132833.3.2
1.4.132984.3.2
1.4.133138.3.2
1.4.134245.4.2
1.4.134505.3.2
1.4.134749.4.2
1.4.134764.3.2
1.4.134784.3.2
1.4.135034.3.2
1.4.135905.4.2
1.4.137309.4.2
1.4.137643.4.2
1.4.139039.3.2
1.4.139755.4.2
1.4.140381.4.2
1.4.141375.4.2
1.4.142624.3.2
1.4.143072.3.2
1.4.143328.3.2
1.4.143473.3.2
1.4.143785.3.2
1.4.143984.4.2
1.4.144408.3.2
1.4.145135.3.2
1.4.145354.4.2
1.4.145451.4.2
1.4.145584.4.2
1.4.145630.4.2
1.4.145852.3.2
1.4.146885.3.2
1.4.147116.3.2
1.4.147962.3.2
1.4.148486.3.2
1.4.148505.3.2
1.4.148599.3.2
1.4.148631.3.2
1.4.149557.3.2
1.4.150317.4.2
1.4.151663.4.2
1.4.151811.3.2
1.4.151881.4.2
1.4.152108.3.2
1.5.169.8.2.1.15.3.27.2
1.5.344.9.2.1.2.1
1.5.439.20.2.1.10
1.5.881.6.2.1.3.2
1.5.1080.22.2.1.3.1
1.5.1102.8.2.1.3.1.1
1.5.1223.14.2.1.15
1.5.1420.14.2.1.10.6.6.1.7
1.5.1483.6.2.1.5.3
1.5.1517.7.2.1.1.1
1.5.1526.12.2.1
1.5.1544.17.2.1.1
1.5.1750.17.2.1.10.3.5.1.6
1.5.1926.25.2.1.5.2.9
1.5.2266.12.2.1.1.1.1.1
1.5.2296.14.2.1.20.3.6
1.5.2381.8.2.1.9.8.23.7
1.5.2469.7.2.1.2.2
1.5.2503.11.2.1.2.2
1.5.2506.17.2.1
1.5.2604.20.2.1.10.4
1.5.2691.7.2.1.20.3.15
1.5.2733.8.2.1.5
1.5.2838.8.2.1.16.2.8
1.5.3017.11.2.1.1.1.5.2.3
1.5.3020.7.2.1.7.2.4.1
1.5.3127.7.2.1.1.1
1.5.3254.9.2.1.2.2
1.5.3490.14.2.1.1
1.5.3509.26.2.1.1
1.5.3598.25.2.1.7.1
1.5.3601.11.2.1.4.1
1.5.3828.6.2.1.16.2
1.5.4168.10.2.1.2.2.3.4.17
1.5.4198.11.2.1.8.1
1.5.4327.10.2.1.16.2.4
1.5.4382.6.2.1
1.5.4391.12.2.1.9.3.5.6
1.5.4621.13.2.1.24
1.5.4848.6.2.1.12.5
1.5.4874.23.2.1.27.8
1.5.4936.6.2.1.8.2.11.3
1.5.5100.18.2.1.16.2
1.5.5183.6.2.1.14
1.5.5194.7.2.1
1.5.5242.13.2.1
1.5.5281.8.2.1.2.1.1.2.4
1.5.5305.7.2.1.20.6.9
1.5.5409.7.2.1.17.3.3.2.7
1.5.5434.8.2.1.3.3
1.5.5449.10.2.1.7.2.9
1.5.5689.7.2.1.2.3.8
1.5.5797.10.2.1.2.2.3.3
1.5.5815.8.2.1.49.1.5
1.5.6099.12.2.1.13
1.5.6115.13.2.1.7
1.5.6227.9.2.1.9.1.3.2
1.5.6274.15.2.1.7.4
1.5.6426.6.2.1
1.5.6611.10.2.1.13.1.2.1
1.5.6618.11.2.1.7
1.5.6915.17.2.1.6.1.4
1.5.6974.15.2.1.17
1.5.7070.20.2.1.27.1.5
1.5.7082.10.2.1.47.4.7.4.3
1.5.7253.11.2.1.14.4.7.1.1
1.5.7308.8.2.1
1.5.7360.11.2.1.8.1.1.1
1.5.7490.14.2.1.6.6.13.2.8.51
1.5.7495.8.2.1.15.1.9.2.13
1.5.7579.7.2.1.26.12.63
1.5.7626.13.2.1.22.1.1
1.5.7896.9.2.1.11.3.28
1.5.8027.6.2.1.3.2
1.5.8149.10.2.1.1.1.13
1.5.8269.7.2.1.2.1.7.1.70
1.5.8378.14.2.1.15
1.5.8441.8.2.1.7.4.6.1.6.24
1.5.8482.7.2.1.5
1.5.8533.6.2.1.19.4
1.5.8563.14.2.1.10.6.6.1.7
1.5.8654.7.2.1.1.1
1.5.8663.12.2.1
1.5.8681.17.2.1.1
1.5.8699.7.2.1.23.2.23.6.35
1.5.8886.15.2.1.2.1.3.3.7
1.5.8896.8.2.1.5.1.6
1.5.9074.25.2.1.5.2.9
1.5.9348.6.2.1.4.1.2.10
1.5.9382.6.2.1.4.1.3.1
1.5.9413.12.2.1.6.1.2.2
1.5.9446.7.2.1.6.1.15.3.15
1.5.9525.8.2.1.9.8.23.7
1.5.9617.7.2.1.2.2
1.5.9651.11.2.1.2.2
1.5.9654.17.2.1
1.5.9731.20.2.1.10.4
1.5.9813.9.2.1.12.1.2
1.5.9856.17.2.1.10.3.8.4.15
1.5.9962.8.2.1.16.2.8
1.5.10019.32.2.1
1.5.10142.7.2.1.6.2.4.1
1.5.10249.7.2.1.1.1
1.5.10378.9.2.1.2.2
1.5.10602.14.2.1.1
1.5.10701.25.2.1.7.1
1.5.10704.11.2.1.4.1
1.5.10964.14.2.1.7.2.30.1
1.5.10975.6.2.1.4.1.4.1
1.5.11070.9.2.1
1.5.11247.9.2.1.5.4
1.5.11375.10.2.1.16.2.4
1.5.11431.6.2.1
1.5.11440.12.2.1.9.3.5.6
1.5.11645.13.2.1.24
1.5.11862.6.2.1.12.5
1.5.11888.23.2.1.27.8
1.5.11947.9.2.1.6.1
1.5.11976.14.2.1.10.2.5.3
1.5.12198.7.2.1
1.5.12302.8.2.1.2.1.1.2.22
1.5.12326.7.2.1.20.6.9
1.5.12422.7.2.1.17.3.3.2.7
1.5.12447.8.2.1.3.3
1.5.12462.10.2.1.7.2.9
1.5.12708.8.2.1.6.12.17
1.5.12806.10.2.1.2.2.3.3
1.5.12923.7.2.1.3.5
1.5.13221.9.2.1.9.1
1.5.13259.9.2.1.9.1.3.2
1.5.13306.15.2.1.7.4
1.5.13468.6.2.1
1.5.13663.13.2.1.3
1.5.13863.15.2.1.1.1.1.1
1.5.13919.6.2.1.9.3
1.5.13941.15.2.1.3
1.5.13996.7.2.1.31.1.14
1.5.14106.9.2.1.1.1.4
1.5.14300.14.2.1.15.2
1.5.14320.11.2.1.5
1.5.14370.8.2.1.15.3.27.2
1.5.14544.14.2.1.27.8.18.5.3.1
1.5.14633.7.2.1.26.12.63
1.5.15063.6.2.1.3.2
1.5.15307.8.2.1.13.4.15
1.5.15420.14.2.1.15
1.5.15483.8.2.1.7.4.6.1.6.24
1.5.15524.7.2.1.5
1.5.15623.14.2.1.10.6.6.1.7
1.5.15684.6.2.1.5.3
1.5.15720.7.2.1.1.1
1.5.15729.12.2.1
1.5.15747.17.2.1.1
1.5.15767.14.2.1.1.1.33
1.5.15890.10.2.1.27.10
1.5.15969.17.2.1.10.3.5.1.6
1.5.16050.8.2.1.8.3
1.5.16416.6.2.1.27.7.6.2.5.21
1.5.16526.7.2.1.3.2.14.8.17
1.5.16617.8.2.1.9.8.23.7
1.5.16736.11.2.1.2.2
1.5.16739.17.2.1
1.5.16788.9.2.1.11.8.22.1
1.5.16827.20.2.1.10.4
1.5.16913.7.2.1.20.3.15
1.5.16955.8.2.1.5
1.5.17010.5.2.1.6.1
1.5.17066.8.2.1.16.2.8
1.5.17125.32.2.1
1.5.17248.7.2.1.6.2.4.1
1.5.17379.8.2.1.7.2.5.1
1.5.17428.11.2.1.3.1.11.1
1.5.17503.8.2.1
1.5.17521.6.2.1.4.4.30.3
1.5.17550.13.2.1
1.5.17743.14.2.1.1
1.5.17886.12.2.1.34.2.8
1.5.17900.9.2.1.2.3.9.4
1.5.18370.7.2.1.3
1.5.18422.11.2.1.8.1
1.5.18526.12.2.1.14.1.5
1.5.18559.10.2.1.27.2.4
1.5.18614.6.2.1
1.5.18623.12.2.1.9.3.5.6
1.5.18846.13.2.1.24
1.5.18871.10.2.1
1.5.18880.8.2.1.1.1.2.1.6
1.5.18909.10.2.1.2.2
1.5.19045.6.2.1.12.5
1.5.19071.23.2.1.27.8
1.5.19162.14.2.1.7.2.12.4
1.5.19201.7.2.1.1.1.11.4
1.5.19376.7.2.1
1.5.19421.5.2.1
1.5.19461.9.2.1.4.9.39.3
1.5.19471.8.2.1.1.1.2
1.5.19495.17.2.1.21.7.7.11.19
1.5.19593.7.2.1.17.3.3.2.7
1.5.19618.8.2.1.3.3
1.5.19873.10.2.1.8
1.5.19944.7.2.1.10.5.25.2.5
1.5.19945.19.2.1.15.1.2.2.15.52
1.5.19980.10.2.1.2.2.3.3
1.5.20023.8.2.1
1.5.20044.7.2.1.8.1.1.1
1.5.20089.7.2.1.3.6
1.5.20281.11.2.1.12.4.19.3
1.5.20309.6.2.1
1.5.20413.9.2.1.6.4.8.1.34
1.5.20461.15.2.1.7.4
1.5.20608.11.2.1
1.5.20806.7.2.1.8
1.5.21075.14.2.1.8.5.34.1.27.19
1.5.21137.8.2.1.1.2.16.1.2
1.5.21144.7.2.1
1.5.21173.10.2.1
1.5.21260.9.2.1.1.1.4
1.5.21454.11.2.1.14.7.14.1.1
1.5.21564.11.2.1.12.2.4.1
1.5.21688.9.2.1.2.1
1.5.21783.20.2.1.10
1.5.21939.6.2.1
1.5.22061.11.2.1.19.7.9.1.6
1.5.22094.9.2.1.11.3.30
1.5.22158.6.2.1.5.2
1.5.22212.6.2.1.3.2
1.5.22460.7.2.1.2.1.7.2.3
1.5.22569.14.2.1.15
1.5.22726.6.2.1.21.6
1.5.22756.14.2.1.10.6.6.1.7
1.5.22809.5.2.1.3.1
1.5.22864.12.2.1
1.5.22882.17.2.1.1
1.5.22902.14.2.1.1.1.33
1.5.23098.9.2.1.9.9.56
1.5.23266.25.2.1.5.2.9
1.5.23538.6.2.1.27.7.6.2.5.19
1.5.23617.12.2.1.1.3.20.6
1.5.23648.20.2.1.2.1.1
1.5.23709.8.2.1.9.8.23.7
1.5.23828.11.2.1.2.2
1.5.23831.17.2.1
1.5.23992.9.2.1.6.1.2
1.5.24035.17.2.1.10.3.8.4.15
1.5.24096.8.2.1
1.5.24146.8.2.1.16.2.8
1.5.24211.10.2.1.13.1.1.2.30
1.5.24332.7.2.1.6.2.4.1
1.5.24505.11.2.1.3.1.11.1
1.5.24580.8.2.1
1.5.24598.6.2.1.4.4.30.3
1.5.24627.13.2.1
1.5.24893.25.2.1.7.1
1.5.24896.11.2.1.4.1
1.5.24949.12.2.1.34.2.8
1.5.24963.9.2.1.2.3.9.4
1.5.25121.6.2.1.4.1
1.5.25281.9.2.1
1.5.25358.12.2.1.6.1.1.1
1.5.25443.10.2.1.2.2.3.4.17
1.5.25593.10.2.1.16.2.4
1.5.25670.14.2.1.2.1
1.5.25889.13.2.1.24
1.5.25931.5.2.1
1.5.26133.8.2.1.4.2
1.5.26198.9.2.1.6.1
1.5.26227.14.2.1.10.2.5.3
1.5.26266.7.2.1.1.1.11.4
1.5.26443.20.2.1.4.4
1.5.26487.13.2.1
1.5.26526.8.2.1.2.1.1.2.4
1.5.26550.17.2.1.21.7.7.11.12
1.5.26640.15.2.1.3.3
1.5.26652.14.2.1.21.3.12
1.5.26673.8.2.1.3.3
1.5.26818.10.2.1.7
1.5.26909.8.2.1.6.10.29
1.5.27010.17.2.1.2.2.3.2
1.5.27055.6.2.1
1.5.27110.11.2.1
1.5.27117.7.2.1.3.3
1.5.27324.12.2.1.12
1.5.27424.9.2.1.9.1
1.5.27462.9.2.1.9.1.3.2
1.5.27509.15.2.1.7.4
1.5.27671.6.2.1
1.5.27720.29.2.1.6.6
1.5.27861.10.2.1.13.1.2.1
1.5.27868.11.2.1.7
1.5.28137.5.2.1.7.5.42.12
1.5.28144.8.2.1.7.1.3.20.25
1.5.28221.7.2.1.3.2.4.1
1.5.28318.20.2.1.27.1.5
1.5.28330.10.2.1.47.4.7.4.3
1.5.28498.11.2.1.14.7.14.1.1
1.5.28553.8.2.1
1.5.28728.9.2.1.2.1
1.5.28816.7.2.1.26.12.62
1.5.28864.18.2.1.2
1.5.29197.6.2.1.5.2
1.5.29251.6.2.1.3.2
1.5.29380.10.2.1.1.2.8
1.5.29453.22.2.1.3.1
1.5.29475.8.2.1.3.1.1
1.5.29602.14.2.1.15
1.5.29674.6.2.1.12.1
1.5.29898.7.2.1.1.1
1.5.29907.12.2.1
1.5.29925.17.2.1.1
1.5.29945.14.2.1.1.1.33
1.5.29981.6.2.1.1.1.1.1
1.5.29981.6.2.1.5.4.5
1.5.30141.23.2.1.2.2.7
1.5.30162.17.2.1.10.3.5.1.6
1.5.30241.8.2.1.8.3
1.5.30621.6.2.1.4.1.2.10
1.5.30685.15.2.1
1.5.30747.11.2.1
1.5.30812.8.2.1.9.8.23.7
1.5.30904.7.2.1.2.2
1.5.31041.20.2.1.10.4
1.5.31153.8.2.1.5
1.5.31262.8.2.1.16.2.8
1.5.31319.10.2.1.6.1.1.2.44
1.5.31440.7.2.1.6.2.4.1
1.5.31463.8.2.1
1.5.31545.7.2.1.1.1
1.5.31623.11.2.1.3.1.11.1
1.5.31679.8.2.1.26
1.5.31741.13.2.1
1.5.31924.14.2.1.1
1.5.31941.26.2.1.1
1.5.32030.25.2.1.7.1
1.5.32033.11.2.1.4.1
1.5.32415.9.2.1
1.5.32495.12.2.1.6.1.1.1
1.5.32559.9.2.1.11.3.18.5
1.5.32579.10.2.1.2.2.3.4.17
1.5.32703.12.2.1.14.1.5
1.5.32736.10.2.1.27.2.4
1.5.32827.17.2.1.4.1
1.5.33020.13.2.1.24
1.5.33240.6.2.1.12.5
1.5.33273.10.2.1.9.4.11.1.13
1.5.33359.14.2.1.10.2.5.3
1.5.33572.6.2.1.14
1.5.33583.7.2.1
1.5.33666.8.2.1.2.1.1.2.4
1.5.33690.7.2.1.20.6.9
1.5.33793.7.2.1.17.3.3.2.7
1.5.33818.8.2.1.3.3
1.5.33963.10.2.1.7
1.5.34066.8.2.1.17
1.5.34130.5.2.1.13.5.12
1.5.34135.10.2.1.2.2.21.4
1.5.34165.10.2.1.2.2.3.3
1.5.34183.8.2.1.49.1.5
1.5.34473.12.2.1.17
1.5.34569.9.2.1.33.1
1.5.34607.9.2.1.9.1.3.2
1.5.34654.15.2.1.7.4
1.5.35054.10.2.1.13.1.2.1
1.5.35061.11.2.1.7
1.5.35344.14.2.1.8.5.23.1.28.8
1.5.35406.7.2.1.31.1.14
1.5.35484.14.2.1.2.2.3
1.5.35516.9.2.1.1.1.4
1.5.35712.14.2.1.15.2
1.5.35732.11.2.1.5
1.5.35782.8.2.1.15.3.27.2
1.5.35950.10.2.1.13.3.6.1
1.5.36038.7.2.1.26.12.63
1.5.36085.13.2.1.22.1.1
1.5.36298.11.2.1.19.7.9.1.6
1.5.36331.9.2.1.11.3.30
1.5.36448.6.2.1.3.2
1.5.36655.22.2.1.3.1
1.5.36677.8.2.1.13.4.15
1.5.36790.14.2.1.15
1.5.36989.14.2.1.10.6.6.1.7
1.5.37052.6.2.1.5.3
1.5.37088.7.2.1.1.1
1.5.37097.12.2.1
1.5.37115.17.2.1.1
1.5.37135.14.2.1.1.1.33
1.5.37192.56.2.1.9.5.7.3
1.5.37320.14.2.1.16.8.16
1.5.37329.12.2.1
1.5.37388.8.2.1.8.3
1.5.37483.25.2.1.5.2.9
1.5.37766.6.2.1.4.1.2.8
1.5.37820.10.2.1.7.2
1.5.37868.8.2.1.43
1.5.37953.8.2.1.9.8.23.7
1.5.38072.11.2.1.2.2
1.5.38075.17.2.1
1.5.38241.9.2.1.12.1.2
1.5.38284.17.2.1.10.3.8.4.15
1.5.38393.9.2.1.21
1.5.38439.32.2.1
1.5.38562.7.2.1.6.2.4.1
1.5.38809.8.2.1
1.5.38827.6.2.1.4.4.30.3
1.5.38856.13.2.1
1.5.39123.6.2.1.24.1
1.5.39512.9.2.1
1.5.39648.7.2.1.3
1.5.39686.9.2.1.5.4
1.5.39789.12.2.1.14.1.5
1.5.39822.10.2.1.27.2.4
1.5.40085.13.2.1.24
1.5.40110.10.2.1
1.5.40119.8.2.1.1.1.2.1.6
1.5.40147.16.2.1.16.6.60.5
1.5.40289.6.2.1.12.5
1.5.40320.10.2.1.9.4.13.1.13
1.5.40372.6.2.1.8.2.11.3
1.5.40617.6.2.1.13
1.5.40628.7.2.1
1.5.40711.8.2.1.2.1.1.2.4
1.5.40735.7.2.1.20.6.9
1.5.40838.7.2.1.17.3.3.2.7
1.5.40863.8.2.1.3.3
1.5.40878.10.2.1.7.2.9
1.5.41120.8.2.1.6.14.18
1.5.41179.7.2.1.10.5.25.2.5
1.5.41180.19.2.1.15.1.2.2.15.62
1.5.41215.10.2.1.2.2.3.3
1.5.41260.6.2.1
1.5.41326.7.2.1.3.6
1.5.41511.12.2.1.17
1.5.41541.22.2.1
1.5.41612.9.2.1.9.1
1.5.41650.9.2.1.9.1.3.2
1.5.41697.15.2.1.7.4
1.5.42077.6.2.1
1.5.42100.10.2.1.13.1.2.1
1.5.42289.15.2.1.1.1.1.1
1.5.42345.6.2.1.9.3
1.5.42365.15.2.1.3
1.5.42437.7.2.1
1.5.42466.10.2.1
1.5.42551.20.2.1.6.1.5
1.5.42831.8.2.1.15.3.27.2
1.5.42862.11.2.1.12.2.4.1
1.5.42993.6.2.1.15.3.24.7
1.5.43092.20.2.1.10
1.5.43412.8.2.1.4.2.6.4.41
1.5.43436.10.2.1.3.2.17.4.8
1.5.43531.6.2.1.3.2
1.5.43665.10.2.1.1.1.13
1.5.43778.7.2.1.2.1.7.2.3
1.5.43888.14.2.1.15
1.5.43963.6.2.1.12.1
1.5.44087.14.2.1.10.6.6.1.7
1.5.44134.16.2.1.2.1.5.2
1.5.44189.12.2.1
1.5.44207.17.2.1.1
1.5.44225.7.2.1.23.2.23.6.39
1.5.44437.17.2.1.10.3.5.1.6
1.5.44564.7.2.1
1.5.44611.25.2.1.5.2.9
1.5.44878.6.2.1.4.1.2.8
1.5.44957.12.2.1.1.1.1.1
1.5.44988.20.2.1.2.1.1
1.5.45053.8.2.1.9.8.23.7
1.5.45145.7.2.1.2.2
1.5.45179.11.2.1.2.2
1.5.45182.17.2.1
1.5.45341.9.2.1.12.1.2
1.5.45381.8.2.1.5
1.5.45436.5.2.1.6.1
1.5.45492.8.2.1.16.2.8
1.5.45681.11.2.1.1.1.5.2.3
1.5.45684.7.2.1.7.2.4.1
1.5.45784.7.2.1.1.1
1.5.45859.11.2.1.3.1.11.1
1.5.45917.6.2.1
1.5.45933.9.2.1.2.2
1.5.45974.13.2.1
1.5.46167.26.2.1.1
1.5.46252.25.2.1.7.1
1.5.46255.11.2.1.4.1
1.5.46322.9.2.1.2.3.9.4
1.5.46489.6.2.1.16.2
1.5.46654.9.2.1
1.5.46737.12.2.1.6.1.1.1
1.5.46870.24.2.1.9.1
1.5.46975.12.2.1.14.1.5
1.5.47008.10.2.1.27.2.4
1.5.47056.7.2.1.1.1.3.1
1.5.47063.12.2.1.15.3.5.5
1.5.47271.13.2.1.24
1.5.47308.5.2.1
1.5.47482.6.2.1.12.5
1.5.47564.9.2.1.6.1
1.5.47592.14.2.1.7.2.12.4
1.5.47722.18.2.1.16.2
1.5.47805.6.2.1.13
1.5.47816.7.2.1
1.5.47901.9.2.1.4.9.39.3
1.5.47911.8.2.1.1.1.2
1.5.47935.7.2.1.20.6.9
1.5.48038.7.2.1.17.3.3.2.7
1.5.48063.8.2.1.3.3
1.5.48078.10.2.1.7.2.9
1.5.48308.10.2.1.8
1.5.48371.15.2.1.3.2.42
1.5.48376.12.2.1.15.7
1.5.48398.10.2.1.2.2.3.3
1.5.48515.7.2.1.3.5
1.5.48843.9.2.1.6.4.8.1.85
1.5.48891.15.2.1.7.4
1.5.49246.7.2.1.2.1.1
1.5.49257.11.2.1.9
1.5.49516.6.2.1.29.7
1.5.49538.15.2.1.3
1.5.49593.8.2.1.1.2.16.1.2
1.5.49600.7.2.1
1.5.49623.10.2.1
1.5.49713.9.2.1.1.1.4
1.5.49910.11.2.1.14.4.7.1.1
1.5.50020.11.2.1.12.2.4.1
1.5.50144.9.2.1.2.1
1.5.50239.20.2.1.10
1.5.50303.18.2.1.2
1.5.50692.6.2.1.3.2
1.5.50814.10.2.1.1.1.13
1.5.50894.22.2.1.3.1
1.5.50916.8.2.1.13.4.15
1.5.51029.14.2.1.15
1.5.51187.6.2.1.19.4
1.5.51217.14.2.1.10.6.6.1.7
1.5.51270.5.2.1.3.1
1.5.51312.7.2.1.1.1
1.5.51321.12.2.1
1.5.51339.17.2.1.1
1.5.51357.7.2.1.23.2.23.6.35
1.5.51565.8.2.1.5.1.6
1.5.52020.6.2.1.4.1.2.8
1.5.52144.11.2.1
1.5.52209.8.2.1.9.8.23.7
1.5.52304.7.2.1.2.2
1.5.52338.11.2.1.2.2
1.5.52341.17.2.1
1.5.52514.7.2.1.20.3.15
1.5.52556.8.2.1.5
1.5.52614.5.2.1.6.1
1.5.52670.8.2.1.16.2.8
1.5.52729.32.2.1
1.5.52852.7.2.1.6.2.4.1
1.5.53041.11.2.1.3.1.11.1
1.5.53111.6.2.1.4.4.30.3
1.5.53140.13.2.1
1.5.53319.14.2.1.1
1.5.53635.6.2.1.4.1
1.5.54009.9.2.1.5.4
1.5.54037.7.2.1.2.6.42.7.33
1.5.54102.12.2.1.14.1.5
1.5.54135.10.2.1.27.2.4
1.5.54218.17.2.1.4.1
1.5.54413.13.2.1.24
1.5.54448.10.2.1
1.5.54457.8.2.1.1.1.2.1.6
1.5.54486.10.2.1.2.2
1.5.54649.8.2.1.4.2
1.5.54671.9.2.1.10
1.5.54715.6.2.1.8.2.11.3
1.5.54957.6.2.1.14
1.5.54968.7.2.1
1.5.55063.8.2.1.2.1.1.2.4
1.5.55087.7.2.1.20.6.9
1.5.55184.7.2.1.17.3.3.2.7
1.5.55209.8.2.1.3.3
1.5.55352.10.2.1.7
1.5.55426.23.2.1.18.1.2.2
1.5.55451.8.2.1.6.14.18
1.5.55549.10.2.1.2.2.3.3
1.5.55594.6.2.1
1.5.55615.7.2.1.8.1.1.1
1.5.55649.11.2.1
1.5.55656.7.2.1.3.3
1.5.55990.9.2.1.9.1.3.2
1.5.56037.15.2.1.7.4
1.5.56199.6.2.1
1.5.56380.10.2.1.13.1.2.1
1.5.56387.11.2.1.7
1.5.56643.6.2.1.9.3
1.5.56663.15.2.1.3
1.5.56736.7.2.1.3.2.4.1
1.5.56761.10.2.1
1.5.56845.20.2.1.6.1.5
1.5.57034.11.2.1.14.7.14.1.1
1.5.57113.8.2.1.15.3.27.2
1.5.57282.10.2.1.13.3.6.1
1.5.57370.7.2.1.26.12.63
1.5.57639.11.2.1.19.7.9.1.6
1.5.57675.9.2.1.11.3.28
1.5.57723.15.2.1.1.1.7.3
1.5.57723.15.2.1.2.2
1.5.57732.6.2.1.5.2
1.5.57786.6.2.1.3.2
1.5.58023.8.2.1.13.4.15
1.5.58136.14.2.1.15
1.5.58211.6.2.1.12.1
1.5.58297.6.2.1.19.4
1.5.58327.14.2.1.10.6.6.1.7
1.5.58390.6.2.1.5.3
1.5.58430.9.2.1
1.5.58444.8.2.1.3.1.2
1.5.58463.13.2.1.19
1.5.58692.17.2.1.10.3.5.1.6
1.5.58824.7.2.1
1.5.58871.25.2.1.5.2.9
1.5.59256.14.2.1.20.3.6
1.5.59341.8.2.1.9.8.23.7
1.5.59460.11.2.1.2.2
1.5.59463.17.2.1
1.5.59563.20.2.1.9.5
1.5.59648.7.2.1.19.3.18
1.5.59690.8.2.1.5
1.5.59742.5.2.1.6.1
1.5.59798.8.2.1.16.2.8
1.5.59857.32.2.1
1.5.59980.7.2.1.6.2.4.1
1.5.60080.7.2.1.1.1
1.5.60155.11.2.1.3.1.11.1
1.5.60223.9.2.1.2.2
1.5.60264.13.2.1
1.5.60543.25.2.1.7.1
1.5.60546.11.2.1.4.1
1.5.60613.9.2.1.2.3.9.4
1.5.60951.9.2.1
1.5.61105.10.2.1.2.2.3.4.17
1.5.61230.12.2.1.14.1.5
1.5.61263.10.2.1.27.2.4
1.5.61515.13.2.1.24
1.5.61550.10.2.1
1.5.61559.8.2.1.1.1.2.1.6
1.5.61587.16.2.1.16.6.60.5
1.5.61758.8.2.1.4.2
1.5.61780.9.2.1.10
1.5.61857.14.2.1.10.2.5.3
1.5.61896.7.2.1.1.1.11.4
1.5.62072.6.2.1.14
1.5.62083.7.2.1
1.5.62168.9.2.1.4.9.39.3
1.5.62178.8.2.1.1.1.2
1.5.62202.7.2.1.20.6.9
1.5.62306.7.2.1.17.3.3.2.7
1.5.62331.8.2.1.3.3
1.5.62586.10.2.1.8
1.5.62654.5.2.1.13.5.12
1.5.62659.10.2.1.2.2.21.4
1.5.62694.10.2.1.2.2.3.3
1.5.62712.7.2.1.46.3.7.1.3
1.5.63016.12.2.1.13
1.5.63142.9.2.1.9.1.3.2
1.5.63189.15.2.1.7.4
1.5.63587.10.2.1.13.1.2.1
1.5.63855.6.2.1.29.7
1.5.63875.15.2.1.3
1.5.63930.8.2.1.1.2.16.1.2
1.5.63937.7.2.1
1.5.63966.10.2.1
1.5.64049.11.2.1.3.1.5
1.5.64061.10.2.1.23.4.7.4.3
1.5.64321.8.2.1.15.3.27.2
1.5.64506.6.2.1.15.3.24.7
1.5.64598.7.2.1.26.12.63
1.5.64740.6.2.1
1.5.64953.15.2.1.1.1.7.3
1.5.64953.15.2.1.2.2
1.5.65013.6.2.1.3.2
1.5.65144.10.2.1.1.2.8
1.5.65250.8.2.1.3.1.1
1.5.65377.14.2.1.15
1.5.65584.14.2.1.10.6.6.1.7
1.5.65643.6.2.1.5.3
1.5.65685.7.2.1.1.1
1.5.65694.12.2.1
1.5.65712.17.2.1.1
1.5.65740.16.2.1.8
1.5.65950.17.2.1.10.3.5.1.6
1.5.66495.20.2.1.2.1.1
1.5.66556.8.2.1.9.8.23.7
1.5.66648.7.2.1.2.2
1.5.66682.11.2.1.2.2
1.5.66685.17.2.1
1.5.66855.7.2.1.19.3.18
1.5.66897.8.2.1.5
1.5.66949.5.2.1.6.1
1.5.67005.8.2.1.16.2.8
1.5.67070.10.2.1.13.1.1.2.30
1.5.67187.11.2.1.1.1.5.2.3
1.5.67190.7.2.1.7.2.4.1
1.5.67376.11.2.1.3.1.11.1
1.5.67432.8.2.1.26
1.5.67494.13.2.1
1.5.67688.26.2.1.1
1.5.67777.11.2.1.4.1
1.5.68000.6.2.1.16.2
1.5.68174.9.2.1
1.5.68254.12.2.1.6.1.1.1
1.5.68374.9.2.1.5.4
1.5.68502.10.2.1.16.2.4
1.5.68586.17.2.1.4.1
1.5.68753.13.2.1.24
1.5.68778.10.2.1
1.5.68787.8.2.1.1.1.2.1.6
1.5.68815.16.2.1.16.6.60.5
1.5.68954.6.2.1.12.5
1.5.68987.10.2.1.9.4.11.1.13
1.5.69042.9.2.1.6.1
1.5.69071.14.2.1.10.2.5.3
1.5.69203.18.2.1.16.2
1.5.69302.20.2.1.4.4
1.5.69346.13.2.1
1.5.69385.8.2.1.2.1.1.2.4
1.5.69409.7.2.1.20.6.9
1.5.69499.15.2.1.3.3
1.5.69511.14.2.1.21.3.12
1.5.69532.8.2.1.3.3
1.5.69547.10.2.1.7.2.9
1.5.69673.10.2.1.8
1.5.69771.7.2.1.2.6.13
1.5.69874.10.2.1.2.2.3.3
1.5.70170.13.2.1.3.2
1.5.70193.14.2.1.6.1
1.5.70217.22.2.1
1.5.70288.9.2.1.19.1
1.5.70326.9.2.1.9.1.3.2
1.5.70373.15.2.1.7.4
1.5.70748.7.2.1.2.1.1
1.5.70761.13.2.1.3
1.5.71047.17.2.1.6.1.4
1.5.71102.8.2.1.1.2.16.1.2
1.5.71109.7.2.1
1.5.71138.10.2.1
1.5.71238.7.2.1.6
1.5.71403.11.2.1.14.4.7.1.1
1.5.71482.8.2.1.15.3.27.2
1.5.71642.14.2.1.6.6.13.2.8.24
1.5.71738.20.2.1.10
1.5.71800.18.2.1.2
1.5.71903.6.2.1
1.6.30.8.2.1.12.5.14
1.6.72.8.2.1.9
1.6.147.8.2.1.1.1.1
1.6.223.8.2.1.4.2
1.6.286.8.2.1.6.1.17.2
1.6.371.8.2.1.3.1.24
1.6.493.8.2.1.19
1.6.628.8.2.1.10
1.6.713.8.2.1.3
1.6.809.8.2.1
1.6.848.8.2.1.40.1.3.2
1.6.904.8.2.1
1.6.973.8.2.1.10.1.1.1
1.6.993.8.2.1.23.2.8
1.6.1014.8.2.1.11.1.22
1.6.1054.8.2.1.2.1
1.6.1149.8.2.1.7.7.14.3
1.6.1199.8.2.1.4.1.2.9
1.6.1227.8.2.1.20.6.19.1.2
1.6.1381.8.2.1.1.1.1.4
1.6.1409.8.2.1.11
1.6.1688.8.2.1.7.1
1.6.1800.8.2.1.6.2.1
1.6.1800.8.2.1.8.1.7
1.6.1812.8.2.1.1
1.6.1836.8.2.1
1.6.1924.8.2.1.22
1.6.1943.8.2.1.3.1
1.6.2045.8.2.1
1.6.2223.8.2.1.21.2
1.6.2228.8.2.1
1.6.2247.8.2.1.11.2.3.2.37
1.6.2282.8.2.1
1.6.2317.8.2.1.27
1.6.2359.8.2.1.2.1.2.4
1.6.2384.8.2.1.12.2
1.6.2387.8.2.1.3.1
1.6.2400.8.2.1
1.6.2406.8.2.1.2.1
1.6.2441.8.2.1.14.2.3
1.6.2498.8.2.1.6.1
1.6.2662.8.2.1.8.1.2
1.6.2736.8.2.1.1.1.5.2
1.6.2848.8.2.1.12.1.1.1.47
1.6.2909.8.2.1.14.2.13.2.20
1.6.2919.8.2.1
1.6.2949.8.2.1.2.1
1.6.3126.8.2.1.13.6.29.3
1.6.3138.8.2.1.3.2.6
1.6.3232.8.2.1
1.6.3667.8.2.1
1.6.3831.8.2.1.32
1.6.3832.8.2.1.38.1.10.2
1.6.3955.8.2.1.15
1.6.4030.8.2.1.6.4.20.1
1.6.4088.8.2.1.2.2.22.2.12
1.6.4193.8.2.1
1.6.4284.8.2.1.13.8.17.7
1.6.4481.8.2.1.8
1.6.4725.8.2.1.2.4.7.8.18
1.6.5137.8.2.1.16.6
1.6.5204.8.2.1.1.1.1.1.25
1.6.5224.8.2.1.1
1.6.5265.8.2.1.11.5
1.6.5378.8.2.1.6.1
1.6.5544.8.2.1.44.1.1.1.7
1.6.5649.8.2.1.3
1.6.5738.8.2.1.10.1
1.6.5790.8.2.1.12.1.1
1.6.5888.8.2.1.1
1.6.6028.8.2.1.1.1
1.6.6081.8.2.1.16.7.13.4
1.6.6103.8.2.1.4.2
1.6.6233.8.2.1
1.6.6321.8.2.1.8.2
1.6.6365.8.2.1.1.1.2.1
1.6.6720.8.2.1.6.3.6.2.24.14
1.6.6729.8.2.1.4.3.5
1.6.7029.8.2.1.2.2.10.3
1.6.7040.8.2.1.9.2.10
1.6.7127.8.2.1.5
1.6.7272.8.2.1.11.5.11
1.6.7398.8.2.1.1.4.16.1.2
1.6.7488.8.2.1.4
1.6.7560.8.2.1.3.2.4.6
1.6.7601.8.2.1.26.3
1.6.7738.8.2.1.12.1.35.1
1.6.7854.8.2.1.2
1.6.7928.8.2.1.22.2
1.6.7940.8.2.1.12.2.2.2
1.6.8038.8.2.1.9.1.2.1
1.6.8191.8.2.1.2.2.19
1.6.8292.8.2.1.1.1.1
1.6.8368.8.2.1.4.2
1.6.8431.8.2.1.6.1.17.2
1.6.8532.8.2.1.21
1.6.8647.8.2.1.12.2.12
1.6.8881.8.2.1.3
1.6.8974.8.2.1.1.1
1.6.9014.8.2.1.5
1.6.9076.8.2.1
1.6.9143.8.2.1.10.1.1.1
1.6.9163.8.2.1.23.2.8
1.6.9184.8.2.1.11.1.22
1.6.9224.8.2.1.2.1
1.6.9227.8.2.1.2.1.4
1.6.9405.8.2.1.3.3.8.1.10
1.6.9424.8.2.1.23.1.40
1.6.9617.8.2.1.11
1.6.9913.8.2.1.1.1
1.6.10041.8.2.1.6.2.1
1.6.10041.8.2.1.8.1.7
1.6.10053.8.2.1.1
1.6.10075.8.2.1
1.6.10163.8.2.1.22
1.6.10278.8.2.1
1.6.10453.8.2.1.21.2
1.6.10483.8.2.1.16.2.5
1.6.10511.8.2.1
1.6.10546.8.2.1.27
1.6.10588.8.2.1.2.1.2.4
1.6.10613.8.2.1.12.2
1.6.10616.8.2.1.3.1
1.6.10629.8.2.1
1.6.10635.8.2.1.2.1
1.6.10671.8.2.1.14.2.3
1.6.10728.8.2.1.6.1
1.6.10889.8.2.1.4
1.6.10916.8.2.1.23.1
1.6.10976.8.2.1.1.1.5.2
1.6.11104.8.2.1
1.6.11145.8.2.1.7.1
1.6.11176.8.2.1.5.2.2.1
1.6.11461.8.2.1
1.6.11816.8.2.1.11.1.1
1.6.11883.8.2.1
1.6.12047.8.2.1.32
1.6.12048.8.2.1.38.1.10.2
1.6.12090.8.2.1
1.6.12310.8.2.1.5.4.8.1.6
1.6.12363.8.2.1.2
1.6.12408.8.2.1.13
1.6.12413.8.2.1.6.2.14.7
1.6.12429.8.2.1
1.6.12508.8.2.1.13.8.17.7
1.6.12693.8.2.1.14.7.34.4
1.6.12962.8.2.1.6
1.6.13429.8.2.1.1.1.1.1.29
1.6.13449.8.2.1.1
1.6.13490.8.2.1.11.5
1.6.13602.8.2.1.6.1
1.6.13617.8.2.1.6
1.6.13761.8.2.1.27.1.1.1.34
1.6.13767.8.2.1.1
1.6.13861.8.2.1.2.3.7.1.2
1.6.13996.8.2.1.10.1.1.2.1
1.6.14088.8.2.1.1
1.6.14318.8.2.1.4.2
1.6.14439.8.2.1
1.6.14571.8.2.1.1.1.2.1
1.6.14749.8.2.1
1.6.14964.8.2.1.6.3.6.2.24.14
1.6.14978.8.2.1.4.3.6
1.6.14998.8.2.1.9.3
1.6.15049.8.2.1.5.4.18.1
1.6.15211.8.2.1.3.1
1.6.15282.8.2.1.8.3.9.1.2
1.6.15358.8.2.1.7
1.6.15503.8.2.1.11.5.11
1.6.15723.8.2.1.4
1.6.15840.8.2.1.26.3
1.6.15961.8.2.1.7.1.17.1
1.6.16087.8.2.1.2
1.6.16158.8.2.1.16.3.8.4.36
1.6.16169.8.2.1.9.4.5.2
1.6.16256.8.2.1.5.1.2.9
1.6.16413.8.2.1.12.5.14
1.6.16451.8.2.1.10.10.33.1.33
1.6.16516.8.2.1.26.5.7
1.6.16521.8.2.1
1.6.16597.8.2.1.4.2
1.6.16659.8.2.1.6.1.17.2
1.6.16760.8.2.1.21
1.6.16885.8.2.1.12.2.12
1.6.17028.8.2.1.33.1.3.2.5
1.6.17079.8.2.1.16.6
1.6.17096.8.2.1.3
1.6.17148.8.2.1
1.6.17187.8.2.1.1.1
1.6.17227.8.2.1.5
1.6.17283.8.2.1
1.6.17354.8.2.1.10.2
1.6.17357.8.2.1.1.1
1.6.17377.8.2.1.10
1.6.17438.8.2.1.2
1.6.17610.8.2.1.3.3.8.1.10
1.6.17629.8.2.1.23.1.40
1.6.17838.8.2.1.7
1.6.18125.8.2.1.7.1
1.6.18282.8.2.1
1.6.18370.8.2.1.22
1.6.18475.8.2.1
1.6.18633.8.2.1.2.2.6.5
1.6.18696.8.2.1.4
1.6.18727.8.2.1
1.6.18762.8.2.1.27
1.6.18814.8.2.1.4
1.6.18830.8.2.1.8.1
1.6.18849.8.2.1
1.6.18855.8.2.1.2.1
1.6.18891.8.2.1.14.2.3
1.6.18949.8.2.1.6.1
1.6.19112.8.2.1
1.6.19117.8.2.1.28
1.6.19144.8.2.1.23.1
1.6.19204.8.2.1.1.1.5.2
1.6.19314.8.2.1.12.1.1.1.47
1.6.19323.8.2.1.11.3.6.1
1.6.19338.8.2.1
1.6.19387.8.2.1
1.6.19406.8.2.1.2.1
1.6.19681.8.2.1
1.6.20069.8.2.1
1.6.20230.8.2.1.22
1.6.20231.8.2.1.28.1.13.2
1.6.20273.8.2.1
1.6.20364.8.2.1.15
1.6.20474.8.2.1.7
1.6.20487.8.2.1.6.1.19
1.6.20540.8.2.1.2
1.6.20594.8.2.1
1.6.20690.8.2.1.1.1.3.5
1.6.20908.8.2.1.8
1.6.21159.8.2.1.8
1.6.21614.8.2.1.1.1.1.1.24
1.6.21634.8.2.1.1
1.6.21667.8.2.1.2.1.11
1.6.21786.8.2.1.6.1
1.6.21946.8.2.1.44.1.1.1.7
1.6.22034.8.2.1.3
1.6.22181.8.2.1.19.3.8.2.3
1.6.22272.8.2.1.1
1.6.22412.8.2.1.1.1
1.6.22492.8.2.1.4.2
1.6.22723.8.2.1.8.2
1.6.22765.8.2.1.1.1.2.1
1.6.22923.8.2.1
1.6.23143.8.2.1.6.3.6.2.24.14
1.6.23157.8.2.1.4.3.5
1.6.23229.8.2.1.5.4.18.1
1.6.23337.8.2.1.8.1.1.1
1.6.23366.8.2.1.3.1
1.6.23435.8.2.1.8.3.9.1.2
1.6.23518.8.2.1.13
1.6.23524.8.2.1.17.2.4.1
1.6.23667.8.2.1.11.5.11
1.6.23809.8.2.1.8
1.6.23893.8.2.1.4
1.6.24010.8.2.1.26.3
1.6.24160.8.2.1.20.5.11.4.18.44
1.6.24267.8.2.1.2
1.6.24336.8.2.1.22.2
1.6.24348.8.2.1.12.2.2.2
1.6.24435.8.2.1.5.1.2.9
1.6.24569.8.2.1
1.6.24617.8.2.1.12.5.14
1.6.24659.8.2.1.9
1.6.24688.8.2.1.2.1
1.6.24727.8.2.1.26.5.7
1.6.24732.8.2.1
1.6.24808.8.2.1.4.2
1.6.24870.8.2.1.6.1.17.2
1.6.24954.8.2.1.2
1.6.25065.8.2.1.19
1.6.25267.8.2.1.16.6
1.6.25284.8.2.1.3
1.6.25380.8.2.1
1.6.25419.8.2.1.40.1.3.2
1.6.25469.8.2.1
1.6.25540.8.2.1.10.2
1.6.25543.8.2.1.1.1
1.6.25577.8.2.1.11.1.30
1.6.25615.8.2.1.2
1.6.25759.8.2.1
1.6.25779.8.2.1.2.1.2.3
1.6.25786.8.2.1.1
1.6.25811.8.2.1.16
1.6.26002.8.2.1.7
1.6.26031.8.2.1.3.2
1.6.26301.8.2.1.7.1
1.6.26528.8.2.1.22
1.6.26547.8.2.1.3.1
1.6.26649.8.2.1
1.6.26832.8.2.1.2.2.6.5
1.6.26890.8.2.1.6.3.6.1.2
1.6.26927.8.2.1.2.1.2
1.6.27009.8.2.1.8.1
1.6.27028.8.2.1
1.6.27034.8.2.1.2.1
1.6.27070.8.2.1.14.2.3
1.6.27290.8.2.1
1.6.27295.8.2.1.28
1.6.27321.8.2.1.23.1
1.6.27381.8.2.1.1.1.5.2
1.6.27491.8.2.1.12.1.1.1.47
1.6.27500.8.2.1.11.3.6.1
1.6.27515.8.2.1
1.6.27592.8.2.1.2.1
1.6.27762.8.2.1.13.6.29.3
1.6.27774.8.2.1.3.2.6
1.6.27872.8.2.1
1.6.28264.8.2.1.9.1.1
1.6.28331.8.2.1
1.6.28491.8.2.1.5
1.6.28515.8.2.1
1.6.28763.8.2.1.5.4.8.1.6
1.6.28823.8.2.1.2
1.6.28865.8.2.1.13
1.6.28870.8.2.1.6.2.14.7
1.6.28886.8.2.1
1.6.28965.8.2.1.1.1.3.4
1.6.29090.8.2.1.14.4.10.4
1.6.29164.8.2.1.7
1.6.29223.8.2.1.19.2
1.6.29464.8.2.1.6
1.6.29525.8.2.1.9.5
1.6.29789.8.2.1
1.6.29794.8.2.1.6.8.12
1.6.29794.8.2.1.7.9
1.6.29922.8.2.1.1.1.1.1.24
1.6.29942.8.2.1.1
1.6.29983.8.2.1.11.5
1.6.30095.8.2.1.6.1
1.6.30110.8.2.1.6
1.6.30245.8.2.1.35.1.1.1.24.6
1.6.30343.8.2.1.3
1.6.30407.8.2.1
1.6.30419.8.2.1.3.1.2.1.24
1.6.30481.8.2.1.12.1.1
1.6.30564.8.2.1.1
1.6.30784.8.2.1.4.2
1.6.30929.8.2.1
1.6.30999.8.2.1.8.2
1.6.31041.8.2.1.1.1.2.1
1.6.31211.8.2.1
1.6.31416.8.2.1.6
1.6.31665.8.2.1.3.1
1.6.31724.8.2.1.2.2.5.6.53
1.6.31731.8.2.1.5
1.6.31795.8.2.1.7
1.6.31937.8.2.1.11.5.11
1.6.32072.8.2.1.1.4.16.1.2
1.6.32162.8.2.1.4
1.6.32234.8.2.1.3.2.4.6
1.6.32275.8.2.1.26.3
1.6.32415.8.2.1.20.5.11.4.23.30
1.6.32538.8.2.1.4.1.28.4.14
1.6.32610.8.2.1.16.3.8.4.31
1.6.32621.8.2.1.9.4.5.2
1.6.32705.8.2.1.5.1.2.8
1.6.32867.8.2.1.12.5.14
1.6.32892.8.2.1.9
1.6.32921.8.2.1
1.6.32958.8.2.1.1.1.1
1.6.33034.8.2.1.4.2
1.6.33097.8.2.1.6.1.17.2
1.6.33192.8.2.1.21
1.6.33311.8.2.1.12.2.12
1.6.33473.8.2.1.10
1.6.33528.8.2.1.16.6
1.6.33545.8.2.1.3
1.6.33641.8.2.1
1.6.33680.8.2.1.40.1.3.2
1.6.33724.8.2.1
1.6.33801.8.2.1.2.2
1.6.33813.8.2.1.25.2.8
1.6.33834.8.2.1.11.1.22
1.6.33968.8.2.1.7.7.14.3
1.6.34037.8.2.1.3.3.8.1.10
1.6.34058.8.2.1.10.1.37
1.6.34215.8.2.1.1.1.1.4
1.6.34243.8.2.1.11
1.6.34534.8.2.1.7.1
1.6.34754.8.2.1.22
1.6.35044.8.2.1.21.2
1.6.35049.8.2.1
1.6.35064.8.2.1.16.1.1
1.6.35064.8.2.1.16.1.3
1.6.35100.8.2.1
1.6.35135.8.2.1.27
1.6.35180.8.2.1.27.11
1.6.35205.8.2.1.7.6
1.6.35208.8.2.1.3.1
1.6.35221.8.2.1
1.6.35227.8.2.1.2.1
1.6.35263.8.2.1.14.2.3
1.6.35320.8.2.1.6.1
1.6.35483.8.2.1
1.6.35488.8.2.1.28
1.6.35515.8.2.1.23.1
1.6.35651.8.2.1
1.6.35694.8.2.1.12.1.1.1.10
1.6.35716.8.2.1
1.6.35755.8.2.1.2.1.2.1
1.6.36030.8.2.1.24.9
1.6.36064.8.2.1.2.1.1.1
1.6.36065.8.2.1
1.6.36269.8.2.1
1.6.36479.8.2.1
1.6.36643.8.2.1.32
1.6.36644.8.2.1.38.1.10.2
1.6.36686.8.2.1
1.6.36922.8.2.1.5.4.8.1.6
1.6.36975.8.2.1.2
1.6.37035.8.2.1
1.6.37126.8.2.1.13.8.17.7
1.6.37327.8.2.1.7
1.6.37355.8.2.1
1.6.37378.8.2.1.19.2
1.6.37451.8.2.1.1.1.2.2
1.6.37567.8.2.1
1.6.37604.8.2.1.8
1.6.37665.8.2.1.9.5
1.6.37930.8.2.1.11.4.24.7
1.6.38089.8.2.1.1.1.1.1.24
1.6.38109.8.2.1.1
1.6.38142.8.2.1.2.1.11
1.6.38259.8.2.1.6.1
1.6.38414.8.2.1.59.1.1.1.7
1.6.38523.8.2.1.4.2.33
1.6.38607.8.2.1.10.1
1.6.38660.8.2.1.12.1.1
1.6.38743.8.2.1.1
1.6.38957.8.2.1.4.2
1.6.39100.8.2.1
1.6.39244.8.2.1.1.1.2.1
1.6.39600.8.2.1.4.2
1.6.39635.8.2.1.6.3.6.2.24.20
1.6.39651.8.2.1.4.1.10.3
1.6.39725.8.2.1.5.4.18.1
1.6.39886.8.2.1.3.1
1.6.39945.8.2.1.2.2.5.6.53
1.6.39952.8.2.1.7.2.24
1.6.40038.8.2.1.13
1.6.40044.8.2.1.17.2.4.1
1.6.40178.8.2.1.11.5.11
1.6.40400.8.2.1.4
1.6.40472.8.2.1.3.2.4.6
1.6.40513.8.2.1.26.3
1.6.40650.8.2.1.20.5.11.4.26.27
1.6.40763.8.2.1.2
1.6.40837.8.2.1.22.2
1.6.40849.8.2.1.12.2.2.2
1.6.40936.8.2.1.5.1.2.9
1.6.41072.8.2.1
1.6.41120.8.2.1.12.5.14
1.6.41240.8.2.1.26.5.7
1.6.41244.8.2.1.38.7.18.4
1.6.41245.8.2.1
1.6.41319.8.2.1.4.2
1.6.41382.8.2.1.6.1.17.2
1.6.41482.8.2.1.3.1.24
1.6.41602.8.2.1.12.2.12
1.6.41723.8.2.1.10
1.6.41812.8.2.1.3
1.6.41901.8.2.1.1.1
1.6.41941.8.2.1.5
1.6.42004.8.2.1
1.6.42078.8.2.1
1.6.42094.8.2.1.5.5.19.1.30
1.6.42114.8.2.1.16.1.8.3.5
1.6.42151.8.2.1.2.1
1.6.42318.8.2.1.3.3.8.1.10
1.6.42337.8.2.1.23.1.40
1.6.42434.8.2.1.2.2.5.2
1.6.42438.8.2.1.6.1.7.4
1.6.42554.8.2.1.7
1.6.42869.8.2.1.3.1
1.6.42993.8.2.1.4.4.20
1.6.43100.8.2.1.22
1.6.43218.8.2.1
1.6.43425.8.2.1.21.2
1.6.43456.8.2.1.6.3.6.1.2
1.6.43494.8.2.1.2.1.2
1.6.43574.8.2.1.7.6
1.6.43577.8.2.1.3.1
1.6.43590.8.2.1
1.6.43596.8.2.1.2.1
1.6.43632.8.2.1.14.2.3
1.6.43695.8.2.1.11
1.6.43854.8.2.1
1.6.43859.8.2.1.28
1.6.43885.8.2.1.23.1
1.6.43947.8.2.1.1.1.5.2
1.6.44053.8.2.1.12.1.1.1.47
1.6.44075.8.2.1
1.6.44104.8.2.1.30.1
1.6.44135.8.2.1.5.2.2.1
1.6.44419.8.2.1
1.6.44784.8.2.1.11.1.1
1.6.44851.8.2.1
1.6.44998.8.2.1.4.1
1.6.45043.8.2.1
1.6.45156.8.2.1.15
1.6.45230.8.2.1
1.6.45293.8.2.1.5.4.8.1.6
1.6.45348.8.2.1.2
1.6.45408.8.2.1
1.6.45443.8.2.1.7.4
1.6.45484.8.2.1.12.5.6.5
1.6.45663.8.2.1.8
1.6.45764.8.2.1.1.1.2.2
1.6.45933.8.2.1.8
1.6.45994.8.2.1.9.5
1.6.46395.8.2.1.1.1.1.1.24
1.6.46413.8.2.1.1.1.17.4.4
1.6.46546.8.2.1.6.1
1.6.46561.8.2.1.6
1.6.46708.8.2.1.35.1.1.1.22
1.6.46811.8.2.1.4.2.31
1.6.46875.8.2.1.3.1.2.1.10
1.6.46935.8.2.1.19.3.9.3.5
1.6.47026.8.2.1.1
1.6.47223.8.2.1.16.7.13.4
1.6.47248.8.2.1.4.2
1.6.47392.8.2.1
1.6.47518.8.2.1.1.1.2.1
1.6.47864.8.2.1.3.1.4.3
1.6.47880.8.2.1.4.3.5
1.6.47952.8.2.1.5.4.18.1
1.6.48082.8.2.1.8.1.1.1
1.6.48111.8.2.1.3.1
1.6.48267.8.2.1.7
1.6.48409.8.2.1.11.5.11
1.6.48533.8.2.1.1.4.16.1.2
1.6.48625.8.2.1.4
1.6.48742.8.2.1.26.3
1.6.48877.8.2.1.20.5.11.4.18.32
1.6.48971.8.2.1.2
1.6.49042.8.2.1.16.3.8.4.36
1.6.49053.8.2.1.9.4.5.2
1.6.49127.8.2.1.5.1.2.9
1.6.49290.8.2.1.2.2.19
1.6.49370.8.2.1.2.1
1.6.49409.8.2.1.26.5.7
1.6.49414.8.2.1
1.6.49488.8.2.1.4.2
1.6.49550.8.2.1.6.1.17.2
1.6.49650.8.2.1.3.1.24
1.6.49772.8.2.1.14.3.8
1.6.49991.8.2.1.3
1.6.50087.8.2.1
1.6.50126.8.2.1.40.1.3.2
1.6.50170.8.2.1
1.6.50241.8.2.1.10.2
1.6.50244.8.2.1.1.1
1.6.50278.8.2.1.11.1.30
1.6.50325.8.2.1.2
1.6.50484.8.2.1.2.1.2.3
1.6.50512.8.2.1.20.6.21.1.2
1.6.50609.8.2.1.2.2.5.2
1.6.50613.8.2.1.6.1.7.4
1.6.50679.8.2.1.1.1.1.4
1.6.50707.8.2.1.11
1.6.50794.8.2.1.8
1.6.50986.8.2.1.7.1
1.6.51069.8.2.1
1.6.51129.8.2.1
1.6.51217.8.2.1.22
1.6.51332.8.2.1
1.6.51490.8.2.1.2.2.6.5
1.6.51522.8.2.1
1.6.51537.8.2.1.16.1.1
1.6.51537.8.2.1.16.1.3
1.6.51573.8.2.1
1.6.51608.8.2.1.27
1.6.51739.8.2.1.14.2.3
1.6.51961.8.2.1.8.1.2
1.6.52035.8.2.1.1.1.5.2
1.6.52169.8.2.1
1.6.52198.8.2.1.30.1
1.6.52512.8.2.1.2.1.1.1
1.6.52513.8.2.1
1.6.52936.8.2.1
1.6.53080.8.2.1.27
1.6.53082.8.2.1.1.1.20.5
1.6.53085.8.2.1
1.6.53333.8.2.1.7
1.6.53357.8.2.1.5.4.8.1.6
1.6.53410.8.2.1.2
1.6.53455.8.2.1.13
1.6.53460.8.2.1.6.2.14.7
1.6.53476.8.2.1
1.6.53572.8.2.1.1.1.3.4
1.6.53775.8.2.1.7
1.6.53809.8.2.1
1.6.53832.8.2.1.19.2
1.6.53905.8.2.1.1.1.2.2
1.6.54069.8.2.1.4.4.10.10.68
1.6.54131.8.2.1.9.5
1.6.54536.8.2.1.1.1.1.1.24
1.6.54554.8.2.1.1.1.17.4.4
1.6.54595.8.2.1.8.3.9.3
1.6.54681.8.2.1.6.1
1.6.54837.8.2.1.44.1.1.1.9.7
1.6.54937.8.2.1.3
1.6.55078.8.2.1.19.3.9.3.5
1.6.55377.8.2.1.4.2
1.6.55525.8.2.1
1.6.55657.8.2.1.1.1.2.1
1.6.56031.8.2.1.6.3.6.2.24.16
1.6.56047.8.2.1.4.1.10.3
1.6.56114.8.2.1.5.4.18.1
1.6.56319.8.2.1.14.8
1.6.56426.8.2.1.14
1.6.56562.8.2.1.11.5.11
1.6.56788.8.2.1.4
1.6.56897.8.2.1.26.3
1.6.57055.8.2.1.20.5.11.4.28.26
1.6.57181.8.2.1.2
1.6.57249.8.2.1.16.3.8.4.18
1.6.57260.8.2.1.9.4.5.2
1.6.57357.8.2.1.9.1.2.1
1.6.57515.8.2.1.2.2.19
1.6.57551.8.2.1.10.10.33.1.33
1.6.57621.8.2.1.1.1.1
1.6.57695.8.2.1.4.2
1.6.57760.8.2.1.6.1.17.2
1.6.57861.8.2.1.21
1.6.57980.8.2.1.12.2.12
1.6.58212.8.2.1
1.6.58300.8.2.1
1.6.58339.8.2.1.40.1.3.2
1.6.58446.8.2.1.10.2
1.6.58449.8.2.1.1.1
1.6.58483.8.2.1.11.1.30
