1.1.1.59.22.2.16.8
1.1.1.100.5.1.1.2.1
1.1.1.115.5.1
1.1.1.174.5.1.2.1.2.1
1.1.1.178.5.1.1
1.1.1.262.14
1.1.1.290.13.1.4.1
1.1.1.293.23.1.4.5
1.1.1.303.5.1.3.1.8
1.1.1.357.12.1.13
1.1.1.378.9.1.13
1.1.1.444.14.2.8.1.9
1.1.1.483.43.3.27.2.7
1.1.1.497.5.1
1.1.1.510.5.1.2.1.11.5
1.1.1.511.9.2.15
1.1.1.683.18.2.8.1
1.1.1.716.46.1.15
1.1.1.755.38.2.4.12
1.1.1.789.5.1.4.3.4
1.1.1.890.5.1.7.4.28
1.1.1.942.5.1.7.1.3.2
1.1.1.1038.14.3.11.10.12.1
1.1.1.1118.5.1.3.1
1.1.1.1138.35.2.4.1
1.1.1.1378.5.1.2
1.1.1.1554.16.1.4
1.1.1.1820.5.1
1.1.1.1836.31.1.16.3
1.1.1.1867.12.3.4.10
1.1.1.1976.5.1.26.3.11
1.1.1.2133.5.1.2.1
1.1.1.2220.5.1.17
1.1.1.2221.5.1
1.1.1.2268.8.1.13.2
1.1.1.2310.8.1.7
1.1.1.2393.52.3.4.7
1.1.1.2409.5.1.10.26.10
1.1.1.2426.22.2.30.1.35.3
1.1.1.2487.9.1.4
1.1.1.2511.13.2.13.1.2.2.13
1.1.1.2577.25.2.12.1.8.1.1
1.1.1.2619.30.2.5.2.11.2
1.1.1.2649.12.1.6
1.1.1.2654.9.1.4.1
1.1.1.2765.5.1.7.7.15
1.1.1.2802.9.2.9
1.1.1.2868.62.3.15
1.1.1.2916.14.2.11.4
1.1.1.2935.16.2.5.7
1.1.1.2941.22.2.5.2.1.1.5
1.1.1.2974.5.1.2.3.4.1.1
1.1.1.2978.5.1.5
1.1.1.3038.9.1.11.8
1.1.1.3041.18.1.4.2
1.1.1.3067.14.2.41.5
1.1.1.3138.35.1.4.19
1.1.1.3164.5.1.4
1.1.1.3165.5.1
1.1.1.3234.5.1.9.4
1.1.1.3270.5.1.1.3
1.1.2.3335.41.1.4.2
1.1.2.3350.5.1.1.1.38
1.1.2.3396.33.1.16.8.9
1.1.2.3397.14.2.12.20
1.1.2.3484.12
1.1.2.3495.44.1.26.5
1.1.2.3525.38.1.12
1.1.2.3555.43.3.31.3
1.1.2.3578.5.1
1.1.2.3703.5.1
1.1.2.3774.14.2.5.2
1.1.2.3781.5.1
1.1.2.3782.9.1.11.2
1.1.2.3831.5.1
1.1.2.3907.10.1.6
1.1.2.3918.22
1.1.2.3993.5.1.10
1.1.2.4007.15.2.13.7
1.1.2.4009.15.1
1.1.2.4030.5.1.12.2
1.1.2.4063.21.2.7.1.9.2
1.1.2.4128.5.1.1
1.1.2.4132.14.3.5.4
1.1.2.4165.22.4.11
1.1.2.4177.40.2.4
1.1.2.4266.11.2.10.10
1.1.2.4288.40.2.36.22.12
1.1.2.4611.5.1
1.1.2.4651.21.1.18.3
1.1.2.4826.27.2.14.6.8.1.4
1.1.2.4882.5.1.1.1.1.4.28.10
1.1.2.4904.14.3.5.22
1.1.2.4944.15.2
1.1.2.4969.5.1.1.3.4
1.1.2.5000.9.1.4.3
1.1.2.5031.15.2.8.1.4
1.1.2.5053.9.1.22.5
1.1.2.5133.5.1
1.1.2.5157.5.1.4.1.10.2
1.1.2.5227.36.2.10.6
1.1.2.5237.5.1.7.3.11.3
1.1.2.5280.13.1.14
1.1.2.5311.5.1.10.17.9.1.5
1.1.2.5386.20.1.32
1.1.2.5433.22.2.16.8
1.1.2.5476.5.1.8.2.5
1.1.2.5518.14.3.4
1.1.2.5626.14
1.1.2.5665.5.1.9.4.9.1.21
1.1.2.5672.5.1
1.1.2.5678.5.1.3.1.23
1.1.2.5713.11.1.9
1.1.2.5769.24.2
1.1.2.5778.9.1.13
1.1.2.5834.15.2.8.2.5
1.1.2.5837.12.1.17.6
1.1.2.5857.5.1
1.1.2.5876.14.2.11
1.1.2.6073.18.2.8.1
1.1.2.6106.46.1.15
1.1.2.6150.29.2.8.4
1.1.2.6237.11.2.4
1.1.2.6282.5.1.8.1.2
1.1.2.6318.5.1.2.1.2.1.11
1.1.2.6326.5.1.7.1.3.2
1.1.2.6513.16.2.8.1.1
1.1.2.6530.35.2.4.1
1.1.2.6629.21.2.4.22
1.1.2.6716.18.4.13.6.1.3
1.1.2.6923.16.1.4
1.1.2.7120.53.2.24.5.5.1.2
1.1.2.7204.5.1
1.1.2.7220.31.1.16.3
1.1.2.7251.12.3.4.10
1.1.2.7363.5.1.26.3.11
1.1.2.7521.5.1.2.1
1.1.2.7608.5.1.17
1.1.2.7609.5.1
1.1.2.7666.5.1.11.12.3
1.1.2.7750.16.1.7.2.10
1.1.2.7792.52.3.4.7
1.1.2.7809.5.1.2.2.16
1.1.2.7826.22.2.30.1.41.4
1.1.2.7884.9.1.4
1.1.2.7908.13.2.13.1.2.2.13
1.1.2.7977.5.1.1
1.1.2.8017.30.2.5.2.11.2
1.1.2.8052.12.1.6
1.1.2.8057.9.1.4.1
1.1.2.8157.24.2.28.3.8.4
1.1.2.8260.62.3.15
1.1.2.8329.16.2.5.7
1.1.2.8335.22.2.5.2.1.1.5
1.1.2.8368.5.1.2.3.4.1.1
1.1.2.8372.5.1.5
1.1.2.8432.9.1.11.8
1.1.2.8435.18.1.4.2
1.1.2.8461.14.2.41.5
1.1.2.8532.35.1.4.19
1.1.2.8559.5.1
1.1.2.8629.5.1.4.1
1.1.2.8760.15.2.8.1.5.2.13
1.1.2.8802.33.1.16.7.9
1.1.2.8803.14.2.12.19
1.1.2.8899.44.1.26.5
1.1.2.8961.43.3.31.3
1.1.2.8984.5.1
1.1.2.9097.5.1.18.15
1.1.2.9197.14.2.5.2
1.1.2.9204.5.1
1.1.2.9205.9.1.11.2
1.1.2.9254.5.1
1.1.2.9417.5.1.10
1.1.2.9430.15.2.13.7
1.1.2.9432.15.1
1.1.2.9563.5.1.1
1.1.2.9567.14.3.5.4
1.1.2.9599.22.4.11
1.1.2.9611.40.2.4
1.1.2.9693.11.2.10.10
1.1.2.9793.33.1.16
1.1.2.9813.5.1
1.1.2.10085.15.1.9
1.1.2.10091.5.1.1
1.1.2.10101.5.1.1.1.8
1.1.2.10239.5.1.8.6
1.1.2.10300.27.2.14.6.6.2
1.1.2.10300.27.2.14.6.8.1.4
1.1.2.10361.5.1.1.1.1.4.19.9
1.1.2.10415.15.2
1.1.2.10440.5.1.1.3.4
1.1.2.10449.14.2.16
1.1.2.10477.9.1.4.3
1.1.2.10538.9.1.22.5
1.1.2.10637.5.1.4.1.10.2
1.1.2.10696.38.4.7.5
1.1.2.10747.5.1.8.2
1.1.2.10756.13.1.14
1.1.2.10792.5.1.10.15.8.1.27
1.1.2.10797.5.1.6.31.18
1.1.2.10802.5.1.2.2
1.1.2.10875.20.1.32
1.1.2.10921.29
1.1.2.10926.5.1.18
1.1.2.10965.5.1.8.2.5
1.1.2.10980.5.1
1.1.2.11039.5.1.2.1.2.1
1.1.2.11043.5.1.1
1.1.2.11162.5.1.9.4.9.1.5
1.1.2.11169.5.1
1.1.2.11175.5.1.3.1.23
1.1.2.11283.3
1.1.2.11326.5.1.1.1.2.2.37
1.1.2.11330.5.1.3.3.20.5.45
1.1.2.11364.43.3.27.2.7
1.1.2.11484.11
1.1.2.11569.18.2.8.1
1.1.2.11602.46.1.15
1.1.2.11641.38.2.4.12
1.1.2.11681.5.1.11.1.2.1.19
1.1.2.11759.5.1.8.1.2
1.1.2.11881.15.1.4
1.1.2.11906.22.2.6.9.15.1
1.1.2.11962.12.2.4.2
1.1.2.11983.35.2.4.1
1.1.2.12169.18.4.13.6.1.3
1.1.2.12229.5.1
1.1.2.12384.16.1.4
1.1.2.12569.53.2.24.5.5.1.2
1.1.2.12651.5.1
1.1.2.12667.31.1.16.3
1.1.2.12698.12.3.4.10
1.1.2.12807.5.1.26.3.11
1.1.2.12835.26.2.4.1
1.1.2.12867.38.3.16.1.2.2
1.1.2.12941.5.1.2.1
1.1.2.13027.5.1.7
1.1.2.13028.5.1
1.1.2.13100.5.1
1.1.2.13222.9.2.16.9
1.1.2.13240.22.2.30.1.24.2
1.1.2.13274.18.1.8
1.1.2.13307.9.1.4
1.1.2.13331.13.2.13.1.2.2.13
1.1.2.13374.5.1.16.1.1
1.1.2.13411.13.2.5
1.1.2.13427.10.1.21
1.1.2.13438.12.1.6
1.1.2.13546.5.1.7.7.15
1.1.2.13584.6
1.1.2.13648.62.3.15
1.1.2.13720.16.2.5.7
1.1.2.13726.22.2.5.2.1.1.5
1.1.2.13734.5.1
1.1.2.13762.19.1.18.15
1.1.2.13830.9.1.11.8
1.1.2.13833.18.1.4.2
1.1.2.13859.14.2.41.5
1.1.2.13930.35.1.4.19
1.1.2.13956.5.1.4
1.1.2.13957.5.1
1.1.2.13999.15.2.11.29
1.1.2.14062.5.1.14.1.4.1
1.1.2.14067.23.4.15.2
1.1.2.14082.16.2.4
1.1.2.14098.13.3.17.11.12.6.16
1.1.2.14138.9.1.8.4
1.1.2.14147.20.1.4.1
1.1.2.14189.33.1.16.7.9
1.1.2.14190.14.2.12.19
1.1.2.14284.44.1.26.5
1.1.2.14314.38.1.12
1.1.2.14344.43.3.31.3
1.1.2.14367.5.1
1.1.2.14527.5.1
1.1.2.14605.5.1.21
1.1.2.14648.5.1
1.1.2.14786.5.1.10
1.1.2.14800.15.2.13.7
1.1.2.14802.15.1
1.1.2.14887.33.2
1.1.2.14916.17.2.6.1
1.1.2.14938.5.1.1
1.1.2.14942.14.3.5.4
1.1.2.14980.5.1.8.1.3
1.1.2.14992.40.2.4
1.1.2.15074.11.2.10.10
1.1.2.15175.33.1.16
1.1.2.15195.5.1
1.1.3.15467.15.1.9
1.1.3.15473.5.1.1
1.1.3.15483.5.1.1.1.8
1.1.3.15679.5.1.4.3.20
1.1.3.15720.10.2.4
1.1.3.15735.5.1.1.1.1.2.46.98
1.1.3.15757.14.3.5.22
1.1.3.15820.74.2.31.1.13
1.1.3.15850.9.1.4.3
1.1.3.15882.41.3.4.19
1.1.3.15905.5.1.8
1.1.3.15991.5.1
1.1.3.16004.5.1.4.1.10.2
1.1.3.16058.38.4.7.5
1.1.3.16095.5.1.2.1.2.1.1
1.1.3.16101.5.1.8.2
1.1.3.16110.13.1.14
1.1.3.16141.5.1.10.17.9.1.5
1.1.3.16145.5.1.3.2
1.1.3.16146.5.1.1.1.17
1.1.3.16261.22.2.16.8
1.1.3.16302.5.1.1.2.1
1.1.3.16317.5.1
1.1.3.16376.5.1.2.1.2.1
1.1.3.16380.5.1.1
1.1.3.16460.36.2
1.1.3.16502.5.1.8.1.11
1.1.3.16507.15.2.11.1.21.1
1.1.3.16512.5.1.3.1.32
1.1.3.16599.6
1.1.3.16665.5.1.16
1.1.3.16668.8.2.11.5
1.1.3.16698.34.2.11
1.1.3.16901.5.1.3.2.2.17.25
1.1.3.16929.46.1.15
1.1.3.16968.38.2.4.12
1.1.3.17094.5.1.7.4.28
1.1.3.17131.5.1.7.1.3.2
1.1.3.17232.14.3.11.10.12.1
1.1.3.17302.16.2.8.1.1
1.1.3.17319.35.2.4.1
1.1.3.17383.38.1.12
1.1.3.17395.10.3.8
1.1.3.17747.16.1.4
1.1.3.17920.8.1.4.1
1.1.3.17925.33.2.15.5.5.1.2
1.1.3.18009.5.1
1.1.3.18025.31.1.16.3
1.1.3.18056.12.3.4.10
1.1.3.18183.5.1.26.3.11
1.1.3.18341.5.1.2.1
1.1.3.18428.5.1.17
1.1.3.18429.5.1
1.1.3.18476.8.1.13.2
1.1.3.18518.8.1.7
1.1.3.18567.16.1.7.2.10
1.1.3.18609.52.3.4.7
1.1.3.18626.5.1.2.2.16
1.1.3.18643.22.2.30.1.41.4
1.1.3.18792.5.1.16.1.1
1.1.3.18829.13.2.5
1.1.3.18845.10.1.21
1.1.3.18856.12.1.6
1.1.3.19003.6
1.1.3.19067.62.3.15
1.1.3.19115.5.1.2.1.19
1.1.3.19134.5.1.1.11
1.1.3.19140.22.2.5.2.1.1.5
1.1.3.19148.5.1
1.1.3.19171.5.1.2.3.4.1.1
1.1.3.19175.5.1.5
1.1.3.19235.9.1.11.8
1.1.3.19238.18.1.4.2
1.1.3.19264.14.2.41.5
1.1.3.19335.35.1.4.19
1.1.3.19362.5.1
1.1.3.19418.14.3.9.5
1.1.3.19460.5.1.9.4
1.1.3.19496.23.4.15.2
1.1.3.19510.14.4.39.2
1.1.3.19570.9.1.5
1.1.3.19578.15.4.13
1.1.3.19589.15.2.8.1.5.2.26
1.1.3.19591.10.1.7
1.1.3.19628.33.1.16.7.9
1.1.3.19629.14.2.12.19
1.1.3.19724.44.1.26.5
1.1.3.19790.43.3.31.3
1.1.3.19813.5.1
1.1.3.19954.5.1
1.1.3.20022.14.2.5.2
1.1.3.20029.5.1
1.1.3.20030.9.1.11.2
1.1.3.20079.5.1
1.1.3.20145.10.1.4
1.1.3.20216.5.1.5.1.3.3
1.1.3.20232.5.1.2.3
1.1.3.20355.17.2.6.1
1.1.3.20435.31.2.4
1.1.3.20521.31.4.8
1.1.3.20538.19.1.12.3
1.1.3.20941.21.1.18.3
1.1.3.20966.23
1.1.3.21047.5.1.3.6.5.1
1.1.3.21142.5.1.4.3.20
1.1.3.21204.5.1.1.1.1.4.19.9
1.1.3.21261.15.2
1.1.3.21288.74.2.31.1.13
1.1.3.21312.14.2.6.4.34
1.1.3.21336.5.1
1.1.3.21379.9.1.22.5
1.1.3.21406.15.5
1.1.3.21432.5.1.5
1.1.3.21453.5.1
1.1.3.21474.5.1.4.1.10.2
1.1.3.21533.38.4.7.5
1.1.3.21567.23.4.7.6
1.1.3.21615.5.1.10.17.12.1.9
1.1.3.21734.22.2.16.8
1.1.3.21775.5.1.1.2.1
1.1.3.21790.5.1
1.1.3.21849.5.1.2.1.2.1
1.1.3.21853.5.1.1
1.1.3.21918.14.2
1.1.3.21929.5.1.3.3.17.1
1.1.3.21964.13.1.4.1
1.1.3.21967.23.1.4.5
1.1.3.21977.5.1.3.1.8
1.1.3.22060.24.2
1.1.3.22069.9.1.13
1.1.3.22129.5.1.16
1.1.3.22132.8.2.11.5
1.1.3.22154.5.1
1.1.3.22164.23.7.21.4.13
1.1.3.22167.5.1.7.7
1.1.3.22369.13.4.4.3
1.1.3.22402.46.1.15
1.1.3.22441.38.2.4.12
1.1.3.22552.5.1
1.1.3.22701.15.1.4
1.1.3.22802.26.1.4.1
1.1.3.22831.35.2.4.1
1.1.3.23260.16.1.4
1.1.3.23458.5.1
1.1.3.23530.31.1.16.3
1.1.3.23561.12.3.4.10
1.1.3.23675.5.1.26.3.11
1.1.3.23703.26.2.4.1
1.1.3.23826.5.1.2.1
1.1.3.23909.5.1.7
1.1.3.23910.5.1
1.1.3.23957.8.1.13.2
1.1.3.23999.8.1.7
1.1.3.24082.52.3.4.7
1.1.3.24098.5.1.10.26.10
1.1.3.24115.22.2.30.1.35.3
1.1.3.24271.25.2.12.1.8.1.1
1.1.3.24310.5.1.5.4.7
1.1.3.24324.5.1
1.1.3.24482.6
1.1.3.24545.62.3.15
1.1.3.24585.5.1.7.6.8.8
1.1.3.24613.16.2.5.7
1.1.3.24619.22.2.5.2.1.1.5
1.1.3.24652.5.1.2.3.4.1.1
1.1.3.24656.5.1.5
1.1.3.24707.14.3.32.1.1.1.56
1.1.3.24708.9.3.8.9
1.1.3.24738.14.2.27.5
1.1.3.24815.5.1.23
1.1.3.24838.14.1.4
1.1.3.24899.25.2.17.12
1.1.3.24949.5.1.1.3
1.1.3.24955.10.1.10
1.1.3.24982.13.3.17.11.12.4.31
1.1.3.25022.9.1.8.4
1.1.3.25031.20.1.4.1
1.1.3.25047.5.1.3
1.1.3.25074.14.4.5.6
1.1.3.25076.14.2.10.4
1.1.3.25175.44.1.26.5
1.1.3.25197.3
1.1.3.25244.43.3.31.3
1.1.3.25267.5.1
1.1.3.25408.5.1
1.1.3.25471.14.2.5.2
1.1.3.25478.5.1
1.1.3.25479.9.1.11.2
1.1.3.25496.5.1.3.7.6.7.5
1.1.3.25528.5.1
1.1.3.25670.5.1.5.1.3.3
1.1.3.25686.5.1.2.3
1.1.3.25797.5.1.2.2
1.1.3.25821.5.1.1
1.1.3.25825.14.3.5.4
1.1.3.25857.22.4.11
1.1.3.25869.40.2.4
1.1.3.25956.10.2.9.9
1.1.3.25978.40.2.36.22.12
1.1.3.26342.6
1.1.3.26553.5.1.4.3.20
1.1.3.26594.10.2.4
1.1.3.26609.5.1.1.1.1.2.46.46
1.1.3.26631.14.3.5.22
1.1.3.26693.52.2.31.1.13
1.1.3.26717.14.2.6.4.34
1.1.3.26741.5.1
1.1.3.26759.46.2.9.4.23
1.1.3.26759.46.2.10.1.2.1.10
1.1.3.26777.9.1.22.5
1.1.3.26857.5.1
1.1.3.26937.21.2.4.12.2
1.1.3.26972.16.1.4.1.18
1.1.3.27021.5.1.10.17.9.1.5
1.1.3.27022.15.5.6.29
1.1.3.27136.22.2.16.8
1.1.3.27179.5.1.8.2.5
1.1.3.27194.5.1
1.1.3.27253.5.1.2.1.2.1
1.1.3.27257.5.1.1
1.1.3.27384.41.1.4.5
1.1.3.27394.5.1.3.1.8
1.1.3.27429.11.1.9
1.1.3.27485.24.2
1.1.3.27494.9.1.13
1.1.3.27556.5.1.16
1.1.3.27559.8.2.11.5
1.1.3.27581.5.1
1.1.3.27599.11.1.7.2
1.1.3.27724.11
1.1.3.27806.18.2.8.1
1.1.3.27839.46.1.15
1.1.3.27881.5.1.2
1.1.3.27915.5.1.2
1.1.3.28007.5.1.7.4.27
1.1.3.28007.5.1.7.4.28
1.1.3.28136.5.1.2.1.3.1
1.1.3.28231.26.1.4.1
1.1.3.28445.18.4.13.6.1.3
1.1.4.73.5.1
1.1.4.174.16.1.4
1.1.4.360.5.1.2
1.1.4.381.24.2.9.2.5
1.1.4.437.5.1
1.1.4.453.31.1.16.3
1.1.4.484.12.3.4.10
1.1.4.600.5.1.26.3.11
1.1.4.628.26.2.4.1
1.1.4.667.23.1.4
1.1.4.670.5.1.11.3.1
1.1.4.740.5.1.2.1
1.1.4.822.5.1.17
1.1.4.823.5.1
1.1.4.870.8.1.13.2
1.1.4.912.8.1.7
1.1.4.995.52.3.4.7
1.1.4.1011.5.1.10.26.10
1.1.4.1028.22.2.30.1.35.3
1.1.4.1062.18.1.8
1.1.4.1127.5.1.1
1.1.4.1129.17.3.5.8.9
1.1.4.1185.25.2.12.1.8.1.1
1.1.4.1227.30.2.5.2.11.2
1.1.4.1482.62.3.15
1.1.4.1533.5.1.2.1.19
1.1.4.1555.16.2.5.7
1.1.4.1561.22.2.5.2.1.1.5
1.1.4.1594.5.1.2.3.4.1.1
1.1.4.1601.5.1
1.1.4.1660.9.1.11.9
1.1.4.1663.18.1.4.2
1.1.4.1689.14.2.41.5
1.1.4.1762.35.1.4.19
1.1.4.1788.5.1.4
1.1.4.1789.5.1
1.1.4.1855.5.1.4.1
1.1.4.1929.13.3.17.11.12.4.12
1.1.4.1969.9.1.8.4
1.1.4.1978.20.1.4.1
1.1.4.2023.33.1.16.8.9
1.1.4.2024.14.2.12.20
1.1.4.2123.44.1.26.5
1.1.4.2145.3
1.1.4.2154.38.1.12
1.1.4.2182.43.3.31.3
1.1.4.2205.5.1
1.1.4.2346.5.1
1.1.4.2411.5.1.5.4
1.1.4.2425.5.1.21
1.1.4.2541.10.1.4
1.1.4.2634.5.1.10
1.1.4.2645.44.4.13.13
1.1.4.2647.15.1
1.1.4.2719.21.2.7.1.9.2
1.1.4.2767.17.2.6.1
1.1.4.2847.31.2.4
1.1.4.2939.5.1.2
1.1.4.3130.5.1
1.1.4.3272.5.1
1.1.4.3300.5.1.11.6.3.2
1.1.4.3312.21.1.18.3
1.1.4.3448.5.1.8.6
1.1.4.3506.5.1.4.3.20
1.1.4.3547.10.2.4
1.1.4.3568.5.1.3.2.7.2
1.1.4.3666.5.1.7.18.10
1.1.4.3693.9.1.4.3
1.1.4.3726.5.1.5.4.11.3.10
1.1.4.3726.17.1.4.6
1.1.4.3752.5.1.8
1.1.4.3830.5.1
1.1.4.3852.5.1.4.1.10.2
1.1.4.3921.36.2.10.6
1.1.4.3931.5.1.7.3.11.3
1.1.4.3960.5.1.8.2
1.1.4.3969.13.1.14
1.1.4.4000.5.1.10.17.9.1.5
1.1.4.4077.20.1.32
1.1.4.4119.22.2.16.8
1.1.4.4160.5.1.1.2.1
1.1.4.4175.5.1
1.1.4.4234.5.1.2.1.2.1
1.1.4.4238.5.1.1
1.1.4.4351.13.1.4.1
1.1.4.4354.23.1.4.5
1.1.4.4364.5.1.3.1.8
1.1.4.4399.11.1.9
1.1.4.4438.12.1.13
1.1.4.4538.14.2.8.1.9
1.1.4.4585.43.3.27.2.7
1.1.4.4775.13.4.4.3
1.1.4.4808.46.1.15
1.1.4.4847.38.2.4.12
1.1.4.4958.5.1.8.1.2
1.1.4.4994.5.1.2.1.2.1.11
1.1.4.5095.5.1.2.1.3.1
1.1.4.5177.16.2.8.1.1
1.1.4.5179.5.1.12.5.18.2
1.1.4.5203.35.2.4.1
1.1.4.5259.5.1.8.7.8.2.1
1.1.4.5273.38.1.12
1.1.4.5285.10.3.8
1.1.4.5405.18.4.13.6.1.3
1.1.4.5453.5.1.2
1.1.4.5626.16.1.4
1.1.4.5686.6
1.1.4.5830.5.1.2
1.1.4.5959.12.3.4.10
1.1.4.6068.5.1.26.3.11
1.1.4.6208.5.1.2.1
1.1.4.6286.16.4.5.4.3.2.22
1.1.4.6286.16.4.6.5
1.1.4.6299.13.2.4
1.1.4.6328.39.3.33.10
1.1.4.6348.5.1
1.1.4.6454.52.3.4.7
1.1.4.6470.5.1.10.26.10
1.1.4.6487.22.2.30.1.35.3
1.1.4.6520.41.1.4
1.1.4.6547.5.1.3.1.1
1.1.4.6551.5.1.2.2
1.1.4.6640.25.2.12.1.8.1.1
1.1.4.6682.30.2.5.2.11.2
1.1.4.6717.12.1.6
1.1.4.6869.9.2.9
1.1.4.6923.10.2.4.2
1.1.4.6966.22.1.17
1.1.4.6993.5.1.1.11
1.1.4.6999.22.2.5.2.1.1.5
1.1.4.7040.10.1.20.12
1.1.4.7099.14.3.32.1.1.1.27
1.1.4.7100.9.3.8.9
1.1.4.7130.14.2.27.5
1.1.4.7203.14.3.33.1.14
1.1.4.7228.5.1.4
1.1.4.7229.5.1
1.1.4.7293.5.1.4.1
1.1.4.7328.23.4.15.2
1.1.4.7341.13.2.13.2
1.1.4.7357.13.3.17.11.12.6.18
1.1.4.7397.9.1.8.4
1.1.4.7409.20.1.4.1
1.1.4.7451.14.4.5.6
1.1.4.7453.14.2.10.4
1.1.4.7546.44.1.26.5
1.1.4.7614.6
1.1.4.7755.5.1
1.1.4.7871.5.1
1.1.4.8047.13.3.6
1.1.4.8053.15.3.9
1.1.4.8066.13.1
1.1.4.8088.5.1.12.2
1.1.4.8165.17.2.6.1
1.1.4.8187.5.1.1
1.1.4.8191.14.3.5.4
1.1.4.8224.22.4.11
1.1.4.8236.40.2.4
1.1.4.8319.10.2.9.9
1.1.4.8429.33.1.16
1.1.4.8449.5.1
1.1.4.8472.5.1.18.1.8.3
1.1.4.8708.15.1.9
1.1.4.8714.5.1.1
1.1.4.8724.5.1.1.1.8
1.1.4.8749.23
1.1.4.8913.5.1.4.3.20
1.1.4.8974.5.1.1.1.1.2.5.7
1.1.4.8996.14.3.5.22
1.1.4.9036.15.2
1.1.4.9061.5.1.1.3.4
1.1.4.9070.14.2.16
1.1.4.9098.9.1.4.3
1.1.4.9157.9.1.22.5
1.1.4.9237.5.1
1.1.4.9261.5.1.4.1.10.2
1.1.4.9320.38.4.7.5
1.1.4.9364.5.1.8.2
1.1.4.9373.13.1.14
1.1.4.9406.5.1.10.15.8.1.30
1.1.4.9527.22.2.16.8
1.1.4.9570.5.1.8.2.5
1.1.4.9612.14.3.4
1.1.4.9721.14
1.1.4.9753.41.1.4.5
1.1.4.9763.5.1.3.1.8
1.1.4.9846.24.2
1.1.4.9855.9.1.7
1.1.4.9914.16.3.5.4.2.2.30
1.1.4.9916.12.1.13.4
1.1.4.9936.5.1
1.1.4.9946.23.7.21.4.13
1.1.4.9949.5.1.7.7
1.1.4.9971.5.1.2.1.5.5
1.1.4.9972.9.2.15
1.1.4.10147.5.1.3.2.2.12.16
1.1.4.10175.46.1.15
1.1.4.10214.38.2.4.12
1.1.4.10326.5.1.8.1.2
1.1.4.10442.14.3.11.10.12.1
1.1.4.10526.16.2.8.1.1
1.1.4.10552.35.2.4.1
1.1.4.10610.5.1.8.7.8.2.1
1.1.4.10979.16.1.4
1.1.4.11162.5.1.2
1.1.4.11305.12.3.4.10
1.1.4.11424.5.1.26.3.11
1.1.4.11573.5.1.2.1
1.1.4.11660.5.1.17
1.1.4.11661.5.1
1.1.4.11708.8.1.13.2
1.1.4.11750.8.1.7
1.1.4.11833.52.3.4.7
1.1.4.11849.5.1.10.26.10
1.1.4.11894.18.1.8
1.1.4.11959.5.1.1
1.1.4.11961.17.3.5.8.9
1.1.4.12003.8.3.4
1.1.4.12011.25.2.12.1.8.1.1
1.1.4.12050.5.1.5.4.7
1.1.4.12076.5.1.4.2.4.1
1.1.4.12083.12.1.6
1.1.4.12184.10.1.4
1.1.4.12222.6
1.1.4.12286.62.3.15
1.1.4.12331.5.1.1.1
1.1.4.12359.16.2.5.7
1.1.4.12365.22.2.5.2.1.1.5
1.1.4.12398.5.1.2.3.4.1.1
1.1.4.12405.5.1
1.1.4.12464.9.1.11.8
1.1.4.12467.18.1.4.2
1.1.4.12493.14.2.41.5
1.1.4.12570.5.1.23
1.1.4.12593.14.1.4
1.1.4.12640.5.1.1.10.6.6
1.1.4.12661.5.1.4.1
1.1.4.12735.13.3.17.11.12.4.12
1.1.4.12775.9.1.8.4
1.1.4.12784.20.1.4.1
1.1.4.12829.33.1.16.8.9
1.1.4.12830.14.2.12.20
1.1.4.12910.12
1.1.4.12921.44.1.26.5
1.1.4.12983.43.3.31.3
1.1.4.13006.5.1
1.1.4.13101.5.1.18.17
1.1.4.13200.14.2.5.2
1.1.4.13207.5.1
1.1.4.13208.9.1.11.2
1.1.4.13257.5.1
1.1.4.13399.5.1.10
1.1.4.13413.15.2.13.7
1.1.4.13415.15.1
1.1.4.13435.5.1.12.2
1.1.4.13515.17.2.6.1
1.1.4.13595.31.2.4
1.1.4.13682.31.4.8
1.1.4.13699.19.1.12.3
1.1.4.13722.40.2.36.22.12
1.1.4.14090.6
1.1.4.14233.5.1.8.6
1.1.4.14291.5.1.4.3.20
1.1.4.14332.10.2.4
1.1.4.14353.5.1.3.2.7.2
1.1.4.14416.5.1.12.3
1.1.4.14433.52.2.31.1.13
1.1.4.14463.9.1.4.3
1.1.4.14501.13.1.4.4
1.1.4.14523.9.1.22.5
1.1.4.14579.5.1.3.3.8
1.1.4.14611.5.1
1.1.4.14703.36.2.10.6
1.1.4.14713.5.1.7.3.11.3
1.1.4.14731.5.1.2.1.2.1.1
1.1.4.14737.5.1.8.2
1.1.4.14746.13.1.14
1.1.4.14777.5.1.10.17.9.1.5
1.1.4.14778.15.5.6.29
1.1.4.14864.20.1.32
1.1.4.14910.22.2.16.8
1.1.4.14953.5.1.8.2.5
1.1.4.14968.5.1
1.1.4.15027.5.1.2.1.2.1
1.1.4.15031.5.1.1
1.1.4.15150.5.1.9.4.9.1.5
1.1.4.15157.5.1
1.1.4.15163.5.1.3.1.23
1.1.4.15217.12.1.13
1.1.4.15238.9.1.13
1.1.4.15298.22.1.11.9
1.1.4.15332.61.3.46.2.7
1.1.4.15346.5.1
1.1.4.15359.5.1.2.1.11.5
1.1.4.15360.9.2.15
1.1.4.15531.18.2.8.1
1.1.4.15564.46.1.15
1.1.4.15603.38.2.4.12
1.1.4.15722.5.1
1.1.4.15803.16.2
1.1.4.15865.15.1.4
1.1.4.15890.22.2.6.9.15.1
1.1.4.15946.16.2.8.1.1
1.1.4.15948.5.1.12.5.18.2
1.1.4.15963.35.2.4.1
1.1.4.16250.3
1.1.4.16264.22.2.5.3.7.1.3
1.1.4.16353.16.1.4
1.1.4.16536.53.2.24.5.5.1.2
1.1.4.16632.31.1.16.3
1.1.4.16663.12.3.4.10
1.1.4.16722.5.1.2.2
1.1.4.16782.5.1.26.3.11
1.1.4.16928.5.1.2.1
1.1.4.17007.16.4.5.4.3.2.22
1.1.4.17007.16.4.6.5
1.1.4.17020.13.2.4
1.1.4.17049.39.3.33.10
1.1.4.17069.5.1
1.1.4.17175.52.3.4.7
1.1.4.17192.5.1.2.2.16
1.1.4.17209.22.2.30.1.41.4
1.1.4.17243.18.1.8
1.1.4.17271.5.1.3.1.1
1.1.4.17275.5.1.2.2
1.1.4.17347.8.3.4
1.1.4.17355.25.2.12.1.8.1.1
1.1.4.17397.30.2.5.2.11.2
1.1.4.17432.12.1.6
1.1.4.17533.5.1.7.7.20
1.1.4.17586.9.2.9
1.1.4.17653.62.3.15
1.1.4.17717.16.2.5.7
1.1.4.17723.22.2.5.2.1.1.5
1.1.4.17731.5.1
1.1.4.17754.5.1.2.3.4.1.1
1.1.4.17761.14.2.7
1.1.4.17824.9.1.11.9
1.1.4.17827.18.1.4.2
1.1.4.17853.14.2.41.5
1.1.4.17924.35.1.4.19
1.1.4.17950.5.1.4
1.1.4.17951.5.1
1.1.4.18013.25.2.17.12
1.1.4.18063.5.1.1.3
1.1.4.18069.10.1.10
1.1.4.18096.13.3.17.11.12.4.31
1.1.4.18136.9.1.8.4
1.1.4.18145.20.1.4.1
1.1.4.18161.5.1.3
1.1.4.18191.33.1.16.7.9
1.1.4.18192.14.2.12.19
1.1.4.18286.44.1.26.5
1.1.4.18349.43.3.31.3
1.1.4.18372.5.1
1.1.4.18502.5.1
1.1.4.18565.14.2.5.2
1.1.4.18572.5.1
1.1.4.18573.9.1.11.2
1.1.4.18791.5.1.10
1.1.4.18802.44.4.13.13
1.1.4.18804.15.1
1.1.4.18824.5.1.12.2
1.1.4.18870.33.2
1.1.4.18917.5.1.1
1.1.4.18921.14.3.5.4
1.1.4.18954.22.4.11
1.1.4.18966.40.2.4
1.1.4.19059.5.1.2
1.1.4.19075.14.2.11.14.41.1
1.1.4.19454.21.1.18.3
1.1.4.19642.27.2.14.6.8.1.4
1.1.4.19683.10.2.4
1.1.4.19704.5.1.3.2.7.2
1.1.4.19735.14.3.5.22
1.1.4.19807.5.1.2.3.34
1.1.4.19838.9.1.4.3
1.1.4.19870.41.3.4.19
1.1.4.19893.5.1.8
1.1.4.19948.9.5.4.14
1.1.4.19966.14.2.8.1.1.1
1.1.4.19997.5.1.4.1.10.2
1.1.4.20055.21.2.4.12.2
1.1.4.20094.16.1.4.1.18
1.1.4.20148.5.1.10.17.12.1.9
1.1.4.20153.5.1.6.33.22
1.1.4.20158.5.1.2.2
1.1.4.20264.22.2.16.8
1.1.4.20305.5.1.1.2.1
1.1.4.20320.5.1
1.1.4.20379.5.1.2.1.2.1
1.1.4.20383.5.1.1
1.1.4.20451.14.2
1.1.4.20462.5.1.3.3.28.1
1.1.4.20499.13.1.4.1
1.1.4.20502.23.1.4.5
1.1.4.20512.5.1.3.1.8
1.1.4.20674.22.1.11.9
1.1.4.20712.43.3.27.2.7
1.1.4.20726.5.1
1.1.4.20739.5.1.2.1.11.5
1.1.4.20740.9.2.15
1.1.4.20912.5.1.3.2.2.11.22
1.1.4.20942.46.1.15
1.1.4.20981.38.2.4.12
1.1.4.21015.5.1.4.3.4
1.1.4.21111.5.1.8.1.2
1.1.4.21242.15.1.4
1.1.4.21343.26.1.4.1
1.1.4.21764.16.1.4
1.1.4.21824.6
1.1.4.21974.53.2.24.5.5.1.2
1.1.4.22098.12.3.4.10
1.1.4.22221.5.1.26.3.11
1.1.4.22373.5.1.2.1
1.1.4.22460.5.1.17
1.1.4.22461.5.1
1.1.4.22508.8.1.13.2
1.1.4.22527.5.1
1.1.4.22651.9.2.16.9
1.1.4.22669.22.2.30.1.24.2
1.1.4.22699.18.1.8
1.1.4.22811.8.3.4
1.1.4.22819.25.2.12.1.8.1.1
1.1.4.22861.30.2.5.2.11.2
1.1.4.23112.62.3.15
1.1.4.23160.14.2.11.4
1.1.4.23174.8.1.6.3.5
1.1.4.23180.24.2.5.2.1.1.5
1.1.4.23213.5.1.2.3.4.1.1
1.1.4.23217.5.1.5
1.1.4.23240.22.2
1.1.4.23251.5.1
1.1.4.23265.9.1.11.9
1.1.4.23268.18.1.4.2
1.1.4.23294.14.2.41.5
1.1.4.23365.35.1.4.19
1.1.4.23391.5.1.4
1.1.4.23392.5.1
1.1.4.23462.5.1.4.1
1.1.4.23593.15.2.8.1.5.2.13
1.1.4.23635.33.1.16.8.9
1.1.4.23636.14.2.12.20
1.1.4.23718.12
1.1.4.23729.44.1.26.5
1.1.4.23759.38.1.12
1.1.4.23789.43.3.31.3
1.1.4.23812.5.1
1.1.4.23904.5.1.18.15
1.1.4.24057.5.1
1.1.4.24123.10.1.4
1.1.4.24194.5.1.5.1.3.3
1.1.4.24210.5.1.2.3
1.1.4.24327.17.2.6.1
1.1.4.24387.22.4.11
1.1.4.24399.40.2.4
1.1.4.24495.5.1.2
1.1.4.24589.33.1.16
1.1.4.24609.5.1
1.1.4.24632.5.1.18.1.8.3
1.1.4.24910.5.1.11.6.3.2
1.1.4.24922.21.1.18.3
1.1.4.24947.23
1.1.4.25056.5.1.8.6
1.1.4.25114.5.1.4.3.20
1.1.4.25175.5.1.1.1.1.2.5.7
1.1.4.25197.14.3.5.22
1.1.4.25237.15.2
1.1.4.25264.74.2.31.1.13
1.1.4.25294.9.1.4.3
1.1.4.25334.13.1.4.4
1.1.4.25415.5.1.5
1.1.4.25436.5.1
1.1.4.25448.5.1.4.1.10.2
1.1.4.25506.21.2.4.12.2
1.1.4.25545.16.1.4.1.18
1.1.4.25595.21.1.8.7
1.1.4.25602.5.1.6.5.42
1.1.4.25607.5.1.2.2
1.1.4.25711.29
1.1.4.25716.5.1.18
1.1.4.25755.5.1.8.2.5
1.1.4.25833.5.1.2.1.2.1
1.1.4.25837.5.1.1
1.1.4.25957.5.1.9.4.9.1.5
1.1.4.25964.5.1
1.1.4.25970.5.1.3.1.23
1.1.4.26062.24.2
1.1.4.26071.9.1.13
1.1.4.26131.22.1.11.9
1.1.4.26172.14.2.11
1.1.4.26203.5.1.2.1.5.5
1.1.4.26204.9.2.15
1.1.4.26301.11
1.1.4.26366.5.1
1.1.4.26386.18.2.8.1
1.1.4.26420.46.1.15
1.1.4.26459.38.2.4.12
1.1.4.26597.5.1.7.4.28
1.1.4.26727.5.1.2.1.3.1
1.1.4.26808.12.2.4.2
1.1.4.26831.35.2.4.1
1.1.4.26887.5.1.8.7.8.2.1
1.1.4.26901.38.1.12
1.1.4.26913.10.3.8
1.1.4.27029.18.4.13.6.1.3
1.1.4.27262.16.1.4
1.1.4.27319.6
1.1.4.27470.53.2.24.5.5.1.2
1.1.4.27594.12.3.4.10
1.1.4.27719.5.1.26.3.11
1.1.4.27877.5.1.2.1
1.1.4.27955.16.4.5.4.3.2.22
1.1.4.27955.16.4.6.5
1.1.4.27968.13.2.4
1.1.4.27997.39.3.33.10
1.1.4.28017.5.1
1.1.4.28121.52.3.4.7
1.1.4.28138.5.1.2.2.16
1.1.4.28155.22.2.30.1.41.4
1.1.4.28189.18.1.8
1.1.4.28241.5.1.3.5.38.1.32
1.1.4.28286.25.2.12.1.8.1.1
1.1.4.28328.30.2.5.2.11.2
1.1.4.28363.12.1.6
1.1.4.28368.9.1.4.1
1.1.4.28477.5.1.7.7.15
1.1.4.28515.6
1.1.4.28579.62.3.15
1.1.4.28643.16.2.5.7
1.1.4.28649.22.2.5.2.1.1.5
1.1.4.28682.5.1.2.3.4.1.1
1.1.4.28689.14.2.7
1.1.4.28752.9.1.11.8
1.1.4.28755.18.1.4.2
1.1.4.28781.14.2.41.5
1.1.4.28851.5.1.23
1.1.4.28874.14.1.4
1.1.4.28913.5.1.1.1.23.3
1.1.4.28947.5.1.9.4
1.1.4.28983.5.1.1.3
1.1.4.28994.14.2.8.3
1.1.4.29010.13.3.17.11.12.6.18
1.1.4.29060.15.2.8.1.5.2.13
1.1.4.29062.10.1.7
1.1.4.29098.6
1.1.4.29103.14.2.10.4
1.1.4.29190.12
1.1.4.29201.44.1.26.5
1.1.4.29271.6
1.1.4.29419.5.1
1.1.4.29492.14.2.5.2
1.1.4.29499.5.1
1.1.4.29500.9.1.11.2
1.1.4.29549.5.1
1.1.4.29702.5.1.10
1.1.4.29715.15.2.13.7
1.1.4.29717.15.1
1.1.4.29737.5.1.12.2
1.1.4.29770.21.2.7.1.9.2
1.1.4.29789.33.2
1.1.4.29814.5.1.2.2
1.1.4.29839.5.1.1
1.1.4.29843.14.3.5.4
1.1.4.29876.22.4.11
1.1.4.29888.40.2.4
1.1.4.29970.31.4.8
1.1.4.30009.40.2.36.22.12
1.1.4.30089.33.1.16
1.1.4.30109.5.1
1.1.4.30172.5.1.5.3
1.1.4.30351.5.1
1.1.4.30385.6
1.1.4.30586.27.2.14.6.6.2
1.1.4.30586.27.2.14.6.8.1.4
1.1.4.30646.5.1.1.1.1.2.5.7
1.1.4.30735.5.1.7.18.10
1.1.4.30762.9.1.4.3
1.1.4.30796.5.1.3
1.1.4.30797.5.1.1.2.19.3.8
1.1.4.30825.5.1.8
1.1.4.30994.38.4.7.5
1.1.4.31031.5.1.2.1.2.1.1
1.1.4.31037.5.1.8.2
1.1.4.31046.13.1.14
1.1.4.31077.5.1.10.17.9.1.5
1.1.4.31078.15.5.6.29
1.1.4.31210.22.2.16.8
1.1.4.31251.5.1.1.2.1
1.1.4.31266.5.1
1.1.4.31325.5.1.2.1.2.1
1.1.4.31329.5.1.1
1.1.4.31444.5.1.8.1.11
1.1.4.31449.15.2.11.1.21.1
1.1.4.31454.5.1.3.1.32
1.1.4.31508.12.1.13
1.1.4.31528.6
1.1.4.31594.22.1.11.9
1.1.4.31628.61.3.46.2.7
1.1.4.31642.5.1
1.1.4.31655.5.1.2.1.11.5
1.1.4.31656.9.2.15
1.1.4.31829.18.2.8.1
1.1.4.31862.46.1.15
1.1.4.31901.38.2.4.12
1.1.4.32016.5.1.1.1.24.2.8
1.1.4.32068.5.1.7.1.3.2
1.1.4.32164.15.1.4
1.1.4.32252.16.2.8.1.1
1.1.4.32269.35.2.4.1
1.1.4.32374.21.2.4.22
1.1.4.32672.16.1.4
1.1.4.32848.5.1.1
1.1.4.32851.29.3.21
1.1.4.32872.30.1.8.15
1.1.4.32930.5.1
1.1.4.32946.31.1.16.3
1.1.4.32977.12.3.4.10
1.1.4.33104.5.1.26.3.11
1.1.4.33248.5.1.2.1
1.1.4.33336.5.1.17
1.1.4.33337.5.1
1.1.4.33393.13.2.5
1.1.4.33435.8.1.7
1.1.4.33518.52.3.4.7
1.1.4.33534.5.1.10.26.10
1.1.4.33577.41.1.4
1.1.4.33626.5.1.3.5.38.1.31
1.1.4.33691.25.2.12.1.8.1.1
1.1.4.33733.30.2.5.2.11.2
1.1.4.33759.5.1.4.2.4.1
1.1.4.33766.12.1.6
1.1.4.33982.62.3.15
1.1.4.34033.5.1.2.1.19
1.1.4.34052.5.1.1.11
1.1.4.34058.22.2.5.2.1.1.5
1.1.4.34091.5.1.2.3.4.1.1
1.1.4.34098.5.1
1.1.4.34157.9.1.11.8
1.1.4.34160.18.1.4.2
1.1.4.34186.14.2.41.5
1.1.4.34287.14.1.4
1.1.4.34348.25.2.17.12
1.1.4.34398.23.4.15.2
1.1.4.34430.13.3.17.11.18.3.19
1.1.4.34468.41.1.4.2
1.1.4.34483.5.1.1.1.52
1.1.4.34526.14.4.5.6
1.1.4.34528.14.2.10.4
1.1.4.34610.12
1.1.4.34621.44.1.26.5
1.1.4.34651.38.1.12
1.1.4.34681.43.3.31.3
1.1.4.34704.5.1
1.1.4.34859.5.1
1.1.4.34931.9.1.4.7
1.1.4.34975.5.1
1.1.4.35111.5.1.5.1.3.3
1.1.4.35127.5.1.2.3
1.1.4.35143.38.2.4
1.1.4.35247.31.4.10.16
1.1.4.35327.31.2.4
1.1.4.35411.31.4.8
1.1.4.35428.19.1.12.3
1.1.4.35451.40.2.36.22.12
1.1.4.35527.33.1.16
1.1.4.35547.5.1
1.1.4.35624.10.2.4.2
1.1.4.35824.6
1.1.5.36041.5.1.4.3.20
1.1.5.36102.5.1.1.1.1.2.5.7
1.1.5.36119.26.3.5.12
1.1.5.36159.15.2
1.1.5.36184.5.1.1.3.4
1.1.5.36193.14.2.16
1.1.5.36221.9.1.4.3
1.1.5.36259.13.1.4.4
1.1.5.36371.5.1
1.1.5.36389.5.1.4.1.10.2
1.1.5.36447.21.2.4.12.2
1.1.5.36489.5.1.8.2
1.1.5.36498.13.1.14
1.1.5.36531.5.1.10.15.8.1.15
1.1.5.36653.22.2.16.8
1.1.5.36694.5.1.1.2.1
1.1.5.36709.5.1
1.1.5.36768.5.1.2.1.2.1
1.1.5.36772.5.1.1
1.1.5.36837.14.2
1.1.5.36848.5.1.3.3.17.1
1.1.5.36885.13.1.4.1
1.1.5.36888.23.1.4.5
1.1.5.36898.5.1.3.1.8
1.1.5.36933.11.1.9
1.1.5.36972.12.1.13
1.1.5.37020.3
1.1.5.37071.22.1.11.9
1.1.5.37112.14.2.11
1.1.5.37126.5.1
1.1.5.37139.5.1.2.1.11.5
1.1.5.37140.9.2.15
1.1.5.37234.11
1.1.5.37319.18.2.8.1
1.1.5.37352.46.1.15
1.1.5.37394.5.1.2
1.1.5.37428.5.1.2
1.1.5.37476.11.2.4
1.1.5.37521.5.1.8.1.2
1.1.5.37642.14.3.11.10.12.1
1.1.5.37720.8.2.11.11
1.1.5.37809.5.1.17.1
1.1.5.37822.10.3.8
1.1.5.38167.16.1.4
1.1.5.38354.53.2.24.5.5.1.2
1.1.5.38438.5.1
1.1.5.38454.31.1.16.3
1.1.5.38485.12.3.4.10
1.1.5.38583.5.1.26.3.11
1.1.5.38733.5.1.2.1
1.1.5.38779.5.1.1
1.1.5.38817.5.1.7
1.1.5.38818.5.1
1.1.5.38865.8.1.13.2
1.1.5.38907.8.1.7
1.1.5.38956.16.1.7.2.10
1.1.5.38998.52.3.4.7
1.1.5.39014.5.1.10.26.10
1.1.5.39031.22.2.30.1.35.3
1.1.5.39090.5.1.3.1.1
1.1.5.39094.5.1.2.2
1.1.5.39161.8.3.4
1.1.5.39169.25.2.12.1.8.1.1
1.1.5.39211.30.2.5.2.11.2
1.1.5.39246.12.1.6
1.1.5.39342.5.1.7.7.20
1.1.5.39459.62.3.15
1.1.5.39510.5.1.2.1.19
1.1.5.39529.5.1.1.11
1.1.5.39535.22.2.5.2.1.1.5
1.1.5.39576.10.1.20.12
1.1.5.39631.14.3.32.1.1.1.27
1.1.5.39632.9.3.8.9
1.1.5.39656.6
1.1.5.39724.35.1.4.19
1.1.5.39750.5.1.4
1.1.5.39751.5.1
1.1.5.39795.5.1.1.1.23.3
1.1.5.39824.8.2.8
1.1.5.39860.5.1.14.1.4.1
1.1.5.39865.23.4.15.2
1.1.5.39878.13.2.13.2
1.1.5.39894.13.3.17.11.12.6.18
1.1.5.39934.9.1.8.4
1.1.5.39943.20.1.4.1
1.1.5.39959.5.1.3
1.1.5.39989.33.1.16.7.9
1.1.5.39990.14.2.12.19
1.1.5.40091.44.1.26.5
1.1.5.40154.43.3.31.3
1.1.5.40177.5.1
1.1.5.40364.9.1.4.7
1.1.5.40408.5.1
1.1.5.40472.10.1.4
1.1.5.40483.22
1.1.5.40558.5.1.10
1.1.5.40572.15.2.13.7
1.1.5.40574.15.1
1.1.5.40705.5.1.1
1.1.5.40709.14.3.5.4
1.1.5.40741.22.4.11
1.1.5.40753.40.2.4
1.1.5.40835.11.2.10.10
1.1.5.40936.33.1.16
1.1.5.41216.6
1.1.5.41405.5.1.4.3.20
1.1.5.41446.10.2.4
1.1.5.41461.5.1.1.1.1.2.46.28
1.1.5.41483.14.3.5.22
1.1.5.41552.5.1.7.18.10
1.1.5.41579.9.1.4.3
1.1.5.41611.41.3.4.19
1.1.5.41634.5.1.8
1.1.5.41744.5.1.4.1.10.2
1.1.5.41798.38.4.7.5
1.1.5.41835.16.1.4.1.18
1.1.5.41884.5.1.10.17.9.1.5
1.1.5.41997.22.2.16.8
1.1.5.42040.5.1.8.2.5
1.1.5.42082.14.3.4
1.1.5.42185.36.2
1.1.5.42229.5.1.9.4.9.1.29
1.1.5.42236.5.1
1.1.5.42242.5.1.3.1.23
1.1.5.42296.12.1.13
1.1.5.42317.9.1.13
1.1.5.42379.5.1.16
1.1.5.42382.8.2.11.5
1.1.5.42414.11.1.7.2
1.1.5.42428.5.1
1.1.5.42441.5.1.2.1.11.5
1.1.5.42442.9.2.15
1.1.5.42616.18.2.8.1
1.1.5.42649.46.1.15
1.1.5.42688.38.2.4.12
1.1.5.42722.5.1.4.3.4
1.1.5.42789.11.2.4
1.1.5.42833.5.1.7.4.28
1.1.5.42870.5.1.7.1.3.2
1.1.5.42966.15.1.4
1.1.5.42978.5.1
1.1.5.43049.26.1.4.1
1.1.5.43145.40.1.15
1.1.5.43475.16.1.4
1.1.5.43658.5.1.2
1.1.5.43756.5.1
1.1.5.43772.31.1.16.3
1.1.5.43803.12.3.4.10
1.1.5.43927.5.1.26.3.11
1.1.5.44094.5.1.2.1
1.1.5.44172.16.4.5.4.3.2.22
1.1.5.44172.16.4.6.5
1.1.5.44185.13.2.4
1.1.5.44214.39.3.33.10
1.1.5.44234.5.1
1.1.5.44358.9.2.16.9
1.1.5.44376.22.2.30.1.24.2
1.1.5.44405.41.1.4
1.1.5.44432.5.1.3.1.1
1.1.5.44436.5.1.2.2
1.1.5.44510.8.3.4
1.1.5.44518.25.2.12.1.8.1.1
1.1.5.44557.5.1.5.4.7
1.1.5.44571.5.1
1.1.5.44681.10.1.4
1.1.5.44742.22.3.10.5.4.8
1.1.5.44772.32.3.15
1.1.5.44823.14.2.11.4
1.1.5.44837.8.1.6.3.5
1.1.5.44843.24.2.5.2.1.1.5
1.1.5.44851.5.1
1.1.5.44874.5.1.2.3.4.1.1
1.1.5.44878.5.1.5
1.1.5.44938.9.1.11.9
1.1.5.44941.18.1.4.2
1.1.5.44967.14.2.41.5
1.1.5.45038.35.1.4.19
1.1.5.45064.5.1.4
1.1.5.45065.5.1
1.1.5.45113.3
1.1.5.45114.14.2.18.6.5
1.1.5.45133.25.2.17.12
1.1.5.45150.5.1.9.4
1.1.5.45178.5.1.14.1.4.1
1.1.5.45183.23.4.15.2
1.1.5.45215.13.3.17.11.18.3.19
1.1.5.45255.9.1.8.4
1.1.5.45264.20.1.4.1
1.1.5.45309.33.1.16.7.9
1.1.5.45310.14.2.12.19
1.1.5.45404.44.1.26.5
1.1.5.45467.43.3.31.3
1.1.5.45490.5.1
1.1.5.45615.5.1
1.1.5.45687.14.2.5.2
1.1.5.45694.5.1
1.1.5.45695.9.1.11.2
1.1.5.45744.5.1
1.1.5.45808.10.1.4
1.1.5.45879.5.1.5.1.3.3
1.1.5.45895.5.1.2.3
1.1.5.45912.5.1.2.2.16.5.15
1.1.5.46025.5.1.1
1.1.5.46029.14.3.5.4
1.1.5.46062.22.4.11
1.1.5.46074.40.2.4
1.1.5.46157.10.2.9.9
1.1.5.46330.5.1.5.3
1.1.5.46550.6
1.1.5.46667.5.1.8.6
1.1.5.46728.27.2.14.6.8.1.4
1.1.5.46769.10.2.4
1.1.5.46784.5.1.1.1.1.2.46.10
1.1.5.46806.14.3.5.22
1.1.5.46876.5.1.2.3.27
1.1.5.46907.5.1.1
1.1.5.46942.41.3.4.19
1.1.5.46965.5.1.8
1.1.5.47129.38.4.7.5
1.1.5.47177.5.1.8.2
1.1.5.47186.13.1.14
1.1.5.47219.5.1.10.15.8.1.16
1.1.5.47224.5.1.6.31.18
1.1.5.47229.5.1.2.2
1.1.5.47342.22.2.16.8
1.1.5.47383.5.1.1.2.1
1.1.5.47398.5.1
1.1.5.47457.5.1.2.1.2.1
1.1.5.47461.5.1.1
1.1.5.47578.41.1.4.5
1.1.5.47588.5.1.3.1.8
1.1.5.47642.12.1.13
1.1.5.47677.9.1.13
1.1.5.47739.22.1.11.9
1.1.5.47780.14.2.11
1.1.5.47987.18.2.8.1
1.1.5.48020.46.1.15
1.1.5.48059.38.2.4.12
1.1.5.48150.5.1
1.1.5.48283.15.1.4
1.1.5.48381.16.2.8.1.1
1.1.5.48383.5.1.12.5.18.2
1.1.5.48407.35.2.4.1
1.1.5.48471.38.1.12
1.1.5.48483.10.3.8
1.1.5.48503.21.2.4.22
1.1.5.48820.16.1.4
1.1.5.48880.6
1.1.5.49019.53.2.24.5.5.1.2
1.1.5.49028.36.1.5.12.15.2
1.1.5.49112.5.1
1.1.5.49128.31.1.16.3
1.1.5.49159.12.3.4.10
1.1.5.49266.5.1.26.3.11
1.1.5.49334.23.1.4
1.1.5.49337.5.1.11.3.1
1.1.5.49471.5.1.1
1.1.5.49510.16.4.5.4.3.2.22
1.1.5.49510.16.4.6.5
1.1.5.49523.13.2.4
1.1.5.49552.39.3.33.10
1.1.5.49572.5.1
1.1.5.49678.52.3.4.7
1.1.5.49694.5.1.10.26.10
1.1.5.49711.22.2.30.1.35.3
1.1.5.49741.18.1.8
1.1.5.49854.5.1.16.1.1
1.1.5.49896.30.2.5.2.13.2
1.1.5.49931.12.1.6
1.1.5.50153.62.3.15
1.1.5.50204.5.1.2.1.19
1.1.5.50223.5.1.1.11
1.1.5.50229.22.2.5.2.1.1.5
1.1.5.50262.5.1.2.3.4.1.1
1.1.5.50269.5.1
1.1.5.50328.9.1.11.9
1.1.5.50331.18.1.4.2
1.1.5.50357.14.2.41.5
1.1.5.50427.5.1.23
1.1.5.50450.14.1.4
1.1.5.50497.5.1.1.10.6.6
1.1.5.50518.5.1.4.1
1.1.5.50545.5.1.14.1.4.1
1.1.5.50550.23.4.15.2
1.1.5.50564.14.4.39.2
1.1.5.50622.20.1.10.4
1.1.5.50631.20.1.4.1
1.1.5.50647.5.1.3
1.1.5.50674.14.4.5.6
1.1.5.50676.14.2.10.4
1.1.5.50760.12
1.1.5.50771.44.1.26.5
1.1.5.50833.43.3.31.3
1.1.5.50856.5.1
1.1.5.50953.5.1
1.1.5.50996.5.1
1.1.5.51058.14.2.5.2
1.1.5.51065.5.1
1.1.5.51066.9.1.11.2
1.1.5.51083.5.1.3.7.6.7.5
1.1.5.51115.5.1
1.1.5.51258.23.2.4.4
1.1.5.51271.15.2.13.7
1.1.5.51273.15.1
1.1.5.51293.5.1.12.2
1.1.5.51326.21.2.7.1.9.2
1.1.5.51374.17.2.6.1
1.1.5.51396.5.1.1
1.1.5.51400.14.3.5.4
1.1.5.51458.31.2.4
1.1.5.51543.11.2.10.10
1.1.5.51662.11.1.25
1.1.5.51683.5.1.18.1.8.3
1.1.5.51926.14.2.16.16
1.1.5.51936.11.1.7
1.1.5.51941.5.1.1.6.33
1.1.5.52135.5.1.4.3.20
1.1.5.52194.12.1.35.20.3
1.1.5.52222.14.3.5.22
1.1.5.52297.5.1.2.3.34
1.1.5.52328.9.1.4.3
1.1.5.52362.5.1.3
1.1.5.52363.5.1.1.2.19.3.8
1.1.5.52391.5.1.8
1.1.5.52446.9.5.4.14
1.1.5.52464.14.2.8.1.1.1
1.1.5.52568.36.2.10.6
1.1.5.52578.5.1.7.3.11.3
1.1.5.52607.5.1.8.2
1.1.5.52616.13.1.14
1.1.5.52652.5.1.10.15.8.1.16
1.1.5.52653.15.5.6.27
1.1.5.52731.5.1.1.2.19.1
1.1.5.52780.22.2.16.8
1.1.5.52823.5.1.8.2.5
1.1.5.52865.14.3.4
1.1.5.52954.14.2
1.1.5.52965.5.1.3.3.17.1
1.1.5.53005.13.1.4.1
1.1.5.53008.23.1.4.5
1.1.5.53018.5.1.3.1.8
1.1.5.53072.12.1.13
1.1.5.53094.9.1.7
1.1.5.53156.22.1.11.9
1.1.5.53203.43.3.27.2.7
1.1.5.53217.5.1
1.1.5.53230.5.1.2.1.11.5
1.1.5.53231.9.2.15
1.1.5.53407.18.2.8.1
1.1.5.53441.46.1.15
1.1.5.53480.38.2.4.12
1.1.5.53642.5.1.7.1.3.2
1.1.5.53738.14.3.11.10.12.1
1.1.5.53815.16.2.8.1.1
1.1.5.53817.5.1.12.5.18.2
1.1.5.53841.35.2.4.1
1.1.5.54275.16.1.4
1.1.5.54335.6
1.1.5.54484.53.2.24.5.5.1.2
1.1.5.54608.12.3.4.10
1.1.5.54687.5.1.4.1
1.1.5.54733.5.1.26.3.11
1.1.5.54894.5.1.2.1
1.1.5.54940.5.1.1
1.1.5.54987.5.1.7
1.1.5.54988.5.1
1.1.5.55036.13.2.5
1.1.5.55155.52.3.4.7
1.1.5.55171.5.1.10.26.10
1.1.5.55188.22.2.30.1.35.3
1.1.5.55268.5.1.3.5.38.1.32
1.1.5.55313.5.1.16.1.1
1.1.5.55355.30.2.5.2.13.2
1.1.5.55381.5.1.4.2.4.1
1.1.5.55388.12.1.6
1.1.5.55586.62.3.15
1.1.5.55631.5.1.1.1
1.1.5.55659.16.2.5.7
1.1.5.55665.22.2.5.2.1.1.5
1.1.5.55706.10.1.20.12
1.1.5.55761.14.3.32.1.1.1.27
1.1.5.55762.9.3.8.9
1.1.5.55786.6
1.1.5.55853.5.1.4
1.1.5.55875.16.1.5.12
1.1.5.55942.25.2.17.12
1.1.5.55984.5.1.14.1.4.1
1.1.5.55989.23.4.15.2
1.1.5.56003.14.4.39.2
1.1.5.56075.5.1.1
1.1.5.56118.5.1.6.4
1.1.5.56120.11.1.4.16
1.1.5.56222.44.1.26.5
1.1.5.56252.38.1.12
1.1.5.56282.43.3.31.3
1.1.5.56305.5.1
1.1.5.56410.5.1.18.15
1.1.5.56532.5.1.6
1.1.5.56563.5.1
1.1.5.56707.5.1.5.1.3.3
1.1.5.56723.5.1.2.3
1.1.5.56740.5.1.2.2.16.5.15
1.1.5.56837.17.2.6.1
1.1.5.57008.31.4.8
1.1.5.57025.19.1.12.3
1.1.5.57397.21.1.18.3
1.1.5.57514.5.1.8.6
1.1.5.57572.5.1.4.3.20
1.1.5.57613.10.2.4
1.1.5.57628.5.1.1.1.1.2.46.11
1.1.5.57650.14.3.5.22
1.1.5.57713.74.2.31.1.13
1.1.5.57747.9.1.4.3
1.1.5.57779.16.2.6.9.17
1.1.5.57781.15.2.15.15.21
1.1.5.57801.9.1.22.5
1.1.5.57881.5.1
1.1.5.57894.5.1.4.1.10.2
1.1.5.57953.38.4.7.5
1.1.5.58004.5.1.8.2
1.1.5.58013.13.1.14
1.1.5.58044.5.1.10.17.9.1.5
1.1.5.58124.20.1.32
1.1.5.58170.22.2.16.8
1.1.5.58211.5.1.1.2.1
1.1.5.58226.5.1
1.1.5.58285.5.1.2.1.2.1
1.1.5.58289.5.1.1
1.1.5.58404.13.1.4.1
1.1.5.58407.23.1.4.5
1.1.5.58417.5.1.3.1.8
1.1.5.58503.18.6
1.1.5.58580.38.3.4.13
1.1.5.58605.5.1
1.1.5.58624.14.2.11
1.1.5.58825.18.2.8.1
1.1.5.58858.46.1.15
1.1.5.58900.5.1.2
1.1.5.58934.5.1.2
1.1.5.58982.11.2.4
1.1.5.59027.5.1.8.1.2
1.1.5.59148.14.3.11.10.12.1
1.1.5.59237.12.2.4.2
1.1.5.59258.35.2.4.1
1.1.5.59563.5.1.1.1.1.1.1
1.1.5.59678.16.1.4
1.1.5.59868.53.2.24.5.5.1.2
1.1.5.59949.5.1.2.1.6.7
1.1.5.59997.12.3.4.10
1.1.5.60104.5.1.26.3.11
1.1.5.60132.26.2.4.1
1.1.5.60231.5.1.3.2.5.3
1.1.5.60247.9.1.7
1.1.5.60291.5.1.2.2
1.1.5.60331.16.4.5.4.3.2.22
1.1.5.60331.16.4.6.5
1.1.5.60344.13.2.4
1.1.5.60373.39.3.33.10
1.1.5.60393.5.1
1.1.5.60499.52.3.4.7
1.1.5.60515.5.1.10.26.10
1.1.5.60532.22.2.30.1.35.3
1.1.5.60565.41.1.4
1.1.5.60617.13.2.13.1.2.2.9
1.1.5.60674.5.1.16.1.1
1.1.5.60711.13.2.5
1.1.5.60727.10.1.21
1.1.5.60738.12.1.6
1.1.5.60841.5.1.7.7.15
1.1.5.60885.6
1.1.5.60948.62.3.15
1.1.5.60994.5.1.2.1.25
1.1.5.61013.5.1.1.11
1.1.5.61019.22.2.5.2.1.1.5
1.1.5.61057.19.1.18.15
1.1.5.61125.9.1.11.8
1.1.5.61128.18.1.4.2
1.1.5.61154.14.2.41.5
1.1.5.61225.35.1.4.19
1.1.5.61251.5.1.4
1.1.5.61252.5.1
1.1.5.61311.25.2.17.12
1.1.5.61361.23.4.15.2
1.1.5.61375.14.4.39.2
1.1.5.61447.5.1.1
1.1.5.61490.5.1.6.4
1.1.5.61492.11.1.4.16
1.1.5.61584.12
1.1.5.61595.44.1.26.5
1.1.5.61658.43.3.31.3
1.1.5.61681.5.1
1.1.5.61825.5.1
1.1.5.61894.9.1.4.7
1.1.5.61938.5.1
1.1.5.62005.10.1.4
1.1.5.62016.22
1.1.5.62093.5.1.10
1.1.5.62107.15.2.13.7
1.1.5.62109.15.1
1.1.5.62130.5.1.12.2
1.1.5.62163.21.2.7.1.9.2
1.1.5.62182.33.2
1.1.5.62210.31.4.10.16
1.1.5.62270.22.4.11
1.1.5.62282.40.2.4
1.1.5.62374.11.2.10.10
1.1.5.62396.40.2.36.22.12
1.1.5.62748.5.1.11.6.3.2
1.1.5.62760.21.1.18.3
1.1.5.62941.5.1.4.3.20
1.1.5.63003.5.1.1.1.1.4.19.9
1.1.5.63025.14.3.5.22
1.1.5.63065.15.2
1.1.5.63090.5.1.1.3.4
1.1.5.63099.14.2.16
1.1.5.63127.9.1.4.3
1.1.5.63184.9.1.22.5
1.1.5.63265.5.1
1.1.5.63346.38.4.7.5
1.1.5.63383.16.1.4.1.18
1.1.5.63433.21.1.8.7
1.1.5.63436.5.1.21.3.14
1.1.5.63441.14.3.10.1
1.1.5.63557.22.2.16.8
1.1.5.63600.5.1.8.2.5
1.1.5.63642.14.3.4
1.1.5.63746.36.2
1.1.5.63790.5.1.9.4.9.1.17
1.1.5.63797.5.1
1.1.5.63803.5.1.3.1.23
1.1.5.63903.9.1.7
1.1.5.63965.22.1.11.9
1.1.5.64001.14.2.11
1.1.5.64170.5.1
1.1.5.64196.5.1.3.2.2.11.8
1.1.5.64224.46.1.15
1.1.5.64263.38.2.4.12
1.1.5.64297.5.1.4.3.4
1.1.5.64407.5.1.1.1.24.2.8
1.1.5.64446.5.1.7.1.3.2
1.1.5.64542.14.3.11.10.12.1
1.1.5.64624.5.1.3.1
1.1.5.64644.35.2.4.1
1.1.5.64748.21.2.4.22
1.1.5.65064.16.1.4
1.1.5.65242.8.1.4.1
1.1.5.65247.33.2.15.5.5.1.2
1.1.5.65339.31.1.16.3
1.1.5.65370.12.3.4.10
1.1.5.65496.5.1.26.3.11
1.1.5.65650.5.1.2.1
1.1.5.65722.5.1.7
1.1.5.65723.5.1
1.1.5.65771.13.2.5
1.1.5.65856.16.1.7.2.10
1.1.5.65898.52.3.4.7
1.1.5.65914.5.1.10.26.10
1.1.5.65931.22.2.30.1.35.3
1.1.5.66091.5.1.1
1.1.5.66131.30.2.5.2.11.2
1.1.5.66167.12.1.6
1.1.5.66172.9.1.4.1
1.1.5.66277.5.1.7.7.15
1.1.5.66330.9.2.9
1.1.5.66397.62.3.15
1.1.5.66437.5.1.7.6.8.8
1.1.5.66464.16.2.5.7
1.1.5.66470.22.2.5.2.1.1.5
1.1.5.66503.5.1.2.3.4.1.1
1.1.5.66507.5.1.5
1.1.5.66567.9.1.11.9
1.1.5.66570.18.1.4.2
1.1.5.66596.14.2.41.5
1.1.5.66666.5.1.4
1.1.5.66688.16.1.5.12
1.1.5.66734.5.1.1.1.23.3
1.1.5.66845.13.3.17.11.12.4.12
1.1.5.66885.9.1.8.4
1.1.5.66894.20.1.4.1
1.1.5.66936.14.4.5.6
1.1.5.66938.14.2.10.4
1.1.5.67030.44.1.26.5
1.1.5.67060.38.1.12
1.1.5.67090.43.3.31.3
1.1.5.67113.5.1
1.1.5.67258.5.1
1.1.5.67327.9.1.4.7
1.1.5.67371.5.1
1.1.5.67437.10.1.4
1.1.5.67448.22
1.1.5.67530.5.1.10
1.1.5.67544.15.2.13.7
1.1.5.67546.15.1
1.1.5.67567.5.1.12.2
1.1.5.67644.17.2.6.1
1.1.5.67708.22.4.11
1.1.5.67720.40.2.4
1.1.5.67800.31.4.8
1.1.5.67817.19.1.12.3
1.1.5.67840.40.2.36.22.12
1.1.5.68202.15.1.9
1.1.5.68208.5.1.1
1.1.5.68218.5.1.1.1.8
1.1.5.68242.23
1.1.5.68416.5.1.4.3.20
1.1.5.68457.10.2.4
1.1.5.68472.5.1.1.1.1.2.46.52
1.1.5.68564.5.1.2.3.34
1.1.5.68595.9.1.4.3
1.1.5.68633.13.1.4.4
1.1.5.68655.9.1.22.5
1.1.5.68712.5.1.5
1.1.5.68733.5.1
1.1.5.68755.5.1.4.1.10.2
1.1.5.68814.38.4.7.5
1.1.5.68865.5.1.8.2
1.1.5.68874.13.1.14
1.1.5.68905.5.1.10.17.9.1.5
1.1.5.68910.5.1.6.33.19
1.1.5.68915.5.1.2.2
1.1.5.69022.22.2.16.8
1.1.5.69065.5.1.8.2.5
1.1.5.69143.5.1.2.1.2.1
1.1.5.69147.5.1.1
1.1.5.69212.14.2
1.1.5.69223.5.1.3.3.17.1
1.1.5.69263.13.1.4.1
1.1.5.69266.23.1.4.5
1.1.5.69276.5.1.3.1.8
1.1.5.69330.12.1.13
1.1.5.69354.9.1.13
1.1.5.69414.5.1.16
1.1.5.69417.8.2.11.5
1.1.5.69449.11.1.7.2
1.1.5.69655.18.2.8.1
1.1.5.69688.46.1.15
1.1.5.69727.38.2.4.12
1.1.5.69857.5.1.7.4.28
1.1.5.69987.5.1.2.1.3.1
1.1.5.70079.16.2.8.1.1
1.1.5.70096.35.2.4.1
1.1.5.70536.5.1.17.12.12.1
1.1.5.70704.53.2.24.5.5.1.2
1.1.5.70733.5.1
1.1.5.70836.12.3.4.10
1.1.5.70954.5.1.26.3.11
1.1.5.71026.23.1.4
1.1.5.71029.5.1.11.3.1
1.1.5.71083.5.1.3.2.5.3
1.1.5.71197.5.1.17
1.1.5.71198.5.1
1.1.5.71245.8.1.13.2
1.1.5.71264.5.1
1.1.5.71370.52.3.4.7
1.1.5.71386.5.1.10.26.10
1.1.5.71403.22.2.30.1.35.3
1.1.5.71436.41.1.4
1.1.5.71465.9.1.4
1.1.5.71486.5.1.3.5.44.1.46
1.1.5.71551.25.2.12.1.8.1.1
1.1.5.71589.30.4.8.2.4
1.1.5.71604.5.1
1.1.5.71726.10.1.4
1.1.5.71817.10.2.4.2
1.1.5.71890.16.2.5.7
1.1.5.71896.22.2.5.2.1.1.5
1.1.5.71929.5.1.2.3.4.1.1
1.1.5.71936.5.1
1.1.5.71990.9.1.11.9
1.1.5.71993.18.1.4.2
1.1.5.72019.14.2.41.5
1.1.5.72090.35.1.4.19
1.1.5.72116.5.1.4
1.1.5.72117.5.1
1.1.5.72158.5.1.1.1.23.3
1.1.5.72242.14.4.37.2
1.1.5.72290.9.1.5
1.1.5.72298.15.4.13
1.1.5.72309.15.2.8.1.5.2.22
1.1.5.72311.10.1.7
1.1.5.72345.14.4.5.6
1.1.5.72347.14.2.10.4
1.1.5.72440.44.1.26.5
1.1.5.72470.38.1.12
1.1.5.72498.43.3.31.3
1.1.5.72521.5.1
1.1.5.72658.5.1
1.1.5.72723.14.2.5.2
1.1.5.72730.5.1
1.1.5.72731.9.1.11.2
1.1.5.72780.5.1
1.1.5.72938.5.1.5.1.3.3
1.1.5.72954.5.1.2.3
1.1.5.72970.38.2.4
1.1.5.73028.21.2.7.1.9.2
1.1.5.73072.5.1.2.2
1.1.5.73097.5.1.1
1.1.5.73101.14.3.5.4
1.1.5.73159.31.2.4
1.1.5.73248.5.1.2
1.1.5.73617.15.1.9
1.1.5.73623.5.1.1
1.1.5.73633.5.1.1.1.8
1.1.5.73687.9.3.8
1.1.5.73815.5.1.4.3.20
1.1.5.73856.10.2.4
1.1.5.73871.5.1.1.1.1.2.46.23
1.1.5.73964.5.1.2.3.27
1.1.5.73995.9.1.4.3
1.1.5.74033.13.1.4.4
1.1.5.74149.5.1
1.1.5.74172.5.1.4.1.10.2
1.1.5.74231.38.4.7.5
1.1.5.74279.5.1.8.2
1.1.5.74288.13.1.14
1.1.5.74321.5.1.10.15.8.1.15
1.1.5.74322.15.5.6.27
1.1.5.74406.5.1
1.1.5.74429.22.2.16.8
1.1.5.74470.5.1.1.2.1
1.1.5.74485.5.1
1.1.5.74544.5.1.2.1.2.1
1.1.5.74548.5.1.1
1.1.5.74660.13.1.4.1
1.1.5.74663.23.1.4.5
1.1.5.74673.5.1.3.1.8
1.1.5.74761.9.1.13
1.1.5.74821.22.1.11.9
1.1.5.74857.34.2.11
1.1.5.74980.11
1.1.5.75068.5.1.3.2.2.12.16
1.1.5.75096.46.1.15
1.1.5.75141.5.1.2
1.1.5.75175.5.1.2
1.1.5.75223.11.2.4
1.1.5.75268.5.1.8.1.2
1.1.5.75384.14.3.11.10.12.1
1.1.5.75484.16.2.8.1.1
1.1.5.75486.5.1.12.5.18.2
1.1.5.75502.35.2.4.1
1.1.5.75574.40.1.15
1.1.5.75911.16.1.4
1.1.5.76175.5.1
1.1.5.76223.12.3.4.10
1.1.5.76332.5.1.26.3.11
1.1.5.76402.24.1.4
1.1.5.76405.5.1.11.3.1
1.1.5.76483.5.1.2.1
1.1.5.76570.5.1.17
1.1.5.76571.5.1
1.1.5.76619.13.2.5
1.1.5.76738.52.3.4.7
1.1.5.76754.5.1.10.26.10
1.1.5.76771.22.2.30.1.35.3
1.1.5.76801.18.1.8
1.1.5.76829.5.1.3.1.1
1.1.5.76833.5.1.7.5
1.1.5.76857.5.1.2.1.1
1.1.5.76922.25.2.12.1.8.1.1
1.1.5.76964.30.2.5.2.11.2
1.1.5.76999.12.1.6
1.1.5.77004.9.1.4.1
1.1.5.77115.5.1.7.7.15
1.1.5.77223.62.3.15
1.1.5.77271.14.2.11.4
1.1.5.77290.16.2.5.7
1.1.5.77296.22.2.5.2.1.1.5
1.1.5.77329.5.1.2.3.4.1.1
1.1.5.77336.5.1
1.1.5.77395.9.1.11.8
1.1.5.77398.18.1.4.2
1.1.5.77424.14.2.41.5
1.1.5.77494.5.1.4
1.1.5.77516.16.1.5.12
1.1.5.77566.5.1.1.10.6.6
1.1.5.77587.5.1.4.1
1.1.5.77634.13.2.9.2
1.1.5.77650.13.3.17.11.12.6.18
1.1.5.77690.9.1.8.4
1.1.5.77699.20.1.4.1
1.1.5.77744.33.1.16.8.9
1.1.5.77745.14.2.12.20
1.1.5.77839.44.1.26.5
1.1.5.77869.38.1.12
1.1.5.77899.43.3.31.3
1.1.5.77922.5.1
1.1.5.78048.5.1
1.1.5.78114.5.1.5.4
1.1.5.78128.5.1.21
1.1.5.78171.5.1
1.1.5.78247.10.1.6
1.1.5.78258.22
1.1.5.78328.5.1.5.1.3.3
1.1.5.78344.5.1.2.3
1.1.5.78461.17.2.6.1
1.1.5.78537.31.2.4
1.1.5.78614.52.4.8
1.1.5.78631.19.1.12.3
1.1.5.78733.33.1.16
1.1.5.78753.5.1
1.1.5.78776.5.1.18.1.8.3
1.1.5.79040.15.1.9
1.1.5.79046.5.1.1
1.1.5.79056.5.1.1.1.8
1.1.5.79117.9.3.8
1.1.5.79185.5.1.8.6
1.1.5.79246.27.2.14.6.8.1.4
1.1.5.79287.10.2.4
1.1.5.79302.5.1.1.1.1.2.46.10
1.1.5.79324.14.3.5.22
1.1.5.79360.15.2
1.1.5.79386.74.2.31.1.13
1.1.5.79410.14.2.6.4.34
1.1.5.79454.13.1.4.4
1.1.5.79476.9.1.22.5
1.1.5.79564.5.1
1.1.5.79644.38.4.7.5
1.1.5.79692.5.1.8.2
1.1.5.79701.13.1.14
1.1.5.79734.5.1.10.15.8.1.16
1.1.5.79809.20.1.32
1.1.5.79855.22.2.16.8
1.1.5.79896.5.1.1.2.1
1.1.5.79911.5.1
1.1.5.79970.5.1.2.1.2.1
1.1.5.79974.5.1.1
1.1.5.80058.14
1.1.5.80092.41.1.4.5
1.1.5.80102.5.1.3.1.8
1.1.5.80137.11.1.9
1.1.5.80229.3
1.1.5.80286.14.2.8.1.9
1.1.5.80330.34.2.11
1.1.5.80349.5.1.1.1
1.1.5.80360.5.1.2.1.5.5
1.1.5.80361.9.2.15
1.1.5.80537.18.2.8.1
1.1.5.80570.46.1.15
1.1.5.80609.38.2.4.12
1.1.5.80643.5.1.4.3.4
1.1.5.80737.5.1.8.1.2
1.1.5.80853.14.3.11.10.12.1
1.1.5.80925.16.2.8.1.1
1.1.5.80942.35.2.4.1
1.1.5.81044.21.2.4.22
1.1.5.81359.16.1.4
1.1.5.81539.8.1.4.1
1.1.5.81544.33.2.15.5.5.1.2
1.1.5.81669.12.3.4.10
1.1.5.81778.5.1.26.3.11
1.1.5.81908.5.1.3.2.5.3
1.1.5.82023.5.1.7
1.1.5.82024.5.1
1.1.5.82092.5.1
1.1.5.82216.5.1.2.2.16
1.1.5.82233.22.2.30.1.41.4
1.1.5.82289.5.1.3.1.1
1.1.5.82293.5.1.2.2
1.1.5.82383.5.1.16.1.1
1.1.5.82420.13.2.5
1.1.5.82436.10.1.21
1.1.5.82447.12.1.6
1.1.5.82652.62.3.15
1.1.5.82697.5.1.1.1
1.1.5.82727.8.2.4.3.1
1.1.5.82754.14.2.13
1.1.5.82758.42.2.6.23.13.5.30
1.1.5.82793.5.1
1.1.5.82807.9.1.11.9
1.1.5.82810.18.1.4.2
1.1.5.82836.14.2.41.5
1.1.5.82911.19.1.4.9
1.1.5.82937.5.1.4
1.1.5.82938.5.1
1.1.5.83016.5.1.9.4
1.1.5.83052.23.4.15.2
1.1.5.83066.14.4.39.2
1.1.5.83123.41.1.4.2
1.1.5.83138.5.1.1.1.52
1.1.5.83190.16.6.5.12.43
1.1.5.83265.12
1.1.5.83276.44.1.26.5
1.1.5.83347.6
1.1.5.83494.5.1
1.1.5.83556.5.1.5.6
1.1.5.83570.5.1.21
1.1.5.83613.5.1
1.1.5.83679.10.1.4
1.1.5.83690.22
1.1.5.83771.5.1.10
1.1.5.83784.15.2.13.7
1.1.5.83786.15.1
1.1.5.83896.5.1.2.2
1.1.5.83920.5.1.1
1.1.5.83924.14.3.5.4
1.1.5.84072.29.6.15.1.5
1.1.5.84250.8.1.4
1.1.5.84429.15.1.9
1.1.5.84435.5.1.1
1.1.5.84445.5.1.1.1.8
1.1.5.84643.5.1.4.3.20
1.1.5.84684.10.2.4
1.1.5.84699.5.1.1.1.1.2.46.59
1.1.5.84716.26.3.5.12
1.1.5.84791.5.1.2.3.34
1.1.5.84815.9.1.4.3
1.1.5.84848.5.1.5.4.11.3.10
1.1.5.84848.17.1.4.6
1.1.5.84876.5.1.8
1.1.5.84964.5.1
1.1.5.84987.5.1.4.1.10.2
1.1.5.85037.21.2.4.12.2
1.1.5.85079.5.1.8.2
1.1.5.85088.13.1.14
1.1.5.85119.5.1.10.17.9.1.5
1.1.5.85120.15.5.6.29
1.1.5.85211.5.1
1.1.5.85232.22.2.16.8
1.1.5.85275.5.1.8.2.5
1.1.5.85337.5.1
1.1.5.85339.12.6.8
1.1.5.85342.5.1.7
1.1.5.85461.5.1.9.4.9.1.5
1.1.5.85468.5.1
1.1.5.85474.5.1.3.1.23
1.1.5.85557.24.2
1.1.5.85566.9.1.7
1.1.5.85626.22.1.11.9
1.1.5.85670.34.2.11
1.1.5.85792.11
1.1.5.85918.46.1.15
1.1.5.85963.5.1.2
1.1.5.85997.5.1.2
1.1.5.86054.11.2.4
1.1.5.86099.5.1.8.1.2
1.1.5.86221.14.3.11.10.12.1
1.1.5.86310.12.2.4.2
1.1.5.86333.35.2.4.1
1.1.5.86661.5.1
1.1.5.86759.16.1.4
1.1.5.86944.53.2.24.5.5.1.2
1.1.5.87022.5.1.2.1.6.6
1.1.5.87038.31.1.16.3
1.1.5.87069.12.3.4.10
1.1.5.87194.5.1.26.3.11
1.1.5.87334.5.1.2.1
1.1.5.87421.5.1.17
1.1.5.87422.5.1
1.1.5.87494.5.1
1.1.5.87620.9.2.16.9
1.1.5.87638.22.2.30.1.24.2
1.1.5.87699.9.1.4
1.1.5.87723.13.2.13.1.2.2.13
1.1.5.87766.5.1.16.1.1
1.1.5.87803.13.2.5
1.1.5.87819.10.1.21
1.1.5.87830.12.1.6
1.1.5.87835.9.1.4.1
1.1.5.88043.62.3.15
1.1.5.88103.16.2.5.7
1.1.5.88109.22.2.5.2.1.1.5
1.1.5.88150.10.1.20.12
1.1.5.88218.9.1.11.8
1.1.5.88221.18.1.4.2
1.1.5.88247.14.2.41.5
1.1.5.88317.5.1.4
1.1.5.88409.5.1.4.1
1.1.5.88507.9.1.5
1.1.5.88515.15.4.13
1.1.5.88526.15.2.8.1.5.2.22
1.1.5.88573.14.4.5.6
1.1.5.88575.14.2.10.4
1.1.5.88667.44.1.26.5
1.1.5.88728.43.3.31.3
1.1.5.88751.5.1
1.1.5.88876.5.1
1.1.5.88952.9.1.4.12
1.1.5.88996.5.1
1.1.5.89156.5.1.10
1.1.5.89170.15.2.13.7
1.1.5.89172.15.1
1.1.5.89193.5.1.12.2
1.1.5.89270.17.2.6.1
1.1.5.89295.5.1.1
1.1.5.89299.14.3.5.4
1.1.5.89357.31.2.4
1.1.5.89452.11.2.10.10
1.1.5.89474.40.2.36.22.12
1.1.5.89550.33.1.16
1.1.5.89570.5.1
1.1.5.89593.5.1.18.1.8.3
1.1.5.89850.15.1.9
1.1.5.89856.5.1.1
1.1.5.89866.5.1.1.1.8
1.1.5.90049.5.1.4.3.20
1.1.5.90090.10.2.4
1.1.5.90105.5.1.1.1.1.2.46.28
1.1.5.90127.14.3.5.22
1.1.5.90163.15.2
1.1.5.90189.74.2.31.1.13
1.1.5.90219.9.1.4.3
1.1.5.90257.13.1.4.4
1.1.5.90361.5.1
1.1.5.90378.5.1.4.1.10.2
1.1.5.90432.38.4.7.5
1.1.5.90469.16.1.4.1.18
1.1.5.90518.5.1.10.17.9.1.5
1.1.5.90633.22.2.16.8
1.1.5.90676.5.1.8.2.5
1.1.5.90738.5.1.1.5
1.1.5.90740.5.1.2.1.20.1
1.1.5.90744.5.1.1
1.1.5.90871.5.1.9.4.9.1.59
1.1.5.90878.5.1
1.1.5.90884.5.1.3.1.23
1.1.5.90919.11.1.9
1.1.5.90975.24.2
1.1.5.90983.9.1.13
1.1.5.91043.22.1.11.9
1.1.5.91081.11.1.7.2
1.1.5.91095.5.1
1.1.5.91108.5.1.2.1.11.5
1.1.5.91109.9.2.15
1.1.5.91267.5.1
1.1.5.91287.18.2.8.1
1.1.5.91320.46.1.15
1.1.5.91359.38.2.4.12
1.1.5.91393.5.1.4.3.4
1.1.5.91485.5.1
1.1.5.91550.5.1.7.1.3.2
1.1.5.91652.15.1.4
1.1.5.91750.16.2.8.1.1
1.1.5.91776.35.2.4.1
1.1.5.91834.5.1.8.7.8.2.1
1.1.5.91848.38.1.12
1.1.5.91860.10.3.8
1.1.5.92084.5.1.1.1.1.1.1
1.1.5.92103.5.1
1.1.5.92190.16.1.4
1.1.5.92250.6
1.1.5.92392.53.2.24.5.5.1.2
1.1.5.92421.5.1
1.1.5.92489.5.1
1.1.5.92537.12.3.4.10
1.1.5.92645.5.1.26.3.11
1.1.5.92805.5.1.2.1
1.1.5.92888.5.1.7
1.1.5.92889.5.1
1.1.5.92936.8.1.13.2
1.1.5.92978.8.1.7
1.1.5.93061.52.3.4.7
1.1.5.93077.5.1.10.26.10
1.1.5.93094.22.2.30.1.35.3
1.1.5.93253.25.2.12.1.8.1.1
1.1.5.93295.30.2.5.2.11.2
1.1.5.93330.12.1.6
1.1.5.93335.9.1.4.1
1.1.5.93448.5.1.7.7.20
1.1.5.93485.9.2.9
1.1.5.93552.62.3.15
1.1.5.93620.16.2.5.7
1.1.5.93626.22.2.5.2.1.1.5
1.1.5.93667.10.1.20.12
1.1.5.93722.14.3.32.1.1.1.27
1.1.5.93723.9.3.8.9
1.1.5.93747.6
1.1.5.93815.35.1.4.19
1.1.5.93842.5.1
1.1.5.93886.5.1.1.1.23.3
1.1.5.93915.8.2.8
1.1.5.93959.23.4.15.2
1.1.5.94044.15.2.8.1.5.2.13
1.1.5.94046.10.1.7
1.1.5.94083.33.1.16.8.9
1.1.5.94084.14.2.12.20
1.1.5.94164.12
1.1.5.94175.44.1.26.5
1.1.5.94205.38.1.12
1.1.5.94231.29.2
1.1.5.94378.5.1
1.1.5.94441.14.2.5.2
1.1.5.94448.5.1
1.1.5.94449.9.1.11.2
1.1.5.94498.5.1
1.1.5.94652.5.1.10
1.1.5.94666.15.2.13.7
1.1.5.94668.15.1
1.1.5.94688.5.1.12.2
1.1.5.94770.31.4.10.16
1.1.5.94846.31.2.4
1.1.5.94920.31.4.8
1.1.5.94937.19.1.12.3
1.1.5.95039.33.1.16
1.1.5.95059.5.1
1.1.5.95125.5.1.5.3
1.1.5.95282.5.1
1.1.5.95321.6
1.1.5.95535.5.1.4.3.20
1.1.5.95576.10.2.4
1.1.5.95591.5.1.1.1.1.2.46.46
1.1.5.95608.26.3.5.12
1.1.5.95680.5.1.7.18.10
1.1.5.95707.9.1.4.3
1.1.5.95768.9.1.22.5
1.1.5.95852.5.1
1.1.5.95870.5.1.4.1.10.2
1.1.5.95939.36.2.10.6
1.1.5.95973.16.1.4.1.18
1.1.6.28.5.1.10.17.11.1.2
1.1.6.33.5.1.6.33.21
1.1.6.38.5.1.2.2
1.1.6.147.22.2.16.8
1.1.6.188.5.1.1.2.1
1.1.6.203.5.1
1.1.6.262.5.1.2.1.2.1
1.1.6.266.5.1.1
1.1.6.332.14.2
1.1.6.343.5.1.3.3.33.1
1.1.6.385.5.1.9.4.9.1.5
1.1.6.392.5.1
1.1.6.398.5.1.3.1.23
1.1.6.452.12.1.13
1.1.6.476.9.1.13
1.1.6.532.15.2.8.2.5
1.1.6.535.12.1.17.6
1.1.6.555.5.1
1.1.6.569.11.1.7.2
1.1.6.779.18.2.8.1
1.1.6.812.46.1.15
1.1.6.851.38.2.4.12
1.1.6.1016.5.1.7.1.3.2
1.1.6.1117.15.1.4
1.1.6.1130.22.2.6.9.39.1
1.1.6.1187.16.2.8.1.1
1.1.6.1189.5.1.12.5.18.2
1.1.6.1213.35.2.4.1
1.1.6.1651.16.1.4
1.1.6.1708.6
1.1.6.1837.5.1.2
1.1.6.1926.5.1.2.1.6.6
1.1.6.1942.31.1.16.3
1.1.6.1973.12.3.4.10
1.1.6.2096.5.1.26.3.11
1.1.6.2243.5.1.2.1
1.1.6.2306.5.1.2.3.6.3
1.1.6.2334.5.1.17
1.1.6.2335.5.1
1.1.6.2382.8.1.13.2
1.1.6.2424.8.1.7
1.1.6.2507.52.3.4.7
1.1.6.2523.5.1.10.26.10
1.1.6.2540.22.2.30.1.35.3
1.1.6.2632.5.1.1
1.1.6.2634.17.3.5.8.6
1.1.6.2694.25.2.12.1.8.1.1
1.1.6.2733.5.1.5.4.7
1.1.6.2747.5.1
1.1.6.2860.24.2.28.3.8.4
1.1.6.2961.62.3.15
1.1.6.3001.5.1.7.6.8.8
1.1.6.3029.16.2.5.7
1.1.6.3035.22.2.5.2.1.1.5
1.1.6.3068.5.1.2.3.4.1.1
1.1.6.3075.5.1
1.1.6.3134.9.1.11.9
1.1.6.3137.18.1.4.2
1.1.6.3163.14.2.41.5
1.1.6.3264.14.1.4
1.1.6.3304.5.1.1.1.23.3
1.1.6.3368.5.1.14.1.4.1
1.1.6.3373.23.4.15.2
1.1.6.3386.13.2.13.2
1.1.6.3402.13.3.17.11.12.6.18
1.1.6.3442.9.1.8.4
1.1.6.3451.20.1.4.1
1.1.6.3496.33.1.16.8.9
1.1.6.3497.14.2.12.20
1.1.6.3590.44.1.26.5
1.1.6.3664.5.1.5.1
1.1.6.3802.5.1
1.1.6.3919.5.1
1.1.6.3985.10.1.4
1.1.6.3996.22
1.1.6.4077.5.1.10
1.1.6.4091.15.2.13.7
1.1.6.4093.15.1
1.1.6.4113.5.1.12.2
1.1.6.4189.31.4.10.16
1.1.6.4269.31.2.4
1.1.6.4353.31.4.8
1.1.6.4370.19.1.12.3
1.1.6.4518.5.1.18.1.8.3
1.1.6.4794.15.1.9
1.1.6.4800.5.1.1
1.1.6.4810.5.1.1.1.8
1.1.6.4872.9.3.8
1.1.6.5000.5.1.4.3.20
1.1.6.5041.10.2.4
1.1.6.5068.5.1.3.2.7.3
1.1.6.5166.5.1.2.3.34
1.1.6.5194.15.2.16.2.16.11.22
1.1.6.5230.13.1.4.4
1.1.6.5357.5.1.4.1.10.2
1.1.6.5426.36.2.10.6
1.1.6.5436.5.1.7.3.11.3
1.1.6.5470.5.1.8.2
1.1.6.5479.13.1.14
1.1.6.5512.5.1.10.15.8.1.27
1.1.6.5513.15.5.6.27
1.1.6.5603.20.1.32
1.1.6.5620.13.2
1.1.6.5647.22.2.16.8
1.1.6.5690.5.1.8.2.5
1.1.6.5732.14.3.4
1.1.6.5875.5.1.9.4.9.1.5
1.1.6.5882.5.1
1.1.6.5888.5.1.3.1.23
1.2.58.8.4.49.4.9.2.6
1.2.120.2.1.2.1.1.3.14
1.2.144.2.1.1.1.4.1
1.2.455.4.2.4.3.10.12
1.2.469.2.1
1.2.541.2.1.1
1.2.588.2.1.2.1.7
1.2.671.2.1.19.5.7.2
1.2.708.6.3.8.5.8.3
1.2.769.4.2
1.2.1102.8.4.9
1.2.1150.4.2.3.2.17
1.2.1156.8.4.10.1.1.10
1.2.1319.2.1.3
1.2.1398.2.1
1.2.1673.10.5.17.3.31.1.11
1.2.1764.2.1.1.1
1.2.2144.2.1.1
1.2.2170.18.9.27
1.2.2316.2.1.7.1
1.2.2320.4.2.18.1.5
1.2.2516.4.2.9
1.2.2759.4.2.5
1.2.2867.2.1.2.1.16.3
1.2.2895.2.1.1.2.26.2.18
1.2.2895.2.1.1.2.27.3
1.2.2967.4.2.6.1.12.2.16
1.2.3027.2.1.1.1
1.2.3063.10.5.10.4
1.2.3167.1
1.2.3170.2.1.2
1.2.3191.2.1.4.2.12
1.2.3344.10.5.25.5.4.1.32
1.2.3393.2.1.2.2
1.2.3450.6.3.13
1.2.3510.12.6.39.4.22
1.2.3560.6.3
1.2.3661.2.1.2.2
1.2.3687.2.1
1.2.3857.6.3
1.2.3877.3
1.2.3898.2.1.1.1.8
1.2.3976.2.1.3.1.29.3
1.2.3988.2.1
1.2.4022.8.4.19.3.1.1.6.6
1.2.4033.2.1.1.1.11
1.2.4039.10.5.12.2
1.2.4048.1
1.2.4078.6.3.9
1.2.4092.2.1.1.1.3
1.2.4119.1
1.2.4183.4.2.5
1.2.4228.2.1
1.2.4322.6.3.8.3.6
1.2.4358.8.4.7
1.2.4453.14.7.19.3
1.2.4512.4.2.3.1
1.2.4523.2.1
1.2.4637.10.5.17.3.5.1.23
1.2.4651.4.2.3.1.5.1.4
1.2.4654.2.1.3.1.3.2
1.2.4723.12.6.37.6.30
1.2.4930.4.2
1.2.4978.14.7
1.2.4988.2.1.3.2.27.7
1.2.5009.10.5
1.2.5079.2.1.3.1
1.2.5307.2.1.2.2.2.1.8
1.2.5633.2.1.3.1.3.3
1.2.5635.2.1.7
1.2.5659.8.4.11.4.7.2
1.5.14.10.2.1.1
1.5.510.9.2.1.6.2.20
1.5.570.16.2.1.2.2.5
1.5.772.11.2.1.6.5.24.6
1.5.791.14.2.1
1.5.812.8.2.1.20
1.5.864.8.2.1.1.1
1.5.923.7.2.1.5.7.47
1.5.937.8.2.1.9.3.17.4
1.5.968.15.2.1.22.1.2
1.5.1076.19.2.1.8.6.30
1.5.1091.7.2.1.6.3
1.5.1137.7.2.1.2.2
1.5.1335.8.2.1.6.1.2.6
1.5.1347.19.2.1.10
1.5.1516.9.2.1.8.3.7.3.7
1.5.1580.15.2.1
1.5.1803.7.2.1.4
1.5.2242.13.2.1.13.1.8
1.5.2299.5.2.1.26.10
1.5.2361.7.2.1.9
1.5.2450.9.2.1
1.5.2501.8.2.1.5.3.12.4.10
1.5.2595.9.2.1
1.5.2707.12.2.1
1.5.2807.10.2.1.9.1.10
1.5.3044.8.2.1.10.4.15.4.13
1.5.3064.8.2.1.4.2.18
1.5.3125.7.2.1
1.5.3166.7.2.1.3.1
1.5.3206.7.2.1.4.2.8
1.5.3266.12.2.1.19.1.2
1.5.3319.7.2.1.5
1.5.3424.14.2.1.2.1
1.5.3684.7.2.1
1.5.3702.14.2.1.10.3
1.5.3709.10.2.1.2.2.3.4
1.5.3745.8.2.1.1.1.17
1.5.3747.14.2.1.6.3
1.5.3781.19.2.1.6
1.5.3998.11.2.1.3.4.42
1.5.4024.9.2.1.8.2.9.1.1
1.5.4086.8.2.1.2.4.7.1
1.5.4303.24.2.1.5.1.1.1.2
1.5.4312.10.2.1.5.1.2
1.5.4365.7.2.1
1.5.4717.6.2.1.2.2
1.5.4948.10.2.1.17
1.5.5199.9.2.1.5.1.2
1.5.5201.9.2.1.12
1.5.5215.11.2.1.29.7
1.5.5220.11.2.1
1.5.5469.10.2.1.3.1.10.7.21
1.5.5473.10.2.1
1.5.5606.10.2.1.2.2
1.5.5610.9.2.1.7.4.22.2.12
1.5.5781.8.2.1.13.2.3.1
1.5.5930.10.2.1.11.1
1.5.6134.7.2.1.2.1.11
1.5.6227.9.2.1.9.1.1.1
1.5.6316.6.2.1.2.2
1.5.6334.9.2.1.8
1.5.6444.8.2.1.8.1.2.1
1.5.6459.13.2.1.4
1.5.6513.15.2.1.10.1.1
1.5.6621.20.2.1.11
1.5.6672.7.2.1
1.5.6673.9.2.1.2
1.5.6759.5.2.1.16.3.6
1.5.6796.8.2.1.26.2
1.5.6834.13.2.1.6.2
1.5.6898.11.2.1.7.1.12.7
1.5.7004.9.2.1.1.1.39.4.8
1.5.7059.13.2.1.12
1.5.7130.9.2.1.28.3.7
1.5.7186.10.2.1.3.2.6.1
1.5.7629.8.2.1.4.4.14.2.5
1.5.7645.15.2.1
1.5.7690.24.2.1.7
1.5.8010.8.2.1.1.1
1.5.8069.7.2.1.5.7.47
1.5.8083.8.2.1.9.3.17.4
1.5.8114.15.2.1.22.1.2
1.5.8142.7.2.1.17.6
1.5.8234.29.2.1.3.1.9.7.48
1.5.8526.10.2.1
1.5.8539.9.2.1.2.1.20
1.5.8591.15.2.1
1.5.8653.9.2.1.8.3.7.3.7
1.5.8949.7.2.1.4
1.5.9392.13.2.1.15.1.8
1.5.9449.10.2.1.8.3.32.7
1.5.9505.7.2.1.9
1.5.9598.9.2.1
1.5.9649.8.2.1.5.3.12.4.10
1.5.9787.6.2.1.5.2
1.5.9931.10.2.1.9.1.10
1.5.10006.8.2.1.15
1.5.10075.5.2.1.3.5
1.5.10103.13.2.1.49.10
1.5.10166.8.2.1.10.4.15.4.13
1.5.10247.7.2.1
1.5.10320.13.2.1.12.6
1.5.10390.12.2.1.19.1.2
1.5.10439.7.2.1.5
1.5.10540.14.2.1.2.1
1.5.10789.7.2.1
1.5.10843.8.2.1.12.2
1.5.10886.17.2.1.4
1.5.10895.13.2.1.9.3.7.2.22
1.5.10971.7.2.1
1.5.11080.7.2.1.9.4.42.1
1.5.11105.8.2.1.8.1.12
1.5.11145.12.2.1.29.2.17.4.7.1
1.5.11164.9.2.1.7.2
1.5.11351.24.2.1.5.1.1.1.2
1.5.11360.10.2.1.5.1.2
1.5.11417.8.2.1.2.5.13
1.5.11660.5.2.1
1.5.11675.21.2.1.3.1.5.1.1.21
1.5.11730.14.2.1.6.5
1.5.11931.6.2.1.16.6.11.6
1.5.11941.10.2.1.12.1.10.6.8
1.5.11961.19.2.1.8.1.20.1
1.5.12203.9.2.1.5.1.2
1.5.12205.9.2.1.12
1.5.12219.11.2.1.29.7
1.5.12273.8.2.1.5.2
1.5.12482.10.2.1.3.1.10.7.21
1.5.12486.10.2.1
1.5.12618.10.2.1.2.2
1.5.12622.9.2.1.7.4.22.2.12
1.5.12790.8.2.1.13.2.3.1
1.5.12936.6.2.1.12.3
1.5.13148.18.2.1.7.3.10.4.29
1.5.13152.7.2.1.10.6.27.2
1.5.13160.6.2.1.5.1
1.5.13259.9.2.1.9.1.1.1
1.5.13376.9.2.1.7
1.5.13486.8.2.1.8.1.2.1
1.5.13501.13.2.1.4
1.5.13616.14.2.1.3.2.2.1.19
1.5.13666.20.2.1.7
1.5.13783.13.2.1.26
1.5.13825.13.2.1
1.5.13919.6.2.1.10.1.7.3
1.5.14027.9.2.1.1.1.39.4.8
1.5.14053.7.2.1.14.4.27.7.31
1.5.14089.13.2.1.12
1.5.14170.9.2.1.29.3.7
1.5.14211.11.2.1.2.1.11.2.5
1.5.14229.6.2.1.12.1
1.5.14691.6.2.1.1.1.4
1.5.14698.8.2.1.11.2.4.1.1
1.5.14750.16.2.1.2.2.5
1.5.14951.11.2.1.6.5.24.6
1.5.14993.14.2.1.11
1.5.15046.8.2.1.1.1
1.5.15072.6.2.1.5.1
1.5.15110.18.2.1.9.4.5.7.8
1.5.15124.16.2.1
1.5.15158.15.2.1.27.1.2
1.5.15264.6.2.1.5.1
1.5.15282.12.2.1
1.5.15550.19.2.1.10
1.5.15719.9.2.1.8.3.7.3.7
1.5.16469.13.2.1.13.1.8
1.5.16535.5.2.1.5.2
1.5.16597.7.2.1.9
1.5.16690.9.2.1
1.5.16734.8.2.1.5.3.12.5.8
1.5.16818.9.2.1
1.5.16929.12.2.1
1.5.17035.10.2.1.9.1.10
1.5.17112.8.2.1.15
1.5.17181.5.2.1.3.5
1.5.17209.13.2.1.49.10
1.5.17266.10.2.1.1.1.7
1.5.17385.6.2.1.12.3
1.5.17430.15.2.1.8.4.12
1.5.17521.6.2.1.3.3.28
1.5.17567.15.2.1.4
1.5.17611.6.2.1.1.1
1.5.17677.14.2.1.2.1
1.5.17944.10.2.1
1.5.17981.8.2.1.1.1.17
1.5.17983.14.2.1.6.3
1.5.18017.19.2.1.6
1.5.18100.17.2.1.2
1.5.18226.11.2.1.3.4.42
1.5.18252.9.2.1.8.2.9.1.1
1.5.18314.8.2.1.2.4.7.1
1.5.18524.9.2.1.10.2.2
1.5.18543.10.2.1.16.5.27
1.5.18548.10.2.1.6.1.2.1
1.5.18597.7.2.1
1.5.18861.5.2.1
1.5.18874.9.2.1.10.1.1.3
1.5.18923.14.2.1.6.5
1.5.19134.15.2.1.25
1.5.19148.19.2.1.8.1.32.1
1.5.19381.9.2.1.5.1.2
1.5.19383.9.2.1.12
1.5.19397.11.2.1.29.7
1.5.19649.6.2.1.17.3.6
1.5.19783.10.2.1.2.2
1.5.19787.9.2.1.7.4.22.2.12
1.5.20102.6.2.1.12.3
1.5.20302.9.2.1.5
1.5.20310.7.2.1.22.7.11.2
1.5.20320.9.2.1.1.1.1.1.61
1.5.20404.13.2.1.3.13.54.1
1.5.20503.6.2.1.2.2
1.5.20521.9.2.1.8
1.5.20637.8.2.1.8.1.2.1
1.5.20652.13.2.1.4
1.5.20712.5.2.1.12.5
1.5.20766.14.2.1.3.2.2.1.19
1.5.20807.9.2.1.11.1.3
1.5.20807.9.2.1.12.2.10
1.5.20927.5.2.1.16.3.6
1.5.21001.13.2.1.6.2
1.5.21064.11.2.1.7.1.23.8
1.5.21076.5.2.1.9.6
1.5.21162.17.2.1.6.5.11
1.5.21171.12.2.1.9.3
1.5.21206.7.2.1.14.4.16.7.10
1.5.21334.9.2.1.28.3.7
1.5.21390.10.2.1.3.2.6.1
1.5.21443.6.2.1
1.5.21854.9.2.1.6.2.20
1.5.21912.24.2.1.7
1.5.22142.8.2.1.20
1.5.22195.8.2.1.1.1
1.5.22221.6.2.1.5.1
1.5.22259.18.2.1.9.4.5.7.8
1.5.22273.16.2.1
1.5.22307.15.2.1.27.1.2
1.5.22335.7.2.1.17.6
1.5.22373.16.2.1.10.6
1.5.22596.17.2.1.5.3
1.5.22732.9.2.1.2.1.25
1.5.22805.6.2.1.5.2
1.5.23084.8.2.1.2.1.31.4
1.5.23147.7.2.1.4
1.5.23341.7.2.1.12.6
1.5.23591.13.2.1.13.1.8
1.5.23782.9.2.1
1.5.23826.8.2.1.5.3.12.5.8
1.5.23929.9.2.1.5.4
1.5.23968.6.2.1.5.2
1.5.24115.10.2.1.9.1.10
1.5.24193.16.2.1.1
1.5.24265.5.2.1.3.5
1.5.24293.13.2.1.49.10
1.5.24350.10.2.1.1.1.7
1.5.24366.10.2.1.4
1.5.24469.7.2.1.3.1
1.5.24507.15.2.1.8.4.12
1.5.24598.6.2.1.3.3.28
1.5.24644.15.2.1.4
1.5.25041.8.2.1.10.3
1.5.25084.17.2.1.4
1.5.25088.7.2.1.2
1.5.25156.17.2.1.2
1.5.25291.7.2.1.9.4.42.1
1.5.25316.8.2.1.8.1.12
1.5.25477.16.2.1
1.5.25569.24.2.1.5.1.1.1.2
1.5.25578.10.2.1.5.1.2
1.5.25631.7.2.1
1.5.25983.6.2.1.2.2
1.5.26192.10.2.1.12.1.10.6.8
1.5.26212.19.2.1.8.1.20.1
1.5.26443.20.2.1.6.1.3.3
1.5.26464.7.2.1.7.2.5.4
1.5.26629.12.2.1.5.1
1.5.26657.8.2.1.32.1
1.5.26704.6.2.1.17.3.6
1.5.26838.6.2.1.9.7.43
1.5.27109.5.2.1.7.2
1.5.27130.6.2.1.12.3
1.5.27351.18.2.1.7.3.10.4.30
1.5.27355.7.2.1.10.6.27.2
1.5.27363.6.2.1.5.1
1.5.27462.9.2.1.9.1.1.1
1.5.27579.9.2.1.7
1.5.27695.8.2.1.1.3.6.4.30.3
1.5.27720.29.2.1.6.6
1.5.27763.15.2.1.4.1.1
1.5.27814.14.2.1.3.2.2.1.19
1.5.27871.20.2.1.11
1.5.27985.13.2.1.26
1.5.28031.13.2.1
1.5.28063.13.2.1.6.2
1.5.28126.11.2.1.7.1.23.8
1.5.28170.11.2.1.2.1.12.2
1.5.28233.8.2.1.2
1.5.28241.7.2.1.19.1.18
1.5.28271.7.2.1.14.4.50.7.22
1.5.28307.13.2.1.12
1.5.28378.9.2.1.28.3.7
1.5.28434.10.2.1.3.2.6.1
1.5.28487.6.2.1
1.5.28683.10.2.1.4
1.5.28689.6.2.1
1.5.28878.12.2.1.1.1.1.2.1
1.5.28940.16.2.1.2.2.5
1.5.29141.11.2.1.6.5.24.6
1.5.29160.14.2.1
1.5.29181.8.2.1.20
1.5.29234.8.2.1.1.1
1.5.29293.7.2.1.5.7.47
1.5.29307.8.2.1.9.3.17.4
1.5.29338.15.2.1.22.1.2
1.5.29449.19.2.1.8.6.30
1.5.29464.7.2.1.6.3
1.5.29510.7.2.1.2.2
1.5.29629.17.2.1.5.3
1.5.29734.5.2.1.9.2.13
1.5.29879.8.2.1.2.2.3.5
1.5.29897.9.2.1.8.3.7.3.7
1.5.30676.12.2.1.3.3.5.1.1
1.5.30740.19.2.1.7.2.7.7
1.5.30885.9.2.1
1.5.31127.12.2.1
1.5.31231.10.2.1.9.1.10
1.5.31307.13.2.1.5
1.5.31373.5.2.1.3.5
1.5.31401.13.2.1.49.10
1.5.31447.14.2.1
1.5.31484.10.2.1.7
1.5.31543.7.2.1
1.5.31587.7.2.1.3.1
1.5.31625.15.2.1.8.4.12
1.5.31712.12.2.1.19.1.2
1.5.31758.15.2.1.4
1.5.31854.18.2.1.15.3.6.1
1.5.32118.7.2.1
1.5.32172.8.2.1.12.2
1.5.32215.17.2.1.4
1.5.32221.6.2.1.9.1.9
1.5.32290.17.2.1.2
1.5.32425.7.2.1.9.4.42.1
1.5.32450.8.2.1.8.1.12
1.5.32612.16.2.1
1.5.32701.9.2.1.10.2.2
1.5.32720.10.2.1.16.5.27
1.5.32725.10.2.1.6.1.2.1
1.5.33047.21.2.1.3.1.5.1.1.25
1.5.33104.6.2.1.2.2
1.5.33330.15.2.1.25
1.5.33344.19.2.1.8.1.32.1
1.5.33588.9.2.1.5.1.2
1.5.33590.9.2.1.12
1.5.33604.11.2.1.29.7
1.5.33609.11.2.1
1.5.33849.6.2.1.17.3.6
1.5.33984.6.2.1.8.5.38.2.47
1.5.34149.8.2.1.13.2.3.1
1.5.34305.10.2.1.11.1
1.5.34500.18.2.1.7.3.10.4.32
1.5.34504.7.2.1.10.6.27.2
1.5.34512.6.2.1.5.1
1.5.34607.9.2.1.9.1.1.1
1.5.34724.9.2.1.7
1.5.34753.20.2.1.17.2.3.2
1.5.34759.9.2.1
1.5.34777.10.2.1.23
1.5.34872.14.2.1.7.3.8.1.1.12
1.5.35007.14.2.1.3.2.2.1.19
1.5.35064.20.2.1.11
1.5.35115.7.2.1
1.5.35116.9.2.1.2
1.5.35198.5.2.1.16.3.6
1.5.35269.13.2.1.6.2
1.5.35333.11.2.1.7.1.12.7
1.5.35345.5.2.1.9.6
1.5.35437.9.2.1.1.1.39.4.8
1.5.35579.8.2.1.7.3.11
1.5.35623.11.2.1.2.1.11.2.5
1.5.35641.6.2.1.12.1
1.5.36088.8.2.1.4.4.14.2.5
1.5.36104.15.2.1
1.5.36144.24.2.1.7
1.5.36379.8.2.1.20
1.5.36431.8.2.1.1.1
1.5.36490.7.2.1.5.7.47
1.5.36504.8.2.1.9.3.17.4
1.5.36535.15.2.1.22.1.2
1.5.36563.7.2.1.17.6
1.5.36601.16.2.1.10.6
1.5.36651.19.2.1.8.6.30
1.5.36904.8.2.1.6.1.2.6
1.5.36916.19.2.1.10
1.5.37087.9.2.1.8.3.7.3.7
1.5.37370.7.2.1.4
1.5.37820.10.2.1.4.2.5.1.4
1.5.37933.7.2.1.9
1.5.38026.9.2.1
1.5.38070.8.2.1.5.3.12.5.8
1.5.38176.9.2.1.5.4
1.5.38215.6.2.1.5.2
1.5.38365.10.2.1.9.1.10
1.5.38426.8.2.1.15
1.5.38495.5.2.1.3.5
1.5.38523.13.2.1.49.10
1.5.38580.10.2.1.1.1.7
1.5.38704.7.2.1.3.1
1.5.38735.13.2.1.12.6
1.5.38827.6.2.1.3.3.28
1.5.38873.15.2.1.4
1.5.38917.6.2.1.1.1
1.5.38995.5.2.1.3.2
1.5.39214.7.2.1
1.5.39268.8.2.1.10.3
1.5.39310.19.2.1.6
1.5.39320.12.2.1.7.3.5
1.5.39387.17.2.1.2
1.5.39522.7.2.1.9.4.42.1
1.5.39547.8.2.1.8.1.12
1.5.39603.8.2.1.1.1
1.5.39614.5.2.1
1.5.39787.9.2.1.10.2.2
1.5.39806.10.2.1.16.5.27
1.5.39811.10.2.1.6.1.2.1
1.5.39860.7.2.1
1.5.39977.9.2.1.2.2.9.2.9
1.5.40100.5.2.1
1.5.40113.9.2.1.10.1.1.3
1.5.40384.10.2.1.17
1.5.40633.9.2.1.5.1.2
1.5.40635.9.2.1.12
1.5.40649.11.2.1.29.7
1.5.40898.10.2.1.3.1.10.7.21
1.5.40902.10.2.1
1.5.41029.10.2.1.2.2
1.5.41033.9.2.1.7.4.22.2.12
1.5.41339.6.2.1.12.3
1.5.41531.7.2.1.18.1
1.5.41551.6.2.1.5.1
1.5.41650.9.2.1.9.1.1.1
1.5.41767.9.2.1.7
1.5.41796.20.2.1.17.2.3.2
1.5.41802.9.2.1
1.5.41820.10.2.1.23
1.5.41915.14.2.1.7.3.8.1.1.12
1.5.42211.13.2.1.26
1.5.42253.13.2.1
1.5.42345.6.2.1.10.1.7.3
1.5.42455.17.2.1.6.5.11
1.5.42464.12.2.1.9.3
1.5.42503.7.2.1.14.4.16.7.12
1.5.42539.13.2.1.12
1.5.42620.9.2.1.28.3.7
1.5.42661.11.2.1.2.1.11.2.5
1.5.42679.6.2.1.12.1
1.5.43164.6.2.1.1.1.4
1.5.43171.8.2.1.11.2.4.1.1
1.5.43221.16.2.1.2.2.5
1.5.43462.14.2.1.11
1.5.43514.8.2.1.1.1
1.5.43573.7.2.1.5.7.47
1.5.43596.16.2.1
1.5.43630.15.2.1.27.1.2
1.5.43658.7.2.1.17.6
1.5.43691.16.2.1.10.6
1.5.44023.5.2.1.9.2.13
1.5.44491.7.2.1.4
1.5.44933.13.2.1.13.1.8
1.5.45033.7.2.1.9
1.5.45126.9.2.1
1.5.45177.8.2.1.5.3.12.4.10
1.5.45276.9.2.1.5.4
1.5.45315.6.2.1.5.2
1.5.45355.12.2.1
1.5.45461.10.2.1.9.1.10
1.5.45539.16.2.1.1
1.5.45702.10.2.1.1.1.7
1.5.45721.8.2.1.4.2.18
1.5.45782.7.2.1
1.5.45823.7.2.1.3.1
1.5.45861.15.2.1.8.4.12
1.5.45945.12.2.1.19.1.2
1.5.45991.15.2.1.4
1.5.46077.18.2.1.15.3.6.1
1.5.46113.5.2.1.3.2
1.5.46400.8.2.1.10.3
1.5.46442.19.2.1.6
1.5.46524.17.2.1.2
1.5.46664.7.2.1.9.4.41.1
1.5.46777.8.2.1.3.1.4.3
1.5.46784.7.2.1.2.2.3.3
1.5.46878.8.2.1
1.5.46973.9.2.1.10.2.2
1.5.46992.10.2.1.16.5.27
1.5.46997.10.2.1.6.1.2.1
1.5.47041.17.2.1.5.1.4.1
1.5.47360.6.2.1.2.2
1.5.47513.8.2.1
1.5.47558.10.2.1.12.1.10.6.8
1.5.47578.19.2.1.8.1.20.1
1.5.47821.9.2.1.5.1.2
1.5.47823.9.2.1.12
1.5.47837.11.2.1.29.7
1.5.47857.6.2.1.10.2
1.5.48098.10.2.1.3.1.10.7.21
1.5.48102.10.2.1
1.5.48229.10.2.1.2.2
1.5.48233.9.2.1.7.4.22.2.12
1.5.48386.9.2.1.4.2.3.1
1.5.48528.6.2.1.12.3
1.5.48735.18.2.1.7.3.10.4.29
1.5.48739.7.2.1.10.6.27.2
1.5.48747.6.2.1.5.1
1.5.48834.13.2.1.3.13.44.1
1.5.48961.9.2.1.7
1.5.49108.13.2.1.4
1.5.49164.15.2.1.4.1.1
1.5.49215.14.2.1.3.2.2.1.19
1.5.49260.20.2.1.13
1.5.49303.7.2.1
1.5.49304.9.2.1.2
1.5.49372.13.2.1.26
1.5.49418.13.2.1
1.5.49449.13.2.1.6.2
1.5.49516.6.2.1.30.1.16.7
1.5.49618.17.2.1.6.5.11
1.5.49625.12.2.1.6.3.10
1.5.49660.7.2.1.14.4.16.7.12
1.5.49696.13.2.1.12
1.5.49787.9.2.1.28.3.7
1.5.49843.10.2.1.3.2.6.1
1.5.50317.12.2.1.1.1.1.2.1
1.5.50381.16.2.1.2.2.5
1.5.50583.11.2.1.6.5.24.6
1.5.50602.14.2.1
1.5.50623.8.2.1.20
1.5.50675.8.2.1.1.1
1.5.50734.7.2.1.5.7.47
1.5.50748.8.2.1.9.3.17.4
1.5.50779.15.2.1.22.1.2
1.5.50807.7.2.1.17.6
1.5.50840.16.2.1.10.6
1.5.50890.19.2.1.8.6.30
1.5.51056.17.2.1.5.3
1.5.51161.5.2.1.9.2.13
1.5.51180.10.2.1
1.5.51193.9.2.1.2.1.20
1.5.51266.6.2.1.5.2
1.5.51311.15.2.1.2.2.4.4.42
1.5.52075.13.2.1.13.1.8
1.5.52137.19.2.1.7.2.7.7
1.5.52285.9.2.1
1.5.52336.8.2.1.5.3.12.4.10
1.5.52486.6.2.1.5.2
1.5.52495.7.2.1
1.5.52530.12.2.1
1.5.52639.10.2.1.9.1.10
1.5.52716.8.2.1.15
1.5.52785.5.2.1.3.5
1.5.52813.13.2.1.49.10
1.5.52876.8.2.1.10.4.15.4.13
1.5.52960.7.2.1
1.5.53043.15.2.1.8.4.12
1.5.53111.6.2.1.3.3.28
1.5.53157.15.2.1.4
1.5.53253.14.2.1.2.1
1.5.53429.12.2.1.7.2
1.5.53500.7.2.1
1.5.53554.8.2.1.10.3
1.5.53597.17.2.1.4
1.5.53603.6.2.1.9.1.9
1.5.53678.17.2.1.2
1.5.53804.11.2.1.3.4.42
1.5.53830.9.2.1.8.2.9.1.1
1.5.53892.8.2.1.2.4.7.1
1.5.53929.8.2.1.3.1.4.3
1.5.53936.7.2.1.2.2.3.3
1.5.54100.9.2.1.10.2.2
1.5.54119.10.2.1.16.5.27
1.5.54124.10.2.1.6.1.2.1
1.5.54168.17.2.1.5.1.4.1
1.5.54300.9.2.1.2.2.9.2.7
1.5.54451.9.2.1.10.1.1.3
1.5.54501.14.2.1.6.5
1.5.54973.9.2.1.5.1.2
1.5.54975.9.2.1.12
1.5.54989.11.2.1.29.7
1.5.54994.11.2.1
1.5.55240.6.2.1.17.3.6
1.5.55372.6.2.1.9.7.29
1.5.55533.8.2.1.13.2.3.1
1.5.55648.5.2.1.7.2
1.5.55669.6.2.1.12.3
1.5.55884.18.2.1.7.3.10.4.29
1.5.55888.7.2.1.10.6.27.2
1.5.55896.6.2.1.5.1
1.5.55990.9.2.1.9.1.1.1
1.5.56107.9.2.1.7
1.5.56217.8.2.1.8.1.2.1
1.5.56232.13.2.1.4
1.5.56390.20.2.1.11
1.5.56503.13.2.1.26
1.5.56549.13.2.1
1.5.56581.13.2.1.6.2
1.5.56643.6.2.1.10.1.7.3
1.5.56748.8.2.1.2
1.5.56759.12.2.1.20.5
1.5.56797.7.2.1.14.4.16.7.12
1.5.56833.13.2.1.12
1.5.56914.9.2.1.28.3.7
1.5.56970.10.2.1.3.2.6.1
1.5.57023.6.2.1
1.5.57430.6.2.1.1.1.4
1.5.57437.8.2.1.11.2.4.1.1
1.5.57441.12.2.1
1.5.57484.24.2.1.7
1.5.57721.11.2.1.8.3.7.6.28
1.5.57769.8.2.1.1.1
1.5.57795.6.2.1.5.1
1.5.57833.18.2.1.9.4.5.7.8
1.5.57848.8.2.1.9.3.17.4
1.5.57879.15.2.1.22.1.2
1.5.57993.12.2.1.5
1.5.57998.12.2.1
1.5.58271.5.2.1.9.2.13
1.5.58290.10.2.1
1.5.58303.9.2.1.2.1.20
1.5.58500.15.2.1
1.5.59193.13.2.1.13.1.8
1.5.59259.5.2.1.26.10
1.5.59321.7.2.1.9
1.5.59414.9.2.1
1.5.59458.8.2.1.5.3.12.5.8
1.5.59620.6.2.1.5.2
1.5.59629.7.2.1
1.5.59664.12.2.1
1.5.59767.10.2.1.9.1.10
1.5.59844.8.2.1.15
1.5.59913.5.2.1.3.5
1.5.59941.13.2.1.49.10
1.5.59998.10.2.1.1.1.7
1.5.60017.8.2.1.4.2.18
1.5.60078.7.2.1
1.5.60119.7.2.1.3.1
1.5.60157.15.2.1.8.4.12
1.5.60235.12.2.1.19.1.2
1.5.60281.15.2.1.4
1.5.60367.18.2.1.15.3.6.1
1.5.60668.10.2.1
1.5.60705.8.2.1.1.1.17
1.5.60707.14.2.1.6.3
1.5.60741.19.2.1.6
1.5.60826.17.2.1.2
1.5.60961.7.2.1.9.4.42.1
1.5.60986.8.2.1.8.1.12
1.5.61026.11.2.1.29.2.17.4.7.1
1.5.61045.9.2.1.7.2
1.5.61139.16.2.1
1.5.61228.9.2.1.10.2.2
1.5.61247.10.2.1.16.5.27
1.5.61252.10.2.1.6.1.2.1
1.5.61305.8.2.1.2.5.13
1.5.61553.9.2.1.10.1.1.3
1.5.61828.15.2.1.25
1.5.61842.19.2.1.8.1.32.1
1.5.62088.9.2.1.5.1.2
1.5.62090.9.2.1.12
1.5.62104.11.2.1.29.7
1.5.62109.11.2.1
1.5.62124.6.2.1.10.2
1.5.62362.6.2.1.17.3.6
1.5.62494.10.2.1.2.2
1.5.62828.10.2.1.11.1
1.5.62876.9.2.1
1.5.63043.18.2.1.7.3.10.4.31
1.5.63047.7.2.1.10.6.27.2
1.5.63055.6.2.1.5.1
1.5.63142.9.2.1.9.1.1.1
1.5.63259.9.2.1.7
1.5.63288.20.2.1.17.2.3.2
1.5.63294.9.2.1
1.5.63312.10.2.1.23
1.5.63407.14.2.1.7.3.8.1.1.12
1.5.63540.14.2.1.3.2.2.1.19
1.5.63717.5.2.1.16.3.6
1.5.63787.13.2.1.6.2
1.5.63855.6.2.1.30.1.16.7
1.5.63955.17.2.1.6.5.11
1.5.63964.12.2.1.9.3
1.5.64109.9.2.1.28.3.7
1.5.64150.11.2.1.2.1.11.2.5
1.5.64168.6.2.1.12.1
1.5.64658.6.2.1.1.1.4
1.5.64665.8.2.1.11.2.4.1.1
1.5.64715.16.2.1.2.2.5
1.5.64911.11.2.1.6.5.24.6
1.5.64951.11.2.1.8.3.7.6.28
1.5.64954.17.2.1.5.3
1.5.64996.8.2.1.1.1
1.5.65055.7.2.1.5.7.47
1.5.65069.8.2.1.9.3.17.4
1.5.65100.15.2.1.22.1.2
1.5.65170.16.2.1.10.6
1.5.65206.7.2.1.19.1
1.5.65220.12.2.1.10
1.5.65220.12.2.1.11
1.5.65225.12.2.1
1.5.65239.7.2.1.6.3
1.5.65285.7.2.1.2.2
1.5.65404.17.2.1.5.3
1.5.65511.19.2.1.10
1.5.65620.15.2.1
1.5.65684.15.2.1.2.2.4.4.73
1.5.65999.7.2.1.4
1.5.66429.13.2.1.13.1.8
1.5.66629.9.2.1
1.5.66680.8.2.1.5.3.12.4.10
1.5.66786.9.2.1.5.4
1.5.66871.12.2.1
1.5.66974.10.2.1.9.1.10
1.5.67052.16.2.1.1
1.5.67216.10.2.1.1.1.7
1.5.67235.8.2.1.4.2.18
1.5.67340.7.2.1.3.1
1.5.67378.15.2.1.8.4.12
1.5.67465.12.2.1.19.1.2
1.5.67511.15.2.1.4
1.5.67634.5.2.1.3.2
1.5.67860.7.2.1
1.5.67880.10.2.1
1.5.67917.8.2.1.1.1.17
1.5.67919.14.2.1.6.3
1.5.67953.19.2.1.6
1.5.68184.7.2.1.9.4.41.1
1.5.68209.8.2.1.8.1.12
1.5.68294.8.2.1.3.1.4.3
1.5.68301.7.2.1.2.2.3.3
1.5.68478.24.2.1.5.1.1.1.2
1.5.68487.10.2.1.5.1.2
1.5.68535.17.2.1.5.1.4.1
1.5.68768.5.2.1
1.5.68781.9.2.1.10.1.1.3
1.5.68855.8.2.1.36.11.29.2
1.5.69036.10.2.1.12.1.10.6.8
1.5.69056.19.2.1.8.1.20.1
1.5.69302.20.2.1.6.1.3.3
1.5.69323.7.2.1.7.2.5.4
1.5.69488.12.2.1.5.1
1.5.69516.8.2.1.32.1
1.5.69567.10.2.1.3.1.10.7.21
1.5.69571.10.2.1
1.5.69858.8.2.1.13.2.3.1
1.5.70024.10.2.1.11.1
1.5.70207.7.2.1.18.1
1.5.70227.6.2.1.5.1
1.5.70326.9.2.1.9.1.1.1
1.5.70443.9.2.1.7
1.5.70472.20.2.1.17.2.3.2
1.5.70478.9.2.1
1.5.70496.10.2.1.23
1.5.70591.14.2.1.7.3.8.1.1.12
1.5.70717.14.2.1.3.2.2.1.19
1.5.70764.20.2.1.7
1.5.70878.13.2.1.26
1.5.70920.13.2.1
1.5.70958.13.2.1.6.2
1.5.71030.11.2.1.7.1.12.7
1.5.71127.17.2.1.6.5.11
1.5.71136.12.2.1.9.3
1.5.71211.13.2.1.12
1.5.71224.7.2.1.42.9.30.6
1.5.71280.9.2.1.29.3.7
1.5.71336.10.2.1.3.2.6.1
1.5.71594.10.2.1.4
1.5.71600.6.2.1
1.5.71814.12.2.1.1.1.1.2.1
1.5.71878.16.2.1.2.2.5
1.6.141.8.2.1.2
1.6.197.8.2.1.1.1
1.6.285.8.2.1.2
1.6.296.8.2.1
1.6.396.8.2.1
1.6.411.8.2.1.3.1.7.4
1.6.564.8.2.1.18.4.16.5
1.6.634.8.2.1
1.6.657.8.2.1.17.1.3.1
1.6.808.8.2.1.10
1.6.1443.8.2.1.6.2
1.6.1528.8.2.1
1.6.1530.8.2.1
1.6.1662.8.2.1
1.6.2077.8.2.1.3.2.4.2.9
1.6.2399.8.2.1.3
1.6.2400.8.2.1
1.6.2541.8.2.1
1.6.2549.8.2.1
1.6.2692.8.2.1.18.2.2.2.23
1.6.2707.8.2.1.8.5.20.1.3
1.6.2790.8.2.1
1.6.2879.8.2.1.28.1.6
1.6.2971.8.2.1.7.2.1.4.11
1.6.3039.8.2.1.1.3
1.6.3106.8.2.1.13.1.5.1
1.6.3364.8.2.1.6.2.8.1
1.6.3488.8.2.1.2.1
1.6.3496.8.2.1.7.3.10
1.6.3547.8.2.1.6.2.4
1.6.3560.8.2.1.19.2.3
1.6.3650.8.2.1.7.2.9.2.2
1.6.3653.8.2.1.13.1.21
1.6.3700.8.2.1
1.6.3703.8.2.1
1.6.3835.8.2.1.2.1.5.1.2
1.6.3855.8.2.1
1.6.3863.8.2.1
1.6.3864.8.2.1.43.1.36.2
1.6.3919.8.2.1.1.6
1.6.4012.8.2.1
1.6.4036.8.2.1
1.6.4136.8.2.1.42.3.7
1.6.4155.8.2.1.3.3.11
1.6.4211.8.2.1
1.6.4222.8.2.1.1.1.3
1.6.4278.8.2.1.2
1.6.4384.8.2.1
1.6.4452.8.2.1.19.6
1.6.4578.8.2.1.5.2
1.6.4684.8.2.1.3.2
1.6.4721.8.2.1
1.6.4781.8.2.1.3
1.6.4993.8.2.1.1.1
1.6.5086.8.2.1.15
1.6.5110.8.2.1.5.3
1.6.5357.8.2.1.6.1
1.6.5563.8.2.1.18
1.6.5684.8.2.1.9.1.14
1.6.5731.8.2.1
1.6.5771.8.2.1.1.1.2.2
1.6.5923.8.2.1.4.1
1.6.6106.8.2.1.1
1.6.6127.8.2.1.3.2
1.6.6140.8.2.1.3
1.6.6290.8.2.1
1.6.6321.8.2.1.6.1
1.6.6495.8.2.1
1.6.6544.8.2.1.26.6
1.6.6563.8.2.1.6.7
1.6.6668.8.2.1.1
1.6.6690.8.2.1.1.1.22.3.19
1.6.6729.8.2.1.4.3.14
1.6.6731.8.2.1.10.4.17
1.6.6770.8.2.1
1.6.6771.8.2.1.5.4.10
1.6.6867.8.2.1.24
1.6.7019.8.2.1.8.12
1.6.7073.8.2.1.12.3.12.3
1.6.7157.8.2.1.12
1.6.7178.8.2.1.3.2
1.6.7326.8.2.1.3
1.6.7385.8.2.1.6.1.1.1.1
1.6.7404.8.2.1
1.6.7492.8.2.1
1.6.7495.8.2.1.34.5
1.6.7519.8.2.1.16.5
1.6.7688.8.2.1.76.1.3
1.6.7952.8.2.1.8
1.6.7959.8.2.1.2.1.1.1.6
1.6.8178.8.2.1.4.2.15.10
1.6.8257.8.2.1.2.1.1
1.6.8286.8.2.1.16
1.6.8342.8.2.1.1.1
1.6.8430.8.2.1.2
1.6.8450.8.2.1.3.3
1.6.8552.8.2.1
1.6.8567.8.2.1.3.1.7.4
1.6.8583.8.2.1.4.2
1.6.8619.8.2.1.1
1.6.8620.8.2.1
1.6.8633.8.2.1.4.5
1.6.8798.8.2.1
1.6.8963.8.2.1
1.6.8979.8.2.1.8.2.2.1.9
1.6.9481.8.2.1.16
1.6.9651.8.2.1.6.2
1.6.9737.8.2.1
1.6.9739.8.2.1
1.6.9883.8.2.1
1.6.10310.8.2.1.3.2.4.2.9
1.6.10500.8.2.1.15.5.16.3
1.6.10628.8.2.1.3
1.6.10629.8.2.1
1.6.10643.8.2.1
1.6.10771.8.2.1
1.6.10779.8.2.1
1.6.10931.8.2.1.6.3.32.2.42
1.6.10946.8.2.1.3
1.6.11030.8.2.1.5.3
1.6.11112.8.2.1.8
1.6.11145.8.2.1.7.1
1.6.11181.8.2.1.4.1
1.6.11203.8.2.1.7.2.1.4.11
1.6.11271.8.2.1.1.3
1.6.11469.8.2.1.16.1.36.5
1.6.11600.8.2.1.15.1
1.6.11694.8.2.1.1
1.6.11712.8.2.1.2.1
1.6.11720.8.2.1.7.3.10
1.6.11771.8.2.1.6.2.4
1.6.11784.8.2.1.19.2.3
1.6.11866.8.2.1.7.2.9.2.2
1.6.11869.8.2.1.13.1.21
1.6.11916.8.2.1
1.6.11919.8.2.1
1.6.12051.8.2.1.2.1.5.1.2
1.6.12071.8.2.1
1.6.12079.8.2.1
1.6.12080.8.2.1.43.1.36.2
1.6.12235.8.2.1
1.6.12264.8.2.1.9.2
1.6.12267.8.2.1.2
1.6.12281.8.2.1.5.4.10.2
1.6.12358.8.2.1.13.3.5
1.6.12379.8.2.1.7.5.13
1.6.12385.8.2.1.13.1
1.6.12390.8.2.1
1.6.12609.8.2.1
1.6.12814.8.2.1.5.2
1.6.12920.8.2.1.3.2
1.6.13016.8.2.1.15
1.6.13329.8.2.1.15
1.6.13349.8.2.1.5.3
1.6.13581.8.2.1.6.1
1.6.13635.8.2.1.24
1.6.13761.8.2.1.27.1.4.3
1.6.13777.8.2.1.23
1.6.13887.8.2.1.9.1.14
1.6.13973.8.2.1.1.1.2.2
1.6.13988.8.2.1.2
1.6.14059.8.2.1.11.1.11.3
1.6.14065.8.2.1.11.5.6.5
1.6.14123.8.2.1.4.1
1.6.14321.8.2.1.1
1.6.14343.8.2.1.10.3.21
1.6.14349.8.2.1.9.5
1.6.14356.8.2.1.13.5.45
1.6.14496.8.2.1
1.6.14550.8.2.1.2.2
1.6.14629.8.2.1.7.1.12.4
1.6.14763.8.2.1.26.6
1.6.14783.8.2.1.6.9
1.6.14805.8.2.1.14.1
1.6.14825.8.2.1.1.1.2.1.1
1.6.14912.8.2.1.1
1.6.14934.8.2.1.1.1.22.3.19
1.6.14978.8.2.1.4.3.15
1.6.14982.8.2.1.6.4.18
1.6.15022.8.2.1.1.1
1.6.15107.8.2.1.18.4.37.6.19
1.6.15153.8.2.1.8.2.6.1
1.6.15259.8.2.1.11.5
1.6.15271.8.2.1.2.2.4.1
1.6.15324.8.2.1.2
1.6.15338.8.2.1
1.6.15388.8.2.1.12
1.6.15409.8.2.1.3.2
1.6.15557.8.2.1.3
1.6.15638.8.2.1
1.6.15727.8.2.1
1.6.15730.8.2.1.34.5
1.6.15754.8.2.1.16.5
1.6.15928.8.2.1.14.2
1.6.16054.8.2.1.6.1.4
1.6.16181.8.2.1.8
1.6.16188.8.2.1.2.1.1.1.6
1.6.16263.8.2.1
1.6.16279.8.2.1.7.3
1.6.16471.8.2.1.2.1
1.6.16571.8.2.1.1.1
1.6.16658.8.2.1.2
1.6.16678.8.2.1.3.3
1.6.16780.8.2.1
1.6.16825.8.2.1
1.6.16857.8.2.1.1
1.6.16858.8.2.1
1.6.16871.8.2.1.4.5
1.6.17153.8.2.1.2
1.6.17176.8.2.1
1.6.17192.8.2.1.8.2.2.1.9
1.6.17872.8.2.1.6.2
1.6.17960.8.2.1
1.6.17962.8.2.1
1.6.18168.8.2.1.51
1.6.18255.8.2.1.18.5.11.3
1.6.18507.8.2.1.3.2.4.2.9
1.6.18716.8.2.1.15.5.16.3
1.6.18848.8.2.1.3
1.6.18849.8.2.1
1.6.18863.8.2.1
1.6.18992.8.2.1
1.6.19000.8.2.1
1.6.19039.8.2.1.3.3
1.6.19159.8.2.1.6.3.32.2.27
1.6.19174.8.2.1.3
1.6.19258.8.2.1
1.6.19346.8.2.1.8
1.6.19428.8.2.1.7.2.1.4.11
1.6.19496.8.2.1.1.3
1.6.19629.8.2.1.11.2
1.6.19689.8.2.1.16.1.36.5
1.6.19773.8.2.1.10.3.8.2
1.6.19809.8.2.1
1.6.19820.8.2.1.4.3.12
1.6.19868.8.2.1.2.2
1.6.19878.8.2.1.4.5
1.6.19963.8.2.1.3.5.9
1.6.19969.8.2.1.3.2.6.2.10
1.6.20052.8.2.1.7.2.9.2.2
1.6.20055.8.2.1.13.1.21
1.6.20102.8.2.1
1.6.20105.8.2.1
1.6.20234.8.2.1.2.1.5.1.2
1.6.20254.8.2.1
1.6.20262.8.2.1
1.6.20263.8.2.1.43.1.36.2
1.6.20308.8.2.1.2.1.1
1.6.20340.8.2.1.3.1
1.6.20412.8.2.1
1.6.20535.8.2.1.13.3.5
1.6.20557.8.2.1.2.2.25
1.6.20688.8.2.1.4.3.3
1.6.20774.8.2.1.2.1
1.6.20798.8.2.1
1.6.21005.8.2.1.5.2
1.6.21214.8.2.1.3
1.6.21516.8.2.1.15
1.6.21536.8.2.1.5.3
1.6.21765.8.2.1.6.1
1.6.21965.8.2.1.18
1.6.22069.8.2.1.9.1.14
1.6.22307.8.2.1.4.1
1.6.22495.8.2.1.1
1.6.22516.8.2.1.3.2
1.6.22529.8.2.1.4.2.13.1.31
1.6.22551.8.2.1.5.2.5.1.8
1.6.22692.8.2.1
1.6.22723.8.2.1.6.1
1.6.22743.8.2.1.2.2
1.6.22948.8.2.1.26.6
1.6.22968.8.2.1.6.9
1.6.23091.8.2.1.1
1.6.23113.8.2.1.1.1.22.3.19
1.6.23157.8.2.1.4.3.14
1.6.23159.8.2.1.10.4.17
1.6.23187.8.2.1
1.6.23202.8.2.1.1.1
1.6.23274.8.2.1.13.6.19.2.5
1.6.23337.8.2.1.8.1.1.1
1.6.23412.8.2.1.11.5
1.6.23424.8.2.1.2.2.4.1
1.6.23465.8.2.1.12.3.12.3
1.6.23546.8.2.1.12
1.6.23567.8.2.1.3.2
1.6.23740.8.2.1.5.2.5
1.6.23795.8.2.1.6.1.1.1.1
1.6.23814.8.2.1.6.2.7.1
1.6.23814.8.2.1.10.1
1.6.23830.8.2.1.2.2.30.9
1.6.23897.8.2.1
1.6.23900.8.2.1.34.5
1.6.23924.8.2.1.16.5
1.6.24360.8.2.1.8
1.6.24367.8.2.1.2.1.1.1.6
1.6.24424.8.2.1.2.1.4
1.6.24442.8.2.1
1.6.24458.8.2.1.7.3
1.6.24599.8.2.1
1.6.24684.8.2.1.2.1
1.6.24782.8.2.1.1.1
1.6.24869.8.2.1.2
1.6.24889.8.2.1.3.3
1.6.24968.8.2.1
1.6.24983.8.2.1.3.1.7.4
1.6.25208.8.2.1
1.6.25231.8.2.1.17.1.3.1
1.6.25379.8.2.1.10
1.6.25864.8.2.1.16
1.6.26041.8.2.1.6.2
1.6.26129.8.2.1
1.6.26131.8.2.1
1.6.26275.8.2.1
1.6.26430.8.2.1.18.5.11.3
1.6.26681.8.2.1.3.2.4.2.9
1.6.26780.8.2.1.4.1.6.3.7.21
1.6.26904.8.2.1.5.1
1.6.27027.8.2.1.3
1.6.27028.8.2.1
1.6.27042.8.2.1
1.6.27114.8.2.1.28.1.24.7.10
1.6.27170.8.2.1
1.6.27178.8.2.1
1.6.27217.8.2.1.3.3
1.6.27336.8.2.1.6.3.32.2.19
1.6.27351.8.2.1.3
1.6.27435.8.2.1
1.6.27523.8.2.1.8
1.6.27614.8.2.1.7.2.1.4.11
1.6.27682.8.2.1.1.3
1.6.27742.8.2.1.19.1.5.1
1.6.27855.8.2.1.13.2.7
1.6.27974.8.2.1.10.3.8.2
1.6.28010.8.2.1
1.6.28021.8.2.1.4.3.12
1.6.28148.8.2.1.2.1
1.6.28156.8.2.1.7.3.10
1.6.28207.8.2.1.6.2.4
1.6.28220.8.2.1.19.2.3
1.6.28314.8.2.1.7.2.9.2.2
1.6.28317.8.2.1.13.1.21
1.6.28364.8.2.1
1.6.28367.8.2.1
1.6.28499.8.2.1.7.2.2.1.24
1.6.28500.8.2.1.4.1.6.4
1.6.28524.8.2.1.5
1.6.28582.8.2.1.1.6
1.6.28675.8.2.1
1.6.28706.8.2.1.7.2
1.6.28709.8.2.1.2
1.6.28818.8.2.1.13.3.5
1.6.28839.8.2.1.2.8.26.4.4
1.6.29135.8.2.1.19.6
1.6.29192.8.2.1.4.3.5.2
1.6.29295.8.2.1
1.6.29519.8.2.1.2.2.8.1.33
1.6.29824.8.2.1.15
1.6.29844.8.2.1.5.3
1.6.30074.8.2.1.6.1
1.6.30128.8.2.1.24
1.6.30263.8.2.1.21.7.7.4.48
1.6.30378.8.2.1.9.1.14
1.6.30460.8.2.1.1.1.2.2
1.6.30535.8.2.1.11.1.11.3
1.6.30541.8.2.1.11.5.6.5
1.6.30599.8.2.1.4.1
1.6.30787.8.2.1.1
1.6.30808.8.2.1.3.2
1.6.30821.8.2.1.3
1.6.30999.8.2.1.6.1
1.6.31019.8.2.1.2.2
1.6.31099.8.2.1.7.1.12.4
1.6.31235.8.2.1.26.6
1.6.31254.8.2.1.6.7
1.6.31352.8.2.1.1
1.6.31382.8.2.1.1.1.22.3.19
1.6.31418.8.2.1.12.1.2
1.6.31420.8.2.1.4
1.6.31459.8.2.1.1.1
1.6.31555.8.2.1.1
1.6.31713.8.2.1.11.5
1.6.31749.8.2.1.3.1.4.2.15
1.6.31761.8.2.1.1
1.6.31775.8.2.1
1.6.31825.8.2.1.12
1.6.31846.8.2.1.3.2
1.6.32000.8.2.1.3
1.6.32059.8.2.1.6.1.1.1.1
1.6.32078.8.2.1
1.6.32166.8.2.1
1.6.32169.8.2.1.34.5
1.6.32193.8.2.1.16.5
1.6.32538.8.2.1.5.1.2.1
1.6.32562.8.2.1
1.6.32633.8.2.1.8
1.6.32662.8.2.1.37.1.2.1
1.6.32689.8.2.1.8
1.6.32712.8.2.1
1.6.32728.8.2.1.7.3
1.6.32910.8.2.1
1.6.32952.8.2.1.2
1.6.33008.8.2.1.1.1
1.6.33096.8.2.1.2
1.6.33116.8.2.1.3.3
1.6.33212.8.2.1
1.6.33227.8.2.1.3.1.7.4
1.6.33247.8.2.1.4.2
1.6.33283.8.2.1.1
1.6.33284.8.2.1
1.6.33297.8.2.1.4.5
1.6.33479.8.2.1
1.6.33640.8.2.1.10
1.6.33793.8.2.1.3.1.7.1.26
1.6.33795.8.2.1
1.6.34277.8.2.1.6.2
1.6.34365.8.2.1
1.6.34367.8.2.1
1.6.34511.8.2.1
1.6.34575.8.2.1.16.5.20
1.6.34656.8.2.1.18.5.11.3
1.6.34863.8.2.1.12.2.7.5.2
1.6.34978.8.2.1.4.1.6.3.7.9
1.6.35220.8.2.1.3
1.6.35221.8.2.1
1.6.35235.8.2.1
1.6.35363.8.2.1
1.6.35371.8.2.1
1.6.35410.8.2.1.3.3
1.6.35530.8.2.1.6.3.32.2.27
1.6.35547.8.2.1.36.3.6.5.46
1.6.35629.8.2.1.5.3
1.6.35674.8.2.1
1.6.35724.8.2.1.8
1.6.35755.8.2.1.2.1.2.1
1.6.35818.8.2.1.7.2.1.4.11
1.6.35888.8.2.1.1.3
1.6.36201.8.2.1.6.2.8.1
1.6.36246.8.2.1.2.2
1.6.36256.8.2.1.4.5
1.6.36276.8.2.1.1
1.6.36300.8.2.1.2.1
1.6.36308.8.2.1.7.3.10
1.6.36359.8.2.1.6.2.4
1.6.36372.8.2.1.19.2.3
1.6.36462.8.2.1.7.2.9.2.2
1.6.36465.8.2.1.13.1.21
1.6.36512.8.2.1
1.6.36515.8.2.1
1.6.36647.8.2.1.2.1.5.1.2
1.6.36667.8.2.1
1.6.36675.8.2.1
1.6.36676.8.2.1.43.1.36.2
1.6.36734.8.2.1.3.2.4.7
1.6.36836.8.2.1
1.6.36865.8.2.1.9.2
1.6.36868.8.2.1.2
1.6.36970.8.2.1.13.3.5
1.6.36992.8.2.1.2.2.25
1.6.36999.8.2.1.16.1
1.6.37053.8.2.1
1.6.37064.8.2.1.1.1.3
1.6.37207.8.2.1.2.1
1.6.37231.8.2.1
1.6.37300.8.2.1.10.4.9.3
1.6.37451.8.2.1.4.1
1.6.37659.8.2.1.2.2.8.1.33
1.6.37986.8.2.1.15
1.6.38006.8.2.1.5.3
1.6.38029.8.2.1.9.4.16.3
1.6.38238.8.2.1.6.1
1.6.38433.8.2.1.18
1.6.38549.8.2.1.9.1.14
1.6.38600.8.2.1
1.6.38641.8.2.1.1.1.2.2
1.6.38816.8.2.1.9.1.3.3
1.6.38960.8.2.1.1
1.6.38981.8.2.1.3.2
1.6.38994.8.2.1.3
1.6.39157.8.2.1
1.6.39223.8.2.1.2.2
1.6.39457.8.2.1.14.1
1.6.39477.8.2.1.1.1.2.1.1
1.6.39564.8.2.1.7.3.10
1.6.39604.8.2.1.8.1.4.1.2
1.6.39654.8.2.1.11
1.6.39654.8.2.1.18
1.6.39683.8.2.1
1.6.39698.8.2.1.1.1
1.6.39773.8.2.1.2
1.6.39934.8.2.1.11.5
1.6.39985.8.2.1.12.3.12.3
1.6.40066.8.2.1.12
1.6.40087.8.2.1.3.2
1.6.40240.8.2.1.5.2.5
1.6.40317.8.2.1
1.6.40404.8.2.1
1.6.40407.8.2.1.34.5
1.6.40431.8.2.1.16.5
1.6.40861.8.2.1.8
1.6.40868.8.2.1.2.1.1.1.6
1.6.40925.8.2.1.2.1.4
1.6.40943.8.2.1
1.6.40959.8.2.1.7.3
1.6.41102.8.2.1
1.6.41192.8.2.1.2.1.1
1.6.41293.8.2.1.1.1
1.6.41381.8.2.1.2
1.6.41401.8.2.1.3.3
1.6.41507.8.2.1
1.6.41522.8.2.1.3.1.7.4
1.6.41538.8.2.1.4.2
1.6.41574.8.2.1.1
1.6.41575.8.2.1
1.6.41588.8.2.1.4.5
1.6.41729.8.2.1
1.6.41890.8.2.1
1.6.41906.8.2.1.8.2.2.1.9
1.6.42074.8.2.1.1.1.10.1
1.6.42113.8.2.1
1.6.42136.8.2.1
1.6.42438.8.2.1.6.1.7.4
1.6.42588.8.2.1.6.2
1.6.42688.8.2.1
1.6.42690.8.2.1
1.6.42841.8.2.1
1.6.43002.8.2.1.6.4.9.5
1.6.43250.8.2.1.3.2.4.2.9
1.6.43471.8.2.1.3.4.3.1
1.6.43589.8.2.1.3
1.6.43590.8.2.1
1.6.43604.8.2.1
1.6.43676.8.2.1.28.1.24.7.10
1.6.43734.8.2.1
1.6.43742.8.2.1
1.6.43781.8.2.1.3.3
1.6.43900.8.2.1.6.3.32.2.19
1.6.43917.8.2.1.36.3.6.5.38
1.6.44001.8.2.1.5.3
1.6.44083.8.2.1.8
1.6.44104.8.2.1.30.1
1.6.44140.8.2.1.4.1
1.6.44162.8.2.1.7.2.1.4.11
1.6.44232.8.2.1.1.3
1.6.44367.8.2.1.11.2
1.6.44427.8.2.1.16.1.36.5
1.6.44553.8.2.1.15.1
1.6.44680.8.2.1.2.1
1.6.44688.8.2.1.7.3.10
1.6.44739.8.2.1.6.2.4
1.6.44752.8.2.1.19.2.3
1.6.44834.8.2.1.7.2.9.2.2
1.6.44837.8.2.1.13.1.21
1.6.44884.8.2.1
1.6.44887.8.2.1
1.6.45005.8.2.1.3.4.10.2.4
1.6.45024.8.2.1
1.6.45032.8.2.1
1.6.45033.8.2.1.42.1.34.2
1.6.45094.8.2.1.2.1.1
1.6.45132.8.2.1.3.1
1.6.45213.8.2.1
1.6.45236.8.2.1.10.2
1.6.45239.8.2.1.2
1.6.45343.8.2.1.13.3.5
1.6.45365.8.2.1.2.2.25
1.6.45372.8.2.1.16.1
1.6.45764.8.2.1.4.1
1.6.45988.8.2.1.2.2.8.1.112
1.6.46286.8.2.1.15
1.6.46306.8.2.1.5.3
1.6.46335.8.2.1.9.4.48.3
1.6.46525.8.2.1.6.1
1.6.46579.8.2.1.24
1.6.46727.8.2.1.18
1.6.46837.8.2.1.9.1.14
1.6.47061.8.2.1.4.1
1.6.47251.8.2.1.1
1.6.47272.8.2.1.3.2
1.6.47285.8.2.1.3
1.6.47439.8.2.1
1.6.47731.8.2.1.14.1
1.6.47751.8.2.1.1.1.2.1.1
1.6.47810.8.2.1.1
1.6.47834.8.2.1.1.1.22.3.19
1.6.47880.8.2.1.4.3.14
1.6.47882.8.2.1.10.4.17
1.6.47910.8.2.1
1.6.47925.8.2.1.1.1
1.6.48000.8.2.1.2
1.6.48082.8.2.1.8.1.1.1
1.6.48171.8.2.1.12.3.5.1.1.34
1.6.48231.8.2.1.9
1.6.48247.8.2.1
1.6.48297.8.2.1.12
1.6.48318.8.2.1.3.2
1.6.48461.8.2.1.3
1.6.48520.8.2.1.6.1.1.1.1
1.6.48539.8.2.1
1.6.48629.8.2.1
1.6.48632.8.2.1.34.5
1.6.48656.8.2.1.16.5
1.6.48924.8.2.1.4.1
1.6.49065.8.2.1.8
1.6.49134.8.2.1
1.6.49150.8.2.1.7.3
1.6.49277.8.2.1.4.2.15.10
1.6.49365.8.2.1.32.1.1
1.6.49462.8.2.1.1.1
1.6.49549.8.2.1.2
1.6.49569.8.2.1.3.3
1.6.49675.8.2.1
1.6.49690.8.2.1.3.1.7.4
1.6.49758.8.2.1.3.1.2.5
1.6.49790.8.2.1.6.5
1.6.49925.8.2.1
1.6.50086.8.2.1.10
1.6.50494.8.2.1.11.1.4.3
1.6.50613.8.2.1.6.1.7.4
1.6.50741.8.2.1.6.2
1.6.50963.8.2.1
1.6.51108.8.2.1.5.3
1.6.51364.8.2.1.3.2.4.2.9
1.6.51693.8.2.1.1
1.6.51783.8.2.1.28.1.24.7.10
1.6.51839.8.2.1
1.6.51847.8.2.1
1.6.51991.8.2.1.18.2.2.2.23
1.6.52006.8.2.1.8.5.20.1.3
1.6.52089.8.2.1
1.6.52177.8.2.1.8
1.6.52198.8.2.1.30.1
1.6.52249.8.2.1.15.2.15
1.6.52324.8.2.1.1.3
1.6.52503.8.2.1.13.2.7
1.6.52657.8.2.1.15.1
1.6.52705.8.2.1.2.2
1.6.52758.8.2.1.2.1
1.6.52766.8.2.1.7.3.10
1.6.52817.8.2.1.6.2.4
1.6.52830.8.2.1.19.2.3
1.6.52919.8.2.1.7.2.9.2.2
1.6.52922.8.2.1.13.1.21
1.6.52969.8.2.1
1.6.52972.8.2.1
1.6.53084.8.2.1.2
1.6.53105.8.2.1
1.6.53113.8.2.1
1.6.53114.8.2.1.42.1.34.2
1.6.53276.8.2.1
1.6.53405.8.2.1.13.3.5
1.6.53426.8.2.1.7.5.13
1.6.53432.8.2.1.13.1
1.6.53437.8.2.1
1.6.53505.8.2.1
1.6.53516.8.2.1.1.1.3
1.6.53670.8.2.1
1.6.53748.8.2.1.10.4.9.3
1.6.53905.8.2.1.4.1
1.6.54058.8.2.1
1.6.54125.8.2.1.2.2.8.1.94
1.6.54438.8.2.1.15
1.6.54458.8.2.1.5.3
1.6.54660.8.2.1.6.1
1.6.54855.8.2.1.21.7.7.4.33
1.6.54972.8.2.1.9.1.14
1.6.55207.8.2.1.4.1
1.6.55380.8.2.1.1
1.6.55401.8.2.1.3.2
1.6.55414.8.2.1.3
1.6.55582.8.2.1
1.6.55636.8.2.1.2.2
1.6.55884.8.2.1.1.1.2.1.1
1.6.55971.8.2.1.7.3.10
1.6.56001.8.2.1.1.1.22.3.19
1.6.56050.8.2.1.11
1.6.56050.8.2.1.18
1.6.56087.8.2.1.1.1
1.6.56216.8.2.1.6.2.27.1
1.6.56384.8.2.1.11.5
1.6.56455.8.2.1.12
1.6.56626.8.2.1.5.2.5
1.6.56703.8.2.1
1.6.56792.8.2.1
1.6.56795.8.2.1.34.5
1.6.56819.8.2.1.16.5
1.6.57005.8.2.1.14.2
1.6.57272.8.2.1.8
1.6.57279.8.2.1.2.1.1.1.6
1.6.57502.8.2.1.4.2.15.10
1.6.57615.8.2.1.2
1.6.57669.8.2.1.1.1
1.6.57759.8.2.1.2
1.6.57779.8.2.1.3.3
1.6.57881.8.2.1
1.6.57896.8.2.1.3.1.7.4
1.6.57916.8.2.1.4.2
1.6.57952.8.2.1.1
1.6.57953.8.2.1
1.6.57966.8.2.1.4.5
1.6.58131.8.2.1
1.6.58299.8.2.1.10
