1.1.1.51.10.3.4
1.1.1.57.5.1.1
1.1.1.60.27.4.21.13.3.1
1.1.1.111.21.1.11.2
1.1.1.165.13.2.12
1.1.1.167.37.1.10.10
1.1.1.318.17.2.4
1.1.1.483.43.3.26.1.5.2
1.1.1.494.25.2.4.14
1.1.1.526.15.2.7.5.14
1.1.1.530.14.2.8
1.1.1.581.9.3.4.3
1.1.1.593.5.1.3.2.3.1.6
1.1.1.605.10.1.4
1.1.1.688.5.1
1.1.1.692.14.2.14.6.9.1
1.1.1.774.13.1.4.12.33
1.1.1.868.19
1.1.1.890.5.1.7.4.28
1.1.1.895.11.1.10.4
1.1.1.899.9.1.8.4
1.1.1.970.14.2
1.1.1.982.24.2
1.1.1.989.5.1
1.1.1.1070.10.1.4
1.1.1.1096.17.5.7.10.41
1.1.1.1133.5.1.1.3.1.1.26
1.1.1.1171.3
1.1.1.1215.5.1
1.1.1.1235.14.2.18
1.1.1.1237.33.2.6.4.5
1.1.1.1241.5.1.2.1.2
1.1.1.1282.5.1.2.1.14.3
1.1.1.1398.5.1.3
1.1.1.1407.14.1.5
1.1.1.1478.27.1.10.4
1.1.1.1607.10.4.16
1.1.1.1803.18.2.15
1.1.1.1832.16.1.35.18
1.1.1.1956.5.1.4.3.16.1.4
1.1.1.2010.12.4.8
1.1.1.2033.12.1.32
1.1.1.2049.25.5.9.4.16
1.1.1.2077.5.1.18.6
1.1.1.2184.12.1.4.2
1.1.1.2363.5.1.14.1.3.9
1.1.1.2478.5.1.1.6.17.1
1.1.1.2489.12.1.4.3
1.1.1.2574.5.1.4
1.1.1.2577.30.1.4.2
1.1.1.2578.5.1
1.1.1.2631.13.1.11.6
1.1.1.2681.14.1.5
1.1.1.2694.9.1.4
1.1.1.2785.5.1
1.1.1.2845.13.2.8.4
1.1.1.2915.5.1.3.19
1.1.1.3010.9.1.7.2
1.1.1.3056.16.2.10.2
1.1.1.3059.5.1
1.1.1.3105.5.1.2.2.9.5.25
1.1.1.3181.5.1.4.4.11
1.1.2.3307.9.1.11.5
1.1.2.3321.16.2
1.1.2.3400.22.2.5.6
1.1.2.3675.5.1.6.3
1.1.2.3716.5.1.1
1.1.2.3770.5.1.2.2.4.17
1.1.2.3779.5.1.2.2.18
1.1.2.3836.5.1.2.4.12.2.10
1.1.2.4007.15.2.13.7
1.1.2.4030.5.1.9.1.1.1
1.1.2.4087.31.2.16.1.1.2.12
1.1.2.4102.29.1.21.3.7
1.1.2.4115.24.2.17.7.15.1
1.1.2.4124.5.1.2.1
1.1.2.4168.11.1.29.12
1.1.2.4182.5.1
1.1.2.4210.16.3.8.1
1.1.2.4333.13.1.18.8
1.1.2.4406.9.1.11.2
1.1.2.4420.5.1
1.1.2.4453.5.1.12.3.27.16.25
1.1.2.4457.11.1.4.18
1.1.2.4488.17.2.34
1.1.2.4489.10.2.11.11
1.1.2.4577.5.1.17
1.1.2.4615.5.1.2.1.2.9.16
1.1.2.4632.12.2.12.11
1.1.2.4683.8.1.7.3
1.1.2.4706.5.1.7.1.4.3.51
1.1.2.4765.5.1.2.1
1.1.2.4769.24.3.9.2.5.4.2
1.1.2.4843.5.1
1.1.2.4917.5.1.4.2.24.4
1.1.2.4970.11.1.5
1.1.2.4973.5.1.2.1
1.1.2.4978.5.1.3
1.1.2.5234.37.3.6.3
1.1.2.5247.12.1.8.2.3
1.1.2.5314.16.2.14.3.6.3
1.1.2.5339.13
1.1.2.5341.12.3.16
1.1.2.5356.5.1.35
1.1.2.5425.10.3.4
1.1.2.5431.5.1.1
1.1.2.5434.27.4.21.13.3.1
1.1.2.5533.5.1.1.1.5
1.1.2.5837.5.1.9
1.1.2.5854.5.1.3.3.14.2
1.1.2.5876.14.2.9.4
1.1.2.5889.17.2.23.9.5.3.3
1.1.2.5898.5.1.2.1.16
1.1.2.5917.15.2.7.5.14
1.1.2.5921.14.2.8
1.1.2.5972.9.3.4.3
1.1.2.5984.5.1.3.2.3.1.6
1.1.2.5994.3
1.1.2.6034.8.1.14
1.1.2.6078.5.1
1.1.2.6082.14.2.14.6.9.1
1.1.2.6151.39.3.8
1.1.2.6168.13.1.4.12.9
1.1.2.6282.5.1.8.1.2
1.1.2.6291.5.1.25
1.1.2.6320.8.1.5
1.1.2.6354.14.2
1.1.2.6366.24.2
1.1.2.6373.5.1
1.1.2.6468.10.1.4
1.1.2.6494.17.5.7.10.41
1.1.2.6513.16.2.7.1
1.1.2.6525.5.1.1.3.1.1.55
1.1.2.6563.3
1.1.2.6578.5.1
1.1.2.6607.5.1
1.1.2.6625.8.2.8
1.1.2.6628.13.1.8.3
1.1.2.6639.20.1.8
1.1.2.6669.5.1.2.1.14.3
1.1.2.6736.5.1.7.13.10.1
1.1.2.6765.28.1.4
1.1.2.6788.26.1.11
1.1.2.6976.10.4.16
1.1.2.7042.13.3.10.1.5.2
1.1.2.7187.18.2.15
1.1.2.7216.16.1.35.18
1.1.2.7312.5.1
1.1.2.7323.49.1.21
1.1.2.7343.5.1.4.3.12.1.4
1.1.2.7397.12.4.8
1.1.2.7420.12.1.32
1.1.2.7436.25.5.9.4.16
1.1.2.7488.20
1.1.2.7490.5.1.12.5
1.1.2.7572.12.1.4.2
1.1.2.7695.10.2.11
1.1.2.7753.13.2.15.10.15.8
1.1.2.7806.5.1.6.3
1.1.2.7886.12.1.4.3
1.1.2.7976.14.3.21.7.10
1.1.2.8027.26.4.4.2
1.1.2.8084.14.1.5
1.1.2.8097.9.1.4
1.1.2.8237.13.2.8.4
1.1.2.8404.9.1.7.2
1.1.2.8450.16.2.10.2
1.1.2.8453.5.1
1.1.2.8499.5.1.2.2.9.5.25
1.1.2.8562.10.4.4
1.1.2.8577.5.1.2.1.3.1.37
1.1.2.8620.14.1.4.1
1.1.2.8717.5.1.16.3.11
1.1.2.8778.11.2.8
1.1.2.8781.34.2.27.2
1.1.2.8806.22.2.5.6
1.1.2.9031.13.2
1.1.2.9104.5.1.3
1.1.2.9159.5.1.1.1.9
1.1.2.9164.15.2.5.2.3.2.14
1.1.2.9202.5.1.2.2.18
1.1.2.9259.5.1.2.4.12.2.10
1.1.2.9430.15.2.13.7
1.1.2.9444.24.2.27.19.29
1.1.2.9522.31.2.16.1.1.5.2
1.1.2.9537.29.1.21.3.7
1.1.2.9550.24.2.17.7.15.1
1.1.2.9559.5.1.2.1
1.1.2.9602.11.1.29.12
1.1.2.9616.5.1
1.1.2.9638.56.2.11.13.14.3.26
1.1.2.9713.8.1.21
1.1.2.9757.9.1.9.5
1.1.2.9841.5.1.4
1.1.2.9875.27.4.4.3
1.1.2.10024.5.1.17
1.1.2.10060.13.2.5
1.1.2.10073.5.1.1.1.47
1.1.2.10133.8.1.7.3
1.1.2.10159.5.1.2.1.9.3.5
1.1.2.10250.5.1.9.13
1.1.2.10317.5.1
1.1.2.10457.14.2.12
1.1.2.10614.22.1.24
1.1.2.10666.5.1
1.1.2.10723.12.1.8.2.3
1.1.2.10793.3
1.1.2.10845.5.1.35
1.1.2.10976.21.1.11.2
1.1.2.11030.13.2.12
1.1.2.11032.37.1.10.10
1.1.2.11190.17.2.4
1.1.2.11330.5.1.1.1.12
1.1.2.11364.43.3.26.1.5.2
1.1.2.11377.17.2.23.9.5.3.3
1.1.2.11386.5.1.2.1.16
1.1.2.11405.15.2.7.5.14
1.1.2.11409.14.2.8
1.1.2.11460.9.3.4.3
1.1.2.11472.5.1.3.2.3.1.6
1.1.2.11574.5.1
1.1.2.11578.14.2.14.6.9.1
1.1.2.11658.5.1.9
1.1.2.11694.5.1.2.1.5.4
1.1.2.11759.5.1.8.1.2
1.1.2.11765.5.1.4
1.1.2.11825.24.2
1.1.2.11832.5.1
1.1.2.11918.5.1.2.1.2.2
1.1.2.11943.17.5.7.10.34
1.1.2.11962.5.1.13.1
1.1.2.11978.5.1.1.3.1.1.14
1.1.2.12016.3
1.1.2.12022.5.1.4.1
1.1.2.12059.5.1
1.1.2.12083.5.1.3.4.6
1.1.2.12119.5.1.2.1.14.3
1.1.2.12233.5.1.5.1.1
1.1.2.12243.5.1.5.1
1.1.2.12436.10.4.4
1.1.2.12636.18.2.15
1.1.2.12663.16.1.35.18
1.1.2.12787.5.1.4.3.12.1.4
1.1.2.12839.67.3.8.24.2
1.1.2.12845.10.3.4.8
1.1.2.12867.38.3.16.1.2.2
1.1.2.12872.15.1.9.4
1.1.2.12908.20
1.1.2.12910.5.1.12.5
1.1.2.13141.5.1.2.2.6.2
1.1.2.13162.3
1.1.2.13165.12.1.23.13.41
1.1.2.13298.5.1.1.6.17.1
1.1.2.13309.12.1.4.3
1.1.2.13365.9.1.5
1.1.2.13423.13.3.11.2.14
1.1.2.13474.9.1.4
1.1.2.13625.13.2.8.4
1.1.2.13775.5.1.31.2.5
1.1.2.13802.9.1.7.2
1.1.2.13848.16.2.10.2
1.1.2.13851.5.1
1.1.2.13897.5.1.2.2.9.5.25
1.1.2.13973.5.1.4.4.11
1.1.2.14013.5.1.4.1.5
1.1.2.14102.5.1.6.6.34
1.1.2.14595.5.1.1.1
1.1.2.14598.5.1.6
1.1.2.14653.5.1.2.4.12.2.10
1.1.2.14800.15.2.13.7
1.1.2.14814.24.2.27.19.29
1.1.2.14934.5.1.2.1
1.1.2.14983.11.1.29.12
1.1.2.14997.5.1
1.1.2.15019.56.2.11.13.14.3.26
1.1.2.15055.43.3.23.1.10
1.1.2.15139.9.1.9.5
1.1.2.15261.11.1.4.18
1.1.3.15400.5.1.17
1.1.3.15441.3
1.1.3.15443.9.1.11.8
1.1.3.15455.5.1.1.1.22
1.1.3.15512.8.1.7.3
1.1.3.15538.5.1.2.1.9.3.5
1.1.3.15661.5.1.10.13.20.2.49
1.1.3.15663.22.2.27
1.1.3.15699.5.1.3.1
1.1.3.15770.5.1.4.2.26.4
1.1.3.15831.5.1.2.10.10
1.1.3.16033.5.1
1.1.3.16085.24.1.10.4
1.1.3.16173.13
1.1.3.16175.12.3.16
1.1.3.16190.5.1.35
1.1.3.16250.5.1.25.17.6.2.15
1.1.3.16259.19.1.5
1.1.3.16262.27.4.21.13.10.3
1.1.3.16313.21.1.11.2
1.1.3.16367.13.2.12
1.1.3.16369.37.1.10.10
1.1.3.16527.17.2.4
1.1.3.16644.8.1.4.1
1.1.3.16668.5.1.3.1.1.1.3
1.1.3.16682.13.2.6.1.2.2
1.1.3.16698.34.2.9.4
1.1.3.16738.30.1.23.13
1.1.3.16742.5.1.3.2.12.16.52
1.1.3.16745.5.1.2.5.21.3
1.1.3.16759.5.1.12.4.3
1.1.3.16789.11.3.13.11
1.1.3.16799.5.1.23
1.1.3.16814.10.1.4
1.1.3.16987.13.1.4.12.33
1.1.3.17072.19
1.1.3.17094.5.1.7.4.28
1.1.3.17099.11.1.10.5
1.1.3.17102.39.3.5.15.6
1.1.3.17159.14.2
1.1.3.17171.24.2
1.1.3.17178.5.1
1.1.3.17258.5.1.4.1
1.1.3.17262.8.1.4
1.1.3.17284.5.1.1.18.10
1.1.3.17302.16.2.7.1
1.1.3.17314.5.1.1.3.1.1.63
1.1.3.17352.3
1.1.3.17367.5.1
1.1.3.17395.5.1.3.2.27.3
1.1.3.17417.5.1.3.4.6
1.1.3.17462.5.1.2.1.14.3
1.1.3.17499.30.2.9
1.1.3.17585.5.1.3
1.1.3.17594.14.1.5
1.1.3.17668.27.1.10.4
1.1.3.17796.10.4.4
1.1.3.17816.5.1
1.1.3.17836.5.1
1.1.3.17862.26.2.11.1
1.1.3.17992.18.2.15
1.1.3.18021.16.1.35.18
1.1.3.18135.8.1.9
1.1.3.18163.5.1.4.3.31.1.4
1.1.3.18217.12.4.8
1.1.3.18266.17.3.4.3
1.1.3.18308.20
1.1.3.18310.5.1.12.5
1.1.3.18392.12.1.4.2
1.1.3.18570.13.2.15.10.15.8
1.1.3.18623.5.1.6.3
1.1.3.18691.5.1.1.9.39.2
1.1.3.18711.5.1.14
1.1.3.18783.9.1.5
1.1.3.18841.13.3.11.2.14
1.1.3.18892.9.1.4
1.1.3.19044.13.2.8.4
1.1.3.19207.9.1.7.2
1.1.3.19253.16.2.10.2
1.1.3.19256.5.1
1.1.3.19302.5.1.2.2.9.5.25
1.1.3.19365.10.4.4
1.1.3.19380.5.1.2.1.3.1.37
1.1.3.19424.5.1
1.1.3.19537.5.1.3.1.7
1.1.3.19604.11.2.8
1.1.3.19607.34.2.27.2
1.1.3.19860.13.2
1.1.3.19926.5.1.6.3
1.1.3.20018.5.1.2.2.4.9
1.1.3.20027.5.1.2.2.18
1.1.3.20084.5.1.2.4.12.2.10
1.1.3.20250.5.1.6.2.8.5.23
1.1.3.20380.11.1.5.4.4
1.1.3.20421.9.1.7.16
1.1.3.20440.5.1
1.1.3.20469.15.2.32
1.1.3.20507.43.3.23.1.9
1.1.3.20599.13.1.18.8
1.1.3.20669.17.1.10.7
1.1.3.20683.5.1
1.1.3.20716.5.1.12.3.27.17.31
1.1.3.20720.11.1.4.18
1.1.3.20868.5.1.17
1.1.3.20903.3
1.1.3.20905.9.1.11.12
1.1.3.20921.12.2.12.11
1.1.3.20997.5.1.2.1.9.4.22
1.1.3.21124.5.1.7.7.7
1.1.3.21126.22.2.26
1.1.3.21160.5.1
1.1.3.21299.5.1.2.10.10
1.1.3.21503.5.1
1.1.3.21560.24.3.22.12.3.1.3
1.1.3.21618.16.2.14.3.6.3
1.1.3.21635.3
1.1.3.21726.10.3.4
1.1.3.21732.5.1.1
1.1.3.21735.27.4.21.13.3.1
1.1.3.21786.21.1.11.2
1.1.3.21840.13.2.12
1.1.3.21842.37.1.10.10
1.1.3.21992.17.2.4
1.1.3.22005.5.1.1
1.1.3.22108.8.1.4.1
1.1.3.22132.5.1.3.1.1.1.3
1.1.3.22151.5.1.3.3.14.2
1.1.3.22164.23.7.20.3.11.1.1
1.1.3.22214.15.2.7.5.14
1.1.3.22218.14.2.8
1.1.3.22266.11.3.13.10
1.1.3.22276.5.1.23
1.1.3.22291.10.1.4
1.1.3.22460.13.1.4.12.33
1.1.3.22743.10.1.4
1.1.3.22772.10.3.8.12
1.1.3.22785.5.1.2.10.16.1
1.1.3.22802.22.2.6.1
1.1.3.22820.23.2.8.3
1.1.3.22867.3
1.1.3.22882.5.1
1.1.3.22911.5.1
1.1.3.22932.10.2.4.6
1.1.3.22937.15.2.8
1.1.3.22956.5.1.3.1.12.1.15
1.1.3.22981.25.4.6
1.1.3.23018.30.2.9
1.1.3.23181.27.1.10.4
1.1.3.23309.10.4.16
1.1.3.23330.5.1
1.1.3.23348.21.1.11
1.1.3.23418.5.1
1.1.3.23468.25.2.19.1
1.1.3.23506.15.1.4.1
1.1.3.23526.16.1.19.8
1.1.3.23629.8.1.9
1.1.3.23655.5.1.4.3.30.1.4
1.1.3.23707.67.3.8.24.2
1.1.3.23713.10.3.4.8
1.1.3.23715.5.1.10.1.17
1.1.3.23745.25.5.9.4.16
1.1.3.23769.5.1.18.6
1.1.3.23793.20
1.1.3.23795.5.1.12.5
1.1.3.23877.12.1.4.2
1.1.3.24052.5.1.14.1.3.9
1.1.3.24166.5.1.4.1
1.1.3.24179.22.1.8.4
1.1.3.24268.5.1.4
1.1.3.24271.30.1.4.2
1.1.3.24272.5.1
1.1.3.24321.35.2.15.1.6
1.1.3.24522.13.2.8.4
1.1.3.24687.5.1.7.1.33.2
1.1.3.24776.5.1.2.2.9.5.25
1.1.3.24783.5.1
1.1.3.24829.52.1.4
1.1.3.24853.5.1.14
1.1.3.24897.5.1
1.1.3.24986.5.1.6.6.34
1.1.3.25079.22.2.5.6
1.1.3.25314.13.2
1.1.3.25380.5.1.6.3
1.1.3.25467.5.1.2.2.12.10
1.1.3.25476.5.1.2.2.18
1.1.3.25533.5.1.2.4.12.2.10
1.1.3.25617.22.2.11.3.3.1.3
1.1.3.25704.5.1.6.2.8.5.23
1.1.3.25777.31.2.16.1.1.5.2
1.1.3.25792.29.1.21.3.7
1.1.3.25808.24.2.17.7.15.1
1.1.3.25817.5.1.2.1
1.1.3.25860.11.1.29.12
1.1.3.25874.5.1
1.1.3.25896.56.2.11.13.14.3.26
1.1.3.26013.13.1.18.8
1.1.3.26087.17.1.10.7
1.1.3.26103.10.1.7
1.1.3.26114.27.4.4.3
1.1.3.26122.11.1.4.18
1.1.3.26270.5.1.17
1.1.3.26312.13.2.5
1.1.3.26324.19.2.14.7
1.1.3.26387.10.2.4.2
1.1.3.26412.5.1.2.1.9.4.29
1.1.3.26535.5.1.10.13.20.2.49
1.1.3.26537.22.2.27
1.1.3.26573.5.1.3.1
1.1.3.26644.5.1.4.2.24.4
1.1.3.26682.5.1
1.1.3.26704.5.1.2.10.10
1.1.3.26880.3
1.1.3.26962.45.1.24.13
1.1.3.27070.5.1.35
1.1.3.27128.10.3.4
1.1.3.27134.5.1.1
1.1.3.27137.27.4.21.13.3.1
1.1.3.27190.21.1.11.2
1.1.3.27244.13.2.12
1.1.3.27246.37.1.10.10
1.1.3.27277.5.1.2.1
1.1.3.27535.8.1.4.1
1.1.3.27559.5.1.3.1.1.1.3
1.1.3.27578.5.1.3.3.14.2
1.1.3.27599.5.1.1
1.1.3.27645.15.2.7.5.14
1.1.3.27649.14.2.8
1.1.3.27700.9.3.4.3
1.1.3.27712.5.1.3.2.3.1.6
1.1.3.27811.5.1
1.1.3.27815.14.2.14.6.9.1
1.1.3.27899.5.1.2.1.7.1.1.1
1.1.3.27929.9.1.10
1.1.3.27985.19
1.1.3.28007.5.1.7.4.28
1.1.3.28012.11.1.10.5
1.1.3.28015.39.3.5.15.6
1.1.3.28172.10.1.4
1.1.3.28201.10.3.8.12
1.1.3.28214.5.1.2.10.16.1
1.1.3.28231.22.2.6.1
1.1.3.28241.5.1.17
1.1.3.28284.3
1.1.3.28299.5.1
1.1.3.28328.5.1
1.1.3.28353.5.1.3.4.6
1.1.3.28398.5.1.2.1.14.3
1.1.3.28465.5.1.7.13.10.1
1.1.3.28494.28.1.4
1.1.4.95.27.1.10.4
1.1.4.223.10.4.16
1.1.4.265.21.1.11
1.1.4.376.14.2.5
1.1.4.385.20.5
1.1.4.422.18.2.15
1.1.4.449.16.1.35.18
1.1.4.546.5.1
1.1.4.557.49.1.21
1.1.4.579.8.2.10.7
1.1.4.632.67.3.8.24.2
1.1.4.638.10.3.4.8
1.1.4.670.14.1.17.7
1.1.4.691.15.2.10.10
1.1.4.714.25.2.8
1.1.4.793.15.1.15.9.21
1.1.4.965.5.1.14.1.3.9
1.1.4.1086.5.1.1.6.17.1
1.1.4.1098.22.1.8.4
1.1.4.1182.5.1.4
1.1.4.1185.30.1.4.2
1.1.4.1186.5.1
1.1.4.1237.26.4.4.2
1.1.4.1303.6
1.1.4.1459.13.2.8.4
1.1.4.1632.9.1.7.2
1.1.4.1678.16.2.10.2
1.1.4.1681.5.1
1.1.4.1724.10.1.4
1.1.4.1792.10.4.4
1.1.4.1846.14.1.4.1
1.1.4.1933.5.1.6.6.34
1.1.4.1999.11.2.8
1.1.4.2002.34.2.27.2
1.1.4.2027.22.2.5.6
1.1.4.2231.14.1
1.1.4.2318.5.1.6.3
1.1.4.2406.25.2.7.5.7.1
1.1.4.2415.5.1.1.1
1.1.4.2418.5.1.6
1.1.4.2477.13.2.5.3.11
1.1.4.2501.5.1
1.1.4.2645.44.4.13.13
1.1.4.2659.24.2.27.19.29
1.1.4.2792.11.1.5.4.4
1.1.4.2833.9.1.7.16
1.1.4.2852.5.1
1.1.4.2881.15.2.32
1.1.4.2920.43.3.23.1.10
1.1.4.3002.13.1.18.8
1.1.4.3082.5.1.6
1.1.4.3124.5.1.2.1.17.1.20
1.1.4.3148.17.2.59
1.1.4.3149.10.2.11.20
1.1.4.3237.5.1.17
1.1.4.3276.5.1.2.1.2.10.17
1.1.4.3288.19.2.14.7
1.1.4.3372.12
1.1.4.3459.5.1.9.13
1.1.4.3488.5.1.10.16.18.1.13
1.1.4.3490.22.2.27
1.1.4.3526.5.1.3.1
1.1.4.3657.19.4.11.1.3.5
1.1.4.3674.5.1.2.10.19
1.1.4.3939.44.1.10.4
1.1.4.4003.16.2.9.3.6.6
1.1.4.4047.5.1.35
1.1.4.4111.10.3.4
1.1.4.4117.5.1.1
1.1.4.4120.27.4.21.13.3.1
1.1.4.4171.21.1.11.2
1.1.4.4225.13.2.12
1.1.4.4227.37.1.10.10
1.1.4.4585.43.3.26.1.5.2
1.1.4.4598.17.2.23.9.5.3.3
1.1.4.4607.5.1.2.1.16
1.1.4.4626.15.2.7.5.14
1.1.4.4630.14.2.8
1.1.4.4678.11.3.13.10
1.1.4.4688.5.1.23
1.1.4.4707.20.2
1.1.4.4866.13.1.4.12.33
1.1.4.4923.5.1.6.1.7.3
1.1.4.4958.5.1.8.1.2
1.1.4.4967.5.1.25
1.1.4.5131.10.1.4
1.1.4.5157.17.5.7.10.41
1.1.4.5177.16.2.7.1
1.1.4.5192.23.2.8.3
1.1.4.5236.3
1.1.4.5259.5.1.9.1
1.1.4.5285.5.1.3.2.27.3
1.1.4.5305.10.2.4.6
1.1.4.5310.15.2.8
1.1.4.5329.5.1.3.1.12.1.21
1.1.4.5354.25.4.6
1.1.4.5474.5.1.3
1.1.4.5483.14.1.5
1.1.4.5507.5.1
1.1.4.5666.23.1.15.1.1.6
1.1.4.5820.15.4.9.11
1.1.4.5902.18.2.15
1.1.4.5923.16.1.19.8
1.1.4.6048.5.1.4.3.16.1.4
1.1.4.6102.12.4.8
1.1.4.6135.14.2.10
1.1.4.6182.25.2.8
1.1.4.6261.15.1.15.9.21
1.1.4.6390.5.1
1.1.4.6412.3
1.1.4.6415.12.1.23.13.41
1.1.4.6550.5.1.3.3.7
1.1.4.6637.5.1.4
1.1.4.6640.30.1.4.2
1.1.4.6641.5.1
1.1.4.6692.26.4.4.2
1.1.4.6739.14.1.5
1.1.4.6752.9.1.4
1.1.4.6785.17.1.5
1.1.4.6912.13.2.8.4
1.1.4.7053.5.1.31.2.5
1.1.4.7079.5.1.7.1.33.2
1.1.4.7165.10.1.4
1.1.4.7178.36.2.19.1.8.5
1.1.4.7232.10.4.4
1.1.4.7247.5.1.2.1.3.1.27
1.1.4.7284.14.1.4.1
1.1.4.7361.5.1.6.6.34
1.1.4.7430.11.2.8
1.1.4.7433.34.2.27.2
1.1.4.7456.22.2.5.6
1.1.4.7568.9.2.14
1.1.4.7727.5.1.6.3
1.1.4.7822.28.2.4.7
1.1.4.7876.5.1.2.4.12.2.10
1.1.4.8052.10.1.4.3
1.1.4.8088.5.1.9.1.1.1
1.1.4.8183.5.1.2.1
1.1.4.8227.11.1.29.12
1.1.4.8241.5.1
1.1.4.8263.56.2.11.13.14.3.26
1.1.4.8481.5.1.6
1.1.4.8522.5.1.12.3.27.10.12
1.1.4.8526.11.1.4.18
1.1.4.8557.17.2.34
1.1.4.8558.10.2.11.11
1.1.4.8644.5.1.17
1.1.4.8680.5.1.2.4.5.2.2
1.1.4.8691.3
1.1.4.8693.18.2.4.3
1.1.4.8767.5.1.2.1
1.1.4.8779.5.1.41.3.4
1.1.4.8789.22.2.8
1.1.4.8895.5.1.7.7.7
1.1.4.8897.22.2.26
1.1.4.8931.5.1
1.1.4.9009.5.1.4.2.26.4
1.1.4.9078.14.2.12
1.1.4.9290.5.1
1.1.4.9343.45.1.24.13
1.1.4.9409.16.2.14.3.6.3
1.1.4.9519.10.3.4
1.1.4.9525.5.1.1
1.1.4.9528.27.4.21.13.3.1
1.1.4.9628.5.1.1.1.5
1.1.4.9778.17.2.4
1.1.4.9791.5.1.1
1.1.4.9916.5.1.5
1.1.4.9933.5.1.3.3.14.2
1.1.4.9946.23.7.20.3.11.1.1
1.1.4.9960.10.2.8.5
1.1.4.9987.15.2.7.5.14
1.1.4.9991.14.2.8
1.1.4.10042.9.3.4.3
1.1.4.10054.5.1.3.2.3.1.6
1.1.4.10066.10.1.4
1.1.4.10233.13.1.4.12.33
1.1.4.10291.5.1.6.1.7.3
1.1.4.10326.5.1.8.1.2
1.1.4.10332.5.1.4
1.1.4.10386.24.2
1.1.4.10393.5.1
1.1.4.10474.10.1.4
1.1.4.10503.10.3.8.12
1.1.4.10516.5.1.2.10.16.1
1.1.4.10526.16.2.7.1
1.1.4.10541.23.2.8.3
1.1.4.10588.3
1.1.4.10594.5.1.4.1
1.1.4.10610.5.1.9.1
1.1.4.10637.5.1
1.1.4.10656.14.2.18
1.1.4.10658.33.2.6.4.5
1.1.4.10662.5.1.2.1.2
1.1.4.10702.5.1.2.1.14.3
1.1.4.10820.5.1.3
1.1.4.10829.14.1.5
1.1.4.10897.5.1.12
1.1.4.11032.10.4.16
1.1.4.11076.5.1
1.1.4.11102.26.2.11.1
1.1.4.11152.15.4.9.11
1.1.4.11184.5.1.3.1.2.1.1
1.1.4.11203.5.1
1.1.4.11248.18.2.15
1.1.4.11269.16.1.19.8
1.1.4.11376.8.1.9
1.1.4.11404.5.1.4.3.31.1.4
1.1.4.11458.12.4.8
1.1.4.11496.25.5.9.4.16
1.1.4.11547.25.2.8
1.1.4.11624.12.1.4.2
1.1.4.11803.5.1.14.1.3.9
1.1.4.11918.5.1.1.6.17.1
1.1.4.11930.22.1.8.4
1.1.4.12008.5.1.4
1.1.4.12011.30.1.4.2
1.1.4.12012.5.1
1.1.4.12062.13.1.11.6
1.1.4.12111.5.1.1.1.5
1.1.4.12111.5.1.2.2.8.1
1.1.4.12263.13.2.8.4
1.1.4.12436.9.1.7.2
1.1.4.12482.16.2.10.2
1.1.4.12485.5.1
1.1.4.12531.5.1.2.2.9.5.25
1.1.4.12538.5.1
1.1.4.12584.52.1.4
1.1.4.12652.14.1.4.1
1.1.4.12739.5.1.6.6.34
1.1.4.12805.11.2.8
1.1.4.12808.34.2.27.2
1.1.4.12833.22.2.5.6
1.1.4.13108.5.1.3
1.1.4.13163.5.1.1.1.9
1.1.4.13168.15.2.5.2.3.2.14
1.1.4.13196.5.1.2.2.12.11
1.1.4.13205.5.1.2.2.18
1.1.4.13262.5.1.2.4.12.2.10
1.1.4.13413.15.2.13.7
1.1.4.13435.5.1.9.1.1.1
1.1.4.13540.11.1.5.4.4
1.1.4.13581.9.1.7.16
1.1.4.13600.5.1
1.1.4.13629.15.2.32
1.1.4.13668.43.3.23.1.9
1.1.4.13762.9.1.9.5
1.1.4.13885.27.4.4.3
1.1.4.14028.5.1.17
1.1.4.14061.21.3.14.10.21
1.1.4.14072.19.2.14.7
1.1.4.14130.8.1.7.3
1.1.4.14153.5.1.2.1.9.3.5
1.1.4.14244.5.1.9.13
1.1.4.14273.5.1.10.16.18.1.13
1.1.4.14275.22.2.27
1.1.4.14311.5.1.3.1
1.1.4.14423.5.1
1.1.4.14444.5.1.2.10.10
1.1.4.14567.5.1.20
1.1.4.14603.5.1
1.1.4.14631.3
1.1.4.14710.37.3.6.3
1.1.4.14721.44.1.10.4
1.1.4.14834.5.1.35
1.1.4.14899.5.1.25.17.6.2.15
1.1.4.14908.19.1.5
1.1.4.14911.27.4.21.13.10.3
1.1.4.14964.21.1.11.2
1.1.4.15018.13.2.12
1.1.4.15020.37.1.10.10
1.1.4.15178.17.2.4
1.1.4.15277.8.1.4.1
1.1.4.15302.5.1.1
1.1.4.15332.61.3.45.1.5.2
1.1.4.15343.25.2.4.14
1.1.4.15375.15.2.7.5.14
1.1.4.15379.14.2.8
1.1.4.15427.11.3.13.10
1.1.4.15437.5.1.23
1.1.4.15452.10.1.4
1.1.4.15536.5.1
1.1.4.15540.14.2.14.6.9.1
1.1.4.15622.13.1.4.12.33
1.1.4.15653.28.2.4
1.1.4.15739.5.1.4.2
1.1.4.15799.24.2
1.1.4.15902.5.1.2.1.2.2
1.1.4.15927.17.5.7.10.34
1.1.4.15946.16.2.7.1
1.1.4.15958.5.1.1.3.1.1.45
1.1.4.15996.3
1.1.4.16052.14.2.18
1.1.4.16054.33.2.6.4.5
1.1.4.16058.5.1.2.1.2
1.1.4.16099.5.1.2.1.14.3
1.1.4.16135.30.2.9
1.1.4.16201.28.1.4
1.1.4.16405.10.4.4
1.1.4.16448.5.1
1.1.4.16469.11.1.16
1.1.4.16607.18.2.15
1.1.4.16628.16.1.19.8
1.1.4.16727.14.2.24.1.11.5.13
1.1.4.16736.49.1.21
1.1.4.16762.5.1.4.3.15.1.4
1.1.4.16816.12.4.8
1.1.4.16839.12.1.32
1.1.4.16855.25.5.9.4.16
1.1.4.16879.15.2.10.10
1.1.4.16902.25.2.8
1.1.4.17111.5.1
1.1.4.17133.3
1.1.4.17136.12.1.23.13.41
1.1.4.17189.5.1.6.3
1.1.4.17274.5.1.3.3.7
1.1.4.17352.5.1.4
1.1.4.17355.30.1.4.2
1.1.4.17356.5.1
1.1.4.17407.26.4.4.2
1.1.4.17468.9.1.4
1.1.4.17630.13.2.8.4
1.1.4.17773.5.1.31.2.5
1.1.4.17796.9.1.7.2
1.1.4.17842.16.2.10.2
1.1.4.17845.5.1
1.1.4.17891.5.1.2.2.9.5.25
1.1.4.18011.5.1
1.1.4.18100.5.1.6.6.34
1.1.4.18474.5.1.6.3
1.1.4.18526.21.2.8.2
1.1.4.18561.5.1.2.2.12.18
1.1.4.18570.5.1.2.2.18
1.1.4.18631.13.2.5.3.11
1.1.4.18655.5.1
1.1.4.18802.44.4.13.13
1.1.4.18824.5.1.9.1.1.1
1.1.4.18875.31.2.16.1.1.5.2
1.1.4.18890.29.1.21.3.7
1.1.4.18913.5.1.2.1
1.1.4.18957.11.1.29.12
1.1.4.18971.5.1
1.1.4.19000.15.2.32
1.1.4.19122.9.1.9.5
1.1.4.19154.5.1.3.1
1.1.4.19179.25.2
1.1.4.19204.5.1.6
1.1.4.19219.10.1.7
1.1.4.19230.27.4.4.3
1.1.4.19238.11.1.4.18
1.1.4.19378.5.1.17
1.1.4.19418.16.2.5.5.1.1.19
1.1.4.19436.12.2.12.11
1.1.4.19495.14.1.5.4
1.1.4.19518.5.1.7.1.4.3.47
1.1.4.19586.5.1.17.2.3
1.1.4.19592.5.1.9.15
1.1.4.19662.5.1.3.1
1.1.4.19748.5.1.4.2.26.4
1.1.4.19811.5.1.2.1
1.1.4.19816.5.1.3
1.1.4.19940.5.1.1
1.1.4.19962.11.2.4
1.1.4.19970.22.1.29
1.1.4.20026.5.1
1.1.4.20084.24.1.10.4
1.1.4.20149.3
1.1.4.20201.5.1.35
1.1.4.20256.10.3.4
1.1.4.20262.5.1.1
1.1.4.20265.27.4.21.13.3.1
1.1.4.20316.21.1.11.2
1.1.4.20370.13.2.12
1.1.4.20372.37.1.10.10
1.1.4.20545.34.1.32.14
1.1.4.20553.16.3.16.8
1.1.4.20653.8.1.4.1
1.1.4.20678.5.1.1
1.1.4.20712.43.3.26.1.5.2
1.1.4.20723.25.2.4.14
1.1.4.20755.15.2.7.5.14
1.1.4.20759.14.2.8
1.1.4.20804.9.3.4.3
1.1.4.20816.5.1.3.2.3.1.6
1.1.4.20828.10.1.4
1.1.4.21000.13.1.4.12.33
1.1.4.21078.39.5.34.31.15.5
1.1.4.21111.5.1.8.1.2
1.1.4.21117.5.1.4
1.1.4.21177.24.2
1.1.4.21184.5.1
1.1.4.21284.10.1.4
1.1.4.21313.10.3.8.12
1.1.4.21326.5.1.2.10.16.1
1.1.4.21343.22.2.6.1
1.1.4.21353.5.1.17
1.1.4.21399.3
1.1.4.21455.14.2.18
1.1.4.21457.33.2.6.4.5
1.1.4.21461.5.1.2.1.2
1.1.4.21501.5.1.2.1.14.3
1.1.4.21538.30.2.9
1.1.4.21620.5.1.3
1.1.4.21629.14.1.5
1.1.4.21653.5.1
1.1.4.21804.23.1.15.1.1.6
1.1.4.22041.18.2.15
1.1.4.22062.16.1.19.8
1.1.4.22175.8.1.9
1.1.4.22201.5.1.4.3.30.1.4
1.1.4.22279.14.2.5.6.3.14
1.1.4.22291.14.2.10
1.1.4.22424.12.1.4.2
1.1.4.22569.5.1
1.1.4.22591.3
1.1.4.22594.12.1.23.13.41
1.1.4.22739.5.1.14
1.1.4.22816.5.1.4
1.1.4.22819.30.1.4.2
1.1.4.22820.5.1
1.1.4.22871.26.4.4.2
1.1.4.22926.5.1.1.1.5
1.1.4.22926.5.1.2.2.8.1
1.1.4.23020.5.1.2.5.16.1
1.1.4.23089.13.2.8.4
1.1.4.23159.5.1.3.19
1.1.4.23244.5.1.1.1.2.3.20
1.1.4.23283.16.2.10.2
1.1.4.23286.5.1
1.1.4.23332.5.1.2.2.9.5.25
1.1.4.23395.10.4.4
1.1.4.23410.5.1.4.1.4
1.1.4.23453.14.1.4.1
1.1.4.23550.5.1.16.3.11
1.1.4.23611.11.2.8
1.1.4.23614.34.2.27.2
1.1.4.23911.5.1.3
1.1.4.23966.5.1.1.1.9
1.1.4.23971.15.2.5.2.3.2.14
1.1.4.24008.28.2.4.7
1.1.4.24062.5.1.2.4.12.2.10
1.1.4.24228.5.1.6.2.8.5.23
1.1.4.24348.11.1.5.4.27
1.1.4.24390.11.1.29.12
1.1.4.24404.5.1
1.1.4.24433.15.2.32
1.1.4.24641.5.1.6
1.1.4.24681.14.2
1.1.4.24692.11.1.4.20
1.1.4.24840.5.1.17
1.1.4.24877.3
1.1.4.24879.9.1.11.8
1.1.4.24894.5.1.19.1.21.3
1.1.4.24965.5.1.2.1
1.1.4.24980.12
1.1.4.25067.5.1.9.13
1.1.4.25096.5.1.10.16.18.1.13
1.1.4.25098.22.2.27
1.1.4.25132.5.1
1.1.4.25210.5.1.4.2.24.4
1.1.4.25278.14.2.12
1.1.4.25477.5.1
1.1.4.25535.24.1.10.4
1.1.4.25633.13
1.1.4.25635.12.3.16
1.1.4.25650.5.1.35
1.1.4.25784.24.2
1.1.4.25824.13.2.12
1.1.4.25826.37.1.10.10
1.1.4.25985.27.3.18.3.50
1.1.4.26009.34.1.13.8
1.1.4.26017.16.3.16.8
1.1.4.26110.8.1.4.1
1.1.4.26135.5.1.1
1.1.4.26172.14.2.9.4
1.1.4.26219.15.2.7.5.14
1.1.4.26223.14.2.8
1.1.4.26277.9.3.4.3
1.1.4.26289.5.1.3.2.3.1.6
1.1.4.26391.5.1
1.1.4.26478.13.1.4.12.33
1.1.4.26509.28.2.4
1.1.4.26532.10.4.4
1.1.4.26575.19
1.1.4.26597.5.1.7.4.28
1.1.4.26602.11.1.10.5
1.1.4.26605.39.3.5.15.6
1.1.4.26763.10.1.4
1.1.4.26789.17.5.7.10.41
1.1.4.26808.5.1.13.1
1.1.4.26826.5.1.1.3.1.1.16
1.1.4.26864.3
1.1.4.26887.5.1.9.1
1.1.4.26913.5.1.3.2.27.3
1.1.4.26933.10.2.4.6
1.1.4.26938.15.2.8
1.1.4.26957.5.1.3.1.12.1.21
1.1.4.26980.8.1.4.15
1.1.4.27049.5.1.7.13.10.1
1.1.4.27097.5.1.3
1.1.4.27106.14.1.5
1.1.4.27134.5.1
1.1.4.27183.27.1.10.4
1.1.4.27299.23.1.15.1.1.1
1.1.4.27392.13.3.10.1.5.2
1.1.4.27537.18.2.15
1.1.4.27558.16.1.19.8
1.1.4.27671.8.1.9
1.1.4.27699.5.1.4.3.31.1.4
1.1.4.27753.12.4.8
1.1.4.27776.12.1.32
1.1.4.27792.25.5.9.4.16
1.1.4.27844.20
1.1.4.27846.5.1.12.5
1.1.4.28058.5.1.2.2.6.2
1.1.4.28079.3
1.1.4.28082.12.1.23.13.41
1.1.4.28135.5.1.6.3
1.1.4.28222.5.1.1.2.12
1.1.4.28229.8.1.7
1.1.4.28283.5.1.4
1.1.4.28286.30.1.4.2
1.1.4.28287.5.1
1.1.4.28338.26.4.4.2
1.1.4.28406.9.1.4
1.1.4.28556.13.2.8.4
1.1.4.28701.5.1.31.2.5
1.1.4.28724.9.1.7.2
1.1.4.28770.16.2.10.2
1.1.4.28773.5.1
1.1.4.28819.5.1.2.2.9.5.25
1.1.4.28826.5.1.7.3.13.1.9
1.1.4.28865.52.1.4
1.1.4.28889.5.1.12.2.8
1.1.4.28915.5.1
1.1.4.28929.5.1.21.1.1.3
1.1.4.28994.5.1.3.4
1.1.4.29014.5.1.6.6.34
1.1.4.29075.11.2.8
1.1.4.29078.34.2.27.2
1.1.4.29106.22.2.5.6
1.1.4.29391.5.1.6.3
1.1.4.29432.5.1.1
1.1.4.29445.18.4
1.1.4.29454.5.1.1.1.9
1.1.4.29459.15.2.5.2.3.2.12
1.1.4.29488.5.1.2.2.4.10
1.1.4.29497.5.1.2.2.18
1.1.4.29554.5.1.2.4.12.2.10
1.1.4.29643.22.2.11.3.3.1.3
1.1.4.29715.15.2.13.7
1.1.4.29737.5.1.9.1.1.1
1.1.4.29794.31.2.16.1.1.2.12
1.1.4.29809.29.1.21.3.7
1.1.4.29835.5.1.2.1
1.1.4.29879.11.1.29.12
1.1.4.29893.5.1
1.1.4.29915.56.2.11.13.14.3.26
1.1.4.29956.43.3.23.1.9
1.1.4.30053.9.1.9.5
1.1.4.30178.10.2.24.4
1.1.4.30316.5.1.17
1.1.4.30355.5.1.2.1.2.10.17
1.1.4.30367.19.2.14.7
1.1.4.30423.5.1.2.1.1
1.1.4.30447.5.1.2.1.9.10.12
1.1.4.30525.5.1.2.1
1.1.4.30529.24.3.9.2.5.4.2
1.1.4.30603.5.1
1.1.4.30726.19.4.11.1.3.5
1.1.4.30743.5.1.2.10.19
1.1.4.30907.22.1.24
1.1.4.30936.3
1.1.4.31021.24.1.10.4
1.1.4.31108.3
1.1.4.31138.5.1.35
1.1.4.31199.5.1.25.17.6.2.15
1.1.4.31208.19.1.5
1.1.4.31211.27.4.21.13.10.3
1.1.4.31262.21.1.11.2
1.1.4.31316.13.2.12
1.1.4.31318.37.1.10.10
1.1.4.31469.17.2.4
1.1.4.31573.8.1.4.1
1.1.4.31598.5.1.1
1.1.4.31628.61.3.45.1.5.2
1.1.4.31639.25.2.4.14
1.1.4.31671.15.2.7.5.14
1.1.4.31675.14.2.8
1.1.4.31726.9.3.4.3
1.1.4.31738.5.1.3.2.3.1.6
1.1.4.31748.3
1.1.4.31834.5.1
1.1.4.31838.14.2.14.6.9.1
1.1.4.31920.13.1.4.12.33
1.1.4.31995.19
1.1.4.32016.5.1.1.1.24.2.8
1.1.4.32020.10.4.8.9
1.1.4.32096.14.2
1.1.4.32108.24.2
1.1.4.32115.5.1
1.1.4.32206.10.1.4
1.1.4.32232.17.5.7.10.41
1.1.4.32252.16.2.7.1
1.1.4.32264.5.1.1.3.1.1.55
1.1.4.32302.3
1.1.4.32325.5.1.9.1
1.1.4.32352.5.1
1.1.4.32370.8.2.8
1.1.4.32373.13.1.8.3
1.1.4.32384.20.1.8
1.1.4.32405.5.1.2.1.14.3
1.1.4.32441.30.2.9
1.1.4.32523.5.1.3
1.1.4.32532.14.1.5
1.1.4.32560.5.1
1.1.4.32762.5.1
1.1.4.32783.11.1.16
1.1.4.32850.13.2.10.5
1.1.4.32913.18.2.15
1.1.4.32942.16.1.35.18
1.1.4.33056.8.1.9
1.1.4.33084.5.1.4.3.31.1.4
1.1.4.33138.12.4.8
1.1.4.33171.14.2.10
1.1.4.33222.25.2.8
1.1.4.33300.12.1.4.2
1.1.4.33488.5.1.14.1.3.9
1.1.4.33606.5.1.1.2.12
1.1.4.33688.5.1.4
1.1.4.33691.30.1.4.2
1.1.4.33692.5.1
1.1.4.33745.13.1.11.6
1.1.4.33802.9.1.4
1.1.4.33959.13.2.8.4
1.1.4.34129.9.1.7.2
1.1.4.34175.16.2.10.2
1.1.4.34178.5.1
1.1.4.34224.5.1.2.2.9.5.25
1.1.4.34231.5.1
1.1.4.34278.52.1.4
1.1.4.34302.5.1.14
1.1.4.34346.5.1
1.1.4.34434.5.1.6.6.34
1.1.4.34751.13.2
1.1.4.34927.5.1.17.1.8.3.41
1.1.4.34980.5.1.2.4.12.2.10
1.1.4.35143.26.2.9.5.11.1.18
1.1.4.35272.11.1.5.4.4
1.1.4.35313.9.1.7.16
1.1.4.35332.5.1
1.1.4.35360.16.3.8.1
1.1.4.35397.43.3.23.1.9
1.1.4.35491.9.1.9.5
1.1.4.35614.9.2.9.10
1.1.4.35751.5.1.17
1.1.4.35790.5.1.2
1.1.4.35803.42.2.5.3.7.1.4
1.1.4.35806.12.2.12.11
1.1.4.35871.10.2.4.2
1.1.4.35896.5.1.2.1.9.4.29
1.1.5.36023.5.1.7.7.7
1.1.5.36025.22.2.26
1.1.5.36059.5.1
1.1.5.36117.5.1
1.1.5.36132.5.1.4.2.8.9
1.1.5.36201.14.2.12
1.1.5.36418.5.1
1.1.5.36476.24.3.22.12.3.1.3
1.1.5.36534.16.2.14.3.6.3
1.1.5.36581.5.1.35
1.1.5.36642.5.1.25.17.6.2.7
1.1.5.36651.19.1.5
1.1.5.36654.27.4.21.13.10.3
1.1.5.36705.21.1.11.2
1.1.5.36759.13.2.12
1.1.5.36761.37.1.10.10
1.1.5.37050.8.1.4.1
1.1.5.37075.5.1.1
1.1.5.37112.14.2.9.4
1.1.5.37123.25.2.4.14
1.1.5.37155.15.2.7.5.14
1.1.5.37159.14.2.8
1.1.5.37210.9.3.4.3
1.1.5.37222.5.1.3.2.3.1.6
1.1.5.37324.5.1
1.1.5.37328.14.2.14.6.9.1
1.1.5.37412.5.1.2.1.7.1.1.1
1.1.5.37442.9.1.10
1.1.5.37521.5.1.8.1.2
1.1.5.37527.5.1.4
1.1.5.37581.24.2
1.1.5.37588.5.1
1.1.5.37674.10.1.4
1.1.5.37700.17.5.7.10.41
1.1.5.37754.5.1.21.1.28.1
1.1.5.37793.5.1
1.1.5.37822.5.1.3.2.13.3
1.1.5.37842.10.2.4.6
1.1.5.37847.15.2.8
1.1.5.37891.25.4.6
1.1.5.38009.5.1.3
1.1.5.38018.14.1.5
1.1.5.38046.5.1
1.1.5.38095.27.1.10.4
1.1.5.38220.10.4.4
1.1.5.38263.5.1
1.1.5.38289.26.2.11.1
1.1.5.38421.18.2.15
1.1.5.38450.16.1.35.18
1.1.5.38563.5.1.4.3.12.1.4
1.1.5.38609.49.3.8.31.22
1.1.5.38615.10.3.4.8
1.1.5.38652.5.1.6.2.12
1.1.5.38676.15.2.10.10
1.1.5.38700.20
1.1.5.38702.5.1.12.5
1.1.5.38787.34.3.5.3.6
1.1.5.38959.13.2.15.10.15.8
1.1.5.39093.5.1.3.3.7
1.1.5.39166.5.1.4
1.1.5.39169.30.1.4.2
1.1.5.39170.5.1
1.1.5.39221.26.4.4.2
1.1.5.39274.5.1.1.1.5
1.1.5.39274.5.1.2.2.8.1
1.1.5.39436.13.2.8.4
1.1.5.39589.5.1.31.2.5
1.1.5.39611.5.1.7.1.33.2
1.1.5.39691.5.1.2.2.9.5.18
1.1.5.39754.10.4.4
1.1.5.39769.5.1.2.1.3.1.37
1.1.5.39797.5.1
1.1.5.39811.5.1.21.1.1.3
1.1.5.39898.5.1.6.6.34
1.1.5.39993.22.2.5.6
1.1.5.40224.13.2
1.1.5.40318.21.2.8.2
1.1.5.40360.5.1.17.1.8.3.36
1.1.5.40413.5.1.2.4.12.2.10
1.1.5.40572.15.2.13.7
1.1.5.40586.24.2.27.19.29
1.1.5.40664.31.2.16.1.1.5.2
1.1.5.40679.29.1.21.3.7
1.1.5.40692.24.2.17.7.15.1
1.1.5.40701.5.1.2.1
1.1.5.40744.11.1.29.12
1.1.5.40758.5.1
1.1.5.40780.56.2.11.13.14.3.26
1.1.5.40816.43.3.23.1.10
1.1.5.40900.9.1.9.5
1.1.5.40981.5.1.6
1.1.5.41029.11.1.4.31
1.1.5.41060.17.2.34
1.1.5.41061.10.2.11.11
1.1.5.41149.5.1.17
1.1.5.41185.16.2.5.5.1.1.58
1.1.5.41198.19.2.14.7
1.1.5.41257.14.1.5.4
1.1.5.41283.5.1.7.1.4.3.48
1.1.5.41387.5.1.10.13.20.2.49
1.1.5.41389.22.2.27
1.1.5.41425.5.1.3.1
1.1.5.41496.5.1.4.2.26.4
1.1.5.41543.19.4.11.1.3.5
1.1.5.41560.5.1.2.10.19
1.1.5.41716.22.1.24
1.1.5.41825.24.1.10.4
1.1.5.41887.16.2.14.3.6.3
1.1.5.41913.13
1.1.5.41915.12.3.16
1.1.5.41930.5.1.35
1.1.5.41986.5.1.25.17.6.2.15
1.1.5.41995.19.1.5
1.1.5.41998.27.4.21.13.10.3
1.1.5.42097.5.1.1.1.5
1.1.5.42257.17.2.4
1.1.5.42358.8.1.4.1
1.1.5.42382.5.1.3.1.1.1.3
1.1.5.42396.13.2.6.1.2.2
1.1.5.42414.5.1.1
1.1.5.42424.5.1.1
1.1.5.42457.15.2.7.5.14
1.1.5.42461.14.2.8
1.1.5.42515.9.3.4.3
1.1.5.42527.5.1.3.2.3.1.6
1.1.5.42537.3
1.1.5.42577.8.1.14
1.1.5.42621.5.1
1.1.5.42625.14.2.14.6.9.1
1.1.5.42707.13.1.4.12.33
1.1.5.42748.28.2.4
1.1.5.42771.10.4.4
1.1.5.42811.19
1.1.5.42833.5.1.7.4.28
1.1.5.42838.11.1.10.5
1.1.5.42841.39.3.5.15.6
1.1.5.42898.14.2
1.1.5.42910.24.2
1.1.5.42917.5.1
1.1.5.42988.5.1.4.1
1.1.5.42992.8.1.4
1.1.5.43019.10.3.8.12
1.1.5.43032.5.1.2.10.16.1
1.1.5.43049.22.2.6.1
1.1.5.43059.5.1.17
1.1.5.43105.3
1.1.5.43142.5.1.1.1.8.2
1.1.5.43170.5.1.3.4.6
1.1.5.43206.5.1.2.1.14.3
1.1.5.43303.28.1.4
1.1.5.43324.5.1.3
1.1.5.43565.5.1
1.1.5.43591.26.2.11.1
1.1.5.43680.5.1.3.1.2.1.1
1.1.5.43699.5.1
1.1.5.43742.15.1.4.1
1.1.5.43768.16.1.35.18
1.1.5.43881.8.1.9
1.1.5.43907.5.1.4.3.30.1.4
1.1.5.43961.12.4.8
1.1.5.43995.17.1.12
1.1.5.44008.15.1.9.4
1.1.5.44148.18.1.10
1.1.5.44276.5.1
1.1.5.44298.3
1.1.5.44301.12.1.23.13.41
1.1.5.44435.5.1.3.3.7
1.1.5.44515.5.1.4
1.1.5.44518.30.1.4.2
1.1.5.44519.5.1
1.1.5.44568.35.2.15.1.6
1.1.5.44621.9.1.4
1.1.5.44822.5.1.3.19
1.1.5.44910.9.1.7.2
1.1.5.44956.16.2.10.2
1.1.5.44959.5.1
1.1.5.45005.5.1.2.2.9.5.25
1.1.5.45081.5.1.4.1.4
1.1.5.45131.5.1
1.1.5.45219.5.1.6.6.34
1.1.5.45285.11.2.8
1.1.5.45288.34.2.27.2
1.1.5.45320.5.1.11.1.1
1.1.5.45587.5.1.6.3
1.1.5.45628.5.1.1
1.1.5.45641.18.4
1.1.5.45650.5.1.1.1.9
1.1.5.45655.15.2.5.2.3.2.12
1.1.5.45683.5.1.2.2.12.11
1.1.5.45692.5.1.2.2.18
1.1.5.45749.5.1.2.4.12.2.10
1.1.5.45911.5.1.4.5.13.4.12
1.1.5.45916.5.1.4
1.1.5.45951.5.1
1.1.5.45977.12.1.4
1.1.5.45999.29.1.21.3.7
1.1.5.46012.24.2.17.7.15.1
1.1.5.46021.5.1.2.1
1.1.5.46065.11.1.29.12
1.1.5.46079.5.1
1.1.5.46101.56.2.11.13.14.3.26
1.1.5.46217.13.1.18.8
1.1.5.46297.5.1.6
1.1.5.46336.10.2.24.4
1.1.5.46484.5.1.17
1.1.5.46521.5.1.8
1.1.5.46532.5.1.3.3.44.1.58
1.1.5.46590.14.1.5.4
1.1.5.46612.5.1.7.1.4.3.24
1.1.5.46678.5.1.9.13
1.1.5.46748.5.1.3.1
1.1.5.46819.5.1.4.2.26.4
1.1.5.46880.5.1.2.1
1.1.5.46885.5.1.3
1.1.5.47047.22.1.24
1.1.5.47075.3
1.1.5.47156.24.1.10.4
1.1.5.47220.3
1.1.5.47255.13
1.1.5.47257.12.3.16
1.1.5.47340.19.1.5
1.1.5.47343.27.4.21.13.10.3
1.1.5.47394.21.1.11.2
1.1.5.47448.13.2.12
1.1.5.47450.37.1.10.10
1.1.5.47603.17.2.4
1.1.5.47718.8.1.4.1
1.1.5.47743.5.1.1
1.1.5.47780.14.2.9.4
1.1.5.47821.5.1.20.12.11
1.1.5.47824.18.2.13.1.22.15.45
1.1.5.47828.5.1.2.5.17.3
1.1.5.47881.9.3.4.3
1.1.5.47893.5.1.3.2.3.1.6
1.1.5.47903.3
1.1.5.47992.5.1
1.1.5.47996.14.2.14.6.9.1
1.1.5.48078.13.1.4.12.33
1.1.5.48136.5.1.2.1.2.2
1.1.5.48167.5.1.4.2
1.1.5.48227.24.2
1.1.5.48234.5.1
1.1.5.48325.10.1.4
1.1.5.48354.10.3.8.12
1.1.5.48367.5.1.2.10.16.1
1.1.5.48381.16.2.7.1
1.1.5.48396.23.2.8.3
1.1.5.48440.3
1.1.5.48455.5.1
1.1.5.48483.5.1.3.2.27.3
1.1.5.48499.8.2.8
1.1.5.48502.13.1.8.3
1.1.5.48513.20.1.8
1.1.5.48543.5.1.2.1.14.3
1.1.5.48578.30.2.9
1.1.5.48658.5.1.3
1.1.5.48667.14.1.5
1.1.5.48695.5.1
1.1.5.48746.27.1.10.4
1.1.5.48860.23.1.15.1.1.6
1.1.5.49044.5.1
1.1.5.49051.29.2.13.1
1.1.5.49095.18.2.15
1.1.5.49124.16.1.35.18
1.1.5.49246.5.1.4.3.12.1.4
1.1.5.49296.8.1.10.18.26
1.1.5.49337.14.1.17.7
1.1.5.49401.10.2.4.2
1.1.5.49427.8.1.4.1
1.1.5.49479.26.2.15.19.30
1.1.5.49614.5.1
1.1.5.49636.3
1.1.5.49639.12.1.23.13.41
1.1.5.49761.5.1.1.9.23.2
1.1.5.49781.5.1.14
1.1.5.49845.9.1.5
1.1.5.49906.26.4.4.2
1.1.5.49967.9.1.4
1.1.5.50061.5.1.2.5.16.1
1.1.5.50130.13.2.8.4
1.1.5.50300.9.1.7.2
1.1.5.50346.16.2.10.2
1.1.5.50349.5.1
1.1.5.50395.5.1.2.2.9.5.25
1.1.5.50402.5.1.7.3.13.1.9
1.1.5.50441.52.1.4
1.1.5.50509.14.1.4.1
1.1.5.50590.5.1.16.3.11
1.1.5.50679.22.2.5.6
1.1.5.50882.14.1
1.1.5.50968.5.1.6.3
1.1.5.51026.15.2.5.2.3.2.41
1.1.5.51054.5.1.2.2.12.11
1.1.5.51063.5.1.2.2.18
1.1.5.51120.5.1.2.4.12.2.10
1.1.5.51271.15.2.13.7
1.1.5.51293.5.1.9.1.1.1
1.1.5.51392.5.1.2.1
1.1.5.51444.9.1.7.16
1.1.5.51463.5.1
1.1.5.51492.15.2.32
1.1.5.51563.8.1.21
1.1.5.51602.13.1.18.8
1.1.5.51689.9.1.11.2
1.1.5.51703.5.1
1.1.5.51743.11.1.4.31
1.1.5.51774.17.2.34
1.1.5.51775.10.2.11.11
1.1.5.51868.5.1.17
1.1.5.51904.13.2.5
1.1.5.51916.19.2.14.7
1.1.5.51976.14.1.5.4
1.1.5.52002.5.1.7.1.4.3.46
1.1.5.52114.5.1.7.7.7
1.1.5.52153.5.1
1.1.5.52235.5.1.4.2.26.4
1.1.5.52301.5.1.2.1
1.1.5.52306.5.1.3
1.1.5.52438.5.1.1
1.1.5.52460.11.2.4
1.1.5.52468.22.1.29
1.1.5.52496.3
1.1.5.52575.37.3.6.3
1.1.5.52586.44.1.10.4
1.1.5.52688.13
1.1.5.52690.12.3.16
1.1.5.52705.5.1.35
1.1.5.52772.10.3.4
1.1.5.52778.5.1.1
1.1.5.52781.27.4.21.13.3.1
1.1.5.52880.5.1.1.1.5
1.1.5.53033.17.2.4
1.1.5.53135.8.1.4.1
1.1.5.53160.5.1.1
1.1.5.53203.43.3.26.1.5.2
1.1.5.53214.25.2.4.14
1.1.5.53246.15.2.7.5.14
1.1.5.53250.14.2.8
1.1.5.53301.9.3.4.3
1.1.5.53313.5.1.3.2.3.1.6
1.1.5.53323.3
1.1.5.53412.5.1
1.1.5.53499.13.1.4.12.33
1.1.5.53532.5.1
1.1.5.53568.5.1.6.1.7.3
1.1.5.53606.34.1.4.10
1.1.5.53611.20.1.14.3
1.1.5.53670.14.2
1.1.5.53682.24.2
1.1.5.53689.5.1
1.1.5.53770.10.1.4
1.1.5.53796.17.5.7.10.41
1.1.5.53815.16.2.7.1
1.1.5.53830.23.2.8.3
1.1.5.53877.3
1.1.5.53902.5.1
1.1.5.53931.5.1
1.1.5.53950.14.2.18
1.1.5.53952.33.2.6.4.5
1.1.5.53956.5.1.2.1.2
1.1.5.53996.5.1.2.1.14.3
1.1.5.54033.30.2.9
1.1.5.54121.5.1.3
1.1.5.54130.14.1.5
1.1.5.54201.27.1.10.4
1.1.5.54315.23.1.15.1.1.6
1.1.5.54551.18.2.15
1.1.5.54572.16.1.19.8
1.1.5.54675.5.1
1.1.5.54686.49.1.21
1.1.5.54713.5.1.4.3.30.1.4
1.1.5.54767.12.4.8
1.1.5.54801.14.2.5.6.3.12
1.1.5.54813.14.2.10
1.1.5.54861.20
1.1.5.54863.5.1.12.5
1.1.5.54948.26.2.15.19.30
1.1.5.55066.10.2.11
1.1.5.55125.5.1.14.1.3.9
1.1.5.55249.5.1.1.2.13
1.1.5.55256.8.1.7
1.1.5.55304.9.1.5
1.1.5.55367.13.1.11.6
1.1.5.55415.5.1.1.1.5
1.1.5.55415.5.1.2.2.8.1
1.1.5.55563.13.2.8.4
1.1.5.55719.5.1.31.2.5
1.1.5.55741.5.1.7.1.33.2
1.1.5.55821.5.1.2.2.9.5.18
1.1.5.55897.5.1.3.8.9
1.1.5.55940.5.1
1.1.5.56029.5.1.16.3.11
1.1.5.56096.5.1
1.1.5.56331.14.1
1.1.5.56417.5.1.3
1.1.5.56472.5.1.1.1.9
1.1.5.56514.28.2.4.7
1.1.5.56568.5.1.2.4.12.2.10
1.1.5.56739.5.1.4.5.13.4.12
1.1.5.56744.5.1.4
1.1.5.56778.5.1
1.1.5.56862.11.1.5.4.4
1.1.5.56912.15.3.7
1.1.5.56937.17.2.7.5.5.1.37
1.1.5.56953.56.2.11.13.14.3.66
1.1.5.56994.43.3.23.1.10
1.1.5.57201.27.4.4.3
1.1.5.57209.11.1.4.18
1.1.5.57240.17.2.34
1.1.5.57241.10.2.11.11
1.1.5.57327.5.1.17
1.1.5.57363.5.1.2
1.1.5.57376.42.2.5.3.7.1.4
1.1.5.57379.12.2.12.11
1.1.5.57433.14.1.5.4
1.1.5.57459.5.1.7.1.4.3.43
1.1.5.57525.5.1.9.13
1.1.5.57554.5.1.10.16.18.1.13
1.1.5.57556.22.2.27
1.1.5.57592.5.1.3.1
1.1.5.57663.5.1.4.2.24.4
1.1.5.57727.14.2.12
1.1.5.57923.5.1
1.1.5.57980.12.1.8.2.3
1.1.5.58047.16.2.9.3.6.6
1.1.5.58094.5.1.35
1.1.5.58168.19.1.5
1.1.5.58171.27.4.21.13.10.3
1.1.5.58222.21.1.11.2
1.1.5.58276.13.2.12
1.1.5.58278.37.1.10.10
1.1.5.58450.34.1.32.14
1.1.5.58458.16.3.16.8
1.1.5.58501.5.1.3.1.6
1.1.5.58582.5.1.8.17.20.6.8
1.1.5.58602.5.1.3.3.14.2
1.1.5.58624.14.2.9.4
1.1.5.58637.17.2.23.9.5.3.3
1.1.5.58646.5.1.2.1.16
1.1.5.58665.15.2.7.5.14
1.1.5.58669.14.2.8
1.1.5.58723.9.3.4.3
1.1.5.58735.5.1.3.2.3.1.6
1.1.5.58747.10.1.4
1.1.5.58830.5.1
1.1.5.58834.14.2.14.6.9.1
1.1.5.58918.5.1.2.1.7.1.1.1
1.1.5.58948.9.1.10
1.1.5.59027.5.1.8.1.2
1.1.5.59033.5.1.4
1.1.5.59087.24.2
1.1.5.59094.5.1
1.1.5.59192.10.1.4
1.1.5.59218.17.5.7.10.41
1.1.5.59237.5.1.13.1
1.1.5.59253.5.1.1.3.1.1.14
1.1.5.59294.3
1.1.5.59309.5.1
1.1.5.59338.5.1
1.1.5.59359.10.2.4.6
1.1.5.59364.15.2.8
1.1.5.59383.5.1.3.1.12.1.46
1.1.5.59408.25.4.6
1.1.5.59445.30.2.9
1.1.5.59527.5.1.3
1.1.5.59536.14.1.5
1.1.5.59561.11.1.18
1.1.5.59601.27.1.10.4
1.1.5.59730.10.4.16
1.1.5.59773.5.1
1.1.5.59799.26.2.11.1
1.1.5.59961.16.1.19.8
1.1.5.60084.5.1.4.3.12.1.4
1.1.5.60136.67.3.8.24.2
1.1.5.60142.10.3.4.8
1.1.5.60179.5.1.6.2.12
1.1.5.60203.5.1.18.6
1.1.5.60226.25.2.8
1.1.5.60243.11.1.4
1.1.5.60435.5.1
1.1.5.60457.3
1.1.5.60460.12.1.23.13.41
1.1.5.60594.5.1.1.2.12
1.1.5.60665.9.1.5
1.1.5.60723.13.3.11.2.11
1.1.5.60774.9.1.4
1.1.5.60807.17.1.5
1.1.5.60925.13.2.8.4
1.1.5.61070.5.1.31.2.5
1.1.5.61097.9.1.7.2
1.1.5.61143.16.2.10.2
1.1.5.61146.5.1
1.1.5.61192.5.1.2.2.9.5.25
1.1.5.61268.5.1.4.4.11
1.1.5.61309.5.1
1.1.5.61401.5.1.16.3.11
1.1.5.61468.5.1
1.1.5.61797.5.1.6.3
1.1.5.61855.15.2.5.2.3.2.41
1.1.5.61890.5.1.17.1.8.3.34
1.1.5.61943.5.1.2.4.12.2.10
1.1.5.61969.5.1.2.15
1.1.5.62107.15.2.13.7
1.1.5.62130.5.1.9.1.1.1
1.1.5.62231.11.1.5.4.46
1.1.5.62273.11.1.29.12
1.1.5.62287.5.1
1.1.5.62316.15.2.32
1.1.5.62431.13.1.18.8
1.1.5.62510.5.1.2.1.2
1.1.5.62523.5.1
1.1.5.62556.5.1.12.3.27.18.37
1.1.5.62560.11.1.4.18
1.1.5.62591.17.2.34
1.1.5.62592.10.2.11.11
1.1.5.62678.5.1.17
1.1.5.62715.3
1.1.5.62717.9.1.11.8
1.1.5.62732.5.1.19.1.21.3
1.1.5.62799.14.1.5.4
1.1.5.62821.5.1.7.1.4.3.24
1.1.5.62923.5.1.7.7.7
1.1.5.62925.22.2.26
1.1.5.62959.5.1
1.1.5.63038.5.1.4.2.24.4
1.1.5.63107.14.2.12
1.1.5.63230.31
1.1.5.63288.3
1.1.5.63373.24.1.10.4
1.1.5.63549.10.3.4
1.1.5.63555.5.1.1
1.1.5.63558.27.4.21.13.3.1
1.1.5.63657.5.1.1.1.5
1.1.5.63818.27.3.18.3.50
1.1.5.63837.34.1.13.8
1.1.5.63845.16.3.16.8
1.1.5.63944.8.1.4.1
1.1.5.63969.5.1.1
1.1.5.64001.14.2.9.4
1.1.5.64046.15.2.7.5.14
1.1.5.64050.14.2.8
1.1.5.64098.11.3.13.10
1.1.5.64108.5.1.23
1.1.5.64127.20.2
1.1.5.64282.13.1.4.12.33
1.1.5.64343.10.4.4
1.1.5.64386.19
1.1.5.64406.5.1.13.5.7
1.1.5.64407.5.1.1.1.24.2.8
1.1.5.64411.10.4.8.8
1.1.5.64416.9.1.4.5
1.1.5.64474.14.2
1.1.5.64486.24.2
1.1.5.64493.5.1
1.1.5.64576.10.1.4
1.1.5.64602.17.5.7.10.41
1.1.5.64639.5.1.1.3.1.1.26
1.1.5.64677.3
1.1.5.64683.5.1.4.1
1.1.5.64699.5.1.9.1
1.1.5.64726.5.1
1.1.5.64744.8.2.8
1.1.5.64747.13.1.8.3
1.1.5.64786.8.1.4.15
1.1.5.64822.30.2.9
1.1.5.64940.5.1
1.1.5.64987.27.1.10.4
1.1.5.65117.10.4.4
1.1.5.65137.5.1
1.1.5.65180.26.2.11.1
1.1.5.65234.15.4.9.11
1.1.5.65314.18.2.15
1.1.5.65335.16.1.19.8
1.1.5.65448.8.1.9
1.1.5.65476.5.1.4.3.31.1.4
1.1.5.65530.12.4.8
1.1.5.65553.12.1.32
1.1.5.65569.25.5.9.4.16
1.1.5.65593.15.2.10.10
1.1.5.65617.20
1.1.5.65619.5.1.12.5
1.1.5.65692.26.2.15.20.24
1.1.5.65801.10.2.11
1.1.5.65859.13.2.15.10.15.8
1.1.5.65993.22.1.8.4
1.1.5.66090.14.3.21.7.10
1.1.5.66142.26.4.4.2
1.1.5.66374.13.2.8.4
1.1.5.66539.9.1.7.2
1.1.5.66585.16.2.10.2
1.1.5.66588.5.1
1.1.5.66634.5.1.2.2.9.5.25
1.1.5.66708.14.1.5.6
1.1.5.66736.5.1
1.1.5.66750.5.1.21.1.1.3
1.1.5.66849.5.1.6.6.34
1.1.5.66915.11.2.8
1.1.5.66918.34.2.27.2
1.1.5.66941.22.2.5.6
1.1.5.67139.14.1
1.1.5.67230.5.1.6.3
1.1.5.67316.25.2.7.5.7.1
1.1.5.67323.5.1.17.1.8.3.45
1.1.5.67376.5.1.2.4.12.2.10
1.1.5.67544.15.2.13.7
1.1.5.67567.5.1.9.1.1.1
1.1.5.67669.11.1.5.4.4
1.1.5.67711.11.1.29.12
1.1.5.67725.5.1
1.1.5.67753.16.3.8.1
1.1.5.67779.14.3.5.2
1.1.5.67880.13.1.18.8
1.1.5.68002.5.1.12.3.27.10.11
1.1.5.68006.11.1.4.18
1.1.5.68037.17.2.34
1.1.5.68038.10.2.11.11
1.1.5.68135.5.1.17
1.1.5.68171.5.1.2
1.1.5.68187.5.1.33.1.11.3
1.1.5.68259.5.1.6.3
1.1.5.68280.5.1.1.1.1
1.1.5.68290.22.2.8
1.1.5.68355.5.1.4.1.1.1
1.1.5.68398.5.1.10.13.20.2.61
1.1.5.68400.22.2.27
1.1.5.68436.5.1.3.1
1.1.5.68568.5.1.2.1
1.1.5.68573.5.1.3
1.1.5.68784.5.1
1.1.5.68844.5.1.18.18.15.3.9
1.1.5.68906.3
1.1.5.68937.11.3.8
1.1.5.68952.5.1.35
1.1.5.69014.10.3.4
1.1.5.69020.5.1.1
1.1.5.69023.27.4.21.13.3.1
1.1.5.69094.24.2
1.1.5.69134.13.2.12
1.1.5.69136.37.1.10.10
1.1.5.69291.17.2.4
1.1.5.69393.8.1.4.1
1.1.5.69417.5.1.3.1.1.1.3
1.1.5.69431.13.2.6.1.2.2
1.1.5.69449.5.1.1
1.1.5.69494.15.2.7.5.14
1.1.5.69498.14.2.8
1.1.5.69549.9.3.4.3
1.1.5.69561.5.1.3.2.3.1.6
1.1.5.69571.3
1.1.5.69660.5.1
1.1.5.69664.14.2.14.6.9.1
1.1.5.69746.13.1.4.12.33
1.1.5.69779.5.1
1.1.5.69835.19
1.1.5.69857.5.1.7.4.28
1.1.5.69862.11.1.10.5
1.1.5.69865.39.3.5.15.6
1.1.5.70023.10.1.4
1.1.5.70052.10.3.8.12
1.1.5.70065.5.1.2.10.16.1
1.1.5.70079.16.2.7.1
1.1.5.70091.5.1.1.3.1.1.36
1.1.5.70132.3
1.1.5.70188.10.2.4.6
1.1.5.70193.15.2.8
1.1.5.70212.5.1.3.1.12.1.21
1.1.5.70237.25.4.6
1.1.5.70394.5.1
1.1.5.70443.27.1.10.4
1.1.5.70570.10.4.4
1.1.5.70613.5.1
1.1.5.70639.26.2.11.1
1.1.5.70743.25.2.19.1
1.1.5.70800.16.1.35.18
1.1.5.70903.5.1
1.1.5.70914.49.1.21
1.1.5.70934.5.1.4.3.12.1.4
1.1.5.70988.12.4.8
1.1.5.71029.14.1.17.7
1.1.5.71078.25.2.8
1.1.5.71112.8.1.4.1
1.1.5.71161.12.1.4.2
1.1.5.71306.5.1
1.1.5.71328.3
1.1.5.71331.12.1.23.13.41
1.1.5.71456.5.1.1.6.17.1
1.1.5.71467.12.1.4.3
1.1.5.71474.21.1.12
1.1.5.71548.5.1.4
1.1.5.71551.30.1.4.2
1.1.5.71552.5.1
1.1.5.71601.36.2.19.1.7
1.1.5.71654.9.1.4
1.1.5.71806.13.2.8.4
1.1.5.71962.9.1.7.2
1.1.5.72008.16.2.10.2
1.1.5.72011.5.1
1.1.5.72057.5.1.2.2.9.5.25
1.1.5.72160.5.1
1.1.5.72174.5.1.21.1.1.3
1.1.5.72258.40.3.10.1.3.1.10
1.1.5.72324.11.2.8
1.1.5.72327.34.2.27.2
1.1.5.72357.5.1.11.1.1
1.1.5.72568.13.2
1.1.5.72630.5.1.6.3
1.1.5.72719.5.1.2.2.4.8
1.1.5.72728.5.1.2.2.18
1.1.5.72785.5.1.2.4.12.2.10
1.1.5.72970.26.2.9.5.11.1.18
1.1.5.73052.31.2.16.1.1.2.12
1.1.5.73067.29.1.21.3.7
1.1.5.73093.5.1.2.1
1.1.5.73145.9.1.7.16
1.1.5.73164.5.1
1.1.5.73192.16.3.8.1
1.1.5.73229.43.3.23.1.9
1.1.5.73310.13.1.18.8
1.1.5.73383.9.1.11.2
1.1.5.73397.5.1
1.1.5.73435.11.1.4.25
1.1.5.73466.17.2.34
1.1.5.73467.10.2.11.11
1.1.5.73555.5.1.17
1.1.5.73589.5.1.3.2.2
1.1.5.73600.3
1.1.5.73602.18.2.4.3
1.1.5.73661.14.1.5.4
1.1.5.73797.5.1.7.7.7
1.1.5.73799.22.2.26
1.1.5.73835.5.1.3.1
1.1.5.73968.5.1.2.1
1.1.5.73973.5.1.3
1.1.5.74053.26.1.12
1.1.5.74201.5.1
1.1.5.74258.5.1.18.15.17.5.17
1.1.5.74348.11.3.8
1.1.5.74418.5.1.55.23.57.2.9
1.1.5.74427.19.1.5
1.1.5.74430.27.4.21.13.10.3
1.1.5.74481.21.1.11.2
1.1.5.74535.13.2.12
1.1.5.74537.37.1.10.10
1.1.5.74688.17.2.4
1.1.5.74800.8.1.4.1
1.1.5.74825.5.1.1
1.1.5.74857.34.2.9.4
1.1.5.74870.17.2.23.9.5.3.3
1.1.5.74879.5.1.2.1.16
1.1.5.74898.15.2.7.5.14
1.1.5.74902.14.2.8
1.1.5.74956.9.3.4.3
1.1.5.74968.5.1.3.2.3.1.6
1.1.5.75159.5.1.2.1.7.1.1.1
1.1.5.75189.9.1.10
1.1.5.75268.5.1.8.1.2
1.1.5.75274.5.1.4
1.1.5.75328.24.2
1.1.5.75335.5.1
1.1.5.75428.10.1.4
1.1.5.75457.10.3.8.12
1.1.5.75470.5.1.2.10.16.1
1.1.5.75484.16.2.7.1
1.1.5.75497.5.1.1.3.1.1.36
1.1.5.75535.3
1.1.5.75541.5.1.4.1
1.1.5.75571.5.1.1.1.8.2
1.1.5.75599.5.1.3.4.6
1.1.5.75644.5.1.2.1.14.3
1.1.5.75744.28.1.4
1.1.5.75960.10.4.4
1.1.5.76027.13.3.10.1.5.2
1.1.5.76080.5.1
1.1.5.76158.18.2.15
1.1.5.76187.16.1.35.18
1.1.5.76312.5.1.4.3.12.1.4
1.1.5.76366.12.4.8
1.1.5.76389.12.1.32
1.1.5.76405.14.1.17.7
1.1.5.76426.15.2.10.10
1.1.5.76450.20
1.1.5.76452.5.1.12.5
1.1.5.76534.12.1.4.2
1.1.5.76649.10.2.11
1.1.5.76708.5.1.14.1.3.9
1.1.5.76832.5.1.5
1.1.5.76919.5.1.4
1.1.5.76922.30.1.4.2
1.1.5.76923.5.1
1.1.5.76974.26.4.4.2
1.1.5.77031.14.1.5
1.1.5.77044.9.1.4
1.1.5.77200.13.2.8.4
1.1.5.77270.5.1.3.19
1.1.5.77367.9.1.7.2
1.1.5.77413.16.2.10.2
1.1.5.77416.5.1
1.1.5.77462.5.1.2.2.9.5.25
1.1.5.77536.14.1.5.7
1.1.5.77578.14.1.4.1
1.1.5.77654.5.1.6.6.34
1.1.5.77720.11.2.8
1.1.5.77723.34.2.27.2
1.1.5.78020.5.1.6.3
1.1.5.78109.25.2.7.5.7.1
1.1.5.78118.5.1.1.1
1.1.5.78121.5.1.6
1.1.5.78176.5.1.2.4.12.2.10
1.1.5.78362.5.1.6.2.8.5.23
1.1.5.78482.11.1.5.4.27
1.1.5.78523.9.1.7.16
1.1.5.78542.5.1
1.1.5.78564.56.2.11.13.14.3.33
1.1.5.78697.9.1.9.5
1.1.5.78784.5.1.2.2.22.1.8
1.1.5.78833.11.1.4.31
1.1.5.78981.5.1.17
1.1.5.79015.5.1.3.2.2
1.1.5.79026.3
1.1.5.79028.18.2.4.3
1.1.5.79094.10.2.4.2
1.1.5.79196.5.1.9.13
1.1.5.79266.5.1.3.1
1.1.5.79337.5.1.4.2.26.4
1.1.5.79397.5.1.2.10.10
1.1.5.79587.3
1.1.5.79671.24.1.10.4
1.1.5.79737.16.2.9.3.6.6
1.1.5.79762.13
1.1.5.79764.12.3.16
1.1.5.79779.5.1.35
1.1.5.79844.5.1.25.17.6.2.15
1.1.5.79853.19.1.5
1.1.5.79856.27.4.21.13.10.3
1.1.5.79907.21.1.11.2
1.1.5.79961.13.2.12
1.1.5.79963.37.1.10.10
1.1.5.80330.34.2.9.4
1.1.5.80376.15.2.7.5.14
1.1.5.80380.14.2.8
1.1.5.80431.9.3.4.3
1.1.5.80443.5.1.3.2.3.1.6
1.1.5.80453.3
1.1.5.80542.5.1
1.1.5.80546.14.2.14.6.9.1
1.1.5.80628.13.1.4.12.33
1.1.5.80702.5.1.6.1.7.3
1.1.5.80737.5.1.8.1.2
1.1.5.80743.5.1.4
1.1.5.80797.24.2
1.1.5.80804.5.1
1.1.5.80877.5.1.4.1
1.1.5.80881.8.1.4
1.1.5.80905.17.5.7.10.34
1.1.5.80925.16.2.7.1
1.1.5.80937.5.1.1.3.1.1.45
1.1.5.80978.3
1.1.5.80993.5.1
1.1.5.81022.5.1
1.1.5.81040.8.2.8
1.1.5.81043.13.1.8.3
1.1.5.81054.20.1.8
1.1.5.81075.5.1.2.1.14.3
1.1.5.81193.5.1.3
1.1.5.81202.14.1.5
1.1.5.81230.5.1
1.1.5.81282.27.1.10.4
1.1.5.81412.10.4.4
1.1.5.81633.16.1.19.8
1.1.5.81758.5.1.4.3.12.1.4
1.1.5.81812.12.4.8
1.1.5.81852.5.1.1.1.4
1.1.5.81903.25.2.8
1.1.5.81937.8.1.4.1
1.1.5.82134.5.1
1.1.5.82156.3
1.1.5.82159.12.1.23.13.41
1.1.5.82213.5.1.6.3
1.1.5.82292.5.1.3.3.7
1.1.5.82432.13.3.11.2.11
1.1.5.82484.9.1.4
1.1.5.82629.13.2.8.4
1.1.5.82732.5.1.2.12.5
1.1.5.82786.5.1.1.1.2.13.10
1.1.5.82825.16.2.10.2
1.1.5.82828.5.1
1.1.5.82874.5.1.2.2.9.5.25
1.1.5.82881.5.1
1.1.5.82954.5.1.4.4.11
1.1.5.83092.5.1.16.3.11
1.1.5.83195.21.2.6.1
1.1.5.83466.5.1.6.3
1.1.5.83560.5.1.1.1
1.1.5.83563.5.1.6
1.1.5.83618.5.1.2.4.12.2.10
1.1.5.83784.15.2.13.7
1.1.5.83798.24.2.27.19.29
1.1.5.83876.31.2.16.1.1.5.2
1.1.5.83891.29.1.21.3.7
1.1.5.83907.24.2.17.7.15.1
1.1.5.83916.5.1.2.1
1.1.5.83968.15.3.7
1.1.5.83993.17.2.7.5.5.1.33
1.1.5.84014.56.2.11.13.14.3.56
1.1.5.84053.43.3.23.1.9
1.1.5.84077.37.1.48
1.1.5.84128.13.1.18.8
1.1.5.84208.5.1.6
1.1.5.84234.27.4.4.3
1.1.5.84272.17.2.59
1.1.5.84273.10.2.11.20
1.1.5.84359.5.1.17
1.1.5.84398.5.1.2
1.1.5.84414.5.1.33.1.11.3
1.1.5.84476.8.1.7.3
1.1.5.84506.12
1.1.5.84625.5.1.10.13.20.2.49
1.1.5.84627.22.2.27
1.1.5.84663.5.1.3.1
1.1.5.84714.5.1
1.1.5.84729.5.1.4.2.8.9
1.1.5.84794.19.2
1.1.5.84798.19.2.8.1.2.2.4
1.1.5.85066.24.3.22.12.3.1.3
1.1.5.85173.5.1.35
1.1.5.85221.5.1.14.12.59.2.32
1.1.5.85230.19.1.5
1.1.5.85233.27.4.21.13.10.3
1.1.5.85489.17.2.4
1.1.5.85502.5.1.1
1.1.5.85605.8.1.4.1
1.1.5.85630.5.1.1
1.1.5.85670.34.2.9.4
1.1.5.85683.17.2.23.9.5.3.3
1.1.5.85692.5.1.2.1.16
1.1.5.85711.15.2.7.5.14
1.1.5.85715.14.2.8
1.1.5.85768.9.3.4.3
1.1.5.85780.5.1.3.2.3.1.6
1.1.5.85981.5.1.2.1.7.1.1.1
1.1.5.86023.5.1
1.1.5.86099.5.1.8.1.2
1.1.5.86105.5.1.4
1.1.5.86165.24.2
1.1.5.86172.5.1
1.1.5.86265.10.1.4
1.1.5.86291.17.5.7.10.41
1.1.5.86310.5.1.13.1
1.1.5.86328.5.1.1.3.1.1.16
1.1.5.86369.3
1.1.5.86427.5.1.3.4.6
1.1.5.86472.5.1.2.1.14.3
1.1.5.86598.5.1.3
1.1.5.86607.14.1.5
1.1.5.86682.27.1.10.4
1.1.5.86851.21.1.11
1.1.5.87011.18.2.15
1.1.5.87034.16.1.19.8
1.1.5.87148.8.1.9
1.1.5.87174.5.1.4.3.30.1.4
1.1.5.87228.12.4.8
1.1.5.87261.14.2.10
1.1.5.87308.25.2.8
1.1.5.87385.12.1.4.2
1.1.5.87535.5.1.2.2.6.2
1.1.5.87556.3
1.1.5.87559.12.1.23.13.41
1.1.5.87690.5.1.1.6.17.1
1.1.5.87701.12.1.4.3
1.1.5.87757.9.1.5
1.1.5.87815.13.3.11.2.11
1.1.5.87862.14.1.5
1.1.5.87875.9.1.4
1.1.5.87908.17.1.5
1.1.5.88020.13.2.8.4
1.1.5.88163.5.1.31.2.5
1.1.5.88190.9.1.7.2
1.1.5.88236.16.2.10.2
1.1.5.88239.5.1
1.1.5.88285.5.1.2.2.9.5.25
1.1.5.88361.5.1.4.4.11
1.1.5.88400.14.1.4.1
1.1.5.88474.40.3.10.1.3.1.10
1.1.5.88578.22.2.5.6
1.1.5.88689.9.2.14
1.1.5.88848.5.1.6.3
1.1.5.88935.5.1.2.2.12.10
1.1.5.88947.5.1.2.1.1
1.1.5.89001.5.1.2.4.12.2.10
1.1.5.89170.15.2.13.7
1.1.5.89193.5.1.9.1.1.1
1.1.5.89291.5.1.2.1
1.1.5.89343.9.1.7.16
1.1.5.89362.5.1
1.1.5.89391.15.2.32
1.1.5.89426.14.3.5.2
1.1.5.89514.9.1.9.5
1.1.5.89599.9.1.11.2
1.1.5.89615.10.1.7
1.1.5.89626.27.4.4.3
1.1.5.89778.5.1.17
1.1.5.89818.16.2.5.5.1.1.19
1.1.5.89835.5.1.19.1.12.3
1.1.5.89904.14.1.5.4
1.1.5.89927.5.1.7.1.4.3.47
1.1.5.90031.5.1.10.13.20.2.49
1.1.5.90033.22.2.27
1.1.5.90069.5.1.3.1
1.1.5.90140.5.1.4.2.24.4
1.1.5.90200.5.1.2.10.10
1.1.5.90459.24.1.10.4
1.1.5.90521.16.2.14.3.6.3
1.1.5.90565.5.1.35
1.1.5.90622.5.1.25.17.6.2.15
1.1.5.90631.19.1.5
1.1.5.90634.27.4.21.13.10.3
1.1.5.91022.8.1.4.1
1.1.5.91047.5.1.1
1.1.5.91081.5.1.1
1.1.5.91091.5.1.1
1.1.5.91124.15.2.7.5.14
1.1.5.91128.14.2.8
1.1.5.91182.9.3.4.3
1.1.5.91194.5.1.3.2.3.1.6
1.1.5.91206.10.1.4
1.1.5.91292.5.1
1.1.5.91296.14.2.14.6.9.1
1.1.5.91378.13.1.4.12.33
1.1.5.91578.14.2
1.1.5.91590.24.2
1.1.5.91597.5.1
1.1.5.91694.10.1.4
1.1.5.91723.10.3.8.12
1.1.5.91736.5.1.2.10.16.1
1.1.5.91750.16.2.7.1
1.1.5.91765.23.2.8.3
1.1.5.91812.3
1.1.5.91818.5.1.4.1
1.1.5.91834.5.1.9.1
1.1.5.91860.5.1.3.2.27.3
1.1.5.91882.5.1.3.4.6
1.1.5.91927.5.1.2.1.14.3
1.1.5.91963.30.2.9
1.1.5.92082.11.1.18
1.1.5.92230.23.1.15.1.1.6
1.1.5.92431.25.2.19.1
1.1.5.92472.18.2.15
1.1.5.92501.16.1.35.18
1.1.5.92625.5.1.4.3.16.1.4
1.1.5.92679.12.4.8
1.1.5.92711.14.2.5.6.3.13
1.1.5.92723.14.2.10
1.1.5.92748.15.2.10.10
1.1.5.92772.20
1.1.5.92774.5.1.12.5
1.1.5.92856.12.1.4.2
1.1.5.93031.5.1.14.1.3.9
1.1.5.93165.5.1.14
1.1.5.93250.5.1.4
1.1.5.93253.30.1.4.2
1.1.5.93254.5.1
1.1.5.93305.26.4.4.2
1.1.5.93371.5.1.1
1.1.5.93372.14.2
1.1.5.93468.5.1
1.1.5.93529.13.2.8.4
1.1.5.93680.5.1.31.2.5
1.1.5.93702.5.1.7.1.33.2
1.1.5.93782.5.1.2.2.9.5.18
1.1.5.93845.10.4.4
1.1.5.93860.5.1.2.1.3.1.37
1.1.5.93888.5.1
1.1.5.93902.5.1.21.1.1.3
1.1.5.94001.5.1.16.3.11
1.1.5.94059.11.2.8
1.1.5.94062.34.2.27.2
1.1.5.94087.22.2.5.6
1.1.5.94244.19.1.12.2
1.1.5.94350.5.1.6.3
1.1.5.94402.21.2.8.2
1.1.5.94437.5.1.2.2.12.18
1.1.5.94446.5.1.2.2.18
1.1.5.94503.5.1.2.4.12.2.10
1.1.5.94666.15.2.13.7
1.1.5.94688.5.1.9.1.1.1
1.1.5.94791.11.1.5.4.57
1.1.5.94832.9.1.7.16
1.1.5.94851.5.1
1.1.5.94873.56.2.11.13.14.3.33
1.1.5.94906.43.3.23.1.11
1.1.5.95003.9.1.9.5
1.1.5.95131.10.2.24.4
1.1.5.95160.17.2.34
1.1.5.95161.10.2.11.11
1.1.5.95247.5.1.17
1.1.5.95286.5.1.2.1.2.10.17
1.1.5.95303.12.2.12.11
1.1.5.95367.10.2.4.2
1.1.5.95395.12
1.1.5.95514.5.1.10.13.20.2.49
1.1.5.95555.5.1.3.1
1.1.5.95606.5.1
1.1.5.95621.5.1.4.2.8.8
1.1.5.95671.19.4.11.1.3.5
1.1.5.95688.5.1.2.10.19
1.1.5.95946.37.3.6.3
1.1.5.95963.24.1.10.4
1.1.6.29.3
1.1.6.62.13
1.1.6.64.12.3.16
1.1.6.79.5.1.35
1.1.6.139.10.3.4
1.1.6.145.5.1.1
1.1.6.148.27.4.21.13.3.1
1.1.6.199.21.1.11.2
1.1.6.253.13.2.12
1.1.6.255.37.1.10.10
1.1.6.413.17.2.4
1.1.6.535.5.1.9
1.1.6.552.5.1.3.3.14.2
1.1.6.569.5.1.1
1.1.6.614.15.2.7.5.14
1.1.6.618.14.2.8
1.1.6.674.9.3.4.3
1.1.6.686.5.1.3.2.3.1.6
1.1.6.698.10.1.4
1.1.6.784.5.1
1.1.6.788.14.2.14.6.9.1
1.1.6.870.13.1.4.12.33
1.1.6.903.5.1
1.1.6.967.34.1.4.9
1.1.6.1044.14.2
1.1.6.1056.24.2
1.1.6.1063.5.1
1.1.6.1142.5.1.2.1.2.2
1.1.6.1167.17.5.7.10.34
1.1.6.1187.16.2.7.1
1.1.6.1202.23.2.8.3
1.1.6.1249.3
1.1.6.1272.5.1.9.1
1.1.6.1299.5.1
1.1.6.1322.5.1.3.4.6
1.1.6.1367.5.1.2.1.14.3
1.1.6.1404.30.2.9
1.1.6.1522.5.1
1.1.6.1574.27.1.10.4
1.1.6.1688.23.1.15.1.1.1
1.1.6.1756.44.2.13.7.7.3
1.1.6.1827.15.4.9.11
1.1.6.1859.5.1.3.1.2.1.1
1.1.6.1878.5.1
1.1.6.1916.15.1.4.1
1.1.6.1938.16.1.19.8
1.1.6.2050.8.1.9
1.1.6.2076.5.1.4.3.30.1.4
1.1.6.2123.49.3.8.31.10
1.1.6.2129.10.3.4.8
1.1.6.2131.5.1.10.1.17
1.1.6.2146.12.1.32
1.1.6.2162.25.5.9.4.16
1.1.6.2186.15.2.10.10
1.1.6.2210.20
1.1.6.2212.5.1.12.5
1.1.6.2294.12.1.4.2
1.1.6.2477.5.1.14.1.3.9
1.1.6.2588.5.1.1.9.39.2
1.1.6.2608.5.1.14
1.1.6.2691.5.1.4
1.1.6.2694.30.1.4.2
1.1.6.2695.5.1
1.1.6.2744.35.2.15.1.6
1.1.6.2938.13.2.8.4
1.1.6.3106.9.1.7.2
1.1.6.3152.16.2.10.2
1.1.6.3155.5.1
1.1.6.3201.5.1.2.2.9.5.25
1.1.6.3208.5.1
1.1.6.3255.52.1.4
1.1.6.3279.5.1.12.2.8
1.1.6.3306.5.1
1.1.6.3320.5.1.21.1.1.3
1.1.6.3406.5.1.6.6.34
1.1.6.3472.11.2.8
1.1.6.3475.34.2.27.2
1.1.6.3507.5.1.11.1.1
1.1.6.3612.9.2.14
1.1.6.3708.13.2
1.1.6.3774.5.1.6.3
1.1.6.3870.28.2.4.15
1.1.6.3924.5.1.2.4.12.2.10
1.1.6.4091.15.2.13.7
1.1.6.4113.5.1.9.1.1.1
1.1.6.4214.11.1.5.4.4
1.1.6.4255.9.1.7.16
1.1.6.4274.5.1
1.1.6.4302.16.3.8.1
1.1.6.4339.43.3.23.1.9
1.1.6.4440.5.1.2.1.12
1.1.6.4468.5.1.3.1
1.1.6.4527.5.1.6
1.1.6.4567.14.2
1.1.6.4578.11.1.4.20
1.1.6.4729.5.1.17
1.1.6.4771.13.2.5
1.1.6.4783.19.2.14.7
1.1.6.4848.14.1.5.13
1.1.6.4982.5.1.7.7.7
1.1.6.4984.22.2.26
1.1.6.5020.5.1.3.1
1.1.6.5170.5.1.2.1
1.1.6.5175.5.1.3
1.1.6.5330.22.1.24
1.1.6.5433.37.3.6.3
1.1.6.5446.12.1.8.2.3
1.1.6.5543.3
1.1.6.5573.5.1.35
1.1.6.5636.5.1.20.8.5.2.6
1.1.6.5645.19.1.5
1.1.6.5648.27.4.21.13.10.3
1.1.6.5748.5.1.1.1.5
1.1.6.5903.17.2.4
1.2.59.10.5.52.2.4
1.2.120.2.1.2.1.1.3.11
1.2.140.4.2.4
1.2.197.4.2.18
1.2.204.6.3.39
1.2.242.2.1.2.2.14.7
1.2.276.10.5.30.4.16.1.5
1.2.290.4.2.6.2.3
1.2.335.2.1.2.1
1.2.615.2.1.1.1.24.4.22.16
1.2.730.2.1
1.2.766.6.3.12
1.2.772.2.1.8.4.10.1.7
1.2.775.2.1.1.1.26
1.2.834.6.3.9.1
1.2.940.3
1.2.1061.2.1.3.3.7
1.2.1135.4.2.4.2
1.2.1249.6.3.9.1.11.3
1.2.1309.4.2.2.1.2.2
1.2.1309.4.2.2.1.3.1.37
1.2.1314.6.3.7
1.2.1375.2.1.12.8.18.2.5
1.2.1595.2.1.7
1.2.1858.12.6.32.4
1.2.1871.1
1.2.1939.1
1.2.2017.8.4
1.2.2063.4.2.3.1.12
1.2.2153.2.1.3.2.9
1.2.2249.2.1.1.1.10
1.2.2276.14.7.21.9.17
1.2.2523.4.2.30
1.2.2530.2.1
1.2.2568.12.6.26.1.2.2
1.2.2624.4.2
1.2.2642.2.1.1
1.2.2711.2.1.34.7
1.2.2750.2.1.2.1
1.2.2851.2.1.6.6.45
1.2.2896.4.2
1.2.3101.4.2.4.2
1.2.3324.20.10.36.1.33.1.7
1.2.3331.2.1.3.3
1.2.3425.4.2
1.2.3449.4.2.3
1.2.3453.2.1.15
1.2.3528.10.5.9.1.1
1.2.3556.4.2
1.2.3599.10.5.19.1
1.2.3706.4.2.21.1.2.6.2
1.2.4146.2.1.1
1.2.4183.4.2.2
1.2.4207.2.1
1.2.4264.20.10.27.4.7.1.7
1.2.4338.2.1.4.2.8
1.2.4380.2.1.5
1.2.4472.2.1
1.2.4680.2.1.4.1.15.1
1.2.4918.1
1.2.5040.2.1.2.1.4.1
1.2.5111.2.1.2.1.16.1.2
1.2.5214.8.4.22.5
1.2.5281.2.1.1.1
1.2.5299.4.2.2.1.1.1.5
1.2.5396.2.1.2.1.3.7.20
1.2.5465.4.2.5.1.1
1.2.5685.6.3.14
1.2.5824.6.3.9.2
1.2.5873.2.1.7.2.37.10.17.5
1.2.5937.2.1.5
1.2.5965.6.3.35.5
1.5.23.11.2.1.29.2.9.1.14
1.5.54.20.2.1.3.1.1.1
1.5.54.20.2.1.4.2.5.2
1.5.99.20.2.1.3
1.5.219.7.2.1
1.5.518.10.2.1.3.1.2.3.2
1.5.602.9.2.1.12.1
1.5.637.6.2.1.22
1.5.639.22.2.1.25.1.9
1.5.659.12.2.1.17.2
1.5.825.6.2.1
1.5.985.15.2.1.63.10
1.5.1013.7.2.1
1.5.1076.19.2.1.8.6.30
1.5.1323.9.2.1.4.2.19.1.5
1.5.1371.10.2.1.2.2.2
1.5.1466.7.2.1.7.9.20
1.5.1474.24.2.1.1
1.5.1512.14.2.1.22.1.2.5.48
1.5.1536.13.2.1.8
1.5.1569.15.2.1.37.1.2.7.44
1.5.1725.6.2.1.7
1.5.2246.13.2.1.3.3.14.2
1.5.2314.14.2.1.7
1.5.2414.16.2.1.2.1.6.2
1.5.2476.10.2.1.10
1.5.2564.27.2.1.3.1
1.5.2594.8.2.1.5.2
1.5.2607.18.2.1.4
1.5.2623.8.2.1.1.1.20.1.3
1.5.2673.16.2.1
1.5.2725.15.2.1.6.3
1.5.2769.11.2.1.2.1.3.3.48
1.5.2879.5.2.1.1.2
1.5.3151.11.2.1
1.5.3176.10.2.1.9
1.5.3187.15.2.1
1.5.3259.9.2.1
1.5.3264.11.2.1.11
1.5.3333.16.2.1.10.4.2.2.2
1.5.3458.17.2.1
1.5.3835.6.2.1.29
1.5.3945.15.2.1.23.1.3
1.5.4003.8.2.1
1.5.4016.6.2.1.28
1.5.4044.12.2.1.5
1.5.4090.5.2.1
1.5.4116.29.2.1.9
1.5.4340.13.2.1.4.1
1.5.4360.5.2.1.15.13
1.5.4373.18.2.1
1.5.4374.9.2.1
1.5.4527.14.2.1.1.5
1.5.4689.7.2.1.1.2.13.1
1.5.4920.11.2.1.22
1.5.4955.14.2.1.14.3
1.5.4958.5.2.1
1.5.4982.8.2.1.3
1.5.5002.6.2.1.3.3.22
1.5.5106.9.2.1
1.5.5241.11.2.1.2
1.5.5301.14.2.1.6.4
1.5.5361.7.2.1.4.4.8.5
1.5.5392.9.2.1.7
1.5.5400.12.2.1.2
1.5.5479.14.2.1.3.3.6.2
1.5.5520.14.2.1.1.1.2
1.5.5562.7.2.1
1.5.5596.14.2.1.9.2
1.5.5735.7.2.1
1.5.5813.9.2.1.37
1.5.5822.9.2.1
1.5.5863.16.2.1.3
1.5.5900.11.2.1.6.2.8.7.15
1.5.6080.9.2.1.3
1.5.6094.15.2.1.7.6.14
1.5.6107.10.2.1.15.1.19.6.13.30
1.5.6214.6.2.1.9.3.2
1.5.6229.7.2.1
1.5.6325.9.2.1.14.4
1.5.6391.8.2.1.42.2.6.2.2
1.5.6814.7.2.1
1.5.6858.7.2.1.9.1
1.5.6923.8.2.1.5
1.5.7117.12.2.1
1.5.7262.20.2.1.3
1.5.7301.5.2.1.8.2.39.3
1.5.7364.8.2.1
1.5.7486.7.2.1.1.1.1
1.5.7497.18.2.1
1.5.7631.13.2.1.2
1.5.7690.24.2.1.5.2
1.5.7724.9.2.1.12.1
1.5.7759.6.2.1.22
1.5.7761.22.2.1.25.1.9
1.5.7781.12.2.1.17.2
1.5.7821.12.2.1.1.1.11
1.5.7857.9.2.1.11.3
1.5.7906.11.2.1
1.5.8131.15.2.1.63.10
1.5.8196.11.2.1.2.2
1.5.8234.29.2.1.3.1.9.7.48
1.5.8249.11.2.1.1.3.2.1.52
1.5.8250.7.2.1.3.3.6.1.68
1.5.8482.7.2.1.7
1.5.8524.10.2.1.46
1.5.8598.7.2.1
1.5.8649.14.2.1.21.1.2.4.10
1.5.8673.13.2.1.30
1.5.8704.11.2.1.2.1.1.1.43
1.5.8882.13.2.1.3
1.5.8887.13.2.1
1.5.9380.7.2.1.3.6.19
1.5.9396.13.2.1.3.3.14.2
1.5.9439.9.2.1.9
1.5.9458.13.2.1.2.1.6
1.5.9562.16.2.1.2.1.3.2
1.5.9624.10.2.1.10
1.5.9700.16.2.1.2.1.8.5
1.5.9726.7.2.1.14.8.43.5
1.5.9734.18.2.1.4
1.5.9750.8.2.1.1.1.20.1.3
1.5.9777.13.2.1
1.5.9796.18.2.1.8.2.13.5
1.5.10003.5.2.1.1.2
1.5.10110.9.2.1.6.1.25.3
1.5.10274.11.2.1
1.5.10292.7.2.1.2.3.52.5.22
1.5.10383.9.2.1
1.5.10388.11.2.1.11
1.5.10453.16.2.1.10.4.2.2.2
1.5.10574.17.2.1
1.5.10853.14.2.1.7.4
1.5.10925.10.2.1.1
1.5.11018.15.2.1.23.1.3
1.5.11119.36.2.1.4.1.5.1
1.5.11172.29.2.1.9
1.5.11388.13.2.1.4.1
1.5.11422.18.2.1
1.5.11423.9.2.1
1.5.11554.14.2.1.1.5
1.5.11704.7.2.1.1.2.13.1
1.5.11934.10.2.1.1.1.2.1.4
1.5.12010.6.2.1.3.3.22
1.5.12070.7.2.1.2.1.3.1.1
1.5.12107.12.2.1
1.5.12244.18.2.1.3
1.5.12322.14.2.1.6.4
1.5.12375.7.2.1.4.4.8.5
1.5.12405.9.2.1.7
1.5.12413.12.2.1.2
1.5.12492.14.2.1.3.3.6.2
1.5.12532.14.2.1.1.1.2
1.5.12574.7.2.1
1.5.12608.14.2.1.9.2
1.5.12717.18.2.1.1.1.4
1.5.12820.11.2.1.3.1.5
1.5.12878.16.2.1.3
1.5.12915.11.2.1.6.2.8.7.15
1.5.13101.7.2.1.1
1.5.13122.16.2.1.30
1.5.13159.21.2.1.1.1
1.5.13246.6.2.1.9.3.2
1.5.13261.7.2.1
1.5.13433.8.2.1.42.2.6.2.2
1.5.13804.14.2.1
1.5.13849.8.2.1
1.5.13949.8.2.1.5
1.5.14139.34.2.1.3.1.2.2
1.5.14226.7.2.1.6
1.5.14420.7.2.1
1.5.14543.9.2.1.23.4.1
1.5.14551.18.2.1
1.5.14782.9.2.1.12.1
1.5.14817.6.2.1.22
1.5.14819.22.2.1.25.1.9
1.5.14838.12.2.1.15.2
1.5.15005.17.2.1.3.2
1.5.15175.15.2.1.68.10
1.5.15203.7.2.1
1.5.15293.9.2.1.10.1.34.6.11
1.5.15524.7.2.1.7
1.5.15574.10.2.1.2.2.2
1.5.15667.7.2.1.7.9.20
1.5.15715.14.2.1.25.1.2.4.40
1.5.15739.13.2.1.30
1.5.15772.36.2.1.1.2.6
1.5.15832.7.2.1.53.8
1.5.15944.6.2.1.7
1.5.16049.10.2.1.7.2.6.4.13
1.5.16135.9.2.1.7.1
1.5.16351.6.2.1.5.5.15
1.5.16473.13.2.1.3.3.14.2
1.5.16522.9.2.1.9
1.5.16550.14.2.1.7
1.5.16817.8.2.1.5.2
1.5.16830.18.2.1.4
1.5.16846.8.2.1.1.1.20.1.3
1.5.16895.16.2.1
1.5.16947.15.2.1.6.3
1.5.16994.11.2.1.2.1.3.3.31
1.5.17109.5.2.1.1.2
1.5.17216.9.2.1.6.1.25.3
1.5.17373.6.2.1.28.4
1.5.17395.7.2.1.2.3.19.4.9
1.5.17423.10.2.1.30.3
1.5.17518.8.2.1.1
1.5.17521.6.2.1.5.5.32
1.5.17583.11.2.1.4
1.5.17711.17.2.1
1.5.17943.9.2.1.2.1.8.6
1.5.18068.9.2.1.32.1.10.1.1
1.5.18173.15.2.1.23.1.3
1.5.18231.8.2.1
1.5.18244.6.2.1.28
1.5.18272.12.2.1.5
1.5.18318.5.2.1
1.5.18344.29.2.1.9
1.5.18572.13.2.1.4.1
1.5.18605.18.2.1
1.5.18606.9.2.1
1.5.18754.14.2.1.1.5
1.5.18880.8.2.1.1.1.1.5
1.5.19123.14.2.1.13
1.5.19196.6.2.1.3.3.22
1.5.19218.8.2.1
1.5.19252.7.2.1.2.1.3.1.1
1.5.19420.7.2.1.4.3.12
1.5.19430.6.2.1.36.6
1.5.19491.14.2.1.6.4
1.5.19546.7.2.1.4.4.8.5
1.5.19576.9.2.1.7
1.5.19584.12.2.1.2
1.5.19640.10.2.1.4.4.12.3.11
1.5.19739.7.2.1
1.5.19773.14.2.1.9.2
1.5.19886.6.2.1.6.1.3
1.5.19994.11.2.1.3.1.5
1.5.20045.6.2.1.1.1.5.1.25
1.5.20267.11.2.1.8
1.5.20288.10.2.1.6.1.6.5.34.28
1.5.20512.9.2.1.14.4
1.5.20578.8.2.1.42.2.6.2.2
1.5.20822.6.2.1.4.1
1.5.21025.7.2.1.9.1
1.5.21090.8.2.1.5
1.5.21231.9.2.1.11.4.10
1.5.21293.34.2.1.3.1.2.2
1.5.21321.17.2.1
1.5.21463.20.2.1.3
1.5.21568.8.2.1
1.5.21862.10.2.1.3.1.2.3.2
1.5.21912.24.2.1.5.2
1.5.21927.8.2.1.6.1.3.3.28
1.5.21976.6.2.1.22
1.5.21978.22.2.1.25.1.9
1.5.21997.12.2.1.15.2
1.5.22154.17.2.1.3.2
1.5.22324.15.2.1.68.10
1.5.22382.11.2.1.2.2
1.5.22424.14.2.1.1.1.7
1.5.22437.11.2.1.1.4.18.1.35
1.5.22440.8.2.1.3
1.5.22641.6.2.1.4.1.2.3
1.5.22675.8.2.1.28.4.7.1.2
1.5.22717.6.2.1.3
1.5.22790.7.2.1.7.9.21
1.5.22820.8.2.1.23
1.5.22840.7.2.1.19.10.48.3
1.5.22840.7.2.1.19.10.49.1.6
1.5.22844.9.2.1.1
1.5.22874.13.2.1.8
1.5.22907.36.2.1.1.2.6
1.5.23055.11.2.1.8.2
1.5.23077.16.2.1.9.1.22
1.5.23170.12.2.1.5.9
1.5.23468.6.2.1.5.5.15
1.5.23595.13.2.1.3.3.14.2
1.5.23877.16.2.1.2.1.8.5
1.5.23910.10.2.1
1.5.23921.9.2.1.8.3.3
1.5.23958.13.2.1
1.5.23977.18.2.1.8.2.13.5
1.5.24075.11.2.1.2.1.3.3.35
1.5.24189.5.2.1.1.2
1.5.24300.9.2.1.6.1.25.3
1.5.24454.11.2.1
1.5.24479.10.2.1.9
1.5.24500.10.2.1.30.3
1.5.24595.8.2.1.1
1.5.24598.6.2.1.5.5.32
1.5.24656.15.2.1.11.1.5
1.5.24719.7.2.1.9
1.5.24768.10.2.1.5.1.2.5.14
1.5.25051.14.2.1.7.4
1.5.25128.6.2.1.17
1.5.25229.15.2.1.23.1.3
1.5.25330.36.2.1.4.1.5.1
1.5.25365.5.2.1
1.5.25391.29.2.1.9
1.5.25606.13.2.1.4.1
1.5.25626.5.2.1.15.13
1.5.25639.18.2.1
1.5.25640.9.2.1
1.5.25797.14.2.1.1.5
1.5.25931.5.2.1
1.5.25955.7.2.1.1.2.13.1
1.5.26118.6.2.1.1.3.15
1.5.26185.10.2.1.1.1.2.1.7
1.5.26261.6.2.1.3.3.22
1.5.26283.8.2.1
1.5.26355.12.2.1
1.5.26486.11.2.1.2
1.5.26546.14.2.1.6.4
1.5.26608.7.2.1.4.4.8.5
1.5.26620.8.2.1.3.6.12.2
1.5.26639.7.2.1.1.1
1.5.26657.8.2.1.32.1
1.5.26695.10.2.1.4.4.12.3.11
1.5.26794.7.2.1
1.5.26918.18.2.1.1.1.4
1.5.27024.11.2.1.3.1.5
1.5.27073.38.2.1.3.1.1
1.5.27107.8.2.1.3.3.12.4
1.5.27113.6.2.1.6.1.8
1.5.27298.7.2.1.1
1.5.27321.7.2.1.9.4.25
1.5.27332.10.2.1.15.1.33.6.12.24
1.5.27362.21.2.1.1.1
1.5.27449.6.2.1.9.3.2
1.5.27464.7.2.1
1.5.27636.8.2.1.42.2.6.2.2
1.5.27768.15.2.1
1.5.28006.14.2.1
1.5.28087.7.2.1.9.1
1.5.28151.9.2.1.17.2.11.2.4
1.5.28365.12.2.1
1.5.28507.20.2.1.3
1.5.28546.5.2.1.8.2.39.3
1.5.28622.7.2.1
1.5.28882.10.2.1.4.1.1.1.9
1.5.28914.12.2.1
1.5.28972.9.2.1.12.1
1.5.29007.6.2.1.22
1.5.29009.22.2.1.25.1.9
1.5.29028.12.2.1.15.2
1.5.29193.17.2.1.3.2
1.5.29427.12.2.1.1.1
1.5.29449.19.2.1.8.6.30
1.5.29631.6.2.1.6.4.25.1
1.5.29709.8.2.1.28.4.7.1.2
1.5.29751.7.2.1.4.1.1.1.58
1.5.29893.14.2.1.25.1.2.4.25
1.5.29917.13.2.1.30
1.5.29950.36.2.1.1.2.6
1.5.30240.10.2.1.7.2.6.4.13
1.5.30326.9.2.1.7.1
1.5.30727.10.2.1.19.2.3
1.5.30737.8.2.1
1.5.30756.17.2.1.7
1.5.30849.16.2.1.2.1.3.2
1.5.30911.10.2.1.10
1.5.30946.9.2.1.19.1.15.7.18
1.5.31004.27.2.1.3.1
1.5.31044.18.2.1.4
1.5.31145.15.2.1.6.3
1.5.31301.9.2.1
1.5.31408.9.2.1.6.1.25.3
1.5.31572.11.2.1
1.5.31597.10.2.1.9
1.5.31618.10.2.1.30.3
1.5.31705.9.2.1
1.5.31710.11.2.1.11
1.5.31774.11.2.1.4
1.5.31844.7.2.1.9
1.5.31892.17.2.1
1.5.32182.14.2.1.7.4
1.5.32261.10.2.1.1
1.5.32363.15.2.1.23.1.3
1.5.32467.36.2.1.4.1.24.1
1.5.32502.5.2.1
1.5.32528.29.2.1.9
1.5.32749.13.2.1.4.1
1.5.32769.5.2.1.15.13
1.5.32926.14.2.1.1.5
1.5.33076.7.2.1.1.2.13.1
1.5.33319.14.2.1.13
1.5.33393.6.2.1.3.3.22
1.5.33495.12.2.1
1.5.33627.18.2.1.13.4.17.2.3
1.5.33686.14.2.1.6.4
1.5.33746.7.2.1.4.4.8.5
1.5.33776.9.2.1.7
1.5.33784.12.2.1.2
1.5.33840.10.2.1.4.4.12.3.11
1.5.33939.7.2.1
1.5.34075.6.2.1.6.1.3
1.5.34181.9.2.1.37
1.5.34190.9.2.1
1.5.34221.8.2.1.5.1.7
1.5.34238.16.2.1.3
1.5.34275.11.2.1.6.2.8.7.15
1.5.34415.12.2.1.5.1
1.5.34456.11.2.1.15.5.21.4.26
1.5.34470.7.2.1.14.12.33
1.5.34481.10.2.1.15.1.41.7.14.27
1.5.34511.21.2.1.1.1
1.5.34594.6.2.1.9.3.2
1.5.34609.7.2.1
1.5.34971.19.2.1.12.2
1.5.35232.8.2.1
1.5.35293.7.2.1.9.1
1.5.35359.8.2.1.5
1.5.35487.9.2.1.11.4.10
1.5.35549.34.2.1.3.1.2.2
1.5.35568.10.2.1.2.2
1.5.35638.7.2.1.6
1.5.35832.7.2.1
1.5.35946.20.2.1.3
1.5.36090.13.2.1.2
1.5.36120.12.2.1
1.5.36144.24.2.1.5.2
1.5.36178.9.2.1.12.1
1.5.36213.6.2.1.22
1.5.36215.22.2.1.25.1.9
1.5.36234.12.2.1.15.2
1.5.36392.6.2.1
1.5.36552.15.2.1.63.10
1.5.36651.19.2.1.8.6.30
1.5.36663.9.2.1.10.1.11.2.2
1.5.36892.9.2.1.4.2.19.1.5
1.5.36940.10.2.1.2.2.2
1.5.37035.7.2.1.7.9.20
1.5.37043.24.2.1.1
1.5.37083.14.2.1.25.1.2.4.40
1.5.37107.13.2.1.30
1.5.37140.36.2.1.1.2.6
1.5.37196.9.2.1
1.5.37387.10.2.1.7.2.6.4.13
1.5.37690.6.2.1.5.5.15
1.5.37784.9.2.1.44.1
1.5.37864.10.2.1.19.2.3
1.5.37886.14.2.1.7
1.5.37990.16.2.1.2.1.3.2
1.5.38168.9.2.1.8.3.3
1.5.38205.13.2.1
1.5.38224.18.2.1.8.2.13.5
1.5.38328.9.2.1.7.3.36
1.5.38423.5.2.1.1.2
1.5.38530.9.2.1.6.1.25.3
1.5.38689.11.2.1
1.5.38714.10.2.1.9
1.5.38824.8.2.1.1
1.5.38827.6.2.1.5.5.32
1.5.38889.11.2.1.4
1.5.38955.7.2.1.9
1.5.38995.5.2.1.2.1.10.1.2
1.5.39149.19.2.1.15.1.15.3
1.5.39278.14.2.1.7.4
1.5.39358.10.2.1.1
1.5.39460.15.2.1.23.1.3
1.5.39564.36.2.1.4.1.24.1
1.5.39611.7.2.1.4.1.9.1.1
1.5.39835.13.2.1.4.1
1.5.39855.5.2.1.15.13
1.5.40119.8.2.1.1.1.1.5
1.5.40356.11.2.1.25
1.5.40393.8.2.1.2.1.1.9
1.5.40435.6.2.1.3.3.16
1.5.40498.7.2.1.2.1.3.1.1
1.5.40535.12.2.1
1.5.40672.18.2.1.13.4.17.2.3
1.5.40731.14.2.1.6.4
1.5.40791.7.2.1.4.4.8.5
1.5.40821.9.2.1.7
1.5.40829.12.2.1.2
1.5.40943.14.2.1.1.1.2
1.5.40985.7.2.1
1.5.41019.14.2.1.9.2
1.5.41129.18.2.1.1.1.4
1.5.41229.11.2.1.3.1.5
1.5.41278.38.2.1.3.1.1
1.5.41452.12.2.1.5.1
1.5.41493.10.2.1.7
1.5.41508.7.2.1.14.4.2
1.5.41519.10.2.1.15.1.10.7.39.27
1.5.41550.21.2.1.1.1
1.5.41637.6.2.1.9.3.2
1.5.41652.7.2.1
1.5.42009.15.2.1
1.5.42125.19.2.1.2.1.13.1
1.5.42232.14.2.1
1.5.42275.8.2.1
1.5.42373.8.2.1.5
1.5.42607.17.2.1
1.5.42676.7.2.1.6
1.5.42761.20.2.1.3
1.5.42866.8.2.1
1.5.42988.9.2.1.10.1.12
1.5.43195.12.2.1
1.5.43253.9.2.1.12.1
1.5.43288.6.2.1.22
1.5.43290.22.2.1.25.1.9
1.5.43310.12.2.1.17.2
1.5.43475.6.2.1
1.5.43647.15.2.1.68.10
1.5.43700.11.2.1.2.2
1.5.43742.14.2.1.1.1.7
1.5.43755.11.2.1.1.4.18.1.35
1.5.43758.8.2.1.3
1.5.43998.8.2.1.28.4.7.1.2
1.5.44038.10.2.1.2.2.10
1.5.44129.8.2.1.3.11
1.5.44145.8.2.1.23
1.5.44165.7.2.1.19.10.48.3
1.5.44165.7.2.1.19.10.49.1.6
1.5.44169.9.2.1.1
1.5.44199.13.2.1.29
1.5.44230.11.2.1.2.1.1.1.47
1.5.44412.6.2.1.7
1.5.44896.9.2.1.44.1
1.5.44937.13.2.1.3.3.14.2
1.5.45090.16.2.1.2.1.3.2
1.5.45152.10.2.1.10
1.5.45228.16.2.1.2.1.8.5
1.5.45254.7.2.1.14.8
1.5.45268.9.2.1.8.3.3
1.5.45305.13.2.1
1.5.45324.18.2.1.8.2.13.5
1.5.45373.15.2.1.6.3
1.5.45420.11.2.1.2.1.3.3.31
1.5.45535.5.2.1.1.2
1.5.45808.11.2.1
1.5.45833.10.2.1.9
1.5.45854.10.2.1.30.3
1.5.45938.9.2.1
1.5.45943.11.2.1.11
1.5.46003.15.2.1.11.1.5
1.5.46009.7.2.1.4.3
1.5.46067.7.2.1.9
1.5.46113.5.2.1.2.1.10.1.2
1.5.46410.14.2.1.7.4
1.5.46496.6.2.1.29
1.5.46597.15.2.1.23.1.3
1.5.46703.36.2.1.4.1.5.1
1.5.46744.5.2.1
1.5.46770.29.2.1.9
1.5.46800.6.2.1.3.1.3.5
1.5.46876.8.2.1.3.1.7.6
1.5.47021.13.2.1.4.1
1.5.47059.8.2.1.6
1.5.47177.14.2.1.1.5
1.5.47308.5.2.1
1.5.47332.7.2.1.1.2.13.1
1.5.47520.14.2.1.9.1.2.3.31
1.5.47551.10.2.1.1.1.2.1.7
1.5.47626.6.2.1.3.3.22
1.5.47728.9.2.1
1.5.47857.6.2.1.9.1.2
1.5.47870.6.2.1.6.2
1.5.47931.14.2.1.6.4
1.5.47991.7.2.1.4.4.8.5
1.5.48021.9.2.1.7
1.5.48029.12.2.1.2
1.5.48185.7.2.1
1.5.48219.14.2.1.9.2
1.5.48321.6.2.1.6.1.3
1.5.48412.11.2.1.3.1.5
1.5.48470.16.2.1.3
1.5.48507.11.2.1.6.2.8.7.15
1.5.48611.14.2.1.8.4.36.4.41
1.5.48688.7.2.1.1
1.5.48709.16.2.1.30
1.5.48746.21.2.1.1.1
1.5.48797.7.2.1.20.1.1.1.32
1.5.49169.15.2.1
1.5.49282.6.2.1.6.2.7.1
1.5.49284.8.2.1
1.5.49393.14.2.1
1.5.49486.14.2.1.8
1.5.49546.8.2.1.5
1.5.49746.34.2.1.3.1.2.2
1.5.49774.17.2.1
1.5.49919.20.2.1.3
1.5.50024.8.2.1
1.5.50321.10.2.1.4.1.1.1.9
1.5.50353.12.2.1
1.5.50413.9.2.1.12.1
1.5.50448.6.2.1.22
1.5.50450.22.2.1.25.1.9
1.5.50470.12.2.1.17.2
1.5.50636.6.2.1
1.5.50796.15.2.1.63.10
1.5.50890.19.2.1.8.6.30
1.5.50902.9.2.1.10.1.11.2.2
1.5.51058.6.2.1.6.4.25.1
1.5.51136.8.2.1.28.4.7.1.2
1.5.51178.13.2.1.2
1.5.51251.7.2.1.7.9.20
1.5.51259.24.2.1.1
1.5.51281.8.2.1.23
1.5.51309.8.2.1.5.1.6.4.19
1.5.51331.13.2.1.30
1.5.51362.11.2.1.2.1.1.1.43
1.5.51551.13.2.1.3
1.5.51556.13.2.1
1.5.51741.9.2.1.7.1
1.5.52038.9.2.1.44.1
1.5.52079.13.2.1.3.3.14.2
1.5.52124.10.2.1.19.2.3
1.5.52134.8.2.1
1.5.52153.17.2.1.7
1.5.52311.10.2.1.10
1.5.52399.27.2.1.3.1
1.5.52448.8.2.1.1.1.20.1.3
1.5.52476.13.2.1
1.5.52548.15.2.1.6.3
1.5.52713.5.2.1.1.2
1.5.52820.9.2.1.6.1.25.3
1.5.52993.11.2.1
1.5.53015.10.2.1.9
1.5.53036.10.2.1.30.3
1.5.53108.8.2.1.1
1.5.53111.6.2.1.5.5.32
1.5.53169.15.2.1.11.1.5
1.5.53287.17.2.1
1.5.53564.14.2.1.7.4
1.5.53642.6.2.1.17
1.5.53751.15.2.1.23.1.3
1.5.53809.8.2.1
1.5.53822.6.2.1.28
1.5.53850.12.2.1.5
1.5.53896.5.2.1
1.5.53922.29.2.1.9
1.5.53952.6.2.1.3.1.3.5
1.5.54041.7.2.1.7.6.73
1.5.54148.13.2.1.4.1
1.5.54457.8.2.1.1.1.1.5
1.5.54629.6.2.1.1.3.15
1.5.54704.11.2.1.1.2.3.3.6
1.5.54736.8.2.1.2.1.1.9
1.5.54778.6.2.1.3.3.16
1.5.54880.12.2.1
1.5.55025.6.2.1.6.2
1.5.55083.14.2.1.6.4
1.5.55136.7.2.1.4.4.8.5
1.5.55167.9.2.1.7
1.5.55175.12.2.1.2
1.5.55231.10.2.1.4.4.12.3.11
1.5.55284.14.2.1.1.1.2
1.5.55460.18.2.1.1.1.4
1.5.55563.11.2.1.3.1.5
1.5.55616.6.2.1.1.1.5.1.25
1.5.55646.8.2.1.3.3.12.4
1.5.55652.6.2.1.6.1.8
1.5.55837.7.2.1.1
1.5.55858.16.2.1.30
1.5.55895.21.2.1.1.1
1.5.55977.6.2.1.9.3.2
1.5.55992.7.2.1
1.5.56164.8.2.1.42.2.6.2.2
1.5.56524.14.2.1
1.5.56605.7.2.1.9.1
1.5.56671.8.2.1.5
1.5.56873.34.2.1.3.1.2.2
1.5.56901.17.2.1
1.5.57043.20.2.1.3
1.5.57158.7.2.1
1.5.57278.20.2.1.3
1.5.57460.12.2.1
1.5.57484.24.2.1.5.2
1.5.57518.9.2.1.12.1
1.5.57553.6.2.1.22
1.5.57555.22.2.1.25.1.9
1.5.57575.12.2.1.17.2
1.5.57685.11.2.1
1.5.57723.15.2.1.2.2
1.5.57728.17.2.1.3.2
1.5.57896.15.2.1.63.10
1.5.57924.7.2.1
1.5.57993.12.2.1.5
1.5.58009.9.2.1.10.1.18.5.34
1.5.58246.8.2.1.28.4.7.1.2
1.5.58288.13.2.1.2
1.5.58373.7.2.1.7.9.21
1.5.58423.11.2.1.1
1.5.58429.12.2.1.4
1.5.58430.9.2.1
1.5.58489.15.2.1.41.1.2.7.37
1.5.58667.6.2.1.7
1.5.58778.12.2.1.5.9
1.5.59197.13.2.1.3.3.14.2
1.5.59274.14.2.1.7
1.5.59378.16.2.1.2.1.3.2
1.5.59521.27.2.1.3.1
1.5.59566.18.2.1.4
1.5.59582.8.2.1.1.1.20.1.3
1.5.59610.13.2.1
1.5.59682.15.2.1.6.3
1.5.59726.11.2.1.2.1.3.3.48
1.5.59841.5.2.1.1.2
1.5.59948.9.2.1.6.1.25.3
1.5.60104.11.2.1
1.5.60129.10.2.1.9
1.5.60150.10.2.1.30.3
1.5.60228.9.2.1
1.5.60233.11.2.1.11
1.5.60293.15.2.1.11.1.5
1.5.60299.7.2.1.4.3
1.5.60357.7.2.1.9
1.5.60402.10.2.1.5.1.2.5.25
1.5.60667.9.2.1.2.1.8.6
1.5.60795.19.2.1.1
1.5.60899.15.2.1.23.1.3
1.5.61000.36.2.1.4.1.5.1
1.5.61053.29.2.1.9
1.5.61276.13.2.1.4.1
1.5.61559.8.2.1.1.1.1.5
1.5.61743.6.2.1.1.3.15
1.5.61817.14.2.1.13
1.5.61891.6.2.1.3.3.22
1.5.61913.8.2.1
1.5.61990.9.2.1
1.5.62124.6.2.1.9.1.2
1.5.62137.6.2.1.6.2
1.5.62198.14.2.1.6.4
1.5.62258.7.2.1.4.4.8.5
1.5.62289.9.2.1.7
1.5.62297.12.2.1.2
1.5.62353.10.2.1.4.4.12.3.11
1.5.62406.14.2.1.1.1.2
1.5.62484.14.2.1.9.2
1.5.62599.6.2.1.6.1.3
1.5.62710.9.2.1.37
1.5.62720.9.2.1
1.5.62761.16.2.1.3
1.5.62798.11.2.1.6.2.8.7.15
1.5.62880.9.2.1.3.1
1.5.62937.11.2.1.23
1.5.62942.11.2.1
1.5.62997.9.2.1.3
1.5.63011.15.2.1.7.6.14
1.5.63024.10.2.1.15.1.19.6.13.6
1.5.63054.21.2.1.1.1
1.5.63103.13.2.1.17.1.42
1.5.63129.6.2.1.9.3.2
1.5.63144.7.2.1
1.5.63612.19.2.1.2.1.13.1
1.5.63824.14.2.1.8
1.5.63883.8.2.1.5
1.5.64026.9.2.1.11.4.10
1.5.64096.12.2.1
1.5.64165.7.2.1.6
1.5.64250.20.2.1.3
1.5.64371.7.2.1
1.5.64501.9.2.1.10.1.12
1.5.64689.12.2.1
1.5.64728.8.2.1.6.1.3.3.28
1.5.64777.6.2.1.22
1.5.64779.22.2.1.25.1.9
1.5.64798.12.2.1.15.2
1.5.64953.15.2.1.2.2
1.5.65117.15.2.1.63.10
1.5.65220.12.2.1.11
1.5.65406.6.2.1.6.4.25.1
1.5.65484.8.2.1.28.4.7.1.2
1.5.65535.10.2.1.2.2.2
1.5.65627.7.2.1
1.5.65682.8.2.1.5.1.11.4.50
1.5.65704.13.2.1.30
1.5.65751.11.2.1.2.1.6.14.13
1.5.65925.6.2.1.7
1.5.66112.9.2.1.7.1
1.5.66433.13.2.1.3.3.14.2
1.5.66655.10.2.1.10
1.5.66778.9.2.1.8.3.3
1.5.66837.16.2.1
1.5.66889.15.2.1.6.3
1.5.66933.11.2.1.2.1.3.3.48
1.5.67048.5.2.1.1.2
1.5.67325.11.2.1
1.5.67350.10.2.1.9
1.5.67371.10.2.1.30.3
1.5.67458.9.2.1
1.5.67463.11.2.1.11
1.5.67523.15.2.1.11.1.5
1.5.67529.7.2.1.4.3
1.5.67587.7.2.1.9
1.5.67634.5.2.1.2.1.10.1.2
1.5.67879.9.2.1.2.1.8.6
1.5.68007.6.2.1.29
1.5.68117.15.2.1.23.1.3
1.5.68226.36.2.1.4.1.24.1
1.5.68261.5.2.1
1.5.68287.29.2.1.9
1.5.68317.6.2.1.3.1.3.5
1.5.68515.13.2.1.4.1
1.5.68787.8.2.1.1.1.1.5
1.5.69029.10.2.1.1.1.2.1.7
1.5.69105.6.2.1.3.3.22
1.5.69209.9.2.1
1.5.69345.11.2.1.2
1.5.69405.14.2.1.6.4
1.5.69465.7.2.1.4.4.8.5
1.5.69479.8.2.1.3.8.16.3
1.5.69498.7.2.1.1.1
1.5.69516.8.2.1.32.1
1.5.69604.7.2.1.15
1.5.69649.7.2.1
1.5.69817.7.2.1.21.2.4.1
1.5.69888.11.2.1.3.1.5
1.5.69949.38.2.1.3.1.1
1.5.69994.11.2.1.6.2.8.7.15
1.5.70134.12.2.1.5.1
1.5.70175.11.2.1.9
1.5.70226.21.2.1.1.1
1.5.70313.6.2.1.9.3.2
1.5.70328.7.2.1
1.5.70669.7.2.1
1.5.70899.14.2.1
1.5.70982.7.2.1.9.1
1.5.71055.8.2.1.5
1.5.71249.34.2.1.3.1.2.2
1.5.71412.20.2.1.3
1.5.71532.7.2.1
1.5.71638.7.2.1.1.1.1
1.5.71649.18.2.1
1.5.71818.10.2.1.4.1.1.1.9
1.5.71891.8.2.1.6.1.3.3.28
1.5.71940.6.2.1.22
1.5.71942.22.2.1.25.1.9
1.5.71962.12.2.1.17.2
1.6.155.8.2.1.11.4.4.1
1.6.188.8.2.1.13.5
1.6.306.8.2.1.6.2
1.6.469.8.2.1.10
1.6.475.8.2.1.1.1.58
1.6.741.8.2.1.14.4.8
1.6.772.8.2.1.9.9.16.9
1.6.789.8.2.1.1.1.2
1.6.963.8.2.1.3.1.3.2.7
1.6.967.8.2.1.4.2.4.1.15
1.6.1007.8.2.1.7.3.17.3.15.2
1.6.1021.8.2.1.6.1.3
1.6.1200.8.2.1.8.2.10
1.6.1317.8.2.1.5
1.6.1471.8.2.1.8.5.16.3
1.6.1638.8.2.1.2.1
1.6.1740.8.2.1.2.1
1.6.1794.8.2.1.12.3.13.2.8
1.6.1822.8.2.1.6
1.6.2046.8.2.1.22.3.5.5
1.6.2054.8.2.1.3.1.1.1.8
1.6.2082.8.2.1.3.1.2
1.6.2130.8.2.1.1
1.6.2166.8.2.1
1.6.2183.8.2.1.6
1.6.2243.8.2.1
1.6.2348.8.2.1.4.3.8
1.6.2359.8.2.1.2.1.2.4
1.6.2535.8.2.1.8.2
1.6.2624.8.2.1.10.4
1.6.2723.8.2.1.1
1.6.2824.8.2.1.3.1
1.6.2840.8.2.1.38
1.6.2964.8.2.1.8.1.2.1.2
1.6.2967.8.2.1.12.1.6
1.6.2971.8.2.1.9.1.4.3.3
1.6.3041.8.2.1.2.1.4.2.10
1.6.3130.8.2.1.7
1.6.3179.8.2.1.3
1.6.3438.8.2.1.8
1.6.3496.8.2.1.6.2.4.1.19.3
1.6.3524.8.2.1.10.4.12.3
1.6.3577.8.2.1.2
1.6.3609.8.2.1.21.10.32
1.6.3685.8.2.1.7.1.3.2
1.6.3691.8.2.1.2.1.9.1
1.6.3852.8.2.1.19.1.14.1.7
1.6.3878.8.2.1.10.2.8
1.6.3935.8.2.1.1
1.6.4080.8.2.1.12.4.10
1.6.4185.8.2.1.16.2
1.6.4230.8.2.1.22.1
1.6.4459.8.2.1
1.6.4478.8.2.1.5
1.6.4577.8.2.1
1.6.4700.8.2.1.2.2.4.2
1.6.4772.8.2.1.7
1.6.4809.8.2.1.23.1.19
1.6.4877.8.2.1.2.4.16.1.25
1.6.4972.8.2.1.41.11
1.6.5078.8.2.1.1.1.2.2
1.6.5090.8.2.1.25.2.4
1.6.5136.8.2.1.13
1.6.5283.8.2.1.10.2.3.2
1.6.5309.8.2.1.2.3.7.7
1.6.5330.8.2.1.24.3
1.6.5357.8.2.1.6.1
1.6.5398.8.2.1.3
1.6.5463.8.2.1.62.8.26.7.7
1.6.5669.8.2.1.9
1.6.5706.8.2.1
1.6.5783.8.2.1.1.1.17
1.6.5831.8.2.1
1.6.5852.8.2.1.4
1.6.5898.8.2.1.1.1.36.3.33
1.6.6021.8.2.1.6.1.43
1.6.6085.8.2.1.6
1.6.6205.8.2.1.2
1.6.6250.8.2.1.1
1.6.6387.8.2.1.12.4
1.6.6413.8.2.1.5.3.6.1
1.6.6413.8.2.1.6.1.3
1.6.6415.8.2.1.5.3.8.5
1.6.6456.8.2.1.30
1.6.6469.8.2.1.6.5.6.1
1.6.6673.8.2.1.13.1.2.2.4
1.6.6774.8.2.1.1
1.6.6978.8.2.1.27.1
1.6.7052.8.2.1.7.4.7.2.13
1.6.7097.8.2.1
1.6.7112.8.2.1.11.7
1.6.7210.8.2.1
1.6.7221.8.2.1.4.1.14.1.3
1.6.7429.8.2.1.2.1
1.6.7482.8.2.1.5.2.5
1.6.7734.8.2.1.3.6.18
1.6.7778.8.2.1.4.2.5.4
1.6.7953.8.2.1.2.1.3
1.6.8038.8.2.1.11.3.6
1.6.8093.8.2.1.16.1.1
1.6.8114.8.2.1.2.1
1.6.8157.8.2.1.4.1.10
1.6.8162.8.2.1.10.1.17
1.6.8228.8.2.1
1.6.8300.8.2.1.11.4.4.1
1.6.8333.8.2.1.13.5
1.6.8460.8.2.1.6.2
1.6.8571.8.2.1.16.3.17.6
1.6.8589.8.2.1
1.6.8596.8.2.1.4.1.2.1
1.6.8619.8.2.1.1
1.6.8630.8.2.1.16.9.25
1.6.8639.8.2.1.1.2
1.6.8910.8.2.1.12.3.15
1.6.8943.8.2.1.9.3.2.12
1.6.8961.8.2.1.25.4.13.1.3
1.6.9066.8.2.1.8.2.4
1.6.9133.8.2.1.3.1.3.2.7
1.6.9137.8.2.1.4.2.4.1.15
1.6.9177.8.2.1.7.3.17.3.15.2
1.6.9191.8.2.1.6.1.3
1.6.9505.8.2.1.5
1.6.9680.8.2.1.8.5.16.3
1.6.9859.8.2.1.2.1
1.6.9923.8.2.1
1.6.9973.8.2.1.2.1
1.6.10035.8.2.1.12.3.22.2.12
1.6.10063.8.2.1.6
1.6.10279.8.2.1.22.3.5.5
1.6.10287.8.2.1.3.1.1.1.8
1.6.10315.8.2.1.3.1.2
1.6.10363.8.2.1.1
1.6.10577.8.2.1.4.3.8
1.6.10588.8.2.1.2.1.2.4
1.6.10765.8.2.1.8.2
1.6.10855.8.2.1.10.4
1.6.10963.8.2.1.1
1.6.11058.8.2.1.19.1
1.6.11074.8.2.1.38
1.6.11196.8.2.1.8.1.2.1.2
1.6.11199.8.2.1.12.1.6
1.6.11203.8.2.1.9.1.4.3.3
1.6.11273.8.2.1.2.1.4.2.10
1.6.11306.8.2.1
1.6.11408.8.2.1.3
1.6.11677.8.2.1.8
1.6.11720.8.2.1.6.2.4.1.25.16
1.6.11748.8.2.1.10.4.12.3
1.6.11801.8.2.1.2
1.6.11901.8.2.1.7.1.3.2
1.6.11907.8.2.1.2.1.9.1
1.6.12068.8.2.1.19.1.14.1.7
1.6.12093.8.2.1.2.2.71
1.6.12167.8.2.1.1
1.6.12302.8.2.1.2
1.6.12421.8.2.1.17.2
1.6.12813.8.2.1
1.6.12992.8.2.1
1.6.13009.8.2.1.4.2.4
1.6.13050.8.2.1.23.1.12
1.6.13118.8.2.1.2.4.16.1.25
1.6.13321.8.2.1.1.1.2.2
1.6.13333.8.2.1.25.2.4
1.6.13508.8.2.1.10.2.3.2
1.6.13533.8.2.1.2.3.24.7
1.6.13554.8.2.1.24.3
1.6.13581.8.2.1.6.1
1.6.13622.8.2.1.6
1.6.13683.8.2.1.62.8.26.7.7
1.6.13872.8.2.1.10
1.6.13912.8.2.1
1.6.13989.8.2.1.12
1.6.14055.8.2.1.9.1.1.1.11
1.6.14098.8.2.1.1.1.36.3.33
1.6.14179.8.2.1.15.1.14.4
1.6.14187.8.2.1.10.2
1.6.14234.8.2.1.4.4.8
1.6.14301.8.2.1.6
1.6.14415.8.2.1.4.3.6
1.6.14456.8.2.1.1
1.6.14593.8.2.1.12.4
1.6.14623.8.2.1.15.1.6
1.6.14631.8.2.1.1.1
1.6.14695.8.2.1.7.1.4.4
1.6.14885.8.2.1.13.3.17.5
1.6.14917.8.2.1.13.1.2.2.4
1.6.15141.8.2.1.6.2.3.1
1.6.15148.8.2.1
1.6.15170.8.2.1.9.3
1.6.15220.8.2.1.2.2
1.6.15291.8.2.1.3.3.12.3.8
1.6.15441.8.2.1
1.6.15452.8.2.1.4.1.14.1.3
1.6.15632.8.2.1.3.2.16
1.6.15662.8.2.1.2.1
1.6.15713.8.2.1.13.2.34
1.6.16001.8.2.1.7.4.18.3
1.6.16182.8.2.1.2.1.3
1.6.16258.8.2.1.2.2.6
1.6.16258.8.2.1.3.3
1.6.16319.8.2.1.16.1.1
1.6.16340.8.2.1.2.1
1.6.16383.8.2.1.4.1.10
1.6.16388.8.2.1.10.1.17
1.6.16529.8.2.1
1.6.16562.8.2.1.13.5
1.6.16688.8.2.1.6.2
1.6.16857.8.2.1.1
1.6.16868.8.2.1.16.9.25
1.6.16877.8.2.1.1.2
1.6.17124.8.2.1.14.4.8
1.6.17152.8.2.1.5.2
1.6.17174.8.2.1.31.4.10.1.3
1.6.17265.8.2.1.1.1.10.6
1.6.17341.8.2.1.21.8.21.3
1.6.17348.8.2.1.2.2.4.1.3
1.6.17370.8.2.1
1.6.17403.8.2.1.19.1.3
1.6.17666.8.2.1.2.2.6.1
1.6.17722.8.2.1.5
1.6.17826.8.2.1.3.3.11.4
1.6.17903.8.2.1.8.5.16.3
1.6.18082.8.2.1.2.1
1.6.18176.8.2.1
1.6.18238.8.2.1.12.3.13.2.12
1.6.18476.8.2.1.22.3.5.5
1.6.18484.8.2.1.3.1.1.1.8
1.6.18512.8.2.1.3.1.2
1.6.18560.8.2.1.1
1.6.18794.8.2.1.3.1.3.3.12
1.6.18846.8.2.1.50.2
1.6.18986.8.2.1.8.2
1.6.19026.8.2.1.6.5
1.6.19191.8.2.1.1
1.6.19290.8.2.1.19.1
1.6.19306.8.2.1.38
1.6.19421.8.2.1.8.1.2.1.2
1.6.19424.8.2.1.12.1.6
1.6.19428.8.2.1.9.1.4.3.3
1.6.19498.8.2.1.2.1.4.2.10
1.6.19629.8.2.1.10.1.47
1.6.19925.8.2.1.8.3.5.4
1.6.19933.8.2.1.1.1.4.4
1.6.20011.8.2.1.21.10.32
1.6.20021.8.2.1.3.1.34.11
1.6.20087.8.2.1.7.1.3.2
1.6.20093.8.2.1.2.1.9.1
1.6.20251.8.2.1.19.1.14.1.7
1.6.20344.8.2.1.1
1.6.20483.8.2.1.2.1.3.1.10
1.6.20510.8.2.1.1.1
1.6.20596.8.2.1
1.6.20645.8.2.1
1.6.20709.8.2.1.6.10.17.3
1.6.20813.8.2.1.6.1.9.1
1.6.20886.8.2.1
1.6.20905.8.2.1.5
1.6.21004.8.2.1
1.6.21133.8.2.1.18.3
1.6.21148.8.2.1.2
1.6.21205.8.2.1.7
1.6.21294.8.2.1.2.4.16.1.25
1.6.21508.8.2.1.1.1.2.2
1.6.21520.8.2.1.25.2.4
1.6.21555.8.2.1.21.5.16
1.6.21563.8.2.1.9.1
1.6.21692.8.2.1.31.8.14.4
1.6.21717.8.2.1.2.3.13.5
1.6.21738.8.2.1.24.3
1.6.21765.8.2.1.6.1
1.6.21806.8.2.1.3
1.6.22054.8.2.1.9
1.6.22094.8.2.1
1.6.22166.8.2.1.2
1.6.22221.8.2.1
1.6.22240.8.2.1.4
1.6.22282.8.2.1.1.1.36.3.33
1.6.22405.8.2.1.6.1.43
1.6.22475.8.2.1.6
1.6.22652.8.2.1.1
1.6.22787.8.2.1.12.4
1.6.22813.8.2.1.5.3.6.1
1.6.22813.8.2.1.6.1.3
1.6.22815.8.2.1.5.3.8.5
1.6.22875.8.2.1.18.1.12.7
1.6.23064.8.2.1.13.3.17.5
1.6.23096.8.2.1.13.1.2.2.4
1.6.23178.8.2.1.3.4.5.1
1.6.23272.8.2.1
1.6.23444.8.2.1.3.3.12.3.8
1.6.23489.8.2.1
1.6.23504.8.2.1.11.7
1.6.23611.8.2.1.24
1.6.23714.8.2.1.17.4.4.2
1.6.23738.8.2.1.3.2.1
1.6.23740.8.2.1.5.2.9.2
1.6.23886.8.2.1.4.1
1.6.23887.8.2.1.1.1.2
1.6.24157.8.2.1.9.3
1.6.24204.8.2.1.7.4.18.3
1.6.24361.8.2.1.2.1.3
1.6.24424.8.2.1.2.1.1
1.6.24437.8.2.1.2.2.6
1.6.24437.8.2.1.3.3
1.6.24498.8.2.1.16.1.1
1.6.24521.8.2.1.2.1
1.6.24580.8.2.1.8
1.6.24740.8.2.1
1.6.24773.8.2.1.13.5
1.6.24899.8.2.1.6.2
1.6.25041.8.2.1.10
1.6.25047.8.2.1.1.1.58
1.6.25313.8.2.1.12.3.15
1.6.25343.8.2.1.9.5.15.4
1.6.25360.8.2.1.1.1.2
1.6.25527.8.2.1.21.8.21.3
1.6.25534.8.2.1.2.2.4.1.3
1.6.25554.8.2.1.18.1.4.4
1.6.25570.8.2.1.7.3.25.3.28.13
1.6.25584.8.2.1.6.1.3
1.6.25888.8.2.1.5
1.6.25990.8.2.1.3.3.11.4
1.6.26019.8.2.1.28.3
1.6.26072.8.2.1.8.5.16.3
1.6.26251.8.2.1.2.1
1.6.26353.8.2.1.2.1
1.6.26413.8.2.1.12.3.13.2.12
1.6.26650.8.2.1.22.3.5.5
1.6.26658.8.2.1.3.1.1.1.8
1.6.26686.8.2.1.3.1.2
1.6.26748.8.2.1.1
1.6.26794.8.2.1
1.6.26810.8.2.1.2.2.2.6.17
1.6.26964.8.2.1.5.1.1
1.6.27025.8.2.1.50.2
1.6.27164.8.2.1.8.2
1.6.27204.8.2.1.6.5
1.6.27368.8.2.1.1
1.6.27467.8.2.1.19.1
1.6.27483.8.2.1.38
1.6.27607.8.2.1.8.1.2.1.2
1.6.27610.8.2.1.12.1.6
1.6.27614.8.2.1.9.1.4.3.3
1.6.27684.8.2.1.2.1.4.2.10
1.6.27766.8.2.1.7
1.6.27822.8.2.1.5.1.3.1.4
1.6.28098.8.2.1.8
1.6.28156.8.2.1.6.2.4.1.19.3
1.6.28184.8.2.1.10.4.12.3
1.6.28237.8.2.1.2
1.6.28349.8.2.1.7.1.3.2
1.6.28355.8.2.1.2.1.9.1
1.6.28500.8.2.1.3.1
1.6.28541.8.2.1.10.2.8
1.6.28598.8.2.1.1
1.6.28755.8.2.1.2
1.6.28878.8.2.1.17.2
1.6.28920.8.2.1
1.6.28982.8.2.1
1.6.29142.8.2.1
1.6.29161.8.2.1.5
1.6.29321.8.2.1.4.1.2
1.6.29494.8.2.1
1.6.29510.8.2.1
1.6.29515.8.2.1.7
1.6.29606.8.2.1.2.4.16.1.25
1.6.29816.8.2.1.1.1.2.2
1.6.29828.8.2.1.25.2.4
1.6.29863.8.2.1.21.5.16
1.6.29871.8.2.1.9.1
1.6.30001.8.2.1.10.2.3.2
1.6.30026.8.2.1.2.3.7.6
1.6.30047.8.2.1.24.3
1.6.30074.8.2.1.6.1
1.6.30115.8.2.1.6
1.6.30363.8.2.1.9
1.6.30474.8.2.1.1.1.10
1.6.30512.8.2.1
1.6.30531.8.2.1.9.1.1.1.26
1.6.30574.8.2.1.1.1.36.3.33
1.6.30655.8.2.1.15.1.14.4
1.6.30663.8.2.1.10.2
1.6.30700.8.2.1.3.1.8
1.6.30764.8.2.1.6
1.6.30895.8.2.1.9
1.6.30941.8.2.1.6.5.12.2.24
1.6.30958.8.2.1
1.6.31063.8.2.1.12.4
1.6.31093.8.2.1.15.1.6
1.6.31101.8.2.1.1.1
1.6.31165.8.2.1.18.1.12.7
1.6.31356.8.2.1.8.3
1.6.31561.8.2.1.4.15
1.6.31624.8.2.1.1.1
1.6.31674.8.2.1.2.2
1.6.31745.8.2.1.22.10.19.5.8
1.6.31878.8.2.1
1.6.31895.8.2.1.6
1.6.31904.8.2.1
1.6.32103.8.2.1.2.1
1.6.32156.8.2.1.5.2.5
1.6.32412.8.2.1.9.3
1.6.32459.8.2.1.7.4.18.3
1.6.32507.8.2.1.11.1.2
1.6.32634.8.2.1.2.4.19.4.4
1.6.32689.8.2.1.5
1.6.32707.8.2.1.2.2.6
1.6.32707.8.2.1.3.3
1.6.32768.8.2.1.16.1.1
1.6.32789.8.2.1.2.1
1.6.32837.8.2.1.4.1.10
1.6.32842.8.2.1.10.1.17
1.6.32966.8.2.1.11.4.4.1
1.6.32999.8.2.1.13.5
1.6.33126.8.2.1.6.2
1.6.33253.8.2.1
1.6.33260.8.2.1.4.1.2.1
1.6.33283.8.2.1.1
1.6.33294.8.2.1.16.9.26
1.6.33303.8.2.1.1.2
1.6.33503.8.2.1.28.4.29.1
1.6.33574.8.2.1.12.3.15
1.6.33604.8.2.1.9.5.15.4
1.6.33621.8.2.1.1.1.2
1.6.33706.8.2.1.1.1.10.6
1.6.33781.8.2.1.4.2.14.2
1.6.33782.8.2.1.5
1.6.33789.8.2.1.3.2
1.6.33793.8.2.1.2.2
1.6.33827.8.2.1.7.3.17.3.15.5
1.6.33841.8.2.1.6.1.3
1.6.33949.8.2.1.1.5.1.3
1.6.34095.8.2.1.2.2.6.1
1.6.34151.8.2.1.5
1.6.34308.8.2.1.8.5.16.3
1.6.34487.8.2.1.2.1
1.6.34565.8.2.1.14
1.6.34639.8.2.1.12.3.13.2.12
1.6.34858.8.2.1.3.1.4.2
1.6.34946.8.2.1.1
1.6.34992.8.2.1
1.6.34996.8.2.1.4.5.31.6
1.6.35167.8.2.1.3.1.3.3.12
1.6.35180.8.2.1.27.11
1.6.35357.8.2.1.8.2
1.6.35397.8.2.1.6.5
1.6.35564.8.2.1.1
1.6.35579.8.2.1
1.6.35677.8.2.1.14.2.6
1.6.35798.8.2.1.14.7
1.6.35811.8.2.1.8.1.2.1.2
1.6.35814.8.2.1.12.1.6
1.6.35818.8.2.1.9.1.4.3.3
1.6.35890.8.2.1.2.1.4.2.10
1.6.35923.8.2.1
1.6.36013.8.2.1.10.1.47
1.6.36308.8.2.1.6.2.4.1.71.10
1.6.36336.8.2.1.10.4.12.3
1.6.36389.8.2.1.2
1.6.36421.8.2.1.21.10.32
1.6.36431.8.2.1.3.1.34.11
1.6.36497.8.2.1.7.1.3.2
1.6.36503.8.2.1.2.1.9.1
1.6.36664.8.2.1.19.1.14.1.7
1.6.36689.8.2.1.2.2.72
1.6.36759.8.2.1.1
1.6.36914.8.2.1.2
1.6.37027.8.2.1.16.2
1.6.37072.8.2.1.22.1
1.6.37305.8.2.1
1.6.37324.8.2.1.5
1.6.37478.8.2.1.17.7.9.4
1.6.37578.8.2.1.14.3
1.6.37593.8.2.1.2
1.6.37634.8.2.1
1.6.37650.8.2.1
1.6.37655.8.2.1.7
1.6.37694.8.2.1.23.1.24
1.6.37762.8.2.1.2.4.16.1.25
1.6.37945.8.2.1.2.5.6.6
1.6.37978.8.2.1.1.1.2.2
1.6.37990.8.2.1.25.2.4
1.6.38029.8.2.1.8.3.10
1.6.38038.8.2.1.9.1
1.6.38169.8.2.1.3.1.2.1.1.8
1.6.38170.8.2.1
1.6.38190.8.2.1.2.3.7.10
1.6.38211.8.2.1.24.3
1.6.38238.8.2.1.6.1
1.6.38279.8.2.1.3
1.6.38339.8.2.1.62.8.26.7.7
1.6.38372.8.2.1
1.6.38534.8.2.1.9
1.6.38653.8.2.1.1.1.17
1.6.38691.8.2.1
1.6.38712.8.2.1.4
1.6.38753.8.2.1.1.1.36.3.33
1.6.38833.8.2.1
1.6.38874.8.2.1.12.4.6.1.3
1.6.38940.8.2.1.6
1.6.39072.8.2.1.9
1.6.39117.8.2.1.1
1.6.39266.8.2.1.12.4
1.6.39288.8.2.1.5.3.6.1
1.6.39288.8.2.1.6.1.3
1.6.39290.8.2.1.5.3.8.5
1.6.39350.8.2.1.7.1.4.4
1.6.39446.8.2.1.10.1
1.6.39677.8.2.1.19.6
1.6.39758.8.2.1.2
1.6.39845.8.2.1.1.1
1.6.39895.8.2.1.2.2
1.6.39964.8.2.1.7.4.7.2.10
1.6.40009.8.2.1
1.6.40024.8.2.1.11.7
1.6.40119.8.2.1
1.6.40136.8.2.1.6
1.6.40145.8.2.1
1.6.40214.8.2.1.17.4.4.2
1.6.40238.8.2.1.3.2.1
1.6.40240.8.2.1.5.2.9.2
1.6.40311.8.2.1.3.2.16
1.6.40341.8.2.1.2.1
1.6.40394.8.2.1.5.2.5
1.6.40647.8.2.1.9.3
1.6.40694.8.2.1.7.4.18.3
1.6.40862.8.2.1.2.1.3
1.6.40925.8.2.1.2.1.1
1.6.40938.8.2.1.2.2.6
1.6.40938.8.2.1.3.3
1.6.40999.8.2.1.16.1.1
1.6.41083.8.2.1.8
1.6.41284.8.2.1.13.5
1.6.41411.8.2.1.6.2
1.6.41526.8.2.1.16.3.17.6
1.6.41544.8.2.1
1.6.41551.8.2.1.4.1.2.1
1.6.41574.8.2.1.1
1.6.41585.8.2.1.16.9.25
1.6.41594.8.2.1.1.2
1.6.41840.8.2.1.14.4.8
1.6.41870.8.2.1.9.7.17.5
1.6.41888.8.2.1.25.4.13.1.3
1.6.41986.8.2.1.1.1.10.6
1.6.42063.8.2.1.1.1
1.6.42065.8.2.1.4.1.2
1.6.42067.8.2.1.1.1.1.2.4
1.6.42068.8.2.1.5.1
1.6.42125.8.2.1.2.6.11.2.12
1.6.42230.8.2.1
1.6.42374.8.2.1.2.2.6.1
1.6.42426.8.2.1.6.2.19.5.6
1.6.42542.8.2.1.3.3.11.4
1.6.42626.8.2.1.3.1
1.6.42817.8.2.1.2.1
1.6.42928.8.2.1.2.1
1.6.42984.8.2.1.16.4.16.1
1.6.43219.8.2.1.22.3.5.5
1.6.43227.8.2.1.3.1.1.1.8
1.6.43255.8.2.1.3.1.2
1.6.43317.8.2.1.1
1.6.43362.8.2.1
1.6.43373.8.2.1.2.1.1
1.6.43393.8.2.1
1.6.43537.8.2.1.16
1.6.43728.8.2.1.8.2
1.6.43768.8.2.1.6.5
1.6.43934.8.2.1.1
1.6.44029.8.2.1.19.1
1.6.44045.8.2.1.38
1.6.44155.8.2.1.8.1.2.1.2
1.6.44158.8.2.1.12.1.6
1.6.44162.8.2.1.9.1.4.3.3
1.6.44234.8.2.1.2.1.4.2.10
1.6.44267.8.2.1
1.6.44367.8.2.1.10.1.47
1.6.44630.8.2.1.8
1.6.44688.8.2.1.6.2.4.1.19.3
1.6.44716.8.2.1.10.4.12.3
1.6.44769.8.2.1.2
1.6.44869.8.2.1.7.1.3.2
1.6.44875.8.2.1.2.1.9.1
1.6.45021.8.2.1.18.1.12.1.34
1.6.45046.8.2.1.2.2.70
1.6.45136.8.2.1.1
1.6.45285.8.2.1.2
1.6.45400.8.2.1.16.2
1.6.45437.8.2.1
1.6.45641.8.2.1
1.6.45660.8.2.1.5
1.6.45789.8.2.1.17.7.9.4
1.6.45899.8.2.1
1.6.45922.8.2.1.2
1.6.45963.8.2.1
1.6.45979.8.2.1
1.6.45984.8.2.1.7
1.6.46075.8.2.1.2.4.16.1.25
1.6.46278.8.2.1.1.1.2.2
1.6.46290.8.2.1.25.2.4
1.6.46335.8.2.1.8.3.42
1.6.46344.8.2.1.9.1
1.6.46465.8.2.1.31.8.14.4
1.6.46498.8.2.1.24.3
1.6.46525.8.2.1.6.1
1.6.46566.8.2.1.6
1.6.46627.8.2.1.62.8.26.7.7
1.6.46822.8.2.1.9
1.6.46893.8.2.1.11
1.6.46926.8.2.1.2
1.6.46974.8.2.1
1.6.46994.8.2.1.4
1.6.47036.8.2.1.1.1.36.3.33
1.6.47159.8.2.1.12.4.6.1.3
1.6.47227.8.2.1.6
1.6.47359.8.2.1.9
1.6.47409.8.2.1.5
1.6.47540.8.2.1.12.4
1.6.47562.8.2.1.5.3.6.1
1.6.47562.8.2.1.6.1.3
1.6.47564.8.2.1.5.3.8.5
1.6.47624.8.2.1.7.1.4.4
1.6.47720.8.2.1.10.1
1.6.47901.8.2.1.3.4.5.1
1.6.47985.8.2.1.2
1.6.48120.8.2.1.2.2
1.6.48183.8.2.1.1.2.2.2
1.6.48215.8.2.1.12.2.4
1.6.48350.8.2.1
1.6.48367.8.2.1.6
1.6.48376.8.2.1
1.6.48564.8.2.1.2.1
1.6.48615.8.2.1.13.2.35
1.6.48874.8.2.1.9.3
1.6.49066.8.2.1.2.4.19.4.4
1.6.49090.8.2.1
1.6.49129.8.2.1.2.2.6
1.6.49129.8.2.1.3.3
1.6.49190.8.2.1.16.1.1
1.6.49213.8.2.1.2.1
1.6.49256.8.2.1.4.1.10
1.6.49261.8.2.1.10.1.17
1.6.49453.8.2.1.13.5
1.6.49579.8.2.1.6.2
1.6.49748.8.2.1.9
1.6.49766.8.2.1.13.1.10.1.41.32
1.6.49949.8.2.1.28.4.23.1
1.6.50019.8.2.1.14.4.8
1.6.50050.8.2.1.9.8.16.9
1.6.50067.8.2.1.1.1.2
1.6.50160.8.2.1.8.2.4
1.6.50228.8.2.1.21.8.21.3
1.6.50235.8.2.1.2.2.4.1.3
1.6.50255.8.2.1.18.1.4.4
1.6.50271.8.2.1.7.3.25.3.28.13
1.6.50285.8.2.1.6.1.3
1.6.50549.8.2.1.2.2.6.1
1.6.50601.8.2.1.6.2.19.5.6
1.6.50833.8.2.1.1.1
1.6.50939.8.2.1.2.1
1.6.51038.8.2.1.2.1
1.6.51098.8.2.1.12.3.13.2.12
1.6.51116.8.2.1.4
1.6.51333.8.2.1.22.3.5.5
1.6.51341.8.2.1.3.1.1.1.8
1.6.51369.8.2.1.3.1.2
1.6.51417.8.2.1.1
1.6.51454.8.2.1
1.6.51640.8.2.1.3.1.3.3.12
1.6.51690.8.2.1.5.4
1.6.51833.8.2.1.8.2
1.6.51923.8.2.1.10.4
1.6.52022.8.2.1.1
1.6.52123.8.2.1.3.1
1.6.52139.8.2.1.38
1.6.52214.8.2.1.12.3
1.6.52250.8.2.1.17.4.18.17.50
1.6.52326.8.2.1.2.1.4.2.10
1.6.52470.8.2.1.5.1.3.1.4
1.6.52766.8.2.1.6.2.4.1.25.17
1.6.52794.8.2.1.10.4.12.3
1.6.52847.8.2.1.2
1.6.52878.8.2.1.2.2.20
1.6.52888.8.2.1.3.1.22.4
1.6.52954.8.2.1.7.1.3.2
1.6.52960.8.2.1.2.1.9.1
1.6.53102.8.2.1.18.1.12.1.28
1.6.53129.8.2.1.22
1.6.53199.8.2.1.1
1.6.53349.8.2.1.2
1.6.53468.8.2.1.17.2
1.6.53524.8.2.1.22.1
1.6.53589.8.2.1
1.6.53753.8.2.1
1.6.53772.8.2.1.5
1.6.53930.8.2.1.17.7.9.4
1.6.54049.8.2.1.13.4
1.6.54100.8.2.1
1.6.54116.8.2.1
1.6.54121.8.2.1.7
1.6.54160.8.2.1.23.1.24
1.6.54228.8.2.1.2.4.16.1.25
1.6.54430.8.2.1.1.1.2.2
1.6.54442.8.2.1.25.2.4
1.6.54477.8.2.1.21.5.16
1.6.54485.8.2.1.9.1
1.6.54610.8.2.1.3.1.2.1.1.8
1.6.54633.8.2.1.24.3
1.6.54660.8.2.1.6.1
1.6.54701.8.2.1.3
1.6.54957.8.2.1.9
1.6.54997.8.2.1
1.6.55069.8.2.1.2
1.6.55137.8.2.1.4
1.6.55172.8.2.1
1.6.55181.8.2.1.16
1.6.55263.8.2.1.15.1.14.4
1.6.55271.8.2.1.10.2
1.6.55304.8.2.1.2.7.18.4.27
1.6.55357.8.2.1.6
1.6.55494.8.2.1.6
1.6.55542.8.2.1.1
1.6.55679.8.2.1.12.4
1.6.55705.8.2.1.5.3.6.1
1.6.55705.8.2.1.6.1.3
1.6.55707.8.2.1.5.3.8.5
1.6.55767.8.2.1.18.1.12.7
1.6.55975.8.2.1.4.1
1.6.56363.8.2.1.12.2.4
1.6.56378.8.2.1
1.6.56411.8.2.1.9.7
1.6.56502.8.2.1
1.6.56519.8.2.1.6
1.6.56528.8.2.1
1.6.56600.8.2.1.17.4.4.2
1.6.56624.8.2.1.3.2.1
1.6.56626.8.2.1.5.2.9.2
1.6.56697.8.2.1.3.2.16
1.6.56727.8.2.1.2.1
1.6.56778.8.2.1.13.2.35
1.6.56833.8.2.1
1.6.57052.8.2.1.9.3
1.6.57099.8.2.1.7.4.18.3
1.6.57229.8.2.1.10.1.5
1.6.57273.8.2.1.2.1.3
1.6.57357.8.2.1.11.3.6
1.6.57412.8.2.1.16.1.1
1.6.57433.8.2.1.2.1
1.6.57481.8.2.1.4.1.10
1.6.57486.8.2.1.10.1.17
1.6.57629.8.2.1.11.4.4.1
1.6.57660.8.2.1.13.5
1.6.57789.8.2.1.6.2
1.6.57922.8.2.1
1.6.57929.8.2.1.4.1.2.1
1.6.57952.8.2.1.1
1.6.57963.8.2.1.16.9.26
1.6.57972.8.2.1.1.2
1.6.58232.8.2.1.11.4.8
1.6.58263.8.2.1.9.8.16.9
1.6.58280.8.2.1.1.1.2
1.6.58371.8.2.1.8.2.4
1.6.58433.8.2.1.21.8.21.3
1.6.58440.8.2.1.2.2.4.1.3
1.6.58460.8.2.1.18.1.4.4
1.6.58476.8.2.1.7.3.25.3.28.13
1.6.58490.8.2.1.6.1.3
