1.1.1.17.15.2.6.1.1.1
1.1.1.49.19.3.5.7
1.1.1.55.35.2
1.1.1.68.15.2.9
1.1.1.73.8.2.9.3
1.1.1.110.5.1.4.1.10.2
1.1.1.142.5.1.2
1.1.1.193.29.1.10
1.1.1.217.8.2.8
1.1.1.291.5.1.2
1.1.1.403.5.1.4.1.1
1.1.1.406.14.3.6.5
1.1.1.426.5.1.1.4.7.1
1.1.1.482.28
1.1.1.650.5.1
1.1.1.663.5.1.4.11
1.1.1.668.8.2.10
1.1.1.692.12
1.1.1.747.5.1.3.5.28.1.28
1.1.1.763.14.4.19.2
1.1.1.765.31.2.12.3
1.1.1.830.10.2.8.4
1.1.1.1105.17.1.7.6
1.1.1.1162.5.1
1.1.1.1169.21.3.7
1.1.1.1202.12.1.5
1.1.1.1280.5.1
1.1.1.1326.8.1.4.2
1.1.1.1370.10.1.4
1.1.1.1475.37.3.8.9
1.1.1.1568.5.1.15.2
1.1.1.1586.9.1.65
1.1.1.1607.5.1.4.1.1.1.1
1.1.1.1624.5.1.9.9.12.2.2
1.1.1.1740.9.1.6
1.1.1.1772.5.1.8.4.9
1.1.1.1799.5.1.2.3
1.1.1.1997.5.1.2.3
1.1.1.2044.5.1
1.1.1.2168.5.1
1.1.1.2234.19.1.9.4
1.1.1.2311.5.1
1.1.1.2354.5.1.2.2.25
1.1.1.2368.13.2.8.7.9.3.16
1.1.1.2456.9.1.14.5.17
1.1.1.2512.6
1.1.1.2560.5.1.4.1.18
1.1.1.2572.18.2.4.1
1.1.1.2588.25.2.16.10.8.5
1.1.1.2731.5.1.7.1.3.2
1.1.1.2781.5.1.2.1.10
1.1.1.2905.9.3.8.16
1.1.1.2948.5.1.20.11
1.1.1.2949.5.1.1.1.10.1.17
1.1.1.2975.5.1.3.4.9.4.11.64
1.1.1.3195.24.1.9.3
1.1.1.3196.29.1.7.1.5.2.57
1.1.1.3223.5.1
1.1.2.3388.21.1.9
1.1.2.3396.33.1.16.13
1.1.2.3413.33.1.9
1.1.2.3444.5.1.1.1.6.6
1.1.2.3447.8.1.9
1.1.2.3588.13.2.8
1.1.2.3608.14.2.16.15.36
1.1.2.3611.5.1.24.20
1.1.2.3776.10.1.6.4
1.1.2.3803.3
1.1.2.3803.5.1.8
1.1.2.3843.24.1.13
1.1.2.3850.12.1.4.5
1.1.2.3952.5.1
1.1.2.4036.33.2.6.1
1.1.2.4066.5.1.2
1.1.2.4073.31
1.1.2.4091.5.1.4
1.1.2.4121.13.4
1.1.2.4132.14.3.8.1.2.1.6
1.1.2.4151.5.1.3.1
1.1.2.4209.11.2.4.7.41
1.1.2.4262.57.5.10.1.2.1
1.1.2.4452.5.1.9.4
1.1.2.4520.22.2.5.3.5.3
1.1.2.4522.5.1.1.2.4.7
1.1.2.4523.5.1
1.1.2.4540.38.10.17.23.6.3.13
1.1.2.4546.5.1.1
1.1.2.4549.5.1.7
1.1.2.4627.9.2.10
1.1.2.4737.5.1.3
1.1.2.4846.17.2.10.2
1.1.2.4937.12.2.4.3
1.1.2.4957.44.4.4
1.1.2.4962.5.1
1.1.2.4969.16.2.11.13
1.1.2.5097.5.1.1.3.33.3
1.1.2.5178.9.1.4.4
1.1.2.5209.5.1
1.1.2.5256.5.1.3
1.1.2.5267.15.2.9.1
1.1.2.5300.39.5.11
1.1.2.5336.25.2.29
1.1.2.5395.5.1.1.1
1.1.2.5429.35.2
1.1.2.5442.15.2.9
1.1.2.5447.8.2.9.3
1.1.2.5512.5.1.4.1.6
1.1.2.5656.22.6.6
1.1.2.5702.14.2.5.2.3.1
1.1.2.5707.5.1
1.1.2.5803.5.1.4.1.1
1.1.2.5806.14.3.6.5
1.1.2.5873.28
1.1.2.6053.5.1.4.11
1.1.2.6058.8.2.10
1.1.2.6082.12
1.1.2.6139.8.1.5.2
1.1.2.6159.9.2.4.3.2
1.1.2.6220.22.1.11.9.8.1.32
1.1.2.6229.5.1.1.1
1.1.2.6261.5.1.2.1
1.1.2.6289.14.2.7
1.1.2.6424.22.2.24.1.26
1.1.2.6448.11.1.8
1.1.2.6554.5.1
1.1.2.6561.21.3.7
1.1.2.6594.12.1.5
1.1.2.6667.15.2
1.1.2.6701.5.1.6
1.1.2.6715.13.2.8.3
1.1.2.6795.5.1.4.4
1.1.2.6815.9.1.5
1.1.2.6857.33.1.33.34
1.1.2.6937.5.1.15.2
1.1.2.6955.9.1.45
1.1.2.6976.5.1.4.1.1.1.1
1.1.2.6993.5.1.9.9.12.2.2
1.1.2.7035.26.2.4.4
1.1.2.7119.40.2.17.1.10.4
1.1.2.7156.5.1.8.4.9
1.1.2.7183.5.1.2.3
1.1.2.7384.5.1.2.3
1.1.2.7431.5.1
1.1.2.7556.5.1
1.1.2.7758.20.2.16.3
1.1.2.7761.5.1.3.10.16.1.4
1.1.2.7800.10.1.11.7
1.1.2.7860.11.1.8.2.18
1.1.2.7909.6
1.1.2.7947.5.1
1.1.2.7964.11.3.4.3
1.1.2.7971.5.1.2.3.8.1.11
1.1.2.7986.25.2.16.10.12.6
1.1.2.8134.5.1.7.1.3.2
1.1.2.8342.5.1.20.11
1.1.2.8343.5.1.1.1.10.1.17
1.1.2.8369.5.1.3.4.9.4.11.47
1.1.2.8595.5.1.2.1.2
1.1.2.8622.9.1.15
1.1.2.8694.5.1.2.2.22.6.10
1.1.2.8700.11.1.10
1.1.2.8701.8.4.4
1.1.2.8727.8.1.4.1
1.1.2.8794.21.1.9
1.1.2.8810.16
1.1.2.8843.5.1.1.1.6.6
1.1.2.8847.5.1.3.9
1.1.2.8994.13.2.8
1.1.2.9014.14.2.16.15.36
1.1.2.9017.5.1.24.20
1.1.2.9127.3
1.1.2.9199.10.1.6.4
1.1.2.9226.3
1.1.2.9226.5.1.8
1.1.2.9264.14.2.7.1
1.1.2.9279.13.1.4.4
1.1.2.9450.16
1.1.2.9500.19.1.6.1.3
1.1.2.9526.5.1.4
1.1.2.9556.13.4
1.1.2.9567.14.3.8.1.2.1.6
1.1.2.9586.5.1.3.1
1.1.2.9635.26.1.14.8.3
1.1.2.9662.5.1.1
1.1.2.9689.57.5.10.1.2.1
1.1.2.9935.17.1.6
1.1.2.9959.5.1.2.16.25.9.16
1.1.2.9989.38.10.17.23.6.18.30
1.1.2.9995.5.1.1
1.1.2.9998.5.1.7
1.1.2.10320.17.2.10.2
1.1.2.10408.12.2.4.3
1.1.2.10428.44.4.4
1.1.2.10433.5.1
1.1.2.10544.15.3.5.17.12.4
1.1.2.10658.9.1.4.4
1.1.2.10689.5.1.3.1.4.4
1.1.2.10732.5.1.3
1.1.2.10743.15.2.9.1
1.1.2.10782.44.2.24.1.10
1.1.2.10825.16.1.6.5.7
1.1.2.10884.5.1.1.1
1.1.2.10923.11.1.4
1.1.2.10975.5.1.4.1.2.1
1.1.2.11007.5.1.2
1.1.2.11058.29.1.10
1.1.2.11082.8.2.8
1.1.2.11153.15.2.10
1.1.2.11298.17.2.8.5
1.1.2.11363.28
1.1.2.11536.5.1
1.1.2.11549.5.1.4.11
1.1.2.11554.8.2.10
1.1.2.11578.12
1.1.2.11633.5.1.3.5.28.1.28
1.1.2.11649.15.2.10.2.37.2.7.2
1.1.2.11650.5.1
1.1.2.11674.9.1.4.2
1.1.2.11738.5.1.2.1
1.1.2.11776.5.1.13.3.12
1.1.2.11926.5.1
1.1.2.11952.17.1.7.6
1.1.2.11969.5.1.2.8
1.1.2.12007.5.1
1.1.2.12014.21.3.7
1.1.2.12046.12.1.5
1.1.2.12117.15.2
1.1.2.12151.5.1.6
1.1.2.12168.13.2.8.3
1.1.2.12209.10.1.4
1.1.2.12268.9.1.5
1.1.2.12398.5.1.15.2
1.1.2.12415.9.1.45
1.1.2.12436.5.1.4.1.1.1.1
1.1.2.12452.5.1.9.9.12.2.2
1.1.2.12493.14
1.1.2.12568.40.2.17.1.10.4
1.1.2.12605.5.1.8.4.9
1.1.2.12632.5.1.2.3
1.1.2.12827.10.1.4.7.3
1.1.2.13041.19.1.9.4
1.1.2.13155.5.1.3.1.20.12
1.1.2.13170.30.1.19.11
1.1.2.13210.16.3.9.4
1.1.2.13276.9.1.8.4.1
1.1.2.13332.6
1.1.2.13362.13.2.4.23
1.1.2.13370.14.2.11
1.1.2.13421.17.2.9
1.1.2.13512.5.1.7.1.3.2
1.1.2.13733.5.1
1.1.2.13736.5.1
1.1.2.13738.5.1.4.17
1.1.2.13985.11.1.5
1.1.2.13990.5.1.6
1.1.2.13990.10.3.12.10
1.1.2.14087.25.1.19.5
1.1.2.14133.13.1.5
1.1.2.14181.21.1.9
1.1.2.14189.33.1.16.12
1.1.2.14235.8.1.9
1.1.2.14489.5.1
1.1.2.14491.17.1.17
1.1.2.14595.11.2.8.4
1.1.2.14618.24.1.4
1.1.2.14660.24.1.13
1.1.2.14667.12.1.4.5
1.1.2.14820.16
1.1.2.14870.19.1.6.1.3
1.1.2.14931.13.4
1.1.2.14942.14.3.8.1.2.1.6
1.1.2.14961.5.1.3.1
1.1.2.14980.5.1.5.2.5
1.1.2.15016.26.1.14.8.3
1.1.2.15043.5.1.1
1.1.2.15070.36.5.10.1.2.1
1.1.2.15224.5.1.1.1
1.1.3.15319.17.1.6
1.1.3.15343.5.1.2.16.25.9.16
1.1.3.15365.38.10.17.23.6.3.13
1.1.3.15371.5.1.1
1.1.3.15374.5.1.7
1.1.3.15682.27.1.11
1.1.3.15700.5.1.2.2.14.3
1.1.3.15790.12.2.4.3
1.1.3.15884.19.5.6.3
1.1.3.16025.9.1.4.4
1.1.3.16050.5.1
1.1.3.16088.29.3.12.12
1.1.3.16130.39.5.11
1.1.3.16170.25.2.29
1.1.3.16270.15.2.9
1.1.3.16275.8.2.9.3
1.1.3.16312.5.1.4.1.10.2
1.1.3.16344.5.1.2
1.1.3.16395.29.1.10
1.1.3.16419.8.2.8
1.1.3.16495.5.1.4
1.1.3.16587.24.1.15.4
1.1.3.16633.5.1.7.3
1.1.3.16797.5.1.13.14.17
1.1.3.16875.5.1.14.6
1.1.3.16908.13.2.6.3.15.3.42
1.1.3.16960.5.1.3.5.28.1.28
1.1.3.16976.14.4.19.2
1.1.3.16978.31.2.12.3
1.1.3.17111.22.2.13.9
1.1.3.17247.5.1
1.1.3.17269.5.1
1.1.3.17343.5.1
1.1.3.17350.21.3.7
1.1.3.17460.15.2
1.1.3.17494.5.1.6
1.1.3.17572.14
1.1.3.17665.37.3.8.9
1.1.3.17761.5.1.15.2
1.1.3.17796.5.1.4.1.1.1.1
1.1.3.17812.5.1.9.9.12.2.2
1.1.3.17875.40.2
1.1.3.17924.20.2.8.1.6.2
1.1.3.17961.5.1.8.4.9
1.1.3.17988.5.1.2.3
1.1.3.18204.5.1.2.3
1.1.3.18265.5.1.15.1.3.3
1.1.3.18376.5.1
1.1.3.18442.19.1.9.4
1.1.3.18519.5.1
1.1.3.18575.20.2.16.3
1.1.3.18578.5.1.3.10.16.1.4
1.1.3.18617.10.1.11.7
1.1.3.18673.9.1.14.5.17
1.1.3.18694.9.1.8
1.1.3.18780.13.2.4.23
1.1.3.18788.14.2.11
1.1.3.18839.17.2.9
1.1.3.18929.5.1.7.1.3.2
1.1.3.19104.9.3.8.16
1.1.3.19147.5.1
1.1.3.19150.5.1
1.1.3.19152.5.1.4.17
1.1.3.19172.5.1.3.4.9.4.11.44
1.1.3.19400.12.1.5.1
1.1.3.19443.5.1
1.1.3.19492.11.1.4
1.1.3.19521.11.1.10
1.1.3.19522.8.4.4
1.1.3.19620.21.1.9
1.1.3.19674.8.1.9
1.1.3.19823.13.2.8
1.1.3.19843.14.2.16.15.36
1.1.3.19846.5.1.24.20
1.1.3.20024.10.1.6.4
1.1.3.20051.3
1.1.3.20051.5.1.8
1.1.3.20091.24.1.13
1.1.3.20098.12.1.4.5
1.1.3.20216.5.1.5.1.1.1.1.24
1.1.3.20218.3
1.1.3.20251.9.1.5
1.1.3.20387.13.2.8.1.24
1.1.3.20398.5.1
1.1.3.20413.5.1.1.2.8.4.7
1.1.3.20464.15.3.11.13
1.1.3.20495.5.1.1
1.1.3.20715.5.1.9.4
1.1.3.20779.17.1.6
1.1.3.20803.5.1.2.16.25.9.16
1.1.3.20833.38.10.17.23.6.18.30
1.1.3.20839.5.1.1
1.1.3.20842.5.1.7
1.1.3.20916.9.2.10
1.1.3.20964.13.1.4
1.1.3.21050.15.3.4
1.1.3.21145.27.1.11
1.1.3.21163.17.2.10.2
1.1.3.21254.12.2.4.3
1.1.3.21385.15.3.5.17.12.4
1.1.3.21495.9.1.4.4
1.1.3.21526.5.1.3.1.4.4
1.1.3.21562.18.1.14.7
1.1.3.21604.16.5.11
1.1.3.21645.16.1.6.5.7
1.1.3.21667.5.1
1.1.3.21692.15.2.6.1.1.1
1.1.3.21724.19.3.5.4
1.1.3.21730.35.2
1.1.3.21743.15.2.9
1.1.3.21748.8.2.9.3
1.1.3.21785.5.1.4.1.10.2
1.1.3.21817.5.1.2
1.1.3.21868.29.1.10
1.1.3.21965.5.1.2
1.1.3.22006.5.1
1.1.3.22097.5.1.7.3
1.1.3.22274.5.1.13.14.27
1.1.3.22336.5.1
1.1.3.22349.5.1.4.11
1.1.3.22354.8.2.10
1.1.3.22378.9.2.8.12
1.1.3.22433.5.1.3.5.28.1.28
1.1.3.22449.14.4.19.2
1.1.3.22451.31.2.12.3
1.1.3.22564.11.1.4
1.1.3.22723.11.1.8
1.1.3.22865.21.3.7
1.1.3.22898.12.1.5
1.1.3.23006.26.2.6.1.24.3
1.1.3.23013.5.1.10
1.1.3.23069.10.1.4
1.1.3.23178.37.3.8.9
1.1.3.23274.5.1.15.2
1.1.3.23309.5.1.4.1.1.1.1
1.1.3.23326.5.1.9.9.12.2.2
1.1.3.23363.14
1.1.3.23381.15
1.1.3.23430.33.4.8
1.1.3.23473.30.2.12.8
1.1.3.23486.5.1.7.5.32.11
1.1.3.23695.10.1.4.7.3
1.1.3.23740.5.1
1.1.3.23861.5.1
1.1.3.23923.19.1.9.4
1.1.3.24000.5.1
1.1.3.24043.5.1.2.2.25
1.1.3.24057.13.2.8.7.9.3.16
1.1.3.24149.11.1.8.2.18
1.1.3.24254.5.1.4.1.18
1.1.3.24266.18.2.4.1
1.1.3.24284.5.1
1.1.3.24286.10.1.19
1.1.3.24303.5.1.9.1
1.1.3.24585.5.1.5.4.1
1.1.3.24626.5.1.20.11
1.1.3.24627.5.1.1.1.10.1.17
1.1.3.24653.5.1.3.4.9.4.11.30
1.1.3.24869.19.5.11.12.6.5.1
1.1.3.24869.19.5.11.12.8.1.6
1.1.3.24883.22.2.10.2
1.1.3.24971.66.1.20.5
1.1.3.25017.13.1.5
1.1.3.25069.21.1.9
1.1.3.25092.33.1.9
1.1.3.25123.5.1.1.1.6.6
1.1.3.25126.8.1.9
1.1.3.25277.13.2.8
1.1.3.25297.14.2.16.15.36
1.1.3.25300.5.1.24.20
1.1.3.25473.10.1.6.4
1.1.3.25500.3
1.1.3.25500.5.1.8
1.1.3.25540.24.1.13
1.1.3.25547.12.1.4.5
1.1.3.25670.5.1.5.1.1.1.1.17
1.1.3.25672.3
1.1.3.25705.9.1.5
1.1.3.25755.19.1.6.1.3
1.1.3.25781.5.1.4
1.1.3.25814.13.4
1.1.3.25825.14.3.8.1.2.1.6
1.1.3.25844.5.1.3.1
1.1.3.25893.26.1.14.8.3
1.1.3.25924.5.1.1
1.1.3.25951.57.5.10.1.2.1
1.1.3.26181.17.1.6
1.1.3.26205.5.1.2.16.25.9.16
1.1.3.26235.38.10.17.23.6.18.30
1.1.3.26241.5.1.1
1.1.3.26244.5.1.7
1.1.3.26556.27.1.11
1.1.3.26574.5.1.2.2.14.3
1.1.3.26664.12.2.4.3
1.1.3.26821.5.1.1.3.33.3
1.1.3.26905.26.2.19
1.1.3.26930.5.1
1.1.3.26965.29.3.12.12
1.1.3.27010.39.5.11
1.1.3.27050.16.1.6.5.7
1.1.3.27093.15.2.6.1.1.1
1.1.3.27126.19.3.5.7
1.1.3.27132.35.2
1.1.3.27145.15.2.9
1.1.3.27150.8.2.9.3
1.1.3.27189.5.1.4.1.2.1
1.1.3.27221.5.1.2
1.1.3.27382.14.2.18.2
1.1.3.27418.14.2.5.2.3.1
1.1.3.27423.5.1
1.1.3.27524.5.1.7.3
1.1.3.27773.5.1
1.1.3.27786.5.1.4.11
1.1.3.27791.8.2.10
1.1.3.27815.12
1.1.3.27890.5.1.1.1.6.2
1.1.3.27943.37.1.7.4.6.1.42
1.1.3.27952.5.1.1.1
1.1.3.28024.22.2.13.9
1.1.3.28136.5.1.2.1.2.7
1.1.3.28152.11.1.8
1.1.3.28275.5.1
1.1.3.28282.21.3.7
1.1.3.28315.12.1.5
1.1.3.28396.15.2
1.1.3.28430.5.1.6
1.1.3.28444.13.2.8.3
1.1.4.188.5.1.15.2
1.1.4.223.5.1.4.1.1.1.1
1.1.4.240.5.1.9.9.12.2.2
1.1.4.280.14
1.1.4.418.5.1.2.3
1.1.4.586.28.2.18.17
1.1.4.620.10.1.4.7.3
1.1.4.642.17.2.15
1.1.4.724.14.2
1.1.4.836.19.1.9.4
1.1.4.956.5.1.2.2.25
1.1.4.970.13.2.8.7.9.3.16
1.1.4.1064.9.1.8.4.1
1.1.4.1157.5.1
1.1.4.1168.5.1.4.1.18
1.1.4.1180.18.2.4.1
1.1.4.1196.25.2.16.10.8.5
1.1.4.1521.9.1.8.9
1.1.4.1545.12.1.9
1.1.4.1568.5.1.20.11
1.1.4.1569.5.1.1.1.10.1.17
1.1.4.1595.5.1.3.4.9.4.11.3
1.1.4.1821.5.1.2.1.2
1.1.4.1848.9.1.15
1.1.4.1918.66.1.20.5
1.1.4.1964.13.1.5
1.1.4.2015.21.1.9
1.1.4.2040.33.1.9
1.1.4.2071.5.1.1.1.6.6
1.1.4.2074.8.1.9
1.1.4.2215.13.2.8
1.1.4.2234.22.2.26.12.18.1
1.1.4.2236.5.1.2
1.1.4.2415.11.2.8.4
1.1.4.2438.24.1.4
1.1.4.2491.8.2.11.8
1.1.4.2665.16
1.1.4.2722.5.1.2
1.1.4.2729.31
1.1.4.2799.13.2.8.1.24
1.1.4.2810.5.1
1.1.4.2825.5.1.1.2.8.4.7
1.1.4.2876.15.3.11.13
1.1.4.2908.5.1.1
1.1.4.2935.36.5.10.1.2.1
1.1.4.3112.13.1.27
1.1.4.3180.22.2.5.3.5.3
1.1.4.3182.5.1.1.2.4.7
1.1.4.3183.5.1
1.1.4.3200.38.10.17.23.6.3.13
1.1.4.3206.5.1.1
1.1.4.3209.5.1.7
1.1.4.3509.27.1.11
1.1.4.3527.5.1.2.2.14.3
1.1.4.3557.10.2.8
1.1.4.3560.35.2.15.8.11.4
1.1.4.3654.13.1.5
1.1.4.3660.5.1
1.1.4.3669.5.1.1.1.6.4.9
1.1.4.3763.36.2.11.10.6
1.1.4.3873.9.1.22.3
1.1.4.3903.5.1
1.1.4.3945.22.1.21.8
1.1.4.3956.15.2.9.1
1.1.4.3989.39.5.11
1.1.4.4027.16.1.6.5.7
1.1.4.4086.5.1.1.1
1.1.4.4109.19.3.5.4
1.1.4.4115.35.2
1.1.4.4128.15.2.9
1.1.4.4133.8.2.9.3
1.1.4.4170.5.1.4.1.10.2
1.1.4.4202.5.1.2
1.1.4.4253.29.1.10
1.1.4.4352.5.1.2
1.1.4.4388.14.2.5.2.3.1
1.1.4.4393.5.1
1.1.4.4497.5.1.4.1.1
1.1.4.4500.14.3.6.5
1.1.4.4520.5.1.1.4.7.1
1.1.4.4584.28
1.1.4.4686.5.1.13.14.27
1.1.4.4755.5.1.4.11
1.1.4.4760.8.2.10
1.1.4.4784.9.2.8.12
1.1.4.4839.5.1.3.5.28.1.28
1.1.4.4855.14.4.19.2
1.1.4.4857.31.2.12.3
1.1.4.4937.5.1.2.1
1.1.4.4965.14.2.7
1.1.4.5095.5.1.2.1.2.7
1.1.4.5111.11.1.8
1.1.4.5227.5.1
1.1.4.5234.21.3.7
1.1.4.5388.5.1.1.1.6
1.1.4.5404.13.2.8.3
1.1.4.5445.10.1.4
1.1.4.5512.9.1.5
1.1.4.5640.5.1.15.2
1.1.4.5672.5.1.9.4
1.1.4.5703.10.1.4.7
1.1.4.5753.14
1.1.4.5871.5.1.8.4.9
1.1.4.5898.5.1.2.3
1.1.4.6089.5.1.2.3
1.1.4.6192.14.2
1.1.4.6297.12
1.1.4.6405.5.1.3.1.20.12
1.1.4.6420.30.1.19.11
1.1.4.6523.5.1.6.18.6.6
1.1.4.6541.5.1
1.1.4.6623.5.1.4.1.18
1.1.4.6635.18.2.4.1
1.1.4.6651.25.2.16.10.8.5
1.1.4.6774.18.3
1.1.4.6835.5.1.2.2.10
1.1.4.6965.13.3.12.4
1.1.4.7006.5.1.20.11
1.1.4.7007.5.1.1.1.10.1.17
1.1.4.7264.19.5.11.12.6.4.28
1.1.4.7264.19.5.11.12.8.1.6
1.1.4.7286.9.1.15
1.1.4.7324.11.1.4
1.1.4.7346.37.1.20.5
1.1.4.7392.13.1.5
1.1.4.7446.21.1.9
1.1.4.7460.16
1.1.4.7493.5.1.1.1.6.6
1.1.4.7496.8.1.9
1.1.4.7604.5.1
1.1.4.7819.5.1.1.1.2.1.10
1.1.4.7829.5.1
1.1.4.7843.3
1.1.4.7843.5.1.7
1.1.4.7883.24.1.13
1.1.4.7890.12.1.4.5
1.1.4.8018.5.1.1.1
1.1.4.8094.33.2.6.1
1.1.4.8118.5.1.1
1.1.4.8180.13.4
1.1.4.8191.14.3.8.1.2.1.6
1.1.4.8210.5.1.3.1
1.1.4.8260.26.1.14.8.3
1.1.4.8287.5.1.1
1.1.4.8314.57.5.10.1.2.1
1.1.4.8336.14.1
1.1.4.8473.5.1.3.1
1.1.4.8521.5.1.9.4
1.1.4.8589.22.2.5.3.5.3
1.1.4.8591.5.1.1.2.4.7
1.1.4.8592.5.1
1.1.4.8609.38.10.17.23.6.3.13
1.1.4.8615.5.1.1
1.1.4.8618.5.1.7
1.1.4.8747.13.1.4
1.1.4.8795.22.1.9.3.1
1.1.4.8821.15.3.4
1.1.4.8916.27.1.11
1.1.4.8934.17.2.10.2
1.1.4.9029.12.2.4.3
1.1.4.9049.44.4.4
1.1.4.9054.5.1
1.1.4.9201.5.1.1.3.33.3
1.1.4.9282.9.1.4.4
1.1.4.9313.5.1.3.1.4.4
1.1.4.9349.22.1.21.8
1.1.4.9360.15.2.9.1
1.1.4.9396.44.2.24.1.24
1.1.4.9436.16.1.6.5.7
1.1.4.9458.5.1
1.1.4.9485.15.2.6.1.1.1
1.1.4.9517.19.3.5.7
1.1.4.9523.35.2
1.1.4.9536.15.2.9
1.1.4.9541.8.2.9.3
1.1.4.9606.5.1.4.1.6
1.1.4.9676.8.2.8
1.1.4.9751.14.2.18.2
1.1.4.9792.5.1
1.1.4.9882.5.1.4.1.1
1.1.4.9885.14.3.6.5
1.1.4.10111.5.1
1.1.4.10154.13.2.6.3.15.3.33
1.1.4.10206.5.1.3.5.28.1.28
1.1.4.10222.14.4.19.2
1.1.4.10224.31.2.12.3
1.1.4.10305.5.1.2.1
1.1.4.10586.21.3.7
1.1.4.10624.12.1.5
1.1.4.10700.15.2
1.1.4.10746.8.1.4.2
1.1.4.10790.10.1.4
1.1.4.10836.5.1.4.4
1.1.4.10856.9.1.5
1.1.4.10886.15.1.14.6
1.1.4.10901.5.1.6.1.4.2.25
1.1.4.10993.5.1.15.2
1.1.4.11011.9.1.65
1.1.4.11032.5.1.4.1.1.1.1
1.1.4.11049.5.1.9.9.12.2.2
1.1.4.11115.40.2
1.1.4.11210.10.1.4.29
1.1.4.11244.5.1.2.3
1.1.4.11445.5.1.2.3
1.1.4.11491.5.1
1.1.4.11557.14.2
1.1.4.11608.5.1
1.1.4.11674.19.1.9.4
1.1.4.11751.5.1
1.1.4.11794.5.1.2.2.25
1.1.4.11808.13.2.8.7.9.3.16
1.1.4.11896.9.1.8.4.1
1.1.4.11992.5.1
1.1.4.12001.5.1.4.4.9.8.15
1.1.4.12006.18.2.4.1
1.1.4.12024.5.1
1.1.4.12026.10.1.19
1.1.4.12043.5.1.9.1
1.1.4.12329.19.2.13.2.2.1.3
1.1.4.12349.12.1.9
1.1.4.12372.5.1.20.11
1.1.4.12373.5.1.1.1.10.1.17
1.1.4.12399.5.1.3.4.9.4.11.3
1.1.4.12622.12.1.5.1
1.1.4.12654.9.1.15
1.1.4.12724.66.1.20.5
1.1.4.12770.13.1.5
1.1.4.12821.21.1.9
1.1.4.12829.33.1.16.13
1.1.4.12837.16
1.1.4.12870.5.1.1.1.6.6
1.1.4.12873.8.1.9
1.1.4.13016.13.2.8
1.1.4.13036.14.2.16.15.36
1.1.4.13039.5.1.24.20
1.1.4.13072.23.1.10
1.1.4.13131.3
1.1.4.13202.10.1.6.4
1.1.4.13229.3
1.1.4.13229.5.1.8
1.1.4.13269.24.1.13
1.1.4.13276.12.1.4.5
1.1.4.13441.33.2.6.1
1.1.4.13464.19.1.6.1.3
1.1.4.13547.13.2.8.1.24
1.1.4.13558.5.1
1.1.4.13573.5.1.1.2.8.4.7
1.1.4.13624.15.3.11.13
1.1.4.13656.5.1.1
1.1.4.13852.5.1.1.1
1.1.4.13945.17.1.6
1.1.4.13969.5.1.2.16.25.9.16
1.1.4.13991.38.10.17.23.6.3.13
1.1.4.13997.5.1.1
1.1.4.14000.5.1.7
1.1.4.14294.27.1.11
1.1.4.14312.5.1.2.2.14.3
1.1.4.14342.10.2.8
1.1.4.14345.35.2.15.8.11.4
1.1.4.14530.36.2.11.9.16
1.1.4.14592.5.1.1.3.7
1.1.4.14656.26.2.19
1.1.4.14685.5.1
1.1.4.14724.29.3.12.12
1.1.4.14766.39.5.11
1.1.4.14797.15.2
1.1.4.14814.16.1.6.5.7
1.1.4.14873.5.1.1.1
1.1.4.14919.15.2.9
1.1.4.14924.8.2.9.3
1.1.4.14963.5.1.4.1.2.1
1.1.4.14995.5.1.2
1.1.4.15046.29.1.10
1.1.4.15070.8.2.8
1.1.4.15141.15.2.10
1.1.4.15266.5.1.7.3
1.1.4.15299.27.1.12.13.11.1
1.1.4.15331.46
1.1.4.15435.5.1.13.14.27
1.1.4.15498.5.1
1.1.4.15511.5.1.4.11
1.1.4.15516.8.2.10
1.1.4.15540.12
1.1.4.15595.5.1.3.5.28.1.28
1.1.4.15611.14.4.19.2
1.1.4.15613.31.2.12.3
1.1.4.15674.9.1.8.3
1.1.4.15734.11.1.4
1.1.4.15910.5.1
1.1.4.15987.5.1
1.1.4.15994.21.3.7
1.1.4.16012.10.2.12.7.10
1.1.4.16025.15.3.25.8.12.1.3
1.1.4.16028.10.1.55
1.1.4.16097.5.1
1.1.4.16130.5.1.6
1.1.4.16281.5.1.2.2.19.4.31
1.1.4.16367.5.1.15.2
1.1.4.16384.9.1.45
1.1.4.16405.5.1.4.1.1.1.1
1.1.4.16421.5.1.9.9.12.2.2
1.1.4.16469.5.1.11.4.3.1.14.5
1.1.4.16484.40.2
1.1.4.16535.40.2.17.1.10.3
1.1.4.16576.5.1.8.4.9
1.1.4.16603.5.1.2.3
1.1.4.16803.5.1.2.3
1.1.4.16850.5.1
1.1.4.16912.14.2
1.1.4.17018.12
1.1.4.17126.5.1.3.1.20.12
1.1.4.17141.30.1.19.11
1.1.4.17183.10.1.11.7
1.1.4.17245.9.1.8.4.1
1.1.4.17336.5.1
1.1.4.17345.5.1.4.4.9.8.15
1.1.4.17350.18.2.4.1
1.1.4.17366.25.2.16.10.8.5
1.1.4.17506.5.1.7.1.3.2
1.1.4.17552.5.1.11
1.1.4.17690.16.2.5
1.1.4.17730.5.1
1.1.4.17733.5.1
1.1.4.17735.5.1.4.17
1.1.4.17755.5.1.3.4.9.4.11.31
1.1.4.17983.19.5.11.12.6.3.44
1.1.4.17983.19.5.11.12.8.1.6
1.1.4.17997.22.2.10.2
1.1.4.18085.66.1.20.5
1.1.4.18131.13.1.5
1.1.4.18183.21.1.9
1.1.4.18237.8.1.9
1.1.4.18382.13.2.8
1.1.4.18402.14.2.16.15.36
1.1.4.18405.5.1.24.20
1.1.4.18567.10.1.6.4
1.1.4.18594.3
1.1.4.18594.5.1.8
1.1.4.18645.8.2.11.8
1.1.4.18830.33.2.6.1
1.1.4.18853.19.1.6.1.3
1.1.4.18879.5.1.4
1.1.4.18910.13.4
1.1.4.18921.14.3.8.1.2.1.6
1.1.4.18940.5.1.3.1
1.1.4.18995.15.3.11.13
1.1.4.19055.57.5.10.1.2.1
1.1.4.19070.5.1
1.1.4.19075.14.2.11.14.42.1.2
1.1.4.19297.17.1.6
1.1.4.19321.5.1.2.16.25.9.16
1.1.4.19343.38.10.17.23.6.3.13
1.1.4.19349.5.1.1
1.1.4.19352.5.1.7
1.1.4.19431.9.2.10
1.1.4.19663.5.1.2.2.14.2
1.1.4.19693.10.2.8
1.1.4.19696.35.2.15.8.11.4
1.1.4.19807.10.1.6.11
1.1.4.19872.19.5.6.3
1.1.4.19935.14.4
1.1.4.19960.5.1.1.3.30
1.1.4.20018.9.1.4.4
1.1.4.20049.5.1.3.1.4.4
1.1.4.20087.29.3.12.12
1.1.4.20137.16.5.11
1.1.4.20181.16.1.6.5.7
1.1.4.20226.22.1.34
1.1.4.20260.35.2
1.1.4.20273.15.2.9
1.1.4.20278.8.2.9.3
1.1.4.20315.5.1.4.1.10.2
1.1.4.20347.5.1.2
1.1.4.20398.29.1.10
1.1.4.20500.5.1.2
1.1.4.20642.5.1.7.3
1.1.4.20675.27.1.12.13.11.1
1.1.4.20698.13.2.8
1.1.4.20711.28
1.1.4.20873.5.1
1.1.4.20886.5.1.4.11
1.1.4.20919.9.2.11.10
1.1.4.20973.5.1.3.5.28.1.28
1.1.4.20989.14.4.19.2
1.1.4.20991.31.2.12.3
1.1.4.21090.5.1.2.1
1.1.4.21264.11.1.8
1.1.4.21397.21.3.7
1.1.4.21415.10.2.12.7.10
1.1.4.21428.15.3.25.8.12.1.3
1.1.4.21431.10.1.55
1.1.4.21499.15.2
1.1.4.21533.5.1.6
1.1.4.21658.9.1.5
1.1.4.21700.5.1.16.2.6
1.1.4.21702.3
1.1.4.21778.5.1.15.2
1.1.4.21810.5.1.9.4
1.1.4.21841.10.1.4.7
1.1.4.21891.14
1.1.4.21973.40.2.17.1.10.4
1.1.4.22010.5.1.8.4.9
1.1.4.22037.5.1.2.3
1.1.4.22241.5.1.10.6
1.1.4.22351.5.1
1.1.4.22357.5.1.3.1
1.1.4.22408.5.1
1.1.4.22474.19.1.9.4
1.1.4.22584.5.1.3.1.20.12
1.1.4.22599.30.1.19.11
1.1.4.22639.16.3.9.4
1.1.4.22701.9.1.8.4.1
1.1.4.22809.5.1.4.4.9.7.15
1.1.4.22814.18.2.4.1
1.1.4.22830.25.2.16.10.8.5
1.1.4.23014.29.3.7.1.12.3.35
1.1.4.23149.9.3.8.16
1.1.4.23187.5.1.20.11
1.1.4.23188.5.1.1.1.10.1.17
1.1.4.23214.5.1.3.4.9.4.11.38
1.1.4.23428.5.1.2.1.2
1.1.4.23455.9.1.15
1.1.4.23527.5.1.2.2.22.6.10
1.1.4.23533.11.1.10
1.1.4.23534.8.4.4
1.1.4.23560.8.1.4.1
1.1.4.23627.21.1.9
1.1.4.23681.8.1.9
1.1.4.23822.13.2.8
1.1.4.23842.14.2.16.15.36
1.1.4.23845.5.1.24.20
1.1.4.23878.23.1.10
1.1.4.23934.3
1.1.4.24005.5.1.1.1.2.1.10
1.1.4.24015.5.1
1.1.4.24029.3
1.1.4.24029.5.1.7
1.1.4.24069.24.1.13
1.1.4.24076.12.1.4.5
1.1.4.24194.5.1.5.1.1.1.1.33
1.1.4.24196.3
1.1.4.24229.9.1.5
1.1.4.24280.5.1.1
1.1.4.24355.13.2.8.1.47
1.1.4.24366.5.1
1.1.4.24428.15.3.11.13
1.1.4.24464.5.1.1
1.1.4.24491.57.5.10.1.2.1
1.1.4.24633.5.1.3.1
1.1.4.24751.17.1.6
1.1.4.24775.5.1.2.16.25.9.16
1.1.4.24805.38.10.17.23.6.18.30
1.1.4.24811.5.1.1
1.1.4.24814.5.1.7
1.1.4.24945.13.1.4
1.1.4.25117.27.1.11
1.1.4.25135.17.2.10.2
1.1.4.25230.12.2.4.3
1.1.4.25268.5.1.1.6.23
1.1.4.25469.9.1.4.4
1.1.4.25500.5.1.3.1.4.4
1.1.4.25538.29.3.12.12
1.1.4.25584.5.1.7.2.24
1.1.4.25628.14.3.5.2
1.1.4.25630.8.2.11
1.1.4.25678.5.1.10.5
1.1.4.25713.11.1.4
1.1.4.25797.14.3.15.1.2
1.1.4.25852.29.1.10
1.1.4.25948.15.2.10
1.1.4.25985.27.3.15.5
1.1.4.26099.5.1.7.3
1.1.4.26132.27.1.12.13.11.1
1.1.4.26169.28
1.1.4.26236.34.1.22
1.1.4.26371.8.2.10
1.1.4.26393.14.3.21.17.9.2
1.1.4.26451.5.1.3.5.28.1.28
1.1.4.26467.14.4.19.2
1.1.4.26469.31.2.12.3
1.1.4.26532.10.5.4.2
1.1.4.26614.22.2.13.9
1.1.4.26727.5.1.2.1.2.7
1.1.4.26743.11.1.8
1.1.4.26798.17.1.7.6
1.1.4.26815.5.1.2.8
1.1.4.26819.5.1.19.2
1.1.4.26855.5.1
1.1.4.26862.21.3.7
1.1.4.27011.5.1.6
1.1.4.27028.13.2.8.3
1.1.4.27139.9.1.5
1.1.4.27180.37.3.8.9
1.1.4.27276.5.1.15.2
1.1.4.27305.5.1.9.4
1.1.4.27336.10.1.4.7
1.1.4.27385.26.2.4.6
1.1.4.27469.40.2.17.1.10.4
1.1.4.27506.5.1.8.4.9
1.1.4.27533.5.1.2.3
1.1.4.27740.5.1.2.3
1.1.4.27787.5.1
1.1.4.27966.12
1.1.4.28072.5.1.3.1.20.12
1.1.4.28087.30.1.19.11
1.1.4.28129.10.1.11.7
1.1.4.28191.9.1.8.4.1
1.1.4.28217.12
1.1.4.28276.5.1.2.2.21.5.23
1.1.4.28281.18.2.4.1
1.1.4.28297.25.2.16.10.8.5
1.1.4.28443.5.1.7.1.3.2
1.1.4.28616.9.3.8.16
1.1.4.28656.5.1.20.11
1.1.4.28657.5.1.1.1.10.1.17
1.1.4.28683.5.1.3.4.9.4.11.22
1.1.4.28904.19.5.11.12.6.2.6
1.1.4.28904.19.5.11.12.8.1.6
1.1.4.28936.5.1
1.1.4.28999.37.1.20.5
1.1.4.29027.37.3.12.3
1.1.4.29091.21.1.9
1.1.4.29119.33.1.9
1.1.4.29150.5.1.1.1.6.6
1.1.4.29153.8.1.9
1.1.4.29261.5.1
1.1.4.29494.10.1.6.4
1.1.4.29521.3
1.1.4.29521.5.1.8
1.1.4.29561.24.1.13
1.1.4.29568.12.1.4.5
1.1.4.29743.33.2.6.1
1.1.4.29773.5.1.2
1.1.4.29780.31
1.1.4.29798.5.1.4
1.1.4.29832.13.4
1.1.4.29843.14.3.8.1.2.1.6
1.1.4.29862.5.1.3.1
1.1.4.29912.26.1.14.8.3
1.1.4.29944.5.1.1
1.1.4.30138.5.1.1.1
1.1.4.30169.5.1
1.1.4.30235.17.1.6
1.1.4.30259.5.1.2.16.25.9.16
1.1.4.30281.38.10.17.23.6.3.13
1.1.4.30287.5.1.1
1.1.4.30290.5.1.7
1.1.4.30606.17.2.10.2
1.1.4.30723.13.1.5
1.1.4.30729.5.1
1.1.4.30738.5.1.1.1.6.4.9
1.1.4.30961.26.2.19
1.1.4.30986.5.1
1.1.4.31024.29.3.12.12
1.1.4.31066.39.5.11
1.1.4.31118.16.1.6.5.7
1.1.4.31219.15.2.9
1.1.4.31224.8.2.9.3
1.1.4.31261.5.1.4.1.10.2
1.1.4.31293.5.1.2
1.1.4.31344.29.1.10
1.1.4.31368.8.2.8
1.1.4.31437.5.1.4
1.1.4.31562.5.1.7.3
1.1.4.31595.27.1.12.13.11.1
1.1.4.31627.46
1.1.4.31796.5.1
1.1.4.31809.5.1.4.11
1.1.4.31814.8.2.10
1.1.4.31838.12
1.1.4.31893.5.1.3.5.28.1.28
1.1.4.31909.14.4.19.2
1.1.4.31911.31.2.12.3
1.1.4.32186.11.1.8
1.1.4.32293.5.1
1.1.4.32300.21.3.7
1.1.4.32339.12.1.5
1.1.4.32403.15.2
1.1.4.32429.26.2.6.1.8.3
1.1.4.32436.5.1.10
1.1.4.32492.10.1.4
1.1.4.32510.14
1.1.4.32565.9.1.5
1.1.4.32607.33.1.33.34
1.1.4.32686.5.1.15.2
1.1.4.32735.5.1.9.9.12.2.2
1.1.4.32783.5.1.11.4.3.1.14.78
1.1.4.32850.13.2.11.1.9.1
1.1.4.32879.5.1.3.1.2.1.14
1.1.4.32888.14.2.37.12.21.3
1.1.4.32909.5.1.2.3
1.1.4.33125.5.1.2.3
1.1.4.33232.14.2
1.1.4.33284.5.1
1.1.4.33436.5.1
1.1.4.33479.5.1.2.2.25
1.1.4.33493.13.2.8.7.9.3.16
1.1.4.33580.5.1.6.18.17.4
1.1.4.33601.12
1.1.4.33661.5.1
1.1.4.33674.5.1.4.1.8
1.1.4.33686.18.2.4.1
1.1.4.33702.25.2.16.10.8.5
1.1.4.33839.5.1.7.1.3.2
1.1.4.33883.5.1.2.2.9
1.1.4.34021.9.1.8.9
1.1.4.34065.5.1.20.11
1.1.4.34066.5.1.1.1.10.1.17
1.1.4.34092.5.1.3.4.9.4.11.79
1.1.4.34318.19.5.11.12.6.5.1
1.1.4.34318.19.5.11.12.8.1.6
1.1.4.34332.22.2.10.2
1.1.4.34394.11.1.4
1.1.4.34447.37.3.12.3
1.1.4.34521.21.1.9
1.1.4.34573.8.1.9
1.1.4.34714.13.2.8
1.1.4.34734.14.2.16.15.36
1.1.4.34737.5.1.24.20
1.1.4.34821.5.1
1.1.4.34823.17.1.17
1.1.4.34927.5.1.16.6
1.1.4.34934.5.1.8.5.15
1.1.4.34945.24.1.4
1.1.4.34987.24.1.13
1.1.4.34994.12.1.4.5
1.1.4.35111.5.1.5.1.1.1.1.76
1.1.4.35113.3
1.1.4.35147.9.1.7
1.1.4.35197.19.1.6.1.3
1.1.4.35279.13.2.8.1.24
1.1.4.35290.5.1
1.1.4.35305.5.1.1.2.8.4.7
1.1.4.35359.11.2.4.7.41
1.1.4.35579.5.1.1.1
1.1.4.35609.13.1.27
1.1.4.35662.17.1.6
1.1.4.35686.5.1.2.16.25.9.16
1.1.4.35716.38.10.17.23.6.18.30
1.1.4.35722.5.1.1
1.1.4.35725.5.1.7
1.1.5.36044.27.1.11
1.1.5.36062.17.2.10.2
1.1.5.36152.12.2.4.3
1.1.5.36172.44.4.4
1.1.5.36177.5.1
1.1.5.36410.9.1.4.4
1.1.5.36441.5.1.3.1.4.4
1.1.5.36479.5.1.1.1.11
1.1.5.36485.15.2.9.1
1.1.5.36521.44.2.24.1.24
1.1.5.36561.16.1.6.5.7
1.1.5.36662.15.2.9
1.1.5.36667.8.2.9.3
1.1.5.36704.5.1.4.1.10.2
1.1.5.36736.5.1.2
1.1.5.36787.29.1.10
1.1.5.36886.5.1.2
1.1.5.36922.14.2.5.2.3.1
1.1.5.36927.5.1
1.1.5.37039.5.1.7.3
1.1.5.37072.27.1.12.13.11.1
1.1.5.37109.28
1.1.5.37286.5.1
1.1.5.37299.5.1.4.11
1.1.5.37304.8.2.10
1.1.5.37328.12
1.1.5.37403.5.1.1.1.6.2
1.1.5.37463.10.2.8.4
1.1.5.37500.5.1.2.1
1.1.5.37538.5.1.13.3.12
1.1.5.37775.5.1.9.3.7
1.1.5.37939.8.1.4.2
1.1.5.37980.10.1.4
1.1.5.38051.9.1.5
1.1.5.38092.37.3.8.9
1.1.5.38181.5.1.15.2
1.1.5.38199.9.1.65
1.1.5.38220.5.1.4.1.1.1.1
1.1.5.38236.5.1.9.9.12.2.2
1.1.5.38353.40.2.17.1.10.3
1.1.5.38390.5.1.8.4.9
1.1.5.38417.5.1.2.3
1.1.5.38599.15.2
1.1.5.38604.5.1.5.1.2.1
1.1.5.38619.17.2.15
1.1.5.38831.19.1.9.4
1.1.5.38964.20.2.16.3
1.1.5.38967.5.1.3.10.16.1.4
1.1.5.39061.9.1.14.5.17
1.1.5.39084.5.1
1.1.5.39159.5.1.4.4.9.6.9
1.1.5.39164.18.2.4.1
1.1.5.39180.25.2.16.10.8.5
1.1.5.39312.5.1.7.1.3.2
1.1.5.39361.5.1.11
1.1.5.39498.9.1.8.9
1.1.5.39542.5.1.20.11
1.1.5.39543.5.1.1.1.10.1.17
1.1.5.39786.19.5.11.12.6.4.38
1.1.5.39786.19.5.11.12.8.1.6
1.1.5.39818.5.1
1.1.5.39883.37.1.20.5
1.1.5.39981.21.1.9
1.1.5.40006.33.1.9
1.1.5.40038.9.1.33
1.1.5.40042.8.1.9
1.1.5.40187.13.2.8
1.1.5.40207.14.2.16.15.36
1.1.5.40210.5.1.24.20
1.1.5.40297.3
1.1.5.40360.5.1.16.6
1.1.5.40367.5.1.8.5.15
1.1.5.40378.24.1.4
1.1.5.40420.24.1.13
1.1.5.40427.12.1.4.5
1.1.5.40517.5.1
1.1.5.40592.16
1.1.5.40642.19.1.6.1.3
1.1.5.40668.5.1.4
1.1.5.40698.13.4
1.1.5.40709.14.3.8.1.2.1.6
1.1.5.40728.5.1.3.1
1.1.5.40777.26.1.14.8.3
1.1.5.40804.5.1.1
1.1.5.40831.36.5.10.1.2.1
1.1.5.41021.5.1.9.4
1.1.5.41092.22.2.5.3.5.3
1.1.5.41094.5.1.1.2.4.7
1.1.5.41095.5.1
1.1.5.41112.38.10.17.23.6.3.13
1.1.5.41118.5.1.1
1.1.5.41121.5.1.7
1.1.5.41314.5.1.3
1.1.5.41408.27.1.11
1.1.5.41426.5.1.2.2.14.3
1.1.5.41540.13.1.5
1.1.5.41546.5.1
1.1.5.41555.5.1.1.1.6.4.9
1.1.5.41613.19.5.6.3
1.1.5.41765.9.1.22.3
1.1.5.41778.17.1.4
1.1.5.41828.29.3.12.12
1.1.5.41873.39.5.11
1.1.5.41910.25.2.29
1.1.5.41960.5.1.1.1
1.1.5.42006.15.2.9
1.1.5.42011.8.2.9.3
1.1.5.42076.5.1.4.1.6
1.1.5.42145.8.2.8
1.1.5.42220.22.6.6
1.1.5.42347.5.1.7.3
1.1.5.42474.34.1.22
1.1.5.42596.5.1.4.11
1.1.5.42601.8.2.10
1.1.5.42625.12
1.1.5.42680.5.1.3.5.28.1.28
1.1.5.42696.14.4.19.2
1.1.5.42698.31.2.12.3
1.1.5.42771.10.5.4.2
1.1.5.42850.22.2.13.9
1.1.5.42976.15.1.5
1.1.5.42999.5.1
1.1.5.43103.21.3.7
1.1.5.43121.10.2.12.7.10
1.1.5.43135.5.1.1.1.11
1.1.5.43140.17.4
1.1.5.43204.15.2
1.1.5.43250.8.1.4.2
1.1.5.43360.9.1.5
1.1.5.43489.5.1.15.2
1.1.5.43538.5.1.9.9.12.2.2
1.1.5.43706.10.1.4.29
1.1.5.43720.6
1.1.5.43948.5.1.2.3
1.1.5.44183.12
1.1.5.44291.5.1.3.1.20.12
1.1.5.44306.30.1.19.11
1.1.5.44346.16.3.9.4
1.1.5.44408.5.1.6.18.6.9
1.1.5.44426.5.1
1.1.5.44508.5.1.4.4.9.7.15
1.1.5.44513.18.2.4.1
1.1.5.44531.5.1
1.1.5.44533.10.1.19
1.1.5.44550.5.1.9.1
1.1.5.44658.5.1.7.1.3.2
1.1.5.44811.9.1.8.9
1.1.5.44850.5.1
1.1.5.44853.5.1
1.1.5.44855.5.1.4.17
1.1.5.44875.5.1.3.4.9.4.11.18
1.1.5.45099.5.1.2.1.2
1.1.5.45117.22.2.10.2
1.1.5.45250.13.1.5
1.1.5.45301.21.1.9
1.1.5.45351.5.1.1.1.6.6
1.1.5.45354.8.1.9
1.1.5.45500.13.2.8
1.1.5.45520.14.2.16.15.36
1.1.5.45523.5.1.24.20
1.1.5.45689.10.1.6.4
1.1.5.45716.3
1.1.5.45716.5.1.8
1.1.5.45756.24.1.13
1.1.5.45763.12.1.4.5
1.1.5.45879.5.1.5.1.1.1.1.25
1.1.5.45881.3
1.1.5.45930.5.1.1
1.1.5.45955.5.1
1.1.5.45964.30.1.4.2
1.1.5.45988.5.1.4
1.1.5.46018.13.4
1.1.5.46029.14.3.8.1.2.1.6
1.1.5.46048.5.1.3.1
1.1.5.46098.26.1.14.8.3
1.1.5.46125.5.1.1
1.1.5.46152.57.5.10.1.2.1
1.1.5.46327.5.1
1.1.5.46393.17.1.6
1.1.5.46417.5.1.2.16.25.9.16
1.1.5.46447.38.10.17.23.6.18.30
1.1.5.46453.5.1.1
1.1.5.46456.5.1.7
1.1.5.46749.5.1.2.2.14.2
1.1.5.46839.12.2.4.3
1.1.5.46876.10.1.6.11
1.1.5.46944.19.5.6.3
1.1.5.47099.9.1.11.3
1.1.5.47112.17.1.4
1.1.5.47121.5.1
1.1.5.47162.22.1.21.8
1.1.5.47173.15.2.9.1
1.1.5.47209.44.2.24.1.24
1.1.5.47250.14.3.5.2
1.1.5.47252.8.2.11
1.1.5.47274.5.1
1.1.5.47301.15.2.6.1.1.1
1.1.5.47351.15.2.9
1.1.5.47356.8.2.9.3
1.1.5.47393.5.1.4.1.10.2
1.1.5.47425.5.1.2
1.1.5.47476.29.1.10
1.1.5.47576.14.2.18.2
1.1.5.47707.5.1.7.3
1.1.5.47740.27.1.12.13.11.1
1.1.5.47777.28
1.1.5.47824.18.2.13.1.23.1
1.1.5.47954.5.1
1.1.5.47967.5.1.4.11
1.1.5.47972.8.2.10
1.1.5.47996.12
1.1.5.48051.5.1.3.5.28.1.28
1.1.5.48067.14.4.19.2
1.1.5.48069.31.2.12.3
1.1.5.48162.11.1.4
1.1.5.48305.11.1.8
1.1.5.48431.5.1
1.1.5.48438.21.3.7
1.1.5.48541.15.2
1.1.5.48573.5.1.10
1.1.5.48629.10.1.4
1.1.5.48700.9.1.5
1.1.5.48730.15.1.14.6
1.1.5.48834.5.1.15.2
1.1.5.48866.5.1.9.4
1.1.5.48897.10.1.4.7
1.1.5.48947.14
1.1.5.49018.40.2.17.1.10.3
1.1.5.49058.10.1.4.10
1.1.5.49091.5.1.2.3
1.1.5.49282.15.2
1.1.5.49287.5.1.5.1.2.1
1.1.5.49399.9.1.14
1.1.5.49521.12
1.1.5.49629.5.1.3.1.20.12
1.1.5.49644.30.1.19.11
1.1.5.49743.9.1.8.4.1
1.1.5.49764.9.1.8
1.1.5.49842.13.2.4.23
1.1.5.49850.14.2.11
1.1.5.50055.29.3.7.1.12.3.35
1.1.5.50192.9.1.8.9
1.1.5.50236.5.1.20.11
1.1.5.50237.5.1.1.1.10.1.17
1.1.5.50263.5.1.3.4.9.4.11.34
1.1.5.50479.12.1.5.1
1.1.5.50511.9.1.15
1.1.5.50575.19.1.8
1.1.5.50600.8.1.4.1
1.1.5.50669.21.1.9
1.1.5.50683.16
1.1.5.50716.5.1.1.1.6.6
1.1.5.50720.5.1.3.9
1.1.5.50866.13.2.8
1.1.5.50885.22.2.26.12.18.1
1.1.5.50887.5.1.2
1.1.5.51060.10.1.6.4
1.1.5.51087.3
1.1.5.51087.5.1.8
1.1.5.51127.24.1.13
1.1.5.51134.12.1.4.5
1.1.5.51257.5.1.5.1.1.1.1.22
1.1.5.51299.33.2.6.1
1.1.5.51329.5.1.2
1.1.5.51336.31
1.1.5.51389.13.4
1.1.5.51400.14.3.8.1.2.1.6
1.1.5.51419.5.1.3.1
1.1.5.51487.15.3.11.13
1.1.5.51539.57.5.10.1.2.1
1.1.5.51684.5.1.3.1
1.1.5.51735.5.1.9.4
1.1.5.51806.22.2.5.3.5.3
1.1.5.51808.5.1.1.2.4.7
1.1.5.51831.38.10.17.23.6.4.40
1.1.5.51837.5.1.1
1.1.5.51840.5.1.7
1.1.5.52031.15.3.4
1.1.5.52138.27.1.11
1.1.5.52156.17.2.10.2
1.1.5.52297.10.1.6.11
1.1.5.52433.14.4
1.1.5.52458.5.1.1.3.30
1.1.5.52521.26.2.19
1.1.5.52550.5.1
1.1.5.52592.22.1.21.8
1.1.5.52603.15.2.9.1
1.1.5.52642.44.2.24.1.10
1.1.5.52672.15.2
1.1.5.52685.25.2.29
1.1.5.52770.19.3.5.4
1.1.5.52776.35.2
1.1.5.52789.15.2.9
1.1.5.52794.8.2.9.3
1.1.5.52859.5.1.4.1.6
1.1.5.53006.5.1.2
1.1.5.53124.5.1.7.3
1.1.5.53157.27.1.12.13.11.1
1.1.5.53202.28
1.1.5.53374.5.1
1.1.5.53387.5.1.4.11
1.1.5.53392.8.2.10
1.1.5.53414.14.3.21.17.9.2
1.1.5.53472.5.1.3.5.28.1.28
1.1.5.53488.14.4.19.2
1.1.5.53490.31.2.12.3
1.1.5.53582.5.1.2.1
1.1.5.53616.5.1.1.1.3
1.1.5.53875.21.3.7
1.1.5.53918.12.1.5
1.1.5.53994.15.2
1.1.5.54028.5.1.6
1.1.5.54106.14
1.1.5.54137.5.1.4.4
1.1.5.54157.9.1.5
1.1.5.54198.37.3.8.9
1.1.5.54289.5.1.15.2
1.1.5.54321.5.1.9.4
1.1.5.54352.10.1.4.7
1.1.5.54402.14
1.1.5.54483.40.2.17.1.10.3
1.1.5.54520.5.1.8.4.9
1.1.5.54547.5.1.2.3
1.1.5.54754.5.1.2.3
1.1.5.55001.19.1.9.4
1.1.5.55116.5.1.2.2.25
1.1.5.55130.13.2.8.7.9.3.16
1.1.5.55218.9.1.14.5.17
1.1.5.55244.12
1.1.5.55294.5.1
1.1.5.55301.13.2.4.23
1.1.5.55309.14.2.11
1.1.5.55453.5.1.7.1.3.2
1.1.5.55629.19.2.13.2.2.1.3
1.1.5.55649.12.1.9
1.1.5.55672.5.1.20.11
1.1.5.55673.5.1.1.1.10.1.17
1.1.5.55893.8.1.14
1.1.5.55912.19.5.11.12.6.2.7
1.1.5.55912.19.5.11.12.8.1.6
1.1.5.55926.22.2.10.2
1.1.5.56014.19.1.8
1.1.5.56039.8.1.4.1
1.1.5.56114.5.1.8.2
1.1.5.56139.33.1.9
1.1.5.56170.5.1.1.1.6.6
1.1.5.56173.8.1.9
1.1.5.56315.13.2.8
1.1.5.56334.22.2.26.12.18.1
1.1.5.56336.5.1.2
1.1.5.56384.23.1.10
1.1.5.56440.3
1.1.5.56511.5.1.1.1.2.1.10
1.1.5.56521.5.1
1.1.5.56535.3
1.1.5.56535.5.1.7
1.1.5.56575.24.1.13
1.1.5.56582.12.1.4.5
1.1.5.56707.5.1.5.1.1.1.1.29
1.1.5.56709.3
1.1.5.56757.5.1.1
1.1.5.56782.5.1
1.1.5.56869.13.2.8.1.24
1.1.5.56880.5.1
1.1.5.56900.17.1.4.4
1.1.5.56950.26.1.14.8.3
1.1.5.56982.5.1.1
1.1.5.57173.5.1.1.1
1.1.5.57272.22.2.5.3.5.3
1.1.5.57274.5.1.1.2.4.7
1.1.5.57275.5.1
1.1.5.57292.38.10.17.23.6.3.13
1.1.5.57298.5.1.1
1.1.5.57301.5.1.7
1.1.5.57575.27.1.11
1.1.5.57593.5.1.2.2.14.3
1.1.5.57683.12.2.4.3
1.1.5.57717.5.1.1.6.23
1.1.5.57845.5.1.1.3.33.3
1.1.5.57915.9.1.4.4
1.1.5.57946.5.1.3.1.4.4
1.1.5.57989.5.1.3
1.1.5.58000.15.2.9.1
1.1.5.58033.39.5.11
1.1.5.58074.16.1.6.5.7
1.1.5.58133.5.1.1.1
1.1.5.58179.15.2.9
1.1.5.58184.8.2.9.3
1.1.5.58221.5.1.4.1.10.2
1.1.5.58253.5.1.2
1.1.5.58304.29.1.10
1.1.5.58328.8.2.8
1.1.5.58405.5.1.2
1.1.5.58542.5.1.4.1.1
1.1.5.58545.14.3.6.5
1.1.5.58565.5.1.1.4.7.1
1.1.5.58621.28
1.1.5.58682.34.1.22
1.1.5.58792.5.1
1.1.5.58805.5.1.4.11
1.1.5.58810.8.2.10
1.1.5.58834.12
1.1.5.58909.5.1.1.1.6.2
1.1.5.58969.10.2.8.4
1.1.5.59006.5.1.2.1
1.1.5.59227.17.1.7.6
1.1.5.59244.5.1.2.8
1.1.5.59292.21.3.7
1.1.5.59325.12.1.5
1.1.5.59433.26.2.6.1.24.3
1.1.5.59440.5.1.10
1.1.5.59566.28.1.16
1.1.5.59598.37.3.8.9
1.1.5.59692.5.1.15.2
1.1.5.59709.9.1.45
1.1.5.59730.5.1.4.1.1.1.1
1.1.5.59746.5.1.9.9.12.2.2
1.1.5.59812.40.2
1.1.5.59867.40.2.17.1.10.4
1.1.5.59904.5.1.8.4.9
1.1.5.59912.5.1
1.1.5.60124.10.1.4.7.3
1.1.5.60146.17.2.15
1.1.5.60342.12
1.1.5.60450.5.1.3.1.20.12
1.1.5.60465.30.1.19.11
1.1.5.60568.5.1.6.18.6.6
1.1.5.60589.12
1.1.5.60618.6
1.1.5.60662.13.2.4.23
1.1.5.60670.14.2.11
1.1.5.60721.17.2.9
1.1.5.60796.18.3
1.1.5.60985.9.3.8.16
1.1.5.61026.5.1.20.11
1.1.5.61027.5.1.1.1.10.1.17
1.1.5.61281.19.5.11.12.6.4.47
1.1.5.61281.19.5.11.12.8.1.6
1.1.5.61295.22.2.10.2
1.1.5.61357.11.1.4
1.1.5.61386.19.1.8
1.1.5.61411.8.1.4.1
1.1.5.61486.5.1.8.2
1.1.5.61511.33.1.9
1.1.5.61543.9.1.33
1.1.5.61547.8.1.9
1.1.5.61890.5.1.16.6
1.1.5.61897.5.1.8.5.15
1.1.5.61908.24.1.4
1.1.5.61948.14.2.7.1
1.1.5.61963.13.1.4.4
1.1.5.62136.33.2.6.1
1.1.5.62166.5.1.2
1.1.5.62173.31
1.1.5.62238.13.2.8.1.66
1.1.5.62249.5.1
1.1.5.62311.15.3.11.13
1.1.5.62343.5.1.1
1.1.5.62370.57.5.10.1.2.1
1.1.5.62555.5.1.9.4
1.1.5.62623.22.2.5.3.5.3
1.1.5.62625.5.1.1.2.4.7
1.1.5.62626.5.1
1.1.5.62643.38.10.17.23.6.3.13
1.1.5.62649.5.1.1
1.1.5.62652.5.1.7
1.1.5.62850.15.3.4
1.1.5.62944.27.1.11
1.1.5.62962.17.2.10.2
1.1.5.63058.12.2.4.3
1.1.5.63078.44.4.4
1.1.5.63083.5.1
1.1.5.63229.21.2.5.3
1.1.5.63313.26.2.19
1.1.5.63338.5.1
1.1.5.63376.29.3.12.12
1.1.5.63422.5.1.7.2.24
1.1.5.63466.16.1.6.5.7
1.1.5.63488.5.1
1.1.5.63515.15.2.6.1.1.1
1.1.5.63547.19.3.5.7
1.1.5.63553.35.2
1.1.5.63566.15.2.9
1.1.5.63571.8.2.9.3
1.1.5.63636.5.1.4.1.6
1.1.5.63705.8.2.8
1.1.5.63781.22.6.6
1.1.5.63818.27.3.15.5
1.1.5.63933.5.1.7.3
1.1.5.63966.27.1.12.13.11.1
1.1.5.63998.46
1.1.5.64106.5.1.13.14.27
1.1.5.64203.13.2.6.3.15.3.25
1.1.5.64255.5.1.3.5.28.1.28
1.1.5.64271.14.4.19.2
1.1.5.64273.31.2.12.3
1.1.5.64343.10.5.4.2
1.1.5.64426.22.2.13.9
1.1.5.64611.17.1.7.6
1.1.5.64668.5.1
1.1.5.64675.21.3.7
1.1.5.64713.12.1.5
1.1.5.64817.5.1.6
1.1.5.64873.10.1.4
1.1.5.64945.9.1.5
1.1.5.64975.15.1.14.6
1.1.5.64984.37.3.8.9
1.1.5.65078.5.1.15.2
1.1.5.65096.9.1.45
1.1.5.65117.5.1.4.1.1.1.1
1.1.5.65133.5.1.9.9.12.2.2
1.1.5.65193.40.2
1.1.5.65246.20.2.8.1.6.4
1.1.5.65283.5.1.8.4.9
1.1.5.65310.5.1.2.3
1.1.5.65517.5.1.2.3
1.1.5.65564.5.1
1.1.5.65736.19.1.9.4
1.1.5.65864.20.2.16.3
1.1.5.65867.5.1.3.10.16.1.4
1.1.5.65965.11.1.8.2.18
1.1.5.66061.5.1
1.1.5.66078.11.3.4.3
1.1.5.66085.5.1.2.3.8.1.11
1.1.5.66100.25.2.16.10.12.6
1.1.5.66243.5.1.7.1.3.2
1.1.5.66296.5.1.11
1.1.5.66437.5.1.5.4.1
1.1.5.66477.5.1.20.11
1.1.5.66478.5.1.1.1.10.1.17
1.1.5.66504.5.1.3.4.9.4.11.15
1.1.5.66725.19.5.11.12.6.6.8
1.1.5.66725.19.5.11.12.8.1.6
1.1.5.66757.5.1
1.1.5.66834.66.1.20.5
1.1.5.66880.13.1.5
1.1.5.66931.21.1.9
1.1.5.66936.14.4.7.2.16
1.1.5.66945.16
1.1.5.66978.5.1.1.1.6.6
1.1.5.66981.8.1.9
1.1.5.67123.13.2.8
1.1.5.67142.22.2.26.12.18.1
1.1.5.67144.5.1.2
1.1.5.67323.5.1.16.6
1.1.5.67330.5.1.8.5.15
1.1.5.67341.24.1.4
1.1.5.67383.24.1.13
1.1.5.67390.12.1.4.5
1.1.5.67482.5.1
1.1.5.67573.33.2.6.1
1.1.5.67597.5.1.1
1.1.5.67676.13.2.8.1.24
1.1.5.67687.5.1
1.1.5.67752.11.2.4.7.41
1.1.5.67959.5.1.1.1
1.1.5.68001.5.1.9.4
1.1.5.68078.5.1.2.16.38.7.10
1.1.5.68100.38.10.17.23.6.3.13
1.1.5.68106.5.1.1
1.1.5.68109.5.1.7
1.1.5.68240.13.1.4
1.1.5.68296.22.1.9.3.1
1.1.5.68322.15.3.4
1.1.5.68419.27.1.11
1.1.5.68437.5.1.2.2.14.3
1.1.5.68564.10.1.6.11
1.1.5.68776.9.1.4.4
1.1.5.68807.5.1.3.1.4.4
1.1.5.68853.15.3.9
1.1.5.68861.15.2.9.1
1.1.5.68894.39.5.11
1.1.5.68932.32.4.4.16
1.1.5.69012.19.3.5.4
1.1.5.69018.35.2
1.1.5.69031.15.2.9
1.1.5.69036.8.2.9.3
1.1.5.69107.14.3.15.1.2
1.1.5.69162.29.1.10
1.1.5.69264.5.1.2
1.1.5.69341.24.1.15.4
1.1.5.69382.5.1.7.3
1.1.5.69622.5.1
1.1.5.69635.5.1.4.11
1.1.5.69640.8.2.10
1.1.5.69664.12
1.1.5.69719.5.1.3.5.28.1.28
1.1.5.69735.14.4.19.2
1.1.5.69737.31.2.12.3
1.1.5.69797.10.2.8.4
1.1.5.69874.22.2.13.9
1.1.5.69987.5.1.2.1.2.7
1.1.5.70003.11.1.8
1.1.5.70130.21.3.7
1.1.5.70148.10.2.12.7.10
1.1.5.70161.15.3.25.8.12.1.3
1.1.5.70164.10.1.55
1.1.5.70287.8.1.4.2
1.1.5.70328.10.1.4
1.1.5.70375.30.1.9
1.1.5.70399.9.1.5
1.1.5.70440.37.3.8.9
1.1.5.70527.8.1.6
1.1.5.70549.9.1.29
1.1.5.70570.5.1.4.1.1.1.1
1.1.5.70586.5.1.9.9.12.2.2
1.1.5.70652.40.2
1.1.5.70703.40.2.17.1.10.3
1.1.5.70748.30.2.12.8
1.1.5.70761.5.1
1.1.5.70975.5.1.2.3
1.1.5.71145.5.1
1.1.5.71211.19.1.9.4
1.1.5.71321.5.1.3.1.20.12
1.1.5.71336.30.1.19.11
1.1.5.71439.5.1.6.18.6.6
1.1.5.71521.5.1
1.1.5.71534.5.1.4.1.8
1.1.5.71546.18.2.4.1
1.1.5.71564.5.1
1.1.5.71566.10.1.19
1.1.5.71583.5.1.9.1
1.1.5.71859.8.1.5.11
1.1.5.71903.5.1.20.11
1.1.5.71904.5.1.1.1.10.1.17
1.1.5.71930.5.1.3.4.9.4.11.34
1.1.5.72149.19.5.11.12.6.3.44
1.1.5.72149.19.5.11.12.8.1.6
1.1.5.72181.5.1
1.1.5.72340.21.1.9
1.1.5.72388.5.1.1.1.6.6
1.1.5.72391.8.1.9
1.1.5.72531.13.2.8
1.1.5.72551.14.2.16.15.36
1.1.5.72554.5.1.24.20
1.1.5.72693.5.1.19.2.4
1.1.5.72725.10.1.6.4
1.1.5.72752.3
1.1.5.72752.5.1.8
1.1.5.72792.24.1.13
1.1.5.72799.12.1.4.5
1.1.5.72938.5.1.5.1.1.1.1.10
1.1.5.72940.3
1.1.5.72974.9.1.7
1.1.5.73031.5.1.2
1.1.5.73038.31
1.1.5.73056.5.1.4
1.1.5.73090.13.4
1.1.5.73101.14.3.8.1.2.1.6
1.1.5.73120.5.1.3.1
1.1.5.73191.11.2.4.7.41
1.1.5.73244.36.5.10.1.2.1
1.1.5.73429.5.1.9.4
1.1.5.73498.22.2.5.3.5.3
1.1.5.73500.5.1.1.2.4.7
1.1.5.73501.5.1
1.1.5.73518.38.10.17.23.6.3.13
1.1.5.73524.5.1.1
1.1.5.73527.5.1.7
1.1.5.73723.15.3.4
1.1.5.73818.27.1.11
1.1.5.73836.5.1.2.2.14.3
1.1.5.73964.10.1.6.11
1.1.5.74047.5.1.1
1.1.5.74113.5.1.1.3.33.3
1.1.5.74193.9.1.4.4
1.1.5.74224.5.1.3.1.4.4
1.1.5.74267.15.3.9
1.1.5.74275.15.2.9.1
1.1.5.74311.44.2.24.1.24
1.1.5.74345.5.1.4.1.3
1.1.5.74365.5.1
1.1.5.74392.15.2.6.1.1.1
1.1.5.74438.15.2.9
1.1.5.74443.8.2.9.3
1.1.5.74480.5.1.4.1.10.2
1.1.5.74512.5.1.2
1.1.5.74563.29.1.10
1.1.5.74587.8.2.8
1.1.5.74661.5.1.2
1.1.5.74748.24.1.15.4
1.1.5.74789.5.1.7.3
1.1.5.74822.27.1.12.13.11.1
1.1.5.74915.34.1.22
1.1.5.75032.5.1
1.1.5.75075.13.2.6.3.15.3.33
1.1.5.75130.10.1.6.3
1.1.5.75150.5.1.1.1.6.2
1.1.5.75210.10.2.8.4
1.1.5.75247.5.1.2.1
1.1.5.75285.5.1.13.3.12
1.1.5.75526.5.1
1.1.5.75533.21.3.7
1.1.5.75550.10.2.12.7.10
1.1.5.75564.5.1.1.1.11
1.1.5.75569.17.4
1.1.5.75642.15.2
1.1.5.75688.8.1.4.2
1.1.5.75795.9.1.5
1.1.5.75925.5.1.15.2
1.1.5.75960.5.1.4.1.1.1.1
1.1.5.75976.5.1.9.9.12.2.2
1.1.5.76020.26.2.4.4
1.1.5.76092.33.4.8
1.1.5.76127.5.1.8.4.9
1.1.5.76154.5.1.2.3
1.1.5.76353.5.1.2.3
1.1.5.76518.5.1
1.1.5.76584.19.1.9.4
1.1.5.76699.5.1.2.2.25
1.1.5.76713.13.2.8.7.9.3.16
1.1.5.76803.9.1.8.4.1
1.1.5.76892.5.1
1.1.5.76905.5.1.4.1.8
1.1.5.76917.18.2.4.1
1.1.5.76933.25.2.16.10.8.5
1.1.5.77081.5.1.7.1.3.2
1.1.5.77125.5.1.1
1.1.5.77260.9.3.8.16
1.1.5.77303.5.1.20.11
1.1.5.77304.5.1.1.1.10.1.17
1.1.5.77330.5.1.3.4.9.4.11.11
1.1.5.77544.10.1.6
1.1.5.77548.12.1.5.1
1.1.5.77580.9.1.15
1.1.5.77639.37.1.20.5
1.1.5.77736.21.1.9
1.1.5.77790.8.1.9
1.1.5.77932.13.2.8
1.1.5.77952.14.2.16.15.36
1.1.5.77955.5.1.24.20
1.1.5.78118.11.2.8.4
1.1.5.78141.24.1.4
1.1.5.78183.24.1.13
1.1.5.78190.12.1.4.5
1.1.5.78328.5.1.5.1.1.1.1.9
1.1.5.78330.3
1.1.5.78363.9.1.5
1.1.5.78414.5.1.1
1.1.5.78489.13.2.8.1.47
1.1.5.78500.5.1
1.1.5.78515.5.1.1.7.8.4.7
1.1.5.78561.26.1.14.8.3
1.1.5.78588.5.1.1
1.1.5.78777.5.1.3.1
1.1.5.78825.5.1.9.4
1.1.5.78892.17.1.6
1.1.5.78916.5.1.2.16.25.9.16
1.1.5.78946.38.10.17.23.6.18.30
1.1.5.78952.5.1.1
1.1.5.78955.5.1.7
1.1.5.79155.5.1.3
1.1.5.79267.5.1.2.2.14.2
1.1.5.79353.12.2.4.3
1.1.5.79611.9.1.11.3
1.1.5.79624.17.1.4
1.1.5.79677.22.1.21.8
1.1.5.79688.15.2.9.1
1.1.5.79724.44.2.24.1.24
1.1.5.79759.25.2.29
1.1.5.79818.5.1.1.1
1.1.5.79864.15.2.9
1.1.5.79869.8.2.9.3
1.1.5.79906.5.1.4.1.10.2
1.1.5.79938.5.1.2
1.1.5.79989.29.1.10
1.1.5.80090.14.2.18.2
1.1.5.80126.14.2.5.2.3.1
1.1.5.80131.5.1
1.1.5.80245.5.1.4.1.1
1.1.5.80248.14.3.6.5
1.1.5.80268.5.1.1.4.7.1
1.1.5.80504.5.1
1.1.5.80517.5.1.4.11
1.1.5.80522.8.2.10
1.1.5.80546.12
1.1.5.80601.5.1.3.5.28.1.28
1.1.5.80617.14.4.19.2
1.1.5.80619.31.2.12.3
1.1.5.80716.5.1.2.1
1.1.5.80866.5.1
1.1.5.80888.5.1
1.1.5.80976.21.3.7
1.1.5.81009.12.1.5
1.1.5.81073.15.2
1.1.5.81119.8.1.4.2
1.1.5.81164.10.1.4
1.1.5.81235.9.1.5
1.1.5.81373.5.1.15.2
1.1.5.81391.9.1.65
1.1.5.81412.5.1.4.1.1.1.1
1.1.5.81428.5.1.9.9.12.2.2
1.1.5.81469.14
1.1.5.81543.20.2.8.1.6.2
1.1.5.81580.5.1.8.4.9
1.1.5.81588.5.1
1.1.5.81799.5.1.2.3
1.1.5.82037.19.1.9.4
1.1.5.82149.5.1.3.1.20.12
1.1.5.82164.30.1.19.11
1.1.5.82205.34.1.4.4
1.1.5.82263.9.1.14.5.17
1.1.5.82371.5.1.2
1.1.5.82379.14.3.18
1.1.5.82430.17.2.9
1.1.5.82521.5.1.7.1.3.2
1.1.5.82695.19.2.13.2.2.1.3
1.1.5.82720.17.1.4.1
1.1.5.82738.5.1.38.1
1.1.5.82742.5.1.1.1
1.1.5.82742.5.1.4.1.2
1.1.5.82745.11.5.8
1.1.5.82755.16.1.22.12.8
1.1.5.82759.51.2.13.3.15
1.1.5.82968.24.1.9.3
1.1.5.82969.29.1.7.1.5.2.62
1.1.5.82999.5.1
1.1.5.83048.11.1.4
1.1.5.83077.19.1.8
1.1.5.83102.8.1.4.1
1.1.5.83173.3
1.1.5.83201.5.1.2.3.14.1
1.1.5.83337.5.1
1.1.5.83560.11.2.8.4
1.1.5.83583.24.1.4
1.1.5.83625.24.1.13
1.1.5.83632.12.1.4.5
1.1.5.83724.5.1
1.1.5.83804.16
1.1.5.83854.19.1.6.1.3
1.1.5.83880.5.1.4
1.1.5.83913.13.4
1.1.5.83924.14.3.8.1.2.1.6
1.1.5.83943.5.1.3.1
1.1.5.83956.17.1.4.4
1.1.5.84011.26.1.14.8.3
1.1.5.84068.36.5.10.1.2.1
1.1.5.84304.22.2.5.3.5.3
1.1.5.84306.5.1.1.2.4.7
1.1.5.84307.5.1
1.1.5.84324.38.10.17.23.6.3.13
1.1.5.84330.5.1.1
1.1.5.84333.5.1.7
1.1.5.84646.27.1.11
1.1.5.84664.5.1.2.2.14.3
1.1.5.84792.13.2.12
1.1.5.85008.9.1.22.3
1.1.5.85021.17.1.4
1.1.5.85030.5.1
1.1.5.85069.5.1.1.1.11
1.1.5.85075.15.2.9.1
1.1.5.85108.39.5.11
1.1.5.85139.15.2
1.1.5.85198.22.1.34
1.1.5.85241.15.2.9
1.1.5.85246.8.2.9.3
1.1.5.85311.5.1.4.1.6
1.1.5.85382.8.2.8
1.1.5.85452.15.2.10
1.1.5.85503.5.1
1.1.5.85594.5.1.7.3
1.1.5.85627.27.1.12.13.11.1
1.1.5.85845.5.1
1.1.5.85891.26.3
1.1.5.85894.9.2.8.20
1.1.5.85952.10.1.6.3
1.1.5.85972.5.1.1.1.6.2
1.1.5.86041.10.2.8.4
1.1.5.86078.5.1.2.1
1.1.5.86300.17.1.7.6
1.1.5.86317.5.1.2.8
1.1.5.86321.5.1.19.2
1.1.5.86367.21.3.7
1.1.5.86385.10.2.12.7.10
1.1.5.86398.15.3.25.8.12.1.3
1.1.5.86401.10.1.55
1.1.5.86470.15.2
1.1.5.86494.5.1.2.1.1.1
1.1.5.86495.5.1
1.1.5.86507.15.4.20
1.1.5.86516.5.1.1.1.3
1.1.5.86585.14
1.1.5.86679.37.3.8.9
1.1.5.86773.5.1.15.2
1.1.5.86791.9.1.45
1.1.5.86826.5.1.9.9.12.2.2
1.1.5.86866.14
1.1.5.86943.40.2.17.1.10.4
1.1.5.86980.5.1.8.4.9
1.1.5.87007.5.1.2.3
1.1.5.87215.5.1.2.3
1.1.5.87318.14.2
1.1.5.87369.5.1
1.1.5.87435.19.1.9.4
1.1.5.87549.5.1.3.1.20.12
1.1.5.87564.30.1.19.11
1.1.5.87608.16.3.9.4
1.1.5.87668.9.1.14.5.17
1.1.5.87724.6
1.1.5.87754.13.2.4.23
1.1.5.87762.14.2.11
1.1.5.87813.17.2.9
1.1.5.87897.18.3
1.1.5.88080.9.2.8.10
1.1.5.88116.5.1.20.11
1.1.5.88117.5.1.1.1.10.1.17
1.1.5.88375.5.1.2.1.2
1.1.5.88402.9.1.15
1.1.5.88463.5.1.2.2.39.17.60
1.1.5.88568.21.1.9
1.1.5.88582.16
1.1.5.88615.5.1.1.1.6.6
1.1.5.88618.8.1.9
1.1.5.88761.13.2.8
1.1.5.88781.14.2.16.15.36
1.1.5.88784.5.1.24.20
1.1.5.88943.5.1.19.1
1.1.5.88955.5.1.8.5.4
1.1.5.88966.24.1.4
1.1.5.89008.24.1.13
1.1.5.89015.12.1.4.5
1.1.5.89199.33.2.6.1
1.1.5.89223.5.1.1
1.1.5.89288.13.4
1.1.5.89299.14.3.8.1.2.1.6
1.1.5.89318.5.1.3.1
1.1.5.89386.15.3.11.13
1.1.5.89448.36.5.10.1.2.1
1.1.5.89594.5.1.3.1
1.1.5.89686.17.1.6
1.1.5.89710.5.1.2.16.25.9.16
1.1.5.89743.38.10.17.23.6.17.27
1.1.5.89749.5.1.1
1.1.5.89752.5.1.7
1.1.5.89958.5.1.3
1.1.5.90052.27.1.11
1.1.5.90070.5.1.2.2.14.3
1.1.5.90156.12.2.4.3
1.1.5.90325.5.1.1.3.33.3
1.1.5.90399.9.1.22.3
1.1.5.90412.17.1.4
1.1.5.90462.29.3.12.12
1.1.5.90507.39.5.11
1.1.5.90545.16.1.6.5.7
1.1.5.90595.5.1.1.1
1.1.5.90642.15.2.9
1.1.5.90647.8.2.9.3
1.1.5.90712.5.1.4.1.6
1.1.5.90759.29.1.10
1.1.5.90862.22.6.6
1.1.5.90908.14.2.5.2.3.1
1.1.5.90913.5.1
1.1.5.91011.5.1.7.3
1.1.5.91044.27.1.12.13.11.1
1.1.5.91141.34.1.22
1.1.5.91272.8.2.10
1.1.5.91296.12
1.1.5.91351.5.1.3.5.28.1.28
1.1.5.91367.14.4.19.2
1.1.5.91369.31.2.12.3
1.1.5.91437.22.1.11.9.8.1.24
1.1.5.91446.5.1.1.1
1.1.5.91497.11.1.4
1.1.5.91674.11.1.8
1.1.5.91810.21.3.7
1.1.5.91925.15.2
1.1.5.91951.26.2.6.1.8.3
1.1.5.91958.5.1.10
1.1.5.92018.10.1.4
1.1.5.92087.28.1.16
1.1.5.92204.5.1.15.2
1.1.5.92236.5.1.9.4
1.1.5.92267.10.1.4.7
1.1.5.92317.14
1.1.5.92335.15
1.1.5.92391.40.2.17.1.10.4
1.1.5.92436.30.2.12.8
1.1.5.92449.5.1
1.1.5.92468.5.1.2.3
1.1.5.92666.5.1.2.3
1.1.5.92840.5.1
1.1.5.92902.19.1.9.4
1.1.5.93022.5.1.2.2.25
1.1.5.93036.13.2.8.7.9.3.16
1.1.5.93128.11.1.8.2.18
1.1.5.93236.5.1.4.1.8
1.1.5.93248.18.2.4.1
1.1.5.93264.25.2.16.10.8.5
1.1.5.93464.5.1.2.1.10
1.1.5.93589.16.2.5
1.1.5.93633.5.1.20.11
1.1.5.93634.5.1.1.1.10.1.17
1.1.5.93877.19.5.11.12.6.4.38
1.1.5.93877.19.5.11.12.8.1.6
1.1.5.93909.5.1
1.1.5.93955.11.1.4
1.1.5.93978.5.1.2.2.15.3.11
1.1.5.93984.11.1.10
1.1.5.93985.8.4.4
1.1.5.94011.8.1.4.1
1.1.5.94075.21.1.9
1.1.5.94091.16
1.1.5.94124.5.1.1.1.6.6
1.1.5.94127.8.1.9
1.1.5.94254.5.1
1.1.5.94443.10.1.6.4
1.1.5.94470.3
1.1.5.94470.5.1.8
1.1.5.94510.24.1.13
1.1.5.94517.12.1.4.5
1.1.5.94694.33.2.6.1
1.1.5.94798.13.2.8.1.77
1.1.5.94809.5.1
1.1.5.94824.5.1.1.2.8.4.7
1.1.5.94870.26.1.14.8.3
1.1.5.95091.5.1.1.1
1.1.5.95122.5.1
1.1.5.95192.22.2.5.3.5.3
1.1.5.95194.5.1.1.2.4.7
1.1.5.95195.5.1
1.1.5.95212.38.10.17.23.6.3.13
1.1.5.95218.5.1.1
1.1.5.95221.5.1.7
1.1.5.95298.9.2.10
1.1.5.95538.27.1.11
1.1.5.95556.5.1.2.2.14.3
1.1.5.95668.13.1.5
1.1.5.95674.5.1
1.1.5.95683.5.1.1.1.6.4.9
1.1.5.95891.9.1.4.4
1.1.5.95921.5.1
1.1.5.95966.29.3.12.12
1.1.6.17.16.5.11
1.1.6.59.25.2.29
1.1.6.109.5.1.1.1
1.1.6.137.19.3.5.4
1.1.6.143.35.2
1.1.6.156.15.2.9
1.1.6.161.8.2.9.3
1.1.6.198.5.1.4.1.10.2
1.1.6.230.5.1.2
1.1.6.281.29.1.10
1.1.6.305.8.2.8
1.1.6.376.15.2.10
1.1.6.463.24.1.15.4
1.1.6.501.5.1.4.1.1
1.1.6.504.14.3.6.5
1.1.6.631.34.1.22
1.1.6.759.5.1.14.6
1.1.6.764.8.2.10
1.1.6.788.12
1.1.6.843.5.1.3.5.28.1.28
1.1.6.859.14.4.19.2
1.1.6.861.31.2.12.3
1.1.6.943.5.1.2.1
1.1.6.1150.5.1
1.1.6.1247.21.3.7
1.1.6.1286.12.1.5
1.1.6.1365.15.2
1.1.6.1399.5.1.6
1.1.6.1455.10.1.4
1.1.6.1527.9.1.5
1.1.6.1665.5.1.15.2
1.1.6.1694.5.1.9.4
1.1.6.1725.10.1.4.7
1.1.6.1769.14
1.1.6.1885.10.1.4.29
1.1.6.1899.6
1.1.6.2157.5.1
1.1.6.2278.5.1
1.1.6.2348.19.1.9.4
1.1.6.2468.5.1.2.2.25
1.1.6.2482.13.2.8.7.9.3.16
1.1.6.2570.9.1.14.5.17
1.1.6.2591.9.1.8
1.1.6.2677.5.1.4.1.8
1.1.6.2689.18.2.4.1
1.1.6.2707.5.1
1.1.6.2709.10.1.19
1.1.6.2726.5.1.9.1
1.1.6.2837.5.1.7.1.3.2
1.1.6.3001.5.1.5.4.1
1.1.6.3042.5.1.20.11
1.1.6.3043.5.1.1.1.10.1.17
1.1.6.3069.5.1.3.4.9.4.11.39
1.1.6.3295.19.5.11.12.6.3.1
1.1.6.3295.19.5.11.12.8.1.6
1.1.6.3327.5.1
1.1.6.3391.37.1.20.5
1.1.6.3437.13.1.5
1.1.6.3488.21.1.9
1.1.6.3538.5.1.1.1.6.6
1.1.6.3541.8.1.9
1.1.6.3648.5.1
1.1.6.3671.13.2.8
1.1.6.3691.14.2.16.15.36
1.1.6.3694.5.1.24.20
1.1.6.3867.23.2.14.9.14.1.31
1.1.6.3877.5.1
1.1.6.3891.3
1.1.6.3891.5.1.7
1.1.6.3931.24.1.13
1.1.6.3938.12.1.4.5
1.1.6.4030.5.1
1.1.6.4119.33.2.6.1
1.1.6.4143.5.1.1
1.1.6.4221.13.2.8.1.24
1.1.6.4232.5.1
1.1.6.4247.5.1.1.2.8.4.7
1.1.6.4301.11.2.4.7.41
1.1.6.4519.5.1.3.1
1.1.6.4637.17.1.6
1.1.6.4661.5.1.2.16.25.9.16
1.1.6.4694.38.10.17.23.6.17.27
1.1.6.4700.5.1.1
1.1.6.4703.5.1.7
1.1.6.4908.15.3.4
1.1.6.5003.27.1.11
1.1.6.5021.5.1.2.2.14.3
1.1.6.5166.10.1.6.11
1.1.6.5298.5.1.1.3.33.3
1.1.6.5378.9.1.22.3
1.1.6.5408.5.1
1.1.6.5455.5.1.3
1.1.6.5466.15.2.9.1
1.1.6.5502.44.2.24.1.24
1.1.6.5553.16.1.6.5.7
1.1.6.5612.5.1.1.1
1.1.6.5656.15.2.9
1.1.6.5661.8.2.9.3
1.1.6.5726.5.1.4.1.6
1.1.6.5796.8.2.8
1.1.6.5866.15.2.10
1.1.6.5999.5.1.4.1.1
1.2.2.2.1
1.2.51.12.6.25.3
1.2.153.2.1
1.2.180.10.5
1.2.279.16.8.38
1.2.431.2.1.4.6
1.2.446.2.1
1.2.483.14.7.11.2.4.2.4
1.2.574.4.2.2.5.12
1.2.599.6.3.18.3
1.2.690.8.4.12
1.2.731.2.1.2.1
1.2.844.6.3.5.4
1.2.1190.12.6.13.1
1.2.1200.4.2
1.2.1260.2.1.10.4.13.1.13
1.2.1273.2.1
1.2.1425.2.1.1.1.1
1.2.1447.2.1.2.5.4.1.19
1.2.1536.6.3.4.1
1.2.1552.4.2
1.2.1716.2.1.16
1.2.1748.2.1.2.1.5.1
1.2.1844.2.1.12.2.14.4
1.2.1862.2.1
1.2.2016.6.3.5.2.5.4
1.2.2087.2.1
1.2.2201.4.2
1.2.2637.2.1.6.2
1.2.3119.4.2
1.2.3129.2.1
1.2.3273.4.2.16.1.4.1.12.23
1.2.3371.2.1
1.2.3393.2.1.2.2
1.2.3424.2.1.6
1.2.3429.4.2.11.2.13.5.24
1.2.3443.12.6.30.6.10.2.3
1.2.3506.4.2.20.3
1.2.3510.12.6.42.1.1.1
1.2.3586.10.5
1.2.3973.2.1.23.5.22.1.5
1.2.4046.2.1.1.1
1.2.4050.2.1.3.1.3
1.2.4052.2.1.1.2
1.2.4084.2.1.1.2.4.3
1.2.4226.2.1
1.2.4408.2.1.35.3.4
1.2.4409.4.2.38.1.9
1.2.4563.2.1.2.2.2.2
1.2.4646.2.1.7.3.8
1.2.4719.4.2.29.3.23
1.2.4970.2.1.1
1.2.5016.2.1.3
1.2.5094.6.3.3.2
1.2.5146.1
1.2.5296.2.1.9.3.3.1
1.2.5341.8.4.8.6.23.1
1.2.5406.2.1.6.2
1.2.5413.4.2.5.3.6
1.2.5633.2.1.3.1.1.1.44.22
1.2.5642.2.1
1.2.5697.1
1.2.5769.4.2.4.4.16
1.2.5811.12.6.22
1.2.5879.6.3.24.1.16
1.2.5935.4.2
1.5.6.10.2.1.3.1
1.5.54.20.2.1.4.2.5.2
1.5.67.14.2.1.29
1.5.282.7.2.1.7
1.5.316.9.2.1
1.5.327.11.2.1.32.13
1.5.466.12.2.1.4.1.1.1
1.5.467.11.2.1
1.5.469.12.2.1
1.5.644.6.2.1.17.1.1.6
1.5.697.6.2.1.5.1.2.2.65
1.5.802.12.2.1.1.1.1.1
1.5.803.16.2.1
1.5.826.7.2.1.15.2.5.3.33
1.5.905.14.2.1.9.1.19.4.46.67
1.5.906.14.2.1.13
1.5.933.8.2.1.16.2.68.5.10.74
1.5.999.8.2.1.15
1.5.1083.10.2.1
1.5.1293.10.2.1.8.4.9.6
1.5.1429.7.2.1
1.5.1518.18.2.1.4.3
1.5.1623.8.2.1.24
1.5.1637.6.2.1.5.5.14.2.7
1.5.1835.9.2.1.26.1.22.2.26
1.5.1851.23.2.1.21.3.14.2
1.5.1926.25.2.1.3.3
1.5.1937.10.2.1.3.1
1.5.1947.20.2.1.13.6
1.5.1953.19.2.1.5.1
1.5.2003.8.2.1.2.2
1.5.2056.11.2.1.5.1.3.1
1.5.2121.5.2.1.17.3.14.4
1.5.2167.13.2.1.1
1.5.2252.8.2.1.9.1.19
1.5.2537.7.2.1.22.5
1.5.2751.17.2.1.14.9
1.5.2975.11.2.1.6.2
1.5.3003.8.2.1.47.1.25
1.5.3187.15.2.1
1.5.3258.8.2.1.3.1.2.1
1.5.3261.8.2.1.3.3.27
1.5.3277.8.2.1
1.5.3290.14.2.1.4.2
1.5.3310.8.2.1
1.5.3535.16.2.1.2.8.27
1.5.3753.6.2.1
1.5.3758.23.2.1.2.1
1.5.3785.7.2.1.15.3
1.5.3949.10.2.1.2.1.5.1
1.5.4010.7.2.1.13
1.5.4066.18.2.1.3.2.2
1.5.4068.6.2.1.8
1.5.4213.8.2.1.27.7.20
1.5.4258.7.2.1.5
1.5.4269.22.2.1
1.5.4357.10.2.1
1.5.4632.30.2.1.2.1.5
1.5.4803.7.2.1.12
1.5.4804.8.2.1
1.5.4934.10.2.1.6.4.10.1
1.5.5161.18.2.1.20.4
1.5.5205.28.2.1.2.2.2.1
1.5.5298.15.2.1
1.5.5309.7.2.1.2.2.15.2.5
1.5.5349.8.2.1.2
1.5.5402.9.2.1.16.7.10.1.2
1.5.5459.11.2.1
1.5.5663.8.2.1.11
1.5.5694.7.2.1.3.2
1.5.5699.7.2.1
1.5.5730.14.2.1
1.5.5930.10.2.1.11.1
1.5.5982.12.2.1.17
1.5.6402.9.2.1.5.2.35.4
1.5.6452.8.2.1.6.6.10.4
1.5.6537.14.2.1.1.1.5.4
1.5.6542.9.2.1.8.1.8
1.5.6647.6.2.1
1.5.6774.16.2.1.2
1.5.6847.8.2.1.12.1.18.3.7
1.5.6880.6.2.1
1.5.6932.14.2.1.10.3.11.3.6
1.5.6986.10.2.1.20.1.11
1.5.7026.10.2.1.4
1.5.7126.8.2.1.20.6
1.5.7137.7.2.1.1.1
1.5.7151.37.2.1.3.1.2.1
1.5.7167.7.2.1.6.2
1.5.7233.6.2.1.1.3.12
1.5.7425.7.2.1.7
1.5.7459.9.2.1
1.5.7470.11.2.1.32.14
1.5.7592.12.2.1.4.1.1.1
1.5.7593.11.2.1
1.5.7595.12.2.1
1.5.7766.6.2.1.17.1.1.6
1.5.7827.13.2.1.6
1.5.7970.8.2.1
1.5.7974.14.2.1.5.4.11.1.2
1.5.8051.14.2.1.9.1.19.4.55.14
1.5.8052.14.2.1.13
1.5.8079.8.2.1.16.2.68.5.10.21
1.5.8158.7.2.1.5.1.4.3.28
1.5.8206.30.2.1.7.6
1.5.8248.13.2.1
1.5.8302.11.2.1
1.5.8321.7.2.1.5.2.13.1
1.5.8404.19.2.1.8.1
1.5.8450.10.2.1.8.4.9.6
1.5.8572.7.2.1
1.5.8655.18.2.1.4.3
1.5.8760.8.2.1.24
1.5.8774.6.2.1.5.5.14.2.7
1.5.8842.14.2.1
1.5.8893.10.2.1.17.4
1.5.8979.24.2.1.11.6.20
1.5.8999.23.2.1.21.3.14.2
1.5.9074.25.2.1.3.3
1.5.9085.10.2.1.3.1
1.5.9095.20.2.1.13.6
1.5.9101.19.2.1.5.1
1.5.9199.9.2.1.11.7.21.2.2
1.5.9264.5.2.1.20.7.28.6
1.5.9320.38.2.1.22.1
1.5.9357.7.2.1
1.5.9402.8.2.1.9.1.19
1.5.9432.6.2.1.2.2.3.2
1.5.9677.7.2.1.16.3.2.1.2.1
1.5.10382.8.2.1.3.1.2.1
1.5.10385.8.2.1.3.3.27
1.5.10401.8.2.1
1.5.10403.9.2.1
1.5.10430.8.2.1
1.5.10637.22.2.1.3.2.6.3.6
1.5.10801.7.2.1.13.5.41.10.17
1.5.10863.11.2.1
1.5.10866.9.2.1.3.4.21.2.13.32
1.5.10887.11.2.1.2.1.3.7
1.5.11022.10.2.1.2.1.5.1
1.5.11134.7.2.1.9.3.21
1.5.11136.13.2.1.1.2.25
1.5.11261.8.2.1.17.7.19
1.5.11306.7.2.1.5
1.5.11317.22.2.1
1.5.11405.10.2.1
1.5.11932.7.2.1.1
1.5.11963.8.2.1.15.3.25.5
1.5.12167.18.2.1.20.4
1.5.12209.28.2.1.2.2.2.1
1.5.12269.7.2.1.4.1.4.1
1.5.12275.10.2.1
1.5.12319.15.2.1
1.5.12330.7.2.1.2.2.15.2.5
1.5.12363.8.2.1.2
1.5.12415.9.2.1.16.7.10.1.2
1.5.12472.11.2.1
1.5.12675.8.2.1.11
1.5.12919.7.2.1
1.5.12998.12.2.1.17
1.5.13444.9.2.1.5.2.35.4
1.5.13494.8.2.1.6.6.10.4
1.5.13587.14.2.1.1.1.5.4
1.5.13592.9.2.1.8.1.8
1.5.13872.12.2.1.2.1.7.2.5
1.5.13958.14.2.1.10.3.11.3.6
1.5.14009.10.2.1.17.1.7
1.5.14056.10.2.1.4
1.5.14113.7.2.1
1.5.14123.7.2.1
1.5.14156.36.2.1.6.7.36.1
1.5.14166.8.2.1.21.6
1.5.14177.7.2.1.1.1
1.5.14191.37.2.1.3.1.2.1
1.5.14207.7.2.1.6.2
1.5.14483.7.2.1.7
1.5.14517.9.2.1
1.5.14528.11.2.1.32.13
1.5.14646.12.2.1.4.1.1.1
1.5.14647.11.2.1
1.5.14649.12.2.1
1.5.14824.6.2.1.17.1.1.6
1.5.14876.6.2.1.5.1.2.2.60
1.5.14971.9.2.1.2.1
1.5.15007.13.2.1.1
1.5.15086.13.2.1.9
1.5.15117.9.2.1.26.1.27.3.9.70
1.5.15189.8.2.1.15
1.5.15288.10.2.1
1.5.15344.11.2.1
1.5.15363.7.2.1.5.2.13.1
1.5.15446.19.2.1.8.1
1.5.15492.10.2.1.8.4.9.6
1.5.15632.7.2.1
1.5.15721.18.2.1.4.3
1.5.15821.8.2.1.24
1.5.15900.14.2.1
1.5.16054.8.2.1.9.3.11
1.5.16070.23.2.1.21.3.14.2
1.5.16152.10.2.1.3.1
1.5.16162.20.2.1.13.6
1.5.16168.19.2.1.5.1
1.5.16275.11.2.1.5.1.3.1
1.5.16515.6.2.1.2.2.3.2
1.5.16762.7.2.1.16.3.2.1.2.1
1.5.16782.15.2.1.18
1.5.17379.8.2.1.5.3.4
1.5.17500.7.2.1.29.8.41
1.5.17500.7.2.1.31.1
1.5.17515.16.2.1.4.3.9.1.9
1.5.17541.11.2.1.1.1.18.1
1.5.17562.8.2.1.21.2.28.3
1.5.17780.16.2.1.10.3.14.6.4
1.5.17936.7.2.1.11.4.6.3.38
1.5.17989.6.2.1
1.5.17994.23.2.1.2.1
1.5.18021.7.2.1.15.3
1.5.18177.10.2.1.2.1.5.1
1.5.18238.7.2.1.13
1.5.18294.18.2.1.3.2.2
1.5.18296.6.2.1.8
1.5.18346.8.2.1.15.5
1.5.18437.8.2.1.27.7.20
1.5.18482.7.2.1.5
1.5.18493.22.2.1
1.5.18540.11.2.1.10
1.5.18589.10.2.1
1.5.18673.29.2.1
1.5.18884.8.2.1.13
1.5.19120.6.2.1
1.5.19150.8.2.1.15.3.37.5
1.5.19201.7.2.1.3.1
1.5.19216.16.2.1.3.2.3
1.5.19262.7.2.1.1.1.3.1
1.5.19345.18.2.1.20.4
1.5.19387.28.2.1.2.2.2.1
1.5.19488.15.2.1
1.5.19502.12.2.1.6.4.6.1.20
1.5.19534.8.2.1.2
1.5.19586.9.2.1.16.7.10.1.2
1.5.19695.8.2.1.7.1.4.1
1.5.19840.8.2.1.11
1.5.19876.6.2.1.7.1.2.2
1.5.19917.14.2.1
1.5.20085.7.2.1
1.5.20164.12.2.1.17
1.5.20589.9.2.1.5.2.35.4
1.5.20645.8.2.1.6.6.10.4
1.5.20737.14.2.1.1.1.5.4
1.5.20742.9.2.1.8.1.8
1.5.20942.16.2.1.2
1.5.21014.8.2.1.12.1.18.3.7
1.5.21045.15.2.1
1.5.21099.14.2.1.10.3.11.3.6
1.5.21149.13.2.1.14
1.5.21193.8.2.1.10.4
1.5.21267.7.2.1
1.5.21277.7.2.1
1.5.21330.8.2.1.20.6
1.5.21341.7.2.1.1.1
1.5.21355.37.2.1.3.1.2.1
1.5.21371.7.2.1.6.2
1.5.21437.6.2.1.1.3.12
1.5.21626.7.2.1.7
1.5.21660.9.2.1
1.5.21671.11.2.1.32.13
1.5.21810.12.2.1.4.1.1.1
1.5.21811.11.2.1
1.5.21813.12.2.1
1.5.21983.6.2.1.17.1.1.6
1.5.22035.6.2.1.5.1.2.2.60
1.5.22132.12.2.1.1.1.1.1
1.5.22133.16.2.1
1.5.22156.13.2.1.1
1.5.22235.13.2.1.9
1.5.22266.9.2.1.26.1.27.3.9.25
1.5.22356.7.2.1.5.1.4.3.28
1.5.22392.30.2.1.7.6
1.5.22436.13.2.1
1.5.22493.11.2.1
1.5.22512.7.2.1.5.2.13.1
1.5.22614.11.2.1.1.1
1.5.22644.6.2.1.3.1.1.1
1.5.22765.7.2.1
1.5.22805.6.2.1.4.1.47.6.6
1.5.22951.13.2.1.13.2.8
1.5.22964.14.2.1.2.1.5.2.3
1.5.23037.14.2.1
1.5.23177.13.2.1.2.1.3.2.7
1.5.23191.23.2.1.21.3.14.2
1.5.23266.25.2.1.3.3
1.5.23277.10.2.1.3.1
1.5.23287.20.2.1.13.6
1.5.23293.19.2.1.5.1
1.5.23392.11.2.1.5.1.3.1
1.5.23514.38.2.1.22.1
1.5.23854.7.2.1.16.3.2.1.2.1
1.5.24432.7.2.1.3.1
1.5.24577.7.2.1.29.8.41
1.5.24577.7.2.1.31.1
1.5.24592.16.2.1.4.3.9.1.9
1.5.24618.11.2.1.1.1.18.1
1.5.24639.8.2.1.21.2.28.3
1.5.24999.7.2.1.11.4.6.3.38
1.5.25064.9.2.1.3.4.7.2.7.37
1.5.25085.11.2.1.2.1.3.7
1.5.25233.10.2.1.2.1.5.1
1.5.25341.12.2.1.16.8.20
1.5.25485.8.2.1.24
1.5.25524.7.2.1.5
1.5.25535.22.2.1
1.5.25623.10.2.1
1.5.25632.16.2.1.7.1.3.2.3
1.5.25900.9.2.1.3
1.5.26066.7.2.1.12
1.5.26067.8.2.1
1.5.26183.7.2.1.2.1.12
1.5.26214.8.2.1.15.3.25.5
1.5.26266.7.2.1.3.1
1.5.26281.16.2.1.3.2.3
1.5.26410.18.2.1.20.4
1.5.26443.20.2.1.6.1.1.1.1.25
1.5.26543.15.2.1
1.5.26557.12.2.1.6.4.6.1.13
1.5.26596.8.2.1.2
1.5.26750.8.2.1.7.1.4.1
1.5.27115.8.2.1.2.2
1.5.27192.12.2.1.17
1.5.27647.9.2.1.5.2.35.4
1.5.27785.14.2.1.1.1.5.4
1.5.27790.9.2.1.8.1.9
1.5.28076.8.2.1.12.1.18.3.7
1.5.28107.15.2.1
1.5.28274.10.2.1.4
1.5.28374.8.2.1.20.6
1.5.28385.7.2.1.1.1
1.5.28399.37.2.1.3.1.2.1
1.5.28415.7.2.1.6.2
1.5.28481.6.2.1.1.3.12
1.5.28571.11.2.1.10.4
1.5.28677.13.2.1.5
1.5.28700.9.2.1
1.5.28711.11.2.1.32.13
1.5.28829.12.2.1.4.1.1.1
1.5.28830.11.2.1
1.5.28832.12.2.1
1.5.28870.11.2.1.1.1
1.5.29014.6.2.1.17.1.1.6
1.5.29066.6.2.1.5.1.2.2.60
1.5.29171.12.2.1.1.1.1.1
1.5.29172.16.2.1
1.5.29195.13.2.1.1
1.5.29275.14.2.1.9.1.19.4.67.51
1.5.29276.14.2.1.13
1.5.29303.8.2.1.16.2.68.5.10.58
1.5.29389.7.2.1.5.1.4.3.28
1.5.29456.10.2.1
1.5.29645.11.2.1.1.1
1.5.29678.6.2.1.4.1.1.1
1.5.29821.11.2.1.14
1.5.29839.16.2.1.4.3.5.2
1.5.29899.18.2.1.4.3
1.5.29991.6.2.1.4.1.12
1.5.30087.14.2.1
1.5.30245.8.2.1.9.3.11
1.5.30261.23.2.1.21.3.14.2
1.5.30343.10.2.1.3.1
1.5.30353.20.2.1.13.6
1.5.30359.19.2.1.5.1
1.5.30409.8.2.1.2.2
1.5.30462.11.2.1.5.1.3.1
1.5.30527.5.2.1.17.3.14.4
1.5.30559.11.2.1.20.5
1.5.30593.38.2.1.10.1
1.5.30630.7.2.1
1.5.30977.7.2.1.22.5
1.5.31099.14.2.1.2.1
1.5.31688.20.2.1
1.5.31704.8.2.1.3.1.2.1
1.5.31707.8.2.1.3.3.27
1.5.31732.11.2.1.1.1.18.1
1.5.31753.8.2.1.21.2.28.3
1.5.31967.16.2.1.2.8.27
1.5.32130.7.2.1.13.5.41.10.17
1.5.32195.9.2.1.3.4.7.2.7.28
1.5.32216.11.2.1.2.1.3.7
1.5.32367.10.2.1.2.1.5.1
1.5.32478.12.2.1.16.8.20
1.5.32620.8.2.1.23
1.5.32659.7.2.1.5
1.5.32670.22.2.1
1.5.32717.11.2.1.10
1.5.32766.10.2.1
1.5.32845.29.2.1
1.5.33316.6.2.1
1.5.33346.8.2.1.15.3.37.5
1.5.33407.13.2.1.5.5
1.5.33550.18.2.1.20.4
1.5.33594.28.2.1.2.2.2.1
1.5.33683.15.2.1
1.5.33694.7.2.1.2.2.15.2.5
1.5.33734.8.2.1.2
1.5.33786.9.2.1.16.7.10.1.2
1.5.33895.8.2.1.7.1.4.1
1.5.34037.8.2.1.11
1.5.34106.14.2.1
1.5.34305.10.2.1.11.1
1.5.34364.12.2.1.4
1.5.34817.20.2.1.21.2.4
1.5.34883.6.2.1
1.5.34983.9.2.1.8.1.27
1.5.35090.6.2.1
1.5.35213.16.2.1.2
1.5.35282.8.2.1.12.1.18.3.7
1.5.35315.6.2.1
1.5.35368.14.2.1.10.3.11.3.6
1.5.35419.10.2.1.17.1.7
1.5.35464.27.2.1.16.8.107.6.25
1.5.35523.7.2.1
1.5.35533.7.2.1
1.5.35587.12.2.1.28.1.1.1
1.5.35587.12.2.1.28.1.3.2
1.5.35603.37.2.1.3.1.2.1
1.5.35619.7.2.1.6.2
1.5.35889.7.2.1.7
1.5.35923.9.2.1
1.5.35933.7.2.1.5.3
1.5.36051.12.2.1.4.1.1.1
1.5.36052.11.2.1
1.5.36054.12.2.1
1.5.36220.6.2.1.17.1.1.6
1.5.36272.6.2.1.5.1.2.2.60
1.5.36369.12.2.1.1.1.1.1
1.5.36370.16.2.1
1.5.36393.7.2.1.15.2.5.3.33
1.5.36472.14.2.1.9.1.19.4.46.19
1.5.36473.14.2.1.13
1.5.36500.8.2.1.16.2.68.5.10.26
1.5.36584.7.2.1.5.1.4.3.28
1.5.36658.10.2.1
1.5.36714.11.2.1
1.5.36733.7.2.1.5.2.13.1
1.5.36816.19.2.1.8.1
1.5.36862.10.2.1.8.4.9.6
1.5.36998.7.2.1
1.5.37089.18.2.1.4.3
1.5.37184.13.2.1.13.2.8
1.5.37201.9.2.1.1.5.9
1.5.37392.8.2.1.9.3.11
1.5.37408.23.2.1.21.3.14.2
1.5.37483.25.2.1.3.3
1.5.37494.10.2.1.3.1
1.5.37504.20.2.1.13.6
1.5.37510.19.2.1.5.1
1.5.37561.8.2.1.2.2
1.5.37614.11.2.1.5.1.3.1
1.5.37742.38.2.1.10.1
1.5.38106.7.2.1.22.5
1.5.38150.12.2.1.2.2
1.5.38667.7.2.1.3.1
1.5.38806.7.2.1.29.8.41
1.5.38806.7.2.1.31.1
1.5.38821.16.2.1.4.3.9.1.9
1.5.38847.11.2.1.1.1.18.1
1.5.38868.8.2.1.21.2.28.3
1.5.39065.16.2.1.10.3.14.6.4
1.5.39226.7.2.1.13.5.14.5.4
1.5.39291.9.2.1.3.4.7.2.7.27
1.5.39314.7.2.1.15.3
1.5.39464.10.2.1.2.1.5.1
1.5.39575.12.2.1.16.8.20
1.5.39700.8.2.1.17.7.19
1.5.39745.7.2.1.5
1.5.39756.22.2.1
1.5.39803.11.2.1.10
1.5.39852.10.2.1
1.5.39861.16.2.1.7.1.3.2.3
1.5.40123.8.2.1.13
1.5.40370.10.2.1.6.4.10.1
1.5.40595.18.2.1.20.4
1.5.40639.28.2.1.2.2.2.1
1.5.40728.15.2.1
1.5.40739.7.2.1.2.2.15.2.5
1.5.40779.8.2.1.2
1.5.40831.9.2.1.16.7.10.1.2
1.5.40888.11.2.1
1.5.41086.8.2.1.11
1.5.41322.7.2.1
1.5.41401.12.2.1.17
1.5.41860.20.2.1.21.2.4
1.5.41926.6.2.1
1.5.42026.14.2.1.1.1.5.4
1.5.42031.9.2.1.8.1.8
1.5.42298.12.2.1.2.1.7.2.5
1.5.42382.14.2.1.10.3.11.3.6
1.5.42442.13.2.1.14
1.5.42506.10.2.1.4
1.5.42616.8.2.1.20.6
1.5.42627.7.2.1.1.1
1.5.42641.37.2.1.3.1.2.1
1.5.42657.7.2.1.6.2
1.5.42924.7.2.1.7
1.5.42958.9.2.1
1.5.43119.12.2.1.4.1.1.1
1.5.43120.11.2.1
1.5.43122.12.2.1
1.5.43295.6.2.1.17.1.1.6
1.5.43348.6.2.1.5.1.2.2.65
1.5.43476.7.2.1.15.2.5.3.59
1.5.43555.14.2.1.9.1.19.4.46.15
1.5.43556.14.2.1.13
1.5.43589.12.2.1.10.1.2.1
1.5.43674.7.2.1.5.1.4.3.28
1.5.43710.30.2.1.7.6
1.5.43754.13.2.1
1.5.43914.19.2.1.8.1
1.5.43934.11.2.1.1.1
1.5.43967.6.2.1.4.1.1.1
1.5.44096.7.2.1
1.5.44134.16.2.1.2.1.2.1.3
1.5.44286.8.2.1.24
1.5.44302.13.2.1.2.2.3.15.12
1.5.44368.14.2.1
1.5.44523.9.2.1.26.1.22.2.26
1.5.44611.25.2.1.3.3
1.5.44622.10.2.1.3.1
1.5.44632.20.2.1.13.6
1.5.44638.19.2.1.5.1
1.5.44736.9.2.1.11.7.21.2.2
1.5.44800.5.2.1.17.3.14.4
1.5.44832.11.2.1.20.5
1.5.44943.8.2.1.9.1.19
1.5.45205.7.2.1.16.3.2.1.2.1
1.5.45639.11.2.1.6.2
1.5.45667.8.2.1.47.1.25
1.5.45898.6.2.1
1.5.45937.8.2.1.3.1.2.1
1.5.45940.8.2.1.3.3.27
1.5.45965.11.2.1.1.1.18.1
1.5.45986.8.2.1.21.2.28.3
1.5.46193.16.2.1.2.8.27
1.5.46358.7.2.1.11.4.6.3.38
1.5.46423.9.2.1.3.4.7.2.7.37
1.5.46446.7.2.1.15.3
1.5.46601.10.2.1.2.1.5.1
1.5.46718.6.2.1.7
1.5.46772.8.2.1.15.5
1.5.46885.6.2.1.3.1.22
1.5.46931.7.2.1.5
1.5.46942.22.2.1
1.5.46989.11.2.1.10
1.5.47036.9.2.1.2.1.7.2
1.5.47041.17.2.1.7.2.5.1.8
1.5.47549.7.2.1.2.1.12
1.5.47580.8.2.1.15.3.25.5
1.5.47783.18.2.1.20.4
1.5.47827.28.2.1.2.2.2.1
1.5.47866.8.2.1.5.2
1.5.47928.15.2.1
1.5.47939.7.2.1.2.2.15.2.5
1.5.47979.8.2.1.2
1.5.48031.9.2.1.16.7.10.1.2
1.5.48088.11.2.1
1.5.48141.8.2.1.7.1.4.1
1.5.48311.6.2.1.7.1.2.2
1.5.48511.7.2.1
1.5.48590.12.2.1.17
1.5.49040.20.2.1.43.2.22
1.5.49101.8.2.1.7.2.18.3
1.5.49186.14.2.1.1.1.5.4
1.5.49191.9.2.1.8.1.8
1.5.49462.8.2.1.12.1.18.3.7
1.5.49503.8.2.1.4
1.5.49555.14.2.1.10.3.11.3.6
1.5.49605.13.2.1.14
1.5.49663.10.2.1.4
1.5.49720.7.2.1
1.5.49730.7.2.1
1.5.49783.8.2.1.20.6
1.5.49794.7.2.1.1.1
1.5.49808.37.2.1.3.1.2.1
1.5.49824.7.2.1.6.2
1.5.49890.6.2.1.1.3.12
1.5.50082.7.2.1.7
1.5.50116.9.2.1
1.5.50127.11.2.1.32.13
1.5.50269.8.2.1
1.5.50309.11.2.1.1.1
1.5.50455.6.2.1.17.1.1.6
1.5.50508.6.2.1.5.1.2.2.65
1.5.50613.12.2.1.1.1.1.1
1.5.50614.16.2.1
1.5.50637.7.2.1.15.2.5.3.33
1.5.50716.14.2.1.9.1.19.4.46.51
1.5.50717.14.2.1.13
1.5.50744.8.2.1.16.2.68.5.10.58
1.5.50823.7.2.1.5.1.4.3.28
1.5.50897.10.2.1
1.5.50953.11.2.1
1.5.50972.7.2.1.5.2.13.1
1.5.51072.11.2.1.1.1
1.5.51105.6.2.1.4.1.1.1
1.5.51226.7.2.1
1.5.51266.6.2.1.4.1.46.6.6
1.5.51313.18.2.1.4.3
1.5.51415.6.2.1.4.1.2
1.5.51511.14.2.1
1.5.51562.10.2.1.17.4
1.5.51656.24.2.1.11.6.20
1.5.51676.23.2.1.21.3.14.2
1.5.51758.10.2.1.3.1
1.5.51768.20.2.1.13.6
1.5.51774.19.2.1.5.1
1.5.51881.11.2.1.5.1.3.1
1.5.51946.5.2.1.17.3.14.4
1.5.51966.11.2.1.5.3
1.5.51996.38.2.1.22.1
1.5.52372.7.2.1.22.5
1.5.52412.12.2.1.2.2
1.5.52963.8.2.1.1.1
1.5.53095.7.2.1.7.3.12.4.12
1.5.53105.16.2.1.4.3.9.1.9
1.5.53131.11.2.1.1.1.18.1
1.5.53152.8.2.1.21.2.28.3
1.5.53356.16.2.1.10.3.14.6.4
1.5.53418.18.2.1
1.5.53512.7.2.1.13.5.14.5.4
1.5.53574.11.2.1
1.5.53577.9.2.1.3.4.21.2.13.28
1.5.53598.11.2.1.2.1.3.7
1.5.53755.10.2.1.2.1.5.1
1.5.53816.7.2.1.13
1.5.53872.18.2.1.3.2.2
1.5.53874.6.2.1.8
1.5.53924.8.2.1.15.5
1.5.54023.8.2.1.17.7.19
1.5.54058.7.2.1.5
1.5.54069.22.2.1
1.5.54116.11.2.1.10
1.5.54163.9.2.1.2.1.7.2
1.5.54168.17.2.1.7.2.5.1.8
1.5.54236.29.2.1
1.5.54461.8.2.1.13
1.5.54701.6.2.1.34.4
1.5.54713.10.2.1.6.4.10.1
1.5.54792.13.2.1.5.5
1.5.54935.18.2.1.20.4
1.5.54979.28.2.1.2.2.2.1
1.5.55021.8.2.1.5.2
1.5.55080.15.2.1
1.5.55091.7.2.1.2.2.15.2.5
1.5.55124.8.2.1.2
1.5.55177.9.2.1.16.7.10.1.2
1.5.55309.16.2.1.6.7.4.1
1.5.55421.8.2.1.11
1.5.55654.8.2.1.2.2
1.5.55731.12.2.1.17
1.5.56175.9.2.1.5.2.35.4
1.5.56225.8.2.1.6.6.10.4
1.5.56306.14.2.1.1.1.5.4
1.5.56311.9.2.1.8.1.8
1.5.56594.8.2.1.12.1.18.3.7
1.5.56625.15.2.1
1.5.56680.14.2.1.10.3.11.3.6
1.5.56800.10.2.1.4
1.5.56910.8.2.1.20.6
1.5.56921.7.2.1.1.1
1.5.56935.37.2.1.3.1.2.1
1.5.56951.7.2.1.6.2
1.5.57017.6.2.1.1.3.12
1.5.57221.7.2.1.7
1.5.57255.9.2.1
1.5.57265.7.2.1.5.3
1.5.57386.8.2.1
1.5.57560.6.2.1.17.1.1.6
1.5.57613.6.2.1.5.1.2.2.65
1.5.57702.13.2.1
1.5.57730.13.2.1.1
1.5.57809.13.2.1.9
1.5.57840.13.2.1
1.5.57843.8.2.1.4.1.4.1
1.5.57910.8.2.1.15
1.5.58004.10.2.1
1.5.58023.8.2.1.13.4.15
1.5.58060.11.2.1
1.5.58079.7.2.1.5.2.13.1
1.5.58162.19.2.1.8.1
1.5.58182.11.2.1.1.1
1.5.58215.6.2.1.4.1.1.1
1.5.58336.7.2.1
1.5.58541.8.2.1.24
1.5.58555.6.2.1.5.5.14.2.7
1.5.58623.14.2.1
1.5.58785.13.2.1.2.1.3.2.7
1.5.58871.25.2.1.3.3
1.5.58882.10.2.1.3.1
1.5.58892.20.2.1.13.6
1.5.58898.19.2.1.5.1
1.5.58949.8.2.1.2.2
1.5.59002.11.2.1.5.1.3.1
1.5.59067.5.2.1.17.3.14.4
1.5.59099.11.2.1.20.5
1.5.59494.7.2.1.22.5
1.5.59708.17.2.1.14.9
1.5.60193.6.2.1
1.5.60212.10.2.1
1.5.60227.8.2.1.3.1.2.1
1.5.60230.8.2.1.3.3.27
1.5.60255.11.2.1.1.1.18.1
1.5.60276.8.2.1.21.2.28.3
1.5.60660.7.2.1.11.4.6.3.4
1.5.60713.6.2.1
1.5.60718.23.2.1.2.1
1.5.60745.7.2.1.15.3
1.5.60903.10.2.1.2.1.5.1
1.5.61015.7.2.1.9.3.21
1.5.61017.13.2.1.1.2.25
1.5.61147.8.2.1.24
1.5.61186.7.2.1.5
1.5.61197.22.2.1
1.5.61244.11.2.1.10
1.5.61293.10.2.1
1.5.61413.6.2.1.10.3.4
1.5.61563.8.2.1.13
1.5.61814.6.2.1
1.5.61844.8.2.1.15.3.37.5
1.5.61896.7.2.1.3.1
1.5.61911.16.2.1.3.2.3
1.5.62050.18.2.1.20.4
1.5.62094.28.2.1.2.2.2.1
1.5.62133.8.2.1.5.2
1.5.62195.15.2.1
1.5.62206.7.2.1.2.2.15.2.5
1.5.62246.8.2.1.2
1.5.62299.9.2.1.16.7.10.1.2
1.5.62552.8.2.1.11
1.5.62589.6.2.1.7.1.2.2
1.5.62630.14.2.1
1.5.62828.10.2.1.11.1
1.5.62891.6.2.1.14.5.3.1.14
1.5.62895.10.2.1.10
1.5.63352.20.2.1.21.2.4
1.5.63418.6.2.1
1.5.63511.14.2.1.1.1.5.4
1.5.63516.9.2.1.8.1.8
1.5.63732.16.2.1.2
1.5.63800.8.2.1.12.1.18.3.7
1.5.63842.8.2.1.4
1.5.63892.14.2.1.10.3.11.3.6
1.5.63942.13.2.1.14
1.5.63986.8.2.1.10.4
1.5.64003.27.2.1.16.8.18.6.13
1.5.64105.8.2.1.20.6
1.5.64116.7.2.1.1.1
1.5.64130.37.2.1.3.1.2.1
1.5.64146.7.2.1.6.2
1.5.64437.7.2.1.7
1.5.64471.9.2.1
1.5.64614.8.2.1
1.5.64784.6.2.1.17.1.1.6
1.5.64836.6.2.1.5.1.2.2.60
1.5.64936.6.2.1.3.1
1.5.64958.7.2.1.8.4.19.6.11
1.5.65037.14.2.1.9.1.19.4.46.64
1.5.65038.14.2.1.13
1.5.65065.8.2.1.16.2.68.5.10.71
1.5.65153.7.2.1.5.1.4.3.28
1.5.65211.8.2.1
1.5.65231.10.2.1
1.5.65420.11.2.1.1.1
1.5.65453.6.2.1.4.1.1.1
1.5.65593.7.2.1
1.5.65686.18.2.1.4.3
1.5.65807.8.2.1.24
1.5.65823.13.2.1.2.2.3.15.12
1.5.65889.14.2.1
1.5.66031.9.2.1.26.1.22.2.26
1.5.66047.23.2.1.21.3.14.2
1.5.66129.10.2.1.3.1
1.5.66139.20.2.1.13.6
1.5.66145.19.2.1.5.1
1.5.66195.8.2.1.2.2
1.5.66248.11.2.1.5.1.3.1
1.5.66313.5.2.1.17.3.14.4
1.5.66333.11.2.1.5.3
1.5.66353.13.2.1.1
1.5.66708.7.2.1.16.3.2.1.2.1
1.5.66915.17.2.1.14.9
1.5.67145.11.2.1.6.2
1.5.67173.8.2.1.47.1.25
1.5.67303.7.2.1.3.1
1.5.67441.20.2.1
1.5.67457.8.2.1.3.1.2.1
1.5.67460.8.2.1.3.3.27
1.5.67485.11.2.1.1.1.18.1
1.5.67506.8.2.1.21.2.28.3
1.5.67714.16.2.1.2.8.27
1.5.67748.6.2.1.3.2
1.5.67765.10.2.1.2.4
1.5.67872.7.2.1.13.5.14.5.4
1.5.67925.6.2.1
1.5.67930.23.2.1.2.1
1.5.67957.7.2.1.15.3
1.5.68121.10.2.1.2.1.5.1
1.5.68237.12.2.1.16.8.20
1.5.68289.8.2.1.15.5
1.5.68388.8.2.1.17.7.19
1.5.68433.7.2.1.5
1.5.68444.22.2.1
1.5.68530.9.2.1.2.1.7.2
1.5.68604.29.2.1
1.5.68660.6.2.1.10.3.4
1.5.68791.8.2.1.13
1.5.69027.7.2.1.2.1.12
1.5.69058.8.2.1.15.3.25.5
1.5.69269.18.2.1.20.4
1.5.69302.20.2.1.6.1.1.1.1.21
1.5.69402.15.2.1
1.5.69413.7.2.1.2.2.15.2.5
1.5.69453.8.2.1.2
1.5.69557.11.2.1
1.5.69587.6.2.1.4.1.3.3
1.5.69596.12.2.1.4.1
1.5.69744.8.2.1.11
1.5.69776.7.2.1.3.2
1.5.69781.7.2.1
1.5.69813.14.2.1
1.5.70024.10.2.1.11.1
1.5.70083.12.2.1.4
1.5.70536.20.2.1.21.2.4
1.5.70602.6.2.1
1.5.70688.14.2.1.1.1.5.4
1.5.70693.9.2.1.8.1.8
1.5.70971.8.2.1.12.1.18.3.7
1.5.71012.6.2.1
1.5.71064.14.2.1.10.3.11.3.6
1.5.71114.13.2.1.14
1.5.71158.8.2.1.10.4
1.5.71173.7.2.1.30.6.43.6.17
1.5.71266.36.2.1.6.7.36.1
1.5.71276.8.2.1.21.6
1.5.71287.7.2.1.1.1
1.5.71301.37.2.1.3.1.2.1
1.5.71317.7.2.1.6.2
1.5.71383.6.2.1.1.3.12
1.5.71588.13.2.1.5
1.5.71611.9.2.1
1.5.71622.11.2.1.32.13
1.5.71765.12.2.1.4.1.1.1
1.5.71766.11.2.1
1.5.71768.12.2.1
1.5.71806.11.2.1.1.1
1.5.71947.6.2.1.17.1.1.6
1.5.72000.6.2.1.5.1.2.2.65
1.6.80.8.2.1.3.3
1.6.157.8.2.1.17.1.6
1.6.263.8.2.1.34
1.6.292.8.2.1.4.2.22.2.6.14
1.6.358.8.2.1.19
1.6.387.8.2.1.17.4.8.3.16
1.6.434.8.2.1.3.1.2.1
1.6.459.8.2.1
1.6.464.8.2.1.2.1.38.14
1.6.467.8.2.1
1.6.493.8.2.1.19
1.6.600.8.2.1.34
1.6.657.8.2.1.17.1.2.7
1.6.677.8.2.1
1.6.709.8.2.1.1.1.7.3
1.6.848.8.2.1.40.1.2.1.3
1.6.907.8.2.1.3
1.6.1055.8.2.1
1.6.1088.8.2.1.12.5.7.5.13
1.6.1302.8.2.1
1.6.1326.8.2.1.7
1.6.1435.8.2.1
1.6.1488.8.2.1.8.1.8.3
1.6.1533.8.2.1.17
1.6.1603.8.2.1.25.5.4.3
1.6.1624.8.2.1.10.1
1.6.1698.8.2.1.12.1.1.2
1.6.1709.8.2.1.38.4
1.6.1760.8.2.1.2.5
1.6.2112.8.2.1.2.2.5.1
1.6.2174.8.2.1.3.2.3.1.6.9
1.6.2643.8.2.1.7.5.7.2.9
1.6.2700.8.2.1.7.4.3.7.39
1.6.2797.8.2.1.9.6
1.6.2831.8.2.1.6.2
1.6.2945.8.2.1.26.1.18
1.6.2962.8.2.1.3
1.6.3027.8.2.1
1.6.3084.8.2.1
1.6.3184.8.2.1
1.6.3265.8.2.1.3.1.1
1.6.3510.8.2.1.33.3.21.2
1.6.3516.8.2.1
1.6.3517.8.2.1.41.3.3
1.6.3643.8.2.1
1.6.3769.8.2.1.1.5
1.6.3861.8.2.1
1.6.3895.8.2.1.3.1.1.1.4
1.6.3895.8.2.1.3.1.1.1.15
1.6.3934.8.2.1.13.6
1.6.4053.8.2.1.46.1.40
1.6.4144.8.2.1.5.3.7.1.5
1.6.4204.8.2.1.13.1.16.4
1.6.4290.8.2.1
1.6.4519.8.2.1.2.7.7
1.6.4630.8.2.1.23.4
1.6.4770.8.2.1.3
1.6.4901.8.2.1.11.3.15
1.6.5089.8.2.1
1.6.5227.8.2.1.14
1.6.5265.8.2.1.13.2.14.8.14
1.6.5340.8.2.1.1.2.9.1
1.6.5363.8.2.1.7.1.8
1.6.5390.8.2.1.2.6.7.6.19
1.6.5440.8.2.1.8.3.19.8
1.6.5461.8.2.1.48.2
1.6.5635.8.2.1.24.7
1.6.5745.8.2.1.2.1.11.6
1.6.5772.8.2.1
1.6.5980.8.2.1.13
1.6.5991.8.2.1.14.15.21
1.6.6288.8.2.1
1.6.6326.8.2.1.6
1.6.6474.8.2.1.3.1
1.6.6486.8.2.1.5.6.14.2.53
1.6.6527.8.2.1.15.2.15.1
1.6.6671.8.2.1.6.4.16.2.5
1.6.6885.8.2.1
1.6.6967.8.2.1.14.1.2
1.6.6972.8.2.1.13.1.4.2
1.6.7059.8.2.1.7
1.6.7093.8.2.1.7.1
1.6.7138.8.2.1.16
1.6.7266.8.2.1.18.6
1.6.7312.8.2.1.24.2.16.1
1.6.7334.8.2.1.13.1.7.4
1.6.7334.8.2.1.13.1.9.2
1.6.7429.8.2.1.2.1
1.6.7560.8.2.1.3.2.4.6
1.6.7672.8.2.1
1.6.7678.8.2.1.54.4.17
1.6.7746.8.2.1
1.6.8022.8.2.1.1.1.3.4
1.6.8084.8.2.1.13.3
1.6.8114.8.2.1.2.1
1.6.8159.8.2.1.1.1
1.6.8160.8.2.1.5
1.6.8256.8.2.1.2.1
1.6.8265.8.2.1.3.1
1.6.8302.8.2.1.17.1.6
1.6.8408.8.2.1.34
1.6.8447.8.2.1.1.2.9.2
1.6.8546.8.2.1.3
1.6.8591.8.2.1.9.1
1.6.8721.8.2.1.13.2.2.1
1.6.8845.8.2.1
1.6.8877.8.2.1.1.1.7.3
1.6.9030.8.2.1.21
1.6.9079.8.2.1.3
1.6.9225.8.2.1
1.6.9241.8.2.1.2
1.6.9268.8.2.1.10.1.2
1.6.9449.8.2.1.9.5.11.5
1.6.9514.8.2.1.7
1.6.9643.8.2.1
1.6.9697.8.2.1.8.1.8.3
1.6.9742.8.2.1.17
1.6.9806.8.2.1.6.4
1.6.9845.8.2.1.17.1
1.6.9905.8.2.1
1.6.9942.8.2.1.19.4
1.6.10345.8.2.1.2.2.5.1
1.6.10501.8.2.1.1.1
1.6.10879.8.2.1
1.6.10939.8.2.1.7.4.3.7.58
1.6.11034.8.2.1.2.2.6.3.8.43
1.6.11065.8.2.1.6.2
1.6.11145.8.2.1.7.1
1.6.11173.8.2.1.2.3.9
1.6.11194.8.2.1.3
1.6.11259.8.2.1
1.6.11316.8.2.1
1.6.11413.8.2.1
1.6.11496.8.2.1.19.2.5
1.6.11734.8.2.1.34.3.21.2
1.6.11740.8.2.1
1.6.11741.8.2.1.42.3.3
1.6.11812.8.2.1.8.1.3.2
1.6.11859.8.2.1
1.6.11985.8.2.1.1.5
1.6.12077.8.2.1
1.6.12125.8.2.1.6.2.3.1.13
1.6.12127.8.2.1.1.1.5
1.6.12166.8.2.1.13.6
1.6.12275.8.2.1.2
1.6.12378.8.2.1.2.5.9.1.2
1.6.12440.8.2.1.13.1.16.4
1.6.12447.8.2.1.5.3.6
1.6.12514.8.2.1
1.6.12754.8.2.1.2.7.7
1.6.12866.8.2.1.23.4
1.6.13005.8.2.1.5
1.6.13142.8.2.1.11.3.15
1.6.13332.8.2.1
1.6.13374.8.2.1
1.6.13452.8.2.1.14
1.6.13490.8.2.1.13.2.14.8.14
1.6.13564.8.2.1.1.2.9.1
1.6.13587.8.2.1.7.1.8
1.6.13660.8.2.1.20.4.2.4
1.6.13681.8.2.1.48.2
1.6.13974.8.2.1
1.6.14002.8.2.1.1.1.14
1.6.14041.8.2.1.5.2.1.3
1.6.14179.8.2.1.15.1.12.2.4
1.6.14187.8.2.1.11.1
1.6.14189.8.2.1.4
1.6.14494.8.2.1
1.6.14535.8.2.1.6
1.6.14702.8.2.1.6.1.4
1.6.14746.8.2.1.12.7.23.1
1.6.14915.8.2.1.6.4.16.2.5
1.6.15238.8.2.1
1.6.15301.8.2.1.3
1.6.15369.8.2.1.16
1.6.15497.8.2.1.18.6
1.6.15543.8.2.1.24.2.16.1
1.6.15565.8.2.1.13.1.7.4
1.6.15565.8.2.1.13.1.9.2
1.6.15662.8.2.1.2.1
1.6.15804.8.2.1.4.4
1.6.15931.8.2.1.2.1.2.2
1.6.15972.8.2.1
1.6.16295.8.2.1
1.6.16310.8.2.1.13.3
1.6.16340.8.2.1.2.1
1.6.16385.8.2.1.1.1
1.6.16386.8.2.1.5
1.6.16636.8.2.1.34
1.6.16675.8.2.1.1.2.9.2
1.6.16774.8.2.1.3
1.6.17047.8.2.1
1.6.17063.8.2.1.31.1
1.6.17092.8.2.1.1.1.7.3
1.6.17240.8.2.1.34
1.6.17286.8.2.1.3
1.6.17473.8.2.1.10.1.2
1.6.17654.8.2.1.9.5.11.5
1.6.17701.8.2.1
1.6.17731.8.2.1.7
1.6.17864.8.2.1
1.6.17920.8.2.1.8.1.8.3
1.6.17965.8.2.1.17
1.6.18029.8.2.1.6.4
1.6.18068.8.2.1.17.1
1.6.18135.8.2.1.12.1.1.2
1.6.18146.8.2.1.38.4
1.6.18183.8.2.1.2.1.11
1.6.18205.8.2.1.3.3
1.6.18542.8.2.1.2.2.5.1
1.6.18680.8.2.1
1.6.18717.8.2.1.1.1
1.6.19072.8.2.1.3
1.6.19100.8.2.1.16.1.2.1.13
1.6.19167.8.2.1.7.4.3.7.43
1.6.19265.8.2.1.9.6
1.6.19297.8.2.1.6.2
1.6.19362.8.2.1.13.13.24.8
1.6.19366.8.2.1
1.6.19402.8.2.1.8.1.13
1.6.19419.8.2.1.3
1.6.19484.8.2.1
1.6.19716.8.2.1.19.2.5
1.6.19878.8.2.1.2.3.27
1.6.19940.8.2.1.6.5
1.6.19940.8.2.1.7.1.11.2
1.6.19964.8.2.1.2.1.1.1.1
1.6.20045.8.2.1
1.6.20171.8.2.1.1.5
1.6.20260.8.2.1
1.6.20295.8.2.1.3.1.1.1.4
1.6.20295.8.2.1.3.1.1.1.15
1.6.20343.8.2.1.6.5
1.6.20456.8.2.1.3.2.23.5.33
1.6.20467.8.2.1
1.6.20501.8.2.1
1.6.20633.8.2.1.3
1.6.20692.8.2.1
1.6.20712.8.2.1.4.1.1.1
1.6.20764.8.2.1.8
1.6.20946.8.2.1.2.7.7
1.6.21057.8.2.1.23.4
1.6.21154.8.2.1.4.1.2.6
1.6.21203.8.2.1.3
1.6.21318.8.2.1.11.3.15
1.6.21519.8.2.1
1.6.21561.8.2.1
1.6.21637.8.2.1.14
1.6.21687.8.2.1.7.2.3
1.6.21748.8.2.1.1.2.9.1
1.6.21771.8.2.1.7.1.8
1.6.21798.8.2.1.2.6.7.6.19
1.6.21865.8.2.1.4.1
1.6.22006.8.2.1.20
1.6.22020.8.2.1.15.9
1.6.22167.8.2.1
1.6.22187.8.2.1.1.1.14
1.6.22364.8.2.1.13
1.6.22375.8.2.1.14.15.21
1.6.22690.8.2.1
1.6.22728.8.2.1.6
1.6.22882.8.2.1.6.1.4
1.6.22931.8.2.1.29.3.26.1
1.6.23094.8.2.1.6.4.16.2.5
1.6.23391.8.2.1
1.6.23451.8.2.1.7
1.6.23485.8.2.1.7.1
1.6.23527.8.2.1.5
1.6.23587.8.2.1.17.5.24.2.11
1.6.23661.8.2.1.10.4
1.6.23714.8.2.1.16.3.2.1
1.6.23745.8.2.1.3.3.10.2
1.6.23748.8.2.1.6.2.8.1.3
1.6.23762.8.2.1.5.1
1.6.23974.8.2.1.4.4
1.6.24092.8.2.1.16
1.6.24175.8.2.1
1.6.24294.8.2.1.3
1.6.24474.8.2.1
1.6.24489.8.2.1.13.3
1.6.24521.8.2.1.2.1
1.6.24667.8.2.1.3.3
1.6.24688.8.2.1.4.2.7.3
1.6.24847.8.2.1.34
1.6.24886.8.2.1.1.2.9.2
1.6.24960.8.2.1.21.1.4
1.6.25006.8.2.1.3.1.2.1
1.6.25031.8.2.1
1.6.25036.8.2.1.2.1.38.14
1.6.25039.8.2.1
1.6.25131.8.2.1.13.2.2.1
1.6.25231.8.2.1.17.1.2.7
1.6.25251.8.2.1.30.1
1.6.25280.8.2.1.1.1.7.3
1.6.25419.8.2.1.40.1.2.1.3
1.6.25472.8.2.1.3
1.6.25557.8.2.1.3.1.1
1.6.25558.8.2.1.5.3.7.2
1.6.25649.8.2.1.29.1.2
1.6.25807.8.2.1.14.4
1.6.25897.8.2.1.7
1.6.26089.8.2.1.8.1.8.3
1.6.26134.8.2.1.17
1.6.26204.8.2.1.25.5.4.3
1.6.26237.8.2.1.17.1
1.6.26311.8.2.1.12.1.1.2
1.6.26322.8.2.1.38.4
1.6.26730.8.2.1.2.2.5.1
1.6.26761.8.2.1
1.6.26879.8.2.1
1.6.26898.8.2.1.7.5
1.6.27250.8.2.1.3
1.6.27278.8.2.1.16.1.2.1.13
1.6.27344.8.2.1.7.4.3.7.35
1.6.27442.8.2.1.9.6
1.6.27474.8.2.1.6.2
1.6.27588.8.2.1.8.1.13
1.6.27605.8.2.1.3
1.6.27670.8.2.1
1.6.27911.8.2.1.17.1.28.6.21
1.6.28170.8.2.1.33.3.21.2
1.6.28176.8.2.1
1.6.28177.8.2.1.41.3.3
1.6.28307.8.2.1
1.6.28433.8.2.1.1.5
1.6.28558.8.2.1.3.1.1.1.4
1.6.28558.8.2.1.3.1.1.1.15
1.6.28597.8.2.1.13.6
1.6.28717.8.2.1.2
1.6.28725.8.2.1
1.6.28902.8.2.1.11.1.16.4
1.6.28967.8.2.1
1.6.28987.8.2.1.2.1.1.1
1.6.29174.8.2.1.1
1.6.29366.8.2.1
1.6.29398.8.2.1.1.1.43.7
1.6.29513.8.2.1.1.4.12
1.6.29630.8.2.1.11.3.15
1.6.29827.8.2.1
1.6.29869.8.2.1
1.6.29945.8.2.1.14
1.6.29983.8.2.1.13.2.14.8.14
1.6.30057.8.2.1.1.2.9.1
1.6.30080.8.2.1.7.1.8
1.6.30164.8.2.1.4.1
1.6.30329.8.2.1.24.7
1.6.30461.8.2.1
1.6.30655.8.2.1.15.1.12.2.4
1.6.30663.8.2.1.11.1
1.6.30665.8.2.1.4
1.6.31004.8.2.1.6
1.6.31172.8.2.1.6.1.4
1.6.31218.8.2.1.14.8.26.1
1.6.31355.8.2.1.6.1.3
1.6.31424.8.2.1.4.2
1.6.31425.8.2.1.7.2.5.4
1.6.31692.8.2.1
1.6.31751.8.2.1.12
1.6.31806.8.2.1.16
1.6.31931.8.2.1.10.4
1.6.31986.8.2.1.24.2.16.1
1.6.32008.8.2.1.13.1.7.4
1.6.32008.8.2.1.13.1.9.2
1.6.32103.8.2.1.2.1
1.6.32234.8.2.1.3.2.4.6
1.6.32351.8.2.1.11.6.15
1.6.32430.8.2.1
1.6.32569.8.2.1.43
1.6.32744.8.2.1
1.6.32759.8.2.1.13.3
1.6.32789.8.2.1.2.1
1.6.32828.8.2.1.3.3
1.6.32839.8.2.1.1.1
1.6.32840.8.2.1.5
1.6.32900.8.2.1.3.3
1.6.32917.8.2.1.27.2
1.6.32968.8.2.1.17.1.6
1.6.33074.8.2.1.34
1.6.33113.8.2.1.1.2.9.2
1.6.33206.8.2.1.3
1.6.33255.8.2.1.9.1
1.6.33385.8.2.1.13.2.2.1
1.6.33512.8.2.1.58.1
1.6.33541.8.2.1.1.1.7.3
1.6.33680.8.2.1.40.1.2.1.3
1.6.33727.8.2.1.3
1.6.33799.8.2.1.6.6.10.3
1.6.33901.8.2.1.15.6.19.2.7
1.6.34047.8.2.1
1.6.34083.8.2.1.9.5.11.5
1.6.34130.8.2.1
1.6.34160.8.2.1.7
1.6.34269.8.2.1
1.6.34325.8.2.1.8.1.8.3
1.6.34370.8.2.1.17
1.6.34440.8.2.1.25.5.4.3
1.6.34473.8.2.1.17.1
1.6.34544.8.2.1.12.1.1.2
1.6.34555.8.2.1.38.4
1.6.34881.8.2.1
1.6.34886.8.2.1.10.3
1.6.34923.8.2.1.3.1
1.6.34959.8.2.1
1.6.35443.8.2.1.3
1.6.35471.8.2.1.16.1.2.1.13
1.6.35541.8.2.1.16
1.6.35633.8.2.1.2.2.6.3.8.35
1.6.35755.8.2.1.2.1.2.1
1.6.35790.8.2.1.7.2.6
1.6.35793.8.2.1.3.3.5.1.11
1.6.35809.8.2.1.3
1.6.35824.8.2.1.2.1
1.6.35840.8.2.1.8.5.13.1
1.6.35876.8.2.1
1.6.36100.8.2.1.17.1.28.6.29
1.6.36256.8.2.1.2.3.27
1.6.36322.8.2.1.33.3.21.2
1.6.36328.8.2.1
1.6.36329.8.2.1.41.3.3
1.6.36455.8.2.1
1.6.36581.8.2.1.1.5
1.6.36673.8.2.1
1.6.36722.8.2.1.6.2.3.1.13
1.6.36724.8.2.1.1.1.5
1.6.36758.8.2.1.13.6
1.6.36876.8.2.1.2
1.6.36884.8.2.1
1.6.37046.8.2.1.13.1.16.4
1.6.37057.8.2.1.5
1.6.37197.8.2.1.8
1.6.37432.8.2.1
1.6.37464.8.2.1
1.6.37517.8.2.1
1.6.37549.8.2.1.1.1.43.7
1.6.37599.8.2.1.4.1.2.6
1.6.37653.8.2.1.1.4.12
1.6.37786.8.2.1.11.3.15
1.6.37903.8.2.1
1.6.37989.8.2.1
1.6.38036.8.2.1
1.6.38112.8.2.1.14
1.6.38157.8.2.1.1.5.9.1.5
1.6.38221.8.2.1.1.2.9.1
1.6.38244.8.2.1.7.1.8
1.6.38271.8.2.1.2.6.7.6.19
1.6.38316.8.2.1.1.1.15.8
1.6.38337.8.2.1.48.2
1.6.38360.8.2.1
1.6.38525.8.2.1.5.4
1.6.38642.8.2.1
1.6.38836.8.2.1.10.2.6.1.1
1.6.38844.8.2.1.12.9.21
1.6.39155.8.2.1
1.6.39276.8.2.1.21.7
1.6.39357.8.2.1.6.1.4
1.6.39422.8.2.1.19.2.4
1.6.39567.8.2.1.1.4.19
1.6.39659.8.2.1
1.6.39913.8.2.1
1.6.39971.8.2.1.7
1.6.40005.8.2.1.7.1
1.6.40047.8.2.1.5
1.6.40172.8.2.1.10.4
1.6.40214.8.2.1.16.3.2.1
1.6.40245.8.2.1.3.3.10.2
1.6.40248.8.2.1.6.2.8.1.3
1.6.40262.8.2.1.5.1
1.6.40341.8.2.1.2.1
1.6.40472.8.2.1.3.2.4.6
1.6.40595.8.2.1.16
1.6.40665.8.2.1
1.6.40975.8.2.1
1.6.40990.8.2.1.13.3
1.6.41190.8.2.1.5.3.6.1
1.6.41250.8.2.1.6.2.23.2.2
1.6.41252.8.2.1.1
1.6.41359.8.2.1.34
1.6.41398.8.2.1.1.2.9.2
1.6.41469.8.2.1.19
1.6.41498.8.2.1.17.4.8.3.16
1.6.41546.8.2.1.9.1
1.6.41776.8.2.1
1.6.41808.8.2.1.1.1.7.3
1.6.41957.8.2.1.21
1.6.42007.8.2.1.3
1.6.42152.8.2.1
1.6.42189.8.2.1.29.1.2
1.6.42362.8.2.1.9.5.11.5
1.6.42409.8.2.1
1.6.42580.8.2.1
1.6.42648.8.2.1.8.1.8.3
1.6.42693.8.2.1.17
1.6.42761.8.2.1.31.9
1.6.42803.8.2.1.17.1
1.6.42886.8.2.1.9.1.1.2
1.6.42897.8.2.1.35.4
1.6.42948.8.2.1.2.5
1.6.43296.8.2.1
1.6.43299.8.2.1.8.7.30.12
1.6.43445.8.2.1
1.6.43814.8.2.1.3
1.6.43842.8.2.1.16.1.2.1.13
1.6.43911.8.2.1.16
1.6.44005.8.2.1.2.2.6.3.8.39
1.6.44036.8.2.1.6.2
1.6.44099.8.2.1.13.13.24.8
1.6.44104.8.2.1.30.1
1.6.44132.8.2.1.2.3.9
1.6.44153.8.2.1.3
1.6.44168.8.2.1.2.1
1.6.44184.8.2.1.8.5.13.1
1.6.44220.8.2.1
1.6.44277.8.2.1
1.6.44454.8.2.1.17.1.7.4.6
1.6.44702.8.2.1.33.3.21.2
1.6.44708.8.2.1
1.6.44709.8.2.1.41.3.3
1.6.44780.8.2.1.8.1.3.2
1.6.44827.8.2.1
1.6.44953.8.2.1.1.5
1.6.45030.8.2.1
1.6.45070.8.2.1.5.2
1.6.45075.8.2.1.3
1.6.45082.8.2.1.3.1.12.6.10
1.6.45135.8.2.1.6.5
1.6.45247.8.2.1.2
1.6.45255.8.2.1
1.6.45419.8.2.1.13.1.16.4
1.6.45701.8.2.1.2.7.7
1.6.45745.8.2.1
1.6.45777.8.2.1
1.6.45828.8.2.1
1.6.45860.8.2.1.1.1.43.7
1.6.45928.8.2.1.4.1.2.7
1.6.45982.8.2.1.1.4.12
1.6.46099.8.2.1.11.3.15
1.6.46289.8.2.1
1.6.46342.8.2.1
1.6.46414.8.2.1.6
1.6.46460.8.2.1.7.2.3
1.6.46508.8.2.1.1.2.9.1
1.6.46531.8.2.1.7.1.8
1.6.46604.8.2.1.20.4.2.4
1.6.46625.8.2.1.48.2
1.6.46813.8.2.1.5.4
1.6.46927.8.2.1
1.6.47118.8.2.1.13
1.6.47129.8.2.1.14.15.21
1.6.47437.8.2.1
1.6.47478.8.2.1.6
1.6.47631.8.2.1.6.1.4
1.6.47696.8.2.1.19.2.4
1.6.48278.8.2.1.16
1.6.48403.8.2.1.10.4
1.6.48447.8.2.1.24.2.16.1
1.6.48469.8.2.1.13.1.7.4
1.6.48469.8.2.1.13.1.9.2
1.6.48564.8.2.1.2.1
1.6.48706.8.2.1.4.4
1.6.48818.8.2.1.11.6.15
1.6.48892.8.2.1
1.6.49166.8.2.1
1.6.49181.8.2.1.13.3
1.6.49213.8.2.1.2.1
1.6.49258.8.2.1.1.1
1.6.49259.8.2.1.5
1.6.49370.8.2.1.4.2.9.3
1.6.49419.8.2.1.6.2.23.2.2
1.6.49421.8.2.1.1
1.6.49527.8.2.1.34
1.6.49566.8.2.1.1.2.9.2
1.6.49637.8.2.1.19
1.6.49666.8.2.1.17.4.8.3.16
1.6.49713.8.2.1.3.1.2.1
1.6.49738.8.2.1
1.6.49743.8.2.1.2.1.38.14
1.6.49746.8.2.1
1.6.49848.8.2.1.13.2.2.1
1.6.49958.8.2.1.58.1
1.6.49987.8.2.1.1.1.7.3
1.6.50126.8.2.1.40.1.2.1.3
1.6.50173.8.2.1.3
1.6.50258.8.2.1.3.1.1
1.6.50259.8.2.1.5.3.7.2
1.6.50360.8.2.1.10.1.2
1.6.50537.8.2.1.9.5.11.5
1.6.50584.8.2.1
1.6.50733.8.2.1
1.6.50775.8.2.1.7.3
1.6.50886.8.2.1.6.4
1.6.50925.8.2.1.17.1
1.6.50996.8.2.1.12.1.1.2
1.6.51007.8.2.1.38.4
1.6.51399.8.2.1.2.2.5.1
1.6.51942.8.2.1.7.5.7.2.9
1.6.51999.8.2.1.7.4.3.7.39
1.6.52096.8.2.1.9.6
1.6.52130.8.2.1.6.2
1.6.52193.8.2.1.13.13.24.8
1.6.52198.8.2.1.30.1
1.6.52236.8.2.1.64.11.12.2.8
1.6.52260.8.2.1.2.1
1.6.52276.8.2.1.8.5.13.1
1.6.52312.8.2.1
1.6.52369.8.2.1
1.6.52549.8.2.1.43.2.5
1.6.52718.8.2.1.10.6.6.1.3
1.6.52780.8.2.1.34.3.21.2
1.6.52786.8.2.1
1.6.52787.8.2.1.42.3.3
1.6.52912.8.2.1
1.6.53038.8.2.1.1.5
1.6.53111.8.2.1
1.6.53157.8.2.1.6.2.3.1.4
1.6.53159.8.2.1.1.1.5
1.6.53198.8.2.1.13.6
1.6.53326.8.2.1
1.6.53425.8.2.1.2.5.9.1.2
1.6.53492.8.2.1.11.1.16.4
1.6.53574.8.2.1
1.6.53594.8.2.1.2.1.1.1
1.6.53779.8.2.1.15
1.6.53886.8.2.1
1.6.53918.8.2.1
1.6.53969.8.2.1
1.6.54001.8.2.1.1.1.43.7
1.6.54067.8.2.1.32.1
1.6.54119.8.2.1.1.4.12
1.6.54239.8.2.1
1.6.54254.8.2.1.4.4.8
1.6.54441.8.2.1
1.6.54483.8.2.1
1.6.54555.8.2.1.6
1.6.54598.8.2.1.1.2.4.1.16
1.6.54643.8.2.1.1.2.9.1
1.6.54666.8.2.1.7.1.8
1.6.54693.8.2.1.2.6.7.6.19
1.6.54756.8.2.1.4.1
1.6.55070.8.2.1
1.6.55263.8.2.1.15.1.12.2.4
1.6.55271.8.2.1.11.1
1.6.55273.8.2.1.4
1.6.55580.8.2.1
1.6.55621.8.2.1.6
1.6.55774.8.2.1.6.1.4
1.6.55838.8.2.1.19.2.4
1.6.55972.8.2.1.8.4.22
1.6.56055.8.2.1
1.6.56268.8.2.1.14.1.2
1.6.56398.8.2.1
1.6.56436.8.2.1.16
1.6.56556.8.2.1.10.4
1.6.56600.8.2.1.16.3.2.1
1.6.56631.8.2.1.3.3.10.2
1.6.56634.8.2.1.6.2.8.1.3
1.6.56648.8.2.1.5.1
1.6.56727.8.2.1.2.1
1.6.56861.8.2.1.4.4
1.6.56979.8.2.1.6.1.6.7.20
1.6.57008.8.2.1.2.1.2.2
1.6.57020.8.2.1.12.3.21.1
1.6.57070.8.2.1
1.6.57213.8.2.1.1.1
1.6.57216.8.2.1
1.6.57403.8.2.1.13.3
1.6.57433.8.2.1.2.1
1.6.57472.8.2.1.3.3
1.6.57483.8.2.1.1.1
1.6.57484.8.2.1.5
1.6.57631.8.2.1.17.1.6
1.6.57737.8.2.1.34
1.6.57776.8.2.1.1.2.9.2
1.6.57875.8.2.1.3
1.6.57924.8.2.1.9.1
1.6.58054.8.2.1.13.2.2.1
1.6.58339.8.2.1.40.1.2.1.3
1.6.58463.8.2.1.3.1.1
1.6.58464.8.2.1.5.3.7.2
