1.1.1.17.15.2.5.7.14.6.8
1.1.1.25.14.1.6.10
1.1.1.37.5.1.2.1
1.1.1.122.5.1.3.3.7.5.7
1.1.1.128.5.1.1.6
1.1.1.162.5.1
1.1.1.169.55.1.8
1.1.1.202.5.1.3.1
1.1.1.213.8.2.4
1.1.1.342.50.6.7.12.13.1
1.1.1.415.5.1.2.1.6.2.19
1.1.1.461.17.3.4.23.20
1.1.1.507.18.1.10
1.1.1.530.14.2.9
1.1.1.602.40.3.4
1.1.1.602.40.7.8.7
1.1.1.712.5.1.4.1.10.3.6
1.1.1.783.26.2.48.2.19.1.3
1.1.1.785.5.1.2.2.24.1
1.1.1.798.5.1
1.1.1.812.5.1.1.1.6.1
1.1.1.836.15.2.7.5
1.1.1.876.16.2.9
1.1.1.1142.11.1.7.4
1.1.1.1178.16.2.9.1
1.1.1.1269.19.3.4
1.1.1.1289.16.2.11.1.1.1
1.1.1.1302.5.1.6.2
1.1.1.1393.5.1.6
1.1.1.1412.20.1.4.1
1.1.1.1439.9.2.12
1.1.1.1509.5.1.11.8
1.1.1.1590.5.1.3.2.7
1.1.1.1607.5.1.4.1.3.1.4
1.1.1.1623.26.3.5
1.1.1.1647.10.1.16
1.1.1.1686.17.3.13
1.1.1.1761.32.2.24.15
1.1.1.1772.5.1.4.4.30.3.33
1.1.1.1792.27.4.20.10.32.3
1.1.1.1887.25.2.4.2
1.1.1.1976.8.2.4.3
1.1.1.2006.9.3.8
1.1.1.2017.5.1.3.6.5.2
1.1.1.2176.5.1.3
1.1.1.2189.5.1
1.1.1.2257.5.1
1.1.1.2270.5.1.18.4.8.1.2
1.1.1.2338.17.1.13.8
1.1.1.2364.5.1.1.4.8.12.22
1.1.1.2426.22.2.29.6
1.1.1.2451.9.1.9.5
1.1.1.2504.13.3.6
1.1.1.2530.5.1.14
1.1.1.2618.16.4.6.23
1.1.1.2645.16.3.7.6
1.1.1.2839.5.1.18
1.1.1.2971.5.1
1.1.1.2984.5.1
1.1.1.2995.36.1.8
1.1.1.3105.5.1.2.2.10.1
1.1.1.3187.5.1
1.1.1.3244.13.2.25
1.1.1.3258.15.3.5
1.1.2.3310.5.1.6
1.1.2.3411.3
1.1.2.3424.12.1.4.2
1.1.2.3521.39.3.16.6.11
1.1.2.3521.44.1.21
1.1.2.3589.5.1.1
1.1.2.3702.5.1.3.1
1.1.2.3707.22.1.11
1.1.2.3721.5.1.10.1.3.4
1.1.2.3747.10.1.5.1
1.1.2.3780.15.2.5.4.1.1.27
1.1.2.3911.5.1.3.1
1.1.2.3950.5.1.8.10
1.1.2.3972.35.2.18.2.52.1.1
1.1.2.4035.18.2.20.12.18.1.1
1.1.2.4071.15.2.14.2.4
1.1.2.4223.14.2.31
1.1.2.4293.19.3.9.4.23.10.15
1.1.2.4299.5.1
1.1.2.4329.22.2.7.8.7.1
1.1.2.4356.5.1
1.1.2.4407.14.2.13.1.7
1.1.2.4419.5.1
1.1.2.4424.20.2.8.3
1.1.2.4458.23.2.8
1.1.2.4480.5.1.1.1
1.1.2.4504.10.2.30.21
1.1.2.4509.5.1
1.1.2.4512.5.1
1.1.2.4607.6
1.1.2.4763.5.1.9.1.1.2
1.1.2.4993.3
1.1.2.5028.19.1.8
1.1.2.5064.13.1.4
1.1.2.5096.24.2.17.1.27.5
1.1.2.5105.13.3.8
1.1.2.5160.5.1.1.2.2.1
1.1.2.5167.17.1.12
1.1.2.5181.37.1.5.14.5.1.24
1.1.2.5280.5.1.10
1.1.2.5319.9.1.7
1.1.2.5363.24.3.5.7.15
1.1.2.5386.17.3.27
1.1.2.5402.5.1.13.9.10
1.1.2.5487.13.2
1.1.2.5496.14.4
1.1.2.5499.5.1.14.1.7
1.1.2.5569.21.5
1.1.2.5815.5.1.2.1.6.2.19
1.1.2.5832.5.1.2.2.30.3
1.1.2.5853.5.1.49.1.1.8.22.1
1.1.2.5899.13.2.8
1.1.2.5921.14.2.9
1.1.2.5994.8.1.21.15.11
1.1.2.5996.26.1.10.3
1.1.2.6044.5.1
1.1.2.6102.5.1.4.1.10.3.6
1.1.2.6177.26.2.48.2.19.1.3
1.1.2.6271.29.1.13.10
1.1.2.6287.6
1.1.2.6391.5.1
1.1.2.6534.11.1.7.4
1.1.2.6570.16.2.9.1
1.1.2.6657.19.3.4
1.1.2.6676.16.2.11.1.1.1
1.1.2.6711.31.2.11.1
1.1.2.6777.44.1.5.7.11
1.1.2.6794.5.1.1
1.1.2.6795.11.1.4
1.1.2.6830.5.1.1.5.10.1.10
1.1.2.6959.5.1.3.2.7
1.1.2.6976.5.1.4.1.3.1.4
1.1.2.6992.26.3.5
1.1.2.7016.10.1.16
1.1.2.7054.17.3.13
1.1.2.7145.32.2.24.15
1.1.2.7156.5.1.4.4.30.3.33
1.1.2.7176.27.4.20.10.33.3
1.1.2.7271.25.2.4.2
1.1.2.7363.8.2.4.3
1.1.2.7393.9.3.8
1.1.2.7404.5.1.3.6.5.2
1.1.2.7564.5.1.3
1.1.2.7577.5.1
1.1.2.7651.5.1.1.1
1.1.2.7666.11.3.24.21
1.1.2.7681.5.1.1
1.1.2.7755.29.2.17.6
1.1.2.7826.22.2.29.6
1.1.2.7851.9.1.9.5
1.1.2.7901.13.3.6
1.1.2.7927.5.1.14
1.1.2.8016.16.4.6.23
1.1.2.8032.11.2.4
1.1.2.8034.5.1.2.2.3.2
1.1.2.8047.5.1.3.1.2.1
1.1.2.8231.5.1.18
1.1.2.8365.5.1
1.1.2.8378.5.1
1.1.2.8499.5.1.2.2.10.1
1.1.2.8587.33.2.19
1.1.2.8680.16.2.5.7
1.1.2.8823.12.1.4.2
1.1.2.8925.11.1.14.4
1.1.2.8995.5.1.1
1.1.2.9125.5.1.16.2.5.1
1.1.2.9132.5.1.8.7
1.1.2.9203.15.2.5.4.1.1.46
1.1.2.9365.14.2
1.1.2.9396.35.2.18.2.21.1.1
1.1.2.9465.9.1.4.1
1.1.2.9504.15.1.16.5.1.1
1.1.2.9504.15.1.16.5.3.1.1.21
1.1.2.9505.25.2.7
1.1.2.9643.5.1.3.3.36.5
1.1.2.9653.15.2.10
1.1.2.9716.18.3.5.8
1.1.2.9721.11.1.4.3
1.1.2.9856.21.2.6.1.3.1.61.33
1.1.2.9904.38.1.22.6
1.1.2.9942.11.2.4
1.1.2.10054.6
1.1.2.10211.5.1.14.10
1.1.2.10234.13.2.18.6.13.3
1.1.2.10508.9.1.4.6
1.1.2.10515.5.1.3.2.5
1.1.2.10590.13.3.8
1.1.2.10640.5.1.1.2.2.1
1.1.2.10647.17.1.12
1.1.2.10661.37.1.5.14.5.1.24
1.1.2.10713.8.1.7
1.1.2.10756.5.1.10
1.1.2.10852.24.3.5.7.6
1.1.2.10875.17.3.27
1.1.2.10890.26.2.8.13
1.1.2.10901.5.1.2.1
1.1.2.10987.5.1.3.3.7.5.7
1.1.2.10993.5.1.1.6
1.1.2.11027.5.1
1.1.2.11034.55.1.8
1.1.2.11067.5.1.3.1
1.1.2.11078.8.2.4
1.1.2.11214.50.6.7.12.13.1
1.1.2.11324.11.1.4
1.1.2.11342.17.3.4.17.8
1.1.2.11387.13.2.8
1.1.2.11409.14.2.9
1.1.2.11485.8.1.9.5.7
1.1.2.11487.26.1.10.3
1.1.2.11598.5.1.4.1.10.3.6
1.1.2.11675.9.1.6.4
1.1.2.11748.29.1.13.10
1.1.2.11764.6
1.1.2.11790.5.1.9.4
1.1.2.11912.12
1.1.2.11921.3
1.1.2.11924.10.1.21
1.1.2.11987.11.1.7.4
1.1.2.12078.5.1
1.1.2.12107.19.3.4
1.1.2.12126.16.2.11.1.1.1
1.1.2.12232.23.2.12.25.18
1.1.2.12246.9.3.4.1
1.1.2.12283.5.1.1.5.10.1.10
1.1.2.12339.5.1.11.8
1.1.2.12419.5.1.3.2.7
1.1.2.12436.5.1.4.1.3.1.4
1.1.2.12451.26.3.5
1.1.2.12475.10.1.16
1.1.2.12515.17.3.13
1.1.2.12594.32.2.24.15
1.1.2.12605.5.1.4.4.30.3.33
1.1.2.12625.27.4.20.10.33.3
1.1.2.12740.21.2.13.16
1.1.2.12764.43.2.24.11.15.1
1.1.2.12807.8.2.4.3
1.1.2.12985.15.1.5.9
1.1.2.13064.5.1
1.1.2.13145.5.1.7
1.1.2.13166.20.2.4.19
1.1.2.13240.22.2.29.6
1.1.2.13268.10.3.8.5
1.1.2.13324.13.3.6
1.1.2.13427.10.1.21
1.1.2.13434.16.3.7.6
1.1.2.13619.5.1.18
1.1.2.13754.5.1
1.1.2.13897.5.1.2.2.10.1
1.1.2.14062.5.1.12.2.5
1.1.2.14080.5.1.22.10.16.3
1.1.2.14113.10.2.4.4
1.1.2.14149.34.4.6.1.1.1
1.1.2.14209.5.1.2.1.7
1.1.2.14310.39.3.16.6.11
1.1.2.14310.44.1.21
1.1.2.14374.19.1.8.8
1.1.2.14395.41.1.10.5
1.1.2.14526.5.1.3.1
1.1.2.14532.9.1.13
1.1.2.14602.16.1.7.4
1.1.2.14765.35.2.18.2.21.1.1
1.1.2.14835.9.1.4.1
1.1.2.14874.15.1.16.5.1.1
1.1.2.14874.15.1.16.5.3.1.1.83
1.1.2.14875.25.2.7
1.1.2.14969.9.2.4
1.1.2.14974.9.1.21
1.1.2.15024.5.1.3.3.36.5
1.1.2.15034.15.2.10
1.1.2.15104.5.1.14
1.1.2.15110.5.1
1.1.2.15240.42.2.6.1.1.1.34.34
1.1.2.15248.5.1.1
1.1.2.15262.23.2.8
1.1.2.15289.38.1.22.6
1.1.3.15326.11.2.4
1.1.3.15590.5.1.14.10
1.1.3.15617.25.2.13.2.7.14.68.77
1.1.3.15727.5.1.3.2.6.1.35
1.1.3.15883.14.3.13.11
1.1.3.15963.13.3.8
1.1.3.16007.5.1.1.2.2.1
1.1.3.16014.17.1.12
1.1.3.16028.37.1.5.14.5.1.24
1.1.3.16075.19.1.4.4
1.1.3.16110.5.1.10
1.1.3.16144.26.3
1.1.3.16152.9.1.10
1.1.3.16197.24.3.5.7.15
1.1.3.16230.5.1.15
1.1.3.16324.5.1.3.3.7.5.7
1.1.3.16330.5.1.1.6
1.1.3.16364.5.1
1.1.3.16371.55.1.8
1.1.3.16404.5.1.3.1
1.1.3.16415.8.2.4
1.1.3.16468.5.1.6.6.35
1.1.3.16555.5.1
1.1.3.16669.5.1.1.1
1.1.3.16681.5.1.2.1.4.1.17.37
1.1.3.16723.9.1.6.4
1.1.3.16742.5.1.3.2.13.1.1
1.1.3.16811.40.3.4
1.1.3.16811.40.7.8.7
1.1.3.16925.5.1.4.1.21.2.3
1.1.3.16996.26.2.48.2.19.1.3
1.1.3.17080.16.2.9
1.1.3.17196.5.1
1.1.3.17243.5.1.3
1.1.3.17323.11.1.7.4
1.1.3.17359.16.2.9.1
1.1.3.17412.5.1
1.1.3.17450.19.3.4
1.1.3.17469.16.2.11.1.1.1
1.1.3.17580.5.1.15
1.1.3.17599.20.1.4.1
1.1.3.17626.9.2.12
1.1.3.17638.17.1.4
1.1.3.17699.5.1.11.8
1.1.3.17779.5.1.3.2.9
1.1.3.17796.5.1.4.1.3.1.4
1.1.3.17811.26.3.5
1.1.3.17832.10.1.16
1.1.3.17876.5.1.2
1.1.3.17908.5.1.17.22.12.1
1.1.3.17950.32.2.24.15
1.1.3.17961.5.1.4.4.30.3.33
1.1.3.17981.27.4.20.10.33.3
1.1.3.18098.21.2.13.16
1.1.3.18183.8.2.4.3
1.1.3.18213.9.3.8
1.1.3.18224.5.1.3.6.5.2
1.1.3.18384.5.1.3
1.1.3.18397.5.1
1.1.3.18465.5.1
1.1.3.18478.5.1.18.4.8.1.2
1.1.3.18572.29.2.17.6
1.1.3.18643.22.2.29.6
1.1.3.18668.9.1.9.5
1.1.3.18728.5.1.13.20.39
1.1.3.18845.10.1.21
1.1.3.18852.16.3.7.6
1.1.3.19038.5.1.18
1.1.3.19168.5.1
1.1.3.19181.5.1
1.1.3.19192.36.1.8
1.1.3.19302.5.1.2.2.10.1
1.1.3.19390.33.3.23
1.1.3.19416.17.1.4
1.1.3.19488.5.1.12.2.5
1.1.3.19509.5.1.22.10.16.3
1.1.3.19567.5.1.1
1.1.3.19648.5.1.2.1.7
1.1.3.19715.37.2.5.2
1.1.3.19750.11.1.14.4
1.1.3.19824.5.1.1
1.1.3.19953.5.1.3.1
1.1.3.19959.9.1.13
1.1.3.20028.15.2.5.4.1.1.27
1.1.3.20149.5.1.3.1
1.1.3.20195.35.2.18.2.21.1.1
1.1.3.20266.9.1.4.1
1.1.3.20314.25.3.4.9
1.1.3.20477.5.1.3.3.18.2
1.1.3.20486.15.2.10
1.1.3.20569.5.1.14
1.1.3.20575.5.1
1.1.3.20595.22.2.7.8.7.1
1.1.3.20622.5.1
1.1.3.20670.22.2.12.1.7
1.1.3.20682.5.1
1.1.3.20687.20.2.8.3
1.1.3.20721.23.2.8
1.1.3.20748.38.1.22.6
1.1.3.20786.11.2.4
1.1.3.20898.6
1.1.3.20979.14.2.5
1.1.3.21047.5.1.4.1
1.1.3.21065.5.1
1.1.3.21080.5.1.17.1.12.5
1.1.3.21308.19.1.4
1.1.3.21326.16.4.10.9.5.1
1.1.3.21336.10.1.4
1.1.3.21351.15.1.5.2.5
1.1.3.21358.5.1.3.2.5
1.1.3.21416.5.1.1.1
1.1.3.21425.3
1.1.3.21426.13.2.12
1.1.3.21477.5.1.1.2.2.1
1.1.3.21484.17.1.12
1.1.3.21498.37.1.5.14.5.1.24
1.1.3.21548.15.2.11
1.1.3.21582.5.1.6.3.13
1.1.3.21623.9.1.7
1.1.3.21673.13.2.8
1.1.3.21692.15.2.5.7.14.6.8
1.1.3.21701.14.1.5.10
1.1.3.21713.5.1.2.1
1.1.3.21797.5.1.3.3.7.5.7
1.1.3.21803.5.1.1.6
1.1.3.21837.5.1
1.1.3.21844.55.1.8
1.1.3.21877.5.1.3.1
1.1.3.22133.5.1.1.1
1.1.3.22150.5.1.46.1.1.1.11.18
1.1.3.22194.8.5.16.10
1.1.3.22218.14.2.9
1.1.3.22288.40.3.4
1.1.3.22288.40.7.8.7
1.1.3.22383.5.1.16
1.1.3.22398.5.1.4.1.26.7.19
1.1.3.22469.26.2.48.2.19.1.3
1.1.3.22553.19.3.8.23
1.1.3.22835.11.1.7.4
1.1.3.22874.16.2.9.1
1.1.3.22997.5.1
1.1.3.23002.9.3.8.7.23
1.1.3.23098.5.1.1
1.1.3.23113.32.1.15.8
1.1.3.23140.9.2.12
1.1.3.23152.17.1.4
1.1.3.23212.5.1.11.8
1.1.3.23292.5.1.3.2.9
1.1.3.23309.5.1.4.1.3.1.4
1.1.3.23325.26.3.5
1.1.3.23346.10.1.16
1.1.3.23379.15.3.12.1
1.1.3.23381.24.2.4.6
1.1.3.23454.5.1
1.1.3.23469.39.2.5
1.1.3.23581.25.2.4.2
1.1.3.23675.8.2.4.3
1.1.3.23869.5.1.3
1.1.3.23946.5.1
1.1.3.23959.5.1.18.4.8.1.2
1.1.3.24027.17.1.13.8
1.1.3.24053.5.1.1.4.8.12.22
1.1.3.24115.22.2.29.6
1.1.3.24140.9.1.9.5
1.1.3.24172.5.1.16.7
1.1.3.24199.5.1.13.20.34
1.1.3.24313.9.1.7
1.1.3.24327.5.1.23.8
1.1.3.24516.5.1.18
1.1.3.24592.5.1.2.2
1.1.3.24649.5.1
1.1.3.24662.5.1
1.1.3.24691.25.1.10
1.1.3.24776.5.1.2.2.10.1
1.1.3.24803.5.1.16.4.24.1.20
1.1.3.24843.5.1.1
1.1.3.24923.13.2.25
1.1.3.24937.15.3.5
1.1.3.24957.13.1.4.2
1.1.3.24997.10.2.4.4
1.1.3.25090.3
1.1.3.25103.12.1.4.2
1.1.3.25209.22.2.10
1.1.3.25278.5.1.1
1.1.3.25407.5.1.3.1
1.1.3.25413.9.1.13
1.1.3.25477.15.2.5.4.1.1.27
1.1.3.25649.35.2.18.2.21.1.1
1.1.3.25720.9.1.4.1
1.1.3.25759.15.1.16.5.1.1
1.1.3.25759.15.1.16.5.3.1.1.12
1.1.3.25760.25.2.7
1.1.3.25901.5.1.3.3.36.5
1.1.3.25911.17.2.8.11
1.1.3.25983.19.3.9.4.23.10.15
1.1.3.25989.5.1
1.1.3.26009.22.2.7.8.7.1
1.1.3.26040.5.1
1.1.3.26088.22.2.12.1.7
1.1.3.26100.5.1.1.1.1.3.11.10
1.1.3.26123.23.2.8
1.1.3.26150.38.1.22.6
1.1.3.26188.11.2.4
1.1.3.26464.5.1.14.10
1.1.3.26491.25.2.13.2.7.14.68.25
1.1.3.26601.5.1.3.2.6.1.35
1.1.3.26713.19.1.4
1.1.3.26731.16.4.10.9.5.1
1.1.3.26741.10.1.4
1.1.3.26788.13.1.4
1.1.3.26820.24.2.17.1.27.5
1.1.3.26829.13.3.8
1.1.3.26892.5.1.1.11.11.2
1.1.3.26993.5.1.6.3.13
1.1.3.27021.10.3.23
1.1.3.27077.24.3.5.7.6
1.1.3.27093.15.2.5.7.14.6.8
1.1.3.27102.14.1.5.10
1.1.3.27114.5.1.2.1
1.1.3.27201.5.1.3.3.7.5.7
1.1.3.27207.5.1.1.6
1.1.3.27241.5.1
1.1.3.27248.55.1.8
1.1.3.27278.17.3.10.6
1.1.3.27560.5.1.1.1
1.1.3.27577.5.1.46.1.1.1.11.18
1.1.3.27625.8.5.16.10
1.1.3.27649.14.2.9
1.1.3.27725.8.1.9.5.7
1.1.3.27727.26.1.10.3
1.1.3.27835.5.1.4.1.10.3.6
1.1.3.27910.17.2.31
1.1.3.27913.23.1.13
1.1.3.27929.9.1.10
1.1.3.27934.14.1.15
1.1.3.27993.16.2.9
1.1.3.28255.11.1.7.13
1.1.3.28291.16.2.9.1
1.1.3.28348.5.1
1.1.3.28386.19.3.4
1.1.3.28405.16.2.11.1.1.1
1.1.3.28440.31.2.11.1
1.1.4.10.27.1.5.4.30
1.1.4.16.21.1.25
1.1.4.25.8.2.4.1
1.1.4.39.19.1.4
1.1.4.51.9.2.12
1.1.4.63.17.1.4
1.1.4.126.5.1.11.8
1.1.4.206.5.1.3.2.9
1.1.4.223.5.1.4.1.3.1.4
1.1.4.239.26.3.5
1.1.4.263.10.1.16
1.1.4.302.17.3.13
1.1.4.386.5.1.5.2.12
1.1.4.411.27.4.20.10.32.3
1.1.4.504.25.2.4.2
1.1.4.600.8.2.4.3
1.1.4.672.28.2.25.13.7.1
1.1.4.688.16.1.5
1.1.4.859.5.1
1.1.4.872.5.1.18.4.8.1.2
1.1.4.940.17.1.13.8
1.1.4.966.5.1.1.4.8.12.22
1.1.4.1028.22.2.29.6
1.1.4.1056.10.3.8.5
1.1.4.1091.5.1.16.7
1.1.4.1122.27.3.4.16
1.1.4.1226.16.4.6.23
1.1.4.1242.11.2.4
1.1.4.1244.5.1.2.2.3.2
1.1.4.1257.5.1.3.1.2.1
1.1.4.1344.6
1.1.4.1453.5.1.18
1.1.4.1591.5.1
1.1.4.1602.5.1.5.1.1
1.1.4.1617.36.1.8
1.1.4.1944.10.2.4.4
1.1.4.2038.3
1.1.4.2051.12.1.4.2
1.1.4.2150.41.3.16.6.11
1.1.4.2150.46.1.21
1.1.4.2216.5.1.1
1.1.4.2232.8.1.13.4
1.1.4.2345.5.1.3.1
1.1.4.2351.9.1.13
1.1.4.2422.16.1.7.4
1.1.4.2468.16.1.24
1.1.4.2545.5.1.3.1
1.1.4.2575.14.2
1.1.4.2603.5.1.3.2.3.2
1.1.4.2606.5.1.1.8.7
1.1.4.2680.9.1.4.1
1.1.4.2727.15.2.14.2.4
1.1.4.2889.5.1.3.3.18.2
1.1.4.2899.15.2.10
1.1.4.2972.5.1.14
1.1.4.2978.5.1
1.1.4.2998.22.2.7.8.7.1
1.1.4.3029.5.1
1.1.4.3084.5.1.2.2.9
1.1.4.3096.10.1.21.8.11
1.1.4.3105.5.1.31
1.1.4.3120.5.1.13.11
1.1.4.3126.5.1
1.1.4.3164.10.2.30.21
1.1.4.3169.5.1
1.1.4.3172.5.1
1.1.4.3267.5.1.4.1.22
1.1.4.3302.5.1
1.1.4.3350.5.1.3
1.1.4.3383.12.2.15.4
1.1.4.3443.13.2.18.6.13.3
1.1.4.3723.14.2.11.1.5.1.2
1.1.4.3793.5.1.10.2
1.1.4.3802.13.3.8
1.1.4.3855.5.1.1.2.2.1
1.1.4.3862.17.1.12
1.1.4.3877.43.2.8.1.25.2.3
1.1.4.3969.5.1.10
1.1.4.4008.9.1.7
1.1.4.4054.24.3.5.7.6
1.1.4.4077.17.3.27
1.1.4.4091.36.1.18.7
1.1.4.4098.5.1.2.1
1.1.4.4182.5.1.3.3.7.5.7
1.1.4.4188.5.1.1.6
1.1.4.4222.5.1
1.1.4.4229.55.1.8
1.1.4.4262.5.1.3.1
1.1.4.4273.8.2.4
1.1.4.4492.16.2.6.5
1.1.4.4509.5.1.2.1.6.2.6
1.1.4.4547.5.1
1.1.4.4563.10.1.7.5.8
1.1.4.4608.13.2.8
1.1.4.4630.14.2.9
1.1.4.4706.5.1.4
1.1.4.4746.5.1
1.1.4.4789.5.1.16
1.1.4.4804.5.1.4.1.26.7.19
1.1.4.4875.26.2.48.2.19.1.3
1.1.4.4947.29.1.13.10
1.1.4.4963.6
1.1.4.5207.11.1.7.4
1.1.4.5243.16.2.9.1
1.1.4.5370.5.1
1.1.4.5375.17.1.9.14.8
1.1.4.5469.5.1.15
1.1.4.5488.20.1.4.1
1.1.4.5527.5.1.1.5.10.1.10
1.1.4.5583.5.1.11.8
1.1.4.5697.3
1.1.4.5775.17.3.13
1.1.4.5860.32.2.24.15
1.1.4.5871.5.1.4.4.30.3.33
1.1.4.5891.27.4.20.10.34.3
1.1.4.5979.25.2.4.2
1.1.4.6068.8.2.4.3
1.1.4.6098.9.3.8
1.1.4.6109.5.1.3.6.5.2
1.1.4.6329.44.4.35.12
1.1.4.6329.49.1.4.11
1.1.4.6392.28.1.15.19
1.1.4.6416.20.2.4.19
1.1.4.6487.22.2.29.6
1.1.4.6515.10.3.8.5
1.1.4.6552.20.1.4
1.1.4.6570.5.1.13.20.34
1.1.4.6681.16.4.6.23
1.1.4.6697.11.2.4
1.1.4.6699.5.1.2.2.3.2
1.1.4.6712.5.1.3.1.2.1
1.1.4.6906.5.1.18
1.1.4.6928.5.1.7.5.6.3.36
1.1.4.6972.36.3.5
1.1.4.7029.5.1
1.1.4.7083.25.1.10
1.1.4.7320.5.1.12.2.5
1.1.4.7372.10.2.4.4
1.1.4.7473.12.1.4.2
1.1.4.7537.37.2.5.2
1.1.4.7584.32.2
1.1.4.7642.41.1.10.5
1.1.4.7754.5.1.3.1
1.1.4.7760.9.1.13
1.1.4.7825.5.1.2.2.10
1.1.4.8006.9.1.6.3
1.1.4.8093.18.2.20.12.18.1.1
1.1.4.8119.14.2.9.1.3.3
1.1.4.8124.25.3.4.10
1.1.4.8268.5.1.3.3.36.5
1.1.4.8278.15.2.10
1.1.4.8345.13.1
1.1.4.8355.19.2.7.1.10
1.1.4.8360.5.1.1.1
1.1.4.8483.5.1.2.2.9
1.1.4.8527.23.2.8
1.1.4.8549.5.1.1.1
1.1.4.8573.10.2.30.21
1.1.4.8578.5.1
1.1.4.8581.5.1
1.1.4.8699.10.1.26.3
1.1.4.8836.5.1
1.1.4.8851.5.1.17.1.12.5
1.1.4.9124.20.3.4
1.1.4.9134.5.1.3.2.5
1.1.4.9168.13.1.4
1.1.4.9200.24.2.17.1.27.5
1.1.4.9209.13.3.8
1.1.4.9264.5.1.1.2.2.1
1.1.4.9271.17.1.12
1.1.4.9285.37.1.5.14.5.1.24
1.1.4.9373.5.1.10
1.1.4.9414.9.1.7
1.1.4.9464.13.2.8
1.1.4.9485.15.2.5.7.14.6.8
1.1.4.9493.14.1.6.10
1.1.4.9505.5.1.2.1
1.1.4.9581.13.2
1.1.4.9590.14.4
1.1.4.9593.5.1.14.1.7
1.1.4.9664.21.5
1.1.4.9672.8.2.4
1.1.4.9894.5.1.2.1.6.2.19
1.1.4.9911.5.1.2.2.30.3
1.1.4.9911.5.1.3.3.34.4
1.1.4.9932.5.1.49.1.1.8.11.1
1.1.4.9969.5.1.11.3.12
1.1.4.9991.14.2.9
1.1.4.10063.40.3.4
1.1.4.10063.40.7.8.7
1.1.4.10171.5.1.4.1.21.2.3
1.1.4.10242.26.2.48.2.19.1.3
1.1.4.10315.29.1.13.10
1.1.4.10331.6
1.1.4.10357.5.1.9.4
1.1.4.10556.11.1.7.4
1.1.4.10690.19.3.4
1.1.4.10709.16.2.11.1.1.1
1.1.4.10722.5.1.6.2
1.1.4.10815.5.1.9
1.1.4.10835.5.1.1
1.1.4.10836.11.1.4
1.1.4.10871.5.1.1.5.10.1.10
1.1.4.10926.9.1.14
1.1.4.11015.5.1.3.2.7
1.1.4.11032.5.1.4.1.3.1.4
1.1.4.11048.26.3.5
1.1.4.11072.10.1.16
1.1.4.11116.5.1.2
1.1.4.11186.5.1.10.6.6.2
1.1.4.11192.8.1.4
1.1.4.11196.33.2
1.1.4.11204.5.1.2
1.1.4.11237.5.1.8.6.4.2
1.1.4.11325.25.2.4.2
1.1.4.11424.8.2.4.3
1.1.4.11454.9.3.8
1.1.4.11465.5.1.3.6.5.2
1.1.4.11616.5.1.3
1.1.4.11629.5.1
1.1.4.11697.5.1
1.1.4.11710.5.1.18.4.8.1.2
1.1.4.11778.17.1.13.8
1.1.4.11804.5.1.1.4.8.12.22
1.1.4.11888.10.3.8.5
1.1.4.11923.5.1.16.7
1.1.4.11954.27.3.4.16
1.1.4.11976.13.2.10
1.1.4.12053.9.1.7
1.1.4.12079.5.1.4.2
1.1.4.12152.6
1.1.4.12257.5.1.18
1.1.4.12321.5.1.2.4.5.1.18
1.1.4.12335.36.3.5
1.1.4.12395.5.1
1.1.4.12406.5.1.5.1.1
1.1.4.12421.36.1.8
1.1.4.12531.5.1.2.2.10.1
1.1.4.12558.5.1.16.4.24.1.20
1.1.4.12750.10.2.4.4
1.1.4.12850.12.1.4.2
1.1.4.12947.11.1.14.4
1.1.4.13017.5.1.1
1.1.4.13129.5.1.16.2.5.1
1.1.4.13136.5.1.8.7
1.1.4.13206.15.2.5.4.1.1.27
1.1.4.13378.35.2.18.2.21.1.1
1.1.4.13440.18.2.20.12.18.1.1
1.1.4.13470.14.2.20.1.1.1.2
1.1.4.13637.5.1.3.3.18.2
1.1.4.13647.15.2.10
1.1.4.13727.19.3.9.4.23.10.15
1.1.4.13733.5.1
1.1.4.13866.21.2.6.1.3.1.46.5
1.1.4.13914.38.1.22.6
1.1.4.13952.11.2.4
1.1.4.14058.6
1.1.4.14228.13.2.29.6.13.3
1.1.4.14505.5.1.5
1.1.4.14589.5.1
1.1.4.14597.5.1
1.1.4.14643.5.1.1.11.11.2
1.1.4.14746.5.1.10
1.1.4.14777.10.3.23
1.1.4.14795.5.1
1.1.4.14841.24.3.5.7.6
1.1.4.14864.17.3.27
1.1.4.14879.5.1.15
1.1.4.14975.5.1.3.3.7.5.7
1.1.4.14981.5.1.1.6
1.1.4.15015.5.1
1.1.4.15022.55.1.8
1.1.4.15055.5.1.3.1
1.1.4.15066.8.2.4
1.1.4.15202.50.6.7.12.13.1
1.1.4.15296.12.1.4
1.1.4.15312.9.2.8.8.25
1.1.4.15356.18.1.10
1.1.4.15379.14.2.9
1.1.4.15449.40.3.4
1.1.4.15449.40.7.8.7
1.1.4.15560.5.1.4.1.10.3.6
1.1.4.15631.26.2.48.2.19.1.3
1.1.4.15723.19.3.8.23
1.1.4.15764.5.1.9.4
1.1.4.15896.12
1.1.4.15905.3
1.1.4.15908.10.1.21
1.1.4.15967.11.1.7.4
1.1.4.16003.16.2.9.1
1.1.4.16086.19.3.4
1.1.4.16106.16.2.11.1.1.1
1.1.4.16213.44.1.5.7.11
1.1.4.16219.21.1.25
1.1.4.16228.8.2.4.1
1.1.4.16242.19.1.4
1.1.4.16250.5.1.1.1
1.1.4.16257.10.4.4
1.1.4.16305.5.1.11.8
1.1.4.16388.5.1.3.2.7
1.1.4.16405.5.1.4.1.3.1.4
1.1.4.16420.26.3.5
1.1.4.16444.10.1.16
1.1.4.16485.5.1.2
1.1.4.16576.5.1.4.4.29.3.18
1.1.4.16596.27.4.20.10.32.3
1.1.4.16705.21.2.13.16
1.1.4.16782.8.2.4.3
1.1.4.16812.9.3.8
1.1.4.16823.5.1.3.6.5.2
1.1.4.16876.16.1.5
1.1.4.16973.15.1.5.9
1.1.4.16990.5.1.7.13
1.1.4.17050.44.4.35.12
1.1.4.17050.49.1.4.11
1.1.4.17113.28.1.15.19
1.1.4.17137.20.2.4.19
1.1.4.17209.22.2.29.6
1.1.4.17237.10.3.8.5
1.1.4.17270.5.1.2.2.11.3
1.1.4.17276.20.1.4
1.1.4.17294.5.1.13.20.34
1.1.4.17320.13.2.10
1.1.4.17396.16.4.6.23
1.1.4.17412.11.2.4
1.1.4.17414.5.1.2.2.3.2
1.1.4.17427.5.1.3.1.2.1
1.1.4.17566.5.1.1.10
1.1.4.17624.5.1.18
1.1.4.17751.5.1
1.1.4.17891.5.1.2.2.10.1
1.1.4.18037.13.2.25
1.1.4.18051.15.3.5
1.1.4.18071.13.1.4.2
1.1.4.18111.10.2.4.4
1.1.4.18211.5.1.2.1.7
1.1.4.18312.11.1.14.4
1.1.4.18383.5.1.1
1.1.4.18501.5.1.3.1
1.1.4.18507.9.1.13
1.1.4.18539.10.1.5.1
1.1.4.18571.15.2.5.4.1.1.27
1.1.4.18622.16.1.24
1.1.4.18733.14.2
1.1.4.18761.5.1.3.2.3.2
1.1.4.18764.5.1.1.8.7
1.1.4.18829.18.2.20.12.18.1.1
1.1.4.18857.15.1.16.5.1.1
1.1.4.18857.15.1.16.5.3.1.1.6
1.1.4.18858.25.2.7
1.1.4.19008.5.1.3.3.18.2
1.1.4.19019.17.2.8.11
1.1.4.19060.8.2.4
1.1.4.19087.5.1.14
1.1.4.19093.5.1
1.1.4.19206.5.1.2.2.9
1.1.4.19216.5.1.1.1.1.3.18.5
1.1.4.19239.23.2.8
1.1.4.19266.38.1.22.6
1.1.4.19304.11.2.4
1.1.4.19421.11.1.9.3
1.1.4.19570.16.3.20.9
1.1.4.19650.5.1.1.5
1.1.4.19831.3
1.1.4.19871.14.3.13.11
1.1.4.19944.9.2.4.2
1.1.4.19952.8.2.4
1.1.4.19957.5.1
1.1.4.20000.5.1.1.2.2.1
1.1.4.20007.17.1.12
1.1.4.20021.37.1.5.14.5.1.24
1.1.4.20074.19.1.4.4
1.1.4.20115.5.1.6.3.13
1.1.4.20208.24.3.5.7.6
1.1.4.20225.5.1.20
1.1.4.20235.5.1.33.1.2.1.4
1.1.4.20327.5.1.3.3.7.5.7
1.1.4.20333.5.1.1.6
1.1.4.20367.5.1
1.1.4.20374.55.1.8
1.1.4.20407.5.1.3.1
1.1.4.20554.5.1.3.1.1
1.1.4.20672.12.1.4
1.1.4.20688.9.2.8.8.25
1.1.4.20736.18.1.10
1.1.4.20759.14.2.9
1.1.4.20825.40.3.4
1.1.4.20825.40.7.8.7
1.1.4.20938.5.1.4.1.13.2.3
1.1.4.21009.26.2.48.2.19.1.3
1.1.4.21011.5.1.2.2.24.1
1.1.4.21024.5.1
1.1.4.21038.5.1.1.1.6.1
1.1.4.21100.29.1.13.10
1.1.4.21116.6
1.1.4.21142.5.1.9.4
1.1.4.21214.13.1.4.3
1.1.4.21367.11.1.7.13
1.1.4.21406.16.2.9.1
1.1.4.21489.19.3.4
1.1.4.21508.16.2.11.1.1.1
1.1.4.21615.5.1.15
1.1.4.21634.20.1.4.1
1.1.4.21673.5.1.1.5.10.1.10
1.1.4.21835.3
1.1.4.21914.17.3.13
1.1.4.21999.32.2.24.15
1.1.4.22010.5.1.4.4.30.3.33
1.1.4.22030.27.4.20.10.34.3
1.1.4.22221.8.2.4.3
1.1.4.22244.9.1.9
1.1.4.22416.5.1.3
1.1.4.22429.5.1
1.1.4.22497.5.1
1.1.4.22510.5.1.18.4.8.1.2
1.1.4.22571.28.1.15.19
1.1.4.22595.20.2.4.19
1.1.4.22669.22.2.29.6
1.1.4.22693.10.3.8.5
1.1.4.22756.5.1.13.20.39
1.1.4.22860.16.4.6.23
1.1.4.22876.11.2.4
1.1.4.22878.5.1.2.2.3.2
1.1.4.22891.5.1.3.1.2.1
1.1.4.22967.6
1.1.4.23083.5.1.18
1.1.4.23210.5.1
1.1.4.23223.5.1
1.1.4.23231.14.2.7.1
1.1.4.23332.5.1.2.2.10.1
1.1.4.23420.33.2.19
1.1.4.23513.16.2.5.7
1.1.4.23655.5.1.2.1.7
1.1.4.23755.39.3.16.6.11
1.1.4.23755.44.1.21
1.1.4.23823.5.1.1
1.1.4.23932.5.1.16.2.5.1
1.1.4.23939.5.1.8.7
1.1.4.24011.5.1.2.2.10
1.1.4.24127.5.1.3.1
1.1.4.24173.35.2.18.2.21.1.1
1.1.4.24244.9.1.4.1
1.1.4.24281.14.2.9.1.3.3
1.1.4.24286.25.3.4.10
1.1.4.24441.5.1.3.3.18.2
1.1.4.24451.17.2.8.11
1.1.4.24643.5.1.2.2.9
1.1.4.24693.23.2.8
1.1.4.24720.38.1.22.6
1.1.4.24758.11.2.4
1.1.4.24900.10.1.12.2
1.1.4.24912.5.1
1.1.4.24991.12.2.15.4
1.1.4.25051.13.2.18.6.13.3
1.1.4.25322.5.1.21
1.1.4.25338.5.1.5
1.1.4.25353.17.2.13.6
1.1.4.25369.11.1.5
1.1.4.25399.5.1.1.1
1.1.4.25408.3
1.1.4.25409.13.2.12
1.1.4.25451.5.1.1.2.2.1
1.1.4.25458.17.1.12
1.1.4.25472.37.1.5.14.5.1.24
1.1.4.25525.19.1.4.4
1.1.4.25566.5.1.6.3.13
1.1.4.25657.24.3.5.7.15
1.1.4.25668.9.1.12
1.1.4.25674.9.1.4.1
1.1.4.25675.14.2.9.4.12.5.27
1.1.4.25689.5.1.1.1.2
1.1.4.25766.13.2
1.1.4.25775.14.4
1.1.4.25778.5.1.14.1.7
1.1.4.25821.5.1
1.1.4.25828.55.1.8
1.1.4.25861.5.1.3.1
1.1.4.26018.5.1.3.1.1
1.1.4.26129.12.1.4
1.1.4.26148.17.3.4.23.20
1.1.4.26201.5.1.11.3.34
1.1.4.26223.14.2.9
1.1.4.26302.8.1.9.5.7
1.1.4.26304.26.1.10.3
1.1.4.26401.5.1.11
1.1.4.26416.5.1.4.1.26.7.48
1.1.4.26487.26.2.48.2.19.1.3
1.1.4.26535.3
1.1.4.26542.28.5.12
1.1.4.26583.16.2.9
1.1.4.26835.11.1.7.4
1.1.4.26871.16.2.9.1
1.1.4.26986.16.2.11.1.1.1
1.1.4.27092.5.1.15
1.1.4.27111.20.1.4.1
1.1.4.27154.5.1.1.5.10.1.10
1.1.4.27214.5.1.11.8
1.1.4.27330.3
1.1.4.27404.17.3.13
1.1.4.27495.32.2.24.15
1.1.4.27506.5.1.4.4.30.3.33
1.1.4.27526.27.4.20.10.34.3
1.1.4.27719.8.2.4.3
1.1.4.27749.9.3.8
1.1.4.27760.5.1.3.6.5.2
1.1.4.27921.15.1.5.9
1.1.4.27938.5.1.7.13
1.1.4.27998.44.4.35.12
1.1.4.27998.49.1.4.11
1.1.4.28062.5.1.7
1.1.4.28083.20.2.4.19
1.1.4.28155.22.2.29.6
1.1.4.28183.10.3.8.5
1.1.4.28216.5.1.2.2.11.4
1.1.4.28236.16.2.29.21
1.1.4.28247.33.2.31.7
1.1.4.28327.16.4.6.23
1.1.4.28343.11.2.4
1.1.4.28345.5.1.2.2.3.2
1.1.4.28358.5.1.3.1.2.1
1.1.4.28550.5.1.18
1.1.4.28679.5.1
1.1.4.28819.5.1.2.2.10.1
1.1.4.28839.5.1.20.4.24.1.21
1.1.4.28879.5.1.1
1.1.4.28957.13.2.25
1.1.4.28971.15.3.5
1.1.4.29117.3
1.1.4.29130.12.1.4.2
1.1.4.29241.32.2
1.1.4.29297.41.1.10.5
1.1.4.29418.5.1.3.1
1.1.4.29423.22.1.11
1.1.4.29498.15.2.5.4.1.1.27
1.1.4.29672.5.1.3.2.3.2
1.1.4.29675.5.1.1.8.7
1.1.4.29742.18.2.20.12.18.1.1
1.1.4.29778.15.2.14.2.4
1.1.4.29920.5.1.3.3.36.5
1.1.4.29931.17.2.8.11
1.1.4.30014.19.3.9.4.23.10.15
1.1.4.30020.5.1
1.1.4.30154.42.2.6.1.1.1.34.13
1.1.4.30162.5.1.8.1.2
1.1.4.30204.38.1.22.6
1.1.4.30242.11.2.4
1.1.4.30346.5.1.4.1.22
1.1.4.30429.5.1
1.1.4.30499.5.1.14.10
1.1.4.30523.5.1.9.1.1.2
1.1.4.30883.13.3.8
1.1.4.30948.5.1.1.11.11.2
1.1.4.31011.19.1.4.4
1.1.4.31046.5.1.10
1.1.4.31077.10.3.23
1.1.4.31095.5.1
1.1.4.31145.24.3.5.7.6
1.1.4.31178.5.1.15
1.1.4.31273.5.1.3.3.7.5.7
1.1.4.31279.5.1.1.6
1.1.4.31313.5.1
1.1.4.31320.55.1.8
1.1.4.31353.5.1.3.1
1.1.4.31364.8.2.4
1.1.4.31493.50.6.7.12.13.1
1.1.4.31592.12.1.4
1.1.4.31608.9.2.8.8.25
1.1.4.31652.18.1.10
1.1.4.31675.14.2.9
1.1.4.31748.8.1.21.15.11
1.1.4.31750.26.1.10.3
1.1.4.31858.5.1.4.1.10.3.6
1.1.4.31929.26.2.48.2.19.1.3
1.1.4.32024.9.4.4
1.1.4.32273.11.1.7.4
1.1.4.32309.16.2.9.1
1.1.4.32393.19.3.4
1.1.4.32412.16.2.11.1.1.1
1.1.4.32425.9.3.8.7.7
1.1.4.32518.5.1.15
1.1.4.32537.20.1.4.1
1.1.4.32580.5.1.1.5.10.1.10
1.1.4.32650.9.1.4
1.1.4.32704.5.1.3.2.9
1.1.4.32734.26.3.5
1.1.4.32758.10.1.16
1.1.4.32795.13.1.9.6
1.1.4.32864.42.1.30
1.1.4.32876.14.3.6.1.13
1.1.4.32902.27.4.20.10.18.3
1.1.4.33019.21.2.13.16
1.1.4.33104.8.2.4.3
1.1.4.33134.9.3.8
1.1.4.33145.5.1.3.6.5.2
1.1.4.33292.5.1.3
1.1.4.33305.5.1
1.1.4.33395.3
1.1.4.33463.17.1.13.8
1.1.4.33489.5.1.1.4.8.12.22
1.1.4.33572.20.3.8.5
1.1.4.33600.5.1.2.2.11.4
1.1.4.33621.16.2.33.21
1.1.4.33639.13.2.10
1.1.4.33732.16.4.6.23
1.1.4.33762.5.1.4.2
1.1.4.33953.5.1.18
1.1.4.34088.5.1
1.1.4.34099.5.1.5.1.1
1.1.4.34114.36.1.8
1.1.4.34224.5.1.2.2.10.1
1.1.4.34252.20.3.5.2.4.4.15
1.1.4.34292.5.1.1
1.1.4.34390.5.1.12.2.5
1.1.4.34409.25.3.8.5
1.1.4.34547.5.1.2.1.7
1.1.4.34647.39.3.16.6.11
1.1.4.34647.44.1.21
1.1.4.34715.5.1.1
1.1.4.34858.5.1.3.1
1.1.4.34864.9.1.13
1.1.4.34929.23.1.28.6
1.1.4.35090.35.2.18.2.21.1.1
1.1.4.35162.9.1.4.1
1.1.4.35203.14.2.20.1.1.1.2
1.1.4.35373.14.2.31
1.1.4.35456.19.3.9.4.23.10.15
1.1.4.35462.5.1
1.1.4.35595.42.2.6.1.1.1.42.21
1.1.4.35603.5.1.8.1.2
1.1.4.35631.28.1.26.6
1.1.4.35669.11.2.4
1.1.4.35781.5.1.4.1.22
1.1.4.35948.5.1.14.10
1.1.4.35975.25.2.13.2.7.14.68.25
1.1.5.36263.5.1.5
1.1.5.36278.17.2.13.6
1.1.5.36294.11.1.5
1.1.5.36343.13.3.8
1.1.5.36392.5.1.1.2.2.1
1.1.5.36399.17.1.12
1.1.5.36413.37.1.5.14.5.1.24
1.1.5.36464.15.2.11
1.1.5.36498.5.1.10
1.1.5.36539.9.1.7
1.1.5.36588.24.3.5.7.6
1.1.5.36599.9.1.12
1.1.5.36607.5.1.1.1.7
1.1.5.36716.5.1.3.3.7.5.7
1.1.5.36722.5.1.1.6
1.1.5.36756.5.1
1.1.5.36763.55.1.8
1.1.5.36796.5.1.3.1
1.1.5.37069.12.1.4
1.1.5.37088.17.3.4.23.20
1.1.5.37136.18.1.10
1.1.5.37159.14.2.9
1.1.5.37235.8.1.9.5.7
1.1.5.37237.26.1.10.3
1.1.5.37348.5.1.4.1.10.3.6
1.1.5.37423.17.2.31
1.1.5.37426.23.1.13
1.1.5.37442.9.1.10
1.1.5.37469.15.2.7.5
1.1.5.37510.29.1.13.10
1.1.5.37526.6
1.1.5.37552.5.1.9.4
1.1.5.37606.5.1
1.1.5.37651.5.1.15
1.1.5.37736.14.2.12.1.2.5.49
1.1.5.37749.5.1.3
1.1.5.37785.16.2.9.1
1.1.5.37878.14.2
1.1.5.37907.5.1
1.1.5.38004.5.1.19
1.1.5.38023.20.1.4.1
1.1.5.38066.5.1.1.5.10.1.10
1.1.5.38126.5.1.11.8
1.1.5.38148.9.1.4
1.1.5.38203.5.1.3.2.7
1.1.5.38220.5.1.4.1.3.1.4
1.1.5.38235.26.3.5
1.1.5.38259.10.1.16
1.1.5.38299.13.1.9.6
1.1.5.38379.32.2.24.15
1.1.5.38390.5.1.4.4.30.3.33
1.1.5.38410.27.4.20.10.34.3
1.1.5.38505.25.2.4.2
1.1.5.38540.43.2.24.11.15.1
1.1.5.38583.8.2.4.3
1.1.5.38673.16.1.5
1.1.5.38779.5.1.3
1.1.5.38854.5.1
1.1.5.38867.5.1.18.4.8.1.2
1.1.5.38961.29.2.17.6
1.1.5.39031.22.2.29.6
1.1.5.39056.9.1.9.5
1.1.5.39095.20.1.4
1.1.5.39113.5.1.13.20.34
1.1.5.39210.16.4.6.23
1.1.5.39226.11.2.4
1.1.5.39228.5.1.2.2.3.2
1.1.5.39241.5.1.3.1.2.1
1.1.5.39375.5.1.1.10
1.1.5.39430.5.1.18
1.1.5.39565.5.1
1.1.5.39615.25.1.10
1.1.5.39691.5.1.2.2.10.1
1.1.5.39829.5.1.14.1.4.2.20
1.1.5.39860.5.1.12.2.5
1.1.5.39909.10.2.4.4
1.1.5.40004.3
1.1.5.40017.12.1.4.2
1.1.5.40117.11.1.14.4
1.1.5.40188.5.1.1
1.1.5.40295.5.1.16.2.5.1
1.1.5.40302.5.1.8.7
1.1.5.40331.10.1.5.1
1.1.5.40362.23.1.28.6
1.1.5.40476.5.1.3.1
1.1.5.40515.5.1.8.10
1.1.5.40607.9.1.4.1
1.1.5.40646.15.1.16.5.1.1
1.1.5.40646.15.1.16.5.3.1.1.14
1.1.5.40647.25.2.7
1.1.5.40785.5.1.3.3.36.5
1.1.5.40795.15.2.10
1.1.5.40865.5.1.14
1.1.5.40871.5.1
1.1.5.40983.5.1.2.2.9
1.1.5.41030.23.2.8
1.1.5.41052.5.1.1.1
1.1.5.41076.10.2.30.21
1.1.5.41081.5.1
1.1.5.41084.5.1
1.1.5.41188.11.1.9.3
1.1.5.41343.25.2.13.2.7.12.40.7
1.1.5.41453.5.1.3.2.6.1.35
1.1.5.41612.14.3.13.11
1.1.5.41692.13.3.8
1.1.5.41747.5.1.1.2.2.1
1.1.5.41754.17.1.12
1.1.5.41769.43.2.8.1.25.2.3
1.1.5.41815.19.1.4.4
1.1.5.41856.5.1.6.3.13
1.1.5.41892.9.1.7
1.1.5.41937.24.3.5.7.15
1.1.5.41955.16.2.18.11.32
1.1.5.41966.5.1.15
1.1.5.42051.13.2
1.1.5.42060.14.4
1.1.5.42063.5.1.14.1.7
1.1.5.42133.21.5
1.1.5.42141.8.2.4
1.1.5.42193.5.1.6.6.35
1.1.5.42281.50.6.7.12.13.1
1.1.5.42383.5.1.1.1
1.1.5.42395.5.1.2.1.4.1.17.40
1.1.5.42438.18.1.10
1.1.5.42461.14.2.9
1.1.5.42537.8.1.21.15.11
1.1.5.42539.26.1.10.3
1.1.5.42587.5.1
1.1.5.42645.5.1.4.1.10.3.6
1.1.5.42716.26.2.48.2.19.1.3
1.1.5.42718.5.1.2.2.24.1
1.1.5.42731.5.1
1.1.5.42774.3
1.1.5.42781.28.5.12
1.1.5.42819.16.2.9
1.1.5.43073.11.1.7.13
1.1.5.43112.16.2.9.1
1.1.5.43165.5.1
1.1.5.43194.19.3.4
1.1.5.43213.16.2.11.1.1.1
1.1.5.43226.5.1.6.2
1.1.5.43338.14.2.7.3.20.9.17
1.1.5.43375.5.1.1.5.10.1.10
1.1.5.43431.5.1.11.8
1.1.5.43453.9.1.4
1.1.5.43507.5.1.3.2.9
1.1.5.43537.26.3.5
1.1.5.43561.10.1.16
1.1.5.43601.13.1.9.6
1.1.5.43682.5.1.10.6.6.2
1.1.5.43688.8.1.4
1.1.5.43692.33.2
1.1.5.43700.5.1.2
1.1.5.43927.8.2.4.3
1.1.5.43957.9.3.8
1.1.5.43968.5.1.3.6.5.2
1.1.5.44138.15.1.5.9
1.1.5.44155.5.1.7.8
1.1.5.44215.44.4.35.12
1.1.5.44215.49.1.4.11
1.1.5.44278.28.1.15.19
1.1.5.44302.20.2.4.19
1.1.5.44376.22.2.29.6
1.1.5.44400.10.3.8.5
1.1.5.44437.20.1.4
1.1.5.44455.5.1.13.20.34
1.1.5.44560.9.1.7
1.1.5.44574.5.1.23.8
1.1.5.44735.6
1.1.5.44871.5.1
1.1.5.44884.5.1
1.1.5.45005.5.1.2.2.10.1
1.1.5.45091.33.3.4
1.1.5.45178.5.1.12.2.5
1.1.5.45194.25.3.8.5
1.1.5.45230.10.2.4.4
1.1.5.45331.12.1.4.2
1.1.5.45395.37.2.5.2
1.1.5.45430.11.1.14.4
1.1.5.45501.5.1.1
1.1.5.45614.5.1.3.1
1.1.5.45619.22.1.11
1.1.5.45693.15.2.5.4.1.1.27
1.1.5.45812.5.1.3.1
1.1.5.45858.35.2.18.2.21.1.1
1.1.5.45923.39.7.5
1.1.5.45968.17.2.6.1.1.2.5.11
1.1.5.45968.20.1.4.1
1.1.5.46106.5.1.3.3.36.5
1.1.5.46116.15.2.10
1.1.5.46187.5.1.14
1.1.5.46193.5.1
1.1.5.46213.22.2.7.8.7.1
1.1.5.46244.5.1
1.1.5.46299.5.1.2.2.9
1.1.5.46312.42.2.6.1.1.1.13.7
1.1.5.46320.5.1.8.1.2
1.1.5.46362.38.1.22.6
1.1.5.46400.11.2.4
1.1.5.46662.13.2.29.6.13.3
1.1.5.46736.5.1.1.5
1.1.5.46776.5.1.3.2.6.1.35
1.1.5.46943.14.3.13.11
1.1.5.47023.13.3.8
1.1.5.47087.5.1.1.11.11.2
1.1.5.47103.43.2.8.1.33.2.3
1.1.5.47146.19.1.4.4
1.1.5.47186.5.1.10
1.1.5.47280.13.2.8
1.1.5.47301.15.2.5.7.14.6.8
1.1.5.47310.14.1.5.10
1.1.5.47322.5.1.2.1
1.1.5.47405.5.1.3.3.7.5.7
1.1.5.47411.5.1.1.6
1.1.5.47445.5.1
1.1.5.47452.55.1.8
1.1.5.47485.5.1.3.1
1.1.5.47627.50.6.7.12.13.1
1.1.5.47737.12.1.4
1.1.5.47756.17.3.4.23.20
1.1.5.47805.9.1.6.4
1.1.5.47903.8.1.21.15.11
1.1.5.47905.26.1.10.3
1.1.5.48016.5.1.4.1.10.3.6
1.1.5.48087.26.2.48.2.19.1.3
1.1.5.48151.19.3.8.30
1.1.5.48192.5.1.9.4
1.1.5.48411.11.1.7.4
1.1.5.48447.16.2.9.1
1.1.5.48531.19.3.4
1.1.5.48550.16.2.11.1.1.1
1.1.5.48563.5.1.3.1.4.3
1.1.5.48653.5.1.9
1.1.5.48672.20.1.4.1
1.1.5.48715.5.1.1.5.10.1.10
1.1.5.48777.5.1.11.8
1.1.5.48891.3
1.1.5.48969.17.3.13
1.1.5.49032.23.1.17
1.1.5.49052.5.1.2
1.1.5.49084.27.4.20.10.24.3
1.1.5.49223.43.2.24.11.15.1
1.1.5.49266.8.2.4.3
1.1.5.49302.5.1.1.34.28.4
1.1.5.49339.28.2.25.13.7.1
1.1.5.49471.5.1.3
1.1.5.49553.44.4.35.12
1.1.5.49553.49.1.4.11
1.1.5.49616.28.1.15.19
1.1.5.49640.20.2.4.19
1.1.5.49711.22.2.29.6
1.1.5.49735.10.3.8.5
1.1.5.49798.5.1.13.20.39
1.1.5.49895.16.4.6.16
1.1.5.49911.11.2.4
1.1.5.49913.5.1.2.2.3.2
1.1.5.49926.5.1.3.1.2.1
1.1.5.50007.6
1.1.5.50124.5.1.18
1.1.5.50259.5.1
1.1.5.50270.5.1.5.1.1
1.1.5.50285.36.1.8
1.1.5.50395.5.1.2.2.10.1
1.1.5.50415.5.1.20.4.24.1.21
1.1.5.50545.5.1.12.2.5
1.1.5.50563.5.1.22.10.16.3
1.1.5.50696.12.1.4.2
1.1.5.50797.11.1.14.4
1.1.5.50867.5.1.1
1.1.5.50883.8.1.13.4
1.1.5.50995.5.1.3.1
1.1.5.51001.9.1.13
1.1.5.51064.15.2.5.4.1.1.27
1.1.5.51236.35.2.18.2.21.1.1
1.1.5.51257.6
1.1.5.51298.18.2.20.12.18.1.1
1.1.5.51334.15.2.14.2.4
1.1.5.51427.9.2.4
1.1.5.51432.9.1.21
1.1.5.51500.5.1.3.3.18.2
1.1.5.51510.15.2.10
1.1.5.51566.18.3.5.8
1.1.5.51571.11.1.4.3
1.1.5.51598.22.2.7.8.7.1
1.1.5.51629.5.1
1.1.5.51690.14.2.13.1.7
1.1.5.51702.5.1
1.1.5.51707.20.2.8.3
1.1.5.51744.23.2.8
1.1.5.51766.5.1.1.1
1.1.5.51790.10.2.30.21
1.1.5.51795.5.1
1.1.5.51798.5.1
1.1.5.51898.6
1.1.5.52046.5.1
1.1.5.52063.25.2.13.2.7.4.25.12
1.1.5.52100.23.2.24.2.6.4
1.1.5.52321.3
1.1.5.52442.9.2.4.2
1.1.5.52450.8.2.4
1.1.5.52455.5.1
1.1.5.52508.5.1.1.11.11.2
1.1.5.52616.5.1.10
1.1.5.52652.10.3.23
1.1.5.52670.5.1
1.1.5.52712.24.3.5.7.15
1.1.5.52748.17.1.5.2
1.1.5.52758.16.1.8
1.1.5.52834.13.2
1.1.5.52843.14.4
1.1.5.52846.5.1.14.1.7
1.1.5.52916.21.5
1.1.5.53057.50.6.7.12.13.1
1.1.5.53154.12.1.4
1.1.5.53165.5.1
1.1.5.53181.10.1.8.7.16
1.1.5.53227.18.1.10
1.1.5.53250.14.2.9
1.1.5.53323.8.1.21.15.11
1.1.5.53325.26.1.10.3
1.1.5.53422.5.1.11
1.1.5.53437.5.1.4.1.26.7.62
1.1.5.53508.26.2.48.2.19.1.3
1.1.5.53592.29.1.13.10
1.1.5.53747.5.1.15
1.1.5.53845.11.1.7.4
1.1.5.53984.19.3.4
1.1.5.54003.16.2.11.1.1.1
1.1.5.54116.5.1.9
1.1.5.54136.5.1.1
1.1.5.54137.11.1.4
1.1.5.54172.5.1.1.5.10.1.10
1.1.5.54232.5.1.11.8
1.1.5.54346.3
1.1.5.54425.17.3.13
1.1.5.54509.32.2.24.15
1.1.5.54520.5.1.4.4.30.3.33
1.1.5.54540.27.4.20.10.34.3
1.1.5.54733.8.2.4.3
1.1.5.54763.9.3.8
1.1.5.54774.5.1.3.6.5.2
1.1.5.54940.5.1.3
1.1.5.55038.3
1.1.5.55100.17.1.13.8
1.1.5.55126.5.1.1.4.8.12.22
1.1.5.55188.22.2.29.6
1.1.5.55213.9.1.9.5
1.1.5.55243.5.1.2.2.11.4
1.1.5.55263.16.2.29.21
1.1.5.55274.33.2.31.7
1.1.5.55354.16.4.6.16
1.1.5.55384.5.1.4.2
1.1.5.55557.5.1.18
1.1.5.55621.5.1.2.4.5.1.18
1.1.5.55635.36.3.5
1.1.5.55695.5.1
1.1.5.55745.25.1.10
1.1.5.55821.5.1.2.2.10.1
1.1.5.55984.5.1.12.2.5
1.1.5.56002.5.1.22.10.16.3
1.1.5.56098.18.1.14
1.1.5.56137.3
1.1.5.56150.12.1.4.2
1.1.5.56248.39.3.16.6.11
1.1.5.56248.44.1.21
1.1.5.56316.5.1.1
1.1.5.56332.8.1.13.4
1.1.5.56351.10.1.7
1.1.5.56438.5.1.16.2.5.1
1.1.5.56445.5.1.8.7
1.1.5.56517.5.1.2.2.10
1.1.5.56686.35.2.18.2.21.1.1
1.1.5.56751.39.7.6
1.1.5.56796.25.3.4.9
1.1.5.56931.14.1.43
1.1.5.56958.5.1.3.3.36.5
1.1.5.56969.17.2.8.11
1.1.5.57187.5.1.1.1.1.3.12.5
1.1.5.57190.8.3.14.7
1.1.5.57210.23.2.8
1.1.5.57232.5.1.1.1
1.1.5.57256.10.2.30.21
1.1.5.57261.5.1
1.1.5.57264.5.1
1.1.5.57357.6
1.1.5.57509.13.2.29.6.13.3
1.1.5.57620.5.1.3.2.6.1.35
1.1.5.57775.15.1.4.3
1.1.5.57777.8.1.9
1.1.5.57812.13.1.4
1.1.5.57844.24.2.17.1.27.5
1.1.5.57853.13.3.8
1.1.5.57897.5.1.1.2.2.1
1.1.5.57904.17.1.12
1.1.5.57918.37.1.5.14.5.1.24
1.1.5.57970.8.1.7
1.1.5.58013.5.1.10
1.1.5.58052.9.1.7
1.1.5.58101.24.3.5.7.6
1.1.5.58124.17.3.27
1.1.5.58139.26.2.8.13
1.1.5.58150.5.1.2.1
1.1.5.58233.5.1.3.3.7.5.7
1.1.5.58239.5.1.1.6
1.1.5.58273.5.1
1.1.5.58280.55.1.8
1.1.5.58313.5.1.3.1
1.1.5.58324.8.2.4
1.1.5.58459.5.1.3.1.1
1.1.5.58476.24.3.18
1.1.5.58537.16.2.6.5
1.1.5.58554.5.1.2.1.6.2.6
1.1.5.58584.5.1.1.2
1.1.5.58601.5.1.46.1.1.1.17.3
1.1.5.58647.13.2.8
1.1.5.58669.14.2.9
1.1.5.58744.40.3.4
1.1.5.58744.40.7.8.7
1.1.5.58854.5.1.4.1.10.3.6
1.1.5.58929.17.2.31
1.1.5.58932.23.1.13
1.1.5.58948.9.1.10
1.1.5.58975.15.2.7.5
1.1.5.59016.29.1.13.10
1.1.5.59032.6
1.1.5.59058.5.1.9.4
1.1.5.59112.5.1
1.1.5.59262.11.1.7.4
1.1.5.59301.16.2.9.1
1.1.5.59424.5.1
1.1.5.59429.9.3.8.7.23
1.1.5.59522.5.1.15
1.1.5.59541.20.1.4.1
1.1.5.59562.5.1.2.12.15.4
1.1.5.59572.17.1.4
1.1.5.59632.5.1.11.8
1.1.5.59713.5.1.3.2.7
1.1.5.59730.5.1.4.1.3.1.4
1.1.5.59745.26.3.5
1.1.5.59769.10.1.16
1.1.5.59813.5.1.2
1.1.5.59893.32.2.24.15
1.1.5.59904.5.1.4.4.30.3.33
1.1.5.59928.5.1.12.1
1.1.5.60061.43.2.24.11.15.1
1.1.5.60104.8.2.4.3
1.1.5.60291.5.1.4.2.19
1.1.5.60374.44.4.35.12
1.1.5.60374.49.1.4.11
1.1.5.60437.28.1.15.19
1.1.5.60461.20.2.4.19
1.1.5.60532.22.2.29.6
1.1.5.60560.10.3.8.5
1.1.5.60588.5.1.2.2.11.4
1.1.5.60610.13.3.6
1.1.5.60636.5.1.14
1.1.5.60727.10.1.21
1.1.5.60734.16.3.7.6
1.1.5.60919.5.1.18
1.1.5.61049.5.1
1.1.5.61192.5.1.2.2.10.1
1.1.5.61353.5.1.12.2.5
1.1.5.61374.5.1.22.10.16.3
1.1.5.61470.18.1.14
1.1.5.61509.3
1.1.5.61522.12.1.4.2
1.1.5.61621.11.1.14.4
1.1.5.61688.19.1.8.8
1.1.5.61709.41.1.10.5
1.1.5.61824.5.1.3.1
1.1.5.61830.9.1.13
1.1.5.61892.23.1.28.6
1.1.5.62009.5.1.3.1
1.1.5.62048.5.1.8.10
1.1.5.62062.5.1.3.2.3.2
1.1.5.62065.5.1.1.8.7
1.1.5.62135.18.2.20.12.18.1.1
1.1.5.62171.15.2.14.2.4
1.1.5.62324.5.1.3.3.18.2
1.1.5.62334.15.2.10
1.1.5.62401.19.3.9.4.23.10.15
1.1.5.62407.5.1
1.1.5.62427.22.2.7.8.7.1
1.1.5.62458.5.1
1.1.5.62511.14.3.6.1.2.7.23
1.1.5.62522.5.1
1.1.5.62527.20.2.8.3
1.1.5.62561.23.2.8
1.1.5.62583.5.1.1.1
1.1.5.62607.10.2.30.21
1.1.5.62612.5.1
1.1.5.62615.5.1
1.1.5.62738.10.1.12.2
1.1.5.62750.5.1
1.1.5.62865.5.1
1.1.5.62880.5.1.17.1.12.5
1.1.5.62908.21
1.1.5.63153.20.3.4
1.1.5.63163.5.1.3.2.5
1.1.5.63195.13.1.4
1.1.5.63237.13.3.8
1.1.5.63300.5.1.1.11.11.2
1.1.5.63363.19.1.4.4
1.1.5.63404.5.1.6.3.13
1.1.5.63494.13.2.8
1.1.5.63515.15.2.5.7.14.6.8
1.1.5.63523.14.1.6.10
1.1.5.63535.5.1.2.1
1.1.5.63611.13.2
1.1.5.63620.14.4
1.1.5.63623.5.1.14.1.7
1.1.5.63693.21.5
1.1.5.63701.8.2.4
1.1.5.63754.5.1.6.6.35
1.1.5.63846.5.1.3.1.1
1.1.5.63963.12.1.4
1.1.5.63979.9.2.8.8.25
1.1.5.64026.8.5.16.10
1.1.5.64050.14.2.9
1.1.5.64126.5.1.4
1.1.5.64220.5.1.4.1.21.2.3
1.1.5.64291.26.2.48.2.19.1.3
1.1.5.64293.5.1.2.2.24.1
1.1.5.64306.5.1
1.1.5.64320.5.1.1.1.6.1
1.1.5.64346.3
1.1.5.64353.28.5.12
1.1.5.64553.5.1.3
1.1.5.64648.11.1.7.4
1.1.5.64792.16.2.11.1.1.1
1.1.5.64902.5.1.1
1.1.5.64917.32.1.15.8
1.1.5.64960.5.1.1.5.10.1.10
1.1.5.65018.5.1.11.8
1.1.5.65100.5.1.3.2.7
1.1.5.65117.5.1.4.1.3.1.4
1.1.5.65132.26.3.5
1.1.5.65153.10.1.16
1.1.5.65194.5.1.2
1.1.5.65272.32.2.24.15
1.1.5.65283.5.1.4.4.30.3.33
1.1.5.65303.27.4.20.10.33.3
1.1.5.65496.8.2.4.3
1.1.5.65526.9.3.8
1.1.5.65537.5.1.3.6.5.2
1.1.5.65590.16.1.5
1.1.5.65685.5.1.3.2.5.1.9
1.1.5.65773.3
1.1.5.65861.29.2.17.6
1.1.5.65931.22.2.29.6
1.1.5.65956.9.1.9.5
1.1.5.65986.5.1.16.7
1.1.5.66013.5.1.13.20.34
1.1.5.66039.13.2.10
1.1.5.66130.16.4.6.23
1.1.5.66147.11.2.4
1.1.5.66149.5.1.2.2.3.2
1.1.5.66162.5.1.3.1.2.1
1.1.5.66310.5.1.1.10
1.1.5.66368.5.1.18
1.1.5.66500.5.1
1.1.5.66513.5.1
1.1.5.66634.5.1.2.2.10.1
1.1.5.66860.10.2.4.4
1.1.5.66958.12.1.4.2
1.1.5.67056.39.3.16.6.11
1.1.5.67056.44.1.21
1.1.5.67124.5.1.1
1.1.5.67140.8.1.13.4
1.1.5.67257.5.1.3.1
1.1.5.67263.9.1.13
1.1.5.67325.23.1.28.6
1.1.5.67441.5.1.3.1
1.1.5.67480.5.1.8.10
1.1.5.67499.5.1.3.2.3.2
1.1.5.67502.5.1.1.8.7
1.1.5.67572.18.2.20.12.18.1.1
1.1.5.67598.14.2.9.1.3.3
1.1.5.67603.25.3.4.10
1.1.5.67766.14.2.31
1.1.5.67845.19.3.9.4.23.10.15
1.1.5.67851.5.1
1.1.5.67876.22.2.7.8.7.1
1.1.5.68007.23.2.8
1.1.5.68029.5.1.1.1
1.1.5.68054.30.1.9.13
1.1.5.68165.6
1.1.5.68193.10.1.12.2
1.1.5.68337.5.1
1.1.5.68352.21.2.5.4
1.1.5.68464.5.1.3.2.6.1.35
1.1.5.68588.3
1.1.5.68637.5.1.5
1.1.5.68666.13.1.4
1.1.5.68696.5.1.1.1
1.1.5.68705.3
1.1.5.68706.13.2.12
1.1.5.68758.5.1.1.2.2.1
1.1.5.68765.17.1.12
1.1.5.68779.37.1.5.14.5.1.24
1.1.5.68831.19.1.4.4
1.1.5.68874.5.1.10
1.1.5.68959.24.3.5.7.15
1.1.5.68971.15.3.5.8.39.12.40
1.1.5.68989.14.1.5.2
1.1.5.69001.5.1.2.1
1.1.5.69076.13.2
1.1.5.69085.14.4
1.1.5.69088.5.1.14.1.7
1.1.5.69131.5.1
1.1.5.69138.55.1.8
1.1.5.69171.5.1.3.1
1.1.5.69315.50.6.7.12.13.1
1.1.5.69418.5.1.1.1
1.1.5.69430.5.1.2.1.4.1.17.31
1.1.5.69474.8.5.16.10
1.1.5.69498.14.2.9
1.1.5.69571.8.1.21.15.11
1.1.5.69573.26.1.10.3
1.1.5.69684.5.1.4.1.10.3.6
1.1.5.69755.26.2.48.2.19.1.3
1.1.5.69803.15.2.7.5
1.1.5.69843.16.2.9
1.1.5.70100.11.1.7.4
1.1.5.70139.16.2.9.1
1.1.5.70253.5.1
1.1.5.70258.17.1.9.14.8
1.1.5.70357.5.1.1
1.1.5.70373.5.1.11
1.1.5.70384.10.4.12
1.1.5.70414.5.1.1.5.10.1.10
1.1.5.70474.5.1.11.8
1.1.5.70496.9.1.4
1.1.5.70502.22.2
1.1.5.70553.5.1.3.2.7
1.1.5.70570.5.1.4.1.3.1.4
1.1.5.70585.26.3.5
1.1.5.70609.10.1.16
1.1.5.70653.5.1.2
1.1.5.70729.5.1
1.1.5.70744.39.2.5
1.1.5.70770.5.1.12.1
1.1.5.70954.8.2.4.3
1.1.5.70984.9.3.8
1.1.5.70995.5.1.3.6.5.2
1.1.5.71031.28.2.25.13.7.1
1.1.5.71153.5.1.3
1.1.5.71166.5.1
1.1.5.71234.5.1
1.1.5.71247.5.1.18.4.8.1.2
1.1.5.71308.28.1.15.19
1.1.5.71332.20.2.4.19
1.1.5.71403.22.2.29.6
1.1.5.71431.10.3.8.5
1.1.5.71481.16.2.29.25
1.1.5.71499.13.2.10
1.1.5.71607.5.1.23.8
1.1.5.71694.6
1.1.5.71800.5.1.18
1.1.5.71822.5.1.7.5.6.3.36
1.1.5.71926.5.1
1.1.5.71937.5.1.5.1.1
1.1.5.71947.30
1.1.5.72057.5.1.2.2.10.1
1.1.5.72241.5.1.20.8.19.12
1.1.5.72261.9.2.30.12
1.1.5.72287.5.1.1
1.1.5.72368.12.1.4.2
1.1.5.72466.39.3.16.6.11
1.1.5.72466.44.1.21
1.1.5.72532.5.1.1
1.1.5.72657.5.1.3.1
1.1.5.72663.9.1.13
1.1.5.72729.15.2.5.4.1.1.27
1.1.5.72917.35.2.18.2.21.1.1
1.1.5.72989.9.1.4.1
1.1.5.73036.15.2.14.2.4
1.1.5.73128.9.2.4
1.1.5.73133.9.1.21
1.1.5.73205.14.2.31
1.1.5.73249.8.2.4
1.1.5.73306.22.2.7.8.7.1
1.1.5.73333.5.1
1.1.5.73384.14.2.13.1.7
1.1.5.73396.5.1
1.1.5.73401.20.2.8.3
1.1.5.73436.23.2.8
1.1.5.73458.5.1.1.1
1.1.5.73482.10.2.30.21
1.1.5.73487.5.1
1.1.5.73490.5.1
1.1.5.73585.6
1.1.5.73608.10.1.26.3
1.1.5.73738.5.1
1.1.5.73753.5.1.17.1.12.5
1.1.5.73863.5.1.3.2.6.1.35
1.1.5.73988.3
1.1.5.74037.5.1.5
1.1.5.74064.17.2.13.6
1.1.5.74080.11.1.5
1.1.5.74112.24.2.17.1.27.5
1.1.5.74121.13.3.8
1.1.5.74175.5.1.1.2.2.1
1.1.5.74182.17.1.12
1.1.5.74196.37.1.5.14.5.1.24
1.1.5.74246.5.1.1.2.6
1.1.5.74288.5.1.10
1.1.5.74321.10.3.23
1.1.5.74371.13.2.8
1.1.5.74392.15.2.5.7.14.6.8
1.1.5.74401.14.1.5.10
1.1.5.74492.5.1.3.3.7.5.7
1.1.5.74498.5.1.1.6
1.1.5.74532.5.1
1.1.5.74539.55.1.8
1.1.5.74572.5.1.3.1
1.1.5.74583.8.2.4
1.1.5.74716.5.1
1.1.5.74819.12.1.4
1.1.5.74838.17.3.4.23.20
1.1.5.74880.13.2.8
1.1.5.74902.14.2.9
1.1.5.74981.8.1.9.5.7
1.1.5.74983.26.1.10.3
1.1.5.75092.5.1.4.1.21.2.3
1.1.5.75170.17.2.31
1.1.5.75173.23.1.13
1.1.5.75189.9.1.10
1.1.5.75216.15.2.7.5
1.1.5.75257.29.1.13.10
1.1.5.75273.6
1.1.5.75299.5.1.9.4
1.1.5.75506.11.1.7.4
1.1.5.75594.5.1
1.1.5.75632.19.3.4
1.1.5.75651.16.2.11.1.1.1
1.1.5.75664.5.1.6.2
1.1.5.75756.44.1.5.7.11
1.1.5.75762.21.1.25
1.1.5.75771.8.2.4.1
1.1.5.75810.5.1.1.5.10.1.10
1.1.5.75866.5.1.11.8
1.1.5.75943.5.1.3.2.9
1.1.5.75960.5.1.4.1.3.1.4
1.1.5.75975.26.3.5
1.1.5.75999.10.1.16
1.1.5.76039.17.3.13
1.1.5.76116.32.2.24.15
1.1.5.76127.5.1.4.4.30.3.33
1.1.5.76147.27.4.20.10.34.3
1.1.5.76287.43.2.24.11.15.1
1.1.5.76332.8.2.4.3
1.1.5.76362.9.3.8
1.1.5.76373.5.1.3.6.5.2
1.1.5.76407.28.2.25.13.7.1
1.1.5.76423.16.1.5
1.1.5.76526.5.1.3
1.1.5.76539.5.1
1.1.5.76621.3
1.1.5.76683.17.1.13.8
1.1.5.76709.5.1.1.4.8.12.22
1.1.5.76771.22.2.29.6
1.1.5.76795.10.3.8.5
1.1.5.76828.5.1.2.2.11.3
1.1.5.76834.20.1.4
1.1.5.76872.18.2.9.2.5
1.1.5.76963.16.4.6.23
1.1.5.76979.11.2.4
1.1.5.76981.5.1.2.2.3.2
1.1.5.76994.5.1.3.1.2.1
1.1.5.77139.5.1.1.10
1.1.5.77194.5.1.18
1.1.5.77326.5.1
1.1.5.77337.5.1.5.1.1
1.1.5.77352.36.1.8
1.1.5.77462.5.1.2.2.10.1
1.1.5.77631.28.1.14.10.18
1.1.5.77665.10.2.4.4
1.1.5.77764.5.1.2.1.7
1.1.5.77865.39.3.16.6.11
1.1.5.77865.44.1.21
1.1.5.77933.5.1.1
1.1.5.78047.5.1.3.1
1.1.5.78053.9.1.13
1.1.5.78125.16.1.7.4
1.1.5.78251.5.1.3.1
1.1.5.78290.5.1.8.10
1.1.5.78307.35.2.18.2.10.1.1
1.1.5.78378.9.1.4.1
1.1.5.78415.14.2.9.1.3.3
1.1.5.78420.25.3.4.10
1.1.5.78569.5.1.3.3.36.5
1.1.5.78579.15.2.10
1.1.5.78662.5.1.14
1.1.5.78668.5.1
1.1.5.78785.16.2.7.5
1.1.5.78834.23.2.8
1.1.5.78861.38.1.22.6
1.1.5.78899.11.2.4
1.1.5.79011.6
1.1.5.79180.13.2.18.6.13.3
1.1.5.79254.5.1.1.5
1.1.5.79294.5.1.3.2.6.1.35
1.1.5.79406.19.1.4
1.1.5.79458.5.1.5
1.1.5.79487.13.1.4
1.1.5.79536.13.3.8
1.1.5.79599.5.1.1.11.11.2
1.1.5.79615.43.2.8.1.33.2.3
1.1.5.79661.19.1.4.4
1.1.5.79701.5.1.10
1.1.5.79742.9.1.7
1.1.5.79786.24.3.5.7.15
1.1.5.79809.17.3.27
1.1.5.79824.5.1.15
1.1.5.79918.5.1.3.3.7.5.7
1.1.5.79924.5.1.1.6
1.1.5.79958.5.1
1.1.5.79965.55.1.8
1.1.5.79998.5.1.3.1
1.1.5.80257.5.1.2.1.6.2.19
1.1.5.80295.5.1
1.1.5.80311.10.1.7.5.8
1.1.5.80358.5.1.11.3.15
1.1.5.80380.14.2.9
1.1.5.80453.8.1.21.15.11
1.1.5.80455.26.1.10.3
1.1.5.80566.5.1.4.1.10.3.6
1.1.5.80637.26.2.48.2.19.1.3
1.1.5.80639.5.1.2.2.24.1
1.1.5.80652.5.1
1.1.5.80666.5.1.1.1.6.1
1.1.5.80726.29.1.13.10
1.1.5.80742.6
1.1.5.80768.5.1.9.4
1.1.5.80862.5.1.15
1.1.5.80946.11.1.7.4
1.1.5.80985.16.2.9.1
1.1.5.81063.19.3.4
1.1.5.81082.16.2.11.1.1.1
1.1.5.81095.5.1.6.2
1.1.5.81188.5.1.9
1.1.5.81207.20.1.4.1
1.1.5.81250.5.1.1.5.10.1.10
1.1.5.81313.5.1.11.8
1.1.5.81395.5.1.3.2.7
1.1.5.81412.5.1.4.1.3.1.4
1.1.5.81427.26.3.5
1.1.5.81451.10.1.16
1.1.5.81492.17.3.13
1.1.5.81527.5.1.17.22.12.1
1.1.5.81569.32.2.24.15
1.1.5.81580.5.1.4.4.30.3.33
1.1.5.81604.5.1.12.1
1.1.5.81733.43.2.24.11.15.1
1.1.5.81778.8.2.4.3
1.1.5.81808.9.3.8
1.1.5.81819.5.1.3.6.5.2
1.1.5.81981.15.1.5.9
1.1.5.82060.5.1
1.1.5.82136.28.1.15.19
1.1.5.82160.20.2.4.19
1.1.5.82233.22.2.29.6
1.1.5.82258.9.1.9.5
1.1.5.82288.5.1.2.2.11.3
1.1.5.82294.20.1.4
1.1.5.82312.5.1.13.20.34
1.1.5.82338.13.2.10
1.1.5.82436.10.1.21
1.1.5.82443.16.3.7.6
1.1.5.82623.5.1.18
1.1.5.82687.5.1.2.4.5.1.18
1.1.5.82729.5.1.1
1.1.5.82761.8.2.4.3
1.1.5.82874.5.1.2.2.10.1
1.1.5.82902.20.3.5.2.4.4.15
1.1.5.82960.5.1
1.1.5.83044.5.1.12.2.5
1.1.5.83065.5.1.22.10.16.3
1.1.5.83177.15.3
1.1.5.83317.32.2
1.1.5.83373.41.1.10.5
1.1.5.83396.10.1.7
1.1.5.83493.5.1.3.1
1.1.5.83499.9.1.13
1.1.5.83567.16.1.7.4
1.1.5.83683.5.1.3.1
1.1.5.83722.5.1.8.10
1.1.5.83740.5.1.3.2.3.2
1.1.5.83743.5.1.1.8.7
1.1.5.83819.9.1.4.1
1.1.5.83858.15.1.16.5.1.1
1.1.5.83858.15.1.16.5.3.1.1.9
1.1.5.83859.25.2.7
1.1.5.83987.14.1.43
1.1.5.84019.5.1.3.3.36.5
1.1.5.84030.17.2.8.11
1.1.5.84124.22.2.7.8.7.1
1.1.5.84155.5.1
1.1.5.84210.5.1.2.2.9
1.1.5.84220.5.1.1.1.1.3.29.9
1.1.5.84223.8.3.14.7
1.1.5.84288.10.2.30.21
1.1.5.84293.5.1
1.1.5.84296.5.1
1.1.5.84389.5.1.4.1.22
1.1.5.84420.10.1.12.2
1.1.5.84517.12.2.15.4
1.1.5.84581.25.2.13.2.7.9.39.38
1.1.5.84691.5.1.3.2.6.1.35
1.1.5.84808.3
1.1.5.84845.14.2.11.1.5.1.2
1.1.5.84936.13.3.8
1.1.5.84990.5.1.1.2.2.1
1.1.5.84997.17.1.12
1.1.5.85012.43.2.8.1.25.2.3
1.1.5.85054.15.2.11
1.1.5.85088.5.1.10
1.1.5.85119.10.3.23
1.1.5.85137.5.1
1.1.5.85180.24.3.5.7.7
1.1.5.85197.5.1.20
1.1.5.85207.17.1.37.6
1.1.5.85286.13.2
1.1.5.85295.14.4
1.1.5.85298.5.1.14.1.7
1.1.5.85370.21.5
1.1.5.85378.8.2.4
1.1.5.85624.12.1.4
1.1.5.85635.5.1
1.1.5.85651.10.1.7.5.8
1.1.5.85693.13.2.8
1.1.5.85715.14.2.9
1.1.5.85793.8.1.9.5.7
1.1.5.85795.26.1.10.3
1.1.5.85899.5.1.16
1.1.5.85914.5.1.4.1.26.7.19
1.1.5.85992.17.2.31
1.1.5.85995.23.1.13
1.1.5.86047.15.2.7.5
1.1.5.86088.29.1.13.10
1.1.5.86104.6
1.1.5.86130.5.1.9.4
1.1.5.86337.11.1.7.4
1.1.5.86376.16.2.9.1
1.1.5.86422.5.1
1.1.5.86460.19.3.4
1.1.5.86479.16.2.11.1.1.1
1.1.5.86492.5.1.6.2
1.1.5.86593.5.1.15
1.1.5.86612.20.1.4.1
1.1.5.86639.9.2.12
1.1.5.86651.17.1.4
1.1.5.86713.5.1.11.8
1.1.5.86795.5.1.3.2.7
1.1.5.86825.26.3.5
1.1.5.86849.10.1.16
1.1.5.86888.17.3.13
1.1.5.86969.32.2.24.15
1.1.5.86980.5.1.4.4.30.3.33
1.1.5.87000.27.4.20.10.32.3
1.1.5.87111.21.2.13.16
1.1.5.87194.8.2.4.3
1.1.5.87224.9.3.8
1.1.5.87235.5.1.3.6.5.2
1.1.5.87377.5.1.3
1.1.5.87390.5.1
1.1.5.87458.5.1
1.1.5.87539.5.1.7
1.1.5.87560.20.2.4.19
1.1.5.87638.22.2.29.6
1.1.5.87663.9.1.9.5
1.1.5.87716.13.3.6
1.1.5.87819.10.1.21
1.1.5.87826.16.3.7.6
1.1.5.88014.5.1.18
1.1.5.88139.5.1
1.1.5.88285.5.1.2.2.10.1
1.1.5.88367.20.3.4
1.1.5.88477.9.2.30.12
1.1.5.88504.5.1.1
1.1.5.88595.12.1.4.2
1.1.5.88762.5.1.1
1.1.5.88875.5.1.3.1
1.1.5.88881.9.1.13
1.1.5.88950.13.1.4.4
1.1.5.89097.14.2
1.1.5.89125.5.1.3.2.3.2
1.1.5.89128.5.1.1.8.7
1.1.5.89198.18.2.20.12.18.1.1
1.1.5.89224.14.2.9.1.3.3
1.1.5.89229.25.3.4.10
1.1.5.89326.9.2.4
1.1.5.89331.9.1.21
1.1.5.89400.10.2.4
1.1.5.89413.14.2.31
1.1.5.89479.19.3.9.4.23.10.15
1.1.5.89485.5.1
1.1.5.89600.14.2.13.1.7
1.1.5.89612.5.1.1.1.1.3.11.32
1.1.5.89655.38.1.22.6
1.1.5.89693.11.2.4
1.1.5.89821.11.1.9.3
1.1.5.89841.10.1.12.2
1.1.5.89987.25.2.13.2.7.12.40.7
1.1.5.90097.5.1.3.2.6.1.35
1.1.5.90261.5.1.5
1.1.5.90276.17.2.13.6
1.1.5.90292.11.1.5
1.1.5.90324.24.2.17.1.27.5
1.1.5.90333.13.3.8
1.1.5.90381.5.1.1.2.2.1
1.1.5.90388.17.1.12
1.1.5.90403.43.2.8.1.25.2.3
1.1.5.90449.19.1.4.4
1.1.5.90490.5.1.6.3.13
1.1.5.90526.9.1.7
1.1.5.90572.24.3.5.7.6
1.1.5.90590.16.2.18.11.32
1.1.5.90687.13.2
1.1.5.90696.14.4
1.1.5.90699.5.1.14.1.7
1.1.5.90768.5.1.3.1
1.1.5.90779.8.2.4
1.1.5.91041.12.1.4
1.1.5.91060.17.3.4.23.20
1.1.5.91105.18.1.10
1.1.5.91128.14.2.9
1.1.5.91203.40.3.4
1.1.5.91203.40.7.8.7
1.1.5.91316.5.1.4.1.10.3.6
1.1.5.91387.26.2.48.2.19.1.3
1.1.5.91389.5.1.2.2.24.1
1.1.5.91402.5.1
1.1.5.91416.5.1.1.1.6.1
1.1.5.91486.19.3.8.23
1.1.5.91780.11.1.7.4
1.1.5.91877.5.1
1.1.5.91915.19.3.4
1.1.5.91934.16.2.11.1.1.1
1.1.5.91947.9.3.8.7.7
1.1.5.92047.5.1.1
1.1.5.92062.32.1.15.8
1.1.5.92083.5.1.2.12.15.4
1.1.5.92093.17.1.4
1.1.5.92149.5.1.11.8
1.1.5.92171.9.1.4
1.1.5.92261.3
1.1.5.92333.15.3.12.1
1.1.5.92335.24.2.4.6
1.1.5.92417.5.1
1.1.5.92432.39.2.5
1.1.5.92461.5.1.8.6.4.2
1.1.5.92557.25.2.4.2
1.1.5.92645.8.2.4.3
1.1.5.92675.9.3.8
1.1.5.92686.5.1.3.6.5.2
1.1.5.92745.16.1.5
1.1.5.92848.5.1.3
1.1.5.92925.5.1
1.1.5.92938.5.1.18.4.8.1.2
1.1.5.93006.17.1.13.8
1.1.5.93032.5.1.1.4.8.12.22
1.1.5.93094.22.2.29.6
1.1.5.93119.9.1.9.5
1.1.5.93182.5.1.13.20.39
1.1.5.93208.13.2.10
1.1.5.93294.16.4.6.23
1.1.5.93310.11.2.4
1.1.5.93312.5.1.2.2.3.2
1.1.5.93325.5.1.3.1.2.1
1.1.5.93361.3
1.1.5.93412.6
1.1.5.93523.5.1.18
1.1.5.93656.5.1
1.1.5.93706.25.1.10
1.1.5.93782.5.1.2.2.10.1
1.1.5.93920.5.1.14.1.4.2.20
1.1.5.93951.5.1.12.2.5
1.1.5.93970.25.3.8.5
1.1.5.94104.12.1.4.2
1.1.5.94201.39.3.16.6.11
1.1.5.94201.44.1.21
1.1.5.94250.22.3.12
1.1.5.94255.27.1.21.15
1.1.5.94273.41.1.10.5
1.1.5.94377.5.1.3.1
1.1.5.94383.9.1.13
1.1.5.94415.10.1.5.1
1.1.5.94447.15.2.5.4.1.1.27
1.1.5.94594.14.2
1.1.5.94622.5.1.3.2.3.2
1.1.5.94625.5.1.1.8.7
1.1.5.94693.18.2.20.12.18.1.1
1.1.5.94730.25.3.4.9
1.1.5.94878.5.1.3.3.36.5
1.1.5.94888.15.2.10
1.1.5.94968.5.1.14
1.1.5.94974.5.1
1.1.5.95091.5.1.5.4.8
1.1.5.95107.42.2.6.1.1.1.42.41
1.1.5.95115.5.1.8.1.2
1.1.5.95152.5.1.1.1
1.1.5.95176.10.2.30.21
1.1.5.95181.5.1
1.1.5.95184.5.1
1.1.5.95277.5.1.4.1.22
1.1.5.95406.12.2.15.4
1.1.5.95470.25.2.13.2.7.9.39.26
1.1.5.95583.5.1.3.2.6.1.35
1.1.5.95738.9.1.4.6
1.1.5.95745.5.1.3.2.5
1.1.5.95824.13.3.8
1.1.5.95873.5.1.1.2.2.1
1.1.5.95880.17.1.12
1.1.5.95894.37.1.5.14.5.1.24
1.1.5.95994.5.1.6.3.13
1.1.6.86.24.3.5.7.15
1.1.6.104.16.2.18.11.32
1.1.6.115.26.2.8.13
1.1.6.126.5.1.2.1
1.1.6.210.5.1.3.3.7.5.7
1.1.6.216.5.1.1.6
1.1.6.250.5.1
1.1.6.257.55.1.8
1.1.6.290.5.1.3.1
1.1.6.301.8.2.4
1.1.6.437.50.6.7.12.13.1
1.1.6.513.5.1.2.1.6.2.19
1.1.6.530.5.1.2.2.30.3
1.1.6.551.5.1.49.1.1.8.22.1
1.1.6.594.8.5.16.10
1.1.6.618.14.2.9
1.1.6.695.40.3.4
1.1.6.695.40.7.8.7
1.1.6.808.5.1.4.1.10.3.6
1.1.6.879.26.2.48.2.19.1.3
1.1.6.953.29.1.13.10
1.1.6.1081.5.1
1.1.6.1136.12
1.1.6.1145.3
1.1.6.1148.10.1.21
1.1.6.1217.11.1.7.4
1.1.6.1256.16.2.9.1
1.1.6.1317.5.1
1.1.6.1355.19.3.4
1.1.6.1374.16.2.11.1.1.1
1.1.6.1484.5.1.1
1.1.6.1499.32.1.15.8
1.1.6.1542.5.1.1.5.10.1.10
1.1.6.1605.5.1.11.8
1.1.6.1719.3
1.1.6.1791.17.3.13
1.1.6.1861.5.1.10.6.6.2
1.1.6.1867.8.1.4
1.1.6.1871.33.2
1.1.6.1879.5.1.2
1.1.6.2096.8.2.4.3
1.1.6.2183.16.1.5
1.1.6.2286.5.1.3
1.1.6.2299.5.1
1.1.6.2371.5.1
1.1.6.2384.5.1.18.4.8.1.2
1.1.6.2452.17.1.13.8
1.1.6.2478.5.1.1.4.8.12.22
1.1.6.2540.22.2.29.6
1.1.6.2565.9.1.9.5
1.1.6.2629.5.1.3.1.3
1.1.6.2649.13.2.10
1.1.6.2736.9.1.7
1.1.6.2750.5.1.23.8
1.1.6.2932.5.1.18
1.1.6.3008.5.1.2.2
1.1.6.3065.5.1
1.1.6.3076.5.1.5.1.1
1.1.6.3091.36.1.8
1.1.6.3201.5.1.2.2.10.1
1.1.6.3229.20.3.5.2.4.4.15
1.1.6.3269.5.1.1
1.1.6.3368.5.1.12.2.5
1.1.6.3417.10.2.4.4
1.1.6.3518.12.1.4.2
1.1.6.3628.32.2
1.1.6.3672.5.1.1
1.1.6.3801.5.1.3.1
1.1.6.3807.9.1.13
1.1.6.3873.5.1.2.2.24
1.1.6.3989.5.1.3.1
1.1.6.4028.5.1.8.10
1.1.6.4047.5.1.3.2.3.2
1.1.6.4118.18.2.20.12.18.1.1
1.1.6.4144.14.2.9.1.3.3
1.1.6.4149.25.3.4.10
1.1.6.4315.14.2.31
1.1.6.4401.5.1.14
1.1.6.4407.5.1
1.1.6.4445.5.1.1.6
1.1.6.4529.5.1.2.2.9
1.1.6.4579.23.2.8
1.1.6.4606.38.1.22.6
1.1.6.4644.11.2.4
1.1.6.4923.5.1
1.1.6.4938.5.1.17.1.12.5
1.1.6.5055.13.2.21
1.1.6.5224.15.1.5.2.5
1.1.6.5234.5.1.5
1.1.6.5249.17.2.13.6
1.1.6.5265.11.1.5
1.1.6.5297.24.2.17.1.27.5
1.1.6.5306.13.3.8
1.1.6.5360.5.1.1.2.2.1
1.1.6.5367.17.1.12
1.1.6.5382.43.2.8.1.25.2.3
1.1.6.5479.5.1.10
1.1.6.5512.10.3.23
1.1.6.5530.5.1
1.1.6.5580.24.3.5.7.6
1.1.6.5603.17.3.27
1.1.6.5617.36.1.18.7
1.1.6.5701.13.2
1.1.6.5710.14.4
1.1.6.5713.5.1.14.1.7
1.1.6.5784.21.5
1.1.6.5792.8.2.4
1.1.6.5927.50.6.7.12.13.1
1.2.57.6.3.44.2
1.2.83.2.1.1
1.2.205.2.1.1
1.2.235.2.1.12.7
1.2.325.4.2.4.1
1.2.335.2.1.1.2.5
1.2.360.2.1.2.1
1.2.392.2.1
1.2.461.2.1.2.1
1.2.628.8.4.11.2.29.1.3
1.2.637.12.6.11.3
1.2.734.6.3.6.3
1.2.741.2.1.2.2.2
1.2.775.2.1.3.3
1.2.822.2.1
1.2.1173.10.5.13.1.35.1
1.2.1408.2.1.2.2.5.1.4.11
1.2.1587.10.5.38
1.2.1621.2.1.7
1.2.1811.2.1.2
1.2.1819.4.2.16.1.20.1.1
1.2.1820.6.3.20.2.2.1
1.2.1840.2.1.3.2.4.1
1.2.1908.2.1.6.2
1.2.1933.6.3.8.5
1.2.1975.4.2.3.2
1.2.2043.4.2.9
1.2.2173.24.12.39.13.56
1.2.2779.4.2.4.3
1.2.2790.2.1
1.2.2841.4.2.3.2.21.6.22
1.2.2969.4.2.3.1.1
1.2.3056.8.4.14
1.2.3103.4.2.6.1.2
1.2.3213.12.6.43.11.25.3
1.2.3260.4.2.3
1.2.3341.4.2.15.1.1
1.2.3369.6.3.6.2.22
1.2.3530.13
1.2.3530.14.7.12.3
1.2.3667.9
1.2.3875.2.1.5.3.5
1.2.4097.4.2.4
1.2.4121.6.3
1.2.4138.12.6
1.2.4153.6.3
1.2.4426.2.1.1.2.43.1.1
1.2.4503.6.3.7.3.5
1.2.4572.8.4.10.1.1.5.1.3
1.2.4597.2.1.2.2.18
1.2.4757.4.2.2
1.2.4878.2.1.1.4.6.3.24
1.2.4895.2.1.6.2
1.2.4953.2.1.2.2
1.2.4975.8.4.13.4.4
1.2.5010.2.1.10.2.4
1.2.5180.6.3.7.1.2
1.2.5184.2.1.1
1.2.5305.2.1.1.1.13.1.4
1.2.5710.2.1.17
1.2.5793.10.5.12
1.5.412.12.2.1.18
1.5.483.11.2.1.5.3.14
1.5.502.8.2.1.2.2
1.5.506.15.2.1.5.5
1.5.538.9.2.1.3.1.21.4
1.5.605.7.2.1.3
1.5.639.22.2.1.25.1.10
1.5.712.7.2.1.5.1.7.1.2.43
1.5.927.13.2.1
1.5.985.15.2.1.63.10
1.5.1237.12.2.1.3.9
1.5.1265.13.2.1.12
1.5.1292.15.2.1.4.2.25.1
1.5.1293.10.2.1.8.4.6.3.7
1.5.1400.8.2.1.14
1.5.1414.7.2.1.25.4.15.1
1.5.1493.10.2.1
1.5.1558.13.2.1
1.5.1719.10.2.1.19.9.25
1.5.1746.8.2.1.2.1.1
1.5.1857.9.2.1
1.5.2031.5.2.1.18.7.9
1.5.2038.9.2.1
1.5.2132.10.2.1
1.5.2146.12.2.1.4
1.5.2226.8.2.1
1.5.2238.6.2.1
1.5.2246.13.2.1.3.3.15.1.3
1.5.2387.8.2.1.21.14.34.1.11
1.5.2427.7.2.1.12.1
1.5.2542.23.2.1.4.1.2.3
1.5.2756.17.2.1.6.1.13.5.29
1.5.2864.20.2.1
1.5.2884.10.2.1.3.5.26.1.38
1.5.2987.19.2.1.25.6.12.7.8
1.5.3081.15.2.1.15
1.5.3160.13.2.1.7.2
1.5.3202.16.2.1.1
1.5.3219.11.2.1.6.1.1.1.4
1.5.3325.13.2.1.2.1.19.9
1.5.3344.8.2.1.5.3.11.1.2.1
1.5.3422.8.2.1.7.2
1.5.3459.9.2.1
1.5.3653.11.2.1.2.1.2.1.9
1.5.3658.7.2.1.5.7.10
1.5.3708.11.2.1.1.1.5.2
1.5.3798.14.2.1.1
1.5.4168.10.2.1.3.3.5.6.23
1.5.4252.7.2.1.13.1.5
1.5.4397.24.2.1.19.9.20.1.3
1.5.4552.8.2.1.3.1.1
1.5.4637.14.2.1.4
1.5.4668.10.2.1.12
1.5.4887.10.2.1.3.3.8.3.12
1.5.4986.8.2.1.11.4.18.3
1.5.4990.6.2.1
1.5.4994.20.2.1
1.5.5154.9.2.1.1.1.4.2.86
1.5.5272.10.2.1
1.5.5431.10.2.1
1.5.5478.7.2.1.3.2
1.5.5479.14.2.1.3.3.6.2
1.5.5544.15.2.1.6
1.5.5647.11.2.1.8.3
1.5.5655.7.2.1.9.2.9
1.5.5658.9.2.1.6.1.2.1
1.5.5821.14.2.1
1.5.5841.6.2.1.10
1.5.6143.11.2.1.14.4.21.3
1.5.6227.9.2.1.8.1.2.2.8
1.5.6283.6.2.1
1.5.6309.9.2.1.12.3.7.4.10.2
1.5.6439.14.2.1.11.6.28
1.5.6478.17.2.1
1.5.6612.8.2.1.2.2.9
1.5.6726.7.2.1
1.5.6743.14.2.1.15.7.47
1.5.6744.8.2.1.17.1.1.6
1.5.6769.12.2.1
1.5.6826.18.2.1
1.5.6835.13.2.1.4.2.3.1
1.5.6959.5.2.1.3
1.5.7002.22.2.1
1.5.7007.8.2.1.9.1
1.5.7037.5.2.1.9.3.12.2
1.5.7045.13.2.1.13.3.6
1.5.7073.13.2.1.38.5
1.5.7087.8.2.1
1.5.7089.8.2.1.14.1.20.1.5
1.5.7186.10.2.1.3.2.6.1
1.5.7195.7.2.1
1.5.7201.8.2.1.3.2.8.4
1.5.7206.12.2.1.12
1.5.7559.12.2.1.18
1.5.7609.11.2.1.5.3.14
1.5.7628.14.2.1.2.2.4.3
1.5.7639.8.2.1
1.5.7659.9.2.1.3.1.16.3
1.5.7727.7.2.1.3
1.5.7761.22.2.1.25.1.10
1.5.7855.9.2.1.1.1
1.5.7857.9.2.1.10.2.1
1.5.8073.13.2.1
1.5.8131.15.2.1.63.10
1.5.8214.8.2.1.2.2.35
1.5.8249.11.2.1.1.3.1.1
1.5.8392.12.2.1.3.9
1.5.8422.13.2.1.12
1.5.8449.15.2.1.4.2.25.1
1.5.8450.10.2.1.8.4.6.3.7
1.5.8543.8.2.1.2
1.5.8557.7.2.1.25.4.15.1
1.5.8695.13.2.1
1.5.8891.7.2.1.9
1.5.9005.9.2.1
1.5.9188.6.2.1.3
1.5.9275.10.2.1
1.5.9289.12.2.1.4
1.5.9382.6.2.1.1.1
1.5.9388.6.2.1
1.5.9396.13.2.1.3.3.15.1.3
1.5.9531.8.2.1.21.14.34.1.11
1.5.9575.7.2.1.12.1
1.5.9863.23.2.1.10
1.5.9878.17.2.1.14.1.24.5.12
1.5.9988.20.2.1
1.5.10075.5.2.1.2.4.14.1.4
1.5.10204.6.2.1.12.2.9.4.42.20
1.5.10283.13.2.1.7.2
1.5.10298.6.2.1
1.5.10445.13.2.1.2.1.19.17
1.5.10464.8.2.1.5.3.11.1.2.1
1.5.10538.8.2.1.7.2
1.5.10575.9.2.1
1.5.10756.11.2.1.2.1.2.1.9
1.5.10761.7.2.1.5.7.10
1.5.10807.7.2.1
1.5.10868.12.2.1.3.7
1.5.10897.23.2.1.5.1.1
1.5.10920.10.2.1.2.1.21.1
1.5.11109.18.2.1.2.2.8.4
1.5.11141.11.2.1.18.1.4.2.2
1.5.11215.12.2.1.25.4.14
1.5.11300.7.2.1.13.1.5
1.5.11446.24.2.1.19.9.20.1.3
1.5.11476.8.2.1.10.6
1.5.11503.7.2.1
1.5.11576.9.2.1.6
1.5.11581.11.2.1
1.5.11659.7.2.1.4.2.3.1.4
1.5.11683.10.2.1.25
1.5.11901.10.2.1.3.3.8.3.12
1.5.11937.7.2.1.8
1.5.11994.8.2.1.11.3.9.3
1.5.11998.6.2.1
1.5.12002.20.2.1
1.5.12160.9.2.1.1.1.4.2.18
1.5.12268.25.2.1.1.1.1.1.4
1.5.12293.10.2.1
1.5.12444.10.2.1
1.5.12491.7.2.1.3.2
1.5.12492.14.2.1.3.3.6.2
1.5.12556.15.2.1.6
1.5.12659.11.2.1.8.3
1.5.12667.7.2.1.9.2.9
1.5.12670.9.2.1.6.1.2.1
1.5.12745.13.2.1.16.1.4.2
1.5.12840.31.2.1.12.3
1.5.12852.6.2.1.8
1.5.12936.6.2.1.11.2.4
1.5.12937.5.2.1.1.1.8.1.2
1.5.13170.11.2.1.14.4.27.3
1.5.13259.9.2.1.8.1.2.2.8
1.5.13315.6.2.1
1.5.13481.14.2.1.11.6.28
1.5.13656.10.2.1.4.1.3.2.10
1.5.13777.11.2.1.5.1.4.3.6
1.5.13800.12.2.1
1.5.13862.11.2.1.5.1.2.2.5.9
1.5.13876.25.2.1.1.1.13
1.5.13985.5.2.1.3
1.5.14025.22.2.1
1.5.14030.8.2.1.9.1
1.5.14067.5.2.1.9.3.12.2
1.5.14075.13.2.1.13.3.6
1.5.14111.8.2.1.2.2.15
1.5.14135.11.2.1.7.1.4.3.8
1.5.14215.7.2.1
1.5.14247.7.2.1.3.5.18
1.5.14613.12.2.1.18
1.5.14663.11.2.1.5.3.14
1.5.14680.20.2.1
1.5.14717.9.2.1.3.1.21.4
1.5.14785.7.2.1.3
1.5.14819.22.2.1.25.1.10
1.5.14891.7.2.1.5.1.7.1.2.43
1.5.15175.15.2.1.68.10
1.5.15434.12.2.1.3.9
1.5.15464.13.2.1.12
1.5.15491.15.2.1.4.2.25.1
1.5.15492.10.2.1.8.4.6.3.7
1.5.15603.8.2.1.14
1.5.15617.7.2.1.25.4.15.1
1.5.15694.10.2.1
1.5.15785.14.2.1
1.5.15938.10.2.1.23.12.20
1.5.15965.8.2.1.2.1.1
1.5.16004.20.2.1
1.5.16076.9.2.1
1.5.16250.5.2.1.18.7.9
1.5.16257.9.2.1
1.5.16366.12.2.1.4
1.5.16453.8.2.1
1.5.16465.6.2.1
1.5.16473.13.2.1.3.3.15.1.3
1.5.16623.8.2.1.21.14.34.1.11
1.5.16667.7.2.1.12.1
1.5.16981.17.2.1.14.1.24.5.12
1.5.17094.20.2.1
1.5.17181.5.2.1.2.4.14.1.4
1.5.17307.9.2.1.10.6
1.5.17353.12.2.1
1.5.17401.6.2.1
1.5.17478.7.2.1
1.5.17570.9.2.1
1.5.17586.10.2.1
1.5.17675.8.2.1.7.2
1.5.17712.9.2.1
1.5.17886.12.2.1.37.1.1
1.5.18034.14.2.1.1
1.5.18048.7.2.1
1.5.18376.12.2.1.25.4.14
1.5.18476.7.2.1.13.1.5
1.5.18629.24.2.1.19.9.20.1.3
1.5.18779.8.2.1.3.1.1
1.5.18860.7.2.1.4.2.3.1.4
1.5.19084.10.2.1.3.3.8.3.12
1.5.19180.8.2.1.11.3.9.3
1.5.19184.6.2.1
1.5.19188.20.2.1
1.5.19338.9.2.1.1.1.4.2.18
1.5.19502.12.2.1.9.1.3.3
1.5.19506.26.2.1.3.4.12
1.5.19615.10.2.1
1.5.19721.15.2.1.6
1.5.19824.11.2.1.8.3
1.5.19832.7.2.1.9.2.9
1.5.19835.9.2.1.6.1.2.1
1.5.19876.6.2.1.6.4.26.1
1.5.20014.11.2.1.12.3
1.5.20102.6.2.1.11.2.4
1.5.20470.6.2.1
1.5.20496.9.2.1.12.3.7.4.10.2
1.5.20632.14.2.1.15.3.4
1.5.20671.17.2.1
1.5.20799.22.2.1.2.1.1
1.5.20894.7.2.1
1.5.20911.14.2.1.15.7.47
1.5.20912.8.2.1.17.1.1.6
1.5.20937.12.2.1
1.5.20993.18.2.1
1.5.21002.13.2.1.4.2.3.1
1.5.21126.5.2.1.3
1.5.21213.17.2.1.9.1
1.5.21215.11.2.1
1.5.21232.12.2.1.13.1.1.3.5
1.5.21265.8.2.1.2.2.15
1.5.21289.23.2.1.8
1.5.21390.10.2.1.3.2.6.1
1.5.21399.7.2.1
1.5.21405.8.2.1.3.2.8.4
1.5.21410.12.2.1.12
1.5.21756.12.2.1.18
1.5.21827.11.2.1.5.3.14
1.5.21846.8.2.1.2.2
1.5.21850.15.2.1.5.5
1.5.21882.9.2.1.3.1.21.4
1.5.21978.22.2.1.25.1.10
1.5.22055.8.2.1.8
1.5.22324.15.2.1.68.10
1.5.22362.9.2.1
1.5.22400.8.2.1.2.2.35
1.5.22437.11.2.1.1.4.17.6
1.5.22583.12.2.1.3.9
1.5.22736.8.2.1.2
1.5.22750.7.2.1.25.4.15.1
1.5.22920.14.2.1
1.5.23084.8.2.1.2.1.31.4
1.5.23091.9.2.1.11.8.47.4.18
1.5.23197.9.2.1
1.5.23367.5.2.1.18.7.9
1.5.23374.9.2.1
1.5.23483.12.2.1.4
1.5.23575.8.2.1
1.5.23587.6.2.1
1.5.23595.13.2.1.3.3.15.1.3
1.5.23715.8.2.1.21.14.34.1.11
1.5.23759.7.2.1.12.1
1.5.23922.7.2.1.2.1.2.2
1.5.24062.17.2.1.6.1.13.4.16
1.5.24174.20.2.1
1.5.24197.7.2.1.8
1.5.24265.5.2.1.2.4.14.1.4
1.5.24382.6.2.1.17.2.9.7.35.23
1.5.24435.12.2.1
1.5.24463.13.2.1.7.2
1.5.24555.7.2.1
1.5.24647.9.2.1
1.5.24669.7.2.1.4.1.1.3.6.10
1.5.24949.12.2.1.37.1.1
1.5.25005.7.2.1
1.5.25066.12.2.1.3.7
1.5.25092.14.2.1.1
1.5.25320.18.2.1.2.2.8.4
1.5.25443.10.2.1.3.3.5.6.23
1.5.25518.7.2.1.13.1.5
1.5.25822.8.2.1.3.1.1
1.5.25905.14.2.1.4
1.5.26148.10.2.1.3.3.8.3.11
1.5.26188.7.2.1.8
1.5.26245.8.2.1.11.3.9.3
1.5.26249.6.2.1
1.5.26253.20.2.1
1.5.26517.10.2.1
1.5.26557.12.2.1.9.1.3.3
1.5.26561.26.2.1.3.4.12
1.5.26670.10.2.1
1.5.26776.15.2.1.6
1.5.26871.11.2.1.8.3
1.5.26879.7.2.1.9.2.9
1.5.26882.9.2.1.6.1.2.1
1.5.27042.13.2.1
1.5.27044.6.2.1.10.3.7.3
1.5.27054.18.2.1.7
1.5.27130.6.2.1.11.2.4
1.5.27373.11.2.1.14.4.27.3
1.5.27462.9.2.1.8.1.2.2.8
1.5.27518.6.2.1
1.5.27682.15.2.1.10.4.12.1.6
1.5.27862.8.2.1.2.2.9
1.5.27979.11.2.1.35.1.4.3.6
1.5.28002.12.2.1
1.5.28055.18.2.1
1.5.28064.13.2.1.4.2.3.1
1.5.28192.5.2.1.3
1.5.28285.5.2.1.9.3.12.2
1.5.28293.13.2.1.13.3.6
1.5.28321.13.2.1.38.5
1.5.28335.8.2.1
1.5.28337.8.2.1.14.1.20.1.5
1.5.28434.10.2.1.3.2.6.1
1.5.28443.7.2.1
1.5.28449.8.2.1.3.2.8.4
1.5.28454.12.2.1.12
1.5.28652.14.2.1.12.1
1.5.28796.12.2.1.18
1.5.28846.11.2.1.5.3.14
1.5.28874.16.2.1.1.1
1.5.28975.7.2.1.3
1.5.29009.22.2.1.25.1.10
1.5.29081.7.2.1.5.1.7.1.2.28
1.5.29297.13.2.1
1.5.29616.12.2.1.3.9
1.5.29754.7.2.1
1.5.29768.11.2.1.2.1.2
1.5.29963.14.2.1
1.5.30158.8.2.1.2.1.1
1.5.30195.20.2.1
1.5.30267.9.2.1
1.5.30437.5.2.1.18.7.9
1.5.30444.9.2.1
1.5.30675.6.2.1.14.1
1.5.30683.7.2.1.10.2.2
1.5.30717.15.2.1.7.5
1.5.30818.8.2.1.21.14.34.1.11
1.5.30862.7.2.1.12.1
1.5.30982.23.2.1.4.1.2.3
1.5.31180.15.2.1
1.5.31302.7.2.1.52.3
1.5.31308.8.2.1.6.1.2.1.14
1.5.31373.5.2.1.2.4.14.1.4
1.5.31500.6.2.1.17.2.9.7.28.5
1.5.31581.13.2.1.7.2
1.5.31674.7.2.1
1.5.31761.9.2.1
1.5.31777.10.2.1
1.5.31794.7.2.1.13.1.8.3.25.4
1.5.31893.9.2.1
1.5.32085.11.2.1.2.1.2.1.9
1.5.32090.7.2.1.5.7.10
1.5.32136.7.2.1
1.5.32197.12.2.1.3.7
1.5.32221.6.2.1.8.5
1.5.32228.8.2.1.2
1.5.32256.10.2.1.2.1.85.1
1.5.32454.18.2.1.2.2.8.4
1.5.32579.10.2.1.3.3.5.6.23
1.5.32653.7.2.1.13.1.5
1.5.32806.15.2.1.6.2.9
1.5.32951.8.2.1.3.1.1
1.5.33031.8.2.1.11
1.5.33055.10.2.1.25
1.5.33377.8.2.1.11.3.9.3
1.5.33381.6.2.1
1.5.33385.20.2.1
1.5.33543.9.2.1.1.1.4.2.95
1.5.33657.10.2.1
1.5.33815.10.2.1
1.5.33921.15.2.1.6
1.5.34021.11.2.1.8.3
1.5.34029.7.2.1.9.2.9
1.5.34032.9.2.1.6.1.2.1
1.5.34189.14.2.1
1.5.34196.5.2.1.3.1.1.1
1.5.34209.6.2.1.10
1.5.34411.8.2.1
1.5.34607.9.2.1.8.1.2.2.8
1.5.34663.6.2.1
1.5.34797.8.2.1.5.1.30.1
1.5.34915.17.2.1
1.5.35055.8.2.1.2.2.9
1.5.35165.7.2.1
1.5.35182.14.2.1.15.7.46
1.5.35183.8.2.1.17.1.1.7
1.5.35208.12.2.1
1.5.35261.18.2.1
1.5.35270.13.2.1.4.2.3.1
1.5.35395.5.2.1.3
1.5.35435.22.2.1
1.5.35440.8.2.1.9.1
1.5.35471.11.2.1
1.5.35488.12.2.1.13.1.1.3.1
1.5.35521.8.2.1.2.2.15
1.5.35545.23.2.1.8
1.5.35627.7.2.1
1.5.35659.7.2.1.3.5.18
1.5.35862.14.2.1.12.1
1.5.36018.12.2.1.18
1.5.36068.11.2.1.5.3.14
1.5.36087.14.2.1.2.2.4.3
1.5.36098.8.2.1
1.5.36181.7.2.1.3
1.5.36215.22.2.1.25.1.10
1.5.36292.8.2.1.8
1.5.36494.13.2.1
1.5.36552.15.2.1.63.10
1.5.36590.9.2.1
1.5.36804.12.2.1.3.9
1.5.36834.13.2.1.12
1.5.36861.15.2.1.4.2.25.1
1.5.36862.10.2.1.8.4.6.3.7
1.5.36969.8.2.1.14
1.5.36983.7.2.1.25.4.15.1
1.5.37062.10.2.1
1.5.37153.14.2.1
1.5.37318.12.2.1
1.5.37414.9.2.1
1.5.37589.5.2.1.18.7.9
1.5.37596.9.2.1
1.5.37705.12.2.1.4
1.5.37811.10.2.1
1.5.37820.10.2.1.6.1.3.2.16
1.5.37854.15.2.1.7.5
1.5.37959.8.2.1.21.14.34.1.11
1.5.38003.7.2.1.12.1
1.5.38111.23.2.1.4.1.2.3
1.5.38169.7.2.1.2.1.2.2
1.5.38313.5.2.1.8
1.5.38410.13.2.1.26.1.10.1
1.5.38495.5.2.1.2.4.14.1.4
1.5.38617.6.2.1.12.2.9.4.25.19
1.5.38670.12.2.1
1.5.38698.13.2.1.7.2
1.5.38784.7.2.1
1.5.38876.9.2.1
1.5.38892.10.2.1
1.5.39139.7.2.1.11.1.2
1.5.39183.11.2.1.2.1.2.1.9
1.5.39188.7.2.1.5.7.10
1.5.39232.7.2.1
1.5.39293.12.2.1.3.7
1.5.39320.12.2.1.6.2.4.8
1.5.39326.7.2.1.16.6.10
1.5.39353.10.2.1.2.1.21.1
1.5.39551.18.2.1.2.2.8.4
1.5.39654.12.2.1.25.4.14
1.5.39739.7.2.1.13.1.5
1.5.39886.9.2.1.4.2.40.6.11
1.5.39918.8.2.1.10.6
1.5.39945.7.2.1
1.5.40014.9.2.1.6
1.5.40019.11.2.1
1.5.40099.7.2.1.4.2.3.1.4
1.5.40588.9.2.1.1.1.4.2.18
1.5.40702.10.2.1
1.5.40860.10.2.1
1.5.40907.7.2.1.3.2
1.5.40967.15.2.1.6
1.5.41070.11.2.1.8.3
1.5.41078.7.2.1.9.2.9
1.5.41081.9.2.1.6.1.2.1
1.5.41157.10.2.1
1.5.41247.13.2.1
1.5.41249.6.2.1.10.3.7.3
1.5.41259.18.2.1.7
1.5.41339.6.2.1.11.2.4
1.5.41448.8.2.1
1.5.41561.11.2.1.14.4.39.3
1.5.41650.9.2.1.8.1.2.2.8
1.5.41706.6.2.1
1.5.41840.8.2.1.5.1.30.1
1.5.41958.17.2.1
1.5.42116.7.2.1.4
1.5.42205.11.2.1.35.1.4.3.6
1.5.42228.12.2.1
1.5.42288.11.2.1.5.1.2.2.5.26
1.5.42302.25.2.1.1.1.13
1.5.42357.13.2.1.12
1.5.42409.5.2.1.3
1.5.42517.5.2.1.9.3.12.2
1.5.42525.13.2.1.13.3.6
1.5.42554.13.2.1.17.5
1.5.42573.5.2.1.48.7
1.5.42575.8.2.1.3.1.15.1.12
1.5.42665.7.2.1
1.5.42697.7.2.1.3.5.18
1.5.43065.12.2.1.18
1.5.43136.11.2.1.5.3.14
1.5.43153.20.2.1
1.5.43256.7.2.1.3
1.5.43290.22.2.1.25.1.10
1.5.43363.7.2.1.5.1.7.1.2.38
1.5.43577.13.2.1
1.5.43647.15.2.1.68.10
1.5.43680.9.2.1
1.5.43718.8.2.1.2.2.35
1.5.43755.11.2.1.1.4.17.6
1.5.43902.12.2.1.3.9
1.5.44067.8.2.1.14
1.5.44081.7.2.1.25.4.15.1
1.5.44221.13.2.1
1.5.44406.10.2.1.19.9.25
1.5.44433.8.2.1.2.1.1
1.5.44725.6.2.1.3
1.5.44917.8.2.1
1.5.44929.6.2.1
1.5.44937.13.2.1.3.3.15.1.3
1.5.45059.8.2.1.21.14.34.1.11
1.5.45103.7.2.1.12.1
1.5.45269.7.2.1.2.1.2.2
1.5.45407.17.2.1.14.1.24.5.12
1.5.45520.20.2.1
1.5.45543.7.2.1.8
1.5.45651.19.2.1.25.6.12.7.8
1.5.45738.15.2.1.15
1.5.45817.13.2.1.7.2
1.5.45994.9.2.1
1.5.46016.9.2.1.17
1.5.46308.12.2.1.37.1.1
1.5.46364.7.2.1
1.5.46425.12.2.1.3.7
1.5.46459.14.2.1.1
1.5.46693.18.2.1.2.2.8.4
1.5.46841.6.2.1.14.3.13
1.5.46925.7.2.1.13.1.5
1.5.47069.24.2.1.25.9.20.1.3
1.5.47099.8.2.1.10.6
1.5.47126.7.2.1
1.5.47202.8.2.1.3.1.1
1.5.47283.12.2.1.58
1.5.47554.7.2.1.8
1.5.47610.8.2.1.11.3.9.3
1.5.47614.6.2.1
1.5.47618.20.2.1
1.5.47776.9.2.1.1.1.4.2.48
1.5.48060.10.2.1
1.5.48107.7.2.1.3.2
1.5.48167.15.2.1.6
1.5.48270.11.2.1.8.3
1.5.48278.7.2.1.9.2.9
1.5.48281.9.2.1.6.1.2.1
1.5.48311.6.2.1.6.4.38.1
1.5.48436.31.2.1.12.4
1.5.48448.6.2.1.8
1.5.48528.6.2.1.11.2.4
1.5.48757.11.2.1.14.4.27.3
1.5.48900.6.2.1
1.5.49127.17.2.1
1.5.49366.11.2.1.35.1.4.3.6
1.5.49389.12.2.1
1.5.49441.18.2.1
1.5.49450.13.2.1.4.2.3.1
1.5.49582.5.2.1.3
1.5.49633.31.2.1
1.5.49674.5.2.1.9.3.12.2
1.5.49682.13.2.1.13.3.6
1.5.49718.8.2.1.2.2.15
1.5.49742.23.2.1.8
1.5.49843.10.2.1.3.2.6.1
1.5.49852.7.2.1
1.5.49858.8.2.1.3.2.8.4
1.5.49863.12.2.1.12
1.5.50212.12.2.1.18
1.5.50313.16.2.1.1.1
1.5.50416.7.2.1.3
1.5.50450.22.2.1.25.1.10
1.5.50523.7.2.1.5.1.7.1.2.27
1.5.50738.13.2.1
1.5.50796.15.2.1.63.10
1.5.50829.9.2.1
1.5.51043.12.2.1.3.9
1.5.51197.8.2.1.2
1.5.51211.7.2.1.25.4.15.1
1.5.51353.13.2.1
1.5.51560.7.2.1.9
1.5.51598.20.2.1
1.5.51682.9.2.1
1.5.51856.5.2.1.18.7.9
1.5.51863.9.2.1
1.5.51957.10.2.1
1.5.51966.11.2.1.6.1.21
1.5.52059.8.2.1
1.5.52071.6.2.1
1.5.52079.13.2.1.3.3.15.1.3
1.5.52114.15.2.1.7.5
1.5.52215.8.2.1.21.14.34.1.11
1.5.52262.7.2.1.12.1
1.5.52377.23.2.1.4.1.2.3
1.5.52566.23.2.1.10
1.5.52581.17.2.1.14.1.24.5.12
1.5.52698.20.2.1
1.5.52785.5.2.1.2.4.14.1.4
1.5.52918.9.2.1.10.6
1.5.53002.13.2.1.7.2
1.5.53160.9.2.1
1.5.53182.7.2.1.4.1.1.3.6.10
1.5.53251.8.2.1.7.2
1.5.53288.9.2.1
1.5.53415.18.2.1.1.1
1.5.53426.7.2.1.10.2
1.5.53469.11.2.1.2.1.2.1.9
1.5.53474.7.2.1.5.7.10
1.5.53518.7.2.1
1.5.53579.12.2.1.3.7
1.5.53603.6.2.1.8.5
1.5.53610.8.2.1.2
1.5.53993.6.2.1.14.3.13
1.5.54052.7.2.1.8.1.5
1.5.54197.15.2.1.6.2.9
1.5.54337.9.2.1.6
1.5.54342.11.2.1
1.5.54426.8.2.1.12
1.5.54928.9.2.1.1.1.4.2.95
1.5.55054.10.2.1
1.5.55206.10.2.1
1.5.55309.16.2.1.6.7.8
1.5.55405.11.2.1.8.3
1.5.55413.7.2.1.9.2.9
1.5.55416.9.2.1.6.1.2.1
1.5.55488.13.2.1.16.1.4.2
1.5.55581.13.2.1
1.5.55583.6.2.1.10.3.7.3
1.5.55593.18.2.1.7
1.5.55669.6.2.1.11.2.4
1.5.55906.11.2.1.14.4.27.3
1.5.55990.9.2.1.8.1.2.2.8
1.5.56046.6.2.1
1.5.56212.14.2.1.11.6.28
1.5.56251.17.2.1
1.5.56381.8.2.1.2.2.9
1.5.56497.11.2.1.35.1.4.3.6
1.5.56520.12.2.1
1.5.56573.18.2.1
1.5.56582.13.2.1.4.2.3.1
1.5.56655.13.2.1.12
1.5.56707.5.2.1.3
1.5.56811.5.2.1.9.3.12.2
1.5.56819.13.2.1.13.3.6
1.5.56848.13.2.1.17.5
1.5.56867.5.2.1.48.7
1.5.56970.10.2.1.3.2.6.1
1.5.56979.7.2.1
1.5.56985.8.2.1.3.2.8.4
1.5.56990.12.2.1.12
1.5.57350.12.2.1.18
1.5.57419.20.2.1
1.5.57521.7.2.1.3
1.5.57555.22.2.1.25.1.10
1.5.57633.8.2.1.8
1.5.57896.15.2.1.63.10
1.5.58150.12.2.1.3.9
1.5.58307.8.2.1.2
1.5.58321.7.2.1.25.4.15.1
1.5.58400.10.2.1
1.5.58416.34.2.1.3.1
1.5.58478.13.2.1
1.5.58661.10.2.1.23.12.20
1.5.58688.8.2.1.2.1.1
1.5.58727.20.2.1
1.5.58977.5.2.1.18.7.9
1.5.58984.9.2.1
1.5.59177.8.2.1
1.5.59189.6.2.1
1.5.59197.13.2.1.3.3.15.1.3
1.5.59230.6.2.1.4.4
1.5.59347.8.2.1.21.14.34.1.11
1.5.59391.7.2.1.12.1
1.5.59499.23.2.1.4.1.2.3
1.5.59713.17.2.1.6.1.13.5.29
1.5.59826.20.2.1
1.5.59913.5.2.1.2.4.14.1.4
1.5.60034.15.2.1.15
1.5.60113.13.2.1.7.2
1.5.60284.9.2.1
1.5.60306.9.2.1.17
1.5.60599.12.2.1.37.1.1
1.5.60758.14.2.1.1
1.5.60772.7.2.1
1.5.60802.6.2.1
1.5.60990.18.2.1.2.2.8.4
1.5.61022.11.2.1.18.1.4.2.2
1.5.61105.10.2.1.3.3.5.6.23
1.5.61180.7.2.1.13.1.5
1.5.61328.9.2.1.4.2.40.6.11
1.5.61360.8.2.1.10.6
1.5.61387.7.2.1
1.5.61446.9.2.1.6
1.5.61451.11.2.1
1.5.61528.8.2.1.12
1.5.61875.8.2.1.11.3.9.3
1.5.61879.6.2.1
1.5.61883.20.2.1
1.5.62043.9.2.1.1.1.4.2.18
1.5.62328.10.2.1
1.5.62430.15.2.1.6
1.5.62536.11.2.1.8.3
1.5.62544.7.2.1.9.2.9
1.5.62547.9.2.1.6.1.2.1
1.5.62589.6.2.1.6.4.27.1
1.5.62719.14.2.1
1.5.62726.5.2.1.3.1.1.1
1.5.62739.6.2.1.10
1.5.63142.9.2.1.8.1.2.2.8
1.5.63198.6.2.1
1.5.63332.8.2.1.5.1.30.1
1.5.63450.17.2.1
1.5.63603.7.2.1.4
1.5.63684.7.2.1
1.5.63701.14.2.1.15.7.47
1.5.63702.8.2.1.17.1.1.6
1.5.63727.12.2.1
1.5.63779.18.2.1
1.5.63788.13.2.1.4.2.3.1
1.5.63867.13.2.1.12
1.5.63919.5.2.1.3
1.5.64010.11.2.1
1.5.64027.12.2.1.13.1.1.3.1
1.5.64052.13.2.1.14.5
1.5.64066.8.2.1
1.5.64068.8.2.1.14.1.20.1.5
1.5.64154.7.2.1
1.5.64186.7.2.1.3.5.18
1.5.64401.14.2.1.12.1
1.5.64578.12.2.1.18
1.5.64647.20.2.1
1.5.64779.22.2.1.25.1.10
1.5.64851.7.2.1.5.1.7.1.2.42
1.5.65059.13.2.1
1.5.65117.15.2.1.63.10
1.5.65159.9.2.1
1.5.65391.12.2.1.3.9
1.5.65564.8.2.1.14
1.5.65578.7.2.1.25.4.15.1
1.5.65653.10.2.1
1.5.65919.10.2.1.23.12.20
1.5.65946.8.2.1.2.1.1
1.5.66053.9.2.1
1.5.66223.5.2.1.18.7.9
1.5.66230.9.2.1
1.5.66324.10.2.1
1.5.66333.11.2.1.6.1.21
1.5.66413.8.2.1
1.5.66425.6.2.1
1.5.66433.13.2.1.3.3.15.1.3
1.5.66562.8.2.1.21.14.34.1.11
1.5.66606.7.2.1.12.1
1.5.66779.7.2.1.2.1.2.2
1.5.66920.17.2.1.6.1.13.5.29
1.5.67033.20.2.1
1.5.67056.7.2.1.8
1.5.67157.19.2.1.25.6.12.7.8
1.5.67252.15.2.1.15
1.5.67306.12.2.1
1.5.67334.13.2.1.7.2
1.5.67427.7.2.1
1.5.67514.9.2.1
1.5.67536.9.2.1.17
1.5.67829.11.2.1.2.1.2.1.9
1.5.67834.7.2.1.5.7.10
1.5.67970.14.2.1.1
1.5.68213.18.2.1.2.2.8.4
1.5.68358.6.2.1.14.3.13
1.5.68427.7.2.1.13.1.5
1.5.68565.15.2.1.6.2.9
1.5.68682.8.2.1.5.1.3
1.5.68767.7.2.1.4.2.3.1.4
1.5.69032.7.2.1.8
1.5.69089.8.2.1.11.3.9.3
1.5.69093.6.2.1
1.5.69097.20.2.1
1.5.69262.9.2.1.1.1.4.2.18
1.5.69376.10.2.1
1.5.69529.10.2.1
1.5.69576.7.2.1.3.2
1.5.69631.15.2.1.6
1.5.69728.11.2.1.8.3
1.5.69736.7.2.1.9.2.9
1.5.69739.9.2.1.6.1.2.1
1.5.69913.5.2.1.3.1.1.1
1.5.69928.14.2.1.8
1.5.70130.8.2.1
1.5.70237.11.2.1.14.4.39.3
1.5.70326.9.2.1.8.1.2.2.8
1.5.70382.6.2.1
1.5.70516.8.2.1.5.1.30.1
1.5.70634.17.2.1
1.5.70754.10.2.1.2.1.4
1.5.70872.11.2.1.35.1.4.3.6
1.5.70895.12.2.1
1.5.70950.18.2.1
1.5.70959.13.2.1.4.2.3.1
1.5.71091.5.2.1.3
1.5.71197.13.2.1.15.3.6
1.5.71224.7.2.1.42.9.29.5.24
1.5.71336.10.2.1.3.2.6.1
1.5.71345.7.2.1
1.5.71351.8.2.1.3.2.8.4
1.5.71356.12.2.1.12
1.5.71562.14.2.1.12.1
1.5.71711.12.2.1.18
1.5.71782.11.2.1.5.3.14
1.5.71810.16.2.1.1.1
1.5.71845.9.2.1.3.1.21.4
1.5.71942.22.2.1.25.1.10
1.6.24.8.2.1.7.4.20.1.5.1
1.6.26.8.2.1.2
1.6.68.8.2.1.4.3
1.6.325.8.2.1.9.7.11.5.42
1.6.391.8.2.1.2.1
1.6.445.8.2.1.2.1.3.2.20
1.6.655.8.2.1.11.2.5
1.6.705.8.2.1.2
1.6.819.8.2.1.6
1.6.955.8.2.1.1.2.7.4
1.6.1090.8.2.1.19.1
1.6.1196.8.2.1.10.6.13.6.13
1.6.1222.8.2.1.7
1.6.1328.8.2.1.7.5.10.3
1.6.1349.8.2.1.5.2
1.6.1482.8.2.1
1.6.1506.8.2.1.18.1
1.6.1625.8.2.1.3
1.6.1720.8.2.1
1.6.1731.8.2.1.50.3
1.6.1740.8.2.1.3.1.2
1.6.1958.8.2.1.4.3.36
1.6.1972.8.2.1.10.2.12
1.6.2081.8.2.1.7.1.2.1.2
1.6.2223.8.2.1.21.2
1.6.2584.8.2.1.7.3.57.3.9
1.6.2625.8.2.1.15.8.23
1.6.2784.8.2.1.16.5.17.7.30
1.6.2841.8.2.1.41.6.40.6
1.6.2860.8.2.1.2.3.28.1.3
1.6.2899.8.2.1.7
1.6.3296.8.2.1.4.1
1.6.3314.8.2.1
1.6.3335.8.2.1.3
1.6.3371.8.2.1.12.1.12.2.17
1.6.3378.8.2.1.8.1.18.1.2
1.6.3563.8.2.1.4.4.7
1.6.3619.8.2.1.2.1
1.6.3901.8.2.1.8.1.23.6.18
1.6.3966.8.2.1.4.1.16
1.6.3999.8.2.1.1.1.2.2.14
1.6.4088.8.2.1.2.2.23.3.17
1.6.4180.8.2.1
1.6.4254.8.2.1.25.1.7
1.6.4396.8.2.1.10.2
1.6.4399.8.2.1.16.2.6
1.6.4424.8.2.1.18.8
1.6.4492.8.2.1.7.1.6
1.6.4511.8.2.1.1.1.2.1.12
1.6.4684.8.2.1.3.2
1.6.4780.8.2.1.1.3.7
1.6.5023.8.2.1
1.6.5032.8.2.1.11
1.6.5235.8.2.1.11.1.23.1.7
1.6.5257.8.2.1.25.1
1.6.5262.8.2.1.1.1.7.3
1.6.5373.8.2.1
1.6.5431.8.2.1.8.2
1.6.5496.8.2.1.5.2.3
1.6.5609.8.2.1.4
1.6.5616.8.2.1.20.9.17.1
1.6.5622.8.2.1.10.2
1.6.5643.8.2.1.9.3.10.1
1.6.5785.8.2.1
1.6.5807.8.2.1.5.4.9.3
1.6.5824.8.2.1.5.2.15.6.28
1.6.5884.8.2.1.2.1.8.2.13
1.6.5920.8.2.1.16.3.9
1.6.5935.8.2.1.1.1.3.2
1.6.6129.8.2.1
1.6.6339.8.2.1.4.4.21.9
1.6.6364.8.2.1.14.6.23.3
1.6.6449.8.2.1
1.6.6516.8.2.1.4.7
1.6.6723.8.2.1.10
1.6.6733.8.2.1.15.8.24.2.5
1.6.6767.8.2.1
1.6.6836.8.2.1.8.5
1.6.6853.8.2.1.1
1.6.6870.8.2.1.33.1
1.6.6896.8.2.1
1.6.6957.8.2.1.3.2.6.5.20.7
1.6.7168.8.2.1.16.4.17.1
1.6.7262.8.2.1.12
1.6.7286.8.2.1.4.1.4
1.6.7324.8.2.1.5.4.10.9
1.6.7421.8.2.1.1.1.5.2.35
1.6.7425.8.2.1
1.6.7558.8.2.1.1.1
1.6.7690.8.2.1
1.6.7703.8.2.1.4.1
1.6.7748.8.2.1.3.3
1.6.8058.8.2.1.4
1.6.8102.8.2.1.3.3
1.6.8109.8.2.1.2.2.3.2
1.6.8183.8.2.1.7.1.2.1
1.6.8187.8.2.1.6
1.6.8190.8.2.1.16.2
1.6.8479.8.2.1.9.7.11.5.50
1.6.8771.8.2.1.22.1
1.6.8827.8.2.1.1.1.9.6
1.6.8873.8.2.1.2
1.6.8984.8.2.1.1
1.6.9005.8.2.1.8.5.20
1.6.9052.8.2.1
1.6.9125.8.2.1.1.2.34.9
1.6.9413.8.2.1.1.1.35
1.6.9516.8.2.1.7.5.10.3
1.6.9537.8.2.1.5.2
1.6.9599.8.2.1.3.1.1
1.6.9691.8.2.1
1.6.9715.8.2.1.18.1
1.6.9846.8.2.1.3
1.6.9953.8.2.1
1.6.9973.8.2.1.3.1.2
1.6.10314.8.2.1.7.1.2.1.2
1.6.10453.8.2.1.21.2
1.6.10651.8.2.1
1.6.10815.8.2.1.7.3.57.3.9
1.6.10856.8.2.1.15.8.23
1.6.10908.8.2.1.5.3.9
1.6.11024.8.2.1.16.5.17.7.30
1.6.11075.8.2.1.41.6.40.6
1.6.11091.8.2.1
1.6.11100.8.2.1.3
1.6.11131.8.2.1.7
1.6.11374.8.2.1
1.6.11549.8.2.1
1.6.11570.8.2.1.3
1.6.11617.8.2.1.18.1.8.1.2
1.6.11787.8.2.1.4.4.7
1.6.11810.8.2.1.1.1.1.1
1.6.11820.8.2.1.17.3.8.1
1.6.12111.8.2.1
1.6.12222.8.2.1.1.1.2.2.14
1.6.12310.8.2.1.5.4.8.1.11
1.6.12368.8.2.1.4.3.11.3
1.6.12380.8.2.1
1.6.12416.8.2.1
1.6.12478.8.2.1.25.1.7
1.6.12621.8.2.1.10.2
1.6.12624.8.2.1.16.2.6
1.6.12693.8.2.1.13.6.30.4
1.6.12715.8.2.1.4.1.3.1.2
1.6.12746.8.2.1.1.1.2.1.18
1.6.12920.8.2.1.3.2
1.6.12966.8.2.1.8.1.20.1
1.6.13011.8.2.1.9.2.3
1.6.13275.8.2.1.5
1.6.13460.8.2.1.11.1.23.1.7
1.6.13487.8.2.1.1.1.7.3
1.6.13597.8.2.1
1.6.13643.8.2.1.5.4
1.6.13716.8.2.1.5.2.3
1.6.13817.8.2.1.4
1.6.13824.8.2.1.20.9.17.1
1.6.13868.8.2.1.4.2
1.6.14015.8.2.1.3.2.27.7
1.6.14084.8.2.1.2.1.8.2.13
1.6.14120.8.2.1.16.3.9
1.6.14135.8.2.1.1.1.3.2
1.6.14548.8.2.1.4.4.21.9
1.6.14570.8.2.1.14.6.23.3
1.6.14581.8.2.1.14.4.4
1.6.14669.8.2.1
1.6.14685.8.2.1.7.1.3.1
1.6.14689.8.2.1.14.2
1.6.14742.8.2.1.3.3.14.1.64
1.6.14893.8.2.1.5
1.6.14972.8.2.1.15
1.6.14985.8.2.1.2.1.2.1.11
1.6.15020.8.2.1.2.4
1.6.15096.8.2.1.26.5.11
1.6.15118.8.2.1.5.3
1.6.15190.8.2.1.2.1.22.8.17.3
1.6.15337.8.2.1.1.1.2
1.6.15399.8.2.1.16.4.17.1
1.6.15493.8.2.1.12
1.6.15517.8.2.1.4.1.4
1.6.15555.8.2.1.5.4.10.9
1.6.15654.8.2.1.1.1.5.2.18
1.6.15658.8.2.1
1.6.15989.8.2.1
1.6.16279.8.2.1.7.3
1.6.16328.8.2.1.3.3
1.6.16335.8.2.1.2.2.3.2
1.6.16407.8.2.1.7.4.20.1.29.33
1.6.16409.8.2.1.2
1.6.16428.8.2.1
1.6.16533.8.2.1.18.2
1.6.16707.8.2.1.9.7.11.5.50
1.6.16824.8.2.1
1.6.17088.8.2.1.2
1.6.17197.8.2.1.1
1.6.17218.8.2.1.8.5.20
1.6.17257.8.2.1.13.5.17.10.41
1.6.17385.8.2.1.23.1
1.6.17411.8.2.1
1.6.17435.8.2.1.11.3
1.6.17585.8.2.1
1.6.17618.8.2.1.1.1.35
1.6.17733.8.2.1.7.5.10.3
1.6.17914.8.2.1
1.6.17938.8.2.1.18.1
1.6.18069.8.2.1.3
1.6.18157.8.2.1
1.6.18511.8.2.1.7.1.2.1.2
1.6.18871.8.2.1
1.6.19039.8.2.1.5.2.8.2.6
1.6.19089.8.2.1.4.3.6.3.10
1.6.19136.8.2.1.5.3.9
1.6.19252.8.2.1.16.5.17.7.30
1.6.19307.8.2.1.41.6.40.6
1.6.19322.8.2.1
1.6.19325.8.2.1
1.6.19334.8.2.1.3
1.6.19362.8.2.1.11.11.19
1.6.19597.8.2.1
1.6.19793.8.2.1.2
1.6.19837.8.2.1.23.1.8.1.2
1.6.19957.8.2.1.35.5
1.6.19976.8.2.1.13.5.10.4.17
1.6.20021.8.2.1.2.1
1.6.20301.8.2.1.8.1.23.6.18
1.6.20399.8.2.1.1.1.2.2.14
1.6.20487.8.2.1.6.1.24
1.6.20545.8.2.1.4.3.11.3
1.6.20616.8.2.1.23.1
1.6.20812.8.2.1.5
1.6.20849.8.2.1.11.8
1.6.20919.8.2.1.7.1.6
1.6.20938.8.2.1.1.1.2.1.12
1.6.21163.8.2.1
1.6.21213.8.2.1.1.3.7
1.6.21462.8.2.1.5
1.6.21645.8.2.1.11.1.23.1.7
1.6.21781.8.2.1
1.6.21880.8.2.1
1.6.21898.8.2.1.5.2.3
1.6.21986.8.2.1.2.2.7.1
1.6.22002.8.2.1.6.1.14
1.6.22003.8.2.1.10.1
1.6.22028.8.2.1.9.3.10.1
1.6.22171.8.2.1.8
1.6.22212.8.2.1.6.1.2
1.6.22242.8.2.1.9.3.7.1
1.6.22268.8.2.1.2.1.8.2.13
1.6.22304.8.2.1.16.3.9
1.6.22319.8.2.1.1.1.3.2
1.6.22518.8.2.1
1.6.22741.8.2.1.4.4.21.9
1.6.22764.8.2.1.11.6.21.3
1.6.22849.8.2.1
1.6.22865.8.2.1.5.1
1.6.23072.8.2.1.5
1.6.23151.8.2.1.15
1.6.23161.8.2.1.15.8.24.2.5
1.6.23200.8.2.1.2.4
1.6.23247.8.2.1.8.5
1.6.23250.8.2.1.4.4
1.6.23265.8.2.1.4.1.5.3.9
1.6.23345.8.2.1.2.1.13.8.17.31
1.6.23557.8.2.1.16.4.17.1
1.6.23657.8.2.1.4
1.6.23814.8.2.1.6.2.7.1
1.6.23827.8.2.1.18.5.15
1.6.24115.8.2.1.4.1
1.6.24192.8.2.1
1.6.24458.8.2.1.7.3
1.6.24507.8.2.1.3.3
1.6.24516.8.2.1.4.9.23.3
1.6.24611.8.2.1.7.4.26.1.10.1
1.6.24613.8.2.1.2
1.6.24655.8.2.1.4.3
1.6.24744.8.2.1.18.2
1.6.24918.8.2.1.9.7.11.5.50
1.6.25017.8.2.1.2.1.3.2.20
1.6.25181.8.2.1.22.1
1.6.25229.8.2.1.11.2.5
1.6.25276.8.2.1.2
1.6.25390.8.2.1.6
1.6.25642.8.2.1
1.6.25774.8.2.1.5
1.6.25805.8.2.1.6
1.6.25831.8.2.1.6.5
1.6.25899.8.2.1.7.5.10.3
1.6.25920.8.2.1.5.2
1.6.26083.8.2.1
1.6.26107.8.2.1.18.1
1.6.26238.8.2.1.3
1.6.26333.8.2.1
1.6.26344.8.2.1.50.3
1.6.26353.8.2.1.3.1.2
1.6.26562.8.2.1.4.3.36
1.6.26576.8.2.1.10.2.12
1.6.26685.8.2.1.7.1.2.1.2
1.6.26697.8.2.1.3.1
1.6.27050.8.2.1
1.6.27098.8.2.1
1.6.27118.8.2.1.2.1.2.1.1
1.6.27217.8.2.1.5.2.8.2.6
1.6.27267.8.2.1.4.3.6.3.10
1.6.27313.8.2.1.5.3.9
1.6.27429.8.2.1.16.5.17.7.30
1.6.27484.8.2.1.41.6.40.6
1.6.27499.8.2.1
1.6.27502.8.2.1
1.6.27511.8.2.1.3
1.6.27716.8.2.1.23.3
1.6.27994.8.2.1.2
1.6.28038.8.2.1.23.1.8.1.2
1.6.28223.8.2.1.4.4.7
1.6.28268.8.2.1.15.3.8.1
1.6.28529.8.2.1.11.2.2.1.1
1.6.28564.8.2.1.8.1.23.6.18
1.6.28629.8.2.1.4.1.16
1.6.28662.8.2.1.1.1.2.2.14
1.6.28763.8.2.1.5.4.8.1.10
1.6.28828.8.2.1.4.3.11.3
1.6.28847.8.2.1.12.7
1.6.28873.8.2.1
1.6.29076.8.2.1.3.7
1.6.29078.8.2.1.2.2.5
1.6.29224.8.2.1.4.2.12.1
1.6.29410.8.2.1.1.1.57
1.6.29412.8.2.1.6.2
1.6.29468.8.2.1.8.1.20.1
1.6.29519.8.2.1.1.1.3
1.6.29768.8.2.1.5
1.6.29953.8.2.1.11.1.23.1.7
1.6.29980.8.2.1.1.1.7.3
1.6.30090.8.2.1
1.6.30179.8.2.1
1.6.30197.8.2.1.5.2.3
1.6.30303.8.2.1.4
1.6.30310.8.2.1.20.9.17.1
1.6.30316.8.2.1.10.2
1.6.30337.8.2.1.9.3.10.1
1.6.30476.8.2.1
1.6.30497.8.2.1.2.2.5.3
1.6.30506.8.2.1.4
1.6.30560.8.2.1.2.1.8.2.13
1.6.30596.8.2.1.16.3.9
1.6.30611.8.2.1.1.1.3.2
1.6.30810.8.2.1
1.6.31017.8.2.1.4.4.21.9
1.6.31040.8.2.1.11.6.21.3
1.6.31139.8.2.1
1.6.31155.8.2.1.5.1
1.6.31214.8.2.1.5.4.17.1.92
1.6.31355.8.2.1.5.3.15.4
1.6.31423.8.2.1.3.1.9
1.6.31457.8.2.1.2.4
1.6.31522.8.2.1.8.5
1.6.31539.8.2.1.1
1.6.31644.8.2.1.2.1.31.8.17.15
1.6.31774.8.2.1.1.1.2
1.6.31836.8.2.1.16.4.17.1
1.6.31900.8.2.1.3.2.4.1.22
1.6.31927.8.2.1.4
1.6.31998.8.2.1.5.4.10.9
1.6.32095.8.2.1.1.1.5.2.35
1.6.32099.8.2.1
1.6.32232.8.2.1.1.1
1.6.32379.8.2.1.4.1
1.6.32447.8.2.1
1.6.32728.8.2.1.7.3
1.6.32777.8.2.1.3.3
1.6.32784.8.2.1.2.2.3.2
1.6.32861.8.2.1.7.4.20.1.33.76
1.6.32863.8.2.1.2
1.6.32888.8.2.1.4.3
1.6.33145.8.2.1.9.7.11.5.50
1.6.33537.8.2.1.2
1.6.33651.8.2.1.6
1.6.33698.8.2.1.13.5.17.10.30
1.6.33869.8.2.1.10.7.11.2
1.6.33940.8.2.1.7.3
1.6.34012.8.2.1
1.6.34045.8.2.1.1
1.6.34162.8.2.1.7.5.10.3
1.6.34183.8.2.1.5.2
1.6.34319.8.2.1
1.6.34343.8.2.1.18.1
1.6.34474.8.2.1.3
1.6.34569.8.2.1.3.3
1.6.34579.8.2.1.13.4.10
1.6.34856.8.2.1.1.1.3.2.2
1.6.34901.8.2.1.42.6
1.6.35044.8.2.1.21.2
1.6.35243.8.2.1
1.6.35410.8.2.1.5.2.8.2.6
1.6.35460.8.2.1.4.3.6.3.10
1.6.35507.8.2.1.5.3.9
1.6.35623.8.2.1.16.5.17.7.28
1.6.35665.8.2.1.5.8.23.7
1.6.35681.8.2.1.7.3
1.6.35703.8.2.1
1.6.35712.8.2.1.3
1.6.35981.8.2.1
1.6.36130.8.2.1.4.1
1.6.36148.8.2.1
1.6.36169.8.2.1.3
1.6.36208.8.2.1.12.1.12.2.17
1.6.36215.8.2.1.8.1.18.1.2
1.6.36375.8.2.1.4.4.7
1.6.36431.8.2.1.2.1
1.6.36708.8.2.1
1.6.36790.8.2.1.4.1.16
1.6.36823.8.2.1.1.1.2.2.14
1.6.36922.8.2.1.5.4.8.1.11
1.6.36980.8.2.1.4.3.11.3
1.6.37022.8.2.1
1.6.37096.8.2.1.25.1.7
1.6.37243.8.2.1.10.2
1.6.37246.8.2.1.16.2.6
1.6.37379.8.2.1.4.2.12.1
1.6.37561.8.2.1.1.1.57
1.6.37608.8.2.1
1.6.37659.8.2.1.1.1.3
1.6.37933.8.2.1.14.2.29
1.6.38120.8.2.1.11.1.23.1.7
1.6.38254.8.2.1
1.6.38362.8.2.1.10.2.39.2.2
1.6.38479.8.2.1.4
1.6.38486.8.2.1.20.9.17.1
1.6.38492.8.2.1.10.2
1.6.38569.8.2.1.2.2
1.6.38655.8.2.1
1.6.38676.8.2.1.2.2.5.3
1.6.38685.8.2.1.4
1.6.38739.8.2.1.2.1.8.2.13
1.6.38775.8.2.1.16.3.9
1.6.38983.8.2.1
1.6.39243.8.2.1.14.6.23.3
1.6.39324.8.2.1
1.6.39340.8.2.1.7.1.3.1
1.6.39344.8.2.1.14.2
1.6.39399.8.2.1.21.7.11.4.48
1.6.39596.8.2.1
1.6.39658.8.2.1.29.9.18.1.3
1.6.39696.8.2.1.2.4
1.6.39743.8.2.1.8.5
1.6.39746.8.2.1
1.6.39763.8.2.1.11.2.7.5.12
1.6.39794.8.2.1.5.3
1.6.39865.8.2.1.2.1.31.8.17.50
1.6.40077.8.2.1.16.4.17.1
1.6.40141.8.2.1.3.2.4.1.22
1.6.40168.8.2.1.4
1.6.40186.8.2.1.2
1.6.40333.8.2.1.1.1.5.2.18
1.6.40337.8.2.1
1.6.40470.8.2.1.1.1
1.6.40618.8.2.1.4.1
1.6.40682.8.2.1
1.6.40959.8.2.1.7.3
1.6.41008.8.2.1.3.3
1.6.41017.8.2.1.4.9.23.3
1.6.41114.8.2.1.7.4.26.1.10.1
1.6.41116.8.2.1.2
1.6.41138.8.2.1
1.6.41430.8.2.1.9.7.11.5.50
1.6.41502.8.2.1.2.1
1.6.41758.8.2.1.1.1.9.6
1.6.41804.8.2.1.2
1.6.41911.8.2.1.1
1.6.41932.8.2.1.8.5.20
1.6.41978.8.2.1.13.5.17.10.63
1.6.42108.8.2.1.3.1
1.6.42182.8.2.1
1.6.42326.8.2.1.1.1.35
1.6.42466.8.2.1
1.6.42642.8.2.1
1.6.42666.8.2.1.18.1
1.6.42804.8.2.1.3
1.6.42908.8.2.1
1.6.42919.8.2.1.50.3
1.6.42928.8.2.1.3.1.2
1.6.43254.8.2.1.7.1.2.1.2
1.6.43266.8.2.1.3.1
1.6.43425.8.2.1.21.2
1.6.43519.8.2.1.3.4.19
1.6.43612.8.2.1
1.6.43660.8.2.1
1.6.43680.8.2.1.2.1.2.1.1
1.6.43781.8.2.1.5.2.8.2.6
1.6.43831.8.2.1.4.3.6.3.10
1.6.43877.8.2.1.5.3.9
1.6.43995.8.2.1.16.5.17.7.30
1.6.44046.8.2.1.41.6.40.6
1.6.44062.8.2.1
1.6.44071.8.2.1.3
1.6.44099.8.2.1.11.11.19
1.6.44335.8.2.1
1.6.44484.8.2.1.4.1
1.6.44502.8.2.1
1.6.44523.8.2.1.3
1.6.44570.8.2.1.18.1.8.1.2
1.6.44755.8.2.1.4.4.7
1.6.44778.8.2.1.1.1.1.1
1.6.44788.8.2.1.17.3.8.1
1.6.45087.8.2.1.8.1.35.12.17
1.6.45167.8.2.1.4.1.16
1.6.45200.8.2.1.1.1.2.2.14
1.6.45293.8.2.1.5.4.8.1.11
1.6.45353.8.2.1.4.3.11.3
1.6.45395.8.2.1
1.6.45459.8.2.1.4.2.5
1.6.45587.8.2.1.17.8.27.3.12
1.6.45607.8.2.1.11.8
1.6.45674.8.2.1.7.1.6
1.6.45693.8.2.1.1.1.2.1.12
1.6.45872.8.2.1.1.1.57
1.6.45874.8.2.1.6.2
1.6.45937.8.2.1
1.6.45988.8.2.1.1.1.3
1.6.46232.8.2.1.5
1.6.46429.8.2.1.19.3.9
1.6.46541.8.2.1
1.6.46587.8.2.1.5.4
1.6.46660.8.2.1.5.2.3
1.6.46767.8.2.1.4
1.6.46774.8.2.1.20.9.17.1
1.6.46931.8.2.1.8
1.6.46949.8.2.1.5.4.9.3
1.6.46966.8.2.1.5.2.15.6.33
1.6.46996.8.2.1.9.3.7.1
1.6.47022.8.2.1.2.1.8.2.13
1.6.47058.8.2.1.16.3.9
1.6.47073.8.2.1.1.1.3.2
1.6.47274.8.2.1
1.6.47422.8.2.1.3
1.6.47491.8.2.1.4.4.21.9
1.6.47517.8.2.1.11.6.21.3
1.6.47598.8.2.1
1.6.47614.8.2.1.7.1.3.1
1.6.47618.8.2.1.14.2
1.6.47673.8.2.1.21.7.11.4.48
1.6.47884.8.2.1.15.8.24.2.5
1.6.47923.8.2.1.2.4
1.6.47970.8.2.1.8.5
1.6.47973.8.2.1
1.6.47990.8.2.1.11.2.7.5.12
1.6.48021.8.2.1.5.3
1.6.48090.8.2.1.2.1.13.8.17.26
1.6.48246.8.2.1.1.1.2
1.6.48308.8.2.1.16.4.17.1
1.6.48372.8.2.1.3.2.4.1.22
1.6.48399.8.2.1.4
1.6.48417.8.2.1.21.2.3
1.6.48459.8.2.1.5.4.10.9
1.6.48556.8.2.1.1.1.5.2.35
1.6.48560.8.2.1
1.6.48846.8.2.1.4.1
1.6.49082.8.2.1.8.6
1.6.49150.8.2.1.7.3
1.6.49199.8.2.1.3.3
1.6.49208.8.2.1.4.9.23.3
1.6.49282.8.2.1.7.1.2.1
1.6.49286.8.2.1.6
1.6.49289.8.2.1.16.2
1.6.49310.8.2.1
1.6.49598.8.2.1.9.7.11.5.50
1.6.49670.8.2.1.2.1
1.6.49724.8.2.1.2.1.3.2.20
1.6.49791.8.2.1.3.1.3.2
1.6.49898.8.2.1.22.1
1.6.49983.8.2.1.2
1.6.50097.8.2.1.6
1.6.50146.8.2.1
1.6.50322.8.2.1.11.3
1.6.50479.8.2.1.5
1.6.50507.8.2.1.7
1.6.50641.8.2.1
1.6.50810.8.2.1.37
1.6.50926.8.2.1.3
1.6.51018.8.2.1
1.6.51029.8.2.1.50.3
1.6.51038.8.2.1.3.1.2
1.6.51368.8.2.1.7.1.2.1.2
1.6.51722.8.2.1.1.1
1.6.51767.8.2.1
1.6.51787.8.2.1.2.1.2.1.1
1.6.51883.8.2.1.7.3.57.3.9
1.6.51924.8.2.1.15.8.23
1.6.52083.8.2.1.16.5.17.7.30
1.6.52140.8.2.1.41.6.40.6
1.6.52156.8.2.1
1.6.52165.8.2.1.3
1.6.52193.8.2.1.11.11.19
1.6.52427.8.2.1
1.6.52606.8.2.1
1.6.52627.8.2.1.3
1.6.52674.8.2.1.18.1.8.1.2
1.6.52833.8.2.1.4.4.7
1.6.52888.8.2.1.2.1
1.6.53230.8.2.1.4.1.16
1.6.53263.8.2.1.1.1.2.2.14
1.6.53357.8.2.1.5.4.8.1.11
1.6.53415.8.2.1.4.3.11.3
1.6.53427.8.2.1
1.6.53463.8.2.1
1.6.53682.8.2.1.10.2
1.6.53685.8.2.1.16.2.6
1.6.53787.8.2.1.2
1.6.53833.8.2.1.4.2.12.1
1.6.54013.8.2.1.1.1.57
1.6.54015.8.2.1.6.2
1.6.54125.8.2.1.1.1.3
1.6.54384.8.2.1.5
1.6.54570.8.2.1.19.3.9
1.6.54676.8.2.1
1.6.54771.8.2.1
1.6.54789.8.2.1.5.2.3
1.6.54896.8.2.1.4
1.6.54903.8.2.1.20.9.17.1
1.6.54909.8.2.1.10.2
1.6.54931.8.2.1.9.3.21.1
1.6.55074.8.2.1.8
1.6.55092.8.2.1.5.4.9.3
1.6.55109.8.2.1.5.2.15.6.33
1.6.55139.8.2.1.9.3.7.1
1.6.55163.8.2.1.30.5
1.6.55204.8.2.1.16.3.9
1.6.55219.8.2.1.1.1.3.2
1.6.55403.8.2.1
1.6.55503.8.2.1
1.6.55634.8.2.1.4.4.21.9
1.6.55656.8.2.1.14.6.23.3
1.6.55741.8.2.1
1.6.55757.8.2.1.5.1
1.6.55809.8.2.1.4.7
1.6.55815.8.2.1.8.2.4.5.79
1.6.56054.8.2.1.29.9.18.1.3
1.6.56085.8.2.1.2.4
1.6.56161.8.2.1.26.5.11
1.6.56258.8.2.1.3.2.6.5.20.44
1.6.56404.8.2.1.24
1.6.56466.8.2.1.16.4.17.1
1.6.56475.8.2.1.4.1
1.6.56524.8.2.1.3.2.4.1.22
1.6.56552.8.2.1.4
1.6.56576.8.2.1.4.1.4
1.6.56719.8.2.1.1.1.5.2.18
1.6.56723.8.2.1
1.6.57087.8.2.1
1.6.57231.8.2.1.11
1.6.57377.8.2.1.4
1.6.57421.8.2.1.3.3
1.6.57428.8.2.1.2.2.3.2
1.6.57507.8.2.1.7.1.2.1
1.6.57511.8.2.1.6
1.6.57514.8.2.1.16.2
1.6.57808.8.2.1.9.7.11.5.50
1.6.58104.8.2.1.22.1
1.6.58310.8.2.1.6
