1.1.1.17.15.2.5.7.18.1
1.1.1.37.3
1.1.1.154.21.1.12.23
1.1.1.179.5.1.5
1.1.1.203.15.2.9.4
1.1.1.232.9.2.4
1.1.1.266.19.2
1.1.1.271.5.1.1.2.8
1.1.1.367.48.1.4.18
1.1.1.373.15.2
1.1.1.403.11.1.9
1.1.1.515.5.1.11.1.6
1.1.1.580.35.2.4
1.1.1.723.5.1.1
1.1.1.731.10.2.8
1.1.1.759.5.1
1.1.1.766.5.1.6
1.1.1.847.60.1.9
1.1.1.878.9.1.5.12
1.1.1.900.14.5
1.1.1.959.5.1
1.1.1.986.29.3.13
1.1.1.992.19.5.17.1
1.1.1.1001.23.3.9.3
1.1.1.1012.8.3.4
1.1.1.1030.5.1.10.6.14.3
1.1.1.1043.16.2
1.1.1.1061.5.1.3.5.16.1
1.1.1.1153.10.1.4.1
1.1.1.1244.28.1.26
1.1.1.1250.5.1.10.1
1.1.1.1307.5.1.16.12
1.1.1.1337.9.1.15.11
1.1.1.1420.5.1.1.1.5
1.1.1.1422.11.1.12
1.1.1.1487.11.1.8.6
1.1.1.1617.5.1
1.1.1.1654.42.2.24.2.36
1.1.1.1700.5.1
1.1.1.1737.5.1.8
1.1.1.1770.5.1.1.1.19
1.1.1.1792.27.4.21.1.2.2.7
1.1.1.1796.14.2.15
1.1.1.1818.5.1
1.1.1.1836.27.2.12.2.2
1.1.1.1881.5.1.1.17.6
1.1.1.1981.18.2.7.2.8.1
1.1.1.1983.5.1.5.3.6.2
1.1.1.2011.5.1
1.1.1.2094.10.1.5
1.1.1.2139.9.1.5.21
1.1.1.2150.9.1.4.2.1
1.1.1.2161.3
1.1.1.2198.5.1.1.10.6.1
1.1.1.2242.28.2.13.4.9
1.1.1.2413.10.2.4
1.1.1.2486.5.1.2.1.4.3.5.21
1.1.1.2497.11.2.8.8.8
1.1.1.2498.16.5.7.1
1.1.1.2679.14.2.6.2.2
1.1.1.2745.5.1.3.1.7
1.1.1.2785.11.1.4.9
1.1.1.2831.20.1.13.3
1.1.1.2873.5.1.4
1.1.1.2886.23.1.38
1.1.1.2965.5.1.3.1
1.1.1.3098.13.1.4.9
1.1.1.3142.14.2.7.22.11.4
1.1.1.3270.13.1.9.3
1.1.2.3466.5.1.3.3.8.7
1.1.2.3496.49.4.6.1.18.2.3.15
1.1.2.3519.17.2.4.8
1.1.2.3640.5.1.8.5
1.1.2.3660.24.9
1.1.2.3664.10.1.8.14
1.1.2.3766.5.1.1.3.54
1.1.2.3783.3
1.1.2.3812.9.1.25
1.1.2.3821.22.3.17
1.1.2.3834.5.1.3.1.31.2
1.1.2.3843.24.1.13
1.1.2.3909.20.3.9
1.1.2.3936.10.2.8
1.1.2.3995.10.1.4.1
1.1.2.4005.20.2.4
1.1.2.4010.30.2.10.9.39.3
1.1.2.4020.6
1.1.2.4037.43.2
1.1.2.4133.5.1.1.1.5.4.12
1.1.2.4165.27.1.15.5
1.1.2.4232.8.1.4
1.1.2.4274.5.1.1.7.28.1.2
1.1.2.4343.9.2.12.7.14
1.1.2.4376.19.4.9
1.1.2.4388.24.1.19.6
1.1.2.4486.25.3.15
1.1.2.4513.8.1.9
1.1.2.4713.27.2.14.7.7.2
1.1.2.4842.38.3.5.6.2.3
1.1.2.4872.13.3.13.16
1.1.2.5002.5.1.1.13
1.1.2.5003.5.1.4.16.17
1.1.2.5035.5.1.2.1.3
1.1.2.5128.13.1.18.14
1.1.2.5140.5.1.7.1.2
1.1.2.5173.5.1.9.10.17.7.12
1.1.2.5271.5.1.7.1.1.1
1.1.2.5313.11.1.9.3
1.1.2.5524.13.4.30.1.1.1.12
1.1.2.5532.5.1.3.1
1.1.2.5539.5.1.3.1.4.8.29
1.1.2.5544.15.2.11
1.1.2.5596.9.2.4
1.1.2.5630.19.2
1.1.2.5635.5.1.1.2.8
1.1.2.5764.43.2.8.8
1.1.2.5766.59.2.14
1.1.2.5803.11.1.9
1.1.2.5906.5.1.11.1.6
1.1.2.5971.35.2.4
1.1.2.6113.5.1.1
1.1.2.6121.10.2.8
1.1.2.6154.21.2.17.2.2.2.3
1.1.2.6160.14.3.10
1.1.2.6275.5.1.21.2.20.6.2
1.1.2.6343.5.1
1.1.2.6370.29.3.13
1.1.2.6376.19.5.17.1
1.1.2.6384.15.3.7.1.4.3.8.13
1.1.2.6459.5.1.3.5.10.1
1.1.2.6501.5.1.11.1.3.1
1.1.2.6545.10.1.4.1
1.1.2.6625.8.2.8
1.1.2.6636.5.1.2.1.3.1.7
1.1.2.6694.14.2.8.4.8.8
1.1.2.6723.5.1.12.1.10
1.1.2.6800.5.1.3.1.2.5.14
1.1.2.6840.15.1.7
1.1.2.6862.9.2.8
1.1.2.6867.15.2.8.9.8
1.1.2.6986.5.1
1.1.2.7068.5.1
1.1.2.7110.5.1.8
1.1.2.7154.5.1.1.1.19
1.1.2.7176.27.4.21.1.2.2.7
1.1.2.7180.14.2.15
1.1.2.7202.5.1
1.1.2.7220.27.2.12.2.2
1.1.2.7265.5.1.1.17.6
1.1.2.7368.18.2.7.2.8.1
1.1.2.7370.5.1.5.3.6.2
1.1.2.7398.5.1
1.1.2.7481.10.1.5
1.1.2.7527.9.1.5.21
1.1.2.7538.9.1.4.2.1
1.1.2.7549.3
1.1.2.7586.5.1.1.10.6.1
1.1.2.7631.9.1.8.2
1.1.2.7697.30.1.13
1.1.2.7813.10.2.4
1.1.2.7883.5.1.2.1.4.3.5.12
1.1.2.7894.11.2.8.8.8
1.1.2.7895.16.5.7.1
1.1.2.7940.5.1.3.20.40
1.1.2.7953.5.1
1.1.2.8043.10.1.5
1.1.2.8082.14.2.6.2.2
1.1.2.8145.5.1.8.9.30.1.22
1.1.2.8171.29.3.29
1.1.2.8223.20.1.13.3
1.1.2.8265.5.1.4
1.1.2.8278.23.1.38
1.1.2.8359.5.1.3.1
1.1.2.8492.13.1.4.9
1.1.2.8536.14.2.7.22.11.4
1.1.2.8639.13.3.6
1.1.2.8651.5.1
1.1.2.8667.24.1.10.6
1.1.2.8738.16.2.14
1.1.2.8743.25.3.11.12
1.1.2.8869.5.1.3.3.8.7
1.1.2.8900.49.4.6.1.18.2.3.12
1.1.2.8924.13.2.6
1.1.2.9035.10.3.12
1.1.2.9090.18.1.4.1
1.1.2.9116.9.2.4
1.1.2.9206.3
1.1.2.9244.22.3.17
1.1.2.9257.5.1.3.1.61.2
1.1.2.9264.14.2.7.1
1.1.2.9315.8.3.4
1.1.2.9339.12.1.8.2
1.1.2.9388.10.2.10
1.1.2.9419.10.1.4.1
1.1.2.9428.20.2.4
1.1.2.9433.30.2.10.9.16.3
1.1.2.9568.5.1.1.1.5.4.12
1.1.2.9599.27.1.15.5
1.1.2.9629.9.1.7
1.1.2.9662.5.1.1
1.1.2.9699.5.1.1.1
1.1.2.9768.15.2.9.1.29.7.5.17
1.1.2.9838.36.4.6.1.2.3.27
1.1.2.9910.21.4.8.10
1.1.2.10316.38.3.5.6.2.3
1.1.2.10348.5.1
1.1.2.10351.13.3.13.14
1.1.2.10464.14.1.11.8
1.1.2.10479.5.1.1.13
1.1.2.10480.5.1.4.16.17
1.1.2.10515.5.1.2.1.2
1.1.2.10613.13.1.18.14
1.1.2.10627.12.1.17.3
1.1.2.10653.5.1.9.10.17.7.12
1.1.2.10705.5.1
1.1.2.10747.5.1.7.1.1.1
1.1.2.10821.12.3.4
1.1.2.10901.3
1.1.2.11019.21.1.12.23
1.1.2.11044.5.1.5
1.1.2.11068.15.2.9.4
1.1.2.11101.5.1.9.2
1.1.2.11130.5.1.15
1.1.2.11245.5.1.2.5.10
1.1.2.11309.5.1
1.1.2.11394.5.1.11.1.6
1.1.2.11459.35.2.4
1.1.2.11609.5.1.1
1.1.2.11617.10.2.8
1.1.2.11645.5.1
1.1.2.11649.15.2.11.1.2.2.12
1.1.2.11662.13.2.6.1.1.3
1.1.2.11695.17.2.7.6
1.1.2.11752.5.1.21.2.18.6.2
1.1.2.11771.5.1.7.7
1.1.2.11775.5.1.7.2.3.2
1.1.2.11809.13.2.8.1.5.2
1.1.2.11829.29.3.13
1.1.2.11844.23.3.9.3
1.1.2.11855.8.3.4
1.1.2.11873.5.1.10.6.14.3
1.1.2.11972.3
1.1.2.11998.10.1.4.1
1.1.2.12091.28.4.23.2.2
1.1.2.12144.14.2.8.4.8.8
1.1.2.12176.5.1.12.1.10
1.1.2.12251.5.1.3.2.3.1.28
1.1.2.12293.15.1.7
1.1.2.12317.11.1.8.6
1.1.2.12445.5.1
1.1.2.12499.26
1.1.2.12559.5.1.8
1.1.2.12603.5.1.1.1.19
1.1.2.12625.27.4.21.1.2.2.7
1.1.2.12629.14.2.15
1.1.2.12649.5.1
1.1.2.12667.27.2.12.2.2
1.1.2.12713.31.3.7.2.6
1.1.2.12812.18.2.7.2.8.1
1.1.2.12814.5.1.5.3.6.2
1.1.2.12840.5.1
1.1.2.12867.38.3.15.12.19.1
1.1.2.12902.5.1.3.3
1.1.2.12947.9.1.5.21
1.1.2.12958.9.1.4.2.1
1.1.2.12969.3
1.1.2.13013.3
1.1.2.13013.5.1.8
1.1.2.13049.28.2.13.4.9
1.1.2.13227.10.2.4
1.1.2.13306.5.1.2.1.4.3.5.16
1.1.2.13317.11.2.8.8.8
1.1.2.13318.16.5.7.1
1.1.2.13354.5.1.3.20.41
1.1.2.13526.5.1.3.1.7
1.1.2.13560.29.3.29
1.1.2.13611.20.1.13.3
1.1.2.13653.5.1.4
1.1.2.13666.23.1.38
1.1.2.13890.13.1.4.9
1.1.2.13934.14.2.7.22.11.4
1.1.2.14003.13.2.9.6.26.4.4
1.1.2.14070.5.1.2.2.4
1.1.2.14099.5.1.1.1.1
1.1.2.14254.5.1.3.3.8.7
1.1.2.14285.49.4.6.1.18.2.3.37
1.1.2.14308.17.2.4.8
1.1.2.14423.10.3.12
1.1.2.14475.24.9
1.1.2.14479.10.1.8.14
1.1.2.14605.5.1.22
1.1.2.14629.9.1.25
1.1.2.14638.22.3.17
1.1.2.14651.5.1.3.1.31.2
1.1.2.14660.24.1.13
1.1.2.14721.12.1.8.2
1.1.2.14757.10.2.10
1.1.2.14788.10.1.4.1
1.1.2.14798.20.2.4
1.1.2.14803.30.2.10.9.39.3
1.1.2.14943.5.1.1.1.5.4.12
1.1.2.14980.5.1.6.3
1.1.2.14980.10.1.12.2
1.1.2.15010.9.1.7
1.1.2.15043.5.1.1
1.1.2.15082.5.1.1.7.28.1.2
1.1.2.15150.15.2.9.1.29.7.5.22
1.1.2.15221.13.3.16.19.5
1.1.2.15241.5.1.8.3
1.1.2.15295.21.4.8.10
1.1.3.15721.5.1
1.1.3.15728.20.2.4.7
1.1.3.15804.5.1
1.1.3.15852.5.1.1.13
1.1.3.15853.5.1.4.16.17
1.1.3.15883.14.3.13.9
1.1.3.15986.13.1.18.14
1.1.3.16020.5.1.9.10.17.7.12
1.1.3.16067.5.1
1.1.3.16101.5.1.7.1.1.1
1.1.3.16356.21.1.12.20
1.1.3.16381.5.1.5
1.1.3.16405.15.2.9.4
1.1.3.16438.5.1.9.2
1.1.3.16466.19.2.15.6
1.1.3.16586.5.1.1
1.1.3.16587.15.2.11
1.1.3.16604.5.1
1.1.3.16729.16.2.7
1.1.3.16936.5.1.1
1.1.3.16944.10.2.8
1.1.3.16972.5.1
1.1.3.16979.5.1.6
1.1.3.17082.9.1.5.12
1.1.3.17148.5.1
1.1.3.17175.29.3.13
1.1.3.17181.19.5.17.1
1.1.3.17189.15.3.7.1.4.3.8.7
1.1.3.17237.16.2
1.1.3.17249.5.1.3.1
1.1.3.17334.10.1.4.1
1.1.3.17425.28.4.23.2.2
1.1.3.17487.14.2.8.4.8.8
1.1.3.17517.9.1.15.11
1.1.3.17607.5.1.1.1.5
1.1.3.17609.11.1.12
1.1.3.17677.11.1.8.6
1.1.3.17775.27.1.12
1.1.3.17805.5.1
1.1.3.17813.5.1.10.10.16.6.10
1.1.3.17841.53.1.9.8
1.1.3.17959.5.1.1.1.19
1.1.3.17981.27.4.21.1.2.2.7
1.1.3.17985.14.2.15
1.1.3.18007.5.1
1.1.3.18025.27.2.12.2.2
1.1.3.18071.31.3.7.2.6
1.1.3.18188.18.2.7.2.8.1
1.1.3.18190.5.1.5.3.6.2
1.1.3.18218.5.1
1.1.3.18235.15.4
1.1.3.18347.9.1.5.21
1.1.3.18358.9.1.4.2.1
1.1.3.18369.3
1.1.3.18406.5.1.1.10.6.1
1.1.3.18450.28.2.13.4.9
1.1.3.18630.10.2.4
1.1.3.18708.5.1.4.1.7.1.3.10
1.1.3.18722.5.1.3.2.17
1.1.3.18734.5.1.6.6
1.1.3.18940.5.1.8.9.30.1.22
1.1.3.18979.29.3.29
1.1.3.19030.20.1.13.3
1.1.3.19072.5.1.4
1.1.3.19085.23.1.38
1.1.3.19295.13.1.4.9
1.1.3.19339.14.2.7.22.11.4
1.1.3.19499.5.1.2.2.4
1.1.3.19512.9.1.4
1.1.3.19540.24.3.22.14
1.1.3.19693.5.1.3.3.8.7
1.1.3.19725.49.4.6.1.18.2.3.35
1.1.3.19749.13.2.6
1.1.3.19864.10.3.12
1.1.3.19911.24.9
1.1.3.19915.10.1.8.14
1.1.3.20014.5.1.1.3.31
1.1.3.20031.3
1.1.3.20069.22.3.17
1.1.3.20082.5.1.3.1.61.2
1.1.3.20091.24.1.13
1.1.3.20133.8.3.4
1.1.3.20147.20.3.9
1.1.3.20187.10.2.10
1.1.3.20322.5.1.3.5.13.1
1.1.3.20413.5.1.1.2.9.5
1.1.3.20414.5.1.2
1.1.3.20495.5.1.1
1.1.3.20547.5.1.1.7.9.1.21
1.1.3.20609.9.2.12.7.14
1.1.3.20642.19.4.9
1.1.3.20654.24.1.19.6
1.1.3.20668.8.4.8.6
1.1.3.20754.21.4.8.10
1.1.3.21159.38.3.5.6.2.3
1.1.3.21191.5.1
1.1.3.21194.13.3.13.14
1.1.3.21317.11.2.4.1.36
1.1.3.21321.3
1.1.3.21358.5.1.2.1.2
1.1.3.21448.13.1.18.14
1.1.3.21458.5.1.2.1.2.1.11
1.1.3.21490.5.1.9.10.17.7.12
1.1.3.21565.5.1.3.1.8.2.3.16
1.1.3.21617.11.1.9.3
1.1.3.21635.9.1.7.2
1.1.3.21641.12.3.4
1.1.3.21677.18.1.28.2
1.1.3.21692.15.2.5.7.18.1
1.1.3.21713.3
1.1.3.21829.21.1.12.24
1.1.3.21854.5.1.5
1.1.3.21878.15.2.9.4
1.1.3.21907.9.2.4
1.1.3.21909.17.1.6
1.1.3.21945.24.2.5.6.9
1.1.3.22002.9.1.15.6
1.1.3.22055.43.2.8.8
1.1.3.22057.59.2.14
1.1.3.22409.5.1.1
1.1.3.22417.10.2.8
1.1.3.22445.5.1
1.1.3.22452.5.1.6
1.1.3.22553.15.2.5
1.1.3.22557.5.1.24
1.1.3.22633.5.1.4.4.17
1.1.3.22647.5.1.5.10.29
1.1.3.22675.8.3.4
1.1.3.22693.5.1.10.6.14.3
1.1.3.22734.5.1.3.5.10.1
1.1.3.22805.20.1.12
1.1.3.22846.10.1.4.1
1.1.3.22918.14.3.6.1
1.1.3.22932.3
1.1.3.22951.19.1.8.4
1.1.3.22965.10.1.7.2
1.1.3.23009.5.1.15.1.23.4
1.1.3.23036.9.1.15.11
1.1.3.23121.5.1.1.1.5
1.1.3.23123.11.1.12
1.1.3.23190.11.1.8.6
1.1.3.23288.27.1.12
1.1.3.23319.5.1
1.1.3.23327.5.1.10.10.16.6.10
1.1.3.23369.26
1.1.3.23391.5.1
1.1.3.23423.13.2.7.2.23.1.4
1.1.3.23468.25.2.15.5.35
1.1.3.23530.27.2.12.2.2
1.1.3.23575.5.1.1.17.6
1.1.3.23680.18.2.7.2.8.1
1.1.3.23682.5.1.5.3.6.2
1.1.3.23708.5.1
1.1.3.23786.10.1.5
1.1.3.23832.9.1.5.21
1.1.3.23843.9.1.4.2.1
1.1.3.23854.3
1.1.3.23895.3
1.1.3.23895.5.1.8
1.1.3.23931.28.2.13.4.9
1.1.3.24102.10.2.4
1.1.3.24176.23.2.8.1
1.1.3.24195.5.1.9
1.1.3.24205.5.1.6.6
1.1.3.24237.22.1.10.9
1.1.3.24294.15.2
1.1.3.24425.15.1.13.15
1.1.3.24458.29.3.29
1.1.3.24508.20.1.13.3
1.1.3.24550.5.1.4
1.1.3.24563.23.1.38
1.1.3.24643.5.1.3.1
1.1.3.24769.13.1.4.9
1.1.3.24846.11.1.20
1.1.3.24950.9.1.11.2
1.1.3.24955.10.1.10
1.1.3.24983.5.1.1.1.1
1.1.3.25036.5.1
1.1.3.25047.5.1.3
1.1.3.25145.5.1.3.3.8.7
1.1.3.25176.49.4.6.1.18.2.3.14
1.1.3.25202.10.1.16.12
1.1.3.25318.10.3.12
1.1.3.25365.24.9
1.1.3.25369.10.1.8.14
1.1.3.25426.12
1.1.3.25464.5.1.1.3.31
1.1.3.25480.3
1.1.3.25518.22.3.17
1.1.3.25531.5.1.3.1.61.2
1.1.3.25540.24.1.13
1.1.3.25598.12.1.8.2
1.1.3.25641.10.2.10
1.1.3.25826.5.1.1.1.5.4.12
1.1.3.25857.27.1.15.5
1.1.3.25887.9.1.7
1.1.3.25924.5.1.1
1.1.3.25964.5.1.1.41.35.1.5
1.1.3.26023.9.2.12.7.14
1.1.3.26060.19.4.9
1.1.3.26072.24.1.19.6
1.1.3.26086.8.4.8.6
1.1.3.26156.21.4.8.10
1.1.3.26393.26.1.4
1.1.3.26482.17.2.4
1.1.3.26595.5.1
1.1.3.26602.20.2.4.7
1.1.3.26678.5.1
1.1.3.26688.17.1.4
1.1.3.26722.11.2.4.1.36
1.1.3.26726.3
1.1.3.26759.46.2.11.2.7.2.18
1.1.3.26852.13.1.18.14
1.1.3.26864.12.1.12.3
1.1.3.26899.14.3.6.4.26
1.1.3.26960.22.4
1.1.3.27046.12.3.4
1.1.3.27093.15.2.5.7.18.1
1.1.3.27114.3
1.1.3.27233.21.1.12.21
1.1.3.27258.5.1.5
1.1.3.27322.5.1.9.2
1.1.3.27360.5.1.13
1.1.3.27480.43.2.8.8
1.1.3.27482.59.2.14
1.1.3.27699.35.2.4
1.1.3.27846.5.1.1
1.1.3.27854.10.2.8
1.1.3.27885.39.1.20
1.1.3.27887.17.1.4.2
1.1.3.27964.60.1.9
1.1.3.27995.9.1.5.12
1.1.3.28054.5.1.2.8.27
1.1.3.28063.17.1.6
1.1.3.28072.26.2.5.27.25.1.17
1.1.3.28082.13.2.9
1.1.3.28093.17.2.11.4.2.4
1.1.3.28093.17.2.11.4.4.2.31.4
1.1.3.28163.5.1.3.5.10.1
1.1.3.28234.20.1.12
1.1.3.28266.10.1.4.1
1.1.3.28361.28.4.23.2.2
1.1.3.28423.14.2.8.4.8.8
1.1.3.28452.5.1.12.1.10
1.1.4.33.5.1.3.5.8.5.37
1.1.4.104.11.1.8.6
1.1.4.202.27.1.12
1.1.4.233.5.1
1.1.4.286.26
1.1.4.316.5.1
1.1.4.384.5.1.4
1.1.4.386.3
1.1.4.411.27.4.21.1.2.2.7
1.1.4.415.14.2.15
1.1.4.435.5.1
1.1.4.453.27.2.12.2.2
1.1.4.498.5.1.1.17.6
1.1.4.605.18.2.7.2.8.1
1.1.4.607.5.1.5.3.6.2
1.1.4.633.5.1
1.1.4.667.16.3.5.2.16.2
1.1.4.684.3
1.1.4.708.10.1.5
1.1.4.746.9.1.5.21
1.1.4.757.9.1.4.2.1
1.1.4.768.3
1.1.4.800.5.1.1.18.13.13
1.1.4.844.28.2.13.4.9
1.1.4.1015.10.2.4
1.1.4.1095.23.2.8.1
1.1.4.1115.5.1.2
1.1.4.1129.18
1.1.4.1154.12.3.4.10
1.1.4.1253.10.1.5
1.1.4.1330.13.2.11.7
1.1.4.1365.17.5.8
1.1.4.1369.15.1
1.1.4.1392.29.3.29
1.1.4.1445.20.1.13.3
1.1.4.1487.5.1.4
1.1.4.1500.23.1.38
1.1.4.1585.5.1.3.1
1.1.4.1717.25.3.15.1.3
1.1.4.1766.14.2.7.22.11.4
1.1.4.1865.13.3.6
1.1.4.1877.5.1
1.1.4.1893.24.1.10.6
1.1.4.1930.5.1.1.1.1
1.1.4.1983.5.1
1.1.4.2093.5.1.3.3.8.7
1.1.4.2124.49.4.6.1.18.2.3.36
1.1.4.2148.19.1.4.1
1.1.4.2256.10.3.12
1.1.4.2303.24.9
1.1.4.2307.10.1.8.14
1.1.4.2425.5.1.22
1.1.4.2449.9.1.25
1.1.4.2458.22.3.17
1.1.4.2529.8.3.4
1.1.4.2543.20.3.9
1.1.4.2598.10.2.10
1.1.4.2636.10.1.4.1
1.1.4.2648.30.2.10.9.28.3
1.1.4.2825.5.1.1.2.9.5
1.1.4.2826.5.1.2
1.1.4.2908.5.1.1
1.1.4.3012.9.2.12.7.14
1.1.4.3049.19.4.9
1.1.4.3061.24.1.19.6
1.1.4.3076.15.3.12
1.1.4.3124.15.1.6.2
1.1.4.3146.45.3.40
1.1.4.3173.8.1.9
1.1.4.3386.3
1.1.4.3548.5.1
1.1.4.3695.5.1.1.13
1.1.4.3696.5.1.4.16.17
1.1.4.3764.5.1.2.2
1.1.4.3825.13.1.18.14
1.1.4.3837.12.1.12.3
1.1.4.3868.5.1.9.10.17.7.12
1.1.4.3960.5.1.7.1.1.1
1.1.4.4002.11.1.4.1
1.1.4.4023.12.3.4
1.1.4.4098.3
1.1.4.4214.21.1.12.21
1.1.4.4239.5.1.5
1.1.4.4263.15.2.9.4
1.1.4.4297.5.1.9.2
1.1.4.4326.5.1.15
1.1.4.4422.31.1.11.4.1
1.1.4.4448.48.1.4.18
1.1.4.4453.9.1.11
1.1.4.4492.16.2.7.1
1.1.4.4493.3
1.1.4.4497.11.1.9
1.1.4.4615.5.1.11.1.6
1.1.4.4791.5.1.1.1.6.2.13
1.1.4.4815.5.1.1
1.1.4.4823.10.2.8
1.1.4.4851.5.1
1.1.4.4858.5.1.6
1.1.4.4951.5.1.21.2.20.6.2
1.1.4.5018.5.1.4.4.14
1.1.4.5032.5.1.5.10.29
1.1.4.5041.13.2.9
1.1.4.5052.17.2.11.4.2.4
1.1.4.5052.17.2.11.4.4.2.8.2
1.1.4.5122.5.1.3.5.10.1
1.1.4.5164.5.1.11.1.3.1
1.1.4.5218.10.1.4.1
1.1.4.5305.3
1.1.4.5324.19.1.8.4
1.1.4.5338.10.1.7.2
1.1.4.5382.9.1.6.8.6
1.1.4.5412.5.1.12.1.10
1.1.4.5496.5.1.1.1.5
1.1.4.5498.11.1.12
1.1.4.5537.15.1.7
1.1.4.5561.11.1.8.6
1.1.4.5704.22.1.15.9
1.1.4.5741.5.1.3
1.1.4.5759.26
1.1.4.5789.5.1
1.1.4.5869.5.1.1.1.19
1.1.4.5891.27.4.21.1.2.2.7
1.1.4.5895.14.2.15
1.1.4.5928.12.6.12.18
1.1.4.5973.5.1.1.17.6
1.1.4.6073.18.2.7.2.8.1
1.1.4.6075.5.1.5.3.6.2
1.1.4.6103.5.1
1.1.4.6127.23
1.1.4.6176.10.1.5
1.1.4.6214.9.1.5.21
1.1.4.6225.9.1.4.2.1
1.1.4.6236.3
1.1.4.6275.5.1.7.20
1.1.4.6275.5.1.8.1.12.1.9
1.1.4.6474.10.2.4
1.1.4.6520.41.1.4
1.1.4.6548.5.1.4.1.4.3
1.1.4.6566.5.1.9
1.1.4.6576.5.1.6.6
1.1.4.6708.10.1.5
1.1.4.6727.13
1.1.4.6737.14.2.6.2.2
1.1.4.6802.24.2.14.7.39.1.6
1.1.4.6809.15.1
1.1.4.6846.5.1.9
1.1.4.6898.20.1.13.3
1.1.4.6931.5.1
1.1.4.6947.5.1.2
1.1.4.7023.5.1.3.1
1.1.4.7158.25.3.15.1.3
1.1.4.7302.5.1.4.3.34
1.1.4.7331.5.1.2.2.4
1.1.4.7358.5.1.1.1.1
1.1.4.7414.5.1
1.1.4.7515.5.1.3.3.8.7
1.1.4.7547.49.4.6.1.18.2.3.35
1.1.4.7564.22.2.19.1.1
1.1.4.7578.43.3.16.2.6.4
1.1.4.7620.10.3.8
1.1.4.7669.10.3.12
1.1.4.7688.11.2.14
1.1.4.7712.24.9
1.1.4.7716.10.1.8.14
1.1.4.7828.5.1.2.7.14.2.11
1.1.4.7852.9.1.25
1.1.4.7861.22.3.17
1.1.4.7874.5.1.3.1.31.2
1.1.4.7883.24.1.13
1.1.4.7924.31.1.15
1.1.4.7947.12.1.8.2
1.1.4.8067.28.2.18.11.10.3
1.1.4.8078.6
1.1.4.8095.43.2
1.1.4.8132.5.1.3.5.13.1
1.1.4.8192.5.1.1.1.5.4.12
1.1.4.8224.27.1.15.5
1.1.4.8254.9.1.7
1.1.4.8287.5.1.1
1.1.4.8339.5.1.3.1
1.1.4.8404.15.2.9.1.22.5.5.17
1.1.4.8475.15.3.12
1.1.4.8555.25.3.15
1.1.4.8582.8.1.9
1.1.4.8773.24.1.18.14
1.1.4.8789.22.2.8
1.1.4.8930.38.3.5.6.2.3
1.1.4.8967.20.2.4.12
1.1.4.9085.14.1.11.8
1.1.4.9100.5.1.1.13
1.1.4.9101.5.1.4.16.17
1.1.4.9134.5.1.2.1.2
1.1.4.9232.13.1.18.14
1.1.4.9244.5.1.8.1.2
1.1.4.9277.5.1.9.10.17.7.12
1.1.4.9341.22.4
1.1.4.9364.5.1.7.1.1.1
1.1.4.9408.11.1.9.3
1.1.4.9432.12.3.4
1.1.4.9468.18.1.28.2
1.1.4.9485.15.2.5.7.18.1
1.1.4.9505.3
1.1.4.9618.13.4.30.1.2
1.1.4.9627.5.1.3.1
1.1.4.9634.5.1.3.1.4.8.29
1.1.4.9639.15.2.11
1.1.4.9691.9.2.4
1.1.4.9725.19.2
1.1.4.9730.5.1.1.2.8
1.1.4.9788.9.1.15.6
1.1.4.9841.43.2.8.8
1.1.4.9843.59.2.14
1.1.4.9882.11.1.9
1.1.4.9976.5.1.11.1.6
1.1.4.10041.35.2.4
1.1.4.10182.5.1.1
1.1.4.10190.10.2.8
1.1.4.10218.5.1
1.1.4.10225.5.1.6
1.1.4.10319.5.1.21.2.20.6.2
1.1.4.10338.5.1.7.7
1.1.4.10342.5.1.7.2.3.2
1.1.4.10370.22.3.6.1.1.1
1.1.4.10390.29.3.13
1.1.4.10396.19.5.17.1
1.1.4.10405.23.3.9.3
1.1.4.10416.8.3.4
1.1.4.10434.5.1.10.6.14.3
1.1.4.10465.5.1.3.5.16.1
1.1.4.10567.10.1.4.1
1.1.4.10665.28.1.26
1.1.4.10671.5.1.10.1
1.1.4.10727.5.1.16.12
1.1.4.10757.9.1.15.11
1.1.4.10841.5.1.3.1.2.5.14
1.1.4.10881.15.1.7
1.1.4.10909.5.1.5.5.13
1.1.4.11042.5.1
1.1.4.11081.53.1.9.8
1.1.4.11200.14.1.4.6
1.1.4.11237.5.1.9.1.2.2.3
1.1.4.11241.14.2.15
1.1.4.11274.12.6.12.18
1.1.4.11319.5.1.1.17.6
1.1.4.11429.18.2.7.2.8.1
1.1.4.11431.5.1.5.3.6.2
1.1.4.11459.5.1
1.1.4.11541.10.1.5
1.1.4.11579.9.1.5.21
1.1.4.11590.9.1.4.2.1
1.1.4.11601.3
1.1.4.11638.5.1.1.10.6.1
1.1.4.11682.28.2.13.4.9
1.1.4.11853.10.2.4
1.1.4.11871.5.1.3.3
1.1.4.11873.40.1.4
1.1.4.11927.23.2.8.1
1.1.4.11947.5.1.2
1.1.4.11961.18
1.1.4.11989.12.3.4.10
1.1.4.12000.5.1
1.1.4.12034.15.2
1.1.4.12076.5.1.2.5.16.1
1.1.4.12100.32.2.20.6
1.1.4.12138.19.2.10.4
1.1.4.12198.29.3.29
1.1.4.12249.20.1.13.3
1.1.4.12291.5.1.4
1.1.4.12304.23.1.38
1.1.4.12389.5.1.3.1
1.1.4.12524.13.1.4.9
1.1.4.12671.13.3.6
1.1.4.12683.5.1
1.1.4.12699.24.1.10.6
1.1.4.12736.5.1.1.1.1
1.1.4.12789.5.1
1.1.4.12892.5.1.3.3.8.7
1.1.4.12922.49.4.6.1.18.2.3.30
1.1.4.12946.13.2.6
1.1.4.13068.5.1.8.5
1.1.4.13094.18.1.4.1
1.1.4.13120.9.2.4
1.1.4.13193.5.1.1.3.33
1.1.4.13209.3
1.1.4.13238.9.1.25
1.1.4.13247.22.3.17
1.1.4.13260.5.1.3.1.31.2
1.1.4.13269.24.1.13
1.1.4.13309.8.3.4
1.1.4.13333.12.1.8.2
1.1.4.13370.10.2.10
1.1.4.13401.10.1.4.1
1.1.4.13411.20.2.4
1.1.4.13416.30.2.10.9.39.3
1.1.4.13425.6
1.1.4.13442.43.2
1.1.4.13482.5.1.3.5.13.1
1.1.4.13573.5.1.1.2.9.5
1.1.4.13574.5.1.2
1.1.4.13656.5.1.1
1.1.4.13708.5.1.1.7.9.1.21
1.1.4.13773.15.2.9.1.29.7.5.25
1.1.4.13829.5.1.16.24.34
1.1.4.13920.21.4.8.10
1.1.4.14333.5.1
1.1.4.14428.47.1.4
1.1.4.14465.5.1.1.13
1.1.4.14466.5.1.4.16.17
1.1.4.14505.5.1.3
1.1.4.14531.5.1.2.2
1.1.4.14602.5.1.8
1.1.4.14650.14.3.6.4.26
1.1.4.14737.5.1.7.1.1.1
1.1.4.14810.12.3.4
1.1.4.15007.21.1.12.21
1.1.4.15032.5.1.5
1.1.4.15056.15.2.9.4
1.1.4.15089.5.1.9.2
1.1.4.15118.5.1.15
1.1.4.15227.48.1.4.18
1.1.4.15233.15.2
1.1.4.15364.5.1.11.1.6
1.1.4.15571.5.1.1
1.1.4.15579.10.2.8
1.1.4.15607.5.1
1.1.4.15614.5.1.6
1.1.4.15723.15.2.5
1.1.4.15727.5.1.24
1.1.4.15745.5.1.7.7
1.1.4.15749.5.1.7.2.3.2
1.1.4.15783.13.2.8.1.5.2
1.1.4.15804.9.1.7.5
1.1.4.15817.13.2.9
1.1.4.15826.5.1.2.2
1.1.4.15839.8.3.4
1.1.4.15857.5.1.10.6.14.3
1.1.4.15934.5.1.11.1.3.1
1.1.4.15978.10.1.4.1
1.1.4.16012.10.2.12.7.10
1.1.4.16061.28.1.26
1.1.4.16067.5.1.10.1
1.1.4.16123.14.2.8.4.8.7
1.1.4.16153.9.1.15.11
1.1.4.16236.5.1.3.5.8.5.27
1.1.4.16260.43.2.19.9.7
1.1.4.16283.19.1.12.5
1.1.4.16414.5.1
1.1.4.16453.53.1.9.8
1.1.4.16574.5.1.1.1.18
1.1.4.16596.27.4.21.1.2.2.7
1.1.4.16600.14.2.15
1.1.4.16632.27.2.12.2.2
1.1.4.16678.31.3.7.2.6
1.1.4.16787.18.2.7.2.8.1
1.1.4.16789.5.1.5.3.6.2
1.1.4.16817.5.1
1.1.4.16896.10.1.5
1.1.4.16934.9.1.5.21
1.1.4.16945.9.1.4.2.1
1.1.4.16956.3
1.1.4.16996.5.1.7.20
1.1.4.16996.5.1.8.1.12.1.8
1.1.4.17196.10.2.4
1.1.4.17272.5.1.4.1.4.3
1.1.4.17290.5.1.9
1.1.4.17300.5.1.6.6
1.1.4.17333.12.3.4.10
1.1.4.17344.5.1
1.1.4.17423.10.1.5
1.1.4.17442.13
1.1.4.17518.5.1.10.2.6.1.2
1.1.4.17528.12.1.4
1.1.4.17545.5.1
1.1.4.17568.13.1.7.4
1.1.4.17616.20.1.13.3
1.1.4.17658.5.1.4
1.1.4.17671.23.1.38
1.1.4.17884.13.1.4.9
1.1.4.17928.14.2.7.22.11.4
1.1.4.18040.24.1.13.12
1.1.4.18064.9.1.11.2
1.1.4.18069.10.1.10
1.1.4.18097.5.1.1.1.1
1.1.4.18150.5.1
1.1.4.18161.5.1.3
1.1.4.18256.5.1.3.3.8.7
1.1.4.18287.49.4.6.1.18.2.3.16
1.1.4.18311.13.2.6
1.1.4.18459.24.9
1.1.4.18463.10.1.8.14
1.1.4.18558.5.1.1.3.54
1.1.4.18574.3
1.1.4.18603.9.1.25
1.1.4.18612.22.3.17
1.1.4.18684.31.1.15
1.1.4.18707.12.1.8.2
1.1.4.18756.10.2.10
1.1.4.18793.10.1.4.1
1.1.4.18805.30.2.10.9.28.3
1.1.4.18814.6
1.1.4.18831.43.2
1.1.4.18922.5.1.1.1.5.4.12
1.1.4.18954.27.1.15.5
1.1.4.19133.15.2.9.1.29.7.5.16
1.1.4.19177.5.1.4.4.11.6
1.1.4.19183.48.1.19.28
1.1.4.19198.15.3.12
1.1.4.19272.21.4.8.10
1.1.4.19525.27.2.14.7.7.2
1.1.4.19684.5.1
1.1.4.19840.5.1.1.13
1.1.4.19841.5.1.4.16.17
1.1.4.19871.14.3.13.9
1.1.4.19969.13.1.23.14
1.1.4.19982.32.1.10.2
1.1.4.20013.5.1.9.10.17.7.12
1.1.4.20066.5.1
1.1.4.20177.12.3.4
1.1.4.20228.5.1.6.1
1.1.4.20359.21.1.12.21
1.1.4.20384.5.1.5
1.1.4.20408.15.2.9.4
1.1.4.20440.9.2.4
1.1.4.20442.17.1.6
1.1.4.20478.24.2.5.6.9
1.1.4.20596.5.1.2.5.10
1.1.4.20744.5.1.11.1.6
1.1.4.20803.35.2.4
1.1.4.20949.5.1.1
1.1.4.20957.10.2.8
1.1.4.20985.5.1
1.1.4.20992.5.1.6
1.1.4.21104.5.1.21.2.20.6.2
1.1.4.21123.5.1.7.7
1.1.4.21127.5.1.7.2.3.2
1.1.4.21161.13.2.8.1.5.2
1.1.4.21181.29.3.13
1.1.4.21187.19.5.17.1
1.1.4.21196.12.3.19.5.1
1.1.4.21234.5.1.10.5.23.3
1.1.4.21275.5.1.3.5.10.1
1.1.4.21346.20.1.12
1.1.4.21378.10.1.4.1
1.1.4.21415.10.2.12.7.10
1.1.4.21464.28.1.26
1.1.4.21470.5.1.10.1
1.1.4.21526.14.2.8.4.8.8
1.1.4.21556.9.1.15.11
1.1.4.21642.5.1.1.1.5
1.1.4.21644.11.1.12
1.1.4.21683.15.1.7
1.1.4.21710.15.2.8.14.17
1.1.4.21842.22.1.15.9
1.1.4.21879.5.1.3
1.1.4.21897.26
1.1.4.21928.5.1
1.1.4.21964.5.1.8
1.1.4.22008.5.1.1.1.19
1.1.4.22030.27.4.21.1.2.2.7
1.1.4.22034.14.2.15
1.1.4.22067.12.6.12.18
1.1.4.22113.31.3.7.2.6
1.1.4.22226.18.2.7.2.8.1
1.1.4.22228.5.1.5.3.6.2
1.1.4.22263.15.4
1.1.4.22332.10.1.5
1.1.4.22379.9.1.5.21
1.1.4.22390.9.1.4.2.1
1.1.4.22401.3
1.1.4.22438.5.1.1.10.6.1
1.1.4.22482.28.2.13.4.9
1.1.4.22656.10.2.4
1.1.4.22736.5.1.4.1.7.1.3.20
1.1.4.22750.5.1.3.2.17
1.1.4.22762.5.1.6.6
1.1.4.22794.22.1.10.9
1.1.4.22808.5.1
1.1.4.22887.10.1.5
1.1.4.22915.32.2.20.6
1.1.4.22953.19.2.10.4
1.1.4.22988.17.5.8
1.1.4.22992.15.1
1.1.4.23012.9.1.4
1.1.4.23025.5.1.1.1.8.2.11
1.1.4.23075.20.1.13.3
1.1.4.23117.5.1.4
1.1.4.23130.23.1.38
1.1.4.23204.5.1.3.1
1.1.4.23325.13.1.4.9
1.1.4.23369.14.2.7.22.11.4
1.1.4.23472.13.3.6
1.1.4.23478.22.4.17.1.2.2.15
1.1.4.23484.5.1
1.1.4.23500.24.1.10.6
1.1.4.23571.16.2.14
1.1.4.23576.25.3.11.12
1.1.4.23700.5.1.3.3.8.7
1.1.4.23730.49.4.6.1.18.2.3.12
1.1.4.23753.17.2.4.8
1.1.4.23874.5.1.8.5
1.1.4.23897.18.1.4.1
1.1.4.23923.9.2.4
1.1.4.24014.5.1.2.7.14.2.11
1.1.4.24047.22.3.17
1.1.4.24060.5.1.3.1.75.2
1.1.4.24069.24.1.13
1.1.4.24111.8.3.4
1.1.4.24125.20.3.9
1.1.4.24165.10.2.10
1.1.4.24294.5.1.3.5.13.1
1.1.4.24387.27.1.15.5
1.1.4.24464.5.1.1
1.1.4.24505.5.1.1.3
1.1.4.24564.15.2.9.1.22.5.19.5
1.1.4.24635.15.3.12
1.1.4.24726.21.4.8.10
1.1.4.24994.3
1.1.4.25131.38.3.5.6.2.3
1.1.4.25168.20.2.4.12
1.1.4.25285.14.1.11.8
1.1.4.25296.5.1.1.13
1.1.4.25297.5.1.4.16.17
1.1.4.25338.5.1.3
1.1.4.25431.13.1.18.14
1.1.4.25464.5.1.9.10.17.7.12
1.1.4.25517.5.1
1.1.4.25596.26.2.9
1.1.4.25678.5.1.10.5
1.1.4.25694.10.1.7.4
1.1.4.25813.21.1.12.22
1.1.4.25838.5.1.5
1.1.4.25862.15.2.9.4
1.1.4.25896.5.1.9.2
1.1.4.26057.43.2.8.8
1.1.4.26059.59.2.14
1.1.4.26208.5.1.11.1.6
1.1.4.26276.35.2.4
1.1.4.26427.5.1.1
1.1.4.26435.10.2.8
1.1.4.26463.5.1
1.1.4.26470.5.1.6
1.1.4.26554.60.1.9
1.1.4.26585.9.1.5.12
1.1.4.26650.5.1.4.4.14
1.1.4.26664.5.1.5.10.29
1.1.4.26673.13.2.9
1.1.4.26684.17.2.11.4.2.4
1.1.4.26684.17.2.11.4.4.2.8.2
1.1.4.26754.5.1.3.5.10.1
1.1.4.26846.10.1.4.1
1.1.4.26933.3
1.1.4.26952.19.1.8.4
1.1.4.27004.14.2.8.4.8.8
1.1.4.27036.5.1.12.1.10
1.1.4.27119.5.1.1.1.5
1.1.4.27121.11.1.12
1.1.4.27164.15.1.7
1.1.4.27192.11.1.8.6
1.1.4.27337.22.1.15.9
1.1.4.27373.10.1.4.5
1.1.4.27375.24
1.1.4.27418.5.1
1.1.4.27460.5.1.8
1.1.4.27504.5.1.1.1.19
1.1.4.27526.27.4.21.1.2.2.7
1.1.4.27530.14.2.15
1.1.4.27563.12.6.12.18
1.1.4.27609.31.3.7.2.6
1.1.4.27724.18.2.7.2.8.1
1.1.4.27726.5.1.5.3.6.2
1.1.4.27754.5.1
1.1.4.27837.10.1.5
1.1.4.27883.9.1.5.21
1.1.4.27894.9.1.4.2.1
1.1.4.27905.3
1.1.4.27944.5.1.7.20
1.1.4.27944.5.1.8.1.12.1.8
1.1.4.28142.10.2.4
1.1.4.28219.10.1.5.5.7
1.1.4.28229.5.1.3.2.6.6.16
1.1.4.28262.12.3.4.10
1.1.4.28273.28.2
1.1.4.28354.10.1.5
1.1.4.28393.14.2.6.2.2
1.1.4.28457.5.1.3.1.7
1.1.4.28491.29.3.29
1.1.4.28542.20.1.13.3
1.1.4.28584.5.1.4
1.1.4.28597.23.1.38
1.1.4.28673.5.1.3.1
1.1.4.28812.13.1.4.9
1.1.4.28882.11.1.20
1.1.4.28921.17.1.18.1.3.1
1.1.4.28983.13.1.9.3
1.1.4.29011.5.1.1.1.1
1.1.4.29038.16.2.14
1.1.4.29043.25.3.11.12
1.1.4.29172.5.1.3.3.8.7
1.1.4.29202.49.4.6.1.18.2.3.15
1.1.4.29218.5.1.12.3.11
1.1.4.29277.10.3.8
1.1.4.29292.21.2.10.7.12.3
1.1.4.29324.10.3.12
1.1.4.29376.24.9
1.1.4.29380.10.1.8.14
1.1.4.29484.5.1.1.3.33
1.1.4.29501.3
1.1.4.29530.9.1.25
1.1.4.29539.22.3.17
1.1.4.29552.5.1.3.1.31.2
1.1.4.29561.24.1.13
1.1.4.29605.39.2.16.4.27
1.1.4.29624.12.1.8.2
1.1.4.29667.10.2.10
1.1.4.29704.10.1.4.1
1.1.4.29713.20.2.4
1.1.4.29718.30.2.10.9.16.3
1.1.4.29727.6
1.1.4.29744.43.2
1.1.4.29844.5.1.1.1.5.4.12
1.1.4.29876.27.1.15.5
1.1.4.29906.9.1.7
1.1.4.29944.5.1.1
1.1.4.30064.15.2.9.1.29.7.4.1
1.1.4.30135.13.3.16.19.5
1.1.4.30210.21.4.8.10
1.1.4.30416.49.1.12.12
1.1.4.30441.24.1.18.14
1.1.4.30602.38.3.5.6.2.3
1.1.4.30639.20.2.4.12
1.1.4.30764.5.1.1.13
1.1.4.30765.5.1.4.16.17
1.1.4.30906.13.1.18.14
1.1.4.30920.12.1.17.3
1.1.4.30955.14.3.6.4.26
1.1.4.31003.5.1
1.1.4.31037.5.1.7.1.1.1
1.1.4.31108.9.1.7.2
1.1.4.31114.12.3.4
1.1.4.31305.21.1.12.21
1.1.4.31330.5.1.5
1.1.4.31354.15.2.9.4
1.1.4.31386.5.1.9.2
1.1.4.31415.5.1.15
1.1.4.31518.48.1.4.18
1.1.4.31533.5.1
1.1.4.31660.5.1.11.1.6
1.1.4.31725.35.2.4
1.1.4.31869.5.1.1
1.1.4.31877.10.2.8
1.1.4.31905.5.1
1.1.4.31912.5.1.6
1.1.4.32015.5.1.13.5.8
1.1.4.32085.5.1
1.1.4.32112.29.3.13
1.1.4.32118.19.5.17.1
1.1.4.32127.23.3.9.3
1.1.4.32138.8.3.4
1.1.4.32156.5.1.10.6.14.3
1.1.4.32197.5.1.3.5.10.1
1.1.4.32239.5.1.11.1.3.1
1.1.4.32284.10.1.4.1
1.1.4.32370.8.2.8
1.1.4.32381.5.1.2.1.3.1.7
1.1.4.32432.5.1.15.1.23.4
1.1.4.32459.9.1.15.11
1.1.4.32545.5.1.1.1.5
1.1.4.32547.11.1.12
1.1.4.32590.15.1.7
1.1.4.32612.9.2.8
1.1.4.32617.15.2.8.9.8
1.1.4.32700.27.1.12
1.1.4.32728.5.1
1.1.4.32767.53.1.9.8
1.1.4.32805.5.1
1.1.4.32902.27.4.21.1.2.2.7
1.1.4.32906.14.2.15
1.1.4.32928.5.1
1.1.4.32946.27.2.12.2.2
1.1.4.32992.31.3.7.2.6
1.1.4.33109.18.2.7.2.8.1
1.1.4.33111.5.1.5.3.6.2
1.1.4.33139.5.1
1.1.4.33163.23
1.1.4.33216.10.1.5
1.1.4.33254.9.1.5.21
1.1.4.33265.9.1.4.2.1
1.1.4.33276.3
1.1.4.33314.5.1.1.10.6.1
1.1.4.33359.9.1.8.2
1.1.4.33538.10.2.4
1.1.4.33556.5.1.3.3
1.1.4.33577.41.1.4
1.1.4.33603.10.1.5.5.7
1.1.4.33613.5.1.3.2.6.6.15
1.1.4.33654.18.2.12.11.8
1.1.4.33667.5.1
1.1.4.33759.5.1.2.5.16.1
1.1.4.33850.5.1.8.9.30.1.22
1.1.4.33857.45.2.25
1.1.4.33945.20.1.13.3
1.1.4.33987.5.1.4
1.1.4.34000.23.1.38
1.1.4.34082.5.1.3.1
1.1.4.34217.13.1.4.9
1.1.4.34258.17.2.10.1
1.1.4.34295.11.1.20
1.1.4.34376.23.1.13.18
1.1.4.34401.5.1.2.2.4
1.1.4.34431.5.1.1.1.1
1.1.4.34458.16.2.14
1.1.4.34463.25.3.11.12
1.1.4.34592.5.1.3.3.8.7
1.1.4.34622.49.4.6.1.18.2.3.33
1.1.4.34645.17.2.4.8
1.1.4.34755.10.3.12
1.1.4.34807.24.9
1.1.4.34811.10.1.8.14
1.1.4.34931.9.1.4.8
1.1.4.34938.5.1.4.2.3.1
1.1.4.34956.9.1.25
1.1.4.34965.22.3.17
1.1.4.34978.5.1.3.1.31.2
1.1.4.34987.24.1.13
1.1.4.35046.12.1.8.2
1.1.4.35082.10.2.10
1.1.4.35215.5.1.3.5.13.1
1.1.4.35305.5.1.1.2.9.5
1.1.4.35306.5.1.2
1.1.4.35382.8.1.4
1.1.4.35437.5.1.1.7.9.1.15
1.1.4.35502.15.2.9.1.29.7.5.9
1.1.4.35596.5.1.8.3
1.1.4.35637.21.4.8.10
1.1.4.35877.26.1.4
1.1.5.36058.38.3.5.6.2.3
1.1.5.36095.20.2.4.12
1.1.5.36208.14.1.11.8
1.1.5.36223.5.1.1.13
1.1.5.36224.5.1.4.16.17
1.1.5.36263.5.1.3
1.1.5.36366.13.1.18.14
1.1.5.36376.5.1.2.1.2.1.11
1.1.5.36405.5.1.9.10.17.7.12
1.1.5.36489.5.1.7.1.1.1
1.1.5.36533.11.1.9.3
1.1.5.36557.12.3.4
1.1.5.36607.10.1.4
1.1.5.36748.21.1.12.21
1.1.5.36773.5.1.5
1.1.5.36797.15.2.9.4
1.1.5.36826.9.2.4
1.1.5.36828.17.1.6
1.1.5.36864.24.2.5.6.9
1.1.5.36956.31.1.11.4.1
1.1.5.36982.48.1.4.18
1.1.5.36987.9.1.11
1.1.5.37144.5.1.11.1.6
1.1.5.37209.35.2.4
1.1.5.37359.5.1.1
1.1.5.37367.10.2.8
1.1.5.37398.39.1.20
1.1.5.37400.17.1.4.2
1.1.5.37514.5.1.21.2.20.6.2
1.1.5.37533.5.1.7.7
1.1.5.37537.5.1.7.2.3.2
1.1.5.37565.22.3.6.1.1.1
1.1.5.37585.29.3.13
1.1.5.37591.19.5.17.1
1.1.5.37599.15.3.7.1.4.3.8.11
1.1.5.37707.5.1.11.1.3.1
1.1.5.37745.5.1.3.5
1.1.5.37756.5.1.37.2.4.1.3
1.1.5.37842.3
1.1.5.37861.19.1.8.4
1.1.5.37947.9.1.15.11
1.1.5.38031.5.1.1.1.5
1.1.5.38033.11.1.12
1.1.5.38076.15.1.7
1.1.5.38104.11.1.8.6
1.1.5.38162.17.2.5.6
1.1.5.38229.5.1
1.1.5.38268.53.1.9.8
1.1.5.38309.5.1
1.1.5.38388.5.1.1.1.19
1.1.5.38410.27.4.21.1.2.2.7
1.1.5.38414.14.2.15
1.1.5.38436.5.1
1.1.5.38454.27.2.12.2.2
1.1.5.38499.5.1.1.17.6
1.1.5.38588.18.2.7.2.8.1
1.1.5.38590.5.1.5.3.6.2
1.1.5.38610.5.1
1.1.5.38693.10.1.5
1.1.5.38739.9.1.5.21
1.1.5.38750.9.1.4.2.1
1.1.5.38761.3
1.1.5.38803.3
1.1.5.38803.5.1.8
1.1.5.38839.28.2.13.4.9
1.1.5.39018.10.2.4
1.1.5.39091.5.1.4.1.4.3
1.1.5.39109.5.1.9
1.1.5.39119.5.1.6.6
1.1.5.39149.5.1.3.20.41
1.1.5.39158.5.1
1.1.5.39237.10.1.5
1.1.5.39263.32.2.20.6
1.1.5.39326.5.1.3.1.7
1.1.5.39337.12.1.4
1.1.5.39354.5.1
1.1.5.39377.13.1.7.4
1.1.5.39422.20.1.13.3
1.1.5.39464.5.1.4
1.1.5.39477.23.1.38
1.1.5.39559.5.1.3.1
1.1.5.39684.13.1.4.9
1.1.5.39728.14.2.7.22.11.4
1.1.5.39803.17.1.18.1.3.1
1.1.5.39846.23.1.14.18
1.1.5.39868.5.1.2.2.4
1.1.5.39895.5.1.1.1.1
1.1.5.39948.5.1
1.1.5.39959.5.1.3
1.1.5.40061.5.1.3.3.8.7
1.1.5.40092.49.4.6.1.18.2.3.20
1.1.5.40116.13.2.6
1.1.5.40228.10.3.12
1.1.5.40243.25.1.12
1.1.5.40270.10.4.8.27.17
1.1.5.40364.9.1.4.8
1.1.5.40371.5.1.4.2.3.1
1.1.5.40389.9.1.25
1.1.5.40398.22.3.17
1.1.5.40411.5.1.3.1.31.2
1.1.5.40420.24.1.13
1.1.5.40460.8.3.4
1.1.5.40474.20.3.9
1.1.5.40501.10.2.8
1.1.5.40560.10.1.4.1
1.1.5.40570.20.2.4
1.1.5.40575.30.2.10.9.39.3
1.1.5.40710.5.1.1.1.5.4.12
1.1.5.40741.27.1.15.5
1.1.5.40771.9.1.7
1.1.5.40804.5.1.1
1.1.5.40843.5.1.1.7.28.1.2
1.1.5.40911.15.2.9.1.29.7.5.22
1.1.5.40960.24.1.19.6
1.1.5.41058.25.3.15
1.1.5.41085.8.1.9
1.1.5.41290.27.2.14.7.7.2
1.1.5.41334.17.2.4
1.1.5.41447.5.1
1.1.5.41454.20.2.4.7
1.1.5.41581.5.1.1.13
1.1.5.41582.5.1.4.16.17
1.1.5.41612.14.3.13.9
1.1.5.41715.13.1.18.14
1.1.5.41729.12.1.17.3
1.1.5.41760.5.1.9.10.17.7.12
1.1.5.41807.5.1
1.1.5.41886.11.1.9.3
1.1.5.42088.13.4.30.1.1.1.12
1.1.5.42096.5.1.3.1
1.1.5.42103.5.1.3.1.4.8.29
1.1.5.42108.15.2.11
1.1.5.42163.5.1.9.2
1.1.5.42191.19.2.15.6
1.1.5.42306.48.1.4.18
1.1.5.42312.15.2
1.1.5.42446.5.1.11.1.6
1.1.5.42514.35.2.4
1.1.5.42656.5.1.1
1.1.5.42664.10.2.8
1.1.5.42692.5.1
1.1.5.42699.5.1.6
1.1.5.42821.9.1.5.12
1.1.5.42887.5.1
1.1.5.42914.29.3.13
1.1.5.42920.19.5.17.1
1.1.5.42929.23.3.9.3
1.1.5.42940.8.3.4
1.1.5.42958.5.1.10.6.14.3
1.1.5.43052.20.1.12
1.1.5.43084.10.1.4.1
1.1.5.43121.10.2.12.7.10
1.1.5.43178.28.4.23.2.2
1.1.5.43231.5.1.16.12
1.1.5.43322.9.2.14
1.1.5.43345.5.1.4.4.12
1.1.5.43385.15.1.7
1.1.5.43409.11.1.8.6
1.1.5.43503.27.1.12
1.1.5.43531.5.1
1.1.5.43570.53.1.9.8
1.1.5.43611.5.1
1.1.5.43696.14.1.4.6
1.1.5.43754.5.1
1.1.5.43772.27.2.12.2.2
1.1.5.43818.31.3.7.2.6
1.1.5.43932.18.2.7.2.8.1
1.1.5.43934.5.1.5.3.6.2
1.1.5.43962.5.1
1.1.5.43979.15.4
1.1.5.44055.10.1.5
1.1.5.44100.9.1.5.21
1.1.5.44111.9.1.4.2.1
1.1.5.44122.3
1.1.5.44161.5.1.7.20
1.1.5.44161.5.1.8.1.12.1.8
1.1.5.44363.10.2.4
1.1.5.44405.41.1.4
1.1.5.44433.5.1.4.1.4.3
1.1.5.44451.5.1.9
1.1.5.44461.5.1.6.6
1.1.5.44493.22.1.10.9
1.1.5.44507.5.1
1.1.5.44541.15.2
1.1.5.44595.13
1.1.5.44695.29.3.29
1.1.5.44745.5.1.14.1.1.3.17
1.1.5.44777.5.1.4
1.1.5.44790.23.1.38
1.1.5.44998.13.1.4.9
1.1.5.45042.14.2.7.22.11.4
1.1.5.45186.5.1.2.2.4
1.1.5.45216.5.1.1.1.1
1.1.5.45269.5.1
1.1.5.45373.5.1.3.3.8.7
1.1.5.45405.49.4.6.1.18.2.3.10
1.1.5.45429.13.2.6
1.1.5.45552.5.1.8.5
1.1.5.45572.24.9
1.1.5.45576.10.1.8.14
1.1.5.45680.5.1.1.3.33
1.1.5.45696.3
1.1.5.45725.9.1.25
1.1.5.45734.22.3.17
1.1.5.45747.5.1.3.1.31.2
1.1.5.45756.24.1.13
1.1.5.45796.8.3.4
1.1.5.45810.20.3.9
1.1.5.45850.10.2.10
1.1.5.45919.19.1.14
1.1.5.45973.5.1.2.14.9.2.8
1.1.5.46030.5.1.1.1.5.4.12
1.1.5.46062.27.1.15.5
1.1.5.46092.9.1.7
1.1.5.46125.5.1.1
1.1.5.46165.5.1.1.41.35.1.5
1.1.5.46227.9.2.12.7.14
1.1.5.46264.19.4.9
1.1.5.46276.24.1.19.6
1.1.5.46291.15.3.12
1.1.5.46313.5.1.8.3
1.1.5.46368.21.4.8.10
1.1.5.46571.49
1.1.5.46619.27.2.14.7.7.2
1.1.5.46770.5.1
1.1.5.46777.20.2.4.7
1.1.5.46910.25.1.11
1.1.5.46943.14.3.13.9
1.1.5.47046.13.1.18.14
1.1.5.47059.32.1.10.2
1.1.5.47094.14.3.6.4.26
1.1.5.47138.5.1
1.1.5.47177.5.1.7.1.1.1
1.1.5.47284.18.1.28.2
1.1.5.47301.15.2.5.7.18.1
1.1.5.47322.3
1.1.5.47402.3
1.1.5.47437.21.1.12.24
1.1.5.47462.5.1.5
1.1.5.47486.15.2.9.4
1.1.5.47520.5.1.9.2
1.1.5.47549.5.1.15
1.1.5.47659.5.1.1
1.1.5.47811.16.2.7
1.1.5.47880.35.2.4
1.1.5.48027.5.1.1
1.1.5.48035.10.2.8
1.1.5.48063.5.1
1.1.5.48070.5.1.6
1.1.5.48151.15.2.5
1.1.5.48155.5.1.24
1.1.5.48173.5.1.7.7
1.1.5.48177.5.1.7.2.3.2
1.1.5.48211.13.2.8.1.5.2
1.1.5.48231.29.3.13
1.1.5.48237.19.5.17.1
1.1.5.48246.23.3.9.3
1.1.5.48257.8.3.4
1.1.5.48275.5.1.10.6.14.3
1.1.5.48316.5.1.3.5.10.1
1.1.5.48422.10.1.4.1
1.1.5.48499.8.2.8
1.1.5.48510.5.1.2.1.3.1.7
1.1.5.48569.5.1.14.1.23.5
1.1.5.48596.9.1.15.11
1.1.5.48680.5.1.1.1.5
1.1.5.48682.11.1.12
1.1.5.48725.15.1.7
1.1.5.48755.11.1.8.6
1.1.5.48898.22.1.15.9
1.1.5.48935.5.1.3
1.1.5.48953.26
1.1.5.49048.5.1.1
1.1.5.49084.27.4.21.1.2.2.7
1.1.5.49088.14.2.15
1.1.5.49110.5.1
1.1.5.49128.27.2.12.2.2
1.1.5.49174.31.3.7.2.6
1.1.5.49271.18.2.7.2.8.1
1.1.5.49273.5.1.5.3.6.2
1.1.5.49314.15.4
1.1.5.49334.16.3.5.2.16.2
1.1.5.49351.3
1.1.5.49380.10.1.5
1.1.5.49442.9.1.4.2.1
1.1.5.49453.3
1.1.5.49499.5.1.7.28
1.1.5.49499.5.1.8.1.17.1.5
1.1.5.49698.10.2.4
1.1.5.49778.5.1.4.1.7.1.3.15
1.1.5.49792.5.1.3.2.17
1.1.5.49804.5.1.6.6
1.1.5.49834.5.1.3.20.40
1.1.5.49922.10.1.5
1.1.5.49941.13
1.1.5.49993.19.2.10.4
1.1.5.50028.17.5.8
1.1.5.50032.15.1
1.1.5.50053.9.1.4
1.1.5.50066.5.1.1.1.8.2.11
1.1.5.50116.20.1.13.3
1.1.5.50158.5.1.4
1.1.5.50171.23.1.38
1.1.5.50253.5.1.3.1
1.1.5.50388.13.1.4.9
1.1.5.50527.5.1.4.3.34
1.1.5.50531.23.1.14.18
1.1.5.50553.5.1.2.2.4
1.1.5.50566.9.1.4
1.1.5.50611.16.2.14
1.1.5.50616.25.3.11.12
1.1.5.50636.5.1
1.1.5.50647.5.1.3
1.1.5.50742.5.1.3.3.8.7
1.1.5.50772.49.4.6.1.18.2.3.11
1.1.5.50796.13.2.6
1.1.5.50907.10.3.12
1.1.5.50922.25.1.12
1.1.5.50934.5.1
1.1.5.50957.10.1.8.21
1.1.5.51051.5.1.1.3.33
1.1.5.51067.3
1.1.5.51105.22.3.17
1.1.5.51118.5.1.3.1.61.2
1.1.5.51127.24.1.13
1.1.5.51168.31.1.15
1.1.5.51191.12.1.8.2
1.1.5.51228.10.2.10
1.1.5.51269.20.2.4
1.1.5.51274.30.2.10.9.16.3
1.1.5.51283.6
1.1.5.51300.43.2
1.1.5.51401.5.1.1.1.5.4.12
1.1.5.51549.31.3.14
1.1.5.51612.9.2.12.7.14
1.1.5.51649.19.4.9
1.1.5.51669.5.1.16.21.25
1.1.5.51772.25.3.15
1.1.5.51799.8.1.9
1.1.5.52009.27.2.14.7.7.2
1.1.5.52152.38.3.5.6.2.3
1.1.5.52181.6
1.1.5.52330.5.1.1.13
1.1.5.52331.5.1.4.16.17
1.1.5.52467.13.1.23.14
1.1.5.52480.32.1.10.2
1.1.5.52515.14.3.6.4.26
1.1.5.52607.5.1.7.1.1.1
1.1.5.52731.11.2.10
1.1.5.52871.13.4.30.1.1.1.12
1.1.5.52879.5.1.3.1
1.1.5.52886.5.1.3.1.4.8.29
1.1.5.52891.15.2.11
1.1.5.52943.9.2.4
1.1.5.52945.17.1.6
1.1.5.52981.24.2.5.6.9
1.1.5.53082.48.1.4.18
1.1.5.53235.5.1.11.1.6
1.1.5.53300.35.2.4
1.1.5.53448.5.1.1
1.1.5.53456.10.2.8
1.1.5.53484.5.1
1.1.5.53491.5.1.6
1.1.5.53596.5.1.21.2.20.6.2
1.1.5.53659.5.1
1.1.5.53686.29.3.13
1.1.5.53692.19.5.17.1
1.1.5.53701.23.3.9.3
1.1.5.53712.8.3.4
1.1.5.53730.5.1.10.6.14.3
1.1.5.53803.5.1.11.1.3.1
1.1.5.53856.10.1.4.1
1.1.5.53959.28.1.26
1.1.5.53965.5.1.10.1
1.1.5.54021.14.2.8.4.8.8
1.1.5.54051.9.1.15.11
1.1.5.54142.5.1.3.1.2.5.14
1.1.5.54182.15.1.7
1.1.5.54210.11.1.8.6
1.1.5.54353.22.1.15.9
1.1.5.54390.5.1.3
1.1.5.54408.26
1.1.5.54439.5.1
1.1.5.54518.5.1.1.1.19
1.1.5.54540.27.4.21.1.2.2.7
1.1.5.54544.14.2.15
1.1.5.54577.12.6.12.18
1.1.5.54623.31.3.7.2.6
1.1.5.54738.18.2.7.2.8.1
1.1.5.54740.5.1.5.3.6.2
1.1.5.54768.5.1
1.1.5.54785.15.4
1.1.5.54854.10.1.5
1.1.5.54900.9.1.5.21
1.1.5.54911.9.1.4.2.1
1.1.5.54922.3
1.1.5.54973.3
1.1.5.54973.5.1.8
1.1.5.55009.28.2.13.4.9
1.1.5.55068.30.1.13
1.1.5.55175.10.2.4
1.1.5.55246.10.1.5.5.8
1.1.5.55256.5.1.3.2.6.6.16
1.1.5.55291.12.3.4.10
1.1.5.55381.5.1.2.5.16.1
1.1.5.55404.32.2.20.6
1.1.5.55465.5.1.10.2.6.1.2
1.1.5.55477.5.1.1.4
1.1.5.55497.29.3.29
1.1.5.55549.20.1.13.3
1.1.5.55591.5.1.4
1.1.5.55604.23.1.38
1.1.5.55689.5.1.3.1
1.1.5.55814.13.1.4.9
1.1.5.55874.5.1
1.1.5.55992.5.1.2.2.4
1.1.5.56005.9.1.4
1.1.5.56050.16.2.14
1.1.5.56055.25.3.11.12
1.1.5.56192.5.1.3.3.8.7
1.1.5.56223.49.4.6.1.18.2.3.9
1.1.5.56246.17.2.4.8
1.1.5.56380.5.1.8.5
1.1.5.56403.18.1.4.1
1.1.5.56429.9.2.4
1.1.5.56520.5.1.2.7.14.2.11
1.1.5.56544.9.1.25
1.1.5.56553.22.3.17
1.1.5.56566.5.1.3.1.31.2
1.1.5.56575.24.1.13
1.1.5.56617.8.3.4
1.1.5.56641.12.1.8.2
1.1.5.56678.10.2.10
1.1.5.56747.19.1.14
1.1.5.56804.5.1.3.5.13.1
1.1.5.56904.5.1.3
1.1.5.56944.9.1.7
1.1.5.56982.5.1.1
1.1.5.57064.5.1.3.3
1.1.5.57094.15.2.9.1.22.5.19.5
1.1.5.57150.5.1.16.24.34
1.1.5.57238.25.3.15
1.1.5.57265.8.1.9
1.1.5.57466.27.2.14.7.7.2
1.1.5.57614.5.1
1.1.5.57621.20.2.4.7
1.1.5.57697.5.1
1.1.5.57734.14.1.11.8
1.1.5.57749.5.1.1.13
1.1.5.57750.5.1.4.16.17
1.1.5.57783.5.1.2.1.24
1.1.5.57876.13.1.18.14
1.1.5.57910.5.1.9.10.17.7.12
1.1.5.57962.5.1
1.1.5.58004.5.1.7.1.1.1
1.1.5.58046.11.1.4.1
1.1.5.58070.12.3.4
1.1.5.58150.3
1.1.5.58230.3
1.1.5.58265.21.1.12.20
1.1.5.58290.5.1.5
1.1.5.58314.15.2.9.4
1.1.5.58346.5.1.9.2
1.1.5.58384.5.1.13
1.1.5.58490.48.1.4.18
1.1.5.58496.15.2
1.1.5.58537.16.2.7.1
1.1.5.58538.3
1.1.5.58542.11.1.9
1.1.5.58654.5.1.11.1.6
1.1.5.58722.35.2.4
1.1.5.58865.5.1.1
1.1.5.58873.10.2.8
1.1.5.58904.39.1.20
1.1.5.58906.17.1.4.2
1.1.5.59020.5.1.21.2.20.6.2
1.1.5.59039.5.1.7.7
1.1.5.59043.5.1.7.2.3.2
1.1.5.59071.22.3.6.1.1.1
1.1.5.59091.29.3.13
1.1.5.59097.19.5.17.1
1.1.5.59105.15.3.7.1.4.3.8.11
1.1.5.59153.16.2
1.1.5.59168.28.1.18
1.1.5.59189.20.1.13
1.1.5.59247.3
1.1.5.59273.10.1.4.1
1.1.5.59359.3
1.1.5.59378.19.1.8.4
1.1.5.59392.10.1.7.2
1.1.5.59436.5.1.15.1.23.4
1.1.5.59463.9.1.15.11
1.1.5.59549.5.1.1.1.5
1.1.5.59551.11.1.12
1.1.5.59610.11.1.8.6
1.1.5.59739.5.1
1.1.5.59778.53.1.9.8
1.1.5.59858.5.1.8
1.1.5.59902.5.1.1.1.19
1.1.5.59929.11.2.4
1.1.5.59966.12.6.12.18
1.1.5.60012.31.3.7.2.6
1.1.5.60109.18.2.7.2.8.1
1.1.5.60111.5.1.5.3.6.2
1.1.5.60137.5.1
1.1.5.60220.10.1.5
1.1.5.60253.9.1.5.20
1.1.5.60264.9.1.4.2.1
1.1.5.60275.3
1.1.5.60320.5.1.7.28
1.1.5.60320.5.1.8.1.17.1.5
1.1.5.60519.10.2.4
1.1.5.60565.41.1.4
1.1.5.60591.10.1.5.5.7
1.1.5.60824.24.2.14.7.39.1.6
1.1.5.60830.19.2
1.1.5.60852.69.1.4
1.1.5.60861.29.3.23
1.1.5.60911.20.1.13.3
1.1.5.60953.5.1.4
1.1.5.60966.23.1.38
1.1.5.61043.5.1.3.1
1.1.5.61185.13.1.4.9
1.1.5.61229.14.2.7.22.11.4
1.1.5.61364.5.1.2.2.4
1.1.5.61377.9.1.4
1.1.5.61422.16.2.14
1.1.5.61427.25.3.11.12
1.1.5.61566.5.1.3.3.8.7
1.1.5.61596.49.4.6.1.18.2.3.8
1.1.5.61620.13.2.6
1.1.5.61737.10.3.12
1.1.5.61782.24.9
1.1.5.61786.10.1.8.14
1.1.5.61894.9.1.4.8
1.1.5.61901.5.1.4.2.3.1
1.1.5.61919.9.1.25
1.1.5.61928.22.3.17
1.1.5.61941.5.1.3.1.31.2
1.1.5.61948.14.2.7.1
1.1.5.61993.8.3.4
1.1.5.62007.20.3.9
1.1.5.62034.10.2.8
1.1.5.62057.10.2.10
1.1.5.62095.10.1.4.1
1.1.5.62105.20.2.4
1.1.5.62110.30.2.10.9.39.3
1.1.5.62120.6
1.1.5.62137.43.2
1.1.5.62270.27.1.15.5
1.1.5.62343.5.1.1
1.1.5.62382.5.1.1.7.28.1.2
1.1.5.62441.9.2.12.7.14
1.1.5.62478.19.4.9
1.1.5.62490.24.1.19.6
1.1.5.62505.5.1.14
1.1.5.62589.25.3.15
1.1.5.62616.8.1.9
1.1.5.62828.27.2.14.7.7.2
1.1.5.62958.38.3.5.6.2.3
1.1.5.62990.5.1
1.1.5.62993.13.3.13.14
1.1.5.63114.14.1.11.8
1.1.5.63129.5.1.1.13
1.1.5.63130.5.1.4.16.17
1.1.5.63163.5.1.2.1.2
1.1.5.63260.13.1.18.14
1.1.5.63272.12.1.11.3
1.1.5.63307.14.3.6.4.26
1.1.5.63355.5.1
1.1.5.63434.26.2.9
1.1.5.63462.12.3.4
1.1.5.63498.18.1.28.2
1.1.5.63515.15.2.5.7.18.1
1.1.5.63535.3
1.1.5.63648.13.4.30.1.1.1.12
1.1.5.63656.5.1.3.1
1.1.5.63663.5.1.3.1.4.8.29
1.1.5.63668.15.2.11
1.1.5.63724.5.1.9.2
1.1.5.63752.19.2.15.6
1.1.5.63857.10.1.13.11.3
1.1.5.63888.5.1.2.5.10
1.1.5.63898.5.1.1
1.1.5.64231.5.1.1
1.1.5.64239.10.2.8
1.1.5.64267.5.1
1.1.5.64274.5.1.6
1.1.5.64365.60.1.9
1.1.5.64406.5.1.13.5.8
1.1.5.64418.5.1.2.9.49.1
1.1.5.64463.5.1
1.1.5.64490.29.3.13
1.1.5.64496.19.5.17.1
1.1.5.64505.23.3.9.3
1.1.5.64516.8.3.4
1.1.5.64534.5.1.10.6.14.3
1.1.5.64659.10.1.4.1
1.1.5.64744.8.2.8
1.1.5.64755.5.1.2.1.3.1.7
1.1.5.64810.14.2.8.4.8.8
1.1.5.64840.9.1.15.11
1.1.5.64925.5.1.1.1.5
1.1.5.64927.11.1.12
1.1.5.64970.15.1.7
1.1.5.64996.11.1.8.6
1.1.5.65126.5.1
1.1.5.65134.5.1.10.10.16.6.10
1.1.5.65163.12
1.1.5.65281.5.1.1.1.19
1.1.5.65303.27.4.21.1.2.2.7
1.1.5.65307.14.2.15
1.1.5.65339.27.2.12.2.2
1.1.5.65385.31.3.7.2.6
1.1.5.65501.18.2.7.2.8.1
1.1.5.65503.5.1.5.3.6.2
1.1.5.65531.5.1
1.1.5.65610.10.1.5
1.1.5.65656.9.1.5.21
1.1.5.65667.9.1.4.2.1
1.1.5.65678.3
1.1.5.65708.3
1.1.5.65708.5.1.8
1.1.5.65744.28.2.13.4.9
1.1.5.65803.30.1.13
1.1.5.65918.10.2.4
1.1.5.65990.23.2.8.1
1.1.5.66009.5.1.9
1.1.5.66019.5.1.6.6
1.1.5.66054.18.2.12.11.8
1.1.5.66067.5.1
1.1.5.66158.10.1.5
1.1.5.66257.5.1.3.1.7
1.1.5.66289.5.1
1.1.5.66312.13.1.7.4
1.1.5.66360.20.1.13.3
1.1.5.66402.5.1.4
1.1.5.66415.23.1.38
1.1.5.66494.5.1.3.1
1.1.5.66627.13.1.4.9
1.1.5.66687.5.1
1.1.5.66742.17.1.18.1.3.1
1.1.5.66781.13.3.6
1.1.5.66793.5.1
1.1.5.66809.24.1.10.6
1.1.5.66846.5.1.1.1.1
1.1.5.66899.5.1
1.1.5.67000.5.1.3.3.8.7
1.1.5.67031.49.4.6.1.18.2.3.45
1.1.5.67054.17.2.4.8
1.1.5.67163.10.3.12
1.1.5.67215.24.9
1.1.5.67219.10.1.8.14
1.1.5.67327.9.1.4.8
1.1.5.67334.5.1.4.2.3.1
1.1.5.67352.9.1.25
1.1.5.67361.22.3.17
1.1.5.67374.5.1.3.1.31.2
1.1.5.67383.24.1.13
1.1.5.67425.8.3.4
1.1.5.67439.20.3.9
1.1.5.67466.10.2.8
1.1.5.67532.10.1.4.1
1.1.5.67542.20.2.4
1.1.5.67547.30.2.10.9.39.3
1.1.5.67557.6
1.1.5.67574.43.2
1.1.5.67611.5.1.3.5.13.1
1.1.5.67708.27.1.15.5
1.1.5.67775.8.1.4
1.1.5.67826.5.1.1.7.9.1.12
1.1.5.67890.9.2.12.7.14
1.1.5.67936.5.1.16.24.34
1.1.5.68035.25.3.15
1.1.5.68290.22.2.8
1.1.5.68458.5.1
1.1.5.68465.20.2.4.7
1.1.5.68597.5.1.1.13
1.1.5.68598.5.1.4.16.17
1.1.5.68637.5.1.3
1.1.5.68728.13.1.18.14
1.1.5.68740.12.1.11.3
1.1.5.68771.5.1.9.10.17.7.12
1.1.5.68823.5.1
1.1.5.68865.5.1.7.1.1.1
1.1.5.69001.3
1.1.5.69123.21.1.12.22
1.1.5.69148.5.1.5
1.1.5.69172.15.2.9.4
1.1.5.69201.9.2.4
1.1.5.69203.17.1.6
1.1.5.69239.24.2.5.6.9
1.1.5.69340.5.1.1
1.1.5.69341.15.2.11
1.1.5.69349.30.2
1.1.5.69548.35.2.4
1.1.5.69695.5.1.1
1.1.5.69703.10.2.8
1.1.5.69731.5.1
1.1.5.69738.5.1.6
1.1.5.69814.60.1.9
1.1.5.69845.9.1.5.12
1.1.5.69910.5.1.4.4.14
1.1.5.69924.5.1.5.10.29
1.1.5.69933.13.2.9
1.1.5.69944.17.2.11.4.2.4
1.1.5.69944.17.2.11.4.4.2.8.2
1.1.5.70014.5.1.3.5.10.1
1.1.5.70111.10.1.4.1
1.1.5.70148.10.2.12.7.10
1.1.5.70188.3
1.1.5.70207.19.1.8.4
1.1.5.70221.10.1.7.2
1.1.5.70262.8.1.7
1.1.5.70268.5.1.7.3
1.1.5.70424.15.1.7
1.1.5.70452.11.1.8.6
1.1.5.70579.5.1
1.1.5.70618.53.1.9.8
1.1.5.70743.25.2.15.5.22
1.1.5.70771.11.2.4
1.1.5.70805.12.6.12.18
1.1.5.70851.31.3.7.2.6
1.1.5.70959.18.2.7.2.8.1
1.1.5.70961.5.1.5.3.6.2
1.1.5.70989.5.1
1.1.5.71006.15.4
1.1.5.71026.16.3.5.2.16.2
1.1.5.71043.3
1.1.5.71072.10.1.5
1.1.5.71127.9.1.4.2.1
1.1.5.71138.3
1.1.5.71175.5.1.1.10.6.1
1.1.5.71219.28.2.13.4.9
1.1.5.71390.10.2.4
1.1.5.71436.41.1.4
1.1.5.71464.5.1.2.1.4.3.5.16
1.1.5.71474.18.2.8.6.12.6.30
1.1.5.71514.18.2.12.11.8
1.1.5.71527.5.1
1.1.5.71574.15.2
1.1.5.71628.13
1.1.5.71680.19.2.10.4
1.1.5.71740.29.3.29
1.1.5.71792.20.1.13.3
1.1.5.71825.5.1
1.1.5.71841.5.1.2
1.1.5.71920.5.1.3.1
1.1.5.72050.13.1.4.9
1.1.5.72094.14.2.7.22.11.4
1.1.5.72166.17.1.18.1.3.1
1.1.5.72205.13.3.6
1.1.5.72217.5.1
1.1.5.72231.15.3.8
1.1.5.72244.9.1.4
1.1.5.72410.5.1.3.3.8.7
1.1.5.72441.49.4.6.1.18.2.3.9
1.1.5.72464.17.2.4.8
1.1.5.72572.10.3.12
1.1.5.72615.24.9
1.1.5.72619.10.1.8.14
1.1.5.72715.5.1.1.3.27
1.1.5.72732.3
1.1.5.72761.9.1.25
1.1.5.72770.22.3.17
1.1.5.72783.5.1.3.1.31.2
1.1.5.72792.24.1.13
1.1.5.72834.8.3.4
1.1.5.72858.12.1.8.2
1.1.5.72909.10.2.10
1.1.5.73102.5.1.1.1.5.4.12
1.1.5.73214.8.1.4
1.1.5.73320.9.2.12.7.14
1.1.5.73353.19.4.9
1.1.5.73365.24.1.19.6
1.1.5.73464.25.3.15
1.1.5.73491.8.1.9
1.1.5.73687.9.5.8
1.1.5.73699.5.1.4.1
1.1.5.73857.5.1
1.1.5.73864.20.2.4.7
1.1.5.73997.5.1.1.13
1.1.5.73998.5.1.4.16.17
1.1.5.74037.5.1.3
1.1.5.74144.13.1.18.14
1.1.5.74156.12.1.11.3
1.1.5.74188.5.1.9.10.17.7.12
1.1.5.74240.5.1
1.1.5.74279.5.1.7.1.1.1
1.1.5.74344.17.2.15.1
1.1.5.74375.18.1.28.2
1.1.5.74392.15.2.5.7.18.1
1.1.5.74489.3
1.1.5.74524.21.1.12.21
1.1.5.74549.5.1.5
1.1.5.74573.15.2.9.4
1.1.5.74606.5.1.9.2
1.1.5.74635.5.1.15
1.1.5.74747.5.1.1
1.1.5.74748.15.2.11
1.1.5.74756.30.2
1.1.5.74887.5.1.11.1.6
1.1.5.74955.35.2.4
1.1.5.75103.5.1.1
1.1.5.75111.10.2.8
1.1.5.75145.39.1.20
1.1.5.75147.17.1.4.2
1.1.5.75261.5.1.21.2.20.6.2
1.1.5.75280.5.1.7.7
1.1.5.75284.5.1.7.2.3.2
1.1.5.75312.22.3.6.1.1.1
1.1.5.75332.29.3.13
1.1.5.75338.19.5.17.1
1.1.5.75347.23.3.9.3
1.1.5.75358.8.3.4
1.1.5.75376.5.1.10.6.14.3
1.1.5.75389.16.2
1.1.5.75404.28.1.18
1.1.5.75425.20.1.13
1.1.5.75517.10.1.4.1
1.1.5.75550.10.2.12.7.10
1.1.5.75607.28.4.23.2.2
1.1.5.75669.5.1.16.12
1.1.5.75699.9.1.15.11
1.1.5.75779.5.1.3.5.8.5.27
1.1.5.75820.15.1.7
1.1.5.75844.11.1.8.6
1.1.5.75939.27.1.12
1.1.5.75969.5.1
1.1.5.76008.5.1.1.1.2.4.8
1.1.5.76053.5.1
1.1.5.76085.13.2.7.2.23.1.4
1.1.5.76125.5.1.1.1.19
1.1.5.76147.27.4.21.1.2.2.7
1.1.5.76151.14.2.15
1.1.5.76173.5.1
1.1.5.76192.12.6.12.18
1.1.5.76238.31.3.7.2.6
1.1.5.76337.18.2.7.2.8.1
1.1.5.76339.5.1.5.3.6.2
1.1.5.76367.5.1
1.1.5.76402.17.2.9.20.6.1
1.1.5.76419.3
1.1.5.76443.10.1.5
1.1.5.76489.9.1.5.21
1.1.5.76500.9.1.4.2.1
1.1.5.76511.3
1.1.5.76548.5.1.1.10.6.1
1.1.5.76592.28.2.13.4.9
1.1.5.76651.30.1.13
1.1.5.76758.10.2.4
1.1.5.76830.5.1.5.1.13.1.18.29
1.1.5.76848.5.1.9
1.1.5.76885.5.1.3.20.44
1.1.5.76898.5.1
1.1.5.76990.10.1.5
1.1.5.77029.14.2.6.2.2
1.1.5.77095.5.1.3.1.7
1.1.5.77141.13.1.7.4
1.1.5.77186.20.1.13.3
1.1.5.77228.5.1.4
1.1.5.77241.23.1.38
1.1.5.77320.5.1.3.1
1.1.5.77455.13.1.4.9
1.1.5.77515.5.1
1.1.5.77597.13.3.6
1.1.5.77609.5.1
1.1.5.77623.15.3.8
1.1.5.77651.5.1.1.1.1
1.1.5.77704.5.1
1.1.5.77809.5.1.3.3.8.7
1.1.5.77840.49.4.6.1.18.2.3.32
1.1.5.77863.17.2.4.8
1.1.5.78005.24.9
1.1.5.78009.10.1.8.14
1.1.5.78070.23
1.1.5.78128.5.1.22
1.1.5.78152.9.1.25
1.1.5.78161.22.3.17
1.1.5.78174.5.1.3.1.31.2
1.1.5.78183.24.1.13
1.1.5.78249.20.3.9
1.1.5.78276.10.2.8
1.1.5.78299.10.2.10
1.1.5.78428.5.1.3.5.13.1
1.1.5.78515.5.1.1.7.9.5
1.1.5.78516.5.1.2
1.1.5.78555.9.1.7
1.1.5.78588.5.1.1
1.1.5.78640.5.1.1.7.9.1.22
1.1.5.78708.15.2.9.1.29.7.5.29
1.1.5.78780.5.1.1
1.1.5.78867.21.4.8.10
1.1.5.79117.9.5.8
1.1.5.79129.5.1.4.1
1.1.5.79288.5.1
1.1.5.79295.20.2.4.7
1.1.5.79415.11.2.4.1.36
1.1.5.79419.3
1.1.5.79458.5.1.3
1.1.5.79559.13.1.18.14
1.1.5.79571.12.1.12.3
1.1.5.79606.14.3.6.4.26
1.1.5.79653.5.1
1.1.5.79692.5.1.7.1.1.1
1.1.5.79736.11.1.4.1
1.1.5.79915.3
1.1.5.79950.21.1.12.21
1.1.5.79975.5.1.5
1.1.5.79999.15.2.9.4
1.1.5.80028.9.2.4
1.1.5.80062.19.2
1.1.5.80067.5.1.1.2.8
1.1.5.80160.10.1.13.11.3
1.1.5.80191.5.1.2.5.10
1.1.5.80245.11.1.9
1.1.5.80365.5.1.11.1.6
1.1.5.80430.35.2.4
1.1.5.80577.5.1.1
1.1.5.80585.10.2.8
1.1.5.80613.5.1
1.1.5.80620.5.1.6
1.1.5.80730.5.1.21.2.20.6.2
1.1.5.80749.5.1.7.7
1.1.5.80753.5.1.7.2.3.2
1.1.5.80781.22.3.6.1.1.1
1.1.5.80801.29.3.13
1.1.5.80807.19.5.17.1
1.1.5.80816.23.3.9.3
1.1.5.80827.8.3.4
1.1.5.80845.5.1.10.6.14.3
1.1.5.80868.5.1.3.1
1.1.5.80912.5.1.11.1.3.1
1.1.5.80957.10.1.4.1
1.1.5.81040.8.2.8
1.1.5.81051.5.1.2.1.3.1.7
1.1.5.81100.5.1.16.12
1.1.5.81127.9.1.15.11
1.1.5.81215.5.1.1.1.5
1.1.5.81217.11.1.12
1.1.5.81260.15.1.7
1.1.5.81291.11.1.8.6
1.1.5.81421.5.1
1.1.5.81475.26
1.1.5.81506.5.1
1.1.5.81578.5.1.1.1.19
1.1.5.81605.11.2.4
1.1.5.81621.5.1.3.13
1.1.5.81638.12.6.12.18
1.1.5.81684.31.3.7.2.6
1.1.5.81783.18.2.7.2.8.1
1.1.5.81785.5.1.5.3.6.2
1.1.5.81813.5.1
1.1.5.81897.10.1.5
1.1.5.81952.9.1.4.2.1
1.1.5.81963.3
1.1.5.82009.3
1.1.5.82009.5.1.8
1.1.5.82045.28.2.13.4.9
1.1.5.82220.10.2.4
1.1.5.82290.5.1.4.1.4.3
1.1.5.82308.5.1.9
1.1.5.82318.5.1.6.6
1.1.5.82352.13.2.14.3.4
1.1.5.82359.5.1
1.1.5.82535.5.1.3.1.7
1.1.5.82542.19.2
1.1.5.82562.29.3.29
1.1.5.82615.20.1.13.3
1.1.5.82657.5.1.4
1.1.5.82670.23.1.38
1.1.5.82746.21.2.15
1.1.5.82749.17.1.12
1.1.5.82867.13.1.4.9
1.1.5.82908.17.2.10.1
1.1.5.82915.14.2.7.12.6.8
1.1.5.83055.5.1.2.2.4
1.1.5.83068.9.1.4
1.1.5.83113.16.2.14
1.1.5.83118.25.3.11.12
1.1.5.83247.5.1.3.3.8.7
1.1.5.83277.49.4.6.1.18.2.3.12
1.1.5.83294.5.1.12.3.11
1.1.5.83353.10.3.8
1.1.5.83368.21.2.10.7.12.3
1.1.5.83451.24.9
1.1.5.83455.10.1.8.14
1.1.5.83570.5.1.22
1.1.5.83594.9.1.25
1.1.5.83603.22.3.17
1.1.5.83616.5.1.3.1.31.2
1.1.5.83625.24.1.13
1.1.5.83667.8.3.4
1.1.5.83681.20.3.9
1.1.5.83708.10.2.8
1.1.5.83735.10.2.10
1.1.5.83773.10.1.4.1
1.1.5.83782.20.2.4
1.1.5.83787.30.2.10.9.16.3
1.1.5.83925.5.1.1.1.5.4.12
1.1.5.83960.5.1.3
1.1.5.84038.5.1.2.2
1.1.5.84138.9.2.12.7.14
1.1.5.84175.19.4.9
1.1.5.84187.24.1.19.6
1.1.5.84270.45.3.40
1.1.5.84297.8.1.9
1.1.5.84520.3
1.1.5.84685.5.1
1.1.5.84692.20.2.4.7
1.1.5.84794.19.2
1.1.5.84817.5.1.1.13
1.1.5.84818.5.1.4.16.17
1.1.5.84959.13.1.18.14
1.1.5.84971.5.1.4.4.5.2.3
1.1.5.85003.5.1.9.10.17.7.12
1.1.5.85079.5.1.7.1.1.1
1.1.5.85200.5.1.6.1
1.1.5.85342.10.1.13.4
1.1.5.85345.15.2.28
1.1.5.85400.5.1.9.2
1.1.5.85429.5.1.15
1.1.5.85499.9.1.15.6
1.1.5.85552.43.2.8.8
1.1.5.85554.59.2.14
1.1.5.85700.5.1.11.1.6
1.1.5.85767.35.2.4
1.1.5.85925.5.1.1
1.1.5.85933.10.2.8
1.1.5.85967.39.1.20
1.1.5.85969.17.1.4.2
1.1.5.86092.5.1.21.2.20.6.2
1.1.5.86111.5.1.7.7
1.1.5.86115.5.1.7.2.3.2
1.1.5.86149.13.2.8.1.5.2
1.1.5.86169.29.3.13
1.1.5.86175.19.5.17.1
1.1.5.86184.23.3.9.3
1.1.5.86195.8.3.4
1.1.5.86213.5.1.10.6.14.3
1.1.5.86226.16.2
1.1.5.86241.28.1.18
1.1.5.86262.20.1.13
1.1.5.86348.10.1.4.1
1.1.5.86385.10.2.12.7.10
1.1.5.86435.28.4.23.2.2
1.1.5.86494.5.1.2.1.1.1
1.1.5.86498.5.1.2.2.7.1.4.43
1.1.5.86526.9.1.15.11
1.1.5.86620.5.1.1.1.5
1.1.5.86622.11.1.12
1.1.5.86691.11.1.8.6
1.1.5.86819.5.1
1.1.5.86872.26
1.1.5.86934.5.1.8
1.1.5.86978.5.1.1.1.19
1.1.5.87000.27.4.21.1.2.2.7
1.1.5.87004.14.2.15
1.1.5.87038.27.2.12.2.2
1.1.5.87084.31.3.7.2.6
1.1.5.87199.18.2.7.2.8.1
1.1.5.87201.5.1.5.3.6.2
1.1.5.87229.5.1
1.1.5.87253.23
1.1.5.87302.10.1.5
1.1.5.87340.9.1.5.21
1.1.5.87351.9.1.4.2.1
1.1.5.87362.3
1.1.5.87399.5.1.1.10.6.1
1.1.5.87443.28.2.13.4.9
1.1.5.87625.10.2.4
1.1.5.87698.5.1.2.1.4.3.5.15
1.1.5.87709.11.2.8.8.8
1.1.5.87710.16.5.7.1
1.1.5.87746.5.1.3.20.40
1.1.5.87860.14.2.6.2.2
1.1.5.87925.24.2.14.7.39.1.6
1.1.5.87931.19.2
1.1.5.87954.29.3.29
1.1.5.88006.20.1.13.3
1.1.5.88048.5.1.4
1.1.5.88061.23.1.38
1.1.5.88079.5.1.4.2
1.1.5.88133.5.1.3.1
1.1.5.88278.13.1.4.9
1.1.5.88419.13.3.6
1.1.5.88431.5.1
1.1.5.88445.15.3.8
1.1.5.88637.5.1.3.3.8.7
1.1.5.88668.49.4.6.1.18.2.3.55
1.1.5.88685.22.2.19.1.1
1.1.5.88813.5.1.8.5
1.1.5.88833.24.9
1.1.5.88837.10.1.8.14
1.1.5.88932.5.1.1.3.31
1.1.5.88952.9.1.4.13
1.1.5.88959.5.1.4.2.3.1
1.1.5.88977.9.1.25
1.1.5.88986.22.3.17
1.1.5.88999.5.1.3.1.31.2
1.1.5.89008.24.1.13
1.1.5.89052.39.2.16.4.27
1.1.5.89071.12.1.8.2
1.1.5.89120.10.2.10
1.1.5.89158.10.1.4.1
1.1.5.89168.20.2.4
1.1.5.89173.30.2.10.9.39.3
1.1.5.89183.6
1.1.5.89200.43.2
1.1.5.89237.5.1.3.5.13.1
1.1.5.89300.5.1.1.1.5.4.12
1.1.5.89422.8.1.4
1.1.5.89460.5.1.1.7.28.1.2
1.1.5.89525.15.2.9.1.29.7.5.16
1.1.5.89661.21.4.8.10
1.1.5.89934.27.2.14.7.7.2
1.1.5.90091.5.1
1.1.5.90098.20.2.4.7
1.1.5.90221.5.1.1.13
1.1.5.90222.5.1.4.16.17
1.1.5.90261.5.1.3
1.1.5.90356.13.1.18.14
1.1.5.90368.12.1.12.3
1.1.5.90394.5.1.9.10.17.7.12
1.1.5.90441.5.1
1.1.5.90520.11.1.9.3
1.1.5.90541.12.3.4
1.1.5.90745.5.1.5
1.1.5.90769.15.2.9.4
1.1.5.90803.5.1.9.2
1.1.5.90856.5.1
1.1.5.90970.43.2.8.8
1.1.5.90972.59.2.14
1.1.5.90979.5.1
1.1.5.91113.5.1.11.1.6
1.1.5.91181.35.2.4
1.1.5.91327.5.1.1
1.1.5.91335.10.2.8
1.1.5.91363.5.1
1.1.5.91370.5.1.6
1.1.5.91458.60.1.9
1.1.5.91486.15.2.5
1.1.5.91490.5.1.24
1.1.5.91567.5.1
1.1.5.91594.29.3.13
1.1.5.91600.19.5.17.1
1.1.5.91626.8.3.4
1.1.5.91644.5.1.10.6.14.3
1.1.5.91685.5.1.3.5.10.1
1.1.5.91791.10.1.4.1
1.1.5.91890.28.4.23.2.2
1.1.5.91954.5.1.15.1.23.4
1.1.5.91981.9.1.15.11
1.1.5.92070.5.1.1.1.5
1.1.5.92072.11.1.12
1.1.5.92127.11.1.8.6
1.1.5.92185.17.2.5.6
1.1.5.92268.22.1.15.9
1.1.5.92305.5.1.3
1.1.5.92323.26
1.1.5.92345.5.1
1.1.5.92382.5.1.8
1.1.5.92431.25.2.15.5.22
1.1.5.92461.5.1.9.1.2.2.3
1.1.5.92465.14.2.15
1.1.5.92487.5.1
1.1.5.92506.12.6.12.18
1.1.5.92551.5.1.1.17.6
1.1.5.92607.5.1.10
1.1.5.92650.18.2.7.2.8.1
1.1.5.92652.5.1.5.3.6.2
1.1.5.92680.5.1
1.1.5.92697.15.4
1.1.5.92741.3
1.1.5.92765.10.1.5
1.1.5.92811.9.1.5.21
1.1.5.92822.9.1.4.2.1
1.1.5.92833.3
1.1.5.92874.3
1.1.5.92874.5.1.8
1.1.5.92910.28.2.13.4.9
1.1.5.93081.10.2.4
1.1.5.93162.5.1.4.1.7.1.3.27
1.1.5.93176.5.1.3.2.17
1.1.5.93188.5.1.6.6
1.1.5.93222.13.2.14.3.4
1.1.5.93229.5.1
1.1.5.93321.10.1.5
1.1.5.93398.19.2.10.4
1.1.5.93433.15.1.13.15
1.1.5.93443.12.1.4
1.1.5.93468.11.1.4.9
1.1.5.93515.20.1.13.3
1.1.5.93557.5.1.4
1.1.5.93570.23.1.38
1.1.5.93650.5.1.3.1
1.1.5.93775.13.1.4.9
1.1.5.93819.14.2.7.22.11.4
1.1.5.93894.17.1.18.1.3.1
1.1.5.93937.23.1.14.18
1.1.5.93962.5.1.2.2.4
1.1.5.94022.16.2.14
1.1.5.94027.25.3.11.12
1.1.5.94146.5.1.3.3.8.7
1.1.5.94176.49.4.6.1.18.2.3.14
1.1.5.94199.17.2.4.8
1.1.5.94315.5.1.8.5
1.1.5.94335.24.9
1.1.5.94339.10.1.8.14
1.1.5.94434.5.1.1.3.54
1.1.5.94450.3
1.1.5.94479.9.1.25
1.1.5.94488.22.3.17
1.1.5.94501.5.1.3.1.31.2
1.1.5.94510.24.1.13
1.1.5.94568.12.1.8.2
1.1.5.94617.10.2.10
1.1.5.94654.10.1.4.1
1.1.5.94664.20.2.4
1.1.5.94669.30.2.10.9.39.3
1.1.5.94678.6
1.1.5.94695.43.2
1.1.5.94738.5.1.3.5.13.1
1.1.5.94824.5.1.1.2.9.5
1.1.5.94825.5.1.2
1.1.5.94864.9.1.7
1.1.5.94946.5.1.1.7.9.1.23
1.1.5.95014.15.2.9.1.29.7.5.29
1.1.5.95158.25.3.15
1.1.5.95185.8.1.9
1.1.5.95373.26.1.4
1.1.5.95409.3
1.1.5.95577.5.1
1.1.5.95584.20.2.4.7
1.1.5.95709.5.1.1.13
1.1.5.95710.5.1.4.16.17
1.1.5.95745.5.1.2.1.2
1.1.5.95847.13.1.18.14
1.1.5.95857.5.1.2.1.2.1.11
1.1.5.95886.5.1.9.10.17.7.12
1.1.6.126.3
1.1.6.242.21.1.12.24
1.1.6.267.5.1.5
1.1.6.291.15.2.9.4
1.1.6.321.9.2.4
1.1.6.323.17.1.6
1.1.6.359.24.2.5.6.9
1.1.6.462.5.1.1
1.1.6.463.15.2.11
1.1.6.471.30.2
1.1.6.501.11.1.9
1.1.6.673.35.2.4
1.1.6.819.5.1.1
1.1.6.827.10.2.8
1.1.6.855.5.1
1.1.6.862.5.1.6
1.1.6.957.5.1.21.2.18.6.2
1.1.6.1033.5.1
1.1.6.1060.29.3.13
1.1.6.1066.19.5.17.1
1.1.6.1074.15.3.7.1.4.3.8.12
1.1.6.1174.5.1.11.1.3.1
1.1.6.1228.10.1.4.1
1.1.6.1306.5.1.2.6
1.1.6.1330.28.4.23.2.2
1.1.6.1392.14.2.8.4.8.8
1.1.6.1422.9.1.15.11
1.1.6.1507.5.1.1.1.5
1.1.6.1509.11.1.12
1.1.6.1552.15.1.7
1.1.6.1583.11.1.8.6
1.1.6.1726.22.1.15.9
1.1.6.1760.10.2.19.16
1.1.6.1775.26
1.1.6.1875.14.1.4.6
1.1.6.1942.27.2.12.2.2
1.1.6.1988.31.3.7.2.6
1.1.6.2101.18.2.7.2.8.1
1.1.6.2103.5.1.5.3.6.2
1.1.6.2124.5.1
1.1.6.2203.10.1.5
1.1.6.2249.9.1.5.21
1.1.6.2260.9.1.4.2.1
1.1.6.2271.3
1.1.6.2356.28.2.13.4.9
1.1.6.2527.10.2.4
1.1.6.2605.5.1.4.1.7.1.3.22
1.1.6.2634.18
1.1.6.2663.13.2.14.3.4
1.1.6.2670.5.1
1.1.6.2717.15.2
1.1.6.2778.5.1.16.1.1
1.1.6.2848.5.1.8.9.30.1.22
1.1.6.2874.29.3.29
1.1.6.2924.20.1.13.3
1.1.6.2966.5.1.4
1.1.6.2979.23.1.38
1.1.6.3059.5.1.3.1
1.1.6.3194.13.1.4.9
1.1.6.3235.17.2.10.1
1.1.6.3272.11.1.20
1.1.6.3312.17.1.18.1.3.1
1.1.6.3350.5.1.4.3.38
1.1.6.3376.5.1.2.2.4
1.1.6.3403.5.1.1.1.1
1.1.6.3456.5.1
1.1.6.3560.5.1.3.3.8.7
1.1.6.3591.49.4.6.1.18.2.3.9
1.1.6.3608.22.2.19.1.1
1.1.6.3622.43.3.16.2.6.4
1.1.6.3712.10.3.12
1.1.6.3759.24.9
1.1.6.3763.10.1.8.14
1.1.6.3876.5.1.2.7.28.3.34
1.1.6.3900.9.1.25
1.1.6.3909.22.3.17
1.1.6.3922.5.1.3.1.31.2
1.1.6.3931.24.1.13
1.1.6.3973.8.3.4
1.1.6.3987.20.3.9
1.1.6.4014.10.2.8
1.1.6.4079.10.1.4.1
1.1.6.4089.20.2.4
1.1.6.4094.30.2.10.9.39.3
1.1.6.4103.6
1.1.6.4120.43.2
1.1.6.4157.5.1.3.5.13.1
1.1.6.4247.5.1.1.2.9.5
1.1.6.4248.5.1.2
1.1.6.4324.8.1.4
1.1.6.4379.5.1.1.7.9.1.15
1.1.6.4446.19.1.10.3
1.1.6.4504.5.1.16.24.34
1.1.6.4521.15.3.12
1.1.6.4612.21.4.8.10
1.1.6.4872.9.5.8
1.1.6.4884.5.1.4.1
1.1.6.5042.5.1
1.1.6.5051.5.1
1.1.6.5194.20.1.21.8.7
1.1.6.5198.17.2.10.4
1.1.6.5234.5.1.3
1.1.6.5329.13.1.18.14
1.1.6.5342.32.1.10.2
1.1.6.5373.5.1.9.10.17.7.12
1.1.6.5470.5.1.7.1.1.1
1.1.6.5543.9.1.7.2
1.1.6.5549.12.3.4
1.1.6.5738.13.4.30.1.2
1.1.6.5747.5.1.3.1
1.1.6.5754.5.1.3.1.4.8.29
1.1.6.5759.15.2.11
1.1.6.5814.5.1.9.2
1.1.6.5958.5.1.2.5.10
1.1.6.5973.5.1
1.1.6.5999.11.1.9
1.2.183.6.3.21
1.2.227.2.1.2.2
1.2.479.6.3.4.3
1.2.527.6.3.6.4.20
1.2.545.8.4.4.2.37.2
1.2.594.4.2.3.1.4
1.2.601.2.1.1
1.2.745.2.1.6.5.8
1.2.844.6.3.5.4
1.2.848.2.1.8
1.2.873.8.4.13.6
1.2.885.4.2.6.3
1.2.898.2.1.2.2.7.2
1.2.1172.8.4.11.1.31.5.14
1.2.1309.4.2.2.1.2.2
1.2.1329.6.3.9
1.2.1335.2.1.20.3.12.1
1.2.1416.12.6.21.2.6.3
1.2.1463.12.6.13.1.2
1.2.1536.6.3.3.3.5.1
1.2.1591.6.3.48.1
1.2.1633.2.1.4.1.6
1.2.1733.8.4.27
1.2.1779.6.3.8.2.3.1
1.2.1913.2.1.2.2.5.2
1.2.1947.14.7.26.10
1.2.1950.2.1.1.1.27
1.2.1997.6.3.19.6.27.1.6
1.2.2041.2.1.2.1.12.4
1.2.2120.2.1.2
1.2.2172.22.11.35.9.42
1.2.2233.2.1.1
1.2.2264.12.6.31.1
1.2.2285.4.2.7
1.2.2348.2.1.21.3.11
1.2.2647.2.1
1.2.2704.2.1.16.4
1.2.2787.2.1.2.1
1.2.2877.2.1.13.1.2
1.2.2924.6.3.9.8.34.7.16
1.2.3019.10.5.10.5.25.2
1.2.3336.6.3.7.1.8
1.2.3348.7
1.2.3483.12.6.32.12
1.2.3743.2.1.3.2.3
1.2.3755.4.2.3.2.8.1
1.2.3866.4.2.9.5.10
1.2.3886.4.2.30.1.3.1
1.2.3915.2.1.4
1.2.3972.8.4
1.2.4049.4.2.5.3.5.1
1.2.4072.2.1.1.6.5.1.3
1.2.4212.6.3
1.2.4259.10.5.9.1.8.1.2
1.2.4319.2.1.3.2.6.1
1.2.4528.4.2.3.2.4
1.2.4568.12.6.9.3.9
1.2.4796.4.2.3
1.2.4803.7
1.2.4874.2.1.9.1.6.7
1.2.5065.4.2.2.2
1.2.5074.1
1.2.5130.4.2.7.2.6.2.18.14
1.2.5372.4.2.5
1.2.5389.2.1.9.12
1.2.5406.2.1.6.2
1.2.5445.6.3
1.2.5499.6.3.4.1.8
1.2.5548.6.3
1.2.5843.4.2
1.2.5920.6.3.10.6.14.5.13
1.2.5933.14.7.23.1.1.1.25
1.2.5988.3
1.5.84.8.2.1.2.4.15
1.5.101.5.2.1.3.1
1.5.116.9.2.1.17
1.5.124.8.2.1.8
1.5.183.19.2.1.12
1.5.203.10.2.1.13.1
1.5.237.15.2.1.15.1
1.5.247.7.2.1.10.4.17
1.5.397.6.2.1.5.2.6.2.4
1.5.462.13.2.1.10.4.3.7
1.5.625.8.2.1.15.2.7
1.5.691.16.2.1.3.3.15.6
1.5.824.8.2.1.14.1.1
1.5.826.7.2.1.16.1
1.5.893.16.2.1.8.1
1.5.929.11.2.1.7.1.56.1.20
1.5.933.8.2.1.16.2.71.1.13
1.5.1067.14.2.1.26
1.5.1070.14.2.1
1.5.1073.8.2.1.40.5
1.5.1157.14.2.1.11.3.26
1.5.1175.7.2.1.15.4.10.4.9
1.5.1202.16.2.1.2.2.2.4.9.11
1.5.1239.15.2.1.1
1.5.1342.14.2.1.2
1.5.1524.15.2.1.9.3
1.5.1531.28.2.1.19.2.2.2
1.5.1531.28.2.1.19.2.5.2
1.5.1615.14.2.1
1.5.1649.5.2.1.1
1.5.1755.8.2.1.23.1.9.1.5
1.5.1809.15.2.1.21.8
1.5.1844.5.2.1.21.4
1.5.1953.19.2.1.4.2.16.1
1.5.2044.10.2.1.5.3.3
1.5.2056.11.2.1.5.1.4.1
1.5.2057.12.2.1.2
1.5.2128.6.2.1
1.5.2275.7.2.1.9.2.2.1
1.5.2381.8.2.1.8.7.21
1.5.2718.8.2.1.1.1.1.1
1.5.2725.15.2.1.7.1.14.5
1.5.2832.9.2.1.4.3.21.5.13
1.5.3163.5.2.1.21.2.4.2
1.5.3186.15.2.1.8.5.26.11.2
1.5.3253.8.2.1.3.3
1.5.3377.8.2.1.5.3.36.1
1.5.3394.6.2.1.5
1.5.3495.15.2.1.9.1.6
1.5.3537.6.2.1.2.2
1.5.3548.8.2.1.15.1.2
1.5.3610.6.2.1.1.1.26.5.10
1.5.3643.7.2.1
1.5.3667.9.2.1.9.1.1.1.5
1.5.3777.19.2.1.2
1.5.3920.13.2.1.10.3.11.2
1.5.3941.6.2.1.12.4.13.1.37
1.5.4024.9.2.1.6.3
1.5.4150.11.2.1.24.1.17.1.2
1.5.4162.6.2.1.3.3.11.1.3
1.5.4180.6.2.1.1.1.6.3.10
1.5.4224.9.2.1.3
1.5.4248.21.2.1
1.5.4432.8.2.1
1.5.4440.10.2.1.16
1.5.4501.8.2.1.12.8
1.5.4512.14.2.1.3.9
1.5.4544.7.2.1.24.2
1.5.4675.11.2.1
1.5.4753.22.2.1
1.5.4797.16.2.1.8.9.16
1.5.4935.7.2.1
1.5.5144.5.2.1
1.5.5432.10.2.1.14.1.2.2
1.5.5450.5.2.1.3
1.5.5479.14.2.1.3.3.6.2
1.5.5542.13.2.1.2.1
1.5.5546.15.2.1.15.4
1.5.5694.7.2.1.3.2
1.5.5713.8.2.1.9.6.18.7.23.29
1.5.5779.12.2.1.5.4
1.5.6036.11.2.1.1.1.4.4
1.5.6086.11.2.1
1.5.6180.11.2.1.9.1.4.2
1.5.6325.9.2.1.14.4
1.5.6683.6.2.1
1.5.6694.13.2.1.17.4.13.3
1.5.6787.15.2.1.13.3.4
1.5.6804.7.2.1.11.3.26.1.36
1.5.6860.16.2.1.3.2.11.4
1.5.6907.9.2.1
1.5.6920.8.2.1.12.6.17.2
1.5.6971.13.2.1.8.1
1.5.7121.10.2.1.15.3.4.1
1.5.7251.13.2.1.6
1.5.7264.5.2.1.3.1
1.5.7279.9.2.1.17
1.5.7287.8.2.1.8
1.5.7345.12.2.1.2
1.5.7358.17.2.1.3.4.5.7
1.5.7390.7.2.1.31.7.20
1.5.7510.23.2.1.6.1.13.2
1.5.7544.6.2.1.5.2.6.2.4
1.5.7588.13.2.1.44.4.3.2
1.5.7747.8.2.1.15.2.7
1.5.7810.8.2.1.6.2.6.2
1.5.7818.9.2.1.1.4.8.5
1.5.7991.16.2.1
1.5.8039.16.2.1.8.1
1.5.8075.11.2.1.7.1.56.1.20
1.5.8079.8.2.1.16.2.71.1.13
1.5.8212.12.2.1.13
1.5.8310.8.2.1.6.1.27
1.5.8331.7.2.1.1.1.2.2.3
1.5.8357.16.2.1.2.2.2.4.15.11
1.5.8394.15.2.1.1
1.5.8661.15.2.1.9.3
1.5.8668.28.2.1.19.2.2.2
1.5.8668.28.2.1.19.2.5.2
1.5.8752.14.2.1
1.5.8786.5.2.1.1
1.5.8901.8.2.1.18.1.9.1.11
1.5.8955.15.2.1.21.8
1.5.8992.5.2.1.21.4
1.5.9101.19.2.1.4.2.16.1
1.5.9162.12.2.1.3.3.5.2
1.5.9200.8.2.1.14.10.27.4.5
1.5.9200.8.2.1.15.1
1.5.9250.12.2.1.3
1.5.9271.6.2.1
1.5.9348.6.2.1.4.1.1
1.5.9432.6.2.1.2.2.2.1.28
1.5.9525.8.2.1.8.7.21
1.5.9956.9.2.1.4.3.21.5.13
1.5.10288.8.2.1.3.2
1.5.10308.5.2.1.10
1.5.10377.8.2.1.3.3
1.5.10493.8.2.1.5.3.36.1
1.5.10510.6.2.1.5
1.5.10607.15.2.1.9.1.6
1.5.10713.6.2.1.1.1.26.5.10
1.5.10746.7.2.1
1.5.10770.9.2.1.9.1.1.1.5
1.5.10881.19.2.1.2
1.5.10993.13.2.1.10.3.11.2
1.5.11014.6.2.1.12.4.13.1.37
1.5.11105.8.2.1.7.5
1.5.11210.14.2.1.19
1.5.11241.12.2.1.3.3.6
1.5.11272.9.2.1.3
1.5.11296.21.2.1
1.5.11528.8.2.1.12.8
1.5.11539.14.2.1.3.9
1.5.11566.9.2.1.10.4
1.5.11690.11.2.1
1.5.11765.22.2.1
1.5.11806.16.2.1.8.9.16
1.5.11941.10.2.1.12.1.10.6.9
1.5.11991.7.2.1.2.5.13
1.5.12150.5.2.1
1.5.12382.8.2.1.15.2.4.1
1.5.12445.10.2.1.14.1.2.2
1.5.12463.5.2.1.3
1.5.12492.14.2.1.3.3.6.2
1.5.12554.13.2.1.2.1
1.5.12558.15.2.1.15.4
1.5.12731.7.2.1.3.2.4.7.22.34
1.5.12788.12.2.1.5.4
1.5.13052.11.2.1.1.1.4.4
1.5.13207.11.2.1.9.1.4.2
1.5.13238.7.2.1.22
1.5.13710.7.2.1.11.3.6.2
1.5.13718.6.2.1
1.5.13729.13.2.1.17.4.13.3
1.5.13837.13.2.1.18.3.5
1.5.13921.13.2.1
1.5.13946.8.2.1.10.12.21.2
1.5.14120.14.2.1.27.1
1.5.14161.10.2.1.16.5.16.1
1.5.14298.8.2.1.8
1.5.14317.8.2.1
1.5.14330.7.2.1.3.1.3
1.5.14332.8.2.1.1.3.9.3
1.5.14384.19.2.1.12
1.5.14404.10.2.1.13.1
1.5.14438.15.2.1.15.1
1.5.14448.7.2.1.10.4.17
1.5.14598.6.2.1.5.2.6.2.4
1.5.14642.13.2.1.44.4.3.2
1.5.14805.8.2.1.15.2.7
1.5.14870.16.2.1.3.3.15.6
1.5.15004.6.2.1.2.1
1.5.15080.15.2.1.3.1.16.2.18
1.5.15115.6.2.1.20.7.14.2.16
1.5.15117.9.2.1.26.1.28.4.15
1.5.15268.5.2.1.7
1.5.15294.5.2.1.2.1.3.3
1.5.15304.8.2.1.5
1.5.15352.8.2.1.6.1.27
1.5.15373.7.2.1.1.1.2.2.3
1.5.15399.16.2.1.2.2.2.4.15.11
1.5.15436.15.2.1.1
1.5.15545.14.2.1.2
1.5.15727.15.2.1.9.3
1.5.15734.28.2.1.19.2.2.2
1.5.15734.28.2.1.19.2.5.2
1.5.15762.10.2.1
1.5.15813.14.2.1
1.5.15974.8.2.1.23.1.9.1.5
1.5.16038.15.2.1.8.5
1.5.16063.5.2.1.7.2
1.5.16168.19.2.1.4.2.16.1
1.5.16229.12.2.1.3.3.5.2
1.5.16263.10.2.1.5.3.3
1.5.16275.11.2.1.5.1.4.1
1.5.16276.12.2.1.2
1.5.16416.6.2.1.27.7.6.2.4
1.5.16515.6.2.1.2.2.2.1.32
1.5.16617.8.2.1.8.7.21
1.5.16940.8.2.1.1.1.1.1
1.5.16947.15.2.1.7.1.14.5
1.5.17060.9.2.1.4.3.21.5.13
1.5.17391.8.2.1.3.2
1.5.17412.15.2.1.8.5.26.8.19
1.5.17432.6.2.1.13.4
1.5.17630.8.2.1.5.3.22.1
1.5.17647.6.2.1.5
1.5.17748.15.2.1.9.1.6
1.5.17842.6.2.1.1.1.13.10.28
1.5.18013.19.2.1.2
1.5.18148.13.2.1.10.3.11.2
1.5.18169.6.2.1.12.4.13.1.37
1.5.18252.9.2.1.6.3
1.5.18371.14.2.1.19
1.5.18405.7.2.1.18
1.5.18448.9.2.1.3
1.5.18472.21.2.1
1.5.18728.8.2.1.12.8
1.5.18739.14.2.1.3.9
1.5.18771.7.2.1.24.2
1.5.18949.33.2.1
1.5.18950.15.2.1.14.2
1.5.18989.16.2.1.8.9.16
1.5.19134.15.2.1.26
1.5.19177.7.2.1.2.5.13
1.5.19201.7.2.1.3.1
1.5.19239.6.2.1
1.5.19273.8.2.1.7.2.2
1.5.19328.5.2.1
1.5.19553.8.2.1.15.2.4.1
1.5.19616.10.2.1.14.1.2.2
1.5.19633.13.2.1.10.5.10.1
1.5.19653.9.2.1.3.1.26.2
1.5.19719.13.2.1.2.1
1.5.19723.15.2.1.15.4
1.5.19876.6.2.1.7.1.2.2
1.5.19900.8.2.1.11.3.23.8.15.47
1.5.20023.8.2.1
1.5.20074.16.2.1.7.1.2
1.5.20218.11.2.1.1.1.4.4
1.5.20346.20.2.1.2
1.5.20366.11.2.1.9.1.4.2
1.5.20512.9.2.1.14.4
1.5.20615.18.2.1
1.5.20843.7.2.1.11.3.6.2
1.5.20851.6.2.1
1.5.20862.13.2.1.17.4.13.3
1.5.20957.16.2.1.1
1.5.21027.16.2.1.3.2.11.4
1.5.21073.11.2.1
1.5.21087.8.2.1.17.7.13.4
1.5.21274.14.2.1.27.1
1.5.21325.10.2.1.15.4.11.1
1.5.21452.13.2.1.6
1.5.21465.5.2.1.3.1
1.5.21480.9.2.1.17
1.5.21488.8.2.1.8
1.5.21549.12.2.1.2
1.5.21561.11.2.1.1.1
1.5.21581.7.2.1.4.4.22.2
1.5.21591.7.2.1.14.7.25
1.5.21741.6.2.1.5.2.6.2.4
1.5.21806.13.2.1.10.4.3.7
1.5.21964.8.2.1.15.2.7
1.5.22029.16.2.1.3.3.15.6
1.5.22153.6.2.1.2.1
1.5.22229.15.2.1.3.1.16.2.18
1.5.22264.6.2.1.20.7.14.2.16
1.5.22266.9.2.1.26.1.28.4.15
1.5.22398.12.2.1.13
1.5.22501.8.2.1.6.1.27
1.5.22522.7.2.1.1.1.2.2.3
1.5.22548.16.2.1.2.2.2.4.15.11
1.5.22585.15.2.1.1
1.5.22600.7.2.1.3.4.21.1
1.5.22659.10.2.1
1.5.22862.15.2.1.8.3
1.5.22869.28.2.1.18.2.2.3
1.5.22869.28.2.1.18.2.5.2
1.5.22897.10.2.1
1.5.22945.8.2.1.5.7.14.5.11.50
1.5.22976.10.2.1.1.1.16
1.5.23101.8.2.1.7.1.3.1.29
1.5.23153.15.2.1.21.8
1.5.23184.5.2.1.19.4
1.5.23293.19.2.1.4.2.16.1
1.5.23352.16.2.1
1.5.23380.10.2.1.5.3.3
1.5.23392.11.2.1.5.1.4.1
1.5.23393.12.2.1.2
1.5.23538.6.2.1.27.7.6.2.4
1.5.23626.7.2.1.9.2.2.1
1.5.23669.9.2.1.4.1.13
1.5.23709.8.2.1.8.7.21
1.5.24090.7.2.1.2
1.5.24140.9.2.1.4.3.21.5.13
1.5.24466.5.2.1.21.2.4.2
1.5.24489.15.2.1.8.5.26.11.3
1.5.24509.6.2.1.13.4
1.5.24710.13.2.1.11.6.68.1.2
1.5.24846.14.2.1.8
1.5.24905.6.2.1.1.1.26.5.10
1.5.25079.19.2.1.2
1.5.25204.13.2.1.10.3.11.2
1.5.25225.6.2.1.12.4.13.1.37
1.5.25316.8.2.1.7.5
1.5.25425.11.2.1.24.1.17.1.2
1.5.25437.6.2.1.3.3.11.1.3
1.5.25455.6.2.1.1.1.6.3.10
1.5.25514.21.2.1
1.5.25702.8.2.1
1.5.25710.10.2.1.16
1.5.25771.8.2.1.12.8
1.5.25782.14.2.1.3.9
1.5.25814.7.2.1.24.2
1.5.25941.11.2.1
1.5.26019.22.2.1
1.5.26060.16.2.1.8.9.16
1.5.26192.10.2.1.12.1.10.6.9
1.5.26242.7.2.1.2.5.13
1.5.26266.7.2.1.3.1
1.5.26393.5.2.1
1.5.26671.10.2.1.14.1.2.2
1.5.26688.13.2.1.10.5.10.1
1.5.26708.9.2.1.3.1.26.2
1.5.26774.13.2.1.2.1
1.5.26778.15.2.1.15.4
1.5.26850.11.2.1.13
1.5.26932.11.2.1.9.3.13.4
1.5.27055.6.2.1
1.5.27246.11.2.1.1.1.4.4
1.5.27410.11.2.1.9.1.4.2
1.5.27441.7.2.1.22
1.5.27684.14.2.1.13
1.5.27915.7.2.1.11.3.6.2
1.5.27923.6.2.1
1.5.27934.13.2.1.17.4.13.3
1.5.28035.9.2.1.16
1.5.28089.16.2.1.3.2.11.4
1.5.28135.9.2.1
1.5.28369.10.2.1.15.3.4.1
1.5.28496.13.2.1.6
1.5.28509.5.2.1.3.1
1.5.28524.9.2.1.17
1.5.28532.8.2.1.8
1.5.28586.19.2.1.12
1.5.28606.10.2.1.13.1
1.5.28650.9.2.1.9
1.5.28781.6.2.1.5.2.6.2.4
1.5.28825.13.2.1.44.4.3.2
1.5.28995.8.2.1.15.2.7
1.5.29060.16.2.1.3.3.15.6
1.5.29192.6.2.1.2.1
1.5.29263.16.2.1.8.1
1.5.29299.11.2.1.7.1.56.1.20
1.5.29303.8.2.1.16.2.71.1.13
1.5.29440.14.2.1.24
1.5.29443.14.2.1
1.5.29446.8.2.1.38.5
1.5.29556.7.2.1.16.1.25
1.5.29581.16.2.1.2.2.2.4.30.10
1.5.29618.15.2.1.1
1.5.29670.18.2.1.1
1.5.29693.10.2.1
1.5.29731.8.2.1
1.5.29905.15.2.1.9.3
1.5.29912.28.2.1.19.2.2.2
1.5.29912.28.2.1.19.2.5.2
1.5.29940.10.2.1
1.5.29981.6.2.1.1.1.4.2
1.5.29985.6.2.1.1.1.3.1.1.63
1.5.30026.10.2.1.1.1.11
1.5.30109.8.2.1
1.5.30167.8.2.1.23.1.9.1.5
1.5.30229.15.2.1.8.5
1.5.30254.5.2.1.7.2
1.5.30359.19.2.1.4.2.16.1
1.5.30450.10.2.1.5.3.3
1.5.30462.11.2.1.5.1.4.1
1.5.30463.12.2.1.2
1.5.30534.6.2.1
1.5.30621.6.2.1.4.1.1
1.5.30677.15.2.1.7
1.5.30718.7.2.1.1.1.12
1.5.30772.9.2.1.4.1.4
1.5.30812.8.2.1.8.7.21
1.5.31138.8.2.1.1.1.1.1
1.5.31145.15.2.1.7.1.14.5
1.5.31256.9.2.1.4.3.21.5.13
1.5.31584.5.2.1.21.2.4.2
1.5.31607.15.2.1.8.5.26.11.3
1.5.31627.6.2.1.13.4
1.5.31699.6.2.1
1.5.31835.13.2.1.11.6.68.1.2
1.5.31929.15.2.1.9.1.6
1.5.31969.6.2.1.2.2
1.5.31980.8.2.1.15.1.2
1.5.32042.6.2.1.1.1.26.5.10
1.5.32075.7.2.1
1.5.32099.9.2.1.9.1.1.1.5
1.5.32210.19.2.1.2
1.5.32338.13.2.1.10.3.11.2
1.5.32359.6.2.1.12.4.13.1.37
1.5.32450.8.2.1.7.5
1.5.32561.11.2.1.3.1.3.1.2
1.5.32567.6.2.1.17.6.25.7.19
1.5.32573.6.2.1.3.3.11.1.3
1.5.32591.6.2.1.1.1.6.3.10
1.5.32649.21.2.1
1.5.32815.6.2.1.11
1.5.32900.8.2.1.12.8
1.5.32911.14.2.1.3.9
1.5.32943.7.2.1.24.2
1.5.33062.11.2.1
1.5.33140.22.2.1
1.5.33184.16.2.1.8.9.16
1.5.33330.15.2.1.26
1.5.33374.7.2.1.2.5.13
1.5.33407.13.2.1.5.5
1.5.33533.5.2.1
1.5.33753.8.2.1.15.2.4.1
1.5.33816.10.2.1.14.1.2.2
1.5.33833.13.2.1.10.5.10.1
1.5.33853.9.2.1.3.1.26.2
1.5.33919.13.2.1.2.1
1.5.33923.15.2.1.15.4
1.5.34089.8.2.1.11.3.23.9.9.41
1.5.34147.12.2.1.5.4
1.5.34412.6.2.1.4.2
1.5.34542.13.2.1.45
1.5.34586.7.2.1.22
1.5.34799.19.2.1.7.2
1.5.34841.18.2.1
1.5.34860.11.2.1.4
1.5.35126.6.2.1
1.5.35137.13.2.1.17.4.13.3
1.5.35228.16.2.1.1
1.5.35243.7.2.1.16.4.6
1.5.35295.16.2.1.3.2.11.4
1.5.35342.11.2.1
1.5.35356.8.2.1.17.7.13.4
1.5.35530.14.2.1.27.1
1.5.35710.8.2.1.8
1.5.35729.8.2.1
1.5.35742.7.2.1.3.1.3
1.5.35744.8.2.1.1.3.9.3
1.5.35796.19.2.1.12
1.5.35816.10.2.1.13.1
1.5.35883.19.2.1
1.5.36003.6.2.1.5.2.6.2.4
1.5.36047.13.2.1.44.4.3.2
1.5.36201.8.2.1.15.2.7
1.5.36266.16.2.1.3.3.15.6
1.5.36391.8.2.1.14.1.1
1.5.36393.7.2.1.16.1
1.5.36460.16.2.1.8.1
1.5.36496.11.2.1.7.1.56.1.20
1.5.36500.8.2.1.16.2.71.1.13
1.5.36642.14.2.1.18
1.5.36645.14.2.1
1.5.36648.8.2.1.32.5
1.5.36664.5.2.1.2.1.3.3
1.5.36674.8.2.1.5
1.5.36722.8.2.1.6.1.27
1.5.36743.7.2.1.1.1.2.2.3
1.5.36769.16.2.1.2.2.2.4.15.11
1.5.36806.15.2.1.1
1.5.36911.14.2.1.2
1.5.37095.15.2.1.9.3
1.5.37102.28.2.1.19.2.2.2
1.5.37102.28.2.1.19.2.5.2
1.5.37130.10.2.1
1.5.37178.8.2.1.5.7.14.5.11.41
1.5.37322.5.2.1.29
1.5.37376.15.2.1.21.8
1.5.37401.5.2.1.7.2
1.5.37510.19.2.1.4.2.16.1
1.5.37602.10.2.1.5.3.3
1.5.37614.11.2.1.5.1.4.1
1.5.37615.12.2.1.2
1.5.37766.6.2.1.4.1.1
1.5.37820.10.2.1.4.2.7.1.3
1.5.37855.7.2.1.1.1.12
1.5.37953.8.2.1.8.7.21
1.5.38386.8.2.1.4.4.23.7.17
1.5.38701.5.2.1.21.2.4.2
1.5.38723.5.2.1.10
1.5.38936.8.2.1.5.3.22.1
1.5.39030.6.2.1.1.1.4.1.3
1.5.39129.6.2.1.8.1.16
1.5.39173.7.2.1
1.5.39197.9.2.1.9.1.1.1.5
1.5.39306.19.2.1.2
1.5.39435.13.2.1.10.3.11.2
1.5.39456.6.2.1.12.4.13.1.37
1.5.39547.8.2.1.7.5
1.5.39606.10.2.1.11.1.8
1.5.39649.14.2.1.19
1.5.39680.12.2.1.3.3.6
1.5.39711.9.2.1.3
1.5.39735.21.2.1
1.5.40192.13.2.1.36.2.7.3
1.5.40233.16.2.1.8.9.16
1.5.40342.8.2.1.1.2.1.1.3
1.5.40371.7.2.1
1.5.40395.13.2.1.4.2.6.10
1.5.40485.6.2.1
1.5.40578.5.2.1
1.5.40798.8.2.1.15.2.4.1
1.5.40861.10.2.1.14.1.2.2
1.5.40879.5.2.1.3
1.5.40965.13.2.1.2.1
1.5.40969.15.2.1.15.4
1.5.41143.11.2.1.9.3.13.4
1.5.41252.10.2.1.3.3
1.5.41260.6.2.1
1.5.41311.16.2.1.7.1.2
1.5.41449.6.2.1.4.2
1.5.41598.11.2.1.9.1.4.2
1.5.41629.7.2.1.22
1.5.41842.19.2.1.7.2
1.5.41884.18.2.1
1.5.41903.11.2.1.4
1.5.42116.7.2.1.2
1.5.42146.7.2.1.11.3.6.2
1.5.42153.6.2.1
1.5.42164.13.2.1.17.4.13.3
1.5.42265.13.2.1.18.3.5
1.5.42347.13.2.1
1.5.42370.8.2.1.10.8.19.2
1.5.42611.10.2.1.15.4.11.1
1.5.42746.8.2.1.2.4.16
1.5.42763.5.2.1.3.1
1.5.42778.9.2.1.17
1.5.42786.8.2.1.8
1.5.42845.19.2.1.12
1.5.42859.11.2.1.1.1
1.5.42879.7.2.1.4.4.22.2
1.5.42889.7.2.1.14.7.25
1.5.43050.6.2.1.5.2.6.2.4
1.5.43115.13.2.1.10.4.3.7
1.5.43276.8.2.1.15.2.7
1.5.43342.16.2.1.3.3.15.6
1.5.43474.8.2.1.14.1.1
1.5.43476.7.2.1.16.1
1.5.43543.16.2.1.8.1
1.5.43579.11.2.1.7.1.56.1.20
1.5.43589.12.2.1.12.3.6.1.26
1.5.43716.12.2.1.13
1.5.43842.7.2.1.16.1.22
1.5.43867.16.2.1.2.2.2.4.61.35
1.5.43904.15.2.1.1
1.5.43920.7.2.1.4.4.14.1
1.5.43959.18.2.1.1
1.5.43982.10.2.1
1.5.44020.8.2.1
1.5.44187.15.2.1.8.3
1.5.44194.28.2.1.18.2.2.3
1.5.44194.28.2.1.18.2.5.2
1.5.44278.14.2.1
1.5.44305.9.2.1.3.2
1.5.44312.5.2.1.1
1.5.44442.8.2.1.23.1.9.1.5
1.5.44497.15.2.1.21.8
1.5.44532.5.2.1.21.4
1.5.44544.11.2.1.10.2
1.5.44638.19.2.1.4.2.16.1
1.5.44699.12.2.1.3.3.5.2
1.5.44737.8.2.1.14.10.27.4.5
1.5.44737.8.2.1.15.1
1.5.44807.6.2.1
1.5.44878.6.2.1.4.1.1
1.5.44966.7.2.1.9.2.2.1
1.5.45053.8.2.1.8.7.21
1.5.45366.8.2.1.1.1.1.1
1.5.45373.15.2.1.7.1.14.5
1.5.45486.9.2.1.4.3.21.5.13
1.5.45820.5.2.1.21.2.4.2
1.5.45843.15.2.1.8.5.26.11.3
1.5.45863.6.2.1.13.4
1.5.45932.8.2.1.3.3
1.5.46048.8.2.1.5.3.36.1
1.5.46148.6.2.1.1.1.4.1.3
1.5.46195.6.2.1.2.2
1.5.46206.8.2.1.15.1.2
1.5.46264.6.2.1.1.1.26.5.10
1.5.46438.19.2.1.2
1.5.46572.13.2.1.10.3.11.2
1.5.46593.6.2.1.12.4.13.1.37
1.5.46689.8.2.1.7.5
1.5.46804.6.2.1.13
1.5.46856.14.2.1.10
1.5.46897.9.2.1.3
1.5.46921.21.2.1
1.5.47151.8.2.1.12.8
1.5.47162.14.2.1.3.9
1.5.47194.7.2.1.24.2
1.5.47318.11.2.1
1.5.47386.33.2.1
1.5.47387.15.2.1.14.2
1.5.47426.16.2.1.8.9.16
1.5.47558.10.2.1.12.1.10.6.9
1.5.47607.7.2.1.2.5.13
1.5.47766.5.2.1
1.5.47998.8.2.1.15.2.4.1
1.5.48061.10.2.1.14.1.2.2
1.5.48079.5.2.1.3
1.5.48117.10.2.1
1.5.48165.13.2.1.2.1
1.5.48169.15.2.1.15.4
1.5.48311.6.2.1.7.1.2.2
1.5.48334.11.2.1.9.3.13.4
1.5.48385.8.2.1.11.5.16.1
1.5.48636.11.2.1.1.1.4.4
1.5.48794.11.2.1.9.1.4.2
1.5.49064.18.2.1
1.5.49084.7.2.1.13
1.5.49314.6.2.1
1.5.49325.13.2.1.17.4.13.3
1.5.49518.13.2.1
1.5.49543.8.2.1.10.12.21.2
1.5.49727.14.2.1.27.1
1.5.49778.10.2.1.15.4.11.1
1.5.49908.13.2.1.6
1.5.49921.5.2.1.3.1
1.5.49936.9.2.1.17
1.5.49944.8.2.1.8
1.5.50005.12.2.1.2
1.5.50017.11.2.1.1.1
1.5.50037.7.2.1.4.4.22.2
1.5.50047.7.2.1.14.7.25
1.5.50197.6.2.1.5.2.6.2.4
1.5.50262.13.2.1.10.4.3.7
1.5.50436.8.2.1.15.2.7
1.5.50502.16.2.1.3.3.15.6
1.5.50635.8.2.1.14.1.1
1.5.50637.7.2.1.16.1
1.5.50704.16.2.1.8.1
1.5.50740.11.2.1.7.1.56.1.20
1.5.50744.8.2.1.16.2.71.1.13
1.5.50881.14.2.1.18
1.5.50884.14.2.1
1.5.50887.8.2.1.32.5
1.5.50903.5.2.1.2.1.3.3
1.5.50913.8.2.1.5
1.5.50961.8.2.1.6.1.27
1.5.50982.7.2.1.1.1.2.2.3
1.5.51008.16.2.1.2.2.2.4.15.11
1.5.51045.15.2.1.1
1.5.51097.18.2.1.1
1.5.51120.10.2.1
1.5.51158.8.2.1
1.5.51292.22.2.1.6.1
1.5.51319.15.2.1.9.3
1.5.51326.28.2.1.19.2.2.2
1.5.51326.28.2.1.19.2.5.2
1.5.51407.6.2.1.8.4.11.3
1.5.51450.10.2.1.1.1.11
1.5.51570.8.2.1.18.1.9.1.11
1.5.51632.15.2.1.8.5
1.5.51669.5.2.1.21.4
1.5.51774.19.2.1.4.2.16.1
1.5.51835.12.2.1.3.3.5.2
1.5.51869.10.2.1.5.3.3
1.5.51881.11.2.1.5.1.4.1
1.5.51882.12.2.1.2
1.5.51953.6.2.1
1.5.51964.8.2.1.2.1
1.5.52020.6.2.1.4.1.1
1.5.52115.7.2.1.1.1.12
1.5.52169.9.2.1.4.1.4
1.5.52209.8.2.1.8.7.21
1.5.52541.8.2.1.1.1.1.1
1.5.52548.15.2.1.7.1.14.5
1.5.52664.9.2.1.4.3.21.5.13
1.5.53005.12.2.1.2.1.3.1.4.24
1.5.53025.15.2.1.8.5.26.9.3
1.5.53045.6.2.1.13.4
1.5.53324.15.2.1.9.1.6
1.5.53415.18.2.1.2.1.3.1.8
1.5.53459.7.2.1
1.5.53483.9.2.1.9.1.1.1.5
1.5.53592.19.2.1.2
1.5.53726.13.2.1.10.3.11.2
1.5.53747.6.2.1.12.4.13.1.37
1.5.53830.9.2.1.6.3
1.5.53956.6.2.1.13
1.5.54003.12.2.1.3.3.6
1.5.54037.7.2.1.1.5.40
1.5.54206.6.2.1.11
1.5.54526.33.2.1
1.5.54527.15.2.1.14.2
1.5.54566.16.2.1.8.9.16
1.5.54714.7.2.1
1.5.54738.13.2.1.4.2.6.10
1.5.54792.13.2.1.5.5
1.5.54918.5.2.1
1.5.55207.10.2.1.14.1.2.2
1.5.55224.13.2.1.10.5.10.1
1.5.55244.9.2.1.3.1.26.2
1.5.55384.11.2.1.13
1.5.55474.7.2.1.3.2.4.7.22.42
1.5.55531.12.2.1.5.4
1.5.55594.6.2.1
1.5.55785.11.2.1.1.1.4.4
1.5.55942.11.2.1.9.1.4.2
1.5.56434.7.2.1.11.3.6.2
1.5.56441.6.2.1
1.5.56452.13.2.1.17.4.13.3
1.5.56553.9.2.1.16
1.5.56607.16.2.1.3.2.11.4
1.5.56645.13.2.1
1.5.56668.8.2.1.10.8.19.2
1.5.56905.10.2.1.15.4.11.1
1.5.57032.13.2.1.6
1.5.57045.5.2.1.3.1
1.5.57060.9.2.1.17
1.5.57068.8.2.1.8
1.5.57127.19.2.1.12
1.5.57142.10.2.1.13.1
1.5.57176.15.2.1.15.1
1.5.57186.7.2.1.10.4.17
1.5.57335.6.2.1.5.2.6.2.4
1.5.57379.13.2.1.44.4.3.2
1.5.57541.8.2.1.15.2.7
1.5.57607.16.2.1.3.3.15.6
1.5.57727.6.2.1.2.1
1.5.57803.15.2.1.3.1.16.2.18
1.5.57838.6.2.1.20.7.14.2.16
1.5.57844.10.2.1.3
1.5.57984.14.2.1.18
1.5.57987.14.2.1
1.5.57990.8.2.1.32.5
1.5.58010.5.2.1.2.1.3.3
1.5.58020.8.2.1.5
1.5.58068.8.2.1.6.1.27
1.5.58089.7.2.1.1.1.2.2.3
1.5.58115.16.2.1.2.2.2.4.15.11
1.5.58152.15.2.1.1
1.5.58168.7.2.1.4.4.14.1
1.5.58207.18.2.1.1
1.5.58230.10.2.1
1.5.58268.8.2.1
1.5.58448.8.2.1.5.1.3.1.2
1.5.58533.14.2.1
1.5.58567.5.2.1.1
1.5.58697.8.2.1.23.1.9.1.5
1.5.58761.15.2.1.8.5
1.5.58792.5.2.1.19.4
1.5.58804.11.2.1.10.2
1.5.58898.19.2.1.4.2.16.1
1.5.58990.10.2.1.5.3.3
1.5.59002.11.2.1.5.1.4.1
1.5.59003.12.2.1.2
1.5.59074.6.2.1
1.5.59230.6.2.1.5.1.19.12.12
1.5.59341.8.2.1.8.7.21
1.5.59675.8.2.1.1.1.1.1
1.5.59682.15.2.1.7.1.14.5
1.5.59792.9.2.1.4.3.21.5.13
1.5.60116.5.2.1.21.2.4.2
1.5.60139.15.2.1.8.5.26.11.3
1.5.60159.6.2.1.13.4
1.5.60222.8.2.1.3.3
1.5.60338.8.2.1.5.3.36.1
1.5.60492.14.2.1.8
1.5.60555.6.2.1.1.1.26.5.10
1.5.60737.19.2.1.2
1.5.60874.13.2.1.10.3.11.2
1.5.60895.6.2.1.12.4.13.1.37
1.5.60986.8.2.1.7.5
1.5.61087.11.2.1.24.1.17.1.2
1.5.61093.6.2.1.38.6.39.7.19
1.5.61099.6.2.1.3.3.11.1.3
1.5.61117.6.2.1.1.1.6.3.10
1.5.61176.21.2.1
1.5.61416.18.2.1.7.1.16.1.3.8
1.5.61636.22.2.1
1.5.61680.16.2.1.8.9.16
1.5.61828.15.2.1.26
1.5.61872.7.2.1.2.5.13
1.5.61896.7.2.1.3.1
1.5.61950.10.2.1.17.2
1.5.62033.5.2.1
1.5.62329.10.2.1.14.1.2.2
1.5.62346.13.2.1.10.5.10.1
1.5.62366.9.2.1.3.1.26.2
1.5.62428.13.2.1.2.1
1.5.62589.6.2.1.7.1.2.2
1.5.62613.8.2.1.11.3.23.8.15.41
1.5.63003.11.2.1
1.5.63085.13.2.1.45
1.5.63121.7.2.1.5
1.5.63334.19.2.1.7.2
1.5.63376.18.2.1
1.5.63395.11.2.1.4
1.5.63603.7.2.1.2
1.5.63633.7.2.1.11.3.6.2
1.5.63641.6.2.1
1.5.63652.13.2.1.17.4.13.3
1.5.63745.15.2.1.13.3.4
1.5.63857.13.2.1
1.5.63880.8.2.1.10.8.19.2
1.5.64100.10.2.1.15.3.4.1
1.5.64235.8.2.1.2.4.16
1.5.64252.5.2.1.3.1
1.5.64267.9.2.1.17
1.5.64275.8.2.1.8
1.5.64335.19.2.1.12
1.5.64355.10.2.1.13.1
1.5.64399.9.2.1.9
1.5.64529.23.2.1.6.1.13.2
1.5.64563.6.2.1.5.2.6.2.4
1.5.64607.13.2.1.44.4.3.2
1.5.64765.8.2.1.15.2.7
1.5.64830.16.2.1.3.3.15.6
1.5.64958.7.2.1.9.1
1.5.65025.16.2.1.8.1
1.5.65061.11.2.1.7.1.56.1.20
1.5.65065.8.2.1.16.2.71.1.13
1.5.65212.14.2.1.2.1.6.2.73
1.5.65331.7.2.1.16.1.25
1.5.65356.16.2.1.2.2.2.4.30.93
1.5.65393.15.2.1.1
1.5.65445.18.2.1.1
1.5.65468.10.2.1
1.5.65506.14.2.1.2
1.5.65692.15.2.1.9.3
1.5.65699.28.2.1.19.2.2.2
1.5.65699.28.2.1.19.2.5.2
1.5.65728.10.2.1.15.5
1.5.65799.14.2.1
1.5.65826.9.2.1.3.2
1.5.65833.5.2.1.1
1.5.65955.8.2.1.23.1.9.1.5
1.5.66005.15.2.1.21.8
1.5.66040.5.2.1.21.4
1.5.66145.19.2.1.4.2.16.1
1.5.66236.10.2.1.5.3.3
1.5.66248.11.2.1.5.1.4.1
1.5.66249.12.2.1.2
1.5.66320.6.2.1
1.5.66331.8.2.1.2.1
1.5.66471.9.2.1.4.4.10.3.5
1.5.66516.9.2.1.4.1.13
1.5.66556.8.2.1.8.7.21
1.5.66882.8.2.1.1.1.1.1
1.5.66889.15.2.1.7.1.14.5
1.5.66999.9.2.1.4.3.21.5.13
1.5.67337.5.2.1.21.2.4.2
1.5.67360.15.2.1.8.5.26.11.3
1.5.67380.6.2.1.13.4
1.5.67452.6.2.1
1.5.67568.8.2.1.5.3.36.1
1.5.67669.6.2.1.1.1.4.1.3
1.5.67716.6.2.1.2.2
1.5.67786.6.2.1.1.1.35.5.26
1.5.67819.7.2.1
1.5.67843.9.2.1.9.1.1.1.5
1.5.67949.19.2.1.2
1.5.68092.13.2.1.10.3.11.2
1.5.68113.6.2.1.12.4.13.1.37
1.5.68209.8.2.1.7.5
1.5.68321.6.2.1.13
1.5.68335.9.2.1.20.3.2.3.9
1.5.68368.12.2.1.3.3.6
1.5.68399.9.2.1.3
1.5.68423.21.2.1
1.5.68574.6.2.1.11
1.5.68663.18.2.1.7.1.16.1.3.7
1.5.68699.7.2.1
1.5.68857.9.2.1.2.3.5
1.5.68898.16.2.1.8.9.16
1.5.69036.10.2.1.12.1.10.6.9
1.5.69086.7.2.1.2.5.13
1.5.69252.5.2.1
1.5.69530.10.2.1.14.1.2.2
1.5.69548.5.2.1.3
1.5.69629.13.2.1.2.1
1.5.69633.15.2.1.15.4
1.5.69776.7.2.1.3.2
1.5.69796.8.2.1.11.3.18.8.27.55
1.5.69856.12.2.1.5.4
1.5.70131.6.2.1.4.2
1.5.70181.11.2.1
1.5.70275.11.2.1.9.1.4.2
1.5.70305.7.2.1.22
1.5.70518.19.2.1.7.2
1.5.70560.18.2.1
1.5.70579.11.2.1.4
1.5.70808.7.2.1.11.3.6.2
1.5.70816.6.2.1
1.5.70827.13.2.1.17.4.13.3
1.5.70932.13.2.1.18.3.5
1.5.70984.16.2.1.3.2.11.4
1.5.71039.9.2.1
1.5.71052.8.2.1.12.6.17.2
1.5.71271.10.2.1.16.5.16.1
1.5.71401.13.2.1.6
1.5.71414.5.2.1.3.1
1.5.71429.9.2.1.17
1.5.71437.8.2.1.8
1.5.71496.19.2.1.12
1.5.71516.10.2.1.13.1
1.5.71560.9.2.1.9
1.5.71662.23.2.1.6.1.13.2
1.5.71696.6.2.1.5.2.6.2.4
1.5.71761.13.2.1.10.4.3.7
1.5.71928.8.2.1.15.2.7
1.5.71994.16.2.1.3.3.15.6
1.6.153.8.2.1.9.3
1.6.159.8.2.1
1.6.206.8.2.1.22.1.1.1
1.6.233.8.2.1
1.6.288.8.2.1.10.2
1.6.289.8.2.1.12.2.6.1.2
1.6.292.8.2.1.4.2.24.4.11
1.6.308.8.2.1.12.1.21.2.18
1.6.446.8.2.1.3.2.3.4.24
1.6.496.8.2.1.2.1
1.6.539.8.2.1.2.2.1.1.26
1.6.563.8.2.1.12
1.6.576.8.2.1
1.6.596.8.2.1
1.6.600.8.2.1.35.9
1.6.678.8.2.1.7.3
1.6.687.8.2.1.9.2.9.4
1.6.743.8.2.1.3.1
1.6.813.8.2.1.17.3
1.6.833.8.2.1.4.3.5.1.3
1.6.950.8.2.1
1.6.983.8.2.1.6
1.6.986.8.2.1.5.1
1.6.1006.8.2.1.4.6
1.6.1015.8.2.1.15
1.6.1068.8.2.1.2.2
1.6.1098.8.2.1.4
1.6.1200.8.2.1.6.2
1.6.1229.8.2.1.24.10.27.3.15
1.6.1297.8.2.1.5.7.7.1
1.6.1332.8.2.1.11.2.6.2.50
1.6.1435.8.2.1
1.6.1471.8.2.1.8.5.16.3
1.6.1518.8.2.1
1.6.1521.8.2.1
1.6.1537.8.2.1.5
1.6.1540.8.2.1
1.6.1579.8.2.1.3.1.3.5.35
1.6.1616.8.2.1.4.3
1.6.1623.8.2.1
1.6.1779.8.2.1.1
1.6.1843.8.2.1.15
1.6.1924.8.2.1.19
1.6.2088.8.2.1
1.6.2252.8.2.1.13.3.7.3
1.6.2283.8.2.1.10
1.6.2304.8.2.1.2.2.4.4
1.6.2374.8.2.1.2.2.2
1.6.2433.8.2.1.11
1.6.2634.8.2.1.2.2
1.6.2683.8.2.1.8.1
1.6.2790.8.2.1
1.6.2837.8.2.1.26.1.30.1.21.68
1.6.3158.8.2.1
1.6.3184.8.2.1
1.6.3217.8.2.1
1.6.3301.8.2.1.13.2.4.1
1.6.3325.8.2.1.10.4.14
1.6.3373.8.2.1.2.1.3
1.6.3387.8.2.1.16.1.1.1
1.6.3393.8.2.1.15.1.5.1.3
1.6.3427.8.2.1.17.2
1.6.3534.8.2.1.2.1
1.6.3709.8.2.1.1.8.2.2.1
1.6.3747.8.2.1.9
1.6.3977.8.2.1.4
1.6.4015.8.2.1.9
1.6.4029.8.2.1.5
1.6.4064.8.2.1.13.4.29
1.6.4308.8.2.1.29.5
1.6.4361.8.2.1.18.4
1.6.4393.8.2.1.5
1.6.4508.8.2.1.4.2.3.1
1.6.4586.8.2.1
1.6.4619.8.2.1.12.2
1.6.4781.8.2.1.4
1.6.4848.8.2.1.1
1.6.4934.8.2.1
1.6.4958.8.2.1.7
1.6.5193.8.2.1
1.6.5443.8.2.1.2.1
1.6.5490.8.2.1.4.1
1.6.5746.8.2.1
1.6.5756.8.2.1.4.1.5.1.13
1.6.5777.8.2.1.14
1.6.5897.8.2.1.2.1.29
1.6.6175.8.2.1.12.1.4
1.6.6195.8.2.1.5.4.14.3.1
1.6.6276.8.2.1.8.1
1.6.6291.8.2.1
1.6.6692.8.2.1.9.2
1.6.6733.8.2.1.15.8.24.2.3
1.6.6964.8.2.1.3.1.8
1.6.7069.8.2.1.5.6
1.6.7224.8.2.1.3.1
1.6.7467.8.2.1.5
1.6.7487.8.2.1.12.2
1.6.7506.8.2.1.3
1.6.7510.8.2.1.13.4
1.6.7600.8.2.1.20
1.6.7745.8.2.1.9.2.4.5.4
1.6.7766.8.2.1.1.7
1.6.7798.8.2.1.2
1.6.7911.8.2.1
1.6.8038.8.2.1.9.1.2.1
1.6.8075.8.2.1.5.1
1.6.8080.8.2.1.1.1
1.6.8148.8.2.1.3.3.32.1
1.6.8157.8.2.1.4.1.2.2
1.6.8298.8.2.1.9.3
1.6.8304.8.2.1
1.6.8351.8.2.1.22.1.1.1
1.6.8378.8.2.1
1.6.8433.8.2.1.10.2
1.6.8434.8.2.1.12.2.6.1.2
1.6.8462.8.2.1.12.1.12.2.26
1.6.8514.8.2.1
1.6.8616.8.2.1.1.1
1.6.8706.8.2.1.17
1.6.8734.8.2.1.15.1.5
1.6.8761.8.2.1.3.3.50.5
1.6.8846.8.2.1.7.3
1.6.8855.8.2.1.9.2.9.4
1.6.8912.8.2.1
1.6.9002.8.2.1.2.2.13
1.6.9153.8.2.1.6
1.6.9156.8.2.1.5.1
1.6.9176.8.2.1.4.6
1.6.9185.8.2.1.15
1.6.9236.8.2.1.2.2.8.1.4.7
1.6.9375.8.2.1.1.1
1.6.9410.8.2.1.15.2
1.6.9426.8.2.1.27.5.49.3.15
1.6.9482.8.2.1.28.1.1.1
1.6.9520.8.2.1.11.2.6.2.50
1.6.9643.8.2.1
1.6.9680.8.2.1.8.5.16.3
1.6.9727.8.2.1
1.6.9730.8.2.1
1.6.9746.8.2.1.5
1.6.9749.8.2.1
1.6.10020.8.2.1.1
1.6.10082.8.2.1.15
1.6.10163.8.2.1.19
1.6.10321.8.2.1
1.6.10512.8.2.1.10
1.6.10533.8.2.1.2.2.4.4
1.6.10603.8.2.1.2.2.2
1.6.10663.8.2.1.11
1.6.11071.8.2.1.26.1.30.1.21.52
1.6.11085.8.2.1.19.2.7.1.56
1.6.11413.8.2.1
1.6.11456.8.2.1
1.6.11560.8.2.1.10.4.14
1.6.11613.8.2.1.7
1.6.11632.8.2.1.15.1.5.1.3
1.6.11666.8.2.1.17.2
1.6.11758.8.2.1.2.1
1.6.11925.8.2.1.1.8.2.2.1
1.6.11963.8.2.1.9
1.6.12195.8.2.1.5
1.6.12199.8.2.1
1.6.12237.8.2.1.16
1.6.12340.8.2.1
1.6.12532.8.2.1.29.5
1.6.12585.8.2.1.18.4
1.6.12618.8.2.1.5
1.6.12822.8.2.1
1.6.12855.8.2.1.12.2
1.6.13016.8.2.1.16
1.6.13089.8.2.1.1
1.6.13175.8.2.1
1.6.13204.8.2.1.21.5.9.3.2
1.6.13239.8.2.1
1.6.13418.8.2.1
1.6.13618.8.2.1.2
1.6.13663.8.2.1.2.1
1.6.13710.8.2.1.4.1
1.6.13869.8.2.1.1.1.1.1
1.6.13962.8.2.1.16
1.6.14097.8.2.1.2.1.29
1.6.14358.8.2.1.1.1.50.1
1.6.14482.8.2.1.8.1
1.6.14497.8.2.1
1.6.14795.8.2.1.3.3.3.3
1.6.14936.8.2.1.9.2
1.6.14985.8.2.1.2.1.2.1.9
1.6.15160.8.2.1.4.1.10.1.2
1.6.15194.8.2.1.2
1.6.15455.8.2.1.3.1
1.6.15702.8.2.1.16.1.2.3.4
1.6.15721.8.2.1
1.6.15741.8.2.1.3
1.6.15745.8.2.1.13.4
1.6.15839.8.2.1.20
1.6.15951.8.2.1.30
1.6.15975.8.2.1.31.6
1.6.15979.8.2.1
1.6.16017.8.2.1
1.6.16027.8.2.1.2
1.6.16144.8.2.1
1.6.16301.8.2.1.16.2
1.6.16306.8.2.1.1.1
1.6.16374.8.2.1.3.3.32.1
1.6.16383.8.2.1.4.1.2.2
1.6.16444.8.2.1.9.4
1.6.16580.8.2.1.22.1.1.1
1.6.16606.8.2.1
1.6.16661.8.2.1.10.2
1.6.16662.8.2.1.12.2.6.1.2
1.6.16690.8.2.1.12.1.12.2.26
1.6.16742.8.2.1
1.6.16854.8.2.1.1.1
1.6.16944.8.2.1.17
1.6.16975.8.2.1.4.1.3
1.6.17001.8.2.1.8.4
1.6.17070.8.2.1.9.2.9.4
1.6.17126.8.2.1.3.1
1.6.17215.8.2.1.2.2.13
1.6.17361.8.2.1.3.1.1.13.15
1.6.17448.8.2.1.2.2
1.6.17580.8.2.1.1.1
1.6.17615.8.2.1.15.2
1.6.17631.8.2.1.27.5.49.3.15
1.6.17696.8.2.1.5.7.7.1
1.6.17737.8.2.1.11.2.6.2.48
1.6.17747.8.2.1.15.2
1.6.17864.8.2.1
1.6.17903.8.2.1.8.5.16.3
1.6.17950.8.2.1
1.6.17953.8.2.1
1.6.17969.8.2.1.5
1.6.17972.8.2.1
1.6.18172.8.2.1.2
1.6.18223.8.2.1.1
1.6.18289.8.2.1.15
1.6.18370.8.2.1.19
1.6.18518.8.2.1
1.6.18728.8.2.1.10
1.6.18749.8.2.1.2.2.4.4
1.6.18824.8.2.1.20
1.6.18883.8.2.1.11
1.6.19258.8.2.1
1.6.19303.8.2.1.26.1.30.1.21.41
1.6.19322.8.2.1
1.6.19379.8.2.1.1
1.6.19676.8.2.1
1.6.19786.8.2.1.8
1.6.19833.8.2.1.12
1.6.19852.8.2.1.15.1.5.1.3
1.6.19955.8.2.1.30.3.8.2.7
1.6.20111.8.2.1.1.8.2.2.1
1.6.20149.8.2.1.9
1.6.20372.8.2.1.5
1.6.20376.8.2.1
1.6.20381.8.2.1.2.1.2.1.8
1.6.20414.8.2.1.16
1.6.20473.8.2.1.4
1.6.20523.8.2.1.14.3
1.6.20685.8.2.1.5.1.1.3.27
1.6.20765.8.2.1
1.6.20770.8.2.1.2.1
1.6.20809.8.2.1.26
1.6.20831.8.2.1
1.6.20935.8.2.1.4.2.3.1
1.6.21013.8.2.1
1.6.21046.8.2.1.12.2
1.6.21214.8.2.1.4
1.6.21265.8.2.1.1
1.6.21378.8.2.1.11.2.6
1.6.21426.8.2.1
1.6.21603.8.2.1
1.6.21892.8.2.1.4.1
1.6.22144.8.2.1.16
1.6.22281.8.2.1.2.1.29
1.6.22678.8.2.1.8.1
1.6.22693.8.2.1
1.6.23115.8.2.1.9.2
1.6.23161.8.2.1.15.8.24.2.3
1.6.23311.8.2.1.5
1.6.23349.8.2.1.2
1.6.23461.8.2.1.5.6
1.6.23863.8.2.1.10
1.6.23885.8.2.1
1.6.23892.8.2.1.12.2
1.6.23911.8.2.1.3
1.6.23915.8.2.1.13.4
1.6.24009.8.2.1.20
1.6.24178.8.2.1.39.6
1.6.24182.8.2.1
1.6.24220.8.2.1
1.6.24231.8.2.1.5
1.6.24319.8.2.1
1.6.24480.8.2.1.16.2
1.6.24485.8.2.1.1.1
1.6.24791.8.2.1.22.1.1.1
1.6.24817.8.2.1
1.6.24872.8.2.1.10.2
1.6.24873.8.2.1.12.2.6.1.2
1.6.24901.8.2.1.12.1.12.2.26
1.6.25018.8.2.1.3.2.3.4.24
1.6.25068.8.2.1.2.1
1.6.25116.8.2.1.17
1.6.25144.8.2.1.15.1.5
1.6.25171.8.2.1.3.3.50.5
1.6.25242.8.2.1.5.2.4.1
1.6.25258.8.2.1.9.2.9.4
1.6.25315.8.2.1
1.6.25384.8.2.1.17.3
1.6.25404.8.2.1.4.3.5.1.3
1.6.25547.8.2.1.3.1.1.13.15
1.6.25569.8.2.1.4.6
1.6.25578.8.2.1.15
1.6.25625.8.2.1.2.2
1.6.25819.8.2.1.11
1.6.25826.8.2.1
1.6.25865.8.2.1.28.1.1.1
1.6.25903.8.2.1.11.2.6.2.50
1.6.26072.8.2.1.8.5.16.3
1.6.26119.8.2.1
1.6.26122.8.2.1
1.6.26138.8.2.1.5
1.6.26141.8.2.1
1.6.26180.8.2.1.3.1.3.5.35
1.6.26398.8.2.1.1
1.6.26449.8.2.1.2.1.4
1.6.26528.8.2.1.19
1.6.26694.8.2.1.19.4.10.2
1.6.26761.8.2.1
1.6.26813.8.2.1.3.1
1.6.26910.8.2.1.14.2.9.5.14
1.6.26917.8.2.1.10.3.17.6
1.6.27000.8.2.1
1.6.27062.8.2.1.11
1.6.27435.8.2.1
1.6.27480.8.2.1.26.1.30.1.21.41
1.6.27499.8.2.1
1.6.27563.8.2.1.9.1.2
1.6.27855.8.2.1.11.3.8.5
1.6.27929.8.2.1.1.1.3
1.6.27987.8.2.1.8
1.6.28034.8.2.1.12
1.6.28053.8.2.1.15.1.5.1.3
1.6.28087.8.2.1.17.2
1.6.28194.8.2.1.2.1
1.6.28373.8.2.1.1.8.2.2.1
1.6.28411.8.2.1.9
1.6.28640.8.2.1.4
1.6.28677.8.2.1.16
1.6.28806.8.2.1.14.3
1.6.28960.8.2.1.5.1.1.3.11
1.6.28979.8.2.1
1.6.29040.8.2.1.18.4
1.6.29073.8.2.1
1.6.29220.8.2.1.10.6.10
1.6.29348.8.2.1.15.2.19.1
1.6.29355.8.2.1.10.3.3.1
1.6.29577.8.2.1.1
1.6.29663.8.2.1
1.6.29692.8.2.1.21.5.9.3.2
1.6.29732.8.2.1
1.6.29911.8.2.1
1.6.30111.8.2.1.2
1.6.30191.8.2.1.4.1
1.6.30449.8.2.1.16
1.6.30466.8.2.1.13
1.6.30573.8.2.1.2.1.29
1.6.30703.8.2.1
1.6.30856.8.2.1.12.1.4
1.6.30969.8.2.1.4.4
1.6.31384.8.2.1.9.2
1.6.31423.8.2.1.3.1.7
1.6.31602.8.2.1.5
1.6.31648.8.2.1.2
1.6.31897.8.2.1.9.1.22.5
1.6.32141.8.2.1.5
1.6.32161.8.2.1.12.2
1.6.32180.8.2.1.3
1.6.32184.8.2.1.13.4
1.6.32274.8.2.1.20
1.6.32433.8.2.1.39.6
1.6.32437.8.2.1
1.6.32475.8.2.1
1.6.32485.8.2.1.2
1.6.32558.8.2.1
1.6.32596.8.2.1
1.6.32750.8.2.1.16.2
1.6.32755.8.2.1.1.1
1.6.32837.8.2.1.4.1.2.2
1.6.32964.8.2.1.9.3
1.6.32970.8.2.1
1.6.33017.8.2.1.22.1.1.1
1.6.33044.8.2.1
1.6.33099.8.2.1.10.2
1.6.33100.8.2.1.12.2.6.1.2
1.6.33128.8.2.1.12.1.12.2.26
1.6.33174.8.2.1
1.6.33280.8.2.1.1.1
1.6.33370.8.2.1.17
1.6.33398.8.2.1.15.1.5
1.6.33427.8.2.1.6.1.1.1
1.6.33519.8.2.1.9.2.9.4
1.6.33576.8.2.1
1.6.33645.8.2.1.17.3
1.6.33665.8.2.1.4.3.5.1.3
1.6.33781.8.2.1.4.2.14.2
1.6.33826.8.2.1.4.6
1.6.33835.8.2.1.15
1.6.33883.8.2.1.2.2
1.6.33912.8.2.1.13.2
1.6.33918.8.2.1.14.2.5.3.1
1.6.34042.8.2.1.15.2
1.6.34060.8.2.1.14.5.46.3.15
1.6.34125.8.2.1.5.7.7.1
1.6.34166.8.2.1.11.2.6.2.48
1.6.34269.8.2.1
1.6.34308.8.2.1.8.5.16.3
1.6.34355.8.2.1
1.6.34358.8.2.1
1.6.34374.8.2.1.5
1.6.34377.8.2.1
1.6.34416.8.2.1.3.1.3.5.35
1.6.34576.8.2.1.2
1.6.34589.8.2.1.15.2
1.6.34624.8.2.1.1
1.6.34675.8.2.1.2.1.4
1.6.34754.8.2.1.19
1.6.34896.8.2.1.31.1.30.3
1.6.34959.8.2.1
1.6.35070.8.2.1.20.4.14.1
1.6.35101.8.2.1.10
1.6.35122.8.2.1.2.2.4.4
1.6.35196.8.2.1.4.2.3
1.6.35255.8.2.1.11
1.6.35671.8.2.1.7.1.4.3
1.6.35697.8.2.1.19.2.7.1.19
1.6.35765.8.2.1.9.1.2
1.6.36049.8.2.1.3
1.6.36064.8.2.1.1.1.31.1
1.6.36118.8.2.1.1.1.3
1.6.36135.8.2.1.13.2.4.1
1.6.36159.8.2.1.10.4.14
1.6.36210.8.2.1.2.1.3
1.6.36224.8.2.1.16.1.1.1
1.6.36230.8.2.1.15.1.5.1.3
1.6.36346.8.2.1.2.1
1.6.36521.8.2.1.1.8.2.2.1
1.6.36559.8.2.1.9
1.6.36801.8.2.1.4
1.6.36838.8.2.1.16
1.6.36952.8.2.1
1.6.37140.8.2.1.2.1.10
1.6.37198.8.2.1
1.6.37203.8.2.1.2.1
1.6.37240.8.2.1.5
1.6.37375.8.2.1.10.6.10
1.6.37478.8.2.1.17.7.8.3.6
1.6.37499.8.2.1.15.2.21.1
1.6.37506.8.2.1.10.3.3.1
1.6.37733.8.2.1.1
1.6.37846.8.2.1.11.2.6
1.6.38078.8.2.1
1.6.38319.8.2.1.2.1
1.6.38525.8.2.1.5.4
1.6.38630.8.2.1.16
1.6.38647.8.2.1.14
1.6.38752.8.2.1.2.1.29
1.6.38881.8.2.1.1.7
1.6.38898.8.2.1.11.8
1.6.39029.8.2.1.12.1.4
1.6.39080.8.2.1
1.6.39143.8.2.1.8.1
1.6.39158.8.2.1
1.6.39447.8.2.1.12.2.15.4
1.6.39658.8.2.1.29.9.16.5.3
1.6.39824.8.2.1.5
1.6.39869.8.2.1.2
1.6.39981.8.2.1.5.6
1.6.40138.8.2.1.9.1.22.5
1.6.40379.8.2.1.5
1.6.40399.8.2.1.12.2
1.6.40418.8.2.1.3
1.6.40422.8.2.1.13.4
1.6.40512.8.2.1.20
1.6.40668.8.2.1.39.6
1.6.40672.8.2.1
1.6.40710.8.2.1
1.6.40721.8.2.1.5
1.6.40820.8.2.1
1.6.40981.8.2.1.16.2
1.6.40986.8.2.1.1.1
1.6.41154.8.2.1.9.4
1.6.41302.8.2.1.22.1.1.1
1.6.41329.8.2.1
1.6.41384.8.2.1.10.2
1.6.41385.8.2.1.12.2.6.1.2
1.6.41413.8.2.1.12.1.12.2.26
1.6.41571.8.2.1.1.1
1.6.41648.8.2.1.2.2.1.1.40
1.6.41672.8.2.1.4.1.16
1.6.41698.8.2.1.8.4
1.6.41777.8.2.1.7.3
1.6.41786.8.2.1.9.2.9.4
1.6.41929.8.2.1.2.2.13
1.6.42063.8.2.1.1.1
1.6.42077.8.2.1.4.2.5.2.13
1.6.42118.8.2.1.20.2
1.6.42165.8.2.1.2.2
1.6.42323.8.2.1.15.2
1.6.42339.8.2.1.27.5.49.3.15
1.6.42404.8.2.1.5.7.7.1
1.6.42448.8.2.1.14
1.6.42580.8.2.1
1.6.42603.8.2.1
1.6.42626.8.2.1.3.1
1.6.42678.8.2.1
1.6.42681.8.2.1
1.6.42697.8.2.1.5
1.6.42700.8.2.1
1.6.42740.8.2.1.6
1.6.42971.8.2.1.7
1.6.43021.8.2.1.2.1.4
1.6.43100.8.2.1.19
1.6.43263.8.2.1.19.4.10.2
1.6.43461.8.2.1.2.1.4.1
1.6.43477.8.2.1.14.2.9.5.14
1.6.43484.8.2.1.10.3.17.6
1.6.43519.8.2.1.4.1.3.5
1.6.43565.8.2.1.4.2.3
1.6.43624.8.2.1.11
1.6.44042.8.2.1.26.1.30.1.21.48
1.6.44056.8.2.1.19.2.7.1.56
1.6.44414.8.2.1
1.6.44472.8.2.1.1.1.3
1.6.44489.8.2.1.13.2.4.1
1.6.44513.8.2.1.10.4.14
1.6.44566.8.2.1.7
1.6.44585.8.2.1.15.1.5.1.3
1.6.44619.8.2.1.17.2
1.6.44726.8.2.1.2.1
1.6.44893.8.2.1.1.8.2.2.1
1.6.44931.8.2.1.9
1.6.44996.8.2.1
1.6.45178.8.2.1.4
1.6.45216.8.2.1.9
1.6.45331.8.2.1.14.3
1.6.45498.8.2.1.2.1.10
1.6.45556.8.2.1.18.4
1.6.45584.8.2.1.13.6.20.9.11
1.6.45690.8.2.1.4.2.3.1
1.6.45789.8.2.1.17.7.8.3.6
1.6.45810.8.2.1.15.2.21.1
1.6.45817.8.2.1.10.3.3.1
1.6.46046.8.2.1.1
1.6.46161.8.2.1.21.5.9.3.2
1.6.46196.8.2.1
1.6.46384.8.2.1
1.6.46486.8.2.1.16.3.26.3
1.6.46562.8.2.1.2
1.6.46607.8.2.1.2.1
1.6.46654.8.2.1.4.1
1.6.46780.8.2.1.40.1
1.6.46813.8.2.1.5.4
1.6.46900.8.2.1.4.1.5.1.7
1.6.47035.8.2.1.2.1.29
1.6.47166.8.2.1.1.7
1.6.47183.8.2.1.11.8
1.6.47425.8.2.1.13.1
1.6.47440.8.2.1
1.6.47721.8.2.1.12.2.15.4
1.6.47836.8.2.1.9.2
1.6.47884.8.2.1.15.8.24.2.3
1.6.48051.8.2.1.5
1.6.48094.8.2.1.2
1.6.48369.8.2.1.9.1.22.5
1.6.48604.8.2.1.16.1.2.3.4
1.6.48623.8.2.1
1.6.48643.8.2.1.3
1.6.48647.8.2.1.13.4
1.6.48741.8.2.1.20
1.6.48895.8.2.1.39.6
1.6.48899.8.2.1
1.6.48931.8.2.1.15.1.1
1.6.48933.8.2.1.1.1.6.2.3
1.6.49028.8.2.1
1.6.49172.8.2.1.16.2
1.6.49177.8.2.1.1.1
1.6.49247.8.2.1.3.3.32.1
1.6.49256.8.2.1.4.1.2.2
1.6.49326.8.2.1.9.4
1.6.49471.8.2.1.22.1.1.1
1.6.49497.8.2.1
1.6.49552.8.2.1.10.2
1.6.49553.8.2.1.12.2.6.1.2
1.6.49581.8.2.1.12.1.12.2.26
1.6.49725.8.2.1.3.2.3.4.24
1.6.49833.8.2.1.17
1.6.49861.8.2.1.15.1.5
1.6.49888.8.2.1.3.3.50.5
1.6.49965.8.2.1.9.2.9.4
1.6.50021.8.2.1.3.1
1.6.50091.8.2.1.17.3
1.6.50111.8.2.1.4.3.5.1.3
1.6.50248.8.2.1.3.1.1.13.15
1.6.50270.8.2.1.4.6
1.6.50279.8.2.1.15
1.6.50335.8.2.1.2.2
1.6.50514.8.2.1.24.10.29.3.15
1.6.50579.8.2.1.5.7.7.1
1.6.50623.8.2.1.14
1.6.50733.8.2.1
1.6.50755.8.2.1
1.6.50828.8.2.1.17.2.48.5
1.6.50829.8.2.1.19
1.6.51083.8.2.1.1
1.6.51136.8.2.1.15
1.6.51217.8.2.1.19
1.6.51375.8.2.1
1.6.51543.8.2.1.20.4.14.1
1.6.51574.8.2.1.10
1.6.51595.8.2.1.2.2.4.4
1.6.51670.8.2.1
1.6.51703.8.2.1
1.6.51731.8.2.1.7.6.22.5.18
1.6.51933.8.2.1.2.2
1.6.51982.8.2.1.8.1
1.6.52089.8.2.1
1.6.52136.8.2.1.26.1.30.1.21.48
1.6.52150.8.2.1.19.2.7.1.56
1.6.52503.8.2.1.11.3.8.5
1.6.52512.8.2.1.1.1.2.1
1.6.52617.8.2.1.10.4.14
1.6.52670.8.2.1.7
1.6.52689.8.2.1.15.1.5.1.3
1.6.52804.8.2.1.2.1
1.6.52978.8.2.1.1.8.2.2.1
1.6.53016.8.2.1.9
1.6.53241.8.2.1.4
1.6.53278.8.2.1.16
1.6.53332.8.2.1.4
1.6.53387.8.2.1
1.6.53567.8.2.1.5.1.1.3.11
1.6.53586.8.2.1
1.6.53647.8.2.1.18.4
1.6.53679.8.2.1.5
1.6.53704.8.2.1
1.6.53829.8.2.1.10.6.10
1.6.53930.8.2.1.17.7.8.3.6
1.6.53951.8.2.1.15.2.21.1
1.6.53958.8.2.1.10.3.3.1
1.6.54199.8.2.1.1
1.6.54239.8.2.1
1.6.54314.8.2.1.11.2.6
1.6.54525.8.2.1
1.6.54621.8.2.1.18.3.11.3
1.6.54783.8.2.1.4.1
1.6.55047.8.2.1.16
1.6.55312.8.2.1.1.11
1.6.55329.8.2.1.11.8
1.6.55505.8.2.1
1.6.55568.8.2.1.8.1
1.6.55583.8.2.1
1.6.56003.8.2.1.9.2
1.6.56054.8.2.1.29.9.16.5.3
1.6.56212.8.2.1.2
1.6.56227.8.2.1.17
1.6.56265.8.2.1.3.1.8
1.6.56327.8.2.1.9.1
1.6.56420.8.2.1
1.6.56521.8.2.1.9.1.22.5
1.6.56767.8.2.1.16.1.2.3.4
1.6.56786.8.2.1
1.6.56806.8.2.1.3
1.6.56810.8.2.1.13.4
1.6.56896.8.2.1.20
1.6.57077.8.2.1
1.6.57115.8.2.1
1.6.57125.8.2.1.2
1.6.57357.8.2.1.9.1.2.1
1.6.57394.8.2.1.5.1
1.6.57399.8.2.1.1.1
1.6.57481.8.2.1.4.1.2.2
1.6.57544.8.2.1.9.4
1.6.57627.8.2.1.9.3
1.6.57633.8.2.1
1.6.57678.8.2.1.22.1.1.1
1.6.57707.8.2.1
1.6.57762.8.2.1.10.2
1.6.57763.8.2.1.12.2.6.1.2
1.6.57791.8.2.1.12.1.12.2.26
1.6.57843.8.2.1
1.6.57949.8.2.1.1.1
1.6.58039.8.2.1.17
1.6.58067.8.2.1.15.1.5
1.6.58094.8.2.1.3.3.50.5
1.6.58165.8.2.1.4.5
1.6.58183.8.2.1
1.6.58220.8.2.1.2.2.29.1
1.6.58234.8.2.1.3.1
1.6.58304.8.2.1.17.3
1.6.58324.8.2.1.4.3.5.1.3
1.6.58453.8.2.1.3.1.1.13.15
1.6.58475.8.2.1.4.6
1.6.58484.8.2.1.15
