1.1.1.54.25.2.15.11.12.3.16
1.1.1.125.5.1.1.4
1.1.1.159.8.1.6
1.1.1.208.29.3.8
1.1.1.213.3
1.1.1.275.13.2.5.2.4.2
1.1.1.277.11.1.8.4
1.1.1.320.14.4.6.1.4.3
1.1.1.381.36.1.4.3.14
1.1.1.387.14.2.10.1
1.1.1.390.9.1.4.4
1.1.1.410.13.1.4
1.1.1.429.18.2.7.12
1.1.1.434.8.2.4
1.1.1.510.5.1.3.2.15.2.25
1.1.1.558.19.2.31
1.1.1.629.9.4.4.9
1.1.1.646.34.3.5
1.1.1.652.5.1.9
1.1.1.663.5.1.4.11
1.1.1.713.5.1
1.1.1.741.5.1.2.5.10
1.1.1.805.21.2.17
1.1.1.810.5.1
1.1.1.859.5.1
1.1.1.871.10.1.4.2.4
1.1.1.1068.5.1.1.1
1.1.1.1130.5.1.3.6.11
1.1.1.1131.5.1.3.1.14.15
1.1.1.1176.5.1
1.1.1.1237.33.2.9.1.2.1
1.1.1.1238.42.4
1.1.1.1263.5.1.2
1.1.1.1283.11.1.7.2.16
1.1.1.1297.14.2
1.1.1.1342.5.1.14
1.1.1.1373.5.1.3
1.1.1.1445.5.1.3.1.3.1
1.1.1.1489.16.1.6.2.1.1.31.43
1.1.1.1519.9.1.16
1.1.1.1524.21.4.8.14
1.1.1.1565.6
1.1.1.1626.8.2.9.5
1.1.1.1663.16.1.5.2.1.4.8.3
1.1.1.1672.5.1.1
1.1.1.1774.5.1.3.1
1.1.1.1789.34.2.25.1.22
1.1.1.1834.13.1.4.1
1.1.1.1885.5.1.7.1
1.1.1.1929.11.1.4
1.1.1.1943.28.2.15.2.2.1
1.1.1.2118.5.1.4.9.6
1.1.1.2182.5.1.1
1.1.1.2337.17
1.1.1.2426.22.2.30.1.35.3
1.1.1.2454.9.1.5
1.1.1.2551.27.1.4.2
1.1.1.2559.19.1.11
1.1.1.2622.12.1.4
1.1.1.2627.5.1.4
1.1.1.2628.5.1.2
1.1.1.2765.5.1.9.9
1.1.1.2825.9.1.12
1.1.1.2847.27.2.6.4.23.5
1.1.1.2850.15.3
1.1.1.2893.5.1.1
1.1.1.2985.17.2.22.2.20.6.25
1.1.1.3112.5.1.8.2.2.3.6
1.1.1.3192.5.1.29.22.14
1.1.1.3297.42.2.6.3.5
1.1.2.3341.5.1
1.1.2.3404.5.1
1.1.2.3415.32.1.12.9
1.1.2.3466.5.1.3.3.7.6.8
1.1.2.3468.5.1.1
1.1.2.3485.5.1.3
1.1.2.3508.21.1.62
1.1.2.3705.28.1.4
1.1.2.3711.5.1.4
1.1.2.3718.31.1.10
1.1.2.3780.15.2.5.4.2.1
1.1.2.3932.39.1.11.7
1.1.2.3997.5.1.2.3.6.2.11
1.1.2.4084.5.1
1.1.2.4125.5.1.1
1.1.2.4182.5.1
1.1.2.4192.5.1.6.1.13.1.21
1.1.2.4210.16.3.5.8.43.2
1.1.2.4223.14.2.32
1.1.2.4261.52.4.8.2
1.1.2.4268.29.1.25.19
1.1.2.4349.28.1.38.4
1.1.2.4364.13.2.15.9.10.8.8
1.1.2.4488.14.2.25
1.1.2.4521.31.2.6
1.1.2.4552.10.1.5.6
1.1.2.4567.5.1.1
1.1.2.4740.18.1.10.3
1.1.2.4852.5.1.1.5.4.1
1.1.2.4870.17.4
1.1.2.4921.9.2.17.12
1.1.2.5064.13.1.4
1.1.2.5096.24.2.17.1.27.5
1.1.2.5208.5.1
1.1.2.5211.25.2.9.10.4.2
1.1.2.5211.29.1.14
1.1.2.5248.17.2
1.1.2.5280.13.1.14
1.1.2.5414.5.1
1.1.2.5428.25.2.15.40.14.3.17
1.1.2.5500.5.1.4.2
1.1.2.5572.29.3.8
1.1.2.5642.24.3.8.18
1.1.2.5701.5.1.1.2
1.1.2.5727.23.1.25.3
1.1.2.5781.36.1.4.3.10
1.1.2.5787.14.2.10.1
1.1.2.5790.9.1.4.4
1.1.2.5810.13.1.4
1.1.2.5827.34.2.17.15
1.1.2.5837.6
1.1.2.5949.19.2.31
1.1.2.6011.49.5.4
1.1.2.6038.5.1.1
1.1.2.6053.5.1.4.11
1.1.2.6103.5.1
1.1.2.6263.5.1.15.6
1.1.2.6321.3
1.1.2.6416.5.1.3
1.1.2.6466.5.1.1.1
1.1.2.6502.10.3.4
1.1.2.6505.30.1.14.9
1.1.2.6522.5.1.3.21.13
1.1.2.6523.5.1.3.1.16.4
1.1.2.6568.5.1
1.1.2.6651.5.1.2
1.1.2.6670.11.1.7.2.16
1.1.2.6760.22.1.12.9
1.1.2.6840.5.1.3
1.1.2.6867.15.2.10.11.18.1.9.66
1.1.2.6888.9.1.16
1.1.2.6893.21.4.8.14
1.1.2.6934.6
1.1.2.6995.8.2.9.5
1.1.2.7032.16.1.5.2.1.4.11.3
1.1.2.7158.5.1.3.1
1.1.2.7173.34.2.25.1.23
1.1.2.7218.13.1.4.1
1.1.2.7269.5.1.7.1
1.1.2.7281.44.2.19.3
1.1.2.7461.5.1.1
1.1.2.7506.5.1.1.1.9
1.1.2.7570.5.1.1
1.1.2.7647.22.2.7.16.12.2
1.1.2.7651.5.1.1.1
1.1.2.7826.22.2.30.1.41.4
1.1.2.7968.3
1.1.2.8026.5.1.8.3.4.2.4
1.1.2.8157.24.2.29.4.10.2.22
1.1.2.8176.5.1.8.6
1.1.2.8195.5.1.43.12.56
1.1.2.8217.9.1.12
1.1.2.8239.27.2.6.4.23.5
1.1.2.8242.15.3
1.1.2.8283.14.2.5
1.1.2.8316.5.1.2.4.22
1.1.2.8379.17.2.22.2.21
1.1.2.8506.5.1.8.2.2.3.6
1.1.2.8577.5.1.1.1
1.1.2.8686.5.1.1
1.1.2.8701.8.4.4
1.1.2.8733.41.2.5.9.14.1
1.1.2.8814.46.1.17.7
1.1.2.8869.5.1.3.3.7.6.8
1.1.2.8871.5.1.1
1.1.2.8912.21.1.62
1.1.2.9122.5.1
1.1.2.9137.5.1.14.1.1.3
1.1.2.9139.14.1.4
1.1.2.9144.25.3.4.3
1.1.2.9203.15.2.5.4.2.1
1.1.2.9421.5.1.2.3.6.2.11
1.1.2.9442.10.1.13.12
1.1.2.9499.14.1.4.7
1.1.2.9519.5.1
1.1.2.9560.5.1.1
1.1.2.9616.5.1
1.1.2.9628.20.2.5.6.18
1.1.2.9636.31.2.15.9.6.1
1.1.2.9645.30.2.10.6
1.1.2.9653.15.2.11
1.1.2.9688.52.4.8.2
1.1.2.9695.29.1.25.19
1.1.2.9960.14.3.10
1.1.2.10001.10.1.5.6
1.1.2.10014.5.1.1
1.1.2.10079.22.2.10.7
1.1.2.10212.18.1.10.3
1.1.2.10326.5.1.1.5.4.1
1.1.2.10349.17.4
1.1.2.10383.13.1.6
1.1.2.10393.11.1.4.2.10
1.1.2.10580.12
1.1.2.10580.14.2
1.1.2.10705.11.1.4
1.1.2.10713.8.2.4
1.1.2.10715.5.1.2.1.5.1.2
1.1.2.10724.17.2
1.1.2.10756.13.1.14
1.1.2.10916.13.2.15.5
1.1.2.10923.5.1.1.8.5.3.10
1.1.2.10972.14.5.5
1.1.2.10990.5.1.1.4
1.1.2.11024.8.1.6
1.1.2.11073.29.3.8
1.1.2.11078.3
1.1.2.11110.22.1.16.8
1.1.2.11133.11.1.5.1
1.1.2.11192.14.4.6.1.4.3
1.1.2.11262.19.2.5.16
1.1.2.11273.5.1.2.1.3.2
1.1.2.11280.5.1.9
1.1.2.11308.5.1
1.1.2.11437.19.2.31
1.1.2.11515.9.4.4.9
1.1.2.11532.34.3.5
1.1.2.11538.5.1.9
1.1.2.11549.5.1.4.11
1.1.2.11599.5.1
1.1.2.11627.5.1.2.5.10
1.1.2.11735.34
1.1.2.11740.5.1.15.6
1.1.2.11777.3
1.1.2.11916.39.1.4
1.1.2.11975.5.1.3.7.11
1.1.2.11976.5.1.3.1.14.5
1.1.2.12087.15
1.1.2.12103.49.3.47.1.3.2
1.1.2.12120.11.1.7.2.16
1.1.2.12212.26.2.5.12.8
1.1.2.12293.5.1.3
1.1.2.12319.16.1.6.2.1.1.46.53
1.1.2.12349.9.1.16
1.1.2.12354.21.4.8.14
1.1.2.12395.6
1.1.2.12454.8.2.9.5
1.1.2.12501.5.1.1
1.1.2.12607.5.1.3.1
1.1.2.12622.34.2.25.1.23
1.1.2.12665.13.1.4.1
1.1.2.12717.26.2
1.1.2.12764.43.2.24.11.15.1
1.1.2.12850.5.1.8.2
1.1.2.12926.5.1.1.1.9
1.1.2.13144.9.1.14
1.1.2.13191.27
1.1.2.13202.5.1.14.1
1.1.2.13220.5.1
1.1.2.13240.22.2.30.1.24.2
1.1.2.13357.9.1.4.2
1.1.2.13365.9.1.5
1.1.2.13368.25.2.19.4.7.2.2
1.1.2.13422.5.1.2
1.1.2.13546.5.1.9.9
1.1.2.13565.5.1.8.6
1.1.2.13605.18.1.24
1.1.2.13627.27.2.6.4.23.5
1.1.2.13630.15.3
1.1.2.13671.14.2.5
1.1.2.13707.5.1
1.1.2.13770.29.2.13
1.1.2.13777.17
1.1.2.13904.5.1.8.2.2.3.6
1.1.2.13987.24.1.13.8
1.1.2.14082.16.2.4
1.1.2.14098.13.3.17.11.12.6.12
1.1.2.14119.5.1.2.10
1.1.2.14254.5.1.3.3.7.6.8
1.1.2.14256.5.1.1
1.1.2.14297.21.1.62
1.1.2.14399.5.1.1.2.1.1.1
1.1.2.14496.5.1.1.1
1.1.2.14529.28.1.4
1.1.2.14537.12.1.7.11
1.1.2.14539.12.1.23
1.1.2.14544.5.1.12.4.4.2.2
1.1.2.14732.30.5.48.31
1.1.2.14790.5.1.2.3.6.2.11
1.1.2.14812.10.1.13.12
1.1.2.14869.14.1.4.7
1.1.2.14889.5.1
1.1.2.14914.26.3.8
1.1.2.14935.5.1.1
1.1.2.14980.5.1.6.3
1.1.2.14997.5.1
1.1.2.15009.20.2.5.6.18
1.1.2.15017.31.2.15.9.6.1
1.1.2.15026.30.2.10.6
1.1.2.15034.15.2.11
1.1.2.15069.31.4.8.2
1.1.2.15076.29.1.25.19
1.1.2.15267.18.1.8.4
1.1.3.15344.14.3.10
1.1.3.15377.10.1.5.6
1.1.3.15390.5.1.1
1.1.3.15461.22.2.10.7
1.1.3.15591.18.1.10.3
1.1.3.15706.5.1.8.1
1.1.3.15774.9.2.17.12
1.1.3.15899.9.1.7.2
1.1.3.15953.11
1.1.3.15953.13.2
1.1.3.16051.5.1.3.3.5.3
1.1.3.16067.11.1.4
1.1.3.16076.24.2.7
1.1.3.16110.13.1.14
1.1.3.16241.5.1.2.2.14.1
1.1.3.16256.5.1.3.1.2
1.1.3.16327.5.1.1.4
1.1.3.16361.8.1.6
1.1.3.16410.29.3.8
1.1.3.16415.3
1.1.3.16479.5.1.10
1.1.3.16529.14.4.6.1.4.3
1.1.3.16559.17.1.8
1.1.3.16606.8.1.6.3.4
1.1.3.16617.9.1.4.4
1.1.3.16641.14.2
1.1.3.16757.16.2
1.1.3.16775.5.1.3.5.40.7
1.1.3.16777.5.1.8
1.1.3.16838.9.4.4.9
1.1.3.16863.5.1.2.1.1
1.1.3.16875.5.1.14.6
1.1.3.16926.5.1
1.1.3.16954.5.1.2.5.10
1.1.3.17063.5.1
1.1.3.17075.10.1.4.2.4
1.1.3.17221.5.1.3
1.1.3.17264.5.1.1
1.1.3.17311.5.1.3.21.13
1.1.3.17312.5.1.3.1.16.4
1.1.3.17357.5.1
1.1.3.17421.15
1.1.3.17444.5.1.2
1.1.3.17463.11.1.7.2.16
1.1.3.17522.5.1.14
1.1.3.17632.5.1.3.1.3.1
1.1.3.17679.16.1.6.2.1.1.32.53
1.1.3.17714.14.1.8.2
1.1.3.17717.5.1.2.13.45
1.1.3.17758.6
1.1.3.17813.13.2.4.15
1.1.3.17851.18.2.21.11
1.1.3.17865.18.6.19.18.27
1.1.3.17881.5.1.2.11.3.6.10
1.1.3.17963.5.1.3.1
1.1.3.17978.34.2.25.1.23
1.1.3.18023.13.1.4.1
1.1.3.18075.26.2
1.1.3.18139.15.3.12.11.9.1
1.1.3.18288.5.1.5.1.9.6
1.1.3.18326.5.1.1.1.9
1.1.3.18390.5.1.1
1.1.3.18643.22.2.30.1.41.4
1.1.3.18671.9.1.5
1.1.3.18699.13.1.6
1.1.3.18775.27.1.4.2
1.1.3.18783.9.1.5
1.1.3.18786.25.2.19.4.7.2.2
1.1.3.18840.5.1.2
1.1.3.18984.5.1.8.6
1.1.3.19024.18.1.24
1.1.3.19046.27.2.6.4.23.5
1.1.3.19049.15.3
1.1.3.19092.5.1.1
1.1.3.19122.11.1.4.1
1.1.3.19132.5.1.9.2.27.1.21
1.1.3.19182.17.2.22.2.20.6.25
1.1.3.19309.5.1.8.2.2.3.6
1.1.3.19380.5.1.1.1
1.1.3.19399.5.1.1.2.15.5.41
1.1.3.19488.11.2.4
1.1.3.19510.14.4.39.2
1.1.3.19522.8.4.4
1.1.3.19577.5.1.2.1
1.1.3.19693.5.1.3.3.7.6.8
1.1.3.19695.5.1.1
1.1.3.19737.21.1.62
1.1.3.19956.28.1.4
1.1.3.19964.12.1.7.11
1.1.3.19966.12.1.23
1.1.3.19971.5.1.12.4.4.2.2
1.1.3.20028.15.2.5.4.2.1
1.1.3.20161.30.5.51.31
1.1.3.20225.15.2.7.1.3.2.9
1.1.3.20250.5.1.6.2.5.2.10
1.1.3.20305.21.2.5.6.19
1.1.3.20353.26.3.8
1.1.3.20381.16.3.12
1.1.3.20413.5.1.1.2.9.5
1.1.3.20440.5.1
1.1.3.20478.22.3.6.1
1.1.3.20486.15.2.11
1.1.3.20536.5.1.3.2
1.1.3.20543.5.1.1.1.5
1.1.3.20615.28.1.38.4
1.1.3.20630.13.2.15.9.10.8.8
1.1.3.20726.18.1.8.4
1.1.3.20804.14.3.10
1.1.3.20845.10.1.5.6
1.1.3.20858.5.1.1
1.1.3.20973.9.2.9
1.1.3.20985.21.1.10.17
1.1.3.21055.11.1.15.2
1.1.3.21064.5.1.2.6
1.1.3.21169.5.1.1.5.4.1
1.1.3.21192.17.4
1.1.3.21226.13.1.6
1.1.3.21239.11.1.4.2.10
1.1.3.21416.5.1.1.1
1.1.3.21422.55.4.12
1.1.3.21549.5.1.2.2.15
1.1.3.21560.24.3.22.12.4.1.1.15
1.1.3.21729.25.2.15.11.22.3.15
1.1.3.21800.5.1.1.4
1.1.3.21834.8.1.6
1.1.3.21883.29.3.8
1.1.3.21918.20.1.8.7
1.1.3.21994.14.4.6.1.4.3
1.1.3.22018.23.1.25.3
1.1.3.22072.36.1.4.3.10
1.1.3.22078.14.2.10.1
1.1.3.22081.9.1.4.4
1.1.3.22105.14.2
1.1.3.22246.19.2.31
1.1.3.22315.9.4.4.9
1.1.3.22332.34.3.5
1.1.3.22338.5.1.9
1.1.3.22349.5.1.4.11
1.1.3.22377.6
1.1.3.22399.5.1
1.1.3.22427.5.1.2.5.10
1.1.3.22547.5.1.5.7
1.1.3.22640.5.1.26.14
1.1.3.22741.5.1.1.1
1.1.3.22785.5.1.1.9.11
1.1.3.22819.9.2.8.4
1.1.3.22872.5.1
1.1.3.23011.30
1.1.3.23041.5.1.14
1.1.3.23146.5.1.3.1.3.1
1.1.3.23192.16.1.6.2.1.1.31.41
1.1.3.23227.14.1.8.2
1.1.3.23230.5.1.2.13.45
1.1.3.23271.6
1.1.3.23327.13.2.4.15
1.1.3.23371.5.1.1
1.1.3.23374.5.1
1.1.3.23383.13.1.10.8
1.1.3.23430.33.3.4.7
1.1.3.23505.5.1.10.6
1.1.3.23528.13.1.4.1
1.1.3.23579.5.1.7.1
1.1.3.23811.5.1.1.1.9
1.1.3.23875.5.1.1
1.1.3.24026.17
1.1.3.24115.22.2.30.1.35.3
1.1.3.24168.8.2.8
1.1.3.24245.27.1.4.2
1.1.3.24253.19.1.11
1.1.3.24317.5.1.12
1.1.3.24463.5.1.8.6
1.1.3.24502.9.1.12
1.1.3.24524.27.2.6.4.23.5
1.1.3.24527.15.3
1.1.3.24568.14.2.5
1.1.3.24663.17.2.22.2.21
1.1.3.24803.5.1.15.3.18.1
1.1.3.24965.5.1.11
1.1.3.24969.34.1.38.23.14.11
1.1.3.24982.13.3.17.11.12.4.27
1.1.3.25003.5.1.2.10
1.1.3.25083.5.1
1.1.3.25094.32.1.12.9
1.1.3.25145.5.1.3.3.7.6.8
1.1.3.25147.5.1.1
1.1.3.25188.21.1.62
1.1.3.25410.28.1.4
1.1.3.25418.12.1.7.11
1.1.3.25420.12.1.23
1.1.3.25425.5.1.12.4.4.2
1.1.3.25477.15.2.5.4.2.1
1.1.3.25617.22.2.11.3.4.2.5
1.1.3.25679.15.2.7.1.3.2.9
1.1.3.25704.5.1.6.2.5.2.10
1.1.3.25754.14.1.4.7
1.1.3.25774.5.1
1.1.3.25818.5.1.1
1.1.3.25874.5.1
1.1.3.25886.20.2.5.6.18
1.1.3.25894.31.2.15.9.6.1
1.1.3.25902.22.3.6.1
1.1.3.25911.17.2.8.12
1.1.3.25916.5.1
1.1.3.25950.52.4.8.2
1.1.3.25959.17.1.23.24
1.1.3.26029.28.1.38.4
1.1.3.26048.13.2.15.8.8.2.5
1.1.3.26128.18.1.8.4
1.1.3.26206.14.3.10
1.1.3.26247.10.1.5.6
1.1.3.26260.5.1.1
1.1.3.26329.5.1.6.3.4.2
1.1.3.26465.18.1.10.3
1.1.3.26580.5.1.8.1
1.1.3.26648.9.2.17.12
1.1.3.26767.20.5.13.10.2.4
1.1.3.26788.13.1.4
1.1.3.26820.24.2.17.1.27.5
1.1.3.26931.5.1.3.3.5.3
1.1.3.26953.5.1.6.3.12.2.12
1.1.3.27023.30.1.15
1.1.3.27087.18.1.12
1.1.3.27131.25.2.15.11.12.3.16
1.1.3.27186.14.5.5
1.1.3.27204.5.1.1.4
1.1.3.27238.8.1.6
1.1.3.27331.22.1.16.8
1.1.3.27364.13.2.5.2.4.2
1.1.3.27366.11.1.8.4
1.1.3.27417.5.1.1.2
1.1.3.27443.23.1.25.3
1.1.3.27497.36.1.4.3.10
1.1.3.27508.9.1.4.4
1.1.3.27532.14.2
1.1.3.27677.19.2.31
1.1.3.27752.9.4.4.8
1.1.3.27769.34.3.5
1.1.3.27775.5.1.9
1.1.3.27786.5.1.4.11
1.1.3.27836.5.1
1.1.3.27976.5.1
1.1.3.27988.10.1.4.2.4
1.1.3.28129.15.2.5
1.1.3.28170.5.1.1.1
1.1.3.28214.5.1.1.9.11
1.1.3.28240.5.1.10.3.17.1.16
1.1.3.28289.5.1
1.1.3.28357.15
1.1.3.28380.5.1.2
1.1.3.28399.11.1.7.2.16
1.1.3.28489.22.1.12.8
1.1.4.57.5.1.3.1.3.1
1.1.4.73.11.1.4
1.1.4.75.19.1.4.3
1.1.4.106.16.1.6.2.1.1.11.59
1.1.4.141.14.1.8.2
1.1.4.144.5.1.2.13.45
1.1.4.185.6
1.1.4.242.8.2.9.5
1.1.4.288.5.1.1
1.1.4.363.5.1.7.1.39
1.1.4.384.6
1.1.4.395.5.1
1.1.4.408.34.2.25.1.22
1.1.4.451.13.1.4.1
1.1.4.502.5.1.7.1
1.1.4.514.44.2.19.3
1.1.4.640.25.3.7.9
1.1.4.676.13.4
1.1.4.939.17
1.1.4.1028.22.2.30.1.35.3
1.1.4.1115.6
1.1.4.1136.13.3.8.5.3
1.1.4.1159.9.1.4.2
1.1.4.1167.19.1.11
1.1.4.1236.5.1.8.3.4.2.4
1.1.4.1397.5.1.8.6
1.1.4.1416.5.1.43.12.56
1.1.4.1439.18.1.24
1.1.4.1461.27.2.6.4.23.5
1.1.4.1464.15.3
1.1.4.1507.5.1.1
1.1.4.1540.11.1.4.1
1.1.4.1600.29.1.4
1.1.4.1912.5.1.11
1.1.4.1916.34.1.38.19.3.1
1.1.4.1929.13.3.17.11.12.4.8
1.1.4.1950.5.1.2.10
1.1.4.2031.5.1
1.1.4.2042.32.1.12.9
1.1.4.2093.5.1.3.3.7.6.8
1.1.4.2095.5.1.1
1.1.4.2136.21.1.62
1.1.4.2348.28.1.4
1.1.4.2356.12.1.7.11
1.1.4.2358.12.1.23
1.1.4.2363.5.1.12.4.4.2.2
1.1.4.2482.3
1.1.4.2488.9.1.5.3
1.1.4.2627.30.1.13
1.1.4.2638.5.1.2.3.6.2.11
1.1.4.2657.10.1.13.12
1.1.4.2740.5.1
1.1.4.2765.26.3.8
1.1.4.2793.16.3.12
1.1.4.2825.5.1.1.2.9.5
1.1.4.2852.5.1
1.1.4.2891.30.2.10.6
1.1.4.2899.15.2.11
1.1.4.2934.31.4.8.2
1.1.4.3018.28.1.38.4
1.1.4.3037.13.2.15.8.8.2.5
1.1.4.3128.13.2.4.2
1.1.4.3148.14.2.50
1.1.4.3181.31.2.6
1.1.4.3212.10.1.5.6
1.1.4.3227.5.1.1
1.1.4.3294.5.1.1.1
1.1.4.3343.9.2.9
1.1.4.3533.5.1.8.1
1.1.4.3556.54.1.22
1.1.4.3599.13.1.6
1.1.4.3612.38.2.16.19.13
1.1.4.3659.5.1.11.1.1
1.1.4.3662.10.3.13
1.1.4.3746.9.1.7.2
1.1.4.3784.19.2.4
1.1.4.3793.5.1.10.2
1.1.4.3902.5.1
1.1.4.3905.25.2.9.10.4.2
1.1.4.3905.29.1.14
1.1.4.3969.13.1.14
1.1.4.4114.25.2.15.11.22.3.15
1.1.4.4185.5.1.1.4
1.1.4.4219.8.1.6
1.1.4.4268.29.3.8
1.1.4.4273.3
1.1.4.4306.22.1.16.8
1.1.4.4329.11.1.5.1
1.1.4.4342.3
1.1.4.4387.5.1.1.2
1.1.4.4465.19.2.5.17
1.1.4.4478.9.2.4.2
1.1.4.4504.13.1.4
1.1.4.4523.18.2.7.12
1.1.4.4528.8.2.4
1.1.4.4658.19.2.31
1.1.4.4740.5.1.1
1.1.4.4755.5.1.4.11
1.1.4.4783.6
1.1.4.4805.5.1
1.1.4.4833.5.1.2.5.10
1.1.4.4939.5.1.15.6
1.1.4.5025.5.1.26.14
1.1.4.5088.15.2.5
1.1.4.5129.5.1.1.1
1.1.4.5165.10.3.4
1.1.4.5168.30.1.14.9
1.1.4.5191.9.2.8.12
1.1.4.5241.5.1
1.1.4.5448.5.1.3
1.1.4.5537.5.1.3
1.1.4.5563.16.1.6.2.1.1.48.63
1.1.4.5593.9.1.16
1.1.4.5598.21.4.8.14
1.1.4.5637.6
1.1.4.5700.13.2.6.4
1.1.4.5732.24.1.13.3.5
1.1.4.5761.5.1.1
1.1.4.5833.5.1.7.1.59
1.1.4.5873.5.1.3.1
1.1.4.5888.34.2.25.1.24
1.1.4.5977.5.1.7.1
1.1.4.6021.11.1.4
1.1.4.6035.28.2.15.2.2.1
1.1.4.6156.5.1.1
1.1.4.6284.6
1.1.4.6323.19.2.24.7.13.1
1.1.4.6325.10.1.4
1.1.4.6327.26.4.15.20.8.1
1.1.4.6389.11.2.12.3
1.1.4.6487.22.2.30.1.35.3
1.1.4.6538.14.3.24.17
1.1.4.6614.27.1.4.2
1.1.4.6622.19.1.11
1.1.4.6691.5.1.8.3.4.2.4
1.1.4.6838.19.1.14
1.1.4.6892.9.1.12
1.1.4.6914.27.2.6.4.23.5
1.1.4.6931.5.1
1.1.4.6956.5.1.1
1.1.4.6981.11.1.4.1
1.1.4.6991.5.1.9.2.22.1.15
1.1.4.7048.29.2.13
1.1.4.7055.17
1.1.4.7177.31.1.16.12
1.1.4.7186.21.2.4
1.1.4.7247.5.1.1.1
1.1.4.7320.11.2.4
1.1.4.7341.13.2.13.2
1.1.4.7344.5.1.1.1
1.1.4.7357.13.3.17.11.12.6.14
1.1.4.7378.5.1.2.10
1.1.4.7464.46.1.17.7
1.1.4.7515.5.1.3.3.7.6.8
1.1.4.7517.5.1.1
1.1.4.7622.32.1.4.8.5
1.1.4.7646.5.1.1.2.1.1.1
1.1.4.7757.28.1.4
1.1.4.7765.12.1.7.11
1.1.4.7767.12.1.23
1.1.4.7771.5.1.21.29.11.2.4
1.1.4.7970.5.1.14
1.1.4.8052.10.1.4.3
1.1.4.8115.8.2.4.6
1.1.4.8163.26.3.8
1.1.4.8184.5.1.1
1.1.4.8241.5.1
1.1.4.8253.20.2.5.6.18
1.1.4.8261.31.2.15.9.6.1
1.1.4.8270.30.2.10.6
1.1.4.8278.15.2.11
1.1.4.8313.52.4.8.2
1.1.4.8322.17.1.23.24
1.1.4.8557.14.2.25
1.1.4.8590.31.2.6
1.1.4.8621.10.1.5.6
1.1.4.8634.5.1.1
1.1.4.8690.16.1.18
1.1.4.8756.9.2.9
1.1.4.8767.14.5.4.2
1.1.4.8774.29.2.21.2.6.3.13
1.1.4.8826.11.1.15.2
1.1.4.8835.5.1.2.6
1.1.4.8940.5.1.1.5.4.1
1.1.4.9013.9.2.17.12
1.1.4.9168.13.1.4
1.1.4.9200.24.2.17.1.27.5
1.1.4.9334.5.1.6.3.12.2.12
1.1.4.9373.13.1.14
1.1.4.9522.25.2.15.11.12.3.16
1.1.4.9594.5.1.4.2
1.1.4.9667.29.3.8
1.1.4.9672.3
1.1.4.9737.24.3.8.18
1.1.4.9780.14.4.6.1.4.3
1.1.4.9804.23.1.25.3
1.1.4.9858.36.1.4.3.18
1.1.4.9869.9.1.4.4
1.1.4.9889.13.1.4
1.1.4.9906.34.2.17.15
1.1.4.9916.6
1.1.4.9971.5.1.3.2.9.2.17
1.1.4.10019.19.2.31
1.1.4.10090.9.4.4.9
1.1.4.10107.34.3.5
1.1.4.10113.5.1.9
1.1.4.10126.14.2.10
1.1.4.10172.5.1
1.1.4.10200.5.1.2.5.10
1.1.4.10307.5.1.15.6
1.1.4.10344.3
1.1.4.10472.5.1.1.1
1.1.4.10516.5.1.1.9.11
1.1.4.10540.9.2.8.12
1.1.4.10658.33.2.9.1.2.1
1.1.4.10659.42.4
1.1.4.10684.5.1.2
1.1.4.10703.11.1.7.2.16
1.1.4.10717.14.2
1.1.4.10762.5.1.14
1.1.4.10793.5.1.3
1.1.4.10796.5.1
1.1.4.10881.5.1.3
1.1.4.10912.26.3.5.5
1.1.4.10946.14.1.8.2
1.1.4.10949.5.1.2.13.43
1.1.4.10990.6
1.1.4.11051.8.2.9.5
1.1.4.11091.18.2.21.11
1.1.4.11105.18.6.19.18.27
1.1.4.11121.5.1.2.11.3.6.12
1.1.4.11165.5.1.7.1.60
1.1.4.11323.5.1.7.1
1.1.4.11335.44.2.19.3
1.1.4.11380.15.3.12.11.9.1
1.1.4.11521.5.1.1
1.1.4.11622.5.1.1
1.1.4.11777.17
1.1.4.11947.6
1.1.4.11970.5.1.2.9
1.1.4.11994.9.1.4.2
1.1.4.12058.5.1.4
1.1.4.12059.5.1.2
1.1.4.12186.22.3.5.2.2
1.1.4.12203.5.1.8.6
1.1.4.12243.18.1.24
1.1.4.12265.27.2.6.4.23.5
1.1.4.12268.15.3
1.1.4.12311.5.1.1
1.1.4.12344.11.1.4.1
1.1.4.12404.29.1.4
1.1.4.12558.5.1.15.3.18.1
1.1.4.12609.3
1.1.4.12611.5.1
1.1.4.12621.5.1.1.2.9.4.4
1.1.4.12718.5.1.11
1.1.4.12722.34.1.38.19.3.1
1.1.4.12735.13.3.17.11.12.4.8
1.1.4.12756.5.1.2.10
1.1.4.12841.46.1.17.7
1.1.4.12892.5.1.3.3.7.6.8
1.1.4.12894.5.1.1
1.1.4.12911.5.1.3
1.1.4.12934.21.1.62
1.1.4.13126.5.1
1.1.4.13141.5.1.14.1.1.3
1.1.4.13143.14.1.4
1.1.4.13148.25.3.4.3
1.1.4.13206.15.2.5.4.2.1
1.1.4.13344.30.5.48.31
1.1.4.13403.5.1.2.3.6.2.11
1.1.4.13463.14.1.4.7
1.1.4.13469.6
1.1.4.13513.26.3.8
1.1.4.13541.16.3.12
1.1.4.13573.5.1.1.2.9.5
1.1.4.13600.5.1
1.1.4.13639.30.2.10.6
1.1.4.13647.15.2.11
1.1.4.13697.5.1.3.2
1.1.4.13704.5.1.1.1.5
1.1.4.13970.14.3.10
1.1.4.14003.10.1.5.6
1.1.4.14018.5.1.1
1.1.4.14077.5.1.6.3.4.2
1.1.4.14210.9.3.4.1
1.1.4.14318.5.1.8.1
1.1.4.14341.54.1.22
1.1.4.14397.13.2.9.1.3
1.1.4.14421.9.1.4
1.1.4.14551.19.2.4
1.1.4.14684.5.1
1.1.4.14687.25.2.9.10.4.2
1.1.4.14687.29.1.14
1.1.4.14746.13.1.14
1.1.4.14779.30.1.15
1.1.4.14890.5.1.2.2.14.1
1.1.4.14905.5.1.3.1.2
1.1.4.14960.14.5.5
1.1.4.14978.5.1.1.4
1.1.4.15012.8.1.6
1.1.4.15061.29.3.8
1.1.4.15066.3
1.1.4.15098.22.1.16.8
1.1.4.15121.11.1.5.1
1.1.4.15180.14.4.6.1.4.3
1.1.4.15241.36.1.4.3.14
1.1.4.15247.14.2.10.1
1.1.4.15250.9.1.4.4
1.1.4.15274.14.2
1.1.4.15292.3
1.1.4.15293.5.1.1.1.3.2
1.1.4.15299.27.1.14.2.2.1.2
1.1.4.15359.5.1.3.2.15.2.25
1.1.4.15407.19.2.31
1.1.4.15477.9.4.4.9
1.1.4.15494.34.3.5
1.1.4.15500.5.1.9
1.1.4.15511.5.1.4.11
1.1.4.15561.5.1
1.1.4.15589.5.1.2.5.10
1.1.4.15717.5.1.5.7
1.1.4.15751.3
1.1.4.15900.39.1.4
1.1.4.15935.10.3.4
1.1.4.15938.30.1.14.9
1.1.4.15955.5.1.3.21.13
1.1.4.15956.5.1.3.1.16.4
1.1.4.16001.5.1
1.1.4.16033.18.3
1.1.4.16054.33.2.9.1.2.1
1.1.4.16055.42.4
1.1.4.16080.5.1.2
1.1.4.16100.11.1.7.2.16
1.1.4.16118.5.1.1.14.5
1.1.4.16158.5.1.14
1.1.4.16196.22.1.12.8
1.1.4.16254.5.1.2.11
1.1.4.16266.19.1.17.9
1.1.4.16285.16.1.6.2.10.3.26.7
1.1.4.16320.14.1.8.2
1.1.4.16323.5.1.2.13.45
1.1.4.16364.6
1.1.4.16423.8.2.9.5
1.1.4.16463.18.2.21.11
1.1.4.16474.18.6.19.18.29
1.1.4.16490.5.1.2.11.3.8.4
1.1.4.16578.5.1.3.1
1.1.4.16593.34.2.25.1.22
1.1.4.16630.13.1.4.1
1.1.4.16682.26.2
1.1.4.16727.14.2.23.7
1.1.4.17005.6
1.1.4.17044.19.2.24.7.13.1
1.1.4.17046.10.1.4
1.1.4.17048.26.4.15.20.8.1
1.1.4.17110.11.2.12.3
1.1.4.17209.22.2.30.1.41.4
1.1.4.17268.5.1
1.1.4.17314.5.1.2.2
1.1.4.17338.9.1.4.2
1.1.4.17406.5.1.8.3.4.2.4
1.1.4.17533.5.1.9.9
1.1.4.17610.18.1.24
1.1.4.17632.27.2.6.4.23.5
1.1.4.17635.15.3
1.1.4.17676.12.2.4.1
1.1.4.17705.5.1.2.4.22
1.1.4.17768.29.2.13
1.1.4.17775.17
1.1.4.17898.5.1.8.2.2.3.6
1.1.4.18079.5.1.11
1.1.4.18083.34.1.38.23.15.11
1.1.4.18096.13.3.17.11.12.4.27
1.1.4.18117.5.1.2.10
1.1.4.18256.5.1.3.3.7.6.8
1.1.4.18258.5.1.1
1.1.4.18299.21.1.62
1.1.4.18434.12.1.12
1.1.4.18504.28.1.4
1.1.4.18512.12.1.7.11
1.1.4.18514.12.1.23
1.1.4.18518.5.1.21.29.11.2.4
1.1.4.18571.15.2.5.4.2.1
1.1.4.18636.3
1.1.4.18642.9.1.5.3
1.1.4.18795.5.1.2.3.6.2.11
1.1.4.18852.14.1.4.7
1.1.4.18872.5.1
1.1.4.18914.5.1.1
1.1.4.18971.5.1
1.1.4.19010.30.2.10.6
1.1.4.19019.17.2.8.12
1.1.4.19024.5.1
1.1.4.19054.52.4.8.2
1.1.4.19062.5.1.5
1.1.4.19244.18.1.8.4
1.1.4.19322.14.3.10
1.1.4.19355.10.1.5.6
1.1.4.19368.5.1.1
1.1.4.19550.9.3.4.1
1.1.4.19575.5.1
1.1.4.19669.5.1.8.1
1.1.4.19692.54.1.22
1.1.4.19751.28.2.15.1.1.9
1.1.4.19800.5.1
1.1.4.19887.9.1.7.2
1.1.4.19928.32.2.22.7
1.1.4.19939.13.4.14.1
1.1.4.20066.11.1.4
1.1.4.20075.24.2.7
1.1.4.20259.25.2.15.41.18.3.17
1.1.4.20330.5.1.1.4
1.1.4.20364.8.1.6
1.1.4.20413.29.3.8
1.1.4.20451.20.1.8.7
1.1.4.20531.9.2.4
1.1.4.20536.17.1.4
1.1.4.20613.19.2.5.16
1.1.4.20623.14.2.36.1
1.1.4.20626.9.1.4.4
1.1.4.20650.14.2
1.1.4.20668.3
1.1.4.20669.5.1.1.1.3.2
1.1.4.20675.27.1.14.2.2.1.2
1.1.4.20739.5.1.3.2.15.2.25
1.1.4.20787.19.2.31
1.1.4.20852.9.4.4.9
1.1.4.20869.34.3.5
1.1.4.20875.5.1.9
1.1.4.20886.5.1.4.11
1.1.4.20917.50.1.10
1.1.4.20919.5.1.3.1.15.2
1.1.4.20939.5.1
1.1.4.20967.5.1.2.5.10
1.1.4.21031.21.2.17
1.1.4.21036.5.1
1.1.4.21092.5.1.15.6
1.1.4.21129.3
1.1.4.21225.5.1.12
1.1.4.21282.5.1.1.1
1.1.4.21326.5.1.1.9.11
1.1.4.21352.5.1.10.3.17.1.16
1.1.4.21404.5.1
1.1.4.21436.18.3
1.1.4.21457.33.2.9.1.2.1
1.1.4.21458.42.4
1.1.4.21483.5.1.2
1.1.4.21502.11.1.7.2.16
1.1.4.21561.5.1.14
1.1.4.21683.5.1.3
1.1.4.21710.15.2.10.16.27.1.18.54
1.1.4.21731.9.1.16
1.1.4.21736.21.4.8.14
1.1.4.21775.6
1.1.4.21838.13.2.6.4
1.1.4.21870.24.1.13.3.5
1.1.4.21899.5.1.1
1.1.4.22012.5.1.3.1
1.1.4.22027.34.2.25.1.24
1.1.4.22117.26.2
1.1.4.22134.53.2.36.3
1.1.4.22233.9.1.5
1.1.4.22279.22.1.4
1.1.4.22312.5.1.1
1.1.4.22422.5.1.1
1.1.4.22568.11.2.12.3
1.1.4.22620.27
1.1.4.22631.5.1.14.1
1.1.4.22649.5.1
1.1.4.22669.22.2.30.1.24.2
1.1.4.22727.13.1.6
1.1.4.22802.27.1.4.2
1.1.4.22870.5.1.8.3.4.2.4
1.1.4.23046.5.1.43.21.4
1.1.4.23069.18.1.24
1.1.4.23091.27.2.6.4.23.5
1.1.4.23094.15.3
1.1.4.23137.5.1.1
1.1.4.23173.20.1.16.10
1.1.4.23176.9.1.5.14
1.1.4.23224.17.2.22.2.20.6.25
1.1.4.23339.5.1.8.2.2.3.6
1.1.4.23410.5.1.3.3.5.9
1.1.4.23519.5.1.1
1.1.4.23534.8.4.4
1.1.4.23566.41.2.5.9.14.1
1.1.4.23700.5.1.3.3.7.6.8
1.1.4.23702.5.1.1
1.1.4.23719.5.1.3
1.1.4.23742.21.1.62
1.1.4.23929.5.1
1.1.4.23944.5.1.14.1.1.3
1.1.4.23946.14.1.4
1.1.4.23951.25.3.4.3
1.1.4.24139.30.5.51.31
1.1.4.24203.15.2.7.1.3.2.9
1.1.4.24228.5.1.6.2.5.2.10
1.1.4.24277.8.2.4.6
1.1.4.24325.26.3.8
1.1.4.24349.16.3.12
1.1.4.24404.5.1
1.1.4.24442.22.3.6.1
1.1.4.24451.17.2.8.12
1.1.4.24456.5.1
1.1.4.24490.52.4.8.2
1.1.4.24698.18.1.8.4
1.1.4.24776.14.3.10
1.1.4.24817.10.1.5.6
1.1.4.24830.5.1.1
1.1.4.24904.5.1.1.1
1.1.4.24954.9.2.9
1.1.4.24965.14.5.4.2
1.1.4.25141.5.1.1.5.4.1
1.1.4.25214.9.2.17.12
1.1.4.25350.5.1.1.1.1
1.1.4.25399.5.1.1.1
1.1.4.25405.55.4.12
1.1.4.25517.11.1.4
1.1.4.25526.24.2.7
1.1.4.25706.13.2.15.5
1.1.4.25713.5.1.1.8.5.3.15
1.1.4.25818.8.1.6
1.1.4.25867.29.3.8
1.1.4.25905.22.1.16.8
1.1.4.25928.11.1.5.1
1.1.4.26074.36.1.4.3.10
1.1.4.26080.14.2.10.1
1.1.4.26083.9.1.4.4
1.1.4.26107.14.2
1.1.4.26125.3
1.1.4.26126.5.1.1.1.3.2
1.1.4.26132.27.1.14.2.2.1.2
1.1.4.26203.5.1.3.2.9.2.8
1.1.4.26254.19.2.31
1.1.4.26329.9.4.4.8
1.1.4.26353.5.1.7
1.1.4.26356.13.1.19.4
1.1.4.26393.24.1.26
1.1.4.26417.5.1
1.1.4.26445.5.1.2.5.10
1.1.4.26566.5.1
1.1.4.26578.10.1.4.2.4
1.1.4.26657.5.1.26.14
1.1.4.26720.15.2.5
1.1.4.26761.5.1.1.1
1.1.4.26823.5.1.3.5.14
1.1.4.26824.5.1.3.1.17.13
1.1.4.26869.5.1
1.1.4.26971.13.1
1.1.4.27164.5.1.3
1.1.4.27194.16.1.6.2.1.1.21.64
1.1.4.27229.14.1.8.2
1.1.4.27232.5.1.2.13.45
1.1.4.27273.6
1.1.4.27333.13.2.6.4
1.1.4.27365.24.1.13.3.5
1.1.4.27382.5.1.1.2.3.3
1.1.4.27508.5.1.3.1
1.1.4.27523.34.2.25.1.24
1.1.4.27613.26.2
1.1.4.27630.53.2.36.3
1.1.4.27675.15.3.12.11.9.1
1.1.4.27817.5.1.1
1.1.4.27862.5.1.1.1.9
1.1.4.27953.6
1.1.4.27992.19.2.24.7.13.1
1.1.4.27994.10.1.4
1.1.4.27996.26.4.15.20.8.1
1.1.4.28061.9.1.14
1.1.4.28155.22.2.30.1.41.4
1.1.4.28214.5.1
1.1.4.28247.33.2.34.2.4.2
1.1.4.28266.11.8.8.2
1.1.4.28274.9.1.19
1.1.4.28277.5.1.7.1.32.10
1.1.4.28337.5.1.8.3.4.2.4
1.1.4.28477.5.1.9.9
1.1.4.28496.5.1.8.6
1.1.4.28536.18.1.24
1.1.4.28558.27.2.6.4.23.5
1.1.4.28561.15.3
1.1.4.28604.5.1.1
1.1.4.28630.5.1
1.1.4.28696.29.2.13
1.1.4.28703.17
1.1.4.28839.5.1.19.3.18.1
1.1.4.28997.5.1.1.1
1.1.4.29010.13.3.17.11.12.6.14
1.1.4.29033.41.2.5.9.50.1
1.1.4.29110.5.1
1.1.4.29121.32.1.12.9
1.1.4.29172.5.1.3.3.7.6.8
1.1.4.29174.5.1.1
1.1.4.29191.5.1.3
1.1.4.29279.32.1.4.8.5
1.1.4.29301.5.1.1.2.1.1.1
1.1.4.29421.28.1.4
1.1.4.29427.5.1.4
1.1.4.29434.31.1.10.3
1.1.4.29498.15.2.5.4.2.1
1.1.4.29643.22.2.11.3.4.2.5
1.1.4.29706.5.1.2.3.6.2.11
1.1.4.29725.24.1.18.2
1.1.4.29791.5.1
1.1.4.29836.5.1.1
1.1.4.29893.5.1
1.1.4.29905.20.2.5.6.18
1.1.4.29913.31.2.15.9.6.1
1.1.4.29922.30.2.10.6
1.1.4.29931.17.2.8.12
1.1.4.29936.5.1
1.1.4.29989.10.3.8.7
1.1.4.30182.49.1.8.4
1.1.4.30260.14.3.10
1.1.4.30293.10.1.5.6
1.1.4.30306.5.1.1
1.1.4.30372.5.1.6.3.4.2
1.1.4.30422.30
1.1.4.30500.18.1.10.3
1.1.4.30612.5.1.1.5.4.1
1.1.4.30668.13.1.6
1.1.4.30681.38.2.16.19.13
1.1.4.30728.5.1.11.1.1
1.1.4.30731.10.3.13
1.1.4.30819.9.1.7.2
1.1.4.30873.12
1.1.4.30873.14.2
1.1.4.30987.5.1.3.3.5.3
1.1.4.31003.11.1.4
1.1.4.31012.24.2.7
1.1.4.31046.13.1.14
1.1.4.31079.30.1.15
1.1.4.31189.5.1.2.2.14.1
1.1.4.31205.5.1.3.1.2
1.1.4.31276.5.1.1.4
1.1.4.31310.8.1.6
1.1.4.31359.29.3.8
1.1.4.31364.3
1.1.4.31395.22.1.16.8
1.1.4.31420.5.1.11.6.13
1.1.4.31471.14.4.6.1.4.3
1.1.4.31535.8.1.6.3.4
1.1.4.31546.9.1.4.4
1.1.4.31570.14.2
1.1.4.31588.3
1.1.4.31589.5.1.1.1.3.2
1.1.4.31595.27.1.14.2.2.1.2
1.1.4.31655.5.1.3.2.15.2.25
1.1.4.31703.19.2.31
1.1.4.31765.49.5.4
1.1.4.31792.5.1.2.2.4
1.1.4.31798.5.1.9
1.1.4.31809.5.1.4.11
1.1.4.31859.5.1
1.1.4.31887.5.1.2.5.10
1.1.4.31986.5.1
1.1.4.31998.10.1.4.2.4
1.1.4.32004.5.1
1.1.4.32204.5.1.1.1
1.1.4.32240.10.3.4
1.1.4.32243.30.1.14.9
1.1.4.32261.5.1.3.21.13
1.1.4.32262.5.1.3.1.16.4
1.1.4.32307.5.1
1.1.4.32389.49.3.47.1.3.2
1.1.4.32406.11.1.7.2.16
1.1.4.32420.14.2
1.1.4.32434.30
1.1.4.32464.5.1.14
1.1.4.32590.5.1.3
1.1.4.32617.15.2.10.11.18.1.9.59
1.1.4.32638.9.1.16
1.1.4.32683.6
1.1.4.32737.8.2.9.5
1.1.4.32777.18.2.21.11
1.1.4.32789.37.1.4
1.1.4.32798.13.2.8.2.7
1.1.4.32899.34.2.25.1.8
1.1.4.32944.13.1.4.1
1.1.4.32996.26.2
1.1.4.33060.15.3.12.11.9.1
1.1.4.33196.5.1.1
1.1.4.33298.5.1.1
1.1.4.33407.8.2.11
1.1.4.33462.17
1.1.4.33598.5.1
1.1.4.33633.5.1.2.9
1.1.4.33673.9.1.16
1.1.4.33736.12.1.4
1.1.4.33741.5.1.4
1.1.4.33742.5.1.2
1.1.4.33885.9.1.4
1.1.4.33917.5.1.43.21.21
1.1.4.33939.9.1.12
1.1.4.33961.27.2.6.4.23.5
1.1.4.33964.15.3
1.1.4.34007.5.1.1
1.1.4.34040.11.1.4.1
1.1.4.34050.5.1.9.2.27.1.21
1.1.4.34097.29.1.4
1.1.4.34390.11.2.4
1.1.4.34415.13.2.17.5
1.1.4.34430.13.3.17.11.18.3.15
1.1.4.34453.41.2.5.9.50.1
1.1.4.34474.5.1
1.1.4.34592.5.1.3.3.7.6.8
1.1.4.34594.5.1.1
1.1.4.34611.5.1.3
1.1.4.34634.21.1.62
1.1.4.34828.5.1.1.1
1.1.4.34861.28.1.4
1.1.4.34869.12.1.7.11
1.1.4.34871.12.1.23
1.1.4.35057.30.5.48.31
1.1.4.35120.15.2.7.1.3.2.9
1.1.4.35141.11.1.4.3
1.1.4.35196.14.1.4.7
1.1.4.35202.6
1.1.4.35273.16.3.12
1.1.4.35305.5.1.1.2.9.5
1.1.4.35332.5.1
1.1.4.35342.5.1.6.1.13.1.28
1.1.4.35360.16.3.5.8.43.2
1.1.4.35373.14.2.32
1.1.4.35426.5.1.3.2
1.1.4.35433.5.1.1.1.5
1.1.4.35687.14.3.10
1.1.4.35728.10.1.5.6
1.1.4.35741.5.1.1
1.1.4.35949.18.1.10.3
1.1.5.36068.5.1.1.5.4.1
1.1.5.36117.5.1
1.1.5.36136.9.2.17.12
1.1.5.36275.5.1.1.1.1
1.1.5.36465.5.1.2.2.15
1.1.5.36476.24.3.22.12.4.1.1.34
1.1.5.36498.13.1.14
1.1.5.36633.5.1.2.2.26.1
1.1.5.36648.5.1.3.1.2
1.1.5.36719.5.1.1.4
1.1.5.36753.8.1.6
1.1.5.36802.29.3.8
1.1.5.36837.20.1.8.7
1.1.5.36921.5.1.1.2
1.1.5.36999.19.2.5.17
1.1.5.37010.5.1.2.1.3.2
1.1.5.37017.5.1.9
1.1.5.37047.14.2
1.1.5.37065.3
1.1.5.37066.5.1.1.1.3.2
1.1.5.37072.27.1.14.2.2.1.2
1.1.5.37139.5.1.3.2.15.2.25
1.1.5.37187.19.2.31
1.1.5.37265.9.4.4.9
1.1.5.37282.34.3.5
1.1.5.37288.5.1.9
1.1.5.37299.5.1.4.11
1.1.5.37349.5.1
1.1.5.37502.5.1.15.6
1.1.5.37539.3
1.1.5.37631.5.1.3
1.1.5.37672.5.1.1.1
1.1.5.37708.10.3.4
1.1.5.37711.30.1.14.9
1.1.5.37732.5.1.4.2.3
1.1.5.37733.20.3.10.5
1.1.5.37783.5.1
1.1.5.37920.6
1.1.5.37952.5.1.14
1.1.5.37983.5.1.3
1.1.5.37986.5.1
1.1.5.38076.5.1.3
1.1.5.38106.16.1.6.2.1.1.21.36
1.1.5.38136.9.1.16
1.1.5.38178.6
1.1.5.38238.8.2.9.5
1.1.5.38278.18.2.21.11
1.1.5.38293.37.1.4
1.1.5.38302.13.2.8.2.7
1.1.5.38392.5.1.3.1
1.1.5.38407.34.2.25.1.24
1.1.5.38452.13.1.4.1
1.1.5.38503.5.1.7.1
1.1.5.38540.43.2.24.11.15.1
1.1.5.38595.9.1.5
1.1.5.38617.25.3.7.9
1.1.5.38718.5.1.1.1.9
1.1.5.39031.22.2.30.1.35.3
1.1.5.39059.9.1.5
1.1.5.39081.14.3.29.21
1.1.5.39152.9.1.4.2
1.1.5.39220.5.1.8.3.4.2.4
1.1.5.39342.5.1.9.9
1.1.5.39416.9.1.12
1.1.5.39438.27.2.6.4.23.5
1.1.5.39441.15.3
1.1.5.39484.5.1.1
1.1.5.39517.11.1.4.1
1.1.5.39527.5.1.9.2.27.1.21
1.1.5.39584.29.2.13
1.1.5.39591.17
1.1.5.39698.5.1.8.2.2.3.6
1.1.5.39769.5.1.1.1
1.1.5.39878.13.2.13.2
1.1.5.39881.5.1.1.1
1.1.5.39894.13.3.17.11.12.6.14
1.1.5.39915.5.1.2.10
1.1.5.39997.5.1
1.1.5.40008.32.1.12.9
1.1.5.40061.5.1.3.3.7.6.8
1.1.5.40063.5.1.1
1.1.5.40104.21.1.62
1.1.5.40282.28.3.20.1.1
1.1.5.40292.5.1
1.1.5.40307.5.1.14.1.1.3
1.1.5.40310.5.1.2.2.10
1.1.5.40497.39.1.11.7
1.1.5.40562.5.1.2.3.6.2.11
1.1.5.40584.10.1.13.12
1.1.5.40641.14.1.4.7
1.1.5.40661.5.1
1.1.5.40702.5.1.1
1.1.5.40758.5.1
1.1.5.40770.20.2.5.6.18
1.1.5.40778.31.2.15.9.6.1
1.1.5.40787.30.2.10.6
1.1.5.40795.15.2.11
1.1.5.40830.31.4.8.2
1.1.5.40837.29.1.25.19
1.1.5.41060.14.2.25
1.1.5.41093.31.2.6
1.1.5.41124.10.1.5.6
1.1.5.41139.5.1.1
1.1.5.41203.5.1.6.3.4.2
1.1.5.41317.18.1.10.3
1.1.5.41432.5.1.8.1
1.1.5.41499.28.2.15.1.1.9
1.1.5.41545.5.1.11.1.1
1.1.5.41548.10.3.13
1.1.5.41628.9.1.7.2
1.1.5.41682.12
1.1.5.41682.14.2
1.1.5.41807.11.1.4
1.1.5.41816.24.2.7
1.1.5.41977.5.1.2.2.14.1
1.1.5.41992.5.1.3.1.2
1.1.5.42064.5.1.4.2
1.1.5.42136.29.3.8
1.1.5.42141.3
1.1.5.42204.5.1.10
1.1.5.42259.14.4.6.1.4.3
1.1.5.42320.36.1.4.3.14
1.1.5.42331.9.1.4.4
1.1.5.42355.14.2
1.1.5.42441.5.1.3.2.15.2.37
1.1.5.42492.19.2.31
1.1.5.42554.49.5.4
1.1.5.42581.5.1.1
1.1.5.42596.5.1.4.11
1.1.5.42646.5.1
1.1.5.42674.5.1.2.5.10
1.1.5.42802.5.1
1.1.5.42814.10.1.4.2.4
1.1.5.42994.5.1.1
1.1.5.43032.5.1.1.9.11
1.1.5.43058.5.1.10.3.17.1.16
1.1.5.43110.5.1
1.1.5.43174.15
1.1.5.43190.49.3.47.1.3.2
1.1.5.43207.11.1.7.2.16
1.1.5.43221.14.2
1.1.5.43263.5.1.14
1.1.5.43298.22.1.12.8
1.1.5.43341.23.3
1.1.5.43385.5.1.3
1.1.5.43411.16.1.6.2.1.1.46.12
1.1.5.43441.9.1.16
1.1.5.43486.6
1.1.5.43540.8.2.9.5
1.1.5.43580.18.2.21.11
1.1.5.43595.37.1.4
1.1.5.43604.13.2.8.2.7
1.1.5.43661.5.1.7.1.24
1.1.5.43741.5.1.10.6
1.1.5.43770.13.1.4.1
1.1.5.43822.26.2
1.1.5.43839.53.2.36.3
1.1.5.44035.5.1.1
1.1.5.44079.5.1.4.9.6
1.1.5.44170.6
1.1.5.44209.19.2.24.7.13.1
1.1.5.44211.10.1.4
1.1.5.44213.26.4.15.20.8.1
1.1.5.44275.11.2.12.3
1.1.5.44327.27
1.1.5.44338.5.1.14.1
1.1.5.44356.5.1
1.1.5.44376.22.2.30.1.24.2
1.1.5.44423.14.3.24.17
1.1.5.44501.27.1.4.2
1.1.5.44564.5.1.12
1.1.5.44683.22.3.5.2.2
1.1.5.44700.5.1.8.6
1.1.5.44743.5.1
1.1.5.44797.5.1.1
1.1.5.44836.20.1.16.10
1.1.5.44839.9.1.5.14
1.1.5.44885.17.2.22.2.21
1.1.5.45012.5.1.8.2.2.3.6
1.1.5.45081.5.1.3.3.5.8
1.1.5.45200.13.2.17.5
1.1.5.45215.13.3.17.11.18.3.15
1.1.5.45236.5.1.2.10
1.1.5.45322.18.3.8.2
1.1.5.45373.5.1.3.3.7.6.8
1.1.5.45375.5.1.1
1.1.5.45417.21.1.62
1.1.5.45617.28.1.4
1.1.5.45623.5.1.4
1.1.5.45630.31.1.10.3
1.1.5.45693.15.2.5.4.2.1
1.1.5.45824.30.5.51.31
1.1.5.45888.15.2.7.1.3.2.9
1.1.5.45911.5.1.1.2.6
1.1.5.45960.5.1.8
1.1.5.45965.3
1.1.5.46022.5.1.1
1.1.5.46079.5.1
1.1.5.46091.20.2.5.6.18
1.1.5.46099.31.2.15.9.6.1
1.1.5.46108.30.2.10.6
1.1.5.46116.15.2.11
1.1.5.46151.52.4.8.2
1.1.5.46160.17.1.23.24
1.1.5.46233.28.1.38.4
1.1.5.46252.13.2.15.8.8.2.5
1.1.5.46301.29.1.9.13
1.1.5.46340.49.1.8.4
1.1.5.46418.14.3.10
1.1.5.46459.10.1.5.6
1.1.5.46474.5.1.1
1.1.5.46532.5.1.1.1.36
1.1.5.46537.5.1.6.3.4.2
1.1.5.46644.9.3.4.1
1.1.5.46755.5.1.8.1
1.1.5.46823.9.2.17.12
1.1.5.46959.9.1.7.2
1.1.5.47013.12
1.1.5.47013.14.2
1.1.5.47122.5.1.3.3.5.3
1.1.5.47138.11.1.4
1.1.5.47147.24.2.7
1.1.5.47186.13.1.14
1.1.5.47337.5.1.3.1.2
1.1.5.47408.5.1.1.4
1.1.5.47442.8.1.6
1.1.5.47491.29.3.8
1.1.5.47529.22.1.16.8
1.1.5.47552.11.1.5.1
1.1.5.47605.14.4.6.1.4.3
1.1.5.47680.36.1.4.3.10
1.1.5.47691.9.1.4.4
1.1.5.47715.14.2
1.1.5.47733.3
1.1.5.47734.5.1.1.1.3.2
1.1.5.47740.27.1.14.2.2.1.2
1.1.5.47861.5.1.3.5.35.8
1.1.5.47863.5.1.8
1.1.5.47933.9.4.4.9
1.1.5.47950.34.3.5
1.1.5.47956.5.1.9
1.1.5.47967.5.1.4.11
1.1.5.48017.5.1
1.1.5.48045.5.1.2.5.10
1.1.5.48145.5.1.5.14
1.1.5.48179.3
1.1.5.48323.5.1.1.1
1.1.5.48367.5.1.1.9.11
1.1.5.48395.9.2.8.12
1.1.5.48445.5.1
1.1.5.48525.5.1.2
1.1.5.48544.11.1.7.2.16
1.1.5.48571.30
1.1.5.48601.5.1.14
1.1.5.48632.26.2.5.12.8
1.1.5.48725.5.1.3
1.1.5.48757.16.1.6.2.1.1.19.44
1.1.5.48787.9.1.16
1.1.5.48792.21.4.8.14
1.1.5.48831.6
1.1.5.48894.13.2.6.4
1.1.5.48926.24.1.13.3.5
1.1.5.48955.5.1.1
1.1.5.49049.5.1.1.1
1.1.5.49081.34.2.25.1.14
1.1.5.49126.13.1.4.1
1.1.5.49178.26.2
1.1.5.49195.53.2.36.3
1.1.5.49223.43.2.24.11.15.1
1.1.5.49278.9.1.5
1.1.5.49307.9.1.9
1.1.5.49343.13.4
1.1.5.49360.5.1.1
1.1.5.49477.12.1.5.14
1.1.5.49508.6
1.1.5.49547.19.2.24.7.13.1
1.1.5.49549.10.1.4
1.1.5.49551.26.4.15.20.8.1
1.1.5.49613.11.2.12.3
1.1.5.49711.22.2.30.1.35.3
1.1.5.49769.13.1.6
1.1.5.49837.9.1.4.2
1.1.5.49845.9.1.5
1.1.5.49848.25.2.19.4.7.2.2
1.1.5.49905.5.1.8.3.4.2.4
1.1.5.50087.5.1.43.21.4
1.1.5.50110.18.1.24
1.1.5.50132.27.2.6.4.23.5
1.1.5.50135.15.3
1.1.5.50178.5.1.1
1.1.5.50211.11.1.4.1
1.1.5.50221.5.1.9.2.27.1.21
1.1.5.50268.29.1.4
1.1.5.50415.5.1.19.3.18.1
1.1.5.50466.3
1.1.5.50468.5.1
1.1.5.50478.5.1.1.2.9.4.4
1.1.5.50564.14.4.39.2
1.1.5.50606.41.2.5.9.14.1
1.1.5.50687.46.1.17.7
1.1.5.50742.5.1.3.3.7.6.8
1.1.5.50744.5.1.1
1.1.5.50761.5.1.3
1.1.5.50784.21.1.62
1.1.5.50998.28.1.4
1.1.5.51006.12.1.7.11
1.1.5.51008.12.1.23
1.1.5.51012.5.1.21.29.11.2.4
1.1.5.51064.15.2.5.4.2.1
1.1.5.51202.30.5.48.31
1.1.5.51281.24.1.18.2
1.1.5.51347.5.1
1.1.5.51372.26.3.8
1.1.5.51393.5.1.1
1.1.5.51463.5.1
1.1.5.51502.30.2.10.6
1.1.5.51510.15.2.11
1.1.5.51538.52.4.8.2
1.1.5.51545.29.1.25.19
1.1.5.51618.28.1.38.4
1.1.5.51637.13.2.15.8.8.2.5
1.1.5.51774.14.2.25
1.1.5.51807.31.2.6
1.1.5.51843.10.1.5.6
1.1.5.51858.5.1.1
1.1.5.51925.5.1
1.1.5.52036.11.1.15.2
1.1.5.52045.5.1.2.6
1.1.5.52162.5.1.1.5.4.1
1.1.5.52183.6
1.1.5.52238.28.2.15.1.1.9
1.1.5.52290.5.1
1.1.5.52385.9.1.7.2
1.1.5.52426.32.2.22.7
1.1.5.52437.13.4.14.1
1.1.5.52549.5.1
1.1.5.52552.25.2.9.10.4.2
1.1.5.52552.29.1.14
1.1.5.52616.13.1.14
1.1.5.52654.30.1.15
1.1.5.52775.25.2.15.11.22.3.15
1.1.5.52847.5.1.4.2
1.1.5.52919.29.3.8
1.1.5.52954.20.1.8.7
1.1.5.53035.14.4.6.1.4.3
1.1.5.53097.36.1.4.3.9
1.1.5.53108.9.1.4.4
1.1.5.53132.14.2
1.1.5.53150.3
1.1.5.53151.5.1.1.1.3.2
1.1.5.53157.27.1.14.2.2.1.2
1.1.5.53230.5.1.3.2.15.2.25
1.1.5.53278.19.2.31
1.1.5.53353.9.4.4.9
1.1.5.53370.34.3.5
1.1.5.53376.5.1.9
1.1.5.53387.5.1.4.11
1.1.5.53414.24.1.26
1.1.5.53438.5.1
1.1.5.53466.5.1.2.5.10
1.1.5.53584.5.1.15.6
1.1.5.53614.5.1.14.1
1.1.5.53768.5.1.1.1
1.1.5.53804.10.3.4
1.1.5.53807.30.1.14.9
1.1.5.53829.9.2.8.12
1.1.5.53952.33.2.9.1.2.1
1.1.5.53953.42.4
1.1.5.53978.5.1.2
1.1.5.53997.11.1.7.2.16
1.1.5.54056.5.1.14
1.1.5.54182.5.1.3
1.1.5.54212.16.1.6.2.1.1.21.56
1.1.5.54242.9.1.16
1.1.5.54247.21.4.8.14
1.1.5.54286.6
1.1.5.54349.13.2.6.4
1.1.5.54381.24.1.13.3.5
1.1.5.54410.5.1.1
1.1.5.54522.5.1.3.1
1.1.5.54537.34.2.25.1.24
1.1.5.54627.26.2
1.1.5.54644.53.2.36.3
1.1.5.54801.22.1.4
1.1.5.54834.5.1.1
1.1.5.54879.5.1.1.1.9
1.1.5.54946.12.1.5.14
1.1.5.55099.17
1.1.5.55188.22.2.30.1.35.3
1.1.5.55216.9.1.5
1.1.5.55241.5.1
1.1.5.55274.33.2.34.2.4.2
1.1.5.55296.9.1.4.2
1.1.5.55304.9.1.5
1.1.5.55307.25.2.19.4.7.2.2
1.1.5.55358.12.1.4
1.1.5.55363.5.1.4
1.1.5.55364.5.1.2
1.1.5.55486.5.1.15
1.1.5.55502.5.1.8.6
1.1.5.55521.5.1.43.12.56
1.1.5.55543.9.1.12
1.1.5.55565.27.2.6.4.23.5
1.1.5.55568.15.3
1.1.5.55611.5.1.1
1.1.5.55644.11.1.4.1
1.1.5.55714.29.2.13
1.1.5.55721.17
1.1.5.55828.5.1.8.2.2.3.6
1.1.5.55868.9.1.4
1.1.5.56003.14.4.39.2
1.1.5.56045.41.2.5.9.14.1
1.1.5.56130.5.1
1.1.5.56141.32.1.12.9
1.1.5.56192.5.1.3.3.7.6.8
1.1.5.56194.5.1.1
1.1.5.56235.21.1.62
1.1.5.56353.5.1.9.2
1.1.5.56435.5.1
1.1.5.56450.5.1.14.1.1.3
1.1.5.56452.14.1.4
1.1.5.56457.25.3.4.3
1.1.5.56652.30.5.48.31
1.1.5.56716.15.2.7.1.3.2.9
1.1.5.56739.5.1.1.2.6
1.1.5.56787.10.1.6.1
1.1.5.56835.26.3.8
1.1.5.56863.16.3.12
1.1.5.56931.14.1.43
1.1.5.56935.5.1.13.1.13.2
1.1.5.56943.20.2.5.7.4
1.1.5.56951.31.2.15.9.6.1
1.1.5.56960.30.2.10.6
1.1.5.56969.17.2.8.12
1.1.5.56974.5.1
1.1.5.57023.5.1.3.2
1.1.5.57030.20.2.7
1.1.5.57240.14.2.25
1.1.5.57273.31.2.6
1.1.5.57304.10.1.5.6
1.1.5.57317.5.1.1
1.1.5.57491.9.3.4.1
1.1.5.57599.5.1.8.1
1.1.5.57667.9.2.17.12
1.1.5.57812.13.1.4
1.1.5.57844.24.2.17.1.27.5
1.1.5.57962.11.1.4
1.1.5.57970.8.2.4
1.1.5.57972.5.1.2.1.5.1.2
1.1.5.57981.17.2
1.1.5.58013.13.1.14
1.1.5.58165.5.1.3.1.2
1.1.5.58236.5.1.1.4
1.1.5.58270.8.1.6
1.1.5.58319.29.3.8
1.1.5.58324.3
1.1.5.58355.22.1.16.8
1.1.5.58388.13.2.5.2.4.2
1.1.5.58390.11.1.8.4
1.1.5.58436.9.2.4
1.1.5.58441.17.1.4
1.1.5.58507.19.2.5.20
1.1.5.58523.9.2.4.2
1.1.5.58549.13.1.4
1.1.5.58570.15.1.5
1.1.5.58582.5.1.9.1
1.1.5.58700.19.2.31
1.1.5.58771.9.4.4.9
1.1.5.58788.34.3.5
1.1.5.58794.5.1.9
1.1.5.58805.5.1.4.11
1.1.5.58855.5.1
1.1.5.59008.5.1.15.6
1.1.5.59045.3
1.1.5.59137.5.1.3
1.1.5.59250.5.1.3.7.11
1.1.5.59251.5.1.3.1.14.5
1.1.5.59299.5.1
1.1.5.59438.30
1.1.5.59468.5.1.14
1.1.5.59612.16.1.6.2.1.1.31.8
1.1.5.59647.14.1.8.2
1.1.5.59650.5.1.2.13.45
1.1.5.59689.6
1.1.5.59748.8.2.9.5
1.1.5.59788.18.2.21.11
1.1.5.59802.18.6.19.18.27
1.1.5.59818.5.1.2.11.3.6.12
1.1.5.59906.5.1.3.1
1.1.5.59921.5.1.15.2.8.1.8
1.1.5.60016.26.2
1.1.5.60033.53.2.36.3
1.1.5.60061.43.2.24.11.15.1
1.1.5.60144.25.3.7.9
1.1.5.60231.5.1.1.1.2.4
1.1.5.60239.13.2.10.8.13
1.1.5.60243.11.1.4
1.1.5.60329.6
1.1.5.60368.19.2.24.7.13.1
1.1.5.60370.10.1.4
1.1.5.60372.26.4.15.20.8.1
1.1.5.60434.11.2.12.3
1.1.5.60532.22.2.30.1.35.3
1.1.5.60586.5.1
1.1.5.60657.27.1.4.2
1.1.5.60665.9.1.5
1.1.5.60668.25.2.19.4.7.2.2
1.1.5.60722.5.1.2
1.1.5.60841.5.1.9.9
1.1.5.60866.5.1.8.6
1.1.5.60905.9.1.12
1.1.5.60927.27.2.6.4.23.5
1.1.5.60930.15.3
1.1.5.60973.5.1.1
1.1.5.61001.11.1.4.1
1.1.5.61011.5.1.9.2.27.1.21
1.1.5.61065.29.2.13
1.1.5.61072.17
1.1.5.61199.5.1.8.2.2.3.6
1.1.5.61353.11.2.4
1.1.5.61375.14.4.39.2
1.1.5.61417.41.2.5.9.14.1
1.1.5.61502.5.1
1.1.5.61513.32.1.12.9
1.1.5.61566.5.1.3.3.7.6.8
1.1.5.61568.5.1.1
1.1.5.61585.5.1.3
1.1.5.61608.21.1.62
1.1.5.61713.5.1.1.2.1.1.1
1.1.5.61827.28.1.4
1.1.5.61835.12.1.7.11
1.1.5.61837.12.1.23
1.1.5.61841.5.1.21.29.11.2.4
1.1.5.62030.39.1.11.7
1.1.5.62086.30.1.13
1.1.5.62097.5.1.2.3.6.2.11
1.1.5.62184.5.1
1.1.5.62232.16.3.12
1.1.5.62287.5.1
1.1.5.62326.30.2.10.6
1.1.5.62334.15.2.11
1.1.5.62369.52.4.8.2
1.1.5.62376.29.1.25.19
1.1.5.62447.28.1.38.4
1.1.5.62466.13.2.15.8.8.2.5
1.1.5.62591.14.2.25
1.1.5.62624.31.2.6
1.1.5.62655.10.1.5.6
1.1.5.62668.5.1.1
1.1.5.62742.5.1.1.1
1.1.5.62855.11.1.15.2
1.1.5.62864.5.1.2.6
1.1.5.62968.5.1.1.5.4.1
1.1.5.62991.17.4
1.1.5.63042.9.2.17.12
1.1.5.63195.13.1.4
1.1.5.63339.5.1.3.3.5.3
1.1.5.63355.11.1.4
1.1.5.63364.24.2.7
1.1.5.63552.25.2.15.11.12.3.16
1.1.5.63624.5.1.4.2
1.1.5.63696.29.3.8
1.1.5.63701.3
1.1.5.63906.36.1.4.3.9
1.1.5.63917.9.1.4.4
1.1.5.63941.14.2
1.1.5.63959.3
1.1.5.63960.5.1.1.1.3.2
1.1.5.63966.27.1.14.2.2.1.2
1.1.5.64078.19.2.31
1.1.5.64157.5.1.7
1.1.5.64160.13.1.19.4
1.1.5.64221.5.1
1.1.5.64249.5.1.2.5.10
1.1.5.64313.21.2.17
1.1.5.64318.5.1
1.1.5.64377.5.1
1.1.5.64389.10.1.4.2.4
1.1.5.64395.5.1
1.1.5.64574.5.1.1.1
1.1.5.64636.5.1.3.6.11
1.1.5.64637.5.1.3.1.14.14
1.1.5.64777.13.1
1.1.5.64845.5.1.14
1.1.5.64970.5.1.3
1.1.5.64998.16.1.6.2.1.1.31.59
1.1.5.65033.14.1.8.2
1.1.5.65036.5.1.2.13.45
1.1.5.65075.6
1.1.5.65134.13.2.4.15
1.1.5.65169.18.2.14.7
1.1.5.65183.18.6.19.18.27
1.1.5.65199.5.1.2.11.3.6.10
1.1.5.65285.5.1.3.1
1.1.5.65300.34.2.25.1.23
1.1.5.65337.13.1.4.1
1.1.5.65389.26.2
1.1.5.65406.53.2.36.3
1.1.5.65452.15.3.12.11.9.1
1.1.5.65635.5.1.1.1.9
1.1.5.65690.12.1.5.15
1.1.5.65931.22.2.30.1.35.3
1.1.5.66033.5.1.2.2
1.1.5.66082.3
1.1.5.66134.12.1.4
1.1.5.66139.13.1.4.1
1.1.5.66141.5.1.1.1.4.4.9
1.1.5.66277.5.1.9.9
1.1.5.66354.18.1.24
1.1.5.66376.27.2.6.4.23.5
1.1.5.66379.15.3
1.1.5.66420.14.2.5
1.1.5.66514.17.2.22.2.21
1.1.5.66641.5.1.8.2.2.3.6
1.1.5.66681.9.1.4
1.1.5.66828.5.1.11
1.1.5.66832.34.1.38.19.3.1
1.1.5.66845.13.3.17.11.12.4.8
1.1.5.66866.5.1.2.10
1.1.5.66949.46.1.17.7
1.1.5.67000.5.1.3.3.7.6.8
1.1.5.67002.5.1.1
1.1.5.67043.21.1.62
1.1.5.67260.28.1.4
1.1.5.67268.12.1.7.11
1.1.5.67270.12.1.23
1.1.5.67462.39.1.11.7
1.1.5.67523.30.1.13
1.1.5.67534.5.1.2.3.6.2.11
1.1.5.67594.8.2.4.6
1.1.5.67642.26.3.8
1.1.5.67670.16.3.12
1.1.5.67725.5.1
1.1.5.67735.5.1.6.1.13.1.21
1.1.5.67753.16.3.5.8.43.2
1.1.5.67766.14.2.32
1.1.5.67815.5.1.3.2
1.1.5.67822.5.1.1.1.5
1.1.5.67896.28.1.38.4
1.1.5.67904.15.5.28
1.1.5.68037.14.2.25
1.1.5.68079.14.3.10
1.1.5.68112.10.1.5.6
1.1.5.68125.5.1.1
1.1.5.68249.9.2.9
1.1.5.68265.21.1.10.11
1.1.5.68327.11.1.15.2
1.1.5.68336.5.1.2.6
1.1.5.68443.5.1.8.1
1.1.5.68494.13.1.6
1.1.5.68507.38.2.16.19.13
1.1.5.68557.5.1
1.1.5.68666.13.1.4
1.1.5.68696.5.1.1.1
1.1.5.68702.55.4.12
1.1.5.68823.11.1.4
1.1.5.68832.24.2.7
1.1.5.68874.13.1.14
1.1.5.69017.25.2.15.11.22.3.15
1.1.5.69128.8.1.6
1.1.5.69177.29.3.8
1.1.5.69212.20.1.8.7
1.1.5.69293.14.4.6.1.4.3
1.1.5.69357.36.1.4.3.20
1.1.5.69363.14.2.10.1
1.1.5.69366.9.1.4.4
1.1.5.69390.14.2
1.1.5.69526.19.2.31
1.1.5.69601.9.4.4.9
1.1.5.69618.34.3.5
1.1.5.69624.5.1.9
1.1.5.69635.5.1.4.11
1.1.5.69685.5.1
1.1.5.69713.5.1.2.5.10
1.1.5.69826.5.1
1.1.5.69838.10.1.4.2.4
1.1.5.69917.5.1.26.14
1.1.5.69980.15.2.5
1.1.5.70021.5.1.1.1
1.1.5.70065.5.1.1.9.11
1.1.5.70088.5.1.3.21.13
1.1.5.70089.5.1.3.1.16.4
1.1.5.70137.5.1
1.1.5.70265.5.1.2.1
1.1.5.70300.5.1.14
1.1.5.70424.5.1.3
1.1.5.70454.16.1.6.2.1.1.21.44
1.1.5.70484.9.1.16
1.1.5.70531.33.2.11.11.34.1
1.1.5.70588.8.2.9.5
1.1.5.70628.18.2.21.11
1.1.5.70642.18.6.19.18.27
1.1.5.70658.5.1.2.11.3.6.12
1.1.5.70767.14.2.9.6.15.1.21
1.1.5.70855.26.2
1.1.5.70872.53.2.36.3
1.1.5.71035.13.4
1.1.5.71052.5.1.1
1.1.5.71083.5.1.1.1.2.4
1.1.5.71159.5.1.1
1.1.5.71305.11.2.12.3
1.1.5.71403.22.2.30.1.35.3
1.1.5.71493.5.1.2.9
1.1.5.71533.9.1.16
1.1.5.71589.30.4.6.11.3.2
1.1.5.71596.5.1.2.1.3.1.11
1.1.5.71728.22.3.5.2.2
1.1.5.71745.5.1.8.6
1.1.5.71764.5.1.43.12.56
1.1.5.71786.9.1.12
1.1.5.71808.27.2.6.4.23.5
1.1.5.71825.5.1
1.1.5.71850.5.1.1
1.1.5.71877.5.1.2.1.6
1.1.5.71935.29.1.4
1.1.5.72064.5.1.8.2.2.3.6
1.1.5.72242.14.4.37.2
1.1.5.72251.42.2.6.3.5
1.1.5.72276.5.1
1.1.5.72297.5.1.2.1
1.1.5.72359.18.3.8.2
1.1.5.72410.5.1.3.3.7.6.8
1.1.5.72412.5.1.1
1.1.5.72453.21.1.62
1.1.5.72660.28.1.4
1.1.5.72668.12.1.7.11
1.1.5.72670.12.1.23
1.1.5.72729.15.2.5.4.2.1
1.1.5.72881.5.1.14
1.1.5.72947.15.2.7.1.3.2.9
1.1.5.72968.11.1.4.3
1.1.5.73049.5.1
1.1.5.73094.5.1.1
1.1.5.73164.5.1
1.1.5.73174.5.1.6.1.13.1.44
1.1.5.73192.16.3.5.8.43.2
1.1.5.73205.14.2.32
1.1.5.73243.31.4.8.2
1.1.5.73251.5.1.5
1.1.5.73326.28.1.38.4
1.1.5.73341.13.2.15.9.10.8.8
1.1.5.73466.14.2.25
1.1.5.73499.31.2.6
1.1.5.73530.10.1.5.6
1.1.5.73545.5.1.1
1.1.5.73599.16.1.18
1.1.5.73728.11.1.15.2
1.1.5.73737.5.1.2.6
1.1.5.73842.5.1.8.1
1.1.5.73893.13.1.6
1.1.5.73906.38.2.16.19.13
1.1.5.74058.5.1.7
1.1.5.74112.24.2.17.1.27.5
1.1.5.74240.11.1.4
1.1.5.74246.5.1.4.3.7
1.1.5.74288.13.1.14
1.1.5.74323.30.1.15
1.1.5.74424.5.1.3.1.2
1.1.5.74495.5.1.1.4
1.1.5.74529.8.1.6
1.1.5.74578.29.3.8
1.1.5.74583.3
1.1.5.74615.22.1.16.8
1.1.5.74638.11.1.5.1
1.1.5.74690.14.4.6.1.4.3
1.1.5.74720.17.1.8
1.1.5.74764.36.1.4.3.20
1.1.5.74770.14.2.10.1
1.1.5.74773.9.1.4.4
1.1.5.74797.14.2
1.1.5.74815.3
1.1.5.74816.5.1.1.1.3.2
1.1.5.74822.27.1.14.2.2.1.2
1.1.5.74933.19.2.31
1.1.5.75011.9.4.4.9
1.1.5.75028.34.3.5
1.1.5.75034.5.1.9
1.1.5.75047.14.2.10
1.1.5.75093.5.1
1.1.5.75249.5.1.15.6
1.1.5.75286.3
1.1.5.75470.5.1.1.9.11
1.1.5.75494.5.1.3.28.9
1.1.5.75495.5.1.3.1.12.4
1.1.5.75603.15
1.1.5.75626.5.1.2
1.1.5.75645.11.1.7.2.16
1.1.5.75659.14.2
1.1.5.75704.5.1.14
1.1.5.75739.22.1.12.9
1.1.5.75820.5.1.3
1.1.5.75846.16.1.6.2.1.1.48.53
1.1.5.75876.9.1.16
1.1.5.75881.21.4.8.14
1.1.5.75922.6
1.1.5.75978.8.2.9.5
1.1.5.76017.16.1.5.2.1.6.10.4
1.1.5.76092.33.3.4.7
1.1.5.76129.5.1.3.1
1.1.5.76144.34.2.25.1.24
1.1.5.76242.26.2
1.1.5.76259.53.2.36.3
1.1.5.76287.43.2.24.11.15.1
1.1.5.76411.13.4
1.1.5.76468.5.1.1.1.9
1.1.5.76532.5.1.1
1.1.5.76682.17
1.1.5.76771.22.2.30.1.35.3
1.1.5.76826.5.1
1.1.5.76904.9.1.16
1.1.5.76973.5.1.8.3.4.2.4
1.1.5.77115.5.1.9.9
1.1.5.77180.9.1.12
1.1.5.77202.27.2.6.4.23.5
1.1.5.77205.15.3
1.1.5.77248.5.1.1
1.1.5.77335.29.1.4
1.1.5.77469.5.1.8.2.2.3.6
1.1.5.77509.9.1.4
1.1.5.77547.5.1.1.2.8.3.4
1.1.5.77634.13.2.9.2
1.1.5.77637.5.1.1.1
1.1.5.77650.13.3.17.11.12.6.14
1.1.5.77671.5.1.2.10
1.1.5.77809.5.1.3.3.7.6.8
1.1.5.77811.5.1.1
1.1.5.77852.21.1.62
1.1.5.78050.28.1.4
1.1.5.78058.12.1.7.11
1.1.5.78060.12.1.23
1.1.5.78065.5.1.12.4.4.2.2
1.1.5.78272.39.1.11.7
1.1.5.78337.15.2.7.1.3.2.9
1.1.5.78362.5.1.6.2.5.2.10
1.1.5.78411.8.2.4.6
1.1.5.78459.26.3.8
1.1.5.78483.16.3.12
1.1.5.78515.5.1.1.7.9.5
1.1.5.78542.5.1
1.1.5.78554.20.2.5.6.18
1.1.5.78562.31.2.15.9.6.1
1.1.5.78571.30.2.10.6
1.1.5.78579.15.2.11
1.1.5.78629.5.1.3.2
1.1.5.78636.5.1.1.1.5
1.1.5.78839.18.1.8.4
1.1.5.78917.14.3.10
1.1.5.78958.10.1.5.6
1.1.5.78971.5.1.1
1.1.5.79025.16.1.18
1.1.5.79034.22.2.10.7
1.1.5.79158.18.1.10.3
1.1.5.79273.5.1.8.1
1.1.5.79340.28.2.15.1.1.9
1.1.5.79487.13.1.4
1.1.5.79653.11.1.4
1.1.5.79662.24.2.7
1.1.5.79701.13.1.14
1.1.5.79835.5.1.2.2.14.1
1.1.5.79850.5.1.3.1.2
1.1.5.79921.5.1.1.4
1.1.5.79955.8.1.6
1.1.5.80004.29.3.8
1.1.5.80071.13.2.5.2.4.2
1.1.5.80125.5.1.1.2
1.1.5.80151.23.1.25.3
1.1.5.80208.19.2.5.16
1.1.5.80219.5.1.2.1.3.2
1.1.5.80226.5.1.9
1.1.5.80252.13.1.4
1.1.5.80271.18.2.7.12
1.1.5.80276.8.2.4
1.1.5.80360.5.1.3.2.9.2.22
1.1.5.80408.19.2.31
1.1.5.80483.9.4.4.9
1.1.5.80500.34.3.5
1.1.5.80506.5.1.9
1.1.5.80517.5.1.4.11
1.1.5.80567.5.1
1.1.5.80595.5.1.2.5.10
1.1.5.80659.21.2.17
1.1.5.80664.5.1
1.1.5.80718.5.1.15.6
1.1.5.80755.3
1.1.5.80883.5.1.1
1.1.5.80913.10.3.4
1.1.5.80916.30.1.14.9
1.1.5.80934.5.1.3.21.13
1.1.5.80935.5.1.3.1.16.4
1.1.5.80983.5.1
1.1.5.81059.49.3.47.1.3.2
1.1.5.81076.11.1.7.2.16
1.1.5.81090.14.2
1.1.5.81132.5.1.14
1.1.5.81260.5.1.3
1.1.5.81293.16.1.6.2.1.1.11.42
1.1.5.81328.14.1.8.2
1.1.5.81331.5.1.2.13.45
1.1.5.81370.6
1.1.5.81430.8.2.9.5
1.1.5.81477.5.1.1
1.1.5.81582.5.1.3.1
1.1.5.81597.5.1.15.2.8.1.8
1.1.5.81688.26.2
1.1.5.81705.53.2.36.3
1.1.5.81733.43.2.24.11.15.1
1.1.5.81848.6
1.1.5.81877.5.1.1
1.1.5.81908.5.1.1.1.2.4
1.1.5.82133.11.2.12.3
1.1.5.82185.5.1.10.1
1.1.5.82199.5.1.14.1
1.1.5.82233.22.2.30.1.41.4
1.1.5.82261.9.1.5
1.1.5.82286.5.1
1.1.5.82332.5.1.2.2
1.1.5.82345.16.2
1.1.5.82367.9.1.4
1.1.5.82374.19.1.8
1.1.5.82431.5.1.2
1.1.5.82551.5.1.15
1.1.5.82567.5.1.8.6
1.1.5.82586.5.1.43.12.56
1.1.5.82609.18.1.24
1.1.5.82631.27.2.6.4.23.5
1.1.5.82634.15.3
1.1.5.82677.5.1.1
1.1.5.82713.5.1.2.1.6
1.1.5.82725.5.1.2
1.1.5.82762.13.3.6.5.15
1.1.5.82965.5.1.29.22.14
1.1.5.83044.11.2.4
1.1.5.83066.14.4.39.2
1.1.5.83108.41.2.5.9.14.1
1.1.5.83129.5.1
1.1.5.83201.11.2.4.8
1.1.5.83247.5.1.3.3.7.6.8
1.1.5.83249.5.1.1
1.1.5.83266.5.1.3
1.1.5.83355.32.1.4.8.5
1.1.5.83377.5.1.1.2.1.1.1
1.1.5.83398.5.1.9.2
1.1.5.83496.28.1.4
1.1.5.83504.12.1.7.11
1.1.5.83506.12.1.23
1.1.5.83511.5.1.12.4.4.2
1.1.5.83704.39.1.11.7
1.1.5.83764.30.1.13
1.1.5.83775.5.1.2.3.6.2.11
1.1.5.83796.10.1.13.12
1.1.5.83853.14.1.4.7
1.1.5.83873.5.1
1.1.5.83917.5.1.1
1.1.5.83987.14.1.43
1.1.5.83991.5.1.13.1.13.2
1.1.5.84000.18.6.9
1.1.5.84012.31.2.15.9.6.1
1.1.5.84021.30.2.10.6
1.1.5.84030.17.2.8.12
1.1.5.84067.31.4.8.2
1.1.5.84144.28.1.38.4
1.1.5.84163.13.2.15.8.8.2.5
1.1.5.84253.11.1.12.4
1.1.5.84272.14.2.50
1.1.5.84305.31.2.6
1.1.5.84336.10.1.5.6
1.1.5.84349.5.1.1
1.1.5.84493.19.2.9
1.1.5.84670.5.1.8.1
1.1.5.84714.5.1
1.1.5.84732.28.2.15.1.1.9
1.1.5.84784.5.1
1.1.5.84870.9.1.7.2
1.1.5.85031.5.1.3.3.5.3
1.1.5.85055.5.1.2.2.15
1.1.5.85066.24.3.22.12.4.1.1.23
1.1.5.85088.13.1.14
1.1.5.85121.30.1.15
1.1.5.85227.5.1.3.1.2
1.1.5.85299.5.1.4.2
1.1.5.85373.29.3.8
1.1.5.85378.3
1.1.5.85409.22.1.16.8
1.1.5.85432.11.1.5.1
1.1.5.85491.14.4.6.1.4.3
1.1.5.85515.23.1.25.3
1.1.5.85569.36.1.4.3.18
1.1.5.85575.14.2.10.1
1.1.5.85578.9.1.4.4
1.1.5.85602.14.2
1.1.5.85620.3
1.1.5.85621.5.1.1.1.3.2
1.1.5.85627.27.1.14.2.2.1.2
1.1.5.85743.19.2.31
1.1.5.85824.9.4.4.9
1.1.5.85841.34.3.5
1.1.5.85847.5.1.9
1.1.5.85860.14.2.10
1.1.5.85915.5.1
1.1.5.86004.5.1
1.1.5.86080.5.1.15.6
1.1.5.86117.3
1.1.5.86325.5.1.3.5.14
1.1.5.86326.5.1.3.1.17.13
1.1.5.86374.5.1
1.1.5.86431.15
1.1.5.86454.5.1.2
1.1.5.86473.11.1.7.2.16
1.1.5.86487.14.2
1.1.5.86508.5.1
1.1.5.86531.5.1.14
1.1.5.86645.5.1.3.1.3.1
1.1.5.86661.11.1.4
1.1.5.86663.19.1.4.3
1.1.5.86693.16.1.6.2.1.1.41.71
1.1.5.86728.14.1.8.2
1.1.5.86731.5.1.2.13.45
1.1.5.86770.6
1.1.5.86828.8.2.9.5
1.1.5.86874.5.1.1
1.1.5.86982.5.1.3.1
1.1.5.86997.34.2.25.1.22
1.1.5.87036.13.1.4.1
1.1.5.87088.26.2
1.1.5.87282.5.1.1
1.1.5.87383.5.1.1
1.1.5.87538.9.1.14
1.1.5.87586.5.1.22.1
1.1.5.87600.5.1.14.1
1.1.5.87618.5.1
1.1.5.87638.22.2.30.1.24.2
1.1.5.87666.9.1.5
1.1.5.87749.9.1.4.2
1.1.5.87757.9.1.5
1.1.5.87760.25.2.19.4.7.2.2
1.1.5.87814.5.1.2
1.1.5.87940.5.1.15
1.1.5.87959.5.1.8.6
1.1.5.87978.5.1.43.12.56
1.1.5.88000.9.1.12
1.1.5.88022.27.2.6.4.23.5
1.1.5.88025.15.3
1.1.5.88066.12.2.4.1
1.1.5.88090.5.1
1.1.5.88158.29.2.13
1.1.5.88165.17
1.1.5.88292.5.1.8.2.2.3.6
1.1.5.88467.42.2.6.3.5
1.1.5.88492.10.2.13
1.1.5.88514.5.1.2.1
1.1.5.88586.46.1.17.7
1.1.5.88637.5.1.3.3.7.6.8
1.1.5.88639.5.1.1
1.1.5.88878.28.1.4
1.1.5.88886.12.1.7.11
1.1.5.88888.12.1.23
1.1.5.88893.5.1.12.4.4.2
1.1.5.89149.30.1.13
1.1.5.89160.5.1.2.3.6.2.11
1.1.5.89220.8.2.4.6
1.1.5.89268.26.3.8
1.1.5.89292.5.1.1
1.1.5.89362.5.1
1.1.5.89413.14.2.32
1.1.5.89447.31.4.8.2
1.1.5.89454.29.1.25.19
1.1.5.89711.14.3.10
1.1.5.89755.10.1.5.6
1.1.5.89768.5.1.1
1.1.5.89961.18.1.10.3
1.1.5.90076.5.1.8.1
1.1.5.90143.28.2.15.1.1.9
1.1.5.90273.5.1.1.1.1
1.1.5.90324.24.2.17.1.27.5
1.1.5.90441.11.1.4
1.1.5.90450.24.2.7
1.1.5.90613.5.1.2.2.14.1
1.1.5.90628.5.1.3.1.2
1.1.5.90700.5.1.4.2
1.1.5.90774.29.3.8
1.1.5.90779.3
1.1.5.90812.22.1.16.8
1.1.5.90835.11.1.5.1
1.1.5.90907.5.1.1.2
1.1.5.90933.23.1.25.3
1.1.5.90986.36.1.4.3.10
1.1.5.90992.14.2.10.1
1.1.5.90995.9.1.4.4
1.1.5.91019.14.2
1.1.5.91037.3
1.1.5.91038.5.1.1.1.3.2
1.1.5.91044.27.1.14.2.2.1.2
1.1.5.91108.5.1.3.2.15.2.37
1.1.5.91159.19.2.31
1.1.5.91230.9.4.4.9
1.1.5.91254.5.1.7
1.1.5.91257.13.1.19.4
1.1.5.91317.5.1
1.1.5.91345.5.1.2.5.10
1.1.5.91409.21.2.17
1.1.5.91414.5.1
1.1.5.91480.5.1.5.7
1.1.5.91692.5.1.1.1
1.1.5.91736.5.1.1.9.11
1.1.5.91764.9.2.8.12
1.1.5.91886.15
1.1.5.91909.5.1.2
1.1.5.91928.11.1.7.2.16
1.1.5.91942.14.2
1.1.5.91956.30
1.1.5.91986.5.1.14
1.1.5.92103.11.1.4
1.1.5.92105.19.1.4.3
1.1.5.92129.16.1.6.2.1.1.46.9
1.1.5.92159.9.1.16
1.1.5.92201.6
1.1.5.92264.13.2.6.4
1.1.5.92296.24.1.13.3.5
1.1.5.92325.5.1.1
1.1.5.92328.5.1
1.1.5.92337.13.1.10.8
1.1.5.92555.5.1.7.1
1.1.5.92599.11.1.4
1.1.5.92711.22.1.4
1.1.5.92790.5.1.1.1.9
1.1.5.92854.5.1.1
1.1.5.93005.17
1.1.5.93094.22.2.30.1.35.3
1.1.5.93153.13.1.6
1.1.5.93202.5.1.2.2
1.1.5.93215.16.2
1.1.5.93235.9.1.16
1.1.5.93304.5.1.8.3.4.2.4
1.1.5.93448.5.1.9.9
1.1.5.93509.18.1.24
1.1.5.93531.27.2.6.4.23.5
1.1.5.93534.15.3
1.1.5.93575.12.2.4.1
1.1.5.93607.5.1
1.1.5.93675.29.2.13
1.1.5.93682.17
1.1.5.93789.5.1.8.2.2.3.6
1.1.5.93860.5.1.1.1
1.1.5.93951.11.2.4
1.1.5.93985.8.4.4
1.1.5.94017.41.2.5.9.14.1
1.1.5.94095.46.1.17.7
1.1.5.94146.5.1.3.3.7.6.8
1.1.5.94148.5.1.1
1.1.5.94165.5.1.3
1.1.5.94188.21.1.62
1.1.5.94233.56.3.5.12.9
1.1.5.94246.5.1.16.4
1.1.5.94256.32.2.22.16.2.1.31.11
1.1.5.94277.5.1.1.2.1.1.1
1.1.5.94380.28.1.4
1.1.5.94388.12.1.7.11
1.1.5.94390.12.1.23
1.1.5.94394.5.1.21.29.11.2.4
1.1.5.94447.15.2.5.4.2.1
1.1.5.94656.5.1.2.3.6.2.11
1.1.5.94676.24.1.20.2
1.1.5.94721.21.2.5.6.19
1.1.5.94792.16.3.12
1.1.5.94824.5.1.1.2.9.5
1.1.5.94851.5.1
1.1.5.94863.20.2.5.6.18
1.1.5.94871.31.2.15.9.6.1
1.1.5.94880.30.2.10.6
1.1.5.94888.15.2.11
1.1.5.94935.5.1.3.2
1.1.5.94942.5.1.1.1.5
1.1.5.95160.14.2.25
1.1.5.95193.31.2.6
1.1.5.95224.10.1.5.6
1.1.5.95237.5.1.1
1.1.5.95562.5.1.8.1
1.1.5.95606.5.1
1.1.5.95624.28.2.15.1.1.9
1.1.5.95673.5.1.11.1.1
1.1.5.95676.10.3.13
1.1.5.95920.5.1
1.1.5.95923.25.2.9.10.4.2
1.1.5.95923.29.1.14
1.1.5.95954.5.1.7
1.1.6.142.25.2.15.11.22.3.15
1.1.6.213.5.1.1.4
1.1.6.247.8.1.6
1.1.6.296.29.3.8
1.1.6.301.3
1.1.6.332.20.1.8.7
1.1.6.415.14.4.6.1.4.3
1.1.6.479.36.1.4.3.20
1.1.6.485.14.2.10.1
1.1.6.488.9.1.4.4
1.1.6.508.13.1.4
1.1.6.525.34.2.17.15
1.1.6.535.6
1.1.6.649.19.2.31
1.1.6.722.9.4.4.9
1.1.6.747.5.1.2.1.1
1.1.6.759.5.1.14.6
1.1.6.809.5.1
1.1.6.837.5.1.2.5.10
1.1.6.940.34
1.1.6.945.5.1.15.6
1.1.6.1106.5.1.3
1.1.6.1140.39.1.4
1.1.6.1175.10.3.4
1.1.6.1178.30.1.14.9
1.1.6.1201.9.2.8.12
1.1.6.1254.5.1
1.1.6.1326.15
1.1.6.1349.5.1.2
1.1.6.1368.11.1.7.2.16
1.1.6.1427.5.1.14
1.1.6.1552.5.1.3
1.1.6.1585.16.1.6.2.1.1.11.49
1.1.6.1620.14.1.8.2
1.1.6.1623.5.1.2.13.45
1.1.6.1662.6
1.1.6.1722.13.2.6.4
1.1.6.1754.24.1.13.3.5
1.1.6.1777.5.1.1
1.1.6.1840.5.1.7.1.58
1.1.6.1902.9.5.23.18
1.1.6.1915.5.1.10.6
1.1.6.1940.13.1.4.1
1.1.6.1992.26.2
1.1.6.2009.53.2.36.3
1.1.6.2228.5.1.1.1.9
1.1.6.2292.5.1.1
1.1.6.2307.5.1
1.1.6.2451.17
1.1.6.2540.22.2.30.1.35.3
1.1.6.2568.9.1.5
1.1.6.2596.13.1.6
1.1.6.2619.5.1.3.3.13.5.18
1.1.6.2643.5.1.2.9
1.1.6.2656.16.2
1.1.6.2676.9.1.16
1.1.6.2740.5.1.12
1.1.6.2860.24.2.29.4.10.2.22
1.1.6.2879.5.1.8.6
1.1.6.2898.5.1.3.1.2
1.1.6.2918.9.1.12
1.1.6.2940.27.2.6.4.23.5
1.1.6.2943.15.3
1.1.6.2984.14.2.5
1.1.6.3074.29.1.4
1.1.6.3386.13.2.13.2
1.1.6.3389.5.1.1.1
1.1.6.3402.13.3.17.11.12.6.14
1.1.6.3423.5.1.2.10
1.1.6.3509.18.3.8.2
1.1.6.3560.5.1.3.3.7.6.8
1.1.6.3562.5.1.1
1.1.6.3804.28.1.4
1.1.6.3812.12.1.7.11
1.1.6.3814.12.1.23
1.1.6.4010.39.1.11.7
1.1.6.4081.5.1.2.3.6.2.11
1.1.6.4140.8.2.4.6
1.1.6.4215.16.3.12
1.1.6.4247.5.1.1.2.9.5
1.1.6.4274.5.1
1.1.6.4284.5.1.6.1.13.1.28
1.1.6.4302.16.3.5.8.43.2
1.1.6.4315.14.2.32
1.1.6.4368.5.1.3.2
1.1.6.4375.5.1.1.1.5
1.1.6.4584.18.1.8.4
1.1.6.4662.14.3.10
1.1.6.4706.10.1.5.6
1.1.6.4719.5.1.1
1.1.6.4913.11.1.15.2
1.1.6.4922.5.1.2.6
1.1.6.5027.5.1.8.1
1.1.6.5099.13.1.6
1.1.6.5112.38.2.16.19.13
1.1.6.5159.5.1
1.1.6.5246.5.1.1.1.1
1.1.6.5297.24.2.17.1.27.5
1.1.6.5407.5.1
1.1.6.5410.25.2.9.10.4.2
1.1.6.5410.29.1.14
1.1.6.5447.17.2
1.1.6.5479.13.1.14
1.1.6.5514.30.1.15
1.1.6.5620.19.1.8
1.1.6.5642.5.1.3.1.2
1.1.6.5714.5.1.4.2
1.1.6.5787.29.3.8
1.1.6.5792.3
1.1.6.5823.22.1.16.8
1.1.6.5846.11.1.5.1
1.1.6.5905.14.4.6.1.4.3
1.1.6.5975.8.1.6.3.4
1.1.6.5986.9.1.4.4
1.2.168.10.5.9.2.2
1.2.258.2.1.2.2.6
1.2.402.2.1.1.2.2
1.2.408.2.1.3.2.4
1.2.437.4.2.15.8
1.2.531.2.1
1.2.552.22.11.19.4.16
1.2.734.6.3.9.3.10.1.2
1.2.740.4.2.6.1
1.2.887.2.1
1.2.957.4.2.5.2.13.2.8
1.2.966.2.1.3.3.26.4
1.2.981.1
1.2.1088.4.2.2
1.2.1110.2.1
1.2.1126.2.1.1
1.2.1131.2.1.10
1.2.1192.4.2.2.1.15.1
1.2.1315.8.4.10.3
1.2.1369.4.2
1.2.1541.2.1.15
1.2.1676.2.1.11
1.2.1801.2.1.4
1.2.1840.2.1.1.6.8.1
1.2.2008.8.4.8.1.2.2.5.14
1.2.2046.10.5.30
1.2.2128.6.3.8.1.4.4.64
1.2.2213.4.2.5.6.15
1.2.2282.2.1.27
1.2.2582.8.4.16.8
1.2.2951.2.1.8.3.4
1.2.3306.6.3.10.1.2.1
1.2.3359.4.2.7.1.2.1.1.11
1.2.3399.2.1.14.1.9.4.15
1.2.3406.12.6
1.2.3519.2.1.8.2.8.4.26
1.2.3523.2.1.3
1.2.3704.5
1.2.3773.2.1.4.1.3.3.8
1.2.3833.2.1.1
1.2.3869.4.2.4.3.4.4
1.2.3879.8.4.14.1.2.2
1.2.3886.4.2.29.2.3.1
1.2.3950.2.1.8
1.2.4004.8.4.11.1.3
1.2.4017.8.4.10
1.2.4026.16.8.32
1.2.4307.8.4.10.7.7.3
1.2.4308.10.5.12.1
1.2.4404.2.1.30.1.9
1.2.4552.6.3.9.3.8.1.16.2
1.2.4553.8.4.12.2.11.3
1.2.4563.2.1.2.2.2.2
1.2.4754.2.1
1.2.4808.8.4.12
1.2.4975.8.4.13.4.7
1.2.5110.2.1
1.2.5156.8.4.8.1.13.1.53
1.2.5192.8.4.11.4.18.1.11
1.2.5202.2.1
1.2.5422.6.3.7.1
1.2.5455.8.4
1.2.5526.4.2.5.3
1.2.5530.8.4.9
1.2.5645.6.3.8.1.5
1.2.5667.4.2.16
1.2.5670.10.5
1.2.5683.2.1.2.2.25.1.9
1.2.5765.2.1.1
1.2.5873.2.1.7.2.39.12.23
1.2.5976.6.3.13.3.18
1.2.5996.2.1.3.2
1.5.212.11.2.1.8
1.5.418.7.2.1.16.2
1.5.419.10.2.1.21.1.28.9.4.9
1.5.438.12.2.1.8.3.5.3.9
1.5.476.9.2.1
1.5.502.8.2.1.2.2
1.5.630.8.2.1.5.7
1.5.658.7.2.1
1.5.697.6.2.1.2.1.3.1
1.5.748.6.2.1
1.5.774.8.2.1.12.7.29
1.5.777.8.2.1.20.12.43
1.5.778.7.2.1.22
1.5.825.6.2.1
1.5.905.14.2.1.8.3
1.5.1145.10.2.1
1.5.1332.12.2.1.6.1
1.5.1370.14.2.1.2.1.2.2.30
1.5.1370.14.2.1.4.2.4.3
1.5.1553.7.2.1.1.1
1.5.1590.7.2.1.2.1
1.5.1690.10.2.1.42.2.3.5.59
1.5.1808.8.2.1.20
1.5.1871.10.2.1.5
1.5.1891.10.2.1.12.2.5.1
1.5.1902.7.2.1.42.1.8
1.5.1912.9.2.1
1.5.2059.21.2.1.2
1.5.2150.8.2.1.4.1.2.2.8
1.5.2266.12.2.1.2.1.3
1.5.2316.37.2.1
1.5.2620.10.2.1
1.5.2769.11.2.1.2.1.1.1.35
1.5.2869.9.2.1.5
1.5.3215.8.2.1.5.4.12.3
1.5.3245.9.2.1.4.2.13.1.9
1.5.3259.9.2.1
1.5.3329.21.2.1.2.2.6.1.27
1.5.3421.22.2.1
1.5.3517.8.2.1.3
1.5.3627.7.2.1
1.5.3656.7.2.1
1.5.3663.18.2.1
1.5.3676.10.2.1.16
1.5.3699.8.2.1
1.5.3716.15.2.1.2
1.5.3732.8.2.1.19
1.5.3737.7.2.1.27.1.1
1.5.3803.7.2.1.3.1.12
1.5.3954.7.2.1.2.1.1.1.10
1.5.4020.10.2.1.1.1
1.5.4043.13.2.1.1.1
1.5.4053.19.2.1.20.5
1.5.4063.14.2.1.5
1.5.4156.6.2.1.38.6.40.8
1.5.4209.23.2.1.21.5.11.1.22.6
1.5.4220.9.2.1
1.5.4456.18.2.1.14
1.5.4601.9.2.1.28.7.10.5.21
1.5.4815.11.2.1.32
1.5.4820.12.2.1.1
1.5.4851.8.2.1.17.1.2
1.5.4854.7.2.1.7.2.10
1.5.4966.9.2.1.13.2
1.5.5155.9.2.1
1.5.5205.28.2.1.2.2.4.2.9
1.5.5236.9.2.1.4.1.34
1.5.5305.7.2.1.20.6.8
1.5.5440.6.2.1.7.1.1
1.5.5479.14.2.1.3.3.6.2
1.5.5491.7.2.1.4
1.5.5517.10.2.1.13.4
1.5.5522.8.2.1.6.2
1.5.5544.15.2.1.7
1.5.5595.24.2.1.8.1.5
1.5.5721.11.2.1.17
1.5.5741.15.2.1
1.5.5814.7.2.1.42.2.3
1.5.5957.19.2.1.4
1.5.5977.8.2.1.11.4.13.1
1.5.5990.9.2.1.10.2.7.1.14
1.5.6496.6.2.1.1.2
1.5.6664.6.2.1.1.1.8
1.5.6691.14.2.1.7.1
1.5.6714.9.2.1
1.5.6911.13.2.1.6.5.43.4
1.5.7100.20.2.1.30.5.8.2.2
1.5.7116.13.2.1.3.1
1.5.7117.12.2.1
1.5.7123.14.2.1.18.3.6
1.5.7316.8.2.1.8.1.2.1
1.5.7365.9.2.1.6
1.5.7565.7.2.1.16.2
1.5.7566.10.2.1.21.1.28.9.4.4
1.5.7578.7.2.1.24
1.5.7602.9.2.1
1.5.7752.8.2.1.5.7
1.5.7780.7.2.1
1.5.7804.14.2.1.2.2.7
1.5.7834.5.2.1
1.5.7861.14.2.1.5.4
1.5.7904.10.2.1.21
1.5.7910.13.2.1.34.1.7
1.5.7972.30.2.1.1.1
1.5.8051.14.2.1.8.3
1.5.8209.5.2.1.3.3.21.5.16.32
1.5.8269.7.2.1.2.1.8.2
1.5.8300.29.2.1
1.5.8493.13.2.1.6.6.10
1.5.8523.9.2.1.39.11.8
1.5.8690.7.2.1.1.1
1.5.8850.8.2.1.6.1.1
1.5.8954.8.2.1.20
1.5.9019.10.2.1.5
1.5.9039.10.2.1.12.2.5.1
1.5.9050.7.2.1.42.1.8
1.5.9060.9.2.1
1.5.9172.8.2.1.3.2
1.5.9201.12.2.1.1
1.5.9257.7.2.1.4.2.8.4
1.5.9293.8.2.1.4.1.2.2.8
1.5.9419.6.2.1.14.1.4
1.5.9704.12.2.1.7.5
1.5.9747.10.2.1
1.5.9803.18.2.1.15.1
1.5.9817.7.2.1.24.1
1.5.9890.8.2.1.1.1.33.9.19
1.5.9993.9.2.1.5
1.5.10338.11.2.1.5.1.3.7
1.5.10369.9.2.1.4.2.13.1.9
1.5.10383.9.2.1
1.5.10449.21.2.1.2.2.6.1.31
1.5.10537.22.2.1
1.5.10730.7.2.1
1.5.10759.7.2.1
1.5.10766.18.2.1
1.5.10782.7.2.1.20
1.5.10822.32.2.1
1.5.10837.6.2.1.4
1.5.10861.24.2.1.15.2.11.1.1
1.5.10897.23.2.1.6.2.8
1.5.11027.7.2.1.2.1.1.1.10
1.5.11133.10.2.1.4.6.13
1.5.11212.12.2.1.22.1.1.3
1.5.11244.11.2.1
1.5.11257.23.2.1.11.5.10.1.29.15
1.5.11268.9.2.1
1.5.11484.7.2.1.4.1.17.3.12
1.5.11495.8.2.1.4.5.20
1.5.11625.9.2.1.28.7.10.5.9
1.5.11659.7.2.1.4.2.3.1.7
1.5.11723.7.2.1.15.1.6.2
1.5.11780.8.2.1.29
1.5.11865.8.2.1.17.1.2
1.5.11868.7.2.1.7.2.10
1.5.12161.9.2.1
1.5.12209.28.2.1.2.2.4.2.9
1.5.12235.8.2.1.27.1.6.1
1.5.12241.6.2.1.4.1.4
1.5.12326.7.2.1.20.6.8
1.5.12453.6.2.1.7.1.1
1.5.12492.14.2.1.3.3.6.2
1.5.12529.10.2.1.13.4
1.5.12534.8.2.1.6.2
1.5.12556.15.2.1.7
1.5.12607.24.2.1.8.1.5
1.5.12719.16.2.1
1.5.12750.15.2.1
1.5.12993.8.2.1.11.4.13.1
1.5.13006.9.2.1.10.2.7.1.14
1.5.13118.13.2.1.22
1.5.13524.5.2.1.14.1.1.1
1.5.13541.9.2.1.19.5.13
1.5.13701.9.2.1.16
1.5.13726.14.2.1.7.1
1.5.13749.9.2.1
1.5.13760.8.2.1.19.5.19.2
1.5.13828.10.2.1.1.1.10.4
1.5.13933.6.2.1.12
1.5.14047.8.2.1.13.3
1.5.14142.8.2.1.8.3.5.2.2
1.5.14158.13.2.1.7.8.39.1.12.27
1.5.14163.14.2.1.19.3.6
1.5.14413.11.2.1.8
1.5.14619.7.2.1.16.2
1.5.14620.10.2.1.21.1.28.9.4.4
1.5.14632.7.2.1.24
1.5.14656.9.2.1
1.5.14680.20.2.1
1.5.14810.8.2.1.5.7
1.5.14837.7.2.1
1.5.14876.6.2.1.2.1.3.1
1.5.14927.6.2.1
1.5.14953.8.2.1.12.7.29
1.5.14956.8.2.1.20.12.43
1.5.14957.7.2.1.22
1.5.15005.17.2.1.3.2
1.5.15017.15.2.1.2.1.3.1
1.5.15076.8.2.1.1.3.6
1.5.15253.12.2.1.18.5.9
1.5.15342.29.2.1
1.5.15535.13.2.1.6.6.10
1.5.15573.14.2.1.2.1.2.2.22
1.5.15573.14.2.1.4.2.4.3
1.5.15795.14.2.1.3.4
1.5.15908.8.2.1.6.1.1
1.5.16037.8.2.1.7
1.5.16090.10.2.1.5
1.5.16110.10.2.1.12.2.5.1
1.5.16121.7.2.1.42.1.8
1.5.16239.8.2.1.3.2
1.5.16278.21.2.1.2
1.5.16370.8.2.1.4.1.2.2.8
1.5.16502.24.2.1.24
1.5.16552.37.2.1
1.5.16843.10.2.1
1.5.16994.11.2.1.2.1.1.1.18
1.5.17099.9.2.1.5
1.5.17320.19.2.1.4.1
1.5.17440.10.2.1.1.1.1.1
1.5.17489.9.2.1.4.2.20.1.9
1.5.17499.11.2.1.28.7.37.2
1.5.17503.8.2.1
1.5.17565.19.2.1.26.1
1.5.17571.15.2.1
1.5.17580.23.2.1.3
1.5.17674.22.2.1
1.5.17765.33.2.1.3.1.3.2.27
1.5.17859.20.2.1.1.1
1.5.17920.6.2.1.4.1.27.5.14
1.5.17952.15.2.1.2
1.5.17968.8.2.1.19
1.5.17973.7.2.1.27.1.1
1.5.18038.12.2.1.4.1.11
1.5.18182.7.2.1.2.1.1.1.10
1.5.18248.10.2.1.1.1
1.5.18271.13.2.1.1.1
1.5.18281.19.2.1.20.5
1.5.18291.14.2.1.5
1.5.18373.12.2.1.22.1.1.3
1.5.18433.23.2.1.21.5.11.1.11.19
1.5.18444.9.2.1
1.5.18532.11.2.1
1.5.18683.18.2.1.10
1.5.18826.9.2.1.28.7.10.5.9
1.5.18860.7.2.1.4.2.3.1.7
1.5.18916.7.2.1.2.1.4.1
1.5.19048.8.2.1.17.1.2
1.5.19051.7.2.1.7.2.10
1.5.19233.16.2.1.4.1
1.5.19245.27.2.1.5.1.1.1
1.5.19339.9.2.1
1.5.19387.28.2.1.2.2.4.2.9
1.5.19418.10.2.1.46.3.10
1.5.19495.17.2.1.21.7.6.10.18
1.5.19624.6.2.1.7.1.1
1.5.19670.14.2.1.3.1.5
1.5.19721.15.2.1.7
1.5.19772.24.2.1.8.1.5
1.5.19908.11.2.1.17
1.5.19927.7.2.1
1.5.19932.9.2.1.2
1.5.20077.19.2.1
1.5.20159.8.2.1.11.4.13.1
1.5.20172.9.2.1.10.2.7.1.14
1.5.20277.7.2.1.2.2.13.1.28
1.5.20596.6.2.1.22.7.47
1.5.20686.9.2.1.22.7.17
1.5.20834.9.2.1.16
1.5.20859.14.2.1.7.1
1.5.20882.9.2.1
1.5.21045.15.2.1
1.5.21079.9.2.1.2.1.1.2.12
1.5.21138.6.2.1.6.5
1.5.21200.8.2.1.3.2
1.5.21296.8.2.1.8.3.5.2.2
1.5.21321.17.2.1
1.5.21327.14.2.1.18.3.6
1.5.21569.9.2.1.6
1.5.21762.7.2.1.16.2
1.5.21763.10.2.1.21.1.28.9.4.9
1.5.21782.12.2.1.8.3.5.3.9
1.5.21820.9.2.1
1.5.21846.8.2.1.2.2
1.5.21969.8.2.1.5.7
1.5.21996.7.2.1
1.5.22035.6.2.1.2.1.3.1
1.5.22085.8.2.1.2.2.3.1.3
1.5.22105.32.2.1.12.2.1.1.26
1.5.22154.17.2.1.3.2
1.5.22166.15.2.1.2.1.3.1
1.5.22225.8.2.1.1.3.6
1.5.22395.5.2.1.3.3.21.5.16.14
1.5.22460.7.2.1.2.1.8.3
1.5.22491.29.2.1
1.5.22851.10.2.1
1.5.22930.14.2.1.3.4
1.5.23045.8.2.1.6.1.1
1.5.23057.6.2.1.15.2.2.1
1.5.23084.8.2.1.4.3.37.3
1.5.23098.9.2.1.7.7.52.1
1.5.23152.8.2.1.20
1.5.23211.10.2.1.5
1.5.23231.10.2.1.12.2.5.1
1.5.23242.7.2.1.42.1.8
1.5.23252.9.2.1
1.5.23339.11.2.1.6.6
1.5.23395.21.2.1.2
1.5.23487.8.2.1.4.1.2.2.8
1.5.23617.12.2.1.2.1.3
1.5.23667.27.2.1.11.1
1.5.23881.12.2.1.7.5
1.5.23996.7.2.1.18.1
1.5.24075.11.2.1.2.1.1.1.22
1.5.24096.8.2.1
1.5.24100.18.2.1.1.2
1.5.24179.9.2.1.5
1.5.24517.10.2.1.1.1.1.1
1.5.24566.9.2.1.4.2.20.1.9
1.5.24576.11.2.1.28.7.37.2
1.5.24580.8.2.1
1.5.24642.19.2.1.26.1
1.5.24654.12.2.1.3.2.5
1.5.24813.33.2.1.3.1.3.2.27
1.5.24832.6.2.1.3.1.4.1
1.5.24922.20.2.1.1.1
1.5.24983.6.2.1.4.1.27.5.14
1.5.25020.32.2.1
1.5.25035.6.2.1.2.2.5
1.5.25088.7.2.1.1
1.5.25096.12.2.1.4.1.14
1.5.25238.7.2.1.2.1.1.1.10
1.5.25340.7.2.1.13
1.5.25431.6.2.1.38.6.40.8
1.5.25477.16.2.1
1.5.25480.12.2.1.17.2.9.1.2.7
1.5.25492.20.2.1.1.1.3.1.1
1.5.25726.18.2.1.14
1.5.25869.9.2.1.28.7.10.5.9
1.5.26034.8.2.1.29
1.5.26078.11.2.1.32
1.5.26083.12.2.1.1
1.5.26112.9.2.1.5.1.1
1.5.26298.16.2.1.4.1
1.5.26404.9.2.1
1.5.26439.34.2.1.9
1.5.26481.9.2.1.4.1.41
1.5.26550.17.2.1.21.7.6.10.11
1.5.26679.6.2.1.7.1.1
1.5.26725.14.2.1.3.1.5
1.5.26776.15.2.1.7
1.5.26840.15.2.1
1.5.26920.16.2.1
1.5.26936.22.2.1.21
1.5.26952.15.2.1
1.5.27005.6.2.1
1.5.27187.8.2.1.11.4.13.1
1.5.27200.9.2.1.10.2.7.1.14
1.5.27318.7.2.1.4
1.5.27744.6.2.1.1.2
1.5.27906.9.2.1.16
1.5.27931.14.2.1.7.1
1.5.27954.9.2.1
1.5.27966.7.2.1
1.5.28107.15.2.1
1.5.28139.7.2.1.1.7.56
1.5.28145.5.2.1
1.5.28265.8.2.1.14.2
1.5.28348.20.2.1.30.5.8.2.2
1.5.28364.13.2.1.3.1
1.5.28365.12.2.1
1.5.28371.14.2.1.18.3.6
1.5.28561.8.2.1.8.1.2.1
1.5.28615.11.2.1.8
1.5.28652.14.2.1.12.1
1.5.28802.7.2.1.16.2
1.5.28803.10.2.1.21.1.28.9.4.9
1.5.28815.7.2.1.24
1.5.28839.9.2.1
1.5.29000.8.2.1.5.7
1.5.29027.7.2.1
1.5.29066.6.2.1.2.1.3.1
1.5.29117.6.2.1
1.5.29143.8.2.1.12.7.29
1.5.29146.8.2.1.20.12.43
1.5.29147.7.2.1.22
1.5.29193.17.2.1.3.2
1.5.29205.15.2.1.2.1.3.1
1.5.29275.14.2.1.8.3
1.5.29419.6.2.1.13.2
1.5.29518.10.2.1
1.5.29815.26.2.1
1.5.29973.14.2.1.3.4
1.5.29999.8.2.1
1.5.30095.8.2.1.6.1.1
1.5.30111.11.2.1
1.5.30228.8.2.1.7
1.5.30281.10.2.1.5
1.5.30301.10.2.1.12.2.5.1
1.5.30312.7.2.1.42.1.8
1.5.30465.21.2.1.2
1.5.30770.27.2.1.6.1
1.5.31057.10.2.1
1.5.31069.9.2.1.1.1.7
1.5.31176.8.2.1.12.3.10
1.5.31193.8.2.1.1.1.28.4.5
1.5.31455.8.2.1.9.5
1.5.31636.10.2.1.1.1.1.1
1.5.31691.7.2.1.10.1.1.2
1.5.31705.9.2.1
1.5.31756.19.2.1.26.1
1.5.31762.15.2.1
1.5.31771.23.2.1.3
1.5.31949.8.2.1.3
1.5.32059.7.2.1
1.5.32088.7.2.1
1.5.32095.18.2.1
1.5.32111.7.2.1.20
1.5.32151.32.2.1
1.5.32166.6.2.1.4
1.5.32221.6.2.1.8.5
1.5.32230.6.2.1.8
1.5.32372.7.2.1.2.1.1.1.10
1.5.32477.7.2.1.13
1.5.32567.6.2.1.17.6.26.8
1.5.32612.16.2.1
1.5.32615.12.2.1.16.2.9.1.2.7
1.5.32627.20.2.1.1.1.3.1.1
1.5.32709.11.2.1
1.5.32855.18.2.1.10
1.5.33000.9.2.1.28.7.10.5.21
1.5.33031.8.2.1.14
1.5.33243.8.2.1.17.1.2
1.5.33544.9.2.1
1.5.33594.28.2.1.2.2.4.2.9
1.5.33690.7.2.1.20.6.8
1.5.33824.6.2.1.7.1.1
1.5.33870.14.2.1.3.1.5
1.5.33921.15.2.1.7
1.5.33983.13.2.1
1.5.34097.11.2.1.17
1.5.34182.7.2.1.42.2.3
1.5.34332.19.2.1.4
1.5.34372.9.2.1.10.2.7.1.38
1.5.34467.7.2.1.9
1.5.34904.8.2.1
1.5.34930.9.2.1.22.7.17
1.5.35107.6.2.1.1.1.8
1.5.35134.14.2.1.7.1
1.5.35156.9.2.1
1.5.35348.9.2.1.2.1.1.2.12
1.5.35454.8.2.1.38.2
1.5.35552.8.2.1.8.3.5.2.2
1.5.35573.7.2.1.2.1.1.1.2
1.5.35825.11.2.1.8
1.5.35862.14.2.1.12.1
1.5.36024.7.2.1.16.2
1.5.36025.10.2.1.21.1.28.9.4.9
1.5.36037.7.2.1.24
1.5.36061.9.2.1
1.5.36206.8.2.1.5.7
1.5.36233.7.2.1
1.5.36272.6.2.1.2.1.3.1
1.5.36322.8.2.1.2.2.3.1.3
1.5.36342.32.2.1.12.2.1.1.26
1.5.36392.6.2.1
1.5.36472.14.2.1.8.3
1.5.36633.8.2.1.4.2
1.5.36712.29.2.1
1.5.36901.12.2.1.6.1
1.5.36939.14.2.1.2.1.2.2.30
1.5.36939.14.2.1.4.2.4.3
1.5.37163.14.2.1.3.4
1.5.37209.7.2.1.10.2.7.1.1
1.5.37252.10.2.1.32.3.13.2.62
1.5.37375.8.2.1.20
1.5.37428.10.2.1.5
1.5.37448.10.2.1.12.2.5.1
1.5.37459.7.2.1.42.1.8
1.5.37469.9.2.1
1.5.37617.21.2.1.2
1.5.37709.8.2.1.4.1.2.2.8
1.5.37778.20.2.1.24
1.5.37888.37.2.1
1.5.38138.11.2.1.3.1
1.5.38231.18.2.1.16.1
1.5.38245.7.2.1.24.1
1.5.38402.14.2.1.7.1.5.2
1.5.38413.9.2.1.33
1.5.38746.10.2.1.1.1.1.1
1.5.38795.9.2.1.4.2.20.1.9
1.5.38805.11.2.1.28.7.37.2
1.5.38809.8.2.1
1.5.38871.19.2.1.26.1
1.5.38877.15.2.1
1.5.38886.23.2.1.3
1.5.39050.33.2.1.3.1.3.2.27
1.5.39157.7.2.1
1.5.39186.7.2.1
1.5.39193.18.2.1
1.5.39206.10.2.1.16
1.5.39247.32.2.1
1.5.39262.6.2.1.2.2.5
1.5.39469.7.2.1.2.1.1.1.10
1.5.39574.7.2.1.13
1.5.39651.12.2.1.22.1.1.3
1.5.39683.11.2.1
1.5.39696.23.2.1.11.5.10.1.29.17
1.5.39707.9.2.1
1.5.39795.11.2.1
1.5.39879.16.2.1.28.10.21.1.4
1.5.39926.7.2.1.4.1.17.3.12
1.5.39937.8.2.1.4.5.20
1.5.39961.6.2.1.5
1.5.40065.9.2.1.28.7.10.5.21
1.5.40099.7.2.1.4.2.3.1.7
1.5.40150.8.2.1.4.1.70.3
1.5.40188.12.2.1
1.5.40193.14.2.1.39
1.5.40292.8.2.1.17.1.2
1.5.40395.13.2.1.8.2.7.2
1.5.40479.16.2.1.4.1
1.5.40491.27.2.1.5.1.1.1
1.5.40589.9.2.1
1.5.40639.28.2.1.2.2.4.2.9
1.5.40735.7.2.1.20.6.8
1.5.40869.6.2.1.7.1.1
1.5.40940.10.2.1.13.4
1.5.40945.8.2.1.6.2
1.5.40967.15.2.1.7
1.5.41018.24.2.1.8.1.5
1.5.41131.16.2.1
1.5.41147.22.2.1.21
1.5.41162.7.2.1
1.5.41167.9.2.1.2
1.5.41314.19.2.1
1.5.41396.8.2.1.11.4.13.1
1.5.41409.9.2.1.10.2.7.1.14
1.5.41494.15.2.1.9.1
1.5.41505.7.2.1.9
1.5.41947.8.2.1
1.5.41973.9.2.1.22.7.17
1.5.42137.9.2.1.16
1.5.42161.14.2.1.7.1
1.5.42183.9.2.1
1.5.42192.7.2.1
1.5.42256.10.2.1.1.1.10.4
1.5.42358.13.2.1.15.1.5.2.6
1.5.42431.10.2.1.3.2
1.5.42497.8.2.1.3.2
1.5.42586.20.2.1.19.5.8.2.2
1.5.42607.17.2.1
1.5.42613.14.2.1.18.3.6
1.5.42867.9.2.1.6
1.5.43071.7.2.1.16.2
1.5.43072.10.2.1.21.1.28.9.4.4
1.5.43091.12.2.1.8.3.5.3.9
1.5.43129.9.2.1
1.5.43153.20.2.1
1.5.43281.8.2.1.5.7
1.5.43309.7.2.1
1.5.43348.6.2.1.2.1.3.1
1.5.43399.6.2.1
1.5.43423.32.2.1.12.2.1.1.51
1.5.43475.6.2.1
1.5.43555.14.2.1.8.3
1.5.43713.5.2.1.3.3.21.5.16.15
1.5.43778.7.2.1.2.1.8.3
1.5.44035.16.2.1.3
1.5.44176.10.2.1
1.5.44216.7.2.1.1.1
1.5.44376.8.2.1.6.1.1
1.5.44496.8.2.1.20
1.5.44576.10.2.1.14.2.5.1
1.5.44587.7.2.1.44.1.8
1.5.44597.9.2.1
1.5.44709.8.2.1.3.2
1.5.44738.12.2.1.1
1.5.44890.20.2.1.24
1.5.44957.12.2.1.2.1.3
1.5.45000.15.2.1.3.1.3.5
1.5.45007.7.2.1.17.1.2.2.29
1.5.45232.12.2.1.7.5
1.5.45331.18.2.1.16.1
1.5.45420.11.2.1.2.1.1.1.18
1.5.45525.9.2.1.5
1.5.45872.10.2.1.1.1.1.1
1.5.45923.6.2.1.9
1.5.45938.9.2.1
1.5.45989.19.2.1.26.1
1.5.46001.12.2.1.3.2.5
1.5.46175.8.2.1.3
1.5.46281.20.2.1.1.1
1.5.46342.6.2.1.4.1.27.5.14
1.5.46379.32.2.1
1.5.46394.6.2.1.2.2.5
1.5.46464.7.2.1.3.1.12
1.5.46716.8.2.1.5.1.1
1.5.46879.7.2.1
1.5.46881.12.2.1.6.4.14.3.42.11
1.5.46893.9.2.1
1.5.46981.11.2.1
1.5.47107.7.2.1.4.1.17.3.12
1.5.47118.8.2.1.4.5.20
1.5.47251.9.2.1.28.7.10.5.21
1.5.47284.8.2.1.60.6.2
1.5.47485.8.2.1.17.1.2
1.5.47777.9.2.1
1.5.47827.28.2.1.2.2.4.2.9
1.5.47854.14.2.1.8.8.20.3.6
1.5.47935.7.2.1.20.6.8
1.5.48069.6.2.1.7.1.1
1.5.48115.24.2.1.13
1.5.48167.15.2.1.7
1.5.48218.24.2.1.8.1.5
1.5.48338.22.2.1.21
1.5.48355.8.2.1.12.4.9.8
1.5.48585.8.2.1.11.4.13.1
1.5.48598.9.2.1.10.2.7.1.14
1.5.48705.13.2.1.22
1.5.49145.6.2.1.1.2
1.5.49284.8.2.1
1.5.49295.6.2.1.1.1.6
1.5.49322.14.2.1.7.1
1.5.49344.9.2.1
1.5.49353.7.2.1
1.5.49530.6.2.1.12
1.5.49594.6.2.1.6.5
1.5.49654.8.2.1.3.2
1.5.49749.8.2.1.8.3.5.2.2
1.5.49774.17.2.1
1.5.49780.14.2.1.18.3.6
1.5.50025.9.2.1.6
1.5.50218.7.2.1.16.2
1.5.50219.10.2.1.21.1.28.9.4.9
1.5.50238.12.2.1.8.3.5.3.9
1.5.50441.8.2.1.5.7
1.5.50469.7.2.1
1.5.50508.6.2.1.2.1.3.1
1.5.50559.6.2.1
1.5.50585.8.2.1.12.7.29
1.5.50588.8.2.1.20.12.43
1.5.50589.7.2.1.22
1.5.50636.6.2.1
1.5.50716.14.2.1.8.3
1.5.50872.8.2.1.4.2
1.5.50951.29.2.1
1.5.51175.6.2.1.42.5.41.10
1.5.51309.8.2.1.5.1.8.1.26
1.5.51348.7.2.1.1.1
1.5.51423.8.2.1
1.5.51631.8.2.1.7
1.5.51696.10.2.1.5
1.5.51716.10.2.1.12.2.5.1
1.5.51727.7.2.1.42.1.8
1.5.51845.8.2.1.3.2
1.5.51884.21.2.1.2
1.5.51966.11.2.1.7.2
1.5.51969.8.2.1.4.1.2.2.8
1.5.52032.20.2.1.24
1.5.52167.27.2.1.6.1
1.5.52445.10.2.1
1.5.52593.8.2.1.1.1.33.9.19
1.5.52703.9.2.1.5
1.5.52931.19.2.1.4.1
1.5.53055.11.2.1.5.1.10.5
1.5.53086.9.2.1.4.2.13.1.9
1.5.53097.9.2.1
1.5.53155.19.2.1.26.1
1.5.53167.12.2.1.3.2.5
1.5.53250.22.2.1
1.5.53341.33.2.1.3.1.3.2.27
1.5.53443.7.2.1
1.5.53472.7.2.1
1.5.53479.18.2.1
1.5.53492.10.2.1.16
1.5.53533.32.2.1
1.5.53548.6.2.1.2.2.5
1.5.53572.24.2.1.15.2.11.1.1
1.5.53603.6.2.1.8.5
1.5.53612.6.2.1.7
1.5.53760.7.2.1.2.1.1.1.10
1.5.53826.10.2.1.1.1
1.5.53849.13.2.1.1.1
1.5.53869.14.2.1.5
1.5.54006.11.2.1
1.5.54019.23.2.1.11.5.10.1.29.14
1.5.54032.7.2.1.3
1.5.54035.20.2.1.3.4.37
1.5.54108.11.2.1
1.5.54246.18.2.1.10
1.5.54393.9.2.1.28.7.10.5.9
1.5.54494.7.2.1.11.1.1.1
1.5.54623.9.2.1.5.1.1
1.5.54738.13.2.1.8.2.7.2
1.5.54929.9.2.1
1.5.54979.28.2.1.2.2.4.2.9
1.5.55009.12.2.1.36.12.17.1.3
1.5.55087.7.2.1.20.6.8
1.5.55215.6.2.1.7.1.1
1.5.55257.5.2.1.4.1.13.2.30
1.5.55281.10.2.1.13.4
1.5.55286.8.2.1.6.2
1.5.55309.16.2.1.6.7.9
1.5.55317.8.2.1.1.1.2.1
1.5.55374.15.2.1
1.5.55462.16.2.1
1.5.55493.15.2.1
1.5.55726.8.2.1.11.4.13.1
1.5.55739.9.2.1.10.2.7.1.14
1.5.55854.13.2.1.22
1.5.55961.5.2.1.30.2.4
1.5.56269.6.2.1.1.2
1.5.56425.9.2.1.16
1.5.56449.14.2.1.7.1
1.5.56472.9.2.1
1.5.56484.7.2.1
1.5.56625.15.2.1
1.5.56656.13.2.1.15.1.5.2.6
1.5.56791.8.2.1.3.2
1.5.56876.8.2.1.8.3.5.2.2
1.5.56901.17.2.1
1.5.56907.14.2.1.18.3.6
1.5.57151.11.2.1.8
1.5.57356.7.2.1.16.2
1.5.57357.10.2.1.21.1.28.9.4.9
1.5.57369.7.2.1.24
1.5.57419.20.2.1
1.5.57441.12.2.1
1.5.57546.8.2.1.5.7
1.5.57574.7.2.1
1.5.57613.6.2.1.2.1.3.1
1.5.57683.10.2.1.21
1.5.57689.13.2.1.34.1.7
1.5.57728.17.2.1.3.2
1.5.57740.15.2.1.2.1.3.1
1.5.57799.8.2.1.1.3.6
1.5.57962.15.2.1.12.1.6.1
1.5.57975.8.2.1.4.2
1.5.58058.29.2.1
1.5.58285.6.2.1.42.5.41.10
1.5.58510.7.2.1.2.1
1.5.58631.8.2.1.6.1.1
1.5.58760.8.2.1.7
1.5.58836.10.2.1.14.2.5.1
1.5.58847.7.2.1.44.1.8
1.5.58857.9.2.1
1.5.59005.21.2.1.2
1.5.59222.24.2.1.32
1.5.59276.37.2.1
1.5.59579.10.2.1
1.5.59643.10.2.1
1.5.59726.11.2.1.2.1.1.1.35
1.5.59831.9.2.1.5
1.5.60167.10.2.1.1.1.1.1
1.5.60214.9.2.1.18.5.11.1.9
1.5.60228.9.2.1
1.5.60279.19.2.1.26.1
1.5.60291.12.2.1.3.2.5
1.5.60415.8.2.1
1.5.60478.6.2.1.3.1.4.1
1.5.60572.20.2.1.1.1
1.5.60635.7.2.1.3.1.31.1.12
1.5.60676.15.2.1.2
1.5.60692.8.2.1.19
1.5.60697.7.2.1.27.1.1
1.5.60762.12.2.1.4.1.11
1.5.60908.7.2.1.2.1.1.1.10
1.5.61014.10.2.1.4.6.13
1.5.61093.6.2.1.38.6.40.8
1.5.61139.16.2.1
1.5.61142.12.2.1.17.2.9.1.2.7
1.5.61154.20.2.1.1.1.3.1.1
1.5.61236.11.2.1
1.5.61321.16.2.1.28.10.21.1.4
1.5.61368.7.2.1.4.1.17.3.12
1.5.61379.8.2.1.4.5.20
1.5.61403.6.2.1.5
1.5.61495.9.2.1.28.7.10.5.9
1.5.61590.8.2.1.4.1.70.3
1.5.61737.9.2.1.5.1.1
1.5.61746.6.2.1.7.5.23
1.5.61928.16.2.1.4.1
1.5.62044.9.2.1
1.5.62094.28.2.1.2.2.4.2.9
1.5.62121.14.2.1.8.8.20.3.6
1.5.62202.7.2.1.20.6.8
1.5.62337.6.2.1.7.1.1
1.5.62379.5.2.1.4.1.13.2.30
1.5.62403.10.2.1.13.4
1.5.62408.8.2.1.6.2
1.5.62430.15.2.1.7
1.5.62483.24.2.1.8.1.5
1.5.62499.25.2.1.17
1.5.62510.6.2.1
1.5.62621.11.2.1.17
1.5.62711.7.2.1.42.2.3
1.5.62855.19.2.1.4
1.5.62886.34.2.1
1.5.62898.13.2.1.19
1.5.63439.8.2.1
1.5.63465.9.2.1.22.7.17
1.5.63624.9.2.1.16
1.5.63649.14.2.1.7.1
1.5.63672.9.2.1
1.5.63868.13.2.1.15.1.5.2.6
1.5.63931.6.2.1.6.5
1.5.63993.8.2.1.3.2
1.5.64079.20.2.1.30.5.8.2.2
1.5.64095.13.2.1.3.1
1.5.64096.12.2.1
1.5.64102.14.2.1.18.3.6
1.5.64364.11.2.1.8
1.5.64401.14.2.1.12.1
1.5.64584.7.2.1.16.2
1.5.64585.10.2.1.21.1.28.9.4.4
1.5.64597.7.2.1.24
1.5.64647.20.2.1
1.5.64770.8.2.1.5.7
1.5.64797.7.2.1
1.5.64836.6.2.1.2.1.3.1
1.5.64887.6.2.1
1.5.64913.8.2.1.12.7.29
1.5.64916.8.2.1.20.12.43
1.5.64917.7.2.1.22
1.5.65037.14.2.1.8.3
1.5.65202.11.2.1.7.4.10
1.5.65293.10.2.1
1.5.65534.14.2.1.2.1.2.2.22
1.5.65534.14.2.1.4.2.4.3
1.5.65682.8.2.1.5.1.13.1.57
1.5.66004.8.2.1.20
1.5.66067.10.2.1.5
1.5.66087.10.2.1.12.2.5.1
1.5.66098.7.2.1.42.1.8
1.5.66251.21.2.1.2
1.5.66333.11.2.1.7.2
1.5.66336.8.2.1.4.1.2.2.8
1.5.66386.15.2.1.9.9.20
1.5.66514.27.2.1.11.1
1.5.66738.11.2.1.3.1
1.5.66766.9.2.1.2.1.1.1.1
1.5.66850.10.2.1
1.5.66933.11.2.1.2.1.1.1.35
1.5.67038.9.2.1.5
1.5.67389.10.2.1.1.1.1.1
1.5.67444.7.2.1.10.1.1.2
1.5.67458.9.2.1
1.5.67509.19.2.1.26.1
1.5.67521.12.2.1.3.2.5
1.5.67696.8.2.1.3
1.5.67803.7.2.1
1.5.67832.7.2.1
1.5.67839.18.2.1
1.5.67852.10.2.1.16
1.5.67888.15.2.1.2
1.5.67904.8.2.1.19
1.5.67909.7.2.1.27.1.1
1.5.67975.7.2.1.3.1.12
1.5.68236.7.2.1.13
1.5.68371.11.2.1
1.5.68384.23.2.1.11.5.10.1.29.14
1.5.68395.9.2.1
1.5.68614.18.2.1.10
1.5.68650.6.2.1.5
1.5.68733.9.2.1.28.7.10.5.39
1.5.68767.7.2.1.4.2.3.1.7
1.5.68818.8.2.1.4.1.70.3
1.5.68859.10.2.1.2
1.5.68957.8.2.1.17.1.2
1.5.69263.9.2.1
1.5.69298.34.2.1.9
1.5.69340.9.2.1.4.1.41
1.5.69409.7.2.1.20.6.8
1.5.69538.6.2.1.7.1.1
1.5.69581.6.2.1.5.1.6.3.44
1.5.69596.12.2.1.6.2
1.5.69631.15.2.1.7
1.5.69679.14.2.1.22
1.5.69701.5.2.1.2.1.1.3.35
1.5.69804.11.2.1.17
1.5.69818.17.2.1
1.5.70051.19.2.1.4
1.5.70091.9.2.1.10.2.7.1.38
1.5.70623.8.2.1
1.5.70652.6.2.1.1.2
1.5.70799.9.2.1.16
1.5.70824.14.2.1.7.1
1.5.70847.9.2.1
1.5.70859.7.2.1
1.5.70923.10.2.1.1.1.10.4
1.5.71043.13.2.1.6.5.43.4
1.5.71252.8.2.1.8.3.5.2.2
1.5.71268.13.2.1.7.8.39.1.12.18
1.5.71273.14.2.1.19.3.6
1.5.71525.11.2.1.8
1.5.71562.14.2.1.12.1
1.5.71571.10.2.1.5
1.5.71717.7.2.1.16.2
1.5.71718.10.2.1.21.1.28.9.4.4
1.5.71737.12.2.1.8.3.5.3.9
1.5.71775.9.2.1
1.5.71933.8.2.1.5.7
1.5.71961.7.2.1
1.5.72000.6.2.1.2.1.3.1
1.6.1.8.2.1
1.6.43.8.2.1.6.2.2.1
1.6.78.8.2.1.1
1.6.84.8.2.1.6.4.6
1.6.246.8.2.1.11.1.2
1.6.331.8.2.1.3.1
1.6.438.8.2.1.4.2.6.3.4
1.6.499.8.2.1
1.6.700.8.2.1.4.1.3
1.6.787.8.2.1.4.1.2
1.6.835.8.2.1.6.5
1.6.845.8.2.1
1.6.969.8.2.1.2.3
1.6.1007.8.2.1.7.3.17.3.15.2
1.6.1062.8.2.1.12.6
1.6.1162.8.2.1.18
1.6.1171.8.2.1
1.6.1296.8.2.1.3
1.6.1298.8.2.1
1.6.1335.8.2.1.18.4.13.3
1.6.1382.8.2.1.2.2.7
1.6.1413.8.2.1
1.6.1581.8.2.1.6
1.6.1592.8.2.1.8.2
1.6.1627.8.2.1.23.2.2.1.5
1.6.1694.8.2.1.6.7.47.5
1.6.1771.8.2.1.9.2.28
1.6.1837.8.2.1.3
1.6.2104.8.2.1
1.6.2142.8.2.1.8.1.1.6
1.6.2384.8.2.1.12.2
1.6.2450.8.2.1.29.3.36.2
1.6.2464.8.2.1.1
1.6.2545.8.2.1.12.6
1.6.2644.8.2.1.9.7.15.1
1.6.2734.8.2.1
1.6.2890.8.2.1
1.6.2927.8.2.1.5
1.6.2942.8.2.1
1.6.2949.8.2.1.2.1
1.6.3019.8.2.1
1.6.3031.8.2.1
1.6.3034.8.2.1
1.6.3039.8.2.1.2.1.12.2.33
1.6.3345.8.2.1.3.1
1.6.3387.8.2.1.18.1.6.4
1.6.3411.8.2.1.6
1.6.3463.8.2.1.4.3
1.6.3483.8.2.1.3
1.6.3493.8.2.1.5
1.6.3893.8.2.1.3.3.10
1.6.4036.8.2.1
1.6.4048.8.2.1.35.8
1.6.4064.8.2.1.13.4.23
1.6.4140.8.2.1.9.3.21.9
1.6.4248.8.2.1.10.3.6
1.6.4314.8.2.1.47.1.17.2.15
1.6.4480.8.2.1.1.2
1.6.4644.8.2.1.2.2.7.6.6
1.6.4679.8.2.1.13.1.13.2.5
1.6.4683.8.2.1
1.6.4690.8.2.1
1.6.4872.8.2.1.8
1.6.4900.8.2.1.8.2
1.6.4991.8.2.1.7.2.9
1.6.5088.8.2.1.23.2.6.1.1
1.6.5090.8.2.1.25.2.4
1.6.5092.8.2.1.3.2.2
1.6.5115.8.2.1.21.6
1.6.5132.8.2.1.3
1.6.5231.8.2.1.1.1.29.3
1.6.5265.8.2.1.11.5
1.6.5331.8.2.1.26.4.3.2.11
1.6.5435.8.2.1.6.2.17.6.8
1.6.5461.8.2.1.50.3
1.6.5475.8.2.1.10.1
1.6.5496.8.2.1.5.2.4
1.6.5547.8.2.1.51.4.7
1.6.5565.8.2.1.29.3.8
1.6.5689.8.2.1.3
1.6.5708.8.2.1
1.6.5790.8.2.1.11.4.31.1
1.6.5863.8.2.1.3.1.8
1.6.5948.8.2.1.11.3.3
1.6.5994.8.2.1.2
1.6.6226.8.2.1.10
1.6.6330.8.2.1.4.2.3
1.6.6523.8.2.1.7.4
1.6.6562.8.2.1
1.6.6603.8.2.1.3.1.3
1.6.6761.8.2.1.5.3.6
1.6.6839.8.2.1
1.6.6897.8.2.1.14.1
1.6.7034.8.2.1.4.2.6.1.2
1.6.7070.8.2.1.6.7
1.6.7296.8.2.1.17.2.3.1
1.6.7314.8.2.1.5.3
1.6.7322.8.2.1.1.1.43
1.6.7607.8.2.1.10.1.2
1.6.7745.8.2.1.10.3.6
1.6.7830.8.2.1.19.4.13.1.4.11
1.6.7850.8.2.1.1
1.6.7928.8.2.1.20.5.12.1
1.6.8062.8.2.1.21
1.6.8134.8.2.1.3.3.5
1.6.8233.8.2.1.3.1.1.1.7
1.6.8234.8.2.1.2.1.5
1.6.8391.8.2.1.11.1.2
1.6.8433.8.2.1.10.2
1.6.8595.8.2.1.18.2.2.3.3
1.6.8596.8.2.1.4.1.1.2
1.6.8639.8.2.1.1.2
1.6.8813.8.2.1.3.3.17.5
1.6.8868.8.2.1.4.1.3
1.6.8959.8.2.1.16
1.6.9108.8.2.1.7
1.6.9139.8.2.1.2.3
1.6.9177.8.2.1.7.3.17.3.15.2
1.6.9354.8.2.1.3.1.1.1.5
1.6.9456.8.2.1.2.1
1.6.9482.8.2.1.26.4.5.2.4
1.6.9523.8.2.1.18.4.13.3
1.6.9621.8.2.1
1.6.9798.8.2.1.1.1
1.6.9825.8.2.1.1.1
1.6.9848.8.2.1.23.2.2.1.7
1.6.9924.8.2.1.2.1.1
1.6.9980.8.2.1.2.1
1.6.10076.8.2.1.3
1.6.10337.8.2.1
1.6.10375.8.2.1.8.1.1.6
1.6.10613.8.2.1.12.2
1.6.10680.8.2.1.29.3.36.2
1.6.10694.8.2.1.1
1.6.10775.8.2.1.12.6
1.6.10872.8.2.1.5.3
1.6.10974.8.2.1
1.6.11034.8.2.1.1.1.1.1
1.6.11122.8.2.1
1.6.11161.8.2.1.2.1.4
1.6.11161.8.2.1.3.2.8
1.6.11251.8.2.1
1.6.11263.8.2.1
1.6.11266.8.2.1
1.6.11271.8.2.1.2.1.12.2.33
1.6.11469.8.2.1.16.1.37.1.20
1.6.11626.8.2.1.18.1.6.4
1.6.11650.8.2.1.6
1.6.11700.8.2.1.13.2.3.1.4
1.6.11707.8.2.1.3
1.6.11717.8.2.1.5
1.6.12122.8.2.1.1.1.2
1.6.12145.8.2.1.3.3.3.1
1.6.12281.8.2.1.4.3.6
1.6.12411.8.2.1
1.6.12472.8.2.1.10.3.6
1.6.12538.8.2.1.47.1.17.2.15
1.6.12687.8.2.1
1.6.12715.8.2.1.4.1.4.2.4
1.6.12781.8.2.1
1.6.12880.8.2.1.2.2.7.6.6
1.6.12915.8.2.1.13.1.13.2.5
1.6.12919.8.2.1
1.6.12926.8.2.1
1.6.13113.8.2.1.8
1.6.13141.8.2.1.8.2
1.6.13232.8.2.1.2.2.7
1.6.13331.8.2.1.23.2.6.1.1
1.6.13333.8.2.1.25.2.4
1.6.13335.8.2.1.3.2.2
1.6.13354.8.2.1.21.6
1.6.13367.8.2.1.24.2.4
1.6.13456.8.2.1.1.1.29.3
1.6.13490.8.2.1.11.5
1.6.13555.8.2.1.26.4.3.2.11
1.6.13623.8.2.1.10.5.17.2.5
1.6.13655.8.2.1.18
1.6.13681.8.2.1.50.3
1.6.13695.8.2.1.10.1
1.6.13716.8.2.1.5.2.4
1.6.13783.8.2.1.11.1.30.3.14
1.6.13892.8.2.1.3
1.6.13917.8.2.1.11.4
1.6.14148.8.2.1.11.3.3
1.6.14195.8.2.1.3.1.4
1.6.14432.8.2.1.10
1.6.14539.8.2.1.4.2.3
1.6.14713.8.2.1.3.2
1.6.14782.8.2.1
1.6.14998.8.2.1.9.3
1.6.15011.8.2.1.3
1.6.15062.8.2.1.15.2
1.6.15089.8.2.1
1.6.15152.8.2.1.6.2
1.6.15275.8.2.1.3.1.2
1.6.15527.8.2.1.17.2.3.1
1.6.15545.8.2.1.5.3
1.6.15553.8.2.1.1.1.43
1.6.15878.8.2.1.4.3.21
1.6.15944.8.2.1.5.4.35.1
1.6.15946.8.2.1.14.7
1.6.16083.8.2.1.1
1.6.16161.8.2.1
1.6.16360.8.2.1.3.3.5
1.6.16426.8.2.1.6.1
1.6.16453.8.2.1.13.2.42
1.6.16458.8.2.1.6.3.11.1.45
1.6.16619.8.2.1.11.1.2
1.6.16831.8.2.1.16.2.4.3.10.66
1.6.16877.8.2.1.1.2
1.6.17032.8.2.1.1
1.6.17033.8.2.1.8.1.8.3.29
1.6.17083.8.2.1.4.1.3
1.6.17172.8.2.1.22
1.6.17315.8.2.1.7
1.6.17385.8.2.1.23.1
1.6.17442.8.2.1.9.6
1.6.17559.8.2.1.3.1.1.1.5
1.6.17665.8.2.1.4.2
1.6.17695.8.2.1.3
1.6.17697.8.2.1
1.6.17842.8.2.1
1.6.18021.8.2.1.1.1
1.6.18048.8.2.1.1.1
1.6.18071.8.2.1.23.2.2.1.7
1.6.18131.8.2.1.6.7.45.5
1.6.18213.8.2.1.2.4.19.2.6
1.6.18272.8.2.1.8.1
1.6.18283.8.2.1.3
1.6.18534.8.2.1
1.6.18572.8.2.1.8.1.1.6
1.6.18793.8.2.1.2
1.6.18830.8.2.1.8.1
1.6.18832.8.2.1.16.2
1.6.18915.8.2.1.1
1.6.18996.8.2.1.12.6
1.6.19202.8.2.1
1.6.19316.8.2.1.3
1.6.19355.8.2.1.1.1
1.6.19394.8.2.1.5.1.8
1.6.19406.8.2.1.2.1
1.6.19476.8.2.1
1.6.19488.8.2.1
1.6.19491.8.2.1
1.6.19496.8.2.1.2.1.12.2.33
1.6.19689.8.2.1.16.1.37.1.20
1.6.19846.8.2.1.18.1.6.4
1.6.19868.8.2.1.3.1.4
1.6.19912.8.2.1.2
1.6.19919.8.2.1.1.1.1
1.6.19969.8.2.1.1.1
1.6.19976.8.2.1.14.6.16.3.7
1.6.19981.8.2.1.8.1.2.1
1.6.20284.8.2.1.3.2
1.6.20293.8.2.1.3.3.10
1.6.20472.8.2.1.15.5.11.9.43
1.6.20665.8.2.1.23.5.15
1.6.20709.8.2.1.6.10.17.3
1.6.20719.8.2.1.6.6.22.8.25
1.6.20750.8.2.1.12
1.6.20907.8.2.1.1.2
1.6.21071.8.2.1.2.2.7.6.6
1.6.21112.8.2.1.9
1.6.21118.8.2.1.2
1.6.21289.8.2.1.8
1.6.21317.8.2.1.8.2
1.6.21419.8.2.1.2.2.16
1.6.21518.8.2.1.23.2.6.1.1
1.6.21520.8.2.1.25.2.4
1.6.21522.8.2.1.3.2.2
1.6.21541.8.2.1.21.6
1.6.21554.8.2.1.18.2.5
1.6.21641.8.2.1.1.1.29.3
1.6.21684.8.2.1.11.3
1.6.21739.8.2.1.26.4.3.2.11
1.6.21846.8.2.1.2
1.6.21865.8.2.1.6.2
1.6.21898.8.2.1.5.2.4
1.6.21949.8.2.1.51.4.7
1.6.21967.8.2.1.29.3.8
1.6.22074.8.2.1.3
1.6.22099.8.2.1.11.4
1.6.22159.8.2.1.16
1.6.22174.8.2.1
1.6.22332.8.2.1.11.3.3
1.6.22378.8.2.1.2
1.6.22732.8.2.1.4.2.3
1.6.22893.8.2.1.3.2
1.6.22967.8.2.1
1.6.23008.8.2.1.3.1.3
1.6.23250.8.2.1.4.4
1.6.23277.8.2.1.19.3
1.6.23293.8.2.1.8.3.17.1
1.6.23428.8.2.1.3.1.2
1.6.23462.8.2.1.6.7
1.6.23700.8.2.1.27.6.14.1
1.6.23715.8.2.1.18.5.8.2
1.6.23731.8.2.1.11
1.6.24016.8.2.1.10.1.2
1.6.24078.8.2.1
1.6.24090.8.2.1.12.2
1.6.24243.8.2.1.4.4.5.1.4.58
1.6.24263.8.2.1.1
1.6.24336.8.2.1.20.5.12.1
1.6.24541.8.2.1.3.3.5
1.6.24630.8.2.1.6.2.2.1
1.6.24665.8.2.1.1
1.6.24671.8.2.1.6.4.6
1.6.24691.8.2.1.12.3
1.6.24830.8.2.1.11.1.2
1.6.24924.8.2.1.3.1
1.6.25010.8.2.1.4.2.6.3.4
1.6.25071.8.2.1
1.6.25271.8.2.1.4.1.3
1.6.25328.8.2.1.15.3.9
1.6.25358.8.2.1.4.1.2
1.6.25406.8.2.1.6.5
1.6.25416.8.2.1
1.6.25501.8.2.1.7
1.6.25570.8.2.1.7.3.25.3.28.13
1.6.25619.8.2.1.9.9
1.6.25639.8.2.1.8.1.9.4
1.6.25735.8.2.1.3.1.6.1.4
1.6.25865.8.2.1.26.4.5.2.4
1.6.25906.8.2.1.18.4.13.3
1.6.26006.8.2.1
1.6.26019.8.2.1.28.3
1.6.26031.8.2.1.3.2
1.6.26182.8.2.1.6
1.6.26193.8.2.1.8.2
1.6.26240.8.2.1.23.2.2.1.7
1.6.26307.8.2.1.6.7.47.5
1.6.26360.8.2.1.2.1
1.6.26387.8.2.1.23.1.13
1.6.26448.8.2.1.3.3.5.1.3
1.6.26760.8.2.1.5.3.11.5
1.6.27009.8.2.1.8.1
1.6.27011.8.2.1.16.2
1.6.27098.8.2.1
1.6.27174.8.2.1.12.6
1.6.27379.8.2.1
1.6.27493.8.2.1.3
1.6.27534.8.2.1.2.3.4.4
1.6.27592.8.2.1.2.1
1.6.27662.8.2.1
1.6.27674.8.2.1
1.6.27677.8.2.1
1.6.27682.8.2.1.2.1.12.2.33
1.6.27834.8.2.1
1.6.27886.8.2.1.12.1.1.8.11
1.6.27942.8.2.1.2.1
1.6.28047.8.2.1.18.1.6.4
1.6.28071.8.2.1.6
1.6.28123.8.2.1.4.3
1.6.28143.8.2.1.3
1.6.28153.8.2.1.5
1.6.28556.8.2.1.3.3.10
1.6.28732.8.2.1.3
1.6.28868.8.2.1
1.6.28897.8.2.1
1.6.28940.8.2.1.23.5.15
1.6.28994.8.2.1.6.6.22.8.28
1.6.29163.8.2.1.1.2
1.6.29175.8.2.1.3.1.3
1.6.29222.8.2.1.13.8.11
1.6.29299.8.2.1.18.1.10.1.1
1.6.29317.8.2.1.5.1.1.3
1.6.29419.8.2.1.9
1.6.29425.8.2.1.2
1.6.29428.8.2.1
1.6.29601.8.2.1.8
1.6.29629.8.2.1.8.2
1.6.29726.8.2.1.22.5.15
1.6.29826.8.2.1.23.2.6.1.1
1.6.29828.8.2.1.25.2.4
1.6.29830.8.2.1.3.2.2
1.6.29849.8.2.1.21.6
1.6.29862.8.2.1.18.2.5
1.6.29949.8.2.1.1.1.29.3
1.6.29983.8.2.1.11.5
1.6.30048.8.2.1.26.4.3.2.11
1.6.30116.8.2.1.10.5.17.2.5
1.6.30164.8.2.1.6.2
1.6.30197.8.2.1.5.2.4
1.6.30249.8.2.1.2.1
1.6.30383.8.2.1.3
1.6.30403.8.2.1.2
1.6.30469.8.2.1.19
1.6.30481.8.2.1.11.4.24.1
1.6.30624.8.2.1.11.3.3
1.6.30671.8.2.1.3.1.4
1.6.30922.8.2.1.10
1.6.31008.8.2.1.4.2.3
1.6.31183.8.2.1.3.2
1.6.31253.8.2.1
1.6.31299.8.2.1.31.8.19.6.6
1.6.31525.8.2.1
1.6.31584.8.2.1.8.3.17.1
1.6.31726.8.2.1.9
1.6.31893.8.2.1
1.6.31970.8.2.1.27.6.14.1
1.6.31988.8.2.1.5.3
1.6.31996.8.2.1.1.1.43
1.6.32281.8.2.1.10.1.2
1.6.32388.8.2.1.6.5
1.6.32514.8.2.1.6.2
1.6.32613.8.2.1
1.6.32809.8.2.1.3.3.5
1.6.32898.8.2.1.1
1.6.32904.8.2.1.6.4.6
1.6.33057.8.2.1.11.1.2
1.6.33151.8.2.1.3.1
1.6.33259.8.2.1.18.2.2.3.3
1.6.33260.8.2.1.4.1.1.2
1.6.33303.8.2.1.1.2
1.6.33495.8.2.1.3.4
1.6.33532.8.2.1.4.1.3
1.6.33619.8.2.1.4.1.2
1.6.33667.8.2.1.6.5
1.6.33677.8.2.1
1.6.33793.8.2.1.2.2
1.6.33827.8.2.1.7.3.17.3.15.5
1.6.33877.8.2.1.19.4
1.6.33990.8.2.1
1.6.34047.8.2.1
1.6.34094.8.2.1.4.2
1.6.34124.8.2.1.3
1.6.34126.8.2.1
1.6.34169.8.2.1.18.4.13.3
1.6.34216.8.2.1.2.2.7
1.6.34247.8.2.1
1.6.34418.8.2.1.6
1.6.34429.8.2.1.8.2
1.6.34476.8.2.1.23.2.2.1.7
1.6.34540.8.2.1.6.7.45.5
1.6.34614.8.2.1.2.4.21.2.6
1.6.34674.8.2.1.3.3.5.1.3
1.6.34839.8.2.1.28.3.13
1.6.34855.8.2.1.3.2.11
1.6.34958.8.2.1.5.3.11.5
1.6.35166.8.2.1.2
1.6.35205.8.2.1.7.6
1.6.35272.8.2.1.29.3.36.2
1.6.35286.8.2.1.1
1.6.35367.8.2.1.12.6
1.6.35633.8.2.1.1.1.1.1
1.6.35880.8.2.1
1.6.35883.8.2.1
1.6.35888.8.2.1.2.1.12.2.21
1.6.36075.8.2.1.4.1.1.8.19
1.6.36182.8.2.1.3.1
1.6.36224.8.2.1.18.1.6.4
1.6.36246.8.2.1.3.1.4
1.6.36282.8.2.1.13.2.3.1.46
1.6.36295.8.2.1.3
1.6.36305.8.2.1.5
1.6.36719.8.2.1.1.1.2
1.6.36891.8.2.1.3
1.6.37090.8.2.1.10.3.6
1.6.37138.8.2.1
1.6.37183.8.2.1.12
1.6.37326.8.2.1.1.2
1.6.37333.8.2.1.1.1.1.1
1.6.37377.8.2.1.13.8.11
1.6.37569.8.2.1.6.1.2.6.34
1.6.37570.8.2.1.12.5
1.6.37573.8.2.1.14.1.16
1.6.37757.8.2.1.8
1.6.37785.8.2.1.8.2
1.6.37888.8.2.1.15.8.15.2.18
1.6.37988.8.2.1.23.2.6.1.1
1.6.37990.8.2.1.25.2.4
1.6.37992.8.2.1.3.2.2
1.6.38011.8.2.1.21.6
1.6.38026.8.2.1.5.5.7.2.44
1.6.38116.8.2.1.1.1.29.3
1.6.38212.8.2.1.26.4.3.2.11
1.6.38337.8.2.1.50.3
1.6.38362.8.2.1.10.2.39.2.3
1.6.38417.8.2.1.66.4.7
1.6.38435.8.2.1.29.3.8
1.6.38554.8.2.1.3
1.6.38660.8.2.1.11.4.31.1
1.6.38799.8.2.1.8
1.6.38807.8.2.1.8.1.1.4
1.6.38829.8.2.1.2.2.12.1
1.6.38847.8.2.1.2
1.6.39206.8.2.1.19.10.57.3.11
1.6.39368.8.2.1.3.2
1.6.39428.8.2.1.3.1.3.1
1.6.39446.8.2.1.10.1
1.6.39483.8.2.1.17
1.6.39746.8.2.1
1.6.39806.8.2.1.8.3.17.1
1.6.39947.8.2.1.9
1.6.39982.8.2.1.6.7
1.6.40134.8.2.1
1.6.40200.8.2.1.18.6.14.1
1.6.40215.8.2.1.18.5.8.2
1.6.40231.8.2.1.11
1.6.40519.8.2.1.10.1.2
1.6.40581.8.2.1
1.6.40593.8.2.1.12.2
1.6.40627.8.2.1.7.1
1.6.40739.8.2.1.19.4.13.1.4.41
1.6.40759.8.2.1.1
1.6.40837.8.2.1.20.5.12.1
1.6.41044.8.2.1.3.3.5
1.6.41171.8.2.1.12.4.44
1.6.41179.8.2.1.3.2.5
1.6.41181.8.2.1.6
1.6.41342.8.2.1.11.1.2
1.6.41550.8.2.1.18.2.2.3.3
1.6.41551.8.2.1.4.1.1.2
1.6.41594.8.2.1.1.2
1.6.41744.8.2.1.3.3.23.5
1.6.41799.8.2.1.4.1.3
1.6.41886.8.2.1.16
1.6.42068.8.2.1.4.4.11.4
1.6.42114.8.2.1.16.1.9.4
1.6.42159.8.2.1.12.6
1.6.42179.8.2.1.8.1.9.4
1.6.42271.8.2.1
1.6.42373.8.2.1.4.2
1.6.42403.8.2.1.3
1.6.42405.8.2.1
1.6.42419.8.2.1
1.6.42423.8.2.1.1.1
1.6.42558.8.2.1
1.6.42755.8.2.1.1.2
1.6.42783.8.2.1.1.1
1.6.42806.8.2.1.23.2.2.1.7
1.6.42882.8.2.1.3.3.31.3
1.6.42956.8.2.1.1.1.31.2.9
1.6.43020.8.2.1.3.3.5.1.3
1.6.43329.8.2.1.8.1.1.6
1.6.43574.8.2.1.7.6
1.6.43660.8.2.1
1.6.43738.8.2.1.12.6
1.6.43945.8.2.1
1.6.44005.8.2.1.1.1.1.1
1.6.44092.8.2.1.1.1
1.6.44120.8.2.1.2.1.4
1.6.44120.8.2.1.3.2.8
1.6.44224.8.2.1
1.6.44227.8.2.1
1.6.44232.8.2.1.2.1.12.2.21
1.6.44427.8.2.1.16.1.37.1.20
1.6.44579.8.2.1.18.1.6.4
1.6.44603.8.2.1.6
1.6.44655.8.2.1.4.3
1.6.44675.8.2.1.3
1.6.44685.8.2.1.5
1.6.45073.8.2.1.9.2.8
1.6.45262.8.2.1.3
1.6.45452.8.2.1.16
1.6.45496.8.2.1
1.6.45662.8.2.1.1.2
1.6.45881.8.2.1.9
1.6.45887.8.2.1.2
1.6.45890.8.2.1
1.6.46070.8.2.1.8
1.6.46098.8.2.1.8.2
1.6.46189.8.2.1.2.2.7
1.6.46288.8.2.1.23.2.6.1.1
1.6.46290.8.2.1.25.2.4
1.6.46292.8.2.1.3.2.2
1.6.46311.8.2.1.21.6
1.6.46328.8.2.1.11.4.38.1.38
1.6.46413.8.2.1.1.1.17.4.3
1.6.46457.8.2.1.11.3
1.6.46472.8.2.1.47
1.6.46499.8.2.1.26.4.3.2.15
1.6.46567.8.2.1.10.5.17.2.5
1.6.46599.8.2.1.18
1.6.46625.8.2.1.50.3
1.6.46639.8.2.1.10.1
1.6.46660.8.2.1.5.2.4
1.6.46711.8.2.1.42.4.7
1.6.46729.8.2.1.29.3.8
1.6.46842.8.2.1.3
1.6.46860.8.2.1
1.6.46919.8.2.1.16
1.6.47086.8.2.1.11.3.3
1.6.47132.8.2.1.2
1.6.47385.8.2.1.10
1.6.47482.8.2.1.4.2.3
1.6.47642.8.2.1.3.2
1.6.47702.8.2.1.3.1.3.1
1.6.47720.8.2.1.10.1
1.6.47973.8.2.1
1.6.48033.8.2.1.8.3.17.1
1.6.48194.8.2.1.2.2.4.1.7
1.6.48365.8.2.1
1.6.48431.8.2.1.14.5.19.2
1.6.48449.8.2.1.5.3
1.6.48457.8.2.1.1.1.43
1.6.48748.8.2.1.10.1.2
1.6.48855.8.2.1.5.4.27.1
1.6.48947.8.2.1.19.4.13.1.4.52
1.6.48967.8.2.1.1
1.6.49045.8.2.1
1.6.49233.8.2.1.3.3.5
1.6.49343.8.2.1.12.4.44
1.6.49351.8.2.1.3.2.5
1.6.49353.8.2.1.6
1.6.49373.8.2.1.12.3
1.6.49510.8.2.1.11.1.2
1.6.49717.8.2.1.4.2.6.3.4
1.6.49766.8.2.1.13.1.10.1.41.32
1.6.49782.8.2.1.3.3.8.3
1.6.49941.8.2.1.3.4
1.6.49978.8.2.1.4.1.3
1.6.50065.8.2.1.4.1.2
1.6.50113.8.2.1.6.5
1.6.50123.8.2.1
1.6.50202.8.2.1.7
1.6.50271.8.2.1.7.3.25.3.28.13
1.6.50329.8.2.1.9.6
1.6.50454.8.2.1
1.6.50548.8.2.1.4.2
1.6.50578.8.2.1.3
1.6.50580.8.2.1
1.6.50594.8.2.1
1.6.50598.8.2.1.1.1
1.6.50680.8.2.1.2.2.7
1.6.50711.8.2.1
1.6.50800.8.2.1.16.1.3.6
1.6.50831.8.2.1.7.5.53
1.6.50878.8.2.1.1.1
1.6.50905.8.2.1.1.1
1.6.50928.8.2.1.23.2.2.1.7
1.6.50992.8.2.1.6.7.47.5
1.6.51073.8.2.1.2.3.7.2.6
1.6.51111.8.2.1.21.6.3
1.6.51119.8.2.1.10.1
1.6.51130.8.2.1.3
1.6.51391.8.2.1
1.6.51429.8.2.1.8.1.1.6
1.6.51639.8.2.1.2
1.6.51767.8.2.1
1.6.51843.8.2.1.12.6
1.6.51943.8.2.1.9.7.15.1
1.6.52033.8.2.1
1.6.52186.8.2.1.1.1
1.6.52216.8.2.1.20
1.6.52222.8.2.1
1.6.52236.8.2.1.67.1
1.6.52316.8.2.1
1.6.52319.8.2.1
1.6.52324.8.2.1.2.1.12.2.21
1.6.52482.8.2.1
1.6.52523.8.2.1.4.1.1.8.24
1.6.52683.8.2.1.18.1.6.4
1.6.52705.8.2.1.3.1.4
1.6.52739.8.2.1.14.1.22.4
1.6.52746.8.2.1.7.3.11.4.4
1.6.52753.8.2.1.3
1.6.52763.8.2.1.5
1.6.53154.8.2.1.1.1.2
1.6.53177.8.2.1.3.3.3.1
1.6.53310.8.2.1.13.2
1.6.53331.8.2.1.58.5.10.3.8
1.6.53458.8.2.1
1.6.53487.8.2.1
1.6.53547.8.2.1.23.5.15
1.6.53601.8.2.1.6.6.22.8.28
1.6.53774.8.2.1.1.2
1.6.53788.8.2.1.4.1
1.6.53831.8.2.1.13.8.11
1.6.54022.8.2.1.9
1.6.54028.8.2.1.2
1.6.54031.8.2.1
1.6.54223.8.2.1.8
1.6.54253.8.2.1
1.6.54353.8.2.1.15.8.15.2.18
1.6.54440.8.2.1.23.2.6.1.1
1.6.54442.8.2.1.25.2.4
1.6.54444.8.2.1.3.2.2
1.6.54463.8.2.1.21.6
1.6.54476.8.2.1.18.2.5
1.6.54554.8.2.1.1.1.17.4.3
1.6.54634.8.2.1.26.4.3.2.15
1.6.54756.8.2.1.6.2
1.6.54789.8.2.1.5.2.4
1.6.54841.8.2.1.2.1
1.6.54977.8.2.1.3
1.6.55002.8.2.1.11.4
1.6.55062.8.2.1.16
1.6.55144.8.2.1.4.4
1.6.55147.8.2.1.4.2.4
1.6.55232.8.2.1.11.3.3
1.6.55279.8.2.1.3.1.4
1.6.55625.8.2.1.4.2.3
1.6.55785.8.2.1.3.2
1.6.55844.8.2.1.3.1.3.1
1.6.55890.8.2.1.17
1.6.56127.8.2.1.15.2
1.6.56154.8.2.1
1.6.56295.8.2.1
1.6.56342.8.2.1.2.2.4.1.61
1.6.56517.8.2.1
1.6.56586.8.2.1.17.2.3.1
1.6.56601.8.2.1.18.5.8.2
1.6.56617.8.2.1.11
1.6.56903.8.2.1.10.1.2
1.6.57157.8.2.1.19.4.13.1.4.41
1.6.57177.8.2.1.1
1.6.57252.8.2.1
1.6.57381.8.2.1.21
1.6.57453.8.2.1.3.3.5
1.6.57553.8.2.1.13.2.42
1.6.57558.8.2.1.6.3.11.1.45
1.6.57720.8.2.1.11.1.2
1.6.57928.8.2.1.18.2.2.3.3
1.6.57929.8.2.1.4.1.1.2
1.6.57972.8.2.1.1.2
1.6.58146.8.2.1.3.3.17.5
1.6.58199.8.2.1.9.4.18.7.25
1.6.58278.8.2.1.4.1.2
1.6.58326.8.2.1.6.5
1.6.58336.8.2.1
1.6.58407.8.2.1.15
1.6.58476.8.2.1.7.3.25.3.28.13
