1.1.1.36.9.1.6
1.1.1.83.5.1
1.1.1.106.15.3.15.8.2.3.5
1.1.1.138.19.2.4.6
1.1.1.291.11.1.4.8
1.1.1.346.5.1.14.5
1.1.1.390.5.1.2.6.12.2
1.1.1.474.5.1.34.9.8
1.1.1.480.10.1.7.1
1.1.1.578.5.1
1.1.1.605.10.2.4.8
1.1.1.618.27
1.1.1.714.25.1.4.6
1.1.1.741.5.1.3.1.4
1.1.1.747.5.1.2.4.26
1.1.1.1003.13.1.11
1.1.1.1071.5.1.3.4.12
1.1.1.1217.9.1.4
1.1.1.1218.5.1.2.2.50.11.32
1.1.1.1225.35.2.21.1.1.1
1.1.1.1225.46.1.25
1.1.1.1250.5.1.10.1
1.1.1.1317.17.1.23.13.2
1.1.1.1321.25.2.48.10
1.1.1.1517.5.1.10.1.3
1.1.1.1549.9.2.9.2
1.1.1.1571.5.1.3.1.3.1.4
1.1.1.1573.5.1.1.1
1.1.1.1613.22.2.5.8.3
1.1.1.1687.5.1
1.1.1.1697.16.2.6.1.8
1.1.1.1750.13.5.15.11
1.1.1.1876.8.1.4.2
1.1.1.1934.3
1.1.1.1972.20.1.15.9
1.1.1.2002.6
1.1.1.2064.5.1.7.3.5.1.3
1.1.1.2164.9.2.22
1.1.1.2259.5.1.3.2.9.2.5
1.1.1.2296.15.2.24.2
1.1.1.2306.9.1.8
1.1.1.2316.5.1
1.1.1.2372.5.1
1.1.1.2422.16.2.9
1.1.1.2430.6
1.1.1.2492.5.1
1.1.1.2620.6
1.1.1.2625.9.1.4
1.1.1.2657.5.1.4
1.1.1.2661.5.1.1.1.13.1.4
1.1.1.2710.5.1.8.4.8.8.18
1.1.1.2788.5.1.2.2.6.2.9
1.1.1.2807.23.1.10
1.1.1.2898.10.1.9
1.1.1.3025.20.2.16.24.9
1.1.1.3215.5.1.6.4.21.5
1.1.1.3223.5.1
1.1.1.3233.14.3.7.3
1.1.1.3265.8.3.14.8
1.1.1.3294.5.1.5.4.18
1.1.2.3387.3
1.1.2.3396.33.1.16.12
1.1.2.3397.14.3.16.21
1.1.2.3448.8.5.16
1.1.2.3460.5.1.1.1
1.1.2.3524.19.3.6.6
1.1.2.3591.5.1.3.1
1.1.2.3626.15.3.5.9.12.1.2.26
1.1.2.3675.5.1.5.2.2
1.1.2.3770.5.1.2.2.6.2
1.1.2.3888.17.2.10.6.1
1.1.2.4030.5.1.9.1.1.1
1.1.2.4038.51.2.18.2
1.1.2.4115.24.2.17.7.15.1
1.1.2.4139.28.3.6.3.7.2.9
1.1.2.4208.5.1.11
1.1.2.4283.19.2.9.2
1.1.2.4402.5.1.2.1.6
1.1.2.4463.18.1.8.2
1.1.2.4469.14.1.33.9.1.3
1.1.2.4476.5.1.2.1
1.1.2.4508.36.2
1.1.2.4555.16.1.18.3
1.1.2.4587.22.2.5
1.1.2.4677.18.2.13
1.1.2.4742.5.1.1
1.1.2.4783.10.1.4.2
1.1.2.4791.18.3.10
1.1.2.4820.5.1.1
1.1.2.4914.8.1.12
1.1.2.4918.5.1.1.1.28
1.1.2.4973.5.1.1.9.13
1.1.2.5052.24.2.16.1.1.1
1.1.2.5063.5.1.8.3.14.1.18
1.1.2.5111.9.1.16
1.1.2.5166.9.1.7.2
1.1.2.5275.15.2.7.1
1.1.2.5457.5.1
1.1.2.5478.16
1.1.2.5482.5.1.2
1.1.2.5642.24.2.4.10
1.1.2.5662.5.1.1
1.1.2.5790.5.1.2.6.12.2
1.1.2.5863.5.1.2
1.1.2.5871.10.1.7.1
1.1.2.5969.5.1
1.1.2.5997.35.1.19.5
1.1.2.6104.25.1.4.6
1.1.2.6139.5.1.1
1.1.2.6281.5.1
1.1.2.6451.17
1.1.2.6469.5.1.3.4.12
1.1.2.6609.9.1.4
1.1.2.6610.5.1.2.2.49.11.31
1.1.2.6886.5.1.10.1.3
1.1.2.6918.9.2.9.2
1.1.2.6940.5.1.3.1.3.1.4
1.1.2.6942.5.1.1.1
1.1.2.6982.22.2.5.8.3
1.1.2.7055.5.1
1.1.2.7065.16.2.6.1.8
1.1.2.7134.13.5.15.11
1.1.2.7260.8.1.4.2
1.1.2.7359.20.1.15.9
1.1.2.7389.6
1.1.2.7552.9.2.22
1.1.2.7707.15.4.47.17
1.1.2.7729.5.1.2.5.14.1.45
1.1.2.7732.5.1.2.1
1.1.2.7771.15.2
1.1.2.7822.16.2.9
1.1.2.7830.6
1.1.2.7889.5.1
1.1.2.7953.5.1
1.1.2.8018.6
1.1.2.8060.5.1.4
1.1.2.8064.5.1.1.1.13.1.11
1.1.2.8113.5.1.8.4.8.8.18
1.1.2.8180.3
1.1.2.8199.23.1.10
1.1.2.8419.20.2.16.24.9
1.1.2.8600.5.1.1
1.1.2.8629.5.1.5.1.2.3
1.1.2.8695.5.1.10
1.1.2.8793.3
1.1.2.8802.33.1.16.11
1.1.2.8803.14.3.16.20
1.1.2.8808.5.1.21.8.11.1
1.1.2.8863.5.1.1.1
1.1.2.8997.5.1.3.1
1.1.2.9035.10.1.4.3.10
1.1.2.9102.11.2.12.3
1.1.2.9316.5.1.4.2
1.1.2.9357.14.2
1.1.2.9550.24.2.17.7.15.1
1.1.2.9574.28.3.6.3.7.2.9
1.1.2.9825.28.3.4
1.1.2.9836.22.2.4.8
1.1.2.9887.8.3.15.7
1.1.2.9924.9.3.4.8.3
1.1.2.9975.5.1.2
1.1.2.10004.16.1.18.3
1.1.2.10034.22.2.5
1.1.2.10085.15.1.9
1.1.2.10127.18.2.13
1.1.2.10214.5.1.1
1.1.2.10257.10.1.4.2
1.1.2.10265.18.3.10
1.1.2.10294.5.1.1
1.1.2.10447.5.1.10.3.8.3
1.1.2.10537.24.2.16.1.1.1
1.1.2.10547.9.1.15.7
1.1.2.10553.5.1.1.1.5.2
1.1.2.10581.5.1.9.4.10
1.1.2.10596.9.1.16
1.1.2.10625.15.2.9.3.2
1.1.2.10646.9.1.7.2
1.1.2.10751.15.2.7.1
1.1.2.10833.5.1.1
1.1.2.10900.9.1.6
1.1.2.10945.25.1.17.9
1.1.2.10967.16
1.1.2.10970.5.1.4.2.14.1.9
1.1.2.11003.19.2.4.6
1.1.2.11139.14.1.5.1
1.1.2.11159.5.1.1
1.1.2.11218.5.1.14.5
1.1.2.11239.5.1.2.1.1
1.1.2.11265.16.2
1.1.2.11324.5.1.4.12.45.3.21.28
1.1.2.11355.5.1.34.9.8
1.1.2.11361.10.1.7.1
1.1.2.11457.5.1
1.1.2.11488.35.1.19.5
1.1.2.11504.27
1.1.2.11600.25.1.4.6
1.1.2.11627.5.1.3.1.4
1.1.2.11633.5.1.2.4.26
1.1.2.11725.46.2
1.1.2.11758.5.1
1.1.2.11812.5.1.2.2
1.1.2.11846.13.1.11
1.1.2.11921.5.1.8.2.6
1.1.2.11931.22.3.13
1.1.2.12061.9.1.4
1.1.2.12062.5.1.2.2.49.11.32
1.1.2.12070.5.1
1.1.2.12092.10.2.8
1.1.2.12184.19.2.21
1.1.2.12347.5.1.10.1.3
1.1.2.12379.9.2.9.2
1.1.2.12401.5.1.3.1.3.1.4
1.1.2.12441.22.2.5.8.3
1.1.2.12516.5.1
1.1.2.12583.13.5.15.11
1.1.2.12707.8.1.4.2
1.1.2.12774.5.1.3
1.1.2.12803.20.1.15.9
1.1.2.12857.5.1.5.2.2
1.1.2.12972.5.1
1.1.2.13066.5.1.3.2.9.2.5
1.1.2.13127.5.1.1.1.3
1.1.2.13148.5.1.2.3.5.2.6
1.1.2.13177.15.2.48.1
1.1.2.13209.5.1.2.13.9.2
1.1.2.13236.16.2.9
1.1.2.13244.6
1.1.2.13264.9.2.20.8.2
1.1.2.13312.5.1
1.1.2.13388.13.6.20
1.1.2.13442.34.5.20.36
1.1.2.13446.16.2.6
1.1.2.13457.9.2.4
1.1.2.13486.9.3.24.8
1.1.2.13488.23.2.9.2.31.1
1.1.2.13569.3
1.1.2.13586.5.1
1.1.2.13745.5.1.4.4.6
1.1.2.13767.5.1.1
1.1.2.13817.20.2.16.24.9
1.1.2.13977.5.1.14.2.17.1.35
1.1.2.14026.25.2.12.6.6.3
1.1.2.14117.9.1.7.6
1.1.2.14137.13.1.4
1.1.2.14180.3
1.1.2.14189.33.1.16.11
1.1.2.14190.14.3.16.20
1.1.2.14236.8.5.16
1.1.2.14248.5.1.1.1
1.1.2.14313.19.3.6.6
1.1.2.14423.10.1.4.3.10
1.1.2.14463.17.1.9
1.1.2.14703.33.1.10.6.24
1.1.2.14949.28.3.6.3.7.2.9
1.1.2.14969.5.1
1.1.2.15092.14.1.16.7.5.5
1.1.2.15094.5.1.5.2.4.3
1.1.2.15207.28.3.4
1.1.2.15218.22.2.4.8
1.1.2.15267.18.1.8.2
1.1.3.15308.9.3.4.8.7
1.1.3.15380.16.1.18.3
1.1.3.15467.15.1.9
1.1.3.15506.18.2.14
1.1.3.15593.5.1.1
1.1.3.15642.11.2.13.5
1.1.3.15644.24.2
1.1.3.15648.9.2.4.15
1.1.3.15673.5.1.3.3.7.7.72
1.1.3.15708.12.1.4
1.1.3.15767.8.1.12
1.1.3.15771.5.1.1.1.30
1.1.3.15827.9.2.4.3.1
1.1.3.15856.5.1.8.1.26.2.2
1.1.3.15919.15.2.10.2.15
1.1.3.15926.5.1.1.1.5.2
1.1.3.15954.5.1.9.4.10
1.1.3.15969.9.1.16
1.1.3.15994.5.1.5.1.2.2.8
1.1.3.16013.9.1.7.2
1.1.3.16105.15.2.7.1
1.1.3.16285.5.1
1.1.3.16308.15.3.15.8.2.3.5
1.1.3.16340.19.2.4.6
1.1.3.16550.40.1
1.1.3.16617.5.1.2.6.3.2
1.1.3.16691.22.3.7
1.1.3.16712.10.1.8
1.1.3.16814.10.2.4.8
1.1.3.16827.27
1.1.3.16927.25.1.4.6
1.1.3.16954.5.1.3.1.4
1.1.3.16960.5.1.2.4.26
1.1.3.17045.46.2
1.1.3.17251.3
1.1.3.17266.20.6.5.10.11
1.1.3.17274.22.3.13
1.1.3.17398.5.1.2
1.1.3.17404.5.1
1.1.3.17426.10.2.8
1.1.3.17497.15.2.4.5.1
1.1.3.17577.5.1
1.1.3.17742.9.2.9.2
1.1.3.17764.5.1.3.1.3.1.4
1.1.3.17766.5.1.1.1
1.1.3.17801.22.2.5.8.3
1.1.3.17885.5.1.13
1.1.3.17900.11.2.10
1.1.3.17939.13.5.15.11
1.1.3.18065.8.1.4.2
1.1.3.18131.5.1.9.4
1.1.3.18134.5.1.3.2
1.1.3.18179.20.1.15.9
1.1.3.18209.6
1.1.3.18280.9.1.9.12
1.1.3.18298.25.2
1.1.3.18372.9.2.22
1.1.3.18467.5.1.3.2.9.2.5
1.1.3.18504.15.2.24.2
1.1.3.18514.9.1.8
1.1.3.18524.5.1
1.1.3.18546.5.1.2.5.14.1.48
1.1.3.18549.5.1.2.1
1.1.3.18588.15.2
1.1.3.18639.16.2.9
1.1.3.18647.6
1.1.3.18716.19.1.8
1.1.3.18730.5.1
1.1.3.18806.13.6.20
1.1.3.18860.34.5.20.36
1.1.3.18864.16.2.6
1.1.3.18875.9.2.4
1.1.3.18908.5.1.8.4.8.8.10
1.1.3.18988.3
1.1.3.19005.5.1
1.1.3.19097.10.1.9
1.1.3.19159.5.1.4.4.6
1.1.3.19222.20.2.16.24.9
1.1.3.19443.5.1
1.1.3.19459.14.3.7.3
1.1.3.19516.5.1.5.4.18
1.1.3.19619.3
1.1.3.19628.33.1.16.11
1.1.3.19629.14.3.16.20
1.1.3.19675.8.5.16
1.1.3.19687.5.1.1.1
1.1.3.19826.5.1.3.1
1.1.3.19864.10.1.4.3.10
1.1.3.19899.17.1.9
1.1.3.19926.5.1.5.2.2
1.1.3.20018.5.1.2.2.6.2
1.1.3.20134.5.1.4.2
1.1.3.20391.5.1.1.1.1
1.1.3.20463.10.1.6.10
1.1.3.20541.14.1.5
1.1.3.20557.14.1.16.7.5.5
1.1.3.20559.5.1.5.2.4.3
1.1.3.20726.18.1.8.2
1.1.3.20768.9.3.4.8.3
1.1.3.20819.5.1.2
1.1.3.20848.16.1.18.3
1.1.3.20932.12.2.4
1.1.3.20965.5.1.3.2.3.2.30
1.1.3.21057.5.1.1
1.1.3.21106.5.1.18.1.1.5.5
1.1.3.21136.5.1.3.3.7.7.10
1.1.3.21236.5.1.1
1.1.3.21295.9.2.4.3.1
1.1.3.21325.11.3.8.3
1.1.3.21378.24.2.16.1.1.1
1.1.3.21388.9.1.15.7
1.1.3.21394.5.1.1.1.5.2
1.1.3.21417.5.1.4
1.1.3.21432.5.1.9
1.1.3.21456.5.1.5.1.2.2.8
1.1.3.21483.9.1.7.2
1.1.3.21653.5.1.1
1.1.3.21712.9.1.6
1.1.3.21758.5.1
1.1.3.21781.15.3.11.7.1.3.5
1.1.3.21813.19.2.4.6
1.1.3.21936.5.1
1.1.3.21948.14.1.5.5
1.1.3.21965.11.1.4.8
1.1.3.22081.5.1.2.6.12.2
1.1.3.22159.27.2.6.13.3.1.5
1.1.3.22291.10.2.4.8
1.1.3.22304.27
1.1.3.22386.10.1.5
1.1.3.22400.25.1.4.6
1.1.3.22427.5.1.3.1.4
1.1.3.22433.5.1.2.4.26
1.1.3.22519.46.2
1.1.3.22572.5.1.3.1
1.1.3.22655.5.1.2.2.3.1.2
1.1.3.22657.25.2.6.7.5.2
1.1.3.22660.24.1.8
1.1.3.22666.13.1.23
1.1.3.22726.17
1.1.3.22744.5.1.3.4.12
1.1.3.22816.5.1
1.1.3.22913.9.1.4
1.1.3.22914.5.1.2.2.50.11.31
1.1.3.22964.5.1.1.1.1.2
1.1.3.23016.15.2.4.5.34
1.1.3.23255.9.2.9.2
1.1.3.23277.5.1.3.1.3.1.4
1.1.3.23279.5.1.1.1
1.1.3.23315.22.2.5.8.3
1.1.3.23381.24.1.10
1.1.3.23388.5.1.3.1.13
1.1.3.23443.13.5.15.11
1.1.3.23495.5.1.1.9.10.6
1.1.3.23570.8.1.4.2
1.1.3.23625.5.1.9.4
1.1.3.23628.5.1.3.2
1.1.3.23635.35.2.21.6.10.2.5
1.1.3.23671.20.1.15.9
1.1.3.23756.5.1.7.3.5.1.3
1.1.3.23857.9.2.22
1.1.3.23948.5.1.3.2.9.2.5
1.1.3.23985.15.2.24.2
1.1.3.23995.9.1.8
1.1.3.24005.5.1
1.1.3.24061.5.1
1.1.3.24111.16.2.9
1.1.3.24119.6
1.1.3.24201.5.1
1.1.3.24300.16.4.6.12
1.1.3.24313.5.1.3.2.5.2
1.1.3.24345.22.1.24.9
1.1.3.24350.18.2.18.20
1.1.3.24389.5.1.8.4.8.5.11
1.1.3.24467.3
1.1.3.24484.5.1
1.1.3.24703.5.1.2
1.1.3.24705.5.1.19.1.14.4.40
1.1.3.24819.18.1.9
1.1.3.24871.39.2.23.17.9.2.8.6
1.1.3.24912.19.1.4.10.12
1.1.3.24944.8.3.14.8
1.1.3.25001.9.1.7.6
1.1.3.25021.13.1.4
1.1.3.25068.3
1.1.3.25074.14.4.7.2.15
1.1.3.25076.14.3.14.5
1.1.3.25127.8.5.16
1.1.3.25139.5.1.1.1
1.1.3.25280.5.1.3.1
1.1.3.25318.10.1.4.3.10
1.1.3.25353.17.1.9
1.1.3.25380.5.1.5.2.2
1.1.3.25467.5.1.2.2.14.2
1.1.3.25583.33.1.10.6.24
1.1.3.25616.14.2
1.1.3.25808.24.2.17.7.15.1
1.1.3.25832.28.3.6.3.7.2.9
1.1.3.25973.19.2.9.2
1.1.3.26128.18.1.8.2
1.1.3.26170.9.3.4.8.3
1.1.3.26221.5.1.2
1.1.3.26250.16.1.18.3
1.1.3.26280.22.2.5
1.1.3.26368.28.1.4
1.1.3.26372.29.4.7.8.12.1.2
1.1.3.26379.23.1.11
1.1.3.26467.5.1.1
1.1.3.26516.11.2.13.5
1.1.3.26518.24.2
1.1.3.26522.9.2.4.15
1.1.3.26547.5.1.3.3.7.7.72
1.1.3.26582.12.1.4
1.1.3.26641.8.1.12
1.1.3.26645.5.1.1.1.28
1.1.3.26700.9.2.4.3.1
1.1.3.26730.11.3.8.3
1.1.3.26776.24.2.16.1.1.1
1.1.3.26787.5.1.8.3.14.1.18
1.1.3.26835.9.1.16
1.1.3.26863.5.1.4
1.1.3.27058.5.1.1
1.1.3.27113.9.1.6
1.1.3.27160.5.1
1.1.3.27181.16
1.1.3.27184.5.1.4.2.14.1.9
1.1.3.27217.19.2.4.6
1.1.3.27288.5.1.6.3.3
1.1.3.27355.5.1.1.1.21.1
1.1.3.27382.14.2.19.1.7
1.1.3.27508.5.1.2.6.3.2
1.1.3.27697.5.1
1.1.3.27728.35.1.19.5
1.1.3.27744.27
1.1.3.27837.25.1.4.6
1.1.3.27871.5.1.17
1.1.3.28155.17
1.1.3.28173.5.1.3.4.12
1.1.3.28240.5.1.7.4
1.1.3.28330.9.1.4
1.1.3.28331.5.1.2.2.49.11.31
1.1.3.28340.5.1
1.1.3.28362.10.2.8
1.1.4.2.19.1.28
1.1.4.169.9.2.9.2
1.1.4.191.5.1.3.1.3.1.4
1.1.4.193.5.1.1.1
1.1.4.229.22.2.5.8.3
1.1.4.303.5.1
1.1.4.371.5.1.3.15.10.6
1.1.4.493.8.1.4.2
1.1.4.564.14.1.4.1
1.1.4.596.20.1.15.9
1.1.4.771.9.2.22
1.1.4.775.5.1.2.3.11.10.15
1.1.4.861.5.1.3.2.9.2.5
1.1.4.898.15.2.24.2
1.1.4.908.9.1.8
1.1.4.918.5.1
1.1.4.974.5.1
1.1.4.1024.16.2.9
1.1.4.1032.6
1.1.4.1052.9.2.20.8.2
1.1.4.1228.6
1.1.4.1270.5.1.11.1.10
1.1.4.1275.9.1.18
1.1.4.1313.8.1.4.3
1.1.4.1351.33.1.26
1.1.4.1401.3
1.1.4.1420.23.1.10
1.1.4.1512.10.1.9
1.1.4.1647.20.2.16.24.9
1.1.4.1728.5.1.9.25
1.1.4.1826.5.1.1
1.1.4.1855.5.1.5.1.2.3
1.1.4.1948.9.1.7.6
1.1.4.1968.13.1.4
1.1.4.2014.3
1.1.4.2023.33.1.16.12
1.1.4.2024.14.3.16.21
1.1.4.2075.8.5.16
1.1.4.2087.5.1.1.1
1.1.4.2153.19.3.6.6
1.1.4.2218.5.1.3.1
1.1.4.2237.6
1.1.4.2256.10.1.4.3.10
1.1.4.2291.17.1.9
1.1.4.2318.5.1.5.2.2
1.1.4.2406.25.2.7.5.7.1
1.1.4.2472.15.2.14
1.1.4.2530.5.1.4.2
1.1.4.2567.14.2
1.1.4.2610.30
1.1.4.2803.5.1.1.1.1
1.1.4.2875.10.1.6.10
1.1.4.2940.8.2.4
1.1.4.2962.5.1.7.2.4.3
1.1.4.3075.5.1.2.1.6
1.1.4.3168.36.2
1.1.4.3215.16.1.18.3
1.1.4.3300.5.1.11.6.3.2
1.1.4.3334.5.1.1.1.3.5.28
1.1.4.3429.5.1.1.1.14
1.1.4.3466.10.1.4.2
1.1.4.3474.18.3.10
1.1.4.3500.5.1.3.3.7.7.36
1.1.4.3535.12.1.4
1.1.4.3609.5.1.1
1.1.4.3670.9.2.4.3.10
1.1.4.3767.5.1.4.1.14
1.1.4.3772.33.4.6.3.11.4.12
1.1.4.3793.9.2.4.2
1.1.4.3808.9.1.16
1.1.4.3836.5.1.4
1.1.4.3861.9.1.7.2
1.1.4.3964.15.2.7.1
1.1.4.4035.5.1.1
1.1.4.4097.17.1.9
1.1.4.4143.5.1
1.1.4.4166.15.3.11.7.1.3.5
1.1.4.4198.19.2.4.6
1.1.4.4335.14.1.5.1
1.1.4.4352.11.1.4.8
1.1.4.4468.16.2
1.1.4.4476.5.1.5.1.1
1.1.4.4576.5.1.34.9.8
1.1.4.4582.10.1.7.1
1.1.4.4724.9.2.38
1.1.4.4792.10.1.5
1.1.4.4806.25.1.4.6
1.1.4.4833.5.1.3.1.4
1.1.4.4839.5.1.2.4.26
1.1.4.4914.46.2
1.1.4.4957.5.1
1.1.4.4996.9.2.9
1.1.4.5114.17
1.1.4.5132.5.1.3.4.12
1.1.4.5288.5.1.2
1.1.4.5337.5.1.1.1.1.2
1.1.4.5387.9.1.4.3
1.1.4.5389.10.2.8.7.15
1.1.4.5420.19.2.21
1.1.4.5466.5.1
1.1.4.5591.5.1.10.1.3
1.1.4.5621.9.2.9.2
1.1.4.5643.5.1.3.1.3.1.4
1.1.4.5645.5.1.1.1
1.1.4.5696.25.2.5
1.1.4.5776.5.1
1.1.4.5786.16.2.6.1.8
1.1.4.5849.13.5.15.11
1.1.4.5968.8.1.4.2
1.1.4.6026.3
1.1.4.6064.20.1.15.9
1.1.4.6094.6
1.1.4.6138.17.3.10.5.6
1.1.4.6146.14.2.7.4
1.1.4.6239.9.2.22
1.1.4.6243.5.1.2.3.11.10.15
1.1.4.6287.5.1.1
1.1.4.6324.37.1.40
1.1.4.6325.10.3.8.5
1.1.4.6374.9.1.4.1
1.1.4.6398.5.1.2.3.5.2.6
1.1.4.6427.15.2.48.1
1.1.4.6483.16.2.9
1.1.4.6491.6
1.1.4.6511.9.2.20.8.2
1.1.4.6572.5.1
1.1.4.6683.6
1.1.4.6721.13.1.7.4
1.1.4.6722.27.3.8
1.1.4.6768.5.1.8.4.8.8.18
1.1.4.6778.11.1.5
1.1.4.6852.13.3.5.8.28.8.14
1.1.4.6874.23.1.10
1.1.4.7045.5.1.1
1.1.4.7095.5.1.2
1.1.4.7097.5.1.19.1.14.4.11
1.1.4.7169.5.1.9.25
1.1.4.7180.11.1.9
1.1.4.7266.39.2.23.17.9.2.8.6
1.1.4.7293.5.1.5.1.2.3
1.1.4.7376.9.1.7.6
1.1.4.7396.13.1.4
1.1.4.7445.3
1.1.4.7451.14.4.7.2.15
1.1.4.7453.14.3.14.5
1.1.4.7458.5.1.21.8.11.1
1.1.4.7497.8.5.16
1.1.4.7509.5.1.1.1
1.1.4.7570.5.1
1.1.4.7669.10.1.4.3.10
1.1.4.7700.17.1.9
1.1.4.7727.5.1.5.2.2
1.1.4.7800.3
1.1.4.7837.17.2.5.3.22.1
1.1.4.7924.27.2.11.1.24.5.9.78
1.1.4.7927.9.1.4
1.1.4.8088.5.1.9.1.1.1
1.1.4.8096.51.2.18.2
1.1.4.8198.28.3.6.3.7.2.9
1.1.4.8461.28.3.4
1.1.4.8474.5.1.2.1.4
1.1.4.8532.18.1.8.2
1.1.4.8538.14.1.33.9.1.3
1.1.4.8545.5.1.2.1
1.1.4.8577.36.2
1.1.4.8624.16.1.18.3
1.1.4.8654.22.2.5
1.1.4.8708.15.1.9
1.1.4.8748.5.1.3.2.3.2.30
1.1.4.8828.5.1.1
1.1.4.8877.5.1.18.1.1.5.5
1.1.4.8907.5.1.3.3.7.7.10
1.1.4.9006.8.1.12
1.1.4.9010.5.1.1.1.30
1.1.4.9068.5.1.10.3.8.3
1.1.4.9156.24.2.16.1.1.1
1.1.4.9167.5.1.8.3.14.1.18
1.1.4.9215.9.1.16
1.1.4.9243.5.1.4
1.1.4.9270.9.1.7.2
1.1.4.9368.15.2.7.1
1.1.4.9444.5.1.1
1.1.4.9504.9.1.6
1.1.4.9551.5.1
1.1.4.9572.16
1.1.4.9576.5.1.2
1.1.4.9737.24.2.4.10
1.1.4.9751.14.2.19.1.7
1.1.4.9869.5.1.2.6.3.2
1.1.4.9941.27.2.6.13.3.1.5
1.1.4.10039.5.1
1.1.4.10066.10.2.4.8
1.1.4.10079.27
1.1.4.10173.25.1.4.6
1.1.4.10200.5.1.3.1.4
1.1.4.10206.5.1.2.4.26
1.1.4.10282.46.2
1.1.4.10325.5.1
1.1.4.10407.13.1.11
1.1.4.10475.5.1.3.4.12
1.1.4.10639.9.1.4
1.1.4.10640.5.1.2.2.49.11.36
1.1.4.10646.22.2.12.1.1.1
1.1.4.10646.33.1.16
1.1.4.10671.5.1.10.1
1.1.4.10737.17.1.23.13.2
1.1.4.10741.25.2.48.10
1.1.4.10974.9.2.9.2
1.1.4.10996.5.1.3.1.3.1.4
1.1.4.10998.5.1.1.1
1.1.4.11038.22.2.5.8.3
1.1.4.11125.5.1.13
1.1.4.11314.8.1.4.2
1.1.4.11372.5.1.9.4
1.1.4.11375.5.1.3.2
1.1.4.11420.20.1.15.9
1.1.4.11450.6
1.1.4.11604.9.2.22
1.1.4.11699.5.1.3.2.9.2.5
1.1.4.11736.15.2.24.2
1.1.4.11746.9.1.8
1.1.4.11756.5.1
1.1.4.11812.5.1
1.1.4.11862.16.2.9
1.1.4.11867.30.2.16
1.1.4.12040.16.4.6.12
1.1.4.12053.5.1.3.2.5.2
1.1.4.12056.9.1.4
1.1.4.12088.12.2.4.3
1.1.4.12092.16.2.6
1.1.4.12128.5.1.8.4.9.3.12
1.1.4.12159.33.1.26
1.1.4.12207.3
1.1.4.12224.5.1
1.1.4.12451.20.2.16.24.9
1.1.4.12574.18.1.9
1.1.4.12661.5.1.5.1.2.3
1.1.4.12754.9.1.7.6
1.1.4.12774.13.1.4
1.1.4.12820.3
1.1.4.12829.33.1.16.12
1.1.4.12830.14.3.16.21
1.1.4.12835.5.1.21.8.11.1
1.1.4.12874.8.5.16
1.1.4.12886.5.1.1.1
1.1.4.13019.5.1.3.1
1.1.4.13054.15.3.5.9.12.1.2.43
1.1.4.13106.11.2.12.3
1.1.4.13196.5.1.2.2.14.2
1.1.4.13310.5.1.4.2
1.1.4.13435.5.1.9.1.1.1
1.1.4.13443.51.2.18.2
1.1.4.13551.5.1.1.1.1
1.1.4.13623.10.1.6.10
1.1.4.13702.14.1.5
1.1.4.13717.19.2.9.2
1.1.4.13798.6
1.1.4.13843.22.2.4.8
1.1.4.13845.5.1
1.1.4.13897.8.3.15.7
1.1.4.13934.9.3.4.8.3
1.1.4.14006.16.1.18.3
1.1.4.14124.18.2.13
1.1.4.14209.5.1.2.1.2.2
1.1.4.14251.10.1.4.2
1.1.4.14259.18.3.10
1.1.4.14285.5.1.3.3.7.7.36
1.1.4.14320.12.1.4
1.1.4.14394.5.1.10.1.2.1.3
1.1.4.14440.9.2.4.3.1
1.1.4.14522.24.2.16.1.1.1
1.1.4.14534.5.1.4.1.14
1.1.4.14539.33.4.6.3.11.4.12
1.1.4.14611.5.1
1.1.4.14741.15.2.7.1
1.1.4.14822.5.1.1
1.1.4.14934.5.1
1.1.4.14955.16
1.1.4.14958.5.1.4.2.14.1.9
1.1.4.14991.19.2.4.6
1.1.4.15127.14.1.5.1
1.1.4.15131.5.1
1.1.4.15147.5.1.1
1.1.4.15206.5.1.14.5
1.1.4.15250.5.1.2.6.12.2
1.1.4.15452.10.2.4.8
1.1.4.15562.25.1.4.6
1.1.4.15589.5.1.3.1.4
1.1.4.15595.5.1.2.4.26
1.1.4.15786.5.1.2.2
1.1.4.15825.5.1
1.1.4.15826.5.1.1.1.31.2
1.1.4.15826.14.1.7
1.1.4.15905.5.1.8.2.6
1.1.4.15915.22.3.13
1.1.4.16037.18.3.26.10
1.1.4.16042.35.2.53.1.1.1
1.1.4.16042.46.1.57
1.1.4.16067.5.1.10.1
1.1.4.16133.15.2.4.5.1
1.1.4.16250.5.1.2.1.18.1
1.1.4.16348.9.2.9.2
1.1.4.16370.5.1.3.1.3.1.4
1.1.4.16410.22.2.5.8.3
1.1.4.16494.5.1.13
1.1.4.16550.13.5.15.11
1.1.4.16672.8.1.4.2
1.1.4.16778.20.1.15.9
1.1.4.16808.6
1.1.4.17008.5.1.1
1.1.4.17045.37.1.40
1.1.4.17046.10.3.8.5
1.1.4.17095.9.1.4.1
1.1.4.17119.5.1.2.3.5.2.6
1.1.4.17148.15.2.48.1
1.1.4.17205.16.2.9
1.1.4.17213.6
1.1.4.17233.9.2.20.8.2
1.1.4.17296.5.1
1.1.4.17398.6
1.1.4.17436.13.1.7.4
1.1.4.17437.27.3.8
1.1.4.17451.9.2.4
1.1.4.17480.9.3.24.8
1.1.4.17482.23.2.9.2.31.1
1.1.4.17518.5.1.11.1
1.1.4.17571.23.1.19.4
1.1.4.17591.23.1.10
1.1.4.17687.3
1.1.4.17742.5.1.4.4.6
1.1.4.17765.5.1.1
1.1.4.17811.20.2.16.24.9
1.1.4.17985.39.2.23.17.9.2.8.15
1.1.4.18026.19.1.4.10.12
1.1.4.18058.8.3.14.8
1.1.4.18115.9.1.7.6
1.1.4.18135.13.1.4
1.1.4.18182.3
1.1.4.18191.33.1.16.11
1.1.4.18192.14.3.16.20
1.1.4.18238.8.5.16
1.1.4.18250.5.1.1.1
1.1.4.18385.5.1.3.1
1.1.4.18420.15.3.5.9.12.1.2.29
1.1.4.18474.5.1.5.2.2
1.1.4.18561.5.1.2.2.14.2
1.1.4.18626.15.2.14
1.1.4.18684.27.2.11.1.24.5.9.12
1.1.4.18687.9.1.4
1.1.4.18725.14.2
1.1.4.18768.30
1.1.4.18824.5.1.9.1.1.1
1.1.4.18832.51.2.18.2
1.1.4.18928.28.3.6.3.7.2.9
1.1.4.18994.10.1.6.10
1.1.4.19060.8.2.4
1.1.4.19077.5.1.22.2.4.3
1.1.4.19159.6
1.1.4.19197.5.1.2.1.6
1.1.4.19244.18.1.8.2
1.1.4.19286.9.3.4.8.3
1.1.4.19358.16.1.18.3
1.1.4.19388.22.2.5
1.1.4.19482.12.1.4
1.1.4.19487.5.1.2.1.4.1.3
1.1.4.19549.5.1.2.1.2.2
1.1.4.19599.10.1.4.2
1.1.4.19607.18.3.10
1.1.4.19636.5.1.1
1.1.4.19671.12.1.4
1.1.4.19745.8.1.12
1.1.4.19749.5.1.1.1.30
1.1.4.19811.5.1.1.1.1
1.1.4.19844.5.1.8.1.26.2.2
1.1.4.19907.15.2.10.2.15
1.1.4.19914.5.1.1.1.5.2
1.1.4.20006.9.1.7.2
1.1.4.20189.5.1.1
1.1.4.20240.20.2.4
1.1.4.20288.5.1
1.1.4.20311.15.3.11.7.1.3.5
1.1.4.20343.19.2.4.6
1.1.4.20469.5.1
1.1.4.20481.14.1.5.5
1.1.4.20500.11.1.4.8
1.1.4.20550.20.2.8
1.1.4.20616.16.2
1.1.4.20626.5.1.2.6.12.2
1.1.4.20701.5.1.2
1.1.4.20709.10.1.7.1
1.1.4.20801.5.1
1.1.4.20828.10.2.4.8
1.1.4.20841.27
1.1.4.20940.25.1.4.6
1.1.4.20967.5.1.3.1.4
1.1.4.20973.5.1.2.4.26
1.1.4.21065.46.2
1.1.4.21110.5.1
1.1.4.21164.5.1.2.2
1.1.4.21206.9.1.4
1.1.4.21267.17
1.1.4.21285.5.1.3.4.12
1.1.4.21352.5.1.7.4
1.1.4.21440.18.3.26.10
1.1.4.21445.35.2.53.1.1.1
1.1.4.21445.46.1.57
1.1.4.21470.5.1.10.1
1.1.4.21536.15.2.4.5.1
1.1.4.21612.5.1
1.1.4.21729.5.1.10.1.3
1.1.4.21759.9.2.9.2
1.1.4.21781.5.1.3.1.3.1.4
1.1.4.21783.5.1.1.1
1.1.4.21834.25.2.5
1.1.4.21915.5.1
1.1.4.21925.16.2.6.1.8
1.1.4.21988.13.5.15.11
1.1.4.22107.8.1.4.2
1.1.4.22171.5.1.9.4
1.1.4.22174.5.1.3.2
1.1.4.22181.35.2.21.6.10.2.5
1.1.4.22217.20.1.15.9
1.1.4.22294.17.3.10.5.6
1.1.4.22404.9.2.22
1.1.4.22499.5.1.3.2.9.2.5
1.1.4.22553.9.1.4.1
1.1.4.22577.5.1.2.3.5.2.6
1.1.4.22606.15.2.48.1
1.1.4.22638.5.1.2.13.9.2
1.1.4.22665.16.2.9
1.1.4.22689.9.2.20.8.2
1.1.4.22744.19.1.8
1.1.4.22758.5.1
1.1.4.22862.6
1.1.4.22903.5.1.9
1.1.4.22907.25.2.21
1.1.4.22943.5.1.8.4.9.3.12
1.1.4.22974.33.1.26
1.1.4.23028.5.1.8.7.8.2.15
1.1.4.23032.5.1.1.1.12.5.12
1.1.4.23050.23.1.10
1.1.4.23142.10.1.9
1.1.4.23252.14.2.6.9.5
1.1.4.23433.5.1.1
1.1.4.23462.5.1.5.1.2.3
1.1.4.23528.5.1.10
1.1.4.23626.3
1.1.4.23635.33.1.16.12
1.1.4.23636.14.3.16.21
1.1.4.23682.8.5.16
1.1.4.23694.5.1.1.1
1.1.4.23758.19.3.6.6
1.1.4.23825.5.1.3.1
1.1.4.23860.15.3.5.9.12.1.2.23
1.1.4.23909.11.2.12.3
1.1.4.23986.3
1.1.4.24023.17.2.5.3.22.1
1.1.4.24112.5.1.4.2
1.1.4.24359.5.1.1.1.1
1.1.4.24427.10.1.6.10
1.1.4.24496.8.2.4
1.1.4.24621.28.3.4
1.1.4.24634.5.1.2.1.4
1.1.4.24698.18.1.8.2
1.1.4.24740.9.3.4.8.3
1.1.4.24791.5.1.2
1.1.4.24820.16.1.18.3
1.1.4.24850.22.2.5
1.1.4.24910.5.1.11.6.3.2
1.1.4.24946.5.1.3.2.3.2.30
1.1.4.25037.5.1.1.1.14
1.1.4.25074.10.1.4.2
1.1.4.25082.18.3.10
1.1.4.25108.5.1.3.3.7.7.36
1.1.4.25207.8.1.12
1.1.4.25211.5.1.1.1.28
1.1.4.25269.9.2.14.4
1.1.4.25300.5.1.8.1.26.2.2
1.1.4.25367.22.1.4.2
1.1.4.25400.5.1.4
1.1.4.25415.5.1.9
1.1.4.25439.5.1.5.1.2.2.8
1.1.4.25457.9.1.7.2
1.1.4.25735.25.1.17.9
1.1.4.25757.16
1.1.4.25761.5.1.2
1.1.4.25796.9.1.9.3
1.1.4.25934.14.1.5.1
1.1.4.25938.5.1
1.1.4.25954.5.1.1
1.1.4.26014.20.2.8
1.1.4.26083.5.1.2.6.12.2
1.1.4.26161.5.1.34.9.8
1.1.4.26167.10.1.7.1
1.1.4.26183.3
1.1.4.26274.5.1
1.1.4.26305.35.1.19.5
1.1.4.26321.27
1.1.4.26404.10.1.5
1.1.4.26418.25.1.4.6
1.1.4.26445.5.1.3.1.4
1.1.4.26451.5.1.2.4.26
1.1.4.26683.5.1.5.2
1.1.4.26746.17
1.1.4.26764.5.1.3.4.12
1.1.4.26916.5.1.2
1.1.4.27089.5.1
1.1.4.27257.9.2.9.2
1.1.4.27279.5.1.3.1.3.1.4
1.1.4.27329.25.2.5
1.1.4.27405.5.1
1.1.4.27415.16.2.6.1.8
1.1.4.27484.13.5.15.11
1.1.4.27603.8.1.4.2
1.1.4.27667.5.1.9.4
1.1.4.27670.5.1.3.2
1.1.4.27715.20.1.15.9
1.1.4.27745.6
1.1.4.27803.5.1.7.3.5.1.3
1.1.4.27908.5.1
1.1.4.27956.5.1.1
1.1.4.27993.37.1.40
1.1.4.27994.10.3.8.5
1.1.4.28044.5.1.1.1.3
1.1.4.28065.5.1.2.3.5.2.6
1.1.4.28094.15.2.48.1
1.1.4.28151.16.2.9
1.1.4.28159.6
1.1.4.28179.9.2.20.8.2
1.1.4.28225.30.2.4
1.1.4.28329.6
1.1.4.28371.5.1.4
1.1.4.28375.5.1.1.1.13.1.11
1.1.4.28422.5.1.8.4.8.8.25
1.1.4.28500.3
1.1.4.28517.5.1
1.1.4.28609.10.1.9
1.1.4.28693.5.1.1
1.1.4.28739.20.2.16.24.9
1.1.4.28855.18.1.9
1.1.4.28906.39.2.23.17.9.2.8.18
1.1.4.28936.5.1
1.1.4.28946.14.3.7.3
1.1.4.28978.8.3.14.8
1.1.4.29090.3
1.1.4.29100.8.1.4
1.1.4.29103.14.3.14.5
1.1.4.29154.8.5.16
1.1.4.29166.5.1.1.1
1.1.4.29230.5.1.2.1.1.4
1.1.4.29324.10.1.4.3.10
1.1.4.29364.17.1.9
1.1.4.29391.5.1.5.2.2
1.1.4.29488.5.1.2.2.6.2
1.1.4.29604.34.1.15.2.25
1.1.4.29642.14.2
1.1.4.29679.30
1.1.4.29725.15.2.12.12.26.1
1.1.4.29737.5.1.9.1.1.1
1.1.4.29745.51.2.18.2
1.1.4.29850.28.3.6.3.7.2.9
1.1.4.30004.19.2.9.2
1.1.4.30121.28.3.4
1.1.4.30132.22.2.4.8
1.1.4.30182.49.1.8.2
1.1.4.30224.9.3.4.8.3
1.1.4.30296.16.1.18.3
1.1.4.30326.22.2.5
1.1.4.30416.46.4.7.10.24.1.3
1.1.4.30416.47
1.1.4.30502.5.1.1
1.1.4.30543.10.1.4.2
1.1.4.30551.18.3.10
1.1.4.30580.5.1.1
1.1.4.30678.5.1.1
1.1.4.30739.9.2.4.3.10
1.1.4.30768.5.1.8.1.26.2.2
1.1.4.30839.15.2.10.2.15
1.1.4.30846.5.1.1.1.5.2
1.1.4.30874.5.1.9.4.10
1.1.4.30889.9.1.16
1.1.4.30918.15.2.9.3.2
1.1.4.31041.15.2.7.1
1.1.4.31126.5.1.1
1.1.4.31234.5.1
1.1.4.31257.15.3.11.7.1.3.5
1.1.4.31289.19.2.4.6
1.1.4.31419.5.1.7.2.2
1.1.4.31497.5.1.14.5
1.1.4.31546.5.1.2.6.3.2
1.1.4.31723.5.1
1.1.4.31751.35.1.19.5
1.1.4.31860.25.1.4.6
1.1.4.31887.5.1.3.1.4
1.1.4.31893.5.1.2.4.26
1.1.4.31968.46.2
1.1.4.32129.13.1.11
1.1.4.32189.17
1.1.4.32207.5.1.3.4.12
1.1.4.32354.9.1.4
1.1.4.32355.5.1.2.2.49.11.36
1.1.4.32439.15.2.4.5.34
1.1.4.32515.5.1
1.1.4.32636.5.1.10.1.3
1.1.4.32667.9.2.9.2
1.1.4.32689.5.1.3.1.3.1.4
1.1.4.32691.5.1.1.1
1.1.4.32724.22.2.5.8.40
1.1.4.32802.5.1.3.1.8
1.1.4.32861.5.1.14.1.2.4.2.10
1.1.4.32867.15.1.4
1.1.4.32986.8.1.4.2
1.1.4.33052.5.1.9.4
1.1.4.33055.5.1.3.2
1.1.4.33100.20.1.15.9
1.1.4.33130.6
1.1.4.33174.17.3.10.5.6
1.1.4.33182.14.2.7
1.1.4.33279.5.1
1.1.4.33385.5.1.12.1.9
1.1.4.33421.15.2.20.2
1.1.4.33431.9.1.8
1.1.4.33441.5.1
1.1.4.33497.5.1
1.1.4.33547.16.2.9
1.1.4.33552.30.2.16
1.1.4.33609.30.2.4
1.1.4.33667.5.1
1.1.4.33734.6
1.1.4.33739.9.1.4
1.1.4.33770.34.5.20.36
1.1.4.33774.16.2.6
1.1.4.33785.9.2.4
1.1.4.33818.5.1.8.4.8.8.10
1.1.4.33899.13.3.5.8.17.7.14
1.1.4.33921.23.1.10
1.1.4.34012.10.1.9
1.1.4.34144.20.2.16.24.9
1.1.4.34268.8.1.11
1.1.4.34320.39.2.23.17.9.2.8.5
1.1.4.34361.19.1.4.10.12
1.1.4.34520.3
1.1.4.34526.14.4.7.2.15
1.1.4.34528.14.3.14.5
1.1.4.34574.8.5.16
1.1.4.34586.5.1.1.1
1.1.4.34650.19.3.6.6
1.1.4.34717.5.1.3.1
1.1.4.34755.10.1.4.3.10
1.1.4.34795.17.1.9
1.1.4.34920.5.1
1.1.4.35028.33.1.10.6.24
1.1.4.35140.5.1.7.2
1.1.4.35283.5.1.1.1.1
1.1.4.35358.5.1.11
1.1.4.35431.14.1.5
1.1.4.35446.19.2.9.2
1.1.4.35559.28.3.4
1.1.4.35570.22.2.4.8
1.1.4.35572.5.1
1.1.4.35651.9.3.4.8.3
1.1.4.35702.5.1.2
1.1.4.35731.16.1.18.3
1.1.4.35856.46.4.7.26.30.1.2
1.1.4.35863.23.1.11
1.1.4.35951.5.1.1
1.1.4.36000.11.2.13.5
1.1.5.36002.33.3.24.9
1.1.5.36005.5.1.14.1.1.3.41
1.1.5.36035.5.1.3.3.7.7.10
1.1.5.36129.8.1.12
1.1.5.36133.5.1.1.1.12
1.1.5.36191.5.1.10.3.8.3
1.1.5.36292.22.1.4.2
1.1.5.36349.9.1.16
1.1.5.36374.5.1.5.1.2.2.8
1.1.5.36398.9.1.7.2
1.1.5.36493.15.2.7.1
1.1.5.36569.5.1.1
1.1.5.36677.5.1
1.1.5.36700.15.3.11.7.1.3.5
1.1.5.36732.19.2.4.6
1.1.5.36855.5.1
1.1.5.36867.14.1.5.5
1.1.5.36886.11.1.4.8
1.1.5.37002.16.2
1.1.5.37101.5.1.34.9.8
1.1.5.37107.10.1.7.1
1.1.5.37207.5.1
1.1.5.37238.35.1.19.5
1.1.5.37254.27
1.1.5.37350.25.1.4.6
1.1.5.37384.5.1.17
1.1.5.37520.5.1
1.1.5.37568.5.1.2.2
1.1.5.37675.5.1.3.4.12
1.1.5.37729.9.1.7
1.1.5.37825.5.1.2
1.1.5.37907.9.2.8.10
1.1.5.37930.17.1.23.13.2
1.1.5.37934.25.2.48.10
1.1.5.38001.5.1
1.1.5.38134.5.1.10.1.3
1.1.5.38162.17.2.6.1.1.1.5
1.1.5.38184.5.1.3.1.3.1.4
1.1.5.38186.5.1.1.1
1.1.5.38225.22.2.5.8.3
1.1.5.38306.5.1.3.1.8
1.1.5.38368.13.5.15.11
1.1.5.38494.8.1.4.2
1.1.5.38550.5.1.3
1.1.5.38579.20.1.15.9
1.1.5.38663.5.1.7.3.5.1.3
1.1.5.38773.10.1.4.3
1.1.5.38856.5.1.3.2.9.2.5
1.1.5.38893.15.2.24.2
1.1.5.38903.9.1.8
1.1.5.38913.5.1
1.1.5.38935.5.1.2.5.14.1.48
1.1.5.38938.5.1.2.1
1.1.5.38977.15.2
1.1.5.39027.16.2.9
1.1.5.39035.6
1.1.5.39115.5.1
1.1.5.39212.6
1.1.5.39251.12.2.4.3
1.1.5.39255.16.2.6
1.1.5.39291.5.1.8.4.9.3.12
1.1.5.39380.23.1.19.4
1.1.5.39398.23.1.10
1.1.5.39489.10.1.9
1.1.5.39581.5.1.1
1.1.5.39627.5.1.2
1.1.5.39629.5.1.19.1.14.4.11
1.1.5.39637.5.1.1.3
1.1.5.39788.39.2.23.17.9.2.8.52
1.1.5.39818.5.1
1.1.5.39913.9.1.7.6
1.1.5.39933.13.1.4
1.1.5.39980.3
1.1.5.39989.33.1.16.11
1.1.5.39990.14.3.16.20
1.1.5.40043.8.5.16
1.1.5.40055.5.1.1.1
1.1.5.40190.5.1.3.1
1.1.5.40228.10.1.4.3.10
1.1.5.40278.31.1.8
1.1.5.40280.13.1.6.27
1.1.5.40353.5.1
1.1.5.40461.5.1.4.2
1.1.5.40692.24.2.17.7.15.1
1.1.5.40716.28.3.6.3.7.2.9
1.1.5.40853.14.1.16.7.5.5
1.1.5.40855.5.1.5.2.4.3
1.1.5.41035.18.1.8.2
1.1.5.41041.14.1.33.9.1.3
1.1.5.41048.5.1.2.1
1.1.5.41080.36.2
1.1.5.41127.16.1.18.3
1.1.5.41159.22.2.5
1.1.5.41249.3
1.1.5.41319.5.1.1
1.1.5.41368.11.2.13.5
1.1.5.41370.24.2
1.1.5.41374.9.2.4.15
1.1.5.41399.5.1.3.3.7.7.72
1.1.5.41434.12.1.4
1.1.5.41493.8.1.12
1.1.5.41497.5.1.1.1.30
1.1.5.41556.9.2.4.3.10
1.1.5.41585.5.1.8.1.26.2.2
1.1.5.41648.15.2.10.2.15
1.1.5.41655.5.1.1.1.5.2
1.1.5.41683.5.1.9.4.10
1.1.5.41698.9.1.16
1.1.5.41727.15.2.9.3.2
1.1.5.41753.9.1.7.2
1.1.5.42021.5.1
1.1.5.42042.16
1.1.5.42046.5.1.2
1.1.5.42226.5.1.1
1.1.5.42285.5.1.14.5
1.1.5.42331.5.1.2.6.3.2
1.1.5.42405.22.3.7
1.1.5.42512.5.1
1.1.5.42540.35.1.19.5
1.1.5.42647.25.1.4.6
1.1.5.42674.5.1.3.1.4
1.1.5.42680.5.1.2.4.26
1.1.5.42734.3
1.1.5.42931.13.1.11
1.1.5.42996.20.6.5.10.11
1.1.5.43004.22.3.13
1.1.5.43058.5.1.7.4
1.1.5.43150.5.1.13
1.1.5.43157.5.1
1.1.5.43179.10.2.8
1.1.5.43241.17.1.23.13.2
1.1.5.43245.25.2.48.10
1.1.5.43439.5.1.10.1.3
1.1.5.43470.9.2.9.2
1.1.5.43492.5.1.3.1.3.1.4
1.1.5.43494.5.1.1.1
1.1.5.43527.22.2.5.8.40
1.1.5.43731.5.1.1.9.10.6
1.1.5.43812.8.1.4.2
1.1.5.43877.5.1.9.4
1.1.5.43880.5.1.3.2
1.1.5.43887.35.2.21.6.10.2.5
1.1.5.43923.20.1.15.9
1.1.5.43953.6
1.1.5.44125.5.1
1.1.5.44173.5.1.1
1.1.5.44210.37.1.40
1.1.5.44211.10.3.8.5
1.1.5.44260.9.1.4.1
1.1.5.44284.5.1.2.3.5.2.6
1.1.5.44313.15.2.48.1
1.1.5.44345.5.1.2.13.9.2
1.1.5.44372.16.2.9
1.1.5.44396.9.2.20.8.2
1.1.5.44457.5.1
1.1.5.44547.16.4.6.12
1.1.5.44560.5.1.3.2.5.2
1.1.5.44592.28.4.8
1.1.5.44604.9.2.4
1.1.5.44637.5.1.8.4.8.8.10
1.1.5.44704.3
1.1.5.44802.10.1.9
1.1.5.44862.5.1.4.4.6
1.1.5.44925.20.2.16.24.9
1.1.5.45104.5.1.1
1.1.5.45149.14.3.7.3
1.1.5.45234.9.1.7.6
1.1.5.45254.13.1.4
1.1.5.45300.3
1.1.5.45309.33.1.16.11
1.1.5.45310.14.3.16.20
1.1.5.45355.8.5.16
1.1.5.45367.5.1.1.1
1.1.5.45503.5.1.3.1
1.1.5.45538.15.3.5.9.12.1.2.23
1.1.5.45587.5.1.5.2.2
1.1.5.45683.5.1.2.2.14.2
1.1.5.45797.5.1.4.2
1.1.5.46012.24.2.17.7.15.1
1.1.5.46036.28.3.6.3.7.2.9
1.1.5.46175.14.1.16.7.5.5
1.1.5.46177.5.1.5.2.4.3
1.1.5.46290.5.1.2.1.6
1.1.5.46340.49.1.8.2
1.1.5.46382.9.3.4.8.3
1.1.5.46433.5.1.2
1.1.5.46462.16.1.18.3
1.1.5.46494.22.2.5
1.1.5.46582.5.1.2.1.4.1.2
1.1.5.46643.5.1.2.1.2.2
1.1.5.46685.10.1.4.2
1.1.5.46693.18.3.10
1.1.5.46722.5.1.1
1.1.5.46757.12.1.4
1.1.5.46816.8.1.12
1.1.5.46820.5.1.1.1.30
1.1.5.46880.5.1.1.1.1
1.1.5.46911.5.1.3.4.8.1
1.1.5.46979.15.2.10.2.15
1.1.5.46986.5.1.1.1.5.2
1.1.5.47014.5.1.9.4.10
1.1.5.47029.9.1.16
1.1.5.47181.15.2.7.1
1.1.5.47321.9.1.6
1.1.5.47366.5.1
1.1.5.47389.15.3.11.7.1.3.5
1.1.5.47421.19.2.4.6
1.1.5.47558.14.1.5.1
1.1.5.47576.14.2.19.1.7
1.1.5.47631.5.1.14.5
1.1.5.47691.5.1.2.6.3.2
1.1.5.47769.5.1.34.9.8
1.1.5.47775.10.1.7.1
1.1.5.47794.10.1.8
1.1.5.47824.18.2.12.10
1.1.5.47878.5.1
1.1.5.47906.35.1.19.5
1.1.5.47922.27
1.1.5.48018.25.1.4.6
1.1.5.48045.5.1.3.1.4
1.1.5.48051.5.1.2.4.26
1.1.5.48126.46.2
1.1.5.48248.13.1.11
1.1.5.48308.17
1.1.5.48326.5.1.3.4.12
1.1.5.48486.5.1.2
1.1.5.48576.15.2.4.5.34
1.1.5.48785.5.1.10.1.3
1.1.5.48815.9.2.9.2
1.1.5.48837.5.1.3.1.3.1.4
1.1.5.48839.5.1.1.1
1.1.5.48890.25.2.5
1.1.5.48970.5.1
1.1.5.49029.5.1.2.1.9.3
1.1.5.49036.12.1.10.4
1.1.5.49168.8.1.4.2
1.1.5.49233.5.1.3
1.1.5.49262.20.1.15.9
1.1.5.49345.9.1.9.16
1.1.5.49427.5.1.14.1
1.1.5.49430.21.1.22
1.1.5.49465.10.1.4.3
1.1.5.49511.5.1.1
1.1.5.49548.37.1.40
1.1.5.49549.10.3.8.5
1.1.5.49598.9.1.4.1
1.1.5.49622.5.1.2.3.5.2.6
1.1.5.49651.15.2.48.1
1.1.5.49707.16.2.9
1.1.5.49731.9.2.20.8.2
1.1.5.49786.19.1.8
1.1.5.49800.5.1
1.1.5.49868.13.6.20
1.1.5.49897.6
1.1.5.49935.13.1.7.4
1.1.5.49936.27.3.8
1.1.5.49950.9.2.4
1.1.5.49983.5.1.8.4.8.8.10
1.1.5.50014.33.1.26
1.1.5.50069.5.1.8.7.8.2.15
1.1.5.50073.5.1.1.1.12.5.12
1.1.5.50091.23.1.10
1.1.5.50183.10.1.9
1.1.5.50315.20.2.16.24.9
1.1.5.50431.18.1.9
1.1.5.50518.5.1.5.1.2.3
1.1.5.50570.12.1.4.3
1.1.5.50668.3
1.1.5.50674.14.4.7.2.15
1.1.5.50676.14.3.14.5
1.1.5.50681.5.1.21.8.11.1
1.1.5.50736.5.1.1.1
1.1.5.50869.5.1.3.1
1.1.5.50888.6
1.1.5.50907.10.1.4.3.10
1.1.5.50968.5.1.5.2.2
1.1.5.51054.5.1.2.2.14.2
1.1.5.51168.27.2.11.1.24.5.9.10
1.1.5.51171.9.1.4
1.1.5.51281.15.2.12.12.26.1
1.1.5.51293.5.1.9.1.1.1
1.1.5.51301.51.2.18.2
1.1.5.51407.28.3.6.3.7.2.9
1.1.5.51427.5.1
1.1.5.51486.10.1.6.10
1.1.5.51685.5.1.2.1.4
1.1.5.51749.18.1.8.2
1.1.5.51755.14.1.33.9.1.3
1.1.5.51762.5.1.2.1
1.1.5.51794.36.2
1.1.5.51817.5.1.2
1.1.5.51846.16.1.18.3
1.1.5.51878.22.2.5
1.1.5.51935.5.1.1.4
1.1.5.51968.3
1.1.5.52038.5.1.1
1.1.5.52088.5.1.10.1.8
1.1.5.52098.9.1.14.4
1.1.5.52129.5.1.3.3.7.6.5
1.1.5.52232.8.1.12
1.1.5.52236.5.1.1.1.30
1.1.5.52301.5.1.1.1.1
1.1.5.52334.5.1.8.1.26.2.2
1.1.5.52405.15.2.10.2.15
1.1.5.52412.5.1.1.1.5.2
1.1.5.52611.15.2.7.1
1.1.5.52804.5.1
1.1.5.52825.16
1.1.5.52829.5.1.2
1.1.5.52972.5.1
1.1.5.52987.14.1.5.1
1.1.5.53006.11.1.4.8
1.1.5.53061.5.1.14.5
1.1.5.53108.5.1.2.6.3.2
1.1.5.53194.5.1.34.9.8
1.1.5.53200.10.1.7.1
1.1.5.53298.5.1
1.1.5.53326.35.1.19.5
1.1.5.53342.27
1.1.5.53425.10.1.5
1.1.5.53439.25.1.4.6
1.1.5.53466.5.1.3.1.4
1.1.5.53472.5.1.2.4.26
1.1.5.53559.46.2
1.1.5.53615.5.1.4.1.2
1.1.5.53703.13.1.11
1.1.5.53771.5.1.3.4.12
1.1.5.53933.9.1.4
1.1.5.53934.5.1.2.2.49.11.31
1.1.5.53940.22.2.12.1.1.1
1.1.5.53940.33.1.16
1.1.5.53965.5.1.10.1
1.1.5.54031.15.2.4.5.1
1.1.5.54240.5.1.10.1.3
1.1.5.54270.9.2.9.2
1.1.5.54292.5.1.3.1.3.1.4
1.1.5.54294.5.1.1.1
1.1.5.54345.25.2.5
1.1.5.54426.5.1
1.1.5.54498.13.5.15.11
1.1.5.54617.8.1.4.2
1.1.5.54693.25.2.22.6.11.2.3
1.1.5.54729.20.1.15.9
1.1.5.54759.6
1.1.5.54816.17.3.10.5.6
1.1.5.54824.14.2.7.4
1.1.5.54934.10.1.4.3
1.1.5.55023.5.1
1.1.5.55028.5.1.13.1.10
1.1.5.55078.15.4.47.17
1.1.5.55134.5.1
1.1.5.55184.16.2.9
1.1.5.55192.6
1.1.5.55252.30.2.4
1.1.5.55327.13.6.20
1.1.5.55356.6
1.1.5.55361.9.1.4
1.1.5.55392.34.5.20.36
1.1.5.55396.16.2.6
1.1.5.55432.5.1.8.4.9.3.12
1.1.5.55465.5.1.11.1
1.1.5.55506.3
1.1.5.55525.23.1.10
1.1.5.55711.5.1.1
1.1.5.55757.5.1.2
1.1.5.55759.5.1.19.1.14.4.11
1.1.5.55767.5.1.1.3
1.1.5.55888.5.1
1.1.5.55914.39.2.23.17.9.2.8.25
1.1.5.55955.19.1.4.10.12
1.1.5.56009.12.1.4.3
1.1.5.56174.8.5.16
1.1.5.56186.5.1.1.1
1.1.5.56251.19.3.6.6
1.1.5.56318.5.1.3.1
1.1.5.56337.6
1.1.5.56360.24.1.10.12.6
1.1.5.56415.11.2.12.3
1.1.5.56492.3
1.1.5.56529.17.2.5.3.22.1
1.1.5.56618.5.1.4.2
1.1.5.56873.5.1.1.1.1
1.1.5.56899.10.1.8
1.1.5.57028.14.1.5
1.1.5.57119.6
1.1.5.57164.22.2.4.8
1.1.5.57166.5.1
1.1.5.57215.18.1.8.2
1.1.5.57221.14.1.33.9.1.3
1.1.5.57228.5.1.2.1
1.1.5.57260.36.2
1.1.5.57307.16.1.18.3
1.1.5.57418.5.1
1.1.5.57425.5.1.2.1.4.1.2
1.1.5.57490.5.1.2.1.2.2
1.1.5.57532.10.1.4.2
1.1.5.57540.18.3.10
1.1.5.57566.5.1.3.3.7.7.36
1.1.5.57601.12.1.4
1.1.5.57660.8.1.12
1.1.5.57664.5.1.1.1.28
1.1.5.57718.9.2.14.4
1.1.5.57753.5.1.8.1.26.2.2
1.1.5.57800.24.2.16.1.1.1
1.1.5.57811.5.1.8.3.14.1.18
1.1.5.57859.9.1.16
1.1.5.57884.5.1.5.1.2.2.8
1.1.5.57903.9.1.7.2
1.1.5.58008.15.2.7.1
1.1.5.58082.5.1.1
1.1.5.58149.9.1.6
1.1.5.58194.5.1
1.1.5.58217.15.3.15.8.2.3.5
1.1.5.58249.19.2.4.6
1.1.5.58379.5.1.1.1.21.1
1.1.5.58405.11.1.4.8
1.1.5.58455.20.2.8
1.1.5.58510.16.2
1.1.5.58521.5.1.5.1.1
1.1.5.58611.5.1.2
1.1.5.58619.10.1.7.1
1.1.5.58720.5.1
1.1.5.58747.10.2.4.8
1.1.5.58760.27
1.1.5.58856.25.1.4.6
1.1.5.58890.5.1.17
1.1.5.59026.5.1
1.1.5.59074.5.1.2.2
1.1.5.59193.5.1.3.5.31
1.1.5.59340.9.1.4
1.1.5.59341.5.1.2.2.49.11.31
1.1.5.59348.9.1.12
1.1.5.59391.5.1.1.1.1.2
1.1.5.59424.9.2.8.10
1.1.5.59443.15.2.4.5.34
1.1.5.59519.5.1
1.1.5.59673.9.2.9.2
1.1.5.59695.5.1.3.1.3.1.4
1.1.5.59735.22.2.5.8.3
1.1.5.59822.5.1.13
1.1.5.59882.13.5.15.11
1.1.5.60006.8.1.4.2
1.1.5.60071.5.1.3
1.1.5.60100.20.1.15.9
1.1.5.60190.5.1.7.3.5.1.3
1.1.5.60288.5.1.1.4.7
1.1.5.60290.28.1.12.4
1.1.5.60332.5.1.1
1.1.5.60369.37.1.40
1.1.5.60370.10.3.8.5
1.1.5.60419.9.1.4.1
1.1.5.60443.5.1.2.3.5.2.6
1.1.5.60472.15.2.48.1
1.1.5.60528.16.2.9
1.1.5.60536.6
1.1.5.60556.9.2.20.8.2
1.1.5.60597.30.2.4
1.1.5.60688.13.6.20
1.1.5.60742.34.5.20.36
1.1.5.60746.16.2.6
1.1.5.60757.9.2.4
1.1.5.60790.5.1.8.4.8.8.10
1.1.5.60800.11.1.5
1.1.5.60870.3
1.1.5.60887.5.1
1.1.5.60978.10.1.9
1.1.5.61062.5.1.1
1.1.5.61112.20.2.16.24.9
1.1.5.61283.39.2.23.17.9.2.8.17
1.1.5.61324.19.1.4.10.12
1.1.5.61381.12.1.4.3
1.1.5.61548.8.5.16
1.1.5.61560.5.1.1.1
1.1.5.61737.10.1.4.3.10
1.1.5.61770.17.1.9
1.1.5.61797.5.1.5.2.2
1.1.5.61883.5.1
1.1.5.61994.5.1.4.2
1.1.5.62069.30
1.1.5.62130.5.1.9.1.1.1
1.1.5.62138.51.2.18.2
1.1.5.62242.5.1.1.1.1
1.1.5.62310.10.1.6.10
1.1.5.62391.19.2.9.2
1.1.5.62566.18.1.8.2
1.1.5.62572.14.1.33.9.1.3
1.1.5.62579.5.1.2.1
1.1.5.62611.36.2
1.1.5.62658.16.1.18.3
1.1.5.62748.5.1.11.6.3.2
1.1.5.62781.20.3.13.9
1.1.5.62786.12.1.4
1.1.5.62791.5.1.2.1.4.1.33
1.1.5.62857.5.1.1
1.1.5.62906.5.1.18.1.1.5.5
1.1.5.62935.5.1.3.3.7.7.10
1.1.5.63035.8.1.12
1.1.5.63039.5.1.1.1.28
1.1.5.63097.5.1.10.3.8.3
1.1.5.63183.24.2.16.1.1.1
1.1.5.63194.5.1.8.3.14.1.18
1.1.5.63227.24.2.17.11.30.8.24
1.1.5.63243.9.1.16
1.1.5.63474.5.1.1
1.1.5.63534.9.1.6
1.1.5.63581.5.1
1.1.5.63602.16
1.1.5.63606.5.1.2
1.1.5.63787.5.1.1
1.1.5.63842.20.2.8
1.1.5.63917.5.1.2.6.3.2
1.1.5.64144.9.2.38
1.1.5.64222.25.1.4.6
1.1.5.64249.5.1.3.1.4
1.1.5.64255.5.1.2.4.26
1.1.5.64507.13.1.11
1.1.5.64577.5.1.3.4.12
1.1.5.64728.9.1.4
1.1.5.64729.5.1.2.2.49.11.36
1.1.5.64820.15.2.4.5.1
1.1.5.65059.9.2.9.2
1.1.5.65081.5.1.3.1.3.1.4
1.1.5.65083.5.1.1.1
1.1.5.65122.22.2.5.8.3
1.1.5.65203.5.1.13
1.1.5.65261.13.5.15.11
1.1.5.65379.8.1.4.2
1.1.5.65444.5.1.9.4
1.1.5.65447.5.1.3.2
1.1.5.65492.20.1.15.9
1.1.5.65522.6
1.1.5.65580.5.1.7.3.5.1.3
1.1.5.65681.5.1
1.1.5.65684.11.1.6.2
1.1.5.65758.5.1
1.1.5.65763.5.1.13.1.10
1.1.5.65813.15.4.47.17
1.1.5.65835.5.1.2.5.14.1.45
1.1.5.65838.5.1.2.1
1.1.5.65877.15.2
1.1.5.65927.16.2.9
1.1.5.65935.6
1.1.5.66015.5.1
1.1.5.66067.5.1
1.1.5.66132.6
1.1.5.66175.5.1.4
1.1.5.66179.5.1.1.1.13.1.11
1.1.5.66196.14.2.15.6.7.2.18
1.1.5.66217.9.3.24.8
1.1.5.66219.23.2.9.2.36.1
1.1.5.66315.23.1.19.4
1.1.5.66335.23.1.10
1.1.5.66554.20.2.16.24.9
1.1.5.66701.5.1
1.1.5.66727.39.2.23.17.9.2.8.14
1.1.5.66757.5.1
1.1.5.66864.9.1.7.6
1.1.5.66884.13.1.4
1.1.5.66930.3
1.1.5.66936.14.4.7.2.15
1.1.5.66938.14.3.14.5
1.1.5.66943.5.1.21.8.11.1
1.1.5.66982.8.5.16
1.1.5.66994.5.1.1.1
1.1.5.67059.19.3.6.6
1.1.5.67126.5.1.3.1
1.1.5.67145.6
1.1.5.67163.10.1.4.3.10
1.1.5.67203.17.1.9
1.1.5.67230.5.1.5.2.2
1.1.5.67316.25.2.7.5.7.1
1.1.5.67426.5.1.4.2
1.1.5.67506.30
1.1.5.67567.5.1.9.1.1.1
1.1.5.67575.51.2.18.2
1.1.5.67680.5.1.1.1.1
1.1.5.67751.5.1.11
1.1.5.67820.14.1.5
1.1.5.67835.19.2.9.2
1.1.5.67950.22.2.4.8
1.1.5.67952.5.1
1.1.5.68012.18.1.8.2
1.1.5.68018.14.1.33.9.1.3
1.1.5.68025.5.1.2.1
1.1.5.68115.16.1.18.3
1.1.5.68145.22.2.5
1.1.5.68202.15.1.9
1.1.5.68241.5.1.3.2.3.2.30
1.1.5.68329.5.1.1
1.1.5.68379.11.2.13.5
1.1.5.68381.24.2
1.1.5.68385.9.2.4.15
1.1.5.68410.5.1.3.3.7.7.84
1.1.5.68445.12.1.4
1.1.5.68504.5.1.1
1.1.5.68568.5.1.1.1.1
1.1.5.68654.24.2.16.1.1.1
1.1.5.68665.5.1.8.3.14.1.18
1.1.5.68697.5.1.4
1.1.5.68712.5.1.9
1.1.5.68764.9.1.7.2
1.1.5.68869.15.2.7.1
1.1.5.69000.9.1.6
1.1.5.69046.5.1
1.1.5.69067.16
1.1.5.69071.5.1.2
1.1.5.69106.9.1.9.3
1.1.5.69230.5.1
1.1.5.69245.14.1.5.1
1.1.5.69264.11.1.4.8
1.1.5.69319.5.1.14.5
1.1.5.69366.5.1.2.6.12.2
1.1.5.69440.22.3.7
1.1.5.69546.5.1
1.1.5.69574.35.1.19.5
1.1.5.69590.27
1.1.5.69686.25.1.4.6
1.1.5.69713.5.1.3.1.4
1.1.5.69719.5.1.2.4.26
1.1.5.70006.17
1.1.5.70024.5.1.3.4.12
1.1.5.70172.5.1.2.1.11
1.1.5.70220.5.1.1.1.1.2
1.1.5.70253.9.2.8.10
1.1.5.70278.17.1.23.13.2
1.1.5.70282.25.2.48.10
1.1.5.70482.5.1.10.1.3
1.1.5.70512.5.1.4
1.1.5.70526.12.2.4
1.1.5.70536.5.1.16.11.9
1.1.5.70575.22.2.5.8.3
1.1.5.70662.5.1.13
1.1.5.70718.13.5.15.11
1.1.5.70767.14.2.12.9
1.1.5.70845.8.1.4.2
1.1.5.70950.20.1.15.9
1.1.5.70980.6
1.1.5.71037.9.1.9.16
1.1.5.71112.5.1.14.1
1.1.5.71115.21.1.22
1.1.5.71141.9.2.22
1.1.5.71236.5.1.3.2.9.2.5
1.1.5.71290.9.1.4.1
1.1.5.71314.5.1.2.3.5.2.6
1.1.5.71343.15.2.48.1
1.1.5.71399.16.2.9
1.1.5.71407.6
1.1.5.71427.9.2.20.8.2
1.1.5.71470.5.1
1.1.5.71527.5.1
1.1.5.71580.16.4.6.12
1.1.5.71625.28.4.8
1.1.5.71637.9.2.4
1.1.5.71670.5.1.8.4.8.8.10
1.1.5.71701.33.1.26
1.1.5.71749.3
1.1.5.71768.23.1.10
1.1.5.71977.20.2.16.24.9
1.1.5.72151.39.2.23.17.9.2.8.15
1.1.5.72181.5.1
1.1.5.72248.5.1.5.4.18
1.1.5.72339.3
1.1.5.72345.14.4.7.2.15
1.1.5.72347.14.3.14.5
1.1.5.72392.8.5.16
1.1.5.72404.5.1.1.1
1.1.5.72469.19.3.6.6
1.1.5.72534.5.1.3.1
1.1.5.72572.10.1.4.3.10
1.1.5.72630.5.1.5.2.2
1.1.5.72719.5.1.2.2.6.2
1.1.5.72835.5.1.4.2
1.1.5.72967.5.1.7.2
1.1.5.73108.28.3.6.3.7.2.9
1.1.5.73128.5.1
1.1.5.73190.5.1.11
1.1.5.73249.8.2.4
1.1.5.73379.5.1.2.1.6
1.1.5.73441.18.1.8.2
1.1.5.73447.14.1.33.9.1.3
1.1.5.73454.5.1.2.1
1.1.5.73486.36.2
1.1.5.73533.16.1.18.3
1.1.5.73565.22.2.5
1.1.5.73617.15.1.9
1.1.5.73651.28.1.4
1.1.5.73655.29.4.8.9.16.1.3
1.1.5.73730.5.1.1
1.1.5.73779.5.1.18.1.1.5.5
1.1.5.73809.5.1.3.3.7.7.10
1.1.5.73844.12.1.4
1.1.5.73903.5.1.1
1.1.5.73968.5.1.1.1.1
1.1.5.74078.22.1.4.2
1.1.5.74127.9.1.16
1.1.5.74181.9.1.7.2
1.1.5.74283.15.2.7.1
1.1.5.74453.5.1
1.1.5.74476.15.3.11.7.1.3.5
1.1.5.74508.19.2.4.6
1.1.5.74644.14.1.5.1
1.1.5.74648.5.1
1.1.5.74661.11.1.4.8
1.1.5.74711.40.1
1.1.5.74773.5.1.2.6.12.2
1.1.5.74850.22.3.7
1.1.5.74953.5.1
1.1.5.74984.35.1.19.5
1.1.5.75000.27
1.1.5.75094.25.1.4.6
1.1.5.75130.5.1.2.1.6
1.1.5.75267.5.1
1.1.5.75315.5.1.2.2
1.1.5.75349.13.1.11
1.1.5.75429.5.1.3.5.31
1.1.5.75579.5.1.13
1.1.5.75586.5.1
1.1.5.75608.10.2.8
1.1.5.75679.17.1.23.13.2
1.1.5.75683.25.2.48.10
1.1.5.75874.5.1.10.1.3
1.1.5.75906.9.2.9.2
1.1.5.75928.5.1.3.1.3.1.4
1.1.5.75930.5.1.1.1
1.1.5.75965.22.2.5.8.3
1.1.5.76040.5.1
1.1.5.76105.13.5.15.11
1.1.5.76232.8.1.4.2
1.1.5.76299.5.1.1.1.4.2.9
1.1.5.76328.20.1.15.9
1.1.5.76358.6
1.1.5.76413.9.1.9.16
1.1.5.76514.9.2.22
1.1.5.76606.5.1
1.1.5.76611.5.1.13.1.10
1.1.5.76661.15.4.47.17
1.1.5.76717.5.1
1.1.5.76767.16.2.9
1.1.5.76791.9.2.20.8.2
1.1.5.76898.5.1
1.1.5.76965.6
1.1.5.77007.5.1.4
1.1.5.77011.5.1.1.1.13.1.11
1.1.5.77060.5.1.8.4.8.8.18
1.1.5.77144.23.1.19.4
1.1.5.77162.23.1.10
1.1.5.77253.10.1.9
1.1.5.77382.20.2.16.24.9
1.1.5.77529.5.1
1.1.5.77540.25.3.8
1.1.5.77587.5.1.5.1.2.3
1.1.5.77669.9.1.7.6
1.1.5.77689.13.1.4
1.1.5.77735.3
1.1.5.77744.33.1.16.12
1.1.5.77745.14.3.16.21
1.1.5.77791.8.5.16
1.1.5.77803.5.1.1.1
1.1.5.77868.19.3.6.6
1.1.5.77935.5.1.3.1
1.1.5.77970.15.3.5.9.12.1.2.42
1.1.5.77993.17.1.9
1.1.5.78020.5.1.5.2.2
1.1.5.78109.25.2.7.5.7.1
1.1.5.78228.17.2.10.6.1
1.1.5.78493.5.1.1.1.1
1.1.5.78634.14.1.5
1.1.5.78650.14.1.16.7.5.5
1.1.5.78652.5.1.5.2.4.3
1.1.5.78765.28.3.4
1.1.5.78778.5.1.2.1.4
1.1.5.78839.18.1.8.2
1.1.5.78881.9.3.4.8.3
1.1.5.78932.5.1.2
1.1.5.78961.16.1.18.3
1.1.5.78991.22.2.5
1.1.5.79040.15.1.9
1.1.5.79079.5.1.3.1.11
1.1.5.79086.23.1.11
1.1.5.79160.5.1.1
1.1.5.79203.10.1.4.2
1.1.5.79211.18.3.10
1.1.5.79240.5.1.1
1.1.5.79275.12.1.4
1.1.5.79334.8.1.12
1.1.5.79338.5.1.1.1.30
1.1.5.79393.9.2.4.3.1
1.1.5.79423.5.1.12.1.41.2.2
1.1.5.79475.24.2.16.1.1.1
1.1.5.79486.5.1.8.3.14.1.18
1.1.5.79542.9.1.16
1.1.5.79570.5.1.4
1.1.5.79696.15.2.7.1
1.1.5.79879.5.1
1.1.5.79902.15.3.11.7.1.3.5
1.1.5.79934.19.2.4.6
1.1.5.80090.14.2.19.1.7
1.1.5.80211.16.2
1.1.5.80323.22.3.7
1.1.5.80341.3
1.1.5.80428.5.1
1.1.5.80456.35.1.19.5
1.1.5.80472.27
1.1.5.80568.25.1.4.6
1.1.5.80595.5.1.3.1.4
1.1.5.80601.5.1.2.4.26
1.1.5.80693.46.2
1.1.5.80736.5.1
1.1.5.80784.5.1.2.2
1.1.5.80818.13.1.11
1.1.5.80870.3
1.1.5.80885.20.6.5.10.11
1.1.5.80893.22.3.13
1.1.5.81024.9.1.4
1.1.5.81025.5.1.2.2.49.11.31
1.1.5.81110.17.1.23.13.2
1.1.5.81114.25.2.48.10
1.1.5.81139.5.1.8.4
1.1.5.81354.9.2.9.2
1.1.5.81376.5.1.3.1.3.1.4
1.1.5.81378.5.1.1.1
1.1.5.81417.22.2.5.8.3
1.1.5.81493.5.1
1.1.5.81503.16.2.6.1.8
1.1.5.81519.11.2.10
1.1.5.81558.13.5.15.11
1.1.5.81678.8.1.4.2
1.1.5.81745.5.1.1.1.4.2.9
1.1.5.81774.20.1.15.9
1.1.5.81804.6
1.1.5.81937.5.1.14.1
1.1.5.81940.21.1.22
1.1.5.82062.5.1.3.2.9.2.5
1.1.5.82118.9.1.4.1
1.1.5.82142.5.1.2.3.5.2.6
1.1.5.82171.15.2.48.1
1.1.5.82229.16.2.9
1.1.5.82237.6
1.1.5.82314.5.1
1.1.5.82359.5.1
1.1.5.82397.13.6.20
1.1.5.82452.12.2.4.3
1.1.5.82456.16.2.6
1.1.5.82467.9.2.4
1.1.5.82500.5.1.8.4.8.8.10
1.1.5.82571.3
1.1.5.82590.23.1.10
1.1.5.82794.14.2.6.9.5
1.1.5.82999.5.1
1.1.5.83015.14.3.7.3
1.1.5.83072.12.1.4.3
1.1.5.83189.5.1.10.5.40.11
1.1.5.83241.5.1.1.1
1.1.5.83306.5.1.2.1.1.4
1.1.5.83405.24.1.10.12.6
1.1.5.83466.5.1.5.2.2
1.1.5.83551.5.1
1.1.5.83668.5.1.4.2
1.1.5.83747.30
1.1.5.83907.24.2.17.7.15.1
1.1.5.83931.28.3.6.3.7.2.9
1.1.5.83955.10.1.8
1.1.5.83989.15.3.5
1.1.5.84031.22.3.9.18.5.4
1.1.5.84249.19.1.10.3
1.1.5.84292.36.2
1.1.5.84339.16.1.18.3
1.1.5.84429.15.1.9
1.1.5.84470.18.2.13
1.1.5.84563.5.1.1.1.14
1.1.5.84606.11.2.13.5
1.1.5.84608.24.2
1.1.5.84612.9.2.4.15
1.1.5.84637.5.1.3.3.7.7.72
1.1.5.84672.12.1.4
1.1.5.84726.8.1.12
1.1.5.84730.5.1.1.1.12
1.1.5.84797.5.1.2.2.46.5.7.2
1.1.5.84890.15.2.10.2.15
1.1.5.84897.5.1.1.1.5.2
1.1.5.84925.5.1.5
1.1.5.84942.9.1.16
1.1.5.84996.9.1.7.2
1.1.5.85083.15.2.7.1
1.1.5.85256.5.1
1.1.5.85277.16
1.1.5.85281.5.1.2
1.1.5.85438.14.1.5.1
1.1.5.85442.5.1
1.1.5.85458.5.1.1
1.1.5.85578.5.1.2.6.12.2
1.1.5.85663.22.3.7
1.1.5.85765.5.1
1.1.5.85796.35.1.19.5
1.1.5.85882.47.1.13
1.1.5.85902.10.1.5
1.1.5.85916.25.1.4.6
1.1.5.85952.5.1.2.1.6
1.1.5.86098.5.1
1.1.5.86152.5.1.2.2
1.1.5.86186.13.1.11
1.1.5.86266.5.1.3.5.31
1.1.5.86409.5.1.2.1.11
1.1.5.86414.5.1
1.1.5.86436.10.2.8
1.1.5.86510.29.2.8.1.2.3
1.1.5.86538.5.1.8.4
1.1.5.86590.5.1
1.1.5.86754.9.2.9.2
1.1.5.86776.5.1.3.1.3.1.4
1.1.5.86778.5.1.1.1
1.1.5.86815.22.2.5.8.40
1.1.5.86889.5.1
1.1.5.86958.13.5.15.11
1.1.5.87078.8.1.4.2
1.1.5.87144.5.1.9.4
1.1.5.87147.5.1.3.2
1.1.5.87154.35.2.21.6.10.2.5
1.1.5.87190.20.1.15.9
1.1.5.87220.6
1.1.5.87264.17.3.10.5.6
1.1.5.87272.14.2.7.4
1.1.5.87365.9.2.22
1.1.5.87460.5.1.3.2.9.2.5
1.1.5.87521.5.1.1.1.3
1.1.5.87542.5.1.2.3.5.2.6
1.1.5.87571.15.2.48.1
1.1.5.87607.5.1.2.13.9.2
1.1.5.87634.16.2.9
1.1.5.87642.6
1.1.5.87704.5.1
1.1.5.87780.13.6.20
1.1.5.87838.5.1.4
1.1.5.87842.5.1.1.1.13.1.4
1.1.5.87891.5.1.8.4.8.8.18
1.1.5.87901.11.1.5
1.1.5.87925.24.2.14.7.41.3
1.1.5.87963.3
1.1.5.87982.23.1.10
1.1.5.88077.3
1.1.5.88155.5.1.1
1.1.5.88205.20.2.16.24.9
1.1.5.88380.5.1.1
1.1.5.88409.5.1.5.1.2.3
1.1.5.88464.5.1.10
1.1.5.88567.3
1.1.5.88573.14.4.7.2.15
1.1.5.88575.14.3.14.5
1.1.5.88580.5.1.21.8.11.1
1.1.5.88619.8.5.16
1.1.5.88631.5.1.1.1
1.1.5.88691.5.1
1.1.5.88764.5.1.3.1
1.1.5.88799.15.3.5.9.12.1.2.69
1.1.5.88848.5.1.5.2.2
1.1.5.88935.5.1.2.2.14.2
1.1.5.89051.34.1.15.2.25
1.1.5.89089.14.2
1.1.5.89132.30
1.1.5.89193.5.1.9.1.1.1
1.1.5.89201.51.2.18.2
1.1.5.89306.28.3.6.3.7.2.9
1.1.5.89326.5.1
1.1.5.89385.10.1.6.10
1.1.5.89393.5.1.36.1.2.1
1.1.5.89469.19.2.9.2
1.1.5.89582.28.3.4
1.1.5.89595.5.1.2.1.4
1.1.5.89638.8.3.15.7
1.1.5.89675.9.3.4.8.3
1.1.5.89729.5.1.2
1.1.5.89758.16.1.18.3
1.1.5.89788.22.2.5
1.1.5.89850.15.1.9
1.1.5.89886.20.3.13.9
1.1.5.89891.12.1.4
1.1.5.89896.5.1.2.1.4.1.14
1.1.5.89963.5.1.1
1.1.5.90012.11.2.13.5
1.1.5.90014.24.2
1.1.5.90018.9.2.4.15
1.1.5.90043.5.1.3.3.7.7.72
1.1.5.90078.12.1.4
1.1.5.90137.8.1.12
1.1.5.90141.5.1.1.1.28
1.1.5.90196.9.2.4.3.1
1.1.5.90290.22.1.4.2
1.1.5.90339.9.1.16
1.1.5.90367.5.1.4
1.1.5.90387.9.1.7.2
1.1.5.90553.5.1.1
1.1.5.90657.5.1
1.1.5.90678.16
1.1.5.90682.5.1.2
1.1.5.90841.14.1.5.1
1.1.5.90868.5.1.1
1.1.5.90995.5.1.2.6.12.2
1.1.5.91072.22.3.7
1.1.5.91179.5.1
1.1.5.91206.10.2.4.8
1.1.5.91219.27
1.1.5.91318.25.1.4.6
1.1.5.91345.5.1.3.1.4
1.1.5.91351.5.1.2.4.26
1.1.5.91505.5.1.3.1
1.1.5.91611.24.1.8
1.1.5.91617.13.1.23
1.1.5.91677.17
1.1.5.91695.5.1.3.4.12
1.1.5.91863.5.1.2
1.1.5.91869.5.1
1.1.5.91891.10.2.8
1.1.5.91961.15.2.4.5.34
1.1.5.91993.5.1.8.4
1.1.5.92157.5.1.10.1.3
1.1.5.92185.17.2.6.1.1.1.5
1.1.5.92207.5.1.3.1.3.1.4
1.1.5.92209.5.1.1.1
1.1.5.92260.25.2.5
1.1.5.92335.24.1.10
1.1.5.92406.13.5.15.11
1.1.5.92546.8.1.4.2
1.1.5.92604.3
1.1.5.92641.20.1.15.9
1.1.5.92671.6
1.1.5.92726.17.3.10.5.6
1.1.5.92836.9.2.22
1.1.5.92927.5.1.3.2.9.2.5
1.1.5.92964.15.2.24.2
1.1.5.92974.9.1.8
1.1.5.92984.5.1
1.1.5.93040.5.1
1.1.5.93090.16.2.9
1.1.5.93098.6
1.1.5.93170.19.1.8
1.1.5.93184.5.1
1.1.5.93229.5.1
1.1.5.93296.6
1.1.5.93338.5.1.4
1.1.5.93342.5.1.1.1.13.1.11
1.1.5.93365.21.2.8
1.1.5.93388.5.1.8.4.8.9.8
1.1.5.93471.5.1.2.2.6.2.9
1.1.5.93490.23.1.10
1.1.5.93586.3
1.1.5.93672.5.1.1
1.1.5.93718.5.1.2
1.1.5.93720.5.1.19.1.14.4.11
1.1.5.93728.5.1.1.3
1.1.5.93879.39.2.23.17.9.2.8.57
1.1.5.93909.5.1
1.1.5.93979.5.1.10
1.1.5.94074.3
1.1.5.94083.33.1.16.12
1.1.5.94084.14.3.16.21
1.1.5.94089.5.1.21.8.11.1
1.1.5.94128.8.5.16
1.1.5.94140.5.1.1.1
1.1.5.94204.19.3.6.6
1.1.5.94244.16.3.7.1
1.1.5.94301.15.3.5.9.12.1.2.18
1.1.5.94350.5.1.5.2.2
1.1.5.94437.5.1.2.2.14.2
1.1.5.94553.33.1.10.6.24
1.1.5.94586.14.2
1.1.5.94629.30
1.1.5.94676.15.2.14.12.26.1
1.1.5.94688.5.1.9.1.1.1
1.1.5.94696.51.2.18.2
1.1.5.94802.5.1.1.1.1
1.1.5.94895.26.2.4.1.1
1.1.5.94940.14.1.5
1.1.5.94956.14.1.16.7.5.5
1.1.5.94958.5.1.5.2.4.3
1.1.5.95071.28.3.4
1.1.5.95082.22.2.4.8
1.1.5.95084.5.1
1.1.5.95135.49.1.8.2
1.1.5.95141.14.1.33.9.1.8
1.1.5.95148.5.1.2.1
1.1.5.95180.36.2
1.1.5.95227.16.1.18.3
1.1.5.95257.22.2.5
1.1.5.95352.5.1.3.1.11
1.1.5.95359.23.1.11
1.1.5.95452.5.1.1.1.14
1.1.5.95495.11.2.13.5
1.1.5.95497.24.2
1.1.5.95501.9.2.4.15
1.1.5.95529.5.1.3.3.7.7.67
1.1.5.95564.12.1.4
1.1.5.95618.8.1.12
1.1.5.95622.5.1.1.1.12
1.1.5.95684.9.2.4.3.10
1.1.5.95767.24.2.16.1.1.1
1.1.5.95779.9.1.15.7
1.1.5.95785.5.1.1.1.5.2
1.1.5.95813.5.1.5
1.1.5.95830.9.1.16
1.1.5.95855.5.1.5.1.2.2.8
1.1.5.95879.9.1.7.2
1.1.6.125.9.1.6
1.1.6.171.5.1
1.1.6.194.15.3.11.7.1.3.5
1.1.6.226.19.2.4.6
1.1.6.350.5.1
1.1.6.362.14.1.5.5
1.1.6.366.5.1
1.1.6.382.5.1.1
1.1.6.441.5.1.14.5
1.1.6.488.5.1.2.6.12.2
1.1.6.560.44.3.7
1.1.6.671.5.1
1.1.6.698.10.2.4.8
1.1.6.711.27
1.1.6.810.25.1.4.6
1.1.6.837.5.1.3.1.4
1.1.6.843.5.1.2.4.26
1.1.6.930.46.2
1.1.6.971.5.1.3.1
1.1.6.1145.5.1.8.2.6
1.1.6.1155.22.3.13
1.1.6.1301.9.1.4
1.1.6.1302.5.1.2.2.50.11.36
1.1.6.1331.10.2.8
1.1.6.1402.15.2.4.5.1
1.1.6.1646.9.2.9.2
1.1.6.1668.5.1.3.1.3.1.4
1.1.6.1718.25.2.5
1.1.6.1792.5.1
1.1.6.1800.5.1.14
1.1.6.1905.5.1.1.20.8.4
1.1.6.1982.8.1.4.2
1.1.6.2046.5.1.9.4
1.1.6.2049.5.1.3.2
1.1.6.2056.35.2.21.6.10.2.5
1.1.6.2092.20.1.15.9
1.1.6.2274.9.2.22
1.1.6.2373.5.1.3.2.9.2.5
1.1.6.2410.15.2.24.2
1.1.6.2420.9.1.8
1.1.6.2430.5.1
1.1.6.2486.5.1
1.1.6.2536.16.2.9
1.1.6.2544.6
1.1.6.2613.19.1.8
1.1.6.2670.5.1
1.1.6.2723.16.4.6.12
1.1.6.2736.5.1.3.2.5.2
1.1.6.2771.5.1.4
1.1.6.2816.5.1.8.4.8.5.11
1.1.6.2883.3
1.1.6.2900.5.1
1.1.6.3121.20.2.16.24.9
1.1.6.3245.8.1.11
1.1.6.3297.39.2.23.17.9.2.8.5
1.1.6.3327.5.1
1.1.6.3421.9.1.7.6
1.1.6.3441.13.1.4
1.1.6.3487.3
1.1.6.3496.33.1.16.12
1.1.6.3497.14.3.16.21
1.1.6.3542.8.5.16
1.1.6.3554.5.1.1.1
1.1.6.3614.5.1
1.1.6.3674.5.1.3.1
1.1.6.3712.10.1.4.3.10
1.1.6.3747.17.1.9
1.1.6.3774.5.1.5.2.2
1.1.6.3885.17.2.5.3.22.1
1.1.6.3974.5.1.4.2
1.1.6.4054.30
1.1.6.4113.5.1.9.1.1.1
1.1.6.4121.51.2.18.2
1.1.6.4225.5.1.1.1.1
1.1.6.4300.5.1.11
1.1.6.4373.14.1.5
1.1.6.4389.14.1.16.7.5.5
1.1.6.4391.5.1.5.2.4.3
1.1.6.4473.6
1.1.6.4520.5.1.2.1.4
1.1.6.4584.18.1.8.2
1.1.6.4626.9.3.4.8.3
1.1.6.4680.5.1.2
1.1.6.4709.16.1.18.3
1.1.6.4739.22.2.5
1.1.6.4794.15.1.9
1.1.6.4835.19.2.8.4
1.1.6.4915.5.1.1
1.1.6.4964.5.1.18.1.1.5.5
1.1.6.4994.5.1.3.3.7.7.10
1.1.6.5029.12.1.4
1.1.6.5109.5.1.1
1.1.6.5170.5.1.1.1.1
1.1.6.5263.22.1.4.2
1.1.6.5312.9.1.16
1.1.6.5366.9.1.7.2
1.1.6.5474.15.2.7.1
1.1.6.5561.5.1.1
1.1.6.5671.5.1
1.1.6.5692.16
1.1.6.5696.5.1.2
1.1.6.5852.14.1.5.1
1.1.6.5872.5.1.1
1.1.6.5931.5.1.14.5
1.1.6.5952.5.1.2.1.1
1.1.6.5986.5.1.2.6.3.2
1.2.103.6.3.5.1.23
1.2.130.2.1.10.4.1
1.2.336.2.1.1.1.1
1.2.514.4.2.6.3.9
1.2.554.25
1.2.572.8.4.12
1.2.644.2.1.12.2
1.2.702.6.3.5.2.3.12.32.7
1.2.759.2.1.1.3
1.2.800.2.1.12.2.7
1.2.858.8.4.7.3
1.2.892.2.1.1.1
1.2.896.2.1.2.2.8.5
1.2.1030.2.1.3.1.32
1.2.1288.2.1.13.8.27.3.7
1.2.1335.2.1.20.3.11.4
1.2.1335.2.1.20.3.12.1
1.2.1417.14.7.24.1
1.2.1424.10.5.19.2
1.2.1479.4.2.24.1.13.5
1.2.1795.2.1.19.2.5
1.2.1861.18.9.37.6.4.3.16
1.2.1875.4.2.4.2
1.2.1938.10.5.12.3.3
1.2.2008.8.4.7.2.3.3
1.2.2040.2.1
1.2.2143.2.1
1.2.2326.2.1.3.1.2.1
1.2.2326.2.1.5.2.5.1.8
1.2.2367.4.2.5.1
1.2.2467.2.1.1.1.2.1.7
1.2.2496.26.13.33.1
1.2.2834.2.1.10.2.13.4.10
1.2.2838.6.3.4.1
1.2.2891.16.8.34
1.2.2897.2.1.3
1.2.2926.4.2.5.1.2.2.28.63
1.2.2951.2.1.11.1.4
1.2.3029.6.3.4.3
1.2.3029.6.3.5.1.7
1.2.3324.20.10.36.1.32.1
1.2.3326.4.2.4.3
1.2.3589.6.3.24
1.2.3595.2.1.4.2.4
1.2.3616.4.2.3
1.2.3674.2.1.21.1.3.1
1.2.3677.6.3.4.4
1.2.3679.4.2
1.2.3775.5
1.2.3811.4.2.5
1.2.3813.8.4.16.1.2.1.2
1.2.3940.12.6.15.6
1.2.4033.2.1.4.2
1.2.4165.2.1.8.3.17.15.17
1.2.4168.8.4.18
1.2.4229.2.1.1.1
1.2.4300.2.1
1.2.4411.8.4.43.2.17.3.20.23
1.2.4440.8.4.10.4.14.4
1.2.4453.14.7.20.1.4.8
1.2.4481.2.1.16.2.9.1
1.2.4559.6.3.27.5.7.1.6
1.2.4719.4.2.28.2.22
1.2.4724.14.7
1.2.4760.2.1.2.3.11.1
1.2.4978.14.7
1.2.5002.2.1.1
1.2.5052.2.1.10.6.10.1.5.25
1.2.5149.2.1.13
1.2.5267.4.2
1.2.5281.2.1.2.1
1.2.5389.2.1.10.1.31
1.2.5450.4.2
1.2.5472.2.1.2.1
1.2.5544.2.1
1.2.5748.6.3
1.2.5892.2.1.2.2
1.2.5894.2.1.1.1.9.1.9
1.2.5994.2.1.20
1.5.66.9.2.1.18.6.6.1.9
1.5.71.11.2.1
1.5.82.9.2.1
1.5.123.12.2.1.4.1.8.1.2
1.5.155.13.2.1.23.4
1.5.169.8.2.1.15.3.27.2
1.5.215.9.2.1.13.6.15.1
1.5.216.8.2.1
1.5.252.13.2.1.9.1.1.1.10
1.5.282.7.2.1.8
1.5.556.13.2.1.3.1.3.3
1.5.695.25.2.1
1.5.718.6.2.1
1.5.861.9.2.1.6.5.15
1.5.896.13.2.1.2
1.5.906.14.2.1.10
1.5.1184.13.2.1
1.5.1292.15.2.1.5.1.1.1.3
1.5.1298.8.2.1
1.5.1507.11.2.1.3.2.8.4
1.5.1531.28.2.1.19.2.5.2
1.5.1626.7.2.1.36.9.21.7.8.41
1.5.1963.28.2.1.2
1.5.2037.8.2.1.37
1.5.2219.8.2.1.16.5.11.6
1.5.2369.8.2.1.20.5.11.1.7
1.5.2511.7.2.1.13.1.5.1
1.5.2622.25.2.1.9.3.14
1.5.2707.12.2.1
1.5.2717.7.2.1.5.1
1.5.2754.8.2.1.3.1.1
1.5.2871.9.2.1.9
1.5.2927.15.2.1.1.1.3.2
1.5.2952.7.2.1.10
1.5.3048.10.2.1.2.2
1.5.3079.22.2.1.8.2.11.1
1.5.3180.6.2.1.1.1
1.5.3327.8.2.1.11
1.5.3371.8.2.1.1.1.16.5.3
1.5.3374.9.2.1.3.2.33
1.5.3557.10.2.1.6
1.5.4006.10.2.1
1.5.4109.13.2.1.3.1.4.3
1.5.4130.27.2.1.9.1.7.1
1.5.4213.8.2.1.28.8.32.1.3
1.5.4366.16.2.1.7.1.2.1.1
1.5.4810.10.2.1.8
1.5.4958.5.2.1
1.5.4986.8.2.1.10.3.15
1.5.5068.10.2.1.10.3
1.5.5166.10.2.1.38
1.5.5233.8.2.1
1.5.5250.14.2.1.7.4.12.2.6
1.5.5321.16.2.1
1.5.5373.8.2.1.30.4.3
1.5.5375.24.2.1
1.5.5469.10.2.1.3.1.10.7.21
1.5.5515.17.2.1.8
1.5.5540.15.2.1.12.3.7
1.5.5640.21.2.1
1.5.5859.16.2.1
1.5.5869.9.2.1.9.1.14
1.5.5914.15.2.1.22.3
1.5.5995.14.2.1.6.3.18.3.31
1.5.6170.15.2.1.2.9.22.9.6
1.5.6235.15.2.1.5.2.11.5
1.5.6336.6.2.1.2.4.13
1.5.6341.11.2.1.17.8.26
1.5.6375.7.2.1.3.4.11.2.19
1.5.6491.14.2.1.15
1.5.6547.10.2.1.2.4.12.6.12.23
1.5.6694.13.2.1.17.4.12.2.18
1.5.6759.5.2.1.16.3.10
1.5.6796.8.2.1.24.1
1.5.6796.8.2.1.26.2
1.5.6801.7.2.1.7.4.22
1.5.6835.13.2.1.3.1.1
1.5.6889.16.2.1.9.2
1.5.6987.18.2.1.23.4.17.9
1.5.7156.13.2.1.3.1.5.1.1
1.5.7180.14.2.1.10.11.25
1.5.7231.7.2.1.1.1.4
1.5.7286.12.2.1.4.1.8.1.2
1.5.7395.13.2.1.9.1.1.1.12
1.5.7425.7.2.1.8
1.5.7584.19.2.1.38.1.4.2
1.5.7680.8.2.1.1.1.2.1.7
1.5.7872.11.2.1.5.1.1
1.5.8007.9.2.1.6.5.15
1.5.8042.13.2.1.2
1.5.8052.14.2.1.10
1.5.8195.6.2.1.16.2.5.1
1.5.8226.8.2.1.14.3.3.1
1.5.8233.18.2.1
1.5.8269.7.2.1.1.4
1.5.8323.11.2.1.13.1
1.5.8339.13.2.1
1.5.8449.15.2.1.5.1.1.1.3
1.5.8455.8.2.1
1.5.8637.18.2.1.3.2.6.2
1.5.8637.18.2.1.6.1.7
1.5.8643.16.2.1.16.3
1.5.8668.28.2.1.19.2.5.2
1.5.8763.7.2.1.36.9.21.7.8.14
1.5.9111.28.2.1.2
1.5.9190.8.2.1.13
1.5.9374.7.2.1.7.3.8.2
1.5.9432.6.2.1.2.2.2.1.25
1.5.9513.8.2.1.20.5.11.1.7
1.5.9659.7.2.1.13.1.5.1
1.5.9749.25.2.1.9.3.14
1.5.9810.18.2.1
1.5.9876.7.2.1.11.1.12
1.5.9995.9.2.1.9
1.5.10048.18.2.1.2.2.8.3.17
1.5.10088.16.2.1.3.2.2
1.5.10170.10.2.1.2.2
1.5.10298.6.2.1
1.5.10303.6.2.1.1.1
1.5.10447.8.2.1.11
1.5.10487.8.2.1.3.12.16.5.3
1.5.10490.9.2.1.3.2.33
1.5.10658.10.2.1.9.4.20
1.5.10897.23.2.1.4.2.7.2.27.33
1.5.11080.7.2.1.9.4.42.1
1.5.11134.7.2.1.10.4
1.5.11194.7.2.1.22.3
1.5.11212.12.2.1.24.3.10.4
1.5.11261.8.2.1.18.8.31.1.3
1.5.11660.5.2.1
1.5.11729.13.2.1.4.3.6.1
1.5.11923.11.2.1.23.3.6.10
1.5.11957.12.2.1.11.3.3.2.11.6
1.5.11994.8.2.1.10.2.6
1.5.12172.10.2.1.38
1.5.12342.16.2.1
1.5.12386.8.2.1.26.5.4
1.5.12388.24.2.1
1.5.12482.10.2.1.3.1.10.7.21
1.5.12527.17.2.1.8
1.5.12552.15.2.1.12.3.7
1.5.12652.21.2.1
1.5.12874.16.2.1
1.5.12884.9.2.1.9.1.14
1.5.12925.24.2.1.6.2
1.5.13011.14.2.1.6.3.18.3.31
1.5.13062.17.2.1.2
1.5.13197.15.2.1.2.9.22.9.6
1.5.13267.15.2.1.5.2.11.5
1.5.13378.6.2.1.2.4.13
1.5.13383.11.2.1.17.8.26
1.5.13417.7.2.1.3.4.11.2.19
1.5.13539.14.2.1.12
1.5.13597.10.2.1.2.4.12.6.12.17
1.5.13627.8.2.1.13
1.5.13729.13.2.1.17.4.12.2.50
1.5.13785.10.2.1.31
1.5.13835.13.2.1.13
1.5.14010.18.2.1.20.4.13.6
1.5.14196.13.2.1.3.1.5.1.1
1.5.14218.12.2.1.2
1.5.14281.9.2.1.6.1.3
1.5.14326.19.2.1.22.1
1.5.14332.8.2.1.1.3.6.2
1.5.14356.13.2.1.23.4
1.5.14370.8.2.1.15.3.27.2
1.5.14416.9.2.1.13.6.15.1
1.5.14417.8.2.1
1.5.14453.13.2.1.9.1.1.1.10
1.5.14483.7.2.1.8
1.5.14638.19.2.1.38.1.4.2
1.5.14738.8.2.1.1.1.2.1.12
1.5.14874.25.2.1
1.5.14897.6.2.1
1.5.15043.9.2.1.6.5.15
1.5.15076.8.2.1.2.4.8.3.11
1.5.15085.9.2.1.6
1.5.15365.11.2.1.13.1
1.5.15381.13.2.1
1.5.15491.15.2.1.5.1.1.1.3
1.5.15497.8.2.1
1.5.15708.11.2.1.3.2.9.2
1.5.15734.28.2.1.19.2.5.2
1.5.15773.13.2.1.1.1.5.2.41
1.5.15790.12.2.1.4.2
1.5.15824.7.2.1.36.9.21.7.8.82
1.5.16140.6.2.1.21.7.13
1.5.16178.28.2.1.2
1.5.16256.8.2.1.39
1.5.16446.8.2.1.16.5.11.6
1.5.16515.6.2.1.2.2.2.1.29
1.5.16605.8.2.1.20.5.11.1.7
1.5.16744.7.2.1.13.1.5.1
1.5.16845.25.2.1.9.3.14
1.5.16929.12.2.1
1.5.16939.7.2.1.5.1
1.5.16979.7.2.1.11.1.12
1.5.17101.9.2.1.9
1.5.17154.18.2.1.2.2.8.3.17
1.5.17194.16.2.1.3.2.2
1.5.17269.10.2.1.2.2
1.5.17401.6.2.1
1.5.17406.6.2.1.1.1
1.5.17427.18.2.1
1.5.17535.16.2.1.10.5
1.5.17569.5.2.1.3.2.5.2
1.5.17624.8.2.1.3.4.2.2.30
1.5.17627.9.2.1.3.2.19
1.5.17770.10.2.1.7.1.13.1
1.5.17801.10.2.1.9.4.20
1.5.17820.8.2.1.1.1.1.1
1.5.17907.15.2.1
1.5.18234.10.2.1
1.5.18337.13.2.1.3.1.4.3
1.5.18373.12.2.1.24.3.10.4
1.5.18437.8.2.1.28.8.32.1.3
1.5.18526.12.2.1.16.3
1.5.18598.16.2.1.22.1.2.1.1
1.5.18861.5.2.1
1.5.18922.13.2.1.4.3.6.1
1.5.19144.12.2.1.8.2.15.8.24.46
1.5.19180.8.2.1.10.2.6
1.5.19256.9.2.1.3.2
1.5.19350.10.2.1.38
1.5.19430.6.2.1.36.6
1.5.19513.16.2.1
1.5.19557.8.2.1.26.5.4
1.5.19559.24.2.1
1.5.19649.6.2.1.17.3.6
1.5.19695.8.2.1.5.1.2.1.16
1.5.19717.15.2.1.12.3.7
1.5.19817.21.2.1
1.5.19941.8.2.1
1.5.20051.13.2.1.12
1.5.20091.24.2.1.6.2
1.5.20177.14.2.1.6.3.18.3.31
1.5.20228.17.2.1.2
1.5.20356.15.2.1.2.4.7.1.12
1.5.20422.15.2.1.5.2.19.5
1.5.20523.6.2.1.2.4.13
1.5.20528.11.2.1.17.8.26
1.5.20562.7.2.1.3.4.11.2.19
1.5.20615.18.2.1
1.5.20684.14.2.1.15
1.5.20747.10.2.1.2.4.12.6.12.17
1.5.20777.8.2.1.13
1.5.20862.13.2.1.17.4.12.2.50
1.5.20927.5.2.1.16.3.10
1.5.21002.13.2.1.3.1.1
1.5.21360.13.2.1.3.1.5.1.1
1.5.21384.14.2.1.10.11.25
1.5.21435.7.2.1.1.1.4
1.5.21487.12.2.1.4.1.8.1.2
1.5.21519.13.2.1.23.4
1.5.21596.13.2.1.9.1.1.1.7
1.5.21626.7.2.1.8
1.5.21900.13.2.1.3.1.3.3
1.5.22033.25.2.1
1.5.22071.26.2.1.4.2.2.1
1.5.22192.9.2.1.6.5.15
1.5.22225.8.2.1.2.4.8.3.11
1.5.22234.9.2.1.6
1.5.22373.16.2.1.10.6
1.5.22381.6.2.1.8.2.5.1
1.5.22412.8.2.1.14.3.3.1
1.5.22419.18.2.1
1.5.22460.7.2.1.1.4
1.5.22514.11.2.1.13.1
1.5.22530.13.2.1
1.5.22641.6.2.1.7.3.4
1.5.22869.28.2.1.18.2.5.2
1.5.22908.13.2.1.1.1.5.2.41
1.5.22925.12.2.1.4.2
1.5.23055.11.2.1.9.1.13.4
1.5.23303.28.2.1.2
1.5.23327.17.2.1.5.1
1.5.23373.8.2.1.39
1.5.23568.8.2.1.16.5.11.6
1.5.23836.7.2.1.13.1.5.1
1.5.23923.8.2.1.4.3.6.4.15
1.5.23989.18.2.1
1.5.24060.8.2.1.3.1.1
1.5.24181.9.2.1.9
1.5.24238.18.2.1.2.2.8.3.17
1.5.24278.16.2.1.3.2.2
1.5.24353.10.2.1.2.2
1.5.24483.6.2.1.1.1
1.5.24504.18.2.1
1.5.24612.16.2.1.10.5
1.5.24646.5.2.1.3.2.5.2
1.5.24818.10.2.1.7.1.13.1
1.5.24856.10.2.1.6
1.5.24970.15.2.1
1.5.25144.14.2.1.10
1.5.25149.12.2.1.27.13.25
1.5.25291.7.2.1.9.4.42.1
1.5.25384.13.2.1.3.1.4.3
1.5.25405.27.2.1.9.1.7.1
1.5.25488.18.2.1.2.6.20
1.5.25632.16.2.1.7.1.2.1.1
1.5.26073.10.2.1.8
1.5.26171.9.2.1
1.5.26208.12.2.1.11.3.3.2.11.47
1.5.26245.8.2.1.10.2.6
1.5.26317.7.2.1
1.5.26322.22.2.1.2.2.5.2.16.4
1.5.26415.10.2.1.38
1.5.26478.8.2.1
1.5.26495.14.2.1.7.4.12.2.6
1.5.26568.16.2.1
1.5.26652.14.2.1.22.4.19.1.27
1.5.26704.6.2.1.17.3.6
1.5.26710.8.2.1
1.5.26750.8.2.1.5.1.2.1.7
1.5.26772.15.2.1.12.3.7
1.5.26839.21.2.1.11.9
1.5.26864.21.2.1
1.5.27119.24.2.1.6.2
1.5.27205.14.2.1.6.3.18.3.31
1.5.27400.15.2.1.2.9.22.9.6
1.5.27470.15.2.1.5.2.11.5
1.5.27581.6.2.1.2.4.13
1.5.27586.11.2.1.17.8.26
1.5.27620.7.2.1.3.4.11.2.19
1.5.27739.14.2.1.12
1.5.27795.10.2.1.2.4.13.6.12.22
1.5.27934.13.2.1.17.4.12.2.50
1.5.27967.18.2.1.1
1.5.27987.10.2.1.31
1.5.28033.7.2.1.11.5.18.3.43
1.5.28064.13.2.1.3.1.1
1.5.28404.13.2.1.3.1.5.1.1
1.5.28428.14.2.1.10.11.25
1.5.28479.7.2.1.1.1.4
1.5.28531.12.2.1.4.1.8.1.2
1.5.28618.9.2.1.13.6.15.1
1.5.28619.8.2.1
1.5.28655.28.2.1.4
1.5.28656.19.2.1.3.1.1.1.3
1.5.28821.19.2.1.38.1.4.2
1.5.28928.6.2.1.7.1.1.1.42
1.5.29064.25.2.1
1.5.29087.6.2.1
1.5.29231.9.2.1.6.5.15
1.5.29266.13.2.1.2
1.5.29276.14.2.1.10
1.5.29674.6.2.1.11.3.6.3.4
1.5.29882.7.2.1.10
1.5.29886.11.2.1.3.2.9.2
1.5.29912.28.2.1.19.2.5.2
1.5.29951.13.2.1.1.1.5.2.41
1.5.29968.12.2.1.4.2
1.5.29995.6.2.1.7.7
1.5.30331.6.2.1.21.7.13
1.5.30369.28.2.1.2
1.5.30443.8.2.1.37
1.5.30569.10.2.1.6.1.4.1.6
1.5.30653.5.2.1.12.3.3.6
1.5.30951.7.2.1.8.1.5.1
1.5.31059.25.2.1.9.3.15
1.5.31064.7.2.1.4.8
1.5.31127.12.2.1
1.5.31137.7.2.1.5.1
1.5.31291.10.2.1.31
1.5.31346.18.2.1.2.2.8.3.17
1.5.31386.16.2.1.3.2.2
1.5.31601.6.2.1.1.1
1.5.31622.18.2.1
1.5.31726.16.2.1.10.5
1.5.31760.5.2.1.3.2.5.2
1.5.31989.10.2.1.6
1.5.32425.7.2.1.9.4.42.1
1.5.32521.13.2.1.3.1.4.3
1.5.32545.9.2.1.1.1
1.5.32623.18.2.1.2.6.20
1.5.32703.12.2.1.16.3
1.5.32775.12.2.1.2.1.32
1.5.33278.9.2.1.2.1.1.1
1.5.33340.12.2.1.8.2.15.8.24.39
1.5.33377.8.2.1.10.2.6
1.5.33457.8.2.1
1.5.33461.10.2.1.10.3
1.5.33555.10.2.1.38
1.5.33635.13.2.1.35.4.45.2.7
1.5.33706.16.2.1
1.5.33757.8.2.1.26.5.4
1.5.33759.24.2.1
1.5.33849.6.2.1.17.3.6
1.5.33855.8.2.1
1.5.33895.8.2.1.5.1.2.1.7
1.5.33917.15.2.1.12.3.7
1.5.34014.21.2.1
1.5.34234.16.2.1
1.5.34244.9.2.1.9.1.14
1.5.34289.15.2.1.22.3
1.5.34377.14.2.1.6.3.18.3.55
1.5.34425.17.2.1.2
1.5.34615.15.2.1.5.2.11.5
1.5.34726.6.2.1.2.4.13
1.5.34731.11.2.1.17.8.26
1.5.34768.39.2.1.2
1.5.34826.14.2.1.9.3.14.1.1
1.5.34841.18.2.1
1.5.34928.14.2.1.15
1.5.34988.10.2.1.2.4.31.6.12.22
1.5.35137.13.2.1.17.4.12.2.18
1.5.35198.5.2.1.16.3.10
1.5.35242.7.2.1.12.5.22
1.5.35270.13.2.1.3.1.1
1.5.35324.16.2.1.9.2
1.5.35420.18.2.1.20.4.13.6
1.5.35608.13.2.1.3.1.5.1.1
1.5.35630.12.2.1.2
1.5.35693.9.2.1.6.1.3
1.5.35738.19.2.1.22.1
1.5.35744.8.2.1.1.3.6.2
1.5.35768.13.2.1.23.4
1.5.35782.8.2.1.15.3.27.2
1.5.35828.9.2.1.13.6.15.1
1.5.35829.8.2.1
1.5.35865.28.2.1.4
1.5.35866.19.2.1.3.1.1.1.3
1.5.35889.7.2.1.8
1.5.36043.19.2.1.38.1.4.2
1.5.36134.6.2.1.7.1.1.1.24
1.5.36270.25.2.1
1.5.36308.26.2.1.4.2.2.1
1.5.36428.9.2.1.6.5.15
1.5.36463.13.2.1.2
1.5.36473.14.2.1.10
1.5.36601.16.2.1.10.6
1.5.36735.11.2.1.13.1
1.5.36751.13.2.1
1.5.36861.15.2.1.5.1.1.1.3
1.5.36867.8.2.1
1.5.37076.11.2.1.3.2.9.2
1.5.37102.28.2.1.19.2.5.2
1.5.37141.13.2.1.1.1.5.2.41
1.5.37158.12.2.1.4.2
1.5.37192.56.2.1.9.5.7.3
1.5.37213.11.2.1.1.1.3.1
1.5.37216.14.2.1.1.1.3.3
1.5.37520.28.2.1.2
1.5.37595.8.2.1.37
1.5.37941.8.2.1.20.5.11.1.7
1.5.38080.7.2.1.13.1.5.1
1.5.38170.8.2.1.4.3.6.4.15
1.5.38179.10.2.1.2
1.5.38238.18.2.1
1.5.38308.9.2.1
1.5.38374.10.2.1.1
1.5.38410.13.2.1.25.3
1.5.38415.9.2.1.37
1.5.38468.18.2.1.2.2.8.3.17
1.5.38508.16.2.1.3.2.2
1.5.38583.10.2.1.2.2
1.5.38718.6.2.1.1.1
1.5.38841.16.2.1.10.5
1.5.38875.5.2.1.3.2.5.2
1.5.38930.8.2.1.3.4.2.2.30
1.5.38933.9.2.1.3.2.19
1.5.39055.10.2.1.7.1.13.1
1.5.39086.10.2.1.9.4.20
1.5.39105.8.2.1.1.1.1.1
1.5.39522.7.2.1.9.4.42.1
1.5.39618.9.2.1
1.5.39633.7.2.1.22.3
1.5.39651.12.2.1.24.3.10.4
1.5.39700.8.2.1.18.8.31.1.3
1.5.39789.12.2.1.16.3
1.5.39861.16.2.1.7.1.2.1.1
1.5.40100.5.2.1
1.5.40325.9.2.1.2.1.1.1
1.5.40340.7.2.1.6.1
1.5.40502.9.2.1.3.2
1.5.40600.10.2.1.38
1.5.40680.13.2.1.35.4.45.2.7
1.5.40751.16.2.1
1.5.40802.8.2.1.26.5.4
1.5.40804.24.2.1
1.5.40898.10.2.1.3.1.10.7.21
1.5.40938.17.2.1.8
1.5.40963.15.2.1.12.3.7
1.5.41063.21.2.1
1.5.41176.8.2.1
1.5.41328.24.2.1.6.2
1.5.41414.14.2.1.6.3.18.3.31
1.5.41462.17.2.1.2
1.5.41531.7.2.1.17.10
1.5.41542.10.2.1.7.6.11.7
1.5.41588.15.2.1.2.9.22.9.6
1.5.41658.15.2.1.5.2.11.5
1.5.41769.6.2.1.2.4.13
1.5.41774.11.2.1.17.8.26
1.5.41811.39.2.1.2
1.5.41869.14.2.1.9.3.14.1.1
1.5.41884.18.2.1
1.5.41971.14.2.1.15
1.5.42036.10.2.1.2.4.12.6.12.20
1.5.42164.13.2.1.17.4.12.2.18
1.5.42193.18.2.1.1
1.5.42213.10.2.1.31
1.5.42263.13.2.1.13
1.5.42646.13.2.1.3.1.5.1.1
1.5.42668.12.2.1.2
1.5.42731.9.2.1.6.1.3
1.5.42744.9.2.1
1.5.42785.12.2.1.4.1.8.1.2
1.5.42817.13.2.1.23.4
1.5.42831.8.2.1.15.3.27.2
1.5.42894.13.2.1.9.1.1.1.7
1.5.42924.7.2.1.8
1.5.43209.6.2.1.7.1.1.1.33
1.5.43346.25.2.1
1.5.43369.6.2.1
1.5.43511.9.2.1.6.5.15
1.5.43546.13.2.1.2
1.5.43556.14.2.1.10
1.5.43691.16.2.1.10.6
1.5.43699.6.2.1.8.2.5.1
1.5.43730.8.2.1.14.3.3.1
1.5.43737.18.2.1
1.5.43778.7.2.1.1.4
1.5.43963.6.2.1.11.3.6.3.4
1.5.44031.23.2.1.3.2.8.3
1.5.44194.28.2.1.18.2.5.2
1.5.44289.7.2.1.36.9.21.7.8.69
1.5.44648.28.2.1.2
1.5.44727.8.2.1.13
1.5.44842.10.2.1.6.1.4.1.6
1.5.44910.8.2.1.16.5.11.6
1.5.45041.8.2.1.20.5.11.1.7
1.5.45187.7.2.1.13.1.5.1
1.5.45270.8.2.1.4.3.6.4.15
1.5.45279.10.2.1.2
1.5.45338.18.2.1
1.5.45355.12.2.1
1.5.45365.7.2.1.5.1
1.5.45405.7.2.1.11.1.12
1.5.45527.9.2.1.9
1.5.45591.15.2.1.1.1.3.2
1.5.45616.7.2.1.10
1.5.45705.10.2.1.2.2
1.5.45736.22.2.1.8.2.11.1
1.5.45837.6.2.1.1.1
1.5.45858.18.2.1
1.5.45959.16.2.1.10.5
1.5.45993.5.2.1.3.2.5.2
1.5.46042.8.2.1.1.1.16.13.14
1.5.46045.9.2.1.3.2.33
1.5.46215.10.2.1.6
1.5.46329.15.2.1
1.5.46512.14.2.1.10
1.5.46517.12.2.1.27.13.25
1.5.46664.7.2.1.9.4.41.1
1.5.46763.13.2.1.3.1.4.3
1.5.46784.7.2.1.2.2.4.1.11.2
1.5.46812.6.2.1.5.1
1.5.46883.12.2.1.7.5
1.5.46887.11.2.1.2.4.13
1.5.46975.12.2.1.16.3
1.5.47041.17.2.1.7.2.4.1
1.5.47529.8.2.1.2.2.9.7
1.5.47537.8.2.1.22.1
1.5.47574.12.2.1.11.3.3.2.11.45
1.5.47610.8.2.1.10.2.6
1.5.47691.9.2.1.9.4
1.5.47788.10.2.1.38
1.5.47870.6.2.1.6.2
1.5.47951.16.2.1
1.5.48002.8.2.1.26.5.4
1.5.48004.24.2.1
1.5.48098.10.2.1.3.1.10.7.21
1.5.48141.8.2.1.5.1.2.1.26
1.5.48163.15.2.1.12.3.7
1.5.48263.21.2.1
1.5.48466.16.2.1
1.5.48476.9.2.1.9.1.14
1.5.48517.24.2.1.6.2
1.5.48603.14.2.1.6.3.18.3.31
1.5.48784.15.2.1.2.9.22.9.6
1.5.48852.15.2.1.5.2.19.5
1.5.48963.6.2.1.2.4.13
1.5.48968.11.2.1.17.8.26
1.5.49002.7.2.1.3.4.11.2.19
1.5.49049.14.2.1.9.3.14.1.1
1.5.49064.18.2.1
1.5.49140.14.2.1.15
1.5.49196.10.2.1.2.4.12.6.12.35
1.5.49325.13.2.1.17.4.12.2.18
1.5.49354.18.2.1.1
1.5.49374.10.2.1.31
1.5.49420.7.2.1.11.5.18.3.43
1.5.49450.13.2.1.3.1.1
1.5.49813.13.2.1.3.1.5.1.1
1.5.49837.14.2.1.10.11.25
1.5.49888.7.2.1.1.1.4
1.5.49943.12.2.1.4.1.8.1.2
1.5.49975.13.2.1.23.4
1.5.50052.13.2.1.9.1.1.1.7
1.5.50082.7.2.1.8
1.5.50506.25.2.1
1.5.50529.6.2.1
1.5.50672.9.2.1.6.5.15
1.5.50707.13.2.1.2
1.5.50717.14.2.1.10
1.5.50840.16.2.1.10.6
1.5.50974.11.2.1.13.1
1.5.50990.13.2.1
1.5.51101.6.2.1.11.3.6.3.4
1.5.51295.16.2.1.4.4
1.5.51326.28.2.1.19.2.5.2
1.5.51419.6.2.1.7.3
1.5.51746.6.2.1.21.7.13
1.5.51784.28.2.1.2
1.5.51862.8.2.1.39
1.5.52052.8.2.1.16.5.11.6
1.5.52346.7.2.1.13.1.5.1
1.5.52447.25.2.1.9.3.14
1.5.52530.12.2.1
1.5.52540.7.2.1.5.1
1.5.52579.7.2.1.11.1.12
1.5.52705.9.2.1.9
1.5.52758.18.2.1.2.2.8.3.17
1.5.52798.16.2.1.3.2.2
1.5.52880.10.2.1.2.2
1.5.53019.6.2.1.1.1
1.5.53040.18.2.1
1.5.53125.16.2.1.10.5
1.5.53159.5.2.1.3.2.5.2
1.5.53223.8.2.1.5.3.6.1.4
1.5.53346.10.2.1.7.1.13.1
1.5.53377.10.2.1.9.4.20
1.5.53396.8.2.1.1.1.1.1
1.5.53812.10.2.1
1.5.53915.13.2.1.3.1.4.3
1.5.53936.7.2.1.2.2.4.1.11.2
1.5.53964.6.2.1.5.1
1.5.54102.12.2.1.16.3
1.5.54168.17.2.1.7.2.4.1
1.5.54500.13.2.1.4.3.6.1
1.5.54842.8.2.1
1.5.54846.10.2.1.10.3
1.5.54940.10.2.1.38
1.5.55025.6.2.1.6.2
1.5.55103.16.2.1
1.5.55148.8.2.1.30.4.3
1.5.55150.24.2.1
1.5.55240.6.2.1.17.3.6
1.5.55279.17.2.1.8
1.5.55310.11.2.1
1.5.55319.6.2.1
1.5.55373.21.2.1.11.9
1.5.55398.21.2.1
1.5.55622.13.2.1.12
1.5.55658.24.2.1.6.2
1.5.55744.14.2.1.6.3.18.3.31
1.5.55795.17.2.1.2
1.5.55932.15.2.1.2.4.7.1.12
1.5.55998.15.2.1.5.2.11.5
1.5.56109.6.2.1.2.4.13
1.5.56114.11.2.1.17.8.26
1.5.56148.7.2.1.3.4.11.2.19
1.5.56264.14.2.1.15
1.5.56316.10.2.1.2.4.12.6.12.23
1.5.56452.13.2.1.17.4.12.2.18
1.5.56485.18.2.1.1
1.5.56505.10.2.1.31
1.5.56551.7.2.1.11.5.18.3.43
1.5.56582.13.2.1.3.1.1
1.5.56940.13.2.1.3.1.5.1.1
1.5.56964.14.2.1.10.11.25
1.5.57015.7.2.1.1.1.4
1.5.57067.12.2.1.4.1.8.1.2
1.5.57099.13.2.1.23.4
1.5.57113.8.2.1.15.3.27.2
1.5.57154.9.2.1.13.6.15.1
1.5.57155.8.2.1
1.5.57191.13.2.1.9.1.1.1.10
1.5.57221.7.2.1.8
1.5.57375.19.2.1.38.1.4.2
1.5.57474.6.2.1.7.1.1.1.24
1.5.57611.25.2.1
1.5.57651.11.2.1.5.1.1
1.5.57766.9.2.1.6.5.15
1.5.57799.8.2.1.2.4.8.3.11
1.5.57808.9.2.1.6
1.5.57991.9.2.1.3.1.21.2
1.5.58081.11.2.1.13.1
1.5.58097.13.2.1
1.5.58211.6.2.1.11.3.6.3.4
1.5.58414.11.2.1.3.2.8.4
1.5.58544.7.2.1.36.9.21.7.8.46
1.5.58908.28.2.1.2
1.5.58983.8.2.1.39
1.5.59109.10.2.1.6.1.4.1.6
1.5.59170.8.2.1.16.5.11.6
1.5.59329.8.2.1.20.5.11.1.7
1.5.59468.7.2.1.13.1.5.1
1.5.59581.25.2.1.9.3.14
1.5.59664.12.2.1
1.5.59674.7.2.1.5.1
1.5.59711.8.2.1.3.1.1
1.5.59833.9.2.1.9
1.5.59886.18.2.1.2.2.8.3.17
1.5.59926.16.2.1.3.2.2
1.5.60001.10.2.1.2.2
1.5.60032.22.2.1.8.2.11.1
1.5.60133.6.2.1.1.1
1.5.60154.18.2.1
1.5.60249.16.2.1.10.5
1.5.60283.5.2.1.3.2.5.2
1.5.60332.8.2.1.1.1.16.13.14
1.5.60335.9.2.1.3.2.33
1.5.60502.10.2.1.6
1.5.60620.15.2.1
1.5.60961.7.2.1.9.4.42.1
1.5.61015.7.2.1.10.4
1.5.61067.27.2.1.9.1.7.1
1.5.61150.18.2.1.2.6.20
1.5.61230.12.2.1.16.3
1.5.61838.12.2.1.8.2.15.8.24.48
1.5.61875.8.2.1.10.2.6
1.5.61952.10.2.1.20.2
1.5.62055.10.2.1.38
1.5.62137.6.2.1.6.2
1.5.62218.16.2.1
1.5.62270.8.2.1.30.4.3
1.5.62272.24.2.1
1.5.62362.6.2.1.17.3.6
1.5.62401.17.2.1.8
1.5.62426.15.2.1.12.3.7
1.5.62529.21.2.1
1.5.62757.16.2.1
1.5.62767.9.2.1.9.1.14
1.5.62812.15.2.1.22.3
1.5.62870.12.2.1.2.1.21
1.5.63150.15.2.1.5.2.11.5
1.5.63261.6.2.1.2.4.13
1.5.63266.11.2.1.17.8.26
1.5.63303.39.2.1.2
1.5.63361.14.2.1.9.3.14.1.1
1.5.63376.18.2.1
1.5.63463.14.2.1.15
1.5.63521.10.2.1.2.4.12.6.12.19
1.5.63652.13.2.1.17.4.12.2.50
1.5.63717.5.2.1.16.3.10
1.5.63788.13.2.1.3.1.1
1.5.64135.13.2.1.3.1.5.1.1
1.5.64157.12.2.1.2
1.5.64220.9.2.1.6.1.3
1.5.64233.9.2.1
1.5.64274.12.2.1.4.1.8.1.2
1.5.64307.13.2.1.23.4
1.5.64321.8.2.1.15.3.27.2
1.5.64367.9.2.1.13.6.15.1
1.5.64368.8.2.1
1.5.64404.28.2.1.4
1.5.64405.19.2.1.3.1.1.1.3
1.5.64437.7.2.1.8
1.5.64603.19.2.1.38.1.4.2
1.5.64703.6.2.1.7.1.1.1.33
1.5.64834.25.2.1
1.5.64857.6.2.1
1.5.64993.9.2.1.6.5.15
1.5.65028.13.2.1.2
1.5.65038.14.2.1.10
1.5.65170.16.2.1.10.6
1.5.65185.10.2.1
1.5.65449.6.2.1.11.3.6.3.4
1.5.65699.28.2.1.19.2.5.2
1.5.65810.7.2.1.36.9.21.7.8.139
1.5.66117.6.2.1.21.7.13
1.5.66155.28.2.1.2
1.5.66229.8.2.1.39
1.5.66406.8.2.1.16.5.11.6
1.5.66690.7.2.1.13.1.5.1
1.5.66780.8.2.1.4.3.6.4.15
1.5.66871.12.2.1
1.5.66881.7.2.1.5.1
1.5.66918.8.2.1.3.1.1
1.5.67040.9.2.1.9
1.5.67122.7.2.1.10
1.5.67219.10.2.1.2.2
1.5.67250.22.2.1.8.2.11.1
1.5.67354.6.2.1.1.1
1.5.67375.18.2.1
1.5.67479.16.2.1.10.5
1.5.67513.5.2.1.3.2.5.2
1.5.67562.8.2.1.1.1.16.13.14
1.5.67565.9.2.1.3.2.33
1.5.67736.10.2.1.6
1.5.68184.7.2.1.9.4.41.1
1.5.68280.13.2.1.3.1.4.3
1.5.68301.7.2.1.2.2.4.1.11.2
1.5.68329.6.2.1.5.1
1.5.68388.8.2.1.18.8.31.1.3
1.5.68535.17.2.1.6.1.2.1.1
1.5.68768.5.2.1
1.5.68992.9.2.1.2.1.1.1
1.5.69015.8.2.1.16.1
1.5.69052.12.2.1.11.3.3.2.11.43
1.5.69089.8.2.1.10.2.6
1.5.69167.8.2.1
1.5.69171.10.2.1.10.3
1.5.69274.10.2.1.38
1.5.69337.8.2.1
1.5.69354.14.2.1.7.4.12.2.6
1.5.69425.16.2.1
1.5.69511.14.2.1.22.4.19.1.27
1.5.69567.10.2.1.3.1.10.7.21
1.5.69595.9.2.1.3.1.2.1.2
1.5.69627.15.2.1.12.3.7
1.5.69721.21.2.1
1.5.70008.15.2.1.22.3
1.5.70096.14.2.1.6.3.18.3.55
1.5.70144.17.2.1.2
1.5.70207.7.2.1.17.13
1.5.70218.10.2.1.7.6.11.7
1.5.70265.15.2.1.2.4.7.1.9
1.5.70334.15.2.1.5.2.11.5
1.5.70445.6.2.1.2.4.13
1.5.70450.11.2.1.17.8.26
1.5.70487.39.2.1.2
1.5.70545.14.2.1.9.3.14.1.1
1.5.70560.18.2.1
1.5.70647.14.2.1.15
1.5.70698.10.2.1.2.4.12.6.12.25
1.5.70827.13.2.1.17.4.12.2.50
1.5.70860.18.2.1.1
1.5.70880.10.2.1.31
1.5.70930.13.2.1.13
1.5.70959.13.2.1.3.1.1
1.5.71021.16.2.1.9.2
1.5.71306.13.2.1.3.1.5.1.1
1.5.71330.14.2.1.10.11.25
1.5.71381.7.2.1.1.1.4
1.5.71436.12.2.1.4.1.8.1.2
1.5.71468.13.2.1.23.4
1.5.71482.8.2.1.15.3.27.2
1.5.71528.9.2.1.13.6.15.1
1.5.71529.8.2.1
1.5.71866.8.2.1.1.1.2.1.21
1.5.71998.25.2.1
1.6.26.8.2.1.6
1.6.247.8.2.1.1.1.3
1.6.606.8.2.1.1.10
1.6.703.8.2.1.3.2.4
1.6.956.8.2.1.3.4
1.6.986.8.2.1.4.3.8.4
1.6.986.8.2.1.5.1
1.6.1076.8.2.1.8.3
1.6.1111.8.2.1
1.6.1179.8.2.1.7.8.24.2
1.6.1408.8.2.1.9
1.6.1448.8.2.1.11
1.6.1493.8.2.1.2.1.3.3.11
1.6.1516.8.2.1.7
1.6.1647.8.2.1.12.2.17.5
1.6.1709.8.2.1.37.3.32.5
1.6.1892.8.2.1.7.2
1.6.1943.8.2.1.3.1
1.6.2003.8.2.1
1.6.2192.8.2.1.1
1.6.2282.8.2.1
1.6.2326.8.2.1.47.2.4.2
1.6.2336.8.2.1.1
1.6.2338.8.2.1.5.2.5.2
1.6.2402.8.2.1.2.1.7
1.6.2522.8.2.1
1.6.2551.8.2.1.11.6.17.2.4
1.6.2588.8.2.1.11
1.6.2669.8.2.1.11.1.5.3
1.6.2778.8.2.1.5.1.8.3.22
1.6.2879.8.2.1.30.1
1.6.2992.8.2.1
1.6.3086.8.2.1.8.1.5
1.6.3109.8.2.1.21.1.2.3.7
1.6.3159.8.2.1.11.3.2.6.4
1.6.3202.8.2.1.14.1.2.2
1.6.3524.8.2.1.10.4.15.2.9
1.6.3635.8.2.1.7
1.6.3782.8.2.1.1.1.2.2
1.6.3832.8.2.1.38.1.10.2
1.6.3934.8.2.1.13.6
1.6.3937.8.2.1.2.1
1.6.3949.8.2.1.15.3.76.8
1.6.3963.8.2.1.8.4.11.7
1.6.4057.8.2.1.2.3.9
1.6.4341.8.2.1.1
1.6.4399.8.2.1.17.3
1.6.4477.8.2.1.3.1
1.6.4598.8.2.1.2.1.4.2.7
1.6.4613.8.2.1
1.6.4650.8.2.1.5.6
1.6.4743.8.2.1
1.6.4869.8.2.1.2.2.5.1.21
1.6.4935.8.2.1.4.2.5.2
1.6.4991.8.2.1.5.3
1.6.5151.8.2.1.2.1.2
1.6.5238.8.2.1
1.6.5348.8.2.1.8
1.6.5459.8.2.1.42
1.6.5750.8.2.1.6.1
1.6.5774.8.2.1.4
1.6.5863.8.2.1.3.1.6
1.6.5882.8.2.1.1
1.6.5908.8.2.1.17.2
1.6.6003.8.2.1.9.5.17
1.6.6033.8.2.1
1.6.6070.8.2.1
1.6.6127.8.2.1.3.2
1.6.6189.8.2.1.5.3.18
1.6.6194.8.2.1
1.6.6331.8.2.1.1
1.6.6397.8.2.1.14.4.9
1.6.6404.8.2.1.3.1.5
1.6.6437.8.2.1.5.5.3
1.6.6442.8.2.1.2.1
1.6.6512.8.2.1.21.1
1.6.6601.8.2.1.14.5.9
1.6.6672.8.2.1.11.5.13.1.16.13
1.6.6789.8.2.1.2
1.6.6842.8.2.1.7
1.6.6868.8.2.1.26.1.30
1.6.6965.8.2.1.7.5.15
1.6.7240.8.2.1.5.3
1.6.7351.8.2.1
1.6.7358.8.2.1.26.4.9.4
1.6.7395.8.2.1.2.1.2
1.6.7560.8.2.1.3.2.4.6
1.6.7650.8.2.1.1.1.3
1.6.7678.8.2.1.54.4.18
1.6.7678.8.2.1.56.1.22.2
1.6.7848.8.2.1.3.1.1.1.3
1.6.8001.8.2.1.3.3.5
1.6.8157.8.2.1.6.3.13.5
1.6.8187.8.2.1.10
1.6.8192.8.2.1.3.3
1.6.8201.8.2.1.10
1.6.8392.8.2.1.1.1.3
1.6.8617.8.2.1
1.6.8758.8.2.1
1.6.8779.8.2.1
1.6.8871.8.2.1.3.2.4
1.6.8958.8.2.1.7.1
1.6.9118.8.2.1.5.2.17
1.6.9126.8.2.1.3.4
1.6.9156.8.2.1.4.3.8.4
1.6.9156.8.2.1.5.1
1.6.9238.8.2.1.2.2
1.6.9245.8.2.1.10.3.6.2.9.9
1.6.9304.8.2.1.4.2.22.1
1.6.9616.8.2.1.9
1.6.9656.8.2.1.11
1.6.9702.8.2.1.2.1.3.3.11
1.6.9725.8.2.1.7
1.6.9796.8.2.1.3.2
1.6.9868.8.2.1.12.2.17.5
1.6.9942.8.2.1.18.3.23.5
1.6.10131.8.2.1.7.2
1.6.10236.8.2.1
1.6.10390.8.2.1.8.3.7.3.16
1.6.10422.8.2.1.1
1.6.10511.8.2.1
1.6.10555.8.2.1.47.2.4.2
1.6.10565.8.2.1.1
1.6.10567.8.2.1.5.2.5.2
1.6.10631.8.2.1.2.1.7
1.6.10752.8.2.1
1.6.10781.8.2.1.11.6.17.2.4
1.6.10819.8.2.1.11
1.6.10879.8.2.1
1.6.10884.8.2.1.22.5.9.2
1.6.11018.8.2.1.5.1.8.3.22
1.6.11103.8.2.1.3.2
1.6.11224.8.2.1
1.6.11318.8.2.1.8.1.5
1.6.11345.8.2.1.13.5.9
1.6.11388.8.2.1.6.3.4.1.3
1.6.11431.8.2.1.14.1.2.2
1.6.11519.8.2.1.29.2.16.9.30
1.6.11748.8.2.1.10.4.15.2.9
1.6.11851.8.2.1.7
1.6.11998.8.2.1.1.1.2.2
1.6.12048.8.2.1.38.1.10.2
1.6.12086.8.2.1.9.2
1.6.12125.8.2.1.7.1.2.2
1.6.12166.8.2.1.13.6
1.6.12169.8.2.1.2.1
1.6.12181.8.2.1.15.3.76.8
1.6.12277.8.2.1.1.1.17.14.39
1.6.12322.8.2.1.2.1.5.1
1.6.12366.8.2.1
1.6.12565.8.2.1.1
1.6.12624.8.2.1.17.3
1.6.12834.8.2.1.2.1.4.2.7
1.6.12849.8.2.1
1.6.12886.8.2.1.5.6
1.6.12983.8.2.1.9.1.4.2
1.6.12993.8.2.1
1.6.13110.8.2.1.2.2.5.1.21
1.6.13176.8.2.1.4.2.5.2
1.6.13366.8.2.1.21.1.2.1
1.6.13463.8.2.1
1.6.13572.8.2.1.8
1.6.13627.8.2.1
1.6.13635.8.2.1.24
1.6.13679.8.2.1.42
1.6.13933.8.2.1.9
1.6.13976.8.2.1.4
1.6.14022.8.2.1.5.5.19.1.1
1.6.14082.8.2.1.1
1.6.14108.8.2.1.17.2
1.6.14198.8.2.1.4
1.6.14203.8.2.1.2.2.33.4
1.6.14243.8.2.1
1.6.14288.8.2.1
1.6.14391.8.2.1.4.1.1.1.2
1.6.14540.8.2.1.1
1.6.14603.8.2.1.14.4.9
1.6.14610.8.2.1.3.1.5
1.6.14657.8.2.1.5.5.3
1.6.14662.8.2.1.2.1
1.6.14732.8.2.1.3.1
1.6.14801.8.2.1.3.5.7.3
1.6.14916.8.2.1.11.5.13.1.16.7
1.6.15036.8.2.1.14.4.17.5.18
1.6.15107.8.2.1.18.4.37.6.23
1.6.15153.8.2.1.8.2.6.1
1.6.15154.8.2.1.13.2.8
1.6.15167.8.2.1
1.6.15264.8.2.1
1.6.15300.8.2.1.4.2
1.6.15471.8.2.1.5.3
1.6.15582.8.2.1
1.6.15589.8.2.1.26.4.9.4
1.6.15625.8.2.1.4.1.5.1.3
1.6.15804.8.2.1.5.1.13.4
1.6.15922.8.2.1
1.6.16081.8.2.1.3.1.1.1.12
1.6.16230.8.2.1.3.3.5
1.6.16255.8.2.1
1.6.16383.8.2.1.6.3.13.5
1.6.16409.8.2.1.6
1.6.16620.8.2.1.1.1.3
1.6.16813.8.2.1.26.2.5.1
1.6.16855.8.2.1
1.6.16998.8.2.1
1.6.17004.8.2.1.1.1
1.6.17086.8.2.1.3.2.4
1.6.17171.8.2.1.13.1
1.6.17325.8.2.1.5.2.17
1.6.17329.8.2.1.7.1.1.1
1.6.17330.8.2.1
1.6.17385.8.2.1.22.3.11.4
1.6.17456.8.2.1.8.3
1.6.17509.8.2.1.4.2.22.1
1.6.17877.8.2.1.11
1.6.17925.8.2.1.2.1.3.3.11
1.6.17948.8.2.1.7
1.6.18019.8.2.1.3.2
1.6.18091.8.2.1.12.2.17.5
1.6.18146.8.2.1.37.3.32.5
1.6.18338.8.2.1.7.2
1.6.18587.8.2.1.8.3.7.3.16
1.6.18615.8.2.1.1
1.6.18727.8.2.1
1.6.18771.8.2.1.47.2.4.2
1.6.18781.8.2.1.1
1.6.18783.8.2.1.5.2.5.2
1.6.18851.8.2.1.2.1.2
1.6.18973.8.2.1
1.6.19002.8.2.1.11.6.17.2.4
1.6.19050.8.2.1.5.2.14.1.8
1.6.19246.8.2.1.5.1.8.3.22
1.6.19337.8.2.1.3.2
1.6.19449.8.2.1
1.6.19543.8.2.1.2.1.1.4.3
1.6.19548.8.2.1.2.1.3.2.2
1.6.19568.8.2.1.13.5.9
1.6.19606.8.2.1.2.1.16
1.6.19651.8.2.1.14.1.2.2
1.6.19739.8.2.1.29.2.16.9.30
1.6.19872.8.2.1.4.1
1.6.20037.8.2.1.7
1.6.20184.8.2.1.1.1.2.2
1.6.20231.8.2.1.28.1.13.2
1.6.20269.8.2.1.9.2
1.6.20343.8.2.1.6.5
1.6.20346.8.2.1.2.1
1.6.20358.8.2.1.15.3.62.8
1.6.20459.8.2.1.8
1.6.20499.8.2.1.37
1.6.20543.8.2.1
1.6.20620.8.2.1.35.9
1.6.20632.8.2.1.10.1
1.6.20828.8.2.1
1.6.20904.8.2.1.3.1
1.6.21025.8.2.1.2.1.4.2.7
1.6.21040.8.2.1
1.6.21077.8.2.1.5.6
1.6.21180.8.2.1.9.1.4.2
1.6.21286.8.2.1.2.2.5.1.21
1.6.21355.8.2.1.17.3.8.3
1.6.21373.8.2.1.1.3.7
1.6.21554.8.2.1.16.7.13.1
1.6.21563.8.2.1.9.1
1.6.21648.8.2.1
1.6.21756.8.2.1.8
1.6.21864.8.2.1.6.1.2
1.6.22115.8.2.1.9
1.6.22156.8.2.1.10
1.6.22247.8.2.1.3.3.2.1.7
1.6.22266.8.2.1.1
1.6.22292.8.2.1.17.2
1.6.22387.8.2.1.9.5.17
1.6.22417.8.2.1
1.6.22462.8.2.1
1.6.22516.8.2.1.3.2
1.6.22592.8.2.1.3.2.29.3.15
1.6.22733.8.2.1.1
1.6.22797.8.2.1.14.4.9
1.6.22804.8.2.1.3.1.5
1.6.22837.8.2.1.5.5.3
1.6.22842.8.2.1.2.1
1.6.23006.8.2.1.14.5.9
1.6.23095.8.2.1.11.5.13.1.16.8
1.6.23216.8.2.1.14.4.17.5.18
1.6.23274.8.2.1.13.6.19.2.9
1.6.23308.8.2.1.1.1
1.6.23308.8.2.1.5.1.6
1.6.23417.8.2.1
1.6.23778.8.2.1.14.8
1.6.23803.8.2.1.2
1.6.23842.8.2.1.25
1.6.23974.8.2.1.5.1.13.4
1.6.24059.8.2.1.1.1.3
1.6.24093.8.2.1.1
1.6.24261.8.2.1.3.1.1.1.3
1.6.24409.8.2.1.3.3.5
1.6.24434.8.2.1
1.6.24613.8.2.1.6
1.6.24831.8.2.1.1.1.3
1.6.25168.8.2.1
1.6.25189.8.2.1
1.6.25242.8.2.1.3.3
1.6.25274.8.2.1.3.2.4
1.6.25511.8.2.1.5.2.17
1.6.25515.8.2.1.7.1.1.1
1.6.25516.8.2.1
1.6.25633.8.2.1.8.3
1.6.25685.8.2.1.4.2.22.1
1.6.26046.8.2.1.11
1.6.26094.8.2.1.2.1.3.3.11
1.6.26117.8.2.1.7
1.6.26260.8.2.1.12.2.17.5
1.6.26322.8.2.1.37.3.33.5
1.6.26496.8.2.1.7.2
1.6.26547.8.2.1.3.1
1.6.26607.8.2.1
1.6.26780.8.2.1.5.2
1.6.26947.8.2.1.4.1.1
1.6.27030.8.2.1.2.1.2
1.6.27100.8.2.1.3.1.1.1.13
1.6.27151.8.2.1
1.6.27180.8.2.1.11.6.17.2.4
1.6.27228.8.2.1.5.2.14.1.8
1.6.27423.8.2.1.5.1.8.3.22
1.6.27514.8.2.1.3.2
1.6.27577.8.2.1
1.6.27635.8.2.1
1.6.27724.8.2.1.2.1.1.4.3
1.6.27729.8.2.1.2.1.3.2.2
1.6.27745.8.2.1.27.1.2.3.7
1.6.27792.8.2.1.17.1.24
1.6.27842.8.2.1.1.2.24.1
1.6.28184.8.2.1.10.4.15.2.9
1.6.28299.8.2.1.7
1.6.28446.8.2.1.1.1.2.2
1.6.28500.8.2.1.4.1.6.4
1.6.28597.8.2.1.13.6
1.6.28600.8.2.1.2.1
1.6.28612.8.2.1.15.3.76.8
1.6.28626.8.2.1.8.4.11.7
1.6.28719.8.2.1.1.1.17.16.39
1.6.28826.8.2.1
1.6.29099.8.2.1.12.2.2.4
1.6.29160.8.2.1.3.1
1.6.29180.8.2.1.9.1.3.1
1.6.29346.8.2.1.12.1.16.1.14.3
1.6.29367.8.2.1.6.2.4.6
1.6.29396.8.2.1
1.6.29482.8.2.1
1.6.29495.8.2.1
1.6.29598.8.2.1.2.2.5.1.21
1.6.29664.8.2.1.4.2.5.2
1.6.29862.8.2.1.16.7.13.1
1.6.29871.8.2.1.9.1
1.6.29956.8.2.1
1.6.30065.8.2.1.8
1.6.30120.8.2.1
1.6.30128.8.2.1.24
1.6.30163.8.2.1.6.1.2
1.6.30463.8.2.1.4
1.6.30558.8.2.1.1
1.6.30584.8.2.1.17.2
1.6.30674.8.2.1.4
1.6.30751.8.2.1
1.6.30808.8.2.1.3.2
1.6.30860.8.2.1
1.6.30875.8.2.1.3.1.1
1.6.31009.8.2.1.1
1.6.31073.8.2.1.14.4.9
1.6.31080.8.2.1.3.1.5
1.6.31127.8.2.1.5.5.3
1.6.31132.8.2.1.2.1
1.6.31292.8.2.1.14.5.9
1.6.31364.8.2.1.3
1.6.31474.8.2.1.4.4.17.2.18
1.6.31528.8.2.1.7
1.6.31599.8.2.1.1.1
1.6.31718.8.2.1
1.6.31881.8.2.1.14.5.12.4
1.6.32025.8.2.1
1.6.32032.8.2.1.26.4.9.4
1.6.32069.8.2.1.2.1.2
1.6.32234.8.2.1.3.2.4.6
1.6.32324.8.2.1.1.1.3
1.6.32351.8.2.1.11.6.16
1.6.32680.8.2.1.21
1.6.32704.8.2.1
1.6.32837.8.2.1.6.3.13.5
1.6.32863.8.2.1.6
1.6.33058.8.2.1.1.1.3
1.6.33281.8.2.1
1.6.33422.8.2.1
1.6.33427.8.2.1.7.2.2.2
1.6.33535.8.2.1.3.2.4
1.6.33769.8.2.1.4.3.5.1
1.6.33891.8.2.1.8.3
1.6.33998.8.2.1.7.10.17.2
1.6.34242.8.2.1.9
1.6.34282.8.2.1.11
1.6.34330.8.2.1.2.1.3.3.11
1.6.34353.8.2.1.7
1.6.34485.8.2.1.4
1.6.34496.8.2.1.12.2.17.5
1.6.34555.8.2.1.37.3.32.5
1.6.34722.8.2.1.7.2
1.6.34841.8.2.1.3.1.21
1.6.34978.8.2.1.5.2
1.6.35013.8.2.1.1
1.6.35100.8.2.1
1.6.35144.8.2.1.47.2.4.2
1.6.35154.8.2.1.1
1.6.35156.8.2.1.5.2.5.2
1.6.35223.8.2.1.2.1.7
1.6.35344.8.2.1
1.6.35373.8.2.1.11.6.17.2.4
1.6.35421.8.2.1.5.2.14.1.8
1.6.35577.8.2.1.2.4
1.6.35617.8.2.1.5.1.8.3.20
1.6.35687.8.2.1.3.1.2.5.2
1.6.35715.8.2.1.3.2
1.6.35779.8.2.1
1.6.35860.8.2.1
1.6.35868.8.2.1
1.6.35933.8.2.1.2.2.9.1.2
1.6.35935.8.2.1.2.2.4.3.10
1.6.35952.8.2.1.13.5.9
1.6.35990.8.2.1.2.1.16
1.6.36036.8.2.1
1.6.36250.8.2.1.4.1
1.6.36336.8.2.1.10.4.15.2.9
1.6.36447.8.2.1.7
1.6.36594.8.2.1.1.1.2.2
1.6.36644.8.2.1.38.1.10.2
1.6.36682.8.2.1.9.2
1.6.36722.8.2.1.7.1.2.2
1.6.36758.8.2.1.13.6
1.6.36761.8.2.1.2.1
1.6.36773.8.2.1.15.3.76.8
1.6.36787.8.2.1.8.4.11.7
1.6.36878.8.2.1.1.1.17.14.39
1.6.36934.8.2.1.2.1.5.1
1.6.36978.8.2.1
1.6.37177.8.2.1.1
1.6.37246.8.2.1.17.3
1.6.37323.8.2.1.3.1
1.6.37422.8.2.1.5.3
1.6.37497.8.2.1.12.1.18.1.7.8
1.6.37518.8.2.1.6.2.4.6
1.6.37547.8.2.1
1.6.37622.8.2.1
1.6.37635.8.2.1
1.6.37823.8.2.1.17.3.8.3
1.6.37841.8.2.1.1.3.7
1.6.38038.8.2.1.9.1
1.6.38123.8.2.1
1.6.38229.8.2.1.8
1.6.38335.8.2.1.42
1.6.38644.8.2.1.4
1.6.38721.8.2.1.26
1.6.38737.8.2.1.1
1.6.38763.8.2.1.17.2
1.6.38778.8.2.1.8.1
1.6.38856.8.2.1.9.5.17
1.6.38927.8.2.1
1.6.38981.8.2.1.3.2
1.6.39052.8.2.1.3.1.1
1.6.39206.8.2.1.22.1.60.6.18
1.6.39272.8.2.1.16
1.6.39277.8.2.1.26.3.5
1.6.39312.8.2.1.5.5.3
1.6.39317.8.2.1.2.1
1.6.39453.8.2.1.3.5.7.3
1.6.39712.8.2.1.14.4.17.5.18
1.6.39748.8.2.1.2.1.1
1.6.39774.8.2.1.6
1.6.39821.8.2.1.1.1
1.6.39821.8.2.1.5.1.6
1.6.39939.8.2.1
1.6.40122.8.2.1.14.5.12.4
1.6.40278.8.2.1.14.8
1.6.40304.8.2.1.4.1.5.1.3
1.6.40472.8.2.1.3.2.4.6
1.6.40562.8.2.1.1.1.3
1.6.40596.8.2.1.1
1.6.40757.8.2.1.3.1.1.1.3
1.6.40910.8.2.1.3.3.5
1.6.40935.8.2.1
1.6.41116.8.2.1.6
1.6.41343.8.2.1.1.1.3
1.6.41572.8.2.1
1.6.41695.8.2.1
1.6.41701.8.2.1.1.1
1.6.41802.8.2.1.3.2.4
1.6.41885.8.2.1.7.1
1.6.42050.8.2.1
1.6.42074.8.2.1.1.1.11.1
1.6.42130.8.2.1
1.6.42173.8.2.1.8.3
1.6.42249.8.2.1.17.2.7.1
1.6.42283.8.2.1.7.6.5.2
1.6.42593.8.2.1.11
1.6.42653.8.2.1.2.1.3.3.11
1.6.42676.8.2.1.7
1.6.42753.8.2.1.15.1
1.6.42815.8.2.1.4
1.6.42826.8.2.1.12.2.16.5
1.6.42897.8.2.1.34.3.32.5
1.6.43068.8.2.1.7.2
1.6.43176.8.2.1
1.6.43344.8.2.1.8.3.7.3.16
1.6.43391.8.2.1.19.5.24
1.6.43504.8.2.1.7.1.4.4
1.6.43515.8.2.1.17.1.9.6.48
1.6.43592.8.2.1.2.1.7
1.6.43662.8.2.1.3.1.1.1.13
1.6.43715.8.2.1
1.6.43744.8.2.1.11.6.17.2.4
1.6.43792.8.2.1.5.2.14.1.8
1.6.43989.8.2.1.5.1.8.3.22
1.6.44074.8.2.1.3.2
1.6.44204.8.2.1
1.6.44212.8.2.1
1.6.44279.8.2.1.8.1.5
1.6.44306.8.2.1.13.5.9
1.6.44344.8.2.1.2.1.16
1.6.44389.8.2.1.14.1.2.2
1.6.44433.8.2.1.3.3.49.1
1.6.44716.8.2.1.10.4.15.2.9
1.6.44819.8.2.1.7
1.6.45039.8.2.1.9.2
1.6.45135.8.2.1.6.5
1.6.45138.8.2.1.2.1
1.6.45150.8.2.1.15.3.62.8
1.6.45164.8.2.1.8.4.11.7
1.6.45249.8.2.1.1.1.17.7.19
1.6.45305.8.2.1.2.1.5.1
1.6.45351.8.2.1
1.6.45535.8.2.1.1
1.6.45594.8.2.1.12.2.2.3
1.6.45659.8.2.1.3.1
1.6.45735.8.2.1.5.3
1.6.45808.8.2.1.12.1.18.1.7.8
1.6.45829.8.2.1.6.2.4.6
1.6.45858.8.2.1
1.6.45951.8.2.1
1.6.45964.8.2.1
1.6.46067.8.2.1.2.2.5.1.21
1.6.46136.8.2.1.17.3.7.3
1.6.46344.8.2.1.9.1
1.6.46516.8.2.1.8
1.6.46571.8.2.1
1.6.46579.8.2.1.24
1.6.46623.8.2.1.42
1.6.46744.8.2.1.18.8.14.5
1.6.46916.8.2.1.10
1.6.47001.8.2.1.3.3.2.1.7
1.6.47020.8.2.1.1
1.6.47046.8.2.1.17.2
1.6.47141.8.2.1.9.5.17
1.6.47212.8.2.1
1.6.47272.8.2.1.3.2
1.6.47339.8.2.1.3.1.1
1.6.47483.8.2.1.1
1.6.47546.8.2.1.16
1.6.47551.8.2.1.26.3.5
1.6.47586.8.2.1.5.5.3
1.6.47591.8.2.1.2.1
1.6.47727.8.2.1.3.5.7.3
1.6.47817.8.2.1.2.3.9.2
1.6.47842.8.2.1
1.6.47939.8.2.1.14.4.17.5.18
1.6.47975.8.2.1.2.1.1
1.6.48001.8.2.1.6
1.6.48048.8.2.1.1.1
1.6.48353.8.2.1.14.5.12.4
1.6.48486.8.2.1
1.6.48493.8.2.1.26.4.9.4
1.6.48530.8.2.1.2.1.2
1.6.48706.8.2.1.5.1.13.4
1.6.48791.8.2.1.1.1.3
1.6.48818.8.2.1.11.6.16
1.6.48965.8.2.1.3.1.1.1.3
1.6.49126.8.2.1
1.6.49256.8.2.1.6.3.13.5
1.6.49286.8.2.1.10
1.6.49291.8.2.1.3.3
1.6.49298.8.2.1.7.1
1.6.49511.8.2.1.1.1.3
1.6.49797.8.2.1.1.2
1.6.49885.8.2.1
1.6.49906.8.2.1
1.6.49981.8.2.1.3.2.4
1.6.50212.8.2.1.5.2.17
1.6.50216.8.2.1.7.1.1.1
1.6.50217.8.2.1
1.6.50343.8.2.1.8.3
1.6.50396.8.2.1.4.2.22.1
1.6.50432.8.2.1.17.2.7.1
1.6.50462.8.2.1.7.10.17.2
1.6.50706.8.2.1.9
1.6.50746.8.2.1.11
1.6.50819.8.2.1.4.4.16
1.6.50842.8.2.1.2.2.18
1.6.50876.8.2.1.3.2
1.6.50948.8.2.1.12.2.17.5
1.6.51007.8.2.1.37.3.32.5
1.6.51185.8.2.1.7.2
1.6.51290.8.2.1
1.6.51472.8.2.1.1
1.6.51573.8.2.1
1.6.51617.8.2.1.47.2.4.2
1.6.51627.8.2.1.1
1.6.51629.8.2.1.5.2.5.2
1.6.51694.8.2.1.5
1.6.51769.8.2.1.3.1.1.1.13
1.6.51820.8.2.1
1.6.51849.8.2.1.11.6.17.2.4
1.6.51887.8.2.1.11
1.6.51968.8.2.1.11.1.5.3
1.6.52077.8.2.1.5.1.8.3.22
1.6.52168.8.2.1.3.2
1.6.52296.8.2.1
1.6.52304.8.2.1
1.6.52371.8.2.1.8.1.5
1.6.52398.8.2.1.13.5.9
1.6.52441.8.2.1.6.3.4.1.3
1.6.52490.8.2.1.1.2.24.1
1.6.52572.8.2.1.29.2.16.9.30
1.6.52709.8.2.1.4.1
1.6.52794.8.2.1.10.4.15.2.9
1.6.52904.8.2.1.7
1.6.53082.8.2.1.1.1.20.5
1.6.53157.8.2.1.7.1.2.2
1.6.53198.8.2.1.13.6
1.6.53201.8.2.1.2.1
1.6.53213.8.2.1.15.3.76.8
1.6.53227.8.2.1.8.4.11.7
1.6.53319.8.2.1.34.1.9
1.6.53369.8.2.1.2.1.5.1
1.6.53413.8.2.1
1.6.53685.8.2.1.17.3
1.6.53701.8.2.1
1.6.53771.8.2.1.3.1
1.6.53876.8.2.1.5.3
1.6.53949.8.2.1.12.1.18.1.7.8
1.6.53970.8.2.1.6.2.4.6
1.6.53999.8.2.1
1.6.54087.8.2.1
1.6.54101.8.2.1
1.6.54291.8.2.1.17.3.8.3
1.6.54309.8.2.1.1.3.7
1.6.54476.8.2.1.16.7.13.1
1.6.54485.8.2.1.9.1
1.6.54651.8.2.1.8
1.6.54755.8.2.1.6.1.2
1.6.55018.8.2.1.9
1.6.55059.8.2.1.10
1.6.55144.8.2.1.3.3.2.1.7
1.6.55192.8.2.1.17.2
1.6.55282.8.2.1.4
1.6.55401.8.2.1.3.2
1.6.55469.8.2.1.4.1.1.1.2
1.6.55626.8.2.1.1
1.6.55689.8.2.1.14.4.9
1.6.55696.8.2.1.3.1.5
1.6.55729.8.2.1.5.5.3
1.6.55734.8.2.1.2.1
1.6.55805.8.2.1.26.1
1.6.55983.8.2.1.3
1.6.56101.8.2.1.14.4.17.5.18
1.6.56173.8.2.1.21.7.44
1.6.56216.8.2.1.6.2.28.1
1.6.56223.8.2.1.11
1.6.56266.8.2.1.7.5.15
1.6.56475.8.2.1.3.2
1.6.56505.8.2.1.14.5.12.4
1.6.56664.8.2.1.14.8
1.6.56690.8.2.1.4.1.5.1.3
1.6.56861.8.2.1.5.1.13.5
1.6.56946.8.2.1.1.1.3
1.6.56979.8.2.1.7.1
1.6.56999.8.2.1
1.6.57175.8.2.1.3.1.1.1.3
1.6.57321.8.2.1.3.3.5
1.6.57481.8.2.1.6.3.13.5
1.6.57511.8.2.1.10
1.6.57516.8.2.1.3.3
1.6.57525.8.2.1.10
1.6.57721.8.2.1.1.1.3
1.6.57950.8.2.1
1.6.58091.8.2.1
1.6.58112.8.2.1
1.6.58185.8.2.1.4.2
1.6.58417.8.2.1.5.2.53
1.6.58421.8.2.1.7.1.1.1
1.6.58422.8.2.1
