1.1.1.17.15.2.5.7.15.7
1.1.1.55.35.2
1.1.1.83.5.1
1.1.1.184.19.1.25.7
1.1.1.192.12.1.4.5
1.1.1.202.5.1.2.1
1.1.1.264.5.1
1.1.1.390.5.1.2.6.13.1.3
1.1.1.467.5.1
1.1.1.505.9.1.39.13
1.1.1.515.5.1.13.3.9.2
1.1.1.563.11.1.9
1.1.1.572.5.1.15.1
1.1.1.654.5.1.1.6.22.3
1.1.1.670.17.2.8
1.1.1.747.5.1.3.5.27.10
1.1.1.764.23.2
1.1.1.843.10.4.12.5
1.1.1.878.9.1.5.11
1.1.1.942.5.1.5.1.5.5.29
1.1.1.1018.5.1
1.1.1.1099.5.1
1.1.1.1126.12.2.4.1
1.1.1.1199.3
1.1.1.1217.5.1.6.3.41
1.1.1.1250.5.1.10.1
1.1.1.1349.21.3
1.1.1.1376.29.1.14.4
1.1.1.1387.18.2.8.1.1
1.1.1.1390.29.3.9
1.1.1.1400.5.1.3
1.1.1.1409.5.1
1.1.1.1412.13.3.5.2
1.1.1.1412.13.3.7.1
1.1.1.1421.5.1.4.4.11.3.1
1.1.1.1421.5.1.5.1.7
1.1.1.1439.9.2.12
1.1.1.1448.24.1.14
1.1.1.1572.5.1.6.4
1.1.1.1594.10.1.5.7
1.1.1.1649.5.1
1.1.1.1666.5.1.7
1.1.1.1749.8.1.6
1.1.1.1770.5.1.1.1.23
1.1.1.1772.5.1.4.4.30.3.33
1.1.1.1783.36.3
1.1.1.1912.19.4.8
1.1.1.1929.11.1.4
1.1.1.1963.11.3.4.2
1.1.1.2050.3
1.1.1.2111.15
1.1.1.2137.5.1
1.1.1.2145.5.1.15.1
1.1.1.2315.5.1
1.1.1.2377.3
1.1.1.2496.5.1.3
1.1.1.2572.14.2.12.21.14.2.6.36
1.1.1.2593.8.2.8.5
1.1.1.2688.13.1.4
1.1.1.2818.15.2
1.1.1.2847.27.2.6.4.23.5
1.1.1.2946.13.2.14.9.7
1.1.1.3024.15.1.14.20
1.1.1.3058.5.1.14.4.33.3.30
1.1.1.3089.33.3.4.4
1.1.1.3163.5.1.1
1.1.1.3226.6
1.1.1.3239.8.2.8.5.19
1.1.1.3297.42.2.7.4
1.1.2.3471.50.2.14.25
1.1.2.3551.5.1
1.1.2.3561.5.1.16.2
1.1.2.3603.5.1.15.5
1.1.2.3604.14.2.22.7
1.1.2.3645.12.2.4.1
1.1.2.3648.5.1.2.4.5.2.11
1.1.2.3652.10.1.10.9
1.1.2.3829.35.1.42.10.17
1.1.2.3836.5.1.2.4.11.1.1
1.1.2.3912.8.2.4
1.1.2.3925.5.1.1
1.1.2.3968.9.1.6
1.1.2.3973.8.1.24.2
1.1.2.3975.5.1.29.6.5.2.4
1.1.2.3983.5.1.2.1.27
1.1.2.4012.5.1.4.4.18.1.7
1.1.2.4035.18.2.24.3.10.3
1.1.2.4092.14.2
1.1.2.4110.5.1
1.1.2.4202.5.1
1.1.2.4216.18.2.8.1.1.3
1.1.2.4259.26.3.27.1.13.1
1.1.2.4298.5.1
1.1.2.4299.5.1
1.1.2.4308.5.1.5.3.19.1
1.1.2.4329.22.2.7.8.6.3
1.1.2.4359.5.1
1.1.2.4478.12.1.8
1.1.2.4500.10.1.4
1.1.2.4504.10.1.26.18
1.1.2.4523.5.1
1.1.2.4557.5.1
1.1.2.4629.14.2.6.3
1.1.2.4654.5.1.31.11.12
1.1.2.4701.5.1.1.5.4.1.17
1.1.2.4704.15.2
1.1.2.4790.5.1
1.1.2.4818.5.1.1
1.1.2.4883.5.1.4.2.5.2
1.1.2.4898.12.1.7.15
1.1.2.5042.40.1.34.15.19.4
1.1.2.5048.22.2.30.17
1.1.2.5166.9.1.7.2
1.1.2.5233.32.1.4
1.1.2.5245.5.1.2.1.4.1
1.1.2.5429.35.2
1.1.2.5457.5.1
1.1.2.5527.5.1.3.3.11.1
1.1.2.5555.3
1.1.2.5628.5.1
1.1.2.5720.14.2.23.9.4.2.2.14
1.1.2.5790.5.1.2.6.13.1.3
1.1.2.5832.5.1.2.2.29.2.7
1.1.2.5896.33.2.13.10.10
1.1.2.5906.5.1.13.3.9.2
1.1.2.5954.11.1.9
1.1.2.5963.5.1.15.1
1.1.2.6060.17.2.8
1.1.2.6224.5.1.39.1
1.1.2.6275.5.1.20.1.19
1.1.2.6326.5.1.5.1.5.4.9
1.1.2.6497.5.1
1.1.2.6516.8.1.13.4
1.1.2.6591.3
1.1.2.6609.5.1.6.3.40
1.1.2.6685.28.2.12.1.3.3
1.1.2.6694.14.2.7.3.4
1.1.2.6700.3
1.1.2.6764.11.3.15.5
1.1.2.6779.5.1.2.2.22.7.11
1.1.2.6790.5.1
1.1.2.6793.13.3.5.2
1.1.2.6793.13.3.7.1
1.1.2.6802.14.1.16
1.1.2.6941.5.1.6.4
1.1.2.6963.10.1.5.7
1.1.2.7019.5.1.5.1.1.1
1.1.2.7133.8.1.6
1.1.2.7154.5.1.1.1.23
1.1.2.7156.5.1.4.4.30.3.33
1.1.2.7167.46.3
1.1.2.7350.11.3.4.2
1.1.2.7437.3
1.1.2.7525.5.1
1.1.2.7533.5.1.15.1
1.1.2.7685.5.1.2.2
1.1.2.7728.5.1
1.1.2.7729.5.1.2.5.14.1.45
1.1.2.7776.3
1.1.2.7893.5.1.3
1.1.2.7991.8.2.8.5
1.1.2.8040.10.2.4
1.1.2.8091.13.1.4
1.1.2.8156.16.2.21.8.1.2
1.1.2.8210.15.2
1.1.2.8239.27.2.6.4.23.5
1.1.2.8340.13.2.14.9.7
1.1.2.8418.15.1.14.20
1.1.2.8452.5.1.14.4.33.3.30
1.1.2.8483.33.3.4.4
1.1.2.8557.5.1.1
1.1.2.8612.14.5.9.21
1.1.2.8632.16.2.5
1.1.2.8701.8.3.4.2
1.1.2.8707.14.1.14
1.1.2.8721.17.1.6
1.1.2.8874.50.2.14.25
1.1.2.8957.5.1
1.1.2.8967.5.1.16.2
1.1.2.9009.5.1.15.5
1.1.2.9010.14.2.22.7
1.1.2.9035.10.2.8.11
1.1.2.9071.5.1.28.18.20.2.22
1.1.2.9071.5.1.30.20.27
1.1.2.9079.13.2.21.14
1.1.2.9252.35.1.42.10.47
1.1.2.9259.5.1.2.4.11.1.1
1.1.2.9272.5.1.4.1
1.1.2.9381.14.2.8
1.1.2.9392.9.1.6
1.1.2.9397.8.1.24.2
1.1.2.9399.5.1.29.6.5.2.4
1.1.2.9407.5.1.2.1.27
1.1.2.9435.5.1.4.4.18.1.7
1.1.2.9527.14.2
1.1.2.9545.5.1
1.1.2.9634.14.2.10.6
1.1.2.9686.26.3.27.1.13.1
1.1.2.9718.12.1.4
1.1.2.9727.5.1.2.2
1.1.2.9737.5.1.5.3.26.1
1.1.2.9935.5.1.2
1.1.2.10006.5.1
1.1.2.10103.5.1.7.5.21
1.1.2.10154.52.2.36.19.19.4.16
1.1.2.10264.5.1
1.1.2.10292.5.1.1
1.1.2.10362.5.1.4.2.5.2
1.1.2.10376.31.4.7.1.23
1.1.2.10464.14.1.11.8
1.1.2.10527.17.1.30.10.1.1
1.1.2.10533.22.2.30.17
1.1.2.10646.9.1.7.2
1.1.2.10721.5.1.2.1.4.1
1.1.2.10828.3
1.1.2.10923.11.1.4
1.1.2.11049.19.1.25.7
1.1.2.11057.12.1.4.5
1.1.2.11067.5.1.2.1
1.1.2.11123.5.1
1.1.2.11348.5.1
1.1.2.11384.33.2.13.10.10
1.1.2.11394.5.1.13.3.9.2
1.1.2.11442.11.1.9
1.1.2.11451.5.1.15.1
1.1.2.11540.5.1.1.6.22.3
1.1.2.11556.17.2.8
1.1.2.11633.5.1.3.5.27.10
1.1.2.11649.15.2.10.2.34.5.3
1.1.2.11717.5.1.6.1.2
1.1.2.11752.5.1.20.1.17
1.1.2.11796.40.1.10.17.6
1.1.2.11861.5.1
1.1.2.11946.5.1
1.1.2.12022.5.1.4.1
1.1.2.12043.3
1.1.2.12061.5.1.6.3.40
1.1.2.12135.28.2.12.1.3.3
1.1.2.12144.14.2.7.3.4
1.1.2.12150.3
1.1.2.12188.21.3
1.1.2.12218.5.1.7.3.12
1.1.2.12224.5.1.2.6.12
1.1.2.12234.5.1.3.3.5
1.1.2.12239.6
1.1.2.12244.5.1.2
1.1.2.12245.5.1.6.3
1.1.2.12253.9.1.4.3
1.1.2.12254.19.1.12.9
1.1.2.12300.5.1.24.12.11
1.1.2.12402.5.1.6.4
1.1.2.12423.10.1.5.7
1.1.2.12477.5.1
1.1.2.12490.14.2.8.1
1.1.2.12494.10.1.13.8
1.1.2.12582.8.1.6
1.1.2.12603.5.1.1.1.23
1.1.2.12605.5.1.4.4.30.3.33
1.1.2.12616.46.3
1.1.2.12772.14.2.7.8.6.4
1.1.2.12794.11.3.4.2
1.1.2.12845.10.1.21.6.1
1.1.2.12855.11.1.26
1.1.2.12873.5.1.1
1.1.2.12945.5.1
1.1.2.12953.5.1.15.1
1.1.2.13148.5.1.2.3.5.2.6
1.1.2.13316.5.1.3
1.1.2.13340.6
1.1.2.13468.13.1.4
1.1.2.13486.9.3.24.8
1.1.2.13597.15.2
1.1.2.13627.27.2.6.4.23.5
1.1.2.13710.5.1.10
1.1.2.13732.18.2
1.1.2.13816.15.1.14.20
1.1.2.13850.5.1.14.4.33.3.30
1.1.2.13881.33.3.4.4
1.1.2.13955.5.1.1
1.1.2.14065.3
1.1.2.14259.50.2.14.25
1.1.2.14340.5.1
1.1.2.14350.5.1.16.2
1.1.2.14387.37.4
1.1.2.14388.48.2.16.2
1.1.2.14423.10.2.8.11
1.1.2.14461.5.1.1.25.17
1.1.2.14462.5.1.2.2.31
1.1.2.14467.10.1.10.9
1.1.2.14566.26.1.11.3
1.1.2.14646.35.1.42.10.17
1.1.2.14653.5.1.2.4.11.1.1
1.1.2.14750.14.2.8
1.1.2.14761.9.1.6
1.1.2.14766.8.1.24.2
1.1.2.14768.5.1.29.6.5.2.4
1.1.2.14776.5.1.2.1.27
1.1.2.14805.5.1.4.4.18.1.7
1.1.2.15015.14.2.10.6
1.1.2.15109.5.1
1.1.2.15110.5.1
1.1.2.15119.5.1.5.3.19.1
1.1.3.15319.5.1.2
1.1.3.15382.5.1
1.1.3.15436.10.3.12
1.1.3.15485.5.1.7.5.21
1.1.3.15533.52.2.36.19.19.4.16
1.1.3.15671.5.1.5
1.1.3.15681.13.1.10.3
1.1.3.15751.12.1.7.15
1.1.3.15827.9.2.4.1
1.1.3.15839.11.2.11
1.1.3.16013.9.1.7.2
1.1.3.16237.24.3
1.1.3.16285.5.1
1.1.3.16386.19.1.25.7
1.1.3.16394.12.1.4.5
1.1.3.16404.5.1.2.1
1.1.3.16543.15.2.12.4.12.2
1.1.3.16617.5.1.2.6.4.1.3
1.1.3.16711.6
1.1.3.16717.20.2.4.9
1.1.3.16900.57.2.24.1.10
1.1.3.16908.13.2.6.3.15.3.41
1.1.3.16960.5.1.3.5.27.10
1.1.3.16977.23.2
1.1.3.17037.5.1.6.1.2
1.1.3.17082.9.1.5.11
1.1.3.17131.5.1.5.1.5.5.18
1.1.3.17247.5.1
1.1.3.17305.8.1.13.4
1.1.3.17380.3
1.1.3.17478.28.2.12.1.3.3
1.1.3.17487.14.2.7.3.4
1.1.3.17493.3
1.1.3.17529.21.3
1.1.3.17563.5.1.7.3.12
1.1.3.17573.5.1.1.8.6.3.8
1.1.3.17587.5.1.3
1.1.3.17596.5.1
1.1.3.17599.13.3.5.2
1.1.3.17599.13.3.7.1
1.1.3.17608.5.1.5.1.7
1.1.3.17626.9.2.12
1.1.3.17635.24.1.14
1.1.3.17765.5.1.6.4
1.1.3.17783.10.1.5.7
1.1.3.17834.5.1
1.1.3.17853.5.1.2.3.6.2
1.1.3.17859.5.1.1.6.8
1.1.3.17938.8.1.6
1.1.3.17959.5.1.1.1.23
1.1.3.17961.5.1.4.4.30.3.33
1.1.3.17972.46.3
1.1.3.18139.15.3.12.11.9.1
1.1.3.18149.15
1.1.3.18170.11.3.4.2
1.1.3.18267.29.2.12.8
1.1.3.18345.5.1
1.1.3.18353.5.1.15.1
1.1.3.18523.5.1
1.1.3.18545.5.1
1.1.3.18546.5.1.2.5.14.1.48
1.1.3.18593.3
1.1.3.18699.13.1.6
1.1.3.18721.22.3.21.10
1.1.3.18750.6
1.1.3.18886.13.1.4
1.1.3.18964.3
1.1.3.19016.15.2
1.1.3.19046.27.2.6.4.23.5
1.1.3.19125.14.2.6.1.8
1.1.3.19146.18.2
1.1.3.19221.15.1.14.20
1.1.3.19255.5.1.14.4.33.3.30
1.1.3.19286.33.3.4.4
1.1.3.19360.5.1.1
1.1.3.19430.5.1.7.4
1.1.3.19522.8.3.4.2
1.1.3.19528.14.1.14
1.1.3.19698.50.2.14.25
1.1.3.19786.5.1
1.1.3.19796.5.1.16.2
1.1.3.19838.5.1.15.5
1.1.3.19839.14.2.22.7
1.1.3.19864.10.2.8.11
1.1.3.19897.5.1.1.25.12
1.1.3.19898.5.1.2.2.26
1.1.3.19903.10.1.10.9
1.1.3.20077.35.1.42.10.47
1.1.3.20084.5.1.2.4.11.1.1
1.1.3.20150.8.2.4
1.1.3.20180.14.2.8
1.1.3.20191.9.1.6
1.1.3.20196.8.1.24.2
1.1.3.20198.5.1.29.6.5.2.4
1.1.3.20206.5.1.2.1.27
1.1.3.20216.5.1.5.1.3.3
1.1.3.20240.5.1.5
1.1.3.20330.20.2.10.4
1.1.3.20460.5.1
1.1.3.20574.5.1
1.1.3.20575.5.1
1.1.3.20584.5.1.5.1.19
1.1.3.20595.22.2.7.8.6.3
1.1.3.20625.5.1
1.1.3.20779.5.1.2
1.1.3.20850.5.1
1.1.3.20918.14.2.6.3
1.1.3.20944.5.1.31.11.12
1.1.3.20968.5.1.2.5
1.1.3.20989.18.1.15.26
1.1.3.21134.5.1.5
1.1.3.21144.13.1.10.3
1.1.3.21205.5.1.4.2.5.2
1.1.3.21219.31.4.7.1.23
1.1.3.21295.9.2.4.1
1.1.3.21307.11.2.11
1.1.3.21374.22.2.30.17
1.1.3.21483.9.1.7.2
1.1.3.21541.5.1.6.2
1.1.3.21648.3
1.1.3.21692.15.2.5.7.15.7
1.1.3.21730.35.2
1.1.3.21758.5.1
1.1.3.21859.19.1.25.7
1.1.3.21867.12.1.4.5
1.1.3.21877.5.1.2.1
1.1.3.22003.14.2.18.2
1.1.3.22011.14.2.23.11.3.1.58.9
1.1.3.22081.5.1.2.6.13.1.3
1.1.3.22183.25.1.15
1.1.3.22192.42.4.10.18.11
1.1.3.22251.11.1.9
1.1.3.22340.5.1.1.6.22.3
1.1.3.22356.17.2.8
1.1.3.22368.37.2.12.12.55
1.1.3.22370.18.6
1.1.3.22375.9.1.5
1.1.3.22378.9.2.8.11
1.1.3.22433.5.1.3.5.27.10
1.1.3.22450.23.2
1.1.3.22511.5.1.6.1.2
1.1.3.22552.5.1
1.1.3.22557.5.1.23
1.1.3.22569.5.1.1.12.14.4.24.6
1.1.3.22572.5.1.3.1
1.1.3.22617.10.1.22.11
1.1.3.22618.15.2
1.1.3.22621.5.1.4.18.14
1.1.3.22681.5.1
1.1.3.22811.5.1.15.5.7.6.3
1.1.3.22895.3
1.1.3.22913.5.1.6.3.41
1.1.3.23012.38
1.1.3.23048.21.3
1.1.3.23078.5.1.8
1.1.3.23111.9.1.5
1.1.3.23122.5.1.5.1.7
1.1.3.23140.9.2.12
1.1.3.23149.24.1.14
1.1.3.23278.5.1.6.4
1.1.3.23296.10.1.5.7
1.1.3.23360.14.2.8.1
1.1.3.23364.10.1.13.8
1.1.3.23430.19
1.1.3.23442.8.1.6
1.1.3.23468.25.2.15.5.39
1.1.3.23468.34.1.4.1
1.1.3.23469.39.2.5
1.1.3.23641.15
1.1.3.23662.11.3.4.2
1.1.3.23713.10.1.21.6.1
1.1.3.23746.3
1.1.3.23830.5.1
1.1.3.23838.5.1.15.1
1.1.3.24004.5.1
1.1.3.24066.3
1.1.3.24193.13.2.4.3
1.1.3.24221.6
1.1.3.24266.14.2.12.21.14.2.6.34
1.1.3.24295.5.1.27.3.9.4
1.1.3.24363.3
1.1.3.24495.15.2
1.1.3.24524.27.2.6.4.23.5
1.1.3.24585.5.1.7.6.8.8
1.1.3.24603.5.1.10
1.1.3.24624.13.2.14.9.7
1.1.3.24693.11.2.4
1.1.3.24698.5.1.3.2.6.1.38.37
1.1.3.24760.33.3.4.4
1.1.3.24836.8.1.6.3.18
1.1.3.24918.8.2.8.5.11
1.1.3.25150.50.2.14.25
1.1.3.25240.5.1
1.1.3.25250.5.1.16.2
1.1.3.25292.5.1.15.5
1.1.3.25293.14.2.22.7
1.1.3.25318.10.2.8.11
1.1.3.25351.5.1.1.25.12
1.1.3.25352.5.1.2.2.26
1.1.3.25357.10.1.10.9
1.1.3.25526.35.1.42.10.47
1.1.3.25533.5.1.2.4.11.1.1
1.1.3.25634.14.2.8
1.1.3.25645.9.1.6
1.1.3.25650.8.1.24.2
1.1.3.25652.5.1.29.6.5.2.4
1.1.3.25660.5.1.2.1.27
1.1.3.25670.5.1.5.1.3.3
1.1.3.25694.5.1.5
1.1.3.25782.14.2
1.1.3.25803.5.1
1.1.3.25892.14.2.10.6
1.1.3.25948.26.3.27.1.13.1
1.1.3.25988.5.1
1.1.3.25989.5.1
1.1.3.25998.5.1.5.1.19
1.1.3.26009.22.2.7.8.6.3
1.1.3.26043.5.1
1.1.3.26181.5.1.2
1.1.3.26252.5.1
1.1.3.26336.5.1.11.10.45.2
1.1.3.26349.11.1.4
1.1.3.26545.5.1.5
1.1.3.26555.13.1.10.3
1.1.3.26610.5.1.4.2.5.2
1.1.3.26625.12.1.7.15
1.1.3.26700.9.2.4.1
1.1.3.26712.11.2.11
1.1.3.26772.22.2.30.17
1.1.3.26890.27.3.27.9
1.1.3.26907.8.4.12
1.1.3.26947.5.1.6.2
1.1.3.27053.3
1.1.3.27093.15.2.5.7.15.7
1.1.3.27132.35.2
1.1.3.27160.5.1
1.1.3.27263.19.1.25.7
1.1.3.27271.12.1.4.5
1.1.3.27278.17.3.10.6
1.1.3.27508.5.1.2.6.4.1.3
1.1.3.27614.25.1.15
1.1.3.27623.42.4.10.18.11
1.1.3.27682.11.1.9
1.1.3.27691.5.1.15.1
1.1.3.27777.5.1.1.6.22.3
1.1.3.27793.17.2.8
1.1.3.27890.5.1.1.1.2
1.1.3.27947.5.1.35.1
1.1.3.27960.10.4.12.5
1.1.3.27995.9.1.5.11
1.1.3.28043.5.1.1.1.6
1.1.3.28043.5.1.2.2.9.5.17
1.1.3.28045.14.3.13
1.1.3.28053.14.2
1.1.3.28238.5.1.1
1.1.3.28240.5.1.7.4
1.1.3.28312.3
1.1.3.28330.5.1.6.3.40
1.1.3.28414.28.2.12.1.3.3
1.1.3.28423.14.2.7.3.4
1.1.3.28429.3
1.1.3.28493.11.3.15.5
1.1.4.1.5.1.19
1.1.4.12.5.1.2.2.41.9.21
1.1.4.22.27.2.12.19.53
1.1.4.35.19.1.12.8
1.1.4.51.9.2.12
1.1.4.60.24.1.14
1.1.4.80.5.1.6.5.4
1.1.4.192.5.1.6.4
1.1.4.210.10.1.5.7
1.1.4.277.14.2.8.1
1.1.4.281.10.1.13.8
1.1.4.363.5.1.6.4
1.1.4.384.15.1.11.3
1.1.4.385.20.5
1.1.4.386.5.1.5.2.12
1.1.4.402.46.3
1.1.4.587.11.3.4.2
1.1.4.638.10.1.21.6.1
1.1.4.648.15.2.12.1.3.1
1.1.4.671.19.2.19
1.1.4.744.5.1
1.1.4.752.5.1.15.1
1.1.4.917.5.1
1.1.4.979.3
1.1.4.1112.10.1.11.5.10
1.1.4.1117.15.7.6.5
1.1.4.1180.14.2.12.21.14.2.6.26
1.1.4.1201.8.2.8.5
1.1.4.1250.10.2.4
1.1.4.1268.17.4.5
1.1.4.1327.5.1.6.2.32.1.3
1.1.4.1365.17.5.8
1.1.4.1431.15.2
1.1.4.1461.27.2.6.4.23.5
1.1.4.1566.13.2.14.9.7
1.1.4.1646.15.1.14.20
1.1.4.1680.5.1.14.4.33.3.30
1.1.4.1711.33.3.4.4
1.1.4.1787.5.1.1
1.1.4.1838.14.5.9.21
1.1.4.1858.16.2.5
1.1.4.2098.50.2.14.25
1.1.4.2158.15.2
1.1.4.2178.5.1
1.1.4.2188.5.1.16.2
1.1.4.2228.8.2.19.7.3
1.1.4.2256.10.2.8.11
1.1.4.2289.5.1.1.25.12
1.1.4.2290.5.1.2.2.26
1.1.4.2295.10.1.10.9
1.1.4.2387.20.1.10.2
1.1.4.2467.5.1.9.18.15.3.47.55
1.1.4.2474.18.1.30.30
1.1.4.2477.18.2.4.5
1.1.4.2546.8.2.4
1.1.4.2591.14.2.8
1.1.4.2620.5.1.2.1.3
1.1.4.2650.5.1.4.4.18.1.7
1.1.4.2872.5.1
1.1.4.2941.5.1.4.2.4.3.2
1.1.4.2977.5.1
1.1.4.2978.5.1
1.1.4.2987.5.1.5.1.19
1.1.4.2998.22.2.7.8.6.3
1.1.4.3032.5.1
1.1.4.3160.10.1.4
1.1.4.3164.10.1.26.18
1.1.4.3183.5.1
1.1.4.3217.5.1
1.1.4.3315.5.1.31.11.12
1.1.4.3473.5.1
1.1.4.3498.5.1.5
1.1.4.3508.13.1.10.3
1.1.4.3592.31.4.7.1.25
1.1.4.3670.9.2.4.1
1.1.4.3682.11.2.11
1.1.4.3861.9.1.7.2
1.1.4.3874.5.1
1.1.4.3927.32.1.4
1.1.4.4030.3
1.1.4.4115.35.2
1.1.4.4143.5.1
1.1.4.4244.19.1.25.7
1.1.4.4252.12.1.4.5
1.1.4.4262.5.1.2.1
1.1.4.4319.5.1
1.1.4.4406.14.2.23.9.4.2.2.7
1.1.4.4569.5.1
1.1.4.4605.33.2.13.10.10
1.1.4.4615.5.1.13.3.9.2
1.1.4.4663.11.1.9
1.1.4.4762.17.2.8
1.1.4.4774.37.2.12.12.55
1.1.4.4776.18.6
1.1.4.4781.9.1.5
1.1.4.4784.9.2.8.11
1.1.4.4839.5.1.3.5.27.10
1.1.4.4856.23.2
1.1.4.4906.5.1.6.1.2
1.1.4.4951.5.1.20.1.19
1.1.4.5002.9.2.4.7
1.1.4.5160.5.1
1.1.4.5181.5.1.10
1.1.4.5270.3
1.1.4.5424.21.3
1.1.4.5451.29.1.14.4
1.1.4.5476.5.1.3
1.1.4.5485.5.1
1.1.4.5488.13.3.5.2
1.1.4.5488.13.3.7.1
1.1.4.5497.5.1.4.4.11.3.1
1.1.4.5497.5.1.5.1.7
1.1.4.5644.5.1.6.4
1.1.4.5673.17.1.4.2
1.1.4.5684.5.1
1.1.4.5699.5.1
1.1.4.5750.14.2.8.1
1.1.4.5754.10.1.13.8
1.1.4.5833.5.1.6.4
1.1.4.5848.8.1.6
1.1.4.5869.5.1.1.1.23
1.1.4.5871.5.1.4.4.30.3.33
1.1.4.5882.46.3
1.1.4.6004.19.4.8
1.1.4.6021.11.1.4
1.1.4.6055.11.3.4.2
1.1.4.6137.5.1.1.1.1
1.1.4.6212.5.1
1.1.4.6220.5.1.15.1
1.1.4.6398.5.1.2.3.5.2.6
1.1.4.6438.3
1.1.4.6542.8.1.7
1.1.4.6549.3
1.1.4.6564.13.2.4.3
1.1.4.6592.6
1.1.4.6635.14.2.12.21.14.2.6.25
1.1.4.6656.8.2.8.5
1.1.4.6705.10.2.4
1.1.4.6746.13.1.4
1.1.4.6825.3
1.1.4.6885.15.2
1.1.4.6914.27.2.6.4.23.5
1.1.4.6966.22.1.17
1.1.4.6983.14.4.17.1.3.1.9
1.1.4.7004.13.2.14.9.7
1.1.4.7085.11.2.4
1.1.4.7090.5.1.3.2.6.1.9.29
1.1.4.7152.33.3.4.4
1.1.4.7227.5.1.1
1.1.4.7276.14.5.9.21
1.1.4.7296.16.2.5
1.1.4.7520.50.2.14.25
1.1.4.7609.5.1.19.1.2.8
1.1.4.7669.10.2.8.11
1.1.4.7698.5.1.1.31.6
1.1.4.7699.5.1.2.2.20
1.1.4.7704.10.1.10.9
1.1.4.7869.35.1.42.10.17
1.1.4.7876.5.1.2.4.11.1.1
1.1.4.7986.20.2.9.6.16
1.1.4.7993.5.1.5.2
1.1.4.8000.17.1
1.1.4.8013.9.1.5
1.1.4.8029.5.1.15
1.1.4.8053.13
1.1.4.8069.5.1.4.4.18.1.7
1.1.4.8093.18.2.24.3.10.3
1.1.4.8140.20.2.10.4
1.1.4.8259.14.2.10.6
1.1.4.8311.26.3.27.1.13.1
1.1.4.8360.5.1.1.1
1.1.4.8547.12.1.8
1.1.4.8569.10.1.4
1.1.4.8573.10.1.26.18
1.1.4.8592.5.1
1.1.4.8626.5.1
1.1.4.8726.5.1.7.5.21
1.1.4.8751.5.1.2.5
1.1.4.8905.5.1.5
1.1.4.8915.13.1.10.3
1.1.4.8990.12.1.7.15
1.1.4.9085.14.1.11.8
1.1.4.9146.17.1.30.10.1.1
1.1.4.9152.22.2.30.17
1.1.4.9270.9.1.7.2
1.1.4.9328.5.1.6.2
1.1.4.9439.3
1.1.4.9485.15.2.5.7.15.7
1.1.4.9523.35.2
1.1.4.9551.5.1
1.1.4.9622.5.1.3.3.20.1
1.1.4.9650.3
1.1.4.9723.5.1
1.1.4.9789.14.2.18.2
1.1.4.9797.14.2.23.11.3.1.79.23
1.1.4.9869.5.1.2.6.4.1.3
1.1.4.9911.5.1.2.2.29.2.7
1.1.4.9965.5.1.9
1.1.4.9976.5.1.13.3.9.2
1.1.4.10024.11.1.9
1.1.4.10033.5.1.15.1
1.1.4.10115.5.1.1.6.22.3
1.1.4.10146.57.2.24.1.18
1.1.4.10154.13.2.6.3.15.3.32
1.1.4.10206.5.1.3.5.27.10
1.1.4.10223.23.2
1.1.4.10274.5.1.6.1.2
1.1.4.10319.5.1.20.1.19
1.1.4.10363.43.2.4.3
1.1.4.10422.5.1
1.1.4.10530.5.1.10
1.1.4.10594.5.1.4.1
1.1.4.10621.3
1.1.4.10639.5.1.6.3.40
1.1.4.10671.5.1.10.1
1.1.4.10769.21.3
1.1.4.10800.5.1.1.12.10
1.1.4.10806.5.1.2.12.21
1.1.4.10822.5.1.3
1.1.4.10831.5.1
1.1.4.10834.13.3.5.2
1.1.4.10834.13.3.7.1
1.1.4.10843.14.1.16
1.1.4.10886.18.1.20.8
1.1.4.10997.5.1.6.4
1.1.4.11019.10.1.5.7
1.1.4.11074.5.1
1.1.4.11093.5.1.2.3.6.2
1.1.4.11099.5.1.1.6.8
1.1.4.11165.5.1.6.4
1.1.4.11200.14.2.8.12
1.1.4.11203.5.1
1.1.4.11204.5.1.2
1.1.4.11380.15.3.12.11.9.1
1.1.4.11390.15
1.1.4.11411.11.3.4.2
1.1.4.11497.3
1.1.4.11577.5.1
1.1.4.11585.5.1.15.1
1.1.4.11755.5.1
1.1.4.11817.3
1.1.4.11944.10.1.11.5.10
1.1.4.11949.15.7.6.5
1.1.4.12006.14.2.12.8.13.2.6.10
1.1.4.12035.5.1.27.3.9.4
1.1.4.12235.15.2
1.1.4.12265.27.2.6.4.23.5
1.1.4.12370.13.2.14.9.7
1.1.4.12450.15.1.14.20
1.1.4.12484.5.1.14.4.33.3.30
1.1.4.12515.33.3.4.4
1.1.4.12591.8.1.6.3.18
1.1.4.12644.14.5.9.20
1.1.4.12664.16.2.5
1.1.4.12897.50.2.14.25
1.1.4.12979.5.1
1.1.4.12989.5.1.16.2
1.1.4.13031.5.1.15.5
1.1.4.13032.14.2.22.7
1.1.4.13074.8.1.4.1
1.1.4.13078.14.3.11
1.1.4.13255.35.1.42.10.17
1.1.4.13262.5.1.2.4.11.1.1
1.1.4.13363.14.2.8
1.1.4.13374.9.1.6
1.1.4.13379.8.1.24.2
1.1.4.13381.5.1.29.6.5.2.4
1.1.4.13389.5.1.2.1.27
1.1.4.13418.5.1.4.4.18.1.7
1.1.4.13440.18.2.24.3.10.3
1.1.4.13490.20.2.10.4
1.1.4.13620.5.1
1.1.4.13732.5.1
1.1.4.13733.5.1
1.1.4.13742.5.1.5.3.19.1
1.1.4.13945.5.1.2
1.1.4.14008.5.1
1.1.4.14084.5.1.11.10.45.2
1.1.4.14097.11.1.4
1.1.4.14148.5.1.1.5.4.1.17
1.1.4.14258.5.1
1.1.4.14283.5.1.5
1.1.4.14293.13.1.10.3
1.1.4.14377.31.4.7.1.25
1.1.4.14440.9.2.4.1
1.1.4.14452.11.2.11
1.1.4.14512.17.1.7.4.21.6
1.1.4.14518.22.2.30.17
1.1.4.14578.8.1.4.7
1.1.4.14641.27.3.27.9
1.1.4.14658.8.4.12
1.1.4.14709.32.1.4
1.1.4.14795.5.1
1.1.4.14817.3
1.1.4.14886.24.3
1.1.4.14934.5.1
1.1.4.15037.19.1.25.7
1.1.4.15045.12.1.4.5
1.1.4.15055.5.1.2.1
1.1.4.15111.5.1
1.1.4.15250.5.1.2.6.13.1.3
1.1.4.15326.5.1.2
1.1.4.15354.9.1.39.13
1.1.4.15364.5.1.13.3.9.2
1.1.4.15412.11.1.9
1.1.4.15502.5.1.1.6.22.3
1.1.4.15518.17.2.8
1.1.4.15595.5.1.3.5.27.10
1.1.4.15612.23.2
1.1.4.15695.5.1.13.16.18
1.1.4.15722.5.1
1.1.4.15727.5.1.23
1.1.4.15739.5.1.1.12.14.4.24.10
1.1.4.15770.40.1.10.17.6
1.1.4.15845.5.1
1.1.4.15891.10.2.13
1.1.4.15930.5.1
1.1.4.15949.8.1.13.4
1.1.4.16036.5.1.10
1.1.4.16037.13.2
1.1.4.16067.5.1.10.1
1.1.4.16115.28.2.12.1.3.3
1.1.4.16123.14.2.7.3.4
1.1.4.16129.3
1.1.4.16200.11.3.15.5
1.1.4.16215.5.1.2.2.22.7.11
1.1.4.16225.27.2.12.19.34
1.1.4.16238.19.1.12.8
1.1.4.16270.16.2.7.4.20.1.18
1.1.4.16371.5.1.6.4
1.1.4.16392.10.1.5.7
1.1.4.16446.5.1
1.1.4.16465.5.1.2.3.6.2
1.1.4.16469.11.2.4.6
1.1.4.16549.8.1.6
1.1.4.16574.5.1.1.1.22
1.1.4.16576.5.1.4.4.29.3.18
1.1.4.16587.36.3
1.1.4.16723.14.2
1.1.4.16769.11.3.4.2
1.1.4.16856.3
1.1.4.16932.5.1
1.1.4.16940.5.1.15.1
1.1.4.17119.5.1.2.3.5.2.6
1.1.4.17159.3
1.1.4.17268.5.1
1.1.4.17273.3
1.1.4.17288.13.2.4.3
1.1.4.17350.14.2.12.8.13.2.6.23
1.1.4.17371.8.2.8.5
1.1.4.17420.10.2.4
1.1.4.17462.13.1.4
1.1.4.17480.9.3.24.8
1.1.4.17531.3
1.1.4.17554.5.1.15.7.13.3
1.1.4.17602.15.2
1.1.4.17632.27.2.6.4.23.5
1.1.4.17707.5.1.3.3.36
1.1.4.17729.18.2
1.1.4.17810.15.1.14.20
1.1.4.17844.5.1.14.4.33.3.30
1.1.4.17875.33.3.4.4
1.1.4.17949.5.1.1
1.1.4.18032.8.2.8.5.11
1.1.4.18261.50.2.14.25
1.1.4.18345.5.1
1.1.4.18355.5.1.16.2
1.1.4.18397.5.1.15.5
1.1.4.18398.14.2.22.7
1.1.4.18444.24.2.4.1
1.1.4.18447.5.1.2.4.5.2.14
1.1.4.18451.10.1.10.9
1.1.4.18621.5.1.9.18.15.3.14.2
1.1.4.18628.18.1.30.30
1.1.4.18631.18.2.4.5
1.1.4.18749.14.2.8
1.1.4.18778.5.1.2.1.3
1.1.4.18807.5.1.4.4.18.1.7
1.1.4.18829.18.2.24.3.10.3
1.1.4.18880.14.2
1.1.4.18898.5.1
1.1.4.18907.16.3.12.4.11
1.1.4.18991.5.1
1.1.4.19052.26.3.27.1.8.1
1.1.4.19092.5.1
1.1.4.19093.5.1
1.1.4.19102.5.1.5.3.19.1
1.1.4.19297.5.1.2
1.1.4.19360.5.1
1.1.4.19414.10.3.12
1.1.4.19433.14.2.6.3
1.1.4.19457.5.1.31.11.12
1.1.4.19486.18.1.15
1.1.4.19513.5.1.1.5.4.1.13
1.1.4.19516.15.2
1.1.4.19606.5.1
1.1.4.19634.5.1.1
1.1.4.19729.12.1.7.15
1.1.4.19966.14.2.8.1.1.1
1.1.4.20006.9.1.7.2
1.1.4.20184.3
1.1.4.20260.35.2
1.1.4.20288.5.1
1.1.4.20389.19.1.25.7
1.1.4.20397.12.1.4.5
1.1.4.20407.5.1.2.1
1.1.4.20551.25.5.5
1.1.4.20626.5.1.2.6.13.1.3
1.1.4.20734.9.1.39.13
1.1.4.20744.5.1.13.3.9.2
1.1.4.20877.5.1.1.6.22.3
1.1.4.20911.57.2.24.1.10
1.1.4.20919.9.2.11.9
1.1.4.20973.5.1.3.5.27.10
1.1.4.20990.23.2
1.1.4.21057.5.1.6.1.2
1.1.4.21070.5.1.18
1.1.4.21104.5.1.20.1.19
1.1.4.21148.40.1.10.17.6
1.1.4.21350.5.1.1
1.1.4.21352.5.1.7.4
1.1.4.21439.5.1.10
1.1.4.21440.13.2
1.1.4.21470.5.1.10.1
1.1.4.21517.28.2.12.1.3.3
1.1.4.21526.14.2.7.3.4
1.1.4.21532.3
1.1.4.21568.21.3
1.1.4.21602.5.1.7.3.12
1.1.4.21608.5.1.1.5.11.3.13
1.1.4.21622.5.1.3
1.1.4.21631.5.1
1.1.4.21634.13.3.5.2
1.1.4.21634.13.3.7.1
1.1.4.21643.5.1.5.1.7
1.1.4.21690.5.1.24.12.11
1.1.4.21782.5.1.6.4
1.1.4.21811.17.1.4.2
1.1.4.21822.5.1
1.1.4.21837.5.1
1.1.4.21888.14.2.8.1
1.1.4.21892.10.1.13.8
1.1.4.21909.22
1.1.4.21987.8.1.6
1.1.4.22008.5.1.1.1.23
1.1.4.22010.5.1.4.4.30.3.33
1.1.4.22021.46.3
1.1.4.22187.15
1.1.4.22208.11.3.4.2
1.1.4.22251.3
1.1.4.22293.5.1.1.1.1
1.1.4.22377.5.1
1.1.4.22385.5.1.15.1
1.1.4.22577.5.1.2.3.5.2.6
1.1.4.22727.13.1.6
1.1.4.22749.22.3.21.10
1.1.4.22778.6
1.1.4.22814.14.2.12.8.13.2.6.29
1.1.4.22835.8.2.8.5
1.1.4.22884.10.2.4
1.1.4.22988.17.5.8
1.1.4.23007.3
1.1.4.23061.15.2
1.1.4.23091.27.2.6.4.23.5
1.1.4.23168.16.1.5.3
1.1.4.23185.13.2.14.9.7
1.1.4.23285.5.1.14.4.33.3.30
1.1.4.23316.33.3.4.4
1.1.4.23390.5.1.1
1.1.4.23445.14.5.9.21
1.1.4.23465.16.2.5
1.1.4.23534.8.3.4.2
1.1.4.23540.14.1.14
1.1.4.23554.17.1.6
1.1.4.23705.50.2.14.25
1.1.4.23785.5.1
1.1.4.23795.5.1.16.2
1.1.4.23837.5.1.15.5
1.1.4.23838.14.2.22.7
1.1.4.23880.40.2.13.2.3
1.1.4.23882.15.1.6.4
1.1.4.24055.35.1.42.10.61
1.1.4.24062.5.1.2.4.11.1.1
1.1.4.24128.8.2.4
1.1.4.24158.14.2.8
1.1.4.24169.9.1.6
1.1.4.24174.8.1.24.2
1.1.4.24176.5.1.29.6.5.2.4
1.1.4.24184.5.1.2.1.27
1.1.4.24194.5.1.5.1.3.3
1.1.4.24218.5.1.5
1.1.4.24302.20.2.10.4
1.1.4.24424.5.1
1.1.4.24488.26.3.27.1.13.1
1.1.4.24497.5.1.4.2.4.3.2
1.1.4.24536.17.4.16.6
1.1.4.24681.12
1.1.4.24751.5.1.2
1.1.4.24822.5.1
1.1.4.24872.10.3.12
1.1.4.24925.5.1.31.11.12
1.1.4.24949.5.1.2.5
1.1.4.25081.5.1
1.1.4.25106.5.1.5
1.1.4.25116.13.1.10.3
1.1.4.25176.5.1.4.2.5.2
1.1.4.25191.12.1.7.15
1.1.4.25285.14.1.11.8
1.1.4.25361.11.5.34
1.1.4.25457.9.1.7.2
1.1.4.25713.11.1.4
1.1.4.25843.19.1.25.7
1.1.4.25851.12.1.4.5
1.1.4.25861.5.1.2.1
1.1.4.25918.5.1
1.1.4.26015.25.5.5
1.1.4.26083.5.1.2.6.13.1.3
1.1.4.26154.5.1
1.1.4.26197.17.3.12.10
1.1.4.26208.5.1.13.3.9.2
1.1.4.26259.11.1.9
1.1.4.26268.5.1.15.1
1.1.4.26373.17.2.8
1.1.4.26451.5.1.3.5.27.10
1.1.4.26468.23.2
1.1.4.26550.10.4.12.5
1.1.4.26585.9.1.5.11
1.1.4.26634.10.1.22.11
1.1.4.26635.15.2
1.1.4.26792.5.1
1.1.4.26817.5.1.8.1.17
1.1.4.26898.3
1.1.4.26995.28.2.12.1.3.3
1.1.4.27004.14.2.7.3.4
1.1.4.27010.3
1.1.4.27079.5.1.7.3.12
1.1.4.27085.5.1.1.5.11.3.13
1.1.4.27099.5.1.3
1.1.4.27108.5.1
1.1.4.27111.13.3.5.2
1.1.4.27111.13.3.7.1
1.1.4.27120.5.1.5.1.7
1.1.4.27280.5.1.6.4
1.1.4.27306.17.1.4.2
1.1.4.27317.5.1
1.1.4.27332.5.1
1.1.4.27382.5.1.3.4
1.1.4.27483.8.1.6
1.1.4.27504.5.1.1.1.23
1.1.4.27506.5.1.4.4.30.3.33
1.1.4.27517.46.3
1.1.4.27675.15.3.12.11.9.1
1.1.4.27685.15
1.1.4.27706.11.3.4.2
1.1.4.27793.3
1.1.4.27881.5.1
1.1.4.27889.5.1.15.1
1.1.4.28065.5.1.2.3.5.2.6
1.1.4.28105.3
1.1.4.28214.5.1
1.1.4.28229.5.1.2.1.2.2.6.16
1.1.4.28229.8.1.7
1.1.4.28281.14.2.8.15.13.2.6.22
1.1.4.28302.8.2.8.5
1.1.4.28351.10.2.4
1.1.4.28400.13.1.4
1.1.4.28528.15.2
1.1.4.28558.27.2.6.4.23.5
1.1.4.28633.5.1.10
1.1.4.28654.13.2.14.9.7
1.1.4.28738.15.1.14.20
1.1.4.28772.5.1.14.4.33.3.30
1.1.4.28803.33.3.4.4
1.1.4.28872.8.1.6.3.18
1.1.4.28939.6
1.1.4.28952.8.2.8.5.19
1.1.4.29177.50.2.14.25
1.1.4.29266.5.1.19.1.2.8
1.1.4.29292.25.1.4
1.1.4.29324.10.2.8.11
1.1.4.29362.5.1.1.25.17
1.1.4.29363.5.1.2.2.31
1.1.4.29368.10.1.10.9
1.1.4.29547.35.1.42.10.17
1.1.4.29554.5.1.2.4.11.1.1
1.1.4.29660.14.2.8
1.1.4.29689.5.1.2.1.3
1.1.4.29720.5.1.4.4.18.1.7
1.1.4.29742.18.2.24.3.10.3
1.1.4.29799.14.2
1.1.4.29820.5.1
1.1.4.29829.16.3.12.4.11
1.1.4.29911.14.2.10.6
1.1.4.29990.5.1.4.4.23
1.1.4.30019.5.1
1.1.4.30020.5.1
1.1.4.30029.5.1.5.1.2
1.1.4.30235.5.1.2
1.1.4.30298.5.1
1.1.4.30379.5.1.11.10.45.2
1.1.4.30392.11.1.4
1.1.4.30550.5.1
1.1.4.30578.5.1.1
1.1.4.30661.31.4.7.1.25
1.1.4.30739.9.2.4.1
1.1.4.30751.11.2.11
1.1.4.30808.3
1.1.4.30946.27.3.27.9
1.1.4.30963.8.4.12
1.1.4.31095.5.1
1.1.4.31121.3
1.1.4.31185.24.3
1.1.4.31234.5.1
1.1.4.31335.19.1.25.7
1.1.4.31343.12.1.4.5
1.1.4.31353.5.1.2.1
1.1.4.31408.5.1
1.1.4.31485.15.2.12.4.12.2
1.1.4.31546.5.1.2.6.4.1.3
1.1.4.31622.5.1.2
1.1.4.31650.9.1.39.13
1.1.4.31660.5.1.13.3.9.2
1.1.4.31708.11.1.9
1.1.4.31717.5.1.15.1
1.1.4.31800.5.1.1.9.7.6
1.1.4.31816.17.2.8
1.1.4.31893.5.1.3.5.27.10
1.1.4.31910.23.2
1.1.4.31960.5.1.6.1.2
1.1.4.32020.10.4.8.6.37
1.1.4.32068.5.1.5.1.5.5.25
1.1.4.32144.5.1
1.1.4.32235.5.1
1.1.4.32255.8.1.13.4
1.1.4.32336.3
1.1.4.32354.5.1.6.3.40
1.1.4.32435.38
1.1.4.32471.21.3
1.1.4.32501.5.1.7.3.12
1.1.4.32511.5.1.1.8.6.3.8
1.1.4.32525.5.1.3
1.1.4.32534.5.1
1.1.4.32537.13.3.5.2
1.1.4.32537.13.3.7.1
1.1.4.32546.5.1.5.1.7
1.1.4.32690.5.1.6.4
1.1.4.32708.10.1.5.7
1.1.4.32760.5.1
1.1.4.32779.5.1.2.3.6.2
1.1.4.32783.11.2.4.6
1.1.4.32848.3
1.1.4.32856.5.1
1.1.4.32858.9.5.4
1.1.4.32874.15.4.18.7.5
1.1.4.32876.14.3.5.12
1.1.4.32876.14.3.6.1.13
1.1.4.32893.26.3
1.1.4.33060.15.3.12.11.9.1
1.1.4.33070.15
1.1.4.33091.11.3.4.2
1.1.4.33173.5.1.1.1.1
1.1.4.33252.5.1
1.1.4.33260.5.1.15.1
1.1.4.33410.30
1.1.4.33440.5.1
1.1.4.33502.3
1.1.4.33598.5.1
1.1.4.33613.5.1.2.1.2.2.6.35
1.1.4.33686.14.2.12.21.14.2.6.45
1.1.4.33707.8.2.8.5
1.1.4.33796.13.1.4
1.1.4.33873.3
1.1.4.33932.15.2
1.1.4.33961.27.2.6.4.23.5
1.1.4.34043.14.2.6.1.8
1.1.4.34063.13.2.14.9.7
1.1.4.34143.15.1.14.20
1.1.4.34177.5.1.14.4.33.3.30
1.1.4.34208.33.3.4.4
1.1.4.34285.8.1.6.3.18
1.1.4.34597.50.2.14.25
1.1.4.34677.5.1
1.1.4.34687.5.1.16.2
1.1.4.34729.5.1.15.5
1.1.4.34730.14.2.22.7
1.1.4.34755.10.2.8.11
1.1.4.34793.5.1.1.25.17
1.1.4.34794.5.1.2.2.31
1.1.4.34799.10.1.10.9
1.1.4.34899.9.1.4.1
1.1.4.34973.35.1.42.10.17
1.1.4.34980.5.1.2.4.11.1.1
1.1.4.35075.14.2.8
1.1.4.35086.9.1.6
1.1.4.35091.8.1.24.2
1.1.4.35093.5.1.29.6.5.2.4
1.1.4.35101.5.1.2.1.27
1.1.4.35111.5.1.5.1.3.3
1.1.4.35135.5.1.5
1.1.4.35140.5.1.5.1.3.1
1.1.4.35223.20.2.10.4
1.1.4.35352.5.1
1.1.4.35366.18.2.8.1.1.3
1.1.4.35461.5.1
1.1.4.35462.5.1
1.1.4.35471.5.1.5.3.19.1
1.1.4.35623.5.1
1.1.4.35662.5.1.2
1.1.4.35733.5.1
1.1.4.35818.5.1.11.10.58.2
1.1.4.35831.11.1.4
1.1.5.36033.5.1.5
1.1.5.36043.13.1.10.3
1.1.5.36117.12.2.8.3.1
1.1.5.36208.14.1.11.8
1.1.5.36286.11.5.34
1.1.5.36398.9.1.7.2
1.1.5.36457.5.1.6.2
1.1.5.36564.3
1.1.5.36629.23.3
1.1.5.36677.5.1
1.1.5.36778.19.1.25.7
1.1.5.36786.12.1.4.5
1.1.5.36796.5.1.2.1
1.1.5.37094.5.1
1.1.5.37134.9.1.39.13
1.1.5.37144.5.1.13.3.9.2
1.1.5.37192.11.1.9
1.1.5.37201.5.1.15.1
1.1.5.37290.5.1.1.6.22.3
1.1.5.37306.17.2.8
1.1.5.37403.5.1.1.1.2
1.1.5.37514.5.1.20.1.19
1.1.5.37558.43.2.4.3
1.1.5.37703.5.1
1.1.5.37959.21.3
1.1.5.37990.5.1.1.12.10
1.1.5.37997.5.1.4.1.16
1.1.5.38011.5.1.3
1.1.5.38020.5.1
1.1.5.38023.13.3.5.2
1.1.5.38023.13.3.7.1
1.1.5.38032.5.1.5.1.7
1.1.5.38185.5.1.6.4
1.1.5.38207.10.1.5.7
1.1.5.38261.5.1
1.1.5.38280.5.1.2.3.6.2
1.1.5.38286.5.1.1.6.8
1.1.5.38367.8.1.6
1.1.5.38388.5.1.1.1.23
1.1.5.38390.5.1.4.4.30.3.33
1.1.5.38401.46.3
1.1.5.38548.14.2.7.8.6.4
1.1.5.38570.11.3.4.2
1.1.5.38615.10.1.21.6.1
1.1.5.38625.15.2.12.1.3.1
1.1.5.38652.5.1.8.4.17
1.1.5.38737.5.1
1.1.5.38745.5.1.15.1
1.1.5.38912.5.1
1.1.5.38934.5.1
1.1.5.38935.5.1.2.5.14.1.48
1.1.5.38982.3
1.1.5.39085.8.1.7
1.1.5.39092.3
1.1.5.39107.13.2.4.3
1.1.5.39135.6
1.1.5.39164.14.2.12.8.13.2.6.17
1.1.5.39185.8.2.8.5
1.1.5.39234.10.2.4
1.1.5.39340.3
1.1.5.39363.5.1.15.7.13.3
1.1.5.39409.15.2
1.1.5.39438.27.2.6.4.23.5
1.1.5.39520.14.2.6.1.8
1.1.5.39540.13.2.14.9.7
1.1.5.39617.11.2.4
1.1.5.39622.5.1.3.2.6.1.9.32
1.1.5.39640.26.1.13
1.1.5.39641.5.1.1.8
1.1.5.39664.3
1.1.5.39665.15.2.7.1
1.1.5.39675.33.3.4.4
1.1.5.39749.5.1.1
1.1.5.39863.3
1.1.5.40066.50.2.14.25
1.1.5.40150.5.1
1.1.5.40160.5.1.16.2
1.1.5.40202.5.1.15.5
1.1.5.40203.14.2.22.7
1.1.5.40228.10.2.8.11
1.1.5.40253.5.1.1.18.21.2.15
1.1.5.40253.12.1.4.1
1.1.5.40259.15.1.13.1.8
1.1.5.40406.35.1.42.10.17
1.1.5.40413.5.1.2.4.11.1.1
1.1.5.40477.8.2.4
1.1.5.40490.5.1.1
1.1.5.40533.9.1.6
1.1.5.40538.8.1.24.2
1.1.5.40540.5.1.29.6.5.2.4
1.1.5.40548.5.1.2.1.27
1.1.5.40577.5.1.4.4.18.1.7
1.1.5.40669.14.2
1.1.5.40687.5.1
1.1.5.40776.14.2.10.6
1.1.5.40870.5.1
1.1.5.40871.5.1
1.1.5.40880.5.1.5.3.17.1
1.1.5.41050.12.1.8
1.1.5.41072.10.1.4
1.1.5.41076.10.1.26.18
1.1.5.41095.5.1
1.1.5.41129.5.1
1.1.5.41181.10.3.12
1.1.5.41210.5.1.11.10.45.2
1.1.5.41223.11.1.4
1.1.5.41278.52.2.36.19.19.7.17
1.1.5.41281.15.2
1.1.5.41397.5.1.5
1.1.5.41407.13.1.10.3
1.1.5.41477.12.1.7.15
1.1.5.41556.9.2.4.1
1.1.5.41568.11.2.11
1.1.5.41753.9.1.7.2
1.1.5.41766.5.1
1.1.5.41973.24.3
1.1.5.42021.5.1
1.1.5.42091.5.1.3.3.11.1
1.1.5.42119.3
1.1.5.42273.15.2.12.4.12.2
1.1.5.42331.5.1.2.6.4.1.3
1.1.5.42419.12.1.6.4
1.1.5.42436.9.1.41.13
1.1.5.42446.5.1.13.3.9.2
1.1.5.42497.11.1.9
1.1.5.42506.5.1.15.1
1.1.5.42603.17.2.8
1.1.5.42680.5.1.3.5.27.10
1.1.5.42697.23.2
1.1.5.42821.9.1.5.11
1.1.5.42870.5.1.5.1.5.5.18
1.1.5.42946.5.1
1.1.5.42973.8.1.8.10
1.1.5.43056.5.1.1
1.1.5.43058.5.1.7.4
1.1.5.43148.13.2.7
1.1.5.43270.21.3
1.1.5.43302.11.3.15.5
1.1.5.43314.12.1.4
1.1.5.43325.28.1.13.4
1.1.5.43347.14.1.19
1.1.5.43392.5.1.24.12.11
1.1.5.43493.5.1.6.4
1.1.5.43511.10.1.5.7
1.1.5.43563.5.1
1.1.5.43582.5.1.2.3.6.2
1.1.5.43588.5.1.1.6.8
1.1.5.43661.5.1.6.4
1.1.5.43696.14.2.8.12
1.1.5.43699.5.1
1.1.5.43700.5.1.2
1.1.5.43893.15
1.1.5.43914.11.3.4.2
1.1.5.43996.10.1.5
1.1.5.43997.3
1.1.5.44009.5.1.1
1.1.5.44072.15
1.1.5.44098.5.1
1.1.5.44106.5.1.15.1
1.1.5.44284.5.1.2.3.5.2.6
1.1.5.44427.8.1.7
1.1.5.44434.3
1.1.5.44449.13.2.4.3
1.1.5.44477.6
1.1.5.44513.14.2.12.8.13.2.6.26
1.1.5.44542.5.1.27.3.9.4
1.1.5.44591.23.1.4.17
1.1.5.44615.13.1.4
1.1.5.44831.16.1.5.10
1.1.5.44849.18.2
1.1.5.44924.15.1.14.20
1.1.5.44958.5.1.14.4.33.3.30
1.1.5.44989.33.3.4.4
1.1.5.45063.5.1.1
1.1.5.45181.3
1.1.5.45378.50.2.14.25
1.1.5.45463.5.1
1.1.5.45473.5.1.16.2
1.1.5.45515.5.1.15.5
1.1.5.45516.14.2.22.7
1.1.5.45557.12.2.4.1
1.1.5.45560.5.1.2.4.5.2.11
1.1.5.45564.10.1.10.9
1.1.5.45742.35.1.42.10.17
1.1.5.45749.5.1.2.4.11.1.1
1.1.5.45813.8.2.4
1.1.5.45843.14.2.8
1.1.5.45854.9.1.6
1.1.5.45859.8.1.24.2
1.1.5.45861.5.1.29.6.5.2.4
1.1.5.45869.5.1.2.1.27
1.1.5.45879.5.1.5.1.3.3
1.1.5.45903.5.1.5
1.1.5.45989.14.2
1.1.5.46007.5.1
1.1.5.46097.14.2.10.6
1.1.5.46149.26.3.27.1.13.1
1.1.5.46192.5.1
1.1.5.46193.5.1
1.1.5.46202.5.1.5.1.18
1.1.5.46213.22.2.7.8.6.3
1.1.5.46247.5.1
1.1.5.46393.5.1.2
1.1.5.46464.5.1
1.1.5.46516.10.3.12
1.1.5.46527.12.1.5
1.1.5.46544.5.1.11.10.45.2
1.1.5.46557.11.1.4
1.1.5.46581.18.1.15
1.1.5.46605.5.1.2.1.3.2.3
1.1.5.46610.15.2
1.1.5.46692.5.1
1.1.5.46720.5.1.1
1.1.5.46800.12.1.7.15
1.1.5.46843.5.1
1.1.5.46850.5.1.12.5
1.1.5.47085.27.3.27.9
1.1.5.47100.5.1
1.1.5.47301.15.2.5.7.15.7
1.1.5.47366.5.1
1.1.5.47467.19.1.25.7
1.1.5.47475.12.1.4.5
1.1.5.47485.5.1.2.1
1.1.5.47542.5.1
1.1.5.47619.15.2.12.4.12.2
1.1.5.47691.5.1.2.6.4.1.3
1.1.5.47762.5.1
1.1.5.47793.6
1.1.5.47799.20.2.4.9
1.1.5.47872.5.1.7.1
1.1.5.47958.5.1.1.6.22.3
1.1.5.47974.17.2.8
1.1.5.48051.5.1.3.5.27.10
1.1.5.48068.23.2
1.1.5.48118.5.1.6.1.2
1.1.5.48131.5.1.18
1.1.5.48150.5.1
1.1.5.48155.5.1.23
1.1.5.48167.5.1.1.12.14.4.40.9
1.1.5.48198.40.1.10.17.6
1.1.5.48263.5.1
1.1.5.48385.5.1.10
1.1.5.48468.3
1.1.5.48572.38
1.1.5.48608.21.3
1.1.5.48638.5.1.7.3.12
1.1.5.48644.5.1.2.6.12
1.1.5.48660.5.1.3
1.1.5.48669.5.1
1.1.5.48672.13.3.5.2
1.1.5.48672.13.3.7.1
1.1.5.48681.5.1.5.1.7
1.1.5.48730.18.1.20.8
1.1.5.48838.5.1.6.4
1.1.5.48867.17.1.4.2
1.1.5.48878.5.1
1.1.5.48893.5.1
1.1.5.48944.14.2.8.1
1.1.5.48948.10.1.13.8
1.1.5.49033.10.1.4
1.1.5.49051.33.1.4
1.1.5.49052.5.1.2
1.1.5.49075.47.3
1.1.5.49231.14.2.7.8.6.4
1.1.5.49253.11.3.4.2
1.1.5.49299.30.2.13.30
1.1.5.49338.19.2.19
1.1.5.49427.5.1.13.2
1.1.5.49437.5.1.14.1
1.1.5.49622.5.1.2.3.5.2.6
1.1.5.49662.3
1.1.5.49769.13.1.6
1.1.5.49791.22.3.21.10
1.1.5.49820.6
1.1.5.49919.10.2.4
1.1.5.49961.13.1.4
1.1.5.50028.17.5.8
1.1.5.50048.3
1.1.5.50102.15.2
1.1.5.50132.27.2.6.4.23.5
1.1.5.50214.14.2.6.1.8
1.1.5.50234.13.2.14.9.7
1.1.5.50314.15.1.14.20
1.1.5.50348.5.1.14.4.33.3.30
1.1.5.50379.33.3.4.4
1.1.5.50448.8.1.6.3.18
1.1.5.50501.14.5.9.20
1.1.5.50521.16.2.5
1.1.5.50548.3
1.1.5.50580.14.1.23
1.1.5.50594.17.1.6
1.1.5.50747.50.2.14.25
1.1.5.50829.5.1
1.1.5.50839.5.1.16.2
1.1.5.50879.8.2.19.7.3
1.1.5.50907.10.2.8.11
1.1.5.50931.9.1.5.20
1.1.5.50935.16.3.18.1.1
1.1.5.50940.5.1.2.2.11
1.1.5.51113.35.1.42.10.47
1.1.5.51120.5.1.2.4.11.1.1
1.1.5.51221.14.2.8
1.1.5.51232.9.1.6
1.1.5.51237.8.1.24.2
1.1.5.51239.5.1.29.6.5.2.4
1.1.5.51247.5.1.2.1.27
1.1.5.51276.5.1.4.4.18.1.7
1.1.5.51298.18.2.24.3.10.3
1.1.5.51483.5.1
1.1.5.51536.26.3.27.1.13.1
1.1.5.51550.9.1.23
1.1.5.51568.12.1.4
1.1.5.51577.5.1.2.2
1.1.5.51587.5.1.5.1.26
1.1.5.51598.22.2.7.8.6.3
1.1.5.51632.5.1
1.1.5.51656.15.2
1.1.5.51764.12.1.8
1.1.5.51786.10.1.4
1.1.5.51790.10.1.26.18
1.1.5.51848.5.1
1.1.5.51943.5.1.7.10.46
1.1.5.51997.52.2.36.19.19.7.15
1.1.5.52000.15.2
1.1.5.52124.32.2.4.9
1.1.5.52127.5.1.5
1.1.5.52137.13.1.10.3
1.1.5.52216.12.1.7.15
1.1.5.52374.3
1.1.5.52464.14.2.8.1.1.1
1.1.5.52506.27.3.27.9
1.1.5.52523.8.4.12
1.1.5.52574.32.1.4
1.1.5.52670.5.1
1.1.5.52776.35.2
1.1.5.52804.5.1
1.1.5.52874.5.1.3.21.11.1
1.1.5.52902.3
1.1.5.53049.15.2.12.4.12.2
1.1.5.53108.5.1.2.6.4.1.3
1.1.5.53187.5.1
1.1.5.53225.9.1.39.13
1.1.5.53235.5.1.13.3.9.2
1.1.5.53283.11.1.9
1.1.5.53292.5.1.15.1
1.1.5.53378.5.1.1.6.22.3
1.1.5.53394.17.2.8
1.1.5.53472.5.1.3.5.27.10
1.1.5.53489.23.2
1.1.5.53551.5.1.6.1.2
1.1.5.53596.5.1.20.1.19
1.1.5.53606.34.1.4.7.4
1.1.5.53642.5.1.5.1.5.5.9
1.1.5.53718.5.1
1.1.5.53799.5.1
1.1.5.53819.5.1.10
1.1.5.53915.3
1.1.5.53933.5.1.6.3.40
1.1.5.53965.5.1.10.1
1.1.5.54012.28.2.12.1.3.3
1.1.5.54021.14.2.7.3.4
1.1.5.54027.3
1.1.5.54063.21.3
1.1.5.54097.5.1.7.3.12
1.1.5.54107.5.1.2.9.7
1.1.5.54123.5.1.3
1.1.5.54132.5.1
1.1.5.54135.13.3.5.2
1.1.5.54135.13.3.7.1
1.1.5.54144.14.1.16
1.1.5.54293.5.1.6.4
1.1.5.54322.17.1.4.2
1.1.5.54333.5.1
1.1.5.54348.5.1
1.1.5.54399.14.2.8.1
1.1.5.54403.10.1.13.8
1.1.5.54420.22
1.1.5.54497.8.1.6
1.1.5.54518.5.1.1.1.23
1.1.5.54520.5.1.4.4.30.3.33
1.1.5.54531.46.3
1.1.5.54699.15
1.1.5.54720.11.3.4.2
1.1.5.54815.5.1.1.1.1
1.1.5.54898.5.1
1.1.5.54906.5.1.15.1
1.1.5.55056.5.1.2.2
1.1.5.55139.3
1.1.5.55241.5.1
1.1.5.55256.5.1.2.1.2.2.6.44
1.1.5.55256.8.1.7
1.1.5.55536.15.2
1.1.5.55565.27.2.6.4.23.5
1.1.5.55670.13.2.14.9.7
1.1.5.55747.11.2.4
1.1.5.55752.5.1.3.2.6.1.9.4
1.1.5.55770.26.1.13
1.1.5.55771.5.1.1.8
1.1.5.55794.3
1.1.5.55795.15.2.7.1
1.1.5.55805.33.3.4.4
1.1.5.55871.19.1.11.8
1.1.5.55987.3
1.1.5.56019.14.1.23
1.1.5.56033.17.1.6
1.1.5.56197.50.2.14.25
1.1.5.56278.5.1
1.1.5.56288.5.1.16.2
1.1.5.56328.8.2.19.7.3
1.1.5.56345.10.1.9
1.1.5.56386.40.2.13.2.3
1.1.5.56388.15.1.6.4
1.1.5.56561.35.1.42.10.17
1.1.5.56568.5.1.2.4.11.1.1
1.1.5.56671.14.2.8
1.1.5.56682.9.1.6
1.1.5.56687.8.1.24.2
1.1.5.56689.5.1.29.6.5.2.4
1.1.5.56697.5.1.2.1.27
1.1.5.56707.5.1.5.1.3.3
1.1.5.56731.5.1.5
1.1.5.56812.20.2.10.4
1.1.5.56949.14.2.10.6
1.1.5.57066.17.4.16.6
1.1.5.57230.12.1.8
1.1.5.57252.10.1.4
1.1.5.57256.10.1.26.18
1.1.5.57275.5.1
1.1.5.57309.5.1
1.1.5.57400.5.1.31.11.12
1.1.5.57424.18.1.15
1.1.5.57454.52.2.36.19.19.7.12
1.1.5.57457.15.2
1.1.5.57539.5.1
1.1.5.57564.5.1.5
1.1.5.57574.13.1.10.3
1.1.5.57629.5.1.4.2.5.2
1.1.5.57644.12.1.7.15
1.1.5.57734.14.1.11.8
1.1.5.57790.40.1.34.15.19.4
1.1.5.57796.22.2.30.17
1.1.5.57903.9.1.7.2
1.1.5.57978.5.1.2.1.4.1
1.1.5.58077.3
1.1.5.58194.5.1
1.1.5.58295.19.1.25.7
1.1.5.58303.12.1.4.5
1.1.5.58313.5.1.2.1
1.1.5.58456.25.5.5
1.1.5.58575.5.1.1.1.1.4.5
1.1.5.58644.33.2.13.10.10
1.1.5.58654.5.1.13.3.9.2
1.1.5.58705.11.1.9
1.1.5.58714.5.1.15.1
1.1.5.58796.5.1.1.6.22.3
1.1.5.58812.17.2.8
1.1.5.58909.5.1.1.1.2
1.1.5.59020.5.1.20.1.19
1.1.5.59064.43.2.4.3
1.1.5.59174.21.1.12
1.1.5.59221.5.1
1.1.5.59322.3
1.1.5.59340.5.1.6.3.40
1.1.5.59439.38
1.1.5.59475.21.3
1.1.5.59509.5.1.7.3.12
1.1.5.59515.5.1.1.5.11.3.13
1.1.5.59529.5.1.3
1.1.5.59538.5.1
1.1.5.59541.13.3.5.2
1.1.5.59541.13.3.7.1
1.1.5.59550.5.1.5.1.7
1.1.5.59569.24.1.9
1.1.5.59696.5.1.6.4
1.1.5.59717.10.1.5.7
1.1.5.59771.5.1
1.1.5.59790.5.1.2.3.6.2
1.1.5.59796.5.1.1.6.8
1.1.5.59829.5.1.2.1
1.1.5.59881.8.1.6
1.1.5.59902.5.1.1.1.23
1.1.5.59904.5.1.4.4.30.3.33
1.1.5.60069.14.2.7.8.6.4
1.1.5.60091.11.3.4.2
1.1.5.60142.10.1.21.6.1
1.1.5.60152.15.2.12.1.3.1
1.1.5.60179.5.1.8.4.17
1.1.5.60259.5.1.15.1
1.1.5.60443.5.1.2.3.5.2.6
1.1.5.60483.3
1.1.5.60586.5.1
1.1.5.60601.5.1.2.1.2.2.6.19
1.1.5.60768.13.1.4
1.1.5.60898.15.2
1.1.5.60927.27.2.6.4.23.5
1.1.5.61004.14.2.6.1.8
1.1.5.61024.13.2.14.9.7
1.1.5.61111.15.1.14.20
1.1.5.61145.5.1.14.4.33.3.30
1.1.5.61176.33.3.4.4
1.1.5.61250.5.1.1
1.1.5.61391.14.1.23
1.1.5.61405.17.1.6
1.1.5.61571.50.2.14.25
1.1.5.61654.5.1
1.1.5.61664.5.1.16.2
1.1.5.61701.37.4
1.1.5.61702.48.2.16.2
1.1.5.61726.10.1.9
1.1.5.61737.10.2.8.11
1.1.5.61768.5.1.1.25.7
1.1.5.61769.5.1.2.2.21
1.1.5.61774.10.1.10.9
1.1.5.61936.35.1.42.10.17
1.1.5.61943.5.1.2.4.11.1.1
1.1.5.61956.5.1.4.1
1.1.5.62010.8.2.4
1.1.5.62023.5.1.1
1.1.5.62079.5.1.2.1.3
1.1.5.62112.5.1.4.4.18.1.7
1.1.5.62135.18.2.24.3.10.3
1.1.5.62307.5.1
1.1.5.62367.26.3.27.1.13.1
1.1.5.62406.5.1
1.1.5.62407.5.1
1.1.5.62416.5.1.5.1.19
1.1.5.62427.22.2.7.8.6.3
1.1.5.62461.5.1
1.1.5.62581.12.1.8
1.1.5.62603.10.1.4
1.1.5.62607.10.1.26.18
1.1.5.62626.5.1
1.1.5.62660.5.1
1.1.5.62710.10.3.12
1.1.5.62763.5.1.31.11.12
1.1.5.62790.18.1.15
1.1.5.62814.5.1.2.1.3.2.3
1.1.5.62819.15.2
1.1.5.62933.5.1.5
1.1.5.62943.13.1.10.3
1.1.5.63004.5.1.4.2.5.2
1.1.5.63019.12.1.7.15
1.1.5.63114.14.1.11.8
1.1.5.63179.22.2.30.17
1.1.5.63298.27.3.27.9
1.1.5.63315.8.4.12
1.1.5.63469.3
1.1.5.63515.15.2.5.7.15.7
1.1.5.63553.35.2
1.1.5.63581.5.1
1.1.5.63651.5.1.3.3.11.1
1.1.5.63679.3
1.1.5.63843.25.5.5
1.1.5.63917.5.1.2.6.4.1.3
1.1.5.63993.5.1.2
1.1.5.64024.21.4.10.15.11
1.1.5.64083.11.1.9
1.1.5.64195.57.2.24.1.10
1.1.5.64203.13.2.6.3.15.3.24
1.1.5.64255.5.1.3.5.27.10
1.1.5.64272.23.2
1.1.5.64361.10.4.12.5
1.1.5.64411.10.4.8.6.37
1.1.5.64446.5.1.5.1.5.5.18
1.1.5.64522.5.1
1.1.5.64605.5.1
1.1.5.64632.12.2.4.1
1.1.5.64683.5.1.4.1
1.1.5.64710.3
1.1.5.64728.5.1.6.3.40
1.1.5.64801.28.2.12.1.3.3
1.1.5.64810.14.2.7.3.4
1.1.5.64816.3
1.1.5.64852.21.3
1.1.5.64882.5.1.8
1.1.5.64915.9.1.5
1.1.5.64926.5.1.4.4.11.3.1
1.1.5.64926.5.1.5.1.7
1.1.5.64975.18.1.20.8
1.1.5.65082.5.1.6.4
1.1.5.65104.10.1.5.7
1.1.5.65155.5.1
1.1.5.65171.5.1.2.3.6.2
1.1.5.65177.5.1.1.6.8
1.1.5.65210.5.1.2.1
1.1.5.65260.8.1.6
1.1.5.65281.5.1.1.1.23
1.1.5.65283.5.1.4.4.30.3.33
1.1.5.65294.46.3
1.1.5.65452.15.3.12.11.9.1
1.1.5.65462.15
1.1.5.65483.11.3.4.2
1.1.5.65570.3
1.1.5.65654.5.1
1.1.5.65662.5.1.15.1
1.1.5.65791.5.1.2.2
1.1.5.65834.5.1
1.1.5.65835.5.1.2.5.14.1.45
1.1.5.65882.3
1.1.5.66007.13.2.4.3
1.1.5.66105.8.2.8.5
1.1.5.66155.10.2.4
1.1.5.66217.9.3.24.8
1.1.5.66298.5.1.15.7.13.3
1.1.5.66346.15.2
1.1.5.66376.27.2.6.4.23.5
1.1.5.66437.5.1.7.6.8.8
1.1.5.66454.5.1.10
1.1.5.66475.13.2.14.9.7
1.1.5.66553.15.1.14.20
1.1.5.66587.5.1.14.4.33.3.30
1.1.5.66618.33.3.4.4
1.1.5.66684.19.1.11.8
1.1.5.66762.6
1.1.5.67005.50.2.14.25
1.1.5.67086.5.1
1.1.5.67096.5.1.16.2
1.1.5.67136.8.2.19.7.3
1.1.5.67163.10.2.8.11
1.1.5.67201.5.1.1.25.17
1.1.5.67202.5.1.2.2.31
1.1.5.67207.10.1.10.9
1.1.5.67297.9.1.4.1
1.1.5.67369.35.1.42.10.17
1.1.5.67376.5.1.2.4.11.1.1
1.1.5.67442.8.2.4
1.1.5.67455.5.1.1
1.1.5.67516.5.1.2.1.3
1.1.5.67549.5.1.4.4.18.1.7
1.1.5.67572.18.2.24.3.10.3
1.1.5.67619.20.2.10.4
1.1.5.67745.5.1
1.1.5.67759.18.2.8.1.1.3
1.1.5.67850.5.1
1.1.5.67851.5.1
1.1.5.67860.5.1.5.1.19
1.1.5.67876.22.2.7.8.6.3
1.1.5.68027.12.1.8
1.1.5.68117.5.1
1.1.5.68220.5.1.7.5.21
1.1.5.68244.5.1.2.5
1.1.5.68269.18.1.15.20
1.1.5.68408.5.1.5
1.1.5.68418.13.1.10.3
1.1.5.68473.5.1.4.2.5.2
1.1.5.68487.31.4.7.1.23
1.1.5.68644.17.1.7.4.21.6
1.1.5.68650.22.2.30.17
1.1.5.68764.9.1.7.2
1.1.5.68849.3
1.1.5.69018.35.2
1.1.5.69046.5.1
1.1.5.69153.19.1.25.7
1.1.5.69161.12.1.4.5
1.1.5.69171.5.1.2.1
1.1.5.69307.15.2.12.4.12.2
1.1.5.69366.5.1.2.6.13.1.3
1.1.5.69454.12.1.6.4
1.1.5.69463.25.1.15
1.1.5.69472.42.4.10.18.11
1.1.5.69531.11.1.9
1.1.5.69540.5.1.15.1
1.1.5.69626.5.1.1.6.22.3
1.1.5.69642.17.2.8
1.1.5.69719.5.1.3.5.27.10
1.1.5.69736.23.2
1.1.5.69810.10.4.12.5
1.1.5.69845.9.1.5.11
1.1.5.69894.10.1.22.11
1.1.5.69895.15.2
1.1.5.70082.8.1.13.4
1.1.5.70171.18.2.13.10
1.1.5.70307.21.3
1.1.5.70337.5.1.8
1.1.5.70370.9.1.5
1.1.5.70383.5.1.5.5.17.4.2
1.1.5.70383.5.1.5.5.18.5.10
1.1.5.70557.10.1.5.7
1.1.5.70611.5.1
1.1.5.70630.5.1.2.3.6.2
1.1.5.70636.5.1.1.6.8
1.1.5.70717.8.1.6
1.1.5.70743.25.2.15.5.26
1.1.5.70743.34.1.4.1
1.1.5.70744.39.2.5
1.1.5.70941.11.3.4.2
1.1.5.71030.19.2.19
1.1.5.71112.5.1.13.2
1.1.5.71122.5.1.14.1
1.1.5.71314.5.1.2.3.5.2.6
1.1.5.71354.3
1.1.5.71473.13.1.6.4.7
1.1.5.71474.21.1.12
1.1.5.71546.14.2.12.21.14.2.6.29
1.1.5.71575.5.1.27.3.9.4
1.1.5.71624.23.1.4.17
1.1.5.71648.13.1.4
1.1.5.71779.15.2
1.1.5.71808.27.2.6.4.23.5
1.1.5.71901.13.2.14.9.7
1.1.5.71976.15.1.14.20
1.1.5.72010.5.1.14.4.33.3.30
1.1.5.72041.33.3.4.4
1.1.5.72115.5.1.1
1.1.5.72186.6
1.1.5.72251.42.2.7.4
1.1.5.72278.3
1.1.5.72415.50.2.14.25
1.1.5.72494.5.1
1.1.5.72504.5.1.16.2
1.1.5.72546.5.1.15.5
1.1.5.72547.14.2.22.7
1.1.5.72572.10.2.8.11
1.1.5.72600.24.2.4.1
1.1.5.72603.5.1.2.4.5.2.14
1.1.5.72607.10.1.10.9
1.1.5.72697.20.1.10.2
1.1.5.72778.35.1.42.10.17
1.1.5.72785.5.1.2.4.11.1.1
1.1.5.72897.20.2.9.6.16
1.1.5.72902.14.2.8
1.1.5.72913.9.1.6
1.1.5.72918.8.1.24.2
1.1.5.72920.5.1.29.6.5.2.4
1.1.5.72928.5.1.2.1.27
1.1.5.72938.5.1.5.1.3.3
1.1.5.72962.5.1.5
1.1.5.72967.5.1.5.1.3.1
1.1.5.73057.14.2
1.1.5.73078.5.1
1.1.5.73087.16.3.12.4.11
1.1.5.73184.5.1
1.1.5.73198.18.2.8.1.1.3
1.1.5.73290.11.2.8.7
1.1.5.73306.22.2.7.8.6.3
1.1.5.73336.5.1
1.1.5.73456.12.1.8
1.1.5.73478.10.1.4
1.1.5.73482.10.1.26.18
1.1.5.73501.5.1
1.1.5.73535.5.1
1.1.5.73635.5.1.7.5.21
1.1.5.73682.52.2.36.19.19.7.15
1.1.5.73807.5.1.5
1.1.5.73817.13.1.10.3
1.1.5.73886.31.4.7.1.25
1.1.5.74072.11.5.34
1.1.5.74181.9.1.7.2
1.1.5.74263.3
1.1.5.74392.15.2.5.7.15.7
1.1.5.74453.5.1
1.1.5.74554.19.1.25.7
1.1.5.74562.12.1.4.5
1.1.5.74572.5.1.2.1
1.1.5.74628.5.1
1.1.5.74704.15.2.12.4.12.2
1.1.5.74773.5.1.2.6.13.1.3
1.1.5.74844.5.1
1.1.5.74877.33.2.13.10.10
1.1.5.74887.5.1.13.3.9.2
1.1.5.74938.11.1.9
1.1.5.74947.5.1.15.1
1.1.5.75036.5.1.1.6.22.3
1.1.5.75067.57.2.24.1.18
1.1.5.75075.13.2.6.3.15.3.32
1.1.5.75150.5.1.1.1.2
1.1.5.75261.5.1.20.1.19
1.1.5.75305.43.2.4.3
1.1.5.75364.5.1
1.1.5.75410.21.1.12
1.1.5.75487.9.1.13.4
1.1.5.75541.5.1.4.1
1.1.5.75577.13.2.7
1.1.5.75711.21.3
1.1.5.75743.11.3.15.5
1.1.5.75758.5.1.2.2.22.7.11
1.1.5.75768.27.2.12.19.34
1.1.5.75781.19.1.12.8
1.1.5.75929.5.1.6.4
1.1.5.75947.10.1.5.7
1.1.5.76092.19
1.1.5.76104.8.1.6
1.1.5.76125.5.1.1.1.23
1.1.5.76127.5.1.4.4.30.3.33
1.1.5.76138.46.3
1.1.5.76319.11.3.4.2
1.1.5.76406.19.2.19
1.1.5.76487.5.1
1.1.5.76495.5.1.15.1
1.1.5.76639.5.1.2.2
1.1.5.76722.3
1.1.5.76826.5.1
1.1.5.76846.13.2.4.3
1.1.5.76917.14.2.12.21.14.2.6.49
1.1.5.76938.8.2.8.5
1.1.5.76987.10.2.4
1.1.5.77038.13.1.4
1.1.5.77127.5.1.5.14.13.3
1.1.5.77173.15.2
1.1.5.77202.27.2.6.4.23.5
1.1.5.77301.13.2.14.9.7
1.1.5.77381.15.1.14.20
1.1.5.77415.5.1.14.4.33.3.30
1.1.5.77446.33.3.4.4
1.1.5.77512.19.1.11.8
1.1.5.77570.14.5.9.20
1.1.5.77590.16.2.5
1.1.5.77814.50.2.14.25
1.1.5.77895.5.1
1.1.5.77905.5.1.16.2
1.1.5.77947.5.1.15.5
1.1.5.77948.14.2.22.7
1.1.5.77991.5.1.1.31.14
1.1.5.77992.5.1.2.2.28
1.1.5.77997.10.1.10.9
1.1.5.78169.35.1.42.10.17
1.1.5.78176.5.1.2.4.11.1.1
1.1.5.78252.8.2.4
1.1.5.78265.5.1.1
1.1.5.78303.9.1.6
1.1.5.78308.8.1.24.2
1.1.5.78310.5.1.29.6.5.2.4
1.1.5.78318.5.1.2.1.27
1.1.5.78328.5.1.5.1.3.3
1.1.5.78352.5.1.5
1.1.5.78436.20.2.10.4
1.1.5.78560.14.2.10.6
1.1.5.78612.26.3.27.1.13.1
1.1.5.78667.5.1
1.1.5.78668.5.1
1.1.5.78677.5.1.5.3.19.1
1.1.5.78892.5.1.2
1.1.5.78963.5.1
1.1.5.79058.5.1.7.5.21
1.1.5.79108.5.1.2.1.3.2.3
1.1.5.79210.5.1
1.1.5.79238.5.1.1
1.1.5.79318.12.1.7.15
1.1.5.79393.9.2.4.1
1.1.5.79405.11.2.11
1.1.5.79465.17.1.7.4.22.8
1.1.5.79471.22.2.30.17
1.1.5.79597.27.3.27.9
1.1.5.79612.5.1
1.1.5.79831.24.3
1.1.5.79879.5.1
1.1.5.79980.19.1.25.7
1.1.5.79988.12.1.4.5
1.1.5.79998.5.1.2.1
1.1.5.80060.5.1
1.1.5.80317.5.1
1.1.5.80354.14.2.8.3
1.1.5.80365.5.1.13.3.9.2
1.1.5.80413.11.1.9
1.1.5.80422.5.1.15.1
1.1.5.80508.5.1.1.6.22.3
1.1.5.80524.17.2.8
1.1.5.80601.5.1.3.5.27.10
1.1.5.80618.23.2
1.1.5.80685.5.1.6.1.2
1.1.5.80730.5.1.20.1.19
1.1.5.80774.43.2.4.3
1.1.5.80833.5.1
1.1.5.80866.5.1
1.1.5.80908.5.1
1.1.5.80928.8.1.13.4
1.1.5.81006.3
1.1.5.81024.5.1.6.3.40
1.1.5.81173.5.1.7.3.12
1.1.5.81179.5.1.2.6.12
1.1.5.81195.5.1.3
1.1.5.81204.5.1
1.1.5.81207.13.3.5.2
1.1.5.81207.13.3.7.1
1.1.5.81216.5.1.4.4.11.3.1
1.1.5.81216.5.1.5.1.7
1.1.5.81267.5.1.24.12.11
1.1.5.81377.5.1.6.4
1.1.5.81399.10.1.5.7
1.1.5.81453.5.1
1.1.5.81466.14.2.8.1
1.1.5.81470.10.1.13.8
1.1.5.81487.22
1.1.5.81557.8.1.6
1.1.5.81578.5.1.1.1.23
1.1.5.81580.5.1.4.4.30.3.33
1.1.5.81765.11.3.4.2
1.1.5.81852.5.1.3.3.9
1.1.5.81937.5.1.13.2
1.1.5.81947.5.1.14.1
1.1.5.82142.5.1.2.3.5.2.6
1.1.5.82286.5.1
1.1.5.82291.3
1.1.5.82306.13.2.4.3
1.1.5.82478.13.1.4
1.1.5.82601.15.2
1.1.5.82631.27.2.6.4.23.5
1.1.5.82715.10.1.4.1
1.1.5.82720.14.2.19.7
1.1.5.82743.5.1.6.3.6.4
1.1.5.82827.5.1.14.4.33.3.30
1.1.5.82858.33.3.4.4
1.1.5.82936.5.1.1
1.1.5.83082.14.1.23
1.1.5.83096.17.1.6
1.1.5.83252.50.2.14.25
1.1.5.83342.5.1.19.1.2.8
1.1.5.83368.25.1.4
1.1.5.83390.10.1.9
1.1.5.83436.11.1.6.5
1.1.5.83436.11.3.14.14
1.1.5.83443.10.1.14.9
1.1.5.83530.20.1.10.2
1.1.5.83611.35.1.42.10.17
1.1.5.83618.5.1.2.4.11.1.1
1.1.5.83684.8.2.4
1.1.5.83697.5.1.1
1.1.5.83757.5.1.2.1.3
1.1.5.83789.5.1.4.4.18.1.7
1.1.5.83881.14.2
1.1.5.83902.5.1
1.1.5.84010.14.2.10.6
1.1.5.84110.17.3.4.2
1.1.5.84124.22.2.7.8.6.3
1.1.5.84158.5.1
1.1.5.84284.10.1.4
1.1.5.84288.10.1.26.18
1.1.5.84307.5.1
1.1.5.84341.5.1
1.1.5.84447.5.1.7.5.21
1.1.5.84493.24.2.20.11
1.1.5.84635.5.1.5
1.1.5.84645.13.1.10.3
1.1.5.84714.12.2.8.3.1
1.1.5.84859.3
1.1.5.84996.9.1.7.2
1.1.5.85009.5.1
1.1.5.85047.5.1.6.2
1.1.5.85137.5.1
1.1.5.85256.5.1
1.1.5.85318.19.3.5
1.1.5.85333.34.2.12.6.4
1.1.5.85356.3
1.1.5.85422.5.1
1.1.5.85500.14.2.18.2
1.1.5.85578.5.1.2.6.13.1.3
1.1.5.85657.5.1
1.1.5.85690.33.2.13.10.10
1.1.5.85700.5.1.13.3.9.2
1.1.5.85748.11.1.9
1.1.5.85759.5.1.7.1
1.1.5.85849.5.1.1.6.22.3
1.1.5.85879.11.1.4.1
1.1.5.85894.9.2.8.19
1.1.5.85972.5.1.1.1.2
1.1.5.86092.5.1.20.1.19
1.1.5.86136.40.1.10.17.6
1.1.5.86201.5.1
1.1.5.86247.21.1.12
1.1.5.86294.5.1
1.1.5.86319.5.1.8.1.17
1.1.5.86408.18.2.13.10
1.1.5.86576.5.1.7.3.12
1.1.5.86586.5.1.1.8.6.3.8
1.1.5.86600.5.1.3
1.1.5.86609.5.1
1.1.5.86612.13.3.5.2
1.1.5.86612.13.3.7.1
1.1.5.86621.5.1.5.1.7
1.1.5.86639.9.2.12
1.1.5.86648.24.1.14
1.1.5.86668.15.2.9.1
1.1.5.86777.5.1.6.4
1.1.5.86799.10.1.5.7
1.1.5.86863.14.2.8.1
1.1.5.86867.10.1.13.8
1.1.5.86904.5.1.2.1
1.1.5.86957.8.1.6
1.1.5.86978.5.1.1.1.23
1.1.5.86980.5.1.4.4.30.3.33
1.1.5.86991.36.3
1.1.5.87160.15
1.1.5.87181.11.3.4.2
1.1.5.87263.5.1.1.1.1
1.1.5.87338.5.1
1.1.5.87346.5.1.15.1
1.1.5.87542.5.1.2.3.5.2.6
1.1.5.87582.3
1.1.5.87708.5.1.3
1.1.5.87732.6
1.1.5.87869.13.1.4
1.1.5.87993.15.2
1.1.5.88022.27.2.6.4.23.5
1.1.5.88093.5.1.10
1.1.5.88114.13.2.14.9.7
1.1.5.88204.15.1.14.20
1.1.5.88238.5.1.14.4.33.3.30
1.1.5.88269.33.3.4.4
1.1.5.88341.5.1.5.4.9
1.1.5.88392.14.5.9.21
1.1.5.88412.16.2.5
1.1.5.88467.42.2.7.4
1.1.5.88642.50.2.14.25
1.1.5.88701.5.1
1.1.5.88724.5.1
1.1.5.88734.5.1.16.2
1.1.5.88776.5.1.15.5
1.1.5.88777.14.2.22.7
1.1.5.88818.12.2.4.1
1.1.5.88821.5.1.2.4.5.2.11
1.1.5.88825.10.1.10.9
1.1.5.88939.5.1.2.2.8.5
1.1.5.88994.35.1.42.10.17
1.1.5.89001.5.1.2.4.11.1.1
1.1.5.89113.14.2.8
1.1.5.89142.5.1.2.1.3
1.1.5.89175.5.1.4.4.18.1.7
1.1.5.89198.18.2.24.3.10.3
1.1.5.89245.20.2.10.4
1.1.5.89285.16.3.12.4.20
1.1.5.89382.5.1
1.1.5.89406.5.1.4.1.1.4
1.1.5.89484.5.1
1.1.5.89485.5.1
1.1.5.89494.5.1.5.3.19.1
1.1.5.89686.5.1.2
1.1.5.89760.5.1
1.1.5.89814.10.3.12
1.1.5.89868.5.1.7.5.21
1.1.5.89895.18.1.15
1.1.5.89922.5.1.1.5.4.1.13
1.1.5.89925.15.2
1.1.5.90041.5.1.5
1.1.5.90051.13.1.10.3
1.1.5.90106.5.1.4.2.5.2
1.1.5.90121.12.1.7.15
1.1.5.90196.9.2.4.1
1.1.5.90208.11.2.11
1.1.5.90284.11.5.34
1.1.5.90387.9.1.7.2
1.1.5.90400.5.1
1.1.5.90548.3
1.1.5.90609.24.3
1.1.5.90657.5.1
1.1.5.90719.19.3.5
1.1.5.90734.34.2.12.6.4
1.1.5.90750.19.1.25.7
1.1.5.90758.12.1.4.5
1.1.5.90768.5.1.2.1
1.1.5.90825.5.1
1.1.5.90926.14.2.23.9.4.2.2.15
1.1.5.90995.5.1.2.6.13.1.3
1.1.5.91066.5.1
1.1.5.91086.12.1.6.4
1.1.5.91103.9.1.41.13
1.1.5.91113.5.1.13.3.9.2
1.1.5.91164.11.1.9
1.1.5.91173.5.1.15.1
1.1.5.91274.17.2.8
1.1.5.91351.5.1.3.5.27.10
1.1.5.91368.23.2
1.1.5.91441.5.1.39.1
1.1.5.91454.10.4.12.5
1.1.5.91485.5.1
1.1.5.91490.5.1.23
1.1.5.91502.5.1.1.12.14.4.24.16
1.1.5.91505.5.1.3.1
1.1.5.91550.5.1.5.1.5.5.43
1.1.5.91632.5.1
1.1.5.91754.5.1.10
1.1.5.91818.5.1.4.1
1.1.5.91845.3
1.1.5.91957.38
1.1.5.92027.5.1.8
1.1.5.92060.9.1.5
1.1.5.92071.5.1.5.1.7
1.1.5.92090.24.1.9
1.1.5.92110.5.1.6.5.4
1.1.5.92208.5.1.6.4
1.1.5.92237.17.1.4.2
1.1.5.92248.5.1
1.1.5.92263.5.1
1.1.5.92314.14.2.8.1
1.1.5.92318.10.1.13.8
1.1.5.92405.8.1.6
1.1.5.92431.25.2.15.5.26
1.1.5.92431.34.1.4.1
1.1.5.92432.39.2.5
1.1.5.92582.19.4.8
1.1.5.92599.11.1.4
1.1.5.92632.11.3.4.2
1.1.5.92703.5.1.2.2.27
1.1.5.92725.5.1.1.1.1
1.1.5.92809.5.1
1.1.5.92817.5.1.15.1
1.1.5.92983.5.1
1.1.5.93045.3
1.1.5.93153.13.1.6
1.1.5.93175.22.3.21.10
1.1.5.93248.14.2.12.21.14.2.6.39
1.1.5.93269.8.2.8.5
1.1.5.93318.10.2.4
1.1.5.93446.3
1.1.5.93501.15.2
1.1.5.93531.27.2.6.4.23.5
1.1.5.93610.5.1.10
1.1.5.93631.13.2.14.9.7
1.1.5.93708.11.2.4
1.1.5.93713.5.1.3.2.6.1.9.37
1.1.5.93731.26.1.13
1.1.5.93732.5.1.1.8
1.1.5.93755.3
1.1.5.93756.15.2.7.1
1.1.5.93766.33.3.4.4
1.1.5.93840.5.1.1
1.1.5.93985.8.3.4.2
1.1.5.93991.14.1.14
1.1.5.94005.17.1.6
1.1.5.94151.50.2.14.25
1.1.5.94226.11.1.4
1.1.5.94265.37.4
1.1.5.94320.12.2.4.1
1.1.5.94323.5.1.2.4.5.2.11
1.1.5.94327.10.1.10.9
1.1.5.94496.35.1.42.10.17
1.1.5.94503.5.1.2.4.11.1.1
1.1.5.94610.14.2.8
1.1.5.94639.5.1.2.1.3
1.1.5.94671.5.1.4.4.18.1.7
1.1.5.94693.18.2.24.3.10.3
1.1.5.94746.20.2.10.4
1.1.5.94869.14.2.10.6
1.1.5.94973.5.1
1.1.5.94974.5.1
1.1.5.94983.5.1.5.3.19.1
1.1.5.95150.12.1.8
1.1.5.95172.10.1.4
1.1.5.95176.10.1.26.18
1.1.5.95195.5.1
1.1.5.95229.5.1
1.1.5.95300.14.2.6.3
1.1.5.95315.5.1.11.10.45.2
1.1.5.95328.11.1.4
1.1.5.95524.32.2.4.9
1.1.5.95527.5.1.5
1.1.5.95537.13.1.10.3
1.1.5.95592.5.1.4.2.5.2
1.1.5.95606.12.2.8.3.1
1.1.5.95684.9.2.4.1
1.1.5.95696.11.2.11
1.1.5.95757.17.1.30.10.1.1
1.1.5.95763.22.2.30.17
1.1.5.95879.9.1.7.2
1.1.5.95945.32.1.4
1.1.6.143.35.2
1.1.6.171.5.1
1.1.6.272.19.1.25.7
1.1.6.280.12.1.4.5
1.1.6.290.5.1.2.1
1.1.6.429.15.2.12.4.12.2
1.1.6.488.5.1.2.6.13.1.3
1.1.6.530.5.1.2.2.29.2.7
1.1.6.574.12.1.6.4
1.1.6.583.25.1.15
1.1.6.592.42.4.10.18.11
1.1.6.654.11.1.9
1.1.6.665.5.1.7.1
1.1.6.766.17.2.8
1.1.6.843.5.1.3.5.27.10
1.1.6.860.23.2
1.1.6.922.5.1.6.1.2
1.1.6.957.5.1.20.1.17
1.1.6.967.34.1.4.7.4
1.1.6.971.5.1.3.1
1.1.6.1016.5.1.5.1.5.5.28
1.1.6.1124.8.1.8.10
1.1.6.1131.10.2.13
1.1.6.1159.15.3.31.1.2.2
1.1.6.1170.5.1
1.1.6.1191.5.1.10
1.1.6.1283.3
1.1.6.1301.5.1.6.3.41
1.1.6.1383.28.2.12.1.3.3
1.1.6.1392.14.2.7.3.4
1.1.6.1398.3
1.1.6.1434.21.3
1.1.6.1464.5.1.8
1.1.6.1497.9.1.5
1.1.6.1508.5.1.4.4.11.3.1
1.1.6.1508.5.1.5.1.7
1.1.6.1559.5.1.24.12.11
1.1.6.1669.5.1.6.4
1.1.6.1695.17.1.4.2
1.1.6.1706.5.1
1.1.6.1721.5.1
1.1.6.1770.10.1.13.8
1.1.6.1840.5.1.6.4
1.1.6.1875.14.2.8.12
1.1.6.1878.5.1
1.1.6.1879.5.1.2
1.1.6.2062.15
1.1.6.2083.11.3.4.2
1.1.6.2129.10.1.21.6.1
1.1.6.2163.3
1.1.6.2247.5.1
1.1.6.2255.5.1.15.1
1.1.6.2429.5.1
1.1.6.2491.3
1.1.6.2596.13.1.6
1.1.6.2689.14.2.12.21.14.2.6.31
1.1.6.2718.5.1.27.3.9.4
1.1.6.2859.16.2.21.8.1.2
1.1.6.2911.15.2
1.1.6.2940.27.2.6.4.23.5
1.1.6.3001.5.1.7.6.8.8
1.1.6.3019.5.1.10
1.1.6.3040.13.2.14.9.7
1.1.6.3120.15.1.14.20
1.1.6.3154.5.1.14.4.33.3.30
1.1.6.3185.33.3.4.4
1.1.6.3262.8.1.6.3.18
1.1.6.3332.6
1.1.6.3371.3
1.1.6.3565.50.2.14.25
1.1.6.3653.5.1.19.1.2.8
1.1.6.3686.5.1.15.5
1.1.6.3687.14.2.22.7
1.1.6.3712.10.2.8.11
1.1.6.3745.5.1.1.25.12
1.1.6.3746.5.1.2.2.26
1.1.6.3751.10.1.10.9
1.1.6.3841.9.1.4.1
1.1.6.3864.11.1.41
1.1.6.3917.35.1.42.10.17
1.1.6.3924.5.1.2.4.11.1.1
1.1.6.3990.8.2.4
1.1.6.4003.5.1.1
1.1.6.4064.5.1.2.1.3
1.1.6.4096.5.1.4.4.18.1.7
1.1.6.4118.18.2.24.3.10.3
1.1.6.4165.20.2.10.4
1.1.6.4294.5.1
1.1.6.4308.18.2.8.1.1.3
1.1.6.4406.5.1
1.1.6.4407.5.1
1.1.6.4416.5.1.5.1.19
1.1.6.4428.5.1.2.1
1.1.6.4567.12
1.1.6.4637.5.1.2
1.1.6.4711.5.1
1.1.6.4812.5.1.7.5.21
1.1.6.4835.19.3.12
1.1.6.4863.5.1.2.1.3.2.3
1.1.6.4992.5.1.5
1.1.6.5002.13.1.10.3
1.1.6.5092.31.4.7.1.25
1.1.6.5257.11.5.34
1.1.6.5366.9.1.7.2
1.1.6.5379.5.1
1.1.6.5432.32.1.4
1.1.6.5444.5.1.2.1.4.1
1.1.6.5530.5.1
1.1.6.5556.3
1.1.6.5671.5.1
1.1.6.5742.5.1.3.11.20.1
1.1.6.5770.3
1.1.6.5836.5.1
1.1.6.5919.15.2.12.4.12.2
1.1.6.5986.5.1.2.6.4.1.3
1.2.143.2.1.12.1
1.2.155.4.2.5
1.2.184.8.4.23.5
1.2.276.10.5.30.4.15.4
1.2.451.2.1
1.2.464.2.1.1
1.2.471.4.2.4.3
1.2.483.14.7.11.2.4.2.3
1.2.545.8.4.4.2.37.2
1.2.563.2.1
1.2.709.2.1.4
1.2.745.2.1.6.5.7
1.2.755.6.3.22.1.16.5
1.2.772.2.1.8.4.10.1.5.1
1.2.833.4.2.6.5.28.11.11
1.2.990.4.2
1.2.997.5
1.2.1120.16.8.14.5.7
1.2.1127.4.2.3.1
1.2.1250.2.1
1.2.1284.6.3.8.6.24
1.2.1325.2.1
1.2.1335.2.1.20.3.11.4
1.2.1424.10.5.19.2
1.2.1571.6.3.9
1.2.1596.4.2.13.3.3
1.2.1615.4.2
1.2.1633.2.1.5.2.13.3.36
1.2.1682.14.7.27
1.2.1695.2.1
1.2.1864.4.2.5.2
1.2.1908.2.1.5.1.2
1.2.2010.12.6
1.2.2018.2.1.7.4.10
1.2.2130.9
1.2.2173.24.12.39.13.56
1.2.2391.3
1.2.2473.4.2.5.3
1.2.2576.2.1.1.1.4.1
1.2.2668.4.2.3.3.7.2
1.2.2700.2.1.12.1.1
1.2.2768.9
1.2.2875.10.5
1.2.2883.6.3
1.2.2944.2.1
1.2.3066.15
1.2.3254.2.1
1.2.3306.6.3.10.1.2.1
1.2.3336.6.3.6.3.20.1.9
1.2.3442.10.5.29.5
1.2.3483.12.6.33.1.43.6.14
1.2.3579.2.1
1.2.3692.10.5.10
1.2.3879.8.4.14.1.2.2
1.2.4008.2.1.3.1.3
1.2.4044.6.3.13.1.6.3.21
1.2.4163.4.2.5
1.2.4212.6.3
1.2.4249.4.2.4.3.5
1.2.4354.4.2.3.1.1.9.9
1.2.4418.4.2.6.4
1.2.4552.6.3.10.4
1.2.4742.2.1.2.1
1.2.4819.14.7.16.5.19.5.2
1.2.5099.2.1.1.1.1.6.10
1.2.5099.2.1.3.1.3.8.19
1.2.5111.2.1.2.1.15.3.39
1.2.5130.4.2.7.2.4.3
1.2.5140.7
1.2.5182.2.1.2.2.2
1.2.5325.6.3.5.11
1.2.5378.4.2.7.6.20.3
1.2.5413.3
1.2.5562.6.3.15.7.17
1.2.5611.15
1.2.5633.2.1.3.1.3.3
1.2.5675.4.2.29.2.13.1.3
1.2.5991.2.1.11.6
1.5.54.20.2.1.4.2.5.2
1.5.101.5.2.1.3.1
1.5.211.8.2.1.5.3.14.5
1.5.353.7.2.1.3.2.4
1.5.466.12.2.1.3.1.1.3
1.5.505.6.2.1.2.2.2
1.5.600.9.2.1.8
1.5.694.13.2.1
1.5.698.8.2.1
1.5.808.13.2.1.12
1.5.826.7.2.1.15.2.5.3.32
1.5.864.8.2.1.1.1
1.5.931.7.2.1.13
1.5.1041.11.2.1.4.3.11
1.5.1074.9.2.1.1.1.16.7.13
1.5.1136.6.2.1.8.3.18
1.5.1306.8.2.1.2.2
1.5.1358.11.2.1.18.2.2
1.5.1367.10.2.1.32.1
1.5.1500.11.2.1.6
1.5.1502.13.2.1
1.5.1523.7.2.1
1.5.1531.28.2.1.19.2.5.2
1.5.1695.6.2.1.9
1.5.1712.13.2.1.9.2.3.1.1
1.5.1715.5.2.1.16.6.19.5.20
1.5.1727.7.2.1.12
1.5.1973.7.2.1
1.5.1974.8.2.1
1.5.2014.6.2.1.30.2.6.1.3
1.5.2081.10.2.1.4.1
1.5.2246.13.2.1.1.1.4
1.5.2246.13.2.1.3.3.14.2
1.5.2246.13.2.1.3.3.15.1.3
1.5.2453.10.2.1.4.1
1.5.2608.12.2.1.7.1.1
1.5.2667.11.2.1
1.5.2724.16.2.1.2.2.2
1.5.2786.12.2.1.3.1.2.2
1.5.2952.7.2.1.10
1.5.2975.11.2.1.4.3.6.2
1.5.3167.9.2.1
1.5.3187.15.2.1
1.5.3258.8.2.1.3.1.2.1
1.5.3522.19.2.1
1.5.3536.6.2.1.2.2
1.5.3627.7.2.1
1.5.3719.38.2.1.12.1.6.1.7
1.5.3855.11.2.1.5
1.5.3885.6.2.1.15.1.1.1
1.5.3920.13.2.1.11.1
1.5.4023.13.2.1.3.3.7.4.12
1.5.4124.11.2.1.35.6
1.5.4312.10.2.1.4.1
1.5.4366.16.2.1.7.1.4.3.5
1.5.4470.8.2.1.40
1.5.4609.9.2.1.1.1.15.3
1.5.4764.10.2.1.14.1.16
1.5.4765.11.2.1.1.1.25
1.5.4779.8.2.1.3
1.5.4958.5.2.1
1.5.4989.13.2.1.9.4.8
1.5.5002.6.2.1.2.2.14.4.23
1.5.5158.6.2.1.10.3.13.2.4
1.5.5176.9.2.1
1.5.5381.10.2.1.5.5.11.2.2
1.5.5418.10.2.1.25.4
1.5.5519.12.2.1.4.2.3.1
1.5.5628.6.2.1.3.6
1.5.5658.9.2.1.6.1.2.1
1.5.5678.9.2.1.3.2.4
1.5.5737.8.2.1
1.5.5930.10.2.1.11.1
1.5.6206.15.2.1.6.1.18
1.5.6235.15.2.1.5.2.11.5
1.5.6306.25.2.1.4.1.1.1
1.5.6373.6.2.1
1.5.6472.18.2.1.10.2.9.10.44
1.5.6679.8.2.1.17.2.11.1.22
1.5.6799.9.2.1.3.2.13.1
1.5.6835.13.2.1.1.1.3.1.16
1.5.7037.5.2.1.9.3.12.2
1.5.7115.8.2.1.2.2
1.5.7126.8.2.1.20.6
1.5.7244.5.2.1.3.1.25
1.5.7264.5.2.1.3.1
1.5.7383.20.2.1.16.3.11.1
1.5.7576.20.2.1.16.10.49
1.5.7592.12.2.1.3.1.1.3
1.5.7628.14.2.1.2.2.3.2.82
1.5.7722.9.2.1.8
1.5.7810.8.2.1.4.2
1.5.7825.6.2.1.2.2
1.5.7974.14.2.1.5.4.11.1.1
1.5.8010.8.2.1.1.1
1.5.8077.7.2.1.13
1.5.8218.6.2.1.7
1.5.8227.9.2.1
1.5.8291.11.2.1.5.4.51
1.5.8292.7.2.1.1.1.1
1.5.8463.8.2.1.2.2
1.5.8513.9.2.1.10
1.5.8637.18.2.1.3.2.5.1.2
1.5.8638.8.2.1.8.3.11.3
1.5.8660.7.2.1
1.5.8668.28.2.1.19.2.5.2
1.5.8734.23.2.1.12.2.7.2
1.5.8856.6.2.1.4
1.5.8873.13.2.1.9.2.3.1.1
1.5.8884.12.2.1.3
1.5.8886.15.2.1.1.1.1.1
1.5.8890.5.2.1.1.1.9.7.26
1.5.8890.5.2.1.3.1
1.5.9121.7.2.1
1.5.9122.8.2.1
1.5.9162.12.2.1.3.3.4.1.25
1.5.9348.6.2.1.3.1.1
1.5.9396.13.2.1.1.1.4
1.5.9396.13.2.1.3.3.14.2
1.5.9396.13.2.1.3.3.15.1.3
1.5.9601.10.2.1.4.1
1.5.9735.12.2.1.7.1.1
1.5.9793.7.2.1.3.2.6.3
1.5.9910.12.2.1.3.1.2.2
1.5.10307.6.2.1.5.2.23.8
1.5.10382.8.2.1.3.1.2.1
1.5.10639.7.2.1.5.1
1.5.10730.7.2.1
1.5.10826.9.2.1.10.1.11.4.8
1.5.10864.8.2.1.3.1.13
1.5.10938.14.2.1.15
1.5.10971.7.2.1
1.5.10993.13.2.1.11.1
1.5.11104.13.2.1.5.3.4
1.5.11189.10.2.1
1.5.11360.10.2.1.4.1
1.5.11413.11.2.1.8.2.7
1.5.11506.11.2.1.14.4.15
1.5.11633.9.2.1.1.1.15.3
1.5.11777.10.2.1.16.2.10.5.9
1.5.11778.7.2.1.24
1.5.11788.8.2.1.3
1.5.11997.13.2.1.9.4.8
1.5.12010.6.2.1.2.2.14.4.18
1.5.12100.8.2.1.20.7
1.5.12164.6.2.1.10.3.13.2.4
1.5.12182.9.2.1
1.5.12394.10.2.1.5.5.11.2.6
1.5.12431.10.2.1.25.4
1.5.12520.8.2.1.4.1
1.5.12531.12.2.1.4.2.3.1
1.5.12640.6.2.1.3.6
1.5.12670.9.2.1.6.1.2.1
1.5.12690.9.2.1.3.2.4
1.5.12709.7.2.1
1.5.12929.6.2.1.2.1
1.5.12936.6.2.1.10.1.1
1.5.13267.15.2.1.5.2.11.5
1.5.13357.13.2.1
1.5.13415.6.2.1
1.5.13514.15.2.1.8.2.7
1.5.13684.14.2.1.11.1.4.5
1.5.13714.6.2.1.5
1.5.13783.13.2.1.21
1.5.13831.17.2.1
1.5.13862.11.2.1.5.1.1.1.1
1.5.14067.5.2.1.9.3.12.2
1.5.14156.36.2.1.6.7.35.11
1.5.14166.8.2.1.21.6
1.5.14262.9.2.1
1.5.14412.8.2.1.5.3.14.5
1.5.14630.20.2.1.16.10.49
1.5.14646.12.2.1.3.1.1.3
1.5.14685.12.2.1.9
1.5.14780.9.2.1.8
1.5.14873.13.2.1
1.5.14877.8.2.1
1.5.15046.8.2.1.1.1
1.5.15117.9.2.1.24.11.24
1.5.15231.11.2.1.4.3.11
1.5.15333.11.2.1.5.4.47
1.5.15334.7.2.1.1.1.1
1.5.15505.8.2.1.2.2
1.5.15561.11.2.1.18.2.2
1.5.15570.10.2.1.32.1
1.5.15701.11.2.1.6
1.5.15703.13.2.1
1.5.15726.7.2.1
1.5.15734.28.2.1.19.2.5.2
1.5.15914.6.2.1.4
1.5.15930.6.2.1.2.1.3.2.5
1.5.15934.5.2.1.20.9.14.5.13
1.5.15946.7.2.1.12
1.5.16017.18.2.1
1.5.16188.7.2.1
1.5.16189.8.2.1
1.5.16229.12.2.1.3.3.4.1.25
1.5.16300.10.2.1.4.1
1.5.16343.10.2.1.29
1.5.16473.13.2.1.1.1.4
1.5.16473.13.2.1.3.3.14.2
1.5.16473.13.2.1.3.3.15.1.3
1.5.16693.10.2.1.4.1
1.5.16720.10.2.1.3.2.7
1.5.16831.12.2.1.7.1.1
1.5.16889.11.2.1
1.5.16946.16.2.1.2.2.2
1.5.17378.11.2.1.2.1
1.5.17543.12.2.1.7
1.5.17598.8.2.1.1.4.5.8
1.5.17782.7.2.1.12.1
1.5.17859.20.2.1.1.1
1.5.17886.12.2.1.35.1.1.1
1.5.17955.38.2.1.12.1.6.1.7
1.5.18084.11.2.1.5
1.5.18148.13.2.1.11.1
1.5.18251.13.2.1.3.3.7.4.12
1.5.18598.16.2.1.22.1.4.3.5
1.5.18697.8.2.1.36
1.5.18834.9.2.1.1.1.15.3
1.5.18956.10.2.1.33.1.15
1.5.18957.11.2.1.1.1.24
1.5.18971.8.2.1.3
1.5.19111.9.2.1
1.5.19183.13.2.1.9.4.8
1.5.19196.6.2.1.2.2.14.4.18
1.5.19342.6.2.1.10.3.13.2.4
1.5.19503.11.2.1.2.1.1
1.5.19565.10.2.1.5.5.11.2.6
1.5.19602.10.2.1.25.4
1.5.19688.5.2.1.1.3
1.5.19805.6.2.1.3.6
1.5.19835.9.2.1.6.1.2.1
1.5.19855.9.2.1.3.2.4
1.5.19876.6.2.1.6.4.25.5
1.5.20034.12.2.1
1.5.20095.6.2.1.2.1
1.5.20102.6.2.1.10.1.1
1.5.20392.15.2.1.6.1.18
1.5.20422.15.2.1.5.2.19.5
1.5.20493.25.2.1.4.1.1.1
1.5.20560.6.2.1
1.5.20665.18.2.1.10.2.9.10.44
1.5.20847.6.2.1.5
1.5.21002.13.2.1.1.1.3.1.41
1.5.21330.8.2.1.20.6
1.5.21465.5.2.1.3.1
1.5.21697.7.2.1.3.2.4
1.5.21810.12.2.1.3.1.1.3
1.5.21849.6.2.1.2.2.2
1.5.21937.7.2.1.15.1.3
1.5.22032.13.2.1
1.5.22036.8.2.1
1.5.22195.8.2.1.1.1
1.5.22266.9.2.1.24.11.24
1.5.22404.6.2.1.7
1.5.22413.9.2.1
1.5.22482.11.2.1.5.4.51
1.5.22483.7.2.1.1.1.1
1.5.22861.7.2.1
1.5.22869.28.2.1.18.2.5.2
1.5.23051.10.2.1.21
1.5.23079.8.2.1.11
1.5.23084.8.2.1.2.1.31.4
1.5.23089.7.2.1
1.5.23313.7.2.1
1.5.23314.8.2.1
1.5.23417.10.2.1.4.1
1.5.23460.10.2.1.29
1.5.23595.13.2.1.1.1.4
1.5.23595.13.2.1.3.3.14.2
1.5.23595.13.2.1.3.3.15.1.3
1.5.23785.10.2.1.4.1
1.5.23812.10.2.1.3.2.7
1.5.23901.17.2.1.11
1.5.23974.7.2.1.3.2.6.3
1.5.24448.10.2.1.1.10
1.5.24470.9.2.1
1.5.24620.12.2.1.7
1.5.24830.6.2.1.2.2.5.4
1.5.24922.20.2.1.1.1
1.5.24949.12.2.1.35.1.1.1
1.5.25026.8.2.1.10.2.7
1.5.25033.15.2.1.4.3
1.5.25062.12.2.1
1.5.25144.14.2.1.5
1.5.25204.13.2.1.11.1
1.5.25315.13.2.1.5.3.4
1.5.25399.11.2.1.35.6
1.5.25491.10.2.1.8.2.4.3.14
1.5.25578.10.2.1.4.1
1.5.25632.16.2.1.7.1.4.3.5
1.5.25740.8.2.1.40
1.5.25877.9.2.1.1.1.15.3
1.5.26031.10.2.1.16.2.10.5.12
1.5.26032.7.2.1.24
1.5.26042.8.2.1.3
1.5.26248.13.2.1.9.4.8
1.5.26261.6.2.1.2.2.14.4.18
1.5.26407.6.2.1.10.3.13.2.4
1.5.26425.9.2.1
1.5.26443.20.2.1.6.1.3.3
1.5.26558.11.2.1.2.1.1
1.5.26743.5.2.1.1.3
1.5.26882.9.2.1.6.1.2.1
1.5.26895.6.2.1.4
1.5.26910.7.2.1
1.5.26948.8.2.1
1.5.27066.12.2.1
1.5.27123.6.2.1.2.1
1.5.27130.6.2.1.10.1.1
1.5.27470.15.2.1.5.2.11.5
1.5.27560.13.2.1
1.5.27618.6.2.1
1.5.27889.14.2.1.11.1.4.5
1.5.27919.6.2.1.5
1.5.27985.13.2.1.21
1.5.28064.13.2.1.1.1.3.1.28
1.5.28285.5.2.1.9.3.12.2
1.5.28363.8.2.1.2.2
1.5.28374.8.2.1.20.6
1.5.28509.5.2.1.3.1
1.5.28614.8.2.1.5.3.16.5
1.5.28737.7.2.1.3.2.4
1.5.28813.20.2.1.16.10.48
1.5.28829.12.2.1.3.1.1.3
1.5.28970.9.2.1.8
1.5.29063.13.2.1
1.5.29067.8.2.1
1.5.29177.13.2.1.12
1.5.29234.8.2.1.1.1
1.5.29301.7.2.1.13
1.5.29447.9.2.1.1.1.16.7.13
1.5.29509.6.2.1.8.3.18
1.5.29528.16.2.1.6.4
1.5.29671.30.2.1
1.5.29732.7.2.1.20.3
1.5.29744.18.2.1.31
1.5.29751.7.2.1.3.1.1.1
1.5.29880.17.2.1.4.4.10
1.5.29904.7.2.1
1.5.29912.28.2.1.19.2.5.2
1.5.30008.7.2.1.22.5
1.5.30101.6.2.1.4
1.5.30120.12.2.1.3
1.5.30208.18.2.1
1.5.30379.7.2.1
1.5.30380.8.2.1
1.5.30420.6.2.1.30.2.6.1.3
1.5.30487.10.2.1.4.1
1.5.30621.6.2.1.3.1.1
1.5.30683.7.2.1.10.2.2
1.5.30888.10.2.1.4.1
1.5.30944.22.2.1
1.5.31045.12.2.1.7.1.1
1.5.31144.16.2.1.2.2.2
1.5.31210.12.2.1.3.1.2.2
1.5.31588.9.2.1
1.5.31704.8.2.1.3.1.2.1
1.5.31734.12.2.1.7
1.5.31789.8.2.1.1.4.5.8
1.5.31875.13.2.1.5.1.3
1.5.31954.19.2.1
1.5.31968.6.2.1.2.2
1.5.32059.7.2.1
1.5.32155.9.2.1.10.1.11.4.8
1.5.32193.12.2.1
1.5.32274.14.2.1.15
1.5.32338.13.2.1.11.1
1.5.32449.13.2.1.5.3.4
1.5.32536.11.2.1.35.6
1.5.32550.17.2.1.11
1.5.32626.10.2.1.8.2.4.3.14
1.5.32778.10.2.1.1.1.2.2
1.5.32806.15.2.1.2.1
1.5.32869.8.2.1.36
1.5.33008.9.2.1.1.1.15.3
1.5.33151.10.2.1.14.1.16
1.5.33152.11.2.1.1.1.25
1.5.33166.8.2.1.3
1.5.33307.9.2.1
1.5.33380.13.2.1.9.4.8
1.5.33393.6.2.1.2.2.14.4.18
1.5.33547.6.2.1.10.3.13.2.4
1.5.33765.10.2.1.5.5.11.2.6
1.5.33802.10.2.1.25.4
1.5.33888.5.2.1.1.3
1.5.34002.6.2.1.3.6
1.5.34032.9.2.1.6.1.2.1
1.5.34052.9.2.1.3.2.4
1.5.34305.10.2.1.11.1
1.5.34615.15.2.1.5.2.11.5
1.5.34705.13.2.1
1.5.34905.22.2.1.3
1.5.35122.8.2.1.17.2.11.1.22
1.5.35270.13.2.1.1.1.3.1.34
1.5.35674.9.2.1
1.5.35824.8.2.1.5.3.14.5
1.5.35959.7.2.1.3.2.4
1.5.36035.20.2.1.16.10.49
1.5.36051.12.2.1.3.1.1.3
1.5.36087.14.2.1.2.2.3.2.82
1.5.36176.9.2.1.8
1.5.36269.13.2.1
1.5.36273.8.2.1
1.5.36393.7.2.1.15.2.5.3.32
1.5.36431.8.2.1.1.1
1.5.36498.7.2.1.13
1.5.36606.6.2.1.8
1.5.36649.9.2.1.1.1.16.7.13
1.5.36703.11.2.1.5.4.47
1.5.36704.7.2.1.1.1.1
1.5.36927.11.2.1.18.2.2
1.5.36936.10.2.1.32.1
1.5.37069.11.2.1.6
1.5.37071.13.2.1
1.5.37094.7.2.1
1.5.37102.28.2.1.19.2.5.2
1.5.37201.9.2.1.1.5.14
1.5.37256.10.2.1.39.4.28
1.5.37272.8.2.1.6
1.5.37530.7.2.1
1.5.37531.8.2.1
1.5.37572.6.2.1.30.2.6.1.3
1.5.37639.10.2.1.4.1
1.5.37682.10.2.1.29
1.5.37766.6.2.1.3.1.1
1.5.37820.10.2.1.5.1.1.1.4
1.5.37820.10.2.1.6.1.3.2.16
1.5.37872.17.2.1.2.3
1.5.38029.10.2.1.4.1
1.5.38056.10.2.1.3.2.7
1.5.38221.7.2.1.3.2.6.3
1.5.38344.12.2.1.3.1.2.2
1.5.38683.10.2.1.1.10
1.5.38705.9.2.1
1.5.38722.6.2.1.5.2.23.11
1.5.38849.12.2.1.7
1.5.38904.8.2.1.1.4.5.8
1.5.38984.10.2.1.3.2.10.6.26
1.5.39067.7.2.1.12.1
1.5.39157.7.2.1
1.5.39253.8.2.1.10.2.7
1.5.39260.15.2.1.4.3
1.5.39289.12.2.1
1.5.39371.14.2.1.15
1.5.39435.13.2.1.11.1
1.5.39546.13.2.1.5.3.4
1.5.39628.10.2.1
1.5.39861.16.2.1.7.1.4.3.5
1.5.39948.11.2.1.14.4.15
1.5.39977.9.2.1.5.5
1.5.40073.9.2.1.1.1.15.3
1.5.40201.9.2.1.2
1.5.40204.9.2.1.8
1.5.40215.13.2.1.11
1.5.40417.18.2.1.3.9.16.7.12.2
1.5.40435.6.2.1.2.2.8.5.10
1.5.40592.6.2.1.10.3.13.2.4
1.5.40610.9.2.1
1.5.40810.10.2.1.5.5.11.2.6
1.5.40847.10.2.1.25.4
1.5.40931.8.2.1.4.1
1.5.40942.12.2.1.4.2.3.1
1.5.41051.6.2.1.3.6
1.5.41081.9.2.1.6.1.2.1
1.5.41100.8.2.1.3
1.5.41121.7.2.1
1.5.41271.12.2.1
1.5.41332.6.2.1.2.1
1.5.41339.6.2.1.10.1.1
1.5.41658.15.2.1.5.2.11.5
1.5.41748.13.2.1
1.5.41948.22.2.1.3
1.5.42149.23.2.1.2.2.3.1.40
1.5.42211.13.2.1.21
1.5.42259.17.2.1
1.5.42288.11.2.1.5.1.1.1.1
1.5.42517.5.2.1.9.3.12.2
1.5.42616.8.2.1.20.6
1.5.42712.9.2.1
1.5.42739.8.2.1.37.4.7.7.16
1.5.42763.5.2.1.3.1
1.5.43119.12.2.1.3.1.1.3
1.5.43158.12.2.1.9
1.5.43251.9.2.1.8
1.5.43345.13.2.1
1.5.43349.8.2.1
1.5.43460.8.2.1.4
1.5.43476.7.2.1.15.2.5.3.58
1.5.43514.8.2.1.1.1
1.5.43587.23.2.1.7
1.5.43722.6.2.1.7
1.5.43731.9.2.1
1.5.43960.30.2.1
1.5.44021.7.2.1.20.3
1.5.44186.7.2.1
1.5.44194.28.2.1.18.2.5.2
1.5.44260.23.2.1.12.2.7.2
1.5.44382.6.2.1.4
1.5.44399.13.2.1.9.2.3.1.1
1.5.44402.5.2.1.16.6.19.5.20
1.5.44414.7.2.1.12
1.5.44658.7.2.1
1.5.44659.8.2.1
1.5.44699.12.2.1.3.3.4.1.25
1.5.44776.13.2.1.7.1.3.3
1.5.44878.6.2.1.3.1.1
1.5.44937.13.2.1.1.1.4
1.5.44937.13.2.1.3.3.14.2
1.5.44937.13.2.1.3.3.15.1.3
1.5.45129.10.2.1.4.1
1.5.45321.7.2.1.3.2.6.3
1.5.45372.16.2.1.2.2.2
1.5.45616.7.2.1.10
1.5.45639.11.2.1.4.3.6.2
1.5.45824.9.2.1
1.5.45937.8.2.1.3.1.2.1
1.5.45967.12.2.1.7
1.5.46098.13.2.1.5.1.3
1.5.46180.19.2.1
1.5.46194.6.2.1.2.2
1.5.46281.20.2.1.1.1
1.5.46308.12.2.1.35.1.1.1
1.5.46385.8.2.1.10.2.7
1.5.46392.15.2.1.4.3
1.5.46421.12.2.1
1.5.46512.14.2.1.5
1.5.46572.13.2.1.11.1
1.5.46688.13.2.1.5.3.4
1.5.47028.8.2.1.2.2
1.5.47129.11.2.1.14.4.15
1.5.47259.9.2.1.1.1.15.3
1.5.47393.10.2.1.33.1.15
1.5.47394.11.2.1.1.1.24
1.5.47408.8.2.1.3
1.5.47513.8.2.1
1.5.47613.13.2.1.9.4.8
1.5.47626.6.2.1.2.2.14.4.18
1.5.47780.6.2.1.10.3.13.2.4
1.5.47798.9.2.1
1.5.48010.10.2.1.5.5.11.2.6
1.5.48047.10.2.1.25.4
1.5.48134.5.2.1.1.3
1.5.48251.6.2.1.3.6
1.5.48281.9.2.1.6.1.2.1
1.5.48294.6.2.1.4
1.5.48311.6.2.1.6.4.37.5
1.5.48521.6.2.1.2.1
1.5.48528.6.2.1.10.1.1
1.5.48822.15.2.1.6.1.8
1.5.48852.15.2.1.5.2.19.5
1.5.48942.13.2.1
1.5.49000.6.2.1
1.5.49121.18.2.1.10.2.9.10.23
1.5.49288.15.2.1.4
1.5.49310.8.2.1.17.2.11.1.22
1.5.49372.13.2.1.21
1.5.49450.13.2.1.1.1.3.1.72
1.5.49674.5.2.1.9.3.12.2
1.5.49783.8.2.1.20.6
1.5.49901.5.2.1.3.1.25
1.5.49921.5.2.1.3.1
1.5.50153.7.2.1.3.2.4
1.5.50267.7.2.1
1.5.50411.9.2.1.8
1.5.50505.13.2.1
1.5.50509.8.2.1
1.5.50619.13.2.1.12
1.5.50637.7.2.1.15.2.5.3.32
1.5.50675.8.2.1.1.1
1.5.50742.7.2.1.13
1.5.50845.6.2.1.8
1.5.50888.9.2.1.1.1.16.7.13
1.5.50942.11.2.1.5.4.47
1.5.50943.7.2.1.1.1.1
1.5.51098.30.2.1
1.5.51159.7.2.1.20.3
1.5.51171.18.2.1.31
1.5.51318.7.2.1
1.5.51326.28.2.1.19.2.5.2
1.5.51392.23.2.1.12.2.7.2
1.5.51432.7.2.1.22.5
1.5.51520.10.2.1.22.4.16
1.5.51532.8.2.1.3.1.2.1.14
1.5.51553.12.2.1.3
1.5.51555.15.2.1.1.1.1.1
1.5.51559.5.2.1.1.1.9.7.26
1.5.51559.5.2.1.3.1
1.5.51611.18.2.1
1.5.51794.7.2.1
1.5.51795.8.2.1
1.5.51835.12.2.1.3.3.4.1.25
1.5.51906.10.2.1.4.1
1.5.52020.6.2.1.3.1.1
1.5.52079.13.2.1.1.1.4
1.5.52079.13.2.1.3.3.14.2
1.5.52079.13.2.1.3.3.15.1.3
1.5.52288.10.2.1.4.1
1.5.52433.16.2.1.14.1.1
1.5.52492.7.2.1.3.2.6.3
1.5.52547.16.2.1.2.2.2
1.5.52986.10.2.1
1.5.53133.12.2.1.7
1.5.53358.7.2.1.12.1
1.5.53426.7.2.1.10.2
1.5.53443.7.2.1
1.5.53539.8.2.1.10.2.7
1.5.53546.15.2.1.4.3
1.5.53575.8.2.1.3.1.13
1.5.53662.11.2.1.5
1.5.53726.13.2.1.11.1
1.5.53829.13.2.1.3.3.7.4.12
1.5.54155.8.2.1.2.2
1.5.54197.15.2.1.2.1
1.5.54260.8.2.1.36
1.5.54300.9.2.1.5.5
1.5.54401.9.2.1.1.1.15.3
1.5.54429.8.2.1
1.5.54533.10.2.1.33.1.15
1.5.54534.11.2.1.1.1.24
1.5.54548.8.2.1.3
1.5.54760.18.2.1.3.9.16.7.12.2
1.5.54778.6.2.1.2.2.8.5.10
1.5.54932.6.2.1.10.3.13.2.4
1.5.55156.10.2.1.5.5.11.2.2
1.5.55193.10.2.1.25.4
1.5.55283.12.2.1.4.2.3.1
1.5.55416.9.2.1.6.1.2.1
1.5.55431.8.2.1.3
1.5.55452.7.2.1
1.5.55605.12.2.1
1.5.55662.6.2.1.2.1
1.5.55669.6.2.1.10.1.1
1.5.55969.15.2.1.6.1.16
1.5.55998.15.2.1.5.2.11.5
1.5.56088.13.2.1
1.5.56146.6.2.1
1.5.56245.18.2.1.10.2.9.10.44
1.5.56408.14.2.1.11.1.4.5
1.5.56437.23.2.1.2.2.3.1.40
1.5.56503.13.2.1.21
1.5.56582.13.2.1.1.1.3.1.19
1.5.56811.5.2.1.9.3.12.2
1.5.56910.8.2.1.20.6
1.5.57045.5.2.1.3.1
1.5.57150.8.2.1.5.3.14.5
1.5.57291.7.2.1.3.2.4
1.5.57367.20.2.1.16.10.49
1.5.57384.7.2.1
1.5.57424.12.2.1.9
1.5.57516.9.2.1.8
1.5.57610.13.2.1
1.5.57614.8.2.1
1.5.57721.11.2.1.7.2.4.3.19
1.5.57769.8.2.1.1.1
1.5.57952.11.2.1.2.2.24
1.5.57991.9.2.1.1.1.16.7.13
1.5.58049.11.2.1.5.4.47
1.5.58050.7.2.1.1.1.1
1.5.58208.30.2.1
1.5.58269.7.2.1.20.3
1.5.58281.18.2.1.31
1.5.58407.11.2.1.6
1.5.58409.13.2.1
1.5.58637.6.2.1.4
1.5.58653.6.2.1.2.1.3.2.5
1.5.58657.5.2.1.20.9.14.5.13
1.5.58669.7.2.1.12
1.5.58740.18.2.1
1.5.58918.7.2.1
1.5.58919.8.2.1
1.5.58960.6.2.1.30.2.6.1.3
1.5.59027.10.2.1.4.1
1.5.59197.13.2.1.1.1.4
1.5.59197.13.2.1.3.3.14.2
1.5.59197.13.2.1.3.3.15.1.3
1.5.59417.10.2.1.4.1
1.5.59444.10.2.1.3.2.7
1.5.59567.12.2.1.7.1.1
1.5.59626.7.2.1.3.2.6.3
1.5.59681.16.2.1.2.2.2
1.5.60120.9.2.1
1.5.60227.8.2.1.3.1.2.1
1.5.60257.12.2.1.7
1.5.60388.13.2.1.5.1.3
1.5.60476.6.2.1.2.2.5.4
1.5.60572.20.2.1.1.1
1.5.60599.12.2.1.35.1.1.1
1.5.60679.38.2.1.12.1.6.1.7
1.5.60810.11.2.1.5
1.5.60874.13.2.1.11.1
1.5.60985.13.2.1.5.3.4
1.5.61061.11.2.1.35.6
1.5.61153.10.2.1.8.2.4.3.14
1.5.61301.11.2.1.8.2.7
1.5.61390.11.2.1.14.4.15
1.5.61503.9.2.1.1.1.15.3
1.5.61531.8.2.1
1.5.61647.10.2.1.14.1.16
1.5.61648.11.2.1.1.1.25
1.5.61662.8.2.1.3
1.5.61805.9.2.1
1.5.61878.13.2.1.9.4.8
1.5.61891.6.2.1.2.2.14.4.18
1.5.62047.6.2.1.10.3.13.2.4
1.5.62278.10.2.1.5.5.11.2.2
1.5.62315.10.2.1.25.4
1.5.62405.12.2.1.4.2.3.1
1.5.62547.9.2.1.6.1.2.1
1.5.62566.8.2.1.3
1.5.62589.6.2.1.6.4.26.5
1.5.62828.10.2.1.11.1
1.5.62905.6.2.1.1.2.30.2
1.5.63150.15.2.1.5.2.11.5
1.5.63240.13.2.1
1.5.63440.22.2.1.3
1.5.63637.6.2.1.5
1.5.63788.13.2.1.1.1.3.1.51
1.5.64094.8.2.1.2.2
1.5.64105.8.2.1.20.6
1.5.64201.9.2.1
1.5.64228.8.2.1.37.4.7.7.16
1.5.64252.5.2.1.3.1
1.5.64363.8.2.1.5.3.14.5
1.5.64595.20.2.1.16.10.49
1.5.64612.7.2.1
1.5.64652.12.2.1.9
1.5.64738.7.2.1.15.1.3
1.5.64833.13.2.1
1.5.64837.8.2.1
1.5.64951.11.2.1.7.2.4.3.19
1.5.64958.7.2.1.8.4.19.6.10
1.5.64996.8.2.1.1.1
1.5.65063.7.2.1.13
1.5.65175.6.2.1.8
1.5.65212.14.2.1.2.1.6.2.72
1.5.65284.6.2.1.8.3.18
1.5.65303.16.2.1.6.4
1.5.65446.30.2.1
1.5.65522.11.2.1.18.2.2
1.5.65531.10.2.1.32.1
1.5.65659.11.2.1.10.3.14.2.30
1.5.65691.7.2.1
1.5.65699.28.2.1.19.2.5.2
1.5.65781.23.2.1.12.2.7.2
1.5.65898.10.2.1.22.4.16
1.5.65911.6.2.1.2.1.3.2.5
1.5.65915.5.2.1.20.9.14.5.13
1.5.65927.7.2.1.12
1.5.66165.7.2.1
1.5.66166.8.2.1
1.5.66206.6.2.1.30.2.6.1.3
1.5.66273.10.2.1.4.1
1.5.66433.13.2.1.1.1.4
1.5.66433.13.2.1.3.3.14.2
1.5.66433.13.2.1.3.3.15.1.3
1.5.66632.10.2.1.4.1
1.5.66831.11.2.1
1.5.66888.16.2.1.2.2.2
1.5.67122.7.2.1.10
1.5.67145.11.2.1.4.3.6.2
1.5.67319.10.2.1.1.10
1.5.67341.9.2.1
1.5.67457.8.2.1.3.1.2.1
1.5.67487.12.2.1.7
1.5.67619.13.2.1.5.1.3
1.5.67701.19.2.1
1.5.67715.6.2.1.2.2
1.5.67803.7.2.1
1.5.67891.38.2.1.12.1.6.1.7
1.5.68027.11.2.1.5
1.5.68057.6.2.1.15.1.1.1
1.5.68092.13.2.1.11.1
1.5.68208.13.2.1.5.3.4
1.5.68487.10.2.1.4.1
1.5.68522.8.2.1.2.2
1.5.68565.15.2.1.2.1
1.5.68628.8.2.1.36
1.5.68741.9.2.1.1.1.15.3
1.5.68865.12.2.1.20
1.5.68880.8.2.1.3
1.5.69092.13.2.1.9.4.8
1.5.69105.6.2.1.2.2.14.4.18
1.5.69266.6.2.1.10.3.13.2.4
1.5.69302.20.2.1.6.1.3.3
1.5.69697.20.2.1
1.5.69701.5.2.1.4.2.4.3.2
1.5.69709.6.2.1.3.3
1.5.69739.9.2.1.6.1.2.1
1.5.69758.8.2.1.3
1.5.69942.12.2.1
1.5.70024.10.2.1.11.1
1.5.70334.15.2.1.5.2.11.5
1.5.70424.13.2.1
1.5.70624.22.2.1.3
1.5.70782.14.2.1.11.1.4.5
1.5.70812.6.2.1.5
1.5.70878.13.2.1.21
1.5.70926.17.2.1
1.5.70959.13.2.1.1.1.3.1.50
1.5.71266.36.2.1.6.7.35.11
1.5.71276.8.2.1.21.6
1.5.71394.5.2.1.3.1.25
1.5.71414.5.2.1.3.1
1.5.71524.8.2.1.5.3.14.5
1.5.71642.14.2.1.6.6.15.1.9.25
1.5.71765.12.2.1.3.1.1.3
1.5.71901.7.2.1.15.1.3
1.5.71997.13.2.1
1.6.2.8.2.1.6.2
1.6.136.8.2.1.8
1.6.157.8.2.1.17.1.5
1.6.197.8.2.1.1.1
1.6.395.8.2.1.2.1.3.1.9
1.6.442.8.2.1.1.1.15.2
1.6.446.8.2.1.2.1.2
1.6.469.8.2.1.7.3
1.6.536.8.2.1.3.1
1.6.623.8.2.1.4.1.2.1
1.6.938.8.2.1.3.1
1.6.986.8.2.1.4.3.8.4
1.6.1046.8.2.1.4.5
1.6.1189.8.2.1.23.1.5.4.10
1.6.1201.8.2.1.9.3.16.3.22
1.6.1216.8.2.1
1.6.1219.8.2.1
1.6.1235.8.2.1.9.5.4
1.6.1298.8.2.1
1.6.1305.8.2.1.2.2.10.1.50
1.6.1488.8.2.1.9.2.10
1.6.1606.8.2.1.28
1.6.1688.8.2.1.3
1.6.1708.8.2.1.34.12
1.6.1740.8.2.1.2.1
1.6.1740.8.2.1.3.1.2
1.6.1833.8.2.1.6.2.5.1.1
1.6.1834.8.2.1.1
1.6.2039.8.2.1.8.4
1.6.2062.8.2.1.4.1.7
1.6.2204.8.2.1.3.1
1.6.2322.8.2.1.38.6
1.6.2382.8.2.1
1.6.2387.8.2.1.2.1
1.6.2519.8.2.1.20.1.12.1
1.6.2588.8.2.1.11
1.6.2778.8.2.1.4.4
1.6.2848.8.2.1.12.1.2.2.51.75
1.6.2997.8.2.1.28.1.10.2.11
1.6.3168.8.2.1.3.1.1
1.6.3245.8.2.1
1.6.3265.8.2.1.5.1.4.8
1.6.3310.8.2.1.5.3
1.6.3345.8.2.1.4.1
1.6.3473.8.2.1.3
1.6.3510.8.2.1.33.3.24.3.43
1.6.3626.8.2.1.13.1.6
1.6.3677.8.2.1
1.6.3722.8.2.1.5.4.11.1
1.6.3860.8.2.1.38.3.32.7.20
1.6.4346.8.2.1
1.6.4467.8.2.1.12.2
1.6.4585.8.2.1.9.1.14.1.1
1.6.4590.8.2.1.12
1.6.4601.8.2.1.12.6.19
1.6.4616.8.2.1.7.4
1.6.4721.8.2.1
1.6.4745.8.2.1
1.6.4780.8.2.1.3.5
1.6.4788.8.2.1
1.6.4862.8.2.1.2.1.1.1
1.6.4877.8.2.1.3.5.20.1
1.6.5008.8.2.1.12.1.16
1.6.5022.8.2.1.20.1
1.6.5042.8.2.1
1.6.5065.8.2.1.9
1.6.5122.8.2.1.19
1.6.5616.8.2.1.20.9.17.1
1.6.5634.8.2.1.23
1.6.5919.8.2.1.15.2.4
1.6.5935.8.2.1.1.1.3.2
1.6.6094.8.2.1
1.6.6402.8.2.1.20.2
1.6.6429.8.2.1.4
1.6.6448.8.2.1.13.3
1.6.6579.8.2.1.8
1.6.6672.8.2.1.11.5.13.1.14
1.6.6866.8.2.1.20
1.6.6928.8.2.1.22.4.8.1
1.6.6957.8.2.1.3.2.5.4.14
1.6.7224.8.2.1.3.1
1.6.7312.8.2.1.24.2.15.9
1.6.7437.8.2.1
1.6.7602.8.2.1.33.2
1.6.7637.8.2.1.12.2.2.4
1.6.7830.8.2.1.20.1.2.2
1.6.7940.8.2.1.13.3.5
1.6.8052.8.2.1.4.1.34
1.6.8157.8.2.1.3.3.16.2
1.6.8281.8.2.1.9.14.27
1.6.8302.8.2.1.17.1.5
1.6.8342.8.2.1.1.1
1.6.8445.8.2.1.5
1.6.8551.8.2.1.12.2.4
1.6.8599.8.2.1.3.2.8.2.6
1.6.8629.8.2.1.15.8
1.6.8679.8.2.1.2.1.2.2.14
1.6.8685.8.2.1.2.1.2.5.20
1.6.8961.8.2.1.25.4.13.1.1
1.6.9045.8.2.1.53.6.15
1.6.9156.8.2.1.4.3.8.4
1.6.9216.8.2.1.4.5
1.6.9379.8.2.1.2.1.1
1.6.9401.8.2.1.2.2.18
1.6.9408.8.2.1.9.3
1.6.9410.8.2.1.16.1.25
1.6.9429.8.2.1.6
1.6.9432.8.2.1.9.5.4
1.6.9697.8.2.1.9.2.10
1.6.9802.8.2.1.12.2
1.6.9806.8.2.1.9.3.11
1.6.9941.8.2.1.15.10
1.6.9973.8.2.1.2.1
1.6.9973.8.2.1.3.1.2
1.6.10012.8.2.1.25
1.6.10072.8.2.1.9.5.4.1.1
1.6.10073.8.2.1.1
1.6.10272.8.2.1.8.4
1.6.10295.8.2.1.4.1.7
1.6.10434.8.2.1.3.1
1.6.10455.8.2.1.1.1.2.5
1.6.10611.8.2.1
1.6.10616.8.2.1.2.1
1.6.10749.8.2.1.20.1.12.1
1.6.10819.8.2.1.11
1.6.11018.8.2.1.4.4
1.6.11082.8.2.1.12.1.2.2.51.59
1.6.11229.8.2.1.28.1.10.2.11
1.6.11397.8.2.1.3.1.1
1.6.11545.8.2.1.5.3
1.6.11700.8.2.1.16.1.3
1.6.11734.8.2.1.34.3.24.3.49
1.6.11833.8.2.1.10.7
1.6.11842.8.2.1.14
1.6.11893.8.2.1
1.6.11938.8.2.1.5.4.11.1
1.6.12076.8.2.1.38.3.32.7.20
1.6.12308.8.2.1.4.1
1.6.12570.8.2.1
1.6.12679.8.2.1.2.2.12.2.9.30
1.6.12821.8.2.1.9.1.14.1.1
1.6.12826.8.2.1.12
1.6.12837.8.2.1.12.6.19
1.6.12852.8.2.1.7.4
1.6.12979.8.2.1.15.2
1.6.13000.8.2.1
1.6.13103.8.2.1.2.1.1.1
1.6.13118.8.2.1.3.5.20.1
1.6.13252.8.2.1.3.4.8
1.6.13285.8.2.1
1.6.13308.8.2.1.9
1.6.13361.8.2.1.19
1.6.13794.8.2.1.2.3
1.6.13824.8.2.1.20.9.17.1
1.6.13844.8.2.1.1.1.2.2.5
1.6.14119.8.2.1.15.2.4
1.6.14135.8.2.1.1.1.3.2
1.6.14197.8.2.1.3.3
1.6.14608.8.2.1.20.2
1.6.14649.8.2.1.4
1.6.14668.8.2.1.13.3
1.6.14916.8.2.1.11.5.13.1.14
1.6.15014.8.2.1.2.2
1.6.15107.8.2.1.16.2.35
1.6.15119.8.2.1
1.6.15167.8.2.1
1.6.15190.8.2.1.2.1.21.7.13
1.6.15238.8.2.1
1.6.15289.8.2.1.22.1
1.6.15455.8.2.1.3.1
1.6.15543.8.2.1.24.2.15.9
1.6.15670.8.2.1
1.6.15841.8.2.1.33.2
1.6.16068.8.2.1.17.1.1.1
1.6.16169.8.2.1.10.5.8
1.6.16263.8.2.1
1.6.16275.8.2.1.33.4.19
1.6.16383.8.2.1.3.3.16.2
1.6.16516.8.2.1.27.6.9
1.6.16519.8.2.1.35.4.11.1
1.6.16571.8.2.1.1.1
1.6.16673.8.2.1.5
1.6.16779.8.2.1.12.2.4
1.6.16799.8.2.1.2.1.10.5.10
1.6.16837.8.2.1.3.2.6.2.5
1.6.16867.8.2.1.15.8
1.6.16917.8.2.1.2.1.2.2.14
1.6.16923.8.2.1.2.1.2.5.20
1.6.17145.8.2.1.4.1
1.6.17167.8.2.1.1
1.6.17174.8.2.1.31.4.10.1.1
1.6.17357.8.2.1.2.1
1.6.17425.8.2.1.2.1
1.6.17425.8.2.1.4.2
1.6.17583.8.2.1.9.3.4.5.23
1.6.17606.8.2.1.2.2.18
1.6.17613.8.2.1.9.3
1.6.17615.8.2.1.16.1.25
1.6.17637.8.2.1.9.5.4
1.6.17697.8.2.1
1.6.17920.8.2.1.9.2.10
1.6.18025.8.2.1.12.2
1.6.18029.8.2.1.9.3.11
1.6.18125.8.2.1.3
1.6.18145.8.2.1.34.12
1.6.18261.8.2.1.9.3
1.6.18279.8.2.1.6.2.2.1.36
1.6.18280.8.2.1.1
1.6.18450.8.2.1.3.2.6.2
1.6.18469.8.2.1.8.4
1.6.18492.8.2.1.4.1.7
1.6.18628.8.2.1.10.5
1.6.18669.8.2.1.7.3
1.6.18767.8.2.1.38.6
1.6.18970.8.2.1.20.1.12.1
1.6.19050.8.2.1.5.2.14.1.8
1.6.19060.8.2.1.4.1
1.6.19246.8.2.1.4.4
1.6.19314.8.2.1.12.1.2.2.51.49
1.6.19322.8.2.1
1.6.19454.8.2.1.28.1.10.2.11
1.6.19769.8.2.1.5.3
1.6.19878.8.2.1.4.5
1.6.19906.8.2.1.10.7.32.1.43
1.6.19937.8.2.1.2.2.4.2.6
1.6.20028.8.2.1.13.1.6
1.6.20079.8.2.1
1.6.20124.8.2.1.5.4.11.1
1.6.20259.8.2.1.38.3.32.7.20
1.6.20556.8.2.1.16.9
1.6.20729.8.2.1.16.3.13
1.6.20751.8.2.1
1.6.20894.8.2.1.12.2
1.6.21012.8.2.1.9.1.14.1.1
1.6.21017.8.2.1.12
1.6.21028.8.2.1.12.6.19
1.6.21043.8.2.1.7.4
1.6.21176.8.2.1.15.2
1.6.21213.8.2.1.3.5
1.6.21221.8.2.1
1.6.21279.8.2.1.2.1.1.1
1.6.21294.8.2.1.3.5.20.1
1.6.21439.8.2.1.3.4.8
1.6.21472.8.2.1
1.6.21495.8.2.1.9
1.6.21548.8.2.1.19
1.6.22003.8.2.1.10.1
1.6.22019.8.2.1.14
1.6.22303.8.2.1.15.2.4
1.6.22319.8.2.1.1.1.3.2
1.6.22528.8.2.1
1.6.22802.8.2.1.20.2
1.6.22829.8.2.1.4
1.6.22848.8.2.1.13.3
1.6.22984.8.2.1.8
1.6.23095.8.2.1.11.5.13.1.14
1.6.23185.8.2.1.1
1.6.23273.8.2.1.11.4.15
1.6.23345.8.2.1.2.1.12.7.13
1.6.23391.8.2.1
1.6.23442.8.2.1.22.1
1.6.23745.8.2.1.3.3.10.2
1.6.24011.8.2.1.33.2
1.6.24046.8.2.1.12.2.2.4
1.6.24160.8.2.1.20.5.12.5.20.45
1.6.24243.8.2.1.5.1.2.2
1.6.24348.8.2.1.13.3.5
1.6.24442.8.2.1
1.6.24454.8.2.1.33.4.19
1.6.24730.8.2.1.35.4.11.1
1.6.24782.8.2.1.1.1
1.6.24884.8.2.1.5
1.6.25014.8.2.1.1.1.15.2
1.6.25018.8.2.1.2.1.2
1.6.25041.8.2.1.7.3
1.6.25099.8.2.1.15.2.2.2
1.6.25543.8.2.1.2.1
1.6.25609.8.2.1.4.5
1.6.25764.8.2.1.10
1.6.25799.8.2.1
1.6.25802.8.2.1
1.6.26089.8.2.1.9.2.10
1.6.26207.8.2.1.28
1.6.26301.8.2.1.3
1.6.26321.8.2.1.34.12
1.6.26353.8.2.1.2.1
1.6.26353.8.2.1.3.1.2
1.6.26436.8.2.1.9.3
1.6.26643.8.2.1.8.4
1.6.26666.8.2.1.4.1.7
1.6.26779.8.2.1
1.6.26810.8.2.1.2.2.2.6.23
1.6.26868.8.2.1.7.3
1.6.27094.8.2.1
1.6.27148.8.2.1.20.1.12.1
1.6.27228.8.2.1.5.2.14.1.8
1.6.27238.8.2.1.4.1
1.6.27423.8.2.1.4.4
1.6.27491.8.2.1.12.1.2.2.51.49
1.6.27499.8.2.1
1.6.27640.8.2.1.28.1.10.2.11
1.6.27855.8.2.1.11.3.8.5
1.6.27970.8.2.1.2.1
1.6.28133.8.2.1.3
1.6.28170.8.2.1.33.3.24.3.43
1.6.28281.8.2.1.10.7
1.6.28290.8.2.1.14
1.6.28341.8.2.1
1.6.28386.8.2.1.5.4.11.1
1.6.28761.8.2.1.4.1
1.6.28767.8.2.1.1.1
1.6.29004.8.2.1.16.3.13
1.6.29024.8.2.1
1.6.29150.8.2.1.12.2
1.6.29205.8.2.1
1.6.29310.8.2.1.1
1.6.29312.8.2.1.10
1.6.29321.8.2.1.3.4.13
1.6.29405.8.2.1.10.2.53
1.6.29484.8.2.1
1.6.29519.8.2.1.2.2.5.2
1.6.29591.8.2.1.2.1.1.1
1.6.29606.8.2.1.3.5.20.1
1.6.29745.8.2.1.3.4.8
1.6.29778.8.2.1
1.6.29801.8.2.1.2
1.6.29856.8.2.1.19
1.6.30280.8.2.1.2.3
1.6.30310.8.2.1.20.9.17.1
1.6.30328.8.2.1.23
1.6.30595.8.2.1.15.2.4
1.6.30611.8.2.1.1.1.3.2
1.6.30673.8.2.1.3.3
1.6.30933.8.2.1.6.1.2
1.6.31078.8.2.1.20.2
1.6.31119.8.2.1.4
1.6.31138.8.2.1.13.3
1.6.31270.8.2.1.8
1.6.31451.8.2.1.2.3
1.6.31552.8.2.1.20
1.6.31644.8.2.1.2.1.30.7.13
1.6.31897.8.2.1.9.1.22.5
1.6.31986.8.2.1.24.2.15.9
1.6.32111.8.2.1
1.6.32276.8.2.1.33.2
1.6.32311.8.2.1.12.2.2.4
1.6.32415.8.2.1.20.5.12.5.26.31
1.6.32621.8.2.1.10.5.8
1.6.32712.8.2.1
1.6.32724.8.2.1.33.4.19
1.6.32837.8.2.1.3.3.18.2
1.6.32968.8.2.1.17.1.5
1.6.33008.8.2.1.1.1
1.6.33111.8.2.1.5
1.6.33211.8.2.1.12.2.4
1.6.33263.8.2.1.3.2.8.2.6
1.6.33293.8.2.1.15.8
1.6.33343.8.2.1.2.1.2.2.14
1.6.33349.8.2.1.2.1.2.5.20
1.6.33468.8.2.1.4.1.2.1
1.6.33758.8.2.1.3.1
1.6.33866.8.2.1.4.5
1.6.34010.8.2.1.12.5.8.5.11
1.6.34033.8.2.1.2.2.18
1.6.34040.8.2.1.9.3
1.6.34042.8.2.1.16.1.25
1.6.34066.8.2.1.9.5.4
1.6.34126.8.2.1
1.6.34325.8.2.1.9.2.10
1.6.34443.8.2.1.28
1.6.34534.8.2.1.3
1.6.34554.8.2.1.34.12
1.6.34579.8.2.1.13.4.10
1.6.34662.8.2.1.9.3
1.6.34867.8.2.1.30
1.6.34886.8.2.1.10.3
1.6.34923.8.2.1.1.1
1.6.34977.8.2.1
1.6.35025.8.2.1.3.1
1.6.35140.8.2.1.38.6
1.6.35203.8.2.1
1.6.35208.8.2.1.2.1
1.6.35341.8.2.1.20.1.12.1
1.6.35421.8.2.1.5.2.14.1.8
1.6.35431.8.2.1.4.1
1.6.35617.8.2.1.4.4
1.6.35651.8.2.1
1.6.35694.8.2.1.12.1.2.2.14.43
1.6.35933.8.2.1.1.1.1
1.6.36036.8.2.1
1.6.36144.8.2.1.5.3
1.6.36182.8.2.1.4.1
1.6.36256.8.2.1.4.5
1.6.36322.8.2.1.33.3.24.3.95
1.6.36438.8.2.1.13.1.6
1.6.36489.8.2.1
1.6.36534.8.2.1.5.4.11.1
1.6.36672.8.2.1.38.3.32.7.20
1.6.36920.8.2.1.4.1
1.6.36991.8.2.1.16.9
1.6.37162.8.2.1.16.3.13
1.6.37184.8.2.1
1.6.37313.8.2.1.12.2
1.6.37333.8.2.1.2.2
1.6.37357.8.2.1.4.3.12.5
1.6.37364.8.2.1
1.6.37466.8.2.1.8.2.13.4.18
1.6.37471.8.2.1.7.3.16.7.22
1.6.37478.8.2.1.15.5.6
1.6.37556.8.2.1.10.2.53
1.6.37624.8.2.1
1.6.37659.8.2.1.2.2.5.2
1.6.37747.8.2.1.2.1.1.1
1.6.37762.8.2.1.3.5.20.1
1.6.37938.8.2.1
1.6.37965.8.2.1.9
1.6.38486.8.2.1.20.9.17.1
1.6.38503.8.2.1.23
1.6.38774.8.2.1.15.2.4
1.6.38807.8.2.1.8.1.1.4
1.6.39304.8.2.1.4
1.6.39323.8.2.1.13.3
1.6.39677.8.2.1.20.1.18
1.6.39681.8.2.1.1
1.6.39795.8.2.1
1.6.39865.8.2.1.2.1.30.7.13
1.6.39913.8.2.1
1.6.40138.8.2.1.9.1.22.5
1.6.40245.8.2.1.3.3.10.2
1.6.40349.8.2.1
1.6.40514.8.2.1.33.2
1.6.40549.8.2.1.12.2.2.4
1.6.40650.8.2.1.20.5.12.5.28.28
1.6.40739.8.2.1.20.1.2.2
1.6.40849.8.2.1.13.3.5
1.6.40943.8.2.1
1.6.40955.8.2.1.33.4.19
1.6.41240.8.2.1.27.6.9
1.6.41243.8.2.1.35.4.11.1
1.6.41253.8.2.1
1.6.41293.8.2.1.1.1
1.6.41396.8.2.1.5
1.6.41506.8.2.1.2.1.3.1.9
1.6.41554.8.2.1.3.2.8.2.6
1.6.41584.8.2.1.15.8
1.6.41645.8.2.1.3.1
1.6.41718.8.2.1.4.1.2.1
1.6.41851.8.2.1.2.2
1.6.41888.8.2.1.25.4.13.1.1
1.6.42038.8.2.1.3.1
1.6.42074.8.2.1.1.1.12.1
1.6.42079.8.2.1
1.6.42143.8.2.1.4.5
1.6.42294.8.2.1.1
1.6.42314.8.2.1.2.2.18
1.6.42321.8.2.1.9.3
1.6.42323.8.2.1.16.1.25
1.6.42345.8.2.1.9.5.4
1.6.42405.8.2.1
1.6.42413.8.2.1.1.1.12.1.2
1.6.42648.8.2.1.9.2.10
1.6.42734.8.2.1.7.4
1.6.42763.8.2.1.1
1.6.42896.8.2.1.31.12
1.6.42928.8.2.1.2.1
1.6.42928.8.2.1.3.1.2
1.6.43008.8.2.1.9.3
1.6.43212.8.2.1.8.4
1.6.43235.8.2.1.4.1.7
1.6.43376.8.2.1
1.6.43406.8.2.1.3.1
1.6.43434.8.2.1.7.3
1.6.43572.8.2.1
1.6.43577.8.2.1.2.1
1.6.43656.8.2.1
1.6.43712.8.2.1.20.1.12.1
1.6.43792.8.2.1.5.2.14.1.8
1.6.43802.8.2.1.4.1
1.6.43989.8.2.1.4.4
1.6.44053.8.2.1.12.1.2.2.51.55
1.6.44498.8.2.1.5.3
1.6.44665.8.2.1.3
1.6.44702.8.2.1.33.3.24.3.43
1.6.44801.8.2.1.10.7
1.6.44810.8.2.1.14
1.6.44861.8.2.1
1.6.44906.8.2.1.5.4.11.1
1.6.45029.8.2.1.37.3.30.7.47
1.6.45291.8.2.1.4.1
1.6.45364.8.2.1.16.9
1.6.45442.8.2.1
1.6.45520.8.2.1.16.3.13
1.6.45540.8.2.1
1.6.45649.8.2.1.12.2
1.6.45778.8.2.1.7.7.16.4.18
1.6.45782.8.2.1.7.1.1.7.22
1.6.45789.8.2.1.15.5.6
1.6.45867.8.2.1.10.2.53
1.6.45953.8.2.1
1.6.45988.8.2.1.2.2.5.2
1.6.46060.8.2.1.2.1.1.1
1.6.46075.8.2.1.3.5.20.1
1.6.46209.8.2.1.3.4.8
1.6.46242.8.2.1
1.6.46265.8.2.1.9
1.6.46736.8.2.1.42.8.25.2
1.6.46737.8.2.1
1.6.46774.8.2.1.20.9.17.1
1.6.46794.8.2.1.1.1.4.1.2
1.6.47057.8.2.1.15.2.4
1.6.47073.8.2.1.1.1.3.2
1.6.47236.8.2.1
1.6.47396.8.2.1.6.1.2
1.6.47578.8.2.1.4
1.6.47597.8.2.1.13.3
1.6.47908.8.2.1.1
1.6.48022.8.2.1
1.6.48090.8.2.1.2.1.12.7.13
1.6.48369.8.2.1.9.1.22.5
1.6.48447.8.2.1.24.2.15.9
1.6.48572.8.2.1
1.6.48743.8.2.1.33.2
1.6.48778.8.2.1.12.2.2.4
1.6.48877.8.2.1.20.5.12.5.20.33
1.6.48947.8.2.1.20.1.2.2
1.6.49053.8.2.1.10.5.8
1.6.49134.8.2.1
1.6.49146.8.2.1.33.4.19
1.6.49256.8.2.1.3.3.16.2
1.6.49409.8.2.1.27.6.9
1.6.49412.8.2.1.35.4.11.1
1.6.49422.8.2.1
1.6.49462.8.2.1.1.1
1.6.49564.8.2.1.5
1.6.49674.8.2.1.2.1.3.1.9
1.6.49721.8.2.1.1.1.15.2
1.6.49725.8.2.1.2.1.2
1.6.49748.8.2.1.7.3
1.6.49806.8.2.1.2.1.4.2.11
1.6.49812.8.2.1.2.1.2.5.17
1.6.50139.8.2.1.19.6.15
1.6.50244.8.2.1.2.1
1.6.50312.8.2.1.1.1
1.6.50312.8.2.1.3.2
1.6.50472.8.2.1.23.1.5.4.10
1.6.50494.8.2.1.11.1.4.3
1.6.50501.8.2.1
1.6.50504.8.2.1
1.6.50520.8.2.1.9.5.4
1.6.50580.8.2.1
1.6.50588.8.2.1.1.1.12.1.2
1.6.50788.8.2.1.11.1.3
1.6.50882.8.2.1.12.2
1.6.50886.8.2.1.9.3.11
1.6.50986.8.2.1.3
1.6.51006.8.2.1.34.12
1.6.51038.8.2.1.2.1
1.6.51038.8.2.1.3.1.2
1.6.51126.8.2.1.6.2.2.1.1
1.6.51127.8.2.1.1
1.6.51326.8.2.1.8.4
1.6.51349.8.2.1.4.1.7
1.6.51485.8.2.1.10.5
1.6.51613.8.2.1.38.6
1.6.51763.8.2.1
1.6.51817.8.2.1.20.1.12.1
1.6.51887.8.2.1.11
1.6.52077.8.2.1.4.4
1.6.52147.8.2.1.12.1.2.2.51.55
1.6.52453.8.2.1.1
1.6.52503.8.2.1.11.3.8.5
1.6.52602.8.2.1.5.3
1.6.52746.8.2.1.10.1.3
1.6.52780.8.2.1.34.3.24.3.49
1.6.52895.8.2.1.13.1.6
1.6.52946.8.2.1
1.6.52991.8.2.1.5.4.11.1
1.6.53110.8.2.1.37.3.30.7.41
1.6.53311.8.2.1.15.3.3.4
1.6.53355.8.2.1.4.1
1.6.53611.8.2.1.16.3.13
1.6.53631.8.2.1
1.6.53761.8.2.1.12.2
1.6.53811.8.2.1.4.3.12.4
1.6.53818.8.2.1
1.6.53919.8.2.1.7.7.16.4.18
1.6.53923.8.2.1.7.1.1.7.22
1.6.53930.8.2.1.15.5.6
1.6.54008.8.2.1.10.2.53
1.6.54089.8.2.1
1.6.54125.8.2.1.2.2.5.2
1.6.54213.8.2.1.2.1.1.1
1.6.54228.8.2.1.3.5.20.1
1.6.54230.8.2.1.1.1.2
1.6.54394.8.2.1
1.6.54417.8.2.1.9
1.6.54470.8.2.1.19
1.6.54872.8.2.1.2.3
1.6.54903.8.2.1.20.9.17.1
1.6.54920.8.2.1.23
1.6.55203.8.2.1.15.2.4
1.6.55219.8.2.1.1.1.3.2
1.6.55281.8.2.1.3.3
1.6.55694.8.2.1.20.2
1.6.55721.8.2.1.4
1.6.55740.8.2.1.13.3
1.6.55863.8.2.1.16.1.5
1.6.56079.8.2.1.2.3
1.6.56172.8.2.1.16.2.35
1.6.56258.8.2.1.3.2.5.4.14
1.6.56327.8.2.1.9.1
1.6.56476.8.2.1
1.6.56521.8.2.1.9.1.22.5
1.6.56631.8.2.1.3.3.10.2
1.6.56735.8.2.1
1.6.56898.8.2.1.33.2
1.6.56933.8.2.1.12.2.2.4
1.6.57157.8.2.1.20.1.2.2
1.6.57260.8.2.1.10.5.8
1.6.57371.8.2.1.4.1.34
1.6.57481.8.2.1.3.3.18.2
1.6.57610.8.2.1.8
1.6.57631.8.2.1.17.1.5
1.6.57669.8.2.1.1.1
1.6.57774.8.2.1.5
1.6.57880.8.2.1.12.2.4
1.6.57932.8.2.1.3.2.8.2.6
1.6.57962.8.2.1.15.8
1.6.58012.8.2.1.2.1.2.2.14
1.6.58018.8.2.1.2.1.2.5.20
1.6.58168.8.2.1
1.6.58178.8.2.1.16.4.17.1.10
1.6.58199.8.2.1.9.4.19.8
1.6.58352.8.2.1.19.6.15
1.6.58387.8.2.1.16.1
1.6.58449.8.2.1.2.1
